<?xml version="1.0" encoding="UTF-8"?>
<testsuite xmlns:xsi="http://www.w3.org/2001/XMLSchema-instance" xsi:noNamespaceSchemaLocation="https://maven.apache.org/surefire/maven-surefire-plugin/xsd/surefire-test-report-3.0.xsd" version="3.0" name="org.apache.hadoop.fs.ozone.TestSnapshotDeletingService" time="245.102" tests="3" errors="1" skipped="0" failures="0">
  <properties>
    <property name="awt.toolkit" value="sun.awt.X11.XToolkit"/>
    <property name="file.encoding.pkg" value="sun.io"/>
    <property name="java.specification.version" value="1.8"/>
    <property name="sun.cpu.isalist" value=""/>
    <property name="sun.jnu.encoding" value="UTF-8"/>
    <property name="java.class.path" value="/home/runner/work/ozone/ozone/hadoop-ozone/integration-test/target/test-classes:/home/runner/work/ozone/ozone/hadoop-ozone/integration-test/target/classes:/home/runner/.m2/repository/org/apache/ozone/ozone-common/1.4.0-SNAPSHOT/ozone-common-1.4.0-SNAPSHOT.jar:/home/runner/.m2/repository/io/grpc/grpc-netty/1.51.1/grpc-netty-1.51.1.jar:/home/runner/.m2/repository/io/grpc/grpc-core/1.51.1/grpc-core-1.51.1.jar:/home/runner/.m2/repository/com/google/android/annotations/4.1.1.4/annotations-4.1.1.4.jar:/home/runner/.m2/repository/org/codehaus/mojo/animal-sniffer-annotations/1.21/animal-sniffer-annotations-1.21.jar:/home/runner/.m2/repository/com/google/errorprone/error_prone_annotations/2.2.0/error_prone_annotations-2.2.0.jar:/home/runner/.m2/repository/io/perfmark/perfmark-api/0.25.0/perfmark-api-0.25.0.jar:/home/runner/.m2/repository/io/netty/netty-codec-http2/4.1.86.Final/netty-codec-http2-4.1.86.Final.jar:/home/runner/.m2/repository/io/netty/netty-common/4.1.86.Final/netty-common-4.1.86.Final.jar:/home/runner/.m2/repository/io/netty/netty-buffer/4.1.86.Final/netty-buffer-4.1.86.Final.jar:/home/runner/.m2/repository/io/netty/netty-codec-http/4.1.86.Final/netty-codec-http-4.1.86.Final.jar:/home/runner/.m2/repository/io/netty/netty-handler-proxy/4.1.86.Final/netty-handler-proxy-4.1.86.Final.jar:/home/runner/.m2/repository/io/netty/netty-codec-socks/4.1.86.Final/netty-codec-socks-4.1.86.Final.jar:/home/runner/.m2/repository/io/netty/netty-tcnative-boringssl-static/2.0.54.Final/netty-tcnative-boringssl-static-2.0.54.Final.jar:/home/runner/.m2/repository/io/netty/netty-tcnative-classes/2.0.54.Final/netty-tcnative-classes-2.0.54.Final.jar:/home/runner/.m2/repository/io/netty/netty-tcnative-boringssl-static/2.0.54.Final/netty-tcnative-boringssl-static-2.0.54.Final-linux-x86_64.jar:/home/runner/.m2/repository/io/netty/netty-tcnative-boringssl-static/2.0.54.Final/netty-tcnative-boringssl-static-2.0.54.Final-linux-aarch_64.jar:/home/runner/.m2/repository/io/netty/netty-tcnative-boringssl-static/2.0.54.Final/netty-tcnative-boringssl-static-2.0.54.Final-osx-x86_64.jar:/home/runner/.m2/repository/io/netty/netty-tcnative-boringssl-static/2.0.54.Final/netty-tcnative-boringssl-static-2.0.54.Final-osx-aarch_64.jar:/home/runner/.m2/repository/io/netty/netty-tcnative-boringssl-static/2.0.54.Final/netty-tcnative-boringssl-static-2.0.54.Final-windows-x86_64.jar:/home/runner/.m2/repository/org/apache/commons/commons-compress/1.21/commons-compress-1.21.jar:/home/runner/.m2/repository/org/apache/ozone/hdds-common/1.4.0-SNAPSHOT/hdds-common-1.4.0-SNAPSHOT.jar:/home/runner/.m2/repository/org/apache/ozone/hdds-client/1.4.0-SNAPSHOT/hdds-client-1.4.0-SNAPSHOT.jar:/home/runner/.m2/repository/org/apache/ozone/ozone-interface-client/1.4.0-SNAPSHOT/ozone-interface-client-1.4.0-SNAPSHOT.jar:/home/runner/.m2/repository/org/apache/hadoop/hadoop-hdfs-client/3.3.6/hadoop-hdfs-client-3.3.6.jar:/home/runner/.m2/repository/com/squareup/okhttp3/okhttp/4.9.3/okhttp-4.9.3.jar:/home/runner/.m2/repository/com/squareup/okio/okio/2.8.0/okio-2.8.0.jar:/home/runner/.m2/repository/org/jetbrains/kotlin/kotlin-stdlib-common/1.6.21/kotlin-stdlib-common-1.6.21.jar:/home/runner/.m2/repository/org/apache/ozone/hdds-test-utils/1.4.0-SNAPSHOT/hdds-test-utils-1.4.0-SNAPSHOT.jar:/home/runner/.m2/repository/com/google/guava/guava/32.0.0-jre/guava-32.0.0-jre.jar:/home/runner/.m2/repository/com/google/guava/failureaccess/1.0.1/failureaccess-1.0.1.jar:/home/runner/.m2/repository/com/google/guava/listenablefuture/9999.0-empty-to-avoid-conflict-with-guava/listenablefuture-9999.0-empty-to-avoid-conflict-with-guava.jar:/home/runner/.m2/repository/com/google/code/findbugs/jsr305/3.0.0/jsr305-3.0.0.jar:/home/runner/.m2/repository/org/checkerframework/checker-qual/3.33.0/checker-qual-3.33.0.jar:/home/runner/.m2/repository/com/google/j2objc/j2objc-annotations/2.8/j2objc-annotations-2.8.jar:/home/runner/.m2/repository/commons-io/commons-io/2.11.0/commons-io-2.11.0.jar:/home/runner/.m2/repository/commons-logging/commons-logging/1.2/commons-logging-1.2.jar:/home/runner/.m2/repository/ch/qos/reload4j/reload4j/1.2.22/reload4j-1.2.22.jar:/home/runner/.m2/repository/org/slf4j/slf4j-api/1.7.36/slf4j-api-1.7.36.jar:/home/runner/.m2/repository/org/apache/ozone/hdds-server-scm/1.4.0-SNAPSHOT/hdds-server-scm-1.4.0-SNAPSHOT.jar:/home/runner/.m2/repository/org/apache/ozone/hdds-container-service/1.4.0-SNAPSHOT/hdds-container-service-1.4.0-SNAPSHOT.jar:/home/runner/.m2/repository/org/apache/ozone/hdds-hadoop-dependency-server/1.4.0-SNAPSHOT/hdds-hadoop-dependency-server-1.4.0-SNAPSHOT.jar:/home/runner/.m2/repository/org/apache/hadoop/hadoop-hdfs/3.3.6/hadoop-hdfs-3.3.6.jar:/home/runner/.m2/repository/commons-daemon/commons-daemon/1.0.13/commons-daemon-1.0.13.jar:/home/runner/.m2/repository/org/apache/ozone/hdds-server-framework/1.4.0-SNAPSHOT/hdds-server-framework-1.4.0-SNAPSHOT.jar:/home/runner/.m2/repository/io/dropwizard/metrics/metrics-core/3.2.4/metrics-core-3.2.4.jar:/home/runner/.m2/repository/org/apache/commons/commons-text/1.10.0/commons-text-1.10.0.jar:/home/runner/.m2/repository/org/bouncycastle/bcprov-jdk15on/1.67/bcprov-jdk15on-1.67.jar:/home/runner/.m2/repository/com/google/protobuf/protobuf-java/2.5.0/protobuf-java-2.5.0.jar:/home/runner/.m2/repository/org/apache/ozone/hdds-server-framework/1.4.0-SNAPSHOT/hdds-server-framework-1.4.0-SNAPSHOT-tests.jar:/home/runner/.m2/repository/org/apache/ozone/hdds-interface-server/1.4.0-SNAPSHOT/hdds-interface-server-1.4.0-SNAPSHOT.jar:/home/runner/.m2/repository/org/apache/ozone/hdds-interface-admin/1.4.0-SNAPSHOT/hdds-interface-admin-1.4.0-SNAPSHOT.jar:/home/runner/.m2/repository/org/apache/ozone/hdds-managed-rocksdb/1.4.0-SNAPSHOT/hdds-managed-rocksdb-1.4.0-SNAPSHOT.jar:/home/runner/.m2/repository/org/rocksdb/rocksdbjni/7.7.3/rocksdbjni-7.7.3.jar:/home/runner/.m2/repository/org/slf4j/slf4j-reload4j/1.7.36/slf4j-reload4j-1.7.36.jar:/home/runner/.m2/repository/org/apache/commons/commons-configuration2/2.1.1/commons-configuration2-2.1.1.jar:/home/runner/.m2/repository/commons-fileupload/commons-fileupload/1.5/commons-fileupload-1.5.jar:/home/runner/.m2/repository/org/apache/logging/log4j/log4j-core/2.17.1/log4j-core-2.17.1.jar:/home/runner/.m2/repository/com/lmax/disruptor/3.4.2/disruptor-3.4.2.jar:/home/runner/.m2/repository/org/eclipse/jetty/jetty-util/9.4.51.v20230217/jetty-util-9.4.51.v20230217.jar:/home/runner/.m2/repository/org/eclipse/jetty/jetty-server/9.4.51.v20230217/jetty-server-9.4.51.v20230217.jar:/home/runner/.m2/repository/org/eclipse/jetty/jetty-http/9.4.51.v20230217/jetty-http-9.4.51.v20230217.jar:/home/runner/.m2/repository/org/eclipse/jetty/jetty-io/9.4.51.v20230217/jetty-io-9.4.51.v20230217.jar:/home/runner/.m2/repository/org/eclipse/jetty/jetty-servlet/9.4.51.v20230217/jetty-servlet-9.4.51.v20230217.jar:/home/runner/.m2/repository/org/eclipse/jetty/jetty-security/9.4.51.v20230217/jetty-security-9.4.51.v20230217.jar:/home/runner/.m2/repository/org/eclipse/jetty/jetty-util-ajax/9.4.51.v20230217/jetty-util-ajax-9.4.51.v20230217.jar:/home/runner/.m2/repository/org/eclipse/jetty/jetty-webapp/9.4.51.v20230217/jetty-webapp-9.4.51.v20230217.jar:/home/runner/.m2/repository/org/eclipse/jetty/jetty-xml/9.4.51.v20230217/jetty-xml-9.4.51.v20230217.jar:/home/runner/.m2/repository/org/apache/ratis/ratis-server/2.5.1/ratis-server-2.5.1.jar:/home/runner/.m2/repository/org/apache/ratis/ratis-thirdparty-misc/1.0.4/ratis-thirdparty-misc-1.0.4.jar:/home/runner/.m2/repository/org/apache/ratis/ratis-proto/2.5.1/ratis-proto-2.5.1.jar:/home/runner/.m2/repository/org/apache/ratis/ratis-common/2.5.1/ratis-common-2.5.1.jar:/home/runner/.m2/repository/org/apache/ratis/ratis-client/2.5.1/ratis-client-2.5.1.jar:/home/runner/.m2/repository/org/apache/ratis/ratis-server-api/2.5.1/ratis-server-api-2.5.1.jar:/home/runner/.m2/repository/org/apache/ratis/ratis-metrics/2.5.1/ratis-metrics-2.5.1.jar:/home/runner/.m2/repository/io/prometheus/simpleclient_dropwizard/0.7.0/simpleclient_dropwizard-0.7.0.jar:/home/runner/.m2/repository/io/prometheus/simpleclient/0.7.0/simpleclient-0.7.0.jar:/home/runner/.m2/repository/io/prometheus/simpleclient_common/0.7.0/simpleclient_common-0.7.0.jar:/home/runner/.m2/repository/com/fasterxml/jackson/datatype/jackson-datatype-jsr310/2.13.4/jackson-datatype-jsr310-2.13.4.jar:/home/runner/.m2/repository/com/fasterxml/jackson/core/jackson-core/2.13.4/jackson-core-2.13.4.jar:/home/runner/.m2/repository/com/github/spotbugs/spotbugs-annotations/3.1.12/spotbugs-annotations-3.1.12.jar:/home/runner/.m2/repository/org/apache/ozone/rocksdb-checkpoint-differ/1.4.0-SNAPSHOT/rocksdb-checkpoint-differ-1.4.0-SNAPSHOT.jar:/home/runner/.m2/repository/org/awaitility/awaitility/4.2.0/awaitility-4.2.0.jar:/home/runner/.m2/repository/org/hamcrest/hamcrest/2.1/hamcrest-2.1.jar:/home/runner/.m2/repository/org/apache/ozone/ozone-manager/1.4.0-SNAPSHOT/ozone-manager-1.4.0-SNAPSHOT.jar:/home/runner/.m2/repository/org/aspectj/aspectjrt/1.9.7/aspectjrt-1.9.7.jar:/home/runner/.m2/repository/org/aspectj/aspectjweaver/1.9.7/aspectjweaver-1.9.7.jar:/home/runner/.m2/repository/org/apache/ozone/hdds-interface-client/1.4.0-SNAPSHOT/hdds-interface-client-1.4.0-SNAPSHOT.jar:/home/runner/.m2/repository/org/apache/hadoop/thirdparty/hadoop-shaded-protobuf_3_7/1.1.1/hadoop-shaded-protobuf_3_7-1.1.1.jar:/home/runner/.m2/repository/org/apache/ozone/ozone-interface-storage/1.4.0-SNAPSHOT/ozone-interface-storage-1.4.0-SNAPSHOT.jar:/home/runner/.m2/repository/org/reflections/reflections/0.9.11/reflections-0.9.11.jar:/home/runner/.m2/repository/com/sun/jersey/jersey-client/1.19/jersey-client-1.19.jar:/home/runner/.m2/repository/org/codehaus/jackson/jackson-core-asl/1.9.13/jackson-core-asl-1.9.13.jar:/home/runner/.m2/repository/org/codehaus/jackson/jackson-mapper-asl/1.9.13/jackson-mapper-asl-1.9.13.jar:/home/runner/.m2/repository/org/codehaus/jackson/jackson-jaxrs/1.9.13/jackson-jaxrs-1.9.13.jar:/home/runner/.m2/repository/org/apache/ranger/ranger-intg/2.3.0/ranger-intg-2.3.0.jar:/home/runner/.m2/repository/org/apache/ranger/ranger-plugins-common/2.3.0/ranger-plugins-common-2.3.0.jar:/home/runner/.m2/repository/commons-lang/commons-lang/2.6/commons-lang-2.6.jar:/home/runner/.m2/repository/org/apache/ranger/ranger-plugins-cred/2.3.0/ranger-plugins-cred-2.3.0.jar:/home/runner/.m2/repository/org/apache/ranger/ranger-plugins-audit/2.3.0/ranger-plugins-audit-2.3.0.jar:/home/runner/.m2/repository/org/eclipse/jetty/jetty-client/9.4.51.v20230217/jetty-client-9.4.51.v20230217.jar:/home/runner/.m2/repository/org/apache/httpcomponents/httpmime/4.5.6/httpmime-4.5.6.jar:/home/runner/.m2/repository/org/apache/httpcomponents/httpcore-nio/4.4.13/httpcore-nio-4.4.13.jar:/home/runner/.m2/repository/org/apache/httpcomponents/httpasyncclient/4.1.3/httpasyncclient-4.1.3.jar:/home/runner/.m2/repository/com/carrotsearch/hppc/0.8.0/hppc-0.8.0.jar:/home/runner/.m2/repository/org/apache/orc/orc-core/1.5.8/orc-core-1.5.8.jar:/home/runner/.m2/repository/net/java/dev/jna/jna/5.2.0/jna-5.2.0.jar:/home/runner/.m2/repository/net/java/dev/jna/jna-platform/5.2.0/jna-platform-5.2.0.jar:/home/runner/.m2/repository/com/kstruct/gethostname4j/0.0.2/gethostname4j-0.0.2.jar:/home/runner/.m2/repository/org/apache/ranger/ranger-plugin-classloader/2.3.0/ranger-plugin-classloader-2.3.0.jar:/home/runner/.m2/repository/org/apache/ozone/hdds-rocks-native/1.4.0-SNAPSHOT/hdds-rocks-native-1.4.0-SNAPSHOT.jar:/home/runner/.m2/repository/org/apache/hadoop/hadoop-minikdc/3.3.6/hadoop-minikdc-3.3.6.jar:/home/runner/.m2/repository/org/apache/kerby/kerb-simplekdc/1.0.1/kerb-simplekdc-1.0.1.jar:/home/runner/.m2/repository/org/apache/kerby/kerb-client/1.0.1/kerb-client-1.0.1.jar:/home/runner/.m2/repository/org/apache/kerby/kerby-config/1.0.1/kerby-config-1.0.1.jar:/home/runner/.m2/repository/org/apache/kerby/kerb-common/1.0.1/kerb-common-1.0.1.jar:/home/runner/.m2/repository/org/apache/kerby/kerb-crypto/1.0.1/kerb-crypto-1.0.1.jar:/home/runner/.m2/repository/org/apache/kerby/kerb-util/1.0.1/kerb-util-1.0.1.jar:/home/runner/.m2/repository/org/apache/kerby/token-provider/1.0.1/token-provider-1.0.1.jar:/home/runner/.m2/repository/org/apache/kerby/kerb-admin/1.0.1/kerb-admin-1.0.1.jar:/home/runner/.m2/repository/org/apache/kerby/kerb-server/1.0.1/kerb-server-1.0.1.jar:/home/runner/.m2/repository/org/apache/kerby/kerb-identity/1.0.1/kerb-identity-1.0.1.jar:/home/runner/.m2/repository/org/apache/kerby/kerby-xdr/1.0.1/kerby-xdr-1.0.1.jar:/home/runner/.m2/repository/org/apache/ozone/ozone-s3gateway/1.4.0-SNAPSHOT/ozone-s3gateway-1.4.0-SNAPSHOT.jar:/home/runner/.m2/repository/org/javassist/javassist/3.21.0-GA/javassist-3.21.0-GA.jar:/home/runner/.m2/repository/org/jboss/weld/servlet/weld-servlet-shaded/3.1.9.Final/weld-servlet-shaded-3.1.9.Final.jar:/home/runner/.m2/repository/org/glassfish/jersey/containers/jersey-container-servlet-core/2.34/jersey-container-servlet-core-2.34.jar:/home/runner/.m2/repository/org/glassfish/hk2/external/jakarta.inject/2.6.1/jakarta.inject-2.6.1.jar:/home/runner/.m2/repository/org/glassfish/jersey/core/jersey-common/2.34/jersey-common-2.34.jar:/home/runner/.m2/repository/jakarta/ws/rs/jakarta.ws.rs-api/2.1.6/jakarta.ws.rs-api-2.1.6.jar:/home/runner/.m2/repository/org/glassfish/jersey/ext/cdi/jersey-cdi1x/2.34/jersey-cdi1x-2.34.jar:/home/runner/.m2/repository/org/glassfish/jersey/inject/jersey-hk2/2.34/jersey-hk2-2.34.jar:/home/runner/.m2/repository/org/glassfish/hk2/hk2-locator/2.6.1/hk2-locator-2.6.1.jar:/home/runner/.m2/repository/org/glassfish/jersey/media/jersey-media-jaxb/2.34/jersey-media-jaxb-2.34.jar:/home/runner/.m2/repository/org/glassfish/hk2/osgi-resource-locator/1.0.3/osgi-resource-locator-1.0.3.jar:/home/runner/.m2/repository/org/glassfish/hk2/hk2-api/2.5.0/hk2-api-2.5.0.jar:/home/runner/.m2/repository/org/glassfish/hk2/hk2-utils/2.5.0/hk2-utils-2.5.0.jar:/home/runner/.m2/repository/org/glassfish/hk2/external/aopalliance-repackaged/2.5.0/aopalliance-repackaged-2.5.0.jar:/home/runner/.m2/repository/com/fasterxml/jackson/dataformat/jackson-dataformat-xml/2.13.4/jackson-dataformat-xml-2.13.4.jar:/home/runner/.m2/repository/org/codehaus/woodstox/stax2-api/4.2.1/stax2-api-4.2.1.jar:/home/runner/.m2/repository/com/fasterxml/woodstox/woodstox-core/5.4.0/woodstox-core-5.4.0.jar:/home/runner/.m2/repository/com/fasterxml/jackson/module/jackson-module-jaxb-annotations/2.13.4/jackson-module-jaxb-annotations-2.13.4.jar:/home/runner/.m2/repository/jakarta/xml/bind/jakarta.xml.bind-api/2.3.3/jakarta.xml.bind-api-2.3.3.jar:/home/runner/.m2/repository/jakarta/activation/jakarta.activation-api/1.2.2/jakarta.activation-api-1.2.2.jar:/home/runner/.m2/repository/javax/enterprise/cdi-api/2.0/cdi-api-2.0.jar:/home/runner/.m2/repository/javax/el/javax.el-api/3.0.0/javax.el-api-3.0.0.jar:/home/runner/.m2/repository/javax/interceptor/javax.interceptor-api/1.2/javax.interceptor-api-1.2.jar:/home/runner/.m2/repository/javax/inject/javax.inject/1/javax.inject-1.jar:/home/runner/.m2/repository/javax/xml/bind/jaxb-api/2.3.0/jaxb-api-2.3.0.jar:/home/runner/.m2/repository/org/glassfish/jaxb/jaxb-runtime/2.3.0.1/jaxb-runtime-2.3.0.1.jar:/home/runner/.m2/repository/org/glassfish/jaxb/jaxb-core/2.3.0.1/jaxb-core-2.3.0.1.jar:/home/runner/.m2/repository/org/glassfish/jaxb/txw2/2.3.0.1/txw2-2.3.0.1.jar:/home/runner/.m2/repository/com/sun/istack/istack-commons-runtime/3.0.5/istack-commons-runtime-3.0.5.jar:/home/runner/.m2/repository/org/jvnet/staxex/stax-ex/1.7.8/stax-ex-1.7.8.jar:/home/runner/.m2/repository/com/sun/xml/fastinfoset/FastInfoset/1.2.13/FastInfoset-1.2.13.jar:/home/runner/.m2/repository/javax/activation/activation/1.1.1/activation-1.1.1.jar:/home/runner/.m2/repository/io/grpc/grpc-protobuf/1.51.1/grpc-protobuf-1.51.1.jar:/home/runner/.m2/repository/com/google/api/grpc/proto-google-common-protos/2.9.0/proto-google-common-protos-2.9.0.jar:/home/runner/.m2/repository/io/grpc/grpc-protobuf-lite/1.51.1/grpc-protobuf-lite-1.51.1.jar:/home/runner/.m2/repository/io/grpc/grpc-stub/1.51.1/grpc-stub-1.51.1.jar:/home/runner/.m2/repository/io/netty/netty-transport/4.1.86.Final/netty-transport-4.1.86.Final.jar:/home/runner/.m2/repository/io/netty/netty-resolver/4.1.86.Final/netty-resolver-4.1.86.Final.jar:/home/runner/.m2/repository/org/apache/ozone/ozone-csi/1.4.0-SNAPSHOT/ozone-csi-1.4.0-SNAPSHOT.jar:/home/runner/.m2/repository/com/google/protobuf/protobuf-java-util/3.19.6/protobuf-java-util-3.19.6.jar:/home/runner/.m2/repository/com/google/code/gson/gson/2.9.0/gson-2.9.0.jar:/home/runner/.m2/repository/org/apache/ozone/hdds-config/1.4.0-SNAPSHOT/hdds-config-1.4.0-SNAPSHOT.jar:/home/runner/.m2/repository/io/netty/netty-transport-native-epoll/4.1.86.Final/netty-transport-native-epoll-4.1.86.Final-linux-x86_64.jar:/home/runner/.m2/repository/io/netty/netty-transport-classes-epoll/4.1.86.Final/netty-transport-classes-epoll-4.1.86.Final.jar:/home/runner/.m2/repository/io/netty/netty-transport-native-unix-common/4.1.86.Final/netty-transport-native-unix-common-4.1.86.Final.jar:/home/runner/.m2/repository/org/apache/ozone/ozone-recon/1.4.0-SNAPSHOT/ozone-recon-1.4.0-SNAPSHOT.jar:/home/runner/.m2/repository/org/apache/ozone/ozone-reconcodegen/1.4.0-SNAPSHOT/ozone-reconcodegen-1.4.0-SNAPSHOT.jar:/home/runner/.m2/repository/com/google/inject/guice/5.1.0/guice-5.1.0.jar:/home/runner/.m2/repository/aopalliance/aopalliance/1.0/aopalliance-1.0.jar:/home/runner/.m2/repository/com/google/inject/extensions/guice-assistedinject/5.1.0/guice-assistedinject-5.1.0.jar:/home/runner/.m2/repository/com/google/inject/extensions/guice-servlet/5.1.0/guice-servlet-5.1.0.jar:/home/runner/.m2/repository/org/glassfish/jersey/containers/jersey-container-servlet/2.34/jersey-container-servlet-2.34.jar:/home/runner/.m2/repository/org/glassfish/hk2/guice-bridge/2.5.0/guice-bridge-2.5.0.jar:/home/runner/.m2/repository/org/glassfish/jersey/core/jersey-server/2.34/jersey-server-2.34.jar:/home/runner/.m2/repository/org/glassfish/jersey/core/jersey-client/2.34/jersey-client-2.34.jar:/home/runner/.m2/repository/jakarta/annotation/jakarta.annotation-api/1.3.5/jakarta.annotation-api-1.3.5.jar:/home/runner/.m2/repository/jakarta/validation/jakarta.validation-api/2.0.2/jakarta.validation-api-2.0.2.jar:/home/runner/.m2/repository/org/glassfish/jersey/media/jersey-media-json-jackson/2.34/jersey-media-json-jackson-2.34.jar:/home/runner/.m2/repository/org/glassfish/jersey/ext/jersey-entity-filtering/2.34/jersey-entity-filtering-2.34.jar:/home/runner/.m2/repository/org/jooq/jooq/3.11.10/jooq-3.11.10.jar:/home/runner/.m2/repository/org/jooq/jooq-meta/3.11.10/jooq-meta-3.11.10.jar:/home/runner/.m2/repository/org/jooq/jooq-codegen/3.11.10/jooq-codegen-3.11.10.jar:/home/runner/.m2/repository/com/jolbox/bonecp/0.8.0.RELEASE/bonecp-0.8.0.RELEASE.jar:/home/runner/.m2/repository/org/apache/derby/derby/10.14.2.0/derby-10.14.2.0.jar:/home/runner/.m2/repository/org/xerial/sqlite-jdbc/3.41.2.2/sqlite-jdbc-3.41.2.2.jar:/home/runner/.m2/repository/org/springframework/spring-jdbc/5.3.27/spring-jdbc-5.3.27.jar:/home/runner/.m2/repository/org/springframework/spring-beans/5.3.27/spring-beans-5.3.27.jar:/home/runner/.m2/repository/org/springframework/spring-core/5.3.27/spring-core-5.3.27.jar:/home/runner/.m2/repository/org/springframework/spring-tx/5.3.27/spring-tx-5.3.27.jar:/home/runner/.m2/repository/org/apache/ozone/ozone-client/1.4.0-SNAPSHOT/ozone-client-1.4.0-SNAPSHOT.jar:/home/runner/.m2/repository/org/apache/ozone/hdds-erasurecode/1.4.0-SNAPSHOT/hdds-erasurecode-1.4.0-SNAPSHOT.jar:/home/runner/.m2/repository/org/apache/ozone/ozone-filesystem/1.4.0-SNAPSHOT/ozone-filesystem-1.4.0-SNAPSHOT.jar:/home/runner/.m2/repository/org/apache/ozone/ozone-filesystem-common/1.4.0-SNAPSHOT/ozone-filesystem-common-1.4.0-SNAPSHOT.jar:/home/runner/.m2/repository/org/apache/ozone/ozone-tools/1.4.0-SNAPSHOT/ozone-tools-1.4.0-SNAPSHOT.jar:/home/runner/.m2/repository/com/amazonaws/aws-java-sdk-core/1.12.261/aws-java-sdk-core-1.12.261.jar:/home/runner/.m2/repository/org/apache/httpcomponents/httpclient/4.5.13/httpclient-4.5.13.jar:/home/runner/.m2/repository/org/apache/httpcomponents/httpcore/4.4.13/httpcore-4.4.13.jar:/home/runner/.m2/repository/software/amazon/ion/ion-java/1.0.2/ion-java-1.0.2.jar:/home/runner/.m2/repository/com/fasterxml/jackson/dataformat/jackson-dataformat-cbor/2.13.4/jackson-dataformat-cbor-2.13.4.jar:/home/runner/.m2/repository/joda-time/joda-time/2.10.6/joda-time-2.10.6.jar:/home/runner/.m2/repository/com/amazonaws/aws-java-sdk-s3/1.12.261/aws-java-sdk-s3-1.12.261.jar:/home/runner/.m2/repository/com/amazonaws/aws-java-sdk-kms/1.12.261/aws-java-sdk-kms-1.12.261.jar:/home/runner/.m2/repository/com/amazonaws/jmespath-java/1.12.261/jmespath-java-1.12.261.jar:/home/runner/.m2/repository/org/kohsuke/metainf-services/metainf-services/1.8/metainf-services-1.8.jar:/home/runner/.m2/repository/org/apache/ozone/hdds-tools/1.4.0-SNAPSHOT/hdds-tools-1.4.0-SNAPSHOT.jar:/home/runner/.m2/repository/org/apache/ratis/ratis-tools/2.5.1/ratis-tools-2.5.1.jar:/home/runner/.m2/repository/commons-cli/commons-cli/1.2/commons-cli-1.2.jar:/home/runner/.m2/repository/org/apache/commons/commons-lang3/3.7/commons-lang3-3.7.jar:/home/runner/.m2/repository/org/apache/ozone/ozone-manager/1.4.0-SNAPSHOT/ozone-manager-1.4.0-SNAPSHOT-tests.jar:/home/runner/.m2/repository/org/apache/ozone/hdds-common/1.4.0-SNAPSHOT/hdds-common-1.4.0-SNAPSHOT-tests.jar:/home/runner/.m2/repository/org/apache/ozone/hdds-hadoop-dependency-client/1.4.0-SNAPSHOT/hdds-hadoop-dependency-client-1.4.0-SNAPSHOT.jar:/home/runner/.m2/repository/info/picocli/picocli/4.6.1/picocli-4.6.1.jar:/home/runner/.m2/repository/com/fasterxml/jackson/core/jackson-annotations/2.13.4/jackson-annotations-2.13.4.jar:/home/runner/.m2/repository/org/apache/ozone/hdds-annotation-processing/1.4.0-SNAPSHOT/hdds-annotation-processing-1.4.0-SNAPSHOT.jar:/home/runner/.m2/repository/javax/annotation/javax.annotation-api/1.2/javax.annotation-api-1.2.jar:/home/runner/.m2/repository/org/apache/ratis/ratis-netty/2.5.1/ratis-netty-2.5.1.jar:/home/runner/.m2/repository/org/apache/ratis/ratis-grpc/2.5.1/ratis-grpc-2.5.1.jar:/home/runner/.m2/repository/org/apache/logging/log4j/log4j-api/2.17.1/log4j-api-2.17.1.jar:/home/runner/.m2/repository/org/apache/commons/commons-pool2/2.6.0/commons-pool2-2.6.0.jar:/home/runner/.m2/repository/org/bouncycastle/bcpkix-jdk15on/1.67/bcpkix-jdk15on-1.67.jar:/home/runner/.m2/repository/commons-validator/commons-validator/1.6/commons-validator-1.6.jar:/home/runner/.m2/repository/commons-beanutils/commons-beanutils/1.9.4/commons-beanutils-1.9.4.jar:/home/runner/.m2/repository/commons-digester/commons-digester/1.8.1/commons-digester-1.8.1.jar:/home/runner/.m2/repository/commons-collections/commons-collections/3.2.2/commons-collections-3.2.2.jar:/home/runner/.m2/repository/io/jaegertracing/jaeger-client/1.6.0/jaeger-client-1.6.0.jar:/home/runner/.m2/repository/io/jaegertracing/jaeger-thrift/1.6.0/jaeger-thrift-1.6.0.jar:/home/runner/.m2/repository/org/apache/thrift/libthrift/0.14.1/libthrift-0.14.1.jar:/home/runner/.m2/repository/io/jaegertracing/jaeger-core/1.6.0/jaeger-core-1.6.0.jar:/home/runner/.m2/repository/io/jaegertracing/jaeger-tracerresolver/1.6.0/jaeger-tracerresolver-1.6.0.jar:/home/runner/.m2/repository/io/opentracing/contrib/opentracing-tracerresolver/0.1.8/opentracing-tracerresolver-0.1.8.jar:/home/runner/.m2/repository/org/jetbrains/kotlin/kotlin-stdlib/1.6.21/kotlin-stdlib-1.6.21.jar:/home/runner/.m2/repository/org/jetbrains/annotations/13.0/annotations-13.0.jar:/home/runner/.m2/repository/io/opentracing/opentracing-util/0.33.0/opentracing-util-0.33.0.jar:/home/runner/.m2/repository/io/opentracing/opentracing-api/0.33.0/opentracing-api-0.33.0.jar:/home/runner/.m2/repository/io/opentracing/opentracing-noop/0.33.0/opentracing-noop-0.33.0.jar:/home/runner/.m2/repository/org/yaml/snakeyaml/2.0/snakeyaml-2.0.jar:/home/runner/.m2/repository/io/grpc/grpc-api/1.51.1/grpc-api-1.51.1.jar:/home/runner/.m2/repository/io/grpc/grpc-context/1.51.1/grpc-context-1.51.1.jar:/home/runner/.m2/repository/junit/junit/4.13.1/junit-4.13.1.jar:/home/runner/.m2/repository/org/hamcrest/hamcrest-core/1.3/hamcrest-core-1.3.jar:/home/runner/.m2/repository/org/junit/jupiter/junit-jupiter-api/5.8.2/junit-jupiter-api-5.8.2.jar:/home/runner/.m2/repository/org/opentest4j/opentest4j/1.2.0/opentest4j-1.2.0.jar:/home/runner/.m2/repository/org/junit/platform/junit-platform-commons/1.8.2/junit-platform-commons-1.8.2.jar:/home/runner/.m2/repository/org/apiguardian/apiguardian-api/1.1.2/apiguardian-api-1.1.2.jar:/home/runner/.m2/repository/org/junit/jupiter/junit-jupiter-params/5.8.2/junit-jupiter-params-5.8.2.jar:/home/runner/.m2/repository/org/junit/jupiter/junit-jupiter-migrationsupport/5.8.2/junit-jupiter-migrationsupport-5.8.2.jar:/home/runner/.m2/repository/org/junit/jupiter/junit-jupiter-engine/5.8.2/junit-jupiter-engine-5.8.2.jar:/home/runner/.m2/repository/org/junit/platform/junit-platform-engine/1.8.2/junit-platform-engine-1.8.2.jar:/home/runner/.m2/repository/org/junit/vintage/junit-vintage-engine/5.8.2/junit-vintage-engine-5.8.2.jar:/home/runner/.m2/repository/org/junit/platform/junit-platform-launcher/1.8.2/junit-platform-launcher-1.8.2.jar:/home/runner/.m2/repository/org/mockito/mockito-core/3.5.9/mockito-core-3.5.9.jar:/home/runner/.m2/repository/net/bytebuddy/byte-buddy/1.10.13/byte-buddy-1.10.13.jar:/home/runner/.m2/repository/net/bytebuddy/byte-buddy-agent/1.10.13/byte-buddy-agent-1.10.13.jar:/home/runner/.m2/repository/org/objenesis/objenesis/1.0/objenesis-1.0.jar:/home/runner/.m2/repository/org/apache/hadoop/hadoop-kms/3.3.6/hadoop-kms-3.3.6.jar:/home/runner/.m2/repository/org/apache/hadoop/hadoop-auth/3.3.6/hadoop-auth-3.3.6.jar:/home/runner/.m2/repository/com/nimbusds/nimbus-jose-jwt/9.8.1/nimbus-jose-jwt-9.8.1.jar:/home/runner/.m2/repository/com/github/stephenc/jcip/jcip-annotations/1.0-1/jcip-annotations-1.0-1.jar:/home/runner/.m2/repository/org/apache/zookeeper/zookeeper/3.5.6/zookeeper-3.5.6.jar:/home/runner/.m2/repository/org/apache/zookeeper/zookeeper-jute/3.5.6/zookeeper-jute-3.5.6.jar:/home/runner/.m2/repository/org/apache/yetus/audience-annotations/0.5.0/audience-annotations-0.5.0.jar:/home/runner/.m2/repository/org/apache/curator/curator-framework/4.2.0/curator-framework-4.2.0.jar:/home/runner/.m2/repository/org/apache/hadoop/thirdparty/hadoop-shaded-guava/1.1.1/hadoop-shaded-guava-1.1.1.jar:/home/runner/.m2/repository/com/sun/jersey/jersey-core/1.19/jersey-core-1.19.jar:/home/runner/.m2/repository/javax/ws/rs/jsr311-api/1.1.1/jsr311-api-1.1.1.jar:/home/runner/.m2/repository/com/sun/jersey/jersey-server/1.19/jersey-server-1.19.jar:/home/runner/.m2/repository/javax/servlet/javax.servlet-api/3.1.0/javax.servlet-api-3.1.0.jar:/home/runner/.m2/repository/org/apache/hadoop/hadoop-common/3.3.6/hadoop-common-3.3.6.jar:/home/runner/.m2/repository/org/apache/commons/commons-math3/3.1.1/commons-math3-3.1.1.jar:/home/runner/.m2/repository/commons-net/commons-net/3.9.0/commons-net-3.9.0.jar:/home/runner/.m2/repository/com/sun/jersey/jersey-servlet/1.19/jersey-servlet-1.19.jar:/home/runner/.m2/repository/com/github/pjfanning/jersey-json/1.20/jersey-json-1.20.jar:/home/runner/.m2/repository/org/codehaus/jettison/jettison/1.1/jettison-1.1.jar:/home/runner/.m2/repository/com/sun/xml/bind/jaxb-impl/2.2.3-1/jaxb-impl-2.2.3-1.jar:/home/runner/.m2/repository/com/google/re2j/re2j/1.1/re2j-1.1.jar:/home/runner/.m2/repository/com/jcraft/jsch/0.1.54/jsch-0.1.54.jar:/home/runner/.m2/repository/org/apache/curator/curator-client/4.2.0/curator-client-4.2.0.jar:/home/runner/.m2/repository/org/apache/curator/curator-recipes/5.2.0/curator-recipes-5.2.0.jar:/home/runner/.m2/repository/org/apache/kerby/kerb-core/1.0.1/kerb-core-1.0.1.jar:/home/runner/.m2/repository/org/apache/kerby/kerby-pkix/1.0.1/kerby-pkix-1.0.1.jar:/home/runner/.m2/repository/org/apache/kerby/kerby-asn1/1.0.1/kerby-asn1-1.0.1.jar:/home/runner/.m2/repository/org/apache/kerby/kerby-util/1.0.1/kerby-util-1.0.1.jar:/home/runner/.m2/repository/dnsjava/dnsjava/2.1.7/dnsjava-2.1.7.jar:/home/runner/.m2/repository/org/xerial/snappy/snappy-java/1.1.8.2/snappy-java-1.1.8.2.jar:/home/runner/.m2/repository/com/fasterxml/jackson/core/jackson-databind/2.13.4.2/jackson-databind-2.13.4.2.jar:/home/runner/.m2/repository/org/apache/hadoop/hadoop-kms/3.3.6/hadoop-kms-3.3.6-tests.jar:/home/runner/.m2/repository/org/apache/ozone/hdds-server-scm/1.4.0-SNAPSHOT/hdds-server-scm-1.4.0-SNAPSHOT-tests.jar:/home/runner/.m2/repository/org/apache/ozone/hdds-container-service/1.4.0-SNAPSHOT/hdds-container-service-1.4.0-SNAPSHOT-tests.jar:/home/runner/.m2/repository/com/github/luben/zstd-jni/1.5.2-5/zstd-jni-1.5.2-5.jar:/home/runner/.m2/repository/commons-codec/commons-codec/1.15/commons-codec-1.15.jar:/home/runner/.m2/repository/io/netty/netty-codec/4.1.86.Final/netty-codec-4.1.86.Final.jar:/home/runner/.m2/repository/io/netty/netty-handler/4.1.86.Final/netty-handler-4.1.86.Final.jar:/home/runner/.m2/repository/org/apache/ozone/hdds-hadoop-dependency-test/1.4.0-SNAPSHOT/hdds-hadoop-dependency-test-1.4.0-SNAPSHOT.jar:/home/runner/.m2/repository/org/apache/hadoop/hadoop-common/3.3.6/hadoop-common-3.3.6-tests.jar:/home/runner/.m2/repository/org/apache/hadoop/hadoop-hdfs/3.3.6/hadoop-hdfs-3.3.6-tests.jar:/home/runner/.m2/repository/org/assertj/assertj-core/3.12.2/assertj-core-3.12.2.jar:/home/runner/.m2/repository/org/apache/hadoop/hadoop-distcp/3.3.6/hadoop-distcp-3.3.6.jar:/home/runner/.m2/repository/org/apache/hadoop/hadoop-mapreduce-client-jobclient/3.3.6/hadoop-mapreduce-client-jobclient-3.3.6.jar:/home/runner/.m2/repository/org/apache/hadoop/hadoop-mapreduce-client-common/3.3.6/hadoop-mapreduce-client-common-3.3.6.jar:/home/runner/.m2/repository/org/apache/hadoop/hadoop-yarn-common/3.3.6/hadoop-yarn-common-3.3.6.jar:/home/runner/.m2/repository/org/apache/hadoop/hadoop-yarn-api/3.3.6/hadoop-yarn-api-3.3.6.jar:/home/runner/.m2/repository/com/sun/jersey/contribs/jersey-guice/1.19/jersey-guice-1.19.jar:/home/runner/.m2/repository/com/fasterxml/jackson/jaxrs/jackson-jaxrs-json-provider/2.13.4/jackson-jaxrs-json-provider-2.13.4.jar:/home/runner/.m2/repository/com/fasterxml/jackson/jaxrs/jackson-jaxrs-base/2.13.4/jackson-jaxrs-base-2.13.4.jar:/home/runner/.m2/repository/org/apache/hadoop/hadoop-yarn-client/3.3.6/hadoop-yarn-client-3.3.6.jar:/home/runner/.m2/repository/org/eclipse/jetty/websocket/websocket-client/9.4.51.v20230217/websocket-client-9.4.51.v20230217.jar:/home/runner/.m2/repository/org/eclipse/jetty/websocket/websocket-common/9.4.51.v20230217/websocket-common-9.4.51.v20230217.jar:/home/runner/.m2/repository/org/eclipse/jetty/websocket/websocket-api/9.4.51.v20230217/websocket-api-9.4.51.v20230217.jar:/home/runner/.m2/repository/org/jline/jline/3.9.0/jline-3.9.0.jar:/home/runner/.m2/repository/org/apache/hadoop/hadoop-mapreduce-client-core/3.3.6/hadoop-mapreduce-client-core-3.3.6.jar:/home/runner/.m2/repository/org/apache/avro/avro/1.7.7/avro-1.7.7.jar:/home/runner/.m2/repository/com/thoughtworks/paranamer/paranamer/2.3/paranamer-2.3.jar:/home/runner/.m2/repository/org/apache/hadoop/hadoop-annotations/3.3.6/hadoop-annotations-3.3.6.jar:/usr/lib/jvm/temurin-8-jdk-amd64/jre/../lib/tools.jar:/home/runner/.m2/repository/io/netty/netty/3.10.6.Final/netty-3.10.6.Final.jar:/home/runner/.m2/repository/org/apache/hadoop/hadoop-distcp/3.3.6/hadoop-distcp-3.3.6-tests.jar:/home/runner/.m2/repository/org/slf4j/jul-to-slf4j/1.7.36/jul-to-slf4j-1.7.36.jar:"/>
    <property name="java.vm.vendor" value="Temurin"/>
    <property name="sun.arch.data.model" value="64"/>
    <property name="test.build.dir" value="/home/runner/work/ozone/ozone/hadoop-ozone/integration-test/target/test-dir"/>
    <property name="test.cache.data" value=""/>
    <property name="java.vendor.url" value="https://adoptium.net/"/>
    <property name="user.timezone" value="Etc/UTC"/>
    <property name="java.vm.specification.version" value="1.8"/>
    <property name="os.name" value="Linux"/>
    <property name="test.build.data" value="/home/runner/work/ozone/ozone/hadoop-ozone/integration-test/target/test-dir"/>
    <property name="sun.java.launcher" value="SUN_STANDARD"/>
    <property name="sun.boot.library.path" value="/usr/lib/jvm/temurin-8-jdk-amd64/jre/lib/amd64"/>
    <property name="sun.java.command" value="/home/runner/work/ozone/ozone/hadoop-ozone/integration-test/target/surefire/surefirebooter5320773067448104529.jar /home/runner/work/ozone/ozone/hadoop-ozone/integration-test/target/surefire 2023-06-29T22-05-28_879-jvmRun1 surefire5654827763595462205tmp surefire_23093613969102751089tmp"/>
    <property name="native.lib.tmp.dir" value="/tmp"/>
    <property name="surefire.test.class.path" value="/home/runner/work/ozone/ozone/hadoop-ozone/integration-test/target/test-classes:/home/runner/work/ozone/ozone/hadoop-ozone/integration-test/target/classes:/home/runner/.m2/repository/org/apache/ozone/ozone-common/1.4.0-SNAPSHOT/ozone-common-1.4.0-SNAPSHOT.jar:/home/runner/.m2/repository/io/grpc/grpc-netty/1.51.1/grpc-netty-1.51.1.jar:/home/runner/.m2/repository/io/grpc/grpc-core/1.51.1/grpc-core-1.51.1.jar:/home/runner/.m2/repository/com/google/android/annotations/4.1.1.4/annotations-4.1.1.4.jar:/home/runner/.m2/repository/org/codehaus/mojo/animal-sniffer-annotations/1.21/animal-sniffer-annotations-1.21.jar:/home/runner/.m2/repository/com/google/errorprone/error_prone_annotations/2.2.0/error_prone_annotations-2.2.0.jar:/home/runner/.m2/repository/io/perfmark/perfmark-api/0.25.0/perfmark-api-0.25.0.jar:/home/runner/.m2/repository/io/netty/netty-codec-http2/4.1.86.Final/netty-codec-http2-4.1.86.Final.jar:/home/runner/.m2/repository/io/netty/netty-common/4.1.86.Final/netty-common-4.1.86.Final.jar:/home/runner/.m2/repository/io/netty/netty-buffer/4.1.86.Final/netty-buffer-4.1.86.Final.jar:/home/runner/.m2/repository/io/netty/netty-codec-http/4.1.86.Final/netty-codec-http-4.1.86.Final.jar:/home/runner/.m2/repository/io/netty/netty-handler-proxy/4.1.86.Final/netty-handler-proxy-4.1.86.Final.jar:/home/runner/.m2/repository/io/netty/netty-codec-socks/4.1.86.Final/netty-codec-socks-4.1.86.Final.jar:/home/runner/.m2/repository/io/netty/netty-tcnative-boringssl-static/2.0.54.Final/netty-tcnative-boringssl-static-2.0.54.Final.jar:/home/runner/.m2/repository/io/netty/netty-tcnative-classes/2.0.54.Final/netty-tcnative-classes-2.0.54.Final.jar:/home/runner/.m2/repository/io/netty/netty-tcnative-boringssl-static/2.0.54.Final/netty-tcnative-boringssl-static-2.0.54.Final-linux-x86_64.jar:/home/runner/.m2/repository/io/netty/netty-tcnative-boringssl-static/2.0.54.Final/netty-tcnative-boringssl-static-2.0.54.Final-linux-aarch_64.jar:/home/runner/.m2/repository/io/netty/netty-tcnative-boringssl-static/2.0.54.Final/netty-tcnative-boringssl-static-2.0.54.Final-osx-x86_64.jar:/home/runner/.m2/repository/io/netty/netty-tcnative-boringssl-static/2.0.54.Final/netty-tcnative-boringssl-static-2.0.54.Final-osx-aarch_64.jar:/home/runner/.m2/repository/io/netty/netty-tcnative-boringssl-static/2.0.54.Final/netty-tcnative-boringssl-static-2.0.54.Final-windows-x86_64.jar:/home/runner/.m2/repository/org/apache/commons/commons-compress/1.21/commons-compress-1.21.jar:/home/runner/.m2/repository/org/apache/ozone/hdds-common/1.4.0-SNAPSHOT/hdds-common-1.4.0-SNAPSHOT.jar:/home/runner/.m2/repository/org/apache/ozone/hdds-client/1.4.0-SNAPSHOT/hdds-client-1.4.0-SNAPSHOT.jar:/home/runner/.m2/repository/org/apache/ozone/ozone-interface-client/1.4.0-SNAPSHOT/ozone-interface-client-1.4.0-SNAPSHOT.jar:/home/runner/.m2/repository/org/apache/hadoop/hadoop-hdfs-client/3.3.6/hadoop-hdfs-client-3.3.6.jar:/home/runner/.m2/repository/com/squareup/okhttp3/okhttp/4.9.3/okhttp-4.9.3.jar:/home/runner/.m2/repository/com/squareup/okio/okio/2.8.0/okio-2.8.0.jar:/home/runner/.m2/repository/org/jetbrains/kotlin/kotlin-stdlib-common/1.6.21/kotlin-stdlib-common-1.6.21.jar:/home/runner/.m2/repository/org/apache/ozone/hdds-test-utils/1.4.0-SNAPSHOT/hdds-test-utils-1.4.0-SNAPSHOT.jar:/home/runner/.m2/repository/com/google/guava/guava/32.0.0-jre/guava-32.0.0-jre.jar:/home/runner/.m2/repository/com/google/guava/failureaccess/1.0.1/failureaccess-1.0.1.jar:/home/runner/.m2/repository/com/google/guava/listenablefuture/9999.0-empty-to-avoid-conflict-with-guava/listenablefuture-9999.0-empty-to-avoid-conflict-with-guava.jar:/home/runner/.m2/repository/com/google/code/findbugs/jsr305/3.0.0/jsr305-3.0.0.jar:/home/runner/.m2/repository/org/checkerframework/checker-qual/3.33.0/checker-qual-3.33.0.jar:/home/runner/.m2/repository/com/google/j2objc/j2objc-annotations/2.8/j2objc-annotations-2.8.jar:/home/runner/.m2/repository/commons-io/commons-io/2.11.0/commons-io-2.11.0.jar:/home/runner/.m2/repository/commons-logging/commons-logging/1.2/commons-logging-1.2.jar:/home/runner/.m2/repository/ch/qos/reload4j/reload4j/1.2.22/reload4j-1.2.22.jar:/home/runner/.m2/repository/org/slf4j/slf4j-api/1.7.36/slf4j-api-1.7.36.jar:/home/runner/.m2/repository/org/apache/ozone/hdds-server-scm/1.4.0-SNAPSHOT/hdds-server-scm-1.4.0-SNAPSHOT.jar:/home/runner/.m2/repository/org/apache/ozone/hdds-container-service/1.4.0-SNAPSHOT/hdds-container-service-1.4.0-SNAPSHOT.jar:/home/runner/.m2/repository/org/apache/ozone/hdds-hadoop-dependency-server/1.4.0-SNAPSHOT/hdds-hadoop-dependency-server-1.4.0-SNAPSHOT.jar:/home/runner/.m2/repository/org/apache/hadoop/hadoop-hdfs/3.3.6/hadoop-hdfs-3.3.6.jar:/home/runner/.m2/repository/commons-daemon/commons-daemon/1.0.13/commons-daemon-1.0.13.jar:/home/runner/.m2/repository/org/apache/ozone/hdds-server-framework/1.4.0-SNAPSHOT/hdds-server-framework-1.4.0-SNAPSHOT.jar:/home/runner/.m2/repository/io/dropwizard/metrics/metrics-core/3.2.4/metrics-core-3.2.4.jar:/home/runner/.m2/repository/org/apache/commons/commons-text/1.10.0/commons-text-1.10.0.jar:/home/runner/.m2/repository/org/bouncycastle/bcprov-jdk15on/1.67/bcprov-jdk15on-1.67.jar:/home/runner/.m2/repository/com/google/protobuf/protobuf-java/2.5.0/protobuf-java-2.5.0.jar:/home/runner/.m2/repository/org/apache/ozone/hdds-server-framework/1.4.0-SNAPSHOT/hdds-server-framework-1.4.0-SNAPSHOT-tests.jar:/home/runner/.m2/repository/org/apache/ozone/hdds-interface-server/1.4.0-SNAPSHOT/hdds-interface-server-1.4.0-SNAPSHOT.jar:/home/runner/.m2/repository/org/apache/ozone/hdds-interface-admin/1.4.0-SNAPSHOT/hdds-interface-admin-1.4.0-SNAPSHOT.jar:/home/runner/.m2/repository/org/apache/ozone/hdds-managed-rocksdb/1.4.0-SNAPSHOT/hdds-managed-rocksdb-1.4.0-SNAPSHOT.jar:/home/runner/.m2/repository/org/rocksdb/rocksdbjni/7.7.3/rocksdbjni-7.7.3.jar:/home/runner/.m2/repository/org/slf4j/slf4j-reload4j/1.7.36/slf4j-reload4j-1.7.36.jar:/home/runner/.m2/repository/org/apache/commons/commons-configuration2/2.1.1/commons-configuration2-2.1.1.jar:/home/runner/.m2/repository/commons-fileupload/commons-fileupload/1.5/commons-fileupload-1.5.jar:/home/runner/.m2/repository/org/apache/logging/log4j/log4j-core/2.17.1/log4j-core-2.17.1.jar:/home/runner/.m2/repository/com/lmax/disruptor/3.4.2/disruptor-3.4.2.jar:/home/runner/.m2/repository/org/eclipse/jetty/jetty-util/9.4.51.v20230217/jetty-util-9.4.51.v20230217.jar:/home/runner/.m2/repository/org/eclipse/jetty/jetty-server/9.4.51.v20230217/jetty-server-9.4.51.v20230217.jar:/home/runner/.m2/repository/org/eclipse/jetty/jetty-http/9.4.51.v20230217/jetty-http-9.4.51.v20230217.jar:/home/runner/.m2/repository/org/eclipse/jetty/jetty-io/9.4.51.v20230217/jetty-io-9.4.51.v20230217.jar:/home/runner/.m2/repository/org/eclipse/jetty/jetty-servlet/9.4.51.v20230217/jetty-servlet-9.4.51.v20230217.jar:/home/runner/.m2/repository/org/eclipse/jetty/jetty-security/9.4.51.v20230217/jetty-security-9.4.51.v20230217.jar:/home/runner/.m2/repository/org/eclipse/jetty/jetty-util-ajax/9.4.51.v20230217/jetty-util-ajax-9.4.51.v20230217.jar:/home/runner/.m2/repository/org/eclipse/jetty/jetty-webapp/9.4.51.v20230217/jetty-webapp-9.4.51.v20230217.jar:/home/runner/.m2/repository/org/eclipse/jetty/jetty-xml/9.4.51.v20230217/jetty-xml-9.4.51.v20230217.jar:/home/runner/.m2/repository/org/apache/ratis/ratis-server/2.5.1/ratis-server-2.5.1.jar:/home/runner/.m2/repository/org/apache/ratis/ratis-thirdparty-misc/1.0.4/ratis-thirdparty-misc-1.0.4.jar:/home/runner/.m2/repository/org/apache/ratis/ratis-proto/2.5.1/ratis-proto-2.5.1.jar:/home/runner/.m2/repository/org/apache/ratis/ratis-common/2.5.1/ratis-common-2.5.1.jar:/home/runner/.m2/repository/org/apache/ratis/ratis-client/2.5.1/ratis-client-2.5.1.jar:/home/runner/.m2/repository/org/apache/ratis/ratis-server-api/2.5.1/ratis-server-api-2.5.1.jar:/home/runner/.m2/repository/org/apache/ratis/ratis-metrics/2.5.1/ratis-metrics-2.5.1.jar:/home/runner/.m2/repository/io/prometheus/simpleclient_dropwizard/0.7.0/simpleclient_dropwizard-0.7.0.jar:/home/runner/.m2/repository/io/prometheus/simpleclient/0.7.0/simpleclient-0.7.0.jar:/home/runner/.m2/repository/io/prometheus/simpleclient_common/0.7.0/simpleclient_common-0.7.0.jar:/home/runner/.m2/repository/com/fasterxml/jackson/datatype/jackson-datatype-jsr310/2.13.4/jackson-datatype-jsr310-2.13.4.jar:/home/runner/.m2/repository/com/fasterxml/jackson/core/jackson-core/2.13.4/jackson-core-2.13.4.jar:/home/runner/.m2/repository/com/github/spotbugs/spotbugs-annotations/3.1.12/spotbugs-annotations-3.1.12.jar:/home/runner/.m2/repository/org/apache/ozone/rocksdb-checkpoint-differ/1.4.0-SNAPSHOT/rocksdb-checkpoint-differ-1.4.0-SNAPSHOT.jar:/home/runner/.m2/repository/org/awaitility/awaitility/4.2.0/awaitility-4.2.0.jar:/home/runner/.m2/repository/org/hamcrest/hamcrest/2.1/hamcrest-2.1.jar:/home/runner/.m2/repository/org/apache/ozone/ozone-manager/1.4.0-SNAPSHOT/ozone-manager-1.4.0-SNAPSHOT.jar:/home/runner/.m2/repository/org/aspectj/aspectjrt/1.9.7/aspectjrt-1.9.7.jar:/home/runner/.m2/repository/org/aspectj/aspectjweaver/1.9.7/aspectjweaver-1.9.7.jar:/home/runner/.m2/repository/org/apache/ozone/hdds-interface-client/1.4.0-SNAPSHOT/hdds-interface-client-1.4.0-SNAPSHOT.jar:/home/runner/.m2/repository/org/apache/hadoop/thirdparty/hadoop-shaded-protobuf_3_7/1.1.1/hadoop-shaded-protobuf_3_7-1.1.1.jar:/home/runner/.m2/repository/org/apache/ozone/ozone-interface-storage/1.4.0-SNAPSHOT/ozone-interface-storage-1.4.0-SNAPSHOT.jar:/home/runner/.m2/repository/org/reflections/reflections/0.9.11/reflections-0.9.11.jar:/home/runner/.m2/repository/com/sun/jersey/jersey-client/1.19/jersey-client-1.19.jar:/home/runner/.m2/repository/org/codehaus/jackson/jackson-core-asl/1.9.13/jackson-core-asl-1.9.13.jar:/home/runner/.m2/repository/org/codehaus/jackson/jackson-mapper-asl/1.9.13/jackson-mapper-asl-1.9.13.jar:/home/runner/.m2/repository/org/codehaus/jackson/jackson-jaxrs/1.9.13/jackson-jaxrs-1.9.13.jar:/home/runner/.m2/repository/org/apache/ranger/ranger-intg/2.3.0/ranger-intg-2.3.0.jar:/home/runner/.m2/repository/org/apache/ranger/ranger-plugins-common/2.3.0/ranger-plugins-common-2.3.0.jar:/home/runner/.m2/repository/commons-lang/commons-lang/2.6/commons-lang-2.6.jar:/home/runner/.m2/repository/org/apache/ranger/ranger-plugins-cred/2.3.0/ranger-plugins-cred-2.3.0.jar:/home/runner/.m2/repository/org/apache/ranger/ranger-plugins-audit/2.3.0/ranger-plugins-audit-2.3.0.jar:/home/runner/.m2/repository/org/eclipse/jetty/jetty-client/9.4.51.v20230217/jetty-client-9.4.51.v20230217.jar:/home/runner/.m2/repository/org/apache/httpcomponents/httpmime/4.5.6/httpmime-4.5.6.jar:/home/runner/.m2/repository/org/apache/httpcomponents/httpcore-nio/4.4.13/httpcore-nio-4.4.13.jar:/home/runner/.m2/repository/org/apache/httpcomponents/httpasyncclient/4.1.3/httpasyncclient-4.1.3.jar:/home/runner/.m2/repository/com/carrotsearch/hppc/0.8.0/hppc-0.8.0.jar:/home/runner/.m2/repository/org/apache/orc/orc-core/1.5.8/orc-core-1.5.8.jar:/home/runner/.m2/repository/net/java/dev/jna/jna/5.2.0/jna-5.2.0.jar:/home/runner/.m2/repository/net/java/dev/jna/jna-platform/5.2.0/jna-platform-5.2.0.jar:/home/runner/.m2/repository/com/kstruct/gethostname4j/0.0.2/gethostname4j-0.0.2.jar:/home/runner/.m2/repository/org/apache/ranger/ranger-plugin-classloader/2.3.0/ranger-plugin-classloader-2.3.0.jar:/home/runner/.m2/repository/org/apache/ozone/hdds-rocks-native/1.4.0-SNAPSHOT/hdds-rocks-native-1.4.0-SNAPSHOT.jar:/home/runner/.m2/repository/org/apache/hadoop/hadoop-minikdc/3.3.6/hadoop-minikdc-3.3.6.jar:/home/runner/.m2/repository/org/apache/kerby/kerb-simplekdc/1.0.1/kerb-simplekdc-1.0.1.jar:/home/runner/.m2/repository/org/apache/kerby/kerb-client/1.0.1/kerb-client-1.0.1.jar:/home/runner/.m2/repository/org/apache/kerby/kerby-config/1.0.1/kerby-config-1.0.1.jar:/home/runner/.m2/repository/org/apache/kerby/kerb-common/1.0.1/kerb-common-1.0.1.jar:/home/runner/.m2/repository/org/apache/kerby/kerb-crypto/1.0.1/kerb-crypto-1.0.1.jar:/home/runner/.m2/repository/org/apache/kerby/kerb-util/1.0.1/kerb-util-1.0.1.jar:/home/runner/.m2/repository/org/apache/kerby/token-provider/1.0.1/token-provider-1.0.1.jar:/home/runner/.m2/repository/org/apache/kerby/kerb-admin/1.0.1/kerb-admin-1.0.1.jar:/home/runner/.m2/repository/org/apache/kerby/kerb-server/1.0.1/kerb-server-1.0.1.jar:/home/runner/.m2/repository/org/apache/kerby/kerb-identity/1.0.1/kerb-identity-1.0.1.jar:/home/runner/.m2/repository/org/apache/kerby/kerby-xdr/1.0.1/kerby-xdr-1.0.1.jar:/home/runner/.m2/repository/org/apache/ozone/ozone-s3gateway/1.4.0-SNAPSHOT/ozone-s3gateway-1.4.0-SNAPSHOT.jar:/home/runner/.m2/repository/org/javassist/javassist/3.21.0-GA/javassist-3.21.0-GA.jar:/home/runner/.m2/repository/org/jboss/weld/servlet/weld-servlet-shaded/3.1.9.Final/weld-servlet-shaded-3.1.9.Final.jar:/home/runner/.m2/repository/org/glassfish/jersey/containers/jersey-container-servlet-core/2.34/jersey-container-servlet-core-2.34.jar:/home/runner/.m2/repository/org/glassfish/hk2/external/jakarta.inject/2.6.1/jakarta.inject-2.6.1.jar:/home/runner/.m2/repository/org/glassfish/jersey/core/jersey-common/2.34/jersey-common-2.34.jar:/home/runner/.m2/repository/jakarta/ws/rs/jakarta.ws.rs-api/2.1.6/jakarta.ws.rs-api-2.1.6.jar:/home/runner/.m2/repository/org/glassfish/jersey/ext/cdi/jersey-cdi1x/2.34/jersey-cdi1x-2.34.jar:/home/runner/.m2/repository/org/glassfish/jersey/inject/jersey-hk2/2.34/jersey-hk2-2.34.jar:/home/runner/.m2/repository/org/glassfish/hk2/hk2-locator/2.6.1/hk2-locator-2.6.1.jar:/home/runner/.m2/repository/org/glassfish/jersey/media/jersey-media-jaxb/2.34/jersey-media-jaxb-2.34.jar:/home/runner/.m2/repository/org/glassfish/hk2/osgi-resource-locator/1.0.3/osgi-resource-locator-1.0.3.jar:/home/runner/.m2/repository/org/glassfish/hk2/hk2-api/2.5.0/hk2-api-2.5.0.jar:/home/runner/.m2/repository/org/glassfish/hk2/hk2-utils/2.5.0/hk2-utils-2.5.0.jar:/home/runner/.m2/repository/org/glassfish/hk2/external/aopalliance-repackaged/2.5.0/aopalliance-repackaged-2.5.0.jar:/home/runner/.m2/repository/com/fasterxml/jackson/dataformat/jackson-dataformat-xml/2.13.4/jackson-dataformat-xml-2.13.4.jar:/home/runner/.m2/repository/org/codehaus/woodstox/stax2-api/4.2.1/stax2-api-4.2.1.jar:/home/runner/.m2/repository/com/fasterxml/woodstox/woodstox-core/5.4.0/woodstox-core-5.4.0.jar:/home/runner/.m2/repository/com/fasterxml/jackson/module/jackson-module-jaxb-annotations/2.13.4/jackson-module-jaxb-annotations-2.13.4.jar:/home/runner/.m2/repository/jakarta/xml/bind/jakarta.xml.bind-api/2.3.3/jakarta.xml.bind-api-2.3.3.jar:/home/runner/.m2/repository/jakarta/activation/jakarta.activation-api/1.2.2/jakarta.activation-api-1.2.2.jar:/home/runner/.m2/repository/javax/enterprise/cdi-api/2.0/cdi-api-2.0.jar:/home/runner/.m2/repository/javax/el/javax.el-api/3.0.0/javax.el-api-3.0.0.jar:/home/runner/.m2/repository/javax/interceptor/javax.interceptor-api/1.2/javax.interceptor-api-1.2.jar:/home/runner/.m2/repository/javax/inject/javax.inject/1/javax.inject-1.jar:/home/runner/.m2/repository/javax/xml/bind/jaxb-api/2.3.0/jaxb-api-2.3.0.jar:/home/runner/.m2/repository/org/glassfish/jaxb/jaxb-runtime/2.3.0.1/jaxb-runtime-2.3.0.1.jar:/home/runner/.m2/repository/org/glassfish/jaxb/jaxb-core/2.3.0.1/jaxb-core-2.3.0.1.jar:/home/runner/.m2/repository/org/glassfish/jaxb/txw2/2.3.0.1/txw2-2.3.0.1.jar:/home/runner/.m2/repository/com/sun/istack/istack-commons-runtime/3.0.5/istack-commons-runtime-3.0.5.jar:/home/runner/.m2/repository/org/jvnet/staxex/stax-ex/1.7.8/stax-ex-1.7.8.jar:/home/runner/.m2/repository/com/sun/xml/fastinfoset/FastInfoset/1.2.13/FastInfoset-1.2.13.jar:/home/runner/.m2/repository/javax/activation/activation/1.1.1/activation-1.1.1.jar:/home/runner/.m2/repository/io/grpc/grpc-protobuf/1.51.1/grpc-protobuf-1.51.1.jar:/home/runner/.m2/repository/com/google/api/grpc/proto-google-common-protos/2.9.0/proto-google-common-protos-2.9.0.jar:/home/runner/.m2/repository/io/grpc/grpc-protobuf-lite/1.51.1/grpc-protobuf-lite-1.51.1.jar:/home/runner/.m2/repository/io/grpc/grpc-stub/1.51.1/grpc-stub-1.51.1.jar:/home/runner/.m2/repository/io/netty/netty-transport/4.1.86.Final/netty-transport-4.1.86.Final.jar:/home/runner/.m2/repository/io/netty/netty-resolver/4.1.86.Final/netty-resolver-4.1.86.Final.jar:/home/runner/.m2/repository/org/apache/ozone/ozone-csi/1.4.0-SNAPSHOT/ozone-csi-1.4.0-SNAPSHOT.jar:/home/runner/.m2/repository/com/google/protobuf/protobuf-java-util/3.19.6/protobuf-java-util-3.19.6.jar:/home/runner/.m2/repository/com/google/code/gson/gson/2.9.0/gson-2.9.0.jar:/home/runner/.m2/repository/org/apache/ozone/hdds-config/1.4.0-SNAPSHOT/hdds-config-1.4.0-SNAPSHOT.jar:/home/runner/.m2/repository/io/netty/netty-transport-native-epoll/4.1.86.Final/netty-transport-native-epoll-4.1.86.Final-linux-x86_64.jar:/home/runner/.m2/repository/io/netty/netty-transport-classes-epoll/4.1.86.Final/netty-transport-classes-epoll-4.1.86.Final.jar:/home/runner/.m2/repository/io/netty/netty-transport-native-unix-common/4.1.86.Final/netty-transport-native-unix-common-4.1.86.Final.jar:/home/runner/.m2/repository/org/apache/ozone/ozone-recon/1.4.0-SNAPSHOT/ozone-recon-1.4.0-SNAPSHOT.jar:/home/runner/.m2/repository/org/apache/ozone/ozone-reconcodegen/1.4.0-SNAPSHOT/ozone-reconcodegen-1.4.0-SNAPSHOT.jar:/home/runner/.m2/repository/com/google/inject/guice/5.1.0/guice-5.1.0.jar:/home/runner/.m2/repository/aopalliance/aopalliance/1.0/aopalliance-1.0.jar:/home/runner/.m2/repository/com/google/inject/extensions/guice-assistedinject/5.1.0/guice-assistedinject-5.1.0.jar:/home/runner/.m2/repository/com/google/inject/extensions/guice-servlet/5.1.0/guice-servlet-5.1.0.jar:/home/runner/.m2/repository/org/glassfish/jersey/containers/jersey-container-servlet/2.34/jersey-container-servlet-2.34.jar:/home/runner/.m2/repository/org/glassfish/hk2/guice-bridge/2.5.0/guice-bridge-2.5.0.jar:/home/runner/.m2/repository/org/glassfish/jersey/core/jersey-server/2.34/jersey-server-2.34.jar:/home/runner/.m2/repository/org/glassfish/jersey/core/jersey-client/2.34/jersey-client-2.34.jar:/home/runner/.m2/repository/jakarta/annotation/jakarta.annotation-api/1.3.5/jakarta.annotation-api-1.3.5.jar:/home/runner/.m2/repository/jakarta/validation/jakarta.validation-api/2.0.2/jakarta.validation-api-2.0.2.jar:/home/runner/.m2/repository/org/glassfish/jersey/media/jersey-media-json-jackson/2.34/jersey-media-json-jackson-2.34.jar:/home/runner/.m2/repository/org/glassfish/jersey/ext/jersey-entity-filtering/2.34/jersey-entity-filtering-2.34.jar:/home/runner/.m2/repository/org/jooq/jooq/3.11.10/jooq-3.11.10.jar:/home/runner/.m2/repository/org/jooq/jooq-meta/3.11.10/jooq-meta-3.11.10.jar:/home/runner/.m2/repository/org/jooq/jooq-codegen/3.11.10/jooq-codegen-3.11.10.jar:/home/runner/.m2/repository/com/jolbox/bonecp/0.8.0.RELEASE/bonecp-0.8.0.RELEASE.jar:/home/runner/.m2/repository/org/apache/derby/derby/10.14.2.0/derby-10.14.2.0.jar:/home/runner/.m2/repository/org/xerial/sqlite-jdbc/3.41.2.2/sqlite-jdbc-3.41.2.2.jar:/home/runner/.m2/repository/org/springframework/spring-jdbc/5.3.27/spring-jdbc-5.3.27.jar:/home/runner/.m2/repository/org/springframework/spring-beans/5.3.27/spring-beans-5.3.27.jar:/home/runner/.m2/repository/org/springframework/spring-core/5.3.27/spring-core-5.3.27.jar:/home/runner/.m2/repository/org/springframework/spring-tx/5.3.27/spring-tx-5.3.27.jar:/home/runner/.m2/repository/org/apache/ozone/ozone-client/1.4.0-SNAPSHOT/ozone-client-1.4.0-SNAPSHOT.jar:/home/runner/.m2/repository/org/apache/ozone/hdds-erasurecode/1.4.0-SNAPSHOT/hdds-erasurecode-1.4.0-SNAPSHOT.jar:/home/runner/.m2/repository/org/apache/ozone/ozone-filesystem/1.4.0-SNAPSHOT/ozone-filesystem-1.4.0-SNAPSHOT.jar:/home/runner/.m2/repository/org/apache/ozone/ozone-filesystem-common/1.4.0-SNAPSHOT/ozone-filesystem-common-1.4.0-SNAPSHOT.jar:/home/runner/.m2/repository/org/apache/ozone/ozone-tools/1.4.0-SNAPSHOT/ozone-tools-1.4.0-SNAPSHOT.jar:/home/runner/.m2/repository/com/amazonaws/aws-java-sdk-core/1.12.261/aws-java-sdk-core-1.12.261.jar:/home/runner/.m2/repository/org/apache/httpcomponents/httpclient/4.5.13/httpclient-4.5.13.jar:/home/runner/.m2/repository/org/apache/httpcomponents/httpcore/4.4.13/httpcore-4.4.13.jar:/home/runner/.m2/repository/software/amazon/ion/ion-java/1.0.2/ion-java-1.0.2.jar:/home/runner/.m2/repository/com/fasterxml/jackson/dataformat/jackson-dataformat-cbor/2.13.4/jackson-dataformat-cbor-2.13.4.jar:/home/runner/.m2/repository/joda-time/joda-time/2.10.6/joda-time-2.10.6.jar:/home/runner/.m2/repository/com/amazonaws/aws-java-sdk-s3/1.12.261/aws-java-sdk-s3-1.12.261.jar:/home/runner/.m2/repository/com/amazonaws/aws-java-sdk-kms/1.12.261/aws-java-sdk-kms-1.12.261.jar:/home/runner/.m2/repository/com/amazonaws/jmespath-java/1.12.261/jmespath-java-1.12.261.jar:/home/runner/.m2/repository/org/kohsuke/metainf-services/metainf-services/1.8/metainf-services-1.8.jar:/home/runner/.m2/repository/org/apache/ozone/hdds-tools/1.4.0-SNAPSHOT/hdds-tools-1.4.0-SNAPSHOT.jar:/home/runner/.m2/repository/org/apache/ratis/ratis-tools/2.5.1/ratis-tools-2.5.1.jar:/home/runner/.m2/repository/commons-cli/commons-cli/1.2/commons-cli-1.2.jar:/home/runner/.m2/repository/org/apache/commons/commons-lang3/3.7/commons-lang3-3.7.jar:/home/runner/.m2/repository/org/apache/ozone/ozone-manager/1.4.0-SNAPSHOT/ozone-manager-1.4.0-SNAPSHOT-tests.jar:/home/runner/.m2/repository/org/apache/ozone/hdds-common/1.4.0-SNAPSHOT/hdds-common-1.4.0-SNAPSHOT-tests.jar:/home/runner/.m2/repository/org/apache/ozone/hdds-hadoop-dependency-client/1.4.0-SNAPSHOT/hdds-hadoop-dependency-client-1.4.0-SNAPSHOT.jar:/home/runner/.m2/repository/info/picocli/picocli/4.6.1/picocli-4.6.1.jar:/home/runner/.m2/repository/com/fasterxml/jackson/core/jackson-annotations/2.13.4/jackson-annotations-2.13.4.jar:/home/runner/.m2/repository/org/apache/ozone/hdds-annotation-processing/1.4.0-SNAPSHOT/hdds-annotation-processing-1.4.0-SNAPSHOT.jar:/home/runner/.m2/repository/javax/annotation/javax.annotation-api/1.2/javax.annotation-api-1.2.jar:/home/runner/.m2/repository/org/apache/ratis/ratis-netty/2.5.1/ratis-netty-2.5.1.jar:/home/runner/.m2/repository/org/apache/ratis/ratis-grpc/2.5.1/ratis-grpc-2.5.1.jar:/home/runner/.m2/repository/org/apache/logging/log4j/log4j-api/2.17.1/log4j-api-2.17.1.jar:/home/runner/.m2/repository/org/apache/commons/commons-pool2/2.6.0/commons-pool2-2.6.0.jar:/home/runner/.m2/repository/org/bouncycastle/bcpkix-jdk15on/1.67/bcpkix-jdk15on-1.67.jar:/home/runner/.m2/repository/commons-validator/commons-validator/1.6/commons-validator-1.6.jar:/home/runner/.m2/repository/commons-beanutils/commons-beanutils/1.9.4/commons-beanutils-1.9.4.jar:/home/runner/.m2/repository/commons-digester/commons-digester/1.8.1/commons-digester-1.8.1.jar:/home/runner/.m2/repository/commons-collections/commons-collections/3.2.2/commons-collections-3.2.2.jar:/home/runner/.m2/repository/io/jaegertracing/jaeger-client/1.6.0/jaeger-client-1.6.0.jar:/home/runner/.m2/repository/io/jaegertracing/jaeger-thrift/1.6.0/jaeger-thrift-1.6.0.jar:/home/runner/.m2/repository/org/apache/thrift/libthrift/0.14.1/libthrift-0.14.1.jar:/home/runner/.m2/repository/io/jaegertracing/jaeger-core/1.6.0/jaeger-core-1.6.0.jar:/home/runner/.m2/repository/io/jaegertracing/jaeger-tracerresolver/1.6.0/jaeger-tracerresolver-1.6.0.jar:/home/runner/.m2/repository/io/opentracing/contrib/opentracing-tracerresolver/0.1.8/opentracing-tracerresolver-0.1.8.jar:/home/runner/.m2/repository/org/jetbrains/kotlin/kotlin-stdlib/1.6.21/kotlin-stdlib-1.6.21.jar:/home/runner/.m2/repository/org/jetbrains/annotations/13.0/annotations-13.0.jar:/home/runner/.m2/repository/io/opentracing/opentracing-util/0.33.0/opentracing-util-0.33.0.jar:/home/runner/.m2/repository/io/opentracing/opentracing-api/0.33.0/opentracing-api-0.33.0.jar:/home/runner/.m2/repository/io/opentracing/opentracing-noop/0.33.0/opentracing-noop-0.33.0.jar:/home/runner/.m2/repository/org/yaml/snakeyaml/2.0/snakeyaml-2.0.jar:/home/runner/.m2/repository/io/grpc/grpc-api/1.51.1/grpc-api-1.51.1.jar:/home/runner/.m2/repository/io/grpc/grpc-context/1.51.1/grpc-context-1.51.1.jar:/home/runner/.m2/repository/junit/junit/4.13.1/junit-4.13.1.jar:/home/runner/.m2/repository/org/hamcrest/hamcrest-core/1.3/hamcrest-core-1.3.jar:/home/runner/.m2/repository/org/junit/jupiter/junit-jupiter-api/5.8.2/junit-jupiter-api-5.8.2.jar:/home/runner/.m2/repository/org/opentest4j/opentest4j/1.2.0/opentest4j-1.2.0.jar:/home/runner/.m2/repository/org/junit/platform/junit-platform-commons/1.8.2/junit-platform-commons-1.8.2.jar:/home/runner/.m2/repository/org/apiguardian/apiguardian-api/1.1.2/apiguardian-api-1.1.2.jar:/home/runner/.m2/repository/org/junit/jupiter/junit-jupiter-params/5.8.2/junit-jupiter-params-5.8.2.jar:/home/runner/.m2/repository/org/junit/jupiter/junit-jupiter-migrationsupport/5.8.2/junit-jupiter-migrationsupport-5.8.2.jar:/home/runner/.m2/repository/org/junit/jupiter/junit-jupiter-engine/5.8.2/junit-jupiter-engine-5.8.2.jar:/home/runner/.m2/repository/org/junit/platform/junit-platform-engine/1.8.2/junit-platform-engine-1.8.2.jar:/home/runner/.m2/repository/org/junit/vintage/junit-vintage-engine/5.8.2/junit-vintage-engine-5.8.2.jar:/home/runner/.m2/repository/org/junit/platform/junit-platform-launcher/1.8.2/junit-platform-launcher-1.8.2.jar:/home/runner/.m2/repository/org/mockito/mockito-core/3.5.9/mockito-core-3.5.9.jar:/home/runner/.m2/repository/net/bytebuddy/byte-buddy/1.10.13/byte-buddy-1.10.13.jar:/home/runner/.m2/repository/net/bytebuddy/byte-buddy-agent/1.10.13/byte-buddy-agent-1.10.13.jar:/home/runner/.m2/repository/org/objenesis/objenesis/1.0/objenesis-1.0.jar:/home/runner/.m2/repository/org/apache/hadoop/hadoop-kms/3.3.6/hadoop-kms-3.3.6.jar:/home/runner/.m2/repository/org/apache/hadoop/hadoop-auth/3.3.6/hadoop-auth-3.3.6.jar:/home/runner/.m2/repository/com/nimbusds/nimbus-jose-jwt/9.8.1/nimbus-jose-jwt-9.8.1.jar:/home/runner/.m2/repository/com/github/stephenc/jcip/jcip-annotations/1.0-1/jcip-annotations-1.0-1.jar:/home/runner/.m2/repository/org/apache/zookeeper/zookeeper/3.5.6/zookeeper-3.5.6.jar:/home/runner/.m2/repository/org/apache/zookeeper/zookeeper-jute/3.5.6/zookeeper-jute-3.5.6.jar:/home/runner/.m2/repository/org/apache/yetus/audience-annotations/0.5.0/audience-annotations-0.5.0.jar:/home/runner/.m2/repository/org/apache/curator/curator-framework/4.2.0/curator-framework-4.2.0.jar:/home/runner/.m2/repository/org/apache/hadoop/thirdparty/hadoop-shaded-guava/1.1.1/hadoop-shaded-guava-1.1.1.jar:/home/runner/.m2/repository/com/sun/jersey/jersey-core/1.19/jersey-core-1.19.jar:/home/runner/.m2/repository/javax/ws/rs/jsr311-api/1.1.1/jsr311-api-1.1.1.jar:/home/runner/.m2/repository/com/sun/jersey/jersey-server/1.19/jersey-server-1.19.jar:/home/runner/.m2/repository/javax/servlet/javax.servlet-api/3.1.0/javax.servlet-api-3.1.0.jar:/home/runner/.m2/repository/org/apache/hadoop/hadoop-common/3.3.6/hadoop-common-3.3.6.jar:/home/runner/.m2/repository/org/apache/commons/commons-math3/3.1.1/commons-math3-3.1.1.jar:/home/runner/.m2/repository/commons-net/commons-net/3.9.0/commons-net-3.9.0.jar:/home/runner/.m2/repository/com/sun/jersey/jersey-servlet/1.19/jersey-servlet-1.19.jar:/home/runner/.m2/repository/com/github/pjfanning/jersey-json/1.20/jersey-json-1.20.jar:/home/runner/.m2/repository/org/codehaus/jettison/jettison/1.1/jettison-1.1.jar:/home/runner/.m2/repository/com/sun/xml/bind/jaxb-impl/2.2.3-1/jaxb-impl-2.2.3-1.jar:/home/runner/.m2/repository/com/google/re2j/re2j/1.1/re2j-1.1.jar:/home/runner/.m2/repository/com/jcraft/jsch/0.1.54/jsch-0.1.54.jar:/home/runner/.m2/repository/org/apache/curator/curator-client/4.2.0/curator-client-4.2.0.jar:/home/runner/.m2/repository/org/apache/curator/curator-recipes/5.2.0/curator-recipes-5.2.0.jar:/home/runner/.m2/repository/org/apache/kerby/kerb-core/1.0.1/kerb-core-1.0.1.jar:/home/runner/.m2/repository/org/apache/kerby/kerby-pkix/1.0.1/kerby-pkix-1.0.1.jar:/home/runner/.m2/repository/org/apache/kerby/kerby-asn1/1.0.1/kerby-asn1-1.0.1.jar:/home/runner/.m2/repository/org/apache/kerby/kerby-util/1.0.1/kerby-util-1.0.1.jar:/home/runner/.m2/repository/dnsjava/dnsjava/2.1.7/dnsjava-2.1.7.jar:/home/runner/.m2/repository/org/xerial/snappy/snappy-java/1.1.8.2/snappy-java-1.1.8.2.jar:/home/runner/.m2/repository/com/fasterxml/jackson/core/jackson-databind/2.13.4.2/jackson-databind-2.13.4.2.jar:/home/runner/.m2/repository/org/apache/hadoop/hadoop-kms/3.3.6/hadoop-kms-3.3.6-tests.jar:/home/runner/.m2/repository/org/apache/ozone/hdds-server-scm/1.4.0-SNAPSHOT/hdds-server-scm-1.4.0-SNAPSHOT-tests.jar:/home/runner/.m2/repository/org/apache/ozone/hdds-container-service/1.4.0-SNAPSHOT/hdds-container-service-1.4.0-SNAPSHOT-tests.jar:/home/runner/.m2/repository/com/github/luben/zstd-jni/1.5.2-5/zstd-jni-1.5.2-5.jar:/home/runner/.m2/repository/commons-codec/commons-codec/1.15/commons-codec-1.15.jar:/home/runner/.m2/repository/io/netty/netty-codec/4.1.86.Final/netty-codec-4.1.86.Final.jar:/home/runner/.m2/repository/io/netty/netty-handler/4.1.86.Final/netty-handler-4.1.86.Final.jar:/home/runner/.m2/repository/org/apache/ozone/hdds-hadoop-dependency-test/1.4.0-SNAPSHOT/hdds-hadoop-dependency-test-1.4.0-SNAPSHOT.jar:/home/runner/.m2/repository/org/apache/hadoop/hadoop-common/3.3.6/hadoop-common-3.3.6-tests.jar:/home/runner/.m2/repository/org/apache/hadoop/hadoop-hdfs/3.3.6/hadoop-hdfs-3.3.6-tests.jar:/home/runner/.m2/repository/org/assertj/assertj-core/3.12.2/assertj-core-3.12.2.jar:/home/runner/.m2/repository/org/apache/hadoop/hadoop-distcp/3.3.6/hadoop-distcp-3.3.6.jar:/home/runner/.m2/repository/org/apache/hadoop/hadoop-mapreduce-client-jobclient/3.3.6/hadoop-mapreduce-client-jobclient-3.3.6.jar:/home/runner/.m2/repository/org/apache/hadoop/hadoop-mapreduce-client-common/3.3.6/hadoop-mapreduce-client-common-3.3.6.jar:/home/runner/.m2/repository/org/apache/hadoop/hadoop-yarn-common/3.3.6/hadoop-yarn-common-3.3.6.jar:/home/runner/.m2/repository/org/apache/hadoop/hadoop-yarn-api/3.3.6/hadoop-yarn-api-3.3.6.jar:/home/runner/.m2/repository/com/sun/jersey/contribs/jersey-guice/1.19/jersey-guice-1.19.jar:/home/runner/.m2/repository/com/fasterxml/jackson/jaxrs/jackson-jaxrs-json-provider/2.13.4/jackson-jaxrs-json-provider-2.13.4.jar:/home/runner/.m2/repository/com/fasterxml/jackson/jaxrs/jackson-jaxrs-base/2.13.4/jackson-jaxrs-base-2.13.4.jar:/home/runner/.m2/repository/org/apache/hadoop/hadoop-yarn-client/3.3.6/hadoop-yarn-client-3.3.6.jar:/home/runner/.m2/repository/org/eclipse/jetty/websocket/websocket-client/9.4.51.v20230217/websocket-client-9.4.51.v20230217.jar:/home/runner/.m2/repository/org/eclipse/jetty/websocket/websocket-common/9.4.51.v20230217/websocket-common-9.4.51.v20230217.jar:/home/runner/.m2/repository/org/eclipse/jetty/websocket/websocket-api/9.4.51.v20230217/websocket-api-9.4.51.v20230217.jar:/home/runner/.m2/repository/org/jline/jline/3.9.0/jline-3.9.0.jar:/home/runner/.m2/repository/org/apache/hadoop/hadoop-mapreduce-client-core/3.3.6/hadoop-mapreduce-client-core-3.3.6.jar:/home/runner/.m2/repository/org/apache/avro/avro/1.7.7/avro-1.7.7.jar:/home/runner/.m2/repository/com/thoughtworks/paranamer/paranamer/2.3/paranamer-2.3.jar:/home/runner/.m2/repository/org/apache/hadoop/hadoop-annotations/3.3.6/hadoop-annotations-3.3.6.jar:/usr/lib/jvm/temurin-8-jdk-amd64/jre/../lib/tools.jar:/home/runner/.m2/repository/io/netty/netty/3.10.6.Final/netty-3.10.6.Final.jar:/home/runner/.m2/repository/org/apache/hadoop/hadoop-distcp/3.3.6/hadoop-distcp-3.3.6-tests.jar:/home/runner/.m2/repository/org/slf4j/jul-to-slf4j/1.7.36/jul-to-slf4j-1.7.36.jar:"/>
    <property name="sun.cpu.endian" value="little"/>
    <property name="user.home" value="/home/runner"/>
    <property name="user.language" value="en"/>
    <property name="java.specification.vendor" value="Oracle Corporation"/>
    <property name="java.home" value="/usr/lib/jvm/temurin-8-jdk-amd64/jre"/>
    <property name="java.security.krb5.conf" value="/home/runner/work/ozone/ozone/hadoop-ozone/integration-test/target/test-classes/krb5.conf"/>
    <property name="basedir" value="/home/runner/work/ozone/ozone/hadoop-ozone/integration-test"/>
    <property name="file.separator" value="/"/>
    <property name="line.separator" value="&#10;"/>
    <property name="java.vm.specification.vendor" value="Oracle Corporation"/>
    <property name="java.specification.name" value="Java Platform API Specification"/>
    <property name="java.awt.graphicsenv" value="sun.awt.X11GraphicsEnvironment"/>
    <property name="skip.installnpx" value="true"/>
    <property name="surefire.real.class.path" value="/home/runner/work/ozone/ozone/hadoop-ozone/integration-test/target/surefire/surefirebooter5320773067448104529.jar:/home/runner/.m2/repository/org/jacoco/org.jacoco.agent/0.8.5/org.jacoco.agent-0.8.5-runtime.jar"/>
    <property name="hadoop.log.dir" value="/home/runner/work/ozone/ozone/hadoop-ozone/integration-test/target/log"/>
    <property name="sun.boot.class.path" value="/usr/lib/jvm/temurin-8-jdk-amd64/jre/lib/resources.jar:/usr/lib/jvm/temurin-8-jdk-amd64/jre/lib/rt.jar:/usr/lib/jvm/temurin-8-jdk-amd64/jre/lib/sunrsasign.jar:/usr/lib/jvm/temurin-8-jdk-amd64/jre/lib/jsse.jar:/usr/lib/jvm/temurin-8-jdk-amd64/jre/lib/jce.jar:/usr/lib/jvm/temurin-8-jdk-amd64/jre/lib/charsets.jar:/usr/lib/jvm/temurin-8-jdk-amd64/jre/lib/jfr.jar:/usr/lib/jvm/temurin-8-jdk-amd64/jre/classes"/>
    <property name="sun.management.compiler" value="HotSpot 64-Bit Tiered Compilers"/>
    <property name="skip.npx" value="true"/>
    <property name="java.runtime.version" value="1.8.0_372-b07"/>
    <property name="java.net.preferIPv4Stack" value="true"/>
    <property name="user.name" value="runner"/>
    <property name="path.separator" value=":"/>
    <property name="java.security.egd" value="file:///dev/urandom"/>
    <property name="os.version" value="5.15.0-1040-azure"/>
    <property name="java.endorsed.dirs" value="/usr/lib/jvm/temurin-8-jdk-amd64/jre/lib/endorsed"/>
    <property name="java.runtime.name" value="OpenJDK Runtime Environment"/>
    <property name="file.encoding" value="UTF-8"/>
    <property name="java.vm.name" value="OpenJDK 64-Bit Server VM"/>
    <property name="test.build.webapps" value=""/>
    <property name="localRepository" value="/home/runner/.m2/repository"/>
    <property name="jetty.git.hash" value="b45c405e4544384de066f814ed42ae3dceacdd49"/>
    <property name="java.vendor.url.bug" value="https://github.com/adoptium/adoptium-support/issues"/>
    <property name="java.io.tmpdir" value="/tmp"/>
    <property name="require.test.libhadoop" value=""/>
    <property name="java.version" value="1.8.0_372"/>
    <property name="user.dir" value="/home/runner/work/ozone/ozone/hadoop-ozone/integration-test"/>
    <property name="os.arch" value="amd64"/>
    <property name="java.vm.specification.name" value="Java Virtual Machine Specification"/>
    <property name="test.build.classes" value="/home/runner/work/ozone/ozone/hadoop-ozone/integration-test/target/test-classes"/>
    <property name="java.awt.printerjob" value="sun.print.PSPrinterJob"/>
    <property name="sun.os.patch.level" value="unknown"/>
    <property name="org.apache.ratis.thirdparty.io.netty.allocator.useCacheForAllThreads" value="false"/>
    <property name="hadoop.tmp.dir" value="/home/runner/work/ozone/ozone/hadoop-ozone/integration-test/target/tmp"/>
    <property name="java.library.path" value="/usr/java/packages/lib/amd64:/usr/lib64:/lib64:/lib:/usr/lib"/>
    <property name="java.vm.info" value="mixed mode"/>
    <property name="java.vendor" value="Temurin"/>
    <property name="java.vm.version" value="25.372-b07"/>
    <property name="java.specification.maintenance.version" value="4"/>
    <property name="java.ext.dirs" value="/usr/lib/jvm/temurin-8-jdk-amd64/jre/lib/ext:/usr/java/packages/lib/ext"/>
    <property name="sun.io.unicode.encoding" value="UnicodeLittle"/>
    <property name="java.class.version" value="52.0"/>
  </properties>
  <testcase name="testSnapshotWithFSO" classname="org.apache.hadoop.fs.ozone.TestSnapshotDeletingService" time="182.565">
    <error type="java.util.concurrent.TimeoutException"><![CDATA[java.util.concurrent.TimeoutException: 
Timed out waiting for condition. Thread diagnostics:
Timestamp: 2023-06-29 10:13:18,621

"qtp38442393-258" daemon prio=5 tid=258 runnable
java.lang.Thread.State: RUNNABLE
        at sun.nio.ch.EPollArrayWrapper.epollWait(Native Method)
        at sun.nio.ch.EPollArrayWrapper.poll(EPollArrayWrapper.java:269)
        at sun.nio.ch.EPollSelectorImpl.doSelect(EPollSelectorImpl.java:93)
        at sun.nio.ch.SelectorImpl.lockAndDoSelect(SelectorImpl.java:86)
        at sun.nio.ch.SelectorImpl.select(SelectorImpl.java:97)
        at sun.nio.ch.SelectorImpl.select(SelectorImpl.java:101)
        at org.eclipse.jetty.io.ManagedSelector.nioSelect(ManagedSelector.java:183)
        at org.eclipse.jetty.io.ManagedSelector.select(ManagedSelector.java:190)
        at org.eclipse.jetty.io.ManagedSelector$SelectorProducer.select(ManagedSelector.java:606)
        at org.eclipse.jetty.io.ManagedSelector$SelectorProducer.produce(ManagedSelector.java:543)
        at org.eclipse.jetty.util.thread.strategy.EatWhatYouKill.produceTask(EatWhatYouKill.java:362)
        at org.eclipse.jetty.util.thread.strategy.EatWhatYouKill.doProduce(EatWhatYouKill.java:186)
        at org.eclipse.jetty.util.thread.strategy.EatWhatYouKill.tryProduce(EatWhatYouKill.java:173)
        at org.eclipse.jetty.util.thread.strategy.EatWhatYouKill.produce(EatWhatYouKill.java:137)
        at org.eclipse.jetty.io.ManagedSelector$$Lambda$523/2133676028.run(Unknown Source)
        at org.eclipse.jetty.util.thread.QueuedThreadPool.runJob(QueuedThreadPool.java:883)
        at org.eclipse.jetty.util.thread.QueuedThreadPool$Runner.run(QueuedThreadPool.java:1034)
        at java.lang.Thread.run(Thread.java:750)
"EventQueue-NewNodeForNewNodeHandler" daemon prio=5 tid=319 in Object.wait()
java.lang.Thread.State: WAITING (on object monitor)
        at sun.misc.Unsafe.park(Native Method)
        at java.util.concurrent.locks.LockSupport.park(LockSupport.java:175)
        at java.util.concurrent.locks.AbstractQueuedSynchronizer$ConditionObject.await(AbstractQueuedSynchronizer.java:2039)
        at java.util.concurrent.LinkedBlockingQueue.take(LinkedBlockingQueue.java:442)
        at java.util.concurrent.ThreadPoolExecutor.getTask(ThreadPoolExecutor.java:1074)
        at java.util.concurrent.ThreadPoolExecutor.runWorker(ThreadPoolExecutor.java:1134)
        at java.util.concurrent.ThreadPoolExecutor$Worker.run(ThreadPoolExecutor.java:624)
        at java.lang.Thread.run(Thread.java:750)
"Datanode State Machine Task Thread - 1"  prio=5 tid=295 timed_waiting
java.lang.Thread.State: TIMED_WAITING
        at sun.misc.Unsafe.park(Native Method)
        at java.util.concurrent.locks.LockSupport.park(LockSupport.java:175)
        at java.util.concurrent.locks.AbstractQueuedSynchronizer$ConditionObject.await(AbstractQueuedSynchronizer.java:2039)
        at java.util.concurrent.LinkedBlockingQueue.take(LinkedBlockingQueue.java:442)
        at java.util.concurrent.ThreadPoolExecutor.getTask(ThreadPoolExecutor.java:1074)
        at java.util.concurrent.ThreadPoolExecutor.runWorker(ThreadPoolExecutor.java:1134)
        at java.util.concurrent.ThreadPoolExecutor$Worker.run(ThreadPoolExecutor.java:624)
        at java.lang.Thread.run(Thread.java:750)
"ContainerOp-d220e5b9-ae7c-41b7-8547-aa8e299d83d3-1"  prio=5 tid=513 in Object.wait()
java.lang.Thread.State: WAITING (on object monitor)
        at sun.misc.Unsafe.park(Native Method)
        at java.util.concurrent.locks.LockSupport.park(LockSupport.java:175)
        at java.util.concurrent.locks.AbstractQueuedSynchronizer$ConditionObject.await(AbstractQueuedSynchronizer.java:2039)
        at java.util.concurrent.LinkedBlockingQueue.take(LinkedBlockingQueue.java:442)
        at java.util.concurrent.ThreadPoolExecutor.getTask(ThreadPoolExecutor.java:1074)
        at java.util.concurrent.ThreadPoolExecutor.runWorker(ThreadPoolExecutor.java:1134)
        at java.util.concurrent.ThreadPoolExecutor$Worker.run(ThreadPoolExecutor.java:624)
        at java.lang.Thread.run(Thread.java:750)
"ContainerOp-60c550eb-c91e-4f73-bcc1-53a4de1611ee-1"  prio=5 tid=472 in Object.wait()
java.lang.Thread.State: WAITING (on object monitor)
        at sun.misc.Unsafe.park(Native Method)
        at java.util.concurrent.locks.LockSupport.park(LockSupport.java:175)
        at java.util.concurrent.locks.AbstractQueuedSynchronizer$ConditionObject.await(AbstractQueuedSynchronizer.java:2039)
        at java.util.concurrent.LinkedBlockingQueue.take(LinkedBlockingQueue.java:442)
        at java.util.concurrent.ThreadPoolExecutor.getTask(ThreadPoolExecutor.java:1074)
        at java.util.concurrent.ThreadPoolExecutor.runWorker(ThreadPoolExecutor.java:1134)
        at java.util.concurrent.ThreadPoolExecutor$Worker.run(ThreadPoolExecutor.java:624)
        at java.lang.Thread.run(Thread.java:750)
"ChunkWriter-1-0" daemon prio=5 tid=298 in Object.wait()
java.lang.Thread.State: WAITING (on object monitor)
        at sun.misc.Unsafe.park(Native Method)
        at java.util.concurrent.locks.LockSupport.park(LockSupport.java:175)
        at java.util.concurrent.locks.AbstractQueuedSynchronizer$ConditionObject.await(AbstractQueuedSynchronizer.java:2039)
        at java.util.concurrent.LinkedBlockingDeque.takeFirst(LinkedBlockingDeque.java:492)
        at java.util.concurrent.LinkedBlockingDeque.take(LinkedBlockingDeque.java:680)
        at java.util.concurrent.ThreadPoolExecutor.getTask(ThreadPoolExecutor.java:1074)
        at java.util.concurrent.ThreadPoolExecutor.runWorker(ThreadPoolExecutor.java:1134)
        at java.util.concurrent.ThreadPoolExecutor$Worker.run(ThreadPoolExecutor.java:624)
        at java.lang.Thread.run(Thread.java:750)
"BlockDeletingService#0" daemon prio=5 tid=303 in Object.wait()
java.lang.Thread.State: WAITING (on object monitor)
        at sun.misc.Unsafe.park(Native Method)
        at java.util.concurrent.locks.LockSupport.park(LockSupport.java:175)
        at java.util.concurrent.locks.AbstractQueuedSynchronizer$ConditionObject.await(AbstractQueuedSynchronizer.java:2039)
        at java.util.concurrent.ScheduledThreadPoolExecutor$DelayedWorkQueue.take(ScheduledThreadPoolExecutor.java:1088)
        at java.util.concurrent.ScheduledThreadPoolExecutor$DelayedWorkQueue.take(ScheduledThreadPoolExecutor.java:809)
        at java.util.concurrent.ThreadPoolExecutor.getTask(ThreadPoolExecutor.java:1074)
        at java.util.concurrent.ThreadPoolExecutor.runWorker(ThreadPoolExecutor.java:1134)
        at java.util.concurrent.ThreadPoolExecutor$Worker.run(ThreadPoolExecutor.java:624)
        at java.lang.Thread.run(Thread.java:750)
"IPC Server handler 17 on default port 15002" daemon prio=5 tid=106 timed_waiting
java.lang.Thread.State: TIMED_WAITING
        at sun.misc.Unsafe.park(Native Method)
        at java.util.concurrent.locks.LockSupport.parkNanos(LockSupport.java:215)
        at java.util.concurrent.locks.AbstractQueuedSynchronizer$ConditionObject.awaitNanos(AbstractQueuedSynchronizer.java:2078)
        at java.util.concurrent.LinkedBlockingQueue.poll(LinkedBlockingQueue.java:467)
        at org.apache.hadoop.ipc.CallQueueManager.take(CallQueueManager.java:317)
        at org.apache.hadoop.ipc.Server$Handler.run(Server.java:3014)
"Reference Handler" daemon prio=10 tid=2 in Object.wait()
java.lang.Thread.State: WAITING (on object monitor)
        at java.lang.Object.wait(Native Method)
        at java.lang.Object.wait(Object.java:502)
        at java.lang.ref.Reference.tryHandlePending(Reference.java:191)
        at java.lang.ref.Reference$ReferenceHandler.run(Reference.java:153)
"qtp9916873-119" daemon prio=5 tid=119 timed_waiting
java.lang.Thread.State: TIMED_WAITING
        at sun.misc.Unsafe.park(Native Method)
        at java.util.concurrent.locks.LockSupport.parkNanos(LockSupport.java:215)
        at java.util.concurrent.locks.AbstractQueuedSynchronizer$ConditionObject.awaitNanos(AbstractQueuedSynchronizer.java:2078)
        at org.eclipse.jetty.util.BlockingArrayQueue.poll(BlockingArrayQueue.java:382)
        at org.eclipse.jetty.util.thread.QueuedThreadPool$Runner.idleJobPoll(QueuedThreadPool.java:974)
        at org.eclipse.jetty.util.thread.QueuedThreadPool$Runner.run(QueuedThreadPool.java:1018)
        at java.lang.Thread.run(Thread.java:750)
"IPC Server handler 9 on default port 15000" daemon prio=5 tid=58 timed_waiting
java.lang.Thread.State: TIMED_WAITING
        at sun.misc.Unsafe.park(Native Method)
        at java.util.concurrent.locks.LockSupport.parkNanos(LockSupport.java:215)
        at java.util.concurrent.locks.AbstractQueuedSynchronizer$ConditionObject.awaitNanos(AbstractQueuedSynchronizer.java:2078)
        at java.util.concurrent.LinkedBlockingQueue.poll(LinkedBlockingQueue.java:467)
        at org.apache.hadoop.ipc.CallQueueManager.take(CallQueueManager.java:317)
        at org.apache.hadoop.ipc.Server$Handler.run(Server.java:3014)
"ContainerOp-60c550eb-c91e-4f73-bcc1-53a4de1611ee-3"  prio=5 tid=476 in Object.wait()
java.lang.Thread.State: WAITING (on object monitor)
        at sun.misc.Unsafe.park(Native Method)
        at java.util.concurrent.locks.LockSupport.park(LockSupport.java:175)
        at java.util.concurrent.locks.AbstractQueuedSynchronizer$ConditionObject.await(AbstractQueuedSynchronizer.java:2039)
        at java.util.concurrent.LinkedBlockingQueue.take(LinkedBlockingQueue.java:442)
        at java.util.concurrent.ThreadPoolExecutor.getTask(ThreadPoolExecutor.java:1074)
        at java.util.concurrent.ThreadPoolExecutor.runWorker(ThreadPoolExecutor.java:1134)
        at java.util.concurrent.ThreadPoolExecutor$Worker.run(ThreadPoolExecutor.java:624)
        at java.lang.Thread.run(Thread.java:750)
"Socket Reader #1 for port 15004"  prio=5 tid=136 runnable
java.lang.Thread.State: RUNNABLE
        at sun.nio.ch.EPollArrayWrapper.epollWait(Native Method)
        at sun.nio.ch.EPollArrayWrapper.poll(EPollArrayWrapper.java:269)
        at sun.nio.ch.EPollSelectorImpl.doSelect(EPollSelectorImpl.java:93)
        at sun.nio.ch.SelectorImpl.lockAndDoSelect(SelectorImpl.java:86)
        at sun.nio.ch.SelectorImpl.select(SelectorImpl.java:97)
        at sun.nio.ch.SelectorImpl.select(SelectorImpl.java:101)
        at org.apache.hadoop.ipc.Server$Listener$Reader.doRunLoop(Server.java:1346)
        at org.apache.hadoop.ipc.Server$Listener$Reader.run(Server.java:1325)
"ChunkReader-ELG-0" daemon prio=5 tid=302 runnable
java.lang.Thread.State: RUNNABLE
        at org.apache.ratis.thirdparty.io.netty.channel.epoll.Native.epollWait(Native Method)
        at org.apache.ratis.thirdparty.io.netty.channel.epoll.Native.epollWait(Native.java:209)
        at org.apache.ratis.thirdparty.io.netty.channel.epoll.Native.epollWait(Native.java:202)
        at org.apache.ratis.thirdparty.io.netty.channel.epoll.EpollEventLoop.epollWaitNoTimerChange(EpollEventLoop.java:306)
        at org.apache.ratis.thirdparty.io.netty.channel.epoll.EpollEventLoop.run(EpollEventLoop.java:363)
        at org.apache.ratis.thirdparty.io.netty.util.concurrent.SingleThreadEventExecutor$4.run(SingleThreadEventExecutor.java:997)
        at org.apache.ratis.thirdparty.io.netty.util.internal.ThreadExecutorMap$2.run(ThreadExecutorMap.java:74)
        at java.lang.Thread.run(Thread.java:750)
"IPC Server handler 13 on default port 15002" daemon prio=5 tid=102 timed_waiting
java.lang.Thread.State: TIMED_WAITING
        at sun.misc.Unsafe.park(Native Method)
        at java.util.concurrent.locks.LockSupport.parkNanos(LockSupport.java:215)
        at java.util.concurrent.locks.AbstractQueuedSynchronizer$ConditionObject.awaitNanos(AbstractQueuedSynchronizer.java:2078)
        at java.util.concurrent.LinkedBlockingQueue.poll(LinkedBlockingQueue.java:467)
        at org.apache.hadoop.ipc.CallQueueManager.take(CallQueueManager.java:317)
        at org.apache.hadoop.ipc.Server$Handler.run(Server.java:3014)
"IPC Server handler 19 on default port 15004" daemon prio=5 tid=181 timed_waiting
java.lang.Thread.State: TIMED_WAITING
        at sun.misc.Unsafe.park(Native Method)
        at java.util.concurrent.locks.LockSupport.parkNanos(LockSupport.java:215)
        at java.util.concurrent.locks.AbstractQueuedSynchronizer$ConditionObject.awaitNanos(AbstractQueuedSynchronizer.java:2078)
        at java.util.concurrent.LinkedBlockingQueue.poll(LinkedBlockingQueue.java:467)
        at org.apache.hadoop.ipc.CallQueueManager.take(CallQueueManager.java:317)
        at org.apache.hadoop.ipc.Server$Handler.run(Server.java:3014)
"FullTableCache Cleanup Thread - 0" daemon prio=5 tid=457 in Object.wait()
java.lang.Thread.State: WAITING (on object monitor)
        at sun.misc.Unsafe.park(Native Method)
        at java.util.concurrent.locks.LockSupport.park(LockSupport.java:175)
        at java.util.concurrent.locks.AbstractQueuedSynchronizer$ConditionObject.await(AbstractQueuedSynchronizer.java:2039)
        at java.util.concurrent.LinkedBlockingQueue.take(LinkedBlockingQueue.java:442)
        at java.util.concurrent.ThreadPoolExecutor.getTask(ThreadPoolExecutor.java:1074)
        at java.util.concurrent.ThreadPoolExecutor.runWorker(ThreadPoolExecutor.java:1134)
        at java.util.concurrent.ThreadPoolExecutor$Worker.run(ThreadPoolExecutor.java:624)
        at java.lang.Thread.run(Thread.java:750)
"ContainerOp-d220e5b9-ae7c-41b7-8547-aa8e299d83d3-7"  prio=5 tid=528 in Object.wait()
java.lang.Thread.State: WAITING (on object monitor)
        at sun.misc.Unsafe.park(Native Method)
        at java.util.concurrent.locks.LockSupport.park(LockSupport.java:175)
        at java.util.concurrent.locks.AbstractQueuedSynchronizer$ConditionObject.await(AbstractQueuedSynchronizer.java:2039)
        at java.util.concurrent.LinkedBlockingQueue.take(LinkedBlockingQueue.java:442)
        at java.util.concurrent.ThreadPoolExecutor.getTask(ThreadPoolExecutor.java:1074)
        at java.util.concurrent.ThreadPoolExecutor.runWorker(ThreadPoolExecutor.java:1134)
        at java.util.concurrent.ThreadPoolExecutor$Worker.run(ThreadPoolExecutor.java:624)
        at java.lang.Thread.run(Thread.java:750)
"IPC Server idle connection scanner for port 15000" daemon prio=5 tid=35 timed_waiting
java.lang.Thread.State: TIMED_WAITING
        at java.lang.Object.wait(Native Method)
        at java.util.TimerThread.mainLoop(Timer.java:552)
        at java.util.TimerThread.run(Timer.java:505)
"fe774388-89b0-43a1-8132-3e981ddd9c14@group-53A4DE1611EE-StateMachineUpdater" daemon prio=5 tid=372 timed_waiting
java.lang.Thread.State: TIMED_WAITING
        at sun.misc.Unsafe.park(Native Method)
        at java.util.concurrent.locks.LockSupport.parkNanos(LockSupport.java:215)
        at java.util.concurrent.locks.AbstractQueuedSynchronizer$ConditionObject.await(AbstractQueuedSynchronizer.java:2163)
        at org.apache.ratis.util.AwaitForSignal.await(AwaitForSignal.java:62)
        at org.apache.ratis.server.impl.StateMachineUpdater.waitForCommit(StateMachineUpdater.java:209)
        at org.apache.ratis.server.impl.StateMachineUpdater.run(StateMachineUpdater.java:178)
        at java.lang.Thread.run(Thread.java:750)
"qtp1113751147-227" daemon prio=5 tid=227 timed_waiting
java.lang.Thread.State: TIMED_WAITING
        at sun.misc.Unsafe.park(Native Method)
        at java.util.concurrent.locks.LockSupport.parkNanos(LockSupport.java:215)
        at java.util.concurrent.locks.AbstractQueuedSynchronizer$ConditionObject.awaitNanos(AbstractQueuedSynchronizer.java:2078)
        at org.eclipse.jetty.util.BlockingArrayQueue.poll(BlockingArrayQueue.java:382)
        at org.eclipse.jetty.util.thread.QueuedThreadPool$Runner.idleJobPoll(QueuedThreadPool.java:974)
        at org.eclipse.jetty.util.thread.QueuedThreadPool$Runner.run(QueuedThreadPool.java:1018)
        at java.lang.Thread.run(Thread.java:750)
"timer1" daemon prio=5 tid=416 timed_waiting
java.lang.Thread.State: TIMED_WAITING
        at java.lang.Object.wait(Native Method)
        at java.util.TimerThread.mainLoop(Timer.java:552)
        at java.util.TimerThread.run(Timer.java:505)
"ContainerOp-d220e5b9-ae7c-41b7-8547-aa8e299d83d3-2"  prio=5 tid=516 in Object.wait()
java.lang.Thread.State: WAITING (on object monitor)
        at sun.misc.Unsafe.park(Native Method)
        at java.util.concurrent.locks.LockSupport.park(LockSupport.java:175)
        at java.util.concurrent.locks.AbstractQueuedSynchronizer$ConditionObject.await(AbstractQueuedSynchronizer.java:2039)
        at java.util.concurrent.LinkedBlockingQueue.take(LinkedBlockingQueue.java:442)
        at java.util.concurrent.ThreadPoolExecutor.getTask(ThreadPoolExecutor.java:1074)
        at java.util.concurrent.ThreadPoolExecutor.runWorker(ThreadPoolExecutor.java:1134)
        at java.util.concurrent.ThreadPoolExecutor$Worker.run(ThreadPoolExecutor.java:624)
        at java.lang.Thread.run(Thread.java:750)
"Session-HouseKeeper-21e4c4d4-1"  prio=5 tid=266 timed_waiting
java.lang.Thread.State: TIMED_WAITING
        at sun.misc.Unsafe.park(Native Method)
        at java.util.concurrent.locks.LockSupport.parkNanos(LockSupport.java:215)
        at java.util.concurrent.locks.AbstractQueuedSynchronizer$ConditionObject.awaitNanos(AbstractQueuedSynchronizer.java:2078)
        at java.util.concurrent.ScheduledThreadPoolExecutor$DelayedWorkQueue.take(ScheduledThreadPoolExecutor.java:1093)
        at java.util.concurrent.ScheduledThreadPoolExecutor$DelayedWorkQueue.take(ScheduledThreadPoolExecutor.java:809)
        at java.util.concurrent.ThreadPoolExecutor.getTask(ThreadPoolExecutor.java:1074)
        at java.util.concurrent.ThreadPoolExecutor.runWorker(ThreadPoolExecutor.java:1134)
        at java.util.concurrent.ThreadPoolExecutor$Worker.run(ThreadPoolExecutor.java:624)
        at java.lang.Thread.run(Thread.java:750)
"ContainerOp-60c550eb-c91e-4f73-bcc1-53a4de1611ee-2"  prio=5 tid=477 in Object.wait()
java.lang.Thread.State: WAITING (on object monitor)
        at sun.misc.Unsafe.park(Native Method)
        at java.util.concurrent.locks.LockSupport.park(LockSupport.java:175)
        at java.util.concurrent.locks.AbstractQueuedSynchronizer$ConditionObject.await(AbstractQueuedSynchronizer.java:2039)
        at java.util.concurrent.LinkedBlockingQueue.take(LinkedBlockingQueue.java:442)
        at java.util.concurrent.ThreadPoolExecutor.getTask(ThreadPoolExecutor.java:1074)
        at java.util.concurrent.ThreadPoolExecutor.runWorker(ThreadPoolExecutor.java:1134)
        at java.util.concurrent.ThreadPoolExecutor$Worker.run(ThreadPoolExecutor.java:624)
        at java.lang.Thread.run(Thread.java:750)
"qtp536794778-158" daemon prio=5 tid=158 timed_waiting
java.lang.Thread.State: TIMED_WAITING
        at sun.misc.Unsafe.park(Native Method)
        at java.util.concurrent.locks.LockSupport.parkNanos(LockSupport.java:215)
        at java.util.concurrent.locks.AbstractQueuedSynchronizer$ConditionObject.awaitNanos(AbstractQueuedSynchronizer.java:2078)
        at org.eclipse.jetty.util.BlockingArrayQueue.poll(BlockingArrayQueue.java:382)
        at org.eclipse.jetty.util.thread.QueuedThreadPool$Runner.idleJobPoll(QueuedThreadPool.java:974)
        at org.eclipse.jetty.util.thread.QueuedThreadPool$Runner.run(QueuedThreadPool.java:1018)
        at java.lang.Thread.run(Thread.java:750)
"IPC Server handler 8 on default port 15001" daemon prio=5 tid=77 timed_waiting
java.lang.Thread.State: TIMED_WAITING
        at sun.misc.Unsafe.park(Native Method)
        at java.util.concurrent.locks.LockSupport.parkNanos(LockSupport.java:215)
        at java.util.concurrent.locks.AbstractQueuedSynchronizer$ConditionObject.awaitNanos(AbstractQueuedSynchronizer.java:2078)
        at java.util.concurrent.LinkedBlockingQueue.poll(LinkedBlockingQueue.java:467)
        at org.apache.hadoop.ipc.CallQueueManager.take(CallQueueManager.java:317)
        at org.apache.hadoop.ipc.Server$Handler.run(Server.java:3014)
"IPC Server handler 11 on default port 15000" daemon prio=5 tid=60 timed_waiting
java.lang.Thread.State: TIMED_WAITING
        at sun.misc.Unsafe.park(Native Method)
        at java.util.concurrent.locks.LockSupport.parkNanos(LockSupport.java:215)
        at java.util.concurrent.locks.AbstractQueuedSynchronizer$ConditionObject.awaitNanos(AbstractQueuedSynchronizer.java:2078)
        at java.util.concurrent.LinkedBlockingQueue.poll(LinkedBlockingQueue.java:467)
        at org.apache.hadoop.ipc.CallQueueManager.take(CallQueueManager.java:317)
        at org.apache.hadoop.ipc.Server$Handler.run(Server.java:3014)
"Periodic HDDS volume checker" daemon prio=5 tid=215 timed_waiting
java.lang.Thread.State: TIMED_WAITING
        at sun.misc.Unsafe.park(Native Method)
        at java.util.concurrent.locks.LockSupport.parkNanos(LockSupport.java:215)
        at java.util.concurrent.locks.AbstractQueuedSynchronizer$ConditionObject.awaitNanos(AbstractQueuedSynchronizer.java:2078)
        at java.util.concurrent.ScheduledThreadPoolExecutor$DelayedWorkQueue.take(ScheduledThreadPoolExecutor.java:1093)
        at java.util.concurrent.ScheduledThreadPoolExecutor$DelayedWorkQueue.take(ScheduledThreadPoolExecutor.java:809)
        at java.util.concurrent.ThreadPoolExecutor.getTask(ThreadPoolExecutor.java:1074)
        at java.util.concurrent.ThreadPoolExecutor.runWorker(ThreadPoolExecutor.java:1134)
        at java.util.concurrent.ThreadPoolExecutor$Worker.run(ThreadPoolExecutor.java:624)
        at java.lang.Thread.run(Thread.java:750)
"d2cb3656-736c-45ed-9177-765defc8baa4@group-79B2834307E7-SegmentedRaftLogWorker" daemon prio=5 tid=394 timed_waiting
java.lang.Thread.State: TIMED_WAITING
        at sun.misc.Unsafe.park(Native Method)
        at java.util.concurrent.locks.LockSupport.parkNanos(LockSupport.java:215)
        at java.util.concurrent.locks.AbstractQueuedSynchronizer$ConditionObject.awaitNanos(AbstractQueuedSynchronizer.java:2078)
        at org.apache.ratis.util.DataBlockingQueue.poll(DataBlockingQueue.java:148)
        at org.apache.ratis.server.raftlog.segmented.SegmentedRaftLogWorker.run(SegmentedRaftLogWorker.java:307)
        at org.apache.ratis.server.raftlog.segmented.SegmentedRaftLogWorker$$Lambda$816/967752086.run(Unknown Source)
        at java.util.concurrent.Executors$RunnableAdapter.call(Executors.java:511)
        at java.util.concurrent.FutureTask.run(FutureTask.java:266)
        at java.util.concurrent.ThreadPoolExecutor.runWorker(ThreadPoolExecutor.java:1149)
        at java.util.concurrent.ThreadPoolExecutor$Worker.run(ThreadPoolExecutor.java:624)
        at java.lang.Thread.run(Thread.java:750)
"Datanode ReportManager Thread - 3" daemon prio=5 tid=244 in Object.wait()
java.lang.Thread.State: WAITING (on object monitor)
        at sun.misc.Unsafe.park(Native Method)
        at java.util.concurrent.locks.LockSupport.park(LockSupport.java:175)
        at java.util.concurrent.locks.AbstractQueuedSynchronizer$ConditionObject.await(AbstractQueuedSynchronizer.java:2039)
        at java.util.concurrent.ScheduledThreadPoolExecutor$DelayedWorkQueue.take(ScheduledThreadPoolExecutor.java:1088)
        at java.util.concurrent.ScheduledThreadPoolExecutor$DelayedWorkQueue.take(ScheduledThreadPoolExecutor.java:809)
        at java.util.concurrent.ThreadPoolExecutor.getTask(ThreadPoolExecutor.java:1074)
        at java.util.concurrent.ThreadPoolExecutor.runWorker(ThreadPoolExecutor.java:1134)
        at java.util.concurrent.ThreadPoolExecutor$Worker.run(ThreadPoolExecutor.java:624)
        at java.lang.Thread.run(Thread.java:750)
"48be0ea8-46a6-4e80-b936-879c72e065d6@group-AA8E299D83D3-StateMachineUpdater" daemon prio=5 tid=335 timed_waiting
java.lang.Thread.State: TIMED_WAITING
        at sun.misc.Unsafe.park(Native Method)
        at java.util.concurrent.locks.LockSupport.parkNanos(LockSupport.java:215)
        at java.util.concurrent.locks.AbstractQueuedSynchronizer$ConditionObject.await(AbstractQueuedSynchronizer.java:2163)
        at org.apache.ratis.util.AwaitForSignal.await(AwaitForSignal.java:62)
        at org.apache.ratis.server.impl.StateMachineUpdater.waitForCommit(StateMachineUpdater.java:209)
        at org.apache.ratis.server.impl.StateMachineUpdater.run(StateMachineUpdater.java:178)
        at java.lang.Thread.run(Thread.java:750)
"SstFilteringService#0" daemon prio=5 tid=150 timed_waiting
java.lang.Thread.State: TIMED_WAITING
        at sun.misc.Unsafe.park(Native Method)
        at java.util.concurrent.locks.LockSupport.parkNanos(LockSupport.java:215)
        at java.util.concurrent.locks.AbstractQueuedSynchronizer$ConditionObject.awaitNanos(AbstractQueuedSynchronizer.java:2078)
        at java.util.concurrent.ScheduledThreadPoolExecutor$DelayedWorkQueue.take(ScheduledThreadPoolExecutor.java:1093)
        at java.util.concurrent.ScheduledThreadPoolExecutor$DelayedWorkQueue.take(ScheduledThreadPoolExecutor.java:809)
        at java.util.concurrent.ThreadPoolExecutor.getTask(ThreadPoolExecutor.java:1074)
        at java.util.concurrent.ThreadPoolExecutor.runWorker(ThreadPoolExecutor.java:1134)
        at java.util.concurrent.ThreadPoolExecutor$Worker.run(ThreadPoolExecutor.java:624)
        at java.lang.Thread.run(Thread.java:750)
"fe774388-89b0-43a1-8132-3e981ddd9c14@group-37708F06EBE6-SegmentedRaftLogWorker"  prio=5 tid=342 timed_waiting
java.lang.Thread.State: TIMED_WAITING
        at sun.misc.Unsafe.park(Native Method)
        at java.util.concurrent.locks.LockSupport.parkNanos(LockSupport.java:215)
        at java.util.concurrent.locks.AbstractQueuedSynchronizer$ConditionObject.awaitNanos(AbstractQueuedSynchronizer.java:2078)
        at org.apache.ratis.util.DataBlockingQueue.poll(DataBlockingQueue.java:148)
        at org.apache.ratis.server.raftlog.segmented.SegmentedRaftLogWorker.run(SegmentedRaftLogWorker.java:307)
        at org.apache.ratis.server.raftlog.segmented.SegmentedRaftLogWorker$$Lambda$816/967752086.run(Unknown Source)
        at java.util.concurrent.Executors$RunnableAdapter.call(Executors.java:511)
        at java.util.concurrent.FutureTask.run(FutureTask.java:266)
        at java.util.concurrent.ThreadPoolExecutor.runWorker(ThreadPoolExecutor.java:1149)
        at java.util.concurrent.ThreadPoolExecutor$Worker.run(ThreadPoolExecutor.java:624)
        at java.lang.Thread.run(Thread.java:750)
"qtp1113751147-231" daemon prio=5 tid=231 timed_waiting
java.lang.Thread.State: TIMED_WAITING
        at sun.misc.Unsafe.park(Native Method)
        at java.util.concurrent.locks.LockSupport.parkNanos(LockSupport.java:215)
        at java.util.concurrent.locks.AbstractQueuedSynchronizer$ConditionObject.awaitNanos(AbstractQueuedSynchronizer.java:2078)
        at org.eclipse.jetty.util.BlockingArrayQueue.poll(BlockingArrayQueue.java:382)
        at org.eclipse.jetty.util.thread.QueuedThreadPool$Runner.idleJobPoll(QueuedThreadPool.java:974)
        at org.eclipse.jetty.util.thread.QueuedThreadPool$Runner.run(QueuedThreadPool.java:1018)
        at java.lang.Thread.run(Thread.java:750)
"qtp51632319-193" daemon prio=5 tid=193 timed_waiting
java.lang.Thread.State: TIMED_WAITING
        at sun.misc.Unsafe.park(Native Method)
        at java.util.concurrent.locks.LockSupport.parkNanos(LockSupport.java:215)
        at java.util.concurrent.locks.AbstractQueuedSynchronizer$ConditionObject.awaitNanos(AbstractQueuedSynchronizer.java:2078)
        at org.eclipse.jetty.util.BlockingArrayQueue.poll(BlockingArrayQueue.java:382)
        at org.eclipse.jetty.util.thread.QueuedThreadPool$Runner.idleJobPoll(QueuedThreadPool.java:974)
        at org.eclipse.jetty.util.thread.QueuedThreadPool$Runner.run(QueuedThreadPool.java:1018)
        at java.lang.Thread.run(Thread.java:750)
"pool-34-thread-1"  prio=5 tid=112 timed_waiting
java.lang.Thread.State: TIMED_WAITING
        at sun.misc.Unsafe.park(Native Method)
        at java.util.concurrent.locks.LockSupport.parkNanos(LockSupport.java:215)
        at java.util.concurrent.locks.AbstractQueuedSynchronizer$ConditionObject.awaitNanos(AbstractQueuedSynchronizer.java:2078)
        at java.util.concurrent.ScheduledThreadPoolExecutor$DelayedWorkQueue.take(ScheduledThreadPoolExecutor.java:1093)
        at java.util.concurrent.ScheduledThreadPoolExecutor$DelayedWorkQueue.take(ScheduledThreadPoolExecutor.java:809)
        at java.util.concurrent.ThreadPoolExecutor.getTask(ThreadPoolExecutor.java:1074)
        at java.util.concurrent.ThreadPoolExecutor.runWorker(ThreadPoolExecutor.java:1134)
        at java.util.concurrent.ThreadPoolExecutor$Worker.run(ThreadPoolExecutor.java:624)
        at java.lang.Thread.run(Thread.java:750)
"qtp38442393-259" daemon prio=5 tid=259 timed_waiting
java.lang.Thread.State: TIMED_WAITING
        at sun.misc.Unsafe.park(Native Method)
        at java.util.concurrent.locks.LockSupport.parkNanos(LockSupport.java:215)
        at java.util.concurrent.locks.AbstractQueuedSynchronizer$ConditionObject.awaitNanos(AbstractQueuedSynchronizer.java:2078)
        at org.eclipse.jetty.util.BlockingArrayQueue.poll(BlockingArrayQueue.java:382)
        at org.eclipse.jetty.util.thread.QueuedThreadPool$Runner.idleJobPoll(QueuedThreadPool.java:974)
        at org.eclipse.jetty.util.thread.QueuedThreadPool$Runner.run(QueuedThreadPool.java:1018)
        at java.lang.Thread.run(Thread.java:750)
"fe774388-89b0-43a1-8132-3e981ddd9c14@group-AA8E299D83D3-StateMachineUpdater" daemon prio=5 tid=351 timed_waiting
java.lang.Thread.State: TIMED_WAITING
        at sun.misc.Unsafe.park(Native Method)
        at java.util.concurrent.locks.LockSupport.parkNanos(LockSupport.java:215)
        at java.util.concurrent.locks.AbstractQueuedSynchronizer$ConditionObject.await(AbstractQueuedSynchronizer.java:2163)
        at org.apache.ratis.util.AwaitForSignal.await(AwaitForSignal.java:62)
        at org.apache.ratis.server.impl.StateMachineUpdater.waitForCommit(StateMachineUpdater.java:209)
        at org.apache.ratis.server.impl.StateMachineUpdater.run(StateMachineUpdater.java:178)
        at java.lang.Thread.run(Thread.java:750)
"pool-111-thread-1"  prio=5 tid=223 timed_waiting
java.lang.Thread.State: TIMED_WAITING
        at sun.misc.Unsafe.park(Native Method)
        at java.util.concurrent.locks.LockSupport.parkNanos(LockSupport.java:215)
        at java.util.concurrent.locks.AbstractQueuedSynchronizer$ConditionObject.awaitNanos(AbstractQueuedSynchronizer.java:2078)
        at java.util.concurrent.ScheduledThreadPoolExecutor$DelayedWorkQueue.take(ScheduledThreadPoolExecutor.java:1093)
        at java.util.concurrent.ScheduledThreadPoolExecutor$DelayedWorkQueue.take(ScheduledThreadPoolExecutor.java:809)
        at java.util.concurrent.ThreadPoolExecutor.getTask(ThreadPoolExecutor.java:1074)
        at java.util.concurrent.ThreadPoolExecutor.runWorker(ThreadPoolExecutor.java:1134)
        at java.util.concurrent.ThreadPoolExecutor$Worker.run(ThreadPoolExecutor.java:624)
        at java.lang.Thread.run(Thread.java:750)
"qtp51632319-195" daemon prio=5 tid=195 timed_waiting
java.lang.Thread.State: TIMED_WAITING
        at sun.misc.Unsafe.park(Native Method)
        at java.util.concurrent.locks.LockSupport.parkNanos(LockSupport.java:215)
        at java.util.concurrent.locks.AbstractQueuedSynchronizer$ConditionObject.awaitNanos(AbstractQueuedSynchronizer.java:2078)
        at org.eclipse.jetty.util.BlockingArrayQueue.poll(BlockingArrayQueue.java:382)
        at org.eclipse.jetty.util.thread.QueuedThreadPool$Runner.idleJobPoll(QueuedThreadPool.java:974)
        at org.eclipse.jetty.util.thread.QueuedThreadPool$Runner.run(QueuedThreadPool.java:1018)
        at java.lang.Thread.run(Thread.java:750)
"qtp38442393-264" daemon prio=5 tid=264 timed_waiting
java.lang.Thread.State: TIMED_WAITING
        at sun.misc.Unsafe.park(Native Method)
        at java.util.concurrent.locks.LockSupport.parkNanos(LockSupport.java:215)
        at java.util.concurrent.locks.AbstractQueuedSynchronizer$ConditionObject.awaitNanos(AbstractQueuedSynchronizer.java:2078)
        at org.eclipse.jetty.util.BlockingArrayQueue.poll(BlockingArrayQueue.java:382)
        at org.eclipse.jetty.util.thread.QueuedThreadPool$Runner.idleJobPoll(QueuedThreadPool.java:974)
        at org.eclipse.jetty.util.thread.QueuedThreadPool$Runner.run(QueuedThreadPool.java:1018)
        at java.lang.Thread.run(Thread.java:750)
"IPC Server handler 14 on default port 15000" daemon prio=5 tid=63 timed_waiting
java.lang.Thread.State: TIMED_WAITING
        at sun.misc.Unsafe.park(Native Method)
        at java.util.concurrent.locks.LockSupport.parkNanos(LockSupport.java:215)
        at java.util.concurrent.locks.AbstractQueuedSynchronizer$ConditionObject.awaitNanos(AbstractQueuedSynchronizer.java:2078)
        at java.util.concurrent.LinkedBlockingQueue.poll(LinkedBlockingQueue.java:467)
        at org.apache.hadoop.ipc.CallQueueManager.take(CallQueueManager.java:317)
        at org.apache.hadoop.ipc.Server$Handler.run(Server.java:3014)
"BlockDeletingService#2" daemon prio=5 tid=964 timed_waiting
java.lang.Thread.State: TIMED_WAITING
        at sun.misc.Unsafe.park(Native Method)
        at java.util.concurrent.locks.LockSupport.parkNanos(LockSupport.java:215)
        at java.util.concurrent.locks.AbstractQueuedSynchronizer$ConditionObject.awaitNanos(AbstractQueuedSynchronizer.java:2078)
        at java.util.concurrent.ScheduledThreadPoolExecutor$DelayedWorkQueue.take(ScheduledThreadPoolExecutor.java:1093)
        at java.util.concurrent.ScheduledThreadPoolExecutor$DelayedWorkQueue.take(ScheduledThreadPoolExecutor.java:809)
        at java.util.concurrent.ThreadPoolExecutor.getTask(ThreadPoolExecutor.java:1074)
        at java.util.concurrent.ThreadPoolExecutor.runWorker(ThreadPoolExecutor.java:1134)
        at java.util.concurrent.ThreadPoolExecutor$Worker.run(ThreadPoolExecutor.java:624)
        at java.lang.Thread.run(Thread.java:750)
"48be0ea8-46a6-4e80-b936-879c72e065d6@group-53A4DE1611EE->fe774388-89b0-43a1-8132-3e981ddd9c14-GrpcLogAppender-LogAppenderDaemon" daemon prio=5 tid=440 timed_waiting
java.lang.Thread.State: TIMED_WAITING
        at sun.misc.Unsafe.park(Native Method)
        at java.util.concurrent.locks.LockSupport.parkNanos(LockSupport.java:215)
        at java.util.concurrent.locks.AbstractQueuedSynchronizer$ConditionObject.await(AbstractQueuedSynchronizer.java:2163)
        at org.apache.ratis.util.AwaitForSignal.await(AwaitForSignal.java:62)
        at org.apache.ratis.grpc.server.GrpcLogAppender.mayWait(GrpcLogAppender.java:197)
        at org.apache.ratis.grpc.server.GrpcLogAppender.run(GrpcLogAppender.java:148)
        at org.apache.ratis.server.leader.LogAppenderDaemon.run(LogAppenderDaemon.java:78)
        at org.apache.ratis.server.leader.LogAppenderDaemon$$Lambda$1235/923736696.run(Unknown Source)
        at java.lang.Thread.run(Thread.java:750)
"qtp38442393-262" daemon prio=5 tid=262 timed_waiting
java.lang.Thread.State: TIMED_WAITING
        at sun.misc.Unsafe.park(Native Method)
        at java.util.concurrent.locks.LockSupport.parkNanos(LockSupport.java:215)
        at java.util.concurrent.locks.AbstractQueuedSynchronizer$ConditionObject.awaitNanos(AbstractQueuedSynchronizer.java:2078)
        at org.eclipse.jetty.util.BlockingArrayQueue.poll(BlockingArrayQueue.java:382)
        at org.eclipse.jetty.util.thread.QueuedThreadPool$Runner.idleJobPoll(QueuedThreadPool.java:974)
        at org.eclipse.jetty.util.thread.QueuedThreadPool$Runner.run(QueuedThreadPool.java:1018)
        at java.lang.Thread.run(Thread.java:750)
"IPC Server listener on 15028" daemon prio=5 tid=267 runnable
java.lang.Thread.State: RUNNABLE
        at sun.nio.ch.EPollArrayWrapper.epollWait(Native Method)
        at sun.nio.ch.EPollArrayWrapper.poll(EPollArrayWrapper.java:269)
        at sun.nio.ch.EPollSelectorImpl.doSelect(EPollSelectorImpl.java:93)
        at sun.nio.ch.SelectorImpl.lockAndDoSelect(SelectorImpl.java:86)
        at sun.nio.ch.SelectorImpl.select(SelectorImpl.java:97)
        at sun.nio.ch.SelectorImpl.select(SelectorImpl.java:101)
        at org.apache.hadoop.ipc.Server$Listener.run(Server.java:1408)
"SnapshotDeletingService#0" daemon prio=5 tid=151 timed_waiting
java.lang.Thread.State: TIMED_WAITING
        at sun.misc.Unsafe.park(Native Method)
        at java.util.concurrent.locks.LockSupport.parkNanos(LockSupport.java:215)
        at java.util.concurrent.locks.AbstractQueuedSynchronizer$ConditionObject.awaitNanos(AbstractQueuedSynchronizer.java:2078)
        at java.util.concurrent.ScheduledThreadPoolExecutor$DelayedWorkQueue.take(ScheduledThreadPoolExecutor.java:1093)
        at java.util.concurrent.ScheduledThreadPoolExecutor$DelayedWorkQueue.take(ScheduledThreadPoolExecutor.java:809)
        at java.util.concurrent.ThreadPoolExecutor.getTask(ThreadPoolExecutor.java:1074)
        at java.util.concurrent.ThreadPoolExecutor.runWorker(ThreadPoolExecutor.java:1134)
        at java.util.concurrent.ThreadPoolExecutor$Worker.run(ThreadPoolExecutor.java:624)
        at java.lang.Thread.run(Thread.java:750)
"StaleRecoveringContainerScrubbingService#0" daemon prio=5 tid=292 timed_waiting
java.lang.Thread.State: TIMED_WAITING
        at sun.misc.Unsafe.park(Native Method)
        at java.util.concurrent.locks.LockSupport.parkNanos(LockSupport.java:215)
        at java.util.concurrent.locks.AbstractQueuedSynchronizer$ConditionObject.awaitNanos(AbstractQueuedSynchronizer.java:2078)
        at java.util.concurrent.ScheduledThreadPoolExecutor$DelayedWorkQueue.take(ScheduledThreadPoolExecutor.java:1093)
        at java.util.concurrent.ScheduledThreadPoolExecutor$DelayedWorkQueue.take(ScheduledThreadPoolExecutor.java:809)
        at java.util.concurrent.ThreadPoolExecutor.getTask(ThreadPoolExecutor.java:1074)
        at java.util.concurrent.ThreadPoolExecutor.runWorker(ThreadPoolExecutor.java:1134)
        at java.util.concurrent.ThreadPoolExecutor$Worker.run(ThreadPoolExecutor.java:624)
        at java.lang.Thread.run(Thread.java:750)
"BlockDeletingService#3" daemon prio=5 tid=970 in Object.wait()
java.lang.Thread.State: WAITING (on object monitor)
        at sun.misc.Unsafe.park(Native Method)
        at java.util.concurrent.locks.LockSupport.park(LockSupport.java:175)
        at java.util.concurrent.locks.AbstractQueuedSynchronizer$ConditionObject.await(AbstractQueuedSynchronizer.java:2039)
        at java.util.concurrent.ScheduledThreadPoolExecutor$DelayedWorkQueue.take(ScheduledThreadPoolExecutor.java:1088)
        at java.util.concurrent.ScheduledThreadPoolExecutor$DelayedWorkQueue.take(ScheduledThreadPoolExecutor.java:809)
        at java.util.concurrent.ThreadPoolExecutor.getTask(ThreadPoolExecutor.java:1074)
        at java.util.concurrent.ThreadPoolExecutor.runWorker(ThreadPoolExecutor.java:1134)
        at java.util.concurrent.ThreadPoolExecutor$Worker.run(ThreadPoolExecutor.java:624)
        at java.lang.Thread.run(Thread.java:750)
"qtp1113751147-226" daemon prio=5 tid=226 timed_waiting
java.lang.Thread.State: TIMED_WAITING
        at sun.misc.Unsafe.park(Native Method)
        at java.util.concurrent.locks.LockSupport.parkNanos(LockSupport.java:215)
        at java.util.concurrent.locks.AbstractQueuedSynchronizer$ConditionObject.awaitNanos(AbstractQueuedSynchronizer.java:2078)
        at org.eclipse.jetty.util.BlockingArrayQueue.poll(BlockingArrayQueue.java:382)
        at org.eclipse.jetty.util.thread.QueuedThreadPool$Runner.idleJobPoll(QueuedThreadPool.java:974)
        at org.eclipse.jetty.util.thread.QueuedThreadPool$Runner.run(QueuedThreadPool.java:1018)
        at java.lang.Thread.run(Thread.java:750)
"qtp9916873-113" daemon prio=5 tid=113 runnable
java.lang.Thread.State: RUNNABLE
        at sun.nio.ch.EPollArrayWrapper.epollWait(Native Method)
        at sun.nio.ch.EPollArrayWrapper.poll(EPollArrayWrapper.java:269)
        at sun.nio.ch.EPollSelectorImpl.doSelect(EPollSelectorImpl.java:93)
        at sun.nio.ch.SelectorImpl.lockAndDoSelect(SelectorImpl.java:86)
        at sun.nio.ch.SelectorImpl.select(SelectorImpl.java:97)
        at sun.nio.ch.SelectorImpl.select(SelectorImpl.java:101)
        at org.eclipse.jetty.io.ManagedSelector.nioSelect(ManagedSelector.java:183)
        at org.eclipse.jetty.io.ManagedSelector.select(ManagedSelector.java:190)
        at org.eclipse.jetty.io.ManagedSelector$SelectorProducer.select(ManagedSelector.java:606)
        at org.eclipse.jetty.io.ManagedSelector$SelectorProducer.produce(ManagedSelector.java:543)
        at org.eclipse.jetty.util.thread.strategy.EatWhatYouKill.produceTask(EatWhatYouKill.java:362)
        at org.eclipse.jetty.util.thread.strategy.EatWhatYouKill.doProduce(EatWhatYouKill.java:186)
        at org.eclipse.jetty.util.thread.strategy.EatWhatYouKill.tryProduce(EatWhatYouKill.java:173)
        at org.eclipse.jetty.util.thread.strategy.EatWhatYouKill.produce(EatWhatYouKill.java:137)
        at org.eclipse.jetty.io.ManagedSelector$$Lambda$523/2133676028.run(Unknown Source)
        at org.eclipse.jetty.util.thread.QueuedThreadPool.runJob(QueuedThreadPool.java:883)
        at org.eclipse.jetty.util.thread.QueuedThreadPool$Runner.run(QueuedThreadPool.java:1034)
        at java.lang.Thread.run(Thread.java:750)
"prometheus" daemon prio=5 tid=122 in Object.wait()
java.lang.Thread.State: WAITING (on object monitor)
        at java.lang.Object.wait(Native Method)
        at java.lang.Object.wait(Object.java:502)
        at org.apache.hadoop.metrics2.impl.SinkQueue.waitForData(SinkQueue.java:114)
        at org.apache.hadoop.metrics2.impl.SinkQueue.consumeAll(SinkQueue.java:83)
        at org.apache.hadoop.metrics2.impl.MetricsSinkAdapter.publishMetricsFromQueue(MetricsSinkAdapter.java:135)
        at org.apache.hadoop.metrics2.impl.MetricsSinkAdapter$1.run(MetricsSinkAdapter.java:89)
"ChunkWriter-3-0" daemon prio=5 tid=288 in Object.wait()
java.lang.Thread.State: WAITING (on object monitor)
        at sun.misc.Unsafe.park(Native Method)
        at java.util.concurrent.locks.LockSupport.park(LockSupport.java:175)
        at java.util.concurrent.locks.AbstractQueuedSynchronizer$ConditionObject.await(AbstractQueuedSynchronizer.java:2039)
        at java.util.concurrent.LinkedBlockingDeque.takeFirst(LinkedBlockingDeque.java:492)
        at java.util.concurrent.LinkedBlockingDeque.take(LinkedBlockingDeque.java:680)
        at java.util.concurrent.ThreadPoolExecutor.getTask(ThreadPoolExecutor.java:1074)
        at java.util.concurrent.ThreadPoolExecutor.runWorker(ThreadPoolExecutor.java:1134)
        at java.util.concurrent.ThreadPoolExecutor$Worker.run(ThreadPoolExecutor.java:624)
        at java.lang.Thread.run(Thread.java:750)
"pool-135-thread-1"  prio=5 tid=257 timed_waiting
java.lang.Thread.State: TIMED_WAITING
        at sun.misc.Unsafe.park(Native Method)
        at java.util.concurrent.locks.LockSupport.parkNanos(LockSupport.java:215)
        at java.util.concurrent.locks.AbstractQueuedSynchronizer$ConditionObject.awaitNanos(AbstractQueuedSynchronizer.java:2078)
        at java.util.concurrent.ScheduledThreadPoolExecutor$DelayedWorkQueue.take(ScheduledThreadPoolExecutor.java:1093)
        at java.util.concurrent.ScheduledThreadPoolExecutor$DelayedWorkQueue.take(ScheduledThreadPoolExecutor.java:809)
        at java.util.concurrent.ThreadPoolExecutor.getTask(ThreadPoolExecutor.java:1074)
        at java.util.concurrent.ThreadPoolExecutor.runWorker(ThreadPoolExecutor.java:1134)
        at java.util.concurrent.ThreadPoolExecutor$Worker.run(ThreadPoolExecutor.java:624)
        at java.lang.Thread.run(Thread.java:750)
"IPC Server idle connection scanner for port 15019" daemon prio=5 tid=236 timed_waiting
java.lang.Thread.State: TIMED_WAITING
        at java.lang.Object.wait(Native Method)
        at java.util.TimerThread.mainLoop(Timer.java:552)
        at java.util.TimerThread.run(Timer.java:505)
"fe774388-89b0-43a1-8132-3e981ddd9c14-groupManagement"  prio=5 tid=340 in Object.wait()
java.lang.Thread.State: WAITING (on object monitor)
        at sun.misc.Unsafe.park(Native Method)
        at java.util.concurrent.locks.LockSupport.park(LockSupport.java:175)
        at java.util.concurrent.locks.AbstractQueuedSynchronizer$ConditionObject.await(AbstractQueuedSynchronizer.java:2039)
        at java.util.concurrent.LinkedBlockingQueue.take(LinkedBlockingQueue.java:442)
        at java.util.concurrent.ThreadPoolExecutor.getTask(ThreadPoolExecutor.java:1074)
        at java.util.concurrent.ThreadPoolExecutor.runWorker(ThreadPoolExecutor.java:1134)
        at java.util.concurrent.ThreadPoolExecutor$Worker.run(ThreadPoolExecutor.java:624)
        at java.lang.Thread.run(Thread.java:750)
"IPC Server handler 7 on default port 15001" daemon prio=5 tid=76 timed_waiting
java.lang.Thread.State: TIMED_WAITING
        at sun.misc.Unsafe.park(Native Method)
        at java.util.concurrent.locks.LockSupport.parkNanos(LockSupport.java:215)
        at java.util.concurrent.locks.AbstractQueuedSynchronizer$ConditionObject.awaitNanos(AbstractQueuedSynchronizer.java:2078)
        at java.util.concurrent.LinkedBlockingQueue.poll(LinkedBlockingQueue.java:467)
        at org.apache.hadoop.ipc.CallQueueManager.take(CallQueueManager.java:317)
        at org.apache.hadoop.ipc.Server$Handler.run(Server.java:3014)
"EventQueue-PipelineReportForPipelineReportHandler" daemon prio=5 tid=323 in Object.wait()
java.lang.Thread.State: WAITING (on object monitor)
        at sun.misc.Unsafe.park(Native Method)
        at java.util.concurrent.locks.LockSupport.park(LockSupport.java:175)
        at java.util.concurrent.locks.AbstractQueuedSynchronizer$ConditionObject.await(AbstractQueuedSynchronizer.java:2039)
        at java.util.concurrent.LinkedBlockingQueue.take(LinkedBlockingQueue.java:442)
        at java.util.concurrent.ThreadPoolExecutor.getTask(ThreadPoolExecutor.java:1074)
        at java.util.concurrent.ThreadPoolExecutor.runWorker(ThreadPoolExecutor.java:1134)
        at java.util.concurrent.ThreadPoolExecutor$Worker.run(ThreadPoolExecutor.java:624)
        at java.lang.Thread.run(Thread.java:750)
"ContainerOp-d220e5b9-ae7c-41b7-8547-aa8e299d83d3-4"  prio=5 tid=520 in Object.wait()
java.lang.Thread.State: WAITING (on object monitor)
        at sun.misc.Unsafe.park(Native Method)
        at java.util.concurrent.locks.LockSupport.park(LockSupport.java:175)
        at java.util.concurrent.locks.AbstractQueuedSynchronizer$ConditionObject.await(AbstractQueuedSynchronizer.java:2039)
        at java.util.concurrent.LinkedBlockingQueue.take(LinkedBlockingQueue.java:442)
        at java.util.concurrent.ThreadPoolExecutor.getTask(ThreadPoolExecutor.java:1074)
        at java.util.concurrent.ThreadPoolExecutor.runWorker(ThreadPoolExecutor.java:1134)
        at java.util.concurrent.ThreadPoolExecutor$Worker.run(ThreadPoolExecutor.java:624)
        at java.lang.Thread.run(Thread.java:750)
"FullTableCache Cleanup Thread - 0" daemon prio=5 tid=458 in Object.wait()
java.lang.Thread.State: WAITING (on object monitor)
        at sun.misc.Unsafe.park(Native Method)
        at java.util.concurrent.locks.LockSupport.park(LockSupport.java:175)
        at java.util.concurrent.locks.AbstractQueuedSynchronizer$ConditionObject.await(AbstractQueuedSynchronizer.java:2039)
        at java.util.concurrent.LinkedBlockingQueue.take(LinkedBlockingQueue.java:442)
        at java.util.concurrent.ThreadPoolExecutor.getTask(ThreadPoolExecutor.java:1074)
        at java.util.concurrent.ThreadPoolExecutor.runWorker(ThreadPoolExecutor.java:1134)
        at java.util.concurrent.ThreadPoolExecutor$Worker.run(ThreadPoolExecutor.java:624)
        at java.lang.Thread.run(Thread.java:750)
"Under Replicated Processor" daemon prio=5 tid=19 timed_waiting
java.lang.Thread.State: TIMED_WAITING
        at java.lang.Object.wait(Native Method)
        at org.apache.hadoop.hdds.scm.container.replication.UnhealthyReplicationProcessor.run(UnhealthyReplicationProcessor.java:174)
        at java.lang.Thread.run(Thread.java:750)
"IPC Server handler 3 on default port 15002" daemon prio=5 tid=92 timed_waiting
java.lang.Thread.State: TIMED_WAITING
        at sun.misc.Unsafe.park(Native Method)
        at java.util.concurrent.locks.LockSupport.parkNanos(LockSupport.java:215)
        at java.util.concurrent.locks.AbstractQueuedSynchronizer$ConditionObject.awaitNanos(AbstractQueuedSynchronizer.java:2078)
        at java.util.concurrent.LinkedBlockingQueue.poll(LinkedBlockingQueue.java:467)
        at org.apache.hadoop.ipc.CallQueueManager.take(CallQueueManager.java:317)
        at org.apache.hadoop.ipc.Server$Handler.run(Server.java:3014)
"Datanode State Machine Daemon Thread" daemon prio=5 tid=273 timed_waiting
java.lang.Thread.State: TIMED_WAITING
        at java.lang.Thread.sleep(Native Method)
        at org.apache.hadoop.ozone.container.common.statemachine.DatanodeStateMachine.startStateMachineThread(DatanodeStateMachine.java:349)
        at org.apache.hadoop.ozone.container.common.statemachine.DatanodeStateMachine.lambda$startDaemon$0(DatanodeStateMachine.java:532)
        at org.apache.hadoop.ozone.container.common.statemachine.DatanodeStateMachine$$Lambda$915/2005832332.run(Unknown Source)
        at java.lang.Thread.run(Thread.java:750)
"IPC Server handler 18 on default port 15004" daemon prio=5 tid=180 timed_waiting
java.lang.Thread.State: TIMED_WAITING
        at sun.misc.Unsafe.park(Native Method)
        at java.util.concurrent.locks.LockSupport.parkNanos(LockSupport.java:215)
        at java.util.concurrent.locks.AbstractQueuedSynchronizer$ConditionObject.awaitNanos(AbstractQueuedSynchronizer.java:2078)
        at java.util.concurrent.LinkedBlockingQueue.poll(LinkedBlockingQueue.java:467)
        at org.apache.hadoop.ipc.CallQueueManager.take(CallQueueManager.java:317)
        at org.apache.hadoop.ipc.Server$Handler.run(Server.java:3014)
"d2cb3656-736c-45ed-9177-765defc8baa4@group-AA8E299D83D3-LeaderStateImpl" daemon prio=5 tid=411 timed_waiting
java.lang.Thread.State: TIMED_WAITING
        at sun.misc.Unsafe.park(Native Method)
        at java.util.concurrent.locks.LockSupport.parkNanos(LockSupport.java:215)
        at java.util.concurrent.locks.AbstractQueuedSynchronizer$ConditionObject.awaitNanos(AbstractQueuedSynchronizer.java:2078)
        at java.util.concurrent.ArrayBlockingQueue.poll(ArrayBlockingQueue.java:418)
        at org.apache.ratis.server.impl.LeaderStateImpl$EventQueue.poll(LeaderStateImpl.java:164)
        at org.apache.ratis.server.impl.LeaderStateImpl$EventProcessor.run(LeaderStateImpl.java:702)
"IPC Server handler 19 on default port 15002" daemon prio=5 tid=108 timed_waiting
java.lang.Thread.State: TIMED_WAITING
        at sun.misc.Unsafe.park(Native Method)
        at java.util.concurrent.locks.LockSupport.parkNanos(LockSupport.java:215)
        at java.util.concurrent.locks.AbstractQueuedSynchronizer$ConditionObject.awaitNanos(AbstractQueuedSynchronizer.java:2078)
        at java.util.concurrent.LinkedBlockingQueue.poll(LinkedBlockingQueue.java:467)
        at org.apache.hadoop.ipc.CallQueueManager.take(CallQueueManager.java:317)
        at org.apache.hadoop.ipc.Server$Handler.run(Server.java:3014)
"Datanode ReportManager Thread - 1" daemon prio=5 tid=275 in Object.wait()
java.lang.Thread.State: WAITING (on object monitor)
        at sun.misc.Unsafe.park(Native Method)
        at java.util.concurrent.locks.LockSupport.park(LockSupport.java:175)
        at java.util.concurrent.locks.AbstractQueuedSynchronizer$ConditionObject.await(AbstractQueuedSynchronizer.java:2039)
        at java.util.concurrent.ScheduledThreadPoolExecutor$DelayedWorkQueue.take(ScheduledThreadPoolExecutor.java:1088)
        at java.util.concurrent.ScheduledThreadPoolExecutor$DelayedWorkQueue.take(ScheduledThreadPoolExecutor.java:809)
        at java.util.concurrent.ThreadPoolExecutor.getTask(ThreadPoolExecutor.java:1074)
        at java.util.concurrent.ThreadPoolExecutor.runWorker(ThreadPoolExecutor.java:1134)
        at java.util.concurrent.ThreadPoolExecutor$Worker.run(ThreadPoolExecutor.java:624)
        at java.lang.Thread.run(Thread.java:750)
"IPC Server handler 0 on default port 15019" daemon prio=5 tid=239 timed_waiting
java.lang.Thread.State: TIMED_WAITING
        at sun.misc.Unsafe.park(Native Method)
        at java.util.concurrent.locks.LockSupport.parkNanos(LockSupport.java:215)
        at java.util.concurrent.locks.AbstractQueuedSynchronizer$ConditionObject.awaitNanos(AbstractQueuedSynchronizer.java:2078)
        at java.util.concurrent.LinkedBlockingQueue.poll(LinkedBlockingQueue.java:467)
        at org.apache.hadoop.ipc.CallQueueManager.take(CallQueueManager.java:317)
        at org.apache.hadoop.ipc.Server$Handler.run(Server.java:3014)
"48be0ea8-46a6-4e80-b936-879c72e065d6@group-53A4DE1611EE->d2cb3656-736c-45ed-9177-765defc8baa4-GrpcLogAppender-LogAppenderDaemon" daemon prio=5 tid=441 timed_waiting
java.lang.Thread.State: TIMED_WAITING
        at sun.misc.Unsafe.park(Native Method)
        at java.util.concurrent.locks.LockSupport.parkNanos(LockSupport.java:215)
        at java.util.concurrent.locks.AbstractQueuedSynchronizer$ConditionObject.await(AbstractQueuedSynchronizer.java:2163)
        at org.apache.ratis.util.AwaitForSignal.await(AwaitForSignal.java:62)
        at org.apache.ratis.grpc.server.GrpcLogAppender.mayWait(GrpcLogAppender.java:197)
        at org.apache.ratis.grpc.server.GrpcLogAppender.run(GrpcLogAppender.java:148)
        at org.apache.ratis.server.leader.LogAppenderDaemon.run(LogAppenderDaemon.java:78)
        at org.apache.ratis.server.leader.LogAppenderDaemon$$Lambda$1235/923736696.run(Unknown Source)
        at java.lang.Thread.run(Thread.java:750)
"ContainerOp-d220e5b9-ae7c-41b7-8547-aa8e299d83d3-0"  prio=5 tid=507 in Object.wait()
java.lang.Thread.State: WAITING (on object monitor)
        at sun.misc.Unsafe.park(Native Method)
        at java.util.concurrent.locks.LockSupport.park(LockSupport.java:175)
        at java.util.concurrent.locks.AbstractQueuedSynchronizer$ConditionObject.await(AbstractQueuedSynchronizer.java:2039)
        at java.util.concurrent.LinkedBlockingQueue.take(LinkedBlockingQueue.java:442)
        at java.util.concurrent.ThreadPoolExecutor.getTask(ThreadPoolExecutor.java:1074)
        at java.util.concurrent.ThreadPoolExecutor.runWorker(ThreadPoolExecutor.java:1134)
        at java.util.concurrent.ThreadPoolExecutor$Worker.run(ThreadPoolExecutor.java:624)
        at java.lang.Thread.run(Thread.java:750)
"EventQueue-OpenPipelineForHealthyPipelineSafeModeRule" daemon prio=5 tid=332 in Object.wait()
java.lang.Thread.State: WAITING (on object monitor)
        at sun.misc.Unsafe.park(Native Method)
        at java.util.concurrent.locks.LockSupport.park(LockSupport.java:175)
        at java.util.concurrent.locks.AbstractQueuedSynchronizer$ConditionObject.await(AbstractQueuedSynchronizer.java:2039)
        at java.util.concurrent.LinkedBlockingQueue.take(LinkedBlockingQueue.java:442)
        at java.util.concurrent.ThreadPoolExecutor.getTask(ThreadPoolExecutor.java:1074)
        at java.util.concurrent.ThreadPoolExecutor.runWorker(ThreadPoolExecutor.java:1134)
        at java.util.concurrent.ThreadPoolExecutor$Worker.run(ThreadPoolExecutor.java:624)
        at java.lang.Thread.run(Thread.java:750)
"48be0ea8-46a6-4e80-b936-879c72e065d6@group-AA8E299D83D3-SegmentedRaftLogWorker"  prio=5 tid=333 timed_waiting
java.lang.Thread.State: TIMED_WAITING
        at sun.misc.Unsafe.park(Native Method)
        at java.util.concurrent.locks.LockSupport.parkNanos(LockSupport.java:215)
        at java.util.concurrent.locks.AbstractQueuedSynchronizer$ConditionObject.awaitNanos(AbstractQueuedSynchronizer.java:2078)
        at org.apache.ratis.util.DataBlockingQueue.poll(DataBlockingQueue.java:148)
        at org.apache.ratis.server.raftlog.segmented.SegmentedRaftLogWorker.run(SegmentedRaftLogWorker.java:307)
        at org.apache.ratis.server.raftlog.segmented.SegmentedRaftLogWorker$$Lambda$816/967752086.run(Unknown Source)
        at java.util.concurrent.Executors$RunnableAdapter.call(Executors.java:511)
        at java.util.concurrent.FutureTask.run(FutureTask.java:266)
        at java.util.concurrent.ThreadPoolExecutor.runWorker(ThreadPoolExecutor.java:1149)
        at java.util.concurrent.ThreadPoolExecutor$Worker.run(ThreadPoolExecutor.java:624)
        at java.lang.Thread.run(Thread.java:750)
"SnapshotDiffCleanupService#0" daemon prio=5 tid=128 timed_waiting
java.lang.Thread.State: TIMED_WAITING
        at sun.misc.Unsafe.park(Native Method)
        at java.util.concurrent.locks.LockSupport.parkNanos(LockSupport.java:215)
        at java.util.concurrent.locks.AbstractQueuedSynchronizer$ConditionObject.awaitNanos(AbstractQueuedSynchronizer.java:2078)
        at java.util.concurrent.ScheduledThreadPoolExecutor$DelayedWorkQueue.take(ScheduledThreadPoolExecutor.java:1093)
        at java.util.concurrent.ScheduledThreadPoolExecutor$DelayedWorkQueue.take(ScheduledThreadPoolExecutor.java:809)
        at java.util.concurrent.ThreadPoolExecutor.getTask(ThreadPoolExecutor.java:1074)
        at java.util.concurrent.ThreadPoolExecutor.runWorker(ThreadPoolExecutor.java:1134)
        at java.util.concurrent.ThreadPoolExecutor$Worker.run(ThreadPoolExecutor.java:624)
        at java.lang.Thread.run(Thread.java:750)
"IPC Server handler 0 on default port 15002" daemon prio=5 tid=89 timed_waiting
java.lang.Thread.State: TIMED_WAITING
        at sun.misc.Unsafe.park(Native Method)
        at java.util.concurrent.locks.LockSupport.parkNanos(LockSupport.java:215)
        at java.util.concurrent.locks.AbstractQueuedSynchronizer$ConditionObject.awaitNanos(AbstractQueuedSynchronizer.java:2078)
        at java.util.concurrent.LinkedBlockingQueue.poll(LinkedBlockingQueue.java:467)
        at org.apache.hadoop.ipc.CallQueueManager.take(CallQueueManager.java:317)
        at org.apache.hadoop.ipc.Server$Handler.run(Server.java:3014)
"Datanode ReportManager Thread - 4" daemon prio=5 tid=245 in Object.wait()
java.lang.Thread.State: WAITING (on object monitor)
        at sun.misc.Unsafe.park(Native Method)
        at java.util.concurrent.locks.LockSupport.park(LockSupport.java:175)
        at java.util.concurrent.locks.AbstractQueuedSynchronizer$ConditionObject.await(AbstractQueuedSynchronizer.java:2039)
        at java.util.concurrent.ScheduledThreadPoolExecutor$DelayedWorkQueue.take(ScheduledThreadPoolExecutor.java:1088)
        at java.util.concurrent.ScheduledThreadPoolExecutor$DelayedWorkQueue.take(ScheduledThreadPoolExecutor.java:809)
        at java.util.concurrent.ThreadPoolExecutor.getTask(ThreadPoolExecutor.java:1074)
        at java.util.concurrent.ThreadPoolExecutor.runWorker(ThreadPoolExecutor.java:1134)
        at java.util.concurrent.ThreadPoolExecutor$Worker.run(ThreadPoolExecutor.java:624)
        at java.lang.Thread.run(Thread.java:750)
"IPC Server Responder" daemon prio=5 tid=26 runnable
java.lang.Thread.State: RUNNABLE
        at sun.nio.ch.EPollArrayWrapper.epollWait(Native Method)
        at sun.nio.ch.EPollArrayWrapper.poll(EPollArrayWrapper.java:269)
        at sun.nio.ch.EPollSelectorImpl.doSelect(EPollSelectorImpl.java:93)
        at sun.nio.ch.SelectorImpl.lockAndDoSelect(SelectorImpl.java:86)
        at sun.nio.ch.SelectorImpl.select(SelectorImpl.java:97)
        at org.apache.hadoop.ipc.Server$Responder.doRunLoop(Server.java:1582)
        at org.apache.hadoop.ipc.Server$Responder.run(Server.java:1565)
"OM StateMachine ApplyTransaction Thread - 0" daemon prio=5 tid=456 in Object.wait()
java.lang.Thread.State: WAITING (on object monitor)
        at sun.misc.Unsafe.park(Native Method)
        at java.util.concurrent.locks.LockSupport.park(LockSupport.java:175)
        at java.util.concurrent.locks.AbstractQueuedSynchronizer$ConditionObject.await(AbstractQueuedSynchronizer.java:2039)
        at java.util.concurrent.LinkedBlockingQueue.take(LinkedBlockingQueue.java:442)
        at java.util.concurrent.ThreadPoolExecutor.getTask(ThreadPoolExecutor.java:1074)
        at java.util.concurrent.ThreadPoolExecutor.runWorker(ThreadPoolExecutor.java:1134)
        at java.util.concurrent.ThreadPoolExecutor$Worker.run(ThreadPoolExecutor.java:624)
        at java.lang.Thread.run(Thread.java:750)
"Datanode State Machine Daemon Thread" daemon prio=5 tid=240 timed_waiting
java.lang.Thread.State: TIMED_WAITING
        at java.lang.Thread.sleep(Native Method)
        at org.apache.hadoop.ozone.container.common.statemachine.DatanodeStateMachine.startStateMachineThread(DatanodeStateMachine.java:349)
        at org.apache.hadoop.ozone.container.common.statemachine.DatanodeStateMachine.lambda$startDaemon$0(DatanodeStateMachine.java:532)
        at org.apache.hadoop.ozone.container.common.statemachine.DatanodeStateMachine$$Lambda$915/2005832332.run(Unknown Source)
        at java.lang.Thread.run(Thread.java:750)
"EventQueue-PipelineReportForOneReplicaPipelineSafeModeRule" daemon prio=5 tid=322 in Object.wait()
java.lang.Thread.State: WAITING (on object monitor)
        at sun.misc.Unsafe.park(Native Method)
        at java.util.concurrent.locks.LockSupport.park(LockSupport.java:175)
        at java.util.concurrent.locks.AbstractQueuedSynchronizer$ConditionObject.await(AbstractQueuedSynchronizer.java:2039)
        at java.util.concurrent.LinkedBlockingQueue.take(LinkedBlockingQueue.java:442)
        at java.util.concurrent.ThreadPoolExecutor.getTask(ThreadPoolExecutor.java:1074)
        at java.util.concurrent.ThreadPoolExecutor.runWorker(ThreadPoolExecutor.java:1134)
        at java.util.concurrent.ThreadPoolExecutor$Worker.run(ThreadPoolExecutor.java:624)
        at java.lang.Thread.run(Thread.java:750)
"IPC Server handler 17 on default port 15000" daemon prio=5 tid=66 timed_waiting
java.lang.Thread.State: TIMED_WAITING
        at sun.misc.Unsafe.park(Native Method)
        at java.util.concurrent.locks.LockSupport.parkNanos(LockSupport.java:215)
        at java.util.concurrent.locks.AbstractQueuedSynchronizer$ConditionObject.awaitNanos(AbstractQueuedSynchronizer.java:2078)
        at java.util.concurrent.LinkedBlockingQueue.poll(LinkedBlockingQueue.java:467)
        at org.apache.hadoop.ipc.CallQueueManager.take(CallQueueManager.java:317)
        at org.apache.hadoop.ipc.Server$Handler.run(Server.java:3014)
"48be0ea8-46a6-4e80-b936-879c72e065d6@group-12AE4BFA76DF-StateMachineUpdater" daemon prio=5 tid=331 timed_waiting
java.lang.Thread.State: TIMED_WAITING
        at sun.misc.Unsafe.park(Native Method)
        at java.util.concurrent.locks.LockSupport.parkNanos(LockSupport.java:215)
        at java.util.concurrent.locks.AbstractQueuedSynchronizer$ConditionObject.await(AbstractQueuedSynchronizer.java:2163)
        at org.apache.ratis.util.AwaitForSignal.await(AwaitForSignal.java:62)
        at org.apache.ratis.server.impl.StateMachineUpdater.waitForCommit(StateMachineUpdater.java:209)
        at org.apache.ratis.server.impl.StateMachineUpdater.run(StateMachineUpdater.java:178)
        at java.lang.Thread.run(Thread.java:750)
"Session-HouseKeeper-6689e1b3-1"  prio=5 tid=161 timed_waiting
java.lang.Thread.State: TIMED_WAITING
        at sun.misc.Unsafe.park(Native Method)
        at java.util.concurrent.locks.LockSupport.parkNanos(LockSupport.java:215)
        at java.util.concurrent.locks.AbstractQueuedSynchronizer$ConditionObject.awaitNanos(AbstractQueuedSynchronizer.java:2078)
        at java.util.concurrent.ScheduledThreadPoolExecutor$DelayedWorkQueue.take(ScheduledThreadPoolExecutor.java:1093)
        at java.util.concurrent.ScheduledThreadPoolExecutor$DelayedWorkQueue.take(ScheduledThreadPoolExecutor.java:809)
        at java.util.concurrent.ThreadPoolExecutor.getTask(ThreadPoolExecutor.java:1074)
        at java.util.concurrent.ThreadPoolExecutor.runWorker(ThreadPoolExecutor.java:1134)
        at java.util.concurrent.ThreadPoolExecutor$Worker.run(ThreadPoolExecutor.java:624)
        at java.lang.Thread.run(Thread.java:750)
"IPC Server listener on 15001" daemon prio=5 tid=28 runnable
java.lang.Thread.State: RUNNABLE
        at sun.nio.ch.EPollArrayWrapper.epollWait(Native Method)
        at sun.nio.ch.EPollArrayWrapper.poll(EPollArrayWrapper.java:269)
        at sun.nio.ch.EPollSelectorImpl.doSelect(EPollSelectorImpl.java:93)
        at sun.nio.ch.SelectorImpl.lockAndDoSelect(SelectorImpl.java:86)
        at sun.nio.ch.SelectorImpl.select(SelectorImpl.java:97)
        at sun.nio.ch.SelectorImpl.select(SelectorImpl.java:101)
        at org.apache.hadoop.ipc.Server$Listener.run(Server.java:1408)
"EventQueue-DatanodeCommandForSCMNodeManager"  prio=5 tid=324 in Object.wait()
java.lang.Thread.State: WAITING (on object monitor)
        at sun.misc.Unsafe.park(Native Method)
        at java.util.concurrent.locks.LockSupport.park(LockSupport.java:175)
        at java.util.concurrent.locks.AbstractQueuedSynchronizer$ConditionObject.await(AbstractQueuedSynchronizer.java:2039)
        at java.util.concurrent.LinkedBlockingQueue.take(LinkedBlockingQueue.java:442)
        at java.util.concurrent.ThreadPoolExecutor.getTask(ThreadPoolExecutor.java:1074)
        at java.util.concurrent.ThreadPoolExecutor.runWorker(ThreadPoolExecutor.java:1134)
        at java.util.concurrent.ThreadPoolExecutor$Worker.run(ThreadPoolExecutor.java:624)
        at java.lang.Thread.run(Thread.java:750)
"IPC Server handler 10 on default port 15002" daemon prio=5 tid=99 timed_waiting
java.lang.Thread.State: TIMED_WAITING
        at sun.misc.Unsafe.park(Native Method)
        at java.util.concurrent.locks.LockSupport.parkNanos(LockSupport.java:215)
        at java.util.concurrent.locks.AbstractQueuedSynchronizer$ConditionObject.awaitNanos(AbstractQueuedSynchronizer.java:2078)
        at java.util.concurrent.LinkedBlockingQueue.poll(LinkedBlockingQueue.java:467)
        at org.apache.hadoop.ipc.CallQueueManager.take(CallQueueManager.java:317)
        at org.apache.hadoop.ipc.Server$Handler.run(Server.java:3014)
"StaleRecoveringContainerScrubbingService#0" daemon prio=5 tid=316 timed_waiting
java.lang.Thread.State: TIMED_WAITING
        at sun.misc.Unsafe.park(Native Method)
        at java.util.concurrent.locks.LockSupport.parkNanos(LockSupport.java:215)
        at java.util.concurrent.locks.AbstractQueuedSynchronizer$ConditionObject.awaitNanos(AbstractQueuedSynchronizer.java:2078)
        at java.util.concurrent.ScheduledThreadPoolExecutor$DelayedWorkQueue.take(ScheduledThreadPoolExecutor.java:1093)
        at java.util.concurrent.ScheduledThreadPoolExecutor$DelayedWorkQueue.take(ScheduledThreadPoolExecutor.java:809)
        at java.util.concurrent.ThreadPoolExecutor.getTask(ThreadPoolExecutor.java:1074)
        at java.util.concurrent.ThreadPoolExecutor.runWorker(ThreadPoolExecutor.java:1134)
        at java.util.concurrent.ThreadPoolExecutor$Worker.run(ThreadPoolExecutor.java:624)
        at java.lang.Thread.run(Thread.java:750)
"IPC Server handler 18 on default port 15002" daemon prio=5 tid=107 timed_waiting
java.lang.Thread.State: TIMED_WAITING
        at sun.misc.Unsafe.park(Native Method)
        at java.util.concurrent.locks.LockSupport.parkNanos(LockSupport.java:215)
        at java.util.concurrent.locks.AbstractQueuedSynchronizer$ConditionObject.awaitNanos(AbstractQueuedSynchronizer.java:2078)
        at java.util.concurrent.LinkedBlockingQueue.poll(LinkedBlockingQueue.java:467)
        at org.apache.hadoop.ipc.CallQueueManager.take(CallQueueManager.java:317)
        at org.apache.hadoop.ipc.Server$Handler.run(Server.java:3014)
"48be0ea8-46a6-4e80-b936-879c72e065d6-groupManagement"  prio=5 tid=328 in Object.wait()
java.lang.Thread.State: WAITING (on object monitor)
        at sun.misc.Unsafe.park(Native Method)
        at java.util.concurrent.locks.LockSupport.park(LockSupport.java:175)
        at java.util.concurrent.locks.AbstractQueuedSynchronizer$ConditionObject.await(AbstractQueuedSynchronizer.java:2039)
        at java.util.concurrent.LinkedBlockingQueue.take(LinkedBlockingQueue.java:442)
        at java.util.concurrent.ThreadPoolExecutor.getTask(ThreadPoolExecutor.java:1074)
        at java.util.concurrent.ThreadPoolExecutor.runWorker(ThreadPoolExecutor.java:1134)
        at java.util.concurrent.ThreadPoolExecutor$Worker.run(ThreadPoolExecutor.java:624)
        at java.lang.Thread.run(Thread.java:750)
"qtp9916873-114-acceptor-0@7840b9b7-ServerConnector@435848de{HTTP/1.1, (http/1.1)}{0.0.0.0:15003}" daemon prio=3 tid=114 runnable
java.lang.Thread.State: RUNNABLE
        at sun.nio.ch.ServerSocketChannelImpl.accept0(Native Method)
        at sun.nio.ch.ServerSocketChannelImpl.accept(ServerSocketChannelImpl.java:421)
        at sun.nio.ch.ServerSocketChannelImpl.accept(ServerSocketChannelImpl.java:249)
        at org.eclipse.jetty.server.ServerConnector.accept(ServerConnector.java:388)
        at org.eclipse.jetty.server.AbstractConnector$Acceptor.run(AbstractConnector.java:704)
        at org.eclipse.jetty.util.thread.QueuedThreadPool.runJob(QueuedThreadPool.java:883)
        at org.eclipse.jetty.util.thread.QueuedThreadPool$Runner.run(QueuedThreadPool.java:1034)
        at java.lang.Thread.run(Thread.java:750)
"EventQueue-NodeRegistrationContainerReportForContainerSafeModeRule" daemon prio=5 tid=320 in Object.wait()
java.lang.Thread.State: WAITING (on object monitor)
        at sun.misc.Unsafe.park(Native Method)
        at java.util.concurrent.locks.LockSupport.park(LockSupport.java:175)
        at java.util.concurrent.locks.AbstractQueuedSynchronizer$ConditionObject.await(AbstractQueuedSynchronizer.java:2039)
        at java.util.concurrent.LinkedBlockingQueue.take(LinkedBlockingQueue.java:442)
        at java.util.concurrent.ThreadPoolExecutor.getTask(ThreadPoolExecutor.java:1074)
        at java.util.concurrent.ThreadPoolExecutor.runWorker(ThreadPoolExecutor.java:1134)
        at java.util.concurrent.ThreadPoolExecutor$Worker.run(ThreadPoolExecutor.java:624)
        at java.lang.Thread.run(Thread.java:750)
"Datanode ReportManager Thread - 0" daemon prio=5 tid=274 in Object.wait()
java.lang.Thread.State: WAITING (on object monitor)
        at sun.misc.Unsafe.park(Native Method)
        at java.util.concurrent.locks.LockSupport.park(LockSupport.java:175)
        at java.util.concurrent.locks.AbstractQueuedSynchronizer$ConditionObject.await(AbstractQueuedSynchronizer.java:2039)
        at java.util.concurrent.ScheduledThreadPoolExecutor$DelayedWorkQueue.take(ScheduledThreadPoolExecutor.java:1088)
        at java.util.concurrent.ScheduledThreadPoolExecutor$DelayedWorkQueue.take(ScheduledThreadPoolExecutor.java:809)
        at java.util.concurrent.ThreadPoolExecutor.getTask(ThreadPoolExecutor.java:1074)
        at java.util.concurrent.ThreadPoolExecutor.runWorker(ThreadPoolExecutor.java:1134)
        at java.util.concurrent.ThreadPoolExecutor$Worker.run(ThreadPoolExecutor.java:624)
        at java.lang.Thread.run(Thread.java:750)
"Datanode State Machine Task Thread - 0"  prio=5 tid=280 in Object.wait()
java.lang.Thread.State: WAITING (on object monitor)
        at sun.misc.Unsafe.park(Native Method)
        at java.util.concurrent.locks.LockSupport.park(LockSupport.java:175)
        at java.util.concurrent.locks.AbstractQueuedSynchronizer$ConditionObject.await(AbstractQueuedSynchronizer.java:2039)
        at java.util.concurrent.LinkedBlockingQueue.take(LinkedBlockingQueue.java:442)
        at java.util.concurrent.ThreadPoolExecutor.getTask(ThreadPoolExecutor.java:1074)
        at java.util.concurrent.ThreadPoolExecutor.runWorker(ThreadPoolExecutor.java:1134)
        at java.util.concurrent.ThreadPoolExecutor$Worker.run(ThreadPoolExecutor.java:624)
        at java.lang.Thread.run(Thread.java:750)
"IPC Server handler 9 on default port 15001" daemon prio=5 tid=78 timed_waiting
java.lang.Thread.State: TIMED_WAITING
        at sun.misc.Unsafe.park(Native Method)
        at java.util.concurrent.locks.LockSupport.parkNanos(LockSupport.java:215)
        at java.util.concurrent.locks.AbstractQueuedSynchronizer$ConditionObject.awaitNanos(AbstractQueuedSynchronizer.java:2078)
        at java.util.concurrent.LinkedBlockingQueue.poll(LinkedBlockingQueue.java:467)
        at org.apache.hadoop.ipc.CallQueueManager.take(CallQueueManager.java:317)
        at org.apache.hadoop.ipc.Server$Handler.run(Server.java:3014)
"IPC Server handler 0 on default port 15004" daemon prio=5 tid=162 timed_waiting
java.lang.Thread.State: TIMED_WAITING
        at sun.misc.Unsafe.park(Native Method)
        at java.util.concurrent.locks.LockSupport.parkNanos(LockSupport.java:215)
        at java.util.concurrent.locks.AbstractQueuedSynchronizer$ConditionObject.awaitNanos(AbstractQueuedSynchronizer.java:2078)
        at java.util.concurrent.LinkedBlockingQueue.poll(LinkedBlockingQueue.java:467)
        at org.apache.hadoop.ipc.CallQueueManager.take(CallQueueManager.java:317)
        at org.apache.hadoop.ipc.Server$Handler.run(Server.java:3014)
"ContainerOp-d220e5b9-ae7c-41b7-8547-aa8e299d83d3-9"  prio=5 tid=538 in Object.wait()
java.lang.Thread.State: WAITING (on object monitor)
        at sun.misc.Unsafe.park(Native Method)
        at java.util.concurrent.locks.LockSupport.park(LockSupport.java:175)
        at java.util.concurrent.locks.AbstractQueuedSynchronizer$ConditionObject.await(AbstractQueuedSynchronizer.java:2039)
        at java.util.concurrent.LinkedBlockingQueue.take(LinkedBlockingQueue.java:442)
        at java.util.concurrent.ThreadPoolExecutor.getTask(ThreadPoolExecutor.java:1074)
        at java.util.concurrent.ThreadPoolExecutor.runWorker(ThreadPoolExecutor.java:1134)
        at java.util.concurrent.ThreadPoolExecutor$Worker.run(ThreadPoolExecutor.java:624)
        at java.lang.Thread.run(Thread.java:750)
"ContainerOp-60c550eb-c91e-4f73-bcc1-53a4de1611ee-9"  prio=5 tid=499 in Object.wait()
java.lang.Thread.State: WAITING (on object monitor)
        at sun.misc.Unsafe.park(Native Method)
        at java.util.concurrent.locks.LockSupport.park(LockSupport.java:175)
        at java.util.concurrent.locks.AbstractQueuedSynchronizer$ConditionObject.await(AbstractQueuedSynchronizer.java:2039)
        at java.util.concurrent.LinkedBlockingQueue.take(LinkedBlockingQueue.java:442)
        at java.util.concurrent.ThreadPoolExecutor.getTask(ThreadPoolExecutor.java:1074)
        at java.util.concurrent.ThreadPoolExecutor.runWorker(ThreadPoolExecutor.java:1134)
        at java.util.concurrent.ThreadPoolExecutor$Worker.run(ThreadPoolExecutor.java:624)
        at java.lang.Thread.run(Thread.java:750)
"ContainerOp-d220e5b9-ae7c-41b7-8547-aa8e299d83d3-7"  prio=5 tid=530 in Object.wait()
java.lang.Thread.State: WAITING (on object monitor)
        at sun.misc.Unsafe.park(Native Method)
        at java.util.concurrent.locks.LockSupport.park(LockSupport.java:175)
        at java.util.concurrent.locks.AbstractQueuedSynchronizer$ConditionObject.await(AbstractQueuedSynchronizer.java:2039)
        at java.util.concurrent.LinkedBlockingQueue.take(LinkedBlockingQueue.java:442)
        at java.util.concurrent.ThreadPoolExecutor.getTask(ThreadPoolExecutor.java:1074)
        at java.util.concurrent.ThreadPoolExecutor.runWorker(ThreadPoolExecutor.java:1134)
        at java.util.concurrent.ThreadPoolExecutor$Worker.run(ThreadPoolExecutor.java:624)
        at java.lang.Thread.run(Thread.java:750)
"48be0ea8-46a6-4e80-b936-879c72e065d6@group-12AE4BFA76DF-LeaderStateImpl" daemon prio=5 tid=398 timed_waiting
java.lang.Thread.State: TIMED_WAITING
        at sun.misc.Unsafe.park(Native Method)
        at java.util.concurrent.locks.LockSupport.parkNanos(LockSupport.java:215)
        at java.util.concurrent.locks.AbstractQueuedSynchronizer$ConditionObject.awaitNanos(AbstractQueuedSynchronizer.java:2078)
        at java.util.concurrent.ArrayBlockingQueue.poll(ArrayBlockingQueue.java:418)
        at org.apache.ratis.server.impl.LeaderStateImpl$EventQueue.poll(LeaderStateImpl.java:164)
        at org.apache.ratis.server.impl.LeaderStateImpl$EventProcessor.run(LeaderStateImpl.java:702)
"IPC Server handler 5 on default port 15000" daemon prio=5 tid=54 timed_waiting
java.lang.Thread.State: TIMED_WAITING
        at sun.misc.Unsafe.park(Native Method)
        at java.util.concurrent.locks.LockSupport.parkNanos(LockSupport.java:215)
        at java.util.concurrent.locks.AbstractQueuedSynchronizer$ConditionObject.awaitNanos(AbstractQueuedSynchronizer.java:2078)
        at java.util.concurrent.LinkedBlockingQueue.poll(LinkedBlockingQueue.java:467)
        at org.apache.hadoop.ipc.CallQueueManager.take(CallQueueManager.java:317)
        at org.apache.hadoop.ipc.Server$Handler.run(Server.java:3014)
"surefire-forkedjvm-command-thread" daemon prio=5 tid=10 runnable
java.lang.Thread.State: RUNNABLE
        at java.io.FileInputStream.readBytes(Native Method)
        at java.io.FileInputStream.read(FileInputStream.java:255)
        at java.io.BufferedInputStream.read1(BufferedInputStream.java:284)
        at java.io.BufferedInputStream.read(BufferedInputStream.java:345)
        at java.io.BufferedInputStream.fill(BufferedInputStream.java:246)
        at java.io.BufferedInputStream.read1(BufferedInputStream.java:286)
        at java.io.BufferedInputStream.read(BufferedInputStream.java:345)
        at org.apache.maven.surefire.api.util.internal.Channels$3.readImpl(Channels.java:214)
        at org.apache.maven.surefire.api.util.internal.AbstractNoninterruptibleReadableChannel.read(AbstractNoninterruptibleReadableChannel.java:54)
        at org.apache.maven.surefire.booter.spi.LegacyMasterProcessChannelDecoder.decode(LegacyMasterProcessChannelDecoder.java:80)
        at org.apache.maven.surefire.booter.CommandReader$CommandRunnable.run(CommandReader.java:343)
        at java.lang.Thread.run(Thread.java:750)
"Session-HouseKeeper-7f2b7766-1"  prio=5 tid=232 timed_waiting
java.lang.Thread.State: TIMED_WAITING
        at sun.misc.Unsafe.park(Native Method)
        at java.util.concurrent.locks.LockSupport.parkNanos(LockSupport.java:215)
        at java.util.concurrent.locks.AbstractQueuedSynchronizer$ConditionObject.awaitNanos(AbstractQueuedSynchronizer.java:2078)
        at java.util.concurrent.ScheduledThreadPoolExecutor$DelayedWorkQueue.take(ScheduledThreadPoolExecutor.java:1093)
        at java.util.concurrent.ScheduledThreadPoolExecutor$DelayedWorkQueue.take(ScheduledThreadPoolExecutor.java:809)
        at java.util.concurrent.ThreadPoolExecutor.getTask(ThreadPoolExecutor.java:1074)
        at java.util.concurrent.ThreadPoolExecutor.runWorker(ThreadPoolExecutor.java:1134)
        at java.util.concurrent.ThreadPoolExecutor$Worker.run(ThreadPoolExecutor.java:624)
        at java.lang.Thread.run(Thread.java:750)
"IPC Server handler 16 on default port 15004" daemon prio=5 tid=178 timed_waiting
java.lang.Thread.State: TIMED_WAITING
        at sun.misc.Unsafe.park(Native Method)
        at java.util.concurrent.locks.LockSupport.parkNanos(LockSupport.java:215)
        at java.util.concurrent.locks.AbstractQueuedSynchronizer$ConditionObject.awaitNanos(AbstractQueuedSynchronizer.java:2078)
        at java.util.concurrent.LinkedBlockingQueue.poll(LinkedBlockingQueue.java:467)
        at org.apache.hadoop.ipc.CallQueueManager.take(CallQueueManager.java:317)
        at org.apache.hadoop.ipc.Server$Handler.run(Server.java:3014)
"main"  prio=5 tid=1 runnable
java.lang.Thread.State: RUNNABLE
        at java.lang.Thread.dumpThreads(Native Method)
        at java.lang.Thread.getAllStackTraces(Thread.java:1615)
        at org.apache.ozone.test.TimedOutTestsListener.buildThreadDump(TimedOutTestsListener.java:93)
        at org.apache.ozone.test.TimedOutTestsListener.buildThreadDiagnosticString(TimedOutTestsListener.java:79)
        at org.apache.ozone.test.GenericTestUtils.waitFor(GenericTestUtils.java:232)
        at org.apache.hadoop.fs.ozone.TestSnapshotDeletingService.assertTableRowCount(TestSnapshotDeletingService.java:555)
        at org.apache.hadoop.fs.ozone.TestSnapshotDeletingService.testSnapshotWithFSO(TestSnapshotDeletingService.java:426)
        at sun.reflect.NativeMethodAccessorImpl.invoke0(Native Method)
        at sun.reflect.NativeMethodAccessorImpl.invoke(NativeMethodAccessorImpl.java:62)
        at sun.reflect.DelegatingMethodAccessorImpl.invoke(DelegatingMethodAccessorImpl.java:43)
        at java.lang.reflect.Method.invoke(Method.java:498)
        at org.junit.platform.commons.util.ReflectionUtils.invokeMethod(ReflectionUtils.java:725)
        at org.junit.jupiter.engine.execution.MethodInvocation.proceed(MethodInvocation.java:60)
        at org.junit.jupiter.engine.execution.InvocationInterceptorChain$ValidatingInvocation.proceed(InvocationInterceptorChain.java:131)
        at org.junit.jupiter.engine.extension.TimeoutExtension.intercept(TimeoutExtension.java:149)
        at org.junit.jupiter.engine.extension.TimeoutExtension.interceptTestableMethod(TimeoutExtension.java:140)
        at org.junit.jupiter.engine.extension.TimeoutExtension.interceptTestMethod(TimeoutExtension.java:84)
        at org.junit.jupiter.engine.descriptor.TestMethodTestDescriptor$$Lambda$158/1664576493.apply(Unknown Source)
        at org.junit.jupiter.engine.execution.ExecutableInvoker$ReflectiveInterceptorCall.lambda$ofVoidMethod$0(ExecutableInvoker.java:115)
        at org.junit.jupiter.engine.execution.ExecutableInvoker$ReflectiveInterceptorCall$$Lambda$159/910599202.apply(Unknown Source)
        at org.junit.jupiter.engine.execution.ExecutableInvoker.lambda$invoke$0(ExecutableInvoker.java:105)
        at org.junit.jupiter.engine.execution.ExecutableInvoker$$Lambda$318/737104370.apply(Unknown Source)
        at org.junit.jupiter.engine.execution.InvocationInterceptorChain$InterceptedInvocation.proceed(InvocationInterceptorChain.java:106)
        at org.junit.jupiter.engine.execution.InvocationInterceptorChain.proceed(InvocationInterceptorChain.java:64)
        at org.junit.jupiter.engine.execution.InvocationInterceptorChain.chainAndInvoke(InvocationInterceptorChain.java:45)
        at org.junit.jupiter.engine.execution.InvocationInterceptorChain.invoke(InvocationInterceptorChain.java:37)
        at org.junit.jupiter.engine.execution.ExecutableInvoker.invoke(ExecutableInvoker.java:104)
        at org.junit.jupiter.engine.execution.ExecutableInvoker.invoke(ExecutableInvoker.java:98)
        at org.junit.jupiter.engine.descriptor.TestMethodTestDescriptor.lambda$invokeTestMethod$7(TestMethodTestDescriptor.java:214)
        at org.junit.jupiter.engine.descriptor.TestMethodTestDescriptor$$Lambda$1353/1163221051.execute(Unknown Source)
        at org.junit.platform.engine.support.hierarchical.ThrowableCollector.execute(ThrowableCollector.java:73)
        at org.junit.jupiter.engine.descriptor.TestMethodTestDescriptor.invokeTestMethod(TestMethodTestDescriptor.java:210)
        at org.junit.jupiter.engine.descriptor.TestMethodTestDescriptor.execute(TestMethodTestDescriptor.java:135)
        at org.junit.jupiter.engine.descriptor.TestMethodTestDescriptor.execute(TestMethodTestDescriptor.java:66)
        at org.junit.platform.engine.support.hierarchical.NodeTestTask.lambda$executeRecursively$6(NodeTestTask.java:151)
        at org.junit.platform.engine.support.hierarchical.NodeTestTask$$Lambda$258/442199874.execute(Unknown Source)
        at org.junit.platform.engine.support.hierarchical.ThrowableCollector.execute(ThrowableCollector.java:73)
        at org.junit.platform.engine.support.hierarchical.NodeTestTask.lambda$executeRecursively$8(NodeTestTask.java:141)
        at org.junit.platform.engine.support.hierarchical.NodeTestTask$$Lambda$257/2133655103.invoke(Unknown Source)
        at org.junit.platform.engine.support.hierarchical.Node.around(Node.java:137)
        at org.junit.platform.engine.support.hierarchical.NodeTestTask.lambda$executeRecursively$9(NodeTestTask.java:139)
        at org.junit.platform.engine.support.hierarchical.NodeTestTask$$Lambda$256/1342346098.execute(Unknown Source)
        at org.junit.platform.engine.support.hierarchical.ThrowableCollector.execute(ThrowableCollector.java:73)
        at org.junit.platform.engine.support.hierarchical.NodeTestTask.executeRecursively(NodeTestTask.java:138)
        at org.junit.platform.engine.support.hierarchical.NodeTestTask.execute(NodeTestTask.java:95)
        at org.junit.platform.engine.support.hierarchical.SameThreadHierarchicalTestExecutorService$$Lambda$262/1267149311.accept(Unknown Source)
        at java.util.ArrayList.forEach(ArrayList.java:1259)
        at org.junit.platform.engine.support.hierarchical.SameThreadHierarchicalTestExecutorService.invokeAll(SameThreadHierarchicalTestExecutorService.java:41)
        at org.junit.platform.engine.support.hierarchical.NodeTestTask.lambda$executeRecursively$6(NodeTestTask.java:155)
        at org.junit.platform.engine.support.hierarchical.NodeTestTask$$Lambda$258/442199874.execute(Unknown Source)
        at org.junit.platform.engine.support.hierarchical.ThrowableCollector.execute(ThrowableCollector.java:73)
        at org.junit.platform.engine.support.hierarchical.NodeTestTask.lambda$executeRecursively$8(NodeTestTask.java:141)
        at org.junit.platform.engine.support.hierarchical.NodeTestTask$$Lambda$257/2133655103.invoke(Unknown Source)
        at org.junit.platform.engine.support.hierarchical.Node.around(Node.java:137)
        at org.junit.platform.engine.support.hierarchical.NodeTestTask.lambda$executeRecursively$9(NodeTestTask.java:139)
        at org.junit.platform.engine.support.hierarchical.NodeTestTask$$Lambda$256/1342346098.execute(Unknown Source)
        at org.junit.platform.engine.support.hierarchical.ThrowableCollector.execute(ThrowableCollector.java:73)
        at org.junit.platform.engine.support.hierarchical.NodeTestTask.executeRecursively(NodeTestTask.java:138)
        at org.junit.platform.engine.support.hierarchical.NodeTestTask.execute(NodeTestTask.java:95)
        at org.junit.platform.engine.support.hierarchical.SameThreadHierarchicalTestExecutorService$$Lambda$262/1267149311.accept(Unknown Source)
        at java.util.ArrayList.forEach(ArrayList.java:1259)
        at org.junit.platform.engine.support.hierarchical.SameThreadHierarchicalTestExecutorService.invokeAll(SameThreadHierarchicalTestExecutorService.java:41)
        at org.junit.platform.engine.support.hierarchical.NodeTestTask.lambda$executeRecursively$6(NodeTestTask.java:155)
        at org.junit.platform.engine.support.hierarchical.NodeTestTask$$Lambda$258/442199874.execute(Unknown Source)
        at org.junit.platform.engine.support.hierarchical.ThrowableCollector.execute(ThrowableCollector.java:73)
        at org.junit.platform.engine.support.hierarchical.NodeTestTask.lambda$executeRecursively$8(NodeTestTask.java:141)
        at org.junit.platform.engine.support.hierarchical.NodeTestTask$$Lambda$257/2133655103.invoke(Unknown Source)
        at org.junit.platform.engine.support.hierarchical.Node.around(Node.java:137)
        at org.junit.platform.engine.support.hierarchical.NodeTestTask.lambda$executeRecursively$9(NodeTestTask.java:139)
        at org.junit.platform.engine.support.hierarchical.NodeTestTask$$Lambda$256/1342346098.execute(Unknown Source)
        at org.junit.platform.engine.support.hierarchical.ThrowableCollector.execute(ThrowableCollector.java:73)
        at org.junit.platform.engine.support.hierarchical.NodeTestTask.executeRecursively(NodeTestTask.java:138)
        at org.junit.platform.engine.support.hierarchical.NodeTestTask.execute(NodeTestTask.java:95)
        at org.junit.platform.engine.support.hierarchical.SameThreadHierarchicalTestExecutorService.submit(SameThreadHierarchicalTestExecutorService.java:35)
        at org.junit.platform.engine.support.hierarchical.HierarchicalTestExecutor.execute(HierarchicalTestExecutor.java:57)
        at org.junit.platform.engine.support.hierarchical.HierarchicalTestEngine.execute(HierarchicalTestEngine.java:54)
        at org.junit.platform.launcher.core.EngineExecutionOrchestrator.execute(EngineExecutionOrchestrator.java:107)
        at org.junit.platform.launcher.core.EngineExecutionOrchestrator.execute(EngineExecutionOrchestrator.java:88)
        at org.junit.platform.launcher.core.EngineExecutionOrchestrator.lambda$execute$0(EngineExecutionOrchestrator.java:54)
        at org.junit.platform.launcher.core.EngineExecutionOrchestrator$$Lambda$214/1314838582.accept(Unknown Source)
        at org.junit.platform.launcher.core.EngineExecutionOrchestrator.withInterceptedStreams(EngineExecutionOrchestrator.java:67)
        at org.junit.platform.launcher.core.EngineExecutionOrchestrator.execute(EngineExecutionOrchestrator.java:52)
        at org.junit.platform.launcher.core.DefaultLauncher.execute(DefaultLauncher.java:114)
        at org.junit.platform.launcher.core.DefaultLauncher.execute(DefaultLauncher.java:86)
        at org.junit.platform.launcher.core.DefaultLauncherSession$DelegatingLauncher.execute(DefaultLauncherSession.java:86)
        at org.junit.platform.launcher.core.SessionPerRequestLauncher.execute(SessionPerRequestLauncher.java:53)
        at org.apache.maven.surefire.junitplatform.JUnitPlatformProvider.execute(JUnitPlatformProvider.java:188)
        at org.apache.maven.surefire.junitplatform.JUnitPlatformProvider.invokeAllTests(JUnitPlatformProvider.java:154)
        at org.apache.maven.surefire.junitplatform.JUnitPlatformProvider.invoke(JUnitPlatformProvider.java:124)
        at org.apache.maven.surefire.booter.ForkedBooter.runSuitesInProcess(ForkedBooter.java:428)
        at org.apache.maven.surefire.booter.ForkedBooter.execute(ForkedBooter.java:162)
        at org.apache.maven.surefire.booter.ForkedBooter.run(ForkedBooter.java:562)
        at org.apache.maven.surefire.booter.ForkedBooter.main(ForkedBooter.java:548)
"fe774388-89b0-43a1-8132-3e981ddd9c14-server-thread4" daemon prio=5 tid=505 timed_waiting
java.lang.Thread.State: TIMED_WAITING
        at sun.misc.Unsafe.park(Native Method)
        at java.util.concurrent.locks.LockSupport.parkNanos(LockSupport.java:215)
        at java.util.concurrent.SynchronousQueue$TransferStack.awaitFulfill(SynchronousQueue.java:460)
        at java.util.concurrent.SynchronousQueue$TransferStack.transfer(SynchronousQueue.java:362)
        at java.util.concurrent.SynchronousQueue.poll(SynchronousQueue.java:941)
        at java.util.concurrent.ThreadPoolExecutor.getTask(ThreadPoolExecutor.java:1073)
        at java.util.concurrent.ThreadPoolExecutor.runWorker(ThreadPoolExecutor.java:1134)
        at java.util.concurrent.ThreadPoolExecutor$Worker.run(ThreadPoolExecutor.java:624)
        at java.lang.Thread.run(Thread.java:750)
"ContainerOp-60c550eb-c91e-4f73-bcc1-53a4de1611ee-1"  prio=5 tid=471 in Object.wait()
java.lang.Thread.State: WAITING (on object monitor)
        at sun.misc.Unsafe.park(Native Method)
        at java.util.concurrent.locks.LockSupport.park(LockSupport.java:175)
        at java.util.concurrent.locks.AbstractQueuedSynchronizer$ConditionObject.await(AbstractQueuedSynchronizer.java:2039)
        at java.util.concurrent.LinkedBlockingQueue.take(LinkedBlockingQueue.java:442)
        at java.util.concurrent.ThreadPoolExecutor.getTask(ThreadPoolExecutor.java:1074)
        at java.util.concurrent.ThreadPoolExecutor.runWorker(ThreadPoolExecutor.java:1134)
        at java.util.concurrent.ThreadPoolExecutor$Worker.run(ThreadPoolExecutor.java:624)
        at java.lang.Thread.run(Thread.java:750)
"qtp9916873-120" daemon prio=5 tid=120 timed_waiting
java.lang.Thread.State: TIMED_WAITING
        at sun.misc.Unsafe.park(Native Method)
        at java.util.concurrent.locks.LockSupport.parkNanos(LockSupport.java:215)
        at java.util.concurrent.locks.AbstractQueuedSynchronizer$ConditionObject.awaitNanos(AbstractQueuedSynchronizer.java:2078)
        at org.eclipse.jetty.util.BlockingArrayQueue.poll(BlockingArrayQueue.java:382)
        at org.eclipse.jetty.util.thread.QueuedThreadPool$Runner.idleJobPoll(QueuedThreadPool.java:974)
        at org.eclipse.jetty.util.thread.QueuedThreadPool$Runner.run(QueuedThreadPool.java:1018)
        at java.lang.Thread.run(Thread.java:750)
"IPC Server handler 0 on default port 15001" daemon prio=5 tid=69 timed_waiting
java.lang.Thread.State: TIMED_WAITING
        at sun.misc.Unsafe.park(Native Method)
        at java.util.concurrent.locks.LockSupport.parkNanos(LockSupport.java:215)
        at java.util.concurrent.locks.AbstractQueuedSynchronizer$ConditionObject.awaitNanos(AbstractQueuedSynchronizer.java:2078)
        at java.util.concurrent.LinkedBlockingQueue.poll(LinkedBlockingQueue.java:467)
        at org.apache.hadoop.ipc.CallQueueManager.take(CallQueueManager.java:317)
        at org.apache.hadoop.ipc.Server$Handler.run(Server.java:3014)
"ContainerOp-60c550eb-c91e-4f73-bcc1-53a4de1611ee-0"  prio=5 tid=467 in Object.wait()
java.lang.Thread.State: WAITING (on object monitor)
        at sun.misc.Unsafe.park(Native Method)
        at java.util.concurrent.locks.LockSupport.park(LockSupport.java:175)
        at java.util.concurrent.locks.AbstractQueuedSynchronizer$ConditionObject.await(AbstractQueuedSynchronizer.java:2039)
        at java.util.concurrent.LinkedBlockingQueue.take(LinkedBlockingQueue.java:442)
        at java.util.concurrent.ThreadPoolExecutor.getTask(ThreadPoolExecutor.java:1074)
        at java.util.concurrent.ThreadPoolExecutor.runWorker(ThreadPoolExecutor.java:1134)
        at java.util.concurrent.ThreadPoolExecutor$Worker.run(ThreadPoolExecutor.java:624)
        at java.lang.Thread.run(Thread.java:750)
"Socket Reader #1 for port 15000"  prio=5 tid=34 runnable
java.lang.Thread.State: RUNNABLE
        at sun.nio.ch.EPollArrayWrapper.epollWait(Native Method)
        at sun.nio.ch.EPollArrayWrapper.poll(EPollArrayWrapper.java:269)
        at sun.nio.ch.EPollSelectorImpl.doSelect(EPollSelectorImpl.java:93)
        at sun.nio.ch.SelectorImpl.lockAndDoSelect(SelectorImpl.java:86)
        at sun.nio.ch.SelectorImpl.select(SelectorImpl.java:97)
        at sun.nio.ch.SelectorImpl.select(SelectorImpl.java:101)
        at org.apache.hadoop.ipc.Server$Listener$Reader.doRunLoop(Server.java:1346)
        at org.apache.hadoop.ipc.Server$Listener$Reader.run(Server.java:1325)
"IPC Server handler 4 on default port 15000" daemon prio=5 tid=53 timed_waiting
java.lang.Thread.State: TIMED_WAITING
        at sun.misc.Unsafe.park(Native Method)
        at java.util.concurrent.locks.LockSupport.parkNanos(LockSupport.java:215)
        at java.util.concurrent.locks.AbstractQueuedSynchronizer$ConditionObject.awaitNanos(AbstractQueuedSynchronizer.java:2078)
        at java.util.concurrent.LinkedBlockingQueue.poll(LinkedBlockingQueue.java:467)
        at org.apache.hadoop.ipc.CallQueueManager.take(CallQueueManager.java:317)
        at org.apache.hadoop.ipc.Server$Handler.run(Server.java:3014)
"Timer for 'StorageContainerManager' metrics system" daemon prio=5 tid=48 timed_waiting
java.lang.Thread.State: TIMED_WAITING
        at java.lang.Object.wait(Native Method)
        at java.util.TimerThread.mainLoop(Timer.java:552)
        at java.util.TimerThread.run(Timer.java:505)
"qtp9916873-116" daemon prio=5 tid=116 timed_waiting
java.lang.Thread.State: TIMED_WAITING
        at sun.misc.Unsafe.park(Native Method)
        at java.util.concurrent.locks.LockSupport.parkNanos(LockSupport.java:215)
        at java.util.concurrent.locks.AbstractQueuedSynchronizer$ConditionObject.awaitNanos(AbstractQueuedSynchronizer.java:2078)
        at org.eclipse.jetty.util.BlockingArrayQueue.poll(BlockingArrayQueue.java:382)
        at org.eclipse.jetty.util.thread.QueuedThreadPool$Runner.idleJobPoll(QueuedThreadPool.java:974)
        at org.eclipse.jetty.util.thread.QueuedThreadPool$Runner.run(QueuedThreadPool.java:1018)
        at java.lang.Thread.run(Thread.java:750)
"fe774388-89b0-43a1-8132-3e981ddd9c14-server-thread2" daemon prio=5 tid=448 timed_waiting
java.lang.Thread.State: TIMED_WAITING
        at sun.misc.Unsafe.park(Native Method)
        at java.util.concurrent.locks.LockSupport.parkNanos(LockSupport.java:215)
        at java.util.concurrent.SynchronousQueue$TransferStack.awaitFulfill(SynchronousQueue.java:460)
        at java.util.concurrent.SynchronousQueue$TransferStack.transfer(SynchronousQueue.java:362)
        at java.util.concurrent.SynchronousQueue.poll(SynchronousQueue.java:941)
        at java.util.concurrent.ThreadPoolExecutor.getTask(ThreadPoolExecutor.java:1073)
        at java.util.concurrent.ThreadPoolExecutor.runWorker(ThreadPoolExecutor.java:1134)
        at java.util.concurrent.ThreadPoolExecutor$Worker.run(ThreadPoolExecutor.java:624)
        at java.lang.Thread.run(Thread.java:750)
"Hadoop-Metrics-Updater-0" daemon prio=5 tid=271 timed_waiting
java.lang.Thread.State: TIMED_WAITING
        at sun.misc.Unsafe.park(Native Method)
        at java.util.concurrent.locks.LockSupport.parkNanos(LockSupport.java:215)
        at java.util.concurrent.locks.AbstractQueuedSynchronizer$ConditionObject.awaitNanos(AbstractQueuedSynchronizer.java:2078)
        at java.util.concurrent.ScheduledThreadPoolExecutor$DelayedWorkQueue.take(ScheduledThreadPoolExecutor.java:1093)
        at java.util.concurrent.ScheduledThreadPoolExecutor$DelayedWorkQueue.take(ScheduledThreadPoolExecutor.java:809)
        at java.util.concurrent.ThreadPoolExecutor.getTask(ThreadPoolExecutor.java:1074)
        at java.util.concurrent.ThreadPoolExecutor.runWorker(ThreadPoolExecutor.java:1134)
        at java.util.concurrent.ThreadPoolExecutor$Worker.run(ThreadPoolExecutor.java:624)
        at java.lang.Thread.run(Thread.java:750)
"JvmPauseMonitor3" daemon prio=5 tid=301 timed_waiting
java.lang.Thread.State: TIMED_WAITING
        at java.lang.Thread.sleep(Native Method)
        at java.lang.Thread.sleep(Thread.java:342)
        at java.util.concurrent.TimeUnit.sleep(TimeUnit.java:386)
        at org.apache.ratis.util.TimeDuration.sleep(TimeDuration.java:325)
        at org.apache.ratis.util.TimeDuration.sleep(TimeDuration.java:310)
        at org.apache.ratis.util.JvmPauseMonitor.detectPause(JvmPauseMonitor.java:117)
        at org.apache.ratis.util.JvmPauseMonitor.run(JvmPauseMonitor.java:106)
        at org.apache.ratis.util.JvmPauseMonitor$$Lambda$490/1163480574.run(Unknown Source)
        at java.lang.Thread.run(Thread.java:750)
"Datanode ReportManager Thread - 3" daemon prio=5 tid=210 in Object.wait()
java.lang.Thread.State: WAITING (on object monitor)
        at sun.misc.Unsafe.park(Native Method)
        at java.util.concurrent.locks.LockSupport.park(LockSupport.java:175)
        at java.util.concurrent.locks.AbstractQueuedSynchronizer$ConditionObject.await(AbstractQueuedSynchronizer.java:2039)
        at java.util.concurrent.ScheduledThreadPoolExecutor$DelayedWorkQueue.take(ScheduledThreadPoolExecutor.java:1088)
        at java.util.concurrent.ScheduledThreadPoolExecutor$DelayedWorkQueue.take(ScheduledThreadPoolExecutor.java:809)
        at java.util.concurrent.ThreadPoolExecutor.getTask(ThreadPoolExecutor.java:1074)
        at java.util.concurrent.ThreadPoolExecutor.runWorker(ThreadPoolExecutor.java:1134)
        at java.util.concurrent.ThreadPoolExecutor$Worker.run(ThreadPoolExecutor.java:624)
        at java.lang.Thread.run(Thread.java:750)
"ContainerOp-d220e5b9-ae7c-41b7-8547-aa8e299d83d3-5"  prio=5 tid=521 in Object.wait()
java.lang.Thread.State: WAITING (on object monitor)
        at sun.misc.Unsafe.park(Native Method)
        at java.util.concurrent.locks.LockSupport.park(LockSupport.java:175)
        at java.util.concurrent.locks.AbstractQueuedSynchronizer$ConditionObject.await(AbstractQueuedSynchronizer.java:2039)
        at java.util.concurrent.LinkedBlockingQueue.take(LinkedBlockingQueue.java:442)
        at java.util.concurrent.ThreadPoolExecutor.getTask(ThreadPoolExecutor.java:1074)
        at java.util.concurrent.ThreadPoolExecutor.runWorker(ThreadPoolExecutor.java:1134)
        at java.util.concurrent.ThreadPoolExecutor$Worker.run(ThreadPoolExecutor.java:624)
        at java.lang.Thread.run(Thread.java:750)
"IPC Server idle connection scanner for port 15028" daemon prio=5 tid=269 timed_waiting
java.lang.Thread.State: TIMED_WAITING
        at java.lang.Object.wait(Native Method)
        at java.util.TimerThread.mainLoop(Timer.java:552)
        at java.util.TimerThread.run(Timer.java:505)
"ReplicationMonitor" daemon prio=5 tid=18 timed_waiting
java.lang.Thread.State: TIMED_WAITING
        at java.lang.Object.wait(Native Method)
        at org.apache.hadoop.hdds.scm.container.replication.ReplicationManager.run(ReplicationManager.java:913)
        at org.apache.hadoop.hdds.scm.container.replication.ReplicationManager$$Lambda$453/225852166.run(Unknown Source)
        at java.lang.Thread.run(Thread.java:750)
"StaleRecoveringContainerScrubbingService#1" daemon prio=5 tid=305 in Object.wait()
java.lang.Thread.State: WAITING (on object monitor)
        at sun.misc.Unsafe.park(Native Method)
        at java.util.concurrent.locks.LockSupport.park(LockSupport.java:175)
        at java.util.concurrent.locks.AbstractQueuedSynchronizer$ConditionObject.await(AbstractQueuedSynchronizer.java:2039)
        at java.util.concurrent.ScheduledThreadPoolExecutor$DelayedWorkQueue.take(ScheduledThreadPoolExecutor.java:1088)
        at java.util.concurrent.ScheduledThreadPoolExecutor$DelayedWorkQueue.take(ScheduledThreadPoolExecutor.java:809)
        at java.util.concurrent.ThreadPoolExecutor.getTask(ThreadPoolExecutor.java:1074)
        at java.util.concurrent.ThreadPoolExecutor.runWorker(ThreadPoolExecutor.java:1134)
        at java.util.concurrent.ThreadPoolExecutor$Worker.run(ThreadPoolExecutor.java:624)
        at java.lang.Thread.run(Thread.java:750)
"fe774388-89b0-43a1-8132-3e981ddd9c14@group-53A4DE1611EE-FollowerState" daemon prio=5 tid=437 timed_waiting
java.lang.Thread.State: TIMED_WAITING
        at java.lang.Thread.sleep(Native Method)
        at java.lang.Thread.sleep(Thread.java:342)
        at java.util.concurrent.TimeUnit.sleep(TimeUnit.java:386)
        at org.apache.ratis.util.TimeDuration.sleep(TimeDuration.java:325)
        at org.apache.ratis.util.TimeDuration.sleep(TimeDuration.java:310)
        at org.apache.ratis.server.impl.FollowerState.run(FollowerState.java:128)
"IPC Server Responder" daemon prio=5 tid=138 runnable
java.lang.Thread.State: RUNNABLE
        at sun.nio.ch.EPollArrayWrapper.epollWait(Native Method)
        at sun.nio.ch.EPollArrayWrapper.poll(EPollArrayWrapper.java:269)
        at sun.nio.ch.EPollSelectorImpl.doSelect(EPollSelectorImpl.java:93)
        at sun.nio.ch.SelectorImpl.lockAndDoSelect(SelectorImpl.java:86)
        at sun.nio.ch.SelectorImpl.select(SelectorImpl.java:97)
        at org.apache.hadoop.ipc.Server$Responder.doRunLoop(Server.java:1582)
        at org.apache.hadoop.ipc.Server$Responder.run(Server.java:1565)
"IPC Server handler 11 on default port 15002" daemon prio=5 tid=100 timed_waiting
java.lang.Thread.State: TIMED_WAITING
        at sun.misc.Unsafe.park(Native Method)
        at java.util.concurrent.locks.LockSupport.parkNanos(LockSupport.java:215)
        at java.util.concurrent.locks.AbstractQueuedSynchronizer$ConditionObject.awaitNanos(AbstractQueuedSynchronizer.java:2078)
        at java.util.concurrent.LinkedBlockingQueue.poll(LinkedBlockingQueue.java:467)
        at org.apache.hadoop.ipc.CallQueueManager.take(CallQueueManager.java:317)
        at org.apache.hadoop.ipc.Server$Handler.run(Server.java:3014)
"JvmPauseMonitor4" daemon prio=5 tid=313 timed_waiting
java.lang.Thread.State: TIMED_WAITING
        at java.lang.Thread.sleep(Native Method)
        at java.lang.Thread.sleep(Thread.java:342)
        at java.util.concurrent.TimeUnit.sleep(TimeUnit.java:386)
        at org.apache.ratis.util.TimeDuration.sleep(TimeDuration.java:325)
        at org.apache.ratis.util.TimeDuration.sleep(TimeDuration.java:310)
        at org.apache.ratis.util.JvmPauseMonitor.detectPause(JvmPauseMonitor.java:117)
        at org.apache.ratis.util.JvmPauseMonitor.run(JvmPauseMonitor.java:106)
        at org.apache.ratis.util.JvmPauseMonitor$$Lambda$490/1163480574.run(Unknown Source)
        at java.lang.Thread.run(Thread.java:750)
"qtp1113751147-228" daemon prio=5 tid=228 timed_waiting
java.lang.Thread.State: TIMED_WAITING
        at sun.misc.Unsafe.park(Native Method)
        at java.util.concurrent.locks.LockSupport.parkNanos(LockSupport.java:215)
        at java.util.concurrent.locks.AbstractQueuedSynchronizer$ConditionObject.awaitNanos(AbstractQueuedSynchronizer.java:2078)
        at org.eclipse.jetty.util.BlockingArrayQueue.poll(BlockingArrayQueue.java:382)
        at org.eclipse.jetty.util.thread.QueuedThreadPool$Runner.idleJobPoll(QueuedThreadPool.java:974)
        at org.eclipse.jetty.util.thread.QueuedThreadPool$Runner.run(QueuedThreadPool.java:1018)
        at java.lang.Thread.run(Thread.java:750)
"org.apache.hadoop.ozone.container.common.statemachine.commandhandler.DeleteBlocksCommandHandler$DeleteCmdWorker@1bc7c8c7" daemon prio=5 tid=189 timed_waiting
java.lang.Thread.State: TIMED_WAITING
        at java.lang.Thread.sleep(Native Method)
        at org.apache.hadoop.ozone.container.common.statemachine.commandhandler.DeleteBlocksCommandHandler$DeleteCmdWorker.run(DeleteBlocksCommandHandler.java:198)
        at java.lang.Thread.run(Thread.java:750)
"OMDoubleBufferFlushThread" daemon prio=5 tid=130 timed_waiting
java.lang.Thread.State: TIMED_WAITING
        at java.lang.Object.wait(Native Method)
        at org.apache.hadoop.ozone.om.ratis.OzoneManagerDoubleBuffer.canFlush(OzoneManagerDoubleBuffer.java:627)
        at org.apache.hadoop.ozone.om.ratis.OzoneManagerDoubleBuffer.flushTransactions(OzoneManagerDoubleBuffer.java:278)
        at org.apache.hadoop.ozone.om.ratis.OzoneManagerDoubleBuffer$$Lambda$629/1821289315.run(Unknown Source)
        at java.lang.Thread.run(Thread.java:750)
"ChunkWriter-0-0" daemon prio=5 tid=297 in Object.wait()
java.lang.Thread.State: WAITING (on object monitor)
        at sun.misc.Unsafe.park(Native Method)
        at java.util.concurrent.locks.LockSupport.park(LockSupport.java:175)
        at java.util.concurrent.locks.AbstractQueuedSynchronizer$ConditionObject.await(AbstractQueuedSynchronizer.java:2039)
        at java.util.concurrent.LinkedBlockingDeque.takeFirst(LinkedBlockingDeque.java:492)
        at java.util.concurrent.LinkedBlockingDeque.take(LinkedBlockingDeque.java:680)
        at java.util.concurrent.ThreadPoolExecutor.getTask(ThreadPoolExecutor.java:1074)
        at java.util.concurrent.ThreadPoolExecutor.runWorker(ThreadPoolExecutor.java:1134)
        at java.util.concurrent.ThreadPoolExecutor$Worker.run(ThreadPoolExecutor.java:624)
        at java.lang.Thread.run(Thread.java:750)
"Timer-0"  prio=5 tid=146 timed_waiting
java.lang.Thread.State: TIMED_WAITING
        at java.lang.Object.wait(Native Method)
        at java.util.TimerThread.mainLoop(Timer.java:552)
        at java.util.TimerThread.run(Timer.java:505)
"IPC Server handler 19 on default port 15000" daemon prio=5 tid=68 timed_waiting
java.lang.Thread.State: TIMED_WAITING
        at sun.misc.Unsafe.park(Native Method)
        at java.util.concurrent.locks.LockSupport.parkNanos(LockSupport.java:215)
        at java.util.concurrent.locks.AbstractQueuedSynchronizer$ConditionObject.awaitNanos(AbstractQueuedSynchronizer.java:2078)
        at java.util.concurrent.LinkedBlockingQueue.poll(LinkedBlockingQueue.java:467)
        at org.apache.hadoop.ipc.CallQueueManager.take(CallQueueManager.java:317)
        at org.apache.hadoop.ipc.Server$Handler.run(Server.java:3014)
"ChunkReader-ELG-0" daemon prio=5 tid=290 runnable
java.lang.Thread.State: RUNNABLE
        at org.apache.ratis.thirdparty.io.netty.channel.epoll.Native.epollWait(Native Method)
        at org.apache.ratis.thirdparty.io.netty.channel.epoll.Native.epollWait(Native.java:209)
        at org.apache.ratis.thirdparty.io.netty.channel.epoll.Native.epollWait(Native.java:202)
        at org.apache.ratis.thirdparty.io.netty.channel.epoll.EpollEventLoop.epollWaitNoTimerChange(EpollEventLoop.java:306)
        at org.apache.ratis.thirdparty.io.netty.channel.epoll.EpollEventLoop.run(EpollEventLoop.java:363)
        at org.apache.ratis.thirdparty.io.netty.util.concurrent.SingleThreadEventExecutor$4.run(SingleThreadEventExecutor.java:997)
        at org.apache.ratis.thirdparty.io.netty.util.internal.ThreadExecutorMap$2.run(ThreadExecutorMap.java:74)
        at java.lang.Thread.run(Thread.java:750)
"d2cb3656-736c-45ed-9177-765defc8baa4@group-79B2834307E7-LeaderStateImpl" daemon prio=5 tid=453 timed_waiting
java.lang.Thread.State: TIMED_WAITING
        at sun.misc.Unsafe.park(Native Method)
        at java.util.concurrent.locks.LockSupport.parkNanos(LockSupport.java:215)
        at java.util.concurrent.locks.AbstractQueuedSynchronizer$ConditionObject.awaitNanos(AbstractQueuedSynchronizer.java:2078)
        at java.util.concurrent.ArrayBlockingQueue.poll(ArrayBlockingQueue.java:418)
        at org.apache.ratis.server.impl.LeaderStateImpl$EventQueue.poll(LeaderStateImpl.java:164)
        at org.apache.ratis.server.impl.LeaderStateImpl$EventProcessor.run(LeaderStateImpl.java:702)
"FixedThreadPoolWithAffinityExecutor-3-0" daemon prio=5 tid=41 timed_waiting
java.lang.Thread.State: TIMED_WAITING
        at sun.misc.Unsafe.park(Native Method)
        at java.util.concurrent.locks.LockSupport.parkNanos(LockSupport.java:215)
        at java.util.concurrent.locks.AbstractQueuedSynchronizer$ConditionObject.awaitNanos(AbstractQueuedSynchronizer.java:2078)
        at java.util.concurrent.LinkedBlockingQueue.poll(LinkedBlockingQueue.java:467)
        at org.apache.hadoop.hdds.scm.server.ContainerReportQueue.poll(ContainerReportQueue.java:266)
        at org.apache.hadoop.hdds.scm.server.ContainerReportQueue.poll(ContainerReportQueue.java:42)
        at org.apache.hadoop.hdds.server.events.FixedThreadPoolWithAffinityExecutor$ContainerReportProcessTask.run(FixedThreadPoolWithAffinityExecutor.java:247)
        at java.util.concurrent.Executors$RunnableAdapter.call(Executors.java:511)
        at java.util.concurrent.FutureTask.run(FutureTask.java:266)
        at java.util.concurrent.ThreadPoolExecutor.runWorker(ThreadPoolExecutor.java:1149)
        at java.util.concurrent.ThreadPoolExecutor$Worker.run(ThreadPoolExecutor.java:624)
        at java.lang.Thread.run(Thread.java:750)
"timer0" daemon prio=5 tid=445 timed_waiting
java.lang.Thread.State: TIMED_WAITING
        at java.lang.Object.wait(Native Method)
        at java.util.TimerThread.mainLoop(Timer.java:552)
        at java.util.TimerThread.run(Timer.java:505)
"IPC Server handler 3 on default port 15000" daemon prio=5 tid=52 timed_waiting
java.lang.Thread.State: TIMED_WAITING
        at sun.misc.Unsafe.park(Native Method)
        at java.util.concurrent.locks.LockSupport.parkNanos(LockSupport.java:215)
        at java.util.concurrent.locks.AbstractQueuedSynchronizer$ConditionObject.awaitNanos(AbstractQueuedSynchronizer.java:2078)
        at java.util.concurrent.LinkedBlockingQueue.poll(LinkedBlockingQueue.java:467)
        at org.apache.hadoop.ipc.CallQueueManager.take(CallQueueManager.java:317)
        at org.apache.hadoop.ipc.Server$Handler.run(Server.java:3014)
"IPC Server handler 5 on default port 15004" daemon prio=5 tid=167 timed_waiting
java.lang.Thread.State: TIMED_WAITING
        at sun.misc.Unsafe.park(Native Method)
        at java.util.concurrent.locks.LockSupport.parkNanos(LockSupport.java:215)
        at java.util.concurrent.locks.AbstractQueuedSynchronizer$ConditionObject.awaitNanos(AbstractQueuedSynchronizer.java:2078)
        at java.util.concurrent.LinkedBlockingQueue.poll(LinkedBlockingQueue.java:467)
        at org.apache.hadoop.ipc.CallQueueManager.take(CallQueueManager.java:317)
        at org.apache.hadoop.ipc.Server$Handler.run(Server.java:3014)
"IPC Server handler 18 on default port 15000" daemon prio=5 tid=67 timed_waiting
java.lang.Thread.State: TIMED_WAITING
        at sun.misc.Unsafe.park(Native Method)
        at java.util.concurrent.locks.LockSupport.parkNanos(LockSupport.java:215)
        at java.util.concurrent.locks.AbstractQueuedSynchronizer$ConditionObject.awaitNanos(AbstractQueuedSynchronizer.java:2078)
        at java.util.concurrent.LinkedBlockingQueue.poll(LinkedBlockingQueue.java:467)
        at org.apache.hadoop.ipc.CallQueueManager.take(CallQueueManager.java:317)
        at org.apache.hadoop.ipc.Server$Handler.run(Server.java:3014)
"qtp51632319-194" daemon prio=5 tid=194 timed_waiting
java.lang.Thread.State: TIMED_WAITING
        at sun.misc.Unsafe.park(Native Method)
        at java.util.concurrent.locks.LockSupport.parkNanos(LockSupport.java:215)
        at java.util.concurrent.locks.AbstractQueuedSynchronizer$ConditionObject.awaitNanos(AbstractQueuedSynchronizer.java:2078)
        at org.eclipse.jetty.util.BlockingArrayQueue.poll(BlockingArrayQueue.java:382)
        at org.eclipse.jetty.util.thread.QueuedThreadPool$Runner.idleJobPoll(QueuedThreadPool.java:974)
        at org.eclipse.jetty.util.thread.QueuedThreadPool$Runner.run(QueuedThreadPool.java:1018)
        at java.lang.Thread.run(Thread.java:750)
"pool-87-thread-1"  prio=5 tid=190 timed_waiting
java.lang.Thread.State: TIMED_WAITING
        at sun.misc.Unsafe.park(Native Method)
        at java.util.concurrent.locks.LockSupport.parkNanos(LockSupport.java:215)
        at java.util.concurrent.locks.AbstractQueuedSynchronizer$ConditionObject.awaitNanos(AbstractQueuedSynchronizer.java:2078)
        at java.util.concurrent.ScheduledThreadPoolExecutor$DelayedWorkQueue.take(ScheduledThreadPoolExecutor.java:1093)
        at java.util.concurrent.ScheduledThreadPoolExecutor$DelayedWorkQueue.take(ScheduledThreadPoolExecutor.java:809)
        at java.util.concurrent.ThreadPoolExecutor.getTask(ThreadPoolExecutor.java:1074)
        at java.util.concurrent.ThreadPoolExecutor.runWorker(ThreadPoolExecutor.java:1134)
        at java.util.concurrent.ThreadPoolExecutor$Worker.run(ThreadPoolExecutor.java:624)
        at java.lang.Thread.run(Thread.java:750)
"ContainerOp-60c550eb-c91e-4f73-bcc1-53a4de1611ee-6"  prio=5 tid=491 in Object.wait()
java.lang.Thread.State: WAITING (on object monitor)
        at sun.misc.Unsafe.park(Native Method)
        at java.util.concurrent.locks.LockSupport.park(LockSupport.java:175)
        at java.util.concurrent.locks.AbstractQueuedSynchronizer$ConditionObject.await(AbstractQueuedSynchronizer.java:2039)
        at java.util.concurrent.LinkedBlockingQueue.take(LinkedBlockingQueue.java:442)
        at java.util.concurrent.ThreadPoolExecutor.getTask(ThreadPoolExecutor.java:1074)
        at java.util.concurrent.ThreadPoolExecutor.runWorker(ThreadPoolExecutor.java:1134)
        at java.util.concurrent.ThreadPoolExecutor$Worker.run(ThreadPoolExecutor.java:624)
        at java.lang.Thread.run(Thread.java:750)
"ChunkWriter-1-0" daemon prio=5 tid=286 in Object.wait()
java.lang.Thread.State: WAITING (on object monitor)
        at sun.misc.Unsafe.park(Native Method)
        at java.util.concurrent.locks.LockSupport.park(LockSupport.java:175)
        at java.util.concurrent.locks.AbstractQueuedSynchronizer$ConditionObject.await(AbstractQueuedSynchronizer.java:2039)
        at java.util.concurrent.LinkedBlockingDeque.takeFirst(LinkedBlockingDeque.java:492)
        at java.util.concurrent.LinkedBlockingDeque.take(LinkedBlockingDeque.java:680)
        at java.util.concurrent.ThreadPoolExecutor.getTask(ThreadPoolExecutor.java:1074)
        at java.util.concurrent.ThreadPoolExecutor.runWorker(ThreadPoolExecutor.java:1134)
        at java.util.concurrent.ThreadPoolExecutor$Worker.run(ThreadPoolExecutor.java:624)
        at java.lang.Thread.run(Thread.java:750)
"Socket Reader #1 for port 15010"  prio=5 tid=201 runnable
java.lang.Thread.State: RUNNABLE
        at sun.nio.ch.EPollArrayWrapper.epollWait(Native Method)
        at sun.nio.ch.EPollArrayWrapper.poll(EPollArrayWrapper.java:269)
        at sun.nio.ch.EPollSelectorImpl.doSelect(EPollSelectorImpl.java:93)
        at sun.nio.ch.SelectorImpl.lockAndDoSelect(SelectorImpl.java:86)
        at sun.nio.ch.SelectorImpl.select(SelectorImpl.java:97)
        at sun.nio.ch.SelectorImpl.select(SelectorImpl.java:101)
        at org.apache.hadoop.ipc.Server$Listener$Reader.doRunLoop(Server.java:1346)
        at org.apache.hadoop.ipc.Server$Listener$Reader.run(Server.java:1325)
"StaleRecoveringContainerScrubbingService#1" daemon prio=5 tid=294 in Object.wait()
java.lang.Thread.State: WAITING (on object monitor)
        at sun.misc.Unsafe.park(Native Method)
        at java.util.concurrent.locks.LockSupport.park(LockSupport.java:175)
        at java.util.concurrent.locks.AbstractQueuedSynchronizer$ConditionObject.await(AbstractQueuedSynchronizer.java:2039)
        at java.util.concurrent.ScheduledThreadPoolExecutor$DelayedWorkQueue.take(ScheduledThreadPoolExecutor.java:1088)
        at java.util.concurrent.ScheduledThreadPoolExecutor$DelayedWorkQueue.take(ScheduledThreadPoolExecutor.java:809)
        at java.util.concurrent.ThreadPoolExecutor.getTask(ThreadPoolExecutor.java:1074)
        at java.util.concurrent.ThreadPoolExecutor.runWorker(ThreadPoolExecutor.java:1134)
        at java.util.concurrent.ThreadPoolExecutor$Worker.run(ThreadPoolExecutor.java:624)
        at java.lang.Thread.run(Thread.java:750)
"BlockDeletingService#0" daemon prio=5 tid=291 timed_waiting
java.lang.Thread.State: TIMED_WAITING
        at sun.misc.Unsafe.park(Native Method)
        at java.util.concurrent.locks.LockSupport.parkNanos(LockSupport.java:215)
        at java.util.concurrent.locks.AbstractQueuedSynchronizer$ConditionObject.awaitNanos(AbstractQueuedSynchronizer.java:2078)
        at java.util.concurrent.ScheduledThreadPoolExecutor$DelayedWorkQueue.take(ScheduledThreadPoolExecutor.java:1093)
        at java.util.concurrent.ScheduledThreadPoolExecutor$DelayedWorkQueue.take(ScheduledThreadPoolExecutor.java:809)
        at java.util.concurrent.ThreadPoolExecutor.getTask(ThreadPoolExecutor.java:1074)
        at java.util.concurrent.ThreadPoolExecutor.runWorker(ThreadPoolExecutor.java:1134)
        at java.util.concurrent.ThreadPoolExecutor$Worker.run(ThreadPoolExecutor.java:624)
        at java.lang.Thread.run(Thread.java:750)
"d2cb3656-736c-45ed-9177-765defc8baa4-server-thread4" daemon prio=5 tid=618 timed_waiting
java.lang.Thread.State: TIMED_WAITING
        at sun.misc.Unsafe.park(Native Method)
        at java.util.concurrent.locks.LockSupport.parkNanos(LockSupport.java:215)
        at java.util.concurrent.SynchronousQueue$TransferStack.awaitFulfill(SynchronousQueue.java:460)
        at java.util.concurrent.SynchronousQueue$TransferStack.transfer(SynchronousQueue.java:362)
        at java.util.concurrent.SynchronousQueue.poll(SynchronousQueue.java:941)
        at java.util.concurrent.ThreadPoolExecutor.getTask(ThreadPoolExecutor.java:1073)
        at java.util.concurrent.ThreadPoolExecutor.runWorker(ThreadPoolExecutor.java:1134)
        at java.util.concurrent.ThreadPoolExecutor$Worker.run(ThreadPoolExecutor.java:624)
        at java.lang.Thread.run(Thread.java:750)
"BlockDeletingService#3" daemon prio=5 tid=968 in Object.wait()
java.lang.Thread.State: WAITING (on object monitor)
        at sun.misc.Unsafe.park(Native Method)
        at java.util.concurrent.locks.LockSupport.park(LockSupport.java:175)
        at java.util.concurrent.locks.AbstractQueuedSynchronizer$ConditionObject.await(AbstractQueuedSynchronizer.java:2039)
        at java.util.concurrent.ScheduledThreadPoolExecutor$DelayedWorkQueue.take(ScheduledThreadPoolExecutor.java:1088)
        at java.util.concurrent.ScheduledThreadPoolExecutor$DelayedWorkQueue.take(ScheduledThreadPoolExecutor.java:809)
        at java.util.concurrent.ThreadPoolExecutor.getTask(ThreadPoolExecutor.java:1074)
        at java.util.concurrent.ThreadPoolExecutor.runWorker(ThreadPoolExecutor.java:1134)
        at java.util.concurrent.ThreadPoolExecutor$Worker.run(ThreadPoolExecutor.java:624)
        at java.lang.Thread.run(Thread.java:750)
"IPC Server handler 5 on default port 15001" daemon prio=5 tid=74 timed_waiting
java.lang.Thread.State: TIMED_WAITING
        at sun.misc.Unsafe.park(Native Method)
        at java.util.concurrent.locks.LockSupport.parkNanos(LockSupport.java:215)
        at java.util.concurrent.locks.AbstractQueuedSynchronizer$ConditionObject.awaitNanos(AbstractQueuedSynchronizer.java:2078)
        at java.util.concurrent.LinkedBlockingQueue.poll(LinkedBlockingQueue.java:467)
        at org.apache.hadoop.ipc.CallQueueManager.take(CallQueueManager.java:317)
        at org.apache.hadoop.ipc.Server$Handler.run(Server.java:3014)
"FixedThreadPoolWithAffinityExecutor-2-0" daemon prio=5 tid=40 timed_waiting
java.lang.Thread.State: TIMED_WAITING
        at sun.misc.Unsafe.park(Native Method)
        at java.util.concurrent.locks.LockSupport.parkNanos(LockSupport.java:215)
        at java.util.concurrent.locks.AbstractQueuedSynchronizer$ConditionObject.awaitNanos(AbstractQueuedSynchronizer.java:2078)
        at java.util.concurrent.LinkedBlockingQueue.poll(LinkedBlockingQueue.java:467)
        at org.apache.hadoop.hdds.scm.server.ContainerReportQueue.poll(ContainerReportQueue.java:266)
        at org.apache.hadoop.hdds.scm.server.ContainerReportQueue.poll(ContainerReportQueue.java:42)
        at org.apache.hadoop.hdds.server.events.FixedThreadPoolWithAffinityExecutor$ContainerReportProcessTask.run(FixedThreadPoolWithAffinityExecutor.java:247)
        at java.util.concurrent.Executors$RunnableAdapter.call(Executors.java:511)
        at java.util.concurrent.FutureTask.run(FutureTask.java:266)
        at java.util.concurrent.ThreadPoolExecutor.runWorker(ThreadPoolExecutor.java:1149)
        at java.util.concurrent.ThreadPoolExecutor$Worker.run(ThreadPoolExecutor.java:624)
        at java.lang.Thread.run(Thread.java:750)
"StaleRecoveringContainerScrubbingService#2" daemon prio=5 tid=965 in Object.wait()
java.lang.Thread.State: WAITING (on object monitor)
        at sun.misc.Unsafe.park(Native Method)
        at java.util.concurrent.locks.LockSupport.park(LockSupport.java:175)
        at java.util.concurrent.locks.AbstractQueuedSynchronizer$ConditionObject.await(AbstractQueuedSynchronizer.java:2039)
        at java.util.concurrent.ScheduledThreadPoolExecutor$DelayedWorkQueue.take(ScheduledThreadPoolExecutor.java:1088)
        at java.util.concurrent.ScheduledThreadPoolExecutor$DelayedWorkQueue.take(ScheduledThreadPoolExecutor.java:809)
        at java.util.concurrent.ThreadPoolExecutor.getTask(ThreadPoolExecutor.java:1074)
        at java.util.concurrent.ThreadPoolExecutor.runWorker(ThreadPoolExecutor.java:1134)
        at java.util.concurrent.ThreadPoolExecutor$Worker.run(ThreadPoolExecutor.java:624)
        at java.lang.Thread.run(Thread.java:750)
"OpenKeyCleanupService#0" daemon prio=5 tid=149 timed_waiting
java.lang.Thread.State: TIMED_WAITING
        at sun.misc.Unsafe.park(Native Method)
        at java.util.concurrent.locks.LockSupport.parkNanos(LockSupport.java:215)
        at java.util.concurrent.locks.AbstractQueuedSynchronizer$ConditionObject.awaitNanos(AbstractQueuedSynchronizer.java:2078)
        at java.util.concurrent.ScheduledThreadPoolExecutor$DelayedWorkQueue.take(ScheduledThreadPoolExecutor.java:1093)
        at java.util.concurrent.ScheduledThreadPoolExecutor$DelayedWorkQueue.take(ScheduledThreadPoolExecutor.java:809)
        at java.util.concurrent.ThreadPoolExecutor.getTask(ThreadPoolExecutor.java:1074)
        at java.util.concurrent.ThreadPoolExecutor.runWorker(ThreadPoolExecutor.java:1134)
        at java.util.concurrent.ThreadPoolExecutor$Worker.run(ThreadPoolExecutor.java:624)
        at java.lang.Thread.run(Thread.java:750)
"qtp9916873-118" daemon prio=5 tid=118 timed_waiting
java.lang.Thread.State: TIMED_WAITING
        at sun.misc.Unsafe.park(Native Method)
        at java.util.concurrent.locks.LockSupport.parkNanos(LockSupport.java:215)
        at java.util.concurrent.locks.AbstractQueuedSynchronizer$ConditionObject.awaitNanos(AbstractQueuedSynchronizer.java:2078)
        at org.eclipse.jetty.util.BlockingArrayQueue.poll(BlockingArrayQueue.java:382)
        at org.eclipse.jetty.util.thread.QueuedThreadPool$Runner.idleJobPoll(QueuedThreadPool.java:974)
        at org.eclipse.jetty.util.thread.QueuedThreadPool$Runner.run(QueuedThreadPool.java:1018)
        at java.lang.Thread.run(Thread.java:750)
"ChunkWriter-1-0" daemon prio=5 tid=310 in Object.wait()
java.lang.Thread.State: WAITING (on object monitor)
        at sun.misc.Unsafe.park(Native Method)
        at java.util.concurrent.locks.LockSupport.park(LockSupport.java:175)
        at java.util.concurrent.locks.AbstractQueuedSynchronizer$ConditionObject.await(AbstractQueuedSynchronizer.java:2039)
        at java.util.concurrent.LinkedBlockingDeque.takeFirst(LinkedBlockingDeque.java:492)
        at java.util.concurrent.LinkedBlockingDeque.take(LinkedBlockingDeque.java:680)
        at java.util.concurrent.ThreadPoolExecutor.getTask(ThreadPoolExecutor.java:1074)
        at java.util.concurrent.ThreadPoolExecutor.runWorker(ThreadPoolExecutor.java:1134)
        at java.util.concurrent.ThreadPoolExecutor$Worker.run(ThreadPoolExecutor.java:624)
        at java.lang.Thread.run(Thread.java:750)
"Finalizer" daemon prio=8 tid=3 in Object.wait()
java.lang.Thread.State: WAITING (on object monitor)
        at java.lang.Object.wait(Native Method)
        at java.lang.ref.ReferenceQueue.remove(ReferenceQueue.java:144)
        at java.lang.ref.ReferenceQueue.remove(ReferenceQueue.java:165)
        at java.lang.ref.Finalizer$FinalizerThread.run(Finalizer.java:188)
"d2cb3656-736c-45ed-9177-765defc8baa4-server-thread3" daemon prio=5 tid=465 timed_waiting
java.lang.Thread.State: TIMED_WAITING
        at sun.misc.Unsafe.park(Native Method)
        at java.util.concurrent.locks.LockSupport.parkNanos(LockSupport.java:215)
        at java.util.concurrent.SynchronousQueue$TransferStack.awaitFulfill(SynchronousQueue.java:460)
        at java.util.concurrent.SynchronousQueue$TransferStack.transfer(SynchronousQueue.java:362)
        at java.util.concurrent.SynchronousQueue.poll(SynchronousQueue.java:941)
        at java.util.concurrent.ThreadPoolExecutor.getTask(ThreadPoolExecutor.java:1073)
        at java.util.concurrent.ThreadPoolExecutor.runWorker(ThreadPoolExecutor.java:1134)
        at java.util.concurrent.ThreadPoolExecutor$Worker.run(ThreadPoolExecutor.java:624)
        at java.lang.Thread.run(Thread.java:750)
"FixedThreadPoolWithAffinityExecutor-9-0" daemon prio=5 tid=47 timed_waiting
java.lang.Thread.State: TIMED_WAITING
        at sun.misc.Unsafe.park(Native Method)
        at java.util.concurrent.locks.LockSupport.parkNanos(LockSupport.java:215)
        at java.util.concurrent.locks.AbstractQueuedSynchronizer$ConditionObject.awaitNanos(AbstractQueuedSynchronizer.java:2078)
        at java.util.concurrent.LinkedBlockingQueue.poll(LinkedBlockingQueue.java:467)
        at org.apache.hadoop.hdds.scm.server.ContainerReportQueue.poll(ContainerReportQueue.java:266)
        at org.apache.hadoop.hdds.scm.server.ContainerReportQueue.poll(ContainerReportQueue.java:42)
        at org.apache.hadoop.hdds.server.events.FixedThreadPoolWithAffinityExecutor$ContainerReportProcessTask.run(FixedThreadPoolWithAffinityExecutor.java:247)
        at java.util.concurrent.Executors$RunnableAdapter.call(Executors.java:511)
        at java.util.concurrent.FutureTask.run(FutureTask.java:266)
        at java.util.concurrent.ThreadPoolExecutor.runWorker(ThreadPoolExecutor.java:1149)
        at java.util.concurrent.ThreadPoolExecutor$Worker.run(ThreadPoolExecutor.java:624)
        at java.lang.Thread.run(Thread.java:750)
"d2cb3656-736c-45ed-9177-765defc8baa4-groupManagement" daemon prio=5 tid=341 in Object.wait()
java.lang.Thread.State: WAITING (on object monitor)
        at sun.misc.Unsafe.park(Native Method)
        at java.util.concurrent.locks.LockSupport.park(LockSupport.java:175)
        at java.util.concurrent.locks.AbstractQueuedSynchronizer$ConditionObject.await(AbstractQueuedSynchronizer.java:2039)
        at java.util.concurrent.LinkedBlockingQueue.take(LinkedBlockingQueue.java:442)
        at java.util.concurrent.ThreadPoolExecutor.getTask(ThreadPoolExecutor.java:1074)
        at java.util.concurrent.ThreadPoolExecutor.runWorker(ThreadPoolExecutor.java:1134)
        at java.util.concurrent.ThreadPoolExecutor$Worker.run(ThreadPoolExecutor.java:624)
        at java.lang.Thread.run(Thread.java:750)
"Datanode State Machine Task Thread - 1"  prio=5 tid=307 in Object.wait()
java.lang.Thread.State: WAITING (on object monitor)
        at sun.misc.Unsafe.park(Native Method)
        at java.util.concurrent.locks.LockSupport.park(LockSupport.java:175)
        at java.util.concurrent.locks.AbstractQueuedSynchronizer$ConditionObject.await(AbstractQueuedSynchronizer.java:2039)
        at java.util.concurrent.LinkedBlockingQueue.take(LinkedBlockingQueue.java:442)
        at java.util.concurrent.ThreadPoolExecutor.getTask(ThreadPoolExecutor.java:1074)
        at java.util.concurrent.ThreadPoolExecutor.runWorker(ThreadPoolExecutor.java:1134)
        at java.util.concurrent.ThreadPoolExecutor$Worker.run(ThreadPoolExecutor.java:624)
        at java.lang.Thread.run(Thread.java:750)
"d2cb3656-736c-45ed-9177-765defc8baa4@group-AA8E299D83D3->48be0ea8-46a6-4e80-b936-879c72e065d6-GrpcLogAppender-LogAppenderDaemon" daemon prio=5 tid=415 timed_waiting
java.lang.Thread.State: TIMED_WAITING
        at sun.misc.Unsafe.park(Native Method)
        at java.util.concurrent.locks.LockSupport.parkNanos(LockSupport.java:215)
        at java.util.concurrent.locks.AbstractQueuedSynchronizer$ConditionObject.await(AbstractQueuedSynchronizer.java:2163)
        at org.apache.ratis.util.AwaitForSignal.await(AwaitForSignal.java:62)
        at org.apache.ratis.grpc.server.GrpcLogAppender.mayWait(GrpcLogAppender.java:197)
        at org.apache.ratis.grpc.server.GrpcLogAppender.run(GrpcLogAppender.java:148)
        at org.apache.ratis.server.leader.LogAppenderDaemon.run(LogAppenderDaemon.java:78)
        at org.apache.ratis.server.leader.LogAppenderDaemon$$Lambda$1235/923736696.run(Unknown Source)
        at java.lang.Thread.run(Thread.java:750)
"timer5" daemon prio=5 tid=442 in Object.wait()
java.lang.Thread.State: WAITING (on object monitor)
        at java.lang.Object.wait(Native Method)
        at java.lang.Object.wait(Object.java:502)
        at java.util.TimerThread.mainLoop(Timer.java:526)
        at java.util.TimerThread.run(Timer.java:505)
"EndpointStateMachine task thread for /0.0.0.0:15002 - 0 "  prio=5 tid=296 blocked
java.lang.Thread.State: BLOCKED
        at sun.misc.Unsafe.park(Native Method)
        at java.util.concurrent.locks.LockSupport.park(LockSupport.java:175)
        at java.util.concurrent.locks.AbstractQueuedSynchronizer$ConditionObject.await(AbstractQueuedSynchronizer.java:2039)
        at java.util.concurrent.LinkedBlockingQueue.take(LinkedBlockingQueue.java:442)
        at java.util.concurrent.ThreadPoolExecutor.getTask(ThreadPoolExecutor.java:1074)
        at java.util.concurrent.ThreadPoolExecutor.runWorker(ThreadPoolExecutor.java:1134)
        at java.util.concurrent.ThreadPoolExecutor$Worker.run(ThreadPoolExecutor.java:624)
        at java.lang.Thread.run(Thread.java:750)
"IPC Server handler 7 on default port 15000" daemon prio=5 tid=56 timed_waiting
java.lang.Thread.State: TIMED_WAITING
        at sun.misc.Unsafe.park(Native Method)
        at java.util.concurrent.locks.LockSupport.parkNanos(LockSupport.java:215)
        at java.util.concurrent.locks.AbstractQueuedSynchronizer$ConditionObject.awaitNanos(AbstractQueuedSynchronizer.java:2078)
        at java.util.concurrent.LinkedBlockingQueue.poll(LinkedBlockingQueue.java:467)
        at org.apache.hadoop.ipc.CallQueueManager.take(CallQueueManager.java:317)
        at org.apache.hadoop.ipc.Server$Handler.run(Server.java:3014)
"pool-66-thread-1"  prio=5 tid=152 timed_waiting
java.lang.Thread.State: TIMED_WAITING
        at sun.misc.Unsafe.park(Native Method)
        at java.util.concurrent.locks.LockSupport.parkNanos(LockSupport.java:215)
        at java.util.concurrent.locks.AbstractQueuedSynchronizer$ConditionObject.awaitNanos(AbstractQueuedSynchronizer.java:2078)
        at java.util.concurrent.ScheduledThreadPoolExecutor$DelayedWorkQueue.take(ScheduledThreadPoolExecutor.java:1093)
        at java.util.concurrent.ScheduledThreadPoolExecutor$DelayedWorkQueue.take(ScheduledThreadPoolExecutor.java:809)
        at java.util.concurrent.ThreadPoolExecutor.getTask(ThreadPoolExecutor.java:1074)
        at java.util.concurrent.ThreadPoolExecutor.runWorker(ThreadPoolExecutor.java:1134)
        at java.util.concurrent.ThreadPoolExecutor$Worker.run(ThreadPoolExecutor.java:624)
        at java.lang.Thread.run(Thread.java:750)
"IPC Server handler 18 on default port 15001" daemon prio=5 tid=87 timed_waiting
java.lang.Thread.State: TIMED_WAITING
        at sun.misc.Unsafe.park(Native Method)
        at java.util.concurrent.locks.LockSupport.parkNanos(LockSupport.java:215)
        at java.util.concurrent.locks.AbstractQueuedSynchronizer$ConditionObject.awaitNanos(AbstractQueuedSynchronizer.java:2078)
        at java.util.concurrent.LinkedBlockingQueue.poll(LinkedBlockingQueue.java:467)
        at org.apache.hadoop.ipc.CallQueueManager.take(CallQueueManager.java:317)
        at org.apache.hadoop.ipc.Server$Handler.run(Server.java:3014)
"qtp1113751147-229" daemon prio=5 tid=229 timed_waiting
java.lang.Thread.State: TIMED_WAITING
        at sun.misc.Unsafe.park(Native Method)
        at java.util.concurrent.locks.LockSupport.parkNanos(LockSupport.java:215)
        at java.util.concurrent.locks.AbstractQueuedSynchronizer$ConditionObject.awaitNanos(AbstractQueuedSynchronizer.java:2078)
        at org.eclipse.jetty.util.BlockingArrayQueue.poll(BlockingArrayQueue.java:382)
        at org.eclipse.jetty.util.thread.QueuedThreadPool$Runner.idleJobPoll(QueuedThreadPool.java:974)
        at org.eclipse.jetty.util.thread.QueuedThreadPool$Runner.run(QueuedThreadPool.java:1018)
        at java.lang.Thread.run(Thread.java:750)
"grpc-default-executor-0" daemon prio=5 tid=337 timed_waiting
java.lang.Thread.State: TIMED_WAITING
        at sun.misc.Unsafe.park(Native Method)
        at java.util.concurrent.locks.LockSupport.parkNanos(LockSupport.java:215)
        at java.util.concurrent.SynchronousQueue$TransferStack.awaitFulfill(SynchronousQueue.java:460)
        at java.util.concurrent.SynchronousQueue$TransferStack.transfer(SynchronousQueue.java:362)
        at java.util.concurrent.SynchronousQueue.poll(SynchronousQueue.java:941)
        at java.util.concurrent.ThreadPoolExecutor.getTask(ThreadPoolExecutor.java:1073)
        at java.util.concurrent.ThreadPoolExecutor.runWorker(ThreadPoolExecutor.java:1134)
        at java.util.concurrent.ThreadPoolExecutor$Worker.run(ThreadPoolExecutor.java:624)
        at java.lang.Thread.run(Thread.java:750)
"IPC Server handler 1 on default port 15001" daemon prio=5 tid=70 timed_waiting
java.lang.Thread.State: TIMED_WAITING
        at sun.misc.Unsafe.park(Native Method)
        at java.util.concurrent.locks.LockSupport.parkNanos(LockSupport.java:215)
        at java.util.concurrent.locks.AbstractQueuedSynchronizer$ConditionObject.awaitNanos(AbstractQueuedSynchronizer.java:2078)
        at java.util.concurrent.LinkedBlockingQueue.poll(LinkedBlockingQueue.java:467)
        at org.apache.hadoop.ipc.CallQueueManager.take(CallQueueManager.java:317)
        at org.apache.hadoop.ipc.Server$Handler.run(Server.java:3014)
"fe774388-89b0-43a1-8132-3e981ddd9c14@group-53A4DE1611EE-SegmentedRaftLogWorker"  prio=5 tid=370 timed_waiting
java.lang.Thread.State: TIMED_WAITING
        at sun.misc.Unsafe.park(Native Method)
        at java.util.concurrent.locks.LockSupport.parkNanos(LockSupport.java:215)
        at java.util.concurrent.locks.AbstractQueuedSynchronizer$ConditionObject.awaitNanos(AbstractQueuedSynchronizer.java:2078)
        at org.apache.ratis.util.DataBlockingQueue.poll(DataBlockingQueue.java:148)
        at org.apache.ratis.server.raftlog.segmented.SegmentedRaftLogWorker.run(SegmentedRaftLogWorker.java:307)
        at org.apache.ratis.server.raftlog.segmented.SegmentedRaftLogWorker$$Lambda$816/967752086.run(Unknown Source)
        at java.util.concurrent.Executors$RunnableAdapter.call(Executors.java:511)
        at java.util.concurrent.FutureTask.run(FutureTask.java:266)
        at java.util.concurrent.ThreadPoolExecutor.runWorker(ThreadPoolExecutor.java:1149)
        at java.util.concurrent.ThreadPoolExecutor$Worker.run(ThreadPoolExecutor.java:624)
        at java.lang.Thread.run(Thread.java:750)
"IPC Server handler 2 on default port 15004" daemon prio=5 tid=164 timed_waiting
java.lang.Thread.State: TIMED_WAITING
        at sun.misc.Unsafe.park(Native Method)
        at java.util.concurrent.locks.LockSupport.parkNanos(LockSupport.java:215)
        at java.util.concurrent.locks.AbstractQueuedSynchronizer$ConditionObject.awaitNanos(AbstractQueuedSynchronizer.java:2078)
        at java.util.concurrent.LinkedBlockingQueue.poll(LinkedBlockingQueue.java:467)
        at org.apache.hadoop.ipc.CallQueueManager.take(CallQueueManager.java:317)
        at org.apache.hadoop.ipc.Server$Handler.run(Server.java:3014)
"d2cb3656-736c-45ed-9177-765defc8baa4@group-AA8E299D83D3->fe774388-89b0-43a1-8132-3e981ddd9c14-GrpcLogAppender-LogAppenderDaemon" daemon prio=5 tid=413 timed_waiting
java.lang.Thread.State: TIMED_WAITING
        at sun.misc.Unsafe.park(Native Method)
        at java.util.concurrent.locks.LockSupport.parkNanos(LockSupport.java:215)
        at java.util.concurrent.locks.AbstractQueuedSynchronizer$ConditionObject.await(AbstractQueuedSynchronizer.java:2163)
        at org.apache.ratis.util.AwaitForSignal.await(AwaitForSignal.java:62)
        at org.apache.ratis.grpc.server.GrpcLogAppender.mayWait(GrpcLogAppender.java:197)
        at org.apache.ratis.grpc.server.GrpcLogAppender.run(GrpcLogAppender.java:148)
        at org.apache.ratis.server.leader.LogAppenderDaemon.run(LogAppenderDaemon.java:78)
        at org.apache.ratis.server.leader.LogAppenderDaemon$$Lambda$1235/923736696.run(Unknown Source)
        at java.lang.Thread.run(Thread.java:750)
"Session-HouseKeeper-36134f3-1"  prio=5 tid=121 timed_waiting
java.lang.Thread.State: TIMED_WAITING
        at sun.misc.Unsafe.park(Native Method)
        at java.util.concurrent.locks.LockSupport.parkNanos(LockSupport.java:215)
        at java.util.concurrent.locks.AbstractQueuedSynchronizer$ConditionObject.awaitNanos(AbstractQueuedSynchronizer.java:2078)
        at java.util.concurrent.ScheduledThreadPoolExecutor$DelayedWorkQueue.take(ScheduledThreadPoolExecutor.java:1093)
        at java.util.concurrent.ScheduledThreadPoolExecutor$DelayedWorkQueue.take(ScheduledThreadPoolExecutor.java:809)
        at java.util.concurrent.ThreadPoolExecutor.getTask(ThreadPoolExecutor.java:1074)
        at java.util.concurrent.ThreadPoolExecutor.runWorker(ThreadPoolExecutor.java:1134)
        at java.util.concurrent.ThreadPoolExecutor$Worker.run(ThreadPoolExecutor.java:624)
        at java.lang.Thread.run(Thread.java:750)
"StaleRecoveringContainerScrubbingService#3" daemon prio=5 tid=969 in Object.wait()
java.lang.Thread.State: WAITING (on object monitor)
        at sun.misc.Unsafe.park(Native Method)
        at java.util.concurrent.locks.LockSupport.park(LockSupport.java:175)
        at java.util.concurrent.locks.AbstractQueuedSynchronizer$ConditionObject.await(AbstractQueuedSynchronizer.java:2039)
        at java.util.concurrent.ScheduledThreadPoolExecutor$DelayedWorkQueue.take(ScheduledThreadPoolExecutor.java:1088)
        at java.util.concurrent.ScheduledThreadPoolExecutor$DelayedWorkQueue.take(ScheduledThreadPoolExecutor.java:809)
        at java.util.concurrent.ThreadPoolExecutor.getTask(ThreadPoolExecutor.java:1074)
        at java.util.concurrent.ThreadPoolExecutor.runWorker(ThreadPoolExecutor.java:1134)
        at java.util.concurrent.ThreadPoolExecutor$Worker.run(ThreadPoolExecutor.java:624)
        at java.lang.Thread.run(Thread.java:750)
"org.apache.hadoop.ozone.container.common.statemachine.commandhandler.DeleteBlocksCommandHandler$DeleteCmdWorker@38854d64" daemon prio=5 tid=256 timed_waiting
java.lang.Thread.State: TIMED_WAITING
        at java.lang.Thread.sleep(Native Method)
        at org.apache.hadoop.ozone.container.common.statemachine.commandhandler.DeleteBlocksCommandHandler$DeleteCmdWorker.run(DeleteBlocksCommandHandler.java:198)
        at java.lang.Thread.run(Thread.java:750)
"IPC Server listener on 15019" daemon prio=5 tid=234 runnable
java.lang.Thread.State: RUNNABLE
        at sun.nio.ch.EPollArrayWrapper.epollWait(Native Method)
        at sun.nio.ch.EPollArrayWrapper.poll(EPollArrayWrapper.java:269)
        at sun.nio.ch.EPollSelectorImpl.doSelect(EPollSelectorImpl.java:93)
        at sun.nio.ch.SelectorImpl.lockAndDoSelect(SelectorImpl.java:86)
        at sun.nio.ch.SelectorImpl.select(SelectorImpl.java:97)
        at sun.nio.ch.SelectorImpl.select(SelectorImpl.java:101)
        at org.apache.hadoop.ipc.Server$Listener.run(Server.java:1408)
"ContainerOp-60c550eb-c91e-4f73-bcc1-53a4de1611ee-4"  prio=5 tid=481 in Object.wait()
java.lang.Thread.State: WAITING (on object monitor)
        at sun.misc.Unsafe.park(Native Method)
        at java.util.concurrent.locks.LockSupport.park(LockSupport.java:175)
        at java.util.concurrent.locks.AbstractQueuedSynchronizer$ConditionObject.await(AbstractQueuedSynchronizer.java:2039)
        at java.util.concurrent.LinkedBlockingQueue.take(LinkedBlockingQueue.java:442)
        at java.util.concurrent.ThreadPoolExecutor.getTask(ThreadPoolExecutor.java:1074)
        at java.util.concurrent.ThreadPoolExecutor.runWorker(ThreadPoolExecutor.java:1134)
        at java.util.concurrent.ThreadPoolExecutor$Worker.run(ThreadPoolExecutor.java:624)
        at java.lang.Thread.run(Thread.java:750)
"IPC Server handler 12 on default port 15004" daemon prio=5 tid=174 timed_waiting
java.lang.Thread.State: TIMED_WAITING
        at sun.misc.Unsafe.park(Native Method)
        at java.util.concurrent.locks.LockSupport.parkNanos(LockSupport.java:215)
        at java.util.concurrent.locks.AbstractQueuedSynchronizer$ConditionObject.awaitNanos(AbstractQueuedSynchronizer.java:2078)
        at java.util.concurrent.LinkedBlockingQueue.poll(LinkedBlockingQueue.java:467)
        at org.apache.hadoop.ipc.CallQueueManager.take(CallQueueManager.java:317)
        at org.apache.hadoop.ipc.Server$Handler.run(Server.java:3014)
"IPC Server handler 6 on default port 15002" daemon prio=5 tid=95 timed_waiting
java.lang.Thread.State: TIMED_WAITING
        at sun.misc.Unsafe.park(Native Method)
        at java.util.concurrent.locks.LockSupport.parkNanos(LockSupport.java:215)
        at java.util.concurrent.locks.AbstractQueuedSynchronizer$ConditionObject.awaitNanos(AbstractQueuedSynchronizer.java:2078)
        at java.util.concurrent.LinkedBlockingQueue.poll(LinkedBlockingQueue.java:467)
        at org.apache.hadoop.ipc.CallQueueManager.take(CallQueueManager.java:317)
        at org.apache.hadoop.ipc.Server$Handler.run(Server.java:3014)
"StaleRecoveringContainerScrubbingService#3" daemon prio=5 tid=967 in Object.wait()
java.lang.Thread.State: WAITING (on object monitor)
        at sun.misc.Unsafe.park(Native Method)
        at java.util.concurrent.locks.LockSupport.park(LockSupport.java:175)
        at java.util.concurrent.locks.AbstractQueuedSynchronizer$ConditionObject.await(AbstractQueuedSynchronizer.java:2039)
        at java.util.concurrent.ScheduledThreadPoolExecutor$DelayedWorkQueue.take(ScheduledThreadPoolExecutor.java:1088)
        at java.util.concurrent.ScheduledThreadPoolExecutor$DelayedWorkQueue.take(ScheduledThreadPoolExecutor.java:809)
        at java.util.concurrent.ThreadPoolExecutor.getTask(ThreadPoolExecutor.java:1074)
        at java.util.concurrent.ThreadPoolExecutor.runWorker(ThreadPoolExecutor.java:1134)
        at java.util.concurrent.ThreadPoolExecutor$Worker.run(ThreadPoolExecutor.java:624)
        at java.lang.Thread.run(Thread.java:750)
"Datanode ReportManager Thread - 0" daemon prio=5 tid=207 in Object.wait()
java.lang.Thread.State: WAITING (on object monitor)
        at sun.misc.Unsafe.park(Native Method)
        at java.util.concurrent.locks.LockSupport.park(LockSupport.java:175)
        at java.util.concurrent.locks.AbstractQueuedSynchronizer$ConditionObject.await(AbstractQueuedSynchronizer.java:2039)
        at java.util.concurrent.ScheduledThreadPoolExecutor$DelayedWorkQueue.take(ScheduledThreadPoolExecutor.java:1088)
        at java.util.concurrent.ScheduledThreadPoolExecutor$DelayedWorkQueue.take(ScheduledThreadPoolExecutor.java:809)
        at java.util.concurrent.ThreadPoolExecutor.getTask(ThreadPoolExecutor.java:1074)
        at java.util.concurrent.ThreadPoolExecutor.runWorker(ThreadPoolExecutor.java:1134)
        at java.util.concurrent.ThreadPoolExecutor$Worker.run(ThreadPoolExecutor.java:624)
        at java.lang.Thread.run(Thread.java:750)
"qtp1113751147-230" daemon prio=5 tid=230 timed_waiting
java.lang.Thread.State: TIMED_WAITING
        at sun.misc.Unsafe.park(Native Method)
        at java.util.concurrent.locks.LockSupport.parkNanos(LockSupport.java:215)
        at java.util.concurrent.locks.AbstractQueuedSynchronizer$ConditionObject.awaitNanos(AbstractQueuedSynchronizer.java:2078)
        at org.eclipse.jetty.util.BlockingArrayQueue.poll(BlockingArrayQueue.java:382)
        at org.eclipse.jetty.util.thread.QueuedThreadPool$Runner.idleJobPoll(QueuedThreadPool.java:974)
        at org.eclipse.jetty.util.thread.QueuedThreadPool$Runner.run(QueuedThreadPool.java:1018)
        at java.lang.Thread.run(Thread.java:750)
"StaleRecoveringContainerScrubbingService#1" daemon prio=5 tid=317 in Object.wait()
java.lang.Thread.State: WAITING (on object monitor)
        at sun.misc.Unsafe.park(Native Method)
        at java.util.concurrent.locks.LockSupport.park(LockSupport.java:175)
        at java.util.concurrent.locks.AbstractQueuedSynchronizer$ConditionObject.await(AbstractQueuedSynchronizer.java:2039)
        at java.util.concurrent.ScheduledThreadPoolExecutor$DelayedWorkQueue.take(ScheduledThreadPoolExecutor.java:1088)
        at java.util.concurrent.ScheduledThreadPoolExecutor$DelayedWorkQueue.take(ScheduledThreadPoolExecutor.java:809)
        at java.util.concurrent.ThreadPoolExecutor.getTask(ThreadPoolExecutor.java:1074)
        at java.util.concurrent.ThreadPoolExecutor.runWorker(ThreadPoolExecutor.java:1134)
        at java.util.concurrent.ThreadPoolExecutor$Worker.run(ThreadPoolExecutor.java:624)
        at java.lang.Thread.run(Thread.java:750)
"FixedThreadPoolWithAffinityExecutor-7-0" daemon prio=5 tid=45 timed_waiting
java.lang.Thread.State: TIMED_WAITING
        at sun.misc.Unsafe.park(Native Method)
        at java.util.concurrent.locks.LockSupport.parkNanos(LockSupport.java:215)
        at java.util.concurrent.locks.AbstractQueuedSynchronizer$ConditionObject.awaitNanos(AbstractQueuedSynchronizer.java:2078)
        at java.util.concurrent.LinkedBlockingQueue.poll(LinkedBlockingQueue.java:467)
        at org.apache.hadoop.hdds.scm.server.ContainerReportQueue.poll(ContainerReportQueue.java:266)
        at org.apache.hadoop.hdds.scm.server.ContainerReportQueue.poll(ContainerReportQueue.java:42)
        at org.apache.hadoop.hdds.server.events.FixedThreadPoolWithAffinityExecutor$ContainerReportProcessTask.run(FixedThreadPoolWithAffinityExecutor.java:247)
        at java.util.concurrent.Executors$RunnableAdapter.call(Executors.java:511)
        at java.util.concurrent.FutureTask.run(FutureTask.java:266)
        at java.util.concurrent.ThreadPoolExecutor.runWorker(ThreadPoolExecutor.java:1149)
        at java.util.concurrent.ThreadPoolExecutor$Worker.run(ThreadPoolExecutor.java:624)
        at java.lang.Thread.run(Thread.java:750)
"IPC Server handler 11 on default port 15001" daemon prio=5 tid=80 timed_waiting
java.lang.Thread.State: TIMED_WAITING
        at sun.misc.Unsafe.park(Native Method)
        at java.util.concurrent.locks.LockSupport.parkNanos(LockSupport.java:215)
        at java.util.concurrent.locks.AbstractQueuedSynchronizer$ConditionObject.awaitNanos(AbstractQueuedSynchronizer.java:2078)
        at java.util.concurrent.LinkedBlockingQueue.poll(LinkedBlockingQueue.java:467)
        at org.apache.hadoop.ipc.CallQueueManager.take(CallQueueManager.java:317)
        at org.apache.hadoop.ipc.Server$Handler.run(Server.java:3014)
"ContainerOp-60c550eb-c91e-4f73-bcc1-53a4de1611ee-1"  prio=5 tid=470 in Object.wait()
java.lang.Thread.State: WAITING (on object monitor)
        at sun.misc.Unsafe.park(Native Method)
        at java.util.concurrent.locks.LockSupport.park(LockSupport.java:175)
        at java.util.concurrent.locks.AbstractQueuedSynchronizer$ConditionObject.await(AbstractQueuedSynchronizer.java:2039)
        at java.util.concurrent.LinkedBlockingQueue.take(LinkedBlockingQueue.java:442)
        at java.util.concurrent.ThreadPoolExecutor.getTask(ThreadPoolExecutor.java:1074)
        at java.util.concurrent.ThreadPoolExecutor.runWorker(ThreadPoolExecutor.java:1134)
        at java.util.concurrent.ThreadPoolExecutor$Worker.run(ThreadPoolExecutor.java:624)
        at java.lang.Thread.run(Thread.java:750)
"IPC Server handler 2 on default port 15000" daemon prio=5 tid=51 timed_waiting
java.lang.Thread.State: TIMED_WAITING
        at sun.misc.Unsafe.park(Native Method)
        at java.util.concurrent.locks.LockSupport.parkNanos(LockSupport.java:215)
        at java.util.concurrent.locks.AbstractQueuedSynchronizer$ConditionObject.awaitNanos(AbstractQueuedSynchronizer.java:2078)
        at java.util.concurrent.LinkedBlockingQueue.poll(LinkedBlockingQueue.java:467)
        at org.apache.hadoop.ipc.CallQueueManager.take(CallQueueManager.java:317)
        at org.apache.hadoop.ipc.Server$Handler.run(Server.java:3014)
"qtp536794778-157" daemon prio=5 tid=157 timed_waiting
java.lang.Thread.State: TIMED_WAITING
        at sun.misc.Unsafe.park(Native Method)
        at java.util.concurrent.locks.LockSupport.parkNanos(LockSupport.java:215)
        at java.util.concurrent.locks.AbstractQueuedSynchronizer$ConditionObject.awaitNanos(AbstractQueuedSynchronizer.java:2078)
        at org.eclipse.jetty.util.BlockingArrayQueue.poll(BlockingArrayQueue.java:382)
        at org.eclipse.jetty.util.thread.QueuedThreadPool$Runner.idleJobPoll(QueuedThreadPool.java:974)
        at org.eclipse.jetty.util.thread.QueuedThreadPool$Runner.run(QueuedThreadPool.java:1018)
        at java.lang.Thread.run(Thread.java:750)
"om1@group-C5BA1605619E-SegmentedRaftLogWorker"  prio=5 tid=141 timed_waiting
java.lang.Thread.State: TIMED_WAITING
        at sun.misc.Unsafe.park(Native Method)
        at java.util.concurrent.locks.LockSupport.parkNanos(LockSupport.java:215)
        at java.util.concurrent.locks.AbstractQueuedSynchronizer$ConditionObject.awaitNanos(AbstractQueuedSynchronizer.java:2078)
        at org.apache.ratis.util.DataBlockingQueue.poll(DataBlockingQueue.java:148)
        at org.apache.ratis.server.raftlog.segmented.SegmentedRaftLogWorker.run(SegmentedRaftLogWorker.java:307)
        at org.apache.ratis.server.raftlog.segmented.SegmentedRaftLogWorker$$Lambda$816/967752086.run(Unknown Source)
        at java.util.concurrent.Executors$RunnableAdapter.call(Executors.java:511)
        at java.util.concurrent.FutureTask.run(FutureTask.java:266)
        at java.util.concurrent.ThreadPoolExecutor.runWorker(ThreadPoolExecutor.java:1149)
        at java.util.concurrent.ThreadPoolExecutor$Worker.run(ThreadPoolExecutor.java:624)
        at java.lang.Thread.run(Thread.java:750)
"BlockDeletingService#0" daemon prio=5 tid=315 timed_waiting
java.lang.Thread.State: TIMED_WAITING
        at sun.misc.Unsafe.park(Native Method)
        at java.util.concurrent.locks.LockSupport.parkNanos(LockSupport.java:215)
        at java.util.concurrent.locks.AbstractQueuedSynchronizer$ConditionObject.awaitNanos(AbstractQueuedSynchronizer.java:2078)
        at java.util.concurrent.ScheduledThreadPoolExecutor$DelayedWorkQueue.take(ScheduledThreadPoolExecutor.java:1093)
        at java.util.concurrent.ScheduledThreadPoolExecutor$DelayedWorkQueue.take(ScheduledThreadPoolExecutor.java:809)
        at java.util.concurrent.ThreadPoolExecutor.getTask(ThreadPoolExecutor.java:1074)
        at java.util.concurrent.ThreadPoolExecutor.runWorker(ThreadPoolExecutor.java:1134)
        at java.util.concurrent.ThreadPoolExecutor$Worker.run(ThreadPoolExecutor.java:624)
        at java.lang.Thread.run(Thread.java:750)
"Hadoop-Metrics-Updater-0" daemon prio=5 tid=27 timed_waiting
java.lang.Thread.State: TIMED_WAITING
        at sun.misc.Unsafe.park(Native Method)
        at java.util.concurrent.locks.LockSupport.parkNanos(LockSupport.java:215)
        at java.util.concurrent.locks.AbstractQueuedSynchronizer$ConditionObject.awaitNanos(AbstractQueuedSynchronizer.java:2078)
        at java.util.concurrent.ScheduledThreadPoolExecutor$DelayedWorkQueue.take(ScheduledThreadPoolExecutor.java:1093)
        at java.util.concurrent.ScheduledThreadPoolExecutor$DelayedWorkQueue.take(ScheduledThreadPoolExecutor.java:809)
        at java.util.concurrent.ThreadPoolExecutor.getTask(ThreadPoolExecutor.java:1074)
        at java.util.concurrent.ThreadPoolExecutor.runWorker(ThreadPoolExecutor.java:1134)
        at java.util.concurrent.ThreadPoolExecutor$Worker.run(ThreadPoolExecutor.java:624)
        at java.lang.Thread.run(Thread.java:750)
"d2cb3656-736c-45ed-9177-765defc8baa4-NettyServerStreamRpc-bossGroup--thread1"  prio=5 tid=254 runnable
java.lang.Thread.State: RUNNABLE
        at sun.nio.ch.EPollArrayWrapper.epollWait(Native Method)
        at sun.nio.ch.EPollArrayWrapper.poll(EPollArrayWrapper.java:269)
        at sun.nio.ch.EPollSelectorImpl.doSelect(EPollSelectorImpl.java:93)
        at sun.nio.ch.SelectorImpl.lockAndDoSelect(SelectorImpl.java:86)
        at sun.nio.ch.SelectorImpl.select(SelectorImpl.java:97)
        at sun.nio.ch.SelectorImpl.select(SelectorImpl.java:101)
        at org.apache.ratis.thirdparty.io.netty.channel.nio.SelectedSelectionKeySetSelector.select(SelectedSelectionKeySetSelector.java:68)
        at org.apache.ratis.thirdparty.io.netty.channel.nio.NioEventLoop.select(NioEventLoop.java:879)
        at org.apache.ratis.thirdparty.io.netty.channel.nio.NioEventLoop.run(NioEventLoop.java:526)
        at org.apache.ratis.thirdparty.io.netty.util.concurrent.SingleThreadEventExecutor$4.run(SingleThreadEventExecutor.java:997)
        at org.apache.ratis.thirdparty.io.netty.util.internal.ThreadExecutorMap$2.run(ThreadExecutorMap.java:74)
        at java.lang.Thread.run(Thread.java:750)
"KeyDeletingService#0" daemon prio=5 tid=148 timed_waiting
java.lang.Thread.State: TIMED_WAITING
        at sun.misc.Unsafe.park(Native Method)
        at java.util.concurrent.locks.LockSupport.parkNanos(LockSupport.java:215)
        at java.util.concurrent.locks.AbstractQueuedSynchronizer$ConditionObject.awaitNanos(AbstractQueuedSynchronizer.java:2078)
        at java.util.concurrent.ScheduledThreadPoolExecutor$DelayedWorkQueue.take(ScheduledThreadPoolExecutor.java:1093)
        at java.util.concurrent.ScheduledThreadPoolExecutor$DelayedWorkQueue.take(ScheduledThreadPoolExecutor.java:809)
        at java.util.concurrent.ThreadPoolExecutor.getTask(ThreadPoolExecutor.java:1074)
        at java.util.concurrent.ThreadPoolExecutor.runWorker(ThreadPoolExecutor.java:1134)
        at java.util.concurrent.ThreadPoolExecutor$Worker.run(ThreadPoolExecutor.java:624)
        at java.lang.Thread.run(Thread.java:750)
"ContainerOp-60c550eb-c91e-4f73-bcc1-53a4de1611ee-3"  prio=5 tid=480 in Object.wait()
java.lang.Thread.State: WAITING (on object monitor)
        at sun.misc.Unsafe.park(Native Method)
        at java.util.concurrent.locks.LockSupport.park(LockSupport.java:175)
        at java.util.concurrent.locks.AbstractQueuedSynchronizer$ConditionObject.await(AbstractQueuedSynchronizer.java:2039)
        at java.util.concurrent.LinkedBlockingQueue.take(LinkedBlockingQueue.java:442)
        at java.util.concurrent.ThreadPoolExecutor.getTask(ThreadPoolExecutor.java:1074)
        at java.util.concurrent.ThreadPoolExecutor.runWorker(ThreadPoolExecutor.java:1134)
        at java.util.concurrent.ThreadPoolExecutor$Worker.run(ThreadPoolExecutor.java:624)
        at java.lang.Thread.run(Thread.java:750)
"fe774388-89b0-43a1-8132-3e981ddd9c14-server-thread3"  prio=5 tid=466 timed_waiting
java.lang.Thread.State: TIMED_WAITING
        at sun.misc.Unsafe.park(Native Method)
        at java.util.concurrent.locks.LockSupport.parkNanos(LockSupport.java:215)
        at java.util.concurrent.SynchronousQueue$TransferStack.awaitFulfill(SynchronousQueue.java:460)
        at java.util.concurrent.SynchronousQueue$TransferStack.transfer(SynchronousQueue.java:362)
        at java.util.concurrent.SynchronousQueue.poll(SynchronousQueue.java:941)
        at java.util.concurrent.ThreadPoolExecutor.getTask(ThreadPoolExecutor.java:1073)
        at java.util.concurrent.ThreadPoolExecutor.runWorker(ThreadPoolExecutor.java:1134)
        at java.util.concurrent.ThreadPoolExecutor$Worker.run(ThreadPoolExecutor.java:624)
        at java.lang.Thread.run(Thread.java:750)
"ContainerOp-d220e5b9-ae7c-41b7-8547-aa8e299d83d3-8"  prio=5 tid=532 in Object.wait()
java.lang.Thread.State: WAITING (on object monitor)
        at sun.misc.Unsafe.park(Native Method)
        at java.util.concurrent.locks.LockSupport.park(LockSupport.java:175)
        at java.util.concurrent.locks.AbstractQueuedSynchronizer$ConditionObject.await(AbstractQueuedSynchronizer.java:2039)
        at java.util.concurrent.LinkedBlockingQueue.take(LinkedBlockingQueue.java:442)
        at java.util.concurrent.ThreadPoolExecutor.getTask(ThreadPoolExecutor.java:1074)
        at java.util.concurrent.ThreadPoolExecutor.runWorker(ThreadPoolExecutor.java:1134)
        at java.util.concurrent.ThreadPoolExecutor$Worker.run(ThreadPoolExecutor.java:624)
        at java.lang.Thread.run(Thread.java:750)
"ContainerOp-d220e5b9-ae7c-41b7-8547-aa8e299d83d3-6"  prio=5 tid=525 in Object.wait()
java.lang.Thread.State: WAITING (on object monitor)
        at sun.misc.Unsafe.park(Native Method)
        at java.util.concurrent.locks.LockSupport.park(LockSupport.java:175)
        at java.util.concurrent.locks.AbstractQueuedSynchronizer$ConditionObject.await(AbstractQueuedSynchronizer.java:2039)
        at java.util.concurrent.LinkedBlockingQueue.take(LinkedBlockingQueue.java:442)
        at java.util.concurrent.ThreadPoolExecutor.getTask(ThreadPoolExecutor.java:1074)
        at java.util.concurrent.ThreadPoolExecutor.runWorker(ThreadPoolExecutor.java:1134)
        at java.util.concurrent.ThreadPoolExecutor$Worker.run(ThreadPoolExecutor.java:624)
        at java.lang.Thread.run(Thread.java:750)
"FixedThreadPoolWithAffinityExecutor-5-0" daemon prio=5 tid=43 timed_waiting
java.lang.Thread.State: TIMED_WAITING
        at sun.misc.Unsafe.park(Native Method)
        at java.util.concurrent.locks.LockSupport.parkNanos(LockSupport.java:215)
        at java.util.concurrent.locks.AbstractQueuedSynchronizer$ConditionObject.awaitNanos(AbstractQueuedSynchronizer.java:2078)
        at java.util.concurrent.LinkedBlockingQueue.poll(LinkedBlockingQueue.java:467)
        at org.apache.hadoop.hdds.scm.server.ContainerReportQueue.poll(ContainerReportQueue.java:266)
        at org.apache.hadoop.hdds.scm.server.ContainerReportQueue.poll(ContainerReportQueue.java:42)
        at org.apache.hadoop.hdds.server.events.FixedThreadPoolWithAffinityExecutor$ContainerReportProcessTask.run(FixedThreadPoolWithAffinityExecutor.java:247)
        at java.util.concurrent.Executors$RunnableAdapter.call(Executors.java:511)
        at java.util.concurrent.FutureTask.run(FutureTask.java:266)
        at java.util.concurrent.ThreadPoolExecutor.runWorker(ThreadPoolExecutor.java:1149)
        at java.util.concurrent.ThreadPoolExecutor$Worker.run(ThreadPoolExecutor.java:624)
        at java.lang.Thread.run(Thread.java:750)
"ContainerOp-d220e5b9-ae7c-41b7-8547-aa8e299d83d3-6"  prio=5 tid=529 in Object.wait()
java.lang.Thread.State: WAITING (on object monitor)
        at sun.misc.Unsafe.park(Native Method)
        at java.util.concurrent.locks.LockSupport.park(LockSupport.java:175)
        at java.util.concurrent.locks.AbstractQueuedSynchronizer$ConditionObject.await(AbstractQueuedSynchronizer.java:2039)
        at java.util.concurrent.LinkedBlockingQueue.take(LinkedBlockingQueue.java:442)
        at java.util.concurrent.ThreadPoolExecutor.getTask(ThreadPoolExecutor.java:1074)
        at java.util.concurrent.ThreadPoolExecutor.runWorker(ThreadPoolExecutor.java:1134)
        at java.util.concurrent.ThreadPoolExecutor$Worker.run(ThreadPoolExecutor.java:624)
        at java.lang.Thread.run(Thread.java:750)
"om1-groupManagement"  prio=5 tid=132 in Object.wait()
java.lang.Thread.State: WAITING (on object monitor)
        at sun.misc.Unsafe.park(Native Method)
        at java.util.concurrent.locks.LockSupport.park(LockSupport.java:175)
        at java.util.concurrent.locks.AbstractQueuedSynchronizer$ConditionObject.await(AbstractQueuedSynchronizer.java:2039)
        at java.util.concurrent.LinkedBlockingQueue.take(LinkedBlockingQueue.java:442)
        at java.util.concurrent.ThreadPoolExecutor.getTask(ThreadPoolExecutor.java:1074)
        at java.util.concurrent.ThreadPoolExecutor.runWorker(ThreadPoolExecutor.java:1134)
        at java.util.concurrent.ThreadPoolExecutor$Worker.run(ThreadPoolExecutor.java:624)
        at java.lang.Thread.run(Thread.java:750)
"IPC Server handler 0 on default port 15000" daemon prio=5 tid=49 timed_waiting
java.lang.Thread.State: TIMED_WAITING
        at sun.misc.Unsafe.park(Native Method)
        at java.util.concurrent.locks.LockSupport.parkNanos(LockSupport.java:215)
        at java.util.concurrent.locks.AbstractQueuedSynchronizer$ConditionObject.awaitNanos(AbstractQueuedSynchronizer.java:2078)
        at java.util.concurrent.LinkedBlockingQueue.poll(LinkedBlockingQueue.java:467)
        at org.apache.hadoop.ipc.CallQueueManager.take(CallQueueManager.java:317)
        at org.apache.hadoop.ipc.Server$Handler.run(Server.java:3014)
"d2cb3656-736c-45ed-9177-765defc8baa4@group-53A4DE1611EE-SegmentedRaftLogWorker" daemon prio=5 tid=387 timed_waiting
java.lang.Thread.State: TIMED_WAITING
        at sun.misc.Unsafe.park(Native Method)
        at java.util.concurrent.locks.LockSupport.parkNanos(LockSupport.java:215)
        at java.util.concurrent.locks.AbstractQueuedSynchronizer$ConditionObject.awaitNanos(AbstractQueuedSynchronizer.java:2078)
        at org.apache.ratis.util.DataBlockingQueue.poll(DataBlockingQueue.java:148)
        at org.apache.ratis.server.raftlog.segmented.SegmentedRaftLogWorker.run(SegmentedRaftLogWorker.java:307)
        at org.apache.ratis.server.raftlog.segmented.SegmentedRaftLogWorker$$Lambda$816/967752086.run(Unknown Source)
        at java.util.concurrent.Executors$RunnableAdapter.call(Executors.java:511)
        at java.util.concurrent.FutureTask.run(FutureTask.java:266)
        at java.util.concurrent.ThreadPoolExecutor.runWorker(ThreadPoolExecutor.java:1149)
        at java.util.concurrent.ThreadPoolExecutor$Worker.run(ThreadPoolExecutor.java:624)
        at java.lang.Thread.run(Thread.java:750)
"IPC Server handler 13 on default port 15000" daemon prio=5 tid=62 timed_waiting
java.lang.Thread.State: TIMED_WAITING
        at sun.misc.Unsafe.park(Native Method)
        at java.util.concurrent.locks.LockSupport.parkNanos(LockSupport.java:215)
        at java.util.concurrent.locks.AbstractQueuedSynchronizer$ConditionObject.awaitNanos(AbstractQueuedSynchronizer.java:2078)
        at java.util.concurrent.LinkedBlockingQueue.poll(LinkedBlockingQueue.java:467)
        at org.apache.hadoop.ipc.CallQueueManager.take(CallQueueManager.java:317)
        at org.apache.hadoop.ipc.Server$Handler.run(Server.java:3014)
"48be0ea8-46a6-4e80-b936-879c72e065d6-server-thread4"  prio=5 tid=504 timed_waiting
java.lang.Thread.State: TIMED_WAITING
        at sun.misc.Unsafe.park(Native Method)
        at java.util.concurrent.locks.LockSupport.parkNanos(LockSupport.java:215)
        at java.util.concurrent.SynchronousQueue$TransferStack.awaitFulfill(SynchronousQueue.java:460)
        at java.util.concurrent.SynchronousQueue$TransferStack.transfer(SynchronousQueue.java:362)
        at java.util.concurrent.SynchronousQueue.poll(SynchronousQueue.java:941)
        at java.util.concurrent.ThreadPoolExecutor.getTask(ThreadPoolExecutor.java:1073)
        at java.util.concurrent.ThreadPoolExecutor.runWorker(ThreadPoolExecutor.java:1134)
        at java.util.concurrent.ThreadPoolExecutor$Worker.run(ThreadPoolExecutor.java:624)
        at java.lang.Thread.run(Thread.java:750)
"timer2" daemon prio=5 tid=417 timed_waiting
java.lang.Thread.State: TIMED_WAITING
        at java.lang.Object.wait(Native Method)
        at java.util.TimerThread.mainLoop(Timer.java:552)
        at java.util.TimerThread.run(Timer.java:505)
"SCMBlockDeletingService#0" daemon prio=5 tid=109 timed_waiting
java.lang.Thread.State: TIMED_WAITING
        at sun.misc.Unsafe.park(Native Method)
        at java.util.concurrent.locks.LockSupport.parkNanos(LockSupport.java:215)
        at java.util.concurrent.locks.AbstractQueuedSynchronizer$ConditionObject.awaitNanos(AbstractQueuedSynchronizer.java:2078)
        at java.util.concurrent.ScheduledThreadPoolExecutor$DelayedWorkQueue.take(ScheduledThreadPoolExecutor.java:1093)
        at java.util.concurrent.ScheduledThreadPoolExecutor$DelayedWorkQueue.take(ScheduledThreadPoolExecutor.java:809)
        at java.util.concurrent.ThreadPoolExecutor.getTask(ThreadPoolExecutor.java:1074)
        at java.util.concurrent.ThreadPoolExecutor.runWorker(ThreadPoolExecutor.java:1134)
        at java.util.concurrent.ThreadPoolExecutor$Worker.run(ThreadPoolExecutor.java:624)
        at java.lang.Thread.run(Thread.java:750)
"Hadoop-Metrics-Updater-0" daemon prio=5 tid=37 timed_waiting
java.lang.Thread.State: TIMED_WAITING
        at sun.misc.Unsafe.park(Native Method)
        at java.util.concurrent.locks.LockSupport.parkNanos(LockSupport.java:215)
        at java.util.concurrent.locks.AbstractQueuedSynchronizer$ConditionObject.awaitNanos(AbstractQueuedSynchronizer.java:2078)
        at java.util.concurrent.ScheduledThreadPoolExecutor$DelayedWorkQueue.take(ScheduledThreadPoolExecutor.java:1093)
        at java.util.concurrent.ScheduledThreadPoolExecutor$DelayedWorkQueue.take(ScheduledThreadPoolExecutor.java:809)
        at java.util.concurrent.ThreadPoolExecutor.getTask(ThreadPoolExecutor.java:1074)
        at java.util.concurrent.ThreadPoolExecutor.runWorker(ThreadPoolExecutor.java:1134)
        at java.util.concurrent.ThreadPoolExecutor$Worker.run(ThreadPoolExecutor.java:624)
        at java.lang.Thread.run(Thread.java:750)
"ContainerOp-d220e5b9-ae7c-41b7-8547-aa8e299d83d3-4"  prio=5 tid=518 in Object.wait()
java.lang.Thread.State: WAITING (on object monitor)
        at sun.misc.Unsafe.park(Native Method)
        at java.util.concurrent.locks.LockSupport.park(LockSupport.java:175)
        at java.util.concurrent.locks.AbstractQueuedSynchronizer$ConditionObject.await(AbstractQueuedSynchronizer.java:2039)
        at java.util.concurrent.LinkedBlockingQueue.take(LinkedBlockingQueue.java:442)
        at java.util.concurrent.ThreadPoolExecutor.getTask(ThreadPoolExecutor.java:1074)
        at java.util.concurrent.ThreadPoolExecutor.runWorker(ThreadPoolExecutor.java:1134)
        at java.util.concurrent.ThreadPoolExecutor$Worker.run(ThreadPoolExecutor.java:624)
        at java.lang.Thread.run(Thread.java:750)
"Socket Reader #1 for port 15002"  prio=5 tid=24 runnable
java.lang.Thread.State: RUNNABLE
        at sun.nio.ch.EPollArrayWrapper.epollWait(Native Method)
        at sun.nio.ch.EPollArrayWrapper.poll(EPollArrayWrapper.java:269)
        at sun.nio.ch.EPollSelectorImpl.doSelect(EPollSelectorImpl.java:93)
        at sun.nio.ch.SelectorImpl.lockAndDoSelect(SelectorImpl.java:86)
        at sun.nio.ch.SelectorImpl.select(SelectorImpl.java:97)
        at sun.nio.ch.SelectorImpl.select(SelectorImpl.java:101)
        at org.apache.hadoop.ipc.Server$Listener$Reader.doRunLoop(Server.java:1346)
        at org.apache.hadoop.ipc.Server$Listener$Reader.run(Server.java:1325)
"Datanode ReportManager Thread - 2" daemon prio=5 tid=209 in Object.wait()
java.lang.Thread.State: WAITING (on object monitor)
        at sun.misc.Unsafe.park(Native Method)
        at java.util.concurrent.locks.LockSupport.park(LockSupport.java:175)
        at java.util.concurrent.locks.AbstractQueuedSynchronizer$ConditionObject.await(AbstractQueuedSynchronizer.java:2039)
        at java.util.concurrent.ScheduledThreadPoolExecutor$DelayedWorkQueue.take(ScheduledThreadPoolExecutor.java:1088)
        at java.util.concurrent.ScheduledThreadPoolExecutor$DelayedWorkQueue.take(ScheduledThreadPoolExecutor.java:809)
        at java.util.concurrent.ThreadPoolExecutor.getTask(ThreadPoolExecutor.java:1074)
        at java.util.concurrent.ThreadPoolExecutor.runWorker(ThreadPoolExecutor.java:1134)
        at java.util.concurrent.ThreadPoolExecutor$Worker.run(ThreadPoolExecutor.java:624)
        at java.lang.Thread.run(Thread.java:750)
"Session-HouseKeeper-576f9ac6-1"  prio=5 tid=199 timed_waiting
java.lang.Thread.State: TIMED_WAITING
        at sun.misc.Unsafe.park(Native Method)
        at java.util.concurrent.locks.LockSupport.parkNanos(LockSupport.java:215)
        at java.util.concurrent.locks.AbstractQueuedSynchronizer$ConditionObject.awaitNanos(AbstractQueuedSynchronizer.java:2078)
        at java.util.concurrent.ScheduledThreadPoolExecutor$DelayedWorkQueue.take(ScheduledThreadPoolExecutor.java:1093)
        at java.util.concurrent.ScheduledThreadPoolExecutor$DelayedWorkQueue.take(ScheduledThreadPoolExecutor.java:809)
        at java.util.concurrent.ThreadPoolExecutor.getTask(ThreadPoolExecutor.java:1074)
        at java.util.concurrent.ThreadPoolExecutor.runWorker(ThreadPoolExecutor.java:1134)
        at java.util.concurrent.ThreadPoolExecutor$Worker.run(ThreadPoolExecutor.java:624)
        at java.lang.Thread.run(Thread.java:750)
"BlockDeletingService#1" daemon prio=5 tid=293 in Object.wait()
java.lang.Thread.State: WAITING (on object monitor)
        at sun.misc.Unsafe.park(Native Method)
        at java.util.concurrent.locks.LockSupport.park(LockSupport.java:175)
        at java.util.concurrent.locks.AbstractQueuedSynchronizer$ConditionObject.await(AbstractQueuedSynchronizer.java:2039)
        at java.util.concurrent.ScheduledThreadPoolExecutor$DelayedWorkQueue.take(ScheduledThreadPoolExecutor.java:1088)
        at java.util.concurrent.ScheduledThreadPoolExecutor$DelayedWorkQueue.take(ScheduledThreadPoolExecutor.java:809)
        at java.util.concurrent.ThreadPoolExecutor.getTask(ThreadPoolExecutor.java:1074)
        at java.util.concurrent.ThreadPoolExecutor.runWorker(ThreadPoolExecutor.java:1134)
        at java.util.concurrent.ThreadPoolExecutor$Worker.run(ThreadPoolExecutor.java:624)
        at java.lang.Thread.run(Thread.java:750)
"om1@group-C5BA1605619E-LeaderStateImpl" daemon prio=5 tid=233 timed_waiting
java.lang.Thread.State: TIMED_WAITING
        at sun.misc.Unsafe.park(Native Method)
        at java.util.concurrent.locks.LockSupport.parkNanos(LockSupport.java:215)
        at java.util.concurrent.locks.AbstractQueuedSynchronizer$ConditionObject.awaitNanos(AbstractQueuedSynchronizer.java:2078)
        at java.util.concurrent.ArrayBlockingQueue.poll(ArrayBlockingQueue.java:418)
        at org.apache.ratis.server.impl.LeaderStateImpl$EventQueue.poll(LeaderStateImpl.java:164)
        at org.apache.ratis.server.impl.LeaderStateImpl$EventProcessor.run(LeaderStateImpl.java:702)
"Datanode ReportManager Thread - 0" daemon prio=5 tid=241 timed_waiting
java.lang.Thread.State: TIMED_WAITING
        at sun.misc.Unsafe.park(Native Method)
        at java.util.concurrent.locks.LockSupport.parkNanos(LockSupport.java:215)
        at java.util.concurrent.locks.AbstractQueuedSynchronizer$ConditionObject.awaitNanos(AbstractQueuedSynchronizer.java:2078)
        at java.util.concurrent.ScheduledThreadPoolExecutor$DelayedWorkQueue.take(ScheduledThreadPoolExecutor.java:1093)
        at java.util.concurrent.ScheduledThreadPoolExecutor$DelayedWorkQueue.take(ScheduledThreadPoolExecutor.java:809)
        at java.util.concurrent.ThreadPoolExecutor.getTask(ThreadPoolExecutor.java:1074)
        at java.util.concurrent.ThreadPoolExecutor.runWorker(ThreadPoolExecutor.java:1134)
        at java.util.concurrent.ThreadPoolExecutor$Worker.run(ThreadPoolExecutor.java:624)
        at java.lang.Thread.run(Thread.java:750)
"IPC Server Responder" daemon prio=5 tid=237 runnable
java.lang.Thread.State: RUNNABLE
        at sun.nio.ch.EPollArrayWrapper.epollWait(Native Method)
        at sun.nio.ch.EPollArrayWrapper.poll(EPollArrayWrapper.java:269)
        at sun.nio.ch.EPollSelectorImpl.doSelect(EPollSelectorImpl.java:93)
        at sun.nio.ch.SelectorImpl.lockAndDoSelect(SelectorImpl.java:86)
        at sun.nio.ch.SelectorImpl.select(SelectorImpl.java:97)
        at org.apache.hadoop.ipc.Server$Responder.doRunLoop(Server.java:1582)
        at org.apache.hadoop.ipc.Server$Responder.run(Server.java:1565)
"timer6" daemon prio=5 tid=443 timed_waiting
java.lang.Thread.State: TIMED_WAITING
        at java.lang.Object.wait(Native Method)
        at java.util.TimerThread.mainLoop(Timer.java:552)
        at java.util.TimerThread.run(Timer.java:505)
"ContainerOp-d220e5b9-ae7c-41b7-8547-aa8e299d83d3-3"  prio=5 tid=512 in Object.wait()
java.lang.Thread.State: WAITING (on object monitor)
        at sun.misc.Unsafe.park(Native Method)
        at java.util.concurrent.locks.LockSupport.park(LockSupport.java:175)
        at java.util.concurrent.locks.AbstractQueuedSynchronizer$ConditionObject.await(AbstractQueuedSynchronizer.java:2039)
        at java.util.concurrent.LinkedBlockingQueue.take(LinkedBlockingQueue.java:442)
        at java.util.concurrent.ThreadPoolExecutor.getTask(ThreadPoolExecutor.java:1074)
        at java.util.concurrent.ThreadPoolExecutor.runWorker(ThreadPoolExecutor.java:1134)
        at java.util.concurrent.ThreadPoolExecutor$Worker.run(ThreadPoolExecutor.java:624)
        at java.lang.Thread.run(Thread.java:750)
"ContainerOp-60c550eb-c91e-4f73-bcc1-53a4de1611ee-0"  prio=5 tid=469 in Object.wait()
java.lang.Thread.State: WAITING (on object monitor)
        at sun.misc.Unsafe.park(Native Method)
        at java.util.concurrent.locks.LockSupport.park(LockSupport.java:175)
        at java.util.concurrent.locks.AbstractQueuedSynchronizer$ConditionObject.await(AbstractQueuedSynchronizer.java:2039)
        at java.util.concurrent.LinkedBlockingQueue.take(LinkedBlockingQueue.java:442)
        at java.util.concurrent.ThreadPoolExecutor.getTask(ThreadPoolExecutor.java:1074)
        at java.util.concurrent.ThreadPoolExecutor.runWorker(ThreadPoolExecutor.java:1134)
        at java.util.concurrent.ThreadPoolExecutor$Worker.run(ThreadPoolExecutor.java:624)
        at java.lang.Thread.run(Thread.java:750)
"ChunkWriter-3-0" daemon prio=5 tid=300 in Object.wait()
java.lang.Thread.State: WAITING (on object monitor)
        at sun.misc.Unsafe.park(Native Method)
        at java.util.concurrent.locks.LockSupport.park(LockSupport.java:175)
        at java.util.concurrent.locks.AbstractQueuedSynchronizer$ConditionObject.await(AbstractQueuedSynchronizer.java:2039)
        at java.util.concurrent.LinkedBlockingDeque.takeFirst(LinkedBlockingDeque.java:492)
        at java.util.concurrent.LinkedBlockingDeque.take(LinkedBlockingDeque.java:680)
        at java.util.concurrent.ThreadPoolExecutor.getTask(ThreadPoolExecutor.java:1074)
        at java.util.concurrent.ThreadPoolExecutor.runWorker(ThreadPoolExecutor.java:1134)
        at java.util.concurrent.ThreadPoolExecutor$Worker.run(ThreadPoolExecutor.java:624)
        at java.lang.Thread.run(Thread.java:750)
"IPC Server handler 16 on default port 15000" daemon prio=5 tid=65 timed_waiting
java.lang.Thread.State: TIMED_WAITING
        at sun.misc.Unsafe.park(Native Method)
        at java.util.concurrent.locks.LockSupport.parkNanos(LockSupport.java:215)
        at java.util.concurrent.locks.AbstractQueuedSynchronizer$ConditionObject.awaitNanos(AbstractQueuedSynchronizer.java:2078)
        at java.util.concurrent.LinkedBlockingQueue.poll(LinkedBlockingQueue.java:467)
        at org.apache.hadoop.ipc.CallQueueManager.take(CallQueueManager.java:317)
        at org.apache.hadoop.ipc.Server$Handler.run(Server.java:3014)
"d2cb3656-736c-45ed-9177-765defc8baa4@group-79B2834307E7-StateMachineUpdater" daemon prio=5 tid=396 timed_waiting
java.lang.Thread.State: TIMED_WAITING
        at sun.misc.Unsafe.park(Native Method)
        at java.util.concurrent.locks.LockSupport.parkNanos(LockSupport.java:215)
        at java.util.concurrent.locks.AbstractQueuedSynchronizer$ConditionObject.await(AbstractQueuedSynchronizer.java:2163)
        at org.apache.ratis.util.AwaitForSignal.await(AwaitForSignal.java:62)
        at org.apache.ratis.server.impl.StateMachineUpdater.waitForCommit(StateMachineUpdater.java:209)
        at org.apache.ratis.server.impl.StateMachineUpdater.run(StateMachineUpdater.java:178)
        at java.lang.Thread.run(Thread.java:750)
"Over Replicated Processor" daemon prio=5 tid=20 timed_waiting
java.lang.Thread.State: TIMED_WAITING
        at java.lang.Object.wait(Native Method)
        at org.apache.hadoop.hdds.scm.container.replication.UnhealthyReplicationProcessor.run(UnhealthyReplicationProcessor.java:174)
        at java.lang.Thread.run(Thread.java:750)
"fe774388-89b0-43a1-8132-3e981ddd9c14@group-37708F06EBE6-StateMachineUpdater" daemon prio=5 tid=344 timed_waiting
java.lang.Thread.State: TIMED_WAITING
        at sun.misc.Unsafe.park(Native Method)
        at java.util.concurrent.locks.LockSupport.parkNanos(LockSupport.java:215)
        at java.util.concurrent.locks.AbstractQueuedSynchronizer$ConditionObject.await(AbstractQueuedSynchronizer.java:2163)
        at org.apache.ratis.util.AwaitForSignal.await(AwaitForSignal.java:62)
        at org.apache.ratis.server.impl.StateMachineUpdater.waitForCommit(StateMachineUpdater.java:209)
        at org.apache.ratis.server.impl.StateMachineUpdater.run(StateMachineUpdater.java:178)
        at java.lang.Thread.run(Thread.java:750)
"IPC Server handler 6 on default port 15004" daemon prio=5 tid=168 timed_waiting
java.lang.Thread.State: TIMED_WAITING
        at sun.misc.Unsafe.park(Native Method)
        at java.util.concurrent.locks.LockSupport.parkNanos(LockSupport.java:215)
        at java.util.concurrent.locks.AbstractQueuedSynchronizer$ConditionObject.awaitNanos(AbstractQueuedSynchronizer.java:2078)
        at java.util.concurrent.LinkedBlockingQueue.poll(LinkedBlockingQueue.java:467)
        at org.apache.hadoop.ipc.CallQueueManager.take(CallQueueManager.java:317)
        at org.apache.hadoop.ipc.Server$Handler.run(Server.java:3014)
"48be0ea8-46a6-4e80-b936-879c72e065d6@group-12AE4BFA76DF-SegmentedRaftLogWorker"  prio=5 tid=329 timed_waiting
java.lang.Thread.State: TIMED_WAITING
        at sun.misc.Unsafe.park(Native Method)
        at java.util.concurrent.locks.LockSupport.parkNanos(LockSupport.java:215)
        at java.util.concurrent.locks.AbstractQueuedSynchronizer$ConditionObject.awaitNanos(AbstractQueuedSynchronizer.java:2078)
        at org.apache.ratis.util.DataBlockingQueue.poll(DataBlockingQueue.java:148)
        at org.apache.ratis.server.raftlog.segmented.SegmentedRaftLogWorker.run(SegmentedRaftLogWorker.java:307)
        at org.apache.ratis.server.raftlog.segmented.SegmentedRaftLogWorker$$Lambda$816/967752086.run(Unknown Source)
        at java.util.concurrent.Executors$RunnableAdapter.call(Executors.java:511)
        at java.util.concurrent.FutureTask.run(FutureTask.java:266)
        at java.util.concurrent.ThreadPoolExecutor.runWorker(ThreadPoolExecutor.java:1149)
        at java.util.concurrent.ThreadPoolExecutor$Worker.run(ThreadPoolExecutor.java:624)
        at java.lang.Thread.run(Thread.java:750)
"IPC Server handler 17 on default port 15004" daemon prio=5 tid=179 timed_waiting
java.lang.Thread.State: TIMED_WAITING
        at sun.misc.Unsafe.park(Native Method)
        at java.util.concurrent.locks.LockSupport.parkNanos(LockSupport.java:215)
        at java.util.concurrent.locks.AbstractQueuedSynchronizer$ConditionObject.awaitNanos(AbstractQueuedSynchronizer.java:2078)
        at java.util.concurrent.LinkedBlockingQueue.poll(LinkedBlockingQueue.java:467)
        at org.apache.hadoop.ipc.CallQueueManager.take(CallQueueManager.java:317)
        at org.apache.hadoop.ipc.Server$Handler.run(Server.java:3014)
"BlockDeletingService#3" daemon prio=5 tid=972 in Object.wait()
java.lang.Thread.State: WAITING (on object monitor)
        at sun.misc.Unsafe.park(Native Method)
        at java.util.concurrent.locks.LockSupport.park(LockSupport.java:175)
        at java.util.concurrent.locks.AbstractQueuedSynchronizer$ConditionObject.await(AbstractQueuedSynchronizer.java:2039)
        at java.util.concurrent.ScheduledThreadPoolExecutor$DelayedWorkQueue.take(ScheduledThreadPoolExecutor.java:1088)
        at java.util.concurrent.ScheduledThreadPoolExecutor$DelayedWorkQueue.take(ScheduledThreadPoolExecutor.java:809)
        at java.util.concurrent.ThreadPoolExecutor.getTask(ThreadPoolExecutor.java:1074)
        at java.util.concurrent.ThreadPoolExecutor.runWorker(ThreadPoolExecutor.java:1134)
        at java.util.concurrent.ThreadPoolExecutor$Worker.run(ThreadPoolExecutor.java:624)
        at java.lang.Thread.run(Thread.java:750)
"ContainerOp-60c550eb-c91e-4f73-bcc1-53a4de1611ee-8"  prio=5 tid=493 in Object.wait()
java.lang.Thread.State: WAITING (on object monitor)
        at sun.misc.Unsafe.park(Native Method)
        at java.util.concurrent.locks.LockSupport.park(LockSupport.java:175)
        at java.util.concurrent.locks.AbstractQueuedSynchronizer$ConditionObject.await(AbstractQueuedSynchronizer.java:2039)
        at java.util.concurrent.LinkedBlockingQueue.take(LinkedBlockingQueue.java:442)
        at java.util.concurrent.ThreadPoolExecutor.getTask(ThreadPoolExecutor.java:1074)
        at java.util.concurrent.ThreadPoolExecutor.runWorker(ThreadPoolExecutor.java:1134)
        at java.util.concurrent.ThreadPoolExecutor$Worker.run(ThreadPoolExecutor.java:624)
        at java.lang.Thread.run(Thread.java:750)
"IPC Server handler 11 on default port 15004" daemon prio=5 tid=173 timed_waiting
java.lang.Thread.State: TIMED_WAITING
        at sun.misc.Unsafe.park(Native Method)
        at java.util.concurrent.locks.LockSupport.parkNanos(LockSupport.java:215)
        at java.util.concurrent.locks.AbstractQueuedSynchronizer$ConditionObject.awaitNanos(AbstractQueuedSynchronizer.java:2078)
        at java.util.concurrent.LinkedBlockingQueue.poll(LinkedBlockingQueue.java:467)
        at org.apache.hadoop.ipc.CallQueueManager.take(CallQueueManager.java:317)
        at org.apache.hadoop.ipc.Server$Handler.run(Server.java:3014)
"ContainerOp-60c550eb-c91e-4f73-bcc1-53a4de1611ee-6"  prio=5 tid=484 in Object.wait()
java.lang.Thread.State: WAITING (on object monitor)
        at sun.misc.Unsafe.park(Native Method)
        at java.util.concurrent.locks.LockSupport.park(LockSupport.java:175)
        at java.util.concurrent.locks.AbstractQueuedSynchronizer$ConditionObject.await(AbstractQueuedSynchronizer.java:2039)
        at java.util.concurrent.LinkedBlockingQueue.take(LinkedBlockingQueue.java:442)
        at java.util.concurrent.ThreadPoolExecutor.getTask(ThreadPoolExecutor.java:1074)
        at java.util.concurrent.ThreadPoolExecutor.runWorker(ThreadPoolExecutor.java:1134)
        at java.util.concurrent.ThreadPoolExecutor$Worker.run(ThreadPoolExecutor.java:624)
        at java.lang.Thread.run(Thread.java:750)
"Command processor thread" daemon prio=5 tid=279 timed_waiting
java.lang.Thread.State: TIMED_WAITING
        at java.lang.Thread.sleep(Native Method)
        at org.apache.hadoop.ozone.container.common.statemachine.DatanodeStateMachine.lambda$initCommandHandlerThread$3(DatanodeStateMachine.java:659)
        at org.apache.hadoop.ozone.container.common.statemachine.DatanodeStateMachine$$Lambda$917/1892067001.run(Unknown Source)
        at java.lang.Thread.run(Thread.java:750)
"Datanode ReportManager Thread - 2" daemon prio=5 tid=243 in Object.wait()
java.lang.Thread.State: WAITING (on object monitor)
        at sun.misc.Unsafe.park(Native Method)
        at java.util.concurrent.locks.LockSupport.park(LockSupport.java:175)
        at java.util.concurrent.locks.AbstractQueuedSynchronizer$ConditionObject.await(AbstractQueuedSynchronizer.java:2039)
        at java.util.concurrent.ScheduledThreadPoolExecutor$DelayedWorkQueue.take(ScheduledThreadPoolExecutor.java:1088)
        at java.util.concurrent.ScheduledThreadPoolExecutor$DelayedWorkQueue.take(ScheduledThreadPoolExecutor.java:809)
        at java.util.concurrent.ThreadPoolExecutor.getTask(ThreadPoolExecutor.java:1074)
        at java.util.concurrent.ThreadPoolExecutor.runWorker(ThreadPoolExecutor.java:1134)
        at java.util.concurrent.ThreadPoolExecutor$Worker.run(ThreadPoolExecutor.java:624)
        at java.lang.Thread.run(Thread.java:750)
"IPC Server handler 7 on default port 15004" daemon prio=5 tid=169 timed_waiting
java.lang.Thread.State: TIMED_WAITING
        at sun.misc.Unsafe.park(Native Method)
        at java.util.concurrent.locks.LockSupport.parkNanos(LockSupport.java:215)
        at java.util.concurrent.locks.AbstractQueuedSynchronizer$ConditionObject.awaitNanos(AbstractQueuedSynchronizer.java:2078)
        at java.util.concurrent.LinkedBlockingQueue.poll(LinkedBlockingQueue.java:467)
        at org.apache.hadoop.ipc.CallQueueManager.take(CallQueueManager.java:317)
        at org.apache.hadoop.ipc.Server$Handler.run(Server.java:3014)
"FixedThreadPoolWithAffinityExecutor-6-0" daemon prio=5 tid=44 timed_waiting
java.lang.Thread.State: TIMED_WAITING
        at sun.misc.Unsafe.park(Native Method)
        at java.util.concurrent.locks.LockSupport.parkNanos(LockSupport.java:215)
        at java.util.concurrent.locks.AbstractQueuedSynchronizer$ConditionObject.awaitNanos(AbstractQueuedSynchronizer.java:2078)
        at java.util.concurrent.LinkedBlockingQueue.poll(LinkedBlockingQueue.java:467)
        at org.apache.hadoop.hdds.scm.server.ContainerReportQueue.poll(ContainerReportQueue.java:266)
        at org.apache.hadoop.hdds.scm.server.ContainerReportQueue.poll(ContainerReportQueue.java:42)
        at org.apache.hadoop.hdds.server.events.FixedThreadPoolWithAffinityExecutor$ContainerReportProcessTask.run(FixedThreadPoolWithAffinityExecutor.java:247)
        at java.util.concurrent.Executors$RunnableAdapter.call(Executors.java:511)
        at java.util.concurrent.FutureTask.run(FutureTask.java:266)
        at java.util.concurrent.ThreadPoolExecutor.runWorker(ThreadPoolExecutor.java:1149)
        at java.util.concurrent.ThreadPoolExecutor$Worker.run(ThreadPoolExecutor.java:624)
        at java.lang.Thread.run(Thread.java:750)
"ContainerOp-60c550eb-c91e-4f73-bcc1-53a4de1611ee-8"  prio=5 tid=494 in Object.wait()
java.lang.Thread.State: WAITING (on object monitor)
        at sun.misc.Unsafe.park(Native Method)
        at java.util.concurrent.locks.LockSupport.park(LockSupport.java:175)
        at java.util.concurrent.locks.AbstractQueuedSynchronizer$ConditionObject.await(AbstractQueuedSynchronizer.java:2039)
        at java.util.concurrent.LinkedBlockingQueue.take(LinkedBlockingQueue.java:442)
        at java.util.concurrent.ThreadPoolExecutor.getTask(ThreadPoolExecutor.java:1074)
        at java.util.concurrent.ThreadPoolExecutor.runWorker(ThreadPoolExecutor.java:1134)
        at java.util.concurrent.ThreadPoolExecutor$Worker.run(ThreadPoolExecutor.java:624)
        at java.lang.Thread.run(Thread.java:750)
"fe774388-89b0-43a1-8132-3e981ddd9c14@group-AA8E299D83D3-FollowerState" daemon prio=5 tid=408 timed_waiting
java.lang.Thread.State: TIMED_WAITING
        at java.lang.Thread.sleep(Native Method)
        at java.lang.Thread.sleep(Thread.java:342)
        at java.util.concurrent.TimeUnit.sleep(TimeUnit.java:386)
        at org.apache.ratis.util.TimeDuration.sleep(TimeDuration.java:325)
        at org.apache.ratis.util.TimeDuration.sleep(TimeDuration.java:310)
        at org.apache.ratis.server.impl.FollowerState.run(FollowerState.java:128)
"IPC Server handler 4 on default port 15001" daemon prio=5 tid=73 timed_waiting
java.lang.Thread.State: TIMED_WAITING
        at sun.misc.Unsafe.park(Native Method)
        at java.util.concurrent.locks.LockSupport.parkNanos(LockSupport.java:215)
        at java.util.concurrent.locks.AbstractQueuedSynchronizer$ConditionObject.awaitNanos(AbstractQueuedSynchronizer.java:2078)
        at java.util.concurrent.LinkedBlockingQueue.poll(LinkedBlockingQueue.java:467)
        at org.apache.hadoop.ipc.CallQueueManager.take(CallQueueManager.java:317)
        at org.apache.hadoop.ipc.Server$Handler.run(Server.java:3014)
"IPC Server listener on 15004" daemon prio=5 tid=135 runnable
java.lang.Thread.State: RUNNABLE
        at sun.nio.ch.EPollArrayWrapper.epollWait(Native Method)
        at sun.nio.ch.EPollArrayWrapper.poll(EPollArrayWrapper.java:269)
        at sun.nio.ch.EPollSelectorImpl.doSelect(EPollSelectorImpl.java:93)
        at sun.nio.ch.SelectorImpl.lockAndDoSelect(SelectorImpl.java:86)
        at sun.nio.ch.SelectorImpl.select(SelectorImpl.java:97)
        at sun.nio.ch.SelectorImpl.select(SelectorImpl.java:101)
        at org.apache.hadoop.ipc.Server$Listener.run(Server.java:1408)
"Lease Manager-LeaseManager#LeaseMonitor" daemon prio=5 tid=110 timed_waiting
java.lang.Thread.State: TIMED_WAITING
        at sun.misc.Unsafe.park(Native Method)
        at java.util.concurrent.locks.LockSupport.parkNanos(LockSupport.java:215)
        at java.util.concurrent.locks.AbstractQueuedSynchronizer.doAcquireSharedNanos(AbstractQueuedSynchronizer.java:1037)
        at java.util.concurrent.locks.AbstractQueuedSynchronizer.tryAcquireSharedNanos(AbstractQueuedSynchronizer.java:1328)
        at java.util.concurrent.Semaphore.tryAcquire(Semaphore.java:409)
        at org.apache.hadoop.ozone.lease.LeaseManager$LeaseMonitor.run(LeaseManager.java:270)
        at java.lang.Thread.run(Thread.java:750)
"Socket Reader #1 for port 15001"  prio=5 tid=29 runnable
java.lang.Thread.State: RUNNABLE
        at sun.nio.ch.EPollArrayWrapper.epollWait(Native Method)
        at sun.nio.ch.EPollArrayWrapper.poll(EPollArrayWrapper.java:269)
        at sun.nio.ch.EPollSelectorImpl.doSelect(EPollSelectorImpl.java:93)
        at sun.nio.ch.SelectorImpl.lockAndDoSelect(SelectorImpl.java:86)
        at sun.nio.ch.SelectorImpl.select(SelectorImpl.java:97)
        at sun.nio.ch.SelectorImpl.select(SelectorImpl.java:101)
        at org.apache.hadoop.ipc.Server$Listener$Reader.doRunLoop(Server.java:1346)
        at org.apache.hadoop.ipc.Server$Listener$Reader.run(Server.java:1325)
"SCM Heartbeat Processing Thread - 0" daemon prio=5 tid=14 timed_waiting
java.lang.Thread.State: TIMED_WAITING
        at sun.misc.Unsafe.park(Native Method)
        at java.util.concurrent.locks.LockSupport.parkNanos(LockSupport.java:215)
        at java.util.concurrent.locks.AbstractQueuedSynchronizer$ConditionObject.awaitNanos(AbstractQueuedSynchronizer.java:2078)
        at java.util.concurrent.ScheduledThreadPoolExecutor$DelayedWorkQueue.take(ScheduledThreadPoolExecutor.java:1093)
        at java.util.concurrent.ScheduledThreadPoolExecutor$DelayedWorkQueue.take(ScheduledThreadPoolExecutor.java:809)
        at java.util.concurrent.ThreadPoolExecutor.getTask(ThreadPoolExecutor.java:1074)
        at java.util.concurrent.ThreadPoolExecutor.runWorker(ThreadPoolExecutor.java:1134)
        at java.util.concurrent.ThreadPoolExecutor$Worker.run(ThreadPoolExecutor.java:624)
        at java.lang.Thread.run(Thread.java:750)
"IPC Server handler 1 on default port 15004" daemon prio=5 tid=163 timed_waiting
java.lang.Thread.State: TIMED_WAITING
        at sun.misc.Unsafe.park(Native Method)
        at java.util.concurrent.locks.LockSupport.parkNanos(LockSupport.java:215)
        at java.util.concurrent.locks.AbstractQueuedSynchronizer$ConditionObject.awaitNanos(AbstractQueuedSynchronizer.java:2078)
        at java.util.concurrent.LinkedBlockingQueue.poll(LinkedBlockingQueue.java:467)
        at org.apache.hadoop.ipc.CallQueueManager.take(CallQueueManager.java:317)
        at org.apache.hadoop.ipc.Server$Handler.run(Server.java:3014)
"ChunkWriter-0-0" daemon prio=5 tid=309 in Object.wait()
java.lang.Thread.State: WAITING (on object monitor)
        at sun.misc.Unsafe.park(Native Method)
        at java.util.concurrent.locks.LockSupport.park(LockSupport.java:175)
        at java.util.concurrent.locks.AbstractQueuedSynchronizer$ConditionObject.await(AbstractQueuedSynchronizer.java:2039)
        at java.util.concurrent.LinkedBlockingDeque.takeFirst(LinkedBlockingDeque.java:492)
        at java.util.concurrent.LinkedBlockingDeque.take(LinkedBlockingDeque.java:680)
        at java.util.concurrent.ThreadPoolExecutor.getTask(ThreadPoolExecutor.java:1074)
        at java.util.concurrent.ThreadPoolExecutor.runWorker(ThreadPoolExecutor.java:1134)
        at java.util.concurrent.ThreadPoolExecutor$Worker.run(ThreadPoolExecutor.java:624)
        at java.lang.Thread.run(Thread.java:750)
"Datanode State Machine Task Thread - 0"  prio=5 tid=247 in Object.wait()
java.lang.Thread.State: WAITING (on object monitor)
        at sun.misc.Unsafe.park(Native Method)
        at java.util.concurrent.locks.LockSupport.park(LockSupport.java:175)
        at java.util.concurrent.locks.AbstractQueuedSynchronizer$ConditionObject.await(AbstractQueuedSynchronizer.java:2039)
        at java.util.concurrent.LinkedBlockingQueue.take(LinkedBlockingQueue.java:442)
        at java.util.concurrent.ThreadPoolExecutor.getTask(ThreadPoolExecutor.java:1074)
        at java.util.concurrent.ThreadPoolExecutor.runWorker(ThreadPoolExecutor.java:1134)
        at java.util.concurrent.ThreadPoolExecutor$Worker.run(ThreadPoolExecutor.java:624)
        at java.lang.Thread.run(Thread.java:750)
"FixedThreadPoolWithAffinityExecutor-8-0" daemon prio=5 tid=46 timed_waiting
java.lang.Thread.State: TIMED_WAITING
        at sun.misc.Unsafe.park(Native Method)
        at java.util.concurrent.locks.LockSupport.parkNanos(LockSupport.java:215)
        at java.util.concurrent.locks.AbstractQueuedSynchronizer$ConditionObject.awaitNanos(AbstractQueuedSynchronizer.java:2078)
        at java.util.concurrent.LinkedBlockingQueue.poll(LinkedBlockingQueue.java:467)
        at org.apache.hadoop.hdds.scm.server.ContainerReportQueue.poll(ContainerReportQueue.java:266)
        at org.apache.hadoop.hdds.scm.server.ContainerReportQueue.poll(ContainerReportQueue.java:42)
        at org.apache.hadoop.hdds.server.events.FixedThreadPoolWithAffinityExecutor$ContainerReportProcessTask.run(FixedThreadPoolWithAffinityExecutor.java:247)
        at java.util.concurrent.Executors$RunnableAdapter.call(Executors.java:511)
        at java.util.concurrent.FutureTask.run(FutureTask.java:266)
        at java.util.concurrent.ThreadPoolExecutor.runWorker(ThreadPoolExecutor.java:1149)
        at java.util.concurrent.ThreadPoolExecutor$Worker.run(ThreadPoolExecutor.java:624)
        at java.lang.Thread.run(Thread.java:750)
"ContainerOp-60c550eb-c91e-4f73-bcc1-53a4de1611ee-9"  prio=5 tid=496 in Object.wait()
java.lang.Thread.State: WAITING (on object monitor)
        at sun.misc.Unsafe.park(Native Method)
        at java.util.concurrent.locks.LockSupport.park(LockSupport.java:175)
        at java.util.concurrent.locks.AbstractQueuedSynchronizer$ConditionObject.await(AbstractQueuedSynchronizer.java:2039)
        at java.util.concurrent.LinkedBlockingQueue.take(LinkedBlockingQueue.java:442)
        at java.util.concurrent.ThreadPoolExecutor.getTask(ThreadPoolExecutor.java:1074)
        at java.util.concurrent.ThreadPoolExecutor.runWorker(ThreadPoolExecutor.java:1134)
        at java.util.concurrent.ThreadPoolExecutor$Worker.run(ThreadPoolExecutor.java:624)
        at java.lang.Thread.run(Thread.java:750)
"EndpointStateMachine task thread for /0.0.0.0:15002 - 0 "  prio=5 tid=282 in Object.wait()
java.lang.Thread.State: WAITING (on object monitor)
        at sun.misc.Unsafe.park(Native Method)
        at java.util.concurrent.locks.LockSupport.park(LockSupport.java:175)
        at java.util.concurrent.locks.AbstractQueuedSynchronizer$ConditionObject.await(AbstractQueuedSynchronizer.java:2039)
        at java.util.concurrent.LinkedBlockingQueue.take(LinkedBlockingQueue.java:442)
        at java.util.concurrent.ThreadPoolExecutor.getTask(ThreadPoolExecutor.java:1074)
        at java.util.concurrent.ThreadPoolExecutor.runWorker(ThreadPoolExecutor.java:1134)
        at java.util.concurrent.ThreadPoolExecutor$Worker.run(ThreadPoolExecutor.java:624)
        at java.lang.Thread.run(Thread.java:750)
"48be0ea8-46a6-4e80-b936-879c72e065d6@group-53A4DE1611EE-LeaderStateImpl" daemon prio=5 tid=439 timed_waiting
java.lang.Thread.State: TIMED_WAITING
        at sun.misc.Unsafe.park(Native Method)
        at java.util.concurrent.locks.LockSupport.parkNanos(LockSupport.java:215)
        at java.util.concurrent.locks.AbstractQueuedSynchronizer$ConditionObject.awaitNanos(AbstractQueuedSynchronizer.java:2078)
        at java.util.concurrent.ArrayBlockingQueue.poll(ArrayBlockingQueue.java:418)
        at org.apache.ratis.server.impl.LeaderStateImpl$EventQueue.poll(LeaderStateImpl.java:164)
        at org.apache.ratis.server.impl.LeaderStateImpl$EventProcessor.run(LeaderStateImpl.java:702)
"StaleRecoveringContainerScrubbingService#0" daemon prio=5 tid=304 timed_waiting
java.lang.Thread.State: TIMED_WAITING
        at sun.misc.Unsafe.park(Native Method)
        at java.util.concurrent.locks.LockSupport.parkNanos(LockSupport.java:215)
        at java.util.concurrent.locks.AbstractQueuedSynchronizer$ConditionObject.awaitNanos(AbstractQueuedSynchronizer.java:2078)
        at java.util.concurrent.ScheduledThreadPoolExecutor$DelayedWorkQueue.take(ScheduledThreadPoolExecutor.java:1093)
        at java.util.concurrent.ScheduledThreadPoolExecutor$DelayedWorkQueue.take(ScheduledThreadPoolExecutor.java:809)
        at java.util.concurrent.ThreadPoolExecutor.getTask(ThreadPoolExecutor.java:1074)
        at java.util.concurrent.ThreadPoolExecutor.runWorker(ThreadPoolExecutor.java:1134)
        at java.util.concurrent.ThreadPoolExecutor$Worker.run(ThreadPoolExecutor.java:624)
        at java.lang.Thread.run(Thread.java:750)
"fe774388-89b0-43a1-8132-3e981ddd9c14@group-AA8E299D83D3-SegmentedRaftLogWorker"  prio=5 tid=349 timed_waiting
java.lang.Thread.State: TIMED_WAITING
        at sun.misc.Unsafe.park(Native Method)
        at java.util.concurrent.locks.LockSupport.parkNanos(LockSupport.java:215)
        at java.util.concurrent.locks.AbstractQueuedSynchronizer$ConditionObject.awaitNanos(AbstractQueuedSynchronizer.java:2078)
        at org.apache.ratis.util.DataBlockingQueue.poll(DataBlockingQueue.java:148)
        at org.apache.ratis.server.raftlog.segmented.SegmentedRaftLogWorker.run(SegmentedRaftLogWorker.java:307)
        at org.apache.ratis.server.raftlog.segmented.SegmentedRaftLogWorker$$Lambda$816/967752086.run(Unknown Source)
        at java.util.concurrent.Executors$RunnableAdapter.call(Executors.java:511)
        at java.util.concurrent.FutureTask.run(FutureTask.java:266)
        at java.util.concurrent.ThreadPoolExecutor.runWorker(ThreadPoolExecutor.java:1149)
        at java.util.concurrent.ThreadPoolExecutor$Worker.run(ThreadPoolExecutor.java:624)
        at java.lang.Thread.run(Thread.java:750)
"48be0ea8-46a6-4e80-b936-879c72e065d6@group-53A4DE1611EE-StateMachineUpdater" daemon prio=5 tid=369 timed_waiting
java.lang.Thread.State: TIMED_WAITING
        at sun.misc.Unsafe.park(Native Method)
        at java.util.concurrent.locks.LockSupport.parkNanos(LockSupport.java:215)
        at java.util.concurrent.locks.AbstractQueuedSynchronizer$ConditionObject.await(AbstractQueuedSynchronizer.java:2163)
        at org.apache.ratis.util.AwaitForSignal.await(AwaitForSignal.java:62)
        at org.apache.ratis.server.impl.StateMachineUpdater.waitForCommit(StateMachineUpdater.java:209)
        at org.apache.ratis.server.impl.StateMachineUpdater.run(StateMachineUpdater.java:178)
        at java.lang.Thread.run(Thread.java:750)
"ContainerOp-60c550eb-c91e-4f73-bcc1-53a4de1611ee-0"  prio=5 tid=468 in Object.wait()
java.lang.Thread.State: WAITING (on object monitor)
        at sun.misc.Unsafe.park(Native Method)
        at java.util.concurrent.locks.LockSupport.park(LockSupport.java:175)
        at java.util.concurrent.locks.AbstractQueuedSynchronizer$ConditionObject.await(AbstractQueuedSynchronizer.java:2039)
        at java.util.concurrent.LinkedBlockingQueue.take(LinkedBlockingQueue.java:442)
        at java.util.concurrent.ThreadPoolExecutor.getTask(ThreadPoolExecutor.java:1074)
        at java.util.concurrent.ThreadPoolExecutor.runWorker(ThreadPoolExecutor.java:1134)
        at java.util.concurrent.ThreadPoolExecutor$Worker.run(ThreadPoolExecutor.java:624)
        at java.lang.Thread.run(Thread.java:750)
"IPC Server handler 13 on default port 15001" daemon prio=5 tid=82 timed_waiting
java.lang.Thread.State: TIMED_WAITING
        at sun.misc.Unsafe.park(Native Method)
        at java.util.concurrent.locks.LockSupport.parkNanos(LockSupport.java:215)
        at java.util.concurrent.locks.AbstractQueuedSynchronizer$ConditionObject.awaitNanos(AbstractQueuedSynchronizer.java:2078)
        at java.util.concurrent.LinkedBlockingQueue.poll(LinkedBlockingQueue.java:467)
        at org.apache.hadoop.ipc.CallQueueManager.take(CallQueueManager.java:317)
        at org.apache.hadoop.ipc.Server$Handler.run(Server.java:3014)
"qtp1113751147-224" daemon prio=5 tid=224 runnable
java.lang.Thread.State: RUNNABLE
        at sun.nio.ch.EPollArrayWrapper.epollWait(Native Method)
        at sun.nio.ch.EPollArrayWrapper.poll(EPollArrayWrapper.java:269)
        at sun.nio.ch.EPollSelectorImpl.doSelect(EPollSelectorImpl.java:93)
        at sun.nio.ch.SelectorImpl.lockAndDoSelect(SelectorImpl.java:86)
        at sun.nio.ch.SelectorImpl.select(SelectorImpl.java:97)
        at sun.nio.ch.SelectorImpl.select(SelectorImpl.java:101)
        at org.eclipse.jetty.io.ManagedSelector.nioSelect(ManagedSelector.java:183)
        at org.eclipse.jetty.io.ManagedSelector.select(ManagedSelector.java:190)
        at org.eclipse.jetty.io.ManagedSelector$SelectorProducer.select(ManagedSelector.java:606)
        at org.eclipse.jetty.io.ManagedSelector$SelectorProducer.produce(ManagedSelector.java:543)
        at org.eclipse.jetty.util.thread.strategy.EatWhatYouKill.produceTask(EatWhatYouKill.java:362)
        at org.eclipse.jetty.util.thread.strategy.EatWhatYouKill.doProduce(EatWhatYouKill.java:186)
        at org.eclipse.jetty.util.thread.strategy.EatWhatYouKill.tryProduce(EatWhatYouKill.java:173)
        at org.eclipse.jetty.util.thread.strategy.EatWhatYouKill.produce(EatWhatYouKill.java:137)
        at org.eclipse.jetty.io.ManagedSelector$$Lambda$523/2133676028.run(Unknown Source)
        at org.eclipse.jetty.util.thread.QueuedThreadPool.runJob(QueuedThreadPool.java:883)
        at org.eclipse.jetty.util.thread.QueuedThreadPool$Runner.run(QueuedThreadPool.java:1034)
        at java.lang.Thread.run(Thread.java:750)
"IPC Server handler 16 on default port 15001" daemon prio=5 tid=85 timed_waiting
java.lang.Thread.State: TIMED_WAITING
        at sun.misc.Unsafe.park(Native Method)
        at java.util.concurrent.locks.LockSupport.parkNanos(LockSupport.java:215)
        at java.util.concurrent.locks.AbstractQueuedSynchronizer$ConditionObject.awaitNanos(AbstractQueuedSynchronizer.java:2078)
        at java.util.concurrent.LinkedBlockingQueue.poll(LinkedBlockingQueue.java:467)
        at org.apache.hadoop.ipc.CallQueueManager.take(CallQueueManager.java:317)
        at org.apache.hadoop.ipc.Server$Handler.run(Server.java:3014)
"grpc-default-boss-ELG-1-1" daemon prio=5 tid=144 runnable
java.lang.Thread.State: RUNNABLE
        at org.apache.ratis.thirdparty.io.netty.channel.epoll.Native.epollWait(Native Method)
        at org.apache.ratis.thirdparty.io.netty.channel.epoll.Native.epollWait(Native.java:209)
        at org.apache.ratis.thirdparty.io.netty.channel.epoll.Native.epollWait(Native.java:202)
        at org.apache.ratis.thirdparty.io.netty.channel.epoll.EpollEventLoop.epollWaitNoTimerChange(EpollEventLoop.java:306)
        at org.apache.ratis.thirdparty.io.netty.channel.epoll.EpollEventLoop.run(EpollEventLoop.java:363)
        at org.apache.ratis.thirdparty.io.netty.util.concurrent.SingleThreadEventExecutor$4.run(SingleThreadEventExecutor.java:997)
        at org.apache.ratis.thirdparty.io.netty.util.internal.ThreadExecutorMap$2.run(ThreadExecutorMap.java:74)
        at org.apache.ratis.thirdparty.io.netty.util.concurrent.FastThreadLocalRunnable.run(FastThreadLocalRunnable.java:30)
        at java.lang.Thread.run(Thread.java:750)
"Periodic HDDS volume checker" daemon prio=5 tid=183 timed_waiting
java.lang.Thread.State: TIMED_WAITING
        at sun.misc.Unsafe.park(Native Method)
        at java.util.concurrent.locks.LockSupport.parkNanos(LockSupport.java:215)
        at java.util.concurrent.locks.AbstractQueuedSynchronizer$ConditionObject.awaitNanos(AbstractQueuedSynchronizer.java:2078)
        at java.util.concurrent.ScheduledThreadPoolExecutor$DelayedWorkQueue.take(ScheduledThreadPoolExecutor.java:1093)
        at java.util.concurrent.ScheduledThreadPoolExecutor$DelayedWorkQueue.take(ScheduledThreadPoolExecutor.java:809)
        at java.util.concurrent.ThreadPoolExecutor.getTask(ThreadPoolExecutor.java:1074)
        at java.util.concurrent.ThreadPoolExecutor.runWorker(ThreadPoolExecutor.java:1134)
        at java.util.concurrent.ThreadPoolExecutor$Worker.run(ThreadPoolExecutor.java:624)
        at java.lang.Thread.run(Thread.java:750)
"EventQueue-DatanodeCommandQueueUpdatedForDatanodeCommandCountUpdatedHandler" daemon prio=5 tid=326 in Object.wait()
java.lang.Thread.State: WAITING (on object monitor)
        at sun.misc.Unsafe.park(Native Method)
        at java.util.concurrent.locks.LockSupport.park(LockSupport.java:175)
        at java.util.concurrent.locks.AbstractQueuedSynchronizer$ConditionObject.await(AbstractQueuedSynchronizer.java:2039)
        at java.util.concurrent.LinkedBlockingQueue.take(LinkedBlockingQueue.java:442)
        at java.util.concurrent.ThreadPoolExecutor.getTask(ThreadPoolExecutor.java:1074)
        at java.util.concurrent.ThreadPoolExecutor.runWorker(ThreadPoolExecutor.java:1134)
        at java.util.concurrent.ThreadPoolExecutor$Worker.run(ThreadPoolExecutor.java:624)
        at java.lang.Thread.run(Thread.java:750)
"ExpiredContainerReplicaOpScrubberThread" daemon prio=5 tid=17 timed_waiting
java.lang.Thread.State: TIMED_WAITING
        at java.lang.Object.wait(Native Method)
        at org.apache.hadoop.hdds.scm.ha.BackgroundSCMService.run(BackgroundSCMService.java:110)
        at org.apache.hadoop.hdds.scm.ha.BackgroundSCMService$$Lambda$440/1086342015.run(Unknown Source)
        at java.lang.Thread.run(Thread.java:750)
"Signal Dispatcher" daemon prio=9 tid=4 runnable
java.lang.Thread.State: RUNNABLE
"Hadoop-Metrics-Updater-0" daemon prio=5 tid=139 timed_waiting
java.lang.Thread.State: TIMED_WAITING
        at sun.misc.Unsafe.park(Native Method)
        at java.util.concurrent.locks.LockSupport.parkNanos(LockSupport.java:215)
        at java.util.concurrent.locks.AbstractQueuedSynchronizer$ConditionObject.awaitNanos(AbstractQueuedSynchronizer.java:2078)
        at java.util.concurrent.ScheduledThreadPoolExecutor$DelayedWorkQueue.take(ScheduledThreadPoolExecutor.java:1093)
        at java.util.concurrent.ScheduledThreadPoolExecutor$DelayedWorkQueue.take(ScheduledThreadPoolExecutor.java:809)
        at java.util.concurrent.ThreadPoolExecutor.getTask(ThreadPoolExecutor.java:1074)
        at java.util.concurrent.ThreadPoolExecutor.runWorker(ThreadPoolExecutor.java:1134)
        at java.util.concurrent.ThreadPoolExecutor$Worker.run(ThreadPoolExecutor.java:624)
        at java.lang.Thread.run(Thread.java:750)
"PipelineCommandHandlerThread-0"  prio=5 tid=383 in Object.wait()
java.lang.Thread.State: WAITING (on object monitor)
        at sun.misc.Unsafe.park(Native Method)
        at java.util.concurrent.locks.LockSupport.park(LockSupport.java:175)
        at java.util.concurrent.locks.AbstractQueuedSynchronizer$ConditionObject.await(AbstractQueuedSynchronizer.java:2039)
        at java.util.concurrent.LinkedBlockingQueue.take(LinkedBlockingQueue.java:442)
        at java.util.concurrent.ThreadPoolExecutor.getTask(ThreadPoolExecutor.java:1074)
        at java.util.concurrent.ThreadPoolExecutor.runWorker(ThreadPoolExecutor.java:1134)
        at java.util.concurrent.ThreadPoolExecutor$Worker.run(ThreadPoolExecutor.java:624)
        at java.lang.Thread.run(Thread.java:750)
"RatisPipelineUtilsThread - 0"  prio=5 tid=15 timed_waiting
java.lang.Thread.State: TIMED_WAITING
        at java.lang.Object.wait(Native Method)
        at org.apache.hadoop.hdds.scm.pipeline.BackgroundPipelineCreator.run(BackgroundPipelineCreator.java:176)
        at org.apache.hadoop.hdds.scm.pipeline.BackgroundPipelineCreator$$Lambda$438/315068214.run(Unknown Source)
        at java.lang.Thread.run(Thread.java:750)
"d2cb3656-736c-45ed-9177-765defc8baa4@group-AA8E299D83D3-SegmentedRaftLogWorker" daemon prio=5 tid=345 timed_waiting
java.lang.Thread.State: TIMED_WAITING
        at sun.misc.Unsafe.park(Native Method)
        at java.util.concurrent.locks.LockSupport.parkNanos(LockSupport.java:215)
        at java.util.concurrent.locks.AbstractQueuedSynchronizer$ConditionObject.awaitNanos(AbstractQueuedSynchronizer.java:2078)
        at org.apache.ratis.util.DataBlockingQueue.poll(DataBlockingQueue.java:148)
        at org.apache.ratis.server.raftlog.segmented.SegmentedRaftLogWorker.run(SegmentedRaftLogWorker.java:307)
        at org.apache.ratis.server.raftlog.segmented.SegmentedRaftLogWorker$$Lambda$816/967752086.run(Unknown Source)
        at java.util.concurrent.Executors$RunnableAdapter.call(Executors.java:511)
        at java.util.concurrent.FutureTask.run(FutureTask.java:266)
        at java.util.concurrent.ThreadPoolExecutor.runWorker(ThreadPoolExecutor.java:1149)
        at java.util.concurrent.ThreadPoolExecutor$Worker.run(ThreadPoolExecutor.java:624)
        at java.lang.Thread.run(Thread.java:750)
"qtp536794778-156" daemon prio=5 tid=156 timed_waiting
java.lang.Thread.State: TIMED_WAITING
        at sun.misc.Unsafe.park(Native Method)
        at java.util.concurrent.locks.LockSupport.parkNanos(LockSupport.java:215)
        at java.util.concurrent.locks.AbstractQueuedSynchronizer$ConditionObject.awaitNanos(AbstractQueuedSynchronizer.java:2078)
        at org.eclipse.jetty.util.BlockingArrayQueue.poll(BlockingArrayQueue.java:382)
        at org.eclipse.jetty.util.thread.QueuedThreadPool$Runner.idleJobPoll(QueuedThreadPool.java:974)
        at org.eclipse.jetty.util.thread.QueuedThreadPool$Runner.run(QueuedThreadPool.java:1018)
        at java.lang.Thread.run(Thread.java:750)
"ContainerOp-60c550eb-c91e-4f73-bcc1-53a4de1611ee-7"  prio=5 tid=487 in Object.wait()
java.lang.Thread.State: WAITING (on object monitor)
        at sun.misc.Unsafe.park(Native Method)
        at java.util.concurrent.locks.LockSupport.park(LockSupport.java:175)
        at java.util.concurrent.locks.AbstractQueuedSynchronizer$ConditionObject.await(AbstractQueuedSynchronizer.java:2039)
        at java.util.concurrent.LinkedBlockingQueue.take(LinkedBlockingQueue.java:442)
        at java.util.concurrent.ThreadPoolExecutor.getTask(ThreadPoolExecutor.java:1074)
        at java.util.concurrent.ThreadPoolExecutor.runWorker(ThreadPoolExecutor.java:1134)
        at java.util.concurrent.ThreadPoolExecutor$Worker.run(ThreadPoolExecutor.java:624)
        at java.lang.Thread.run(Thread.java:750)
"ContainerOp-60c550eb-c91e-4f73-bcc1-53a4de1611ee-5"  prio=5 tid=485 in Object.wait()
java.lang.Thread.State: WAITING (on object monitor)
        at sun.misc.Unsafe.park(Native Method)
        at java.util.concurrent.locks.LockSupport.park(LockSupport.java:175)
        at java.util.concurrent.locks.AbstractQueuedSynchronizer$ConditionObject.await(AbstractQueuedSynchronizer.java:2039)
        at java.util.concurrent.LinkedBlockingQueue.take(LinkedBlockingQueue.java:442)
        at java.util.concurrent.ThreadPoolExecutor.getTask(ThreadPoolExecutor.java:1074)
        at java.util.concurrent.ThreadPoolExecutor.runWorker(ThreadPoolExecutor.java:1134)
        at java.util.concurrent.ThreadPoolExecutor$Worker.run(ThreadPoolExecutor.java:624)
        at java.lang.Thread.run(Thread.java:750)
"qtp51632319-196" daemon prio=5 tid=196 timed_waiting
java.lang.Thread.State: TIMED_WAITING
        at sun.misc.Unsafe.park(Native Method)
        at java.util.concurrent.locks.LockSupport.parkNanos(LockSupport.java:215)
        at java.util.concurrent.locks.AbstractQueuedSynchronizer$ConditionObject.awaitNanos(AbstractQueuedSynchronizer.java:2078)
        at org.eclipse.jetty.util.BlockingArrayQueue.poll(BlockingArrayQueue.java:382)
        at org.eclipse.jetty.util.thread.QueuedThreadPool$Runner.idleJobPoll(QueuedThreadPool.java:974)
        at org.eclipse.jetty.util.thread.QueuedThreadPool$Runner.run(QueuedThreadPool.java:1018)
        at java.lang.Thread.run(Thread.java:750)
"EventQueue-NodeRegistrationContainerReportForDataNodeSafeModeRule" daemon prio=5 tid=321 in Object.wait()
java.lang.Thread.State: WAITING (on object monitor)
        at sun.misc.Unsafe.park(Native Method)
        at java.util.concurrent.locks.LockSupport.park(LockSupport.java:175)
        at java.util.concurrent.locks.AbstractQueuedSynchronizer$ConditionObject.await(AbstractQueuedSynchronizer.java:2039)
        at java.util.concurrent.LinkedBlockingQueue.take(LinkedBlockingQueue.java:442)
        at java.util.concurrent.ThreadPoolExecutor.getTask(ThreadPoolExecutor.java:1074)
        at java.util.concurrent.ThreadPoolExecutor.runWorker(ThreadPoolExecutor.java:1134)
        at java.util.concurrent.ThreadPoolExecutor$Worker.run(ThreadPoolExecutor.java:624)
        at java.lang.Thread.run(Thread.java:750)
"JvmPauseMonitor0" daemon prio=5 tid=111 timed_waiting
java.lang.Thread.State: TIMED_WAITING
        at java.lang.Thread.sleep(Native Method)
        at java.lang.Thread.sleep(Thread.java:342)
        at java.util.concurrent.TimeUnit.sleep(TimeUnit.java:386)
        at org.apache.ratis.util.TimeDuration.sleep(TimeDuration.java:325)
        at org.apache.ratis.util.TimeDuration.sleep(TimeDuration.java:310)
        at org.apache.ratis.util.JvmPauseMonitor.detectPause(JvmPauseMonitor.java:117)
        at org.apache.ratis.util.JvmPauseMonitor.run(JvmPauseMonitor.java:106)
        at org.apache.ratis.util.JvmPauseMonitor$$Lambda$490/1163480574.run(Unknown Source)
        at java.lang.Thread.run(Thread.java:750)
"ContainerOp-60c550eb-c91e-4f73-bcc1-53a4de1611ee-9"  prio=5 tid=497 in Object.wait()
java.lang.Thread.State: WAITING (on object monitor)
        at sun.misc.Unsafe.park(Native Method)
        at java.util.concurrent.locks.LockSupport.park(LockSupport.java:175)
        at java.util.concurrent.locks.AbstractQueuedSynchronizer$ConditionObject.await(AbstractQueuedSynchronizer.java:2039)
        at java.util.concurrent.LinkedBlockingQueue.take(LinkedBlockingQueue.java:442)
        at java.util.concurrent.ThreadPoolExecutor.getTask(ThreadPoolExecutor.java:1074)
        at java.util.concurrent.ThreadPoolExecutor.runWorker(ThreadPoolExecutor.java:1134)
        at java.util.concurrent.ThreadPoolExecutor$Worker.run(ThreadPoolExecutor.java:624)
        at java.lang.Thread.run(Thread.java:750)
"48be0ea8-46a6-4e80-b936-879c72e065d6@group-53A4DE1611EE-SegmentedRaftLogWorker"  prio=5 tid=364 timed_waiting
java.lang.Thread.State: TIMED_WAITING
        at sun.misc.Unsafe.park(Native Method)
        at java.util.concurrent.locks.LockSupport.parkNanos(LockSupport.java:215)
        at java.util.concurrent.locks.AbstractQueuedSynchronizer$ConditionObject.awaitNanos(AbstractQueuedSynchronizer.java:2078)
        at org.apache.ratis.util.DataBlockingQueue.poll(DataBlockingQueue.java:148)
        at org.apache.ratis.server.raftlog.segmented.SegmentedRaftLogWorker.run(SegmentedRaftLogWorker.java:307)
        at org.apache.ratis.server.raftlog.segmented.SegmentedRaftLogWorker$$Lambda$816/967752086.run(Unknown Source)
        at java.util.concurrent.Executors$RunnableAdapter.call(Executors.java:511)
        at java.util.concurrent.FutureTask.run(FutureTask.java:266)
        at java.util.concurrent.ThreadPoolExecutor.runWorker(ThreadPoolExecutor.java:1149)
        at java.util.concurrent.ThreadPoolExecutor$Worker.run(ThreadPoolExecutor.java:624)
        at java.lang.Thread.run(Thread.java:750)
"IPC Server handler 15 on default port 15002" daemon prio=5 tid=104 timed_waiting
java.lang.Thread.State: TIMED_WAITING
        at sun.misc.Unsafe.park(Native Method)
        at java.util.concurrent.locks.LockSupport.parkNanos(LockSupport.java:215)
        at java.util.concurrent.locks.AbstractQueuedSynchronizer$ConditionObject.awaitNanos(AbstractQueuedSynchronizer.java:2078)
        at java.util.concurrent.LinkedBlockingQueue.poll(LinkedBlockingQueue.java:467)
        at org.apache.hadoop.ipc.CallQueueManager.take(CallQueueManager.java:317)
        at org.apache.hadoop.ipc.Server$Handler.run(Server.java:3014)
"ContainerOp-60c550eb-c91e-4f73-bcc1-53a4de1611ee-5"  prio=5 tid=490 in Object.wait()
java.lang.Thread.State: WAITING (on object monitor)
        at sun.misc.Unsafe.park(Native Method)
        at java.util.concurrent.locks.LockSupport.park(LockSupport.java:175)
        at java.util.concurrent.locks.AbstractQueuedSynchronizer$ConditionObject.await(AbstractQueuedSynchronizer.java:2039)
        at java.util.concurrent.LinkedBlockingQueue.take(LinkedBlockingQueue.java:442)
        at java.util.concurrent.ThreadPoolExecutor.getTask(ThreadPoolExecutor.java:1074)
        at java.util.concurrent.ThreadPoolExecutor.runWorker(ThreadPoolExecutor.java:1134)
        at java.util.concurrent.ThreadPoolExecutor$Worker.run(ThreadPoolExecutor.java:624)
        at java.lang.Thread.run(Thread.java:750)
"ChunkWriter-0-0" daemon prio=5 tid=285 in Object.wait()
java.lang.Thread.State: WAITING (on object monitor)
        at sun.misc.Unsafe.park(Native Method)
        at java.util.concurrent.locks.LockSupport.park(LockSupport.java:175)
        at java.util.concurrent.locks.AbstractQueuedSynchronizer$ConditionObject.await(AbstractQueuedSynchronizer.java:2039)
        at java.util.concurrent.LinkedBlockingDeque.takeFirst(LinkedBlockingDeque.java:492)
        at java.util.concurrent.LinkedBlockingDeque.take(LinkedBlockingDeque.java:680)
        at java.util.concurrent.ThreadPoolExecutor.getTask(ThreadPoolExecutor.java:1074)
        at java.util.concurrent.ThreadPoolExecutor.runWorker(ThreadPoolExecutor.java:1134)
        at java.util.concurrent.ThreadPoolExecutor$Worker.run(ThreadPoolExecutor.java:624)
        at java.lang.Thread.run(Thread.java:750)
"IPC Server Responder" daemon prio=5 tid=31 runnable
java.lang.Thread.State: RUNNABLE
        at sun.nio.ch.EPollArrayWrapper.epollWait(Native Method)
        at sun.nio.ch.EPollArrayWrapper.poll(EPollArrayWrapper.java:269)
        at sun.nio.ch.EPollSelectorImpl.doSelect(EPollSelectorImpl.java:93)
        at sun.nio.ch.SelectorImpl.lockAndDoSelect(SelectorImpl.java:86)
        at sun.nio.ch.SelectorImpl.select(SelectorImpl.java:97)
        at org.apache.hadoop.ipc.Server$Responder.doRunLoop(Server.java:1582)
        at org.apache.hadoop.ipc.Server$Responder.run(Server.java:1565)
"48be0ea8-46a6-4e80-b936-879c72e065d6@group-AA8E299D83D3-FollowerState" daemon prio=5 tid=410 timed_waiting
java.lang.Thread.State: TIMED_WAITING
        at java.lang.Thread.sleep(Native Method)
        at java.lang.Thread.sleep(Thread.java:342)
        at java.util.concurrent.TimeUnit.sleep(TimeUnit.java:386)
        at org.apache.ratis.util.TimeDuration.sleep(TimeDuration.java:325)
        at org.apache.ratis.util.TimeDuration.sleep(TimeDuration.java:310)
        at org.apache.ratis.server.impl.FollowerState.run(FollowerState.java:128)
"BackgroundPipelineScrubberThread" daemon prio=5 tid=16 timed_waiting
java.lang.Thread.State: TIMED_WAITING
        at java.lang.Object.wait(Native Method)
        at org.apache.hadoop.hdds.scm.ha.BackgroundSCMService.run(BackgroundSCMService.java:110)
        at org.apache.hadoop.hdds.scm.ha.BackgroundSCMService$$Lambda$440/1086342015.run(Unknown Source)
        at java.lang.Thread.run(Thread.java:750)
"ContainerOp-60c550eb-c91e-4f73-bcc1-53a4de1611ee-3"  prio=5 tid=478 in Object.wait()
java.lang.Thread.State: WAITING (on object monitor)
        at sun.misc.Unsafe.park(Native Method)
        at java.util.concurrent.locks.LockSupport.park(LockSupport.java:175)
        at java.util.concurrent.locks.AbstractQueuedSynchronizer$ConditionObject.await(AbstractQueuedSynchronizer.java:2039)
        at java.util.concurrent.LinkedBlockingQueue.take(LinkedBlockingQueue.java:442)
        at java.util.concurrent.ThreadPoolExecutor.getTask(ThreadPoolExecutor.java:1074)
        at java.util.concurrent.ThreadPoolExecutor.runWorker(ThreadPoolExecutor.java:1134)
        at java.util.concurrent.ThreadPoolExecutor$Worker.run(ThreadPoolExecutor.java:624)
        at java.lang.Thread.run(Thread.java:750)
"48be0ea8-46a6-4e80-b936-879c72e065d6-NettyServerStreamRpc-bossGroup--thread1"  prio=5 tid=187 runnable
java.lang.Thread.State: RUNNABLE
        at sun.nio.ch.EPollArrayWrapper.epollWait(Native Method)
        at sun.nio.ch.EPollArrayWrapper.poll(EPollArrayWrapper.java:269)
        at sun.nio.ch.EPollSelectorImpl.doSelect(EPollSelectorImpl.java:93)
        at sun.nio.ch.SelectorImpl.lockAndDoSelect(SelectorImpl.java:86)
        at sun.nio.ch.SelectorImpl.select(SelectorImpl.java:97)
        at sun.nio.ch.SelectorImpl.select(SelectorImpl.java:101)
        at org.apache.ratis.thirdparty.io.netty.channel.nio.SelectedSelectionKeySetSelector.select(SelectedSelectionKeySetSelector.java:68)
        at org.apache.ratis.thirdparty.io.netty.channel.nio.NioEventLoop.select(NioEventLoop.java:879)
        at org.apache.ratis.thirdparty.io.netty.channel.nio.NioEventLoop.run(NioEventLoop.java:526)
        at org.apache.ratis.thirdparty.io.netty.util.concurrent.SingleThreadEventExecutor$4.run(SingleThreadEventExecutor.java:997)
        at org.apache.ratis.thirdparty.io.netty.util.internal.ThreadExecutorMap$2.run(ThreadExecutorMap.java:74)
        at java.lang.Thread.run(Thread.java:750)
"Hadoop-Metrics-Updater-0" daemon prio=5 tid=238 timed_waiting
java.lang.Thread.State: TIMED_WAITING
        at sun.misc.Unsafe.park(Native Method)
        at java.util.concurrent.locks.LockSupport.parkNanos(LockSupport.java:215)
        at java.util.concurrent.locks.AbstractQueuedSynchronizer$ConditionObject.awaitNanos(AbstractQueuedSynchronizer.java:2078)
        at java.util.concurrent.ScheduledThreadPoolExecutor$DelayedWorkQueue.take(ScheduledThreadPoolExecutor.java:1093)
        at java.util.concurrent.ScheduledThreadPoolExecutor$DelayedWorkQueue.take(ScheduledThreadPoolExecutor.java:809)
        at java.util.concurrent.ThreadPoolExecutor.getTask(ThreadPoolExecutor.java:1074)
        at java.util.concurrent.ThreadPoolExecutor.runWorker(ThreadPoolExecutor.java:1134)
        at java.util.concurrent.ThreadPoolExecutor$Worker.run(ThreadPoolExecutor.java:624)
        at java.lang.Thread.run(Thread.java:750)
"ContainerOp-60c550eb-c91e-4f73-bcc1-53a4de1611ee-2"  prio=5 tid=474 in Object.wait()
java.lang.Thread.State: WAITING (on object monitor)
        at sun.misc.Unsafe.park(Native Method)
        at java.util.concurrent.locks.LockSupport.park(LockSupport.java:175)
        at java.util.concurrent.locks.AbstractQueuedSynchronizer$ConditionObject.await(AbstractQueuedSynchronizer.java:2039)
        at java.util.concurrent.LinkedBlockingQueue.take(LinkedBlockingQueue.java:442)
        at java.util.concurrent.ThreadPoolExecutor.getTask(ThreadPoolExecutor.java:1074)
        at java.util.concurrent.ThreadPoolExecutor.runWorker(ThreadPoolExecutor.java:1134)
        at java.util.concurrent.ThreadPoolExecutor$Worker.run(ThreadPoolExecutor.java:624)
        at java.lang.Thread.run(Thread.java:750)
"Hadoop-Metrics-Updater-0" daemon prio=5 tid=32 timed_waiting
java.lang.Thread.State: TIMED_WAITING
        at sun.misc.Unsafe.park(Native Method)
        at java.util.concurrent.locks.LockSupport.parkNanos(LockSupport.java:215)
        at java.util.concurrent.locks.AbstractQueuedSynchronizer$ConditionObject.awaitNanos(AbstractQueuedSynchronizer.java:2078)
        at java.util.concurrent.ScheduledThreadPoolExecutor$DelayedWorkQueue.take(ScheduledThreadPoolExecutor.java:1093)
        at java.util.concurrent.ScheduledThreadPoolExecutor$DelayedWorkQueue.take(ScheduledThreadPoolExecutor.java:809)
        at java.util.concurrent.ThreadPoolExecutor.getTask(ThreadPoolExecutor.java:1074)
        at java.util.concurrent.ThreadPoolExecutor.runWorker(ThreadPoolExecutor.java:1134)
        at java.util.concurrent.ThreadPoolExecutor$Worker.run(ThreadPoolExecutor.java:624)
        at java.lang.Thread.run(Thread.java:750)
"ChunkWriter-2-0" daemon prio=5 tid=299 in Object.wait()
java.lang.Thread.State: WAITING (on object monitor)
        at sun.misc.Unsafe.park(Native Method)
        at java.util.concurrent.locks.LockSupport.park(LockSupport.java:175)
        at java.util.concurrent.locks.AbstractQueuedSynchronizer$ConditionObject.await(AbstractQueuedSynchronizer.java:2039)
        at java.util.concurrent.LinkedBlockingDeque.takeFirst(LinkedBlockingDeque.java:492)
        at java.util.concurrent.LinkedBlockingDeque.take(LinkedBlockingDeque.java:680)
        at java.util.concurrent.ThreadPoolExecutor.getTask(ThreadPoolExecutor.java:1074)
        at java.util.concurrent.ThreadPoolExecutor.runWorker(ThreadPoolExecutor.java:1134)
        at java.util.concurrent.ThreadPoolExecutor$Worker.run(ThreadPoolExecutor.java:624)
        at java.lang.Thread.run(Thread.java:750)
"IPC Server handler 8 on default port 15004" daemon prio=5 tid=170 timed_waiting
java.lang.Thread.State: TIMED_WAITING
        at sun.misc.Unsafe.park(Native Method)
        at java.util.concurrent.locks.LockSupport.parkNanos(LockSupport.java:215)
        at java.util.concurrent.locks.AbstractQueuedSynchronizer$ConditionObject.awaitNanos(AbstractQueuedSynchronizer.java:2078)
        at java.util.concurrent.LinkedBlockingQueue.poll(LinkedBlockingQueue.java:467)
        at org.apache.hadoop.ipc.CallQueueManager.take(CallQueueManager.java:317)
        at org.apache.hadoop.ipc.Server$Handler.run(Server.java:3014)
"Socket Reader #1 for port 15019"  prio=5 tid=235 runnable
java.lang.Thread.State: RUNNABLE
        at sun.nio.ch.EPollArrayWrapper.epollWait(Native Method)
        at sun.nio.ch.EPollArrayWrapper.poll(EPollArrayWrapper.java:269)
        at sun.nio.ch.EPollSelectorImpl.doSelect(EPollSelectorImpl.java:93)
        at sun.nio.ch.SelectorImpl.lockAndDoSelect(SelectorImpl.java:86)
        at sun.nio.ch.SelectorImpl.select(SelectorImpl.java:97)
        at sun.nio.ch.SelectorImpl.select(SelectorImpl.java:101)
        at org.apache.hadoop.ipc.Server$Listener$Reader.doRunLoop(Server.java:1346)
        at org.apache.hadoop.ipc.Server$Listener$Reader.run(Server.java:1325)
"BlockDeletingService#2" daemon prio=5 tid=962 in Object.wait()
java.lang.Thread.State: WAITING (on object monitor)
        at sun.misc.Unsafe.park(Native Method)
        at java.util.concurrent.locks.LockSupport.park(LockSupport.java:175)
        at java.util.concurrent.locks.AbstractQueuedSynchronizer$ConditionObject.await(AbstractQueuedSynchronizer.java:2039)
        at java.util.concurrent.ScheduledThreadPoolExecutor$DelayedWorkQueue.take(ScheduledThreadPoolExecutor.java:1088)
        at java.util.concurrent.ScheduledThreadPoolExecutor$DelayedWorkQueue.take(ScheduledThreadPoolExecutor.java:809)
        at java.util.concurrent.ThreadPoolExecutor.getTask(ThreadPoolExecutor.java:1074)
        at java.util.concurrent.ThreadPoolExecutor.runWorker(ThreadPoolExecutor.java:1134)
        at java.util.concurrent.ThreadPoolExecutor$Worker.run(ThreadPoolExecutor.java:624)
        at java.lang.Thread.run(Thread.java:750)
"IPC Server handler 12 on default port 15002" daemon prio=5 tid=101 timed_waiting
java.lang.Thread.State: TIMED_WAITING
        at sun.misc.Unsafe.park(Native Method)
        at java.util.concurrent.locks.LockSupport.parkNanos(LockSupport.java:215)
        at java.util.concurrent.locks.AbstractQueuedSynchronizer$ConditionObject.awaitNanos(AbstractQueuedSynchronizer.java:2078)
        at java.util.concurrent.LinkedBlockingQueue.poll(LinkedBlockingQueue.java:467)
        at org.apache.hadoop.ipc.CallQueueManager.take(CallQueueManager.java:317)
        at org.apache.hadoop.ipc.Server$Handler.run(Server.java:3014)
"ContainerOp-d220e5b9-ae7c-41b7-8547-aa8e299d83d3-6"  prio=5 tid=524 in Object.wait()
java.lang.Thread.State: WAITING (on object monitor)
        at sun.misc.Unsafe.park(Native Method)
        at java.util.concurrent.locks.LockSupport.park(LockSupport.java:175)
        at java.util.concurrent.locks.AbstractQueuedSynchronizer$ConditionObject.await(AbstractQueuedSynchronizer.java:2039)
        at java.util.concurrent.LinkedBlockingQueue.take(LinkedBlockingQueue.java:442)
        at java.util.concurrent.ThreadPoolExecutor.getTask(ThreadPoolExecutor.java:1074)
        at java.util.concurrent.ThreadPoolExecutor.runWorker(ThreadPoolExecutor.java:1134)
        at java.util.concurrent.ThreadPoolExecutor$Worker.run(ThreadPoolExecutor.java:624)
        at java.lang.Thread.run(Thread.java:750)
"IPC Parameter Sending Thread for 0.0.0.0/0.0.0.0:15002" daemon prio=5 tid=284 timed_waiting
java.lang.Thread.State: TIMED_WAITING
        at sun.misc.Unsafe.park(Native Method)
        at java.util.concurrent.locks.LockSupport.parkNanos(LockSupport.java:215)
        at java.util.concurrent.SynchronousQueue$TransferQueue.awaitFulfill(SynchronousQueue.java:764)
        at java.util.concurrent.SynchronousQueue$TransferQueue.transfer(SynchronousQueue.java:695)
        at java.util.concurrent.SynchronousQueue.poll(SynchronousQueue.java:941)
        at org.apache.hadoop.ipc.Client$Connection$RpcRequestSender.run(Client.java:1105)
        at java.lang.Thread.run(Thread.java:750)
"IPC Server handler 10 on default port 15004" daemon prio=5 tid=172 timed_waiting
java.lang.Thread.State: TIMED_WAITING
        at sun.misc.Unsafe.park(Native Method)
        at java.util.concurrent.locks.LockSupport.parkNanos(LockSupport.java:215)
        at java.util.concurrent.locks.AbstractQueuedSynchronizer$ConditionObject.awaitNanos(AbstractQueuedSynchronizer.java:2078)
        at java.util.concurrent.LinkedBlockingQueue.poll(LinkedBlockingQueue.java:467)
        at org.apache.hadoop.ipc.CallQueueManager.take(CallQueueManager.java:317)
        at org.apache.hadoop.ipc.Server$Handler.run(Server.java:3014)
"Datanode ReportManager Thread - 4" daemon prio=5 tid=278 in Object.wait()
java.lang.Thread.State: WAITING (on object monitor)
        at sun.misc.Unsafe.park(Native Method)
        at java.util.concurrent.locks.LockSupport.park(LockSupport.java:175)
        at java.util.concurrent.locks.AbstractQueuedSynchronizer$ConditionObject.await(AbstractQueuedSynchronizer.java:2039)
        at java.util.concurrent.ScheduledThreadPoolExecutor$DelayedWorkQueue.take(ScheduledThreadPoolExecutor.java:1088)
        at java.util.concurrent.ScheduledThreadPoolExecutor$DelayedWorkQueue.take(ScheduledThreadPoolExecutor.java:809)
        at java.util.concurrent.ThreadPoolExecutor.getTask(ThreadPoolExecutor.java:1074)
        at java.util.concurrent.ThreadPoolExecutor.runWorker(ThreadPoolExecutor.java:1134)
        at java.util.concurrent.ThreadPoolExecutor$Worker.run(ThreadPoolExecutor.java:624)
        at java.lang.Thread.run(Thread.java:750)
"IPC Server handler 15 on default port 15001" daemon prio=5 tid=84 timed_waiting
java.lang.Thread.State: TIMED_WAITING
        at sun.misc.Unsafe.park(Native Method)
        at java.util.concurrent.locks.LockSupport.parkNanos(LockSupport.java:215)
        at java.util.concurrent.locks.AbstractQueuedSynchronizer$ConditionObject.awaitNanos(AbstractQueuedSynchronizer.java:2078)
        at java.util.concurrent.LinkedBlockingQueue.poll(LinkedBlockingQueue.java:467)
        at org.apache.hadoop.ipc.CallQueueManager.take(CallQueueManager.java:317)
        at org.apache.hadoop.ipc.Server$Handler.run(Server.java:3014)
"ContainerOp-d220e5b9-ae7c-41b7-8547-aa8e299d83d3-5"  prio=5 tid=522 in Object.wait()
java.lang.Thread.State: WAITING (on object monitor)
        at sun.misc.Unsafe.park(Native Method)
        at java.util.concurrent.locks.LockSupport.park(LockSupport.java:175)
        at java.util.concurrent.locks.AbstractQueuedSynchronizer$ConditionObject.await(AbstractQueuedSynchronizer.java:2039)
        at java.util.concurrent.LinkedBlockingQueue.take(LinkedBlockingQueue.java:442)
        at java.util.concurrent.ThreadPoolExecutor.getTask(ThreadPoolExecutor.java:1074)
        at java.util.concurrent.ThreadPoolExecutor.runWorker(ThreadPoolExecutor.java:1134)
        at java.util.concurrent.ThreadPoolExecutor$Worker.run(ThreadPoolExecutor.java:624)
        at java.lang.Thread.run(Thread.java:750)
"grpc-default-worker-ELG-3-1" daemon prio=5 tid=336 runnable
java.lang.Thread.State: RUNNABLE
        at org.apache.ratis.thirdparty.io.netty.channel.epoll.Native.epollWait0(Native Method)
        at org.apache.ratis.thirdparty.io.netty.channel.epoll.Native.epollWait(Native.java:182)
        at org.apache.ratis.thirdparty.io.netty.channel.epoll.EpollEventLoop.epollWait(EpollEventLoop.java:302)
        at org.apache.ratis.thirdparty.io.netty.channel.epoll.EpollEventLoop.run(EpollEventLoop.java:366)
        at org.apache.ratis.thirdparty.io.netty.util.concurrent.SingleThreadEventExecutor$4.run(SingleThreadEventExecutor.java:997)
        at org.apache.ratis.thirdparty.io.netty.util.internal.ThreadExecutorMap$2.run(ThreadExecutorMap.java:74)
        at org.apache.ratis.thirdparty.io.netty.util.concurrent.FastThreadLocalRunnable.run(FastThreadLocalRunnable.java:30)
        at java.lang.Thread.run(Thread.java:750)
"IPC Server handler 8 on default port 15000" daemon prio=5 tid=57 timed_waiting
java.lang.Thread.State: TIMED_WAITING
        at sun.misc.Unsafe.park(Native Method)
        at java.util.concurrent.locks.LockSupport.parkNanos(LockSupport.java:215)
        at java.util.concurrent.locks.AbstractQueuedSynchronizer$ConditionObject.awaitNanos(AbstractQueuedSynchronizer.java:2078)
        at java.util.concurrent.LinkedBlockingQueue.poll(LinkedBlockingQueue.java:467)
        at org.apache.hadoop.ipc.CallQueueManager.take(CallQueueManager.java:317)
        at org.apache.hadoop.ipc.Server$Handler.run(Server.java:3014)
"BlockDeletingService#2" daemon prio=5 tid=966 in Object.wait()
java.lang.Thread.State: WAITING (on object monitor)
        at sun.misc.Unsafe.park(Native Method)
        at java.util.concurrent.locks.LockSupport.park(LockSupport.java:175)
        at java.util.concurrent.locks.AbstractQueuedSynchronizer$ConditionObject.await(AbstractQueuedSynchronizer.java:2039)
        at java.util.concurrent.ScheduledThreadPoolExecutor$DelayedWorkQueue.take(ScheduledThreadPoolExecutor.java:1088)
        at java.util.concurrent.ScheduledThreadPoolExecutor$DelayedWorkQueue.take(ScheduledThreadPoolExecutor.java:809)
        at java.util.concurrent.ThreadPoolExecutor.getTask(ThreadPoolExecutor.java:1074)
        at java.util.concurrent.ThreadPoolExecutor.runWorker(ThreadPoolExecutor.java:1134)
        at java.util.concurrent.ThreadPoolExecutor$Worker.run(ThreadPoolExecutor.java:624)
        at java.lang.Thread.run(Thread.java:750)
"IPC Server handler 14 on default port 15004" daemon prio=5 tid=176 timed_waiting
java.lang.Thread.State: TIMED_WAITING
        at sun.misc.Unsafe.park(Native Method)
        at java.util.concurrent.locks.LockSupport.parkNanos(LockSupport.java:215)
        at java.util.concurrent.locks.AbstractQueuedSynchronizer$ConditionObject.awaitNanos(AbstractQueuedSynchronizer.java:2078)
        at java.util.concurrent.LinkedBlockingQueue.poll(LinkedBlockingQueue.java:467)
        at org.apache.hadoop.ipc.CallQueueManager.take(CallQueueManager.java:317)
        at org.apache.hadoop.ipc.Server$Handler.run(Server.java:3014)
"ContainerOp-d220e5b9-ae7c-41b7-8547-aa8e299d83d3-7"  prio=5 tid=526 in Object.wait()
java.lang.Thread.State: WAITING (on object monitor)
        at sun.misc.Unsafe.park(Native Method)
        at java.util.concurrent.locks.LockSupport.park(LockSupport.java:175)
        at java.util.concurrent.locks.AbstractQueuedSynchronizer$ConditionObject.await(AbstractQueuedSynchronizer.java:2039)
        at java.util.concurrent.LinkedBlockingQueue.take(LinkedBlockingQueue.java:442)
        at java.util.concurrent.ThreadPoolExecutor.getTask(ThreadPoolExecutor.java:1074)
        at java.util.concurrent.ThreadPoolExecutor.runWorker(ThreadPoolExecutor.java:1134)
        at java.util.concurrent.ThreadPoolExecutor$Worker.run(ThreadPoolExecutor.java:624)
        at java.lang.Thread.run(Thread.java:750)
"IPC Server handler 17 on default port 15001" daemon prio=5 tid=86 timed_waiting
java.lang.Thread.State: TIMED_WAITING
        at sun.misc.Unsafe.park(Native Method)
        at java.util.concurrent.locks.LockSupport.parkNanos(LockSupport.java:215)
        at java.util.concurrent.locks.AbstractQueuedSynchronizer$ConditionObject.awaitNanos(AbstractQueuedSynchronizer.java:2078)
        at java.util.concurrent.LinkedBlockingQueue.poll(LinkedBlockingQueue.java:467)
        at org.apache.hadoop.ipc.CallQueueManager.take(CallQueueManager.java:317)
        at org.apache.hadoop.ipc.Server$Handler.run(Server.java:3014)
"Datanode State Machine Task Thread - 0"  prio=5 tid=213 in Object.wait()
java.lang.Thread.State: WAITING (on object monitor)
        at sun.misc.Unsafe.park(Native Method)
        at java.util.concurrent.locks.LockSupport.park(LockSupport.java:175)
        at java.util.concurrent.locks.AbstractQueuedSynchronizer$ConditionObject.await(AbstractQueuedSynchronizer.java:2039)
        at java.util.concurrent.LinkedBlockingQueue.take(LinkedBlockingQueue.java:442)
        at java.util.concurrent.ThreadPoolExecutor.getTask(ThreadPoolExecutor.java:1074)
        at java.util.concurrent.ThreadPoolExecutor.runWorker(ThreadPoolExecutor.java:1134)
        at java.util.concurrent.ThreadPoolExecutor$Worker.run(ThreadPoolExecutor.java:624)
        at java.lang.Thread.run(Thread.java:750)
"FixedThreadPoolWithAffinityExecutor-0-0" daemon prio=5 tid=38 timed_waiting
java.lang.Thread.State: TIMED_WAITING
        at sun.misc.Unsafe.park(Native Method)
        at java.util.concurrent.locks.LockSupport.parkNanos(LockSupport.java:215)
        at java.util.concurrent.locks.AbstractQueuedSynchronizer$ConditionObject.awaitNanos(AbstractQueuedSynchronizer.java:2078)
        at java.util.concurrent.LinkedBlockingQueue.poll(LinkedBlockingQueue.java:467)
        at org.apache.hadoop.hdds.scm.server.ContainerReportQueue.poll(ContainerReportQueue.java:266)
        at org.apache.hadoop.hdds.scm.server.ContainerReportQueue.poll(ContainerReportQueue.java:42)
        at org.apache.hadoop.hdds.server.events.FixedThreadPoolWithAffinityExecutor$ContainerReportProcessTask.run(FixedThreadPoolWithAffinityExecutor.java:247)
        at java.util.concurrent.Executors$RunnableAdapter.call(Executors.java:511)
        at java.util.concurrent.FutureTask.run(FutureTask.java:266)
        at java.util.concurrent.ThreadPoolExecutor.runWorker(ThreadPoolExecutor.java:1149)
        at java.util.concurrent.ThreadPoolExecutor$Worker.run(ThreadPoolExecutor.java:624)
        at java.lang.Thread.run(Thread.java:750)
"IPC Server listener on 15010" daemon prio=5 tid=200 runnable
java.lang.Thread.State: RUNNABLE
        at sun.nio.ch.EPollArrayWrapper.epollWait(Native Method)
        at sun.nio.ch.EPollArrayWrapper.poll(EPollArrayWrapper.java:269)
        at sun.nio.ch.EPollSelectorImpl.doSelect(EPollSelectorImpl.java:93)
        at sun.nio.ch.SelectorImpl.lockAndDoSelect(SelectorImpl.java:86)
        at sun.nio.ch.SelectorImpl.select(SelectorImpl.java:97)
        at sun.nio.ch.SelectorImpl.select(SelectorImpl.java:101)
        at org.apache.hadoop.ipc.Server$Listener.run(Server.java:1408)
"pool-71-thread-1" daemon prio=5 tid=185 timed_waiting
java.lang.Thread.State: TIMED_WAITING
        at sun.misc.Unsafe.park(Native Method)
        at java.util.concurrent.locks.LockSupport.parkNanos(LockSupport.java:215)
        at java.util.concurrent.locks.AbstractQueuedSynchronizer$ConditionObject.awaitNanos(AbstractQueuedSynchronizer.java:2078)
        at java.util.concurrent.ScheduledThreadPoolExecutor$DelayedWorkQueue.take(ScheduledThreadPoolExecutor.java:1093)
        at java.util.concurrent.ScheduledThreadPoolExecutor$DelayedWorkQueue.take(ScheduledThreadPoolExecutor.java:809)
        at java.util.concurrent.ThreadPoolExecutor.getTask(ThreadPoolExecutor.java:1074)
        at java.util.concurrent.ThreadPoolExecutor.runWorker(ThreadPoolExecutor.java:1134)
        at java.util.concurrent.ThreadPoolExecutor$Worker.run(ThreadPoolExecutor.java:624)
        at java.lang.Thread.run(Thread.java:750)
"Datanode State Machine Daemon Thread" daemon prio=5 tid=206 timed_waiting
java.lang.Thread.State: TIMED_WAITING
        at java.lang.Thread.sleep(Native Method)
        at org.apache.hadoop.ozone.container.common.statemachine.DatanodeStateMachine.startStateMachineThread(DatanodeStateMachine.java:349)
        at org.apache.hadoop.ozone.container.common.statemachine.DatanodeStateMachine.lambda$startDaemon$0(DatanodeStateMachine.java:532)
        at org.apache.hadoop.ozone.container.common.statemachine.DatanodeStateMachine$$Lambda$915/2005832332.run(Unknown Source)
        at java.lang.Thread.run(Thread.java:750)
"ContainerOp-d220e5b9-ae7c-41b7-8547-aa8e299d83d3-8"  prio=5 tid=533 in Object.wait()
java.lang.Thread.State: WAITING (on object monitor)
        at sun.misc.Unsafe.park(Native Method)
        at java.util.concurrent.locks.LockSupport.park(LockSupport.java:175)
        at java.util.concurrent.locks.AbstractQueuedSynchronizer$ConditionObject.await(AbstractQueuedSynchronizer.java:2039)
        at java.util.concurrent.LinkedBlockingQueue.take(LinkedBlockingQueue.java:442)
        at java.util.concurrent.ThreadPoolExecutor.getTask(ThreadPoolExecutor.java:1074)
        at java.util.concurrent.ThreadPoolExecutor.runWorker(ThreadPoolExecutor.java:1134)
        at java.util.concurrent.ThreadPoolExecutor$Worker.run(ThreadPoolExecutor.java:624)
        at java.lang.Thread.run(Thread.java:750)
"grpc-default-executor-3" daemon prio=5 tid=421 timed_waiting
java.lang.Thread.State: TIMED_WAITING
        at sun.misc.Unsafe.park(Native Method)
        at java.util.concurrent.locks.LockSupport.parkNanos(LockSupport.java:215)
        at java.util.concurrent.SynchronousQueue$TransferStack.awaitFulfill(SynchronousQueue.java:460)
        at java.util.concurrent.SynchronousQueue$TransferStack.transfer(SynchronousQueue.java:362)
        at java.util.concurrent.SynchronousQueue.poll(SynchronousQueue.java:941)
        at java.util.concurrent.ThreadPoolExecutor.getTask(ThreadPoolExecutor.java:1073)
        at java.util.concurrent.ThreadPoolExecutor.runWorker(ThreadPoolExecutor.java:1134)
        at java.util.concurrent.ThreadPoolExecutor$Worker.run(ThreadPoolExecutor.java:624)
        at java.lang.Thread.run(Thread.java:750)
"pool-119-thread-1" daemon prio=5 tid=251 timed_waiting
java.lang.Thread.State: TIMED_WAITING
        at sun.misc.Unsafe.park(Native Method)
        at java.util.concurrent.locks.LockSupport.parkNanos(LockSupport.java:215)
        at java.util.concurrent.locks.AbstractQueuedSynchronizer$ConditionObject.awaitNanos(AbstractQueuedSynchronizer.java:2078)
        at java.util.concurrent.ScheduledThreadPoolExecutor$DelayedWorkQueue.take(ScheduledThreadPoolExecutor.java:1093)
        at java.util.concurrent.ScheduledThreadPoolExecutor$DelayedWorkQueue.take(ScheduledThreadPoolExecutor.java:809)
        at java.util.concurrent.ThreadPoolExecutor.getTask(ThreadPoolExecutor.java:1074)
        at java.util.concurrent.ThreadPoolExecutor.runWorker(ThreadPoolExecutor.java:1134)
        at java.util.concurrent.ThreadPoolExecutor$Worker.run(ThreadPoolExecutor.java:624)
        at java.lang.Thread.run(Thread.java:750)
"StaleRecoveringContainerScrubbingService#3" daemon prio=5 tid=971 in Object.wait()
java.lang.Thread.State: WAITING (on object monitor)
        at sun.misc.Unsafe.park(Native Method)
        at java.util.concurrent.locks.LockSupport.park(LockSupport.java:175)
        at java.util.concurrent.locks.AbstractQueuedSynchronizer$ConditionObject.await(AbstractQueuedSynchronizer.java:2039)
        at java.util.concurrent.ScheduledThreadPoolExecutor$DelayedWorkQueue.take(ScheduledThreadPoolExecutor.java:1088)
        at java.util.concurrent.ScheduledThreadPoolExecutor$DelayedWorkQueue.take(ScheduledThreadPoolExecutor.java:809)
        at java.util.concurrent.ThreadPoolExecutor.getTask(ThreadPoolExecutor.java:1074)
        at java.util.concurrent.ThreadPoolExecutor.runWorker(ThreadPoolExecutor.java:1134)
        at java.util.concurrent.ThreadPoolExecutor$Worker.run(ThreadPoolExecutor.java:624)
        at java.lang.Thread.run(Thread.java:750)
"ContainerOp-60c550eb-c91e-4f73-bcc1-53a4de1611ee-8"  prio=5 tid=495 in Object.wait()
java.lang.Thread.State: WAITING (on object monitor)
        at sun.misc.Unsafe.park(Native Method)
        at java.util.concurrent.locks.LockSupport.park(LockSupport.java:175)
        at java.util.concurrent.locks.AbstractQueuedSynchronizer$ConditionObject.await(AbstractQueuedSynchronizer.java:2039)
        at java.util.concurrent.LinkedBlockingQueue.take(LinkedBlockingQueue.java:442)
        at java.util.concurrent.ThreadPoolExecutor.getTask(ThreadPoolExecutor.java:1074)
        at java.util.concurrent.ThreadPoolExecutor.runWorker(ThreadPoolExecutor.java:1134)
        at java.util.concurrent.ThreadPoolExecutor$Worker.run(ThreadPoolExecutor.java:624)
        at java.lang.Thread.run(Thread.java:750)
"IPC Server handler 3 on default port 15004" daemon prio=5 tid=165 timed_waiting
java.lang.Thread.State: TIMED_WAITING
        at sun.misc.Unsafe.park(Native Method)
        at java.util.concurrent.locks.LockSupport.parkNanos(LockSupport.java:215)
        at java.util.concurrent.locks.AbstractQueuedSynchronizer$ConditionObject.awaitNanos(AbstractQueuedSynchronizer.java:2078)
        at java.util.concurrent.LinkedBlockingQueue.poll(LinkedBlockingQueue.java:467)
        at org.apache.hadoop.ipc.CallQueueManager.take(CallQueueManager.java:317)
        at org.apache.hadoop.ipc.Server$Handler.run(Server.java:3014)
"IPC Server idle connection scanner for port 15001" daemon prio=5 tid=30 timed_waiting
java.lang.Thread.State: TIMED_WAITING
        at java.lang.Object.wait(Native Method)
        at java.util.TimerThread.mainLoop(Timer.java:552)
        at java.util.TimerThread.run(Timer.java:505)
"qtp38442393-260-acceptor-0@517de62a-ServerConnector@1d9edbad{HTTP/1.1, (http/1.1)}{0.0.0.0:15027}" daemon prio=3 tid=260 runnable
java.lang.Thread.State: RUNNABLE
        at sun.nio.ch.ServerSocketChannelImpl.accept0(Native Method)
        at sun.nio.ch.ServerSocketChannelImpl.accept(ServerSocketChannelImpl.java:421)
        at sun.nio.ch.ServerSocketChannelImpl.accept(ServerSocketChannelImpl.java:249)
        at org.eclipse.jetty.server.ServerConnector.accept(ServerConnector.java:388)
        at org.eclipse.jetty.server.AbstractConnector$Acceptor.run(AbstractConnector.java:704)
        at org.eclipse.jetty.util.thread.QueuedThreadPool.runJob(QueuedThreadPool.java:883)
        at org.eclipse.jetty.util.thread.QueuedThreadPool$Runner.run(QueuedThreadPool.java:1034)
        at java.lang.Thread.run(Thread.java:750)
"Command processor thread" daemon prio=5 tid=246 timed_waiting
java.lang.Thread.State: TIMED_WAITING
        at java.lang.Thread.sleep(Native Method)
        at org.apache.hadoop.ozone.container.common.statemachine.DatanodeStateMachine.lambda$initCommandHandlerThread$3(DatanodeStateMachine.java:659)
        at org.apache.hadoop.ozone.container.common.statemachine.DatanodeStateMachine$$Lambda$917/1892067001.run(Unknown Source)
        at java.lang.Thread.run(Thread.java:750)
"fe774388-89b0-43a1-8132-3e981ddd9c14-NettyServerStreamRpc-bossGroup--thread1"  prio=5 tid=219 runnable
java.lang.Thread.State: RUNNABLE
        at sun.nio.ch.EPollArrayWrapper.epollWait(Native Method)
        at sun.nio.ch.EPollArrayWrapper.poll(EPollArrayWrapper.java:269)
        at sun.nio.ch.EPollSelectorImpl.doSelect(EPollSelectorImpl.java:93)
        at sun.nio.ch.SelectorImpl.lockAndDoSelect(SelectorImpl.java:86)
        at sun.nio.ch.SelectorImpl.select(SelectorImpl.java:97)
        at sun.nio.ch.SelectorImpl.select(SelectorImpl.java:101)
        at org.apache.ratis.thirdparty.io.netty.channel.nio.SelectedSelectionKeySetSelector.select(SelectedSelectionKeySetSelector.java:68)
        at org.apache.ratis.thirdparty.io.netty.channel.nio.NioEventLoop.select(NioEventLoop.java:879)
        at org.apache.ratis.thirdparty.io.netty.channel.nio.NioEventLoop.run(NioEventLoop.java:526)
        at org.apache.ratis.thirdparty.io.netty.util.concurrent.SingleThreadEventExecutor$4.run(SingleThreadEventExecutor.java:997)
        at org.apache.ratis.thirdparty.io.netty.util.internal.ThreadExecutorMap$2.run(ThreadExecutorMap.java:74)
        at java.lang.Thread.run(Thread.java:750)
"fe774388-89b0-43a1-8132-3e981ddd9c14-server-thread3" daemon prio=5 tid=426 timed_waiting
java.lang.Thread.State: TIMED_WAITING
        at sun.misc.Unsafe.park(Native Method)
        at java.util.concurrent.locks.LockSupport.parkNanos(LockSupport.java:215)
        at java.util.concurrent.SynchronousQueue$TransferStack.awaitFulfill(SynchronousQueue.java:460)
        at java.util.concurrent.SynchronousQueue$TransferStack.transfer(SynchronousQueue.java:362)
        at java.util.concurrent.SynchronousQueue.poll(SynchronousQueue.java:941)
        at java.util.concurrent.ThreadPoolExecutor.getTask(ThreadPoolExecutor.java:1073)
        at java.util.concurrent.ThreadPoolExecutor.runWorker(ThreadPoolExecutor.java:1134)
        at java.util.concurrent.ThreadPoolExecutor$Worker.run(ThreadPoolExecutor.java:624)
        at java.lang.Thread.run(Thread.java:750)
"ContainerOp-d220e5b9-ae7c-41b7-8547-aa8e299d83d3-3"  prio=5 tid=517 in Object.wait()
java.lang.Thread.State: WAITING (on object monitor)
        at sun.misc.Unsafe.park(Native Method)
        at java.util.concurrent.locks.LockSupport.park(LockSupport.java:175)
        at java.util.concurrent.locks.AbstractQueuedSynchronizer$ConditionObject.await(AbstractQueuedSynchronizer.java:2039)
        at java.util.concurrent.LinkedBlockingQueue.take(LinkedBlockingQueue.java:442)
        at java.util.concurrent.ThreadPoolExecutor.getTask(ThreadPoolExecutor.java:1074)
        at java.util.concurrent.ThreadPoolExecutor.runWorker(ThreadPoolExecutor.java:1134)
        at java.util.concurrent.ThreadPoolExecutor$Worker.run(ThreadPoolExecutor.java:624)
        at java.lang.Thread.run(Thread.java:750)
"ChunkWriter-3-0" daemon prio=5 tid=312 in Object.wait()
java.lang.Thread.State: WAITING (on object monitor)
        at sun.misc.Unsafe.park(Native Method)
        at java.util.concurrent.locks.LockSupport.park(LockSupport.java:175)
        at java.util.concurrent.locks.AbstractQueuedSynchronizer$ConditionObject.await(AbstractQueuedSynchronizer.java:2039)
        at java.util.concurrent.LinkedBlockingDeque.takeFirst(LinkedBlockingDeque.java:492)
        at java.util.concurrent.LinkedBlockingDeque.take(LinkedBlockingDeque.java:680)
        at java.util.concurrent.ThreadPoolExecutor.getTask(ThreadPoolExecutor.java:1074)
        at java.util.concurrent.ThreadPoolExecutor.runWorker(ThreadPoolExecutor.java:1134)
        at java.util.concurrent.ThreadPoolExecutor$Worker.run(ThreadPoolExecutor.java:624)
        at java.lang.Thread.run(Thread.java:750)
"Datanode ReportManager Thread - 2" daemon prio=5 tid=276 in Object.wait()
java.lang.Thread.State: WAITING (on object monitor)
        at sun.misc.Unsafe.park(Native Method)
        at java.util.concurrent.locks.LockSupport.park(LockSupport.java:175)
        at java.util.concurrent.locks.AbstractQueuedSynchronizer$ConditionObject.await(AbstractQueuedSynchronizer.java:2039)
        at java.util.concurrent.ScheduledThreadPoolExecutor$DelayedWorkQueue.take(ScheduledThreadPoolExecutor.java:1088)
        at java.util.concurrent.ScheduledThreadPoolExecutor$DelayedWorkQueue.take(ScheduledThreadPoolExecutor.java:809)
        at java.util.concurrent.ThreadPoolExecutor.getTask(ThreadPoolExecutor.java:1074)
        at java.util.concurrent.ThreadPoolExecutor.runWorker(ThreadPoolExecutor.java:1134)
        at java.util.concurrent.ThreadPoolExecutor$Worker.run(ThreadPoolExecutor.java:624)
        at java.lang.Thread.run(Thread.java:750)
"IPC Server handler 10 on default port 15001" daemon prio=5 tid=79 timed_waiting
java.lang.Thread.State: TIMED_WAITING
        at sun.misc.Unsafe.park(Native Method)
        at java.util.concurrent.locks.LockSupport.parkNanos(LockSupport.java:215)
        at java.util.concurrent.locks.AbstractQueuedSynchronizer$ConditionObject.awaitNanos(AbstractQueuedSynchronizer.java:2078)
        at java.util.concurrent.LinkedBlockingQueue.poll(LinkedBlockingQueue.java:467)
        at org.apache.hadoop.ipc.CallQueueManager.take(CallQueueManager.java:317)
        at org.apache.hadoop.ipc.Server$Handler.run(Server.java:3014)
"ContainerOp-d220e5b9-ae7c-41b7-8547-aa8e299d83d3-1"  prio=5 tid=509 in Object.wait()
java.lang.Thread.State: WAITING (on object monitor)
        at sun.misc.Unsafe.park(Native Method)
        at java.util.concurrent.locks.LockSupport.park(LockSupport.java:175)
        at java.util.concurrent.locks.AbstractQueuedSynchronizer$ConditionObject.await(AbstractQueuedSynchronizer.java:2039)
        at java.util.concurrent.LinkedBlockingQueue.take(LinkedBlockingQueue.java:442)
        at java.util.concurrent.ThreadPoolExecutor.getTask(ThreadPoolExecutor.java:1074)
        at java.util.concurrent.ThreadPoolExecutor.runWorker(ThreadPoolExecutor.java:1134)
        at java.util.concurrent.ThreadPoolExecutor$Worker.run(ThreadPoolExecutor.java:624)
        at java.lang.Thread.run(Thread.java:750)
"PartialTableCache Cleanup Thread - 0" daemon prio=5 tid=729 in Object.wait()
java.lang.Thread.State: WAITING (on object monitor)
        at sun.misc.Unsafe.park(Native Method)
        at java.util.concurrent.locks.LockSupport.park(LockSupport.java:175)
        at java.util.concurrent.locks.AbstractQueuedSynchronizer$ConditionObject.await(AbstractQueuedSynchronizer.java:2039)
        at java.util.concurrent.LinkedBlockingQueue.take(LinkedBlockingQueue.java:442)
        at java.util.concurrent.ThreadPoolExecutor.getTask(ThreadPoolExecutor.java:1074)
        at java.util.concurrent.ThreadPoolExecutor.runWorker(ThreadPoolExecutor.java:1134)
        at java.util.concurrent.ThreadPoolExecutor$Worker.run(ThreadPoolExecutor.java:624)
        at java.lang.Thread.run(Thread.java:750)
"IPC Server handler 12 on default port 15001" daemon prio=5 tid=81 timed_waiting
java.lang.Thread.State: TIMED_WAITING
        at sun.misc.Unsafe.park(Native Method)
        at java.util.concurrent.locks.LockSupport.parkNanos(LockSupport.java:215)
        at java.util.concurrent.locks.AbstractQueuedSynchronizer$ConditionObject.awaitNanos(AbstractQueuedSynchronizer.java:2078)
        at java.util.concurrent.LinkedBlockingQueue.poll(LinkedBlockingQueue.java:467)
        at org.apache.hadoop.ipc.CallQueueManager.take(CallQueueManager.java:317)
        at org.apache.hadoop.ipc.Server$Handler.run(Server.java:3014)
"ContainerOp-d220e5b9-ae7c-41b7-8547-aa8e299d83d3-0"  prio=5 tid=506 in Object.wait()
java.lang.Thread.State: WAITING (on object monitor)
        at sun.misc.Unsafe.park(Native Method)
        at java.util.concurrent.locks.LockSupport.park(LockSupport.java:175)
        at java.util.concurrent.locks.AbstractQueuedSynchronizer$ConditionObject.await(AbstractQueuedSynchronizer.java:2039)
        at java.util.concurrent.LinkedBlockingQueue.take(LinkedBlockingQueue.java:442)
        at java.util.concurrent.ThreadPoolExecutor.getTask(ThreadPoolExecutor.java:1074)
        at java.util.concurrent.ThreadPoolExecutor.runWorker(ThreadPoolExecutor.java:1134)
        at java.util.concurrent.ThreadPoolExecutor$Worker.run(ThreadPoolExecutor.java:624)
        at java.lang.Thread.run(Thread.java:750)
"IPC Server handler 1 on default port 15000" daemon prio=5 tid=50 timed_waiting
java.lang.Thread.State: TIMED_WAITING
        at sun.misc.Unsafe.park(Native Method)
        at java.util.concurrent.locks.LockSupport.parkNanos(LockSupport.java:215)
        at java.util.concurrent.locks.AbstractQueuedSynchronizer$ConditionObject.awaitNanos(AbstractQueuedSynchronizer.java:2078)
        at java.util.concurrent.LinkedBlockingQueue.poll(LinkedBlockingQueue.java:467)
        at org.apache.hadoop.ipc.CallQueueManager.take(CallQueueManager.java:317)
        at org.apache.hadoop.ipc.Server$Handler.run(Server.java:3014)
"IPC Server Responder" daemon prio=5 tid=270 runnable
java.lang.Thread.State: RUNNABLE
        at sun.nio.ch.EPollArrayWrapper.epollWait(Native Method)
        at sun.nio.ch.EPollArrayWrapper.poll(EPollArrayWrapper.java:269)
        at sun.nio.ch.EPollSelectorImpl.doSelect(EPollSelectorImpl.java:93)
        at sun.nio.ch.SelectorImpl.lockAndDoSelect(SelectorImpl.java:86)
        at sun.nio.ch.SelectorImpl.select(SelectorImpl.java:97)
        at org.apache.hadoop.ipc.Server$Responder.doRunLoop(Server.java:1582)
        at org.apache.hadoop.ipc.Server$Responder.run(Server.java:1565)
"qtp38442393-265" daemon prio=5 tid=265 timed_waiting
java.lang.Thread.State: TIMED_WAITING
        at sun.misc.Unsafe.park(Native Method)
        at java.util.concurrent.locks.LockSupport.parkNanos(LockSupport.java:215)
        at java.util.concurrent.locks.AbstractQueuedSynchronizer$ConditionObject.awaitNanos(AbstractQueuedSynchronizer.java:2078)
        at org.eclipse.jetty.util.BlockingArrayQueue.poll(BlockingArrayQueue.java:382)
        at org.eclipse.jetty.util.thread.QueuedThreadPool$Runner.idleJobPoll(QueuedThreadPool.java:974)
        at org.eclipse.jetty.util.thread.QueuedThreadPool$Runner.run(QueuedThreadPool.java:1018)
        at java.lang.Thread.run(Thread.java:750)
"StaleRecoveringContainerScrubbingService#2" daemon prio=5 tid=961 in Object.wait()
java.lang.Thread.State: WAITING (on object monitor)
        at sun.misc.Unsafe.park(Native Method)
        at java.util.concurrent.locks.LockSupport.park(LockSupport.java:175)
        at java.util.concurrent.locks.AbstractQueuedSynchronizer$ConditionObject.await(AbstractQueuedSynchronizer.java:2039)
        at java.util.concurrent.ScheduledThreadPoolExecutor$DelayedWorkQueue.take(ScheduledThreadPoolExecutor.java:1088)
        at java.util.concurrent.ScheduledThreadPoolExecutor$DelayedWorkQueue.take(ScheduledThreadPoolExecutor.java:809)
        at java.util.concurrent.ThreadPoolExecutor.getTask(ThreadPoolExecutor.java:1074)
        at java.util.concurrent.ThreadPoolExecutor.runWorker(ThreadPoolExecutor.java:1134)
        at java.util.concurrent.ThreadPoolExecutor$Worker.run(ThreadPoolExecutor.java:624)
        at java.lang.Thread.run(Thread.java:750)
"ContainerOp-d220e5b9-ae7c-41b7-8547-aa8e299d83d3-2"  prio=5 tid=511 in Object.wait()
java.lang.Thread.State: WAITING (on object monitor)
        at sun.misc.Unsafe.park(Native Method)
        at java.util.concurrent.locks.LockSupport.park(LockSupport.java:175)
        at java.util.concurrent.locks.AbstractQueuedSynchronizer$ConditionObject.await(AbstractQueuedSynchronizer.java:2039)
        at java.util.concurrent.LinkedBlockingQueue.take(LinkedBlockingQueue.java:442)
        at java.util.concurrent.ThreadPoolExecutor.getTask(ThreadPoolExecutor.java:1074)
        at java.util.concurrent.ThreadPoolExecutor.runWorker(ThreadPoolExecutor.java:1134)
        at java.util.concurrent.ThreadPoolExecutor$Worker.run(ThreadPoolExecutor.java:624)
        at java.lang.Thread.run(Thread.java:750)
"Datanode ReportManager Thread - 3" daemon prio=5 tid=277 timed_waiting
java.lang.Thread.State: TIMED_WAITING
        at sun.misc.Unsafe.park(Native Method)
        at java.util.concurrent.locks.LockSupport.parkNanos(LockSupport.java:215)
        at java.util.concurrent.locks.AbstractQueuedSynchronizer$ConditionObject.awaitNanos(AbstractQueuedSynchronizer.java:2078)
        at java.util.concurrent.ScheduledThreadPoolExecutor$DelayedWorkQueue.take(ScheduledThreadPoolExecutor.java:1093)
        at java.util.concurrent.ScheduledThreadPoolExecutor$DelayedWorkQueue.take(ScheduledThreadPoolExecutor.java:809)
        at java.util.concurrent.ThreadPoolExecutor.getTask(ThreadPoolExecutor.java:1074)
        at java.util.concurrent.ThreadPoolExecutor.runWorker(ThreadPoolExecutor.java:1134)
        at java.util.concurrent.ThreadPoolExecutor$Worker.run(ThreadPoolExecutor.java:624)
        at java.lang.Thread.run(Thread.java:750)
"ChunkReader-ELG-0" daemon prio=5 tid=314 runnable
java.lang.Thread.State: RUNNABLE
        at org.apache.ratis.thirdparty.io.netty.channel.epoll.Native.epollWait(Native Method)
        at org.apache.ratis.thirdparty.io.netty.channel.epoll.Native.epollWait(Native.java:209)
        at org.apache.ratis.thirdparty.io.netty.channel.epoll.Native.epollWait(Native.java:202)
        at org.apache.ratis.thirdparty.io.netty.channel.epoll.EpollEventLoop.epollWaitNoTimerChange(EpollEventLoop.java:306)
        at org.apache.ratis.thirdparty.io.netty.channel.epoll.EpollEventLoop.run(EpollEventLoop.java:363)
        at org.apache.ratis.thirdparty.io.netty.util.concurrent.SingleThreadEventExecutor$4.run(SingleThreadEventExecutor.java:997)
        at org.apache.ratis.thirdparty.io.netty.util.internal.ThreadExecutorMap$2.run(ThreadExecutorMap.java:74)
        at java.lang.Thread.run(Thread.java:750)
"qtp9916873-117" daemon prio=5 tid=117 timed_waiting
java.lang.Thread.State: TIMED_WAITING
        at sun.misc.Unsafe.park(Native Method)
        at java.util.concurrent.locks.LockSupport.parkNanos(LockSupport.java:215)
        at java.util.concurrent.locks.AbstractQueuedSynchronizer$ConditionObject.awaitNanos(AbstractQueuedSynchronizer.java:2078)
        at org.eclipse.jetty.util.BlockingArrayQueue.poll(BlockingArrayQueue.java:382)
        at org.eclipse.jetty.util.thread.QueuedThreadPool$Runner.idleJobPoll(QueuedThreadPool.java:974)
        at org.eclipse.jetty.util.thread.QueuedThreadPool$Runner.run(QueuedThreadPool.java:1018)
        at java.lang.Thread.run(Thread.java:750)
"ContainerOp-d220e5b9-ae7c-41b7-8547-aa8e299d83d3-9"  prio=5 tid=541 in Object.wait()
java.lang.Thread.State: WAITING (on object monitor)
        at sun.misc.Unsafe.park(Native Method)
        at java.util.concurrent.locks.LockSupport.park(LockSupport.java:175)
        at java.util.concurrent.locks.AbstractQueuedSynchronizer$ConditionObject.await(AbstractQueuedSynchronizer.java:2039)
        at java.util.concurrent.LinkedBlockingQueue.take(LinkedBlockingQueue.java:442)
        at java.util.concurrent.ThreadPoolExecutor.getTask(ThreadPoolExecutor.java:1074)
        at java.util.concurrent.ThreadPoolExecutor.runWorker(ThreadPoolExecutor.java:1134)
        at java.util.concurrent.ThreadPoolExecutor$Worker.run(ThreadPoolExecutor.java:624)
        at java.lang.Thread.run(Thread.java:750)
"IPC Client (2099630350) connection to 0.0.0.0/0.0.0.0:15002 from runner" daemon prio=5 tid=283 timed_waiting
java.lang.Thread.State: TIMED_WAITING
        at java.lang.Object.wait(Native Method)
        at org.apache.hadoop.ipc.Client$Connection.waitForWork(Client.java:1026)
        at org.apache.hadoop.ipc.Client$Connection.run(Client.java:1077)
"ContainerOp-60c550eb-c91e-4f73-bcc1-53a4de1611ee-7"  prio=5 tid=489 in Object.wait()
java.lang.Thread.State: WAITING (on object monitor)
        at sun.misc.Unsafe.park(Native Method)
        at java.util.concurrent.locks.LockSupport.park(LockSupport.java:175)
        at java.util.concurrent.locks.AbstractQueuedSynchronizer$ConditionObject.await(AbstractQueuedSynchronizer.java:2039)
        at java.util.concurrent.LinkedBlockingQueue.take(LinkedBlockingQueue.java:442)
        at java.util.concurrent.ThreadPoolExecutor.getTask(ThreadPoolExecutor.java:1074)
        at java.util.concurrent.ThreadPoolExecutor.runWorker(ThreadPoolExecutor.java:1134)
        at java.util.concurrent.ThreadPoolExecutor$Worker.run(ThreadPoolExecutor.java:624)
        at java.lang.Thread.run(Thread.java:750)
"BlockDeletingService#1" daemon prio=5 tid=318 in Object.wait()
java.lang.Thread.State: WAITING (on object monitor)
        at sun.misc.Unsafe.park(Native Method)
        at java.util.concurrent.locks.LockSupport.park(LockSupport.java:175)
        at java.util.concurrent.locks.AbstractQueuedSynchronizer$ConditionObject.await(AbstractQueuedSynchronizer.java:2039)
        at java.util.concurrent.ScheduledThreadPoolExecutor$DelayedWorkQueue.take(ScheduledThreadPoolExecutor.java:1088)
        at java.util.concurrent.ScheduledThreadPoolExecutor$DelayedWorkQueue.take(ScheduledThreadPoolExecutor.java:809)
        at java.util.concurrent.ThreadPoolExecutor.getTask(ThreadPoolExecutor.java:1074)
        at java.util.concurrent.ThreadPoolExecutor.runWorker(ThreadPoolExecutor.java:1134)
        at java.util.concurrent.ThreadPoolExecutor$Worker.run(ThreadPoolExecutor.java:624)
        at java.lang.Thread.run(Thread.java:750)
"ContainerOp-d220e5b9-ae7c-41b7-8547-aa8e299d83d3-0"  prio=5 tid=508 in Object.wait()
java.lang.Thread.State: WAITING (on object monitor)
        at sun.misc.Unsafe.park(Native Method)
        at java.util.concurrent.locks.LockSupport.park(LockSupport.java:175)
        at java.util.concurrent.locks.AbstractQueuedSynchronizer$ConditionObject.await(AbstractQueuedSynchronizer.java:2039)
        at java.util.concurrent.LinkedBlockingQueue.take(LinkedBlockingQueue.java:442)
        at java.util.concurrent.ThreadPoolExecutor.getTask(ThreadPoolExecutor.java:1074)
        at java.util.concurrent.ThreadPoolExecutor.runWorker(ThreadPoolExecutor.java:1134)
        at java.util.concurrent.ThreadPoolExecutor$Worker.run(ThreadPoolExecutor.java:624)
        at java.lang.Thread.run(Thread.java:750)
"IPC Server handler 4 on default port 15002" daemon prio=5 tid=93 timed_waiting
java.lang.Thread.State: TIMED_WAITING
        at sun.misc.Unsafe.park(Native Method)
        at java.util.concurrent.locks.LockSupport.parkNanos(LockSupport.java:215)
        at java.util.concurrent.locks.AbstractQueuedSynchronizer$ConditionObject.awaitNanos(AbstractQueuedSynchronizer.java:2078)
        at java.util.concurrent.LinkedBlockingQueue.poll(LinkedBlockingQueue.java:467)
        at org.apache.hadoop.ipc.CallQueueManager.take(CallQueueManager.java:317)
        at org.apache.hadoop.ipc.Server$Handler.run(Server.java:3014)
"IPC Server handler 14 on default port 15001" daemon prio=5 tid=83 timed_waiting
java.lang.Thread.State: TIMED_WAITING
        at sun.misc.Unsafe.park(Native Method)
        at java.util.concurrent.locks.LockSupport.parkNanos(LockSupport.java:215)
        at java.util.concurrent.locks.AbstractQueuedSynchronizer$ConditionObject.awaitNanos(AbstractQueuedSynchronizer.java:2078)
        at java.util.concurrent.LinkedBlockingQueue.poll(LinkedBlockingQueue.java:467)
        at org.apache.hadoop.ipc.CallQueueManager.take(CallQueueManager.java:317)
        at org.apache.hadoop.ipc.Server$Handler.run(Server.java:3014)
"timer4" daemon prio=5 tid=419 timed_waiting
java.lang.Thread.State: TIMED_WAITING
        at java.lang.Object.wait(Native Method)
        at java.util.TimerThread.mainLoop(Timer.java:552)
        at java.util.TimerThread.run(Timer.java:505)
"PartialTableCache Cleanup Thread - 0" daemon prio=5 tid=730 in Object.wait()
java.lang.Thread.State: WAITING (on object monitor)
        at sun.misc.Unsafe.park(Native Method)
        at java.util.concurrent.locks.LockSupport.park(LockSupport.java:175)
        at java.util.concurrent.locks.AbstractQueuedSynchronizer$ConditionObject.await(AbstractQueuedSynchronizer.java:2039)
        at java.util.concurrent.LinkedBlockingQueue.take(LinkedBlockingQueue.java:442)
        at java.util.concurrent.ThreadPoolExecutor.getTask(ThreadPoolExecutor.java:1074)
        at java.util.concurrent.ThreadPoolExecutor.runWorker(ThreadPoolExecutor.java:1134)
        at java.util.concurrent.ThreadPoolExecutor$Worker.run(ThreadPoolExecutor.java:624)
        at java.lang.Thread.run(Thread.java:750)
"IPC Server handler 1 on default port 15002" daemon prio=5 tid=90 timed_waiting
java.lang.Thread.State: TIMED_WAITING
        at sun.misc.Unsafe.park(Native Method)
        at java.util.concurrent.locks.LockSupport.parkNanos(LockSupport.java:215)
        at java.util.concurrent.locks.AbstractQueuedSynchronizer$ConditionObject.awaitNanos(AbstractQueuedSynchronizer.java:2078)
        at java.util.concurrent.LinkedBlockingQueue.poll(LinkedBlockingQueue.java:467)
        at org.apache.hadoop.ipc.CallQueueManager.take(CallQueueManager.java:317)
        at org.apache.hadoop.ipc.Server$Handler.run(Server.java:3014)
"ContainerOp-d220e5b9-ae7c-41b7-8547-aa8e299d83d3-9"  prio=5 tid=540 in Object.wait()
java.lang.Thread.State: WAITING (on object monitor)
        at sun.misc.Unsafe.park(Native Method)
        at java.util.concurrent.locks.LockSupport.park(LockSupport.java:175)
        at java.util.concurrent.locks.AbstractQueuedSynchronizer$ConditionObject.await(AbstractQueuedSynchronizer.java:2039)
        at java.util.concurrent.LinkedBlockingQueue.take(LinkedBlockingQueue.java:442)
        at java.util.concurrent.ThreadPoolExecutor.getTask(ThreadPoolExecutor.java:1074)
        at java.util.concurrent.ThreadPoolExecutor.runWorker(ThreadPoolExecutor.java:1134)
        at java.util.concurrent.ThreadPoolExecutor$Worker.run(ThreadPoolExecutor.java:624)
        at java.lang.Thread.run(Thread.java:750)
"Hadoop-Metrics-Updater-0" daemon prio=5 tid=204 timed_waiting
java.lang.Thread.State: TIMED_WAITING
        at sun.misc.Unsafe.park(Native Method)
        at java.util.concurrent.locks.LockSupport.parkNanos(LockSupport.java:215)
        at java.util.concurrent.locks.AbstractQueuedSynchronizer$ConditionObject.awaitNanos(AbstractQueuedSynchronizer.java:2078)
        at java.util.concurrent.ScheduledThreadPoolExecutor$DelayedWorkQueue.take(ScheduledThreadPoolExecutor.java:1093)
        at java.util.concurrent.ScheduledThreadPoolExecutor$DelayedWorkQueue.take(ScheduledThreadPoolExecutor.java:809)
        at java.util.concurrent.ThreadPoolExecutor.getTask(ThreadPoolExecutor.java:1074)
        at java.util.concurrent.ThreadPoolExecutor.runWorker(ThreadPoolExecutor.java:1134)
        at java.util.concurrent.ThreadPoolExecutor$Worker.run(ThreadPoolExecutor.java:624)
        at java.lang.Thread.run(Thread.java:750)
"timer7" daemon prio=5 tid=444 timed_waiting
java.lang.Thread.State: TIMED_WAITING
        at java.lang.Object.wait(Native Method)
        at java.util.TimerThread.mainLoop(Timer.java:552)
        at java.util.TimerThread.run(Timer.java:505)
"Command processor thread" daemon prio=5 tid=212 timed_waiting
java.lang.Thread.State: TIMED_WAITING
        at java.lang.Thread.sleep(Native Method)
        at org.apache.hadoop.ozone.container.common.statemachine.DatanodeStateMachine.lambda$initCommandHandlerThread$3(DatanodeStateMachine.java:659)
        at org.apache.hadoop.ozone.container.common.statemachine.DatanodeStateMachine$$Lambda$917/1892067001.run(Unknown Source)
        at java.lang.Thread.run(Thread.java:750)
"IPC Server handler 7 on default port 15002" daemon prio=5 tid=96 timed_waiting
java.lang.Thread.State: TIMED_WAITING
        at sun.misc.Unsafe.park(Native Method)
        at java.util.concurrent.locks.LockSupport.parkNanos(LockSupport.java:215)
        at java.util.concurrent.locks.AbstractQueuedSynchronizer$ConditionObject.awaitNanos(AbstractQueuedSynchronizer.java:2078)
        at java.util.concurrent.LinkedBlockingQueue.poll(LinkedBlockingQueue.java:467)
        at org.apache.hadoop.ipc.CallQueueManager.take(CallQueueManager.java:317)
        at org.apache.hadoop.ipc.Server$Handler.run(Server.java:3014)
"timer3" daemon prio=5 tid=418 timed_waiting
java.lang.Thread.State: TIMED_WAITING
        at java.lang.Object.wait(Native Method)
        at java.util.TimerThread.mainLoop(Timer.java:552)
        at java.util.TimerThread.run(Timer.java:505)
"IPC Server handler 15 on default port 15004" daemon prio=5 tid=177 timed_waiting
java.lang.Thread.State: TIMED_WAITING
        at sun.misc.Unsafe.park(Native Method)
        at java.util.concurrent.locks.LockSupport.parkNanos(LockSupport.java:215)
        at java.util.concurrent.locks.AbstractQueuedSynchronizer$ConditionObject.awaitNanos(AbstractQueuedSynchronizer.java:2078)
        at java.util.concurrent.LinkedBlockingQueue.poll(LinkedBlockingQueue.java:467)
        at org.apache.hadoop.ipc.CallQueueManager.take(CallQueueManager.java:317)
        at org.apache.hadoop.ipc.Server$Handler.run(Server.java:3014)
"IPC Server idle connection scanner for port 15002" daemon prio=5 tid=25 timed_waiting
java.lang.Thread.State: TIMED_WAITING
        at java.lang.Object.wait(Native Method)
        at java.util.TimerThread.mainLoop(Timer.java:552)
        at java.util.TimerThread.run(Timer.java:505)
"ContainerOp-d220e5b9-ae7c-41b7-8547-aa8e299d83d3-8"  prio=5 tid=531 in Object.wait()
java.lang.Thread.State: WAITING (on object monitor)
        at sun.misc.Unsafe.park(Native Method)
        at java.util.concurrent.locks.LockSupport.park(LockSupport.java:175)
        at java.util.concurrent.locks.AbstractQueuedSynchronizer$ConditionObject.await(AbstractQueuedSynchronizer.java:2039)
        at java.util.concurrent.LinkedBlockingQueue.take(LinkedBlockingQueue.java:442)
        at java.util.concurrent.ThreadPoolExecutor.getTask(ThreadPoolExecutor.java:1074)
        at java.util.concurrent.ThreadPoolExecutor.runWorker(ThreadPoolExecutor.java:1134)
        at java.util.concurrent.ThreadPoolExecutor$Worker.run(ThreadPoolExecutor.java:624)
        at java.lang.Thread.run(Thread.java:750)
"IPC Server listener on 15000" daemon prio=5 tid=33 runnable
java.lang.Thread.State: RUNNABLE
        at sun.nio.ch.EPollArrayWrapper.epollWait(Native Method)
        at sun.nio.ch.EPollArrayWrapper.poll(EPollArrayWrapper.java:269)
        at sun.nio.ch.EPollSelectorImpl.doSelect(EPollSelectorImpl.java:93)
        at sun.nio.ch.SelectorImpl.lockAndDoSelect(SelectorImpl.java:86)
        at sun.nio.ch.SelectorImpl.select(SelectorImpl.java:97)
        at sun.nio.ch.SelectorImpl.select(SelectorImpl.java:101)
        at org.apache.hadoop.ipc.Server$Listener.run(Server.java:1408)
"StaleRecoveringContainerScrubbingService#2" daemon prio=5 tid=963 in Object.wait()
java.lang.Thread.State: WAITING (on object monitor)
        at sun.misc.Unsafe.park(Native Method)
        at java.util.concurrent.locks.LockSupport.park(LockSupport.java:175)
        at java.util.concurrent.locks.AbstractQueuedSynchronizer$ConditionObject.await(AbstractQueuedSynchronizer.java:2039)
        at java.util.concurrent.ScheduledThreadPoolExecutor$DelayedWorkQueue.take(ScheduledThreadPoolExecutor.java:1088)
        at java.util.concurrent.ScheduledThreadPoolExecutor$DelayedWorkQueue.take(ScheduledThreadPoolExecutor.java:809)
        at java.util.concurrent.ThreadPoolExecutor.getTask(ThreadPoolExecutor.java:1074)
        at java.util.concurrent.ThreadPoolExecutor.runWorker(ThreadPoolExecutor.java:1134)
        at java.util.concurrent.ThreadPoolExecutor$Worker.run(ThreadPoolExecutor.java:624)
        at java.lang.Thread.run(Thread.java:750)
"qtp9916873-115" daemon prio=5 tid=115 timed_waiting
java.lang.Thread.State: TIMED_WAITING
        at sun.misc.Unsafe.park(Native Method)
        at java.util.concurrent.locks.LockSupport.parkNanos(LockSupport.java:215)
        at java.util.concurrent.locks.AbstractQueuedSynchronizer$ConditionObject.awaitNanos(AbstractQueuedSynchronizer.java:2078)
        at org.eclipse.jetty.util.BlockingArrayQueue.poll(BlockingArrayQueue.java:382)
        at org.eclipse.jetty.util.thread.QueuedThreadPool$Runner.idleJobPoll(QueuedThreadPool.java:974)
        at org.eclipse.jetty.util.thread.QueuedThreadPool$Runner.run(QueuedThreadPool.java:1018)
        at java.lang.Thread.run(Thread.java:750)
"ContainerOp-60c550eb-c91e-4f73-bcc1-53a4de1611ee-2"  prio=5 tid=475 in Object.wait()
java.lang.Thread.State: WAITING (on object monitor)
        at sun.misc.Unsafe.park(Native Method)
        at java.util.concurrent.locks.LockSupport.park(LockSupport.java:175)
        at java.util.concurrent.locks.AbstractQueuedSynchronizer$ConditionObject.await(AbstractQueuedSynchronizer.java:2039)
        at java.util.concurrent.LinkedBlockingQueue.take(LinkedBlockingQueue.java:442)
        at java.util.concurrent.ThreadPoolExecutor.getTask(ThreadPoolExecutor.java:1074)
        at java.util.concurrent.ThreadPoolExecutor.runWorker(ThreadPoolExecutor.java:1134)
        at java.util.concurrent.ThreadPoolExecutor$Worker.run(ThreadPoolExecutor.java:624)
        at java.lang.Thread.run(Thread.java:750)
"qtp536794778-159" daemon prio=5 tid=159 timed_waiting
java.lang.Thread.State: TIMED_WAITING
        at sun.misc.Unsafe.park(Native Method)
        at java.util.concurrent.locks.LockSupport.parkNanos(LockSupport.java:215)
        at java.util.concurrent.locks.AbstractQueuedSynchronizer$ConditionObject.awaitNanos(AbstractQueuedSynchronizer.java:2078)
        at org.eclipse.jetty.util.BlockingArrayQueue.poll(BlockingArrayQueue.java:382)
        at org.eclipse.jetty.util.thread.QueuedThreadPool$Runner.idleJobPoll(QueuedThreadPool.java:974)
        at org.eclipse.jetty.util.thread.QueuedThreadPool$Runner.run(QueuedThreadPool.java:1018)
        at java.lang.Thread.run(Thread.java:750)
"ContainerOp-60c550eb-c91e-4f73-bcc1-53a4de1611ee-4"  prio=5 tid=483 in Object.wait()
java.lang.Thread.State: WAITING (on object monitor)
        at sun.misc.Unsafe.park(Native Method)
        at java.util.concurrent.locks.LockSupport.park(LockSupport.java:175)
        at java.util.concurrent.locks.AbstractQueuedSynchronizer$ConditionObject.await(AbstractQueuedSynchronizer.java:2039)
        at java.util.concurrent.LinkedBlockingQueue.take(LinkedBlockingQueue.java:442)
        at java.util.concurrent.ThreadPoolExecutor.getTask(ThreadPoolExecutor.java:1074)
        at java.util.concurrent.ThreadPoolExecutor.runWorker(ThreadPoolExecutor.java:1134)
        at java.util.concurrent.ThreadPoolExecutor$Worker.run(ThreadPoolExecutor.java:624)
        at java.lang.Thread.run(Thread.java:750)
"KeyDeletingService#0" daemon prio=5 tid=147 timed_waiting
java.lang.Thread.State: TIMED_WAITING
        at sun.misc.Unsafe.park(Native Method)
        at java.util.concurrent.locks.LockSupport.parkNanos(LockSupport.java:215)
        at java.util.concurrent.locks.AbstractQueuedSynchronizer$ConditionObject.awaitNanos(AbstractQueuedSynchronizer.java:2078)
        at java.util.concurrent.ScheduledThreadPoolExecutor$DelayedWorkQueue.take(ScheduledThreadPoolExecutor.java:1093)
        at java.util.concurrent.ScheduledThreadPoolExecutor$DelayedWorkQueue.take(ScheduledThreadPoolExecutor.java:809)
        at java.util.concurrent.ThreadPoolExecutor.getTask(ThreadPoolExecutor.java:1074)
        at java.util.concurrent.ThreadPoolExecutor.runWorker(ThreadPoolExecutor.java:1134)
        at java.util.concurrent.ThreadPoolExecutor$Worker.run(ThreadPoolExecutor.java:624)
        at java.lang.Thread.run(Thread.java:750)
"pool-36-thread-1"  prio=5 tid=127 timed_waiting
java.lang.Thread.State: TIMED_WAITING
        at sun.misc.Unsafe.park(Native Method)
        at java.util.concurrent.locks.LockSupport.parkNanos(LockSupport.java:215)
        at java.util.concurrent.locks.AbstractQueuedSynchronizer$ConditionObject.awaitNanos(AbstractQueuedSynchronizer.java:2078)
        at java.util.concurrent.ScheduledThreadPoolExecutor$DelayedWorkQueue.take(ScheduledThreadPoolExecutor.java:1093)
        at java.util.concurrent.ScheduledThreadPoolExecutor$DelayedWorkQueue.take(ScheduledThreadPoolExecutor.java:809)
        at java.util.concurrent.ThreadPoolExecutor.getTask(ThreadPoolExecutor.java:1074)
        at java.util.concurrent.ThreadPoolExecutor.runWorker(ThreadPoolExecutor.java:1134)
        at java.util.concurrent.ThreadPoolExecutor$Worker.run(ThreadPoolExecutor.java:624)
        at java.lang.Thread.run(Thread.java:750)
"Datanode State Machine Task Thread - 1"  prio=5 tid=281 in Object.wait()
java.lang.Thread.State: WAITING (on object monitor)
        at sun.misc.Unsafe.park(Native Method)
        at java.util.concurrent.locks.LockSupport.park(LockSupport.java:175)
        at java.util.concurrent.locks.AbstractQueuedSynchronizer$ConditionObject.await(AbstractQueuedSynchronizer.java:2039)
        at java.util.concurrent.LinkedBlockingQueue.take(LinkedBlockingQueue.java:442)
        at java.util.concurrent.ThreadPoolExecutor.getTask(ThreadPoolExecutor.java:1074)
        at java.util.concurrent.ThreadPoolExecutor.runWorker(ThreadPoolExecutor.java:1134)
        at java.util.concurrent.ThreadPoolExecutor$Worker.run(ThreadPoolExecutor.java:624)
        at java.lang.Thread.run(Thread.java:750)
"IPC Server handler 4 on default port 15004" daemon prio=5 tid=166 timed_waiting
java.lang.Thread.State: TIMED_WAITING
        at sun.misc.Unsafe.park(Native Method)
        at java.util.concurrent.locks.LockSupport.parkNanos(LockSupport.java:215)
        at java.util.concurrent.locks.AbstractQueuedSynchronizer$ConditionObject.awaitNanos(AbstractQueuedSynchronizer.java:2078)
        at java.util.concurrent.LinkedBlockingQueue.poll(LinkedBlockingQueue.java:467)
        at org.apache.hadoop.ipc.CallQueueManager.take(CallQueueManager.java:317)
        at org.apache.hadoop.ipc.Server$Handler.run(Server.java:3014)
"IPC Server handler 16 on default port 15002" daemon prio=5 tid=105 timed_waiting
java.lang.Thread.State: TIMED_WAITING
        at sun.misc.Unsafe.park(Native Method)
        at java.util.concurrent.locks.LockSupport.parkNanos(LockSupport.java:215)
        at java.util.concurrent.locks.AbstractQueuedSynchronizer$ConditionObject.awaitNanos(AbstractQueuedSynchronizer.java:2078)
        at java.util.concurrent.LinkedBlockingQueue.poll(LinkedBlockingQueue.java:467)
        at org.apache.hadoop.ipc.CallQueueManager.take(CallQueueManager.java:317)
        at org.apache.hadoop.ipc.Server$Handler.run(Server.java:3014)
"IPC Server handler 0 on default port 15028" daemon prio=5 tid=272 timed_waiting
java.lang.Thread.State: TIMED_WAITING
        at sun.misc.Unsafe.park(Native Method)
        at java.util.concurrent.locks.LockSupport.parkNanos(LockSupport.java:215)
        at java.util.concurrent.locks.AbstractQueuedSynchronizer$ConditionObject.awaitNanos(AbstractQueuedSynchronizer.java:2078)
        at java.util.concurrent.LinkedBlockingQueue.poll(LinkedBlockingQueue.java:467)
        at org.apache.hadoop.ipc.CallQueueManager.take(CallQueueManager.java:317)
        at org.apache.hadoop.ipc.Server$Handler.run(Server.java:3014)
"org.apache.hadoop.ozone.container.common.statemachine.commandhandler.DeleteBlocksCommandHandler$DeleteCmdWorker@233352da" daemon prio=5 tid=222 timed_waiting
java.lang.Thread.State: TIMED_WAITING
        at java.lang.Thread.sleep(Native Method)
        at org.apache.hadoop.ozone.container.common.statemachine.commandhandler.DeleteBlocksCommandHandler$DeleteCmdWorker.run(DeleteBlocksCommandHandler.java:198)
        at java.lang.Thread.run(Thread.java:750)
"PartialTableCache Cleanup Thread - 0" daemon prio=5 tid=744 in Object.wait()
java.lang.Thread.State: WAITING (on object monitor)
        at sun.misc.Unsafe.park(Native Method)
        at java.util.concurrent.locks.LockSupport.park(LockSupport.java:175)
        at java.util.concurrent.locks.AbstractQueuedSynchronizer$ConditionObject.await(AbstractQueuedSynchronizer.java:2039)
        at java.util.concurrent.LinkedBlockingQueue.take(LinkedBlockingQueue.java:442)
        at java.util.concurrent.ThreadPoolExecutor.getTask(ThreadPoolExecutor.java:1074)
        at java.util.concurrent.ThreadPoolExecutor.runWorker(ThreadPoolExecutor.java:1134)
        at java.util.concurrent.ThreadPoolExecutor$Worker.run(ThreadPoolExecutor.java:624)
        at java.lang.Thread.run(Thread.java:750)
"qtp1113751147-225-acceptor-0@a29b26e-ServerConnector@10a2f485{HTTP/1.1, (http/1.1)}{0.0.0.0:15018}" daemon prio=3 tid=225 runnable
java.lang.Thread.State: RUNNABLE
        at sun.nio.ch.ServerSocketChannelImpl.accept0(Native Method)
        at sun.nio.ch.ServerSocketChannelImpl.accept(ServerSocketChannelImpl.java:421)
        at sun.nio.ch.ServerSocketChannelImpl.accept(ServerSocketChannelImpl.java:249)
        at org.eclipse.jetty.server.ServerConnector.accept(ServerConnector.java:388)
        at org.eclipse.jetty.server.AbstractConnector$Acceptor.run(AbstractConnector.java:704)
        at org.eclipse.jetty.util.thread.QueuedThreadPool.runJob(QueuedThreadPool.java:883)
        at org.eclipse.jetty.util.thread.QueuedThreadPool$Runner.run(QueuedThreadPool.java:1034)
        at java.lang.Thread.run(Thread.java:750)
"ContainerOp-d220e5b9-ae7c-41b7-8547-aa8e299d83d3-5"  prio=5 tid=527 in Object.wait()
java.lang.Thread.State: WAITING (on object monitor)
        at sun.misc.Unsafe.park(Native Method)
        at java.util.concurrent.locks.LockSupport.park(LockSupport.java:175)
        at java.util.concurrent.locks.AbstractQueuedSynchronizer$ConditionObject.await(AbstractQueuedSynchronizer.java:2039)
        at java.util.concurrent.LinkedBlockingQueue.take(LinkedBlockingQueue.java:442)
        at java.util.concurrent.ThreadPoolExecutor.getTask(ThreadPoolExecutor.java:1074)
        at java.util.concurrent.ThreadPoolExecutor.runWorker(ThreadPoolExecutor.java:1134)
        at java.util.concurrent.ThreadPoolExecutor$Worker.run(ThreadPoolExecutor.java:624)
        at java.lang.Thread.run(Thread.java:750)
"DatanodeAdminManager-0" daemon prio=5 tid=21 timed_waiting
java.lang.Thread.State: TIMED_WAITING
        at sun.misc.Unsafe.park(Native Method)
        at java.util.concurrent.locks.LockSupport.parkNanos(LockSupport.java:215)
        at java.util.concurrent.locks.AbstractQueuedSynchronizer$ConditionObject.awaitNanos(AbstractQueuedSynchronizer.java:2078)
        at java.util.concurrent.ScheduledThreadPoolExecutor$DelayedWorkQueue.take(ScheduledThreadPoolExecutor.java:1093)
        at java.util.concurrent.ScheduledThreadPoolExecutor$DelayedWorkQueue.take(ScheduledThreadPoolExecutor.java:809)
        at java.util.concurrent.ThreadPoolExecutor.getTask(ThreadPoolExecutor.java:1074)
        at java.util.concurrent.ThreadPoolExecutor.runWorker(ThreadPoolExecutor.java:1134)
        at java.util.concurrent.ThreadPoolExecutor$Worker.run(ThreadPoolExecutor.java:624)
        at java.lang.Thread.run(Thread.java:750)
"ContainerOp-60c550eb-c91e-4f73-bcc1-53a4de1611ee-7"  prio=5 tid=492 in Object.wait()
java.lang.Thread.State: WAITING (on object monitor)
        at sun.misc.Unsafe.park(Native Method)
        at java.util.concurrent.locks.LockSupport.park(LockSupport.java:175)
        at java.util.concurrent.locks.AbstractQueuedSynchronizer$ConditionObject.await(AbstractQueuedSynchronizer.java:2039)
        at java.util.concurrent.LinkedBlockingQueue.take(LinkedBlockingQueue.java:442)
        at java.util.concurrent.ThreadPoolExecutor.getTask(ThreadPoolExecutor.java:1074)
        at java.util.concurrent.ThreadPoolExecutor.runWorker(ThreadPoolExecutor.java:1134)
        at java.util.concurrent.ThreadPoolExecutor$Worker.run(ThreadPoolExecutor.java:624)
        at java.lang.Thread.run(Thread.java:750)
"PipelineCommandHandlerThread-0"  prio=5 tid=339 in Object.wait()
java.lang.Thread.State: WAITING (on object monitor)
        at sun.misc.Unsafe.park(Native Method)
        at java.util.concurrent.locks.LockSupport.park(LockSupport.java:175)
        at java.util.concurrent.locks.AbstractQueuedSynchronizer$ConditionObject.await(AbstractQueuedSynchronizer.java:2039)
        at java.util.concurrent.LinkedBlockingQueue.take(LinkedBlockingQueue.java:442)
        at java.util.concurrent.ThreadPoolExecutor.getTask(ThreadPoolExecutor.java:1074)
        at java.util.concurrent.ThreadPoolExecutor.runWorker(ThreadPoolExecutor.java:1134)
        at java.util.concurrent.ThreadPoolExecutor$Worker.run(ThreadPoolExecutor.java:624)
        at java.lang.Thread.run(Thread.java:750)
"IPC Server handler 14 on default port 15002" daemon prio=5 tid=103 timed_waiting
java.lang.Thread.State: TIMED_WAITING
        at sun.misc.Unsafe.park(Native Method)
        at java.util.concurrent.locks.LockSupport.parkNanos(LockSupport.java:215)
        at java.util.concurrent.locks.AbstractQueuedSynchronizer$ConditionObject.awaitNanos(AbstractQueuedSynchronizer.java:2078)
        at java.util.concurrent.LinkedBlockingQueue.poll(LinkedBlockingQueue.java:467)
        at org.apache.hadoop.ipc.CallQueueManager.take(CallQueueManager.java:317)
        at org.apache.hadoop.ipc.Server$Handler.run(Server.java:3014)
"Socket Reader #1 for port 15028"  prio=5 tid=268 runnable
java.lang.Thread.State: RUNNABLE
        at sun.nio.ch.EPollArrayWrapper.epollWait(Native Method)
        at sun.nio.ch.EPollArrayWrapper.poll(EPollArrayWrapper.java:269)
        at sun.nio.ch.EPollSelectorImpl.doSelect(EPollSelectorImpl.java:93)
        at sun.nio.ch.SelectorImpl.lockAndDoSelect(SelectorImpl.java:86)
        at sun.nio.ch.SelectorImpl.select(SelectorImpl.java:97)
        at sun.nio.ch.SelectorImpl.select(SelectorImpl.java:101)
        at org.apache.hadoop.ipc.Server$Listener$Reader.doRunLoop(Server.java:1346)
        at org.apache.hadoop.ipc.Server$Listener$Reader.run(Server.java:1325)
"IPC Server handler 3 on default port 15001" daemon prio=5 tid=72 timed_waiting
java.lang.Thread.State: TIMED_WAITING
        at sun.misc.Unsafe.park(Native Method)
        at java.util.concurrent.locks.LockSupport.parkNanos(LockSupport.java:215)
        at java.util.concurrent.locks.AbstractQueuedSynchronizer$ConditionObject.awaitNanos(AbstractQueuedSynchronizer.java:2078)
        at java.util.concurrent.LinkedBlockingQueue.poll(LinkedBlockingQueue.java:467)
        at org.apache.hadoop.ipc.CallQueueManager.take(CallQueueManager.java:317)
        at org.apache.hadoop.ipc.Server$Handler.run(Server.java:3014)
"EndpointStateMachine task thread for /0.0.0.0:15002 - 0 "  prio=5 tid=308 in Object.wait()
java.lang.Thread.State: WAITING (on object monitor)
        at sun.misc.Unsafe.park(Native Method)
        at java.util.concurrent.locks.LockSupport.park(LockSupport.java:175)
        at java.util.concurrent.locks.AbstractQueuedSynchronizer$ConditionObject.await(AbstractQueuedSynchronizer.java:2039)
        at java.util.concurrent.LinkedBlockingQueue.take(LinkedBlockingQueue.java:442)
        at java.util.concurrent.ThreadPoolExecutor.getTask(ThreadPoolExecutor.java:1074)
        at java.util.concurrent.ThreadPoolExecutor.runWorker(ThreadPoolExecutor.java:1134)
        at java.util.concurrent.ThreadPoolExecutor$Worker.run(ThreadPoolExecutor.java:624)
        at java.lang.Thread.run(Thread.java:750)
"qtp51632319-198" daemon prio=5 tid=198 timed_waiting
java.lang.Thread.State: TIMED_WAITING
        at sun.misc.Unsafe.park(Native Method)
        at java.util.concurrent.locks.LockSupport.parkNanos(LockSupport.java:215)
        at java.util.concurrent.locks.AbstractQueuedSynchronizer$ConditionObject.awaitNanos(AbstractQueuedSynchronizer.java:2078)
        at org.eclipse.jetty.util.BlockingArrayQueue.poll(BlockingArrayQueue.java:382)
        at org.eclipse.jetty.util.thread.QueuedThreadPool$Runner.idleJobPoll(QueuedThreadPool.java:974)
        at org.eclipse.jetty.util.thread.QueuedThreadPool$Runner.run(QueuedThreadPool.java:1018)
        at java.lang.Thread.run(Thread.java:750)
"IPC Server handler 13 on default port 15004" daemon prio=5 tid=175 timed_waiting
java.lang.Thread.State: TIMED_WAITING
        at sun.misc.Unsafe.park(Native Method)
        at java.util.concurrent.locks.LockSupport.parkNanos(LockSupport.java:215)
        at java.util.concurrent.locks.AbstractQueuedSynchronizer$ConditionObject.awaitNanos(AbstractQueuedSynchronizer.java:2078)
        at java.util.concurrent.LinkedBlockingQueue.poll(LinkedBlockingQueue.java:467)
        at org.apache.hadoop.ipc.CallQueueManager.take(CallQueueManager.java:317)
        at org.apache.hadoop.ipc.Server$Handler.run(Server.java:3014)
"pool-94-thread-1" daemon prio=5 tid=217 timed_waiting
java.lang.Thread.State: TIMED_WAITING
        at sun.misc.Unsafe.park(Native Method)
        at java.util.concurrent.locks.LockSupport.parkNanos(LockSupport.java:215)
        at java.util.concurrent.locks.AbstractQueuedSynchronizer$ConditionObject.awaitNanos(AbstractQueuedSynchronizer.java:2078)
        at java.util.concurrent.ScheduledThreadPoolExecutor$DelayedWorkQueue.take(ScheduledThreadPoolExecutor.java:1093)
        at java.util.concurrent.ScheduledThreadPoolExecutor$DelayedWorkQueue.take(ScheduledThreadPoolExecutor.java:809)
        at java.util.concurrent.ThreadPoolExecutor.getTask(ThreadPoolExecutor.java:1074)
        at java.util.concurrent.ThreadPoolExecutor.runWorker(ThreadPoolExecutor.java:1134)
        at java.util.concurrent.ThreadPoolExecutor$Worker.run(ThreadPoolExecutor.java:624)
        at java.lang.Thread.run(Thread.java:750)
"ContainerOp-60c550eb-c91e-4f73-bcc1-53a4de1611ee-6"  prio=5 tid=488 in Object.wait()
java.lang.Thread.State: WAITING (on object monitor)
        at sun.misc.Unsafe.park(Native Method)
        at java.util.concurrent.locks.LockSupport.park(LockSupport.java:175)
        at java.util.concurrent.locks.AbstractQueuedSynchronizer$ConditionObject.await(AbstractQueuedSynchronizer.java:2039)
        at java.util.concurrent.LinkedBlockingQueue.take(LinkedBlockingQueue.java:442)
        at java.util.concurrent.ThreadPoolExecutor.getTask(ThreadPoolExecutor.java:1074)
        at java.util.concurrent.ThreadPoolExecutor.runWorker(ThreadPoolExecutor.java:1134)
        at java.util.concurrent.ThreadPoolExecutor$Worker.run(ThreadPoolExecutor.java:624)
        at java.lang.Thread.run(Thread.java:750)
"om1@group-C5BA1605619E-StateMachineUpdater" daemon prio=5 tid=143 timed_waiting
java.lang.Thread.State: TIMED_WAITING
        at sun.misc.Unsafe.park(Native Method)
        at java.util.concurrent.locks.LockSupport.parkNanos(LockSupport.java:215)
        at java.util.concurrent.locks.AbstractQueuedSynchronizer$ConditionObject.await(AbstractQueuedSynchronizer.java:2163)
        at org.apache.ratis.util.AwaitForSignal.await(AwaitForSignal.java:62)
        at org.apache.ratis.server.impl.StateMachineUpdater.waitForCommit(StateMachineUpdater.java:209)
        at org.apache.ratis.server.impl.StateMachineUpdater.run(StateMachineUpdater.java:178)
        at java.lang.Thread.run(Thread.java:750)
"IPC Server handler 10 on default port 15000" daemon prio=5 tid=59 timed_waiting
java.lang.Thread.State: TIMED_WAITING
        at sun.misc.Unsafe.park(Native Method)
        at java.util.concurrent.locks.LockSupport.parkNanos(LockSupport.java:215)
        at java.util.concurrent.locks.AbstractQueuedSynchronizer$ConditionObject.awaitNanos(AbstractQueuedSynchronizer.java:2078)
        at java.util.concurrent.LinkedBlockingQueue.poll(LinkedBlockingQueue.java:467)
        at org.apache.hadoop.ipc.CallQueueManager.take(CallQueueManager.java:317)
        at org.apache.hadoop.ipc.Server$Handler.run(Server.java:3014)
"Datanode ReportManager Thread - 1" daemon prio=5 tid=242 in Object.wait()
java.lang.Thread.State: WAITING (on object monitor)
        at sun.misc.Unsafe.park(Native Method)
        at java.util.concurrent.locks.LockSupport.park(LockSupport.java:175)
        at java.util.concurrent.locks.AbstractQueuedSynchronizer$ConditionObject.await(AbstractQueuedSynchronizer.java:2039)
        at java.util.concurrent.ScheduledThreadPoolExecutor$DelayedWorkQueue.take(ScheduledThreadPoolExecutor.java:1088)
        at java.util.concurrent.ScheduledThreadPoolExecutor$DelayedWorkQueue.take(ScheduledThreadPoolExecutor.java:809)
        at java.util.concurrent.ThreadPoolExecutor.getTask(ThreadPoolExecutor.java:1074)
        at java.util.concurrent.ThreadPoolExecutor.runWorker(ThreadPoolExecutor.java:1134)
        at java.util.concurrent.ThreadPoolExecutor$Worker.run(ThreadPoolExecutor.java:624)
        at java.lang.Thread.run(Thread.java:750)
"JvmPauseMonitor1" daemon prio=5 tid=145 timed_waiting
java.lang.Thread.State: TIMED_WAITING
        at java.lang.Thread.sleep(Native Method)
        at java.lang.Thread.sleep(Thread.java:342)
        at java.util.concurrent.TimeUnit.sleep(TimeUnit.java:386)
        at org.apache.ratis.util.TimeDuration.sleep(TimeDuration.java:325)
        at org.apache.ratis.util.TimeDuration.sleep(TimeDuration.java:310)
        at org.apache.ratis.util.JvmPauseMonitor.detectPause(JvmPauseMonitor.java:117)
        at org.apache.ratis.util.JvmPauseMonitor.run(JvmPauseMonitor.java:106)
        at org.apache.ratis.util.JvmPauseMonitor$$Lambda$490/1163480574.run(Unknown Source)
        at java.lang.Thread.run(Thread.java:750)
"IPC Server listener on 15002" daemon prio=5 tid=23 runnable
java.lang.Thread.State: RUNNABLE
        at sun.nio.ch.EPollArrayWrapper.epollWait(Native Method)
        at sun.nio.ch.EPollArrayWrapper.poll(EPollArrayWrapper.java:269)
        at sun.nio.ch.EPollSelectorImpl.doSelect(EPollSelectorImpl.java:93)
        at sun.nio.ch.SelectorImpl.lockAndDoSelect(SelectorImpl.java:86)
        at sun.nio.ch.SelectorImpl.select(SelectorImpl.java:97)
        at sun.nio.ch.SelectorImpl.select(SelectorImpl.java:101)
        at org.apache.hadoop.ipc.Server$Listener.run(Server.java:1408)
"qtp51632319-197" daemon prio=5 tid=197 timed_waiting
java.lang.Thread.State: TIMED_WAITING
        at sun.misc.Unsafe.park(Native Method)
        at java.util.concurrent.locks.LockSupport.parkNanos(LockSupport.java:215)
        at java.util.concurrent.locks.AbstractQueuedSynchronizer$ConditionObject.awaitNanos(AbstractQueuedSynchronizer.java:2078)
        at org.eclipse.jetty.util.BlockingArrayQueue.poll(BlockingArrayQueue.java:382)
        at org.eclipse.jetty.util.thread.QueuedThreadPool$Runner.idleJobPoll(QueuedThreadPool.java:974)
        at org.eclipse.jetty.util.thread.QueuedThreadPool$Runner.run(QueuedThreadPool.java:1018)
        at java.lang.Thread.run(Thread.java:750)
"grpc-default-worker-ELG-3-2" daemon prio=5 tid=338 runnable
java.lang.Thread.State: RUNNABLE
        at org.apache.ratis.thirdparty.io.netty.channel.epoll.Native.epollWait0(Native Method)
        at org.apache.ratis.thirdparty.io.netty.channel.epoll.Native.epollWait(Native.java:182)
        at org.apache.ratis.thirdparty.io.netty.channel.epoll.EpollEventLoop.epollWait(EpollEventLoop.java:302)
        at org.apache.ratis.thirdparty.io.netty.channel.epoll.EpollEventLoop.run(EpollEventLoop.java:366)
        at org.apache.ratis.thirdparty.io.netty.util.concurrent.SingleThreadEventExecutor$4.run(SingleThreadEventExecutor.java:997)
        at org.apache.ratis.thirdparty.io.netty.util.internal.ThreadExecutorMap$2.run(ThreadExecutorMap.java:74)
        at org.apache.ratis.thirdparty.io.netty.util.concurrent.FastThreadLocalRunnable.run(FastThreadLocalRunnable.java:30)
        at java.lang.Thread.run(Thread.java:750)
"IPC Server Responder" daemon prio=5 tid=36 runnable
java.lang.Thread.State: RUNNABLE
        at sun.nio.ch.EPollArrayWrapper.epollWait(Native Method)
        at sun.nio.ch.EPollArrayWrapper.poll(EPollArrayWrapper.java:269)
        at sun.nio.ch.EPollSelectorImpl.doSelect(EPollSelectorImpl.java:93)
        at sun.nio.ch.SelectorImpl.lockAndDoSelect(SelectorImpl.java:86)
        at sun.nio.ch.SelectorImpl.select(SelectorImpl.java:97)
        at org.apache.hadoop.ipc.Server$Responder.doRunLoop(Server.java:1582)
        at org.apache.hadoop.ipc.Server$Responder.run(Server.java:1565)
"IPC Server handler 2 on default port 15002" daemon prio=5 tid=91 timed_waiting
java.lang.Thread.State: TIMED_WAITING
        at sun.misc.Unsafe.park(Native Method)
        at java.util.concurrent.locks.LockSupport.parkNanos(LockSupport.java:215)
        at java.util.concurrent.locks.AbstractQueuedSynchronizer$ConditionObject.awaitNanos(AbstractQueuedSynchronizer.java:2078)
        at java.util.concurrent.LinkedBlockingQueue.poll(LinkedBlockingQueue.java:467)
        at org.apache.hadoop.ipc.CallQueueManager.take(CallQueueManager.java:317)
        at org.apache.hadoop.ipc.Server$Handler.run(Server.java:3014)
"qtp38442393-263" daemon prio=5 tid=263 timed_waiting
java.lang.Thread.State: TIMED_WAITING
        at sun.misc.Unsafe.park(Native Method)
        at java.util.concurrent.locks.LockSupport.parkNanos(LockSupport.java:215)
        at java.util.concurrent.locks.AbstractQueuedSynchronizer$ConditionObject.awaitNanos(AbstractQueuedSynchronizer.java:2078)
        at org.eclipse.jetty.util.BlockingArrayQueue.poll(BlockingArrayQueue.java:382)
        at org.eclipse.jetty.util.thread.QueuedThreadPool$Runner.idleJobPoll(QueuedThreadPool.java:974)
        at org.eclipse.jetty.util.thread.QueuedThreadPool$Runner.run(QueuedThreadPool.java:1018)
        at java.lang.Thread.run(Thread.java:750)
"IPC Server handler 0 on default port 15010" daemon prio=5 tid=205 timed_waiting
java.lang.Thread.State: TIMED_WAITING
        at sun.misc.Unsafe.park(Native Method)
        at java.util.concurrent.locks.LockSupport.parkNanos(LockSupport.java:215)
        at java.util.concurrent.locks.AbstractQueuedSynchronizer$ConditionObject.awaitNanos(AbstractQueuedSynchronizer.java:2078)
        at java.util.concurrent.LinkedBlockingQueue.poll(LinkedBlockingQueue.java:467)
        at org.apache.hadoop.ipc.CallQueueManager.take(CallQueueManager.java:317)
        at org.apache.hadoop.ipc.Server$Handler.run(Server.java:3014)
"FixedThreadPoolWithAffinityExecutor-4-0" daemon prio=5 tid=42 timed_waiting
java.lang.Thread.State: TIMED_WAITING
        at sun.misc.Unsafe.park(Native Method)
        at java.util.concurrent.locks.LockSupport.parkNanos(LockSupport.java:215)
        at java.util.concurrent.locks.AbstractQueuedSynchronizer$ConditionObject.awaitNanos(AbstractQueuedSynchronizer.java:2078)
        at java.util.concurrent.LinkedBlockingQueue.poll(LinkedBlockingQueue.java:467)
        at org.apache.hadoop.hdds.scm.server.ContainerReportQueue.poll(ContainerReportQueue.java:266)
        at org.apache.hadoop.hdds.scm.server.ContainerReportQueue.poll(ContainerReportQueue.java:42)
        at org.apache.hadoop.hdds.server.events.FixedThreadPoolWithAffinityExecutor$ContainerReportProcessTask.run(FixedThreadPoolWithAffinityExecutor.java:247)
        at java.util.concurrent.Executors$RunnableAdapter.call(Executors.java:511)
        at java.util.concurrent.FutureTask.run(FutureTask.java:266)
        at java.util.concurrent.ThreadPoolExecutor.runWorker(ThreadPoolExecutor.java:1149)
        at java.util.concurrent.ThreadPoolExecutor$Worker.run(ThreadPoolExecutor.java:624)
        at java.lang.Thread.run(Thread.java:750)
"ContainerOp-d220e5b9-ae7c-41b7-8547-aa8e299d83d3-3"  prio=5 tid=519 in Object.wait()
java.lang.Thread.State: WAITING (on object monitor)
        at sun.misc.Unsafe.park(Native Method)
        at java.util.concurrent.locks.LockSupport.park(LockSupport.java:175)
        at java.util.concurrent.locks.AbstractQueuedSynchronizer$ConditionObject.await(AbstractQueuedSynchronizer.java:2039)
        at java.util.concurrent.LinkedBlockingQueue.take(LinkedBlockingQueue.java:442)
        at java.util.concurrent.ThreadPoolExecutor.getTask(ThreadPoolExecutor.java:1074)
        at java.util.concurrent.ThreadPoolExecutor.runWorker(ThreadPoolExecutor.java:1134)
        at java.util.concurrent.ThreadPoolExecutor$Worker.run(ThreadPoolExecutor.java:624)
        at java.lang.Thread.run(Thread.java:750)
"ContainerOp-60c550eb-c91e-4f73-bcc1-53a4de1611ee-4"  prio=5 tid=486 in Object.wait()
java.lang.Thread.State: WAITING (on object monitor)
        at sun.misc.Unsafe.park(Native Method)
        at java.util.concurrent.locks.LockSupport.park(LockSupport.java:175)
        at java.util.concurrent.locks.AbstractQueuedSynchronizer$ConditionObject.await(AbstractQueuedSynchronizer.java:2039)
        at java.util.concurrent.LinkedBlockingQueue.take(LinkedBlockingQueue.java:442)
        at java.util.concurrent.ThreadPoolExecutor.getTask(ThreadPoolExecutor.java:1074)
        at java.util.concurrent.ThreadPoolExecutor.runWorker(ThreadPoolExecutor.java:1134)
        at java.util.concurrent.ThreadPoolExecutor$Worker.run(ThreadPoolExecutor.java:624)
        at java.lang.Thread.run(Thread.java:750)
"JvmPauseMonitor2" daemon prio=5 tid=289 timed_waiting
java.lang.Thread.State: TIMED_WAITING
        at java.lang.Thread.sleep(Native Method)
        at java.lang.Thread.sleep(Thread.java:342)
        at java.util.concurrent.TimeUnit.sleep(TimeUnit.java:386)
        at org.apache.ratis.util.TimeDuration.sleep(TimeDuration.java:325)
        at org.apache.ratis.util.TimeDuration.sleep(TimeDuration.java:310)
        at org.apache.ratis.util.JvmPauseMonitor.detectPause(JvmPauseMonitor.java:117)
        at org.apache.ratis.util.JvmPauseMonitor.run(JvmPauseMonitor.java:106)
        at org.apache.ratis.util.JvmPauseMonitor$$Lambda$490/1163480574.run(Unknown Source)
        at java.lang.Thread.run(Thread.java:750)
"IPC Server Responder" daemon prio=5 tid=203 runnable
java.lang.Thread.State: RUNNABLE
        at sun.nio.ch.EPollArrayWrapper.epollWait(Native Method)
        at sun.nio.ch.EPollArrayWrapper.poll(EPollArrayWrapper.java:269)
        at sun.nio.ch.EPollSelectorImpl.doSelect(EPollSelectorImpl.java:93)
        at sun.nio.ch.SelectorImpl.lockAndDoSelect(SelectorImpl.java:86)
        at sun.nio.ch.SelectorImpl.select(SelectorImpl.java:97)
        at org.apache.hadoop.ipc.Server$Responder.doRunLoop(Server.java:1582)
        at org.apache.hadoop.ipc.Server$Responder.run(Server.java:1565)
"IPC Server idle connection scanner for port 15004" daemon prio=5 tid=137 timed_waiting
java.lang.Thread.State: TIMED_WAITING
        at java.lang.Object.wait(Native Method)
        at java.util.TimerThread.mainLoop(Timer.java:552)
        at java.util.TimerThread.run(Timer.java:505)
"d2cb3656-736c-45ed-9177-765defc8baa4@group-53A4DE1611EE-StateMachineUpdater" daemon prio=5 tid=389 timed_waiting
java.lang.Thread.State: TIMED_WAITING
        at sun.misc.Unsafe.park(Native Method)
        at java.util.concurrent.locks.LockSupport.parkNanos(LockSupport.java:215)
        at java.util.concurrent.locks.AbstractQueuedSynchronizer$ConditionObject.await(AbstractQueuedSynchronizer.java:2163)
        at org.apache.ratis.util.AwaitForSignal.await(AwaitForSignal.java:62)
        at org.apache.ratis.server.impl.StateMachineUpdater.waitForCommit(StateMachineUpdater.java:209)
        at org.apache.ratis.server.impl.StateMachineUpdater.run(StateMachineUpdater.java:178)
        at java.lang.Thread.run(Thread.java:750)
"d2cb3656-736c-45ed-9177-765defc8baa4@group-AA8E299D83D3-StateMachineUpdater" daemon prio=5 tid=347 timed_waiting
java.lang.Thread.State: TIMED_WAITING
        at sun.misc.Unsafe.park(Native Method)
        at java.util.concurrent.locks.LockSupport.parkNanos(LockSupport.java:215)
        at java.util.concurrent.locks.AbstractQueuedSynchronizer$ConditionObject.await(AbstractQueuedSynchronizer.java:2163)
        at org.apache.ratis.util.AwaitForSignal.await(AwaitForSignal.java:62)
        at org.apache.ratis.server.impl.StateMachineUpdater.waitForCommit(StateMachineUpdater.java:209)
        at org.apache.ratis.server.impl.StateMachineUpdater.run(StateMachineUpdater.java:178)
        at java.lang.Thread.run(Thread.java:750)
"PipelineCommandHandlerThread-0"  prio=5 tid=327 in Object.wait()
java.lang.Thread.State: WAITING (on object monitor)
        at sun.misc.Unsafe.park(Native Method)
        at java.util.concurrent.locks.LockSupport.park(LockSupport.java:175)
        at java.util.concurrent.locks.AbstractQueuedSynchronizer$ConditionObject.await(AbstractQueuedSynchronizer.java:2039)
        at java.util.concurrent.LinkedBlockingQueue.take(LinkedBlockingQueue.java:442)
        at java.util.concurrent.ThreadPoolExecutor.getTask(ThreadPoolExecutor.java:1074)
        at java.util.concurrent.ThreadPoolExecutor.runWorker(ThreadPoolExecutor.java:1134)
        at java.util.concurrent.ThreadPoolExecutor$Worker.run(ThreadPoolExecutor.java:624)
        at java.lang.Thread.run(Thread.java:750)
"48be0ea8-46a6-4e80-b936-879c72e065d6-server-thread3" daemon prio=5 tid=427 timed_waiting
java.lang.Thread.State: TIMED_WAITING
        at sun.misc.Unsafe.park(Native Method)
        at java.util.concurrent.locks.LockSupport.parkNanos(LockSupport.java:215)
        at java.util.concurrent.SynchronousQueue$TransferStack.awaitFulfill(SynchronousQueue.java:460)
        at java.util.concurrent.SynchronousQueue$TransferStack.transfer(SynchronousQueue.java:362)
        at java.util.concurrent.SynchronousQueue.poll(SynchronousQueue.java:941)
        at java.util.concurrent.ThreadPoolExecutor.getTask(ThreadPoolExecutor.java:1073)
        at java.util.concurrent.ThreadPoolExecutor.runWorker(ThreadPoolExecutor.java:1134)
        at java.util.concurrent.ThreadPoolExecutor$Worker.run(ThreadPoolExecutor.java:624)
        at java.lang.Thread.run(Thread.java:750)
"IPC Server handler 9 on default port 15004" daemon prio=5 tid=171 timed_waiting
java.lang.Thread.State: TIMED_WAITING
        at sun.misc.Unsafe.park(Native Method)
        at java.util.concurrent.locks.LockSupport.parkNanos(LockSupport.java:215)
        at java.util.concurrent.locks.AbstractQueuedSynchronizer$ConditionObject.awaitNanos(AbstractQueuedSynchronizer.java:2078)
        at java.util.concurrent.LinkedBlockingQueue.poll(LinkedBlockingQueue.java:467)
        at org.apache.hadoop.ipc.CallQueueManager.take(CallQueueManager.java:317)
        at org.apache.hadoop.ipc.Server$Handler.run(Server.java:3014)
"ContainerOp-d220e5b9-ae7c-41b7-8547-aa8e299d83d3-2"  prio=5 tid=515 in Object.wait()
java.lang.Thread.State: WAITING (on object monitor)
        at sun.misc.Unsafe.park(Native Method)
        at java.util.concurrent.locks.LockSupport.park(LockSupport.java:175)
        at java.util.concurrent.locks.AbstractQueuedSynchronizer$ConditionObject.await(AbstractQueuedSynchronizer.java:2039)
        at java.util.concurrent.LinkedBlockingQueue.take(LinkedBlockingQueue.java:442)
        at java.util.concurrent.ThreadPoolExecutor.getTask(ThreadPoolExecutor.java:1074)
        at java.util.concurrent.ThreadPoolExecutor.runWorker(ThreadPoolExecutor.java:1134)
        at java.util.concurrent.ThreadPoolExecutor$Worker.run(ThreadPoolExecutor.java:624)
        at java.lang.Thread.run(Thread.java:750)
"qtp51632319-191" daemon prio=5 tid=191 runnable
java.lang.Thread.State: RUNNABLE
        at sun.nio.ch.EPollArrayWrapper.epollWait(Native Method)
        at sun.nio.ch.EPollArrayWrapper.poll(EPollArrayWrapper.java:269)
        at sun.nio.ch.EPollSelectorImpl.doSelect(EPollSelectorImpl.java:93)
        at sun.nio.ch.SelectorImpl.lockAndDoSelect(SelectorImpl.java:86)
        at sun.nio.ch.SelectorImpl.select(SelectorImpl.java:97)
        at sun.nio.ch.SelectorImpl.select(SelectorImpl.java:101)
        at org.eclipse.jetty.io.ManagedSelector.nioSelect(ManagedSelector.java:183)
        at org.eclipse.jetty.io.ManagedSelector.select(ManagedSelector.java:190)
        at org.eclipse.jetty.io.ManagedSelector$SelectorProducer.select(ManagedSelector.java:606)
        at org.eclipse.jetty.io.ManagedSelector$SelectorProducer.produce(ManagedSelector.java:543)
        at org.eclipse.jetty.util.thread.strategy.EatWhatYouKill.produceTask(EatWhatYouKill.java:362)
        at org.eclipse.jetty.util.thread.strategy.EatWhatYouKill.doProduce(EatWhatYouKill.java:186)
        at org.eclipse.jetty.util.thread.strategy.EatWhatYouKill.tryProduce(EatWhatYouKill.java:173)
        at org.eclipse.jetty.util.thread.strategy.EatWhatYouKill.produce(EatWhatYouKill.java:137)
        at org.eclipse.jetty.io.ManagedSelector$$Lambda$523/2133676028.run(Unknown Source)
        at org.eclipse.jetty.util.thread.QueuedThreadPool.runJob(QueuedThreadPool.java:883)
        at org.eclipse.jetty.util.thread.QueuedThreadPool$Runner.run(QueuedThreadPool.java:1034)
        at java.lang.Thread.run(Thread.java:750)
"IPC Server handler 2 on default port 15001" daemon prio=5 tid=71 timed_waiting
java.lang.Thread.State: TIMED_WAITING
        at sun.misc.Unsafe.park(Native Method)
        at java.util.concurrent.locks.LockSupport.parkNanos(LockSupport.java:215)
        at java.util.concurrent.locks.AbstractQueuedSynchronizer$ConditionObject.awaitNanos(AbstractQueuedSynchronizer.java:2078)
        at java.util.concurrent.LinkedBlockingQueue.poll(LinkedBlockingQueue.java:467)
        at org.apache.hadoop.ipc.CallQueueManager.take(CallQueueManager.java:317)
        at org.apache.hadoop.ipc.Server$Handler.run(Server.java:3014)
"qtp536794778-155-acceptor-0@84abba8-ServerConnector@6e92e40a{HTTP/1.1, (http/1.1)}{0.0.0.0:15005}" daemon prio=3 tid=155 runnable
java.lang.Thread.State: RUNNABLE
        at sun.nio.ch.ServerSocketChannelImpl.accept0(Native Method)
        at sun.nio.ch.ServerSocketChannelImpl.accept(ServerSocketChannelImpl.java:421)
        at sun.nio.ch.ServerSocketChannelImpl.accept(ServerSocketChannelImpl.java:249)
        at org.eclipse.jetty.server.ServerConnector.accept(ServerConnector.java:388)
        at org.eclipse.jetty.server.AbstractConnector$Acceptor.run(AbstractConnector.java:704)
        at org.eclipse.jetty.util.thread.QueuedThreadPool.runJob(QueuedThreadPool.java:883)
        at org.eclipse.jetty.util.thread.QueuedThreadPool$Runner.run(QueuedThreadPool.java:1034)
        at java.lang.Thread.run(Thread.java:750)
"IPC Server handler 8 on default port 15002" daemon prio=5 tid=97 timed_waiting
java.lang.Thread.State: TIMED_WAITING
        at sun.misc.Unsafe.park(Native Method)
        at java.util.concurrent.locks.LockSupport.parkNanos(LockSupport.java:215)
        at java.util.concurrent.locks.AbstractQueuedSynchronizer$ConditionObject.awaitNanos(AbstractQueuedSynchronizer.java:2078)
        at java.util.concurrent.LinkedBlockingQueue.poll(LinkedBlockingQueue.java:467)
        at org.apache.hadoop.ipc.CallQueueManager.take(CallQueueManager.java:317)
        at org.apache.hadoop.ipc.Server$Handler.run(Server.java:3014)
"qtp51632319-192-acceptor-0@8ea458c-ServerConnector@6f8922c0{HTTP/1.1, (http/1.1)}{0.0.0.0:15009}" daemon prio=3 tid=192 runnable
java.lang.Thread.State: RUNNABLE
        at sun.nio.ch.ServerSocketChannelImpl.accept0(Native Method)
        at sun.nio.ch.ServerSocketChannelImpl.accept(ServerSocketChannelImpl.java:421)
        at sun.nio.ch.ServerSocketChannelImpl.accept(ServerSocketChannelImpl.java:249)
        at org.eclipse.jetty.server.ServerConnector.accept(ServerConnector.java:388)
        at org.eclipse.jetty.server.AbstractConnector$Acceptor.run(AbstractConnector.java:704)
        at org.eclipse.jetty.util.thread.QueuedThreadPool.runJob(QueuedThreadPool.java:883)
        at org.eclipse.jetty.util.thread.QueuedThreadPool$Runner.run(QueuedThreadPool.java:1034)
        at java.lang.Thread.run(Thread.java:750)
"ContainerOp-60c550eb-c91e-4f73-bcc1-53a4de1611ee-5"  prio=5 tid=482 in Object.wait()
java.lang.Thread.State: WAITING (on object monitor)
        at sun.misc.Unsafe.park(Native Method)
        at java.util.concurrent.locks.LockSupport.park(LockSupport.java:175)
        at java.util.concurrent.locks.AbstractQueuedSynchronizer$ConditionObject.await(AbstractQueuedSynchronizer.java:2039)
        at java.util.concurrent.LinkedBlockingQueue.take(LinkedBlockingQueue.java:442)
        at java.util.concurrent.ThreadPoolExecutor.getTask(ThreadPoolExecutor.java:1074)
        at java.util.concurrent.ThreadPoolExecutor.runWorker(ThreadPoolExecutor.java:1134)
        at java.util.concurrent.ThreadPoolExecutor$Worker.run(ThreadPoolExecutor.java:624)
        at java.lang.Thread.run(Thread.java:750)
"IPC Server idle connection scanner for port 15010" daemon prio=5 tid=202 timed_waiting
java.lang.Thread.State: TIMED_WAITING
        at java.lang.Object.wait(Native Method)
        at java.util.TimerThread.mainLoop(Timer.java:552)
        at java.util.TimerThread.run(Timer.java:505)
"qtp536794778-160" daemon prio=5 tid=160 timed_waiting
java.lang.Thread.State: TIMED_WAITING
        at sun.misc.Unsafe.park(Native Method)
        at java.util.concurrent.locks.LockSupport.parkNanos(LockSupport.java:215)
        at java.util.concurrent.locks.AbstractQueuedSynchronizer$ConditionObject.awaitNanos(AbstractQueuedSynchronizer.java:2078)
        at org.eclipse.jetty.util.BlockingArrayQueue.poll(BlockingArrayQueue.java:382)
        at org.eclipse.jetty.util.thread.QueuedThreadPool$Runner.idleJobPoll(QueuedThreadPool.java:974)
        at org.eclipse.jetty.util.thread.QueuedThreadPool$Runner.run(QueuedThreadPool.java:1018)
        at java.lang.Thread.run(Thread.java:750)
"qtp536794778-154" daemon prio=5 tid=154 timed_waiting
java.lang.Thread.State: TIMED_WAITING
        at sun.misc.Unsafe.park(Native Method)
        at java.util.concurrent.locks.LockSupport.parkNanos(LockSupport.java:215)
        at java.util.concurrent.locks.AbstractQueuedSynchronizer$ConditionObject.awaitNanos(AbstractQueuedSynchronizer.java:2078)
        at org.eclipse.jetty.util.BlockingArrayQueue.poll(BlockingArrayQueue.java:382)
        at org.eclipse.jetty.util.thread.QueuedThreadPool$Runner.idleJobPoll(QueuedThreadPool.java:974)
        at org.eclipse.jetty.util.thread.QueuedThreadPool$Runner.run(QueuedThreadPool.java:1018)
        at java.lang.Thread.run(Thread.java:750)
"BlockDeletingService#1" daemon prio=5 tid=306 in Object.wait()
java.lang.Thread.State: WAITING (on object monitor)
        at sun.misc.Unsafe.park(Native Method)
        at java.util.concurrent.locks.LockSupport.park(LockSupport.java:175)
        at java.util.concurrent.locks.AbstractQueuedSynchronizer$ConditionObject.await(AbstractQueuedSynchronizer.java:2039)
        at java.util.concurrent.ScheduledThreadPoolExecutor$DelayedWorkQueue.take(ScheduledThreadPoolExecutor.java:1088)
        at java.util.concurrent.ScheduledThreadPoolExecutor$DelayedWorkQueue.take(ScheduledThreadPoolExecutor.java:809)
        at java.util.concurrent.ThreadPoolExecutor.getTask(ThreadPoolExecutor.java:1074)
        at java.util.concurrent.ThreadPoolExecutor.runWorker(ThreadPoolExecutor.java:1134)
        at java.util.concurrent.ThreadPoolExecutor$Worker.run(ThreadPoolExecutor.java:624)
        at java.lang.Thread.run(Thread.java:750)
"IPC Server handler 9 on default port 15002" daemon prio=5 tid=98 timed_waiting
java.lang.Thread.State: TIMED_WAITING
        at sun.misc.Unsafe.park(Native Method)
        at java.util.concurrent.locks.LockSupport.parkNanos(LockSupport.java:215)
        at java.util.concurrent.locks.AbstractQueuedSynchronizer$ConditionObject.awaitNanos(AbstractQueuedSynchronizer.java:2078)
        at java.util.concurrent.LinkedBlockingQueue.poll(LinkedBlockingQueue.java:467)
        at org.apache.hadoop.ipc.CallQueueManager.take(CallQueueManager.java:317)
        at org.apache.hadoop.ipc.Server$Handler.run(Server.java:3014)
"d2cb3656-736c-45ed-9177-765defc8baa4@group-53A4DE1611EE-FollowerState" daemon prio=5 tid=438 timed_waiting
java.lang.Thread.State: TIMED_WAITING
        at java.lang.Thread.sleep(Native Method)
        at java.lang.Thread.sleep(Thread.java:342)
        at java.util.concurrent.TimeUnit.sleep(TimeUnit.java:386)
        at org.apache.ratis.util.TimeDuration.sleep(TimeDuration.java:325)
        at org.apache.ratis.util.TimeDuration.sleep(TimeDuration.java:310)
        at org.apache.ratis.server.impl.FollowerState.run(FollowerState.java:128)
"IPC Server handler 6 on default port 15001" daemon prio=5 tid=75 timed_waiting
java.lang.Thread.State: TIMED_WAITING
        at sun.misc.Unsafe.park(Native Method)
        at java.util.concurrent.locks.LockSupport.parkNanos(LockSupport.java:215)
        at java.util.concurrent.locks.AbstractQueuedSynchronizer$ConditionObject.awaitNanos(AbstractQueuedSynchronizer.java:2078)
        at java.util.concurrent.LinkedBlockingQueue.poll(LinkedBlockingQueue.java:467)
        at org.apache.hadoop.ipc.CallQueueManager.take(CallQueueManager.java:317)
        at org.apache.hadoop.ipc.Server$Handler.run(Server.java:3014)
"IPC Server handler 12 on default port 15000" daemon prio=5 tid=61 timed_waiting
java.lang.Thread.State: TIMED_WAITING
        at sun.misc.Unsafe.park(Native Method)
        at java.util.concurrent.locks.LockSupport.parkNanos(LockSupport.java:215)
        at java.util.concurrent.locks.AbstractQueuedSynchronizer$ConditionObject.awaitNanos(AbstractQueuedSynchronizer.java:2078)
        at java.util.concurrent.LinkedBlockingQueue.poll(LinkedBlockingQueue.java:467)
        at org.apache.hadoop.ipc.CallQueueManager.take(CallQueueManager.java:317)
        at org.apache.hadoop.ipc.Server$Handler.run(Server.java:3014)
"qtp38442393-261" daemon prio=5 tid=261 timed_waiting
java.lang.Thread.State: TIMED_WAITING
        at sun.misc.Unsafe.park(Native Method)
        at java.util.concurrent.locks.LockSupport.parkNanos(LockSupport.java:215)
        at java.util.concurrent.locks.AbstractQueuedSynchronizer$ConditionObject.awaitNanos(AbstractQueuedSynchronizer.java:2078)
        at org.eclipse.jetty.util.BlockingArrayQueue.poll(BlockingArrayQueue.java:382)
        at org.eclipse.jetty.util.thread.QueuedThreadPool$Runner.idleJobPoll(QueuedThreadPool.java:974)
        at org.eclipse.jetty.util.thread.QueuedThreadPool$Runner.run(QueuedThreadPool.java:1018)
        at java.lang.Thread.run(Thread.java:750)
"Periodic HDDS volume checker" daemon prio=5 tid=249 timed_waiting
java.lang.Thread.State: TIMED_WAITING
        at sun.misc.Unsafe.park(Native Method)
        at java.util.concurrent.locks.LockSupport.parkNanos(LockSupport.java:215)
        at java.util.concurrent.locks.AbstractQueuedSynchronizer$ConditionObject.awaitNanos(AbstractQueuedSynchronizer.java:2078)
        at java.util.concurrent.ScheduledThreadPoolExecutor$DelayedWorkQueue.take(ScheduledThreadPoolExecutor.java:1093)
        at java.util.concurrent.ScheduledThreadPoolExecutor$DelayedWorkQueue.take(ScheduledThreadPoolExecutor.java:809)
        at java.util.concurrent.ThreadPoolExecutor.getTask(ThreadPoolExecutor.java:1074)
        at java.util.concurrent.ThreadPoolExecutor.runWorker(ThreadPoolExecutor.java:1134)
        at java.util.concurrent.ThreadPoolExecutor$Worker.run(ThreadPoolExecutor.java:624)
        at java.lang.Thread.run(Thread.java:750)
"ChunkWriter-2-0" daemon prio=5 tid=287 in Object.wait()
java.lang.Thread.State: WAITING (on object monitor)
        at sun.misc.Unsafe.park(Native Method)
        at java.util.concurrent.locks.LockSupport.park(LockSupport.java:175)
        at java.util.concurrent.locks.AbstractQueuedSynchronizer$ConditionObject.await(AbstractQueuedSynchronizer.java:2039)
        at java.util.concurrent.LinkedBlockingDeque.takeFirst(LinkedBlockingDeque.java:492)
        at java.util.concurrent.LinkedBlockingDeque.take(LinkedBlockingDeque.java:680)
        at java.util.concurrent.ThreadPoolExecutor.getTask(ThreadPoolExecutor.java:1074)
        at java.util.concurrent.ThreadPoolExecutor.runWorker(ThreadPoolExecutor.java:1134)
        at java.util.concurrent.ThreadPoolExecutor$Worker.run(ThreadPoolExecutor.java:624)
        at java.lang.Thread.run(Thread.java:750)
"ChunkWriter-2-0" daemon prio=5 tid=311 in Object.wait()
java.lang.Thread.State: WAITING (on object monitor)
        at sun.misc.Unsafe.park(Native Method)
        at java.util.concurrent.locks.LockSupport.park(LockSupport.java:175)
        at java.util.concurrent.locks.AbstractQueuedSynchronizer$ConditionObject.await(AbstractQueuedSynchronizer.java:2039)
        at java.util.concurrent.LinkedBlockingDeque.takeFirst(LinkedBlockingDeque.java:492)
        at java.util.concurrent.LinkedBlockingDeque.take(LinkedBlockingDeque.java:680)
        at java.util.concurrent.ThreadPoolExecutor.getTask(ThreadPoolExecutor.java:1074)
        at java.util.concurrent.ThreadPoolExecutor.runWorker(ThreadPoolExecutor.java:1134)
        at java.util.concurrent.ThreadPoolExecutor$Worker.run(ThreadPoolExecutor.java:624)
        at java.lang.Thread.run(Thread.java:750)
"IPC Server handler 19 on default port 15001" daemon prio=5 tid=88 timed_waiting
java.lang.Thread.State: TIMED_WAITING
        at sun.misc.Unsafe.park(Native Method)
        at java.util.concurrent.locks.LockSupport.parkNanos(LockSupport.java:215)
        at java.util.concurrent.locks.AbstractQueuedSynchronizer$ConditionObject.awaitNanos(AbstractQueuedSynchronizer.java:2078)
        at java.util.concurrent.LinkedBlockingQueue.poll(LinkedBlockingQueue.java:467)
        at org.apache.hadoop.ipc.CallQueueManager.take(CallQueueManager.java:317)
        at org.apache.hadoop.ipc.Server$Handler.run(Server.java:3014)
"qtp536794778-153" daemon prio=5 tid=153 runnable
java.lang.Thread.State: RUNNABLE
        at sun.nio.ch.EPollArrayWrapper.epollWait(Native Method)
        at sun.nio.ch.EPollArrayWrapper.poll(EPollArrayWrapper.java:269)
        at sun.nio.ch.EPollSelectorImpl.doSelect(EPollSelectorImpl.java:93)
        at sun.nio.ch.SelectorImpl.lockAndDoSelect(SelectorImpl.java:86)
        at sun.nio.ch.SelectorImpl.select(SelectorImpl.java:97)
        at sun.nio.ch.SelectorImpl.select(SelectorImpl.java:101)
        at org.eclipse.jetty.io.ManagedSelector.nioSelect(ManagedSelector.java:183)
        at org.eclipse.jetty.io.ManagedSelector.select(ManagedSelector.java:190)
        at org.eclipse.jetty.io.ManagedSelector$SelectorProducer.select(ManagedSelector.java:606)
        at org.eclipse.jetty.io.ManagedSelector$SelectorProducer.produce(ManagedSelector.java:543)
        at org.eclipse.jetty.util.thread.strategy.EatWhatYouKill.produceTask(EatWhatYouKill.java:362)
        at org.eclipse.jetty.util.thread.strategy.EatWhatYouKill.doProduce(EatWhatYouKill.java:186)
        at org.eclipse.jetty.util.thread.strategy.EatWhatYouKill.tryProduce(EatWhatYouKill.java:173)
        at org.eclipse.jetty.util.thread.strategy.EatWhatYouKill.produce(EatWhatYouKill.java:137)
        at org.eclipse.jetty.io.ManagedSelector$$Lambda$523/2133676028.run(Unknown Source)
        at org.eclipse.jetty.util.thread.QueuedThreadPool.runJob(QueuedThreadPool.java:883)
        at org.eclipse.jetty.util.thread.QueuedThreadPool$Runner.run(QueuedThreadPool.java:1034)
        at java.lang.Thread.run(Thread.java:750)
"ContainerOp-d220e5b9-ae7c-41b7-8547-aa8e299d83d3-4"  prio=5 tid=523 in Object.wait()
java.lang.Thread.State: WAITING (on object monitor)
        at sun.misc.Unsafe.park(Native Method)
        at java.util.concurrent.locks.LockSupport.park(LockSupport.java:175)
        at java.util.concurrent.locks.AbstractQueuedSynchronizer$ConditionObject.await(AbstractQueuedSynchronizer.java:2039)
        at java.util.concurrent.LinkedBlockingQueue.take(LinkedBlockingQueue.java:442)
        at java.util.concurrent.ThreadPoolExecutor.getTask(ThreadPoolExecutor.java:1074)
        at java.util.concurrent.ThreadPoolExecutor.runWorker(ThreadPoolExecutor.java:1134)
        at java.util.concurrent.ThreadPoolExecutor$Worker.run(ThreadPoolExecutor.java:624)
        at java.lang.Thread.run(Thread.java:750)
"PartialTableCache Cleanup Thread - 0" daemon prio=5 tid=461 in Object.wait()
java.lang.Thread.State: WAITING (on object monitor)
        at sun.misc.Unsafe.park(Native Method)
        at java.util.concurrent.locks.LockSupport.park(LockSupport.java:175)
        at java.util.concurrent.locks.AbstractQueuedSynchronizer$ConditionObject.await(AbstractQueuedSynchronizer.java:2039)
        at java.util.concurrent.LinkedBlockingQueue.take(LinkedBlockingQueue.java:442)
        at java.util.concurrent.ThreadPoolExecutor.getTask(ThreadPoolExecutor.java:1074)
        at java.util.concurrent.ThreadPoolExecutor.runWorker(ThreadPoolExecutor.java:1134)
        at java.util.concurrent.ThreadPoolExecutor$Worker.run(ThreadPoolExecutor.java:624)
        at java.lang.Thread.run(Thread.java:750)
"IPC Server handler 6 on default port 15000" daemon prio=5 tid=55 timed_waiting
java.lang.Thread.State: TIMED_WAITING
        at sun.misc.Unsafe.park(Native Method)
        at java.util.concurrent.locks.LockSupport.parkNanos(LockSupport.java:215)
        at java.util.concurrent.locks.AbstractQueuedSynchronizer$ConditionObject.awaitNanos(AbstractQueuedSynchronizer.java:2078)
        at java.util.concurrent.LinkedBlockingQueue.poll(LinkedBlockingQueue.java:467)
        at org.apache.hadoop.ipc.CallQueueManager.take(CallQueueManager.java:317)
        at org.apache.hadoop.ipc.Server$Handler.run(Server.java:3014)
"fe774388-89b0-43a1-8132-3e981ddd9c14@group-37708F06EBE6-LeaderStateImpl" daemon prio=5 tid=414 timed_waiting
java.lang.Thread.State: TIMED_WAITING
        at sun.misc.Unsafe.park(Native Method)
        at java.util.concurrent.locks.LockSupport.parkNanos(LockSupport.java:215)
        at java.util.concurrent.locks.AbstractQueuedSynchronizer$ConditionObject.awaitNanos(AbstractQueuedSynchronizer.java:2078)
        at java.util.concurrent.ArrayBlockingQueue.poll(ArrayBlockingQueue.java:418)
        at org.apache.ratis.server.impl.LeaderStateImpl$EventQueue.poll(LeaderStateImpl.java:164)
        at org.apache.ratis.server.impl.LeaderStateImpl$EventProcessor.run(LeaderStateImpl.java:702)
"PartialTableCache Cleanup Thread - 0" daemon prio=5 tid=536 in Object.wait()
java.lang.Thread.State: WAITING (on object monitor)
        at sun.misc.Unsafe.park(Native Method)
        at java.util.concurrent.locks.LockSupport.park(LockSupport.java:175)
        at java.util.concurrent.locks.AbstractQueuedSynchronizer$ConditionObject.await(AbstractQueuedSynchronizer.java:2039)
        at java.util.concurrent.LinkedBlockingQueue.take(LinkedBlockingQueue.java:442)
        at java.util.concurrent.ThreadPoolExecutor.getTask(ThreadPoolExecutor.java:1074)
        at java.util.concurrent.ThreadPoolExecutor.runWorker(ThreadPoolExecutor.java:1134)
        at java.util.concurrent.ThreadPoolExecutor$Worker.run(ThreadPoolExecutor.java:624)
        at java.lang.Thread.run(Thread.java:750)
"Datanode ReportManager Thread - 1" daemon prio=5 tid=208 timed_waiting
java.lang.Thread.State: TIMED_WAITING
        at sun.misc.Unsafe.park(Native Method)
        at java.util.concurrent.locks.LockSupport.parkNanos(LockSupport.java:215)
        at java.util.concurrent.locks.AbstractQueuedSynchronizer$ConditionObject.awaitNanos(AbstractQueuedSynchronizer.java:2078)
        at java.util.concurrent.ScheduledThreadPoolExecutor$DelayedWorkQueue.take(ScheduledThreadPoolExecutor.java:1093)
        at java.util.concurrent.ScheduledThreadPoolExecutor$DelayedWorkQueue.take(ScheduledThreadPoolExecutor.java:809)
        at java.util.concurrent.ThreadPoolExecutor.getTask(ThreadPoolExecutor.java:1074)
        at java.util.concurrent.ThreadPoolExecutor.runWorker(ThreadPoolExecutor.java:1134)
        at java.util.concurrent.ThreadPoolExecutor$Worker.run(ThreadPoolExecutor.java:624)
        at java.lang.Thread.run(Thread.java:750)
"ContainerOp-d220e5b9-ae7c-41b7-8547-aa8e299d83d3-1"  prio=5 tid=514 in Object.wait()
java.lang.Thread.State: WAITING (on object monitor)
        at sun.misc.Unsafe.park(Native Method)
        at java.util.concurrent.locks.LockSupport.park(LockSupport.java:175)
        at java.util.concurrent.locks.AbstractQueuedSynchronizer$ConditionObject.await(AbstractQueuedSynchronizer.java:2039)
        at java.util.concurrent.LinkedBlockingQueue.take(LinkedBlockingQueue.java:442)
        at java.util.concurrent.ThreadPoolExecutor.getTask(ThreadPoolExecutor.java:1074)
        at java.util.concurrent.ThreadPoolExecutor.runWorker(ThreadPoolExecutor.java:1134)
        at java.util.concurrent.ThreadPoolExecutor$Worker.run(ThreadPoolExecutor.java:624)
        at java.lang.Thread.run(Thread.java:750)
"IPC Server handler 5 on default port 15002" daemon prio=5 tid=94 timed_waiting
java.lang.Thread.State: TIMED_WAITING
        at sun.misc.Unsafe.park(Native Method)
        at java.util.concurrent.locks.LockSupport.parkNanos(LockSupport.java:215)
        at java.util.concurrent.locks.AbstractQueuedSynchronizer$ConditionObject.awaitNanos(AbstractQueuedSynchronizer.java:2078)
        at java.util.concurrent.LinkedBlockingQueue.poll(LinkedBlockingQueue.java:467)
        at org.apache.hadoop.ipc.CallQueueManager.take(CallQueueManager.java:317)
        at org.apache.hadoop.ipc.Server$Handler.run(Server.java:3014)
"Datanode ReportManager Thread - 4" daemon prio=5 tid=211 in Object.wait()
java.lang.Thread.State: WAITING (on object monitor)
        at sun.misc.Unsafe.park(Native Method)
        at java.util.concurrent.locks.LockSupport.park(LockSupport.java:175)
        at java.util.concurrent.locks.AbstractQueuedSynchronizer$ConditionObject.await(AbstractQueuedSynchronizer.java:2039)
        at java.util.concurrent.ScheduledThreadPoolExecutor$DelayedWorkQueue.take(ScheduledThreadPoolExecutor.java:1088)
        at java.util.concurrent.ScheduledThreadPoolExecutor$DelayedWorkQueue.take(ScheduledThreadPoolExecutor.java:809)
        at java.util.concurrent.ThreadPoolExecutor.getTask(ThreadPoolExecutor.java:1074)
        at java.util.concurrent.ThreadPoolExecutor.runWorker(ThreadPoolExecutor.java:1134)
        at java.util.concurrent.ThreadPoolExecutor$Worker.run(ThreadPoolExecutor.java:624)
        at java.lang.Thread.run(Thread.java:750)
"IPC Server handler 15 on default port 15000" daemon prio=5 tid=64 timed_waiting
java.lang.Thread.State: TIMED_WAITING
        at sun.misc.Unsafe.park(Native Method)
        at java.util.concurrent.locks.LockSupport.parkNanos(LockSupport.java:215)
        at java.util.concurrent.locks.AbstractQueuedSynchronizer$ConditionObject.awaitNanos(AbstractQueuedSynchronizer.java:2078)
        at java.util.concurrent.LinkedBlockingQueue.poll(LinkedBlockingQueue.java:467)
        at org.apache.hadoop.ipc.CallQueueManager.take(CallQueueManager.java:317)
        at org.apache.hadoop.ipc.Server$Handler.run(Server.java:3014)
"EventQueue-NodeReportForNodeReportHandler" daemon prio=5 tid=960 in Object.wait()
java.lang.Thread.State: WAITING (on object monitor)
        at sun.misc.Unsafe.park(Native Method)
        at java.util.concurrent.locks.LockSupport.park(LockSupport.java:175)
        at java.util.concurrent.locks.AbstractQueuedSynchronizer$ConditionObject.await(AbstractQueuedSynchronizer.java:2039)
        at java.util.concurrent.LinkedBlockingQueue.take(LinkedBlockingQueue.java:442)
        at java.util.concurrent.ThreadPoolExecutor.getTask(ThreadPoolExecutor.java:1074)
        at java.util.concurrent.ThreadPoolExecutor.runWorker(ThreadPoolExecutor.java:1134)
        at java.util.concurrent.ThreadPoolExecutor$Worker.run(ThreadPoolExecutor.java:624)
        at java.lang.Thread.run(Thread.java:750)
"PartialTableCache Cleanup Thread - 0" daemon prio=5 tid=462 in Object.wait()
java.lang.Thread.State: WAITING (on object monitor)
        at sun.misc.Unsafe.park(Native Method)
        at java.util.concurrent.locks.LockSupport.park(LockSupport.java:175)
        at java.util.concurrent.locks.AbstractQueuedSynchronizer$ConditionObject.await(AbstractQueuedSynchronizer.java:2039)
        at java.util.concurrent.LinkedBlockingQueue.take(LinkedBlockingQueue.java:442)
        at java.util.concurrent.ThreadPoolExecutor.getTask(ThreadPoolExecutor.java:1074)
        at java.util.concurrent.ThreadPoolExecutor.runWorker(ThreadPoolExecutor.java:1134)
        at java.util.concurrent.ThreadPoolExecutor$Worker.run(ThreadPoolExecutor.java:624)
        at java.lang.Thread.run(Thread.java:750)
"FixedThreadPoolWithAffinityExecutor-1-0" daemon prio=5 tid=39 timed_waiting
java.lang.Thread.State: TIMED_WAITING
        at sun.misc.Unsafe.park(Native Method)
        at java.util.concurrent.locks.LockSupport.parkNanos(LockSupport.java:215)
        at java.util.concurrent.locks.AbstractQueuedSynchronizer$ConditionObject.awaitNanos(AbstractQueuedSynchronizer.java:2078)
        at java.util.concurrent.LinkedBlockingQueue.poll(LinkedBlockingQueue.java:467)
        at org.apache.hadoop.hdds.scm.server.ContainerReportQueue.poll(ContainerReportQueue.java:266)
        at org.apache.hadoop.hdds.scm.server.ContainerReportQueue.poll(ContainerReportQueue.java:42)
        at org.apache.hadoop.hdds.server.events.FixedThreadPoolWithAffinityExecutor$ContainerReportProcessTask.run(FixedThreadPoolWithAffinityExecutor.java:247)
        at java.util.concurrent.Executors$RunnableAdapter.call(Executors.java:511)
        at java.util.concurrent.FutureTask.run(FutureTask.java:266)
        at java.util.concurrent.ThreadPoolExecutor.runWorker(ThreadPoolExecutor.java:1149)
        at java.util.concurrent.ThreadPoolExecutor$Worker.run(ThreadPoolExecutor.java:624)
        at java.lang.Thread.run(Thread.java:750)
"PartialTableCache Cleanup Thread - 0" daemon prio=5 tid=537 in Object.wait()
java.lang.Thread.State: WAITING (on object monitor)
        at sun.misc.Unsafe.park(Native Method)
        at java.util.concurrent.locks.LockSupport.park(LockSupport.java:175)
        at java.util.concurrent.locks.AbstractQueuedSynchronizer$ConditionObject.await(AbstractQueuedSynchronizer.java:2039)
        at java.util.concurrent.LinkedBlockingQueue.take(LinkedBlockingQueue.java:442)
        at java.util.concurrent.ThreadPoolExecutor.getTask(ThreadPoolExecutor.java:1074)
        at java.util.concurrent.ThreadPoolExecutor.runWorker(ThreadPoolExecutor.java:1134)
        at java.util.concurrent.ThreadPoolExecutor$Worker.run(ThreadPoolExecutor.java:624)
        at java.lang.Thread.run(Thread.java:750)


	at org.apache.ozone.test.GenericTestUtils.waitFor(GenericTestUtils.java:232)
	at org.apache.hadoop.fs.ozone.TestSnapshotDeletingService.assertTableRowCount(TestSnapshotDeletingService.java:555)
	at org.apache.hadoop.fs.ozone.TestSnapshotDeletingService.testSnapshotWithFSO(TestSnapshotDeletingService.java:426)
	at sun.reflect.NativeMethodAccessorImpl.invoke0(Native Method)
	at sun.reflect.NativeMethodAccessorImpl.invoke(NativeMethodAccessorImpl.java:62)
	at sun.reflect.DelegatingMethodAccessorImpl.invoke(DelegatingMethodAccessorImpl.java:43)
	at java.lang.reflect.Method.invoke(Method.java:498)
	at org.junit.platform.commons.util.ReflectionUtils.invokeMethod(ReflectionUtils.java:725)
	at org.junit.jupiter.engine.execution.MethodInvocation.proceed(MethodInvocation.java:60)
	at org.junit.jupiter.engine.execution.InvocationInterceptorChain$ValidatingInvocation.proceed(InvocationInterceptorChain.java:131)
	at org.junit.jupiter.engine.extension.TimeoutExtension.intercept(TimeoutExtension.java:149)
	at org.junit.jupiter.engine.extension.TimeoutExtension.interceptTestableMethod(TimeoutExtension.java:140)
	at org.junit.jupiter.engine.extension.TimeoutExtension.interceptTestMethod(TimeoutExtension.java:84)
	at org.junit.jupiter.engine.execution.ExecutableInvoker$ReflectiveInterceptorCall.lambda$ofVoidMethod$0(ExecutableInvoker.java:115)
	at org.junit.jupiter.engine.execution.ExecutableInvoker.lambda$invoke$0(ExecutableInvoker.java:105)
	at org.junit.jupiter.engine.execution.InvocationInterceptorChain$InterceptedInvocation.proceed(InvocationInterceptorChain.java:106)
	at org.junit.jupiter.engine.execution.InvocationInterceptorChain.proceed(InvocationInterceptorChain.java:64)
	at org.junit.jupiter.engine.execution.InvocationInterceptorChain.chainAndInvoke(InvocationInterceptorChain.java:45)
	at org.junit.jupiter.engine.execution.InvocationInterceptorChain.invoke(InvocationInterceptorChain.java:37)
	at org.junit.jupiter.engine.execution.ExecutableInvoker.invoke(ExecutableInvoker.java:104)
	at org.junit.jupiter.engine.execution.ExecutableInvoker.invoke(ExecutableInvoker.java:98)
	at org.junit.jupiter.engine.descriptor.TestMethodTestDescriptor.lambda$invokeTestMethod$7(TestMethodTestDescriptor.java:214)
	at org.junit.platform.engine.support.hierarchical.ThrowableCollector.execute(ThrowableCollector.java:73)
	at org.junit.jupiter.engine.descriptor.TestMethodTestDescriptor.invokeTestMethod(TestMethodTestDescriptor.java:210)
	at org.junit.jupiter.engine.descriptor.TestMethodTestDescriptor.execute(TestMethodTestDescriptor.java:135)
	at org.junit.jupiter.engine.descriptor.TestMethodTestDescriptor.execute(TestMethodTestDescriptor.java:66)
	at org.junit.platform.engine.support.hierarchical.NodeTestTask.lambda$executeRecursively$6(NodeTestTask.java:151)
	at org.junit.platform.engine.support.hierarchical.ThrowableCollector.execute(ThrowableCollector.java:73)
	at org.junit.platform.engine.support.hierarchical.NodeTestTask.lambda$executeRecursively$8(NodeTestTask.java:141)
	at org.junit.platform.engine.support.hierarchical.Node.around(Node.java:137)
	at org.junit.platform.engine.support.hierarchical.NodeTestTask.lambda$executeRecursively$9(NodeTestTask.java:139)
	at org.junit.platform.engine.support.hierarchical.ThrowableCollector.execute(ThrowableCollector.java:73)
	at org.junit.platform.engine.support.hierarchical.NodeTestTask.executeRecursively(NodeTestTask.java:138)
	at org.junit.platform.engine.support.hierarchical.NodeTestTask.execute(NodeTestTask.java:95)
	at java.util.ArrayList.forEach(ArrayList.java:1259)
	at org.junit.platform.engine.support.hierarchical.SameThreadHierarchicalTestExecutorService.invokeAll(SameThreadHierarchicalTestExecutorService.java:41)
	at org.junit.platform.engine.support.hierarchical.NodeTestTask.lambda$executeRecursively$6(NodeTestTask.java:155)
	at org.junit.platform.engine.support.hierarchical.ThrowableCollector.execute(ThrowableCollector.java:73)
	at org.junit.platform.engine.support.hierarchical.NodeTestTask.lambda$executeRecursively$8(NodeTestTask.java:141)
	at org.junit.platform.engine.support.hierarchical.Node.around(Node.java:137)
	at org.junit.platform.engine.support.hierarchical.NodeTestTask.lambda$executeRecursively$9(NodeTestTask.java:139)
	at org.junit.platform.engine.support.hierarchical.ThrowableCollector.execute(ThrowableCollector.java:73)
	at org.junit.platform.engine.support.hierarchical.NodeTestTask.executeRecursively(NodeTestTask.java:138)
	at org.junit.platform.engine.support.hierarchical.NodeTestTask.execute(NodeTestTask.java:95)
	at java.util.ArrayList.forEach(ArrayList.java:1259)
	at org.junit.platform.engine.support.hierarchical.SameThreadHierarchicalTestExecutorService.invokeAll(SameThreadHierarchicalTestExecutorService.java:41)
	at org.junit.platform.engine.support.hierarchical.NodeTestTask.lambda$executeRecursively$6(NodeTestTask.java:155)
	at org.junit.platform.engine.support.hierarchical.ThrowableCollector.execute(ThrowableCollector.java:73)
	at org.junit.platform.engine.support.hierarchical.NodeTestTask.lambda$executeRecursively$8(NodeTestTask.java:141)
	at org.junit.platform.engine.support.hierarchical.Node.around(Node.java:137)
	at org.junit.platform.engine.support.hierarchical.NodeTestTask.lambda$executeRecursively$9(NodeTestTask.java:139)
	at org.junit.platform.engine.support.hierarchical.ThrowableCollector.execute(ThrowableCollector.java:73)
	at org.junit.platform.engine.support.hierarchical.NodeTestTask.executeRecursively(NodeTestTask.java:138)
	at org.junit.platform.engine.support.hierarchical.NodeTestTask.execute(NodeTestTask.java:95)
	at org.junit.platform.engine.support.hierarchical.SameThreadHierarchicalTestExecutorService.submit(SameThreadHierarchicalTestExecutorService.java:35)
	at org.junit.platform.engine.support.hierarchical.HierarchicalTestExecutor.execute(HierarchicalTestExecutor.java:57)
	at org.junit.platform.engine.support.hierarchical.HierarchicalTestEngine.execute(HierarchicalTestEngine.java:54)
	at org.junit.platform.launcher.core.EngineExecutionOrchestrator.execute(EngineExecutionOrchestrator.java:107)
	at org.junit.platform.launcher.core.EngineExecutionOrchestrator.execute(EngineExecutionOrchestrator.java:88)
	at org.junit.platform.launcher.core.EngineExecutionOrchestrator.lambda$execute$0(EngineExecutionOrchestrator.java:54)
	at org.junit.platform.launcher.core.EngineExecutionOrchestrator.withInterceptedStreams(EngineExecutionOrchestrator.java:67)
	at org.junit.platform.launcher.core.EngineExecutionOrchestrator.execute(EngineExecutionOrchestrator.java:52)
	at org.junit.platform.launcher.core.DefaultLauncher.execute(DefaultLauncher.java:114)
	at org.junit.platform.launcher.core.DefaultLauncher.execute(DefaultLauncher.java:86)
	at org.junit.platform.launcher.core.DefaultLauncherSession$DelegatingLauncher.execute(DefaultLauncherSession.java:86)
	at org.junit.platform.launcher.core.SessionPerRequestLauncher.execute(SessionPerRequestLauncher.java:53)
	at org.apache.maven.surefire.junitplatform.JUnitPlatformProvider.execute(JUnitPlatformProvider.java:188)
	at org.apache.maven.surefire.junitplatform.JUnitPlatformProvider.invokeAllTests(JUnitPlatformProvider.java:154)
	at org.apache.maven.surefire.junitplatform.JUnitPlatformProvider.invoke(JUnitPlatformProvider.java:124)
	at org.apache.maven.surefire.booter.ForkedBooter.runSuitesInProcess(ForkedBooter.java:428)
	at org.apache.maven.surefire.booter.ForkedBooter.execute(ForkedBooter.java:162)
	at org.apache.maven.surefire.booter.ForkedBooter.run(ForkedBooter.java:562)
	at org.apache.maven.surefire.booter.ForkedBooter.main(ForkedBooter.java:548)
]]></error>
    <system-out><![CDATA[2023-06-29 22:10:20,612 [main] WARN  server.ServerUtils (ServerUtils.java:getScmDbDir(155)) - ozone.scm.db.dirs is not configured. We recommend adding this setting. Falling back to ozone.metadata.dirs instead.
2023-06-29 22:10:20,856 [main] INFO  reflections.Reflections (Reflections.java:scan(232)) - Reflections took 187 ms to scan 7 urls, producing 160 keys and 377 values 
2023-06-29 22:10:20,989 [main] WARN  server.ServerUtils (ServerUtils.java:getScmDbDir(155)) - ozone.scm.db.dirs is not configured. We recommend adding this setting. Falling back to ozone.metadata.dirs instead.
2023-06-29 22:10:20,992 [main] INFO  ha.SCMHANodeDetails (SCMHANodeDetails.java:loadSCMHAConfig(210)) - ServiceID for StorageContainerManager is null
2023-06-29 22:10:20,999 [main] WARN  ha.SCMHANodeDetails (SCMHANodeDetails.java:validateSCMHAConfig(183)) - Invalid config ozone.scm.ratis.enable. The config was not specified, but the default value true conflicts with the expected config value false. Falling back to the expected value. Current State of SCM: SCM is running in Non-HA without Ratis Ratis SCM -> Non Ratis SCM or Non HA SCM -> HA SCM is not supported
2023-06-29 22:10:20,999 [main] INFO  ha.SCMHANodeDetails (SCMHANodeDetails.java:loadSCMHAConfig(215)) - ozone.scm.default.service.id is not defined, falling back to ozone.scm.service.ids to find serviceID for StorageContainerManager if it is HA enabled cluster
2023-06-29 22:10:21,697 [main] WARN  utils.HAUtils (HAUtils.java:getMetaDir(339)) - ozone.scm.db.dirs is not configured. We recommend adding this setting. Falling back to ozone.metadata.dirs instead.
2023-06-29 22:10:21,839 [main] WARN  db.DBStoreBuilder (DBStoreBuilder.java:applyDBDefinition(166)) - ozone.scm.db.dirs is not configured. We recommend adding this setting. Falling back to ozone.metadata.dirs instead.
2023-06-29 22:10:22,047 [main] INFO  net.NodeSchemaLoader (NodeSchemaLoader.java:loadSchemaFromFile(129)) - Loading schema from [jar:file:/home/runner/.m2/repository/org/apache/ozone/hdds-common/1.4.0-SNAPSHOT/hdds-common-1.4.0-SNAPSHOT.jar!/network-topology-default.xml]
2023-06-29 22:10:22,048 [main] INFO  net.NodeSchemaLoader (NodeSchemaLoader.java:loadSchema(176)) - Loading network topology layer schema file
2023-06-29 22:10:22,094 [main] INFO  metrics.MetricRegistries (MetricRegistriesLoader.java:load(64)) - Loaded MetricRegistries class org.apache.ratis.metrics.impl.MetricRegistriesImpl
2023-06-29 22:10:22,108 [main] INFO  upgrade.AbstractLayoutVersionManager (AbstractLayoutVersionManager.java:init(83)) - Initializing Layout version manager with metadata layout = HADOOP_PRC_PORTS_IN_DATANODEDETAILS (version = 7), software layout = HADOOP_PRC_PORTS_IN_DATANODEDETAILS (version = 7)
2023-06-29 22:10:22,299 [main] INFO  ha.SequenceIdGenerator (SequenceIdGenerator.java:upgradeToSequenceId(349)) - upgrade localId to 111677748019200000
2023-06-29 22:10:22,300 [main] INFO  ha.SequenceIdGenerator (SequenceIdGenerator.java:upgradeToSequenceId(359)) - upgrade delTxnId to 0
2023-06-29 22:10:22,307 [main] INFO  ha.SequenceIdGenerator (SequenceIdGenerator.java:upgradeToSequenceId(376)) - upgrade containerId to 0
2023-06-29 22:10:22,308 [main] INFO  ha.SequenceIdGenerator (SequenceIdGenerator.java:<init>(220)) - Init the HA SequenceIdGenerator.
2023-06-29 22:10:22,377 [main] WARN  server.ServerUtils (ServerUtils.java:sanitizeUserArgs(80)) - ozone.scm.stale.node.interval value = 300000 is larger than max = 100000 based on the key value of ozone.scm.heartbeat.thread.interval, reset to the max value 100000.
2023-06-29 22:10:22,377 [main] WARN  server.ServerUtils (ServerUtils.java:sanitizeUserArgs(80)) - ozone.scm.stale.node.interval value = 300000 is larger than max = 100000 based on the key value of ozone.scm.heartbeat.thread.interval, reset to the max value 100000.
2023-06-29 22:10:22,382 [main] INFO  node.SCMNodeManager (SCMNodeManager.java:<init>(157)) - Entering startup safe mode.
2023-06-29 22:10:22,400 [main] INFO  algorithms.ContainerPlacementPolicyFactory (ContainerPlacementPolicyFactory.java:getPolicyInternal(86)) - Create container placement policy of type org.apache.hadoop.hdds.scm.container.placement.algorithms.SCMContainerPlacementRackAware
2023-06-29 22:10:22,403 [main] INFO  algorithms.ContainerPlacementPolicyFactory (ContainerPlacementPolicyFactory.java:getPolicyInternal(86)) - Create container placement policy of type org.apache.hadoop.hdds.scm.container.placement.algorithms.SCMContainerPlacementRackScatter
2023-06-29 22:10:22,412 [main] INFO  pipeline.PipelineStateManagerImpl (PipelineStateManagerImpl.java:initialize(78)) - No pipeline exists in current db
2023-06-29 22:10:22,425 [main] INFO  algorithms.LeaderChoosePolicyFactory (LeaderChoosePolicyFactory.java:getPolicy(57)) - Create leader choose policy of type org.apache.hadoop.hdds.scm.pipeline.leader.choose.algorithms.MinLeaderCountChoosePolicy
2023-06-29 22:10:22,425 [main] INFO  algorithms.ContainerPlacementPolicyFactory (ContainerPlacementPolicyFactory.java:getPolicyInternal(86)) - Create container placement policy of type org.apache.hadoop.hdds.scm.container.placement.algorithms.SCMContainerPlacementRackScatter
2023-06-29 22:10:22,434 [main] INFO  ha.SCMServiceManager (SCMServiceManager.java:register(42)) - Registering service BackgroundPipelineCreator.
2023-06-29 22:10:22,434 [main] INFO  pipeline.BackgroundPipelineCreator (BackgroundPipelineCreator.java:start(124)) - Starting RatisPipelineUtilsThread.
2023-06-29 22:10:22,438 [main] INFO  BackgroundPipelineScrubber (BackgroundSCMService.java:start(68)) - Starting BackgroundPipelineScrubber Service.
2023-06-29 22:10:22,439 [main] INFO  ha.SCMServiceManager (SCMServiceManager.java:register(42)) - Registering service BackgroundPipelineScrubber.
2023-06-29 22:10:22,445 [main] INFO  ExpiredContainerReplicaOpScrubber (BackgroundSCMService.java:start(68)) - Starting ExpiredContainerReplicaOpScrubber Service.
2023-06-29 22:10:22,445 [main] INFO  ha.SCMServiceManager (SCMServiceManager.java:register(42)) - Registering service ExpiredContainerReplicaOpScrubber.
2023-06-29 22:10:22,470 [main] INFO  algorithms.PipelineChoosePolicyFactory (PipelineChoosePolicyFactory.java:createPipelineChoosePolicyFromClass(78)) - Create pipeline choose policy of type org.apache.hadoop.hdds.scm.pipeline.choose.algorithms.RandomPipelineChoosePolicy
2023-06-29 22:10:22,471 [main] INFO  algorithms.PipelineChoosePolicyFactory (PipelineChoosePolicyFactory.java:createPipelineChoosePolicyFromClass(78)) - Create pipeline choose policy of type org.apache.hadoop.hdds.scm.pipeline.choose.algorithms.RandomPipelineChoosePolicy
2023-06-29 22:10:22,498 [main] INFO  ha.SCMServiceManager (SCMServiceManager.java:register(42)) - Registering service SCMBlockDeletingService.
2023-06-29 22:10:22,550 [main] INFO  replication.ReplicationManager (ReplicationManager.java:start(286)) - Starting Replication Monitor Thread.
2023-06-29 22:10:22,562 [main] INFO  ha.SCMServiceManager (SCMServiceManager.java:register(42)) - Registering service ReplicationManager.
2023-06-29 22:10:22,565 [ReplicationMonitor] INFO  replication.ReplicationManager (ReplicationManager.java:processAll(361)) - Replication Manager is not ready to run until 3000ms after safemode exit
2023-06-29 22:10:22,573 [main] INFO  safemode.ContainerSafeModeRule (ContainerSafeModeRule.java:<init>(89)) - containers with one replica threshold count 0
2023-06-29 22:10:22,578 [main] INFO  safemode.HealthyPipelineSafeModeRule (HealthyPipelineSafeModeRule.java:initializeRule(169)) - Total pipeline count is 0, healthy pipeline threshold count is 1
2023-06-29 22:10:22,580 [main] INFO  safemode.OneReplicaPipelineSafeModeRule (OneReplicaPipelineSafeModeRule.java:initializeRule(180)) - Total pipeline count is 0, pipeline's with at least one datanode reported threshold count is 0
2023-06-29 22:10:22,620 [main] INFO  server.StorageContainerManager (StorageContainerManager.java:<init>(424)) - SCM start with adminUsers: [runner]
2023-06-29 22:10:22,912 [main] INFO  audit.AuditLogger (AuditLogger.java:refreshDebugCmdSet(126)) - Refresh DebugCmdSet for SCMAudit to [].
2023-06-29 22:10:22,940 [main] INFO  ipc.CallQueueManager (CallQueueManager.java:<init>(90)) - Using callQueue: class java.util.concurrent.LinkedBlockingQueue, queueCapacity: 2000, scheduler: class org.apache.hadoop.ipc.DefaultRpcScheduler, ipcBackoff: false.
2023-06-29 22:10:22,971 [main] INFO  ipc.Server (Server.java:<init>(1287)) - Listener at 0.0.0.0:15002
2023-06-29 22:10:22,975 [Socket Reader #1 for port 15002] INFO  ipc.Server (Server.java:run(1323)) - Starting Socket Reader #1 for port 15002
2023-06-29 22:10:23,025 [main] INFO  audit.AuditLogger (AuditLogger.java:refreshDebugCmdSet(126)) - Refresh DebugCmdSet for SCMAudit to [].
2023-06-29 22:10:23,030 [main] INFO  ipc.CallQueueManager (CallQueueManager.java:<init>(90)) - Using callQueue: class java.util.concurrent.LinkedBlockingQueue, queueCapacity: 2000, scheduler: class org.apache.hadoop.ipc.DefaultRpcScheduler, ipcBackoff: false.
2023-06-29 22:10:23,031 [main] INFO  ipc.Server (Server.java:<init>(1287)) - Listener at 0.0.0.0:15001
2023-06-29 22:10:23,031 [Socket Reader #1 for port 15001] INFO  ipc.Server (Server.java:run(1323)) - Starting Socket Reader #1 for port 15001
2023-06-29 22:10:23,061 [main] INFO  audit.AuditLogger (AuditLogger.java:refreshDebugCmdSet(126)) - Refresh DebugCmdSet for SCMAudit to [].
2023-06-29 22:10:23,071 [main] INFO  ipc.CallQueueManager (CallQueueManager.java:<init>(90)) - Using callQueue: class java.util.concurrent.LinkedBlockingQueue, queueCapacity: 2000, scheduler: class org.apache.hadoop.ipc.DefaultRpcScheduler, ipcBackoff: false.
2023-06-29 22:10:23,072 [main] INFO  ipc.Server (Server.java:<init>(1287)) - Listener at 0.0.0.0:15000
2023-06-29 22:10:23,072 [Socket Reader #1 for port 15000] INFO  ipc.Server (Server.java:run(1323)) - Starting Socket Reader #1 for port 15000
2023-06-29 22:10:23,126 [main] INFO  ha.SCMServiceManager (SCMServiceManager.java:register(42)) - Registering service ContainerBalancer.
2023-06-29 22:10:23,127 [main] INFO  server.StorageContainerManager (StorageContainerManager.java:<init>(437)) - 
Container Balancer status:
Key                            Value
Running                        false
Container Balancer Configuration values:
Key                                                Value
Threshold                                          10
Max Datanodes to Involve per Iteration(percent)    20
Max Size to Move per Iteration                     500GB
Max Size Entering Target per Iteration             26GB
Max Size Leaving Source per Iteration              26GB

2023-06-29 22:10:23,129 [main] INFO  ha.SCMContext (SCMContext.java:updateSafeModeStatus(228)) - Update SafeModeStatus from SafeModeStatus{safeModeStatus=true, preCheckPassed=false} to SafeModeStatus{safeModeStatus=true, preCheckPassed=false}.
2023-06-29 22:10:23,132 [main] INFO  server.StorageContainerManager (StorageContainerManager.java:start(1495)) - StorageContainerLocationProtocol RPC server is listening at /0.0.0.0:15000
2023-06-29 22:10:23,195 [main] WARN  impl.MetricsConfig (MetricsConfig.java:loadFirst(136)) - Cannot locate configuration: tried hadoop-metrics2-storagecontainermanager.properties,hadoop-metrics2.properties
2023-06-29 22:10:23,208 [main] INFO  impl.MetricsSystemImpl (MetricsSystemImpl.java:startTimer(378)) - Scheduled Metric snapshot period at 10 second(s).
2023-06-29 22:10:23,209 [main] INFO  impl.MetricsSystemImpl (MetricsSystemImpl.java:start(191)) - StorageContainerManager metrics system started
2023-06-29 22:10:23,449 [main] INFO  server.SCMClientProtocolServer (SCMClientProtocolServer.java:start(200)) - RPC server for Client  is listening at /0.0.0.0:15000
2023-06-29 22:10:23,451 [IPC Server Responder] INFO  ipc.Server (Server.java:run(1562)) - IPC Server Responder: starting
2023-06-29 22:10:23,452 [IPC Server listener on 15000] INFO  ipc.Server (Server.java:run(1402)) - IPC Server listener on 15000: starting
2023-06-29 22:10:23,468 [main] INFO  server.StorageContainerManager (StorageContainerManager.java:start(1508)) - ScmBlockLocationProtocol RPC server is listening at /0.0.0.0:15001
2023-06-29 22:10:23,469 [main] INFO  server.SCMBlockProtocolServer (SCMBlockProtocolServer.java:start(152)) - RPC server for Block Protocol is listening at /0.0.0.0:15001
2023-06-29 22:10:23,470 [IPC Server Responder] INFO  ipc.Server (Server.java:run(1562)) - IPC Server Responder: starting
2023-06-29 22:10:23,470 [IPC Server listener on 15001] INFO  ipc.Server (Server.java:run(1402)) - IPC Server listener on 15001: starting
2023-06-29 22:10:23,476 [main] INFO  server.SCMDatanodeProtocolServer (SCMDatanodeProtocolServer.java:start(193)) - ScmDatanodeProtocol RPC server for DataNodes is listening at /0.0.0.0:15002
2023-06-29 22:10:23,477 [IPC Server Responder] INFO  ipc.Server (Server.java:run(1562)) - IPC Server Responder: starting
2023-06-29 22:10:23,478 [IPC Server listener on 15002] INFO  ipc.Server (Server.java:run(1402)) - IPC Server listener on 15002: starting
2023-06-29 22:10:23,493 [JvmPauseMonitor0] INFO  util.JvmPauseMonitor (JvmPauseMonitor.java:run(103)) - JvmPauseMonitor-01c8d2a9-440b-4c80-b099-efcbe039f486: Started
2023-06-29 22:10:23,498 [main] INFO  http.BaseHttpServer (BaseHttpServer.java:newHttpServer2BuilderForOzone(224)) - Starting Web-server for scm at: http://0.0.0.0:15003
2023-06-29 22:10:23,498 [main] INFO  http.BaseHttpServer (BaseHttpServer.java:<init>(111)) - Hadoop Security Enabled: false Ozone Security Enabled: false Ozone HTTP Security Enabled: false 
2023-06-29 22:10:23,520 [main] INFO  util.log (Log.java:initialized(170)) - Logging initialized @4342ms to org.eclipse.jetty.util.log.Slf4jLog
2023-06-29 22:10:23,598 [main] WARN  server.AuthenticationFilter (AuthenticationFilter.java:constructSecretProvider(240)) - Unable to initialize FileSignerSecretProvider, falling back to use random secrets. Reason: Could not read signature secret file: /home/runner/hadoop-http-auth-signature-secret
2023-06-29 22:10:23,603 [main] INFO  http.HttpRequestLog (HttpRequestLog.java:getRequestLog(86)) - Http request log for http.requests.scm is not defined
2023-06-29 22:10:23,609 [main] INFO  http.HttpServer2 (HttpServer2.java:addGlobalFilter(1031)) - Added global filter 'safety' (class=org.apache.hadoop.hdds.server.http.HttpServer2$QuotingInputFilter)
2023-06-29 22:10:23,611 [main] INFO  http.HttpServer2 (HttpServer2.java:addFilter(1007)) - Added filter static_user_filter (class=org.apache.hadoop.http.lib.StaticUserWebFilter$StaticUserFilter) to context scm
2023-06-29 22:10:23,611 [main] INFO  http.HttpServer2 (HttpServer2.java:addFilter(1015)) - Added filter static_user_filter (class=org.apache.hadoop.http.lib.StaticUserWebFilter$StaticUserFilter) to context static
2023-06-29 22:10:23,611 [main] INFO  http.HttpServer2 (HttpServer2.java:addFilter(1015)) - Added filter static_user_filter (class=org.apache.hadoop.http.lib.StaticUserWebFilter$StaticUserFilter) to context logs
2023-06-29 22:10:23,643 [main] INFO  http.BaseHttpServer (BaseHttpServer.java:<init>(190)) - HTTP server of scm uses base directory /home/runner/work/ozone/ozone/hadoop-ozone/integration-test/target/test-dir/MiniOzoneClusterImpl-ecb232db-3c23-47bf-871f-23bcde51c85c/ozone-meta/webserver
2023-06-29 22:10:23,643 [main] INFO  http.HttpServer2 (HttpServer2.java:bindListener(1250)) - Jetty bound to port 15003
2023-06-29 22:10:23,645 [main] INFO  server.Server (Server.java:doStart(375)) - jetty-9.4.51.v20230217; built: 2023-02-17T08:19:37.309Z; git: b45c405e4544384de066f814ed42ae3dceacdd49; jvm 1.8.0_372-b07
2023-06-29 22:10:23,674 [main] INFO  server.session (DefaultSessionIdManager.java:doStart(334)) - DefaultSessionIdManager workerName=node0
2023-06-29 22:10:23,674 [main] INFO  server.session (DefaultSessionIdManager.java:doStart(339)) - No SessionScavenger set, using defaults
2023-06-29 22:10:23,676 [main] INFO  server.session (HouseKeeper.java:startScavenging(132)) - node0 Scavenging every 600000ms
2023-06-29 22:10:23,689 [main] INFO  handler.ContextHandler (ContextHandler.java:doStart(921)) - Started o.e.j.s.ServletContextHandler@24c94e95{logs,/logs,file:///home/runner/work/ozone/ozone/hadoop-ozone/integration-test/target/log,AVAILABLE}
2023-06-29 22:10:23,690 [main] INFO  handler.ContextHandler (ContextHandler.java:doStart(921)) - Started o.e.j.s.ServletContextHandler@3670af2b{static,/static,file:///home/runner/work/ozone/ozone/hadoop-ozone/integration-test/target/test-classes/webapps/static,AVAILABLE}
2023-06-29 22:10:23,725 [main] INFO  handler.ContextHandler (ContextHandler.java:doStart(921)) - Started o.e.j.w.WebAppContext@123fd460{scm,/,file:///home/runner/work/ozone/ozone/hadoop-ozone/integration-test/target/test-classes/webapps/scm/,AVAILABLE}{file:/home/runner/work/ozone/ozone/hadoop-ozone/integration-test/target/test-classes/webapps/scm}
2023-06-29 22:10:23,733 [main] INFO  server.AbstractConnector (AbstractConnector.java:doStart(333)) - Started ServerConnector@435848de{HTTP/1.1, (http/1.1)}{0.0.0.0:15003}
2023-06-29 22:10:23,734 [main] INFO  server.Server (Server.java:doStart(415)) - Started @4557ms
2023-06-29 22:10:23,739 [main] INFO  impl.MetricsSinkAdapter (MetricsSinkAdapter.java:start(204)) - Sink prometheus started
2023-06-29 22:10:23,739 [main] INFO  impl.MetricsSystemImpl (MetricsSystemImpl.java:registerSink(305)) - Registered sink prometheus
2023-06-29 22:10:23,740 [main] INFO  http.BaseHttpServer (BaseHttpServer.java:updateConnectorAddress(344)) - HTTP server of scm listening at http://0.0.0.0:15003
2023-06-29 22:10:23,744 [main] WARN  server.ServerUtils (ServerUtils.java:getDBPath(311)) - ozone.om.db.dirs is not configured. We recommend adding this setting. Falling back to ozone.metadata.dirs instead.
2023-06-29 22:10:23,787 [main] INFO  audit.AuditLogger (AuditLogger.java:refreshDebugCmdSet(126)) - Refresh DebugCmdSet for OMAudit to [].
2023-06-29 22:10:23,864 [main] INFO  ha.OMHANodeDetails (OMHANodeDetails.java:loadOMHAConfig(115)) - ozone.om.internal.service.id is not defined, falling back to ozone.om.service.ids to find serviceID for OzoneManager if it is HA enabled cluster
2023-06-29 22:10:23,867 [main] INFO  ha.OMHANodeDetails (OMHANodeDetails.java:loadOMHAConfig(226)) - Configuration does not have ozone.om.address set. Falling back to the default OM address /127.0.0.1:15004
2023-06-29 22:10:23,867 [main] INFO  ha.OMHANodeDetails (OMHANodeDetails.java:getOMNodeDetailsForNonHA(254)) - OM Service ID is not set. Setting it to the default ID: omServiceIdDefault
2023-06-29 22:10:23,868 [main] INFO  ha.OMHANodeDetails (OMHANodeDetails.java:getOMNodeDetailsForNonHA(261)) - OM Node ID is not set. Setting it to the default ID: om1
2023-06-29 22:10:23,871 [main] WARN  server.ServerUtils (ServerUtils.java:getDBPath(311)) - ozone.om.db.dirs is not configured. We recommend adding this setting. Falling back to ozone.metadata.dirs instead.
2023-06-29 22:10:23,875 [main] INFO  upgrade.AbstractLayoutVersionManager (AbstractLayoutVersionManager.java:init(83)) - Initializing Layout version manager with metadata layout = QUOTA (version = 6), software layout = QUOTA (version = 6)
2023-06-29 22:10:23,973 [main] INFO  reflections.Reflections (Reflections.java:scan(232)) - Reflections took 94 ms to scan 2 urls, producing 186 keys and 509 values [using 2 cores]
2023-06-29 22:10:23,977 [main] INFO  upgrade.OMLayoutVersionManager (OMLayoutVersionManager.java:lambda$0(115)) - Skipping Upgrade Action MockOmUpgradeAction since it has been finalized.
2023-06-29 22:10:23,978 [main] INFO  upgrade.OMLayoutVersionManager (OMLayoutVersionManager.java:lambda$0(115)) - Skipping Upgrade Action QuotaRepairUpgradeAction since it has been finalized.
2023-06-29 22:10:23,979 [main] WARN  server.ServerUtils (ServerUtils.java:getDBPath(311)) - ozone.om.db.dirs is not configured. We recommend adding this setting. Falling back to ozone.metadata.dirs instead.
2023-06-29 22:10:24,118 [main] INFO  proxy.SCMBlockLocationFailoverProxyProvider (SCMBlockLocationFailoverProxyProvider.java:<init>(114)) - Created block location fail-over proxy with 1 nodes: [nodeId=scmNodeId,nodeAddress=/0.0.0.0:15001]
2023-06-29 22:10:24,147 [main] INFO  proxy.SCMBlockLocationFailoverProxyProvider (SCMBlockLocationFailoverProxyProvider.java:<init>(114)) - Created block location fail-over proxy with 1 nodes: [nodeId=scmNodeId,nodeAddress=/0.0.0.0:15001]
2023-06-29 22:10:24,377 [main] INFO  om.OzoneManager (OzoneManager.java:<init>(656)) - OM start with adminUsers: [runner]
2023-06-29 22:10:24,398 [main] WARN  server.ServerUtils (ServerUtils.java:getDBPath(311)) - ozone.om.db.dirs is not configured. We recommend adding this setting. Falling back to ozone.metadata.dirs instead.
2023-06-29 22:10:24,427 [main] INFO  helpers.OmKeyInfo (OmKeyInfo.java:getCodec(71)) - OmKeyInfo.getCodec ignorePipeline = true
2023-06-29 22:10:24,697 [main] INFO  om.OzoneManager (OzoneManager.java:instantiateServices(785)) - S3 Multi-Tenancy is disabled
2023-06-29 22:10:24,727 [main] INFO  om.OmSnapshotManager (OmSnapshotManager.java:<init>(175)) - Ozone filesystem snapshot feature is enabled.
2023-06-29 22:10:24,736 [main] WARN  server.ServerUtils (ServerUtils.java:getDBPath(311)) - ozone.om.snapshot.diff.db.dir is not configured. We recommend adding this setting. Falling back to ozone.metadata.dirs instead.
2023-06-29 22:10:24,777 [main] INFO  utils.NativeLibraryLoader (NativeLibraryLoader.java:loadLibrary(105)) - Loading Library: ozone_rocksdb_tools
2023-06-29 22:10:24,778 [main] INFO  snapshot.SnapshotDiffManager (SnapshotDiffManager.java:closeExecutorService(1699)) - Shutting down executorService: 'SstDumpToolExecutor'
2023-06-29 22:10:24,845 [main] INFO  om.OzoneManager (OzoneManager.java:addS3GVolumeToDB(4296)) - Created Volume s3v With Owner runner required for S3Gateway operations.
2023-06-29 22:10:24,907 [main] WARN  server.ServerUtils (ServerUtils.java:getDefaultRatisDirectory(323)) - Storage directory for Ratis is not configured. It is a good idea to map this to an SSD disk. Falling back to ozone.metadata.dirs
2023-06-29 22:10:24,907 [main] WARN  utils.OzoneManagerRatisUtils (OzoneManagerRatisUtils.java:getOMRatisSnapshotDirectory(461)) - ozone.om.ratis.snapshot.dir is not configured. Falling back to ozone.metadata.dirs config
2023-06-29 22:10:24,921 [main] WARN  server.ServerUtils (ServerUtils.java:getDefaultRatisDirectory(323)) - Storage directory for Ratis is not configured. It is a good idea to map this to an SSD disk. Falling back to ozone.metadata.dirs
2023-06-29 22:10:24,947 [main] INFO  ratis.OzoneManagerRatisServer (OzoneManagerRatisServer.java:<init>(163)) - Instantiating OM Ratis server with groupID: omServiceIdDefault and peers: localhost:15007
2023-06-29 22:10:24,956 [main] INFO  ratis.OzoneManagerStateMachine (OzoneManagerStateMachine.java:loadSnapshotInfoFromDB(670)) - LastAppliedIndex is set from TransactionInfo from OM DB as (t:0, i:~)
2023-06-29 22:10:25,025 [main] INFO  server.RaftServer (ConfUtils.java:logGet(46)) - raft.rpc.type = GRPC (default)
2023-06-29 22:10:25,041 [main] INFO  grpc.GrpcConfigKeys (ConfUtils.java:logFallback(53)) - raft.grpc.admin.host = null (fallback to raft.grpc.server.host)
2023-06-29 22:10:25,043 [main] INFO  grpc.GrpcConfigKeys (ConfUtils.java:logFallback(53)) - raft.grpc.admin.port = 15007 (fallback to raft.grpc.server.port)
2023-06-29 22:10:25,043 [main] INFO  grpc.GrpcConfigKeys (ConfUtils.java:logFallback(53)) - raft.grpc.client.host = null (fallback to raft.grpc.server.host)
2023-06-29 22:10:25,044 [main] INFO  grpc.GrpcConfigKeys (ConfUtils.java:logFallback(53)) - raft.grpc.client.port = 15007 (fallback to raft.grpc.server.port)
2023-06-29 22:10:25,044 [main] INFO  grpc.GrpcConfigKeys (ConfUtils.java:logGet(46)) - raft.grpc.server.host = null (default)
2023-06-29 22:10:25,044 [main] INFO  grpc.GrpcConfigKeys (ConfUtils.java:logGet(46)) - raft.grpc.server.port = 15007 (custom)
2023-06-29 22:10:25,045 [main] INFO  server.GrpcService (ConfUtils.java:logGet(46)) - raft.grpc.message.size.max = 33554432 (custom)
2023-06-29 22:10:25,046 [main] INFO  server.RaftServerConfigKeys (ConfUtils.java:logGet(46)) - raft.server.log.appender.buffer.byte-limit = 33554432 (custom)
2023-06-29 22:10:25,046 [main] INFO  server.GrpcService (ConfUtils.java:logGet(46)) - raft.grpc.flow.control.window = 1MB (=1048576) (default)
2023-06-29 22:10:25,047 [main] INFO  server.RaftServerConfigKeys (ConfUtils.java:logGet(46)) - raft.server.rpc.request.timeout = 3000ms (default)
2023-06-29 22:10:25,057 [main] INFO  grpc.GrpcConfigKeys (ConfUtils.java:logGet(46)) - raft.grpc.server.heartbeat.channel = true (default)
2023-06-29 22:10:25,060 [main] INFO  grpc.GrpcConfigKeys (ConfUtils.java:logGet(46)) - raft.grpc.server.async.request.thread.pool.cached = true (default)
2023-06-29 22:10:25,061 [main] INFO  grpc.GrpcConfigKeys (ConfUtils.java:logGet(46)) - raft.grpc.server.async.request.thread.pool.size = 32 (default)
2023-06-29 22:10:25,276 [main] INFO  impl.DataStreamServerImpl (ConfUtils.java:logGet(46)) - raft.datastream.type = DISABLED (default)
2023-06-29 22:10:25,278 [main] INFO  server.RaftServerConfigKeys (ConfUtils.java:logGet(46)) - raft.server.threadpool.proxy.cached = true (default)
2023-06-29 22:10:25,279 [main] INFO  server.RaftServerConfigKeys (ConfUtils.java:logGet(46)) - raft.server.threadpool.proxy.size = 0 (default)
2023-06-29 22:10:25,279 [main] INFO  server.RaftServerConfigKeys (ConfUtils.java:logGet(46)) - raft.server.rpc.slowness.timeout = 120s (custom)
2023-06-29 22:10:25,279 [main] INFO  server.RaftServerConfigKeys (ConfUtils.java:logGet(46)) - raft.server.leaderelection.leader.step-down.wait-time = 10s (default)
2023-06-29 22:10:25,281 [main] INFO  server.RaftServerConfigKeys (ConfUtils.java:logGet(46)) - raft.server.storage.dir = [/home/runner/work/ozone/ozone/hadoop-ozone/integration-test/target/test-dir/MiniOzoneClusterImpl-ecb232db-3c23-47bf-871f-23bcde51c85c/ozone-meta/ratis] (custom)
2023-06-29 22:10:25,287 [main] INFO  server.RaftServer (RaftServerProxy.java:addNew(98)) - om1: addNew group-C5BA1605619E:[om1|rpc:localhost:15007|priority:0|startupRole:FOLLOWER] returns group-C5BA1605619E:java.util.concurrent.CompletableFuture@3eafe537[Not completed]
2023-06-29 22:10:25,287 [main] INFO  om.OzoneManager (OzoneManager.java:initializeRatisServer(2137)) - OzoneManager Ratis server initialized at port 15007
2023-06-29 22:10:25,290 [main] INFO  om.OzoneManager (OzoneManager.java:getRpcServer(1185)) - Creating RPC Server
2023-06-29 22:10:25,301 [om1-groupManagement] INFO  server.RaftServer$Division (RaftServerImpl.java:<init>(198)) - om1: new RaftServerImpl for group-C5BA1605619E:[om1|rpc:localhost:15007|priority:0|startupRole:FOLLOWER] with OzoneManagerStateMachine:uninitialized
2023-06-29 22:10:25,306 [om1-groupManagement] INFO  server.RaftServerConfigKeys (ConfUtils.java:logGet(46)) - raft.server.rpc.timeout.min = 1s (custom)
2023-06-29 22:10:25,310 [om1-groupManagement] INFO  server.RaftServerConfigKeys (ConfUtils.java:logGet(46)) - raft.server.rpc.timeout.max = 1200ms (custom)
2023-06-29 22:10:25,310 [om1-groupManagement] INFO  server.RaftServerConfigKeys (ConfUtils.java:logGet(46)) - raft.server.rpc.sleep.time = 25ms (default)
2023-06-29 22:10:25,311 [om1-groupManagement] INFO  server.RaftServerConfigKeys (ConfUtils.java:logGet(46)) - raft.server.rpc.slowness.timeout = 120s (custom)
2023-06-29 22:10:25,311 [om1-groupManagement] INFO  server.RaftServerConfigKeys (ConfUtils.java:logGet(46)) - raft.server.leaderelection.leader.step-down.wait-time = 10s (default)
2023-06-29 22:10:25,311 [om1-groupManagement] INFO  server.RaftServerConfigKeys (ConfUtils.java:logGet(46)) - raft.server.sleep.deviation.threshold = 300ms (default)
2023-06-29 22:10:25,437 [om1-groupManagement] INFO  server.RaftServer$Division (ServerState.java:<init>(120)) - om1@group-C5BA1605619E: ConfigurationManager, init=-1: peers:[om1|rpc:localhost:15007|priority:0|startupRole:FOLLOWER]|listeners:[], old=null, confs=<EMPTY_MAP>
2023-06-29 22:10:25,437 [om1-groupManagement] INFO  server.RaftServerConfigKeys (ConfUtils.java:logGet(46)) - raft.server.storage.dir = [/home/runner/work/ozone/ozone/hadoop-ozone/integration-test/target/test-dir/MiniOzoneClusterImpl-ecb232db-3c23-47bf-871f-23bcde51c85c/ozone-meta/ratis] (custom)
2023-06-29 22:10:25,446 [om1-groupManagement] INFO  server.RaftServerConfigKeys (ConfUtils.java:logGet(46)) - raft.server.log.corruption.policy = EXCEPTION (default)
2023-06-29 22:10:25,446 [om1-groupManagement] INFO  server.RaftServerConfigKeys (ConfUtils.java:logGet(46)) - raft.server.storage.free-space.min = 0MB (=0) (default)
2023-06-29 22:10:25,463 [om1-groupManagement] INFO  server.RaftServerConfigKeys (ConfUtils.java:logGet(46)) - raft.server.notification.no-leader.timeout = 120s (custom)
2023-06-29 22:10:25,470 [om1-groupManagement] INFO  server.RaftServerConfigKeys (ConfUtils.java:logGet(46)) - raft.server.read.timeout = 10s (default)
2023-06-29 22:10:25,476 [om1-groupManagement] INFO  server.RaftServerConfigKeys (ConfUtils.java:logGet(46)) - raft.server.retrycache.expirytime = 300s (custom)
2023-06-29 22:10:25,477 [om1-groupManagement] INFO  server.RaftServerConfigKeys (ConfUtils.java:logGet(46)) - raft.server.retrycache.statistics.expirytime = 100μs (default)
2023-06-29 22:10:25,530 [om1-groupManagement] INFO  server.RaftServerConfigKeys (ConfUtils.java:logGet(46)) - raft.server.read.option = DEFAULT (default)
2023-06-29 22:10:25,591 [om1-groupManagement] INFO  server.RaftServerConfigKeys (ConfUtils.java:logGet(46)) - raft.server.rpc.request.timeout = 3000ms (default)
2023-06-29 22:10:25,596 [om1-groupManagement] INFO  server.RaftServerConfigKeys (ConfUtils.java:logGet(46)) - raft.server.log.appender.install.snapshot.enabled = false (custom)
2023-06-29 22:10:25,596 [om1-groupManagement] INFO  server.RaftServerConfigKeys (ConfUtils.java:logGet(46)) - raft.server.threadpool.server.cached = true (default)
2023-06-29 22:10:25,596 [om1-groupManagement] INFO  server.RaftServerConfigKeys (ConfUtils.java:logGet(46)) - raft.server.threadpool.server.size = 0 (default)
2023-06-29 22:10:25,597 [om1-groupManagement] INFO  server.RaftServerConfigKeys (ConfUtils.java:logGet(46)) - raft.server.threadpool.client.cached = true (default)
2023-06-29 22:10:25,597 [om1-groupManagement] INFO  server.RaftServerConfigKeys (ConfUtils.java:logGet(46)) - raft.server.threadpool.client.size = 0 (default)
2023-06-29 22:10:26,399 [main] INFO  reflections.Reflections (Reflections.java:scan(232)) - Reflections took 904 ms to scan 19 urls, producing 70 keys and 5508 values [using 2 cores]
2023-06-29 22:10:26,573 [main] INFO  ipc.CallQueueManager (CallQueueManager.java:<init>(90)) - Using callQueue: class java.util.concurrent.LinkedBlockingQueue, queueCapacity: 2000, scheduler: class org.apache.hadoop.ipc.DefaultRpcScheduler, ipcBackoff: false.
2023-06-29 22:10:26,574 [main] INFO  ipc.Server (Server.java:<init>(1287)) - Listener at 127.0.0.1:15004
2023-06-29 22:10:26,576 [Socket Reader #1 for port 15004] INFO  ipc.Server (Server.java:run(1323)) - Starting Socket Reader #1 for port 15004
2023-06-29 22:10:26,618 [main] INFO  impl.MetricsSystemImpl (MetricsSystemImpl.java:init(158)) - OzoneManager metrics system started (again)
2023-06-29 22:10:26,630 [main] INFO  om.OzoneManager (OzoneManager.java:start(1615)) - OzoneManager RPC server is listening at localhost/127.0.0.1:15004
2023-06-29 22:10:26,631 [main] INFO  ratis.OzoneManagerRatisServer (OzoneManagerRatisServer.java:start(558)) - Starting OzoneManagerRatisServer om1 at port 15007
2023-06-29 22:10:26,633 [om1-impl-thread1] INFO  storage.RaftStorageDirectory (RaftStorageDirectoryImpl.java:analyzeStorage(137)) - The storage directory /home/runner/work/ozone/ozone/hadoop-ozone/integration-test/target/test-dir/MiniOzoneClusterImpl-ecb232db-3c23-47bf-871f-23bcde51c85c/ozone-meta/ratis/bf265839-605b-3f16-9796-c5ba1605619e does not exist. Creating ...
2023-06-29 22:10:26,636 [om1-impl-thread1] INFO  storage.RaftStorageDirectory (RaftStorageDirectoryImpl.java:tryLock(231)) - Lock on /home/runner/work/ozone/ozone/hadoop-ozone/integration-test/target/test-dir/MiniOzoneClusterImpl-ecb232db-3c23-47bf-871f-23bcde51c85c/ozone-meta/ratis/bf265839-605b-3f16-9796-c5ba1605619e/in_use.lock acquired by nodename 7706@fv-az83-404
2023-06-29 22:10:26,641 [om1-impl-thread1] INFO  storage.RaftStorage (RaftStorageImpl.java:format(96)) - Storage directory /home/runner/work/ozone/ozone/hadoop-ozone/integration-test/target/test-dir/MiniOzoneClusterImpl-ecb232db-3c23-47bf-871f-23bcde51c85c/ozone-meta/ratis/bf265839-605b-3f16-9796-c5ba1605619e has been successfully formatted.
2023-06-29 22:10:26,646 [om1-impl-thread1] INFO  server.RaftServerConfigKeys (ConfUtils.java:logGet(46)) - raft.server.log.use.memory = false (default)
2023-06-29 22:10:26,652 [om1-impl-thread1] INFO  server.RaftServerConfigKeys (ConfUtils.java:logGet(46)) - raft.server.log.purge.gap = 1000000 (custom)
2023-06-29 22:10:26,652 [om1-impl-thread1] INFO  server.RaftServerConfigKeys (ConfUtils.java:logGet(46)) - raft.server.log.appender.buffer.byte-limit = 33554432 (custom)
2023-06-29 22:10:26,654 [om1-impl-thread1] INFO  server.RaftServerConfigKeys (ConfUtils.java:logGet(46)) - raft.server.log.statemachine.data.read.timeout = 1000ms (default)
2023-06-29 22:10:26,656 [om1-impl-thread1] INFO  server.RaftServerConfigKeys (ConfUtils.java:logGet(46)) - raft.server.log.purge.preservation.log.num = 0 (default)
2023-06-29 22:10:26,658 [om1-impl-thread1] INFO  server.RaftServerConfigKeys (ConfUtils.java:logGet(46)) - raft.server.log.segment.size.max = 4194304 (custom)
2023-06-29 22:10:26,662 [om1-impl-thread1] INFO  server.RaftServerConfigKeys (ConfUtils.java:logGet(46)) - raft.server.log.segment.cache.num.max = 2 (custom)
2023-06-29 22:10:26,663 [om1-impl-thread1] INFO  server.RaftServerConfigKeys (ConfUtils.java:logGet(46)) - raft.server.log.segment.cache.size.max = 200MB (=209715200) (default)
2023-06-29 22:10:26,663 [om1-impl-thread1] INFO  server.RaftServerConfigKeys (ConfUtils.java:logGet(46)) - raft.server.log.appender.buffer.byte-limit = 33554432 (custom)
2023-06-29 22:10:26,667 [om1-impl-thread1] INFO  segmented.SegmentedRaftLogWorker (SegmentedRaftLogWorker.java:<init>(188)) - new om1@group-C5BA1605619E-SegmentedRaftLogWorker for RaftStorageImpl:Storage Directory /home/runner/work/ozone/ozone/hadoop-ozone/integration-test/target/test-dir/MiniOzoneClusterImpl-ecb232db-3c23-47bf-871f-23bcde51c85c/ozone-meta/ratis/bf265839-605b-3f16-9796-c5ba1605619e
2023-06-29 22:10:26,668 [om1-impl-thread1] INFO  server.RaftServerConfigKeys (ConfUtils.java:logGet(46)) - raft.server.log.queue.byte-limit = 64MB (=67108864) (default)
2023-06-29 22:10:26,668 [om1-impl-thread1] INFO  server.RaftServerConfigKeys (ConfUtils.java:logGet(46)) - raft.server.log.queue.element-limit = 4096 (default)
2023-06-29 22:10:26,669 [om1-impl-thread1] INFO  server.RaftServerConfigKeys (ConfUtils.java:logGet(46)) - raft.server.log.segment.size.max = 4194304 (custom)
2023-06-29 22:10:26,669 [om1-impl-thread1] INFO  server.RaftServerConfigKeys (ConfUtils.java:logGet(46)) - raft.server.log.preallocated.size = 4194304 (custom)
2023-06-29 22:10:26,669 [om1-impl-thread1] INFO  server.RaftServerConfigKeys (ConfUtils.java:logGet(46)) - raft.server.log.force.sync.num = 128 (default)
2023-06-29 22:10:26,670 [om1-impl-thread1] INFO  server.RaftServerConfigKeys (ConfUtils.java:logGet(46)) - raft.server.log.statemachine.data.sync = true (default)
2023-06-29 22:10:26,670 [om1-impl-thread1] INFO  server.RaftServerConfigKeys (ConfUtils.java:logGet(46)) - raft.server.log.statemachine.data.sync.timeout = 10s (default)
2023-06-29 22:10:26,670 [om1-impl-thread1] INFO  server.RaftServerConfigKeys (ConfUtils.java:logGet(46)) - raft.server.log.statemachine.data.sync.timeout.retry = -1 (default)
2023-06-29 22:10:26,678 [om1-impl-thread1] INFO  server.RaftServerConfigKeys (ConfUtils.java:logGet(46)) - raft.server.log.write.buffer.size = 64KB (=65536) (default)
2023-06-29 22:10:26,678 [om1-impl-thread1] INFO  server.RaftServerConfigKeys (ConfUtils.java:logGet(46)) - raft.server.log.appender.buffer.byte-limit = 33554432 (custom)
2023-06-29 22:10:26,681 [om1-impl-thread1] INFO  server.RaftServerConfigKeys (ConfUtils.java:logGet(46)) - raft.server.log.unsafe-flush.enabled = false (default)
2023-06-29 22:10:26,682 [om1-impl-thread1] INFO  server.RaftServerConfigKeys (ConfUtils.java:logGet(46)) - raft.server.log.async-flush.enabled = false (default)
2023-06-29 22:10:26,682 [om1-impl-thread1] INFO  server.RaftServerConfigKeys (ConfUtils.java:logGet(46)) - raft.server.log.statemachine.data.caching.enabled = false (default)
2023-06-29 22:10:26,687 [om1-impl-thread1] INFO  segmented.SegmentedRaftLogWorker (SegmentedRaftLogWorker.java:lambda$new$0(135)) - om1@group-C5BA1605619E-SegmentedRaftLogWorker: flushIndex: setUnconditionally 0 -> -1
2023-06-29 22:10:26,687 [om1-impl-thread1] INFO  segmented.SegmentedRaftLogWorker (SegmentedRaftLogWorker.java:lambda$new$0(135)) - om1@group-C5BA1605619E-SegmentedRaftLogWorker: safeCacheEvictIndex: setUnconditionally 0 -> -1
2023-06-29 22:10:26,688 [om1-impl-thread1] INFO  server.RaftServer$Division (RaftServerImpl.java:start(342)) - om1@group-C5BA1605619E: start as a follower, conf=-1: peers:[om1|rpc:localhost:15007|priority:0|startupRole:FOLLOWER]|listeners:[], old=null
2023-06-29 22:10:26,693 [om1-impl-thread1] INFO  server.RaftServer$Division (RaftServerImpl.java:setRole(329)) - om1@group-C5BA1605619E: changes role from      null to FOLLOWER at term 0 for startAsFollower
2023-06-29 22:10:26,695 [om1-impl-thread1] INFO  impl.RoleInfo (RoleInfo.java:updateAndGet(139)) - om1: start om1@group-C5BA1605619E-FollowerState
2023-06-29 22:10:26,697 [om1-impl-thread1] INFO  util.JmxRegister (JmxRegister.java:tryRegister(44)) - Successfully registered JMX Bean with object name Ratis:service=RaftServer,group=group-C5BA1605619E,id=om1
2023-06-29 22:10:26,699 [om1-impl-thread1] INFO  server.RaftServerConfigKeys (ConfUtils.java:logGet(46)) - raft.server.snapshot.auto.trigger.enabled = true (custom)
2023-06-29 22:10:26,699 [om1-impl-thread1] INFO  server.RaftServerConfigKeys (ConfUtils.java:logGet(46)) - raft.server.snapshot.auto.trigger.threshold = 400000 (default)
2023-06-29 22:10:26,700 [om1-impl-thread1] INFO  server.RaftServerConfigKeys (ConfUtils.java:logGet(46)) - raft.server.snapshot.retention.file.num = -1 (default)
2023-06-29 22:10:26,700 [om1-impl-thread1] INFO  server.RaftServerConfigKeys (ConfUtils.java:logGet(46)) - raft.server.log.purge.upto.snapshot.index = true (custom)
2023-06-29 22:10:26,704 [om1@group-C5BA1605619E-FollowerState] INFO  server.RaftServerConfigKeys (ConfUtils.java:logFallback(53)) - raft.server.rpc.first-election.timeout.min = 1s (fallback to raft.server.rpc.timeout.min)
2023-06-29 22:10:26,704 [om1@group-C5BA1605619E-FollowerState] INFO  server.RaftServerConfigKeys (ConfUtils.java:logFallback(53)) - raft.server.rpc.first-election.timeout.max = 1200ms (fallback to raft.server.rpc.timeout.max)
2023-06-29 22:10:26,707 [main] INFO  server.RaftServer (RaftServerProxy.java:startImpl(400)) - om1: start RPC server
2023-06-29 22:10:26,752 [main] INFO  server.GrpcService (GrpcService.java:startImpl(302)) - om1: GrpcService started, listening on 15007
2023-06-29 22:10:26,754 [main] INFO  om.OzoneManager (OzoneManager.java:start(1631)) - Version File has different layout version (6) than OM DB (null). That is expected if this OM has never been finalized to a newer layout version.
2023-06-29 22:10:26,760 [JvmPauseMonitor1] INFO  util.JvmPauseMonitor (JvmPauseMonitor.java:run(103)) - JvmPauseMonitor-om1: Started
2023-06-29 22:10:26,783 [main] INFO  http.BaseHttpServer (BaseHttpServer.java:newHttpServer2BuilderForOzone(224)) - Starting Web-server for ozoneManager at: http://0.0.0.0:15005
2023-06-29 22:10:26,783 [main] INFO  http.BaseHttpServer (BaseHttpServer.java:<init>(111)) - Hadoop Security Enabled: false Ozone Security Enabled: false Ozone HTTP Security Enabled: false 
2023-06-29 22:10:26,786 [main] WARN  server.AuthenticationFilter (AuthenticationFilter.java:constructSecretProvider(240)) - Unable to initialize FileSignerSecretProvider, falling back to use random secrets. Reason: Could not read signature secret file: /home/runner/hadoop-http-auth-signature-secret
2023-06-29 22:10:26,793 [main] INFO  http.HttpRequestLog (HttpRequestLog.java:getRequestLog(86)) - Http request log for http.requests.ozoneManager is not defined
2023-06-29 22:10:26,795 [main] INFO  http.HttpServer2 (HttpServer2.java:addGlobalFilter(1031)) - Added global filter 'safety' (class=org.apache.hadoop.hdds.server.http.HttpServer2$QuotingInputFilter)
2023-06-29 22:10:26,796 [main] INFO  http.HttpServer2 (HttpServer2.java:addFilter(1007)) - Added filter static_user_filter (class=org.apache.hadoop.http.lib.StaticUserWebFilter$StaticUserFilter) to context ozoneManager
2023-06-29 22:10:26,796 [main] INFO  http.HttpServer2 (HttpServer2.java:addFilter(1015)) - Added filter static_user_filter (class=org.apache.hadoop.http.lib.StaticUserWebFilter$StaticUserFilter) to context logs
2023-06-29 22:10:26,797 [main] INFO  http.HttpServer2 (HttpServer2.java:addFilter(1015)) - Added filter static_user_filter (class=org.apache.hadoop.http.lib.StaticUserWebFilter$StaticUserFilter) to context static
2023-06-29 22:10:26,798 [main] INFO  http.BaseHttpServer (BaseHttpServer.java:<init>(190)) - HTTP server of ozoneManager uses base directory /home/runner/work/ozone/ozone/hadoop-ozone/integration-test/target/test-dir/MiniOzoneClusterImpl-ecb232db-3c23-47bf-871f-23bcde51c85c/ozone-meta/webserver
2023-06-29 22:10:26,801 [main] INFO  http.HttpServer2 (HttpServer2.java:bindListener(1250)) - Jetty bound to port 15005
2023-06-29 22:10:26,801 [main] INFO  server.Server (Server.java:doStart(375)) - jetty-9.4.51.v20230217; built: 2023-02-17T08:19:37.309Z; git: b45c405e4544384de066f814ed42ae3dceacdd49; jvm 1.8.0_372-b07
2023-06-29 22:10:26,815 [main] INFO  server.session (DefaultSessionIdManager.java:doStart(334)) - DefaultSessionIdManager workerName=node0
2023-06-29 22:10:26,815 [main] INFO  server.session (DefaultSessionIdManager.java:doStart(339)) - No SessionScavenger set, using defaults
2023-06-29 22:10:26,815 [main] INFO  server.session (HouseKeeper.java:startScavenging(132)) - node0 Scavenging every 600000ms
2023-06-29 22:10:26,816 [main] INFO  handler.ContextHandler (ContextHandler.java:doStart(921)) - Started o.e.j.s.ServletContextHandler@6ae0e411{logs,/logs,file:///home/runner/work/ozone/ozone/hadoop-ozone/integration-test/target/log,AVAILABLE}
2023-06-29 22:10:26,817 [main] INFO  handler.ContextHandler (ContextHandler.java:doStart(921)) - Started o.e.j.s.ServletContextHandler@440bf250{static,/static,file:///home/runner/work/ozone/ozone/hadoop-ozone/integration-test/target/test-classes/webapps/static,AVAILABLE}
2023-06-29 22:10:26,820 [main] INFO  handler.ContextHandler (ContextHandler.java:doStart(921)) - Started o.e.j.w.WebAppContext@67cd916{ozoneManager,/,file:///home/runner/work/ozone/ozone/hadoop-ozone/integration-test/target/test-classes/webapps/ozoneManager/,AVAILABLE}{file:/home/runner/work/ozone/ozone/hadoop-ozone/integration-test/target/test-classes/webapps/ozoneManager}
2023-06-29 22:10:26,822 [main] INFO  server.AbstractConnector (AbstractConnector.java:doStart(333)) - Started ServerConnector@6e92e40a{HTTP/1.1, (http/1.1)}{0.0.0.0:15005}
2023-06-29 22:10:26,822 [main] INFO  server.Server (Server.java:doStart(415)) - Started @7645ms
2023-06-29 22:10:26,822 [main] WARN  impl.MetricsSystemImpl (MetricsSystemImpl.java:register(279)) - Sink prometheus already exists!
2023-06-29 22:10:26,823 [main] INFO  http.BaseHttpServer (BaseHttpServer.java:updateConnectorAddress(344)) - HTTP server of ozoneManager listening at http://0.0.0.0:15005
2023-06-29 22:10:26,823 [IPC Server Responder] INFO  ipc.Server (Server.java:run(1562)) - IPC Server Responder: starting
2023-06-29 22:10:26,823 [IPC Server listener on 15004] INFO  ipc.Server (Server.java:run(1402)) - IPC Server listener on 15004: starting
2023-06-29 22:10:26,833 [main] INFO  om.OzoneManager (OzoneManager.java:startTrashEmptier(2090)) - Trash Interval set to 0. Files deleted won't move to trash
2023-06-29 22:10:26,973 [main] WARN  impl.MetricRegistriesImpl (MetricRegistriesImpl.java:addReporterRegistration(111)) - New reporters are added after registries were created. Some metrics will be missing from the reporter. Please add reporter before adding any new registry.
2023-06-29 22:10:26,973 [main] WARN  impl.MetricRegistriesImpl (MetricRegistriesImpl.java:addReporterRegistration(111)) - New reporters are added after registries were created. Some metrics will be missing from the reporter. Please add reporter before adding any new registry.
2023-06-29 22:10:26,973 [main] INFO  impl.MetricsSystemImpl (MetricsSystemImpl.java:init(158)) - HddsDatanode metrics system started (again)
2023-06-29 22:10:26,996 [main] INFO  ozone.HddsDatanodeService (HddsDatanodeService.java:start(237)) - HddsDatanodeService host:fv-az83-404.uavyq1izdhte5b0ne1us2eqzhb.jx.internal.cloudapp.net ip:10.1.0.248
2023-06-29 22:10:27,034 [main] INFO  upgrade.AbstractLayoutVersionManager (AbstractLayoutVersionManager.java:init(83)) - Initializing Layout version manager with metadata layout = HADOOP_PRC_PORTS_IN_DATANODEDETAILS (version = 7), software layout = HADOOP_PRC_PORTS_IN_DATANODEDETAILS (version = 7)
2023-06-29 22:10:27,037 [main] INFO  statemachine.DatanodeStateMachine (DatanodeStateMachine.java:getEndPointTaskThreadPoolSize(279)) - Datanode State Machine Task Thread Pool size 2
2023-06-29 22:10:27,122 [main] INFO  volume.HddsVolume (HddsVolume.java:<init>(133)) - Creating HddsVolume: /home/runner/work/ozone/ozone/hadoop-ozone/integration-test/target/test-dir/MiniOzoneClusterImpl-ecb232db-3c23-47bf-871f-23bcde51c85c/datanode-0/data-0/containers/hdds of storage type : DISK capacity : 9223372036854775807
2023-06-29 22:10:27,125 [main] INFO  volume.MutableVolumeSet (MutableVolumeSet.java:initializeVolumeSet(175)) - Added Volume : /home/runner/work/ozone/ozone/hadoop-ozone/integration-test/target/test-dir/MiniOzoneClusterImpl-ecb232db-3c23-47bf-871f-23bcde51c85c/datanode-0/data-0/containers/hdds to VolumeSet
2023-06-29 22:10:27,126 [main] INFO  volume.ThrottledAsyncChecker (ThrottledAsyncChecker.java:schedule(141)) - Scheduling a check for /home/runner/work/ozone/ozone/hadoop-ozone/integration-test/target/test-dir/MiniOzoneClusterImpl-ecb232db-3c23-47bf-871f-23bcde51c85c/datanode-0/data-0/containers/hdds
2023-06-29 22:10:27,168 [main] INFO  volume.StorageVolumeChecker (StorageVolumeChecker.java:checkAllVolumes(202)) - Scheduled health check for volume /home/runner/work/ozone/ozone/hadoop-ozone/integration-test/target/test-dir/MiniOzoneClusterImpl-ecb232db-3c23-47bf-871f-23bcde51c85c/datanode-0/data-0/containers/hdds
2023-06-29 22:10:27,178 [main] INFO  volume.MutableVolumeSet (MutableVolumeSet.java:initializeVolumeSet(175)) - Added Volume : /home/runner/work/ozone/ozone/hadoop-ozone/integration-test/target/test-dir/MiniOzoneClusterImpl-ecb232db-3c23-47bf-871f-23bcde51c85c/datanode-0/data/ratis to VolumeSet
2023-06-29 22:10:27,179 [main] INFO  volume.ThrottledAsyncChecker (ThrottledAsyncChecker.java:schedule(141)) - Scheduling a check for /home/runner/work/ozone/ozone/hadoop-ozone/integration-test/target/test-dir/MiniOzoneClusterImpl-ecb232db-3c23-47bf-871f-23bcde51c85c/datanode-0/data/ratis
2023-06-29 22:10:27,179 [main] INFO  volume.StorageVolumeChecker (StorageVolumeChecker.java:checkAllVolumes(202)) - Scheduled health check for volume /home/runner/work/ozone/ozone/hadoop-ozone/integration-test/target/test-dir/MiniOzoneClusterImpl-ecb232db-3c23-47bf-871f-23bcde51c85c/datanode-0/data/ratis
2023-06-29 22:10:27,193 [Thread-139] INFO  ozoneimpl.ContainerReader (ContainerReader.java:readVolume(175)) - Finish verifying containers on volume /home/runner/work/ozone/ozone/hadoop-ozone/integration-test/target/test-dir/MiniOzoneClusterImpl-ecb232db-3c23-47bf-871f-23bcde51c85c/datanode-0/data-0/containers/hdds
2023-06-29 22:10:27,194 [main] INFO  ozoneimpl.OzoneContainer (OzoneContainer.java:buildContainerSet(316)) - Build ContainerSet costs 0s
2023-06-29 22:10:27,250 [main] INFO  audit.AuditLogger (AuditLogger.java:refreshDebugCmdSet(126)) - Refresh DebugCmdSet for DNAudit to [].
2023-06-29 22:10:27,282 [main] INFO  server.RaftServer (ConfUtils.java:logGet(46)) - raft.rpc.type = GRPC (default)
2023-06-29 22:10:27,287 [main] INFO  grpc.GrpcConfigKeys (ConfUtils.java:logFallback(53)) - raft.grpc.admin.host = null (fallback to raft.grpc.server.host)
2023-06-29 22:10:27,288 [main] INFO  grpc.GrpcConfigKeys (ConfUtils.java:logGet(46)) - raft.grpc.admin.port = 15013 (custom)
2023-06-29 22:10:27,288 [main] INFO  grpc.GrpcConfigKeys (ConfUtils.java:logFallback(53)) - raft.grpc.client.host = null (fallback to raft.grpc.server.host)
2023-06-29 22:10:27,289 [main] INFO  grpc.GrpcConfigKeys (ConfUtils.java:logGet(46)) - raft.grpc.client.port = 15012 (custom)
2023-06-29 22:10:27,289 [main] INFO  grpc.GrpcConfigKeys (ConfUtils.java:logGet(46)) - raft.grpc.server.host = null (default)
2023-06-29 22:10:27,289 [main] INFO  grpc.GrpcConfigKeys (ConfUtils.java:logGet(46)) - raft.grpc.server.port = 15014 (custom)
2023-06-29 22:10:27,289 [main] INFO  server.GrpcService (ConfUtils.java:logGet(46)) - raft.grpc.message.size.max = 32MB (=33554432) (custom)
2023-06-29 22:10:27,289 [main] INFO  server.RaftServerConfigKeys (ConfUtils.java:logGet(46)) - raft.server.log.appender.buffer.byte-limit = 33554432 (custom)
2023-06-29 22:10:27,289 [main] INFO  server.GrpcService (ConfUtils.java:logGet(46)) - raft.grpc.flow.control.window = 5MB (=5242880) (custom)
2023-06-29 22:10:27,290 [main] INFO  server.RaftServerConfigKeys (ConfUtils.java:logGet(46)) - raft.server.rpc.request.timeout = 60s (custom)
2023-06-29 22:10:27,290 [main] INFO  grpc.GrpcConfigKeys (ConfUtils.java:logGet(46)) - raft.grpc.server.heartbeat.channel = true (default)
2023-06-29 22:10:27,290 [main] INFO  grpc.GrpcConfigKeys (ConfUtils.java:logGet(46)) - raft.grpc.server.async.request.thread.pool.cached = true (default)
2023-06-29 22:10:27,290 [main] INFO  grpc.GrpcConfigKeys (ConfUtils.java:logGet(46)) - raft.grpc.server.async.request.thread.pool.size = 32 (default)
2023-06-29 22:10:27,293 [main] INFO  impl.DataStreamServerImpl (ConfUtils.java:logGet(46)) - raft.datastream.type = NETTY (custom)
2023-06-29 22:10:27,302 [main] INFO  server.RaftServerConfigKeys (ConfUtils.java:logGet(46)) - raft.server.data-stream.async.request.thread.pool.cached = false (default)
2023-06-29 22:10:27,303 [main] INFO  server.RaftServerConfigKeys (ConfUtils.java:logGet(46)) - raft.server.data-stream.async.request.thread.pool.size = 20 (custom)
2023-06-29 22:10:27,303 [main] INFO  server.RaftServerConfigKeys (ConfUtils.java:logGet(46)) - raft.server.data-stream.async.write.thread.pool.size = 16 (default)
2023-06-29 22:10:27,304 [main] INFO  server.RaftServerConfigKeys (ConfUtils.java:logGet(46)) - raft.server.data-stream.client.pool.size = 10 (default)
2023-06-29 22:10:27,306 [main] INFO  netty.NettyConfigKeys$DataStream (ConfUtils.java:logGet(46)) - raft.netty.dataStream.server.use-epoll = false (default)
2023-06-29 22:10:27,307 [main] INFO  netty.NettyConfigKeys$DataStream (ConfUtils.java:logGet(46)) - raft.netty.dataStream.server.boss-group.size = 0 (default)
2023-06-29 22:10:27,313 [main] INFO  netty.NettyConfigKeys$DataStream (ConfUtils.java:logGet(46)) - raft.netty.dataStream.server.worker-group.size = 0 (default)
2023-06-29 22:10:27,314 [main] INFO  netty.NettyConfigKeys$DataStream (ConfUtils.java:logGet(46)) - raft.netty.dataStream.server.tls.conf = null (default)
2023-06-29 22:10:27,315 [main] INFO  netty.NettyConfigKeys$DataStream (ConfUtils.java:logGet(46)) - raft.netty.dataStream.host = null (default)
2023-06-29 22:10:27,316 [main] INFO  netty.NettyConfigKeys$DataStream (ConfUtils.java:logGet(46)) - raft.netty.dataStream.port = 15015 (custom)
2023-06-29 22:10:27,325 [main] INFO  server.RaftServerConfigKeys (ConfUtils.java:logGet(46)) - raft.server.threadpool.proxy.cached = true (default)
2023-06-29 22:10:27,325 [main] INFO  server.RaftServerConfigKeys (ConfUtils.java:logGet(46)) - raft.server.threadpool.proxy.size = 0 (default)
2023-06-29 22:10:27,326 [main] INFO  server.RaftServerConfigKeys (ConfUtils.java:logGet(46)) - raft.server.rpc.slowness.timeout = 300s (custom)
2023-06-29 22:10:27,326 [main] INFO  server.RaftServerConfigKeys (ConfUtils.java:logGet(46)) - raft.server.leaderelection.leader.step-down.wait-time = 10s (default)
2023-06-29 22:10:27,326 [main] INFO  server.RaftServerConfigKeys (ConfUtils.java:logGet(46)) - raft.server.storage.dir = [/home/runner/work/ozone/ozone/hadoop-ozone/integration-test/target/test-dir/MiniOzoneClusterImpl-ecb232db-3c23-47bf-871f-23bcde51c85c/datanode-0/data/ratis] (custom)
2023-06-29 22:10:27,349 [48be0ea8-46a6-4e80-b936-879c72e065d6-NettyServerStreamRpc-bossGroup--thread1] INFO  logging.LoggingHandler (AbstractInternalLogger.java:log(148)) - [id: 0x16123c10] REGISTERED
2023-06-29 22:10:27,350 [48be0ea8-46a6-4e80-b936-879c72e065d6-NettyServerStreamRpc-bossGroup--thread1] INFO  logging.LoggingHandler (AbstractInternalLogger.java:log(148)) - [id: 0x16123c10] BIND: 0.0.0.0/0.0.0.0:15015
2023-06-29 22:10:27,351 [48be0ea8-46a6-4e80-b936-879c72e065d6-NettyServerStreamRpc-bossGroup--thread1] INFO  logging.LoggingHandler (AbstractInternalLogger.java:log(148)) - [id: 0x16123c10, L:/0:0:0:0:0:0:0:0:15015] ACTIVE
2023-06-29 22:10:27,362 [main] INFO  server.XceiverServerGrpc (XceiverServerGrpc.java:<init>(132)) - GrpcServer channel type EpollServerSocketChannel
2023-06-29 22:10:27,405 [main] INFO  replication.ReplicationSupervisor (ReplicationSupervisor.java:nodeStateUpdated(305)) - Node state updated to IN_SERVICE, scaling executor pool size to 10
2023-06-29 22:10:27,460 [main] INFO  http.BaseHttpServer (BaseHttpServer.java:newHttpServer2BuilderForOzone(224)) - Starting Web-server for hddsDatanode at: http://0.0.0.0:15009
2023-06-29 22:10:27,460 [main] INFO  http.BaseHttpServer (BaseHttpServer.java:<init>(111)) - Hadoop Security Enabled: false Ozone Security Enabled: false Ozone HTTP Security Enabled: false 
2023-06-29 22:10:27,462 [main] WARN  server.AuthenticationFilter (AuthenticationFilter.java:constructSecretProvider(240)) - Unable to initialize FileSignerSecretProvider, falling back to use random secrets. Reason: Could not read signature secret file: /home/runner/hadoop-http-auth-signature-secret
2023-06-29 22:10:27,464 [main] INFO  http.HttpRequestLog (HttpRequestLog.java:getRequestLog(86)) - Http request log for http.requests.hddsDatanode is not defined
2023-06-29 22:10:27,467 [main] INFO  http.HttpServer2 (HttpServer2.java:addGlobalFilter(1031)) - Added global filter 'safety' (class=org.apache.hadoop.hdds.server.http.HttpServer2$QuotingInputFilter)
2023-06-29 22:10:27,468 [main] INFO  http.HttpServer2 (HttpServer2.java:addFilter(1007)) - Added filter static_user_filter (class=org.apache.hadoop.http.lib.StaticUserWebFilter$StaticUserFilter) to context hddsDatanode
2023-06-29 22:10:27,469 [main] INFO  http.HttpServer2 (HttpServer2.java:addFilter(1015)) - Added filter static_user_filter (class=org.apache.hadoop.http.lib.StaticUserWebFilter$StaticUserFilter) to context logs
2023-06-29 22:10:27,469 [main] INFO  http.HttpServer2 (HttpServer2.java:addFilter(1015)) - Added filter static_user_filter (class=org.apache.hadoop.http.lib.StaticUserWebFilter$StaticUserFilter) to context static
2023-06-29 22:10:27,473 [main] INFO  http.BaseHttpServer (BaseHttpServer.java:<init>(190)) - HTTP server of hddsDatanode uses base directory /home/runner/work/ozone/ozone/hadoop-ozone/integration-test/target/test-dir/MiniOzoneClusterImpl-ecb232db-3c23-47bf-871f-23bcde51c85c/datanode-0/meta/webserver
2023-06-29 22:10:27,473 [main] INFO  http.HttpServer2 (HttpServer2.java:bindListener(1250)) - Jetty bound to port 15009
2023-06-29 22:10:27,473 [main] INFO  server.Server (Server.java:doStart(375)) - jetty-9.4.51.v20230217; built: 2023-02-17T08:19:37.309Z; git: b45c405e4544384de066f814ed42ae3dceacdd49; jvm 1.8.0_372-b07
2023-06-29 22:10:27,475 [main] INFO  server.session (DefaultSessionIdManager.java:doStart(334)) - DefaultSessionIdManager workerName=node0
2023-06-29 22:10:27,476 [main] INFO  server.session (DefaultSessionIdManager.java:doStart(339)) - No SessionScavenger set, using defaults
2023-06-29 22:10:27,476 [main] INFO  server.session (HouseKeeper.java:startScavenging(132)) - node0 Scavenging every 660000ms
2023-06-29 22:10:27,477 [main] INFO  handler.ContextHandler (ContextHandler.java:doStart(921)) - Started o.e.j.s.ServletContextHandler@3c546124{logs,/logs,file:///home/runner/work/ozone/ozone/hadoop-ozone/integration-test/target/log,AVAILABLE}
2023-06-29 22:10:27,478 [main] INFO  handler.ContextHandler (ContextHandler.java:doStart(921)) - Started o.e.j.s.ServletContextHandler@742ff968{static,/static,jar:file:/home/runner/.m2/repository/org/apache/ozone/hdds-container-service/1.4.0-SNAPSHOT/hdds-container-service-1.4.0-SNAPSHOT.jar!/webapps/static,AVAILABLE}
2023-06-29 22:10:27,722 [main] INFO  handler.ContextHandler (ContextHandler.java:doStart(921)) - Started o.e.j.w.WebAppContext@1191c0d7{hddsDatanode,/,file:///home/runner/work/ozone/ozone/hadoop-ozone/integration-test/target/test-dir/MiniOzoneClusterImpl-ecb232db-3c23-47bf-871f-23bcde51c85c/datanode-0/meta/webserver/jetty-0_0_0_0-15009-hdds-container-service-1_4_0-SNAPSHOT_jar-_-any-5945911199507345211/webapp/,AVAILABLE}{jar:file:/home/runner/.m2/repository/org/apache/ozone/hdds-container-service/1.4.0-SNAPSHOT/hdds-container-service-1.4.0-SNAPSHOT.jar!/webapps/hddsDatanode}
2023-06-29 22:10:27,745 [main] INFO  server.AbstractConnector (AbstractConnector.java:doStart(333)) - Started ServerConnector@6f8922c0{HTTP/1.1, (http/1.1)}{0.0.0.0:15009}
2023-06-29 22:10:27,746 [main] INFO  server.Server (Server.java:doStart(415)) - Started @8568ms
2023-06-29 22:10:27,746 [main] WARN  impl.MetricsSystemImpl (MetricsSystemImpl.java:register(279)) - Sink prometheus already exists!
2023-06-29 22:10:27,746 [main] INFO  http.BaseHttpServer (BaseHttpServer.java:updateConnectorAddress(344)) - HTTP server of hddsDatanode listening at http://0.0.0.0:15009
2023-06-29 22:10:27,750 [main] INFO  ipc.CallQueueManager (CallQueueManager.java:<init>(90)) - Using callQueue: class java.util.concurrent.LinkedBlockingQueue, queueCapacity: 100, scheduler: class org.apache.hadoop.ipc.DefaultRpcScheduler, ipcBackoff: false.
2023-06-29 22:10:27,750 [main] INFO  ipc.Server (Server.java:<init>(1287)) - Listener at 0.0.0.0:15010
2023-06-29 22:10:27,751 [Socket Reader #1 for port 15010] INFO  ipc.Server (Server.java:run(1323)) - Starting Socket Reader #1 for port 15010
2023-06-29 22:10:27,753 [main] INFO  ozone.HddsDatanodeService (HddsDatanodeService.java:start(315)) - Datanode start with admins: [runner]
2023-06-29 22:10:27,757 [main] INFO  ozone.HddsDatanodeClientProtocolServer (HddsDatanodeClientProtocolServer.java:start(72)) - RPC server for Client /0.0.0.0:15010
2023-06-29 22:10:27,758 [IPC Server Responder] INFO  ipc.Server (Server.java:run(1562)) - IPC Server Responder: starting
2023-06-29 22:10:27,758 [IPC Server listener on 15010] INFO  ipc.Server (Server.java:run(1402)) - IPC Server listener on 15010: starting
2023-06-29 22:10:27,759 [main] WARN  impl.MetricRegistriesImpl (MetricRegistriesImpl.java:addReporterRegistration(111)) - New reporters are added after registries were created. Some metrics will be missing from the reporter. Please add reporter before adding any new registry.
2023-06-29 22:10:27,759 [main] WARN  impl.MetricRegistriesImpl (MetricRegistriesImpl.java:addReporterRegistration(111)) - New reporters are added after registries were created. Some metrics will be missing from the reporter. Please add reporter before adding any new registry.
2023-06-29 22:10:27,759 [main] INFO  impl.MetricsSystemImpl (MetricsSystemImpl.java:init(158)) - HddsDatanode metrics system started (again)
2023-06-29 22:10:27,769 [Datanode State Machine Daemon Thread] INFO  statemachine.DatanodeStateMachine (DatanodeStateMachine.java:lambda$startDaemon$0(531)) - Ozone container server started.
2023-06-29 22:10:27,777 [main] INFO  ozone.HddsDatanodeService (HddsDatanodeService.java:start(237)) - HddsDatanodeService host:fv-az83-404.uavyq1izdhte5b0ne1us2eqzhb.jx.internal.cloudapp.net ip:10.1.0.248
2023-06-29 22:10:27,812 [main] INFO  upgrade.AbstractLayoutVersionManager (AbstractLayoutVersionManager.java:init(83)) - Initializing Layout version manager with metadata layout = HADOOP_PRC_PORTS_IN_DATANODEDETAILS (version = 7), software layout = HADOOP_PRC_PORTS_IN_DATANODEDETAILS (version = 7)
2023-06-29 22:10:27,814 [main] INFO  statemachine.DatanodeStateMachine (DatanodeStateMachine.java:getEndPointTaskThreadPoolSize(279)) - Datanode State Machine Task Thread Pool size 2
2023-06-29 22:10:27,824 [main] INFO  volume.HddsVolume (HddsVolume.java:<init>(133)) - Creating HddsVolume: /home/runner/work/ozone/ozone/hadoop-ozone/integration-test/target/test-dir/MiniOzoneClusterImpl-ecb232db-3c23-47bf-871f-23bcde51c85c/datanode-1/data-0/containers/hdds of storage type : DISK capacity : 9223372036854775807
2023-06-29 22:10:27,825 [main] INFO  volume.MutableVolumeSet (MutableVolumeSet.java:initializeVolumeSet(175)) - Added Volume : /home/runner/work/ozone/ozone/hadoop-ozone/integration-test/target/test-dir/MiniOzoneClusterImpl-ecb232db-3c23-47bf-871f-23bcde51c85c/datanode-1/data-0/containers/hdds to VolumeSet
2023-06-29 22:10:27,825 [main] INFO  volume.ThrottledAsyncChecker (ThrottledAsyncChecker.java:schedule(141)) - Scheduling a check for /home/runner/work/ozone/ozone/hadoop-ozone/integration-test/target/test-dir/MiniOzoneClusterImpl-ecb232db-3c23-47bf-871f-23bcde51c85c/datanode-1/data-0/containers/hdds
2023-06-29 22:10:27,832 [main] INFO  volume.StorageVolumeChecker (StorageVolumeChecker.java:checkAllVolumes(202)) - Scheduled health check for volume /home/runner/work/ozone/ozone/hadoop-ozone/integration-test/target/test-dir/MiniOzoneClusterImpl-ecb232db-3c23-47bf-871f-23bcde51c85c/datanode-1/data-0/containers/hdds
2023-06-29 22:10:27,835 [main] INFO  volume.MutableVolumeSet (MutableVolumeSet.java:initializeVolumeSet(175)) - Added Volume : /home/runner/work/ozone/ozone/hadoop-ozone/integration-test/target/test-dir/MiniOzoneClusterImpl-ecb232db-3c23-47bf-871f-23bcde51c85c/datanode-1/data/ratis to VolumeSet
2023-06-29 22:10:27,835 [main] INFO  volume.ThrottledAsyncChecker (ThrottledAsyncChecker.java:schedule(141)) - Scheduling a check for /home/runner/work/ozone/ozone/hadoop-ozone/integration-test/target/test-dir/MiniOzoneClusterImpl-ecb232db-3c23-47bf-871f-23bcde51c85c/datanode-1/data/ratis
2023-06-29 22:10:27,835 [main] INFO  volume.StorageVolumeChecker (StorageVolumeChecker.java:checkAllVolumes(202)) - Scheduled health check for volume /home/runner/work/ozone/ozone/hadoop-ozone/integration-test/target/test-dir/MiniOzoneClusterImpl-ecb232db-3c23-47bf-871f-23bcde51c85c/datanode-1/data/ratis
2023-06-29 22:10:27,839 [Thread-156] INFO  ozoneimpl.ContainerReader (ContainerReader.java:readVolume(175)) - Finish verifying containers on volume /home/runner/work/ozone/ozone/hadoop-ozone/integration-test/target/test-dir/MiniOzoneClusterImpl-ecb232db-3c23-47bf-871f-23bcde51c85c/datanode-1/data-0/containers/hdds
2023-06-29 22:10:27,840 [main] INFO  ozoneimpl.OzoneContainer (OzoneContainer.java:buildContainerSet(316)) - Build ContainerSet costs 0s
2023-06-29 22:10:27,844 [main] INFO  server.RaftServer (ConfUtils.java:logGet(46)) - raft.rpc.type = GRPC (default)
2023-06-29 22:10:27,844 [main] INFO  grpc.GrpcConfigKeys (ConfUtils.java:logFallback(53)) - raft.grpc.admin.host = null (fallback to raft.grpc.server.host)
2023-06-29 22:10:27,844 [main] INFO  grpc.GrpcConfigKeys (ConfUtils.java:logGet(46)) - raft.grpc.admin.port = 15022 (custom)
2023-06-29 22:10:27,844 [main] INFO  grpc.GrpcConfigKeys (ConfUtils.java:logFallback(53)) - raft.grpc.client.host = null (fallback to raft.grpc.server.host)
2023-06-29 22:10:27,845 [main] INFO  grpc.GrpcConfigKeys (ConfUtils.java:logGet(46)) - raft.grpc.client.port = 15021 (custom)
2023-06-29 22:10:27,845 [main] INFO  grpc.GrpcConfigKeys (ConfUtils.java:logGet(46)) - raft.grpc.server.host = null (default)
2023-06-29 22:10:27,845 [main] INFO  grpc.GrpcConfigKeys (ConfUtils.java:logGet(46)) - raft.grpc.server.port = 15023 (custom)
2023-06-29 22:10:27,847 [main] INFO  server.GrpcService (ConfUtils.java:logGet(46)) - raft.grpc.message.size.max = 32MB (=33554432) (custom)
2023-06-29 22:10:27,848 [main] INFO  server.RaftServerConfigKeys (ConfUtils.java:logGet(46)) - raft.server.log.appender.buffer.byte-limit = 33554432 (custom)
2023-06-29 22:10:27,849 [main] INFO  server.GrpcService (ConfUtils.java:logGet(46)) - raft.grpc.flow.control.window = 5MB (=5242880) (custom)
2023-06-29 22:10:27,849 [main] INFO  server.RaftServerConfigKeys (ConfUtils.java:logGet(46)) - raft.server.rpc.request.timeout = 60s (custom)
2023-06-29 22:10:27,850 [main] INFO  grpc.GrpcConfigKeys (ConfUtils.java:logGet(46)) - raft.grpc.server.heartbeat.channel = true (default)
2023-06-29 22:10:27,850 [main] INFO  grpc.GrpcConfigKeys (ConfUtils.java:logGet(46)) - raft.grpc.server.async.request.thread.pool.cached = true (default)
2023-06-29 22:10:27,851 [main] INFO  grpc.GrpcConfigKeys (ConfUtils.java:logGet(46)) - raft.grpc.server.async.request.thread.pool.size = 32 (default)
2023-06-29 22:10:27,855 [main] INFO  impl.DataStreamServerImpl (ConfUtils.java:logGet(46)) - raft.datastream.type = NETTY (custom)
2023-06-29 22:10:27,859 [main] INFO  server.RaftServerConfigKeys (ConfUtils.java:logGet(46)) - raft.server.data-stream.async.request.thread.pool.cached = false (default)
2023-06-29 22:10:27,859 [main] INFO  server.RaftServerConfigKeys (ConfUtils.java:logGet(46)) - raft.server.data-stream.async.request.thread.pool.size = 20 (custom)
2023-06-29 22:10:27,860 [om1@group-C5BA1605619E-FollowerState] INFO  impl.FollowerState (FollowerState.java:run(143)) - om1@group-C5BA1605619E-FollowerState: change to CANDIDATE, lastRpcElapsedTime:1165699395ns, electionTimeout:1155ms
2023-06-29 22:10:27,861 [main] INFO  server.RaftServerConfigKeys (ConfUtils.java:logGet(46)) - raft.server.data-stream.async.write.thread.pool.size = 16 (default)
2023-06-29 22:10:27,861 [main] INFO  server.RaftServerConfigKeys (ConfUtils.java:logGet(46)) - raft.server.data-stream.client.pool.size = 10 (default)
2023-06-29 22:10:27,861 [main] INFO  netty.NettyConfigKeys$DataStream (ConfUtils.java:logGet(46)) - raft.netty.dataStream.server.use-epoll = false (default)
2023-06-29 22:10:27,861 [main] INFO  netty.NettyConfigKeys$DataStream (ConfUtils.java:logGet(46)) - raft.netty.dataStream.server.boss-group.size = 0 (default)
2023-06-29 22:10:27,861 [om1@group-C5BA1605619E-FollowerState] INFO  impl.RoleInfo (RoleInfo.java:shutdownFollowerState(110)) - om1: shutdown om1@group-C5BA1605619E-FollowerState
2023-06-29 22:10:27,864 [main] INFO  netty.NettyConfigKeys$DataStream (ConfUtils.java:logGet(46)) - raft.netty.dataStream.server.worker-group.size = 0 (default)
2023-06-29 22:10:27,864 [om1@group-C5BA1605619E-FollowerState] INFO  server.RaftServer$Division (RaftServerImpl.java:setRole(329)) - om1@group-C5BA1605619E: changes role from  FOLLOWER to CANDIDATE at term 0 for changeToCandidate
2023-06-29 22:10:27,864 [main] INFO  netty.NettyConfigKeys$DataStream (ConfUtils.java:logGet(46)) - raft.netty.dataStream.server.tls.conf = null (default)
2023-06-29 22:10:27,865 [main] INFO  netty.NettyConfigKeys$DataStream (ConfUtils.java:logGet(46)) - raft.netty.dataStream.host = null (default)
2023-06-29 22:10:27,865 [main] INFO  netty.NettyConfigKeys$DataStream (ConfUtils.java:logGet(46)) - raft.netty.dataStream.port = 15024 (custom)
2023-06-29 22:10:27,871 [main] INFO  server.RaftServerConfigKeys (ConfUtils.java:logGet(46)) - raft.server.threadpool.proxy.cached = true (default)
2023-06-29 22:10:27,871 [main] INFO  server.RaftServerConfigKeys (ConfUtils.java:logGet(46)) - raft.server.threadpool.proxy.size = 0 (default)
2023-06-29 22:10:27,871 [om1@group-C5BA1605619E-FollowerState] INFO  server.RaftServerConfigKeys (ConfUtils.java:logGet(46)) - raft.server.leaderelection.pre-vote = true (default)
2023-06-29 22:10:27,871 [main] INFO  server.RaftServerConfigKeys (ConfUtils.java:logGet(46)) - raft.server.rpc.slowness.timeout = 300s (custom)
2023-06-29 22:10:27,871 [main] INFO  server.RaftServerConfigKeys (ConfUtils.java:logGet(46)) - raft.server.leaderelection.leader.step-down.wait-time = 10s (default)
2023-06-29 22:10:27,871 [main] INFO  server.RaftServerConfigKeys (ConfUtils.java:logGet(46)) - raft.server.storage.dir = [/home/runner/work/ozone/ozone/hadoop-ozone/integration-test/target/test-dir/MiniOzoneClusterImpl-ecb232db-3c23-47bf-871f-23bcde51c85c/datanode-1/data/ratis] (custom)
2023-06-29 22:10:27,871 [om1@group-C5BA1605619E-FollowerState] INFO  impl.RoleInfo (RoleInfo.java:updateAndGet(139)) - om1: start om1@group-C5BA1605619E-LeaderElection1
2023-06-29 22:10:27,876 [fe774388-89b0-43a1-8132-3e981ddd9c14-NettyServerStreamRpc-bossGroup--thread1] INFO  logging.LoggingHandler (AbstractInternalLogger.java:log(148)) - [id: 0x4ac3a870] REGISTERED
2023-06-29 22:10:27,876 [fe774388-89b0-43a1-8132-3e981ddd9c14-NettyServerStreamRpc-bossGroup--thread1] INFO  logging.LoggingHandler (AbstractInternalLogger.java:log(148)) - [id: 0x4ac3a870] BIND: 0.0.0.0/0.0.0.0:15024
2023-06-29 22:10:27,876 [fe774388-89b0-43a1-8132-3e981ddd9c14-NettyServerStreamRpc-bossGroup--thread1] INFO  logging.LoggingHandler (AbstractInternalLogger.java:log(148)) - [id: 0x4ac3a870, L:/0:0:0:0:0:0:0:0:15024] ACTIVE
2023-06-29 22:10:27,878 [main] INFO  server.XceiverServerGrpc (XceiverServerGrpc.java:<init>(132)) - GrpcServer channel type EpollServerSocketChannel
2023-06-29 22:10:27,880 [main] INFO  replication.ReplicationSupervisor (ReplicationSupervisor.java:nodeStateUpdated(305)) - Node state updated to IN_SERVICE, scaling executor pool size to 10
2023-06-29 22:10:27,892 [main] INFO  http.BaseHttpServer (BaseHttpServer.java:newHttpServer2BuilderForOzone(224)) - Starting Web-server for hddsDatanode at: http://0.0.0.0:15018
2023-06-29 22:10:27,892 [main] INFO  http.BaseHttpServer (BaseHttpServer.java:<init>(111)) - Hadoop Security Enabled: false Ozone Security Enabled: false Ozone HTTP Security Enabled: false 
2023-06-29 22:10:27,894 [main] WARN  server.AuthenticationFilter (AuthenticationFilter.java:constructSecretProvider(240)) - Unable to initialize FileSignerSecretProvider, falling back to use random secrets. Reason: Could not read signature secret file: /home/runner/hadoop-http-auth-signature-secret
2023-06-29 22:10:27,895 [main] INFO  http.HttpRequestLog (HttpRequestLog.java:getRequestLog(86)) - Http request log for http.requests.hddsDatanode is not defined
2023-06-29 22:10:27,896 [main] INFO  http.HttpServer2 (HttpServer2.java:addGlobalFilter(1031)) - Added global filter 'safety' (class=org.apache.hadoop.hdds.server.http.HttpServer2$QuotingInputFilter)
2023-06-29 22:10:27,897 [om1@group-C5BA1605619E-LeaderElection1] INFO  impl.LeaderElection (LeaderElection.java:askForVotes(321)) - om1@group-C5BA1605619E-LeaderElection1 PRE_VOTE round 0: submit vote requests at term 0 for -1: peers:[om1|rpc:localhost:15007|priority:0|startupRole:FOLLOWER]|listeners:[], old=null
2023-06-29 22:10:27,897 [om1@group-C5BA1605619E-LeaderElection1] INFO  impl.LeaderElection (LeaderElection.java:askForVotes(323)) - om1@group-C5BA1605619E-LeaderElection1 PRE_VOTE round 0: result PASSED (term=0)
2023-06-29 22:10:27,899 [om1@group-C5BA1605619E-LeaderElection1] INFO  impl.LeaderElection (LeaderElection.java:askForVotes(321)) - om1@group-C5BA1605619E-LeaderElection1 ELECTION round 0: submit vote requests at term 1 for -1: peers:[om1|rpc:localhost:15007|priority:0|startupRole:FOLLOWER]|listeners:[], old=null
2023-06-29 22:10:27,899 [om1@group-C5BA1605619E-LeaderElection1] INFO  impl.LeaderElection (LeaderElection.java:askForVotes(323)) - om1@group-C5BA1605619E-LeaderElection1 ELECTION round 0: result PASSED (term=1)
2023-06-29 22:10:27,899 [om1@group-C5BA1605619E-LeaderElection1] INFO  impl.RoleInfo (RoleInfo.java:shutdownLeaderElection(130)) - om1: shutdown om1@group-C5BA1605619E-LeaderElection1
2023-06-29 22:10:27,899 [om1@group-C5BA1605619E-LeaderElection1] INFO  server.RaftServer$Division (RaftServerImpl.java:setRole(329)) - om1@group-C5BA1605619E: changes role from CANDIDATE to LEADER at term 1 for changeToLeader
2023-06-29 22:10:27,901 [main] INFO  http.HttpServer2 (HttpServer2.java:addFilter(1007)) - Added filter static_user_filter (class=org.apache.hadoop.http.lib.StaticUserWebFilter$StaticUserFilter) to context hddsDatanode
2023-06-29 22:10:27,901 [main] INFO  http.HttpServer2 (HttpServer2.java:addFilter(1015)) - Added filter static_user_filter (class=org.apache.hadoop.http.lib.StaticUserWebFilter$StaticUserFilter) to context static
2023-06-29 22:10:27,901 [main] INFO  http.HttpServer2 (HttpServer2.java:addFilter(1015)) - Added filter static_user_filter (class=org.apache.hadoop.http.lib.StaticUserWebFilter$StaticUserFilter) to context logs
2023-06-29 22:10:27,903 [main] INFO  http.BaseHttpServer (BaseHttpServer.java:<init>(190)) - HTTP server of hddsDatanode uses base directory /home/runner/work/ozone/ozone/hadoop-ozone/integration-test/target/test-dir/MiniOzoneClusterImpl-ecb232db-3c23-47bf-871f-23bcde51c85c/datanode-1/meta/webserver
2023-06-29 22:10:27,903 [main] INFO  http.HttpServer2 (HttpServer2.java:bindListener(1250)) - Jetty bound to port 15018
2023-06-29 22:10:27,903 [main] INFO  server.Server (Server.java:doStart(375)) - jetty-9.4.51.v20230217; built: 2023-02-17T08:19:37.309Z; git: b45c405e4544384de066f814ed42ae3dceacdd49; jvm 1.8.0_372-b07
2023-06-29 22:10:27,901 [om1@group-C5BA1605619E-LeaderElection1] INFO  server.RaftServer$Division (ServerState.java:setLeader(317)) - om1@group-C5BA1605619E: change Leader from null to om1 at term 1 for becomeLeader, leader elected after 2438ms
2023-06-29 22:10:27,912 [main] INFO  server.session (DefaultSessionIdManager.java:doStart(334)) - DefaultSessionIdManager workerName=node0
2023-06-29 22:10:27,913 [main] INFO  server.session (DefaultSessionIdManager.java:doStart(339)) - No SessionScavenger set, using defaults
2023-06-29 22:10:27,913 [main] INFO  server.session (HouseKeeper.java:startScavenging(132)) - node0 Scavenging every 600000ms
2023-06-29 22:10:27,914 [main] INFO  handler.ContextHandler (ContextHandler.java:doStart(921)) - Started o.e.j.s.ServletContextHandler@3d70ecb6{logs,/logs,file:///home/runner/work/ozone/ozone/hadoop-ozone/integration-test/target/log,AVAILABLE}
2023-06-29 22:10:27,914 [main] INFO  handler.ContextHandler (ContextHandler.java:doStart(921)) - Started o.e.j.s.ServletContextHandler@410e2efc{static,/static,jar:file:/home/runner/.m2/repository/org/apache/ozone/hdds-container-service/1.4.0-SNAPSHOT/hdds-container-service-1.4.0-SNAPSHOT.jar!/webapps/static,AVAILABLE}
2023-06-29 22:10:27,927 [om1@group-C5BA1605619E-LeaderElection1] INFO  server.RaftServerConfigKeys (ConfUtils.java:logGet(46)) - raft.server.staging.catchup.gap = 1000 (default)
2023-06-29 22:10:27,932 [om1@group-C5BA1605619E-LeaderElection1] INFO  server.RaftServerConfigKeys (ConfUtils.java:logGet(46)) - raft.server.write.element-limit = 4096 (default)
2023-06-29 22:10:27,933 [om1@group-C5BA1605619E-LeaderElection1] INFO  server.RaftServerConfigKeys (ConfUtils.java:logGet(46)) - raft.server.write.byte-limit = 64MB (=67108864) (default)
2023-06-29 22:10:27,942 [om1@group-C5BA1605619E-LeaderElection1] INFO  server.RaftServerConfigKeys (ConfUtils.java:logGet(46)) - raft.server.watch.timeout = 10s (default)
2023-06-29 22:10:27,942 [om1@group-C5BA1605619E-LeaderElection1] INFO  server.RaftServerConfigKeys (ConfUtils.java:logGet(46)) - raft.server.watch.timeout.denomination = 1s (default)
2023-06-29 22:10:27,943 [om1@group-C5BA1605619E-LeaderElection1] INFO  server.RaftServerConfigKeys (ConfUtils.java:logGet(46)) - raft.server.watch.element-limit = 65536 (default)
2023-06-29 22:10:27,951 [om1@group-C5BA1605619E-LeaderElection1] INFO  server.RaftServerConfigKeys (ConfUtils.java:logGet(46)) - raft.server.write.element-limit = 4096 (default)
2023-06-29 22:10:27,956 [om1@group-C5BA1605619E-LeaderElection1] INFO  server.RaftServerConfigKeys (ConfUtils.java:logGet(46)) - raft.server.write.follower.gap.ratio.max = -1.0 (default)
2023-06-29 22:10:27,960 [om1@group-C5BA1605619E-LeaderElection1] INFO  impl.RoleInfo (RoleInfo.java:updateAndGet(139)) - om1: start om1@group-C5BA1605619E-LeaderStateImpl
2023-06-29 22:10:28,010 [Datanode State Machine Task Thread - 0] INFO  datanode.InitDatanodeState (InitDatanodeState.java:persistContainerDatanodeDetails(138)) - DatanodeDetails is persisted to /home/runner/work/ozone/ozone/hadoop-ozone/integration-test/target/test-dir/MiniOzoneClusterImpl-ecb232db-3c23-47bf-871f-23bcde51c85c/datanode-0/meta/datanode.id
2023-06-29 22:10:28,020 [om1@group-C5BA1605619E-LeaderElection1] INFO  segmented.SegmentedRaftLogWorker (SegmentedRaftLogWorker.java:startLogSegment(447)) - om1@group-C5BA1605619E-SegmentedRaftLogWorker: Starting segment from index:0
2023-06-29 22:10:28,067 [om1@group-C5BA1605619E-LeaderElection1] INFO  server.RaftServer$Division (ServerState.java:setRaftConf(434)) - om1@group-C5BA1605619E: set configuration 0: peers:[om1|rpc:localhost:15007|admin:|client:|dataStream:|priority:0|startupRole:FOLLOWER]|listeners:[], old=null
2023-06-29 22:10:28,136 [om1@group-C5BA1605619E-SegmentedRaftLogWorker] INFO  segmented.SegmentedRaftLogWorker (SegmentedRaftLogWorker.java:execute(651)) - om1@group-C5BA1605619E-SegmentedRaftLogWorker: created new log segment /home/runner/work/ozone/ozone/hadoop-ozone/integration-test/target/test-dir/MiniOzoneClusterImpl-ecb232db-3c23-47bf-871f-23bcde51c85c/ozone-meta/ratis/bf265839-605b-3f16-9796-c5ba1605619e/current/log_inprogress_0
2023-06-29 22:10:28,220 [main] INFO  handler.ContextHandler (ContextHandler.java:doStart(921)) - Started o.e.j.w.WebAppContext@1c66dd51{hddsDatanode,/,file:///home/runner/work/ozone/ozone/hadoop-ozone/integration-test/target/test-dir/MiniOzoneClusterImpl-ecb232db-3c23-47bf-871f-23bcde51c85c/datanode-1/meta/webserver/jetty-0_0_0_0-15018-hdds-container-service-1_4_0-SNAPSHOT_jar-_-any-4597026367311203617/webapp/,AVAILABLE}{jar:file:/home/runner/.m2/repository/org/apache/ozone/hdds-container-service/1.4.0-SNAPSHOT/hdds-container-service-1.4.0-SNAPSHOT.jar!/webapps/hddsDatanode}
2023-06-29 22:10:28,223 [main] INFO  server.AbstractConnector (AbstractConnector.java:doStart(333)) - Started ServerConnector@10a2f485{HTTP/1.1, (http/1.1)}{0.0.0.0:15018}
2023-06-29 22:10:28,223 [main] INFO  server.Server (Server.java:doStart(415)) - Started @9046ms
2023-06-29 22:10:28,223 [main] WARN  impl.MetricsSystemImpl (MetricsSystemImpl.java:register(279)) - Sink prometheus already exists!
2023-06-29 22:10:28,224 [main] INFO  http.BaseHttpServer (BaseHttpServer.java:updateConnectorAddress(344)) - HTTP server of hddsDatanode listening at http://0.0.0.0:15018
2023-06-29 22:10:28,224 [main] INFO  ipc.CallQueueManager (CallQueueManager.java:<init>(90)) - Using callQueue: class java.util.concurrent.LinkedBlockingQueue, queueCapacity: 100, scheduler: class org.apache.hadoop.ipc.DefaultRpcScheduler, ipcBackoff: false.
2023-06-29 22:10:28,225 [main] INFO  ipc.Server (Server.java:<init>(1287)) - Listener at 0.0.0.0:15019
2023-06-29 22:10:28,225 [Socket Reader #1 for port 15019] INFO  ipc.Server (Server.java:run(1323)) - Starting Socket Reader #1 for port 15019
2023-06-29 22:10:28,227 [main] INFO  ozone.HddsDatanodeService (HddsDatanodeService.java:start(315)) - Datanode start with admins: [runner]
2023-06-29 22:10:28,235 [main] INFO  ozone.HddsDatanodeClientProtocolServer (HddsDatanodeClientProtocolServer.java:start(72)) - RPC server for Client /0.0.0.0:15019
2023-06-29 22:10:28,235 [IPC Server Responder] INFO  ipc.Server (Server.java:run(1562)) - IPC Server Responder: starting
2023-06-29 22:10:28,235 [IPC Server listener on 15019] INFO  ipc.Server (Server.java:run(1402)) - IPC Server listener on 15019: starting
2023-06-29 22:10:28,236 [main] WARN  impl.MetricRegistriesImpl (MetricRegistriesImpl.java:addReporterRegistration(111)) - New reporters are added after registries were created. Some metrics will be missing from the reporter. Please add reporter before adding any new registry.
2023-06-29 22:10:28,236 [main] WARN  impl.MetricRegistriesImpl (MetricRegistriesImpl.java:addReporterRegistration(111)) - New reporters are added after registries were created. Some metrics will be missing from the reporter. Please add reporter before adding any new registry.
2023-06-29 22:10:28,236 [main] INFO  impl.MetricsSystemImpl (MetricsSystemImpl.java:init(158)) - HddsDatanode metrics system started (again)
2023-06-29 22:10:28,245 [Datanode State Machine Daemon Thread] INFO  statemachine.DatanodeStateMachine (DatanodeStateMachine.java:lambda$startDaemon$0(531)) - Ozone container server started.
2023-06-29 22:10:28,263 [Datanode State Machine Task Thread - 0] INFO  datanode.InitDatanodeState (InitDatanodeState.java:persistContainerDatanodeDetails(138)) - DatanodeDetails is persisted to /home/runner/work/ozone/ozone/hadoop-ozone/integration-test/target/test-dir/MiniOzoneClusterImpl-ecb232db-3c23-47bf-871f-23bcde51c85c/datanode-1/meta/datanode.id
2023-06-29 22:10:28,267 [om1@group-C5BA1605619E-StateMachineUpdater] INFO  ratis.OzoneManagerStateMachine (OzoneManagerStateMachine.java:notifyConfigurationChanged(201)) - Received Configuration change notification from Ratis. New Peer list:
[id: "om1"
address: "localhost:15007"
startupRole: FOLLOWER
]
2023-06-29 22:10:28,276 [main] INFO  ozone.HddsDatanodeService (HddsDatanodeService.java:start(237)) - HddsDatanodeService host:fv-az83-404.uavyq1izdhte5b0ne1us2eqzhb.jx.internal.cloudapp.net ip:10.1.0.248
2023-06-29 22:10:28,300 [main] INFO  upgrade.AbstractLayoutVersionManager (AbstractLayoutVersionManager.java:init(83)) - Initializing Layout version manager with metadata layout = HADOOP_PRC_PORTS_IN_DATANODEDETAILS (version = 7), software layout = HADOOP_PRC_PORTS_IN_DATANODEDETAILS (version = 7)
2023-06-29 22:10:28,301 [main] INFO  statemachine.DatanodeStateMachine (DatanodeStateMachine.java:getEndPointTaskThreadPoolSize(279)) - Datanode State Machine Task Thread Pool size 2
2023-06-29 22:10:28,303 [main] INFO  volume.HddsVolume (HddsVolume.java:<init>(133)) - Creating HddsVolume: /home/runner/work/ozone/ozone/hadoop-ozone/integration-test/target/test-dir/MiniOzoneClusterImpl-ecb232db-3c23-47bf-871f-23bcde51c85c/datanode-2/data-0/containers/hdds of storage type : DISK capacity : 9223372036854775807
2023-06-29 22:10:28,303 [main] INFO  volume.MutableVolumeSet (MutableVolumeSet.java:initializeVolumeSet(175)) - Added Volume : /home/runner/work/ozone/ozone/hadoop-ozone/integration-test/target/test-dir/MiniOzoneClusterImpl-ecb232db-3c23-47bf-871f-23bcde51c85c/datanode-2/data-0/containers/hdds to VolumeSet
2023-06-29 22:10:28,303 [main] INFO  volume.ThrottledAsyncChecker (ThrottledAsyncChecker.java:schedule(141)) - Scheduling a check for /home/runner/work/ozone/ozone/hadoop-ozone/integration-test/target/test-dir/MiniOzoneClusterImpl-ecb232db-3c23-47bf-871f-23bcde51c85c/datanode-2/data-0/containers/hdds
2023-06-29 22:10:28,309 [main] INFO  volume.StorageVolumeChecker (StorageVolumeChecker.java:checkAllVolumes(202)) - Scheduled health check for volume /home/runner/work/ozone/ozone/hadoop-ozone/integration-test/target/test-dir/MiniOzoneClusterImpl-ecb232db-3c23-47bf-871f-23bcde51c85c/datanode-2/data-0/containers/hdds
2023-06-29 22:10:28,314 [main] INFO  volume.MutableVolumeSet (MutableVolumeSet.java:initializeVolumeSet(175)) - Added Volume : /home/runner/work/ozone/ozone/hadoop-ozone/integration-test/target/test-dir/MiniOzoneClusterImpl-ecb232db-3c23-47bf-871f-23bcde51c85c/datanode-2/data/ratis to VolumeSet
2023-06-29 22:10:28,314 [main] INFO  volume.ThrottledAsyncChecker (ThrottledAsyncChecker.java:schedule(141)) - Scheduling a check for /home/runner/work/ozone/ozone/hadoop-ozone/integration-test/target/test-dir/MiniOzoneClusterImpl-ecb232db-3c23-47bf-871f-23bcde51c85c/datanode-2/data/ratis
2023-06-29 22:10:28,317 [main] INFO  volume.StorageVolumeChecker (StorageVolumeChecker.java:checkAllVolumes(202)) - Scheduled health check for volume /home/runner/work/ozone/ozone/hadoop-ozone/integration-test/target/test-dir/MiniOzoneClusterImpl-ecb232db-3c23-47bf-871f-23bcde51c85c/datanode-2/data/ratis
2023-06-29 22:10:28,322 [Thread-175] INFO  ozoneimpl.ContainerReader (ContainerReader.java:readVolume(175)) - Finish verifying containers on volume /home/runner/work/ozone/ozone/hadoop-ozone/integration-test/target/test-dir/MiniOzoneClusterImpl-ecb232db-3c23-47bf-871f-23bcde51c85c/datanode-2/data-0/containers/hdds
2023-06-29 22:10:28,322 [main] INFO  ozoneimpl.OzoneContainer (OzoneContainer.java:buildContainerSet(316)) - Build ContainerSet costs 0s
2023-06-29 22:10:28,329 [main] INFO  server.RaftServer (ConfUtils.java:logGet(46)) - raft.rpc.type = GRPC (default)
2023-06-29 22:10:28,330 [main] INFO  grpc.GrpcConfigKeys (ConfUtils.java:logFallback(53)) - raft.grpc.admin.host = null (fallback to raft.grpc.server.host)
2023-06-29 22:10:28,331 [main] INFO  grpc.GrpcConfigKeys (ConfUtils.java:logGet(46)) - raft.grpc.admin.port = 15031 (custom)
2023-06-29 22:10:28,331 [main] INFO  grpc.GrpcConfigKeys (ConfUtils.java:logFallback(53)) - raft.grpc.client.host = null (fallback to raft.grpc.server.host)
2023-06-29 22:10:28,331 [main] INFO  grpc.GrpcConfigKeys (ConfUtils.java:logGet(46)) - raft.grpc.client.port = 15030 (custom)
2023-06-29 22:10:28,331 [main] INFO  grpc.GrpcConfigKeys (ConfUtils.java:logGet(46)) - raft.grpc.server.host = null (default)
2023-06-29 22:10:28,331 [main] INFO  grpc.GrpcConfigKeys (ConfUtils.java:logGet(46)) - raft.grpc.server.port = 15032 (custom)
2023-06-29 22:10:28,331 [main] INFO  server.GrpcService (ConfUtils.java:logGet(46)) - raft.grpc.message.size.max = 32MB (=33554432) (custom)
2023-06-29 22:10:28,331 [main] INFO  server.RaftServerConfigKeys (ConfUtils.java:logGet(46)) - raft.server.log.appender.buffer.byte-limit = 33554432 (custom)
2023-06-29 22:10:28,332 [main] INFO  server.GrpcService (ConfUtils.java:logGet(46)) - raft.grpc.flow.control.window = 5MB (=5242880) (custom)
2023-06-29 22:10:28,332 [main] INFO  server.RaftServerConfigKeys (ConfUtils.java:logGet(46)) - raft.server.rpc.request.timeout = 60s (custom)
2023-06-29 22:10:28,332 [main] INFO  grpc.GrpcConfigKeys (ConfUtils.java:logGet(46)) - raft.grpc.server.heartbeat.channel = true (default)
2023-06-29 22:10:28,332 [main] INFO  grpc.GrpcConfigKeys (ConfUtils.java:logGet(46)) - raft.grpc.server.async.request.thread.pool.cached = true (default)
2023-06-29 22:10:28,332 [main] INFO  grpc.GrpcConfigKeys (ConfUtils.java:logGet(46)) - raft.grpc.server.async.request.thread.pool.size = 32 (default)
2023-06-29 22:10:28,335 [main] INFO  impl.DataStreamServerImpl (ConfUtils.java:logGet(46)) - raft.datastream.type = NETTY (custom)
2023-06-29 22:10:28,336 [main] INFO  server.RaftServerConfigKeys (ConfUtils.java:logGet(46)) - raft.server.data-stream.async.request.thread.pool.cached = false (default)
2023-06-29 22:10:28,336 [main] INFO  server.RaftServerConfigKeys (ConfUtils.java:logGet(46)) - raft.server.data-stream.async.request.thread.pool.size = 20 (custom)
2023-06-29 22:10:28,336 [main] INFO  server.RaftServerConfigKeys (ConfUtils.java:logGet(46)) - raft.server.data-stream.async.write.thread.pool.size = 16 (default)
2023-06-29 22:10:28,336 [main] INFO  server.RaftServerConfigKeys (ConfUtils.java:logGet(46)) - raft.server.data-stream.client.pool.size = 10 (default)
2023-06-29 22:10:28,336 [main] INFO  netty.NettyConfigKeys$DataStream (ConfUtils.java:logGet(46)) - raft.netty.dataStream.server.use-epoll = false (default)
2023-06-29 22:10:28,336 [main] INFO  netty.NettyConfigKeys$DataStream (ConfUtils.java:logGet(46)) - raft.netty.dataStream.server.boss-group.size = 0 (default)
2023-06-29 22:10:28,337 [main] INFO  netty.NettyConfigKeys$DataStream (ConfUtils.java:logGet(46)) - raft.netty.dataStream.server.worker-group.size = 0 (default)
2023-06-29 22:10:28,338 [main] INFO  netty.NettyConfigKeys$DataStream (ConfUtils.java:logGet(46)) - raft.netty.dataStream.server.tls.conf = null (default)
2023-06-29 22:10:28,338 [main] INFO  netty.NettyConfigKeys$DataStream (ConfUtils.java:logGet(46)) - raft.netty.dataStream.host = null (default)
2023-06-29 22:10:28,338 [main] INFO  netty.NettyConfigKeys$DataStream (ConfUtils.java:logGet(46)) - raft.netty.dataStream.port = 15033 (custom)
2023-06-29 22:10:28,339 [main] INFO  server.RaftServerConfigKeys (ConfUtils.java:logGet(46)) - raft.server.threadpool.proxy.cached = true (default)
2023-06-29 22:10:28,339 [main] INFO  server.RaftServerConfigKeys (ConfUtils.java:logGet(46)) - raft.server.threadpool.proxy.size = 0 (default)
2023-06-29 22:10:28,339 [main] INFO  server.RaftServerConfigKeys (ConfUtils.java:logGet(46)) - raft.server.rpc.slowness.timeout = 300s (custom)
2023-06-29 22:10:28,339 [main] INFO  server.RaftServerConfigKeys (ConfUtils.java:logGet(46)) - raft.server.leaderelection.leader.step-down.wait-time = 10s (default)
2023-06-29 22:10:28,339 [main] INFO  server.RaftServerConfigKeys (ConfUtils.java:logGet(46)) - raft.server.storage.dir = [/home/runner/work/ozone/ozone/hadoop-ozone/integration-test/target/test-dir/MiniOzoneClusterImpl-ecb232db-3c23-47bf-871f-23bcde51c85c/datanode-2/data/ratis] (custom)
2023-06-29 22:10:28,343 [d2cb3656-736c-45ed-9177-765defc8baa4-NettyServerStreamRpc-bossGroup--thread1] INFO  logging.LoggingHandler (AbstractInternalLogger.java:log(148)) - [id: 0x458add0e] REGISTERED
2023-06-29 22:10:28,343 [d2cb3656-736c-45ed-9177-765defc8baa4-NettyServerStreamRpc-bossGroup--thread1] INFO  logging.LoggingHandler (AbstractInternalLogger.java:log(148)) - [id: 0x458add0e] BIND: 0.0.0.0/0.0.0.0:15033
2023-06-29 22:10:28,343 [d2cb3656-736c-45ed-9177-765defc8baa4-NettyServerStreamRpc-bossGroup--thread1] INFO  logging.LoggingHandler (AbstractInternalLogger.java:log(148)) - [id: 0x458add0e, L:/0:0:0:0:0:0:0:0:15033] ACTIVE
2023-06-29 22:10:28,344 [main] INFO  server.XceiverServerGrpc (XceiverServerGrpc.java:<init>(132)) - GrpcServer channel type EpollServerSocketChannel
2023-06-29 22:10:28,346 [main] INFO  replication.ReplicationSupervisor (ReplicationSupervisor.java:nodeStateUpdated(305)) - Node state updated to IN_SERVICE, scaling executor pool size to 10
2023-06-29 22:10:28,353 [main] INFO  http.BaseHttpServer (BaseHttpServer.java:newHttpServer2BuilderForOzone(224)) - Starting Web-server for hddsDatanode at: http://0.0.0.0:15027
2023-06-29 22:10:28,353 [main] INFO  http.BaseHttpServer (BaseHttpServer.java:<init>(111)) - Hadoop Security Enabled: false Ozone Security Enabled: false Ozone HTTP Security Enabled: false 
2023-06-29 22:10:28,355 [main] WARN  server.AuthenticationFilter (AuthenticationFilter.java:constructSecretProvider(240)) - Unable to initialize FileSignerSecretProvider, falling back to use random secrets. Reason: Could not read signature secret file: /home/runner/hadoop-http-auth-signature-secret
2023-06-29 22:10:28,357 [main] INFO  http.HttpRequestLog (HttpRequestLog.java:getRequestLog(86)) - Http request log for http.requests.hddsDatanode is not defined
2023-06-29 22:10:28,359 [main] INFO  http.HttpServer2 (HttpServer2.java:addGlobalFilter(1031)) - Added global filter 'safety' (class=org.apache.hadoop.hdds.server.http.HttpServer2$QuotingInputFilter)
2023-06-29 22:10:28,360 [main] INFO  http.HttpServer2 (HttpServer2.java:addFilter(1007)) - Added filter static_user_filter (class=org.apache.hadoop.http.lib.StaticUserWebFilter$StaticUserFilter) to context hddsDatanode
2023-06-29 22:10:28,360 [main] INFO  http.HttpServer2 (HttpServer2.java:addFilter(1015)) - Added filter static_user_filter (class=org.apache.hadoop.http.lib.StaticUserWebFilter$StaticUserFilter) to context logs
2023-06-29 22:10:28,360 [main] INFO  http.HttpServer2 (HttpServer2.java:addFilter(1015)) - Added filter static_user_filter (class=org.apache.hadoop.http.lib.StaticUserWebFilter$StaticUserFilter) to context static
2023-06-29 22:10:28,361 [main] INFO  http.BaseHttpServer (BaseHttpServer.java:<init>(190)) - HTTP server of hddsDatanode uses base directory /home/runner/work/ozone/ozone/hadoop-ozone/integration-test/target/test-dir/MiniOzoneClusterImpl-ecb232db-3c23-47bf-871f-23bcde51c85c/datanode-2/meta/webserver
2023-06-29 22:10:28,362 [main] INFO  http.HttpServer2 (HttpServer2.java:bindListener(1250)) - Jetty bound to port 15027
2023-06-29 22:10:28,362 [main] INFO  server.Server (Server.java:doStart(375)) - jetty-9.4.51.v20230217; built: 2023-02-17T08:19:37.309Z; git: b45c405e4544384de066f814ed42ae3dceacdd49; jvm 1.8.0_372-b07
2023-06-29 22:10:28,384 [main] INFO  server.session (DefaultSessionIdManager.java:doStart(334)) - DefaultSessionIdManager workerName=node0
2023-06-29 22:10:28,385 [main] INFO  server.session (DefaultSessionIdManager.java:doStart(339)) - No SessionScavenger set, using defaults
2023-06-29 22:10:28,385 [main] INFO  server.session (HouseKeeper.java:startScavenging(132)) - node0 Scavenging every 600000ms
2023-06-29 22:10:28,386 [main] INFO  handler.ContextHandler (ContextHandler.java:doStart(921)) - Started o.e.j.s.ServletContextHandler@2d80cec3{logs,/logs,file:///home/runner/work/ozone/ozone/hadoop-ozone/integration-test/target/log,AVAILABLE}
2023-06-29 22:10:28,387 [main] INFO  handler.ContextHandler (ContextHandler.java:doStart(921)) - Started o.e.j.s.ServletContextHandler@d5196fc{static,/static,jar:file:/home/runner/.m2/repository/org/apache/ozone/hdds-container-service/1.4.0-SNAPSHOT/hdds-container-service-1.4.0-SNAPSHOT.jar!/webapps/static,AVAILABLE}
2023-06-29 22:10:28,597 [main] INFO  handler.ContextHandler (ContextHandler.java:doStart(921)) - Started o.e.j.w.WebAppContext@6a279d9e{hddsDatanode,/,file:///home/runner/work/ozone/ozone/hadoop-ozone/integration-test/target/test-dir/MiniOzoneClusterImpl-ecb232db-3c23-47bf-871f-23bcde51c85c/datanode-2/meta/webserver/jetty-0_0_0_0-15027-hdds-container-service-1_4_0-SNAPSHOT_jar-_-any-7047272946805725764/webapp/,AVAILABLE}{jar:file:/home/runner/.m2/repository/org/apache/ozone/hdds-container-service/1.4.0-SNAPSHOT/hdds-container-service-1.4.0-SNAPSHOT.jar!/webapps/hddsDatanode}
2023-06-29 22:10:28,598 [main] INFO  server.AbstractConnector (AbstractConnector.java:doStart(333)) - Started ServerConnector@1d9edbad{HTTP/1.1, (http/1.1)}{0.0.0.0:15027}
2023-06-29 22:10:28,598 [main] INFO  server.Server (Server.java:doStart(415)) - Started @9421ms
2023-06-29 22:10:28,599 [main] WARN  impl.MetricsSystemImpl (MetricsSystemImpl.java:register(279)) - Sink prometheus already exists!
2023-06-29 22:10:28,599 [main] INFO  http.BaseHttpServer (BaseHttpServer.java:updateConnectorAddress(344)) - HTTP server of hddsDatanode listening at http://0.0.0.0:15027
2023-06-29 22:10:28,600 [main] INFO  ipc.CallQueueManager (CallQueueManager.java:<init>(90)) - Using callQueue: class java.util.concurrent.LinkedBlockingQueue, queueCapacity: 100, scheduler: class org.apache.hadoop.ipc.DefaultRpcScheduler, ipcBackoff: false.
2023-06-29 22:10:28,600 [main] INFO  ipc.Server (Server.java:<init>(1287)) - Listener at 0.0.0.0:15028
2023-06-29 22:10:28,602 [Socket Reader #1 for port 15028] INFO  ipc.Server (Server.java:run(1323)) - Starting Socket Reader #1 for port 15028
2023-06-29 22:10:28,613 [main] INFO  ozone.HddsDatanodeService (HddsDatanodeService.java:start(315)) - Datanode start with admins: [runner]
2023-06-29 22:10:28,613 [main] INFO  ozone.HddsDatanodeClientProtocolServer (HddsDatanodeClientProtocolServer.java:start(72)) - RPC server for Client /0.0.0.0:15028
2023-06-29 22:10:28,613 [IPC Server Responder] INFO  ipc.Server (Server.java:run(1562)) - IPC Server Responder: starting
2023-06-29 22:10:28,614 [IPC Server listener on 15028] INFO  ipc.Server (Server.java:run(1402)) - IPC Server listener on 15028: starting
2023-06-29 22:10:28,615 [main] INFO  ozone.MiniOzoneClusterImpl (MiniOzoneClusterImpl.java:lambda$waitForClusterToBeReady$0(224)) - Waiting for nodes to be ready. Got 0 of 3 DN Heartbeats.
2023-06-29 22:10:28,615 [main] INFO  ozone.MiniOzoneClusterImpl (MiniOzoneClusterImpl.java:lambda$waitForClusterToBeReady$0(227)) - Waiting for cluster to exit safe mode
2023-06-29 22:10:28,615 [main] INFO  ozone.MiniOzoneClusterImpl (MiniOzoneClusterImpl.java:lambda$waitForClusterToBeReady$0(229)) - SCM became leader
2023-06-29 22:10:28,614 [Datanode State Machine Daemon Thread] INFO  statemachine.DatanodeStateMachine (DatanodeStateMachine.java:lambda$startDaemon$0(531)) - Ozone container server started.
2023-06-29 22:10:28,620 [Datanode State Machine Task Thread - 0] INFO  datanode.InitDatanodeState (InitDatanodeState.java:persistContainerDatanodeDetails(138)) - DatanodeDetails is persisted to /home/runner/work/ozone/ozone/hadoop-ozone/integration-test/target/test-dir/MiniOzoneClusterImpl-ecb232db-3c23-47bf-871f-23bcde51c85c/datanode-2/meta/datanode.id
2023-06-29 22:10:29,616 [main] INFO  ozone.MiniOzoneClusterImpl (MiniOzoneClusterImpl.java:lambda$waitForClusterToBeReady$0(224)) - Waiting for nodes to be ready. Got 0 of 3 DN Heartbeats.
2023-06-29 22:10:29,616 [main] INFO  ozone.MiniOzoneClusterImpl (MiniOzoneClusterImpl.java:lambda$waitForClusterToBeReady$0(227)) - Waiting for cluster to exit safe mode
2023-06-29 22:10:29,616 [main] INFO  ozone.MiniOzoneClusterImpl (MiniOzoneClusterImpl.java:lambda$waitForClusterToBeReady$0(229)) - SCM became leader
2023-06-29 22:10:29,892 [EndpointStateMachine task thread for /0.0.0.0:15002 - 0 ] INFO  utils.DatanodeStoreCache (DatanodeStoreCache.java:addDB(66)) - Added db /home/runner/work/ozone/ozone/hadoop-ozone/integration-test/target/test-dir/MiniOzoneClusterImpl-ecb232db-3c23-47bf-871f-23bcde51c85c/datanode-0/data-0/containers/hdds/ecb232db-3c23-47bf-871f-23bcde51c85c/DS-a00d064b-dc34-45d4-bc7a-4e7f1d3d45ea/container.db to cache
2023-06-29 22:10:29,892 [EndpointStateMachine task thread for /0.0.0.0:15002 - 0 ] INFO  volume.HddsVolume (HddsVolume.java:createDbStore(478)) - SchemaV3 db is created and loaded at /home/runner/work/ozone/ozone/hadoop-ozone/integration-test/target/test-dir/MiniOzoneClusterImpl-ecb232db-3c23-47bf-871f-23bcde51c85c/datanode-0/data-0/containers/hdds/ecb232db-3c23-47bf-871f-23bcde51c85c/DS-a00d064b-dc34-45d4-bc7a-4e7f1d3d45ea/container.db for volume DS-a00d064b-dc34-45d4-bc7a-4e7f1d3d45ea
2023-06-29 22:10:29,894 [EndpointStateMachine task thread for /0.0.0.0:15002 - 0 ] INFO  ozoneimpl.OzoneContainer (OzoneContainer.java:start(419)) - Attempting to start container services.
2023-06-29 22:10:29,896 [EndpointStateMachine task thread for /0.0.0.0:15002 - 0 ] INFO  ozoneimpl.OzoneContainer (OzoneContainer.java:startContainerScrub(327)) - Scheduled background container scanners and the on-demand container scanner have been disabled.
2023-06-29 22:10:29,898 [EndpointStateMachine task thread for /0.0.0.0:15002 - 0 ] INFO  replication.ReplicationServer (ReplicationServer.java:start(128)) - ReplicationServer is started using port 15016
2023-06-29 22:10:29,898 [EndpointStateMachine task thread for /0.0.0.0:15002 - 0 ] INFO  ratis.XceiverServerRatis (XceiverServerRatis.java:start(517)) - Starting XceiverServerRatis 48be0ea8-46a6-4e80-b936-879c72e065d6
2023-06-29 22:10:29,903 [EndpointStateMachine task thread for /0.0.0.0:15002 - 0 ] INFO  server.RaftServer (RaftServerProxy.java:startImpl(400)) - 48be0ea8-46a6-4e80-b936-879c72e065d6: start RPC server
2023-06-29 22:10:29,904 [EndpointStateMachine task thread for /0.0.0.0:15002 - 0 ] INFO  server.GrpcService (GrpcService.java:startImpl(302)) - 48be0ea8-46a6-4e80-b936-879c72e065d6: GrpcService started, listening on 15012
2023-06-29 22:10:29,906 [EndpointStateMachine task thread for /0.0.0.0:15002 - 0 ] INFO  server.GrpcService (GrpcService.java:startImpl(302)) - 48be0ea8-46a6-4e80-b936-879c72e065d6: GrpcService started, listening on 15014
2023-06-29 22:10:29,907 [EndpointStateMachine task thread for /0.0.0.0:15002 - 0 ] INFO  server.GrpcService (GrpcService.java:startImpl(302)) - 48be0ea8-46a6-4e80-b936-879c72e065d6: GrpcService started, listening on 15013
2023-06-29 22:10:29,911 [EndpointStateMachine task thread for /0.0.0.0:15002 - 0 ] INFO  ratis.XceiverServerRatis (XceiverServerRatis.java:getRealPort(543)) - XceiverServerRatis 48be0ea8-46a6-4e80-b936-879c72e065d6 is started using port 15012 for RATIS
2023-06-29 22:10:29,911 [JvmPauseMonitor2] INFO  util.JvmPauseMonitor (JvmPauseMonitor.java:run(103)) - JvmPauseMonitor-48be0ea8-46a6-4e80-b936-879c72e065d6: Started
2023-06-29 22:10:29,911 [EndpointStateMachine task thread for /0.0.0.0:15002 - 0 ] INFO  ratis.XceiverServerRatis (XceiverServerRatis.java:getRealPort(543)) - XceiverServerRatis 48be0ea8-46a6-4e80-b936-879c72e065d6 is started using port 15013 for RATIS_ADMIN
2023-06-29 22:10:29,911 [EndpointStateMachine task thread for /0.0.0.0:15002 - 0 ] INFO  ratis.XceiverServerRatis (XceiverServerRatis.java:getRealPort(543)) - XceiverServerRatis 48be0ea8-46a6-4e80-b936-879c72e065d6 is started using port 15014 for RATIS_SERVER
2023-06-29 22:10:29,912 [EndpointStateMachine task thread for /0.0.0.0:15002 - 0 ] INFO  ratis.XceiverServerRatis (XceiverServerRatis.java:getRealPort(543)) - XceiverServerRatis 48be0ea8-46a6-4e80-b936-879c72e065d6 is started using port 15015 for RATIS_DATASTREAM
2023-06-29 22:10:29,924 [BlockDeletingService#0] INFO  interfaces.ContainerDeletionChoosingPolicyTemplate (ContainerDeletionChoosingPolicyTemplate.java:chooseContainerForBlockDeletion(83)) - Chosen 0/5000 blocks from 0 candidate containers.
2023-06-29 22:10:30,280 [EndpointStateMachine task thread for /0.0.0.0:15002 - 0 ] INFO  utils.DatanodeStoreCache (DatanodeStoreCache.java:addDB(66)) - Added db /home/runner/work/ozone/ozone/hadoop-ozone/integration-test/target/test-dir/MiniOzoneClusterImpl-ecb232db-3c23-47bf-871f-23bcde51c85c/datanode-1/data-0/containers/hdds/ecb232db-3c23-47bf-871f-23bcde51c85c/DS-f6e2a2f7-822e-4c86-935d-04869529d45e/container.db to cache
2023-06-29 22:10:30,280 [EndpointStateMachine task thread for /0.0.0.0:15002 - 0 ] INFO  volume.HddsVolume (HddsVolume.java:createDbStore(478)) - SchemaV3 db is created and loaded at /home/runner/work/ozone/ozone/hadoop-ozone/integration-test/target/test-dir/MiniOzoneClusterImpl-ecb232db-3c23-47bf-871f-23bcde51c85c/datanode-1/data-0/containers/hdds/ecb232db-3c23-47bf-871f-23bcde51c85c/DS-f6e2a2f7-822e-4c86-935d-04869529d45e/container.db for volume DS-f6e2a2f7-822e-4c86-935d-04869529d45e
2023-06-29 22:10:30,281 [EndpointStateMachine task thread for /0.0.0.0:15002 - 0 ] INFO  ozoneimpl.OzoneContainer (OzoneContainer.java:start(419)) - Attempting to start container services.
2023-06-29 22:10:30,281 [EndpointStateMachine task thread for /0.0.0.0:15002 - 0 ] INFO  ozoneimpl.OzoneContainer (OzoneContainer.java:startContainerScrub(327)) - Scheduled background container scanners and the on-demand container scanner have been disabled.
2023-06-29 22:10:30,283 [EndpointStateMachine task thread for /0.0.0.0:15002 - 0 ] INFO  replication.ReplicationServer (ReplicationServer.java:start(128)) - ReplicationServer is started using port 15025
2023-06-29 22:10:30,283 [EndpointStateMachine task thread for /0.0.0.0:15002 - 0 ] INFO  ratis.XceiverServerRatis (XceiverServerRatis.java:start(517)) - Starting XceiverServerRatis fe774388-89b0-43a1-8132-3e981ddd9c14
2023-06-29 22:10:30,284 [EndpointStateMachine task thread for /0.0.0.0:15002 - 0 ] INFO  server.RaftServer (RaftServerProxy.java:startImpl(400)) - fe774388-89b0-43a1-8132-3e981ddd9c14: start RPC server
2023-06-29 22:10:30,285 [EndpointStateMachine task thread for /0.0.0.0:15002 - 0 ] INFO  server.GrpcService (GrpcService.java:startImpl(302)) - fe774388-89b0-43a1-8132-3e981ddd9c14: GrpcService started, listening on 15021
2023-06-29 22:10:30,287 [EndpointStateMachine task thread for /0.0.0.0:15002 - 0 ] INFO  server.GrpcService (GrpcService.java:startImpl(302)) - fe774388-89b0-43a1-8132-3e981ddd9c14: GrpcService started, listening on 15023
2023-06-29 22:10:30,288 [EndpointStateMachine task thread for /0.0.0.0:15002 - 0 ] INFO  server.GrpcService (GrpcService.java:startImpl(302)) - fe774388-89b0-43a1-8132-3e981ddd9c14: GrpcService started, listening on 15022
2023-06-29 22:10:30,289 [EndpointStateMachine task thread for /0.0.0.0:15002 - 0 ] INFO  ratis.XceiverServerRatis (XceiverServerRatis.java:getRealPort(543)) - XceiverServerRatis fe774388-89b0-43a1-8132-3e981ddd9c14 is started using port 15021 for RATIS
2023-06-29 22:10:30,289 [EndpointStateMachine task thread for /0.0.0.0:15002 - 0 ] INFO  ratis.XceiverServerRatis (XceiverServerRatis.java:getRealPort(543)) - XceiverServerRatis fe774388-89b0-43a1-8132-3e981ddd9c14 is started using port 15022 for RATIS_ADMIN
2023-06-29 22:10:30,289 [JvmPauseMonitor3] INFO  util.JvmPauseMonitor (JvmPauseMonitor.java:run(103)) - JvmPauseMonitor-fe774388-89b0-43a1-8132-3e981ddd9c14: Started
2023-06-29 22:10:30,289 [EndpointStateMachine task thread for /0.0.0.0:15002 - 0 ] INFO  ratis.XceiverServerRatis (XceiverServerRatis.java:getRealPort(543)) - XceiverServerRatis fe774388-89b0-43a1-8132-3e981ddd9c14 is started using port 15023 for RATIS_SERVER
2023-06-29 22:10:30,289 [EndpointStateMachine task thread for /0.0.0.0:15002 - 0 ] INFO  ratis.XceiverServerRatis (XceiverServerRatis.java:getRealPort(543)) - XceiverServerRatis fe774388-89b0-43a1-8132-3e981ddd9c14 is started using port 15024 for RATIS_DATASTREAM
2023-06-29 22:10:30,294 [BlockDeletingService#0] INFO  interfaces.ContainerDeletionChoosingPolicyTemplate (ContainerDeletionChoosingPolicyTemplate.java:chooseContainerForBlockDeletion(83)) - Chosen 0/5000 blocks from 0 candidate containers.
2023-06-29 22:10:30,616 [main] INFO  ozone.MiniOzoneClusterImpl (MiniOzoneClusterImpl.java:lambda$waitForClusterToBeReady$0(224)) - Waiting for nodes to be ready. Got 0 of 3 DN Heartbeats.
2023-06-29 22:10:30,617 [main] INFO  ozone.MiniOzoneClusterImpl (MiniOzoneClusterImpl.java:lambda$waitForClusterToBeReady$0(227)) - Waiting for cluster to exit safe mode
2023-06-29 22:10:30,617 [main] INFO  ozone.MiniOzoneClusterImpl (MiniOzoneClusterImpl.java:lambda$waitForClusterToBeReady$0(229)) - SCM became leader
2023-06-29 22:10:30,653 [EndpointStateMachine task thread for /0.0.0.0:15002 - 0 ] INFO  utils.DatanodeStoreCache (DatanodeStoreCache.java:addDB(66)) - Added db /home/runner/work/ozone/ozone/hadoop-ozone/integration-test/target/test-dir/MiniOzoneClusterImpl-ecb232db-3c23-47bf-871f-23bcde51c85c/datanode-2/data-0/containers/hdds/ecb232db-3c23-47bf-871f-23bcde51c85c/DS-c99ed2b6-ffa4-4330-9a05-a5064485fd68/container.db to cache
2023-06-29 22:10:30,653 [EndpointStateMachine task thread for /0.0.0.0:15002 - 0 ] INFO  volume.HddsVolume (HddsVolume.java:createDbStore(478)) - SchemaV3 db is created and loaded at /home/runner/work/ozone/ozone/hadoop-ozone/integration-test/target/test-dir/MiniOzoneClusterImpl-ecb232db-3c23-47bf-871f-23bcde51c85c/datanode-2/data-0/containers/hdds/ecb232db-3c23-47bf-871f-23bcde51c85c/DS-c99ed2b6-ffa4-4330-9a05-a5064485fd68/container.db for volume DS-c99ed2b6-ffa4-4330-9a05-a5064485fd68
2023-06-29 22:10:30,656 [EndpointStateMachine task thread for /0.0.0.0:15002 - 0 ] INFO  ozoneimpl.OzoneContainer (OzoneContainer.java:start(419)) - Attempting to start container services.
2023-06-29 22:10:30,656 [EndpointStateMachine task thread for /0.0.0.0:15002 - 0 ] INFO  ozoneimpl.OzoneContainer (OzoneContainer.java:startContainerScrub(327)) - Scheduled background container scanners and the on-demand container scanner have been disabled.
2023-06-29 22:10:30,658 [EndpointStateMachine task thread for /0.0.0.0:15002 - 0 ] INFO  replication.ReplicationServer (ReplicationServer.java:start(128)) - ReplicationServer is started using port 15034
2023-06-29 22:10:30,658 [EndpointStateMachine task thread for /0.0.0.0:15002 - 0 ] INFO  ratis.XceiverServerRatis (XceiverServerRatis.java:start(517)) - Starting XceiverServerRatis d2cb3656-736c-45ed-9177-765defc8baa4
2023-06-29 22:10:30,669 [EndpointStateMachine task thread for /0.0.0.0:15002 - 0 ] INFO  server.RaftServer (RaftServerProxy.java:startImpl(400)) - d2cb3656-736c-45ed-9177-765defc8baa4: start RPC server
2023-06-29 22:10:30,671 [EndpointStateMachine task thread for /0.0.0.0:15002 - 0 ] INFO  server.GrpcService (GrpcService.java:startImpl(302)) - d2cb3656-736c-45ed-9177-765defc8baa4: GrpcService started, listening on 15030
2023-06-29 22:10:30,672 [EndpointStateMachine task thread for /0.0.0.0:15002 - 0 ] INFO  server.GrpcService (GrpcService.java:startImpl(302)) - d2cb3656-736c-45ed-9177-765defc8baa4: GrpcService started, listening on 15032
2023-06-29 22:10:30,673 [EndpointStateMachine task thread for /0.0.0.0:15002 - 0 ] INFO  server.GrpcService (GrpcService.java:startImpl(302)) - d2cb3656-736c-45ed-9177-765defc8baa4: GrpcService started, listening on 15031
2023-06-29 22:10:30,673 [EndpointStateMachine task thread for /0.0.0.0:15002 - 0 ] INFO  ratis.XceiverServerRatis (XceiverServerRatis.java:getRealPort(543)) - XceiverServerRatis d2cb3656-736c-45ed-9177-765defc8baa4 is started using port 15030 for RATIS
2023-06-29 22:10:30,673 [EndpointStateMachine task thread for /0.0.0.0:15002 - 0 ] INFO  ratis.XceiverServerRatis (XceiverServerRatis.java:getRealPort(543)) - XceiverServerRatis d2cb3656-736c-45ed-9177-765defc8baa4 is started using port 15031 for RATIS_ADMIN
2023-06-29 22:10:30,673 [EndpointStateMachine task thread for /0.0.0.0:15002 - 0 ] INFO  ratis.XceiverServerRatis (XceiverServerRatis.java:getRealPort(543)) - XceiverServerRatis d2cb3656-736c-45ed-9177-765defc8baa4 is started using port 15032 for RATIS_SERVER
2023-06-29 22:10:30,673 [EndpointStateMachine task thread for /0.0.0.0:15002 - 0 ] INFO  ratis.XceiverServerRatis (XceiverServerRatis.java:getRealPort(543)) - XceiverServerRatis d2cb3656-736c-45ed-9177-765defc8baa4 is started using port 15033 for RATIS_DATASTREAM
2023-06-29 22:10:30,673 [JvmPauseMonitor4] INFO  util.JvmPauseMonitor (JvmPauseMonitor.java:run(103)) - JvmPauseMonitor-d2cb3656-736c-45ed-9177-765defc8baa4: Started
2023-06-29 22:10:30,686 [BlockDeletingService#0] INFO  interfaces.ContainerDeletionChoosingPolicyTemplate (ContainerDeletionChoosingPolicyTemplate.java:chooseContainerForBlockDeletion(83)) - Chosen 0/5000 blocks from 0 candidate containers.
2023-06-29 22:10:31,617 [main] INFO  ozone.MiniOzoneClusterImpl (MiniOzoneClusterImpl.java:lambda$waitForClusterToBeReady$0(224)) - Waiting for nodes to be ready. Got 0 of 3 DN Heartbeats.
2023-06-29 22:10:31,617 [main] INFO  ozone.MiniOzoneClusterImpl (MiniOzoneClusterImpl.java:lambda$waitForClusterToBeReady$0(227)) - Waiting for cluster to exit safe mode
2023-06-29 22:10:31,617 [main] INFO  ozone.MiniOzoneClusterImpl (MiniOzoneClusterImpl.java:lambda$waitForClusterToBeReady$0(229)) - SCM became leader
2023-06-29 22:10:31,815 [IPC Server handler 1 on default port 15002] INFO  net.NetworkTopologyImpl (NetworkTopologyImpl.java:add(112)) - Added a new node: /default-rack/48be0ea8-46a6-4e80-b936-879c72e065d6
2023-06-29 22:10:31,818 [IPC Server handler 1 on default port 15002] INFO  node.SCMNodeManager (SCMNodeManager.java:register(405)) - Registered Data node : 48be0ea8-46a6-4e80-b936-879c72e065d6{ip: 10.1.0.248, host: fv-az83-404.uavyq1izdhte5b0ne1us2eqzhb.jx.internal.cloudapp.net, ports: [HTTP=15009, CLIENT_RPC=15010, REPLICATION=15016, RATIS=15012, RATIS_ADMIN=15013, RATIS_SERVER=15014, RATIS_DATASTREAM=15015, STANDALONE=15011], networkLocation: /default-rack, certSerialId: null, persistedOpState: null, persistedOpStateExpiryEpochSec: 0}
2023-06-29 22:10:31,822 [EventQueue-NewNodeForNewNodeHandler] INFO  pipeline.BackgroundPipelineCreator (BackgroundPipelineCreator.java:notifyEventTriggered(277)) - trigger a one-shot run on RatisPipelineUtilsThread.
2023-06-29 22:10:31,829 [EventQueue-NodeRegistrationContainerReportForContainerSafeModeRule] INFO  safemode.SCMSafeModeManager (SCMSafeModeManager.java:validateSafeModeExitRules(200)) - ContainerSafeModeRule rule is successfully validated
2023-06-29 22:10:31,829 [EventQueue-NodeRegistrationContainerReportForDataNodeSafeModeRule] INFO  safemode.SCMSafeModeManager (DataNodeSafeModeRule.java:process(71)) - SCM in safe mode. 1 DataNodes registered, 3 required.
2023-06-29 22:10:31,843 [EventQueue-PipelineReportForOneReplicaPipelineSafeModeRule] INFO  safemode.SCMSafeModeManager (SCMSafeModeManager.java:validateSafeModeExitRules(200)) - AtleastOneDatanodeReportedRule rule is successfully validated
2023-06-29 22:10:31,840 [RatisPipelineUtilsThread - 0] INFO  pipeline.RatisPipelineProvider (RatisPipelineProvider.java:lambda$create$0(206)) - Sending CreatePipelineCommand for pipeline:PipelineID=dcf3c852-6ad7-48f8-ab88-12ae4bfa76df to datanode:48be0ea8-46a6-4e80-b936-879c72e065d6
2023-06-29 22:10:31,856 [RatisPipelineUtilsThread - 0] INFO  pipeline.BackgroundPipelineCreator (BackgroundPipelineCreator.java:createPipelines(233)) - Created new pipeline Pipeline[ Id: dcf3c852-6ad7-48f8-ab88-12ae4bfa76df, Nodes: 48be0ea8-46a6-4e80-b936-879c72e065d6(fv-az83-404.uavyq1izdhte5b0ne1us2eqzhb.jx.internal.cloudapp.net/10.1.0.248), ReplicationConfig: RATIS/ONE, State:ALLOCATED, leaderId:, CreationTimestamp2023-06-29T22:10:31.839Z[Etc/UTC]]
2023-06-29 22:10:32,250 [IPC Server handler 2 on default port 15002] INFO  net.NetworkTopologyImpl (NetworkTopologyImpl.java:add(112)) - Added a new node: /default-rack/fe774388-89b0-43a1-8132-3e981ddd9c14
2023-06-29 22:10:32,250 [IPC Server handler 2 on default port 15002] INFO  node.SCMNodeManager (SCMNodeManager.java:register(405)) - Registered Data node : fe774388-89b0-43a1-8132-3e981ddd9c14{ip: 10.1.0.248, host: fv-az83-404.uavyq1izdhte5b0ne1us2eqzhb.jx.internal.cloudapp.net, ports: [HTTP=15018, CLIENT_RPC=15019, REPLICATION=15025, RATIS=15021, RATIS_ADMIN=15022, RATIS_SERVER=15023, RATIS_DATASTREAM=15024, STANDALONE=15020], networkLocation: /default-rack, certSerialId: null, persistedOpState: null, persistedOpStateExpiryEpochSec: 0}
2023-06-29 22:10:32,250 [EventQueue-NewNodeForNewNodeHandler] INFO  pipeline.BackgroundPipelineCreator (BackgroundPipelineCreator.java:notifyEventTriggered(277)) - trigger a one-shot run on RatisPipelineUtilsThread.
2023-06-29 22:10:32,251 [EventQueue-NodeRegistrationContainerReportForDataNodeSafeModeRule] INFO  safemode.SCMSafeModeManager (DataNodeSafeModeRule.java:process(71)) - SCM in safe mode. 2 DataNodes registered, 3 required.
2023-06-29 22:10:32,252 [RatisPipelineUtilsThread - 0] INFO  pipeline.RatisPipelineProvider (RatisPipelineProvider.java:lambda$create$0(206)) - Sending CreatePipelineCommand for pipeline:PipelineID=f1a5a16a-ef82-4d91-869e-37708f06ebe6 to datanode:fe774388-89b0-43a1-8132-3e981ddd9c14
2023-06-29 22:10:32,253 [RatisPipelineUtilsThread - 0] INFO  pipeline.BackgroundPipelineCreator (BackgroundPipelineCreator.java:createPipelines(233)) - Created new pipeline Pipeline[ Id: f1a5a16a-ef82-4d91-869e-37708f06ebe6, Nodes: fe774388-89b0-43a1-8132-3e981ddd9c14(fv-az83-404.uavyq1izdhte5b0ne1us2eqzhb.jx.internal.cloudapp.net/10.1.0.248), ReplicationConfig: RATIS/ONE, State:ALLOCATED, leaderId:, CreationTimestamp2023-06-29T22:10:32.252Z[Etc/UTC]]
2023-06-29 22:10:32,618 [main] INFO  ozone.MiniOzoneClusterImpl (MiniOzoneClusterImpl.java:lambda$waitForClusterToBeReady$0(224)) - Waiting for nodes to be ready. Got 2 of 3 DN Heartbeats.
2023-06-29 22:10:32,618 [main] INFO  ozone.MiniOzoneClusterImpl (MiniOzoneClusterImpl.java:lambda$waitForClusterToBeReady$0(227)) - Waiting for cluster to exit safe mode
2023-06-29 22:10:32,618 [main] INFO  ozone.MiniOzoneClusterImpl (MiniOzoneClusterImpl.java:lambda$waitForClusterToBeReady$0(229)) - SCM became leader
2023-06-29 22:10:32,618 [IPC Server handler 0 on default port 15002] INFO  net.NetworkTopologyImpl (NetworkTopologyImpl.java:add(112)) - Added a new node: /default-rack/d2cb3656-736c-45ed-9177-765defc8baa4
2023-06-29 22:10:32,619 [IPC Server handler 0 on default port 15002] INFO  node.SCMNodeManager (SCMNodeManager.java:register(405)) - Registered Data node : d2cb3656-736c-45ed-9177-765defc8baa4{ip: 10.1.0.248, host: fv-az83-404.uavyq1izdhte5b0ne1us2eqzhb.jx.internal.cloudapp.net, ports: [HTTP=15027, CLIENT_RPC=15028, REPLICATION=15034, RATIS=15030, RATIS_ADMIN=15031, RATIS_SERVER=15032, RATIS_DATASTREAM=15033, STANDALONE=15029], networkLocation: /default-rack, certSerialId: null, persistedOpState: null, persistedOpStateExpiryEpochSec: 0}
2023-06-29 22:10:32,619 [EventQueue-NewNodeForNewNodeHandler] INFO  pipeline.BackgroundPipelineCreator (BackgroundPipelineCreator.java:notifyEventTriggered(277)) - trigger a one-shot run on RatisPipelineUtilsThread.
2023-06-29 22:10:32,619 [EventQueue-NodeRegistrationContainerReportForDataNodeSafeModeRule] INFO  safemode.SCMSafeModeManager (DataNodeSafeModeRule.java:process(71)) - SCM in safe mode. 3 DataNodes registered, 3 required.
2023-06-29 22:10:32,620 [EventQueue-NodeRegistrationContainerReportForDataNodeSafeModeRule] INFO  safemode.SCMSafeModeManager (SCMSafeModeManager.java:validateSafeModeExitRules(200)) - DataNodeSafeModeRule rule is successfully validated
2023-06-29 22:10:32,620 [EventQueue-NodeRegistrationContainerReportForDataNodeSafeModeRule] INFO  safemode.SCMSafeModeManager (SCMSafeModeManager.java:completePreCheck(229)) - All SCM safe mode pre check rules have passed
2023-06-29 22:10:32,620 [EventQueue-NodeRegistrationContainerReportForDataNodeSafeModeRule] INFO  ha.SCMContext (SCMContext.java:updateSafeModeStatus(228)) - Update SafeModeStatus from SafeModeStatus{safeModeStatus=true, preCheckPassed=false} to SafeModeStatus{safeModeStatus=true, preCheckPassed=true}.
2023-06-29 22:10:32,620 [EventQueue-NodeRegistrationContainerReportForDataNodeSafeModeRule] INFO  pipeline.BackgroundPipelineCreator (BackgroundPipelineCreator.java:notifyEventTriggered(277)) - trigger a one-shot run on RatisPipelineUtilsThread.
2023-06-29 22:10:32,620 [RatisPipelineUtilsThread - 0] INFO  pipeline.RatisPipelineProvider (RatisPipelineProvider.java:lambda$create$0(206)) - Sending CreatePipelineCommand for pipeline:PipelineID=bf09cc7a-3b10-4345-9a04-79b2834307e7 to datanode:d2cb3656-736c-45ed-9177-765defc8baa4
2023-06-29 22:10:32,621 [RatisPipelineUtilsThread - 0] INFO  pipeline.BackgroundPipelineCreator (BackgroundPipelineCreator.java:createPipelines(233)) - Created new pipeline Pipeline[ Id: bf09cc7a-3b10-4345-9a04-79b2834307e7, Nodes: d2cb3656-736c-45ed-9177-765defc8baa4(fv-az83-404.uavyq1izdhte5b0ne1us2eqzhb.jx.internal.cloudapp.net/10.1.0.248), ReplicationConfig: RATIS/ONE, State:ALLOCATED, leaderId:, CreationTimestamp2023-06-29T22:10:32.620Z[Etc/UTC]]
2023-06-29 22:10:32,624 [RatisPipelineUtilsThread - 0] INFO  pipeline.RatisPipelineProvider (RatisPipelineProvider.java:lambda$create$0(206)) - Sending CreatePipelineCommand for pipeline:PipelineID=d220e5b9-ae7c-41b7-8547-aa8e299d83d3 to datanode:48be0ea8-46a6-4e80-b936-879c72e065d6
2023-06-29 22:10:32,624 [RatisPipelineUtilsThread - 0] INFO  pipeline.RatisPipelineProvider (RatisPipelineProvider.java:lambda$create$0(206)) - Sending CreatePipelineCommand for pipeline:PipelineID=d220e5b9-ae7c-41b7-8547-aa8e299d83d3 to datanode:d2cb3656-736c-45ed-9177-765defc8baa4
2023-06-29 22:10:32,624 [RatisPipelineUtilsThread - 0] INFO  pipeline.RatisPipelineProvider (RatisPipelineProvider.java:lambda$create$0(206)) - Sending CreatePipelineCommand for pipeline:PipelineID=d220e5b9-ae7c-41b7-8547-aa8e299d83d3 to datanode:fe774388-89b0-43a1-8132-3e981ddd9c14
2023-06-29 22:10:32,626 [RatisPipelineUtilsThread - 0] INFO  pipeline.BackgroundPipelineCreator (BackgroundPipelineCreator.java:createPipelines(233)) - Created new pipeline Pipeline[ Id: d220e5b9-ae7c-41b7-8547-aa8e299d83d3, Nodes: 48be0ea8-46a6-4e80-b936-879c72e065d6(fv-az83-404.uavyq1izdhte5b0ne1us2eqzhb.jx.internal.cloudapp.net/10.1.0.248)d2cb3656-736c-45ed-9177-765defc8baa4(fv-az83-404.uavyq1izdhte5b0ne1us2eqzhb.jx.internal.cloudapp.net/10.1.0.248)fe774388-89b0-43a1-8132-3e981ddd9c14(fv-az83-404.uavyq1izdhte5b0ne1us2eqzhb.jx.internal.cloudapp.net/10.1.0.248), ReplicationConfig: RATIS/THREE, State:ALLOCATED, leaderId:, CreationTimestamp2023-06-29T22:10:32.624Z[Etc/UTC]]
2023-06-29 22:10:32,627 [RatisPipelineUtilsThread - 0] INFO  pipeline.RatisPipelineProvider (RatisPipelineProvider.java:lambda$create$0(206)) - Sending CreatePipelineCommand for pipeline:PipelineID=60c550eb-c91e-4f73-bcc1-53a4de1611ee to datanode:fe774388-89b0-43a1-8132-3e981ddd9c14
2023-06-29 22:10:32,627 [RatisPipelineUtilsThread - 0] INFO  pipeline.RatisPipelineProvider (RatisPipelineProvider.java:lambda$create$0(206)) - Sending CreatePipelineCommand for pipeline:PipelineID=60c550eb-c91e-4f73-bcc1-53a4de1611ee to datanode:48be0ea8-46a6-4e80-b936-879c72e065d6
2023-06-29 22:10:32,627 [RatisPipelineUtilsThread - 0] INFO  pipeline.RatisPipelineProvider (RatisPipelineProvider.java:lambda$create$0(206)) - Sending CreatePipelineCommand for pipeline:PipelineID=60c550eb-c91e-4f73-bcc1-53a4de1611ee to datanode:d2cb3656-736c-45ed-9177-765defc8baa4
2023-06-29 22:10:32,628 [RatisPipelineUtilsThread - 0] INFO  pipeline.PipelineManagerImpl (PipelineManagerImpl.java:recordMetricsForPipeline(895)) - Pipeline: PipelineID=60c550eb-c91e-4f73-bcc1-53a4de1611ee contains same datanodes as previous pipelines: PipelineID=d220e5b9-ae7c-41b7-8547-aa8e299d83d3 nodeIds: fe774388-89b0-43a1-8132-3e981ddd9c14, 48be0ea8-46a6-4e80-b936-879c72e065d6, d2cb3656-736c-45ed-9177-765defc8baa4
2023-06-29 22:10:32,628 [RatisPipelineUtilsThread - 0] INFO  pipeline.BackgroundPipelineCreator (BackgroundPipelineCreator.java:createPipelines(233)) - Created new pipeline Pipeline[ Id: 60c550eb-c91e-4f73-bcc1-53a4de1611ee, Nodes: fe774388-89b0-43a1-8132-3e981ddd9c14(fv-az83-404.uavyq1izdhte5b0ne1us2eqzhb.jx.internal.cloudapp.net/10.1.0.248)48be0ea8-46a6-4e80-b936-879c72e065d6(fv-az83-404.uavyq1izdhte5b0ne1us2eqzhb.jx.internal.cloudapp.net/10.1.0.248)d2cb3656-736c-45ed-9177-765defc8baa4(fv-az83-404.uavyq1izdhte5b0ne1us2eqzhb.jx.internal.cloudapp.net/10.1.0.248), ReplicationConfig: RATIS/THREE, State:ALLOCATED, leaderId:, CreationTimestamp2023-06-29T22:10:32.627Z[Etc/UTC]]
2023-06-29 22:10:32,628 [RatisPipelineUtilsThread - 0] WARN  pipeline.PipelinePlacementPolicy (PipelinePlacementPolicy.java:filterViableNodes(166)) - Pipeline creation failed due to no sufficient healthy datanodes. Required 3. Found 0. Excluded 3.
2023-06-29 22:10:32,631 [RatisPipelineUtilsThread - 0] WARN  pipeline.PipelinePlacementPolicy (PipelinePlacementPolicy.java:filterViableNodes(166)) - Pipeline creation failed due to no sufficient healthy datanodes. Required 3. Found 0. Excluded 3.
2023-06-29 22:10:33,618 [main] INFO  ozone.MiniOzoneClusterImpl (MiniOzoneClusterImpl.java:lambda$waitForClusterToBeReady$0(224)) - Nodes are ready. Got 3 of 3 DN Heartbeats.
2023-06-29 22:10:33,619 [main] INFO  ozone.MiniOzoneClusterImpl (MiniOzoneClusterImpl.java:lambda$waitForClusterToBeReady$0(227)) - Waiting for cluster to exit safe mode
2023-06-29 22:10:33,619 [main] INFO  ozone.MiniOzoneClusterImpl (MiniOzoneClusterImpl.java:lambda$waitForClusterToBeReady$0(229)) - SCM became leader
2023-06-29 22:10:34,619 [main] INFO  ozone.MiniOzoneClusterImpl (MiniOzoneClusterImpl.java:lambda$waitForClusterToBeReady$0(224)) - Nodes are ready. Got 3 of 3 DN Heartbeats.
2023-06-29 22:10:34,620 [main] INFO  ozone.MiniOzoneClusterImpl (MiniOzoneClusterImpl.java:lambda$waitForClusterToBeReady$0(227)) - Waiting for cluster to exit safe mode
2023-06-29 22:10:34,620 [main] INFO  ozone.MiniOzoneClusterImpl (MiniOzoneClusterImpl.java:lambda$waitForClusterToBeReady$0(229)) - SCM became leader
2023-06-29 22:10:34,855 [PipelineCommandHandlerThread-0] INFO  server.RaftServer (RaftServerProxy.java:addNew(98)) - 48be0ea8-46a6-4e80-b936-879c72e065d6: addNew group-12AE4BFA76DF:[48be0ea8-46a6-4e80-b936-879c72e065d6|rpc:10.1.0.248:15014|admin:10.1.0.248:15013|client:10.1.0.248:15012|dataStream:10.1.0.248:15015|priority:1|startupRole:FOLLOWER] returns group-12AE4BFA76DF:java.util.concurrent.CompletableFuture@1590a61c[Not completed]
2023-06-29 22:10:34,865 [48be0ea8-46a6-4e80-b936-879c72e065d6-groupManagement] INFO  server.RaftServer$Division (RaftServerImpl.java:<init>(198)) - 48be0ea8-46a6-4e80-b936-879c72e065d6: new RaftServerImpl for group-12AE4BFA76DF:[48be0ea8-46a6-4e80-b936-879c72e065d6|rpc:10.1.0.248:15014|admin:10.1.0.248:15013|client:10.1.0.248:15012|dataStream:10.1.0.248:15015|priority:1|startupRole:FOLLOWER] with ContainerStateMachine:uninitialized
2023-06-29 22:10:34,865 [48be0ea8-46a6-4e80-b936-879c72e065d6-groupManagement] INFO  server.RaftServerConfigKeys (ConfUtils.java:logGet(46)) - raft.server.rpc.timeout.min = 5s (custom)
2023-06-29 22:10:34,866 [48be0ea8-46a6-4e80-b936-879c72e065d6-groupManagement] INFO  server.RaftServerConfigKeys (ConfUtils.java:logGet(46)) - raft.server.rpc.timeout.max = 5200ms (custom)
2023-06-29 22:10:34,866 [48be0ea8-46a6-4e80-b936-879c72e065d6-groupManagement] INFO  server.RaftServerConfigKeys (ConfUtils.java:logGet(46)) - raft.server.rpc.sleep.time = 25ms (default)
2023-06-29 22:10:34,866 [48be0ea8-46a6-4e80-b936-879c72e065d6-groupManagement] INFO  server.RaftServerConfigKeys (ConfUtils.java:logGet(46)) - raft.server.rpc.slowness.timeout = 300s (custom)
2023-06-29 22:10:34,866 [48be0ea8-46a6-4e80-b936-879c72e065d6-groupManagement] INFO  server.RaftServerConfigKeys (ConfUtils.java:logGet(46)) - raft.server.leaderelection.leader.step-down.wait-time = 10s (default)
2023-06-29 22:10:34,866 [48be0ea8-46a6-4e80-b936-879c72e065d6-groupManagement] INFO  server.RaftServerConfigKeys (ConfUtils.java:logGet(46)) - raft.server.sleep.deviation.threshold = 300ms (default)
2023-06-29 22:10:34,866 [48be0ea8-46a6-4e80-b936-879c72e065d6-groupManagement] INFO  server.RaftServer$Division (ServerState.java:<init>(120)) - 48be0ea8-46a6-4e80-b936-879c72e065d6@group-12AE4BFA76DF: ConfigurationManager, init=-1: peers:[48be0ea8-46a6-4e80-b936-879c72e065d6|rpc:10.1.0.248:15014|admin:10.1.0.248:15013|client:10.1.0.248:15012|dataStream:10.1.0.248:15015|priority:1|startupRole:FOLLOWER]|listeners:[], old=null, confs=<EMPTY_MAP>
2023-06-29 22:10:34,866 [48be0ea8-46a6-4e80-b936-879c72e065d6-groupManagement] INFO  server.RaftServerConfigKeys (ConfUtils.java:logGet(46)) - raft.server.storage.dir = [/home/runner/work/ozone/ozone/hadoop-ozone/integration-test/target/test-dir/MiniOzoneClusterImpl-ecb232db-3c23-47bf-871f-23bcde51c85c/datanode-0/data/ratis] (custom)
2023-06-29 22:10:34,866 [48be0ea8-46a6-4e80-b936-879c72e065d6-groupManagement] INFO  server.RaftServerConfigKeys (ConfUtils.java:logGet(46)) - raft.server.log.corruption.policy = EXCEPTION (default)
2023-06-29 22:10:34,866 [48be0ea8-46a6-4e80-b936-879c72e065d6-groupManagement] INFO  server.RaftServerConfigKeys (ConfUtils.java:logGet(46)) - raft.server.storage.free-space.min = 0MB (=0) (default)
2023-06-29 22:10:34,866 [48be0ea8-46a6-4e80-b936-879c72e065d6-groupManagement] INFO  server.RaftServerConfigKeys (ConfUtils.java:logGet(46)) - raft.server.notification.no-leader.timeout = 300s (custom)
2023-06-29 22:10:34,866 [48be0ea8-46a6-4e80-b936-879c72e065d6-groupManagement] INFO  server.RaftServerConfigKeys (ConfUtils.java:logGet(46)) - raft.server.read.timeout = 10s (default)
2023-06-29 22:10:34,866 [48be0ea8-46a6-4e80-b936-879c72e065d6-groupManagement] INFO  server.RaftServerConfigKeys (ConfUtils.java:logGet(46)) - raft.server.retrycache.expirytime = 600000ms (custom)
2023-06-29 22:10:34,866 [48be0ea8-46a6-4e80-b936-879c72e065d6-groupManagement] INFO  server.RaftServerConfigKeys (ConfUtils.java:logGet(46)) - raft.server.retrycache.statistics.expirytime = 100μs (default)
2023-06-29 22:10:34,867 [48be0ea8-46a6-4e80-b936-879c72e065d6-groupManagement] INFO  server.RaftServerConfigKeys (ConfUtils.java:logGet(46)) - raft.server.read.option = DEFAULT (default)
2023-06-29 22:10:34,868 [48be0ea8-46a6-4e80-b936-879c72e065d6-groupManagement] INFO  server.RaftServerConfigKeys (ConfUtils.java:logGet(46)) - raft.server.rpc.request.timeout = 60s (custom)
2023-06-29 22:10:34,868 [48be0ea8-46a6-4e80-b936-879c72e065d6-groupManagement] INFO  server.RaftServerConfigKeys (ConfUtils.java:logGet(46)) - raft.server.log.appender.install.snapshot.enabled = false (custom)
2023-06-29 22:10:34,868 [48be0ea8-46a6-4e80-b936-879c72e065d6-groupManagement] INFO  server.RaftServerConfigKeys (ConfUtils.java:logGet(46)) - raft.server.threadpool.server.cached = true (default)
2023-06-29 22:10:34,869 [48be0ea8-46a6-4e80-b936-879c72e065d6-groupManagement] INFO  server.RaftServerConfigKeys (ConfUtils.java:logGet(46)) - raft.server.threadpool.server.size = 0 (default)
2023-06-29 22:10:34,869 [48be0ea8-46a6-4e80-b936-879c72e065d6-groupManagement] INFO  server.RaftServerConfigKeys (ConfUtils.java:logGet(46)) - raft.server.threadpool.client.cached = true (default)
2023-06-29 22:10:34,869 [48be0ea8-46a6-4e80-b936-879c72e065d6-groupManagement] INFO  server.RaftServerConfigKeys (ConfUtils.java:logGet(46)) - raft.server.threadpool.client.size = 0 (default)
2023-06-29 22:10:34,869 [48be0ea8-46a6-4e80-b936-879c72e065d6-groupManagement] INFO  storage.RaftStorageDirectory (RaftStorageDirectoryImpl.java:analyzeStorage(137)) - The storage directory /home/runner/work/ozone/ozone/hadoop-ozone/integration-test/target/test-dir/MiniOzoneClusterImpl-ecb232db-3c23-47bf-871f-23bcde51c85c/datanode-0/data/ratis/dcf3c852-6ad7-48f8-ab88-12ae4bfa76df does not exist. Creating ...
2023-06-29 22:10:34,873 [48be0ea8-46a6-4e80-b936-879c72e065d6-groupManagement] INFO  storage.RaftStorageDirectory (RaftStorageDirectoryImpl.java:tryLock(231)) - Lock on /home/runner/work/ozone/ozone/hadoop-ozone/integration-test/target/test-dir/MiniOzoneClusterImpl-ecb232db-3c23-47bf-871f-23bcde51c85c/datanode-0/data/ratis/dcf3c852-6ad7-48f8-ab88-12ae4bfa76df/in_use.lock acquired by nodename 7706@fv-az83-404
2023-06-29 22:10:34,874 [48be0ea8-46a6-4e80-b936-879c72e065d6-groupManagement] INFO  storage.RaftStorage (RaftStorageImpl.java:format(96)) - Storage directory /home/runner/work/ozone/ozone/hadoop-ozone/integration-test/target/test-dir/MiniOzoneClusterImpl-ecb232db-3c23-47bf-871f-23bcde51c85c/datanode-0/data/ratis/dcf3c852-6ad7-48f8-ab88-12ae4bfa76df has been successfully formatted.
2023-06-29 22:10:34,882 [48be0ea8-46a6-4e80-b936-879c72e065d6-groupManagement] INFO  ratis.ContainerStateMachine (ContainerStateMachine.java:loadSnapshot(262)) - group-12AE4BFA76DF: The snapshot info is null. Setting the last applied indexto:(t:0, i:~)
2023-06-29 22:10:34,882 [48be0ea8-46a6-4e80-b936-879c72e065d6-groupManagement] INFO  server.RaftServerConfigKeys (ConfUtils.java:logGet(46)) - raft.server.log.use.memory = false (default)
2023-06-29 22:10:34,882 [48be0ea8-46a6-4e80-b936-879c72e065d6-groupManagement] INFO  server.RaftServerConfigKeys (ConfUtils.java:logGet(46)) - raft.server.log.purge.gap = 1000000 (custom)
2023-06-29 22:10:34,882 [48be0ea8-46a6-4e80-b936-879c72e065d6-groupManagement] INFO  server.RaftServerConfigKeys (ConfUtils.java:logGet(46)) - raft.server.log.appender.buffer.byte-limit = 33554432 (custom)
2023-06-29 22:10:34,882 [48be0ea8-46a6-4e80-b936-879c72e065d6-groupManagement] INFO  server.RaftServerConfigKeys (ConfUtils.java:logGet(46)) - raft.server.log.statemachine.data.read.timeout = 1000ms (default)
2023-06-29 22:10:34,882 [48be0ea8-46a6-4e80-b936-879c72e065d6-groupManagement] INFO  server.RaftServerConfigKeys (ConfUtils.java:logGet(46)) - raft.server.log.purge.preservation.log.num = 0 (default)
2023-06-29 22:10:34,882 [48be0ea8-46a6-4e80-b936-879c72e065d6-groupManagement] INFO  server.RaftServerConfigKeys (ConfUtils.java:logGet(46)) - raft.server.log.segment.size.max = 1048576 (custom)
2023-06-29 22:10:34,883 [48be0ea8-46a6-4e80-b936-879c72e065d6-groupManagement] INFO  server.RaftServerConfigKeys (ConfUtils.java:logGet(46)) - raft.server.log.segment.cache.num.max = 2 (custom)
2023-06-29 22:10:34,883 [48be0ea8-46a6-4e80-b936-879c72e065d6-groupManagement] INFO  server.RaftServerConfigKeys (ConfUtils.java:logGet(46)) - raft.server.log.segment.cache.size.max = 200MB (=209715200) (default)
2023-06-29 22:10:34,883 [48be0ea8-46a6-4e80-b936-879c72e065d6-groupManagement] INFO  server.RaftServerConfigKeys (ConfUtils.java:logGet(46)) - raft.server.log.appender.buffer.byte-limit = 33554432 (custom)
2023-06-29 22:10:34,883 [48be0ea8-46a6-4e80-b936-879c72e065d6-groupManagement] INFO  segmented.SegmentedRaftLogWorker (SegmentedRaftLogWorker.java:<init>(188)) - new 48be0ea8-46a6-4e80-b936-879c72e065d6@group-12AE4BFA76DF-SegmentedRaftLogWorker for RaftStorageImpl:Storage Directory /home/runner/work/ozone/ozone/hadoop-ozone/integration-test/target/test-dir/MiniOzoneClusterImpl-ecb232db-3c23-47bf-871f-23bcde51c85c/datanode-0/data/ratis/dcf3c852-6ad7-48f8-ab88-12ae4bfa76df
2023-06-29 22:10:34,883 [48be0ea8-46a6-4e80-b936-879c72e065d6-groupManagement] INFO  server.RaftServerConfigKeys (ConfUtils.java:logGet(46)) - raft.server.log.queue.byte-limit = 4294967296 (custom)
2023-06-29 22:10:34,883 [48be0ea8-46a6-4e80-b936-879c72e065d6-groupManagement] INFO  server.RaftServerConfigKeys (ConfUtils.java:logGet(46)) - raft.server.log.queue.element-limit = 1024 (custom)
2023-06-29 22:10:34,883 [48be0ea8-46a6-4e80-b936-879c72e065d6-groupManagement] INFO  server.RaftServerConfigKeys (ConfUtils.java:logGet(46)) - raft.server.log.segment.size.max = 1048576 (custom)
2023-06-29 22:10:34,883 [48be0ea8-46a6-4e80-b936-879c72e065d6-groupManagement] INFO  server.RaftServerConfigKeys (ConfUtils.java:logGet(46)) - raft.server.log.preallocated.size = 16384 (custom)
2023-06-29 22:10:34,883 [48be0ea8-46a6-4e80-b936-879c72e065d6-groupManagement] INFO  server.RaftServerConfigKeys (ConfUtils.java:logGet(46)) - raft.server.log.force.sync.num = 128 (default)
2023-06-29 22:10:34,883 [48be0ea8-46a6-4e80-b936-879c72e065d6-groupManagement] INFO  server.RaftServerConfigKeys (ConfUtils.java:logGet(46)) - raft.server.log.statemachine.data.sync = true (default)
2023-06-29 22:10:34,883 [48be0ea8-46a6-4e80-b936-879c72e065d6-groupManagement] INFO  server.RaftServerConfigKeys (ConfUtils.java:logGet(46)) - raft.server.log.statemachine.data.sync.timeout = 10s (default)
2023-06-29 22:10:34,884 [48be0ea8-46a6-4e80-b936-879c72e065d6-groupManagement] INFO  server.RaftServerConfigKeys (ConfUtils.java:logGet(46)) - raft.server.log.statemachine.data.sync.timeout.retry = -1 (default)
2023-06-29 22:10:34,885 [48be0ea8-46a6-4e80-b936-879c72e065d6-groupManagement] INFO  server.RaftServerConfigKeys (ConfUtils.java:logGet(46)) - raft.server.log.write.buffer.size = 1048576 (custom)
2023-06-29 22:10:34,885 [48be0ea8-46a6-4e80-b936-879c72e065d6-groupManagement] INFO  server.RaftServerConfigKeys (ConfUtils.java:logGet(46)) - raft.server.log.appender.buffer.byte-limit = 33554432 (custom)
2023-06-29 22:10:34,895 [48be0ea8-46a6-4e80-b936-879c72e065d6-groupManagement] INFO  server.RaftServerConfigKeys (ConfUtils.java:logGet(46)) - raft.server.log.unsafe-flush.enabled = false (default)
2023-06-29 22:10:34,895 [48be0ea8-46a6-4e80-b936-879c72e065d6-groupManagement] INFO  server.RaftServerConfigKeys (ConfUtils.java:logGet(46)) - raft.server.log.async-flush.enabled = false (default)
2023-06-29 22:10:34,896 [48be0ea8-46a6-4e80-b936-879c72e065d6-groupManagement] INFO  server.RaftServerConfigKeys (ConfUtils.java:logGet(46)) - raft.server.log.statemachine.data.caching.enabled = true (custom)
2023-06-29 22:10:34,896 [48be0ea8-46a6-4e80-b936-879c72e065d6-groupManagement] INFO  segmented.SegmentedRaftLogWorker (SegmentedRaftLogWorker.java:lambda$new$0(135)) - 48be0ea8-46a6-4e80-b936-879c72e065d6@group-12AE4BFA76DF-SegmentedRaftLogWorker: flushIndex: setUnconditionally 0 -> -1
2023-06-29 22:10:34,896 [48be0ea8-46a6-4e80-b936-879c72e065d6-groupManagement] INFO  segmented.SegmentedRaftLogWorker (SegmentedRaftLogWorker.java:lambda$new$0(135)) - 48be0ea8-46a6-4e80-b936-879c72e065d6@group-12AE4BFA76DF-SegmentedRaftLogWorker: safeCacheEvictIndex: setUnconditionally 0 -> -1
2023-06-29 22:10:34,896 [48be0ea8-46a6-4e80-b936-879c72e065d6-groupManagement] INFO  server.RaftServer$Division (RaftServerImpl.java:start(342)) - 48be0ea8-46a6-4e80-b936-879c72e065d6@group-12AE4BFA76DF: start as a follower, conf=-1: peers:[48be0ea8-46a6-4e80-b936-879c72e065d6|rpc:10.1.0.248:15014|admin:10.1.0.248:15013|client:10.1.0.248:15012|dataStream:10.1.0.248:15015|priority:1|startupRole:FOLLOWER]|listeners:[], old=null
2023-06-29 22:10:34,896 [48be0ea8-46a6-4e80-b936-879c72e065d6-groupManagement] INFO  server.RaftServer$Division (RaftServerImpl.java:setRole(329)) - 48be0ea8-46a6-4e80-b936-879c72e065d6@group-12AE4BFA76DF: changes role from      null to FOLLOWER at term 0 for startAsFollower
2023-06-29 22:10:34,896 [48be0ea8-46a6-4e80-b936-879c72e065d6-groupManagement] INFO  impl.RoleInfo (RoleInfo.java:updateAndGet(139)) - 48be0ea8-46a6-4e80-b936-879c72e065d6: start 48be0ea8-46a6-4e80-b936-879c72e065d6@group-12AE4BFA76DF-FollowerState
2023-06-29 22:10:34,897 [48be0ea8-46a6-4e80-b936-879c72e065d6-groupManagement] INFO  util.JmxRegister (JmxRegister.java:tryRegister(44)) - Successfully registered JMX Bean with object name Ratis:service=RaftServer,group=group-12AE4BFA76DF,id=48be0ea8-46a6-4e80-b936-879c72e065d6
2023-06-29 22:10:34,898 [48be0ea8-46a6-4e80-b936-879c72e065d6-groupManagement] INFO  server.RaftServerConfigKeys (ConfUtils.java:logGet(46)) - raft.server.snapshot.auto.trigger.enabled = true (custom)
2023-06-29 22:10:34,898 [48be0ea8-46a6-4e80-b936-879c72e065d6-groupManagement] INFO  server.RaftServerConfigKeys (ConfUtils.java:logGet(46)) - raft.server.snapshot.auto.trigger.threshold = 10000 (custom)
2023-06-29 22:10:34,898 [48be0ea8-46a6-4e80-b936-879c72e065d6-groupManagement] INFO  server.RaftServerConfigKeys (ConfUtils.java:logGet(46)) - raft.server.snapshot.retention.file.num = 5 (custom)
2023-06-29 22:10:34,898 [48be0ea8-46a6-4e80-b936-879c72e065d6-groupManagement] INFO  server.RaftServerConfigKeys (ConfUtils.java:logGet(46)) - raft.server.log.purge.upto.snapshot.index = false (default)
2023-06-29 22:10:34,898 [48be0ea8-46a6-4e80-b936-879c72e065d6@group-12AE4BFA76DF-FollowerState] INFO  server.RaftServerConfigKeys (ConfUtils.java:logFallback(53)) - raft.server.rpc.first-election.timeout.min = 5s (fallback to raft.server.rpc.timeout.min)
2023-06-29 22:10:34,908 [PipelineCommandHandlerThread-0] INFO  ratis.XceiverServerRatis (XceiverServerRatis.java:addGroup(804)) - Created group PipelineID=dcf3c852-6ad7-48f8-ab88-12ae4bfa76df
2023-06-29 22:10:34,909 [PipelineCommandHandlerThread-0] INFO  commandhandler.CreatePipelineCommandHandler (CreatePipelineCommandHandler.java:lambda$handle$2(124)) - Created Pipeline RATIS ONE PipelineID=dcf3c852-6ad7-48f8-ab88-12ae4bfa76df.
2023-06-29 22:10:34,909 [PipelineCommandHandlerThread-0] INFO  server.RaftServer (RaftServerProxy.java:addNew(98)) - 48be0ea8-46a6-4e80-b936-879c72e065d6: addNew group-AA8E299D83D3:[fe774388-89b0-43a1-8132-3e981ddd9c14|rpc:10.1.0.248:15023|admin:10.1.0.248:15022|client:10.1.0.248:15021|dataStream:10.1.0.248:15024|priority:0|startupRole:FOLLOWER, d2cb3656-736c-45ed-9177-765defc8baa4|rpc:10.1.0.248:15032|admin:10.1.0.248:15031|client:10.1.0.248:15030|dataStream:10.1.0.248:15033|priority:1|startupRole:FOLLOWER, 48be0ea8-46a6-4e80-b936-879c72e065d6|rpc:10.1.0.248:15014|admin:10.1.0.248:15013|client:10.1.0.248:15012|dataStream:10.1.0.248:15015|priority:0|startupRole:FOLLOWER] returns group-AA8E299D83D3:java.util.concurrent.CompletableFuture@64f0460d[Not completed]
2023-06-29 22:10:34,909 [48be0ea8-46a6-4e80-b936-879c72e065d6@group-12AE4BFA76DF-FollowerState] INFO  server.RaftServerConfigKeys (ConfUtils.java:logFallback(53)) - raft.server.rpc.first-election.timeout.max = 5200ms (fallback to raft.server.rpc.timeout.max)
2023-06-29 22:10:34,911 [EventQueue-PipelineReportForPipelineReportHandler] INFO  pipeline.PipelineReportHandler (PipelineReportHandler.java:processPipelineReport(136)) - Opened pipeline PipelineID=dcf3c852-6ad7-48f8-ab88-12ae4bfa76df
2023-06-29 22:10:34,912 [EventQueue-OpenPipelineForHealthyPipelineSafeModeRule] INFO  safemode.SCMSafeModeManager (HealthyPipelineSafeModeRule.java:process(137)) - SCM in safe mode. Healthy pipelines reported count is 0, required healthy pipeline reported count is 1
2023-06-29 22:10:34,914 [48be0ea8-46a6-4e80-b936-879c72e065d6-groupManagement] INFO  server.RaftServer$Division (RaftServerImpl.java:<init>(198)) - 48be0ea8-46a6-4e80-b936-879c72e065d6: new RaftServerImpl for group-AA8E299D83D3:[fe774388-89b0-43a1-8132-3e981ddd9c14|rpc:10.1.0.248:15023|admin:10.1.0.248:15022|client:10.1.0.248:15021|dataStream:10.1.0.248:15024|priority:0|startupRole:FOLLOWER, d2cb3656-736c-45ed-9177-765defc8baa4|rpc:10.1.0.248:15032|admin:10.1.0.248:15031|client:10.1.0.248:15030|dataStream:10.1.0.248:15033|priority:1|startupRole:FOLLOWER, 48be0ea8-46a6-4e80-b936-879c72e065d6|rpc:10.1.0.248:15014|admin:10.1.0.248:15013|client:10.1.0.248:15012|dataStream:10.1.0.248:15015|priority:0|startupRole:FOLLOWER] with ContainerStateMachine:uninitialized
2023-06-29 22:10:34,914 [48be0ea8-46a6-4e80-b936-879c72e065d6-groupManagement] INFO  server.RaftServerConfigKeys (ConfUtils.java:logGet(46)) - raft.server.rpc.timeout.min = 5s (custom)
2023-06-29 22:10:34,914 [48be0ea8-46a6-4e80-b936-879c72e065d6-groupManagement] INFO  server.RaftServerConfigKeys (ConfUtils.java:logGet(46)) - raft.server.rpc.timeout.max = 5200ms (custom)
2023-06-29 22:10:34,914 [48be0ea8-46a6-4e80-b936-879c72e065d6-groupManagement] INFO  server.RaftServerConfigKeys (ConfUtils.java:logGet(46)) - raft.server.rpc.sleep.time = 25ms (default)
2023-06-29 22:10:34,914 [48be0ea8-46a6-4e80-b936-879c72e065d6-groupManagement] INFO  server.RaftServerConfigKeys (ConfUtils.java:logGet(46)) - raft.server.rpc.slowness.timeout = 300s (custom)
2023-06-29 22:10:34,914 [48be0ea8-46a6-4e80-b936-879c72e065d6-groupManagement] INFO  server.RaftServerConfigKeys (ConfUtils.java:logGet(46)) - raft.server.leaderelection.leader.step-down.wait-time = 10s (default)
2023-06-29 22:10:34,914 [48be0ea8-46a6-4e80-b936-879c72e065d6-groupManagement] INFO  server.RaftServerConfigKeys (ConfUtils.java:logGet(46)) - raft.server.sleep.deviation.threshold = 300ms (default)
2023-06-29 22:10:34,914 [48be0ea8-46a6-4e80-b936-879c72e065d6-groupManagement] INFO  server.RaftServer$Division (ServerState.java:<init>(120)) - 48be0ea8-46a6-4e80-b936-879c72e065d6@group-AA8E299D83D3: ConfigurationManager, init=-1: peers:[fe774388-89b0-43a1-8132-3e981ddd9c14|rpc:10.1.0.248:15023|admin:10.1.0.248:15022|client:10.1.0.248:15021|dataStream:10.1.0.248:15024|priority:0|startupRole:FOLLOWER, d2cb3656-736c-45ed-9177-765defc8baa4|rpc:10.1.0.248:15032|admin:10.1.0.248:15031|client:10.1.0.248:15030|dataStream:10.1.0.248:15033|priority:1|startupRole:FOLLOWER, 48be0ea8-46a6-4e80-b936-879c72e065d6|rpc:10.1.0.248:15014|admin:10.1.0.248:15013|client:10.1.0.248:15012|dataStream:10.1.0.248:15015|priority:0|startupRole:FOLLOWER]|listeners:[], old=null, confs=<EMPTY_MAP>
2023-06-29 22:10:34,914 [48be0ea8-46a6-4e80-b936-879c72e065d6-groupManagement] INFO  server.RaftServerConfigKeys (ConfUtils.java:logGet(46)) - raft.server.storage.dir = [/home/runner/work/ozone/ozone/hadoop-ozone/integration-test/target/test-dir/MiniOzoneClusterImpl-ecb232db-3c23-47bf-871f-23bcde51c85c/datanode-0/data/ratis] (custom)
2023-06-29 22:10:34,914 [48be0ea8-46a6-4e80-b936-879c72e065d6-groupManagement] INFO  server.RaftServerConfigKeys (ConfUtils.java:logGet(46)) - raft.server.log.corruption.policy = EXCEPTION (default)
2023-06-29 22:10:34,914 [48be0ea8-46a6-4e80-b936-879c72e065d6-groupManagement] INFO  server.RaftServerConfigKeys (ConfUtils.java:logGet(46)) - raft.server.storage.free-space.min = 0MB (=0) (default)
2023-06-29 22:10:34,915 [48be0ea8-46a6-4e80-b936-879c72e065d6-groupManagement] INFO  server.RaftServerConfigKeys (ConfUtils.java:logGet(46)) - raft.server.notification.no-leader.timeout = 300s (custom)
2023-06-29 22:10:34,916 [48be0ea8-46a6-4e80-b936-879c72e065d6-groupManagement] INFO  server.RaftServerConfigKeys (ConfUtils.java:logGet(46)) - raft.server.read.timeout = 10s (default)
2023-06-29 22:10:34,916 [48be0ea8-46a6-4e80-b936-879c72e065d6-groupManagement] INFO  server.RaftServerConfigKeys (ConfUtils.java:logGet(46)) - raft.server.retrycache.expirytime = 600000ms (custom)
2023-06-29 22:10:34,916 [48be0ea8-46a6-4e80-b936-879c72e065d6-groupManagement] INFO  server.RaftServerConfigKeys (ConfUtils.java:logGet(46)) - raft.server.retrycache.statistics.expirytime = 100μs (default)
2023-06-29 22:10:34,916 [48be0ea8-46a6-4e80-b936-879c72e065d6-groupManagement] INFO  server.RaftServerConfigKeys (ConfUtils.java:logGet(46)) - raft.server.read.option = DEFAULT (default)
2023-06-29 22:10:34,919 [48be0ea8-46a6-4e80-b936-879c72e065d6-groupManagement] INFO  server.RaftServerConfigKeys (ConfUtils.java:logGet(46)) - raft.server.rpc.request.timeout = 60s (custom)
2023-06-29 22:10:34,919 [48be0ea8-46a6-4e80-b936-879c72e065d6-groupManagement] INFO  server.RaftServerConfigKeys (ConfUtils.java:logGet(46)) - raft.server.log.appender.install.snapshot.enabled = false (custom)
2023-06-29 22:10:34,919 [48be0ea8-46a6-4e80-b936-879c72e065d6-groupManagement] INFO  server.RaftServerConfigKeys (ConfUtils.java:logGet(46)) - raft.server.threadpool.server.cached = true (default)
2023-06-29 22:10:34,919 [48be0ea8-46a6-4e80-b936-879c72e065d6-groupManagement] INFO  server.RaftServerConfigKeys (ConfUtils.java:logGet(46)) - raft.server.threadpool.server.size = 0 (default)
2023-06-29 22:10:34,919 [48be0ea8-46a6-4e80-b936-879c72e065d6-groupManagement] INFO  server.RaftServerConfigKeys (ConfUtils.java:logGet(46)) - raft.server.threadpool.client.cached = true (default)
2023-06-29 22:10:34,919 [48be0ea8-46a6-4e80-b936-879c72e065d6-groupManagement] INFO  server.RaftServerConfigKeys (ConfUtils.java:logGet(46)) - raft.server.threadpool.client.size = 0 (default)
2023-06-29 22:10:34,920 [48be0ea8-46a6-4e80-b936-879c72e065d6-groupManagement] INFO  storage.RaftStorageDirectory (RaftStorageDirectoryImpl.java:analyzeStorage(137)) - The storage directory /home/runner/work/ozone/ozone/hadoop-ozone/integration-test/target/test-dir/MiniOzoneClusterImpl-ecb232db-3c23-47bf-871f-23bcde51c85c/datanode-0/data/ratis/d220e5b9-ae7c-41b7-8547-aa8e299d83d3 does not exist. Creating ...
2023-06-29 22:10:34,921 [48be0ea8-46a6-4e80-b936-879c72e065d6-groupManagement] INFO  storage.RaftStorageDirectory (RaftStorageDirectoryImpl.java:tryLock(231)) - Lock on /home/runner/work/ozone/ozone/hadoop-ozone/integration-test/target/test-dir/MiniOzoneClusterImpl-ecb232db-3c23-47bf-871f-23bcde51c85c/datanode-0/data/ratis/d220e5b9-ae7c-41b7-8547-aa8e299d83d3/in_use.lock acquired by nodename 7706@fv-az83-404
2023-06-29 22:10:34,922 [48be0ea8-46a6-4e80-b936-879c72e065d6-groupManagement] INFO  storage.RaftStorage (RaftStorageImpl.java:format(96)) - Storage directory /home/runner/work/ozone/ozone/hadoop-ozone/integration-test/target/test-dir/MiniOzoneClusterImpl-ecb232db-3c23-47bf-871f-23bcde51c85c/datanode-0/data/ratis/d220e5b9-ae7c-41b7-8547-aa8e299d83d3 has been successfully formatted.
2023-06-29 22:10:34,922 [48be0ea8-46a6-4e80-b936-879c72e065d6-groupManagement] INFO  ratis.ContainerStateMachine (ContainerStateMachine.java:loadSnapshot(262)) - group-AA8E299D83D3: The snapshot info is null. Setting the last applied indexto:(t:0, i:~)
2023-06-29 22:10:34,923 [48be0ea8-46a6-4e80-b936-879c72e065d6-groupManagement] INFO  server.RaftServerConfigKeys (ConfUtils.java:logGet(46)) - raft.server.log.use.memory = false (default)
2023-06-29 22:10:34,923 [48be0ea8-46a6-4e80-b936-879c72e065d6-groupManagement] INFO  server.RaftServerConfigKeys (ConfUtils.java:logGet(46)) - raft.server.log.purge.gap = 1000000 (custom)
2023-06-29 22:10:34,925 [EventQueue-OpenPipelineForHealthyPipelineSafeModeRule] INFO  safemode.SCMSafeModeManager (HealthyPipelineSafeModeRule.java:process(137)) - SCM in safe mode. Healthy pipelines reported count is 0, required healthy pipeline reported count is 1
2023-06-29 22:10:34,926 [48be0ea8-46a6-4e80-b936-879c72e065d6-groupManagement] INFO  server.RaftServerConfigKeys (ConfUtils.java:logGet(46)) - raft.server.log.appender.buffer.byte-limit = 33554432 (custom)
2023-06-29 22:10:34,927 [48be0ea8-46a6-4e80-b936-879c72e065d6-groupManagement] INFO  server.RaftServerConfigKeys (ConfUtils.java:logGet(46)) - raft.server.log.statemachine.data.read.timeout = 1000ms (default)
2023-06-29 22:10:34,927 [48be0ea8-46a6-4e80-b936-879c72e065d6-groupManagement] INFO  server.RaftServerConfigKeys (ConfUtils.java:logGet(46)) - raft.server.log.purge.preservation.log.num = 0 (default)
2023-06-29 22:10:34,927 [48be0ea8-46a6-4e80-b936-879c72e065d6-groupManagement] INFO  server.RaftServerConfigKeys (ConfUtils.java:logGet(46)) - raft.server.log.segment.size.max = 1048576 (custom)
2023-06-29 22:10:34,927 [48be0ea8-46a6-4e80-b936-879c72e065d6-groupManagement] INFO  server.RaftServerConfigKeys (ConfUtils.java:logGet(46)) - raft.server.log.segment.cache.num.max = 2 (custom)
2023-06-29 22:10:34,927 [48be0ea8-46a6-4e80-b936-879c72e065d6-groupManagement] INFO  server.RaftServerConfigKeys (ConfUtils.java:logGet(46)) - raft.server.log.segment.cache.size.max = 200MB (=209715200) (default)
2023-06-29 22:10:34,927 [48be0ea8-46a6-4e80-b936-879c72e065d6-groupManagement] INFO  server.RaftServerConfigKeys (ConfUtils.java:logGet(46)) - raft.server.log.appender.buffer.byte-limit = 33554432 (custom)
2023-06-29 22:10:34,928 [48be0ea8-46a6-4e80-b936-879c72e065d6-groupManagement] INFO  segmented.SegmentedRaftLogWorker (SegmentedRaftLogWorker.java:<init>(188)) - new 48be0ea8-46a6-4e80-b936-879c72e065d6@group-AA8E299D83D3-SegmentedRaftLogWorker for RaftStorageImpl:Storage Directory /home/runner/work/ozone/ozone/hadoop-ozone/integration-test/target/test-dir/MiniOzoneClusterImpl-ecb232db-3c23-47bf-871f-23bcde51c85c/datanode-0/data/ratis/d220e5b9-ae7c-41b7-8547-aa8e299d83d3
2023-06-29 22:10:34,928 [48be0ea8-46a6-4e80-b936-879c72e065d6-groupManagement] INFO  server.RaftServerConfigKeys (ConfUtils.java:logGet(46)) - raft.server.log.queue.byte-limit = 4294967296 (custom)
2023-06-29 22:10:34,928 [48be0ea8-46a6-4e80-b936-879c72e065d6-groupManagement] INFO  server.RaftServerConfigKeys (ConfUtils.java:logGet(46)) - raft.server.log.queue.element-limit = 1024 (custom)
2023-06-29 22:10:34,928 [48be0ea8-46a6-4e80-b936-879c72e065d6-groupManagement] INFO  server.RaftServerConfigKeys (ConfUtils.java:logGet(46)) - raft.server.log.segment.size.max = 1048576 (custom)
2023-06-29 22:10:34,928 [48be0ea8-46a6-4e80-b936-879c72e065d6-groupManagement] INFO  server.RaftServerConfigKeys (ConfUtils.java:logGet(46)) - raft.server.log.preallocated.size = 16384 (custom)
2023-06-29 22:10:34,928 [48be0ea8-46a6-4e80-b936-879c72e065d6-groupManagement] INFO  server.RaftServerConfigKeys (ConfUtils.java:logGet(46)) - raft.server.log.force.sync.num = 128 (default)
2023-06-29 22:10:34,928 [48be0ea8-46a6-4e80-b936-879c72e065d6-groupManagement] INFO  server.RaftServerConfigKeys (ConfUtils.java:logGet(46)) - raft.server.log.statemachine.data.sync = true (default)
2023-06-29 22:10:34,928 [48be0ea8-46a6-4e80-b936-879c72e065d6-groupManagement] INFO  server.RaftServerConfigKeys (ConfUtils.java:logGet(46)) - raft.server.log.statemachine.data.sync.timeout = 10s (default)
2023-06-29 22:10:34,928 [48be0ea8-46a6-4e80-b936-879c72e065d6-groupManagement] INFO  server.RaftServerConfigKeys (ConfUtils.java:logGet(46)) - raft.server.log.statemachine.data.sync.timeout.retry = -1 (default)
2023-06-29 22:10:34,929 [48be0ea8-46a6-4e80-b936-879c72e065d6-groupManagement] INFO  server.RaftServerConfigKeys (ConfUtils.java:logGet(46)) - raft.server.log.write.buffer.size = 1048576 (custom)
2023-06-29 22:10:34,930 [48be0ea8-46a6-4e80-b936-879c72e065d6-groupManagement] INFO  server.RaftServerConfigKeys (ConfUtils.java:logGet(46)) - raft.server.log.appender.buffer.byte-limit = 33554432 (custom)
2023-06-29 22:10:34,933 [48be0ea8-46a6-4e80-b936-879c72e065d6-groupManagement] INFO  server.RaftServerConfigKeys (ConfUtils.java:logGet(46)) - raft.server.log.unsafe-flush.enabled = false (default)
2023-06-29 22:10:34,933 [48be0ea8-46a6-4e80-b936-879c72e065d6-groupManagement] INFO  server.RaftServerConfigKeys (ConfUtils.java:logGet(46)) - raft.server.log.async-flush.enabled = false (default)
2023-06-29 22:10:34,933 [48be0ea8-46a6-4e80-b936-879c72e065d6-groupManagement] INFO  server.RaftServerConfigKeys (ConfUtils.java:logGet(46)) - raft.server.log.statemachine.data.caching.enabled = true (custom)
2023-06-29 22:10:34,933 [48be0ea8-46a6-4e80-b936-879c72e065d6-groupManagement] INFO  segmented.SegmentedRaftLogWorker (SegmentedRaftLogWorker.java:lambda$new$0(135)) - 48be0ea8-46a6-4e80-b936-879c72e065d6@group-AA8E299D83D3-SegmentedRaftLogWorker: flushIndex: setUnconditionally 0 -> -1
2023-06-29 22:10:34,933 [48be0ea8-46a6-4e80-b936-879c72e065d6-groupManagement] INFO  segmented.SegmentedRaftLogWorker (SegmentedRaftLogWorker.java:lambda$new$0(135)) - 48be0ea8-46a6-4e80-b936-879c72e065d6@group-AA8E299D83D3-SegmentedRaftLogWorker: safeCacheEvictIndex: setUnconditionally 0 -> -1
2023-06-29 22:10:34,933 [48be0ea8-46a6-4e80-b936-879c72e065d6-groupManagement] INFO  server.RaftServer$Division (RaftServerImpl.java:start(342)) - 48be0ea8-46a6-4e80-b936-879c72e065d6@group-AA8E299D83D3: start as a follower, conf=-1: peers:[fe774388-89b0-43a1-8132-3e981ddd9c14|rpc:10.1.0.248:15023|admin:10.1.0.248:15022|client:10.1.0.248:15021|dataStream:10.1.0.248:15024|priority:0|startupRole:FOLLOWER, d2cb3656-736c-45ed-9177-765defc8baa4|rpc:10.1.0.248:15032|admin:10.1.0.248:15031|client:10.1.0.248:15030|dataStream:10.1.0.248:15033|priority:1|startupRole:FOLLOWER, 48be0ea8-46a6-4e80-b936-879c72e065d6|rpc:10.1.0.248:15014|admin:10.1.0.248:15013|client:10.1.0.248:15012|dataStream:10.1.0.248:15015|priority:0|startupRole:FOLLOWER]|listeners:[], old=null
2023-06-29 22:10:34,933 [48be0ea8-46a6-4e80-b936-879c72e065d6-groupManagement] INFO  server.RaftServer$Division (RaftServerImpl.java:setRole(329)) - 48be0ea8-46a6-4e80-b936-879c72e065d6@group-AA8E299D83D3: changes role from      null to FOLLOWER at term 0 for startAsFollower
2023-06-29 22:10:34,934 [48be0ea8-46a6-4e80-b936-879c72e065d6-groupManagement] INFO  impl.RoleInfo (RoleInfo.java:updateAndGet(139)) - 48be0ea8-46a6-4e80-b936-879c72e065d6: start 48be0ea8-46a6-4e80-b936-879c72e065d6@group-AA8E299D83D3-FollowerState
2023-06-29 22:10:34,937 [48be0ea8-46a6-4e80-b936-879c72e065d6-groupManagement] INFO  util.JmxRegister (JmxRegister.java:tryRegister(44)) - Successfully registered JMX Bean with object name Ratis:service=RaftServer,group=group-AA8E299D83D3,id=48be0ea8-46a6-4e80-b936-879c72e065d6
2023-06-29 22:10:34,937 [48be0ea8-46a6-4e80-b936-879c72e065d6-groupManagement] INFO  server.RaftServerConfigKeys (ConfUtils.java:logGet(46)) - raft.server.snapshot.auto.trigger.enabled = true (custom)
2023-06-29 22:10:34,937 [48be0ea8-46a6-4e80-b936-879c72e065d6-groupManagement] INFO  server.RaftServerConfigKeys (ConfUtils.java:logGet(46)) - raft.server.snapshot.auto.trigger.threshold = 10000 (custom)
2023-06-29 22:10:34,937 [48be0ea8-46a6-4e80-b936-879c72e065d6-groupManagement] INFO  server.RaftServerConfigKeys (ConfUtils.java:logGet(46)) - raft.server.snapshot.retention.file.num = 5 (custom)
2023-06-29 22:10:34,937 [48be0ea8-46a6-4e80-b936-879c72e065d6-groupManagement] INFO  server.RaftServerConfigKeys (ConfUtils.java:logGet(46)) - raft.server.log.purge.upto.snapshot.index = false (default)
2023-06-29 22:10:34,938 [48be0ea8-46a6-4e80-b936-879c72e065d6@group-AA8E299D83D3-FollowerState] INFO  server.RaftServerConfigKeys (ConfUtils.java:logFallback(53)) - raft.server.rpc.first-election.timeout.min = 5s (fallback to raft.server.rpc.timeout.min)
2023-06-29 22:10:34,938 [PipelineCommandHandlerThread-0] INFO  ratis.XceiverServerRatis (XceiverServerRatis.java:addGroup(804)) - Created group PipelineID=d220e5b9-ae7c-41b7-8547-aa8e299d83d3
2023-06-29 22:10:34,938 [48be0ea8-46a6-4e80-b936-879c72e065d6@group-AA8E299D83D3-FollowerState] INFO  server.RaftServerConfigKeys (ConfUtils.java:logFallback(53)) - raft.server.rpc.first-election.timeout.max = 5200ms (fallback to raft.server.rpc.timeout.max)
2023-06-29 22:10:35,257 [PipelineCommandHandlerThread-0] INFO  server.RaftServer (RaftServerProxy.java:addNew(98)) - fe774388-89b0-43a1-8132-3e981ddd9c14: addNew group-37708F06EBE6:[fe774388-89b0-43a1-8132-3e981ddd9c14|rpc:10.1.0.248:15023|admin:10.1.0.248:15022|client:10.1.0.248:15021|dataStream:10.1.0.248:15024|priority:1|startupRole:FOLLOWER] returns group-37708F06EBE6:java.util.concurrent.CompletableFuture@dc45f16[Not completed]
2023-06-29 22:10:35,267 [fe774388-89b0-43a1-8132-3e981ddd9c14-groupManagement] INFO  server.RaftServer$Division (RaftServerImpl.java:<init>(198)) - fe774388-89b0-43a1-8132-3e981ddd9c14: new RaftServerImpl for group-37708F06EBE6:[fe774388-89b0-43a1-8132-3e981ddd9c14|rpc:10.1.0.248:15023|admin:10.1.0.248:15022|client:10.1.0.248:15021|dataStream:10.1.0.248:15024|priority:1|startupRole:FOLLOWER] with ContainerStateMachine:uninitialized
2023-06-29 22:10:35,267 [fe774388-89b0-43a1-8132-3e981ddd9c14-groupManagement] INFO  server.RaftServerConfigKeys (ConfUtils.java:logGet(46)) - raft.server.rpc.timeout.min = 5s (custom)
2023-06-29 22:10:35,267 [fe774388-89b0-43a1-8132-3e981ddd9c14-groupManagement] INFO  server.RaftServerConfigKeys (ConfUtils.java:logGet(46)) - raft.server.rpc.timeout.max = 5200ms (custom)
2023-06-29 22:10:35,267 [fe774388-89b0-43a1-8132-3e981ddd9c14-groupManagement] INFO  server.RaftServerConfigKeys (ConfUtils.java:logGet(46)) - raft.server.rpc.sleep.time = 25ms (default)
2023-06-29 22:10:35,267 [fe774388-89b0-43a1-8132-3e981ddd9c14-groupManagement] INFO  server.RaftServerConfigKeys (ConfUtils.java:logGet(46)) - raft.server.rpc.slowness.timeout = 300s (custom)
2023-06-29 22:10:35,267 [fe774388-89b0-43a1-8132-3e981ddd9c14-groupManagement] INFO  server.RaftServerConfigKeys (ConfUtils.java:logGet(46)) - raft.server.leaderelection.leader.step-down.wait-time = 10s (default)
2023-06-29 22:10:35,267 [fe774388-89b0-43a1-8132-3e981ddd9c14-groupManagement] INFO  server.RaftServerConfigKeys (ConfUtils.java:logGet(46)) - raft.server.sleep.deviation.threshold = 300ms (default)
2023-06-29 22:10:35,267 [fe774388-89b0-43a1-8132-3e981ddd9c14-groupManagement] INFO  server.RaftServer$Division (ServerState.java:<init>(120)) - fe774388-89b0-43a1-8132-3e981ddd9c14@group-37708F06EBE6: ConfigurationManager, init=-1: peers:[fe774388-89b0-43a1-8132-3e981ddd9c14|rpc:10.1.0.248:15023|admin:10.1.0.248:15022|client:10.1.0.248:15021|dataStream:10.1.0.248:15024|priority:1|startupRole:FOLLOWER]|listeners:[], old=null, confs=<EMPTY_MAP>
2023-06-29 22:10:35,268 [fe774388-89b0-43a1-8132-3e981ddd9c14-groupManagement] INFO  server.RaftServerConfigKeys (ConfUtils.java:logGet(46)) - raft.server.storage.dir = [/home/runner/work/ozone/ozone/hadoop-ozone/integration-test/target/test-dir/MiniOzoneClusterImpl-ecb232db-3c23-47bf-871f-23bcde51c85c/datanode-1/data/ratis] (custom)
2023-06-29 22:10:35,268 [fe774388-89b0-43a1-8132-3e981ddd9c14-groupManagement] INFO  server.RaftServerConfigKeys (ConfUtils.java:logGet(46)) - raft.server.log.corruption.policy = EXCEPTION (default)
2023-06-29 22:10:35,268 [fe774388-89b0-43a1-8132-3e981ddd9c14-groupManagement] INFO  server.RaftServerConfigKeys (ConfUtils.java:logGet(46)) - raft.server.storage.free-space.min = 0MB (=0) (default)
2023-06-29 22:10:35,268 [fe774388-89b0-43a1-8132-3e981ddd9c14-groupManagement] INFO  server.RaftServerConfigKeys (ConfUtils.java:logGet(46)) - raft.server.notification.no-leader.timeout = 300s (custom)
2023-06-29 22:10:35,268 [fe774388-89b0-43a1-8132-3e981ddd9c14-groupManagement] INFO  server.RaftServerConfigKeys (ConfUtils.java:logGet(46)) - raft.server.read.timeout = 10s (default)
2023-06-29 22:10:35,268 [fe774388-89b0-43a1-8132-3e981ddd9c14-groupManagement] INFO  server.RaftServerConfigKeys (ConfUtils.java:logGet(46)) - raft.server.retrycache.expirytime = 600000ms (custom)
2023-06-29 22:10:35,268 [fe774388-89b0-43a1-8132-3e981ddd9c14-groupManagement] INFO  server.RaftServerConfigKeys (ConfUtils.java:logGet(46)) - raft.server.retrycache.statistics.expirytime = 100μs (default)
2023-06-29 22:10:35,268 [fe774388-89b0-43a1-8132-3e981ddd9c14-groupManagement] INFO  server.RaftServerConfigKeys (ConfUtils.java:logGet(46)) - raft.server.read.option = DEFAULT (default)
2023-06-29 22:10:35,270 [fe774388-89b0-43a1-8132-3e981ddd9c14-groupManagement] INFO  server.RaftServerConfigKeys (ConfUtils.java:logGet(46)) - raft.server.rpc.request.timeout = 60s (custom)
2023-06-29 22:10:35,270 [fe774388-89b0-43a1-8132-3e981ddd9c14-groupManagement] INFO  server.RaftServerConfigKeys (ConfUtils.java:logGet(46)) - raft.server.log.appender.install.snapshot.enabled = false (custom)
2023-06-29 22:10:35,270 [fe774388-89b0-43a1-8132-3e981ddd9c14-groupManagement] INFO  server.RaftServerConfigKeys (ConfUtils.java:logGet(46)) - raft.server.threadpool.server.cached = true (default)
2023-06-29 22:10:35,270 [fe774388-89b0-43a1-8132-3e981ddd9c14-groupManagement] INFO  server.RaftServerConfigKeys (ConfUtils.java:logGet(46)) - raft.server.threadpool.server.size = 0 (default)
2023-06-29 22:10:35,270 [fe774388-89b0-43a1-8132-3e981ddd9c14-groupManagement] INFO  server.RaftServerConfigKeys (ConfUtils.java:logGet(46)) - raft.server.threadpool.client.cached = true (default)
2023-06-29 22:10:35,270 [fe774388-89b0-43a1-8132-3e981ddd9c14-groupManagement] INFO  server.RaftServerConfigKeys (ConfUtils.java:logGet(46)) - raft.server.threadpool.client.size = 0 (default)
2023-06-29 22:10:35,271 [fe774388-89b0-43a1-8132-3e981ddd9c14-groupManagement] INFO  storage.RaftStorageDirectory (RaftStorageDirectoryImpl.java:analyzeStorage(137)) - The storage directory /home/runner/work/ozone/ozone/hadoop-ozone/integration-test/target/test-dir/MiniOzoneClusterImpl-ecb232db-3c23-47bf-871f-23bcde51c85c/datanode-1/data/ratis/f1a5a16a-ef82-4d91-869e-37708f06ebe6 does not exist. Creating ...
2023-06-29 22:10:35,273 [fe774388-89b0-43a1-8132-3e981ddd9c14-groupManagement] INFO  storage.RaftStorageDirectory (RaftStorageDirectoryImpl.java:tryLock(231)) - Lock on /home/runner/work/ozone/ozone/hadoop-ozone/integration-test/target/test-dir/MiniOzoneClusterImpl-ecb232db-3c23-47bf-871f-23bcde51c85c/datanode-1/data/ratis/f1a5a16a-ef82-4d91-869e-37708f06ebe6/in_use.lock acquired by nodename 7706@fv-az83-404
2023-06-29 22:10:35,274 [fe774388-89b0-43a1-8132-3e981ddd9c14-groupManagement] INFO  storage.RaftStorage (RaftStorageImpl.java:format(96)) - Storage directory /home/runner/work/ozone/ozone/hadoop-ozone/integration-test/target/test-dir/MiniOzoneClusterImpl-ecb232db-3c23-47bf-871f-23bcde51c85c/datanode-1/data/ratis/f1a5a16a-ef82-4d91-869e-37708f06ebe6 has been successfully formatted.
2023-06-29 22:10:35,280 [grpc-default-executor-0] INFO  server.RaftServer (RaftServerProxy.java:addNew(98)) - d2cb3656-736c-45ed-9177-765defc8baa4: addNew group-AA8E299D83D3:[fe774388-89b0-43a1-8132-3e981ddd9c14|rpc:10.1.0.248:15023|admin:10.1.0.248:15022|client:10.1.0.248:15021|dataStream:10.1.0.248:15024|priority:0|startupRole:FOLLOWER, d2cb3656-736c-45ed-9177-765defc8baa4|rpc:10.1.0.248:15032|admin:10.1.0.248:15031|client:10.1.0.248:15030|dataStream:10.1.0.248:15033|priority:1|startupRole:FOLLOWER, 48be0ea8-46a6-4e80-b936-879c72e065d6|rpc:10.1.0.248:15014|admin:10.1.0.248:15013|client:10.1.0.248:15012|dataStream:10.1.0.248:15015|priority:0|startupRole:FOLLOWER] returns group-AA8E299D83D3:java.util.concurrent.CompletableFuture@1c480094[Not completed]
2023-06-29 22:10:35,283 [fe774388-89b0-43a1-8132-3e981ddd9c14-groupManagement] INFO  ratis.ContainerStateMachine (ContainerStateMachine.java:loadSnapshot(262)) - group-37708F06EBE6: The snapshot info is null. Setting the last applied indexto:(t:0, i:~)
2023-06-29 22:10:35,286 [fe774388-89b0-43a1-8132-3e981ddd9c14-groupManagement] INFO  server.RaftServerConfigKeys (ConfUtils.java:logGet(46)) - raft.server.log.use.memory = false (default)
2023-06-29 22:10:35,286 [d2cb3656-736c-45ed-9177-765defc8baa4-groupManagement] INFO  server.RaftServer$Division (RaftServerImpl.java:<init>(198)) - d2cb3656-736c-45ed-9177-765defc8baa4: new RaftServerImpl for group-AA8E299D83D3:[fe774388-89b0-43a1-8132-3e981ddd9c14|rpc:10.1.0.248:15023|admin:10.1.0.248:15022|client:10.1.0.248:15021|dataStream:10.1.0.248:15024|priority:0|startupRole:FOLLOWER, d2cb3656-736c-45ed-9177-765defc8baa4|rpc:10.1.0.248:15032|admin:10.1.0.248:15031|client:10.1.0.248:15030|dataStream:10.1.0.248:15033|priority:1|startupRole:FOLLOWER, 48be0ea8-46a6-4e80-b936-879c72e065d6|rpc:10.1.0.248:15014|admin:10.1.0.248:15013|client:10.1.0.248:15012|dataStream:10.1.0.248:15015|priority:0|startupRole:FOLLOWER] with ContainerStateMachine:uninitialized
2023-06-29 22:10:35,286 [fe774388-89b0-43a1-8132-3e981ddd9c14-groupManagement] INFO  server.RaftServerConfigKeys (ConfUtils.java:logGet(46)) - raft.server.log.purge.gap = 1000000 (custom)
2023-06-29 22:10:35,289 [fe774388-89b0-43a1-8132-3e981ddd9c14-groupManagement] INFO  server.RaftServerConfigKeys (ConfUtils.java:logGet(46)) - raft.server.log.appender.buffer.byte-limit = 33554432 (custom)
2023-06-29 22:10:35,289 [fe774388-89b0-43a1-8132-3e981ddd9c14-groupManagement] INFO  server.RaftServerConfigKeys (ConfUtils.java:logGet(46)) - raft.server.log.statemachine.data.read.timeout = 1000ms (default)
2023-06-29 22:10:35,289 [fe774388-89b0-43a1-8132-3e981ddd9c14-groupManagement] INFO  server.RaftServerConfigKeys (ConfUtils.java:logGet(46)) - raft.server.log.purge.preservation.log.num = 0 (default)
2023-06-29 22:10:35,289 [fe774388-89b0-43a1-8132-3e981ddd9c14-groupManagement] INFO  server.RaftServerConfigKeys (ConfUtils.java:logGet(46)) - raft.server.log.segment.size.max = 1048576 (custom)
2023-06-29 22:10:35,290 [fe774388-89b0-43a1-8132-3e981ddd9c14-groupManagement] INFO  server.RaftServerConfigKeys (ConfUtils.java:logGet(46)) - raft.server.log.segment.cache.num.max = 2 (custom)
2023-06-29 22:10:35,290 [fe774388-89b0-43a1-8132-3e981ddd9c14-groupManagement] INFO  server.RaftServerConfigKeys (ConfUtils.java:logGet(46)) - raft.server.log.segment.cache.size.max = 200MB (=209715200) (default)
2023-06-29 22:10:35,290 [fe774388-89b0-43a1-8132-3e981ddd9c14-groupManagement] INFO  server.RaftServerConfigKeys (ConfUtils.java:logGet(46)) - raft.server.log.appender.buffer.byte-limit = 33554432 (custom)
2023-06-29 22:10:35,290 [fe774388-89b0-43a1-8132-3e981ddd9c14-groupManagement] INFO  segmented.SegmentedRaftLogWorker (SegmentedRaftLogWorker.java:<init>(188)) - new fe774388-89b0-43a1-8132-3e981ddd9c14@group-37708F06EBE6-SegmentedRaftLogWorker for RaftStorageImpl:Storage Directory /home/runner/work/ozone/ozone/hadoop-ozone/integration-test/target/test-dir/MiniOzoneClusterImpl-ecb232db-3c23-47bf-871f-23bcde51c85c/datanode-1/data/ratis/f1a5a16a-ef82-4d91-869e-37708f06ebe6
2023-06-29 22:10:35,290 [fe774388-89b0-43a1-8132-3e981ddd9c14-groupManagement] INFO  server.RaftServerConfigKeys (ConfUtils.java:logGet(46)) - raft.server.log.queue.byte-limit = 4294967296 (custom)
2023-06-29 22:10:35,290 [fe774388-89b0-43a1-8132-3e981ddd9c14-groupManagement] INFO  server.RaftServerConfigKeys (ConfUtils.java:logGet(46)) - raft.server.log.queue.element-limit = 1024 (custom)
2023-06-29 22:10:35,290 [fe774388-89b0-43a1-8132-3e981ddd9c14-groupManagement] INFO  server.RaftServerConfigKeys (ConfUtils.java:logGet(46)) - raft.server.log.segment.size.max = 1048576 (custom)
2023-06-29 22:10:35,290 [fe774388-89b0-43a1-8132-3e981ddd9c14-groupManagement] INFO  server.RaftServerConfigKeys (ConfUtils.java:logGet(46)) - raft.server.log.preallocated.size = 16384 (custom)
2023-06-29 22:10:35,290 [fe774388-89b0-43a1-8132-3e981ddd9c14-groupManagement] INFO  server.RaftServerConfigKeys (ConfUtils.java:logGet(46)) - raft.server.log.force.sync.num = 128 (default)
2023-06-29 22:10:35,290 [fe774388-89b0-43a1-8132-3e981ddd9c14-groupManagement] INFO  server.RaftServerConfigKeys (ConfUtils.java:logGet(46)) - raft.server.log.statemachine.data.sync = true (default)
2023-06-29 22:10:35,290 [fe774388-89b0-43a1-8132-3e981ddd9c14-groupManagement] INFO  server.RaftServerConfigKeys (ConfUtils.java:logGet(46)) - raft.server.log.statemachine.data.sync.timeout = 10s (default)
2023-06-29 22:10:35,290 [fe774388-89b0-43a1-8132-3e981ddd9c14-groupManagement] INFO  server.RaftServerConfigKeys (ConfUtils.java:logGet(46)) - raft.server.log.statemachine.data.sync.timeout.retry = -1 (default)
2023-06-29 22:10:35,291 [fe774388-89b0-43a1-8132-3e981ddd9c14-groupManagement] INFO  server.RaftServerConfigKeys (ConfUtils.java:logGet(46)) - raft.server.log.write.buffer.size = 1048576 (custom)
2023-06-29 22:10:35,292 [fe774388-89b0-43a1-8132-3e981ddd9c14-groupManagement] INFO  server.RaftServerConfigKeys (ConfUtils.java:logGet(46)) - raft.server.log.appender.buffer.byte-limit = 33554432 (custom)
2023-06-29 22:10:35,294 [EventQueue-PipelineReportForPipelineReportHandler] INFO  pipeline.PipelineReportHandler (PipelineReportHandler.java:processPipelineReport(136)) - Opened pipeline PipelineID=f1a5a16a-ef82-4d91-869e-37708f06ebe6
2023-06-29 22:10:35,299 [EventQueue-OpenPipelineForHealthyPipelineSafeModeRule] INFO  safemode.SCMSafeModeManager (HealthyPipelineSafeModeRule.java:process(137)) - SCM in safe mode. Healthy pipelines reported count is 0, required healthy pipeline reported count is 1
2023-06-29 22:10:35,299 [fe774388-89b0-43a1-8132-3e981ddd9c14-groupManagement] INFO  server.RaftServerConfigKeys (ConfUtils.java:logGet(46)) - raft.server.log.unsafe-flush.enabled = false (default)
2023-06-29 22:10:35,299 [fe774388-89b0-43a1-8132-3e981ddd9c14-groupManagement] INFO  server.RaftServerConfigKeys (ConfUtils.java:logGet(46)) - raft.server.log.async-flush.enabled = false (default)
2023-06-29 22:10:35,299 [fe774388-89b0-43a1-8132-3e981ddd9c14-groupManagement] INFO  server.RaftServerConfigKeys (ConfUtils.java:logGet(46)) - raft.server.log.statemachine.data.caching.enabled = true (custom)
2023-06-29 22:10:35,300 [fe774388-89b0-43a1-8132-3e981ddd9c14-groupManagement] INFO  segmented.SegmentedRaftLogWorker (SegmentedRaftLogWorker.java:lambda$new$0(135)) - fe774388-89b0-43a1-8132-3e981ddd9c14@group-37708F06EBE6-SegmentedRaftLogWorker: flushIndex: setUnconditionally 0 -> -1
2023-06-29 22:10:35,300 [fe774388-89b0-43a1-8132-3e981ddd9c14-groupManagement] INFO  segmented.SegmentedRaftLogWorker (SegmentedRaftLogWorker.java:lambda$new$0(135)) - fe774388-89b0-43a1-8132-3e981ddd9c14@group-37708F06EBE6-SegmentedRaftLogWorker: safeCacheEvictIndex: setUnconditionally 0 -> -1
2023-06-29 22:10:35,299 [d2cb3656-736c-45ed-9177-765defc8baa4-groupManagement] INFO  server.RaftServerConfigKeys (ConfUtils.java:logGet(46)) - raft.server.rpc.timeout.min = 5s (custom)
2023-06-29 22:10:35,300 [d2cb3656-736c-45ed-9177-765defc8baa4-groupManagement] INFO  server.RaftServerConfigKeys (ConfUtils.java:logGet(46)) - raft.server.rpc.timeout.max = 5200ms (custom)
2023-06-29 22:10:35,300 [d2cb3656-736c-45ed-9177-765defc8baa4-groupManagement] INFO  server.RaftServerConfigKeys (ConfUtils.java:logGet(46)) - raft.server.rpc.sleep.time = 25ms (default)
2023-06-29 22:10:35,301 [d2cb3656-736c-45ed-9177-765defc8baa4-groupManagement] INFO  server.RaftServerConfigKeys (ConfUtils.java:logGet(46)) - raft.server.rpc.slowness.timeout = 300s (custom)
2023-06-29 22:10:35,301 [d2cb3656-736c-45ed-9177-765defc8baa4-groupManagement] INFO  server.RaftServerConfigKeys (ConfUtils.java:logGet(46)) - raft.server.leaderelection.leader.step-down.wait-time = 10s (default)
2023-06-29 22:10:35,301 [d2cb3656-736c-45ed-9177-765defc8baa4-groupManagement] INFO  server.RaftServerConfigKeys (ConfUtils.java:logGet(46)) - raft.server.sleep.deviation.threshold = 300ms (default)
2023-06-29 22:10:35,301 [d2cb3656-736c-45ed-9177-765defc8baa4-groupManagement] INFO  server.RaftServer$Division (ServerState.java:<init>(120)) - d2cb3656-736c-45ed-9177-765defc8baa4@group-AA8E299D83D3: ConfigurationManager, init=-1: peers:[fe774388-89b0-43a1-8132-3e981ddd9c14|rpc:10.1.0.248:15023|admin:10.1.0.248:15022|client:10.1.0.248:15021|dataStream:10.1.0.248:15024|priority:0|startupRole:FOLLOWER, d2cb3656-736c-45ed-9177-765defc8baa4|rpc:10.1.0.248:15032|admin:10.1.0.248:15031|client:10.1.0.248:15030|dataStream:10.1.0.248:15033|priority:1|startupRole:FOLLOWER, 48be0ea8-46a6-4e80-b936-879c72e065d6|rpc:10.1.0.248:15014|admin:10.1.0.248:15013|client:10.1.0.248:15012|dataStream:10.1.0.248:15015|priority:0|startupRole:FOLLOWER]|listeners:[], old=null, confs=<EMPTY_MAP>
2023-06-29 22:10:35,301 [d2cb3656-736c-45ed-9177-765defc8baa4-groupManagement] INFO  server.RaftServerConfigKeys (ConfUtils.java:logGet(46)) - raft.server.storage.dir = [/home/runner/work/ozone/ozone/hadoop-ozone/integration-test/target/test-dir/MiniOzoneClusterImpl-ecb232db-3c23-47bf-871f-23bcde51c85c/datanode-2/data/ratis] (custom)
2023-06-29 22:10:35,301 [d2cb3656-736c-45ed-9177-765defc8baa4-groupManagement] INFO  server.RaftServerConfigKeys (ConfUtils.java:logGet(46)) - raft.server.log.corruption.policy = EXCEPTION (default)
2023-06-29 22:10:35,301 [d2cb3656-736c-45ed-9177-765defc8baa4-groupManagement] INFO  server.RaftServerConfigKeys (ConfUtils.java:logGet(46)) - raft.server.storage.free-space.min = 0MB (=0) (default)
2023-06-29 22:10:35,302 [d2cb3656-736c-45ed-9177-765defc8baa4-groupManagement] INFO  server.RaftServerConfigKeys (ConfUtils.java:logGet(46)) - raft.server.notification.no-leader.timeout = 300s (custom)
2023-06-29 22:10:35,302 [d2cb3656-736c-45ed-9177-765defc8baa4-groupManagement] INFO  server.RaftServerConfigKeys (ConfUtils.java:logGet(46)) - raft.server.read.timeout = 10s (default)
2023-06-29 22:10:35,302 [d2cb3656-736c-45ed-9177-765defc8baa4-groupManagement] INFO  server.RaftServerConfigKeys (ConfUtils.java:logGet(46)) - raft.server.retrycache.expirytime = 600000ms (custom)
2023-06-29 22:10:35,302 [d2cb3656-736c-45ed-9177-765defc8baa4-groupManagement] INFO  server.RaftServerConfigKeys (ConfUtils.java:logGet(46)) - raft.server.retrycache.statistics.expirytime = 100μs (default)
2023-06-29 22:10:35,302 [d2cb3656-736c-45ed-9177-765defc8baa4-groupManagement] INFO  server.RaftServerConfigKeys (ConfUtils.java:logGet(46)) - raft.server.read.option = DEFAULT (default)
2023-06-29 22:10:35,300 [fe774388-89b0-43a1-8132-3e981ddd9c14-groupManagement] INFO  server.RaftServer$Division (RaftServerImpl.java:start(342)) - fe774388-89b0-43a1-8132-3e981ddd9c14@group-37708F06EBE6: start as a follower, conf=-1: peers:[fe774388-89b0-43a1-8132-3e981ddd9c14|rpc:10.1.0.248:15023|admin:10.1.0.248:15022|client:10.1.0.248:15021|dataStream:10.1.0.248:15024|priority:1|startupRole:FOLLOWER]|listeners:[], old=null
2023-06-29 22:10:35,304 [fe774388-89b0-43a1-8132-3e981ddd9c14-groupManagement] INFO  server.RaftServer$Division (RaftServerImpl.java:setRole(329)) - fe774388-89b0-43a1-8132-3e981ddd9c14@group-37708F06EBE6: changes role from      null to FOLLOWER at term 0 for startAsFollower
2023-06-29 22:10:35,304 [fe774388-89b0-43a1-8132-3e981ddd9c14-groupManagement] INFO  impl.RoleInfo (RoleInfo.java:updateAndGet(139)) - fe774388-89b0-43a1-8132-3e981ddd9c14: start fe774388-89b0-43a1-8132-3e981ddd9c14@group-37708F06EBE6-FollowerState
2023-06-29 22:10:35,304 [d2cb3656-736c-45ed-9177-765defc8baa4-groupManagement] INFO  server.RaftServerConfigKeys (ConfUtils.java:logGet(46)) - raft.server.rpc.request.timeout = 60s (custom)
2023-06-29 22:10:35,304 [d2cb3656-736c-45ed-9177-765defc8baa4-groupManagement] INFO  server.RaftServerConfigKeys (ConfUtils.java:logGet(46)) - raft.server.log.appender.install.snapshot.enabled = false (custom)
2023-06-29 22:10:35,304 [d2cb3656-736c-45ed-9177-765defc8baa4-groupManagement] INFO  server.RaftServerConfigKeys (ConfUtils.java:logGet(46)) - raft.server.threadpool.server.cached = true (default)
2023-06-29 22:10:35,304 [d2cb3656-736c-45ed-9177-765defc8baa4-groupManagement] INFO  server.RaftServerConfigKeys (ConfUtils.java:logGet(46)) - raft.server.threadpool.server.size = 0 (default)
2023-06-29 22:10:35,304 [d2cb3656-736c-45ed-9177-765defc8baa4-groupManagement] INFO  server.RaftServerConfigKeys (ConfUtils.java:logGet(46)) - raft.server.threadpool.client.cached = true (default)
2023-06-29 22:10:35,304 [d2cb3656-736c-45ed-9177-765defc8baa4-groupManagement] INFO  server.RaftServerConfigKeys (ConfUtils.java:logGet(46)) - raft.server.threadpool.client.size = 0 (default)
2023-06-29 22:10:35,304 [d2cb3656-736c-45ed-9177-765defc8baa4-groupManagement] INFO  storage.RaftStorageDirectory (RaftStorageDirectoryImpl.java:analyzeStorage(137)) - The storage directory /home/runner/work/ozone/ozone/hadoop-ozone/integration-test/target/test-dir/MiniOzoneClusterImpl-ecb232db-3c23-47bf-871f-23bcde51c85c/datanode-2/data/ratis/d220e5b9-ae7c-41b7-8547-aa8e299d83d3 does not exist. Creating ...
2023-06-29 22:10:35,305 [fe774388-89b0-43a1-8132-3e981ddd9c14-groupManagement] INFO  util.JmxRegister (JmxRegister.java:tryRegister(44)) - Successfully registered JMX Bean with object name Ratis:service=RaftServer,group=group-37708F06EBE6,id=fe774388-89b0-43a1-8132-3e981ddd9c14
2023-06-29 22:10:35,305 [fe774388-89b0-43a1-8132-3e981ddd9c14@group-37708F06EBE6-FollowerState] INFO  server.RaftServerConfigKeys (ConfUtils.java:logFallback(53)) - raft.server.rpc.first-election.timeout.min = 5s (fallback to raft.server.rpc.timeout.min)
2023-06-29 22:10:35,307 [d2cb3656-736c-45ed-9177-765defc8baa4-groupManagement] INFO  storage.RaftStorageDirectory (RaftStorageDirectoryImpl.java:tryLock(231)) - Lock on /home/runner/work/ozone/ozone/hadoop-ozone/integration-test/target/test-dir/MiniOzoneClusterImpl-ecb232db-3c23-47bf-871f-23bcde51c85c/datanode-2/data/ratis/d220e5b9-ae7c-41b7-8547-aa8e299d83d3/in_use.lock acquired by nodename 7706@fv-az83-404
2023-06-29 22:10:35,305 [fe774388-89b0-43a1-8132-3e981ddd9c14-groupManagement] INFO  server.RaftServerConfigKeys (ConfUtils.java:logGet(46)) - raft.server.snapshot.auto.trigger.enabled = true (custom)
2023-06-29 22:10:35,309 [fe774388-89b0-43a1-8132-3e981ddd9c14-groupManagement] INFO  server.RaftServerConfigKeys (ConfUtils.java:logGet(46)) - raft.server.snapshot.auto.trigger.threshold = 10000 (custom)
2023-06-29 22:10:35,309 [fe774388-89b0-43a1-8132-3e981ddd9c14@group-37708F06EBE6-FollowerState] INFO  server.RaftServerConfigKeys (ConfUtils.java:logFallback(53)) - raft.server.rpc.first-election.timeout.max = 5200ms (fallback to raft.server.rpc.timeout.max)
2023-06-29 22:10:35,309 [fe774388-89b0-43a1-8132-3e981ddd9c14-groupManagement] INFO  server.RaftServerConfigKeys (ConfUtils.java:logGet(46)) - raft.server.snapshot.retention.file.num = 5 (custom)
2023-06-29 22:10:35,310 [fe774388-89b0-43a1-8132-3e981ddd9c14-groupManagement] INFO  server.RaftServerConfigKeys (ConfUtils.java:logGet(46)) - raft.server.log.purge.upto.snapshot.index = false (default)
2023-06-29 22:10:35,310 [d2cb3656-736c-45ed-9177-765defc8baa4-groupManagement] INFO  storage.RaftStorage (RaftStorageImpl.java:format(96)) - Storage directory /home/runner/work/ozone/ozone/hadoop-ozone/integration-test/target/test-dir/MiniOzoneClusterImpl-ecb232db-3c23-47bf-871f-23bcde51c85c/datanode-2/data/ratis/d220e5b9-ae7c-41b7-8547-aa8e299d83d3 has been successfully formatted.
2023-06-29 22:10:35,317 [PipelineCommandHandlerThread-0] INFO  ratis.XceiverServerRatis (XceiverServerRatis.java:addGroup(804)) - Created group PipelineID=f1a5a16a-ef82-4d91-869e-37708f06ebe6
2023-06-29 22:10:35,317 [PipelineCommandHandlerThread-0] INFO  commandhandler.CreatePipelineCommandHandler (CreatePipelineCommandHandler.java:lambda$handle$2(124)) - Created Pipeline RATIS ONE PipelineID=f1a5a16a-ef82-4d91-869e-37708f06ebe6.
2023-06-29 22:10:35,318 [PipelineCommandHandlerThread-0] INFO  server.RaftServer (RaftServerProxy.java:addNew(98)) - fe774388-89b0-43a1-8132-3e981ddd9c14: addNew group-AA8E299D83D3:[fe774388-89b0-43a1-8132-3e981ddd9c14|rpc:10.1.0.248:15023|admin:10.1.0.248:15022|client:10.1.0.248:15021|dataStream:10.1.0.248:15024|priority:0|startupRole:FOLLOWER, d2cb3656-736c-45ed-9177-765defc8baa4|rpc:10.1.0.248:15032|admin:10.1.0.248:15031|client:10.1.0.248:15030|dataStream:10.1.0.248:15033|priority:1|startupRole:FOLLOWER, 48be0ea8-46a6-4e80-b936-879c72e065d6|rpc:10.1.0.248:15014|admin:10.1.0.248:15013|client:10.1.0.248:15012|dataStream:10.1.0.248:15015|priority:0|startupRole:FOLLOWER] returns group-AA8E299D83D3:java.util.concurrent.CompletableFuture@9fbda76[Not completed]
2023-06-29 22:10:35,320 [fe774388-89b0-43a1-8132-3e981ddd9c14-groupManagement] INFO  server.RaftServer$Division (RaftServerImpl.java:<init>(198)) - fe774388-89b0-43a1-8132-3e981ddd9c14: new RaftServerImpl for group-AA8E299D83D3:[fe774388-89b0-43a1-8132-3e981ddd9c14|rpc:10.1.0.248:15023|admin:10.1.0.248:15022|client:10.1.0.248:15021|dataStream:10.1.0.248:15024|priority:0|startupRole:FOLLOWER, d2cb3656-736c-45ed-9177-765defc8baa4|rpc:10.1.0.248:15032|admin:10.1.0.248:15031|client:10.1.0.248:15030|dataStream:10.1.0.248:15033|priority:1|startupRole:FOLLOWER, 48be0ea8-46a6-4e80-b936-879c72e065d6|rpc:10.1.0.248:15014|admin:10.1.0.248:15013|client:10.1.0.248:15012|dataStream:10.1.0.248:15015|priority:0|startupRole:FOLLOWER] with ContainerStateMachine:uninitialized
2023-06-29 22:10:35,320 [fe774388-89b0-43a1-8132-3e981ddd9c14-groupManagement] INFO  server.RaftServerConfigKeys (ConfUtils.java:logGet(46)) - raft.server.rpc.timeout.min = 5s (custom)
2023-06-29 22:10:35,320 [fe774388-89b0-43a1-8132-3e981ddd9c14-groupManagement] INFO  server.RaftServerConfigKeys (ConfUtils.java:logGet(46)) - raft.server.rpc.timeout.max = 5200ms (custom)
2023-06-29 22:10:35,320 [fe774388-89b0-43a1-8132-3e981ddd9c14-groupManagement] INFO  server.RaftServerConfigKeys (ConfUtils.java:logGet(46)) - raft.server.rpc.sleep.time = 25ms (default)
2023-06-29 22:10:35,320 [fe774388-89b0-43a1-8132-3e981ddd9c14-groupManagement] INFO  server.RaftServerConfigKeys (ConfUtils.java:logGet(46)) - raft.server.rpc.slowness.timeout = 300s (custom)
2023-06-29 22:10:35,320 [fe774388-89b0-43a1-8132-3e981ddd9c14-groupManagement] INFO  server.RaftServerConfigKeys (ConfUtils.java:logGet(46)) - raft.server.leaderelection.leader.step-down.wait-time = 10s (default)
2023-06-29 22:10:35,320 [fe774388-89b0-43a1-8132-3e981ddd9c14-groupManagement] INFO  server.RaftServerConfigKeys (ConfUtils.java:logGet(46)) - raft.server.sleep.deviation.threshold = 300ms (default)
2023-06-29 22:10:35,320 [fe774388-89b0-43a1-8132-3e981ddd9c14-groupManagement] INFO  server.RaftServer$Division (ServerState.java:<init>(120)) - fe774388-89b0-43a1-8132-3e981ddd9c14@group-AA8E299D83D3: ConfigurationManager, init=-1: peers:[fe774388-89b0-43a1-8132-3e981ddd9c14|rpc:10.1.0.248:15023|admin:10.1.0.248:15022|client:10.1.0.248:15021|dataStream:10.1.0.248:15024|priority:0|startupRole:FOLLOWER, d2cb3656-736c-45ed-9177-765defc8baa4|rpc:10.1.0.248:15032|admin:10.1.0.248:15031|client:10.1.0.248:15030|dataStream:10.1.0.248:15033|priority:1|startupRole:FOLLOWER, 48be0ea8-46a6-4e80-b936-879c72e065d6|rpc:10.1.0.248:15014|admin:10.1.0.248:15013|client:10.1.0.248:15012|dataStream:10.1.0.248:15015|priority:0|startupRole:FOLLOWER]|listeners:[], old=null, confs=<EMPTY_MAP>
2023-06-29 22:10:35,320 [fe774388-89b0-43a1-8132-3e981ddd9c14-groupManagement] INFO  server.RaftServerConfigKeys (ConfUtils.java:logGet(46)) - raft.server.storage.dir = [/home/runner/work/ozone/ozone/hadoop-ozone/integration-test/target/test-dir/MiniOzoneClusterImpl-ecb232db-3c23-47bf-871f-23bcde51c85c/datanode-1/data/ratis] (custom)
2023-06-29 22:10:35,320 [fe774388-89b0-43a1-8132-3e981ddd9c14-groupManagement] INFO  server.RaftServerConfigKeys (ConfUtils.java:logGet(46)) - raft.server.log.corruption.policy = EXCEPTION (default)
2023-06-29 22:10:35,320 [fe774388-89b0-43a1-8132-3e981ddd9c14-groupManagement] INFO  server.RaftServerConfigKeys (ConfUtils.java:logGet(46)) - raft.server.storage.free-space.min = 0MB (=0) (default)
2023-06-29 22:10:35,320 [fe774388-89b0-43a1-8132-3e981ddd9c14-groupManagement] INFO  server.RaftServerConfigKeys (ConfUtils.java:logGet(46)) - raft.server.notification.no-leader.timeout = 300s (custom)
2023-06-29 22:10:35,320 [fe774388-89b0-43a1-8132-3e981ddd9c14-groupManagement] INFO  server.RaftServerConfigKeys (ConfUtils.java:logGet(46)) - raft.server.read.timeout = 10s (default)
2023-06-29 22:10:35,320 [fe774388-89b0-43a1-8132-3e981ddd9c14-groupManagement] INFO  server.RaftServerConfigKeys (ConfUtils.java:logGet(46)) - raft.server.retrycache.expirytime = 600000ms (custom)
2023-06-29 22:10:35,321 [fe774388-89b0-43a1-8132-3e981ddd9c14-groupManagement] INFO  server.RaftServerConfigKeys (ConfUtils.java:logGet(46)) - raft.server.retrycache.statistics.expirytime = 100μs (default)
2023-06-29 22:10:35,321 [fe774388-89b0-43a1-8132-3e981ddd9c14-groupManagement] INFO  server.RaftServerConfigKeys (ConfUtils.java:logGet(46)) - raft.server.read.option = DEFAULT (default)
2023-06-29 22:10:35,317 [d2cb3656-736c-45ed-9177-765defc8baa4-groupManagement] INFO  ratis.ContainerStateMachine (ContainerStateMachine.java:loadSnapshot(262)) - group-AA8E299D83D3: The snapshot info is null. Setting the last applied indexto:(t:0, i:~)
2023-06-29 22:10:35,325 [d2cb3656-736c-45ed-9177-765defc8baa4-groupManagement] INFO  server.RaftServerConfigKeys (ConfUtils.java:logGet(46)) - raft.server.log.use.memory = false (default)
2023-06-29 22:10:35,325 [fe774388-89b0-43a1-8132-3e981ddd9c14-groupManagement] INFO  server.RaftServerConfigKeys (ConfUtils.java:logGet(46)) - raft.server.rpc.request.timeout = 60s (custom)
2023-06-29 22:10:35,326 [d2cb3656-736c-45ed-9177-765defc8baa4-groupManagement] INFO  server.RaftServerConfigKeys (ConfUtils.java:logGet(46)) - raft.server.log.purge.gap = 1000000 (custom)
2023-06-29 22:10:35,326 [fe774388-89b0-43a1-8132-3e981ddd9c14-groupManagement] INFO  server.RaftServerConfigKeys (ConfUtils.java:logGet(46)) - raft.server.log.appender.install.snapshot.enabled = false (custom)
2023-06-29 22:10:35,326 [d2cb3656-736c-45ed-9177-765defc8baa4-groupManagement] INFO  server.RaftServerConfigKeys (ConfUtils.java:logGet(46)) - raft.server.log.appender.buffer.byte-limit = 33554432 (custom)
2023-06-29 22:10:35,326 [fe774388-89b0-43a1-8132-3e981ddd9c14-groupManagement] INFO  server.RaftServerConfigKeys (ConfUtils.java:logGet(46)) - raft.server.threadpool.server.cached = true (default)
2023-06-29 22:10:35,326 [d2cb3656-736c-45ed-9177-765defc8baa4-groupManagement] INFO  server.RaftServerConfigKeys (ConfUtils.java:logGet(46)) - raft.server.log.statemachine.data.read.timeout = 1000ms (default)
2023-06-29 22:10:35,326 [fe774388-89b0-43a1-8132-3e981ddd9c14-groupManagement] INFO  server.RaftServerConfigKeys (ConfUtils.java:logGet(46)) - raft.server.threadpool.server.size = 0 (default)
2023-06-29 22:10:35,326 [d2cb3656-736c-45ed-9177-765defc8baa4-groupManagement] INFO  server.RaftServerConfigKeys (ConfUtils.java:logGet(46)) - raft.server.log.purge.preservation.log.num = 0 (default)
2023-06-29 22:10:35,326 [fe774388-89b0-43a1-8132-3e981ddd9c14-groupManagement] INFO  server.RaftServerConfigKeys (ConfUtils.java:logGet(46)) - raft.server.threadpool.client.cached = true (default)
2023-06-29 22:10:35,326 [fe774388-89b0-43a1-8132-3e981ddd9c14-groupManagement] INFO  server.RaftServerConfigKeys (ConfUtils.java:logGet(46)) - raft.server.threadpool.client.size = 0 (default)
2023-06-29 22:10:35,326 [d2cb3656-736c-45ed-9177-765defc8baa4-groupManagement] INFO  server.RaftServerConfigKeys (ConfUtils.java:logGet(46)) - raft.server.log.segment.size.max = 1048576 (custom)
2023-06-29 22:10:35,326 [fe774388-89b0-43a1-8132-3e981ddd9c14-groupManagement] INFO  storage.RaftStorageDirectory (RaftStorageDirectoryImpl.java:analyzeStorage(137)) - The storage directory /home/runner/work/ozone/ozone/hadoop-ozone/integration-test/target/test-dir/MiniOzoneClusterImpl-ecb232db-3c23-47bf-871f-23bcde51c85c/datanode-1/data/ratis/d220e5b9-ae7c-41b7-8547-aa8e299d83d3 does not exist. Creating ...
2023-06-29 22:10:35,327 [d2cb3656-736c-45ed-9177-765defc8baa4-groupManagement] INFO  server.RaftServerConfigKeys (ConfUtils.java:logGet(46)) - raft.server.log.segment.cache.num.max = 2 (custom)
2023-06-29 22:10:35,327 [d2cb3656-736c-45ed-9177-765defc8baa4-groupManagement] INFO  server.RaftServerConfigKeys (ConfUtils.java:logGet(46)) - raft.server.log.segment.cache.size.max = 200MB (=209715200) (default)
2023-06-29 22:10:35,327 [d2cb3656-736c-45ed-9177-765defc8baa4-groupManagement] INFO  server.RaftServerConfigKeys (ConfUtils.java:logGet(46)) - raft.server.log.appender.buffer.byte-limit = 33554432 (custom)
2023-06-29 22:10:35,327 [d2cb3656-736c-45ed-9177-765defc8baa4-groupManagement] INFO  segmented.SegmentedRaftLogWorker (SegmentedRaftLogWorker.java:<init>(188)) - new d2cb3656-736c-45ed-9177-765defc8baa4@group-AA8E299D83D3-SegmentedRaftLogWorker for RaftStorageImpl:Storage Directory /home/runner/work/ozone/ozone/hadoop-ozone/integration-test/target/test-dir/MiniOzoneClusterImpl-ecb232db-3c23-47bf-871f-23bcde51c85c/datanode-2/data/ratis/d220e5b9-ae7c-41b7-8547-aa8e299d83d3
2023-06-29 22:10:35,327 [d2cb3656-736c-45ed-9177-765defc8baa4-groupManagement] INFO  server.RaftServerConfigKeys (ConfUtils.java:logGet(46)) - raft.server.log.queue.byte-limit = 4294967296 (custom)
2023-06-29 22:10:35,327 [d2cb3656-736c-45ed-9177-765defc8baa4-groupManagement] INFO  server.RaftServerConfigKeys (ConfUtils.java:logGet(46)) - raft.server.log.queue.element-limit = 1024 (custom)
2023-06-29 22:10:35,327 [d2cb3656-736c-45ed-9177-765defc8baa4-groupManagement] INFO  server.RaftServerConfigKeys (ConfUtils.java:logGet(46)) - raft.server.log.segment.size.max = 1048576 (custom)
2023-06-29 22:10:35,327 [d2cb3656-736c-45ed-9177-765defc8baa4-groupManagement] INFO  server.RaftServerConfigKeys (ConfUtils.java:logGet(46)) - raft.server.log.preallocated.size = 16384 (custom)
2023-06-29 22:10:35,327 [d2cb3656-736c-45ed-9177-765defc8baa4-groupManagement] INFO  server.RaftServerConfigKeys (ConfUtils.java:logGet(46)) - raft.server.log.force.sync.num = 128 (default)
2023-06-29 22:10:35,327 [d2cb3656-736c-45ed-9177-765defc8baa4-groupManagement] INFO  server.RaftServerConfigKeys (ConfUtils.java:logGet(46)) - raft.server.log.statemachine.data.sync = true (default)
2023-06-29 22:10:35,327 [d2cb3656-736c-45ed-9177-765defc8baa4-groupManagement] INFO  server.RaftServerConfigKeys (ConfUtils.java:logGet(46)) - raft.server.log.statemachine.data.sync.timeout = 10s (default)
2023-06-29 22:10:35,327 [d2cb3656-736c-45ed-9177-765defc8baa4-groupManagement] INFO  server.RaftServerConfigKeys (ConfUtils.java:logGet(46)) - raft.server.log.statemachine.data.sync.timeout.retry = -1 (default)
2023-06-29 22:10:35,327 [fe774388-89b0-43a1-8132-3e981ddd9c14-groupManagement] INFO  storage.RaftStorageDirectory (RaftStorageDirectoryImpl.java:tryLock(231)) - Lock on /home/runner/work/ozone/ozone/hadoop-ozone/integration-test/target/test-dir/MiniOzoneClusterImpl-ecb232db-3c23-47bf-871f-23bcde51c85c/datanode-1/data/ratis/d220e5b9-ae7c-41b7-8547-aa8e299d83d3/in_use.lock acquired by nodename 7706@fv-az83-404
2023-06-29 22:10:35,328 [d2cb3656-736c-45ed-9177-765defc8baa4-groupManagement] INFO  server.RaftServerConfigKeys (ConfUtils.java:logGet(46)) - raft.server.log.write.buffer.size = 1048576 (custom)
2023-06-29 22:10:35,328 [fe774388-89b0-43a1-8132-3e981ddd9c14-groupManagement] INFO  storage.RaftStorage (RaftStorageImpl.java:format(96)) - Storage directory /home/runner/work/ozone/ozone/hadoop-ozone/integration-test/target/test-dir/MiniOzoneClusterImpl-ecb232db-3c23-47bf-871f-23bcde51c85c/datanode-1/data/ratis/d220e5b9-ae7c-41b7-8547-aa8e299d83d3 has been successfully formatted.
2023-06-29 22:10:35,328 [fe774388-89b0-43a1-8132-3e981ddd9c14-groupManagement] INFO  ratis.ContainerStateMachine (ContainerStateMachine.java:loadSnapshot(262)) - group-AA8E299D83D3: The snapshot info is null. Setting the last applied indexto:(t:0, i:~)
2023-06-29 22:10:35,328 [fe774388-89b0-43a1-8132-3e981ddd9c14-groupManagement] INFO  server.RaftServerConfigKeys (ConfUtils.java:logGet(46)) - raft.server.log.use.memory = false (default)
2023-06-29 22:10:35,329 [fe774388-89b0-43a1-8132-3e981ddd9c14-groupManagement] INFO  server.RaftServerConfigKeys (ConfUtils.java:logGet(46)) - raft.server.log.purge.gap = 1000000 (custom)
2023-06-29 22:10:35,329 [fe774388-89b0-43a1-8132-3e981ddd9c14-groupManagement] INFO  server.RaftServerConfigKeys (ConfUtils.java:logGet(46)) - raft.server.log.appender.buffer.byte-limit = 33554432 (custom)
2023-06-29 22:10:35,329 [fe774388-89b0-43a1-8132-3e981ddd9c14-groupManagement] INFO  server.RaftServerConfigKeys (ConfUtils.java:logGet(46)) - raft.server.log.statemachine.data.read.timeout = 1000ms (default)
2023-06-29 22:10:35,329 [fe774388-89b0-43a1-8132-3e981ddd9c14-groupManagement] INFO  server.RaftServerConfigKeys (ConfUtils.java:logGet(46)) - raft.server.log.purge.preservation.log.num = 0 (default)
2023-06-29 22:10:35,329 [fe774388-89b0-43a1-8132-3e981ddd9c14-groupManagement] INFO  server.RaftServerConfigKeys (ConfUtils.java:logGet(46)) - raft.server.log.segment.size.max = 1048576 (custom)
2023-06-29 22:10:35,329 [d2cb3656-736c-45ed-9177-765defc8baa4-groupManagement] INFO  server.RaftServerConfigKeys (ConfUtils.java:logGet(46)) - raft.server.log.appender.buffer.byte-limit = 33554432 (custom)
2023-06-29 22:10:35,329 [fe774388-89b0-43a1-8132-3e981ddd9c14-groupManagement] INFO  server.RaftServerConfigKeys (ConfUtils.java:logGet(46)) - raft.server.log.segment.cache.num.max = 2 (custom)
2023-06-29 22:10:35,329 [fe774388-89b0-43a1-8132-3e981ddd9c14-groupManagement] INFO  server.RaftServerConfigKeys (ConfUtils.java:logGet(46)) - raft.server.log.segment.cache.size.max = 200MB (=209715200) (default)
2023-06-29 22:10:35,329 [fe774388-89b0-43a1-8132-3e981ddd9c14-groupManagement] INFO  server.RaftServerConfigKeys (ConfUtils.java:logGet(46)) - raft.server.log.appender.buffer.byte-limit = 33554432 (custom)
2023-06-29 22:10:35,329 [fe774388-89b0-43a1-8132-3e981ddd9c14-groupManagement] INFO  segmented.SegmentedRaftLogWorker (SegmentedRaftLogWorker.java:<init>(188)) - new fe774388-89b0-43a1-8132-3e981ddd9c14@group-AA8E299D83D3-SegmentedRaftLogWorker for RaftStorageImpl:Storage Directory /home/runner/work/ozone/ozone/hadoop-ozone/integration-test/target/test-dir/MiniOzoneClusterImpl-ecb232db-3c23-47bf-871f-23bcde51c85c/datanode-1/data/ratis/d220e5b9-ae7c-41b7-8547-aa8e299d83d3
2023-06-29 22:10:35,330 [fe774388-89b0-43a1-8132-3e981ddd9c14-groupManagement] INFO  server.RaftServerConfigKeys (ConfUtils.java:logGet(46)) - raft.server.log.queue.byte-limit = 4294967296 (custom)
2023-06-29 22:10:35,330 [fe774388-89b0-43a1-8132-3e981ddd9c14-groupManagement] INFO  server.RaftServerConfigKeys (ConfUtils.java:logGet(46)) - raft.server.log.queue.element-limit = 1024 (custom)
2023-06-29 22:10:35,330 [fe774388-89b0-43a1-8132-3e981ddd9c14-groupManagement] INFO  server.RaftServerConfigKeys (ConfUtils.java:logGet(46)) - raft.server.log.segment.size.max = 1048576 (custom)
2023-06-29 22:10:35,330 [fe774388-89b0-43a1-8132-3e981ddd9c14-groupManagement] INFO  server.RaftServerConfigKeys (ConfUtils.java:logGet(46)) - raft.server.log.preallocated.size = 16384 (custom)
2023-06-29 22:10:35,330 [fe774388-89b0-43a1-8132-3e981ddd9c14-groupManagement] INFO  server.RaftServerConfigKeys (ConfUtils.java:logGet(46)) - raft.server.log.force.sync.num = 128 (default)
2023-06-29 22:10:35,330 [fe774388-89b0-43a1-8132-3e981ddd9c14-groupManagement] INFO  server.RaftServerConfigKeys (ConfUtils.java:logGet(46)) - raft.server.log.statemachine.data.sync = true (default)
2023-06-29 22:10:35,330 [fe774388-89b0-43a1-8132-3e981ddd9c14-groupManagement] INFO  server.RaftServerConfigKeys (ConfUtils.java:logGet(46)) - raft.server.log.statemachine.data.sync.timeout = 10s (default)
2023-06-29 22:10:35,335 [fe774388-89b0-43a1-8132-3e981ddd9c14-groupManagement] INFO  server.RaftServerConfigKeys (ConfUtils.java:logGet(46)) - raft.server.log.statemachine.data.sync.timeout.retry = -1 (default)
2023-06-29 22:10:35,336 [fe774388-89b0-43a1-8132-3e981ddd9c14-groupManagement] INFO  server.RaftServerConfigKeys (ConfUtils.java:logGet(46)) - raft.server.log.write.buffer.size = 1048576 (custom)
2023-06-29 22:10:35,335 [d2cb3656-736c-45ed-9177-765defc8baa4-groupManagement] INFO  server.RaftServerConfigKeys (ConfUtils.java:logGet(46)) - raft.server.log.unsafe-flush.enabled = false (default)
2023-06-29 22:10:35,334 [EventQueue-OpenPipelineForHealthyPipelineSafeModeRule] INFO  safemode.SCMSafeModeManager (HealthyPipelineSafeModeRule.java:process(137)) - SCM in safe mode. Healthy pipelines reported count is 0, required healthy pipeline reported count is 1
2023-06-29 22:10:35,337 [d2cb3656-736c-45ed-9177-765defc8baa4-groupManagement] INFO  server.RaftServerConfigKeys (ConfUtils.java:logGet(46)) - raft.server.log.async-flush.enabled = false (default)
2023-06-29 22:10:35,337 [d2cb3656-736c-45ed-9177-765defc8baa4-groupManagement] INFO  server.RaftServerConfigKeys (ConfUtils.java:logGet(46)) - raft.server.log.statemachine.data.caching.enabled = true (custom)
2023-06-29 22:10:35,337 [d2cb3656-736c-45ed-9177-765defc8baa4-groupManagement] INFO  segmented.SegmentedRaftLogWorker (SegmentedRaftLogWorker.java:lambda$new$0(135)) - d2cb3656-736c-45ed-9177-765defc8baa4@group-AA8E299D83D3-SegmentedRaftLogWorker: flushIndex: setUnconditionally 0 -> -1
2023-06-29 22:10:35,337 [d2cb3656-736c-45ed-9177-765defc8baa4-groupManagement] INFO  segmented.SegmentedRaftLogWorker (SegmentedRaftLogWorker.java:lambda$new$0(135)) - d2cb3656-736c-45ed-9177-765defc8baa4@group-AA8E299D83D3-SegmentedRaftLogWorker: safeCacheEvictIndex: setUnconditionally 0 -> -1
2023-06-29 22:10:35,337 [fe774388-89b0-43a1-8132-3e981ddd9c14-groupManagement] INFO  server.RaftServerConfigKeys (ConfUtils.java:logGet(46)) - raft.server.log.appender.buffer.byte-limit = 33554432 (custom)
2023-06-29 22:10:35,342 [d2cb3656-736c-45ed-9177-765defc8baa4-groupManagement] INFO  server.RaftServer$Division (RaftServerImpl.java:start(342)) - d2cb3656-736c-45ed-9177-765defc8baa4@group-AA8E299D83D3: start as a follower, conf=-1: peers:[fe774388-89b0-43a1-8132-3e981ddd9c14|rpc:10.1.0.248:15023|admin:10.1.0.248:15022|client:10.1.0.248:15021|dataStream:10.1.0.248:15024|priority:0|startupRole:FOLLOWER, d2cb3656-736c-45ed-9177-765defc8baa4|rpc:10.1.0.248:15032|admin:10.1.0.248:15031|client:10.1.0.248:15030|dataStream:10.1.0.248:15033|priority:1|startupRole:FOLLOWER, 48be0ea8-46a6-4e80-b936-879c72e065d6|rpc:10.1.0.248:15014|admin:10.1.0.248:15013|client:10.1.0.248:15012|dataStream:10.1.0.248:15015|priority:0|startupRole:FOLLOWER]|listeners:[], old=null
2023-06-29 22:10:35,342 [d2cb3656-736c-45ed-9177-765defc8baa4-groupManagement] INFO  server.RaftServer$Division (RaftServerImpl.java:setRole(329)) - d2cb3656-736c-45ed-9177-765defc8baa4@group-AA8E299D83D3: changes role from      null to FOLLOWER at term 0 for startAsFollower
2023-06-29 22:10:35,343 [d2cb3656-736c-45ed-9177-765defc8baa4-groupManagement] INFO  impl.RoleInfo (RoleInfo.java:updateAndGet(139)) - d2cb3656-736c-45ed-9177-765defc8baa4: start d2cb3656-736c-45ed-9177-765defc8baa4@group-AA8E299D83D3-FollowerState
2023-06-29 22:10:35,344 [d2cb3656-736c-45ed-9177-765defc8baa4-groupManagement] INFO  util.JmxRegister (JmxRegister.java:tryRegister(44)) - Successfully registered JMX Bean with object name Ratis:service=RaftServer,group=group-AA8E299D83D3,id=d2cb3656-736c-45ed-9177-765defc8baa4
2023-06-29 22:10:35,344 [d2cb3656-736c-45ed-9177-765defc8baa4-groupManagement] INFO  server.RaftServerConfigKeys (ConfUtils.java:logGet(46)) - raft.server.snapshot.auto.trigger.enabled = true (custom)
2023-06-29 22:10:35,344 [fe774388-89b0-43a1-8132-3e981ddd9c14-groupManagement] INFO  server.RaftServerConfigKeys (ConfUtils.java:logGet(46)) - raft.server.log.unsafe-flush.enabled = false (default)
2023-06-29 22:10:35,344 [d2cb3656-736c-45ed-9177-765defc8baa4-groupManagement] INFO  server.RaftServerConfigKeys (ConfUtils.java:logGet(46)) - raft.server.snapshot.auto.trigger.threshold = 10000 (custom)
2023-06-29 22:10:35,345 [d2cb3656-736c-45ed-9177-765defc8baa4@group-AA8E299D83D3-FollowerState] INFO  server.RaftServerConfigKeys (ConfUtils.java:logFallback(53)) - raft.server.rpc.first-election.timeout.min = 5s (fallback to raft.server.rpc.timeout.min)
2023-06-29 22:10:35,345 [d2cb3656-736c-45ed-9177-765defc8baa4-groupManagement] INFO  server.RaftServerConfigKeys (ConfUtils.java:logGet(46)) - raft.server.snapshot.retention.file.num = 5 (custom)
2023-06-29 22:10:35,345 [d2cb3656-736c-45ed-9177-765defc8baa4@group-AA8E299D83D3-FollowerState] INFO  server.RaftServerConfigKeys (ConfUtils.java:logFallback(53)) - raft.server.rpc.first-election.timeout.max = 5200ms (fallback to raft.server.rpc.timeout.max)
2023-06-29 22:10:35,345 [d2cb3656-736c-45ed-9177-765defc8baa4-groupManagement] INFO  server.RaftServerConfigKeys (ConfUtils.java:logGet(46)) - raft.server.log.purge.upto.snapshot.index = false (default)
2023-06-29 22:10:35,346 [fe774388-89b0-43a1-8132-3e981ddd9c14-groupManagement] INFO  server.RaftServerConfigKeys (ConfUtils.java:logGet(46)) - raft.server.log.async-flush.enabled = false (default)
2023-06-29 22:10:35,346 [fe774388-89b0-43a1-8132-3e981ddd9c14-groupManagement] INFO  server.RaftServerConfigKeys (ConfUtils.java:logGet(46)) - raft.server.log.statemachine.data.caching.enabled = true (custom)
2023-06-29 22:10:35,346 [fe774388-89b0-43a1-8132-3e981ddd9c14-groupManagement] INFO  segmented.SegmentedRaftLogWorker (SegmentedRaftLogWorker.java:lambda$new$0(135)) - fe774388-89b0-43a1-8132-3e981ddd9c14@group-AA8E299D83D3-SegmentedRaftLogWorker: flushIndex: setUnconditionally 0 -> -1
2023-06-29 22:10:35,346 [fe774388-89b0-43a1-8132-3e981ddd9c14-groupManagement] INFO  segmented.SegmentedRaftLogWorker (SegmentedRaftLogWorker.java:lambda$new$0(135)) - fe774388-89b0-43a1-8132-3e981ddd9c14@group-AA8E299D83D3-SegmentedRaftLogWorker: safeCacheEvictIndex: setUnconditionally 0 -> -1
2023-06-29 22:10:35,348 [fe774388-89b0-43a1-8132-3e981ddd9c14-groupManagement] INFO  server.RaftServer$Division (RaftServerImpl.java:start(342)) - fe774388-89b0-43a1-8132-3e981ddd9c14@group-AA8E299D83D3: start as a follower, conf=-1: peers:[fe774388-89b0-43a1-8132-3e981ddd9c14|rpc:10.1.0.248:15023|admin:10.1.0.248:15022|client:10.1.0.248:15021|dataStream:10.1.0.248:15024|priority:0|startupRole:FOLLOWER, d2cb3656-736c-45ed-9177-765defc8baa4|rpc:10.1.0.248:15032|admin:10.1.0.248:15031|client:10.1.0.248:15030|dataStream:10.1.0.248:15033|priority:1|startupRole:FOLLOWER, 48be0ea8-46a6-4e80-b936-879c72e065d6|rpc:10.1.0.248:15014|admin:10.1.0.248:15013|client:10.1.0.248:15012|dataStream:10.1.0.248:15015|priority:0|startupRole:FOLLOWER]|listeners:[], old=null
2023-06-29 22:10:35,348 [fe774388-89b0-43a1-8132-3e981ddd9c14-groupManagement] INFO  server.RaftServer$Division (RaftServerImpl.java:setRole(329)) - fe774388-89b0-43a1-8132-3e981ddd9c14@group-AA8E299D83D3: changes role from      null to FOLLOWER at term 0 for startAsFollower
2023-06-29 22:10:35,348 [fe774388-89b0-43a1-8132-3e981ddd9c14-groupManagement] INFO  impl.RoleInfo (RoleInfo.java:updateAndGet(139)) - fe774388-89b0-43a1-8132-3e981ddd9c14: start fe774388-89b0-43a1-8132-3e981ddd9c14@group-AA8E299D83D3-FollowerState
2023-06-29 22:10:35,349 [fe774388-89b0-43a1-8132-3e981ddd9c14-groupManagement] INFO  util.JmxRegister (JmxRegister.java:tryRegister(44)) - Successfully registered JMX Bean with object name Ratis:service=RaftServer,group=group-AA8E299D83D3,id=fe774388-89b0-43a1-8132-3e981ddd9c14
2023-06-29 22:10:35,349 [fe774388-89b0-43a1-8132-3e981ddd9c14-groupManagement] INFO  server.RaftServerConfigKeys (ConfUtils.java:logGet(46)) - raft.server.snapshot.auto.trigger.enabled = true (custom)
2023-06-29 22:10:35,349 [fe774388-89b0-43a1-8132-3e981ddd9c14-groupManagement] INFO  server.RaftServerConfigKeys (ConfUtils.java:logGet(46)) - raft.server.snapshot.auto.trigger.threshold = 10000 (custom)
2023-06-29 22:10:35,349 [fe774388-89b0-43a1-8132-3e981ddd9c14-groupManagement] INFO  server.RaftServerConfigKeys (ConfUtils.java:logGet(46)) - raft.server.snapshot.retention.file.num = 5 (custom)
2023-06-29 22:10:35,349 [fe774388-89b0-43a1-8132-3e981ddd9c14-groupManagement] INFO  server.RaftServerConfigKeys (ConfUtils.java:logGet(46)) - raft.server.log.purge.upto.snapshot.index = false (default)
2023-06-29 22:10:35,350 [fe774388-89b0-43a1-8132-3e981ddd9c14@group-AA8E299D83D3-FollowerState] INFO  server.RaftServerConfigKeys (ConfUtils.java:logFallback(53)) - raft.server.rpc.first-election.timeout.min = 5s (fallback to raft.server.rpc.timeout.min)
2023-06-29 22:10:35,353 [fe774388-89b0-43a1-8132-3e981ddd9c14@group-AA8E299D83D3-FollowerState] INFO  server.RaftServerConfigKeys (ConfUtils.java:logFallback(53)) - raft.server.rpc.first-election.timeout.max = 5200ms (fallback to raft.server.rpc.timeout.max)
2023-06-29 22:10:35,357 [PipelineCommandHandlerThread-0] INFO  ratis.XceiverServerRatis (XceiverServerRatis.java:addGroup(804)) - Created group PipelineID=d220e5b9-ae7c-41b7-8547-aa8e299d83d3
2023-06-29 22:10:35,455 [PipelineCommandHandlerThread-0] INFO  commandhandler.CreatePipelineCommandHandler (CreatePipelineCommandHandler.java:lambda$handle$2(124)) - Created Pipeline RATIS THREE PipelineID=d220e5b9-ae7c-41b7-8547-aa8e299d83d3.
2023-06-29 22:10:35,457 [PipelineCommandHandlerThread-0] INFO  server.RaftServer (RaftServerProxy.java:addNew(98)) - 48be0ea8-46a6-4e80-b936-879c72e065d6: addNew group-53A4DE1611EE:[fe774388-89b0-43a1-8132-3e981ddd9c14|rpc:10.1.0.248:15023|admin:10.1.0.248:15022|client:10.1.0.248:15021|dataStream:10.1.0.248:15024|priority:0|startupRole:FOLLOWER, d2cb3656-736c-45ed-9177-765defc8baa4|rpc:10.1.0.248:15032|admin:10.1.0.248:15031|client:10.1.0.248:15030|dataStream:10.1.0.248:15033|priority:0|startupRole:FOLLOWER, 48be0ea8-46a6-4e80-b936-879c72e065d6|rpc:10.1.0.248:15014|admin:10.1.0.248:15013|client:10.1.0.248:15012|dataStream:10.1.0.248:15015|priority:1|startupRole:FOLLOWER] returns group-53A4DE1611EE:java.util.concurrent.CompletableFuture@1e336ad2[Not completed]
2023-06-29 22:10:35,461 [48be0ea8-46a6-4e80-b936-879c72e065d6-groupManagement] INFO  server.RaftServer$Division (RaftServerImpl.java:<init>(198)) - 48be0ea8-46a6-4e80-b936-879c72e065d6: new RaftServerImpl for group-53A4DE1611EE:[fe774388-89b0-43a1-8132-3e981ddd9c14|rpc:10.1.0.248:15023|admin:10.1.0.248:15022|client:10.1.0.248:15021|dataStream:10.1.0.248:15024|priority:0|startupRole:FOLLOWER, d2cb3656-736c-45ed-9177-765defc8baa4|rpc:10.1.0.248:15032|admin:10.1.0.248:15031|client:10.1.0.248:15030|dataStream:10.1.0.248:15033|priority:0|startupRole:FOLLOWER, 48be0ea8-46a6-4e80-b936-879c72e065d6|rpc:10.1.0.248:15014|admin:10.1.0.248:15013|client:10.1.0.248:15012|dataStream:10.1.0.248:15015|priority:1|startupRole:FOLLOWER] with ContainerStateMachine:uninitialized
2023-06-29 22:10:35,461 [48be0ea8-46a6-4e80-b936-879c72e065d6-groupManagement] INFO  server.RaftServerConfigKeys (ConfUtils.java:logGet(46)) - raft.server.rpc.timeout.min = 5s (custom)
2023-06-29 22:10:35,461 [48be0ea8-46a6-4e80-b936-879c72e065d6-groupManagement] INFO  server.RaftServerConfigKeys (ConfUtils.java:logGet(46)) - raft.server.rpc.timeout.max = 5200ms (custom)
2023-06-29 22:10:35,461 [48be0ea8-46a6-4e80-b936-879c72e065d6-groupManagement] INFO  server.RaftServerConfigKeys (ConfUtils.java:logGet(46)) - raft.server.rpc.sleep.time = 25ms (default)
2023-06-29 22:10:35,461 [48be0ea8-46a6-4e80-b936-879c72e065d6-groupManagement] INFO  server.RaftServerConfigKeys (ConfUtils.java:logGet(46)) - raft.server.rpc.slowness.timeout = 300s (custom)
2023-06-29 22:10:35,461 [48be0ea8-46a6-4e80-b936-879c72e065d6-groupManagement] INFO  server.RaftServerConfigKeys (ConfUtils.java:logGet(46)) - raft.server.leaderelection.leader.step-down.wait-time = 10s (default)
2023-06-29 22:10:35,461 [48be0ea8-46a6-4e80-b936-879c72e065d6-groupManagement] INFO  server.RaftServerConfigKeys (ConfUtils.java:logGet(46)) - raft.server.sleep.deviation.threshold = 300ms (default)
2023-06-29 22:10:35,461 [48be0ea8-46a6-4e80-b936-879c72e065d6-groupManagement] INFO  server.RaftServer$Division (ServerState.java:<init>(120)) - 48be0ea8-46a6-4e80-b936-879c72e065d6@group-53A4DE1611EE: ConfigurationManager, init=-1: peers:[fe774388-89b0-43a1-8132-3e981ddd9c14|rpc:10.1.0.248:15023|admin:10.1.0.248:15022|client:10.1.0.248:15021|dataStream:10.1.0.248:15024|priority:0|startupRole:FOLLOWER, d2cb3656-736c-45ed-9177-765defc8baa4|rpc:10.1.0.248:15032|admin:10.1.0.248:15031|client:10.1.0.248:15030|dataStream:10.1.0.248:15033|priority:0|startupRole:FOLLOWER, 48be0ea8-46a6-4e80-b936-879c72e065d6|rpc:10.1.0.248:15014|admin:10.1.0.248:15013|client:10.1.0.248:15012|dataStream:10.1.0.248:15015|priority:1|startupRole:FOLLOWER]|listeners:[], old=null, confs=<EMPTY_MAP>
2023-06-29 22:10:35,461 [48be0ea8-46a6-4e80-b936-879c72e065d6-groupManagement] INFO  server.RaftServerConfigKeys (ConfUtils.java:logGet(46)) - raft.server.storage.dir = [/home/runner/work/ozone/ozone/hadoop-ozone/integration-test/target/test-dir/MiniOzoneClusterImpl-ecb232db-3c23-47bf-871f-23bcde51c85c/datanode-0/data/ratis] (custom)
2023-06-29 22:10:35,461 [48be0ea8-46a6-4e80-b936-879c72e065d6-groupManagement] INFO  server.RaftServerConfigKeys (ConfUtils.java:logGet(46)) - raft.server.log.corruption.policy = EXCEPTION (default)
2023-06-29 22:10:35,461 [48be0ea8-46a6-4e80-b936-879c72e065d6-groupManagement] INFO  server.RaftServerConfigKeys (ConfUtils.java:logGet(46)) - raft.server.storage.free-space.min = 0MB (=0) (default)
2023-06-29 22:10:35,461 [48be0ea8-46a6-4e80-b936-879c72e065d6-groupManagement] INFO  server.RaftServerConfigKeys (ConfUtils.java:logGet(46)) - raft.server.notification.no-leader.timeout = 300s (custom)
2023-06-29 22:10:35,461 [48be0ea8-46a6-4e80-b936-879c72e065d6-groupManagement] INFO  server.RaftServerConfigKeys (ConfUtils.java:logGet(46)) - raft.server.read.timeout = 10s (default)
2023-06-29 22:10:35,462 [48be0ea8-46a6-4e80-b936-879c72e065d6-groupManagement] INFO  server.RaftServerConfigKeys (ConfUtils.java:logGet(46)) - raft.server.retrycache.expirytime = 600000ms (custom)
2023-06-29 22:10:35,463 [48be0ea8-46a6-4e80-b936-879c72e065d6-groupManagement] INFO  server.RaftServerConfigKeys (ConfUtils.java:logGet(46)) - raft.server.retrycache.statistics.expirytime = 100μs (default)
2023-06-29 22:10:35,463 [48be0ea8-46a6-4e80-b936-879c72e065d6-groupManagement] INFO  server.RaftServerConfigKeys (ConfUtils.java:logGet(46)) - raft.server.read.option = DEFAULT (default)
2023-06-29 22:10:35,465 [48be0ea8-46a6-4e80-b936-879c72e065d6-groupManagement] INFO  server.RaftServerConfigKeys (ConfUtils.java:logGet(46)) - raft.server.rpc.request.timeout = 60s (custom)
2023-06-29 22:10:35,465 [48be0ea8-46a6-4e80-b936-879c72e065d6-groupManagement] INFO  server.RaftServerConfigKeys (ConfUtils.java:logGet(46)) - raft.server.log.appender.install.snapshot.enabled = false (custom)
2023-06-29 22:10:35,465 [48be0ea8-46a6-4e80-b936-879c72e065d6-groupManagement] INFO  server.RaftServerConfigKeys (ConfUtils.java:logGet(46)) - raft.server.threadpool.server.cached = true (default)
2023-06-29 22:10:35,465 [48be0ea8-46a6-4e80-b936-879c72e065d6-groupManagement] INFO  server.RaftServerConfigKeys (ConfUtils.java:logGet(46)) - raft.server.threadpool.server.size = 0 (default)
2023-06-29 22:10:35,465 [48be0ea8-46a6-4e80-b936-879c72e065d6-groupManagement] INFO  server.RaftServerConfigKeys (ConfUtils.java:logGet(46)) - raft.server.threadpool.client.cached = true (default)
2023-06-29 22:10:35,465 [48be0ea8-46a6-4e80-b936-879c72e065d6-groupManagement] INFO  server.RaftServerConfigKeys (ConfUtils.java:logGet(46)) - raft.server.threadpool.client.size = 0 (default)
2023-06-29 22:10:35,465 [48be0ea8-46a6-4e80-b936-879c72e065d6-groupManagement] INFO  storage.RaftStorageDirectory (RaftStorageDirectoryImpl.java:analyzeStorage(137)) - The storage directory /home/runner/work/ozone/ozone/hadoop-ozone/integration-test/target/test-dir/MiniOzoneClusterImpl-ecb232db-3c23-47bf-871f-23bcde51c85c/datanode-0/data/ratis/60c550eb-c91e-4f73-bcc1-53a4de1611ee does not exist. Creating ...
2023-06-29 22:10:35,467 [48be0ea8-46a6-4e80-b936-879c72e065d6-groupManagement] INFO  storage.RaftStorageDirectory (RaftStorageDirectoryImpl.java:tryLock(231)) - Lock on /home/runner/work/ozone/ozone/hadoop-ozone/integration-test/target/test-dir/MiniOzoneClusterImpl-ecb232db-3c23-47bf-871f-23bcde51c85c/datanode-0/data/ratis/60c550eb-c91e-4f73-bcc1-53a4de1611ee/in_use.lock acquired by nodename 7706@fv-az83-404
2023-06-29 22:10:35,469 [48be0ea8-46a6-4e80-b936-879c72e065d6-groupManagement] INFO  storage.RaftStorage (RaftStorageImpl.java:format(96)) - Storage directory /home/runner/work/ozone/ozone/hadoop-ozone/integration-test/target/test-dir/MiniOzoneClusterImpl-ecb232db-3c23-47bf-871f-23bcde51c85c/datanode-0/data/ratis/60c550eb-c91e-4f73-bcc1-53a4de1611ee has been successfully formatted.
2023-06-29 22:10:35,469 [48be0ea8-46a6-4e80-b936-879c72e065d6-groupManagement] INFO  ratis.ContainerStateMachine (ContainerStateMachine.java:loadSnapshot(262)) - group-53A4DE1611EE: The snapshot info is null. Setting the last applied indexto:(t:0, i:~)
2023-06-29 22:10:35,469 [48be0ea8-46a6-4e80-b936-879c72e065d6-groupManagement] INFO  server.RaftServerConfigKeys (ConfUtils.java:logGet(46)) - raft.server.log.use.memory = false (default)
2023-06-29 22:10:35,469 [48be0ea8-46a6-4e80-b936-879c72e065d6-groupManagement] INFO  server.RaftServerConfigKeys (ConfUtils.java:logGet(46)) - raft.server.log.purge.gap = 1000000 (custom)
2023-06-29 22:10:35,470 [48be0ea8-46a6-4e80-b936-879c72e065d6-groupManagement] INFO  server.RaftServerConfigKeys (ConfUtils.java:logGet(46)) - raft.server.log.appender.buffer.byte-limit = 33554432 (custom)
2023-06-29 22:10:35,470 [48be0ea8-46a6-4e80-b936-879c72e065d6-groupManagement] INFO  server.RaftServerConfigKeys (ConfUtils.java:logGet(46)) - raft.server.log.statemachine.data.read.timeout = 1000ms (default)
2023-06-29 22:10:35,470 [48be0ea8-46a6-4e80-b936-879c72e065d6-groupManagement] INFO  server.RaftServerConfigKeys (ConfUtils.java:logGet(46)) - raft.server.log.purge.preservation.log.num = 0 (default)
2023-06-29 22:10:35,470 [48be0ea8-46a6-4e80-b936-879c72e065d6-groupManagement] INFO  server.RaftServerConfigKeys (ConfUtils.java:logGet(46)) - raft.server.log.segment.size.max = 1048576 (custom)
2023-06-29 22:10:35,471 [EventQueue-OpenPipelineForHealthyPipelineSafeModeRule] INFO  safemode.SCMSafeModeManager (HealthyPipelineSafeModeRule.java:process(137)) - SCM in safe mode. Healthy pipelines reported count is 0, required healthy pipeline reported count is 1
2023-06-29 22:10:35,475 [48be0ea8-46a6-4e80-b936-879c72e065d6-groupManagement] INFO  server.RaftServerConfigKeys (ConfUtils.java:logGet(46)) - raft.server.log.segment.cache.num.max = 2 (custom)
2023-06-29 22:10:35,475 [48be0ea8-46a6-4e80-b936-879c72e065d6-groupManagement] INFO  server.RaftServerConfigKeys (ConfUtils.java:logGet(46)) - raft.server.log.segment.cache.size.max = 200MB (=209715200) (default)
2023-06-29 22:10:35,475 [48be0ea8-46a6-4e80-b936-879c72e065d6-groupManagement] INFO  server.RaftServerConfigKeys (ConfUtils.java:logGet(46)) - raft.server.log.appender.buffer.byte-limit = 33554432 (custom)
2023-06-29 22:10:35,475 [48be0ea8-46a6-4e80-b936-879c72e065d6-groupManagement] INFO  segmented.SegmentedRaftLogWorker (SegmentedRaftLogWorker.java:<init>(188)) - new 48be0ea8-46a6-4e80-b936-879c72e065d6@group-53A4DE1611EE-SegmentedRaftLogWorker for RaftStorageImpl:Storage Directory /home/runner/work/ozone/ozone/hadoop-ozone/integration-test/target/test-dir/MiniOzoneClusterImpl-ecb232db-3c23-47bf-871f-23bcde51c85c/datanode-0/data/ratis/60c550eb-c91e-4f73-bcc1-53a4de1611ee
2023-06-29 22:10:35,475 [48be0ea8-46a6-4e80-b936-879c72e065d6-groupManagement] INFO  server.RaftServerConfigKeys (ConfUtils.java:logGet(46)) - raft.server.log.queue.byte-limit = 4294967296 (custom)
2023-06-29 22:10:35,475 [48be0ea8-46a6-4e80-b936-879c72e065d6-groupManagement] INFO  server.RaftServerConfigKeys (ConfUtils.java:logGet(46)) - raft.server.log.queue.element-limit = 1024 (custom)
2023-06-29 22:10:35,475 [48be0ea8-46a6-4e80-b936-879c72e065d6-groupManagement] INFO  server.RaftServerConfigKeys (ConfUtils.java:logGet(46)) - raft.server.log.segment.size.max = 1048576 (custom)
2023-06-29 22:10:35,475 [48be0ea8-46a6-4e80-b936-879c72e065d6-groupManagement] INFO  server.RaftServerConfigKeys (ConfUtils.java:logGet(46)) - raft.server.log.preallocated.size = 16384 (custom)
2023-06-29 22:10:35,475 [48be0ea8-46a6-4e80-b936-879c72e065d6-groupManagement] INFO  server.RaftServerConfigKeys (ConfUtils.java:logGet(46)) - raft.server.log.force.sync.num = 128 (default)
2023-06-29 22:10:35,475 [48be0ea8-46a6-4e80-b936-879c72e065d6-groupManagement] INFO  server.RaftServerConfigKeys (ConfUtils.java:logGet(46)) - raft.server.log.statemachine.data.sync = true (default)
2023-06-29 22:10:35,475 [48be0ea8-46a6-4e80-b936-879c72e065d6-groupManagement] INFO  server.RaftServerConfigKeys (ConfUtils.java:logGet(46)) - raft.server.log.statemachine.data.sync.timeout = 10s (default)
2023-06-29 22:10:35,475 [48be0ea8-46a6-4e80-b936-879c72e065d6-groupManagement] INFO  server.RaftServerConfigKeys (ConfUtils.java:logGet(46)) - raft.server.log.statemachine.data.sync.timeout.retry = -1 (default)
2023-06-29 22:10:35,476 [48be0ea8-46a6-4e80-b936-879c72e065d6-groupManagement] INFO  server.RaftServerConfigKeys (ConfUtils.java:logGet(46)) - raft.server.log.write.buffer.size = 1048576 (custom)
2023-06-29 22:10:35,477 [48be0ea8-46a6-4e80-b936-879c72e065d6-groupManagement] INFO  server.RaftServerConfigKeys (ConfUtils.java:logGet(46)) - raft.server.log.appender.buffer.byte-limit = 33554432 (custom)
2023-06-29 22:10:35,483 [48be0ea8-46a6-4e80-b936-879c72e065d6-groupManagement] INFO  server.RaftServerConfigKeys (ConfUtils.java:logGet(46)) - raft.server.log.unsafe-flush.enabled = false (default)
2023-06-29 22:10:35,483 [48be0ea8-46a6-4e80-b936-879c72e065d6-groupManagement] INFO  server.RaftServerConfigKeys (ConfUtils.java:logGet(46)) - raft.server.log.async-flush.enabled = false (default)
2023-06-29 22:10:35,483 [48be0ea8-46a6-4e80-b936-879c72e065d6-groupManagement] INFO  server.RaftServerConfigKeys (ConfUtils.java:logGet(46)) - raft.server.log.statemachine.data.caching.enabled = true (custom)
2023-06-29 22:10:35,483 [48be0ea8-46a6-4e80-b936-879c72e065d6-groupManagement] INFO  segmented.SegmentedRaftLogWorker (SegmentedRaftLogWorker.java:lambda$new$0(135)) - 48be0ea8-46a6-4e80-b936-879c72e065d6@group-53A4DE1611EE-SegmentedRaftLogWorker: flushIndex: setUnconditionally 0 -> -1
2023-06-29 22:10:35,483 [48be0ea8-46a6-4e80-b936-879c72e065d6-groupManagement] INFO  segmented.SegmentedRaftLogWorker (SegmentedRaftLogWorker.java:lambda$new$0(135)) - 48be0ea8-46a6-4e80-b936-879c72e065d6@group-53A4DE1611EE-SegmentedRaftLogWorker: safeCacheEvictIndex: setUnconditionally 0 -> -1
2023-06-29 22:10:35,487 [48be0ea8-46a6-4e80-b936-879c72e065d6-groupManagement] INFO  server.RaftServer$Division (RaftServerImpl.java:start(342)) - 48be0ea8-46a6-4e80-b936-879c72e065d6@group-53A4DE1611EE: start as a follower, conf=-1: peers:[fe774388-89b0-43a1-8132-3e981ddd9c14|rpc:10.1.0.248:15023|admin:10.1.0.248:15022|client:10.1.0.248:15021|dataStream:10.1.0.248:15024|priority:0|startupRole:FOLLOWER, d2cb3656-736c-45ed-9177-765defc8baa4|rpc:10.1.0.248:15032|admin:10.1.0.248:15031|client:10.1.0.248:15030|dataStream:10.1.0.248:15033|priority:0|startupRole:FOLLOWER, 48be0ea8-46a6-4e80-b936-879c72e065d6|rpc:10.1.0.248:15014|admin:10.1.0.248:15013|client:10.1.0.248:15012|dataStream:10.1.0.248:15015|priority:1|startupRole:FOLLOWER]|listeners:[], old=null
2023-06-29 22:10:35,498 [48be0ea8-46a6-4e80-b936-879c72e065d6-groupManagement] INFO  server.RaftServer$Division (RaftServerImpl.java:setRole(329)) - 48be0ea8-46a6-4e80-b936-879c72e065d6@group-53A4DE1611EE: changes role from      null to FOLLOWER at term 0 for startAsFollower
2023-06-29 22:10:35,498 [48be0ea8-46a6-4e80-b936-879c72e065d6-groupManagement] INFO  impl.RoleInfo (RoleInfo.java:updateAndGet(139)) - 48be0ea8-46a6-4e80-b936-879c72e065d6: start 48be0ea8-46a6-4e80-b936-879c72e065d6@group-53A4DE1611EE-FollowerState
2023-06-29 22:10:35,499 [PipelineCommandHandlerThread-0] INFO  commandhandler.CreatePipelineCommandHandler (CreatePipelineCommandHandler.java:lambda$handle$2(124)) - Created Pipeline RATIS THREE PipelineID=d220e5b9-ae7c-41b7-8547-aa8e299d83d3.
2023-06-29 22:10:35,505 [48be0ea8-46a6-4e80-b936-879c72e065d6-groupManagement] INFO  util.JmxRegister (JmxRegister.java:tryRegister(44)) - Successfully registered JMX Bean with object name Ratis:service=RaftServer,group=group-53A4DE1611EE,id=48be0ea8-46a6-4e80-b936-879c72e065d6
2023-06-29 22:10:35,505 [48be0ea8-46a6-4e80-b936-879c72e065d6-groupManagement] INFO  server.RaftServerConfigKeys (ConfUtils.java:logGet(46)) - raft.server.snapshot.auto.trigger.enabled = true (custom)
2023-06-29 22:10:35,505 [48be0ea8-46a6-4e80-b936-879c72e065d6-groupManagement] INFO  server.RaftServerConfigKeys (ConfUtils.java:logGet(46)) - raft.server.snapshot.auto.trigger.threshold = 10000 (custom)
2023-06-29 22:10:35,505 [PipelineCommandHandlerThread-0] INFO  server.RaftServer (RaftServerProxy.java:addNew(98)) - fe774388-89b0-43a1-8132-3e981ddd9c14: addNew group-53A4DE1611EE:[fe774388-89b0-43a1-8132-3e981ddd9c14|rpc:10.1.0.248:15023|admin:10.1.0.248:15022|client:10.1.0.248:15021|dataStream:10.1.0.248:15024|priority:0|startupRole:FOLLOWER, d2cb3656-736c-45ed-9177-765defc8baa4|rpc:10.1.0.248:15032|admin:10.1.0.248:15031|client:10.1.0.248:15030|dataStream:10.1.0.248:15033|priority:0|startupRole:FOLLOWER, 48be0ea8-46a6-4e80-b936-879c72e065d6|rpc:10.1.0.248:15014|admin:10.1.0.248:15013|client:10.1.0.248:15012|dataStream:10.1.0.248:15015|priority:1|startupRole:FOLLOWER] returns group-53A4DE1611EE:java.util.concurrent.CompletableFuture@439f9466[Not completed]
2023-06-29 22:10:35,506 [48be0ea8-46a6-4e80-b936-879c72e065d6@group-53A4DE1611EE-FollowerState] INFO  server.RaftServerConfigKeys (ConfUtils.java:logFallback(53)) - raft.server.rpc.first-election.timeout.min = 5s (fallback to raft.server.rpc.timeout.min)
2023-06-29 22:10:35,506 [48be0ea8-46a6-4e80-b936-879c72e065d6@group-53A4DE1611EE-FollowerState] INFO  server.RaftServerConfigKeys (ConfUtils.java:logFallback(53)) - raft.server.rpc.first-election.timeout.max = 5200ms (fallback to raft.server.rpc.timeout.max)
2023-06-29 22:10:35,506 [48be0ea8-46a6-4e80-b936-879c72e065d6-groupManagement] INFO  server.RaftServerConfigKeys (ConfUtils.java:logGet(46)) - raft.server.snapshot.retention.file.num = 5 (custom)
2023-06-29 22:10:35,507 [fe774388-89b0-43a1-8132-3e981ddd9c14-groupManagement] INFO  server.RaftServer$Division (RaftServerImpl.java:<init>(198)) - fe774388-89b0-43a1-8132-3e981ddd9c14: new RaftServerImpl for group-53A4DE1611EE:[fe774388-89b0-43a1-8132-3e981ddd9c14|rpc:10.1.0.248:15023|admin:10.1.0.248:15022|client:10.1.0.248:15021|dataStream:10.1.0.248:15024|priority:0|startupRole:FOLLOWER, d2cb3656-736c-45ed-9177-765defc8baa4|rpc:10.1.0.248:15032|admin:10.1.0.248:15031|client:10.1.0.248:15030|dataStream:10.1.0.248:15033|priority:0|startupRole:FOLLOWER, 48be0ea8-46a6-4e80-b936-879c72e065d6|rpc:10.1.0.248:15014|admin:10.1.0.248:15013|client:10.1.0.248:15012|dataStream:10.1.0.248:15015|priority:1|startupRole:FOLLOWER] with ContainerStateMachine:uninitialized
2023-06-29 22:10:35,508 [fe774388-89b0-43a1-8132-3e981ddd9c14-groupManagement] INFO  server.RaftServerConfigKeys (ConfUtils.java:logGet(46)) - raft.server.rpc.timeout.min = 5s (custom)
2023-06-29 22:10:35,508 [fe774388-89b0-43a1-8132-3e981ddd9c14-groupManagement] INFO  server.RaftServerConfigKeys (ConfUtils.java:logGet(46)) - raft.server.rpc.timeout.max = 5200ms (custom)
2023-06-29 22:10:35,508 [fe774388-89b0-43a1-8132-3e981ddd9c14-groupManagement] INFO  server.RaftServerConfigKeys (ConfUtils.java:logGet(46)) - raft.server.rpc.sleep.time = 25ms (default)
2023-06-29 22:10:35,508 [fe774388-89b0-43a1-8132-3e981ddd9c14-groupManagement] INFO  server.RaftServerConfigKeys (ConfUtils.java:logGet(46)) - raft.server.rpc.slowness.timeout = 300s (custom)
2023-06-29 22:10:35,508 [fe774388-89b0-43a1-8132-3e981ddd9c14-groupManagement] INFO  server.RaftServerConfigKeys (ConfUtils.java:logGet(46)) - raft.server.leaderelection.leader.step-down.wait-time = 10s (default)
2023-06-29 22:10:35,508 [fe774388-89b0-43a1-8132-3e981ddd9c14-groupManagement] INFO  server.RaftServerConfigKeys (ConfUtils.java:logGet(46)) - raft.server.sleep.deviation.threshold = 300ms (default)
2023-06-29 22:10:35,508 [fe774388-89b0-43a1-8132-3e981ddd9c14-groupManagement] INFO  server.RaftServer$Division (ServerState.java:<init>(120)) - fe774388-89b0-43a1-8132-3e981ddd9c14@group-53A4DE1611EE: ConfigurationManager, init=-1: peers:[fe774388-89b0-43a1-8132-3e981ddd9c14|rpc:10.1.0.248:15023|admin:10.1.0.248:15022|client:10.1.0.248:15021|dataStream:10.1.0.248:15024|priority:0|startupRole:FOLLOWER, d2cb3656-736c-45ed-9177-765defc8baa4|rpc:10.1.0.248:15032|admin:10.1.0.248:15031|client:10.1.0.248:15030|dataStream:10.1.0.248:15033|priority:0|startupRole:FOLLOWER, 48be0ea8-46a6-4e80-b936-879c72e065d6|rpc:10.1.0.248:15014|admin:10.1.0.248:15013|client:10.1.0.248:15012|dataStream:10.1.0.248:15015|priority:1|startupRole:FOLLOWER]|listeners:[], old=null, confs=<EMPTY_MAP>
2023-06-29 22:10:35,508 [fe774388-89b0-43a1-8132-3e981ddd9c14-groupManagement] INFO  server.RaftServerConfigKeys (ConfUtils.java:logGet(46)) - raft.server.storage.dir = [/home/runner/work/ozone/ozone/hadoop-ozone/integration-test/target/test-dir/MiniOzoneClusterImpl-ecb232db-3c23-47bf-871f-23bcde51c85c/datanode-1/data/ratis] (custom)
2023-06-29 22:10:35,508 [fe774388-89b0-43a1-8132-3e981ddd9c14-groupManagement] INFO  server.RaftServerConfigKeys (ConfUtils.java:logGet(46)) - raft.server.log.corruption.policy = EXCEPTION (default)
2023-06-29 22:10:35,508 [fe774388-89b0-43a1-8132-3e981ddd9c14-groupManagement] INFO  server.RaftServerConfigKeys (ConfUtils.java:logGet(46)) - raft.server.storage.free-space.min = 0MB (=0) (default)
2023-06-29 22:10:35,508 [fe774388-89b0-43a1-8132-3e981ddd9c14-groupManagement] INFO  server.RaftServerConfigKeys (ConfUtils.java:logGet(46)) - raft.server.notification.no-leader.timeout = 300s (custom)
2023-06-29 22:10:35,508 [fe774388-89b0-43a1-8132-3e981ddd9c14-groupManagement] INFO  server.RaftServerConfigKeys (ConfUtils.java:logGet(46)) - raft.server.read.timeout = 10s (default)
2023-06-29 22:10:35,508 [fe774388-89b0-43a1-8132-3e981ddd9c14-groupManagement] INFO  server.RaftServerConfigKeys (ConfUtils.java:logGet(46)) - raft.server.retrycache.expirytime = 600000ms (custom)
2023-06-29 22:10:35,508 [fe774388-89b0-43a1-8132-3e981ddd9c14-groupManagement] INFO  server.RaftServerConfigKeys (ConfUtils.java:logGet(46)) - raft.server.retrycache.statistics.expirytime = 100μs (default)
2023-06-29 22:10:35,508 [fe774388-89b0-43a1-8132-3e981ddd9c14-groupManagement] INFO  server.RaftServerConfigKeys (ConfUtils.java:logGet(46)) - raft.server.read.option = DEFAULT (default)
2023-06-29 22:10:35,509 [48be0ea8-46a6-4e80-b936-879c72e065d6-groupManagement] INFO  server.RaftServerConfigKeys (ConfUtils.java:logGet(46)) - raft.server.log.purge.upto.snapshot.index = false (default)
2023-06-29 22:10:35,509 [fe774388-89b0-43a1-8132-3e981ddd9c14-groupManagement] INFO  server.RaftServerConfigKeys (ConfUtils.java:logGet(46)) - raft.server.rpc.request.timeout = 60s (custom)
2023-06-29 22:10:35,511 [fe774388-89b0-43a1-8132-3e981ddd9c14-groupManagement] INFO  server.RaftServerConfigKeys (ConfUtils.java:logGet(46)) - raft.server.log.appender.install.snapshot.enabled = false (custom)
2023-06-29 22:10:35,511 [fe774388-89b0-43a1-8132-3e981ddd9c14-groupManagement] INFO  server.RaftServerConfigKeys (ConfUtils.java:logGet(46)) - raft.server.threadpool.server.cached = true (default)
2023-06-29 22:10:35,511 [fe774388-89b0-43a1-8132-3e981ddd9c14-groupManagement] INFO  server.RaftServerConfigKeys (ConfUtils.java:logGet(46)) - raft.server.threadpool.server.size = 0 (default)
2023-06-29 22:10:35,511 [fe774388-89b0-43a1-8132-3e981ddd9c14-groupManagement] INFO  server.RaftServerConfigKeys (ConfUtils.java:logGet(46)) - raft.server.threadpool.client.cached = true (default)
2023-06-29 22:10:35,511 [fe774388-89b0-43a1-8132-3e981ddd9c14-groupManagement] INFO  server.RaftServerConfigKeys (ConfUtils.java:logGet(46)) - raft.server.threadpool.client.size = 0 (default)
2023-06-29 22:10:35,511 [fe774388-89b0-43a1-8132-3e981ddd9c14-groupManagement] INFO  storage.RaftStorageDirectory (RaftStorageDirectoryImpl.java:analyzeStorage(137)) - The storage directory /home/runner/work/ozone/ozone/hadoop-ozone/integration-test/target/test-dir/MiniOzoneClusterImpl-ecb232db-3c23-47bf-871f-23bcde51c85c/datanode-1/data/ratis/60c550eb-c91e-4f73-bcc1-53a4de1611ee does not exist. Creating ...
2023-06-29 22:10:35,513 [fe774388-89b0-43a1-8132-3e981ddd9c14-groupManagement] INFO  storage.RaftStorageDirectory (RaftStorageDirectoryImpl.java:tryLock(231)) - Lock on /home/runner/work/ozone/ozone/hadoop-ozone/integration-test/target/test-dir/MiniOzoneClusterImpl-ecb232db-3c23-47bf-871f-23bcde51c85c/datanode-1/data/ratis/60c550eb-c91e-4f73-bcc1-53a4de1611ee/in_use.lock acquired by nodename 7706@fv-az83-404
2023-06-29 22:10:35,514 [fe774388-89b0-43a1-8132-3e981ddd9c14-groupManagement] INFO  storage.RaftStorage (RaftStorageImpl.java:format(96)) - Storage directory /home/runner/work/ozone/ozone/hadoop-ozone/integration-test/target/test-dir/MiniOzoneClusterImpl-ecb232db-3c23-47bf-871f-23bcde51c85c/datanode-1/data/ratis/60c550eb-c91e-4f73-bcc1-53a4de1611ee has been successfully formatted.
2023-06-29 22:10:35,517 [fe774388-89b0-43a1-8132-3e981ddd9c14-groupManagement] INFO  ratis.ContainerStateMachine (ContainerStateMachine.java:loadSnapshot(262)) - group-53A4DE1611EE: The snapshot info is null. Setting the last applied indexto:(t:0, i:~)
2023-06-29 22:10:35,517 [fe774388-89b0-43a1-8132-3e981ddd9c14-groupManagement] INFO  server.RaftServerConfigKeys (ConfUtils.java:logGet(46)) - raft.server.log.use.memory = false (default)
2023-06-29 22:10:35,517 [fe774388-89b0-43a1-8132-3e981ddd9c14-groupManagement] INFO  server.RaftServerConfigKeys (ConfUtils.java:logGet(46)) - raft.server.log.purge.gap = 1000000 (custom)
2023-06-29 22:10:35,517 [fe774388-89b0-43a1-8132-3e981ddd9c14-groupManagement] INFO  server.RaftServerConfigKeys (ConfUtils.java:logGet(46)) - raft.server.log.appender.buffer.byte-limit = 33554432 (custom)
2023-06-29 22:10:35,517 [fe774388-89b0-43a1-8132-3e981ddd9c14-groupManagement] INFO  server.RaftServerConfigKeys (ConfUtils.java:logGet(46)) - raft.server.log.statemachine.data.read.timeout = 1000ms (default)
2023-06-29 22:10:35,517 [fe774388-89b0-43a1-8132-3e981ddd9c14-groupManagement] INFO  server.RaftServerConfigKeys (ConfUtils.java:logGet(46)) - raft.server.log.purge.preservation.log.num = 0 (default)
2023-06-29 22:10:35,517 [fe774388-89b0-43a1-8132-3e981ddd9c14-groupManagement] INFO  server.RaftServerConfigKeys (ConfUtils.java:logGet(46)) - raft.server.log.segment.size.max = 1048576 (custom)
2023-06-29 22:10:35,518 [fe774388-89b0-43a1-8132-3e981ddd9c14-groupManagement] INFO  server.RaftServerConfigKeys (ConfUtils.java:logGet(46)) - raft.server.log.segment.cache.num.max = 2 (custom)
2023-06-29 22:10:35,518 [fe774388-89b0-43a1-8132-3e981ddd9c14-groupManagement] INFO  server.RaftServerConfigKeys (ConfUtils.java:logGet(46)) - raft.server.log.segment.cache.size.max = 200MB (=209715200) (default)
2023-06-29 22:10:35,518 [fe774388-89b0-43a1-8132-3e981ddd9c14-groupManagement] INFO  server.RaftServerConfigKeys (ConfUtils.java:logGet(46)) - raft.server.log.appender.buffer.byte-limit = 33554432 (custom)
2023-06-29 22:10:35,518 [fe774388-89b0-43a1-8132-3e981ddd9c14-groupManagement] INFO  segmented.SegmentedRaftLogWorker (SegmentedRaftLogWorker.java:<init>(188)) - new fe774388-89b0-43a1-8132-3e981ddd9c14@group-53A4DE1611EE-SegmentedRaftLogWorker for RaftStorageImpl:Storage Directory /home/runner/work/ozone/ozone/hadoop-ozone/integration-test/target/test-dir/MiniOzoneClusterImpl-ecb232db-3c23-47bf-871f-23bcde51c85c/datanode-1/data/ratis/60c550eb-c91e-4f73-bcc1-53a4de1611ee
2023-06-29 22:10:35,518 [fe774388-89b0-43a1-8132-3e981ddd9c14-groupManagement] INFO  server.RaftServerConfigKeys (ConfUtils.java:logGet(46)) - raft.server.log.queue.byte-limit = 4294967296 (custom)
2023-06-29 22:10:35,518 [fe774388-89b0-43a1-8132-3e981ddd9c14-groupManagement] INFO  server.RaftServerConfigKeys (ConfUtils.java:logGet(46)) - raft.server.log.queue.element-limit = 1024 (custom)
2023-06-29 22:10:35,518 [fe774388-89b0-43a1-8132-3e981ddd9c14-groupManagement] INFO  server.RaftServerConfigKeys (ConfUtils.java:logGet(46)) - raft.server.log.segment.size.max = 1048576 (custom)
2023-06-29 22:10:35,518 [fe774388-89b0-43a1-8132-3e981ddd9c14-groupManagement] INFO  server.RaftServerConfigKeys (ConfUtils.java:logGet(46)) - raft.server.log.preallocated.size = 16384 (custom)
2023-06-29 22:10:35,518 [fe774388-89b0-43a1-8132-3e981ddd9c14-groupManagement] INFO  server.RaftServerConfigKeys (ConfUtils.java:logGet(46)) - raft.server.log.force.sync.num = 128 (default)
2023-06-29 22:10:35,518 [fe774388-89b0-43a1-8132-3e981ddd9c14-groupManagement] INFO  server.RaftServerConfigKeys (ConfUtils.java:logGet(46)) - raft.server.log.statemachine.data.sync = true (default)
2023-06-29 22:10:35,518 [fe774388-89b0-43a1-8132-3e981ddd9c14-groupManagement] INFO  server.RaftServerConfigKeys (ConfUtils.java:logGet(46)) - raft.server.log.statemachine.data.sync.timeout = 10s (default)
2023-06-29 22:10:35,518 [fe774388-89b0-43a1-8132-3e981ddd9c14-groupManagement] INFO  server.RaftServerConfigKeys (ConfUtils.java:logGet(46)) - raft.server.log.statemachine.data.sync.timeout.retry = -1 (default)
2023-06-29 22:10:35,519 [fe774388-89b0-43a1-8132-3e981ddd9c14-groupManagement] INFO  server.RaftServerConfigKeys (ConfUtils.java:logGet(46)) - raft.server.log.write.buffer.size = 1048576 (custom)
2023-06-29 22:10:35,519 [fe774388-89b0-43a1-8132-3e981ddd9c14-groupManagement] INFO  server.RaftServerConfigKeys (ConfUtils.java:logGet(46)) - raft.server.log.appender.buffer.byte-limit = 33554432 (custom)
2023-06-29 22:10:35,521 [PipelineCommandHandlerThread-0] INFO  ratis.XceiverServerRatis (XceiverServerRatis.java:addGroup(804)) - Created group PipelineID=60c550eb-c91e-4f73-bcc1-53a4de1611ee
2023-06-29 22:10:35,528 [EventQueue-OpenPipelineForHealthyPipelineSafeModeRule] INFO  safemode.SCMSafeModeManager (HealthyPipelineSafeModeRule.java:process(137)) - SCM in safe mode. Healthy pipelines reported count is 0, required healthy pipeline reported count is 1
2023-06-29 22:10:35,529 [fe774388-89b0-43a1-8132-3e981ddd9c14-groupManagement] INFO  server.RaftServerConfigKeys (ConfUtils.java:logGet(46)) - raft.server.log.unsafe-flush.enabled = false (default)
2023-06-29 22:10:35,529 [fe774388-89b0-43a1-8132-3e981ddd9c14-groupManagement] INFO  server.RaftServerConfigKeys (ConfUtils.java:logGet(46)) - raft.server.log.async-flush.enabled = false (default)
2023-06-29 22:10:35,529 [fe774388-89b0-43a1-8132-3e981ddd9c14-groupManagement] INFO  server.RaftServerConfigKeys (ConfUtils.java:logGet(46)) - raft.server.log.statemachine.data.caching.enabled = true (custom)
2023-06-29 22:10:35,529 [fe774388-89b0-43a1-8132-3e981ddd9c14-groupManagement] INFO  segmented.SegmentedRaftLogWorker (SegmentedRaftLogWorker.java:lambda$new$0(135)) - fe774388-89b0-43a1-8132-3e981ddd9c14@group-53A4DE1611EE-SegmentedRaftLogWorker: flushIndex: setUnconditionally 0 -> -1
2023-06-29 22:10:35,529 [fe774388-89b0-43a1-8132-3e981ddd9c14-groupManagement] INFO  segmented.SegmentedRaftLogWorker (SegmentedRaftLogWorker.java:lambda$new$0(135)) - fe774388-89b0-43a1-8132-3e981ddd9c14@group-53A4DE1611EE-SegmentedRaftLogWorker: safeCacheEvictIndex: setUnconditionally 0 -> -1
2023-06-29 22:10:35,529 [fe774388-89b0-43a1-8132-3e981ddd9c14-groupManagement] INFO  server.RaftServer$Division (RaftServerImpl.java:start(342)) - fe774388-89b0-43a1-8132-3e981ddd9c14@group-53A4DE1611EE: start as a follower, conf=-1: peers:[fe774388-89b0-43a1-8132-3e981ddd9c14|rpc:10.1.0.248:15023|admin:10.1.0.248:15022|client:10.1.0.248:15021|dataStream:10.1.0.248:15024|priority:0|startupRole:FOLLOWER, d2cb3656-736c-45ed-9177-765defc8baa4|rpc:10.1.0.248:15032|admin:10.1.0.248:15031|client:10.1.0.248:15030|dataStream:10.1.0.248:15033|priority:0|startupRole:FOLLOWER, 48be0ea8-46a6-4e80-b936-879c72e065d6|rpc:10.1.0.248:15014|admin:10.1.0.248:15013|client:10.1.0.248:15012|dataStream:10.1.0.248:15015|priority:1|startupRole:FOLLOWER]|listeners:[], old=null
2023-06-29 22:10:35,529 [fe774388-89b0-43a1-8132-3e981ddd9c14-groupManagement] INFO  server.RaftServer$Division (RaftServerImpl.java:setRole(329)) - fe774388-89b0-43a1-8132-3e981ddd9c14@group-53A4DE1611EE: changes role from      null to FOLLOWER at term 0 for startAsFollower
2023-06-29 22:10:35,530 [fe774388-89b0-43a1-8132-3e981ddd9c14-groupManagement] INFO  impl.RoleInfo (RoleInfo.java:updateAndGet(139)) - fe774388-89b0-43a1-8132-3e981ddd9c14: start fe774388-89b0-43a1-8132-3e981ddd9c14@group-53A4DE1611EE-FollowerState
2023-06-29 22:10:35,530 [fe774388-89b0-43a1-8132-3e981ddd9c14-groupManagement] INFO  util.JmxRegister (JmxRegister.java:tryRegister(44)) - Successfully registered JMX Bean with object name Ratis:service=RaftServer,group=group-53A4DE1611EE,id=fe774388-89b0-43a1-8132-3e981ddd9c14
2023-06-29 22:10:35,530 [fe774388-89b0-43a1-8132-3e981ddd9c14-groupManagement] INFO  server.RaftServerConfigKeys (ConfUtils.java:logGet(46)) - raft.server.snapshot.auto.trigger.enabled = true (custom)
2023-06-29 22:10:35,530 [fe774388-89b0-43a1-8132-3e981ddd9c14-groupManagement] INFO  server.RaftServerConfigKeys (ConfUtils.java:logGet(46)) - raft.server.snapshot.auto.trigger.threshold = 10000 (custom)
2023-06-29 22:10:35,530 [fe774388-89b0-43a1-8132-3e981ddd9c14-groupManagement] INFO  server.RaftServerConfigKeys (ConfUtils.java:logGet(46)) - raft.server.snapshot.retention.file.num = 5 (custom)
2023-06-29 22:10:35,530 [fe774388-89b0-43a1-8132-3e981ddd9c14-groupManagement] INFO  server.RaftServerConfigKeys (ConfUtils.java:logGet(46)) - raft.server.log.purge.upto.snapshot.index = false (default)
2023-06-29 22:10:35,531 [fe774388-89b0-43a1-8132-3e981ddd9c14@group-53A4DE1611EE-FollowerState] INFO  server.RaftServerConfigKeys (ConfUtils.java:logFallback(53)) - raft.server.rpc.first-election.timeout.min = 5s (fallback to raft.server.rpc.timeout.min)
2023-06-29 22:10:35,531 [PipelineCommandHandlerThread-0] INFO  ratis.XceiverServerRatis (XceiverServerRatis.java:addGroup(804)) - Created group PipelineID=60c550eb-c91e-4f73-bcc1-53a4de1611ee
2023-06-29 22:10:35,538 [fe774388-89b0-43a1-8132-3e981ddd9c14@group-53A4DE1611EE-FollowerState] INFO  server.RaftServerConfigKeys (ConfUtils.java:logFallback(53)) - raft.server.rpc.first-election.timeout.max = 5200ms (fallback to raft.server.rpc.timeout.max)
2023-06-29 22:10:35,604 [grpc-default-executor-1] INFO  server.RaftServer (RaftServerProxy.java:addNew(98)) - d2cb3656-736c-45ed-9177-765defc8baa4: addNew group-53A4DE1611EE:[fe774388-89b0-43a1-8132-3e981ddd9c14|rpc:10.1.0.248:15023|admin:10.1.0.248:15022|client:10.1.0.248:15021|dataStream:10.1.0.248:15024|priority:0|startupRole:FOLLOWER, d2cb3656-736c-45ed-9177-765defc8baa4|rpc:10.1.0.248:15032|admin:10.1.0.248:15031|client:10.1.0.248:15030|dataStream:10.1.0.248:15033|priority:0|startupRole:FOLLOWER, 48be0ea8-46a6-4e80-b936-879c72e065d6|rpc:10.1.0.248:15014|admin:10.1.0.248:15013|client:10.1.0.248:15012|dataStream:10.1.0.248:15015|priority:1|startupRole:FOLLOWER] returns group-53A4DE1611EE:java.util.concurrent.CompletableFuture@66244c09[Not completed]
2023-06-29 22:10:35,605 [d2cb3656-736c-45ed-9177-765defc8baa4-groupManagement] INFO  server.RaftServer$Division (RaftServerImpl.java:<init>(198)) - d2cb3656-736c-45ed-9177-765defc8baa4: new RaftServerImpl for group-53A4DE1611EE:[fe774388-89b0-43a1-8132-3e981ddd9c14|rpc:10.1.0.248:15023|admin:10.1.0.248:15022|client:10.1.0.248:15021|dataStream:10.1.0.248:15024|priority:0|startupRole:FOLLOWER, d2cb3656-736c-45ed-9177-765defc8baa4|rpc:10.1.0.248:15032|admin:10.1.0.248:15031|client:10.1.0.248:15030|dataStream:10.1.0.248:15033|priority:0|startupRole:FOLLOWER, 48be0ea8-46a6-4e80-b936-879c72e065d6|rpc:10.1.0.248:15014|admin:10.1.0.248:15013|client:10.1.0.248:15012|dataStream:10.1.0.248:15015|priority:1|startupRole:FOLLOWER] with ContainerStateMachine:uninitialized
2023-06-29 22:10:35,605 [d2cb3656-736c-45ed-9177-765defc8baa4-groupManagement] INFO  server.RaftServerConfigKeys (ConfUtils.java:logGet(46)) - raft.server.rpc.timeout.min = 5s (custom)
2023-06-29 22:10:35,606 [d2cb3656-736c-45ed-9177-765defc8baa4-groupManagement] INFO  server.RaftServerConfigKeys (ConfUtils.java:logGet(46)) - raft.server.rpc.timeout.max = 5200ms (custom)
2023-06-29 22:10:35,606 [d2cb3656-736c-45ed-9177-765defc8baa4-groupManagement] INFO  server.RaftServerConfigKeys (ConfUtils.java:logGet(46)) - raft.server.rpc.sleep.time = 25ms (default)
2023-06-29 22:10:35,606 [d2cb3656-736c-45ed-9177-765defc8baa4-groupManagement] INFO  server.RaftServerConfigKeys (ConfUtils.java:logGet(46)) - raft.server.rpc.slowness.timeout = 300s (custom)
2023-06-29 22:10:35,606 [d2cb3656-736c-45ed-9177-765defc8baa4-groupManagement] INFO  server.RaftServerConfigKeys (ConfUtils.java:logGet(46)) - raft.server.leaderelection.leader.step-down.wait-time = 10s (default)
2023-06-29 22:10:35,606 [d2cb3656-736c-45ed-9177-765defc8baa4-groupManagement] INFO  server.RaftServerConfigKeys (ConfUtils.java:logGet(46)) - raft.server.sleep.deviation.threshold = 300ms (default)
2023-06-29 22:10:35,606 [d2cb3656-736c-45ed-9177-765defc8baa4-groupManagement] INFO  server.RaftServer$Division (ServerState.java:<init>(120)) - d2cb3656-736c-45ed-9177-765defc8baa4@group-53A4DE1611EE: ConfigurationManager, init=-1: peers:[fe774388-89b0-43a1-8132-3e981ddd9c14|rpc:10.1.0.248:15023|admin:10.1.0.248:15022|client:10.1.0.248:15021|dataStream:10.1.0.248:15024|priority:0|startupRole:FOLLOWER, d2cb3656-736c-45ed-9177-765defc8baa4|rpc:10.1.0.248:15032|admin:10.1.0.248:15031|client:10.1.0.248:15030|dataStream:10.1.0.248:15033|priority:0|startupRole:FOLLOWER, 48be0ea8-46a6-4e80-b936-879c72e065d6|rpc:10.1.0.248:15014|admin:10.1.0.248:15013|client:10.1.0.248:15012|dataStream:10.1.0.248:15015|priority:1|startupRole:FOLLOWER]|listeners:[], old=null, confs=<EMPTY_MAP>
2023-06-29 22:10:35,606 [d2cb3656-736c-45ed-9177-765defc8baa4-groupManagement] INFO  server.RaftServerConfigKeys (ConfUtils.java:logGet(46)) - raft.server.storage.dir = [/home/runner/work/ozone/ozone/hadoop-ozone/integration-test/target/test-dir/MiniOzoneClusterImpl-ecb232db-3c23-47bf-871f-23bcde51c85c/datanode-2/data/ratis] (custom)
2023-06-29 22:10:35,606 [d2cb3656-736c-45ed-9177-765defc8baa4-groupManagement] INFO  server.RaftServerConfigKeys (ConfUtils.java:logGet(46)) - raft.server.log.corruption.policy = EXCEPTION (default)
2023-06-29 22:10:35,606 [d2cb3656-736c-45ed-9177-765defc8baa4-groupManagement] INFO  server.RaftServerConfigKeys (ConfUtils.java:logGet(46)) - raft.server.storage.free-space.min = 0MB (=0) (default)
2023-06-29 22:10:35,606 [d2cb3656-736c-45ed-9177-765defc8baa4-groupManagement] INFO  server.RaftServerConfigKeys (ConfUtils.java:logGet(46)) - raft.server.notification.no-leader.timeout = 300s (custom)
2023-06-29 22:10:35,606 [d2cb3656-736c-45ed-9177-765defc8baa4-groupManagement] INFO  server.RaftServerConfigKeys (ConfUtils.java:logGet(46)) - raft.server.read.timeout = 10s (default)
2023-06-29 22:10:35,606 [d2cb3656-736c-45ed-9177-765defc8baa4-groupManagement] INFO  server.RaftServerConfigKeys (ConfUtils.java:logGet(46)) - raft.server.retrycache.expirytime = 600000ms (custom)
2023-06-29 22:10:35,606 [d2cb3656-736c-45ed-9177-765defc8baa4-groupManagement] INFO  server.RaftServerConfigKeys (ConfUtils.java:logGet(46)) - raft.server.retrycache.statistics.expirytime = 100μs (default)
2023-06-29 22:10:35,606 [d2cb3656-736c-45ed-9177-765defc8baa4-groupManagement] INFO  server.RaftServerConfigKeys (ConfUtils.java:logGet(46)) - raft.server.read.option = DEFAULT (default)
2023-06-29 22:10:35,607 [d2cb3656-736c-45ed-9177-765defc8baa4-groupManagement] INFO  server.RaftServerConfigKeys (ConfUtils.java:logGet(46)) - raft.server.rpc.request.timeout = 60s (custom)
2023-06-29 22:10:35,607 [d2cb3656-736c-45ed-9177-765defc8baa4-groupManagement] INFO  server.RaftServerConfigKeys (ConfUtils.java:logGet(46)) - raft.server.log.appender.install.snapshot.enabled = false (custom)
2023-06-29 22:10:35,607 [d2cb3656-736c-45ed-9177-765defc8baa4-groupManagement] INFO  server.RaftServerConfigKeys (ConfUtils.java:logGet(46)) - raft.server.threadpool.server.cached = true (default)
2023-06-29 22:10:35,607 [d2cb3656-736c-45ed-9177-765defc8baa4-groupManagement] INFO  server.RaftServerConfigKeys (ConfUtils.java:logGet(46)) - raft.server.threadpool.server.size = 0 (default)
2023-06-29 22:10:35,607 [d2cb3656-736c-45ed-9177-765defc8baa4-groupManagement] INFO  server.RaftServerConfigKeys (ConfUtils.java:logGet(46)) - raft.server.threadpool.client.cached = true (default)
2023-06-29 22:10:35,607 [d2cb3656-736c-45ed-9177-765defc8baa4-groupManagement] INFO  server.RaftServerConfigKeys (ConfUtils.java:logGet(46)) - raft.server.threadpool.client.size = 0 (default)
2023-06-29 22:10:35,607 [d2cb3656-736c-45ed-9177-765defc8baa4-groupManagement] INFO  storage.RaftStorageDirectory (RaftStorageDirectoryImpl.java:analyzeStorage(137)) - The storage directory /home/runner/work/ozone/ozone/hadoop-ozone/integration-test/target/test-dir/MiniOzoneClusterImpl-ecb232db-3c23-47bf-871f-23bcde51c85c/datanode-2/data/ratis/60c550eb-c91e-4f73-bcc1-53a4de1611ee does not exist. Creating ...
2023-06-29 22:10:35,608 [d2cb3656-736c-45ed-9177-765defc8baa4-groupManagement] INFO  storage.RaftStorageDirectory (RaftStorageDirectoryImpl.java:tryLock(231)) - Lock on /home/runner/work/ozone/ozone/hadoop-ozone/integration-test/target/test-dir/MiniOzoneClusterImpl-ecb232db-3c23-47bf-871f-23bcde51c85c/datanode-2/data/ratis/60c550eb-c91e-4f73-bcc1-53a4de1611ee/in_use.lock acquired by nodename 7706@fv-az83-404
2023-06-29 22:10:35,610 [d2cb3656-736c-45ed-9177-765defc8baa4-groupManagement] INFO  storage.RaftStorage (RaftStorageImpl.java:format(96)) - Storage directory /home/runner/work/ozone/ozone/hadoop-ozone/integration-test/target/test-dir/MiniOzoneClusterImpl-ecb232db-3c23-47bf-871f-23bcde51c85c/datanode-2/data/ratis/60c550eb-c91e-4f73-bcc1-53a4de1611ee has been successfully formatted.
2023-06-29 22:10:35,615 [d2cb3656-736c-45ed-9177-765defc8baa4-groupManagement] INFO  ratis.ContainerStateMachine (ContainerStateMachine.java:loadSnapshot(262)) - group-53A4DE1611EE: The snapshot info is null. Setting the last applied indexto:(t:0, i:~)
2023-06-29 22:10:35,615 [d2cb3656-736c-45ed-9177-765defc8baa4-groupManagement] INFO  server.RaftServerConfigKeys (ConfUtils.java:logGet(46)) - raft.server.log.use.memory = false (default)
2023-06-29 22:10:35,615 [d2cb3656-736c-45ed-9177-765defc8baa4-groupManagement] INFO  server.RaftServerConfigKeys (ConfUtils.java:logGet(46)) - raft.server.log.purge.gap = 1000000 (custom)
2023-06-29 22:10:35,615 [d2cb3656-736c-45ed-9177-765defc8baa4-groupManagement] INFO  server.RaftServerConfigKeys (ConfUtils.java:logGet(46)) - raft.server.log.appender.buffer.byte-limit = 33554432 (custom)
2023-06-29 22:10:35,615 [d2cb3656-736c-45ed-9177-765defc8baa4-groupManagement] INFO  server.RaftServerConfigKeys (ConfUtils.java:logGet(46)) - raft.server.log.statemachine.data.read.timeout = 1000ms (default)
2023-06-29 22:10:35,617 [d2cb3656-736c-45ed-9177-765defc8baa4-groupManagement] INFO  server.RaftServerConfigKeys (ConfUtils.java:logGet(46)) - raft.server.log.purge.preservation.log.num = 0 (default)
2023-06-29 22:10:35,618 [d2cb3656-736c-45ed-9177-765defc8baa4-groupManagement] INFO  server.RaftServerConfigKeys (ConfUtils.java:logGet(46)) - raft.server.log.segment.size.max = 1048576 (custom)
2023-06-29 22:10:35,618 [d2cb3656-736c-45ed-9177-765defc8baa4-groupManagement] INFO  server.RaftServerConfigKeys (ConfUtils.java:logGet(46)) - raft.server.log.segment.cache.num.max = 2 (custom)
2023-06-29 22:10:35,618 [d2cb3656-736c-45ed-9177-765defc8baa4-groupManagement] INFO  server.RaftServerConfigKeys (ConfUtils.java:logGet(46)) - raft.server.log.segment.cache.size.max = 200MB (=209715200) (default)
2023-06-29 22:10:35,618 [d2cb3656-736c-45ed-9177-765defc8baa4-groupManagement] INFO  server.RaftServerConfigKeys (ConfUtils.java:logGet(46)) - raft.server.log.appender.buffer.byte-limit = 33554432 (custom)
2023-06-29 22:10:35,618 [d2cb3656-736c-45ed-9177-765defc8baa4-groupManagement] INFO  segmented.SegmentedRaftLogWorker (SegmentedRaftLogWorker.java:<init>(188)) - new d2cb3656-736c-45ed-9177-765defc8baa4@group-53A4DE1611EE-SegmentedRaftLogWorker for RaftStorageImpl:Storage Directory /home/runner/work/ozone/ozone/hadoop-ozone/integration-test/target/test-dir/MiniOzoneClusterImpl-ecb232db-3c23-47bf-871f-23bcde51c85c/datanode-2/data/ratis/60c550eb-c91e-4f73-bcc1-53a4de1611ee
2023-06-29 22:10:35,618 [d2cb3656-736c-45ed-9177-765defc8baa4-groupManagement] INFO  server.RaftServerConfigKeys (ConfUtils.java:logGet(46)) - raft.server.log.queue.byte-limit = 4294967296 (custom)
2023-06-29 22:10:35,618 [d2cb3656-736c-45ed-9177-765defc8baa4-groupManagement] INFO  server.RaftServerConfigKeys (ConfUtils.java:logGet(46)) - raft.server.log.queue.element-limit = 1024 (custom)
2023-06-29 22:10:35,618 [d2cb3656-736c-45ed-9177-765defc8baa4-groupManagement] INFO  server.RaftServerConfigKeys (ConfUtils.java:logGet(46)) - raft.server.log.segment.size.max = 1048576 (custom)
2023-06-29 22:10:35,618 [d2cb3656-736c-45ed-9177-765defc8baa4-groupManagement] INFO  server.RaftServerConfigKeys (ConfUtils.java:logGet(46)) - raft.server.log.preallocated.size = 16384 (custom)
2023-06-29 22:10:35,618 [d2cb3656-736c-45ed-9177-765defc8baa4-groupManagement] INFO  server.RaftServerConfigKeys (ConfUtils.java:logGet(46)) - raft.server.log.force.sync.num = 128 (default)
2023-06-29 22:10:35,618 [d2cb3656-736c-45ed-9177-765defc8baa4-groupManagement] INFO  server.RaftServerConfigKeys (ConfUtils.java:logGet(46)) - raft.server.log.statemachine.data.sync = true (default)
2023-06-29 22:10:35,618 [d2cb3656-736c-45ed-9177-765defc8baa4-groupManagement] INFO  server.RaftServerConfigKeys (ConfUtils.java:logGet(46)) - raft.server.log.statemachine.data.sync.timeout = 10s (default)
2023-06-29 22:10:35,618 [d2cb3656-736c-45ed-9177-765defc8baa4-groupManagement] INFO  server.RaftServerConfigKeys (ConfUtils.java:logGet(46)) - raft.server.log.statemachine.data.sync.timeout.retry = -1 (default)
2023-06-29 22:10:35,619 [d2cb3656-736c-45ed-9177-765defc8baa4-groupManagement] INFO  server.RaftServerConfigKeys (ConfUtils.java:logGet(46)) - raft.server.log.write.buffer.size = 1048576 (custom)
2023-06-29 22:10:35,619 [d2cb3656-736c-45ed-9177-765defc8baa4-groupManagement] INFO  server.RaftServerConfigKeys (ConfUtils.java:logGet(46)) - raft.server.log.appender.buffer.byte-limit = 33554432 (custom)
2023-06-29 22:10:35,620 [main] INFO  ozone.MiniOzoneClusterImpl (MiniOzoneClusterImpl.java:lambda$waitForClusterToBeReady$0(224)) - Nodes are ready. Got 3 of 3 DN Heartbeats.
2023-06-29 22:10:35,625 [main] INFO  ozone.MiniOzoneClusterImpl (MiniOzoneClusterImpl.java:lambda$waitForClusterToBeReady$0(227)) - Waiting for cluster to exit safe mode
2023-06-29 22:10:35,625 [main] INFO  ozone.MiniOzoneClusterImpl (MiniOzoneClusterImpl.java:lambda$waitForClusterToBeReady$0(229)) - SCM became leader
2023-06-29 22:10:35,625 [d2cb3656-736c-45ed-9177-765defc8baa4-groupManagement] INFO  server.RaftServerConfigKeys (ConfUtils.java:logGet(46)) - raft.server.log.unsafe-flush.enabled = false (default)
2023-06-29 22:10:35,627 [PipelineCommandHandlerThread-0] INFO  commandhandler.CreatePipelineCommandHandler (CreatePipelineCommandHandler.java:lambda$handle$2(124)) - Created Pipeline RATIS THREE PipelineID=60c550eb-c91e-4f73-bcc1-53a4de1611ee.
2023-06-29 22:10:35,626 [PipelineCommandHandlerThread-0] INFO  server.RaftServer (RaftServerProxy.java:addNew(98)) - d2cb3656-736c-45ed-9177-765defc8baa4: addNew group-79B2834307E7:[d2cb3656-736c-45ed-9177-765defc8baa4|rpc:10.1.0.248:15032|admin:10.1.0.248:15031|client:10.1.0.248:15030|dataStream:10.1.0.248:15033|priority:1|startupRole:FOLLOWER] returns group-79B2834307E7:java.util.concurrent.CompletableFuture@ba12be5[Not completed]
2023-06-29 22:10:35,628 [d2cb3656-736c-45ed-9177-765defc8baa4-groupManagement] INFO  server.RaftServerConfigKeys (ConfUtils.java:logGet(46)) - raft.server.log.async-flush.enabled = false (default)
2023-06-29 22:10:35,628 [d2cb3656-736c-45ed-9177-765defc8baa4-groupManagement] INFO  server.RaftServerConfigKeys (ConfUtils.java:logGet(46)) - raft.server.log.statemachine.data.caching.enabled = true (custom)
2023-06-29 22:10:35,628 [d2cb3656-736c-45ed-9177-765defc8baa4-groupManagement] INFO  segmented.SegmentedRaftLogWorker (SegmentedRaftLogWorker.java:lambda$new$0(135)) - d2cb3656-736c-45ed-9177-765defc8baa4@group-53A4DE1611EE-SegmentedRaftLogWorker: flushIndex: setUnconditionally 0 -> -1
2023-06-29 22:10:35,628 [d2cb3656-736c-45ed-9177-765defc8baa4-groupManagement] INFO  segmented.SegmentedRaftLogWorker (SegmentedRaftLogWorker.java:lambda$new$0(135)) - d2cb3656-736c-45ed-9177-765defc8baa4@group-53A4DE1611EE-SegmentedRaftLogWorker: safeCacheEvictIndex: setUnconditionally 0 -> -1
2023-06-29 22:10:35,630 [d2cb3656-736c-45ed-9177-765defc8baa4-groupManagement] INFO  server.RaftServer$Division (RaftServerImpl.java:start(342)) - d2cb3656-736c-45ed-9177-765defc8baa4@group-53A4DE1611EE: start as a follower, conf=-1: peers:[fe774388-89b0-43a1-8132-3e981ddd9c14|rpc:10.1.0.248:15023|admin:10.1.0.248:15022|client:10.1.0.248:15021|dataStream:10.1.0.248:15024|priority:0|startupRole:FOLLOWER, d2cb3656-736c-45ed-9177-765defc8baa4|rpc:10.1.0.248:15032|admin:10.1.0.248:15031|client:10.1.0.248:15030|dataStream:10.1.0.248:15033|priority:0|startupRole:FOLLOWER, 48be0ea8-46a6-4e80-b936-879c72e065d6|rpc:10.1.0.248:15014|admin:10.1.0.248:15013|client:10.1.0.248:15012|dataStream:10.1.0.248:15015|priority:1|startupRole:FOLLOWER]|listeners:[], old=null
2023-06-29 22:10:35,630 [d2cb3656-736c-45ed-9177-765defc8baa4-groupManagement] INFO  server.RaftServer$Division (RaftServerImpl.java:setRole(329)) - d2cb3656-736c-45ed-9177-765defc8baa4@group-53A4DE1611EE: changes role from      null to FOLLOWER at term 0 for startAsFollower
2023-06-29 22:10:35,630 [d2cb3656-736c-45ed-9177-765defc8baa4-groupManagement] INFO  impl.RoleInfo (RoleInfo.java:updateAndGet(139)) - d2cb3656-736c-45ed-9177-765defc8baa4: start d2cb3656-736c-45ed-9177-765defc8baa4@group-53A4DE1611EE-FollowerState
2023-06-29 22:10:35,630 [d2cb3656-736c-45ed-9177-765defc8baa4-groupManagement] INFO  util.JmxRegister (JmxRegister.java:tryRegister(44)) - Successfully registered JMX Bean with object name Ratis:service=RaftServer,group=group-53A4DE1611EE,id=d2cb3656-736c-45ed-9177-765defc8baa4
2023-06-29 22:10:35,630 [d2cb3656-736c-45ed-9177-765defc8baa4@group-53A4DE1611EE-FollowerState] INFO  server.RaftServerConfigKeys (ConfUtils.java:logFallback(53)) - raft.server.rpc.first-election.timeout.min = 5s (fallback to raft.server.rpc.timeout.min)
2023-06-29 22:10:35,630 [d2cb3656-736c-45ed-9177-765defc8baa4-groupManagement] INFO  server.RaftServerConfigKeys (ConfUtils.java:logGet(46)) - raft.server.snapshot.auto.trigger.enabled = true (custom)
2023-06-29 22:10:35,631 [d2cb3656-736c-45ed-9177-765defc8baa4@group-53A4DE1611EE-FollowerState] INFO  server.RaftServerConfigKeys (ConfUtils.java:logFallback(53)) - raft.server.rpc.first-election.timeout.max = 5200ms (fallback to raft.server.rpc.timeout.max)
2023-06-29 22:10:35,631 [d2cb3656-736c-45ed-9177-765defc8baa4-groupManagement] INFO  server.RaftServerConfigKeys (ConfUtils.java:logGet(46)) - raft.server.snapshot.auto.trigger.threshold = 10000 (custom)
2023-06-29 22:10:35,631 [d2cb3656-736c-45ed-9177-765defc8baa4-groupManagement] INFO  server.RaftServerConfigKeys (ConfUtils.java:logGet(46)) - raft.server.snapshot.retention.file.num = 5 (custom)
2023-06-29 22:10:35,631 [d2cb3656-736c-45ed-9177-765defc8baa4-groupManagement] INFO  server.RaftServerConfigKeys (ConfUtils.java:logGet(46)) - raft.server.log.purge.upto.snapshot.index = false (default)
2023-06-29 22:10:35,634 [d2cb3656-736c-45ed-9177-765defc8baa4-groupManagement] INFO  server.RaftServer$Division (RaftServerImpl.java:<init>(198)) - d2cb3656-736c-45ed-9177-765defc8baa4: new RaftServerImpl for group-79B2834307E7:[d2cb3656-736c-45ed-9177-765defc8baa4|rpc:10.1.0.248:15032|admin:10.1.0.248:15031|client:10.1.0.248:15030|dataStream:10.1.0.248:15033|priority:1|startupRole:FOLLOWER] with ContainerStateMachine:uninitialized
2023-06-29 22:10:35,634 [d2cb3656-736c-45ed-9177-765defc8baa4-groupManagement] INFO  server.RaftServerConfigKeys (ConfUtils.java:logGet(46)) - raft.server.rpc.timeout.min = 5s (custom)
2023-06-29 22:10:35,634 [d2cb3656-736c-45ed-9177-765defc8baa4-groupManagement] INFO  server.RaftServerConfigKeys (ConfUtils.java:logGet(46)) - raft.server.rpc.timeout.max = 5200ms (custom)
2023-06-29 22:10:35,634 [d2cb3656-736c-45ed-9177-765defc8baa4-groupManagement] INFO  server.RaftServerConfigKeys (ConfUtils.java:logGet(46)) - raft.server.rpc.sleep.time = 25ms (default)
2023-06-29 22:10:35,634 [d2cb3656-736c-45ed-9177-765defc8baa4-groupManagement] INFO  server.RaftServerConfigKeys (ConfUtils.java:logGet(46)) - raft.server.rpc.slowness.timeout = 300s (custom)
2023-06-29 22:10:35,634 [d2cb3656-736c-45ed-9177-765defc8baa4-groupManagement] INFO  server.RaftServerConfigKeys (ConfUtils.java:logGet(46)) - raft.server.leaderelection.leader.step-down.wait-time = 10s (default)
2023-06-29 22:10:35,634 [d2cb3656-736c-45ed-9177-765defc8baa4-groupManagement] INFO  server.RaftServerConfigKeys (ConfUtils.java:logGet(46)) - raft.server.sleep.deviation.threshold = 300ms (default)
2023-06-29 22:10:35,634 [d2cb3656-736c-45ed-9177-765defc8baa4-groupManagement] INFO  server.RaftServer$Division (ServerState.java:<init>(120)) - d2cb3656-736c-45ed-9177-765defc8baa4@group-79B2834307E7: ConfigurationManager, init=-1: peers:[d2cb3656-736c-45ed-9177-765defc8baa4|rpc:10.1.0.248:15032|admin:10.1.0.248:15031|client:10.1.0.248:15030|dataStream:10.1.0.248:15033|priority:1|startupRole:FOLLOWER]|listeners:[], old=null, confs=<EMPTY_MAP>
2023-06-29 22:10:35,640 [d2cb3656-736c-45ed-9177-765defc8baa4-groupManagement] INFO  server.RaftServerConfigKeys (ConfUtils.java:logGet(46)) - raft.server.storage.dir = [/home/runner/work/ozone/ozone/hadoop-ozone/integration-test/target/test-dir/MiniOzoneClusterImpl-ecb232db-3c23-47bf-871f-23bcde51c85c/datanode-2/data/ratis] (custom)
2023-06-29 22:10:35,640 [d2cb3656-736c-45ed-9177-765defc8baa4-groupManagement] INFO  server.RaftServerConfigKeys (ConfUtils.java:logGet(46)) - raft.server.log.corruption.policy = EXCEPTION (default)
2023-06-29 22:10:35,640 [d2cb3656-736c-45ed-9177-765defc8baa4-groupManagement] INFO  server.RaftServerConfigKeys (ConfUtils.java:logGet(46)) - raft.server.storage.free-space.min = 0MB (=0) (default)
2023-06-29 22:10:35,640 [d2cb3656-736c-45ed-9177-765defc8baa4-groupManagement] INFO  server.RaftServerConfigKeys (ConfUtils.java:logGet(46)) - raft.server.notification.no-leader.timeout = 300s (custom)
2023-06-29 22:10:35,640 [d2cb3656-736c-45ed-9177-765defc8baa4-groupManagement] INFO  server.RaftServerConfigKeys (ConfUtils.java:logGet(46)) - raft.server.read.timeout = 10s (default)
2023-06-29 22:10:35,640 [d2cb3656-736c-45ed-9177-765defc8baa4-groupManagement] INFO  server.RaftServerConfigKeys (ConfUtils.java:logGet(46)) - raft.server.retrycache.expirytime = 600000ms (custom)
2023-06-29 22:10:35,640 [d2cb3656-736c-45ed-9177-765defc8baa4-groupManagement] INFO  server.RaftServerConfigKeys (ConfUtils.java:logGet(46)) - raft.server.retrycache.statistics.expirytime = 100μs (default)
2023-06-29 22:10:35,640 [d2cb3656-736c-45ed-9177-765defc8baa4-groupManagement] INFO  server.RaftServerConfigKeys (ConfUtils.java:logGet(46)) - raft.server.read.option = DEFAULT (default)
2023-06-29 22:10:35,643 [d2cb3656-736c-45ed-9177-765defc8baa4-groupManagement] INFO  server.RaftServerConfigKeys (ConfUtils.java:logGet(46)) - raft.server.rpc.request.timeout = 60s (custom)
2023-06-29 22:10:35,643 [d2cb3656-736c-45ed-9177-765defc8baa4-groupManagement] INFO  server.RaftServerConfigKeys (ConfUtils.java:logGet(46)) - raft.server.log.appender.install.snapshot.enabled = false (custom)
2023-06-29 22:10:35,643 [d2cb3656-736c-45ed-9177-765defc8baa4-groupManagement] INFO  server.RaftServerConfigKeys (ConfUtils.java:logGet(46)) - raft.server.threadpool.server.cached = true (default)
2023-06-29 22:10:35,643 [d2cb3656-736c-45ed-9177-765defc8baa4-groupManagement] INFO  server.RaftServerConfigKeys (ConfUtils.java:logGet(46)) - raft.server.threadpool.server.size = 0 (default)
2023-06-29 22:10:35,643 [d2cb3656-736c-45ed-9177-765defc8baa4-groupManagement] INFO  server.RaftServerConfigKeys (ConfUtils.java:logGet(46)) - raft.server.threadpool.client.cached = true (default)
2023-06-29 22:10:35,643 [d2cb3656-736c-45ed-9177-765defc8baa4-groupManagement] INFO  server.RaftServerConfigKeys (ConfUtils.java:logGet(46)) - raft.server.threadpool.client.size = 0 (default)
2023-06-29 22:10:35,643 [d2cb3656-736c-45ed-9177-765defc8baa4-groupManagement] INFO  storage.RaftStorageDirectory (RaftStorageDirectoryImpl.java:analyzeStorage(137)) - The storage directory /home/runner/work/ozone/ozone/hadoop-ozone/integration-test/target/test-dir/MiniOzoneClusterImpl-ecb232db-3c23-47bf-871f-23bcde51c85c/datanode-2/data/ratis/bf09cc7a-3b10-4345-9a04-79b2834307e7 does not exist. Creating ...
2023-06-29 22:10:35,644 [PipelineCommandHandlerThread-0] INFO  commandhandler.CreatePipelineCommandHandler (CreatePipelineCommandHandler.java:lambda$handle$2(124)) - Created Pipeline RATIS THREE PipelineID=60c550eb-c91e-4f73-bcc1-53a4de1611ee.
2023-06-29 22:10:35,648 [d2cb3656-736c-45ed-9177-765defc8baa4-groupManagement] INFO  storage.RaftStorageDirectory (RaftStorageDirectoryImpl.java:tryLock(231)) - Lock on /home/runner/work/ozone/ozone/hadoop-ozone/integration-test/target/test-dir/MiniOzoneClusterImpl-ecb232db-3c23-47bf-871f-23bcde51c85c/datanode-2/data/ratis/bf09cc7a-3b10-4345-9a04-79b2834307e7/in_use.lock acquired by nodename 7706@fv-az83-404
2023-06-29 22:10:35,650 [d2cb3656-736c-45ed-9177-765defc8baa4-groupManagement] INFO  storage.RaftStorage (RaftStorageImpl.java:format(96)) - Storage directory /home/runner/work/ozone/ozone/hadoop-ozone/integration-test/target/test-dir/MiniOzoneClusterImpl-ecb232db-3c23-47bf-871f-23bcde51c85c/datanode-2/data/ratis/bf09cc7a-3b10-4345-9a04-79b2834307e7 has been successfully formatted.
2023-06-29 22:10:35,650 [d2cb3656-736c-45ed-9177-765defc8baa4-groupManagement] INFO  ratis.ContainerStateMachine (ContainerStateMachine.java:loadSnapshot(262)) - group-79B2834307E7: The snapshot info is null. Setting the last applied indexto:(t:0, i:~)
2023-06-29 22:10:35,650 [d2cb3656-736c-45ed-9177-765defc8baa4-groupManagement] INFO  server.RaftServerConfigKeys (ConfUtils.java:logGet(46)) - raft.server.log.use.memory = false (default)
2023-06-29 22:10:35,650 [d2cb3656-736c-45ed-9177-765defc8baa4-groupManagement] INFO  server.RaftServerConfigKeys (ConfUtils.java:logGet(46)) - raft.server.log.purge.gap = 1000000 (custom)
2023-06-29 22:10:35,650 [d2cb3656-736c-45ed-9177-765defc8baa4-groupManagement] INFO  server.RaftServerConfigKeys (ConfUtils.java:logGet(46)) - raft.server.log.appender.buffer.byte-limit = 33554432 (custom)
2023-06-29 22:10:35,650 [d2cb3656-736c-45ed-9177-765defc8baa4-groupManagement] INFO  server.RaftServerConfigKeys (ConfUtils.java:logGet(46)) - raft.server.log.statemachine.data.read.timeout = 1000ms (default)
2023-06-29 22:10:35,650 [d2cb3656-736c-45ed-9177-765defc8baa4-groupManagement] INFO  server.RaftServerConfigKeys (ConfUtils.java:logGet(46)) - raft.server.log.purge.preservation.log.num = 0 (default)
2023-06-29 22:10:35,651 [d2cb3656-736c-45ed-9177-765defc8baa4-groupManagement] INFO  server.RaftServerConfigKeys (ConfUtils.java:logGet(46)) - raft.server.log.segment.size.max = 1048576 (custom)
2023-06-29 22:10:35,651 [d2cb3656-736c-45ed-9177-765defc8baa4-groupManagement] INFO  server.RaftServerConfigKeys (ConfUtils.java:logGet(46)) - raft.server.log.segment.cache.num.max = 2 (custom)
2023-06-29 22:10:35,651 [d2cb3656-736c-45ed-9177-765defc8baa4-groupManagement] INFO  server.RaftServerConfigKeys (ConfUtils.java:logGet(46)) - raft.server.log.segment.cache.size.max = 200MB (=209715200) (default)
2023-06-29 22:10:35,651 [d2cb3656-736c-45ed-9177-765defc8baa4-groupManagement] INFO  server.RaftServerConfigKeys (ConfUtils.java:logGet(46)) - raft.server.log.appender.buffer.byte-limit = 33554432 (custom)
2023-06-29 22:10:35,651 [d2cb3656-736c-45ed-9177-765defc8baa4-groupManagement] INFO  segmented.SegmentedRaftLogWorker (SegmentedRaftLogWorker.java:<init>(188)) - new d2cb3656-736c-45ed-9177-765defc8baa4@group-79B2834307E7-SegmentedRaftLogWorker for RaftStorageImpl:Storage Directory /home/runner/work/ozone/ozone/hadoop-ozone/integration-test/target/test-dir/MiniOzoneClusterImpl-ecb232db-3c23-47bf-871f-23bcde51c85c/datanode-2/data/ratis/bf09cc7a-3b10-4345-9a04-79b2834307e7
2023-06-29 22:10:35,651 [d2cb3656-736c-45ed-9177-765defc8baa4-groupManagement] INFO  server.RaftServerConfigKeys (ConfUtils.java:logGet(46)) - raft.server.log.queue.byte-limit = 4294967296 (custom)
2023-06-29 22:10:35,651 [d2cb3656-736c-45ed-9177-765defc8baa4-groupManagement] INFO  server.RaftServerConfigKeys (ConfUtils.java:logGet(46)) - raft.server.log.queue.element-limit = 1024 (custom)
2023-06-29 22:10:35,651 [d2cb3656-736c-45ed-9177-765defc8baa4-groupManagement] INFO  server.RaftServerConfigKeys (ConfUtils.java:logGet(46)) - raft.server.log.segment.size.max = 1048576 (custom)
2023-06-29 22:10:35,652 [d2cb3656-736c-45ed-9177-765defc8baa4-groupManagement] INFO  server.RaftServerConfigKeys (ConfUtils.java:logGet(46)) - raft.server.log.preallocated.size = 16384 (custom)
2023-06-29 22:10:35,652 [d2cb3656-736c-45ed-9177-765defc8baa4-groupManagement] INFO  server.RaftServerConfigKeys (ConfUtils.java:logGet(46)) - raft.server.log.force.sync.num = 128 (default)
2023-06-29 22:10:35,652 [d2cb3656-736c-45ed-9177-765defc8baa4-groupManagement] INFO  server.RaftServerConfigKeys (ConfUtils.java:logGet(46)) - raft.server.log.statemachine.data.sync = true (default)
2023-06-29 22:10:35,652 [d2cb3656-736c-45ed-9177-765defc8baa4-groupManagement] INFO  server.RaftServerConfigKeys (ConfUtils.java:logGet(46)) - raft.server.log.statemachine.data.sync.timeout = 10s (default)
2023-06-29 22:10:35,652 [d2cb3656-736c-45ed-9177-765defc8baa4-groupManagement] INFO  server.RaftServerConfigKeys (ConfUtils.java:logGet(46)) - raft.server.log.statemachine.data.sync.timeout.retry = -1 (default)
2023-06-29 22:10:35,652 [d2cb3656-736c-45ed-9177-765defc8baa4-groupManagement] INFO  server.RaftServerConfigKeys (ConfUtils.java:logGet(46)) - raft.server.log.write.buffer.size = 1048576 (custom)
2023-06-29 22:10:35,653 [EventQueue-PipelineReportForPipelineReportHandler] INFO  pipeline.PipelineReportHandler (PipelineReportHandler.java:processPipelineReport(136)) - Opened pipeline PipelineID=bf09cc7a-3b10-4345-9a04-79b2834307e7
2023-06-29 22:10:35,653 [d2cb3656-736c-45ed-9177-765defc8baa4-groupManagement] INFO  server.RaftServerConfigKeys (ConfUtils.java:logGet(46)) - raft.server.log.appender.buffer.byte-limit = 33554432 (custom)
2023-06-29 22:10:35,653 [EventQueue-OpenPipelineForHealthyPipelineSafeModeRule] INFO  safemode.SCMSafeModeManager (HealthyPipelineSafeModeRule.java:process(137)) - SCM in safe mode. Healthy pipelines reported count is 0, required healthy pipeline reported count is 1
2023-06-29 22:10:35,916 [JvmPauseMonitor3] WARN  util.JvmPauseMonitor (JvmPauseMonitor.java:detectPause(124)) - JvmPauseMonitor-fe774388-89b0-43a1-8132-3e981ddd9c14: Detected pause in JVM or host machine approximately 0.124s with 0.257s GC time.
GC pool 'PS MarkSweep' had collection(s): count=1 time=186ms
GC pool 'PS Scavenge' had collection(s): count=1 time=71ms
2023-06-29 22:10:35,916 [JvmPauseMonitor1] WARN  util.JvmPauseMonitor (JvmPauseMonitor.java:detectPause(124)) - JvmPauseMonitor-om1: Detected pause in JVM or host machine approximately 0.149s with 0.257s GC time.
GC pool 'PS MarkSweep' had collection(s): count=1 time=186ms
GC pool 'PS Scavenge' had collection(s): count=1 time=71ms
2023-06-29 22:10:35,917 [JvmPauseMonitor4] WARN  util.JvmPauseMonitor (JvmPauseMonitor.java:detectPause(124)) - JvmPauseMonitor-d2cb3656-736c-45ed-9177-765defc8baa4: Detected pause in JVM or host machine approximately 0.242s with 0.257s GC time.
GC pool 'PS MarkSweep' had collection(s): count=1 time=186ms
GC pool 'PS Scavenge' had collection(s): count=1 time=71ms
2023-06-29 22:10:35,918 [d2cb3656-736c-45ed-9177-765defc8baa4-groupManagement] INFO  server.RaftServerConfigKeys (ConfUtils.java:logGet(46)) - raft.server.log.unsafe-flush.enabled = false (default)
2023-06-29 22:10:35,918 [d2cb3656-736c-45ed-9177-765defc8baa4-groupManagement] INFO  server.RaftServerConfigKeys (ConfUtils.java:logGet(46)) - raft.server.log.async-flush.enabled = false (default)
2023-06-29 22:10:35,918 [d2cb3656-736c-45ed-9177-765defc8baa4-groupManagement] INFO  server.RaftServerConfigKeys (ConfUtils.java:logGet(46)) - raft.server.log.statemachine.data.caching.enabled = true (custom)
2023-06-29 22:10:35,918 [d2cb3656-736c-45ed-9177-765defc8baa4-groupManagement] INFO  segmented.SegmentedRaftLogWorker (SegmentedRaftLogWorker.java:lambda$new$0(135)) - d2cb3656-736c-45ed-9177-765defc8baa4@group-79B2834307E7-SegmentedRaftLogWorker: flushIndex: setUnconditionally 0 -> -1
2023-06-29 22:10:35,918 [d2cb3656-736c-45ed-9177-765defc8baa4-groupManagement] INFO  segmented.SegmentedRaftLogWorker (SegmentedRaftLogWorker.java:lambda$new$0(135)) - d2cb3656-736c-45ed-9177-765defc8baa4@group-79B2834307E7-SegmentedRaftLogWorker: safeCacheEvictIndex: setUnconditionally 0 -> -1
2023-06-29 22:10:35,921 [d2cb3656-736c-45ed-9177-765defc8baa4-groupManagement] INFO  server.RaftServer$Division (RaftServerImpl.java:start(342)) - d2cb3656-736c-45ed-9177-765defc8baa4@group-79B2834307E7: start as a follower, conf=-1: peers:[d2cb3656-736c-45ed-9177-765defc8baa4|rpc:10.1.0.248:15032|admin:10.1.0.248:15031|client:10.1.0.248:15030|dataStream:10.1.0.248:15033|priority:1|startupRole:FOLLOWER]|listeners:[], old=null
2023-06-29 22:10:35,921 [d2cb3656-736c-45ed-9177-765defc8baa4-groupManagement] INFO  server.RaftServer$Division (RaftServerImpl.java:setRole(329)) - d2cb3656-736c-45ed-9177-765defc8baa4@group-79B2834307E7: changes role from      null to FOLLOWER at term 0 for startAsFollower
2023-06-29 22:10:35,921 [d2cb3656-736c-45ed-9177-765defc8baa4-groupManagement] INFO  impl.RoleInfo (RoleInfo.java:updateAndGet(139)) - d2cb3656-736c-45ed-9177-765defc8baa4: start d2cb3656-736c-45ed-9177-765defc8baa4@group-79B2834307E7-FollowerState
2023-06-29 22:10:35,925 [d2cb3656-736c-45ed-9177-765defc8baa4-groupManagement] INFO  util.JmxRegister (JmxRegister.java:tryRegister(44)) - Successfully registered JMX Bean with object name Ratis:service=RaftServer,group=group-79B2834307E7,id=d2cb3656-736c-45ed-9177-765defc8baa4
2023-06-29 22:10:35,926 [d2cb3656-736c-45ed-9177-765defc8baa4-groupManagement] INFO  server.RaftServerConfigKeys (ConfUtils.java:logGet(46)) - raft.server.snapshot.auto.trigger.enabled = true (custom)
2023-06-29 22:10:35,926 [d2cb3656-736c-45ed-9177-765defc8baa4-groupManagement] INFO  server.RaftServerConfigKeys (ConfUtils.java:logGet(46)) - raft.server.snapshot.auto.trigger.threshold = 10000 (custom)
2023-06-29 22:10:35,926 [d2cb3656-736c-45ed-9177-765defc8baa4-groupManagement] INFO  server.RaftServerConfigKeys (ConfUtils.java:logGet(46)) - raft.server.snapshot.retention.file.num = 5 (custom)
2023-06-29 22:10:35,926 [d2cb3656-736c-45ed-9177-765defc8baa4-groupManagement] INFO  server.RaftServerConfigKeys (ConfUtils.java:logGet(46)) - raft.server.log.purge.upto.snapshot.index = false (default)
2023-06-29 22:10:35,927 [d2cb3656-736c-45ed-9177-765defc8baa4@group-79B2834307E7-FollowerState] INFO  server.RaftServerConfigKeys (ConfUtils.java:logFallback(53)) - raft.server.rpc.first-election.timeout.min = 5s (fallback to raft.server.rpc.timeout.min)
2023-06-29 22:10:35,927 [d2cb3656-736c-45ed-9177-765defc8baa4@group-79B2834307E7-FollowerState] INFO  server.RaftServerConfigKeys (ConfUtils.java:logFallback(53)) - raft.server.rpc.first-election.timeout.max = 5200ms (fallback to raft.server.rpc.timeout.max)
2023-06-29 22:10:35,931 [PipelineCommandHandlerThread-0] INFO  ratis.XceiverServerRatis (XceiverServerRatis.java:addGroup(804)) - Created group PipelineID=bf09cc7a-3b10-4345-9a04-79b2834307e7
2023-06-29 22:10:35,931 [PipelineCommandHandlerThread-0] INFO  commandhandler.CreatePipelineCommandHandler (CreatePipelineCommandHandler.java:lambda$handle$2(124)) - Created Pipeline RATIS ONE PipelineID=bf09cc7a-3b10-4345-9a04-79b2834307e7.
2023-06-29 22:10:36,625 [main] INFO  ozone.MiniOzoneClusterImpl (MiniOzoneClusterImpl.java:lambda$waitForClusterToBeReady$0(224)) - Nodes are ready. Got 3 of 3 DN Heartbeats.
2023-06-29 22:10:36,626 [main] INFO  ozone.MiniOzoneClusterImpl (MiniOzoneClusterImpl.java:lambda$waitForClusterToBeReady$0(227)) - Waiting for cluster to exit safe mode
2023-06-29 22:10:36,626 [main] INFO  ozone.MiniOzoneClusterImpl (MiniOzoneClusterImpl.java:lambda$waitForClusterToBeReady$0(229)) - SCM became leader
2023-06-29 22:10:37,626 [main] INFO  ozone.MiniOzoneClusterImpl (MiniOzoneClusterImpl.java:lambda$waitForClusterToBeReady$0(224)) - Nodes are ready. Got 3 of 3 DN Heartbeats.
2023-06-29 22:10:37,626 [main] INFO  ozone.MiniOzoneClusterImpl (MiniOzoneClusterImpl.java:lambda$waitForClusterToBeReady$0(227)) - Waiting for cluster to exit safe mode
2023-06-29 22:10:37,626 [main] INFO  ozone.MiniOzoneClusterImpl (MiniOzoneClusterImpl.java:lambda$waitForClusterToBeReady$0(229)) - SCM became leader
2023-06-29 22:10:38,627 [main] INFO  ozone.MiniOzoneClusterImpl (MiniOzoneClusterImpl.java:lambda$waitForClusterToBeReady$0(224)) - Nodes are ready. Got 3 of 3 DN Heartbeats.
2023-06-29 22:10:38,627 [main] INFO  ozone.MiniOzoneClusterImpl (MiniOzoneClusterImpl.java:lambda$waitForClusterToBeReady$0(227)) - Waiting for cluster to exit safe mode
2023-06-29 22:10:38,627 [main] INFO  ozone.MiniOzoneClusterImpl (MiniOzoneClusterImpl.java:lambda$waitForClusterToBeReady$0(229)) - SCM became leader
2023-06-29 22:10:39,627 [main] INFO  ozone.MiniOzoneClusterImpl (MiniOzoneClusterImpl.java:lambda$waitForClusterToBeReady$0(224)) - Nodes are ready. Got 3 of 3 DN Heartbeats.
2023-06-29 22:10:39,627 [main] INFO  ozone.MiniOzoneClusterImpl (MiniOzoneClusterImpl.java:lambda$waitForClusterToBeReady$0(227)) - Waiting for cluster to exit safe mode
2023-06-29 22:10:39,627 [main] INFO  ozone.MiniOzoneClusterImpl (MiniOzoneClusterImpl.java:lambda$waitForClusterToBeReady$0(229)) - SCM became leader
2023-06-29 22:10:39,918 [48be0ea8-46a6-4e80-b936-879c72e065d6@group-12AE4BFA76DF-FollowerState] INFO  impl.FollowerState (FollowerState.java:run(143)) - 48be0ea8-46a6-4e80-b936-879c72e065d6@group-12AE4BFA76DF-FollowerState: change to CANDIDATE, lastRpcElapsedTime:5022183526ns, electionTimeout:5009ms
2023-06-29 22:10:39,919 [48be0ea8-46a6-4e80-b936-879c72e065d6@group-12AE4BFA76DF-FollowerState] INFO  impl.RoleInfo (RoleInfo.java:shutdownFollowerState(110)) - 48be0ea8-46a6-4e80-b936-879c72e065d6: shutdown 48be0ea8-46a6-4e80-b936-879c72e065d6@group-12AE4BFA76DF-FollowerState
2023-06-29 22:10:39,919 [48be0ea8-46a6-4e80-b936-879c72e065d6@group-12AE4BFA76DF-FollowerState] INFO  server.RaftServer$Division (RaftServerImpl.java:setRole(329)) - 48be0ea8-46a6-4e80-b936-879c72e065d6@group-12AE4BFA76DF: changes role from  FOLLOWER to CANDIDATE at term 0 for changeToCandidate
2023-06-29 22:10:39,919 [48be0ea8-46a6-4e80-b936-879c72e065d6@group-12AE4BFA76DF-FollowerState] INFO  server.RaftServerConfigKeys (ConfUtils.java:logGet(46)) - raft.server.leaderelection.pre-vote = true (default)
2023-06-29 22:10:39,919 [48be0ea8-46a6-4e80-b936-879c72e065d6@group-12AE4BFA76DF-FollowerState] INFO  impl.RoleInfo (RoleInfo.java:updateAndGet(139)) - 48be0ea8-46a6-4e80-b936-879c72e065d6: start 48be0ea8-46a6-4e80-b936-879c72e065d6@group-12AE4BFA76DF-LeaderElection2
2023-06-29 22:10:39,922 [48be0ea8-46a6-4e80-b936-879c72e065d6@group-12AE4BFA76DF-LeaderElection2] INFO  impl.LeaderElection (LeaderElection.java:askForVotes(321)) - 48be0ea8-46a6-4e80-b936-879c72e065d6@group-12AE4BFA76DF-LeaderElection2 PRE_VOTE round 0: submit vote requests at term 0 for -1: peers:[48be0ea8-46a6-4e80-b936-879c72e065d6|rpc:10.1.0.248:15014|admin:10.1.0.248:15013|client:10.1.0.248:15012|dataStream:10.1.0.248:15015|priority:1|startupRole:FOLLOWER]|listeners:[], old=null
2023-06-29 22:10:39,922 [48be0ea8-46a6-4e80-b936-879c72e065d6@group-12AE4BFA76DF-LeaderElection2] INFO  impl.LeaderElection (LeaderElection.java:askForVotes(323)) - 48be0ea8-46a6-4e80-b936-879c72e065d6@group-12AE4BFA76DF-LeaderElection2 PRE_VOTE round 0: result PASSED (term=0)
2023-06-29 22:10:39,923 [48be0ea8-46a6-4e80-b936-879c72e065d6@group-12AE4BFA76DF-LeaderElection2] INFO  impl.LeaderElection (LeaderElection.java:askForVotes(321)) - 48be0ea8-46a6-4e80-b936-879c72e065d6@group-12AE4BFA76DF-LeaderElection2 ELECTION round 0: submit vote requests at term 1 for -1: peers:[48be0ea8-46a6-4e80-b936-879c72e065d6|rpc:10.1.0.248:15014|admin:10.1.0.248:15013|client:10.1.0.248:15012|dataStream:10.1.0.248:15015|priority:1|startupRole:FOLLOWER]|listeners:[], old=null
2023-06-29 22:10:39,923 [48be0ea8-46a6-4e80-b936-879c72e065d6@group-12AE4BFA76DF-LeaderElection2] INFO  impl.LeaderElection (LeaderElection.java:askForVotes(323)) - 48be0ea8-46a6-4e80-b936-879c72e065d6@group-12AE4BFA76DF-LeaderElection2 ELECTION round 0: result PASSED (term=1)
2023-06-29 22:10:39,923 [48be0ea8-46a6-4e80-b936-879c72e065d6@group-12AE4BFA76DF-LeaderElection2] INFO  impl.RoleInfo (RoleInfo.java:shutdownLeaderElection(130)) - 48be0ea8-46a6-4e80-b936-879c72e065d6: shutdown 48be0ea8-46a6-4e80-b936-879c72e065d6@group-12AE4BFA76DF-LeaderElection2
2023-06-29 22:10:39,923 [48be0ea8-46a6-4e80-b936-879c72e065d6@group-12AE4BFA76DF-LeaderElection2] INFO  server.RaftServer$Division (RaftServerImpl.java:setRole(329)) - 48be0ea8-46a6-4e80-b936-879c72e065d6@group-12AE4BFA76DF: changes role from CANDIDATE to LEADER at term 1 for changeToLeader
2023-06-29 22:10:39,923 [48be0ea8-46a6-4e80-b936-879c72e065d6@group-12AE4BFA76DF-LeaderElection2] INFO  ratis.XceiverServerRatis (XceiverServerRatis.java:handleLeaderChangedNotification(902)) - Leader change notification received for group: group-12AE4BFA76DF with new leaderId: 48be0ea8-46a6-4e80-b936-879c72e065d6
2023-06-29 22:10:39,924 [48be0ea8-46a6-4e80-b936-879c72e065d6@group-12AE4BFA76DF-LeaderElection2] INFO  server.RaftServer$Division (ServerState.java:setLeader(317)) - 48be0ea8-46a6-4e80-b936-879c72e065d6@group-12AE4BFA76DF: change Leader from null to 48be0ea8-46a6-4e80-b936-879c72e065d6 at term 1 for becomeLeader, leader elected after 5057ms
2023-06-29 22:10:39,924 [48be0ea8-46a6-4e80-b936-879c72e065d6@group-12AE4BFA76DF-LeaderElection2] INFO  server.RaftServerConfigKeys (ConfUtils.java:logGet(46)) - raft.server.staging.catchup.gap = 1000 (default)
2023-06-29 22:10:39,924 [48be0ea8-46a6-4e80-b936-879c72e065d6@group-12AE4BFA76DF-LeaderElection2] INFO  server.RaftServerConfigKeys (ConfUtils.java:logGet(46)) - raft.server.write.element-limit = 1024 (custom)
2023-06-29 22:10:39,924 [48be0ea8-46a6-4e80-b936-879c72e065d6@group-12AE4BFA76DF-LeaderElection2] INFO  server.RaftServerConfigKeys (ConfUtils.java:logGet(46)) - raft.server.write.byte-limit = 1024 M (=1073741824) (custom)
2023-06-29 22:10:39,924 [48be0ea8-46a6-4e80-b936-879c72e065d6@group-12AE4BFA76DF-LeaderElection2] INFO  server.RaftServerConfigKeys (ConfUtils.java:logGet(46)) - raft.server.watch.timeout = 180s (custom)
2023-06-29 22:10:39,924 [48be0ea8-46a6-4e80-b936-879c72e065d6@group-12AE4BFA76DF-LeaderElection2] INFO  server.RaftServerConfigKeys (ConfUtils.java:logGet(46)) - raft.server.watch.timeout.denomination = 1s (default)
2023-06-29 22:10:39,925 [48be0ea8-46a6-4e80-b936-879c72e065d6@group-12AE4BFA76DF-LeaderElection2] INFO  server.RaftServerConfigKeys (ConfUtils.java:logGet(46)) - raft.server.watch.element-limit = 65536 (default)
2023-06-29 22:10:39,925 [48be0ea8-46a6-4e80-b936-879c72e065d6@group-12AE4BFA76DF-LeaderElection2] INFO  server.RaftServerConfigKeys (ConfUtils.java:logGet(46)) - raft.server.write.element-limit = 1024 (custom)
2023-06-29 22:10:39,925 [48be0ea8-46a6-4e80-b936-879c72e065d6@group-12AE4BFA76DF-LeaderElection2] INFO  server.RaftServerConfigKeys (ConfUtils.java:logGet(46)) - raft.server.write.follower.gap.ratio.max = -1.0 (default)
2023-06-29 22:10:39,925 [48be0ea8-46a6-4e80-b936-879c72e065d6@group-12AE4BFA76DF-LeaderElection2] INFO  impl.RoleInfo (RoleInfo.java:updateAndGet(139)) - 48be0ea8-46a6-4e80-b936-879c72e065d6: start 48be0ea8-46a6-4e80-b936-879c72e065d6@group-12AE4BFA76DF-LeaderStateImpl
2023-06-29 22:10:39,926 [48be0ea8-46a6-4e80-b936-879c72e065d6@group-12AE4BFA76DF-LeaderElection2] INFO  segmented.SegmentedRaftLogWorker (SegmentedRaftLogWorker.java:startLogSegment(447)) - 48be0ea8-46a6-4e80-b936-879c72e065d6@group-12AE4BFA76DF-SegmentedRaftLogWorker: Starting segment from index:0
2023-06-29 22:10:39,929 [EventQueue-OpenPipelineForHealthyPipelineSafeModeRule] INFO  safemode.SCMSafeModeManager (HealthyPipelineSafeModeRule.java:process(137)) - SCM in safe mode. Healthy pipelines reported count is 0, required healthy pipeline reported count is 1
2023-06-29 22:10:39,929 [48be0ea8-46a6-4e80-b936-879c72e065d6@group-12AE4BFA76DF-SegmentedRaftLogWorker] INFO  segmented.SegmentedRaftLogWorker (SegmentedRaftLogWorker.java:execute(651)) - 48be0ea8-46a6-4e80-b936-879c72e065d6@group-12AE4BFA76DF-SegmentedRaftLogWorker: created new log segment /home/runner/work/ozone/ozone/hadoop-ozone/integration-test/target/test-dir/MiniOzoneClusterImpl-ecb232db-3c23-47bf-871f-23bcde51c85c/datanode-0/data/ratis/dcf3c852-6ad7-48f8-ab88-12ae4bfa76df/current/log_inprogress_0
2023-06-29 22:10:39,931 [48be0ea8-46a6-4e80-b936-879c72e065d6@group-12AE4BFA76DF-LeaderElection2] INFO  server.RaftServer$Division (ServerState.java:setRaftConf(434)) - 48be0ea8-46a6-4e80-b936-879c72e065d6@group-12AE4BFA76DF: set configuration 0: peers:[48be0ea8-46a6-4e80-b936-879c72e065d6|rpc:10.1.0.248:15014|admin:10.1.0.248:15013|client:10.1.0.248:15012|dataStream:10.1.0.248:15015|priority:1|startupRole:FOLLOWER]|listeners:[], old=null
2023-06-29 22:10:40,128 [48be0ea8-46a6-4e80-b936-879c72e065d6@group-AA8E299D83D3-FollowerState] INFO  impl.FollowerState (FollowerState.java:run(143)) - 48be0ea8-46a6-4e80-b936-879c72e065d6@group-AA8E299D83D3-FollowerState: change to CANDIDATE, lastRpcElapsedTime:5194067433ns, electionTimeout:5189ms
2023-06-29 22:10:40,128 [48be0ea8-46a6-4e80-b936-879c72e065d6@group-AA8E299D83D3-FollowerState] INFO  impl.RoleInfo (RoleInfo.java:shutdownFollowerState(110)) - 48be0ea8-46a6-4e80-b936-879c72e065d6: shutdown 48be0ea8-46a6-4e80-b936-879c72e065d6@group-AA8E299D83D3-FollowerState
2023-06-29 22:10:40,129 [48be0ea8-46a6-4e80-b936-879c72e065d6@group-AA8E299D83D3-FollowerState] INFO  server.RaftServer$Division (RaftServerImpl.java:setRole(329)) - 48be0ea8-46a6-4e80-b936-879c72e065d6@group-AA8E299D83D3: changes role from  FOLLOWER to CANDIDATE at term 0 for changeToCandidate
2023-06-29 22:10:40,129 [48be0ea8-46a6-4e80-b936-879c72e065d6@group-AA8E299D83D3-FollowerState] INFO  server.RaftServerConfigKeys (ConfUtils.java:logGet(46)) - raft.server.leaderelection.pre-vote = true (default)
2023-06-29 22:10:40,129 [48be0ea8-46a6-4e80-b936-879c72e065d6@group-AA8E299D83D3-FollowerState] INFO  impl.RoleInfo (RoleInfo.java:updateAndGet(139)) - 48be0ea8-46a6-4e80-b936-879c72e065d6: start 48be0ea8-46a6-4e80-b936-879c72e065d6@group-AA8E299D83D3-LeaderElection3
2023-06-29 22:10:40,133 [48be0ea8-46a6-4e80-b936-879c72e065d6@group-AA8E299D83D3-LeaderElection3] INFO  impl.LeaderElection (LeaderElection.java:askForVotes(321)) - 48be0ea8-46a6-4e80-b936-879c72e065d6@group-AA8E299D83D3-LeaderElection3 PRE_VOTE round 0: submit vote requests at term 0 for -1: peers:[fe774388-89b0-43a1-8132-3e981ddd9c14|rpc:10.1.0.248:15023|admin:10.1.0.248:15022|client:10.1.0.248:15021|dataStream:10.1.0.248:15024|priority:0|startupRole:FOLLOWER, d2cb3656-736c-45ed-9177-765defc8baa4|rpc:10.1.0.248:15032|admin:10.1.0.248:15031|client:10.1.0.248:15030|dataStream:10.1.0.248:15033|priority:1|startupRole:FOLLOWER, 48be0ea8-46a6-4e80-b936-879c72e065d6|rpc:10.1.0.248:15014|admin:10.1.0.248:15013|client:10.1.0.248:15012|dataStream:10.1.0.248:15015|priority:0|startupRole:FOLLOWER]|listeners:[], old=null
2023-06-29 22:10:40,138 [48be0ea8-46a6-4e80-b936-879c72e065d6@group-AA8E299D83D3-LeaderElection3] INFO  server.RaftServerConfigKeys (ConfUtils.java:logFallback(53)) - raft.server.rpc.first-election.timeout.min = 5s (fallback to raft.server.rpc.timeout.min)
2023-06-29 22:10:40,138 [48be0ea8-46a6-4e80-b936-879c72e065d6@group-AA8E299D83D3-LeaderElection3] INFO  server.RaftServerConfigKeys (ConfUtils.java:logFallback(53)) - raft.server.rpc.first-election.timeout.max = 5200ms (fallback to raft.server.rpc.timeout.max)
2023-06-29 22:10:40,141 [48be0ea8-46a6-4e80-b936-879c72e065d6@group-AA8E299D83D3-LeaderElection3-1] INFO  server.GrpcServerProtocolClient (GrpcServerProtocolClient.java:<init>(65)) - Build channel for fe774388-89b0-43a1-8132-3e981ddd9c14
2023-06-29 22:10:40,141 [48be0ea8-46a6-4e80-b936-879c72e065d6@group-AA8E299D83D3-LeaderElection3-2] INFO  server.GrpcServerProtocolClient (GrpcServerProtocolClient.java:<init>(65)) - Build channel for d2cb3656-736c-45ed-9177-765defc8baa4
2023-06-29 22:10:40,161 [grpc-default-executor-0] INFO  server.RaftServer$Division (RaftServerImpl.java:requestVote(1302)) - d2cb3656-736c-45ed-9177-765defc8baa4@group-AA8E299D83D3: receive requestVote(PRE_VOTE, 48be0ea8-46a6-4e80-b936-879c72e065d6, group-AA8E299D83D3, 0, (t:0, i:0))
2023-06-29 22:10:40,163 [grpc-default-executor-0] INFO  impl.VoteContext (VoteContext.java:log(49)) - d2cb3656-736c-45ed-9177-765defc8baa4@group-AA8E299D83D3-FOLLOWER: reject PRE_VOTE from 48be0ea8-46a6-4e80-b936-879c72e065d6: our priority 1 > candidate's priority 0
2023-06-29 22:10:40,165 [grpc-default-executor-0] INFO  server.RaftServer$Division (RaftServerImpl.java:requestVote(1335)) - d2cb3656-736c-45ed-9177-765defc8baa4@group-AA8E299D83D3 replies to PRE_VOTE vote request: 48be0ea8-46a6-4e80-b936-879c72e065d6<-d2cb3656-736c-45ed-9177-765defc8baa4#0:FAIL-t0. Peer's state: d2cb3656-736c-45ed-9177-765defc8baa4@group-AA8E299D83D3:t0, leader=null, voted=, raftlog=Memoized:d2cb3656-736c-45ed-9177-765defc8baa4@group-AA8E299D83D3-SegmentedRaftLog:OPENED:c-1, conf=-1: peers:[fe774388-89b0-43a1-8132-3e981ddd9c14|rpc:10.1.0.248:15023|admin:10.1.0.248:15022|client:10.1.0.248:15021|dataStream:10.1.0.248:15024|priority:0|startupRole:FOLLOWER, d2cb3656-736c-45ed-9177-765defc8baa4|rpc:10.1.0.248:15032|admin:10.1.0.248:15031|client:10.1.0.248:15030|dataStream:10.1.0.248:15033|priority:1|startupRole:FOLLOWER, 48be0ea8-46a6-4e80-b936-879c72e065d6|rpc:10.1.0.248:15014|admin:10.1.0.248:15013|client:10.1.0.248:15012|dataStream:10.1.0.248:15015|priority:0|startupRole:FOLLOWER]|listeners:[], old=null
2023-06-29 22:10:40,171 [48be0ea8-46a6-4e80-b936-879c72e065d6@group-AA8E299D83D3-LeaderElection3] INFO  impl.LeaderElection (LeaderElection.java:logAndReturn(90)) - 48be0ea8-46a6-4e80-b936-879c72e065d6@group-AA8E299D83D3-LeaderElection3: PRE_VOTE REJECTED received 1 response(s) and 0 exception(s):
2023-06-29 22:10:40,171 [48be0ea8-46a6-4e80-b936-879c72e065d6@group-AA8E299D83D3-LeaderElection3] INFO  impl.LeaderElection (LeaderElection.java:logAndReturn(94)) -   Response 0: 48be0ea8-46a6-4e80-b936-879c72e065d6<-d2cb3656-736c-45ed-9177-765defc8baa4#0:FAIL-t0
2023-06-29 22:10:40,171 [48be0ea8-46a6-4e80-b936-879c72e065d6@group-AA8E299D83D3-LeaderElection3] INFO  impl.LeaderElection (LeaderElection.java:askForVotes(323)) - 48be0ea8-46a6-4e80-b936-879c72e065d6@group-AA8E299D83D3-LeaderElection3 PRE_VOTE round 0: result REJECTED
2023-06-29 22:10:40,171 [48be0ea8-46a6-4e80-b936-879c72e065d6@group-AA8E299D83D3-LeaderElection3] INFO  server.RaftServer$Division (RaftServerImpl.java:setRole(329)) - 48be0ea8-46a6-4e80-b936-879c72e065d6@group-AA8E299D83D3: changes role from CANDIDATE to FOLLOWER at term 0 for REJECTED
2023-06-29 22:10:40,171 [48be0ea8-46a6-4e80-b936-879c72e065d6@group-AA8E299D83D3-LeaderElection3] INFO  impl.RoleInfo (RoleInfo.java:shutdownLeaderElection(130)) - 48be0ea8-46a6-4e80-b936-879c72e065d6: shutdown 48be0ea8-46a6-4e80-b936-879c72e065d6@group-AA8E299D83D3-LeaderElection3
2023-06-29 22:10:40,171 [48be0ea8-46a6-4e80-b936-879c72e065d6@group-AA8E299D83D3-LeaderElection3] INFO  impl.RoleInfo (RoleInfo.java:updateAndGet(139)) - 48be0ea8-46a6-4e80-b936-879c72e065d6: start 48be0ea8-46a6-4e80-b936-879c72e065d6@group-AA8E299D83D3-FollowerState
2023-06-29 22:10:40,172 [grpc-default-executor-0] INFO  server.RaftServer$Division (RaftServerImpl.java:requestVote(1302)) - fe774388-89b0-43a1-8132-3e981ddd9c14@group-AA8E299D83D3: receive requestVote(PRE_VOTE, 48be0ea8-46a6-4e80-b936-879c72e065d6, group-AA8E299D83D3, 0, (t:0, i:0))
2023-06-29 22:10:40,173 [grpc-default-executor-0] INFO  impl.VoteContext (VoteContext.java:log(49)) - fe774388-89b0-43a1-8132-3e981ddd9c14@group-AA8E299D83D3-FOLLOWER: accept PRE_VOTE from 48be0ea8-46a6-4e80-b936-879c72e065d6: our priority 0 <= candidate's priority 0
2023-06-29 22:10:40,176 [grpc-default-executor-0] INFO  server.RaftServer$Division (RaftServerImpl.java:requestVote(1335)) - fe774388-89b0-43a1-8132-3e981ddd9c14@group-AA8E299D83D3 replies to PRE_VOTE vote request: 48be0ea8-46a6-4e80-b936-879c72e065d6<-fe774388-89b0-43a1-8132-3e981ddd9c14#0:OK-t0. Peer's state: fe774388-89b0-43a1-8132-3e981ddd9c14@group-AA8E299D83D3:t0, leader=null, voted=, raftlog=Memoized:fe774388-89b0-43a1-8132-3e981ddd9c14@group-AA8E299D83D3-SegmentedRaftLog:OPENED:c-1, conf=-1: peers:[fe774388-89b0-43a1-8132-3e981ddd9c14|rpc:10.1.0.248:15023|admin:10.1.0.248:15022|client:10.1.0.248:15021|dataStream:10.1.0.248:15024|priority:0|startupRole:FOLLOWER, d2cb3656-736c-45ed-9177-765defc8baa4|rpc:10.1.0.248:15032|admin:10.1.0.248:15031|client:10.1.0.248:15030|dataStream:10.1.0.248:15033|priority:1|startupRole:FOLLOWER, 48be0ea8-46a6-4e80-b936-879c72e065d6|rpc:10.1.0.248:15014|admin:10.1.0.248:15013|client:10.1.0.248:15012|dataStream:10.1.0.248:15015|priority:0|startupRole:FOLLOWER]|listeners:[], old=null
2023-06-29 22:10:40,379 [fe774388-89b0-43a1-8132-3e981ddd9c14@group-AA8E299D83D3-FollowerState] INFO  server.RaftServerConfigKeys (ConfUtils.java:logFallback(53)) - raft.server.rpc.first-election.timeout.min = 5s (fallback to raft.server.rpc.timeout.min)
2023-06-29 22:10:40,379 [fe774388-89b0-43a1-8132-3e981ddd9c14@group-AA8E299D83D3-FollowerState] INFO  server.RaftServerConfigKeys (ConfUtils.java:logFallback(53)) - raft.server.rpc.first-election.timeout.max = 5200ms (fallback to raft.server.rpc.timeout.max)
2023-06-29 22:10:40,404 [d2cb3656-736c-45ed-9177-765defc8baa4@group-AA8E299D83D3-FollowerState] INFO  impl.FollowerState (FollowerState.java:run(143)) - d2cb3656-736c-45ed-9177-765defc8baa4@group-AA8E299D83D3-FollowerState: change to CANDIDATE, lastRpcElapsedTime:5061303944ns, electionTimeout:5058ms
2023-06-29 22:10:40,404 [d2cb3656-736c-45ed-9177-765defc8baa4@group-AA8E299D83D3-FollowerState] INFO  impl.RoleInfo (RoleInfo.java:shutdownFollowerState(110)) - d2cb3656-736c-45ed-9177-765defc8baa4: shutdown d2cb3656-736c-45ed-9177-765defc8baa4@group-AA8E299D83D3-FollowerState
2023-06-29 22:10:40,404 [d2cb3656-736c-45ed-9177-765defc8baa4@group-AA8E299D83D3-FollowerState] INFO  server.RaftServer$Division (RaftServerImpl.java:setRole(329)) - d2cb3656-736c-45ed-9177-765defc8baa4@group-AA8E299D83D3: changes role from  FOLLOWER to CANDIDATE at term 0 for changeToCandidate
2023-06-29 22:10:40,406 [d2cb3656-736c-45ed-9177-765defc8baa4@group-AA8E299D83D3-FollowerState] INFO  server.RaftServerConfigKeys (ConfUtils.java:logGet(46)) - raft.server.leaderelection.pre-vote = true (default)
2023-06-29 22:10:40,406 [d2cb3656-736c-45ed-9177-765defc8baa4@group-AA8E299D83D3-FollowerState] INFO  impl.RoleInfo (RoleInfo.java:updateAndGet(139)) - d2cb3656-736c-45ed-9177-765defc8baa4: start d2cb3656-736c-45ed-9177-765defc8baa4@group-AA8E299D83D3-LeaderElection4
2023-06-29 22:10:40,409 [d2cb3656-736c-45ed-9177-765defc8baa4@group-AA8E299D83D3-LeaderElection4] INFO  impl.LeaderElection (LeaderElection.java:askForVotes(321)) - d2cb3656-736c-45ed-9177-765defc8baa4@group-AA8E299D83D3-LeaderElection4 PRE_VOTE round 0: submit vote requests at term 0 for -1: peers:[fe774388-89b0-43a1-8132-3e981ddd9c14|rpc:10.1.0.248:15023|admin:10.1.0.248:15022|client:10.1.0.248:15021|dataStream:10.1.0.248:15024|priority:0|startupRole:FOLLOWER, d2cb3656-736c-45ed-9177-765defc8baa4|rpc:10.1.0.248:15032|admin:10.1.0.248:15031|client:10.1.0.248:15030|dataStream:10.1.0.248:15033|priority:1|startupRole:FOLLOWER, 48be0ea8-46a6-4e80-b936-879c72e065d6|rpc:10.1.0.248:15014|admin:10.1.0.248:15013|client:10.1.0.248:15012|dataStream:10.1.0.248:15015|priority:0|startupRole:FOLLOWER]|listeners:[], old=null
2023-06-29 22:10:40,410 [d2cb3656-736c-45ed-9177-765defc8baa4@group-AA8E299D83D3-LeaderElection4-1] INFO  server.GrpcServerProtocolClient (GrpcServerProtocolClient.java:<init>(65)) - Build channel for fe774388-89b0-43a1-8132-3e981ddd9c14
2023-06-29 22:10:40,412 [d2cb3656-736c-45ed-9177-765defc8baa4@group-AA8E299D83D3-LeaderElection4] INFO  server.RaftServerConfigKeys (ConfUtils.java:logFallback(53)) - raft.server.rpc.first-election.timeout.min = 5s (fallback to raft.server.rpc.timeout.min)
2023-06-29 22:10:40,413 [d2cb3656-736c-45ed-9177-765defc8baa4@group-AA8E299D83D3-LeaderElection4] INFO  server.RaftServerConfigKeys (ConfUtils.java:logFallback(53)) - raft.server.rpc.first-election.timeout.max = 5200ms (fallback to raft.server.rpc.timeout.max)
2023-06-29 22:10:40,415 [d2cb3656-736c-45ed-9177-765defc8baa4@group-AA8E299D83D3-LeaderElection4-2] INFO  server.GrpcServerProtocolClient (GrpcServerProtocolClient.java:<init>(65)) - Build channel for 48be0ea8-46a6-4e80-b936-879c72e065d6
2023-06-29 22:10:40,426 [grpc-default-executor-0] INFO  server.RaftServer$Division (RaftServerImpl.java:requestVote(1302)) - fe774388-89b0-43a1-8132-3e981ddd9c14@group-AA8E299D83D3: receive requestVote(PRE_VOTE, d2cb3656-736c-45ed-9177-765defc8baa4, group-AA8E299D83D3, 0, (t:0, i:0))
2023-06-29 22:10:40,426 [grpc-default-executor-0] INFO  impl.VoteContext (VoteContext.java:log(49)) - fe774388-89b0-43a1-8132-3e981ddd9c14@group-AA8E299D83D3-FOLLOWER: accept PRE_VOTE from d2cb3656-736c-45ed-9177-765defc8baa4: our priority 0 <= candidate's priority 1
2023-06-29 22:10:40,426 [grpc-default-executor-0] INFO  server.RaftServer$Division (RaftServerImpl.java:requestVote(1335)) - fe774388-89b0-43a1-8132-3e981ddd9c14@group-AA8E299D83D3 replies to PRE_VOTE vote request: d2cb3656-736c-45ed-9177-765defc8baa4<-fe774388-89b0-43a1-8132-3e981ddd9c14#0:OK-t0. Peer's state: fe774388-89b0-43a1-8132-3e981ddd9c14@group-AA8E299D83D3:t0, leader=null, voted=, raftlog=Memoized:fe774388-89b0-43a1-8132-3e981ddd9c14@group-AA8E299D83D3-SegmentedRaftLog:OPENED:c-1, conf=-1: peers:[fe774388-89b0-43a1-8132-3e981ddd9c14|rpc:10.1.0.248:15023|admin:10.1.0.248:15022|client:10.1.0.248:15021|dataStream:10.1.0.248:15024|priority:0|startupRole:FOLLOWER, d2cb3656-736c-45ed-9177-765defc8baa4|rpc:10.1.0.248:15032|admin:10.1.0.248:15031|client:10.1.0.248:15030|dataStream:10.1.0.248:15033|priority:1|startupRole:FOLLOWER, 48be0ea8-46a6-4e80-b936-879c72e065d6|rpc:10.1.0.248:15014|admin:10.1.0.248:15013|client:10.1.0.248:15012|dataStream:10.1.0.248:15015|priority:0|startupRole:FOLLOWER]|listeners:[], old=null
2023-06-29 22:10:40,431 [d2cb3656-736c-45ed-9177-765defc8baa4@group-AA8E299D83D3-LeaderElection4] INFO  impl.LeaderElection (LeaderElection.java:logAndReturn(90)) - d2cb3656-736c-45ed-9177-765defc8baa4@group-AA8E299D83D3-LeaderElection4: PRE_VOTE PASSED received 1 response(s) and 0 exception(s):
2023-06-29 22:10:40,431 [d2cb3656-736c-45ed-9177-765defc8baa4@group-AA8E299D83D3-LeaderElection4] INFO  impl.LeaderElection (LeaderElection.java:logAndReturn(94)) -   Response 0: d2cb3656-736c-45ed-9177-765defc8baa4<-fe774388-89b0-43a1-8132-3e981ddd9c14#0:OK-t0
2023-06-29 22:10:40,431 [d2cb3656-736c-45ed-9177-765defc8baa4@group-AA8E299D83D3-LeaderElection4] INFO  impl.LeaderElection (LeaderElection.java:askForVotes(323)) - d2cb3656-736c-45ed-9177-765defc8baa4@group-AA8E299D83D3-LeaderElection4 PRE_VOTE round 0: result PASSED
2023-06-29 22:10:40,432 [d2cb3656-736c-45ed-9177-765defc8baa4@group-AA8E299D83D3-LeaderElection4] INFO  impl.LeaderElection (LeaderElection.java:askForVotes(321)) - d2cb3656-736c-45ed-9177-765defc8baa4@group-AA8E299D83D3-LeaderElection4 ELECTION round 0: submit vote requests at term 1 for -1: peers:[fe774388-89b0-43a1-8132-3e981ddd9c14|rpc:10.1.0.248:15023|admin:10.1.0.248:15022|client:10.1.0.248:15021|dataStream:10.1.0.248:15024|priority:0|startupRole:FOLLOWER, d2cb3656-736c-45ed-9177-765defc8baa4|rpc:10.1.0.248:15032|admin:10.1.0.248:15031|client:10.1.0.248:15030|dataStream:10.1.0.248:15033|priority:1|startupRole:FOLLOWER, 48be0ea8-46a6-4e80-b936-879c72e065d6|rpc:10.1.0.248:15014|admin:10.1.0.248:15013|client:10.1.0.248:15012|dataStream:10.1.0.248:15015|priority:0|startupRole:FOLLOWER]|listeners:[], old=null
2023-06-29 22:10:40,433 [d2cb3656-736c-45ed-9177-765defc8baa4@group-AA8E299D83D3-LeaderElection4] INFO  server.RaftServerConfigKeys (ConfUtils.java:logFallback(53)) - raft.server.rpc.first-election.timeout.min = 5s (fallback to raft.server.rpc.timeout.min)
2023-06-29 22:10:40,433 [d2cb3656-736c-45ed-9177-765defc8baa4@group-AA8E299D83D3-LeaderElection4] INFO  server.RaftServerConfigKeys (ConfUtils.java:logFallback(53)) - raft.server.rpc.first-election.timeout.max = 5200ms (fallback to raft.server.rpc.timeout.max)
2023-06-29 22:10:40,441 [grpc-default-executor-0] INFO  server.RaftServer$Division (RaftServerImpl.java:requestVote(1302)) - fe774388-89b0-43a1-8132-3e981ddd9c14@group-AA8E299D83D3: receive requestVote(ELECTION, d2cb3656-736c-45ed-9177-765defc8baa4, group-AA8E299D83D3, 1, (t:0, i:0))
2023-06-29 22:10:40,443 [grpc-default-executor-0] INFO  impl.VoteContext (VoteContext.java:log(49)) - fe774388-89b0-43a1-8132-3e981ddd9c14@group-AA8E299D83D3-FOLLOWER: accept ELECTION from d2cb3656-736c-45ed-9177-765defc8baa4: our priority 0 <= candidate's priority 1
2023-06-29 22:10:40,443 [grpc-default-executor-0] INFO  server.RaftServer$Division (RaftServerImpl.java:setRole(329)) - fe774388-89b0-43a1-8132-3e981ddd9c14@group-AA8E299D83D3: changes role from  FOLLOWER to FOLLOWER at term 1 for candidate:d2cb3656-736c-45ed-9177-765defc8baa4
2023-06-29 22:10:40,443 [grpc-default-executor-0] INFO  impl.RoleInfo (RoleInfo.java:shutdownFollowerState(110)) - fe774388-89b0-43a1-8132-3e981ddd9c14: shutdown fe774388-89b0-43a1-8132-3e981ddd9c14@group-AA8E299D83D3-FollowerState
2023-06-29 22:10:40,443 [grpc-default-executor-0] INFO  impl.RoleInfo (RoleInfo.java:updateAndGet(139)) - fe774388-89b0-43a1-8132-3e981ddd9c14: start fe774388-89b0-43a1-8132-3e981ddd9c14@group-AA8E299D83D3-FollowerState
2023-06-29 22:10:40,443 [fe774388-89b0-43a1-8132-3e981ddd9c14@group-AA8E299D83D3-FollowerState] INFO  impl.FollowerState (FollowerState.java:run(152)) - fe774388-89b0-43a1-8132-3e981ddd9c14@group-AA8E299D83D3-FollowerState was interrupted
2023-06-29 22:10:40,456 [grpc-default-executor-0] INFO  server.RaftServer$Division (RaftServerImpl.java:requestVote(1335)) - fe774388-89b0-43a1-8132-3e981ddd9c14@group-AA8E299D83D3 replies to ELECTION vote request: d2cb3656-736c-45ed-9177-765defc8baa4<-fe774388-89b0-43a1-8132-3e981ddd9c14#0:OK-t1. Peer's state: fe774388-89b0-43a1-8132-3e981ddd9c14@group-AA8E299D83D3:t1, leader=null, voted=d2cb3656-736c-45ed-9177-765defc8baa4, raftlog=Memoized:fe774388-89b0-43a1-8132-3e981ddd9c14@group-AA8E299D83D3-SegmentedRaftLog:OPENED:c-1, conf=-1: peers:[fe774388-89b0-43a1-8132-3e981ddd9c14|rpc:10.1.0.248:15023|admin:10.1.0.248:15022|client:10.1.0.248:15021|dataStream:10.1.0.248:15024|priority:0|startupRole:FOLLOWER, d2cb3656-736c-45ed-9177-765defc8baa4|rpc:10.1.0.248:15032|admin:10.1.0.248:15031|client:10.1.0.248:15030|dataStream:10.1.0.248:15033|priority:1|startupRole:FOLLOWER, 48be0ea8-46a6-4e80-b936-879c72e065d6|rpc:10.1.0.248:15014|admin:10.1.0.248:15013|client:10.1.0.248:15012|dataStream:10.1.0.248:15015|priority:0|startupRole:FOLLOWER]|listeners:[], old=null
2023-06-29 22:10:40,458 [grpc-default-executor-2] INFO  server.RaftServer$Division (RaftServerImpl.java:requestVote(1302)) - 48be0ea8-46a6-4e80-b936-879c72e065d6@group-AA8E299D83D3: receive requestVote(ELECTION, d2cb3656-736c-45ed-9177-765defc8baa4, group-AA8E299D83D3, 1, (t:0, i:0))
2023-06-29 22:10:40,458 [grpc-default-executor-2] INFO  impl.VoteContext (VoteContext.java:log(49)) - 48be0ea8-46a6-4e80-b936-879c72e065d6@group-AA8E299D83D3-FOLLOWER: accept ELECTION from d2cb3656-736c-45ed-9177-765defc8baa4: our priority 0 <= candidate's priority 1
2023-06-29 22:10:40,459 [grpc-default-executor-2] INFO  server.RaftServer$Division (RaftServerImpl.java:setRole(329)) - 48be0ea8-46a6-4e80-b936-879c72e065d6@group-AA8E299D83D3: changes role from  FOLLOWER to FOLLOWER at term 1 for candidate:d2cb3656-736c-45ed-9177-765defc8baa4
2023-06-29 22:10:40,459 [grpc-default-executor-2] INFO  impl.RoleInfo (RoleInfo.java:shutdownFollowerState(110)) - 48be0ea8-46a6-4e80-b936-879c72e065d6: shutdown 48be0ea8-46a6-4e80-b936-879c72e065d6@group-AA8E299D83D3-FollowerState
2023-06-29 22:10:40,459 [48be0ea8-46a6-4e80-b936-879c72e065d6@group-AA8E299D83D3-FollowerState] INFO  impl.FollowerState (FollowerState.java:run(152)) - 48be0ea8-46a6-4e80-b936-879c72e065d6@group-AA8E299D83D3-FollowerState was interrupted
2023-06-29 22:10:40,460 [grpc-default-executor-2] INFO  impl.RoleInfo (RoleInfo.java:updateAndGet(139)) - 48be0ea8-46a6-4e80-b936-879c72e065d6: start 48be0ea8-46a6-4e80-b936-879c72e065d6@group-AA8E299D83D3-FollowerState
2023-06-29 22:10:40,460 [d2cb3656-736c-45ed-9177-765defc8baa4@group-AA8E299D83D3-LeaderElection4] INFO  impl.LeaderElection (LeaderElection.java:logAndReturn(90)) - d2cb3656-736c-45ed-9177-765defc8baa4@group-AA8E299D83D3-LeaderElection4: ELECTION PASSED received 1 response(s) and 0 exception(s):
2023-06-29 22:10:40,460 [d2cb3656-736c-45ed-9177-765defc8baa4@group-AA8E299D83D3-LeaderElection4] INFO  impl.LeaderElection (LeaderElection.java:logAndReturn(94)) -   Response 0: d2cb3656-736c-45ed-9177-765defc8baa4<-fe774388-89b0-43a1-8132-3e981ddd9c14#0:OK-t1
2023-06-29 22:10:40,460 [d2cb3656-736c-45ed-9177-765defc8baa4@group-AA8E299D83D3-LeaderElection4] INFO  impl.LeaderElection (LeaderElection.java:askForVotes(323)) - d2cb3656-736c-45ed-9177-765defc8baa4@group-AA8E299D83D3-LeaderElection4 ELECTION round 0: result PASSED
2023-06-29 22:10:40,460 [d2cb3656-736c-45ed-9177-765defc8baa4@group-AA8E299D83D3-LeaderElection4] INFO  impl.RoleInfo (RoleInfo.java:shutdownLeaderElection(130)) - d2cb3656-736c-45ed-9177-765defc8baa4: shutdown d2cb3656-736c-45ed-9177-765defc8baa4@group-AA8E299D83D3-LeaderElection4
2023-06-29 22:10:40,460 [d2cb3656-736c-45ed-9177-765defc8baa4@group-AA8E299D83D3-LeaderElection4] INFO  server.RaftServer$Division (RaftServerImpl.java:setRole(329)) - d2cb3656-736c-45ed-9177-765defc8baa4@group-AA8E299D83D3: changes role from CANDIDATE to LEADER at term 1 for changeToLeader
2023-06-29 22:10:40,460 [d2cb3656-736c-45ed-9177-765defc8baa4@group-AA8E299D83D3-LeaderElection4] INFO  ratis.XceiverServerRatis (XceiverServerRatis.java:handleLeaderChangedNotification(902)) - Leader change notification received for group: group-AA8E299D83D3 with new leaderId: d2cb3656-736c-45ed-9177-765defc8baa4
2023-06-29 22:10:40,461 [grpc-default-executor-2] INFO  server.RaftServer$Division (RaftServerImpl.java:requestVote(1335)) - 48be0ea8-46a6-4e80-b936-879c72e065d6@group-AA8E299D83D3 replies to ELECTION vote request: d2cb3656-736c-45ed-9177-765defc8baa4<-48be0ea8-46a6-4e80-b936-879c72e065d6#0:OK-t1. Peer's state: 48be0ea8-46a6-4e80-b936-879c72e065d6@group-AA8E299D83D3:t1, leader=null, voted=d2cb3656-736c-45ed-9177-765defc8baa4, raftlog=Memoized:48be0ea8-46a6-4e80-b936-879c72e065d6@group-AA8E299D83D3-SegmentedRaftLog:OPENED:c-1, conf=-1: peers:[fe774388-89b0-43a1-8132-3e981ddd9c14|rpc:10.1.0.248:15023|admin:10.1.0.248:15022|client:10.1.0.248:15021|dataStream:10.1.0.248:15024|priority:0|startupRole:FOLLOWER, d2cb3656-736c-45ed-9177-765defc8baa4|rpc:10.1.0.248:15032|admin:10.1.0.248:15031|client:10.1.0.248:15030|dataStream:10.1.0.248:15033|priority:1|startupRole:FOLLOWER, 48be0ea8-46a6-4e80-b936-879c72e065d6|rpc:10.1.0.248:15014|admin:10.1.0.248:15013|client:10.1.0.248:15012|dataStream:10.1.0.248:15015|priority:0|startupRole:FOLLOWER]|listeners:[], old=null
2023-06-29 22:10:40,461 [d2cb3656-736c-45ed-9177-765defc8baa4@group-AA8E299D83D3-LeaderElection4] INFO  server.RaftServer$Division (ServerState.java:setLeader(317)) - d2cb3656-736c-45ed-9177-765defc8baa4@group-AA8E299D83D3: change Leader from null to d2cb3656-736c-45ed-9177-765defc8baa4 at term 1 for becomeLeader, leader elected after 5158ms
2023-06-29 22:10:40,461 [d2cb3656-736c-45ed-9177-765defc8baa4@group-AA8E299D83D3-LeaderElection4] INFO  server.RaftServerConfigKeys (ConfUtils.java:logGet(46)) - raft.server.staging.catchup.gap = 1000 (default)
2023-06-29 22:10:40,461 [d2cb3656-736c-45ed-9177-765defc8baa4@group-AA8E299D83D3-LeaderElection4] INFO  server.RaftServerConfigKeys (ConfUtils.java:logGet(46)) - raft.server.write.element-limit = 1024 (custom)
2023-06-29 22:10:40,462 [d2cb3656-736c-45ed-9177-765defc8baa4@group-AA8E299D83D3-LeaderElection4] INFO  server.RaftServerConfigKeys (ConfUtils.java:logGet(46)) - raft.server.write.byte-limit = 1024 M (=1073741824) (custom)
2023-06-29 22:10:40,462 [d2cb3656-736c-45ed-9177-765defc8baa4@group-AA8E299D83D3-LeaderElection4] INFO  server.RaftServerConfigKeys (ConfUtils.java:logGet(46)) - raft.server.watch.timeout = 180s (custom)
2023-06-29 22:10:40,462 [d2cb3656-736c-45ed-9177-765defc8baa4@group-AA8E299D83D3-LeaderElection4] INFO  server.RaftServerConfigKeys (ConfUtils.java:logGet(46)) - raft.server.watch.timeout.denomination = 1s (default)
2023-06-29 22:10:40,462 [grpc-default-executor-2] INFO  server.RaftServer$Division (RaftServerImpl.java:requestVote(1302)) - 48be0ea8-46a6-4e80-b936-879c72e065d6@group-AA8E299D83D3: receive requestVote(PRE_VOTE, d2cb3656-736c-45ed-9177-765defc8baa4, group-AA8E299D83D3, 0, (t:0, i:0))
2023-06-29 22:10:40,462 [d2cb3656-736c-45ed-9177-765defc8baa4@group-AA8E299D83D3-LeaderElection4] INFO  server.RaftServerConfigKeys (ConfUtils.java:logGet(46)) - raft.server.watch.element-limit = 65536 (default)
2023-06-29 22:10:40,462 [grpc-default-executor-2] INFO  impl.VoteContext (VoteContext.java:log(49)) - 48be0ea8-46a6-4e80-b936-879c72e065d6@group-AA8E299D83D3-FOLLOWER: accept PRE_VOTE from d2cb3656-736c-45ed-9177-765defc8baa4: our priority 0 <= candidate's priority 1
2023-06-29 22:10:40,462 [d2cb3656-736c-45ed-9177-765defc8baa4@group-AA8E299D83D3-LeaderElection4] INFO  server.RaftServerConfigKeys (ConfUtils.java:logGet(46)) - raft.server.write.element-limit = 1024 (custom)
2023-06-29 22:10:40,462 [d2cb3656-736c-45ed-9177-765defc8baa4@group-AA8E299D83D3-LeaderElection4] INFO  server.RaftServerConfigKeys (ConfUtils.java:logGet(46)) - raft.server.write.follower.gap.ratio.max = -1.0 (default)
2023-06-29 22:10:40,462 [grpc-default-executor-2] INFO  server.RaftServer$Division (RaftServerImpl.java:requestVote(1335)) - 48be0ea8-46a6-4e80-b936-879c72e065d6@group-AA8E299D83D3 replies to PRE_VOTE vote request: d2cb3656-736c-45ed-9177-765defc8baa4<-48be0ea8-46a6-4e80-b936-879c72e065d6#0:OK-t1. Peer's state: 48be0ea8-46a6-4e80-b936-879c72e065d6@group-AA8E299D83D3:t1, leader=null, voted=d2cb3656-736c-45ed-9177-765defc8baa4, raftlog=Memoized:48be0ea8-46a6-4e80-b936-879c72e065d6@group-AA8E299D83D3-SegmentedRaftLog:OPENED:c-1, conf=-1: peers:[fe774388-89b0-43a1-8132-3e981ddd9c14|rpc:10.1.0.248:15023|admin:10.1.0.248:15022|client:10.1.0.248:15021|dataStream:10.1.0.248:15024|priority:0|startupRole:FOLLOWER, d2cb3656-736c-45ed-9177-765defc8baa4|rpc:10.1.0.248:15032|admin:10.1.0.248:15031|client:10.1.0.248:15030|dataStream:10.1.0.248:15033|priority:1|startupRole:FOLLOWER, 48be0ea8-46a6-4e80-b936-879c72e065d6|rpc:10.1.0.248:15014|admin:10.1.0.248:15013|client:10.1.0.248:15012|dataStream:10.1.0.248:15015|priority:0|startupRole:FOLLOWER]|listeners:[], old=null
2023-06-29 22:10:40,471 [EventQueue-PipelineReportForPipelineReportHandler] INFO  pipeline.PipelineReportHandler (PipelineReportHandler.java:processPipelineReport(136)) - Opened pipeline PipelineID=d220e5b9-ae7c-41b7-8547-aa8e299d83d3
2023-06-29 22:10:40,471 [EventQueue-OpenPipelineForHealthyPipelineSafeModeRule] INFO  safemode.SCMSafeModeManager (HealthyPipelineSafeModeRule.java:process(137)) - SCM in safe mode. Healthy pipelines reported count is 0, required healthy pipeline reported count is 1
2023-06-29 22:10:40,471 [EventQueue-OpenPipelineForHealthyPipelineSafeModeRule] INFO  safemode.SCMSafeModeManager (HealthyPipelineSafeModeRule.java:process(137)) - SCM in safe mode. Healthy pipelines reported count is 1, required healthy pipeline reported count is 1
2023-06-29 22:10:40,471 [EventQueue-OpenPipelineForHealthyPipelineSafeModeRule] INFO  safemode.SCMSafeModeManager (SCMSafeModeManager.java:validateSafeModeExitRules(200)) - HealthyPipelineSafeModeRule rule is successfully validated
2023-06-29 22:10:40,471 [EventQueue-OpenPipelineForHealthyPipelineSafeModeRule] INFO  safemode.SCMSafeModeManager (SCMSafeModeManager.java:validateSafeModeExitRules(215)) - ScmSafeModeManager, all rules are successfully validated
2023-06-29 22:10:40,471 [EventQueue-OpenPipelineForHealthyPipelineSafeModeRule] INFO  safemode.SCMSafeModeManager (SCMSafeModeManager.java:exitSafeMode(244)) - SCM exiting safe mode.
2023-06-29 22:10:40,471 [EventQueue-OpenPipelineForHealthyPipelineSafeModeRule] INFO  ha.SCMContext (SCMContext.java:updateSafeModeStatus(228)) - Update SafeModeStatus from SafeModeStatus{safeModeStatus=true, preCheckPassed=true} to SafeModeStatus{safeModeStatus=false, preCheckPassed=true}.
2023-06-29 22:10:40,471 [EventQueue-OpenPipelineForHealthyPipelineSafeModeRule] INFO  pipeline.BackgroundPipelineCreator (BackgroundPipelineCreator.java:notifyStatusChanged(255)) - Service BackgroundPipelineCreator transitions to RUNNING.
2023-06-29 22:10:40,471 [EventQueue-OpenPipelineForHealthyPipelineSafeModeRule] INFO  BackgroundPipelineScrubber (BackgroundSCMService.java:notifyStatusChanged(82)) - Service BackgroundPipelineScrubber transitions to RUNNING.
2023-06-29 22:10:40,471 [EventQueue-OpenPipelineForHealthyPipelineSafeModeRule] INFO  ExpiredContainerReplicaOpScrubber (BackgroundSCMService.java:notifyStatusChanged(82)) - Service ExpiredContainerReplicaOpScrubber transitions to RUNNING.
2023-06-29 22:10:40,471 [EventQueue-OpenPipelineForHealthyPipelineSafeModeRule] INFO  replication.ReplicationManager (ReplicationManager.java:notifyStatusChanged(1366)) - Service ReplicationManager transitions to RUNNING.
2023-06-29 22:10:40,475 [EventQueue-OpenPipelineForHealthyPipelineSafeModeRule] WARN  balancer.ContainerBalancer (ContainerBalancer.java:shouldRun(134)) - Could not find persisted configuration for ContainerBalancer when checking if ContainerBalancer should run. ContainerBalancer should not run now.
2023-06-29 22:10:40,476 [fe774388-89b0-43a1-8132-3e981ddd9c14@group-37708F06EBE6-FollowerState] INFO  impl.FollowerState (FollowerState.java:run(143)) - fe774388-89b0-43a1-8132-3e981ddd9c14@group-37708F06EBE6-FollowerState: change to CANDIDATE, lastRpcElapsedTime:5171715511ns, electionTimeout:5166ms
2023-06-29 22:10:40,476 [fe774388-89b0-43a1-8132-3e981ddd9c14@group-37708F06EBE6-FollowerState] INFO  impl.RoleInfo (RoleInfo.java:shutdownFollowerState(110)) - fe774388-89b0-43a1-8132-3e981ddd9c14: shutdown fe774388-89b0-43a1-8132-3e981ddd9c14@group-37708F06EBE6-FollowerState
2023-06-29 22:10:40,476 [fe774388-89b0-43a1-8132-3e981ddd9c14@group-37708F06EBE6-FollowerState] INFO  server.RaftServer$Division (RaftServerImpl.java:setRole(329)) - fe774388-89b0-43a1-8132-3e981ddd9c14@group-37708F06EBE6: changes role from  FOLLOWER to CANDIDATE at term 0 for changeToCandidate
2023-06-29 22:10:40,476 [fe774388-89b0-43a1-8132-3e981ddd9c14@group-37708F06EBE6-FollowerState] INFO  server.RaftServerConfigKeys (ConfUtils.java:logGet(46)) - raft.server.leaderelection.pre-vote = true (default)
2023-06-29 22:10:40,476 [fe774388-89b0-43a1-8132-3e981ddd9c14@group-37708F06EBE6-FollowerState] INFO  impl.RoleInfo (RoleInfo.java:updateAndGet(139)) - fe774388-89b0-43a1-8132-3e981ddd9c14: start fe774388-89b0-43a1-8132-3e981ddd9c14@group-37708F06EBE6-LeaderElection5
2023-06-29 22:10:40,484 [d2cb3656-736c-45ed-9177-765defc8baa4@group-AA8E299D83D3-LeaderElection4] INFO  server.RaftServerConfigKeys (ConfUtils.java:logGet(46)) - raft.server.log.appender.snapshot.chunk.size.max = 16MB (=16777216) (default)
2023-06-29 22:10:40,485 [d2cb3656-736c-45ed-9177-765defc8baa4@group-AA8E299D83D3-LeaderElection4] INFO  server.RaftServerConfigKeys (ConfUtils.java:logGet(46)) - raft.server.log.appender.buffer.byte-limit = 33554432 (custom)
2023-06-29 22:10:40,485 [d2cb3656-736c-45ed-9177-765defc8baa4@group-AA8E299D83D3-LeaderElection4] INFO  server.RaftServerConfigKeys (ConfUtils.java:logGet(46)) - raft.server.log.appender.buffer.element-limit = 1 (custom)
2023-06-29 22:10:40,486 [d2cb3656-736c-45ed-9177-765defc8baa4@group-AA8E299D83D3-LeaderElection4] INFO  server.RaftServerConfigKeys (ConfUtils.java:logGet(46)) - raft.server.log.appender.wait-time.min = 10ms (default)
2023-06-29 22:10:40,487 [d2cb3656-736c-45ed-9177-765defc8baa4@group-AA8E299D83D3-LeaderElection4] INFO  grpc.GrpcConfigKeys (ConfUtils.java:logGet(46)) - raft.grpc.server.leader.outstanding.appends.max = 128 (default)
2023-06-29 22:10:40,489 [d2cb3656-736c-45ed-9177-765defc8baa4@group-AA8E299D83D3-LeaderElection4] INFO  server.RaftServerConfigKeys (ConfUtils.java:logGet(46)) - raft.server.rpc.request.timeout = 60s (custom)
2023-06-29 22:10:40,489 [d2cb3656-736c-45ed-9177-765defc8baa4@group-AA8E299D83D3-LeaderElection4] INFO  grpc.GrpcConfigKeys (ConfUtils.java:logGet(46)) - raft.grpc.server.install_snapshot.request.element-limit = 8 (default)
2023-06-29 22:10:40,489 [d2cb3656-736c-45ed-9177-765defc8baa4@group-AA8E299D83D3-LeaderElection4] INFO  grpc.GrpcConfigKeys (ConfUtils.java:logGet(46)) - raft.grpc.server.install_snapshot.request.timeout = 3000ms (default)
2023-06-29 22:10:40,489 [d2cb3656-736c-45ed-9177-765defc8baa4@group-AA8E299D83D3-LeaderElection4] INFO  server.RaftServerConfigKeys (ConfUtils.java:logGet(46)) - raft.server.log.appender.install.snapshot.enabled = false (custom)
2023-06-29 22:10:40,489 [d2cb3656-736c-45ed-9177-765defc8baa4@group-AA8E299D83D3-LeaderElection4] INFO  grpc.GrpcConfigKeys (ConfUtils.java:logGet(46)) - raft.grpc.server.heartbeat.channel = true (default)
2023-06-29 22:10:40,490 [fe774388-89b0-43a1-8132-3e981ddd9c14@group-37708F06EBE6-LeaderElection5] INFO  impl.LeaderElection (LeaderElection.java:askForVotes(321)) - fe774388-89b0-43a1-8132-3e981ddd9c14@group-37708F06EBE6-LeaderElection5 PRE_VOTE round 0: submit vote requests at term 0 for -1: peers:[fe774388-89b0-43a1-8132-3e981ddd9c14|rpc:10.1.0.248:15023|admin:10.1.0.248:15022|client:10.1.0.248:15021|dataStream:10.1.0.248:15024|priority:1|startupRole:FOLLOWER]|listeners:[], old=null
2023-06-29 22:10:40,491 [fe774388-89b0-43a1-8132-3e981ddd9c14@group-37708F06EBE6-LeaderElection5] INFO  impl.LeaderElection (LeaderElection.java:askForVotes(323)) - fe774388-89b0-43a1-8132-3e981ddd9c14@group-37708F06EBE6-LeaderElection5 PRE_VOTE round 0: result PASSED (term=0)
2023-06-29 22:10:40,492 [fe774388-89b0-43a1-8132-3e981ddd9c14@group-37708F06EBE6-LeaderElection5] INFO  impl.LeaderElection (LeaderElection.java:askForVotes(321)) - fe774388-89b0-43a1-8132-3e981ddd9c14@group-37708F06EBE6-LeaderElection5 ELECTION round 0: submit vote requests at term 1 for -1: peers:[fe774388-89b0-43a1-8132-3e981ddd9c14|rpc:10.1.0.248:15023|admin:10.1.0.248:15022|client:10.1.0.248:15021|dataStream:10.1.0.248:15024|priority:1|startupRole:FOLLOWER]|listeners:[], old=null
2023-06-29 22:10:40,492 [fe774388-89b0-43a1-8132-3e981ddd9c14@group-37708F06EBE6-LeaderElection5] INFO  impl.LeaderElection (LeaderElection.java:askForVotes(323)) - fe774388-89b0-43a1-8132-3e981ddd9c14@group-37708F06EBE6-LeaderElection5 ELECTION round 0: result PASSED (term=1)
2023-06-29 22:10:40,492 [fe774388-89b0-43a1-8132-3e981ddd9c14@group-37708F06EBE6-LeaderElection5] INFO  impl.RoleInfo (RoleInfo.java:shutdownLeaderElection(130)) - fe774388-89b0-43a1-8132-3e981ddd9c14: shutdown fe774388-89b0-43a1-8132-3e981ddd9c14@group-37708F06EBE6-LeaderElection5
2023-06-29 22:10:40,492 [fe774388-89b0-43a1-8132-3e981ddd9c14@group-37708F06EBE6-LeaderElection5] INFO  server.RaftServer$Division (RaftServerImpl.java:setRole(329)) - fe774388-89b0-43a1-8132-3e981ddd9c14@group-37708F06EBE6: changes role from CANDIDATE to LEADER at term 1 for changeToLeader
2023-06-29 22:10:40,492 [fe774388-89b0-43a1-8132-3e981ddd9c14@group-37708F06EBE6-LeaderElection5] INFO  ratis.XceiverServerRatis (XceiverServerRatis.java:handleLeaderChangedNotification(902)) - Leader change notification received for group: group-37708F06EBE6 with new leaderId: fe774388-89b0-43a1-8132-3e981ddd9c14
2023-06-29 22:10:40,492 [fe774388-89b0-43a1-8132-3e981ddd9c14@group-37708F06EBE6-LeaderElection5] INFO  server.RaftServer$Division (ServerState.java:setLeader(317)) - fe774388-89b0-43a1-8132-3e981ddd9c14@group-37708F06EBE6: change Leader from null to fe774388-89b0-43a1-8132-3e981ddd9c14 at term 1 for becomeLeader, leader elected after 5223ms
2023-06-29 22:10:40,492 [fe774388-89b0-43a1-8132-3e981ddd9c14@group-37708F06EBE6-LeaderElection5] INFO  server.RaftServerConfigKeys (ConfUtils.java:logGet(46)) - raft.server.staging.catchup.gap = 1000 (default)
2023-06-29 22:10:40,493 [fe774388-89b0-43a1-8132-3e981ddd9c14@group-37708F06EBE6-LeaderElection5] INFO  server.RaftServerConfigKeys (ConfUtils.java:logGet(46)) - raft.server.write.element-limit = 1024 (custom)
2023-06-29 22:10:40,494 [fe774388-89b0-43a1-8132-3e981ddd9c14@group-37708F06EBE6-LeaderElection5] INFO  server.RaftServerConfigKeys (ConfUtils.java:logGet(46)) - raft.server.write.byte-limit = 1024 M (=1073741824) (custom)
2023-06-29 22:10:40,494 [fe774388-89b0-43a1-8132-3e981ddd9c14@group-37708F06EBE6-LeaderElection5] INFO  server.RaftServerConfigKeys (ConfUtils.java:logGet(46)) - raft.server.watch.timeout = 180s (custom)
2023-06-29 22:10:40,494 [fe774388-89b0-43a1-8132-3e981ddd9c14@group-37708F06EBE6-LeaderElection5] INFO  server.RaftServerConfigKeys (ConfUtils.java:logGet(46)) - raft.server.watch.timeout.denomination = 1s (default)
2023-06-29 22:10:40,494 [fe774388-89b0-43a1-8132-3e981ddd9c14@group-37708F06EBE6-LeaderElection5] INFO  server.RaftServerConfigKeys (ConfUtils.java:logGet(46)) - raft.server.watch.element-limit = 65536 (default)
2023-06-29 22:10:40,494 [fe774388-89b0-43a1-8132-3e981ddd9c14@group-37708F06EBE6-LeaderElection5] INFO  server.RaftServerConfigKeys (ConfUtils.java:logGet(46)) - raft.server.write.element-limit = 1024 (custom)
2023-06-29 22:10:40,494 [fe774388-89b0-43a1-8132-3e981ddd9c14@group-37708F06EBE6-LeaderElection5] INFO  server.RaftServerConfigKeys (ConfUtils.java:logGet(46)) - raft.server.write.follower.gap.ratio.max = -1.0 (default)
2023-06-29 22:10:40,494 [fe774388-89b0-43a1-8132-3e981ddd9c14@group-37708F06EBE6-LeaderElection5] INFO  impl.RoleInfo (RoleInfo.java:updateAndGet(139)) - fe774388-89b0-43a1-8132-3e981ddd9c14: start fe774388-89b0-43a1-8132-3e981ddd9c14@group-37708F06EBE6-LeaderStateImpl
2023-06-29 22:10:40,494 [fe774388-89b0-43a1-8132-3e981ddd9c14@group-37708F06EBE6-LeaderElection5] INFO  segmented.SegmentedRaftLogWorker (SegmentedRaftLogWorker.java:startLogSegment(447)) - fe774388-89b0-43a1-8132-3e981ddd9c14@group-37708F06EBE6-SegmentedRaftLogWorker: Starting segment from index:0
2023-06-29 22:10:40,497 [fe774388-89b0-43a1-8132-3e981ddd9c14@group-37708F06EBE6-LeaderElection5] INFO  server.RaftServer$Division (ServerState.java:setRaftConf(434)) - fe774388-89b0-43a1-8132-3e981ddd9c14@group-37708F06EBE6: set configuration 0: peers:[fe774388-89b0-43a1-8132-3e981ddd9c14|rpc:10.1.0.248:15023|admin:10.1.0.248:15022|client:10.1.0.248:15021|dataStream:10.1.0.248:15024|priority:1|startupRole:FOLLOWER]|listeners:[], old=null
2023-06-29 22:10:40,498 [d2cb3656-736c-45ed-9177-765defc8baa4@group-AA8E299D83D3-LeaderElection4] INFO  server.RaftServerConfigKeys (ConfUtils.java:logGet(46)) - raft.server.log.appender.snapshot.chunk.size.max = 16MB (=16777216) (default)
2023-06-29 22:10:40,498 [d2cb3656-736c-45ed-9177-765defc8baa4@group-AA8E299D83D3-LeaderElection4] INFO  server.RaftServerConfigKeys (ConfUtils.java:logGet(46)) - raft.server.log.appender.buffer.byte-limit = 33554432 (custom)
2023-06-29 22:10:40,498 [d2cb3656-736c-45ed-9177-765defc8baa4@group-AA8E299D83D3-LeaderElection4] INFO  server.RaftServerConfigKeys (ConfUtils.java:logGet(46)) - raft.server.log.appender.buffer.element-limit = 1 (custom)
2023-06-29 22:10:40,498 [d2cb3656-736c-45ed-9177-765defc8baa4@group-AA8E299D83D3-LeaderElection4] INFO  server.RaftServerConfigKeys (ConfUtils.java:logGet(46)) - raft.server.log.appender.wait-time.min = 10ms (default)
2023-06-29 22:10:40,498 [d2cb3656-736c-45ed-9177-765defc8baa4@group-AA8E299D83D3-LeaderElection4] INFO  grpc.GrpcConfigKeys (ConfUtils.java:logGet(46)) - raft.grpc.server.leader.outstanding.appends.max = 128 (default)
2023-06-29 22:10:40,498 [d2cb3656-736c-45ed-9177-765defc8baa4@group-AA8E299D83D3-LeaderElection4] INFO  server.RaftServerConfigKeys (ConfUtils.java:logGet(46)) - raft.server.rpc.request.timeout = 60s (custom)
2023-06-29 22:10:40,498 [d2cb3656-736c-45ed-9177-765defc8baa4@group-AA8E299D83D3-LeaderElection4] INFO  grpc.GrpcConfigKeys (ConfUtils.java:logGet(46)) - raft.grpc.server.install_snapshot.request.element-limit = 8 (default)
2023-06-29 22:10:40,498 [d2cb3656-736c-45ed-9177-765defc8baa4@group-AA8E299D83D3-LeaderElection4] INFO  grpc.GrpcConfigKeys (ConfUtils.java:logGet(46)) - raft.grpc.server.install_snapshot.request.timeout = 3000ms (default)
2023-06-29 22:10:40,498 [d2cb3656-736c-45ed-9177-765defc8baa4@group-AA8E299D83D3-LeaderElection4] INFO  server.RaftServerConfigKeys (ConfUtils.java:logGet(46)) - raft.server.log.appender.install.snapshot.enabled = false (custom)
2023-06-29 22:10:40,498 [d2cb3656-736c-45ed-9177-765defc8baa4@group-AA8E299D83D3-LeaderElection4] INFO  grpc.GrpcConfigKeys (ConfUtils.java:logGet(46)) - raft.grpc.server.heartbeat.channel = true (default)
2023-06-29 22:10:40,499 [fe774388-89b0-43a1-8132-3e981ddd9c14@group-37708F06EBE6-SegmentedRaftLogWorker] INFO  segmented.SegmentedRaftLogWorker (SegmentedRaftLogWorker.java:execute(651)) - fe774388-89b0-43a1-8132-3e981ddd9c14@group-37708F06EBE6-SegmentedRaftLogWorker: created new log segment /home/runner/work/ozone/ozone/hadoop-ozone/integration-test/target/test-dir/MiniOzoneClusterImpl-ecb232db-3c23-47bf-871f-23bcde51c85c/datanode-1/data/ratis/f1a5a16a-ef82-4d91-869e-37708f06ebe6/current/log_inprogress_0
2023-06-29 22:10:40,501 [d2cb3656-736c-45ed-9177-765defc8baa4@group-AA8E299D83D3-LeaderElection4] INFO  impl.RoleInfo (RoleInfo.java:updateAndGet(139)) - d2cb3656-736c-45ed-9177-765defc8baa4: start d2cb3656-736c-45ed-9177-765defc8baa4@group-AA8E299D83D3-LeaderStateImpl
2023-06-29 22:10:40,502 [d2cb3656-736c-45ed-9177-765defc8baa4@group-AA8E299D83D3-LeaderElection4] INFO  segmented.SegmentedRaftLogWorker (SegmentedRaftLogWorker.java:startLogSegment(447)) - d2cb3656-736c-45ed-9177-765defc8baa4@group-AA8E299D83D3-SegmentedRaftLogWorker: Starting segment from index:0
2023-06-29 22:10:40,503 [d2cb3656-736c-45ed-9177-765defc8baa4@group-AA8E299D83D3-SegmentedRaftLogWorker] INFO  segmented.SegmentedRaftLogWorker (SegmentedRaftLogWorker.java:execute(651)) - d2cb3656-736c-45ed-9177-765defc8baa4@group-AA8E299D83D3-SegmentedRaftLogWorker: created new log segment /home/runner/work/ozone/ozone/hadoop-ozone/integration-test/target/test-dir/MiniOzoneClusterImpl-ecb232db-3c23-47bf-871f-23bcde51c85c/datanode-2/data/ratis/d220e5b9-ae7c-41b7-8547-aa8e299d83d3/current/log_inprogress_0
2023-06-29 22:10:40,521 [d2cb3656-736c-45ed-9177-765defc8baa4@group-AA8E299D83D3-LeaderElection4] INFO  server.RaftServer$Division (ServerState.java:setRaftConf(434)) - d2cb3656-736c-45ed-9177-765defc8baa4@group-AA8E299D83D3: set configuration 0: peers:[fe774388-89b0-43a1-8132-3e981ddd9c14|rpc:10.1.0.248:15023|admin:10.1.0.248:15022|client:10.1.0.248:15021|dataStream:10.1.0.248:15024|priority:0|startupRole:FOLLOWER, d2cb3656-736c-45ed-9177-765defc8baa4|rpc:10.1.0.248:15032|admin:10.1.0.248:15031|client:10.1.0.248:15030|dataStream:10.1.0.248:15033|priority:1|startupRole:FOLLOWER, 48be0ea8-46a6-4e80-b936-879c72e065d6|rpc:10.1.0.248:15014|admin:10.1.0.248:15013|client:10.1.0.248:15012|dataStream:10.1.0.248:15015|priority:0|startupRole:FOLLOWER]|listeners:[], old=null
2023-06-29 22:10:40,562 [48be0ea8-46a6-4e80-b936-879c72e065d6-server-thread1] INFO  ratis.XceiverServerRatis (XceiverServerRatis.java:handleLeaderChangedNotification(902)) - Leader change notification received for group: group-AA8E299D83D3 with new leaderId: d2cb3656-736c-45ed-9177-765defc8baa4
2023-06-29 22:10:40,562 [48be0ea8-46a6-4e80-b936-879c72e065d6-server-thread1] INFO  server.RaftServer$Division (ServerState.java:setLeader(317)) - 48be0ea8-46a6-4e80-b936-879c72e065d6@group-AA8E299D83D3: change Leader from null to d2cb3656-736c-45ed-9177-765defc8baa4 at term 1 for appendEntries, leader elected after 5647ms
2023-06-29 22:10:40,565 [48be0ea8-46a6-4e80-b936-879c72e065d6-server-thread1] INFO  server.RaftServer$Division (ServerState.java:setRaftConf(434)) - 48be0ea8-46a6-4e80-b936-879c72e065d6@group-AA8E299D83D3: set configuration 0: peers:[fe774388-89b0-43a1-8132-3e981ddd9c14|rpc:10.1.0.248:15023|admin:10.1.0.248:15022|client:10.1.0.248:15021|dataStream:10.1.0.248:15024|priority:0|startupRole:FOLLOWER, d2cb3656-736c-45ed-9177-765defc8baa4|rpc:10.1.0.248:15032|admin:10.1.0.248:15031|client:10.1.0.248:15030|dataStream:10.1.0.248:15033|priority:1|startupRole:FOLLOWER, 48be0ea8-46a6-4e80-b936-879c72e065d6|rpc:10.1.0.248:15014|admin:10.1.0.248:15013|client:10.1.0.248:15012|dataStream:10.1.0.248:15015|priority:0|startupRole:FOLLOWER]|listeners:[], old=null
2023-06-29 22:10:40,565 [48be0ea8-46a6-4e80-b936-879c72e065d6-server-thread1] INFO  segmented.SegmentedRaftLogWorker (SegmentedRaftLogWorker.java:startLogSegment(447)) - 48be0ea8-46a6-4e80-b936-879c72e065d6@group-AA8E299D83D3-SegmentedRaftLogWorker: Starting segment from index:0
2023-06-29 22:10:40,565 [fe774388-89b0-43a1-8132-3e981ddd9c14-server-thread2] INFO  ratis.XceiverServerRatis (XceiverServerRatis.java:handleLeaderChangedNotification(902)) - Leader change notification received for group: group-AA8E299D83D3 with new leaderId: d2cb3656-736c-45ed-9177-765defc8baa4
2023-06-29 22:10:40,566 [fe774388-89b0-43a1-8132-3e981ddd9c14-server-thread2] INFO  server.RaftServer$Division (ServerState.java:setLeader(317)) - fe774388-89b0-43a1-8132-3e981ddd9c14@group-AA8E299D83D3: change Leader from null to d2cb3656-736c-45ed-9177-765defc8baa4 at term 1 for appendEntries, leader elected after 5245ms
2023-06-29 22:10:40,581 [fe774388-89b0-43a1-8132-3e981ddd9c14-server-thread1] INFO  server.RaftServer$Division (ServerState.java:setRaftConf(434)) - fe774388-89b0-43a1-8132-3e981ddd9c14@group-AA8E299D83D3: set configuration 0: peers:[fe774388-89b0-43a1-8132-3e981ddd9c14|rpc:10.1.0.248:15023|admin:10.1.0.248:15022|client:10.1.0.248:15021|dataStream:10.1.0.248:15024|priority:0|startupRole:FOLLOWER, d2cb3656-736c-45ed-9177-765defc8baa4|rpc:10.1.0.248:15032|admin:10.1.0.248:15031|client:10.1.0.248:15030|dataStream:10.1.0.248:15033|priority:1|startupRole:FOLLOWER, 48be0ea8-46a6-4e80-b936-879c72e065d6|rpc:10.1.0.248:15014|admin:10.1.0.248:15013|client:10.1.0.248:15012|dataStream:10.1.0.248:15015|priority:0|startupRole:FOLLOWER]|listeners:[], old=null
2023-06-29 22:10:40,582 [48be0ea8-46a6-4e80-b936-879c72e065d6@group-AA8E299D83D3-SegmentedRaftLogWorker] INFO  segmented.SegmentedRaftLogWorker (SegmentedRaftLogWorker.java:execute(651)) - 48be0ea8-46a6-4e80-b936-879c72e065d6@group-AA8E299D83D3-SegmentedRaftLogWorker: created new log segment /home/runner/work/ozone/ozone/hadoop-ozone/integration-test/target/test-dir/MiniOzoneClusterImpl-ecb232db-3c23-47bf-871f-23bcde51c85c/datanode-0/data/ratis/d220e5b9-ae7c-41b7-8547-aa8e299d83d3/current/log_inprogress_0
2023-06-29 22:10:40,583 [fe774388-89b0-43a1-8132-3e981ddd9c14-server-thread1] INFO  segmented.SegmentedRaftLogWorker (SegmentedRaftLogWorker.java:startLogSegment(447)) - fe774388-89b0-43a1-8132-3e981ddd9c14@group-AA8E299D83D3-SegmentedRaftLogWorker: Starting segment from index:0
2023-06-29 22:10:40,587 [fe774388-89b0-43a1-8132-3e981ddd9c14@group-AA8E299D83D3-SegmentedRaftLogWorker] INFO  segmented.SegmentedRaftLogWorker (SegmentedRaftLogWorker.java:execute(651)) - fe774388-89b0-43a1-8132-3e981ddd9c14@group-AA8E299D83D3-SegmentedRaftLogWorker: created new log segment /home/runner/work/ozone/ozone/hadoop-ozone/integration-test/target/test-dir/MiniOzoneClusterImpl-ecb232db-3c23-47bf-871f-23bcde51c85c/datanode-1/data/ratis/d220e5b9-ae7c-41b7-8547-aa8e299d83d3/current/log_inprogress_0
2023-06-29 22:10:40,628 [main] INFO  ozone.MiniOzoneClusterImpl (MiniOzoneClusterImpl.java:lambda$waitForClusterToBeReady$0(224)) - Nodes are ready. Got 3 of 3 DN Heartbeats.
2023-06-29 22:10:40,628 [main] INFO  ozone.MiniOzoneClusterImpl (MiniOzoneClusterImpl.java:lambda$waitForClusterToBeReady$0(227)) - Cluster exits safe mode
2023-06-29 22:10:40,628 [main] INFO  ozone.MiniOzoneClusterImpl (MiniOzoneClusterImpl.java:lambda$waitForClusterToBeReady$0(229)) - SCM became leader
2023-06-29 22:10:40,686 [d2cb3656-736c-45ed-9177-765defc8baa4@group-53A4DE1611EE-FollowerState] INFO  impl.FollowerState (FollowerState.java:run(143)) - d2cb3656-736c-45ed-9177-765defc8baa4@group-53A4DE1611EE-FollowerState: change to CANDIDATE, lastRpcElapsedTime:5055922232ns, electionTimeout:5055ms
2023-06-29 22:10:40,686 [d2cb3656-736c-45ed-9177-765defc8baa4@group-53A4DE1611EE-FollowerState] INFO  impl.RoleInfo (RoleInfo.java:shutdownFollowerState(110)) - d2cb3656-736c-45ed-9177-765defc8baa4: shutdown d2cb3656-736c-45ed-9177-765defc8baa4@group-53A4DE1611EE-FollowerState
2023-06-29 22:10:40,686 [d2cb3656-736c-45ed-9177-765defc8baa4@group-53A4DE1611EE-FollowerState] INFO  server.RaftServer$Division (RaftServerImpl.java:setRole(329)) - d2cb3656-736c-45ed-9177-765defc8baa4@group-53A4DE1611EE: changes role from  FOLLOWER to CANDIDATE at term 0 for changeToCandidate
2023-06-29 22:10:40,686 [d2cb3656-736c-45ed-9177-765defc8baa4@group-53A4DE1611EE-FollowerState] INFO  server.RaftServerConfigKeys (ConfUtils.java:logGet(46)) - raft.server.leaderelection.pre-vote = true (default)
2023-06-29 22:10:40,686 [d2cb3656-736c-45ed-9177-765defc8baa4@group-53A4DE1611EE-FollowerState] INFO  impl.RoleInfo (RoleInfo.java:updateAndGet(139)) - d2cb3656-736c-45ed-9177-765defc8baa4: start d2cb3656-736c-45ed-9177-765defc8baa4@group-53A4DE1611EE-LeaderElection6
2023-06-29 22:10:40,688 [d2cb3656-736c-45ed-9177-765defc8baa4@group-53A4DE1611EE-LeaderElection6] INFO  impl.LeaderElection (LeaderElection.java:askForVotes(321)) - d2cb3656-736c-45ed-9177-765defc8baa4@group-53A4DE1611EE-LeaderElection6 PRE_VOTE round 0: submit vote requests at term 0 for -1: peers:[fe774388-89b0-43a1-8132-3e981ddd9c14|rpc:10.1.0.248:15023|admin:10.1.0.248:15022|client:10.1.0.248:15021|dataStream:10.1.0.248:15024|priority:0|startupRole:FOLLOWER, d2cb3656-736c-45ed-9177-765defc8baa4|rpc:10.1.0.248:15032|admin:10.1.0.248:15031|client:10.1.0.248:15030|dataStream:10.1.0.248:15033|priority:0|startupRole:FOLLOWER, 48be0ea8-46a6-4e80-b936-879c72e065d6|rpc:10.1.0.248:15014|admin:10.1.0.248:15013|client:10.1.0.248:15012|dataStream:10.1.0.248:15015|priority:1|startupRole:FOLLOWER]|listeners:[], old=null
2023-06-29 22:10:40,692 [48be0ea8-46a6-4e80-b936-879c72e065d6@group-53A4DE1611EE-FollowerState] INFO  impl.FollowerState (FollowerState.java:run(143)) - 48be0ea8-46a6-4e80-b936-879c72e065d6@group-53A4DE1611EE-FollowerState: change to CANDIDATE, lastRpcElapsedTime:5194124318ns, electionTimeout:5186ms
2023-06-29 22:10:40,692 [48be0ea8-46a6-4e80-b936-879c72e065d6@group-53A4DE1611EE-FollowerState] INFO  impl.RoleInfo (RoleInfo.java:shutdownFollowerState(110)) - 48be0ea8-46a6-4e80-b936-879c72e065d6: shutdown 48be0ea8-46a6-4e80-b936-879c72e065d6@group-53A4DE1611EE-FollowerState
2023-06-29 22:10:40,692 [48be0ea8-46a6-4e80-b936-879c72e065d6@group-53A4DE1611EE-FollowerState] INFO  server.RaftServer$Division (RaftServerImpl.java:setRole(329)) - 48be0ea8-46a6-4e80-b936-879c72e065d6@group-53A4DE1611EE: changes role from  FOLLOWER to CANDIDATE at term 0 for changeToCandidate
2023-06-29 22:10:40,695 [d2cb3656-736c-45ed-9177-765defc8baa4@group-53A4DE1611EE-LeaderElection6] INFO  server.RaftServerConfigKeys (ConfUtils.java:logFallback(53)) - raft.server.rpc.first-election.timeout.min = 5s (fallback to raft.server.rpc.timeout.min)
2023-06-29 22:10:40,697 [d2cb3656-736c-45ed-9177-765defc8baa4@group-53A4DE1611EE-LeaderElection6] INFO  server.RaftServerConfigKeys (ConfUtils.java:logFallback(53)) - raft.server.rpc.first-election.timeout.max = 5200ms (fallback to raft.server.rpc.timeout.max)
2023-06-29 22:10:40,697 [grpc-default-executor-2] INFO  server.RaftServer$Division (RaftServerImpl.java:requestVote(1302)) - fe774388-89b0-43a1-8132-3e981ddd9c14@group-53A4DE1611EE: receive requestVote(PRE_VOTE, d2cb3656-736c-45ed-9177-765defc8baa4, group-53A4DE1611EE, 0, (t:0, i:0))
2023-06-29 22:10:40,698 [grpc-default-executor-2] INFO  impl.VoteContext (VoteContext.java:log(49)) - fe774388-89b0-43a1-8132-3e981ddd9c14@group-53A4DE1611EE-FOLLOWER: accept PRE_VOTE from d2cb3656-736c-45ed-9177-765defc8baa4: our priority 0 <= candidate's priority 0
2023-06-29 22:10:40,698 [grpc-default-executor-2] INFO  server.RaftServer$Division (RaftServerImpl.java:requestVote(1335)) - fe774388-89b0-43a1-8132-3e981ddd9c14@group-53A4DE1611EE replies to PRE_VOTE vote request: d2cb3656-736c-45ed-9177-765defc8baa4<-fe774388-89b0-43a1-8132-3e981ddd9c14#0:OK-t0. Peer's state: fe774388-89b0-43a1-8132-3e981ddd9c14@group-53A4DE1611EE:t0, leader=null, voted=, raftlog=Memoized:fe774388-89b0-43a1-8132-3e981ddd9c14@group-53A4DE1611EE-SegmentedRaftLog:OPENED:c-1, conf=-1: peers:[fe774388-89b0-43a1-8132-3e981ddd9c14|rpc:10.1.0.248:15023|admin:10.1.0.248:15022|client:10.1.0.248:15021|dataStream:10.1.0.248:15024|priority:0|startupRole:FOLLOWER, d2cb3656-736c-45ed-9177-765defc8baa4|rpc:10.1.0.248:15032|admin:10.1.0.248:15031|client:10.1.0.248:15030|dataStream:10.1.0.248:15033|priority:0|startupRole:FOLLOWER, 48be0ea8-46a6-4e80-b936-879c72e065d6|rpc:10.1.0.248:15014|admin:10.1.0.248:15013|client:10.1.0.248:15012|dataStream:10.1.0.248:15015|priority:1|startupRole:FOLLOWER]|listeners:[], old=null
2023-06-29 22:10:40,697 [48be0ea8-46a6-4e80-b936-879c72e065d6@group-53A4DE1611EE-FollowerState] INFO  server.RaftServerConfigKeys (ConfUtils.java:logGet(46)) - raft.server.leaderelection.pre-vote = true (default)
2023-06-29 22:10:40,698 [48be0ea8-46a6-4e80-b936-879c72e065d6@group-53A4DE1611EE-FollowerState] INFO  impl.RoleInfo (RoleInfo.java:updateAndGet(139)) - 48be0ea8-46a6-4e80-b936-879c72e065d6: start 48be0ea8-46a6-4e80-b936-879c72e065d6@group-53A4DE1611EE-LeaderElection7
2023-06-29 22:10:40,708 [grpc-default-executor-2] INFO  server.RaftServer$Division (RaftServerImpl.java:requestVote(1302)) - 48be0ea8-46a6-4e80-b936-879c72e065d6@group-53A4DE1611EE: receive requestVote(PRE_VOTE, d2cb3656-736c-45ed-9177-765defc8baa4, group-53A4DE1611EE, 0, (t:0, i:0))
2023-06-29 22:10:40,708 [grpc-default-executor-2] INFO  impl.VoteContext (VoteContext.java:log(49)) - 48be0ea8-46a6-4e80-b936-879c72e065d6@group-53A4DE1611EE-CANDIDATE: reject PRE_VOTE from d2cb3656-736c-45ed-9177-765defc8baa4: our priority 1 > candidate's priority 0
2023-06-29 22:10:40,709 [grpc-default-executor-2] INFO  server.RaftServer$Division (RaftServerImpl.java:requestVote(1335)) - 48be0ea8-46a6-4e80-b936-879c72e065d6@group-53A4DE1611EE replies to PRE_VOTE vote request: d2cb3656-736c-45ed-9177-765defc8baa4<-48be0ea8-46a6-4e80-b936-879c72e065d6#0:FAIL-t0. Peer's state: 48be0ea8-46a6-4e80-b936-879c72e065d6@group-53A4DE1611EE:t0, leader=null, voted=, raftlog=Memoized:48be0ea8-46a6-4e80-b936-879c72e065d6@group-53A4DE1611EE-SegmentedRaftLog:OPENED:c-1, conf=-1: peers:[fe774388-89b0-43a1-8132-3e981ddd9c14|rpc:10.1.0.248:15023|admin:10.1.0.248:15022|client:10.1.0.248:15021|dataStream:10.1.0.248:15024|priority:0|startupRole:FOLLOWER, d2cb3656-736c-45ed-9177-765defc8baa4|rpc:10.1.0.248:15032|admin:10.1.0.248:15031|client:10.1.0.248:15030|dataStream:10.1.0.248:15033|priority:0|startupRole:FOLLOWER, 48be0ea8-46a6-4e80-b936-879c72e065d6|rpc:10.1.0.248:15014|admin:10.1.0.248:15013|client:10.1.0.248:15012|dataStream:10.1.0.248:15015|priority:1|startupRole:FOLLOWER]|listeners:[], old=null
2023-06-29 22:10:40,708 [48be0ea8-46a6-4e80-b936-879c72e065d6@group-53A4DE1611EE-LeaderElection7] INFO  impl.LeaderElection (LeaderElection.java:askForVotes(321)) - 48be0ea8-46a6-4e80-b936-879c72e065d6@group-53A4DE1611EE-LeaderElection7 PRE_VOTE round 0: submit vote requests at term 0 for -1: peers:[fe774388-89b0-43a1-8132-3e981ddd9c14|rpc:10.1.0.248:15023|admin:10.1.0.248:15022|client:10.1.0.248:15021|dataStream:10.1.0.248:15024|priority:0|startupRole:FOLLOWER, d2cb3656-736c-45ed-9177-765defc8baa4|rpc:10.1.0.248:15032|admin:10.1.0.248:15031|client:10.1.0.248:15030|dataStream:10.1.0.248:15033|priority:0|startupRole:FOLLOWER, 48be0ea8-46a6-4e80-b936-879c72e065d6|rpc:10.1.0.248:15014|admin:10.1.0.248:15013|client:10.1.0.248:15012|dataStream:10.1.0.248:15015|priority:1|startupRole:FOLLOWER]|listeners:[], old=null
2023-06-29 22:10:40,710 [fe774388-89b0-43a1-8132-3e981ddd9c14@group-53A4DE1611EE-FollowerState] INFO  server.RaftServerConfigKeys (ConfUtils.java:logFallback(53)) - raft.server.rpc.first-election.timeout.min = 5s (fallback to raft.server.rpc.timeout.min)
2023-06-29 22:10:40,712 [fe774388-89b0-43a1-8132-3e981ddd9c14@group-53A4DE1611EE-FollowerState] INFO  server.RaftServerConfigKeys (ConfUtils.java:logFallback(53)) - raft.server.rpc.first-election.timeout.max = 5200ms (fallback to raft.server.rpc.timeout.max)
2023-06-29 22:10:40,713 [48be0ea8-46a6-4e80-b936-879c72e065d6@group-53A4DE1611EE-LeaderElection7] INFO  server.RaftServerConfigKeys (ConfUtils.java:logFallback(53)) - raft.server.rpc.first-election.timeout.min = 5s (fallback to raft.server.rpc.timeout.min)
2023-06-29 22:10:40,717 [48be0ea8-46a6-4e80-b936-879c72e065d6@group-53A4DE1611EE-LeaderElection7] INFO  server.RaftServerConfigKeys (ConfUtils.java:logFallback(53)) - raft.server.rpc.first-election.timeout.max = 5200ms (fallback to raft.server.rpc.timeout.max)
2023-06-29 22:10:40,717 [d2cb3656-736c-45ed-9177-765defc8baa4@group-53A4DE1611EE-LeaderElection6] INFO  impl.LeaderElection (LeaderElection.java:logAndReturn(90)) - d2cb3656-736c-45ed-9177-765defc8baa4@group-53A4DE1611EE-LeaderElection6: PRE_VOTE REJECTED received 2 response(s) and 0 exception(s):
2023-06-29 22:10:40,717 [d2cb3656-736c-45ed-9177-765defc8baa4@group-53A4DE1611EE-LeaderElection6] INFO  impl.LeaderElection (LeaderElection.java:logAndReturn(94)) -   Response 0: d2cb3656-736c-45ed-9177-765defc8baa4<-fe774388-89b0-43a1-8132-3e981ddd9c14#0:OK-t0
2023-06-29 22:10:40,717 [d2cb3656-736c-45ed-9177-765defc8baa4@group-53A4DE1611EE-LeaderElection6] INFO  impl.LeaderElection (LeaderElection.java:logAndReturn(94)) -   Response 1: d2cb3656-736c-45ed-9177-765defc8baa4<-48be0ea8-46a6-4e80-b936-879c72e065d6#0:FAIL-t0
2023-06-29 22:10:40,717 [d2cb3656-736c-45ed-9177-765defc8baa4@group-53A4DE1611EE-LeaderElection6] INFO  impl.LeaderElection (LeaderElection.java:askForVotes(323)) - d2cb3656-736c-45ed-9177-765defc8baa4@group-53A4DE1611EE-LeaderElection6 PRE_VOTE round 0: result REJECTED
2023-06-29 22:10:40,717 [d2cb3656-736c-45ed-9177-765defc8baa4@group-53A4DE1611EE-LeaderElection6] INFO  server.RaftServer$Division (RaftServerImpl.java:setRole(329)) - d2cb3656-736c-45ed-9177-765defc8baa4@group-53A4DE1611EE: changes role from CANDIDATE to FOLLOWER at term 0 for REJECTED
2023-06-29 22:10:40,717 [d2cb3656-736c-45ed-9177-765defc8baa4@group-53A4DE1611EE-LeaderElection6] INFO  impl.RoleInfo (RoleInfo.java:shutdownLeaderElection(130)) - d2cb3656-736c-45ed-9177-765defc8baa4: shutdown d2cb3656-736c-45ed-9177-765defc8baa4@group-53A4DE1611EE-LeaderElection6
2023-06-29 22:10:40,717 [d2cb3656-736c-45ed-9177-765defc8baa4@group-53A4DE1611EE-LeaderElection6] INFO  impl.RoleInfo (RoleInfo.java:updateAndGet(139)) - d2cb3656-736c-45ed-9177-765defc8baa4: start d2cb3656-736c-45ed-9177-765defc8baa4@group-53A4DE1611EE-FollowerState
2023-06-29 22:10:40,728 [grpc-default-executor-2] INFO  server.RaftServer$Division (RaftServerImpl.java:requestVote(1302)) - fe774388-89b0-43a1-8132-3e981ddd9c14@group-53A4DE1611EE: receive requestVote(PRE_VOTE, 48be0ea8-46a6-4e80-b936-879c72e065d6, group-53A4DE1611EE, 0, (t:0, i:0))
2023-06-29 22:10:40,728 [grpc-default-executor-2] INFO  impl.VoteContext (VoteContext.java:log(49)) - fe774388-89b0-43a1-8132-3e981ddd9c14@group-53A4DE1611EE-FOLLOWER: accept PRE_VOTE from 48be0ea8-46a6-4e80-b936-879c72e065d6: our priority 0 <= candidate's priority 1
2023-06-29 22:10:40,728 [grpc-default-executor-2] INFO  server.RaftServer$Division (RaftServerImpl.java:requestVote(1335)) - fe774388-89b0-43a1-8132-3e981ddd9c14@group-53A4DE1611EE replies to PRE_VOTE vote request: 48be0ea8-46a6-4e80-b936-879c72e065d6<-fe774388-89b0-43a1-8132-3e981ddd9c14#0:OK-t0. Peer's state: fe774388-89b0-43a1-8132-3e981ddd9c14@group-53A4DE1611EE:t0, leader=null, voted=, raftlog=Memoized:fe774388-89b0-43a1-8132-3e981ddd9c14@group-53A4DE1611EE-SegmentedRaftLog:OPENED:c-1, conf=-1: peers:[fe774388-89b0-43a1-8132-3e981ddd9c14|rpc:10.1.0.248:15023|admin:10.1.0.248:15022|client:10.1.0.248:15021|dataStream:10.1.0.248:15024|priority:0|startupRole:FOLLOWER, d2cb3656-736c-45ed-9177-765defc8baa4|rpc:10.1.0.248:15032|admin:10.1.0.248:15031|client:10.1.0.248:15030|dataStream:10.1.0.248:15033|priority:0|startupRole:FOLLOWER, 48be0ea8-46a6-4e80-b936-879c72e065d6|rpc:10.1.0.248:15014|admin:10.1.0.248:15013|client:10.1.0.248:15012|dataStream:10.1.0.248:15015|priority:1|startupRole:FOLLOWER]|listeners:[], old=null
2023-06-29 22:10:40,729 [grpc-default-executor-1] INFO  server.RaftServer$Division (RaftServerImpl.java:requestVote(1302)) - d2cb3656-736c-45ed-9177-765defc8baa4@group-53A4DE1611EE: receive requestVote(PRE_VOTE, 48be0ea8-46a6-4e80-b936-879c72e065d6, group-53A4DE1611EE, 0, (t:0, i:0))
2023-06-29 22:10:40,729 [grpc-default-executor-1] INFO  impl.VoteContext (VoteContext.java:log(49)) - d2cb3656-736c-45ed-9177-765defc8baa4@group-53A4DE1611EE-FOLLOWER: accept PRE_VOTE from 48be0ea8-46a6-4e80-b936-879c72e065d6: our priority 0 <= candidate's priority 1
2023-06-29 22:10:40,729 [grpc-default-executor-1] INFO  server.RaftServer$Division (RaftServerImpl.java:requestVote(1335)) - d2cb3656-736c-45ed-9177-765defc8baa4@group-53A4DE1611EE replies to PRE_VOTE vote request: 48be0ea8-46a6-4e80-b936-879c72e065d6<-d2cb3656-736c-45ed-9177-765defc8baa4#0:OK-t0. Peer's state: d2cb3656-736c-45ed-9177-765defc8baa4@group-53A4DE1611EE:t0, leader=null, voted=, raftlog=Memoized:d2cb3656-736c-45ed-9177-765defc8baa4@group-53A4DE1611EE-SegmentedRaftLog:OPENED:c-1, conf=-1: peers:[fe774388-89b0-43a1-8132-3e981ddd9c14|rpc:10.1.0.248:15023|admin:10.1.0.248:15022|client:10.1.0.248:15021|dataStream:10.1.0.248:15024|priority:0|startupRole:FOLLOWER, d2cb3656-736c-45ed-9177-765defc8baa4|rpc:10.1.0.248:15032|admin:10.1.0.248:15031|client:10.1.0.248:15030|dataStream:10.1.0.248:15033|priority:0|startupRole:FOLLOWER, 48be0ea8-46a6-4e80-b936-879c72e065d6|rpc:10.1.0.248:15014|admin:10.1.0.248:15013|client:10.1.0.248:15012|dataStream:10.1.0.248:15015|priority:1|startupRole:FOLLOWER]|listeners:[], old=null
2023-06-29 22:10:40,730 [48be0ea8-46a6-4e80-b936-879c72e065d6@group-53A4DE1611EE-LeaderElection7] INFO  impl.LeaderElection (LeaderElection.java:logAndReturn(90)) - 48be0ea8-46a6-4e80-b936-879c72e065d6@group-53A4DE1611EE-LeaderElection7: PRE_VOTE PASSED received 1 response(s) and 0 exception(s):
2023-06-29 22:10:40,733 [48be0ea8-46a6-4e80-b936-879c72e065d6@group-53A4DE1611EE-LeaderElection7] INFO  impl.LeaderElection (LeaderElection.java:logAndReturn(94)) -   Response 0: 48be0ea8-46a6-4e80-b936-879c72e065d6<-fe774388-89b0-43a1-8132-3e981ddd9c14#0:OK-t0
2023-06-29 22:10:40,733 [48be0ea8-46a6-4e80-b936-879c72e065d6@group-53A4DE1611EE-LeaderElection7] INFO  impl.LeaderElection (LeaderElection.java:askForVotes(323)) - 48be0ea8-46a6-4e80-b936-879c72e065d6@group-53A4DE1611EE-LeaderElection7 PRE_VOTE round 0: result PASSED
2023-06-29 22:10:40,734 [48be0ea8-46a6-4e80-b936-879c72e065d6@group-53A4DE1611EE-LeaderElection7] INFO  impl.LeaderElection (LeaderElection.java:askForVotes(321)) - 48be0ea8-46a6-4e80-b936-879c72e065d6@group-53A4DE1611EE-LeaderElection7 ELECTION round 0: submit vote requests at term 1 for -1: peers:[fe774388-89b0-43a1-8132-3e981ddd9c14|rpc:10.1.0.248:15023|admin:10.1.0.248:15022|client:10.1.0.248:15021|dataStream:10.1.0.248:15024|priority:0|startupRole:FOLLOWER, d2cb3656-736c-45ed-9177-765defc8baa4|rpc:10.1.0.248:15032|admin:10.1.0.248:15031|client:10.1.0.248:15030|dataStream:10.1.0.248:15033|priority:0|startupRole:FOLLOWER, 48be0ea8-46a6-4e80-b936-879c72e065d6|rpc:10.1.0.248:15014|admin:10.1.0.248:15013|client:10.1.0.248:15012|dataStream:10.1.0.248:15015|priority:1|startupRole:FOLLOWER]|listeners:[], old=null
2023-06-29 22:10:40,739 [48be0ea8-46a6-4e80-b936-879c72e065d6@group-53A4DE1611EE-LeaderElection7] INFO  server.RaftServerConfigKeys (ConfUtils.java:logFallback(53)) - raft.server.rpc.first-election.timeout.min = 5s (fallback to raft.server.rpc.timeout.min)
2023-06-29 22:10:40,739 [48be0ea8-46a6-4e80-b936-879c72e065d6@group-53A4DE1611EE-LeaderElection7] INFO  server.RaftServerConfigKeys (ConfUtils.java:logFallback(53)) - raft.server.rpc.first-election.timeout.max = 5200ms (fallback to raft.server.rpc.timeout.max)
2023-06-29 22:10:40,750 [grpc-default-executor-2] INFO  server.RaftServer$Division (RaftServerImpl.java:requestVote(1302)) - fe774388-89b0-43a1-8132-3e981ddd9c14@group-53A4DE1611EE: receive requestVote(ELECTION, 48be0ea8-46a6-4e80-b936-879c72e065d6, group-53A4DE1611EE, 1, (t:0, i:0))
2023-06-29 22:10:40,753 [grpc-default-executor-2] INFO  impl.VoteContext (VoteContext.java:log(49)) - fe774388-89b0-43a1-8132-3e981ddd9c14@group-53A4DE1611EE-FOLLOWER: accept ELECTION from 48be0ea8-46a6-4e80-b936-879c72e065d6: our priority 0 <= candidate's priority 1
2023-06-29 22:10:40,753 [grpc-default-executor-2] INFO  server.RaftServer$Division (RaftServerImpl.java:setRole(329)) - fe774388-89b0-43a1-8132-3e981ddd9c14@group-53A4DE1611EE: changes role from  FOLLOWER to FOLLOWER at term 1 for candidate:48be0ea8-46a6-4e80-b936-879c72e065d6
2023-06-29 22:10:40,753 [grpc-default-executor-2] INFO  impl.RoleInfo (RoleInfo.java:shutdownFollowerState(110)) - fe774388-89b0-43a1-8132-3e981ddd9c14: shutdown fe774388-89b0-43a1-8132-3e981ddd9c14@group-53A4DE1611EE-FollowerState
2023-06-29 22:10:40,753 [grpc-default-executor-2] INFO  impl.RoleInfo (RoleInfo.java:updateAndGet(139)) - fe774388-89b0-43a1-8132-3e981ddd9c14: start fe774388-89b0-43a1-8132-3e981ddd9c14@group-53A4DE1611EE-FollowerState
2023-06-29 22:10:40,753 [grpc-default-executor-1] INFO  server.RaftServer$Division (RaftServerImpl.java:requestVote(1302)) - d2cb3656-736c-45ed-9177-765defc8baa4@group-53A4DE1611EE: receive requestVote(ELECTION, 48be0ea8-46a6-4e80-b936-879c72e065d6, group-53A4DE1611EE, 1, (t:0, i:0))
2023-06-29 22:10:40,753 [grpc-default-executor-1] INFO  impl.VoteContext (VoteContext.java:log(49)) - d2cb3656-736c-45ed-9177-765defc8baa4@group-53A4DE1611EE-FOLLOWER: accept ELECTION from 48be0ea8-46a6-4e80-b936-879c72e065d6: our priority 0 <= candidate's priority 1
2023-06-29 22:10:40,753 [grpc-default-executor-1] INFO  server.RaftServer$Division (RaftServerImpl.java:setRole(329)) - d2cb3656-736c-45ed-9177-765defc8baa4@group-53A4DE1611EE: changes role from  FOLLOWER to FOLLOWER at term 1 for candidate:48be0ea8-46a6-4e80-b936-879c72e065d6
2023-06-29 22:10:40,754 [grpc-default-executor-1] INFO  impl.RoleInfo (RoleInfo.java:shutdownFollowerState(110)) - d2cb3656-736c-45ed-9177-765defc8baa4: shutdown d2cb3656-736c-45ed-9177-765defc8baa4@group-53A4DE1611EE-FollowerState
2023-06-29 22:10:40,754 [fe774388-89b0-43a1-8132-3e981ddd9c14@group-53A4DE1611EE-FollowerState] INFO  impl.FollowerState (FollowerState.java:run(152)) - fe774388-89b0-43a1-8132-3e981ddd9c14@group-53A4DE1611EE-FollowerState was interrupted
2023-06-29 22:10:40,757 [grpc-default-executor-1] INFO  impl.RoleInfo (RoleInfo.java:updateAndGet(139)) - d2cb3656-736c-45ed-9177-765defc8baa4: start d2cb3656-736c-45ed-9177-765defc8baa4@group-53A4DE1611EE-FollowerState
2023-06-29 22:10:40,757 [d2cb3656-736c-45ed-9177-765defc8baa4@group-53A4DE1611EE-FollowerState] INFO  impl.FollowerState (FollowerState.java:run(152)) - d2cb3656-736c-45ed-9177-765defc8baa4@group-53A4DE1611EE-FollowerState was interrupted
2023-06-29 22:10:40,757 [grpc-default-executor-2] INFO  server.RaftServer$Division (RaftServerImpl.java:requestVote(1335)) - fe774388-89b0-43a1-8132-3e981ddd9c14@group-53A4DE1611EE replies to ELECTION vote request: 48be0ea8-46a6-4e80-b936-879c72e065d6<-fe774388-89b0-43a1-8132-3e981ddd9c14#0:OK-t1. Peer's state: fe774388-89b0-43a1-8132-3e981ddd9c14@group-53A4DE1611EE:t1, leader=null, voted=48be0ea8-46a6-4e80-b936-879c72e065d6, raftlog=Memoized:fe774388-89b0-43a1-8132-3e981ddd9c14@group-53A4DE1611EE-SegmentedRaftLog:OPENED:c-1, conf=-1: peers:[fe774388-89b0-43a1-8132-3e981ddd9c14|rpc:10.1.0.248:15023|admin:10.1.0.248:15022|client:10.1.0.248:15021|dataStream:10.1.0.248:15024|priority:0|startupRole:FOLLOWER, d2cb3656-736c-45ed-9177-765defc8baa4|rpc:10.1.0.248:15032|admin:10.1.0.248:15031|client:10.1.0.248:15030|dataStream:10.1.0.248:15033|priority:0|startupRole:FOLLOWER, 48be0ea8-46a6-4e80-b936-879c72e065d6|rpc:10.1.0.248:15014|admin:10.1.0.248:15013|client:10.1.0.248:15012|dataStream:10.1.0.248:15015|priority:1|startupRole:FOLLOWER]|listeners:[], old=null
2023-06-29 22:10:40,761 [grpc-default-executor-1] INFO  server.RaftServer$Division (RaftServerImpl.java:requestVote(1335)) - d2cb3656-736c-45ed-9177-765defc8baa4@group-53A4DE1611EE replies to ELECTION vote request: 48be0ea8-46a6-4e80-b936-879c72e065d6<-d2cb3656-736c-45ed-9177-765defc8baa4#0:OK-t1. Peer's state: d2cb3656-736c-45ed-9177-765defc8baa4@group-53A4DE1611EE:t1, leader=null, voted=48be0ea8-46a6-4e80-b936-879c72e065d6, raftlog=Memoized:d2cb3656-736c-45ed-9177-765defc8baa4@group-53A4DE1611EE-SegmentedRaftLog:OPENED:c-1, conf=-1: peers:[fe774388-89b0-43a1-8132-3e981ddd9c14|rpc:10.1.0.248:15023|admin:10.1.0.248:15022|client:10.1.0.248:15021|dataStream:10.1.0.248:15024|priority:0|startupRole:FOLLOWER, d2cb3656-736c-45ed-9177-765defc8baa4|rpc:10.1.0.248:15032|admin:10.1.0.248:15031|client:10.1.0.248:15030|dataStream:10.1.0.248:15033|priority:0|startupRole:FOLLOWER, 48be0ea8-46a6-4e80-b936-879c72e065d6|rpc:10.1.0.248:15014|admin:10.1.0.248:15013|client:10.1.0.248:15012|dataStream:10.1.0.248:15015|priority:1|startupRole:FOLLOWER]|listeners:[], old=null
2023-06-29 22:10:40,762 [48be0ea8-46a6-4e80-b936-879c72e065d6@group-53A4DE1611EE-LeaderElection7] INFO  impl.LeaderElection (LeaderElection.java:logAndReturn(90)) - 48be0ea8-46a6-4e80-b936-879c72e065d6@group-53A4DE1611EE-LeaderElection7: ELECTION PASSED received 1 response(s) and 0 exception(s):
2023-06-29 22:10:40,762 [48be0ea8-46a6-4e80-b936-879c72e065d6@group-53A4DE1611EE-LeaderElection7] INFO  impl.LeaderElection (LeaderElection.java:logAndReturn(94)) -   Response 0: 48be0ea8-46a6-4e80-b936-879c72e065d6<-fe774388-89b0-43a1-8132-3e981ddd9c14#0:OK-t1
2023-06-29 22:10:40,762 [48be0ea8-46a6-4e80-b936-879c72e065d6@group-53A4DE1611EE-LeaderElection7] INFO  impl.LeaderElection (LeaderElection.java:askForVotes(323)) - 48be0ea8-46a6-4e80-b936-879c72e065d6@group-53A4DE1611EE-LeaderElection7 ELECTION round 0: result PASSED
2023-06-29 22:10:40,763 [48be0ea8-46a6-4e80-b936-879c72e065d6@group-53A4DE1611EE-LeaderElection7] INFO  impl.RoleInfo (RoleInfo.java:shutdownLeaderElection(130)) - 48be0ea8-46a6-4e80-b936-879c72e065d6: shutdown 48be0ea8-46a6-4e80-b936-879c72e065d6@group-53A4DE1611EE-LeaderElection7
2023-06-29 22:10:40,763 [48be0ea8-46a6-4e80-b936-879c72e065d6@group-53A4DE1611EE-LeaderElection7] INFO  server.RaftServer$Division (RaftServerImpl.java:setRole(329)) - 48be0ea8-46a6-4e80-b936-879c72e065d6@group-53A4DE1611EE: changes role from CANDIDATE to LEADER at term 1 for changeToLeader
2023-06-29 22:10:40,763 [48be0ea8-46a6-4e80-b936-879c72e065d6@group-53A4DE1611EE-LeaderElection7] INFO  ratis.XceiverServerRatis (XceiverServerRatis.java:handleLeaderChangedNotification(902)) - Leader change notification received for group: group-53A4DE1611EE with new leaderId: 48be0ea8-46a6-4e80-b936-879c72e065d6
2023-06-29 22:10:40,763 [48be0ea8-46a6-4e80-b936-879c72e065d6@group-53A4DE1611EE-LeaderElection7] INFO  server.RaftServer$Division (ServerState.java:setLeader(317)) - 48be0ea8-46a6-4e80-b936-879c72e065d6@group-53A4DE1611EE: change Leader from null to 48be0ea8-46a6-4e80-b936-879c72e065d6 at term 1 for becomeLeader, leader elected after 5301ms
2023-06-29 22:10:40,763 [48be0ea8-46a6-4e80-b936-879c72e065d6@group-53A4DE1611EE-LeaderElection7] INFO  server.RaftServerConfigKeys (ConfUtils.java:logGet(46)) - raft.server.staging.catchup.gap = 1000 (default)
2023-06-29 22:10:40,763 [48be0ea8-46a6-4e80-b936-879c72e065d6@group-53A4DE1611EE-LeaderElection7] INFO  server.RaftServerConfigKeys (ConfUtils.java:logGet(46)) - raft.server.write.element-limit = 1024 (custom)
2023-06-29 22:10:40,763 [48be0ea8-46a6-4e80-b936-879c72e065d6@group-53A4DE1611EE-LeaderElection7] INFO  server.RaftServerConfigKeys (ConfUtils.java:logGet(46)) - raft.server.write.byte-limit = 1024 M (=1073741824) (custom)
2023-06-29 22:10:40,763 [48be0ea8-46a6-4e80-b936-879c72e065d6@group-53A4DE1611EE-LeaderElection7] INFO  server.RaftServerConfigKeys (ConfUtils.java:logGet(46)) - raft.server.watch.timeout = 180s (custom)
2023-06-29 22:10:40,763 [48be0ea8-46a6-4e80-b936-879c72e065d6@group-53A4DE1611EE-LeaderElection7] INFO  server.RaftServerConfigKeys (ConfUtils.java:logGet(46)) - raft.server.watch.timeout.denomination = 1s (default)
2023-06-29 22:10:40,763 [48be0ea8-46a6-4e80-b936-879c72e065d6@group-53A4DE1611EE-LeaderElection7] INFO  server.RaftServerConfigKeys (ConfUtils.java:logGet(46)) - raft.server.watch.element-limit = 65536 (default)
2023-06-29 22:10:40,763 [48be0ea8-46a6-4e80-b936-879c72e065d6@group-53A4DE1611EE-LeaderElection7] INFO  server.RaftServerConfigKeys (ConfUtils.java:logGet(46)) - raft.server.write.element-limit = 1024 (custom)
2023-06-29 22:10:40,764 [48be0ea8-46a6-4e80-b936-879c72e065d6@group-53A4DE1611EE-LeaderElection7] INFO  server.RaftServerConfigKeys (ConfUtils.java:logGet(46)) - raft.server.write.follower.gap.ratio.max = -1.0 (default)
2023-06-29 22:10:40,764 [48be0ea8-46a6-4e80-b936-879c72e065d6@group-53A4DE1611EE-LeaderElection7] INFO  server.RaftServerConfigKeys (ConfUtils.java:logGet(46)) - raft.server.log.appender.snapshot.chunk.size.max = 16MB (=16777216) (default)
2023-06-29 22:10:40,764 [48be0ea8-46a6-4e80-b936-879c72e065d6@group-53A4DE1611EE-LeaderElection7] INFO  server.RaftServerConfigKeys (ConfUtils.java:logGet(46)) - raft.server.log.appender.buffer.byte-limit = 33554432 (custom)
2023-06-29 22:10:40,764 [48be0ea8-46a6-4e80-b936-879c72e065d6@group-53A4DE1611EE-LeaderElection7] INFO  server.RaftServerConfigKeys (ConfUtils.java:logGet(46)) - raft.server.log.appender.buffer.element-limit = 1 (custom)
2023-06-29 22:10:40,764 [48be0ea8-46a6-4e80-b936-879c72e065d6@group-53A4DE1611EE-LeaderElection7] INFO  server.RaftServerConfigKeys (ConfUtils.java:logGet(46)) - raft.server.log.appender.wait-time.min = 10ms (default)
2023-06-29 22:10:40,764 [48be0ea8-46a6-4e80-b936-879c72e065d6@group-53A4DE1611EE-LeaderElection7] INFO  grpc.GrpcConfigKeys (ConfUtils.java:logGet(46)) - raft.grpc.server.leader.outstanding.appends.max = 128 (default)
2023-06-29 22:10:40,766 [48be0ea8-46a6-4e80-b936-879c72e065d6@group-53A4DE1611EE-LeaderElection7] INFO  server.RaftServerConfigKeys (ConfUtils.java:logGet(46)) - raft.server.rpc.request.timeout = 60s (custom)
2023-06-29 22:10:40,766 [48be0ea8-46a6-4e80-b936-879c72e065d6@group-53A4DE1611EE-LeaderElection7] INFO  grpc.GrpcConfigKeys (ConfUtils.java:logGet(46)) - raft.grpc.server.install_snapshot.request.element-limit = 8 (default)
2023-06-29 22:10:40,766 [48be0ea8-46a6-4e80-b936-879c72e065d6@group-53A4DE1611EE-LeaderElection7] INFO  grpc.GrpcConfigKeys (ConfUtils.java:logGet(46)) - raft.grpc.server.install_snapshot.request.timeout = 3000ms (default)
2023-06-29 22:10:40,766 [48be0ea8-46a6-4e80-b936-879c72e065d6@group-53A4DE1611EE-LeaderElection7] INFO  server.RaftServerConfigKeys (ConfUtils.java:logGet(46)) - raft.server.log.appender.install.snapshot.enabled = false (custom)
2023-06-29 22:10:40,766 [48be0ea8-46a6-4e80-b936-879c72e065d6@group-53A4DE1611EE-LeaderElection7] INFO  grpc.GrpcConfigKeys (ConfUtils.java:logGet(46)) - raft.grpc.server.heartbeat.channel = true (default)
2023-06-29 22:10:40,768 [EventQueue-PipelineReportForPipelineReportHandler] INFO  pipeline.PipelineReportHandler (PipelineReportHandler.java:processPipelineReport(136)) - Opened pipeline PipelineID=60c550eb-c91e-4f73-bcc1-53a4de1611ee
2023-06-29 22:10:40,769 [48be0ea8-46a6-4e80-b936-879c72e065d6@group-53A4DE1611EE-LeaderElection7] INFO  server.RaftServerConfigKeys (ConfUtils.java:logGet(46)) - raft.server.log.appender.snapshot.chunk.size.max = 16MB (=16777216) (default)
2023-06-29 22:10:40,769 [48be0ea8-46a6-4e80-b936-879c72e065d6@group-53A4DE1611EE-LeaderElection7] INFO  server.RaftServerConfigKeys (ConfUtils.java:logGet(46)) - raft.server.log.appender.buffer.byte-limit = 33554432 (custom)
2023-06-29 22:10:40,769 [48be0ea8-46a6-4e80-b936-879c72e065d6@group-53A4DE1611EE-LeaderElection7] INFO  server.RaftServerConfigKeys (ConfUtils.java:logGet(46)) - raft.server.log.appender.buffer.element-limit = 1 (custom)
2023-06-29 22:10:40,769 [48be0ea8-46a6-4e80-b936-879c72e065d6@group-53A4DE1611EE-LeaderElection7] INFO  server.RaftServerConfigKeys (ConfUtils.java:logGet(46)) - raft.server.log.appender.wait-time.min = 10ms (default)
2023-06-29 22:10:40,769 [48be0ea8-46a6-4e80-b936-879c72e065d6@group-53A4DE1611EE-LeaderElection7] INFO  grpc.GrpcConfigKeys (ConfUtils.java:logGet(46)) - raft.grpc.server.leader.outstanding.appends.max = 128 (default)
2023-06-29 22:10:40,769 [48be0ea8-46a6-4e80-b936-879c72e065d6@group-53A4DE1611EE-LeaderElection7] INFO  server.RaftServerConfigKeys (ConfUtils.java:logGet(46)) - raft.server.rpc.request.timeout = 60s (custom)
2023-06-29 22:10:40,769 [48be0ea8-46a6-4e80-b936-879c72e065d6@group-53A4DE1611EE-LeaderElection7] INFO  grpc.GrpcConfigKeys (ConfUtils.java:logGet(46)) - raft.grpc.server.install_snapshot.request.element-limit = 8 (default)
2023-06-29 22:10:40,769 [48be0ea8-46a6-4e80-b936-879c72e065d6@group-53A4DE1611EE-LeaderElection7] INFO  grpc.GrpcConfigKeys (ConfUtils.java:logGet(46)) - raft.grpc.server.install_snapshot.request.timeout = 3000ms (default)
2023-06-29 22:10:40,769 [48be0ea8-46a6-4e80-b936-879c72e065d6@group-53A4DE1611EE-LeaderElection7] INFO  server.RaftServerConfigKeys (ConfUtils.java:logGet(46)) - raft.server.log.appender.install.snapshot.enabled = false (custom)
2023-06-29 22:10:40,769 [48be0ea8-46a6-4e80-b936-879c72e065d6@group-53A4DE1611EE-LeaderElection7] INFO  grpc.GrpcConfigKeys (ConfUtils.java:logGet(46)) - raft.grpc.server.heartbeat.channel = true (default)
2023-06-29 22:10:40,769 [48be0ea8-46a6-4e80-b936-879c72e065d6@group-53A4DE1611EE-LeaderElection7] INFO  impl.RoleInfo (RoleInfo.java:updateAndGet(139)) - 48be0ea8-46a6-4e80-b936-879c72e065d6: start 48be0ea8-46a6-4e80-b936-879c72e065d6@group-53A4DE1611EE-LeaderStateImpl
2023-06-29 22:10:40,769 [48be0ea8-46a6-4e80-b936-879c72e065d6@group-53A4DE1611EE-LeaderElection7] INFO  segmented.SegmentedRaftLogWorker (SegmentedRaftLogWorker.java:startLogSegment(447)) - 48be0ea8-46a6-4e80-b936-879c72e065d6@group-53A4DE1611EE-SegmentedRaftLogWorker: Starting segment from index:0
2023-06-29 22:10:40,770 [48be0ea8-46a6-4e80-b936-879c72e065d6@group-53A4DE1611EE-SegmentedRaftLogWorker] INFO  segmented.SegmentedRaftLogWorker (SegmentedRaftLogWorker.java:execute(651)) - 48be0ea8-46a6-4e80-b936-879c72e065d6@group-53A4DE1611EE-SegmentedRaftLogWorker: created new log segment /home/runner/work/ozone/ozone/hadoop-ozone/integration-test/target/test-dir/MiniOzoneClusterImpl-ecb232db-3c23-47bf-871f-23bcde51c85c/datanode-0/data/ratis/60c550eb-c91e-4f73-bcc1-53a4de1611ee/current/log_inprogress_0
2023-06-29 22:10:40,781 [48be0ea8-46a6-4e80-b936-879c72e065d6@group-53A4DE1611EE-LeaderElection7] INFO  server.RaftServer$Division (ServerState.java:setRaftConf(434)) - 48be0ea8-46a6-4e80-b936-879c72e065d6@group-53A4DE1611EE: set configuration 0: peers:[fe774388-89b0-43a1-8132-3e981ddd9c14|rpc:10.1.0.248:15023|admin:10.1.0.248:15022|client:10.1.0.248:15021|dataStream:10.1.0.248:15024|priority:0|startupRole:FOLLOWER, d2cb3656-736c-45ed-9177-765defc8baa4|rpc:10.1.0.248:15032|admin:10.1.0.248:15031|client:10.1.0.248:15030|dataStream:10.1.0.248:15033|priority:0|startupRole:FOLLOWER, 48be0ea8-46a6-4e80-b936-879c72e065d6|rpc:10.1.0.248:15014|admin:10.1.0.248:15013|client:10.1.0.248:15012|dataStream:10.1.0.248:15015|priority:1|startupRole:FOLLOWER]|listeners:[], old=null
2023-06-29 22:10:40,816 [d2cb3656-736c-45ed-9177-765defc8baa4-server-thread1] INFO  ratis.XceiverServerRatis (XceiverServerRatis.java:handleLeaderChangedNotification(902)) - Leader change notification received for group: group-53A4DE1611EE with new leaderId: 48be0ea8-46a6-4e80-b936-879c72e065d6
2023-06-29 22:10:40,817 [d2cb3656-736c-45ed-9177-765defc8baa4-server-thread1] INFO  server.RaftServer$Division (ServerState.java:setLeader(317)) - d2cb3656-736c-45ed-9177-765defc8baa4@group-53A4DE1611EE: change Leader from null to 48be0ea8-46a6-4e80-b936-879c72e065d6 at term 1 for appendEntries, leader elected after 5210ms
2023-06-29 22:10:40,819 [fe774388-89b0-43a1-8132-3e981ddd9c14-server-thread1] INFO  ratis.XceiverServerRatis (XceiverServerRatis.java:handleLeaderChangedNotification(902)) - Leader change notification received for group: group-53A4DE1611EE with new leaderId: 48be0ea8-46a6-4e80-b936-879c72e065d6
2023-06-29 22:10:40,819 [fe774388-89b0-43a1-8132-3e981ddd9c14-server-thread1] INFO  server.RaftServer$Division (ServerState.java:setLeader(317)) - fe774388-89b0-43a1-8132-3e981ddd9c14@group-53A4DE1611EE: change Leader from null to 48be0ea8-46a6-4e80-b936-879c72e065d6 at term 1 for appendEntries, leader elected after 5311ms
2023-06-29 22:10:40,821 [d2cb3656-736c-45ed-9177-765defc8baa4-server-thread1] INFO  server.RaftServer$Division (ServerState.java:setRaftConf(434)) - d2cb3656-736c-45ed-9177-765defc8baa4@group-53A4DE1611EE: set configuration 0: peers:[fe774388-89b0-43a1-8132-3e981ddd9c14|rpc:10.1.0.248:15023|admin:10.1.0.248:15022|client:10.1.0.248:15021|dataStream:10.1.0.248:15024|priority:0|startupRole:FOLLOWER, d2cb3656-736c-45ed-9177-765defc8baa4|rpc:10.1.0.248:15032|admin:10.1.0.248:15031|client:10.1.0.248:15030|dataStream:10.1.0.248:15033|priority:0|startupRole:FOLLOWER, 48be0ea8-46a6-4e80-b936-879c72e065d6|rpc:10.1.0.248:15014|admin:10.1.0.248:15013|client:10.1.0.248:15012|dataStream:10.1.0.248:15015|priority:1|startupRole:FOLLOWER]|listeners:[], old=null
2023-06-29 22:10:40,821 [d2cb3656-736c-45ed-9177-765defc8baa4-server-thread1] INFO  segmented.SegmentedRaftLogWorker (SegmentedRaftLogWorker.java:startLogSegment(447)) - d2cb3656-736c-45ed-9177-765defc8baa4@group-53A4DE1611EE-SegmentedRaftLogWorker: Starting segment from index:0
2023-06-29 22:10:40,825 [fe774388-89b0-43a1-8132-3e981ddd9c14-server-thread1] INFO  server.RaftServer$Division (ServerState.java:setRaftConf(434)) - fe774388-89b0-43a1-8132-3e981ddd9c14@group-53A4DE1611EE: set configuration 0: peers:[fe774388-89b0-43a1-8132-3e981ddd9c14|rpc:10.1.0.248:15023|admin:10.1.0.248:15022|client:10.1.0.248:15021|dataStream:10.1.0.248:15024|priority:0|startupRole:FOLLOWER, d2cb3656-736c-45ed-9177-765defc8baa4|rpc:10.1.0.248:15032|admin:10.1.0.248:15031|client:10.1.0.248:15030|dataStream:10.1.0.248:15033|priority:0|startupRole:FOLLOWER, 48be0ea8-46a6-4e80-b936-879c72e065d6|rpc:10.1.0.248:15014|admin:10.1.0.248:15013|client:10.1.0.248:15012|dataStream:10.1.0.248:15015|priority:1|startupRole:FOLLOWER]|listeners:[], old=null
2023-06-29 22:10:40,825 [fe774388-89b0-43a1-8132-3e981ddd9c14-server-thread1] INFO  segmented.SegmentedRaftLogWorker (SegmentedRaftLogWorker.java:startLogSegment(447)) - fe774388-89b0-43a1-8132-3e981ddd9c14@group-53A4DE1611EE-SegmentedRaftLogWorker: Starting segment from index:0
2023-06-29 22:10:40,827 [fe774388-89b0-43a1-8132-3e981ddd9c14@group-53A4DE1611EE-SegmentedRaftLogWorker] INFO  segmented.SegmentedRaftLogWorker (SegmentedRaftLogWorker.java:execute(651)) - fe774388-89b0-43a1-8132-3e981ddd9c14@group-53A4DE1611EE-SegmentedRaftLogWorker: created new log segment /home/runner/work/ozone/ozone/hadoop-ozone/integration-test/target/test-dir/MiniOzoneClusterImpl-ecb232db-3c23-47bf-871f-23bcde51c85c/datanode-1/data/ratis/60c550eb-c91e-4f73-bcc1-53a4de1611ee/current/log_inprogress_0
2023-06-29 22:10:40,827 [d2cb3656-736c-45ed-9177-765defc8baa4@group-53A4DE1611EE-SegmentedRaftLogWorker] INFO  segmented.SegmentedRaftLogWorker (SegmentedRaftLogWorker.java:execute(651)) - d2cb3656-736c-45ed-9177-765defc8baa4@group-53A4DE1611EE-SegmentedRaftLogWorker: created new log segment /home/runner/work/ozone/ozone/hadoop-ozone/integration-test/target/test-dir/MiniOzoneClusterImpl-ecb232db-3c23-47bf-871f-23bcde51c85c/datanode-2/data/ratis/60c550eb-c91e-4f73-bcc1-53a4de1611ee/current/log_inprogress_0
2023-06-29 22:10:40,985 [d2cb3656-736c-45ed-9177-765defc8baa4@group-79B2834307E7-FollowerState] INFO  impl.FollowerState (FollowerState.java:run(143)) - d2cb3656-736c-45ed-9177-765defc8baa4@group-79B2834307E7-FollowerState: change to CANDIDATE, lastRpcElapsedTime:5063745894ns, electionTimeout:5057ms
2023-06-29 22:10:40,985 [d2cb3656-736c-45ed-9177-765defc8baa4@group-79B2834307E7-FollowerState] INFO  impl.RoleInfo (RoleInfo.java:shutdownFollowerState(110)) - d2cb3656-736c-45ed-9177-765defc8baa4: shutdown d2cb3656-736c-45ed-9177-765defc8baa4@group-79B2834307E7-FollowerState
2023-06-29 22:10:40,985 [d2cb3656-736c-45ed-9177-765defc8baa4@group-79B2834307E7-FollowerState] INFO  server.RaftServer$Division (RaftServerImpl.java:setRole(329)) - d2cb3656-736c-45ed-9177-765defc8baa4@group-79B2834307E7: changes role from  FOLLOWER to CANDIDATE at term 0 for changeToCandidate
2023-06-29 22:10:40,985 [d2cb3656-736c-45ed-9177-765defc8baa4@group-79B2834307E7-FollowerState] INFO  server.RaftServerConfigKeys (ConfUtils.java:logGet(46)) - raft.server.leaderelection.pre-vote = true (default)
2023-06-29 22:10:40,985 [d2cb3656-736c-45ed-9177-765defc8baa4@group-79B2834307E7-FollowerState] INFO  impl.RoleInfo (RoleInfo.java:updateAndGet(139)) - d2cb3656-736c-45ed-9177-765defc8baa4: start d2cb3656-736c-45ed-9177-765defc8baa4@group-79B2834307E7-LeaderElection8
2023-06-29 22:10:40,993 [d2cb3656-736c-45ed-9177-765defc8baa4@group-79B2834307E7-LeaderElection8] INFO  impl.LeaderElection (LeaderElection.java:askForVotes(321)) - d2cb3656-736c-45ed-9177-765defc8baa4@group-79B2834307E7-LeaderElection8 PRE_VOTE round 0: submit vote requests at term 0 for -1: peers:[d2cb3656-736c-45ed-9177-765defc8baa4|rpc:10.1.0.248:15032|admin:10.1.0.248:15031|client:10.1.0.248:15030|dataStream:10.1.0.248:15033|priority:1|startupRole:FOLLOWER]|listeners:[], old=null
2023-06-29 22:10:40,993 [d2cb3656-736c-45ed-9177-765defc8baa4@group-79B2834307E7-LeaderElection8] INFO  impl.LeaderElection (LeaderElection.java:askForVotes(323)) - d2cb3656-736c-45ed-9177-765defc8baa4@group-79B2834307E7-LeaderElection8 PRE_VOTE round 0: result PASSED (term=0)
2023-06-29 22:10:40,996 [d2cb3656-736c-45ed-9177-765defc8baa4@group-79B2834307E7-LeaderElection8] INFO  impl.LeaderElection (LeaderElection.java:askForVotes(321)) - d2cb3656-736c-45ed-9177-765defc8baa4@group-79B2834307E7-LeaderElection8 ELECTION round 0: submit vote requests at term 1 for -1: peers:[d2cb3656-736c-45ed-9177-765defc8baa4|rpc:10.1.0.248:15032|admin:10.1.0.248:15031|client:10.1.0.248:15030|dataStream:10.1.0.248:15033|priority:1|startupRole:FOLLOWER]|listeners:[], old=null
2023-06-29 22:10:40,996 [d2cb3656-736c-45ed-9177-765defc8baa4@group-79B2834307E7-LeaderElection8] INFO  impl.LeaderElection (LeaderElection.java:askForVotes(323)) - d2cb3656-736c-45ed-9177-765defc8baa4@group-79B2834307E7-LeaderElection8 ELECTION round 0: result PASSED (term=1)
2023-06-29 22:10:40,996 [d2cb3656-736c-45ed-9177-765defc8baa4@group-79B2834307E7-LeaderElection8] INFO  impl.RoleInfo (RoleInfo.java:shutdownLeaderElection(130)) - d2cb3656-736c-45ed-9177-765defc8baa4: shutdown d2cb3656-736c-45ed-9177-765defc8baa4@group-79B2834307E7-LeaderElection8
2023-06-29 22:10:40,996 [d2cb3656-736c-45ed-9177-765defc8baa4@group-79B2834307E7-LeaderElection8] INFO  server.RaftServer$Division (RaftServerImpl.java:setRole(329)) - d2cb3656-736c-45ed-9177-765defc8baa4@group-79B2834307E7: changes role from CANDIDATE to LEADER at term 1 for changeToLeader
2023-06-29 22:10:40,996 [d2cb3656-736c-45ed-9177-765defc8baa4@group-79B2834307E7-LeaderElection8] INFO  ratis.XceiverServerRatis (XceiverServerRatis.java:handleLeaderChangedNotification(902)) - Leader change notification received for group: group-79B2834307E7 with new leaderId: d2cb3656-736c-45ed-9177-765defc8baa4
2023-06-29 22:10:40,996 [d2cb3656-736c-45ed-9177-765defc8baa4@group-79B2834307E7-LeaderElection8] INFO  server.RaftServer$Division (ServerState.java:setLeader(317)) - d2cb3656-736c-45ed-9177-765defc8baa4@group-79B2834307E7: change Leader from null to d2cb3656-736c-45ed-9177-765defc8baa4 at term 1 for becomeLeader, leader elected after 5356ms
2023-06-29 22:10:40,996 [d2cb3656-736c-45ed-9177-765defc8baa4@group-79B2834307E7-LeaderElection8] INFO  server.RaftServerConfigKeys (ConfUtils.java:logGet(46)) - raft.server.staging.catchup.gap = 1000 (default)
2023-06-29 22:10:40,998 [d2cb3656-736c-45ed-9177-765defc8baa4@group-79B2834307E7-LeaderElection8] INFO  server.RaftServerConfigKeys (ConfUtils.java:logGet(46)) - raft.server.write.element-limit = 1024 (custom)
2023-06-29 22:10:40,998 [d2cb3656-736c-45ed-9177-765defc8baa4@group-79B2834307E7-LeaderElection8] INFO  server.RaftServerConfigKeys (ConfUtils.java:logGet(46)) - raft.server.write.byte-limit = 1024 M (=1073741824) (custom)
2023-06-29 22:10:40,998 [d2cb3656-736c-45ed-9177-765defc8baa4@group-79B2834307E7-LeaderElection8] INFO  server.RaftServerConfigKeys (ConfUtils.java:logGet(46)) - raft.server.watch.timeout = 180s (custom)
2023-06-29 22:10:40,998 [d2cb3656-736c-45ed-9177-765defc8baa4@group-79B2834307E7-LeaderElection8] INFO  server.RaftServerConfigKeys (ConfUtils.java:logGet(46)) - raft.server.watch.timeout.denomination = 1s (default)
2023-06-29 22:10:40,998 [d2cb3656-736c-45ed-9177-765defc8baa4@group-79B2834307E7-LeaderElection8] INFO  server.RaftServerConfigKeys (ConfUtils.java:logGet(46)) - raft.server.watch.element-limit = 65536 (default)
2023-06-29 22:10:40,998 [d2cb3656-736c-45ed-9177-765defc8baa4@group-79B2834307E7-LeaderElection8] INFO  server.RaftServerConfigKeys (ConfUtils.java:logGet(46)) - raft.server.write.element-limit = 1024 (custom)
2023-06-29 22:10:40,998 [d2cb3656-736c-45ed-9177-765defc8baa4@group-79B2834307E7-LeaderElection8] INFO  server.RaftServerConfigKeys (ConfUtils.java:logGet(46)) - raft.server.write.follower.gap.ratio.max = -1.0 (default)
2023-06-29 22:10:40,998 [d2cb3656-736c-45ed-9177-765defc8baa4@group-79B2834307E7-LeaderElection8] INFO  impl.RoleInfo (RoleInfo.java:updateAndGet(139)) - d2cb3656-736c-45ed-9177-765defc8baa4: start d2cb3656-736c-45ed-9177-765defc8baa4@group-79B2834307E7-LeaderStateImpl
2023-06-29 22:10:40,998 [d2cb3656-736c-45ed-9177-765defc8baa4@group-79B2834307E7-LeaderElection8] INFO  segmented.SegmentedRaftLogWorker (SegmentedRaftLogWorker.java:startLogSegment(447)) - d2cb3656-736c-45ed-9177-765defc8baa4@group-79B2834307E7-SegmentedRaftLogWorker: Starting segment from index:0
2023-06-29 22:10:41,001 [d2cb3656-736c-45ed-9177-765defc8baa4@group-79B2834307E7-LeaderElection8] INFO  server.RaftServer$Division (ServerState.java:setRaftConf(434)) - d2cb3656-736c-45ed-9177-765defc8baa4@group-79B2834307E7: set configuration 0: peers:[d2cb3656-736c-45ed-9177-765defc8baa4|rpc:10.1.0.248:15032|admin:10.1.0.248:15031|client:10.1.0.248:15030|dataStream:10.1.0.248:15033|priority:1|startupRole:FOLLOWER]|listeners:[], old=null
2023-06-29 22:10:41,014 [d2cb3656-736c-45ed-9177-765defc8baa4@group-79B2834307E7-SegmentedRaftLogWorker] INFO  segmented.SegmentedRaftLogWorker (SegmentedRaftLogWorker.java:execute(651)) - d2cb3656-736c-45ed-9177-765defc8baa4@group-79B2834307E7-SegmentedRaftLogWorker: created new log segment /home/runner/work/ozone/ozone/hadoop-ozone/integration-test/target/test-dir/MiniOzoneClusterImpl-ecb232db-3c23-47bf-871f-23bcde51c85c/datanode-2/data/ratis/bf09cc7a-3b10-4345-9a04-79b2834307e7/current/log_inprogress_0
2023-06-29 22:10:41,176 [main] INFO  rpc.RpcClient (RpcClient.java:createVolume(460)) - Creating Volume: vol1, with user36497 as owner and space quota set to -1 bytes, counts quota set to -1
2023-06-29 22:10:41,231 [OM StateMachine ApplyTransaction Thread - 0] INFO  volume.OMVolumeCreateRequest (OMVolumeCreateRequest.java:validateAndUpdateCache(196)) - created volume:vol1 for user:user36497
2023-06-29 22:10:41,245 [main] INFO  rpc.RpcClient (RpcClient.java:createBucket(687)) - Creating Bucket: vol1/bucket1, with bucket layout LEGACY, runner as owner, Versioning false, Storage Type set to DISK and Encryption set to false, Replication Type set to server-side default replication type, Namespace Quota set to -1, Space Quota set to -1 
2023-06-29 22:10:41,263 [OM StateMachine ApplyTransaction Thread - 0] INFO  bucket.OMBucketCreateRequest (OMBucketCreateRequest.java:validateAndUpdateCache(270)) - created bucket: bucket1 of layout LEGACY in volume: vol1
2023-06-29 22:10:41,277 [main] INFO  rpc.RpcClient (RpcClient.java:createBucket(687)) - Creating Bucket: vol1/bucket2, with bucket layout FILE_SYSTEM_OPTIMIZED, runner as owner, Versioning false, Storage Type set to DISK and Encryption set to false, Replication Type set to server-side default replication type, Namespace Quota set to -1, Space Quota set to -1 
2023-06-29 22:10:41,281 [OM StateMachine ApplyTransaction Thread - 0] INFO  bucket.OMBucketCreateRequest (OMBucketCreateRequest.java:validateAndUpdateCache(270)) - created bucket: bucket2 of layout FILE_SYSTEM_OPTIMIZED in volume: vol1
2023-06-29 22:10:41,334 [IPC Server handler 0 on default port 15001] INFO  ha.SequenceIdGenerator (SequenceIdGenerator.java:getNextId(128)) - Allocate a batch for containerId, change lastId from 0 to 1000.
2023-06-29 22:10:41,342 [IPC Server handler 0 on default port 15001] WARN  ha.SequenceIdGenerator (SequenceIdGenerator.java:allocateBatch(237)) - Failed to allocate a batch for localId, expected lastId is 0, actual lastId is 111677748019200000.
2023-06-29 22:10:41,342 [IPC Server handler 0 on default port 15001] INFO  ha.SequenceIdGenerator (SequenceIdGenerator.java:getNextId(128)) - Allocate a batch for localId, change lastId from 111677748019200000 to 111677748019201000.
2023-06-29 22:10:41,426 [main] INFO  impl.MetricsSystemImpl (MetricsSystemImpl.java:init(158)) - XceiverClientMetrics metrics system started (again)
2023-06-29 22:10:41,429 [main] INFO  lib.Interns (Interns.java:removeEldestEntry(50)) - Metrics intern cache overflow at 2011 for MetricsSystem={MetricsSystem=MetricsInfoImpl{name=MetricsSystem, description=MetricsSystem}, MetricsSystem record=MetricsInfoImpl{name=MetricsSystem, description=MetricsSystem record}}
2023-06-29 22:11:02,879 [main] INFO  ozone.TestSnapshotDeletingService (TestSnapshotDeletingService.java:assertTableRowCount(565)) - directoryTable actual row count=12, expectedCount=12
2023-06-29 22:11:02,882 [main] INFO  ozone.TestSnapshotDeletingService (TestSnapshotDeletingService.java:assertTableRowCount(565)) - fileTable actual row count=24, expectedCount=24
2023-06-29 22:11:02,882 [main] INFO  ozone.TestSnapshotDeletingService (TestSnapshotDeletingService.java:assertTableRowCount(565)) - deletedDirectoryTable actual row count=0, expectedCount=0
2023-06-29 22:11:02,902 [OM StateMachine ApplyTransaction Thread - 0] INFO  snapshot.OMSnapshotCreateRequest (OMSnapshotCreateRequest.java:validateAndUpdateCache(193)) - Created snapshot: 'snap1' with snapshotId: 'cd4c6ced-b141-4a33-8b9e-4fdc04a7cd6f' under path 'vol1/bucket2'
2023-06-29 22:11:02,905 [main] INFO  ozone.TestSnapshotDeletingService (TestSnapshotDeletingService.java:assertTableRowCount(565)) - snapshotInfoTable actual row count=0, expectedCount=1
2023-06-29 22:11:02,928 [OMDoubleBufferFlushThread] INFO  db.RDBCheckpointManager (RDBCheckpointManager.java:createCheckpoint(89)) - Created checkpoint in rocksDB at /home/runner/work/ozone/ozone/hadoop-ozone/integration-test/target/test-dir/MiniOzoneClusterImpl-ecb232db-3c23-47bf-871f-23bcde51c85c/ozone-meta/db.snapshots/checkpointState/om.db-cd4c6ced-b141-4a33-8b9e-4fdc04a7cd6f in 24 milliseconds
2023-06-29 22:11:02,945 [OMDoubleBufferFlushThread] INFO  db.RDBCheckpointUtils (RDBCheckpointUtils.java:waitForCheckpointDirectoryExist(59)) - Waited for 15 milliseconds for checkpoint directory /home/runner/work/ozone/ozone/hadoop-ozone/integration-test/target/test-dir/MiniOzoneClusterImpl-ecb232db-3c23-47bf-871f-23bcde51c85c/ozone-meta/db.snapshots/checkpointState/om.db-cd4c6ced-b141-4a33-8b9e-4fdc04a7cd6f availability.
2023-06-29 22:11:02,947 [OMDoubleBufferFlushThread] INFO  om.OmSnapshotManager (OmSnapshotManager.java:createOmSnapshotCheckpoint(463)) - Created checkpoint : /home/runner/work/ozone/ozone/hadoop-ozone/integration-test/target/test-dir/MiniOzoneClusterImpl-ecb232db-3c23-47bf-871f-23bcde51c85c/ozone-meta/db.snapshots/checkpointState/om.db-cd4c6ced-b141-4a33-8b9e-4fdc04a7cd6f for snapshot snap1
2023-06-29 22:11:03,440 [KeyDeletingService#0] INFO  snapshot.SnapshotCache (SnapshotCache.java:lambda$1(166)) - Loading snapshot. Table key: /vol1/bucket2/snap1
2023-06-29 22:11:03,443 [KeyDeletingService#0] WARN  server.ServerUtils (ServerUtils.java:getDBPath(311)) - ozone.om.db.dirs is not configured. We recommend adding this setting. Falling back to ozone.metadata.dirs instead.
2023-06-29 22:11:03,444 [KeyDeletingService#0] INFO  helpers.OmKeyInfo (OmKeyInfo.java:getCodec(71)) - OmKeyInfo.getCodec ignorePipeline = true
2023-06-29 22:11:03,494 [KeyDeletingService#0] INFO  audit.AuditLogger (AuditLogger.java:refreshDebugCmdSet(126)) - Refresh DebugCmdSet for OMAudit to [].
2023-06-29 22:11:03,905 [main] INFO  ozone.TestSnapshotDeletingService (TestSnapshotDeletingService.java:assertTableRowCount(565)) - snapshotInfoTable actual row count=1, expectedCount=1
2023-06-29 22:11:04,942 [KeyDeletingService#0] INFO  snapshot.SnapshotCache (SnapshotCache.java:lambda$1(166)) - Loading snapshot. Table key: /vol1/bucket2/snap1
2023-06-29 22:11:05,441 [KeyDeletingService#0] INFO  snapshot.SnapshotCache (SnapshotCache.java:lambda$1(166)) - Loading snapshot. Table key: /vol1/bucket2/snap1
2023-06-29 22:11:05,941 [KeyDeletingService#0] INFO  snapshot.SnapshotCache (SnapshotCache.java:lambda$1(166)) - Loading snapshot. Table key: /vol1/bucket2/snap1
2023-06-29 22:11:06,441 [KeyDeletingService#0] INFO  snapshot.SnapshotCache (SnapshotCache.java:lambda$1(166)) - Loading snapshot. Table key: /vol1/bucket2/snap1
2023-06-29 22:11:06,442 [KeyDeletingService#0] INFO  snapshot.SnapshotCache (SnapshotCache.java:lambda$1(166)) - Loading snapshot. Table key: /vol1/bucket2/snap1
2023-06-29 22:11:06,815 [main] INFO  ozone.TestSnapshotDeletingService (TestSnapshotDeletingService.java:assertTableRowCount(565)) - fileTable actual row count=24, expectedCount=24
2023-06-29 22:11:06,897 [main] INFO  ozone.TestSnapshotDeletingService (TestSnapshotDeletingService.java:assertTableRowCount(565)) - snapshotRenamedTable actual row count=4, expectedCount=4
2023-06-29 22:11:06,920 [main] INFO  ozone.TestSnapshotDeletingService (TestSnapshotDeletingService.java:assertTableRowCount(565)) - deletedTable actual row count=11, expectedCount=11
2023-06-29 22:11:06,921 [main] INFO  ozone.TestSnapshotDeletingService (TestSnapshotDeletingService.java:assertTableRowCount(565)) - deletedDirectoryTable actual row count=3, expectedCount=3
2023-06-29 22:11:06,922 [main] INFO  ozone.TestSnapshotDeletingService (TestSnapshotDeletingService.java:assertTableRowCount(565)) - directoryTable actual row count=9, expectedCount=9
2023-06-29 22:11:06,922 [main] INFO  ozone.TestSnapshotDeletingService (TestSnapshotDeletingService.java:assertTableRowCount(565)) - snapshotRenamedTable actual row count=4, expectedCount=4
2023-06-29 22:11:06,925 [OM StateMachine ApplyTransaction Thread - 0] INFO  snapshot.OMSnapshotCreateRequest (OMSnapshotCreateRequest.java:validateAndUpdateCache(193)) - Created snapshot: 'snap2' with snapshotId: '10d63e9d-fd05-4387-bd04-edd439261aed' under path 'vol1/bucket2'
2023-06-29 22:11:06,926 [main] INFO  ozone.TestSnapshotDeletingService (TestSnapshotDeletingService.java:assertTableRowCount(565)) - snapshotInfoTable actual row count=1, expectedCount=2
2023-06-29 22:11:06,948 [OMDoubleBufferFlushThread] INFO  db.RDBCheckpointManager (RDBCheckpointManager.java:createCheckpoint(89)) - Created checkpoint in rocksDB at /home/runner/work/ozone/ozone/hadoop-ozone/integration-test/target/test-dir/MiniOzoneClusterImpl-ecb232db-3c23-47bf-871f-23bcde51c85c/ozone-meta/db.snapshots/checkpointState/om.db-10d63e9d-fd05-4387-bd04-edd439261aed in 22 milliseconds
2023-06-29 22:11:06,949 [OMDoubleBufferFlushThread] INFO  db.RDBCheckpointUtils (RDBCheckpointUtils.java:waitForCheckpointDirectoryExist(59)) - Waited for 1 milliseconds for checkpoint directory /home/runner/work/ozone/ozone/hadoop-ozone/integration-test/target/test-dir/MiniOzoneClusterImpl-ecb232db-3c23-47bf-871f-23bcde51c85c/ozone-meta/db.snapshots/checkpointState/om.db-10d63e9d-fd05-4387-bd04-edd439261aed availability.
2023-06-29 22:11:06,950 [OMDoubleBufferFlushThread] WARN  om.OmSnapshotManager (OmSnapshotManager.java:findEndKeyGivenPrefix(593)) - Took 718199 ns to find endKey. Caller is deleteKeysFromDelKeyTableInSnapshotScope
2023-06-29 22:11:06,951 [OMDoubleBufferFlushThread] WARN  om.OmSnapshotManager (OmSnapshotManager.java:findEndKeyGivenPrefix(593)) - Took 121400 ns to find endKey. Caller is deleteKeysFromDelDirTableInSnapshotScope
2023-06-29 22:11:06,952 [OMDoubleBufferFlushThread] INFO  om.OmSnapshotManager (OmSnapshotManager.java:createOmSnapshotCheckpoint(463)) - Created checkpoint : /home/runner/work/ozone/ozone/hadoop-ozone/integration-test/target/test-dir/MiniOzoneClusterImpl-ecb232db-3c23-47bf-871f-23bcde51c85c/ozone-meta/db.snapshots/checkpointState/om.db-10d63e9d-fd05-4387-bd04-edd439261aed for snapshot snap2
2023-06-29 22:11:07,441 [KeyDeletingService#0] INFO  snapshot.SnapshotCache (SnapshotCache.java:lambda$1(166)) - Loading snapshot. Table key: /vol1/bucket2/snap2
2023-06-29 22:11:07,441 [KeyDeletingService#0] WARN  server.ServerUtils (ServerUtils.java:getDBPath(311)) - ozone.om.db.dirs is not configured. We recommend adding this setting. Falling back to ozone.metadata.dirs instead.
2023-06-29 22:11:07,442 [KeyDeletingService#0] INFO  helpers.OmKeyInfo (OmKeyInfo.java:getCodec(71)) - OmKeyInfo.getCodec ignorePipeline = true
2023-06-29 22:11:07,477 [KeyDeletingService#0] INFO  snapshot.SnapshotCache (SnapshotCache.java:lambda$1(166)) - Loading snapshot. Table key: /vol1/bucket2/snap1
2023-06-29 22:11:07,927 [main] INFO  ozone.TestSnapshotDeletingService (TestSnapshotDeletingService.java:assertTableRowCount(565)) - snapshotInfoTable actual row count=2, expectedCount=2
2023-06-29 22:11:07,928 [main] INFO  ozone.TestSnapshotDeletingService (TestSnapshotDeletingService.java:assertTableRowCount(565)) - snapshotRenamedTable actual row count=0, expectedCount=0
2023-06-29 22:11:07,928 [main] INFO  ozone.TestSnapshotDeletingService (TestSnapshotDeletingService.java:assertTableRowCount(565)) - deletedTable actual row count=0, expectedCount=0
2023-06-29 22:11:07,928 [main] INFO  ozone.TestSnapshotDeletingService (TestSnapshotDeletingService.java:assertTableRowCount(565)) - deletedDirectoryTable actual row count=0, expectedCount=0
2023-06-29 22:11:07,941 [KeyDeletingService#0] INFO  snapshot.SnapshotCache (SnapshotCache.java:lambda$1(166)) - Loading snapshot. Table key: /vol1/bucket2/snap2
2023-06-29 22:11:07,948 [KeyDeletingService#0] INFO  snapshot.SnapshotCache (SnapshotCache.java:lambda$1(166)) - Loading snapshot. Table key: /vol1/bucket2/snap2
2023-06-29 22:11:08,442 [KeyDeletingService#0] INFO  snapshot.SnapshotCache (SnapshotCache.java:lambda$1(166)) - Loading snapshot. Table key: /vol1/bucket2/snap2
2023-06-29 22:11:08,442 [KeyDeletingService#0] INFO  snapshot.SnapshotCache (SnapshotCache.java:lambda$1(166)) - Loading snapshot. Table key: /vol1/bucket2/snap2
2023-06-29 22:11:08,443 [KeyDeletingService#0] INFO  snapshot.SnapshotCache (SnapshotCache.java:lambda$1(166)) - Loading snapshot. Table key: /vol1/bucket2/snap2
2023-06-29 22:11:08,942 [KeyDeletingService#0] INFO  snapshot.SnapshotCache (SnapshotCache.java:lambda$1(166)) - Loading snapshot. Table key: /vol1/bucket2/snap2
2023-06-29 22:11:08,943 [KeyDeletingService#0] INFO  snapshot.SnapshotCache (SnapshotCache.java:lambda$1(166)) - Loading snapshot. Table key: /vol1/bucket2/snap2
2023-06-29 22:11:08,943 [KeyDeletingService#0] INFO  snapshot.SnapshotCache (SnapshotCache.java:lambda$1(166)) - Loading snapshot. Table key: /vol1/bucket2/snap2
2023-06-29 22:11:08,944 [KeyDeletingService#0] INFO  snapshot.SnapshotCache (SnapshotCache.java:lambda$1(166)) - Loading snapshot. Table key: /vol1/bucket2/snap2
2023-06-29 22:11:09,440 [main] INFO  ozone.TestSnapshotDeletingService (TestSnapshotDeletingService.java:assertTableRowCount(565)) - deletedTable actual row count=7, expectedCount=7
2023-06-29 22:11:09,442 [KeyDeletingService#0] INFO  snapshot.SnapshotCache (SnapshotCache.java:lambda$1(166)) - Loading snapshot. Table key: /vol1/bucket2/snap2
2023-06-29 22:11:09,442 [KeyDeletingService#0] INFO  snapshot.SnapshotCache (SnapshotCache.java:lambda$1(166)) - Loading snapshot. Table key: /vol1/bucket2/snap2
2023-06-29 22:11:09,443 [KeyDeletingService#0] INFO  snapshot.SnapshotCache (SnapshotCache.java:lambda$1(166)) - Loading snapshot. Table key: /vol1/bucket2/snap2
2023-06-29 22:11:09,444 [OM StateMachine ApplyTransaction Thread - 0] INFO  snapshot.OMSnapshotCreateRequest (OMSnapshotCreateRequest.java:validateAndUpdateCache(193)) - Created snapshot: 'snap3' with snapshotId: 'affc0854-541f-4937-89a6-861f68f55c93' under path 'vol1/bucket2'
2023-06-29 22:11:09,444 [KeyDeletingService#0] INFO  snapshot.SnapshotCache (SnapshotCache.java:lambda$1(166)) - Loading snapshot. Table key: /vol1/bucket2/snap2
2023-06-29 22:11:09,445 [KeyDeletingService#0] INFO  snapshot.SnapshotCache (SnapshotCache.java:lambda$1(166)) - Loading snapshot. Table key: /vol1/bucket2/snap3
2023-06-29 22:11:09,445 [KeyDeletingService#0] WARN  server.ServerUtils (ServerUtils.java:getDBPath(311)) - ozone.om.db.dirs is not configured. We recommend adding this setting. Falling back to ozone.metadata.dirs instead.
2023-06-29 22:11:09,446 [main] INFO  ozone.TestSnapshotDeletingService (TestSnapshotDeletingService.java:assertTableRowCount(565)) - snapshotInfoTable actual row count=2, expectedCount=3
2023-06-29 22:11:10,447 [main] INFO  ozone.TestSnapshotDeletingService (TestSnapshotDeletingService.java:assertTableRowCount(565)) - snapshotInfoTable actual row count=2, expectedCount=3
2023-06-29 22:11:11,448 [main] INFO  ozone.TestSnapshotDeletingService (TestSnapshotDeletingService.java:assertTableRowCount(565)) - snapshotInfoTable actual row count=2, expectedCount=3
2023-06-29 22:11:12,448 [main] INFO  ozone.TestSnapshotDeletingService (TestSnapshotDeletingService.java:assertTableRowCount(565)) - snapshotInfoTable actual row count=2, expectedCount=3
2023-06-29 22:11:13,449 [main] INFO  ozone.TestSnapshotDeletingService (TestSnapshotDeletingService.java:assertTableRowCount(565)) - snapshotInfoTable actual row count=2, expectedCount=3
2023-06-29 22:11:14,450 [main] INFO  ozone.TestSnapshotDeletingService (TestSnapshotDeletingService.java:assertTableRowCount(565)) - snapshotInfoTable actual row count=2, expectedCount=3
2023-06-29 22:11:14,460 [KeyDeletingService#0] INFO  db.RDBCheckpointUtils (RDBCheckpointUtils.java:waitForCheckpointDirectoryExist(65)) - Checkpoint directory: /home/runner/work/ozone/ozone/hadoop-ozone/integration-test/target/test-dir/MiniOzoneClusterImpl-ecb232db-3c23-47bf-871f-23bcde51c85c/ozone-meta/db.snapshots/checkpointState/om.db-affc0854-541f-4937-89a6-861f68f55c93 didn't get created in 5 secs.
2023-06-29 22:11:14,463 [KeyDeletingService#0] ERROR om.OmSnapshotManager (OmSnapshotManager.java:load(360)) - Failed to retrieve snapshot: /vol1/bucket2/snap3
FILE_NOT_FOUND org.apache.hadoop.ozone.om.exceptions.OMException: Unable to load snapshot. Snapshot checkpoint directory '/home/runner/work/ozone/ozone/hadoop-ozone/integration-test/target/test-dir/MiniOzoneClusterImpl-ecb232db-3c23-47bf-871f-23bcde51c85c/ozone-meta/db.snapshots/checkpointState/om.db-affc0854-541f-4937-89a6-861f68f55c93' does not exists.
	at org.apache.hadoop.ozone.om.snapshot.SnapshotUtils.checkSnapshotDirExist(SnapshotUtils.java:101)
	at org.apache.hadoop.ozone.om.OmMetadataManagerImpl.<init>(OmMetadataManagerImpl.java:389)
	at org.apache.hadoop.ozone.om.OmSnapshotManager$1.load(OmSnapshotManager.java:356)
	at org.apache.hadoop.ozone.om.OmSnapshotManager$1.load(OmSnapshotManager.java:1)
	at org.apache.hadoop.ozone.om.snapshot.SnapshotCache.lambda$1(SnapshotCache.java:169)
	at java.util.concurrent.ConcurrentHashMap.compute(ConcurrentHashMap.java:1853)
	at org.apache.hadoop.ozone.om.snapshot.SnapshotCache.get(SnapshotCache.java:165)
	at org.apache.hadoop.ozone.om.OmSnapshotManager.checkForSnapshot(OmSnapshotManager.java:688)
	at org.apache.hadoop.ozone.om.OmMetadataManagerImpl.getLatestActiveSnapshot(OmMetadataManagerImpl.java:1696)
	at org.apache.hadoop.ozone.om.OmMetadataManagerImpl.getPendingDeletionKeys(OmMetadataManagerImpl.java:1549)
	at org.apache.hadoop.ozone.om.KeyManagerImpl.getPendingDeletionKeys(KeyManagerImpl.java:607)
	at org.apache.hadoop.ozone.om.service.KeyDeletingService$KeyDeletingTask.call(KeyDeletingService.java:183)
	at org.apache.hadoop.hdds.utils.BackgroundService$PeriodicalTask.lambda$run$0(BackgroundService.java:121)
	at java.util.concurrent.CompletableFuture$AsyncRun.run(CompletableFuture.java:1640)
	at java.util.concurrent.Executors$RunnableAdapter.call(Executors.java:511)
	at java.util.concurrent.FutureTask.run(FutureTask.java:266)
	at java.util.concurrent.ScheduledThreadPoolExecutor$ScheduledFutureTask.access$201(ScheduledThreadPoolExecutor.java:180)
	at java.util.concurrent.ScheduledThreadPoolExecutor$ScheduledFutureTask.run(ScheduledThreadPoolExecutor.java:293)
	at java.util.concurrent.ThreadPoolExecutor.runWorker(ThreadPoolExecutor.java:1149)
	at java.util.concurrent.ThreadPoolExecutor$Worker.run(ThreadPoolExecutor.java:624)
	at java.lang.Thread.run(Thread.java:750)
2023-06-29 22:11:14,465 [KeyDeletingService#0] ERROR service.KeyDeletingService (KeyDeletingService.java:call(193)) - Error while running delete keys background task. Will retry at next run.
FILE_NOT_FOUND org.apache.hadoop.ozone.om.exceptions.OMException: Snapshot table key '/vol1/bucket2/snap3' not found, or the snapshot is no longer active
	at org.apache.hadoop.ozone.om.snapshot.SnapshotCache.get(SnapshotCache.java:193)
	at org.apache.hadoop.ozone.om.OmSnapshotManager.checkForSnapshot(OmSnapshotManager.java:688)
	at org.apache.hadoop.ozone.om.OmMetadataManagerImpl.getLatestActiveSnapshot(OmMetadataManagerImpl.java:1696)
	at org.apache.hadoop.ozone.om.OmMetadataManagerImpl.getPendingDeletionKeys(OmMetadataManagerImpl.java:1549)
	at org.apache.hadoop.ozone.om.KeyManagerImpl.getPendingDeletionKeys(KeyManagerImpl.java:607)
	at org.apache.hadoop.ozone.om.service.KeyDeletingService$KeyDeletingTask.call(KeyDeletingService.java:183)
	at org.apache.hadoop.hdds.utils.BackgroundService$PeriodicalTask.lambda$run$0(BackgroundService.java:121)
	at java.util.concurrent.CompletableFuture$AsyncRun.run(CompletableFuture.java:1640)
	at java.util.concurrent.Executors$RunnableAdapter.call(Executors.java:511)
	at java.util.concurrent.FutureTask.run(FutureTask.java:266)
	at java.util.concurrent.ScheduledThreadPoolExecutor$ScheduledFutureTask.access$201(ScheduledThreadPoolExecutor.java:180)
	at java.util.concurrent.ScheduledThreadPoolExecutor$ScheduledFutureTask.run(ScheduledThreadPoolExecutor.java:293)
	at java.util.concurrent.ThreadPoolExecutor.runWorker(ThreadPoolExecutor.java:1149)
	at java.util.concurrent.ThreadPoolExecutor$Worker.run(ThreadPoolExecutor.java:624)
	at java.lang.Thread.run(Thread.java:750)
2023-06-29 22:11:14,484 [OMDoubleBufferFlushThread] INFO  db.RDBCheckpointManager (RDBCheckpointManager.java:createCheckpoint(89)) - Created checkpoint in rocksDB at /home/runner/work/ozone/ozone/hadoop-ozone/integration-test/target/test-dir/MiniOzoneClusterImpl-ecb232db-3c23-47bf-871f-23bcde51c85c/ozone-meta/db.snapshots/checkpointState/om.db-affc0854-541f-4937-89a6-861f68f55c93 in 18 milliseconds
2023-06-29 22:11:14,484 [OMDoubleBufferFlushThread] INFO  db.RDBCheckpointUtils (RDBCheckpointUtils.java:waitForCheckpointDirectoryExist(59)) - Waited for 0 milliseconds for checkpoint directory /home/runner/work/ozone/ozone/hadoop-ozone/integration-test/target/test-dir/MiniOzoneClusterImpl-ecb232db-3c23-47bf-871f-23bcde51c85c/ozone-meta/db.snapshots/checkpointState/om.db-affc0854-541f-4937-89a6-861f68f55c93 availability.
2023-06-29 22:11:14,485 [OMDoubleBufferFlushThread] WARN  om.OmSnapshotManager (OmSnapshotManager.java:findEndKeyGivenPrefix(593)) - Took 358699 ns to find endKey. Caller is deleteKeysFromDelKeyTableInSnapshotScope
2023-06-29 22:11:14,488 [OMDoubleBufferFlushThread] INFO  om.OmSnapshotManager (OmSnapshotManager.java:createOmSnapshotCheckpoint(463)) - Created checkpoint : /home/runner/work/ozone/ozone/hadoop-ozone/integration-test/target/test-dir/MiniOzoneClusterImpl-ecb232db-3c23-47bf-871f-23bcde51c85c/ozone-meta/db.snapshots/checkpointState/om.db-affc0854-541f-4937-89a6-861f68f55c93 for snapshot snap3
2023-06-29 22:11:14,966 [KeyDeletingService#0] INFO  snapshot.SnapshotCache (SnapshotCache.java:lambda$1(166)) - Loading snapshot. Table key: /vol1/bucket2/snap3
2023-06-29 22:11:14,966 [KeyDeletingService#0] WARN  server.ServerUtils (ServerUtils.java:getDBPath(311)) - ozone.om.db.dirs is not configured. We recommend adding this setting. Falling back to ozone.metadata.dirs instead.
2023-06-29 22:11:14,967 [KeyDeletingService#0] INFO  helpers.OmKeyInfo (OmKeyInfo.java:getCodec(71)) - OmKeyInfo.getCodec ignorePipeline = true
2023-06-29 22:11:14,995 [KeyDeletingService#0] INFO  snapshot.SnapshotCache (SnapshotCache.java:lambda$1(166)) - Loading snapshot. Table key: /vol1/bucket2/snap2
2023-06-29 22:11:15,451 [main] INFO  ozone.TestSnapshotDeletingService (TestSnapshotDeletingService.java:assertTableRowCount(565)) - snapshotInfoTable actual row count=3, expectedCount=3
2023-06-29 22:11:15,451 [main] INFO  ozone.TestSnapshotDeletingService (TestSnapshotDeletingService.java:assertTableRowCount(565)) - snapshotRenamedTable actual row count=0, expectedCount=0
2023-06-29 22:11:15,451 [main] INFO  ozone.TestSnapshotDeletingService (TestSnapshotDeletingService.java:assertTableRowCount(565)) - deletedDirectoryTable actual row count=0, expectedCount=0
2023-06-29 22:11:15,451 [main] INFO  ozone.TestSnapshotDeletingService (TestSnapshotDeletingService.java:assertTableRowCount(565)) - deletedTable actual row count=0, expectedCount=0
2023-06-29 22:11:15,452 [main] INFO  ozone.TestSnapshotDeletingService (TestSnapshotDeletingService.java:assertTableRowCount(565)) - fileTable actual row count=11, expectedCount=11
2023-06-29 22:11:15,461 [OM StateMachine ApplyTransaction Thread - 0] INFO  snapshot.OMSnapshotDeleteRequest (OMSnapshotDeleteRequest.java:validateAndUpdateCache(225)) - Deleted snapshot 'snap2' under path 'vol1/bucket2'
2023-06-29 22:11:15,462 [main] INFO  ozone.TestSnapshotDeletingService (TestSnapshotDeletingService.java:assertTableRowCount(565)) - snapshotInfoTable actual row count=3, expectedCount=2
2023-06-29 22:11:15,942 [SnapshotDeletingService#0] INFO  snapshot.SnapshotCache (SnapshotCache.java:lambda$1(166)) - Loading snapshot. Table key: /vol1/bucket2/snap2
2023-06-29 22:11:15,949 [SnapshotDeletingService#0] INFO  snapshot.SnapshotCache (SnapshotCache.java:lambda$1(166)) - Loading snapshot. Table key: /vol1/bucket2/snap1
2023-06-29 22:11:15,976 [OMDoubleBufferFlushThread] INFO  snapshot.SnapshotCache (SnapshotCache.java:lambda$1(166)) - Loading snapshot. Table key: /vol1/bucket2/snap2
2023-06-29 22:11:15,984 [OM StateMachine ApplyTransaction Thread - 0] INFO  upgrade.AbstractLayoutVersionManager (AbstractLayoutVersionManager.java:init(83)) - Initializing Layout version manager with metadata layout = QUOTA (version = 6), software layout = QUOTA (version = 6)
2023-06-29 22:11:15,985 [OMDoubleBufferFlushThread] INFO  snapshot.SnapshotCache (SnapshotCache.java:lambda$1(166)) - Loading snapshot. Table key: /vol1/bucket2/snap2
2023-06-29 22:11:15,986 [OMDoubleBufferFlushThread] INFO  snapshot.SnapshotCache (SnapshotCache.java:lambda$1(166)) - Loading snapshot. Table key: /vol1/bucket2/snap3
2023-06-29 22:11:16,442 [SnapshotDeletingService#0] INFO  snapshot.SnapshotCache (SnapshotCache.java:lambda$1(166)) - Loading snapshot. Table key: /vol1/bucket2/snap2
2023-06-29 22:11:16,463 [main] INFO  ozone.TestSnapshotDeletingService (TestSnapshotDeletingService.java:assertTableRowCount(565)) - snapshotInfoTable actual row count=3, expectedCount=2
2023-06-29 22:11:16,966 [KeyDeletingService#0] INFO  snapshot.SnapshotCache (SnapshotCache.java:lambda$1(166)) - Loading snapshot. Table key: /vol1/bucket2/snap3
2023-06-29 22:11:16,967 [KeyDeletingService#0] INFO  snapshot.SnapshotCache (SnapshotCache.java:lambda$1(166)) - Loading snapshot. Table key: /vol1/bucket2/snap1
2023-06-29 22:11:16,981 [IPC Server handler 19 on default port 15001] INFO  ha.SequenceIdGenerator (SequenceIdGenerator.java:getNextId(128)) - Allocate a batch for delTxnId, change lastId from 0 to 1000.
2023-06-29 22:11:16,997 [OMDoubleBufferFlushThread] INFO  snapshot.SnapshotCache (SnapshotCache.java:lambda$1(166)) - Loading snapshot. Table key: /vol1/bucket2/snap3
2023-06-29 22:11:17,463 [main] INFO  ozone.TestSnapshotDeletingService (TestSnapshotDeletingService.java:assertTableRowCount(565)) - snapshotInfoTable actual row count=2, expectedCount=2
2023-06-29 22:11:17,473 [main] INFO  ozone.TestSnapshotDeletingService (TestSnapshotDeletingService.java:assertTableRowCount(565)) - deletedTable actual row count=2, expectedCount=2
2023-06-29 22:11:17,473 [main] INFO  ozone.TestSnapshotDeletingService (TestSnapshotDeletingService.java:assertTableRowCount(565)) - snapshotInfoTable actual row count=2, expectedCount=2
2023-06-29 22:11:17,474 [main] INFO  snapshot.SnapshotCache (SnapshotCache.java:lambda$1(166)) - Loading snapshot. Table key: /vol1/bucket2/snap3
2023-06-29 22:11:17,475 [main] INFO  ozone.TestSnapshotDeletingService (TestSnapshotDeletingService.java:assertTableRowCount(565)) - snapshotRenamedTable actual row count=4, expectedCount=4
2023-06-29 22:11:17,476 [main] INFO  ozone.TestSnapshotDeletingService (TestSnapshotDeletingService.java:assertTableRowCount(565)) - deletedDirectoryTable actual row count=3, expectedCount=3
2023-06-29 22:11:17,477 [main] INFO  ozone.TestSnapshotDeletingService (TestSnapshotDeletingService.java:assertTableRowCount(565)) - deletedTable actual row count=15, expectedCount=15
2023-06-29 22:11:17,477 [main] INFO  ozone.TestSnapshotDeletingService (TestSnapshotDeletingService.java:assertTableRowCount(565)) - snapshotRenamedTable actual row count=0, expectedCount=0
2023-06-29 22:11:17,478 [main] INFO  ozone.TestSnapshotDeletingService (TestSnapshotDeletingService.java:assertTableRowCount(565)) - deletedDirectoryTable actual row count=0, expectedCount=0
2023-06-29 22:11:17,478 [main] INFO  ozone.TestSnapshotDeletingService (TestSnapshotDeletingService.java:assertTableRowCount(565)) - deletedTable actual row count=2, expectedCount=2
2023-06-29 22:11:17,481 [OM StateMachine ApplyTransaction Thread - 0] INFO  snapshot.OMSnapshotDeleteRequest (OMSnapshotDeleteRequest.java:validateAndUpdateCache(225)) - Deleted snapshot 'snap3' under path 'vol1/bucket2'
2023-06-29 22:11:17,482 [main] INFO  ozone.TestSnapshotDeletingService (TestSnapshotDeletingService.java:assertTableRowCount(565)) - snapshotInfoTable actual row count=2, expectedCount=1
2023-06-29 22:11:17,943 [SnapshotDeletingService#0] INFO  snapshot.SnapshotCache (SnapshotCache.java:lambda$1(166)) - Loading snapshot. Table key: /vol1/bucket2/snap3
2023-06-29 22:11:17,944 [SnapshotDeletingService#0] INFO  snapshot.SnapshotCache (SnapshotCache.java:lambda$1(166)) - Loading snapshot. Table key: /vol1/bucket2/snap1
2023-06-29 22:11:17,954 [OMDoubleBufferFlushThread] INFO  snapshot.SnapshotCache (SnapshotCache.java:lambda$1(166)) - Loading snapshot. Table key: /vol1/bucket2/snap3
2023-06-29 22:11:17,957 [OM StateMachine ApplyTransaction Thread - 0] INFO  upgrade.AbstractLayoutVersionManager (AbstractLayoutVersionManager.java:init(83)) - Initializing Layout version manager with metadata layout = QUOTA (version = 6), software layout = QUOTA (version = 6)
2023-06-29 22:11:17,958 [OMDoubleBufferFlushThread] INFO  snapshot.SnapshotCache (SnapshotCache.java:lambda$1(166)) - Loading snapshot. Table key: /vol1/bucket2/snap3
2023-06-29 22:11:17,968 [KeyDeletingService#0] INFO  snapshot.SnapshotCache (SnapshotCache.java:lambda$1(166)) - Loading snapshot. Table key: /vol1/bucket2/snap1
2023-06-29 22:11:17,970 [KeyDeletingService#0] INFO  snapshot.SnapshotCache (SnapshotCache.java:lambda$1(166)) - Loading snapshot. Table key: /vol1/bucket2/snap1
2023-06-29 22:11:17,990 [KeyDeletingService#0] INFO  snapshot.SnapshotCache (SnapshotCache.java:lambda$1(166)) - Loading snapshot. Table key: /vol1/bucket2/snap1
2023-06-29 22:11:17,990 [KeyDeletingService#0] INFO  snapshot.SnapshotCache (SnapshotCache.java:lambda$1(166)) - Loading snapshot. Table key: /vol1/bucket2/snap1
2023-06-29 22:11:17,991 [KeyDeletingService#0] INFO  snapshot.SnapshotCache (SnapshotCache.java:lambda$1(166)) - Loading snapshot. Table key: /vol1/bucket2/snap1
2023-06-29 22:11:18,443 [SnapshotDeletingService#0] INFO  snapshot.SnapshotCache (SnapshotCache.java:lambda$1(166)) - Loading snapshot. Table key: /vol1/bucket2/snap3
2023-06-29 22:11:18,469 [KeyDeletingService#0] INFO  snapshot.SnapshotCache (SnapshotCache.java:lambda$1(166)) - Loading snapshot. Table key: /vol1/bucket2/snap1
2023-06-29 22:11:18,469 [KeyDeletingService#0] INFO  snapshot.SnapshotCache (SnapshotCache.java:lambda$1(166)) - Loading snapshot. Table key: /vol1/bucket2/snap1
2023-06-29 22:11:18,470 [KeyDeletingService#0] INFO  snapshot.SnapshotCache (SnapshotCache.java:lambda$1(166)) - Loading snapshot. Table key: /vol1/bucket2/snap1
2023-06-29 22:11:18,470 [KeyDeletingService#0] INFO  snapshot.SnapshotCache (SnapshotCache.java:lambda$1(166)) - Loading snapshot. Table key: /vol1/bucket2/snap1
2023-06-29 22:11:18,471 [KeyDeletingService#0] INFO  snapshot.SnapshotCache (SnapshotCache.java:lambda$1(166)) - Loading snapshot. Table key: /vol1/bucket2/snap1
2023-06-29 22:11:18,471 [KeyDeletingService#0] INFO  snapshot.SnapshotCache (SnapshotCache.java:lambda$1(166)) - Loading snapshot. Table key: /vol1/bucket2/snap1
2023-06-29 22:11:18,472 [KeyDeletingService#0] INFO  snapshot.SnapshotCache (SnapshotCache.java:lambda$1(166)) - Loading snapshot. Table key: /vol1/bucket2/snap1
2023-06-29 22:11:18,472 [KeyDeletingService#0] INFO  snapshot.SnapshotCache (SnapshotCache.java:lambda$1(166)) - Loading snapshot. Table key: /vol1/bucket2/snap1
2023-06-29 22:11:18,473 [KeyDeletingService#0] INFO  snapshot.SnapshotCache (SnapshotCache.java:lambda$1(166)) - Loading snapshot. Table key: /vol1/bucket2/snap1
2023-06-29 22:11:18,473 [KeyDeletingService#0] INFO  snapshot.SnapshotCache (SnapshotCache.java:lambda$1(166)) - Loading snapshot. Table key: /vol1/bucket2/snap1
2023-06-29 22:11:18,474 [KeyDeletingService#0] INFO  snapshot.SnapshotCache (SnapshotCache.java:lambda$1(166)) - Loading snapshot. Table key: /vol1/bucket2/snap1
2023-06-29 22:11:18,475 [KeyDeletingService#0] INFO  snapshot.SnapshotCache (SnapshotCache.java:lambda$1(166)) - Loading snapshot. Table key: /vol1/bucket2/snap1
2023-06-29 22:11:18,475 [KeyDeletingService#0] INFO  snapshot.SnapshotCache (SnapshotCache.java:lambda$1(166)) - Loading snapshot. Table key: /vol1/bucket2/snap1
2023-06-29 22:11:18,483 [main] INFO  ozone.TestSnapshotDeletingService (TestSnapshotDeletingService.java:assertTableRowCount(565)) - snapshotInfoTable actual row count=1, expectedCount=1
2023-06-29 22:11:18,484 [main] INFO  ozone.TestSnapshotDeletingService (TestSnapshotDeletingService.java:assertTableRowCount(565)) - snapshotRenamedTable actual row count=4, expectedCount=4
2023-06-29 22:11:18,484 [main] INFO  ozone.TestSnapshotDeletingService (TestSnapshotDeletingService.java:assertTableRowCount(565)) - deletedDirectoryTable actual row count=3, expectedCount=3
2023-06-29 22:11:18,484 [main] INFO  snapshot.SnapshotCache (SnapshotCache.java:lambda$1(166)) - Loading snapshot. Table key: /vol1/bucket2/snap1
2023-06-29 22:11:18,490 [KeyDeletingService#0] INFO  snapshot.SnapshotCache (SnapshotCache.java:lambda$1(166)) - Loading snapshot. Table key: /vol1/bucket2/snap1
2023-06-29 22:11:18,490 [KeyDeletingService#0] INFO  snapshot.SnapshotCache (SnapshotCache.java:lambda$1(166)) - Loading snapshot. Table key: /vol1/bucket2/snap1
2023-06-29 22:11:18,490 [KeyDeletingService#0] INFO  snapshot.SnapshotCache (SnapshotCache.java:lambda$1(166)) - Loading snapshot. Table key: /vol1/bucket2/snap1
2023-06-29 22:11:18,498 [main] INFO  ozone.TestSnapshotDeletingService (TestSnapshotDeletingService.java:assertTableRowCount(565)) - deletedTable actual row count=13, expectedCount=15
2023-06-29 22:11:18,969 [KeyDeletingService#0] INFO  snapshot.SnapshotCache (SnapshotCache.java:lambda$1(166)) - Loading snapshot. Table key: /vol1/bucket2/snap1
2023-06-29 22:11:18,969 [KeyDeletingService#0] INFO  snapshot.SnapshotCache (SnapshotCache.java:lambda$1(166)) - Loading snapshot. Table key: /vol1/bucket2/snap1
2023-06-29 22:11:18,970 [KeyDeletingService#0] INFO  snapshot.SnapshotCache (SnapshotCache.java:lambda$1(166)) - Loading snapshot. Table key: /vol1/bucket2/snap1
2023-06-29 22:11:18,970 [KeyDeletingService#0] INFO  snapshot.SnapshotCache (SnapshotCache.java:lambda$1(166)) - Loading snapshot. Table key: /vol1/bucket2/snap1
2023-06-29 22:11:18,971 [KeyDeletingService#0] INFO  snapshot.SnapshotCache (SnapshotCache.java:lambda$1(166)) - Loading snapshot. Table key: /vol1/bucket2/snap1
2023-06-29 22:11:18,971 [KeyDeletingService#0] INFO  snapshot.SnapshotCache (SnapshotCache.java:lambda$1(166)) - Loading snapshot. Table key: /vol1/bucket2/snap1
2023-06-29 22:11:18,972 [KeyDeletingService#0] INFO  snapshot.SnapshotCache (SnapshotCache.java:lambda$1(166)) - Loading snapshot. Table key: /vol1/bucket2/snap1
2023-06-29 22:11:18,972 [KeyDeletingService#0] INFO  snapshot.SnapshotCache (SnapshotCache.java:lambda$1(166)) - Loading snapshot. Table key: /vol1/bucket2/snap1
2023-06-29 22:11:18,973 [KeyDeletingService#0] INFO  snapshot.SnapshotCache (SnapshotCache.java:lambda$1(166)) - Loading snapshot. Table key: /vol1/bucket2/snap1
2023-06-29 22:11:18,973 [KeyDeletingService#0] INFO  snapshot.SnapshotCache (SnapshotCache.java:lambda$1(166)) - Loading snapshot. Table key: /vol1/bucket2/snap1
2023-06-29 22:11:18,974 [KeyDeletingService#0] INFO  snapshot.SnapshotCache (SnapshotCache.java:lambda$1(166)) - Loading snapshot. Table key: /vol1/bucket2/snap1
2023-06-29 22:11:18,974 [KeyDeletingService#0] INFO  snapshot.SnapshotCache (SnapshotCache.java:lambda$1(166)) - Loading snapshot. Table key: /vol1/bucket2/snap1
2023-06-29 22:11:18,975 [KeyDeletingService#0] INFO  snapshot.SnapshotCache (SnapshotCache.java:lambda$1(166)) - Loading snapshot. Table key: /vol1/bucket2/snap1
2023-06-29 22:11:18,990 [KeyDeletingService#0] INFO  snapshot.SnapshotCache (SnapshotCache.java:lambda$1(166)) - Loading snapshot. Table key: /vol1/bucket2/snap1
2023-06-29 22:11:18,990 [KeyDeletingService#0] INFO  snapshot.SnapshotCache (SnapshotCache.java:lambda$1(166)) - Loading snapshot. Table key: /vol1/bucket2/snap1
2023-06-29 22:11:18,991 [KeyDeletingService#0] INFO  snapshot.SnapshotCache (SnapshotCache.java:lambda$1(166)) - Loading snapshot. Table key: /vol1/bucket2/snap1
2023-06-29 22:11:19,469 [KeyDeletingService#0] INFO  snapshot.SnapshotCache (SnapshotCache.java:lambda$1(166)) - Loading snapshot. Table key: /vol1/bucket2/snap1
2023-06-29 22:11:19,470 [KeyDeletingService#0] INFO  snapshot.SnapshotCache (SnapshotCache.java:lambda$1(166)) - Loading snapshot. Table key: /vol1/bucket2/snap1
2023-06-29 22:11:19,472 [KeyDeletingService#0] INFO  snapshot.SnapshotCache (SnapshotCache.java:lambda$1(166)) - Loading snapshot. Table key: /vol1/bucket2/snap1
2023-06-29 22:11:19,473 [KeyDeletingService#0] INFO  snapshot.SnapshotCache (SnapshotCache.java:lambda$1(166)) - Loading snapshot. Table key: /vol1/bucket2/snap1
2023-06-29 22:11:19,475 [KeyDeletingService#0] INFO  snapshot.SnapshotCache (SnapshotCache.java:lambda$1(166)) - Loading snapshot. Table key: /vol1/bucket2/snap1
2023-06-29 22:11:19,475 [KeyDeletingService#0] INFO  snapshot.SnapshotCache (SnapshotCache.java:lambda$1(166)) - Loading snapshot. Table key: /vol1/bucket2/snap1
2023-06-29 22:11:19,476 [KeyDeletingService#0] INFO  snapshot.SnapshotCache (SnapshotCache.java:lambda$1(166)) - Loading snapshot. Table key: /vol1/bucket2/snap1
2023-06-29 22:11:19,476 [KeyDeletingService#0] INFO  snapshot.SnapshotCache (SnapshotCache.java:lambda$1(166)) - Loading snapshot. Table key: /vol1/bucket2/snap1
2023-06-29 22:11:19,477 [KeyDeletingService#0] INFO  snapshot.SnapshotCache (SnapshotCache.java:lambda$1(166)) - Loading snapshot. Table key: /vol1/bucket2/snap1
2023-06-29 22:11:19,477 [KeyDeletingService#0] INFO  snapshot.SnapshotCache (SnapshotCache.java:lambda$1(166)) - Loading snapshot. Table key: /vol1/bucket2/snap1
2023-06-29 22:11:19,478 [KeyDeletingService#0] INFO  snapshot.SnapshotCache (SnapshotCache.java:lambda$1(166)) - Loading snapshot. Table key: /vol1/bucket2/snap1
2023-06-29 22:11:19,478 [KeyDeletingService#0] INFO  snapshot.SnapshotCache (SnapshotCache.java:lambda$1(166)) - Loading snapshot. Table key: /vol1/bucket2/snap1
2023-06-29 22:11:19,479 [KeyDeletingService#0] INFO  snapshot.SnapshotCache (SnapshotCache.java:lambda$1(166)) - Loading snapshot. Table key: /vol1/bucket2/snap1
2023-06-29 22:11:19,490 [KeyDeletingService#0] INFO  snapshot.SnapshotCache (SnapshotCache.java:lambda$1(166)) - Loading snapshot. Table key: /vol1/bucket2/snap1
2023-06-29 22:11:19,490 [KeyDeletingService#0] INFO  snapshot.SnapshotCache (SnapshotCache.java:lambda$1(166)) - Loading snapshot. Table key: /vol1/bucket2/snap1
2023-06-29 22:11:19,491 [KeyDeletingService#0] INFO  snapshot.SnapshotCache (SnapshotCache.java:lambda$1(166)) - Loading snapshot. Table key: /vol1/bucket2/snap1
2023-06-29 22:11:19,499 [main] INFO  ozone.TestSnapshotDeletingService (TestSnapshotDeletingService.java:assertTableRowCount(565)) - deletedTable actual row count=13, expectedCount=15
2023-06-29 22:11:19,969 [KeyDeletingService#0] INFO  snapshot.SnapshotCache (SnapshotCache.java:lambda$1(166)) - Loading snapshot. Table key: /vol1/bucket2/snap1
2023-06-29 22:11:19,970 [KeyDeletingService#0] INFO  snapshot.SnapshotCache (SnapshotCache.java:lambda$1(166)) - Loading snapshot. Table key: /vol1/bucket2/snap1
2023-06-29 22:11:19,970 [KeyDeletingService#0] INFO  snapshot.SnapshotCache (SnapshotCache.java:lambda$1(166)) - Loading snapshot. Table key: /vol1/bucket2/snap1
2023-06-29 22:11:19,971 [KeyDeletingService#0] INFO  snapshot.SnapshotCache (SnapshotCache.java:lambda$1(166)) - Loading snapshot. Table key: /vol1/bucket2/snap1
2023-06-29 22:11:19,971 [KeyDeletingService#0] INFO  snapshot.SnapshotCache (SnapshotCache.java:lambda$1(166)) - Loading snapshot. Table key: /vol1/bucket2/snap1
2023-06-29 22:11:19,972 [KeyDeletingService#0] INFO  snapshot.SnapshotCache (SnapshotCache.java:lambda$1(166)) - Loading snapshot. Table key: /vol1/bucket2/snap1
2023-06-29 22:11:19,972 [KeyDeletingService#0] INFO  snapshot.SnapshotCache (SnapshotCache.java:lambda$1(166)) - Loading snapshot. Table key: /vol1/bucket2/snap1
2023-06-29 22:11:19,972 [KeyDeletingService#0] INFO  snapshot.SnapshotCache (SnapshotCache.java:lambda$1(166)) - Loading snapshot. Table key: /vol1/bucket2/snap1
2023-06-29 22:11:19,973 [KeyDeletingService#0] INFO  snapshot.SnapshotCache (SnapshotCache.java:lambda$1(166)) - Loading snapshot. Table key: /vol1/bucket2/snap1
2023-06-29 22:11:19,973 [KeyDeletingService#0] INFO  snapshot.SnapshotCache (SnapshotCache.java:lambda$1(166)) - Loading snapshot. Table key: /vol1/bucket2/snap1
2023-06-29 22:11:19,974 [KeyDeletingService#0] INFO  snapshot.SnapshotCache (SnapshotCache.java:lambda$1(166)) - Loading snapshot. Table key: /vol1/bucket2/snap1
2023-06-29 22:11:19,974 [KeyDeletingService#0] INFO  snapshot.SnapshotCache (SnapshotCache.java:lambda$1(166)) - Loading snapshot. Table key: /vol1/bucket2/snap1
2023-06-29 22:11:19,975 [KeyDeletingService#0] INFO  snapshot.SnapshotCache (SnapshotCache.java:lambda$1(166)) - Loading snapshot. Table key: /vol1/bucket2/snap1
2023-06-29 22:11:19,990 [KeyDeletingService#0] INFO  snapshot.SnapshotCache (SnapshotCache.java:lambda$1(166)) - Loading snapshot. Table key: /vol1/bucket2/snap1
2023-06-29 22:11:19,990 [KeyDeletingService#0] INFO  snapshot.SnapshotCache (SnapshotCache.java:lambda$1(166)) - Loading snapshot. Table key: /vol1/bucket2/snap1
2023-06-29 22:11:19,991 [KeyDeletingService#0] INFO  snapshot.SnapshotCache (SnapshotCache.java:lambda$1(166)) - Loading snapshot. Table key: /vol1/bucket2/snap1
2023-06-29 22:11:20,469 [KeyDeletingService#0] INFO  snapshot.SnapshotCache (SnapshotCache.java:lambda$1(166)) - Loading snapshot. Table key: /vol1/bucket2/snap1
2023-06-29 22:11:20,470 [KeyDeletingService#0] INFO  snapshot.SnapshotCache (SnapshotCache.java:lambda$1(166)) - Loading snapshot. Table key: /vol1/bucket2/snap1
2023-06-29 22:11:20,470 [KeyDeletingService#0] INFO  snapshot.SnapshotCache (SnapshotCache.java:lambda$1(166)) - Loading snapshot. Table key: /vol1/bucket2/snap1
2023-06-29 22:11:20,471 [KeyDeletingService#0] INFO  snapshot.SnapshotCache (SnapshotCache.java:lambda$1(166)) - Loading snapshot. Table key: /vol1/bucket2/snap1
2023-06-29 22:11:20,471 [KeyDeletingService#0] INFO  snapshot.SnapshotCache (SnapshotCache.java:lambda$1(166)) - Loading snapshot. Table key: /vol1/bucket2/snap1
2023-06-29 22:11:20,472 [KeyDeletingService#0] INFO  snapshot.SnapshotCache (SnapshotCache.java:lambda$1(166)) - Loading snapshot. Table key: /vol1/bucket2/snap1
2023-06-29 22:11:20,472 [KeyDeletingService#0] INFO  snapshot.SnapshotCache (SnapshotCache.java:lambda$1(166)) - Loading snapshot. Table key: /vol1/bucket2/snap1
2023-06-29 22:11:20,473 [KeyDeletingService#0] INFO  snapshot.SnapshotCache (SnapshotCache.java:lambda$1(166)) - Loading snapshot. Table key: /vol1/bucket2/snap1
2023-06-29 22:11:20,474 [KeyDeletingService#0] INFO  snapshot.SnapshotCache (SnapshotCache.java:lambda$1(166)) - Loading snapshot. Table key: /vol1/bucket2/snap1
2023-06-29 22:11:20,474 [KeyDeletingService#0] INFO  snapshot.SnapshotCache (SnapshotCache.java:lambda$1(166)) - Loading snapshot. Table key: /vol1/bucket2/snap1
2023-06-29 22:11:20,475 [KeyDeletingService#0] INFO  snapshot.SnapshotCache (SnapshotCache.java:lambda$1(166)) - Loading snapshot. Table key: /vol1/bucket2/snap1
2023-06-29 22:11:20,475 [KeyDeletingService#0] INFO  snapshot.SnapshotCache (SnapshotCache.java:lambda$1(166)) - Loading snapshot. Table key: /vol1/bucket2/snap1
2023-06-29 22:11:20,478 [KeyDeletingService#0] INFO  snapshot.SnapshotCache (SnapshotCache.java:lambda$1(166)) - Loading snapshot. Table key: /vol1/bucket2/snap1
2023-06-29 22:11:20,490 [KeyDeletingService#0] INFO  snapshot.SnapshotCache (SnapshotCache.java:lambda$1(166)) - Loading snapshot. Table key: /vol1/bucket2/snap1
2023-06-29 22:11:20,491 [KeyDeletingService#0] INFO  snapshot.SnapshotCache (SnapshotCache.java:lambda$1(166)) - Loading snapshot. Table key: /vol1/bucket2/snap1
2023-06-29 22:11:20,491 [KeyDeletingService#0] INFO  snapshot.SnapshotCache (SnapshotCache.java:lambda$1(166)) - Loading snapshot. Table key: /vol1/bucket2/snap1
2023-06-29 22:11:20,500 [main] INFO  ozone.TestSnapshotDeletingService (TestSnapshotDeletingService.java:assertTableRowCount(565)) - deletedTable actual row count=13, expectedCount=15
2023-06-29 22:11:20,969 [KeyDeletingService#0] INFO  snapshot.SnapshotCache (SnapshotCache.java:lambda$1(166)) - Loading snapshot. Table key: /vol1/bucket2/snap1
2023-06-29 22:11:20,970 [KeyDeletingService#0] INFO  snapshot.SnapshotCache (SnapshotCache.java:lambda$1(166)) - Loading snapshot. Table key: /vol1/bucket2/snap1
2023-06-29 22:11:20,970 [KeyDeletingService#0] INFO  snapshot.SnapshotCache (SnapshotCache.java:lambda$1(166)) - Loading snapshot. Table key: /vol1/bucket2/snap1
2023-06-29 22:11:20,971 [KeyDeletingService#0] INFO  snapshot.SnapshotCache (SnapshotCache.java:lambda$1(166)) - Loading snapshot. Table key: /vol1/bucket2/snap1
2023-06-29 22:11:20,971 [KeyDeletingService#0] INFO  snapshot.SnapshotCache (SnapshotCache.java:lambda$1(166)) - Loading snapshot. Table key: /vol1/bucket2/snap1
2023-06-29 22:11:20,972 [KeyDeletingService#0] INFO  snapshot.SnapshotCache (SnapshotCache.java:lambda$1(166)) - Loading snapshot. Table key: /vol1/bucket2/snap1
2023-06-29 22:11:20,972 [KeyDeletingService#0] INFO  snapshot.SnapshotCache (SnapshotCache.java:lambda$1(166)) - Loading snapshot. Table key: /vol1/bucket2/snap1
2023-06-29 22:11:20,972 [KeyDeletingService#0] INFO  snapshot.SnapshotCache (SnapshotCache.java:lambda$1(166)) - Loading snapshot. Table key: /vol1/bucket2/snap1
2023-06-29 22:11:20,973 [KeyDeletingService#0] INFO  snapshot.SnapshotCache (SnapshotCache.java:lambda$1(166)) - Loading snapshot. Table key: /vol1/bucket2/snap1
2023-06-29 22:11:20,973 [KeyDeletingService#0] INFO  snapshot.SnapshotCache (SnapshotCache.java:lambda$1(166)) - Loading snapshot. Table key: /vol1/bucket2/snap1
2023-06-29 22:11:20,974 [KeyDeletingService#0] INFO  snapshot.SnapshotCache (SnapshotCache.java:lambda$1(166)) - Loading snapshot. Table key: /vol1/bucket2/snap1
2023-06-29 22:11:20,974 [KeyDeletingService#0] INFO  snapshot.SnapshotCache (SnapshotCache.java:lambda$1(166)) - Loading snapshot. Table key: /vol1/bucket2/snap1
2023-06-29 22:11:20,974 [KeyDeletingService#0] INFO  snapshot.SnapshotCache (SnapshotCache.java:lambda$1(166)) - Loading snapshot. Table key: /vol1/bucket2/snap1
2023-06-29 22:11:20,990 [KeyDeletingService#0] INFO  snapshot.SnapshotCache (SnapshotCache.java:lambda$1(166)) - Loading snapshot. Table key: /vol1/bucket2/snap1
2023-06-29 22:11:20,991 [KeyDeletingService#0] INFO  snapshot.SnapshotCache (SnapshotCache.java:lambda$1(166)) - Loading snapshot. Table key: /vol1/bucket2/snap1
2023-06-29 22:11:20,991 [KeyDeletingService#0] INFO  snapshot.SnapshotCache (SnapshotCache.java:lambda$1(166)) - Loading snapshot. Table key: /vol1/bucket2/snap1
2023-06-29 22:11:21,469 [KeyDeletingService#0] INFO  snapshot.SnapshotCache (SnapshotCache.java:lambda$1(166)) - Loading snapshot. Table key: /vol1/bucket2/snap1
2023-06-29 22:11:21,470 [KeyDeletingService#0] INFO  snapshot.SnapshotCache (SnapshotCache.java:lambda$1(166)) - Loading snapshot. Table key: /vol1/bucket2/snap1
2023-06-29 22:11:21,470 [KeyDeletingService#0] INFO  snapshot.SnapshotCache (SnapshotCache.java:lambda$1(166)) - Loading snapshot. Table key: /vol1/bucket2/snap1
2023-06-29 22:11:21,471 [KeyDeletingService#0] INFO  snapshot.SnapshotCache (SnapshotCache.java:lambda$1(166)) - Loading snapshot. Table key: /vol1/bucket2/snap1
2023-06-29 22:11:21,472 [KeyDeletingService#0] INFO  snapshot.SnapshotCache (SnapshotCache.java:lambda$1(166)) - Loading snapshot. Table key: /vol1/bucket2/snap1
2023-06-29 22:11:21,472 [KeyDeletingService#0] INFO  snapshot.SnapshotCache (SnapshotCache.java:lambda$1(166)) - Loading snapshot. Table key: /vol1/bucket2/snap1
2023-06-29 22:11:21,473 [KeyDeletingService#0] INFO  snapshot.SnapshotCache (SnapshotCache.java:lambda$1(166)) - Loading snapshot. Table key: /vol1/bucket2/snap1
2023-06-29 22:11:21,473 [KeyDeletingService#0] INFO  snapshot.SnapshotCache (SnapshotCache.java:lambda$1(166)) - Loading snapshot. Table key: /vol1/bucket2/snap1
2023-06-29 22:11:21,474 [KeyDeletingService#0] INFO  snapshot.SnapshotCache (SnapshotCache.java:lambda$1(166)) - Loading snapshot. Table key: /vol1/bucket2/snap1
2023-06-29 22:11:21,474 [KeyDeletingService#0] INFO  snapshot.SnapshotCache (SnapshotCache.java:lambda$1(166)) - Loading snapshot. Table key: /vol1/bucket2/snap1
2023-06-29 22:11:21,474 [KeyDeletingService#0] INFO  snapshot.SnapshotCache (SnapshotCache.java:lambda$1(166)) - Loading snapshot. Table key: /vol1/bucket2/snap1
2023-06-29 22:11:21,475 [KeyDeletingService#0] INFO  snapshot.SnapshotCache (SnapshotCache.java:lambda$1(166)) - Loading snapshot. Table key: /vol1/bucket2/snap1
2023-06-29 22:11:21,475 [KeyDeletingService#0] INFO  snapshot.SnapshotCache (SnapshotCache.java:lambda$1(166)) - Loading snapshot. Table key: /vol1/bucket2/snap1
2023-06-29 22:11:21,490 [KeyDeletingService#0] INFO  snapshot.SnapshotCache (SnapshotCache.java:lambda$1(166)) - Loading snapshot. Table key: /vol1/bucket2/snap1
2023-06-29 22:11:21,491 [KeyDeletingService#0] INFO  snapshot.SnapshotCache (SnapshotCache.java:lambda$1(166)) - Loading snapshot. Table key: /vol1/bucket2/snap1
2023-06-29 22:11:21,491 [KeyDeletingService#0] INFO  snapshot.SnapshotCache (SnapshotCache.java:lambda$1(166)) - Loading snapshot. Table key: /vol1/bucket2/snap1
2023-06-29 22:11:21,501 [main] INFO  ozone.TestSnapshotDeletingService (TestSnapshotDeletingService.java:assertTableRowCount(565)) - deletedTable actual row count=13, expectedCount=15
2023-06-29 22:11:21,969 [KeyDeletingService#0] INFO  snapshot.SnapshotCache (SnapshotCache.java:lambda$1(166)) - Loading snapshot. Table key: /vol1/bucket2/snap1
2023-06-29 22:11:21,970 [KeyDeletingService#0] INFO  snapshot.SnapshotCache (SnapshotCache.java:lambda$1(166)) - Loading snapshot. Table key: /vol1/bucket2/snap1
2023-06-29 22:11:21,970 [KeyDeletingService#0] INFO  snapshot.SnapshotCache (SnapshotCache.java:lambda$1(166)) - Loading snapshot. Table key: /vol1/bucket2/snap1
2023-06-29 22:11:21,971 [KeyDeletingService#0] INFO  snapshot.SnapshotCache (SnapshotCache.java:lambda$1(166)) - Loading snapshot. Table key: /vol1/bucket2/snap1
2023-06-29 22:11:21,971 [KeyDeletingService#0] INFO  snapshot.SnapshotCache (SnapshotCache.java:lambda$1(166)) - Loading snapshot. Table key: /vol1/bucket2/snap1
2023-06-29 22:11:21,972 [KeyDeletingService#0] INFO  snapshot.SnapshotCache (SnapshotCache.java:lambda$1(166)) - Loading snapshot. Table key: /vol1/bucket2/snap1
2023-06-29 22:11:21,972 [KeyDeletingService#0] INFO  snapshot.SnapshotCache (SnapshotCache.java:lambda$1(166)) - Loading snapshot. Table key: /vol1/bucket2/snap1
2023-06-29 22:11:21,972 [KeyDeletingService#0] INFO  snapshot.SnapshotCache (SnapshotCache.java:lambda$1(166)) - Loading snapshot. Table key: /vol1/bucket2/snap1
2023-06-29 22:11:21,973 [KeyDeletingService#0] INFO  snapshot.SnapshotCache (SnapshotCache.java:lambda$1(166)) - Loading snapshot. Table key: /vol1/bucket2/snap1
2023-06-29 22:11:21,973 [KeyDeletingService#0] INFO  snapshot.SnapshotCache (SnapshotCache.java:lambda$1(166)) - Loading snapshot. Table key: /vol1/bucket2/snap1
2023-06-29 22:11:21,974 [KeyDeletingService#0] INFO  snapshot.SnapshotCache (SnapshotCache.java:lambda$1(166)) - Loading snapshot. Table key: /vol1/bucket2/snap1
2023-06-29 22:11:21,974 [KeyDeletingService#0] INFO  snapshot.SnapshotCache (SnapshotCache.java:lambda$1(166)) - Loading snapshot. Table key: /vol1/bucket2/snap1
2023-06-29 22:11:21,975 [KeyDeletingService#0] INFO  snapshot.SnapshotCache (SnapshotCache.java:lambda$1(166)) - Loading snapshot. Table key: /vol1/bucket2/snap1
2023-06-29 22:11:21,990 [KeyDeletingService#0] INFO  snapshot.SnapshotCache (SnapshotCache.java:lambda$1(166)) - Loading snapshot. Table key: /vol1/bucket2/snap1
2023-06-29 22:11:21,991 [KeyDeletingService#0] INFO  snapshot.SnapshotCache (SnapshotCache.java:lambda$1(166)) - Loading snapshot. Table key: /vol1/bucket2/snap1
2023-06-29 22:11:21,991 [KeyDeletingService#0] INFO  snapshot.SnapshotCache (SnapshotCache.java:lambda$1(166)) - Loading snapshot. Table key: /vol1/bucket2/snap1
2023-06-29 22:11:22,470 [KeyDeletingService#0] INFO  snapshot.SnapshotCache (SnapshotCache.java:lambda$1(166)) - Loading snapshot. Table key: /vol1/bucket2/snap1
2023-06-29 22:11:22,470 [KeyDeletingService#0] INFO  snapshot.SnapshotCache (SnapshotCache.java:lambda$1(166)) - Loading snapshot. Table key: /vol1/bucket2/snap1
2023-06-29 22:11:22,471 [KeyDeletingService#0] INFO  snapshot.SnapshotCache (SnapshotCache.java:lambda$1(166)) - Loading snapshot. Table key: /vol1/bucket2/snap1
2023-06-29 22:11:22,471 [KeyDeletingService#0] INFO  snapshot.SnapshotCache (SnapshotCache.java:lambda$1(166)) - Loading snapshot. Table key: /vol1/bucket2/snap1
2023-06-29 22:11:22,471 [KeyDeletingService#0] INFO  snapshot.SnapshotCache (SnapshotCache.java:lambda$1(166)) - Loading snapshot. Table key: /vol1/bucket2/snap1
2023-06-29 22:11:22,472 [KeyDeletingService#0] INFO  snapshot.SnapshotCache (SnapshotCache.java:lambda$1(166)) - Loading snapshot. Table key: /vol1/bucket2/snap1
2023-06-29 22:11:22,472 [KeyDeletingService#0] INFO  snapshot.SnapshotCache (SnapshotCache.java:lambda$1(166)) - Loading snapshot. Table key: /vol1/bucket2/snap1
2023-06-29 22:11:22,473 [KeyDeletingService#0] INFO  snapshot.SnapshotCache (SnapshotCache.java:lambda$1(166)) - Loading snapshot. Table key: /vol1/bucket2/snap1
2023-06-29 22:11:22,473 [KeyDeletingService#0] INFO  snapshot.SnapshotCache (SnapshotCache.java:lambda$1(166)) - Loading snapshot. Table key: /vol1/bucket2/snap1
2023-06-29 22:11:22,473 [KeyDeletingService#0] INFO  snapshot.SnapshotCache (SnapshotCache.java:lambda$1(166)) - Loading snapshot. Table key: /vol1/bucket2/snap1
2023-06-29 22:11:22,474 [KeyDeletingService#0] INFO  snapshot.SnapshotCache (SnapshotCache.java:lambda$1(166)) - Loading snapshot. Table key: /vol1/bucket2/snap1
2023-06-29 22:11:22,474 [KeyDeletingService#0] INFO  snapshot.SnapshotCache (SnapshotCache.java:lambda$1(166)) - Loading snapshot. Table key: /vol1/bucket2/snap1
2023-06-29 22:11:22,475 [KeyDeletingService#0] INFO  snapshot.SnapshotCache (SnapshotCache.java:lambda$1(166)) - Loading snapshot. Table key: /vol1/bucket2/snap1
2023-06-29 22:11:22,490 [KeyDeletingService#0] INFO  snapshot.SnapshotCache (SnapshotCache.java:lambda$1(166)) - Loading snapshot. Table key: /vol1/bucket2/snap1
2023-06-29 22:11:22,491 [KeyDeletingService#0] INFO  snapshot.SnapshotCache (SnapshotCache.java:lambda$1(166)) - Loading snapshot. Table key: /vol1/bucket2/snap1
2023-06-29 22:11:22,491 [KeyDeletingService#0] INFO  snapshot.SnapshotCache (SnapshotCache.java:lambda$1(166)) - Loading snapshot. Table key: /vol1/bucket2/snap1
2023-06-29 22:11:22,502 [main] INFO  ozone.TestSnapshotDeletingService (TestSnapshotDeletingService.java:assertTableRowCount(565)) - deletedTable actual row count=13, expectedCount=15
2023-06-29 22:11:22,970 [KeyDeletingService#0] INFO  snapshot.SnapshotCache (SnapshotCache.java:lambda$1(166)) - Loading snapshot. Table key: /vol1/bucket2/snap1
2023-06-29 22:11:22,970 [KeyDeletingService#0] INFO  snapshot.SnapshotCache (SnapshotCache.java:lambda$1(166)) - Loading snapshot. Table key: /vol1/bucket2/snap1
2023-06-29 22:11:22,971 [KeyDeletingService#0] INFO  snapshot.SnapshotCache (SnapshotCache.java:lambda$1(166)) - Loading snapshot. Table key: /vol1/bucket2/snap1
2023-06-29 22:11:22,971 [KeyDeletingService#0] INFO  snapshot.SnapshotCache (SnapshotCache.java:lambda$1(166)) - Loading snapshot. Table key: /vol1/bucket2/snap1
2023-06-29 22:11:22,971 [KeyDeletingService#0] INFO  snapshot.SnapshotCache (SnapshotCache.java:lambda$1(166)) - Loading snapshot. Table key: /vol1/bucket2/snap1
2023-06-29 22:11:22,972 [KeyDeletingService#0] INFO  snapshot.SnapshotCache (SnapshotCache.java:lambda$1(166)) - Loading snapshot. Table key: /vol1/bucket2/snap1
2023-06-29 22:11:22,972 [KeyDeletingService#0] INFO  snapshot.SnapshotCache (SnapshotCache.java:lambda$1(166)) - Loading snapshot. Table key: /vol1/bucket2/snap1
2023-06-29 22:11:22,972 [KeyDeletingService#0] INFO  snapshot.SnapshotCache (SnapshotCache.java:lambda$1(166)) - Loading snapshot. Table key: /vol1/bucket2/snap1
2023-06-29 22:11:22,973 [KeyDeletingService#0] INFO  snapshot.SnapshotCache (SnapshotCache.java:lambda$1(166)) - Loading snapshot. Table key: /vol1/bucket2/snap1
2023-06-29 22:11:22,973 [KeyDeletingService#0] INFO  snapshot.SnapshotCache (SnapshotCache.java:lambda$1(166)) - Loading snapshot. Table key: /vol1/bucket2/snap1
2023-06-29 22:11:22,974 [KeyDeletingService#0] INFO  snapshot.SnapshotCache (SnapshotCache.java:lambda$1(166)) - Loading snapshot. Table key: /vol1/bucket2/snap1
2023-06-29 22:11:22,974 [KeyDeletingService#0] INFO  snapshot.SnapshotCache (SnapshotCache.java:lambda$1(166)) - Loading snapshot. Table key: /vol1/bucket2/snap1
2023-06-29 22:11:22,974 [KeyDeletingService#0] INFO  snapshot.SnapshotCache (SnapshotCache.java:lambda$1(166)) - Loading snapshot. Table key: /vol1/bucket2/snap1
2023-06-29 22:11:22,990 [KeyDeletingService#0] INFO  snapshot.SnapshotCache (SnapshotCache.java:lambda$1(166)) - Loading snapshot. Table key: /vol1/bucket2/snap1
2023-06-29 22:11:22,991 [KeyDeletingService#0] INFO  snapshot.SnapshotCache (SnapshotCache.java:lambda$1(166)) - Loading snapshot. Table key: /vol1/bucket2/snap1
2023-06-29 22:11:22,991 [KeyDeletingService#0] INFO  snapshot.SnapshotCache (SnapshotCache.java:lambda$1(166)) - Loading snapshot. Table key: /vol1/bucket2/snap1
2023-06-29 22:11:23,470 [KeyDeletingService#0] INFO  snapshot.SnapshotCache (SnapshotCache.java:lambda$1(166)) - Loading snapshot. Table key: /vol1/bucket2/snap1
2023-06-29 22:11:23,470 [KeyDeletingService#0] INFO  snapshot.SnapshotCache (SnapshotCache.java:lambda$1(166)) - Loading snapshot. Table key: /vol1/bucket2/snap1
2023-06-29 22:11:23,471 [KeyDeletingService#0] INFO  snapshot.SnapshotCache (SnapshotCache.java:lambda$1(166)) - Loading snapshot. Table key: /vol1/bucket2/snap1
2023-06-29 22:11:23,471 [KeyDeletingService#0] INFO  snapshot.SnapshotCache (SnapshotCache.java:lambda$1(166)) - Loading snapshot. Table key: /vol1/bucket2/snap1
2023-06-29 22:11:23,472 [KeyDeletingService#0] INFO  snapshot.SnapshotCache (SnapshotCache.java:lambda$1(166)) - Loading snapshot. Table key: /vol1/bucket2/snap1
2023-06-29 22:11:23,472 [KeyDeletingService#0] INFO  snapshot.SnapshotCache (SnapshotCache.java:lambda$1(166)) - Loading snapshot. Table key: /vol1/bucket2/snap1
2023-06-29 22:11:23,472 [KeyDeletingService#0] INFO  snapshot.SnapshotCache (SnapshotCache.java:lambda$1(166)) - Loading snapshot. Table key: /vol1/bucket2/snap1
2023-06-29 22:11:23,473 [KeyDeletingService#0] INFO  snapshot.SnapshotCache (SnapshotCache.java:lambda$1(166)) - Loading snapshot. Table key: /vol1/bucket2/snap1
2023-06-29 22:11:23,473 [KeyDeletingService#0] INFO  snapshot.SnapshotCache (SnapshotCache.java:lambda$1(166)) - Loading snapshot. Table key: /vol1/bucket2/snap1
2023-06-29 22:11:23,474 [KeyDeletingService#0] INFO  snapshot.SnapshotCache (SnapshotCache.java:lambda$1(166)) - Loading snapshot. Table key: /vol1/bucket2/snap1
2023-06-29 22:11:23,474 [KeyDeletingService#0] INFO  snapshot.SnapshotCache (SnapshotCache.java:lambda$1(166)) - Loading snapshot. Table key: /vol1/bucket2/snap1
2023-06-29 22:11:23,474 [KeyDeletingService#0] INFO  snapshot.SnapshotCache (SnapshotCache.java:lambda$1(166)) - Loading snapshot. Table key: /vol1/bucket2/snap1
2023-06-29 22:11:23,475 [KeyDeletingService#0] INFO  snapshot.SnapshotCache (SnapshotCache.java:lambda$1(166)) - Loading snapshot. Table key: /vol1/bucket2/snap1
2023-06-29 22:11:23,491 [KeyDeletingService#0] INFO  snapshot.SnapshotCache (SnapshotCache.java:lambda$1(166)) - Loading snapshot. Table key: /vol1/bucket2/snap1
2023-06-29 22:11:23,491 [KeyDeletingService#0] INFO  snapshot.SnapshotCache (SnapshotCache.java:lambda$1(166)) - Loading snapshot. Table key: /vol1/bucket2/snap1
2023-06-29 22:11:23,491 [KeyDeletingService#0] INFO  snapshot.SnapshotCache (SnapshotCache.java:lambda$1(166)) - Loading snapshot. Table key: /vol1/bucket2/snap1
2023-06-29 22:11:23,503 [main] INFO  ozone.TestSnapshotDeletingService (TestSnapshotDeletingService.java:assertTableRowCount(565)) - deletedTable actual row count=13, expectedCount=15
2023-06-29 22:11:23,970 [KeyDeletingService#0] INFO  snapshot.SnapshotCache (SnapshotCache.java:lambda$1(166)) - Loading snapshot. Table key: /vol1/bucket2/snap1
2023-06-29 22:11:23,970 [KeyDeletingService#0] INFO  snapshot.SnapshotCache (SnapshotCache.java:lambda$1(166)) - Loading snapshot. Table key: /vol1/bucket2/snap1
2023-06-29 22:11:23,971 [KeyDeletingService#0] INFO  snapshot.SnapshotCache (SnapshotCache.java:lambda$1(166)) - Loading snapshot. Table key: /vol1/bucket2/snap1
2023-06-29 22:11:23,971 [KeyDeletingService#0] INFO  snapshot.SnapshotCache (SnapshotCache.java:lambda$1(166)) - Loading snapshot. Table key: /vol1/bucket2/snap1
2023-06-29 22:11:23,972 [KeyDeletingService#0] INFO  snapshot.SnapshotCache (SnapshotCache.java:lambda$1(166)) - Loading snapshot. Table key: /vol1/bucket2/snap1
2023-06-29 22:11:23,972 [KeyDeletingService#0] INFO  snapshot.SnapshotCache (SnapshotCache.java:lambda$1(166)) - Loading snapshot. Table key: /vol1/bucket2/snap1
2023-06-29 22:11:23,972 [KeyDeletingService#0] INFO  snapshot.SnapshotCache (SnapshotCache.java:lambda$1(166)) - Loading snapshot. Table key: /vol1/bucket2/snap1
2023-06-29 22:11:23,973 [KeyDeletingService#0] INFO  snapshot.SnapshotCache (SnapshotCache.java:lambda$1(166)) - Loading snapshot. Table key: /vol1/bucket2/snap1
2023-06-29 22:11:23,973 [KeyDeletingService#0] INFO  snapshot.SnapshotCache (SnapshotCache.java:lambda$1(166)) - Loading snapshot. Table key: /vol1/bucket2/snap1
2023-06-29 22:11:23,974 [KeyDeletingService#0] INFO  snapshot.SnapshotCache (SnapshotCache.java:lambda$1(166)) - Loading snapshot. Table key: /vol1/bucket2/snap1
2023-06-29 22:11:23,974 [KeyDeletingService#0] INFO  snapshot.SnapshotCache (SnapshotCache.java:lambda$1(166)) - Loading snapshot. Table key: /vol1/bucket2/snap1
2023-06-29 22:11:23,974 [KeyDeletingService#0] INFO  snapshot.SnapshotCache (SnapshotCache.java:lambda$1(166)) - Loading snapshot. Table key: /vol1/bucket2/snap1
2023-06-29 22:11:23,975 [KeyDeletingService#0] INFO  snapshot.SnapshotCache (SnapshotCache.java:lambda$1(166)) - Loading snapshot. Table key: /vol1/bucket2/snap1
2023-06-29 22:11:23,991 [KeyDeletingService#0] INFO  snapshot.SnapshotCache (SnapshotCache.java:lambda$1(166)) - Loading snapshot. Table key: /vol1/bucket2/snap1
2023-06-29 22:11:23,991 [KeyDeletingService#0] INFO  snapshot.SnapshotCache (SnapshotCache.java:lambda$1(166)) - Loading snapshot. Table key: /vol1/bucket2/snap1
2023-06-29 22:11:23,992 [KeyDeletingService#0] INFO  snapshot.SnapshotCache (SnapshotCache.java:lambda$1(166)) - Loading snapshot. Table key: /vol1/bucket2/snap1
2023-06-29 22:11:24,470 [KeyDeletingService#0] INFO  snapshot.SnapshotCache (SnapshotCache.java:lambda$1(166)) - Loading snapshot. Table key: /vol1/bucket2/snap1
2023-06-29 22:11:24,470 [KeyDeletingService#0] INFO  snapshot.SnapshotCache (SnapshotCache.java:lambda$1(166)) - Loading snapshot. Table key: /vol1/bucket2/snap1
2023-06-29 22:11:24,471 [KeyDeletingService#0] INFO  snapshot.SnapshotCache (SnapshotCache.java:lambda$1(166)) - Loading snapshot. Table key: /vol1/bucket2/snap1
2023-06-29 22:11:24,471 [KeyDeletingService#0] INFO  snapshot.SnapshotCache (SnapshotCache.java:lambda$1(166)) - Loading snapshot. Table key: /vol1/bucket2/snap1
2023-06-29 22:11:24,472 [KeyDeletingService#0] INFO  snapshot.SnapshotCache (SnapshotCache.java:lambda$1(166)) - Loading snapshot. Table key: /vol1/bucket2/snap1
2023-06-29 22:11:24,472 [KeyDeletingService#0] INFO  snapshot.SnapshotCache (SnapshotCache.java:lambda$1(166)) - Loading snapshot. Table key: /vol1/bucket2/snap1
2023-06-29 22:11:24,472 [KeyDeletingService#0] INFO  snapshot.SnapshotCache (SnapshotCache.java:lambda$1(166)) - Loading snapshot. Table key: /vol1/bucket2/snap1
2023-06-29 22:11:24,473 [KeyDeletingService#0] INFO  snapshot.SnapshotCache (SnapshotCache.java:lambda$1(166)) - Loading snapshot. Table key: /vol1/bucket2/snap1
2023-06-29 22:11:24,473 [KeyDeletingService#0] INFO  snapshot.SnapshotCache (SnapshotCache.java:lambda$1(166)) - Loading snapshot. Table key: /vol1/bucket2/snap1
2023-06-29 22:11:24,474 [KeyDeletingService#0] INFO  snapshot.SnapshotCache (SnapshotCache.java:lambda$1(166)) - Loading snapshot. Table key: /vol1/bucket2/snap1
2023-06-29 22:11:24,474 [KeyDeletingService#0] INFO  snapshot.SnapshotCache (SnapshotCache.java:lambda$1(166)) - Loading snapshot. Table key: /vol1/bucket2/snap1
2023-06-29 22:11:24,474 [KeyDeletingService#0] INFO  snapshot.SnapshotCache (SnapshotCache.java:lambda$1(166)) - Loading snapshot. Table key: /vol1/bucket2/snap1
2023-06-29 22:11:24,475 [KeyDeletingService#0] INFO  snapshot.SnapshotCache (SnapshotCache.java:lambda$1(166)) - Loading snapshot. Table key: /vol1/bucket2/snap1
2023-06-29 22:11:24,491 [KeyDeletingService#0] INFO  snapshot.SnapshotCache (SnapshotCache.java:lambda$1(166)) - Loading snapshot. Table key: /vol1/bucket2/snap1
2023-06-29 22:11:24,491 [KeyDeletingService#0] INFO  snapshot.SnapshotCache (SnapshotCache.java:lambda$1(166)) - Loading snapshot. Table key: /vol1/bucket2/snap1
2023-06-29 22:11:24,492 [KeyDeletingService#0] INFO  snapshot.SnapshotCache (SnapshotCache.java:lambda$1(166)) - Loading snapshot. Table key: /vol1/bucket2/snap1
2023-06-29 22:11:24,504 [main] INFO  ozone.TestSnapshotDeletingService (TestSnapshotDeletingService.java:assertTableRowCount(565)) - deletedTable actual row count=13, expectedCount=15
2023-06-29 22:11:24,970 [KeyDeletingService#0] INFO  snapshot.SnapshotCache (SnapshotCache.java:lambda$1(166)) - Loading snapshot. Table key: /vol1/bucket2/snap1
2023-06-29 22:11:24,971 [KeyDeletingService#0] INFO  snapshot.SnapshotCache (SnapshotCache.java:lambda$1(166)) - Loading snapshot. Table key: /vol1/bucket2/snap1
2023-06-29 22:11:24,971 [KeyDeletingService#0] INFO  snapshot.SnapshotCache (SnapshotCache.java:lambda$1(166)) - Loading snapshot. Table key: /vol1/bucket2/snap1
2023-06-29 22:11:24,971 [KeyDeletingService#0] INFO  snapshot.SnapshotCache (SnapshotCache.java:lambda$1(166)) - Loading snapshot. Table key: /vol1/bucket2/snap1
2023-06-29 22:11:24,972 [KeyDeletingService#0] INFO  snapshot.SnapshotCache (SnapshotCache.java:lambda$1(166)) - Loading snapshot. Table key: /vol1/bucket2/snap1
2023-06-29 22:11:24,972 [KeyDeletingService#0] INFO  snapshot.SnapshotCache (SnapshotCache.java:lambda$1(166)) - Loading snapshot. Table key: /vol1/bucket2/snap1
2023-06-29 22:11:24,973 [KeyDeletingService#0] INFO  snapshot.SnapshotCache (SnapshotCache.java:lambda$1(166)) - Loading snapshot. Table key: /vol1/bucket2/snap1
2023-06-29 22:11:24,973 [KeyDeletingService#0] INFO  snapshot.SnapshotCache (SnapshotCache.java:lambda$1(166)) - Loading snapshot. Table key: /vol1/bucket2/snap1
2023-06-29 22:11:24,973 [KeyDeletingService#0] INFO  snapshot.SnapshotCache (SnapshotCache.java:lambda$1(166)) - Loading snapshot. Table key: /vol1/bucket2/snap1
2023-06-29 22:11:24,974 [KeyDeletingService#0] INFO  snapshot.SnapshotCache (SnapshotCache.java:lambda$1(166)) - Loading snapshot. Table key: /vol1/bucket2/snap1
2023-06-29 22:11:24,974 [KeyDeletingService#0] INFO  snapshot.SnapshotCache (SnapshotCache.java:lambda$1(166)) - Loading snapshot. Table key: /vol1/bucket2/snap1
2023-06-29 22:11:24,975 [KeyDeletingService#0] INFO  snapshot.SnapshotCache (SnapshotCache.java:lambda$1(166)) - Loading snapshot. Table key: /vol1/bucket2/snap1
2023-06-29 22:11:24,975 [KeyDeletingService#0] INFO  snapshot.SnapshotCache (SnapshotCache.java:lambda$1(166)) - Loading snapshot. Table key: /vol1/bucket2/snap1
2023-06-29 22:11:24,991 [KeyDeletingService#0] INFO  snapshot.SnapshotCache (SnapshotCache.java:lambda$1(166)) - Loading snapshot. Table key: /vol1/bucket2/snap1
2023-06-29 22:11:24,991 [KeyDeletingService#0] INFO  snapshot.SnapshotCache (SnapshotCache.java:lambda$1(166)) - Loading snapshot. Table key: /vol1/bucket2/snap1
2023-06-29 22:11:24,992 [KeyDeletingService#0] INFO  snapshot.SnapshotCache (SnapshotCache.java:lambda$1(166)) - Loading snapshot. Table key: /vol1/bucket2/snap1
2023-06-29 22:11:25,470 [KeyDeletingService#0] INFO  snapshot.SnapshotCache (SnapshotCache.java:lambda$1(166)) - Loading snapshot. Table key: /vol1/bucket2/snap1
2023-06-29 22:11:25,473 [KeyDeletingService#0] INFO  snapshot.SnapshotCache (SnapshotCache.java:lambda$1(166)) - Loading snapshot. Table key: /vol1/bucket2/snap1
2023-06-29 22:11:25,473 [KeyDeletingService#0] INFO  snapshot.SnapshotCache (SnapshotCache.java:lambda$1(166)) - Loading snapshot. Table key: /vol1/bucket2/snap1
2023-06-29 22:11:25,474 [KeyDeletingService#0] INFO  snapshot.SnapshotCache (SnapshotCache.java:lambda$1(166)) - Loading snapshot. Table key: /vol1/bucket2/snap1
2023-06-29 22:11:25,474 [KeyDeletingService#0] INFO  snapshot.SnapshotCache (SnapshotCache.java:lambda$1(166)) - Loading snapshot. Table key: /vol1/bucket2/snap1
2023-06-29 22:11:25,475 [KeyDeletingService#0] INFO  snapshot.SnapshotCache (SnapshotCache.java:lambda$1(166)) - Loading snapshot. Table key: /vol1/bucket2/snap1
2023-06-29 22:11:25,475 [KeyDeletingService#0] INFO  snapshot.SnapshotCache (SnapshotCache.java:lambda$1(166)) - Loading snapshot. Table key: /vol1/bucket2/snap1
2023-06-29 22:11:25,476 [KeyDeletingService#0] INFO  snapshot.SnapshotCache (SnapshotCache.java:lambda$1(166)) - Loading snapshot. Table key: /vol1/bucket2/snap1
2023-06-29 22:11:25,476 [KeyDeletingService#0] INFO  snapshot.SnapshotCache (SnapshotCache.java:lambda$1(166)) - Loading snapshot. Table key: /vol1/bucket2/snap1
2023-06-29 22:11:25,476 [KeyDeletingService#0] INFO  snapshot.SnapshotCache (SnapshotCache.java:lambda$1(166)) - Loading snapshot. Table key: /vol1/bucket2/snap1
2023-06-29 22:11:25,477 [KeyDeletingService#0] INFO  snapshot.SnapshotCache (SnapshotCache.java:lambda$1(166)) - Loading snapshot. Table key: /vol1/bucket2/snap1
2023-06-29 22:11:25,478 [KeyDeletingService#0] INFO  snapshot.SnapshotCache (SnapshotCache.java:lambda$1(166)) - Loading snapshot. Table key: /vol1/bucket2/snap1
2023-06-29 22:11:25,478 [KeyDeletingService#0] INFO  snapshot.SnapshotCache (SnapshotCache.java:lambda$1(166)) - Loading snapshot. Table key: /vol1/bucket2/snap1
2023-06-29 22:11:25,491 [KeyDeletingService#0] INFO  snapshot.SnapshotCache (SnapshotCache.java:lambda$1(166)) - Loading snapshot. Table key: /vol1/bucket2/snap1
2023-06-29 22:11:25,492 [KeyDeletingService#0] INFO  snapshot.SnapshotCache (SnapshotCache.java:lambda$1(166)) - Loading snapshot. Table key: /vol1/bucket2/snap1
2023-06-29 22:11:25,492 [KeyDeletingService#0] INFO  snapshot.SnapshotCache (SnapshotCache.java:lambda$1(166)) - Loading snapshot. Table key: /vol1/bucket2/snap1
2023-06-29 22:11:25,506 [main] INFO  ozone.TestSnapshotDeletingService (TestSnapshotDeletingService.java:assertTableRowCount(565)) - deletedTable actual row count=13, expectedCount=15
2023-06-29 22:11:25,970 [KeyDeletingService#0] INFO  snapshot.SnapshotCache (SnapshotCache.java:lambda$1(166)) - Loading snapshot. Table key: /vol1/bucket2/snap1
2023-06-29 22:11:25,971 [KeyDeletingService#0] INFO  snapshot.SnapshotCache (SnapshotCache.java:lambda$1(166)) - Loading snapshot. Table key: /vol1/bucket2/snap1
2023-06-29 22:11:25,971 [KeyDeletingService#0] INFO  snapshot.SnapshotCache (SnapshotCache.java:lambda$1(166)) - Loading snapshot. Table key: /vol1/bucket2/snap1
2023-06-29 22:11:25,971 [KeyDeletingService#0] INFO  snapshot.SnapshotCache (SnapshotCache.java:lambda$1(166)) - Loading snapshot. Table key: /vol1/bucket2/snap1
2023-06-29 22:11:25,972 [KeyDeletingService#0] INFO  snapshot.SnapshotCache (SnapshotCache.java:lambda$1(166)) - Loading snapshot. Table key: /vol1/bucket2/snap1
2023-06-29 22:11:25,972 [KeyDeletingService#0] INFO  snapshot.SnapshotCache (SnapshotCache.java:lambda$1(166)) - Loading snapshot. Table key: /vol1/bucket2/snap1
2023-06-29 22:11:25,973 [KeyDeletingService#0] INFO  snapshot.SnapshotCache (SnapshotCache.java:lambda$1(166)) - Loading snapshot. Table key: /vol1/bucket2/snap1
2023-06-29 22:11:25,973 [KeyDeletingService#0] INFO  snapshot.SnapshotCache (SnapshotCache.java:lambda$1(166)) - Loading snapshot. Table key: /vol1/bucket2/snap1
2023-06-29 22:11:25,973 [KeyDeletingService#0] INFO  snapshot.SnapshotCache (SnapshotCache.java:lambda$1(166)) - Loading snapshot. Table key: /vol1/bucket2/snap1
2023-06-29 22:11:25,974 [KeyDeletingService#0] INFO  snapshot.SnapshotCache (SnapshotCache.java:lambda$1(166)) - Loading snapshot. Table key: /vol1/bucket2/snap1
2023-06-29 22:11:25,974 [KeyDeletingService#0] INFO  snapshot.SnapshotCache (SnapshotCache.java:lambda$1(166)) - Loading snapshot. Table key: /vol1/bucket2/snap1
2023-06-29 22:11:25,974 [KeyDeletingService#0] INFO  snapshot.SnapshotCache (SnapshotCache.java:lambda$1(166)) - Loading snapshot. Table key: /vol1/bucket2/snap1
2023-06-29 22:11:25,975 [KeyDeletingService#0] INFO  snapshot.SnapshotCache (SnapshotCache.java:lambda$1(166)) - Loading snapshot. Table key: /vol1/bucket2/snap1
2023-06-29 22:11:25,991 [KeyDeletingService#0] INFO  snapshot.SnapshotCache (SnapshotCache.java:lambda$1(166)) - Loading snapshot. Table key: /vol1/bucket2/snap1
2023-06-29 22:11:25,992 [KeyDeletingService#0] INFO  snapshot.SnapshotCache (SnapshotCache.java:lambda$1(166)) - Loading snapshot. Table key: /vol1/bucket2/snap1
2023-06-29 22:11:25,992 [KeyDeletingService#0] INFO  snapshot.SnapshotCache (SnapshotCache.java:lambda$1(166)) - Loading snapshot. Table key: /vol1/bucket2/snap1
2023-06-29 22:11:26,470 [KeyDeletingService#0] INFO  snapshot.SnapshotCache (SnapshotCache.java:lambda$1(166)) - Loading snapshot. Table key: /vol1/bucket2/snap1
2023-06-29 22:11:26,471 [KeyDeletingService#0] INFO  snapshot.SnapshotCache (SnapshotCache.java:lambda$1(166)) - Loading snapshot. Table key: /vol1/bucket2/snap1
2023-06-29 22:11:26,471 [KeyDeletingService#0] INFO  snapshot.SnapshotCache (SnapshotCache.java:lambda$1(166)) - Loading snapshot. Table key: /vol1/bucket2/snap1
2023-06-29 22:11:26,472 [KeyDeletingService#0] INFO  snapshot.SnapshotCache (SnapshotCache.java:lambda$1(166)) - Loading snapshot. Table key: /vol1/bucket2/snap1
2023-06-29 22:11:26,472 [KeyDeletingService#0] INFO  snapshot.SnapshotCache (SnapshotCache.java:lambda$1(166)) - Loading snapshot. Table key: /vol1/bucket2/snap1
2023-06-29 22:11:26,472 [KeyDeletingService#0] INFO  snapshot.SnapshotCache (SnapshotCache.java:lambda$1(166)) - Loading snapshot. Table key: /vol1/bucket2/snap1
2023-06-29 22:11:26,473 [KeyDeletingService#0] INFO  snapshot.SnapshotCache (SnapshotCache.java:lambda$1(166)) - Loading snapshot. Table key: /vol1/bucket2/snap1
2023-06-29 22:11:26,473 [KeyDeletingService#0] INFO  snapshot.SnapshotCache (SnapshotCache.java:lambda$1(166)) - Loading snapshot. Table key: /vol1/bucket2/snap1
2023-06-29 22:11:26,474 [KeyDeletingService#0] INFO  snapshot.SnapshotCache (SnapshotCache.java:lambda$1(166)) - Loading snapshot. Table key: /vol1/bucket2/snap1
2023-06-29 22:11:26,474 [KeyDeletingService#0] INFO  snapshot.SnapshotCache (SnapshotCache.java:lambda$1(166)) - Loading snapshot. Table key: /vol1/bucket2/snap1
2023-06-29 22:11:26,474 [KeyDeletingService#0] INFO  snapshot.SnapshotCache (SnapshotCache.java:lambda$1(166)) - Loading snapshot. Table key: /vol1/bucket2/snap1
2023-06-29 22:11:26,475 [KeyDeletingService#0] INFO  snapshot.SnapshotCache (SnapshotCache.java:lambda$1(166)) - Loading snapshot. Table key: /vol1/bucket2/snap1
2023-06-29 22:11:26,475 [KeyDeletingService#0] INFO  snapshot.SnapshotCache (SnapshotCache.java:lambda$1(166)) - Loading snapshot. Table key: /vol1/bucket2/snap1
2023-06-29 22:11:26,491 [KeyDeletingService#0] INFO  snapshot.SnapshotCache (SnapshotCache.java:lambda$1(166)) - Loading snapshot. Table key: /vol1/bucket2/snap1
2023-06-29 22:11:26,492 [KeyDeletingService#0] INFO  snapshot.SnapshotCache (SnapshotCache.java:lambda$1(166)) - Loading snapshot. Table key: /vol1/bucket2/snap1
2023-06-29 22:11:26,492 [KeyDeletingService#0] INFO  snapshot.SnapshotCache (SnapshotCache.java:lambda$1(166)) - Loading snapshot. Table key: /vol1/bucket2/snap1
2023-06-29 22:11:26,507 [main] INFO  ozone.TestSnapshotDeletingService (TestSnapshotDeletingService.java:assertTableRowCount(565)) - deletedTable actual row count=13, expectedCount=15
2023-06-29 22:11:26,782 [SstFilteringService#0] WARN  server.ServerUtils (ServerUtils.java:getDBPath(311)) - ozone.om.db.dirs is not configured. We recommend adding this setting. Falling back to ozone.metadata.dirs instead.
2023-06-29 22:11:26,783 [SstFilteringService#0] INFO  helpers.OmKeyInfo (OmKeyInfo.java:getCodec(71)) - OmKeyInfo.getCodec ignorePipeline = true
2023-06-29 22:11:26,970 [KeyDeletingService#0] INFO  snapshot.SnapshotCache (SnapshotCache.java:lambda$1(166)) - Loading snapshot. Table key: /vol1/bucket2/snap1
2023-06-29 22:11:26,971 [KeyDeletingService#0] INFO  snapshot.SnapshotCache (SnapshotCache.java:lambda$1(166)) - Loading snapshot. Table key: /vol1/bucket2/snap1
2023-06-29 22:11:26,971 [KeyDeletingService#0] INFO  snapshot.SnapshotCache (SnapshotCache.java:lambda$1(166)) - Loading snapshot. Table key: /vol1/bucket2/snap1
2023-06-29 22:11:26,972 [KeyDeletingService#0] INFO  snapshot.SnapshotCache (SnapshotCache.java:lambda$1(166)) - Loading snapshot. Table key: /vol1/bucket2/snap1
2023-06-29 22:11:26,972 [KeyDeletingService#0] INFO  snapshot.SnapshotCache (SnapshotCache.java:lambda$1(166)) - Loading snapshot. Table key: /vol1/bucket2/snap1
2023-06-29 22:11:26,972 [KeyDeletingService#0] INFO  snapshot.SnapshotCache (SnapshotCache.java:lambda$1(166)) - Loading snapshot. Table key: /vol1/bucket2/snap1
2023-06-29 22:11:26,973 [KeyDeletingService#0] INFO  snapshot.SnapshotCache (SnapshotCache.java:lambda$1(166)) - Loading snapshot. Table key: /vol1/bucket2/snap1
2023-06-29 22:11:26,973 [KeyDeletingService#0] INFO  snapshot.SnapshotCache (SnapshotCache.java:lambda$1(166)) - Loading snapshot. Table key: /vol1/bucket2/snap1
2023-06-29 22:11:26,973 [KeyDeletingService#0] INFO  snapshot.SnapshotCache (SnapshotCache.java:lambda$1(166)) - Loading snapshot. Table key: /vol1/bucket2/snap1
2023-06-29 22:11:26,974 [KeyDeletingService#0] INFO  snapshot.SnapshotCache (SnapshotCache.java:lambda$1(166)) - Loading snapshot. Table key: /vol1/bucket2/snap1
2023-06-29 22:11:26,974 [KeyDeletingService#0] INFO  snapshot.SnapshotCache (SnapshotCache.java:lambda$1(166)) - Loading snapshot. Table key: /vol1/bucket2/snap1
2023-06-29 22:11:26,975 [KeyDeletingService#0] INFO  snapshot.SnapshotCache (SnapshotCache.java:lambda$1(166)) - Loading snapshot. Table key: /vol1/bucket2/snap1
2023-06-29 22:11:26,975 [KeyDeletingService#0] INFO  snapshot.SnapshotCache (SnapshotCache.java:lambda$1(166)) - Loading snapshot. Table key: /vol1/bucket2/snap1
2023-06-29 22:11:26,991 [KeyDeletingService#0] INFO  snapshot.SnapshotCache (SnapshotCache.java:lambda$1(166)) - Loading snapshot. Table key: /vol1/bucket2/snap1
2023-06-29 22:11:26,992 [KeyDeletingService#0] INFO  snapshot.SnapshotCache (SnapshotCache.java:lambda$1(166)) - Loading snapshot. Table key: /vol1/bucket2/snap1
2023-06-29 22:11:26,992 [KeyDeletingService#0] INFO  snapshot.SnapshotCache (SnapshotCache.java:lambda$1(166)) - Loading snapshot. Table key: /vol1/bucket2/snap1
2023-06-29 22:11:27,470 [KeyDeletingService#0] INFO  snapshot.SnapshotCache (SnapshotCache.java:lambda$1(166)) - Loading snapshot. Table key: /vol1/bucket2/snap1
2023-06-29 22:11:27,471 [KeyDeletingService#0] INFO  snapshot.SnapshotCache (SnapshotCache.java:lambda$1(166)) - Loading snapshot. Table key: /vol1/bucket2/snap1
2023-06-29 22:11:27,472 [KeyDeletingService#0] INFO  snapshot.SnapshotCache (SnapshotCache.java:lambda$1(166)) - Loading snapshot. Table key: /vol1/bucket2/snap1
2023-06-29 22:11:27,473 [KeyDeletingService#0] INFO  snapshot.SnapshotCache (SnapshotCache.java:lambda$1(166)) - Loading snapshot. Table key: /vol1/bucket2/snap1
2023-06-29 22:11:27,473 [KeyDeletingService#0] INFO  snapshot.SnapshotCache (SnapshotCache.java:lambda$1(166)) - Loading snapshot. Table key: /vol1/bucket2/snap1
2023-06-29 22:11:27,473 [KeyDeletingService#0] INFO  snapshot.SnapshotCache (SnapshotCache.java:lambda$1(166)) - Loading snapshot. Table key: /vol1/bucket2/snap1
2023-06-29 22:11:27,474 [KeyDeletingService#0] INFO  snapshot.SnapshotCache (SnapshotCache.java:lambda$1(166)) - Loading snapshot. Table key: /vol1/bucket2/snap1
2023-06-29 22:11:27,474 [KeyDeletingService#0] INFO  snapshot.SnapshotCache (SnapshotCache.java:lambda$1(166)) - Loading snapshot. Table key: /vol1/bucket2/snap1
2023-06-29 22:11:27,475 [KeyDeletingService#0] INFO  snapshot.SnapshotCache (SnapshotCache.java:lambda$1(166)) - Loading snapshot. Table key: /vol1/bucket2/snap1
2023-06-29 22:11:27,475 [KeyDeletingService#0] INFO  snapshot.SnapshotCache (SnapshotCache.java:lambda$1(166)) - Loading snapshot. Table key: /vol1/bucket2/snap1
2023-06-29 22:11:27,475 [KeyDeletingService#0] INFO  snapshot.SnapshotCache (SnapshotCache.java:lambda$1(166)) - Loading snapshot. Table key: /vol1/bucket2/snap1
2023-06-29 22:11:27,476 [KeyDeletingService#0] INFO  snapshot.SnapshotCache (SnapshotCache.java:lambda$1(166)) - Loading snapshot. Table key: /vol1/bucket2/snap1
2023-06-29 22:11:27,476 [KeyDeletingService#0] INFO  snapshot.SnapshotCache (SnapshotCache.java:lambda$1(166)) - Loading snapshot. Table key: /vol1/bucket2/snap1
2023-06-29 22:11:27,491 [KeyDeletingService#0] INFO  snapshot.SnapshotCache (SnapshotCache.java:lambda$1(166)) - Loading snapshot. Table key: /vol1/bucket2/snap1
2023-06-29 22:11:27,492 [KeyDeletingService#0] INFO  snapshot.SnapshotCache (SnapshotCache.java:lambda$1(166)) - Loading snapshot. Table key: /vol1/bucket2/snap1
2023-06-29 22:11:27,492 [KeyDeletingService#0] INFO  snapshot.SnapshotCache (SnapshotCache.java:lambda$1(166)) - Loading snapshot. Table key: /vol1/bucket2/snap1
2023-06-29 22:11:27,508 [main] INFO  ozone.TestSnapshotDeletingService (TestSnapshotDeletingService.java:assertTableRowCount(565)) - deletedTable actual row count=13, expectedCount=15
2023-06-29 22:11:27,971 [KeyDeletingService#0] INFO  snapshot.SnapshotCache (SnapshotCache.java:lambda$1(166)) - Loading snapshot. Table key: /vol1/bucket2/snap1
2023-06-29 22:11:27,973 [KeyDeletingService#0] INFO  snapshot.SnapshotCache (SnapshotCache.java:lambda$1(166)) - Loading snapshot. Table key: /vol1/bucket2/snap1
2023-06-29 22:11:27,973 [KeyDeletingService#0] INFO  snapshot.SnapshotCache (SnapshotCache.java:lambda$1(166)) - Loading snapshot. Table key: /vol1/bucket2/snap1
2023-06-29 22:11:27,974 [KeyDeletingService#0] INFO  snapshot.SnapshotCache (SnapshotCache.java:lambda$1(166)) - Loading snapshot. Table key: /vol1/bucket2/snap1
2023-06-29 22:11:27,974 [KeyDeletingService#0] INFO  snapshot.SnapshotCache (SnapshotCache.java:lambda$1(166)) - Loading snapshot. Table key: /vol1/bucket2/snap1
2023-06-29 22:11:27,974 [KeyDeletingService#0] INFO  snapshot.SnapshotCache (SnapshotCache.java:lambda$1(166)) - Loading snapshot. Table key: /vol1/bucket2/snap1
2023-06-29 22:11:27,975 [KeyDeletingService#0] INFO  snapshot.SnapshotCache (SnapshotCache.java:lambda$1(166)) - Loading snapshot. Table key: /vol1/bucket2/snap1
2023-06-29 22:11:27,975 [KeyDeletingService#0] INFO  snapshot.SnapshotCache (SnapshotCache.java:lambda$1(166)) - Loading snapshot. Table key: /vol1/bucket2/snap1
2023-06-29 22:11:27,976 [KeyDeletingService#0] INFO  snapshot.SnapshotCache (SnapshotCache.java:lambda$1(166)) - Loading snapshot. Table key: /vol1/bucket2/snap1
2023-06-29 22:11:27,976 [KeyDeletingService#0] INFO  snapshot.SnapshotCache (SnapshotCache.java:lambda$1(166)) - Loading snapshot. Table key: /vol1/bucket2/snap1
2023-06-29 22:11:27,976 [KeyDeletingService#0] INFO  snapshot.SnapshotCache (SnapshotCache.java:lambda$1(166)) - Loading snapshot. Table key: /vol1/bucket2/snap1
2023-06-29 22:11:27,977 [KeyDeletingService#0] INFO  snapshot.SnapshotCache (SnapshotCache.java:lambda$1(166)) - Loading snapshot. Table key: /vol1/bucket2/snap1
2023-06-29 22:11:27,977 [KeyDeletingService#0] INFO  snapshot.SnapshotCache (SnapshotCache.java:lambda$1(166)) - Loading snapshot. Table key: /vol1/bucket2/snap1
2023-06-29 22:11:27,992 [KeyDeletingService#0] INFO  snapshot.SnapshotCache (SnapshotCache.java:lambda$1(166)) - Loading snapshot. Table key: /vol1/bucket2/snap1
2023-06-29 22:11:27,992 [KeyDeletingService#0] INFO  snapshot.SnapshotCache (SnapshotCache.java:lambda$1(166)) - Loading snapshot. Table key: /vol1/bucket2/snap1
2023-06-29 22:11:27,992 [KeyDeletingService#0] INFO  snapshot.SnapshotCache (SnapshotCache.java:lambda$1(166)) - Loading snapshot. Table key: /vol1/bucket2/snap1
2023-06-29 22:11:28,471 [KeyDeletingService#0] INFO  snapshot.SnapshotCache (SnapshotCache.java:lambda$1(166)) - Loading snapshot. Table key: /vol1/bucket2/snap1
2023-06-29 22:11:28,471 [KeyDeletingService#0] INFO  snapshot.SnapshotCache (SnapshotCache.java:lambda$1(166)) - Loading snapshot. Table key: /vol1/bucket2/snap1
2023-06-29 22:11:28,472 [KeyDeletingService#0] INFO  snapshot.SnapshotCache (SnapshotCache.java:lambda$1(166)) - Loading snapshot. Table key: /vol1/bucket2/snap1
2023-06-29 22:11:28,472 [KeyDeletingService#0] INFO  snapshot.SnapshotCache (SnapshotCache.java:lambda$1(166)) - Loading snapshot. Table key: /vol1/bucket2/snap1
2023-06-29 22:11:28,472 [KeyDeletingService#0] INFO  snapshot.SnapshotCache (SnapshotCache.java:lambda$1(166)) - Loading snapshot. Table key: /vol1/bucket2/snap1
2023-06-29 22:11:28,473 [KeyDeletingService#0] INFO  snapshot.SnapshotCache (SnapshotCache.java:lambda$1(166)) - Loading snapshot. Table key: /vol1/bucket2/snap1
2023-06-29 22:11:28,473 [KeyDeletingService#0] INFO  snapshot.SnapshotCache (SnapshotCache.java:lambda$1(166)) - Loading snapshot. Table key: /vol1/bucket2/snap1
2023-06-29 22:11:28,474 [KeyDeletingService#0] INFO  snapshot.SnapshotCache (SnapshotCache.java:lambda$1(166)) - Loading snapshot. Table key: /vol1/bucket2/snap1
2023-06-29 22:11:28,475 [KeyDeletingService#0] INFO  snapshot.SnapshotCache (SnapshotCache.java:lambda$1(166)) - Loading snapshot. Table key: /vol1/bucket2/snap1
2023-06-29 22:11:28,475 [KeyDeletingService#0] INFO  snapshot.SnapshotCache (SnapshotCache.java:lambda$1(166)) - Loading snapshot. Table key: /vol1/bucket2/snap1
2023-06-29 22:11:28,475 [KeyDeletingService#0] INFO  snapshot.SnapshotCache (SnapshotCache.java:lambda$1(166)) - Loading snapshot. Table key: /vol1/bucket2/snap1
2023-06-29 22:11:28,476 [KeyDeletingService#0] INFO  snapshot.SnapshotCache (SnapshotCache.java:lambda$1(166)) - Loading snapshot. Table key: /vol1/bucket2/snap1
2023-06-29 22:11:28,476 [KeyDeletingService#0] INFO  snapshot.SnapshotCache (SnapshotCache.java:lambda$1(166)) - Loading snapshot. Table key: /vol1/bucket2/snap1
2023-06-29 22:11:28,492 [KeyDeletingService#0] INFO  snapshot.SnapshotCache (SnapshotCache.java:lambda$1(166)) - Loading snapshot. Table key: /vol1/bucket2/snap1
2023-06-29 22:11:28,492 [KeyDeletingService#0] INFO  snapshot.SnapshotCache (SnapshotCache.java:lambda$1(166)) - Loading snapshot. Table key: /vol1/bucket2/snap1
2023-06-29 22:11:28,492 [KeyDeletingService#0] INFO  snapshot.SnapshotCache (SnapshotCache.java:lambda$1(166)) - Loading snapshot. Table key: /vol1/bucket2/snap1
2023-06-29 22:11:28,509 [main] INFO  ozone.TestSnapshotDeletingService (TestSnapshotDeletingService.java:assertTableRowCount(565)) - deletedTable actual row count=13, expectedCount=15
2023-06-29 22:11:28,971 [KeyDeletingService#0] INFO  snapshot.SnapshotCache (SnapshotCache.java:lambda$1(166)) - Loading snapshot. Table key: /vol1/bucket2/snap1
2023-06-29 22:11:28,971 [KeyDeletingService#0] INFO  snapshot.SnapshotCache (SnapshotCache.java:lambda$1(166)) - Loading snapshot. Table key: /vol1/bucket2/snap1
2023-06-29 22:11:28,972 [KeyDeletingService#0] INFO  snapshot.SnapshotCache (SnapshotCache.java:lambda$1(166)) - Loading snapshot. Table key: /vol1/bucket2/snap1
2023-06-29 22:11:28,972 [KeyDeletingService#0] INFO  snapshot.SnapshotCache (SnapshotCache.java:lambda$1(166)) - Loading snapshot. Table key: /vol1/bucket2/snap1
2023-06-29 22:11:28,973 [KeyDeletingService#0] INFO  snapshot.SnapshotCache (SnapshotCache.java:lambda$1(166)) - Loading snapshot. Table key: /vol1/bucket2/snap1
2023-06-29 22:11:28,973 [KeyDeletingService#0] INFO  snapshot.SnapshotCache (SnapshotCache.java:lambda$1(166)) - Loading snapshot. Table key: /vol1/bucket2/snap1
2023-06-29 22:11:28,975 [KeyDeletingService#0] INFO  snapshot.SnapshotCache (SnapshotCache.java:lambda$1(166)) - Loading snapshot. Table key: /vol1/bucket2/snap1
2023-06-29 22:11:28,975 [KeyDeletingService#0] INFO  snapshot.SnapshotCache (SnapshotCache.java:lambda$1(166)) - Loading snapshot. Table key: /vol1/bucket2/snap1
2023-06-29 22:11:28,977 [KeyDeletingService#0] INFO  snapshot.SnapshotCache (SnapshotCache.java:lambda$1(166)) - Loading snapshot. Table key: /vol1/bucket2/snap1
2023-06-29 22:11:28,977 [KeyDeletingService#0] INFO  snapshot.SnapshotCache (SnapshotCache.java:lambda$1(166)) - Loading snapshot. Table key: /vol1/bucket2/snap1
2023-06-29 22:11:28,978 [KeyDeletingService#0] INFO  snapshot.SnapshotCache (SnapshotCache.java:lambda$1(166)) - Loading snapshot. Table key: /vol1/bucket2/snap1
2023-06-29 22:11:28,978 [KeyDeletingService#0] INFO  snapshot.SnapshotCache (SnapshotCache.java:lambda$1(166)) - Loading snapshot. Table key: /vol1/bucket2/snap1
2023-06-29 22:11:28,978 [KeyDeletingService#0] INFO  snapshot.SnapshotCache (SnapshotCache.java:lambda$1(166)) - Loading snapshot. Table key: /vol1/bucket2/snap1
2023-06-29 22:11:28,992 [KeyDeletingService#0] INFO  snapshot.SnapshotCache (SnapshotCache.java:lambda$1(166)) - Loading snapshot. Table key: /vol1/bucket2/snap1
2023-06-29 22:11:28,992 [KeyDeletingService#0] INFO  snapshot.SnapshotCache (SnapshotCache.java:lambda$1(166)) - Loading snapshot. Table key: /vol1/bucket2/snap1
2023-06-29 22:11:28,992 [KeyDeletingService#0] INFO  snapshot.SnapshotCache (SnapshotCache.java:lambda$1(166)) - Loading snapshot. Table key: /vol1/bucket2/snap1
2023-06-29 22:11:29,471 [KeyDeletingService#0] INFO  snapshot.SnapshotCache (SnapshotCache.java:lambda$1(166)) - Loading snapshot. Table key: /vol1/bucket2/snap1
2023-06-29 22:11:29,471 [KeyDeletingService#0] INFO  snapshot.SnapshotCache (SnapshotCache.java:lambda$1(166)) - Loading snapshot. Table key: /vol1/bucket2/snap1
2023-06-29 22:11:29,472 [KeyDeletingService#0] INFO  snapshot.SnapshotCache (SnapshotCache.java:lambda$1(166)) - Loading snapshot. Table key: /vol1/bucket2/snap1
2023-06-29 22:11:29,472 [KeyDeletingService#0] INFO  snapshot.SnapshotCache (SnapshotCache.java:lambda$1(166)) - Loading snapshot. Table key: /vol1/bucket2/snap1
2023-06-29 22:11:29,473 [KeyDeletingService#0] INFO  snapshot.SnapshotCache (SnapshotCache.java:lambda$1(166)) - Loading snapshot. Table key: /vol1/bucket2/snap1
2023-06-29 22:11:29,473 [KeyDeletingService#0] INFO  snapshot.SnapshotCache (SnapshotCache.java:lambda$1(166)) - Loading snapshot. Table key: /vol1/bucket2/snap1
2023-06-29 22:11:29,473 [KeyDeletingService#0] INFO  snapshot.SnapshotCache (SnapshotCache.java:lambda$1(166)) - Loading snapshot. Table key: /vol1/bucket2/snap1
2023-06-29 22:11:29,474 [KeyDeletingService#0] INFO  snapshot.SnapshotCache (SnapshotCache.java:lambda$1(166)) - Loading snapshot. Table key: /vol1/bucket2/snap1
2023-06-29 22:11:29,474 [KeyDeletingService#0] INFO  snapshot.SnapshotCache (SnapshotCache.java:lambda$1(166)) - Loading snapshot. Table key: /vol1/bucket2/snap1
2023-06-29 22:11:29,475 [KeyDeletingService#0] INFO  snapshot.SnapshotCache (SnapshotCache.java:lambda$1(166)) - Loading snapshot. Table key: /vol1/bucket2/snap1
2023-06-29 22:11:29,475 [KeyDeletingService#0] INFO  snapshot.SnapshotCache (SnapshotCache.java:lambda$1(166)) - Loading snapshot. Table key: /vol1/bucket2/snap1
2023-06-29 22:11:29,475 [KeyDeletingService#0] INFO  snapshot.SnapshotCache (SnapshotCache.java:lambda$1(166)) - Loading snapshot. Table key: /vol1/bucket2/snap1
2023-06-29 22:11:29,476 [KeyDeletingService#0] INFO  snapshot.SnapshotCache (SnapshotCache.java:lambda$1(166)) - Loading snapshot. Table key: /vol1/bucket2/snap1
2023-06-29 22:11:29,492 [KeyDeletingService#0] INFO  snapshot.SnapshotCache (SnapshotCache.java:lambda$1(166)) - Loading snapshot. Table key: /vol1/bucket2/snap1
2023-06-29 22:11:29,492 [KeyDeletingService#0] INFO  snapshot.SnapshotCache (SnapshotCache.java:lambda$1(166)) - Loading snapshot. Table key: /vol1/bucket2/snap1
2023-06-29 22:11:29,493 [KeyDeletingService#0] INFO  snapshot.SnapshotCache (SnapshotCache.java:lambda$1(166)) - Loading snapshot. Table key: /vol1/bucket2/snap1
2023-06-29 22:11:29,510 [main] INFO  ozone.TestSnapshotDeletingService (TestSnapshotDeletingService.java:assertTableRowCount(565)) - deletedTable actual row count=13, expectedCount=15
2023-06-29 22:11:29,924 [BlockDeletingService#0] INFO  interfaces.ContainerDeletionChoosingPolicyTemplate (ContainerDeletionChoosingPolicyTemplate.java:chooseContainerForBlockDeletion(83)) - Chosen 0/5000 blocks from 0 candidate containers.
2023-06-29 22:11:29,971 [KeyDeletingService#0] INFO  snapshot.SnapshotCache (SnapshotCache.java:lambda$1(166)) - Loading snapshot. Table key: /vol1/bucket2/snap1
2023-06-29 22:11:29,971 [KeyDeletingService#0] INFO  snapshot.SnapshotCache (SnapshotCache.java:lambda$1(166)) - Loading snapshot. Table key: /vol1/bucket2/snap1
2023-06-29 22:11:29,972 [KeyDeletingService#0] INFO  snapshot.SnapshotCache (SnapshotCache.java:lambda$1(166)) - Loading snapshot. Table key: /vol1/bucket2/snap1
2023-06-29 22:11:29,972 [KeyDeletingService#0] INFO  snapshot.SnapshotCache (SnapshotCache.java:lambda$1(166)) - Loading snapshot. Table key: /vol1/bucket2/snap1
2023-06-29 22:11:29,973 [KeyDeletingService#0] INFO  snapshot.SnapshotCache (SnapshotCache.java:lambda$1(166)) - Loading snapshot. Table key: /vol1/bucket2/snap1
2023-06-29 22:11:29,973 [KeyDeletingService#0] INFO  snapshot.SnapshotCache (SnapshotCache.java:lambda$1(166)) - Loading snapshot. Table key: /vol1/bucket2/snap1
2023-06-29 22:11:29,973 [KeyDeletingService#0] INFO  snapshot.SnapshotCache (SnapshotCache.java:lambda$1(166)) - Loading snapshot. Table key: /vol1/bucket2/snap1
2023-06-29 22:11:29,975 [KeyDeletingService#0] INFO  snapshot.SnapshotCache (SnapshotCache.java:lambda$1(166)) - Loading snapshot. Table key: /vol1/bucket2/snap1
2023-06-29 22:11:29,976 [KeyDeletingService#0] INFO  snapshot.SnapshotCache (SnapshotCache.java:lambda$1(166)) - Loading snapshot. Table key: /vol1/bucket2/snap1
2023-06-29 22:11:29,976 [KeyDeletingService#0] INFO  snapshot.SnapshotCache (SnapshotCache.java:lambda$1(166)) - Loading snapshot. Table key: /vol1/bucket2/snap1
2023-06-29 22:11:29,976 [KeyDeletingService#0] INFO  snapshot.SnapshotCache (SnapshotCache.java:lambda$1(166)) - Loading snapshot. Table key: /vol1/bucket2/snap1
2023-06-29 22:11:29,977 [KeyDeletingService#0] INFO  snapshot.SnapshotCache (SnapshotCache.java:lambda$1(166)) - Loading snapshot. Table key: /vol1/bucket2/snap1
2023-06-29 22:11:29,977 [KeyDeletingService#0] INFO  snapshot.SnapshotCache (SnapshotCache.java:lambda$1(166)) - Loading snapshot. Table key: /vol1/bucket2/snap1
2023-06-29 22:11:29,992 [KeyDeletingService#0] INFO  snapshot.SnapshotCache (SnapshotCache.java:lambda$1(166)) - Loading snapshot. Table key: /vol1/bucket2/snap1
2023-06-29 22:11:29,992 [KeyDeletingService#0] INFO  snapshot.SnapshotCache (SnapshotCache.java:lambda$1(166)) - Loading snapshot. Table key: /vol1/bucket2/snap1
2023-06-29 22:11:29,993 [KeyDeletingService#0] INFO  snapshot.SnapshotCache (SnapshotCache.java:lambda$1(166)) - Loading snapshot. Table key: /vol1/bucket2/snap1
2023-06-29 22:11:30,295 [BlockDeletingService#0] INFO  interfaces.ContainerDeletionChoosingPolicyTemplate (ContainerDeletionChoosingPolicyTemplate.java:chooseContainerForBlockDeletion(83)) - Chosen 0/5000 blocks from 0 candidate containers.
2023-06-29 22:11:30,471 [KeyDeletingService#0] INFO  snapshot.SnapshotCache (SnapshotCache.java:lambda$1(166)) - Loading snapshot. Table key: /vol1/bucket2/snap1
2023-06-29 22:11:30,472 [KeyDeletingService#0] INFO  snapshot.SnapshotCache (SnapshotCache.java:lambda$1(166)) - Loading snapshot. Table key: /vol1/bucket2/snap1
2023-06-29 22:11:30,472 [KeyDeletingService#0] INFO  snapshot.SnapshotCache (SnapshotCache.java:lambda$1(166)) - Loading snapshot. Table key: /vol1/bucket2/snap1
2023-06-29 22:11:30,473 [KeyDeletingService#0] INFO  snapshot.SnapshotCache (SnapshotCache.java:lambda$1(166)) - Loading snapshot. Table key: /vol1/bucket2/snap1
2023-06-29 22:11:30,473 [KeyDeletingService#0] INFO  snapshot.SnapshotCache (SnapshotCache.java:lambda$1(166)) - Loading snapshot. Table key: /vol1/bucket2/snap1
2023-06-29 22:11:30,474 [KeyDeletingService#0] INFO  snapshot.SnapshotCache (SnapshotCache.java:lambda$1(166)) - Loading snapshot. Table key: /vol1/bucket2/snap1
2023-06-29 22:11:30,474 [KeyDeletingService#0] INFO  snapshot.SnapshotCache (SnapshotCache.java:lambda$1(166)) - Loading snapshot. Table key: /vol1/bucket2/snap1
2023-06-29 22:11:30,475 [KeyDeletingService#0] INFO  snapshot.SnapshotCache (SnapshotCache.java:lambda$1(166)) - Loading snapshot. Table key: /vol1/bucket2/snap1
2023-06-29 22:11:30,475 [KeyDeletingService#0] INFO  snapshot.SnapshotCache (SnapshotCache.java:lambda$1(166)) - Loading snapshot. Table key: /vol1/bucket2/snap1
2023-06-29 22:11:30,475 [KeyDeletingService#0] INFO  snapshot.SnapshotCache (SnapshotCache.java:lambda$1(166)) - Loading snapshot. Table key: /vol1/bucket2/snap1
2023-06-29 22:11:30,476 [KeyDeletingService#0] INFO  snapshot.SnapshotCache (SnapshotCache.java:lambda$1(166)) - Loading snapshot. Table key: /vol1/bucket2/snap1
2023-06-29 22:11:30,476 [KeyDeletingService#0] INFO  snapshot.SnapshotCache (SnapshotCache.java:lambda$1(166)) - Loading snapshot. Table key: /vol1/bucket2/snap1
2023-06-29 22:11:30,476 [KeyDeletingService#0] INFO  snapshot.SnapshotCache (SnapshotCache.java:lambda$1(166)) - Loading snapshot. Table key: /vol1/bucket2/snap1
2023-06-29 22:11:30,492 [KeyDeletingService#0] INFO  snapshot.SnapshotCache (SnapshotCache.java:lambda$1(166)) - Loading snapshot. Table key: /vol1/bucket2/snap1
2023-06-29 22:11:30,493 [KeyDeletingService#0] INFO  snapshot.SnapshotCache (SnapshotCache.java:lambda$1(166)) - Loading snapshot. Table key: /vol1/bucket2/snap1
2023-06-29 22:11:30,493 [KeyDeletingService#0] INFO  snapshot.SnapshotCache (SnapshotCache.java:lambda$1(166)) - Loading snapshot. Table key: /vol1/bucket2/snap1
2023-06-29 22:11:30,511 [main] INFO  ozone.TestSnapshotDeletingService (TestSnapshotDeletingService.java:assertTableRowCount(565)) - deletedTable actual row count=13, expectedCount=15
2023-06-29 22:11:30,687 [BlockDeletingService#0] INFO  interfaces.ContainerDeletionChoosingPolicyTemplate (ContainerDeletionChoosingPolicyTemplate.java:chooseContainerForBlockDeletion(83)) - Chosen 0/5000 blocks from 0 candidate containers.
2023-06-29 22:11:30,971 [KeyDeletingService#0] INFO  snapshot.SnapshotCache (SnapshotCache.java:lambda$1(166)) - Loading snapshot. Table key: /vol1/bucket2/snap1
2023-06-29 22:11:30,972 [KeyDeletingService#0] INFO  snapshot.SnapshotCache (SnapshotCache.java:lambda$1(166)) - Loading snapshot. Table key: /vol1/bucket2/snap1
2023-06-29 22:11:30,972 [KeyDeletingService#0] INFO  snapshot.SnapshotCache (SnapshotCache.java:lambda$1(166)) - Loading snapshot. Table key: /vol1/bucket2/snap1
2023-06-29 22:11:30,972 [KeyDeletingService#0] INFO  snapshot.SnapshotCache (SnapshotCache.java:lambda$1(166)) - Loading snapshot. Table key: /vol1/bucket2/snap1
2023-06-29 22:11:30,973 [KeyDeletingService#0] INFO  snapshot.SnapshotCache (SnapshotCache.java:lambda$1(166)) - Loading snapshot. Table key: /vol1/bucket2/snap1
2023-06-29 22:11:30,973 [KeyDeletingService#0] INFO  snapshot.SnapshotCache (SnapshotCache.java:lambda$1(166)) - Loading snapshot. Table key: /vol1/bucket2/snap1
2023-06-29 22:11:30,974 [KeyDeletingService#0] INFO  snapshot.SnapshotCache (SnapshotCache.java:lambda$1(166)) - Loading snapshot. Table key: /vol1/bucket2/snap1
2023-06-29 22:11:30,974 [KeyDeletingService#0] INFO  snapshot.SnapshotCache (SnapshotCache.java:lambda$1(166)) - Loading snapshot. Table key: /vol1/bucket2/snap1
2023-06-29 22:11:30,974 [KeyDeletingService#0] INFO  snapshot.SnapshotCache (SnapshotCache.java:lambda$1(166)) - Loading snapshot. Table key: /vol1/bucket2/snap1
2023-06-29 22:11:30,974 [KeyDeletingService#0] INFO  snapshot.SnapshotCache (SnapshotCache.java:lambda$1(166)) - Loading snapshot. Table key: /vol1/bucket2/snap1
2023-06-29 22:11:30,975 [KeyDeletingService#0] INFO  snapshot.SnapshotCache (SnapshotCache.java:lambda$1(166)) - Loading snapshot. Table key: /vol1/bucket2/snap1
2023-06-29 22:11:30,975 [KeyDeletingService#0] INFO  snapshot.SnapshotCache (SnapshotCache.java:lambda$1(166)) - Loading snapshot. Table key: /vol1/bucket2/snap1
2023-06-29 22:11:30,976 [KeyDeletingService#0] INFO  snapshot.SnapshotCache (SnapshotCache.java:lambda$1(166)) - Loading snapshot. Table key: /vol1/bucket2/snap1
2023-06-29 22:11:30,992 [KeyDeletingService#0] INFO  snapshot.SnapshotCache (SnapshotCache.java:lambda$1(166)) - Loading snapshot. Table key: /vol1/bucket2/snap1
2023-06-29 22:11:30,993 [KeyDeletingService#0] INFO  snapshot.SnapshotCache (SnapshotCache.java:lambda$1(166)) - Loading snapshot. Table key: /vol1/bucket2/snap1
2023-06-29 22:11:30,993 [KeyDeletingService#0] INFO  snapshot.SnapshotCache (SnapshotCache.java:lambda$1(166)) - Loading snapshot. Table key: /vol1/bucket2/snap1
2023-06-29 22:11:31,471 [KeyDeletingService#0] INFO  snapshot.SnapshotCache (SnapshotCache.java:lambda$1(166)) - Loading snapshot. Table key: /vol1/bucket2/snap1
2023-06-29 22:11:31,472 [KeyDeletingService#0] INFO  snapshot.SnapshotCache (SnapshotCache.java:lambda$1(166)) - Loading snapshot. Table key: /vol1/bucket2/snap1
2023-06-29 22:11:31,472 [KeyDeletingService#0] INFO  snapshot.SnapshotCache (SnapshotCache.java:lambda$1(166)) - Loading snapshot. Table key: /vol1/bucket2/snap1
2023-06-29 22:11:31,473 [KeyDeletingService#0] INFO  snapshot.SnapshotCache (SnapshotCache.java:lambda$1(166)) - Loading snapshot. Table key: /vol1/bucket2/snap1
2023-06-29 22:11:31,473 [KeyDeletingService#0] INFO  snapshot.SnapshotCache (SnapshotCache.java:lambda$1(166)) - Loading snapshot. Table key: /vol1/bucket2/snap1
2023-06-29 22:11:31,473 [KeyDeletingService#0] INFO  snapshot.SnapshotCache (SnapshotCache.java:lambda$1(166)) - Loading snapshot. Table key: /vol1/bucket2/snap1
2023-06-29 22:11:31,474 [KeyDeletingService#0] INFO  snapshot.SnapshotCache (SnapshotCache.java:lambda$1(166)) - Loading snapshot. Table key: /vol1/bucket2/snap1
2023-06-29 22:11:31,474 [KeyDeletingService#0] INFO  snapshot.SnapshotCache (SnapshotCache.java:lambda$1(166)) - Loading snapshot. Table key: /vol1/bucket2/snap1
2023-06-29 22:11:31,475 [KeyDeletingService#0] INFO  snapshot.SnapshotCache (SnapshotCache.java:lambda$1(166)) - Loading snapshot. Table key: /vol1/bucket2/snap1
2023-06-29 22:11:31,475 [KeyDeletingService#0] INFO  snapshot.SnapshotCache (SnapshotCache.java:lambda$1(166)) - Loading snapshot. Table key: /vol1/bucket2/snap1
2023-06-29 22:11:31,475 [KeyDeletingService#0] INFO  snapshot.SnapshotCache (SnapshotCache.java:lambda$1(166)) - Loading snapshot. Table key: /vol1/bucket2/snap1
2023-06-29 22:11:31,476 [KeyDeletingService#0] INFO  snapshot.SnapshotCache (SnapshotCache.java:lambda$1(166)) - Loading snapshot. Table key: /vol1/bucket2/snap1
2023-06-29 22:11:31,476 [KeyDeletingService#0] INFO  snapshot.SnapshotCache (SnapshotCache.java:lambda$1(166)) - Loading snapshot. Table key: /vol1/bucket2/snap1
2023-06-29 22:11:31,492 [KeyDeletingService#0] INFO  snapshot.SnapshotCache (SnapshotCache.java:lambda$1(166)) - Loading snapshot. Table key: /vol1/bucket2/snap1
2023-06-29 22:11:31,493 [KeyDeletingService#0] INFO  snapshot.SnapshotCache (SnapshotCache.java:lambda$1(166)) - Loading snapshot. Table key: /vol1/bucket2/snap1
2023-06-29 22:11:31,493 [KeyDeletingService#0] INFO  snapshot.SnapshotCache (SnapshotCache.java:lambda$1(166)) - Loading snapshot. Table key: /vol1/bucket2/snap1
2023-06-29 22:11:31,512 [main] INFO  ozone.TestSnapshotDeletingService (TestSnapshotDeletingService.java:assertTableRowCount(565)) - deletedTable actual row count=13, expectedCount=15
2023-06-29 22:11:31,971 [KeyDeletingService#0] INFO  snapshot.SnapshotCache (SnapshotCache.java:lambda$1(166)) - Loading snapshot. Table key: /vol1/bucket2/snap1
2023-06-29 22:11:31,972 [KeyDeletingService#0] INFO  snapshot.SnapshotCache (SnapshotCache.java:lambda$1(166)) - Loading snapshot. Table key: /vol1/bucket2/snap1
2023-06-29 22:11:31,972 [KeyDeletingService#0] INFO  snapshot.SnapshotCache (SnapshotCache.java:lambda$1(166)) - Loading snapshot. Table key: /vol1/bucket2/snap1
2023-06-29 22:11:31,973 [KeyDeletingService#0] INFO  snapshot.SnapshotCache (SnapshotCache.java:lambda$1(166)) - Loading snapshot. Table key: /vol1/bucket2/snap1
2023-06-29 22:11:31,973 [KeyDeletingService#0] INFO  snapshot.SnapshotCache (SnapshotCache.java:lambda$1(166)) - Loading snapshot. Table key: /vol1/bucket2/snap1
2023-06-29 22:11:31,973 [KeyDeletingService#0] INFO  snapshot.SnapshotCache (SnapshotCache.java:lambda$1(166)) - Loading snapshot. Table key: /vol1/bucket2/snap1
2023-06-29 22:11:31,974 [KeyDeletingService#0] INFO  snapshot.SnapshotCache (SnapshotCache.java:lambda$1(166)) - Loading snapshot. Table key: /vol1/bucket2/snap1
2023-06-29 22:11:31,974 [KeyDeletingService#0] INFO  snapshot.SnapshotCache (SnapshotCache.java:lambda$1(166)) - Loading snapshot. Table key: /vol1/bucket2/snap1
2023-06-29 22:11:31,975 [KeyDeletingService#0] INFO  snapshot.SnapshotCache (SnapshotCache.java:lambda$1(166)) - Loading snapshot. Table key: /vol1/bucket2/snap1
2023-06-29 22:11:31,975 [KeyDeletingService#0] INFO  snapshot.SnapshotCache (SnapshotCache.java:lambda$1(166)) - Loading snapshot. Table key: /vol1/bucket2/snap1
2023-06-29 22:11:31,975 [KeyDeletingService#0] INFO  snapshot.SnapshotCache (SnapshotCache.java:lambda$1(166)) - Loading snapshot. Table key: /vol1/bucket2/snap1
2023-06-29 22:11:31,976 [KeyDeletingService#0] INFO  snapshot.SnapshotCache (SnapshotCache.java:lambda$1(166)) - Loading snapshot. Table key: /vol1/bucket2/snap1
2023-06-29 22:11:31,976 [KeyDeletingService#0] INFO  snapshot.SnapshotCache (SnapshotCache.java:lambda$1(166)) - Loading snapshot. Table key: /vol1/bucket2/snap1
2023-06-29 22:11:31,992 [KeyDeletingService#0] INFO  snapshot.SnapshotCache (SnapshotCache.java:lambda$1(166)) - Loading snapshot. Table key: /vol1/bucket2/snap1
2023-06-29 22:11:31,993 [KeyDeletingService#0] INFO  snapshot.SnapshotCache (SnapshotCache.java:lambda$1(166)) - Loading snapshot. Table key: /vol1/bucket2/snap1
2023-06-29 22:11:31,993 [KeyDeletingService#0] INFO  snapshot.SnapshotCache (SnapshotCache.java:lambda$1(166)) - Loading snapshot. Table key: /vol1/bucket2/snap1
2023-06-29 22:11:32,472 [KeyDeletingService#0] INFO  snapshot.SnapshotCache (SnapshotCache.java:lambda$1(166)) - Loading snapshot. Table key: /vol1/bucket2/snap1
2023-06-29 22:11:32,472 [KeyDeletingService#0] INFO  snapshot.SnapshotCache (SnapshotCache.java:lambda$1(166)) - Loading snapshot. Table key: /vol1/bucket2/snap1
2023-06-29 22:11:32,473 [KeyDeletingService#0] INFO  snapshot.SnapshotCache (SnapshotCache.java:lambda$1(166)) - Loading snapshot. Table key: /vol1/bucket2/snap1
2023-06-29 22:11:32,473 [KeyDeletingService#0] INFO  snapshot.SnapshotCache (SnapshotCache.java:lambda$1(166)) - Loading snapshot. Table key: /vol1/bucket2/snap1
2023-06-29 22:11:32,473 [KeyDeletingService#0] INFO  snapshot.SnapshotCache (SnapshotCache.java:lambda$1(166)) - Loading snapshot. Table key: /vol1/bucket2/snap1
2023-06-29 22:11:32,474 [KeyDeletingService#0] INFO  snapshot.SnapshotCache (SnapshotCache.java:lambda$1(166)) - Loading snapshot. Table key: /vol1/bucket2/snap1
2023-06-29 22:11:32,474 [KeyDeletingService#0] INFO  snapshot.SnapshotCache (SnapshotCache.java:lambda$1(166)) - Loading snapshot. Table key: /vol1/bucket2/snap1
2023-06-29 22:11:32,474 [KeyDeletingService#0] INFO  snapshot.SnapshotCache (SnapshotCache.java:lambda$1(166)) - Loading snapshot. Table key: /vol1/bucket2/snap1
2023-06-29 22:11:32,475 [KeyDeletingService#0] INFO  snapshot.SnapshotCache (SnapshotCache.java:lambda$1(166)) - Loading snapshot. Table key: /vol1/bucket2/snap1
2023-06-29 22:11:32,475 [KeyDeletingService#0] INFO  snapshot.SnapshotCache (SnapshotCache.java:lambda$1(166)) - Loading snapshot. Table key: /vol1/bucket2/snap1
2023-06-29 22:11:32,475 [KeyDeletingService#0] INFO  snapshot.SnapshotCache (SnapshotCache.java:lambda$1(166)) - Loading snapshot. Table key: /vol1/bucket2/snap1
2023-06-29 22:11:32,476 [KeyDeletingService#0] INFO  snapshot.SnapshotCache (SnapshotCache.java:lambda$1(166)) - Loading snapshot. Table key: /vol1/bucket2/snap1
2023-06-29 22:11:32,476 [KeyDeletingService#0] INFO  snapshot.SnapshotCache (SnapshotCache.java:lambda$1(166)) - Loading snapshot. Table key: /vol1/bucket2/snap1
2023-06-29 22:11:32,492 [KeyDeletingService#0] INFO  snapshot.SnapshotCache (SnapshotCache.java:lambda$1(166)) - Loading snapshot. Table key: /vol1/bucket2/snap1
2023-06-29 22:11:32,493 [KeyDeletingService#0] INFO  snapshot.SnapshotCache (SnapshotCache.java:lambda$1(166)) - Loading snapshot. Table key: /vol1/bucket2/snap1
2023-06-29 22:11:32,493 [KeyDeletingService#0] INFO  snapshot.SnapshotCache (SnapshotCache.java:lambda$1(166)) - Loading snapshot. Table key: /vol1/bucket2/snap1
2023-06-29 22:11:32,513 [main] INFO  ozone.TestSnapshotDeletingService (TestSnapshotDeletingService.java:assertTableRowCount(565)) - deletedTable actual row count=13, expectedCount=15
2023-06-29 22:11:32,972 [KeyDeletingService#0] INFO  snapshot.SnapshotCache (SnapshotCache.java:lambda$1(166)) - Loading snapshot. Table key: /vol1/bucket2/snap1
2023-06-29 22:11:32,972 [KeyDeletingService#0] INFO  snapshot.SnapshotCache (SnapshotCache.java:lambda$1(166)) - Loading snapshot. Table key: /vol1/bucket2/snap1
2023-06-29 22:11:32,973 [KeyDeletingService#0] INFO  snapshot.SnapshotCache (SnapshotCache.java:lambda$1(166)) - Loading snapshot. Table key: /vol1/bucket2/snap1
2023-06-29 22:11:32,973 [KeyDeletingService#0] INFO  snapshot.SnapshotCache (SnapshotCache.java:lambda$1(166)) - Loading snapshot. Table key: /vol1/bucket2/snap1
2023-06-29 22:11:32,973 [KeyDeletingService#0] INFO  snapshot.SnapshotCache (SnapshotCache.java:lambda$1(166)) - Loading snapshot. Table key: /vol1/bucket2/snap1
2023-06-29 22:11:32,974 [KeyDeletingService#0] INFO  snapshot.SnapshotCache (SnapshotCache.java:lambda$1(166)) - Loading snapshot. Table key: /vol1/bucket2/snap1
2023-06-29 22:11:32,974 [KeyDeletingService#0] INFO  snapshot.SnapshotCache (SnapshotCache.java:lambda$1(166)) - Loading snapshot. Table key: /vol1/bucket2/snap1
2023-06-29 22:11:32,974 [KeyDeletingService#0] INFO  snapshot.SnapshotCache (SnapshotCache.java:lambda$1(166)) - Loading snapshot. Table key: /vol1/bucket2/snap1
2023-06-29 22:11:32,975 [KeyDeletingService#0] INFO  snapshot.SnapshotCache (SnapshotCache.java:lambda$1(166)) - Loading snapshot. Table key: /vol1/bucket2/snap1
2023-06-29 22:11:32,975 [KeyDeletingService#0] INFO  snapshot.SnapshotCache (SnapshotCache.java:lambda$1(166)) - Loading snapshot. Table key: /vol1/bucket2/snap1
2023-06-29 22:11:32,975 [KeyDeletingService#0] INFO  snapshot.SnapshotCache (SnapshotCache.java:lambda$1(166)) - Loading snapshot. Table key: /vol1/bucket2/snap1
2023-06-29 22:11:32,976 [KeyDeletingService#0] INFO  snapshot.SnapshotCache (SnapshotCache.java:lambda$1(166)) - Loading snapshot. Table key: /vol1/bucket2/snap1
2023-06-29 22:11:32,976 [KeyDeletingService#0] INFO  snapshot.SnapshotCache (SnapshotCache.java:lambda$1(166)) - Loading snapshot. Table key: /vol1/bucket2/snap1
2023-06-29 22:11:32,993 [KeyDeletingService#0] INFO  snapshot.SnapshotCache (SnapshotCache.java:lambda$1(166)) - Loading snapshot. Table key: /vol1/bucket2/snap1
2023-06-29 22:11:32,993 [KeyDeletingService#0] INFO  snapshot.SnapshotCache (SnapshotCache.java:lambda$1(166)) - Loading snapshot. Table key: /vol1/bucket2/snap1
2023-06-29 22:11:32,993 [KeyDeletingService#0] INFO  snapshot.SnapshotCache (SnapshotCache.java:lambda$1(166)) - Loading snapshot. Table key: /vol1/bucket2/snap1
2023-06-29 22:11:33,472 [KeyDeletingService#0] INFO  snapshot.SnapshotCache (SnapshotCache.java:lambda$1(166)) - Loading snapshot. Table key: /vol1/bucket2/snap1
2023-06-29 22:11:33,472 [KeyDeletingService#0] INFO  snapshot.SnapshotCache (SnapshotCache.java:lambda$1(166)) - Loading snapshot. Table key: /vol1/bucket2/snap1
2023-06-29 22:11:33,473 [KeyDeletingService#0] INFO  snapshot.SnapshotCache (SnapshotCache.java:lambda$1(166)) - Loading snapshot. Table key: /vol1/bucket2/snap1
2023-06-29 22:11:33,473 [KeyDeletingService#0] INFO  snapshot.SnapshotCache (SnapshotCache.java:lambda$1(166)) - Loading snapshot. Table key: /vol1/bucket2/snap1
2023-06-29 22:11:33,473 [KeyDeletingService#0] INFO  snapshot.SnapshotCache (SnapshotCache.java:lambda$1(166)) - Loading snapshot. Table key: /vol1/bucket2/snap1
2023-06-29 22:11:33,474 [KeyDeletingService#0] INFO  snapshot.SnapshotCache (SnapshotCache.java:lambda$1(166)) - Loading snapshot. Table key: /vol1/bucket2/snap1
2023-06-29 22:11:33,474 [KeyDeletingService#0] INFO  snapshot.SnapshotCache (SnapshotCache.java:lambda$1(166)) - Loading snapshot. Table key: /vol1/bucket2/snap1
2023-06-29 22:11:33,474 [KeyDeletingService#0] INFO  snapshot.SnapshotCache (SnapshotCache.java:lambda$1(166)) - Loading snapshot. Table key: /vol1/bucket2/snap1
2023-06-29 22:11:33,475 [KeyDeletingService#0] INFO  snapshot.SnapshotCache (SnapshotCache.java:lambda$1(166)) - Loading snapshot. Table key: /vol1/bucket2/snap1
2023-06-29 22:11:33,475 [KeyDeletingService#0] INFO  snapshot.SnapshotCache (SnapshotCache.java:lambda$1(166)) - Loading snapshot. Table key: /vol1/bucket2/snap1
2023-06-29 22:11:33,475 [KeyDeletingService#0] INFO  snapshot.SnapshotCache (SnapshotCache.java:lambda$1(166)) - Loading snapshot. Table key: /vol1/bucket2/snap1
2023-06-29 22:11:33,476 [KeyDeletingService#0] INFO  snapshot.SnapshotCache (SnapshotCache.java:lambda$1(166)) - Loading snapshot. Table key: /vol1/bucket2/snap1
2023-06-29 22:11:33,476 [KeyDeletingService#0] INFO  snapshot.SnapshotCache (SnapshotCache.java:lambda$1(166)) - Loading snapshot. Table key: /vol1/bucket2/snap1
2023-06-29 22:11:33,493 [KeyDeletingService#0] INFO  snapshot.SnapshotCache (SnapshotCache.java:lambda$1(166)) - Loading snapshot. Table key: /vol1/bucket2/snap1
2023-06-29 22:11:33,493 [KeyDeletingService#0] INFO  snapshot.SnapshotCache (SnapshotCache.java:lambda$1(166)) - Loading snapshot. Table key: /vol1/bucket2/snap1
2023-06-29 22:11:33,493 [KeyDeletingService#0] INFO  snapshot.SnapshotCache (SnapshotCache.java:lambda$1(166)) - Loading snapshot. Table key: /vol1/bucket2/snap1
2023-06-29 22:11:33,514 [main] INFO  ozone.TestSnapshotDeletingService (TestSnapshotDeletingService.java:assertTableRowCount(565)) - deletedTable actual row count=13, expectedCount=15
2023-06-29 22:11:33,972 [KeyDeletingService#0] INFO  snapshot.SnapshotCache (SnapshotCache.java:lambda$1(166)) - Loading snapshot. Table key: /vol1/bucket2/snap1
2023-06-29 22:11:33,972 [KeyDeletingService#0] INFO  snapshot.SnapshotCache (SnapshotCache.java:lambda$1(166)) - Loading snapshot. Table key: /vol1/bucket2/snap1
2023-06-29 22:11:33,973 [KeyDeletingService#0] INFO  snapshot.SnapshotCache (SnapshotCache.java:lambda$1(166)) - Loading snapshot. Table key: /vol1/bucket2/snap1
2023-06-29 22:11:33,973 [KeyDeletingService#0] INFO  snapshot.SnapshotCache (SnapshotCache.java:lambda$1(166)) - Loading snapshot. Table key: /vol1/bucket2/snap1
2023-06-29 22:11:33,973 [KeyDeletingService#0] INFO  snapshot.SnapshotCache (SnapshotCache.java:lambda$1(166)) - Loading snapshot. Table key: /vol1/bucket2/snap1
2023-06-29 22:11:33,974 [KeyDeletingService#0] INFO  snapshot.SnapshotCache (SnapshotCache.java:lambda$1(166)) - Loading snapshot. Table key: /vol1/bucket2/snap1
2023-06-29 22:11:33,974 [KeyDeletingService#0] INFO  snapshot.SnapshotCache (SnapshotCache.java:lambda$1(166)) - Loading snapshot. Table key: /vol1/bucket2/snap1
2023-06-29 22:11:33,974 [KeyDeletingService#0] INFO  snapshot.SnapshotCache (SnapshotCache.java:lambda$1(166)) - Loading snapshot. Table key: /vol1/bucket2/snap1
2023-06-29 22:11:33,975 [KeyDeletingService#0] INFO  snapshot.SnapshotCache (SnapshotCache.java:lambda$1(166)) - Loading snapshot. Table key: /vol1/bucket2/snap1
2023-06-29 22:11:33,975 [KeyDeletingService#0] INFO  snapshot.SnapshotCache (SnapshotCache.java:lambda$1(166)) - Loading snapshot. Table key: /vol1/bucket2/snap1
2023-06-29 22:11:33,975 [KeyDeletingService#0] INFO  snapshot.SnapshotCache (SnapshotCache.java:lambda$1(166)) - Loading snapshot. Table key: /vol1/bucket2/snap1
2023-06-29 22:11:33,976 [KeyDeletingService#0] INFO  snapshot.SnapshotCache (SnapshotCache.java:lambda$1(166)) - Loading snapshot. Table key: /vol1/bucket2/snap1
2023-06-29 22:11:33,976 [KeyDeletingService#0] INFO  snapshot.SnapshotCache (SnapshotCache.java:lambda$1(166)) - Loading snapshot. Table key: /vol1/bucket2/snap1
2023-06-29 22:11:33,993 [KeyDeletingService#0] INFO  snapshot.SnapshotCache (SnapshotCache.java:lambda$1(166)) - Loading snapshot. Table key: /vol1/bucket2/snap1
2023-06-29 22:11:33,993 [KeyDeletingService#0] INFO  snapshot.SnapshotCache (SnapshotCache.java:lambda$1(166)) - Loading snapshot. Table key: /vol1/bucket2/snap1
2023-06-29 22:11:33,993 [KeyDeletingService#0] INFO  snapshot.SnapshotCache (SnapshotCache.java:lambda$1(166)) - Loading snapshot. Table key: /vol1/bucket2/snap1
2023-06-29 22:11:34,472 [KeyDeletingService#0] INFO  snapshot.SnapshotCache (SnapshotCache.java:lambda$1(166)) - Loading snapshot. Table key: /vol1/bucket2/snap1
2023-06-29 22:11:34,472 [KeyDeletingService#0] INFO  snapshot.SnapshotCache (SnapshotCache.java:lambda$1(166)) - Loading snapshot. Table key: /vol1/bucket2/snap1
2023-06-29 22:11:34,473 [KeyDeletingService#0] INFO  snapshot.SnapshotCache (SnapshotCache.java:lambda$1(166)) - Loading snapshot. Table key: /vol1/bucket2/snap1
2023-06-29 22:11:34,473 [KeyDeletingService#0] INFO  snapshot.SnapshotCache (SnapshotCache.java:lambda$1(166)) - Loading snapshot. Table key: /vol1/bucket2/snap1
2023-06-29 22:11:34,474 [KeyDeletingService#0] INFO  snapshot.SnapshotCache (SnapshotCache.java:lambda$1(166)) - Loading snapshot. Table key: /vol1/bucket2/snap1
2023-06-29 22:11:34,474 [KeyDeletingService#0] INFO  snapshot.SnapshotCache (SnapshotCache.java:lambda$1(166)) - Loading snapshot. Table key: /vol1/bucket2/snap1
2023-06-29 22:11:34,474 [KeyDeletingService#0] INFO  snapshot.SnapshotCache (SnapshotCache.java:lambda$1(166)) - Loading snapshot. Table key: /vol1/bucket2/snap1
2023-06-29 22:11:34,475 [KeyDeletingService#0] INFO  snapshot.SnapshotCache (SnapshotCache.java:lambda$1(166)) - Loading snapshot. Table key: /vol1/bucket2/snap1
2023-06-29 22:11:34,475 [KeyDeletingService#0] INFO  snapshot.SnapshotCache (SnapshotCache.java:lambda$1(166)) - Loading snapshot. Table key: /vol1/bucket2/snap1
2023-06-29 22:11:34,476 [KeyDeletingService#0] INFO  snapshot.SnapshotCache (SnapshotCache.java:lambda$1(166)) - Loading snapshot. Table key: /vol1/bucket2/snap1
2023-06-29 22:11:34,476 [KeyDeletingService#0] INFO  snapshot.SnapshotCache (SnapshotCache.java:lambda$1(166)) - Loading snapshot. Table key: /vol1/bucket2/snap1
2023-06-29 22:11:34,476 [KeyDeletingService#0] INFO  snapshot.SnapshotCache (SnapshotCache.java:lambda$1(166)) - Loading snapshot. Table key: /vol1/bucket2/snap1
2023-06-29 22:11:34,476 [KeyDeletingService#0] INFO  snapshot.SnapshotCache (SnapshotCache.java:lambda$1(166)) - Loading snapshot. Table key: /vol1/bucket2/snap1
2023-06-29 22:11:34,493 [KeyDeletingService#0] INFO  snapshot.SnapshotCache (SnapshotCache.java:lambda$1(166)) - Loading snapshot. Table key: /vol1/bucket2/snap1
2023-06-29 22:11:34,493 [KeyDeletingService#0] INFO  snapshot.SnapshotCache (SnapshotCache.java:lambda$1(166)) - Loading snapshot. Table key: /vol1/bucket2/snap1
2023-06-29 22:11:34,494 [KeyDeletingService#0] INFO  snapshot.SnapshotCache (SnapshotCache.java:lambda$1(166)) - Loading snapshot. Table key: /vol1/bucket2/snap1
2023-06-29 22:11:34,515 [main] INFO  ozone.TestSnapshotDeletingService (TestSnapshotDeletingService.java:assertTableRowCount(565)) - deletedTable actual row count=13, expectedCount=15
2023-06-29 22:11:34,972 [KeyDeletingService#0] INFO  snapshot.SnapshotCache (SnapshotCache.java:lambda$1(166)) - Loading snapshot. Table key: /vol1/bucket2/snap1
2023-06-29 22:11:34,973 [KeyDeletingService#0] INFO  snapshot.SnapshotCache (SnapshotCache.java:lambda$1(166)) - Loading snapshot. Table key: /vol1/bucket2/snap1
2023-06-29 22:11:34,973 [KeyDeletingService#0] INFO  snapshot.SnapshotCache (SnapshotCache.java:lambda$1(166)) - Loading snapshot. Table key: /vol1/bucket2/snap1
2023-06-29 22:11:34,974 [KeyDeletingService#0] INFO  snapshot.SnapshotCache (SnapshotCache.java:lambda$1(166)) - Loading snapshot. Table key: /vol1/bucket2/snap1
2023-06-29 22:11:34,974 [KeyDeletingService#0] INFO  snapshot.SnapshotCache (SnapshotCache.java:lambda$1(166)) - Loading snapshot. Table key: /vol1/bucket2/snap1
2023-06-29 22:11:34,975 [KeyDeletingService#0] INFO  snapshot.SnapshotCache (SnapshotCache.java:lambda$1(166)) - Loading snapshot. Table key: /vol1/bucket2/snap1
2023-06-29 22:11:34,975 [KeyDeletingService#0] INFO  snapshot.SnapshotCache (SnapshotCache.java:lambda$1(166)) - Loading snapshot. Table key: /vol1/bucket2/snap1
2023-06-29 22:11:34,975 [KeyDeletingService#0] INFO  snapshot.SnapshotCache (SnapshotCache.java:lambda$1(166)) - Loading snapshot. Table key: /vol1/bucket2/snap1
2023-06-29 22:11:34,976 [KeyDeletingService#0] INFO  snapshot.SnapshotCache (SnapshotCache.java:lambda$1(166)) - Loading snapshot. Table key: /vol1/bucket2/snap1
2023-06-29 22:11:34,976 [KeyDeletingService#0] INFO  snapshot.SnapshotCache (SnapshotCache.java:lambda$1(166)) - Loading snapshot. Table key: /vol1/bucket2/snap1
2023-06-29 22:11:34,976 [KeyDeletingService#0] INFO  snapshot.SnapshotCache (SnapshotCache.java:lambda$1(166)) - Loading snapshot. Table key: /vol1/bucket2/snap1
2023-06-29 22:11:34,977 [KeyDeletingService#0] INFO  snapshot.SnapshotCache (SnapshotCache.java:lambda$1(166)) - Loading snapshot. Table key: /vol1/bucket2/snap1
2023-06-29 22:11:34,977 [KeyDeletingService#0] INFO  snapshot.SnapshotCache (SnapshotCache.java:lambda$1(166)) - Loading snapshot. Table key: /vol1/bucket2/snap1
2023-06-29 22:11:34,993 [KeyDeletingService#0] INFO  snapshot.SnapshotCache (SnapshotCache.java:lambda$1(166)) - Loading snapshot. Table key: /vol1/bucket2/snap1
2023-06-29 22:11:34,993 [KeyDeletingService#0] INFO  snapshot.SnapshotCache (SnapshotCache.java:lambda$1(166)) - Loading snapshot. Table key: /vol1/bucket2/snap1
2023-06-29 22:11:34,994 [KeyDeletingService#0] INFO  snapshot.SnapshotCache (SnapshotCache.java:lambda$1(166)) - Loading snapshot. Table key: /vol1/bucket2/snap1
2023-06-29 22:11:35,472 [KeyDeletingService#0] INFO  snapshot.SnapshotCache (SnapshotCache.java:lambda$1(166)) - Loading snapshot. Table key: /vol1/bucket2/snap1
2023-06-29 22:11:35,473 [KeyDeletingService#0] INFO  snapshot.SnapshotCache (SnapshotCache.java:lambda$1(166)) - Loading snapshot. Table key: /vol1/bucket2/snap1
2023-06-29 22:11:35,473 [KeyDeletingService#0] INFO  snapshot.SnapshotCache (SnapshotCache.java:lambda$1(166)) - Loading snapshot. Table key: /vol1/bucket2/snap1
2023-06-29 22:11:35,473 [KeyDeletingService#0] INFO  snapshot.SnapshotCache (SnapshotCache.java:lambda$1(166)) - Loading snapshot. Table key: /vol1/bucket2/snap1
2023-06-29 22:11:35,474 [KeyDeletingService#0] INFO  snapshot.SnapshotCache (SnapshotCache.java:lambda$1(166)) - Loading snapshot. Table key: /vol1/bucket2/snap1
2023-06-29 22:11:35,474 [KeyDeletingService#0] INFO  snapshot.SnapshotCache (SnapshotCache.java:lambda$1(166)) - Loading snapshot. Table key: /vol1/bucket2/snap1
2023-06-29 22:11:35,474 [KeyDeletingService#0] INFO  snapshot.SnapshotCache (SnapshotCache.java:lambda$1(166)) - Loading snapshot. Table key: /vol1/bucket2/snap1
2023-06-29 22:11:35,475 [KeyDeletingService#0] INFO  snapshot.SnapshotCache (SnapshotCache.java:lambda$1(166)) - Loading snapshot. Table key: /vol1/bucket2/snap1
2023-06-29 22:11:35,475 [KeyDeletingService#0] INFO  snapshot.SnapshotCache (SnapshotCache.java:lambda$1(166)) - Loading snapshot. Table key: /vol1/bucket2/snap1
2023-06-29 22:11:35,475 [KeyDeletingService#0] INFO  snapshot.SnapshotCache (SnapshotCache.java:lambda$1(166)) - Loading snapshot. Table key: /vol1/bucket2/snap1
2023-06-29 22:11:35,476 [KeyDeletingService#0] INFO  snapshot.SnapshotCache (SnapshotCache.java:lambda$1(166)) - Loading snapshot. Table key: /vol1/bucket2/snap1
2023-06-29 22:11:35,476 [KeyDeletingService#0] INFO  snapshot.SnapshotCache (SnapshotCache.java:lambda$1(166)) - Loading snapshot. Table key: /vol1/bucket2/snap1
2023-06-29 22:11:35,476 [KeyDeletingService#0] INFO  snapshot.SnapshotCache (SnapshotCache.java:lambda$1(166)) - Loading snapshot. Table key: /vol1/bucket2/snap1
2023-06-29 22:11:35,493 [KeyDeletingService#0] INFO  snapshot.SnapshotCache (SnapshotCache.java:lambda$1(166)) - Loading snapshot. Table key: /vol1/bucket2/snap1
2023-06-29 22:11:35,493 [KeyDeletingService#0] INFO  snapshot.SnapshotCache (SnapshotCache.java:lambda$1(166)) - Loading snapshot. Table key: /vol1/bucket2/snap1
2023-06-29 22:11:35,494 [KeyDeletingService#0] INFO  snapshot.SnapshotCache (SnapshotCache.java:lambda$1(166)) - Loading snapshot. Table key: /vol1/bucket2/snap1
2023-06-29 22:11:35,516 [main] INFO  ozone.TestSnapshotDeletingService (TestSnapshotDeletingService.java:assertTableRowCount(565)) - deletedTable actual row count=13, expectedCount=15
2023-06-29 22:11:35,972 [KeyDeletingService#0] INFO  snapshot.SnapshotCache (SnapshotCache.java:lambda$1(166)) - Loading snapshot. Table key: /vol1/bucket2/snap1
2023-06-29 22:11:35,973 [KeyDeletingService#0] INFO  snapshot.SnapshotCache (SnapshotCache.java:lambda$1(166)) - Loading snapshot. Table key: /vol1/bucket2/snap1
2023-06-29 22:11:35,973 [KeyDeletingService#0] INFO  snapshot.SnapshotCache (SnapshotCache.java:lambda$1(166)) - Loading snapshot. Table key: /vol1/bucket2/snap1
2023-06-29 22:11:35,973 [KeyDeletingService#0] INFO  snapshot.SnapshotCache (SnapshotCache.java:lambda$1(166)) - Loading snapshot. Table key: /vol1/bucket2/snap1
2023-06-29 22:11:35,974 [KeyDeletingService#0] INFO  snapshot.SnapshotCache (SnapshotCache.java:lambda$1(166)) - Loading snapshot. Table key: /vol1/bucket2/snap1
2023-06-29 22:11:35,974 [KeyDeletingService#0] INFO  snapshot.SnapshotCache (SnapshotCache.java:lambda$1(166)) - Loading snapshot. Table key: /vol1/bucket2/snap1
2023-06-29 22:11:35,974 [KeyDeletingService#0] INFO  snapshot.SnapshotCache (SnapshotCache.java:lambda$1(166)) - Loading snapshot. Table key: /vol1/bucket2/snap1
2023-06-29 22:11:35,975 [KeyDeletingService#0] INFO  snapshot.SnapshotCache (SnapshotCache.java:lambda$1(166)) - Loading snapshot. Table key: /vol1/bucket2/snap1
2023-06-29 22:11:35,975 [KeyDeletingService#0] INFO  snapshot.SnapshotCache (SnapshotCache.java:lambda$1(166)) - Loading snapshot. Table key: /vol1/bucket2/snap1
2023-06-29 22:11:35,975 [KeyDeletingService#0] INFO  snapshot.SnapshotCache (SnapshotCache.java:lambda$1(166)) - Loading snapshot. Table key: /vol1/bucket2/snap1
2023-06-29 22:11:35,976 [KeyDeletingService#0] INFO  snapshot.SnapshotCache (SnapshotCache.java:lambda$1(166)) - Loading snapshot. Table key: /vol1/bucket2/snap1
2023-06-29 22:11:35,976 [KeyDeletingService#0] INFO  snapshot.SnapshotCache (SnapshotCache.java:lambda$1(166)) - Loading snapshot. Table key: /vol1/bucket2/snap1
2023-06-29 22:11:35,976 [KeyDeletingService#0] INFO  snapshot.SnapshotCache (SnapshotCache.java:lambda$1(166)) - Loading snapshot. Table key: /vol1/bucket2/snap1
2023-06-29 22:11:35,993 [KeyDeletingService#0] INFO  snapshot.SnapshotCache (SnapshotCache.java:lambda$1(166)) - Loading snapshot. Table key: /vol1/bucket2/snap1
2023-06-29 22:11:35,993 [KeyDeletingService#0] INFO  snapshot.SnapshotCache (SnapshotCache.java:lambda$1(166)) - Loading snapshot. Table key: /vol1/bucket2/snap1
2023-06-29 22:11:35,994 [KeyDeletingService#0] INFO  snapshot.SnapshotCache (SnapshotCache.java:lambda$1(166)) - Loading snapshot. Table key: /vol1/bucket2/snap1
2023-06-29 22:11:36,472 [KeyDeletingService#0] INFO  snapshot.SnapshotCache (SnapshotCache.java:lambda$1(166)) - Loading snapshot. Table key: /vol1/bucket2/snap1
2023-06-29 22:11:36,474 [KeyDeletingService#0] INFO  snapshot.SnapshotCache (SnapshotCache.java:lambda$1(166)) - Loading snapshot. Table key: /vol1/bucket2/snap1
2023-06-29 22:11:36,474 [KeyDeletingService#0] INFO  snapshot.SnapshotCache (SnapshotCache.java:lambda$1(166)) - Loading snapshot. Table key: /vol1/bucket2/snap1
2023-06-29 22:11:36,474 [KeyDeletingService#0] INFO  snapshot.SnapshotCache (SnapshotCache.java:lambda$1(166)) - Loading snapshot. Table key: /vol1/bucket2/snap1
2023-06-29 22:11:36,475 [KeyDeletingService#0] INFO  snapshot.SnapshotCache (SnapshotCache.java:lambda$1(166)) - Loading snapshot. Table key: /vol1/bucket2/snap1
2023-06-29 22:11:36,475 [KeyDeletingService#0] INFO  snapshot.SnapshotCache (SnapshotCache.java:lambda$1(166)) - Loading snapshot. Table key: /vol1/bucket2/snap1
2023-06-29 22:11:36,475 [KeyDeletingService#0] INFO  snapshot.SnapshotCache (SnapshotCache.java:lambda$1(166)) - Loading snapshot. Table key: /vol1/bucket2/snap1
2023-06-29 22:11:36,476 [KeyDeletingService#0] INFO  snapshot.SnapshotCache (SnapshotCache.java:lambda$1(166)) - Loading snapshot. Table key: /vol1/bucket2/snap1
2023-06-29 22:11:36,476 [KeyDeletingService#0] INFO  snapshot.SnapshotCache (SnapshotCache.java:lambda$1(166)) - Loading snapshot. Table key: /vol1/bucket2/snap1
2023-06-29 22:11:36,477 [KeyDeletingService#0] INFO  snapshot.SnapshotCache (SnapshotCache.java:lambda$1(166)) - Loading snapshot. Table key: /vol1/bucket2/snap1
2023-06-29 22:11:36,477 [KeyDeletingService#0] INFO  snapshot.SnapshotCache (SnapshotCache.java:lambda$1(166)) - Loading snapshot. Table key: /vol1/bucket2/snap1
2023-06-29 22:11:36,477 [KeyDeletingService#0] INFO  snapshot.SnapshotCache (SnapshotCache.java:lambda$1(166)) - Loading snapshot. Table key: /vol1/bucket2/snap1
2023-06-29 22:11:36,478 [KeyDeletingService#0] INFO  snapshot.SnapshotCache (SnapshotCache.java:lambda$1(166)) - Loading snapshot. Table key: /vol1/bucket2/snap1
2023-06-29 22:11:36,493 [KeyDeletingService#0] INFO  snapshot.SnapshotCache (SnapshotCache.java:lambda$1(166)) - Loading snapshot. Table key: /vol1/bucket2/snap1
2023-06-29 22:11:36,494 [KeyDeletingService#0] INFO  snapshot.SnapshotCache (SnapshotCache.java:lambda$1(166)) - Loading snapshot. Table key: /vol1/bucket2/snap1
2023-06-29 22:11:36,494 [KeyDeletingService#0] INFO  snapshot.SnapshotCache (SnapshotCache.java:lambda$1(166)) - Loading snapshot. Table key: /vol1/bucket2/snap1
2023-06-29 22:11:36,517 [main] INFO  ozone.TestSnapshotDeletingService (TestSnapshotDeletingService.java:assertTableRowCount(565)) - deletedTable actual row count=13, expectedCount=15
2023-06-29 22:11:36,972 [KeyDeletingService#0] INFO  snapshot.SnapshotCache (SnapshotCache.java:lambda$1(166)) - Loading snapshot. Table key: /vol1/bucket2/snap1
2023-06-29 22:11:36,973 [KeyDeletingService#0] INFO  snapshot.SnapshotCache (SnapshotCache.java:lambda$1(166)) - Loading snapshot. Table key: /vol1/bucket2/snap1
2023-06-29 22:11:36,973 [KeyDeletingService#0] INFO  snapshot.SnapshotCache (SnapshotCache.java:lambda$1(166)) - Loading snapshot. Table key: /vol1/bucket2/snap1
2023-06-29 22:11:36,974 [KeyDeletingService#0] INFO  snapshot.SnapshotCache (SnapshotCache.java:lambda$1(166)) - Loading snapshot. Table key: /vol1/bucket2/snap1
2023-06-29 22:11:36,974 [KeyDeletingService#0] INFO  snapshot.SnapshotCache (SnapshotCache.java:lambda$1(166)) - Loading snapshot. Table key: /vol1/bucket2/snap1
2023-06-29 22:11:36,974 [KeyDeletingService#0] INFO  snapshot.SnapshotCache (SnapshotCache.java:lambda$1(166)) - Loading snapshot. Table key: /vol1/bucket2/snap1
2023-06-29 22:11:36,974 [KeyDeletingService#0] INFO  snapshot.SnapshotCache (SnapshotCache.java:lambda$1(166)) - Loading snapshot. Table key: /vol1/bucket2/snap1
2023-06-29 22:11:36,975 [KeyDeletingService#0] INFO  snapshot.SnapshotCache (SnapshotCache.java:lambda$1(166)) - Loading snapshot. Table key: /vol1/bucket2/snap1
2023-06-29 22:11:36,975 [KeyDeletingService#0] INFO  snapshot.SnapshotCache (SnapshotCache.java:lambda$1(166)) - Loading snapshot. Table key: /vol1/bucket2/snap1
2023-06-29 22:11:36,975 [KeyDeletingService#0] INFO  snapshot.SnapshotCache (SnapshotCache.java:lambda$1(166)) - Loading snapshot. Table key: /vol1/bucket2/snap1
2023-06-29 22:11:36,976 [KeyDeletingService#0] INFO  snapshot.SnapshotCache (SnapshotCache.java:lambda$1(166)) - Loading snapshot. Table key: /vol1/bucket2/snap1
2023-06-29 22:11:36,976 [KeyDeletingService#0] INFO  snapshot.SnapshotCache (SnapshotCache.java:lambda$1(166)) - Loading snapshot. Table key: /vol1/bucket2/snap1
2023-06-29 22:11:36,976 [KeyDeletingService#0] INFO  snapshot.SnapshotCache (SnapshotCache.java:lambda$1(166)) - Loading snapshot. Table key: /vol1/bucket2/snap1
2023-06-29 22:11:36,993 [KeyDeletingService#0] INFO  snapshot.SnapshotCache (SnapshotCache.java:lambda$1(166)) - Loading snapshot. Table key: /vol1/bucket2/snap1
2023-06-29 22:11:36,994 [KeyDeletingService#0] INFO  snapshot.SnapshotCache (SnapshotCache.java:lambda$1(166)) - Loading snapshot. Table key: /vol1/bucket2/snap1
2023-06-29 22:11:36,994 [KeyDeletingService#0] INFO  snapshot.SnapshotCache (SnapshotCache.java:lambda$1(166)) - Loading snapshot. Table key: /vol1/bucket2/snap1
2023-06-29 22:11:37,472 [KeyDeletingService#0] INFO  snapshot.SnapshotCache (SnapshotCache.java:lambda$1(166)) - Loading snapshot. Table key: /vol1/bucket2/snap1
2023-06-29 22:11:37,473 [KeyDeletingService#0] INFO  snapshot.SnapshotCache (SnapshotCache.java:lambda$1(166)) - Loading snapshot. Table key: /vol1/bucket2/snap1
2023-06-29 22:11:37,473 [KeyDeletingService#0] INFO  snapshot.SnapshotCache (SnapshotCache.java:lambda$1(166)) - Loading snapshot. Table key: /vol1/bucket2/snap1
2023-06-29 22:11:37,474 [KeyDeletingService#0] INFO  snapshot.SnapshotCache (SnapshotCache.java:lambda$1(166)) - Loading snapshot. Table key: /vol1/bucket2/snap1
2023-06-29 22:11:37,475 [KeyDeletingService#0] INFO  snapshot.SnapshotCache (SnapshotCache.java:lambda$1(166)) - Loading snapshot. Table key: /vol1/bucket2/snap1
2023-06-29 22:11:37,476 [KeyDeletingService#0] INFO  snapshot.SnapshotCache (SnapshotCache.java:lambda$1(166)) - Loading snapshot. Table key: /vol1/bucket2/snap1
2023-06-29 22:11:37,476 [KeyDeletingService#0] INFO  snapshot.SnapshotCache (SnapshotCache.java:lambda$1(166)) - Loading snapshot. Table key: /vol1/bucket2/snap1
2023-06-29 22:11:37,476 [KeyDeletingService#0] INFO  snapshot.SnapshotCache (SnapshotCache.java:lambda$1(166)) - Loading snapshot. Table key: /vol1/bucket2/snap1
2023-06-29 22:11:37,477 [KeyDeletingService#0] INFO  snapshot.SnapshotCache (SnapshotCache.java:lambda$1(166)) - Loading snapshot. Table key: /vol1/bucket2/snap1
2023-06-29 22:11:37,477 [KeyDeletingService#0] INFO  snapshot.SnapshotCache (SnapshotCache.java:lambda$1(166)) - Loading snapshot. Table key: /vol1/bucket2/snap1
2023-06-29 22:11:37,477 [KeyDeletingService#0] INFO  snapshot.SnapshotCache (SnapshotCache.java:lambda$1(166)) - Loading snapshot. Table key: /vol1/bucket2/snap1
2023-06-29 22:11:37,477 [KeyDeletingService#0] INFO  snapshot.SnapshotCache (SnapshotCache.java:lambda$1(166)) - Loading snapshot. Table key: /vol1/bucket2/snap1
2023-06-29 22:11:37,478 [KeyDeletingService#0] INFO  snapshot.SnapshotCache (SnapshotCache.java:lambda$1(166)) - Loading snapshot. Table key: /vol1/bucket2/snap1
2023-06-29 22:11:37,493 [KeyDeletingService#0] INFO  snapshot.SnapshotCache (SnapshotCache.java:lambda$1(166)) - Loading snapshot. Table key: /vol1/bucket2/snap1
2023-06-29 22:11:37,494 [KeyDeletingService#0] INFO  snapshot.SnapshotCache (SnapshotCache.java:lambda$1(166)) - Loading snapshot. Table key: /vol1/bucket2/snap1
2023-06-29 22:11:37,494 [KeyDeletingService#0] INFO  snapshot.SnapshotCache (SnapshotCache.java:lambda$1(166)) - Loading snapshot. Table key: /vol1/bucket2/snap1
2023-06-29 22:11:37,519 [main] INFO  ozone.TestSnapshotDeletingService (TestSnapshotDeletingService.java:assertTableRowCount(565)) - deletedTable actual row count=13, expectedCount=15
2023-06-29 22:11:37,973 [KeyDeletingService#0] INFO  snapshot.SnapshotCache (SnapshotCache.java:lambda$1(166)) - Loading snapshot. Table key: /vol1/bucket2/snap1
2023-06-29 22:11:37,973 [KeyDeletingService#0] INFO  snapshot.SnapshotCache (SnapshotCache.java:lambda$1(166)) - Loading snapshot. Table key: /vol1/bucket2/snap1
2023-06-29 22:11:37,973 [KeyDeletingService#0] INFO  snapshot.SnapshotCache (SnapshotCache.java:lambda$1(166)) - Loading snapshot. Table key: /vol1/bucket2/snap1
2023-06-29 22:11:37,974 [KeyDeletingService#0] INFO  snapshot.SnapshotCache (SnapshotCache.java:lambda$1(166)) - Loading snapshot. Table key: /vol1/bucket2/snap1
2023-06-29 22:11:37,974 [KeyDeletingService#0] INFO  snapshot.SnapshotCache (SnapshotCache.java:lambda$1(166)) - Loading snapshot. Table key: /vol1/bucket2/snap1
2023-06-29 22:11:37,974 [KeyDeletingService#0] INFO  snapshot.SnapshotCache (SnapshotCache.java:lambda$1(166)) - Loading snapshot. Table key: /vol1/bucket2/snap1
2023-06-29 22:11:37,975 [KeyDeletingService#0] INFO  snapshot.SnapshotCache (SnapshotCache.java:lambda$1(166)) - Loading snapshot. Table key: /vol1/bucket2/snap1
2023-06-29 22:11:37,975 [KeyDeletingService#0] INFO  snapshot.SnapshotCache (SnapshotCache.java:lambda$1(166)) - Loading snapshot. Table key: /vol1/bucket2/snap1
2023-06-29 22:11:37,975 [KeyDeletingService#0] INFO  snapshot.SnapshotCache (SnapshotCache.java:lambda$1(166)) - Loading snapshot. Table key: /vol1/bucket2/snap1
2023-06-29 22:11:37,976 [KeyDeletingService#0] INFO  snapshot.SnapshotCache (SnapshotCache.java:lambda$1(166)) - Loading snapshot. Table key: /vol1/bucket2/snap1
2023-06-29 22:11:37,976 [KeyDeletingService#0] INFO  snapshot.SnapshotCache (SnapshotCache.java:lambda$1(166)) - Loading snapshot. Table key: /vol1/bucket2/snap1
2023-06-29 22:11:37,976 [KeyDeletingService#0] INFO  snapshot.SnapshotCache (SnapshotCache.java:lambda$1(166)) - Loading snapshot. Table key: /vol1/bucket2/snap1
2023-06-29 22:11:37,976 [KeyDeletingService#0] INFO  snapshot.SnapshotCache (SnapshotCache.java:lambda$1(166)) - Loading snapshot. Table key: /vol1/bucket2/snap1
2023-06-29 22:11:37,993 [KeyDeletingService#0] INFO  snapshot.SnapshotCache (SnapshotCache.java:lambda$1(166)) - Loading snapshot. Table key: /vol1/bucket2/snap1
2023-06-29 22:11:37,994 [KeyDeletingService#0] INFO  snapshot.SnapshotCache (SnapshotCache.java:lambda$1(166)) - Loading snapshot. Table key: /vol1/bucket2/snap1
2023-06-29 22:11:37,994 [KeyDeletingService#0] INFO  snapshot.SnapshotCache (SnapshotCache.java:lambda$1(166)) - Loading snapshot. Table key: /vol1/bucket2/snap1
2023-06-29 22:11:38,473 [KeyDeletingService#0] INFO  snapshot.SnapshotCache (SnapshotCache.java:lambda$1(166)) - Loading snapshot. Table key: /vol1/bucket2/snap1
2023-06-29 22:11:38,473 [KeyDeletingService#0] INFO  snapshot.SnapshotCache (SnapshotCache.java:lambda$1(166)) - Loading snapshot. Table key: /vol1/bucket2/snap1
2023-06-29 22:11:38,474 [KeyDeletingService#0] INFO  snapshot.SnapshotCache (SnapshotCache.java:lambda$1(166)) - Loading snapshot. Table key: /vol1/bucket2/snap1
2023-06-29 22:11:38,474 [KeyDeletingService#0] INFO  snapshot.SnapshotCache (SnapshotCache.java:lambda$1(166)) - Loading snapshot. Table key: /vol1/bucket2/snap1
2023-06-29 22:11:38,474 [KeyDeletingService#0] INFO  snapshot.SnapshotCache (SnapshotCache.java:lambda$1(166)) - Loading snapshot. Table key: /vol1/bucket2/snap1
2023-06-29 22:11:38,475 [KeyDeletingService#0] INFO  snapshot.SnapshotCache (SnapshotCache.java:lambda$1(166)) - Loading snapshot. Table key: /vol1/bucket2/snap1
2023-06-29 22:11:38,475 [KeyDeletingService#0] INFO  snapshot.SnapshotCache (SnapshotCache.java:lambda$1(166)) - Loading snapshot. Table key: /vol1/bucket2/snap1
2023-06-29 22:11:38,475 [KeyDeletingService#0] INFO  snapshot.SnapshotCache (SnapshotCache.java:lambda$1(166)) - Loading snapshot. Table key: /vol1/bucket2/snap1
2023-06-29 22:11:38,475 [KeyDeletingService#0] INFO  snapshot.SnapshotCache (SnapshotCache.java:lambda$1(166)) - Loading snapshot. Table key: /vol1/bucket2/snap1
2023-06-29 22:11:38,476 [KeyDeletingService#0] INFO  snapshot.SnapshotCache (SnapshotCache.java:lambda$1(166)) - Loading snapshot. Table key: /vol1/bucket2/snap1
2023-06-29 22:11:38,476 [KeyDeletingService#0] INFO  snapshot.SnapshotCache (SnapshotCache.java:lambda$1(166)) - Loading snapshot. Table key: /vol1/bucket2/snap1
2023-06-29 22:11:38,476 [KeyDeletingService#0] INFO  snapshot.SnapshotCache (SnapshotCache.java:lambda$1(166)) - Loading snapshot. Table key: /vol1/bucket2/snap1
2023-06-29 22:11:38,477 [KeyDeletingService#0] INFO  snapshot.SnapshotCache (SnapshotCache.java:lambda$1(166)) - Loading snapshot. Table key: /vol1/bucket2/snap1
2023-06-29 22:11:38,494 [KeyDeletingService#0] INFO  snapshot.SnapshotCache (SnapshotCache.java:lambda$1(166)) - Loading snapshot. Table key: /vol1/bucket2/snap1
2023-06-29 22:11:38,494 [KeyDeletingService#0] INFO  snapshot.SnapshotCache (SnapshotCache.java:lambda$1(166)) - Loading snapshot. Table key: /vol1/bucket2/snap1
2023-06-29 22:11:38,494 [KeyDeletingService#0] INFO  snapshot.SnapshotCache (SnapshotCache.java:lambda$1(166)) - Loading snapshot. Table key: /vol1/bucket2/snap1
2023-06-29 22:11:38,520 [main] INFO  ozone.TestSnapshotDeletingService (TestSnapshotDeletingService.java:assertTableRowCount(565)) - deletedTable actual row count=13, expectedCount=15
2023-06-29 22:11:38,973 [KeyDeletingService#0] INFO  snapshot.SnapshotCache (SnapshotCache.java:lambda$1(166)) - Loading snapshot. Table key: /vol1/bucket2/snap1
2023-06-29 22:11:38,975 [KeyDeletingService#0] INFO  snapshot.SnapshotCache (SnapshotCache.java:lambda$1(166)) - Loading snapshot. Table key: /vol1/bucket2/snap1
2023-06-29 22:11:38,975 [KeyDeletingService#0] INFO  snapshot.SnapshotCache (SnapshotCache.java:lambda$1(166)) - Loading snapshot. Table key: /vol1/bucket2/snap1
2023-06-29 22:11:38,975 [KeyDeletingService#0] INFO  snapshot.SnapshotCache (SnapshotCache.java:lambda$1(166)) - Loading snapshot. Table key: /vol1/bucket2/snap1
2023-06-29 22:11:38,976 [KeyDeletingService#0] INFO  snapshot.SnapshotCache (SnapshotCache.java:lambda$1(166)) - Loading snapshot. Table key: /vol1/bucket2/snap1
2023-06-29 22:11:38,976 [KeyDeletingService#0] INFO  snapshot.SnapshotCache (SnapshotCache.java:lambda$1(166)) - Loading snapshot. Table key: /vol1/bucket2/snap1
2023-06-29 22:11:38,977 [KeyDeletingService#0] INFO  snapshot.SnapshotCache (SnapshotCache.java:lambda$1(166)) - Loading snapshot. Table key: /vol1/bucket2/snap1
2023-06-29 22:11:38,977 [KeyDeletingService#0] INFO  snapshot.SnapshotCache (SnapshotCache.java:lambda$1(166)) - Loading snapshot. Table key: /vol1/bucket2/snap1
2023-06-29 22:11:38,977 [KeyDeletingService#0] INFO  snapshot.SnapshotCache (SnapshotCache.java:lambda$1(166)) - Loading snapshot. Table key: /vol1/bucket2/snap1
2023-06-29 22:11:38,978 [KeyDeletingService#0] INFO  snapshot.SnapshotCache (SnapshotCache.java:lambda$1(166)) - Loading snapshot. Table key: /vol1/bucket2/snap1
2023-06-29 22:11:38,978 [KeyDeletingService#0] INFO  snapshot.SnapshotCache (SnapshotCache.java:lambda$1(166)) - Loading snapshot. Table key: /vol1/bucket2/snap1
2023-06-29 22:11:38,978 [KeyDeletingService#0] INFO  snapshot.SnapshotCache (SnapshotCache.java:lambda$1(166)) - Loading snapshot. Table key: /vol1/bucket2/snap1
2023-06-29 22:11:38,979 [KeyDeletingService#0] INFO  snapshot.SnapshotCache (SnapshotCache.java:lambda$1(166)) - Loading snapshot. Table key: /vol1/bucket2/snap1
2023-06-29 22:11:38,994 [KeyDeletingService#0] INFO  snapshot.SnapshotCache (SnapshotCache.java:lambda$1(166)) - Loading snapshot. Table key: /vol1/bucket2/snap1
2023-06-29 22:11:38,994 [KeyDeletingService#0] INFO  snapshot.SnapshotCache (SnapshotCache.java:lambda$1(166)) - Loading snapshot. Table key: /vol1/bucket2/snap1
2023-06-29 22:11:38,994 [KeyDeletingService#0] INFO  snapshot.SnapshotCache (SnapshotCache.java:lambda$1(166)) - Loading snapshot. Table key: /vol1/bucket2/snap1
2023-06-29 22:11:39,473 [KeyDeletingService#0] INFO  snapshot.SnapshotCache (SnapshotCache.java:lambda$1(166)) - Loading snapshot. Table key: /vol1/bucket2/snap1
2023-06-29 22:11:39,473 [KeyDeletingService#0] INFO  snapshot.SnapshotCache (SnapshotCache.java:lambda$1(166)) - Loading snapshot. Table key: /vol1/bucket2/snap1
2023-06-29 22:11:39,474 [KeyDeletingService#0] INFO  snapshot.SnapshotCache (SnapshotCache.java:lambda$1(166)) - Loading snapshot. Table key: /vol1/bucket2/snap1
2023-06-29 22:11:39,474 [KeyDeletingService#0] INFO  snapshot.SnapshotCache (SnapshotCache.java:lambda$1(166)) - Loading snapshot. Table key: /vol1/bucket2/snap1
2023-06-29 22:11:39,474 [KeyDeletingService#0] INFO  snapshot.SnapshotCache (SnapshotCache.java:lambda$1(166)) - Loading snapshot. Table key: /vol1/bucket2/snap1
2023-06-29 22:11:39,475 [KeyDeletingService#0] INFO  snapshot.SnapshotCache (SnapshotCache.java:lambda$1(166)) - Loading snapshot. Table key: /vol1/bucket2/snap1
2023-06-29 22:11:39,475 [KeyDeletingService#0] INFO  snapshot.SnapshotCache (SnapshotCache.java:lambda$1(166)) - Loading snapshot. Table key: /vol1/bucket2/snap1
2023-06-29 22:11:39,475 [KeyDeletingService#0] INFO  snapshot.SnapshotCache (SnapshotCache.java:lambda$1(166)) - Loading snapshot. Table key: /vol1/bucket2/snap1
2023-06-29 22:11:39,476 [KeyDeletingService#0] INFO  snapshot.SnapshotCache (SnapshotCache.java:lambda$1(166)) - Loading snapshot. Table key: /vol1/bucket2/snap1
2023-06-29 22:11:39,476 [KeyDeletingService#0] INFO  snapshot.SnapshotCache (SnapshotCache.java:lambda$1(166)) - Loading snapshot. Table key: /vol1/bucket2/snap1
2023-06-29 22:11:39,476 [KeyDeletingService#0] INFO  snapshot.SnapshotCache (SnapshotCache.java:lambda$1(166)) - Loading snapshot. Table key: /vol1/bucket2/snap1
2023-06-29 22:11:39,477 [KeyDeletingService#0] INFO  snapshot.SnapshotCache (SnapshotCache.java:lambda$1(166)) - Loading snapshot. Table key: /vol1/bucket2/snap1
2023-06-29 22:11:39,477 [KeyDeletingService#0] INFO  snapshot.SnapshotCache (SnapshotCache.java:lambda$1(166)) - Loading snapshot. Table key: /vol1/bucket2/snap1
2023-06-29 22:11:39,494 [KeyDeletingService#0] INFO  snapshot.SnapshotCache (SnapshotCache.java:lambda$1(166)) - Loading snapshot. Table key: /vol1/bucket2/snap1
2023-06-29 22:11:39,494 [KeyDeletingService#0] INFO  snapshot.SnapshotCache (SnapshotCache.java:lambda$1(166)) - Loading snapshot. Table key: /vol1/bucket2/snap1
2023-06-29 22:11:39,494 [KeyDeletingService#0] INFO  snapshot.SnapshotCache (SnapshotCache.java:lambda$1(166)) - Loading snapshot. Table key: /vol1/bucket2/snap1
2023-06-29 22:11:39,521 [main] INFO  ozone.TestSnapshotDeletingService (TestSnapshotDeletingService.java:assertTableRowCount(565)) - deletedTable actual row count=13, expectedCount=15
2023-06-29 22:11:39,973 [KeyDeletingService#0] INFO  snapshot.SnapshotCache (SnapshotCache.java:lambda$1(166)) - Loading snapshot. Table key: /vol1/bucket2/snap1
2023-06-29 22:11:39,973 [KeyDeletingService#0] INFO  snapshot.SnapshotCache (SnapshotCache.java:lambda$1(166)) - Loading snapshot. Table key: /vol1/bucket2/snap1
2023-06-29 22:11:39,974 [KeyDeletingService#0] INFO  snapshot.SnapshotCache (SnapshotCache.java:lambda$1(166)) - Loading snapshot. Table key: /vol1/bucket2/snap1
2023-06-29 22:11:39,974 [KeyDeletingService#0] INFO  snapshot.SnapshotCache (SnapshotCache.java:lambda$1(166)) - Loading snapshot. Table key: /vol1/bucket2/snap1
2023-06-29 22:11:39,974 [KeyDeletingService#0] INFO  snapshot.SnapshotCache (SnapshotCache.java:lambda$1(166)) - Loading snapshot. Table key: /vol1/bucket2/snap1
2023-06-29 22:11:39,975 [KeyDeletingService#0] INFO  snapshot.SnapshotCache (SnapshotCache.java:lambda$1(166)) - Loading snapshot. Table key: /vol1/bucket2/snap1
2023-06-29 22:11:39,975 [KeyDeletingService#0] INFO  snapshot.SnapshotCache (SnapshotCache.java:lambda$1(166)) - Loading snapshot. Table key: /vol1/bucket2/snap1
2023-06-29 22:11:39,975 [KeyDeletingService#0] INFO  snapshot.SnapshotCache (SnapshotCache.java:lambda$1(166)) - Loading snapshot. Table key: /vol1/bucket2/snap1
2023-06-29 22:11:39,976 [KeyDeletingService#0] INFO  snapshot.SnapshotCache (SnapshotCache.java:lambda$1(166)) - Loading snapshot. Table key: /vol1/bucket2/snap1
2023-06-29 22:11:39,976 [KeyDeletingService#0] INFO  snapshot.SnapshotCache (SnapshotCache.java:lambda$1(166)) - Loading snapshot. Table key: /vol1/bucket2/snap1
2023-06-29 22:11:39,977 [KeyDeletingService#0] INFO  snapshot.SnapshotCache (SnapshotCache.java:lambda$1(166)) - Loading snapshot. Table key: /vol1/bucket2/snap1
2023-06-29 22:11:39,977 [KeyDeletingService#0] INFO  snapshot.SnapshotCache (SnapshotCache.java:lambda$1(166)) - Loading snapshot. Table key: /vol1/bucket2/snap1
2023-06-29 22:11:39,978 [KeyDeletingService#0] INFO  snapshot.SnapshotCache (SnapshotCache.java:lambda$1(166)) - Loading snapshot. Table key: /vol1/bucket2/snap1
2023-06-29 22:11:39,994 [KeyDeletingService#0] INFO  snapshot.SnapshotCache (SnapshotCache.java:lambda$1(166)) - Loading snapshot. Table key: /vol1/bucket2/snap1
2023-06-29 22:11:39,994 [KeyDeletingService#0] INFO  snapshot.SnapshotCache (SnapshotCache.java:lambda$1(166)) - Loading snapshot. Table key: /vol1/bucket2/snap1
2023-06-29 22:11:39,995 [KeyDeletingService#0] INFO  snapshot.SnapshotCache (SnapshotCache.java:lambda$1(166)) - Loading snapshot. Table key: /vol1/bucket2/snap1
2023-06-29 22:11:40,473 [KeyDeletingService#0] INFO  snapshot.SnapshotCache (SnapshotCache.java:lambda$1(166)) - Loading snapshot. Table key: /vol1/bucket2/snap1
2023-06-29 22:11:40,474 [KeyDeletingService#0] INFO  snapshot.SnapshotCache (SnapshotCache.java:lambda$1(166)) - Loading snapshot. Table key: /vol1/bucket2/snap1
2023-06-29 22:11:40,474 [KeyDeletingService#0] INFO  snapshot.SnapshotCache (SnapshotCache.java:lambda$1(166)) - Loading snapshot. Table key: /vol1/bucket2/snap1
2023-06-29 22:11:40,474 [KeyDeletingService#0] INFO  snapshot.SnapshotCache (SnapshotCache.java:lambda$1(166)) - Loading snapshot. Table key: /vol1/bucket2/snap1
2023-06-29 22:11:40,475 [KeyDeletingService#0] INFO  snapshot.SnapshotCache (SnapshotCache.java:lambda$1(166)) - Loading snapshot. Table key: /vol1/bucket2/snap1
2023-06-29 22:11:40,475 [KeyDeletingService#0] INFO  snapshot.SnapshotCache (SnapshotCache.java:lambda$1(166)) - Loading snapshot. Table key: /vol1/bucket2/snap1
2023-06-29 22:11:40,475 [KeyDeletingService#0] INFO  snapshot.SnapshotCache (SnapshotCache.java:lambda$1(166)) - Loading snapshot. Table key: /vol1/bucket2/snap1
2023-06-29 22:11:40,476 [KeyDeletingService#0] INFO  snapshot.SnapshotCache (SnapshotCache.java:lambda$1(166)) - Loading snapshot. Table key: /vol1/bucket2/snap1
2023-06-29 22:11:40,476 [KeyDeletingService#0] INFO  snapshot.SnapshotCache (SnapshotCache.java:lambda$1(166)) - Loading snapshot. Table key: /vol1/bucket2/snap1
2023-06-29 22:11:40,476 [KeyDeletingService#0] INFO  snapshot.SnapshotCache (SnapshotCache.java:lambda$1(166)) - Loading snapshot. Table key: /vol1/bucket2/snap1
2023-06-29 22:11:40,477 [KeyDeletingService#0] INFO  snapshot.SnapshotCache (SnapshotCache.java:lambda$1(166)) - Loading snapshot. Table key: /vol1/bucket2/snap1
2023-06-29 22:11:40,477 [KeyDeletingService#0] INFO  snapshot.SnapshotCache (SnapshotCache.java:lambda$1(166)) - Loading snapshot. Table key: /vol1/bucket2/snap1
2023-06-29 22:11:40,477 [KeyDeletingService#0] INFO  snapshot.SnapshotCache (SnapshotCache.java:lambda$1(166)) - Loading snapshot. Table key: /vol1/bucket2/snap1
2023-06-29 22:11:40,494 [KeyDeletingService#0] INFO  snapshot.SnapshotCache (SnapshotCache.java:lambda$1(166)) - Loading snapshot. Table key: /vol1/bucket2/snap1
2023-06-29 22:11:40,494 [KeyDeletingService#0] INFO  snapshot.SnapshotCache (SnapshotCache.java:lambda$1(166)) - Loading snapshot. Table key: /vol1/bucket2/snap1
2023-06-29 22:11:40,495 [KeyDeletingService#0] INFO  snapshot.SnapshotCache (SnapshotCache.java:lambda$1(166)) - Loading snapshot. Table key: /vol1/bucket2/snap1
2023-06-29 22:11:40,522 [main] INFO  ozone.TestSnapshotDeletingService (TestSnapshotDeletingService.java:assertTableRowCount(565)) - deletedTable actual row count=13, expectedCount=15
2023-06-29 22:11:40,973 [KeyDeletingService#0] INFO  snapshot.SnapshotCache (SnapshotCache.java:lambda$1(166)) - Loading snapshot. Table key: /vol1/bucket2/snap1
2023-06-29 22:11:40,974 [KeyDeletingService#0] INFO  snapshot.SnapshotCache (SnapshotCache.java:lambda$1(166)) - Loading snapshot. Table key: /vol1/bucket2/snap1
2023-06-29 22:11:40,974 [KeyDeletingService#0] INFO  snapshot.SnapshotCache (SnapshotCache.java:lambda$1(166)) - Loading snapshot. Table key: /vol1/bucket2/snap1
2023-06-29 22:11:40,974 [KeyDeletingService#0] INFO  snapshot.SnapshotCache (SnapshotCache.java:lambda$1(166)) - Loading snapshot. Table key: /vol1/bucket2/snap1
2023-06-29 22:11:40,974 [KeyDeletingService#0] INFO  snapshot.SnapshotCache (SnapshotCache.java:lambda$1(166)) - Loading snapshot. Table key: /vol1/bucket2/snap1
2023-06-29 22:11:40,975 [KeyDeletingService#0] INFO  snapshot.SnapshotCache (SnapshotCache.java:lambda$1(166)) - Loading snapshot. Table key: /vol1/bucket2/snap1
2023-06-29 22:11:40,975 [KeyDeletingService#0] INFO  snapshot.SnapshotCache (SnapshotCache.java:lambda$1(166)) - Loading snapshot. Table key: /vol1/bucket2/snap1
2023-06-29 22:11:40,975 [KeyDeletingService#0] INFO  snapshot.SnapshotCache (SnapshotCache.java:lambda$1(166)) - Loading snapshot. Table key: /vol1/bucket2/snap1
2023-06-29 22:11:40,976 [KeyDeletingService#0] INFO  snapshot.SnapshotCache (SnapshotCache.java:lambda$1(166)) - Loading snapshot. Table key: /vol1/bucket2/snap1
2023-06-29 22:11:40,976 [KeyDeletingService#0] INFO  snapshot.SnapshotCache (SnapshotCache.java:lambda$1(166)) - Loading snapshot. Table key: /vol1/bucket2/snap1
2023-06-29 22:11:40,976 [KeyDeletingService#0] INFO  snapshot.SnapshotCache (SnapshotCache.java:lambda$1(166)) - Loading snapshot. Table key: /vol1/bucket2/snap1
2023-06-29 22:11:40,977 [KeyDeletingService#0] INFO  snapshot.SnapshotCache (SnapshotCache.java:lambda$1(166)) - Loading snapshot. Table key: /vol1/bucket2/snap1
2023-06-29 22:11:40,977 [KeyDeletingService#0] INFO  snapshot.SnapshotCache (SnapshotCache.java:lambda$1(166)) - Loading snapshot. Table key: /vol1/bucket2/snap1
2023-06-29 22:11:40,994 [KeyDeletingService#0] INFO  snapshot.SnapshotCache (SnapshotCache.java:lambda$1(166)) - Loading snapshot. Table key: /vol1/bucket2/snap1
2023-06-29 22:11:40,994 [KeyDeletingService#0] INFO  snapshot.SnapshotCache (SnapshotCache.java:lambda$1(166)) - Loading snapshot. Table key: /vol1/bucket2/snap1
2023-06-29 22:11:40,995 [KeyDeletingService#0] INFO  snapshot.SnapshotCache (SnapshotCache.java:lambda$1(166)) - Loading snapshot. Table key: /vol1/bucket2/snap1
2023-06-29 22:11:41,473 [KeyDeletingService#0] INFO  snapshot.SnapshotCache (SnapshotCache.java:lambda$1(166)) - Loading snapshot. Table key: /vol1/bucket2/snap1
2023-06-29 22:11:41,474 [KeyDeletingService#0] INFO  snapshot.SnapshotCache (SnapshotCache.java:lambda$1(166)) - Loading snapshot. Table key: /vol1/bucket2/snap1
2023-06-29 22:11:41,474 [KeyDeletingService#0] INFO  snapshot.SnapshotCache (SnapshotCache.java:lambda$1(166)) - Loading snapshot. Table key: /vol1/bucket2/snap1
2023-06-29 22:11:41,474 [KeyDeletingService#0] INFO  snapshot.SnapshotCache (SnapshotCache.java:lambda$1(166)) - Loading snapshot. Table key: /vol1/bucket2/snap1
2023-06-29 22:11:41,475 [KeyDeletingService#0] INFO  snapshot.SnapshotCache (SnapshotCache.java:lambda$1(166)) - Loading snapshot. Table key: /vol1/bucket2/snap1
2023-06-29 22:11:41,475 [KeyDeletingService#0] INFO  snapshot.SnapshotCache (SnapshotCache.java:lambda$1(166)) - Loading snapshot. Table key: /vol1/bucket2/snap1
2023-06-29 22:11:41,475 [KeyDeletingService#0] INFO  snapshot.SnapshotCache (SnapshotCache.java:lambda$1(166)) - Loading snapshot. Table key: /vol1/bucket2/snap1
2023-06-29 22:11:41,475 [KeyDeletingService#0] INFO  snapshot.SnapshotCache (SnapshotCache.java:lambda$1(166)) - Loading snapshot. Table key: /vol1/bucket2/snap1
2023-06-29 22:11:41,476 [KeyDeletingService#0] INFO  snapshot.SnapshotCache (SnapshotCache.java:lambda$1(166)) - Loading snapshot. Table key: /vol1/bucket2/snap1
2023-06-29 22:11:41,476 [KeyDeletingService#0] INFO  snapshot.SnapshotCache (SnapshotCache.java:lambda$1(166)) - Loading snapshot. Table key: /vol1/bucket2/snap1
2023-06-29 22:11:41,476 [KeyDeletingService#0] INFO  snapshot.SnapshotCache (SnapshotCache.java:lambda$1(166)) - Loading snapshot. Table key: /vol1/bucket2/snap1
2023-06-29 22:11:41,477 [KeyDeletingService#0] INFO  snapshot.SnapshotCache (SnapshotCache.java:lambda$1(166)) - Loading snapshot. Table key: /vol1/bucket2/snap1
2023-06-29 22:11:41,477 [KeyDeletingService#0] INFO  snapshot.SnapshotCache (SnapshotCache.java:lambda$1(166)) - Loading snapshot. Table key: /vol1/bucket2/snap1
2023-06-29 22:11:41,494 [KeyDeletingService#0] INFO  snapshot.SnapshotCache (SnapshotCache.java:lambda$1(166)) - Loading snapshot. Table key: /vol1/bucket2/snap1
2023-06-29 22:11:41,495 [KeyDeletingService#0] INFO  snapshot.SnapshotCache (SnapshotCache.java:lambda$1(166)) - Loading snapshot. Table key: /vol1/bucket2/snap1
2023-06-29 22:11:41,495 [KeyDeletingService#0] INFO  snapshot.SnapshotCache (SnapshotCache.java:lambda$1(166)) - Loading snapshot. Table key: /vol1/bucket2/snap1
2023-06-29 22:11:41,523 [main] INFO  ozone.TestSnapshotDeletingService (TestSnapshotDeletingService.java:assertTableRowCount(565)) - deletedTable actual row count=13, expectedCount=15
2023-06-29 22:11:41,973 [KeyDeletingService#0] INFO  snapshot.SnapshotCache (SnapshotCache.java:lambda$1(166)) - Loading snapshot. Table key: /vol1/bucket2/snap1
2023-06-29 22:11:41,974 [KeyDeletingService#0] INFO  snapshot.SnapshotCache (SnapshotCache.java:lambda$1(166)) - Loading snapshot. Table key: /vol1/bucket2/snap1
2023-06-29 22:11:41,974 [KeyDeletingService#0] INFO  snapshot.SnapshotCache (SnapshotCache.java:lambda$1(166)) - Loading snapshot. Table key: /vol1/bucket2/snap1
2023-06-29 22:11:41,974 [KeyDeletingService#0] INFO  snapshot.SnapshotCache (SnapshotCache.java:lambda$1(166)) - Loading snapshot. Table key: /vol1/bucket2/snap1
2023-06-29 22:11:41,975 [KeyDeletingService#0] INFO  snapshot.SnapshotCache (SnapshotCache.java:lambda$1(166)) - Loading snapshot. Table key: /vol1/bucket2/snap1
2023-06-29 22:11:41,975 [KeyDeletingService#0] INFO  snapshot.SnapshotCache (SnapshotCache.java:lambda$1(166)) - Loading snapshot. Table key: /vol1/bucket2/snap1
2023-06-29 22:11:41,975 [KeyDeletingService#0] INFO  snapshot.SnapshotCache (SnapshotCache.java:lambda$1(166)) - Loading snapshot. Table key: /vol1/bucket2/snap1
2023-06-29 22:11:41,976 [KeyDeletingService#0] INFO  snapshot.SnapshotCache (SnapshotCache.java:lambda$1(166)) - Loading snapshot. Table key: /vol1/bucket2/snap1
2023-06-29 22:11:41,976 [KeyDeletingService#0] INFO  snapshot.SnapshotCache (SnapshotCache.java:lambda$1(166)) - Loading snapshot. Table key: /vol1/bucket2/snap1
2023-06-29 22:11:41,976 [KeyDeletingService#0] INFO  snapshot.SnapshotCache (SnapshotCache.java:lambda$1(166)) - Loading snapshot. Table key: /vol1/bucket2/snap1
2023-06-29 22:11:41,977 [KeyDeletingService#0] INFO  snapshot.SnapshotCache (SnapshotCache.java:lambda$1(166)) - Loading snapshot. Table key: /vol1/bucket2/snap1
2023-06-29 22:11:41,977 [KeyDeletingService#0] INFO  snapshot.SnapshotCache (SnapshotCache.java:lambda$1(166)) - Loading snapshot. Table key: /vol1/bucket2/snap1
2023-06-29 22:11:41,977 [KeyDeletingService#0] INFO  snapshot.SnapshotCache (SnapshotCache.java:lambda$1(166)) - Loading snapshot. Table key: /vol1/bucket2/snap1
2023-06-29 22:11:41,995 [KeyDeletingService#0] INFO  snapshot.SnapshotCache (SnapshotCache.java:lambda$1(166)) - Loading snapshot. Table key: /vol1/bucket2/snap1
2023-06-29 22:11:41,995 [KeyDeletingService#0] INFO  snapshot.SnapshotCache (SnapshotCache.java:lambda$1(166)) - Loading snapshot. Table key: /vol1/bucket2/snap1
2023-06-29 22:11:41,995 [KeyDeletingService#0] INFO  snapshot.SnapshotCache (SnapshotCache.java:lambda$1(166)) - Loading snapshot. Table key: /vol1/bucket2/snap1
2023-06-29 22:11:42,473 [KeyDeletingService#0] INFO  snapshot.SnapshotCache (SnapshotCache.java:lambda$1(166)) - Loading snapshot. Table key: /vol1/bucket2/snap1
2023-06-29 22:11:42,474 [KeyDeletingService#0] INFO  snapshot.SnapshotCache (SnapshotCache.java:lambda$1(166)) - Loading snapshot. Table key: /vol1/bucket2/snap1
2023-06-29 22:11:42,474 [KeyDeletingService#0] INFO  snapshot.SnapshotCache (SnapshotCache.java:lambda$1(166)) - Loading snapshot. Table key: /vol1/bucket2/snap1
2023-06-29 22:11:42,474 [KeyDeletingService#0] INFO  snapshot.SnapshotCache (SnapshotCache.java:lambda$1(166)) - Loading snapshot. Table key: /vol1/bucket2/snap1
2023-06-29 22:11:42,475 [KeyDeletingService#0] INFO  snapshot.SnapshotCache (SnapshotCache.java:lambda$1(166)) - Loading snapshot. Table key: /vol1/bucket2/snap1
2023-06-29 22:11:42,475 [KeyDeletingService#0] INFO  snapshot.SnapshotCache (SnapshotCache.java:lambda$1(166)) - Loading snapshot. Table key: /vol1/bucket2/snap1
2023-06-29 22:11:42,475 [KeyDeletingService#0] INFO  snapshot.SnapshotCache (SnapshotCache.java:lambda$1(166)) - Loading snapshot. Table key: /vol1/bucket2/snap1
2023-06-29 22:11:42,476 [KeyDeletingService#0] INFO  snapshot.SnapshotCache (SnapshotCache.java:lambda$1(166)) - Loading snapshot. Table key: /vol1/bucket2/snap1
2023-06-29 22:11:42,476 [KeyDeletingService#0] INFO  snapshot.SnapshotCache (SnapshotCache.java:lambda$1(166)) - Loading snapshot. Table key: /vol1/bucket2/snap1
2023-06-29 22:11:42,476 [KeyDeletingService#0] INFO  snapshot.SnapshotCache (SnapshotCache.java:lambda$1(166)) - Loading snapshot. Table key: /vol1/bucket2/snap1
2023-06-29 22:11:42,477 [KeyDeletingService#0] INFO  snapshot.SnapshotCache (SnapshotCache.java:lambda$1(166)) - Loading snapshot. Table key: /vol1/bucket2/snap1
2023-06-29 22:11:42,477 [KeyDeletingService#0] INFO  snapshot.SnapshotCache (SnapshotCache.java:lambda$1(166)) - Loading snapshot. Table key: /vol1/bucket2/snap1
2023-06-29 22:11:42,477 [KeyDeletingService#0] INFO  snapshot.SnapshotCache (SnapshotCache.java:lambda$1(166)) - Loading snapshot. Table key: /vol1/bucket2/snap1
2023-06-29 22:11:42,495 [KeyDeletingService#0] INFO  snapshot.SnapshotCache (SnapshotCache.java:lambda$1(166)) - Loading snapshot. Table key: /vol1/bucket2/snap1
2023-06-29 22:11:42,495 [KeyDeletingService#0] INFO  snapshot.SnapshotCache (SnapshotCache.java:lambda$1(166)) - Loading snapshot. Table key: /vol1/bucket2/snap1
2023-06-29 22:11:42,495 [KeyDeletingService#0] INFO  snapshot.SnapshotCache (SnapshotCache.java:lambda$1(166)) - Loading snapshot. Table key: /vol1/bucket2/snap1
2023-06-29 22:11:42,524 [main] INFO  ozone.TestSnapshotDeletingService (TestSnapshotDeletingService.java:assertTableRowCount(565)) - deletedTable actual row count=13, expectedCount=15
2023-06-29 22:11:42,973 [KeyDeletingService#0] INFO  snapshot.SnapshotCache (SnapshotCache.java:lambda$1(166)) - Loading snapshot. Table key: /vol1/bucket2/snap1
2023-06-29 22:11:42,974 [KeyDeletingService#0] INFO  snapshot.SnapshotCache (SnapshotCache.java:lambda$1(166)) - Loading snapshot. Table key: /vol1/bucket2/snap1
2023-06-29 22:11:42,974 [KeyDeletingService#0] INFO  snapshot.SnapshotCache (SnapshotCache.java:lambda$1(166)) - Loading snapshot. Table key: /vol1/bucket2/snap1
2023-06-29 22:11:42,975 [KeyDeletingService#0] INFO  snapshot.SnapshotCache (SnapshotCache.java:lambda$1(166)) - Loading snapshot. Table key: /vol1/bucket2/snap1
2023-06-29 22:11:42,975 [KeyDeletingService#0] INFO  snapshot.SnapshotCache (SnapshotCache.java:lambda$1(166)) - Loading snapshot. Table key: /vol1/bucket2/snap1
2023-06-29 22:11:42,975 [KeyDeletingService#0] INFO  snapshot.SnapshotCache (SnapshotCache.java:lambda$1(166)) - Loading snapshot. Table key: /vol1/bucket2/snap1
2023-06-29 22:11:42,975 [KeyDeletingService#0] INFO  snapshot.SnapshotCache (SnapshotCache.java:lambda$1(166)) - Loading snapshot. Table key: /vol1/bucket2/snap1
2023-06-29 22:11:42,976 [KeyDeletingService#0] INFO  snapshot.SnapshotCache (SnapshotCache.java:lambda$1(166)) - Loading snapshot. Table key: /vol1/bucket2/snap1
2023-06-29 22:11:42,976 [KeyDeletingService#0] INFO  snapshot.SnapshotCache (SnapshotCache.java:lambda$1(166)) - Loading snapshot. Table key: /vol1/bucket2/snap1
2023-06-29 22:11:42,976 [KeyDeletingService#0] INFO  snapshot.SnapshotCache (SnapshotCache.java:lambda$1(166)) - Loading snapshot. Table key: /vol1/bucket2/snap1
2023-06-29 22:11:42,977 [KeyDeletingService#0] INFO  snapshot.SnapshotCache (SnapshotCache.java:lambda$1(166)) - Loading snapshot. Table key: /vol1/bucket2/snap1
2023-06-29 22:11:42,977 [KeyDeletingService#0] INFO  snapshot.SnapshotCache (SnapshotCache.java:lambda$1(166)) - Loading snapshot. Table key: /vol1/bucket2/snap1
2023-06-29 22:11:42,977 [KeyDeletingService#0] INFO  snapshot.SnapshotCache (SnapshotCache.java:lambda$1(166)) - Loading snapshot. Table key: /vol1/bucket2/snap1
2023-06-29 22:11:42,995 [KeyDeletingService#0] INFO  snapshot.SnapshotCache (SnapshotCache.java:lambda$1(166)) - Loading snapshot. Table key: /vol1/bucket2/snap1
2023-06-29 22:11:42,995 [KeyDeletingService#0] INFO  snapshot.SnapshotCache (SnapshotCache.java:lambda$1(166)) - Loading snapshot. Table key: /vol1/bucket2/snap1
2023-06-29 22:11:42,995 [KeyDeletingService#0] INFO  snapshot.SnapshotCache (SnapshotCache.java:lambda$1(166)) - Loading snapshot. Table key: /vol1/bucket2/snap1
2023-06-29 22:11:43,474 [KeyDeletingService#0] INFO  snapshot.SnapshotCache (SnapshotCache.java:lambda$1(166)) - Loading snapshot. Table key: /vol1/bucket2/snap1
2023-06-29 22:11:43,474 [KeyDeletingService#0] INFO  snapshot.SnapshotCache (SnapshotCache.java:lambda$1(166)) - Loading snapshot. Table key: /vol1/bucket2/snap1
2023-06-29 22:11:43,474 [KeyDeletingService#0] INFO  snapshot.SnapshotCache (SnapshotCache.java:lambda$1(166)) - Loading snapshot. Table key: /vol1/bucket2/snap1
2023-06-29 22:11:43,475 [KeyDeletingService#0] INFO  snapshot.SnapshotCache (SnapshotCache.java:lambda$1(166)) - Loading snapshot. Table key: /vol1/bucket2/snap1
2023-06-29 22:11:43,475 [KeyDeletingService#0] INFO  snapshot.SnapshotCache (SnapshotCache.java:lambda$1(166)) - Loading snapshot. Table key: /vol1/bucket2/snap1
2023-06-29 22:11:43,475 [KeyDeletingService#0] INFO  snapshot.SnapshotCache (SnapshotCache.java:lambda$1(166)) - Loading snapshot. Table key: /vol1/bucket2/snap1
2023-06-29 22:11:43,476 [KeyDeletingService#0] INFO  snapshot.SnapshotCache (SnapshotCache.java:lambda$1(166)) - Loading snapshot. Table key: /vol1/bucket2/snap1
2023-06-29 22:11:43,476 [KeyDeletingService#0] INFO  snapshot.SnapshotCache (SnapshotCache.java:lambda$1(166)) - Loading snapshot. Table key: /vol1/bucket2/snap1
2023-06-29 22:11:43,476 [KeyDeletingService#0] INFO  snapshot.SnapshotCache (SnapshotCache.java:lambda$1(166)) - Loading snapshot. Table key: /vol1/bucket2/snap1
2023-06-29 22:11:43,477 [KeyDeletingService#0] INFO  snapshot.SnapshotCache (SnapshotCache.java:lambda$1(166)) - Loading snapshot. Table key: /vol1/bucket2/snap1
2023-06-29 22:11:43,477 [KeyDeletingService#0] INFO  snapshot.SnapshotCache (SnapshotCache.java:lambda$1(166)) - Loading snapshot. Table key: /vol1/bucket2/snap1
2023-06-29 22:11:43,477 [KeyDeletingService#0] INFO  snapshot.SnapshotCache (SnapshotCache.java:lambda$1(166)) - Loading snapshot. Table key: /vol1/bucket2/snap1
2023-06-29 22:11:43,478 [KeyDeletingService#0] INFO  snapshot.SnapshotCache (SnapshotCache.java:lambda$1(166)) - Loading snapshot. Table key: /vol1/bucket2/snap1
2023-06-29 22:11:43,495 [KeyDeletingService#0] INFO  snapshot.SnapshotCache (SnapshotCache.java:lambda$1(166)) - Loading snapshot. Table key: /vol1/bucket2/snap1
2023-06-29 22:11:43,495 [KeyDeletingService#0] INFO  snapshot.SnapshotCache (SnapshotCache.java:lambda$1(166)) - Loading snapshot. Table key: /vol1/bucket2/snap1
2023-06-29 22:11:43,495 [KeyDeletingService#0] INFO  snapshot.SnapshotCache (SnapshotCache.java:lambda$1(166)) - Loading snapshot. Table key: /vol1/bucket2/snap1
2023-06-29 22:11:43,525 [main] INFO  ozone.TestSnapshotDeletingService (TestSnapshotDeletingService.java:assertTableRowCount(565)) - deletedTable actual row count=13, expectedCount=15
2023-06-29 22:11:43,974 [KeyDeletingService#0] INFO  snapshot.SnapshotCache (SnapshotCache.java:lambda$1(166)) - Loading snapshot. Table key: /vol1/bucket2/snap1
2023-06-29 22:11:43,974 [KeyDeletingService#0] INFO  snapshot.SnapshotCache (SnapshotCache.java:lambda$1(166)) - Loading snapshot. Table key: /vol1/bucket2/snap1
2023-06-29 22:11:43,975 [KeyDeletingService#0] INFO  snapshot.SnapshotCache (SnapshotCache.java:lambda$1(166)) - Loading snapshot. Table key: /vol1/bucket2/snap1
2023-06-29 22:11:43,975 [KeyDeletingService#0] INFO  snapshot.SnapshotCache (SnapshotCache.java:lambda$1(166)) - Loading snapshot. Table key: /vol1/bucket2/snap1
2023-06-29 22:11:43,975 [KeyDeletingService#0] INFO  snapshot.SnapshotCache (SnapshotCache.java:lambda$1(166)) - Loading snapshot. Table key: /vol1/bucket2/snap1
2023-06-29 22:11:43,975 [KeyDeletingService#0] INFO  snapshot.SnapshotCache (SnapshotCache.java:lambda$1(166)) - Loading snapshot. Table key: /vol1/bucket2/snap1
2023-06-29 22:11:43,976 [KeyDeletingService#0] INFO  snapshot.SnapshotCache (SnapshotCache.java:lambda$1(166)) - Loading snapshot. Table key: /vol1/bucket2/snap1
2023-06-29 22:11:43,976 [KeyDeletingService#0] INFO  snapshot.SnapshotCache (SnapshotCache.java:lambda$1(166)) - Loading snapshot. Table key: /vol1/bucket2/snap1
2023-06-29 22:11:43,976 [KeyDeletingService#0] INFO  snapshot.SnapshotCache (SnapshotCache.java:lambda$1(166)) - Loading snapshot. Table key: /vol1/bucket2/snap1
2023-06-29 22:11:43,977 [KeyDeletingService#0] INFO  snapshot.SnapshotCache (SnapshotCache.java:lambda$1(166)) - Loading snapshot. Table key: /vol1/bucket2/snap1
2023-06-29 22:11:43,977 [KeyDeletingService#0] INFO  snapshot.SnapshotCache (SnapshotCache.java:lambda$1(166)) - Loading snapshot. Table key: /vol1/bucket2/snap1
2023-06-29 22:11:43,978 [KeyDeletingService#0] INFO  snapshot.SnapshotCache (SnapshotCache.java:lambda$1(166)) - Loading snapshot. Table key: /vol1/bucket2/snap1
2023-06-29 22:11:43,978 [KeyDeletingService#0] INFO  snapshot.SnapshotCache (SnapshotCache.java:lambda$1(166)) - Loading snapshot. Table key: /vol1/bucket2/snap1
2023-06-29 22:11:43,995 [KeyDeletingService#0] INFO  snapshot.SnapshotCache (SnapshotCache.java:lambda$1(166)) - Loading snapshot. Table key: /vol1/bucket2/snap1
2023-06-29 22:11:43,995 [KeyDeletingService#0] INFO  snapshot.SnapshotCache (SnapshotCache.java:lambda$1(166)) - Loading snapshot. Table key: /vol1/bucket2/snap1
2023-06-29 22:11:43,996 [KeyDeletingService#0] INFO  snapshot.SnapshotCache (SnapshotCache.java:lambda$1(166)) - Loading snapshot. Table key: /vol1/bucket2/snap1
2023-06-29 22:11:44,474 [KeyDeletingService#0] INFO  snapshot.SnapshotCache (SnapshotCache.java:lambda$1(166)) - Loading snapshot. Table key: /vol1/bucket2/snap1
2023-06-29 22:11:44,474 [KeyDeletingService#0] INFO  snapshot.SnapshotCache (SnapshotCache.java:lambda$1(166)) - Loading snapshot. Table key: /vol1/bucket2/snap1
2023-06-29 22:11:44,475 [KeyDeletingService#0] INFO  snapshot.SnapshotCache (SnapshotCache.java:lambda$1(166)) - Loading snapshot. Table key: /vol1/bucket2/snap1
2023-06-29 22:11:44,475 [KeyDeletingService#0] INFO  snapshot.SnapshotCache (SnapshotCache.java:lambda$1(166)) - Loading snapshot. Table key: /vol1/bucket2/snap1
2023-06-29 22:11:44,475 [KeyDeletingService#0] INFO  snapshot.SnapshotCache (SnapshotCache.java:lambda$1(166)) - Loading snapshot. Table key: /vol1/bucket2/snap1
2023-06-29 22:11:44,476 [KeyDeletingService#0] INFO  snapshot.SnapshotCache (SnapshotCache.java:lambda$1(166)) - Loading snapshot. Table key: /vol1/bucket2/snap1
2023-06-29 22:11:44,476 [KeyDeletingService#0] INFO  snapshot.SnapshotCache (SnapshotCache.java:lambda$1(166)) - Loading snapshot. Table key: /vol1/bucket2/snap1
2023-06-29 22:11:44,476 [KeyDeletingService#0] INFO  snapshot.SnapshotCache (SnapshotCache.java:lambda$1(166)) - Loading snapshot. Table key: /vol1/bucket2/snap1
2023-06-29 22:11:44,476 [KeyDeletingService#0] INFO  snapshot.SnapshotCache (SnapshotCache.java:lambda$1(166)) - Loading snapshot. Table key: /vol1/bucket2/snap1
2023-06-29 22:11:44,477 [KeyDeletingService#0] INFO  snapshot.SnapshotCache (SnapshotCache.java:lambda$1(166)) - Loading snapshot. Table key: /vol1/bucket2/snap1
2023-06-29 22:11:44,477 [KeyDeletingService#0] INFO  snapshot.SnapshotCache (SnapshotCache.java:lambda$1(166)) - Loading snapshot. Table key: /vol1/bucket2/snap1
2023-06-29 22:11:44,478 [KeyDeletingService#0] INFO  snapshot.SnapshotCache (SnapshotCache.java:lambda$1(166)) - Loading snapshot. Table key: /vol1/bucket2/snap1
2023-06-29 22:11:44,478 [KeyDeletingService#0] INFO  snapshot.SnapshotCache (SnapshotCache.java:lambda$1(166)) - Loading snapshot. Table key: /vol1/bucket2/snap1
2023-06-29 22:11:44,495 [KeyDeletingService#0] INFO  snapshot.SnapshotCache (SnapshotCache.java:lambda$1(166)) - Loading snapshot. Table key: /vol1/bucket2/snap1
2023-06-29 22:11:44,495 [KeyDeletingService#0] INFO  snapshot.SnapshotCache (SnapshotCache.java:lambda$1(166)) - Loading snapshot. Table key: /vol1/bucket2/snap1
2023-06-29 22:11:44,496 [KeyDeletingService#0] INFO  snapshot.SnapshotCache (SnapshotCache.java:lambda$1(166)) - Loading snapshot. Table key: /vol1/bucket2/snap1
2023-06-29 22:11:44,526 [main] INFO  ozone.TestSnapshotDeletingService (TestSnapshotDeletingService.java:assertTableRowCount(565)) - deletedTable actual row count=13, expectedCount=15
2023-06-29 22:11:44,974 [KeyDeletingService#0] INFO  snapshot.SnapshotCache (SnapshotCache.java:lambda$1(166)) - Loading snapshot. Table key: /vol1/bucket2/snap1
2023-06-29 22:11:44,974 [KeyDeletingService#0] INFO  snapshot.SnapshotCache (SnapshotCache.java:lambda$1(166)) - Loading snapshot. Table key: /vol1/bucket2/snap1
2023-06-29 22:11:44,975 [KeyDeletingService#0] INFO  snapshot.SnapshotCache (SnapshotCache.java:lambda$1(166)) - Loading snapshot. Table key: /vol1/bucket2/snap1
2023-06-29 22:11:44,975 [KeyDeletingService#0] INFO  snapshot.SnapshotCache (SnapshotCache.java:lambda$1(166)) - Loading snapshot. Table key: /vol1/bucket2/snap1
2023-06-29 22:11:44,975 [KeyDeletingService#0] INFO  snapshot.SnapshotCache (SnapshotCache.java:lambda$1(166)) - Loading snapshot. Table key: /vol1/bucket2/snap1
2023-06-29 22:11:44,976 [KeyDeletingService#0] INFO  snapshot.SnapshotCache (SnapshotCache.java:lambda$1(166)) - Loading snapshot. Table key: /vol1/bucket2/snap1
2023-06-29 22:11:44,976 [KeyDeletingService#0] INFO  snapshot.SnapshotCache (SnapshotCache.java:lambda$1(166)) - Loading snapshot. Table key: /vol1/bucket2/snap1
2023-06-29 22:11:44,976 [KeyDeletingService#0] INFO  snapshot.SnapshotCache (SnapshotCache.java:lambda$1(166)) - Loading snapshot. Table key: /vol1/bucket2/snap1
2023-06-29 22:11:44,977 [KeyDeletingService#0] INFO  snapshot.SnapshotCache (SnapshotCache.java:lambda$1(166)) - Loading snapshot. Table key: /vol1/bucket2/snap1
2023-06-29 22:11:44,977 [KeyDeletingService#0] INFO  snapshot.SnapshotCache (SnapshotCache.java:lambda$1(166)) - Loading snapshot. Table key: /vol1/bucket2/snap1
2023-06-29 22:11:44,977 [KeyDeletingService#0] INFO  snapshot.SnapshotCache (SnapshotCache.java:lambda$1(166)) - Loading snapshot. Table key: /vol1/bucket2/snap1
2023-06-29 22:11:44,978 [KeyDeletingService#0] INFO  snapshot.SnapshotCache (SnapshotCache.java:lambda$1(166)) - Loading snapshot. Table key: /vol1/bucket2/snap1
2023-06-29 22:11:44,978 [KeyDeletingService#0] INFO  snapshot.SnapshotCache (SnapshotCache.java:lambda$1(166)) - Loading snapshot. Table key: /vol1/bucket2/snap1
2023-06-29 22:11:44,995 [KeyDeletingService#0] INFO  snapshot.SnapshotCache (SnapshotCache.java:lambda$1(166)) - Loading snapshot. Table key: /vol1/bucket2/snap1
2023-06-29 22:11:44,995 [KeyDeletingService#0] INFO  snapshot.SnapshotCache (SnapshotCache.java:lambda$1(166)) - Loading snapshot. Table key: /vol1/bucket2/snap1
2023-06-29 22:11:44,996 [KeyDeletingService#0] INFO  snapshot.SnapshotCache (SnapshotCache.java:lambda$1(166)) - Loading snapshot. Table key: /vol1/bucket2/snap1
2023-06-29 22:11:45,474 [KeyDeletingService#0] INFO  snapshot.SnapshotCache (SnapshotCache.java:lambda$1(166)) - Loading snapshot. Table key: /vol1/bucket2/snap1
2023-06-29 22:11:45,474 [KeyDeletingService#0] INFO  snapshot.SnapshotCache (SnapshotCache.java:lambda$1(166)) - Loading snapshot. Table key: /vol1/bucket2/snap1
2023-06-29 22:11:45,475 [KeyDeletingService#0] INFO  snapshot.SnapshotCache (SnapshotCache.java:lambda$1(166)) - Loading snapshot. Table key: /vol1/bucket2/snap1
2023-06-29 22:11:45,475 [KeyDeletingService#0] INFO  snapshot.SnapshotCache (SnapshotCache.java:lambda$1(166)) - Loading snapshot. Table key: /vol1/bucket2/snap1
2023-06-29 22:11:45,475 [KeyDeletingService#0] INFO  snapshot.SnapshotCache (SnapshotCache.java:lambda$1(166)) - Loading snapshot. Table key: /vol1/bucket2/snap1
2023-06-29 22:11:45,476 [KeyDeletingService#0] INFO  snapshot.SnapshotCache (SnapshotCache.java:lambda$1(166)) - Loading snapshot. Table key: /vol1/bucket2/snap1
2023-06-29 22:11:45,476 [KeyDeletingService#0] INFO  snapshot.SnapshotCache (SnapshotCache.java:lambda$1(166)) - Loading snapshot. Table key: /vol1/bucket2/snap1
2023-06-29 22:11:45,476 [KeyDeletingService#0] INFO  snapshot.SnapshotCache (SnapshotCache.java:lambda$1(166)) - Loading snapshot. Table key: /vol1/bucket2/snap1
2023-06-29 22:11:45,477 [KeyDeletingService#0] INFO  snapshot.SnapshotCache (SnapshotCache.java:lambda$1(166)) - Loading snapshot. Table key: /vol1/bucket2/snap1
2023-06-29 22:11:45,477 [KeyDeletingService#0] INFO  snapshot.SnapshotCache (SnapshotCache.java:lambda$1(166)) - Loading snapshot. Table key: /vol1/bucket2/snap1
2023-06-29 22:11:45,478 [KeyDeletingService#0] INFO  snapshot.SnapshotCache (SnapshotCache.java:lambda$1(166)) - Loading snapshot. Table key: /vol1/bucket2/snap1
2023-06-29 22:11:45,478 [KeyDeletingService#0] INFO  snapshot.SnapshotCache (SnapshotCache.java:lambda$1(166)) - Loading snapshot. Table key: /vol1/bucket2/snap1
2023-06-29 22:11:45,478 [KeyDeletingService#0] INFO  snapshot.SnapshotCache (SnapshotCache.java:lambda$1(166)) - Loading snapshot. Table key: /vol1/bucket2/snap1
2023-06-29 22:11:45,495 [KeyDeletingService#0] INFO  snapshot.SnapshotCache (SnapshotCache.java:lambda$1(166)) - Loading snapshot. Table key: /vol1/bucket2/snap1
2023-06-29 22:11:45,496 [KeyDeletingService#0] INFO  snapshot.SnapshotCache (SnapshotCache.java:lambda$1(166)) - Loading snapshot. Table key: /vol1/bucket2/snap1
2023-06-29 22:11:45,496 [KeyDeletingService#0] INFO  snapshot.SnapshotCache (SnapshotCache.java:lambda$1(166)) - Loading snapshot. Table key: /vol1/bucket2/snap1
2023-06-29 22:11:45,527 [main] INFO  ozone.TestSnapshotDeletingService (TestSnapshotDeletingService.java:assertTableRowCount(565)) - deletedTable actual row count=13, expectedCount=15
2023-06-29 22:11:45,974 [KeyDeletingService#0] INFO  snapshot.SnapshotCache (SnapshotCache.java:lambda$1(166)) - Loading snapshot. Table key: /vol1/bucket2/snap1
2023-06-29 22:11:45,975 [KeyDeletingService#0] INFO  snapshot.SnapshotCache (SnapshotCache.java:lambda$1(166)) - Loading snapshot. Table key: /vol1/bucket2/snap1
2023-06-29 22:11:45,975 [KeyDeletingService#0] INFO  snapshot.SnapshotCache (SnapshotCache.java:lambda$1(166)) - Loading snapshot. Table key: /vol1/bucket2/snap1
2023-06-29 22:11:45,975 [KeyDeletingService#0] INFO  snapshot.SnapshotCache (SnapshotCache.java:lambda$1(166)) - Loading snapshot. Table key: /vol1/bucket2/snap1
2023-06-29 22:11:45,976 [KeyDeletingService#0] INFO  snapshot.SnapshotCache (SnapshotCache.java:lambda$1(166)) - Loading snapshot. Table key: /vol1/bucket2/snap1
2023-06-29 22:11:45,976 [KeyDeletingService#0] INFO  snapshot.SnapshotCache (SnapshotCache.java:lambda$1(166)) - Loading snapshot. Table key: /vol1/bucket2/snap1
2023-06-29 22:11:45,976 [KeyDeletingService#0] INFO  snapshot.SnapshotCache (SnapshotCache.java:lambda$1(166)) - Loading snapshot. Table key: /vol1/bucket2/snap1
2023-06-29 22:11:45,977 [KeyDeletingService#0] INFO  snapshot.SnapshotCache (SnapshotCache.java:lambda$1(166)) - Loading snapshot. Table key: /vol1/bucket2/snap1
2023-06-29 22:11:45,977 [KeyDeletingService#0] INFO  snapshot.SnapshotCache (SnapshotCache.java:lambda$1(166)) - Loading snapshot. Table key: /vol1/bucket2/snap1
2023-06-29 22:11:45,977 [KeyDeletingService#0] INFO  snapshot.SnapshotCache (SnapshotCache.java:lambda$1(166)) - Loading snapshot. Table key: /vol1/bucket2/snap1
2023-06-29 22:11:45,978 [KeyDeletingService#0] INFO  snapshot.SnapshotCache (SnapshotCache.java:lambda$1(166)) - Loading snapshot. Table key: /vol1/bucket2/snap1
2023-06-29 22:11:45,979 [KeyDeletingService#0] INFO  snapshot.SnapshotCache (SnapshotCache.java:lambda$1(166)) - Loading snapshot. Table key: /vol1/bucket2/snap1
2023-06-29 22:11:45,979 [KeyDeletingService#0] INFO  snapshot.SnapshotCache (SnapshotCache.java:lambda$1(166)) - Loading snapshot. Table key: /vol1/bucket2/snap1
2023-06-29 22:11:45,995 [KeyDeletingService#0] INFO  snapshot.SnapshotCache (SnapshotCache.java:lambda$1(166)) - Loading snapshot. Table key: /vol1/bucket2/snap1
2023-06-29 22:11:45,996 [KeyDeletingService#0] INFO  snapshot.SnapshotCache (SnapshotCache.java:lambda$1(166)) - Loading snapshot. Table key: /vol1/bucket2/snap1
2023-06-29 22:11:45,996 [KeyDeletingService#0] INFO  snapshot.SnapshotCache (SnapshotCache.java:lambda$1(166)) - Loading snapshot. Table key: /vol1/bucket2/snap1
2023-06-29 22:11:46,474 [KeyDeletingService#0] INFO  snapshot.SnapshotCache (SnapshotCache.java:lambda$1(166)) - Loading snapshot. Table key: /vol1/bucket2/snap1
2023-06-29 22:11:46,475 [KeyDeletingService#0] INFO  snapshot.SnapshotCache (SnapshotCache.java:lambda$1(166)) - Loading snapshot. Table key: /vol1/bucket2/snap1
2023-06-29 22:11:46,475 [KeyDeletingService#0] INFO  snapshot.SnapshotCache (SnapshotCache.java:lambda$1(166)) - Loading snapshot. Table key: /vol1/bucket2/snap1
2023-06-29 22:11:46,475 [KeyDeletingService#0] INFO  snapshot.SnapshotCache (SnapshotCache.java:lambda$1(166)) - Loading snapshot. Table key: /vol1/bucket2/snap1
2023-06-29 22:11:46,476 [KeyDeletingService#0] INFO  snapshot.SnapshotCache (SnapshotCache.java:lambda$1(166)) - Loading snapshot. Table key: /vol1/bucket2/snap1
2023-06-29 22:11:46,476 [KeyDeletingService#0] INFO  snapshot.SnapshotCache (SnapshotCache.java:lambda$1(166)) - Loading snapshot. Table key: /vol1/bucket2/snap1
2023-06-29 22:11:46,476 [KeyDeletingService#0] INFO  snapshot.SnapshotCache (SnapshotCache.java:lambda$1(166)) - Loading snapshot. Table key: /vol1/bucket2/snap1
2023-06-29 22:11:46,477 [KeyDeletingService#0] INFO  snapshot.SnapshotCache (SnapshotCache.java:lambda$1(166)) - Loading snapshot. Table key: /vol1/bucket2/snap1
2023-06-29 22:11:46,477 [KeyDeletingService#0] INFO  snapshot.SnapshotCache (SnapshotCache.java:lambda$1(166)) - Loading snapshot. Table key: /vol1/bucket2/snap1
2023-06-29 22:11:46,477 [KeyDeletingService#0] INFO  snapshot.SnapshotCache (SnapshotCache.java:lambda$1(166)) - Loading snapshot. Table key: /vol1/bucket2/snap1
2023-06-29 22:11:46,478 [KeyDeletingService#0] INFO  snapshot.SnapshotCache (SnapshotCache.java:lambda$1(166)) - Loading snapshot. Table key: /vol1/bucket2/snap1
2023-06-29 22:11:46,478 [KeyDeletingService#0] INFO  snapshot.SnapshotCache (SnapshotCache.java:lambda$1(166)) - Loading snapshot. Table key: /vol1/bucket2/snap1
2023-06-29 22:11:46,478 [KeyDeletingService#0] INFO  snapshot.SnapshotCache (SnapshotCache.java:lambda$1(166)) - Loading snapshot. Table key: /vol1/bucket2/snap1
2023-06-29 22:11:46,495 [KeyDeletingService#0] INFO  snapshot.SnapshotCache (SnapshotCache.java:lambda$1(166)) - Loading snapshot. Table key: /vol1/bucket2/snap1
2023-06-29 22:11:46,496 [KeyDeletingService#0] INFO  snapshot.SnapshotCache (SnapshotCache.java:lambda$1(166)) - Loading snapshot. Table key: /vol1/bucket2/snap1
2023-06-29 22:11:46,496 [KeyDeletingService#0] INFO  snapshot.SnapshotCache (SnapshotCache.java:lambda$1(166)) - Loading snapshot. Table key: /vol1/bucket2/snap1
2023-06-29 22:11:46,529 [main] INFO  ozone.TestSnapshotDeletingService (TestSnapshotDeletingService.java:assertTableRowCount(565)) - deletedTable actual row count=13, expectedCount=15
2023-06-29 22:11:46,974 [KeyDeletingService#0] INFO  snapshot.SnapshotCache (SnapshotCache.java:lambda$1(166)) - Loading snapshot. Table key: /vol1/bucket2/snap1
2023-06-29 22:11:46,975 [KeyDeletingService#0] INFO  snapshot.SnapshotCache (SnapshotCache.java:lambda$1(166)) - Loading snapshot. Table key: /vol1/bucket2/snap1
2023-06-29 22:11:46,975 [KeyDeletingService#0] INFO  snapshot.SnapshotCache (SnapshotCache.java:lambda$1(166)) - Loading snapshot. Table key: /vol1/bucket2/snap1
2023-06-29 22:11:46,975 [KeyDeletingService#0] INFO  snapshot.SnapshotCache (SnapshotCache.java:lambda$1(166)) - Loading snapshot. Table key: /vol1/bucket2/snap1
2023-06-29 22:11:46,976 [KeyDeletingService#0] INFO  snapshot.SnapshotCache (SnapshotCache.java:lambda$1(166)) - Loading snapshot. Table key: /vol1/bucket2/snap1
2023-06-29 22:11:46,976 [KeyDeletingService#0] INFO  snapshot.SnapshotCache (SnapshotCache.java:lambda$1(166)) - Loading snapshot. Table key: /vol1/bucket2/snap1
2023-06-29 22:11:46,976 [KeyDeletingService#0] INFO  snapshot.SnapshotCache (SnapshotCache.java:lambda$1(166)) - Loading snapshot. Table key: /vol1/bucket2/snap1
2023-06-29 22:11:46,977 [KeyDeletingService#0] INFO  snapshot.SnapshotCache (SnapshotCache.java:lambda$1(166)) - Loading snapshot. Table key: /vol1/bucket2/snap1
2023-06-29 22:11:46,977 [KeyDeletingService#0] INFO  snapshot.SnapshotCache (SnapshotCache.java:lambda$1(166)) - Loading snapshot. Table key: /vol1/bucket2/snap1
2023-06-29 22:11:46,977 [KeyDeletingService#0] INFO  snapshot.SnapshotCache (SnapshotCache.java:lambda$1(166)) - Loading snapshot. Table key: /vol1/bucket2/snap1
2023-06-29 22:11:46,978 [KeyDeletingService#0] INFO  snapshot.SnapshotCache (SnapshotCache.java:lambda$1(166)) - Loading snapshot. Table key: /vol1/bucket2/snap1
2023-06-29 22:11:46,978 [KeyDeletingService#0] INFO  snapshot.SnapshotCache (SnapshotCache.java:lambda$1(166)) - Loading snapshot. Table key: /vol1/bucket2/snap1
2023-06-29 22:11:46,978 [KeyDeletingService#0] INFO  snapshot.SnapshotCache (SnapshotCache.java:lambda$1(166)) - Loading snapshot. Table key: /vol1/bucket2/snap1
2023-06-29 22:11:46,995 [KeyDeletingService#0] INFO  snapshot.SnapshotCache (SnapshotCache.java:lambda$1(166)) - Loading snapshot. Table key: /vol1/bucket2/snap1
2023-06-29 22:11:46,996 [KeyDeletingService#0] INFO  snapshot.SnapshotCache (SnapshotCache.java:lambda$1(166)) - Loading snapshot. Table key: /vol1/bucket2/snap1
2023-06-29 22:11:46,996 [KeyDeletingService#0] INFO  snapshot.SnapshotCache (SnapshotCache.java:lambda$1(166)) - Loading snapshot. Table key: /vol1/bucket2/snap1
2023-06-29 22:11:47,474 [KeyDeletingService#0] INFO  snapshot.SnapshotCache (SnapshotCache.java:lambda$1(166)) - Loading snapshot. Table key: /vol1/bucket2/snap1
2023-06-29 22:11:47,475 [KeyDeletingService#0] INFO  snapshot.SnapshotCache (SnapshotCache.java:lambda$1(166)) - Loading snapshot. Table key: /vol1/bucket2/snap1
2023-06-29 22:11:47,475 [KeyDeletingService#0] INFO  snapshot.SnapshotCache (SnapshotCache.java:lambda$1(166)) - Loading snapshot. Table key: /vol1/bucket2/snap1
2023-06-29 22:11:47,475 [KeyDeletingService#0] INFO  snapshot.SnapshotCache (SnapshotCache.java:lambda$1(166)) - Loading snapshot. Table key: /vol1/bucket2/snap1
2023-06-29 22:11:47,476 [KeyDeletingService#0] INFO  snapshot.SnapshotCache (SnapshotCache.java:lambda$1(166)) - Loading snapshot. Table key: /vol1/bucket2/snap1
2023-06-29 22:11:47,476 [KeyDeletingService#0] INFO  snapshot.SnapshotCache (SnapshotCache.java:lambda$1(166)) - Loading snapshot. Table key: /vol1/bucket2/snap1
2023-06-29 22:11:47,476 [KeyDeletingService#0] INFO  snapshot.SnapshotCache (SnapshotCache.java:lambda$1(166)) - Loading snapshot. Table key: /vol1/bucket2/snap1
2023-06-29 22:11:47,477 [KeyDeletingService#0] INFO  snapshot.SnapshotCache (SnapshotCache.java:lambda$1(166)) - Loading snapshot. Table key: /vol1/bucket2/snap1
2023-06-29 22:11:47,477 [KeyDeletingService#0] INFO  snapshot.SnapshotCache (SnapshotCache.java:lambda$1(166)) - Loading snapshot. Table key: /vol1/bucket2/snap1
2023-06-29 22:11:47,478 [KeyDeletingService#0] INFO  snapshot.SnapshotCache (SnapshotCache.java:lambda$1(166)) - Loading snapshot. Table key: /vol1/bucket2/snap1
2023-06-29 22:11:47,478 [KeyDeletingService#0] INFO  snapshot.SnapshotCache (SnapshotCache.java:lambda$1(166)) - Loading snapshot. Table key: /vol1/bucket2/snap1
2023-06-29 22:11:47,478 [KeyDeletingService#0] INFO  snapshot.SnapshotCache (SnapshotCache.java:lambda$1(166)) - Loading snapshot. Table key: /vol1/bucket2/snap1
2023-06-29 22:11:47,479 [KeyDeletingService#0] INFO  snapshot.SnapshotCache (SnapshotCache.java:lambda$1(166)) - Loading snapshot. Table key: /vol1/bucket2/snap1
2023-06-29 22:11:47,495 [KeyDeletingService#0] INFO  snapshot.SnapshotCache (SnapshotCache.java:lambda$1(166)) - Loading snapshot. Table key: /vol1/bucket2/snap1
2023-06-29 22:11:47,496 [KeyDeletingService#0] INFO  snapshot.SnapshotCache (SnapshotCache.java:lambda$1(166)) - Loading snapshot. Table key: /vol1/bucket2/snap1
2023-06-29 22:11:47,496 [KeyDeletingService#0] INFO  snapshot.SnapshotCache (SnapshotCache.java:lambda$1(166)) - Loading snapshot. Table key: /vol1/bucket2/snap1
2023-06-29 22:11:47,530 [main] INFO  ozone.TestSnapshotDeletingService (TestSnapshotDeletingService.java:assertTableRowCount(565)) - deletedTable actual row count=13, expectedCount=15
2023-06-29 22:11:47,974 [KeyDeletingService#0] INFO  snapshot.SnapshotCache (SnapshotCache.java:lambda$1(166)) - Loading snapshot. Table key: /vol1/bucket2/snap1
2023-06-29 22:11:47,975 [KeyDeletingService#0] INFO  snapshot.SnapshotCache (SnapshotCache.java:lambda$1(166)) - Loading snapshot. Table key: /vol1/bucket2/snap1
2023-06-29 22:11:47,975 [KeyDeletingService#0] INFO  snapshot.SnapshotCache (SnapshotCache.java:lambda$1(166)) - Loading snapshot. Table key: /vol1/bucket2/snap1
2023-06-29 22:11:47,976 [KeyDeletingService#0] INFO  snapshot.SnapshotCache (SnapshotCache.java:lambda$1(166)) - Loading snapshot. Table key: /vol1/bucket2/snap1
2023-06-29 22:11:47,976 [KeyDeletingService#0] INFO  snapshot.SnapshotCache (SnapshotCache.java:lambda$1(166)) - Loading snapshot. Table key: /vol1/bucket2/snap1
2023-06-29 22:11:47,976 [KeyDeletingService#0] INFO  snapshot.SnapshotCache (SnapshotCache.java:lambda$1(166)) - Loading snapshot. Table key: /vol1/bucket2/snap1
2023-06-29 22:11:47,977 [KeyDeletingService#0] INFO  snapshot.SnapshotCache (SnapshotCache.java:lambda$1(166)) - Loading snapshot. Table key: /vol1/bucket2/snap1
2023-06-29 22:11:47,977 [KeyDeletingService#0] INFO  snapshot.SnapshotCache (SnapshotCache.java:lambda$1(166)) - Loading snapshot. Table key: /vol1/bucket2/snap1
2023-06-29 22:11:47,977 [KeyDeletingService#0] INFO  snapshot.SnapshotCache (SnapshotCache.java:lambda$1(166)) - Loading snapshot. Table key: /vol1/bucket2/snap1
2023-06-29 22:11:47,977 [KeyDeletingService#0] INFO  snapshot.SnapshotCache (SnapshotCache.java:lambda$1(166)) - Loading snapshot. Table key: /vol1/bucket2/snap1
2023-06-29 22:11:47,978 [KeyDeletingService#0] INFO  snapshot.SnapshotCache (SnapshotCache.java:lambda$1(166)) - Loading snapshot. Table key: /vol1/bucket2/snap1
2023-06-29 22:11:47,978 [KeyDeletingService#0] INFO  snapshot.SnapshotCache (SnapshotCache.java:lambda$1(166)) - Loading snapshot. Table key: /vol1/bucket2/snap1
2023-06-29 22:11:47,979 [KeyDeletingService#0] INFO  snapshot.SnapshotCache (SnapshotCache.java:lambda$1(166)) - Loading snapshot. Table key: /vol1/bucket2/snap1
2023-06-29 22:11:47,996 [KeyDeletingService#0] INFO  snapshot.SnapshotCache (SnapshotCache.java:lambda$1(166)) - Loading snapshot. Table key: /vol1/bucket2/snap1
2023-06-29 22:11:47,996 [KeyDeletingService#0] INFO  snapshot.SnapshotCache (SnapshotCache.java:lambda$1(166)) - Loading snapshot. Table key: /vol1/bucket2/snap1
2023-06-29 22:11:47,996 [KeyDeletingService#0] INFO  snapshot.SnapshotCache (SnapshotCache.java:lambda$1(166)) - Loading snapshot. Table key: /vol1/bucket2/snap1
2023-06-29 22:11:48,474 [KeyDeletingService#0] INFO  snapshot.SnapshotCache (SnapshotCache.java:lambda$1(166)) - Loading snapshot. Table key: /vol1/bucket2/snap1
2023-06-29 22:11:48,475 [KeyDeletingService#0] INFO  snapshot.SnapshotCache (SnapshotCache.java:lambda$1(166)) - Loading snapshot. Table key: /vol1/bucket2/snap1
2023-06-29 22:11:48,475 [KeyDeletingService#0] INFO  snapshot.SnapshotCache (SnapshotCache.java:lambda$1(166)) - Loading snapshot. Table key: /vol1/bucket2/snap1
2023-06-29 22:11:48,476 [KeyDeletingService#0] INFO  snapshot.SnapshotCache (SnapshotCache.java:lambda$1(166)) - Loading snapshot. Table key: /vol1/bucket2/snap1
2023-06-29 22:11:48,476 [KeyDeletingService#0] INFO  snapshot.SnapshotCache (SnapshotCache.java:lambda$1(166)) - Loading snapshot. Table key: /vol1/bucket2/snap1
2023-06-29 22:11:48,476 [KeyDeletingService#0] INFO  snapshot.SnapshotCache (SnapshotCache.java:lambda$1(166)) - Loading snapshot. Table key: /vol1/bucket2/snap1
2023-06-29 22:11:48,477 [KeyDeletingService#0] INFO  snapshot.SnapshotCache (SnapshotCache.java:lambda$1(166)) - Loading snapshot. Table key: /vol1/bucket2/snap1
2023-06-29 22:11:48,477 [KeyDeletingService#0] INFO  snapshot.SnapshotCache (SnapshotCache.java:lambda$1(166)) - Loading snapshot. Table key: /vol1/bucket2/snap1
2023-06-29 22:11:48,477 [KeyDeletingService#0] INFO  snapshot.SnapshotCache (SnapshotCache.java:lambda$1(166)) - Loading snapshot. Table key: /vol1/bucket2/snap1
2023-06-29 22:11:48,477 [KeyDeletingService#0] INFO  snapshot.SnapshotCache (SnapshotCache.java:lambda$1(166)) - Loading snapshot. Table key: /vol1/bucket2/snap1
2023-06-29 22:11:48,478 [KeyDeletingService#0] INFO  snapshot.SnapshotCache (SnapshotCache.java:lambda$1(166)) - Loading snapshot. Table key: /vol1/bucket2/snap1
2023-06-29 22:11:48,478 [KeyDeletingService#0] INFO  snapshot.SnapshotCache (SnapshotCache.java:lambda$1(166)) - Loading snapshot. Table key: /vol1/bucket2/snap1
2023-06-29 22:11:48,479 [KeyDeletingService#0] INFO  snapshot.SnapshotCache (SnapshotCache.java:lambda$1(166)) - Loading snapshot. Table key: /vol1/bucket2/snap1
2023-06-29 22:11:48,496 [KeyDeletingService#0] INFO  snapshot.SnapshotCache (SnapshotCache.java:lambda$1(166)) - Loading snapshot. Table key: /vol1/bucket2/snap1
2023-06-29 22:11:48,496 [KeyDeletingService#0] INFO  snapshot.SnapshotCache (SnapshotCache.java:lambda$1(166)) - Loading snapshot. Table key: /vol1/bucket2/snap1
2023-06-29 22:11:48,496 [KeyDeletingService#0] INFO  snapshot.SnapshotCache (SnapshotCache.java:lambda$1(166)) - Loading snapshot. Table key: /vol1/bucket2/snap1
2023-06-29 22:11:48,531 [main] INFO  ozone.TestSnapshotDeletingService (TestSnapshotDeletingService.java:assertTableRowCount(565)) - deletedTable actual row count=13, expectedCount=15
2023-06-29 22:11:48,976 [KeyDeletingService#0] INFO  snapshot.SnapshotCache (SnapshotCache.java:lambda$1(166)) - Loading snapshot. Table key: /vol1/bucket2/snap1
2023-06-29 22:11:48,976 [KeyDeletingService#0] INFO  snapshot.SnapshotCache (SnapshotCache.java:lambda$1(166)) - Loading snapshot. Table key: /vol1/bucket2/snap1
2023-06-29 22:11:48,976 [KeyDeletingService#0] INFO  snapshot.SnapshotCache (SnapshotCache.java:lambda$1(166)) - Loading snapshot. Table key: /vol1/bucket2/snap1
2023-06-29 22:11:48,977 [KeyDeletingService#0] INFO  snapshot.SnapshotCache (SnapshotCache.java:lambda$1(166)) - Loading snapshot. Table key: /vol1/bucket2/snap1
2023-06-29 22:11:48,977 [KeyDeletingService#0] INFO  snapshot.SnapshotCache (SnapshotCache.java:lambda$1(166)) - Loading snapshot. Table key: /vol1/bucket2/snap1
2023-06-29 22:11:48,977 [KeyDeletingService#0] INFO  snapshot.SnapshotCache (SnapshotCache.java:lambda$1(166)) - Loading snapshot. Table key: /vol1/bucket2/snap1
2023-06-29 22:11:48,978 [KeyDeletingService#0] INFO  snapshot.SnapshotCache (SnapshotCache.java:lambda$1(166)) - Loading snapshot. Table key: /vol1/bucket2/snap1
2023-06-29 22:11:48,978 [KeyDeletingService#0] INFO  snapshot.SnapshotCache (SnapshotCache.java:lambda$1(166)) - Loading snapshot. Table key: /vol1/bucket2/snap1
2023-06-29 22:11:48,978 [KeyDeletingService#0] INFO  snapshot.SnapshotCache (SnapshotCache.java:lambda$1(166)) - Loading snapshot. Table key: /vol1/bucket2/snap1
2023-06-29 22:11:48,979 [KeyDeletingService#0] INFO  snapshot.SnapshotCache (SnapshotCache.java:lambda$1(166)) - Loading snapshot. Table key: /vol1/bucket2/snap1
2023-06-29 22:11:48,979 [KeyDeletingService#0] INFO  snapshot.SnapshotCache (SnapshotCache.java:lambda$1(166)) - Loading snapshot. Table key: /vol1/bucket2/snap1
2023-06-29 22:11:48,979 [KeyDeletingService#0] INFO  snapshot.SnapshotCache (SnapshotCache.java:lambda$1(166)) - Loading snapshot. Table key: /vol1/bucket2/snap1
2023-06-29 22:11:48,979 [KeyDeletingService#0] INFO  snapshot.SnapshotCache (SnapshotCache.java:lambda$1(166)) - Loading snapshot. Table key: /vol1/bucket2/snap1
2023-06-29 22:11:48,996 [KeyDeletingService#0] INFO  snapshot.SnapshotCache (SnapshotCache.java:lambda$1(166)) - Loading snapshot. Table key: /vol1/bucket2/snap1
2023-06-29 22:11:48,996 [KeyDeletingService#0] INFO  snapshot.SnapshotCache (SnapshotCache.java:lambda$1(166)) - Loading snapshot. Table key: /vol1/bucket2/snap1
2023-06-29 22:11:48,996 [KeyDeletingService#0] INFO  snapshot.SnapshotCache (SnapshotCache.java:lambda$1(166)) - Loading snapshot. Table key: /vol1/bucket2/snap1
2023-06-29 22:11:49,475 [KeyDeletingService#0] INFO  snapshot.SnapshotCache (SnapshotCache.java:lambda$1(166)) - Loading snapshot. Table key: /vol1/bucket2/snap1
2023-06-29 22:11:49,475 [KeyDeletingService#0] INFO  snapshot.SnapshotCache (SnapshotCache.java:lambda$1(166)) - Loading snapshot. Table key: /vol1/bucket2/snap1
2023-06-29 22:11:49,476 [KeyDeletingService#0] INFO  snapshot.SnapshotCache (SnapshotCache.java:lambda$1(166)) - Loading snapshot. Table key: /vol1/bucket2/snap1
2023-06-29 22:11:49,476 [KeyDeletingService#0] INFO  snapshot.SnapshotCache (SnapshotCache.java:lambda$1(166)) - Loading snapshot. Table key: /vol1/bucket2/snap1
2023-06-29 22:11:49,476 [KeyDeletingService#0] INFO  snapshot.SnapshotCache (SnapshotCache.java:lambda$1(166)) - Loading snapshot. Table key: /vol1/bucket2/snap1
2023-06-29 22:11:49,477 [KeyDeletingService#0] INFO  snapshot.SnapshotCache (SnapshotCache.java:lambda$1(166)) - Loading snapshot. Table key: /vol1/bucket2/snap1
2023-06-29 22:11:49,477 [KeyDeletingService#0] INFO  snapshot.SnapshotCache (SnapshotCache.java:lambda$1(166)) - Loading snapshot. Table key: /vol1/bucket2/snap1
2023-06-29 22:11:49,478 [KeyDeletingService#0] INFO  snapshot.SnapshotCache (SnapshotCache.java:lambda$1(166)) - Loading snapshot. Table key: /vol1/bucket2/snap1
2023-06-29 22:11:49,479 [KeyDeletingService#0] INFO  snapshot.SnapshotCache (SnapshotCache.java:lambda$1(166)) - Loading snapshot. Table key: /vol1/bucket2/snap1
2023-06-29 22:11:49,480 [KeyDeletingService#0] INFO  snapshot.SnapshotCache (SnapshotCache.java:lambda$1(166)) - Loading snapshot. Table key: /vol1/bucket2/snap1
2023-06-29 22:11:49,480 [KeyDeletingService#0] INFO  snapshot.SnapshotCache (SnapshotCache.java:lambda$1(166)) - Loading snapshot. Table key: /vol1/bucket2/snap1
2023-06-29 22:11:49,480 [KeyDeletingService#0] INFO  snapshot.SnapshotCache (SnapshotCache.java:lambda$1(166)) - Loading snapshot. Table key: /vol1/bucket2/snap1
2023-06-29 22:11:49,480 [KeyDeletingService#0] INFO  snapshot.SnapshotCache (SnapshotCache.java:lambda$1(166)) - Loading snapshot. Table key: /vol1/bucket2/snap1
2023-06-29 22:11:49,496 [KeyDeletingService#0] INFO  snapshot.SnapshotCache (SnapshotCache.java:lambda$1(166)) - Loading snapshot. Table key: /vol1/bucket2/snap1
2023-06-29 22:11:49,496 [KeyDeletingService#0] INFO  snapshot.SnapshotCache (SnapshotCache.java:lambda$1(166)) - Loading snapshot. Table key: /vol1/bucket2/snap1
2023-06-29 22:11:49,496 [KeyDeletingService#0] INFO  snapshot.SnapshotCache (SnapshotCache.java:lambda$1(166)) - Loading snapshot. Table key: /vol1/bucket2/snap1
2023-06-29 22:11:49,532 [main] INFO  ozone.TestSnapshotDeletingService (TestSnapshotDeletingService.java:assertTableRowCount(565)) - deletedTable actual row count=13, expectedCount=15
2023-06-29 22:11:49,975 [KeyDeletingService#0] INFO  snapshot.SnapshotCache (SnapshotCache.java:lambda$1(166)) - Loading snapshot. Table key: /vol1/bucket2/snap1
2023-06-29 22:11:49,975 [KeyDeletingService#0] INFO  snapshot.SnapshotCache (SnapshotCache.java:lambda$1(166)) - Loading snapshot. Table key: /vol1/bucket2/snap1
2023-06-29 22:11:49,976 [KeyDeletingService#0] INFO  snapshot.SnapshotCache (SnapshotCache.java:lambda$1(166)) - Loading snapshot. Table key: /vol1/bucket2/snap1
2023-06-29 22:11:49,977 [KeyDeletingService#0] INFO  snapshot.SnapshotCache (SnapshotCache.java:lambda$1(166)) - Loading snapshot. Table key: /vol1/bucket2/snap1
2023-06-29 22:11:49,977 [KeyDeletingService#0] INFO  snapshot.SnapshotCache (SnapshotCache.java:lambda$1(166)) - Loading snapshot. Table key: /vol1/bucket2/snap1
2023-06-29 22:11:49,978 [KeyDeletingService#0] INFO  snapshot.SnapshotCache (SnapshotCache.java:lambda$1(166)) - Loading snapshot. Table key: /vol1/bucket2/snap1
2023-06-29 22:11:49,979 [KeyDeletingService#0] INFO  snapshot.SnapshotCache (SnapshotCache.java:lambda$1(166)) - Loading snapshot. Table key: /vol1/bucket2/snap1
2023-06-29 22:11:49,980 [KeyDeletingService#0] INFO  snapshot.SnapshotCache (SnapshotCache.java:lambda$1(166)) - Loading snapshot. Table key: /vol1/bucket2/snap1
2023-06-29 22:11:49,980 [KeyDeletingService#0] INFO  snapshot.SnapshotCache (SnapshotCache.java:lambda$1(166)) - Loading snapshot. Table key: /vol1/bucket2/snap1
2023-06-29 22:11:49,980 [KeyDeletingService#0] INFO  snapshot.SnapshotCache (SnapshotCache.java:lambda$1(166)) - Loading snapshot. Table key: /vol1/bucket2/snap1
2023-06-29 22:11:49,981 [KeyDeletingService#0] INFO  snapshot.SnapshotCache (SnapshotCache.java:lambda$1(166)) - Loading snapshot. Table key: /vol1/bucket2/snap1
2023-06-29 22:11:49,981 [KeyDeletingService#0] INFO  snapshot.SnapshotCache (SnapshotCache.java:lambda$1(166)) - Loading snapshot. Table key: /vol1/bucket2/snap1
2023-06-29 22:11:49,981 [KeyDeletingService#0] INFO  snapshot.SnapshotCache (SnapshotCache.java:lambda$1(166)) - Loading snapshot. Table key: /vol1/bucket2/snap1
2023-06-29 22:11:49,996 [KeyDeletingService#0] INFO  snapshot.SnapshotCache (SnapshotCache.java:lambda$1(166)) - Loading snapshot. Table key: /vol1/bucket2/snap1
2023-06-29 22:11:49,996 [KeyDeletingService#0] INFO  snapshot.SnapshotCache (SnapshotCache.java:lambda$1(166)) - Loading snapshot. Table key: /vol1/bucket2/snap1
2023-06-29 22:11:49,997 [KeyDeletingService#0] INFO  snapshot.SnapshotCache (SnapshotCache.java:lambda$1(166)) - Loading snapshot. Table key: /vol1/bucket2/snap1
2023-06-29 22:11:50,475 [KeyDeletingService#0] INFO  snapshot.SnapshotCache (SnapshotCache.java:lambda$1(166)) - Loading snapshot. Table key: /vol1/bucket2/snap1
2023-06-29 22:11:50,475 [KeyDeletingService#0] INFO  snapshot.SnapshotCache (SnapshotCache.java:lambda$1(166)) - Loading snapshot. Table key: /vol1/bucket2/snap1
2023-06-29 22:11:50,476 [KeyDeletingService#0] INFO  snapshot.SnapshotCache (SnapshotCache.java:lambda$1(166)) - Loading snapshot. Table key: /vol1/bucket2/snap1
2023-06-29 22:11:50,476 [KeyDeletingService#0] INFO  snapshot.SnapshotCache (SnapshotCache.java:lambda$1(166)) - Loading snapshot. Table key: /vol1/bucket2/snap1
2023-06-29 22:11:50,476 [KeyDeletingService#0] INFO  snapshot.SnapshotCache (SnapshotCache.java:lambda$1(166)) - Loading snapshot. Table key: /vol1/bucket2/snap1
2023-06-29 22:11:50,477 [KeyDeletingService#0] INFO  snapshot.SnapshotCache (SnapshotCache.java:lambda$1(166)) - Loading snapshot. Table key: /vol1/bucket2/snap1
2023-06-29 22:11:50,477 [KeyDeletingService#0] INFO  snapshot.SnapshotCache (SnapshotCache.java:lambda$1(166)) - Loading snapshot. Table key: /vol1/bucket2/snap1
2023-06-29 22:11:50,478 [KeyDeletingService#0] INFO  snapshot.SnapshotCache (SnapshotCache.java:lambda$1(166)) - Loading snapshot. Table key: /vol1/bucket2/snap1
2023-06-29 22:11:50,478 [KeyDeletingService#0] INFO  snapshot.SnapshotCache (SnapshotCache.java:lambda$1(166)) - Loading snapshot. Table key: /vol1/bucket2/snap1
2023-06-29 22:11:50,478 [KeyDeletingService#0] INFO  snapshot.SnapshotCache (SnapshotCache.java:lambda$1(166)) - Loading snapshot. Table key: /vol1/bucket2/snap1
2023-06-29 22:11:50,479 [KeyDeletingService#0] INFO  snapshot.SnapshotCache (SnapshotCache.java:lambda$1(166)) - Loading snapshot. Table key: /vol1/bucket2/snap1
2023-06-29 22:11:50,479 [KeyDeletingService#0] INFO  snapshot.SnapshotCache (SnapshotCache.java:lambda$1(166)) - Loading snapshot. Table key: /vol1/bucket2/snap1
2023-06-29 22:11:50,479 [KeyDeletingService#0] INFO  snapshot.SnapshotCache (SnapshotCache.java:lambda$1(166)) - Loading snapshot. Table key: /vol1/bucket2/snap1
2023-06-29 22:11:50,496 [KeyDeletingService#0] INFO  snapshot.SnapshotCache (SnapshotCache.java:lambda$1(166)) - Loading snapshot. Table key: /vol1/bucket2/snap1
2023-06-29 22:11:50,496 [KeyDeletingService#0] INFO  snapshot.SnapshotCache (SnapshotCache.java:lambda$1(166)) - Loading snapshot. Table key: /vol1/bucket2/snap1
2023-06-29 22:11:50,497 [KeyDeletingService#0] INFO  snapshot.SnapshotCache (SnapshotCache.java:lambda$1(166)) - Loading snapshot. Table key: /vol1/bucket2/snap1
2023-06-29 22:11:50,533 [main] INFO  ozone.TestSnapshotDeletingService (TestSnapshotDeletingService.java:assertTableRowCount(565)) - deletedTable actual row count=13, expectedCount=15
2023-06-29 22:11:50,975 [KeyDeletingService#0] INFO  snapshot.SnapshotCache (SnapshotCache.java:lambda$1(166)) - Loading snapshot. Table key: /vol1/bucket2/snap1
2023-06-29 22:11:50,975 [KeyDeletingService#0] INFO  snapshot.SnapshotCache (SnapshotCache.java:lambda$1(166)) - Loading snapshot. Table key: /vol1/bucket2/snap1
2023-06-29 22:11:50,976 [KeyDeletingService#0] INFO  snapshot.SnapshotCache (SnapshotCache.java:lambda$1(166)) - Loading snapshot. Table key: /vol1/bucket2/snap1
2023-06-29 22:11:50,976 [KeyDeletingService#0] INFO  snapshot.SnapshotCache (SnapshotCache.java:lambda$1(166)) - Loading snapshot. Table key: /vol1/bucket2/snap1
2023-06-29 22:11:50,976 [KeyDeletingService#0] INFO  snapshot.SnapshotCache (SnapshotCache.java:lambda$1(166)) - Loading snapshot. Table key: /vol1/bucket2/snap1
2023-06-29 22:11:50,977 [KeyDeletingService#0] INFO  snapshot.SnapshotCache (SnapshotCache.java:lambda$1(166)) - Loading snapshot. Table key: /vol1/bucket2/snap1
2023-06-29 22:11:50,977 [KeyDeletingService#0] INFO  snapshot.SnapshotCache (SnapshotCache.java:lambda$1(166)) - Loading snapshot. Table key: /vol1/bucket2/snap1
2023-06-29 22:11:50,977 [KeyDeletingService#0] INFO  snapshot.SnapshotCache (SnapshotCache.java:lambda$1(166)) - Loading snapshot. Table key: /vol1/bucket2/snap1
2023-06-29 22:11:50,978 [KeyDeletingService#0] INFO  snapshot.SnapshotCache (SnapshotCache.java:lambda$1(166)) - Loading snapshot. Table key: /vol1/bucket2/snap1
2023-06-29 22:11:50,978 [KeyDeletingService#0] INFO  snapshot.SnapshotCache (SnapshotCache.java:lambda$1(166)) - Loading snapshot. Table key: /vol1/bucket2/snap1
2023-06-29 22:11:50,979 [KeyDeletingService#0] INFO  snapshot.SnapshotCache (SnapshotCache.java:lambda$1(166)) - Loading snapshot. Table key: /vol1/bucket2/snap1
2023-06-29 22:11:50,979 [KeyDeletingService#0] INFO  snapshot.SnapshotCache (SnapshotCache.java:lambda$1(166)) - Loading snapshot. Table key: /vol1/bucket2/snap1
2023-06-29 22:11:50,979 [KeyDeletingService#0] INFO  snapshot.SnapshotCache (SnapshotCache.java:lambda$1(166)) - Loading snapshot. Table key: /vol1/bucket2/snap1
2023-06-29 22:11:50,996 [KeyDeletingService#0] INFO  snapshot.SnapshotCache (SnapshotCache.java:lambda$1(166)) - Loading snapshot. Table key: /vol1/bucket2/snap1
2023-06-29 22:11:50,997 [KeyDeletingService#0] INFO  snapshot.SnapshotCache (SnapshotCache.java:lambda$1(166)) - Loading snapshot. Table key: /vol1/bucket2/snap1
2023-06-29 22:11:50,997 [KeyDeletingService#0] INFO  snapshot.SnapshotCache (SnapshotCache.java:lambda$1(166)) - Loading snapshot. Table key: /vol1/bucket2/snap1
2023-06-29 22:11:51,475 [KeyDeletingService#0] INFO  snapshot.SnapshotCache (SnapshotCache.java:lambda$1(166)) - Loading snapshot. Table key: /vol1/bucket2/snap1
2023-06-29 22:11:51,476 [KeyDeletingService#0] INFO  snapshot.SnapshotCache (SnapshotCache.java:lambda$1(166)) - Loading snapshot. Table key: /vol1/bucket2/snap1
2023-06-29 22:11:51,476 [KeyDeletingService#0] INFO  snapshot.SnapshotCache (SnapshotCache.java:lambda$1(166)) - Loading snapshot. Table key: /vol1/bucket2/snap1
2023-06-29 22:11:51,476 [KeyDeletingService#0] INFO  snapshot.SnapshotCache (SnapshotCache.java:lambda$1(166)) - Loading snapshot. Table key: /vol1/bucket2/snap1
2023-06-29 22:11:51,477 [KeyDeletingService#0] INFO  snapshot.SnapshotCache (SnapshotCache.java:lambda$1(166)) - Loading snapshot. Table key: /vol1/bucket2/snap1
2023-06-29 22:11:51,477 [KeyDeletingService#0] INFO  snapshot.SnapshotCache (SnapshotCache.java:lambda$1(166)) - Loading snapshot. Table key: /vol1/bucket2/snap1
2023-06-29 22:11:51,478 [KeyDeletingService#0] INFO  snapshot.SnapshotCache (SnapshotCache.java:lambda$1(166)) - Loading snapshot. Table key: /vol1/bucket2/snap1
2023-06-29 22:11:51,478 [KeyDeletingService#0] INFO  snapshot.SnapshotCache (SnapshotCache.java:lambda$1(166)) - Loading snapshot. Table key: /vol1/bucket2/snap1
2023-06-29 22:11:51,478 [KeyDeletingService#0] INFO  snapshot.SnapshotCache (SnapshotCache.java:lambda$1(166)) - Loading snapshot. Table key: /vol1/bucket2/snap1
2023-06-29 22:11:51,478 [KeyDeletingService#0] INFO  snapshot.SnapshotCache (SnapshotCache.java:lambda$1(166)) - Loading snapshot. Table key: /vol1/bucket2/snap1
2023-06-29 22:11:51,479 [KeyDeletingService#0] INFO  snapshot.SnapshotCache (SnapshotCache.java:lambda$1(166)) - Loading snapshot. Table key: /vol1/bucket2/snap1
2023-06-29 22:11:51,479 [KeyDeletingService#0] INFO  snapshot.SnapshotCache (SnapshotCache.java:lambda$1(166)) - Loading snapshot. Table key: /vol1/bucket2/snap1
2023-06-29 22:11:51,479 [KeyDeletingService#0] INFO  snapshot.SnapshotCache (SnapshotCache.java:lambda$1(166)) - Loading snapshot. Table key: /vol1/bucket2/snap1
2023-06-29 22:11:51,496 [KeyDeletingService#0] INFO  snapshot.SnapshotCache (SnapshotCache.java:lambda$1(166)) - Loading snapshot. Table key: /vol1/bucket2/snap1
2023-06-29 22:11:51,497 [KeyDeletingService#0] INFO  snapshot.SnapshotCache (SnapshotCache.java:lambda$1(166)) - Loading snapshot. Table key: /vol1/bucket2/snap1
2023-06-29 22:11:51,497 [KeyDeletingService#0] INFO  snapshot.SnapshotCache (SnapshotCache.java:lambda$1(166)) - Loading snapshot. Table key: /vol1/bucket2/snap1
2023-06-29 22:11:51,534 [main] INFO  ozone.TestSnapshotDeletingService (TestSnapshotDeletingService.java:assertTableRowCount(565)) - deletedTable actual row count=13, expectedCount=15
2023-06-29 22:11:51,975 [KeyDeletingService#0] INFO  snapshot.SnapshotCache (SnapshotCache.java:lambda$1(166)) - Loading snapshot. Table key: /vol1/bucket2/snap1
2023-06-29 22:11:51,976 [KeyDeletingService#0] INFO  snapshot.SnapshotCache (SnapshotCache.java:lambda$1(166)) - Loading snapshot. Table key: /vol1/bucket2/snap1
2023-06-29 22:11:51,976 [KeyDeletingService#0] INFO  snapshot.SnapshotCache (SnapshotCache.java:lambda$1(166)) - Loading snapshot. Table key: /vol1/bucket2/snap1
2023-06-29 22:11:51,976 [KeyDeletingService#0] INFO  snapshot.SnapshotCache (SnapshotCache.java:lambda$1(166)) - Loading snapshot. Table key: /vol1/bucket2/snap1
2023-06-29 22:11:51,977 [KeyDeletingService#0] INFO  snapshot.SnapshotCache (SnapshotCache.java:lambda$1(166)) - Loading snapshot. Table key: /vol1/bucket2/snap1
2023-06-29 22:11:51,977 [KeyDeletingService#0] INFO  snapshot.SnapshotCache (SnapshotCache.java:lambda$1(166)) - Loading snapshot. Table key: /vol1/bucket2/snap1
2023-06-29 22:11:51,978 [KeyDeletingService#0] INFO  snapshot.SnapshotCache (SnapshotCache.java:lambda$1(166)) - Loading snapshot. Table key: /vol1/bucket2/snap1
2023-06-29 22:11:51,978 [KeyDeletingService#0] INFO  snapshot.SnapshotCache (SnapshotCache.java:lambda$1(166)) - Loading snapshot. Table key: /vol1/bucket2/snap1
2023-06-29 22:11:51,978 [KeyDeletingService#0] INFO  snapshot.SnapshotCache (SnapshotCache.java:lambda$1(166)) - Loading snapshot. Table key: /vol1/bucket2/snap1
2023-06-29 22:11:51,979 [KeyDeletingService#0] INFO  snapshot.SnapshotCache (SnapshotCache.java:lambda$1(166)) - Loading snapshot. Table key: /vol1/bucket2/snap1
2023-06-29 22:11:51,979 [KeyDeletingService#0] INFO  snapshot.SnapshotCache (SnapshotCache.java:lambda$1(166)) - Loading snapshot. Table key: /vol1/bucket2/snap1
2023-06-29 22:11:51,979 [KeyDeletingService#0] INFO  snapshot.SnapshotCache (SnapshotCache.java:lambda$1(166)) - Loading snapshot. Table key: /vol1/bucket2/snap1
2023-06-29 22:11:51,979 [KeyDeletingService#0] INFO  snapshot.SnapshotCache (SnapshotCache.java:lambda$1(166)) - Loading snapshot. Table key: /vol1/bucket2/snap1
2023-06-29 22:11:51,996 [KeyDeletingService#0] INFO  snapshot.SnapshotCache (SnapshotCache.java:lambda$1(166)) - Loading snapshot. Table key: /vol1/bucket2/snap1
2023-06-29 22:11:51,997 [KeyDeletingService#0] INFO  snapshot.SnapshotCache (SnapshotCache.java:lambda$1(166)) - Loading snapshot. Table key: /vol1/bucket2/snap1
2023-06-29 22:11:51,997 [KeyDeletingService#0] INFO  snapshot.SnapshotCache (SnapshotCache.java:lambda$1(166)) - Loading snapshot. Table key: /vol1/bucket2/snap1
2023-06-29 22:11:52,475 [KeyDeletingService#0] INFO  snapshot.SnapshotCache (SnapshotCache.java:lambda$1(166)) - Loading snapshot. Table key: /vol1/bucket2/snap1
2023-06-29 22:11:52,476 [KeyDeletingService#0] INFO  snapshot.SnapshotCache (SnapshotCache.java:lambda$1(166)) - Loading snapshot. Table key: /vol1/bucket2/snap1
2023-06-29 22:11:52,476 [KeyDeletingService#0] INFO  snapshot.SnapshotCache (SnapshotCache.java:lambda$1(166)) - Loading snapshot. Table key: /vol1/bucket2/snap1
2023-06-29 22:11:52,476 [KeyDeletingService#0] INFO  snapshot.SnapshotCache (SnapshotCache.java:lambda$1(166)) - Loading snapshot. Table key: /vol1/bucket2/snap1
2023-06-29 22:11:52,477 [KeyDeletingService#0] INFO  snapshot.SnapshotCache (SnapshotCache.java:lambda$1(166)) - Loading snapshot. Table key: /vol1/bucket2/snap1
2023-06-29 22:11:52,477 [KeyDeletingService#0] INFO  snapshot.SnapshotCache (SnapshotCache.java:lambda$1(166)) - Loading snapshot. Table key: /vol1/bucket2/snap1
2023-06-29 22:11:52,477 [KeyDeletingService#0] INFO  snapshot.SnapshotCache (SnapshotCache.java:lambda$1(166)) - Loading snapshot. Table key: /vol1/bucket2/snap1
2023-06-29 22:11:52,478 [KeyDeletingService#0] INFO  snapshot.SnapshotCache (SnapshotCache.java:lambda$1(166)) - Loading snapshot. Table key: /vol1/bucket2/snap1
2023-06-29 22:11:52,478 [KeyDeletingService#0] INFO  snapshot.SnapshotCache (SnapshotCache.java:lambda$1(166)) - Loading snapshot. Table key: /vol1/bucket2/snap1
2023-06-29 22:11:52,481 [KeyDeletingService#0] INFO  snapshot.SnapshotCache (SnapshotCache.java:lambda$1(166)) - Loading snapshot. Table key: /vol1/bucket2/snap1
2023-06-29 22:11:52,481 [KeyDeletingService#0] INFO  snapshot.SnapshotCache (SnapshotCache.java:lambda$1(166)) - Loading snapshot. Table key: /vol1/bucket2/snap1
2023-06-29 22:11:52,481 [KeyDeletingService#0] INFO  snapshot.SnapshotCache (SnapshotCache.java:lambda$1(166)) - Loading snapshot. Table key: /vol1/bucket2/snap1
2023-06-29 22:11:52,482 [KeyDeletingService#0] INFO  snapshot.SnapshotCache (SnapshotCache.java:lambda$1(166)) - Loading snapshot. Table key: /vol1/bucket2/snap1
2023-06-29 22:11:52,496 [KeyDeletingService#0] INFO  snapshot.SnapshotCache (SnapshotCache.java:lambda$1(166)) - Loading snapshot. Table key: /vol1/bucket2/snap1
2023-06-29 22:11:52,497 [KeyDeletingService#0] INFO  snapshot.SnapshotCache (SnapshotCache.java:lambda$1(166)) - Loading snapshot. Table key: /vol1/bucket2/snap1
2023-06-29 22:11:52,497 [KeyDeletingService#0] INFO  snapshot.SnapshotCache (SnapshotCache.java:lambda$1(166)) - Loading snapshot. Table key: /vol1/bucket2/snap1
2023-06-29 22:11:52,535 [main] INFO  ozone.TestSnapshotDeletingService (TestSnapshotDeletingService.java:assertTableRowCount(565)) - deletedTable actual row count=13, expectedCount=15
2023-06-29 22:11:52,975 [KeyDeletingService#0] INFO  snapshot.SnapshotCache (SnapshotCache.java:lambda$1(166)) - Loading snapshot. Table key: /vol1/bucket2/snap1
2023-06-29 22:11:52,976 [KeyDeletingService#0] INFO  snapshot.SnapshotCache (SnapshotCache.java:lambda$1(166)) - Loading snapshot. Table key: /vol1/bucket2/snap1
2023-06-29 22:11:52,976 [KeyDeletingService#0] INFO  snapshot.SnapshotCache (SnapshotCache.java:lambda$1(166)) - Loading snapshot. Table key: /vol1/bucket2/snap1
2023-06-29 22:11:52,977 [KeyDeletingService#0] INFO  snapshot.SnapshotCache (SnapshotCache.java:lambda$1(166)) - Loading snapshot. Table key: /vol1/bucket2/snap1
2023-06-29 22:11:52,977 [KeyDeletingService#0] INFO  snapshot.SnapshotCache (SnapshotCache.java:lambda$1(166)) - Loading snapshot. Table key: /vol1/bucket2/snap1
2023-06-29 22:11:52,977 [KeyDeletingService#0] INFO  snapshot.SnapshotCache (SnapshotCache.java:lambda$1(166)) - Loading snapshot. Table key: /vol1/bucket2/snap1
2023-06-29 22:11:52,978 [KeyDeletingService#0] INFO  snapshot.SnapshotCache (SnapshotCache.java:lambda$1(166)) - Loading snapshot. Table key: /vol1/bucket2/snap1
2023-06-29 22:11:52,978 [KeyDeletingService#0] INFO  snapshot.SnapshotCache (SnapshotCache.java:lambda$1(166)) - Loading snapshot. Table key: /vol1/bucket2/snap1
2023-06-29 22:11:52,978 [KeyDeletingService#0] INFO  snapshot.SnapshotCache (SnapshotCache.java:lambda$1(166)) - Loading snapshot. Table key: /vol1/bucket2/snap1
2023-06-29 22:11:52,979 [KeyDeletingService#0] INFO  snapshot.SnapshotCache (SnapshotCache.java:lambda$1(166)) - Loading snapshot. Table key: /vol1/bucket2/snap1
2023-06-29 22:11:52,979 [KeyDeletingService#0] INFO  snapshot.SnapshotCache (SnapshotCache.java:lambda$1(166)) - Loading snapshot. Table key: /vol1/bucket2/snap1
2023-06-29 22:11:52,979 [KeyDeletingService#0] INFO  snapshot.SnapshotCache (SnapshotCache.java:lambda$1(166)) - Loading snapshot. Table key: /vol1/bucket2/snap1
2023-06-29 22:11:52,980 [KeyDeletingService#0] INFO  snapshot.SnapshotCache (SnapshotCache.java:lambda$1(166)) - Loading snapshot. Table key: /vol1/bucket2/snap1
2023-06-29 22:11:52,997 [KeyDeletingService#0] INFO  snapshot.SnapshotCache (SnapshotCache.java:lambda$1(166)) - Loading snapshot. Table key: /vol1/bucket2/snap1
2023-06-29 22:11:52,997 [KeyDeletingService#0] INFO  snapshot.SnapshotCache (SnapshotCache.java:lambda$1(166)) - Loading snapshot. Table key: /vol1/bucket2/snap1
2023-06-29 22:11:52,997 [KeyDeletingService#0] INFO  snapshot.SnapshotCache (SnapshotCache.java:lambda$1(166)) - Loading snapshot. Table key: /vol1/bucket2/snap1
2023-06-29 22:11:53,476 [KeyDeletingService#0] INFO  snapshot.SnapshotCache (SnapshotCache.java:lambda$1(166)) - Loading snapshot. Table key: /vol1/bucket2/snap1
2023-06-29 22:11:53,476 [KeyDeletingService#0] INFO  snapshot.SnapshotCache (SnapshotCache.java:lambda$1(166)) - Loading snapshot. Table key: /vol1/bucket2/snap1
2023-06-29 22:11:53,476 [KeyDeletingService#0] INFO  snapshot.SnapshotCache (SnapshotCache.java:lambda$1(166)) - Loading snapshot. Table key: /vol1/bucket2/snap1
2023-06-29 22:11:53,477 [KeyDeletingService#0] INFO  snapshot.SnapshotCache (SnapshotCache.java:lambda$1(166)) - Loading snapshot. Table key: /vol1/bucket2/snap1
2023-06-29 22:11:53,477 [KeyDeletingService#0] INFO  snapshot.SnapshotCache (SnapshotCache.java:lambda$1(166)) - Loading snapshot. Table key: /vol1/bucket2/snap1
2023-06-29 22:11:53,478 [KeyDeletingService#0] INFO  snapshot.SnapshotCache (SnapshotCache.java:lambda$1(166)) - Loading snapshot. Table key: /vol1/bucket2/snap1
2023-06-29 22:11:53,478 [KeyDeletingService#0] INFO  snapshot.SnapshotCache (SnapshotCache.java:lambda$1(166)) - Loading snapshot. Table key: /vol1/bucket2/snap1
2023-06-29 22:11:53,478 [KeyDeletingService#0] INFO  snapshot.SnapshotCache (SnapshotCache.java:lambda$1(166)) - Loading snapshot. Table key: /vol1/bucket2/snap1
2023-06-29 22:11:53,478 [KeyDeletingService#0] INFO  snapshot.SnapshotCache (SnapshotCache.java:lambda$1(166)) - Loading snapshot. Table key: /vol1/bucket2/snap1
2023-06-29 22:11:53,479 [KeyDeletingService#0] INFO  snapshot.SnapshotCache (SnapshotCache.java:lambda$1(166)) - Loading snapshot. Table key: /vol1/bucket2/snap1
2023-06-29 22:11:53,479 [KeyDeletingService#0] INFO  snapshot.SnapshotCache (SnapshotCache.java:lambda$1(166)) - Loading snapshot. Table key: /vol1/bucket2/snap1
2023-06-29 22:11:53,479 [KeyDeletingService#0] INFO  snapshot.SnapshotCache (SnapshotCache.java:lambda$1(166)) - Loading snapshot. Table key: /vol1/bucket2/snap1
2023-06-29 22:11:53,480 [KeyDeletingService#0] INFO  snapshot.SnapshotCache (SnapshotCache.java:lambda$1(166)) - Loading snapshot. Table key: /vol1/bucket2/snap1
2023-06-29 22:11:53,497 [KeyDeletingService#0] INFO  snapshot.SnapshotCache (SnapshotCache.java:lambda$1(166)) - Loading snapshot. Table key: /vol1/bucket2/snap1
2023-06-29 22:11:53,497 [KeyDeletingService#0] INFO  snapshot.SnapshotCache (SnapshotCache.java:lambda$1(166)) - Loading snapshot. Table key: /vol1/bucket2/snap1
2023-06-29 22:11:53,497 [KeyDeletingService#0] INFO  snapshot.SnapshotCache (SnapshotCache.java:lambda$1(166)) - Loading snapshot. Table key: /vol1/bucket2/snap1
2023-06-29 22:11:53,536 [main] INFO  ozone.TestSnapshotDeletingService (TestSnapshotDeletingService.java:assertTableRowCount(565)) - deletedTable actual row count=13, expectedCount=15
2023-06-29 22:11:53,976 [KeyDeletingService#0] INFO  snapshot.SnapshotCache (SnapshotCache.java:lambda$1(166)) - Loading snapshot. Table key: /vol1/bucket2/snap1
2023-06-29 22:11:53,976 [KeyDeletingService#0] INFO  snapshot.SnapshotCache (SnapshotCache.java:lambda$1(166)) - Loading snapshot. Table key: /vol1/bucket2/snap1
2023-06-29 22:11:53,976 [KeyDeletingService#0] INFO  snapshot.SnapshotCache (SnapshotCache.java:lambda$1(166)) - Loading snapshot. Table key: /vol1/bucket2/snap1
2023-06-29 22:11:53,977 [KeyDeletingService#0] INFO  snapshot.SnapshotCache (SnapshotCache.java:lambda$1(166)) - Loading snapshot. Table key: /vol1/bucket2/snap1
2023-06-29 22:11:53,977 [KeyDeletingService#0] INFO  snapshot.SnapshotCache (SnapshotCache.java:lambda$1(166)) - Loading snapshot. Table key: /vol1/bucket2/snap1
2023-06-29 22:11:53,977 [KeyDeletingService#0] INFO  snapshot.SnapshotCache (SnapshotCache.java:lambda$1(166)) - Loading snapshot. Table key: /vol1/bucket2/snap1
2023-06-29 22:11:53,978 [KeyDeletingService#0] INFO  snapshot.SnapshotCache (SnapshotCache.java:lambda$1(166)) - Loading snapshot. Table key: /vol1/bucket2/snap1
2023-06-29 22:11:53,978 [KeyDeletingService#0] INFO  snapshot.SnapshotCache (SnapshotCache.java:lambda$1(166)) - Loading snapshot. Table key: /vol1/bucket2/snap1
2023-06-29 22:11:53,978 [KeyDeletingService#0] INFO  snapshot.SnapshotCache (SnapshotCache.java:lambda$1(166)) - Loading snapshot. Table key: /vol1/bucket2/snap1
2023-06-29 22:11:53,979 [KeyDeletingService#0] INFO  snapshot.SnapshotCache (SnapshotCache.java:lambda$1(166)) - Loading snapshot. Table key: /vol1/bucket2/snap1
2023-06-29 22:11:53,979 [KeyDeletingService#0] INFO  snapshot.SnapshotCache (SnapshotCache.java:lambda$1(166)) - Loading snapshot. Table key: /vol1/bucket2/snap1
2023-06-29 22:11:53,980 [KeyDeletingService#0] INFO  snapshot.SnapshotCache (SnapshotCache.java:lambda$1(166)) - Loading snapshot. Table key: /vol1/bucket2/snap1
2023-06-29 22:11:53,980 [KeyDeletingService#0] INFO  snapshot.SnapshotCache (SnapshotCache.java:lambda$1(166)) - Loading snapshot. Table key: /vol1/bucket2/snap1
2023-06-29 22:11:53,997 [KeyDeletingService#0] INFO  snapshot.SnapshotCache (SnapshotCache.java:lambda$1(166)) - Loading snapshot. Table key: /vol1/bucket2/snap1
2023-06-29 22:11:53,997 [KeyDeletingService#0] INFO  snapshot.SnapshotCache (SnapshotCache.java:lambda$1(166)) - Loading snapshot. Table key: /vol1/bucket2/snap1
2023-06-29 22:11:53,997 [KeyDeletingService#0] INFO  snapshot.SnapshotCache (SnapshotCache.java:lambda$1(166)) - Loading snapshot. Table key: /vol1/bucket2/snap1
2023-06-29 22:11:54,476 [KeyDeletingService#0] INFO  snapshot.SnapshotCache (SnapshotCache.java:lambda$1(166)) - Loading snapshot. Table key: /vol1/bucket2/snap1
2023-06-29 22:11:54,476 [KeyDeletingService#0] INFO  snapshot.SnapshotCache (SnapshotCache.java:lambda$1(166)) - Loading snapshot. Table key: /vol1/bucket2/snap1
2023-06-29 22:11:54,477 [KeyDeletingService#0] INFO  snapshot.SnapshotCache (SnapshotCache.java:lambda$1(166)) - Loading snapshot. Table key: /vol1/bucket2/snap1
2023-06-29 22:11:54,477 [KeyDeletingService#0] INFO  snapshot.SnapshotCache (SnapshotCache.java:lambda$1(166)) - Loading snapshot. Table key: /vol1/bucket2/snap1
2023-06-29 22:11:54,477 [KeyDeletingService#0] INFO  snapshot.SnapshotCache (SnapshotCache.java:lambda$1(166)) - Loading snapshot. Table key: /vol1/bucket2/snap1
2023-06-29 22:11:54,478 [KeyDeletingService#0] INFO  snapshot.SnapshotCache (SnapshotCache.java:lambda$1(166)) - Loading snapshot. Table key: /vol1/bucket2/snap1
2023-06-29 22:11:54,478 [KeyDeletingService#0] INFO  snapshot.SnapshotCache (SnapshotCache.java:lambda$1(166)) - Loading snapshot. Table key: /vol1/bucket2/snap1
2023-06-29 22:11:54,478 [KeyDeletingService#0] INFO  snapshot.SnapshotCache (SnapshotCache.java:lambda$1(166)) - Loading snapshot. Table key: /vol1/bucket2/snap1
2023-06-29 22:11:54,478 [KeyDeletingService#0] INFO  snapshot.SnapshotCache (SnapshotCache.java:lambda$1(166)) - Loading snapshot. Table key: /vol1/bucket2/snap1
2023-06-29 22:11:54,479 [KeyDeletingService#0] INFO  snapshot.SnapshotCache (SnapshotCache.java:lambda$1(166)) - Loading snapshot. Table key: /vol1/bucket2/snap1
2023-06-29 22:11:54,479 [KeyDeletingService#0] INFO  snapshot.SnapshotCache (SnapshotCache.java:lambda$1(166)) - Loading snapshot. Table key: /vol1/bucket2/snap1
2023-06-29 22:11:54,480 [KeyDeletingService#0] INFO  snapshot.SnapshotCache (SnapshotCache.java:lambda$1(166)) - Loading snapshot. Table key: /vol1/bucket2/snap1
2023-06-29 22:11:54,480 [KeyDeletingService#0] INFO  snapshot.SnapshotCache (SnapshotCache.java:lambda$1(166)) - Loading snapshot. Table key: /vol1/bucket2/snap1
2023-06-29 22:11:54,497 [KeyDeletingService#0] INFO  snapshot.SnapshotCache (SnapshotCache.java:lambda$1(166)) - Loading snapshot. Table key: /vol1/bucket2/snap1
2023-06-29 22:11:54,497 [KeyDeletingService#0] INFO  snapshot.SnapshotCache (SnapshotCache.java:lambda$1(166)) - Loading snapshot. Table key: /vol1/bucket2/snap1
2023-06-29 22:11:54,497 [KeyDeletingService#0] INFO  snapshot.SnapshotCache (SnapshotCache.java:lambda$1(166)) - Loading snapshot. Table key: /vol1/bucket2/snap1
2023-06-29 22:11:54,537 [main] INFO  ozone.TestSnapshotDeletingService (TestSnapshotDeletingService.java:assertTableRowCount(565)) - deletedTable actual row count=13, expectedCount=15
2023-06-29 22:11:54,976 [KeyDeletingService#0] INFO  snapshot.SnapshotCache (SnapshotCache.java:lambda$1(166)) - Loading snapshot. Table key: /vol1/bucket2/snap1
2023-06-29 22:11:54,976 [KeyDeletingService#0] INFO  snapshot.SnapshotCache (SnapshotCache.java:lambda$1(166)) - Loading snapshot. Table key: /vol1/bucket2/snap1
2023-06-29 22:11:54,977 [KeyDeletingService#0] INFO  snapshot.SnapshotCache (SnapshotCache.java:lambda$1(166)) - Loading snapshot. Table key: /vol1/bucket2/snap1
2023-06-29 22:11:54,977 [KeyDeletingService#0] INFO  snapshot.SnapshotCache (SnapshotCache.java:lambda$1(166)) - Loading snapshot. Table key: /vol1/bucket2/snap1
2023-06-29 22:11:54,977 [KeyDeletingService#0] INFO  snapshot.SnapshotCache (SnapshotCache.java:lambda$1(166)) - Loading snapshot. Table key: /vol1/bucket2/snap1
2023-06-29 22:11:54,978 [KeyDeletingService#0] INFO  snapshot.SnapshotCache (SnapshotCache.java:lambda$1(166)) - Loading snapshot. Table key: /vol1/bucket2/snap1
2023-06-29 22:11:54,978 [KeyDeletingService#0] INFO  snapshot.SnapshotCache (SnapshotCache.java:lambda$1(166)) - Loading snapshot. Table key: /vol1/bucket2/snap1
2023-06-29 22:11:54,978 [KeyDeletingService#0] INFO  snapshot.SnapshotCache (SnapshotCache.java:lambda$1(166)) - Loading snapshot. Table key: /vol1/bucket2/snap1
2023-06-29 22:11:54,978 [KeyDeletingService#0] INFO  snapshot.SnapshotCache (SnapshotCache.java:lambda$1(166)) - Loading snapshot. Table key: /vol1/bucket2/snap1
2023-06-29 22:11:54,979 [KeyDeletingService#0] INFO  snapshot.SnapshotCache (SnapshotCache.java:lambda$1(166)) - Loading snapshot. Table key: /vol1/bucket2/snap1
2023-06-29 22:11:54,979 [KeyDeletingService#0] INFO  snapshot.SnapshotCache (SnapshotCache.java:lambda$1(166)) - Loading snapshot. Table key: /vol1/bucket2/snap1
2023-06-29 22:11:54,980 [KeyDeletingService#0] INFO  snapshot.SnapshotCache (SnapshotCache.java:lambda$1(166)) - Loading snapshot. Table key: /vol1/bucket2/snap1
2023-06-29 22:11:54,980 [KeyDeletingService#0] INFO  snapshot.SnapshotCache (SnapshotCache.java:lambda$1(166)) - Loading snapshot. Table key: /vol1/bucket2/snap1
2023-06-29 22:11:54,997 [KeyDeletingService#0] INFO  snapshot.SnapshotCache (SnapshotCache.java:lambda$1(166)) - Loading snapshot. Table key: /vol1/bucket2/snap1
2023-06-29 22:11:54,997 [KeyDeletingService#0] INFO  snapshot.SnapshotCache (SnapshotCache.java:lambda$1(166)) - Loading snapshot. Table key: /vol1/bucket2/snap1
2023-06-29 22:11:54,997 [KeyDeletingService#0] INFO  snapshot.SnapshotCache (SnapshotCache.java:lambda$1(166)) - Loading snapshot. Table key: /vol1/bucket2/snap1
2023-06-29 22:11:55,476 [KeyDeletingService#0] INFO  snapshot.SnapshotCache (SnapshotCache.java:lambda$1(166)) - Loading snapshot. Table key: /vol1/bucket2/snap1
2023-06-29 22:11:55,476 [KeyDeletingService#0] INFO  snapshot.SnapshotCache (SnapshotCache.java:lambda$1(166)) - Loading snapshot. Table key: /vol1/bucket2/snap1
2023-06-29 22:11:55,477 [KeyDeletingService#0] INFO  snapshot.SnapshotCache (SnapshotCache.java:lambda$1(166)) - Loading snapshot. Table key: /vol1/bucket2/snap1
2023-06-29 22:11:55,477 [KeyDeletingService#0] INFO  snapshot.SnapshotCache (SnapshotCache.java:lambda$1(166)) - Loading snapshot. Table key: /vol1/bucket2/snap1
2023-06-29 22:11:55,477 [KeyDeletingService#0] INFO  snapshot.SnapshotCache (SnapshotCache.java:lambda$1(166)) - Loading snapshot. Table key: /vol1/bucket2/snap1
2023-06-29 22:11:55,478 [KeyDeletingService#0] INFO  snapshot.SnapshotCache (SnapshotCache.java:lambda$1(166)) - Loading snapshot. Table key: /vol1/bucket2/snap1
2023-06-29 22:11:55,478 [KeyDeletingService#0] INFO  snapshot.SnapshotCache (SnapshotCache.java:lambda$1(166)) - Loading snapshot. Table key: /vol1/bucket2/snap1
2023-06-29 22:11:55,478 [KeyDeletingService#0] INFO  snapshot.SnapshotCache (SnapshotCache.java:lambda$1(166)) - Loading snapshot. Table key: /vol1/bucket2/snap1
2023-06-29 22:11:55,479 [KeyDeletingService#0] INFO  snapshot.SnapshotCache (SnapshotCache.java:lambda$1(166)) - Loading snapshot. Table key: /vol1/bucket2/snap1
2023-06-29 22:11:55,479 [KeyDeletingService#0] INFO  snapshot.SnapshotCache (SnapshotCache.java:lambda$1(166)) - Loading snapshot. Table key: /vol1/bucket2/snap1
2023-06-29 22:11:55,480 [KeyDeletingService#0] INFO  snapshot.SnapshotCache (SnapshotCache.java:lambda$1(166)) - Loading snapshot. Table key: /vol1/bucket2/snap1
2023-06-29 22:11:55,480 [KeyDeletingService#0] INFO  snapshot.SnapshotCache (SnapshotCache.java:lambda$1(166)) - Loading snapshot. Table key: /vol1/bucket2/snap1
2023-06-29 22:11:55,480 [KeyDeletingService#0] INFO  snapshot.SnapshotCache (SnapshotCache.java:lambda$1(166)) - Loading snapshot. Table key: /vol1/bucket2/snap1
2023-06-29 22:11:55,497 [KeyDeletingService#0] INFO  snapshot.SnapshotCache (SnapshotCache.java:lambda$1(166)) - Loading snapshot. Table key: /vol1/bucket2/snap1
2023-06-29 22:11:55,497 [KeyDeletingService#0] INFO  snapshot.SnapshotCache (SnapshotCache.java:lambda$1(166)) - Loading snapshot. Table key: /vol1/bucket2/snap1
2023-06-29 22:11:55,498 [KeyDeletingService#0] INFO  snapshot.SnapshotCache (SnapshotCache.java:lambda$1(166)) - Loading snapshot. Table key: /vol1/bucket2/snap1
2023-06-29 22:11:55,538 [main] INFO  ozone.TestSnapshotDeletingService (TestSnapshotDeletingService.java:assertTableRowCount(565)) - deletedTable actual row count=13, expectedCount=15
2023-06-29 22:11:55,976 [KeyDeletingService#0] INFO  snapshot.SnapshotCache (SnapshotCache.java:lambda$1(166)) - Loading snapshot. Table key: /vol1/bucket2/snap1
2023-06-29 22:11:55,976 [KeyDeletingService#0] INFO  snapshot.SnapshotCache (SnapshotCache.java:lambda$1(166)) - Loading snapshot. Table key: /vol1/bucket2/snap1
2023-06-29 22:11:55,977 [KeyDeletingService#0] INFO  snapshot.SnapshotCache (SnapshotCache.java:lambda$1(166)) - Loading snapshot. Table key: /vol1/bucket2/snap1
2023-06-29 22:11:55,977 [KeyDeletingService#0] INFO  snapshot.SnapshotCache (SnapshotCache.java:lambda$1(166)) - Loading snapshot. Table key: /vol1/bucket2/snap1
2023-06-29 22:11:55,977 [KeyDeletingService#0] INFO  snapshot.SnapshotCache (SnapshotCache.java:lambda$1(166)) - Loading snapshot. Table key: /vol1/bucket2/snap1
2023-06-29 22:11:55,978 [KeyDeletingService#0] INFO  snapshot.SnapshotCache (SnapshotCache.java:lambda$1(166)) - Loading snapshot. Table key: /vol1/bucket2/snap1
2023-06-29 22:11:55,978 [KeyDeletingService#0] INFO  snapshot.SnapshotCache (SnapshotCache.java:lambda$1(166)) - Loading snapshot. Table key: /vol1/bucket2/snap1
2023-06-29 22:11:55,978 [KeyDeletingService#0] INFO  snapshot.SnapshotCache (SnapshotCache.java:lambda$1(166)) - Loading snapshot. Table key: /vol1/bucket2/snap1
2023-06-29 22:11:55,978 [KeyDeletingService#0] INFO  snapshot.SnapshotCache (SnapshotCache.java:lambda$1(166)) - Loading snapshot. Table key: /vol1/bucket2/snap1
2023-06-29 22:11:55,979 [KeyDeletingService#0] INFO  snapshot.SnapshotCache (SnapshotCache.java:lambda$1(166)) - Loading snapshot. Table key: /vol1/bucket2/snap1
2023-06-29 22:11:55,979 [KeyDeletingService#0] INFO  snapshot.SnapshotCache (SnapshotCache.java:lambda$1(166)) - Loading snapshot. Table key: /vol1/bucket2/snap1
2023-06-29 22:11:55,979 [KeyDeletingService#0] INFO  snapshot.SnapshotCache (SnapshotCache.java:lambda$1(166)) - Loading snapshot. Table key: /vol1/bucket2/snap1
2023-06-29 22:11:55,980 [KeyDeletingService#0] INFO  snapshot.SnapshotCache (SnapshotCache.java:lambda$1(166)) - Loading snapshot. Table key: /vol1/bucket2/snap1
2023-06-29 22:11:55,997 [KeyDeletingService#0] INFO  snapshot.SnapshotCache (SnapshotCache.java:lambda$1(166)) - Loading snapshot. Table key: /vol1/bucket2/snap1
2023-06-29 22:11:55,997 [KeyDeletingService#0] INFO  snapshot.SnapshotCache (SnapshotCache.java:lambda$1(166)) - Loading snapshot. Table key: /vol1/bucket2/snap1
2023-06-29 22:11:55,998 [KeyDeletingService#0] INFO  snapshot.SnapshotCache (SnapshotCache.java:lambda$1(166)) - Loading snapshot. Table key: /vol1/bucket2/snap1
2023-06-29 22:11:56,476 [KeyDeletingService#0] INFO  snapshot.SnapshotCache (SnapshotCache.java:lambda$1(166)) - Loading snapshot. Table key: /vol1/bucket2/snap1
2023-06-29 22:11:56,476 [KeyDeletingService#0] INFO  snapshot.SnapshotCache (SnapshotCache.java:lambda$1(166)) - Loading snapshot. Table key: /vol1/bucket2/snap1
2023-06-29 22:11:56,477 [KeyDeletingService#0] INFO  snapshot.SnapshotCache (SnapshotCache.java:lambda$1(166)) - Loading snapshot. Table key: /vol1/bucket2/snap1
2023-06-29 22:11:56,477 [KeyDeletingService#0] INFO  snapshot.SnapshotCache (SnapshotCache.java:lambda$1(166)) - Loading snapshot. Table key: /vol1/bucket2/snap1
2023-06-29 22:11:56,478 [KeyDeletingService#0] INFO  snapshot.SnapshotCache (SnapshotCache.java:lambda$1(166)) - Loading snapshot. Table key: /vol1/bucket2/snap1
2023-06-29 22:11:56,478 [KeyDeletingService#0] INFO  snapshot.SnapshotCache (SnapshotCache.java:lambda$1(166)) - Loading snapshot. Table key: /vol1/bucket2/snap1
2023-06-29 22:11:56,478 [KeyDeletingService#0] INFO  snapshot.SnapshotCache (SnapshotCache.java:lambda$1(166)) - Loading snapshot. Table key: /vol1/bucket2/snap1
2023-06-29 22:11:56,478 [KeyDeletingService#0] INFO  snapshot.SnapshotCache (SnapshotCache.java:lambda$1(166)) - Loading snapshot. Table key: /vol1/bucket2/snap1
2023-06-29 22:11:56,479 [KeyDeletingService#0] INFO  snapshot.SnapshotCache (SnapshotCache.java:lambda$1(166)) - Loading snapshot. Table key: /vol1/bucket2/snap1
2023-06-29 22:11:56,479 [KeyDeletingService#0] INFO  snapshot.SnapshotCache (SnapshotCache.java:lambda$1(166)) - Loading snapshot. Table key: /vol1/bucket2/snap1
2023-06-29 22:11:56,479 [KeyDeletingService#0] INFO  snapshot.SnapshotCache (SnapshotCache.java:lambda$1(166)) - Loading snapshot. Table key: /vol1/bucket2/snap1
2023-06-29 22:11:56,483 [KeyDeletingService#0] INFO  snapshot.SnapshotCache (SnapshotCache.java:lambda$1(166)) - Loading snapshot. Table key: /vol1/bucket2/snap1
2023-06-29 22:11:56,484 [KeyDeletingService#0] INFO  snapshot.SnapshotCache (SnapshotCache.java:lambda$1(166)) - Loading snapshot. Table key: /vol1/bucket2/snap1
2023-06-29 22:11:56,497 [KeyDeletingService#0] INFO  snapshot.SnapshotCache (SnapshotCache.java:lambda$1(166)) - Loading snapshot. Table key: /vol1/bucket2/snap1
2023-06-29 22:11:56,498 [KeyDeletingService#0] INFO  snapshot.SnapshotCache (SnapshotCache.java:lambda$1(166)) - Loading snapshot. Table key: /vol1/bucket2/snap1
2023-06-29 22:11:56,498 [KeyDeletingService#0] INFO  snapshot.SnapshotCache (SnapshotCache.java:lambda$1(166)) - Loading snapshot. Table key: /vol1/bucket2/snap1
2023-06-29 22:11:56,539 [main] INFO  ozone.TestSnapshotDeletingService (TestSnapshotDeletingService.java:assertTableRowCount(565)) - deletedTable actual row count=13, expectedCount=15
2023-06-29 22:11:56,976 [KeyDeletingService#0] INFO  snapshot.SnapshotCache (SnapshotCache.java:lambda$1(166)) - Loading snapshot. Table key: /vol1/bucket2/snap1
2023-06-29 22:11:56,977 [KeyDeletingService#0] INFO  snapshot.SnapshotCache (SnapshotCache.java:lambda$1(166)) - Loading snapshot. Table key: /vol1/bucket2/snap1
2023-06-29 22:11:56,977 [KeyDeletingService#0] INFO  snapshot.SnapshotCache (SnapshotCache.java:lambda$1(166)) - Loading snapshot. Table key: /vol1/bucket2/snap1
2023-06-29 22:11:56,977 [KeyDeletingService#0] INFO  snapshot.SnapshotCache (SnapshotCache.java:lambda$1(166)) - Loading snapshot. Table key: /vol1/bucket2/snap1
2023-06-29 22:11:56,978 [KeyDeletingService#0] INFO  snapshot.SnapshotCache (SnapshotCache.java:lambda$1(166)) - Loading snapshot. Table key: /vol1/bucket2/snap1
2023-06-29 22:11:56,978 [KeyDeletingService#0] INFO  snapshot.SnapshotCache (SnapshotCache.java:lambda$1(166)) - Loading snapshot. Table key: /vol1/bucket2/snap1
2023-06-29 22:11:56,978 [KeyDeletingService#0] INFO  snapshot.SnapshotCache (SnapshotCache.java:lambda$1(166)) - Loading snapshot. Table key: /vol1/bucket2/snap1
2023-06-29 22:11:56,979 [KeyDeletingService#0] INFO  snapshot.SnapshotCache (SnapshotCache.java:lambda$1(166)) - Loading snapshot. Table key: /vol1/bucket2/snap1
2023-06-29 22:11:56,979 [KeyDeletingService#0] INFO  snapshot.SnapshotCache (SnapshotCache.java:lambda$1(166)) - Loading snapshot. Table key: /vol1/bucket2/snap1
2023-06-29 22:11:56,979 [KeyDeletingService#0] INFO  snapshot.SnapshotCache (SnapshotCache.java:lambda$1(166)) - Loading snapshot. Table key: /vol1/bucket2/snap1
2023-06-29 22:11:56,979 [KeyDeletingService#0] INFO  snapshot.SnapshotCache (SnapshotCache.java:lambda$1(166)) - Loading snapshot. Table key: /vol1/bucket2/snap1
2023-06-29 22:11:56,980 [KeyDeletingService#0] INFO  snapshot.SnapshotCache (SnapshotCache.java:lambda$1(166)) - Loading snapshot. Table key: /vol1/bucket2/snap1
2023-06-29 22:11:56,980 [KeyDeletingService#0] INFO  snapshot.SnapshotCache (SnapshotCache.java:lambda$1(166)) - Loading snapshot. Table key: /vol1/bucket2/snap1
2023-06-29 22:11:56,997 [KeyDeletingService#0] INFO  snapshot.SnapshotCache (SnapshotCache.java:lambda$1(166)) - Loading snapshot. Table key: /vol1/bucket2/snap1
2023-06-29 22:11:56,998 [KeyDeletingService#0] INFO  snapshot.SnapshotCache (SnapshotCache.java:lambda$1(166)) - Loading snapshot. Table key: /vol1/bucket2/snap1
2023-06-29 22:11:56,998 [KeyDeletingService#0] INFO  snapshot.SnapshotCache (SnapshotCache.java:lambda$1(166)) - Loading snapshot. Table key: /vol1/bucket2/snap1
2023-06-29 22:11:57,476 [KeyDeletingService#0] INFO  snapshot.SnapshotCache (SnapshotCache.java:lambda$1(166)) - Loading snapshot. Table key: /vol1/bucket2/snap1
2023-06-29 22:11:57,477 [KeyDeletingService#0] INFO  snapshot.SnapshotCache (SnapshotCache.java:lambda$1(166)) - Loading snapshot. Table key: /vol1/bucket2/snap1
2023-06-29 22:11:57,477 [KeyDeletingService#0] INFO  snapshot.SnapshotCache (SnapshotCache.java:lambda$1(166)) - Loading snapshot. Table key: /vol1/bucket2/snap1
2023-06-29 22:11:57,478 [KeyDeletingService#0] INFO  snapshot.SnapshotCache (SnapshotCache.java:lambda$1(166)) - Loading snapshot. Table key: /vol1/bucket2/snap1
2023-06-29 22:11:57,478 [KeyDeletingService#0] INFO  snapshot.SnapshotCache (SnapshotCache.java:lambda$1(166)) - Loading snapshot. Table key: /vol1/bucket2/snap1
2023-06-29 22:11:57,478 [KeyDeletingService#0] INFO  snapshot.SnapshotCache (SnapshotCache.java:lambda$1(166)) - Loading snapshot. Table key: /vol1/bucket2/snap1
2023-06-29 22:11:57,478 [KeyDeletingService#0] INFO  snapshot.SnapshotCache (SnapshotCache.java:lambda$1(166)) - Loading snapshot. Table key: /vol1/bucket2/snap1
2023-06-29 22:11:57,479 [KeyDeletingService#0] INFO  snapshot.SnapshotCache (SnapshotCache.java:lambda$1(166)) - Loading snapshot. Table key: /vol1/bucket2/snap1
2023-06-29 22:11:57,479 [KeyDeletingService#0] INFO  snapshot.SnapshotCache (SnapshotCache.java:lambda$1(166)) - Loading snapshot. Table key: /vol1/bucket2/snap1
2023-06-29 22:11:57,479 [KeyDeletingService#0] INFO  snapshot.SnapshotCache (SnapshotCache.java:lambda$1(166)) - Loading snapshot. Table key: /vol1/bucket2/snap1
2023-06-29 22:11:57,480 [KeyDeletingService#0] INFO  snapshot.SnapshotCache (SnapshotCache.java:lambda$1(166)) - Loading snapshot. Table key: /vol1/bucket2/snap1
2023-06-29 22:11:57,480 [KeyDeletingService#0] INFO  snapshot.SnapshotCache (SnapshotCache.java:lambda$1(166)) - Loading snapshot. Table key: /vol1/bucket2/snap1
2023-06-29 22:11:57,480 [KeyDeletingService#0] INFO  snapshot.SnapshotCache (SnapshotCache.java:lambda$1(166)) - Loading snapshot. Table key: /vol1/bucket2/snap1
2023-06-29 22:11:57,497 [KeyDeletingService#0] INFO  snapshot.SnapshotCache (SnapshotCache.java:lambda$1(166)) - Loading snapshot. Table key: /vol1/bucket2/snap1
2023-06-29 22:11:57,498 [KeyDeletingService#0] INFO  snapshot.SnapshotCache (SnapshotCache.java:lambda$1(166)) - Loading snapshot. Table key: /vol1/bucket2/snap1
2023-06-29 22:11:57,498 [KeyDeletingService#0] INFO  snapshot.SnapshotCache (SnapshotCache.java:lambda$1(166)) - Loading snapshot. Table key: /vol1/bucket2/snap1
2023-06-29 22:11:57,540 [main] INFO  ozone.TestSnapshotDeletingService (TestSnapshotDeletingService.java:assertTableRowCount(565)) - deletedTable actual row count=13, expectedCount=15
2023-06-29 22:11:57,976 [KeyDeletingService#0] INFO  snapshot.SnapshotCache (SnapshotCache.java:lambda$1(166)) - Loading snapshot. Table key: /vol1/bucket2/snap1
2023-06-29 22:11:57,977 [KeyDeletingService#0] INFO  snapshot.SnapshotCache (SnapshotCache.java:lambda$1(166)) - Loading snapshot. Table key: /vol1/bucket2/snap1
2023-06-29 22:11:57,977 [KeyDeletingService#0] INFO  snapshot.SnapshotCache (SnapshotCache.java:lambda$1(166)) - Loading snapshot. Table key: /vol1/bucket2/snap1
2023-06-29 22:11:57,977 [KeyDeletingService#0] INFO  snapshot.SnapshotCache (SnapshotCache.java:lambda$1(166)) - Loading snapshot. Table key: /vol1/bucket2/snap1
2023-06-29 22:11:57,978 [KeyDeletingService#0] INFO  snapshot.SnapshotCache (SnapshotCache.java:lambda$1(166)) - Loading snapshot. Table key: /vol1/bucket2/snap1
2023-06-29 22:11:57,978 [KeyDeletingService#0] INFO  snapshot.SnapshotCache (SnapshotCache.java:lambda$1(166)) - Loading snapshot. Table key: /vol1/bucket2/snap1
2023-06-29 22:11:57,978 [KeyDeletingService#0] INFO  snapshot.SnapshotCache (SnapshotCache.java:lambda$1(166)) - Loading snapshot. Table key: /vol1/bucket2/snap1
2023-06-29 22:11:57,978 [KeyDeletingService#0] INFO  snapshot.SnapshotCache (SnapshotCache.java:lambda$1(166)) - Loading snapshot. Table key: /vol1/bucket2/snap1
2023-06-29 22:11:57,979 [KeyDeletingService#0] INFO  snapshot.SnapshotCache (SnapshotCache.java:lambda$1(166)) - Loading snapshot. Table key: /vol1/bucket2/snap1
2023-06-29 22:11:57,979 [KeyDeletingService#0] INFO  snapshot.SnapshotCache (SnapshotCache.java:lambda$1(166)) - Loading snapshot. Table key: /vol1/bucket2/snap1
2023-06-29 22:11:57,979 [KeyDeletingService#0] INFO  snapshot.SnapshotCache (SnapshotCache.java:lambda$1(166)) - Loading snapshot. Table key: /vol1/bucket2/snap1
2023-06-29 22:11:57,980 [KeyDeletingService#0] INFO  snapshot.SnapshotCache (SnapshotCache.java:lambda$1(166)) - Loading snapshot. Table key: /vol1/bucket2/snap1
2023-06-29 22:11:57,980 [KeyDeletingService#0] INFO  snapshot.SnapshotCache (SnapshotCache.java:lambda$1(166)) - Loading snapshot. Table key: /vol1/bucket2/snap1
2023-06-29 22:11:57,997 [KeyDeletingService#0] INFO  snapshot.SnapshotCache (SnapshotCache.java:lambda$1(166)) - Loading snapshot. Table key: /vol1/bucket2/snap1
2023-06-29 22:11:57,998 [KeyDeletingService#0] INFO  snapshot.SnapshotCache (SnapshotCache.java:lambda$1(166)) - Loading snapshot. Table key: /vol1/bucket2/snap1
2023-06-29 22:11:57,998 [KeyDeletingService#0] INFO  snapshot.SnapshotCache (SnapshotCache.java:lambda$1(166)) - Loading snapshot. Table key: /vol1/bucket2/snap1
2023-06-29 22:11:58,476 [KeyDeletingService#0] INFO  snapshot.SnapshotCache (SnapshotCache.java:lambda$1(166)) - Loading snapshot. Table key: /vol1/bucket2/snap1
2023-06-29 22:11:58,477 [KeyDeletingService#0] INFO  snapshot.SnapshotCache (SnapshotCache.java:lambda$1(166)) - Loading snapshot. Table key: /vol1/bucket2/snap1
2023-06-29 22:11:58,477 [KeyDeletingService#0] INFO  snapshot.SnapshotCache (SnapshotCache.java:lambda$1(166)) - Loading snapshot. Table key: /vol1/bucket2/snap1
2023-06-29 22:11:58,477 [KeyDeletingService#0] INFO  snapshot.SnapshotCache (SnapshotCache.java:lambda$1(166)) - Loading snapshot. Table key: /vol1/bucket2/snap1
2023-06-29 22:11:58,478 [KeyDeletingService#0] INFO  snapshot.SnapshotCache (SnapshotCache.java:lambda$1(166)) - Loading snapshot. Table key: /vol1/bucket2/snap1
2023-06-29 22:11:58,478 [KeyDeletingService#0] INFO  snapshot.SnapshotCache (SnapshotCache.java:lambda$1(166)) - Loading snapshot. Table key: /vol1/bucket2/snap1
2023-06-29 22:11:58,478 [KeyDeletingService#0] INFO  snapshot.SnapshotCache (SnapshotCache.java:lambda$1(166)) - Loading snapshot. Table key: /vol1/bucket2/snap1
2023-06-29 22:11:58,478 [KeyDeletingService#0] INFO  snapshot.SnapshotCache (SnapshotCache.java:lambda$1(166)) - Loading snapshot. Table key: /vol1/bucket2/snap1
2023-06-29 22:11:58,479 [KeyDeletingService#0] INFO  snapshot.SnapshotCache (SnapshotCache.java:lambda$1(166)) - Loading snapshot. Table key: /vol1/bucket2/snap1
2023-06-29 22:11:58,479 [KeyDeletingService#0] INFO  snapshot.SnapshotCache (SnapshotCache.java:lambda$1(166)) - Loading snapshot. Table key: /vol1/bucket2/snap1
2023-06-29 22:11:58,479 [KeyDeletingService#0] INFO  snapshot.SnapshotCache (SnapshotCache.java:lambda$1(166)) - Loading snapshot. Table key: /vol1/bucket2/snap1
2023-06-29 22:11:58,480 [KeyDeletingService#0] INFO  snapshot.SnapshotCache (SnapshotCache.java:lambda$1(166)) - Loading snapshot. Table key: /vol1/bucket2/snap1
2023-06-29 22:11:58,480 [KeyDeletingService#0] INFO  snapshot.SnapshotCache (SnapshotCache.java:lambda$1(166)) - Loading snapshot. Table key: /vol1/bucket2/snap1
2023-06-29 22:11:58,497 [KeyDeletingService#0] INFO  snapshot.SnapshotCache (SnapshotCache.java:lambda$1(166)) - Loading snapshot. Table key: /vol1/bucket2/snap1
2023-06-29 22:11:58,498 [KeyDeletingService#0] INFO  snapshot.SnapshotCache (SnapshotCache.java:lambda$1(166)) - Loading snapshot. Table key: /vol1/bucket2/snap1
2023-06-29 22:11:58,498 [KeyDeletingService#0] INFO  snapshot.SnapshotCache (SnapshotCache.java:lambda$1(166)) - Loading snapshot. Table key: /vol1/bucket2/snap1
2023-06-29 22:11:58,541 [main] INFO  ozone.TestSnapshotDeletingService (TestSnapshotDeletingService.java:assertTableRowCount(565)) - deletedTable actual row count=13, expectedCount=15
2023-06-29 22:11:58,976 [KeyDeletingService#0] INFO  snapshot.SnapshotCache (SnapshotCache.java:lambda$1(166)) - Loading snapshot. Table key: /vol1/bucket2/snap1
2023-06-29 22:11:58,977 [KeyDeletingService#0] INFO  snapshot.SnapshotCache (SnapshotCache.java:lambda$1(166)) - Loading snapshot. Table key: /vol1/bucket2/snap1
2023-06-29 22:11:58,977 [KeyDeletingService#0] INFO  snapshot.SnapshotCache (SnapshotCache.java:lambda$1(166)) - Loading snapshot. Table key: /vol1/bucket2/snap1
2023-06-29 22:11:58,978 [KeyDeletingService#0] INFO  snapshot.SnapshotCache (SnapshotCache.java:lambda$1(166)) - Loading snapshot. Table key: /vol1/bucket2/snap1
2023-06-29 22:11:58,978 [KeyDeletingService#0] INFO  snapshot.SnapshotCache (SnapshotCache.java:lambda$1(166)) - Loading snapshot. Table key: /vol1/bucket2/snap1
2023-06-29 22:11:58,978 [KeyDeletingService#0] INFO  snapshot.SnapshotCache (SnapshotCache.java:lambda$1(166)) - Loading snapshot. Table key: /vol1/bucket2/snap1
2023-06-29 22:11:58,978 [KeyDeletingService#0] INFO  snapshot.SnapshotCache (SnapshotCache.java:lambda$1(166)) - Loading snapshot. Table key: /vol1/bucket2/snap1
2023-06-29 22:11:58,979 [KeyDeletingService#0] INFO  snapshot.SnapshotCache (SnapshotCache.java:lambda$1(166)) - Loading snapshot. Table key: /vol1/bucket2/snap1
2023-06-29 22:11:58,979 [KeyDeletingService#0] INFO  snapshot.SnapshotCache (SnapshotCache.java:lambda$1(166)) - Loading snapshot. Table key: /vol1/bucket2/snap1
2023-06-29 22:11:58,979 [KeyDeletingService#0] INFO  snapshot.SnapshotCache (SnapshotCache.java:lambda$1(166)) - Loading snapshot. Table key: /vol1/bucket2/snap1
2023-06-29 22:11:58,980 [KeyDeletingService#0] INFO  snapshot.SnapshotCache (SnapshotCache.java:lambda$1(166)) - Loading snapshot. Table key: /vol1/bucket2/snap1
2023-06-29 22:11:58,980 [KeyDeletingService#0] INFO  snapshot.SnapshotCache (SnapshotCache.java:lambda$1(166)) - Loading snapshot. Table key: /vol1/bucket2/snap1
2023-06-29 22:11:58,980 [KeyDeletingService#0] INFO  snapshot.SnapshotCache (SnapshotCache.java:lambda$1(166)) - Loading snapshot. Table key: /vol1/bucket2/snap1
2023-06-29 22:11:58,998 [KeyDeletingService#0] INFO  snapshot.SnapshotCache (SnapshotCache.java:lambda$1(166)) - Loading snapshot. Table key: /vol1/bucket2/snap1
2023-06-29 22:11:58,998 [KeyDeletingService#0] INFO  snapshot.SnapshotCache (SnapshotCache.java:lambda$1(166)) - Loading snapshot. Table key: /vol1/bucket2/snap1
2023-06-29 22:11:58,998 [KeyDeletingService#0] INFO  snapshot.SnapshotCache (SnapshotCache.java:lambda$1(166)) - Loading snapshot. Table key: /vol1/bucket2/snap1
2023-06-29 22:11:59,477 [KeyDeletingService#0] INFO  snapshot.SnapshotCache (SnapshotCache.java:lambda$1(166)) - Loading snapshot. Table key: /vol1/bucket2/snap1
2023-06-29 22:11:59,477 [KeyDeletingService#0] INFO  snapshot.SnapshotCache (SnapshotCache.java:lambda$1(166)) - Loading snapshot. Table key: /vol1/bucket2/snap1
2023-06-29 22:11:59,477 [KeyDeletingService#0] INFO  snapshot.SnapshotCache (SnapshotCache.java:lambda$1(166)) - Loading snapshot. Table key: /vol1/bucket2/snap1
2023-06-29 22:11:59,478 [KeyDeletingService#0] INFO  snapshot.SnapshotCache (SnapshotCache.java:lambda$1(166)) - Loading snapshot. Table key: /vol1/bucket2/snap1
2023-06-29 22:11:59,478 [KeyDeletingService#0] INFO  snapshot.SnapshotCache (SnapshotCache.java:lambda$1(166)) - Loading snapshot. Table key: /vol1/bucket2/snap1
2023-06-29 22:11:59,478 [KeyDeletingService#0] INFO  snapshot.SnapshotCache (SnapshotCache.java:lambda$1(166)) - Loading snapshot. Table key: /vol1/bucket2/snap1
2023-06-29 22:11:59,479 [KeyDeletingService#0] INFO  snapshot.SnapshotCache (SnapshotCache.java:lambda$1(166)) - Loading snapshot. Table key: /vol1/bucket2/snap1
2023-06-29 22:11:59,479 [KeyDeletingService#0] INFO  snapshot.SnapshotCache (SnapshotCache.java:lambda$1(166)) - Loading snapshot. Table key: /vol1/bucket2/snap1
2023-06-29 22:11:59,479 [KeyDeletingService#0] INFO  snapshot.SnapshotCache (SnapshotCache.java:lambda$1(166)) - Loading snapshot. Table key: /vol1/bucket2/snap1
2023-06-29 22:11:59,479 [KeyDeletingService#0] INFO  snapshot.SnapshotCache (SnapshotCache.java:lambda$1(166)) - Loading snapshot. Table key: /vol1/bucket2/snap1
2023-06-29 22:11:59,480 [KeyDeletingService#0] INFO  snapshot.SnapshotCache (SnapshotCache.java:lambda$1(166)) - Loading snapshot. Table key: /vol1/bucket2/snap1
2023-06-29 22:11:59,480 [KeyDeletingService#0] INFO  snapshot.SnapshotCache (SnapshotCache.java:lambda$1(166)) - Loading snapshot. Table key: /vol1/bucket2/snap1
2023-06-29 22:11:59,480 [KeyDeletingService#0] INFO  snapshot.SnapshotCache (SnapshotCache.java:lambda$1(166)) - Loading snapshot. Table key: /vol1/bucket2/snap1
2023-06-29 22:11:59,498 [KeyDeletingService#0] INFO  snapshot.SnapshotCache (SnapshotCache.java:lambda$1(166)) - Loading snapshot. Table key: /vol1/bucket2/snap1
2023-06-29 22:11:59,498 [KeyDeletingService#0] INFO  snapshot.SnapshotCache (SnapshotCache.java:lambda$1(166)) - Loading snapshot. Table key: /vol1/bucket2/snap1
2023-06-29 22:11:59,498 [KeyDeletingService#0] INFO  snapshot.SnapshotCache (SnapshotCache.java:lambda$1(166)) - Loading snapshot. Table key: /vol1/bucket2/snap1
2023-06-29 22:11:59,542 [main] INFO  ozone.TestSnapshotDeletingService (TestSnapshotDeletingService.java:assertTableRowCount(565)) - deletedTable actual row count=13, expectedCount=15
2023-06-29 22:11:59,977 [KeyDeletingService#0] INFO  snapshot.SnapshotCache (SnapshotCache.java:lambda$1(166)) - Loading snapshot. Table key: /vol1/bucket2/snap1
2023-06-29 22:11:59,977 [KeyDeletingService#0] INFO  snapshot.SnapshotCache (SnapshotCache.java:lambda$1(166)) - Loading snapshot. Table key: /vol1/bucket2/snap1
2023-06-29 22:11:59,977 [KeyDeletingService#0] INFO  snapshot.SnapshotCache (SnapshotCache.java:lambda$1(166)) - Loading snapshot. Table key: /vol1/bucket2/snap1
2023-06-29 22:11:59,978 [KeyDeletingService#0] INFO  snapshot.SnapshotCache (SnapshotCache.java:lambda$1(166)) - Loading snapshot. Table key: /vol1/bucket2/snap1
2023-06-29 22:11:59,978 [KeyDeletingService#0] INFO  snapshot.SnapshotCache (SnapshotCache.java:lambda$1(166)) - Loading snapshot. Table key: /vol1/bucket2/snap1
2023-06-29 22:11:59,978 [KeyDeletingService#0] INFO  snapshot.SnapshotCache (SnapshotCache.java:lambda$1(166)) - Loading snapshot. Table key: /vol1/bucket2/snap1
2023-06-29 22:11:59,979 [KeyDeletingService#0] INFO  snapshot.SnapshotCache (SnapshotCache.java:lambda$1(166)) - Loading snapshot. Table key: /vol1/bucket2/snap1
2023-06-29 22:11:59,979 [KeyDeletingService#0] INFO  snapshot.SnapshotCache (SnapshotCache.java:lambda$1(166)) - Loading snapshot. Table key: /vol1/bucket2/snap1
2023-06-29 22:11:59,979 [KeyDeletingService#0] INFO  snapshot.SnapshotCache (SnapshotCache.java:lambda$1(166)) - Loading snapshot. Table key: /vol1/bucket2/snap1
2023-06-29 22:11:59,980 [KeyDeletingService#0] INFO  snapshot.SnapshotCache (SnapshotCache.java:lambda$1(166)) - Loading snapshot. Table key: /vol1/bucket2/snap1
2023-06-29 22:11:59,980 [KeyDeletingService#0] INFO  snapshot.SnapshotCache (SnapshotCache.java:lambda$1(166)) - Loading snapshot. Table key: /vol1/bucket2/snap1
2023-06-29 22:11:59,980 [KeyDeletingService#0] INFO  snapshot.SnapshotCache (SnapshotCache.java:lambda$1(166)) - Loading snapshot. Table key: /vol1/bucket2/snap1
2023-06-29 22:11:59,980 [KeyDeletingService#0] INFO  snapshot.SnapshotCache (SnapshotCache.java:lambda$1(166)) - Loading snapshot. Table key: /vol1/bucket2/snap1
2023-06-29 22:11:59,998 [KeyDeletingService#0] INFO  snapshot.SnapshotCache (SnapshotCache.java:lambda$1(166)) - Loading snapshot. Table key: /vol1/bucket2/snap1
2023-06-29 22:11:59,998 [KeyDeletingService#0] INFO  snapshot.SnapshotCache (SnapshotCache.java:lambda$1(166)) - Loading snapshot. Table key: /vol1/bucket2/snap1
2023-06-29 22:11:59,998 [KeyDeletingService#0] INFO  snapshot.SnapshotCache (SnapshotCache.java:lambda$1(166)) - Loading snapshot. Table key: /vol1/bucket2/snap1
2023-06-29 22:12:00,477 [KeyDeletingService#0] INFO  snapshot.SnapshotCache (SnapshotCache.java:lambda$1(166)) - Loading snapshot. Table key: /vol1/bucket2/snap1
2023-06-29 22:12:00,477 [KeyDeletingService#0] INFO  snapshot.SnapshotCache (SnapshotCache.java:lambda$1(166)) - Loading snapshot. Table key: /vol1/bucket2/snap1
2023-06-29 22:12:00,478 [KeyDeletingService#0] INFO  snapshot.SnapshotCache (SnapshotCache.java:lambda$1(166)) - Loading snapshot. Table key: /vol1/bucket2/snap1
2023-06-29 22:12:00,478 [KeyDeletingService#0] INFO  snapshot.SnapshotCache (SnapshotCache.java:lambda$1(166)) - Loading snapshot. Table key: /vol1/bucket2/snap1
2023-06-29 22:12:00,478 [KeyDeletingService#0] INFO  snapshot.SnapshotCache (SnapshotCache.java:lambda$1(166)) - Loading snapshot. Table key: /vol1/bucket2/snap1
2023-06-29 22:12:00,478 [KeyDeletingService#0] INFO  snapshot.SnapshotCache (SnapshotCache.java:lambda$1(166)) - Loading snapshot. Table key: /vol1/bucket2/snap1
2023-06-29 22:12:00,479 [KeyDeletingService#0] INFO  snapshot.SnapshotCache (SnapshotCache.java:lambda$1(166)) - Loading snapshot. Table key: /vol1/bucket2/snap1
2023-06-29 22:12:00,479 [KeyDeletingService#0] INFO  snapshot.SnapshotCache (SnapshotCache.java:lambda$1(166)) - Loading snapshot. Table key: /vol1/bucket2/snap1
2023-06-29 22:12:00,479 [KeyDeletingService#0] INFO  snapshot.SnapshotCache (SnapshotCache.java:lambda$1(166)) - Loading snapshot. Table key: /vol1/bucket2/snap1
2023-06-29 22:12:00,480 [KeyDeletingService#0] INFO  snapshot.SnapshotCache (SnapshotCache.java:lambda$1(166)) - Loading snapshot. Table key: /vol1/bucket2/snap1
2023-06-29 22:12:00,480 [KeyDeletingService#0] INFO  snapshot.SnapshotCache (SnapshotCache.java:lambda$1(166)) - Loading snapshot. Table key: /vol1/bucket2/snap1
2023-06-29 22:12:00,480 [KeyDeletingService#0] INFO  snapshot.SnapshotCache (SnapshotCache.java:lambda$1(166)) - Loading snapshot. Table key: /vol1/bucket2/snap1
2023-06-29 22:12:00,480 [KeyDeletingService#0] INFO  snapshot.SnapshotCache (SnapshotCache.java:lambda$1(166)) - Loading snapshot. Table key: /vol1/bucket2/snap1
2023-06-29 22:12:00,498 [KeyDeletingService#0] INFO  snapshot.SnapshotCache (SnapshotCache.java:lambda$1(166)) - Loading snapshot. Table key: /vol1/bucket2/snap1
2023-06-29 22:12:00,498 [KeyDeletingService#0] INFO  snapshot.SnapshotCache (SnapshotCache.java:lambda$1(166)) - Loading snapshot. Table key: /vol1/bucket2/snap1
2023-06-29 22:12:00,498 [KeyDeletingService#0] INFO  snapshot.SnapshotCache (SnapshotCache.java:lambda$1(166)) - Loading snapshot. Table key: /vol1/bucket2/snap1
2023-06-29 22:12:00,543 [main] INFO  ozone.TestSnapshotDeletingService (TestSnapshotDeletingService.java:assertTableRowCount(565)) - deletedTable actual row count=13, expectedCount=15
2023-06-29 22:12:00,977 [KeyDeletingService#0] INFO  snapshot.SnapshotCache (SnapshotCache.java:lambda$1(166)) - Loading snapshot. Table key: /vol1/bucket2/snap1
2023-06-29 22:12:00,977 [KeyDeletingService#0] INFO  snapshot.SnapshotCache (SnapshotCache.java:lambda$1(166)) - Loading snapshot. Table key: /vol1/bucket2/snap1
2023-06-29 22:12:00,978 [KeyDeletingService#0] INFO  snapshot.SnapshotCache (SnapshotCache.java:lambda$1(166)) - Loading snapshot. Table key: /vol1/bucket2/snap1
2023-06-29 22:12:00,978 [KeyDeletingService#0] INFO  snapshot.SnapshotCache (SnapshotCache.java:lambda$1(166)) - Loading snapshot. Table key: /vol1/bucket2/snap1
2023-06-29 22:12:00,978 [KeyDeletingService#0] INFO  snapshot.SnapshotCache (SnapshotCache.java:lambda$1(166)) - Loading snapshot. Table key: /vol1/bucket2/snap1
2023-06-29 22:12:00,978 [KeyDeletingService#0] INFO  snapshot.SnapshotCache (SnapshotCache.java:lambda$1(166)) - Loading snapshot. Table key: /vol1/bucket2/snap1
2023-06-29 22:12:00,979 [KeyDeletingService#0] INFO  snapshot.SnapshotCache (SnapshotCache.java:lambda$1(166)) - Loading snapshot. Table key: /vol1/bucket2/snap1
2023-06-29 22:12:00,979 [KeyDeletingService#0] INFO  snapshot.SnapshotCache (SnapshotCache.java:lambda$1(166)) - Loading snapshot. Table key: /vol1/bucket2/snap1
2023-06-29 22:12:00,979 [KeyDeletingService#0] INFO  snapshot.SnapshotCache (SnapshotCache.java:lambda$1(166)) - Loading snapshot. Table key: /vol1/bucket2/snap1
2023-06-29 22:12:00,979 [KeyDeletingService#0] INFO  snapshot.SnapshotCache (SnapshotCache.java:lambda$1(166)) - Loading snapshot. Table key: /vol1/bucket2/snap1
2023-06-29 22:12:00,980 [KeyDeletingService#0] INFO  snapshot.SnapshotCache (SnapshotCache.java:lambda$1(166)) - Loading snapshot. Table key: /vol1/bucket2/snap1
2023-06-29 22:12:00,980 [KeyDeletingService#0] INFO  snapshot.SnapshotCache (SnapshotCache.java:lambda$1(166)) - Loading snapshot. Table key: /vol1/bucket2/snap1
2023-06-29 22:12:00,980 [KeyDeletingService#0] INFO  snapshot.SnapshotCache (SnapshotCache.java:lambda$1(166)) - Loading snapshot. Table key: /vol1/bucket2/snap1
2023-06-29 22:12:00,998 [KeyDeletingService#0] INFO  snapshot.SnapshotCache (SnapshotCache.java:lambda$1(166)) - Loading snapshot. Table key: /vol1/bucket2/snap1
2023-06-29 22:12:00,998 [KeyDeletingService#0] INFO  snapshot.SnapshotCache (SnapshotCache.java:lambda$1(166)) - Loading snapshot. Table key: /vol1/bucket2/snap1
2023-06-29 22:12:00,999 [KeyDeletingService#0] INFO  snapshot.SnapshotCache (SnapshotCache.java:lambda$1(166)) - Loading snapshot. Table key: /vol1/bucket2/snap1
2023-06-29 22:12:01,477 [KeyDeletingService#0] INFO  snapshot.SnapshotCache (SnapshotCache.java:lambda$1(166)) - Loading snapshot. Table key: /vol1/bucket2/snap1
2023-06-29 22:12:01,477 [KeyDeletingService#0] INFO  snapshot.SnapshotCache (SnapshotCache.java:lambda$1(166)) - Loading snapshot. Table key: /vol1/bucket2/snap1
2023-06-29 22:12:01,478 [KeyDeletingService#0] INFO  snapshot.SnapshotCache (SnapshotCache.java:lambda$1(166)) - Loading snapshot. Table key: /vol1/bucket2/snap1
2023-06-29 22:12:01,478 [KeyDeletingService#0] INFO  snapshot.SnapshotCache (SnapshotCache.java:lambda$1(166)) - Loading snapshot. Table key: /vol1/bucket2/snap1
2023-06-29 22:12:01,478 [KeyDeletingService#0] INFO  snapshot.SnapshotCache (SnapshotCache.java:lambda$1(166)) - Loading snapshot. Table key: /vol1/bucket2/snap1
2023-06-29 22:12:01,479 [KeyDeletingService#0] INFO  snapshot.SnapshotCache (SnapshotCache.java:lambda$1(166)) - Loading snapshot. Table key: /vol1/bucket2/snap1
2023-06-29 22:12:01,479 [KeyDeletingService#0] INFO  snapshot.SnapshotCache (SnapshotCache.java:lambda$1(166)) - Loading snapshot. Table key: /vol1/bucket2/snap1
2023-06-29 22:12:01,479 [KeyDeletingService#0] INFO  snapshot.SnapshotCache (SnapshotCache.java:lambda$1(166)) - Loading snapshot. Table key: /vol1/bucket2/snap1
2023-06-29 22:12:01,479 [KeyDeletingService#0] INFO  snapshot.SnapshotCache (SnapshotCache.java:lambda$1(166)) - Loading snapshot. Table key: /vol1/bucket2/snap1
2023-06-29 22:12:01,480 [KeyDeletingService#0] INFO  snapshot.SnapshotCache (SnapshotCache.java:lambda$1(166)) - Loading snapshot. Table key: /vol1/bucket2/snap1
2023-06-29 22:12:01,480 [KeyDeletingService#0] INFO  snapshot.SnapshotCache (SnapshotCache.java:lambda$1(166)) - Loading snapshot. Table key: /vol1/bucket2/snap1
2023-06-29 22:12:01,480 [KeyDeletingService#0] INFO  snapshot.SnapshotCache (SnapshotCache.java:lambda$1(166)) - Loading snapshot. Table key: /vol1/bucket2/snap1
2023-06-29 22:12:01,480 [KeyDeletingService#0] INFO  snapshot.SnapshotCache (SnapshotCache.java:lambda$1(166)) - Loading snapshot. Table key: /vol1/bucket2/snap1
2023-06-29 22:12:01,498 [KeyDeletingService#0] INFO  snapshot.SnapshotCache (SnapshotCache.java:lambda$1(166)) - Loading snapshot. Table key: /vol1/bucket2/snap1
2023-06-29 22:12:01,499 [KeyDeletingService#0] INFO  snapshot.SnapshotCache (SnapshotCache.java:lambda$1(166)) - Loading snapshot. Table key: /vol1/bucket2/snap1
2023-06-29 22:12:01,499 [KeyDeletingService#0] INFO  snapshot.SnapshotCache (SnapshotCache.java:lambda$1(166)) - Loading snapshot. Table key: /vol1/bucket2/snap1
2023-06-29 22:12:01,544 [main] INFO  ozone.TestSnapshotDeletingService (TestSnapshotDeletingService.java:assertTableRowCount(565)) - deletedTable actual row count=13, expectedCount=15
2023-06-29 22:12:01,977 [KeyDeletingService#0] INFO  snapshot.SnapshotCache (SnapshotCache.java:lambda$1(166)) - Loading snapshot. Table key: /vol1/bucket2/snap1
2023-06-29 22:12:01,977 [KeyDeletingService#0] INFO  snapshot.SnapshotCache (SnapshotCache.java:lambda$1(166)) - Loading snapshot. Table key: /vol1/bucket2/snap1
2023-06-29 22:12:01,978 [KeyDeletingService#0] INFO  snapshot.SnapshotCache (SnapshotCache.java:lambda$1(166)) - Loading snapshot. Table key: /vol1/bucket2/snap1
2023-06-29 22:12:01,978 [KeyDeletingService#0] INFO  snapshot.SnapshotCache (SnapshotCache.java:lambda$1(166)) - Loading snapshot. Table key: /vol1/bucket2/snap1
2023-06-29 22:12:01,978 [KeyDeletingService#0] INFO  snapshot.SnapshotCache (SnapshotCache.java:lambda$1(166)) - Loading snapshot. Table key: /vol1/bucket2/snap1
2023-06-29 22:12:01,979 [KeyDeletingService#0] INFO  snapshot.SnapshotCache (SnapshotCache.java:lambda$1(166)) - Loading snapshot. Table key: /vol1/bucket2/snap1
2023-06-29 22:12:01,979 [KeyDeletingService#0] INFO  snapshot.SnapshotCache (SnapshotCache.java:lambda$1(166)) - Loading snapshot. Table key: /vol1/bucket2/snap1
2023-06-29 22:12:01,979 [KeyDeletingService#0] INFO  snapshot.SnapshotCache (SnapshotCache.java:lambda$1(166)) - Loading snapshot. Table key: /vol1/bucket2/snap1
2023-06-29 22:12:01,980 [KeyDeletingService#0] INFO  snapshot.SnapshotCache (SnapshotCache.java:lambda$1(166)) - Loading snapshot. Table key: /vol1/bucket2/snap1
2023-06-29 22:12:01,980 [KeyDeletingService#0] INFO  snapshot.SnapshotCache (SnapshotCache.java:lambda$1(166)) - Loading snapshot. Table key: /vol1/bucket2/snap1
2023-06-29 22:12:01,980 [KeyDeletingService#0] INFO  snapshot.SnapshotCache (SnapshotCache.java:lambda$1(166)) - Loading snapshot. Table key: /vol1/bucket2/snap1
2023-06-29 22:12:01,980 [KeyDeletingService#0] INFO  snapshot.SnapshotCache (SnapshotCache.java:lambda$1(166)) - Loading snapshot. Table key: /vol1/bucket2/snap1
2023-06-29 22:12:01,981 [KeyDeletingService#0] INFO  snapshot.SnapshotCache (SnapshotCache.java:lambda$1(166)) - Loading snapshot. Table key: /vol1/bucket2/snap1
2023-06-29 22:12:01,998 [KeyDeletingService#0] INFO  snapshot.SnapshotCache (SnapshotCache.java:lambda$1(166)) - Loading snapshot. Table key: /vol1/bucket2/snap1
2023-06-29 22:12:01,998 [KeyDeletingService#0] INFO  snapshot.SnapshotCache (SnapshotCache.java:lambda$1(166)) - Loading snapshot. Table key: /vol1/bucket2/snap1
2023-06-29 22:12:01,999 [KeyDeletingService#0] INFO  snapshot.SnapshotCache (SnapshotCache.java:lambda$1(166)) - Loading snapshot. Table key: /vol1/bucket2/snap1
2023-06-29 22:12:02,477 [KeyDeletingService#0] INFO  snapshot.SnapshotCache (SnapshotCache.java:lambda$1(166)) - Loading snapshot. Table key: /vol1/bucket2/snap1
2023-06-29 22:12:02,478 [KeyDeletingService#0] INFO  snapshot.SnapshotCache (SnapshotCache.java:lambda$1(166)) - Loading snapshot. Table key: /vol1/bucket2/snap1
2023-06-29 22:12:02,478 [KeyDeletingService#0] INFO  snapshot.SnapshotCache (SnapshotCache.java:lambda$1(166)) - Loading snapshot. Table key: /vol1/bucket2/snap1
2023-06-29 22:12:02,478 [KeyDeletingService#0] INFO  snapshot.SnapshotCache (SnapshotCache.java:lambda$1(166)) - Loading snapshot. Table key: /vol1/bucket2/snap1
2023-06-29 22:12:02,478 [KeyDeletingService#0] INFO  snapshot.SnapshotCache (SnapshotCache.java:lambda$1(166)) - Loading snapshot. Table key: /vol1/bucket2/snap1
2023-06-29 22:12:02,479 [KeyDeletingService#0] INFO  snapshot.SnapshotCache (SnapshotCache.java:lambda$1(166)) - Loading snapshot. Table key: /vol1/bucket2/snap1
2023-06-29 22:12:02,479 [KeyDeletingService#0] INFO  snapshot.SnapshotCache (SnapshotCache.java:lambda$1(166)) - Loading snapshot. Table key: /vol1/bucket2/snap1
2023-06-29 22:12:02,479 [KeyDeletingService#0] INFO  snapshot.SnapshotCache (SnapshotCache.java:lambda$1(166)) - Loading snapshot. Table key: /vol1/bucket2/snap1
2023-06-29 22:12:02,480 [KeyDeletingService#0] INFO  snapshot.SnapshotCache (SnapshotCache.java:lambda$1(166)) - Loading snapshot. Table key: /vol1/bucket2/snap1
2023-06-29 22:12:02,480 [KeyDeletingService#0] INFO  snapshot.SnapshotCache (SnapshotCache.java:lambda$1(166)) - Loading snapshot. Table key: /vol1/bucket2/snap1
2023-06-29 22:12:02,480 [KeyDeletingService#0] INFO  snapshot.SnapshotCache (SnapshotCache.java:lambda$1(166)) - Loading snapshot. Table key: /vol1/bucket2/snap1
2023-06-29 22:12:02,480 [KeyDeletingService#0] INFO  snapshot.SnapshotCache (SnapshotCache.java:lambda$1(166)) - Loading snapshot. Table key: /vol1/bucket2/snap1
2023-06-29 22:12:02,481 [KeyDeletingService#0] INFO  snapshot.SnapshotCache (SnapshotCache.java:lambda$1(166)) - Loading snapshot. Table key: /vol1/bucket2/snap1
2023-06-29 22:12:02,498 [KeyDeletingService#0] INFO  snapshot.SnapshotCache (SnapshotCache.java:lambda$1(166)) - Loading snapshot. Table key: /vol1/bucket2/snap1
2023-06-29 22:12:02,499 [KeyDeletingService#0] INFO  snapshot.SnapshotCache (SnapshotCache.java:lambda$1(166)) - Loading snapshot. Table key: /vol1/bucket2/snap1
2023-06-29 22:12:02,499 [KeyDeletingService#0] INFO  snapshot.SnapshotCache (SnapshotCache.java:lambda$1(166)) - Loading snapshot. Table key: /vol1/bucket2/snap1
2023-06-29 22:12:02,545 [main] INFO  ozone.TestSnapshotDeletingService (TestSnapshotDeletingService.java:assertTableRowCount(565)) - deletedTable actual row count=13, expectedCount=15
2023-06-29 22:12:02,977 [KeyDeletingService#0] INFO  snapshot.SnapshotCache (SnapshotCache.java:lambda$1(166)) - Loading snapshot. Table key: /vol1/bucket2/snap1
2023-06-29 22:12:02,978 [KeyDeletingService#0] INFO  snapshot.SnapshotCache (SnapshotCache.java:lambda$1(166)) - Loading snapshot. Table key: /vol1/bucket2/snap1
2023-06-29 22:12:02,978 [KeyDeletingService#0] INFO  snapshot.SnapshotCache (SnapshotCache.java:lambda$1(166)) - Loading snapshot. Table key: /vol1/bucket2/snap1
2023-06-29 22:12:02,978 [KeyDeletingService#0] INFO  snapshot.SnapshotCache (SnapshotCache.java:lambda$1(166)) - Loading snapshot. Table key: /vol1/bucket2/snap1
2023-06-29 22:12:02,979 [KeyDeletingService#0] INFO  snapshot.SnapshotCache (SnapshotCache.java:lambda$1(166)) - Loading snapshot. Table key: /vol1/bucket2/snap1
2023-06-29 22:12:02,979 [KeyDeletingService#0] INFO  snapshot.SnapshotCache (SnapshotCache.java:lambda$1(166)) - Loading snapshot. Table key: /vol1/bucket2/snap1
2023-06-29 22:12:02,979 [KeyDeletingService#0] INFO  snapshot.SnapshotCache (SnapshotCache.java:lambda$1(166)) - Loading snapshot. Table key: /vol1/bucket2/snap1
2023-06-29 22:12:02,979 [KeyDeletingService#0] INFO  snapshot.SnapshotCache (SnapshotCache.java:lambda$1(166)) - Loading snapshot. Table key: /vol1/bucket2/snap1
2023-06-29 22:12:02,980 [KeyDeletingService#0] INFO  snapshot.SnapshotCache (SnapshotCache.java:lambda$1(166)) - Loading snapshot. Table key: /vol1/bucket2/snap1
2023-06-29 22:12:02,980 [KeyDeletingService#0] INFO  snapshot.SnapshotCache (SnapshotCache.java:lambda$1(166)) - Loading snapshot. Table key: /vol1/bucket2/snap1
2023-06-29 22:12:02,980 [KeyDeletingService#0] INFO  snapshot.SnapshotCache (SnapshotCache.java:lambda$1(166)) - Loading snapshot. Table key: /vol1/bucket2/snap1
2023-06-29 22:12:02,980 [KeyDeletingService#0] INFO  snapshot.SnapshotCache (SnapshotCache.java:lambda$1(166)) - Loading snapshot. Table key: /vol1/bucket2/snap1
2023-06-29 22:12:02,981 [KeyDeletingService#0] INFO  snapshot.SnapshotCache (SnapshotCache.java:lambda$1(166)) - Loading snapshot. Table key: /vol1/bucket2/snap1
2023-06-29 22:12:02,998 [KeyDeletingService#0] INFO  snapshot.SnapshotCache (SnapshotCache.java:lambda$1(166)) - Loading snapshot. Table key: /vol1/bucket2/snap1
2023-06-29 22:12:02,999 [KeyDeletingService#0] INFO  snapshot.SnapshotCache (SnapshotCache.java:lambda$1(166)) - Loading snapshot. Table key: /vol1/bucket2/snap1
2023-06-29 22:12:02,999 [KeyDeletingService#0] INFO  snapshot.SnapshotCache (SnapshotCache.java:lambda$1(166)) - Loading snapshot. Table key: /vol1/bucket2/snap1
2023-06-29 22:12:03,477 [KeyDeletingService#0] INFO  snapshot.SnapshotCache (SnapshotCache.java:lambda$1(166)) - Loading snapshot. Table key: /vol1/bucket2/snap1
2023-06-29 22:12:03,478 [KeyDeletingService#0] INFO  snapshot.SnapshotCache (SnapshotCache.java:lambda$1(166)) - Loading snapshot. Table key: /vol1/bucket2/snap1
2023-06-29 22:12:03,478 [KeyDeletingService#0] INFO  snapshot.SnapshotCache (SnapshotCache.java:lambda$1(166)) - Loading snapshot. Table key: /vol1/bucket2/snap1
2023-06-29 22:12:03,478 [KeyDeletingService#0] INFO  snapshot.SnapshotCache (SnapshotCache.java:lambda$1(166)) - Loading snapshot. Table key: /vol1/bucket2/snap1
2023-06-29 22:12:03,479 [KeyDeletingService#0] INFO  snapshot.SnapshotCache (SnapshotCache.java:lambda$1(166)) - Loading snapshot. Table key: /vol1/bucket2/snap1
2023-06-29 22:12:03,479 [KeyDeletingService#0] INFO  snapshot.SnapshotCache (SnapshotCache.java:lambda$1(166)) - Loading snapshot. Table key: /vol1/bucket2/snap1
2023-06-29 22:12:03,479 [KeyDeletingService#0] INFO  snapshot.SnapshotCache (SnapshotCache.java:lambda$1(166)) - Loading snapshot. Table key: /vol1/bucket2/snap1
2023-06-29 22:12:03,479 [KeyDeletingService#0] INFO  snapshot.SnapshotCache (SnapshotCache.java:lambda$1(166)) - Loading snapshot. Table key: /vol1/bucket2/snap1
2023-06-29 22:12:03,480 [KeyDeletingService#0] INFO  snapshot.SnapshotCache (SnapshotCache.java:lambda$1(166)) - Loading snapshot. Table key: /vol1/bucket2/snap1
2023-06-29 22:12:03,480 [KeyDeletingService#0] INFO  snapshot.SnapshotCache (SnapshotCache.java:lambda$1(166)) - Loading snapshot. Table key: /vol1/bucket2/snap1
2023-06-29 22:12:03,480 [KeyDeletingService#0] INFO  snapshot.SnapshotCache (SnapshotCache.java:lambda$1(166)) - Loading snapshot. Table key: /vol1/bucket2/snap1
2023-06-29 22:12:03,481 [KeyDeletingService#0] INFO  snapshot.SnapshotCache (SnapshotCache.java:lambda$1(166)) - Loading snapshot. Table key: /vol1/bucket2/snap1
2023-06-29 22:12:03,481 [KeyDeletingService#0] INFO  snapshot.SnapshotCache (SnapshotCache.java:lambda$1(166)) - Loading snapshot. Table key: /vol1/bucket2/snap1
2023-06-29 22:12:03,498 [KeyDeletingService#0] INFO  snapshot.SnapshotCache (SnapshotCache.java:lambda$1(166)) - Loading snapshot. Table key: /vol1/bucket2/snap1
2023-06-29 22:12:03,499 [KeyDeletingService#0] INFO  snapshot.SnapshotCache (SnapshotCache.java:lambda$1(166)) - Loading snapshot. Table key: /vol1/bucket2/snap1
2023-06-29 22:12:03,499 [KeyDeletingService#0] INFO  snapshot.SnapshotCache (SnapshotCache.java:lambda$1(166)) - Loading snapshot. Table key: /vol1/bucket2/snap1
2023-06-29 22:12:03,546 [main] INFO  ozone.TestSnapshotDeletingService (TestSnapshotDeletingService.java:assertTableRowCount(565)) - deletedTable actual row count=13, expectedCount=15
2023-06-29 22:12:03,977 [KeyDeletingService#0] INFO  snapshot.SnapshotCache (SnapshotCache.java:lambda$1(166)) - Loading snapshot. Table key: /vol1/bucket2/snap1
2023-06-29 22:12:03,978 [KeyDeletingService#0] INFO  snapshot.SnapshotCache (SnapshotCache.java:lambda$1(166)) - Loading snapshot. Table key: /vol1/bucket2/snap1
2023-06-29 22:12:03,978 [KeyDeletingService#0] INFO  snapshot.SnapshotCache (SnapshotCache.java:lambda$1(166)) - Loading snapshot. Table key: /vol1/bucket2/snap1
2023-06-29 22:12:03,978 [KeyDeletingService#0] INFO  snapshot.SnapshotCache (SnapshotCache.java:lambda$1(166)) - Loading snapshot. Table key: /vol1/bucket2/snap1
2023-06-29 22:12:03,979 [KeyDeletingService#0] INFO  snapshot.SnapshotCache (SnapshotCache.java:lambda$1(166)) - Loading snapshot. Table key: /vol1/bucket2/snap1
2023-06-29 22:12:03,979 [KeyDeletingService#0] INFO  snapshot.SnapshotCache (SnapshotCache.java:lambda$1(166)) - Loading snapshot. Table key: /vol1/bucket2/snap1
2023-06-29 22:12:03,979 [KeyDeletingService#0] INFO  snapshot.SnapshotCache (SnapshotCache.java:lambda$1(166)) - Loading snapshot. Table key: /vol1/bucket2/snap1
2023-06-29 22:12:03,979 [KeyDeletingService#0] INFO  snapshot.SnapshotCache (SnapshotCache.java:lambda$1(166)) - Loading snapshot. Table key: /vol1/bucket2/snap1
2023-06-29 22:12:03,980 [KeyDeletingService#0] INFO  snapshot.SnapshotCache (SnapshotCache.java:lambda$1(166)) - Loading snapshot. Table key: /vol1/bucket2/snap1
2023-06-29 22:12:03,980 [KeyDeletingService#0] INFO  snapshot.SnapshotCache (SnapshotCache.java:lambda$1(166)) - Loading snapshot. Table key: /vol1/bucket2/snap1
2023-06-29 22:12:03,980 [KeyDeletingService#0] INFO  snapshot.SnapshotCache (SnapshotCache.java:lambda$1(166)) - Loading snapshot. Table key: /vol1/bucket2/snap1
2023-06-29 22:12:03,981 [KeyDeletingService#0] INFO  snapshot.SnapshotCache (SnapshotCache.java:lambda$1(166)) - Loading snapshot. Table key: /vol1/bucket2/snap1
2023-06-29 22:12:03,981 [KeyDeletingService#0] INFO  snapshot.SnapshotCache (SnapshotCache.java:lambda$1(166)) - Loading snapshot. Table key: /vol1/bucket2/snap1
2023-06-29 22:12:03,999 [KeyDeletingService#0] INFO  snapshot.SnapshotCache (SnapshotCache.java:lambda$1(166)) - Loading snapshot. Table key: /vol1/bucket2/snap1
2023-06-29 22:12:03,999 [KeyDeletingService#0] INFO  snapshot.SnapshotCache (SnapshotCache.java:lambda$1(166)) - Loading snapshot. Table key: /vol1/bucket2/snap1
2023-06-29 22:12:03,999 [KeyDeletingService#0] INFO  snapshot.SnapshotCache (SnapshotCache.java:lambda$1(166)) - Loading snapshot. Table key: /vol1/bucket2/snap1
2023-06-29 22:12:04,478 [KeyDeletingService#0] INFO  snapshot.SnapshotCache (SnapshotCache.java:lambda$1(166)) - Loading snapshot. Table key: /vol1/bucket2/snap1
2023-06-29 22:12:04,478 [KeyDeletingService#0] INFO  snapshot.SnapshotCache (SnapshotCache.java:lambda$1(166)) - Loading snapshot. Table key: /vol1/bucket2/snap1
2023-06-29 22:12:04,478 [KeyDeletingService#0] INFO  snapshot.SnapshotCache (SnapshotCache.java:lambda$1(166)) - Loading snapshot. Table key: /vol1/bucket2/snap1
2023-06-29 22:12:04,479 [KeyDeletingService#0] INFO  snapshot.SnapshotCache (SnapshotCache.java:lambda$1(166)) - Loading snapshot. Table key: /vol1/bucket2/snap1
2023-06-29 22:12:04,479 [KeyDeletingService#0] INFO  snapshot.SnapshotCache (SnapshotCache.java:lambda$1(166)) - Loading snapshot. Table key: /vol1/bucket2/snap1
2023-06-29 22:12:04,479 [KeyDeletingService#0] INFO  snapshot.SnapshotCache (SnapshotCache.java:lambda$1(166)) - Loading snapshot. Table key: /vol1/bucket2/snap1
2023-06-29 22:12:04,479 [KeyDeletingService#0] INFO  snapshot.SnapshotCache (SnapshotCache.java:lambda$1(166)) - Loading snapshot. Table key: /vol1/bucket2/snap1
2023-06-29 22:12:04,480 [KeyDeletingService#0] INFO  snapshot.SnapshotCache (SnapshotCache.java:lambda$1(166)) - Loading snapshot. Table key: /vol1/bucket2/snap1
2023-06-29 22:12:04,480 [KeyDeletingService#0] INFO  snapshot.SnapshotCache (SnapshotCache.java:lambda$1(166)) - Loading snapshot. Table key: /vol1/bucket2/snap1
2023-06-29 22:12:04,480 [KeyDeletingService#0] INFO  snapshot.SnapshotCache (SnapshotCache.java:lambda$1(166)) - Loading snapshot. Table key: /vol1/bucket2/snap1
2023-06-29 22:12:04,480 [KeyDeletingService#0] INFO  snapshot.SnapshotCache (SnapshotCache.java:lambda$1(166)) - Loading snapshot. Table key: /vol1/bucket2/snap1
2023-06-29 22:12:04,481 [KeyDeletingService#0] INFO  snapshot.SnapshotCache (SnapshotCache.java:lambda$1(166)) - Loading snapshot. Table key: /vol1/bucket2/snap1
2023-06-29 22:12:04,481 [KeyDeletingService#0] INFO  snapshot.SnapshotCache (SnapshotCache.java:lambda$1(166)) - Loading snapshot. Table key: /vol1/bucket2/snap1
2023-06-29 22:12:04,499 [KeyDeletingService#0] INFO  snapshot.SnapshotCache (SnapshotCache.java:lambda$1(166)) - Loading snapshot. Table key: /vol1/bucket2/snap1
2023-06-29 22:12:04,499 [KeyDeletingService#0] INFO  snapshot.SnapshotCache (SnapshotCache.java:lambda$1(166)) - Loading snapshot. Table key: /vol1/bucket2/snap1
2023-06-29 22:12:04,499 [KeyDeletingService#0] INFO  snapshot.SnapshotCache (SnapshotCache.java:lambda$1(166)) - Loading snapshot. Table key: /vol1/bucket2/snap1
2023-06-29 22:12:04,547 [main] INFO  ozone.TestSnapshotDeletingService (TestSnapshotDeletingService.java:assertTableRowCount(565)) - deletedTable actual row count=13, expectedCount=15
2023-06-29 22:12:04,978 [KeyDeletingService#0] INFO  snapshot.SnapshotCache (SnapshotCache.java:lambda$1(166)) - Loading snapshot. Table key: /vol1/bucket2/snap1
2023-06-29 22:12:04,978 [KeyDeletingService#0] INFO  snapshot.SnapshotCache (SnapshotCache.java:lambda$1(166)) - Loading snapshot. Table key: /vol1/bucket2/snap1
2023-06-29 22:12:04,978 [KeyDeletingService#0] INFO  snapshot.SnapshotCache (SnapshotCache.java:lambda$1(166)) - Loading snapshot. Table key: /vol1/bucket2/snap1
2023-06-29 22:12:04,979 [KeyDeletingService#0] INFO  snapshot.SnapshotCache (SnapshotCache.java:lambda$1(166)) - Loading snapshot. Table key: /vol1/bucket2/snap1
2023-06-29 22:12:04,979 [KeyDeletingService#0] INFO  snapshot.SnapshotCache (SnapshotCache.java:lambda$1(166)) - Loading snapshot. Table key: /vol1/bucket2/snap1
2023-06-29 22:12:04,979 [KeyDeletingService#0] INFO  snapshot.SnapshotCache (SnapshotCache.java:lambda$1(166)) - Loading snapshot. Table key: /vol1/bucket2/snap1
2023-06-29 22:12:04,979 [KeyDeletingService#0] INFO  snapshot.SnapshotCache (SnapshotCache.java:lambda$1(166)) - Loading snapshot. Table key: /vol1/bucket2/snap1
2023-06-29 22:12:04,980 [KeyDeletingService#0] INFO  snapshot.SnapshotCache (SnapshotCache.java:lambda$1(166)) - Loading snapshot. Table key: /vol1/bucket2/snap1
2023-06-29 22:12:04,980 [KeyDeletingService#0] INFO  snapshot.SnapshotCache (SnapshotCache.java:lambda$1(166)) - Loading snapshot. Table key: /vol1/bucket2/snap1
2023-06-29 22:12:04,980 [KeyDeletingService#0] INFO  snapshot.SnapshotCache (SnapshotCache.java:lambda$1(166)) - Loading snapshot. Table key: /vol1/bucket2/snap1
2023-06-29 22:12:04,980 [KeyDeletingService#0] INFO  snapshot.SnapshotCache (SnapshotCache.java:lambda$1(166)) - Loading snapshot. Table key: /vol1/bucket2/snap1
2023-06-29 22:12:04,981 [KeyDeletingService#0] INFO  snapshot.SnapshotCache (SnapshotCache.java:lambda$1(166)) - Loading snapshot. Table key: /vol1/bucket2/snap1
2023-06-29 22:12:04,981 [KeyDeletingService#0] INFO  snapshot.SnapshotCache (SnapshotCache.java:lambda$1(166)) - Loading snapshot. Table key: /vol1/bucket2/snap1
2023-06-29 22:12:04,999 [KeyDeletingService#0] INFO  snapshot.SnapshotCache (SnapshotCache.java:lambda$1(166)) - Loading snapshot. Table key: /vol1/bucket2/snap1
2023-06-29 22:12:04,999 [KeyDeletingService#0] INFO  snapshot.SnapshotCache (SnapshotCache.java:lambda$1(166)) - Loading snapshot. Table key: /vol1/bucket2/snap1
2023-06-29 22:12:04,999 [KeyDeletingService#0] INFO  snapshot.SnapshotCache (SnapshotCache.java:lambda$1(166)) - Loading snapshot. Table key: /vol1/bucket2/snap1
2023-06-29 22:12:05,478 [KeyDeletingService#0] INFO  snapshot.SnapshotCache (SnapshotCache.java:lambda$1(166)) - Loading snapshot. Table key: /vol1/bucket2/snap1
2023-06-29 22:12:05,478 [KeyDeletingService#0] INFO  snapshot.SnapshotCache (SnapshotCache.java:lambda$1(166)) - Loading snapshot. Table key: /vol1/bucket2/snap1
2023-06-29 22:12:05,478 [KeyDeletingService#0] INFO  snapshot.SnapshotCache (SnapshotCache.java:lambda$1(166)) - Loading snapshot. Table key: /vol1/bucket2/snap1
2023-06-29 22:12:05,479 [KeyDeletingService#0] INFO  snapshot.SnapshotCache (SnapshotCache.java:lambda$1(166)) - Loading snapshot. Table key: /vol1/bucket2/snap1
2023-06-29 22:12:05,479 [KeyDeletingService#0] INFO  snapshot.SnapshotCache (SnapshotCache.java:lambda$1(166)) - Loading snapshot. Table key: /vol1/bucket2/snap1
2023-06-29 22:12:05,479 [KeyDeletingService#0] INFO  snapshot.SnapshotCache (SnapshotCache.java:lambda$1(166)) - Loading snapshot. Table key: /vol1/bucket2/snap1
2023-06-29 22:12:05,479 [KeyDeletingService#0] INFO  snapshot.SnapshotCache (SnapshotCache.java:lambda$1(166)) - Loading snapshot. Table key: /vol1/bucket2/snap1
2023-06-29 22:12:05,480 [KeyDeletingService#0] INFO  snapshot.SnapshotCache (SnapshotCache.java:lambda$1(166)) - Loading snapshot. Table key: /vol1/bucket2/snap1
2023-06-29 22:12:05,480 [KeyDeletingService#0] INFO  snapshot.SnapshotCache (SnapshotCache.java:lambda$1(166)) - Loading snapshot. Table key: /vol1/bucket2/snap1
2023-06-29 22:12:05,480 [KeyDeletingService#0] INFO  snapshot.SnapshotCache (SnapshotCache.java:lambda$1(166)) - Loading snapshot. Table key: /vol1/bucket2/snap1
2023-06-29 22:12:05,481 [KeyDeletingService#0] INFO  snapshot.SnapshotCache (SnapshotCache.java:lambda$1(166)) - Loading snapshot. Table key: /vol1/bucket2/snap1
2023-06-29 22:12:05,481 [KeyDeletingService#0] INFO  snapshot.SnapshotCache (SnapshotCache.java:lambda$1(166)) - Loading snapshot. Table key: /vol1/bucket2/snap1
2023-06-29 22:12:05,481 [KeyDeletingService#0] INFO  snapshot.SnapshotCache (SnapshotCache.java:lambda$1(166)) - Loading snapshot. Table key: /vol1/bucket2/snap1
2023-06-29 22:12:05,499 [KeyDeletingService#0] INFO  snapshot.SnapshotCache (SnapshotCache.java:lambda$1(166)) - Loading snapshot. Table key: /vol1/bucket2/snap1
2023-06-29 22:12:05,499 [KeyDeletingService#0] INFO  snapshot.SnapshotCache (SnapshotCache.java:lambda$1(166)) - Loading snapshot. Table key: /vol1/bucket2/snap1
2023-06-29 22:12:05,499 [KeyDeletingService#0] INFO  snapshot.SnapshotCache (SnapshotCache.java:lambda$1(166)) - Loading snapshot. Table key: /vol1/bucket2/snap1
2023-06-29 22:12:05,548 [main] INFO  ozone.TestSnapshotDeletingService (TestSnapshotDeletingService.java:assertTableRowCount(565)) - deletedTable actual row count=13, expectedCount=15
2023-06-29 22:12:05,978 [KeyDeletingService#0] INFO  snapshot.SnapshotCache (SnapshotCache.java:lambda$1(166)) - Loading snapshot. Table key: /vol1/bucket2/snap1
2023-06-29 22:12:05,978 [KeyDeletingService#0] INFO  snapshot.SnapshotCache (SnapshotCache.java:lambda$1(166)) - Loading snapshot. Table key: /vol1/bucket2/snap1
2023-06-29 22:12:05,978 [KeyDeletingService#0] INFO  snapshot.SnapshotCache (SnapshotCache.java:lambda$1(166)) - Loading snapshot. Table key: /vol1/bucket2/snap1
2023-06-29 22:12:05,979 [KeyDeletingService#0] INFO  snapshot.SnapshotCache (SnapshotCache.java:lambda$1(166)) - Loading snapshot. Table key: /vol1/bucket2/snap1
2023-06-29 22:12:05,979 [KeyDeletingService#0] INFO  snapshot.SnapshotCache (SnapshotCache.java:lambda$1(166)) - Loading snapshot. Table key: /vol1/bucket2/snap1
2023-06-29 22:12:05,979 [KeyDeletingService#0] INFO  snapshot.SnapshotCache (SnapshotCache.java:lambda$1(166)) - Loading snapshot. Table key: /vol1/bucket2/snap1
2023-06-29 22:12:05,980 [KeyDeletingService#0] INFO  snapshot.SnapshotCache (SnapshotCache.java:lambda$1(166)) - Loading snapshot. Table key: /vol1/bucket2/snap1
2023-06-29 22:12:05,980 [KeyDeletingService#0] INFO  snapshot.SnapshotCache (SnapshotCache.java:lambda$1(166)) - Loading snapshot. Table key: /vol1/bucket2/snap1
2023-06-29 22:12:05,980 [KeyDeletingService#0] INFO  snapshot.SnapshotCache (SnapshotCache.java:lambda$1(166)) - Loading snapshot. Table key: /vol1/bucket2/snap1
2023-06-29 22:12:05,980 [KeyDeletingService#0] INFO  snapshot.SnapshotCache (SnapshotCache.java:lambda$1(166)) - Loading snapshot. Table key: /vol1/bucket2/snap1
2023-06-29 22:12:05,981 [KeyDeletingService#0] INFO  snapshot.SnapshotCache (SnapshotCache.java:lambda$1(166)) - Loading snapshot. Table key: /vol1/bucket2/snap1
2023-06-29 22:12:05,981 [KeyDeletingService#0] INFO  snapshot.SnapshotCache (SnapshotCache.java:lambda$1(166)) - Loading snapshot. Table key: /vol1/bucket2/snap1
2023-06-29 22:12:05,982 [KeyDeletingService#0] INFO  snapshot.SnapshotCache (SnapshotCache.java:lambda$1(166)) - Loading snapshot. Table key: /vol1/bucket2/snap1
2023-06-29 22:12:05,999 [KeyDeletingService#0] INFO  snapshot.SnapshotCache (SnapshotCache.java:lambda$1(166)) - Loading snapshot. Table key: /vol1/bucket2/snap1
2023-06-29 22:12:05,999 [KeyDeletingService#0] INFO  snapshot.SnapshotCache (SnapshotCache.java:lambda$1(166)) - Loading snapshot. Table key: /vol1/bucket2/snap1
2023-06-29 22:12:06,000 [KeyDeletingService#0] INFO  snapshot.SnapshotCache (SnapshotCache.java:lambda$1(166)) - Loading snapshot. Table key: /vol1/bucket2/snap1
2023-06-29 22:12:06,478 [KeyDeletingService#0] INFO  snapshot.SnapshotCache (SnapshotCache.java:lambda$1(166)) - Loading snapshot. Table key: /vol1/bucket2/snap1
2023-06-29 22:12:06,478 [KeyDeletingService#0] INFO  snapshot.SnapshotCache (SnapshotCache.java:lambda$1(166)) - Loading snapshot. Table key: /vol1/bucket2/snap1
2023-06-29 22:12:06,479 [KeyDeletingService#0] INFO  snapshot.SnapshotCache (SnapshotCache.java:lambda$1(166)) - Loading snapshot. Table key: /vol1/bucket2/snap1
2023-06-29 22:12:06,479 [KeyDeletingService#0] INFO  snapshot.SnapshotCache (SnapshotCache.java:lambda$1(166)) - Loading snapshot. Table key: /vol1/bucket2/snap1
2023-06-29 22:12:06,479 [KeyDeletingService#0] INFO  snapshot.SnapshotCache (SnapshotCache.java:lambda$1(166)) - Loading snapshot. Table key: /vol1/bucket2/snap1
2023-06-29 22:12:06,479 [KeyDeletingService#0] INFO  snapshot.SnapshotCache (SnapshotCache.java:lambda$1(166)) - Loading snapshot. Table key: /vol1/bucket2/snap1
2023-06-29 22:12:06,480 [KeyDeletingService#0] INFO  snapshot.SnapshotCache (SnapshotCache.java:lambda$1(166)) - Loading snapshot. Table key: /vol1/bucket2/snap1
2023-06-29 22:12:06,480 [KeyDeletingService#0] INFO  snapshot.SnapshotCache (SnapshotCache.java:lambda$1(166)) - Loading snapshot. Table key: /vol1/bucket2/snap1
2023-06-29 22:12:06,480 [KeyDeletingService#0] INFO  snapshot.SnapshotCache (SnapshotCache.java:lambda$1(166)) - Loading snapshot. Table key: /vol1/bucket2/snap1
2023-06-29 22:12:06,481 [KeyDeletingService#0] INFO  snapshot.SnapshotCache (SnapshotCache.java:lambda$1(166)) - Loading snapshot. Table key: /vol1/bucket2/snap1
2023-06-29 22:12:06,481 [KeyDeletingService#0] INFO  snapshot.SnapshotCache (SnapshotCache.java:lambda$1(166)) - Loading snapshot. Table key: /vol1/bucket2/snap1
2023-06-29 22:12:06,481 [KeyDeletingService#0] INFO  snapshot.SnapshotCache (SnapshotCache.java:lambda$1(166)) - Loading snapshot. Table key: /vol1/bucket2/snap1
2023-06-29 22:12:06,482 [KeyDeletingService#0] INFO  snapshot.SnapshotCache (SnapshotCache.java:lambda$1(166)) - Loading snapshot. Table key: /vol1/bucket2/snap1
2023-06-29 22:12:06,499 [KeyDeletingService#0] INFO  snapshot.SnapshotCache (SnapshotCache.java:lambda$1(166)) - Loading snapshot. Table key: /vol1/bucket2/snap1
2023-06-29 22:12:06,499 [KeyDeletingService#0] INFO  snapshot.SnapshotCache (SnapshotCache.java:lambda$1(166)) - Loading snapshot. Table key: /vol1/bucket2/snap1
2023-06-29 22:12:06,500 [KeyDeletingService#0] INFO  snapshot.SnapshotCache (SnapshotCache.java:lambda$1(166)) - Loading snapshot. Table key: /vol1/bucket2/snap1
2023-06-29 22:12:06,549 [main] INFO  ozone.TestSnapshotDeletingService (TestSnapshotDeletingService.java:assertTableRowCount(565)) - deletedTable actual row count=13, expectedCount=15
2023-06-29 22:12:06,978 [KeyDeletingService#0] INFO  snapshot.SnapshotCache (SnapshotCache.java:lambda$1(166)) - Loading snapshot. Table key: /vol1/bucket2/snap1
2023-06-29 22:12:06,978 [KeyDeletingService#0] INFO  snapshot.SnapshotCache (SnapshotCache.java:lambda$1(166)) - Loading snapshot. Table key: /vol1/bucket2/snap1
2023-06-29 22:12:06,979 [KeyDeletingService#0] INFO  snapshot.SnapshotCache (SnapshotCache.java:lambda$1(166)) - Loading snapshot. Table key: /vol1/bucket2/snap1
2023-06-29 22:12:06,979 [KeyDeletingService#0] INFO  snapshot.SnapshotCache (SnapshotCache.java:lambda$1(166)) - Loading snapshot. Table key: /vol1/bucket2/snap1
2023-06-29 22:12:06,979 [KeyDeletingService#0] INFO  snapshot.SnapshotCache (SnapshotCache.java:lambda$1(166)) - Loading snapshot. Table key: /vol1/bucket2/snap1
2023-06-29 22:12:06,980 [KeyDeletingService#0] INFO  snapshot.SnapshotCache (SnapshotCache.java:lambda$1(166)) - Loading snapshot. Table key: /vol1/bucket2/snap1
2023-06-29 22:12:06,980 [KeyDeletingService#0] INFO  snapshot.SnapshotCache (SnapshotCache.java:lambda$1(166)) - Loading snapshot. Table key: /vol1/bucket2/snap1
2023-06-29 22:12:06,980 [KeyDeletingService#0] INFO  snapshot.SnapshotCache (SnapshotCache.java:lambda$1(166)) - Loading snapshot. Table key: /vol1/bucket2/snap1
2023-06-29 22:12:06,980 [KeyDeletingService#0] INFO  snapshot.SnapshotCache (SnapshotCache.java:lambda$1(166)) - Loading snapshot. Table key: /vol1/bucket2/snap1
2023-06-29 22:12:06,981 [KeyDeletingService#0] INFO  snapshot.SnapshotCache (SnapshotCache.java:lambda$1(166)) - Loading snapshot. Table key: /vol1/bucket2/snap1
2023-06-29 22:12:06,981 [KeyDeletingService#0] INFO  snapshot.SnapshotCache (SnapshotCache.java:lambda$1(166)) - Loading snapshot. Table key: /vol1/bucket2/snap1
2023-06-29 22:12:06,981 [KeyDeletingService#0] INFO  snapshot.SnapshotCache (SnapshotCache.java:lambda$1(166)) - Loading snapshot. Table key: /vol1/bucket2/snap1
2023-06-29 22:12:06,982 [KeyDeletingService#0] INFO  snapshot.SnapshotCache (SnapshotCache.java:lambda$1(166)) - Loading snapshot. Table key: /vol1/bucket2/snap1
2023-06-29 22:12:06,999 [KeyDeletingService#0] INFO  snapshot.SnapshotCache (SnapshotCache.java:lambda$1(166)) - Loading snapshot. Table key: /vol1/bucket2/snap1
2023-06-29 22:12:06,999 [KeyDeletingService#0] INFO  snapshot.SnapshotCache (SnapshotCache.java:lambda$1(166)) - Loading snapshot. Table key: /vol1/bucket2/snap1
2023-06-29 22:12:07,000 [KeyDeletingService#0] INFO  snapshot.SnapshotCache (SnapshotCache.java:lambda$1(166)) - Loading snapshot. Table key: /vol1/bucket2/snap1
2023-06-29 22:12:07,478 [KeyDeletingService#0] INFO  snapshot.SnapshotCache (SnapshotCache.java:lambda$1(166)) - Loading snapshot. Table key: /vol1/bucket2/snap1
2023-06-29 22:12:07,478 [KeyDeletingService#0] INFO  snapshot.SnapshotCache (SnapshotCache.java:lambda$1(166)) - Loading snapshot. Table key: /vol1/bucket2/snap1
2023-06-29 22:12:07,479 [KeyDeletingService#0] INFO  snapshot.SnapshotCache (SnapshotCache.java:lambda$1(166)) - Loading snapshot. Table key: /vol1/bucket2/snap1
2023-06-29 22:12:07,479 [KeyDeletingService#0] INFO  snapshot.SnapshotCache (SnapshotCache.java:lambda$1(166)) - Loading snapshot. Table key: /vol1/bucket2/snap1
2023-06-29 22:12:07,479 [KeyDeletingService#0] INFO  snapshot.SnapshotCache (SnapshotCache.java:lambda$1(166)) - Loading snapshot. Table key: /vol1/bucket2/snap1
2023-06-29 22:12:07,480 [KeyDeletingService#0] INFO  snapshot.SnapshotCache (SnapshotCache.java:lambda$1(166)) - Loading snapshot. Table key: /vol1/bucket2/snap1
2023-06-29 22:12:07,480 [KeyDeletingService#0] INFO  snapshot.SnapshotCache (SnapshotCache.java:lambda$1(166)) - Loading snapshot. Table key: /vol1/bucket2/snap1
2023-06-29 22:12:07,480 [KeyDeletingService#0] INFO  snapshot.SnapshotCache (SnapshotCache.java:lambda$1(166)) - Loading snapshot. Table key: /vol1/bucket2/snap1
2023-06-29 22:12:07,480 [KeyDeletingService#0] INFO  snapshot.SnapshotCache (SnapshotCache.java:lambda$1(166)) - Loading snapshot. Table key: /vol1/bucket2/snap1
2023-06-29 22:12:07,481 [KeyDeletingService#0] INFO  snapshot.SnapshotCache (SnapshotCache.java:lambda$1(166)) - Loading snapshot. Table key: /vol1/bucket2/snap1
2023-06-29 22:12:07,481 [KeyDeletingService#0] INFO  snapshot.SnapshotCache (SnapshotCache.java:lambda$1(166)) - Loading snapshot. Table key: /vol1/bucket2/snap1
2023-06-29 22:12:07,481 [KeyDeletingService#0] INFO  snapshot.SnapshotCache (SnapshotCache.java:lambda$1(166)) - Loading snapshot. Table key: /vol1/bucket2/snap1
2023-06-29 22:12:07,481 [KeyDeletingService#0] INFO  snapshot.SnapshotCache (SnapshotCache.java:lambda$1(166)) - Loading snapshot. Table key: /vol1/bucket2/snap1
2023-06-29 22:12:07,499 [KeyDeletingService#0] INFO  snapshot.SnapshotCache (SnapshotCache.java:lambda$1(166)) - Loading snapshot. Table key: /vol1/bucket2/snap1
2023-06-29 22:12:07,500 [KeyDeletingService#0] INFO  snapshot.SnapshotCache (SnapshotCache.java:lambda$1(166)) - Loading snapshot. Table key: /vol1/bucket2/snap1
2023-06-29 22:12:07,500 [KeyDeletingService#0] INFO  snapshot.SnapshotCache (SnapshotCache.java:lambda$1(166)) - Loading snapshot. Table key: /vol1/bucket2/snap1
2023-06-29 22:12:07,550 [main] INFO  ozone.TestSnapshotDeletingService (TestSnapshotDeletingService.java:assertTableRowCount(565)) - deletedTable actual row count=13, expectedCount=15
2023-06-29 22:12:07,978 [KeyDeletingService#0] INFO  snapshot.SnapshotCache (SnapshotCache.java:lambda$1(166)) - Loading snapshot. Table key: /vol1/bucket2/snap1
2023-06-29 22:12:07,979 [KeyDeletingService#0] INFO  snapshot.SnapshotCache (SnapshotCache.java:lambda$1(166)) - Loading snapshot. Table key: /vol1/bucket2/snap1
2023-06-29 22:12:07,979 [KeyDeletingService#0] INFO  snapshot.SnapshotCache (SnapshotCache.java:lambda$1(166)) - Loading snapshot. Table key: /vol1/bucket2/snap1
2023-06-29 22:12:07,979 [KeyDeletingService#0] INFO  snapshot.SnapshotCache (SnapshotCache.java:lambda$1(166)) - Loading snapshot. Table key: /vol1/bucket2/snap1
2023-06-29 22:12:07,979 [KeyDeletingService#0] INFO  snapshot.SnapshotCache (SnapshotCache.java:lambda$1(166)) - Loading snapshot. Table key: /vol1/bucket2/snap1
2023-06-29 22:12:07,980 [KeyDeletingService#0] INFO  snapshot.SnapshotCache (SnapshotCache.java:lambda$1(166)) - Loading snapshot. Table key: /vol1/bucket2/snap1
2023-06-29 22:12:07,980 [KeyDeletingService#0] INFO  snapshot.SnapshotCache (SnapshotCache.java:lambda$1(166)) - Loading snapshot. Table key: /vol1/bucket2/snap1
2023-06-29 22:12:07,980 [KeyDeletingService#0] INFO  snapshot.SnapshotCache (SnapshotCache.java:lambda$1(166)) - Loading snapshot. Table key: /vol1/bucket2/snap1
2023-06-29 22:12:07,981 [KeyDeletingService#0] INFO  snapshot.SnapshotCache (SnapshotCache.java:lambda$1(166)) - Loading snapshot. Table key: /vol1/bucket2/snap1
2023-06-29 22:12:07,981 [KeyDeletingService#0] INFO  snapshot.SnapshotCache (SnapshotCache.java:lambda$1(166)) - Loading snapshot. Table key: /vol1/bucket2/snap1
2023-06-29 22:12:07,981 [KeyDeletingService#0] INFO  snapshot.SnapshotCache (SnapshotCache.java:lambda$1(166)) - Loading snapshot. Table key: /vol1/bucket2/snap1
2023-06-29 22:12:07,981 [KeyDeletingService#0] INFO  snapshot.SnapshotCache (SnapshotCache.java:lambda$1(166)) - Loading snapshot. Table key: /vol1/bucket2/snap1
2023-06-29 22:12:07,982 [KeyDeletingService#0] INFO  snapshot.SnapshotCache (SnapshotCache.java:lambda$1(166)) - Loading snapshot. Table key: /vol1/bucket2/snap1
2023-06-29 22:12:07,999 [KeyDeletingService#0] INFO  snapshot.SnapshotCache (SnapshotCache.java:lambda$1(166)) - Loading snapshot. Table key: /vol1/bucket2/snap1
2023-06-29 22:12:08,000 [KeyDeletingService#0] INFO  snapshot.SnapshotCache (SnapshotCache.java:lambda$1(166)) - Loading snapshot. Table key: /vol1/bucket2/snap1
2023-06-29 22:12:08,000 [KeyDeletingService#0] INFO  snapshot.SnapshotCache (SnapshotCache.java:lambda$1(166)) - Loading snapshot. Table key: /vol1/bucket2/snap1
2023-06-29 22:12:08,478 [KeyDeletingService#0] INFO  snapshot.SnapshotCache (SnapshotCache.java:lambda$1(166)) - Loading snapshot. Table key: /vol1/bucket2/snap1
2023-06-29 22:12:08,479 [KeyDeletingService#0] INFO  snapshot.SnapshotCache (SnapshotCache.java:lambda$1(166)) - Loading snapshot. Table key: /vol1/bucket2/snap1
2023-06-29 22:12:08,479 [KeyDeletingService#0] INFO  snapshot.SnapshotCache (SnapshotCache.java:lambda$1(166)) - Loading snapshot. Table key: /vol1/bucket2/snap1
2023-06-29 22:12:08,479 [KeyDeletingService#0] INFO  snapshot.SnapshotCache (SnapshotCache.java:lambda$1(166)) - Loading snapshot. Table key: /vol1/bucket2/snap1
2023-06-29 22:12:08,480 [KeyDeletingService#0] INFO  snapshot.SnapshotCache (SnapshotCache.java:lambda$1(166)) - Loading snapshot. Table key: /vol1/bucket2/snap1
2023-06-29 22:12:08,480 [KeyDeletingService#0] INFO  snapshot.SnapshotCache (SnapshotCache.java:lambda$1(166)) - Loading snapshot. Table key: /vol1/bucket2/snap1
2023-06-29 22:12:08,480 [KeyDeletingService#0] INFO  snapshot.SnapshotCache (SnapshotCache.java:lambda$1(166)) - Loading snapshot. Table key: /vol1/bucket2/snap1
2023-06-29 22:12:08,480 [KeyDeletingService#0] INFO  snapshot.SnapshotCache (SnapshotCache.java:lambda$1(166)) - Loading snapshot. Table key: /vol1/bucket2/snap1
2023-06-29 22:12:08,481 [KeyDeletingService#0] INFO  snapshot.SnapshotCache (SnapshotCache.java:lambda$1(166)) - Loading snapshot. Table key: /vol1/bucket2/snap1
2023-06-29 22:12:08,481 [KeyDeletingService#0] INFO  snapshot.SnapshotCache (SnapshotCache.java:lambda$1(166)) - Loading snapshot. Table key: /vol1/bucket2/snap1
2023-06-29 22:12:08,481 [KeyDeletingService#0] INFO  snapshot.SnapshotCache (SnapshotCache.java:lambda$1(166)) - Loading snapshot. Table key: /vol1/bucket2/snap1
2023-06-29 22:12:08,481 [KeyDeletingService#0] INFO  snapshot.SnapshotCache (SnapshotCache.java:lambda$1(166)) - Loading snapshot. Table key: /vol1/bucket2/snap1
2023-06-29 22:12:08,482 [KeyDeletingService#0] INFO  snapshot.SnapshotCache (SnapshotCache.java:lambda$1(166)) - Loading snapshot. Table key: /vol1/bucket2/snap1
2023-06-29 22:12:08,499 [KeyDeletingService#0] INFO  snapshot.SnapshotCache (SnapshotCache.java:lambda$1(166)) - Loading snapshot. Table key: /vol1/bucket2/snap1
2023-06-29 22:12:08,500 [KeyDeletingService#0] INFO  snapshot.SnapshotCache (SnapshotCache.java:lambda$1(166)) - Loading snapshot. Table key: /vol1/bucket2/snap1
2023-06-29 22:12:08,500 [KeyDeletingService#0] INFO  snapshot.SnapshotCache (SnapshotCache.java:lambda$1(166)) - Loading snapshot. Table key: /vol1/bucket2/snap1
2023-06-29 22:12:08,551 [main] INFO  ozone.TestSnapshotDeletingService (TestSnapshotDeletingService.java:assertTableRowCount(565)) - deletedTable actual row count=13, expectedCount=15
2023-06-29 22:12:08,978 [KeyDeletingService#0] INFO  snapshot.SnapshotCache (SnapshotCache.java:lambda$1(166)) - Loading snapshot. Table key: /vol1/bucket2/snap1
2023-06-29 22:12:08,979 [KeyDeletingService#0] INFO  snapshot.SnapshotCache (SnapshotCache.java:lambda$1(166)) - Loading snapshot. Table key: /vol1/bucket2/snap1
2023-06-29 22:12:08,979 [KeyDeletingService#0] INFO  snapshot.SnapshotCache (SnapshotCache.java:lambda$1(166)) - Loading snapshot. Table key: /vol1/bucket2/snap1
2023-06-29 22:12:08,979 [KeyDeletingService#0] INFO  snapshot.SnapshotCache (SnapshotCache.java:lambda$1(166)) - Loading snapshot. Table key: /vol1/bucket2/snap1
2023-06-29 22:12:08,980 [KeyDeletingService#0] INFO  snapshot.SnapshotCache (SnapshotCache.java:lambda$1(166)) - Loading snapshot. Table key: /vol1/bucket2/snap1
2023-06-29 22:12:08,980 [KeyDeletingService#0] INFO  snapshot.SnapshotCache (SnapshotCache.java:lambda$1(166)) - Loading snapshot. Table key: /vol1/bucket2/snap1
2023-06-29 22:12:08,980 [KeyDeletingService#0] INFO  snapshot.SnapshotCache (SnapshotCache.java:lambda$1(166)) - Loading snapshot. Table key: /vol1/bucket2/snap1
2023-06-29 22:12:08,980 [KeyDeletingService#0] INFO  snapshot.SnapshotCache (SnapshotCache.java:lambda$1(166)) - Loading snapshot. Table key: /vol1/bucket2/snap1
2023-06-29 22:12:08,981 [KeyDeletingService#0] INFO  snapshot.SnapshotCache (SnapshotCache.java:lambda$1(166)) - Loading snapshot. Table key: /vol1/bucket2/snap1
2023-06-29 22:12:08,981 [KeyDeletingService#0] INFO  snapshot.SnapshotCache (SnapshotCache.java:lambda$1(166)) - Loading snapshot. Table key: /vol1/bucket2/snap1
2023-06-29 22:12:08,981 [KeyDeletingService#0] INFO  snapshot.SnapshotCache (SnapshotCache.java:lambda$1(166)) - Loading snapshot. Table key: /vol1/bucket2/snap1
2023-06-29 22:12:08,982 [KeyDeletingService#0] INFO  snapshot.SnapshotCache (SnapshotCache.java:lambda$1(166)) - Loading snapshot. Table key: /vol1/bucket2/snap1
2023-06-29 22:12:08,982 [KeyDeletingService#0] INFO  snapshot.SnapshotCache (SnapshotCache.java:lambda$1(166)) - Loading snapshot. Table key: /vol1/bucket2/snap1
2023-06-29 22:12:08,999 [KeyDeletingService#0] INFO  snapshot.SnapshotCache (SnapshotCache.java:lambda$1(166)) - Loading snapshot. Table key: /vol1/bucket2/snap1
2023-06-29 22:12:09,000 [KeyDeletingService#0] INFO  snapshot.SnapshotCache (SnapshotCache.java:lambda$1(166)) - Loading snapshot. Table key: /vol1/bucket2/snap1
2023-06-29 22:12:09,000 [KeyDeletingService#0] INFO  snapshot.SnapshotCache (SnapshotCache.java:lambda$1(166)) - Loading snapshot. Table key: /vol1/bucket2/snap1
2023-06-29 22:12:09,478 [KeyDeletingService#0] INFO  snapshot.SnapshotCache (SnapshotCache.java:lambda$1(166)) - Loading snapshot. Table key: /vol1/bucket2/snap1
2023-06-29 22:12:09,479 [KeyDeletingService#0] INFO  snapshot.SnapshotCache (SnapshotCache.java:lambda$1(166)) - Loading snapshot. Table key: /vol1/bucket2/snap1
2023-06-29 22:12:09,479 [KeyDeletingService#0] INFO  snapshot.SnapshotCache (SnapshotCache.java:lambda$1(166)) - Loading snapshot. Table key: /vol1/bucket2/snap1
2023-06-29 22:12:09,479 [KeyDeletingService#0] INFO  snapshot.SnapshotCache (SnapshotCache.java:lambda$1(166)) - Loading snapshot. Table key: /vol1/bucket2/snap1
2023-06-29 22:12:09,480 [KeyDeletingService#0] INFO  snapshot.SnapshotCache (SnapshotCache.java:lambda$1(166)) - Loading snapshot. Table key: /vol1/bucket2/snap1
2023-06-29 22:12:09,480 [KeyDeletingService#0] INFO  snapshot.SnapshotCache (SnapshotCache.java:lambda$1(166)) - Loading snapshot. Table key: /vol1/bucket2/snap1
2023-06-29 22:12:09,480 [KeyDeletingService#0] INFO  snapshot.SnapshotCache (SnapshotCache.java:lambda$1(166)) - Loading snapshot. Table key: /vol1/bucket2/snap1
2023-06-29 22:12:09,481 [KeyDeletingService#0] INFO  snapshot.SnapshotCache (SnapshotCache.java:lambda$1(166)) - Loading snapshot. Table key: /vol1/bucket2/snap1
2023-06-29 22:12:09,481 [KeyDeletingService#0] INFO  snapshot.SnapshotCache (SnapshotCache.java:lambda$1(166)) - Loading snapshot. Table key: /vol1/bucket2/snap1
2023-06-29 22:12:09,481 [KeyDeletingService#0] INFO  snapshot.SnapshotCache (SnapshotCache.java:lambda$1(166)) - Loading snapshot. Table key: /vol1/bucket2/snap1
2023-06-29 22:12:09,481 [KeyDeletingService#0] INFO  snapshot.SnapshotCache (SnapshotCache.java:lambda$1(166)) - Loading snapshot. Table key: /vol1/bucket2/snap1
2023-06-29 22:12:09,482 [KeyDeletingService#0] INFO  snapshot.SnapshotCache (SnapshotCache.java:lambda$1(166)) - Loading snapshot. Table key: /vol1/bucket2/snap1
2023-06-29 22:12:09,482 [KeyDeletingService#0] INFO  snapshot.SnapshotCache (SnapshotCache.java:lambda$1(166)) - Loading snapshot. Table key: /vol1/bucket2/snap1
2023-06-29 22:12:09,499 [KeyDeletingService#0] INFO  snapshot.SnapshotCache (SnapshotCache.java:lambda$1(166)) - Loading snapshot. Table key: /vol1/bucket2/snap1
2023-06-29 22:12:09,500 [KeyDeletingService#0] INFO  snapshot.SnapshotCache (SnapshotCache.java:lambda$1(166)) - Loading snapshot. Table key: /vol1/bucket2/snap1
2023-06-29 22:12:09,500 [KeyDeletingService#0] INFO  snapshot.SnapshotCache (SnapshotCache.java:lambda$1(166)) - Loading snapshot. Table key: /vol1/bucket2/snap1
2023-06-29 22:12:09,552 [main] INFO  ozone.TestSnapshotDeletingService (TestSnapshotDeletingService.java:assertTableRowCount(565)) - deletedTable actual row count=13, expectedCount=15
2023-06-29 22:12:09,979 [KeyDeletingService#0] INFO  snapshot.SnapshotCache (SnapshotCache.java:lambda$1(166)) - Loading snapshot. Table key: /vol1/bucket2/snap1
2023-06-29 22:12:09,979 [KeyDeletingService#0] INFO  snapshot.SnapshotCache (SnapshotCache.java:lambda$1(166)) - Loading snapshot. Table key: /vol1/bucket2/snap1
2023-06-29 22:12:09,979 [KeyDeletingService#0] INFO  snapshot.SnapshotCache (SnapshotCache.java:lambda$1(166)) - Loading snapshot. Table key: /vol1/bucket2/snap1
2023-06-29 22:12:09,980 [KeyDeletingService#0] INFO  snapshot.SnapshotCache (SnapshotCache.java:lambda$1(166)) - Loading snapshot. Table key: /vol1/bucket2/snap1
2023-06-29 22:12:09,980 [KeyDeletingService#0] INFO  snapshot.SnapshotCache (SnapshotCache.java:lambda$1(166)) - Loading snapshot. Table key: /vol1/bucket2/snap1
2023-06-29 22:12:09,980 [KeyDeletingService#0] INFO  snapshot.SnapshotCache (SnapshotCache.java:lambda$1(166)) - Loading snapshot. Table key: /vol1/bucket2/snap1
2023-06-29 22:12:09,980 [KeyDeletingService#0] INFO  snapshot.SnapshotCache (SnapshotCache.java:lambda$1(166)) - Loading snapshot. Table key: /vol1/bucket2/snap1
2023-06-29 22:12:09,981 [KeyDeletingService#0] INFO  snapshot.SnapshotCache (SnapshotCache.java:lambda$1(166)) - Loading snapshot. Table key: /vol1/bucket2/snap1
2023-06-29 22:12:09,981 [KeyDeletingService#0] INFO  snapshot.SnapshotCache (SnapshotCache.java:lambda$1(166)) - Loading snapshot. Table key: /vol1/bucket2/snap1
2023-06-29 22:12:09,981 [KeyDeletingService#0] INFO  snapshot.SnapshotCache (SnapshotCache.java:lambda$1(166)) - Loading snapshot. Table key: /vol1/bucket2/snap1
2023-06-29 22:12:09,981 [KeyDeletingService#0] INFO  snapshot.SnapshotCache (SnapshotCache.java:lambda$1(166)) - Loading snapshot. Table key: /vol1/bucket2/snap1
2023-06-29 22:12:09,982 [KeyDeletingService#0] INFO  snapshot.SnapshotCache (SnapshotCache.java:lambda$1(166)) - Loading snapshot. Table key: /vol1/bucket2/snap1
2023-06-29 22:12:09,982 [KeyDeletingService#0] INFO  snapshot.SnapshotCache (SnapshotCache.java:lambda$1(166)) - Loading snapshot. Table key: /vol1/bucket2/snap1
2023-06-29 22:12:10,000 [KeyDeletingService#0] INFO  snapshot.SnapshotCache (SnapshotCache.java:lambda$1(166)) - Loading snapshot. Table key: /vol1/bucket2/snap1
2023-06-29 22:12:10,000 [KeyDeletingService#0] INFO  snapshot.SnapshotCache (SnapshotCache.java:lambda$1(166)) - Loading snapshot. Table key: /vol1/bucket2/snap1
2023-06-29 22:12:10,000 [KeyDeletingService#0] INFO  snapshot.SnapshotCache (SnapshotCache.java:lambda$1(166)) - Loading snapshot. Table key: /vol1/bucket2/snap1
2023-06-29 22:12:10,479 [KeyDeletingService#0] INFO  snapshot.SnapshotCache (SnapshotCache.java:lambda$1(166)) - Loading snapshot. Table key: /vol1/bucket2/snap1
2023-06-29 22:12:10,479 [KeyDeletingService#0] INFO  snapshot.SnapshotCache (SnapshotCache.java:lambda$1(166)) - Loading snapshot. Table key: /vol1/bucket2/snap1
2023-06-29 22:12:10,479 [KeyDeletingService#0] INFO  snapshot.SnapshotCache (SnapshotCache.java:lambda$1(166)) - Loading snapshot. Table key: /vol1/bucket2/snap1
2023-06-29 22:12:10,480 [KeyDeletingService#0] INFO  snapshot.SnapshotCache (SnapshotCache.java:lambda$1(166)) - Loading snapshot. Table key: /vol1/bucket2/snap1
2023-06-29 22:12:10,480 [KeyDeletingService#0] INFO  snapshot.SnapshotCache (SnapshotCache.java:lambda$1(166)) - Loading snapshot. Table key: /vol1/bucket2/snap1
2023-06-29 22:12:10,480 [KeyDeletingService#0] INFO  snapshot.SnapshotCache (SnapshotCache.java:lambda$1(166)) - Loading snapshot. Table key: /vol1/bucket2/snap1
2023-06-29 22:12:10,480 [KeyDeletingService#0] INFO  snapshot.SnapshotCache (SnapshotCache.java:lambda$1(166)) - Loading snapshot. Table key: /vol1/bucket2/snap1
2023-06-29 22:12:10,481 [KeyDeletingService#0] INFO  snapshot.SnapshotCache (SnapshotCache.java:lambda$1(166)) - Loading snapshot. Table key: /vol1/bucket2/snap1
2023-06-29 22:12:10,481 [KeyDeletingService#0] INFO  snapshot.SnapshotCache (SnapshotCache.java:lambda$1(166)) - Loading snapshot. Table key: /vol1/bucket2/snap1
2023-06-29 22:12:10,481 [KeyDeletingService#0] INFO  snapshot.SnapshotCache (SnapshotCache.java:lambda$1(166)) - Loading snapshot. Table key: /vol1/bucket2/snap1
2023-06-29 22:12:10,482 [KeyDeletingService#0] INFO  snapshot.SnapshotCache (SnapshotCache.java:lambda$1(166)) - Loading snapshot. Table key: /vol1/bucket2/snap1
2023-06-29 22:12:10,482 [KeyDeletingService#0] INFO  snapshot.SnapshotCache (SnapshotCache.java:lambda$1(166)) - Loading snapshot. Table key: /vol1/bucket2/snap1
2023-06-29 22:12:10,482 [KeyDeletingService#0] INFO  snapshot.SnapshotCache (SnapshotCache.java:lambda$1(166)) - Loading snapshot. Table key: /vol1/bucket2/snap1
2023-06-29 22:12:10,500 [KeyDeletingService#0] INFO  snapshot.SnapshotCache (SnapshotCache.java:lambda$1(166)) - Loading snapshot. Table key: /vol1/bucket2/snap1
2023-06-29 22:12:10,500 [KeyDeletingService#0] INFO  snapshot.SnapshotCache (SnapshotCache.java:lambda$1(166)) - Loading snapshot. Table key: /vol1/bucket2/snap1
2023-06-29 22:12:10,500 [KeyDeletingService#0] INFO  snapshot.SnapshotCache (SnapshotCache.java:lambda$1(166)) - Loading snapshot. Table key: /vol1/bucket2/snap1
2023-06-29 22:12:10,553 [main] INFO  ozone.TestSnapshotDeletingService (TestSnapshotDeletingService.java:assertTableRowCount(565)) - deletedTable actual row count=13, expectedCount=15
2023-06-29 22:12:10,979 [KeyDeletingService#0] INFO  snapshot.SnapshotCache (SnapshotCache.java:lambda$1(166)) - Loading snapshot. Table key: /vol1/bucket2/snap1
2023-06-29 22:12:10,979 [KeyDeletingService#0] INFO  snapshot.SnapshotCache (SnapshotCache.java:lambda$1(166)) - Loading snapshot. Table key: /vol1/bucket2/snap1
2023-06-29 22:12:10,979 [KeyDeletingService#0] INFO  snapshot.SnapshotCache (SnapshotCache.java:lambda$1(166)) - Loading snapshot. Table key: /vol1/bucket2/snap1
2023-06-29 22:12:10,980 [KeyDeletingService#0] INFO  snapshot.SnapshotCache (SnapshotCache.java:lambda$1(166)) - Loading snapshot. Table key: /vol1/bucket2/snap1
2023-06-29 22:12:10,980 [KeyDeletingService#0] INFO  snapshot.SnapshotCache (SnapshotCache.java:lambda$1(166)) - Loading snapshot. Table key: /vol1/bucket2/snap1
2023-06-29 22:12:10,980 [KeyDeletingService#0] INFO  snapshot.SnapshotCache (SnapshotCache.java:lambda$1(166)) - Loading snapshot. Table key: /vol1/bucket2/snap1
2023-06-29 22:12:10,981 [KeyDeletingService#0] INFO  snapshot.SnapshotCache (SnapshotCache.java:lambda$1(166)) - Loading snapshot. Table key: /vol1/bucket2/snap1
2023-06-29 22:12:10,981 [KeyDeletingService#0] INFO  snapshot.SnapshotCache (SnapshotCache.java:lambda$1(166)) - Loading snapshot. Table key: /vol1/bucket2/snap1
2023-06-29 22:12:10,981 [KeyDeletingService#0] INFO  snapshot.SnapshotCache (SnapshotCache.java:lambda$1(166)) - Loading snapshot. Table key: /vol1/bucket2/snap1
2023-06-29 22:12:10,981 [KeyDeletingService#0] INFO  snapshot.SnapshotCache (SnapshotCache.java:lambda$1(166)) - Loading snapshot. Table key: /vol1/bucket2/snap1
2023-06-29 22:12:10,982 [KeyDeletingService#0] INFO  snapshot.SnapshotCache (SnapshotCache.java:lambda$1(166)) - Loading snapshot. Table key: /vol1/bucket2/snap1
2023-06-29 22:12:10,982 [KeyDeletingService#0] INFO  snapshot.SnapshotCache (SnapshotCache.java:lambda$1(166)) - Loading snapshot. Table key: /vol1/bucket2/snap1
2023-06-29 22:12:10,982 [KeyDeletingService#0] INFO  snapshot.SnapshotCache (SnapshotCache.java:lambda$1(166)) - Loading snapshot. Table key: /vol1/bucket2/snap1
2023-06-29 22:12:11,000 [KeyDeletingService#0] INFO  snapshot.SnapshotCache (SnapshotCache.java:lambda$1(166)) - Loading snapshot. Table key: /vol1/bucket2/snap1
2023-06-29 22:12:11,000 [KeyDeletingService#0] INFO  snapshot.SnapshotCache (SnapshotCache.java:lambda$1(166)) - Loading snapshot. Table key: /vol1/bucket2/snap1
2023-06-29 22:12:11,000 [KeyDeletingService#0] INFO  snapshot.SnapshotCache (SnapshotCache.java:lambda$1(166)) - Loading snapshot. Table key: /vol1/bucket2/snap1
2023-06-29 22:12:11,479 [KeyDeletingService#0] INFO  snapshot.SnapshotCache (SnapshotCache.java:lambda$1(166)) - Loading snapshot. Table key: /vol1/bucket2/snap1
2023-06-29 22:12:11,479 [KeyDeletingService#0] INFO  snapshot.SnapshotCache (SnapshotCache.java:lambda$1(166)) - Loading snapshot. Table key: /vol1/bucket2/snap1
2023-06-29 22:12:11,480 [KeyDeletingService#0] INFO  snapshot.SnapshotCache (SnapshotCache.java:lambda$1(166)) - Loading snapshot. Table key: /vol1/bucket2/snap1
2023-06-29 22:12:11,480 [KeyDeletingService#0] INFO  snapshot.SnapshotCache (SnapshotCache.java:lambda$1(166)) - Loading snapshot. Table key: /vol1/bucket2/snap1
2023-06-29 22:12:11,480 [KeyDeletingService#0] INFO  snapshot.SnapshotCache (SnapshotCache.java:lambda$1(166)) - Loading snapshot. Table key: /vol1/bucket2/snap1
2023-06-29 22:12:11,480 [KeyDeletingService#0] INFO  snapshot.SnapshotCache (SnapshotCache.java:lambda$1(166)) - Loading snapshot. Table key: /vol1/bucket2/snap1
2023-06-29 22:12:11,481 [KeyDeletingService#0] INFO  snapshot.SnapshotCache (SnapshotCache.java:lambda$1(166)) - Loading snapshot. Table key: /vol1/bucket2/snap1
2023-06-29 22:12:11,481 [KeyDeletingService#0] INFO  snapshot.SnapshotCache (SnapshotCache.java:lambda$1(166)) - Loading snapshot. Table key: /vol1/bucket2/snap1
2023-06-29 22:12:11,481 [KeyDeletingService#0] INFO  snapshot.SnapshotCache (SnapshotCache.java:lambda$1(166)) - Loading snapshot. Table key: /vol1/bucket2/snap1
2023-06-29 22:12:11,482 [KeyDeletingService#0] INFO  snapshot.SnapshotCache (SnapshotCache.java:lambda$1(166)) - Loading snapshot. Table key: /vol1/bucket2/snap1
2023-06-29 22:12:11,482 [KeyDeletingService#0] INFO  snapshot.SnapshotCache (SnapshotCache.java:lambda$1(166)) - Loading snapshot. Table key: /vol1/bucket2/snap1
2023-06-29 22:12:11,482 [KeyDeletingService#0] INFO  snapshot.SnapshotCache (SnapshotCache.java:lambda$1(166)) - Loading snapshot. Table key: /vol1/bucket2/snap1
2023-06-29 22:12:11,482 [KeyDeletingService#0] INFO  snapshot.SnapshotCache (SnapshotCache.java:lambda$1(166)) - Loading snapshot. Table key: /vol1/bucket2/snap1
2023-06-29 22:12:11,500 [KeyDeletingService#0] INFO  snapshot.SnapshotCache (SnapshotCache.java:lambda$1(166)) - Loading snapshot. Table key: /vol1/bucket2/snap1
2023-06-29 22:12:11,500 [KeyDeletingService#0] INFO  snapshot.SnapshotCache (SnapshotCache.java:lambda$1(166)) - Loading snapshot. Table key: /vol1/bucket2/snap1
2023-06-29 22:12:11,500 [KeyDeletingService#0] INFO  snapshot.SnapshotCache (SnapshotCache.java:lambda$1(166)) - Loading snapshot. Table key: /vol1/bucket2/snap1
2023-06-29 22:12:11,554 [main] INFO  ozone.TestSnapshotDeletingService (TestSnapshotDeletingService.java:assertTableRowCount(565)) - deletedTable actual row count=13, expectedCount=15
2023-06-29 22:12:11,979 [KeyDeletingService#0] INFO  snapshot.SnapshotCache (SnapshotCache.java:lambda$1(166)) - Loading snapshot. Table key: /vol1/bucket2/snap1
2023-06-29 22:12:11,979 [KeyDeletingService#0] INFO  snapshot.SnapshotCache (SnapshotCache.java:lambda$1(166)) - Loading snapshot. Table key: /vol1/bucket2/snap1
2023-06-29 22:12:11,980 [KeyDeletingService#0] INFO  snapshot.SnapshotCache (SnapshotCache.java:lambda$1(166)) - Loading snapshot. Table key: /vol1/bucket2/snap1
2023-06-29 22:12:11,980 [KeyDeletingService#0] INFO  snapshot.SnapshotCache (SnapshotCache.java:lambda$1(166)) - Loading snapshot. Table key: /vol1/bucket2/snap1
2023-06-29 22:12:11,980 [KeyDeletingService#0] INFO  snapshot.SnapshotCache (SnapshotCache.java:lambda$1(166)) - Loading snapshot. Table key: /vol1/bucket2/snap1
2023-06-29 22:12:11,981 [KeyDeletingService#0] INFO  snapshot.SnapshotCache (SnapshotCache.java:lambda$1(166)) - Loading snapshot. Table key: /vol1/bucket2/snap1
2023-06-29 22:12:11,981 [KeyDeletingService#0] INFO  snapshot.SnapshotCache (SnapshotCache.java:lambda$1(166)) - Loading snapshot. Table key: /vol1/bucket2/snap1
2023-06-29 22:12:11,981 [KeyDeletingService#0] INFO  snapshot.SnapshotCache (SnapshotCache.java:lambda$1(166)) - Loading snapshot. Table key: /vol1/bucket2/snap1
2023-06-29 22:12:11,981 [KeyDeletingService#0] INFO  snapshot.SnapshotCache (SnapshotCache.java:lambda$1(166)) - Loading snapshot. Table key: /vol1/bucket2/snap1
2023-06-29 22:12:11,982 [KeyDeletingService#0] INFO  snapshot.SnapshotCache (SnapshotCache.java:lambda$1(166)) - Loading snapshot. Table key: /vol1/bucket2/snap1
2023-06-29 22:12:11,982 [KeyDeletingService#0] INFO  snapshot.SnapshotCache (SnapshotCache.java:lambda$1(166)) - Loading snapshot. Table key: /vol1/bucket2/snap1
2023-06-29 22:12:11,982 [KeyDeletingService#0] INFO  snapshot.SnapshotCache (SnapshotCache.java:lambda$1(166)) - Loading snapshot. Table key: /vol1/bucket2/snap1
2023-06-29 22:12:11,982 [KeyDeletingService#0] INFO  snapshot.SnapshotCache (SnapshotCache.java:lambda$1(166)) - Loading snapshot. Table key: /vol1/bucket2/snap1
2023-06-29 22:12:12,000 [KeyDeletingService#0] INFO  snapshot.SnapshotCache (SnapshotCache.java:lambda$1(166)) - Loading snapshot. Table key: /vol1/bucket2/snap1
2023-06-29 22:12:12,000 [KeyDeletingService#0] INFO  snapshot.SnapshotCache (SnapshotCache.java:lambda$1(166)) - Loading snapshot. Table key: /vol1/bucket2/snap1
2023-06-29 22:12:12,001 [KeyDeletingService#0] INFO  snapshot.SnapshotCache (SnapshotCache.java:lambda$1(166)) - Loading snapshot. Table key: /vol1/bucket2/snap1
2023-06-29 22:12:12,479 [KeyDeletingService#0] INFO  snapshot.SnapshotCache (SnapshotCache.java:lambda$1(166)) - Loading snapshot. Table key: /vol1/bucket2/snap1
2023-06-29 22:12:12,479 [KeyDeletingService#0] INFO  snapshot.SnapshotCache (SnapshotCache.java:lambda$1(166)) - Loading snapshot. Table key: /vol1/bucket2/snap1
2023-06-29 22:12:12,480 [KeyDeletingService#0] INFO  snapshot.SnapshotCache (SnapshotCache.java:lambda$1(166)) - Loading snapshot. Table key: /vol1/bucket2/snap1
2023-06-29 22:12:12,480 [KeyDeletingService#0] INFO  snapshot.SnapshotCache (SnapshotCache.java:lambda$1(166)) - Loading snapshot. Table key: /vol1/bucket2/snap1
2023-06-29 22:12:12,480 [KeyDeletingService#0] INFO  snapshot.SnapshotCache (SnapshotCache.java:lambda$1(166)) - Loading snapshot. Table key: /vol1/bucket2/snap1
2023-06-29 22:12:12,481 [KeyDeletingService#0] INFO  snapshot.SnapshotCache (SnapshotCache.java:lambda$1(166)) - Loading snapshot. Table key: /vol1/bucket2/snap1
2023-06-29 22:12:12,481 [KeyDeletingService#0] INFO  snapshot.SnapshotCache (SnapshotCache.java:lambda$1(166)) - Loading snapshot. Table key: /vol1/bucket2/snap1
2023-06-29 22:12:12,481 [KeyDeletingService#0] INFO  snapshot.SnapshotCache (SnapshotCache.java:lambda$1(166)) - Loading snapshot. Table key: /vol1/bucket2/snap1
2023-06-29 22:12:12,481 [KeyDeletingService#0] INFO  snapshot.SnapshotCache (SnapshotCache.java:lambda$1(166)) - Loading snapshot. Table key: /vol1/bucket2/snap1
2023-06-29 22:12:12,482 [KeyDeletingService#0] INFO  snapshot.SnapshotCache (SnapshotCache.java:lambda$1(166)) - Loading snapshot. Table key: /vol1/bucket2/snap1
2023-06-29 22:12:12,482 [KeyDeletingService#0] INFO  snapshot.SnapshotCache (SnapshotCache.java:lambda$1(166)) - Loading snapshot. Table key: /vol1/bucket2/snap1
2023-06-29 22:12:12,482 [KeyDeletingService#0] INFO  snapshot.SnapshotCache (SnapshotCache.java:lambda$1(166)) - Loading snapshot. Table key: /vol1/bucket2/snap1
2023-06-29 22:12:12,482 [KeyDeletingService#0] INFO  snapshot.SnapshotCache (SnapshotCache.java:lambda$1(166)) - Loading snapshot. Table key: /vol1/bucket2/snap1
2023-06-29 22:12:12,500 [KeyDeletingService#0] INFO  snapshot.SnapshotCache (SnapshotCache.java:lambda$1(166)) - Loading snapshot. Table key: /vol1/bucket2/snap1
2023-06-29 22:12:12,500 [KeyDeletingService#0] INFO  snapshot.SnapshotCache (SnapshotCache.java:lambda$1(166)) - Loading snapshot. Table key: /vol1/bucket2/snap1
2023-06-29 22:12:12,501 [KeyDeletingService#0] INFO  snapshot.SnapshotCache (SnapshotCache.java:lambda$1(166)) - Loading snapshot. Table key: /vol1/bucket2/snap1
2023-06-29 22:12:12,555 [main] INFO  ozone.TestSnapshotDeletingService (TestSnapshotDeletingService.java:assertTableRowCount(565)) - deletedTable actual row count=13, expectedCount=15
2023-06-29 22:12:12,979 [KeyDeletingService#0] INFO  snapshot.SnapshotCache (SnapshotCache.java:lambda$1(166)) - Loading snapshot. Table key: /vol1/bucket2/snap1
2023-06-29 22:12:12,979 [KeyDeletingService#0] INFO  snapshot.SnapshotCache (SnapshotCache.java:lambda$1(166)) - Loading snapshot. Table key: /vol1/bucket2/snap1
2023-06-29 22:12:12,980 [KeyDeletingService#0] INFO  snapshot.SnapshotCache (SnapshotCache.java:lambda$1(166)) - Loading snapshot. Table key: /vol1/bucket2/snap1
2023-06-29 22:12:12,980 [KeyDeletingService#0] INFO  snapshot.SnapshotCache (SnapshotCache.java:lambda$1(166)) - Loading snapshot. Table key: /vol1/bucket2/snap1
2023-06-29 22:12:12,980 [KeyDeletingService#0] INFO  snapshot.SnapshotCache (SnapshotCache.java:lambda$1(166)) - Loading snapshot. Table key: /vol1/bucket2/snap1
2023-06-29 22:12:12,981 [KeyDeletingService#0] INFO  snapshot.SnapshotCache (SnapshotCache.java:lambda$1(166)) - Loading snapshot. Table key: /vol1/bucket2/snap1
2023-06-29 22:12:12,981 [KeyDeletingService#0] INFO  snapshot.SnapshotCache (SnapshotCache.java:lambda$1(166)) - Loading snapshot. Table key: /vol1/bucket2/snap1
2023-06-29 22:12:12,981 [KeyDeletingService#0] INFO  snapshot.SnapshotCache (SnapshotCache.java:lambda$1(166)) - Loading snapshot. Table key: /vol1/bucket2/snap1
2023-06-29 22:12:12,981 [KeyDeletingService#0] INFO  snapshot.SnapshotCache (SnapshotCache.java:lambda$1(166)) - Loading snapshot. Table key: /vol1/bucket2/snap1
2023-06-29 22:12:12,982 [KeyDeletingService#0] INFO  snapshot.SnapshotCache (SnapshotCache.java:lambda$1(166)) - Loading snapshot. Table key: /vol1/bucket2/snap1
2023-06-29 22:12:12,982 [KeyDeletingService#0] INFO  snapshot.SnapshotCache (SnapshotCache.java:lambda$1(166)) - Loading snapshot. Table key: /vol1/bucket2/snap1
2023-06-29 22:12:12,982 [KeyDeletingService#0] INFO  snapshot.SnapshotCache (SnapshotCache.java:lambda$1(166)) - Loading snapshot. Table key: /vol1/bucket2/snap1
2023-06-29 22:12:12,982 [KeyDeletingService#0] INFO  snapshot.SnapshotCache (SnapshotCache.java:lambda$1(166)) - Loading snapshot. Table key: /vol1/bucket2/snap1
2023-06-29 22:12:13,000 [KeyDeletingService#0] INFO  snapshot.SnapshotCache (SnapshotCache.java:lambda$1(166)) - Loading snapshot. Table key: /vol1/bucket2/snap1
2023-06-29 22:12:13,001 [KeyDeletingService#0] INFO  snapshot.SnapshotCache (SnapshotCache.java:lambda$1(166)) - Loading snapshot. Table key: /vol1/bucket2/snap1
2023-06-29 22:12:13,001 [KeyDeletingService#0] INFO  snapshot.SnapshotCache (SnapshotCache.java:lambda$1(166)) - Loading snapshot. Table key: /vol1/bucket2/snap1
2023-06-29 22:12:13,479 [KeyDeletingService#0] INFO  snapshot.SnapshotCache (SnapshotCache.java:lambda$1(166)) - Loading snapshot. Table key: /vol1/bucket2/snap1
2023-06-29 22:12:13,480 [KeyDeletingService#0] INFO  snapshot.SnapshotCache (SnapshotCache.java:lambda$1(166)) - Loading snapshot. Table key: /vol1/bucket2/snap1
2023-06-29 22:12:13,480 [KeyDeletingService#0] INFO  snapshot.SnapshotCache (SnapshotCache.java:lambda$1(166)) - Loading snapshot. Table key: /vol1/bucket2/snap1
2023-06-29 22:12:13,480 [KeyDeletingService#0] INFO  snapshot.SnapshotCache (SnapshotCache.java:lambda$1(166)) - Loading snapshot. Table key: /vol1/bucket2/snap1
2023-06-29 22:12:13,480 [KeyDeletingService#0] INFO  snapshot.SnapshotCache (SnapshotCache.java:lambda$1(166)) - Loading snapshot. Table key: /vol1/bucket2/snap1
2023-06-29 22:12:13,481 [KeyDeletingService#0] INFO  snapshot.SnapshotCache (SnapshotCache.java:lambda$1(166)) - Loading snapshot. Table key: /vol1/bucket2/snap1
2023-06-29 22:12:13,481 [KeyDeletingService#0] INFO  snapshot.SnapshotCache (SnapshotCache.java:lambda$1(166)) - Loading snapshot. Table key: /vol1/bucket2/snap1
2023-06-29 22:12:13,481 [KeyDeletingService#0] INFO  snapshot.SnapshotCache (SnapshotCache.java:lambda$1(166)) - Loading snapshot. Table key: /vol1/bucket2/snap1
2023-06-29 22:12:13,482 [KeyDeletingService#0] INFO  snapshot.SnapshotCache (SnapshotCache.java:lambda$1(166)) - Loading snapshot. Table key: /vol1/bucket2/snap1
2023-06-29 22:12:13,482 [KeyDeletingService#0] INFO  snapshot.SnapshotCache (SnapshotCache.java:lambda$1(166)) - Loading snapshot. Table key: /vol1/bucket2/snap1
2023-06-29 22:12:13,482 [KeyDeletingService#0] INFO  snapshot.SnapshotCache (SnapshotCache.java:lambda$1(166)) - Loading snapshot. Table key: /vol1/bucket2/snap1
2023-06-29 22:12:13,482 [KeyDeletingService#0] INFO  snapshot.SnapshotCache (SnapshotCache.java:lambda$1(166)) - Loading snapshot. Table key: /vol1/bucket2/snap1
2023-06-29 22:12:13,483 [KeyDeletingService#0] INFO  snapshot.SnapshotCache (SnapshotCache.java:lambda$1(166)) - Loading snapshot. Table key: /vol1/bucket2/snap1
2023-06-29 22:12:13,500 [KeyDeletingService#0] INFO  snapshot.SnapshotCache (SnapshotCache.java:lambda$1(166)) - Loading snapshot. Table key: /vol1/bucket2/snap1
2023-06-29 22:12:13,501 [KeyDeletingService#0] INFO  snapshot.SnapshotCache (SnapshotCache.java:lambda$1(166)) - Loading snapshot. Table key: /vol1/bucket2/snap1
2023-06-29 22:12:13,501 [KeyDeletingService#0] INFO  snapshot.SnapshotCache (SnapshotCache.java:lambda$1(166)) - Loading snapshot. Table key: /vol1/bucket2/snap1
2023-06-29 22:12:13,556 [main] INFO  ozone.TestSnapshotDeletingService (TestSnapshotDeletingService.java:assertTableRowCount(565)) - deletedTable actual row count=13, expectedCount=15
2023-06-29 22:12:13,979 [KeyDeletingService#0] INFO  snapshot.SnapshotCache (SnapshotCache.java:lambda$1(166)) - Loading snapshot. Table key: /vol1/bucket2/snap1
2023-06-29 22:12:13,980 [KeyDeletingService#0] INFO  snapshot.SnapshotCache (SnapshotCache.java:lambda$1(166)) - Loading snapshot. Table key: /vol1/bucket2/snap1
2023-06-29 22:12:13,980 [KeyDeletingService#0] INFO  snapshot.SnapshotCache (SnapshotCache.java:lambda$1(166)) - Loading snapshot. Table key: /vol1/bucket2/snap1
2023-06-29 22:12:13,980 [KeyDeletingService#0] INFO  snapshot.SnapshotCache (SnapshotCache.java:lambda$1(166)) - Loading snapshot. Table key: /vol1/bucket2/snap1
2023-06-29 22:12:13,981 [KeyDeletingService#0] INFO  snapshot.SnapshotCache (SnapshotCache.java:lambda$1(166)) - Loading snapshot. Table key: /vol1/bucket2/snap1
2023-06-29 22:12:13,981 [KeyDeletingService#0] INFO  snapshot.SnapshotCache (SnapshotCache.java:lambda$1(166)) - Loading snapshot. Table key: /vol1/bucket2/snap1
2023-06-29 22:12:13,981 [KeyDeletingService#0] INFO  snapshot.SnapshotCache (SnapshotCache.java:lambda$1(166)) - Loading snapshot. Table key: /vol1/bucket2/snap1
2023-06-29 22:12:13,981 [KeyDeletingService#0] INFO  snapshot.SnapshotCache (SnapshotCache.java:lambda$1(166)) - Loading snapshot. Table key: /vol1/bucket2/snap1
2023-06-29 22:12:13,982 [KeyDeletingService#0] INFO  snapshot.SnapshotCache (SnapshotCache.java:lambda$1(166)) - Loading snapshot. Table key: /vol1/bucket2/snap1
2023-06-29 22:12:13,982 [KeyDeletingService#0] INFO  snapshot.SnapshotCache (SnapshotCache.java:lambda$1(166)) - Loading snapshot. Table key: /vol1/bucket2/snap1
2023-06-29 22:12:13,982 [KeyDeletingService#0] INFO  snapshot.SnapshotCache (SnapshotCache.java:lambda$1(166)) - Loading snapshot. Table key: /vol1/bucket2/snap1
2023-06-29 22:12:13,982 [KeyDeletingService#0] INFO  snapshot.SnapshotCache (SnapshotCache.java:lambda$1(166)) - Loading snapshot. Table key: /vol1/bucket2/snap1
2023-06-29 22:12:13,983 [KeyDeletingService#0] INFO  snapshot.SnapshotCache (SnapshotCache.java:lambda$1(166)) - Loading snapshot. Table key: /vol1/bucket2/snap1
2023-06-29 22:12:14,000 [KeyDeletingService#0] INFO  snapshot.SnapshotCache (SnapshotCache.java:lambda$1(166)) - Loading snapshot. Table key: /vol1/bucket2/snap1
2023-06-29 22:12:14,001 [KeyDeletingService#0] INFO  snapshot.SnapshotCache (SnapshotCache.java:lambda$1(166)) - Loading snapshot. Table key: /vol1/bucket2/snap1
2023-06-29 22:12:14,001 [KeyDeletingService#0] INFO  snapshot.SnapshotCache (SnapshotCache.java:lambda$1(166)) - Loading snapshot. Table key: /vol1/bucket2/snap1
2023-06-29 22:12:14,479 [KeyDeletingService#0] INFO  snapshot.SnapshotCache (SnapshotCache.java:lambda$1(166)) - Loading snapshot. Table key: /vol1/bucket2/snap1
2023-06-29 22:12:14,480 [KeyDeletingService#0] INFO  snapshot.SnapshotCache (SnapshotCache.java:lambda$1(166)) - Loading snapshot. Table key: /vol1/bucket2/snap1
2023-06-29 22:12:14,480 [KeyDeletingService#0] INFO  snapshot.SnapshotCache (SnapshotCache.java:lambda$1(166)) - Loading snapshot. Table key: /vol1/bucket2/snap1
2023-06-29 22:12:14,480 [KeyDeletingService#0] INFO  snapshot.SnapshotCache (SnapshotCache.java:lambda$1(166)) - Loading snapshot. Table key: /vol1/bucket2/snap1
2023-06-29 22:12:14,481 [KeyDeletingService#0] INFO  snapshot.SnapshotCache (SnapshotCache.java:lambda$1(166)) - Loading snapshot. Table key: /vol1/bucket2/snap1
2023-06-29 22:12:14,481 [KeyDeletingService#0] INFO  snapshot.SnapshotCache (SnapshotCache.java:lambda$1(166)) - Loading snapshot. Table key: /vol1/bucket2/snap1
2023-06-29 22:12:14,481 [KeyDeletingService#0] INFO  snapshot.SnapshotCache (SnapshotCache.java:lambda$1(166)) - Loading snapshot. Table key: /vol1/bucket2/snap1
2023-06-29 22:12:14,482 [KeyDeletingService#0] INFO  snapshot.SnapshotCache (SnapshotCache.java:lambda$1(166)) - Loading snapshot. Table key: /vol1/bucket2/snap1
2023-06-29 22:12:14,482 [KeyDeletingService#0] INFO  snapshot.SnapshotCache (SnapshotCache.java:lambda$1(166)) - Loading snapshot. Table key: /vol1/bucket2/snap1
2023-06-29 22:12:14,482 [KeyDeletingService#0] INFO  snapshot.SnapshotCache (SnapshotCache.java:lambda$1(166)) - Loading snapshot. Table key: /vol1/bucket2/snap1
2023-06-29 22:12:14,482 [KeyDeletingService#0] INFO  snapshot.SnapshotCache (SnapshotCache.java:lambda$1(166)) - Loading snapshot. Table key: /vol1/bucket2/snap1
2023-06-29 22:12:14,483 [KeyDeletingService#0] INFO  snapshot.SnapshotCache (SnapshotCache.java:lambda$1(166)) - Loading snapshot. Table key: /vol1/bucket2/snap1
2023-06-29 22:12:14,483 [KeyDeletingService#0] INFO  snapshot.SnapshotCache (SnapshotCache.java:lambda$1(166)) - Loading snapshot. Table key: /vol1/bucket2/snap1
2023-06-29 22:12:14,500 [KeyDeletingService#0] INFO  snapshot.SnapshotCache (SnapshotCache.java:lambda$1(166)) - Loading snapshot. Table key: /vol1/bucket2/snap1
2023-06-29 22:12:14,501 [KeyDeletingService#0] INFO  snapshot.SnapshotCache (SnapshotCache.java:lambda$1(166)) - Loading snapshot. Table key: /vol1/bucket2/snap1
2023-06-29 22:12:14,501 [KeyDeletingService#0] INFO  snapshot.SnapshotCache (SnapshotCache.java:lambda$1(166)) - Loading snapshot. Table key: /vol1/bucket2/snap1
2023-06-29 22:12:14,557 [main] INFO  ozone.TestSnapshotDeletingService (TestSnapshotDeletingService.java:assertTableRowCount(565)) - deletedTable actual row count=13, expectedCount=15
2023-06-29 22:12:14,980 [KeyDeletingService#0] INFO  snapshot.SnapshotCache (SnapshotCache.java:lambda$1(166)) - Loading snapshot. Table key: /vol1/bucket2/snap1
2023-06-29 22:12:14,980 [KeyDeletingService#0] INFO  snapshot.SnapshotCache (SnapshotCache.java:lambda$1(166)) - Loading snapshot. Table key: /vol1/bucket2/snap1
2023-06-29 22:12:14,980 [KeyDeletingService#0] INFO  snapshot.SnapshotCache (SnapshotCache.java:lambda$1(166)) - Loading snapshot. Table key: /vol1/bucket2/snap1
2023-06-29 22:12:14,981 [KeyDeletingService#0] INFO  snapshot.SnapshotCache (SnapshotCache.java:lambda$1(166)) - Loading snapshot. Table key: /vol1/bucket2/snap1
2023-06-29 22:12:14,981 [KeyDeletingService#0] INFO  snapshot.SnapshotCache (SnapshotCache.java:lambda$1(166)) - Loading snapshot. Table key: /vol1/bucket2/snap1
2023-06-29 22:12:14,981 [KeyDeletingService#0] INFO  snapshot.SnapshotCache (SnapshotCache.java:lambda$1(166)) - Loading snapshot. Table key: /vol1/bucket2/snap1
2023-06-29 22:12:14,981 [KeyDeletingService#0] INFO  snapshot.SnapshotCache (SnapshotCache.java:lambda$1(166)) - Loading snapshot. Table key: /vol1/bucket2/snap1
2023-06-29 22:12:14,982 [KeyDeletingService#0] INFO  snapshot.SnapshotCache (SnapshotCache.java:lambda$1(166)) - Loading snapshot. Table key: /vol1/bucket2/snap1
2023-06-29 22:12:14,982 [KeyDeletingService#0] INFO  snapshot.SnapshotCache (SnapshotCache.java:lambda$1(166)) - Loading snapshot. Table key: /vol1/bucket2/snap1
2023-06-29 22:12:14,982 [KeyDeletingService#0] INFO  snapshot.SnapshotCache (SnapshotCache.java:lambda$1(166)) - Loading snapshot. Table key: /vol1/bucket2/snap1
2023-06-29 22:12:14,983 [KeyDeletingService#0] INFO  snapshot.SnapshotCache (SnapshotCache.java:lambda$1(166)) - Loading snapshot. Table key: /vol1/bucket2/snap1
2023-06-29 22:12:14,983 [KeyDeletingService#0] INFO  snapshot.SnapshotCache (SnapshotCache.java:lambda$1(166)) - Loading snapshot. Table key: /vol1/bucket2/snap1
2023-06-29 22:12:14,983 [KeyDeletingService#0] INFO  snapshot.SnapshotCache (SnapshotCache.java:lambda$1(166)) - Loading snapshot. Table key: /vol1/bucket2/snap1
2023-06-29 22:12:15,001 [KeyDeletingService#0] INFO  snapshot.SnapshotCache (SnapshotCache.java:lambda$1(166)) - Loading snapshot. Table key: /vol1/bucket2/snap1
2023-06-29 22:12:15,001 [KeyDeletingService#0] INFO  snapshot.SnapshotCache (SnapshotCache.java:lambda$1(166)) - Loading snapshot. Table key: /vol1/bucket2/snap1
2023-06-29 22:12:15,001 [KeyDeletingService#0] INFO  snapshot.SnapshotCache (SnapshotCache.java:lambda$1(166)) - Loading snapshot. Table key: /vol1/bucket2/snap1
2023-06-29 22:12:15,480 [KeyDeletingService#0] INFO  snapshot.SnapshotCache (SnapshotCache.java:lambda$1(166)) - Loading snapshot. Table key: /vol1/bucket2/snap1
2023-06-29 22:12:15,480 [KeyDeletingService#0] INFO  snapshot.SnapshotCache (SnapshotCache.java:lambda$1(166)) - Loading snapshot. Table key: /vol1/bucket2/snap1
2023-06-29 22:12:15,480 [KeyDeletingService#0] INFO  snapshot.SnapshotCache (SnapshotCache.java:lambda$1(166)) - Loading snapshot. Table key: /vol1/bucket2/snap1
2023-06-29 22:12:15,481 [KeyDeletingService#0] INFO  snapshot.SnapshotCache (SnapshotCache.java:lambda$1(166)) - Loading snapshot. Table key: /vol1/bucket2/snap1
2023-06-29 22:12:15,481 [KeyDeletingService#0] INFO  snapshot.SnapshotCache (SnapshotCache.java:lambda$1(166)) - Loading snapshot. Table key: /vol1/bucket2/snap1
2023-06-29 22:12:15,481 [KeyDeletingService#0] INFO  snapshot.SnapshotCache (SnapshotCache.java:lambda$1(166)) - Loading snapshot. Table key: /vol1/bucket2/snap1
2023-06-29 22:12:15,481 [KeyDeletingService#0] INFO  snapshot.SnapshotCache (SnapshotCache.java:lambda$1(166)) - Loading snapshot. Table key: /vol1/bucket2/snap1
2023-06-29 22:12:15,482 [KeyDeletingService#0] INFO  snapshot.SnapshotCache (SnapshotCache.java:lambda$1(166)) - Loading snapshot. Table key: /vol1/bucket2/snap1
2023-06-29 22:12:15,482 [KeyDeletingService#0] INFO  snapshot.SnapshotCache (SnapshotCache.java:lambda$1(166)) - Loading snapshot. Table key: /vol1/bucket2/snap1
2023-06-29 22:12:15,482 [KeyDeletingService#0] INFO  snapshot.SnapshotCache (SnapshotCache.java:lambda$1(166)) - Loading snapshot. Table key: /vol1/bucket2/snap1
2023-06-29 22:12:15,482 [KeyDeletingService#0] INFO  snapshot.SnapshotCache (SnapshotCache.java:lambda$1(166)) - Loading snapshot. Table key: /vol1/bucket2/snap1
2023-06-29 22:12:15,483 [KeyDeletingService#0] INFO  snapshot.SnapshotCache (SnapshotCache.java:lambda$1(166)) - Loading snapshot. Table key: /vol1/bucket2/snap1
2023-06-29 22:12:15,483 [KeyDeletingService#0] INFO  snapshot.SnapshotCache (SnapshotCache.java:lambda$1(166)) - Loading snapshot. Table key: /vol1/bucket2/snap1
2023-06-29 22:12:15,501 [KeyDeletingService#0] INFO  snapshot.SnapshotCache (SnapshotCache.java:lambda$1(166)) - Loading snapshot. Table key: /vol1/bucket2/snap1
2023-06-29 22:12:15,501 [KeyDeletingService#0] INFO  snapshot.SnapshotCache (SnapshotCache.java:lambda$1(166)) - Loading snapshot. Table key: /vol1/bucket2/snap1
2023-06-29 22:12:15,501 [KeyDeletingService#0] INFO  snapshot.SnapshotCache (SnapshotCache.java:lambda$1(166)) - Loading snapshot. Table key: /vol1/bucket2/snap1
2023-06-29 22:12:15,558 [main] INFO  ozone.TestSnapshotDeletingService (TestSnapshotDeletingService.java:assertTableRowCount(565)) - deletedTable actual row count=13, expectedCount=15
2023-06-29 22:12:15,980 [KeyDeletingService#0] INFO  snapshot.SnapshotCache (SnapshotCache.java:lambda$1(166)) - Loading snapshot. Table key: /vol1/bucket2/snap1
2023-06-29 22:12:15,980 [KeyDeletingService#0] INFO  snapshot.SnapshotCache (SnapshotCache.java:lambda$1(166)) - Loading snapshot. Table key: /vol1/bucket2/snap1
2023-06-29 22:12:15,980 [KeyDeletingService#0] INFO  snapshot.SnapshotCache (SnapshotCache.java:lambda$1(166)) - Loading snapshot. Table key: /vol1/bucket2/snap1
2023-06-29 22:12:15,981 [KeyDeletingService#0] INFO  snapshot.SnapshotCache (SnapshotCache.java:lambda$1(166)) - Loading snapshot. Table key: /vol1/bucket2/snap1
2023-06-29 22:12:15,981 [KeyDeletingService#0] INFO  snapshot.SnapshotCache (SnapshotCache.java:lambda$1(166)) - Loading snapshot. Table key: /vol1/bucket2/snap1
2023-06-29 22:12:15,981 [KeyDeletingService#0] INFO  snapshot.SnapshotCache (SnapshotCache.java:lambda$1(166)) - Loading snapshot. Table key: /vol1/bucket2/snap1
2023-06-29 22:12:15,982 [KeyDeletingService#0] INFO  snapshot.SnapshotCache (SnapshotCache.java:lambda$1(166)) - Loading snapshot. Table key: /vol1/bucket2/snap1
2023-06-29 22:12:15,982 [KeyDeletingService#0] INFO  snapshot.SnapshotCache (SnapshotCache.java:lambda$1(166)) - Loading snapshot. Table key: /vol1/bucket2/snap1
2023-06-29 22:12:15,982 [KeyDeletingService#0] INFO  snapshot.SnapshotCache (SnapshotCache.java:lambda$1(166)) - Loading snapshot. Table key: /vol1/bucket2/snap1
2023-06-29 22:12:15,982 [KeyDeletingService#0] INFO  snapshot.SnapshotCache (SnapshotCache.java:lambda$1(166)) - Loading snapshot. Table key: /vol1/bucket2/snap1
2023-06-29 22:12:15,983 [KeyDeletingService#0] INFO  snapshot.SnapshotCache (SnapshotCache.java:lambda$1(166)) - Loading snapshot. Table key: /vol1/bucket2/snap1
2023-06-29 22:12:15,983 [KeyDeletingService#0] INFO  snapshot.SnapshotCache (SnapshotCache.java:lambda$1(166)) - Loading snapshot. Table key: /vol1/bucket2/snap1
2023-06-29 22:12:15,983 [KeyDeletingService#0] INFO  snapshot.SnapshotCache (SnapshotCache.java:lambda$1(166)) - Loading snapshot. Table key: /vol1/bucket2/snap1
2023-06-29 22:12:16,001 [KeyDeletingService#0] INFO  snapshot.SnapshotCache (SnapshotCache.java:lambda$1(166)) - Loading snapshot. Table key: /vol1/bucket2/snap1
2023-06-29 22:12:16,001 [KeyDeletingService#0] INFO  snapshot.SnapshotCache (SnapshotCache.java:lambda$1(166)) - Loading snapshot. Table key: /vol1/bucket2/snap1
2023-06-29 22:12:16,001 [KeyDeletingService#0] INFO  snapshot.SnapshotCache (SnapshotCache.java:lambda$1(166)) - Loading snapshot. Table key: /vol1/bucket2/snap1
2023-06-29 22:12:16,480 [KeyDeletingService#0] INFO  snapshot.SnapshotCache (SnapshotCache.java:lambda$1(166)) - Loading snapshot. Table key: /vol1/bucket2/snap1
2023-06-29 22:12:16,480 [KeyDeletingService#0] INFO  snapshot.SnapshotCache (SnapshotCache.java:lambda$1(166)) - Loading snapshot. Table key: /vol1/bucket2/snap1
2023-06-29 22:12:16,481 [KeyDeletingService#0] INFO  snapshot.SnapshotCache (SnapshotCache.java:lambda$1(166)) - Loading snapshot. Table key: /vol1/bucket2/snap1
2023-06-29 22:12:16,481 [KeyDeletingService#0] INFO  snapshot.SnapshotCache (SnapshotCache.java:lambda$1(166)) - Loading snapshot. Table key: /vol1/bucket2/snap1
2023-06-29 22:12:16,481 [KeyDeletingService#0] INFO  snapshot.SnapshotCache (SnapshotCache.java:lambda$1(166)) - Loading snapshot. Table key: /vol1/bucket2/snap1
2023-06-29 22:12:16,481 [KeyDeletingService#0] INFO  snapshot.SnapshotCache (SnapshotCache.java:lambda$1(166)) - Loading snapshot. Table key: /vol1/bucket2/snap1
2023-06-29 22:12:16,482 [KeyDeletingService#0] INFO  snapshot.SnapshotCache (SnapshotCache.java:lambda$1(166)) - Loading snapshot. Table key: /vol1/bucket2/snap1
2023-06-29 22:12:16,482 [KeyDeletingService#0] INFO  snapshot.SnapshotCache (SnapshotCache.java:lambda$1(166)) - Loading snapshot. Table key: /vol1/bucket2/snap1
2023-06-29 22:12:16,482 [KeyDeletingService#0] INFO  snapshot.SnapshotCache (SnapshotCache.java:lambda$1(166)) - Loading snapshot. Table key: /vol1/bucket2/snap1
2023-06-29 22:12:16,482 [KeyDeletingService#0] INFO  snapshot.SnapshotCache (SnapshotCache.java:lambda$1(166)) - Loading snapshot. Table key: /vol1/bucket2/snap1
2023-06-29 22:12:16,483 [KeyDeletingService#0] INFO  snapshot.SnapshotCache (SnapshotCache.java:lambda$1(166)) - Loading snapshot. Table key: /vol1/bucket2/snap1
2023-06-29 22:12:16,483 [KeyDeletingService#0] INFO  snapshot.SnapshotCache (SnapshotCache.java:lambda$1(166)) - Loading snapshot. Table key: /vol1/bucket2/snap1
2023-06-29 22:12:16,483 [KeyDeletingService#0] INFO  snapshot.SnapshotCache (SnapshotCache.java:lambda$1(166)) - Loading snapshot. Table key: /vol1/bucket2/snap1
2023-06-29 22:12:16,501 [KeyDeletingService#0] INFO  snapshot.SnapshotCache (SnapshotCache.java:lambda$1(166)) - Loading snapshot. Table key: /vol1/bucket2/snap1
2023-06-29 22:12:16,501 [KeyDeletingService#0] INFO  snapshot.SnapshotCache (SnapshotCache.java:lambda$1(166)) - Loading snapshot. Table key: /vol1/bucket2/snap1
2023-06-29 22:12:16,501 [KeyDeletingService#0] INFO  snapshot.SnapshotCache (SnapshotCache.java:lambda$1(166)) - Loading snapshot. Table key: /vol1/bucket2/snap1
2023-06-29 22:12:16,559 [main] INFO  ozone.TestSnapshotDeletingService (TestSnapshotDeletingService.java:assertTableRowCount(565)) - deletedTable actual row count=13, expectedCount=15
2023-06-29 22:12:16,980 [KeyDeletingService#0] INFO  snapshot.SnapshotCache (SnapshotCache.java:lambda$1(166)) - Loading snapshot. Table key: /vol1/bucket2/snap1
2023-06-29 22:12:16,980 [KeyDeletingService#0] INFO  snapshot.SnapshotCache (SnapshotCache.java:lambda$1(166)) - Loading snapshot. Table key: /vol1/bucket2/snap1
2023-06-29 22:12:16,981 [KeyDeletingService#0] INFO  snapshot.SnapshotCache (SnapshotCache.java:lambda$1(166)) - Loading snapshot. Table key: /vol1/bucket2/snap1
2023-06-29 22:12:16,981 [KeyDeletingService#0] INFO  snapshot.SnapshotCache (SnapshotCache.java:lambda$1(166)) - Loading snapshot. Table key: /vol1/bucket2/snap1
2023-06-29 22:12:16,981 [KeyDeletingService#0] INFO  snapshot.SnapshotCache (SnapshotCache.java:lambda$1(166)) - Loading snapshot. Table key: /vol1/bucket2/snap1
2023-06-29 22:12:16,982 [KeyDeletingService#0] INFO  snapshot.SnapshotCache (SnapshotCache.java:lambda$1(166)) - Loading snapshot. Table key: /vol1/bucket2/snap1
2023-06-29 22:12:16,982 [KeyDeletingService#0] INFO  snapshot.SnapshotCache (SnapshotCache.java:lambda$1(166)) - Loading snapshot. Table key: /vol1/bucket2/snap1
2023-06-29 22:12:16,982 [KeyDeletingService#0] INFO  snapshot.SnapshotCache (SnapshotCache.java:lambda$1(166)) - Loading snapshot. Table key: /vol1/bucket2/snap1
2023-06-29 22:12:16,982 [KeyDeletingService#0] INFO  snapshot.SnapshotCache (SnapshotCache.java:lambda$1(166)) - Loading snapshot. Table key: /vol1/bucket2/snap1
2023-06-29 22:12:16,983 [KeyDeletingService#0] INFO  snapshot.SnapshotCache (SnapshotCache.java:lambda$1(166)) - Loading snapshot. Table key: /vol1/bucket2/snap1
2023-06-29 22:12:16,983 [KeyDeletingService#0] INFO  snapshot.SnapshotCache (SnapshotCache.java:lambda$1(166)) - Loading snapshot. Table key: /vol1/bucket2/snap1
2023-06-29 22:12:16,983 [KeyDeletingService#0] INFO  snapshot.SnapshotCache (SnapshotCache.java:lambda$1(166)) - Loading snapshot. Table key: /vol1/bucket2/snap1
2023-06-29 22:12:16,983 [KeyDeletingService#0] INFO  snapshot.SnapshotCache (SnapshotCache.java:lambda$1(166)) - Loading snapshot. Table key: /vol1/bucket2/snap1
2023-06-29 22:12:17,001 [KeyDeletingService#0] INFO  snapshot.SnapshotCache (SnapshotCache.java:lambda$1(166)) - Loading snapshot. Table key: /vol1/bucket2/snap1
2023-06-29 22:12:17,001 [KeyDeletingService#0] INFO  snapshot.SnapshotCache (SnapshotCache.java:lambda$1(166)) - Loading snapshot. Table key: /vol1/bucket2/snap1
2023-06-29 22:12:17,002 [KeyDeletingService#0] INFO  snapshot.SnapshotCache (SnapshotCache.java:lambda$1(166)) - Loading snapshot. Table key: /vol1/bucket2/snap1
2023-06-29 22:12:17,480 [KeyDeletingService#0] INFO  snapshot.SnapshotCache (SnapshotCache.java:lambda$1(166)) - Loading snapshot. Table key: /vol1/bucket2/snap1
2023-06-29 22:12:17,480 [KeyDeletingService#0] INFO  snapshot.SnapshotCache (SnapshotCache.java:lambda$1(166)) - Loading snapshot. Table key: /vol1/bucket2/snap1
2023-06-29 22:12:17,481 [KeyDeletingService#0] INFO  snapshot.SnapshotCache (SnapshotCache.java:lambda$1(166)) - Loading snapshot. Table key: /vol1/bucket2/snap1
2023-06-29 22:12:17,481 [KeyDeletingService#0] INFO  snapshot.SnapshotCache (SnapshotCache.java:lambda$1(166)) - Loading snapshot. Table key: /vol1/bucket2/snap1
2023-06-29 22:12:17,482 [KeyDeletingService#0] INFO  snapshot.SnapshotCache (SnapshotCache.java:lambda$1(166)) - Loading snapshot. Table key: /vol1/bucket2/snap1
2023-06-29 22:12:17,482 [KeyDeletingService#0] INFO  snapshot.SnapshotCache (SnapshotCache.java:lambda$1(166)) - Loading snapshot. Table key: /vol1/bucket2/snap1
2023-06-29 22:12:17,482 [KeyDeletingService#0] INFO  snapshot.SnapshotCache (SnapshotCache.java:lambda$1(166)) - Loading snapshot. Table key: /vol1/bucket2/snap1
2023-06-29 22:12:17,482 [KeyDeletingService#0] INFO  snapshot.SnapshotCache (SnapshotCache.java:lambda$1(166)) - Loading snapshot. Table key: /vol1/bucket2/snap1
2023-06-29 22:12:17,483 [KeyDeletingService#0] INFO  snapshot.SnapshotCache (SnapshotCache.java:lambda$1(166)) - Loading snapshot. Table key: /vol1/bucket2/snap1
2023-06-29 22:12:17,483 [KeyDeletingService#0] INFO  snapshot.SnapshotCache (SnapshotCache.java:lambda$1(166)) - Loading snapshot. Table key: /vol1/bucket2/snap1
2023-06-29 22:12:17,483 [KeyDeletingService#0] INFO  snapshot.SnapshotCache (SnapshotCache.java:lambda$1(166)) - Loading snapshot. Table key: /vol1/bucket2/snap1
2023-06-29 22:12:17,483 [KeyDeletingService#0] INFO  snapshot.SnapshotCache (SnapshotCache.java:lambda$1(166)) - Loading snapshot. Table key: /vol1/bucket2/snap1
2023-06-29 22:12:17,484 [KeyDeletingService#0] INFO  snapshot.SnapshotCache (SnapshotCache.java:lambda$1(166)) - Loading snapshot. Table key: /vol1/bucket2/snap1
2023-06-29 22:12:17,501 [KeyDeletingService#0] INFO  snapshot.SnapshotCache (SnapshotCache.java:lambda$1(166)) - Loading snapshot. Table key: /vol1/bucket2/snap1
2023-06-29 22:12:17,501 [KeyDeletingService#0] INFO  snapshot.SnapshotCache (SnapshotCache.java:lambda$1(166)) - Loading snapshot. Table key: /vol1/bucket2/snap1
2023-06-29 22:12:17,502 [KeyDeletingService#0] INFO  snapshot.SnapshotCache (SnapshotCache.java:lambda$1(166)) - Loading snapshot. Table key: /vol1/bucket2/snap1
2023-06-29 22:12:17,560 [main] INFO  ozone.TestSnapshotDeletingService (TestSnapshotDeletingService.java:assertTableRowCount(565)) - deletedTable actual row count=13, expectedCount=15
2023-06-29 22:12:17,980 [KeyDeletingService#0] INFO  snapshot.SnapshotCache (SnapshotCache.java:lambda$1(166)) - Loading snapshot. Table key: /vol1/bucket2/snap1
2023-06-29 22:12:17,981 [KeyDeletingService#0] INFO  snapshot.SnapshotCache (SnapshotCache.java:lambda$1(166)) - Loading snapshot. Table key: /vol1/bucket2/snap1
2023-06-29 22:12:17,981 [KeyDeletingService#0] INFO  snapshot.SnapshotCache (SnapshotCache.java:lambda$1(166)) - Loading snapshot. Table key: /vol1/bucket2/snap1
2023-06-29 22:12:17,982 [KeyDeletingService#0] INFO  snapshot.SnapshotCache (SnapshotCache.java:lambda$1(166)) - Loading snapshot. Table key: /vol1/bucket2/snap1
2023-06-29 22:12:17,982 [KeyDeletingService#0] INFO  snapshot.SnapshotCache (SnapshotCache.java:lambda$1(166)) - Loading snapshot. Table key: /vol1/bucket2/snap1
2023-06-29 22:12:17,982 [KeyDeletingService#0] INFO  snapshot.SnapshotCache (SnapshotCache.java:lambda$1(166)) - Loading snapshot. Table key: /vol1/bucket2/snap1
2023-06-29 22:12:17,982 [KeyDeletingService#0] INFO  snapshot.SnapshotCache (SnapshotCache.java:lambda$1(166)) - Loading snapshot. Table key: /vol1/bucket2/snap1
2023-06-29 22:12:17,983 [KeyDeletingService#0] INFO  snapshot.SnapshotCache (SnapshotCache.java:lambda$1(166)) - Loading snapshot. Table key: /vol1/bucket2/snap1
2023-06-29 22:12:17,983 [KeyDeletingService#0] INFO  snapshot.SnapshotCache (SnapshotCache.java:lambda$1(166)) - Loading snapshot. Table key: /vol1/bucket2/snap1
2023-06-29 22:12:17,983 [KeyDeletingService#0] INFO  snapshot.SnapshotCache (SnapshotCache.java:lambda$1(166)) - Loading snapshot. Table key: /vol1/bucket2/snap1
2023-06-29 22:12:17,983 [KeyDeletingService#0] INFO  snapshot.SnapshotCache (SnapshotCache.java:lambda$1(166)) - Loading snapshot. Table key: /vol1/bucket2/snap1
2023-06-29 22:12:17,984 [KeyDeletingService#0] INFO  snapshot.SnapshotCache (SnapshotCache.java:lambda$1(166)) - Loading snapshot. Table key: /vol1/bucket2/snap1
2023-06-29 22:12:17,984 [KeyDeletingService#0] INFO  snapshot.SnapshotCache (SnapshotCache.java:lambda$1(166)) - Loading snapshot. Table key: /vol1/bucket2/snap1
2023-06-29 22:12:18,001 [KeyDeletingService#0] INFO  snapshot.SnapshotCache (SnapshotCache.java:lambda$1(166)) - Loading snapshot. Table key: /vol1/bucket2/snap1
2023-06-29 22:12:18,002 [KeyDeletingService#0] INFO  snapshot.SnapshotCache (SnapshotCache.java:lambda$1(166)) - Loading snapshot. Table key: /vol1/bucket2/snap1
2023-06-29 22:12:18,002 [KeyDeletingService#0] INFO  snapshot.SnapshotCache (SnapshotCache.java:lambda$1(166)) - Loading snapshot. Table key: /vol1/bucket2/snap1
2023-06-29 22:12:18,480 [KeyDeletingService#0] INFO  snapshot.SnapshotCache (SnapshotCache.java:lambda$1(166)) - Loading snapshot. Table key: /vol1/bucket2/snap1
2023-06-29 22:12:18,481 [KeyDeletingService#0] INFO  snapshot.SnapshotCache (SnapshotCache.java:lambda$1(166)) - Loading snapshot. Table key: /vol1/bucket2/snap1
2023-06-29 22:12:18,481 [KeyDeletingService#0] INFO  snapshot.SnapshotCache (SnapshotCache.java:lambda$1(166)) - Loading snapshot. Table key: /vol1/bucket2/snap1
2023-06-29 22:12:18,481 [KeyDeletingService#0] INFO  snapshot.SnapshotCache (SnapshotCache.java:lambda$1(166)) - Loading snapshot. Table key: /vol1/bucket2/snap1
2023-06-29 22:12:18,482 [KeyDeletingService#0] INFO  snapshot.SnapshotCache (SnapshotCache.java:lambda$1(166)) - Loading snapshot. Table key: /vol1/bucket2/snap1
2023-06-29 22:12:18,482 [KeyDeletingService#0] INFO  snapshot.SnapshotCache (SnapshotCache.java:lambda$1(166)) - Loading snapshot. Table key: /vol1/bucket2/snap1
2023-06-29 22:12:18,482 [KeyDeletingService#0] INFO  snapshot.SnapshotCache (SnapshotCache.java:lambda$1(166)) - Loading snapshot. Table key: /vol1/bucket2/snap1
2023-06-29 22:12:18,483 [KeyDeletingService#0] INFO  snapshot.SnapshotCache (SnapshotCache.java:lambda$1(166)) - Loading snapshot. Table key: /vol1/bucket2/snap1
2023-06-29 22:12:18,483 [KeyDeletingService#0] INFO  snapshot.SnapshotCache (SnapshotCache.java:lambda$1(166)) - Loading snapshot. Table key: /vol1/bucket2/snap1
2023-06-29 22:12:18,483 [KeyDeletingService#0] INFO  snapshot.SnapshotCache (SnapshotCache.java:lambda$1(166)) - Loading snapshot. Table key: /vol1/bucket2/snap1
2023-06-29 22:12:18,484 [KeyDeletingService#0] INFO  snapshot.SnapshotCache (SnapshotCache.java:lambda$1(166)) - Loading snapshot. Table key: /vol1/bucket2/snap1
2023-06-29 22:12:18,484 [KeyDeletingService#0] INFO  snapshot.SnapshotCache (SnapshotCache.java:lambda$1(166)) - Loading snapshot. Table key: /vol1/bucket2/snap1
2023-06-29 22:12:18,484 [KeyDeletingService#0] INFO  snapshot.SnapshotCache (SnapshotCache.java:lambda$1(166)) - Loading snapshot. Table key: /vol1/bucket2/snap1
2023-06-29 22:12:18,501 [KeyDeletingService#0] INFO  snapshot.SnapshotCache (SnapshotCache.java:lambda$1(166)) - Loading snapshot. Table key: /vol1/bucket2/snap1
2023-06-29 22:12:18,501 [KeyDeletingService#0] INFO  snapshot.SnapshotCache (SnapshotCache.java:lambda$1(166)) - Loading snapshot. Table key: /vol1/bucket2/snap1
2023-06-29 22:12:18,502 [KeyDeletingService#0] INFO  snapshot.SnapshotCache (SnapshotCache.java:lambda$1(166)) - Loading snapshot. Table key: /vol1/bucket2/snap1
2023-06-29 22:12:18,561 [main] INFO  ozone.TestSnapshotDeletingService (TestSnapshotDeletingService.java:assertTableRowCount(565)) - deletedTable actual row count=13, expectedCount=15
2023-06-29 22:12:18,980 [KeyDeletingService#0] INFO  snapshot.SnapshotCache (SnapshotCache.java:lambda$1(166)) - Loading snapshot. Table key: /vol1/bucket2/snap1
2023-06-29 22:12:18,981 [KeyDeletingService#0] INFO  snapshot.SnapshotCache (SnapshotCache.java:lambda$1(166)) - Loading snapshot. Table key: /vol1/bucket2/snap1
2023-06-29 22:12:18,981 [KeyDeletingService#0] INFO  snapshot.SnapshotCache (SnapshotCache.java:lambda$1(166)) - Loading snapshot. Table key: /vol1/bucket2/snap1
2023-06-29 22:12:18,981 [KeyDeletingService#0] INFO  snapshot.SnapshotCache (SnapshotCache.java:lambda$1(166)) - Loading snapshot. Table key: /vol1/bucket2/snap1
2023-06-29 22:12:18,982 [KeyDeletingService#0] INFO  snapshot.SnapshotCache (SnapshotCache.java:lambda$1(166)) - Loading snapshot. Table key: /vol1/bucket2/snap1
2023-06-29 22:12:18,982 [KeyDeletingService#0] INFO  snapshot.SnapshotCache (SnapshotCache.java:lambda$1(166)) - Loading snapshot. Table key: /vol1/bucket2/snap1
2023-06-29 22:12:18,983 [KeyDeletingService#0] INFO  snapshot.SnapshotCache (SnapshotCache.java:lambda$1(166)) - Loading snapshot. Table key: /vol1/bucket2/snap1
2023-06-29 22:12:18,983 [KeyDeletingService#0] INFO  snapshot.SnapshotCache (SnapshotCache.java:lambda$1(166)) - Loading snapshot. Table key: /vol1/bucket2/snap1
2023-06-29 22:12:18,983 [KeyDeletingService#0] INFO  snapshot.SnapshotCache (SnapshotCache.java:lambda$1(166)) - Loading snapshot. Table key: /vol1/bucket2/snap1
2023-06-29 22:12:18,984 [KeyDeletingService#0] INFO  snapshot.SnapshotCache (SnapshotCache.java:lambda$1(166)) - Loading snapshot. Table key: /vol1/bucket2/snap1
2023-06-29 22:12:18,984 [KeyDeletingService#0] INFO  snapshot.SnapshotCache (SnapshotCache.java:lambda$1(166)) - Loading snapshot. Table key: /vol1/bucket2/snap1
2023-06-29 22:12:18,984 [KeyDeletingService#0] INFO  snapshot.SnapshotCache (SnapshotCache.java:lambda$1(166)) - Loading snapshot. Table key: /vol1/bucket2/snap1
2023-06-29 22:12:18,984 [KeyDeletingService#0] INFO  snapshot.SnapshotCache (SnapshotCache.java:lambda$1(166)) - Loading snapshot. Table key: /vol1/bucket2/snap1
2023-06-29 22:12:19,001 [KeyDeletingService#0] INFO  snapshot.SnapshotCache (SnapshotCache.java:lambda$1(166)) - Loading snapshot. Table key: /vol1/bucket2/snap1
2023-06-29 22:12:19,002 [KeyDeletingService#0] INFO  snapshot.SnapshotCache (SnapshotCache.java:lambda$1(166)) - Loading snapshot. Table key: /vol1/bucket2/snap1
2023-06-29 22:12:19,002 [KeyDeletingService#0] INFO  snapshot.SnapshotCache (SnapshotCache.java:lambda$1(166)) - Loading snapshot. Table key: /vol1/bucket2/snap1
2023-06-29 22:12:19,480 [KeyDeletingService#0] INFO  snapshot.SnapshotCache (SnapshotCache.java:lambda$1(166)) - Loading snapshot. Table key: /vol1/bucket2/snap1
2023-06-29 22:12:19,481 [KeyDeletingService#0] INFO  snapshot.SnapshotCache (SnapshotCache.java:lambda$1(166)) - Loading snapshot. Table key: /vol1/bucket2/snap1
2023-06-29 22:12:19,481 [KeyDeletingService#0] INFO  snapshot.SnapshotCache (SnapshotCache.java:lambda$1(166)) - Loading snapshot. Table key: /vol1/bucket2/snap1
2023-06-29 22:12:19,482 [KeyDeletingService#0] INFO  snapshot.SnapshotCache (SnapshotCache.java:lambda$1(166)) - Loading snapshot. Table key: /vol1/bucket2/snap1
2023-06-29 22:12:19,482 [KeyDeletingService#0] INFO  snapshot.SnapshotCache (SnapshotCache.java:lambda$1(166)) - Loading snapshot. Table key: /vol1/bucket2/snap1
2023-06-29 22:12:19,482 [KeyDeletingService#0] INFO  snapshot.SnapshotCache (SnapshotCache.java:lambda$1(166)) - Loading snapshot. Table key: /vol1/bucket2/snap1
2023-06-29 22:12:19,483 [KeyDeletingService#0] INFO  snapshot.SnapshotCache (SnapshotCache.java:lambda$1(166)) - Loading snapshot. Table key: /vol1/bucket2/snap1
2023-06-29 22:12:19,483 [KeyDeletingService#0] INFO  snapshot.SnapshotCache (SnapshotCache.java:lambda$1(166)) - Loading snapshot. Table key: /vol1/bucket2/snap1
2023-06-29 22:12:19,483 [KeyDeletingService#0] INFO  snapshot.SnapshotCache (SnapshotCache.java:lambda$1(166)) - Loading snapshot. Table key: /vol1/bucket2/snap1
2023-06-29 22:12:19,483 [KeyDeletingService#0] INFO  snapshot.SnapshotCache (SnapshotCache.java:lambda$1(166)) - Loading snapshot. Table key: /vol1/bucket2/snap1
2023-06-29 22:12:19,484 [KeyDeletingService#0] INFO  snapshot.SnapshotCache (SnapshotCache.java:lambda$1(166)) - Loading snapshot. Table key: /vol1/bucket2/snap1
2023-06-29 22:12:19,484 [KeyDeletingService#0] INFO  snapshot.SnapshotCache (SnapshotCache.java:lambda$1(166)) - Loading snapshot. Table key: /vol1/bucket2/snap1
2023-06-29 22:12:19,484 [KeyDeletingService#0] INFO  snapshot.SnapshotCache (SnapshotCache.java:lambda$1(166)) - Loading snapshot. Table key: /vol1/bucket2/snap1
2023-06-29 22:12:19,501 [KeyDeletingService#0] INFO  snapshot.SnapshotCache (SnapshotCache.java:lambda$1(166)) - Loading snapshot. Table key: /vol1/bucket2/snap1
2023-06-29 22:12:19,502 [KeyDeletingService#0] INFO  snapshot.SnapshotCache (SnapshotCache.java:lambda$1(166)) - Loading snapshot. Table key: /vol1/bucket2/snap1
2023-06-29 22:12:19,502 [KeyDeletingService#0] INFO  snapshot.SnapshotCache (SnapshotCache.java:lambda$1(166)) - Loading snapshot. Table key: /vol1/bucket2/snap1
2023-06-29 22:12:19,562 [main] INFO  ozone.TestSnapshotDeletingService (TestSnapshotDeletingService.java:assertTableRowCount(565)) - deletedTable actual row count=13, expectedCount=15
2023-06-29 22:12:19,981 [KeyDeletingService#0] INFO  snapshot.SnapshotCache (SnapshotCache.java:lambda$1(166)) - Loading snapshot. Table key: /vol1/bucket2/snap1
2023-06-29 22:12:19,981 [KeyDeletingService#0] INFO  snapshot.SnapshotCache (SnapshotCache.java:lambda$1(166)) - Loading snapshot. Table key: /vol1/bucket2/snap1
2023-06-29 22:12:19,981 [KeyDeletingService#0] INFO  snapshot.SnapshotCache (SnapshotCache.java:lambda$1(166)) - Loading snapshot. Table key: /vol1/bucket2/snap1
2023-06-29 22:12:19,982 [KeyDeletingService#0] INFO  snapshot.SnapshotCache (SnapshotCache.java:lambda$1(166)) - Loading snapshot. Table key: /vol1/bucket2/snap1
2023-06-29 22:12:19,982 [KeyDeletingService#0] INFO  snapshot.SnapshotCache (SnapshotCache.java:lambda$1(166)) - Loading snapshot. Table key: /vol1/bucket2/snap1
2023-06-29 22:12:19,983 [KeyDeletingService#0] INFO  snapshot.SnapshotCache (SnapshotCache.java:lambda$1(166)) - Loading snapshot. Table key: /vol1/bucket2/snap1
2023-06-29 22:12:19,983 [KeyDeletingService#0] INFO  snapshot.SnapshotCache (SnapshotCache.java:lambda$1(166)) - Loading snapshot. Table key: /vol1/bucket2/snap1
2023-06-29 22:12:19,983 [KeyDeletingService#0] INFO  snapshot.SnapshotCache (SnapshotCache.java:lambda$1(166)) - Loading snapshot. Table key: /vol1/bucket2/snap1
2023-06-29 22:12:19,983 [KeyDeletingService#0] INFO  snapshot.SnapshotCache (SnapshotCache.java:lambda$1(166)) - Loading snapshot. Table key: /vol1/bucket2/snap1
2023-06-29 22:12:19,984 [KeyDeletingService#0] INFO  snapshot.SnapshotCache (SnapshotCache.java:lambda$1(166)) - Loading snapshot. Table key: /vol1/bucket2/snap1
2023-06-29 22:12:19,984 [KeyDeletingService#0] INFO  snapshot.SnapshotCache (SnapshotCache.java:lambda$1(166)) - Loading snapshot. Table key: /vol1/bucket2/snap1
2023-06-29 22:12:19,984 [KeyDeletingService#0] INFO  snapshot.SnapshotCache (SnapshotCache.java:lambda$1(166)) - Loading snapshot. Table key: /vol1/bucket2/snap1
2023-06-29 22:12:19,984 [KeyDeletingService#0] INFO  snapshot.SnapshotCache (SnapshotCache.java:lambda$1(166)) - Loading snapshot. Table key: /vol1/bucket2/snap1
2023-06-29 22:12:20,001 [KeyDeletingService#0] INFO  snapshot.SnapshotCache (SnapshotCache.java:lambda$1(166)) - Loading snapshot. Table key: /vol1/bucket2/snap1
2023-06-29 22:12:20,002 [KeyDeletingService#0] INFO  snapshot.SnapshotCache (SnapshotCache.java:lambda$1(166)) - Loading snapshot. Table key: /vol1/bucket2/snap1
2023-06-29 22:12:20,002 [KeyDeletingService#0] INFO  snapshot.SnapshotCache (SnapshotCache.java:lambda$1(166)) - Loading snapshot. Table key: /vol1/bucket2/snap1
2023-06-29 22:12:20,481 [KeyDeletingService#0] INFO  snapshot.SnapshotCache (SnapshotCache.java:lambda$1(166)) - Loading snapshot. Table key: /vol1/bucket2/snap1
2023-06-29 22:12:20,481 [KeyDeletingService#0] INFO  snapshot.SnapshotCache (SnapshotCache.java:lambda$1(166)) - Loading snapshot. Table key: /vol1/bucket2/snap1
2023-06-29 22:12:20,481 [KeyDeletingService#0] INFO  snapshot.SnapshotCache (SnapshotCache.java:lambda$1(166)) - Loading snapshot. Table key: /vol1/bucket2/snap1
2023-06-29 22:12:20,482 [KeyDeletingService#0] INFO  snapshot.SnapshotCache (SnapshotCache.java:lambda$1(166)) - Loading snapshot. Table key: /vol1/bucket2/snap1
2023-06-29 22:12:20,482 [KeyDeletingService#0] INFO  snapshot.SnapshotCache (SnapshotCache.java:lambda$1(166)) - Loading snapshot. Table key: /vol1/bucket2/snap1
2023-06-29 22:12:20,482 [KeyDeletingService#0] INFO  snapshot.SnapshotCache (SnapshotCache.java:lambda$1(166)) - Loading snapshot. Table key: /vol1/bucket2/snap1
2023-06-29 22:12:20,483 [KeyDeletingService#0] INFO  snapshot.SnapshotCache (SnapshotCache.java:lambda$1(166)) - Loading snapshot. Table key: /vol1/bucket2/snap1
2023-06-29 22:12:20,483 [KeyDeletingService#0] INFO  snapshot.SnapshotCache (SnapshotCache.java:lambda$1(166)) - Loading snapshot. Table key: /vol1/bucket2/snap1
2023-06-29 22:12:20,483 [KeyDeletingService#0] INFO  snapshot.SnapshotCache (SnapshotCache.java:lambda$1(166)) - Loading snapshot. Table key: /vol1/bucket2/snap1
2023-06-29 22:12:20,484 [KeyDeletingService#0] INFO  snapshot.SnapshotCache (SnapshotCache.java:lambda$1(166)) - Loading snapshot. Table key: /vol1/bucket2/snap1
2023-06-29 22:12:20,484 [KeyDeletingService#0] INFO  snapshot.SnapshotCache (SnapshotCache.java:lambda$1(166)) - Loading snapshot. Table key: /vol1/bucket2/snap1
2023-06-29 22:12:20,484 [KeyDeletingService#0] INFO  snapshot.SnapshotCache (SnapshotCache.java:lambda$1(166)) - Loading snapshot. Table key: /vol1/bucket2/snap1
2023-06-29 22:12:20,484 [KeyDeletingService#0] INFO  snapshot.SnapshotCache (SnapshotCache.java:lambda$1(166)) - Loading snapshot. Table key: /vol1/bucket2/snap1
2023-06-29 22:12:20,502 [KeyDeletingService#0] INFO  snapshot.SnapshotCache (SnapshotCache.java:lambda$1(166)) - Loading snapshot. Table key: /vol1/bucket2/snap1
2023-06-29 22:12:20,502 [KeyDeletingService#0] INFO  snapshot.SnapshotCache (SnapshotCache.java:lambda$1(166)) - Loading snapshot. Table key: /vol1/bucket2/snap1
2023-06-29 22:12:20,502 [KeyDeletingService#0] INFO  snapshot.SnapshotCache (SnapshotCache.java:lambda$1(166)) - Loading snapshot. Table key: /vol1/bucket2/snap1
2023-06-29 22:12:20,563 [main] INFO  ozone.TestSnapshotDeletingService (TestSnapshotDeletingService.java:assertTableRowCount(565)) - deletedTable actual row count=13, expectedCount=15
2023-06-29 22:12:20,981 [KeyDeletingService#0] INFO  snapshot.SnapshotCache (SnapshotCache.java:lambda$1(166)) - Loading snapshot. Table key: /vol1/bucket2/snap1
2023-06-29 22:12:20,981 [KeyDeletingService#0] INFO  snapshot.SnapshotCache (SnapshotCache.java:lambda$1(166)) - Loading snapshot. Table key: /vol1/bucket2/snap1
2023-06-29 22:12:20,981 [KeyDeletingService#0] INFO  snapshot.SnapshotCache (SnapshotCache.java:lambda$1(166)) - Loading snapshot. Table key: /vol1/bucket2/snap1
2023-06-29 22:12:20,982 [KeyDeletingService#0] INFO  snapshot.SnapshotCache (SnapshotCache.java:lambda$1(166)) - Loading snapshot. Table key: /vol1/bucket2/snap1
2023-06-29 22:12:20,982 [KeyDeletingService#0] INFO  snapshot.SnapshotCache (SnapshotCache.java:lambda$1(166)) - Loading snapshot. Table key: /vol1/bucket2/snap1
2023-06-29 22:12:20,982 [KeyDeletingService#0] INFO  snapshot.SnapshotCache (SnapshotCache.java:lambda$1(166)) - Loading snapshot. Table key: /vol1/bucket2/snap1
2023-06-29 22:12:20,983 [KeyDeletingService#0] INFO  snapshot.SnapshotCache (SnapshotCache.java:lambda$1(166)) - Loading snapshot. Table key: /vol1/bucket2/snap1
2023-06-29 22:12:20,983 [KeyDeletingService#0] INFO  snapshot.SnapshotCache (SnapshotCache.java:lambda$1(166)) - Loading snapshot. Table key: /vol1/bucket2/snap1
2023-06-29 22:12:20,983 [KeyDeletingService#0] INFO  snapshot.SnapshotCache (SnapshotCache.java:lambda$1(166)) - Loading snapshot. Table key: /vol1/bucket2/snap1
2023-06-29 22:12:20,984 [KeyDeletingService#0] INFO  snapshot.SnapshotCache (SnapshotCache.java:lambda$1(166)) - Loading snapshot. Table key: /vol1/bucket2/snap1
2023-06-29 22:12:20,984 [KeyDeletingService#0] INFO  snapshot.SnapshotCache (SnapshotCache.java:lambda$1(166)) - Loading snapshot. Table key: /vol1/bucket2/snap1
2023-06-29 22:12:20,984 [KeyDeletingService#0] INFO  snapshot.SnapshotCache (SnapshotCache.java:lambda$1(166)) - Loading snapshot. Table key: /vol1/bucket2/snap1
2023-06-29 22:12:20,984 [KeyDeletingService#0] INFO  snapshot.SnapshotCache (SnapshotCache.java:lambda$1(166)) - Loading snapshot. Table key: /vol1/bucket2/snap1
2023-06-29 22:12:21,002 [KeyDeletingService#0] INFO  snapshot.SnapshotCache (SnapshotCache.java:lambda$1(166)) - Loading snapshot. Table key: /vol1/bucket2/snap1
2023-06-29 22:12:21,002 [KeyDeletingService#0] INFO  snapshot.SnapshotCache (SnapshotCache.java:lambda$1(166)) - Loading snapshot. Table key: /vol1/bucket2/snap1
2023-06-29 22:12:21,002 [KeyDeletingService#0] INFO  snapshot.SnapshotCache (SnapshotCache.java:lambda$1(166)) - Loading snapshot. Table key: /vol1/bucket2/snap1
2023-06-29 22:12:21,481 [KeyDeletingService#0] INFO  snapshot.SnapshotCache (SnapshotCache.java:lambda$1(166)) - Loading snapshot. Table key: /vol1/bucket2/snap1
2023-06-29 22:12:21,482 [KeyDeletingService#0] INFO  snapshot.SnapshotCache (SnapshotCache.java:lambda$1(166)) - Loading snapshot. Table key: /vol1/bucket2/snap1
2023-06-29 22:12:21,482 [KeyDeletingService#0] INFO  snapshot.SnapshotCache (SnapshotCache.java:lambda$1(166)) - Loading snapshot. Table key: /vol1/bucket2/snap1
2023-06-29 22:12:21,482 [KeyDeletingService#0] INFO  snapshot.SnapshotCache (SnapshotCache.java:lambda$1(166)) - Loading snapshot. Table key: /vol1/bucket2/snap1
2023-06-29 22:12:21,484 [KeyDeletingService#0] INFO  snapshot.SnapshotCache (SnapshotCache.java:lambda$1(166)) - Loading snapshot. Table key: /vol1/bucket2/snap1
2023-06-29 22:12:21,484 [KeyDeletingService#0] INFO  snapshot.SnapshotCache (SnapshotCache.java:lambda$1(166)) - Loading snapshot. Table key: /vol1/bucket2/snap1
2023-06-29 22:12:21,484 [KeyDeletingService#0] INFO  snapshot.SnapshotCache (SnapshotCache.java:lambda$1(166)) - Loading snapshot. Table key: /vol1/bucket2/snap1
2023-06-29 22:12:21,484 [KeyDeletingService#0] INFO  snapshot.SnapshotCache (SnapshotCache.java:lambda$1(166)) - Loading snapshot. Table key: /vol1/bucket2/snap1
2023-06-29 22:12:21,485 [KeyDeletingService#0] INFO  snapshot.SnapshotCache (SnapshotCache.java:lambda$1(166)) - Loading snapshot. Table key: /vol1/bucket2/snap1
2023-06-29 22:12:21,485 [KeyDeletingService#0] INFO  snapshot.SnapshotCache (SnapshotCache.java:lambda$1(166)) - Loading snapshot. Table key: /vol1/bucket2/snap1
2023-06-29 22:12:21,485 [KeyDeletingService#0] INFO  snapshot.SnapshotCache (SnapshotCache.java:lambda$1(166)) - Loading snapshot. Table key: /vol1/bucket2/snap1
2023-06-29 22:12:21,486 [KeyDeletingService#0] INFO  snapshot.SnapshotCache (SnapshotCache.java:lambda$1(166)) - Loading snapshot. Table key: /vol1/bucket2/snap1
2023-06-29 22:12:21,486 [KeyDeletingService#0] INFO  snapshot.SnapshotCache (SnapshotCache.java:lambda$1(166)) - Loading snapshot. Table key: /vol1/bucket2/snap1
2023-06-29 22:12:21,502 [KeyDeletingService#0] INFO  snapshot.SnapshotCache (SnapshotCache.java:lambda$1(166)) - Loading snapshot. Table key: /vol1/bucket2/snap1
2023-06-29 22:12:21,502 [KeyDeletingService#0] INFO  snapshot.SnapshotCache (SnapshotCache.java:lambda$1(166)) - Loading snapshot. Table key: /vol1/bucket2/snap1
2023-06-29 22:12:21,502 [KeyDeletingService#0] INFO  snapshot.SnapshotCache (SnapshotCache.java:lambda$1(166)) - Loading snapshot. Table key: /vol1/bucket2/snap1
2023-06-29 22:12:21,564 [main] INFO  ozone.TestSnapshotDeletingService (TestSnapshotDeletingService.java:assertTableRowCount(565)) - deletedTable actual row count=13, expectedCount=15
2023-06-29 22:12:21,981 [KeyDeletingService#0] INFO  snapshot.SnapshotCache (SnapshotCache.java:lambda$1(166)) - Loading snapshot. Table key: /vol1/bucket2/snap1
2023-06-29 22:12:21,982 [KeyDeletingService#0] INFO  snapshot.SnapshotCache (SnapshotCache.java:lambda$1(166)) - Loading snapshot. Table key: /vol1/bucket2/snap1
2023-06-29 22:12:21,982 [KeyDeletingService#0] INFO  snapshot.SnapshotCache (SnapshotCache.java:lambda$1(166)) - Loading snapshot. Table key: /vol1/bucket2/snap1
2023-06-29 22:12:21,982 [KeyDeletingService#0] INFO  snapshot.SnapshotCache (SnapshotCache.java:lambda$1(166)) - Loading snapshot. Table key: /vol1/bucket2/snap1
2023-06-29 22:12:21,983 [KeyDeletingService#0] INFO  snapshot.SnapshotCache (SnapshotCache.java:lambda$1(166)) - Loading snapshot. Table key: /vol1/bucket2/snap1
2023-06-29 22:12:21,983 [KeyDeletingService#0] INFO  snapshot.SnapshotCache (SnapshotCache.java:lambda$1(166)) - Loading snapshot. Table key: /vol1/bucket2/snap1
2023-06-29 22:12:21,983 [KeyDeletingService#0] INFO  snapshot.SnapshotCache (SnapshotCache.java:lambda$1(166)) - Loading snapshot. Table key: /vol1/bucket2/snap1
2023-06-29 22:12:21,983 [KeyDeletingService#0] INFO  snapshot.SnapshotCache (SnapshotCache.java:lambda$1(166)) - Loading snapshot. Table key: /vol1/bucket2/snap1
2023-06-29 22:12:21,984 [KeyDeletingService#0] INFO  snapshot.SnapshotCache (SnapshotCache.java:lambda$1(166)) - Loading snapshot. Table key: /vol1/bucket2/snap1
2023-06-29 22:12:21,984 [KeyDeletingService#0] INFO  snapshot.SnapshotCache (SnapshotCache.java:lambda$1(166)) - Loading snapshot. Table key: /vol1/bucket2/snap1
2023-06-29 22:12:21,984 [KeyDeletingService#0] INFO  snapshot.SnapshotCache (SnapshotCache.java:lambda$1(166)) - Loading snapshot. Table key: /vol1/bucket2/snap1
2023-06-29 22:12:21,985 [KeyDeletingService#0] INFO  snapshot.SnapshotCache (SnapshotCache.java:lambda$1(166)) - Loading snapshot. Table key: /vol1/bucket2/snap1
2023-06-29 22:12:21,985 [KeyDeletingService#0] INFO  snapshot.SnapshotCache (SnapshotCache.java:lambda$1(166)) - Loading snapshot. Table key: /vol1/bucket2/snap1
2023-06-29 22:12:22,002 [KeyDeletingService#0] INFO  snapshot.SnapshotCache (SnapshotCache.java:lambda$1(166)) - Loading snapshot. Table key: /vol1/bucket2/snap1
2023-06-29 22:12:22,002 [KeyDeletingService#0] INFO  snapshot.SnapshotCache (SnapshotCache.java:lambda$1(166)) - Loading snapshot. Table key: /vol1/bucket2/snap1
2023-06-29 22:12:22,003 [KeyDeletingService#0] INFO  snapshot.SnapshotCache (SnapshotCache.java:lambda$1(166)) - Loading snapshot. Table key: /vol1/bucket2/snap1
2023-06-29 22:12:22,481 [KeyDeletingService#0] INFO  snapshot.SnapshotCache (SnapshotCache.java:lambda$1(166)) - Loading snapshot. Table key: /vol1/bucket2/snap1
2023-06-29 22:12:22,481 [KeyDeletingService#0] INFO  snapshot.SnapshotCache (SnapshotCache.java:lambda$1(166)) - Loading snapshot. Table key: /vol1/bucket2/snap1
2023-06-29 22:12:22,482 [KeyDeletingService#0] INFO  snapshot.SnapshotCache (SnapshotCache.java:lambda$1(166)) - Loading snapshot. Table key: /vol1/bucket2/snap1
2023-06-29 22:12:22,482 [KeyDeletingService#0] INFO  snapshot.SnapshotCache (SnapshotCache.java:lambda$1(166)) - Loading snapshot. Table key: /vol1/bucket2/snap1
2023-06-29 22:12:22,483 [KeyDeletingService#0] INFO  snapshot.SnapshotCache (SnapshotCache.java:lambda$1(166)) - Loading snapshot. Table key: /vol1/bucket2/snap1
2023-06-29 22:12:22,483 [KeyDeletingService#0] INFO  snapshot.SnapshotCache (SnapshotCache.java:lambda$1(166)) - Loading snapshot. Table key: /vol1/bucket2/snap1
2023-06-29 22:12:22,483 [KeyDeletingService#0] INFO  snapshot.SnapshotCache (SnapshotCache.java:lambda$1(166)) - Loading snapshot. Table key: /vol1/bucket2/snap1
2023-06-29 22:12:22,483 [KeyDeletingService#0] INFO  snapshot.SnapshotCache (SnapshotCache.java:lambda$1(166)) - Loading snapshot. Table key: /vol1/bucket2/snap1
2023-06-29 22:12:22,484 [KeyDeletingService#0] INFO  snapshot.SnapshotCache (SnapshotCache.java:lambda$1(166)) - Loading snapshot. Table key: /vol1/bucket2/snap1
2023-06-29 22:12:22,484 [KeyDeletingService#0] INFO  snapshot.SnapshotCache (SnapshotCache.java:lambda$1(166)) - Loading snapshot. Table key: /vol1/bucket2/snap1
2023-06-29 22:12:22,484 [KeyDeletingService#0] INFO  snapshot.SnapshotCache (SnapshotCache.java:lambda$1(166)) - Loading snapshot. Table key: /vol1/bucket2/snap1
2023-06-29 22:12:22,484 [KeyDeletingService#0] INFO  snapshot.SnapshotCache (SnapshotCache.java:lambda$1(166)) - Loading snapshot. Table key: /vol1/bucket2/snap1
2023-06-29 22:12:22,485 [KeyDeletingService#0] INFO  snapshot.SnapshotCache (SnapshotCache.java:lambda$1(166)) - Loading snapshot. Table key: /vol1/bucket2/snap1
2023-06-29 22:12:22,502 [KeyDeletingService#0] INFO  snapshot.SnapshotCache (SnapshotCache.java:lambda$1(166)) - Loading snapshot. Table key: /vol1/bucket2/snap1
2023-06-29 22:12:22,502 [KeyDeletingService#0] INFO  snapshot.SnapshotCache (SnapshotCache.java:lambda$1(166)) - Loading snapshot. Table key: /vol1/bucket2/snap1
2023-06-29 22:12:22,503 [KeyDeletingService#0] INFO  snapshot.SnapshotCache (SnapshotCache.java:lambda$1(166)) - Loading snapshot. Table key: /vol1/bucket2/snap1
2023-06-29 22:12:22,565 [main] INFO  ozone.TestSnapshotDeletingService (TestSnapshotDeletingService.java:assertTableRowCount(565)) - deletedTable actual row count=13, expectedCount=15
2023-06-29 22:12:22,981 [KeyDeletingService#0] INFO  snapshot.SnapshotCache (SnapshotCache.java:lambda$1(166)) - Loading snapshot. Table key: /vol1/bucket2/snap1
2023-06-29 22:12:22,981 [KeyDeletingService#0] INFO  snapshot.SnapshotCache (SnapshotCache.java:lambda$1(166)) - Loading snapshot. Table key: /vol1/bucket2/snap1
2023-06-29 22:12:22,982 [KeyDeletingService#0] INFO  snapshot.SnapshotCache (SnapshotCache.java:lambda$1(166)) - Loading snapshot. Table key: /vol1/bucket2/snap1
2023-06-29 22:12:22,982 [KeyDeletingService#0] INFO  snapshot.SnapshotCache (SnapshotCache.java:lambda$1(166)) - Loading snapshot. Table key: /vol1/bucket2/snap1
2023-06-29 22:12:22,983 [KeyDeletingService#0] INFO  snapshot.SnapshotCache (SnapshotCache.java:lambda$1(166)) - Loading snapshot. Table key: /vol1/bucket2/snap1
2023-06-29 22:12:22,983 [KeyDeletingService#0] INFO  snapshot.SnapshotCache (SnapshotCache.java:lambda$1(166)) - Loading snapshot. Table key: /vol1/bucket2/snap1
2023-06-29 22:12:22,983 [KeyDeletingService#0] INFO  snapshot.SnapshotCache (SnapshotCache.java:lambda$1(166)) - Loading snapshot. Table key: /vol1/bucket2/snap1
2023-06-29 22:12:22,983 [KeyDeletingService#0] INFO  snapshot.SnapshotCache (SnapshotCache.java:lambda$1(166)) - Loading snapshot. Table key: /vol1/bucket2/snap1
2023-06-29 22:12:22,984 [KeyDeletingService#0] INFO  snapshot.SnapshotCache (SnapshotCache.java:lambda$1(166)) - Loading snapshot. Table key: /vol1/bucket2/snap1
2023-06-29 22:12:22,984 [KeyDeletingService#0] INFO  snapshot.SnapshotCache (SnapshotCache.java:lambda$1(166)) - Loading snapshot. Table key: /vol1/bucket2/snap1
2023-06-29 22:12:22,984 [KeyDeletingService#0] INFO  snapshot.SnapshotCache (SnapshotCache.java:lambda$1(166)) - Loading snapshot. Table key: /vol1/bucket2/snap1
2023-06-29 22:12:22,984 [KeyDeletingService#0] INFO  snapshot.SnapshotCache (SnapshotCache.java:lambda$1(166)) - Loading snapshot. Table key: /vol1/bucket2/snap1
2023-06-29 22:12:22,985 [KeyDeletingService#0] INFO  snapshot.SnapshotCache (SnapshotCache.java:lambda$1(166)) - Loading snapshot. Table key: /vol1/bucket2/snap1
2023-06-29 22:12:23,002 [KeyDeletingService#0] INFO  snapshot.SnapshotCache (SnapshotCache.java:lambda$1(166)) - Loading snapshot. Table key: /vol1/bucket2/snap1
2023-06-29 22:12:23,002 [KeyDeletingService#0] INFO  snapshot.SnapshotCache (SnapshotCache.java:lambda$1(166)) - Loading snapshot. Table key: /vol1/bucket2/snap1
2023-06-29 22:12:23,003 [KeyDeletingService#0] INFO  snapshot.SnapshotCache (SnapshotCache.java:lambda$1(166)) - Loading snapshot. Table key: /vol1/bucket2/snap1
2023-06-29 22:12:23,481 [KeyDeletingService#0] INFO  snapshot.SnapshotCache (SnapshotCache.java:lambda$1(166)) - Loading snapshot. Table key: /vol1/bucket2/snap1
2023-06-29 22:12:23,481 [KeyDeletingService#0] INFO  snapshot.SnapshotCache (SnapshotCache.java:lambda$1(166)) - Loading snapshot. Table key: /vol1/bucket2/snap1
2023-06-29 22:12:23,482 [KeyDeletingService#0] INFO  snapshot.SnapshotCache (SnapshotCache.java:lambda$1(166)) - Loading snapshot. Table key: /vol1/bucket2/snap1
2023-06-29 22:12:23,482 [KeyDeletingService#0] INFO  snapshot.SnapshotCache (SnapshotCache.java:lambda$1(166)) - Loading snapshot. Table key: /vol1/bucket2/snap1
2023-06-29 22:12:23,483 [KeyDeletingService#0] INFO  snapshot.SnapshotCache (SnapshotCache.java:lambda$1(166)) - Loading snapshot. Table key: /vol1/bucket2/snap1
2023-06-29 22:12:23,483 [KeyDeletingService#0] INFO  snapshot.SnapshotCache (SnapshotCache.java:lambda$1(166)) - Loading snapshot. Table key: /vol1/bucket2/snap1
2023-06-29 22:12:23,483 [KeyDeletingService#0] INFO  snapshot.SnapshotCache (SnapshotCache.java:lambda$1(166)) - Loading snapshot. Table key: /vol1/bucket2/snap1
2023-06-29 22:12:23,483 [KeyDeletingService#0] INFO  snapshot.SnapshotCache (SnapshotCache.java:lambda$1(166)) - Loading snapshot. Table key: /vol1/bucket2/snap1
2023-06-29 22:12:23,484 [KeyDeletingService#0] INFO  snapshot.SnapshotCache (SnapshotCache.java:lambda$1(166)) - Loading snapshot. Table key: /vol1/bucket2/snap1
2023-06-29 22:12:23,484 [KeyDeletingService#0] INFO  snapshot.SnapshotCache (SnapshotCache.java:lambda$1(166)) - Loading snapshot. Table key: /vol1/bucket2/snap1
2023-06-29 22:12:23,484 [KeyDeletingService#0] INFO  snapshot.SnapshotCache (SnapshotCache.java:lambda$1(166)) - Loading snapshot. Table key: /vol1/bucket2/snap1
2023-06-29 22:12:23,484 [KeyDeletingService#0] INFO  snapshot.SnapshotCache (SnapshotCache.java:lambda$1(166)) - Loading snapshot. Table key: /vol1/bucket2/snap1
2023-06-29 22:12:23,485 [KeyDeletingService#0] INFO  snapshot.SnapshotCache (SnapshotCache.java:lambda$1(166)) - Loading snapshot. Table key: /vol1/bucket2/snap1
2023-06-29 22:12:23,502 [KeyDeletingService#0] INFO  snapshot.SnapshotCache (SnapshotCache.java:lambda$1(166)) - Loading snapshot. Table key: /vol1/bucket2/snap1
2023-06-29 22:12:23,502 [KeyDeletingService#0] INFO  snapshot.SnapshotCache (SnapshotCache.java:lambda$1(166)) - Loading snapshot. Table key: /vol1/bucket2/snap1
2023-06-29 22:12:23,503 [KeyDeletingService#0] INFO  snapshot.SnapshotCache (SnapshotCache.java:lambda$1(166)) - Loading snapshot. Table key: /vol1/bucket2/snap1
2023-06-29 22:12:23,566 [main] INFO  ozone.TestSnapshotDeletingService (TestSnapshotDeletingService.java:assertTableRowCount(565)) - deletedTable actual row count=13, expectedCount=15
2023-06-29 22:12:23,981 [KeyDeletingService#0] INFO  snapshot.SnapshotCache (SnapshotCache.java:lambda$1(166)) - Loading snapshot. Table key: /vol1/bucket2/snap1
2023-06-29 22:12:23,982 [KeyDeletingService#0] INFO  snapshot.SnapshotCache (SnapshotCache.java:lambda$1(166)) - Loading snapshot. Table key: /vol1/bucket2/snap1
2023-06-29 22:12:23,982 [KeyDeletingService#0] INFO  snapshot.SnapshotCache (SnapshotCache.java:lambda$1(166)) - Loading snapshot. Table key: /vol1/bucket2/snap1
2023-06-29 22:12:23,982 [KeyDeletingService#0] INFO  snapshot.SnapshotCache (SnapshotCache.java:lambda$1(166)) - Loading snapshot. Table key: /vol1/bucket2/snap1
2023-06-29 22:12:23,982 [KeyDeletingService#0] INFO  snapshot.SnapshotCache (SnapshotCache.java:lambda$1(166)) - Loading snapshot. Table key: /vol1/bucket2/snap1
2023-06-29 22:12:23,983 [KeyDeletingService#0] INFO  snapshot.SnapshotCache (SnapshotCache.java:lambda$1(166)) - Loading snapshot. Table key: /vol1/bucket2/snap1
2023-06-29 22:12:23,983 [KeyDeletingService#0] INFO  snapshot.SnapshotCache (SnapshotCache.java:lambda$1(166)) - Loading snapshot. Table key: /vol1/bucket2/snap1
2023-06-29 22:12:23,983 [KeyDeletingService#0] INFO  snapshot.SnapshotCache (SnapshotCache.java:lambda$1(166)) - Loading snapshot. Table key: /vol1/bucket2/snap1
2023-06-29 22:12:23,984 [KeyDeletingService#0] INFO  snapshot.SnapshotCache (SnapshotCache.java:lambda$1(166)) - Loading snapshot. Table key: /vol1/bucket2/snap1
2023-06-29 22:12:23,984 [KeyDeletingService#0] INFO  snapshot.SnapshotCache (SnapshotCache.java:lambda$1(166)) - Loading snapshot. Table key: /vol1/bucket2/snap1
2023-06-29 22:12:23,984 [KeyDeletingService#0] INFO  snapshot.SnapshotCache (SnapshotCache.java:lambda$1(166)) - Loading snapshot. Table key: /vol1/bucket2/snap1
2023-06-29 22:12:23,985 [KeyDeletingService#0] INFO  snapshot.SnapshotCache (SnapshotCache.java:lambda$1(166)) - Loading snapshot. Table key: /vol1/bucket2/snap1
2023-06-29 22:12:23,985 [KeyDeletingService#0] INFO  snapshot.SnapshotCache (SnapshotCache.java:lambda$1(166)) - Loading snapshot. Table key: /vol1/bucket2/snap1
2023-06-29 22:12:24,002 [KeyDeletingService#0] INFO  snapshot.SnapshotCache (SnapshotCache.java:lambda$1(166)) - Loading snapshot. Table key: /vol1/bucket2/snap1
2023-06-29 22:12:24,003 [KeyDeletingService#0] INFO  snapshot.SnapshotCache (SnapshotCache.java:lambda$1(166)) - Loading snapshot. Table key: /vol1/bucket2/snap1
2023-06-29 22:12:24,003 [KeyDeletingService#0] INFO  snapshot.SnapshotCache (SnapshotCache.java:lambda$1(166)) - Loading snapshot. Table key: /vol1/bucket2/snap1
2023-06-29 22:12:24,481 [KeyDeletingService#0] INFO  snapshot.SnapshotCache (SnapshotCache.java:lambda$1(166)) - Loading snapshot. Table key: /vol1/bucket2/snap1
2023-06-29 22:12:24,482 [KeyDeletingService#0] INFO  snapshot.SnapshotCache (SnapshotCache.java:lambda$1(166)) - Loading snapshot. Table key: /vol1/bucket2/snap1
2023-06-29 22:12:24,482 [KeyDeletingService#0] INFO  snapshot.SnapshotCache (SnapshotCache.java:lambda$1(166)) - Loading snapshot. Table key: /vol1/bucket2/snap1
2023-06-29 22:12:24,482 [KeyDeletingService#0] INFO  snapshot.SnapshotCache (SnapshotCache.java:lambda$1(166)) - Loading snapshot. Table key: /vol1/bucket2/snap1
2023-06-29 22:12:24,483 [KeyDeletingService#0] INFO  snapshot.SnapshotCache (SnapshotCache.java:lambda$1(166)) - Loading snapshot. Table key: /vol1/bucket2/snap1
2023-06-29 22:12:24,483 [KeyDeletingService#0] INFO  snapshot.SnapshotCache (SnapshotCache.java:lambda$1(166)) - Loading snapshot. Table key: /vol1/bucket2/snap1
2023-06-29 22:12:24,483 [KeyDeletingService#0] INFO  snapshot.SnapshotCache (SnapshotCache.java:lambda$1(166)) - Loading snapshot. Table key: /vol1/bucket2/snap1
2023-06-29 22:12:24,484 [KeyDeletingService#0] INFO  snapshot.SnapshotCache (SnapshotCache.java:lambda$1(166)) - Loading snapshot. Table key: /vol1/bucket2/snap1
2023-06-29 22:12:24,484 [KeyDeletingService#0] INFO  snapshot.SnapshotCache (SnapshotCache.java:lambda$1(166)) - Loading snapshot. Table key: /vol1/bucket2/snap1
2023-06-29 22:12:24,484 [KeyDeletingService#0] INFO  snapshot.SnapshotCache (SnapshotCache.java:lambda$1(166)) - Loading snapshot. Table key: /vol1/bucket2/snap1
2023-06-29 22:12:24,485 [KeyDeletingService#0] INFO  snapshot.SnapshotCache (SnapshotCache.java:lambda$1(166)) - Loading snapshot. Table key: /vol1/bucket2/snap1
2023-06-29 22:12:24,485 [KeyDeletingService#0] INFO  snapshot.SnapshotCache (SnapshotCache.java:lambda$1(166)) - Loading snapshot. Table key: /vol1/bucket2/snap1
2023-06-29 22:12:24,485 [KeyDeletingService#0] INFO  snapshot.SnapshotCache (SnapshotCache.java:lambda$1(166)) - Loading snapshot. Table key: /vol1/bucket2/snap1
2023-06-29 22:12:24,502 [KeyDeletingService#0] INFO  snapshot.SnapshotCache (SnapshotCache.java:lambda$1(166)) - Loading snapshot. Table key: /vol1/bucket2/snap1
2023-06-29 22:12:24,503 [KeyDeletingService#0] INFO  snapshot.SnapshotCache (SnapshotCache.java:lambda$1(166)) - Loading snapshot. Table key: /vol1/bucket2/snap1
2023-06-29 22:12:24,503 [KeyDeletingService#0] INFO  snapshot.SnapshotCache (SnapshotCache.java:lambda$1(166)) - Loading snapshot. Table key: /vol1/bucket2/snap1
2023-06-29 22:12:24,567 [main] INFO  ozone.TestSnapshotDeletingService (TestSnapshotDeletingService.java:assertTableRowCount(565)) - deletedTable actual row count=13, expectedCount=15
2023-06-29 22:12:24,981 [KeyDeletingService#0] INFO  snapshot.SnapshotCache (SnapshotCache.java:lambda$1(166)) - Loading snapshot. Table key: /vol1/bucket2/snap1
2023-06-29 22:12:24,982 [KeyDeletingService#0] INFO  snapshot.SnapshotCache (SnapshotCache.java:lambda$1(166)) - Loading snapshot. Table key: /vol1/bucket2/snap1
2023-06-29 22:12:24,982 [KeyDeletingService#0] INFO  snapshot.SnapshotCache (SnapshotCache.java:lambda$1(166)) - Loading snapshot. Table key: /vol1/bucket2/snap1
2023-06-29 22:12:24,982 [KeyDeletingService#0] INFO  snapshot.SnapshotCache (SnapshotCache.java:lambda$1(166)) - Loading snapshot. Table key: /vol1/bucket2/snap1
2023-06-29 22:12:24,983 [KeyDeletingService#0] INFO  snapshot.SnapshotCache (SnapshotCache.java:lambda$1(166)) - Loading snapshot. Table key: /vol1/bucket2/snap1
2023-06-29 22:12:24,983 [KeyDeletingService#0] INFO  snapshot.SnapshotCache (SnapshotCache.java:lambda$1(166)) - Loading snapshot. Table key: /vol1/bucket2/snap1
2023-06-29 22:12:24,983 [KeyDeletingService#0] INFO  snapshot.SnapshotCache (SnapshotCache.java:lambda$1(166)) - Loading snapshot. Table key: /vol1/bucket2/snap1
2023-06-29 22:12:24,983 [KeyDeletingService#0] INFO  snapshot.SnapshotCache (SnapshotCache.java:lambda$1(166)) - Loading snapshot. Table key: /vol1/bucket2/snap1
2023-06-29 22:12:24,984 [KeyDeletingService#0] INFO  snapshot.SnapshotCache (SnapshotCache.java:lambda$1(166)) - Loading snapshot. Table key: /vol1/bucket2/snap1
2023-06-29 22:12:24,984 [KeyDeletingService#0] INFO  snapshot.SnapshotCache (SnapshotCache.java:lambda$1(166)) - Loading snapshot. Table key: /vol1/bucket2/snap1
2023-06-29 22:12:24,984 [KeyDeletingService#0] INFO  snapshot.SnapshotCache (SnapshotCache.java:lambda$1(166)) - Loading snapshot. Table key: /vol1/bucket2/snap1
2023-06-29 22:12:24,984 [KeyDeletingService#0] INFO  snapshot.SnapshotCache (SnapshotCache.java:lambda$1(166)) - Loading snapshot. Table key: /vol1/bucket2/snap1
2023-06-29 22:12:24,985 [KeyDeletingService#0] INFO  snapshot.SnapshotCache (SnapshotCache.java:lambda$1(166)) - Loading snapshot. Table key: /vol1/bucket2/snap1
2023-06-29 22:12:25,002 [KeyDeletingService#0] INFO  snapshot.SnapshotCache (SnapshotCache.java:lambda$1(166)) - Loading snapshot. Table key: /vol1/bucket2/snap1
2023-06-29 22:12:25,003 [KeyDeletingService#0] INFO  snapshot.SnapshotCache (SnapshotCache.java:lambda$1(166)) - Loading snapshot. Table key: /vol1/bucket2/snap1
2023-06-29 22:12:25,003 [KeyDeletingService#0] INFO  snapshot.SnapshotCache (SnapshotCache.java:lambda$1(166)) - Loading snapshot. Table key: /vol1/bucket2/snap1
2023-06-29 22:12:25,481 [KeyDeletingService#0] INFO  snapshot.SnapshotCache (SnapshotCache.java:lambda$1(166)) - Loading snapshot. Table key: /vol1/bucket2/snap1
2023-06-29 22:12:25,482 [KeyDeletingService#0] INFO  snapshot.SnapshotCache (SnapshotCache.java:lambda$1(166)) - Loading snapshot. Table key: /vol1/bucket2/snap1
2023-06-29 22:12:25,482 [KeyDeletingService#0] INFO  snapshot.SnapshotCache (SnapshotCache.java:lambda$1(166)) - Loading snapshot. Table key: /vol1/bucket2/snap1
2023-06-29 22:12:25,482 [KeyDeletingService#0] INFO  snapshot.SnapshotCache (SnapshotCache.java:lambda$1(166)) - Loading snapshot. Table key: /vol1/bucket2/snap1
2023-06-29 22:12:25,483 [KeyDeletingService#0] INFO  snapshot.SnapshotCache (SnapshotCache.java:lambda$1(166)) - Loading snapshot. Table key: /vol1/bucket2/snap1
2023-06-29 22:12:25,483 [KeyDeletingService#0] INFO  snapshot.SnapshotCache (SnapshotCache.java:lambda$1(166)) - Loading snapshot. Table key: /vol1/bucket2/snap1
2023-06-29 22:12:25,483 [KeyDeletingService#0] INFO  snapshot.SnapshotCache (SnapshotCache.java:lambda$1(166)) - Loading snapshot. Table key: /vol1/bucket2/snap1
2023-06-29 22:12:25,483 [KeyDeletingService#0] INFO  snapshot.SnapshotCache (SnapshotCache.java:lambda$1(166)) - Loading snapshot. Table key: /vol1/bucket2/snap1
2023-06-29 22:12:25,484 [KeyDeletingService#0] INFO  snapshot.SnapshotCache (SnapshotCache.java:lambda$1(166)) - Loading snapshot. Table key: /vol1/bucket2/snap1
2023-06-29 22:12:25,484 [KeyDeletingService#0] INFO  snapshot.SnapshotCache (SnapshotCache.java:lambda$1(166)) - Loading snapshot. Table key: /vol1/bucket2/snap1
2023-06-29 22:12:25,484 [KeyDeletingService#0] INFO  snapshot.SnapshotCache (SnapshotCache.java:lambda$1(166)) - Loading snapshot. Table key: /vol1/bucket2/snap1
2023-06-29 22:12:25,485 [KeyDeletingService#0] INFO  snapshot.SnapshotCache (SnapshotCache.java:lambda$1(166)) - Loading snapshot. Table key: /vol1/bucket2/snap1
2023-06-29 22:12:25,485 [KeyDeletingService#0] INFO  snapshot.SnapshotCache (SnapshotCache.java:lambda$1(166)) - Loading snapshot. Table key: /vol1/bucket2/snap1
2023-06-29 22:12:25,502 [KeyDeletingService#0] INFO  snapshot.SnapshotCache (SnapshotCache.java:lambda$1(166)) - Loading snapshot. Table key: /vol1/bucket2/snap1
2023-06-29 22:12:25,503 [KeyDeletingService#0] INFO  snapshot.SnapshotCache (SnapshotCache.java:lambda$1(166)) - Loading snapshot. Table key: /vol1/bucket2/snap1
2023-06-29 22:12:25,503 [KeyDeletingService#0] INFO  snapshot.SnapshotCache (SnapshotCache.java:lambda$1(166)) - Loading snapshot. Table key: /vol1/bucket2/snap1
2023-06-29 22:12:25,568 [main] INFO  ozone.TestSnapshotDeletingService (TestSnapshotDeletingService.java:assertTableRowCount(565)) - deletedTable actual row count=13, expectedCount=15
2023-06-29 22:12:25,982 [KeyDeletingService#0] INFO  snapshot.SnapshotCache (SnapshotCache.java:lambda$1(166)) - Loading snapshot. Table key: /vol1/bucket2/snap1
2023-06-29 22:12:25,982 [KeyDeletingService#0] INFO  snapshot.SnapshotCache (SnapshotCache.java:lambda$1(166)) - Loading snapshot. Table key: /vol1/bucket2/snap1
2023-06-29 22:12:25,982 [KeyDeletingService#0] INFO  snapshot.SnapshotCache (SnapshotCache.java:lambda$1(166)) - Loading snapshot. Table key: /vol1/bucket2/snap1
2023-06-29 22:12:25,983 [KeyDeletingService#0] INFO  snapshot.SnapshotCache (SnapshotCache.java:lambda$1(166)) - Loading snapshot. Table key: /vol1/bucket2/snap1
2023-06-29 22:12:25,983 [KeyDeletingService#0] INFO  snapshot.SnapshotCache (SnapshotCache.java:lambda$1(166)) - Loading snapshot. Table key: /vol1/bucket2/snap1
2023-06-29 22:12:25,983 [KeyDeletingService#0] INFO  snapshot.SnapshotCache (SnapshotCache.java:lambda$1(166)) - Loading snapshot. Table key: /vol1/bucket2/snap1
2023-06-29 22:12:25,983 [KeyDeletingService#0] INFO  snapshot.SnapshotCache (SnapshotCache.java:lambda$1(166)) - Loading snapshot. Table key: /vol1/bucket2/snap1
2023-06-29 22:12:25,984 [KeyDeletingService#0] INFO  snapshot.SnapshotCache (SnapshotCache.java:lambda$1(166)) - Loading snapshot. Table key: /vol1/bucket2/snap1
2023-06-29 22:12:25,984 [KeyDeletingService#0] INFO  snapshot.SnapshotCache (SnapshotCache.java:lambda$1(166)) - Loading snapshot. Table key: /vol1/bucket2/snap1
2023-06-29 22:12:25,984 [KeyDeletingService#0] INFO  snapshot.SnapshotCache (SnapshotCache.java:lambda$1(166)) - Loading snapshot. Table key: /vol1/bucket2/snap1
2023-06-29 22:12:25,984 [KeyDeletingService#0] INFO  snapshot.SnapshotCache (SnapshotCache.java:lambda$1(166)) - Loading snapshot. Table key: /vol1/bucket2/snap1
2023-06-29 22:12:25,985 [KeyDeletingService#0] INFO  snapshot.SnapshotCache (SnapshotCache.java:lambda$1(166)) - Loading snapshot. Table key: /vol1/bucket2/snap1
2023-06-29 22:12:25,985 [KeyDeletingService#0] INFO  snapshot.SnapshotCache (SnapshotCache.java:lambda$1(166)) - Loading snapshot. Table key: /vol1/bucket2/snap1
2023-06-29 22:12:26,003 [KeyDeletingService#0] INFO  snapshot.SnapshotCache (SnapshotCache.java:lambda$1(166)) - Loading snapshot. Table key: /vol1/bucket2/snap1
2023-06-29 22:12:26,003 [KeyDeletingService#0] INFO  snapshot.SnapshotCache (SnapshotCache.java:lambda$1(166)) - Loading snapshot. Table key: /vol1/bucket2/snap1
2023-06-29 22:12:26,003 [KeyDeletingService#0] INFO  snapshot.SnapshotCache (SnapshotCache.java:lambda$1(166)) - Loading snapshot. Table key: /vol1/bucket2/snap1
2023-06-29 22:12:26,482 [KeyDeletingService#0] INFO  snapshot.SnapshotCache (SnapshotCache.java:lambda$1(166)) - Loading snapshot. Table key: /vol1/bucket2/snap1
2023-06-29 22:12:26,482 [KeyDeletingService#0] INFO  snapshot.SnapshotCache (SnapshotCache.java:lambda$1(166)) - Loading snapshot. Table key: /vol1/bucket2/snap1
2023-06-29 22:12:26,482 [KeyDeletingService#0] INFO  snapshot.SnapshotCache (SnapshotCache.java:lambda$1(166)) - Loading snapshot. Table key: /vol1/bucket2/snap1
2023-06-29 22:12:26,483 [KeyDeletingService#0] INFO  snapshot.SnapshotCache (SnapshotCache.java:lambda$1(166)) - Loading snapshot. Table key: /vol1/bucket2/snap1
2023-06-29 22:12:26,483 [KeyDeletingService#0] INFO  snapshot.SnapshotCache (SnapshotCache.java:lambda$1(166)) - Loading snapshot. Table key: /vol1/bucket2/snap1
2023-06-29 22:12:26,483 [KeyDeletingService#0] INFO  snapshot.SnapshotCache (SnapshotCache.java:lambda$1(166)) - Loading snapshot. Table key: /vol1/bucket2/snap1
2023-06-29 22:12:26,483 [KeyDeletingService#0] INFO  snapshot.SnapshotCache (SnapshotCache.java:lambda$1(166)) - Loading snapshot. Table key: /vol1/bucket2/snap1
2023-06-29 22:12:26,484 [KeyDeletingService#0] INFO  snapshot.SnapshotCache (SnapshotCache.java:lambda$1(166)) - Loading snapshot. Table key: /vol1/bucket2/snap1
2023-06-29 22:12:26,484 [KeyDeletingService#0] INFO  snapshot.SnapshotCache (SnapshotCache.java:lambda$1(166)) - Loading snapshot. Table key: /vol1/bucket2/snap1
2023-06-29 22:12:26,484 [KeyDeletingService#0] INFO  snapshot.SnapshotCache (SnapshotCache.java:lambda$1(166)) - Loading snapshot. Table key: /vol1/bucket2/snap1
2023-06-29 22:12:26,484 [KeyDeletingService#0] INFO  snapshot.SnapshotCache (SnapshotCache.java:lambda$1(166)) - Loading snapshot. Table key: /vol1/bucket2/snap1
2023-06-29 22:12:26,485 [KeyDeletingService#0] INFO  snapshot.SnapshotCache (SnapshotCache.java:lambda$1(166)) - Loading snapshot. Table key: /vol1/bucket2/snap1
2023-06-29 22:12:26,485 [KeyDeletingService#0] INFO  snapshot.SnapshotCache (SnapshotCache.java:lambda$1(166)) - Loading snapshot. Table key: /vol1/bucket2/snap1
2023-06-29 22:12:26,503 [KeyDeletingService#0] INFO  snapshot.SnapshotCache (SnapshotCache.java:lambda$1(166)) - Loading snapshot. Table key: /vol1/bucket2/snap1
2023-06-29 22:12:26,503 [KeyDeletingService#0] INFO  snapshot.SnapshotCache (SnapshotCache.java:lambda$1(166)) - Loading snapshot. Table key: /vol1/bucket2/snap1
2023-06-29 22:12:26,503 [KeyDeletingService#0] INFO  snapshot.SnapshotCache (SnapshotCache.java:lambda$1(166)) - Loading snapshot. Table key: /vol1/bucket2/snap1
2023-06-29 22:12:26,569 [main] INFO  ozone.TestSnapshotDeletingService (TestSnapshotDeletingService.java:assertTableRowCount(565)) - deletedTable actual row count=13, expectedCount=15
2023-06-29 22:12:26,782 [SstFilteringService#0] WARN  server.ServerUtils (ServerUtils.java:getDBPath(311)) - ozone.om.db.dirs is not configured. We recommend adding this setting. Falling back to ozone.metadata.dirs instead.
2023-06-29 22:12:26,982 [KeyDeletingService#0] INFO  snapshot.SnapshotCache (SnapshotCache.java:lambda$1(166)) - Loading snapshot. Table key: /vol1/bucket2/snap1
2023-06-29 22:12:26,982 [KeyDeletingService#0] INFO  snapshot.SnapshotCache (SnapshotCache.java:lambda$1(166)) - Loading snapshot. Table key: /vol1/bucket2/snap1
2023-06-29 22:12:26,983 [KeyDeletingService#0] INFO  snapshot.SnapshotCache (SnapshotCache.java:lambda$1(166)) - Loading snapshot. Table key: /vol1/bucket2/snap1
2023-06-29 22:12:26,983 [KeyDeletingService#0] INFO  snapshot.SnapshotCache (SnapshotCache.java:lambda$1(166)) - Loading snapshot. Table key: /vol1/bucket2/snap1
2023-06-29 22:12:26,983 [KeyDeletingService#0] INFO  snapshot.SnapshotCache (SnapshotCache.java:lambda$1(166)) - Loading snapshot. Table key: /vol1/bucket2/snap1
2023-06-29 22:12:26,983 [KeyDeletingService#0] INFO  snapshot.SnapshotCache (SnapshotCache.java:lambda$1(166)) - Loading snapshot. Table key: /vol1/bucket2/snap1
2023-06-29 22:12:26,984 [KeyDeletingService#0] INFO  snapshot.SnapshotCache (SnapshotCache.java:lambda$1(166)) - Loading snapshot. Table key: /vol1/bucket2/snap1
2023-06-29 22:12:26,984 [KeyDeletingService#0] INFO  snapshot.SnapshotCache (SnapshotCache.java:lambda$1(166)) - Loading snapshot. Table key: /vol1/bucket2/snap1
2023-06-29 22:12:26,984 [KeyDeletingService#0] INFO  snapshot.SnapshotCache (SnapshotCache.java:lambda$1(166)) - Loading snapshot. Table key: /vol1/bucket2/snap1
2023-06-29 22:12:26,984 [KeyDeletingService#0] INFO  snapshot.SnapshotCache (SnapshotCache.java:lambda$1(166)) - Loading snapshot. Table key: /vol1/bucket2/snap1
2023-06-29 22:12:26,985 [KeyDeletingService#0] INFO  snapshot.SnapshotCache (SnapshotCache.java:lambda$1(166)) - Loading snapshot. Table key: /vol1/bucket2/snap1
2023-06-29 22:12:26,985 [KeyDeletingService#0] INFO  snapshot.SnapshotCache (SnapshotCache.java:lambda$1(166)) - Loading snapshot. Table key: /vol1/bucket2/snap1
2023-06-29 22:12:26,985 [KeyDeletingService#0] INFO  snapshot.SnapshotCache (SnapshotCache.java:lambda$1(166)) - Loading snapshot. Table key: /vol1/bucket2/snap1
2023-06-29 22:12:27,003 [KeyDeletingService#0] INFO  snapshot.SnapshotCache (SnapshotCache.java:lambda$1(166)) - Loading snapshot. Table key: /vol1/bucket2/snap1
2023-06-29 22:12:27,003 [KeyDeletingService#0] INFO  snapshot.SnapshotCache (SnapshotCache.java:lambda$1(166)) - Loading snapshot. Table key: /vol1/bucket2/snap1
2023-06-29 22:12:27,004 [KeyDeletingService#0] INFO  snapshot.SnapshotCache (SnapshotCache.java:lambda$1(166)) - Loading snapshot. Table key: /vol1/bucket2/snap1
2023-06-29 22:12:27,482 [KeyDeletingService#0] INFO  snapshot.SnapshotCache (SnapshotCache.java:lambda$1(166)) - Loading snapshot. Table key: /vol1/bucket2/snap1
2023-06-29 22:12:27,482 [KeyDeletingService#0] INFO  snapshot.SnapshotCache (SnapshotCache.java:lambda$1(166)) - Loading snapshot. Table key: /vol1/bucket2/snap1
2023-06-29 22:12:27,483 [KeyDeletingService#0] INFO  snapshot.SnapshotCache (SnapshotCache.java:lambda$1(166)) - Loading snapshot. Table key: /vol1/bucket2/snap1
2023-06-29 22:12:27,483 [KeyDeletingService#0] INFO  snapshot.SnapshotCache (SnapshotCache.java:lambda$1(166)) - Loading snapshot. Table key: /vol1/bucket2/snap1
2023-06-29 22:12:27,483 [KeyDeletingService#0] INFO  snapshot.SnapshotCache (SnapshotCache.java:lambda$1(166)) - Loading snapshot. Table key: /vol1/bucket2/snap1
2023-06-29 22:12:27,483 [KeyDeletingService#0] INFO  snapshot.SnapshotCache (SnapshotCache.java:lambda$1(166)) - Loading snapshot. Table key: /vol1/bucket2/snap1
2023-06-29 22:12:27,484 [KeyDeletingService#0] INFO  snapshot.SnapshotCache (SnapshotCache.java:lambda$1(166)) - Loading snapshot. Table key: /vol1/bucket2/snap1
2023-06-29 22:12:27,484 [KeyDeletingService#0] INFO  snapshot.SnapshotCache (SnapshotCache.java:lambda$1(166)) - Loading snapshot. Table key: /vol1/bucket2/snap1
2023-06-29 22:12:27,484 [KeyDeletingService#0] INFO  snapshot.SnapshotCache (SnapshotCache.java:lambda$1(166)) - Loading snapshot. Table key: /vol1/bucket2/snap1
2023-06-29 22:12:27,484 [KeyDeletingService#0] INFO  snapshot.SnapshotCache (SnapshotCache.java:lambda$1(166)) - Loading snapshot. Table key: /vol1/bucket2/snap1
2023-06-29 22:12:27,485 [KeyDeletingService#0] INFO  snapshot.SnapshotCache (SnapshotCache.java:lambda$1(166)) - Loading snapshot. Table key: /vol1/bucket2/snap1
2023-06-29 22:12:27,485 [KeyDeletingService#0] INFO  snapshot.SnapshotCache (SnapshotCache.java:lambda$1(166)) - Loading snapshot. Table key: /vol1/bucket2/snap1
2023-06-29 22:12:27,485 [KeyDeletingService#0] INFO  snapshot.SnapshotCache (SnapshotCache.java:lambda$1(166)) - Loading snapshot. Table key: /vol1/bucket2/snap1
2023-06-29 22:12:27,503 [KeyDeletingService#0] INFO  snapshot.SnapshotCache (SnapshotCache.java:lambda$1(166)) - Loading snapshot. Table key: /vol1/bucket2/snap1
2023-06-29 22:12:27,503 [KeyDeletingService#0] INFO  snapshot.SnapshotCache (SnapshotCache.java:lambda$1(166)) - Loading snapshot. Table key: /vol1/bucket2/snap1
2023-06-29 22:12:27,504 [KeyDeletingService#0] INFO  snapshot.SnapshotCache (SnapshotCache.java:lambda$1(166)) - Loading snapshot. Table key: /vol1/bucket2/snap1
2023-06-29 22:12:27,570 [main] INFO  ozone.TestSnapshotDeletingService (TestSnapshotDeletingService.java:assertTableRowCount(565)) - deletedTable actual row count=13, expectedCount=15
2023-06-29 22:12:27,982 [KeyDeletingService#0] INFO  snapshot.SnapshotCache (SnapshotCache.java:lambda$1(166)) - Loading snapshot. Table key: /vol1/bucket2/snap1
2023-06-29 22:12:27,982 [KeyDeletingService#0] INFO  snapshot.SnapshotCache (SnapshotCache.java:lambda$1(166)) - Loading snapshot. Table key: /vol1/bucket2/snap1
2023-06-29 22:12:27,983 [KeyDeletingService#0] INFO  snapshot.SnapshotCache (SnapshotCache.java:lambda$1(166)) - Loading snapshot. Table key: /vol1/bucket2/snap1
2023-06-29 22:12:27,983 [KeyDeletingService#0] INFO  snapshot.SnapshotCache (SnapshotCache.java:lambda$1(166)) - Loading snapshot. Table key: /vol1/bucket2/snap1
2023-06-29 22:12:27,983 [KeyDeletingService#0] INFO  snapshot.SnapshotCache (SnapshotCache.java:lambda$1(166)) - Loading snapshot. Table key: /vol1/bucket2/snap1
2023-06-29 22:12:27,983 [KeyDeletingService#0] INFO  snapshot.SnapshotCache (SnapshotCache.java:lambda$1(166)) - Loading snapshot. Table key: /vol1/bucket2/snap1
2023-06-29 22:12:27,984 [KeyDeletingService#0] INFO  snapshot.SnapshotCache (SnapshotCache.java:lambda$1(166)) - Loading snapshot. Table key: /vol1/bucket2/snap1
2023-06-29 22:12:27,984 [KeyDeletingService#0] INFO  snapshot.SnapshotCache (SnapshotCache.java:lambda$1(166)) - Loading snapshot. Table key: /vol1/bucket2/snap1
2023-06-29 22:12:27,984 [KeyDeletingService#0] INFO  snapshot.SnapshotCache (SnapshotCache.java:lambda$1(166)) - Loading snapshot. Table key: /vol1/bucket2/snap1
2023-06-29 22:12:27,984 [KeyDeletingService#0] INFO  snapshot.SnapshotCache (SnapshotCache.java:lambda$1(166)) - Loading snapshot. Table key: /vol1/bucket2/snap1
2023-06-29 22:12:27,985 [KeyDeletingService#0] INFO  snapshot.SnapshotCache (SnapshotCache.java:lambda$1(166)) - Loading snapshot. Table key: /vol1/bucket2/snap1
2023-06-29 22:12:27,985 [KeyDeletingService#0] INFO  snapshot.SnapshotCache (SnapshotCache.java:lambda$1(166)) - Loading snapshot. Table key: /vol1/bucket2/snap1
2023-06-29 22:12:27,985 [KeyDeletingService#0] INFO  snapshot.SnapshotCache (SnapshotCache.java:lambda$1(166)) - Loading snapshot. Table key: /vol1/bucket2/snap1
2023-06-29 22:12:28,003 [KeyDeletingService#0] INFO  snapshot.SnapshotCache (SnapshotCache.java:lambda$1(166)) - Loading snapshot. Table key: /vol1/bucket2/snap1
2023-06-29 22:12:28,003 [KeyDeletingService#0] INFO  snapshot.SnapshotCache (SnapshotCache.java:lambda$1(166)) - Loading snapshot. Table key: /vol1/bucket2/snap1
2023-06-29 22:12:28,004 [KeyDeletingService#0] INFO  snapshot.SnapshotCache (SnapshotCache.java:lambda$1(166)) - Loading snapshot. Table key: /vol1/bucket2/snap1
2023-06-29 22:12:28,482 [KeyDeletingService#0] INFO  snapshot.SnapshotCache (SnapshotCache.java:lambda$1(166)) - Loading snapshot. Table key: /vol1/bucket2/snap1
2023-06-29 22:12:28,482 [KeyDeletingService#0] INFO  snapshot.SnapshotCache (SnapshotCache.java:lambda$1(166)) - Loading snapshot. Table key: /vol1/bucket2/snap1
2023-06-29 22:12:28,483 [KeyDeletingService#0] INFO  snapshot.SnapshotCache (SnapshotCache.java:lambda$1(166)) - Loading snapshot. Table key: /vol1/bucket2/snap1
2023-06-29 22:12:28,483 [KeyDeletingService#0] INFO  snapshot.SnapshotCache (SnapshotCache.java:lambda$1(166)) - Loading snapshot. Table key: /vol1/bucket2/snap1
2023-06-29 22:12:28,483 [KeyDeletingService#0] INFO  snapshot.SnapshotCache (SnapshotCache.java:lambda$1(166)) - Loading snapshot. Table key: /vol1/bucket2/snap1
2023-06-29 22:12:28,484 [KeyDeletingService#0] INFO  snapshot.SnapshotCache (SnapshotCache.java:lambda$1(166)) - Loading snapshot. Table key: /vol1/bucket2/snap1
2023-06-29 22:12:28,484 [KeyDeletingService#0] INFO  snapshot.SnapshotCache (SnapshotCache.java:lambda$1(166)) - Loading snapshot. Table key: /vol1/bucket2/snap1
2023-06-29 22:12:28,484 [KeyDeletingService#0] INFO  snapshot.SnapshotCache (SnapshotCache.java:lambda$1(166)) - Loading snapshot. Table key: /vol1/bucket2/snap1
2023-06-29 22:12:28,484 [KeyDeletingService#0] INFO  snapshot.SnapshotCache (SnapshotCache.java:lambda$1(166)) - Loading snapshot. Table key: /vol1/bucket2/snap1
2023-06-29 22:12:28,485 [KeyDeletingService#0] INFO  snapshot.SnapshotCache (SnapshotCache.java:lambda$1(166)) - Loading snapshot. Table key: /vol1/bucket2/snap1
2023-06-29 22:12:28,485 [KeyDeletingService#0] INFO  snapshot.SnapshotCache (SnapshotCache.java:lambda$1(166)) - Loading snapshot. Table key: /vol1/bucket2/snap1
2023-06-29 22:12:28,485 [KeyDeletingService#0] INFO  snapshot.SnapshotCache (SnapshotCache.java:lambda$1(166)) - Loading snapshot. Table key: /vol1/bucket2/snap1
2023-06-29 22:12:28,485 [KeyDeletingService#0] INFO  snapshot.SnapshotCache (SnapshotCache.java:lambda$1(166)) - Loading snapshot. Table key: /vol1/bucket2/snap1
2023-06-29 22:12:28,503 [KeyDeletingService#0] INFO  snapshot.SnapshotCache (SnapshotCache.java:lambda$1(166)) - Loading snapshot. Table key: /vol1/bucket2/snap1
2023-06-29 22:12:28,503 [KeyDeletingService#0] INFO  snapshot.SnapshotCache (SnapshotCache.java:lambda$1(166)) - Loading snapshot. Table key: /vol1/bucket2/snap1
2023-06-29 22:12:28,504 [KeyDeletingService#0] INFO  snapshot.SnapshotCache (SnapshotCache.java:lambda$1(166)) - Loading snapshot. Table key: /vol1/bucket2/snap1
2023-06-29 22:12:28,571 [main] INFO  ozone.TestSnapshotDeletingService (TestSnapshotDeletingService.java:assertTableRowCount(565)) - deletedTable actual row count=13, expectedCount=15
2023-06-29 22:12:28,982 [KeyDeletingService#0] INFO  snapshot.SnapshotCache (SnapshotCache.java:lambda$1(166)) - Loading snapshot. Table key: /vol1/bucket2/snap1
2023-06-29 22:12:28,983 [KeyDeletingService#0] INFO  snapshot.SnapshotCache (SnapshotCache.java:lambda$1(166)) - Loading snapshot. Table key: /vol1/bucket2/snap1
2023-06-29 22:12:28,983 [KeyDeletingService#0] INFO  snapshot.SnapshotCache (SnapshotCache.java:lambda$1(166)) - Loading snapshot. Table key: /vol1/bucket2/snap1
2023-06-29 22:12:28,983 [KeyDeletingService#0] INFO  snapshot.SnapshotCache (SnapshotCache.java:lambda$1(166)) - Loading snapshot. Table key: /vol1/bucket2/snap1
2023-06-29 22:12:28,984 [KeyDeletingService#0] INFO  snapshot.SnapshotCache (SnapshotCache.java:lambda$1(166)) - Loading snapshot. Table key: /vol1/bucket2/snap1
2023-06-29 22:12:28,984 [KeyDeletingService#0] INFO  snapshot.SnapshotCache (SnapshotCache.java:lambda$1(166)) - Loading snapshot. Table key: /vol1/bucket2/snap1
2023-06-29 22:12:28,984 [KeyDeletingService#0] INFO  snapshot.SnapshotCache (SnapshotCache.java:lambda$1(166)) - Loading snapshot. Table key: /vol1/bucket2/snap1
2023-06-29 22:12:28,984 [KeyDeletingService#0] INFO  snapshot.SnapshotCache (SnapshotCache.java:lambda$1(166)) - Loading snapshot. Table key: /vol1/bucket2/snap1
2023-06-29 22:12:28,985 [KeyDeletingService#0] INFO  snapshot.SnapshotCache (SnapshotCache.java:lambda$1(166)) - Loading snapshot. Table key: /vol1/bucket2/snap1
2023-06-29 22:12:28,985 [KeyDeletingService#0] INFO  snapshot.SnapshotCache (SnapshotCache.java:lambda$1(166)) - Loading snapshot. Table key: /vol1/bucket2/snap1
2023-06-29 22:12:28,985 [KeyDeletingService#0] INFO  snapshot.SnapshotCache (SnapshotCache.java:lambda$1(166)) - Loading snapshot. Table key: /vol1/bucket2/snap1
2023-06-29 22:12:28,986 [KeyDeletingService#0] INFO  snapshot.SnapshotCache (SnapshotCache.java:lambda$1(166)) - Loading snapshot. Table key: /vol1/bucket2/snap1
2023-06-29 22:12:28,986 [KeyDeletingService#0] INFO  snapshot.SnapshotCache (SnapshotCache.java:lambda$1(166)) - Loading snapshot. Table key: /vol1/bucket2/snap1
2023-06-29 22:12:29,003 [KeyDeletingService#0] INFO  snapshot.SnapshotCache (SnapshotCache.java:lambda$1(166)) - Loading snapshot. Table key: /vol1/bucket2/snap1
2023-06-29 22:12:29,003 [KeyDeletingService#0] INFO  snapshot.SnapshotCache (SnapshotCache.java:lambda$1(166)) - Loading snapshot. Table key: /vol1/bucket2/snap1
2023-06-29 22:12:29,004 [KeyDeletingService#0] INFO  snapshot.SnapshotCache (SnapshotCache.java:lambda$1(166)) - Loading snapshot. Table key: /vol1/bucket2/snap1
2023-06-29 22:12:29,482 [KeyDeletingService#0] INFO  snapshot.SnapshotCache (SnapshotCache.java:lambda$1(166)) - Loading snapshot. Table key: /vol1/bucket2/snap1
2023-06-29 22:12:29,483 [KeyDeletingService#0] INFO  snapshot.SnapshotCache (SnapshotCache.java:lambda$1(166)) - Loading snapshot. Table key: /vol1/bucket2/snap1
2023-06-29 22:12:29,483 [KeyDeletingService#0] INFO  snapshot.SnapshotCache (SnapshotCache.java:lambda$1(166)) - Loading snapshot. Table key: /vol1/bucket2/snap1
2023-06-29 22:12:29,484 [KeyDeletingService#0] INFO  snapshot.SnapshotCache (SnapshotCache.java:lambda$1(166)) - Loading snapshot. Table key: /vol1/bucket2/snap1
2023-06-29 22:12:29,484 [KeyDeletingService#0] INFO  snapshot.SnapshotCache (SnapshotCache.java:lambda$1(166)) - Loading snapshot. Table key: /vol1/bucket2/snap1
2023-06-29 22:12:29,484 [KeyDeletingService#0] INFO  snapshot.SnapshotCache (SnapshotCache.java:lambda$1(166)) - Loading snapshot. Table key: /vol1/bucket2/snap1
2023-06-29 22:12:29,484 [KeyDeletingService#0] INFO  snapshot.SnapshotCache (SnapshotCache.java:lambda$1(166)) - Loading snapshot. Table key: /vol1/bucket2/snap1
2023-06-29 22:12:29,485 [KeyDeletingService#0] INFO  snapshot.SnapshotCache (SnapshotCache.java:lambda$1(166)) - Loading snapshot. Table key: /vol1/bucket2/snap1
2023-06-29 22:12:29,485 [KeyDeletingService#0] INFO  snapshot.SnapshotCache (SnapshotCache.java:lambda$1(166)) - Loading snapshot. Table key: /vol1/bucket2/snap1
2023-06-29 22:12:29,485 [KeyDeletingService#0] INFO  snapshot.SnapshotCache (SnapshotCache.java:lambda$1(166)) - Loading snapshot. Table key: /vol1/bucket2/snap1
2023-06-29 22:12:29,485 [KeyDeletingService#0] INFO  snapshot.SnapshotCache (SnapshotCache.java:lambda$1(166)) - Loading snapshot. Table key: /vol1/bucket2/snap1
2023-06-29 22:12:29,486 [KeyDeletingService#0] INFO  snapshot.SnapshotCache (SnapshotCache.java:lambda$1(166)) - Loading snapshot. Table key: /vol1/bucket2/snap1
2023-06-29 22:12:29,486 [KeyDeletingService#0] INFO  snapshot.SnapshotCache (SnapshotCache.java:lambda$1(166)) - Loading snapshot. Table key: /vol1/bucket2/snap1
2023-06-29 22:12:29,503 [KeyDeletingService#0] INFO  snapshot.SnapshotCache (SnapshotCache.java:lambda$1(166)) - Loading snapshot. Table key: /vol1/bucket2/snap1
2023-06-29 22:12:29,504 [KeyDeletingService#0] INFO  snapshot.SnapshotCache (SnapshotCache.java:lambda$1(166)) - Loading snapshot. Table key: /vol1/bucket2/snap1
2023-06-29 22:12:29,504 [KeyDeletingService#0] INFO  snapshot.SnapshotCache (SnapshotCache.java:lambda$1(166)) - Loading snapshot. Table key: /vol1/bucket2/snap1
2023-06-29 22:12:29,572 [main] INFO  ozone.TestSnapshotDeletingService (TestSnapshotDeletingService.java:assertTableRowCount(565)) - deletedTable actual row count=13, expectedCount=15
2023-06-29 22:12:29,927 [BlockDeletingService#1] INFO  interfaces.ContainerDeletionChoosingPolicyTemplate (ContainerDeletionChoosingPolicyTemplate.java:chooseContainerForBlockDeletion(83)) - Chosen 0/5000 blocks from 0 candidate containers.
2023-06-29 22:12:29,982 [KeyDeletingService#0] INFO  snapshot.SnapshotCache (SnapshotCache.java:lambda$1(166)) - Loading snapshot. Table key: /vol1/bucket2/snap1
2023-06-29 22:12:29,983 [KeyDeletingService#0] INFO  snapshot.SnapshotCache (SnapshotCache.java:lambda$1(166)) - Loading snapshot. Table key: /vol1/bucket2/snap1
2023-06-29 22:12:29,983 [KeyDeletingService#0] INFO  snapshot.SnapshotCache (SnapshotCache.java:lambda$1(166)) - Loading snapshot. Table key: /vol1/bucket2/snap1
2023-06-29 22:12:29,983 [KeyDeletingService#0] INFO  snapshot.SnapshotCache (SnapshotCache.java:lambda$1(166)) - Loading snapshot. Table key: /vol1/bucket2/snap1
2023-06-29 22:12:29,984 [KeyDeletingService#0] INFO  snapshot.SnapshotCache (SnapshotCache.java:lambda$1(166)) - Loading snapshot. Table key: /vol1/bucket2/snap1
2023-06-29 22:12:29,984 [KeyDeletingService#0] INFO  snapshot.SnapshotCache (SnapshotCache.java:lambda$1(166)) - Loading snapshot. Table key: /vol1/bucket2/snap1
2023-06-29 22:12:29,984 [KeyDeletingService#0] INFO  snapshot.SnapshotCache (SnapshotCache.java:lambda$1(166)) - Loading snapshot. Table key: /vol1/bucket2/snap1
2023-06-29 22:12:29,984 [KeyDeletingService#0] INFO  snapshot.SnapshotCache (SnapshotCache.java:lambda$1(166)) - Loading snapshot. Table key: /vol1/bucket2/snap1
2023-06-29 22:12:29,985 [KeyDeletingService#0] INFO  snapshot.SnapshotCache (SnapshotCache.java:lambda$1(166)) - Loading snapshot. Table key: /vol1/bucket2/snap1
2023-06-29 22:12:29,985 [KeyDeletingService#0] INFO  snapshot.SnapshotCache (SnapshotCache.java:lambda$1(166)) - Loading snapshot. Table key: /vol1/bucket2/snap1
2023-06-29 22:12:29,986 [KeyDeletingService#0] INFO  snapshot.SnapshotCache (SnapshotCache.java:lambda$1(166)) - Loading snapshot. Table key: /vol1/bucket2/snap1
2023-06-29 22:12:29,986 [KeyDeletingService#0] INFO  snapshot.SnapshotCache (SnapshotCache.java:lambda$1(166)) - Loading snapshot. Table key: /vol1/bucket2/snap1
2023-06-29 22:12:29,987 [KeyDeletingService#0] INFO  snapshot.SnapshotCache (SnapshotCache.java:lambda$1(166)) - Loading snapshot. Table key: /vol1/bucket2/snap1
2023-06-29 22:12:30,003 [KeyDeletingService#0] INFO  snapshot.SnapshotCache (SnapshotCache.java:lambda$1(166)) - Loading snapshot. Table key: /vol1/bucket2/snap1
2023-06-29 22:12:30,004 [KeyDeletingService#0] INFO  snapshot.SnapshotCache (SnapshotCache.java:lambda$1(166)) - Loading snapshot. Table key: /vol1/bucket2/snap1
2023-06-29 22:12:30,004 [KeyDeletingService#0] INFO  snapshot.SnapshotCache (SnapshotCache.java:lambda$1(166)) - Loading snapshot. Table key: /vol1/bucket2/snap1
2023-06-29 22:12:30,295 [BlockDeletingService#0] INFO  interfaces.ContainerDeletionChoosingPolicyTemplate (ContainerDeletionChoosingPolicyTemplate.java:chooseContainerForBlockDeletion(83)) - Chosen 0/5000 blocks from 0 candidate containers.
2023-06-29 22:12:30,482 [KeyDeletingService#0] INFO  snapshot.SnapshotCache (SnapshotCache.java:lambda$1(166)) - Loading snapshot. Table key: /vol1/bucket2/snap1
2023-06-29 22:12:30,483 [KeyDeletingService#0] INFO  snapshot.SnapshotCache (SnapshotCache.java:lambda$1(166)) - Loading snapshot. Table key: /vol1/bucket2/snap1
2023-06-29 22:12:30,483 [KeyDeletingService#0] INFO  snapshot.SnapshotCache (SnapshotCache.java:lambda$1(166)) - Loading snapshot. Table key: /vol1/bucket2/snap1
2023-06-29 22:12:30,483 [KeyDeletingService#0] INFO  snapshot.SnapshotCache (SnapshotCache.java:lambda$1(166)) - Loading snapshot. Table key: /vol1/bucket2/snap1
2023-06-29 22:12:30,484 [KeyDeletingService#0] INFO  snapshot.SnapshotCache (SnapshotCache.java:lambda$1(166)) - Loading snapshot. Table key: /vol1/bucket2/snap1
2023-06-29 22:12:30,484 [KeyDeletingService#0] INFO  snapshot.SnapshotCache (SnapshotCache.java:lambda$1(166)) - Loading snapshot. Table key: /vol1/bucket2/snap1
2023-06-29 22:12:30,484 [KeyDeletingService#0] INFO  snapshot.SnapshotCache (SnapshotCache.java:lambda$1(166)) - Loading snapshot. Table key: /vol1/bucket2/snap1
2023-06-29 22:12:30,484 [KeyDeletingService#0] INFO  snapshot.SnapshotCache (SnapshotCache.java:lambda$1(166)) - Loading snapshot. Table key: /vol1/bucket2/snap1
2023-06-29 22:12:30,485 [KeyDeletingService#0] INFO  snapshot.SnapshotCache (SnapshotCache.java:lambda$1(166)) - Loading snapshot. Table key: /vol1/bucket2/snap1
2023-06-29 22:12:30,485 [KeyDeletingService#0] INFO  snapshot.SnapshotCache (SnapshotCache.java:lambda$1(166)) - Loading snapshot. Table key: /vol1/bucket2/snap1
2023-06-29 22:12:30,485 [KeyDeletingService#0] INFO  snapshot.SnapshotCache (SnapshotCache.java:lambda$1(166)) - Loading snapshot. Table key: /vol1/bucket2/snap1
2023-06-29 22:12:30,487 [KeyDeletingService#0] INFO  snapshot.SnapshotCache (SnapshotCache.java:lambda$1(166)) - Loading snapshot. Table key: /vol1/bucket2/snap1
2023-06-29 22:12:30,487 [KeyDeletingService#0] INFO  snapshot.SnapshotCache (SnapshotCache.java:lambda$1(166)) - Loading snapshot. Table key: /vol1/bucket2/snap1
2023-06-29 22:12:30,503 [KeyDeletingService#0] INFO  snapshot.SnapshotCache (SnapshotCache.java:lambda$1(166)) - Loading snapshot. Table key: /vol1/bucket2/snap1
2023-06-29 22:12:30,504 [KeyDeletingService#0] INFO  snapshot.SnapshotCache (SnapshotCache.java:lambda$1(166)) - Loading snapshot. Table key: /vol1/bucket2/snap1
2023-06-29 22:12:30,504 [KeyDeletingService#0] INFO  snapshot.SnapshotCache (SnapshotCache.java:lambda$1(166)) - Loading snapshot. Table key: /vol1/bucket2/snap1
2023-06-29 22:12:30,573 [main] INFO  ozone.TestSnapshotDeletingService (TestSnapshotDeletingService.java:assertTableRowCount(565)) - deletedTable actual row count=13, expectedCount=15
2023-06-29 22:12:30,687 [BlockDeletingService#1] INFO  interfaces.ContainerDeletionChoosingPolicyTemplate (ContainerDeletionChoosingPolicyTemplate.java:chooseContainerForBlockDeletion(83)) - Chosen 0/5000 blocks from 0 candidate containers.
2023-06-29 22:12:30,982 [KeyDeletingService#0] INFO  snapshot.SnapshotCache (SnapshotCache.java:lambda$1(166)) - Loading snapshot. Table key: /vol1/bucket2/snap1
2023-06-29 22:12:30,983 [KeyDeletingService#0] INFO  snapshot.SnapshotCache (SnapshotCache.java:lambda$1(166)) - Loading snapshot. Table key: /vol1/bucket2/snap1
2023-06-29 22:12:30,983 [KeyDeletingService#0] INFO  snapshot.SnapshotCache (SnapshotCache.java:lambda$1(166)) - Loading snapshot. Table key: /vol1/bucket2/snap1
2023-06-29 22:12:30,983 [KeyDeletingService#0] INFO  snapshot.SnapshotCache (SnapshotCache.java:lambda$1(166)) - Loading snapshot. Table key: /vol1/bucket2/snap1
2023-06-29 22:12:30,984 [KeyDeletingService#0] INFO  snapshot.SnapshotCache (SnapshotCache.java:lambda$1(166)) - Loading snapshot. Table key: /vol1/bucket2/snap1
2023-06-29 22:12:30,984 [KeyDeletingService#0] INFO  snapshot.SnapshotCache (SnapshotCache.java:lambda$1(166)) - Loading snapshot. Table key: /vol1/bucket2/snap1
2023-06-29 22:12:30,984 [KeyDeletingService#0] INFO  snapshot.SnapshotCache (SnapshotCache.java:lambda$1(166)) - Loading snapshot. Table key: /vol1/bucket2/snap1
2023-06-29 22:12:30,985 [KeyDeletingService#0] INFO  snapshot.SnapshotCache (SnapshotCache.java:lambda$1(166)) - Loading snapshot. Table key: /vol1/bucket2/snap1
2023-06-29 22:12:30,985 [KeyDeletingService#0] INFO  snapshot.SnapshotCache (SnapshotCache.java:lambda$1(166)) - Loading snapshot. Table key: /vol1/bucket2/snap1
2023-06-29 22:12:30,985 [KeyDeletingService#0] INFO  snapshot.SnapshotCache (SnapshotCache.java:lambda$1(166)) - Loading snapshot. Table key: /vol1/bucket2/snap1
2023-06-29 22:12:30,985 [KeyDeletingService#0] INFO  snapshot.SnapshotCache (SnapshotCache.java:lambda$1(166)) - Loading snapshot. Table key: /vol1/bucket2/snap1
2023-06-29 22:12:30,986 [KeyDeletingService#0] INFO  snapshot.SnapshotCache (SnapshotCache.java:lambda$1(166)) - Loading snapshot. Table key: /vol1/bucket2/snap1
2023-06-29 22:12:30,986 [KeyDeletingService#0] INFO  snapshot.SnapshotCache (SnapshotCache.java:lambda$1(166)) - Loading snapshot. Table key: /vol1/bucket2/snap1
2023-06-29 22:12:31,004 [KeyDeletingService#0] INFO  snapshot.SnapshotCache (SnapshotCache.java:lambda$1(166)) - Loading snapshot. Table key: /vol1/bucket2/snap1
2023-06-29 22:12:31,004 [KeyDeletingService#0] INFO  snapshot.SnapshotCache (SnapshotCache.java:lambda$1(166)) - Loading snapshot. Table key: /vol1/bucket2/snap1
2023-06-29 22:12:31,004 [KeyDeletingService#0] INFO  snapshot.SnapshotCache (SnapshotCache.java:lambda$1(166)) - Loading snapshot. Table key: /vol1/bucket2/snap1
2023-06-29 22:12:31,483 [KeyDeletingService#0] INFO  snapshot.SnapshotCache (SnapshotCache.java:lambda$1(166)) - Loading snapshot. Table key: /vol1/bucket2/snap1
2023-06-29 22:12:31,483 [KeyDeletingService#0] INFO  snapshot.SnapshotCache (SnapshotCache.java:lambda$1(166)) - Loading snapshot. Table key: /vol1/bucket2/snap1
2023-06-29 22:12:31,483 [KeyDeletingService#0] INFO  snapshot.SnapshotCache (SnapshotCache.java:lambda$1(166)) - Loading snapshot. Table key: /vol1/bucket2/snap1
2023-06-29 22:12:31,483 [KeyDeletingService#0] INFO  snapshot.SnapshotCache (SnapshotCache.java:lambda$1(166)) - Loading snapshot. Table key: /vol1/bucket2/snap1
2023-06-29 22:12:31,484 [KeyDeletingService#0] INFO  snapshot.SnapshotCache (SnapshotCache.java:lambda$1(166)) - Loading snapshot. Table key: /vol1/bucket2/snap1
2023-06-29 22:12:31,484 [KeyDeletingService#0] INFO  snapshot.SnapshotCache (SnapshotCache.java:lambda$1(166)) - Loading snapshot. Table key: /vol1/bucket2/snap1
2023-06-29 22:12:31,484 [KeyDeletingService#0] INFO  snapshot.SnapshotCache (SnapshotCache.java:lambda$1(166)) - Loading snapshot. Table key: /vol1/bucket2/snap1
2023-06-29 22:12:31,484 [KeyDeletingService#0] INFO  snapshot.SnapshotCache (SnapshotCache.java:lambda$1(166)) - Loading snapshot. Table key: /vol1/bucket2/snap1
2023-06-29 22:12:31,485 [KeyDeletingService#0] INFO  snapshot.SnapshotCache (SnapshotCache.java:lambda$1(166)) - Loading snapshot. Table key: /vol1/bucket2/snap1
2023-06-29 22:12:31,485 [KeyDeletingService#0] INFO  snapshot.SnapshotCache (SnapshotCache.java:lambda$1(166)) - Loading snapshot. Table key: /vol1/bucket2/snap1
2023-06-29 22:12:31,485 [KeyDeletingService#0] INFO  snapshot.SnapshotCache (SnapshotCache.java:lambda$1(166)) - Loading snapshot. Table key: /vol1/bucket2/snap1
2023-06-29 22:12:31,485 [KeyDeletingService#0] INFO  snapshot.SnapshotCache (SnapshotCache.java:lambda$1(166)) - Loading snapshot. Table key: /vol1/bucket2/snap1
2023-06-29 22:12:31,486 [KeyDeletingService#0] INFO  snapshot.SnapshotCache (SnapshotCache.java:lambda$1(166)) - Loading snapshot. Table key: /vol1/bucket2/snap1
2023-06-29 22:12:31,504 [KeyDeletingService#0] INFO  snapshot.SnapshotCache (SnapshotCache.java:lambda$1(166)) - Loading snapshot. Table key: /vol1/bucket2/snap1
2023-06-29 22:12:31,504 [KeyDeletingService#0] INFO  snapshot.SnapshotCache (SnapshotCache.java:lambda$1(166)) - Loading snapshot. Table key: /vol1/bucket2/snap1
2023-06-29 22:12:31,504 [KeyDeletingService#0] INFO  snapshot.SnapshotCache (SnapshotCache.java:lambda$1(166)) - Loading snapshot. Table key: /vol1/bucket2/snap1
2023-06-29 22:12:31,574 [main] INFO  ozone.TestSnapshotDeletingService (TestSnapshotDeletingService.java:assertTableRowCount(565)) - deletedTable actual row count=13, expectedCount=15
2023-06-29 22:12:31,983 [KeyDeletingService#0] INFO  snapshot.SnapshotCache (SnapshotCache.java:lambda$1(166)) - Loading snapshot. Table key: /vol1/bucket2/snap1
2023-06-29 22:12:31,983 [KeyDeletingService#0] INFO  snapshot.SnapshotCache (SnapshotCache.java:lambda$1(166)) - Loading snapshot. Table key: /vol1/bucket2/snap1
2023-06-29 22:12:31,983 [KeyDeletingService#0] INFO  snapshot.SnapshotCache (SnapshotCache.java:lambda$1(166)) - Loading snapshot. Table key: /vol1/bucket2/snap1
2023-06-29 22:12:31,984 [KeyDeletingService#0] INFO  snapshot.SnapshotCache (SnapshotCache.java:lambda$1(166)) - Loading snapshot. Table key: /vol1/bucket2/snap1
2023-06-29 22:12:31,984 [KeyDeletingService#0] INFO  snapshot.SnapshotCache (SnapshotCache.java:lambda$1(166)) - Loading snapshot. Table key: /vol1/bucket2/snap1
2023-06-29 22:12:31,984 [KeyDeletingService#0] INFO  snapshot.SnapshotCache (SnapshotCache.java:lambda$1(166)) - Loading snapshot. Table key: /vol1/bucket2/snap1
2023-06-29 22:12:31,984 [KeyDeletingService#0] INFO  snapshot.SnapshotCache (SnapshotCache.java:lambda$1(166)) - Loading snapshot. Table key: /vol1/bucket2/snap1
2023-06-29 22:12:31,985 [KeyDeletingService#0] INFO  snapshot.SnapshotCache (SnapshotCache.java:lambda$1(166)) - Loading snapshot. Table key: /vol1/bucket2/snap1
2023-06-29 22:12:31,985 [KeyDeletingService#0] INFO  snapshot.SnapshotCache (SnapshotCache.java:lambda$1(166)) - Loading snapshot. Table key: /vol1/bucket2/snap1
2023-06-29 22:12:31,985 [KeyDeletingService#0] INFO  snapshot.SnapshotCache (SnapshotCache.java:lambda$1(166)) - Loading snapshot. Table key: /vol1/bucket2/snap1
2023-06-29 22:12:31,985 [KeyDeletingService#0] INFO  snapshot.SnapshotCache (SnapshotCache.java:lambda$1(166)) - Loading snapshot. Table key: /vol1/bucket2/snap1
2023-06-29 22:12:31,986 [KeyDeletingService#0] INFO  snapshot.SnapshotCache (SnapshotCache.java:lambda$1(166)) - Loading snapshot. Table key: /vol1/bucket2/snap1
2023-06-29 22:12:31,986 [KeyDeletingService#0] INFO  snapshot.SnapshotCache (SnapshotCache.java:lambda$1(166)) - Loading snapshot. Table key: /vol1/bucket2/snap1
2023-06-29 22:12:32,004 [KeyDeletingService#0] INFO  snapshot.SnapshotCache (SnapshotCache.java:lambda$1(166)) - Loading snapshot. Table key: /vol1/bucket2/snap1
2023-06-29 22:12:32,004 [KeyDeletingService#0] INFO  snapshot.SnapshotCache (SnapshotCache.java:lambda$1(166)) - Loading snapshot. Table key: /vol1/bucket2/snap1
2023-06-29 22:12:32,004 [KeyDeletingService#0] INFO  snapshot.SnapshotCache (SnapshotCache.java:lambda$1(166)) - Loading snapshot. Table key: /vol1/bucket2/snap1
2023-06-29 22:12:32,483 [KeyDeletingService#0] INFO  snapshot.SnapshotCache (SnapshotCache.java:lambda$1(166)) - Loading snapshot. Table key: /vol1/bucket2/snap1
2023-06-29 22:12:32,483 [KeyDeletingService#0] INFO  snapshot.SnapshotCache (SnapshotCache.java:lambda$1(166)) - Loading snapshot. Table key: /vol1/bucket2/snap1
2023-06-29 22:12:32,484 [KeyDeletingService#0] INFO  snapshot.SnapshotCache (SnapshotCache.java:lambda$1(166)) - Loading snapshot. Table key: /vol1/bucket2/snap1
2023-06-29 22:12:32,484 [KeyDeletingService#0] INFO  snapshot.SnapshotCache (SnapshotCache.java:lambda$1(166)) - Loading snapshot. Table key: /vol1/bucket2/snap1
2023-06-29 22:12:32,484 [KeyDeletingService#0] INFO  snapshot.SnapshotCache (SnapshotCache.java:lambda$1(166)) - Loading snapshot. Table key: /vol1/bucket2/snap1
2023-06-29 22:12:32,484 [KeyDeletingService#0] INFO  snapshot.SnapshotCache (SnapshotCache.java:lambda$1(166)) - Loading snapshot. Table key: /vol1/bucket2/snap1
2023-06-29 22:12:32,485 [KeyDeletingService#0] INFO  snapshot.SnapshotCache (SnapshotCache.java:lambda$1(166)) - Loading snapshot. Table key: /vol1/bucket2/snap1
2023-06-29 22:12:32,485 [KeyDeletingService#0] INFO  snapshot.SnapshotCache (SnapshotCache.java:lambda$1(166)) - Loading snapshot. Table key: /vol1/bucket2/snap1
2023-06-29 22:12:32,485 [KeyDeletingService#0] INFO  snapshot.SnapshotCache (SnapshotCache.java:lambda$1(166)) - Loading snapshot. Table key: /vol1/bucket2/snap1
2023-06-29 22:12:32,485 [KeyDeletingService#0] INFO  snapshot.SnapshotCache (SnapshotCache.java:lambda$1(166)) - Loading snapshot. Table key: /vol1/bucket2/snap1
2023-06-29 22:12:32,486 [KeyDeletingService#0] INFO  snapshot.SnapshotCache (SnapshotCache.java:lambda$1(166)) - Loading snapshot. Table key: /vol1/bucket2/snap1
2023-06-29 22:12:32,486 [KeyDeletingService#0] INFO  snapshot.SnapshotCache (SnapshotCache.java:lambda$1(166)) - Loading snapshot. Table key: /vol1/bucket2/snap1
2023-06-29 22:12:32,486 [KeyDeletingService#0] INFO  snapshot.SnapshotCache (SnapshotCache.java:lambda$1(166)) - Loading snapshot. Table key: /vol1/bucket2/snap1
2023-06-29 22:12:32,504 [KeyDeletingService#0] INFO  snapshot.SnapshotCache (SnapshotCache.java:lambda$1(166)) - Loading snapshot. Table key: /vol1/bucket2/snap1
2023-06-29 22:12:32,504 [KeyDeletingService#0] INFO  snapshot.SnapshotCache (SnapshotCache.java:lambda$1(166)) - Loading snapshot. Table key: /vol1/bucket2/snap1
2023-06-29 22:12:32,504 [KeyDeletingService#0] INFO  snapshot.SnapshotCache (SnapshotCache.java:lambda$1(166)) - Loading snapshot. Table key: /vol1/bucket2/snap1
2023-06-29 22:12:32,575 [main] INFO  ozone.TestSnapshotDeletingService (TestSnapshotDeletingService.java:assertTableRowCount(565)) - deletedTable actual row count=13, expectedCount=15
2023-06-29 22:12:32,634 [RatisPipelineUtilsThread - 0] WARN  pipeline.PipelinePlacementPolicy (PipelinePlacementPolicy.java:filterViableNodes(166)) - Pipeline creation failed due to no sufficient healthy datanodes. Required 3. Found 0. Excluded 3.
2023-06-29 22:12:32,983 [KeyDeletingService#0] INFO  snapshot.SnapshotCache (SnapshotCache.java:lambda$1(166)) - Loading snapshot. Table key: /vol1/bucket2/snap1
2023-06-29 22:12:32,983 [KeyDeletingService#0] INFO  snapshot.SnapshotCache (SnapshotCache.java:lambda$1(166)) - Loading snapshot. Table key: /vol1/bucket2/snap1
2023-06-29 22:12:32,984 [KeyDeletingService#0] INFO  snapshot.SnapshotCache (SnapshotCache.java:lambda$1(166)) - Loading snapshot. Table key: /vol1/bucket2/snap1
2023-06-29 22:12:32,984 [KeyDeletingService#0] INFO  snapshot.SnapshotCache (SnapshotCache.java:lambda$1(166)) - Loading snapshot. Table key: /vol1/bucket2/snap1
2023-06-29 22:12:32,985 [KeyDeletingService#0] INFO  snapshot.SnapshotCache (SnapshotCache.java:lambda$1(166)) - Loading snapshot. Table key: /vol1/bucket2/snap1
2023-06-29 22:12:32,987 [KeyDeletingService#0] INFO  snapshot.SnapshotCache (SnapshotCache.java:lambda$1(166)) - Loading snapshot. Table key: /vol1/bucket2/snap1
2023-06-29 22:12:32,988 [KeyDeletingService#0] INFO  snapshot.SnapshotCache (SnapshotCache.java:lambda$1(166)) - Loading snapshot. Table key: /vol1/bucket2/snap1
2023-06-29 22:12:32,988 [KeyDeletingService#0] INFO  snapshot.SnapshotCache (SnapshotCache.java:lambda$1(166)) - Loading snapshot. Table key: /vol1/bucket2/snap1
2023-06-29 22:12:32,988 [KeyDeletingService#0] INFO  snapshot.SnapshotCache (SnapshotCache.java:lambda$1(166)) - Loading snapshot. Table key: /vol1/bucket2/snap1
2023-06-29 22:12:32,988 [KeyDeletingService#0] INFO  snapshot.SnapshotCache (SnapshotCache.java:lambda$1(166)) - Loading snapshot. Table key: /vol1/bucket2/snap1
2023-06-29 22:12:32,989 [KeyDeletingService#0] INFO  snapshot.SnapshotCache (SnapshotCache.java:lambda$1(166)) - Loading snapshot. Table key: /vol1/bucket2/snap1
2023-06-29 22:12:32,989 [KeyDeletingService#0] INFO  snapshot.SnapshotCache (SnapshotCache.java:lambda$1(166)) - Loading snapshot. Table key: /vol1/bucket2/snap1
2023-06-29 22:12:32,989 [KeyDeletingService#0] INFO  snapshot.SnapshotCache (SnapshotCache.java:lambda$1(166)) - Loading snapshot. Table key: /vol1/bucket2/snap1
2023-06-29 22:12:33,004 [KeyDeletingService#0] INFO  snapshot.SnapshotCache (SnapshotCache.java:lambda$1(166)) - Loading snapshot. Table key: /vol1/bucket2/snap1
2023-06-29 22:12:33,004 [KeyDeletingService#0] INFO  snapshot.SnapshotCache (SnapshotCache.java:lambda$1(166)) - Loading snapshot. Table key: /vol1/bucket2/snap1
2023-06-29 22:12:33,005 [KeyDeletingService#0] INFO  snapshot.SnapshotCache (SnapshotCache.java:lambda$1(166)) - Loading snapshot. Table key: /vol1/bucket2/snap1
2023-06-29 22:12:33,483 [KeyDeletingService#0] INFO  snapshot.SnapshotCache (SnapshotCache.java:lambda$1(166)) - Loading snapshot. Table key: /vol1/bucket2/snap1
2023-06-29 22:12:33,483 [KeyDeletingService#0] INFO  snapshot.SnapshotCache (SnapshotCache.java:lambda$1(166)) - Loading snapshot. Table key: /vol1/bucket2/snap1
2023-06-29 22:12:33,484 [KeyDeletingService#0] INFO  snapshot.SnapshotCache (SnapshotCache.java:lambda$1(166)) - Loading snapshot. Table key: /vol1/bucket2/snap1
2023-06-29 22:12:33,484 [KeyDeletingService#0] INFO  snapshot.SnapshotCache (SnapshotCache.java:lambda$1(166)) - Loading snapshot. Table key: /vol1/bucket2/snap1
2023-06-29 22:12:33,484 [KeyDeletingService#0] INFO  snapshot.SnapshotCache (SnapshotCache.java:lambda$1(166)) - Loading snapshot. Table key: /vol1/bucket2/snap1
2023-06-29 22:12:33,485 [KeyDeletingService#0] INFO  snapshot.SnapshotCache (SnapshotCache.java:lambda$1(166)) - Loading snapshot. Table key: /vol1/bucket2/snap1
2023-06-29 22:12:33,485 [KeyDeletingService#0] INFO  snapshot.SnapshotCache (SnapshotCache.java:lambda$1(166)) - Loading snapshot. Table key: /vol1/bucket2/snap1
2023-06-29 22:12:33,485 [KeyDeletingService#0] INFO  snapshot.SnapshotCache (SnapshotCache.java:lambda$1(166)) - Loading snapshot. Table key: /vol1/bucket2/snap1
2023-06-29 22:12:33,486 [KeyDeletingService#0] INFO  snapshot.SnapshotCache (SnapshotCache.java:lambda$1(166)) - Loading snapshot. Table key: /vol1/bucket2/snap1
2023-06-29 22:12:33,486 [KeyDeletingService#0] INFO  snapshot.SnapshotCache (SnapshotCache.java:lambda$1(166)) - Loading snapshot. Table key: /vol1/bucket2/snap1
2023-06-29 22:12:33,486 [KeyDeletingService#0] INFO  snapshot.SnapshotCache (SnapshotCache.java:lambda$1(166)) - Loading snapshot. Table key: /vol1/bucket2/snap1
2023-06-29 22:12:33,486 [KeyDeletingService#0] INFO  snapshot.SnapshotCache (SnapshotCache.java:lambda$1(166)) - Loading snapshot. Table key: /vol1/bucket2/snap1
2023-06-29 22:12:33,487 [KeyDeletingService#0] INFO  snapshot.SnapshotCache (SnapshotCache.java:lambda$1(166)) - Loading snapshot. Table key: /vol1/bucket2/snap1
2023-06-29 22:12:33,504 [KeyDeletingService#0] INFO  snapshot.SnapshotCache (SnapshotCache.java:lambda$1(166)) - Loading snapshot. Table key: /vol1/bucket2/snap1
2023-06-29 22:12:33,504 [KeyDeletingService#0] INFO  snapshot.SnapshotCache (SnapshotCache.java:lambda$1(166)) - Loading snapshot. Table key: /vol1/bucket2/snap1
2023-06-29 22:12:33,505 [KeyDeletingService#0] INFO  snapshot.SnapshotCache (SnapshotCache.java:lambda$1(166)) - Loading snapshot. Table key: /vol1/bucket2/snap1
2023-06-29 22:12:33,576 [main] INFO  ozone.TestSnapshotDeletingService (TestSnapshotDeletingService.java:assertTableRowCount(565)) - deletedTable actual row count=13, expectedCount=15
2023-06-29 22:12:33,983 [KeyDeletingService#0] INFO  snapshot.SnapshotCache (SnapshotCache.java:lambda$1(166)) - Loading snapshot. Table key: /vol1/bucket2/snap1
2023-06-29 22:12:33,983 [KeyDeletingService#0] INFO  snapshot.SnapshotCache (SnapshotCache.java:lambda$1(166)) - Loading snapshot. Table key: /vol1/bucket2/snap1
2023-06-29 22:12:33,984 [KeyDeletingService#0] INFO  snapshot.SnapshotCache (SnapshotCache.java:lambda$1(166)) - Loading snapshot. Table key: /vol1/bucket2/snap1
2023-06-29 22:12:33,984 [KeyDeletingService#0] INFO  snapshot.SnapshotCache (SnapshotCache.java:lambda$1(166)) - Loading snapshot. Table key: /vol1/bucket2/snap1
2023-06-29 22:12:33,984 [KeyDeletingService#0] INFO  snapshot.SnapshotCache (SnapshotCache.java:lambda$1(166)) - Loading snapshot. Table key: /vol1/bucket2/snap1
2023-06-29 22:12:33,985 [KeyDeletingService#0] INFO  snapshot.SnapshotCache (SnapshotCache.java:lambda$1(166)) - Loading snapshot. Table key: /vol1/bucket2/snap1
2023-06-29 22:12:33,985 [KeyDeletingService#0] INFO  snapshot.SnapshotCache (SnapshotCache.java:lambda$1(166)) - Loading snapshot. Table key: /vol1/bucket2/snap1
2023-06-29 22:12:33,985 [KeyDeletingService#0] INFO  snapshot.SnapshotCache (SnapshotCache.java:lambda$1(166)) - Loading snapshot. Table key: /vol1/bucket2/snap1
2023-06-29 22:12:33,986 [KeyDeletingService#0] INFO  snapshot.SnapshotCache (SnapshotCache.java:lambda$1(166)) - Loading snapshot. Table key: /vol1/bucket2/snap1
2023-06-29 22:12:33,986 [KeyDeletingService#0] INFO  snapshot.SnapshotCache (SnapshotCache.java:lambda$1(166)) - Loading snapshot. Table key: /vol1/bucket2/snap1
2023-06-29 22:12:33,986 [KeyDeletingService#0] INFO  snapshot.SnapshotCache (SnapshotCache.java:lambda$1(166)) - Loading snapshot. Table key: /vol1/bucket2/snap1
2023-06-29 22:12:33,986 [KeyDeletingService#0] INFO  snapshot.SnapshotCache (SnapshotCache.java:lambda$1(166)) - Loading snapshot. Table key: /vol1/bucket2/snap1
2023-06-29 22:12:33,987 [KeyDeletingService#0] INFO  snapshot.SnapshotCache (SnapshotCache.java:lambda$1(166)) - Loading snapshot. Table key: /vol1/bucket2/snap1
2023-06-29 22:12:34,004 [KeyDeletingService#0] INFO  snapshot.SnapshotCache (SnapshotCache.java:lambda$1(166)) - Loading snapshot. Table key: /vol1/bucket2/snap1
2023-06-29 22:12:34,004 [KeyDeletingService#0] INFO  snapshot.SnapshotCache (SnapshotCache.java:lambda$1(166)) - Loading snapshot. Table key: /vol1/bucket2/snap1
2023-06-29 22:12:34,005 [KeyDeletingService#0] INFO  snapshot.SnapshotCache (SnapshotCache.java:lambda$1(166)) - Loading snapshot. Table key: /vol1/bucket2/snap1
2023-06-29 22:12:34,483 [KeyDeletingService#0] INFO  snapshot.SnapshotCache (SnapshotCache.java:lambda$1(166)) - Loading snapshot. Table key: /vol1/bucket2/snap1
2023-06-29 22:12:34,484 [KeyDeletingService#0] INFO  snapshot.SnapshotCache (SnapshotCache.java:lambda$1(166)) - Loading snapshot. Table key: /vol1/bucket2/snap1
2023-06-29 22:12:34,484 [KeyDeletingService#0] INFO  snapshot.SnapshotCache (SnapshotCache.java:lambda$1(166)) - Loading snapshot. Table key: /vol1/bucket2/snap1
2023-06-29 22:12:34,484 [KeyDeletingService#0] INFO  snapshot.SnapshotCache (SnapshotCache.java:lambda$1(166)) - Loading snapshot. Table key: /vol1/bucket2/snap1
2023-06-29 22:12:34,484 [KeyDeletingService#0] INFO  snapshot.SnapshotCache (SnapshotCache.java:lambda$1(166)) - Loading snapshot. Table key: /vol1/bucket2/snap1
2023-06-29 22:12:34,485 [KeyDeletingService#0] INFO  snapshot.SnapshotCache (SnapshotCache.java:lambda$1(166)) - Loading snapshot. Table key: /vol1/bucket2/snap1
2023-06-29 22:12:34,485 [KeyDeletingService#0] INFO  snapshot.SnapshotCache (SnapshotCache.java:lambda$1(166)) - Loading snapshot. Table key: /vol1/bucket2/snap1
2023-06-29 22:12:34,485 [KeyDeletingService#0] INFO  snapshot.SnapshotCache (SnapshotCache.java:lambda$1(166)) - Loading snapshot. Table key: /vol1/bucket2/snap1
2023-06-29 22:12:34,485 [KeyDeletingService#0] INFO  snapshot.SnapshotCache (SnapshotCache.java:lambda$1(166)) - Loading snapshot. Table key: /vol1/bucket2/snap1
2023-06-29 22:12:34,486 [KeyDeletingService#0] INFO  snapshot.SnapshotCache (SnapshotCache.java:lambda$1(166)) - Loading snapshot. Table key: /vol1/bucket2/snap1
2023-06-29 22:12:34,486 [KeyDeletingService#0] INFO  snapshot.SnapshotCache (SnapshotCache.java:lambda$1(166)) - Loading snapshot. Table key: /vol1/bucket2/snap1
2023-06-29 22:12:34,486 [KeyDeletingService#0] INFO  snapshot.SnapshotCache (SnapshotCache.java:lambda$1(166)) - Loading snapshot. Table key: /vol1/bucket2/snap1
2023-06-29 22:12:34,486 [KeyDeletingService#0] INFO  snapshot.SnapshotCache (SnapshotCache.java:lambda$1(166)) - Loading snapshot. Table key: /vol1/bucket2/snap1
2023-06-29 22:12:34,504 [KeyDeletingService#0] INFO  snapshot.SnapshotCache (SnapshotCache.java:lambda$1(166)) - Loading snapshot. Table key: /vol1/bucket2/snap1
2023-06-29 22:12:34,505 [KeyDeletingService#0] INFO  snapshot.SnapshotCache (SnapshotCache.java:lambda$1(166)) - Loading snapshot. Table key: /vol1/bucket2/snap1
2023-06-29 22:12:34,505 [KeyDeletingService#0] INFO  snapshot.SnapshotCache (SnapshotCache.java:lambda$1(166)) - Loading snapshot. Table key: /vol1/bucket2/snap1
2023-06-29 22:12:34,577 [main] INFO  ozone.TestSnapshotDeletingService (TestSnapshotDeletingService.java:assertTableRowCount(565)) - deletedTable actual row count=13, expectedCount=15
2023-06-29 22:12:34,983 [KeyDeletingService#0] INFO  snapshot.SnapshotCache (SnapshotCache.java:lambda$1(166)) - Loading snapshot. Table key: /vol1/bucket2/snap1
2023-06-29 22:12:34,984 [KeyDeletingService#0] INFO  snapshot.SnapshotCache (SnapshotCache.java:lambda$1(166)) - Loading snapshot. Table key: /vol1/bucket2/snap1
2023-06-29 22:12:34,984 [KeyDeletingService#0] INFO  snapshot.SnapshotCache (SnapshotCache.java:lambda$1(166)) - Loading snapshot. Table key: /vol1/bucket2/snap1
2023-06-29 22:12:34,984 [KeyDeletingService#0] INFO  snapshot.SnapshotCache (SnapshotCache.java:lambda$1(166)) - Loading snapshot. Table key: /vol1/bucket2/snap1
2023-06-29 22:12:34,985 [KeyDeletingService#0] INFO  snapshot.SnapshotCache (SnapshotCache.java:lambda$1(166)) - Loading snapshot. Table key: /vol1/bucket2/snap1
2023-06-29 22:12:34,985 [KeyDeletingService#0] INFO  snapshot.SnapshotCache (SnapshotCache.java:lambda$1(166)) - Loading snapshot. Table key: /vol1/bucket2/snap1
2023-06-29 22:12:34,985 [KeyDeletingService#0] INFO  snapshot.SnapshotCache (SnapshotCache.java:lambda$1(166)) - Loading snapshot. Table key: /vol1/bucket2/snap1
2023-06-29 22:12:34,985 [KeyDeletingService#0] INFO  snapshot.SnapshotCache (SnapshotCache.java:lambda$1(166)) - Loading snapshot. Table key: /vol1/bucket2/snap1
2023-06-29 22:12:34,986 [KeyDeletingService#0] INFO  snapshot.SnapshotCache (SnapshotCache.java:lambda$1(166)) - Loading snapshot. Table key: /vol1/bucket2/snap1
2023-06-29 22:12:34,986 [KeyDeletingService#0] INFO  snapshot.SnapshotCache (SnapshotCache.java:lambda$1(166)) - Loading snapshot. Table key: /vol1/bucket2/snap1
2023-06-29 22:12:34,986 [KeyDeletingService#0] INFO  snapshot.SnapshotCache (SnapshotCache.java:lambda$1(166)) - Loading snapshot. Table key: /vol1/bucket2/snap1
2023-06-29 22:12:34,986 [KeyDeletingService#0] INFO  snapshot.SnapshotCache (SnapshotCache.java:lambda$1(166)) - Loading snapshot. Table key: /vol1/bucket2/snap1
2023-06-29 22:12:34,987 [KeyDeletingService#0] INFO  snapshot.SnapshotCache (SnapshotCache.java:lambda$1(166)) - Loading snapshot. Table key: /vol1/bucket2/snap1
2023-06-29 22:12:35,004 [KeyDeletingService#0] INFO  snapshot.SnapshotCache (SnapshotCache.java:lambda$1(166)) - Loading snapshot. Table key: /vol1/bucket2/snap1
2023-06-29 22:12:35,005 [KeyDeletingService#0] INFO  snapshot.SnapshotCache (SnapshotCache.java:lambda$1(166)) - Loading snapshot. Table key: /vol1/bucket2/snap1
2023-06-29 22:12:35,005 [KeyDeletingService#0] INFO  snapshot.SnapshotCache (SnapshotCache.java:lambda$1(166)) - Loading snapshot. Table key: /vol1/bucket2/snap1
2023-06-29 22:12:35,483 [KeyDeletingService#0] INFO  snapshot.SnapshotCache (SnapshotCache.java:lambda$1(166)) - Loading snapshot. Table key: /vol1/bucket2/snap1
2023-06-29 22:12:35,484 [KeyDeletingService#0] INFO  snapshot.SnapshotCache (SnapshotCache.java:lambda$1(166)) - Loading snapshot. Table key: /vol1/bucket2/snap1
2023-06-29 22:12:35,484 [KeyDeletingService#0] INFO  snapshot.SnapshotCache (SnapshotCache.java:lambda$1(166)) - Loading snapshot. Table key: /vol1/bucket2/snap1
2023-06-29 22:12:35,484 [KeyDeletingService#0] INFO  snapshot.SnapshotCache (SnapshotCache.java:lambda$1(166)) - Loading snapshot. Table key: /vol1/bucket2/snap1
2023-06-29 22:12:35,485 [KeyDeletingService#0] INFO  snapshot.SnapshotCache (SnapshotCache.java:lambda$1(166)) - Loading snapshot. Table key: /vol1/bucket2/snap1
2023-06-29 22:12:35,485 [KeyDeletingService#0] INFO  snapshot.SnapshotCache (SnapshotCache.java:lambda$1(166)) - Loading snapshot. Table key: /vol1/bucket2/snap1
2023-06-29 22:12:35,485 [KeyDeletingService#0] INFO  snapshot.SnapshotCache (SnapshotCache.java:lambda$1(166)) - Loading snapshot. Table key: /vol1/bucket2/snap1
2023-06-29 22:12:35,485 [KeyDeletingService#0] INFO  snapshot.SnapshotCache (SnapshotCache.java:lambda$1(166)) - Loading snapshot. Table key: /vol1/bucket2/snap1
2023-06-29 22:12:35,486 [KeyDeletingService#0] INFO  snapshot.SnapshotCache (SnapshotCache.java:lambda$1(166)) - Loading snapshot. Table key: /vol1/bucket2/snap1
2023-06-29 22:12:35,486 [KeyDeletingService#0] INFO  snapshot.SnapshotCache (SnapshotCache.java:lambda$1(166)) - Loading snapshot. Table key: /vol1/bucket2/snap1
2023-06-29 22:12:35,487 [KeyDeletingService#0] INFO  snapshot.SnapshotCache (SnapshotCache.java:lambda$1(166)) - Loading snapshot. Table key: /vol1/bucket2/snap1
2023-06-29 22:12:35,487 [KeyDeletingService#0] INFO  snapshot.SnapshotCache (SnapshotCache.java:lambda$1(166)) - Loading snapshot. Table key: /vol1/bucket2/snap1
2023-06-29 22:12:35,487 [KeyDeletingService#0] INFO  snapshot.SnapshotCache (SnapshotCache.java:lambda$1(166)) - Loading snapshot. Table key: /vol1/bucket2/snap1
2023-06-29 22:12:35,504 [KeyDeletingService#0] INFO  snapshot.SnapshotCache (SnapshotCache.java:lambda$1(166)) - Loading snapshot. Table key: /vol1/bucket2/snap1
2023-06-29 22:12:35,505 [KeyDeletingService#0] INFO  snapshot.SnapshotCache (SnapshotCache.java:lambda$1(166)) - Loading snapshot. Table key: /vol1/bucket2/snap1
2023-06-29 22:12:35,505 [KeyDeletingService#0] INFO  snapshot.SnapshotCache (SnapshotCache.java:lambda$1(166)) - Loading snapshot. Table key: /vol1/bucket2/snap1
2023-06-29 22:12:35,578 [main] INFO  ozone.TestSnapshotDeletingService (TestSnapshotDeletingService.java:assertTableRowCount(565)) - deletedTable actual row count=13, expectedCount=15
2023-06-29 22:12:35,983 [KeyDeletingService#0] INFO  snapshot.SnapshotCache (SnapshotCache.java:lambda$1(166)) - Loading snapshot. Table key: /vol1/bucket2/snap1
2023-06-29 22:12:35,984 [KeyDeletingService#0] INFO  snapshot.SnapshotCache (SnapshotCache.java:lambda$1(166)) - Loading snapshot. Table key: /vol1/bucket2/snap1
2023-06-29 22:12:35,984 [KeyDeletingService#0] INFO  snapshot.SnapshotCache (SnapshotCache.java:lambda$1(166)) - Loading snapshot. Table key: /vol1/bucket2/snap1
2023-06-29 22:12:35,984 [KeyDeletingService#0] INFO  snapshot.SnapshotCache (SnapshotCache.java:lambda$1(166)) - Loading snapshot. Table key: /vol1/bucket2/snap1
2023-06-29 22:12:35,985 [KeyDeletingService#0] INFO  snapshot.SnapshotCache (SnapshotCache.java:lambda$1(166)) - Loading snapshot. Table key: /vol1/bucket2/snap1
2023-06-29 22:12:35,986 [KeyDeletingService#0] INFO  snapshot.SnapshotCache (SnapshotCache.java:lambda$1(166)) - Loading snapshot. Table key: /vol1/bucket2/snap1
2023-06-29 22:12:35,986 [KeyDeletingService#0] INFO  snapshot.SnapshotCache (SnapshotCache.java:lambda$1(166)) - Loading snapshot. Table key: /vol1/bucket2/snap1
2023-06-29 22:12:35,986 [KeyDeletingService#0] INFO  snapshot.SnapshotCache (SnapshotCache.java:lambda$1(166)) - Loading snapshot. Table key: /vol1/bucket2/snap1
2023-06-29 22:12:35,986 [KeyDeletingService#0] INFO  snapshot.SnapshotCache (SnapshotCache.java:lambda$1(166)) - Loading snapshot. Table key: /vol1/bucket2/snap1
2023-06-29 22:12:35,987 [KeyDeletingService#0] INFO  snapshot.SnapshotCache (SnapshotCache.java:lambda$1(166)) - Loading snapshot. Table key: /vol1/bucket2/snap1
2023-06-29 22:12:35,987 [KeyDeletingService#0] INFO  snapshot.SnapshotCache (SnapshotCache.java:lambda$1(166)) - Loading snapshot. Table key: /vol1/bucket2/snap1
2023-06-29 22:12:35,987 [KeyDeletingService#0] INFO  snapshot.SnapshotCache (SnapshotCache.java:lambda$1(166)) - Loading snapshot. Table key: /vol1/bucket2/snap1
2023-06-29 22:12:35,987 [KeyDeletingService#0] INFO  snapshot.SnapshotCache (SnapshotCache.java:lambda$1(166)) - Loading snapshot. Table key: /vol1/bucket2/snap1
2023-06-29 22:12:36,004 [KeyDeletingService#0] INFO  snapshot.SnapshotCache (SnapshotCache.java:lambda$1(166)) - Loading snapshot. Table key: /vol1/bucket2/snap1
2023-06-29 22:12:36,005 [KeyDeletingService#0] INFO  snapshot.SnapshotCache (SnapshotCache.java:lambda$1(166)) - Loading snapshot. Table key: /vol1/bucket2/snap1
2023-06-29 22:12:36,005 [KeyDeletingService#0] INFO  snapshot.SnapshotCache (SnapshotCache.java:lambda$1(166)) - Loading snapshot. Table key: /vol1/bucket2/snap1
2023-06-29 22:12:36,484 [KeyDeletingService#0] INFO  snapshot.SnapshotCache (SnapshotCache.java:lambda$1(166)) - Loading snapshot. Table key: /vol1/bucket2/snap1
2023-06-29 22:12:36,484 [KeyDeletingService#0] INFO  snapshot.SnapshotCache (SnapshotCache.java:lambda$1(166)) - Loading snapshot. Table key: /vol1/bucket2/snap1
2023-06-29 22:12:36,484 [KeyDeletingService#0] INFO  snapshot.SnapshotCache (SnapshotCache.java:lambda$1(166)) - Loading snapshot. Table key: /vol1/bucket2/snap1
2023-06-29 22:12:36,485 [KeyDeletingService#0] INFO  snapshot.SnapshotCache (SnapshotCache.java:lambda$1(166)) - Loading snapshot. Table key: /vol1/bucket2/snap1
2023-06-29 22:12:36,485 [KeyDeletingService#0] INFO  snapshot.SnapshotCache (SnapshotCache.java:lambda$1(166)) - Loading snapshot. Table key: /vol1/bucket2/snap1
2023-06-29 22:12:36,485 [KeyDeletingService#0] INFO  snapshot.SnapshotCache (SnapshotCache.java:lambda$1(166)) - Loading snapshot. Table key: /vol1/bucket2/snap1
2023-06-29 22:12:36,485 [KeyDeletingService#0] INFO  snapshot.SnapshotCache (SnapshotCache.java:lambda$1(166)) - Loading snapshot. Table key: /vol1/bucket2/snap1
2023-06-29 22:12:36,486 [KeyDeletingService#0] INFO  snapshot.SnapshotCache (SnapshotCache.java:lambda$1(166)) - Loading snapshot. Table key: /vol1/bucket2/snap1
2023-06-29 22:12:36,486 [KeyDeletingService#0] INFO  snapshot.SnapshotCache (SnapshotCache.java:lambda$1(166)) - Loading snapshot. Table key: /vol1/bucket2/snap1
2023-06-29 22:12:36,486 [KeyDeletingService#0] INFO  snapshot.SnapshotCache (SnapshotCache.java:lambda$1(166)) - Loading snapshot. Table key: /vol1/bucket2/snap1
2023-06-29 22:12:36,487 [KeyDeletingService#0] INFO  snapshot.SnapshotCache (SnapshotCache.java:lambda$1(166)) - Loading snapshot. Table key: /vol1/bucket2/snap1
2023-06-29 22:12:36,487 [KeyDeletingService#0] INFO  snapshot.SnapshotCache (SnapshotCache.java:lambda$1(166)) - Loading snapshot. Table key: /vol1/bucket2/snap1
2023-06-29 22:12:36,487 [KeyDeletingService#0] INFO  snapshot.SnapshotCache (SnapshotCache.java:lambda$1(166)) - Loading snapshot. Table key: /vol1/bucket2/snap1
2023-06-29 22:12:36,504 [KeyDeletingService#0] INFO  snapshot.SnapshotCache (SnapshotCache.java:lambda$1(166)) - Loading snapshot. Table key: /vol1/bucket2/snap1
2023-06-29 22:12:36,505 [KeyDeletingService#0] INFO  snapshot.SnapshotCache (SnapshotCache.java:lambda$1(166)) - Loading snapshot. Table key: /vol1/bucket2/snap1
2023-06-29 22:12:36,505 [KeyDeletingService#0] INFO  snapshot.SnapshotCache (SnapshotCache.java:lambda$1(166)) - Loading snapshot. Table key: /vol1/bucket2/snap1
2023-06-29 22:12:36,579 [main] INFO  ozone.TestSnapshotDeletingService (TestSnapshotDeletingService.java:assertTableRowCount(565)) - deletedTable actual row count=13, expectedCount=15
2023-06-29 22:12:36,984 [KeyDeletingService#0] INFO  snapshot.SnapshotCache (SnapshotCache.java:lambda$1(166)) - Loading snapshot. Table key: /vol1/bucket2/snap1
2023-06-29 22:12:36,984 [KeyDeletingService#0] INFO  snapshot.SnapshotCache (SnapshotCache.java:lambda$1(166)) - Loading snapshot. Table key: /vol1/bucket2/snap1
2023-06-29 22:12:36,984 [KeyDeletingService#0] INFO  snapshot.SnapshotCache (SnapshotCache.java:lambda$1(166)) - Loading snapshot. Table key: /vol1/bucket2/snap1
2023-06-29 22:12:36,985 [KeyDeletingService#0] INFO  snapshot.SnapshotCache (SnapshotCache.java:lambda$1(166)) - Loading snapshot. Table key: /vol1/bucket2/snap1
2023-06-29 22:12:36,985 [KeyDeletingService#0] INFO  snapshot.SnapshotCache (SnapshotCache.java:lambda$1(166)) - Loading snapshot. Table key: /vol1/bucket2/snap1
2023-06-29 22:12:36,985 [KeyDeletingService#0] INFO  snapshot.SnapshotCache (SnapshotCache.java:lambda$1(166)) - Loading snapshot. Table key: /vol1/bucket2/snap1
2023-06-29 22:12:36,985 [KeyDeletingService#0] INFO  snapshot.SnapshotCache (SnapshotCache.java:lambda$1(166)) - Loading snapshot. Table key: /vol1/bucket2/snap1
2023-06-29 22:12:36,986 [KeyDeletingService#0] INFO  snapshot.SnapshotCache (SnapshotCache.java:lambda$1(166)) - Loading snapshot. Table key: /vol1/bucket2/snap1
2023-06-29 22:12:36,986 [KeyDeletingService#0] INFO  snapshot.SnapshotCache (SnapshotCache.java:lambda$1(166)) - Loading snapshot. Table key: /vol1/bucket2/snap1
2023-06-29 22:12:36,987 [KeyDeletingService#0] INFO  snapshot.SnapshotCache (SnapshotCache.java:lambda$1(166)) - Loading snapshot. Table key: /vol1/bucket2/snap1
2023-06-29 22:12:36,987 [KeyDeletingService#0] INFO  snapshot.SnapshotCache (SnapshotCache.java:lambda$1(166)) - Loading snapshot. Table key: /vol1/bucket2/snap1
2023-06-29 22:12:36,987 [KeyDeletingService#0] INFO  snapshot.SnapshotCache (SnapshotCache.java:lambda$1(166)) - Loading snapshot. Table key: /vol1/bucket2/snap1
2023-06-29 22:12:36,987 [KeyDeletingService#0] INFO  snapshot.SnapshotCache (SnapshotCache.java:lambda$1(166)) - Loading snapshot. Table key: /vol1/bucket2/snap1
2023-06-29 22:12:37,005 [KeyDeletingService#0] INFO  snapshot.SnapshotCache (SnapshotCache.java:lambda$1(166)) - Loading snapshot. Table key: /vol1/bucket2/snap1
2023-06-29 22:12:37,005 [KeyDeletingService#0] INFO  snapshot.SnapshotCache (SnapshotCache.java:lambda$1(166)) - Loading snapshot. Table key: /vol1/bucket2/snap1
2023-06-29 22:12:37,005 [KeyDeletingService#0] INFO  snapshot.SnapshotCache (SnapshotCache.java:lambda$1(166)) - Loading snapshot. Table key: /vol1/bucket2/snap1
2023-06-29 22:12:37,484 [KeyDeletingService#0] INFO  snapshot.SnapshotCache (SnapshotCache.java:lambda$1(166)) - Loading snapshot. Table key: /vol1/bucket2/snap1
2023-06-29 22:12:37,484 [KeyDeletingService#0] INFO  snapshot.SnapshotCache (SnapshotCache.java:lambda$1(166)) - Loading snapshot. Table key: /vol1/bucket2/snap1
2023-06-29 22:12:37,484 [KeyDeletingService#0] INFO  snapshot.SnapshotCache (SnapshotCache.java:lambda$1(166)) - Loading snapshot. Table key: /vol1/bucket2/snap1
2023-06-29 22:12:37,485 [KeyDeletingService#0] INFO  snapshot.SnapshotCache (SnapshotCache.java:lambda$1(166)) - Loading snapshot. Table key: /vol1/bucket2/snap1
2023-06-29 22:12:37,485 [KeyDeletingService#0] INFO  snapshot.SnapshotCache (SnapshotCache.java:lambda$1(166)) - Loading snapshot. Table key: /vol1/bucket2/snap1
2023-06-29 22:12:37,485 [KeyDeletingService#0] INFO  snapshot.SnapshotCache (SnapshotCache.java:lambda$1(166)) - Loading snapshot. Table key: /vol1/bucket2/snap1
2023-06-29 22:12:37,485 [KeyDeletingService#0] INFO  snapshot.SnapshotCache (SnapshotCache.java:lambda$1(166)) - Loading snapshot. Table key: /vol1/bucket2/snap1
2023-06-29 22:12:37,486 [KeyDeletingService#0] INFO  snapshot.SnapshotCache (SnapshotCache.java:lambda$1(166)) - Loading snapshot. Table key: /vol1/bucket2/snap1
2023-06-29 22:12:37,486 [KeyDeletingService#0] INFO  snapshot.SnapshotCache (SnapshotCache.java:lambda$1(166)) - Loading snapshot. Table key: /vol1/bucket2/snap1
2023-06-29 22:12:37,486 [KeyDeletingService#0] INFO  snapshot.SnapshotCache (SnapshotCache.java:lambda$1(166)) - Loading snapshot. Table key: /vol1/bucket2/snap1
2023-06-29 22:12:37,487 [KeyDeletingService#0] INFO  snapshot.SnapshotCache (SnapshotCache.java:lambda$1(166)) - Loading snapshot. Table key: /vol1/bucket2/snap1
2023-06-29 22:12:37,487 [KeyDeletingService#0] INFO  snapshot.SnapshotCache (SnapshotCache.java:lambda$1(166)) - Loading snapshot. Table key: /vol1/bucket2/snap1
2023-06-29 22:12:37,487 [KeyDeletingService#0] INFO  snapshot.SnapshotCache (SnapshotCache.java:lambda$1(166)) - Loading snapshot. Table key: /vol1/bucket2/snap1
2023-06-29 22:12:37,505 [KeyDeletingService#0] INFO  snapshot.SnapshotCache (SnapshotCache.java:lambda$1(166)) - Loading snapshot. Table key: /vol1/bucket2/snap1
2023-06-29 22:12:37,505 [KeyDeletingService#0] INFO  snapshot.SnapshotCache (SnapshotCache.java:lambda$1(166)) - Loading snapshot. Table key: /vol1/bucket2/snap1
2023-06-29 22:12:37,505 [KeyDeletingService#0] INFO  snapshot.SnapshotCache (SnapshotCache.java:lambda$1(166)) - Loading snapshot. Table key: /vol1/bucket2/snap1
2023-06-29 22:12:37,580 [main] INFO  ozone.TestSnapshotDeletingService (TestSnapshotDeletingService.java:assertTableRowCount(565)) - deletedTable actual row count=13, expectedCount=15
2023-06-29 22:12:37,984 [KeyDeletingService#0] INFO  snapshot.SnapshotCache (SnapshotCache.java:lambda$1(166)) - Loading snapshot. Table key: /vol1/bucket2/snap1
2023-06-29 22:12:37,984 [KeyDeletingService#0] INFO  snapshot.SnapshotCache (SnapshotCache.java:lambda$1(166)) - Loading snapshot. Table key: /vol1/bucket2/snap1
2023-06-29 22:12:37,985 [KeyDeletingService#0] INFO  snapshot.SnapshotCache (SnapshotCache.java:lambda$1(166)) - Loading snapshot. Table key: /vol1/bucket2/snap1
2023-06-29 22:12:37,985 [KeyDeletingService#0] INFO  snapshot.SnapshotCache (SnapshotCache.java:lambda$1(166)) - Loading snapshot. Table key: /vol1/bucket2/snap1
2023-06-29 22:12:37,985 [KeyDeletingService#0] INFO  snapshot.SnapshotCache (SnapshotCache.java:lambda$1(166)) - Loading snapshot. Table key: /vol1/bucket2/snap1
2023-06-29 22:12:37,985 [KeyDeletingService#0] INFO  snapshot.SnapshotCache (SnapshotCache.java:lambda$1(166)) - Loading snapshot. Table key: /vol1/bucket2/snap1
2023-06-29 22:12:37,986 [KeyDeletingService#0] INFO  snapshot.SnapshotCache (SnapshotCache.java:lambda$1(166)) - Loading snapshot. Table key: /vol1/bucket2/snap1
2023-06-29 22:12:37,986 [KeyDeletingService#0] INFO  snapshot.SnapshotCache (SnapshotCache.java:lambda$1(166)) - Loading snapshot. Table key: /vol1/bucket2/snap1
2023-06-29 22:12:37,986 [KeyDeletingService#0] INFO  snapshot.SnapshotCache (SnapshotCache.java:lambda$1(166)) - Loading snapshot. Table key: /vol1/bucket2/snap1
2023-06-29 22:12:37,987 [KeyDeletingService#0] INFO  snapshot.SnapshotCache (SnapshotCache.java:lambda$1(166)) - Loading snapshot. Table key: /vol1/bucket2/snap1
2023-06-29 22:12:37,987 [KeyDeletingService#0] INFO  snapshot.SnapshotCache (SnapshotCache.java:lambda$1(166)) - Loading snapshot. Table key: /vol1/bucket2/snap1
2023-06-29 22:12:37,987 [KeyDeletingService#0] INFO  snapshot.SnapshotCache (SnapshotCache.java:lambda$1(166)) - Loading snapshot. Table key: /vol1/bucket2/snap1
2023-06-29 22:12:37,987 [KeyDeletingService#0] INFO  snapshot.SnapshotCache (SnapshotCache.java:lambda$1(166)) - Loading snapshot. Table key: /vol1/bucket2/snap1
2023-06-29 22:12:38,005 [KeyDeletingService#0] INFO  snapshot.SnapshotCache (SnapshotCache.java:lambda$1(166)) - Loading snapshot. Table key: /vol1/bucket2/snap1
2023-06-29 22:12:38,005 [KeyDeletingService#0] INFO  snapshot.SnapshotCache (SnapshotCache.java:lambda$1(166)) - Loading snapshot. Table key: /vol1/bucket2/snap1
2023-06-29 22:12:38,005 [KeyDeletingService#0] INFO  snapshot.SnapshotCache (SnapshotCache.java:lambda$1(166)) - Loading snapshot. Table key: /vol1/bucket2/snap1
2023-06-29 22:12:38,484 [KeyDeletingService#0] INFO  snapshot.SnapshotCache (SnapshotCache.java:lambda$1(166)) - Loading snapshot. Table key: /vol1/bucket2/snap1
2023-06-29 22:12:38,484 [KeyDeletingService#0] INFO  snapshot.SnapshotCache (SnapshotCache.java:lambda$1(166)) - Loading snapshot. Table key: /vol1/bucket2/snap1
2023-06-29 22:12:38,485 [KeyDeletingService#0] INFO  snapshot.SnapshotCache (SnapshotCache.java:lambda$1(166)) - Loading snapshot. Table key: /vol1/bucket2/snap1
2023-06-29 22:12:38,485 [KeyDeletingService#0] INFO  snapshot.SnapshotCache (SnapshotCache.java:lambda$1(166)) - Loading snapshot. Table key: /vol1/bucket2/snap1
2023-06-29 22:12:38,485 [KeyDeletingService#0] INFO  snapshot.SnapshotCache (SnapshotCache.java:lambda$1(166)) - Loading snapshot. Table key: /vol1/bucket2/snap1
2023-06-29 22:12:38,485 [KeyDeletingService#0] INFO  snapshot.SnapshotCache (SnapshotCache.java:lambda$1(166)) - Loading snapshot. Table key: /vol1/bucket2/snap1
2023-06-29 22:12:38,486 [KeyDeletingService#0] INFO  snapshot.SnapshotCache (SnapshotCache.java:lambda$1(166)) - Loading snapshot. Table key: /vol1/bucket2/snap1
2023-06-29 22:12:38,486 [KeyDeletingService#0] INFO  snapshot.SnapshotCache (SnapshotCache.java:lambda$1(166)) - Loading snapshot. Table key: /vol1/bucket2/snap1
2023-06-29 22:12:38,486 [KeyDeletingService#0] INFO  snapshot.SnapshotCache (SnapshotCache.java:lambda$1(166)) - Loading snapshot. Table key: /vol1/bucket2/snap1
2023-06-29 22:12:38,487 [KeyDeletingService#0] INFO  snapshot.SnapshotCache (SnapshotCache.java:lambda$1(166)) - Loading snapshot. Table key: /vol1/bucket2/snap1
2023-06-29 22:12:38,487 [KeyDeletingService#0] INFO  snapshot.SnapshotCache (SnapshotCache.java:lambda$1(166)) - Loading snapshot. Table key: /vol1/bucket2/snap1
2023-06-29 22:12:38,487 [KeyDeletingService#0] INFO  snapshot.SnapshotCache (SnapshotCache.java:lambda$1(166)) - Loading snapshot. Table key: /vol1/bucket2/snap1
2023-06-29 22:12:38,487 [KeyDeletingService#0] INFO  snapshot.SnapshotCache (SnapshotCache.java:lambda$1(166)) - Loading snapshot. Table key: /vol1/bucket2/snap1
2023-06-29 22:12:38,505 [KeyDeletingService#0] INFO  snapshot.SnapshotCache (SnapshotCache.java:lambda$1(166)) - Loading snapshot. Table key: /vol1/bucket2/snap1
2023-06-29 22:12:38,505 [KeyDeletingService#0] INFO  snapshot.SnapshotCache (SnapshotCache.java:lambda$1(166)) - Loading snapshot. Table key: /vol1/bucket2/snap1
2023-06-29 22:12:38,505 [KeyDeletingService#0] INFO  snapshot.SnapshotCache (SnapshotCache.java:lambda$1(166)) - Loading snapshot. Table key: /vol1/bucket2/snap1
2023-06-29 22:12:38,581 [main] INFO  ozone.TestSnapshotDeletingService (TestSnapshotDeletingService.java:assertTableRowCount(565)) - deletedTable actual row count=13, expectedCount=15
2023-06-29 22:12:38,984 [KeyDeletingService#0] INFO  snapshot.SnapshotCache (SnapshotCache.java:lambda$1(166)) - Loading snapshot. Table key: /vol1/bucket2/snap1
2023-06-29 22:12:38,984 [KeyDeletingService#0] INFO  snapshot.SnapshotCache (SnapshotCache.java:lambda$1(166)) - Loading snapshot. Table key: /vol1/bucket2/snap1
2023-06-29 22:12:38,985 [KeyDeletingService#0] INFO  snapshot.SnapshotCache (SnapshotCache.java:lambda$1(166)) - Loading snapshot. Table key: /vol1/bucket2/snap1
2023-06-29 22:12:38,985 [KeyDeletingService#0] INFO  snapshot.SnapshotCache (SnapshotCache.java:lambda$1(166)) - Loading snapshot. Table key: /vol1/bucket2/snap1
2023-06-29 22:12:38,985 [KeyDeletingService#0] INFO  snapshot.SnapshotCache (SnapshotCache.java:lambda$1(166)) - Loading snapshot. Table key: /vol1/bucket2/snap1
2023-06-29 22:12:38,986 [KeyDeletingService#0] INFO  snapshot.SnapshotCache (SnapshotCache.java:lambda$1(166)) - Loading snapshot. Table key: /vol1/bucket2/snap1
2023-06-29 22:12:38,986 [KeyDeletingService#0] INFO  snapshot.SnapshotCache (SnapshotCache.java:lambda$1(166)) - Loading snapshot. Table key: /vol1/bucket2/snap1
2023-06-29 22:12:38,986 [KeyDeletingService#0] INFO  snapshot.SnapshotCache (SnapshotCache.java:lambda$1(166)) - Loading snapshot. Table key: /vol1/bucket2/snap1
2023-06-29 22:12:38,986 [KeyDeletingService#0] INFO  snapshot.SnapshotCache (SnapshotCache.java:lambda$1(166)) - Loading snapshot. Table key: /vol1/bucket2/snap1
2023-06-29 22:12:38,987 [KeyDeletingService#0] INFO  snapshot.SnapshotCache (SnapshotCache.java:lambda$1(166)) - Loading snapshot. Table key: /vol1/bucket2/snap1
2023-06-29 22:12:38,987 [KeyDeletingService#0] INFO  snapshot.SnapshotCache (SnapshotCache.java:lambda$1(166)) - Loading snapshot. Table key: /vol1/bucket2/snap1
2023-06-29 22:12:38,987 [KeyDeletingService#0] INFO  snapshot.SnapshotCache (SnapshotCache.java:lambda$1(166)) - Loading snapshot. Table key: /vol1/bucket2/snap1
2023-06-29 22:12:38,988 [KeyDeletingService#0] INFO  snapshot.SnapshotCache (SnapshotCache.java:lambda$1(166)) - Loading snapshot. Table key: /vol1/bucket2/snap1
2023-06-29 22:12:39,005 [KeyDeletingService#0] INFO  snapshot.SnapshotCache (SnapshotCache.java:lambda$1(166)) - Loading snapshot. Table key: /vol1/bucket2/snap1
2023-06-29 22:12:39,005 [KeyDeletingService#0] INFO  snapshot.SnapshotCache (SnapshotCache.java:lambda$1(166)) - Loading snapshot. Table key: /vol1/bucket2/snap1
2023-06-29 22:12:39,006 [KeyDeletingService#0] INFO  snapshot.SnapshotCache (SnapshotCache.java:lambda$1(166)) - Loading snapshot. Table key: /vol1/bucket2/snap1
2023-06-29 22:12:39,484 [KeyDeletingService#0] INFO  snapshot.SnapshotCache (SnapshotCache.java:lambda$1(166)) - Loading snapshot. Table key: /vol1/bucket2/snap1
2023-06-29 22:12:39,485 [KeyDeletingService#0] INFO  snapshot.SnapshotCache (SnapshotCache.java:lambda$1(166)) - Loading snapshot. Table key: /vol1/bucket2/snap1
2023-06-29 22:12:39,485 [KeyDeletingService#0] INFO  snapshot.SnapshotCache (SnapshotCache.java:lambda$1(166)) - Loading snapshot. Table key: /vol1/bucket2/snap1
2023-06-29 22:12:39,485 [KeyDeletingService#0] INFO  snapshot.SnapshotCache (SnapshotCache.java:lambda$1(166)) - Loading snapshot. Table key: /vol1/bucket2/snap1
2023-06-29 22:12:39,485 [KeyDeletingService#0] INFO  snapshot.SnapshotCache (SnapshotCache.java:lambda$1(166)) - Loading snapshot. Table key: /vol1/bucket2/snap1
2023-06-29 22:12:39,486 [KeyDeletingService#0] INFO  snapshot.SnapshotCache (SnapshotCache.java:lambda$1(166)) - Loading snapshot. Table key: /vol1/bucket2/snap1
2023-06-29 22:12:39,486 [KeyDeletingService#0] INFO  snapshot.SnapshotCache (SnapshotCache.java:lambda$1(166)) - Loading snapshot. Table key: /vol1/bucket2/snap1
2023-06-29 22:12:39,486 [KeyDeletingService#0] INFO  snapshot.SnapshotCache (SnapshotCache.java:lambda$1(166)) - Loading snapshot. Table key: /vol1/bucket2/snap1
2023-06-29 22:12:39,487 [KeyDeletingService#0] INFO  snapshot.SnapshotCache (SnapshotCache.java:lambda$1(166)) - Loading snapshot. Table key: /vol1/bucket2/snap1
2023-06-29 22:12:39,487 [KeyDeletingService#0] INFO  snapshot.SnapshotCache (SnapshotCache.java:lambda$1(166)) - Loading snapshot. Table key: /vol1/bucket2/snap1
2023-06-29 22:12:39,487 [KeyDeletingService#0] INFO  snapshot.SnapshotCache (SnapshotCache.java:lambda$1(166)) - Loading snapshot. Table key: /vol1/bucket2/snap1
2023-06-29 22:12:39,488 [KeyDeletingService#0] INFO  snapshot.SnapshotCache (SnapshotCache.java:lambda$1(166)) - Loading snapshot. Table key: /vol1/bucket2/snap1
2023-06-29 22:12:39,488 [KeyDeletingService#0] INFO  snapshot.SnapshotCache (SnapshotCache.java:lambda$1(166)) - Loading snapshot. Table key: /vol1/bucket2/snap1
2023-06-29 22:12:39,505 [KeyDeletingService#0] INFO  snapshot.SnapshotCache (SnapshotCache.java:lambda$1(166)) - Loading snapshot. Table key: /vol1/bucket2/snap1
2023-06-29 22:12:39,505 [KeyDeletingService#0] INFO  snapshot.SnapshotCache (SnapshotCache.java:lambda$1(166)) - Loading snapshot. Table key: /vol1/bucket2/snap1
2023-06-29 22:12:39,506 [KeyDeletingService#0] INFO  snapshot.SnapshotCache (SnapshotCache.java:lambda$1(166)) - Loading snapshot. Table key: /vol1/bucket2/snap1
2023-06-29 22:12:39,582 [main] INFO  ozone.TestSnapshotDeletingService (TestSnapshotDeletingService.java:assertTableRowCount(565)) - deletedTable actual row count=13, expectedCount=15
2023-06-29 22:12:39,984 [KeyDeletingService#0] INFO  snapshot.SnapshotCache (SnapshotCache.java:lambda$1(166)) - Loading snapshot. Table key: /vol1/bucket2/snap1
2023-06-29 22:12:39,985 [KeyDeletingService#0] INFO  snapshot.SnapshotCache (SnapshotCache.java:lambda$1(166)) - Loading snapshot. Table key: /vol1/bucket2/snap1
2023-06-29 22:12:39,985 [KeyDeletingService#0] INFO  snapshot.SnapshotCache (SnapshotCache.java:lambda$1(166)) - Loading snapshot. Table key: /vol1/bucket2/snap1
2023-06-29 22:12:39,985 [KeyDeletingService#0] INFO  snapshot.SnapshotCache (SnapshotCache.java:lambda$1(166)) - Loading snapshot. Table key: /vol1/bucket2/snap1
2023-06-29 22:12:39,985 [KeyDeletingService#0] INFO  snapshot.SnapshotCache (SnapshotCache.java:lambda$1(166)) - Loading snapshot. Table key: /vol1/bucket2/snap1
2023-06-29 22:12:39,986 [KeyDeletingService#0] INFO  snapshot.SnapshotCache (SnapshotCache.java:lambda$1(166)) - Loading snapshot. Table key: /vol1/bucket2/snap1
2023-06-29 22:12:39,986 [KeyDeletingService#0] INFO  snapshot.SnapshotCache (SnapshotCache.java:lambda$1(166)) - Loading snapshot. Table key: /vol1/bucket2/snap1
2023-06-29 22:12:39,986 [KeyDeletingService#0] INFO  snapshot.SnapshotCache (SnapshotCache.java:lambda$1(166)) - Loading snapshot. Table key: /vol1/bucket2/snap1
2023-06-29 22:12:39,986 [KeyDeletingService#0] INFO  snapshot.SnapshotCache (SnapshotCache.java:lambda$1(166)) - Loading snapshot. Table key: /vol1/bucket2/snap1
2023-06-29 22:12:39,987 [KeyDeletingService#0] INFO  snapshot.SnapshotCache (SnapshotCache.java:lambda$1(166)) - Loading snapshot. Table key: /vol1/bucket2/snap1
2023-06-29 22:12:39,987 [KeyDeletingService#0] INFO  snapshot.SnapshotCache (SnapshotCache.java:lambda$1(166)) - Loading snapshot. Table key: /vol1/bucket2/snap1
2023-06-29 22:12:39,987 [KeyDeletingService#0] INFO  snapshot.SnapshotCache (SnapshotCache.java:lambda$1(166)) - Loading snapshot. Table key: /vol1/bucket2/snap1
2023-06-29 22:12:39,988 [KeyDeletingService#0] INFO  snapshot.SnapshotCache (SnapshotCache.java:lambda$1(166)) - Loading snapshot. Table key: /vol1/bucket2/snap1
2023-06-29 22:12:40,005 [KeyDeletingService#0] INFO  snapshot.SnapshotCache (SnapshotCache.java:lambda$1(166)) - Loading snapshot. Table key: /vol1/bucket2/snap1
2023-06-29 22:12:40,006 [KeyDeletingService#0] INFO  snapshot.SnapshotCache (SnapshotCache.java:lambda$1(166)) - Loading snapshot. Table key: /vol1/bucket2/snap1
2023-06-29 22:12:40,006 [KeyDeletingService#0] INFO  snapshot.SnapshotCache (SnapshotCache.java:lambda$1(166)) - Loading snapshot. Table key: /vol1/bucket2/snap1
2023-06-29 22:12:40,484 [KeyDeletingService#0] INFO  snapshot.SnapshotCache (SnapshotCache.java:lambda$1(166)) - Loading snapshot. Table key: /vol1/bucket2/snap1
2023-06-29 22:12:40,485 [KeyDeletingService#0] INFO  snapshot.SnapshotCache (SnapshotCache.java:lambda$1(166)) - Loading snapshot. Table key: /vol1/bucket2/snap1
2023-06-29 22:12:40,485 [KeyDeletingService#0] INFO  snapshot.SnapshotCache (SnapshotCache.java:lambda$1(166)) - Loading snapshot. Table key: /vol1/bucket2/snap1
2023-06-29 22:12:40,485 [KeyDeletingService#0] INFO  snapshot.SnapshotCache (SnapshotCache.java:lambda$1(166)) - Loading snapshot. Table key: /vol1/bucket2/snap1
2023-06-29 22:12:40,486 [KeyDeletingService#0] INFO  snapshot.SnapshotCache (SnapshotCache.java:lambda$1(166)) - Loading snapshot. Table key: /vol1/bucket2/snap1
2023-06-29 22:12:40,486 [KeyDeletingService#0] INFO  snapshot.SnapshotCache (SnapshotCache.java:lambda$1(166)) - Loading snapshot. Table key: /vol1/bucket2/snap1
2023-06-29 22:12:40,486 [KeyDeletingService#0] INFO  snapshot.SnapshotCache (SnapshotCache.java:lambda$1(166)) - Loading snapshot. Table key: /vol1/bucket2/snap1
2023-06-29 22:12:40,486 [KeyDeletingService#0] INFO  snapshot.SnapshotCache (SnapshotCache.java:lambda$1(166)) - Loading snapshot. Table key: /vol1/bucket2/snap1
2023-06-29 22:12:40,487 [KeyDeletingService#0] INFO  snapshot.SnapshotCache (SnapshotCache.java:lambda$1(166)) - Loading snapshot. Table key: /vol1/bucket2/snap1
2023-06-29 22:12:40,487 [KeyDeletingService#0] INFO  snapshot.SnapshotCache (SnapshotCache.java:lambda$1(166)) - Loading snapshot. Table key: /vol1/bucket2/snap1
2023-06-29 22:12:40,487 [KeyDeletingService#0] INFO  snapshot.SnapshotCache (SnapshotCache.java:lambda$1(166)) - Loading snapshot. Table key: /vol1/bucket2/snap1
2023-06-29 22:12:40,488 [KeyDeletingService#0] INFO  snapshot.SnapshotCache (SnapshotCache.java:lambda$1(166)) - Loading snapshot. Table key: /vol1/bucket2/snap1
2023-06-29 22:12:40,488 [KeyDeletingService#0] INFO  snapshot.SnapshotCache (SnapshotCache.java:lambda$1(166)) - Loading snapshot. Table key: /vol1/bucket2/snap1
2023-06-29 22:12:40,505 [KeyDeletingService#0] INFO  snapshot.SnapshotCache (SnapshotCache.java:lambda$1(166)) - Loading snapshot. Table key: /vol1/bucket2/snap1
2023-06-29 22:12:40,506 [KeyDeletingService#0] INFO  snapshot.SnapshotCache (SnapshotCache.java:lambda$1(166)) - Loading snapshot. Table key: /vol1/bucket2/snap1
2023-06-29 22:12:40,506 [KeyDeletingService#0] INFO  snapshot.SnapshotCache (SnapshotCache.java:lambda$1(166)) - Loading snapshot. Table key: /vol1/bucket2/snap1
2023-06-29 22:12:40,583 [main] INFO  ozone.TestSnapshotDeletingService (TestSnapshotDeletingService.java:assertTableRowCount(565)) - deletedTable actual row count=13, expectedCount=15
2023-06-29 22:12:40,984 [KeyDeletingService#0] INFO  snapshot.SnapshotCache (SnapshotCache.java:lambda$1(166)) - Loading snapshot. Table key: /vol1/bucket2/snap1
2023-06-29 22:12:40,985 [KeyDeletingService#0] INFO  snapshot.SnapshotCache (SnapshotCache.java:lambda$1(166)) - Loading snapshot. Table key: /vol1/bucket2/snap1
2023-06-29 22:12:40,985 [KeyDeletingService#0] INFO  snapshot.SnapshotCache (SnapshotCache.java:lambda$1(166)) - Loading snapshot. Table key: /vol1/bucket2/snap1
2023-06-29 22:12:40,985 [KeyDeletingService#0] INFO  snapshot.SnapshotCache (SnapshotCache.java:lambda$1(166)) - Loading snapshot. Table key: /vol1/bucket2/snap1
2023-06-29 22:12:40,986 [KeyDeletingService#0] INFO  snapshot.SnapshotCache (SnapshotCache.java:lambda$1(166)) - Loading snapshot. Table key: /vol1/bucket2/snap1
2023-06-29 22:12:40,986 [KeyDeletingService#0] INFO  snapshot.SnapshotCache (SnapshotCache.java:lambda$1(166)) - Loading snapshot. Table key: /vol1/bucket2/snap1
2023-06-29 22:12:40,986 [KeyDeletingService#0] INFO  snapshot.SnapshotCache (SnapshotCache.java:lambda$1(166)) - Loading snapshot. Table key: /vol1/bucket2/snap1
2023-06-29 22:12:40,986 [KeyDeletingService#0] INFO  snapshot.SnapshotCache (SnapshotCache.java:lambda$1(166)) - Loading snapshot. Table key: /vol1/bucket2/snap1
2023-06-29 22:12:40,987 [KeyDeletingService#0] INFO  snapshot.SnapshotCache (SnapshotCache.java:lambda$1(166)) - Loading snapshot. Table key: /vol1/bucket2/snap1
2023-06-29 22:12:40,987 [KeyDeletingService#0] INFO  snapshot.SnapshotCache (SnapshotCache.java:lambda$1(166)) - Loading snapshot. Table key: /vol1/bucket2/snap1
2023-06-29 22:12:40,987 [KeyDeletingService#0] INFO  snapshot.SnapshotCache (SnapshotCache.java:lambda$1(166)) - Loading snapshot. Table key: /vol1/bucket2/snap1
2023-06-29 22:12:40,988 [KeyDeletingService#0] INFO  snapshot.SnapshotCache (SnapshotCache.java:lambda$1(166)) - Loading snapshot. Table key: /vol1/bucket2/snap1
2023-06-29 22:12:40,988 [KeyDeletingService#0] INFO  snapshot.SnapshotCache (SnapshotCache.java:lambda$1(166)) - Loading snapshot. Table key: /vol1/bucket2/snap1
2023-06-29 22:12:41,005 [KeyDeletingService#0] INFO  snapshot.SnapshotCache (SnapshotCache.java:lambda$1(166)) - Loading snapshot. Table key: /vol1/bucket2/snap1
2023-06-29 22:12:41,006 [KeyDeletingService#0] INFO  snapshot.SnapshotCache (SnapshotCache.java:lambda$1(166)) - Loading snapshot. Table key: /vol1/bucket2/snap1
2023-06-29 22:12:41,006 [KeyDeletingService#0] INFO  snapshot.SnapshotCache (SnapshotCache.java:lambda$1(166)) - Loading snapshot. Table key: /vol1/bucket2/snap1
2023-06-29 22:12:41,484 [KeyDeletingService#0] INFO  snapshot.SnapshotCache (SnapshotCache.java:lambda$1(166)) - Loading snapshot. Table key: /vol1/bucket2/snap1
2023-06-29 22:12:41,485 [KeyDeletingService#0] INFO  snapshot.SnapshotCache (SnapshotCache.java:lambda$1(166)) - Loading snapshot. Table key: /vol1/bucket2/snap1
2023-06-29 22:12:41,485 [KeyDeletingService#0] INFO  snapshot.SnapshotCache (SnapshotCache.java:lambda$1(166)) - Loading snapshot. Table key: /vol1/bucket2/snap1
2023-06-29 22:12:41,485 [KeyDeletingService#0] INFO  snapshot.SnapshotCache (SnapshotCache.java:lambda$1(166)) - Loading snapshot. Table key: /vol1/bucket2/snap1
2023-06-29 22:12:41,486 [KeyDeletingService#0] INFO  snapshot.SnapshotCache (SnapshotCache.java:lambda$1(166)) - Loading snapshot. Table key: /vol1/bucket2/snap1
2023-06-29 22:12:41,486 [KeyDeletingService#0] INFO  snapshot.SnapshotCache (SnapshotCache.java:lambda$1(166)) - Loading snapshot. Table key: /vol1/bucket2/snap1
2023-06-29 22:12:41,486 [KeyDeletingService#0] INFO  snapshot.SnapshotCache (SnapshotCache.java:lambda$1(166)) - Loading snapshot. Table key: /vol1/bucket2/snap1
2023-06-29 22:12:41,486 [KeyDeletingService#0] INFO  snapshot.SnapshotCache (SnapshotCache.java:lambda$1(166)) - Loading snapshot. Table key: /vol1/bucket2/snap1
2023-06-29 22:12:41,487 [KeyDeletingService#0] INFO  snapshot.SnapshotCache (SnapshotCache.java:lambda$1(166)) - Loading snapshot. Table key: /vol1/bucket2/snap1
2023-06-29 22:12:41,487 [KeyDeletingService#0] INFO  snapshot.SnapshotCache (SnapshotCache.java:lambda$1(166)) - Loading snapshot. Table key: /vol1/bucket2/snap1
2023-06-29 22:12:41,487 [KeyDeletingService#0] INFO  snapshot.SnapshotCache (SnapshotCache.java:lambda$1(166)) - Loading snapshot. Table key: /vol1/bucket2/snap1
2023-06-29 22:12:41,488 [KeyDeletingService#0] INFO  snapshot.SnapshotCache (SnapshotCache.java:lambda$1(166)) - Loading snapshot. Table key: /vol1/bucket2/snap1
2023-06-29 22:12:41,488 [KeyDeletingService#0] INFO  snapshot.SnapshotCache (SnapshotCache.java:lambda$1(166)) - Loading snapshot. Table key: /vol1/bucket2/snap1
2023-06-29 22:12:41,505 [KeyDeletingService#0] INFO  snapshot.SnapshotCache (SnapshotCache.java:lambda$1(166)) - Loading snapshot. Table key: /vol1/bucket2/snap1
2023-06-29 22:12:41,506 [KeyDeletingService#0] INFO  snapshot.SnapshotCache (SnapshotCache.java:lambda$1(166)) - Loading snapshot. Table key: /vol1/bucket2/snap1
2023-06-29 22:12:41,506 [KeyDeletingService#0] INFO  snapshot.SnapshotCache (SnapshotCache.java:lambda$1(166)) - Loading snapshot. Table key: /vol1/bucket2/snap1
2023-06-29 22:12:41,584 [main] INFO  ozone.TestSnapshotDeletingService (TestSnapshotDeletingService.java:assertTableRowCount(565)) - deletedTable actual row count=13, expectedCount=15
2023-06-29 22:12:41,985 [KeyDeletingService#0] INFO  snapshot.SnapshotCache (SnapshotCache.java:lambda$1(166)) - Loading snapshot. Table key: /vol1/bucket2/snap1
2023-06-29 22:12:41,985 [KeyDeletingService#0] INFO  snapshot.SnapshotCache (SnapshotCache.java:lambda$1(166)) - Loading snapshot. Table key: /vol1/bucket2/snap1
2023-06-29 22:12:41,985 [KeyDeletingService#0] INFO  snapshot.SnapshotCache (SnapshotCache.java:lambda$1(166)) - Loading snapshot. Table key: /vol1/bucket2/snap1
2023-06-29 22:12:41,987 [KeyDeletingService#0] INFO  snapshot.SnapshotCache (SnapshotCache.java:lambda$1(166)) - Loading snapshot. Table key: /vol1/bucket2/snap1
2023-06-29 22:12:41,987 [KeyDeletingService#0] INFO  snapshot.SnapshotCache (SnapshotCache.java:lambda$1(166)) - Loading snapshot. Table key: /vol1/bucket2/snap1
2023-06-29 22:12:41,988 [KeyDeletingService#0] INFO  snapshot.SnapshotCache (SnapshotCache.java:lambda$1(166)) - Loading snapshot. Table key: /vol1/bucket2/snap1
2023-06-29 22:12:41,988 [KeyDeletingService#0] INFO  snapshot.SnapshotCache (SnapshotCache.java:lambda$1(166)) - Loading snapshot. Table key: /vol1/bucket2/snap1
2023-06-29 22:12:41,988 [KeyDeletingService#0] INFO  snapshot.SnapshotCache (SnapshotCache.java:lambda$1(166)) - Loading snapshot. Table key: /vol1/bucket2/snap1
2023-06-29 22:12:41,989 [KeyDeletingService#0] INFO  snapshot.SnapshotCache (SnapshotCache.java:lambda$1(166)) - Loading snapshot. Table key: /vol1/bucket2/snap1
2023-06-29 22:12:41,989 [KeyDeletingService#0] INFO  snapshot.SnapshotCache (SnapshotCache.java:lambda$1(166)) - Loading snapshot. Table key: /vol1/bucket2/snap1
2023-06-29 22:12:41,989 [KeyDeletingService#0] INFO  snapshot.SnapshotCache (SnapshotCache.java:lambda$1(166)) - Loading snapshot. Table key: /vol1/bucket2/snap1
2023-06-29 22:12:41,989 [KeyDeletingService#0] INFO  snapshot.SnapshotCache (SnapshotCache.java:lambda$1(166)) - Loading snapshot. Table key: /vol1/bucket2/snap1
2023-06-29 22:12:41,990 [KeyDeletingService#0] INFO  snapshot.SnapshotCache (SnapshotCache.java:lambda$1(166)) - Loading snapshot. Table key: /vol1/bucket2/snap1
2023-06-29 22:12:42,005 [KeyDeletingService#0] INFO  snapshot.SnapshotCache (SnapshotCache.java:lambda$1(166)) - Loading snapshot. Table key: /vol1/bucket2/snap1
2023-06-29 22:12:42,006 [KeyDeletingService#0] INFO  snapshot.SnapshotCache (SnapshotCache.java:lambda$1(166)) - Loading snapshot. Table key: /vol1/bucket2/snap1
2023-06-29 22:12:42,006 [KeyDeletingService#0] INFO  snapshot.SnapshotCache (SnapshotCache.java:lambda$1(166)) - Loading snapshot. Table key: /vol1/bucket2/snap1
2023-06-29 22:12:42,485 [KeyDeletingService#0] INFO  snapshot.SnapshotCache (SnapshotCache.java:lambda$1(166)) - Loading snapshot. Table key: /vol1/bucket2/snap1
2023-06-29 22:12:42,485 [KeyDeletingService#0] INFO  snapshot.SnapshotCache (SnapshotCache.java:lambda$1(166)) - Loading snapshot. Table key: /vol1/bucket2/snap1
2023-06-29 22:12:42,485 [KeyDeletingService#0] INFO  snapshot.SnapshotCache (SnapshotCache.java:lambda$1(166)) - Loading snapshot. Table key: /vol1/bucket2/snap1
2023-06-29 22:12:42,486 [KeyDeletingService#0] INFO  snapshot.SnapshotCache (SnapshotCache.java:lambda$1(166)) - Loading snapshot. Table key: /vol1/bucket2/snap1
2023-06-29 22:12:42,486 [KeyDeletingService#0] INFO  snapshot.SnapshotCache (SnapshotCache.java:lambda$1(166)) - Loading snapshot. Table key: /vol1/bucket2/snap1
2023-06-29 22:12:42,486 [KeyDeletingService#0] INFO  snapshot.SnapshotCache (SnapshotCache.java:lambda$1(166)) - Loading snapshot. Table key: /vol1/bucket2/snap1
2023-06-29 22:12:42,486 [KeyDeletingService#0] INFO  snapshot.SnapshotCache (SnapshotCache.java:lambda$1(166)) - Loading snapshot. Table key: /vol1/bucket2/snap1
2023-06-29 22:12:42,487 [KeyDeletingService#0] INFO  snapshot.SnapshotCache (SnapshotCache.java:lambda$1(166)) - Loading snapshot. Table key: /vol1/bucket2/snap1
2023-06-29 22:12:42,487 [KeyDeletingService#0] INFO  snapshot.SnapshotCache (SnapshotCache.java:lambda$1(166)) - Loading snapshot. Table key: /vol1/bucket2/snap1
2023-06-29 22:12:42,487 [KeyDeletingService#0] INFO  snapshot.SnapshotCache (SnapshotCache.java:lambda$1(166)) - Loading snapshot. Table key: /vol1/bucket2/snap1
2023-06-29 22:12:42,487 [KeyDeletingService#0] INFO  snapshot.SnapshotCache (SnapshotCache.java:lambda$1(166)) - Loading snapshot. Table key: /vol1/bucket2/snap1
2023-06-29 22:12:42,488 [KeyDeletingService#0] INFO  snapshot.SnapshotCache (SnapshotCache.java:lambda$1(166)) - Loading snapshot. Table key: /vol1/bucket2/snap1
2023-06-29 22:12:42,488 [KeyDeletingService#0] INFO  snapshot.SnapshotCache (SnapshotCache.java:lambda$1(166)) - Loading snapshot. Table key: /vol1/bucket2/snap1
2023-06-29 22:12:42,505 [KeyDeletingService#0] INFO  snapshot.SnapshotCache (SnapshotCache.java:lambda$1(166)) - Loading snapshot. Table key: /vol1/bucket2/snap1
2023-06-29 22:12:42,506 [KeyDeletingService#0] INFO  snapshot.SnapshotCache (SnapshotCache.java:lambda$1(166)) - Loading snapshot. Table key: /vol1/bucket2/snap1
2023-06-29 22:12:42,506 [KeyDeletingService#0] INFO  snapshot.SnapshotCache (SnapshotCache.java:lambda$1(166)) - Loading snapshot. Table key: /vol1/bucket2/snap1
2023-06-29 22:12:42,585 [main] INFO  ozone.TestSnapshotDeletingService (TestSnapshotDeletingService.java:assertTableRowCount(565)) - deletedTable actual row count=13, expectedCount=15
2023-06-29 22:12:42,985 [KeyDeletingService#0] INFO  snapshot.SnapshotCache (SnapshotCache.java:lambda$1(166)) - Loading snapshot. Table key: /vol1/bucket2/snap1
2023-06-29 22:12:42,985 [KeyDeletingService#0] INFO  snapshot.SnapshotCache (SnapshotCache.java:lambda$1(166)) - Loading snapshot. Table key: /vol1/bucket2/snap1
2023-06-29 22:12:42,985 [KeyDeletingService#0] INFO  snapshot.SnapshotCache (SnapshotCache.java:lambda$1(166)) - Loading snapshot. Table key: /vol1/bucket2/snap1
2023-06-29 22:12:42,986 [KeyDeletingService#0] INFO  snapshot.SnapshotCache (SnapshotCache.java:lambda$1(166)) - Loading snapshot. Table key: /vol1/bucket2/snap1
2023-06-29 22:12:42,986 [KeyDeletingService#0] INFO  snapshot.SnapshotCache (SnapshotCache.java:lambda$1(166)) - Loading snapshot. Table key: /vol1/bucket2/snap1
2023-06-29 22:12:42,986 [KeyDeletingService#0] INFO  snapshot.SnapshotCache (SnapshotCache.java:lambda$1(166)) - Loading snapshot. Table key: /vol1/bucket2/snap1
2023-06-29 22:12:42,986 [KeyDeletingService#0] INFO  snapshot.SnapshotCache (SnapshotCache.java:lambda$1(166)) - Loading snapshot. Table key: /vol1/bucket2/snap1
2023-06-29 22:12:42,987 [KeyDeletingService#0] INFO  snapshot.SnapshotCache (SnapshotCache.java:lambda$1(166)) - Loading snapshot. Table key: /vol1/bucket2/snap1
2023-06-29 22:12:42,987 [KeyDeletingService#0] INFO  snapshot.SnapshotCache (SnapshotCache.java:lambda$1(166)) - Loading snapshot. Table key: /vol1/bucket2/snap1
2023-06-29 22:12:42,987 [KeyDeletingService#0] INFO  snapshot.SnapshotCache (SnapshotCache.java:lambda$1(166)) - Loading snapshot. Table key: /vol1/bucket2/snap1
2023-06-29 22:12:42,987 [KeyDeletingService#0] INFO  snapshot.SnapshotCache (SnapshotCache.java:lambda$1(166)) - Loading snapshot. Table key: /vol1/bucket2/snap1
2023-06-29 22:12:42,988 [KeyDeletingService#0] INFO  snapshot.SnapshotCache (SnapshotCache.java:lambda$1(166)) - Loading snapshot. Table key: /vol1/bucket2/snap1
2023-06-29 22:12:42,988 [KeyDeletingService#0] INFO  snapshot.SnapshotCache (SnapshotCache.java:lambda$1(166)) - Loading snapshot. Table key: /vol1/bucket2/snap1
2023-06-29 22:12:43,006 [KeyDeletingService#0] INFO  snapshot.SnapshotCache (SnapshotCache.java:lambda$1(166)) - Loading snapshot. Table key: /vol1/bucket2/snap1
2023-06-29 22:12:43,006 [KeyDeletingService#0] INFO  snapshot.SnapshotCache (SnapshotCache.java:lambda$1(166)) - Loading snapshot. Table key: /vol1/bucket2/snap1
2023-06-29 22:12:43,006 [KeyDeletingService#0] INFO  snapshot.SnapshotCache (SnapshotCache.java:lambda$1(166)) - Loading snapshot. Table key: /vol1/bucket2/snap1
2023-06-29 22:12:43,485 [KeyDeletingService#0] INFO  snapshot.SnapshotCache (SnapshotCache.java:lambda$1(166)) - Loading snapshot. Table key: /vol1/bucket2/snap1
2023-06-29 22:12:43,485 [KeyDeletingService#0] INFO  snapshot.SnapshotCache (SnapshotCache.java:lambda$1(166)) - Loading snapshot. Table key: /vol1/bucket2/snap1
2023-06-29 22:12:43,486 [KeyDeletingService#0] INFO  snapshot.SnapshotCache (SnapshotCache.java:lambda$1(166)) - Loading snapshot. Table key: /vol1/bucket2/snap1
2023-06-29 22:12:43,486 [KeyDeletingService#0] INFO  snapshot.SnapshotCache (SnapshotCache.java:lambda$1(166)) - Loading snapshot. Table key: /vol1/bucket2/snap1
2023-06-29 22:12:43,486 [KeyDeletingService#0] INFO  snapshot.SnapshotCache (SnapshotCache.java:lambda$1(166)) - Loading snapshot. Table key: /vol1/bucket2/snap1
2023-06-29 22:12:43,486 [KeyDeletingService#0] INFO  snapshot.SnapshotCache (SnapshotCache.java:lambda$1(166)) - Loading snapshot. Table key: /vol1/bucket2/snap1
2023-06-29 22:12:43,487 [KeyDeletingService#0] INFO  snapshot.SnapshotCache (SnapshotCache.java:lambda$1(166)) - Loading snapshot. Table key: /vol1/bucket2/snap1
2023-06-29 22:12:43,487 [KeyDeletingService#0] INFO  snapshot.SnapshotCache (SnapshotCache.java:lambda$1(166)) - Loading snapshot. Table key: /vol1/bucket2/snap1
2023-06-29 22:12:43,488 [KeyDeletingService#0] INFO  snapshot.SnapshotCache (SnapshotCache.java:lambda$1(166)) - Loading snapshot. Table key: /vol1/bucket2/snap1
2023-06-29 22:12:43,488 [KeyDeletingService#0] INFO  snapshot.SnapshotCache (SnapshotCache.java:lambda$1(166)) - Loading snapshot. Table key: /vol1/bucket2/snap1
2023-06-29 22:12:43,488 [KeyDeletingService#0] INFO  snapshot.SnapshotCache (SnapshotCache.java:lambda$1(166)) - Loading snapshot. Table key: /vol1/bucket2/snap1
2023-06-29 22:12:43,488 [KeyDeletingService#0] INFO  snapshot.SnapshotCache (SnapshotCache.java:lambda$1(166)) - Loading snapshot. Table key: /vol1/bucket2/snap1
2023-06-29 22:12:43,489 [KeyDeletingService#0] INFO  snapshot.SnapshotCache (SnapshotCache.java:lambda$1(166)) - Loading snapshot. Table key: /vol1/bucket2/snap1
2023-06-29 22:12:43,506 [KeyDeletingService#0] INFO  snapshot.SnapshotCache (SnapshotCache.java:lambda$1(166)) - Loading snapshot. Table key: /vol1/bucket2/snap1
2023-06-29 22:12:43,506 [KeyDeletingService#0] INFO  snapshot.SnapshotCache (SnapshotCache.java:lambda$1(166)) - Loading snapshot. Table key: /vol1/bucket2/snap1
2023-06-29 22:12:43,506 [KeyDeletingService#0] INFO  snapshot.SnapshotCache (SnapshotCache.java:lambda$1(166)) - Loading snapshot. Table key: /vol1/bucket2/snap1
2023-06-29 22:12:43,586 [main] INFO  ozone.TestSnapshotDeletingService (TestSnapshotDeletingService.java:assertTableRowCount(565)) - deletedTable actual row count=13, expectedCount=15
2023-06-29 22:12:43,985 [KeyDeletingService#0] INFO  snapshot.SnapshotCache (SnapshotCache.java:lambda$1(166)) - Loading snapshot. Table key: /vol1/bucket2/snap1
2023-06-29 22:12:43,986 [KeyDeletingService#0] INFO  snapshot.SnapshotCache (SnapshotCache.java:lambda$1(166)) - Loading snapshot. Table key: /vol1/bucket2/snap1
2023-06-29 22:12:43,986 [KeyDeletingService#0] INFO  snapshot.SnapshotCache (SnapshotCache.java:lambda$1(166)) - Loading snapshot. Table key: /vol1/bucket2/snap1
2023-06-29 22:12:43,986 [KeyDeletingService#0] INFO  snapshot.SnapshotCache (SnapshotCache.java:lambda$1(166)) - Loading snapshot. Table key: /vol1/bucket2/snap1
2023-06-29 22:12:43,986 [KeyDeletingService#0] INFO  snapshot.SnapshotCache (SnapshotCache.java:lambda$1(166)) - Loading snapshot. Table key: /vol1/bucket2/snap1
2023-06-29 22:12:43,987 [KeyDeletingService#0] INFO  snapshot.SnapshotCache (SnapshotCache.java:lambda$1(166)) - Loading snapshot. Table key: /vol1/bucket2/snap1
2023-06-29 22:12:43,987 [KeyDeletingService#0] INFO  snapshot.SnapshotCache (SnapshotCache.java:lambda$1(166)) - Loading snapshot. Table key: /vol1/bucket2/snap1
2023-06-29 22:12:43,987 [KeyDeletingService#0] INFO  snapshot.SnapshotCache (SnapshotCache.java:lambda$1(166)) - Loading snapshot. Table key: /vol1/bucket2/snap1
2023-06-29 22:12:43,987 [KeyDeletingService#0] INFO  snapshot.SnapshotCache (SnapshotCache.java:lambda$1(166)) - Loading snapshot. Table key: /vol1/bucket2/snap1
2023-06-29 22:12:43,988 [KeyDeletingService#0] INFO  snapshot.SnapshotCache (SnapshotCache.java:lambda$1(166)) - Loading snapshot. Table key: /vol1/bucket2/snap1
2023-06-29 22:12:43,988 [KeyDeletingService#0] INFO  snapshot.SnapshotCache (SnapshotCache.java:lambda$1(166)) - Loading snapshot. Table key: /vol1/bucket2/snap1
2023-06-29 22:12:43,988 [KeyDeletingService#0] INFO  snapshot.SnapshotCache (SnapshotCache.java:lambda$1(166)) - Loading snapshot. Table key: /vol1/bucket2/snap1
2023-06-29 22:12:43,988 [KeyDeletingService#0] INFO  snapshot.SnapshotCache (SnapshotCache.java:lambda$1(166)) - Loading snapshot. Table key: /vol1/bucket2/snap1
2023-06-29 22:12:44,006 [KeyDeletingService#0] INFO  snapshot.SnapshotCache (SnapshotCache.java:lambda$1(166)) - Loading snapshot. Table key: /vol1/bucket2/snap1
2023-06-29 22:12:44,006 [KeyDeletingService#0] INFO  snapshot.SnapshotCache (SnapshotCache.java:lambda$1(166)) - Loading snapshot. Table key: /vol1/bucket2/snap1
2023-06-29 22:12:44,006 [KeyDeletingService#0] INFO  snapshot.SnapshotCache (SnapshotCache.java:lambda$1(166)) - Loading snapshot. Table key: /vol1/bucket2/snap1
2023-06-29 22:12:44,485 [KeyDeletingService#0] INFO  snapshot.SnapshotCache (SnapshotCache.java:lambda$1(166)) - Loading snapshot. Table key: /vol1/bucket2/snap1
2023-06-29 22:12:44,486 [KeyDeletingService#0] INFO  snapshot.SnapshotCache (SnapshotCache.java:lambda$1(166)) - Loading snapshot. Table key: /vol1/bucket2/snap1
2023-06-29 22:12:44,486 [KeyDeletingService#0] INFO  snapshot.SnapshotCache (SnapshotCache.java:lambda$1(166)) - Loading snapshot. Table key: /vol1/bucket2/snap1
2023-06-29 22:12:44,486 [KeyDeletingService#0] INFO  snapshot.SnapshotCache (SnapshotCache.java:lambda$1(166)) - Loading snapshot. Table key: /vol1/bucket2/snap1
2023-06-29 22:12:44,487 [KeyDeletingService#0] INFO  snapshot.SnapshotCache (SnapshotCache.java:lambda$1(166)) - Loading snapshot. Table key: /vol1/bucket2/snap1
2023-06-29 22:12:44,487 [KeyDeletingService#0] INFO  snapshot.SnapshotCache (SnapshotCache.java:lambda$1(166)) - Loading snapshot. Table key: /vol1/bucket2/snap1
2023-06-29 22:12:44,487 [KeyDeletingService#0] INFO  snapshot.SnapshotCache (SnapshotCache.java:lambda$1(166)) - Loading snapshot. Table key: /vol1/bucket2/snap1
2023-06-29 22:12:44,487 [KeyDeletingService#0] INFO  snapshot.SnapshotCache (SnapshotCache.java:lambda$1(166)) - Loading snapshot. Table key: /vol1/bucket2/snap1
2023-06-29 22:12:44,488 [KeyDeletingService#0] INFO  snapshot.SnapshotCache (SnapshotCache.java:lambda$1(166)) - Loading snapshot. Table key: /vol1/bucket2/snap1
2023-06-29 22:12:44,488 [KeyDeletingService#0] INFO  snapshot.SnapshotCache (SnapshotCache.java:lambda$1(166)) - Loading snapshot. Table key: /vol1/bucket2/snap1
2023-06-29 22:12:44,488 [KeyDeletingService#0] INFO  snapshot.SnapshotCache (SnapshotCache.java:lambda$1(166)) - Loading snapshot. Table key: /vol1/bucket2/snap1
2023-06-29 22:12:44,488 [KeyDeletingService#0] INFO  snapshot.SnapshotCache (SnapshotCache.java:lambda$1(166)) - Loading snapshot. Table key: /vol1/bucket2/snap1
2023-06-29 22:12:44,488 [KeyDeletingService#0] INFO  snapshot.SnapshotCache (SnapshotCache.java:lambda$1(166)) - Loading snapshot. Table key: /vol1/bucket2/snap1
2023-06-29 22:12:44,506 [KeyDeletingService#0] INFO  snapshot.SnapshotCache (SnapshotCache.java:lambda$1(166)) - Loading snapshot. Table key: /vol1/bucket2/snap1
2023-06-29 22:12:44,506 [KeyDeletingService#0] INFO  snapshot.SnapshotCache (SnapshotCache.java:lambda$1(166)) - Loading snapshot. Table key: /vol1/bucket2/snap1
2023-06-29 22:12:44,506 [KeyDeletingService#0] INFO  snapshot.SnapshotCache (SnapshotCache.java:lambda$1(166)) - Loading snapshot. Table key: /vol1/bucket2/snap1
2023-06-29 22:12:44,587 [main] INFO  ozone.TestSnapshotDeletingService (TestSnapshotDeletingService.java:assertTableRowCount(565)) - deletedTable actual row count=13, expectedCount=15
2023-06-29 22:12:44,985 [KeyDeletingService#0] INFO  snapshot.SnapshotCache (SnapshotCache.java:lambda$1(166)) - Loading snapshot. Table key: /vol1/bucket2/snap1
2023-06-29 22:12:44,986 [KeyDeletingService#0] INFO  snapshot.SnapshotCache (SnapshotCache.java:lambda$1(166)) - Loading snapshot. Table key: /vol1/bucket2/snap1
2023-06-29 22:12:44,986 [KeyDeletingService#0] INFO  snapshot.SnapshotCache (SnapshotCache.java:lambda$1(166)) - Loading snapshot. Table key: /vol1/bucket2/snap1
2023-06-29 22:12:44,986 [KeyDeletingService#0] INFO  snapshot.SnapshotCache (SnapshotCache.java:lambda$1(166)) - Loading snapshot. Table key: /vol1/bucket2/snap1
2023-06-29 22:12:44,987 [KeyDeletingService#0] INFO  snapshot.SnapshotCache (SnapshotCache.java:lambda$1(166)) - Loading snapshot. Table key: /vol1/bucket2/snap1
2023-06-29 22:12:44,987 [KeyDeletingService#0] INFO  snapshot.SnapshotCache (SnapshotCache.java:lambda$1(166)) - Loading snapshot. Table key: /vol1/bucket2/snap1
2023-06-29 22:12:44,987 [KeyDeletingService#0] INFO  snapshot.SnapshotCache (SnapshotCache.java:lambda$1(166)) - Loading snapshot. Table key: /vol1/bucket2/snap1
2023-06-29 22:12:44,987 [KeyDeletingService#0] INFO  snapshot.SnapshotCache (SnapshotCache.java:lambda$1(166)) - Loading snapshot. Table key: /vol1/bucket2/snap1
2023-06-29 22:12:44,988 [KeyDeletingService#0] INFO  snapshot.SnapshotCache (SnapshotCache.java:lambda$1(166)) - Loading snapshot. Table key: /vol1/bucket2/snap1
2023-06-29 22:12:44,988 [KeyDeletingService#0] INFO  snapshot.SnapshotCache (SnapshotCache.java:lambda$1(166)) - Loading snapshot. Table key: /vol1/bucket2/snap1
2023-06-29 22:12:44,988 [KeyDeletingService#0] INFO  snapshot.SnapshotCache (SnapshotCache.java:lambda$1(166)) - Loading snapshot. Table key: /vol1/bucket2/snap1
2023-06-29 22:12:44,988 [KeyDeletingService#0] INFO  snapshot.SnapshotCache (SnapshotCache.java:lambda$1(166)) - Loading snapshot. Table key: /vol1/bucket2/snap1
2023-06-29 22:12:44,989 [KeyDeletingService#0] INFO  snapshot.SnapshotCache (SnapshotCache.java:lambda$1(166)) - Loading snapshot. Table key: /vol1/bucket2/snap1
2023-06-29 22:12:45,006 [KeyDeletingService#0] INFO  snapshot.SnapshotCache (SnapshotCache.java:lambda$1(166)) - Loading snapshot. Table key: /vol1/bucket2/snap1
2023-06-29 22:12:45,006 [KeyDeletingService#0] INFO  snapshot.SnapshotCache (SnapshotCache.java:lambda$1(166)) - Loading snapshot. Table key: /vol1/bucket2/snap1
2023-06-29 22:12:45,007 [KeyDeletingService#0] INFO  snapshot.SnapshotCache (SnapshotCache.java:lambda$1(166)) - Loading snapshot. Table key: /vol1/bucket2/snap1
2023-06-29 22:12:45,485 [KeyDeletingService#0] INFO  snapshot.SnapshotCache (SnapshotCache.java:lambda$1(166)) - Loading snapshot. Table key: /vol1/bucket2/snap1
2023-06-29 22:12:45,486 [KeyDeletingService#0] INFO  snapshot.SnapshotCache (SnapshotCache.java:lambda$1(166)) - Loading snapshot. Table key: /vol1/bucket2/snap1
2023-06-29 22:12:45,486 [KeyDeletingService#0] INFO  snapshot.SnapshotCache (SnapshotCache.java:lambda$1(166)) - Loading snapshot. Table key: /vol1/bucket2/snap1
2023-06-29 22:12:45,487 [KeyDeletingService#0] INFO  snapshot.SnapshotCache (SnapshotCache.java:lambda$1(166)) - Loading snapshot. Table key: /vol1/bucket2/snap1
2023-06-29 22:12:45,487 [KeyDeletingService#0] INFO  snapshot.SnapshotCache (SnapshotCache.java:lambda$1(166)) - Loading snapshot. Table key: /vol1/bucket2/snap1
2023-06-29 22:12:45,487 [KeyDeletingService#0] INFO  snapshot.SnapshotCache (SnapshotCache.java:lambda$1(166)) - Loading snapshot. Table key: /vol1/bucket2/snap1
2023-06-29 22:12:45,487 [KeyDeletingService#0] INFO  snapshot.SnapshotCache (SnapshotCache.java:lambda$1(166)) - Loading snapshot. Table key: /vol1/bucket2/snap1
2023-06-29 22:12:45,488 [KeyDeletingService#0] INFO  snapshot.SnapshotCache (SnapshotCache.java:lambda$1(166)) - Loading snapshot. Table key: /vol1/bucket2/snap1
2023-06-29 22:12:45,488 [KeyDeletingService#0] INFO  snapshot.SnapshotCache (SnapshotCache.java:lambda$1(166)) - Loading snapshot. Table key: /vol1/bucket2/snap1
2023-06-29 22:12:45,488 [KeyDeletingService#0] INFO  snapshot.SnapshotCache (SnapshotCache.java:lambda$1(166)) - Loading snapshot. Table key: /vol1/bucket2/snap1
2023-06-29 22:12:45,488 [KeyDeletingService#0] INFO  snapshot.SnapshotCache (SnapshotCache.java:lambda$1(166)) - Loading snapshot. Table key: /vol1/bucket2/snap1
2023-06-29 22:12:45,489 [KeyDeletingService#0] INFO  snapshot.SnapshotCache (SnapshotCache.java:lambda$1(166)) - Loading snapshot. Table key: /vol1/bucket2/snap1
2023-06-29 22:12:45,489 [KeyDeletingService#0] INFO  snapshot.SnapshotCache (SnapshotCache.java:lambda$1(166)) - Loading snapshot. Table key: /vol1/bucket2/snap1
2023-06-29 22:12:45,506 [KeyDeletingService#0] INFO  snapshot.SnapshotCache (SnapshotCache.java:lambda$1(166)) - Loading snapshot. Table key: /vol1/bucket2/snap1
2023-06-29 22:12:45,506 [KeyDeletingService#0] INFO  snapshot.SnapshotCache (SnapshotCache.java:lambda$1(166)) - Loading snapshot. Table key: /vol1/bucket2/snap1
2023-06-29 22:12:45,507 [KeyDeletingService#0] INFO  snapshot.SnapshotCache (SnapshotCache.java:lambda$1(166)) - Loading snapshot. Table key: /vol1/bucket2/snap1
2023-06-29 22:12:45,588 [main] INFO  ozone.TestSnapshotDeletingService (TestSnapshotDeletingService.java:assertTableRowCount(565)) - deletedTable actual row count=13, expectedCount=15
2023-06-29 22:12:45,985 [KeyDeletingService#0] INFO  snapshot.SnapshotCache (SnapshotCache.java:lambda$1(166)) - Loading snapshot. Table key: /vol1/bucket2/snap1
2023-06-29 22:12:45,986 [KeyDeletingService#0] INFO  snapshot.SnapshotCache (SnapshotCache.java:lambda$1(166)) - Loading snapshot. Table key: /vol1/bucket2/snap1
2023-06-29 22:12:45,986 [KeyDeletingService#0] INFO  snapshot.SnapshotCache (SnapshotCache.java:lambda$1(166)) - Loading snapshot. Table key: /vol1/bucket2/snap1
2023-06-29 22:12:45,986 [KeyDeletingService#0] INFO  snapshot.SnapshotCache (SnapshotCache.java:lambda$1(166)) - Loading snapshot. Table key: /vol1/bucket2/snap1
2023-06-29 22:12:45,987 [KeyDeletingService#0] INFO  snapshot.SnapshotCache (SnapshotCache.java:lambda$1(166)) - Loading snapshot. Table key: /vol1/bucket2/snap1
2023-06-29 22:12:45,987 [KeyDeletingService#0] INFO  snapshot.SnapshotCache (SnapshotCache.java:lambda$1(166)) - Loading snapshot. Table key: /vol1/bucket2/snap1
2023-06-29 22:12:45,987 [KeyDeletingService#0] INFO  snapshot.SnapshotCache (SnapshotCache.java:lambda$1(166)) - Loading snapshot. Table key: /vol1/bucket2/snap1
2023-06-29 22:12:45,987 [KeyDeletingService#0] INFO  snapshot.SnapshotCache (SnapshotCache.java:lambda$1(166)) - Loading snapshot. Table key: /vol1/bucket2/snap1
2023-06-29 22:12:45,988 [KeyDeletingService#0] INFO  snapshot.SnapshotCache (SnapshotCache.java:lambda$1(166)) - Loading snapshot. Table key: /vol1/bucket2/snap1
2023-06-29 22:12:45,988 [KeyDeletingService#0] INFO  snapshot.SnapshotCache (SnapshotCache.java:lambda$1(166)) - Loading snapshot. Table key: /vol1/bucket2/snap1
2023-06-29 22:12:45,988 [KeyDeletingService#0] INFO  snapshot.SnapshotCache (SnapshotCache.java:lambda$1(166)) - Loading snapshot. Table key: /vol1/bucket2/snap1
2023-06-29 22:12:45,988 [KeyDeletingService#0] INFO  snapshot.SnapshotCache (SnapshotCache.java:lambda$1(166)) - Loading snapshot. Table key: /vol1/bucket2/snap1
2023-06-29 22:12:45,989 [KeyDeletingService#0] INFO  snapshot.SnapshotCache (SnapshotCache.java:lambda$1(166)) - Loading snapshot. Table key: /vol1/bucket2/snap1
2023-06-29 22:12:46,006 [KeyDeletingService#0] INFO  snapshot.SnapshotCache (SnapshotCache.java:lambda$1(166)) - Loading snapshot. Table key: /vol1/bucket2/snap1
2023-06-29 22:12:46,007 [KeyDeletingService#0] INFO  snapshot.SnapshotCache (SnapshotCache.java:lambda$1(166)) - Loading snapshot. Table key: /vol1/bucket2/snap1
2023-06-29 22:12:46,007 [KeyDeletingService#0] INFO  snapshot.SnapshotCache (SnapshotCache.java:lambda$1(166)) - Loading snapshot. Table key: /vol1/bucket2/snap1
2023-06-29 22:12:46,485 [KeyDeletingService#0] INFO  snapshot.SnapshotCache (SnapshotCache.java:lambda$1(166)) - Loading snapshot. Table key: /vol1/bucket2/snap1
2023-06-29 22:12:46,486 [KeyDeletingService#0] INFO  snapshot.SnapshotCache (SnapshotCache.java:lambda$1(166)) - Loading snapshot. Table key: /vol1/bucket2/snap1
2023-06-29 22:12:46,486 [KeyDeletingService#0] INFO  snapshot.SnapshotCache (SnapshotCache.java:lambda$1(166)) - Loading snapshot. Table key: /vol1/bucket2/snap1
2023-06-29 22:12:46,486 [KeyDeletingService#0] INFO  snapshot.SnapshotCache (SnapshotCache.java:lambda$1(166)) - Loading snapshot. Table key: /vol1/bucket2/snap1
2023-06-29 22:12:46,487 [KeyDeletingService#0] INFO  snapshot.SnapshotCache (SnapshotCache.java:lambda$1(166)) - Loading snapshot. Table key: /vol1/bucket2/snap1
2023-06-29 22:12:46,487 [KeyDeletingService#0] INFO  snapshot.SnapshotCache (SnapshotCache.java:lambda$1(166)) - Loading snapshot. Table key: /vol1/bucket2/snap1
2023-06-29 22:12:46,487 [KeyDeletingService#0] INFO  snapshot.SnapshotCache (SnapshotCache.java:lambda$1(166)) - Loading snapshot. Table key: /vol1/bucket2/snap1
2023-06-29 22:12:46,487 [KeyDeletingService#0] INFO  snapshot.SnapshotCache (SnapshotCache.java:lambda$1(166)) - Loading snapshot. Table key: /vol1/bucket2/snap1
2023-06-29 22:12:46,488 [KeyDeletingService#0] INFO  snapshot.SnapshotCache (SnapshotCache.java:lambda$1(166)) - Loading snapshot. Table key: /vol1/bucket2/snap1
2023-06-29 22:12:46,488 [KeyDeletingService#0] INFO  snapshot.SnapshotCache (SnapshotCache.java:lambda$1(166)) - Loading snapshot. Table key: /vol1/bucket2/snap1
2023-06-29 22:12:46,488 [KeyDeletingService#0] INFO  snapshot.SnapshotCache (SnapshotCache.java:lambda$1(166)) - Loading snapshot. Table key: /vol1/bucket2/snap1
2023-06-29 22:12:46,488 [KeyDeletingService#0] INFO  snapshot.SnapshotCache (SnapshotCache.java:lambda$1(166)) - Loading snapshot. Table key: /vol1/bucket2/snap1
2023-06-29 22:12:46,489 [KeyDeletingService#0] INFO  snapshot.SnapshotCache (SnapshotCache.java:lambda$1(166)) - Loading snapshot. Table key: /vol1/bucket2/snap1
2023-06-29 22:12:46,506 [KeyDeletingService#0] INFO  snapshot.SnapshotCache (SnapshotCache.java:lambda$1(166)) - Loading snapshot. Table key: /vol1/bucket2/snap1
2023-06-29 22:12:46,507 [KeyDeletingService#0] INFO  snapshot.SnapshotCache (SnapshotCache.java:lambda$1(166)) - Loading snapshot. Table key: /vol1/bucket2/snap1
2023-06-29 22:12:46,507 [KeyDeletingService#0] INFO  snapshot.SnapshotCache (SnapshotCache.java:lambda$1(166)) - Loading snapshot. Table key: /vol1/bucket2/snap1
2023-06-29 22:12:46,589 [main] INFO  ozone.TestSnapshotDeletingService (TestSnapshotDeletingService.java:assertTableRowCount(565)) - deletedTable actual row count=13, expectedCount=15
2023-06-29 22:12:46,985 [KeyDeletingService#0] INFO  snapshot.SnapshotCache (SnapshotCache.java:lambda$1(166)) - Loading snapshot. Table key: /vol1/bucket2/snap1
2023-06-29 22:12:46,986 [KeyDeletingService#0] INFO  snapshot.SnapshotCache (SnapshotCache.java:lambda$1(166)) - Loading snapshot. Table key: /vol1/bucket2/snap1
2023-06-29 22:12:46,986 [KeyDeletingService#0] INFO  snapshot.SnapshotCache (SnapshotCache.java:lambda$1(166)) - Loading snapshot. Table key: /vol1/bucket2/snap1
2023-06-29 22:12:46,987 [KeyDeletingService#0] INFO  snapshot.SnapshotCache (SnapshotCache.java:lambda$1(166)) - Loading snapshot. Table key: /vol1/bucket2/snap1
2023-06-29 22:12:46,987 [KeyDeletingService#0] INFO  snapshot.SnapshotCache (SnapshotCache.java:lambda$1(166)) - Loading snapshot. Table key: /vol1/bucket2/snap1
2023-06-29 22:12:46,987 [KeyDeletingService#0] INFO  snapshot.SnapshotCache (SnapshotCache.java:lambda$1(166)) - Loading snapshot. Table key: /vol1/bucket2/snap1
2023-06-29 22:12:46,987 [KeyDeletingService#0] INFO  snapshot.SnapshotCache (SnapshotCache.java:lambda$1(166)) - Loading snapshot. Table key: /vol1/bucket2/snap1
2023-06-29 22:12:46,988 [KeyDeletingService#0] INFO  snapshot.SnapshotCache (SnapshotCache.java:lambda$1(166)) - Loading snapshot. Table key: /vol1/bucket2/snap1
2023-06-29 22:12:46,988 [KeyDeletingService#0] INFO  snapshot.SnapshotCache (SnapshotCache.java:lambda$1(166)) - Loading snapshot. Table key: /vol1/bucket2/snap1
2023-06-29 22:12:46,988 [KeyDeletingService#0] INFO  snapshot.SnapshotCache (SnapshotCache.java:lambda$1(166)) - Loading snapshot. Table key: /vol1/bucket2/snap1
2023-06-29 22:12:46,988 [KeyDeletingService#0] INFO  snapshot.SnapshotCache (SnapshotCache.java:lambda$1(166)) - Loading snapshot. Table key: /vol1/bucket2/snap1
2023-06-29 22:12:46,989 [KeyDeletingService#0] INFO  snapshot.SnapshotCache (SnapshotCache.java:lambda$1(166)) - Loading snapshot. Table key: /vol1/bucket2/snap1
2023-06-29 22:12:46,989 [KeyDeletingService#0] INFO  snapshot.SnapshotCache (SnapshotCache.java:lambda$1(166)) - Loading snapshot. Table key: /vol1/bucket2/snap1
2023-06-29 22:12:47,006 [KeyDeletingService#0] INFO  snapshot.SnapshotCache (SnapshotCache.java:lambda$1(166)) - Loading snapshot. Table key: /vol1/bucket2/snap1
2023-06-29 22:12:47,007 [KeyDeletingService#0] INFO  snapshot.SnapshotCache (SnapshotCache.java:lambda$1(166)) - Loading snapshot. Table key: /vol1/bucket2/snap1
2023-06-29 22:12:47,007 [KeyDeletingService#0] INFO  snapshot.SnapshotCache (SnapshotCache.java:lambda$1(166)) - Loading snapshot. Table key: /vol1/bucket2/snap1
2023-06-29 22:12:47,485 [KeyDeletingService#0] INFO  snapshot.SnapshotCache (SnapshotCache.java:lambda$1(166)) - Loading snapshot. Table key: /vol1/bucket2/snap1
2023-06-29 22:12:47,486 [KeyDeletingService#0] INFO  snapshot.SnapshotCache (SnapshotCache.java:lambda$1(166)) - Loading snapshot. Table key: /vol1/bucket2/snap1
2023-06-29 22:12:47,486 [KeyDeletingService#0] INFO  snapshot.SnapshotCache (SnapshotCache.java:lambda$1(166)) - Loading snapshot. Table key: /vol1/bucket2/snap1
2023-06-29 22:12:47,486 [KeyDeletingService#0] INFO  snapshot.SnapshotCache (SnapshotCache.java:lambda$1(166)) - Loading snapshot. Table key: /vol1/bucket2/snap1
2023-06-29 22:12:47,487 [KeyDeletingService#0] INFO  snapshot.SnapshotCache (SnapshotCache.java:lambda$1(166)) - Loading snapshot. Table key: /vol1/bucket2/snap1
2023-06-29 22:12:47,487 [KeyDeletingService#0] INFO  snapshot.SnapshotCache (SnapshotCache.java:lambda$1(166)) - Loading snapshot. Table key: /vol1/bucket2/snap1
2023-06-29 22:12:47,488 [KeyDeletingService#0] INFO  snapshot.SnapshotCache (SnapshotCache.java:lambda$1(166)) - Loading snapshot. Table key: /vol1/bucket2/snap1
2023-06-29 22:12:47,489 [KeyDeletingService#0] INFO  snapshot.SnapshotCache (SnapshotCache.java:lambda$1(166)) - Loading snapshot. Table key: /vol1/bucket2/snap1
2023-06-29 22:12:47,489 [KeyDeletingService#0] INFO  snapshot.SnapshotCache (SnapshotCache.java:lambda$1(166)) - Loading snapshot. Table key: /vol1/bucket2/snap1
2023-06-29 22:12:47,490 [KeyDeletingService#0] INFO  snapshot.SnapshotCache (SnapshotCache.java:lambda$1(166)) - Loading snapshot. Table key: /vol1/bucket2/snap1
2023-06-29 22:12:47,490 [KeyDeletingService#0] INFO  snapshot.SnapshotCache (SnapshotCache.java:lambda$1(166)) - Loading snapshot. Table key: /vol1/bucket2/snap1
2023-06-29 22:12:47,490 [KeyDeletingService#0] INFO  snapshot.SnapshotCache (SnapshotCache.java:lambda$1(166)) - Loading snapshot. Table key: /vol1/bucket2/snap1
2023-06-29 22:12:47,490 [KeyDeletingService#0] INFO  snapshot.SnapshotCache (SnapshotCache.java:lambda$1(166)) - Loading snapshot. Table key: /vol1/bucket2/snap1
2023-06-29 22:12:47,506 [KeyDeletingService#0] INFO  snapshot.SnapshotCache (SnapshotCache.java:lambda$1(166)) - Loading snapshot. Table key: /vol1/bucket2/snap1
2023-06-29 22:12:47,507 [KeyDeletingService#0] INFO  snapshot.SnapshotCache (SnapshotCache.java:lambda$1(166)) - Loading snapshot. Table key: /vol1/bucket2/snap1
2023-06-29 22:12:47,507 [KeyDeletingService#0] INFO  snapshot.SnapshotCache (SnapshotCache.java:lambda$1(166)) - Loading snapshot. Table key: /vol1/bucket2/snap1
2023-06-29 22:12:47,590 [main] INFO  ozone.TestSnapshotDeletingService (TestSnapshotDeletingService.java:assertTableRowCount(565)) - deletedTable actual row count=13, expectedCount=15
2023-06-29 22:12:47,986 [KeyDeletingService#0] INFO  snapshot.SnapshotCache (SnapshotCache.java:lambda$1(166)) - Loading snapshot. Table key: /vol1/bucket2/snap1
2023-06-29 22:12:47,986 [KeyDeletingService#0] INFO  snapshot.SnapshotCache (SnapshotCache.java:lambda$1(166)) - Loading snapshot. Table key: /vol1/bucket2/snap1
2023-06-29 22:12:47,986 [KeyDeletingService#0] INFO  snapshot.SnapshotCache (SnapshotCache.java:lambda$1(166)) - Loading snapshot. Table key: /vol1/bucket2/snap1
2023-06-29 22:12:47,987 [KeyDeletingService#0] INFO  snapshot.SnapshotCache (SnapshotCache.java:lambda$1(166)) - Loading snapshot. Table key: /vol1/bucket2/snap1
2023-06-29 22:12:47,987 [KeyDeletingService#0] INFO  snapshot.SnapshotCache (SnapshotCache.java:lambda$1(166)) - Loading snapshot. Table key: /vol1/bucket2/snap1
2023-06-29 22:12:47,987 [KeyDeletingService#0] INFO  snapshot.SnapshotCache (SnapshotCache.java:lambda$1(166)) - Loading snapshot. Table key: /vol1/bucket2/snap1
2023-06-29 22:12:47,987 [KeyDeletingService#0] INFO  snapshot.SnapshotCache (SnapshotCache.java:lambda$1(166)) - Loading snapshot. Table key: /vol1/bucket2/snap1
2023-06-29 22:12:47,988 [KeyDeletingService#0] INFO  snapshot.SnapshotCache (SnapshotCache.java:lambda$1(166)) - Loading snapshot. Table key: /vol1/bucket2/snap1
2023-06-29 22:12:47,988 [KeyDeletingService#0] INFO  snapshot.SnapshotCache (SnapshotCache.java:lambda$1(166)) - Loading snapshot. Table key: /vol1/bucket2/snap1
2023-06-29 22:12:47,988 [KeyDeletingService#0] INFO  snapshot.SnapshotCache (SnapshotCache.java:lambda$1(166)) - Loading snapshot. Table key: /vol1/bucket2/snap1
2023-06-29 22:12:47,988 [KeyDeletingService#0] INFO  snapshot.SnapshotCache (SnapshotCache.java:lambda$1(166)) - Loading snapshot. Table key: /vol1/bucket2/snap1
2023-06-29 22:12:47,989 [KeyDeletingService#0] INFO  snapshot.SnapshotCache (SnapshotCache.java:lambda$1(166)) - Loading snapshot. Table key: /vol1/bucket2/snap1
2023-06-29 22:12:47,989 [KeyDeletingService#0] INFO  snapshot.SnapshotCache (SnapshotCache.java:lambda$1(166)) - Loading snapshot. Table key: /vol1/bucket2/snap1
2023-06-29 22:12:48,007 [KeyDeletingService#0] INFO  snapshot.SnapshotCache (SnapshotCache.java:lambda$1(166)) - Loading snapshot. Table key: /vol1/bucket2/snap1
2023-06-29 22:12:48,007 [KeyDeletingService#0] INFO  snapshot.SnapshotCache (SnapshotCache.java:lambda$1(166)) - Loading snapshot. Table key: /vol1/bucket2/snap1
2023-06-29 22:12:48,007 [KeyDeletingService#0] INFO  snapshot.SnapshotCache (SnapshotCache.java:lambda$1(166)) - Loading snapshot. Table key: /vol1/bucket2/snap1
2023-06-29 22:12:48,486 [KeyDeletingService#0] INFO  snapshot.SnapshotCache (SnapshotCache.java:lambda$1(166)) - Loading snapshot. Table key: /vol1/bucket2/snap1
2023-06-29 22:12:48,486 [KeyDeletingService#0] INFO  snapshot.SnapshotCache (SnapshotCache.java:lambda$1(166)) - Loading snapshot. Table key: /vol1/bucket2/snap1
2023-06-29 22:12:48,486 [KeyDeletingService#0] INFO  snapshot.SnapshotCache (SnapshotCache.java:lambda$1(166)) - Loading snapshot. Table key: /vol1/bucket2/snap1
2023-06-29 22:12:48,487 [KeyDeletingService#0] INFO  snapshot.SnapshotCache (SnapshotCache.java:lambda$1(166)) - Loading snapshot. Table key: /vol1/bucket2/snap1
2023-06-29 22:12:48,487 [KeyDeletingService#0] INFO  snapshot.SnapshotCache (SnapshotCache.java:lambda$1(166)) - Loading snapshot. Table key: /vol1/bucket2/snap1
2023-06-29 22:12:48,487 [KeyDeletingService#0] INFO  snapshot.SnapshotCache (SnapshotCache.java:lambda$1(166)) - Loading snapshot. Table key: /vol1/bucket2/snap1
2023-06-29 22:12:48,487 [KeyDeletingService#0] INFO  snapshot.SnapshotCache (SnapshotCache.java:lambda$1(166)) - Loading snapshot. Table key: /vol1/bucket2/snap1
2023-06-29 22:12:48,488 [KeyDeletingService#0] INFO  snapshot.SnapshotCache (SnapshotCache.java:lambda$1(166)) - Loading snapshot. Table key: /vol1/bucket2/snap1
2023-06-29 22:12:48,488 [KeyDeletingService#0] INFO  snapshot.SnapshotCache (SnapshotCache.java:lambda$1(166)) - Loading snapshot. Table key: /vol1/bucket2/snap1
2023-06-29 22:12:48,488 [KeyDeletingService#0] INFO  snapshot.SnapshotCache (SnapshotCache.java:lambda$1(166)) - Loading snapshot. Table key: /vol1/bucket2/snap1
2023-06-29 22:12:48,488 [KeyDeletingService#0] INFO  snapshot.SnapshotCache (SnapshotCache.java:lambda$1(166)) - Loading snapshot. Table key: /vol1/bucket2/snap1
2023-06-29 22:12:48,489 [KeyDeletingService#0] INFO  snapshot.SnapshotCache (SnapshotCache.java:lambda$1(166)) - Loading snapshot. Table key: /vol1/bucket2/snap1
2023-06-29 22:12:48,501 [KeyDeletingService#0] INFO  snapshot.SnapshotCache (SnapshotCache.java:lambda$1(166)) - Loading snapshot. Table key: /vol1/bucket2/snap1
2023-06-29 22:12:48,507 [KeyDeletingService#0] INFO  snapshot.SnapshotCache (SnapshotCache.java:lambda$1(166)) - Loading snapshot. Table key: /vol1/bucket2/snap1
2023-06-29 22:12:48,507 [KeyDeletingService#0] INFO  snapshot.SnapshotCache (SnapshotCache.java:lambda$1(166)) - Loading snapshot. Table key: /vol1/bucket2/snap1
2023-06-29 22:12:48,507 [KeyDeletingService#0] INFO  snapshot.SnapshotCache (SnapshotCache.java:lambda$1(166)) - Loading snapshot. Table key: /vol1/bucket2/snap1
2023-06-29 22:12:48,591 [main] INFO  ozone.TestSnapshotDeletingService (TestSnapshotDeletingService.java:assertTableRowCount(565)) - deletedTable actual row count=13, expectedCount=15
2023-06-29 22:12:48,986 [KeyDeletingService#0] INFO  snapshot.SnapshotCache (SnapshotCache.java:lambda$1(166)) - Loading snapshot. Table key: /vol1/bucket2/snap1
2023-06-29 22:12:48,986 [KeyDeletingService#0] INFO  snapshot.SnapshotCache (SnapshotCache.java:lambda$1(166)) - Loading snapshot. Table key: /vol1/bucket2/snap1
2023-06-29 22:12:48,986 [KeyDeletingService#0] INFO  snapshot.SnapshotCache (SnapshotCache.java:lambda$1(166)) - Loading snapshot. Table key: /vol1/bucket2/snap1
2023-06-29 22:12:48,987 [KeyDeletingService#0] INFO  snapshot.SnapshotCache (SnapshotCache.java:lambda$1(166)) - Loading snapshot. Table key: /vol1/bucket2/snap1
2023-06-29 22:12:48,987 [KeyDeletingService#0] INFO  snapshot.SnapshotCache (SnapshotCache.java:lambda$1(166)) - Loading snapshot. Table key: /vol1/bucket2/snap1
2023-06-29 22:12:48,987 [KeyDeletingService#0] INFO  snapshot.SnapshotCache (SnapshotCache.java:lambda$1(166)) - Loading snapshot. Table key: /vol1/bucket2/snap1
2023-06-29 22:12:48,987 [KeyDeletingService#0] INFO  snapshot.SnapshotCache (SnapshotCache.java:lambda$1(166)) - Loading snapshot. Table key: /vol1/bucket2/snap1
2023-06-29 22:12:48,988 [KeyDeletingService#0] INFO  snapshot.SnapshotCache (SnapshotCache.java:lambda$1(166)) - Loading snapshot. Table key: /vol1/bucket2/snap1
2023-06-29 22:12:48,988 [KeyDeletingService#0] INFO  snapshot.SnapshotCache (SnapshotCache.java:lambda$1(166)) - Loading snapshot. Table key: /vol1/bucket2/snap1
2023-06-29 22:12:48,988 [KeyDeletingService#0] INFO  snapshot.SnapshotCache (SnapshotCache.java:lambda$1(166)) - Loading snapshot. Table key: /vol1/bucket2/snap1
2023-06-29 22:12:48,988 [KeyDeletingService#0] INFO  snapshot.SnapshotCache (SnapshotCache.java:lambda$1(166)) - Loading snapshot. Table key: /vol1/bucket2/snap1
2023-06-29 22:12:48,989 [KeyDeletingService#0] INFO  snapshot.SnapshotCache (SnapshotCache.java:lambda$1(166)) - Loading snapshot. Table key: /vol1/bucket2/snap1
2023-06-29 22:12:48,989 [KeyDeletingService#0] INFO  snapshot.SnapshotCache (SnapshotCache.java:lambda$1(166)) - Loading snapshot. Table key: /vol1/bucket2/snap1
2023-06-29 22:12:49,007 [KeyDeletingService#0] INFO  snapshot.SnapshotCache (SnapshotCache.java:lambda$1(166)) - Loading snapshot. Table key: /vol1/bucket2/snap1
2023-06-29 22:12:49,007 [KeyDeletingService#0] INFO  snapshot.SnapshotCache (SnapshotCache.java:lambda$1(166)) - Loading snapshot. Table key: /vol1/bucket2/snap1
2023-06-29 22:12:49,007 [KeyDeletingService#0] INFO  snapshot.SnapshotCache (SnapshotCache.java:lambda$1(166)) - Loading snapshot. Table key: /vol1/bucket2/snap1
2023-06-29 22:12:49,486 [KeyDeletingService#0] INFO  snapshot.SnapshotCache (SnapshotCache.java:lambda$1(166)) - Loading snapshot. Table key: /vol1/bucket2/snap1
2023-06-29 22:12:49,486 [KeyDeletingService#0] INFO  snapshot.SnapshotCache (SnapshotCache.java:lambda$1(166)) - Loading snapshot. Table key: /vol1/bucket2/snap1
2023-06-29 22:12:49,487 [KeyDeletingService#0] INFO  snapshot.SnapshotCache (SnapshotCache.java:lambda$1(166)) - Loading snapshot. Table key: /vol1/bucket2/snap1
2023-06-29 22:12:49,487 [KeyDeletingService#0] INFO  snapshot.SnapshotCache (SnapshotCache.java:lambda$1(166)) - Loading snapshot. Table key: /vol1/bucket2/snap1
2023-06-29 22:12:49,487 [KeyDeletingService#0] INFO  snapshot.SnapshotCache (SnapshotCache.java:lambda$1(166)) - Loading snapshot. Table key: /vol1/bucket2/snap1
2023-06-29 22:12:49,487 [KeyDeletingService#0] INFO  snapshot.SnapshotCache (SnapshotCache.java:lambda$1(166)) - Loading snapshot. Table key: /vol1/bucket2/snap1
2023-06-29 22:12:49,488 [KeyDeletingService#0] INFO  snapshot.SnapshotCache (SnapshotCache.java:lambda$1(166)) - Loading snapshot. Table key: /vol1/bucket2/snap1
2023-06-29 22:12:49,488 [KeyDeletingService#0] INFO  snapshot.SnapshotCache (SnapshotCache.java:lambda$1(166)) - Loading snapshot. Table key: /vol1/bucket2/snap1
2023-06-29 22:12:49,488 [KeyDeletingService#0] INFO  snapshot.SnapshotCache (SnapshotCache.java:lambda$1(166)) - Loading snapshot. Table key: /vol1/bucket2/snap1
2023-06-29 22:12:49,488 [KeyDeletingService#0] INFO  snapshot.SnapshotCache (SnapshotCache.java:lambda$1(166)) - Loading snapshot. Table key: /vol1/bucket2/snap1
2023-06-29 22:12:49,489 [KeyDeletingService#0] INFO  snapshot.SnapshotCache (SnapshotCache.java:lambda$1(166)) - Loading snapshot. Table key: /vol1/bucket2/snap1
2023-06-29 22:12:49,489 [KeyDeletingService#0] INFO  snapshot.SnapshotCache (SnapshotCache.java:lambda$1(166)) - Loading snapshot. Table key: /vol1/bucket2/snap1
2023-06-29 22:12:49,489 [KeyDeletingService#0] INFO  snapshot.SnapshotCache (SnapshotCache.java:lambda$1(166)) - Loading snapshot. Table key: /vol1/bucket2/snap1
2023-06-29 22:12:49,507 [KeyDeletingService#0] INFO  snapshot.SnapshotCache (SnapshotCache.java:lambda$1(166)) - Loading snapshot. Table key: /vol1/bucket2/snap1
2023-06-29 22:12:49,507 [KeyDeletingService#0] INFO  snapshot.SnapshotCache (SnapshotCache.java:lambda$1(166)) - Loading snapshot. Table key: /vol1/bucket2/snap1
2023-06-29 22:12:49,507 [KeyDeletingService#0] INFO  snapshot.SnapshotCache (SnapshotCache.java:lambda$1(166)) - Loading snapshot. Table key: /vol1/bucket2/snap1
2023-06-29 22:12:49,592 [main] INFO  ozone.TestSnapshotDeletingService (TestSnapshotDeletingService.java:assertTableRowCount(565)) - deletedTable actual row count=13, expectedCount=15
2023-06-29 22:12:49,986 [KeyDeletingService#0] INFO  snapshot.SnapshotCache (SnapshotCache.java:lambda$1(166)) - Loading snapshot. Table key: /vol1/bucket2/snap1
2023-06-29 22:12:49,986 [KeyDeletingService#0] INFO  snapshot.SnapshotCache (SnapshotCache.java:lambda$1(166)) - Loading snapshot. Table key: /vol1/bucket2/snap1
2023-06-29 22:12:49,987 [KeyDeletingService#0] INFO  snapshot.SnapshotCache (SnapshotCache.java:lambda$1(166)) - Loading snapshot. Table key: /vol1/bucket2/snap1
2023-06-29 22:12:49,987 [KeyDeletingService#0] INFO  snapshot.SnapshotCache (SnapshotCache.java:lambda$1(166)) - Loading snapshot. Table key: /vol1/bucket2/snap1
2023-06-29 22:12:49,987 [KeyDeletingService#0] INFO  snapshot.SnapshotCache (SnapshotCache.java:lambda$1(166)) - Loading snapshot. Table key: /vol1/bucket2/snap1
2023-06-29 22:12:49,987 [KeyDeletingService#0] INFO  snapshot.SnapshotCache (SnapshotCache.java:lambda$1(166)) - Loading snapshot. Table key: /vol1/bucket2/snap1
2023-06-29 22:12:49,988 [KeyDeletingService#0] INFO  snapshot.SnapshotCache (SnapshotCache.java:lambda$1(166)) - Loading snapshot. Table key: /vol1/bucket2/snap1
2023-06-29 22:12:49,988 [KeyDeletingService#0] INFO  snapshot.SnapshotCache (SnapshotCache.java:lambda$1(166)) - Loading snapshot. Table key: /vol1/bucket2/snap1
2023-06-29 22:12:49,988 [KeyDeletingService#0] INFO  snapshot.SnapshotCache (SnapshotCache.java:lambda$1(166)) - Loading snapshot. Table key: /vol1/bucket2/snap1
2023-06-29 22:12:49,988 [KeyDeletingService#0] INFO  snapshot.SnapshotCache (SnapshotCache.java:lambda$1(166)) - Loading snapshot. Table key: /vol1/bucket2/snap1
2023-06-29 22:12:49,989 [KeyDeletingService#0] INFO  snapshot.SnapshotCache (SnapshotCache.java:lambda$1(166)) - Loading snapshot. Table key: /vol1/bucket2/snap1
2023-06-29 22:12:49,989 [KeyDeletingService#0] INFO  snapshot.SnapshotCache (SnapshotCache.java:lambda$1(166)) - Loading snapshot. Table key: /vol1/bucket2/snap1
2023-06-29 22:12:49,989 [KeyDeletingService#0] INFO  snapshot.SnapshotCache (SnapshotCache.java:lambda$1(166)) - Loading snapshot. Table key: /vol1/bucket2/snap1
2023-06-29 22:12:50,007 [KeyDeletingService#0] INFO  snapshot.SnapshotCache (SnapshotCache.java:lambda$1(166)) - Loading snapshot. Table key: /vol1/bucket2/snap1
2023-06-29 22:12:50,007 [KeyDeletingService#0] INFO  snapshot.SnapshotCache (SnapshotCache.java:lambda$1(166)) - Loading snapshot. Table key: /vol1/bucket2/snap1
2023-06-29 22:12:50,007 [KeyDeletingService#0] INFO  snapshot.SnapshotCache (SnapshotCache.java:lambda$1(166)) - Loading snapshot. Table key: /vol1/bucket2/snap1
2023-06-29 22:12:50,486 [KeyDeletingService#0] INFO  snapshot.SnapshotCache (SnapshotCache.java:lambda$1(166)) - Loading snapshot. Table key: /vol1/bucket2/snap1
2023-06-29 22:12:50,486 [KeyDeletingService#0] INFO  snapshot.SnapshotCache (SnapshotCache.java:lambda$1(166)) - Loading snapshot. Table key: /vol1/bucket2/snap1
2023-06-29 22:12:50,487 [KeyDeletingService#0] INFO  snapshot.SnapshotCache (SnapshotCache.java:lambda$1(166)) - Loading snapshot. Table key: /vol1/bucket2/snap1
2023-06-29 22:12:50,487 [KeyDeletingService#0] INFO  snapshot.SnapshotCache (SnapshotCache.java:lambda$1(166)) - Loading snapshot. Table key: /vol1/bucket2/snap1
2023-06-29 22:12:50,487 [KeyDeletingService#0] INFO  snapshot.SnapshotCache (SnapshotCache.java:lambda$1(166)) - Loading snapshot. Table key: /vol1/bucket2/snap1
2023-06-29 22:12:50,488 [KeyDeletingService#0] INFO  snapshot.SnapshotCache (SnapshotCache.java:lambda$1(166)) - Loading snapshot. Table key: /vol1/bucket2/snap1
2023-06-29 22:12:50,488 [KeyDeletingService#0] INFO  snapshot.SnapshotCache (SnapshotCache.java:lambda$1(166)) - Loading snapshot. Table key: /vol1/bucket2/snap1
2023-06-29 22:12:50,488 [KeyDeletingService#0] INFO  snapshot.SnapshotCache (SnapshotCache.java:lambda$1(166)) - Loading snapshot. Table key: /vol1/bucket2/snap1
2023-06-29 22:12:50,488 [KeyDeletingService#0] INFO  snapshot.SnapshotCache (SnapshotCache.java:lambda$1(166)) - Loading snapshot. Table key: /vol1/bucket2/snap1
2023-06-29 22:12:50,489 [KeyDeletingService#0] INFO  snapshot.SnapshotCache (SnapshotCache.java:lambda$1(166)) - Loading snapshot. Table key: /vol1/bucket2/snap1
2023-06-29 22:12:50,489 [KeyDeletingService#0] INFO  snapshot.SnapshotCache (SnapshotCache.java:lambda$1(166)) - Loading snapshot. Table key: /vol1/bucket2/snap1
2023-06-29 22:12:50,489 [KeyDeletingService#0] INFO  snapshot.SnapshotCache (SnapshotCache.java:lambda$1(166)) - Loading snapshot. Table key: /vol1/bucket2/snap1
2023-06-29 22:12:50,489 [KeyDeletingService#0] INFO  snapshot.SnapshotCache (SnapshotCache.java:lambda$1(166)) - Loading snapshot. Table key: /vol1/bucket2/snap1
2023-06-29 22:12:50,507 [KeyDeletingService#0] INFO  snapshot.SnapshotCache (SnapshotCache.java:lambda$1(166)) - Loading snapshot. Table key: /vol1/bucket2/snap1
2023-06-29 22:12:50,507 [KeyDeletingService#0] INFO  snapshot.SnapshotCache (SnapshotCache.java:lambda$1(166)) - Loading snapshot. Table key: /vol1/bucket2/snap1
2023-06-29 22:12:50,508 [KeyDeletingService#0] INFO  snapshot.SnapshotCache (SnapshotCache.java:lambda$1(166)) - Loading snapshot. Table key: /vol1/bucket2/snap1
2023-06-29 22:12:50,592 [main] INFO  ozone.TestSnapshotDeletingService (TestSnapshotDeletingService.java:assertTableRowCount(565)) - deletedTable actual row count=13, expectedCount=15
2023-06-29 22:12:50,986 [KeyDeletingService#0] INFO  snapshot.SnapshotCache (SnapshotCache.java:lambda$1(166)) - Loading snapshot. Table key: /vol1/bucket2/snap1
2023-06-29 22:12:50,986 [KeyDeletingService#0] INFO  snapshot.SnapshotCache (SnapshotCache.java:lambda$1(166)) - Loading snapshot. Table key: /vol1/bucket2/snap1
2023-06-29 22:12:50,987 [KeyDeletingService#0] INFO  snapshot.SnapshotCache (SnapshotCache.java:lambda$1(166)) - Loading snapshot. Table key: /vol1/bucket2/snap1
2023-06-29 22:12:50,987 [KeyDeletingService#0] INFO  snapshot.SnapshotCache (SnapshotCache.java:lambda$1(166)) - Loading snapshot. Table key: /vol1/bucket2/snap1
2023-06-29 22:12:50,988 [KeyDeletingService#0] INFO  snapshot.SnapshotCache (SnapshotCache.java:lambda$1(166)) - Loading snapshot. Table key: /vol1/bucket2/snap1
2023-06-29 22:12:50,988 [KeyDeletingService#0] INFO  snapshot.SnapshotCache (SnapshotCache.java:lambda$1(166)) - Loading snapshot. Table key: /vol1/bucket2/snap1
2023-06-29 22:12:50,988 [KeyDeletingService#0] INFO  snapshot.SnapshotCache (SnapshotCache.java:lambda$1(166)) - Loading snapshot. Table key: /vol1/bucket2/snap1
2023-06-29 22:12:50,988 [KeyDeletingService#0] INFO  snapshot.SnapshotCache (SnapshotCache.java:lambda$1(166)) - Loading snapshot. Table key: /vol1/bucket2/snap1
2023-06-29 22:12:50,989 [KeyDeletingService#0] INFO  snapshot.SnapshotCache (SnapshotCache.java:lambda$1(166)) - Loading snapshot. Table key: /vol1/bucket2/snap1
2023-06-29 22:12:50,989 [KeyDeletingService#0] INFO  snapshot.SnapshotCache (SnapshotCache.java:lambda$1(166)) - Loading snapshot. Table key: /vol1/bucket2/snap1
2023-06-29 22:12:50,989 [KeyDeletingService#0] INFO  snapshot.SnapshotCache (SnapshotCache.java:lambda$1(166)) - Loading snapshot. Table key: /vol1/bucket2/snap1
2023-06-29 22:12:50,989 [KeyDeletingService#0] INFO  snapshot.SnapshotCache (SnapshotCache.java:lambda$1(166)) - Loading snapshot. Table key: /vol1/bucket2/snap1
2023-06-29 22:12:50,990 [KeyDeletingService#0] INFO  snapshot.SnapshotCache (SnapshotCache.java:lambda$1(166)) - Loading snapshot. Table key: /vol1/bucket2/snap1
2023-06-29 22:12:51,007 [KeyDeletingService#0] INFO  snapshot.SnapshotCache (SnapshotCache.java:lambda$1(166)) - Loading snapshot. Table key: /vol1/bucket2/snap1
2023-06-29 22:12:51,007 [KeyDeletingService#0] INFO  snapshot.SnapshotCache (SnapshotCache.java:lambda$1(166)) - Loading snapshot. Table key: /vol1/bucket2/snap1
2023-06-29 22:12:51,008 [KeyDeletingService#0] INFO  snapshot.SnapshotCache (SnapshotCache.java:lambda$1(166)) - Loading snapshot. Table key: /vol1/bucket2/snap1
2023-06-29 22:12:51,486 [KeyDeletingService#0] INFO  snapshot.SnapshotCache (SnapshotCache.java:lambda$1(166)) - Loading snapshot. Table key: /vol1/bucket2/snap1
2023-06-29 22:12:51,487 [KeyDeletingService#0] INFO  snapshot.SnapshotCache (SnapshotCache.java:lambda$1(166)) - Loading snapshot. Table key: /vol1/bucket2/snap1
2023-06-29 22:12:51,487 [KeyDeletingService#0] INFO  snapshot.SnapshotCache (SnapshotCache.java:lambda$1(166)) - Loading snapshot. Table key: /vol1/bucket2/snap1
2023-06-29 22:12:51,487 [KeyDeletingService#0] INFO  snapshot.SnapshotCache (SnapshotCache.java:lambda$1(166)) - Loading snapshot. Table key: /vol1/bucket2/snap1
2023-06-29 22:12:51,487 [KeyDeletingService#0] INFO  snapshot.SnapshotCache (SnapshotCache.java:lambda$1(166)) - Loading snapshot. Table key: /vol1/bucket2/snap1
2023-06-29 22:12:51,488 [KeyDeletingService#0] INFO  snapshot.SnapshotCache (SnapshotCache.java:lambda$1(166)) - Loading snapshot. Table key: /vol1/bucket2/snap1
2023-06-29 22:12:51,488 [KeyDeletingService#0] INFO  snapshot.SnapshotCache (SnapshotCache.java:lambda$1(166)) - Loading snapshot. Table key: /vol1/bucket2/snap1
2023-06-29 22:12:51,488 [KeyDeletingService#0] INFO  snapshot.SnapshotCache (SnapshotCache.java:lambda$1(166)) - Loading snapshot. Table key: /vol1/bucket2/snap1
2023-06-29 22:12:51,488 [KeyDeletingService#0] INFO  snapshot.SnapshotCache (SnapshotCache.java:lambda$1(166)) - Loading snapshot. Table key: /vol1/bucket2/snap1
2023-06-29 22:12:51,489 [KeyDeletingService#0] INFO  snapshot.SnapshotCache (SnapshotCache.java:lambda$1(166)) - Loading snapshot. Table key: /vol1/bucket2/snap1
2023-06-29 22:12:51,489 [KeyDeletingService#0] INFO  snapshot.SnapshotCache (SnapshotCache.java:lambda$1(166)) - Loading snapshot. Table key: /vol1/bucket2/snap1
2023-06-29 22:12:51,489 [KeyDeletingService#0] INFO  snapshot.SnapshotCache (SnapshotCache.java:lambda$1(166)) - Loading snapshot. Table key: /vol1/bucket2/snap1
2023-06-29 22:12:51,489 [KeyDeletingService#0] INFO  snapshot.SnapshotCache (SnapshotCache.java:lambda$1(166)) - Loading snapshot. Table key: /vol1/bucket2/snap1
2023-06-29 22:12:51,507 [KeyDeletingService#0] INFO  snapshot.SnapshotCache (SnapshotCache.java:lambda$1(166)) - Loading snapshot. Table key: /vol1/bucket2/snap1
2023-06-29 22:12:51,507 [KeyDeletingService#0] INFO  snapshot.SnapshotCache (SnapshotCache.java:lambda$1(166)) - Loading snapshot. Table key: /vol1/bucket2/snap1
2023-06-29 22:12:51,508 [KeyDeletingService#0] INFO  snapshot.SnapshotCache (SnapshotCache.java:lambda$1(166)) - Loading snapshot. Table key: /vol1/bucket2/snap1
2023-06-29 22:12:51,593 [main] INFO  ozone.TestSnapshotDeletingService (TestSnapshotDeletingService.java:assertTableRowCount(565)) - deletedTable actual row count=13, expectedCount=15
2023-06-29 22:12:51,986 [KeyDeletingService#0] INFO  snapshot.SnapshotCache (SnapshotCache.java:lambda$1(166)) - Loading snapshot. Table key: /vol1/bucket2/snap1
2023-06-29 22:12:51,987 [KeyDeletingService#0] INFO  snapshot.SnapshotCache (SnapshotCache.java:lambda$1(166)) - Loading snapshot. Table key: /vol1/bucket2/snap1
2023-06-29 22:12:51,987 [KeyDeletingService#0] INFO  snapshot.SnapshotCache (SnapshotCache.java:lambda$1(166)) - Loading snapshot. Table key: /vol1/bucket2/snap1
2023-06-29 22:12:51,987 [KeyDeletingService#0] INFO  snapshot.SnapshotCache (SnapshotCache.java:lambda$1(166)) - Loading snapshot. Table key: /vol1/bucket2/snap1
2023-06-29 22:12:51,987 [KeyDeletingService#0] INFO  snapshot.SnapshotCache (SnapshotCache.java:lambda$1(166)) - Loading snapshot. Table key: /vol1/bucket2/snap1
2023-06-29 22:12:51,988 [KeyDeletingService#0] INFO  snapshot.SnapshotCache (SnapshotCache.java:lambda$1(166)) - Loading snapshot. Table key: /vol1/bucket2/snap1
2023-06-29 22:12:51,988 [KeyDeletingService#0] INFO  snapshot.SnapshotCache (SnapshotCache.java:lambda$1(166)) - Loading snapshot. Table key: /vol1/bucket2/snap1
2023-06-29 22:12:51,988 [KeyDeletingService#0] INFO  snapshot.SnapshotCache (SnapshotCache.java:lambda$1(166)) - Loading snapshot. Table key: /vol1/bucket2/snap1
2023-06-29 22:12:51,989 [KeyDeletingService#0] INFO  snapshot.SnapshotCache (SnapshotCache.java:lambda$1(166)) - Loading snapshot. Table key: /vol1/bucket2/snap1
2023-06-29 22:12:51,989 [KeyDeletingService#0] INFO  snapshot.SnapshotCache (SnapshotCache.java:lambda$1(166)) - Loading snapshot. Table key: /vol1/bucket2/snap1
2023-06-29 22:12:51,989 [KeyDeletingService#0] INFO  snapshot.SnapshotCache (SnapshotCache.java:lambda$1(166)) - Loading snapshot. Table key: /vol1/bucket2/snap1
2023-06-29 22:12:51,989 [KeyDeletingService#0] INFO  snapshot.SnapshotCache (SnapshotCache.java:lambda$1(166)) - Loading snapshot. Table key: /vol1/bucket2/snap1
2023-06-29 22:12:51,990 [KeyDeletingService#0] INFO  snapshot.SnapshotCache (SnapshotCache.java:lambda$1(166)) - Loading snapshot. Table key: /vol1/bucket2/snap1
2023-06-29 22:12:52,007 [KeyDeletingService#0] INFO  snapshot.SnapshotCache (SnapshotCache.java:lambda$1(166)) - Loading snapshot. Table key: /vol1/bucket2/snap1
2023-06-29 22:12:52,008 [KeyDeletingService#0] INFO  snapshot.SnapshotCache (SnapshotCache.java:lambda$1(166)) - Loading snapshot. Table key: /vol1/bucket2/snap1
2023-06-29 22:12:52,008 [KeyDeletingService#0] INFO  snapshot.SnapshotCache (SnapshotCache.java:lambda$1(166)) - Loading snapshot. Table key: /vol1/bucket2/snap1
2023-06-29 22:12:52,486 [KeyDeletingService#0] INFO  snapshot.SnapshotCache (SnapshotCache.java:lambda$1(166)) - Loading snapshot. Table key: /vol1/bucket2/snap1
2023-06-29 22:12:52,487 [KeyDeletingService#0] INFO  snapshot.SnapshotCache (SnapshotCache.java:lambda$1(166)) - Loading snapshot. Table key: /vol1/bucket2/snap1
2023-06-29 22:12:52,487 [KeyDeletingService#0] INFO  snapshot.SnapshotCache (SnapshotCache.java:lambda$1(166)) - Loading snapshot. Table key: /vol1/bucket2/snap1
2023-06-29 22:12:52,487 [KeyDeletingService#0] INFO  snapshot.SnapshotCache (SnapshotCache.java:lambda$1(166)) - Loading snapshot. Table key: /vol1/bucket2/snap1
2023-06-29 22:12:52,488 [KeyDeletingService#0] INFO  snapshot.SnapshotCache (SnapshotCache.java:lambda$1(166)) - Loading snapshot. Table key: /vol1/bucket2/snap1
2023-06-29 22:12:52,488 [KeyDeletingService#0] INFO  snapshot.SnapshotCache (SnapshotCache.java:lambda$1(166)) - Loading snapshot. Table key: /vol1/bucket2/snap1
2023-06-29 22:12:52,488 [KeyDeletingService#0] INFO  snapshot.SnapshotCache (SnapshotCache.java:lambda$1(166)) - Loading snapshot. Table key: /vol1/bucket2/snap1
2023-06-29 22:12:52,488 [KeyDeletingService#0] INFO  snapshot.SnapshotCache (SnapshotCache.java:lambda$1(166)) - Loading snapshot. Table key: /vol1/bucket2/snap1
2023-06-29 22:12:52,492 [KeyDeletingService#0] INFO  snapshot.SnapshotCache (SnapshotCache.java:lambda$1(166)) - Loading snapshot. Table key: /vol1/bucket2/snap1
2023-06-29 22:12:52,493 [KeyDeletingService#0] INFO  snapshot.SnapshotCache (SnapshotCache.java:lambda$1(166)) - Loading snapshot. Table key: /vol1/bucket2/snap1
2023-06-29 22:12:52,493 [KeyDeletingService#0] INFO  snapshot.SnapshotCache (SnapshotCache.java:lambda$1(166)) - Loading snapshot. Table key: /vol1/bucket2/snap1
2023-06-29 22:12:52,493 [KeyDeletingService#0] INFO  snapshot.SnapshotCache (SnapshotCache.java:lambda$1(166)) - Loading snapshot. Table key: /vol1/bucket2/snap1
2023-06-29 22:12:52,493 [KeyDeletingService#0] INFO  snapshot.SnapshotCache (SnapshotCache.java:lambda$1(166)) - Loading snapshot. Table key: /vol1/bucket2/snap1
2023-06-29 22:12:52,507 [KeyDeletingService#0] INFO  snapshot.SnapshotCache (SnapshotCache.java:lambda$1(166)) - Loading snapshot. Table key: /vol1/bucket2/snap1
2023-06-29 22:12:52,508 [KeyDeletingService#0] INFO  snapshot.SnapshotCache (SnapshotCache.java:lambda$1(166)) - Loading snapshot. Table key: /vol1/bucket2/snap1
2023-06-29 22:12:52,508 [KeyDeletingService#0] INFO  snapshot.SnapshotCache (SnapshotCache.java:lambda$1(166)) - Loading snapshot. Table key: /vol1/bucket2/snap1
2023-06-29 22:12:52,594 [main] INFO  ozone.TestSnapshotDeletingService (TestSnapshotDeletingService.java:assertTableRowCount(565)) - deletedTable actual row count=13, expectedCount=15
2023-06-29 22:12:52,986 [KeyDeletingService#0] INFO  snapshot.SnapshotCache (SnapshotCache.java:lambda$1(166)) - Loading snapshot. Table key: /vol1/bucket2/snap1
2023-06-29 22:12:52,987 [KeyDeletingService#0] INFO  snapshot.SnapshotCache (SnapshotCache.java:lambda$1(166)) - Loading snapshot. Table key: /vol1/bucket2/snap1
2023-06-29 22:12:52,987 [KeyDeletingService#0] INFO  snapshot.SnapshotCache (SnapshotCache.java:lambda$1(166)) - Loading snapshot. Table key: /vol1/bucket2/snap1
2023-06-29 22:12:52,988 [KeyDeletingService#0] INFO  snapshot.SnapshotCache (SnapshotCache.java:lambda$1(166)) - Loading snapshot. Table key: /vol1/bucket2/snap1
2023-06-29 22:12:52,988 [KeyDeletingService#0] INFO  snapshot.SnapshotCache (SnapshotCache.java:lambda$1(166)) - Loading snapshot. Table key: /vol1/bucket2/snap1
2023-06-29 22:12:52,988 [KeyDeletingService#0] INFO  snapshot.SnapshotCache (SnapshotCache.java:lambda$1(166)) - Loading snapshot. Table key: /vol1/bucket2/snap1
2023-06-29 22:12:52,989 [KeyDeletingService#0] INFO  snapshot.SnapshotCache (SnapshotCache.java:lambda$1(166)) - Loading snapshot. Table key: /vol1/bucket2/snap1
2023-06-29 22:12:52,989 [KeyDeletingService#0] INFO  snapshot.SnapshotCache (SnapshotCache.java:lambda$1(166)) - Loading snapshot. Table key: /vol1/bucket2/snap1
2023-06-29 22:12:52,989 [KeyDeletingService#0] INFO  snapshot.SnapshotCache (SnapshotCache.java:lambda$1(166)) - Loading snapshot. Table key: /vol1/bucket2/snap1
2023-06-29 22:12:52,989 [KeyDeletingService#0] INFO  snapshot.SnapshotCache (SnapshotCache.java:lambda$1(166)) - Loading snapshot. Table key: /vol1/bucket2/snap1
2023-06-29 22:12:52,990 [KeyDeletingService#0] INFO  snapshot.SnapshotCache (SnapshotCache.java:lambda$1(166)) - Loading snapshot. Table key: /vol1/bucket2/snap1
2023-06-29 22:12:52,990 [KeyDeletingService#0] INFO  snapshot.SnapshotCache (SnapshotCache.java:lambda$1(166)) - Loading snapshot. Table key: /vol1/bucket2/snap1
2023-06-29 22:12:52,990 [KeyDeletingService#0] INFO  snapshot.SnapshotCache (SnapshotCache.java:lambda$1(166)) - Loading snapshot. Table key: /vol1/bucket2/snap1
2023-06-29 22:12:53,007 [KeyDeletingService#0] INFO  snapshot.SnapshotCache (SnapshotCache.java:lambda$1(166)) - Loading snapshot. Table key: /vol1/bucket2/snap1
2023-06-29 22:12:53,008 [KeyDeletingService#0] INFO  snapshot.SnapshotCache (SnapshotCache.java:lambda$1(166)) - Loading snapshot. Table key: /vol1/bucket2/snap1
2023-06-29 22:12:53,008 [KeyDeletingService#0] INFO  snapshot.SnapshotCache (SnapshotCache.java:lambda$1(166)) - Loading snapshot. Table key: /vol1/bucket2/snap1
2023-06-29 22:12:53,487 [KeyDeletingService#0] INFO  snapshot.SnapshotCache (SnapshotCache.java:lambda$1(166)) - Loading snapshot. Table key: /vol1/bucket2/snap1
2023-06-29 22:12:53,487 [KeyDeletingService#0] INFO  snapshot.SnapshotCache (SnapshotCache.java:lambda$1(166)) - Loading snapshot. Table key: /vol1/bucket2/snap1
2023-06-29 22:12:53,487 [KeyDeletingService#0] INFO  snapshot.SnapshotCache (SnapshotCache.java:lambda$1(166)) - Loading snapshot. Table key: /vol1/bucket2/snap1
2023-06-29 22:12:53,487 [KeyDeletingService#0] INFO  snapshot.SnapshotCache (SnapshotCache.java:lambda$1(166)) - Loading snapshot. Table key: /vol1/bucket2/snap1
2023-06-29 22:12:53,488 [KeyDeletingService#0] INFO  snapshot.SnapshotCache (SnapshotCache.java:lambda$1(166)) - Loading snapshot. Table key: /vol1/bucket2/snap1
2023-06-29 22:12:53,488 [KeyDeletingService#0] INFO  snapshot.SnapshotCache (SnapshotCache.java:lambda$1(166)) - Loading snapshot. Table key: /vol1/bucket2/snap1
2023-06-29 22:12:53,488 [KeyDeletingService#0] INFO  snapshot.SnapshotCache (SnapshotCache.java:lambda$1(166)) - Loading snapshot. Table key: /vol1/bucket2/snap1
2023-06-29 22:12:53,489 [KeyDeletingService#0] INFO  snapshot.SnapshotCache (SnapshotCache.java:lambda$1(166)) - Loading snapshot. Table key: /vol1/bucket2/snap1
2023-06-29 22:12:53,489 [KeyDeletingService#0] INFO  snapshot.SnapshotCache (SnapshotCache.java:lambda$1(166)) - Loading snapshot. Table key: /vol1/bucket2/snap1
2023-06-29 22:12:53,489 [KeyDeletingService#0] INFO  snapshot.SnapshotCache (SnapshotCache.java:lambda$1(166)) - Loading snapshot. Table key: /vol1/bucket2/snap1
2023-06-29 22:12:53,489 [KeyDeletingService#0] INFO  snapshot.SnapshotCache (SnapshotCache.java:lambda$1(166)) - Loading snapshot. Table key: /vol1/bucket2/snap1
2023-06-29 22:12:53,490 [KeyDeletingService#0] INFO  snapshot.SnapshotCache (SnapshotCache.java:lambda$1(166)) - Loading snapshot. Table key: /vol1/bucket2/snap1
2023-06-29 22:12:53,490 [KeyDeletingService#0] INFO  snapshot.SnapshotCache (SnapshotCache.java:lambda$1(166)) - Loading snapshot. Table key: /vol1/bucket2/snap1
2023-06-29 22:12:53,507 [KeyDeletingService#0] INFO  snapshot.SnapshotCache (SnapshotCache.java:lambda$1(166)) - Loading snapshot. Table key: /vol1/bucket2/snap1
2023-06-29 22:12:53,508 [KeyDeletingService#0] INFO  snapshot.SnapshotCache (SnapshotCache.java:lambda$1(166)) - Loading snapshot. Table key: /vol1/bucket2/snap1
2023-06-29 22:12:53,508 [KeyDeletingService#0] INFO  snapshot.SnapshotCache (SnapshotCache.java:lambda$1(166)) - Loading snapshot. Table key: /vol1/bucket2/snap1
2023-06-29 22:12:53,595 [main] INFO  ozone.TestSnapshotDeletingService (TestSnapshotDeletingService.java:assertTableRowCount(565)) - deletedTable actual row count=13, expectedCount=15
2023-06-29 22:12:53,987 [KeyDeletingService#0] INFO  snapshot.SnapshotCache (SnapshotCache.java:lambda$1(166)) - Loading snapshot. Table key: /vol1/bucket2/snap1
2023-06-29 22:12:53,987 [KeyDeletingService#0] INFO  snapshot.SnapshotCache (SnapshotCache.java:lambda$1(166)) - Loading snapshot. Table key: /vol1/bucket2/snap1
2023-06-29 22:12:53,987 [KeyDeletingService#0] INFO  snapshot.SnapshotCache (SnapshotCache.java:lambda$1(166)) - Loading snapshot. Table key: /vol1/bucket2/snap1
2023-06-29 22:12:53,988 [KeyDeletingService#0] INFO  snapshot.SnapshotCache (SnapshotCache.java:lambda$1(166)) - Loading snapshot. Table key: /vol1/bucket2/snap1
2023-06-29 22:12:53,988 [KeyDeletingService#0] INFO  snapshot.SnapshotCache (SnapshotCache.java:lambda$1(166)) - Loading snapshot. Table key: /vol1/bucket2/snap1
2023-06-29 22:12:53,988 [KeyDeletingService#0] INFO  snapshot.SnapshotCache (SnapshotCache.java:lambda$1(166)) - Loading snapshot. Table key: /vol1/bucket2/snap1
2023-06-29 22:12:53,988 [KeyDeletingService#0] INFO  snapshot.SnapshotCache (SnapshotCache.java:lambda$1(166)) - Loading snapshot. Table key: /vol1/bucket2/snap1
2023-06-29 22:12:53,989 [KeyDeletingService#0] INFO  snapshot.SnapshotCache (SnapshotCache.java:lambda$1(166)) - Loading snapshot. Table key: /vol1/bucket2/snap1
2023-06-29 22:12:53,989 [KeyDeletingService#0] INFO  snapshot.SnapshotCache (SnapshotCache.java:lambda$1(166)) - Loading snapshot. Table key: /vol1/bucket2/snap1
2023-06-29 22:12:53,989 [KeyDeletingService#0] INFO  snapshot.SnapshotCache (SnapshotCache.java:lambda$1(166)) - Loading snapshot. Table key: /vol1/bucket2/snap1
2023-06-29 22:12:53,989 [KeyDeletingService#0] INFO  snapshot.SnapshotCache (SnapshotCache.java:lambda$1(166)) - Loading snapshot. Table key: /vol1/bucket2/snap1
2023-06-29 22:12:53,990 [KeyDeletingService#0] INFO  snapshot.SnapshotCache (SnapshotCache.java:lambda$1(166)) - Loading snapshot. Table key: /vol1/bucket2/snap1
2023-06-29 22:12:53,990 [KeyDeletingService#0] INFO  snapshot.SnapshotCache (SnapshotCache.java:lambda$1(166)) - Loading snapshot. Table key: /vol1/bucket2/snap1
2023-06-29 22:12:54,007 [KeyDeletingService#0] INFO  snapshot.SnapshotCache (SnapshotCache.java:lambda$1(166)) - Loading snapshot. Table key: /vol1/bucket2/snap1
2023-06-29 22:12:54,008 [KeyDeletingService#0] INFO  snapshot.SnapshotCache (SnapshotCache.java:lambda$1(166)) - Loading snapshot. Table key: /vol1/bucket2/snap1
2023-06-29 22:12:54,008 [KeyDeletingService#0] INFO  snapshot.SnapshotCache (SnapshotCache.java:lambda$1(166)) - Loading snapshot. Table key: /vol1/bucket2/snap1
2023-06-29 22:12:54,487 [KeyDeletingService#0] INFO  snapshot.SnapshotCache (SnapshotCache.java:lambda$1(166)) - Loading snapshot. Table key: /vol1/bucket2/snap1
2023-06-29 22:12:54,487 [KeyDeletingService#0] INFO  snapshot.SnapshotCache (SnapshotCache.java:lambda$1(166)) - Loading snapshot. Table key: /vol1/bucket2/snap1
2023-06-29 22:12:54,487 [KeyDeletingService#0] INFO  snapshot.SnapshotCache (SnapshotCache.java:lambda$1(166)) - Loading snapshot. Table key: /vol1/bucket2/snap1
2023-06-29 22:12:54,488 [KeyDeletingService#0] INFO  snapshot.SnapshotCache (SnapshotCache.java:lambda$1(166)) - Loading snapshot. Table key: /vol1/bucket2/snap1
2023-06-29 22:12:54,488 [KeyDeletingService#0] INFO  snapshot.SnapshotCache (SnapshotCache.java:lambda$1(166)) - Loading snapshot. Table key: /vol1/bucket2/snap1
2023-06-29 22:12:54,488 [KeyDeletingService#0] INFO  snapshot.SnapshotCache (SnapshotCache.java:lambda$1(166)) - Loading snapshot. Table key: /vol1/bucket2/snap1
2023-06-29 22:12:54,488 [KeyDeletingService#0] INFO  snapshot.SnapshotCache (SnapshotCache.java:lambda$1(166)) - Loading snapshot. Table key: /vol1/bucket2/snap1
2023-06-29 22:12:54,489 [KeyDeletingService#0] INFO  snapshot.SnapshotCache (SnapshotCache.java:lambda$1(166)) - Loading snapshot. Table key: /vol1/bucket2/snap1
2023-06-29 22:12:54,489 [KeyDeletingService#0] INFO  snapshot.SnapshotCache (SnapshotCache.java:lambda$1(166)) - Loading snapshot. Table key: /vol1/bucket2/snap1
2023-06-29 22:12:54,489 [KeyDeletingService#0] INFO  snapshot.SnapshotCache (SnapshotCache.java:lambda$1(166)) - Loading snapshot. Table key: /vol1/bucket2/snap1
2023-06-29 22:12:54,489 [KeyDeletingService#0] INFO  snapshot.SnapshotCache (SnapshotCache.java:lambda$1(166)) - Loading snapshot. Table key: /vol1/bucket2/snap1
2023-06-29 22:12:54,490 [KeyDeletingService#0] INFO  snapshot.SnapshotCache (SnapshotCache.java:lambda$1(166)) - Loading snapshot. Table key: /vol1/bucket2/snap1
2023-06-29 22:12:54,490 [KeyDeletingService#0] INFO  snapshot.SnapshotCache (SnapshotCache.java:lambda$1(166)) - Loading snapshot. Table key: /vol1/bucket2/snap1
2023-06-29 22:12:54,508 [KeyDeletingService#0] INFO  snapshot.SnapshotCache (SnapshotCache.java:lambda$1(166)) - Loading snapshot. Table key: /vol1/bucket2/snap1
2023-06-29 22:12:54,508 [KeyDeletingService#0] INFO  snapshot.SnapshotCache (SnapshotCache.java:lambda$1(166)) - Loading snapshot. Table key: /vol1/bucket2/snap1
2023-06-29 22:12:54,508 [KeyDeletingService#0] INFO  snapshot.SnapshotCache (SnapshotCache.java:lambda$1(166)) - Loading snapshot. Table key: /vol1/bucket2/snap1
2023-06-29 22:12:54,596 [main] INFO  ozone.TestSnapshotDeletingService (TestSnapshotDeletingService.java:assertTableRowCount(565)) - deletedTable actual row count=13, expectedCount=15
2023-06-29 22:12:54,987 [KeyDeletingService#0] INFO  snapshot.SnapshotCache (SnapshotCache.java:lambda$1(166)) - Loading snapshot. Table key: /vol1/bucket2/snap1
2023-06-29 22:12:54,987 [KeyDeletingService#0] INFO  snapshot.SnapshotCache (SnapshotCache.java:lambda$1(166)) - Loading snapshot. Table key: /vol1/bucket2/snap1
2023-06-29 22:12:54,987 [KeyDeletingService#0] INFO  snapshot.SnapshotCache (SnapshotCache.java:lambda$1(166)) - Loading snapshot. Table key: /vol1/bucket2/snap1
2023-06-29 22:12:54,988 [KeyDeletingService#0] INFO  snapshot.SnapshotCache (SnapshotCache.java:lambda$1(166)) - Loading snapshot. Table key: /vol1/bucket2/snap1
2023-06-29 22:12:54,988 [KeyDeletingService#0] INFO  snapshot.SnapshotCache (SnapshotCache.java:lambda$1(166)) - Loading snapshot. Table key: /vol1/bucket2/snap1
2023-06-29 22:12:54,988 [KeyDeletingService#0] INFO  snapshot.SnapshotCache (SnapshotCache.java:lambda$1(166)) - Loading snapshot. Table key: /vol1/bucket2/snap1
2023-06-29 22:12:54,989 [KeyDeletingService#0] INFO  snapshot.SnapshotCache (SnapshotCache.java:lambda$1(166)) - Loading snapshot. Table key: /vol1/bucket2/snap1
2023-06-29 22:12:54,989 [KeyDeletingService#0] INFO  snapshot.SnapshotCache (SnapshotCache.java:lambda$1(166)) - Loading snapshot. Table key: /vol1/bucket2/snap1
2023-06-29 22:12:54,989 [KeyDeletingService#0] INFO  snapshot.SnapshotCache (SnapshotCache.java:lambda$1(166)) - Loading snapshot. Table key: /vol1/bucket2/snap1
2023-06-29 22:12:54,989 [KeyDeletingService#0] INFO  snapshot.SnapshotCache (SnapshotCache.java:lambda$1(166)) - Loading snapshot. Table key: /vol1/bucket2/snap1
2023-06-29 22:12:54,990 [KeyDeletingService#0] INFO  snapshot.SnapshotCache (SnapshotCache.java:lambda$1(166)) - Loading snapshot. Table key: /vol1/bucket2/snap1
2023-06-29 22:12:54,990 [KeyDeletingService#0] INFO  snapshot.SnapshotCache (SnapshotCache.java:lambda$1(166)) - Loading snapshot. Table key: /vol1/bucket2/snap1
2023-06-29 22:12:54,990 [KeyDeletingService#0] INFO  snapshot.SnapshotCache (SnapshotCache.java:lambda$1(166)) - Loading snapshot. Table key: /vol1/bucket2/snap1
2023-06-29 22:12:55,008 [KeyDeletingService#0] INFO  snapshot.SnapshotCache (SnapshotCache.java:lambda$1(166)) - Loading snapshot. Table key: /vol1/bucket2/snap1
2023-06-29 22:12:55,008 [KeyDeletingService#0] INFO  snapshot.SnapshotCache (SnapshotCache.java:lambda$1(166)) - Loading snapshot. Table key: /vol1/bucket2/snap1
2023-06-29 22:12:55,008 [KeyDeletingService#0] INFO  snapshot.SnapshotCache (SnapshotCache.java:lambda$1(166)) - Loading snapshot. Table key: /vol1/bucket2/snap1
2023-06-29 22:12:55,487 [KeyDeletingService#0] INFO  snapshot.SnapshotCache (SnapshotCache.java:lambda$1(166)) - Loading snapshot. Table key: /vol1/bucket2/snap1
2023-06-29 22:12:55,487 [KeyDeletingService#0] INFO  snapshot.SnapshotCache (SnapshotCache.java:lambda$1(166)) - Loading snapshot. Table key: /vol1/bucket2/snap1
2023-06-29 22:12:55,488 [KeyDeletingService#0] INFO  snapshot.SnapshotCache (SnapshotCache.java:lambda$1(166)) - Loading snapshot. Table key: /vol1/bucket2/snap1
2023-06-29 22:12:55,488 [KeyDeletingService#0] INFO  snapshot.SnapshotCache (SnapshotCache.java:lambda$1(166)) - Loading snapshot. Table key: /vol1/bucket2/snap1
2023-06-29 22:12:55,488 [KeyDeletingService#0] INFO  snapshot.SnapshotCache (SnapshotCache.java:lambda$1(166)) - Loading snapshot. Table key: /vol1/bucket2/snap1
2023-06-29 22:12:55,488 [KeyDeletingService#0] INFO  snapshot.SnapshotCache (SnapshotCache.java:lambda$1(166)) - Loading snapshot. Table key: /vol1/bucket2/snap1
2023-06-29 22:12:55,489 [KeyDeletingService#0] INFO  snapshot.SnapshotCache (SnapshotCache.java:lambda$1(166)) - Loading snapshot. Table key: /vol1/bucket2/snap1
2023-06-29 22:12:55,489 [KeyDeletingService#0] INFO  snapshot.SnapshotCache (SnapshotCache.java:lambda$1(166)) - Loading snapshot. Table key: /vol1/bucket2/snap1
2023-06-29 22:12:55,489 [KeyDeletingService#0] INFO  snapshot.SnapshotCache (SnapshotCache.java:lambda$1(166)) - Loading snapshot. Table key: /vol1/bucket2/snap1
2023-06-29 22:12:55,489 [KeyDeletingService#0] INFO  snapshot.SnapshotCache (SnapshotCache.java:lambda$1(166)) - Loading snapshot. Table key: /vol1/bucket2/snap1
2023-06-29 22:12:55,490 [KeyDeletingService#0] INFO  snapshot.SnapshotCache (SnapshotCache.java:lambda$1(166)) - Loading snapshot. Table key: /vol1/bucket2/snap1
2023-06-29 22:12:55,490 [KeyDeletingService#0] INFO  snapshot.SnapshotCache (SnapshotCache.java:lambda$1(166)) - Loading snapshot. Table key: /vol1/bucket2/snap1
2023-06-29 22:12:55,490 [KeyDeletingService#0] INFO  snapshot.SnapshotCache (SnapshotCache.java:lambda$1(166)) - Loading snapshot. Table key: /vol1/bucket2/snap1
2023-06-29 22:12:55,508 [KeyDeletingService#0] INFO  snapshot.SnapshotCache (SnapshotCache.java:lambda$1(166)) - Loading snapshot. Table key: /vol1/bucket2/snap1
2023-06-29 22:12:55,508 [KeyDeletingService#0] INFO  snapshot.SnapshotCache (SnapshotCache.java:lambda$1(166)) - Loading snapshot. Table key: /vol1/bucket2/snap1
2023-06-29 22:12:55,508 [KeyDeletingService#0] INFO  snapshot.SnapshotCache (SnapshotCache.java:lambda$1(166)) - Loading snapshot. Table key: /vol1/bucket2/snap1
2023-06-29 22:12:55,597 [main] INFO  ozone.TestSnapshotDeletingService (TestSnapshotDeletingService.java:assertTableRowCount(565)) - deletedTable actual row count=13, expectedCount=15
2023-06-29 22:12:55,987 [KeyDeletingService#0] INFO  snapshot.SnapshotCache (SnapshotCache.java:lambda$1(166)) - Loading snapshot. Table key: /vol1/bucket2/snap1
2023-06-29 22:12:55,987 [KeyDeletingService#0] INFO  snapshot.SnapshotCache (SnapshotCache.java:lambda$1(166)) - Loading snapshot. Table key: /vol1/bucket2/snap1
2023-06-29 22:12:55,988 [KeyDeletingService#0] INFO  snapshot.SnapshotCache (SnapshotCache.java:lambda$1(166)) - Loading snapshot. Table key: /vol1/bucket2/snap1
2023-06-29 22:12:55,988 [KeyDeletingService#0] INFO  snapshot.SnapshotCache (SnapshotCache.java:lambda$1(166)) - Loading snapshot. Table key: /vol1/bucket2/snap1
2023-06-29 22:12:55,988 [KeyDeletingService#0] INFO  snapshot.SnapshotCache (SnapshotCache.java:lambda$1(166)) - Loading snapshot. Table key: /vol1/bucket2/snap1
2023-06-29 22:12:55,988 [KeyDeletingService#0] INFO  snapshot.SnapshotCache (SnapshotCache.java:lambda$1(166)) - Loading snapshot. Table key: /vol1/bucket2/snap1
2023-06-29 22:12:55,989 [KeyDeletingService#0] INFO  snapshot.SnapshotCache (SnapshotCache.java:lambda$1(166)) - Loading snapshot. Table key: /vol1/bucket2/snap1
2023-06-29 22:12:55,989 [KeyDeletingService#0] INFO  snapshot.SnapshotCache (SnapshotCache.java:lambda$1(166)) - Loading snapshot. Table key: /vol1/bucket2/snap1
2023-06-29 22:12:55,989 [KeyDeletingService#0] INFO  snapshot.SnapshotCache (SnapshotCache.java:lambda$1(166)) - Loading snapshot. Table key: /vol1/bucket2/snap1
2023-06-29 22:12:55,990 [KeyDeletingService#0] INFO  snapshot.SnapshotCache (SnapshotCache.java:lambda$1(166)) - Loading snapshot. Table key: /vol1/bucket2/snap1
2023-06-29 22:12:55,990 [KeyDeletingService#0] INFO  snapshot.SnapshotCache (SnapshotCache.java:lambda$1(166)) - Loading snapshot. Table key: /vol1/bucket2/snap1
2023-06-29 22:12:55,990 [KeyDeletingService#0] INFO  snapshot.SnapshotCache (SnapshotCache.java:lambda$1(166)) - Loading snapshot. Table key: /vol1/bucket2/snap1
2023-06-29 22:12:55,990 [KeyDeletingService#0] INFO  snapshot.SnapshotCache (SnapshotCache.java:lambda$1(166)) - Loading snapshot. Table key: /vol1/bucket2/snap1
2023-06-29 22:12:56,008 [KeyDeletingService#0] INFO  snapshot.SnapshotCache (SnapshotCache.java:lambda$1(166)) - Loading snapshot. Table key: /vol1/bucket2/snap1
2023-06-29 22:12:56,008 [KeyDeletingService#0] INFO  snapshot.SnapshotCache (SnapshotCache.java:lambda$1(166)) - Loading snapshot. Table key: /vol1/bucket2/snap1
2023-06-29 22:12:56,008 [KeyDeletingService#0] INFO  snapshot.SnapshotCache (SnapshotCache.java:lambda$1(166)) - Loading snapshot. Table key: /vol1/bucket2/snap1
2023-06-29 22:12:56,487 [KeyDeletingService#0] INFO  snapshot.SnapshotCache (SnapshotCache.java:lambda$1(166)) - Loading snapshot. Table key: /vol1/bucket2/snap1
2023-06-29 22:12:56,488 [KeyDeletingService#0] INFO  snapshot.SnapshotCache (SnapshotCache.java:lambda$1(166)) - Loading snapshot. Table key: /vol1/bucket2/snap1
2023-06-29 22:12:56,488 [KeyDeletingService#0] INFO  snapshot.SnapshotCache (SnapshotCache.java:lambda$1(166)) - Loading snapshot. Table key: /vol1/bucket2/snap1
2023-06-29 22:12:56,488 [KeyDeletingService#0] INFO  snapshot.SnapshotCache (SnapshotCache.java:lambda$1(166)) - Loading snapshot. Table key: /vol1/bucket2/snap1
2023-06-29 22:12:56,488 [KeyDeletingService#0] INFO  snapshot.SnapshotCache (SnapshotCache.java:lambda$1(166)) - Loading snapshot. Table key: /vol1/bucket2/snap1
2023-06-29 22:12:56,489 [KeyDeletingService#0] INFO  snapshot.SnapshotCache (SnapshotCache.java:lambda$1(166)) - Loading snapshot. Table key: /vol1/bucket2/snap1
2023-06-29 22:12:56,489 [KeyDeletingService#0] INFO  snapshot.SnapshotCache (SnapshotCache.java:lambda$1(166)) - Loading snapshot. Table key: /vol1/bucket2/snap1
2023-06-29 22:12:56,489 [KeyDeletingService#0] INFO  snapshot.SnapshotCache (SnapshotCache.java:lambda$1(166)) - Loading snapshot. Table key: /vol1/bucket2/snap1
2023-06-29 22:12:56,490 [KeyDeletingService#0] INFO  snapshot.SnapshotCache (SnapshotCache.java:lambda$1(166)) - Loading snapshot. Table key: /vol1/bucket2/snap1
2023-06-29 22:12:56,490 [KeyDeletingService#0] INFO  snapshot.SnapshotCache (SnapshotCache.java:lambda$1(166)) - Loading snapshot. Table key: /vol1/bucket2/snap1
2023-06-29 22:12:56,490 [KeyDeletingService#0] INFO  snapshot.SnapshotCache (SnapshotCache.java:lambda$1(166)) - Loading snapshot. Table key: /vol1/bucket2/snap1
2023-06-29 22:12:56,490 [KeyDeletingService#0] INFO  snapshot.SnapshotCache (SnapshotCache.java:lambda$1(166)) - Loading snapshot. Table key: /vol1/bucket2/snap1
2023-06-29 22:12:56,491 [KeyDeletingService#0] INFO  snapshot.SnapshotCache (SnapshotCache.java:lambda$1(166)) - Loading snapshot. Table key: /vol1/bucket2/snap1
2023-06-29 22:12:56,508 [KeyDeletingService#0] INFO  snapshot.SnapshotCache (SnapshotCache.java:lambda$1(166)) - Loading snapshot. Table key: /vol1/bucket2/snap1
2023-06-29 22:12:56,508 [KeyDeletingService#0] INFO  snapshot.SnapshotCache (SnapshotCache.java:lambda$1(166)) - Loading snapshot. Table key: /vol1/bucket2/snap1
2023-06-29 22:12:56,509 [KeyDeletingService#0] INFO  snapshot.SnapshotCache (SnapshotCache.java:lambda$1(166)) - Loading snapshot. Table key: /vol1/bucket2/snap1
2023-06-29 22:12:56,598 [main] INFO  ozone.TestSnapshotDeletingService (TestSnapshotDeletingService.java:assertTableRowCount(565)) - deletedTable actual row count=13, expectedCount=15
2023-06-29 22:12:56,987 [KeyDeletingService#0] INFO  snapshot.SnapshotCache (SnapshotCache.java:lambda$1(166)) - Loading snapshot. Table key: /vol1/bucket2/snap1
2023-06-29 22:12:56,988 [KeyDeletingService#0] INFO  snapshot.SnapshotCache (SnapshotCache.java:lambda$1(166)) - Loading snapshot. Table key: /vol1/bucket2/snap1
2023-06-29 22:12:56,988 [KeyDeletingService#0] INFO  snapshot.SnapshotCache (SnapshotCache.java:lambda$1(166)) - Loading snapshot. Table key: /vol1/bucket2/snap1
2023-06-29 22:12:56,988 [KeyDeletingService#0] INFO  snapshot.SnapshotCache (SnapshotCache.java:lambda$1(166)) - Loading snapshot. Table key: /vol1/bucket2/snap1
2023-06-29 22:12:56,989 [KeyDeletingService#0] INFO  snapshot.SnapshotCache (SnapshotCache.java:lambda$1(166)) - Loading snapshot. Table key: /vol1/bucket2/snap1
2023-06-29 22:12:56,989 [KeyDeletingService#0] INFO  snapshot.SnapshotCache (SnapshotCache.java:lambda$1(166)) - Loading snapshot. Table key: /vol1/bucket2/snap1
2023-06-29 22:12:56,990 [KeyDeletingService#0] INFO  snapshot.SnapshotCache (SnapshotCache.java:lambda$1(166)) - Loading snapshot. Table key: /vol1/bucket2/snap1
2023-06-29 22:12:56,990 [KeyDeletingService#0] INFO  snapshot.SnapshotCache (SnapshotCache.java:lambda$1(166)) - Loading snapshot. Table key: /vol1/bucket2/snap1
2023-06-29 22:12:56,990 [KeyDeletingService#0] INFO  snapshot.SnapshotCache (SnapshotCache.java:lambda$1(166)) - Loading snapshot. Table key: /vol1/bucket2/snap1
2023-06-29 22:12:56,990 [KeyDeletingService#0] INFO  snapshot.SnapshotCache (SnapshotCache.java:lambda$1(166)) - Loading snapshot. Table key: /vol1/bucket2/snap1
2023-06-29 22:12:56,991 [KeyDeletingService#0] INFO  snapshot.SnapshotCache (SnapshotCache.java:lambda$1(166)) - Loading snapshot. Table key: /vol1/bucket2/snap1
2023-06-29 22:12:56,991 [KeyDeletingService#0] INFO  snapshot.SnapshotCache (SnapshotCache.java:lambda$1(166)) - Loading snapshot. Table key: /vol1/bucket2/snap1
2023-06-29 22:12:56,991 [KeyDeletingService#0] INFO  snapshot.SnapshotCache (SnapshotCache.java:lambda$1(166)) - Loading snapshot. Table key: /vol1/bucket2/snap1
2023-06-29 22:12:57,008 [KeyDeletingService#0] INFO  snapshot.SnapshotCache (SnapshotCache.java:lambda$1(166)) - Loading snapshot. Table key: /vol1/bucket2/snap1
2023-06-29 22:12:57,008 [KeyDeletingService#0] INFO  snapshot.SnapshotCache (SnapshotCache.java:lambda$1(166)) - Loading snapshot. Table key: /vol1/bucket2/snap1
2023-06-29 22:12:57,009 [KeyDeletingService#0] INFO  snapshot.SnapshotCache (SnapshotCache.java:lambda$1(166)) - Loading snapshot. Table key: /vol1/bucket2/snap1
2023-06-29 22:12:57,487 [KeyDeletingService#0] INFO  snapshot.SnapshotCache (SnapshotCache.java:lambda$1(166)) - Loading snapshot. Table key: /vol1/bucket2/snap1
2023-06-29 22:12:57,488 [KeyDeletingService#0] INFO  snapshot.SnapshotCache (SnapshotCache.java:lambda$1(166)) - Loading snapshot. Table key: /vol1/bucket2/snap1
2023-06-29 22:12:57,488 [KeyDeletingService#0] INFO  snapshot.SnapshotCache (SnapshotCache.java:lambda$1(166)) - Loading snapshot. Table key: /vol1/bucket2/snap1
2023-06-29 22:12:57,488 [KeyDeletingService#0] INFO  snapshot.SnapshotCache (SnapshotCache.java:lambda$1(166)) - Loading snapshot. Table key: /vol1/bucket2/snap1
2023-06-29 22:12:57,489 [KeyDeletingService#0] INFO  snapshot.SnapshotCache (SnapshotCache.java:lambda$1(166)) - Loading snapshot. Table key: /vol1/bucket2/snap1
2023-06-29 22:12:57,489 [KeyDeletingService#0] INFO  snapshot.SnapshotCache (SnapshotCache.java:lambda$1(166)) - Loading snapshot. Table key: /vol1/bucket2/snap1
2023-06-29 22:12:57,489 [KeyDeletingService#0] INFO  snapshot.SnapshotCache (SnapshotCache.java:lambda$1(166)) - Loading snapshot. Table key: /vol1/bucket2/snap1
2023-06-29 22:12:57,489 [KeyDeletingService#0] INFO  snapshot.SnapshotCache (SnapshotCache.java:lambda$1(166)) - Loading snapshot. Table key: /vol1/bucket2/snap1
2023-06-29 22:12:57,490 [KeyDeletingService#0] INFO  snapshot.SnapshotCache (SnapshotCache.java:lambda$1(166)) - Loading snapshot. Table key: /vol1/bucket2/snap1
2023-06-29 22:12:57,490 [KeyDeletingService#0] INFO  snapshot.SnapshotCache (SnapshotCache.java:lambda$1(166)) - Loading snapshot. Table key: /vol1/bucket2/snap1
2023-06-29 22:12:57,490 [KeyDeletingService#0] INFO  snapshot.SnapshotCache (SnapshotCache.java:lambda$1(166)) - Loading snapshot. Table key: /vol1/bucket2/snap1
2023-06-29 22:12:57,490 [KeyDeletingService#0] INFO  snapshot.SnapshotCache (SnapshotCache.java:lambda$1(166)) - Loading snapshot. Table key: /vol1/bucket2/snap1
2023-06-29 22:12:57,491 [KeyDeletingService#0] INFO  snapshot.SnapshotCache (SnapshotCache.java:lambda$1(166)) - Loading snapshot. Table key: /vol1/bucket2/snap1
2023-06-29 22:12:57,508 [KeyDeletingService#0] INFO  snapshot.SnapshotCache (SnapshotCache.java:lambda$1(166)) - Loading snapshot. Table key: /vol1/bucket2/snap1
2023-06-29 22:12:57,509 [KeyDeletingService#0] INFO  snapshot.SnapshotCache (SnapshotCache.java:lambda$1(166)) - Loading snapshot. Table key: /vol1/bucket2/snap1
2023-06-29 22:12:57,509 [KeyDeletingService#0] INFO  snapshot.SnapshotCache (SnapshotCache.java:lambda$1(166)) - Loading snapshot. Table key: /vol1/bucket2/snap1
2023-06-29 22:12:57,599 [main] INFO  ozone.TestSnapshotDeletingService (TestSnapshotDeletingService.java:assertTableRowCount(565)) - deletedTable actual row count=13, expectedCount=15
2023-06-29 22:12:57,987 [KeyDeletingService#0] INFO  snapshot.SnapshotCache (SnapshotCache.java:lambda$1(166)) - Loading snapshot. Table key: /vol1/bucket2/snap1
2023-06-29 22:12:57,988 [KeyDeletingService#0] INFO  snapshot.SnapshotCache (SnapshotCache.java:lambda$1(166)) - Loading snapshot. Table key: /vol1/bucket2/snap1
2023-06-29 22:12:57,988 [KeyDeletingService#0] INFO  snapshot.SnapshotCache (SnapshotCache.java:lambda$1(166)) - Loading snapshot. Table key: /vol1/bucket2/snap1
2023-06-29 22:12:57,988 [KeyDeletingService#0] INFO  snapshot.SnapshotCache (SnapshotCache.java:lambda$1(166)) - Loading snapshot. Table key: /vol1/bucket2/snap1
2023-06-29 22:12:57,989 [KeyDeletingService#0] INFO  snapshot.SnapshotCache (SnapshotCache.java:lambda$1(166)) - Loading snapshot. Table key: /vol1/bucket2/snap1
2023-06-29 22:12:57,989 [KeyDeletingService#0] INFO  snapshot.SnapshotCache (SnapshotCache.java:lambda$1(166)) - Loading snapshot. Table key: /vol1/bucket2/snap1
2023-06-29 22:12:57,989 [KeyDeletingService#0] INFO  snapshot.SnapshotCache (SnapshotCache.java:lambda$1(166)) - Loading snapshot. Table key: /vol1/bucket2/snap1
2023-06-29 22:12:57,989 [KeyDeletingService#0] INFO  snapshot.SnapshotCache (SnapshotCache.java:lambda$1(166)) - Loading snapshot. Table key: /vol1/bucket2/snap1
2023-06-29 22:12:57,990 [KeyDeletingService#0] INFO  snapshot.SnapshotCache (SnapshotCache.java:lambda$1(166)) - Loading snapshot. Table key: /vol1/bucket2/snap1
2023-06-29 22:12:57,990 [KeyDeletingService#0] INFO  snapshot.SnapshotCache (SnapshotCache.java:lambda$1(166)) - Loading snapshot. Table key: /vol1/bucket2/snap1
2023-06-29 22:12:57,990 [KeyDeletingService#0] INFO  snapshot.SnapshotCache (SnapshotCache.java:lambda$1(166)) - Loading snapshot. Table key: /vol1/bucket2/snap1
2023-06-29 22:12:57,990 [KeyDeletingService#0] INFO  snapshot.SnapshotCache (SnapshotCache.java:lambda$1(166)) - Loading snapshot. Table key: /vol1/bucket2/snap1
2023-06-29 22:12:57,991 [KeyDeletingService#0] INFO  snapshot.SnapshotCache (SnapshotCache.java:lambda$1(166)) - Loading snapshot. Table key: /vol1/bucket2/snap1
2023-06-29 22:12:58,008 [KeyDeletingService#0] INFO  snapshot.SnapshotCache (SnapshotCache.java:lambda$1(166)) - Loading snapshot. Table key: /vol1/bucket2/snap1
2023-06-29 22:12:58,009 [KeyDeletingService#0] INFO  snapshot.SnapshotCache (SnapshotCache.java:lambda$1(166)) - Loading snapshot. Table key: /vol1/bucket2/snap1
2023-06-29 22:12:58,009 [KeyDeletingService#0] INFO  snapshot.SnapshotCache (SnapshotCache.java:lambda$1(166)) - Loading snapshot. Table key: /vol1/bucket2/snap1
2023-06-29 22:12:58,487 [KeyDeletingService#0] INFO  snapshot.SnapshotCache (SnapshotCache.java:lambda$1(166)) - Loading snapshot. Table key: /vol1/bucket2/snap1
2023-06-29 22:12:58,488 [KeyDeletingService#0] INFO  snapshot.SnapshotCache (SnapshotCache.java:lambda$1(166)) - Loading snapshot. Table key: /vol1/bucket2/snap1
2023-06-29 22:12:58,488 [KeyDeletingService#0] INFO  snapshot.SnapshotCache (SnapshotCache.java:lambda$1(166)) - Loading snapshot. Table key: /vol1/bucket2/snap1
2023-06-29 22:12:58,488 [KeyDeletingService#0] INFO  snapshot.SnapshotCache (SnapshotCache.java:lambda$1(166)) - Loading snapshot. Table key: /vol1/bucket2/snap1
2023-06-29 22:12:58,489 [KeyDeletingService#0] INFO  snapshot.SnapshotCache (SnapshotCache.java:lambda$1(166)) - Loading snapshot. Table key: /vol1/bucket2/snap1
2023-06-29 22:12:58,489 [KeyDeletingService#0] INFO  snapshot.SnapshotCache (SnapshotCache.java:lambda$1(166)) - Loading snapshot. Table key: /vol1/bucket2/snap1
2023-06-29 22:12:58,489 [KeyDeletingService#0] INFO  snapshot.SnapshotCache (SnapshotCache.java:lambda$1(166)) - Loading snapshot. Table key: /vol1/bucket2/snap1
2023-06-29 22:12:58,490 [KeyDeletingService#0] INFO  snapshot.SnapshotCache (SnapshotCache.java:lambda$1(166)) - Loading snapshot. Table key: /vol1/bucket2/snap1
2023-06-29 22:12:58,490 [KeyDeletingService#0] INFO  snapshot.SnapshotCache (SnapshotCache.java:lambda$1(166)) - Loading snapshot. Table key: /vol1/bucket2/snap1
2023-06-29 22:12:58,490 [KeyDeletingService#0] INFO  snapshot.SnapshotCache (SnapshotCache.java:lambda$1(166)) - Loading snapshot. Table key: /vol1/bucket2/snap1
2023-06-29 22:12:58,490 [KeyDeletingService#0] INFO  snapshot.SnapshotCache (SnapshotCache.java:lambda$1(166)) - Loading snapshot. Table key: /vol1/bucket2/snap1
2023-06-29 22:12:58,491 [KeyDeletingService#0] INFO  snapshot.SnapshotCache (SnapshotCache.java:lambda$1(166)) - Loading snapshot. Table key: /vol1/bucket2/snap1
2023-06-29 22:12:58,491 [KeyDeletingService#0] INFO  snapshot.SnapshotCache (SnapshotCache.java:lambda$1(166)) - Loading snapshot. Table key: /vol1/bucket2/snap1
2023-06-29 22:12:58,508 [KeyDeletingService#0] INFO  snapshot.SnapshotCache (SnapshotCache.java:lambda$1(166)) - Loading snapshot. Table key: /vol1/bucket2/snap1
2023-06-29 22:12:58,509 [KeyDeletingService#0] INFO  snapshot.SnapshotCache (SnapshotCache.java:lambda$1(166)) - Loading snapshot. Table key: /vol1/bucket2/snap1
2023-06-29 22:12:58,509 [KeyDeletingService#0] INFO  snapshot.SnapshotCache (SnapshotCache.java:lambda$1(166)) - Loading snapshot. Table key: /vol1/bucket2/snap1
2023-06-29 22:12:58,600 [main] INFO  ozone.TestSnapshotDeletingService (TestSnapshotDeletingService.java:assertTableRowCount(565)) - deletedTable actual row count=13, expectedCount=15
2023-06-29 22:12:58,988 [KeyDeletingService#0] INFO  snapshot.SnapshotCache (SnapshotCache.java:lambda$1(166)) - Loading snapshot. Table key: /vol1/bucket2/snap1
2023-06-29 22:12:58,988 [KeyDeletingService#0] INFO  snapshot.SnapshotCache (SnapshotCache.java:lambda$1(166)) - Loading snapshot. Table key: /vol1/bucket2/snap1
2023-06-29 22:12:58,988 [KeyDeletingService#0] INFO  snapshot.SnapshotCache (SnapshotCache.java:lambda$1(166)) - Loading snapshot. Table key: /vol1/bucket2/snap1
2023-06-29 22:12:58,988 [KeyDeletingService#0] INFO  snapshot.SnapshotCache (SnapshotCache.java:lambda$1(166)) - Loading snapshot. Table key: /vol1/bucket2/snap1
2023-06-29 22:12:58,989 [KeyDeletingService#0] INFO  snapshot.SnapshotCache (SnapshotCache.java:lambda$1(166)) - Loading snapshot. Table key: /vol1/bucket2/snap1
2023-06-29 22:12:58,989 [KeyDeletingService#0] INFO  snapshot.SnapshotCache (SnapshotCache.java:lambda$1(166)) - Loading snapshot. Table key: /vol1/bucket2/snap1
2023-06-29 22:12:58,989 [KeyDeletingService#0] INFO  snapshot.SnapshotCache (SnapshotCache.java:lambda$1(166)) - Loading snapshot. Table key: /vol1/bucket2/snap1
2023-06-29 22:12:58,990 [KeyDeletingService#0] INFO  snapshot.SnapshotCache (SnapshotCache.java:lambda$1(166)) - Loading snapshot. Table key: /vol1/bucket2/snap1
2023-06-29 22:12:58,990 [KeyDeletingService#0] INFO  snapshot.SnapshotCache (SnapshotCache.java:lambda$1(166)) - Loading snapshot. Table key: /vol1/bucket2/snap1
2023-06-29 22:12:58,990 [KeyDeletingService#0] INFO  snapshot.SnapshotCache (SnapshotCache.java:lambda$1(166)) - Loading snapshot. Table key: /vol1/bucket2/snap1
2023-06-29 22:12:58,990 [KeyDeletingService#0] INFO  snapshot.SnapshotCache (SnapshotCache.java:lambda$1(166)) - Loading snapshot. Table key: /vol1/bucket2/snap1
2023-06-29 22:12:58,991 [KeyDeletingService#0] INFO  snapshot.SnapshotCache (SnapshotCache.java:lambda$1(166)) - Loading snapshot. Table key: /vol1/bucket2/snap1
2023-06-29 22:12:58,991 [KeyDeletingService#0] INFO  snapshot.SnapshotCache (SnapshotCache.java:lambda$1(166)) - Loading snapshot. Table key: /vol1/bucket2/snap1
2023-06-29 22:12:59,008 [KeyDeletingService#0] INFO  snapshot.SnapshotCache (SnapshotCache.java:lambda$1(166)) - Loading snapshot. Table key: /vol1/bucket2/snap1
2023-06-29 22:12:59,009 [KeyDeletingService#0] INFO  snapshot.SnapshotCache (SnapshotCache.java:lambda$1(166)) - Loading snapshot. Table key: /vol1/bucket2/snap1
2023-06-29 22:12:59,009 [KeyDeletingService#0] INFO  snapshot.SnapshotCache (SnapshotCache.java:lambda$1(166)) - Loading snapshot. Table key: /vol1/bucket2/snap1
2023-06-29 22:12:59,488 [KeyDeletingService#0] INFO  snapshot.SnapshotCache (SnapshotCache.java:lambda$1(166)) - Loading snapshot. Table key: /vol1/bucket2/snap1
2023-06-29 22:12:59,488 [KeyDeletingService#0] INFO  snapshot.SnapshotCache (SnapshotCache.java:lambda$1(166)) - Loading snapshot. Table key: /vol1/bucket2/snap1
2023-06-29 22:12:59,488 [KeyDeletingService#0] INFO  snapshot.SnapshotCache (SnapshotCache.java:lambda$1(166)) - Loading snapshot. Table key: /vol1/bucket2/snap1
2023-06-29 22:12:59,489 [KeyDeletingService#0] INFO  snapshot.SnapshotCache (SnapshotCache.java:lambda$1(166)) - Loading snapshot. Table key: /vol1/bucket2/snap1
2023-06-29 22:12:59,489 [KeyDeletingService#0] INFO  snapshot.SnapshotCache (SnapshotCache.java:lambda$1(166)) - Loading snapshot. Table key: /vol1/bucket2/snap1
2023-06-29 22:12:59,489 [KeyDeletingService#0] INFO  snapshot.SnapshotCache (SnapshotCache.java:lambda$1(166)) - Loading snapshot. Table key: /vol1/bucket2/snap1
2023-06-29 22:12:59,489 [KeyDeletingService#0] INFO  snapshot.SnapshotCache (SnapshotCache.java:lambda$1(166)) - Loading snapshot. Table key: /vol1/bucket2/snap1
2023-06-29 22:12:59,490 [KeyDeletingService#0] INFO  snapshot.SnapshotCache (SnapshotCache.java:lambda$1(166)) - Loading snapshot. Table key: /vol1/bucket2/snap1
2023-06-29 22:12:59,490 [KeyDeletingService#0] INFO  snapshot.SnapshotCache (SnapshotCache.java:lambda$1(166)) - Loading snapshot. Table key: /vol1/bucket2/snap1
2023-06-29 22:12:59,490 [KeyDeletingService#0] INFO  snapshot.SnapshotCache (SnapshotCache.java:lambda$1(166)) - Loading snapshot. Table key: /vol1/bucket2/snap1
2023-06-29 22:12:59,490 [KeyDeletingService#0] INFO  snapshot.SnapshotCache (SnapshotCache.java:lambda$1(166)) - Loading snapshot. Table key: /vol1/bucket2/snap1
2023-06-29 22:12:59,491 [KeyDeletingService#0] INFO  snapshot.SnapshotCache (SnapshotCache.java:lambda$1(166)) - Loading snapshot. Table key: /vol1/bucket2/snap1
2023-06-29 22:12:59,491 [KeyDeletingService#0] INFO  snapshot.SnapshotCache (SnapshotCache.java:lambda$1(166)) - Loading snapshot. Table key: /vol1/bucket2/snap1
2023-06-29 22:12:59,509 [KeyDeletingService#0] INFO  snapshot.SnapshotCache (SnapshotCache.java:lambda$1(166)) - Loading snapshot. Table key: /vol1/bucket2/snap1
2023-06-29 22:12:59,509 [KeyDeletingService#0] INFO  snapshot.SnapshotCache (SnapshotCache.java:lambda$1(166)) - Loading snapshot. Table key: /vol1/bucket2/snap1
2023-06-29 22:12:59,509 [KeyDeletingService#0] INFO  snapshot.SnapshotCache (SnapshotCache.java:lambda$1(166)) - Loading snapshot. Table key: /vol1/bucket2/snap1
2023-06-29 22:12:59,601 [main] INFO  ozone.TestSnapshotDeletingService (TestSnapshotDeletingService.java:assertTableRowCount(565)) - deletedTable actual row count=13, expectedCount=15
2023-06-29 22:12:59,988 [KeyDeletingService#0] INFO  snapshot.SnapshotCache (SnapshotCache.java:lambda$1(166)) - Loading snapshot. Table key: /vol1/bucket2/snap1
2023-06-29 22:12:59,988 [KeyDeletingService#0] INFO  snapshot.SnapshotCache (SnapshotCache.java:lambda$1(166)) - Loading snapshot. Table key: /vol1/bucket2/snap1
2023-06-29 22:12:59,988 [KeyDeletingService#0] INFO  snapshot.SnapshotCache (SnapshotCache.java:lambda$1(166)) - Loading snapshot. Table key: /vol1/bucket2/snap1
2023-06-29 22:12:59,989 [KeyDeletingService#0] INFO  snapshot.SnapshotCache (SnapshotCache.java:lambda$1(166)) - Loading snapshot. Table key: /vol1/bucket2/snap1
2023-06-29 22:12:59,989 [KeyDeletingService#0] INFO  snapshot.SnapshotCache (SnapshotCache.java:lambda$1(166)) - Loading snapshot. Table key: /vol1/bucket2/snap1
2023-06-29 22:12:59,989 [KeyDeletingService#0] INFO  snapshot.SnapshotCache (SnapshotCache.java:lambda$1(166)) - Loading snapshot. Table key: /vol1/bucket2/snap1
2023-06-29 22:12:59,989 [KeyDeletingService#0] INFO  snapshot.SnapshotCache (SnapshotCache.java:lambda$1(166)) - Loading snapshot. Table key: /vol1/bucket2/snap1
2023-06-29 22:12:59,990 [KeyDeletingService#0] INFO  snapshot.SnapshotCache (SnapshotCache.java:lambda$1(166)) - Loading snapshot. Table key: /vol1/bucket2/snap1
2023-06-29 22:12:59,990 [KeyDeletingService#0] INFO  snapshot.SnapshotCache (SnapshotCache.java:lambda$1(166)) - Loading snapshot. Table key: /vol1/bucket2/snap1
2023-06-29 22:12:59,990 [KeyDeletingService#0] INFO  snapshot.SnapshotCache (SnapshotCache.java:lambda$1(166)) - Loading snapshot. Table key: /vol1/bucket2/snap1
2023-06-29 22:12:59,990 [KeyDeletingService#0] INFO  snapshot.SnapshotCache (SnapshotCache.java:lambda$1(166)) - Loading snapshot. Table key: /vol1/bucket2/snap1
2023-06-29 22:12:59,991 [KeyDeletingService#0] INFO  snapshot.SnapshotCache (SnapshotCache.java:lambda$1(166)) - Loading snapshot. Table key: /vol1/bucket2/snap1
2023-06-29 22:12:59,991 [KeyDeletingService#0] INFO  snapshot.SnapshotCache (SnapshotCache.java:lambda$1(166)) - Loading snapshot. Table key: /vol1/bucket2/snap1
2023-06-29 22:13:00,009 [KeyDeletingService#0] INFO  snapshot.SnapshotCache (SnapshotCache.java:lambda$1(166)) - Loading snapshot. Table key: /vol1/bucket2/snap1
2023-06-29 22:13:00,009 [KeyDeletingService#0] INFO  snapshot.SnapshotCache (SnapshotCache.java:lambda$1(166)) - Loading snapshot. Table key: /vol1/bucket2/snap1
2023-06-29 22:13:00,009 [KeyDeletingService#0] INFO  snapshot.SnapshotCache (SnapshotCache.java:lambda$1(166)) - Loading snapshot. Table key: /vol1/bucket2/snap1
2023-06-29 22:13:00,488 [KeyDeletingService#0] INFO  snapshot.SnapshotCache (SnapshotCache.java:lambda$1(166)) - Loading snapshot. Table key: /vol1/bucket2/snap1
2023-06-29 22:13:00,488 [KeyDeletingService#0] INFO  snapshot.SnapshotCache (SnapshotCache.java:lambda$1(166)) - Loading snapshot. Table key: /vol1/bucket2/snap1
2023-06-29 22:13:00,488 [KeyDeletingService#0] INFO  snapshot.SnapshotCache (SnapshotCache.java:lambda$1(166)) - Loading snapshot. Table key: /vol1/bucket2/snap1
2023-06-29 22:13:00,489 [KeyDeletingService#0] INFO  snapshot.SnapshotCache (SnapshotCache.java:lambda$1(166)) - Loading snapshot. Table key: /vol1/bucket2/snap1
2023-06-29 22:13:00,489 [KeyDeletingService#0] INFO  snapshot.SnapshotCache (SnapshotCache.java:lambda$1(166)) - Loading snapshot. Table key: /vol1/bucket2/snap1
2023-06-29 22:13:00,489 [KeyDeletingService#0] INFO  snapshot.SnapshotCache (SnapshotCache.java:lambda$1(166)) - Loading snapshot. Table key: /vol1/bucket2/snap1
2023-06-29 22:13:00,490 [KeyDeletingService#0] INFO  snapshot.SnapshotCache (SnapshotCache.java:lambda$1(166)) - Loading snapshot. Table key: /vol1/bucket2/snap1
2023-06-29 22:13:00,490 [KeyDeletingService#0] INFO  snapshot.SnapshotCache (SnapshotCache.java:lambda$1(166)) - Loading snapshot. Table key: /vol1/bucket2/snap1
2023-06-29 22:13:00,490 [KeyDeletingService#0] INFO  snapshot.SnapshotCache (SnapshotCache.java:lambda$1(166)) - Loading snapshot. Table key: /vol1/bucket2/snap1
2023-06-29 22:13:00,490 [KeyDeletingService#0] INFO  snapshot.SnapshotCache (SnapshotCache.java:lambda$1(166)) - Loading snapshot. Table key: /vol1/bucket2/snap1
2023-06-29 22:13:00,490 [KeyDeletingService#0] INFO  snapshot.SnapshotCache (SnapshotCache.java:lambda$1(166)) - Loading snapshot. Table key: /vol1/bucket2/snap1
2023-06-29 22:13:00,491 [KeyDeletingService#0] INFO  snapshot.SnapshotCache (SnapshotCache.java:lambda$1(166)) - Loading snapshot. Table key: /vol1/bucket2/snap1
2023-06-29 22:13:00,491 [KeyDeletingService#0] INFO  snapshot.SnapshotCache (SnapshotCache.java:lambda$1(166)) - Loading snapshot. Table key: /vol1/bucket2/snap1
2023-06-29 22:13:00,509 [KeyDeletingService#0] INFO  snapshot.SnapshotCache (SnapshotCache.java:lambda$1(166)) - Loading snapshot. Table key: /vol1/bucket2/snap1
2023-06-29 22:13:00,509 [KeyDeletingService#0] INFO  snapshot.SnapshotCache (SnapshotCache.java:lambda$1(166)) - Loading snapshot. Table key: /vol1/bucket2/snap1
2023-06-29 22:13:00,509 [KeyDeletingService#0] INFO  snapshot.SnapshotCache (SnapshotCache.java:lambda$1(166)) - Loading snapshot. Table key: /vol1/bucket2/snap1
2023-06-29 22:13:00,602 [main] INFO  ozone.TestSnapshotDeletingService (TestSnapshotDeletingService.java:assertTableRowCount(565)) - deletedTable actual row count=13, expectedCount=15
2023-06-29 22:13:00,988 [KeyDeletingService#0] INFO  snapshot.SnapshotCache (SnapshotCache.java:lambda$1(166)) - Loading snapshot. Table key: /vol1/bucket2/snap1
2023-06-29 22:13:00,988 [KeyDeletingService#0] INFO  snapshot.SnapshotCache (SnapshotCache.java:lambda$1(166)) - Loading snapshot. Table key: /vol1/bucket2/snap1
2023-06-29 22:13:00,989 [KeyDeletingService#0] INFO  snapshot.SnapshotCache (SnapshotCache.java:lambda$1(166)) - Loading snapshot. Table key: /vol1/bucket2/snap1
2023-06-29 22:13:00,989 [KeyDeletingService#0] INFO  snapshot.SnapshotCache (SnapshotCache.java:lambda$1(166)) - Loading snapshot. Table key: /vol1/bucket2/snap1
2023-06-29 22:13:00,989 [KeyDeletingService#0] INFO  snapshot.SnapshotCache (SnapshotCache.java:lambda$1(166)) - Loading snapshot. Table key: /vol1/bucket2/snap1
2023-06-29 22:13:00,989 [KeyDeletingService#0] INFO  snapshot.SnapshotCache (SnapshotCache.java:lambda$1(166)) - Loading snapshot. Table key: /vol1/bucket2/snap1
2023-06-29 22:13:00,990 [KeyDeletingService#0] INFO  snapshot.SnapshotCache (SnapshotCache.java:lambda$1(166)) - Loading snapshot. Table key: /vol1/bucket2/snap1
2023-06-29 22:13:00,990 [KeyDeletingService#0] INFO  snapshot.SnapshotCache (SnapshotCache.java:lambda$1(166)) - Loading snapshot. Table key: /vol1/bucket2/snap1
2023-06-29 22:13:00,990 [KeyDeletingService#0] INFO  snapshot.SnapshotCache (SnapshotCache.java:lambda$1(166)) - Loading snapshot. Table key: /vol1/bucket2/snap1
2023-06-29 22:13:00,990 [KeyDeletingService#0] INFO  snapshot.SnapshotCache (SnapshotCache.java:lambda$1(166)) - Loading snapshot. Table key: /vol1/bucket2/snap1
2023-06-29 22:13:00,991 [KeyDeletingService#0] INFO  snapshot.SnapshotCache (SnapshotCache.java:lambda$1(166)) - Loading snapshot. Table key: /vol1/bucket2/snap1
2023-06-29 22:13:00,991 [KeyDeletingService#0] INFO  snapshot.SnapshotCache (SnapshotCache.java:lambda$1(166)) - Loading snapshot. Table key: /vol1/bucket2/snap1
2023-06-29 22:13:00,991 [KeyDeletingService#0] INFO  snapshot.SnapshotCache (SnapshotCache.java:lambda$1(166)) - Loading snapshot. Table key: /vol1/bucket2/snap1
2023-06-29 22:13:01,009 [KeyDeletingService#0] INFO  snapshot.SnapshotCache (SnapshotCache.java:lambda$1(166)) - Loading snapshot. Table key: /vol1/bucket2/snap1
2023-06-29 22:13:01,009 [KeyDeletingService#0] INFO  snapshot.SnapshotCache (SnapshotCache.java:lambda$1(166)) - Loading snapshot. Table key: /vol1/bucket2/snap1
2023-06-29 22:13:01,009 [KeyDeletingService#0] INFO  snapshot.SnapshotCache (SnapshotCache.java:lambda$1(166)) - Loading snapshot. Table key: /vol1/bucket2/snap1
2023-06-29 22:13:01,488 [KeyDeletingService#0] INFO  snapshot.SnapshotCache (SnapshotCache.java:lambda$1(166)) - Loading snapshot. Table key: /vol1/bucket2/snap1
2023-06-29 22:13:01,488 [KeyDeletingService#0] INFO  snapshot.SnapshotCache (SnapshotCache.java:lambda$1(166)) - Loading snapshot. Table key: /vol1/bucket2/snap1
2023-06-29 22:13:01,489 [KeyDeletingService#0] INFO  snapshot.SnapshotCache (SnapshotCache.java:lambda$1(166)) - Loading snapshot. Table key: /vol1/bucket2/snap1
2023-06-29 22:13:01,489 [KeyDeletingService#0] INFO  snapshot.SnapshotCache (SnapshotCache.java:lambda$1(166)) - Loading snapshot. Table key: /vol1/bucket2/snap1
2023-06-29 22:13:01,489 [KeyDeletingService#0] INFO  snapshot.SnapshotCache (SnapshotCache.java:lambda$1(166)) - Loading snapshot. Table key: /vol1/bucket2/snap1
2023-06-29 22:13:01,490 [KeyDeletingService#0] INFO  snapshot.SnapshotCache (SnapshotCache.java:lambda$1(166)) - Loading snapshot. Table key: /vol1/bucket2/snap1
2023-06-29 22:13:01,490 [KeyDeletingService#0] INFO  snapshot.SnapshotCache (SnapshotCache.java:lambda$1(166)) - Loading snapshot. Table key: /vol1/bucket2/snap1
2023-06-29 22:13:01,490 [KeyDeletingService#0] INFO  snapshot.SnapshotCache (SnapshotCache.java:lambda$1(166)) - Loading snapshot. Table key: /vol1/bucket2/snap1
2023-06-29 22:13:01,490 [KeyDeletingService#0] INFO  snapshot.SnapshotCache (SnapshotCache.java:lambda$1(166)) - Loading snapshot. Table key: /vol1/bucket2/snap1
2023-06-29 22:13:01,490 [KeyDeletingService#0] INFO  snapshot.SnapshotCache (SnapshotCache.java:lambda$1(166)) - Loading snapshot. Table key: /vol1/bucket2/snap1
2023-06-29 22:13:01,491 [KeyDeletingService#0] INFO  snapshot.SnapshotCache (SnapshotCache.java:lambda$1(166)) - Loading snapshot. Table key: /vol1/bucket2/snap1
2023-06-29 22:13:01,491 [KeyDeletingService#0] INFO  snapshot.SnapshotCache (SnapshotCache.java:lambda$1(166)) - Loading snapshot. Table key: /vol1/bucket2/snap1
2023-06-29 22:13:01,491 [KeyDeletingService#0] INFO  snapshot.SnapshotCache (SnapshotCache.java:lambda$1(166)) - Loading snapshot. Table key: /vol1/bucket2/snap1
2023-06-29 22:13:01,509 [KeyDeletingService#0] INFO  snapshot.SnapshotCache (SnapshotCache.java:lambda$1(166)) - Loading snapshot. Table key: /vol1/bucket2/snap1
2023-06-29 22:13:01,509 [KeyDeletingService#0] INFO  snapshot.SnapshotCache (SnapshotCache.java:lambda$1(166)) - Loading snapshot. Table key: /vol1/bucket2/snap1
2023-06-29 22:13:01,509 [KeyDeletingService#0] INFO  snapshot.SnapshotCache (SnapshotCache.java:lambda$1(166)) - Loading snapshot. Table key: /vol1/bucket2/snap1
2023-06-29 22:13:01,603 [main] INFO  ozone.TestSnapshotDeletingService (TestSnapshotDeletingService.java:assertTableRowCount(565)) - deletedTable actual row count=13, expectedCount=15
2023-06-29 22:13:01,988 [KeyDeletingService#0] INFO  snapshot.SnapshotCache (SnapshotCache.java:lambda$1(166)) - Loading snapshot. Table key: /vol1/bucket2/snap1
2023-06-29 22:13:01,989 [KeyDeletingService#0] INFO  snapshot.SnapshotCache (SnapshotCache.java:lambda$1(166)) - Loading snapshot. Table key: /vol1/bucket2/snap1
2023-06-29 22:13:01,989 [KeyDeletingService#0] INFO  snapshot.SnapshotCache (SnapshotCache.java:lambda$1(166)) - Loading snapshot. Table key: /vol1/bucket2/snap1
2023-06-29 22:13:01,989 [KeyDeletingService#0] INFO  snapshot.SnapshotCache (SnapshotCache.java:lambda$1(166)) - Loading snapshot. Table key: /vol1/bucket2/snap1
2023-06-29 22:13:01,989 [KeyDeletingService#0] INFO  snapshot.SnapshotCache (SnapshotCache.java:lambda$1(166)) - Loading snapshot. Table key: /vol1/bucket2/snap1
2023-06-29 22:13:01,990 [KeyDeletingService#0] INFO  snapshot.SnapshotCache (SnapshotCache.java:lambda$1(166)) - Loading snapshot. Table key: /vol1/bucket2/snap1
2023-06-29 22:13:01,990 [KeyDeletingService#0] INFO  snapshot.SnapshotCache (SnapshotCache.java:lambda$1(166)) - Loading snapshot. Table key: /vol1/bucket2/snap1
2023-06-29 22:13:01,991 [KeyDeletingService#0] INFO  snapshot.SnapshotCache (SnapshotCache.java:lambda$1(166)) - Loading snapshot. Table key: /vol1/bucket2/snap1
2023-06-29 22:13:01,992 [KeyDeletingService#0] INFO  snapshot.SnapshotCache (SnapshotCache.java:lambda$1(166)) - Loading snapshot. Table key: /vol1/bucket2/snap1
2023-06-29 22:13:01,992 [KeyDeletingService#0] INFO  snapshot.SnapshotCache (SnapshotCache.java:lambda$1(166)) - Loading snapshot. Table key: /vol1/bucket2/snap1
2023-06-29 22:13:01,992 [KeyDeletingService#0] INFO  snapshot.SnapshotCache (SnapshotCache.java:lambda$1(166)) - Loading snapshot. Table key: /vol1/bucket2/snap1
2023-06-29 22:13:01,993 [KeyDeletingService#0] INFO  snapshot.SnapshotCache (SnapshotCache.java:lambda$1(166)) - Loading snapshot. Table key: /vol1/bucket2/snap1
2023-06-29 22:13:01,993 [KeyDeletingService#0] INFO  snapshot.SnapshotCache (SnapshotCache.java:lambda$1(166)) - Loading snapshot. Table key: /vol1/bucket2/snap1
2023-06-29 22:13:02,009 [KeyDeletingService#0] INFO  snapshot.SnapshotCache (SnapshotCache.java:lambda$1(166)) - Loading snapshot. Table key: /vol1/bucket2/snap1
2023-06-29 22:13:02,009 [KeyDeletingService#0] INFO  snapshot.SnapshotCache (SnapshotCache.java:lambda$1(166)) - Loading snapshot. Table key: /vol1/bucket2/snap1
2023-06-29 22:13:02,010 [KeyDeletingService#0] INFO  snapshot.SnapshotCache (SnapshotCache.java:lambda$1(166)) - Loading snapshot. Table key: /vol1/bucket2/snap1
2023-06-29 22:13:02,488 [KeyDeletingService#0] INFO  snapshot.SnapshotCache (SnapshotCache.java:lambda$1(166)) - Loading snapshot. Table key: /vol1/bucket2/snap1
2023-06-29 22:13:02,489 [KeyDeletingService#0] INFO  snapshot.SnapshotCache (SnapshotCache.java:lambda$1(166)) - Loading snapshot. Table key: /vol1/bucket2/snap1
2023-06-29 22:13:02,489 [KeyDeletingService#0] INFO  snapshot.SnapshotCache (SnapshotCache.java:lambda$1(166)) - Loading snapshot. Table key: /vol1/bucket2/snap1
2023-06-29 22:13:02,489 [KeyDeletingService#0] INFO  snapshot.SnapshotCache (SnapshotCache.java:lambda$1(166)) - Loading snapshot. Table key: /vol1/bucket2/snap1
2023-06-29 22:13:02,489 [KeyDeletingService#0] INFO  snapshot.SnapshotCache (SnapshotCache.java:lambda$1(166)) - Loading snapshot. Table key: /vol1/bucket2/snap1
2023-06-29 22:13:02,490 [KeyDeletingService#0] INFO  snapshot.SnapshotCache (SnapshotCache.java:lambda$1(166)) - Loading snapshot. Table key: /vol1/bucket2/snap1
2023-06-29 22:13:02,490 [KeyDeletingService#0] INFO  snapshot.SnapshotCache (SnapshotCache.java:lambda$1(166)) - Loading snapshot. Table key: /vol1/bucket2/snap1
2023-06-29 22:13:02,490 [KeyDeletingService#0] INFO  snapshot.SnapshotCache (SnapshotCache.java:lambda$1(166)) - Loading snapshot. Table key: /vol1/bucket2/snap1
2023-06-29 22:13:02,490 [KeyDeletingService#0] INFO  snapshot.SnapshotCache (SnapshotCache.java:lambda$1(166)) - Loading snapshot. Table key: /vol1/bucket2/snap1
2023-06-29 22:13:02,491 [KeyDeletingService#0] INFO  snapshot.SnapshotCache (SnapshotCache.java:lambda$1(166)) - Loading snapshot. Table key: /vol1/bucket2/snap1
2023-06-29 22:13:02,491 [KeyDeletingService#0] INFO  snapshot.SnapshotCache (SnapshotCache.java:lambda$1(166)) - Loading snapshot. Table key: /vol1/bucket2/snap1
2023-06-29 22:13:02,491 [KeyDeletingService#0] INFO  snapshot.SnapshotCache (SnapshotCache.java:lambda$1(166)) - Loading snapshot. Table key: /vol1/bucket2/snap1
2023-06-29 22:13:02,491 [KeyDeletingService#0] INFO  snapshot.SnapshotCache (SnapshotCache.java:lambda$1(166)) - Loading snapshot. Table key: /vol1/bucket2/snap1
2023-06-29 22:13:02,509 [KeyDeletingService#0] INFO  snapshot.SnapshotCache (SnapshotCache.java:lambda$1(166)) - Loading snapshot. Table key: /vol1/bucket2/snap1
2023-06-29 22:13:02,509 [KeyDeletingService#0] INFO  snapshot.SnapshotCache (SnapshotCache.java:lambda$1(166)) - Loading snapshot. Table key: /vol1/bucket2/snap1
2023-06-29 22:13:02,510 [KeyDeletingService#0] INFO  snapshot.SnapshotCache (SnapshotCache.java:lambda$1(166)) - Loading snapshot. Table key: /vol1/bucket2/snap1
2023-06-29 22:13:02,604 [main] INFO  ozone.TestSnapshotDeletingService (TestSnapshotDeletingService.java:assertTableRowCount(565)) - deletedTable actual row count=13, expectedCount=15
2023-06-29 22:13:02,988 [KeyDeletingService#0] INFO  snapshot.SnapshotCache (SnapshotCache.java:lambda$1(166)) - Loading snapshot. Table key: /vol1/bucket2/snap1
2023-06-29 22:13:02,989 [KeyDeletingService#0] INFO  snapshot.SnapshotCache (SnapshotCache.java:lambda$1(166)) - Loading snapshot. Table key: /vol1/bucket2/snap1
2023-06-29 22:13:02,989 [KeyDeletingService#0] INFO  snapshot.SnapshotCache (SnapshotCache.java:lambda$1(166)) - Loading snapshot. Table key: /vol1/bucket2/snap1
2023-06-29 22:13:02,989 [KeyDeletingService#0] INFO  snapshot.SnapshotCache (SnapshotCache.java:lambda$1(166)) - Loading snapshot. Table key: /vol1/bucket2/snap1
2023-06-29 22:13:02,990 [KeyDeletingService#0] INFO  snapshot.SnapshotCache (SnapshotCache.java:lambda$1(166)) - Loading snapshot. Table key: /vol1/bucket2/snap1
2023-06-29 22:13:02,990 [KeyDeletingService#0] INFO  snapshot.SnapshotCache (SnapshotCache.java:lambda$1(166)) - Loading snapshot. Table key: /vol1/bucket2/snap1
2023-06-29 22:13:02,990 [KeyDeletingService#0] INFO  snapshot.SnapshotCache (SnapshotCache.java:lambda$1(166)) - Loading snapshot. Table key: /vol1/bucket2/snap1
2023-06-29 22:13:02,990 [KeyDeletingService#0] INFO  snapshot.SnapshotCache (SnapshotCache.java:lambda$1(166)) - Loading snapshot. Table key: /vol1/bucket2/snap1
2023-06-29 22:13:02,991 [KeyDeletingService#0] INFO  snapshot.SnapshotCache (SnapshotCache.java:lambda$1(166)) - Loading snapshot. Table key: /vol1/bucket2/snap1
2023-06-29 22:13:02,991 [KeyDeletingService#0] INFO  snapshot.SnapshotCache (SnapshotCache.java:lambda$1(166)) - Loading snapshot. Table key: /vol1/bucket2/snap1
2023-06-29 22:13:02,991 [KeyDeletingService#0] INFO  snapshot.SnapshotCache (SnapshotCache.java:lambda$1(166)) - Loading snapshot. Table key: /vol1/bucket2/snap1
2023-06-29 22:13:02,991 [KeyDeletingService#0] INFO  snapshot.SnapshotCache (SnapshotCache.java:lambda$1(166)) - Loading snapshot. Table key: /vol1/bucket2/snap1
2023-06-29 22:13:02,992 [KeyDeletingService#0] INFO  snapshot.SnapshotCache (SnapshotCache.java:lambda$1(166)) - Loading snapshot. Table key: /vol1/bucket2/snap1
2023-06-29 22:13:03,009 [KeyDeletingService#0] INFO  snapshot.SnapshotCache (SnapshotCache.java:lambda$1(166)) - Loading snapshot. Table key: /vol1/bucket2/snap1
2023-06-29 22:13:03,010 [KeyDeletingService#0] INFO  snapshot.SnapshotCache (SnapshotCache.java:lambda$1(166)) - Loading snapshot. Table key: /vol1/bucket2/snap1
2023-06-29 22:13:03,010 [KeyDeletingService#0] INFO  snapshot.SnapshotCache (SnapshotCache.java:lambda$1(166)) - Loading snapshot. Table key: /vol1/bucket2/snap1
2023-06-29 22:13:03,488 [KeyDeletingService#0] INFO  snapshot.SnapshotCache (SnapshotCache.java:lambda$1(166)) - Loading snapshot. Table key: /vol1/bucket2/snap1
2023-06-29 22:13:03,489 [KeyDeletingService#0] INFO  snapshot.SnapshotCache (SnapshotCache.java:lambda$1(166)) - Loading snapshot. Table key: /vol1/bucket2/snap1
2023-06-29 22:13:03,489 [KeyDeletingService#0] INFO  snapshot.SnapshotCache (SnapshotCache.java:lambda$1(166)) - Loading snapshot. Table key: /vol1/bucket2/snap1
2023-06-29 22:13:03,489 [KeyDeletingService#0] INFO  snapshot.SnapshotCache (SnapshotCache.java:lambda$1(166)) - Loading snapshot. Table key: /vol1/bucket2/snap1
2023-06-29 22:13:03,490 [KeyDeletingService#0] INFO  snapshot.SnapshotCache (SnapshotCache.java:lambda$1(166)) - Loading snapshot. Table key: /vol1/bucket2/snap1
2023-06-29 22:13:03,490 [KeyDeletingService#0] INFO  snapshot.SnapshotCache (SnapshotCache.java:lambda$1(166)) - Loading snapshot. Table key: /vol1/bucket2/snap1
2023-06-29 22:13:03,490 [KeyDeletingService#0] INFO  snapshot.SnapshotCache (SnapshotCache.java:lambda$1(166)) - Loading snapshot. Table key: /vol1/bucket2/snap1
2023-06-29 22:13:03,490 [KeyDeletingService#0] INFO  snapshot.SnapshotCache (SnapshotCache.java:lambda$1(166)) - Loading snapshot. Table key: /vol1/bucket2/snap1
2023-06-29 22:13:03,491 [KeyDeletingService#0] INFO  snapshot.SnapshotCache (SnapshotCache.java:lambda$1(166)) - Loading snapshot. Table key: /vol1/bucket2/snap1
2023-06-29 22:13:03,491 [KeyDeletingService#0] INFO  snapshot.SnapshotCache (SnapshotCache.java:lambda$1(166)) - Loading snapshot. Table key: /vol1/bucket2/snap1
2023-06-29 22:13:03,491 [KeyDeletingService#0] INFO  snapshot.SnapshotCache (SnapshotCache.java:lambda$1(166)) - Loading snapshot. Table key: /vol1/bucket2/snap1
2023-06-29 22:13:03,491 [KeyDeletingService#0] INFO  snapshot.SnapshotCache (SnapshotCache.java:lambda$1(166)) - Loading snapshot. Table key: /vol1/bucket2/snap1
2023-06-29 22:13:03,492 [KeyDeletingService#0] INFO  snapshot.SnapshotCache (SnapshotCache.java:lambda$1(166)) - Loading snapshot. Table key: /vol1/bucket2/snap1
2023-06-29 22:13:03,509 [KeyDeletingService#0] INFO  snapshot.SnapshotCache (SnapshotCache.java:lambda$1(166)) - Loading snapshot. Table key: /vol1/bucket2/snap1
2023-06-29 22:13:03,510 [KeyDeletingService#0] INFO  snapshot.SnapshotCache (SnapshotCache.java:lambda$1(166)) - Loading snapshot. Table key: /vol1/bucket2/snap1
2023-06-29 22:13:03,510 [KeyDeletingService#0] INFO  snapshot.SnapshotCache (SnapshotCache.java:lambda$1(166)) - Loading snapshot. Table key: /vol1/bucket2/snap1
2023-06-29 22:13:03,605 [main] INFO  ozone.TestSnapshotDeletingService (TestSnapshotDeletingService.java:assertTableRowCount(565)) - deletedTable actual row count=13, expectedCount=15
2023-06-29 22:13:03,988 [KeyDeletingService#0] INFO  snapshot.SnapshotCache (SnapshotCache.java:lambda$1(166)) - Loading snapshot. Table key: /vol1/bucket2/snap1
2023-06-29 22:13:03,989 [KeyDeletingService#0] INFO  snapshot.SnapshotCache (SnapshotCache.java:lambda$1(166)) - Loading snapshot. Table key: /vol1/bucket2/snap1
2023-06-29 22:13:03,989 [KeyDeletingService#0] INFO  snapshot.SnapshotCache (SnapshotCache.java:lambda$1(166)) - Loading snapshot. Table key: /vol1/bucket2/snap1
2023-06-29 22:13:03,989 [KeyDeletingService#0] INFO  snapshot.SnapshotCache (SnapshotCache.java:lambda$1(166)) - Loading snapshot. Table key: /vol1/bucket2/snap1
2023-06-29 22:13:03,990 [KeyDeletingService#0] INFO  snapshot.SnapshotCache (SnapshotCache.java:lambda$1(166)) - Loading snapshot. Table key: /vol1/bucket2/snap1
2023-06-29 22:13:03,990 [KeyDeletingService#0] INFO  snapshot.SnapshotCache (SnapshotCache.java:lambda$1(166)) - Loading snapshot. Table key: /vol1/bucket2/snap1
2023-06-29 22:13:03,990 [KeyDeletingService#0] INFO  snapshot.SnapshotCache (SnapshotCache.java:lambda$1(166)) - Loading snapshot. Table key: /vol1/bucket2/snap1
2023-06-29 22:13:03,990 [KeyDeletingService#0] INFO  snapshot.SnapshotCache (SnapshotCache.java:lambda$1(166)) - Loading snapshot. Table key: /vol1/bucket2/snap1
2023-06-29 22:13:03,991 [KeyDeletingService#0] INFO  snapshot.SnapshotCache (SnapshotCache.java:lambda$1(166)) - Loading snapshot. Table key: /vol1/bucket2/snap1
2023-06-29 22:13:03,991 [KeyDeletingService#0] INFO  snapshot.SnapshotCache (SnapshotCache.java:lambda$1(166)) - Loading snapshot. Table key: /vol1/bucket2/snap1
2023-06-29 22:13:03,991 [KeyDeletingService#0] INFO  snapshot.SnapshotCache (SnapshotCache.java:lambda$1(166)) - Loading snapshot. Table key: /vol1/bucket2/snap1
2023-06-29 22:13:03,991 [KeyDeletingService#0] INFO  snapshot.SnapshotCache (SnapshotCache.java:lambda$1(166)) - Loading snapshot. Table key: /vol1/bucket2/snap1
2023-06-29 22:13:03,992 [KeyDeletingService#0] INFO  snapshot.SnapshotCache (SnapshotCache.java:lambda$1(166)) - Loading snapshot. Table key: /vol1/bucket2/snap1
2023-06-29 22:13:04,009 [KeyDeletingService#0] INFO  snapshot.SnapshotCache (SnapshotCache.java:lambda$1(166)) - Loading snapshot. Table key: /vol1/bucket2/snap1
2023-06-29 22:13:04,010 [KeyDeletingService#0] INFO  snapshot.SnapshotCache (SnapshotCache.java:lambda$1(166)) - Loading snapshot. Table key: /vol1/bucket2/snap1
2023-06-29 22:13:04,010 [KeyDeletingService#0] INFO  snapshot.SnapshotCache (SnapshotCache.java:lambda$1(166)) - Loading snapshot. Table key: /vol1/bucket2/snap1
2023-06-29 22:13:04,489 [KeyDeletingService#0] INFO  snapshot.SnapshotCache (SnapshotCache.java:lambda$1(166)) - Loading snapshot. Table key: /vol1/bucket2/snap1
2023-06-29 22:13:04,489 [KeyDeletingService#0] INFO  snapshot.SnapshotCache (SnapshotCache.java:lambda$1(166)) - Loading snapshot. Table key: /vol1/bucket2/snap1
2023-06-29 22:13:04,489 [KeyDeletingService#0] INFO  snapshot.SnapshotCache (SnapshotCache.java:lambda$1(166)) - Loading snapshot. Table key: /vol1/bucket2/snap1
2023-06-29 22:13:04,490 [KeyDeletingService#0] INFO  snapshot.SnapshotCache (SnapshotCache.java:lambda$1(166)) - Loading snapshot. Table key: /vol1/bucket2/snap1
2023-06-29 22:13:04,490 [KeyDeletingService#0] INFO  snapshot.SnapshotCache (SnapshotCache.java:lambda$1(166)) - Loading snapshot. Table key: /vol1/bucket2/snap1
2023-06-29 22:13:04,490 [KeyDeletingService#0] INFO  snapshot.SnapshotCache (SnapshotCache.java:lambda$1(166)) - Loading snapshot. Table key: /vol1/bucket2/snap1
2023-06-29 22:13:04,490 [KeyDeletingService#0] INFO  snapshot.SnapshotCache (SnapshotCache.java:lambda$1(166)) - Loading snapshot. Table key: /vol1/bucket2/snap1
2023-06-29 22:13:04,490 [KeyDeletingService#0] INFO  snapshot.SnapshotCache (SnapshotCache.java:lambda$1(166)) - Loading snapshot. Table key: /vol1/bucket2/snap1
2023-06-29 22:13:04,491 [KeyDeletingService#0] INFO  snapshot.SnapshotCache (SnapshotCache.java:lambda$1(166)) - Loading snapshot. Table key: /vol1/bucket2/snap1
2023-06-29 22:13:04,491 [KeyDeletingService#0] INFO  snapshot.SnapshotCache (SnapshotCache.java:lambda$1(166)) - Loading snapshot. Table key: /vol1/bucket2/snap1
2023-06-29 22:13:04,491 [KeyDeletingService#0] INFO  snapshot.SnapshotCache (SnapshotCache.java:lambda$1(166)) - Loading snapshot. Table key: /vol1/bucket2/snap1
2023-06-29 22:13:04,491 [KeyDeletingService#0] INFO  snapshot.SnapshotCache (SnapshotCache.java:lambda$1(166)) - Loading snapshot. Table key: /vol1/bucket2/snap1
2023-06-29 22:13:04,492 [KeyDeletingService#0] INFO  snapshot.SnapshotCache (SnapshotCache.java:lambda$1(166)) - Loading snapshot. Table key: /vol1/bucket2/snap1
2023-06-29 22:13:04,509 [KeyDeletingService#0] INFO  snapshot.SnapshotCache (SnapshotCache.java:lambda$1(166)) - Loading snapshot. Table key: /vol1/bucket2/snap1
2023-06-29 22:13:04,510 [KeyDeletingService#0] INFO  snapshot.SnapshotCache (SnapshotCache.java:lambda$1(166)) - Loading snapshot. Table key: /vol1/bucket2/snap1
2023-06-29 22:13:04,510 [KeyDeletingService#0] INFO  snapshot.SnapshotCache (SnapshotCache.java:lambda$1(166)) - Loading snapshot. Table key: /vol1/bucket2/snap1
2023-06-29 22:13:04,606 [main] INFO  ozone.TestSnapshotDeletingService (TestSnapshotDeletingService.java:assertTableRowCount(565)) - deletedTable actual row count=13, expectedCount=15
2023-06-29 22:13:04,989 [KeyDeletingService#0] INFO  snapshot.SnapshotCache (SnapshotCache.java:lambda$1(166)) - Loading snapshot. Table key: /vol1/bucket2/snap1
2023-06-29 22:13:04,989 [KeyDeletingService#0] INFO  snapshot.SnapshotCache (SnapshotCache.java:lambda$1(166)) - Loading snapshot. Table key: /vol1/bucket2/snap1
2023-06-29 22:13:04,989 [KeyDeletingService#0] INFO  snapshot.SnapshotCache (SnapshotCache.java:lambda$1(166)) - Loading snapshot. Table key: /vol1/bucket2/snap1
2023-06-29 22:13:04,990 [KeyDeletingService#0] INFO  snapshot.SnapshotCache (SnapshotCache.java:lambda$1(166)) - Loading snapshot. Table key: /vol1/bucket2/snap1
2023-06-29 22:13:04,990 [KeyDeletingService#0] INFO  snapshot.SnapshotCache (SnapshotCache.java:lambda$1(166)) - Loading snapshot. Table key: /vol1/bucket2/snap1
2023-06-29 22:13:04,990 [KeyDeletingService#0] INFO  snapshot.SnapshotCache (SnapshotCache.java:lambda$1(166)) - Loading snapshot. Table key: /vol1/bucket2/snap1
2023-06-29 22:13:04,990 [KeyDeletingService#0] INFO  snapshot.SnapshotCache (SnapshotCache.java:lambda$1(166)) - Loading snapshot. Table key: /vol1/bucket2/snap1
2023-06-29 22:13:04,991 [KeyDeletingService#0] INFO  snapshot.SnapshotCache (SnapshotCache.java:lambda$1(166)) - Loading snapshot. Table key: /vol1/bucket2/snap1
2023-06-29 22:13:04,991 [KeyDeletingService#0] INFO  snapshot.SnapshotCache (SnapshotCache.java:lambda$1(166)) - Loading snapshot. Table key: /vol1/bucket2/snap1
2023-06-29 22:13:04,991 [KeyDeletingService#0] INFO  snapshot.SnapshotCache (SnapshotCache.java:lambda$1(166)) - Loading snapshot. Table key: /vol1/bucket2/snap1
2023-06-29 22:13:04,991 [KeyDeletingService#0] INFO  snapshot.SnapshotCache (SnapshotCache.java:lambda$1(166)) - Loading snapshot. Table key: /vol1/bucket2/snap1
2023-06-29 22:13:04,992 [KeyDeletingService#0] INFO  snapshot.SnapshotCache (SnapshotCache.java:lambda$1(166)) - Loading snapshot. Table key: /vol1/bucket2/snap1
2023-06-29 22:13:04,992 [KeyDeletingService#0] INFO  snapshot.SnapshotCache (SnapshotCache.java:lambda$1(166)) - Loading snapshot. Table key: /vol1/bucket2/snap1
2023-06-29 22:13:05,010 [KeyDeletingService#0] INFO  snapshot.SnapshotCache (SnapshotCache.java:lambda$1(166)) - Loading snapshot. Table key: /vol1/bucket2/snap1
2023-06-29 22:13:05,010 [KeyDeletingService#0] INFO  snapshot.SnapshotCache (SnapshotCache.java:lambda$1(166)) - Loading snapshot. Table key: /vol1/bucket2/snap1
2023-06-29 22:13:05,010 [KeyDeletingService#0] INFO  snapshot.SnapshotCache (SnapshotCache.java:lambda$1(166)) - Loading snapshot. Table key: /vol1/bucket2/snap1
2023-06-29 22:13:05,489 [KeyDeletingService#0] INFO  snapshot.SnapshotCache (SnapshotCache.java:lambda$1(166)) - Loading snapshot. Table key: /vol1/bucket2/snap1
2023-06-29 22:13:05,489 [KeyDeletingService#0] INFO  snapshot.SnapshotCache (SnapshotCache.java:lambda$1(166)) - Loading snapshot. Table key: /vol1/bucket2/snap1
2023-06-29 22:13:05,489 [KeyDeletingService#0] INFO  snapshot.SnapshotCache (SnapshotCache.java:lambda$1(166)) - Loading snapshot. Table key: /vol1/bucket2/snap1
2023-06-29 22:13:05,490 [KeyDeletingService#0] INFO  snapshot.SnapshotCache (SnapshotCache.java:lambda$1(166)) - Loading snapshot. Table key: /vol1/bucket2/snap1
2023-06-29 22:13:05,490 [KeyDeletingService#0] INFO  snapshot.SnapshotCache (SnapshotCache.java:lambda$1(166)) - Loading snapshot. Table key: /vol1/bucket2/snap1
2023-06-29 22:13:05,490 [KeyDeletingService#0] INFO  snapshot.SnapshotCache (SnapshotCache.java:lambda$1(166)) - Loading snapshot. Table key: /vol1/bucket2/snap1
2023-06-29 22:13:05,490 [KeyDeletingService#0] INFO  snapshot.SnapshotCache (SnapshotCache.java:lambda$1(166)) - Loading snapshot. Table key: /vol1/bucket2/snap1
2023-06-29 22:13:05,491 [KeyDeletingService#0] INFO  snapshot.SnapshotCache (SnapshotCache.java:lambda$1(166)) - Loading snapshot. Table key: /vol1/bucket2/snap1
2023-06-29 22:13:05,491 [KeyDeletingService#0] INFO  snapshot.SnapshotCache (SnapshotCache.java:lambda$1(166)) - Loading snapshot. Table key: /vol1/bucket2/snap1
2023-06-29 22:13:05,491 [KeyDeletingService#0] INFO  snapshot.SnapshotCache (SnapshotCache.java:lambda$1(166)) - Loading snapshot. Table key: /vol1/bucket2/snap1
2023-06-29 22:13:05,491 [KeyDeletingService#0] INFO  snapshot.SnapshotCache (SnapshotCache.java:lambda$1(166)) - Loading snapshot. Table key: /vol1/bucket2/snap1
2023-06-29 22:13:05,492 [KeyDeletingService#0] INFO  snapshot.SnapshotCache (SnapshotCache.java:lambda$1(166)) - Loading snapshot. Table key: /vol1/bucket2/snap1
2023-06-29 22:13:05,492 [KeyDeletingService#0] INFO  snapshot.SnapshotCache (SnapshotCache.java:lambda$1(166)) - Loading snapshot. Table key: /vol1/bucket2/snap1
2023-06-29 22:13:05,510 [KeyDeletingService#0] INFO  snapshot.SnapshotCache (SnapshotCache.java:lambda$1(166)) - Loading snapshot. Table key: /vol1/bucket2/snap1
2023-06-29 22:13:05,510 [KeyDeletingService#0] INFO  snapshot.SnapshotCache (SnapshotCache.java:lambda$1(166)) - Loading snapshot. Table key: /vol1/bucket2/snap1
2023-06-29 22:13:05,510 [KeyDeletingService#0] INFO  snapshot.SnapshotCache (SnapshotCache.java:lambda$1(166)) - Loading snapshot. Table key: /vol1/bucket2/snap1
2023-06-29 22:13:05,607 [main] INFO  ozone.TestSnapshotDeletingService (TestSnapshotDeletingService.java:assertTableRowCount(565)) - deletedTable actual row count=13, expectedCount=15
2023-06-29 22:13:05,989 [KeyDeletingService#0] INFO  snapshot.SnapshotCache (SnapshotCache.java:lambda$1(166)) - Loading snapshot. Table key: /vol1/bucket2/snap1
2023-06-29 22:13:05,989 [KeyDeletingService#0] INFO  snapshot.SnapshotCache (SnapshotCache.java:lambda$1(166)) - Loading snapshot. Table key: /vol1/bucket2/snap1
2023-06-29 22:13:05,990 [KeyDeletingService#0] INFO  snapshot.SnapshotCache (SnapshotCache.java:lambda$1(166)) - Loading snapshot. Table key: /vol1/bucket2/snap1
2023-06-29 22:13:05,990 [KeyDeletingService#0] INFO  snapshot.SnapshotCache (SnapshotCache.java:lambda$1(166)) - Loading snapshot. Table key: /vol1/bucket2/snap1
2023-06-29 22:13:05,990 [KeyDeletingService#0] INFO  snapshot.SnapshotCache (SnapshotCache.java:lambda$1(166)) - Loading snapshot. Table key: /vol1/bucket2/snap1
2023-06-29 22:13:05,990 [KeyDeletingService#0] INFO  snapshot.SnapshotCache (SnapshotCache.java:lambda$1(166)) - Loading snapshot. Table key: /vol1/bucket2/snap1
2023-06-29 22:13:05,990 [KeyDeletingService#0] INFO  snapshot.SnapshotCache (SnapshotCache.java:lambda$1(166)) - Loading snapshot. Table key: /vol1/bucket2/snap1
2023-06-29 22:13:05,991 [KeyDeletingService#0] INFO  snapshot.SnapshotCache (SnapshotCache.java:lambda$1(166)) - Loading snapshot. Table key: /vol1/bucket2/snap1
2023-06-29 22:13:05,991 [KeyDeletingService#0] INFO  snapshot.SnapshotCache (SnapshotCache.java:lambda$1(166)) - Loading snapshot. Table key: /vol1/bucket2/snap1
2023-06-29 22:13:05,991 [KeyDeletingService#0] INFO  snapshot.SnapshotCache (SnapshotCache.java:lambda$1(166)) - Loading snapshot. Table key: /vol1/bucket2/snap1
2023-06-29 22:13:05,991 [KeyDeletingService#0] INFO  snapshot.SnapshotCache (SnapshotCache.java:lambda$1(166)) - Loading snapshot. Table key: /vol1/bucket2/snap1
2023-06-29 22:13:05,992 [KeyDeletingService#0] INFO  snapshot.SnapshotCache (SnapshotCache.java:lambda$1(166)) - Loading snapshot. Table key: /vol1/bucket2/snap1
2023-06-29 22:13:05,992 [KeyDeletingService#0] INFO  snapshot.SnapshotCache (SnapshotCache.java:lambda$1(166)) - Loading snapshot. Table key: /vol1/bucket2/snap1
2023-06-29 22:13:06,010 [KeyDeletingService#0] INFO  snapshot.SnapshotCache (SnapshotCache.java:lambda$1(166)) - Loading snapshot. Table key: /vol1/bucket2/snap1
2023-06-29 22:13:06,010 [KeyDeletingService#0] INFO  snapshot.SnapshotCache (SnapshotCache.java:lambda$1(166)) - Loading snapshot. Table key: /vol1/bucket2/snap1
2023-06-29 22:13:06,010 [KeyDeletingService#0] INFO  snapshot.SnapshotCache (SnapshotCache.java:lambda$1(166)) - Loading snapshot. Table key: /vol1/bucket2/snap1
2023-06-29 22:13:06,489 [KeyDeletingService#0] INFO  snapshot.SnapshotCache (SnapshotCache.java:lambda$1(166)) - Loading snapshot. Table key: /vol1/bucket2/snap1
2023-06-29 22:13:06,489 [KeyDeletingService#0] INFO  snapshot.SnapshotCache (SnapshotCache.java:lambda$1(166)) - Loading snapshot. Table key: /vol1/bucket2/snap1
2023-06-29 22:13:06,490 [KeyDeletingService#0] INFO  snapshot.SnapshotCache (SnapshotCache.java:lambda$1(166)) - Loading snapshot. Table key: /vol1/bucket2/snap1
2023-06-29 22:13:06,490 [KeyDeletingService#0] INFO  snapshot.SnapshotCache (SnapshotCache.java:lambda$1(166)) - Loading snapshot. Table key: /vol1/bucket2/snap1
2023-06-29 22:13:06,490 [KeyDeletingService#0] INFO  snapshot.SnapshotCache (SnapshotCache.java:lambda$1(166)) - Loading snapshot. Table key: /vol1/bucket2/snap1
2023-06-29 22:13:06,490 [KeyDeletingService#0] INFO  snapshot.SnapshotCache (SnapshotCache.java:lambda$1(166)) - Loading snapshot. Table key: /vol1/bucket2/snap1
2023-06-29 22:13:06,491 [KeyDeletingService#0] INFO  snapshot.SnapshotCache (SnapshotCache.java:lambda$1(166)) - Loading snapshot. Table key: /vol1/bucket2/snap1
2023-06-29 22:13:06,491 [KeyDeletingService#0] INFO  snapshot.SnapshotCache (SnapshotCache.java:lambda$1(166)) - Loading snapshot. Table key: /vol1/bucket2/snap1
2023-06-29 22:13:06,491 [KeyDeletingService#0] INFO  snapshot.SnapshotCache (SnapshotCache.java:lambda$1(166)) - Loading snapshot. Table key: /vol1/bucket2/snap1
2023-06-29 22:13:06,491 [KeyDeletingService#0] INFO  snapshot.SnapshotCache (SnapshotCache.java:lambda$1(166)) - Loading snapshot. Table key: /vol1/bucket2/snap1
2023-06-29 22:13:06,492 [KeyDeletingService#0] INFO  snapshot.SnapshotCache (SnapshotCache.java:lambda$1(166)) - Loading snapshot. Table key: /vol1/bucket2/snap1
2023-06-29 22:13:06,492 [KeyDeletingService#0] INFO  snapshot.SnapshotCache (SnapshotCache.java:lambda$1(166)) - Loading snapshot. Table key: /vol1/bucket2/snap1
2023-06-29 22:13:06,492 [KeyDeletingService#0] INFO  snapshot.SnapshotCache (SnapshotCache.java:lambda$1(166)) - Loading snapshot. Table key: /vol1/bucket2/snap1
2023-06-29 22:13:06,510 [KeyDeletingService#0] INFO  snapshot.SnapshotCache (SnapshotCache.java:lambda$1(166)) - Loading snapshot. Table key: /vol1/bucket2/snap1
2023-06-29 22:13:06,510 [KeyDeletingService#0] INFO  snapshot.SnapshotCache (SnapshotCache.java:lambda$1(166)) - Loading snapshot. Table key: /vol1/bucket2/snap1
2023-06-29 22:13:06,510 [KeyDeletingService#0] INFO  snapshot.SnapshotCache (SnapshotCache.java:lambda$1(166)) - Loading snapshot. Table key: /vol1/bucket2/snap1
2023-06-29 22:13:06,608 [main] INFO  ozone.TestSnapshotDeletingService (TestSnapshotDeletingService.java:assertTableRowCount(565)) - deletedTable actual row count=13, expectedCount=15
2023-06-29 22:13:06,989 [KeyDeletingService#0] INFO  snapshot.SnapshotCache (SnapshotCache.java:lambda$1(166)) - Loading snapshot. Table key: /vol1/bucket2/snap1
2023-06-29 22:13:06,989 [KeyDeletingService#0] INFO  snapshot.SnapshotCache (SnapshotCache.java:lambda$1(166)) - Loading snapshot. Table key: /vol1/bucket2/snap1
2023-06-29 22:13:06,990 [KeyDeletingService#0] INFO  snapshot.SnapshotCache (SnapshotCache.java:lambda$1(166)) - Loading snapshot. Table key: /vol1/bucket2/snap1
2023-06-29 22:13:06,990 [KeyDeletingService#0] INFO  snapshot.SnapshotCache (SnapshotCache.java:lambda$1(166)) - Loading snapshot. Table key: /vol1/bucket2/snap1
2023-06-29 22:13:06,990 [KeyDeletingService#0] INFO  snapshot.SnapshotCache (SnapshotCache.java:lambda$1(166)) - Loading snapshot. Table key: /vol1/bucket2/snap1
2023-06-29 22:13:06,990 [KeyDeletingService#0] INFO  snapshot.SnapshotCache (SnapshotCache.java:lambda$1(166)) - Loading snapshot. Table key: /vol1/bucket2/snap1
2023-06-29 22:13:06,991 [KeyDeletingService#0] INFO  snapshot.SnapshotCache (SnapshotCache.java:lambda$1(166)) - Loading snapshot. Table key: /vol1/bucket2/snap1
2023-06-29 22:13:06,991 [KeyDeletingService#0] INFO  snapshot.SnapshotCache (SnapshotCache.java:lambda$1(166)) - Loading snapshot. Table key: /vol1/bucket2/snap1
2023-06-29 22:13:06,991 [KeyDeletingService#0] INFO  snapshot.SnapshotCache (SnapshotCache.java:lambda$1(166)) - Loading snapshot. Table key: /vol1/bucket2/snap1
2023-06-29 22:13:06,991 [KeyDeletingService#0] INFO  snapshot.SnapshotCache (SnapshotCache.java:lambda$1(166)) - Loading snapshot. Table key: /vol1/bucket2/snap1
2023-06-29 22:13:06,992 [KeyDeletingService#0] INFO  snapshot.SnapshotCache (SnapshotCache.java:lambda$1(166)) - Loading snapshot. Table key: /vol1/bucket2/snap1
2023-06-29 22:13:06,992 [KeyDeletingService#0] INFO  snapshot.SnapshotCache (SnapshotCache.java:lambda$1(166)) - Loading snapshot. Table key: /vol1/bucket2/snap1
2023-06-29 22:13:06,992 [KeyDeletingService#0] INFO  snapshot.SnapshotCache (SnapshotCache.java:lambda$1(166)) - Loading snapshot. Table key: /vol1/bucket2/snap1
2023-06-29 22:13:07,010 [KeyDeletingService#0] INFO  snapshot.SnapshotCache (SnapshotCache.java:lambda$1(166)) - Loading snapshot. Table key: /vol1/bucket2/snap1
2023-06-29 22:13:07,010 [KeyDeletingService#0] INFO  snapshot.SnapshotCache (SnapshotCache.java:lambda$1(166)) - Loading snapshot. Table key: /vol1/bucket2/snap1
2023-06-29 22:13:07,011 [KeyDeletingService#0] INFO  snapshot.SnapshotCache (SnapshotCache.java:lambda$1(166)) - Loading snapshot. Table key: /vol1/bucket2/snap1
2023-06-29 22:13:07,489 [KeyDeletingService#0] INFO  snapshot.SnapshotCache (SnapshotCache.java:lambda$1(166)) - Loading snapshot. Table key: /vol1/bucket2/snap1
2023-06-29 22:13:07,489 [KeyDeletingService#0] INFO  snapshot.SnapshotCache (SnapshotCache.java:lambda$1(166)) - Loading snapshot. Table key: /vol1/bucket2/snap1
2023-06-29 22:13:07,490 [KeyDeletingService#0] INFO  snapshot.SnapshotCache (SnapshotCache.java:lambda$1(166)) - Loading snapshot. Table key: /vol1/bucket2/snap1
2023-06-29 22:13:07,490 [KeyDeletingService#0] INFO  snapshot.SnapshotCache (SnapshotCache.java:lambda$1(166)) - Loading snapshot. Table key: /vol1/bucket2/snap1
2023-06-29 22:13:07,490 [KeyDeletingService#0] INFO  snapshot.SnapshotCache (SnapshotCache.java:lambda$1(166)) - Loading snapshot. Table key: /vol1/bucket2/snap1
2023-06-29 22:13:07,490 [KeyDeletingService#0] INFO  snapshot.SnapshotCache (SnapshotCache.java:lambda$1(166)) - Loading snapshot. Table key: /vol1/bucket2/snap1
2023-06-29 22:13:07,491 [KeyDeletingService#0] INFO  snapshot.SnapshotCache (SnapshotCache.java:lambda$1(166)) - Loading snapshot. Table key: /vol1/bucket2/snap1
2023-06-29 22:13:07,491 [KeyDeletingService#0] INFO  snapshot.SnapshotCache (SnapshotCache.java:lambda$1(166)) - Loading snapshot. Table key: /vol1/bucket2/snap1
2023-06-29 22:13:07,491 [KeyDeletingService#0] INFO  snapshot.SnapshotCache (SnapshotCache.java:lambda$1(166)) - Loading snapshot. Table key: /vol1/bucket2/snap1
2023-06-29 22:13:07,491 [KeyDeletingService#0] INFO  snapshot.SnapshotCache (SnapshotCache.java:lambda$1(166)) - Loading snapshot. Table key: /vol1/bucket2/snap1
2023-06-29 22:13:07,492 [KeyDeletingService#0] INFO  snapshot.SnapshotCache (SnapshotCache.java:lambda$1(166)) - Loading snapshot. Table key: /vol1/bucket2/snap1
2023-06-29 22:13:07,492 [KeyDeletingService#0] INFO  snapshot.SnapshotCache (SnapshotCache.java:lambda$1(166)) - Loading snapshot. Table key: /vol1/bucket2/snap1
2023-06-29 22:13:07,492 [KeyDeletingService#0] INFO  snapshot.SnapshotCache (SnapshotCache.java:lambda$1(166)) - Loading snapshot. Table key: /vol1/bucket2/snap1
2023-06-29 22:13:07,510 [KeyDeletingService#0] INFO  snapshot.SnapshotCache (SnapshotCache.java:lambda$1(166)) - Loading snapshot. Table key: /vol1/bucket2/snap1
2023-06-29 22:13:07,510 [KeyDeletingService#0] INFO  snapshot.SnapshotCache (SnapshotCache.java:lambda$1(166)) - Loading snapshot. Table key: /vol1/bucket2/snap1
2023-06-29 22:13:07,510 [KeyDeletingService#0] INFO  snapshot.SnapshotCache (SnapshotCache.java:lambda$1(166)) - Loading snapshot. Table key: /vol1/bucket2/snap1
2023-06-29 22:13:07,609 [main] INFO  ozone.TestSnapshotDeletingService (TestSnapshotDeletingService.java:assertTableRowCount(565)) - deletedTable actual row count=13, expectedCount=15
2023-06-29 22:13:07,989 [KeyDeletingService#0] INFO  snapshot.SnapshotCache (SnapshotCache.java:lambda$1(166)) - Loading snapshot. Table key: /vol1/bucket2/snap1
2023-06-29 22:13:07,990 [KeyDeletingService#0] INFO  snapshot.SnapshotCache (SnapshotCache.java:lambda$1(166)) - Loading snapshot. Table key: /vol1/bucket2/snap1
2023-06-29 22:13:07,990 [KeyDeletingService#0] INFO  snapshot.SnapshotCache (SnapshotCache.java:lambda$1(166)) - Loading snapshot. Table key: /vol1/bucket2/snap1
2023-06-29 22:13:07,990 [KeyDeletingService#0] INFO  snapshot.SnapshotCache (SnapshotCache.java:lambda$1(166)) - Loading snapshot. Table key: /vol1/bucket2/snap1
2023-06-29 22:13:07,990 [KeyDeletingService#0] INFO  snapshot.SnapshotCache (SnapshotCache.java:lambda$1(166)) - Loading snapshot. Table key: /vol1/bucket2/snap1
2023-06-29 22:13:07,991 [KeyDeletingService#0] INFO  snapshot.SnapshotCache (SnapshotCache.java:lambda$1(166)) - Loading snapshot. Table key: /vol1/bucket2/snap1
2023-06-29 22:13:07,991 [KeyDeletingService#0] INFO  snapshot.SnapshotCache (SnapshotCache.java:lambda$1(166)) - Loading snapshot. Table key: /vol1/bucket2/snap1
2023-06-29 22:13:07,991 [KeyDeletingService#0] INFO  snapshot.SnapshotCache (SnapshotCache.java:lambda$1(166)) - Loading snapshot. Table key: /vol1/bucket2/snap1
2023-06-29 22:13:07,991 [KeyDeletingService#0] INFO  snapshot.SnapshotCache (SnapshotCache.java:lambda$1(166)) - Loading snapshot. Table key: /vol1/bucket2/snap1
2023-06-29 22:13:07,992 [KeyDeletingService#0] INFO  snapshot.SnapshotCache (SnapshotCache.java:lambda$1(166)) - Loading snapshot. Table key: /vol1/bucket2/snap1
2023-06-29 22:13:07,992 [KeyDeletingService#0] INFO  snapshot.SnapshotCache (SnapshotCache.java:lambda$1(166)) - Loading snapshot. Table key: /vol1/bucket2/snap1
2023-06-29 22:13:07,992 [KeyDeletingService#0] INFO  snapshot.SnapshotCache (SnapshotCache.java:lambda$1(166)) - Loading snapshot. Table key: /vol1/bucket2/snap1
2023-06-29 22:13:07,992 [KeyDeletingService#0] INFO  snapshot.SnapshotCache (SnapshotCache.java:lambda$1(166)) - Loading snapshot. Table key: /vol1/bucket2/snap1
2023-06-29 22:13:08,010 [KeyDeletingService#0] INFO  snapshot.SnapshotCache (SnapshotCache.java:lambda$1(166)) - Loading snapshot. Table key: /vol1/bucket2/snap1
2023-06-29 22:13:08,010 [KeyDeletingService#0] INFO  snapshot.SnapshotCache (SnapshotCache.java:lambda$1(166)) - Loading snapshot. Table key: /vol1/bucket2/snap1
2023-06-29 22:13:08,011 [KeyDeletingService#0] INFO  snapshot.SnapshotCache (SnapshotCache.java:lambda$1(166)) - Loading snapshot. Table key: /vol1/bucket2/snap1
2023-06-29 22:13:08,489 [KeyDeletingService#0] INFO  snapshot.SnapshotCache (SnapshotCache.java:lambda$1(166)) - Loading snapshot. Table key: /vol1/bucket2/snap1
2023-06-29 22:13:08,490 [KeyDeletingService#0] INFO  snapshot.SnapshotCache (SnapshotCache.java:lambda$1(166)) - Loading snapshot. Table key: /vol1/bucket2/snap1
2023-06-29 22:13:08,490 [KeyDeletingService#0] INFO  snapshot.SnapshotCache (SnapshotCache.java:lambda$1(166)) - Loading snapshot. Table key: /vol1/bucket2/snap1
2023-06-29 22:13:08,490 [KeyDeletingService#0] INFO  snapshot.SnapshotCache (SnapshotCache.java:lambda$1(166)) - Loading snapshot. Table key: /vol1/bucket2/snap1
2023-06-29 22:13:08,490 [KeyDeletingService#0] INFO  snapshot.SnapshotCache (SnapshotCache.java:lambda$1(166)) - Loading snapshot. Table key: /vol1/bucket2/snap1
2023-06-29 22:13:08,491 [KeyDeletingService#0] INFO  snapshot.SnapshotCache (SnapshotCache.java:lambda$1(166)) - Loading snapshot. Table key: /vol1/bucket2/snap1
2023-06-29 22:13:08,491 [KeyDeletingService#0] INFO  snapshot.SnapshotCache (SnapshotCache.java:lambda$1(166)) - Loading snapshot. Table key: /vol1/bucket2/snap1
2023-06-29 22:13:08,491 [KeyDeletingService#0] INFO  snapshot.SnapshotCache (SnapshotCache.java:lambda$1(166)) - Loading snapshot. Table key: /vol1/bucket2/snap1
2023-06-29 22:13:08,491 [KeyDeletingService#0] INFO  snapshot.SnapshotCache (SnapshotCache.java:lambda$1(166)) - Loading snapshot. Table key: /vol1/bucket2/snap1
2023-06-29 22:13:08,492 [KeyDeletingService#0] INFO  snapshot.SnapshotCache (SnapshotCache.java:lambda$1(166)) - Loading snapshot. Table key: /vol1/bucket2/snap1
2023-06-29 22:13:08,492 [KeyDeletingService#0] INFO  snapshot.SnapshotCache (SnapshotCache.java:lambda$1(166)) - Loading snapshot. Table key: /vol1/bucket2/snap1
2023-06-29 22:13:08,492 [KeyDeletingService#0] INFO  snapshot.SnapshotCache (SnapshotCache.java:lambda$1(166)) - Loading snapshot. Table key: /vol1/bucket2/snap1
2023-06-29 22:13:08,492 [KeyDeletingService#0] INFO  snapshot.SnapshotCache (SnapshotCache.java:lambda$1(166)) - Loading snapshot. Table key: /vol1/bucket2/snap1
2023-06-29 22:13:08,510 [KeyDeletingService#0] INFO  snapshot.SnapshotCache (SnapshotCache.java:lambda$1(166)) - Loading snapshot. Table key: /vol1/bucket2/snap1
2023-06-29 22:13:08,510 [KeyDeletingService#0] INFO  snapshot.SnapshotCache (SnapshotCache.java:lambda$1(166)) - Loading snapshot. Table key: /vol1/bucket2/snap1
2023-06-29 22:13:08,511 [KeyDeletingService#0] INFO  snapshot.SnapshotCache (SnapshotCache.java:lambda$1(166)) - Loading snapshot. Table key: /vol1/bucket2/snap1
2023-06-29 22:13:08,610 [main] INFO  ozone.TestSnapshotDeletingService (TestSnapshotDeletingService.java:assertTableRowCount(565)) - deletedTable actual row count=13, expectedCount=15
2023-06-29 22:13:08,989 [KeyDeletingService#0] INFO  snapshot.SnapshotCache (SnapshotCache.java:lambda$1(166)) - Loading snapshot. Table key: /vol1/bucket2/snap1
2023-06-29 22:13:08,990 [KeyDeletingService#0] INFO  snapshot.SnapshotCache (SnapshotCache.java:lambda$1(166)) - Loading snapshot. Table key: /vol1/bucket2/snap1
2023-06-29 22:13:08,990 [KeyDeletingService#0] INFO  snapshot.SnapshotCache (SnapshotCache.java:lambda$1(166)) - Loading snapshot. Table key: /vol1/bucket2/snap1
2023-06-29 22:13:08,990 [KeyDeletingService#0] INFO  snapshot.SnapshotCache (SnapshotCache.java:lambda$1(166)) - Loading snapshot. Table key: /vol1/bucket2/snap1
2023-06-29 22:13:08,991 [KeyDeletingService#0] INFO  snapshot.SnapshotCache (SnapshotCache.java:lambda$1(166)) - Loading snapshot. Table key: /vol1/bucket2/snap1
2023-06-29 22:13:08,991 [KeyDeletingService#0] INFO  snapshot.SnapshotCache (SnapshotCache.java:lambda$1(166)) - Loading snapshot. Table key: /vol1/bucket2/snap1
2023-06-29 22:13:08,991 [KeyDeletingService#0] INFO  snapshot.SnapshotCache (SnapshotCache.java:lambda$1(166)) - Loading snapshot. Table key: /vol1/bucket2/snap1
2023-06-29 22:13:08,991 [KeyDeletingService#0] INFO  snapshot.SnapshotCache (SnapshotCache.java:lambda$1(166)) - Loading snapshot. Table key: /vol1/bucket2/snap1
2023-06-29 22:13:08,992 [KeyDeletingService#0] INFO  snapshot.SnapshotCache (SnapshotCache.java:lambda$1(166)) - Loading snapshot. Table key: /vol1/bucket2/snap1
2023-06-29 22:13:08,992 [KeyDeletingService#0] INFO  snapshot.SnapshotCache (SnapshotCache.java:lambda$1(166)) - Loading snapshot. Table key: /vol1/bucket2/snap1
2023-06-29 22:13:08,992 [KeyDeletingService#0] INFO  snapshot.SnapshotCache (SnapshotCache.java:lambda$1(166)) - Loading snapshot. Table key: /vol1/bucket2/snap1
2023-06-29 22:13:08,992 [KeyDeletingService#0] INFO  snapshot.SnapshotCache (SnapshotCache.java:lambda$1(166)) - Loading snapshot. Table key: /vol1/bucket2/snap1
2023-06-29 22:13:08,993 [KeyDeletingService#0] INFO  snapshot.SnapshotCache (SnapshotCache.java:lambda$1(166)) - Loading snapshot. Table key: /vol1/bucket2/snap1
2023-06-29 22:13:09,010 [KeyDeletingService#0] INFO  snapshot.SnapshotCache (SnapshotCache.java:lambda$1(166)) - Loading snapshot. Table key: /vol1/bucket2/snap1
2023-06-29 22:13:09,011 [KeyDeletingService#0] INFO  snapshot.SnapshotCache (SnapshotCache.java:lambda$1(166)) - Loading snapshot. Table key: /vol1/bucket2/snap1
2023-06-29 22:13:09,011 [KeyDeletingService#0] INFO  snapshot.SnapshotCache (SnapshotCache.java:lambda$1(166)) - Loading snapshot. Table key: /vol1/bucket2/snap1
2023-06-29 22:13:09,489 [KeyDeletingService#0] INFO  snapshot.SnapshotCache (SnapshotCache.java:lambda$1(166)) - Loading snapshot. Table key: /vol1/bucket2/snap1
2023-06-29 22:13:09,490 [KeyDeletingService#0] INFO  snapshot.SnapshotCache (SnapshotCache.java:lambda$1(166)) - Loading snapshot. Table key: /vol1/bucket2/snap1
2023-06-29 22:13:09,490 [KeyDeletingService#0] INFO  snapshot.SnapshotCache (SnapshotCache.java:lambda$1(166)) - Loading snapshot. Table key: /vol1/bucket2/snap1
2023-06-29 22:13:09,490 [KeyDeletingService#0] INFO  snapshot.SnapshotCache (SnapshotCache.java:lambda$1(166)) - Loading snapshot. Table key: /vol1/bucket2/snap1
2023-06-29 22:13:09,491 [KeyDeletingService#0] INFO  snapshot.SnapshotCache (SnapshotCache.java:lambda$1(166)) - Loading snapshot. Table key: /vol1/bucket2/snap1
2023-06-29 22:13:09,491 [KeyDeletingService#0] INFO  snapshot.SnapshotCache (SnapshotCache.java:lambda$1(166)) - Loading snapshot. Table key: /vol1/bucket2/snap1
2023-06-29 22:13:09,491 [KeyDeletingService#0] INFO  snapshot.SnapshotCache (SnapshotCache.java:lambda$1(166)) - Loading snapshot. Table key: /vol1/bucket2/snap1
2023-06-29 22:13:09,491 [KeyDeletingService#0] INFO  snapshot.SnapshotCache (SnapshotCache.java:lambda$1(166)) - Loading snapshot. Table key: /vol1/bucket2/snap1
2023-06-29 22:13:09,492 [KeyDeletingService#0] INFO  snapshot.SnapshotCache (SnapshotCache.java:lambda$1(166)) - Loading snapshot. Table key: /vol1/bucket2/snap1
2023-06-29 22:13:09,492 [KeyDeletingService#0] INFO  snapshot.SnapshotCache (SnapshotCache.java:lambda$1(166)) - Loading snapshot. Table key: /vol1/bucket2/snap1
2023-06-29 22:13:09,492 [KeyDeletingService#0] INFO  snapshot.SnapshotCache (SnapshotCache.java:lambda$1(166)) - Loading snapshot. Table key: /vol1/bucket2/snap1
2023-06-29 22:13:09,492 [KeyDeletingService#0] INFO  snapshot.SnapshotCache (SnapshotCache.java:lambda$1(166)) - Loading snapshot. Table key: /vol1/bucket2/snap1
2023-06-29 22:13:09,493 [KeyDeletingService#0] INFO  snapshot.SnapshotCache (SnapshotCache.java:lambda$1(166)) - Loading snapshot. Table key: /vol1/bucket2/snap1
2023-06-29 22:13:09,510 [KeyDeletingService#0] INFO  snapshot.SnapshotCache (SnapshotCache.java:lambda$1(166)) - Loading snapshot. Table key: /vol1/bucket2/snap1
2023-06-29 22:13:09,511 [KeyDeletingService#0] INFO  snapshot.SnapshotCache (SnapshotCache.java:lambda$1(166)) - Loading snapshot. Table key: /vol1/bucket2/snap1
2023-06-29 22:13:09,511 [KeyDeletingService#0] INFO  snapshot.SnapshotCache (SnapshotCache.java:lambda$1(166)) - Loading snapshot. Table key: /vol1/bucket2/snap1
2023-06-29 22:13:09,611 [main] INFO  ozone.TestSnapshotDeletingService (TestSnapshotDeletingService.java:assertTableRowCount(565)) - deletedTable actual row count=13, expectedCount=15
2023-06-29 22:13:09,990 [KeyDeletingService#0] INFO  snapshot.SnapshotCache (SnapshotCache.java:lambda$1(166)) - Loading snapshot. Table key: /vol1/bucket2/snap1
2023-06-29 22:13:09,990 [KeyDeletingService#0] INFO  snapshot.SnapshotCache (SnapshotCache.java:lambda$1(166)) - Loading snapshot. Table key: /vol1/bucket2/snap1
2023-06-29 22:13:09,990 [KeyDeletingService#0] INFO  snapshot.SnapshotCache (SnapshotCache.java:lambda$1(166)) - Loading snapshot. Table key: /vol1/bucket2/snap1
2023-06-29 22:13:09,990 [KeyDeletingService#0] INFO  snapshot.SnapshotCache (SnapshotCache.java:lambda$1(166)) - Loading snapshot. Table key: /vol1/bucket2/snap1
2023-06-29 22:13:09,991 [KeyDeletingService#0] INFO  snapshot.SnapshotCache (SnapshotCache.java:lambda$1(166)) - Loading snapshot. Table key: /vol1/bucket2/snap1
2023-06-29 22:13:09,991 [KeyDeletingService#0] INFO  snapshot.SnapshotCache (SnapshotCache.java:lambda$1(166)) - Loading snapshot. Table key: /vol1/bucket2/snap1
2023-06-29 22:13:09,991 [KeyDeletingService#0] INFO  snapshot.SnapshotCache (SnapshotCache.java:lambda$1(166)) - Loading snapshot. Table key: /vol1/bucket2/snap1
2023-06-29 22:13:09,992 [KeyDeletingService#0] INFO  snapshot.SnapshotCache (SnapshotCache.java:lambda$1(166)) - Loading snapshot. Table key: /vol1/bucket2/snap1
2023-06-29 22:13:09,992 [KeyDeletingService#0] INFO  snapshot.SnapshotCache (SnapshotCache.java:lambda$1(166)) - Loading snapshot. Table key: /vol1/bucket2/snap1
2023-06-29 22:13:09,992 [KeyDeletingService#0] INFO  snapshot.SnapshotCache (SnapshotCache.java:lambda$1(166)) - Loading snapshot. Table key: /vol1/bucket2/snap1
2023-06-29 22:13:09,992 [KeyDeletingService#0] INFO  snapshot.SnapshotCache (SnapshotCache.java:lambda$1(166)) - Loading snapshot. Table key: /vol1/bucket2/snap1
2023-06-29 22:13:09,993 [KeyDeletingService#0] INFO  snapshot.SnapshotCache (SnapshotCache.java:lambda$1(166)) - Loading snapshot. Table key: /vol1/bucket2/snap1
2023-06-29 22:13:09,993 [KeyDeletingService#0] INFO  snapshot.SnapshotCache (SnapshotCache.java:lambda$1(166)) - Loading snapshot. Table key: /vol1/bucket2/snap1
2023-06-29 22:13:10,010 [KeyDeletingService#0] INFO  snapshot.SnapshotCache (SnapshotCache.java:lambda$1(166)) - Loading snapshot. Table key: /vol1/bucket2/snap1
2023-06-29 22:13:10,011 [KeyDeletingService#0] INFO  snapshot.SnapshotCache (SnapshotCache.java:lambda$1(166)) - Loading snapshot. Table key: /vol1/bucket2/snap1
2023-06-29 22:13:10,011 [KeyDeletingService#0] INFO  snapshot.SnapshotCache (SnapshotCache.java:lambda$1(166)) - Loading snapshot. Table key: /vol1/bucket2/snap1
2023-06-29 22:13:10,490 [KeyDeletingService#0] INFO  snapshot.SnapshotCache (SnapshotCache.java:lambda$1(166)) - Loading snapshot. Table key: /vol1/bucket2/snap1
2023-06-29 22:13:10,490 [KeyDeletingService#0] INFO  snapshot.SnapshotCache (SnapshotCache.java:lambda$1(166)) - Loading snapshot. Table key: /vol1/bucket2/snap1
2023-06-29 22:13:10,490 [KeyDeletingService#0] INFO  snapshot.SnapshotCache (SnapshotCache.java:lambda$1(166)) - Loading snapshot. Table key: /vol1/bucket2/snap1
2023-06-29 22:13:10,491 [KeyDeletingService#0] INFO  snapshot.SnapshotCache (SnapshotCache.java:lambda$1(166)) - Loading snapshot. Table key: /vol1/bucket2/snap1
2023-06-29 22:13:10,491 [KeyDeletingService#0] INFO  snapshot.SnapshotCache (SnapshotCache.java:lambda$1(166)) - Loading snapshot. Table key: /vol1/bucket2/snap1
2023-06-29 22:13:10,491 [KeyDeletingService#0] INFO  snapshot.SnapshotCache (SnapshotCache.java:lambda$1(166)) - Loading snapshot. Table key: /vol1/bucket2/snap1
2023-06-29 22:13:10,491 [KeyDeletingService#0] INFO  snapshot.SnapshotCache (SnapshotCache.java:lambda$1(166)) - Loading snapshot. Table key: /vol1/bucket2/snap1
2023-06-29 22:13:10,492 [KeyDeletingService#0] INFO  snapshot.SnapshotCache (SnapshotCache.java:lambda$1(166)) - Loading snapshot. Table key: /vol1/bucket2/snap1
2023-06-29 22:13:10,492 [KeyDeletingService#0] INFO  snapshot.SnapshotCache (SnapshotCache.java:lambda$1(166)) - Loading snapshot. Table key: /vol1/bucket2/snap1
2023-06-29 22:13:10,492 [KeyDeletingService#0] INFO  snapshot.SnapshotCache (SnapshotCache.java:lambda$1(166)) - Loading snapshot. Table key: /vol1/bucket2/snap1
2023-06-29 22:13:10,492 [KeyDeletingService#0] INFO  snapshot.SnapshotCache (SnapshotCache.java:lambda$1(166)) - Loading snapshot. Table key: /vol1/bucket2/snap1
2023-06-29 22:13:10,492 [KeyDeletingService#0] INFO  snapshot.SnapshotCache (SnapshotCache.java:lambda$1(166)) - Loading snapshot. Table key: /vol1/bucket2/snap1
2023-06-29 22:13:10,493 [KeyDeletingService#0] INFO  snapshot.SnapshotCache (SnapshotCache.java:lambda$1(166)) - Loading snapshot. Table key: /vol1/bucket2/snap1
2023-06-29 22:13:10,511 [KeyDeletingService#0] INFO  snapshot.SnapshotCache (SnapshotCache.java:lambda$1(166)) - Loading snapshot. Table key: /vol1/bucket2/snap1
2023-06-29 22:13:10,511 [KeyDeletingService#0] INFO  snapshot.SnapshotCache (SnapshotCache.java:lambda$1(166)) - Loading snapshot. Table key: /vol1/bucket2/snap1
2023-06-29 22:13:10,511 [KeyDeletingService#0] INFO  snapshot.SnapshotCache (SnapshotCache.java:lambda$1(166)) - Loading snapshot. Table key: /vol1/bucket2/snap1
2023-06-29 22:13:10,612 [main] INFO  ozone.TestSnapshotDeletingService (TestSnapshotDeletingService.java:assertTableRowCount(565)) - deletedTable actual row count=13, expectedCount=15
2023-06-29 22:13:10,990 [KeyDeletingService#0] INFO  snapshot.SnapshotCache (SnapshotCache.java:lambda$1(166)) - Loading snapshot. Table key: /vol1/bucket2/snap1
2023-06-29 22:13:10,990 [KeyDeletingService#0] INFO  snapshot.SnapshotCache (SnapshotCache.java:lambda$1(166)) - Loading snapshot. Table key: /vol1/bucket2/snap1
2023-06-29 22:13:10,990 [KeyDeletingService#0] INFO  snapshot.SnapshotCache (SnapshotCache.java:lambda$1(166)) - Loading snapshot. Table key: /vol1/bucket2/snap1
2023-06-29 22:13:10,991 [KeyDeletingService#0] INFO  snapshot.SnapshotCache (SnapshotCache.java:lambda$1(166)) - Loading snapshot. Table key: /vol1/bucket2/snap1
2023-06-29 22:13:10,991 [KeyDeletingService#0] INFO  snapshot.SnapshotCache (SnapshotCache.java:lambda$1(166)) - Loading snapshot. Table key: /vol1/bucket2/snap1
2023-06-29 22:13:10,991 [KeyDeletingService#0] INFO  snapshot.SnapshotCache (SnapshotCache.java:lambda$1(166)) - Loading snapshot. Table key: /vol1/bucket2/snap1
2023-06-29 22:13:10,991 [KeyDeletingService#0] INFO  snapshot.SnapshotCache (SnapshotCache.java:lambda$1(166)) - Loading snapshot. Table key: /vol1/bucket2/snap1
2023-06-29 22:13:10,992 [KeyDeletingService#0] INFO  snapshot.SnapshotCache (SnapshotCache.java:lambda$1(166)) - Loading snapshot. Table key: /vol1/bucket2/snap1
2023-06-29 22:13:10,992 [KeyDeletingService#0] INFO  snapshot.SnapshotCache (SnapshotCache.java:lambda$1(166)) - Loading snapshot. Table key: /vol1/bucket2/snap1
2023-06-29 22:13:10,992 [KeyDeletingService#0] INFO  snapshot.SnapshotCache (SnapshotCache.java:lambda$1(166)) - Loading snapshot. Table key: /vol1/bucket2/snap1
2023-06-29 22:13:10,992 [KeyDeletingService#0] INFO  snapshot.SnapshotCache (SnapshotCache.java:lambda$1(166)) - Loading snapshot. Table key: /vol1/bucket2/snap1
2023-06-29 22:13:10,993 [KeyDeletingService#0] INFO  snapshot.SnapshotCache (SnapshotCache.java:lambda$1(166)) - Loading snapshot. Table key: /vol1/bucket2/snap1
2023-06-29 22:13:10,993 [KeyDeletingService#0] INFO  snapshot.SnapshotCache (SnapshotCache.java:lambda$1(166)) - Loading snapshot. Table key: /vol1/bucket2/snap1
2023-06-29 22:13:11,011 [KeyDeletingService#0] INFO  snapshot.SnapshotCache (SnapshotCache.java:lambda$1(166)) - Loading snapshot. Table key: /vol1/bucket2/snap1
2023-06-29 22:13:11,011 [KeyDeletingService#0] INFO  snapshot.SnapshotCache (SnapshotCache.java:lambda$1(166)) - Loading snapshot. Table key: /vol1/bucket2/snap1
2023-06-29 22:13:11,011 [KeyDeletingService#0] INFO  snapshot.SnapshotCache (SnapshotCache.java:lambda$1(166)) - Loading snapshot. Table key: /vol1/bucket2/snap1
2023-06-29 22:13:11,490 [KeyDeletingService#0] INFO  snapshot.SnapshotCache (SnapshotCache.java:lambda$1(166)) - Loading snapshot. Table key: /vol1/bucket2/snap1
2023-06-29 22:13:11,490 [KeyDeletingService#0] INFO  snapshot.SnapshotCache (SnapshotCache.java:lambda$1(166)) - Loading snapshot. Table key: /vol1/bucket2/snap1
2023-06-29 22:13:11,491 [KeyDeletingService#0] INFO  snapshot.SnapshotCache (SnapshotCache.java:lambda$1(166)) - Loading snapshot. Table key: /vol1/bucket2/snap1
2023-06-29 22:13:11,491 [KeyDeletingService#0] INFO  snapshot.SnapshotCache (SnapshotCache.java:lambda$1(166)) - Loading snapshot. Table key: /vol1/bucket2/snap1
2023-06-29 22:13:11,491 [KeyDeletingService#0] INFO  snapshot.SnapshotCache (SnapshotCache.java:lambda$1(166)) - Loading snapshot. Table key: /vol1/bucket2/snap1
2023-06-29 22:13:11,491 [KeyDeletingService#0] INFO  snapshot.SnapshotCache (SnapshotCache.java:lambda$1(166)) - Loading snapshot. Table key: /vol1/bucket2/snap1
2023-06-29 22:13:11,492 [KeyDeletingService#0] INFO  snapshot.SnapshotCache (SnapshotCache.java:lambda$1(166)) - Loading snapshot. Table key: /vol1/bucket2/snap1
2023-06-29 22:13:11,492 [KeyDeletingService#0] INFO  snapshot.SnapshotCache (SnapshotCache.java:lambda$1(166)) - Loading snapshot. Table key: /vol1/bucket2/snap1
2023-06-29 22:13:11,492 [KeyDeletingService#0] INFO  snapshot.SnapshotCache (SnapshotCache.java:lambda$1(166)) - Loading snapshot. Table key: /vol1/bucket2/snap1
2023-06-29 22:13:11,492 [KeyDeletingService#0] INFO  snapshot.SnapshotCache (SnapshotCache.java:lambda$1(166)) - Loading snapshot. Table key: /vol1/bucket2/snap1
2023-06-29 22:13:11,492 [KeyDeletingService#0] INFO  snapshot.SnapshotCache (SnapshotCache.java:lambda$1(166)) - Loading snapshot. Table key: /vol1/bucket2/snap1
2023-06-29 22:13:11,493 [KeyDeletingService#0] INFO  snapshot.SnapshotCache (SnapshotCache.java:lambda$1(166)) - Loading snapshot. Table key: /vol1/bucket2/snap1
2023-06-29 22:13:11,493 [KeyDeletingService#0] INFO  snapshot.SnapshotCache (SnapshotCache.java:lambda$1(166)) - Loading snapshot. Table key: /vol1/bucket2/snap1
2023-06-29 22:13:11,511 [KeyDeletingService#0] INFO  snapshot.SnapshotCache (SnapshotCache.java:lambda$1(166)) - Loading snapshot. Table key: /vol1/bucket2/snap1
2023-06-29 22:13:11,511 [KeyDeletingService#0] INFO  snapshot.SnapshotCache (SnapshotCache.java:lambda$1(166)) - Loading snapshot. Table key: /vol1/bucket2/snap1
2023-06-29 22:13:11,511 [KeyDeletingService#0] INFO  snapshot.SnapshotCache (SnapshotCache.java:lambda$1(166)) - Loading snapshot. Table key: /vol1/bucket2/snap1
2023-06-29 22:13:11,613 [main] INFO  ozone.TestSnapshotDeletingService (TestSnapshotDeletingService.java:assertTableRowCount(565)) - deletedTable actual row count=13, expectedCount=15
2023-06-29 22:13:11,990 [KeyDeletingService#0] INFO  snapshot.SnapshotCache (SnapshotCache.java:lambda$1(166)) - Loading snapshot. Table key: /vol1/bucket2/snap1
2023-06-29 22:13:11,990 [KeyDeletingService#0] INFO  snapshot.SnapshotCache (SnapshotCache.java:lambda$1(166)) - Loading snapshot. Table key: /vol1/bucket2/snap1
2023-06-29 22:13:11,991 [KeyDeletingService#0] INFO  snapshot.SnapshotCache (SnapshotCache.java:lambda$1(166)) - Loading snapshot. Table key: /vol1/bucket2/snap1
2023-06-29 22:13:11,991 [KeyDeletingService#0] INFO  snapshot.SnapshotCache (SnapshotCache.java:lambda$1(166)) - Loading snapshot. Table key: /vol1/bucket2/snap1
2023-06-29 22:13:11,991 [KeyDeletingService#0] INFO  snapshot.SnapshotCache (SnapshotCache.java:lambda$1(166)) - Loading snapshot. Table key: /vol1/bucket2/snap1
2023-06-29 22:13:11,991 [KeyDeletingService#0] INFO  snapshot.SnapshotCache (SnapshotCache.java:lambda$1(166)) - Loading snapshot. Table key: /vol1/bucket2/snap1
2023-06-29 22:13:11,992 [KeyDeletingService#0] INFO  snapshot.SnapshotCache (SnapshotCache.java:lambda$1(166)) - Loading snapshot. Table key: /vol1/bucket2/snap1
2023-06-29 22:13:11,992 [KeyDeletingService#0] INFO  snapshot.SnapshotCache (SnapshotCache.java:lambda$1(166)) - Loading snapshot. Table key: /vol1/bucket2/snap1
2023-06-29 22:13:11,992 [KeyDeletingService#0] INFO  snapshot.SnapshotCache (SnapshotCache.java:lambda$1(166)) - Loading snapshot. Table key: /vol1/bucket2/snap1
2023-06-29 22:13:11,992 [KeyDeletingService#0] INFO  snapshot.SnapshotCache (SnapshotCache.java:lambda$1(166)) - Loading snapshot. Table key: /vol1/bucket2/snap1
2023-06-29 22:13:11,993 [KeyDeletingService#0] INFO  snapshot.SnapshotCache (SnapshotCache.java:lambda$1(166)) - Loading snapshot. Table key: /vol1/bucket2/snap1
2023-06-29 22:13:11,993 [KeyDeletingService#0] INFO  snapshot.SnapshotCache (SnapshotCache.java:lambda$1(166)) - Loading snapshot. Table key: /vol1/bucket2/snap1
2023-06-29 22:13:11,993 [KeyDeletingService#0] INFO  snapshot.SnapshotCache (SnapshotCache.java:lambda$1(166)) - Loading snapshot. Table key: /vol1/bucket2/snap1
2023-06-29 22:13:12,011 [KeyDeletingService#0] INFO  snapshot.SnapshotCache (SnapshotCache.java:lambda$1(166)) - Loading snapshot. Table key: /vol1/bucket2/snap1
2023-06-29 22:13:12,011 [KeyDeletingService#0] INFO  snapshot.SnapshotCache (SnapshotCache.java:lambda$1(166)) - Loading snapshot. Table key: /vol1/bucket2/snap1
2023-06-29 22:13:12,011 [KeyDeletingService#0] INFO  snapshot.SnapshotCache (SnapshotCache.java:lambda$1(166)) - Loading snapshot. Table key: /vol1/bucket2/snap1
2023-06-29 22:13:12,490 [KeyDeletingService#0] INFO  snapshot.SnapshotCache (SnapshotCache.java:lambda$1(166)) - Loading snapshot. Table key: /vol1/bucket2/snap1
2023-06-29 22:13:12,490 [KeyDeletingService#0] INFO  snapshot.SnapshotCache (SnapshotCache.java:lambda$1(166)) - Loading snapshot. Table key: /vol1/bucket2/snap1
2023-06-29 22:13:12,491 [KeyDeletingService#0] INFO  snapshot.SnapshotCache (SnapshotCache.java:lambda$1(166)) - Loading snapshot. Table key: /vol1/bucket2/snap1
2023-06-29 22:13:12,491 [KeyDeletingService#0] INFO  snapshot.SnapshotCache (SnapshotCache.java:lambda$1(166)) - Loading snapshot. Table key: /vol1/bucket2/snap1
2023-06-29 22:13:12,491 [KeyDeletingService#0] INFO  snapshot.SnapshotCache (SnapshotCache.java:lambda$1(166)) - Loading snapshot. Table key: /vol1/bucket2/snap1
2023-06-29 22:13:12,491 [KeyDeletingService#0] INFO  snapshot.SnapshotCache (SnapshotCache.java:lambda$1(166)) - Loading snapshot. Table key: /vol1/bucket2/snap1
2023-06-29 22:13:12,492 [KeyDeletingService#0] INFO  snapshot.SnapshotCache (SnapshotCache.java:lambda$1(166)) - Loading snapshot. Table key: /vol1/bucket2/snap1
2023-06-29 22:13:12,492 [KeyDeletingService#0] INFO  snapshot.SnapshotCache (SnapshotCache.java:lambda$1(166)) - Loading snapshot. Table key: /vol1/bucket2/snap1
2023-06-29 22:13:12,492 [KeyDeletingService#0] INFO  snapshot.SnapshotCache (SnapshotCache.java:lambda$1(166)) - Loading snapshot. Table key: /vol1/bucket2/snap1
2023-06-29 22:13:12,492 [KeyDeletingService#0] INFO  snapshot.SnapshotCache (SnapshotCache.java:lambda$1(166)) - Loading snapshot. Table key: /vol1/bucket2/snap1
2023-06-29 22:13:12,493 [KeyDeletingService#0] INFO  snapshot.SnapshotCache (SnapshotCache.java:lambda$1(166)) - Loading snapshot. Table key: /vol1/bucket2/snap1
2023-06-29 22:13:12,493 [KeyDeletingService#0] INFO  snapshot.SnapshotCache (SnapshotCache.java:lambda$1(166)) - Loading snapshot. Table key: /vol1/bucket2/snap1
2023-06-29 22:13:12,493 [KeyDeletingService#0] INFO  snapshot.SnapshotCache (SnapshotCache.java:lambda$1(166)) - Loading snapshot. Table key: /vol1/bucket2/snap1
2023-06-29 22:13:12,511 [KeyDeletingService#0] INFO  snapshot.SnapshotCache (SnapshotCache.java:lambda$1(166)) - Loading snapshot. Table key: /vol1/bucket2/snap1
2023-06-29 22:13:12,511 [KeyDeletingService#0] INFO  snapshot.SnapshotCache (SnapshotCache.java:lambda$1(166)) - Loading snapshot. Table key: /vol1/bucket2/snap1
2023-06-29 22:13:12,511 [KeyDeletingService#0] INFO  snapshot.SnapshotCache (SnapshotCache.java:lambda$1(166)) - Loading snapshot. Table key: /vol1/bucket2/snap1
2023-06-29 22:13:12,614 [main] INFO  ozone.TestSnapshotDeletingService (TestSnapshotDeletingService.java:assertTableRowCount(565)) - deletedTable actual row count=13, expectedCount=15
2023-06-29 22:13:12,990 [KeyDeletingService#0] INFO  snapshot.SnapshotCache (SnapshotCache.java:lambda$1(166)) - Loading snapshot. Table key: /vol1/bucket2/snap1
2023-06-29 22:13:12,991 [KeyDeletingService#0] INFO  snapshot.SnapshotCache (SnapshotCache.java:lambda$1(166)) - Loading snapshot. Table key: /vol1/bucket2/snap1
2023-06-29 22:13:12,991 [KeyDeletingService#0] INFO  snapshot.SnapshotCache (SnapshotCache.java:lambda$1(166)) - Loading snapshot. Table key: /vol1/bucket2/snap1
2023-06-29 22:13:12,991 [KeyDeletingService#0] INFO  snapshot.SnapshotCache (SnapshotCache.java:lambda$1(166)) - Loading snapshot. Table key: /vol1/bucket2/snap1
2023-06-29 22:13:12,991 [KeyDeletingService#0] INFO  snapshot.SnapshotCache (SnapshotCache.java:lambda$1(166)) - Loading snapshot. Table key: /vol1/bucket2/snap1
2023-06-29 22:13:12,992 [KeyDeletingService#0] INFO  snapshot.SnapshotCache (SnapshotCache.java:lambda$1(166)) - Loading snapshot. Table key: /vol1/bucket2/snap1
2023-06-29 22:13:12,992 [KeyDeletingService#0] INFO  snapshot.SnapshotCache (SnapshotCache.java:lambda$1(166)) - Loading snapshot. Table key: /vol1/bucket2/snap1
2023-06-29 22:13:12,992 [KeyDeletingService#0] INFO  snapshot.SnapshotCache (SnapshotCache.java:lambda$1(166)) - Loading snapshot. Table key: /vol1/bucket2/snap1
2023-06-29 22:13:12,992 [KeyDeletingService#0] INFO  snapshot.SnapshotCache (SnapshotCache.java:lambda$1(166)) - Loading snapshot. Table key: /vol1/bucket2/snap1
2023-06-29 22:13:12,993 [KeyDeletingService#0] INFO  snapshot.SnapshotCache (SnapshotCache.java:lambda$1(166)) - Loading snapshot. Table key: /vol1/bucket2/snap1
2023-06-29 22:13:12,993 [KeyDeletingService#0] INFO  snapshot.SnapshotCache (SnapshotCache.java:lambda$1(166)) - Loading snapshot. Table key: /vol1/bucket2/snap1
2023-06-29 22:13:12,993 [KeyDeletingService#0] INFO  snapshot.SnapshotCache (SnapshotCache.java:lambda$1(166)) - Loading snapshot. Table key: /vol1/bucket2/snap1
2023-06-29 22:13:12,993 [KeyDeletingService#0] INFO  snapshot.SnapshotCache (SnapshotCache.java:lambda$1(166)) - Loading snapshot. Table key: /vol1/bucket2/snap1
2023-06-29 22:13:13,011 [KeyDeletingService#0] INFO  snapshot.SnapshotCache (SnapshotCache.java:lambda$1(166)) - Loading snapshot. Table key: /vol1/bucket2/snap1
2023-06-29 22:13:13,011 [KeyDeletingService#0] INFO  snapshot.SnapshotCache (SnapshotCache.java:lambda$1(166)) - Loading snapshot. Table key: /vol1/bucket2/snap1
2023-06-29 22:13:13,011 [KeyDeletingService#0] INFO  snapshot.SnapshotCache (SnapshotCache.java:lambda$1(166)) - Loading snapshot. Table key: /vol1/bucket2/snap1
2023-06-29 22:13:13,490 [KeyDeletingService#0] INFO  snapshot.SnapshotCache (SnapshotCache.java:lambda$1(166)) - Loading snapshot. Table key: /vol1/bucket2/snap1
2023-06-29 22:13:13,491 [KeyDeletingService#0] INFO  snapshot.SnapshotCache (SnapshotCache.java:lambda$1(166)) - Loading snapshot. Table key: /vol1/bucket2/snap1
2023-06-29 22:13:13,491 [KeyDeletingService#0] INFO  snapshot.SnapshotCache (SnapshotCache.java:lambda$1(166)) - Loading snapshot. Table key: /vol1/bucket2/snap1
2023-06-29 22:13:13,491 [KeyDeletingService#0] INFO  snapshot.SnapshotCache (SnapshotCache.java:lambda$1(166)) - Loading snapshot. Table key: /vol1/bucket2/snap1
2023-06-29 22:13:13,491 [KeyDeletingService#0] INFO  snapshot.SnapshotCache (SnapshotCache.java:lambda$1(166)) - Loading snapshot. Table key: /vol1/bucket2/snap1
2023-06-29 22:13:13,492 [KeyDeletingService#0] INFO  snapshot.SnapshotCache (SnapshotCache.java:lambda$1(166)) - Loading snapshot. Table key: /vol1/bucket2/snap1
2023-06-29 22:13:13,492 [KeyDeletingService#0] INFO  snapshot.SnapshotCache (SnapshotCache.java:lambda$1(166)) - Loading snapshot. Table key: /vol1/bucket2/snap1
2023-06-29 22:13:13,492 [KeyDeletingService#0] INFO  snapshot.SnapshotCache (SnapshotCache.java:lambda$1(166)) - Loading snapshot. Table key: /vol1/bucket2/snap1
2023-06-29 22:13:13,492 [KeyDeletingService#0] INFO  snapshot.SnapshotCache (SnapshotCache.java:lambda$1(166)) - Loading snapshot. Table key: /vol1/bucket2/snap1
2023-06-29 22:13:13,493 [KeyDeletingService#0] INFO  snapshot.SnapshotCache (SnapshotCache.java:lambda$1(166)) - Loading snapshot. Table key: /vol1/bucket2/snap1
2023-06-29 22:13:13,493 [KeyDeletingService#0] INFO  snapshot.SnapshotCache (SnapshotCache.java:lambda$1(166)) - Loading snapshot. Table key: /vol1/bucket2/snap1
2023-06-29 22:13:13,493 [KeyDeletingService#0] INFO  snapshot.SnapshotCache (SnapshotCache.java:lambda$1(166)) - Loading snapshot. Table key: /vol1/bucket2/snap1
2023-06-29 22:13:13,493 [KeyDeletingService#0] INFO  snapshot.SnapshotCache (SnapshotCache.java:lambda$1(166)) - Loading snapshot. Table key: /vol1/bucket2/snap1
2023-06-29 22:13:13,511 [KeyDeletingService#0] INFO  snapshot.SnapshotCache (SnapshotCache.java:lambda$1(166)) - Loading snapshot. Table key: /vol1/bucket2/snap1
2023-06-29 22:13:13,511 [KeyDeletingService#0] INFO  snapshot.SnapshotCache (SnapshotCache.java:lambda$1(166)) - Loading snapshot. Table key: /vol1/bucket2/snap1
2023-06-29 22:13:13,512 [KeyDeletingService#0] INFO  snapshot.SnapshotCache (SnapshotCache.java:lambda$1(166)) - Loading snapshot. Table key: /vol1/bucket2/snap1
2023-06-29 22:13:13,614 [main] INFO  ozone.TestSnapshotDeletingService (TestSnapshotDeletingService.java:assertTableRowCount(565)) - deletedTable actual row count=13, expectedCount=15
2023-06-29 22:13:13,990 [KeyDeletingService#0] INFO  snapshot.SnapshotCache (SnapshotCache.java:lambda$1(166)) - Loading snapshot. Table key: /vol1/bucket2/snap1
2023-06-29 22:13:13,991 [KeyDeletingService#0] INFO  snapshot.SnapshotCache (SnapshotCache.java:lambda$1(166)) - Loading snapshot. Table key: /vol1/bucket2/snap1
2023-06-29 22:13:13,991 [KeyDeletingService#0] INFO  snapshot.SnapshotCache (SnapshotCache.java:lambda$1(166)) - Loading snapshot. Table key: /vol1/bucket2/snap1
2023-06-29 22:13:13,991 [KeyDeletingService#0] INFO  snapshot.SnapshotCache (SnapshotCache.java:lambda$1(166)) - Loading snapshot. Table key: /vol1/bucket2/snap1
2023-06-29 22:13:13,991 [KeyDeletingService#0] INFO  snapshot.SnapshotCache (SnapshotCache.java:lambda$1(166)) - Loading snapshot. Table key: /vol1/bucket2/snap1
2023-06-29 22:13:13,992 [KeyDeletingService#0] INFO  snapshot.SnapshotCache (SnapshotCache.java:lambda$1(166)) - Loading snapshot. Table key: /vol1/bucket2/snap1
2023-06-29 22:13:13,992 [KeyDeletingService#0] INFO  snapshot.SnapshotCache (SnapshotCache.java:lambda$1(166)) - Loading snapshot. Table key: /vol1/bucket2/snap1
2023-06-29 22:13:13,992 [KeyDeletingService#0] INFO  snapshot.SnapshotCache (SnapshotCache.java:lambda$1(166)) - Loading snapshot. Table key: /vol1/bucket2/snap1
2023-06-29 22:13:13,992 [KeyDeletingService#0] INFO  snapshot.SnapshotCache (SnapshotCache.java:lambda$1(166)) - Loading snapshot. Table key: /vol1/bucket2/snap1
2023-06-29 22:13:13,993 [KeyDeletingService#0] INFO  snapshot.SnapshotCache (SnapshotCache.java:lambda$1(166)) - Loading snapshot. Table key: /vol1/bucket2/snap1
2023-06-29 22:13:13,993 [KeyDeletingService#0] INFO  snapshot.SnapshotCache (SnapshotCache.java:lambda$1(166)) - Loading snapshot. Table key: /vol1/bucket2/snap1
2023-06-29 22:13:13,993 [KeyDeletingService#0] INFO  snapshot.SnapshotCache (SnapshotCache.java:lambda$1(166)) - Loading snapshot. Table key: /vol1/bucket2/snap1
2023-06-29 22:13:13,994 [KeyDeletingService#0] INFO  snapshot.SnapshotCache (SnapshotCache.java:lambda$1(166)) - Loading snapshot. Table key: /vol1/bucket2/snap1
2023-06-29 22:13:14,011 [KeyDeletingService#0] INFO  snapshot.SnapshotCache (SnapshotCache.java:lambda$1(166)) - Loading snapshot. Table key: /vol1/bucket2/snap1
2023-06-29 22:13:14,011 [KeyDeletingService#0] INFO  snapshot.SnapshotCache (SnapshotCache.java:lambda$1(166)) - Loading snapshot. Table key: /vol1/bucket2/snap1
2023-06-29 22:13:14,012 [KeyDeletingService#0] INFO  snapshot.SnapshotCache (SnapshotCache.java:lambda$1(166)) - Loading snapshot. Table key: /vol1/bucket2/snap1
2023-06-29 22:13:14,490 [KeyDeletingService#0] INFO  snapshot.SnapshotCache (SnapshotCache.java:lambda$1(166)) - Loading snapshot. Table key: /vol1/bucket2/snap1
2023-06-29 22:13:14,491 [KeyDeletingService#0] INFO  snapshot.SnapshotCache (SnapshotCache.java:lambda$1(166)) - Loading snapshot. Table key: /vol1/bucket2/snap1
2023-06-29 22:13:14,491 [KeyDeletingService#0] INFO  snapshot.SnapshotCache (SnapshotCache.java:lambda$1(166)) - Loading snapshot. Table key: /vol1/bucket2/snap1
2023-06-29 22:13:14,491 [KeyDeletingService#0] INFO  snapshot.SnapshotCache (SnapshotCache.java:lambda$1(166)) - Loading snapshot. Table key: /vol1/bucket2/snap1
2023-06-29 22:13:14,492 [KeyDeletingService#0] INFO  snapshot.SnapshotCache (SnapshotCache.java:lambda$1(166)) - Loading snapshot. Table key: /vol1/bucket2/snap1
2023-06-29 22:13:14,492 [KeyDeletingService#0] INFO  snapshot.SnapshotCache (SnapshotCache.java:lambda$1(166)) - Loading snapshot. Table key: /vol1/bucket2/snap1
2023-06-29 22:13:14,492 [KeyDeletingService#0] INFO  snapshot.SnapshotCache (SnapshotCache.java:lambda$1(166)) - Loading snapshot. Table key: /vol1/bucket2/snap1
2023-06-29 22:13:14,492 [KeyDeletingService#0] INFO  snapshot.SnapshotCache (SnapshotCache.java:lambda$1(166)) - Loading snapshot. Table key: /vol1/bucket2/snap1
2023-06-29 22:13:14,492 [KeyDeletingService#0] INFO  snapshot.SnapshotCache (SnapshotCache.java:lambda$1(166)) - Loading snapshot. Table key: /vol1/bucket2/snap1
2023-06-29 22:13:14,493 [KeyDeletingService#0] INFO  snapshot.SnapshotCache (SnapshotCache.java:lambda$1(166)) - Loading snapshot. Table key: /vol1/bucket2/snap1
2023-06-29 22:13:14,493 [KeyDeletingService#0] INFO  snapshot.SnapshotCache (SnapshotCache.java:lambda$1(166)) - Loading snapshot. Table key: /vol1/bucket2/snap1
2023-06-29 22:13:14,493 [KeyDeletingService#0] INFO  snapshot.SnapshotCache (SnapshotCache.java:lambda$1(166)) - Loading snapshot. Table key: /vol1/bucket2/snap1
2023-06-29 22:13:14,494 [KeyDeletingService#0] INFO  snapshot.SnapshotCache (SnapshotCache.java:lambda$1(166)) - Loading snapshot. Table key: /vol1/bucket2/snap1
2023-06-29 22:13:14,511 [KeyDeletingService#0] INFO  snapshot.SnapshotCache (SnapshotCache.java:lambda$1(166)) - Loading snapshot. Table key: /vol1/bucket2/snap1
2023-06-29 22:13:14,511 [KeyDeletingService#0] INFO  snapshot.SnapshotCache (SnapshotCache.java:lambda$1(166)) - Loading snapshot. Table key: /vol1/bucket2/snap1
2023-06-29 22:13:14,512 [KeyDeletingService#0] INFO  snapshot.SnapshotCache (SnapshotCache.java:lambda$1(166)) - Loading snapshot. Table key: /vol1/bucket2/snap1
2023-06-29 22:13:14,615 [main] INFO  ozone.TestSnapshotDeletingService (TestSnapshotDeletingService.java:assertTableRowCount(565)) - deletedTable actual row count=13, expectedCount=15
2023-06-29 22:13:14,990 [KeyDeletingService#0] INFO  snapshot.SnapshotCache (SnapshotCache.java:lambda$1(166)) - Loading snapshot. Table key: /vol1/bucket2/snap1
2023-06-29 22:13:14,991 [KeyDeletingService#0] INFO  snapshot.SnapshotCache (SnapshotCache.java:lambda$1(166)) - Loading snapshot. Table key: /vol1/bucket2/snap1
2023-06-29 22:13:14,991 [KeyDeletingService#0] INFO  snapshot.SnapshotCache (SnapshotCache.java:lambda$1(166)) - Loading snapshot. Table key: /vol1/bucket2/snap1
2023-06-29 22:13:14,991 [KeyDeletingService#0] INFO  snapshot.SnapshotCache (SnapshotCache.java:lambda$1(166)) - Loading snapshot. Table key: /vol1/bucket2/snap1
2023-06-29 22:13:14,992 [KeyDeletingService#0] INFO  snapshot.SnapshotCache (SnapshotCache.java:lambda$1(166)) - Loading snapshot. Table key: /vol1/bucket2/snap1
2023-06-29 22:13:14,992 [KeyDeletingService#0] INFO  snapshot.SnapshotCache (SnapshotCache.java:lambda$1(166)) - Loading snapshot. Table key: /vol1/bucket2/snap1
2023-06-29 22:13:14,992 [KeyDeletingService#0] INFO  snapshot.SnapshotCache (SnapshotCache.java:lambda$1(166)) - Loading snapshot. Table key: /vol1/bucket2/snap1
2023-06-29 22:13:14,992 [KeyDeletingService#0] INFO  snapshot.SnapshotCache (SnapshotCache.java:lambda$1(166)) - Loading snapshot. Table key: /vol1/bucket2/snap1
2023-06-29 22:13:14,993 [KeyDeletingService#0] INFO  snapshot.SnapshotCache (SnapshotCache.java:lambda$1(166)) - Loading snapshot. Table key: /vol1/bucket2/snap1
2023-06-29 22:13:14,993 [KeyDeletingService#0] INFO  snapshot.SnapshotCache (SnapshotCache.java:lambda$1(166)) - Loading snapshot. Table key: /vol1/bucket2/snap1
2023-06-29 22:13:14,993 [KeyDeletingService#0] INFO  snapshot.SnapshotCache (SnapshotCache.java:lambda$1(166)) - Loading snapshot. Table key: /vol1/bucket2/snap1
2023-06-29 22:13:14,993 [KeyDeletingService#0] INFO  snapshot.SnapshotCache (SnapshotCache.java:lambda$1(166)) - Loading snapshot. Table key: /vol1/bucket2/snap1
2023-06-29 22:13:14,994 [KeyDeletingService#0] INFO  snapshot.SnapshotCache (SnapshotCache.java:lambda$1(166)) - Loading snapshot. Table key: /vol1/bucket2/snap1
2023-06-29 22:13:15,011 [KeyDeletingService#0] INFO  snapshot.SnapshotCache (SnapshotCache.java:lambda$1(166)) - Loading snapshot. Table key: /vol1/bucket2/snap1
2023-06-29 22:13:15,012 [KeyDeletingService#0] INFO  snapshot.SnapshotCache (SnapshotCache.java:lambda$1(166)) - Loading snapshot. Table key: /vol1/bucket2/snap1
2023-06-29 22:13:15,012 [KeyDeletingService#0] INFO  snapshot.SnapshotCache (SnapshotCache.java:lambda$1(166)) - Loading snapshot. Table key: /vol1/bucket2/snap1
2023-06-29 22:13:15,491 [KeyDeletingService#0] INFO  snapshot.SnapshotCache (SnapshotCache.java:lambda$1(166)) - Loading snapshot. Table key: /vol1/bucket2/snap1
2023-06-29 22:13:15,491 [KeyDeletingService#0] INFO  snapshot.SnapshotCache (SnapshotCache.java:lambda$1(166)) - Loading snapshot. Table key: /vol1/bucket2/snap1
2023-06-29 22:13:15,491 [KeyDeletingService#0] INFO  snapshot.SnapshotCache (SnapshotCache.java:lambda$1(166)) - Loading snapshot. Table key: /vol1/bucket2/snap1
2023-06-29 22:13:15,492 [KeyDeletingService#0] INFO  snapshot.SnapshotCache (SnapshotCache.java:lambda$1(166)) - Loading snapshot. Table key: /vol1/bucket2/snap1
2023-06-29 22:13:15,492 [KeyDeletingService#0] INFO  snapshot.SnapshotCache (SnapshotCache.java:lambda$1(166)) - Loading snapshot. Table key: /vol1/bucket2/snap1
2023-06-29 22:13:15,492 [KeyDeletingService#0] INFO  snapshot.SnapshotCache (SnapshotCache.java:lambda$1(166)) - Loading snapshot. Table key: /vol1/bucket2/snap1
2023-06-29 22:13:15,492 [KeyDeletingService#0] INFO  snapshot.SnapshotCache (SnapshotCache.java:lambda$1(166)) - Loading snapshot. Table key: /vol1/bucket2/snap1
2023-06-29 22:13:15,493 [KeyDeletingService#0] INFO  snapshot.SnapshotCache (SnapshotCache.java:lambda$1(166)) - Loading snapshot. Table key: /vol1/bucket2/snap1
2023-06-29 22:13:15,493 [KeyDeletingService#0] INFO  snapshot.SnapshotCache (SnapshotCache.java:lambda$1(166)) - Loading snapshot. Table key: /vol1/bucket2/snap1
2023-06-29 22:13:15,493 [KeyDeletingService#0] INFO  snapshot.SnapshotCache (SnapshotCache.java:lambda$1(166)) - Loading snapshot. Table key: /vol1/bucket2/snap1
2023-06-29 22:13:15,493 [KeyDeletingService#0] INFO  snapshot.SnapshotCache (SnapshotCache.java:lambda$1(166)) - Loading snapshot. Table key: /vol1/bucket2/snap1
2023-06-29 22:13:15,494 [KeyDeletingService#0] INFO  snapshot.SnapshotCache (SnapshotCache.java:lambda$1(166)) - Loading snapshot. Table key: /vol1/bucket2/snap1
2023-06-29 22:13:15,494 [KeyDeletingService#0] INFO  snapshot.SnapshotCache (SnapshotCache.java:lambda$1(166)) - Loading snapshot. Table key: /vol1/bucket2/snap1
2023-06-29 22:13:15,511 [KeyDeletingService#0] INFO  snapshot.SnapshotCache (SnapshotCache.java:lambda$1(166)) - Loading snapshot. Table key: /vol1/bucket2/snap1
2023-06-29 22:13:15,512 [KeyDeletingService#0] INFO  snapshot.SnapshotCache (SnapshotCache.java:lambda$1(166)) - Loading snapshot. Table key: /vol1/bucket2/snap1
2023-06-29 22:13:15,512 [KeyDeletingService#0] INFO  snapshot.SnapshotCache (SnapshotCache.java:lambda$1(166)) - Loading snapshot. Table key: /vol1/bucket2/snap1
2023-06-29 22:13:15,616 [main] INFO  ozone.TestSnapshotDeletingService (TestSnapshotDeletingService.java:assertTableRowCount(565)) - deletedTable actual row count=13, expectedCount=15
2023-06-29 22:13:15,991 [KeyDeletingService#0] INFO  snapshot.SnapshotCache (SnapshotCache.java:lambda$1(166)) - Loading snapshot. Table key: /vol1/bucket2/snap1
2023-06-29 22:13:15,991 [KeyDeletingService#0] INFO  snapshot.SnapshotCache (SnapshotCache.java:lambda$1(166)) - Loading snapshot. Table key: /vol1/bucket2/snap1
2023-06-29 22:13:15,991 [KeyDeletingService#0] INFO  snapshot.SnapshotCache (SnapshotCache.java:lambda$1(166)) - Loading snapshot. Table key: /vol1/bucket2/snap1
2023-06-29 22:13:15,992 [KeyDeletingService#0] INFO  snapshot.SnapshotCache (SnapshotCache.java:lambda$1(166)) - Loading snapshot. Table key: /vol1/bucket2/snap1
2023-06-29 22:13:15,992 [KeyDeletingService#0] INFO  snapshot.SnapshotCache (SnapshotCache.java:lambda$1(166)) - Loading snapshot. Table key: /vol1/bucket2/snap1
2023-06-29 22:13:15,992 [KeyDeletingService#0] INFO  snapshot.SnapshotCache (SnapshotCache.java:lambda$1(166)) - Loading snapshot. Table key: /vol1/bucket2/snap1
2023-06-29 22:13:15,992 [KeyDeletingService#0] INFO  snapshot.SnapshotCache (SnapshotCache.java:lambda$1(166)) - Loading snapshot. Table key: /vol1/bucket2/snap1
2023-06-29 22:13:15,993 [KeyDeletingService#0] INFO  snapshot.SnapshotCache (SnapshotCache.java:lambda$1(166)) - Loading snapshot. Table key: /vol1/bucket2/snap1
2023-06-29 22:13:15,993 [KeyDeletingService#0] INFO  snapshot.SnapshotCache (SnapshotCache.java:lambda$1(166)) - Loading snapshot. Table key: /vol1/bucket2/snap1
2023-06-29 22:13:15,993 [KeyDeletingService#0] INFO  snapshot.SnapshotCache (SnapshotCache.java:lambda$1(166)) - Loading snapshot. Table key: /vol1/bucket2/snap1
2023-06-29 22:13:15,993 [KeyDeletingService#0] INFO  snapshot.SnapshotCache (SnapshotCache.java:lambda$1(166)) - Loading snapshot. Table key: /vol1/bucket2/snap1
2023-06-29 22:13:15,994 [KeyDeletingService#0] INFO  snapshot.SnapshotCache (SnapshotCache.java:lambda$1(166)) - Loading snapshot. Table key: /vol1/bucket2/snap1
2023-06-29 22:13:15,994 [KeyDeletingService#0] INFO  snapshot.SnapshotCache (SnapshotCache.java:lambda$1(166)) - Loading snapshot. Table key: /vol1/bucket2/snap1
2023-06-29 22:13:16,011 [KeyDeletingService#0] INFO  snapshot.SnapshotCache (SnapshotCache.java:lambda$1(166)) - Loading snapshot. Table key: /vol1/bucket2/snap1
2023-06-29 22:13:16,012 [KeyDeletingService#0] INFO  snapshot.SnapshotCache (SnapshotCache.java:lambda$1(166)) - Loading snapshot. Table key: /vol1/bucket2/snap1
2023-06-29 22:13:16,012 [KeyDeletingService#0] INFO  snapshot.SnapshotCache (SnapshotCache.java:lambda$1(166)) - Loading snapshot. Table key: /vol1/bucket2/snap1
2023-06-29 22:13:16,491 [KeyDeletingService#0] INFO  snapshot.SnapshotCache (SnapshotCache.java:lambda$1(166)) - Loading snapshot. Table key: /vol1/bucket2/snap1
2023-06-29 22:13:16,491 [KeyDeletingService#0] INFO  snapshot.SnapshotCache (SnapshotCache.java:lambda$1(166)) - Loading snapshot. Table key: /vol1/bucket2/snap1
2023-06-29 22:13:16,491 [KeyDeletingService#0] INFO  snapshot.SnapshotCache (SnapshotCache.java:lambda$1(166)) - Loading snapshot. Table key: /vol1/bucket2/snap1
2023-06-29 22:13:16,492 [KeyDeletingService#0] INFO  snapshot.SnapshotCache (SnapshotCache.java:lambda$1(166)) - Loading snapshot. Table key: /vol1/bucket2/snap1
2023-06-29 22:13:16,492 [KeyDeletingService#0] INFO  snapshot.SnapshotCache (SnapshotCache.java:lambda$1(166)) - Loading snapshot. Table key: /vol1/bucket2/snap1
2023-06-29 22:13:16,492 [KeyDeletingService#0] INFO  snapshot.SnapshotCache (SnapshotCache.java:lambda$1(166)) - Loading snapshot. Table key: /vol1/bucket2/snap1
2023-06-29 22:13:16,492 [KeyDeletingService#0] INFO  snapshot.SnapshotCache (SnapshotCache.java:lambda$1(166)) - Loading snapshot. Table key: /vol1/bucket2/snap1
2023-06-29 22:13:16,493 [KeyDeletingService#0] INFO  snapshot.SnapshotCache (SnapshotCache.java:lambda$1(166)) - Loading snapshot. Table key: /vol1/bucket2/snap1
2023-06-29 22:13:16,493 [KeyDeletingService#0] INFO  snapshot.SnapshotCache (SnapshotCache.java:lambda$1(166)) - Loading snapshot. Table key: /vol1/bucket2/snap1
2023-06-29 22:13:16,496 [KeyDeletingService#0] INFO  snapshot.SnapshotCache (SnapshotCache.java:lambda$1(166)) - Loading snapshot. Table key: /vol1/bucket2/snap1
2023-06-29 22:13:16,497 [KeyDeletingService#0] INFO  snapshot.SnapshotCache (SnapshotCache.java:lambda$1(166)) - Loading snapshot. Table key: /vol1/bucket2/snap1
2023-06-29 22:13:16,497 [KeyDeletingService#0] INFO  snapshot.SnapshotCache (SnapshotCache.java:lambda$1(166)) - Loading snapshot. Table key: /vol1/bucket2/snap1
2023-06-29 22:13:16,497 [KeyDeletingService#0] INFO  snapshot.SnapshotCache (SnapshotCache.java:lambda$1(166)) - Loading snapshot. Table key: /vol1/bucket2/snap1
2023-06-29 22:13:16,511 [KeyDeletingService#0] INFO  snapshot.SnapshotCache (SnapshotCache.java:lambda$1(166)) - Loading snapshot. Table key: /vol1/bucket2/snap1
2023-06-29 22:13:16,512 [KeyDeletingService#0] INFO  snapshot.SnapshotCache (SnapshotCache.java:lambda$1(166)) - Loading snapshot. Table key: /vol1/bucket2/snap1
2023-06-29 22:13:16,512 [KeyDeletingService#0] INFO  snapshot.SnapshotCache (SnapshotCache.java:lambda$1(166)) - Loading snapshot. Table key: /vol1/bucket2/snap1
2023-06-29 22:13:16,617 [main] INFO  ozone.TestSnapshotDeletingService (TestSnapshotDeletingService.java:assertTableRowCount(565)) - deletedTable actual row count=13, expectedCount=15
2023-06-29 22:13:16,991 [KeyDeletingService#0] INFO  snapshot.SnapshotCache (SnapshotCache.java:lambda$1(166)) - Loading snapshot. Table key: /vol1/bucket2/snap1
2023-06-29 22:13:16,991 [KeyDeletingService#0] INFO  snapshot.SnapshotCache (SnapshotCache.java:lambda$1(166)) - Loading snapshot. Table key: /vol1/bucket2/snap1
2023-06-29 22:13:16,991 [KeyDeletingService#0] INFO  snapshot.SnapshotCache (SnapshotCache.java:lambda$1(166)) - Loading snapshot. Table key: /vol1/bucket2/snap1
2023-06-29 22:13:16,992 [KeyDeletingService#0] INFO  snapshot.SnapshotCache (SnapshotCache.java:lambda$1(166)) - Loading snapshot. Table key: /vol1/bucket2/snap1
2023-06-29 22:13:16,992 [KeyDeletingService#0] INFO  snapshot.SnapshotCache (SnapshotCache.java:lambda$1(166)) - Loading snapshot. Table key: /vol1/bucket2/snap1
2023-06-29 22:13:16,992 [KeyDeletingService#0] INFO  snapshot.SnapshotCache (SnapshotCache.java:lambda$1(166)) - Loading snapshot. Table key: /vol1/bucket2/snap1
2023-06-29 22:13:16,992 [KeyDeletingService#0] INFO  snapshot.SnapshotCache (SnapshotCache.java:lambda$1(166)) - Loading snapshot. Table key: /vol1/bucket2/snap1
2023-06-29 22:13:16,993 [KeyDeletingService#0] INFO  snapshot.SnapshotCache (SnapshotCache.java:lambda$1(166)) - Loading snapshot. Table key: /vol1/bucket2/snap1
2023-06-29 22:13:16,993 [KeyDeletingService#0] INFO  snapshot.SnapshotCache (SnapshotCache.java:lambda$1(166)) - Loading snapshot. Table key: /vol1/bucket2/snap1
2023-06-29 22:13:16,993 [KeyDeletingService#0] INFO  snapshot.SnapshotCache (SnapshotCache.java:lambda$1(166)) - Loading snapshot. Table key: /vol1/bucket2/snap1
2023-06-29 22:13:16,994 [KeyDeletingService#0] INFO  snapshot.SnapshotCache (SnapshotCache.java:lambda$1(166)) - Loading snapshot. Table key: /vol1/bucket2/snap1
2023-06-29 22:13:16,994 [KeyDeletingService#0] INFO  snapshot.SnapshotCache (SnapshotCache.java:lambda$1(166)) - Loading snapshot. Table key: /vol1/bucket2/snap1
2023-06-29 22:13:16,994 [KeyDeletingService#0] INFO  snapshot.SnapshotCache (SnapshotCache.java:lambda$1(166)) - Loading snapshot. Table key: /vol1/bucket2/snap1
2023-06-29 22:13:17,012 [KeyDeletingService#0] INFO  snapshot.SnapshotCache (SnapshotCache.java:lambda$1(166)) - Loading snapshot. Table key: /vol1/bucket2/snap1
2023-06-29 22:13:17,012 [KeyDeletingService#0] INFO  snapshot.SnapshotCache (SnapshotCache.java:lambda$1(166)) - Loading snapshot. Table key: /vol1/bucket2/snap1
2023-06-29 22:13:17,012 [KeyDeletingService#0] INFO  snapshot.SnapshotCache (SnapshotCache.java:lambda$1(166)) - Loading snapshot. Table key: /vol1/bucket2/snap1
2023-06-29 22:13:17,491 [KeyDeletingService#0] INFO  snapshot.SnapshotCache (SnapshotCache.java:lambda$1(166)) - Loading snapshot. Table key: /vol1/bucket2/snap1
2023-06-29 22:13:17,491 [KeyDeletingService#0] INFO  snapshot.SnapshotCache (SnapshotCache.java:lambda$1(166)) - Loading snapshot. Table key: /vol1/bucket2/snap1
2023-06-29 22:13:17,492 [KeyDeletingService#0] INFO  snapshot.SnapshotCache (SnapshotCache.java:lambda$1(166)) - Loading snapshot. Table key: /vol1/bucket2/snap1
2023-06-29 22:13:17,492 [KeyDeletingService#0] INFO  snapshot.SnapshotCache (SnapshotCache.java:lambda$1(166)) - Loading snapshot. Table key: /vol1/bucket2/snap1
2023-06-29 22:13:17,492 [KeyDeletingService#0] INFO  snapshot.SnapshotCache (SnapshotCache.java:lambda$1(166)) - Loading snapshot. Table key: /vol1/bucket2/snap1
2023-06-29 22:13:17,492 [KeyDeletingService#0] INFO  snapshot.SnapshotCache (SnapshotCache.java:lambda$1(166)) - Loading snapshot. Table key: /vol1/bucket2/snap1
2023-06-29 22:13:17,493 [KeyDeletingService#0] INFO  snapshot.SnapshotCache (SnapshotCache.java:lambda$1(166)) - Loading snapshot. Table key: /vol1/bucket2/snap1
2023-06-29 22:13:17,493 [KeyDeletingService#0] INFO  snapshot.SnapshotCache (SnapshotCache.java:lambda$1(166)) - Loading snapshot. Table key: /vol1/bucket2/snap1
2023-06-29 22:13:17,493 [KeyDeletingService#0] INFO  snapshot.SnapshotCache (SnapshotCache.java:lambda$1(166)) - Loading snapshot. Table key: /vol1/bucket2/snap1
2023-06-29 22:13:17,494 [KeyDeletingService#0] INFO  snapshot.SnapshotCache (SnapshotCache.java:lambda$1(166)) - Loading snapshot. Table key: /vol1/bucket2/snap1
2023-06-29 22:13:17,494 [KeyDeletingService#0] INFO  snapshot.SnapshotCache (SnapshotCache.java:lambda$1(166)) - Loading snapshot. Table key: /vol1/bucket2/snap1
2023-06-29 22:13:17,494 [KeyDeletingService#0] INFO  snapshot.SnapshotCache (SnapshotCache.java:lambda$1(166)) - Loading snapshot. Table key: /vol1/bucket2/snap1
2023-06-29 22:13:17,494 [KeyDeletingService#0] INFO  snapshot.SnapshotCache (SnapshotCache.java:lambda$1(166)) - Loading snapshot. Table key: /vol1/bucket2/snap1
2023-06-29 22:13:17,512 [KeyDeletingService#0] INFO  snapshot.SnapshotCache (SnapshotCache.java:lambda$1(166)) - Loading snapshot. Table key: /vol1/bucket2/snap1
2023-06-29 22:13:17,512 [KeyDeletingService#0] INFO  snapshot.SnapshotCache (SnapshotCache.java:lambda$1(166)) - Loading snapshot. Table key: /vol1/bucket2/snap1
2023-06-29 22:13:17,512 [KeyDeletingService#0] INFO  snapshot.SnapshotCache (SnapshotCache.java:lambda$1(166)) - Loading snapshot. Table key: /vol1/bucket2/snap1
2023-06-29 22:13:17,618 [main] INFO  ozone.TestSnapshotDeletingService (TestSnapshotDeletingService.java:assertTableRowCount(565)) - deletedTable actual row count=13, expectedCount=15
2023-06-29 22:13:17,991 [KeyDeletingService#0] INFO  snapshot.SnapshotCache (SnapshotCache.java:lambda$1(166)) - Loading snapshot. Table key: /vol1/bucket2/snap1
2023-06-29 22:13:17,991 [KeyDeletingService#0] INFO  snapshot.SnapshotCache (SnapshotCache.java:lambda$1(166)) - Loading snapshot. Table key: /vol1/bucket2/snap1
2023-06-29 22:13:17,992 [KeyDeletingService#0] INFO  snapshot.SnapshotCache (SnapshotCache.java:lambda$1(166)) - Loading snapshot. Table key: /vol1/bucket2/snap1
2023-06-29 22:13:17,992 [KeyDeletingService#0] INFO  snapshot.SnapshotCache (SnapshotCache.java:lambda$1(166)) - Loading snapshot. Table key: /vol1/bucket2/snap1
2023-06-29 22:13:17,992 [KeyDeletingService#0] INFO  snapshot.SnapshotCache (SnapshotCache.java:lambda$1(166)) - Loading snapshot. Table key: /vol1/bucket2/snap1
2023-06-29 22:13:17,992 [KeyDeletingService#0] INFO  snapshot.SnapshotCache (SnapshotCache.java:lambda$1(166)) - Loading snapshot. Table key: /vol1/bucket2/snap1
2023-06-29 22:13:17,993 [KeyDeletingService#0] INFO  snapshot.SnapshotCache (SnapshotCache.java:lambda$1(166)) - Loading snapshot. Table key: /vol1/bucket2/snap1
2023-06-29 22:13:17,993 [KeyDeletingService#0] INFO  snapshot.SnapshotCache (SnapshotCache.java:lambda$1(166)) - Loading snapshot. Table key: /vol1/bucket2/snap1
2023-06-29 22:13:17,993 [KeyDeletingService#0] INFO  snapshot.SnapshotCache (SnapshotCache.java:lambda$1(166)) - Loading snapshot. Table key: /vol1/bucket2/snap1
2023-06-29 22:13:17,993 [KeyDeletingService#0] INFO  snapshot.SnapshotCache (SnapshotCache.java:lambda$1(166)) - Loading snapshot. Table key: /vol1/bucket2/snap1
2023-06-29 22:13:17,994 [KeyDeletingService#0] INFO  snapshot.SnapshotCache (SnapshotCache.java:lambda$1(166)) - Loading snapshot. Table key: /vol1/bucket2/snap1
2023-06-29 22:13:17,994 [KeyDeletingService#0] INFO  snapshot.SnapshotCache (SnapshotCache.java:lambda$1(166)) - Loading snapshot. Table key: /vol1/bucket2/snap1
2023-06-29 22:13:17,994 [KeyDeletingService#0] INFO  snapshot.SnapshotCache (SnapshotCache.java:lambda$1(166)) - Loading snapshot. Table key: /vol1/bucket2/snap1
2023-06-29 22:13:18,012 [KeyDeletingService#0] INFO  snapshot.SnapshotCache (SnapshotCache.java:lambda$1(166)) - Loading snapshot. Table key: /vol1/bucket2/snap1
2023-06-29 22:13:18,012 [KeyDeletingService#0] INFO  snapshot.SnapshotCache (SnapshotCache.java:lambda$1(166)) - Loading snapshot. Table key: /vol1/bucket2/snap1
2023-06-29 22:13:18,012 [KeyDeletingService#0] INFO  snapshot.SnapshotCache (SnapshotCache.java:lambda$1(166)) - Loading snapshot. Table key: /vol1/bucket2/snap1
2023-06-29 22:13:18,491 [KeyDeletingService#0] INFO  snapshot.SnapshotCache (SnapshotCache.java:lambda$1(166)) - Loading snapshot. Table key: /vol1/bucket2/snap1
2023-06-29 22:13:18,491 [KeyDeletingService#0] INFO  snapshot.SnapshotCache (SnapshotCache.java:lambda$1(166)) - Loading snapshot. Table key: /vol1/bucket2/snap1
2023-06-29 22:13:18,492 [KeyDeletingService#0] INFO  snapshot.SnapshotCache (SnapshotCache.java:lambda$1(166)) - Loading snapshot. Table key: /vol1/bucket2/snap1
2023-06-29 22:13:18,492 [KeyDeletingService#0] INFO  snapshot.SnapshotCache (SnapshotCache.java:lambda$1(166)) - Loading snapshot. Table key: /vol1/bucket2/snap1
2023-06-29 22:13:18,492 [KeyDeletingService#0] INFO  snapshot.SnapshotCache (SnapshotCache.java:lambda$1(166)) - Loading snapshot. Table key: /vol1/bucket2/snap1
2023-06-29 22:13:18,492 [KeyDeletingService#0] INFO  snapshot.SnapshotCache (SnapshotCache.java:lambda$1(166)) - Loading snapshot. Table key: /vol1/bucket2/snap1
2023-06-29 22:13:18,493 [KeyDeletingService#0] INFO  snapshot.SnapshotCache (SnapshotCache.java:lambda$1(166)) - Loading snapshot. Table key: /vol1/bucket2/snap1
2023-06-29 22:13:18,493 [KeyDeletingService#0] INFO  snapshot.SnapshotCache (SnapshotCache.java:lambda$1(166)) - Loading snapshot. Table key: /vol1/bucket2/snap1
2023-06-29 22:13:18,493 [KeyDeletingService#0] INFO  snapshot.SnapshotCache (SnapshotCache.java:lambda$1(166)) - Loading snapshot. Table key: /vol1/bucket2/snap1
2023-06-29 22:13:18,493 [KeyDeletingService#0] INFO  snapshot.SnapshotCache (SnapshotCache.java:lambda$1(166)) - Loading snapshot. Table key: /vol1/bucket2/snap1
2023-06-29 22:13:18,494 [KeyDeletingService#0] INFO  snapshot.SnapshotCache (SnapshotCache.java:lambda$1(166)) - Loading snapshot. Table key: /vol1/bucket2/snap1
2023-06-29 22:13:18,494 [KeyDeletingService#0] INFO  snapshot.SnapshotCache (SnapshotCache.java:lambda$1(166)) - Loading snapshot. Table key: /vol1/bucket2/snap1
2023-06-29 22:13:18,494 [KeyDeletingService#0] INFO  snapshot.SnapshotCache (SnapshotCache.java:lambda$1(166)) - Loading snapshot. Table key: /vol1/bucket2/snap1
2023-06-29 22:13:18,512 [KeyDeletingService#0] INFO  snapshot.SnapshotCache (SnapshotCache.java:lambda$1(166)) - Loading snapshot. Table key: /vol1/bucket2/snap1
2023-06-29 22:13:18,512 [KeyDeletingService#0] INFO  snapshot.SnapshotCache (SnapshotCache.java:lambda$1(166)) - Loading snapshot. Table key: /vol1/bucket2/snap1
2023-06-29 22:13:18,512 [KeyDeletingService#0] INFO  snapshot.SnapshotCache (SnapshotCache.java:lambda$1(166)) - Loading snapshot. Table key: /vol1/bucket2/snap1
2023-06-29 22:13:18,619 [main] INFO  ozone.TestSnapshotDeletingService (TestSnapshotDeletingService.java:assertTableRowCount(565)) - deletedTable actual row count=13, expectedCount=15
2023-06-29 22:13:18,677 [main] INFO  ozone.MiniOzoneClusterImpl (MiniOzoneClusterImpl.java:shutdown(443)) - Shutting down the Mini Ozone Cluster
2023-06-29 22:13:18,678 [main] INFO  ozone.MiniOzoneClusterImpl (MiniOzoneClusterImpl.java:stop(460)) - Stopping the Mini Ozone Cluster
2023-06-29 22:13:18,678 [main] INFO  ozone.MiniOzoneClusterImpl (MiniOzoneClusterImpl.java:stopOM(551)) - Stopping the OzoneManager
2023-06-29 22:13:18,678 [main] INFO  om.OzoneManager (OzoneManager.java:stop(2196)) - om1[localhost:15004]: Stopping Ozone Manager
2023-06-29 22:13:18,678 [main] INFO  ipc.Server (Server.java:stop(3523)) - Stopping server on 15004
2023-06-29 22:13:18,680 [IPC Server Responder] INFO  ipc.Server (Server.java:run(1567)) - Stopping IPC Server Responder
2023-06-29 22:13:18,681 [IPC Server listener on 15004] INFO  ipc.Server (Server.java:run(1434)) - Stopping IPC Server listener on 15004
2023-06-29 22:13:18,681 [main] INFO  server.RaftServer (RaftServerProxy.java:lambda$close$6(416)) - om1: close
2023-06-29 22:13:18,682 [main] INFO  server.GrpcService (GrpcService.java:closeImpl(311)) - om1: shutdown server GrpcServerProtocolService now
2023-06-29 22:13:18,685 [om1-impl-thread2] INFO  server.RaftServer$Division (RaftServerImpl.java:lambda$close$4(466)) - om1@group-C5BA1605619E: shutdown
2023-06-29 22:13:18,685 [om1-impl-thread2] INFO  util.JmxRegister (JmxRegister.java:unregister(73)) - Successfully un-registered JMX Bean with object name Ratis:service=RaftServer,group=group-C5BA1605619E,id=om1
2023-06-29 22:13:18,685 [om1-impl-thread2] INFO  impl.RoleInfo (RoleInfo.java:shutdownLeaderState(93)) - om1: shutdown om1@group-C5BA1605619E-LeaderStateImpl
2023-06-29 22:13:18,685 [om1-impl-thread2] INFO  impl.PendingRequests (PendingRequests.java:sendNotLeaderResponses(289)) - om1@group-C5BA1605619E-PendingRequests: sendNotLeaderResponses
2023-06-29 22:13:18,695 [main] INFO  server.GrpcService (GrpcService.java:closeImpl(320)) - om1: shutdown server GrpcServerProtocolService successfully
2023-06-29 22:13:18,697 [om1-impl-thread2] INFO  impl.StateMachineUpdater (StateMachineUpdater.java:stopAndJoin(155)) - om1@group-C5BA1605619E-StateMachineUpdater: set stopIndex = 224
2023-06-29 22:13:18,697 [om1@group-C5BA1605619E-StateMachineUpdater] INFO  ratis.OzoneManagerStateMachine (OzoneManagerStateMachine.java:takeSnapshot(479)) - Current Snapshot Index (t:1, i:224)
2023-06-29 22:13:18,715 [Thread-772] INFO  rocksdiff.RocksDBCheckpointDiffer (RocksDBCheckpointDiffer.java:onCompactionCompleted(527)) - Skipped the compaction entry. Compaction input files: [/home/runner/work/ozone/ozone/hadoop-ozone/integration-test/target/test-dir/MiniOzoneClusterImpl-ecb232db-3c23-47bf-871f-23bcde51c85c/ozone-meta/om.db/000082.sst, /home/runner/work/ozone/ozone/hadoop-ozone/integration-test/target/test-dir/MiniOzoneClusterImpl-ecb232db-3c23-47bf-871f-23bcde51c85c/ozone-meta/om.db/000073.sst, /home/runner/work/ozone/ozone/hadoop-ozone/integration-test/target/test-dir/MiniOzoneClusterImpl-ecb232db-3c23-47bf-871f-23bcde51c85c/ozone-meta/om.db/000063.sst, /home/runner/work/ozone/ozone/hadoop-ozone/integration-test/target/test-dir/MiniOzoneClusterImpl-ecb232db-3c23-47bf-871f-23bcde51c85c/ozone-meta/om.db/000054.sst] and output files: [/home/runner/work/ozone/ozone/hadoop-ozone/integration-test/target/test-dir/MiniOzoneClusterImpl-ecb232db-3c23-47bf-871f-23bcde51c85c/ozone-meta/om.db/000082.sst, /home/runner/work/ozone/ozone/hadoop-ozone/integration-test/target/test-dir/MiniOzoneClusterImpl-ecb232db-3c23-47bf-871f-23bcde51c85c/ozone-meta/om.db/000073.sst, /home/runner/work/ozone/ozone/hadoop-ozone/integration-test/target/test-dir/MiniOzoneClusterImpl-ecb232db-3c23-47bf-871f-23bcde51c85c/ozone-meta/om.db/000063.sst, /home/runner/work/ozone/ozone/hadoop-ozone/integration-test/target/test-dir/MiniOzoneClusterImpl-ecb232db-3c23-47bf-871f-23bcde51c85c/ozone-meta/om.db/000054.sst] are same.
2023-06-29 22:13:18,714 [om1@group-C5BA1605619E-StateMachineUpdater] INFO  impl.StateMachineUpdater (StateMachineUpdater.java:takeSnapshot(291)) - om1@group-C5BA1605619E-StateMachineUpdater: Took a snapshot at index 224
2023-06-29 22:13:18,716 [om1@group-C5BA1605619E-StateMachineUpdater] INFO  impl.StateMachineUpdater (StateMachineUpdater.java:lambda$new$0(97)) - om1@group-C5BA1605619E-StateMachineUpdater: snapshotIndex: updateIncreasingly -1 -> 224
2023-06-29 22:13:18,716 [om1@group-C5BA1605619E-StateMachineUpdater] INFO  ratis.OzoneManagerStateMachine (OzoneManagerStateMachine.java:close(533)) - StateMachine has shutdown. Shutdown OzoneManager if not already shutdown.
2023-06-29 22:13:18,716 [om1@group-C5BA1605619E-StateMachineUpdater] INFO  ratis.OzoneManagerDoubleBuffer (OzoneManagerDoubleBuffer.java:stopDaemon(551)) - Stopping OMDoubleBuffer flush thread
2023-06-29 22:13:18,716 [OMDoubleBufferFlushThread] INFO  ratis.OzoneManagerDoubleBuffer (OzoneManagerDoubleBuffer.java:canFlush(638)) - OMDoubleBuffer flush thread OMDoubleBufferFlushThread is interrupted and will exit.
2023-06-29 22:13:18,720 [om1-impl-thread2] INFO  server.RaftServer$Division (ServerState.java:close(472)) - om1@group-C5BA1605619E: closes. applyIndex: 224
2023-06-29 22:13:19,454 [om1-impl-thread2] INFO  segmented.SegmentedRaftLogWorker (SegmentedRaftLogWorker.java:close(252)) - om1@group-C5BA1605619E-SegmentedRaftLogWorker close()
2023-06-29 22:13:19,455 [JvmPauseMonitor1] INFO  util.JvmPauseMonitor (JvmPauseMonitor.java:run(109)) - JvmPauseMonitor-om1: Stopped
2023-06-29 22:13:19,456 [main] INFO  ratis.OzoneManagerStateMachine (OzoneManagerStateMachine.java:close(533)) - StateMachine has shutdown. Shutdown OzoneManager if not already shutdown.
2023-06-29 22:13:19,456 [main] INFO  ratis.OzoneManagerDoubleBuffer (OzoneManagerDoubleBuffer.java:stopDaemon(560)) - OMDoubleBuffer flush thread is not running.
2023-06-29 22:13:19,457 [main] INFO  utils.BackgroundService (BackgroundService.java:shutdown(141)) - Shutting down service KeyDeletingService
2023-06-29 22:13:19,457 [main] INFO  utils.BackgroundService (BackgroundService.java:shutdown(141)) - Shutting down service KeyDeletingService
2023-06-29 22:13:19,457 [main] INFO  utils.BackgroundService (BackgroundService.java:shutdown(141)) - Shutting down service OpenKeyCleanupService
2023-06-29 22:13:19,457 [main] INFO  utils.BackgroundService (BackgroundService.java:shutdown(141)) - Shutting down service SstFilteringService
2023-06-29 22:13:19,458 [main] INFO  utils.BackgroundService (BackgroundService.java:shutdown(141)) - Shutting down service SnapshotDeletingService
2023-06-29 22:13:19,459 [main] INFO  handler.ContextHandler (ContextHandler.java:doStop(1159)) - Stopped o.e.j.w.WebAppContext@67cd916{ozoneManager,/,null,STOPPED}{file:/home/runner/work/ozone/ozone/hadoop-ozone/integration-test/target/test-classes/webapps/ozoneManager}
2023-06-29 22:13:19,465 [main] INFO  server.AbstractConnector (AbstractConnector.java:doStop(383)) - Stopped ServerConnector@6e92e40a{HTTP/1.1, (http/1.1)}{0.0.0.0:15005}
2023-06-29 22:13:19,465 [main] INFO  server.session (HouseKeeper.java:stopScavenging(149)) - node0 Stopped scavenging
2023-06-29 22:13:19,466 [main] INFO  handler.ContextHandler (ContextHandler.java:doStop(1159)) - Stopped o.e.j.s.ServletContextHandler@440bf250{static,/static,file:///home/runner/work/ozone/ozone/hadoop-ozone/integration-test/target/test-classes/webapps/static,STOPPED}
2023-06-29 22:13:19,466 [main] INFO  handler.ContextHandler (ContextHandler.java:doStop(1159)) - Stopped o.e.j.s.ServletContextHandler@6ae0e411{logs,/logs,file:///home/runner/work/ozone/ozone/hadoop-ozone/integration-test/target/log,STOPPED}
2023-06-29 22:13:19,470 [main] INFO  snapshot.SnapshotDiffManager (SnapshotDiffManager.java:closeExecutorService(1699)) - Shutting down executorService: 'SnapDiffExecutor'
2023-06-29 22:13:19,470 [main] INFO  snapshot.SnapshotDiffManager (SnapshotDiffManager.java:closeExecutorService(1699)) - Shutting down executorService: 'SstDumpToolExecutor'
2023-06-29 22:13:19,474 [main] INFO  utils.BackgroundService (BackgroundService.java:shutdown(141)) - Shutting down service SnapshotDiffCleanupService
2023-06-29 22:13:19,476 [main] INFO  ozone.MiniOzoneClusterImpl (MiniOzoneClusterImpl.java:stopDatanodes(528)) - Stopping the HddsDatanodes
2023-06-29 22:13:19,480 [main] INFO  ozoneimpl.OzoneContainer (OzoneContainer.java:stop(441)) - Attempting to stop container services.
2023-06-29 22:13:19,485 [main] INFO  server.RaftServer (RaftServerProxy.java:lambda$close$6(416)) - fe774388-89b0-43a1-8132-3e981ddd9c14: close
2023-06-29 22:13:19,486 [fe774388-89b0-43a1-8132-3e981ddd9c14-impl-thread2] INFO  server.RaftServer$Division (RaftServerImpl.java:lambda$close$4(466)) - fe774388-89b0-43a1-8132-3e981ddd9c14@group-37708F06EBE6: shutdown
2023-06-29 22:13:19,486 [fe774388-89b0-43a1-8132-3e981ddd9c14-impl-thread3] INFO  server.RaftServer$Division (RaftServerImpl.java:lambda$close$4(466)) - fe774388-89b0-43a1-8132-3e981ddd9c14@group-AA8E299D83D3: shutdown
2023-06-29 22:13:19,486 [fe774388-89b0-43a1-8132-3e981ddd9c14-impl-thread2] INFO  util.JmxRegister (JmxRegister.java:unregister(73)) - Successfully un-registered JMX Bean with object name Ratis:service=RaftServer,group=group-37708F06EBE6,id=fe774388-89b0-43a1-8132-3e981ddd9c14
2023-06-29 22:13:19,486 [fe774388-89b0-43a1-8132-3e981ddd9c14-impl-thread3] INFO  util.JmxRegister (JmxRegister.java:unregister(73)) - Successfully un-registered JMX Bean with object name Ratis:service=RaftServer,group=group-AA8E299D83D3,id=fe774388-89b0-43a1-8132-3e981ddd9c14
2023-06-29 22:13:19,486 [fe774388-89b0-43a1-8132-3e981ddd9c14-impl-thread2] INFO  impl.RoleInfo (RoleInfo.java:shutdownLeaderState(93)) - fe774388-89b0-43a1-8132-3e981ddd9c14: shutdown fe774388-89b0-43a1-8132-3e981ddd9c14@group-37708F06EBE6-LeaderStateImpl
2023-06-29 22:13:19,486 [fe774388-89b0-43a1-8132-3e981ddd9c14-impl-thread3] INFO  impl.RoleInfo (RoleInfo.java:shutdownFollowerState(110)) - fe774388-89b0-43a1-8132-3e981ddd9c14: shutdown fe774388-89b0-43a1-8132-3e981ddd9c14@group-AA8E299D83D3-FollowerState
2023-06-29 22:13:19,486 [main] INFO  server.GrpcService (GrpcService.java:closeImpl(311)) - fe774388-89b0-43a1-8132-3e981ddd9c14: shutdown server org.apache.ratis.grpc.server.GrpcClientProtocolService now
2023-06-29 22:13:19,486 [fe774388-89b0-43a1-8132-3e981ddd9c14-impl-thread4] INFO  server.RaftServer$Division (RaftServerImpl.java:lambda$close$4(466)) - fe774388-89b0-43a1-8132-3e981ddd9c14@group-53A4DE1611EE: shutdown
2023-06-29 22:13:19,487 [fe774388-89b0-43a1-8132-3e981ddd9c14-impl-thread4] INFO  util.JmxRegister (JmxRegister.java:unregister(73)) - Successfully un-registered JMX Bean with object name Ratis:service=RaftServer,group=group-53A4DE1611EE,id=fe774388-89b0-43a1-8132-3e981ddd9c14
2023-06-29 22:13:19,487 [fe774388-89b0-43a1-8132-3e981ddd9c14-impl-thread4] INFO  impl.RoleInfo (RoleInfo.java:shutdownFollowerState(110)) - fe774388-89b0-43a1-8132-3e981ddd9c14: shutdown fe774388-89b0-43a1-8132-3e981ddd9c14@group-53A4DE1611EE-FollowerState
2023-06-29 22:13:19,489 [fe774388-89b0-43a1-8132-3e981ddd9c14@group-AA8E299D83D3-FollowerState] INFO  impl.FollowerState (FollowerState.java:run(152)) - fe774388-89b0-43a1-8132-3e981ddd9c14@group-AA8E299D83D3-FollowerState was interrupted
2023-06-29 22:13:19,486 [fe774388-89b0-43a1-8132-3e981ddd9c14-impl-thread2] INFO  impl.PendingRequests (PendingRequests.java:sendNotLeaderResponses(289)) - fe774388-89b0-43a1-8132-3e981ddd9c14@group-37708F06EBE6-PendingRequests: sendNotLeaderResponses
2023-06-29 22:13:19,489 [fe774388-89b0-43a1-8132-3e981ddd9c14@group-AA8E299D83D3-StateMachineUpdater] INFO  ratis.ContainerStateMachine (ContainerStateMachine.java:takeSnapshot(330)) - group-AA8E299D83D3: Taking a snapshot at:(t:1, i:1222) file /home/runner/work/ozone/ozone/hadoop-ozone/integration-test/target/test-dir/MiniOzoneClusterImpl-ecb232db-3c23-47bf-871f-23bcde51c85c/datanode-1/data/ratis/d220e5b9-ae7c-41b7-8547-aa8e299d83d3/sm/snapshot.1_1222
2023-06-29 22:13:19,489 [fe774388-89b0-43a1-8132-3e981ddd9c14-impl-thread2] INFO  impl.StateMachineUpdater (StateMachineUpdater.java:stopAndJoin(155)) - fe774388-89b0-43a1-8132-3e981ddd9c14@group-37708F06EBE6-StateMachineUpdater: set stopIndex = 0
2023-06-29 22:13:19,490 [fe774388-89b0-43a1-8132-3e981ddd9c14@group-37708F06EBE6-StateMachineUpdater] INFO  ratis.ContainerStateMachine (ContainerStateMachine.java:takeSnapshot(330)) - group-37708F06EBE6: Taking a snapshot at:(t:1, i:0) file /home/runner/work/ozone/ozone/hadoop-ozone/integration-test/target/test-dir/MiniOzoneClusterImpl-ecb232db-3c23-47bf-871f-23bcde51c85c/datanode-1/data/ratis/f1a5a16a-ef82-4d91-869e-37708f06ebe6/sm/snapshot.1_0
2023-06-29 22:13:19,493 [fe774388-89b0-43a1-8132-3e981ddd9c14-impl-thread3] INFO  impl.StateMachineUpdater (StateMachineUpdater.java:stopAndJoin(155)) - fe774388-89b0-43a1-8132-3e981ddd9c14@group-AA8E299D83D3-StateMachineUpdater: set stopIndex = 1222
2023-06-29 22:13:19,494 [fe774388-89b0-43a1-8132-3e981ddd9c14-impl-thread4] INFO  impl.StateMachineUpdater (StateMachineUpdater.java:stopAndJoin(155)) - fe774388-89b0-43a1-8132-3e981ddd9c14@group-53A4DE1611EE-StateMachineUpdater: set stopIndex = 861
2023-06-29 22:13:19,494 [fe774388-89b0-43a1-8132-3e981ddd9c14@group-53A4DE1611EE-FollowerState] INFO  impl.FollowerState (FollowerState.java:run(152)) - fe774388-89b0-43a1-8132-3e981ddd9c14@group-53A4DE1611EE-FollowerState was interrupted
2023-06-29 22:13:19,495 [fe774388-89b0-43a1-8132-3e981ddd9c14@group-53A4DE1611EE-StateMachineUpdater] INFO  ratis.ContainerStateMachine (ContainerStateMachine.java:takeSnapshot(330)) - group-53A4DE1611EE: Taking a snapshot at:(t:1, i:861) file /home/runner/work/ozone/ozone/hadoop-ozone/integration-test/target/test-dir/MiniOzoneClusterImpl-ecb232db-3c23-47bf-871f-23bcde51c85c/datanode-1/data/ratis/60c550eb-c91e-4f73-bcc1-53a4de1611ee/sm/snapshot.1_861
2023-06-29 22:13:19,495 [main] INFO  server.GrpcService (GrpcService.java:closeImpl(320)) - fe774388-89b0-43a1-8132-3e981ddd9c14: shutdown server org.apache.ratis.grpc.server.GrpcClientProtocolService successfully
2023-06-29 22:13:19,495 [main] INFO  server.GrpcService (GrpcService.java:closeImpl(311)) - fe774388-89b0-43a1-8132-3e981ddd9c14: shutdown server GrpcServerProtocolService now
2023-06-29 22:13:19,500 [grpc-default-executor-0] WARN  server.GrpcServerProtocolService (LogUtils.java:warn(122)) - fe774388-89b0-43a1-8132-3e981ddd9c14: APPEND_ENTRIES onError, lastRequest: null: org.apache.ratis.thirdparty.io.grpc.StatusRuntimeException: CANCELLED: client cancelled
2023-06-29 22:13:19,516 [main] INFO  server.GrpcService (GrpcService.java:closeImpl(320)) - fe774388-89b0-43a1-8132-3e981ddd9c14: shutdown server GrpcServerProtocolService successfully
2023-06-29 22:13:19,516 [main] INFO  server.GrpcService (GrpcService.java:closeImpl(311)) - fe774388-89b0-43a1-8132-3e981ddd9c14: shutdown server org.apache.ratis.grpc.server.GrpcAdminProtocolService now
2023-06-29 22:13:19,513 [grpc-default-executor-6] WARN  server.GrpcServerProtocolService (LogUtils.java:warn(122)) - fe774388-89b0-43a1-8132-3e981ddd9c14: APPEND_ENTRIES onError, lastRequest: d2cb3656-736c-45ed-9177-765defc8baa4->fe774388-89b0-43a1-8132-3e981ddd9c14#1319-t1,previous=(t:1, i:1221),leaderCommit=1221,initializing? true,entries: size=1, first=(t:1, i:1222), METADATAENTRY(c:1221): org.apache.ratis.thirdparty.io.grpc.StatusRuntimeException: CANCELLED: client cancelled
2023-06-29 22:13:19,514 [grpc-default-executor-3] WARN  server.GrpcServerProtocolService (LogUtils.java:warn(122)) - fe774388-89b0-43a1-8132-3e981ddd9c14: APPEND_ENTRIES onError, lastRequest: null: org.apache.ratis.thirdparty.io.grpc.StatusRuntimeException: CANCELLED: client cancelled
2023-06-29 22:13:19,515 [grpc-default-executor-9] WARN  server.GrpcServerProtocolService (LogUtils.java:warn(122)) - fe774388-89b0-43a1-8132-3e981ddd9c14: APPEND_ENTRIES onError, lastRequest: 48be0ea8-46a6-4e80-b936-879c72e065d6->fe774388-89b0-43a1-8132-3e981ddd9c14#988-t1,previous=(t:1, i:860),leaderCommit=860,initializing? true,entries: size=1, first=(t:1, i:861), METADATAENTRY(c:860): org.apache.ratis.thirdparty.io.grpc.StatusRuntimeException: CANCELLED: client cancelled
2023-06-29 22:13:19,527 [ForkJoinPool.commonPool-worker-0] INFO  ozoneimpl.OzoneContainer (OzoneContainer.java:stop(441)) - Attempting to stop container services.
2023-06-29 22:13:19,528 [ForkJoinPool.commonPool-worker-0] INFO  server.RaftServer (RaftServerProxy.java:lambda$close$6(416)) - 48be0ea8-46a6-4e80-b936-879c72e065d6: close
2023-06-29 22:13:19,528 [48be0ea8-46a6-4e80-b936-879c72e065d6-impl-thread2] INFO  server.RaftServer$Division (RaftServerImpl.java:lambda$close$4(466)) - 48be0ea8-46a6-4e80-b936-879c72e065d6@group-AA8E299D83D3: shutdown
2023-06-29 22:13:19,528 [48be0ea8-46a6-4e80-b936-879c72e065d6-impl-thread2] INFO  util.JmxRegister (JmxRegister.java:unregister(73)) - Successfully un-registered JMX Bean with object name Ratis:service=RaftServer,group=group-AA8E299D83D3,id=48be0ea8-46a6-4e80-b936-879c72e065d6
2023-06-29 22:13:19,528 [48be0ea8-46a6-4e80-b936-879c72e065d6-impl-thread2] INFO  impl.RoleInfo (RoleInfo.java:shutdownFollowerState(110)) - 48be0ea8-46a6-4e80-b936-879c72e065d6: shutdown 48be0ea8-46a6-4e80-b936-879c72e065d6@group-AA8E299D83D3-FollowerState
2023-06-29 22:13:19,529 [48be0ea8-46a6-4e80-b936-879c72e065d6-impl-thread3] INFO  server.RaftServer$Division (RaftServerImpl.java:lambda$close$4(466)) - 48be0ea8-46a6-4e80-b936-879c72e065d6@group-12AE4BFA76DF: shutdown
2023-06-29 22:13:19,529 [48be0ea8-46a6-4e80-b936-879c72e065d6-impl-thread3] INFO  util.JmxRegister (JmxRegister.java:unregister(73)) - Successfully un-registered JMX Bean with object name Ratis:service=RaftServer,group=group-12AE4BFA76DF,id=48be0ea8-46a6-4e80-b936-879c72e065d6
2023-06-29 22:13:19,529 [48be0ea8-46a6-4e80-b936-879c72e065d6-impl-thread3] INFO  impl.RoleInfo (RoleInfo.java:shutdownLeaderState(93)) - 48be0ea8-46a6-4e80-b936-879c72e065d6: shutdown 48be0ea8-46a6-4e80-b936-879c72e065d6@group-12AE4BFA76DF-LeaderStateImpl
2023-06-29 22:13:19,530 [48be0ea8-46a6-4e80-b936-879c72e065d6-impl-thread3] INFO  impl.PendingRequests (PendingRequests.java:sendNotLeaderResponses(289)) - 48be0ea8-46a6-4e80-b936-879c72e065d6@group-12AE4BFA76DF-PendingRequests: sendNotLeaderResponses
2023-06-29 22:13:19,530 [48be0ea8-46a6-4e80-b936-879c72e065d6@group-12AE4BFA76DF-StateMachineUpdater] INFO  ratis.ContainerStateMachine (ContainerStateMachine.java:takeSnapshot(330)) - group-12AE4BFA76DF: Taking a snapshot at:(t:1, i:0) file /home/runner/work/ozone/ozone/hadoop-ozone/integration-test/target/test-dir/MiniOzoneClusterImpl-ecb232db-3c23-47bf-871f-23bcde51c85c/datanode-0/data/ratis/dcf3c852-6ad7-48f8-ab88-12ae4bfa76df/sm/snapshot.1_0
2023-06-29 22:13:19,530 [48be0ea8-46a6-4e80-b936-879c72e065d6-impl-thread3] INFO  impl.StateMachineUpdater (StateMachineUpdater.java:stopAndJoin(155)) - 48be0ea8-46a6-4e80-b936-879c72e065d6@group-12AE4BFA76DF-StateMachineUpdater: set stopIndex = 0
2023-06-29 22:13:19,530 [ForkJoinPool.commonPool-worker-0] INFO  server.GrpcService (GrpcService.java:closeImpl(311)) - 48be0ea8-46a6-4e80-b936-879c72e065d6: shutdown server org.apache.ratis.grpc.server.GrpcClientProtocolService now
2023-06-29 22:13:19,531 [48be0ea8-46a6-4e80-b936-879c72e065d6-impl-thread4] INFO  server.RaftServer$Division (RaftServerImpl.java:lambda$close$4(466)) - 48be0ea8-46a6-4e80-b936-879c72e065d6@group-53A4DE1611EE: shutdown
2023-06-29 22:13:19,531 [48be0ea8-46a6-4e80-b936-879c72e065d6-impl-thread4] INFO  util.JmxRegister (JmxRegister.java:unregister(73)) - Successfully un-registered JMX Bean with object name Ratis:service=RaftServer,group=group-53A4DE1611EE,id=48be0ea8-46a6-4e80-b936-879c72e065d6
2023-06-29 22:13:19,531 [48be0ea8-46a6-4e80-b936-879c72e065d6-impl-thread4] INFO  impl.RoleInfo (RoleInfo.java:shutdownLeaderState(93)) - 48be0ea8-46a6-4e80-b936-879c72e065d6: shutdown 48be0ea8-46a6-4e80-b936-879c72e065d6@group-53A4DE1611EE-LeaderStateImpl
2023-06-29 22:13:19,532 [grpc-default-executor-9] WARN  server.GrpcLogAppender (LogUtils.java:warn(122)) - 48be0ea8-46a6-4e80-b936-879c72e065d6@group-53A4DE1611EE->fe774388-89b0-43a1-8132-3e981ddd9c14-AppendLogResponseHandler: Failed appendEntries: org.apache.ratis.thirdparty.io.grpc.StatusRuntimeException: CANCELLED: RST_STREAM closed stream. HTTP/2 error code: CANCEL
2023-06-29 22:13:19,533 [48be0ea8-46a6-4e80-b936-879c72e065d6-impl-thread4] INFO  impl.PendingRequests (PendingRequests.java:sendNotLeaderResponses(289)) - 48be0ea8-46a6-4e80-b936-879c72e065d6@group-53A4DE1611EE-PendingRequests: sendNotLeaderResponses
2023-06-29 22:13:19,536 [grpc-default-executor-9] INFO  leader.FollowerInfo (FollowerInfoImpl.java:lambda$new$0(52)) - 48be0ea8-46a6-4e80-b936-879c72e065d6@group-53A4DE1611EE->fe774388-89b0-43a1-8132-3e981ddd9c14: decreaseNextIndex nextIndex: updateUnconditionally 862 -> 861
2023-06-29 22:13:19,539 [48be0ea8-46a6-4e80-b936-879c72e065d6@group-AA8E299D83D3-FollowerState] INFO  impl.FollowerState (FollowerState.java:run(152)) - 48be0ea8-46a6-4e80-b936-879c72e065d6@group-AA8E299D83D3-FollowerState was interrupted
2023-06-29 22:13:19,541 [main] INFO  server.GrpcService (GrpcService.java:closeImpl(320)) - fe774388-89b0-43a1-8132-3e981ddd9c14: shutdown server org.apache.ratis.grpc.server.GrpcAdminProtocolService successfully
2023-06-29 22:13:19,541 [fe774388-89b0-43a1-8132-3e981ddd9c14-NettyServerStreamRpc-bossGroup--thread1] INFO  logging.LoggingHandler (AbstractInternalLogger.java:log(148)) - [id: 0x4ac3a870, L:/0:0:0:0:0:0:0:0:15024] CLOSE
2023-06-29 22:13:19,541 [fe774388-89b0-43a1-8132-3e981ddd9c14-NettyServerStreamRpc-bossGroup--thread1] INFO  logging.LoggingHandler (AbstractInternalLogger.java:log(148)) - [id: 0x4ac3a870, L:/0:0:0:0:0:0:0:0:15024] INACTIVE
2023-06-29 22:13:19,541 [fe774388-89b0-43a1-8132-3e981ddd9c14-NettyServerStreamRpc-bossGroup--thread1] INFO  logging.LoggingHandler (AbstractInternalLogger.java:log(148)) - [id: 0x4ac3a870, L:/0:0:0:0:0:0:0:0:15024] UNREGISTERED
2023-06-29 22:13:19,533 [48be0ea8-46a6-4e80-b936-879c72e065d6@group-53A4DE1611EE->fe774388-89b0-43a1-8132-3e981ddd9c14-GrpcLogAppender-LogAppenderDaemon] WARN  server.GrpcLogAppender (GrpcLogAppender.java:mayWait(199)) - 48be0ea8-46a6-4e80-b936-879c72e065d6@group-53A4DE1611EE->fe774388-89b0-43a1-8132-3e981ddd9c14-GrpcLogAppender: Wait interrupted by java.lang.InterruptedException
2023-06-29 22:13:19,533 [grpc-default-executor-7] WARN  server.GrpcLogAppender (LogUtils.java:warn(122)) - d2cb3656-736c-45ed-9177-765defc8baa4@group-AA8E299D83D3->fe774388-89b0-43a1-8132-3e981ddd9c14-AppendLogResponseHandler: Failed appendEntries: org.apache.ratis.thirdparty.io.grpc.StatusRuntimeException: CANCELLED: RST_STREAM closed stream. HTTP/2 error code: CANCEL
2023-06-29 22:13:19,533 [48be0ea8-46a6-4e80-b936-879c72e065d6@group-53A4DE1611EE->d2cb3656-736c-45ed-9177-765defc8baa4-GrpcLogAppender-LogAppenderDaemon] WARN  server.GrpcLogAppender (GrpcLogAppender.java:mayWait(199)) - 48be0ea8-46a6-4e80-b936-879c72e065d6@group-53A4DE1611EE->d2cb3656-736c-45ed-9177-765defc8baa4-GrpcLogAppender: Wait interrupted by java.lang.InterruptedException
2023-06-29 22:13:19,542 [Thread-809] INFO  server.GrpcServerProtocolClient (GrpcServerProtocolClient.java:close(103)) - d2cb3656-736c-45ed-9177-765defc8baa4 Close channels
2023-06-29 22:13:19,543 [Thread-808] INFO  server.GrpcServerProtocolClient (GrpcServerProtocolClient.java:close(103)) - fe774388-89b0-43a1-8132-3e981ddd9c14 Close channels
2023-06-29 22:13:19,543 [grpc-default-executor-10] WARN  server.GrpcLogAppender (LogUtils.java:warn(122)) - d2cb3656-736c-45ed-9177-765defc8baa4@group-AA8E299D83D3->fe774388-89b0-43a1-8132-3e981ddd9c14-AppendLogResponseHandler: Failed appendEntries: org.apache.ratis.thirdparty.io.grpc.StatusRuntimeException: CANCELLED: RST_STREAM closed stream. HTTP/2 error code: CANCEL
2023-06-29 22:13:19,542 [grpc-default-executor-7] INFO  leader.FollowerInfo (FollowerInfoImpl.java:lambda$new$0(52)) - d2cb3656-736c-45ed-9177-765defc8baa4@group-AA8E299D83D3->fe774388-89b0-43a1-8132-3e981ddd9c14: decreaseNextIndex nextIndex: updateUnconditionally 1223 -> 1222
2023-06-29 22:13:19,547 [48be0ea8-46a6-4e80-b936-879c72e065d6-impl-thread4] INFO  impl.StateMachineUpdater (StateMachineUpdater.java:stopAndJoin(155)) - 48be0ea8-46a6-4e80-b936-879c72e065d6@group-53A4DE1611EE-StateMachineUpdater: set stopIndex = 861
2023-06-29 22:13:19,547 [48be0ea8-46a6-4e80-b936-879c72e065d6-impl-thread2] INFO  impl.StateMachineUpdater (StateMachineUpdater.java:stopAndJoin(155)) - 48be0ea8-46a6-4e80-b936-879c72e065d6@group-AA8E299D83D3-StateMachineUpdater: set stopIndex = 1222
2023-06-29 22:13:19,548 [48be0ea8-46a6-4e80-b936-879c72e065d6@group-53A4DE1611EE-StateMachineUpdater] INFO  ratis.ContainerStateMachine (ContainerStateMachine.java:takeSnapshot(330)) - group-53A4DE1611EE: Taking a snapshot at:(t:1, i:861) file /home/runner/work/ozone/ozone/hadoop-ozone/integration-test/target/test-dir/MiniOzoneClusterImpl-ecb232db-3c23-47bf-871f-23bcde51c85c/datanode-0/data/ratis/60c550eb-c91e-4f73-bcc1-53a4de1611ee/sm/snapshot.1_861
2023-06-29 22:13:19,548 [48be0ea8-46a6-4e80-b936-879c72e065d6@group-AA8E299D83D3-StateMachineUpdater] INFO  ratis.ContainerStateMachine (ContainerStateMachine.java:takeSnapshot(330)) - group-AA8E299D83D3: Taking a snapshot at:(t:1, i:1222) file /home/runner/work/ozone/ozone/hadoop-ozone/integration-test/target/test-dir/MiniOzoneClusterImpl-ecb232db-3c23-47bf-871f-23bcde51c85c/datanode-0/data/ratis/d220e5b9-ae7c-41b7-8547-aa8e299d83d3/sm/snapshot.1_1222
2023-06-29 22:13:19,548 [grpc-default-executor-10] INFO  leader.FollowerInfo (FollowerInfoImpl.java:lambda$new$0(52)) - d2cb3656-736c-45ed-9177-765defc8baa4@group-AA8E299D83D3->fe774388-89b0-43a1-8132-3e981ddd9c14: decreaseNextIndex nextIndex: updateUnconditionally 1222 -> 1221
2023-06-29 22:13:19,549 [grpc-default-executor-10] INFO  server.GrpcServerProtocolService (GrpcServerProtocolService.java:onCompleted(155)) - d2cb3656-736c-45ed-9177-765defc8baa4: Completed APPEND_ENTRIES, lastRequest: 48be0ea8-46a6-4e80-b936-879c72e065d6->d2cb3656-736c-45ed-9177-765defc8baa4#991-t1,previous=(t:1, i:860),leaderCommit=860,initializing? true,entries: size=1, first=(t:1, i:861), METADATAENTRY(c:860)
2023-06-29 22:13:19,549 [grpc-default-executor-10] INFO  server.GrpcServerProtocolService (GrpcServerProtocolService.java:lambda$onCompleted$5(157)) - d2cb3656-736c-45ed-9177-765defc8baa4: Completed APPEND_ENTRIES, lastReply: null
2023-06-29 22:13:19,549 [grpc-default-executor-7] INFO  server.GrpcLogAppender (GrpcLogAppender.java:onCompleted(428)) - 48be0ea8-46a6-4e80-b936-879c72e065d6@group-53A4DE1611EE->d2cb3656-736c-45ed-9177-765defc8baa4-AppendLogResponseHandler: follower responses appendEntries COMPLETED
2023-06-29 22:13:19,550 [grpc-default-executor-7] WARN  server.GrpcLogAppender (GrpcLogAppender.java:resetClient(137)) - 48be0ea8-46a6-4e80-b936-879c72e065d6@group-53A4DE1611EE->d2cb3656-736c-45ed-9177-765defc8baa4-GrpcLogAppender: Failed to getClient for d2cb3656-736c-45ed-9177-765defc8baa4
org.apache.ratis.protocol.exceptions.AlreadyClosedException: 48be0ea8-46a6-4e80-b936-879c72e065d6 is already CLOSED
	at org.apache.ratis.util.PeerProxyMap$PeerAndProxy.getProxy(PeerProxyMap.java:61)
	at org.apache.ratis.util.PeerProxyMap.getProxy(PeerProxyMap.java:115)
	at org.apache.ratis.grpc.server.GrpcLogAppender.getClient(GrpcLogAppender.java:112)
	at org.apache.ratis.grpc.server.GrpcLogAppender.resetClient(GrpcLogAppender.java:117)
	at org.apache.ratis.grpc.server.GrpcLogAppender.access$500(GrpcLogAppender.java:56)
	at org.apache.ratis.grpc.server.GrpcLogAppender$AppendLogResponseHandler.onCompleted(GrpcLogAppender.java:429)
	at org.apache.ratis.thirdparty.io.grpc.stub.ClientCalls$StreamObserverToCallListenerAdapter.onClose(ClientCalls.java:485)
	at org.apache.ratis.thirdparty.io.grpc.internal.ClientCallImpl.closeObserver(ClientCallImpl.java:563)
	at org.apache.ratis.thirdparty.io.grpc.internal.ClientCallImpl.access$300(ClientCallImpl.java:70)
	at org.apache.ratis.thirdparty.io.grpc.internal.ClientCallImpl$ClientStreamListenerImpl$1StreamClosed.runInternal(ClientCallImpl.java:744)
	at org.apache.ratis.thirdparty.io.grpc.internal.ClientCallImpl$ClientStreamListenerImpl$1StreamClosed.runInContext(ClientCallImpl.java:723)
	at org.apache.ratis.thirdparty.io.grpc.internal.ContextRunnable.run(ContextRunnable.java:37)
	at org.apache.ratis.thirdparty.io.grpc.internal.SerializingExecutor.run(SerializingExecutor.java:133)
	at java.util.concurrent.ThreadPoolExecutor.runWorker(ThreadPoolExecutor.java:1149)
	at java.util.concurrent.ThreadPoolExecutor$Worker.run(ThreadPoolExecutor.java:624)
	at java.lang.Thread.run(Thread.java:750)
2023-06-29 22:13:19,551 [grpc-default-executor-9] INFO  server.GrpcServerProtocolService (GrpcServerProtocolService.java:onCompleted(155)) - d2cb3656-736c-45ed-9177-765defc8baa4: Completed APPEND_ENTRIES, lastRequest: null
2023-06-29 22:13:19,556 [grpc-default-executor-9] INFO  server.GrpcServerProtocolService (GrpcServerProtocolService.java:lambda$onCompleted$5(157)) - d2cb3656-736c-45ed-9177-765defc8baa4: Completed APPEND_ENTRIES, lastReply: serverReply {
  requestorId: "48be0ea8-46a6-4e80-b936-879c72e065d6"
  replyId: "d2cb3656-736c-45ed-9177-765defc8baa4"
  raftGroupId {
    id: "`\305P\353\311\036Os\274\301S\244\336\026\021\356"
  }
  callId: 1048
  success: true
}
term: 1
nextIndex: 862
followerCommit: 861
matchIndex: 18446744073709551615
isHearbeat: true

2023-06-29 22:13:19,557 [grpc-default-executor-7] INFO  server.GrpcLogAppender (GrpcLogAppender.java:onCompleted(428)) - 48be0ea8-46a6-4e80-b936-879c72e065d6@group-53A4DE1611EE->d2cb3656-736c-45ed-9177-765defc8baa4-AppendLogResponseHandler: follower responses appendEntries COMPLETED
2023-06-29 22:13:19,557 [grpc-default-executor-7] WARN  server.GrpcLogAppender (GrpcLogAppender.java:resetClient(137)) - 48be0ea8-46a6-4e80-b936-879c72e065d6@group-53A4DE1611EE->d2cb3656-736c-45ed-9177-765defc8baa4-GrpcLogAppender: Failed to getClient for d2cb3656-736c-45ed-9177-765defc8baa4
org.apache.ratis.protocol.exceptions.AlreadyClosedException: 48be0ea8-46a6-4e80-b936-879c72e065d6 is already CLOSED
	at org.apache.ratis.util.PeerProxyMap$PeerAndProxy.getProxy(PeerProxyMap.java:61)
	at org.apache.ratis.util.PeerProxyMap.getProxy(PeerProxyMap.java:115)
	at org.apache.ratis.grpc.server.GrpcLogAppender.getClient(GrpcLogAppender.java:112)
	at org.apache.ratis.grpc.server.GrpcLogAppender.resetClient(GrpcLogAppender.java:117)
	at org.apache.ratis.grpc.server.GrpcLogAppender.access$500(GrpcLogAppender.java:56)
	at org.apache.ratis.grpc.server.GrpcLogAppender$AppendLogResponseHandler.onCompleted(GrpcLogAppender.java:429)
	at org.apache.ratis.thirdparty.io.grpc.stub.ClientCalls$StreamObserverToCallListenerAdapter.onClose(ClientCalls.java:485)
	at org.apache.ratis.thirdparty.io.grpc.internal.ClientCallImpl.closeObserver(ClientCallImpl.java:563)
	at org.apache.ratis.thirdparty.io.grpc.internal.ClientCallImpl.access$300(ClientCallImpl.java:70)
	at org.apache.ratis.thirdparty.io.grpc.internal.ClientCallImpl$ClientStreamListenerImpl$1StreamClosed.runInternal(ClientCallImpl.java:744)
	at org.apache.ratis.thirdparty.io.grpc.internal.ClientCallImpl$ClientStreamListenerImpl$1StreamClosed.runInContext(ClientCallImpl.java:723)
	at org.apache.ratis.thirdparty.io.grpc.internal.ContextRunnable.run(ContextRunnable.java:37)
	at org.apache.ratis.thirdparty.io.grpc.internal.SerializingExecutor.run(SerializingExecutor.java:133)
	at java.util.concurrent.ThreadPoolExecutor.runWorker(ThreadPoolExecutor.java:1149)
	at java.util.concurrent.ThreadPoolExecutor$Worker.run(ThreadPoolExecutor.java:624)
	at java.lang.Thread.run(Thread.java:750)
2023-06-29 22:13:19,561 [48be0ea8-46a6-4e80-b936-879c72e065d6@group-12AE4BFA76DF-StateMachineUpdater] INFO  ratis.ContainerStateMachine (ContainerStateMachine.java:takeSnapshot(341)) - group-12AE4BFA76DF: Finished taking a snapshot at:(t:1, i:0) file:/home/runner/work/ozone/ozone/hadoop-ozone/integration-test/target/test-dir/MiniOzoneClusterImpl-ecb232db-3c23-47bf-871f-23bcde51c85c/datanode-0/data/ratis/dcf3c852-6ad7-48f8-ab88-12ae4bfa76df/sm/snapshot.1_0 took: 32 ms
2023-06-29 22:13:19,562 [fe774388-89b0-43a1-8132-3e981ddd9c14@group-37708F06EBE6-StateMachineUpdater] INFO  ratis.ContainerStateMachine (ContainerStateMachine.java:takeSnapshot(341)) - group-37708F06EBE6: Finished taking a snapshot at:(t:1, i:0) file:/home/runner/work/ozone/ozone/hadoop-ozone/integration-test/target/test-dir/MiniOzoneClusterImpl-ecb232db-3c23-47bf-871f-23bcde51c85c/datanode-1/data/ratis/f1a5a16a-ef82-4d91-869e-37708f06ebe6/sm/snapshot.1_0 took: 72 ms
2023-06-29 22:13:19,563 [fe774388-89b0-43a1-8132-3e981ddd9c14@group-37708F06EBE6-StateMachineUpdater] INFO  impl.StateMachineUpdater (StateMachineUpdater.java:takeSnapshot(291)) - fe774388-89b0-43a1-8132-3e981ddd9c14@group-37708F06EBE6-StateMachineUpdater: Took a snapshot at index 0
2023-06-29 22:13:19,563 [fe774388-89b0-43a1-8132-3e981ddd9c14@group-37708F06EBE6-StateMachineUpdater] INFO  impl.StateMachineUpdater (StateMachineUpdater.java:lambda$new$0(97)) - fe774388-89b0-43a1-8132-3e981ddd9c14@group-37708F06EBE6-StateMachineUpdater: snapshotIndex: updateIncreasingly -1 -> 0
2023-06-29 22:13:19,564 [48be0ea8-46a6-4e80-b936-879c72e065d6@group-12AE4BFA76DF-StateMachineUpdater] INFO  impl.StateMachineUpdater (StateMachineUpdater.java:takeSnapshot(291)) - 48be0ea8-46a6-4e80-b936-879c72e065d6@group-12AE4BFA76DF-StateMachineUpdater: Took a snapshot at index 0
2023-06-29 22:13:19,564 [48be0ea8-46a6-4e80-b936-879c72e065d6@group-12AE4BFA76DF-StateMachineUpdater] INFO  impl.StateMachineUpdater (StateMachineUpdater.java:lambda$new$0(97)) - 48be0ea8-46a6-4e80-b936-879c72e065d6@group-12AE4BFA76DF-StateMachineUpdater: snapshotIndex: updateIncreasingly -1 -> 0
2023-06-29 22:13:19,570 [grpc-default-executor-6] INFO  server.GrpcLogAppender (GrpcLogAppender.java:onError(417)) - 48be0ea8-46a6-4e80-b936-879c72e065d6@group-53A4DE1611EE->fe774388-89b0-43a1-8132-3e981ddd9c14-GrpcLogAppender is already stopped
2023-06-29 22:13:19,573 [fe774388-89b0-43a1-8132-3e981ddd9c14@group-53A4DE1611EE-StateMachineUpdater] INFO  ratis.ContainerStateMachine (ContainerStateMachine.java:takeSnapshot(341)) - group-53A4DE1611EE: Finished taking a snapshot at:(t:1, i:861) file:/home/runner/work/ozone/ozone/hadoop-ozone/integration-test/target/test-dir/MiniOzoneClusterImpl-ecb232db-3c23-47bf-871f-23bcde51c85c/datanode-1/data/ratis/60c550eb-c91e-4f73-bcc1-53a4de1611ee/sm/snapshot.1_861 took: 78 ms
2023-06-29 22:13:19,573 [fe774388-89b0-43a1-8132-3e981ddd9c14@group-53A4DE1611EE-StateMachineUpdater] INFO  impl.StateMachineUpdater (StateMachineUpdater.java:takeSnapshot(291)) - fe774388-89b0-43a1-8132-3e981ddd9c14@group-53A4DE1611EE-StateMachineUpdater: Took a snapshot at index 861
2023-06-29 22:13:19,573 [fe774388-89b0-43a1-8132-3e981ddd9c14@group-53A4DE1611EE-StateMachineUpdater] INFO  impl.StateMachineUpdater (StateMachineUpdater.java:lambda$new$0(97)) - fe774388-89b0-43a1-8132-3e981ddd9c14@group-53A4DE1611EE-StateMachineUpdater: snapshotIndex: updateIncreasingly -1 -> 861
2023-06-29 22:13:19,573 [fe774388-89b0-43a1-8132-3e981ddd9c14@group-AA8E299D83D3-StateMachineUpdater] INFO  ratis.ContainerStateMachine (ContainerStateMachine.java:takeSnapshot(341)) - group-AA8E299D83D3: Finished taking a snapshot at:(t:1, i:1222) file:/home/runner/work/ozone/ozone/hadoop-ozone/integration-test/target/test-dir/MiniOzoneClusterImpl-ecb232db-3c23-47bf-871f-23bcde51c85c/datanode-1/data/ratis/d220e5b9-ae7c-41b7-8547-aa8e299d83d3/sm/snapshot.1_1222 took: 85 ms
2023-06-29 22:13:19,573 [fe774388-89b0-43a1-8132-3e981ddd9c14@group-AA8E299D83D3-StateMachineUpdater] INFO  impl.StateMachineUpdater (StateMachineUpdater.java:takeSnapshot(291)) - fe774388-89b0-43a1-8132-3e981ddd9c14@group-AA8E299D83D3-StateMachineUpdater: Took a snapshot at index 1222
2023-06-29 22:13:19,573 [fe774388-89b0-43a1-8132-3e981ddd9c14@group-AA8E299D83D3-StateMachineUpdater] INFO  impl.StateMachineUpdater (StateMachineUpdater.java:lambda$new$0(97)) - fe774388-89b0-43a1-8132-3e981ddd9c14@group-AA8E299D83D3-StateMachineUpdater: snapshotIndex: updateIncreasingly -1 -> 1222
2023-06-29 22:13:19,573 [48be0ea8-46a6-4e80-b936-879c72e065d6@group-53A4DE1611EE-StateMachineUpdater] INFO  ratis.ContainerStateMachine (ContainerStateMachine.java:takeSnapshot(341)) - group-53A4DE1611EE: Finished taking a snapshot at:(t:1, i:861) file:/home/runner/work/ozone/ozone/hadoop-ozone/integration-test/target/test-dir/MiniOzoneClusterImpl-ecb232db-3c23-47bf-871f-23bcde51c85c/datanode-0/data/ratis/60c550eb-c91e-4f73-bcc1-53a4de1611ee/sm/snapshot.1_861 took: 26 ms
2023-06-29 22:13:19,573 [48be0ea8-46a6-4e80-b936-879c72e065d6@group-53A4DE1611EE-StateMachineUpdater] INFO  impl.StateMachineUpdater (StateMachineUpdater.java:takeSnapshot(291)) - 48be0ea8-46a6-4e80-b936-879c72e065d6@group-53A4DE1611EE-StateMachineUpdater: Took a snapshot at index 861
2023-06-29 22:13:19,574 [48be0ea8-46a6-4e80-b936-879c72e065d6@group-53A4DE1611EE-StateMachineUpdater] INFO  impl.StateMachineUpdater (StateMachineUpdater.java:lambda$new$0(97)) - 48be0ea8-46a6-4e80-b936-879c72e065d6@group-53A4DE1611EE-StateMachineUpdater: snapshotIndex: updateIncreasingly -1 -> 861
2023-06-29 22:13:19,574 [ForkJoinPool.commonPool-worker-1] INFO  ozoneimpl.OzoneContainer (OzoneContainer.java:stop(441)) - Attempting to stop container services.
2023-06-29 22:13:19,574 [48be0ea8-46a6-4e80-b936-879c72e065d6@group-AA8E299D83D3-StateMachineUpdater] INFO  ratis.ContainerStateMachine (ContainerStateMachine.java:takeSnapshot(341)) - group-AA8E299D83D3: Finished taking a snapshot at:(t:1, i:1222) file:/home/runner/work/ozone/ozone/hadoop-ozone/integration-test/target/test-dir/MiniOzoneClusterImpl-ecb232db-3c23-47bf-871f-23bcde51c85c/datanode-0/data/ratis/d220e5b9-ae7c-41b7-8547-aa8e299d83d3/sm/snapshot.1_1222 took: 26 ms
2023-06-29 22:13:19,574 [48be0ea8-46a6-4e80-b936-879c72e065d6@group-AA8E299D83D3-StateMachineUpdater] INFO  impl.StateMachineUpdater (StateMachineUpdater.java:takeSnapshot(291)) - 48be0ea8-46a6-4e80-b936-879c72e065d6@group-AA8E299D83D3-StateMachineUpdater: Took a snapshot at index 1222
2023-06-29 22:13:19,574 [48be0ea8-46a6-4e80-b936-879c72e065d6@group-AA8E299D83D3-StateMachineUpdater] INFO  impl.StateMachineUpdater (StateMachineUpdater.java:lambda$new$0(97)) - 48be0ea8-46a6-4e80-b936-879c72e065d6@group-AA8E299D83D3-StateMachineUpdater: snapshotIndex: updateIncreasingly -1 -> 1222
2023-06-29 22:13:19,574 [ForkJoinPool.commonPool-worker-1] INFO  server.RaftServer (RaftServerProxy.java:lambda$close$6(416)) - d2cb3656-736c-45ed-9177-765defc8baa4: close
2023-06-29 22:13:19,577 [fe774388-89b0-43a1-8132-3e981ddd9c14-impl-thread2] INFO  server.RaftServer$Division (ServerState.java:close(472)) - fe774388-89b0-43a1-8132-3e981ddd9c14@group-37708F06EBE6: closes. applyIndex: 0
2023-06-29 22:13:19,577 [48be0ea8-46a6-4e80-b936-879c72e065d6-impl-thread3] INFO  server.RaftServer$Division (ServerState.java:close(472)) - 48be0ea8-46a6-4e80-b936-879c72e065d6@group-12AE4BFA76DF: closes. applyIndex: 0
2023-06-29 22:13:19,577 [d2cb3656-736c-45ed-9177-765defc8baa4-impl-thread2] INFO  server.RaftServer$Division (RaftServerImpl.java:lambda$close$4(466)) - d2cb3656-736c-45ed-9177-765defc8baa4@group-79B2834307E7: shutdown
2023-06-29 22:13:19,577 [d2cb3656-736c-45ed-9177-765defc8baa4-impl-thread2] INFO  util.JmxRegister (JmxRegister.java:unregister(73)) - Successfully un-registered JMX Bean with object name Ratis:service=RaftServer,group=group-79B2834307E7,id=d2cb3656-736c-45ed-9177-765defc8baa4
2023-06-29 22:13:19,577 [d2cb3656-736c-45ed-9177-765defc8baa4-impl-thread2] INFO  impl.RoleInfo (RoleInfo.java:shutdownLeaderState(93)) - d2cb3656-736c-45ed-9177-765defc8baa4: shutdown d2cb3656-736c-45ed-9177-765defc8baa4@group-79B2834307E7-LeaderStateImpl
2023-06-29 22:13:19,578 [d2cb3656-736c-45ed-9177-765defc8baa4-impl-thread2] INFO  impl.PendingRequests (PendingRequests.java:sendNotLeaderResponses(289)) - d2cb3656-736c-45ed-9177-765defc8baa4@group-79B2834307E7-PendingRequests: sendNotLeaderResponses
2023-06-29 22:13:19,578 [d2cb3656-736c-45ed-9177-765defc8baa4@group-79B2834307E7-StateMachineUpdater] INFO  ratis.ContainerStateMachine (ContainerStateMachine.java:takeSnapshot(330)) - group-79B2834307E7: Taking a snapshot at:(t:1, i:0) file /home/runner/work/ozone/ozone/hadoop-ozone/integration-test/target/test-dir/MiniOzoneClusterImpl-ecb232db-3c23-47bf-871f-23bcde51c85c/datanode-2/data/ratis/bf09cc7a-3b10-4345-9a04-79b2834307e7/sm/snapshot.1_0
2023-06-29 22:13:19,578 [d2cb3656-736c-45ed-9177-765defc8baa4-impl-thread2] INFO  impl.StateMachineUpdater (StateMachineUpdater.java:stopAndJoin(155)) - d2cb3656-736c-45ed-9177-765defc8baa4@group-79B2834307E7-StateMachineUpdater: set stopIndex = 0
2023-06-29 22:13:19,579 [d2cb3656-736c-45ed-9177-765defc8baa4@group-79B2834307E7-StateMachineUpdater] INFO  ratis.ContainerStateMachine (ContainerStateMachine.java:takeSnapshot(341)) - group-79B2834307E7: Finished taking a snapshot at:(t:1, i:0) file:/home/runner/work/ozone/ozone/hadoop-ozone/integration-test/target/test-dir/MiniOzoneClusterImpl-ecb232db-3c23-47bf-871f-23bcde51c85c/datanode-2/data/ratis/bf09cc7a-3b10-4345-9a04-79b2834307e7/sm/snapshot.1_0 took: 2 ms
2023-06-29 22:13:19,580 [d2cb3656-736c-45ed-9177-765defc8baa4@group-79B2834307E7-StateMachineUpdater] INFO  impl.StateMachineUpdater (StateMachineUpdater.java:takeSnapshot(291)) - d2cb3656-736c-45ed-9177-765defc8baa4@group-79B2834307E7-StateMachineUpdater: Took a snapshot at index 0
2023-06-29 22:13:19,580 [d2cb3656-736c-45ed-9177-765defc8baa4@group-79B2834307E7-StateMachineUpdater] INFO  impl.StateMachineUpdater (StateMachineUpdater.java:lambda$new$0(97)) - d2cb3656-736c-45ed-9177-765defc8baa4@group-79B2834307E7-StateMachineUpdater: snapshotIndex: updateIncreasingly -1 -> 0
2023-06-29 22:13:19,580 [d2cb3656-736c-45ed-9177-765defc8baa4-impl-thread2] INFO  server.RaftServer$Division (ServerState.java:close(472)) - d2cb3656-736c-45ed-9177-765defc8baa4@group-79B2834307E7: closes. applyIndex: 0
2023-06-29 22:13:19,580 [d2cb3656-736c-45ed-9177-765defc8baa4-impl-thread3] INFO  server.RaftServer$Division (RaftServerImpl.java:lambda$close$4(466)) - d2cb3656-736c-45ed-9177-765defc8baa4@group-AA8E299D83D3: shutdown
2023-06-29 22:13:19,580 [d2cb3656-736c-45ed-9177-765defc8baa4-impl-thread3] INFO  util.JmxRegister (JmxRegister.java:unregister(73)) - Successfully un-registered JMX Bean with object name Ratis:service=RaftServer,group=group-AA8E299D83D3,id=d2cb3656-736c-45ed-9177-765defc8baa4
2023-06-29 22:13:19,580 [d2cb3656-736c-45ed-9177-765defc8baa4-impl-thread3] INFO  impl.RoleInfo (RoleInfo.java:shutdownLeaderState(93)) - d2cb3656-736c-45ed-9177-765defc8baa4: shutdown d2cb3656-736c-45ed-9177-765defc8baa4@group-AA8E299D83D3-LeaderStateImpl
2023-06-29 22:13:19,580 [ForkJoinPool.commonPool-worker-1] INFO  server.GrpcService (GrpcService.java:closeImpl(311)) - d2cb3656-736c-45ed-9177-765defc8baa4: shutdown server org.apache.ratis.grpc.server.GrpcClientProtocolService now
2023-06-29 22:13:19,582 [ForkJoinPool.commonPool-worker-0] INFO  server.GrpcService (GrpcService.java:closeImpl(320)) - 48be0ea8-46a6-4e80-b936-879c72e065d6: shutdown server org.apache.ratis.grpc.server.GrpcClientProtocolService successfully
2023-06-29 22:13:19,582 [ForkJoinPool.commonPool-worker-0] INFO  server.GrpcService (GrpcService.java:closeImpl(311)) - 48be0ea8-46a6-4e80-b936-879c72e065d6: shutdown server GrpcServerProtocolService now
2023-06-29 22:13:19,585 [d2cb3656-736c-45ed-9177-765defc8baa4-impl-thread4] INFO  server.RaftServer$Division (RaftServerImpl.java:lambda$close$4(466)) - d2cb3656-736c-45ed-9177-765defc8baa4@group-53A4DE1611EE: shutdown
2023-06-29 22:13:19,585 [d2cb3656-736c-45ed-9177-765defc8baa4-impl-thread4] INFO  util.JmxRegister (JmxRegister.java:unregister(73)) - Successfully un-registered JMX Bean with object name Ratis:service=RaftServer,group=group-53A4DE1611EE,id=d2cb3656-736c-45ed-9177-765defc8baa4
2023-06-29 22:13:19,585 [d2cb3656-736c-45ed-9177-765defc8baa4-impl-thread4] INFO  impl.RoleInfo (RoleInfo.java:shutdownFollowerState(110)) - d2cb3656-736c-45ed-9177-765defc8baa4: shutdown d2cb3656-736c-45ed-9177-765defc8baa4@group-53A4DE1611EE-FollowerState
2023-06-29 22:13:19,585 [d2cb3656-736c-45ed-9177-765defc8baa4@group-AA8E299D83D3->fe774388-89b0-43a1-8132-3e981ddd9c14-GrpcLogAppender-LogAppenderDaemon] WARN  server.GrpcLogAppender (GrpcLogAppender.java:mayWait(199)) - d2cb3656-736c-45ed-9177-765defc8baa4@group-AA8E299D83D3->fe774388-89b0-43a1-8132-3e981ddd9c14-GrpcLogAppender: Wait interrupted by java.lang.InterruptedException
2023-06-29 22:13:19,586 [fe774388-89b0-43a1-8132-3e981ddd9c14-impl-thread3] INFO  server.RaftServer$Division (ServerState.java:close(472)) - fe774388-89b0-43a1-8132-3e981ddd9c14@group-AA8E299D83D3: closes. applyIndex: 1222
2023-06-29 22:13:19,586 [fe774388-89b0-43a1-8132-3e981ddd9c14-impl-thread4] INFO  server.RaftServer$Division (ServerState.java:close(472)) - fe774388-89b0-43a1-8132-3e981ddd9c14@group-53A4DE1611EE: closes. applyIndex: 861
2023-06-29 22:13:19,589 [48be0ea8-46a6-4e80-b936-879c72e065d6-impl-thread4] INFO  server.RaftServer$Division (ServerState.java:close(472)) - 48be0ea8-46a6-4e80-b936-879c72e065d6@group-53A4DE1611EE: closes. applyIndex: 861
2023-06-29 22:13:19,590 [d2cb3656-736c-45ed-9177-765defc8baa4-impl-thread3] INFO  impl.PendingRequests (PendingRequests.java:sendNotLeaderResponses(289)) - d2cb3656-736c-45ed-9177-765defc8baa4@group-AA8E299D83D3-PendingRequests: sendNotLeaderResponses
2023-06-29 22:13:19,591 [d2cb3656-736c-45ed-9177-765defc8baa4@group-AA8E299D83D3->48be0ea8-46a6-4e80-b936-879c72e065d6-GrpcLogAppender-LogAppenderDaemon] WARN  server.GrpcLogAppender (GrpcLogAppender.java:mayWait(199)) - d2cb3656-736c-45ed-9177-765defc8baa4@group-AA8E299D83D3->48be0ea8-46a6-4e80-b936-879c72e065d6-GrpcLogAppender: Wait interrupted by java.lang.InterruptedException
2023-06-29 22:13:19,591 [d2cb3656-736c-45ed-9177-765defc8baa4-impl-thread4] INFO  impl.StateMachineUpdater (StateMachineUpdater.java:stopAndJoin(155)) - d2cb3656-736c-45ed-9177-765defc8baa4@group-53A4DE1611EE-StateMachineUpdater: set stopIndex = 861
2023-06-29 22:13:19,591 [d2cb3656-736c-45ed-9177-765defc8baa4@group-53A4DE1611EE-FollowerState] INFO  impl.FollowerState (FollowerState.java:run(152)) - d2cb3656-736c-45ed-9177-765defc8baa4@group-53A4DE1611EE-FollowerState was interrupted
2023-06-29 22:13:19,591 [d2cb3656-736c-45ed-9177-765defc8baa4@group-53A4DE1611EE-StateMachineUpdater] INFO  ratis.ContainerStateMachine (ContainerStateMachine.java:takeSnapshot(330)) - group-53A4DE1611EE: Taking a snapshot at:(t:1, i:861) file /home/runner/work/ozone/ozone/hadoop-ozone/integration-test/target/test-dir/MiniOzoneClusterImpl-ecb232db-3c23-47bf-871f-23bcde51c85c/datanode-2/data/ratis/60c550eb-c91e-4f73-bcc1-53a4de1611ee/sm/snapshot.1_861
2023-06-29 22:13:19,592 [48be0ea8-46a6-4e80-b936-879c72e065d6-impl-thread2] INFO  server.RaftServer$Division (ServerState.java:close(472)) - 48be0ea8-46a6-4e80-b936-879c72e065d6@group-AA8E299D83D3: closes. applyIndex: 1222
2023-06-29 22:13:19,593 [Thread-824] INFO  server.GrpcServerProtocolClient (GrpcServerProtocolClient.java:close(103)) - 48be0ea8-46a6-4e80-b936-879c72e065d6 Close channels
2023-06-29 22:13:19,593 [Thread-822] INFO  server.GrpcServerProtocolClient (GrpcServerProtocolClient.java:close(103)) - fe774388-89b0-43a1-8132-3e981ddd9c14 Close channels
2023-06-29 22:13:19,595 [grpc-default-executor-9] WARN  server.GrpcServerProtocolService (LogUtils.java:warn(122)) - 48be0ea8-46a6-4e80-b936-879c72e065d6: APPEND_ENTRIES onError, lastRequest: d2cb3656-736c-45ed-9177-765defc8baa4->48be0ea8-46a6-4e80-b936-879c72e065d6#1324-t1,previous=(t:1, i:1221),leaderCommit=1221,initializing? true,entries: size=1, first=(t:1, i:1222), METADATAENTRY(c:1221): org.apache.ratis.thirdparty.io.grpc.StatusRuntimeException: CANCELLED: client cancelled
2023-06-29 22:13:19,595 [d2cb3656-736c-45ed-9177-765defc8baa4@group-53A4DE1611EE-StateMachineUpdater] INFO  ratis.ContainerStateMachine (ContainerStateMachine.java:takeSnapshot(341)) - group-53A4DE1611EE: Finished taking a snapshot at:(t:1, i:861) file:/home/runner/work/ozone/ozone/hadoop-ozone/integration-test/target/test-dir/MiniOzoneClusterImpl-ecb232db-3c23-47bf-871f-23bcde51c85c/datanode-2/data/ratis/60c550eb-c91e-4f73-bcc1-53a4de1611ee/sm/snapshot.1_861 took: 4 ms
2023-06-29 22:13:19,595 [grpc-default-executor-10] WARN  server.GrpcServerProtocolService (LogUtils.java:warn(122)) - 48be0ea8-46a6-4e80-b936-879c72e065d6: APPEND_ENTRIES onError, lastRequest: null: org.apache.ratis.thirdparty.io.grpc.StatusRuntimeException: CANCELLED: client cancelled
2023-06-29 22:13:19,595 [d2cb3656-736c-45ed-9177-765defc8baa4@group-53A4DE1611EE-StateMachineUpdater] INFO  impl.StateMachineUpdater (StateMachineUpdater.java:takeSnapshot(291)) - d2cb3656-736c-45ed-9177-765defc8baa4@group-53A4DE1611EE-StateMachineUpdater: Took a snapshot at index 861
2023-06-29 22:13:19,595 [d2cb3656-736c-45ed-9177-765defc8baa4@group-53A4DE1611EE-StateMachineUpdater] INFO  impl.StateMachineUpdater (StateMachineUpdater.java:lambda$new$0(97)) - d2cb3656-736c-45ed-9177-765defc8baa4@group-53A4DE1611EE-StateMachineUpdater: snapshotIndex: updateIncreasingly -1 -> 861
2023-06-29 22:13:19,595 [d2cb3656-736c-45ed-9177-765defc8baa4-impl-thread4] INFO  server.RaftServer$Division (ServerState.java:close(472)) - d2cb3656-736c-45ed-9177-765defc8baa4@group-53A4DE1611EE: closes. applyIndex: 861
2023-06-29 22:13:19,598 [d2cb3656-736c-45ed-9177-765defc8baa4-impl-thread3] INFO  impl.StateMachineUpdater (StateMachineUpdater.java:stopAndJoin(155)) - d2cb3656-736c-45ed-9177-765defc8baa4@group-AA8E299D83D3-StateMachineUpdater: set stopIndex = 1222
2023-06-29 22:13:19,599 [d2cb3656-736c-45ed-9177-765defc8baa4@group-AA8E299D83D3-StateMachineUpdater] INFO  ratis.ContainerStateMachine (ContainerStateMachine.java:takeSnapshot(330)) - group-AA8E299D83D3: Taking a snapshot at:(t:1, i:1222) file /home/runner/work/ozone/ozone/hadoop-ozone/integration-test/target/test-dir/MiniOzoneClusterImpl-ecb232db-3c23-47bf-871f-23bcde51c85c/datanode-2/data/ratis/d220e5b9-ae7c-41b7-8547-aa8e299d83d3/sm/snapshot.1_1222
2023-06-29 22:13:19,600 [ForkJoinPool.commonPool-worker-0] INFO  server.GrpcService (GrpcService.java:closeImpl(320)) - 48be0ea8-46a6-4e80-b936-879c72e065d6: shutdown server GrpcServerProtocolService successfully
2023-06-29 22:13:19,600 [ForkJoinPool.commonPool-worker-0] INFO  server.GrpcService (GrpcService.java:closeImpl(311)) - 48be0ea8-46a6-4e80-b936-879c72e065d6: shutdown server org.apache.ratis.grpc.server.GrpcAdminProtocolService now
2023-06-29 22:13:19,601 [grpc-default-executor-8] INFO  server.GrpcLogAppender (GrpcLogAppender.java:onError(417)) - d2cb3656-736c-45ed-9177-765defc8baa4@group-AA8E299D83D3->48be0ea8-46a6-4e80-b936-879c72e065d6-GrpcLogAppender is already stopped
2023-06-29 22:13:19,601 [grpc-default-executor-7] INFO  server.GrpcLogAppender (GrpcLogAppender.java:onError(417)) - d2cb3656-736c-45ed-9177-765defc8baa4@group-AA8E299D83D3->48be0ea8-46a6-4e80-b936-879c72e065d6-GrpcLogAppender is already stopped
2023-06-29 22:13:19,601 [ForkJoinPool.commonPool-worker-1] INFO  server.GrpcService (GrpcService.java:closeImpl(320)) - d2cb3656-736c-45ed-9177-765defc8baa4: shutdown server org.apache.ratis.grpc.server.GrpcClientProtocolService successfully
2023-06-29 22:13:19,601 [ForkJoinPool.commonPool-worker-1] INFO  server.GrpcService (GrpcService.java:closeImpl(311)) - d2cb3656-736c-45ed-9177-765defc8baa4: shutdown server GrpcServerProtocolService now
2023-06-29 22:13:19,602 [d2cb3656-736c-45ed-9177-765defc8baa4@group-AA8E299D83D3-StateMachineUpdater] INFO  ratis.ContainerStateMachine (ContainerStateMachine.java:takeSnapshot(341)) - group-AA8E299D83D3: Finished taking a snapshot at:(t:1, i:1222) file:/home/runner/work/ozone/ozone/hadoop-ozone/integration-test/target/test-dir/MiniOzoneClusterImpl-ecb232db-3c23-47bf-871f-23bcde51c85c/datanode-2/data/ratis/d220e5b9-ae7c-41b7-8547-aa8e299d83d3/sm/snapshot.1_1222 took: 3 ms
2023-06-29 22:13:19,602 [d2cb3656-736c-45ed-9177-765defc8baa4@group-AA8E299D83D3-StateMachineUpdater] INFO  impl.StateMachineUpdater (StateMachineUpdater.java:takeSnapshot(291)) - d2cb3656-736c-45ed-9177-765defc8baa4@group-AA8E299D83D3-StateMachineUpdater: Took a snapshot at index 1222
2023-06-29 22:13:19,602 [d2cb3656-736c-45ed-9177-765defc8baa4@group-AA8E299D83D3-StateMachineUpdater] INFO  impl.StateMachineUpdater (StateMachineUpdater.java:lambda$new$0(97)) - d2cb3656-736c-45ed-9177-765defc8baa4@group-AA8E299D83D3-StateMachineUpdater: snapshotIndex: updateIncreasingly -1 -> 1222
2023-06-29 22:13:19,611 [ForkJoinPool.commonPool-worker-0] INFO  server.GrpcService (GrpcService.java:closeImpl(320)) - 48be0ea8-46a6-4e80-b936-879c72e065d6: shutdown server org.apache.ratis.grpc.server.GrpcAdminProtocolService successfully
2023-06-29 22:13:19,612 [d2cb3656-736c-45ed-9177-765defc8baa4-impl-thread3] INFO  server.RaftServer$Division (ServerState.java:close(472)) - d2cb3656-736c-45ed-9177-765defc8baa4@group-AA8E299D83D3: closes. applyIndex: 1222
2023-06-29 22:13:19,612 [48be0ea8-46a6-4e80-b936-879c72e065d6-NettyServerStreamRpc-bossGroup--thread1] INFO  logging.LoggingHandler (AbstractInternalLogger.java:log(148)) - [id: 0x16123c10, L:/0:0:0:0:0:0:0:0:15015] CLOSE
2023-06-29 22:13:19,612 [48be0ea8-46a6-4e80-b936-879c72e065d6-NettyServerStreamRpc-bossGroup--thread1] INFO  logging.LoggingHandler (AbstractInternalLogger.java:log(148)) - [id: 0x16123c10, L:/0:0:0:0:0:0:0:0:15015] INACTIVE
2023-06-29 22:13:19,612 [48be0ea8-46a6-4e80-b936-879c72e065d6-NettyServerStreamRpc-bossGroup--thread1] INFO  logging.LoggingHandler (AbstractInternalLogger.java:log(148)) - [id: 0x16123c10, L:/0:0:0:0:0:0:0:0:15015] UNREGISTERED
2023-06-29 22:13:19,614 [ForkJoinPool.commonPool-worker-1] INFO  server.GrpcService (GrpcService.java:closeImpl(320)) - d2cb3656-736c-45ed-9177-765defc8baa4: shutdown server GrpcServerProtocolService successfully
2023-06-29 22:13:19,614 [ForkJoinPool.commonPool-worker-1] INFO  server.GrpcService (GrpcService.java:closeImpl(311)) - d2cb3656-736c-45ed-9177-765defc8baa4: shutdown server org.apache.ratis.grpc.server.GrpcAdminProtocolService now
2023-06-29 22:13:19,638 [ForkJoinPool.commonPool-worker-1] INFO  server.GrpcService (GrpcService.java:closeImpl(320)) - d2cb3656-736c-45ed-9177-765defc8baa4: shutdown server org.apache.ratis.grpc.server.GrpcAdminProtocolService successfully
2023-06-29 22:13:19,639 [d2cb3656-736c-45ed-9177-765defc8baa4-NettyServerStreamRpc-bossGroup--thread1] INFO  logging.LoggingHandler (AbstractInternalLogger.java:log(148)) - [id: 0x458add0e, L:/0:0:0:0:0:0:0:0:15033] CLOSE
2023-06-29 22:13:19,639 [d2cb3656-736c-45ed-9177-765defc8baa4-NettyServerStreamRpc-bossGroup--thread1] INFO  logging.LoggingHandler (AbstractInternalLogger.java:log(148)) - [id: 0x458add0e, L:/0:0:0:0:0:0:0:0:15033] INACTIVE
2023-06-29 22:13:19,639 [d2cb3656-736c-45ed-9177-765defc8baa4-NettyServerStreamRpc-bossGroup--thread1] INFO  logging.LoggingHandler (AbstractInternalLogger.java:log(148)) - [id: 0x458add0e, L:/0:0:0:0:0:0:0:0:15033] UNREGISTERED
2023-06-29 22:13:19,946 [48be0ea8-46a6-4e80-b936-879c72e065d6-impl-thread3] INFO  segmented.SegmentedRaftLogWorker (SegmentedRaftLogWorker.java:close(252)) - 48be0ea8-46a6-4e80-b936-879c72e065d6@group-12AE4BFA76DF-SegmentedRaftLogWorker close()
2023-06-29 22:13:20,050 [d2cb3656-736c-45ed-9177-765defc8baa4-impl-thread2] INFO  segmented.SegmentedRaftLogWorker (SegmentedRaftLogWorker.java:close(252)) - d2cb3656-736c-45ed-9177-765defc8baa4@group-79B2834307E7-SegmentedRaftLogWorker close()
2023-06-29 22:13:20,064 [48be0ea8-46a6-4e80-b936-879c72e065d6-impl-thread4] INFO  segmented.SegmentedRaftLogWorker (SegmentedRaftLogWorker.java:close(252)) - 48be0ea8-46a6-4e80-b936-879c72e065d6@group-53A4DE1611EE-SegmentedRaftLogWorker close()
2023-06-29 22:13:20,076 [fe774388-89b0-43a1-8132-3e981ddd9c14-impl-thread4] INFO  segmented.SegmentedRaftLogWorker (SegmentedRaftLogWorker.java:close(252)) - fe774388-89b0-43a1-8132-3e981ddd9c14@group-53A4DE1611EE-SegmentedRaftLogWorker close()
2023-06-29 22:13:20,077 [d2cb3656-736c-45ed-9177-765defc8baa4-impl-thread4] INFO  segmented.SegmentedRaftLogWorker (SegmentedRaftLogWorker.java:close(252)) - d2cb3656-736c-45ed-9177-765defc8baa4@group-53A4DE1611EE-SegmentedRaftLogWorker close()
2023-06-29 22:13:20,431 [d2cb3656-736c-45ed-9177-765defc8baa4-impl-thread3] INFO  segmented.SegmentedRaftLogWorker (SegmentedRaftLogWorker.java:close(252)) - d2cb3656-736c-45ed-9177-765defc8baa4@group-AA8E299D83D3-SegmentedRaftLogWorker close()
2023-06-29 22:13:20,432 [JvmPauseMonitor4] INFO  util.JvmPauseMonitor (JvmPauseMonitor.java:run(109)) - JvmPauseMonitor-d2cb3656-736c-45ed-9177-765defc8baa4: Stopped
2023-06-29 22:13:20,441 [48be0ea8-46a6-4e80-b936-879c72e065d6-impl-thread2] INFO  segmented.SegmentedRaftLogWorker (SegmentedRaftLogWorker.java:close(252)) - 48be0ea8-46a6-4e80-b936-879c72e065d6@group-AA8E299D83D3-SegmentedRaftLogWorker close()
2023-06-29 22:13:20,442 [JvmPauseMonitor2] INFO  util.JvmPauseMonitor (JvmPauseMonitor.java:run(109)) - JvmPauseMonitor-48be0ea8-46a6-4e80-b936-879c72e065d6: Stopped
2023-06-29 22:13:20,442 [fe774388-89b0-43a1-8132-3e981ddd9c14-impl-thread3] INFO  segmented.SegmentedRaftLogWorker (SegmentedRaftLogWorker.java:close(252)) - fe774388-89b0-43a1-8132-3e981ddd9c14@group-AA8E299D83D3-SegmentedRaftLogWorker close()
2023-06-29 22:13:20,513 [fe774388-89b0-43a1-8132-3e981ddd9c14-impl-thread2] INFO  segmented.SegmentedRaftLogWorker (SegmentedRaftLogWorker.java:close(252)) - fe774388-89b0-43a1-8132-3e981ddd9c14@group-37708F06EBE6-SegmentedRaftLogWorker close()
2023-06-29 22:13:20,513 [JvmPauseMonitor3] INFO  util.JvmPauseMonitor (JvmPauseMonitor.java:run(109)) - JvmPauseMonitor-fe774388-89b0-43a1-8132-3e981ddd9c14: Stopped
2023-06-29 22:13:22,451 [ForkJoinPool.commonPool-worker-1] INFO  utils.DatanodeStoreCache (DatanodeStoreCache.java:shutdownCache(110)) - Skip clearing cache in mini cluster mode. Entries left: [/home/runner/work/ozone/ozone/hadoop-ozone/integration-test/target/test-dir/MiniOzoneClusterImpl-ecb232db-3c23-47bf-871f-23bcde51c85c/datanode-0/data-0/containers/hdds/ecb232db-3c23-47bf-871f-23bcde51c85c/DS-a00d064b-dc34-45d4-bc7a-4e7f1d3d45ea/container.db, /home/runner/work/ozone/ozone/hadoop-ozone/integration-test/target/test-dir/MiniOzoneClusterImpl-ecb232db-3c23-47bf-871f-23bcde51c85c/datanode-1/data-0/containers/hdds/ecb232db-3c23-47bf-871f-23bcde51c85c/DS-f6e2a2f7-822e-4c86-935d-04869529d45e/container.db, /home/runner/work/ozone/ozone/hadoop-ozone/integration-test/target/test-dir/MiniOzoneClusterImpl-ecb232db-3c23-47bf-871f-23bcde51c85c/datanode-2/data-0/containers/hdds/ecb232db-3c23-47bf-871f-23bcde51c85c/DS-c99ed2b6-ffa4-4330-9a05-a5064485fd68/container.db]
2023-06-29 22:13:22,451 [ForkJoinPool.commonPool-worker-0] INFO  utils.DatanodeStoreCache (DatanodeStoreCache.java:shutdownCache(110)) - Skip clearing cache in mini cluster mode. Entries left: [/home/runner/work/ozone/ozone/hadoop-ozone/integration-test/target/test-dir/MiniOzoneClusterImpl-ecb232db-3c23-47bf-871f-23bcde51c85c/datanode-0/data-0/containers/hdds/ecb232db-3c23-47bf-871f-23bcde51c85c/DS-a00d064b-dc34-45d4-bc7a-4e7f1d3d45ea/container.db, /home/runner/work/ozone/ozone/hadoop-ozone/integration-test/target/test-dir/MiniOzoneClusterImpl-ecb232db-3c23-47bf-871f-23bcde51c85c/datanode-1/data-0/containers/hdds/ecb232db-3c23-47bf-871f-23bcde51c85c/DS-f6e2a2f7-822e-4c86-935d-04869529d45e/container.db, /home/runner/work/ozone/ozone/hadoop-ozone/integration-test/target/test-dir/MiniOzoneClusterImpl-ecb232db-3c23-47bf-871f-23bcde51c85c/datanode-2/data-0/containers/hdds/ecb232db-3c23-47bf-871f-23bcde51c85c/DS-c99ed2b6-ffa4-4330-9a05-a5064485fd68/container.db]
2023-06-29 22:13:22,462 [ForkJoinPool.commonPool-worker-0] INFO  utils.DatanodeStoreCache (DatanodeStoreCache.java:removeDB(104)) - Removed db /home/runner/work/ozone/ozone/hadoop-ozone/integration-test/target/test-dir/MiniOzoneClusterImpl-ecb232db-3c23-47bf-871f-23bcde51c85c/datanode-0/data-0/containers/hdds/ecb232db-3c23-47bf-871f-23bcde51c85c/DS-a00d064b-dc34-45d4-bc7a-4e7f1d3d45ea/container.db from cache
2023-06-29 22:13:22,462 [ForkJoinPool.commonPool-worker-0] INFO  volume.HddsVolume (HddsVolume.java:closeDbStore(509)) - SchemaV3 db is stopped at /home/runner/work/ozone/ozone/hadoop-ozone/integration-test/target/test-dir/MiniOzoneClusterImpl-ecb232db-3c23-47bf-871f-23bcde51c85c/datanode-0/data-0/containers/hdds/ecb232db-3c23-47bf-871f-23bcde51c85c/DS-a00d064b-dc34-45d4-bc7a-4e7f1d3d45ea/container.db for volume DS-a00d064b-dc34-45d4-bc7a-4e7f1d3d45ea
2023-06-29 22:13:22,463 [ForkJoinPool.commonPool-worker-0] INFO  utils.BackgroundService (BackgroundService.java:shutdown(141)) - Shutting down service BlockDeletingService
2023-06-29 22:13:22,464 [ForkJoinPool.commonPool-worker-0] INFO  utils.BackgroundService (BackgroundService.java:shutdown(141)) - Shutting down service StaleRecoveringContainerScrubbingService
2023-06-29 22:13:22,466 [ForkJoinPool.commonPool-worker-1] INFO  utils.DatanodeStoreCache (DatanodeStoreCache.java:removeDB(104)) - Removed db /home/runner/work/ozone/ozone/hadoop-ozone/integration-test/target/test-dir/MiniOzoneClusterImpl-ecb232db-3c23-47bf-871f-23bcde51c85c/datanode-2/data-0/containers/hdds/ecb232db-3c23-47bf-871f-23bcde51c85c/DS-c99ed2b6-ffa4-4330-9a05-a5064485fd68/container.db from cache
2023-06-29 22:13:22,467 [ForkJoinPool.commonPool-worker-1] INFO  volume.HddsVolume (HddsVolume.java:closeDbStore(509)) - SchemaV3 db is stopped at /home/runner/work/ozone/ozone/hadoop-ozone/integration-test/target/test-dir/MiniOzoneClusterImpl-ecb232db-3c23-47bf-871f-23bcde51c85c/datanode-2/data-0/containers/hdds/ecb232db-3c23-47bf-871f-23bcde51c85c/DS-c99ed2b6-ffa4-4330-9a05-a5064485fd68/container.db for volume DS-c99ed2b6-ffa4-4330-9a05-a5064485fd68
2023-06-29 22:13:22,467 [ForkJoinPool.commonPool-worker-0] INFO  statemachine.DatanodeStateMachine (DatanodeStateMachine.java:stopDaemon(613)) - Ozone container server stopped.
2023-06-29 22:13:22,467 [ForkJoinPool.commonPool-worker-1] INFO  utils.BackgroundService (BackgroundService.java:shutdown(141)) - Shutting down service BlockDeletingService
2023-06-29 22:13:22,479 [ForkJoinPool.commonPool-worker-1] INFO  utils.BackgroundService (BackgroundService.java:shutdown(141)) - Shutting down service StaleRecoveringContainerScrubbingService
2023-06-29 22:13:22,479 [ForkJoinPool.commonPool-worker-1] INFO  statemachine.DatanodeStateMachine (DatanodeStateMachine.java:stopDaemon(613)) - Ozone container server stopped.
2023-06-29 22:13:22,491 [ForkJoinPool.commonPool-worker-1] INFO  handler.ContextHandler (ContextHandler.java:doStop(1159)) - Stopped o.e.j.w.WebAppContext@6a279d9e{hddsDatanode,/,null,STOPPED}{jar:file:/home/runner/.m2/repository/org/apache/ozone/hdds-container-service/1.4.0-SNAPSHOT/hdds-container-service-1.4.0-SNAPSHOT.jar!/webapps/hddsDatanode}
2023-06-29 22:13:22,492 [ForkJoinPool.commonPool-worker-1] INFO  server.AbstractConnector (AbstractConnector.java:doStop(383)) - Stopped ServerConnector@1d9edbad{HTTP/1.1, (http/1.1)}{0.0.0.0:15027}
2023-06-29 22:13:22,492 [ForkJoinPool.commonPool-worker-1] INFO  server.session (HouseKeeper.java:stopScavenging(149)) - node0 Stopped scavenging
2023-06-29 22:13:22,494 [ForkJoinPool.commonPool-worker-0] INFO  handler.ContextHandler (ContextHandler.java:doStop(1159)) - Stopped o.e.j.w.WebAppContext@1191c0d7{hddsDatanode,/,null,STOPPED}{jar:file:/home/runner/.m2/repository/org/apache/ozone/hdds-container-service/1.4.0-SNAPSHOT/hdds-container-service-1.4.0-SNAPSHOT.jar!/webapps/hddsDatanode}
2023-06-29 22:13:22,494 [ForkJoinPool.commonPool-worker-0] INFO  server.AbstractConnector (AbstractConnector.java:doStop(383)) - Stopped ServerConnector@6f8922c0{HTTP/1.1, (http/1.1)}{0.0.0.0:15009}
2023-06-29 22:13:22,494 [ForkJoinPool.commonPool-worker-0] INFO  server.session (HouseKeeper.java:stopScavenging(149)) - node0 Stopped scavenging
2023-06-29 22:13:22,495 [ForkJoinPool.commonPool-worker-0] INFO  handler.ContextHandler (ContextHandler.java:doStop(1159)) - Stopped o.e.j.s.ServletContextHandler@742ff968{static,/static,jar:file:/home/runner/.m2/repository/org/apache/ozone/hdds-container-service/1.4.0-SNAPSHOT/hdds-container-service-1.4.0-SNAPSHOT.jar!/webapps/static,STOPPED}
2023-06-29 22:13:22,495 [ForkJoinPool.commonPool-worker-1] INFO  handler.ContextHandler (ContextHandler.java:doStop(1159)) - Stopped o.e.j.s.ServletContextHandler@d5196fc{static,/static,jar:file:/home/runner/.m2/repository/org/apache/ozone/hdds-container-service/1.4.0-SNAPSHOT/hdds-container-service-1.4.0-SNAPSHOT.jar!/webapps/static,STOPPED}
2023-06-29 22:13:22,495 [ForkJoinPool.commonPool-worker-0] INFO  handler.ContextHandler (ContextHandler.java:doStop(1159)) - Stopped o.e.j.s.ServletContextHandler@3c546124{logs,/logs,file:///home/runner/work/ozone/ozone/hadoop-ozone/integration-test/target/log,STOPPED}
2023-06-29 22:13:22,496 [ForkJoinPool.commonPool-worker-1] INFO  handler.ContextHandler (ContextHandler.java:doStop(1159)) - Stopped o.e.j.s.ServletContextHandler@2d80cec3{logs,/logs,file:///home/runner/work/ozone/ozone/hadoop-ozone/integration-test/target/log,STOPPED}
2023-06-29 22:13:22,497 [ForkJoinPool.commonPool-worker-1] INFO  ozone.HddsDatanodeClientProtocolServer (HddsDatanodeClientProtocolServer.java:stop(78)) - Stopping the RPC server for Client Protocol
2023-06-29 22:13:22,498 [ForkJoinPool.commonPool-worker-1] INFO  ipc.Server (Server.java:stop(3523)) - Stopping server on 15028
2023-06-29 22:13:22,498 [IPC Server listener on 15028] INFO  ipc.Server (Server.java:run(1434)) - Stopping IPC Server listener on 15028
2023-06-29 22:13:22,499 [IPC Server Responder] INFO  ipc.Server (Server.java:run(1567)) - Stopping IPC Server Responder
2023-06-29 22:13:22,498 [ForkJoinPool.commonPool-worker-0] INFO  ozone.HddsDatanodeClientProtocolServer (HddsDatanodeClientProtocolServer.java:stop(78)) - Stopping the RPC server for Client Protocol
2023-06-29 22:13:22,500 [ForkJoinPool.commonPool-worker-0] INFO  ipc.Server (Server.java:stop(3523)) - Stopping server on 15010
2023-06-29 22:13:22,502 [IPC Server listener on 15010] INFO  ipc.Server (Server.java:run(1434)) - Stopping IPC Server listener on 15010
2023-06-29 22:13:22,502 [IPC Server Responder] INFO  ipc.Server (Server.java:run(1567)) - Stopping IPC Server Responder
2023-06-29 22:13:22,518 [main] INFO  utils.DatanodeStoreCache (DatanodeStoreCache.java:shutdownCache(110)) - Skip clearing cache in mini cluster mode. Entries left: [/home/runner/work/ozone/ozone/hadoop-ozone/integration-test/target/test-dir/MiniOzoneClusterImpl-ecb232db-3c23-47bf-871f-23bcde51c85c/datanode-1/data-0/containers/hdds/ecb232db-3c23-47bf-871f-23bcde51c85c/DS-f6e2a2f7-822e-4c86-935d-04869529d45e/container.db]
2023-06-29 22:13:22,519 [main] INFO  utils.DatanodeStoreCache (DatanodeStoreCache.java:removeDB(104)) - Removed db /home/runner/work/ozone/ozone/hadoop-ozone/integration-test/target/test-dir/MiniOzoneClusterImpl-ecb232db-3c23-47bf-871f-23bcde51c85c/datanode-1/data-0/containers/hdds/ecb232db-3c23-47bf-871f-23bcde51c85c/DS-f6e2a2f7-822e-4c86-935d-04869529d45e/container.db from cache
2023-06-29 22:13:22,519 [main] INFO  volume.HddsVolume (HddsVolume.java:closeDbStore(509)) - SchemaV3 db is stopped at /home/runner/work/ozone/ozone/hadoop-ozone/integration-test/target/test-dir/MiniOzoneClusterImpl-ecb232db-3c23-47bf-871f-23bcde51c85c/datanode-1/data-0/containers/hdds/ecb232db-3c23-47bf-871f-23bcde51c85c/DS-f6e2a2f7-822e-4c86-935d-04869529d45e/container.db for volume DS-f6e2a2f7-822e-4c86-935d-04869529d45e
2023-06-29 22:13:22,519 [main] INFO  utils.BackgroundService (BackgroundService.java:shutdown(141)) - Shutting down service BlockDeletingService
2023-06-29 22:13:22,520 [main] INFO  utils.BackgroundService (BackgroundService.java:shutdown(141)) - Shutting down service StaleRecoveringContainerScrubbingService
2023-06-29 22:13:22,520 [main] INFO  statemachine.DatanodeStateMachine (DatanodeStateMachine.java:stopDaemon(613)) - Ozone container server stopped.
2023-06-29 22:13:22,530 [main] INFO  handler.ContextHandler (ContextHandler.java:doStop(1159)) - Stopped o.e.j.w.WebAppContext@1c66dd51{hddsDatanode,/,null,STOPPED}{jar:file:/home/runner/.m2/repository/org/apache/ozone/hdds-container-service/1.4.0-SNAPSHOT/hdds-container-service-1.4.0-SNAPSHOT.jar!/webapps/hddsDatanode}
2023-06-29 22:13:22,531 [main] INFO  server.AbstractConnector (AbstractConnector.java:doStop(383)) - Stopped ServerConnector@10a2f485{HTTP/1.1, (http/1.1)}{0.0.0.0:15018}
2023-06-29 22:13:22,531 [main] INFO  server.session (HouseKeeper.java:stopScavenging(149)) - node0 Stopped scavenging
2023-06-29 22:13:22,532 [main] INFO  handler.ContextHandler (ContextHandler.java:doStop(1159)) - Stopped o.e.j.s.ServletContextHandler@410e2efc{static,/static,jar:file:/home/runner/.m2/repository/org/apache/ozone/hdds-container-service/1.4.0-SNAPSHOT/hdds-container-service-1.4.0-SNAPSHOT.jar!/webapps/static,STOPPED}
2023-06-29 22:13:22,532 [main] INFO  handler.ContextHandler (ContextHandler.java:doStop(1159)) - Stopped o.e.j.s.ServletContextHandler@3d70ecb6{logs,/logs,file:///home/runner/work/ozone/ozone/hadoop-ozone/integration-test/target/log,STOPPED}
2023-06-29 22:13:22,532 [main] INFO  ozone.HddsDatanodeClientProtocolServer (HddsDatanodeClientProtocolServer.java:stop(78)) - Stopping the RPC server for Client Protocol
2023-06-29 22:13:22,532 [main] INFO  ipc.Server (Server.java:stop(3523)) - Stopping server on 15019
2023-06-29 22:13:22,533 [IPC Server listener on 15019] INFO  ipc.Server (Server.java:run(1434)) - Stopping IPC Server listener on 15019
2023-06-29 22:13:22,533 [IPC Server Responder] INFO  ipc.Server (Server.java:run(1567)) - Stopping IPC Server Responder
2023-06-29 22:13:22,534 [main] INFO  ozone.MiniOzoneClusterImpl (MiniOzoneClusterImpl.java:stopSCM(543)) - Stopping the StorageContainerManager
2023-06-29 22:13:22,534 [main] INFO  server.StorageContainerManager (StorageContainerManager.java:stop(1596)) - Container Balancer is not running.
2023-06-29 22:13:22,534 [main] INFO  server.StorageContainerManager (StorageContainerManager.java:stopReplicationManager(1729)) - Stopping Replication Manager Service.
2023-06-29 22:13:22,534 [main] INFO  replication.ReplicationManager (ReplicationManager.java:stop(319)) - Stopping Replication Monitor Thread.
2023-06-29 22:13:22,535 [Under Replicated Processor] WARN  replication.UnhealthyReplicationProcessor (UnhealthyReplicationProcessor.java:run(180)) - Under Replicated Processor interrupted. Exiting...
2023-06-29 22:13:22,535 [Over Replicated Processor] WARN  replication.UnhealthyReplicationProcessor (UnhealthyReplicationProcessor.java:run(180)) - Over Replicated Processor interrupted. Exiting...
2023-06-29 22:13:22,535 [ReplicationMonitor] INFO  replication.ReplicationManager (ReplicationManager.java:run(917)) - Replication Monitor Thread is stopped
2023-06-29 22:13:22,535 [main] INFO  server.StorageContainerManager (StorageContainerManager.java:stop(1605)) - Stopping the Datanode Admin Monitor.
2023-06-29 22:13:22,535 [main] INFO  server.StorageContainerManager (StorageContainerManager.java:stop(1612)) - Stopping datanode service RPC server
2023-06-29 22:13:22,535 [main] INFO  server.SCMDatanodeProtocolServer (SCMDatanodeProtocolServer.java:stop(424)) - Stopping the RPC server for DataNodes
2023-06-29 22:13:22,535 [main] INFO  ipc.Server (Server.java:stop(3523)) - Stopping server on 15002
2023-06-29 22:13:22,536 [IPC Server listener on 15002] INFO  ipc.Server (Server.java:run(1434)) - Stopping IPC Server listener on 15002
2023-06-29 22:13:22,538 [IPC Server Responder] INFO  ipc.Server (Server.java:run(1567)) - Stopping IPC Server Responder
2023-06-29 22:13:22,610 [SCM Heartbeat Processing Thread - 0] WARN  node.NodeStateManager (NodeStateManager.java:scheduleNextHealthCheck(874)) - Current Thread is interrupted, shutting down HB processing thread for Node Manager.
2023-06-29 22:13:22,610 [main] INFO  server.StorageContainerManager (StorageContainerManager.java:stop(1620)) - Stopping block service RPC server
2023-06-29 22:13:22,610 [main] INFO  server.SCMBlockProtocolServer (SCMBlockProtocolServer.java:stop(161)) - Stopping the RPC server for Block Protocol
2023-06-29 22:13:22,610 [main] INFO  ipc.Server (Server.java:stop(3523)) - Stopping server on 15001
2023-06-29 22:13:22,611 [IPC Server listener on 15001] INFO  ipc.Server (Server.java:run(1434)) - Stopping IPC Server listener on 15001
2023-06-29 22:13:22,613 [IPC Server Responder] INFO  ipc.Server (Server.java:run(1567)) - Stopping IPC Server Responder
2023-06-29 22:13:22,613 [main] INFO  server.StorageContainerManager (StorageContainerManager.java:stop(1627)) - Stopping the StorageContainerLocationProtocol RPC server
2023-06-29 22:13:22,613 [main] INFO  server.SCMClientProtocolServer (SCMClientProtocolServer.java:stop(209)) - Stopping the RPC server for Client Protocol
2023-06-29 22:13:22,613 [main] INFO  ipc.Server (Server.java:stop(3523)) - Stopping server on 15000
2023-06-29 22:13:22,614 [IPC Server listener on 15000] INFO  ipc.Server (Server.java:run(1434)) - Stopping IPC Server listener on 15000
2023-06-29 22:13:22,614 [IPC Server Responder] INFO  ipc.Server (Server.java:run(1567)) - Stopping IPC Server Responder
2023-06-29 22:13:22,615 [main] INFO  server.StorageContainerManager (StorageContainerManager.java:stop(1634)) - Stopping Storage Container Manager HTTP server.
2023-06-29 22:13:22,615 [main] INFO  handler.ContextHandler (ContextHandler.java:doStop(1159)) - Stopped o.e.j.w.WebAppContext@123fd460{scm,/,null,STOPPED}{file:/home/runner/work/ozone/ozone/hadoop-ozone/integration-test/target/test-classes/webapps/scm}
2023-06-29 22:13:22,616 [main] INFO  server.AbstractConnector (AbstractConnector.java:doStop(383)) - Stopped ServerConnector@435848de{HTTP/1.1, (http/1.1)}{0.0.0.0:15003}
2023-06-29 22:13:22,616 [main] INFO  server.session (HouseKeeper.java:stopScavenging(149)) - node0 Stopped scavenging
2023-06-29 22:13:22,617 [main] INFO  handler.ContextHandler (ContextHandler.java:doStop(1159)) - Stopped o.e.j.s.ServletContextHandler@3670af2b{static,/static,file:///home/runner/work/ozone/ozone/hadoop-ozone/integration-test/target/test-classes/webapps/static,STOPPED}
2023-06-29 22:13:22,617 [main] INFO  handler.ContextHandler (ContextHandler.java:doStop(1159)) - Stopped o.e.j.s.ServletContextHandler@24c94e95{logs,/logs,file:///home/runner/work/ozone/ozone/hadoop-ozone/integration-test/target/log,STOPPED}
2023-06-29 22:13:22,618 [main] INFO  server.StorageContainerManager (StorageContainerManager.java:stop(1642)) - Stopping SCM LayoutVersionManager Service.
2023-06-29 22:13:22,618 [main] INFO  server.StorageContainerManager (StorageContainerManager.java:stop(1654)) - Stopping Block Manager Service.
2023-06-29 22:13:22,618 [main] INFO  utils.BackgroundService (BackgroundService.java:shutdown(141)) - Shutting down service SCMBlockDeletingService
2023-06-29 22:13:22,618 [main] INFO  utils.BackgroundService (BackgroundService.java:shutdown(141)) - Shutting down service SCMBlockDeletingService
2023-06-29 22:13:22,619 [main] INFO  server.StorageContainerManager (StorageContainerManager.java:stop(1674)) - Stopping SCM Event Queue.
2023-06-29 22:13:22,622 [JvmPauseMonitor0] INFO  util.JvmPauseMonitor (JvmPauseMonitor.java:run(109)) - JvmPauseMonitor-01c8d2a9-440b-4c80-b099-efcbe039f486: Stopped
2023-06-29 22:13:22,622 [main] INFO  server.StorageContainerManager (StorageContainerManager.java:stop(1685)) - Stopping SCM HA services.
2023-06-29 22:13:22,622 [main] INFO  pipeline.BackgroundPipelineCreator (BackgroundPipelineCreator.java:stop(149)) - Stopping RatisPipelineUtilsThread.
2023-06-29 22:13:22,622 [RatisPipelineUtilsThread - 0] WARN  pipeline.BackgroundPipelineCreator (BackgroundPipelineCreator.java:run(180)) - RatisPipelineUtilsThread is interrupted.
2023-06-29 22:13:22,622 [BackgroundPipelineScrubberThread] WARN  BackgroundPipelineScrubber (BackgroundSCMService.java:run(115)) - BackgroundPipelineScrubber is interrupted, exit
2023-06-29 22:13:22,622 [main] INFO  BackgroundPipelineScrubber (BackgroundSCMService.java:stop(131)) - Stopping BackgroundPipelineScrubber Service.
2023-06-29 22:13:22,623 [main] INFO  impl.MetricsSystemImpl (MetricsSystemImpl.java:stop(210)) - Stopping XceiverClientMetrics metrics system...
2023-06-29 22:13:22,624 [prometheus] INFO  impl.MetricsSinkAdapter (MetricsSinkAdapter.java:publishMetricsFromQueue(141)) - prometheus thread interrupted.
2023-06-29 22:13:22,624 [main] INFO  impl.MetricsSystemImpl (MetricsSystemImpl.java:stop(216)) - XceiverClientMetrics metrics system stopped.
2023-06-29 22:13:22,625 [main] WARN  pipeline.BackgroundPipelineCreator (BackgroundPipelineCreator.java:stop(145)) - RatisPipelineUtilsThread is not running, just ignore.
2023-06-29 22:13:22,625 [main] INFO  BackgroundPipelineScrubber (BackgroundSCMService.java:stop(126)) - BackgroundPipelineScrubber Service is not running, skip stop.
2023-06-29 22:13:22,625 [main] INFO  ExpiredContainerReplicaOpScrubber (BackgroundSCMService.java:stop(131)) - Stopping ExpiredContainerReplicaOpScrubber Service.
2023-06-29 22:13:22,625 [main] INFO  utils.BackgroundService (BackgroundService.java:shutdown(141)) - Shutting down service SCMBlockDeletingService
2023-06-29 22:13:22,625 [ExpiredContainerReplicaOpScrubberThread] WARN  ExpiredContainerReplicaOpScrubber (BackgroundSCMService.java:run(115)) - ExpiredContainerReplicaOpScrubber is interrupted, exit
2023-06-29 22:13:22,625 [main] INFO  replication.ReplicationManager (ReplicationManager.java:stop(329)) - Replication Monitor Thread is not running.
2023-06-29 22:13:22,626 [main] WARN  balancer.ContainerBalancer (ContainerBalancer.java:stop(326)) - Cannot stop Container Balancer because it's not running or stopping
2023-06-29 22:13:22,626 [Lease Manager-LeaseManager#LeaseMonitor] WARN  lease.LeaseManager (LeaseManager.java:run(272)) - Lease manager is interrupted. Shutting down...
java.lang.InterruptedException
	at java.util.concurrent.locks.AbstractQueuedSynchronizer.doAcquireSharedNanos(AbstractQueuedSynchronizer.java:1039)
	at java.util.concurrent.locks.AbstractQueuedSynchronizer.tryAcquireSharedNanos(AbstractQueuedSynchronizer.java:1328)
	at java.util.concurrent.Semaphore.tryAcquire(Semaphore.java:409)
	at org.apache.hadoop.ozone.lease.LeaseManager$LeaseMonitor.run(LeaseManager.java:270)
	at java.lang.Thread.run(Thread.java:750)
2023-06-29 22:13:22,626 [main] INFO  server.StorageContainerManager (StorageContainerManager.java:stop(1720)) - Stopping SCM MetadataStore.
]]></system-out>
  </testcase>
  <testcase name="testMultipleSnapshotKeyReclaim" classname="org.apache.hadoop.fs.ozone.TestSnapshotDeletingService" time="33.317">
    <system-out><![CDATA[2023-06-29 22:13:22,928 [main] WARN  server.ServerUtils (ServerUtils.java:getScmDbDir(155)) - ozone.scm.db.dirs is not configured. We recommend adding this setting. Falling back to ozone.metadata.dirs instead.
2023-06-29 22:13:22,932 [main] WARN  server.ServerUtils (ServerUtils.java:getScmDbDir(155)) - ozone.scm.db.dirs is not configured. We recommend adding this setting. Falling back to ozone.metadata.dirs instead.
2023-06-29 22:13:22,932 [main] INFO  ha.SCMHANodeDetails (SCMHANodeDetails.java:loadSCMHAConfig(210)) - ServiceID for StorageContainerManager is null
2023-06-29 22:13:22,932 [main] INFO  ha.SCMHANodeDetails (SCMHANodeDetails.java:loadSCMHAConfig(215)) - ozone.scm.default.service.id is not defined, falling back to ozone.scm.service.ids to find serviceID for StorageContainerManager if it is HA enabled cluster
2023-06-29 22:13:22,933 [main] WARN  utils.HAUtils (HAUtils.java:getMetaDir(339)) - ozone.scm.db.dirs is not configured. We recommend adding this setting. Falling back to ozone.metadata.dirs instead.
2023-06-29 22:13:22,933 [main] WARN  db.DBStoreBuilder (DBStoreBuilder.java:applyDBDefinition(166)) - ozone.scm.db.dirs is not configured. We recommend adding this setting. Falling back to ozone.metadata.dirs instead.
2023-06-29 22:13:23,017 [main] INFO  net.NodeSchemaLoader (NodeSchemaLoader.java:loadSchemaFromFile(129)) - Loading schema from [jar:file:/home/runner/.m2/repository/org/apache/ozone/hdds-common/1.4.0-SNAPSHOT/hdds-common-1.4.0-SNAPSHOT.jar!/network-topology-default.xml]
2023-06-29 22:13:23,018 [main] INFO  net.NodeSchemaLoader (NodeSchemaLoader.java:loadSchema(176)) - Loading network topology layer schema file
2023-06-29 22:13:23,020 [main] INFO  upgrade.AbstractLayoutVersionManager (AbstractLayoutVersionManager.java:init(83)) - Initializing Layout version manager with metadata layout = HADOOP_PRC_PORTS_IN_DATANODEDETAILS (version = 7), software layout = HADOOP_PRC_PORTS_IN_DATANODEDETAILS (version = 7)
2023-06-29 22:13:23,022 [main] INFO  ha.SequenceIdGenerator (SequenceIdGenerator.java:upgradeToSequenceId(349)) - upgrade localId to 111677748019200000
2023-06-29 22:13:23,022 [main] INFO  ha.SequenceIdGenerator (SequenceIdGenerator.java:upgradeToSequenceId(359)) - upgrade delTxnId to 0
2023-06-29 22:13:23,023 [main] INFO  ha.SequenceIdGenerator (SequenceIdGenerator.java:upgradeToSequenceId(376)) - upgrade containerId to 0
2023-06-29 22:13:23,023 [main] INFO  ha.SequenceIdGenerator (SequenceIdGenerator.java:<init>(220)) - Init the HA SequenceIdGenerator.
2023-06-29 22:13:23,023 [main] WARN  server.ServerUtils (ServerUtils.java:sanitizeUserArgs(80)) - ozone.scm.stale.node.interval value = 300000 is larger than max = 100000 based on the key value of ozone.scm.heartbeat.thread.interval, reset to the max value 100000.
2023-06-29 22:13:23,024 [main] WARN  server.ServerUtils (ServerUtils.java:sanitizeUserArgs(80)) - ozone.scm.stale.node.interval value = 300000 is larger than max = 100000 based on the key value of ozone.scm.heartbeat.thread.interval, reset to the max value 100000.
2023-06-29 22:13:23,024 [main] INFO  node.SCMNodeManager (SCMNodeManager.java:<init>(157)) - Entering startup safe mode.
2023-06-29 22:13:23,024 [main] INFO  algorithms.ContainerPlacementPolicyFactory (ContainerPlacementPolicyFactory.java:getPolicyInternal(86)) - Create container placement policy of type org.apache.hadoop.hdds.scm.container.placement.algorithms.SCMContainerPlacementRackAware
2023-06-29 22:13:23,024 [main] INFO  algorithms.ContainerPlacementPolicyFactory (ContainerPlacementPolicyFactory.java:getPolicyInternal(86)) - Create container placement policy of type org.apache.hadoop.hdds.scm.container.placement.algorithms.SCMContainerPlacementRackScatter
2023-06-29 22:13:23,025 [main] INFO  pipeline.PipelineStateManagerImpl (PipelineStateManagerImpl.java:initialize(78)) - No pipeline exists in current db
2023-06-29 22:13:23,025 [main] INFO  algorithms.LeaderChoosePolicyFactory (LeaderChoosePolicyFactory.java:getPolicy(57)) - Create leader choose policy of type org.apache.hadoop.hdds.scm.pipeline.leader.choose.algorithms.MinLeaderCountChoosePolicy
2023-06-29 22:13:23,025 [main] INFO  algorithms.ContainerPlacementPolicyFactory (ContainerPlacementPolicyFactory.java:getPolicyInternal(86)) - Create container placement policy of type org.apache.hadoop.hdds.scm.container.placement.algorithms.SCMContainerPlacementRackScatter
2023-06-29 22:13:23,025 [main] INFO  ha.SCMServiceManager (SCMServiceManager.java:register(42)) - Registering service BackgroundPipelineCreator.
2023-06-29 22:13:23,025 [main] INFO  pipeline.BackgroundPipelineCreator (BackgroundPipelineCreator.java:start(124)) - Starting RatisPipelineUtilsThread.
2023-06-29 22:13:23,026 [main] INFO  BackgroundPipelineScrubber (BackgroundSCMService.java:start(68)) - Starting BackgroundPipelineScrubber Service.
2023-06-29 22:13:23,026 [main] INFO  ha.SCMServiceManager (SCMServiceManager.java:register(42)) - Registering service BackgroundPipelineScrubber.
2023-06-29 22:13:23,026 [main] INFO  ExpiredContainerReplicaOpScrubber (BackgroundSCMService.java:start(68)) - Starting ExpiredContainerReplicaOpScrubber Service.
2023-06-29 22:13:23,026 [main] INFO  ha.SCMServiceManager (SCMServiceManager.java:register(42)) - Registering service ExpiredContainerReplicaOpScrubber.
2023-06-29 22:13:23,027 [main] INFO  algorithms.PipelineChoosePolicyFactory (PipelineChoosePolicyFactory.java:createPipelineChoosePolicyFromClass(78)) - Create pipeline choose policy of type org.apache.hadoop.hdds.scm.pipeline.choose.algorithms.RandomPipelineChoosePolicy
2023-06-29 22:13:23,027 [main] INFO  algorithms.PipelineChoosePolicyFactory (PipelineChoosePolicyFactory.java:createPipelineChoosePolicyFromClass(78)) - Create pipeline choose policy of type org.apache.hadoop.hdds.scm.pipeline.choose.algorithms.RandomPipelineChoosePolicy
2023-06-29 22:13:23,028 [main] INFO  ha.SCMServiceManager (SCMServiceManager.java:register(42)) - Registering service SCMBlockDeletingService.
2023-06-29 22:13:23,028 [main] INFO  replication.ReplicationManager (ReplicationManager.java:start(286)) - Starting Replication Monitor Thread.
2023-06-29 22:13:23,029 [main] INFO  ha.SCMServiceManager (SCMServiceManager.java:register(42)) - Registering service ReplicationManager.
2023-06-29 22:13:23,029 [main] INFO  safemode.ContainerSafeModeRule (ContainerSafeModeRule.java:<init>(89)) - containers with one replica threshold count 0
2023-06-29 22:13:23,029 [main] INFO  safemode.HealthyPipelineSafeModeRule (HealthyPipelineSafeModeRule.java:initializeRule(169)) - Total pipeline count is 0, healthy pipeline threshold count is 1
2023-06-29 22:13:23,030 [main] INFO  safemode.OneReplicaPipelineSafeModeRule (OneReplicaPipelineSafeModeRule.java:initializeRule(180)) - Total pipeline count is 0, pipeline's with at least one datanode reported threshold count is 0
2023-06-29 22:13:23,030 [main] INFO  server.StorageContainerManager (StorageContainerManager.java:<init>(424)) - SCM start with adminUsers: [runner]
2023-06-29 22:13:23,030 [main] INFO  ipc.CallQueueManager (CallQueueManager.java:<init>(90)) - Using callQueue: class java.util.concurrent.LinkedBlockingQueue, queueCapacity: 2000, scheduler: class org.apache.hadoop.ipc.DefaultRpcScheduler, ipcBackoff: false.
2023-06-29 22:13:23,031 [main] INFO  ipc.Server (Server.java:<init>(1287)) - Listener at 0.0.0.0:15037
2023-06-29 22:13:23,031 [Socket Reader #1 for port 15037] INFO  ipc.Server (Server.java:run(1323)) - Starting Socket Reader #1 for port 15037
2023-06-29 22:13:23,032 [main] INFO  ipc.CallQueueManager (CallQueueManager.java:<init>(90)) - Using callQueue: class java.util.concurrent.LinkedBlockingQueue, queueCapacity: 2000, scheduler: class org.apache.hadoop.ipc.DefaultRpcScheduler, ipcBackoff: false.
2023-06-29 22:13:23,032 [main] INFO  ipc.Server (Server.java:<init>(1287)) - Listener at 0.0.0.0:15036
2023-06-29 22:13:23,032 [Socket Reader #1 for port 15036] INFO  ipc.Server (Server.java:run(1323)) - Starting Socket Reader #1 for port 15036
2023-06-29 22:13:23,038 [ReplicationMonitor] INFO  replication.ReplicationManager (ReplicationManager.java:processAll(361)) - Replication Manager is not ready to run until 3000ms after safemode exit
2023-06-29 22:13:23,038 [main] INFO  ipc.CallQueueManager (CallQueueManager.java:<init>(90)) - Using callQueue: class java.util.concurrent.LinkedBlockingQueue, queueCapacity: 2000, scheduler: class org.apache.hadoop.ipc.DefaultRpcScheduler, ipcBackoff: false.
2023-06-29 22:13:23,039 [main] INFO  ipc.Server (Server.java:<init>(1287)) - Listener at 0.0.0.0:15035
2023-06-29 22:13:23,039 [Socket Reader #1 for port 15035] INFO  ipc.Server (Server.java:run(1323)) - Starting Socket Reader #1 for port 15035
2023-06-29 22:13:23,043 [main] INFO  ha.SCMServiceManager (SCMServiceManager.java:register(42)) - Registering service ContainerBalancer.
2023-06-29 22:13:23,043 [main] INFO  server.StorageContainerManager (StorageContainerManager.java:<init>(437)) - 
Container Balancer status:
Key                            Value
Running                        false
Container Balancer Configuration values:
Key                                                Value
Threshold                                          10
Max Datanodes to Involve per Iteration(percent)    20
Max Size to Move per Iteration                     500GB
Max Size Entering Target per Iteration             26GB
Max Size Leaving Source per Iteration              26GB

2023-06-29 22:13:23,043 [main] INFO  ha.SCMContext (SCMContext.java:updateSafeModeStatus(228)) - Update SafeModeStatus from SafeModeStatus{safeModeStatus=true, preCheckPassed=false} to SafeModeStatus{safeModeStatus=true, preCheckPassed=false}.
2023-06-29 22:13:23,043 [main] INFO  server.StorageContainerManager (StorageContainerManager.java:start(1495)) - StorageContainerLocationProtocol RPC server is listening at /0.0.0.0:15035
2023-06-29 22:13:23,045 [main] WARN  impl.MetricsConfig (MetricsConfig.java:loadFirst(136)) - Cannot locate configuration: tried hadoop-metrics2-storagecontainermanager.properties,hadoop-metrics2.properties
2023-06-29 22:13:23,051 [main] INFO  impl.MetricsSystemImpl (MetricsSystemImpl.java:startTimer(378)) - Scheduled Metric snapshot period at 10 second(s).
2023-06-29 22:13:23,051 [main] INFO  impl.MetricsSystemImpl (MetricsSystemImpl.java:start(191)) - StorageContainerManager metrics system started
2023-06-29 22:13:23,066 [main] INFO  impl.MetricsSinkAdapter (MetricsSinkAdapter.java:start(204)) - Sink prometheus started
2023-06-29 22:13:23,067 [main] INFO  impl.MetricsSystemImpl (MetricsSystemImpl.java:registerSink(305)) - Registered sink prometheus
2023-06-29 22:13:23,080 [main] INFO  server.SCMClientProtocolServer (SCMClientProtocolServer.java:start(200)) - RPC server for Client  is listening at /0.0.0.0:15035
2023-06-29 22:13:23,080 [IPC Server Responder] INFO  ipc.Server (Server.java:run(1562)) - IPC Server Responder: starting
2023-06-29 22:13:23,085 [IPC Server listener on 15035] INFO  ipc.Server (Server.java:run(1402)) - IPC Server listener on 15035: starting
2023-06-29 22:13:23,086 [main] INFO  server.StorageContainerManager (StorageContainerManager.java:start(1508)) - ScmBlockLocationProtocol RPC server is listening at /0.0.0.0:15036
2023-06-29 22:13:23,087 [main] INFO  server.SCMBlockProtocolServer (SCMBlockProtocolServer.java:start(152)) - RPC server for Block Protocol is listening at /0.0.0.0:15036
2023-06-29 22:13:23,088 [IPC Server Responder] INFO  ipc.Server (Server.java:run(1562)) - IPC Server Responder: starting
2023-06-29 22:13:23,088 [IPC Server listener on 15036] INFO  ipc.Server (Server.java:run(1402)) - IPC Server listener on 15036: starting
2023-06-29 22:13:23,089 [main] INFO  server.SCMDatanodeProtocolServer (SCMDatanodeProtocolServer.java:start(193)) - ScmDatanodeProtocol RPC server for DataNodes is listening at /0.0.0.0:15037
2023-06-29 22:13:23,090 [IPC Server Responder] INFO  ipc.Server (Server.java:run(1562)) - IPC Server Responder: starting
2023-06-29 22:13:23,090 [IPC Server listener on 15037] INFO  ipc.Server (Server.java:run(1402)) - IPC Server listener on 15037: starting
2023-06-29 22:13:23,093 [JvmPauseMonitor5] INFO  util.JvmPauseMonitor (JvmPauseMonitor.java:run(103)) - JvmPauseMonitor-ca1e13a8-19c8-4520-bc27-e1962e18dee1: Started
2023-06-29 22:13:23,093 [main] INFO  http.BaseHttpServer (BaseHttpServer.java:newHttpServer2BuilderForOzone(224)) - Starting Web-server for scm at: http://0.0.0.0:15038
2023-06-29 22:13:23,094 [main] INFO  http.BaseHttpServer (BaseHttpServer.java:<init>(111)) - Hadoop Security Enabled: false Ozone Security Enabled: false Ozone HTTP Security Enabled: false 
2023-06-29 22:13:23,095 [main] WARN  server.AuthenticationFilter (AuthenticationFilter.java:constructSecretProvider(240)) - Unable to initialize FileSignerSecretProvider, falling back to use random secrets. Reason: Could not read signature secret file: /home/runner/hadoop-http-auth-signature-secret
2023-06-29 22:13:23,099 [main] INFO  http.HttpRequestLog (HttpRequestLog.java:getRequestLog(86)) - Http request log for http.requests.scm is not defined
2023-06-29 22:13:23,100 [main] INFO  http.HttpServer2 (HttpServer2.java:addGlobalFilter(1031)) - Added global filter 'safety' (class=org.apache.hadoop.hdds.server.http.HttpServer2$QuotingInputFilter)
2023-06-29 22:13:23,101 [main] INFO  http.HttpServer2 (HttpServer2.java:addFilter(1007)) - Added filter static_user_filter (class=org.apache.hadoop.http.lib.StaticUserWebFilter$StaticUserFilter) to context scm
2023-06-29 22:13:23,101 [main] INFO  http.HttpServer2 (HttpServer2.java:addFilter(1015)) - Added filter static_user_filter (class=org.apache.hadoop.http.lib.StaticUserWebFilter$StaticUserFilter) to context logs
2023-06-29 22:13:23,102 [main] INFO  http.HttpServer2 (HttpServer2.java:addFilter(1015)) - Added filter static_user_filter (class=org.apache.hadoop.http.lib.StaticUserWebFilter$StaticUserFilter) to context static
2023-06-29 22:13:23,102 [main] INFO  http.BaseHttpServer (BaseHttpServer.java:<init>(190)) - HTTP server of scm uses base directory /home/runner/work/ozone/ozone/hadoop-ozone/integration-test/target/test-dir/MiniOzoneClusterImpl-bfa5a98b-f4fa-4e92-9252-0122c5abb8e0/ozone-meta/webserver
2023-06-29 22:13:23,103 [main] INFO  http.HttpServer2 (HttpServer2.java:bindListener(1250)) - Jetty bound to port 15038
2023-06-29 22:13:23,103 [main] INFO  server.Server (Server.java:doStart(375)) - jetty-9.4.51.v20230217; built: 2023-02-17T08:19:37.309Z; git: b45c405e4544384de066f814ed42ae3dceacdd49; jvm 1.8.0_372-b07
2023-06-29 22:13:23,109 [main] INFO  server.session (DefaultSessionIdManager.java:doStart(334)) - DefaultSessionIdManager workerName=node0
2023-06-29 22:13:23,109 [main] INFO  server.session (DefaultSessionIdManager.java:doStart(339)) - No SessionScavenger set, using defaults
2023-06-29 22:13:23,109 [main] INFO  server.session (HouseKeeper.java:startScavenging(132)) - node0 Scavenging every 600000ms
2023-06-29 22:13:23,110 [main] INFO  handler.ContextHandler (ContextHandler.java:doStart(921)) - Started o.e.j.s.ServletContextHandler@1d135af2{logs,/logs,file:///home/runner/work/ozone/ozone/hadoop-ozone/integration-test/target/log,AVAILABLE}
2023-06-29 22:13:23,110 [main] INFO  handler.ContextHandler (ContextHandler.java:doStart(921)) - Started o.e.j.s.ServletContextHandler@70334e3b{static,/static,file:///home/runner/work/ozone/ozone/hadoop-ozone/integration-test/target/test-classes/webapps/static,AVAILABLE}
2023-06-29 22:13:23,113 [main] INFO  handler.ContextHandler (ContextHandler.java:doStart(921)) - Started o.e.j.w.WebAppContext@22d6667{scm,/,file:///home/runner/work/ozone/ozone/hadoop-ozone/integration-test/target/test-classes/webapps/scm/,AVAILABLE}{file:/home/runner/work/ozone/ozone/hadoop-ozone/integration-test/target/test-classes/webapps/scm}
2023-06-29 22:13:23,114 [main] INFO  server.AbstractConnector (AbstractConnector.java:doStart(333)) - Started ServerConnector@2941a47d{HTTP/1.1, (http/1.1)}{0.0.0.0:15038}
2023-06-29 22:13:23,114 [main] INFO  server.Server (Server.java:doStart(415)) - Started @183937ms
2023-06-29 22:13:23,114 [main] WARN  impl.MetricsSystemImpl (MetricsSystemImpl.java:register(279)) - Sink prometheus already exists!
2023-06-29 22:13:23,115 [main] INFO  http.BaseHttpServer (BaseHttpServer.java:updateConnectorAddress(344)) - HTTP server of scm listening at http://0.0.0.0:15038
2023-06-29 22:13:23,115 [main] WARN  server.ServerUtils (ServerUtils.java:getDBPath(311)) - ozone.om.db.dirs is not configured. We recommend adding this setting. Falling back to ozone.metadata.dirs instead.
2023-06-29 22:13:23,117 [main] INFO  ha.OMHANodeDetails (OMHANodeDetails.java:loadOMHAConfig(115)) - ozone.om.internal.service.id is not defined, falling back to ozone.om.service.ids to find serviceID for OzoneManager if it is HA enabled cluster
2023-06-29 22:13:23,117 [main] INFO  ha.OMHANodeDetails (OMHANodeDetails.java:loadOMHAConfig(226)) - Configuration does not have ozone.om.address set. Falling back to the default OM address /127.0.0.1:15039
2023-06-29 22:13:23,117 [main] INFO  ha.OMHANodeDetails (OMHANodeDetails.java:getOMNodeDetailsForNonHA(254)) - OM Service ID is not set. Setting it to the default ID: omServiceIdDefault
2023-06-29 22:13:23,117 [main] INFO  ha.OMHANodeDetails (OMHANodeDetails.java:getOMNodeDetailsForNonHA(261)) - OM Node ID is not set. Setting it to the default ID: om1
2023-06-29 22:13:23,118 [main] WARN  server.ServerUtils (ServerUtils.java:getDBPath(311)) - ozone.om.db.dirs is not configured. We recommend adding this setting. Falling back to ozone.metadata.dirs instead.
2023-06-29 22:13:23,119 [main] INFO  upgrade.AbstractLayoutVersionManager (AbstractLayoutVersionManager.java:init(83)) - Initializing Layout version manager with metadata layout = QUOTA (version = 6), software layout = QUOTA (version = 6)
2023-06-29 22:13:23,206 [main] INFO  reflections.Reflections (Reflections.java:scan(232)) - Reflections took 86 ms to scan 2 urls, producing 186 keys and 509 values [using 2 cores]
2023-06-29 22:13:23,206 [main] INFO  upgrade.OMLayoutVersionManager (OMLayoutVersionManager.java:lambda$0(115)) - Skipping Upgrade Action MockOmUpgradeAction since it has been finalized.
2023-06-29 22:13:23,207 [main] INFO  upgrade.OMLayoutVersionManager (OMLayoutVersionManager.java:lambda$0(115)) - Skipping Upgrade Action QuotaRepairUpgradeAction since it has been finalized.
2023-06-29 22:13:23,207 [main] WARN  server.ServerUtils (ServerUtils.java:getDBPath(311)) - ozone.om.db.dirs is not configured. We recommend adding this setting. Falling back to ozone.metadata.dirs instead.
2023-06-29 22:13:23,207 [main] INFO  proxy.SCMBlockLocationFailoverProxyProvider (SCMBlockLocationFailoverProxyProvider.java:<init>(114)) - Created block location fail-over proxy with 1 nodes: [nodeId=scmNodeId,nodeAddress=/0.0.0.0:15036]
2023-06-29 22:13:23,209 [main] INFO  proxy.SCMBlockLocationFailoverProxyProvider (SCMBlockLocationFailoverProxyProvider.java:<init>(114)) - Created block location fail-over proxy with 1 nodes: [nodeId=scmNodeId,nodeAddress=/0.0.0.0:15036]
2023-06-29 22:13:23,220 [main] INFO  om.OzoneManager (OzoneManager.java:<init>(656)) - OM start with adminUsers: [runner]
2023-06-29 22:13:23,224 [main] WARN  server.ServerUtils (ServerUtils.java:getDBPath(311)) - ozone.om.db.dirs is not configured. We recommend adding this setting. Falling back to ozone.metadata.dirs instead.
2023-06-29 22:13:23,225 [main] INFO  helpers.OmKeyInfo (OmKeyInfo.java:getCodec(71)) - OmKeyInfo.getCodec ignorePipeline = true
2023-06-29 22:13:23,386 [main] INFO  om.OzoneManager (OzoneManager.java:instantiateServices(785)) - S3 Multi-Tenancy is disabled
2023-06-29 22:13:23,386 [main] INFO  om.OmSnapshotManager (OmSnapshotManager.java:<init>(175)) - Ozone filesystem snapshot feature is enabled.
2023-06-29 22:13:23,386 [main] WARN  server.ServerUtils (ServerUtils.java:getDBPath(311)) - ozone.om.snapshot.diff.db.dir is not configured. We recommend adding this setting. Falling back to ozone.metadata.dirs instead.
2023-06-29 22:13:23,404 [main] INFO  snapshot.SnapshotDiffManager (SnapshotDiffManager.java:closeExecutorService(1699)) - Shutting down executorService: 'SstDumpToolExecutor'
2023-06-29 22:13:23,406 [main] INFO  om.OzoneManager (OzoneManager.java:addS3GVolumeToDB(4296)) - Created Volume s3v With Owner runner required for S3Gateway operations.
2023-06-29 22:13:23,406 [main] WARN  server.ServerUtils (ServerUtils.java:getDefaultRatisDirectory(323)) - Storage directory for Ratis is not configured. It is a good idea to map this to an SSD disk. Falling back to ozone.metadata.dirs
2023-06-29 22:13:23,406 [main] WARN  utils.OzoneManagerRatisUtils (OzoneManagerRatisUtils.java:getOMRatisSnapshotDirectory(461)) - ozone.om.ratis.snapshot.dir is not configured. Falling back to ozone.metadata.dirs config
2023-06-29 22:13:23,407 [main] WARN  server.ServerUtils (ServerUtils.java:getDefaultRatisDirectory(323)) - Storage directory for Ratis is not configured. It is a good idea to map this to an SSD disk. Falling back to ozone.metadata.dirs
2023-06-29 22:13:23,408 [main] INFO  ratis.OzoneManagerRatisServer (OzoneManagerRatisServer.java:<init>(163)) - Instantiating OM Ratis server with groupID: omServiceIdDefault and peers: localhost:15042
2023-06-29 22:13:23,408 [main] INFO  ratis.OzoneManagerStateMachine (OzoneManagerStateMachine.java:loadSnapshotInfoFromDB(670)) - LastAppliedIndex is set from TransactionInfo from OM DB as (t:0, i:~)
2023-06-29 22:13:23,413 [main] INFO  server.RaftServer (ConfUtils.java:logGet(46)) - raft.rpc.type = GRPC (default)
2023-06-29 22:13:23,413 [main] INFO  grpc.GrpcConfigKeys (ConfUtils.java:logFallback(53)) - raft.grpc.admin.host = null (fallback to raft.grpc.server.host)
2023-06-29 22:13:23,413 [main] INFO  grpc.GrpcConfigKeys (ConfUtils.java:logFallback(53)) - raft.grpc.admin.port = 15042 (fallback to raft.grpc.server.port)
2023-06-29 22:13:23,413 [main] INFO  grpc.GrpcConfigKeys (ConfUtils.java:logFallback(53)) - raft.grpc.client.host = null (fallback to raft.grpc.server.host)
2023-06-29 22:13:23,413 [main] INFO  grpc.GrpcConfigKeys (ConfUtils.java:logFallback(53)) - raft.grpc.client.port = 15042 (fallback to raft.grpc.server.port)
2023-06-29 22:13:23,413 [main] INFO  grpc.GrpcConfigKeys (ConfUtils.java:logGet(46)) - raft.grpc.server.host = null (default)
2023-06-29 22:13:23,413 [main] INFO  grpc.GrpcConfigKeys (ConfUtils.java:logGet(46)) - raft.grpc.server.port = 15042 (custom)
2023-06-29 22:13:23,414 [main] INFO  server.GrpcService (ConfUtils.java:logGet(46)) - raft.grpc.message.size.max = 33554432 (custom)
2023-06-29 22:13:23,414 [main] INFO  server.RaftServerConfigKeys (ConfUtils.java:logGet(46)) - raft.server.log.appender.buffer.byte-limit = 33554432 (custom)
2023-06-29 22:13:23,414 [main] INFO  server.GrpcService (ConfUtils.java:logGet(46)) - raft.grpc.flow.control.window = 1MB (=1048576) (default)
2023-06-29 22:13:23,414 [main] INFO  server.RaftServerConfigKeys (ConfUtils.java:logGet(46)) - raft.server.rpc.request.timeout = 3000ms (default)
2023-06-29 22:13:23,414 [main] INFO  grpc.GrpcConfigKeys (ConfUtils.java:logGet(46)) - raft.grpc.server.heartbeat.channel = true (default)
2023-06-29 22:13:23,414 [main] INFO  grpc.GrpcConfigKeys (ConfUtils.java:logGet(46)) - raft.grpc.server.async.request.thread.pool.cached = true (default)
2023-06-29 22:13:23,414 [main] INFO  grpc.GrpcConfigKeys (ConfUtils.java:logGet(46)) - raft.grpc.server.async.request.thread.pool.size = 32 (default)
2023-06-29 22:13:23,415 [main] INFO  impl.DataStreamServerImpl (ConfUtils.java:logGet(46)) - raft.datastream.type = DISABLED (default)
2023-06-29 22:13:23,416 [main] INFO  server.RaftServerConfigKeys (ConfUtils.java:logGet(46)) - raft.server.threadpool.proxy.cached = true (default)
2023-06-29 22:13:23,416 [main] INFO  server.RaftServerConfigKeys (ConfUtils.java:logGet(46)) - raft.server.threadpool.proxy.size = 0 (default)
2023-06-29 22:13:23,416 [main] INFO  server.RaftServerConfigKeys (ConfUtils.java:logGet(46)) - raft.server.rpc.slowness.timeout = 120s (custom)
2023-06-29 22:13:23,416 [main] INFO  server.RaftServerConfigKeys (ConfUtils.java:logGet(46)) - raft.server.leaderelection.leader.step-down.wait-time = 10s (default)
2023-06-29 22:13:23,416 [main] INFO  server.RaftServerConfigKeys (ConfUtils.java:logGet(46)) - raft.server.storage.dir = [/home/runner/work/ozone/ozone/hadoop-ozone/integration-test/target/test-dir/MiniOzoneClusterImpl-bfa5a98b-f4fa-4e92-9252-0122c5abb8e0/ozone-meta/ratis] (custom)
2023-06-29 22:13:23,417 [main] INFO  server.RaftServer (RaftServerProxy.java:addNew(98)) - om1: addNew group-C5BA1605619E:[om1|rpc:localhost:15042|priority:0|startupRole:FOLLOWER] returns group-C5BA1605619E:java.util.concurrent.CompletableFuture@142c9e8c[Not completed]
2023-06-29 22:13:23,417 [main] INFO  om.OzoneManager (OzoneManager.java:initializeRatisServer(2137)) - OzoneManager Ratis server initialized at port 15042
2023-06-29 22:13:23,417 [main] INFO  om.OzoneManager (OzoneManager.java:getRpcServer(1185)) - Creating RPC Server
2023-06-29 22:13:23,418 [om1-groupManagement] INFO  server.RaftServer$Division (RaftServerImpl.java:<init>(198)) - om1: new RaftServerImpl for group-C5BA1605619E:[om1|rpc:localhost:15042|priority:0|startupRole:FOLLOWER] with OzoneManagerStateMachine:uninitialized
2023-06-29 22:13:23,418 [om1-groupManagement] INFO  server.RaftServerConfigKeys (ConfUtils.java:logGet(46)) - raft.server.rpc.timeout.min = 1s (custom)
2023-06-29 22:13:23,418 [om1-groupManagement] INFO  server.RaftServerConfigKeys (ConfUtils.java:logGet(46)) - raft.server.rpc.timeout.max = 1200ms (custom)
2023-06-29 22:13:23,418 [om1-groupManagement] INFO  server.RaftServerConfigKeys (ConfUtils.java:logGet(46)) - raft.server.rpc.sleep.time = 25ms (default)
2023-06-29 22:13:23,418 [om1-groupManagement] INFO  server.RaftServerConfigKeys (ConfUtils.java:logGet(46)) - raft.server.rpc.slowness.timeout = 120s (custom)
2023-06-29 22:13:23,418 [om1-groupManagement] INFO  server.RaftServerConfigKeys (ConfUtils.java:logGet(46)) - raft.server.leaderelection.leader.step-down.wait-time = 10s (default)
2023-06-29 22:13:23,418 [om1-groupManagement] INFO  server.RaftServerConfigKeys (ConfUtils.java:logGet(46)) - raft.server.sleep.deviation.threshold = 300ms (default)
2023-06-29 22:13:23,418 [om1-groupManagement] INFO  server.RaftServer$Division (ServerState.java:<init>(120)) - om1@group-C5BA1605619E: ConfigurationManager, init=-1: peers:[om1|rpc:localhost:15042|priority:0|startupRole:FOLLOWER]|listeners:[], old=null, confs=<EMPTY_MAP>
2023-06-29 22:13:23,419 [om1-groupManagement] INFO  server.RaftServerConfigKeys (ConfUtils.java:logGet(46)) - raft.server.storage.dir = [/home/runner/work/ozone/ozone/hadoop-ozone/integration-test/target/test-dir/MiniOzoneClusterImpl-bfa5a98b-f4fa-4e92-9252-0122c5abb8e0/ozone-meta/ratis] (custom)
2023-06-29 22:13:23,419 [om1-groupManagement] INFO  server.RaftServerConfigKeys (ConfUtils.java:logGet(46)) - raft.server.log.corruption.policy = EXCEPTION (default)
2023-06-29 22:13:23,419 [om1-groupManagement] INFO  server.RaftServerConfigKeys (ConfUtils.java:logGet(46)) - raft.server.storage.free-space.min = 0MB (=0) (default)
2023-06-29 22:13:23,419 [om1-groupManagement] INFO  server.RaftServerConfigKeys (ConfUtils.java:logGet(46)) - raft.server.notification.no-leader.timeout = 120s (custom)
2023-06-29 22:13:23,419 [om1-groupManagement] INFO  server.RaftServerConfigKeys (ConfUtils.java:logGet(46)) - raft.server.read.timeout = 10s (default)
2023-06-29 22:13:23,419 [om1-groupManagement] INFO  server.RaftServerConfigKeys (ConfUtils.java:logGet(46)) - raft.server.retrycache.expirytime = 300s (custom)
2023-06-29 22:13:23,419 [om1-groupManagement] INFO  server.RaftServerConfigKeys (ConfUtils.java:logGet(46)) - raft.server.retrycache.statistics.expirytime = 100μs (default)
2023-06-29 22:13:23,419 [om1-groupManagement] INFO  server.RaftServerConfigKeys (ConfUtils.java:logGet(46)) - raft.server.read.option = DEFAULT (default)
2023-06-29 22:13:23,419 [om1-groupManagement] INFO  server.RaftServerConfigKeys (ConfUtils.java:logGet(46)) - raft.server.rpc.request.timeout = 3000ms (default)
2023-06-29 22:13:23,419 [om1-groupManagement] INFO  server.RaftServerConfigKeys (ConfUtils.java:logGet(46)) - raft.server.log.appender.install.snapshot.enabled = false (custom)
2023-06-29 22:13:23,420 [om1-groupManagement] INFO  server.RaftServerConfigKeys (ConfUtils.java:logGet(46)) - raft.server.threadpool.server.cached = true (default)
2023-06-29 22:13:23,420 [om1-groupManagement] INFO  server.RaftServerConfigKeys (ConfUtils.java:logGet(46)) - raft.server.threadpool.server.size = 0 (default)
2023-06-29 22:13:23,420 [om1-groupManagement] INFO  server.RaftServerConfigKeys (ConfUtils.java:logGet(46)) - raft.server.threadpool.client.cached = true (default)
2023-06-29 22:13:23,420 [om1-groupManagement] INFO  server.RaftServerConfigKeys (ConfUtils.java:logGet(46)) - raft.server.threadpool.client.size = 0 (default)
2023-06-29 22:13:23,916 [main] INFO  reflections.Reflections (Reflections.java:scan(232)) - Reflections took 498 ms to scan 19 urls, producing 70 keys and 5508 values [using 2 cores]
2023-06-29 22:13:23,918 [main] INFO  ipc.CallQueueManager (CallQueueManager.java:<init>(90)) - Using callQueue: class java.util.concurrent.LinkedBlockingQueue, queueCapacity: 2000, scheduler: class org.apache.hadoop.ipc.DefaultRpcScheduler, ipcBackoff: false.
2023-06-29 22:13:23,918 [main] INFO  ipc.Server (Server.java:<init>(1287)) - Listener at 127.0.0.1:15039
2023-06-29 22:13:23,919 [Socket Reader #1 for port 15039] INFO  ipc.Server (Server.java:run(1323)) - Starting Socket Reader #1 for port 15039
2023-06-29 22:13:23,944 [main] INFO  impl.MetricsSystemImpl (MetricsSystemImpl.java:init(158)) - OzoneManager metrics system started (again)
2023-06-29 22:13:23,955 [main] INFO  om.OzoneManager (OzoneManager.java:start(1615)) - OzoneManager RPC server is listening at localhost/127.0.0.1:15039
2023-06-29 22:13:23,955 [main] INFO  ratis.OzoneManagerRatisServer (OzoneManagerRatisServer.java:start(558)) - Starting OzoneManagerRatisServer om1 at port 15042
2023-06-29 22:13:23,956 [om1-impl-thread1] INFO  storage.RaftStorageDirectory (RaftStorageDirectoryImpl.java:analyzeStorage(137)) - The storage directory /home/runner/work/ozone/ozone/hadoop-ozone/integration-test/target/test-dir/MiniOzoneClusterImpl-bfa5a98b-f4fa-4e92-9252-0122c5abb8e0/ozone-meta/ratis/bf265839-605b-3f16-9796-c5ba1605619e does not exist. Creating ...
2023-06-29 22:13:23,957 [om1-impl-thread1] INFO  storage.RaftStorageDirectory (RaftStorageDirectoryImpl.java:tryLock(231)) - Lock on /home/runner/work/ozone/ozone/hadoop-ozone/integration-test/target/test-dir/MiniOzoneClusterImpl-bfa5a98b-f4fa-4e92-9252-0122c5abb8e0/ozone-meta/ratis/bf265839-605b-3f16-9796-c5ba1605619e/in_use.lock acquired by nodename 7706@fv-az83-404
2023-06-29 22:13:23,958 [om1-impl-thread1] INFO  storage.RaftStorage (RaftStorageImpl.java:format(96)) - Storage directory /home/runner/work/ozone/ozone/hadoop-ozone/integration-test/target/test-dir/MiniOzoneClusterImpl-bfa5a98b-f4fa-4e92-9252-0122c5abb8e0/ozone-meta/ratis/bf265839-605b-3f16-9796-c5ba1605619e has been successfully formatted.
2023-06-29 22:13:23,958 [om1-impl-thread1] INFO  server.RaftServerConfigKeys (ConfUtils.java:logGet(46)) - raft.server.log.use.memory = false (default)
2023-06-29 22:13:23,958 [om1-impl-thread1] INFO  server.RaftServerConfigKeys (ConfUtils.java:logGet(46)) - raft.server.log.purge.gap = 1000000 (custom)
2023-06-29 22:13:23,958 [om1-impl-thread1] INFO  server.RaftServerConfigKeys (ConfUtils.java:logGet(46)) - raft.server.log.appender.buffer.byte-limit = 33554432 (custom)
2023-06-29 22:13:23,958 [om1-impl-thread1] INFO  server.RaftServerConfigKeys (ConfUtils.java:logGet(46)) - raft.server.log.statemachine.data.read.timeout = 1000ms (default)
2023-06-29 22:13:23,958 [om1-impl-thread1] INFO  server.RaftServerConfigKeys (ConfUtils.java:logGet(46)) - raft.server.log.purge.preservation.log.num = 0 (default)
2023-06-29 22:13:23,958 [om1-impl-thread1] INFO  server.RaftServerConfigKeys (ConfUtils.java:logGet(46)) - raft.server.log.segment.size.max = 4194304 (custom)
2023-06-29 22:13:23,958 [om1-impl-thread1] INFO  server.RaftServerConfigKeys (ConfUtils.java:logGet(46)) - raft.server.log.segment.cache.num.max = 2 (custom)
2023-06-29 22:13:23,958 [om1-impl-thread1] INFO  server.RaftServerConfigKeys (ConfUtils.java:logGet(46)) - raft.server.log.segment.cache.size.max = 200MB (=209715200) (default)
2023-06-29 22:13:23,958 [om1-impl-thread1] INFO  server.RaftServerConfigKeys (ConfUtils.java:logGet(46)) - raft.server.log.appender.buffer.byte-limit = 33554432 (custom)
2023-06-29 22:13:23,958 [om1-impl-thread1] INFO  segmented.SegmentedRaftLogWorker (SegmentedRaftLogWorker.java:<init>(188)) - new om1@group-C5BA1605619E-SegmentedRaftLogWorker for RaftStorageImpl:Storage Directory /home/runner/work/ozone/ozone/hadoop-ozone/integration-test/target/test-dir/MiniOzoneClusterImpl-bfa5a98b-f4fa-4e92-9252-0122c5abb8e0/ozone-meta/ratis/bf265839-605b-3f16-9796-c5ba1605619e
2023-06-29 22:13:23,958 [om1-impl-thread1] INFO  server.RaftServerConfigKeys (ConfUtils.java:logGet(46)) - raft.server.log.queue.byte-limit = 64MB (=67108864) (default)
2023-06-29 22:13:23,959 [om1-impl-thread1] INFO  server.RaftServerConfigKeys (ConfUtils.java:logGet(46)) - raft.server.log.queue.element-limit = 4096 (default)
2023-06-29 22:13:23,959 [om1-impl-thread1] INFO  server.RaftServerConfigKeys (ConfUtils.java:logGet(46)) - raft.server.log.segment.size.max = 4194304 (custom)
2023-06-29 22:13:23,959 [om1-impl-thread1] INFO  server.RaftServerConfigKeys (ConfUtils.java:logGet(46)) - raft.server.log.preallocated.size = 4194304 (custom)
2023-06-29 22:13:23,959 [om1-impl-thread1] INFO  server.RaftServerConfigKeys (ConfUtils.java:logGet(46)) - raft.server.log.force.sync.num = 128 (default)
2023-06-29 22:13:23,959 [om1-impl-thread1] INFO  server.RaftServerConfigKeys (ConfUtils.java:logGet(46)) - raft.server.log.statemachine.data.sync = true (default)
2023-06-29 22:13:23,959 [om1-impl-thread1] INFO  server.RaftServerConfigKeys (ConfUtils.java:logGet(46)) - raft.server.log.statemachine.data.sync.timeout = 10s (default)
2023-06-29 22:13:23,959 [om1-impl-thread1] INFO  server.RaftServerConfigKeys (ConfUtils.java:logGet(46)) - raft.server.log.statemachine.data.sync.timeout.retry = -1 (default)
2023-06-29 22:13:23,959 [om1-impl-thread1] INFO  server.RaftServerConfigKeys (ConfUtils.java:logGet(46)) - raft.server.log.write.buffer.size = 64KB (=65536) (default)
2023-06-29 22:13:23,959 [om1-impl-thread1] INFO  server.RaftServerConfigKeys (ConfUtils.java:logGet(46)) - raft.server.log.appender.buffer.byte-limit = 33554432 (custom)
2023-06-29 22:13:23,962 [om1-impl-thread1] INFO  server.RaftServerConfigKeys (ConfUtils.java:logGet(46)) - raft.server.log.unsafe-flush.enabled = false (default)
2023-06-29 22:13:23,962 [om1-impl-thread1] INFO  server.RaftServerConfigKeys (ConfUtils.java:logGet(46)) - raft.server.log.async-flush.enabled = false (default)
2023-06-29 22:13:23,962 [om1-impl-thread1] INFO  server.RaftServerConfigKeys (ConfUtils.java:logGet(46)) - raft.server.log.statemachine.data.caching.enabled = false (default)
2023-06-29 22:13:23,962 [om1-impl-thread1] INFO  segmented.SegmentedRaftLogWorker (SegmentedRaftLogWorker.java:lambda$new$0(135)) - om1@group-C5BA1605619E-SegmentedRaftLogWorker: flushIndex: setUnconditionally 0 -> -1
2023-06-29 22:13:23,962 [om1-impl-thread1] INFO  segmented.SegmentedRaftLogWorker (SegmentedRaftLogWorker.java:lambda$new$0(135)) - om1@group-C5BA1605619E-SegmentedRaftLogWorker: safeCacheEvictIndex: setUnconditionally 0 -> -1
2023-06-29 22:13:23,963 [om1-impl-thread1] INFO  server.RaftServer$Division (RaftServerImpl.java:start(342)) - om1@group-C5BA1605619E: start as a follower, conf=-1: peers:[om1|rpc:localhost:15042|priority:0|startupRole:FOLLOWER]|listeners:[], old=null
2023-06-29 22:13:23,963 [om1-impl-thread1] INFO  server.RaftServer$Division (RaftServerImpl.java:setRole(329)) - om1@group-C5BA1605619E: changes role from      null to FOLLOWER at term 0 for startAsFollower
2023-06-29 22:13:23,963 [om1-impl-thread1] INFO  impl.RoleInfo (RoleInfo.java:updateAndGet(139)) - om1: start om1@group-C5BA1605619E-FollowerState
2023-06-29 22:13:23,963 [om1-impl-thread1] INFO  util.JmxRegister (JmxRegister.java:tryRegister(44)) - Successfully registered JMX Bean with object name Ratis:service=RaftServer,group=group-C5BA1605619E,id=om1
2023-06-29 22:13:23,963 [om1-impl-thread1] INFO  server.RaftServerConfigKeys (ConfUtils.java:logGet(46)) - raft.server.snapshot.auto.trigger.enabled = true (custom)
2023-06-29 22:13:23,964 [om1-impl-thread1] INFO  server.RaftServerConfigKeys (ConfUtils.java:logGet(46)) - raft.server.snapshot.auto.trigger.threshold = 400000 (default)
2023-06-29 22:13:23,964 [om1-impl-thread1] INFO  server.RaftServerConfigKeys (ConfUtils.java:logGet(46)) - raft.server.snapshot.retention.file.num = -1 (default)
2023-06-29 22:13:23,964 [om1-impl-thread1] INFO  server.RaftServerConfigKeys (ConfUtils.java:logGet(46)) - raft.server.log.purge.upto.snapshot.index = true (custom)
2023-06-29 22:13:23,964 [om1@group-C5BA1605619E-FollowerState] INFO  server.RaftServerConfigKeys (ConfUtils.java:logFallback(53)) - raft.server.rpc.first-election.timeout.min = 1s (fallback to raft.server.rpc.timeout.min)
2023-06-29 22:13:23,964 [om1@group-C5BA1605619E-FollowerState] INFO  server.RaftServerConfigKeys (ConfUtils.java:logFallback(53)) - raft.server.rpc.first-election.timeout.max = 1200ms (fallback to raft.server.rpc.timeout.max)
2023-06-29 22:13:23,965 [main] INFO  server.RaftServer (RaftServerProxy.java:startImpl(400)) - om1: start RPC server
2023-06-29 22:13:23,966 [main] INFO  server.GrpcService (GrpcService.java:startImpl(302)) - om1: GrpcService started, listening on 15042
2023-06-29 22:13:23,967 [main] INFO  om.OzoneManager (OzoneManager.java:start(1631)) - Version File has different layout version (6) than OM DB (null). That is expected if this OM has never been finalized to a newer layout version.
2023-06-29 22:13:23,968 [JvmPauseMonitor6] INFO  util.JvmPauseMonitor (JvmPauseMonitor.java:run(103)) - JvmPauseMonitor-om1: Started
2023-06-29 22:13:23,970 [main] INFO  http.BaseHttpServer (BaseHttpServer.java:newHttpServer2BuilderForOzone(224)) - Starting Web-server for ozoneManager at: http://0.0.0.0:15040
2023-06-29 22:13:23,970 [main] INFO  http.BaseHttpServer (BaseHttpServer.java:<init>(111)) - Hadoop Security Enabled: false Ozone Security Enabled: false Ozone HTTP Security Enabled: false 
2023-06-29 22:13:23,973 [main] WARN  server.AuthenticationFilter (AuthenticationFilter.java:constructSecretProvider(240)) - Unable to initialize FileSignerSecretProvider, falling back to use random secrets. Reason: Could not read signature secret file: /home/runner/hadoop-http-auth-signature-secret
2023-06-29 22:13:23,973 [main] INFO  http.HttpRequestLog (HttpRequestLog.java:getRequestLog(86)) - Http request log for http.requests.ozoneManager is not defined
2023-06-29 22:13:23,975 [main] INFO  http.HttpServer2 (HttpServer2.java:addGlobalFilter(1031)) - Added global filter 'safety' (class=org.apache.hadoop.hdds.server.http.HttpServer2$QuotingInputFilter)
2023-06-29 22:13:23,975 [main] INFO  http.HttpServer2 (HttpServer2.java:addFilter(1007)) - Added filter static_user_filter (class=org.apache.hadoop.http.lib.StaticUserWebFilter$StaticUserFilter) to context ozoneManager
2023-06-29 22:13:23,976 [main] INFO  http.HttpServer2 (HttpServer2.java:addFilter(1015)) - Added filter static_user_filter (class=org.apache.hadoop.http.lib.StaticUserWebFilter$StaticUserFilter) to context logs
2023-06-29 22:13:23,976 [main] INFO  http.HttpServer2 (HttpServer2.java:addFilter(1015)) - Added filter static_user_filter (class=org.apache.hadoop.http.lib.StaticUserWebFilter$StaticUserFilter) to context static
2023-06-29 22:13:23,976 [main] INFO  http.BaseHttpServer (BaseHttpServer.java:<init>(190)) - HTTP server of ozoneManager uses base directory /home/runner/work/ozone/ozone/hadoop-ozone/integration-test/target/test-dir/MiniOzoneClusterImpl-bfa5a98b-f4fa-4e92-9252-0122c5abb8e0/ozone-meta/webserver
2023-06-29 22:13:23,976 [main] INFO  http.HttpServer2 (HttpServer2.java:bindListener(1250)) - Jetty bound to port 15040
2023-06-29 22:13:23,977 [main] INFO  server.Server (Server.java:doStart(375)) - jetty-9.4.51.v20230217; built: 2023-02-17T08:19:37.309Z; git: b45c405e4544384de066f814ed42ae3dceacdd49; jvm 1.8.0_372-b07
2023-06-29 22:13:23,978 [main] INFO  server.session (DefaultSessionIdManager.java:doStart(334)) - DefaultSessionIdManager workerName=node0
2023-06-29 22:13:23,978 [main] INFO  server.session (DefaultSessionIdManager.java:doStart(339)) - No SessionScavenger set, using defaults
2023-06-29 22:13:23,978 [main] INFO  server.session (HouseKeeper.java:startScavenging(132)) - node0 Scavenging every 660000ms
2023-06-29 22:13:23,979 [main] INFO  handler.ContextHandler (ContextHandler.java:doStart(921)) - Started o.e.j.s.ServletContextHandler@25b905fd{logs,/logs,file:///home/runner/work/ozone/ozone/hadoop-ozone/integration-test/target/log,AVAILABLE}
2023-06-29 22:13:23,979 [main] INFO  handler.ContextHandler (ContextHandler.java:doStart(921)) - Started o.e.j.s.ServletContextHandler@a6719ed{static,/static,file:///home/runner/work/ozone/ozone/hadoop-ozone/integration-test/target/test-classes/webapps/static,AVAILABLE}
2023-06-29 22:13:23,982 [main] INFO  handler.ContextHandler (ContextHandler.java:doStart(921)) - Started o.e.j.w.WebAppContext@1cb50ab1{ozoneManager,/,file:///home/runner/work/ozone/ozone/hadoop-ozone/integration-test/target/test-classes/webapps/ozoneManager/,AVAILABLE}{file:/home/runner/work/ozone/ozone/hadoop-ozone/integration-test/target/test-classes/webapps/ozoneManager}
2023-06-29 22:13:23,985 [main] INFO  server.AbstractConnector (AbstractConnector.java:doStart(333)) - Started ServerConnector@13bd20fc{HTTP/1.1, (http/1.1)}{0.0.0.0:15040}
2023-06-29 22:13:23,985 [main] INFO  server.Server (Server.java:doStart(415)) - Started @184808ms
2023-06-29 22:13:23,985 [main] WARN  impl.MetricsSystemImpl (MetricsSystemImpl.java:register(279)) - Sink prometheus already exists!
2023-06-29 22:13:23,986 [main] INFO  http.BaseHttpServer (BaseHttpServer.java:updateConnectorAddress(344)) - HTTP server of ozoneManager listening at http://0.0.0.0:15040
2023-06-29 22:13:23,986 [IPC Server Responder] INFO  ipc.Server (Server.java:run(1562)) - IPC Server Responder: starting
2023-06-29 22:13:23,987 [IPC Server listener on 15039] INFO  ipc.Server (Server.java:run(1402)) - IPC Server listener on 15039: starting
2023-06-29 22:13:23,990 [main] INFO  om.OzoneManager (OzoneManager.java:startTrashEmptier(2090)) - Trash Interval set to 0. Files deleted won't move to trash
2023-06-29 22:13:23,997 [main] WARN  impl.MetricRegistriesImpl (MetricRegistriesImpl.java:addReporterRegistration(111)) - New reporters are added after registries were created. Some metrics will be missing from the reporter. Please add reporter before adding any new registry.
2023-06-29 22:13:23,998 [main] WARN  impl.MetricRegistriesImpl (MetricRegistriesImpl.java:addReporterRegistration(111)) - New reporters are added after registries were created. Some metrics will be missing from the reporter. Please add reporter before adding any new registry.
2023-06-29 22:13:23,998 [main] INFO  impl.MetricsSystemImpl (MetricsSystemImpl.java:init(158)) - HddsDatanode metrics system started (again)
2023-06-29 22:13:24,009 [main] INFO  ozone.HddsDatanodeService (HddsDatanodeService.java:start(237)) - HddsDatanodeService host:fv-az83-404.uavyq1izdhte5b0ne1us2eqzhb.jx.internal.cloudapp.net ip:10.1.0.248
2023-06-29 22:13:24,027 [main] INFO  upgrade.AbstractLayoutVersionManager (AbstractLayoutVersionManager.java:init(83)) - Initializing Layout version manager with metadata layout = HADOOP_PRC_PORTS_IN_DATANODEDETAILS (version = 7), software layout = HADOOP_PRC_PORTS_IN_DATANODEDETAILS (version = 7)
2023-06-29 22:13:24,027 [main] INFO  statemachine.DatanodeStateMachine (DatanodeStateMachine.java:getEndPointTaskThreadPoolSize(279)) - Datanode State Machine Task Thread Pool size 2
2023-06-29 22:13:24,029 [main] INFO  volume.HddsVolume (HddsVolume.java:<init>(133)) - Creating HddsVolume: /home/runner/work/ozone/ozone/hadoop-ozone/integration-test/target/test-dir/MiniOzoneClusterImpl-bfa5a98b-f4fa-4e92-9252-0122c5abb8e0/datanode-0/data-0/containers/hdds of storage type : DISK capacity : 9223372036854775807
2023-06-29 22:13:24,029 [main] INFO  volume.MutableVolumeSet (MutableVolumeSet.java:initializeVolumeSet(175)) - Added Volume : /home/runner/work/ozone/ozone/hadoop-ozone/integration-test/target/test-dir/MiniOzoneClusterImpl-bfa5a98b-f4fa-4e92-9252-0122c5abb8e0/datanode-0/data-0/containers/hdds to VolumeSet
2023-06-29 22:13:24,030 [main] INFO  volume.ThrottledAsyncChecker (ThrottledAsyncChecker.java:schedule(141)) - Scheduling a check for /home/runner/work/ozone/ozone/hadoop-ozone/integration-test/target/test-dir/MiniOzoneClusterImpl-bfa5a98b-f4fa-4e92-9252-0122c5abb8e0/datanode-0/data-0/containers/hdds
2023-06-29 22:13:24,030 [main] INFO  volume.StorageVolumeChecker (StorageVolumeChecker.java:checkAllVolumes(202)) - Scheduled health check for volume /home/runner/work/ozone/ozone/hadoop-ozone/integration-test/target/test-dir/MiniOzoneClusterImpl-bfa5a98b-f4fa-4e92-9252-0122c5abb8e0/datanode-0/data-0/containers/hdds
2023-06-29 22:13:24,032 [main] INFO  volume.MutableVolumeSet (MutableVolumeSet.java:initializeVolumeSet(175)) - Added Volume : /home/runner/work/ozone/ozone/hadoop-ozone/integration-test/target/test-dir/MiniOzoneClusterImpl-bfa5a98b-f4fa-4e92-9252-0122c5abb8e0/datanode-0/data/ratis to VolumeSet
2023-06-29 22:13:24,033 [main] INFO  volume.ThrottledAsyncChecker (ThrottledAsyncChecker.java:schedule(141)) - Scheduling a check for /home/runner/work/ozone/ozone/hadoop-ozone/integration-test/target/test-dir/MiniOzoneClusterImpl-bfa5a98b-f4fa-4e92-9252-0122c5abb8e0/datanode-0/data/ratis
2023-06-29 22:13:24,033 [main] INFO  volume.StorageVolumeChecker (StorageVolumeChecker.java:checkAllVolumes(202)) - Scheduled health check for volume /home/runner/work/ozone/ozone/hadoop-ozone/integration-test/target/test-dir/MiniOzoneClusterImpl-bfa5a98b-f4fa-4e92-9252-0122c5abb8e0/datanode-0/data/ratis
2023-06-29 22:13:24,037 [Thread-1043] INFO  ozoneimpl.ContainerReader (ContainerReader.java:readVolume(175)) - Finish verifying containers on volume /home/runner/work/ozone/ozone/hadoop-ozone/integration-test/target/test-dir/MiniOzoneClusterImpl-bfa5a98b-f4fa-4e92-9252-0122c5abb8e0/datanode-0/data-0/containers/hdds
2023-06-29 22:13:24,037 [main] INFO  ozoneimpl.OzoneContainer (OzoneContainer.java:buildContainerSet(316)) - Build ContainerSet costs 0s
2023-06-29 22:13:24,039 [main] INFO  server.RaftServer (ConfUtils.java:logGet(46)) - raft.rpc.type = GRPC (default)
2023-06-29 22:13:24,039 [main] INFO  grpc.GrpcConfigKeys (ConfUtils.java:logFallback(53)) - raft.grpc.admin.host = null (fallback to raft.grpc.server.host)
2023-06-29 22:13:24,040 [main] INFO  grpc.GrpcConfigKeys (ConfUtils.java:logGet(46)) - raft.grpc.admin.port = 15048 (custom)
2023-06-29 22:13:24,040 [main] INFO  grpc.GrpcConfigKeys (ConfUtils.java:logFallback(53)) - raft.grpc.client.host = null (fallback to raft.grpc.server.host)
2023-06-29 22:13:24,040 [main] INFO  grpc.GrpcConfigKeys (ConfUtils.java:logGet(46)) - raft.grpc.client.port = 15047 (custom)
2023-06-29 22:13:24,040 [main] INFO  grpc.GrpcConfigKeys (ConfUtils.java:logGet(46)) - raft.grpc.server.host = null (default)
2023-06-29 22:13:24,040 [main] INFO  grpc.GrpcConfigKeys (ConfUtils.java:logGet(46)) - raft.grpc.server.port = 15049 (custom)
2023-06-29 22:13:24,040 [main] INFO  server.GrpcService (ConfUtils.java:logGet(46)) - raft.grpc.message.size.max = 32MB (=33554432) (custom)
2023-06-29 22:13:24,040 [main] INFO  server.RaftServerConfigKeys (ConfUtils.java:logGet(46)) - raft.server.log.appender.buffer.byte-limit = 33554432 (custom)
2023-06-29 22:13:24,040 [main] INFO  server.GrpcService (ConfUtils.java:logGet(46)) - raft.grpc.flow.control.window = 5MB (=5242880) (custom)
2023-06-29 22:13:24,041 [main] INFO  server.RaftServerConfigKeys (ConfUtils.java:logGet(46)) - raft.server.rpc.request.timeout = 60s (custom)
2023-06-29 22:13:24,041 [main] INFO  grpc.GrpcConfigKeys (ConfUtils.java:logGet(46)) - raft.grpc.server.heartbeat.channel = true (default)
2023-06-29 22:13:24,041 [main] INFO  grpc.GrpcConfigKeys (ConfUtils.java:logGet(46)) - raft.grpc.server.async.request.thread.pool.cached = true (default)
2023-06-29 22:13:24,041 [main] INFO  grpc.GrpcConfigKeys (ConfUtils.java:logGet(46)) - raft.grpc.server.async.request.thread.pool.size = 32 (default)
2023-06-29 22:13:24,043 [main] INFO  impl.DataStreamServerImpl (ConfUtils.java:logGet(46)) - raft.datastream.type = NETTY (custom)
2023-06-29 22:13:24,043 [main] INFO  server.RaftServerConfigKeys (ConfUtils.java:logGet(46)) - raft.server.data-stream.async.request.thread.pool.cached = false (default)
2023-06-29 22:13:24,043 [main] INFO  server.RaftServerConfigKeys (ConfUtils.java:logGet(46)) - raft.server.data-stream.async.request.thread.pool.size = 20 (custom)
2023-06-29 22:13:24,043 [main] INFO  server.RaftServerConfigKeys (ConfUtils.java:logGet(46)) - raft.server.data-stream.async.write.thread.pool.size = 16 (default)
2023-06-29 22:13:24,044 [main] INFO  server.RaftServerConfigKeys (ConfUtils.java:logGet(46)) - raft.server.data-stream.client.pool.size = 10 (default)
2023-06-29 22:13:24,044 [main] INFO  netty.NettyConfigKeys$DataStream (ConfUtils.java:logGet(46)) - raft.netty.dataStream.server.use-epoll = false (default)
2023-06-29 22:13:24,044 [main] INFO  netty.NettyConfigKeys$DataStream (ConfUtils.java:logGet(46)) - raft.netty.dataStream.server.boss-group.size = 0 (default)
2023-06-29 22:13:24,044 [main] INFO  netty.NettyConfigKeys$DataStream (ConfUtils.java:logGet(46)) - raft.netty.dataStream.server.worker-group.size = 0 (default)
2023-06-29 22:13:24,045 [main] INFO  netty.NettyConfigKeys$DataStream (ConfUtils.java:logGet(46)) - raft.netty.dataStream.server.tls.conf = null (default)
2023-06-29 22:13:24,045 [main] INFO  netty.NettyConfigKeys$DataStream (ConfUtils.java:logGet(46)) - raft.netty.dataStream.host = null (default)
2023-06-29 22:13:24,045 [main] INFO  netty.NettyConfigKeys$DataStream (ConfUtils.java:logGet(46)) - raft.netty.dataStream.port = 15050 (custom)
2023-06-29 22:13:24,045 [main] INFO  server.RaftServerConfigKeys (ConfUtils.java:logGet(46)) - raft.server.threadpool.proxy.cached = true (default)
2023-06-29 22:13:24,045 [main] INFO  server.RaftServerConfigKeys (ConfUtils.java:logGet(46)) - raft.server.threadpool.proxy.size = 0 (default)
2023-06-29 22:13:24,045 [main] INFO  server.RaftServerConfigKeys (ConfUtils.java:logGet(46)) - raft.server.rpc.slowness.timeout = 300s (custom)
2023-06-29 22:13:24,046 [main] INFO  server.RaftServerConfigKeys (ConfUtils.java:logGet(46)) - raft.server.leaderelection.leader.step-down.wait-time = 10s (default)
2023-06-29 22:13:24,046 [main] INFO  server.RaftServerConfigKeys (ConfUtils.java:logGet(46)) - raft.server.storage.dir = [/home/runner/work/ozone/ozone/hadoop-ozone/integration-test/target/test-dir/MiniOzoneClusterImpl-bfa5a98b-f4fa-4e92-9252-0122c5abb8e0/datanode-0/data/ratis] (custom)
2023-06-29 22:13:24,047 [d2d950cc-944e-4199-a77a-102171d6307b-NettyServerStreamRpc-bossGroup--thread1] INFO  logging.LoggingHandler (AbstractInternalLogger.java:log(148)) - [id: 0xf04c9f6e] REGISTERED
2023-06-29 22:13:24,047 [d2d950cc-944e-4199-a77a-102171d6307b-NettyServerStreamRpc-bossGroup--thread1] INFO  logging.LoggingHandler (AbstractInternalLogger.java:log(148)) - [id: 0xf04c9f6e] BIND: 0.0.0.0/0.0.0.0:15050
2023-06-29 22:13:24,047 [d2d950cc-944e-4199-a77a-102171d6307b-NettyServerStreamRpc-bossGroup--thread1] INFO  logging.LoggingHandler (AbstractInternalLogger.java:log(148)) - [id: 0xf04c9f6e, L:/0:0:0:0:0:0:0:0:15050] ACTIVE
2023-06-29 22:13:24,048 [main] INFO  server.XceiverServerGrpc (XceiverServerGrpc.java:<init>(132)) - GrpcServer channel type EpollServerSocketChannel
2023-06-29 22:13:24,050 [main] INFO  replication.ReplicationSupervisor (ReplicationSupervisor.java:nodeStateUpdated(305)) - Node state updated to IN_SERVICE, scaling executor pool size to 10
2023-06-29 22:13:24,052 [main] INFO  http.BaseHttpServer (BaseHttpServer.java:newHttpServer2BuilderForOzone(224)) - Starting Web-server for hddsDatanode at: http://0.0.0.0:15044
2023-06-29 22:13:24,052 [main] INFO  http.BaseHttpServer (BaseHttpServer.java:<init>(111)) - Hadoop Security Enabled: false Ozone Security Enabled: false Ozone HTTP Security Enabled: false 
2023-06-29 22:13:24,053 [main] WARN  server.AuthenticationFilter (AuthenticationFilter.java:constructSecretProvider(240)) - Unable to initialize FileSignerSecretProvider, falling back to use random secrets. Reason: Could not read signature secret file: /home/runner/hadoop-http-auth-signature-secret
2023-06-29 22:13:24,057 [main] INFO  http.HttpRequestLog (HttpRequestLog.java:getRequestLog(86)) - Http request log for http.requests.hddsDatanode is not defined
2023-06-29 22:13:24,058 [main] INFO  http.HttpServer2 (HttpServer2.java:addGlobalFilter(1031)) - Added global filter 'safety' (class=org.apache.hadoop.hdds.server.http.HttpServer2$QuotingInputFilter)
2023-06-29 22:13:24,059 [main] INFO  http.HttpServer2 (HttpServer2.java:addFilter(1007)) - Added filter static_user_filter (class=org.apache.hadoop.http.lib.StaticUserWebFilter$StaticUserFilter) to context hddsDatanode
2023-06-29 22:13:24,059 [main] INFO  http.HttpServer2 (HttpServer2.java:addFilter(1015)) - Added filter static_user_filter (class=org.apache.hadoop.http.lib.StaticUserWebFilter$StaticUserFilter) to context logs
2023-06-29 22:13:24,059 [main] INFO  http.HttpServer2 (HttpServer2.java:addFilter(1015)) - Added filter static_user_filter (class=org.apache.hadoop.http.lib.StaticUserWebFilter$StaticUserFilter) to context static
2023-06-29 22:13:24,059 [main] INFO  http.BaseHttpServer (BaseHttpServer.java:<init>(190)) - HTTP server of hddsDatanode uses base directory /home/runner/work/ozone/ozone/hadoop-ozone/integration-test/target/test-dir/MiniOzoneClusterImpl-bfa5a98b-f4fa-4e92-9252-0122c5abb8e0/datanode-0/meta/webserver
2023-06-29 22:13:24,060 [main] INFO  http.HttpServer2 (HttpServer2.java:bindListener(1250)) - Jetty bound to port 15044
2023-06-29 22:13:24,060 [main] INFO  server.Server (Server.java:doStart(375)) - jetty-9.4.51.v20230217; built: 2023-02-17T08:19:37.309Z; git: b45c405e4544384de066f814ed42ae3dceacdd49; jvm 1.8.0_372-b07
2023-06-29 22:13:24,061 [main] INFO  server.session (DefaultSessionIdManager.java:doStart(334)) - DefaultSessionIdManager workerName=node0
2023-06-29 22:13:24,061 [main] INFO  server.session (DefaultSessionIdManager.java:doStart(339)) - No SessionScavenger set, using defaults
2023-06-29 22:13:24,061 [main] INFO  server.session (HouseKeeper.java:startScavenging(132)) - node0 Scavenging every 600000ms
2023-06-29 22:13:24,062 [main] INFO  handler.ContextHandler (ContextHandler.java:doStart(921)) - Started o.e.j.s.ServletContextHandler@5ffc19fb{logs,/logs,file:///home/runner/work/ozone/ozone/hadoop-ozone/integration-test/target/log,AVAILABLE}
2023-06-29 22:13:24,063 [main] INFO  handler.ContextHandler (ContextHandler.java:doStart(921)) - Started o.e.j.s.ServletContextHandler@47893d43{static,/static,jar:file:/home/runner/.m2/repository/org/apache/ozone/hdds-container-service/1.4.0-SNAPSHOT/hdds-container-service-1.4.0-SNAPSHOT.jar!/webapps/static,AVAILABLE}
2023-06-29 22:13:24,271 [main] INFO  handler.ContextHandler (ContextHandler.java:doStart(921)) - Started o.e.j.w.WebAppContext@3bc14409{hddsDatanode,/,file:///home/runner/work/ozone/ozone/hadoop-ozone/integration-test/target/test-dir/MiniOzoneClusterImpl-bfa5a98b-f4fa-4e92-9252-0122c5abb8e0/datanode-0/meta/webserver/jetty-0_0_0_0-15044-hdds-container-service-1_4_0-SNAPSHOT_jar-_-any-8930558963087676727/webapp/,AVAILABLE}{jar:file:/home/runner/.m2/repository/org/apache/ozone/hdds-container-service/1.4.0-SNAPSHOT/hdds-container-service-1.4.0-SNAPSHOT.jar!/webapps/hddsDatanode}
2023-06-29 22:13:24,272 [main] INFO  server.AbstractConnector (AbstractConnector.java:doStart(333)) - Started ServerConnector@1e4e195b{HTTP/1.1, (http/1.1)}{0.0.0.0:15044}
2023-06-29 22:13:24,272 [main] INFO  server.Server (Server.java:doStart(415)) - Started @185095ms
2023-06-29 22:13:24,272 [main] WARN  impl.MetricsSystemImpl (MetricsSystemImpl.java:register(279)) - Sink prometheus already exists!
2023-06-29 22:13:24,273 [main] INFO  http.BaseHttpServer (BaseHttpServer.java:updateConnectorAddress(344)) - HTTP server of hddsDatanode listening at http://0.0.0.0:15044
2023-06-29 22:13:24,273 [main] INFO  ipc.CallQueueManager (CallQueueManager.java:<init>(90)) - Using callQueue: class java.util.concurrent.LinkedBlockingQueue, queueCapacity: 100, scheduler: class org.apache.hadoop.ipc.DefaultRpcScheduler, ipcBackoff: false.
2023-06-29 22:13:24,274 [main] INFO  ipc.Server (Server.java:<init>(1287)) - Listener at 0.0.0.0:15045
2023-06-29 22:13:24,275 [Socket Reader #1 for port 15045] INFO  ipc.Server (Server.java:run(1323)) - Starting Socket Reader #1 for port 15045
2023-06-29 22:13:24,281 [main] INFO  ozone.HddsDatanodeService (HddsDatanodeService.java:start(315)) - Datanode start with admins: [runner]
2023-06-29 22:13:24,281 [main] INFO  ozone.HddsDatanodeClientProtocolServer (HddsDatanodeClientProtocolServer.java:start(72)) - RPC server for Client /0.0.0.0:15045
2023-06-29 22:13:24,281 [IPC Server Responder] INFO  ipc.Server (Server.java:run(1562)) - IPC Server Responder: starting
2023-06-29 22:13:24,283 [IPC Server listener on 15045] INFO  ipc.Server (Server.java:run(1402)) - IPC Server listener on 15045: starting
2023-06-29 22:13:24,284 [main] WARN  impl.MetricRegistriesImpl (MetricRegistriesImpl.java:addReporterRegistration(111)) - New reporters are added after registries were created. Some metrics will be missing from the reporter. Please add reporter before adding any new registry.
2023-06-29 22:13:24,284 [main] WARN  impl.MetricRegistriesImpl (MetricRegistriesImpl.java:addReporterRegistration(111)) - New reporters are added after registries were created. Some metrics will be missing from the reporter. Please add reporter before adding any new registry.
2023-06-29 22:13:24,284 [main] INFO  impl.MetricsSystemImpl (MetricsSystemImpl.java:init(158)) - HddsDatanode metrics system started (again)
2023-06-29 22:13:24,293 [Datanode State Machine Daemon Thread] INFO  statemachine.DatanodeStateMachine (DatanodeStateMachine.java:lambda$startDaemon$0(531)) - Ozone container server started.
2023-06-29 22:13:24,299 [Datanode State Machine Task Thread - 0] INFO  datanode.InitDatanodeState (InitDatanodeState.java:persistContainerDatanodeDetails(138)) - DatanodeDetails is persisted to /home/runner/work/ozone/ozone/hadoop-ozone/integration-test/target/test-dir/MiniOzoneClusterImpl-bfa5a98b-f4fa-4e92-9252-0122c5abb8e0/datanode-0/meta/datanode.id
2023-06-29 22:13:24,307 [main] INFO  ozone.HddsDatanodeService (HddsDatanodeService.java:start(237)) - HddsDatanodeService host:fv-az83-404.uavyq1izdhte5b0ne1us2eqzhb.jx.internal.cloudapp.net ip:10.1.0.248
2023-06-29 22:13:24,337 [main] INFO  upgrade.AbstractLayoutVersionManager (AbstractLayoutVersionManager.java:init(83)) - Initializing Layout version manager with metadata layout = HADOOP_PRC_PORTS_IN_DATANODEDETAILS (version = 7), software layout = HADOOP_PRC_PORTS_IN_DATANODEDETAILS (version = 7)
2023-06-29 22:13:24,338 [main] INFO  statemachine.DatanodeStateMachine (DatanodeStateMachine.java:getEndPointTaskThreadPoolSize(279)) - Datanode State Machine Task Thread Pool size 2
2023-06-29 22:13:24,343 [main] INFO  volume.HddsVolume (HddsVolume.java:<init>(133)) - Creating HddsVolume: /home/runner/work/ozone/ozone/hadoop-ozone/integration-test/target/test-dir/MiniOzoneClusterImpl-bfa5a98b-f4fa-4e92-9252-0122c5abb8e0/datanode-1/data-0/containers/hdds of storage type : DISK capacity : 9223372036854775807
2023-06-29 22:13:24,344 [main] INFO  volume.MutableVolumeSet (MutableVolumeSet.java:initializeVolumeSet(175)) - Added Volume : /home/runner/work/ozone/ozone/hadoop-ozone/integration-test/target/test-dir/MiniOzoneClusterImpl-bfa5a98b-f4fa-4e92-9252-0122c5abb8e0/datanode-1/data-0/containers/hdds to VolumeSet
2023-06-29 22:13:24,344 [main] INFO  volume.ThrottledAsyncChecker (ThrottledAsyncChecker.java:schedule(141)) - Scheduling a check for /home/runner/work/ozone/ozone/hadoop-ozone/integration-test/target/test-dir/MiniOzoneClusterImpl-bfa5a98b-f4fa-4e92-9252-0122c5abb8e0/datanode-1/data-0/containers/hdds
2023-06-29 22:13:24,345 [main] INFO  volume.StorageVolumeChecker (StorageVolumeChecker.java:checkAllVolumes(202)) - Scheduled health check for volume /home/runner/work/ozone/ozone/hadoop-ozone/integration-test/target/test-dir/MiniOzoneClusterImpl-bfa5a98b-f4fa-4e92-9252-0122c5abb8e0/datanode-1/data-0/containers/hdds
2023-06-29 22:13:24,351 [main] INFO  volume.MutableVolumeSet (MutableVolumeSet.java:initializeVolumeSet(175)) - Added Volume : /home/runner/work/ozone/ozone/hadoop-ozone/integration-test/target/test-dir/MiniOzoneClusterImpl-bfa5a98b-f4fa-4e92-9252-0122c5abb8e0/datanode-1/data/ratis to VolumeSet
2023-06-29 22:13:24,351 [main] INFO  volume.ThrottledAsyncChecker (ThrottledAsyncChecker.java:schedule(141)) - Scheduling a check for /home/runner/work/ozone/ozone/hadoop-ozone/integration-test/target/test-dir/MiniOzoneClusterImpl-bfa5a98b-f4fa-4e92-9252-0122c5abb8e0/datanode-1/data/ratis
2023-06-29 22:13:24,353 [main] INFO  volume.StorageVolumeChecker (StorageVolumeChecker.java:checkAllVolumes(202)) - Scheduled health check for volume /home/runner/work/ozone/ozone/hadoop-ozone/integration-test/target/test-dir/MiniOzoneClusterImpl-bfa5a98b-f4fa-4e92-9252-0122c5abb8e0/datanode-1/data/ratis
2023-06-29 22:13:24,357 [Thread-1060] INFO  ozoneimpl.ContainerReader (ContainerReader.java:readVolume(175)) - Finish verifying containers on volume /home/runner/work/ozone/ozone/hadoop-ozone/integration-test/target/test-dir/MiniOzoneClusterImpl-bfa5a98b-f4fa-4e92-9252-0122c5abb8e0/datanode-1/data-0/containers/hdds
2023-06-29 22:13:24,357 [main] INFO  ozoneimpl.OzoneContainer (OzoneContainer.java:buildContainerSet(316)) - Build ContainerSet costs 0s
2023-06-29 22:13:24,359 [main] INFO  server.RaftServer (ConfUtils.java:logGet(46)) - raft.rpc.type = GRPC (default)
2023-06-29 22:13:24,359 [main] INFO  grpc.GrpcConfigKeys (ConfUtils.java:logFallback(53)) - raft.grpc.admin.host = null (fallback to raft.grpc.server.host)
2023-06-29 22:13:24,359 [main] INFO  grpc.GrpcConfigKeys (ConfUtils.java:logGet(46)) - raft.grpc.admin.port = 15057 (custom)
2023-06-29 22:13:24,360 [main] INFO  grpc.GrpcConfigKeys (ConfUtils.java:logFallback(53)) - raft.grpc.client.host = null (fallback to raft.grpc.server.host)
2023-06-29 22:13:24,360 [main] INFO  grpc.GrpcConfigKeys (ConfUtils.java:logGet(46)) - raft.grpc.client.port = 15056 (custom)
2023-06-29 22:13:24,360 [main] INFO  grpc.GrpcConfigKeys (ConfUtils.java:logGet(46)) - raft.grpc.server.host = null (default)
2023-06-29 22:13:24,360 [main] INFO  grpc.GrpcConfigKeys (ConfUtils.java:logGet(46)) - raft.grpc.server.port = 15058 (custom)
2023-06-29 22:13:24,360 [main] INFO  server.GrpcService (ConfUtils.java:logGet(46)) - raft.grpc.message.size.max = 32MB (=33554432) (custom)
2023-06-29 22:13:24,360 [main] INFO  server.RaftServerConfigKeys (ConfUtils.java:logGet(46)) - raft.server.log.appender.buffer.byte-limit = 33554432 (custom)
2023-06-29 22:13:24,360 [main] INFO  server.GrpcService (ConfUtils.java:logGet(46)) - raft.grpc.flow.control.window = 5MB (=5242880) (custom)
2023-06-29 22:13:24,360 [main] INFO  server.RaftServerConfigKeys (ConfUtils.java:logGet(46)) - raft.server.rpc.request.timeout = 60s (custom)
2023-06-29 22:13:24,360 [main] INFO  grpc.GrpcConfigKeys (ConfUtils.java:logGet(46)) - raft.grpc.server.heartbeat.channel = true (default)
2023-06-29 22:13:24,362 [main] INFO  grpc.GrpcConfigKeys (ConfUtils.java:logGet(46)) - raft.grpc.server.async.request.thread.pool.cached = true (default)
2023-06-29 22:13:24,362 [main] INFO  grpc.GrpcConfigKeys (ConfUtils.java:logGet(46)) - raft.grpc.server.async.request.thread.pool.size = 32 (default)
2023-06-29 22:13:24,364 [main] INFO  impl.DataStreamServerImpl (ConfUtils.java:logGet(46)) - raft.datastream.type = NETTY (custom)
2023-06-29 22:13:24,365 [main] INFO  server.RaftServerConfigKeys (ConfUtils.java:logGet(46)) - raft.server.data-stream.async.request.thread.pool.cached = false (default)
2023-06-29 22:13:24,365 [main] INFO  server.RaftServerConfigKeys (ConfUtils.java:logGet(46)) - raft.server.data-stream.async.request.thread.pool.size = 20 (custom)
2023-06-29 22:13:24,365 [main] INFO  server.RaftServerConfigKeys (ConfUtils.java:logGet(46)) - raft.server.data-stream.async.write.thread.pool.size = 16 (default)
2023-06-29 22:13:24,365 [main] INFO  server.RaftServerConfigKeys (ConfUtils.java:logGet(46)) - raft.server.data-stream.client.pool.size = 10 (default)
2023-06-29 22:13:24,365 [main] INFO  netty.NettyConfigKeys$DataStream (ConfUtils.java:logGet(46)) - raft.netty.dataStream.server.use-epoll = false (default)
2023-06-29 22:13:24,365 [main] INFO  netty.NettyConfigKeys$DataStream (ConfUtils.java:logGet(46)) - raft.netty.dataStream.server.boss-group.size = 0 (default)
2023-06-29 22:13:24,366 [main] INFO  netty.NettyConfigKeys$DataStream (ConfUtils.java:logGet(46)) - raft.netty.dataStream.server.worker-group.size = 0 (default)
2023-06-29 22:13:24,366 [main] INFO  netty.NettyConfigKeys$DataStream (ConfUtils.java:logGet(46)) - raft.netty.dataStream.server.tls.conf = null (default)
2023-06-29 22:13:24,366 [main] INFO  netty.NettyConfigKeys$DataStream (ConfUtils.java:logGet(46)) - raft.netty.dataStream.host = null (default)
2023-06-29 22:13:24,366 [main] INFO  netty.NettyConfigKeys$DataStream (ConfUtils.java:logGet(46)) - raft.netty.dataStream.port = 15059 (custom)
2023-06-29 22:13:24,367 [main] INFO  server.RaftServerConfigKeys (ConfUtils.java:logGet(46)) - raft.server.threadpool.proxy.cached = true (default)
2023-06-29 22:13:24,367 [main] INFO  server.RaftServerConfigKeys (ConfUtils.java:logGet(46)) - raft.server.threadpool.proxy.size = 0 (default)
2023-06-29 22:13:24,367 [main] INFO  server.RaftServerConfigKeys (ConfUtils.java:logGet(46)) - raft.server.rpc.slowness.timeout = 300s (custom)
2023-06-29 22:13:24,367 [6201354d-b529-4d76-9c06-546548fd1ab2-NettyServerStreamRpc-bossGroup--thread1] INFO  logging.LoggingHandler (AbstractInternalLogger.java:log(148)) - [id: 0x020eba6b] REGISTERED
2023-06-29 22:13:24,367 [main] INFO  server.RaftServerConfigKeys (ConfUtils.java:logGet(46)) - raft.server.leaderelection.leader.step-down.wait-time = 10s (default)
2023-06-29 22:13:24,368 [6201354d-b529-4d76-9c06-546548fd1ab2-NettyServerStreamRpc-bossGroup--thread1] INFO  logging.LoggingHandler (AbstractInternalLogger.java:log(148)) - [id: 0x020eba6b] BIND: 0.0.0.0/0.0.0.0:15059
2023-06-29 22:13:24,368 [main] INFO  server.RaftServerConfigKeys (ConfUtils.java:logGet(46)) - raft.server.storage.dir = [/home/runner/work/ozone/ozone/hadoop-ozone/integration-test/target/test-dir/MiniOzoneClusterImpl-bfa5a98b-f4fa-4e92-9252-0122c5abb8e0/datanode-1/data/ratis] (custom)
2023-06-29 22:13:24,368 [6201354d-b529-4d76-9c06-546548fd1ab2-NettyServerStreamRpc-bossGroup--thread1] INFO  logging.LoggingHandler (AbstractInternalLogger.java:log(148)) - [id: 0x020eba6b, L:/0:0:0:0:0:0:0:0:15059] ACTIVE
2023-06-29 22:13:24,371 [main] INFO  server.XceiverServerGrpc (XceiverServerGrpc.java:<init>(132)) - GrpcServer channel type EpollServerSocketChannel
2023-06-29 22:13:24,377 [main] INFO  replication.ReplicationSupervisor (ReplicationSupervisor.java:nodeStateUpdated(305)) - Node state updated to IN_SERVICE, scaling executor pool size to 10
2023-06-29 22:13:24,381 [main] INFO  http.BaseHttpServer (BaseHttpServer.java:newHttpServer2BuilderForOzone(224)) - Starting Web-server for hddsDatanode at: http://0.0.0.0:15053
2023-06-29 22:13:24,381 [main] INFO  http.BaseHttpServer (BaseHttpServer.java:<init>(111)) - Hadoop Security Enabled: false Ozone Security Enabled: false Ozone HTTP Security Enabled: false 
2023-06-29 22:13:24,382 [main] WARN  server.AuthenticationFilter (AuthenticationFilter.java:constructSecretProvider(240)) - Unable to initialize FileSignerSecretProvider, falling back to use random secrets. Reason: Could not read signature secret file: /home/runner/hadoop-http-auth-signature-secret
2023-06-29 22:13:24,382 [main] INFO  http.HttpRequestLog (HttpRequestLog.java:getRequestLog(86)) - Http request log for http.requests.hddsDatanode is not defined
2023-06-29 22:13:24,385 [main] INFO  http.HttpServer2 (HttpServer2.java:addGlobalFilter(1031)) - Added global filter 'safety' (class=org.apache.hadoop.hdds.server.http.HttpServer2$QuotingInputFilter)
2023-06-29 22:13:24,385 [main] INFO  http.HttpServer2 (HttpServer2.java:addFilter(1007)) - Added filter static_user_filter (class=org.apache.hadoop.http.lib.StaticUserWebFilter$StaticUserFilter) to context hddsDatanode
2023-06-29 22:13:24,385 [main] INFO  http.HttpServer2 (HttpServer2.java:addFilter(1015)) - Added filter static_user_filter (class=org.apache.hadoop.http.lib.StaticUserWebFilter$StaticUserFilter) to context logs
2023-06-29 22:13:24,385 [main] INFO  http.HttpServer2 (HttpServer2.java:addFilter(1015)) - Added filter static_user_filter (class=org.apache.hadoop.http.lib.StaticUserWebFilter$StaticUserFilter) to context static
2023-06-29 22:13:24,387 [main] INFO  http.BaseHttpServer (BaseHttpServer.java:<init>(190)) - HTTP server of hddsDatanode uses base directory /home/runner/work/ozone/ozone/hadoop-ozone/integration-test/target/test-dir/MiniOzoneClusterImpl-bfa5a98b-f4fa-4e92-9252-0122c5abb8e0/datanode-1/meta/webserver
2023-06-29 22:13:24,388 [main] INFO  http.HttpServer2 (HttpServer2.java:bindListener(1250)) - Jetty bound to port 15053
2023-06-29 22:13:24,388 [main] INFO  server.Server (Server.java:doStart(375)) - jetty-9.4.51.v20230217; built: 2023-02-17T08:19:37.309Z; git: b45c405e4544384de066f814ed42ae3dceacdd49; jvm 1.8.0_372-b07
2023-06-29 22:13:24,389 [main] INFO  server.session (DefaultSessionIdManager.java:doStart(334)) - DefaultSessionIdManager workerName=node0
2023-06-29 22:13:24,390 [main] INFO  server.session (DefaultSessionIdManager.java:doStart(339)) - No SessionScavenger set, using defaults
2023-06-29 22:13:24,390 [main] INFO  server.session (HouseKeeper.java:startScavenging(132)) - node0 Scavenging every 660000ms
2023-06-29 22:13:24,391 [main] INFO  handler.ContextHandler (ContextHandler.java:doStart(921)) - Started o.e.j.s.ServletContextHandler@5ffcb6aa{logs,/logs,file:///home/runner/work/ozone/ozone/hadoop-ozone/integration-test/target/log,AVAILABLE}
2023-06-29 22:13:24,391 [main] INFO  handler.ContextHandler (ContextHandler.java:doStart(921)) - Started o.e.j.s.ServletContextHandler@5dc77a30{static,/static,jar:file:/home/runner/.m2/repository/org/apache/ozone/hdds-container-service/1.4.0-SNAPSHOT/hdds-container-service-1.4.0-SNAPSHOT.jar!/webapps/static,AVAILABLE}
2023-06-29 22:13:24,596 [main] INFO  handler.ContextHandler (ContextHandler.java:doStart(921)) - Started o.e.j.w.WebAppContext@5527870c{hddsDatanode,/,file:///home/runner/work/ozone/ozone/hadoop-ozone/integration-test/target/test-dir/MiniOzoneClusterImpl-bfa5a98b-f4fa-4e92-9252-0122c5abb8e0/datanode-1/meta/webserver/jetty-0_0_0_0-15053-hdds-container-service-1_4_0-SNAPSHOT_jar-_-any-5763331491752550114/webapp/,AVAILABLE}{jar:file:/home/runner/.m2/repository/org/apache/ozone/hdds-container-service/1.4.0-SNAPSHOT/hdds-container-service-1.4.0-SNAPSHOT.jar!/webapps/hddsDatanode}
2023-06-29 22:13:24,597 [main] INFO  server.AbstractConnector (AbstractConnector.java:doStart(333)) - Started ServerConnector@4299c1af{HTTP/1.1, (http/1.1)}{0.0.0.0:15053}
2023-06-29 22:13:24,597 [main] INFO  server.Server (Server.java:doStart(415)) - Started @185420ms
2023-06-29 22:13:24,597 [main] WARN  impl.MetricsSystemImpl (MetricsSystemImpl.java:register(279)) - Sink prometheus already exists!
2023-06-29 22:13:24,598 [main] INFO  http.BaseHttpServer (BaseHttpServer.java:updateConnectorAddress(344)) - HTTP server of hddsDatanode listening at http://0.0.0.0:15053
2023-06-29 22:13:24,598 [main] INFO  ipc.CallQueueManager (CallQueueManager.java:<init>(90)) - Using callQueue: class java.util.concurrent.LinkedBlockingQueue, queueCapacity: 100, scheduler: class org.apache.hadoop.ipc.DefaultRpcScheduler, ipcBackoff: false.
2023-06-29 22:13:24,598 [main] INFO  ipc.Server (Server.java:<init>(1287)) - Listener at 0.0.0.0:15054
2023-06-29 22:13:24,600 [Socket Reader #1 for port 15054] INFO  ipc.Server (Server.java:run(1323)) - Starting Socket Reader #1 for port 15054
2023-06-29 22:13:24,602 [main] INFO  ozone.HddsDatanodeService (HddsDatanodeService.java:start(315)) - Datanode start with admins: [runner]
2023-06-29 22:13:24,602 [main] INFO  ozone.HddsDatanodeClientProtocolServer (HddsDatanodeClientProtocolServer.java:start(72)) - RPC server for Client /0.0.0.0:15054
2023-06-29 22:13:24,602 [IPC Server Responder] INFO  ipc.Server (Server.java:run(1562)) - IPC Server Responder: starting
2023-06-29 22:13:24,603 [IPC Server listener on 15054] INFO  ipc.Server (Server.java:run(1402)) - IPC Server listener on 15054: starting
2023-06-29 22:13:24,603 [main] WARN  impl.MetricRegistriesImpl (MetricRegistriesImpl.java:addReporterRegistration(111)) - New reporters are added after registries were created. Some metrics will be missing from the reporter. Please add reporter before adding any new registry.
2023-06-29 22:13:24,603 [main] WARN  impl.MetricRegistriesImpl (MetricRegistriesImpl.java:addReporterRegistration(111)) - New reporters are added after registries were created. Some metrics will be missing from the reporter. Please add reporter before adding any new registry.
2023-06-29 22:13:24,603 [main] INFO  impl.MetricsSystemImpl (MetricsSystemImpl.java:init(158)) - HddsDatanode metrics system started (again)
2023-06-29 22:13:24,609 [Datanode State Machine Daemon Thread] INFO  statemachine.DatanodeStateMachine (DatanodeStateMachine.java:lambda$startDaemon$0(531)) - Ozone container server started.
2023-06-29 22:13:24,615 [main] INFO  ozone.HddsDatanodeService (HddsDatanodeService.java:start(237)) - HddsDatanodeService host:fv-az83-404.uavyq1izdhte5b0ne1us2eqzhb.jx.internal.cloudapp.net ip:10.1.0.248
2023-06-29 22:13:24,620 [Datanode State Machine Task Thread - 0] INFO  datanode.InitDatanodeState (InitDatanodeState.java:persistContainerDatanodeDetails(138)) - DatanodeDetails is persisted to /home/runner/work/ozone/ozone/hadoop-ozone/integration-test/target/test-dir/MiniOzoneClusterImpl-bfa5a98b-f4fa-4e92-9252-0122c5abb8e0/datanode-1/meta/datanode.id
2023-06-29 22:13:24,631 [main] INFO  upgrade.AbstractLayoutVersionManager (AbstractLayoutVersionManager.java:init(83)) - Initializing Layout version manager with metadata layout = HADOOP_PRC_PORTS_IN_DATANODEDETAILS (version = 7), software layout = HADOOP_PRC_PORTS_IN_DATANODEDETAILS (version = 7)
2023-06-29 22:13:24,632 [main] INFO  statemachine.DatanodeStateMachine (DatanodeStateMachine.java:getEndPointTaskThreadPoolSize(279)) - Datanode State Machine Task Thread Pool size 2
2023-06-29 22:13:24,633 [main] INFO  volume.HddsVolume (HddsVolume.java:<init>(133)) - Creating HddsVolume: /home/runner/work/ozone/ozone/hadoop-ozone/integration-test/target/test-dir/MiniOzoneClusterImpl-bfa5a98b-f4fa-4e92-9252-0122c5abb8e0/datanode-2/data-0/containers/hdds of storage type : DISK capacity : 9223372036854775807
2023-06-29 22:13:24,634 [main] INFO  volume.MutableVolumeSet (MutableVolumeSet.java:initializeVolumeSet(175)) - Added Volume : /home/runner/work/ozone/ozone/hadoop-ozone/integration-test/target/test-dir/MiniOzoneClusterImpl-bfa5a98b-f4fa-4e92-9252-0122c5abb8e0/datanode-2/data-0/containers/hdds to VolumeSet
2023-06-29 22:13:24,634 [main] INFO  volume.ThrottledAsyncChecker (ThrottledAsyncChecker.java:schedule(141)) - Scheduling a check for /home/runner/work/ozone/ozone/hadoop-ozone/integration-test/target/test-dir/MiniOzoneClusterImpl-bfa5a98b-f4fa-4e92-9252-0122c5abb8e0/datanode-2/data-0/containers/hdds
2023-06-29 22:13:24,634 [main] INFO  volume.StorageVolumeChecker (StorageVolumeChecker.java:checkAllVolumes(202)) - Scheduled health check for volume /home/runner/work/ozone/ozone/hadoop-ozone/integration-test/target/test-dir/MiniOzoneClusterImpl-bfa5a98b-f4fa-4e92-9252-0122c5abb8e0/datanode-2/data-0/containers/hdds
2023-06-29 22:13:24,636 [main] INFO  volume.MutableVolumeSet (MutableVolumeSet.java:initializeVolumeSet(175)) - Added Volume : /home/runner/work/ozone/ozone/hadoop-ozone/integration-test/target/test-dir/MiniOzoneClusterImpl-bfa5a98b-f4fa-4e92-9252-0122c5abb8e0/datanode-2/data/ratis to VolumeSet
2023-06-29 22:13:24,637 [main] INFO  volume.ThrottledAsyncChecker (ThrottledAsyncChecker.java:schedule(141)) - Scheduling a check for /home/runner/work/ozone/ozone/hadoop-ozone/integration-test/target/test-dir/MiniOzoneClusterImpl-bfa5a98b-f4fa-4e92-9252-0122c5abb8e0/datanode-2/data/ratis
2023-06-29 22:13:24,637 [main] INFO  volume.StorageVolumeChecker (StorageVolumeChecker.java:checkAllVolumes(202)) - Scheduled health check for volume /home/runner/work/ozone/ozone/hadoop-ozone/integration-test/target/test-dir/MiniOzoneClusterImpl-bfa5a98b-f4fa-4e92-9252-0122c5abb8e0/datanode-2/data/ratis
2023-06-29 22:13:24,639 [Thread-1077] INFO  ozoneimpl.ContainerReader (ContainerReader.java:readVolume(175)) - Finish verifying containers on volume /home/runner/work/ozone/ozone/hadoop-ozone/integration-test/target/test-dir/MiniOzoneClusterImpl-bfa5a98b-f4fa-4e92-9252-0122c5abb8e0/datanode-2/data-0/containers/hdds
2023-06-29 22:13:24,639 [main] INFO  ozoneimpl.OzoneContainer (OzoneContainer.java:buildContainerSet(316)) - Build ContainerSet costs 0s
2023-06-29 22:13:24,641 [main] INFO  server.RaftServer (ConfUtils.java:logGet(46)) - raft.rpc.type = GRPC (default)
2023-06-29 22:13:24,641 [main] INFO  grpc.GrpcConfigKeys (ConfUtils.java:logFallback(53)) - raft.grpc.admin.host = null (fallback to raft.grpc.server.host)
2023-06-29 22:13:24,642 [main] INFO  grpc.GrpcConfigKeys (ConfUtils.java:logGet(46)) - raft.grpc.admin.port = 15066 (custom)
2023-06-29 22:13:24,642 [main] INFO  grpc.GrpcConfigKeys (ConfUtils.java:logFallback(53)) - raft.grpc.client.host = null (fallback to raft.grpc.server.host)
2023-06-29 22:13:24,642 [main] INFO  grpc.GrpcConfigKeys (ConfUtils.java:logGet(46)) - raft.grpc.client.port = 15065 (custom)
2023-06-29 22:13:24,642 [main] INFO  grpc.GrpcConfigKeys (ConfUtils.java:logGet(46)) - raft.grpc.server.host = null (default)
2023-06-29 22:13:24,642 [main] INFO  grpc.GrpcConfigKeys (ConfUtils.java:logGet(46)) - raft.grpc.server.port = 15067 (custom)
2023-06-29 22:13:24,642 [main] INFO  server.GrpcService (ConfUtils.java:logGet(46)) - raft.grpc.message.size.max = 32MB (=33554432) (custom)
2023-06-29 22:13:24,642 [main] INFO  server.RaftServerConfigKeys (ConfUtils.java:logGet(46)) - raft.server.log.appender.buffer.byte-limit = 33554432 (custom)
2023-06-29 22:13:24,642 [main] INFO  server.GrpcService (ConfUtils.java:logGet(46)) - raft.grpc.flow.control.window = 5MB (=5242880) (custom)
2023-06-29 22:13:24,642 [main] INFO  server.RaftServerConfigKeys (ConfUtils.java:logGet(46)) - raft.server.rpc.request.timeout = 60s (custom)
2023-06-29 22:13:24,643 [main] INFO  grpc.GrpcConfigKeys (ConfUtils.java:logGet(46)) - raft.grpc.server.heartbeat.channel = true (default)
2023-06-29 22:13:24,643 [main] INFO  grpc.GrpcConfigKeys (ConfUtils.java:logGet(46)) - raft.grpc.server.async.request.thread.pool.cached = true (default)
2023-06-29 22:13:24,643 [main] INFO  grpc.GrpcConfigKeys (ConfUtils.java:logGet(46)) - raft.grpc.server.async.request.thread.pool.size = 32 (default)
2023-06-29 22:13:24,645 [main] INFO  impl.DataStreamServerImpl (ConfUtils.java:logGet(46)) - raft.datastream.type = NETTY (custom)
2023-06-29 22:13:24,645 [main] INFO  server.RaftServerConfigKeys (ConfUtils.java:logGet(46)) - raft.server.data-stream.async.request.thread.pool.cached = false (default)
2023-06-29 22:13:24,645 [main] INFO  server.RaftServerConfigKeys (ConfUtils.java:logGet(46)) - raft.server.data-stream.async.request.thread.pool.size = 20 (custom)
2023-06-29 22:13:24,654 [main] INFO  server.RaftServerConfigKeys (ConfUtils.java:logGet(46)) - raft.server.data-stream.async.write.thread.pool.size = 16 (default)
2023-06-29 22:13:24,654 [main] INFO  server.RaftServerConfigKeys (ConfUtils.java:logGet(46)) - raft.server.data-stream.client.pool.size = 10 (default)
2023-06-29 22:13:24,654 [main] INFO  netty.NettyConfigKeys$DataStream (ConfUtils.java:logGet(46)) - raft.netty.dataStream.server.use-epoll = false (default)
2023-06-29 22:13:24,654 [main] INFO  netty.NettyConfigKeys$DataStream (ConfUtils.java:logGet(46)) - raft.netty.dataStream.server.boss-group.size = 0 (default)
2023-06-29 22:13:24,656 [main] INFO  netty.NettyConfigKeys$DataStream (ConfUtils.java:logGet(46)) - raft.netty.dataStream.server.worker-group.size = 0 (default)
2023-06-29 22:13:24,656 [main] INFO  netty.NettyConfigKeys$DataStream (ConfUtils.java:logGet(46)) - raft.netty.dataStream.server.tls.conf = null (default)
2023-06-29 22:13:24,656 [main] INFO  netty.NettyConfigKeys$DataStream (ConfUtils.java:logGet(46)) - raft.netty.dataStream.host = null (default)
2023-06-29 22:13:24,657 [main] INFO  netty.NettyConfigKeys$DataStream (ConfUtils.java:logGet(46)) - raft.netty.dataStream.port = 15068 (custom)
2023-06-29 22:13:24,664 [main] INFO  server.RaftServerConfigKeys (ConfUtils.java:logGet(46)) - raft.server.threadpool.proxy.cached = true (default)
2023-06-29 22:13:24,664 [main] INFO  server.RaftServerConfigKeys (ConfUtils.java:logGet(46)) - raft.server.threadpool.proxy.size = 0 (default)
2023-06-29 22:13:24,665 [main] INFO  server.RaftServerConfigKeys (ConfUtils.java:logGet(46)) - raft.server.rpc.slowness.timeout = 300s (custom)
2023-06-29 22:13:24,665 [main] INFO  server.RaftServerConfigKeys (ConfUtils.java:logGet(46)) - raft.server.leaderelection.leader.step-down.wait-time = 10s (default)
2023-06-29 22:13:24,665 [da0563b2-473a-4d54-878d-0928433366ac-NettyServerStreamRpc-bossGroup--thread1] INFO  logging.LoggingHandler (AbstractInternalLogger.java:log(148)) - [id: 0xbee8f46d] REGISTERED
2023-06-29 22:13:24,665 [main] INFO  server.RaftServerConfigKeys (ConfUtils.java:logGet(46)) - raft.server.storage.dir = [/home/runner/work/ozone/ozone/hadoop-ozone/integration-test/target/test-dir/MiniOzoneClusterImpl-bfa5a98b-f4fa-4e92-9252-0122c5abb8e0/datanode-2/data/ratis] (custom)
2023-06-29 22:13:24,666 [da0563b2-473a-4d54-878d-0928433366ac-NettyServerStreamRpc-bossGroup--thread1] INFO  logging.LoggingHandler (AbstractInternalLogger.java:log(148)) - [id: 0xbee8f46d] BIND: 0.0.0.0/0.0.0.0:15068
2023-06-29 22:13:24,666 [da0563b2-473a-4d54-878d-0928433366ac-NettyServerStreamRpc-bossGroup--thread1] INFO  logging.LoggingHandler (AbstractInternalLogger.java:log(148)) - [id: 0xbee8f46d, L:/0:0:0:0:0:0:0:0:15068] ACTIVE
2023-06-29 22:13:24,671 [main] INFO  server.XceiverServerGrpc (XceiverServerGrpc.java:<init>(132)) - GrpcServer channel type EpollServerSocketChannel
2023-06-29 22:13:24,673 [main] INFO  replication.ReplicationSupervisor (ReplicationSupervisor.java:nodeStateUpdated(305)) - Node state updated to IN_SERVICE, scaling executor pool size to 10
2023-06-29 22:13:24,674 [main] INFO  http.BaseHttpServer (BaseHttpServer.java:newHttpServer2BuilderForOzone(224)) - Starting Web-server for hddsDatanode at: http://0.0.0.0:15062
2023-06-29 22:13:24,675 [main] INFO  http.BaseHttpServer (BaseHttpServer.java:<init>(111)) - Hadoop Security Enabled: false Ozone Security Enabled: false Ozone HTTP Security Enabled: false 
2023-06-29 22:13:24,676 [main] WARN  server.AuthenticationFilter (AuthenticationFilter.java:constructSecretProvider(240)) - Unable to initialize FileSignerSecretProvider, falling back to use random secrets. Reason: Could not read signature secret file: /home/runner/hadoop-http-auth-signature-secret
2023-06-29 22:13:24,677 [main] INFO  http.HttpRequestLog (HttpRequestLog.java:getRequestLog(86)) - Http request log for http.requests.hddsDatanode is not defined
2023-06-29 22:13:24,678 [main] INFO  http.HttpServer2 (HttpServer2.java:addGlobalFilter(1031)) - Added global filter 'safety' (class=org.apache.hadoop.hdds.server.http.HttpServer2$QuotingInputFilter)
2023-06-29 22:13:24,679 [main] INFO  http.HttpServer2 (HttpServer2.java:addFilter(1007)) - Added filter static_user_filter (class=org.apache.hadoop.http.lib.StaticUserWebFilter$StaticUserFilter) to context hddsDatanode
2023-06-29 22:13:24,679 [main] INFO  http.HttpServer2 (HttpServer2.java:addFilter(1015)) - Added filter static_user_filter (class=org.apache.hadoop.http.lib.StaticUserWebFilter$StaticUserFilter) to context logs
2023-06-29 22:13:24,679 [main] INFO  http.HttpServer2 (HttpServer2.java:addFilter(1015)) - Added filter static_user_filter (class=org.apache.hadoop.http.lib.StaticUserWebFilter$StaticUserFilter) to context static
2023-06-29 22:13:24,680 [main] INFO  http.BaseHttpServer (BaseHttpServer.java:<init>(190)) - HTTP server of hddsDatanode uses base directory /home/runner/work/ozone/ozone/hadoop-ozone/integration-test/target/test-dir/MiniOzoneClusterImpl-bfa5a98b-f4fa-4e92-9252-0122c5abb8e0/datanode-2/meta/webserver
2023-06-29 22:13:24,680 [main] INFO  http.HttpServer2 (HttpServer2.java:bindListener(1250)) - Jetty bound to port 15062
2023-06-29 22:13:24,680 [main] INFO  server.Server (Server.java:doStart(375)) - jetty-9.4.51.v20230217; built: 2023-02-17T08:19:37.309Z; git: b45c405e4544384de066f814ed42ae3dceacdd49; jvm 1.8.0_372-b07
2023-06-29 22:13:24,685 [main] INFO  server.session (DefaultSessionIdManager.java:doStart(334)) - DefaultSessionIdManager workerName=node0
2023-06-29 22:13:24,685 [main] INFO  server.session (DefaultSessionIdManager.java:doStart(339)) - No SessionScavenger set, using defaults
2023-06-29 22:13:24,686 [main] INFO  server.session (HouseKeeper.java:startScavenging(132)) - node0 Scavenging every 660000ms
2023-06-29 22:13:24,686 [main] INFO  handler.ContextHandler (ContextHandler.java:doStart(921)) - Started o.e.j.s.ServletContextHandler@564c7cec{logs,/logs,file:///home/runner/work/ozone/ozone/hadoop-ozone/integration-test/target/log,AVAILABLE}
2023-06-29 22:13:24,687 [main] INFO  handler.ContextHandler (ContextHandler.java:doStart(921)) - Started o.e.j.s.ServletContextHandler@35e0603{static,/static,jar:file:/home/runner/.m2/repository/org/apache/ozone/hdds-container-service/1.4.0-SNAPSHOT/hdds-container-service-1.4.0-SNAPSHOT.jar!/webapps/static,AVAILABLE}
2023-06-29 22:13:24,886 [main] INFO  handler.ContextHandler (ContextHandler.java:doStart(921)) - Started o.e.j.w.WebAppContext@5e31df0a{hddsDatanode,/,file:///home/runner/work/ozone/ozone/hadoop-ozone/integration-test/target/test-dir/MiniOzoneClusterImpl-bfa5a98b-f4fa-4e92-9252-0122c5abb8e0/datanode-2/meta/webserver/jetty-0_0_0_0-15062-hdds-container-service-1_4_0-SNAPSHOT_jar-_-any-7876872163703863854/webapp/,AVAILABLE}{jar:file:/home/runner/.m2/repository/org/apache/ozone/hdds-container-service/1.4.0-SNAPSHOT/hdds-container-service-1.4.0-SNAPSHOT.jar!/webapps/hddsDatanode}
2023-06-29 22:13:24,888 [main] INFO  server.AbstractConnector (AbstractConnector.java:doStart(333)) - Started ServerConnector@75a2981a{HTTP/1.1, (http/1.1)}{0.0.0.0:15062}
2023-06-29 22:13:24,888 [main] INFO  server.Server (Server.java:doStart(415)) - Started @185710ms
2023-06-29 22:13:24,888 [main] WARN  impl.MetricsSystemImpl (MetricsSystemImpl.java:register(279)) - Sink prometheus already exists!
2023-06-29 22:13:24,888 [main] INFO  http.BaseHttpServer (BaseHttpServer.java:updateConnectorAddress(344)) - HTTP server of hddsDatanode listening at http://0.0.0.0:15062
2023-06-29 22:13:24,889 [main] INFO  ipc.CallQueueManager (CallQueueManager.java:<init>(90)) - Using callQueue: class java.util.concurrent.LinkedBlockingQueue, queueCapacity: 100, scheduler: class org.apache.hadoop.ipc.DefaultRpcScheduler, ipcBackoff: false.
2023-06-29 22:13:24,889 [main] INFO  ipc.Server (Server.java:<init>(1287)) - Listener at 0.0.0.0:15063
2023-06-29 22:13:24,893 [Socket Reader #1 for port 15063] INFO  ipc.Server (Server.java:run(1323)) - Starting Socket Reader #1 for port 15063
2023-06-29 22:13:24,894 [main] INFO  ozone.HddsDatanodeService (HddsDatanodeService.java:start(315)) - Datanode start with admins: [runner]
2023-06-29 22:13:24,894 [main] INFO  ozone.HddsDatanodeClientProtocolServer (HddsDatanodeClientProtocolServer.java:start(72)) - RPC server for Client /0.0.0.0:15063
2023-06-29 22:13:24,894 [IPC Server Responder] INFO  ipc.Server (Server.java:run(1562)) - IPC Server Responder: starting
2023-06-29 22:13:24,895 [IPC Server listener on 15063] INFO  ipc.Server (Server.java:run(1402)) - IPC Server listener on 15063: starting
2023-06-29 22:13:24,895 [main] INFO  ozone.MiniOzoneClusterImpl (MiniOzoneClusterImpl.java:lambda$waitForClusterToBeReady$0(224)) - Waiting for nodes to be ready. Got 0 of 3 DN Heartbeats.
2023-06-29 22:13:24,895 [main] INFO  ozone.MiniOzoneClusterImpl (MiniOzoneClusterImpl.java:lambda$waitForClusterToBeReady$0(227)) - Waiting for cluster to exit safe mode
2023-06-29 22:13:24,895 [main] INFO  ozone.MiniOzoneClusterImpl (MiniOzoneClusterImpl.java:lambda$waitForClusterToBeReady$0(229)) - SCM became leader
2023-06-29 22:13:24,898 [Datanode State Machine Daemon Thread] INFO  statemachine.DatanodeStateMachine (DatanodeStateMachine.java:lambda$startDaemon$0(531)) - Ozone container server started.
2023-06-29 22:13:24,901 [Datanode State Machine Task Thread - 0] INFO  datanode.InitDatanodeState (InitDatanodeState.java:persistContainerDatanodeDetails(138)) - DatanodeDetails is persisted to /home/runner/work/ozone/ozone/hadoop-ozone/integration-test/target/test-dir/MiniOzoneClusterImpl-bfa5a98b-f4fa-4e92-9252-0122c5abb8e0/datanode-2/meta/datanode.id
2023-06-29 22:13:25,136 [om1@group-C5BA1605619E-FollowerState] INFO  impl.FollowerState (FollowerState.java:run(143)) - om1@group-C5BA1605619E-FollowerState: change to CANDIDATE, lastRpcElapsedTime:1173088695ns, electionTimeout:1172ms
2023-06-29 22:13:25,136 [om1@group-C5BA1605619E-FollowerState] INFO  impl.RoleInfo (RoleInfo.java:shutdownFollowerState(110)) - om1: shutdown om1@group-C5BA1605619E-FollowerState
2023-06-29 22:13:25,136 [om1@group-C5BA1605619E-FollowerState] INFO  server.RaftServer$Division (RaftServerImpl.java:setRole(329)) - om1@group-C5BA1605619E: changes role from  FOLLOWER to CANDIDATE at term 0 for changeToCandidate
2023-06-29 22:13:25,137 [om1@group-C5BA1605619E-FollowerState] INFO  server.RaftServerConfigKeys (ConfUtils.java:logGet(46)) - raft.server.leaderelection.pre-vote = true (default)
2023-06-29 22:13:25,137 [om1@group-C5BA1605619E-FollowerState] INFO  impl.RoleInfo (RoleInfo.java:updateAndGet(139)) - om1: start om1@group-C5BA1605619E-LeaderElection9
2023-06-29 22:13:25,138 [om1@group-C5BA1605619E-LeaderElection9] INFO  impl.LeaderElection (LeaderElection.java:askForVotes(321)) - om1@group-C5BA1605619E-LeaderElection9 PRE_VOTE round 0: submit vote requests at term 0 for -1: peers:[om1|rpc:localhost:15042|priority:0|startupRole:FOLLOWER]|listeners:[], old=null
2023-06-29 22:13:25,138 [om1@group-C5BA1605619E-LeaderElection9] INFO  impl.LeaderElection (LeaderElection.java:askForVotes(323)) - om1@group-C5BA1605619E-LeaderElection9 PRE_VOTE round 0: result PASSED (term=0)
2023-06-29 22:13:25,139 [om1@group-C5BA1605619E-LeaderElection9] INFO  impl.LeaderElection (LeaderElection.java:askForVotes(321)) - om1@group-C5BA1605619E-LeaderElection9 ELECTION round 0: submit vote requests at term 1 for -1: peers:[om1|rpc:localhost:15042|priority:0|startupRole:FOLLOWER]|listeners:[], old=null
2023-06-29 22:13:25,139 [om1@group-C5BA1605619E-LeaderElection9] INFO  impl.LeaderElection (LeaderElection.java:askForVotes(323)) - om1@group-C5BA1605619E-LeaderElection9 ELECTION round 0: result PASSED (term=1)
2023-06-29 22:13:25,139 [om1@group-C5BA1605619E-LeaderElection9] INFO  impl.RoleInfo (RoleInfo.java:shutdownLeaderElection(130)) - om1: shutdown om1@group-C5BA1605619E-LeaderElection9
2023-06-29 22:13:25,140 [om1@group-C5BA1605619E-LeaderElection9] INFO  server.RaftServer$Division (RaftServerImpl.java:setRole(329)) - om1@group-C5BA1605619E: changes role from CANDIDATE to LEADER at term 1 for changeToLeader
2023-06-29 22:13:25,140 [om1@group-C5BA1605619E-LeaderElection9] INFO  server.RaftServer$Division (ServerState.java:setLeader(317)) - om1@group-C5BA1605619E: change Leader from null to om1 at term 1 for becomeLeader, leader elected after 1720ms
2023-06-29 22:13:25,140 [om1@group-C5BA1605619E-LeaderElection9] INFO  server.RaftServerConfigKeys (ConfUtils.java:logGet(46)) - raft.server.staging.catchup.gap = 1000 (default)
2023-06-29 22:13:25,140 [om1@group-C5BA1605619E-LeaderElection9] INFO  server.RaftServerConfigKeys (ConfUtils.java:logGet(46)) - raft.server.write.element-limit = 4096 (default)
2023-06-29 22:13:25,140 [om1@group-C5BA1605619E-LeaderElection9] INFO  server.RaftServerConfigKeys (ConfUtils.java:logGet(46)) - raft.server.write.byte-limit = 64MB (=67108864) (default)
2023-06-29 22:13:25,140 [om1@group-C5BA1605619E-LeaderElection9] INFO  server.RaftServerConfigKeys (ConfUtils.java:logGet(46)) - raft.server.watch.timeout = 10s (default)
2023-06-29 22:13:25,140 [om1@group-C5BA1605619E-LeaderElection9] INFO  server.RaftServerConfigKeys (ConfUtils.java:logGet(46)) - raft.server.watch.timeout.denomination = 1s (default)
2023-06-29 22:13:25,140 [om1@group-C5BA1605619E-LeaderElection9] INFO  server.RaftServerConfigKeys (ConfUtils.java:logGet(46)) - raft.server.watch.element-limit = 65536 (default)
2023-06-29 22:13:25,140 [om1@group-C5BA1605619E-LeaderElection9] INFO  server.RaftServerConfigKeys (ConfUtils.java:logGet(46)) - raft.server.write.element-limit = 4096 (default)
2023-06-29 22:13:25,140 [om1@group-C5BA1605619E-LeaderElection9] INFO  server.RaftServerConfigKeys (ConfUtils.java:logGet(46)) - raft.server.write.follower.gap.ratio.max = -1.0 (default)
2023-06-29 22:13:25,141 [om1@group-C5BA1605619E-LeaderElection9] INFO  impl.RoleInfo (RoleInfo.java:updateAndGet(139)) - om1: start om1@group-C5BA1605619E-LeaderStateImpl
2023-06-29 22:13:25,141 [om1@group-C5BA1605619E-LeaderElection9] INFO  segmented.SegmentedRaftLogWorker (SegmentedRaftLogWorker.java:startLogSegment(447)) - om1@group-C5BA1605619E-SegmentedRaftLogWorker: Starting segment from index:0
2023-06-29 22:13:25,145 [om1@group-C5BA1605619E-LeaderElection9] INFO  server.RaftServer$Division (ServerState.java:setRaftConf(434)) - om1@group-C5BA1605619E: set configuration 0: peers:[om1|rpc:localhost:15042|admin:|client:|dataStream:|priority:0|startupRole:FOLLOWER]|listeners:[], old=null
2023-06-29 22:13:25,153 [om1@group-C5BA1605619E-SegmentedRaftLogWorker] INFO  segmented.SegmentedRaftLogWorker (SegmentedRaftLogWorker.java:execute(651)) - om1@group-C5BA1605619E-SegmentedRaftLogWorker: created new log segment /home/runner/work/ozone/ozone/hadoop-ozone/integration-test/target/test-dir/MiniOzoneClusterImpl-bfa5a98b-f4fa-4e92-9252-0122c5abb8e0/ozone-meta/ratis/bf265839-605b-3f16-9796-c5ba1605619e/current/log_inprogress_0
2023-06-29 22:13:25,154 [om1@group-C5BA1605619E-StateMachineUpdater] INFO  ratis.OzoneManagerStateMachine (OzoneManagerStateMachine.java:notifyConfigurationChanged(201)) - Received Configuration change notification from Ratis. New Peer list:
[id: "om1"
address: "localhost:15042"
startupRole: FOLLOWER
]
2023-06-29 22:13:25,895 [main] INFO  ozone.MiniOzoneClusterImpl (MiniOzoneClusterImpl.java:lambda$waitForClusterToBeReady$0(224)) - Waiting for nodes to be ready. Got 0 of 3 DN Heartbeats.
2023-06-29 22:13:25,896 [main] INFO  ozone.MiniOzoneClusterImpl (MiniOzoneClusterImpl.java:lambda$waitForClusterToBeReady$0(227)) - Waiting for cluster to exit safe mode
2023-06-29 22:13:25,896 [main] INFO  ozone.MiniOzoneClusterImpl (MiniOzoneClusterImpl.java:lambda$waitForClusterToBeReady$0(229)) - SCM became leader
2023-06-29 22:13:26,322 [EndpointStateMachine task thread for /0.0.0.0:15037 - 0 ] INFO  utils.DatanodeStoreCache (DatanodeStoreCache.java:addDB(66)) - Added db /home/runner/work/ozone/ozone/hadoop-ozone/integration-test/target/test-dir/MiniOzoneClusterImpl-bfa5a98b-f4fa-4e92-9252-0122c5abb8e0/datanode-0/data-0/containers/hdds/bfa5a98b-f4fa-4e92-9252-0122c5abb8e0/DS-9ee82e2a-0eb3-433a-a292-e1020440906f/container.db to cache
2023-06-29 22:13:26,322 [EndpointStateMachine task thread for /0.0.0.0:15037 - 0 ] INFO  volume.HddsVolume (HddsVolume.java:createDbStore(478)) - SchemaV3 db is created and loaded at /home/runner/work/ozone/ozone/hadoop-ozone/integration-test/target/test-dir/MiniOzoneClusterImpl-bfa5a98b-f4fa-4e92-9252-0122c5abb8e0/datanode-0/data-0/containers/hdds/bfa5a98b-f4fa-4e92-9252-0122c5abb8e0/DS-9ee82e2a-0eb3-433a-a292-e1020440906f/container.db for volume DS-9ee82e2a-0eb3-433a-a292-e1020440906f
2023-06-29 22:13:26,322 [EndpointStateMachine task thread for /0.0.0.0:15037 - 0 ] INFO  ozoneimpl.OzoneContainer (OzoneContainer.java:start(419)) - Attempting to start container services.
2023-06-29 22:13:26,323 [EndpointStateMachine task thread for /0.0.0.0:15037 - 0 ] INFO  ozoneimpl.OzoneContainer (OzoneContainer.java:startContainerScrub(327)) - Scheduled background container scanners and the on-demand container scanner have been disabled.
2023-06-29 22:13:26,324 [EndpointStateMachine task thread for /0.0.0.0:15037 - 0 ] INFO  replication.ReplicationServer (ReplicationServer.java:start(128)) - ReplicationServer is started using port 15051
2023-06-29 22:13:26,324 [EndpointStateMachine task thread for /0.0.0.0:15037 - 0 ] INFO  ratis.XceiverServerRatis (XceiverServerRatis.java:start(517)) - Starting XceiverServerRatis d2d950cc-944e-4199-a77a-102171d6307b
2023-06-29 22:13:26,325 [EndpointStateMachine task thread for /0.0.0.0:15037 - 0 ] INFO  server.RaftServer (RaftServerProxy.java:startImpl(400)) - d2d950cc-944e-4199-a77a-102171d6307b: start RPC server
2023-06-29 22:13:26,326 [EndpointStateMachine task thread for /0.0.0.0:15037 - 0 ] INFO  server.GrpcService (GrpcService.java:startImpl(302)) - d2d950cc-944e-4199-a77a-102171d6307b: GrpcService started, listening on 15047
2023-06-29 22:13:26,331 [EndpointStateMachine task thread for /0.0.0.0:15037 - 0 ] INFO  server.GrpcService (GrpcService.java:startImpl(302)) - d2d950cc-944e-4199-a77a-102171d6307b: GrpcService started, listening on 15049
2023-06-29 22:13:26,332 [EndpointStateMachine task thread for /0.0.0.0:15037 - 0 ] INFO  server.GrpcService (GrpcService.java:startImpl(302)) - d2d950cc-944e-4199-a77a-102171d6307b: GrpcService started, listening on 15048
2023-06-29 22:13:26,332 [EndpointStateMachine task thread for /0.0.0.0:15037 - 0 ] INFO  ratis.XceiverServerRatis (XceiverServerRatis.java:getRealPort(543)) - XceiverServerRatis d2d950cc-944e-4199-a77a-102171d6307b is started using port 15047 for RATIS
2023-06-29 22:13:26,332 [EndpointStateMachine task thread for /0.0.0.0:15037 - 0 ] INFO  ratis.XceiverServerRatis (XceiverServerRatis.java:getRealPort(543)) - XceiverServerRatis d2d950cc-944e-4199-a77a-102171d6307b is started using port 15048 for RATIS_ADMIN
2023-06-29 22:13:26,332 [JvmPauseMonitor7] INFO  util.JvmPauseMonitor (JvmPauseMonitor.java:run(103)) - JvmPauseMonitor-d2d950cc-944e-4199-a77a-102171d6307b: Started
2023-06-29 22:13:26,333 [EndpointStateMachine task thread for /0.0.0.0:15037 - 0 ] INFO  ratis.XceiverServerRatis (XceiverServerRatis.java:getRealPort(543)) - XceiverServerRatis d2d950cc-944e-4199-a77a-102171d6307b is started using port 15049 for RATIS_SERVER
2023-06-29 22:13:26,333 [EndpointStateMachine task thread for /0.0.0.0:15037 - 0 ] INFO  ratis.XceiverServerRatis (XceiverServerRatis.java:getRealPort(543)) - XceiverServerRatis d2d950cc-944e-4199-a77a-102171d6307b is started using port 15050 for RATIS_DATASTREAM
2023-06-29 22:13:26,341 [BlockDeletingService#0] INFO  interfaces.ContainerDeletionChoosingPolicyTemplate (ContainerDeletionChoosingPolicyTemplate.java:chooseContainerForBlockDeletion(83)) - Chosen 0/5000 blocks from 0 candidate containers.
2023-06-29 22:13:26,647 [EndpointStateMachine task thread for /0.0.0.0:15037 - 0 ] INFO  utils.DatanodeStoreCache (DatanodeStoreCache.java:addDB(66)) - Added db /home/runner/work/ozone/ozone/hadoop-ozone/integration-test/target/test-dir/MiniOzoneClusterImpl-bfa5a98b-f4fa-4e92-9252-0122c5abb8e0/datanode-1/data-0/containers/hdds/bfa5a98b-f4fa-4e92-9252-0122c5abb8e0/DS-f0412e90-e4fd-4776-b246-a69c4cc457cd/container.db to cache
2023-06-29 22:13:26,647 [EndpointStateMachine task thread for /0.0.0.0:15037 - 0 ] INFO  volume.HddsVolume (HddsVolume.java:createDbStore(478)) - SchemaV3 db is created and loaded at /home/runner/work/ozone/ozone/hadoop-ozone/integration-test/target/test-dir/MiniOzoneClusterImpl-bfa5a98b-f4fa-4e92-9252-0122c5abb8e0/datanode-1/data-0/containers/hdds/bfa5a98b-f4fa-4e92-9252-0122c5abb8e0/DS-f0412e90-e4fd-4776-b246-a69c4cc457cd/container.db for volume DS-f0412e90-e4fd-4776-b246-a69c4cc457cd
2023-06-29 22:13:26,647 [EndpointStateMachine task thread for /0.0.0.0:15037 - 0 ] INFO  ozoneimpl.OzoneContainer (OzoneContainer.java:start(419)) - Attempting to start container services.
2023-06-29 22:13:26,647 [EndpointStateMachine task thread for /0.0.0.0:15037 - 0 ] INFO  ozoneimpl.OzoneContainer (OzoneContainer.java:startContainerScrub(327)) - Scheduled background container scanners and the on-demand container scanner have been disabled.
2023-06-29 22:13:26,650 [EndpointStateMachine task thread for /0.0.0.0:15037 - 0 ] INFO  replication.ReplicationServer (ReplicationServer.java:start(128)) - ReplicationServer is started using port 15060
2023-06-29 22:13:26,650 [EndpointStateMachine task thread for /0.0.0.0:15037 - 0 ] INFO  ratis.XceiverServerRatis (XceiverServerRatis.java:start(517)) - Starting XceiverServerRatis 6201354d-b529-4d76-9c06-546548fd1ab2
2023-06-29 22:13:26,653 [EndpointStateMachine task thread for /0.0.0.0:15037 - 0 ] INFO  server.RaftServer (RaftServerProxy.java:startImpl(400)) - 6201354d-b529-4d76-9c06-546548fd1ab2: start RPC server
2023-06-29 22:13:26,657 [EndpointStateMachine task thread for /0.0.0.0:15037 - 0 ] INFO  server.GrpcService (GrpcService.java:startImpl(302)) - 6201354d-b529-4d76-9c06-546548fd1ab2: GrpcService started, listening on 15056
2023-06-29 22:13:26,658 [EndpointStateMachine task thread for /0.0.0.0:15037 - 0 ] INFO  server.GrpcService (GrpcService.java:startImpl(302)) - 6201354d-b529-4d76-9c06-546548fd1ab2: GrpcService started, listening on 15058
2023-06-29 22:13:26,660 [EndpointStateMachine task thread for /0.0.0.0:15037 - 0 ] INFO  server.GrpcService (GrpcService.java:startImpl(302)) - 6201354d-b529-4d76-9c06-546548fd1ab2: GrpcService started, listening on 15057
2023-06-29 22:13:26,660 [EndpointStateMachine task thread for /0.0.0.0:15037 - 0 ] INFO  ratis.XceiverServerRatis (XceiverServerRatis.java:getRealPort(543)) - XceiverServerRatis 6201354d-b529-4d76-9c06-546548fd1ab2 is started using port 15056 for RATIS
2023-06-29 22:13:26,660 [EndpointStateMachine task thread for /0.0.0.0:15037 - 0 ] INFO  ratis.XceiverServerRatis (XceiverServerRatis.java:getRealPort(543)) - XceiverServerRatis 6201354d-b529-4d76-9c06-546548fd1ab2 is started using port 15057 for RATIS_ADMIN
2023-06-29 22:13:26,660 [JvmPauseMonitor8] INFO  util.JvmPauseMonitor (JvmPauseMonitor.java:run(103)) - JvmPauseMonitor-6201354d-b529-4d76-9c06-546548fd1ab2: Started
2023-06-29 22:13:26,660 [EndpointStateMachine task thread for /0.0.0.0:15037 - 0 ] INFO  ratis.XceiverServerRatis (XceiverServerRatis.java:getRealPort(543)) - XceiverServerRatis 6201354d-b529-4d76-9c06-546548fd1ab2 is started using port 15058 for RATIS_SERVER
2023-06-29 22:13:26,660 [EndpointStateMachine task thread for /0.0.0.0:15037 - 0 ] INFO  ratis.XceiverServerRatis (XceiverServerRatis.java:getRealPort(543)) - XceiverServerRatis 6201354d-b529-4d76-9c06-546548fd1ab2 is started using port 15059 for RATIS_DATASTREAM
2023-06-29 22:13:26,665 [BlockDeletingService#0] INFO  interfaces.ContainerDeletionChoosingPolicyTemplate (ContainerDeletionChoosingPolicyTemplate.java:chooseContainerForBlockDeletion(83)) - Chosen 0/5000 blocks from 0 candidate containers.
2023-06-29 22:13:26,896 [main] INFO  ozone.MiniOzoneClusterImpl (MiniOzoneClusterImpl.java:lambda$waitForClusterToBeReady$0(224)) - Waiting for nodes to be ready. Got 0 of 3 DN Heartbeats.
2023-06-29 22:13:26,896 [main] INFO  ozone.MiniOzoneClusterImpl (MiniOzoneClusterImpl.java:lambda$waitForClusterToBeReady$0(227)) - Waiting for cluster to exit safe mode
2023-06-29 22:13:26,896 [main] INFO  ozone.MiniOzoneClusterImpl (MiniOzoneClusterImpl.java:lambda$waitForClusterToBeReady$0(229)) - SCM became leader
2023-06-29 22:13:26,926 [EndpointStateMachine task thread for /0.0.0.0:15037 - 0 ] INFO  utils.DatanodeStoreCache (DatanodeStoreCache.java:addDB(66)) - Added db /home/runner/work/ozone/ozone/hadoop-ozone/integration-test/target/test-dir/MiniOzoneClusterImpl-bfa5a98b-f4fa-4e92-9252-0122c5abb8e0/datanode-2/data-0/containers/hdds/bfa5a98b-f4fa-4e92-9252-0122c5abb8e0/DS-e023a262-6413-445d-ab5d-d8f6ab1ef1fb/container.db to cache
2023-06-29 22:13:26,927 [EndpointStateMachine task thread for /0.0.0.0:15037 - 0 ] INFO  volume.HddsVolume (HddsVolume.java:createDbStore(478)) - SchemaV3 db is created and loaded at /home/runner/work/ozone/ozone/hadoop-ozone/integration-test/target/test-dir/MiniOzoneClusterImpl-bfa5a98b-f4fa-4e92-9252-0122c5abb8e0/datanode-2/data-0/containers/hdds/bfa5a98b-f4fa-4e92-9252-0122c5abb8e0/DS-e023a262-6413-445d-ab5d-d8f6ab1ef1fb/container.db for volume DS-e023a262-6413-445d-ab5d-d8f6ab1ef1fb
2023-06-29 22:13:26,927 [EndpointStateMachine task thread for /0.0.0.0:15037 - 0 ] INFO  ozoneimpl.OzoneContainer (OzoneContainer.java:start(419)) - Attempting to start container services.
2023-06-29 22:13:26,927 [EndpointStateMachine task thread for /0.0.0.0:15037 - 0 ] INFO  ozoneimpl.OzoneContainer (OzoneContainer.java:startContainerScrub(327)) - Scheduled background container scanners and the on-demand container scanner have been disabled.
2023-06-29 22:13:26,935 [EndpointStateMachine task thread for /0.0.0.0:15037 - 0 ] INFO  replication.ReplicationServer (ReplicationServer.java:start(128)) - ReplicationServer is started using port 15069
2023-06-29 22:13:26,935 [EndpointStateMachine task thread for /0.0.0.0:15037 - 0 ] INFO  ratis.XceiverServerRatis (XceiverServerRatis.java:start(517)) - Starting XceiverServerRatis da0563b2-473a-4d54-878d-0928433366ac
2023-06-29 22:13:26,936 [EndpointStateMachine task thread for /0.0.0.0:15037 - 0 ] INFO  server.RaftServer (RaftServerProxy.java:startImpl(400)) - da0563b2-473a-4d54-878d-0928433366ac: start RPC server
2023-06-29 22:13:26,937 [EndpointStateMachine task thread for /0.0.0.0:15037 - 0 ] INFO  server.GrpcService (GrpcService.java:startImpl(302)) - da0563b2-473a-4d54-878d-0928433366ac: GrpcService started, listening on 15065
2023-06-29 22:13:26,941 [EndpointStateMachine task thread for /0.0.0.0:15037 - 0 ] INFO  server.GrpcService (GrpcService.java:startImpl(302)) - da0563b2-473a-4d54-878d-0928433366ac: GrpcService started, listening on 15067
2023-06-29 22:13:26,943 [EndpointStateMachine task thread for /0.0.0.0:15037 - 0 ] INFO  server.GrpcService (GrpcService.java:startImpl(302)) - da0563b2-473a-4d54-878d-0928433366ac: GrpcService started, listening on 15066
2023-06-29 22:13:26,944 [EndpointStateMachine task thread for /0.0.0.0:15037 - 0 ] INFO  ratis.XceiverServerRatis (XceiverServerRatis.java:getRealPort(543)) - XceiverServerRatis da0563b2-473a-4d54-878d-0928433366ac is started using port 15065 for RATIS
2023-06-29 22:13:26,944 [EndpointStateMachine task thread for /0.0.0.0:15037 - 0 ] INFO  ratis.XceiverServerRatis (XceiverServerRatis.java:getRealPort(543)) - XceiverServerRatis da0563b2-473a-4d54-878d-0928433366ac is started using port 15066 for RATIS_ADMIN
2023-06-29 22:13:26,944 [JvmPauseMonitor9] INFO  util.JvmPauseMonitor (JvmPauseMonitor.java:run(103)) - JvmPauseMonitor-da0563b2-473a-4d54-878d-0928433366ac: Started
2023-06-29 22:13:26,944 [EndpointStateMachine task thread for /0.0.0.0:15037 - 0 ] INFO  ratis.XceiverServerRatis (XceiverServerRatis.java:getRealPort(543)) - XceiverServerRatis da0563b2-473a-4d54-878d-0928433366ac is started using port 15067 for RATIS_SERVER
2023-06-29 22:13:26,944 [EndpointStateMachine task thread for /0.0.0.0:15037 - 0 ] INFO  ratis.XceiverServerRatis (XceiverServerRatis.java:getRealPort(543)) - XceiverServerRatis da0563b2-473a-4d54-878d-0928433366ac is started using port 15068 for RATIS_DATASTREAM
2023-06-29 22:13:26,949 [BlockDeletingService#0] INFO  interfaces.ContainerDeletionChoosingPolicyTemplate (ContainerDeletionChoosingPolicyTemplate.java:chooseContainerForBlockDeletion(83)) - Chosen 0/5000 blocks from 0 candidate containers.
2023-06-29 22:13:27,896 [main] INFO  ozone.MiniOzoneClusterImpl (MiniOzoneClusterImpl.java:lambda$waitForClusterToBeReady$0(224)) - Waiting for nodes to be ready. Got 0 of 3 DN Heartbeats.
2023-06-29 22:13:27,897 [main] INFO  ozone.MiniOzoneClusterImpl (MiniOzoneClusterImpl.java:lambda$waitForClusterToBeReady$0(227)) - Waiting for cluster to exit safe mode
2023-06-29 22:13:27,897 [main] INFO  ozone.MiniOzoneClusterImpl (MiniOzoneClusterImpl.java:lambda$waitForClusterToBeReady$0(229)) - SCM became leader
2023-06-29 22:13:28,296 [IPC Server handler 0 on default port 15037] INFO  net.NetworkTopologyImpl (NetworkTopologyImpl.java:add(112)) - Added a new node: /default-rack/d2d950cc-944e-4199-a77a-102171d6307b
2023-06-29 22:13:28,297 [IPC Server handler 0 on default port 15037] INFO  node.SCMNodeManager (SCMNodeManager.java:register(405)) - Registered Data node : d2d950cc-944e-4199-a77a-102171d6307b{ip: 10.1.0.248, host: fv-az83-404.uavyq1izdhte5b0ne1us2eqzhb.jx.internal.cloudapp.net, ports: [HTTP=15044, CLIENT_RPC=15045, REPLICATION=15051, RATIS=15047, RATIS_ADMIN=15048, RATIS_SERVER=15049, RATIS_DATASTREAM=15050, STANDALONE=15046], networkLocation: /default-rack, certSerialId: null, persistedOpState: null, persistedOpStateExpiryEpochSec: 0}
2023-06-29 22:13:28,298 [EventQueue-NodeRegistrationContainerReportForContainerSafeModeRule] INFO  safemode.SCMSafeModeManager (SCMSafeModeManager.java:validateSafeModeExitRules(200)) - ContainerSafeModeRule rule is successfully validated
2023-06-29 22:13:28,301 [EventQueue-NodeRegistrationContainerReportForDataNodeSafeModeRule] INFO  safemode.SCMSafeModeManager (DataNodeSafeModeRule.java:process(71)) - SCM in safe mode. 1 DataNodes registered, 3 required.
2023-06-29 22:13:28,302 [EventQueue-NewNodeForNewNodeHandler] INFO  pipeline.BackgroundPipelineCreator (BackgroundPipelineCreator.java:notifyEventTriggered(277)) - trigger a one-shot run on RatisPipelineUtilsThread.
2023-06-29 22:13:28,302 [RatisPipelineUtilsThread - 0] INFO  pipeline.RatisPipelineProvider (RatisPipelineProvider.java:lambda$create$0(206)) - Sending CreatePipelineCommand for pipeline:PipelineID=31f0558c-3031-469e-9647-33acf6849e3b to datanode:d2d950cc-944e-4199-a77a-102171d6307b
2023-06-29 22:13:28,303 [RatisPipelineUtilsThread - 0] INFO  pipeline.BackgroundPipelineCreator (BackgroundPipelineCreator.java:createPipelines(233)) - Created new pipeline Pipeline[ Id: 31f0558c-3031-469e-9647-33acf6849e3b, Nodes: d2d950cc-944e-4199-a77a-102171d6307b(fv-az83-404.uavyq1izdhte5b0ne1us2eqzhb.jx.internal.cloudapp.net/10.1.0.248), ReplicationConfig: RATIS/ONE, State:ALLOCATED, leaderId:, CreationTimestamp2023-06-29T22:13:28.302Z[Etc/UTC]]
2023-06-29 22:13:28,310 [EventQueue-PipelineReportForOneReplicaPipelineSafeModeRule] INFO  safemode.SCMSafeModeManager (SCMSafeModeManager.java:validateSafeModeExitRules(200)) - AtleastOneDatanodeReportedRule rule is successfully validated
2023-06-29 22:13:28,617 [IPC Server handler 1 on default port 15037] INFO  net.NetworkTopologyImpl (NetworkTopologyImpl.java:add(112)) - Added a new node: /default-rack/6201354d-b529-4d76-9c06-546548fd1ab2
2023-06-29 22:13:28,617 [IPC Server handler 1 on default port 15037] INFO  node.SCMNodeManager (SCMNodeManager.java:register(405)) - Registered Data node : 6201354d-b529-4d76-9c06-546548fd1ab2{ip: 10.1.0.248, host: fv-az83-404.uavyq1izdhte5b0ne1us2eqzhb.jx.internal.cloudapp.net, ports: [HTTP=15053, CLIENT_RPC=15054, REPLICATION=15060, RATIS=15056, RATIS_ADMIN=15057, RATIS_SERVER=15058, RATIS_DATASTREAM=15059, STANDALONE=15055], networkLocation: /default-rack, certSerialId: null, persistedOpState: null, persistedOpStateExpiryEpochSec: 0}
2023-06-29 22:13:28,618 [EventQueue-NodeRegistrationContainerReportForDataNodeSafeModeRule] INFO  safemode.SCMSafeModeManager (DataNodeSafeModeRule.java:process(71)) - SCM in safe mode. 2 DataNodes registered, 3 required.
2023-06-29 22:13:28,618 [EventQueue-NewNodeForNewNodeHandler] INFO  pipeline.BackgroundPipelineCreator (BackgroundPipelineCreator.java:notifyEventTriggered(277)) - trigger a one-shot run on RatisPipelineUtilsThread.
2023-06-29 22:13:28,619 [RatisPipelineUtilsThread - 0] INFO  pipeline.RatisPipelineProvider (RatisPipelineProvider.java:lambda$create$0(206)) - Sending CreatePipelineCommand for pipeline:PipelineID=0d395748-e0ec-4f06-b62f-7db4392fb4ff to datanode:6201354d-b529-4d76-9c06-546548fd1ab2
2023-06-29 22:13:28,619 [RatisPipelineUtilsThread - 0] INFO  pipeline.BackgroundPipelineCreator (BackgroundPipelineCreator.java:createPipelines(233)) - Created new pipeline Pipeline[ Id: 0d395748-e0ec-4f06-b62f-7db4392fb4ff, Nodes: 6201354d-b529-4d76-9c06-546548fd1ab2(fv-az83-404.uavyq1izdhte5b0ne1us2eqzhb.jx.internal.cloudapp.net/10.1.0.248), ReplicationConfig: RATIS/ONE, State:ALLOCATED, leaderId:, CreationTimestamp2023-06-29T22:13:28.619Z[Etc/UTC]]
2023-06-29 22:13:28,897 [main] INFO  ozone.MiniOzoneClusterImpl (MiniOzoneClusterImpl.java:lambda$waitForClusterToBeReady$0(224)) - Waiting for nodes to be ready. Got 2 of 3 DN Heartbeats.
2023-06-29 22:13:28,897 [main] INFO  ozone.MiniOzoneClusterImpl (MiniOzoneClusterImpl.java:lambda$waitForClusterToBeReady$0(227)) - Waiting for cluster to exit safe mode
2023-06-29 22:13:28,897 [main] INFO  ozone.MiniOzoneClusterImpl (MiniOzoneClusterImpl.java:lambda$waitForClusterToBeReady$0(229)) - SCM became leader
2023-06-29 22:13:28,900 [IPC Server handler 2 on default port 15037] INFO  net.NetworkTopologyImpl (NetworkTopologyImpl.java:add(112)) - Added a new node: /default-rack/da0563b2-473a-4d54-878d-0928433366ac
2023-06-29 22:13:28,900 [IPC Server handler 2 on default port 15037] INFO  node.SCMNodeManager (SCMNodeManager.java:register(405)) - Registered Data node : da0563b2-473a-4d54-878d-0928433366ac{ip: 10.1.0.248, host: fv-az83-404.uavyq1izdhte5b0ne1us2eqzhb.jx.internal.cloudapp.net, ports: [HTTP=15062, CLIENT_RPC=15063, REPLICATION=15069, RATIS=15065, RATIS_ADMIN=15066, RATIS_SERVER=15067, RATIS_DATASTREAM=15068, STANDALONE=15064], networkLocation: /default-rack, certSerialId: null, persistedOpState: null, persistedOpStateExpiryEpochSec: 0}
2023-06-29 22:13:28,900 [EventQueue-NewNodeForNewNodeHandler] INFO  pipeline.BackgroundPipelineCreator (BackgroundPipelineCreator.java:notifyEventTriggered(277)) - trigger a one-shot run on RatisPipelineUtilsThread.
2023-06-29 22:13:28,901 [RatisPipelineUtilsThread - 0] INFO  pipeline.RatisPipelineProvider (RatisPipelineProvider.java:lambda$create$0(206)) - Sending CreatePipelineCommand for pipeline:PipelineID=f3a68b27-a9ea-4a33-bd52-e1a2e7aef88c to datanode:da0563b2-473a-4d54-878d-0928433366ac
2023-06-29 22:13:28,902 [RatisPipelineUtilsThread - 0] INFO  pipeline.BackgroundPipelineCreator (BackgroundPipelineCreator.java:createPipelines(233)) - Created new pipeline Pipeline[ Id: f3a68b27-a9ea-4a33-bd52-e1a2e7aef88c, Nodes: da0563b2-473a-4d54-878d-0928433366ac(fv-az83-404.uavyq1izdhte5b0ne1us2eqzhb.jx.internal.cloudapp.net/10.1.0.248), ReplicationConfig: RATIS/ONE, State:ALLOCATED, leaderId:, CreationTimestamp2023-06-29T22:13:28.901Z[Etc/UTC]]
2023-06-29 22:13:28,902 [EventQueue-NodeRegistrationContainerReportForDataNodeSafeModeRule] INFO  safemode.SCMSafeModeManager (DataNodeSafeModeRule.java:process(71)) - SCM in safe mode. 3 DataNodes registered, 3 required.
2023-06-29 22:13:28,902 [EventQueue-NodeRegistrationContainerReportForDataNodeSafeModeRule] INFO  safemode.SCMSafeModeManager (SCMSafeModeManager.java:validateSafeModeExitRules(200)) - DataNodeSafeModeRule rule is successfully validated
2023-06-29 22:13:28,902 [EventQueue-NodeRegistrationContainerReportForDataNodeSafeModeRule] INFO  safemode.SCMSafeModeManager (SCMSafeModeManager.java:completePreCheck(229)) - All SCM safe mode pre check rules have passed
2023-06-29 22:13:28,902 [EventQueue-NodeRegistrationContainerReportForDataNodeSafeModeRule] INFO  ha.SCMContext (SCMContext.java:updateSafeModeStatus(228)) - Update SafeModeStatus from SafeModeStatus{safeModeStatus=true, preCheckPassed=false} to SafeModeStatus{safeModeStatus=true, preCheckPassed=true}.
2023-06-29 22:13:28,902 [EventQueue-NodeRegistrationContainerReportForDataNodeSafeModeRule] INFO  pipeline.BackgroundPipelineCreator (BackgroundPipelineCreator.java:notifyEventTriggered(277)) - trigger a one-shot run on RatisPipelineUtilsThread.
2023-06-29 22:13:28,903 [RatisPipelineUtilsThread - 0] INFO  pipeline.RatisPipelineProvider (RatisPipelineProvider.java:lambda$create$0(206)) - Sending CreatePipelineCommand for pipeline:PipelineID=c95aa8f6-79fb-4fa0-bf9c-7fe45d17eff9 to datanode:da0563b2-473a-4d54-878d-0928433366ac
2023-06-29 22:13:28,903 [RatisPipelineUtilsThread - 0] INFO  pipeline.RatisPipelineProvider (RatisPipelineProvider.java:lambda$create$0(206)) - Sending CreatePipelineCommand for pipeline:PipelineID=c95aa8f6-79fb-4fa0-bf9c-7fe45d17eff9 to datanode:6201354d-b529-4d76-9c06-546548fd1ab2
2023-06-29 22:13:28,903 [RatisPipelineUtilsThread - 0] INFO  pipeline.RatisPipelineProvider (RatisPipelineProvider.java:lambda$create$0(206)) - Sending CreatePipelineCommand for pipeline:PipelineID=c95aa8f6-79fb-4fa0-bf9c-7fe45d17eff9 to datanode:d2d950cc-944e-4199-a77a-102171d6307b
2023-06-29 22:13:28,903 [RatisPipelineUtilsThread - 0] INFO  pipeline.BackgroundPipelineCreator (BackgroundPipelineCreator.java:createPipelines(233)) - Created new pipeline Pipeline[ Id: c95aa8f6-79fb-4fa0-bf9c-7fe45d17eff9, Nodes: da0563b2-473a-4d54-878d-0928433366ac(fv-az83-404.uavyq1izdhte5b0ne1us2eqzhb.jx.internal.cloudapp.net/10.1.0.248)6201354d-b529-4d76-9c06-546548fd1ab2(fv-az83-404.uavyq1izdhte5b0ne1us2eqzhb.jx.internal.cloudapp.net/10.1.0.248)d2d950cc-944e-4199-a77a-102171d6307b(fv-az83-404.uavyq1izdhte5b0ne1us2eqzhb.jx.internal.cloudapp.net/10.1.0.248), ReplicationConfig: RATIS/THREE, State:ALLOCATED, leaderId:, CreationTimestamp2023-06-29T22:13:28.903Z[Etc/UTC]]
2023-06-29 22:13:28,903 [RatisPipelineUtilsThread - 0] INFO  pipeline.RatisPipelineProvider (RatisPipelineProvider.java:lambda$create$0(206)) - Sending CreatePipelineCommand for pipeline:PipelineID=71241815-c4ec-4dd8-92ba-e24561c9a68a to datanode:da0563b2-473a-4d54-878d-0928433366ac
2023-06-29 22:13:28,903 [RatisPipelineUtilsThread - 0] INFO  pipeline.RatisPipelineProvider (RatisPipelineProvider.java:lambda$create$0(206)) - Sending CreatePipelineCommand for pipeline:PipelineID=71241815-c4ec-4dd8-92ba-e24561c9a68a to datanode:6201354d-b529-4d76-9c06-546548fd1ab2
2023-06-29 22:13:28,903 [RatisPipelineUtilsThread - 0] INFO  pipeline.RatisPipelineProvider (RatisPipelineProvider.java:lambda$create$0(206)) - Sending CreatePipelineCommand for pipeline:PipelineID=71241815-c4ec-4dd8-92ba-e24561c9a68a to datanode:d2d950cc-944e-4199-a77a-102171d6307b
2023-06-29 22:13:28,905 [RatisPipelineUtilsThread - 0] INFO  pipeline.PipelineManagerImpl (PipelineManagerImpl.java:recordMetricsForPipeline(895)) - Pipeline: PipelineID=71241815-c4ec-4dd8-92ba-e24561c9a68a contains same datanodes as previous pipelines: PipelineID=c95aa8f6-79fb-4fa0-bf9c-7fe45d17eff9 nodeIds: da0563b2-473a-4d54-878d-0928433366ac, 6201354d-b529-4d76-9c06-546548fd1ab2, d2d950cc-944e-4199-a77a-102171d6307b
2023-06-29 22:13:28,905 [RatisPipelineUtilsThread - 0] INFO  pipeline.BackgroundPipelineCreator (BackgroundPipelineCreator.java:createPipelines(233)) - Created new pipeline Pipeline[ Id: 71241815-c4ec-4dd8-92ba-e24561c9a68a, Nodes: da0563b2-473a-4d54-878d-0928433366ac(fv-az83-404.uavyq1izdhte5b0ne1us2eqzhb.jx.internal.cloudapp.net/10.1.0.248)6201354d-b529-4d76-9c06-546548fd1ab2(fv-az83-404.uavyq1izdhte5b0ne1us2eqzhb.jx.internal.cloudapp.net/10.1.0.248)d2d950cc-944e-4199-a77a-102171d6307b(fv-az83-404.uavyq1izdhte5b0ne1us2eqzhb.jx.internal.cloudapp.net/10.1.0.248), ReplicationConfig: RATIS/THREE, State:ALLOCATED, leaderId:, CreationTimestamp2023-06-29T22:13:28.903Z[Etc/UTC]]
2023-06-29 22:13:28,905 [RatisPipelineUtilsThread - 0] WARN  pipeline.PipelinePlacementPolicy (PipelinePlacementPolicy.java:filterViableNodes(166)) - Pipeline creation failed due to no sufficient healthy datanodes. Required 3. Found 0. Excluded 3.
2023-06-29 22:13:29,898 [main] INFO  ozone.MiniOzoneClusterImpl (MiniOzoneClusterImpl.java:lambda$waitForClusterToBeReady$0(224)) - Nodes are ready. Got 3 of 3 DN Heartbeats.
2023-06-29 22:13:29,898 [main] INFO  ozone.MiniOzoneClusterImpl (MiniOzoneClusterImpl.java:lambda$waitForClusterToBeReady$0(227)) - Waiting for cluster to exit safe mode
2023-06-29 22:13:29,898 [main] INFO  ozone.MiniOzoneClusterImpl (MiniOzoneClusterImpl.java:lambda$waitForClusterToBeReady$0(229)) - SCM became leader
2023-06-29 22:13:30,898 [main] INFO  ozone.MiniOzoneClusterImpl (MiniOzoneClusterImpl.java:lambda$waitForClusterToBeReady$0(224)) - Nodes are ready. Got 3 of 3 DN Heartbeats.
2023-06-29 22:13:30,898 [main] INFO  ozone.MiniOzoneClusterImpl (MiniOzoneClusterImpl.java:lambda$waitForClusterToBeReady$0(227)) - Waiting for cluster to exit safe mode
2023-06-29 22:13:30,898 [main] INFO  ozone.MiniOzoneClusterImpl (MiniOzoneClusterImpl.java:lambda$waitForClusterToBeReady$0(229)) - SCM became leader
2023-06-29 22:13:31,296 [PipelineCommandHandlerThread-0] INFO  server.RaftServer (RaftServerProxy.java:addNew(98)) - d2d950cc-944e-4199-a77a-102171d6307b: addNew group-33ACF6849E3B:[d2d950cc-944e-4199-a77a-102171d6307b|rpc:10.1.0.248:15049|admin:10.1.0.248:15048|client:10.1.0.248:15047|dataStream:10.1.0.248:15050|priority:1|startupRole:FOLLOWER] returns group-33ACF6849E3B:java.util.concurrent.CompletableFuture@73a5a4cb[Not completed]
2023-06-29 22:13:31,297 [d2d950cc-944e-4199-a77a-102171d6307b-groupManagement] INFO  server.RaftServer$Division (RaftServerImpl.java:<init>(198)) - d2d950cc-944e-4199-a77a-102171d6307b: new RaftServerImpl for group-33ACF6849E3B:[d2d950cc-944e-4199-a77a-102171d6307b|rpc:10.1.0.248:15049|admin:10.1.0.248:15048|client:10.1.0.248:15047|dataStream:10.1.0.248:15050|priority:1|startupRole:FOLLOWER] with ContainerStateMachine:uninitialized
2023-06-29 22:13:31,297 [d2d950cc-944e-4199-a77a-102171d6307b-groupManagement] INFO  server.RaftServerConfigKeys (ConfUtils.java:logGet(46)) - raft.server.rpc.timeout.min = 5s (custom)
2023-06-29 22:13:31,297 [d2d950cc-944e-4199-a77a-102171d6307b-groupManagement] INFO  server.RaftServerConfigKeys (ConfUtils.java:logGet(46)) - raft.server.rpc.timeout.max = 5200ms (custom)
2023-06-29 22:13:31,297 [d2d950cc-944e-4199-a77a-102171d6307b-groupManagement] INFO  server.RaftServerConfigKeys (ConfUtils.java:logGet(46)) - raft.server.rpc.sleep.time = 25ms (default)
2023-06-29 22:13:31,297 [d2d950cc-944e-4199-a77a-102171d6307b-groupManagement] INFO  server.RaftServerConfigKeys (ConfUtils.java:logGet(46)) - raft.server.rpc.slowness.timeout = 300s (custom)
2023-06-29 22:13:31,297 [d2d950cc-944e-4199-a77a-102171d6307b-groupManagement] INFO  server.RaftServerConfigKeys (ConfUtils.java:logGet(46)) - raft.server.leaderelection.leader.step-down.wait-time = 10s (default)
2023-06-29 22:13:31,298 [d2d950cc-944e-4199-a77a-102171d6307b-groupManagement] INFO  server.RaftServerConfigKeys (ConfUtils.java:logGet(46)) - raft.server.sleep.deviation.threshold = 300ms (default)
2023-06-29 22:13:31,298 [d2d950cc-944e-4199-a77a-102171d6307b-groupManagement] INFO  server.RaftServer$Division (ServerState.java:<init>(120)) - d2d950cc-944e-4199-a77a-102171d6307b@group-33ACF6849E3B: ConfigurationManager, init=-1: peers:[d2d950cc-944e-4199-a77a-102171d6307b|rpc:10.1.0.248:15049|admin:10.1.0.248:15048|client:10.1.0.248:15047|dataStream:10.1.0.248:15050|priority:1|startupRole:FOLLOWER]|listeners:[], old=null, confs=<EMPTY_MAP>
2023-06-29 22:13:31,298 [d2d950cc-944e-4199-a77a-102171d6307b-groupManagement] INFO  server.RaftServerConfigKeys (ConfUtils.java:logGet(46)) - raft.server.storage.dir = [/home/runner/work/ozone/ozone/hadoop-ozone/integration-test/target/test-dir/MiniOzoneClusterImpl-bfa5a98b-f4fa-4e92-9252-0122c5abb8e0/datanode-0/data/ratis] (custom)
2023-06-29 22:13:31,298 [d2d950cc-944e-4199-a77a-102171d6307b-groupManagement] INFO  server.RaftServerConfigKeys (ConfUtils.java:logGet(46)) - raft.server.log.corruption.policy = EXCEPTION (default)
2023-06-29 22:13:31,298 [d2d950cc-944e-4199-a77a-102171d6307b-groupManagement] INFO  server.RaftServerConfigKeys (ConfUtils.java:logGet(46)) - raft.server.storage.free-space.min = 0MB (=0) (default)
2023-06-29 22:13:31,298 [d2d950cc-944e-4199-a77a-102171d6307b-groupManagement] INFO  server.RaftServerConfigKeys (ConfUtils.java:logGet(46)) - raft.server.notification.no-leader.timeout = 300s (custom)
2023-06-29 22:13:31,298 [d2d950cc-944e-4199-a77a-102171d6307b-groupManagement] INFO  server.RaftServerConfigKeys (ConfUtils.java:logGet(46)) - raft.server.read.timeout = 10s (default)
2023-06-29 22:13:31,298 [d2d950cc-944e-4199-a77a-102171d6307b-groupManagement] INFO  server.RaftServerConfigKeys (ConfUtils.java:logGet(46)) - raft.server.retrycache.expirytime = 600000ms (custom)
2023-06-29 22:13:31,298 [d2d950cc-944e-4199-a77a-102171d6307b-groupManagement] INFO  server.RaftServerConfigKeys (ConfUtils.java:logGet(46)) - raft.server.retrycache.statistics.expirytime = 100μs (default)
2023-06-29 22:13:31,298 [d2d950cc-944e-4199-a77a-102171d6307b-groupManagement] INFO  server.RaftServerConfigKeys (ConfUtils.java:logGet(46)) - raft.server.read.option = DEFAULT (default)
2023-06-29 22:13:31,302 [d2d950cc-944e-4199-a77a-102171d6307b-groupManagement] INFO  server.RaftServerConfigKeys (ConfUtils.java:logGet(46)) - raft.server.rpc.request.timeout = 60s (custom)
2023-06-29 22:13:31,302 [d2d950cc-944e-4199-a77a-102171d6307b-groupManagement] INFO  server.RaftServerConfigKeys (ConfUtils.java:logGet(46)) - raft.server.log.appender.install.snapshot.enabled = false (custom)
2023-06-29 22:13:31,302 [d2d950cc-944e-4199-a77a-102171d6307b-groupManagement] INFO  server.RaftServerConfigKeys (ConfUtils.java:logGet(46)) - raft.server.threadpool.server.cached = true (default)
2023-06-29 22:13:31,305 [d2d950cc-944e-4199-a77a-102171d6307b-groupManagement] INFO  server.RaftServerConfigKeys (ConfUtils.java:logGet(46)) - raft.server.threadpool.server.size = 0 (default)
2023-06-29 22:13:31,305 [d2d950cc-944e-4199-a77a-102171d6307b-groupManagement] INFO  server.RaftServerConfigKeys (ConfUtils.java:logGet(46)) - raft.server.threadpool.client.cached = true (default)
2023-06-29 22:13:31,305 [d2d950cc-944e-4199-a77a-102171d6307b-groupManagement] INFO  server.RaftServerConfigKeys (ConfUtils.java:logGet(46)) - raft.server.threadpool.client.size = 0 (default)
2023-06-29 22:13:31,305 [d2d950cc-944e-4199-a77a-102171d6307b-groupManagement] INFO  storage.RaftStorageDirectory (RaftStorageDirectoryImpl.java:analyzeStorage(137)) - The storage directory /home/runner/work/ozone/ozone/hadoop-ozone/integration-test/target/test-dir/MiniOzoneClusterImpl-bfa5a98b-f4fa-4e92-9252-0122c5abb8e0/datanode-0/data/ratis/31f0558c-3031-469e-9647-33acf6849e3b does not exist. Creating ...
2023-06-29 22:13:31,306 [d2d950cc-944e-4199-a77a-102171d6307b-groupManagement] INFO  storage.RaftStorageDirectory (RaftStorageDirectoryImpl.java:tryLock(231)) - Lock on /home/runner/work/ozone/ozone/hadoop-ozone/integration-test/target/test-dir/MiniOzoneClusterImpl-bfa5a98b-f4fa-4e92-9252-0122c5abb8e0/datanode-0/data/ratis/31f0558c-3031-469e-9647-33acf6849e3b/in_use.lock acquired by nodename 7706@fv-az83-404
2023-06-29 22:13:31,307 [d2d950cc-944e-4199-a77a-102171d6307b-groupManagement] INFO  storage.RaftStorage (RaftStorageImpl.java:format(96)) - Storage directory /home/runner/work/ozone/ozone/hadoop-ozone/integration-test/target/test-dir/MiniOzoneClusterImpl-bfa5a98b-f4fa-4e92-9252-0122c5abb8e0/datanode-0/data/ratis/31f0558c-3031-469e-9647-33acf6849e3b has been successfully formatted.
2023-06-29 22:13:31,308 [d2d950cc-944e-4199-a77a-102171d6307b-groupManagement] INFO  ratis.ContainerStateMachine (ContainerStateMachine.java:loadSnapshot(262)) - group-33ACF6849E3B: The snapshot info is null. Setting the last applied indexto:(t:0, i:~)
2023-06-29 22:13:31,308 [d2d950cc-944e-4199-a77a-102171d6307b-groupManagement] INFO  server.RaftServerConfigKeys (ConfUtils.java:logGet(46)) - raft.server.log.use.memory = false (default)
2023-06-29 22:13:31,308 [d2d950cc-944e-4199-a77a-102171d6307b-groupManagement] INFO  server.RaftServerConfigKeys (ConfUtils.java:logGet(46)) - raft.server.log.purge.gap = 1000000 (custom)
2023-06-29 22:13:31,308 [d2d950cc-944e-4199-a77a-102171d6307b-groupManagement] INFO  server.RaftServerConfigKeys (ConfUtils.java:logGet(46)) - raft.server.log.appender.buffer.byte-limit = 33554432 (custom)
2023-06-29 22:13:31,310 [d2d950cc-944e-4199-a77a-102171d6307b-groupManagement] INFO  server.RaftServerConfigKeys (ConfUtils.java:logGet(46)) - raft.server.log.statemachine.data.read.timeout = 1000ms (default)
2023-06-29 22:13:31,310 [d2d950cc-944e-4199-a77a-102171d6307b-groupManagement] INFO  server.RaftServerConfigKeys (ConfUtils.java:logGet(46)) - raft.server.log.purge.preservation.log.num = 0 (default)
2023-06-29 22:13:31,311 [EventQueue-PipelineReportForPipelineReportHandler] INFO  pipeline.PipelineReportHandler (PipelineReportHandler.java:processPipelineReport(136)) - Opened pipeline PipelineID=31f0558c-3031-469e-9647-33acf6849e3b
2023-06-29 22:13:31,313 [d2d950cc-944e-4199-a77a-102171d6307b-groupManagement] INFO  server.RaftServerConfigKeys (ConfUtils.java:logGet(46)) - raft.server.log.segment.size.max = 1048576 (custom)
2023-06-29 22:13:31,314 [EventQueue-OpenPipelineForHealthyPipelineSafeModeRule] INFO  safemode.SCMSafeModeManager (HealthyPipelineSafeModeRule.java:process(137)) - SCM in safe mode. Healthy pipelines reported count is 0, required healthy pipeline reported count is 1
2023-06-29 22:13:31,314 [d2d950cc-944e-4199-a77a-102171d6307b-groupManagement] INFO  server.RaftServerConfigKeys (ConfUtils.java:logGet(46)) - raft.server.log.segment.cache.num.max = 2 (custom)
2023-06-29 22:13:31,314 [d2d950cc-944e-4199-a77a-102171d6307b-groupManagement] INFO  server.RaftServerConfigKeys (ConfUtils.java:logGet(46)) - raft.server.log.segment.cache.size.max = 200MB (=209715200) (default)
2023-06-29 22:13:31,314 [d2d950cc-944e-4199-a77a-102171d6307b-groupManagement] INFO  server.RaftServerConfigKeys (ConfUtils.java:logGet(46)) - raft.server.log.appender.buffer.byte-limit = 33554432 (custom)
2023-06-29 22:13:31,314 [d2d950cc-944e-4199-a77a-102171d6307b-groupManagement] INFO  segmented.SegmentedRaftLogWorker (SegmentedRaftLogWorker.java:<init>(188)) - new d2d950cc-944e-4199-a77a-102171d6307b@group-33ACF6849E3B-SegmentedRaftLogWorker for RaftStorageImpl:Storage Directory /home/runner/work/ozone/ozone/hadoop-ozone/integration-test/target/test-dir/MiniOzoneClusterImpl-bfa5a98b-f4fa-4e92-9252-0122c5abb8e0/datanode-0/data/ratis/31f0558c-3031-469e-9647-33acf6849e3b
2023-06-29 22:13:31,314 [d2d950cc-944e-4199-a77a-102171d6307b-groupManagement] INFO  server.RaftServerConfigKeys (ConfUtils.java:logGet(46)) - raft.server.log.queue.byte-limit = 4294967296 (custom)
2023-06-29 22:13:31,314 [d2d950cc-944e-4199-a77a-102171d6307b-groupManagement] INFO  server.RaftServerConfigKeys (ConfUtils.java:logGet(46)) - raft.server.log.queue.element-limit = 1024 (custom)
2023-06-29 22:13:31,314 [d2d950cc-944e-4199-a77a-102171d6307b-groupManagement] INFO  server.RaftServerConfigKeys (ConfUtils.java:logGet(46)) - raft.server.log.segment.size.max = 1048576 (custom)
2023-06-29 22:13:31,314 [d2d950cc-944e-4199-a77a-102171d6307b-groupManagement] INFO  server.RaftServerConfigKeys (ConfUtils.java:logGet(46)) - raft.server.log.preallocated.size = 16384 (custom)
2023-06-29 22:13:31,314 [d2d950cc-944e-4199-a77a-102171d6307b-groupManagement] INFO  server.RaftServerConfigKeys (ConfUtils.java:logGet(46)) - raft.server.log.force.sync.num = 128 (default)
2023-06-29 22:13:31,314 [d2d950cc-944e-4199-a77a-102171d6307b-groupManagement] INFO  server.RaftServerConfigKeys (ConfUtils.java:logGet(46)) - raft.server.log.statemachine.data.sync = true (default)
2023-06-29 22:13:31,314 [d2d950cc-944e-4199-a77a-102171d6307b-groupManagement] INFO  server.RaftServerConfigKeys (ConfUtils.java:logGet(46)) - raft.server.log.statemachine.data.sync.timeout = 10s (default)
2023-06-29 22:13:31,314 [d2d950cc-944e-4199-a77a-102171d6307b-groupManagement] INFO  server.RaftServerConfigKeys (ConfUtils.java:logGet(46)) - raft.server.log.statemachine.data.sync.timeout.retry = -1 (default)
2023-06-29 22:13:31,315 [d2d950cc-944e-4199-a77a-102171d6307b-groupManagement] INFO  server.RaftServerConfigKeys (ConfUtils.java:logGet(46)) - raft.server.log.write.buffer.size = 1048576 (custom)
2023-06-29 22:13:31,315 [d2d950cc-944e-4199-a77a-102171d6307b-groupManagement] INFO  server.RaftServerConfigKeys (ConfUtils.java:logGet(46)) - raft.server.log.appender.buffer.byte-limit = 33554432 (custom)
2023-06-29 22:13:31,318 [d2d950cc-944e-4199-a77a-102171d6307b-groupManagement] INFO  server.RaftServerConfigKeys (ConfUtils.java:logGet(46)) - raft.server.log.unsafe-flush.enabled = false (default)
2023-06-29 22:13:31,318 [d2d950cc-944e-4199-a77a-102171d6307b-groupManagement] INFO  server.RaftServerConfigKeys (ConfUtils.java:logGet(46)) - raft.server.log.async-flush.enabled = false (default)
2023-06-29 22:13:31,318 [d2d950cc-944e-4199-a77a-102171d6307b-groupManagement] INFO  server.RaftServerConfigKeys (ConfUtils.java:logGet(46)) - raft.server.log.statemachine.data.caching.enabled = true (custom)
2023-06-29 22:13:31,318 [d2d950cc-944e-4199-a77a-102171d6307b-groupManagement] INFO  segmented.SegmentedRaftLogWorker (SegmentedRaftLogWorker.java:lambda$new$0(135)) - d2d950cc-944e-4199-a77a-102171d6307b@group-33ACF6849E3B-SegmentedRaftLogWorker: flushIndex: setUnconditionally 0 -> -1
2023-06-29 22:13:31,318 [d2d950cc-944e-4199-a77a-102171d6307b-groupManagement] INFO  segmented.SegmentedRaftLogWorker (SegmentedRaftLogWorker.java:lambda$new$0(135)) - d2d950cc-944e-4199-a77a-102171d6307b@group-33ACF6849E3B-SegmentedRaftLogWorker: safeCacheEvictIndex: setUnconditionally 0 -> -1
2023-06-29 22:13:31,319 [d2d950cc-944e-4199-a77a-102171d6307b-groupManagement] INFO  server.RaftServer$Division (RaftServerImpl.java:start(342)) - d2d950cc-944e-4199-a77a-102171d6307b@group-33ACF6849E3B: start as a follower, conf=-1: peers:[d2d950cc-944e-4199-a77a-102171d6307b|rpc:10.1.0.248:15049|admin:10.1.0.248:15048|client:10.1.0.248:15047|dataStream:10.1.0.248:15050|priority:1|startupRole:FOLLOWER]|listeners:[], old=null
2023-06-29 22:13:31,319 [d2d950cc-944e-4199-a77a-102171d6307b-groupManagement] INFO  server.RaftServer$Division (RaftServerImpl.java:setRole(329)) - d2d950cc-944e-4199-a77a-102171d6307b@group-33ACF6849E3B: changes role from      null to FOLLOWER at term 0 for startAsFollower
2023-06-29 22:13:31,319 [d2d950cc-944e-4199-a77a-102171d6307b-groupManagement] INFO  impl.RoleInfo (RoleInfo.java:updateAndGet(139)) - d2d950cc-944e-4199-a77a-102171d6307b: start d2d950cc-944e-4199-a77a-102171d6307b@group-33ACF6849E3B-FollowerState
2023-06-29 22:13:31,319 [d2d950cc-944e-4199-a77a-102171d6307b-groupManagement] INFO  util.JmxRegister (JmxRegister.java:tryRegister(44)) - Successfully registered JMX Bean with object name Ratis:service=RaftServer,group=group-33ACF6849E3B,id=d2d950cc-944e-4199-a77a-102171d6307b
2023-06-29 22:13:31,319 [d2d950cc-944e-4199-a77a-102171d6307b@group-33ACF6849E3B-FollowerState] INFO  server.RaftServerConfigKeys (ConfUtils.java:logFallback(53)) - raft.server.rpc.first-election.timeout.min = 5s (fallback to raft.server.rpc.timeout.min)
2023-06-29 22:13:31,319 [d2d950cc-944e-4199-a77a-102171d6307b-groupManagement] INFO  server.RaftServerConfigKeys (ConfUtils.java:logGet(46)) - raft.server.snapshot.auto.trigger.enabled = true (custom)
2023-06-29 22:13:31,319 [d2d950cc-944e-4199-a77a-102171d6307b@group-33ACF6849E3B-FollowerState] INFO  server.RaftServerConfigKeys (ConfUtils.java:logFallback(53)) - raft.server.rpc.first-election.timeout.max = 5200ms (fallback to raft.server.rpc.timeout.max)
2023-06-29 22:13:31,319 [d2d950cc-944e-4199-a77a-102171d6307b-groupManagement] INFO  server.RaftServerConfigKeys (ConfUtils.java:logGet(46)) - raft.server.snapshot.auto.trigger.threshold = 10000 (custom)
2023-06-29 22:13:31,319 [d2d950cc-944e-4199-a77a-102171d6307b-groupManagement] INFO  server.RaftServerConfigKeys (ConfUtils.java:logGet(46)) - raft.server.snapshot.retention.file.num = 5 (custom)
2023-06-29 22:13:31,319 [d2d950cc-944e-4199-a77a-102171d6307b-groupManagement] INFO  server.RaftServerConfigKeys (ConfUtils.java:logGet(46)) - raft.server.log.purge.upto.snapshot.index = false (default)
2023-06-29 22:13:31,320 [PipelineCommandHandlerThread-0] INFO  ratis.XceiverServerRatis (XceiverServerRatis.java:addGroup(804)) - Created group PipelineID=31f0558c-3031-469e-9647-33acf6849e3b
2023-06-29 22:13:31,320 [PipelineCommandHandlerThread-0] INFO  commandhandler.CreatePipelineCommandHandler (CreatePipelineCommandHandler.java:lambda$handle$2(124)) - Created Pipeline RATIS ONE PipelineID=31f0558c-3031-469e-9647-33acf6849e3b.
2023-06-29 22:13:31,320 [PipelineCommandHandlerThread-0] INFO  server.RaftServer (RaftServerProxy.java:addNew(98)) - d2d950cc-944e-4199-a77a-102171d6307b: addNew group-7FE45D17EFF9:[da0563b2-473a-4d54-878d-0928433366ac|rpc:10.1.0.248:15067|admin:10.1.0.248:15066|client:10.1.0.248:15065|dataStream:10.1.0.248:15068|priority:1|startupRole:FOLLOWER, 6201354d-b529-4d76-9c06-546548fd1ab2|rpc:10.1.0.248:15058|admin:10.1.0.248:15057|client:10.1.0.248:15056|dataStream:10.1.0.248:15059|priority:0|startupRole:FOLLOWER, d2d950cc-944e-4199-a77a-102171d6307b|rpc:10.1.0.248:15049|admin:10.1.0.248:15048|client:10.1.0.248:15047|dataStream:10.1.0.248:15050|priority:0|startupRole:FOLLOWER] returns group-7FE45D17EFF9:java.util.concurrent.CompletableFuture@779a2e67[Not completed]
2023-06-29 22:13:31,321 [d2d950cc-944e-4199-a77a-102171d6307b-groupManagement] INFO  server.RaftServer$Division (RaftServerImpl.java:<init>(198)) - d2d950cc-944e-4199-a77a-102171d6307b: new RaftServerImpl for group-7FE45D17EFF9:[da0563b2-473a-4d54-878d-0928433366ac|rpc:10.1.0.248:15067|admin:10.1.0.248:15066|client:10.1.0.248:15065|dataStream:10.1.0.248:15068|priority:1|startupRole:FOLLOWER, 6201354d-b529-4d76-9c06-546548fd1ab2|rpc:10.1.0.248:15058|admin:10.1.0.248:15057|client:10.1.0.248:15056|dataStream:10.1.0.248:15059|priority:0|startupRole:FOLLOWER, d2d950cc-944e-4199-a77a-102171d6307b|rpc:10.1.0.248:15049|admin:10.1.0.248:15048|client:10.1.0.248:15047|dataStream:10.1.0.248:15050|priority:0|startupRole:FOLLOWER] with ContainerStateMachine:uninitialized
2023-06-29 22:13:31,321 [d2d950cc-944e-4199-a77a-102171d6307b-groupManagement] INFO  server.RaftServerConfigKeys (ConfUtils.java:logGet(46)) - raft.server.rpc.timeout.min = 5s (custom)
2023-06-29 22:13:31,321 [d2d950cc-944e-4199-a77a-102171d6307b-groupManagement] INFO  server.RaftServerConfigKeys (ConfUtils.java:logGet(46)) - raft.server.rpc.timeout.max = 5200ms (custom)
2023-06-29 22:13:31,321 [d2d950cc-944e-4199-a77a-102171d6307b-groupManagement] INFO  server.RaftServerConfigKeys (ConfUtils.java:logGet(46)) - raft.server.rpc.sleep.time = 25ms (default)
2023-06-29 22:13:31,321 [d2d950cc-944e-4199-a77a-102171d6307b-groupManagement] INFO  server.RaftServerConfigKeys (ConfUtils.java:logGet(46)) - raft.server.rpc.slowness.timeout = 300s (custom)
2023-06-29 22:13:31,321 [d2d950cc-944e-4199-a77a-102171d6307b-groupManagement] INFO  server.RaftServerConfigKeys (ConfUtils.java:logGet(46)) - raft.server.leaderelection.leader.step-down.wait-time = 10s (default)
2023-06-29 22:13:31,321 [d2d950cc-944e-4199-a77a-102171d6307b-groupManagement] INFO  server.RaftServerConfigKeys (ConfUtils.java:logGet(46)) - raft.server.sleep.deviation.threshold = 300ms (default)
2023-06-29 22:13:31,321 [d2d950cc-944e-4199-a77a-102171d6307b-groupManagement] INFO  server.RaftServer$Division (ServerState.java:<init>(120)) - d2d950cc-944e-4199-a77a-102171d6307b@group-7FE45D17EFF9: ConfigurationManager, init=-1: peers:[da0563b2-473a-4d54-878d-0928433366ac|rpc:10.1.0.248:15067|admin:10.1.0.248:15066|client:10.1.0.248:15065|dataStream:10.1.0.248:15068|priority:1|startupRole:FOLLOWER, 6201354d-b529-4d76-9c06-546548fd1ab2|rpc:10.1.0.248:15058|admin:10.1.0.248:15057|client:10.1.0.248:15056|dataStream:10.1.0.248:15059|priority:0|startupRole:FOLLOWER, d2d950cc-944e-4199-a77a-102171d6307b|rpc:10.1.0.248:15049|admin:10.1.0.248:15048|client:10.1.0.248:15047|dataStream:10.1.0.248:15050|priority:0|startupRole:FOLLOWER]|listeners:[], old=null, confs=<EMPTY_MAP>
2023-06-29 22:13:31,321 [d2d950cc-944e-4199-a77a-102171d6307b-groupManagement] INFO  server.RaftServerConfigKeys (ConfUtils.java:logGet(46)) - raft.server.storage.dir = [/home/runner/work/ozone/ozone/hadoop-ozone/integration-test/target/test-dir/MiniOzoneClusterImpl-bfa5a98b-f4fa-4e92-9252-0122c5abb8e0/datanode-0/data/ratis] (custom)
2023-06-29 22:13:31,321 [d2d950cc-944e-4199-a77a-102171d6307b-groupManagement] INFO  server.RaftServerConfigKeys (ConfUtils.java:logGet(46)) - raft.server.log.corruption.policy = EXCEPTION (default)
2023-06-29 22:13:31,321 [d2d950cc-944e-4199-a77a-102171d6307b-groupManagement] INFO  server.RaftServerConfigKeys (ConfUtils.java:logGet(46)) - raft.server.storage.free-space.min = 0MB (=0) (default)
2023-06-29 22:13:31,321 [d2d950cc-944e-4199-a77a-102171d6307b-groupManagement] INFO  server.RaftServerConfigKeys (ConfUtils.java:logGet(46)) - raft.server.notification.no-leader.timeout = 300s (custom)
2023-06-29 22:13:31,321 [d2d950cc-944e-4199-a77a-102171d6307b-groupManagement] INFO  server.RaftServerConfigKeys (ConfUtils.java:logGet(46)) - raft.server.read.timeout = 10s (default)
2023-06-29 22:13:31,321 [d2d950cc-944e-4199-a77a-102171d6307b-groupManagement] INFO  server.RaftServerConfigKeys (ConfUtils.java:logGet(46)) - raft.server.retrycache.expirytime = 600000ms (custom)
2023-06-29 22:13:31,321 [d2d950cc-944e-4199-a77a-102171d6307b-groupManagement] INFO  server.RaftServerConfigKeys (ConfUtils.java:logGet(46)) - raft.server.retrycache.statistics.expirytime = 100μs (default)
2023-06-29 22:13:31,322 [d2d950cc-944e-4199-a77a-102171d6307b-groupManagement] INFO  server.RaftServerConfigKeys (ConfUtils.java:logGet(46)) - raft.server.read.option = DEFAULT (default)
2023-06-29 22:13:31,322 [d2d950cc-944e-4199-a77a-102171d6307b-groupManagement] INFO  server.RaftServerConfigKeys (ConfUtils.java:logGet(46)) - raft.server.rpc.request.timeout = 60s (custom)
2023-06-29 22:13:31,322 [d2d950cc-944e-4199-a77a-102171d6307b-groupManagement] INFO  server.RaftServerConfigKeys (ConfUtils.java:logGet(46)) - raft.server.log.appender.install.snapshot.enabled = false (custom)
2023-06-29 22:13:31,322 [d2d950cc-944e-4199-a77a-102171d6307b-groupManagement] INFO  server.RaftServerConfigKeys (ConfUtils.java:logGet(46)) - raft.server.threadpool.server.cached = true (default)
2023-06-29 22:13:31,322 [d2d950cc-944e-4199-a77a-102171d6307b-groupManagement] INFO  server.RaftServerConfigKeys (ConfUtils.java:logGet(46)) - raft.server.threadpool.server.size = 0 (default)
2023-06-29 22:13:31,322 [d2d950cc-944e-4199-a77a-102171d6307b-groupManagement] INFO  server.RaftServerConfigKeys (ConfUtils.java:logGet(46)) - raft.server.threadpool.client.cached = true (default)
2023-06-29 22:13:31,322 [d2d950cc-944e-4199-a77a-102171d6307b-groupManagement] INFO  server.RaftServerConfigKeys (ConfUtils.java:logGet(46)) - raft.server.threadpool.client.size = 0 (default)
2023-06-29 22:13:31,322 [d2d950cc-944e-4199-a77a-102171d6307b-groupManagement] INFO  storage.RaftStorageDirectory (RaftStorageDirectoryImpl.java:analyzeStorage(137)) - The storage directory /home/runner/work/ozone/ozone/hadoop-ozone/integration-test/target/test-dir/MiniOzoneClusterImpl-bfa5a98b-f4fa-4e92-9252-0122c5abb8e0/datanode-0/data/ratis/c95aa8f6-79fb-4fa0-bf9c-7fe45d17eff9 does not exist. Creating ...
2023-06-29 22:13:31,323 [d2d950cc-944e-4199-a77a-102171d6307b-groupManagement] INFO  storage.RaftStorageDirectory (RaftStorageDirectoryImpl.java:tryLock(231)) - Lock on /home/runner/work/ozone/ozone/hadoop-ozone/integration-test/target/test-dir/MiniOzoneClusterImpl-bfa5a98b-f4fa-4e92-9252-0122c5abb8e0/datanode-0/data/ratis/c95aa8f6-79fb-4fa0-bf9c-7fe45d17eff9/in_use.lock acquired by nodename 7706@fv-az83-404
2023-06-29 22:13:31,325 [d2d950cc-944e-4199-a77a-102171d6307b-groupManagement] INFO  storage.RaftStorage (RaftStorageImpl.java:format(96)) - Storage directory /home/runner/work/ozone/ozone/hadoop-ozone/integration-test/target/test-dir/MiniOzoneClusterImpl-bfa5a98b-f4fa-4e92-9252-0122c5abb8e0/datanode-0/data/ratis/c95aa8f6-79fb-4fa0-bf9c-7fe45d17eff9 has been successfully formatted.
2023-06-29 22:13:31,326 [EventQueue-OpenPipelineForHealthyPipelineSafeModeRule] INFO  safemode.SCMSafeModeManager (HealthyPipelineSafeModeRule.java:process(137)) - SCM in safe mode. Healthy pipelines reported count is 0, required healthy pipeline reported count is 1
2023-06-29 22:13:31,326 [d2d950cc-944e-4199-a77a-102171d6307b-groupManagement] INFO  ratis.ContainerStateMachine (ContainerStateMachine.java:loadSnapshot(262)) - group-7FE45D17EFF9: The snapshot info is null. Setting the last applied indexto:(t:0, i:~)
2023-06-29 22:13:31,326 [d2d950cc-944e-4199-a77a-102171d6307b-groupManagement] INFO  server.RaftServerConfigKeys (ConfUtils.java:logGet(46)) - raft.server.log.use.memory = false (default)
2023-06-29 22:13:31,326 [d2d950cc-944e-4199-a77a-102171d6307b-groupManagement] INFO  server.RaftServerConfigKeys (ConfUtils.java:logGet(46)) - raft.server.log.purge.gap = 1000000 (custom)
2023-06-29 22:13:31,326 [d2d950cc-944e-4199-a77a-102171d6307b-groupManagement] INFO  server.RaftServerConfigKeys (ConfUtils.java:logGet(46)) - raft.server.log.appender.buffer.byte-limit = 33554432 (custom)
2023-06-29 22:13:31,326 [d2d950cc-944e-4199-a77a-102171d6307b-groupManagement] INFO  server.RaftServerConfigKeys (ConfUtils.java:logGet(46)) - raft.server.log.statemachine.data.read.timeout = 1000ms (default)
2023-06-29 22:13:31,326 [d2d950cc-944e-4199-a77a-102171d6307b-groupManagement] INFO  server.RaftServerConfigKeys (ConfUtils.java:logGet(46)) - raft.server.log.purge.preservation.log.num = 0 (default)
2023-06-29 22:13:31,327 [d2d950cc-944e-4199-a77a-102171d6307b-groupManagement] INFO  server.RaftServerConfigKeys (ConfUtils.java:logGet(46)) - raft.server.log.segment.size.max = 1048576 (custom)
2023-06-29 22:13:31,327 [d2d950cc-944e-4199-a77a-102171d6307b-groupManagement] INFO  server.RaftServerConfigKeys (ConfUtils.java:logGet(46)) - raft.server.log.segment.cache.num.max = 2 (custom)
2023-06-29 22:13:31,327 [d2d950cc-944e-4199-a77a-102171d6307b-groupManagement] INFO  server.RaftServerConfigKeys (ConfUtils.java:logGet(46)) - raft.server.log.segment.cache.size.max = 200MB (=209715200) (default)
2023-06-29 22:13:31,327 [d2d950cc-944e-4199-a77a-102171d6307b-groupManagement] INFO  server.RaftServerConfigKeys (ConfUtils.java:logGet(46)) - raft.server.log.appender.buffer.byte-limit = 33554432 (custom)
2023-06-29 22:13:31,327 [d2d950cc-944e-4199-a77a-102171d6307b-groupManagement] INFO  segmented.SegmentedRaftLogWorker (SegmentedRaftLogWorker.java:<init>(188)) - new d2d950cc-944e-4199-a77a-102171d6307b@group-7FE45D17EFF9-SegmentedRaftLogWorker for RaftStorageImpl:Storage Directory /home/runner/work/ozone/ozone/hadoop-ozone/integration-test/target/test-dir/MiniOzoneClusterImpl-bfa5a98b-f4fa-4e92-9252-0122c5abb8e0/datanode-0/data/ratis/c95aa8f6-79fb-4fa0-bf9c-7fe45d17eff9
2023-06-29 22:13:31,327 [d2d950cc-944e-4199-a77a-102171d6307b-groupManagement] INFO  server.RaftServerConfigKeys (ConfUtils.java:logGet(46)) - raft.server.log.queue.byte-limit = 4294967296 (custom)
2023-06-29 22:13:31,327 [d2d950cc-944e-4199-a77a-102171d6307b-groupManagement] INFO  server.RaftServerConfigKeys (ConfUtils.java:logGet(46)) - raft.server.log.queue.element-limit = 1024 (custom)
2023-06-29 22:13:31,327 [d2d950cc-944e-4199-a77a-102171d6307b-groupManagement] INFO  server.RaftServerConfigKeys (ConfUtils.java:logGet(46)) - raft.server.log.segment.size.max = 1048576 (custom)
2023-06-29 22:13:31,327 [d2d950cc-944e-4199-a77a-102171d6307b-groupManagement] INFO  server.RaftServerConfigKeys (ConfUtils.java:logGet(46)) - raft.server.log.preallocated.size = 16384 (custom)
2023-06-29 22:13:31,327 [d2d950cc-944e-4199-a77a-102171d6307b-groupManagement] INFO  server.RaftServerConfigKeys (ConfUtils.java:logGet(46)) - raft.server.log.force.sync.num = 128 (default)
2023-06-29 22:13:31,327 [d2d950cc-944e-4199-a77a-102171d6307b-groupManagement] INFO  server.RaftServerConfigKeys (ConfUtils.java:logGet(46)) - raft.server.log.statemachine.data.sync = true (default)
2023-06-29 22:13:31,327 [d2d950cc-944e-4199-a77a-102171d6307b-groupManagement] INFO  server.RaftServerConfigKeys (ConfUtils.java:logGet(46)) - raft.server.log.statemachine.data.sync.timeout = 10s (default)
2023-06-29 22:13:31,327 [d2d950cc-944e-4199-a77a-102171d6307b-groupManagement] INFO  server.RaftServerConfigKeys (ConfUtils.java:logGet(46)) - raft.server.log.statemachine.data.sync.timeout.retry = -1 (default)
2023-06-29 22:13:31,328 [d2d950cc-944e-4199-a77a-102171d6307b-groupManagement] INFO  server.RaftServerConfigKeys (ConfUtils.java:logGet(46)) - raft.server.log.write.buffer.size = 1048576 (custom)
2023-06-29 22:13:31,328 [d2d950cc-944e-4199-a77a-102171d6307b-groupManagement] INFO  server.RaftServerConfigKeys (ConfUtils.java:logGet(46)) - raft.server.log.appender.buffer.byte-limit = 33554432 (custom)
2023-06-29 22:13:31,331 [d2d950cc-944e-4199-a77a-102171d6307b-groupManagement] INFO  server.RaftServerConfigKeys (ConfUtils.java:logGet(46)) - raft.server.log.unsafe-flush.enabled = false (default)
2023-06-29 22:13:31,331 [d2d950cc-944e-4199-a77a-102171d6307b-groupManagement] INFO  server.RaftServerConfigKeys (ConfUtils.java:logGet(46)) - raft.server.log.async-flush.enabled = false (default)
2023-06-29 22:13:31,331 [d2d950cc-944e-4199-a77a-102171d6307b-groupManagement] INFO  server.RaftServerConfigKeys (ConfUtils.java:logGet(46)) - raft.server.log.statemachine.data.caching.enabled = true (custom)
2023-06-29 22:13:31,331 [d2d950cc-944e-4199-a77a-102171d6307b-groupManagement] INFO  segmented.SegmentedRaftLogWorker (SegmentedRaftLogWorker.java:lambda$new$0(135)) - d2d950cc-944e-4199-a77a-102171d6307b@group-7FE45D17EFF9-SegmentedRaftLogWorker: flushIndex: setUnconditionally 0 -> -1
2023-06-29 22:13:31,331 [d2d950cc-944e-4199-a77a-102171d6307b-groupManagement] INFO  segmented.SegmentedRaftLogWorker (SegmentedRaftLogWorker.java:lambda$new$0(135)) - d2d950cc-944e-4199-a77a-102171d6307b@group-7FE45D17EFF9-SegmentedRaftLogWorker: safeCacheEvictIndex: setUnconditionally 0 -> -1
2023-06-29 22:13:31,332 [d2d950cc-944e-4199-a77a-102171d6307b-groupManagement] INFO  server.RaftServer$Division (RaftServerImpl.java:start(342)) - d2d950cc-944e-4199-a77a-102171d6307b@group-7FE45D17EFF9: start as a follower, conf=-1: peers:[da0563b2-473a-4d54-878d-0928433366ac|rpc:10.1.0.248:15067|admin:10.1.0.248:15066|client:10.1.0.248:15065|dataStream:10.1.0.248:15068|priority:1|startupRole:FOLLOWER, 6201354d-b529-4d76-9c06-546548fd1ab2|rpc:10.1.0.248:15058|admin:10.1.0.248:15057|client:10.1.0.248:15056|dataStream:10.1.0.248:15059|priority:0|startupRole:FOLLOWER, d2d950cc-944e-4199-a77a-102171d6307b|rpc:10.1.0.248:15049|admin:10.1.0.248:15048|client:10.1.0.248:15047|dataStream:10.1.0.248:15050|priority:0|startupRole:FOLLOWER]|listeners:[], old=null
2023-06-29 22:13:31,332 [d2d950cc-944e-4199-a77a-102171d6307b-groupManagement] INFO  server.RaftServer$Division (RaftServerImpl.java:setRole(329)) - d2d950cc-944e-4199-a77a-102171d6307b@group-7FE45D17EFF9: changes role from      null to FOLLOWER at term 0 for startAsFollower
2023-06-29 22:13:31,332 [d2d950cc-944e-4199-a77a-102171d6307b-groupManagement] INFO  impl.RoleInfo (RoleInfo.java:updateAndGet(139)) - d2d950cc-944e-4199-a77a-102171d6307b: start d2d950cc-944e-4199-a77a-102171d6307b@group-7FE45D17EFF9-FollowerState
2023-06-29 22:13:31,332 [d2d950cc-944e-4199-a77a-102171d6307b-groupManagement] INFO  util.JmxRegister (JmxRegister.java:tryRegister(44)) - Successfully registered JMX Bean with object name Ratis:service=RaftServer,group=group-7FE45D17EFF9,id=d2d950cc-944e-4199-a77a-102171d6307b
2023-06-29 22:13:31,332 [d2d950cc-944e-4199-a77a-102171d6307b@group-7FE45D17EFF9-FollowerState] INFO  server.RaftServerConfigKeys (ConfUtils.java:logFallback(53)) - raft.server.rpc.first-election.timeout.min = 5s (fallback to raft.server.rpc.timeout.min)
2023-06-29 22:13:31,332 [d2d950cc-944e-4199-a77a-102171d6307b-groupManagement] INFO  server.RaftServerConfigKeys (ConfUtils.java:logGet(46)) - raft.server.snapshot.auto.trigger.enabled = true (custom)
2023-06-29 22:13:31,332 [d2d950cc-944e-4199-a77a-102171d6307b@group-7FE45D17EFF9-FollowerState] INFO  server.RaftServerConfigKeys (ConfUtils.java:logFallback(53)) - raft.server.rpc.first-election.timeout.max = 5200ms (fallback to raft.server.rpc.timeout.max)
2023-06-29 22:13:31,332 [d2d950cc-944e-4199-a77a-102171d6307b-groupManagement] INFO  server.RaftServerConfigKeys (ConfUtils.java:logGet(46)) - raft.server.snapshot.auto.trigger.threshold = 10000 (custom)
2023-06-29 22:13:31,332 [d2d950cc-944e-4199-a77a-102171d6307b-groupManagement] INFO  server.RaftServerConfigKeys (ConfUtils.java:logGet(46)) - raft.server.snapshot.retention.file.num = 5 (custom)
2023-06-29 22:13:31,332 [d2d950cc-944e-4199-a77a-102171d6307b-groupManagement] INFO  server.RaftServerConfigKeys (ConfUtils.java:logGet(46)) - raft.server.log.purge.upto.snapshot.index = false (default)
2023-06-29 22:13:31,333 [PipelineCommandHandlerThread-0] INFO  ratis.XceiverServerRatis (XceiverServerRatis.java:addGroup(804)) - Created group PipelineID=c95aa8f6-79fb-4fa0-bf9c-7fe45d17eff9
2023-06-29 22:13:31,343 [grpc-default-executor-0] INFO  server.RaftServer (RaftServerProxy.java:addNew(98)) - da0563b2-473a-4d54-878d-0928433366ac: addNew group-7FE45D17EFF9:[da0563b2-473a-4d54-878d-0928433366ac|rpc:10.1.0.248:15067|admin:10.1.0.248:15066|client:10.1.0.248:15065|dataStream:10.1.0.248:15068|priority:1|startupRole:FOLLOWER, 6201354d-b529-4d76-9c06-546548fd1ab2|rpc:10.1.0.248:15058|admin:10.1.0.248:15057|client:10.1.0.248:15056|dataStream:10.1.0.248:15059|priority:0|startupRole:FOLLOWER, d2d950cc-944e-4199-a77a-102171d6307b|rpc:10.1.0.248:15049|admin:10.1.0.248:15048|client:10.1.0.248:15047|dataStream:10.1.0.248:15050|priority:0|startupRole:FOLLOWER] returns group-7FE45D17EFF9:java.util.concurrent.CompletableFuture@121e18df[Not completed]
2023-06-29 22:13:31,344 [da0563b2-473a-4d54-878d-0928433366ac-groupManagement] INFO  server.RaftServer$Division (RaftServerImpl.java:<init>(198)) - da0563b2-473a-4d54-878d-0928433366ac: new RaftServerImpl for group-7FE45D17EFF9:[da0563b2-473a-4d54-878d-0928433366ac|rpc:10.1.0.248:15067|admin:10.1.0.248:15066|client:10.1.0.248:15065|dataStream:10.1.0.248:15068|priority:1|startupRole:FOLLOWER, 6201354d-b529-4d76-9c06-546548fd1ab2|rpc:10.1.0.248:15058|admin:10.1.0.248:15057|client:10.1.0.248:15056|dataStream:10.1.0.248:15059|priority:0|startupRole:FOLLOWER, d2d950cc-944e-4199-a77a-102171d6307b|rpc:10.1.0.248:15049|admin:10.1.0.248:15048|client:10.1.0.248:15047|dataStream:10.1.0.248:15050|priority:0|startupRole:FOLLOWER] with ContainerStateMachine:uninitialized
2023-06-29 22:13:31,344 [da0563b2-473a-4d54-878d-0928433366ac-groupManagement] INFO  server.RaftServerConfigKeys (ConfUtils.java:logGet(46)) - raft.server.rpc.timeout.min = 5s (custom)
2023-06-29 22:13:31,344 [da0563b2-473a-4d54-878d-0928433366ac-groupManagement] INFO  server.RaftServerConfigKeys (ConfUtils.java:logGet(46)) - raft.server.rpc.timeout.max = 5200ms (custom)
2023-06-29 22:13:31,344 [da0563b2-473a-4d54-878d-0928433366ac-groupManagement] INFO  server.RaftServerConfigKeys (ConfUtils.java:logGet(46)) - raft.server.rpc.sleep.time = 25ms (default)
2023-06-29 22:13:31,344 [da0563b2-473a-4d54-878d-0928433366ac-groupManagement] INFO  server.RaftServerConfigKeys (ConfUtils.java:logGet(46)) - raft.server.rpc.slowness.timeout = 300s (custom)
2023-06-29 22:13:31,344 [da0563b2-473a-4d54-878d-0928433366ac-groupManagement] INFO  server.RaftServerConfigKeys (ConfUtils.java:logGet(46)) - raft.server.leaderelection.leader.step-down.wait-time = 10s (default)
2023-06-29 22:13:31,344 [da0563b2-473a-4d54-878d-0928433366ac-groupManagement] INFO  server.RaftServerConfigKeys (ConfUtils.java:logGet(46)) - raft.server.sleep.deviation.threshold = 300ms (default)
2023-06-29 22:13:31,344 [da0563b2-473a-4d54-878d-0928433366ac-groupManagement] INFO  server.RaftServer$Division (ServerState.java:<init>(120)) - da0563b2-473a-4d54-878d-0928433366ac@group-7FE45D17EFF9: ConfigurationManager, init=-1: peers:[da0563b2-473a-4d54-878d-0928433366ac|rpc:10.1.0.248:15067|admin:10.1.0.248:15066|client:10.1.0.248:15065|dataStream:10.1.0.248:15068|priority:1|startupRole:FOLLOWER, 6201354d-b529-4d76-9c06-546548fd1ab2|rpc:10.1.0.248:15058|admin:10.1.0.248:15057|client:10.1.0.248:15056|dataStream:10.1.0.248:15059|priority:0|startupRole:FOLLOWER, d2d950cc-944e-4199-a77a-102171d6307b|rpc:10.1.0.248:15049|admin:10.1.0.248:15048|client:10.1.0.248:15047|dataStream:10.1.0.248:15050|priority:0|startupRole:FOLLOWER]|listeners:[], old=null, confs=<EMPTY_MAP>
2023-06-29 22:13:31,344 [da0563b2-473a-4d54-878d-0928433366ac-groupManagement] INFO  server.RaftServerConfigKeys (ConfUtils.java:logGet(46)) - raft.server.storage.dir = [/home/runner/work/ozone/ozone/hadoop-ozone/integration-test/target/test-dir/MiniOzoneClusterImpl-bfa5a98b-f4fa-4e92-9252-0122c5abb8e0/datanode-2/data/ratis] (custom)
2023-06-29 22:13:31,345 [da0563b2-473a-4d54-878d-0928433366ac-groupManagement] INFO  server.RaftServerConfigKeys (ConfUtils.java:logGet(46)) - raft.server.log.corruption.policy = EXCEPTION (default)
2023-06-29 22:13:31,345 [da0563b2-473a-4d54-878d-0928433366ac-groupManagement] INFO  server.RaftServerConfigKeys (ConfUtils.java:logGet(46)) - raft.server.storage.free-space.min = 0MB (=0) (default)
2023-06-29 22:13:31,345 [da0563b2-473a-4d54-878d-0928433366ac-groupManagement] INFO  server.RaftServerConfigKeys (ConfUtils.java:logGet(46)) - raft.server.notification.no-leader.timeout = 300s (custom)
2023-06-29 22:13:31,345 [da0563b2-473a-4d54-878d-0928433366ac-groupManagement] INFO  server.RaftServerConfigKeys (ConfUtils.java:logGet(46)) - raft.server.read.timeout = 10s (default)
2023-06-29 22:13:31,345 [da0563b2-473a-4d54-878d-0928433366ac-groupManagement] INFO  server.RaftServerConfigKeys (ConfUtils.java:logGet(46)) - raft.server.retrycache.expirytime = 600000ms (custom)
2023-06-29 22:13:31,345 [da0563b2-473a-4d54-878d-0928433366ac-groupManagement] INFO  server.RaftServerConfigKeys (ConfUtils.java:logGet(46)) - raft.server.retrycache.statistics.expirytime = 100μs (default)
2023-06-29 22:13:31,345 [da0563b2-473a-4d54-878d-0928433366ac-groupManagement] INFO  server.RaftServerConfigKeys (ConfUtils.java:logGet(46)) - raft.server.read.option = DEFAULT (default)
2023-06-29 22:13:31,345 [da0563b2-473a-4d54-878d-0928433366ac-groupManagement] INFO  server.RaftServerConfigKeys (ConfUtils.java:logGet(46)) - raft.server.rpc.request.timeout = 60s (custom)
2023-06-29 22:13:31,346 [da0563b2-473a-4d54-878d-0928433366ac-groupManagement] INFO  server.RaftServerConfigKeys (ConfUtils.java:logGet(46)) - raft.server.log.appender.install.snapshot.enabled = false (custom)
2023-06-29 22:13:31,346 [da0563b2-473a-4d54-878d-0928433366ac-groupManagement] INFO  server.RaftServerConfigKeys (ConfUtils.java:logGet(46)) - raft.server.threadpool.server.cached = true (default)
2023-06-29 22:13:31,346 [da0563b2-473a-4d54-878d-0928433366ac-groupManagement] INFO  server.RaftServerConfigKeys (ConfUtils.java:logGet(46)) - raft.server.threadpool.server.size = 0 (default)
2023-06-29 22:13:31,346 [da0563b2-473a-4d54-878d-0928433366ac-groupManagement] INFO  server.RaftServerConfigKeys (ConfUtils.java:logGet(46)) - raft.server.threadpool.client.cached = true (default)
2023-06-29 22:13:31,346 [da0563b2-473a-4d54-878d-0928433366ac-groupManagement] INFO  server.RaftServerConfigKeys (ConfUtils.java:logGet(46)) - raft.server.threadpool.client.size = 0 (default)
2023-06-29 22:13:31,346 [da0563b2-473a-4d54-878d-0928433366ac-groupManagement] INFO  storage.RaftStorageDirectory (RaftStorageDirectoryImpl.java:analyzeStorage(137)) - The storage directory /home/runner/work/ozone/ozone/hadoop-ozone/integration-test/target/test-dir/MiniOzoneClusterImpl-bfa5a98b-f4fa-4e92-9252-0122c5abb8e0/datanode-2/data/ratis/c95aa8f6-79fb-4fa0-bf9c-7fe45d17eff9 does not exist. Creating ...
2023-06-29 22:13:31,347 [da0563b2-473a-4d54-878d-0928433366ac-groupManagement] INFO  storage.RaftStorageDirectory (RaftStorageDirectoryImpl.java:tryLock(231)) - Lock on /home/runner/work/ozone/ozone/hadoop-ozone/integration-test/target/test-dir/MiniOzoneClusterImpl-bfa5a98b-f4fa-4e92-9252-0122c5abb8e0/datanode-2/data/ratis/c95aa8f6-79fb-4fa0-bf9c-7fe45d17eff9/in_use.lock acquired by nodename 7706@fv-az83-404
2023-06-29 22:13:31,348 [da0563b2-473a-4d54-878d-0928433366ac-groupManagement] INFO  storage.RaftStorage (RaftStorageImpl.java:format(96)) - Storage directory /home/runner/work/ozone/ozone/hadoop-ozone/integration-test/target/test-dir/MiniOzoneClusterImpl-bfa5a98b-f4fa-4e92-9252-0122c5abb8e0/datanode-2/data/ratis/c95aa8f6-79fb-4fa0-bf9c-7fe45d17eff9 has been successfully formatted.
2023-06-29 22:13:31,349 [da0563b2-473a-4d54-878d-0928433366ac-groupManagement] INFO  ratis.ContainerStateMachine (ContainerStateMachine.java:loadSnapshot(262)) - group-7FE45D17EFF9: The snapshot info is null. Setting the last applied indexto:(t:0, i:~)
2023-06-29 22:13:31,349 [da0563b2-473a-4d54-878d-0928433366ac-groupManagement] INFO  server.RaftServerConfigKeys (ConfUtils.java:logGet(46)) - raft.server.log.use.memory = false (default)
2023-06-29 22:13:31,349 [da0563b2-473a-4d54-878d-0928433366ac-groupManagement] INFO  server.RaftServerConfigKeys (ConfUtils.java:logGet(46)) - raft.server.log.purge.gap = 1000000 (custom)
2023-06-29 22:13:31,349 [da0563b2-473a-4d54-878d-0928433366ac-groupManagement] INFO  server.RaftServerConfigKeys (ConfUtils.java:logGet(46)) - raft.server.log.appender.buffer.byte-limit = 33554432 (custom)
2023-06-29 22:13:31,349 [da0563b2-473a-4d54-878d-0928433366ac-groupManagement] INFO  server.RaftServerConfigKeys (ConfUtils.java:logGet(46)) - raft.server.log.statemachine.data.read.timeout = 1000ms (default)
2023-06-29 22:13:31,349 [da0563b2-473a-4d54-878d-0928433366ac-groupManagement] INFO  server.RaftServerConfigKeys (ConfUtils.java:logGet(46)) - raft.server.log.purge.preservation.log.num = 0 (default)
2023-06-29 22:13:31,349 [da0563b2-473a-4d54-878d-0928433366ac-groupManagement] INFO  server.RaftServerConfigKeys (ConfUtils.java:logGet(46)) - raft.server.log.segment.size.max = 1048576 (custom)
2023-06-29 22:13:31,350 [da0563b2-473a-4d54-878d-0928433366ac-groupManagement] INFO  server.RaftServerConfigKeys (ConfUtils.java:logGet(46)) - raft.server.log.segment.cache.num.max = 2 (custom)
2023-06-29 22:13:31,350 [da0563b2-473a-4d54-878d-0928433366ac-groupManagement] INFO  server.RaftServerConfigKeys (ConfUtils.java:logGet(46)) - raft.server.log.segment.cache.size.max = 200MB (=209715200) (default)
2023-06-29 22:13:31,350 [da0563b2-473a-4d54-878d-0928433366ac-groupManagement] INFO  server.RaftServerConfigKeys (ConfUtils.java:logGet(46)) - raft.server.log.appender.buffer.byte-limit = 33554432 (custom)
2023-06-29 22:13:31,350 [da0563b2-473a-4d54-878d-0928433366ac-groupManagement] INFO  segmented.SegmentedRaftLogWorker (SegmentedRaftLogWorker.java:<init>(188)) - new da0563b2-473a-4d54-878d-0928433366ac@group-7FE45D17EFF9-SegmentedRaftLogWorker for RaftStorageImpl:Storage Directory /home/runner/work/ozone/ozone/hadoop-ozone/integration-test/target/test-dir/MiniOzoneClusterImpl-bfa5a98b-f4fa-4e92-9252-0122c5abb8e0/datanode-2/data/ratis/c95aa8f6-79fb-4fa0-bf9c-7fe45d17eff9
2023-06-29 22:13:31,350 [da0563b2-473a-4d54-878d-0928433366ac-groupManagement] INFO  server.RaftServerConfigKeys (ConfUtils.java:logGet(46)) - raft.server.log.queue.byte-limit = 4294967296 (custom)
2023-06-29 22:13:31,350 [da0563b2-473a-4d54-878d-0928433366ac-groupManagement] INFO  server.RaftServerConfigKeys (ConfUtils.java:logGet(46)) - raft.server.log.queue.element-limit = 1024 (custom)
2023-06-29 22:13:31,350 [da0563b2-473a-4d54-878d-0928433366ac-groupManagement] INFO  server.RaftServerConfigKeys (ConfUtils.java:logGet(46)) - raft.server.log.segment.size.max = 1048576 (custom)
2023-06-29 22:13:31,350 [da0563b2-473a-4d54-878d-0928433366ac-groupManagement] INFO  server.RaftServerConfigKeys (ConfUtils.java:logGet(46)) - raft.server.log.preallocated.size = 16384 (custom)
2023-06-29 22:13:31,350 [da0563b2-473a-4d54-878d-0928433366ac-groupManagement] INFO  server.RaftServerConfigKeys (ConfUtils.java:logGet(46)) - raft.server.log.force.sync.num = 128 (default)
2023-06-29 22:13:31,350 [da0563b2-473a-4d54-878d-0928433366ac-groupManagement] INFO  server.RaftServerConfigKeys (ConfUtils.java:logGet(46)) - raft.server.log.statemachine.data.sync = true (default)
2023-06-29 22:13:31,350 [da0563b2-473a-4d54-878d-0928433366ac-groupManagement] INFO  server.RaftServerConfigKeys (ConfUtils.java:logGet(46)) - raft.server.log.statemachine.data.sync.timeout = 10s (default)
2023-06-29 22:13:31,350 [da0563b2-473a-4d54-878d-0928433366ac-groupManagement] INFO  server.RaftServerConfigKeys (ConfUtils.java:logGet(46)) - raft.server.log.statemachine.data.sync.timeout.retry = -1 (default)
2023-06-29 22:13:31,351 [da0563b2-473a-4d54-878d-0928433366ac-groupManagement] INFO  server.RaftServerConfigKeys (ConfUtils.java:logGet(46)) - raft.server.log.write.buffer.size = 1048576 (custom)
2023-06-29 22:13:31,351 [da0563b2-473a-4d54-878d-0928433366ac-groupManagement] INFO  server.RaftServerConfigKeys (ConfUtils.java:logGet(46)) - raft.server.log.appender.buffer.byte-limit = 33554432 (custom)
2023-06-29 22:13:31,354 [da0563b2-473a-4d54-878d-0928433366ac-groupManagement] INFO  server.RaftServerConfigKeys (ConfUtils.java:logGet(46)) - raft.server.log.unsafe-flush.enabled = false (default)
2023-06-29 22:13:31,354 [da0563b2-473a-4d54-878d-0928433366ac-groupManagement] INFO  server.RaftServerConfigKeys (ConfUtils.java:logGet(46)) - raft.server.log.async-flush.enabled = false (default)
2023-06-29 22:13:31,354 [da0563b2-473a-4d54-878d-0928433366ac-groupManagement] INFO  server.RaftServerConfigKeys (ConfUtils.java:logGet(46)) - raft.server.log.statemachine.data.caching.enabled = true (custom)
2023-06-29 22:13:31,354 [da0563b2-473a-4d54-878d-0928433366ac-groupManagement] INFO  segmented.SegmentedRaftLogWorker (SegmentedRaftLogWorker.java:lambda$new$0(135)) - da0563b2-473a-4d54-878d-0928433366ac@group-7FE45D17EFF9-SegmentedRaftLogWorker: flushIndex: setUnconditionally 0 -> -1
2023-06-29 22:13:31,354 [da0563b2-473a-4d54-878d-0928433366ac-groupManagement] INFO  segmented.SegmentedRaftLogWorker (SegmentedRaftLogWorker.java:lambda$new$0(135)) - da0563b2-473a-4d54-878d-0928433366ac@group-7FE45D17EFF9-SegmentedRaftLogWorker: safeCacheEvictIndex: setUnconditionally 0 -> -1
2023-06-29 22:13:31,354 [da0563b2-473a-4d54-878d-0928433366ac-groupManagement] INFO  server.RaftServer$Division (RaftServerImpl.java:start(342)) - da0563b2-473a-4d54-878d-0928433366ac@group-7FE45D17EFF9: start as a follower, conf=-1: peers:[da0563b2-473a-4d54-878d-0928433366ac|rpc:10.1.0.248:15067|admin:10.1.0.248:15066|client:10.1.0.248:15065|dataStream:10.1.0.248:15068|priority:1|startupRole:FOLLOWER, 6201354d-b529-4d76-9c06-546548fd1ab2|rpc:10.1.0.248:15058|admin:10.1.0.248:15057|client:10.1.0.248:15056|dataStream:10.1.0.248:15059|priority:0|startupRole:FOLLOWER, d2d950cc-944e-4199-a77a-102171d6307b|rpc:10.1.0.248:15049|admin:10.1.0.248:15048|client:10.1.0.248:15047|dataStream:10.1.0.248:15050|priority:0|startupRole:FOLLOWER]|listeners:[], old=null
2023-06-29 22:13:31,354 [da0563b2-473a-4d54-878d-0928433366ac-groupManagement] INFO  server.RaftServer$Division (RaftServerImpl.java:setRole(329)) - da0563b2-473a-4d54-878d-0928433366ac@group-7FE45D17EFF9: changes role from      null to FOLLOWER at term 0 for startAsFollower
2023-06-29 22:13:31,354 [da0563b2-473a-4d54-878d-0928433366ac-groupManagement] INFO  impl.RoleInfo (RoleInfo.java:updateAndGet(139)) - da0563b2-473a-4d54-878d-0928433366ac: start da0563b2-473a-4d54-878d-0928433366ac@group-7FE45D17EFF9-FollowerState
2023-06-29 22:13:31,357 [da0563b2-473a-4d54-878d-0928433366ac-groupManagement] INFO  util.JmxRegister (JmxRegister.java:tryRegister(44)) - Successfully registered JMX Bean with object name Ratis:service=RaftServer,group=group-7FE45D17EFF9,id=da0563b2-473a-4d54-878d-0928433366ac
2023-06-29 22:13:31,357 [da0563b2-473a-4d54-878d-0928433366ac-groupManagement] INFO  server.RaftServerConfigKeys (ConfUtils.java:logGet(46)) - raft.server.snapshot.auto.trigger.enabled = true (custom)
2023-06-29 22:13:31,357 [da0563b2-473a-4d54-878d-0928433366ac-groupManagement] INFO  server.RaftServerConfigKeys (ConfUtils.java:logGet(46)) - raft.server.snapshot.auto.trigger.threshold = 10000 (custom)
2023-06-29 22:13:31,357 [da0563b2-473a-4d54-878d-0928433366ac-groupManagement] INFO  server.RaftServerConfigKeys (ConfUtils.java:logGet(46)) - raft.server.snapshot.retention.file.num = 5 (custom)
2023-06-29 22:13:31,357 [da0563b2-473a-4d54-878d-0928433366ac-groupManagement] INFO  server.RaftServerConfigKeys (ConfUtils.java:logGet(46)) - raft.server.log.purge.upto.snapshot.index = false (default)
2023-06-29 22:13:31,357 [da0563b2-473a-4d54-878d-0928433366ac@group-7FE45D17EFF9-FollowerState] INFO  server.RaftServerConfigKeys (ConfUtils.java:logFallback(53)) - raft.server.rpc.first-election.timeout.min = 5s (fallback to raft.server.rpc.timeout.min)
2023-06-29 22:13:31,357 [da0563b2-473a-4d54-878d-0928433366ac@group-7FE45D17EFF9-FollowerState] INFO  server.RaftServerConfigKeys (ConfUtils.java:logFallback(53)) - raft.server.rpc.first-election.timeout.max = 5200ms (fallback to raft.server.rpc.timeout.max)
2023-06-29 22:13:31,379 [grpc-default-executor-0] INFO  server.RaftServer (RaftServerProxy.java:addNew(98)) - 6201354d-b529-4d76-9c06-546548fd1ab2: addNew group-7FE45D17EFF9:[da0563b2-473a-4d54-878d-0928433366ac|rpc:10.1.0.248:15067|admin:10.1.0.248:15066|client:10.1.0.248:15065|dataStream:10.1.0.248:15068|priority:1|startupRole:FOLLOWER, 6201354d-b529-4d76-9c06-546548fd1ab2|rpc:10.1.0.248:15058|admin:10.1.0.248:15057|client:10.1.0.248:15056|dataStream:10.1.0.248:15059|priority:0|startupRole:FOLLOWER, d2d950cc-944e-4199-a77a-102171d6307b|rpc:10.1.0.248:15049|admin:10.1.0.248:15048|client:10.1.0.248:15047|dataStream:10.1.0.248:15050|priority:0|startupRole:FOLLOWER] returns group-7FE45D17EFF9:java.util.concurrent.CompletableFuture@4ddec664[Not completed]
2023-06-29 22:13:31,381 [6201354d-b529-4d76-9c06-546548fd1ab2-groupManagement] INFO  server.RaftServer$Division (RaftServerImpl.java:<init>(198)) - 6201354d-b529-4d76-9c06-546548fd1ab2: new RaftServerImpl for group-7FE45D17EFF9:[da0563b2-473a-4d54-878d-0928433366ac|rpc:10.1.0.248:15067|admin:10.1.0.248:15066|client:10.1.0.248:15065|dataStream:10.1.0.248:15068|priority:1|startupRole:FOLLOWER, 6201354d-b529-4d76-9c06-546548fd1ab2|rpc:10.1.0.248:15058|admin:10.1.0.248:15057|client:10.1.0.248:15056|dataStream:10.1.0.248:15059|priority:0|startupRole:FOLLOWER, d2d950cc-944e-4199-a77a-102171d6307b|rpc:10.1.0.248:15049|admin:10.1.0.248:15048|client:10.1.0.248:15047|dataStream:10.1.0.248:15050|priority:0|startupRole:FOLLOWER] with ContainerStateMachine:uninitialized
2023-06-29 22:13:31,381 [6201354d-b529-4d76-9c06-546548fd1ab2-groupManagement] INFO  server.RaftServerConfigKeys (ConfUtils.java:logGet(46)) - raft.server.rpc.timeout.min = 5s (custom)
2023-06-29 22:13:31,381 [6201354d-b529-4d76-9c06-546548fd1ab2-groupManagement] INFO  server.RaftServerConfigKeys (ConfUtils.java:logGet(46)) - raft.server.rpc.timeout.max = 5200ms (custom)
2023-06-29 22:13:31,381 [6201354d-b529-4d76-9c06-546548fd1ab2-groupManagement] INFO  server.RaftServerConfigKeys (ConfUtils.java:logGet(46)) - raft.server.rpc.sleep.time = 25ms (default)
2023-06-29 22:13:31,381 [6201354d-b529-4d76-9c06-546548fd1ab2-groupManagement] INFO  server.RaftServerConfigKeys (ConfUtils.java:logGet(46)) - raft.server.rpc.slowness.timeout = 300s (custom)
2023-06-29 22:13:31,381 [6201354d-b529-4d76-9c06-546548fd1ab2-groupManagement] INFO  server.RaftServerConfigKeys (ConfUtils.java:logGet(46)) - raft.server.leaderelection.leader.step-down.wait-time = 10s (default)
2023-06-29 22:13:31,381 [6201354d-b529-4d76-9c06-546548fd1ab2-groupManagement] INFO  server.RaftServerConfigKeys (ConfUtils.java:logGet(46)) - raft.server.sleep.deviation.threshold = 300ms (default)
2023-06-29 22:13:31,381 [6201354d-b529-4d76-9c06-546548fd1ab2-groupManagement] INFO  server.RaftServer$Division (ServerState.java:<init>(120)) - 6201354d-b529-4d76-9c06-546548fd1ab2@group-7FE45D17EFF9: ConfigurationManager, init=-1: peers:[da0563b2-473a-4d54-878d-0928433366ac|rpc:10.1.0.248:15067|admin:10.1.0.248:15066|client:10.1.0.248:15065|dataStream:10.1.0.248:15068|priority:1|startupRole:FOLLOWER, 6201354d-b529-4d76-9c06-546548fd1ab2|rpc:10.1.0.248:15058|admin:10.1.0.248:15057|client:10.1.0.248:15056|dataStream:10.1.0.248:15059|priority:0|startupRole:FOLLOWER, d2d950cc-944e-4199-a77a-102171d6307b|rpc:10.1.0.248:15049|admin:10.1.0.248:15048|client:10.1.0.248:15047|dataStream:10.1.0.248:15050|priority:0|startupRole:FOLLOWER]|listeners:[], old=null, confs=<EMPTY_MAP>
2023-06-29 22:13:31,381 [6201354d-b529-4d76-9c06-546548fd1ab2-groupManagement] INFO  server.RaftServerConfigKeys (ConfUtils.java:logGet(46)) - raft.server.storage.dir = [/home/runner/work/ozone/ozone/hadoop-ozone/integration-test/target/test-dir/MiniOzoneClusterImpl-bfa5a98b-f4fa-4e92-9252-0122c5abb8e0/datanode-1/data/ratis] (custom)
2023-06-29 22:13:31,381 [6201354d-b529-4d76-9c06-546548fd1ab2-groupManagement] INFO  server.RaftServerConfigKeys (ConfUtils.java:logGet(46)) - raft.server.log.corruption.policy = EXCEPTION (default)
2023-06-29 22:13:31,381 [6201354d-b529-4d76-9c06-546548fd1ab2-groupManagement] INFO  server.RaftServerConfigKeys (ConfUtils.java:logGet(46)) - raft.server.storage.free-space.min = 0MB (=0) (default)
2023-06-29 22:13:31,381 [6201354d-b529-4d76-9c06-546548fd1ab2-groupManagement] INFO  server.RaftServerConfigKeys (ConfUtils.java:logGet(46)) - raft.server.notification.no-leader.timeout = 300s (custom)
2023-06-29 22:13:31,381 [6201354d-b529-4d76-9c06-546548fd1ab2-groupManagement] INFO  server.RaftServerConfigKeys (ConfUtils.java:logGet(46)) - raft.server.read.timeout = 10s (default)
2023-06-29 22:13:31,381 [6201354d-b529-4d76-9c06-546548fd1ab2-groupManagement] INFO  server.RaftServerConfigKeys (ConfUtils.java:logGet(46)) - raft.server.retrycache.expirytime = 600000ms (custom)
2023-06-29 22:13:31,381 [6201354d-b529-4d76-9c06-546548fd1ab2-groupManagement] INFO  server.RaftServerConfigKeys (ConfUtils.java:logGet(46)) - raft.server.retrycache.statistics.expirytime = 100μs (default)
2023-06-29 22:13:31,381 [6201354d-b529-4d76-9c06-546548fd1ab2-groupManagement] INFO  server.RaftServerConfigKeys (ConfUtils.java:logGet(46)) - raft.server.read.option = DEFAULT (default)
2023-06-29 22:13:31,389 [6201354d-b529-4d76-9c06-546548fd1ab2-groupManagement] INFO  server.RaftServerConfigKeys (ConfUtils.java:logGet(46)) - raft.server.rpc.request.timeout = 60s (custom)
2023-06-29 22:13:31,390 [6201354d-b529-4d76-9c06-546548fd1ab2-groupManagement] INFO  server.RaftServerConfigKeys (ConfUtils.java:logGet(46)) - raft.server.log.appender.install.snapshot.enabled = false (custom)
2023-06-29 22:13:31,390 [6201354d-b529-4d76-9c06-546548fd1ab2-groupManagement] INFO  server.RaftServerConfigKeys (ConfUtils.java:logGet(46)) - raft.server.threadpool.server.cached = true (default)
2023-06-29 22:13:31,390 [6201354d-b529-4d76-9c06-546548fd1ab2-groupManagement] INFO  server.RaftServerConfigKeys (ConfUtils.java:logGet(46)) - raft.server.threadpool.server.size = 0 (default)
2023-06-29 22:13:31,390 [6201354d-b529-4d76-9c06-546548fd1ab2-groupManagement] INFO  server.RaftServerConfigKeys (ConfUtils.java:logGet(46)) - raft.server.threadpool.client.cached = true (default)
2023-06-29 22:13:31,390 [6201354d-b529-4d76-9c06-546548fd1ab2-groupManagement] INFO  server.RaftServerConfigKeys (ConfUtils.java:logGet(46)) - raft.server.threadpool.client.size = 0 (default)
2023-06-29 22:13:31,390 [6201354d-b529-4d76-9c06-546548fd1ab2-groupManagement] INFO  storage.RaftStorageDirectory (RaftStorageDirectoryImpl.java:analyzeStorage(137)) - The storage directory /home/runner/work/ozone/ozone/hadoop-ozone/integration-test/target/test-dir/MiniOzoneClusterImpl-bfa5a98b-f4fa-4e92-9252-0122c5abb8e0/datanode-1/data/ratis/c95aa8f6-79fb-4fa0-bf9c-7fe45d17eff9 does not exist. Creating ...
2023-06-29 22:13:31,391 [6201354d-b529-4d76-9c06-546548fd1ab2-groupManagement] INFO  storage.RaftStorageDirectory (RaftStorageDirectoryImpl.java:tryLock(231)) - Lock on /home/runner/work/ozone/ozone/hadoop-ozone/integration-test/target/test-dir/MiniOzoneClusterImpl-bfa5a98b-f4fa-4e92-9252-0122c5abb8e0/datanode-1/data/ratis/c95aa8f6-79fb-4fa0-bf9c-7fe45d17eff9/in_use.lock acquired by nodename 7706@fv-az83-404
2023-06-29 22:13:31,391 [6201354d-b529-4d76-9c06-546548fd1ab2-groupManagement] INFO  storage.RaftStorage (RaftStorageImpl.java:format(96)) - Storage directory /home/runner/work/ozone/ozone/hadoop-ozone/integration-test/target/test-dir/MiniOzoneClusterImpl-bfa5a98b-f4fa-4e92-9252-0122c5abb8e0/datanode-1/data/ratis/c95aa8f6-79fb-4fa0-bf9c-7fe45d17eff9 has been successfully formatted.
2023-06-29 22:13:31,393 [6201354d-b529-4d76-9c06-546548fd1ab2-groupManagement] INFO  ratis.ContainerStateMachine (ContainerStateMachine.java:loadSnapshot(262)) - group-7FE45D17EFF9: The snapshot info is null. Setting the last applied indexto:(t:0, i:~)
2023-06-29 22:13:31,394 [6201354d-b529-4d76-9c06-546548fd1ab2-groupManagement] INFO  server.RaftServerConfigKeys (ConfUtils.java:logGet(46)) - raft.server.log.use.memory = false (default)
2023-06-29 22:13:31,394 [6201354d-b529-4d76-9c06-546548fd1ab2-groupManagement] INFO  server.RaftServerConfigKeys (ConfUtils.java:logGet(46)) - raft.server.log.purge.gap = 1000000 (custom)
2023-06-29 22:13:31,395 [6201354d-b529-4d76-9c06-546548fd1ab2-groupManagement] INFO  server.RaftServerConfigKeys (ConfUtils.java:logGet(46)) - raft.server.log.appender.buffer.byte-limit = 33554432 (custom)
2023-06-29 22:13:31,395 [6201354d-b529-4d76-9c06-546548fd1ab2-groupManagement] INFO  server.RaftServerConfigKeys (ConfUtils.java:logGet(46)) - raft.server.log.statemachine.data.read.timeout = 1000ms (default)
2023-06-29 22:13:31,395 [6201354d-b529-4d76-9c06-546548fd1ab2-groupManagement] INFO  server.RaftServerConfigKeys (ConfUtils.java:logGet(46)) - raft.server.log.purge.preservation.log.num = 0 (default)
2023-06-29 22:13:31,395 [6201354d-b529-4d76-9c06-546548fd1ab2-groupManagement] INFO  server.RaftServerConfigKeys (ConfUtils.java:logGet(46)) - raft.server.log.segment.size.max = 1048576 (custom)
2023-06-29 22:13:31,396 [6201354d-b529-4d76-9c06-546548fd1ab2-groupManagement] INFO  server.RaftServerConfigKeys (ConfUtils.java:logGet(46)) - raft.server.log.segment.cache.num.max = 2 (custom)
2023-06-29 22:13:31,396 [6201354d-b529-4d76-9c06-546548fd1ab2-groupManagement] INFO  server.RaftServerConfigKeys (ConfUtils.java:logGet(46)) - raft.server.log.segment.cache.size.max = 200MB (=209715200) (default)
2023-06-29 22:13:31,396 [6201354d-b529-4d76-9c06-546548fd1ab2-groupManagement] INFO  server.RaftServerConfigKeys (ConfUtils.java:logGet(46)) - raft.server.log.appender.buffer.byte-limit = 33554432 (custom)
2023-06-29 22:13:31,396 [6201354d-b529-4d76-9c06-546548fd1ab2-groupManagement] INFO  segmented.SegmentedRaftLogWorker (SegmentedRaftLogWorker.java:<init>(188)) - new 6201354d-b529-4d76-9c06-546548fd1ab2@group-7FE45D17EFF9-SegmentedRaftLogWorker for RaftStorageImpl:Storage Directory /home/runner/work/ozone/ozone/hadoop-ozone/integration-test/target/test-dir/MiniOzoneClusterImpl-bfa5a98b-f4fa-4e92-9252-0122c5abb8e0/datanode-1/data/ratis/c95aa8f6-79fb-4fa0-bf9c-7fe45d17eff9
2023-06-29 22:13:31,396 [6201354d-b529-4d76-9c06-546548fd1ab2-groupManagement] INFO  server.RaftServerConfigKeys (ConfUtils.java:logGet(46)) - raft.server.log.queue.byte-limit = 4294967296 (custom)
2023-06-29 22:13:31,396 [6201354d-b529-4d76-9c06-546548fd1ab2-groupManagement] INFO  server.RaftServerConfigKeys (ConfUtils.java:logGet(46)) - raft.server.log.queue.element-limit = 1024 (custom)
2023-06-29 22:13:31,396 [6201354d-b529-4d76-9c06-546548fd1ab2-groupManagement] INFO  server.RaftServerConfigKeys (ConfUtils.java:logGet(46)) - raft.server.log.segment.size.max = 1048576 (custom)
2023-06-29 22:13:31,396 [6201354d-b529-4d76-9c06-546548fd1ab2-groupManagement] INFO  server.RaftServerConfigKeys (ConfUtils.java:logGet(46)) - raft.server.log.preallocated.size = 16384 (custom)
2023-06-29 22:13:31,396 [6201354d-b529-4d76-9c06-546548fd1ab2-groupManagement] INFO  server.RaftServerConfigKeys (ConfUtils.java:logGet(46)) - raft.server.log.force.sync.num = 128 (default)
2023-06-29 22:13:31,396 [6201354d-b529-4d76-9c06-546548fd1ab2-groupManagement] INFO  server.RaftServerConfigKeys (ConfUtils.java:logGet(46)) - raft.server.log.statemachine.data.sync = true (default)
2023-06-29 22:13:31,396 [6201354d-b529-4d76-9c06-546548fd1ab2-groupManagement] INFO  server.RaftServerConfigKeys (ConfUtils.java:logGet(46)) - raft.server.log.statemachine.data.sync.timeout = 10s (default)
2023-06-29 22:13:31,396 [6201354d-b529-4d76-9c06-546548fd1ab2-groupManagement] INFO  server.RaftServerConfigKeys (ConfUtils.java:logGet(46)) - raft.server.log.statemachine.data.sync.timeout.retry = -1 (default)
2023-06-29 22:13:31,400 [6201354d-b529-4d76-9c06-546548fd1ab2-groupManagement] INFO  server.RaftServerConfigKeys (ConfUtils.java:logGet(46)) - raft.server.log.write.buffer.size = 1048576 (custom)
2023-06-29 22:13:31,400 [6201354d-b529-4d76-9c06-546548fd1ab2-groupManagement] INFO  server.RaftServerConfigKeys (ConfUtils.java:logGet(46)) - raft.server.log.appender.buffer.byte-limit = 33554432 (custom)
2023-06-29 22:13:31,403 [6201354d-b529-4d76-9c06-546548fd1ab2-groupManagement] INFO  server.RaftServerConfigKeys (ConfUtils.java:logGet(46)) - raft.server.log.unsafe-flush.enabled = false (default)
2023-06-29 22:13:31,403 [6201354d-b529-4d76-9c06-546548fd1ab2-groupManagement] INFO  server.RaftServerConfigKeys (ConfUtils.java:logGet(46)) - raft.server.log.async-flush.enabled = false (default)
2023-06-29 22:13:31,403 [6201354d-b529-4d76-9c06-546548fd1ab2-groupManagement] INFO  server.RaftServerConfigKeys (ConfUtils.java:logGet(46)) - raft.server.log.statemachine.data.caching.enabled = true (custom)
2023-06-29 22:13:31,403 [6201354d-b529-4d76-9c06-546548fd1ab2-groupManagement] INFO  segmented.SegmentedRaftLogWorker (SegmentedRaftLogWorker.java:lambda$new$0(135)) - 6201354d-b529-4d76-9c06-546548fd1ab2@group-7FE45D17EFF9-SegmentedRaftLogWorker: flushIndex: setUnconditionally 0 -> -1
2023-06-29 22:13:31,403 [6201354d-b529-4d76-9c06-546548fd1ab2-groupManagement] INFO  segmented.SegmentedRaftLogWorker (SegmentedRaftLogWorker.java:lambda$new$0(135)) - 6201354d-b529-4d76-9c06-546548fd1ab2@group-7FE45D17EFF9-SegmentedRaftLogWorker: safeCacheEvictIndex: setUnconditionally 0 -> -1
2023-06-29 22:13:31,405 [6201354d-b529-4d76-9c06-546548fd1ab2-groupManagement] INFO  server.RaftServer$Division (RaftServerImpl.java:start(342)) - 6201354d-b529-4d76-9c06-546548fd1ab2@group-7FE45D17EFF9: start as a follower, conf=-1: peers:[da0563b2-473a-4d54-878d-0928433366ac|rpc:10.1.0.248:15067|admin:10.1.0.248:15066|client:10.1.0.248:15065|dataStream:10.1.0.248:15068|priority:1|startupRole:FOLLOWER, 6201354d-b529-4d76-9c06-546548fd1ab2|rpc:10.1.0.248:15058|admin:10.1.0.248:15057|client:10.1.0.248:15056|dataStream:10.1.0.248:15059|priority:0|startupRole:FOLLOWER, d2d950cc-944e-4199-a77a-102171d6307b|rpc:10.1.0.248:15049|admin:10.1.0.248:15048|client:10.1.0.248:15047|dataStream:10.1.0.248:15050|priority:0|startupRole:FOLLOWER]|listeners:[], old=null
2023-06-29 22:13:31,405 [6201354d-b529-4d76-9c06-546548fd1ab2-groupManagement] INFO  server.RaftServer$Division (RaftServerImpl.java:setRole(329)) - 6201354d-b529-4d76-9c06-546548fd1ab2@group-7FE45D17EFF9: changes role from      null to FOLLOWER at term 0 for startAsFollower
2023-06-29 22:13:31,405 [6201354d-b529-4d76-9c06-546548fd1ab2-groupManagement] INFO  impl.RoleInfo (RoleInfo.java:updateAndGet(139)) - 6201354d-b529-4d76-9c06-546548fd1ab2: start 6201354d-b529-4d76-9c06-546548fd1ab2@group-7FE45D17EFF9-FollowerState
2023-06-29 22:13:31,406 [6201354d-b529-4d76-9c06-546548fd1ab2-groupManagement] INFO  util.JmxRegister (JmxRegister.java:tryRegister(44)) - Successfully registered JMX Bean with object name Ratis:service=RaftServer,group=group-7FE45D17EFF9,id=6201354d-b529-4d76-9c06-546548fd1ab2
2023-06-29 22:13:31,406 [6201354d-b529-4d76-9c06-546548fd1ab2-groupManagement] INFO  server.RaftServerConfigKeys (ConfUtils.java:logGet(46)) - raft.server.snapshot.auto.trigger.enabled = true (custom)
2023-06-29 22:13:31,406 [6201354d-b529-4d76-9c06-546548fd1ab2-groupManagement] INFO  server.RaftServerConfigKeys (ConfUtils.java:logGet(46)) - raft.server.snapshot.auto.trigger.threshold = 10000 (custom)
2023-06-29 22:13:31,406 [6201354d-b529-4d76-9c06-546548fd1ab2-groupManagement] INFO  server.RaftServerConfigKeys (ConfUtils.java:logGet(46)) - raft.server.snapshot.retention.file.num = 5 (custom)
2023-06-29 22:13:31,406 [6201354d-b529-4d76-9c06-546548fd1ab2-groupManagement] INFO  server.RaftServerConfigKeys (ConfUtils.java:logGet(46)) - raft.server.log.purge.upto.snapshot.index = false (default)
2023-06-29 22:13:31,407 [6201354d-b529-4d76-9c06-546548fd1ab2@group-7FE45D17EFF9-FollowerState] INFO  server.RaftServerConfigKeys (ConfUtils.java:logFallback(53)) - raft.server.rpc.first-election.timeout.min = 5s (fallback to raft.server.rpc.timeout.min)
2023-06-29 22:13:31,407 [6201354d-b529-4d76-9c06-546548fd1ab2@group-7FE45D17EFF9-FollowerState] INFO  server.RaftServerConfigKeys (ConfUtils.java:logFallback(53)) - raft.server.rpc.first-election.timeout.max = 5200ms (fallback to raft.server.rpc.timeout.max)
2023-06-29 22:13:31,412 [PipelineCommandHandlerThread-0] INFO  commandhandler.CreatePipelineCommandHandler (CreatePipelineCommandHandler.java:lambda$handle$2(124)) - Created Pipeline RATIS THREE PipelineID=c95aa8f6-79fb-4fa0-bf9c-7fe45d17eff9.
2023-06-29 22:13:31,412 [PipelineCommandHandlerThread-0] INFO  server.RaftServer (RaftServerProxy.java:addNew(98)) - d2d950cc-944e-4199-a77a-102171d6307b: addNew group-E24561C9A68A:[da0563b2-473a-4d54-878d-0928433366ac|rpc:10.1.0.248:15067|admin:10.1.0.248:15066|client:10.1.0.248:15065|dataStream:10.1.0.248:15068|priority:0|startupRole:FOLLOWER, 6201354d-b529-4d76-9c06-546548fd1ab2|rpc:10.1.0.248:15058|admin:10.1.0.248:15057|client:10.1.0.248:15056|dataStream:10.1.0.248:15059|priority:0|startupRole:FOLLOWER, d2d950cc-944e-4199-a77a-102171d6307b|rpc:10.1.0.248:15049|admin:10.1.0.248:15048|client:10.1.0.248:15047|dataStream:10.1.0.248:15050|priority:1|startupRole:FOLLOWER] returns group-E24561C9A68A:java.util.concurrent.CompletableFuture@27307109[Not completed]
2023-06-29 22:13:31,413 [d2d950cc-944e-4199-a77a-102171d6307b-groupManagement] INFO  server.RaftServer$Division (RaftServerImpl.java:<init>(198)) - d2d950cc-944e-4199-a77a-102171d6307b: new RaftServerImpl for group-E24561C9A68A:[da0563b2-473a-4d54-878d-0928433366ac|rpc:10.1.0.248:15067|admin:10.1.0.248:15066|client:10.1.0.248:15065|dataStream:10.1.0.248:15068|priority:0|startupRole:FOLLOWER, 6201354d-b529-4d76-9c06-546548fd1ab2|rpc:10.1.0.248:15058|admin:10.1.0.248:15057|client:10.1.0.248:15056|dataStream:10.1.0.248:15059|priority:0|startupRole:FOLLOWER, d2d950cc-944e-4199-a77a-102171d6307b|rpc:10.1.0.248:15049|admin:10.1.0.248:15048|client:10.1.0.248:15047|dataStream:10.1.0.248:15050|priority:1|startupRole:FOLLOWER] with ContainerStateMachine:uninitialized
2023-06-29 22:13:31,413 [d2d950cc-944e-4199-a77a-102171d6307b-groupManagement] INFO  server.RaftServerConfigKeys (ConfUtils.java:logGet(46)) - raft.server.rpc.timeout.min = 5s (custom)
2023-06-29 22:13:31,413 [d2d950cc-944e-4199-a77a-102171d6307b-groupManagement] INFO  server.RaftServerConfigKeys (ConfUtils.java:logGet(46)) - raft.server.rpc.timeout.max = 5200ms (custom)
2023-06-29 22:13:31,413 [d2d950cc-944e-4199-a77a-102171d6307b-groupManagement] INFO  server.RaftServerConfigKeys (ConfUtils.java:logGet(46)) - raft.server.rpc.sleep.time = 25ms (default)
2023-06-29 22:13:31,413 [d2d950cc-944e-4199-a77a-102171d6307b-groupManagement] INFO  server.RaftServerConfigKeys (ConfUtils.java:logGet(46)) - raft.server.rpc.slowness.timeout = 300s (custom)
2023-06-29 22:13:31,413 [d2d950cc-944e-4199-a77a-102171d6307b-groupManagement] INFO  server.RaftServerConfigKeys (ConfUtils.java:logGet(46)) - raft.server.leaderelection.leader.step-down.wait-time = 10s (default)
2023-06-29 22:13:31,413 [d2d950cc-944e-4199-a77a-102171d6307b-groupManagement] INFO  server.RaftServerConfigKeys (ConfUtils.java:logGet(46)) - raft.server.sleep.deviation.threshold = 300ms (default)
2023-06-29 22:13:31,414 [d2d950cc-944e-4199-a77a-102171d6307b-groupManagement] INFO  server.RaftServer$Division (ServerState.java:<init>(120)) - d2d950cc-944e-4199-a77a-102171d6307b@group-E24561C9A68A: ConfigurationManager, init=-1: peers:[da0563b2-473a-4d54-878d-0928433366ac|rpc:10.1.0.248:15067|admin:10.1.0.248:15066|client:10.1.0.248:15065|dataStream:10.1.0.248:15068|priority:0|startupRole:FOLLOWER, 6201354d-b529-4d76-9c06-546548fd1ab2|rpc:10.1.0.248:15058|admin:10.1.0.248:15057|client:10.1.0.248:15056|dataStream:10.1.0.248:15059|priority:0|startupRole:FOLLOWER, d2d950cc-944e-4199-a77a-102171d6307b|rpc:10.1.0.248:15049|admin:10.1.0.248:15048|client:10.1.0.248:15047|dataStream:10.1.0.248:15050|priority:1|startupRole:FOLLOWER]|listeners:[], old=null, confs=<EMPTY_MAP>
2023-06-29 22:13:31,414 [d2d950cc-944e-4199-a77a-102171d6307b-groupManagement] INFO  server.RaftServerConfigKeys (ConfUtils.java:logGet(46)) - raft.server.storage.dir = [/home/runner/work/ozone/ozone/hadoop-ozone/integration-test/target/test-dir/MiniOzoneClusterImpl-bfa5a98b-f4fa-4e92-9252-0122c5abb8e0/datanode-0/data/ratis] (custom)
2023-06-29 22:13:31,414 [d2d950cc-944e-4199-a77a-102171d6307b-groupManagement] INFO  server.RaftServerConfigKeys (ConfUtils.java:logGet(46)) - raft.server.log.corruption.policy = EXCEPTION (default)
2023-06-29 22:13:31,414 [d2d950cc-944e-4199-a77a-102171d6307b-groupManagement] INFO  server.RaftServerConfigKeys (ConfUtils.java:logGet(46)) - raft.server.storage.free-space.min = 0MB (=0) (default)
2023-06-29 22:13:31,414 [d2d950cc-944e-4199-a77a-102171d6307b-groupManagement] INFO  server.RaftServerConfigKeys (ConfUtils.java:logGet(46)) - raft.server.notification.no-leader.timeout = 300s (custom)
2023-06-29 22:13:31,414 [d2d950cc-944e-4199-a77a-102171d6307b-groupManagement] INFO  server.RaftServerConfigKeys (ConfUtils.java:logGet(46)) - raft.server.read.timeout = 10s (default)
2023-06-29 22:13:31,415 [d2d950cc-944e-4199-a77a-102171d6307b-groupManagement] INFO  server.RaftServerConfigKeys (ConfUtils.java:logGet(46)) - raft.server.retrycache.expirytime = 600000ms (custom)
2023-06-29 22:13:31,416 [d2d950cc-944e-4199-a77a-102171d6307b-groupManagement] INFO  server.RaftServerConfigKeys (ConfUtils.java:logGet(46)) - raft.server.retrycache.statistics.expirytime = 100μs (default)
2023-06-29 22:13:31,416 [d2d950cc-944e-4199-a77a-102171d6307b-groupManagement] INFO  server.RaftServerConfigKeys (ConfUtils.java:logGet(46)) - raft.server.read.option = DEFAULT (default)
2023-06-29 22:13:31,416 [d2d950cc-944e-4199-a77a-102171d6307b-groupManagement] INFO  server.RaftServerConfigKeys (ConfUtils.java:logGet(46)) - raft.server.rpc.request.timeout = 60s (custom)
2023-06-29 22:13:31,416 [d2d950cc-944e-4199-a77a-102171d6307b-groupManagement] INFO  server.RaftServerConfigKeys (ConfUtils.java:logGet(46)) - raft.server.log.appender.install.snapshot.enabled = false (custom)
2023-06-29 22:13:31,416 [d2d950cc-944e-4199-a77a-102171d6307b-groupManagement] INFO  server.RaftServerConfigKeys (ConfUtils.java:logGet(46)) - raft.server.threadpool.server.cached = true (default)
2023-06-29 22:13:31,416 [d2d950cc-944e-4199-a77a-102171d6307b-groupManagement] INFO  server.RaftServerConfigKeys (ConfUtils.java:logGet(46)) - raft.server.threadpool.server.size = 0 (default)
2023-06-29 22:13:31,416 [d2d950cc-944e-4199-a77a-102171d6307b-groupManagement] INFO  server.RaftServerConfigKeys (ConfUtils.java:logGet(46)) - raft.server.threadpool.client.cached = true (default)
2023-06-29 22:13:31,416 [d2d950cc-944e-4199-a77a-102171d6307b-groupManagement] INFO  server.RaftServerConfigKeys (ConfUtils.java:logGet(46)) - raft.server.threadpool.client.size = 0 (default)
2023-06-29 22:13:31,417 [d2d950cc-944e-4199-a77a-102171d6307b-groupManagement] INFO  storage.RaftStorageDirectory (RaftStorageDirectoryImpl.java:analyzeStorage(137)) - The storage directory /home/runner/work/ozone/ozone/hadoop-ozone/integration-test/target/test-dir/MiniOzoneClusterImpl-bfa5a98b-f4fa-4e92-9252-0122c5abb8e0/datanode-0/data/ratis/71241815-c4ec-4dd8-92ba-e24561c9a68a does not exist. Creating ...
2023-06-29 22:13:31,418 [d2d950cc-944e-4199-a77a-102171d6307b-groupManagement] INFO  storage.RaftStorageDirectory (RaftStorageDirectoryImpl.java:tryLock(231)) - Lock on /home/runner/work/ozone/ozone/hadoop-ozone/integration-test/target/test-dir/MiniOzoneClusterImpl-bfa5a98b-f4fa-4e92-9252-0122c5abb8e0/datanode-0/data/ratis/71241815-c4ec-4dd8-92ba-e24561c9a68a/in_use.lock acquired by nodename 7706@fv-az83-404
2023-06-29 22:13:31,422 [d2d950cc-944e-4199-a77a-102171d6307b-groupManagement] INFO  storage.RaftStorage (RaftStorageImpl.java:format(96)) - Storage directory /home/runner/work/ozone/ozone/hadoop-ozone/integration-test/target/test-dir/MiniOzoneClusterImpl-bfa5a98b-f4fa-4e92-9252-0122c5abb8e0/datanode-0/data/ratis/71241815-c4ec-4dd8-92ba-e24561c9a68a has been successfully formatted.
2023-06-29 22:13:31,423 [EventQueue-OpenPipelineForHealthyPipelineSafeModeRule] INFO  safemode.SCMSafeModeManager (HealthyPipelineSafeModeRule.java:process(137)) - SCM in safe mode. Healthy pipelines reported count is 0, required healthy pipeline reported count is 1
2023-06-29 22:13:31,423 [d2d950cc-944e-4199-a77a-102171d6307b-groupManagement] INFO  ratis.ContainerStateMachine (ContainerStateMachine.java:loadSnapshot(262)) - group-E24561C9A68A: The snapshot info is null. Setting the last applied indexto:(t:0, i:~)
2023-06-29 22:13:31,424 [d2d950cc-944e-4199-a77a-102171d6307b-groupManagement] INFO  server.RaftServerConfigKeys (ConfUtils.java:logGet(46)) - raft.server.log.use.memory = false (default)
2023-06-29 22:13:31,424 [d2d950cc-944e-4199-a77a-102171d6307b-groupManagement] INFO  server.RaftServerConfigKeys (ConfUtils.java:logGet(46)) - raft.server.log.purge.gap = 1000000 (custom)
2023-06-29 22:13:31,424 [d2d950cc-944e-4199-a77a-102171d6307b-groupManagement] INFO  server.RaftServerConfigKeys (ConfUtils.java:logGet(46)) - raft.server.log.appender.buffer.byte-limit = 33554432 (custom)
2023-06-29 22:13:31,424 [d2d950cc-944e-4199-a77a-102171d6307b-groupManagement] INFO  server.RaftServerConfigKeys (ConfUtils.java:logGet(46)) - raft.server.log.statemachine.data.read.timeout = 1000ms (default)
2023-06-29 22:13:31,424 [d2d950cc-944e-4199-a77a-102171d6307b-groupManagement] INFO  server.RaftServerConfigKeys (ConfUtils.java:logGet(46)) - raft.server.log.purge.preservation.log.num = 0 (default)
2023-06-29 22:13:31,424 [d2d950cc-944e-4199-a77a-102171d6307b-groupManagement] INFO  server.RaftServerConfigKeys (ConfUtils.java:logGet(46)) - raft.server.log.segment.size.max = 1048576 (custom)
2023-06-29 22:13:31,424 [d2d950cc-944e-4199-a77a-102171d6307b-groupManagement] INFO  server.RaftServerConfigKeys (ConfUtils.java:logGet(46)) - raft.server.log.segment.cache.num.max = 2 (custom)
2023-06-29 22:13:31,424 [d2d950cc-944e-4199-a77a-102171d6307b-groupManagement] INFO  server.RaftServerConfigKeys (ConfUtils.java:logGet(46)) - raft.server.log.segment.cache.size.max = 200MB (=209715200) (default)
2023-06-29 22:13:31,424 [d2d950cc-944e-4199-a77a-102171d6307b-groupManagement] INFO  server.RaftServerConfigKeys (ConfUtils.java:logGet(46)) - raft.server.log.appender.buffer.byte-limit = 33554432 (custom)
2023-06-29 22:13:31,424 [d2d950cc-944e-4199-a77a-102171d6307b-groupManagement] INFO  segmented.SegmentedRaftLogWorker (SegmentedRaftLogWorker.java:<init>(188)) - new d2d950cc-944e-4199-a77a-102171d6307b@group-E24561C9A68A-SegmentedRaftLogWorker for RaftStorageImpl:Storage Directory /home/runner/work/ozone/ozone/hadoop-ozone/integration-test/target/test-dir/MiniOzoneClusterImpl-bfa5a98b-f4fa-4e92-9252-0122c5abb8e0/datanode-0/data/ratis/71241815-c4ec-4dd8-92ba-e24561c9a68a
2023-06-29 22:13:31,424 [d2d950cc-944e-4199-a77a-102171d6307b-groupManagement] INFO  server.RaftServerConfigKeys (ConfUtils.java:logGet(46)) - raft.server.log.queue.byte-limit = 4294967296 (custom)
2023-06-29 22:13:31,424 [d2d950cc-944e-4199-a77a-102171d6307b-groupManagement] INFO  server.RaftServerConfigKeys (ConfUtils.java:logGet(46)) - raft.server.log.queue.element-limit = 1024 (custom)
2023-06-29 22:13:31,424 [d2d950cc-944e-4199-a77a-102171d6307b-groupManagement] INFO  server.RaftServerConfigKeys (ConfUtils.java:logGet(46)) - raft.server.log.segment.size.max = 1048576 (custom)
2023-06-29 22:13:31,424 [d2d950cc-944e-4199-a77a-102171d6307b-groupManagement] INFO  server.RaftServerConfigKeys (ConfUtils.java:logGet(46)) - raft.server.log.preallocated.size = 16384 (custom)
2023-06-29 22:13:31,424 [d2d950cc-944e-4199-a77a-102171d6307b-groupManagement] INFO  server.RaftServerConfigKeys (ConfUtils.java:logGet(46)) - raft.server.log.force.sync.num = 128 (default)
2023-06-29 22:13:31,425 [d2d950cc-944e-4199-a77a-102171d6307b-groupManagement] INFO  server.RaftServerConfigKeys (ConfUtils.java:logGet(46)) - raft.server.log.statemachine.data.sync = true (default)
2023-06-29 22:13:31,425 [d2d950cc-944e-4199-a77a-102171d6307b-groupManagement] INFO  server.RaftServerConfigKeys (ConfUtils.java:logGet(46)) - raft.server.log.statemachine.data.sync.timeout = 10s (default)
2023-06-29 22:13:31,425 [d2d950cc-944e-4199-a77a-102171d6307b-groupManagement] INFO  server.RaftServerConfigKeys (ConfUtils.java:logGet(46)) - raft.server.log.statemachine.data.sync.timeout.retry = -1 (default)
2023-06-29 22:13:31,425 [d2d950cc-944e-4199-a77a-102171d6307b-groupManagement] INFO  server.RaftServerConfigKeys (ConfUtils.java:logGet(46)) - raft.server.log.write.buffer.size = 1048576 (custom)
2023-06-29 22:13:31,425 [d2d950cc-944e-4199-a77a-102171d6307b-groupManagement] INFO  server.RaftServerConfigKeys (ConfUtils.java:logGet(46)) - raft.server.log.appender.buffer.byte-limit = 33554432 (custom)
2023-06-29 22:13:31,738 [d2d950cc-944e-4199-a77a-102171d6307b-groupManagement] INFO  server.RaftServerConfigKeys (ConfUtils.java:logGet(46)) - raft.server.log.unsafe-flush.enabled = false (default)
2023-06-29 22:13:31,739 [JvmPauseMonitor5] WARN  util.JvmPauseMonitor (JvmPauseMonitor.java:detectPause(124)) - JvmPauseMonitor-ca1e13a8-19c8-4520-bc27-e1962e18dee1: Detected pause in JVM or host machine approximately 0.144s with 0.310s GC time.
GC pool 'PS MarkSweep' had collection(s): count=1 time=209ms
GC pool 'PS Scavenge' had collection(s): count=1 time=101ms
2023-06-29 22:13:31,739 [JvmPauseMonitor6] WARN  util.JvmPauseMonitor (JvmPauseMonitor.java:detectPause(124)) - JvmPauseMonitor-om1: Detected pause in JVM or host machine approximately 0.269s with 0.310s GC time.
GC pool 'PS MarkSweep' had collection(s): count=1 time=209ms
GC pool 'PS Scavenge' had collection(s): count=1 time=101ms
2023-06-29 22:13:31,739 [d2d950cc-944e-4199-a77a-102171d6307b-groupManagement] INFO  server.RaftServerConfigKeys (ConfUtils.java:logGet(46)) - raft.server.log.async-flush.enabled = false (default)
2023-06-29 22:13:31,739 [d2d950cc-944e-4199-a77a-102171d6307b-groupManagement] INFO  server.RaftServerConfigKeys (ConfUtils.java:logGet(46)) - raft.server.log.statemachine.data.caching.enabled = true (custom)
2023-06-29 22:13:31,740 [d2d950cc-944e-4199-a77a-102171d6307b-groupManagement] INFO  segmented.SegmentedRaftLogWorker (SegmentedRaftLogWorker.java:lambda$new$0(135)) - d2d950cc-944e-4199-a77a-102171d6307b@group-E24561C9A68A-SegmentedRaftLogWorker: flushIndex: setUnconditionally 0 -> -1
2023-06-29 22:13:31,740 [d2d950cc-944e-4199-a77a-102171d6307b-groupManagement] INFO  segmented.SegmentedRaftLogWorker (SegmentedRaftLogWorker.java:lambda$new$0(135)) - d2d950cc-944e-4199-a77a-102171d6307b@group-E24561C9A68A-SegmentedRaftLogWorker: safeCacheEvictIndex: setUnconditionally 0 -> -1
2023-06-29 22:13:31,740 [6201354d-b529-4d76-9c06-546548fd1ab2-groupManagement] INFO  server.RaftServer$Division (RaftServerImpl.java:<init>(198)) - 6201354d-b529-4d76-9c06-546548fd1ab2: new RaftServerImpl for group-7DB4392FB4FF:[6201354d-b529-4d76-9c06-546548fd1ab2|rpc:10.1.0.248:15058|admin:10.1.0.248:15057|client:10.1.0.248:15056|dataStream:10.1.0.248:15059|priority:1|startupRole:FOLLOWER] with ContainerStateMachine:uninitialized
2023-06-29 22:13:31,740 [d2d950cc-944e-4199-a77a-102171d6307b-groupManagement] INFO  server.RaftServer$Division (RaftServerImpl.java:start(342)) - d2d950cc-944e-4199-a77a-102171d6307b@group-E24561C9A68A: start as a follower, conf=-1: peers:[da0563b2-473a-4d54-878d-0928433366ac|rpc:10.1.0.248:15067|admin:10.1.0.248:15066|client:10.1.0.248:15065|dataStream:10.1.0.248:15068|priority:0|startupRole:FOLLOWER, 6201354d-b529-4d76-9c06-546548fd1ab2|rpc:10.1.0.248:15058|admin:10.1.0.248:15057|client:10.1.0.248:15056|dataStream:10.1.0.248:15059|priority:0|startupRole:FOLLOWER, d2d950cc-944e-4199-a77a-102171d6307b|rpc:10.1.0.248:15049|admin:10.1.0.248:15048|client:10.1.0.248:15047|dataStream:10.1.0.248:15050|priority:1|startupRole:FOLLOWER]|listeners:[], old=null
2023-06-29 22:13:31,740 [6201354d-b529-4d76-9c06-546548fd1ab2-groupManagement] INFO  server.RaftServerConfigKeys (ConfUtils.java:logGet(46)) - raft.server.rpc.timeout.min = 5s (custom)
2023-06-29 22:13:31,740 [d2d950cc-944e-4199-a77a-102171d6307b-groupManagement] INFO  server.RaftServer$Division (RaftServerImpl.java:setRole(329)) - d2d950cc-944e-4199-a77a-102171d6307b@group-E24561C9A68A: changes role from      null to FOLLOWER at term 0 for startAsFollower
2023-06-29 22:13:31,740 [6201354d-b529-4d76-9c06-546548fd1ab2-groupManagement] INFO  server.RaftServerConfigKeys (ConfUtils.java:logGet(46)) - raft.server.rpc.timeout.max = 5200ms (custom)
2023-06-29 22:13:31,740 [d2d950cc-944e-4199-a77a-102171d6307b-groupManagement] INFO  impl.RoleInfo (RoleInfo.java:updateAndGet(139)) - d2d950cc-944e-4199-a77a-102171d6307b: start d2d950cc-944e-4199-a77a-102171d6307b@group-E24561C9A68A-FollowerState
2023-06-29 22:13:31,740 [6201354d-b529-4d76-9c06-546548fd1ab2-groupManagement] INFO  server.RaftServerConfigKeys (ConfUtils.java:logGet(46)) - raft.server.rpc.sleep.time = 25ms (default)
2023-06-29 22:13:31,740 [6201354d-b529-4d76-9c06-546548fd1ab2-groupManagement] INFO  server.RaftServerConfigKeys (ConfUtils.java:logGet(46)) - raft.server.rpc.slowness.timeout = 300s (custom)
2023-06-29 22:13:31,740 [6201354d-b529-4d76-9c06-546548fd1ab2-groupManagement] INFO  server.RaftServerConfigKeys (ConfUtils.java:logGet(46)) - raft.server.leaderelection.leader.step-down.wait-time = 10s (default)
2023-06-29 22:13:31,740 [6201354d-b529-4d76-9c06-546548fd1ab2-groupManagement] INFO  server.RaftServerConfigKeys (ConfUtils.java:logGet(46)) - raft.server.sleep.deviation.threshold = 300ms (default)
2023-06-29 22:13:31,740 [6201354d-b529-4d76-9c06-546548fd1ab2-groupManagement] INFO  server.RaftServer$Division (ServerState.java:<init>(120)) - 6201354d-b529-4d76-9c06-546548fd1ab2@group-7DB4392FB4FF: ConfigurationManager, init=-1: peers:[6201354d-b529-4d76-9c06-546548fd1ab2|rpc:10.1.0.248:15058|admin:10.1.0.248:15057|client:10.1.0.248:15056|dataStream:10.1.0.248:15059|priority:1|startupRole:FOLLOWER]|listeners:[], old=null, confs=<EMPTY_MAP>
2023-06-29 22:13:31,740 [d2d950cc-944e-4199-a77a-102171d6307b-groupManagement] INFO  util.JmxRegister (JmxRegister.java:tryRegister(44)) - Successfully registered JMX Bean with object name Ratis:service=RaftServer,group=group-E24561C9A68A,id=d2d950cc-944e-4199-a77a-102171d6307b
2023-06-29 22:13:31,740 [6201354d-b529-4d76-9c06-546548fd1ab2-groupManagement] INFO  server.RaftServerConfigKeys (ConfUtils.java:logGet(46)) - raft.server.storage.dir = [/home/runner/work/ozone/ozone/hadoop-ozone/integration-test/target/test-dir/MiniOzoneClusterImpl-bfa5a98b-f4fa-4e92-9252-0122c5abb8e0/datanode-1/data/ratis] (custom)
2023-06-29 22:13:31,740 [d2d950cc-944e-4199-a77a-102171d6307b-groupManagement] INFO  server.RaftServerConfigKeys (ConfUtils.java:logGet(46)) - raft.server.snapshot.auto.trigger.enabled = true (custom)
2023-06-29 22:13:31,740 [d2d950cc-944e-4199-a77a-102171d6307b-groupManagement] INFO  server.RaftServerConfigKeys (ConfUtils.java:logGet(46)) - raft.server.snapshot.auto.trigger.threshold = 10000 (custom)
2023-06-29 22:13:31,740 [d2d950cc-944e-4199-a77a-102171d6307b-groupManagement] INFO  server.RaftServerConfigKeys (ConfUtils.java:logGet(46)) - raft.server.snapshot.retention.file.num = 5 (custom)
2023-06-29 22:13:31,740 [6201354d-b529-4d76-9c06-546548fd1ab2-groupManagement] INFO  server.RaftServerConfigKeys (ConfUtils.java:logGet(46)) - raft.server.log.corruption.policy = EXCEPTION (default)
2023-06-29 22:13:31,740 [d2d950cc-944e-4199-a77a-102171d6307b-groupManagement] INFO  server.RaftServerConfigKeys (ConfUtils.java:logGet(46)) - raft.server.log.purge.upto.snapshot.index = false (default)
2023-06-29 22:13:31,741 [6201354d-b529-4d76-9c06-546548fd1ab2-groupManagement] INFO  server.RaftServerConfigKeys (ConfUtils.java:logGet(46)) - raft.server.storage.free-space.min = 0MB (=0) (default)
2023-06-29 22:13:31,741 [6201354d-b529-4d76-9c06-546548fd1ab2-groupManagement] INFO  server.RaftServerConfigKeys (ConfUtils.java:logGet(46)) - raft.server.notification.no-leader.timeout = 300s (custom)
2023-06-29 22:13:31,741 [6201354d-b529-4d76-9c06-546548fd1ab2-groupManagement] INFO  server.RaftServerConfigKeys (ConfUtils.java:logGet(46)) - raft.server.read.timeout = 10s (default)
2023-06-29 22:13:31,741 [6201354d-b529-4d76-9c06-546548fd1ab2-groupManagement] INFO  server.RaftServerConfigKeys (ConfUtils.java:logGet(46)) - raft.server.retrycache.expirytime = 600000ms (custom)
2023-06-29 22:13:31,741 [6201354d-b529-4d76-9c06-546548fd1ab2-groupManagement] INFO  server.RaftServerConfigKeys (ConfUtils.java:logGet(46)) - raft.server.retrycache.statistics.expirytime = 100μs (default)
2023-06-29 22:13:31,741 [6201354d-b529-4d76-9c06-546548fd1ab2-groupManagement] INFO  server.RaftServerConfigKeys (ConfUtils.java:logGet(46)) - raft.server.read.option = DEFAULT (default)
2023-06-29 22:13:31,742 [6201354d-b529-4d76-9c06-546548fd1ab2-groupManagement] INFO  server.RaftServerConfigKeys (ConfUtils.java:logGet(46)) - raft.server.rpc.request.timeout = 60s (custom)
2023-06-29 22:13:31,742 [6201354d-b529-4d76-9c06-546548fd1ab2-groupManagement] INFO  server.RaftServerConfigKeys (ConfUtils.java:logGet(46)) - raft.server.log.appender.install.snapshot.enabled = false (custom)
2023-06-29 22:13:31,742 [6201354d-b529-4d76-9c06-546548fd1ab2-groupManagement] INFO  server.RaftServerConfigKeys (ConfUtils.java:logGet(46)) - raft.server.threadpool.server.cached = true (default)
2023-06-29 22:13:31,742 [6201354d-b529-4d76-9c06-546548fd1ab2-groupManagement] INFO  server.RaftServerConfigKeys (ConfUtils.java:logGet(46)) - raft.server.threadpool.server.size = 0 (default)
2023-06-29 22:13:31,742 [6201354d-b529-4d76-9c06-546548fd1ab2-groupManagement] INFO  server.RaftServerConfigKeys (ConfUtils.java:logGet(46)) - raft.server.threadpool.client.cached = true (default)
2023-06-29 22:13:31,742 [6201354d-b529-4d76-9c06-546548fd1ab2-groupManagement] INFO  server.RaftServerConfigKeys (ConfUtils.java:logGet(46)) - raft.server.threadpool.client.size = 0 (default)
2023-06-29 22:13:31,742 [d2d950cc-944e-4199-a77a-102171d6307b@group-E24561C9A68A-FollowerState] INFO  server.RaftServerConfigKeys (ConfUtils.java:logFallback(53)) - raft.server.rpc.first-election.timeout.min = 5s (fallback to raft.server.rpc.timeout.min)
2023-06-29 22:13:31,742 [PipelineCommandHandlerThread-0] INFO  server.RaftServer (RaftServerProxy.java:addNew(98)) - 6201354d-b529-4d76-9c06-546548fd1ab2: addNew group-7DB4392FB4FF:[6201354d-b529-4d76-9c06-546548fd1ab2|rpc:10.1.0.248:15058|admin:10.1.0.248:15057|client:10.1.0.248:15056|dataStream:10.1.0.248:15059|priority:1|startupRole:FOLLOWER] returns      null 6201354d-b529-4d76-9c06-546548fd1ab2@group-7DB4392FB4FF:t0, leader=null, voted=null, raftlog=UNINITIALIZED, conf=-1: peers:[6201354d-b529-4d76-9c06-546548fd1ab2|rpc:10.1.0.248:15058|admin:10.1.0.248:15057|client:10.1.0.248:15056|dataStream:10.1.0.248:15059|priority:1|startupRole:FOLLOWER]|listeners:[], old=null NEW
2023-06-29 22:13:31,742 [d2d950cc-944e-4199-a77a-102171d6307b@group-E24561C9A68A-FollowerState] INFO  server.RaftServerConfigKeys (ConfUtils.java:logFallback(53)) - raft.server.rpc.first-election.timeout.max = 5200ms (fallback to raft.server.rpc.timeout.max)
2023-06-29 22:13:31,749 [6201354d-b529-4d76-9c06-546548fd1ab2-groupManagement] INFO  storage.RaftStorageDirectory (RaftStorageDirectoryImpl.java:analyzeStorage(137)) - The storage directory /home/runner/work/ozone/ozone/hadoop-ozone/integration-test/target/test-dir/MiniOzoneClusterImpl-bfa5a98b-f4fa-4e92-9252-0122c5abb8e0/datanode-1/data/ratis/0d395748-e0ec-4f06-b62f-7db4392fb4ff does not exist. Creating ...
2023-06-29 22:13:31,742 [PipelineCommandHandlerThread-0] INFO  ratis.XceiverServerRatis (XceiverServerRatis.java:addGroup(804)) - Created group PipelineID=71241815-c4ec-4dd8-92ba-e24561c9a68a
2023-06-29 22:13:31,742 [JvmPauseMonitor9] WARN  util.JvmPauseMonitor (JvmPauseMonitor.java:detectPause(124)) - JvmPauseMonitor-da0563b2-473a-4d54-878d-0928433366ac: Detected pause in JVM or host machine approximately 0.298s with 0.310s GC time.
GC pool 'PS MarkSweep' had collection(s): count=1 time=209ms
GC pool 'PS Scavenge' had collection(s): count=1 time=101ms
2023-06-29 22:13:31,755 [6201354d-b529-4d76-9c06-546548fd1ab2-groupManagement] INFO  storage.RaftStorageDirectory (RaftStorageDirectoryImpl.java:tryLock(231)) - Lock on /home/runner/work/ozone/ozone/hadoop-ozone/integration-test/target/test-dir/MiniOzoneClusterImpl-bfa5a98b-f4fa-4e92-9252-0122c5abb8e0/datanode-1/data/ratis/0d395748-e0ec-4f06-b62f-7db4392fb4ff/in_use.lock acquired by nodename 7706@fv-az83-404
2023-06-29 22:13:31,761 [6201354d-b529-4d76-9c06-546548fd1ab2-groupManagement] INFO  storage.RaftStorage (RaftStorageImpl.java:format(96)) - Storage directory /home/runner/work/ozone/ozone/hadoop-ozone/integration-test/target/test-dir/MiniOzoneClusterImpl-bfa5a98b-f4fa-4e92-9252-0122c5abb8e0/datanode-1/data/ratis/0d395748-e0ec-4f06-b62f-7db4392fb4ff has been successfully formatted.
2023-06-29 22:13:31,761 [6201354d-b529-4d76-9c06-546548fd1ab2-groupManagement] INFO  ratis.ContainerStateMachine (ContainerStateMachine.java:loadSnapshot(262)) - group-7DB4392FB4FF: The snapshot info is null. Setting the last applied indexto:(t:0, i:~)
2023-06-29 22:13:31,762 [6201354d-b529-4d76-9c06-546548fd1ab2-groupManagement] INFO  server.RaftServerConfigKeys (ConfUtils.java:logGet(46)) - raft.server.log.use.memory = false (default)
2023-06-29 22:13:31,762 [6201354d-b529-4d76-9c06-546548fd1ab2-groupManagement] INFO  server.RaftServerConfigKeys (ConfUtils.java:logGet(46)) - raft.server.log.purge.gap = 1000000 (custom)
2023-06-29 22:13:31,762 [6201354d-b529-4d76-9c06-546548fd1ab2-groupManagement] INFO  server.RaftServerConfigKeys (ConfUtils.java:logGet(46)) - raft.server.log.appender.buffer.byte-limit = 33554432 (custom)
2023-06-29 22:13:31,762 [6201354d-b529-4d76-9c06-546548fd1ab2-groupManagement] INFO  server.RaftServerConfigKeys (ConfUtils.java:logGet(46)) - raft.server.log.statemachine.data.read.timeout = 1000ms (default)
2023-06-29 22:13:31,762 [6201354d-b529-4d76-9c06-546548fd1ab2-groupManagement] INFO  server.RaftServerConfigKeys (ConfUtils.java:logGet(46)) - raft.server.log.purge.preservation.log.num = 0 (default)
2023-06-29 22:13:31,762 [6201354d-b529-4d76-9c06-546548fd1ab2-groupManagement] INFO  server.RaftServerConfigKeys (ConfUtils.java:logGet(46)) - raft.server.log.segment.size.max = 1048576 (custom)
2023-06-29 22:13:31,763 [6201354d-b529-4d76-9c06-546548fd1ab2-groupManagement] INFO  server.RaftServerConfigKeys (ConfUtils.java:logGet(46)) - raft.server.log.segment.cache.num.max = 2 (custom)
2023-06-29 22:13:31,763 [6201354d-b529-4d76-9c06-546548fd1ab2-groupManagement] INFO  server.RaftServerConfigKeys (ConfUtils.java:logGet(46)) - raft.server.log.segment.cache.size.max = 200MB (=209715200) (default)
2023-06-29 22:13:31,763 [EventQueue-PipelineReportForPipelineReportHandler] INFO  pipeline.PipelineReportHandler (PipelineReportHandler.java:processPipelineReport(136)) - Opened pipeline PipelineID=0d395748-e0ec-4f06-b62f-7db4392fb4ff
2023-06-29 22:13:31,763 [6201354d-b529-4d76-9c06-546548fd1ab2-groupManagement] INFO  server.RaftServerConfigKeys (ConfUtils.java:logGet(46)) - raft.server.log.appender.buffer.byte-limit = 33554432 (custom)
2023-06-29 22:13:31,763 [6201354d-b529-4d76-9c06-546548fd1ab2-groupManagement] INFO  segmented.SegmentedRaftLogWorker (SegmentedRaftLogWorker.java:<init>(188)) - new 6201354d-b529-4d76-9c06-546548fd1ab2@group-7DB4392FB4FF-SegmentedRaftLogWorker for RaftStorageImpl:Storage Directory /home/runner/work/ozone/ozone/hadoop-ozone/integration-test/target/test-dir/MiniOzoneClusterImpl-bfa5a98b-f4fa-4e92-9252-0122c5abb8e0/datanode-1/data/ratis/0d395748-e0ec-4f06-b62f-7db4392fb4ff
2023-06-29 22:13:31,763 [6201354d-b529-4d76-9c06-546548fd1ab2-groupManagement] INFO  server.RaftServerConfigKeys (ConfUtils.java:logGet(46)) - raft.server.log.queue.byte-limit = 4294967296 (custom)
2023-06-29 22:13:31,763 [EventQueue-OpenPipelineForHealthyPipelineSafeModeRule] INFO  safemode.SCMSafeModeManager (HealthyPipelineSafeModeRule.java:process(137)) - SCM in safe mode. Healthy pipelines reported count is 0, required healthy pipeline reported count is 1
2023-06-29 22:13:31,763 [6201354d-b529-4d76-9c06-546548fd1ab2-groupManagement] INFO  server.RaftServerConfigKeys (ConfUtils.java:logGet(46)) - raft.server.log.queue.element-limit = 1024 (custom)
2023-06-29 22:13:31,763 [6201354d-b529-4d76-9c06-546548fd1ab2-groupManagement] INFO  server.RaftServerConfigKeys (ConfUtils.java:logGet(46)) - raft.server.log.segment.size.max = 1048576 (custom)
2023-06-29 22:13:31,763 [6201354d-b529-4d76-9c06-546548fd1ab2-groupManagement] INFO  server.RaftServerConfigKeys (ConfUtils.java:logGet(46)) - raft.server.log.preallocated.size = 16384 (custom)
2023-06-29 22:13:31,763 [6201354d-b529-4d76-9c06-546548fd1ab2-groupManagement] INFO  server.RaftServerConfigKeys (ConfUtils.java:logGet(46)) - raft.server.log.force.sync.num = 128 (default)
2023-06-29 22:13:31,763 [6201354d-b529-4d76-9c06-546548fd1ab2-groupManagement] INFO  server.RaftServerConfigKeys (ConfUtils.java:logGet(46)) - raft.server.log.statemachine.data.sync = true (default)
2023-06-29 22:13:31,763 [6201354d-b529-4d76-9c06-546548fd1ab2-groupManagement] INFO  server.RaftServerConfigKeys (ConfUtils.java:logGet(46)) - raft.server.log.statemachine.data.sync.timeout = 10s (default)
2023-06-29 22:13:31,763 [6201354d-b529-4d76-9c06-546548fd1ab2-groupManagement] INFO  server.RaftServerConfigKeys (ConfUtils.java:logGet(46)) - raft.server.log.statemachine.data.sync.timeout.retry = -1 (default)
2023-06-29 22:13:31,764 [6201354d-b529-4d76-9c06-546548fd1ab2-groupManagement] INFO  server.RaftServerConfigKeys (ConfUtils.java:logGet(46)) - raft.server.log.write.buffer.size = 1048576 (custom)
2023-06-29 22:13:31,766 [6201354d-b529-4d76-9c06-546548fd1ab2-groupManagement] INFO  server.RaftServerConfigKeys (ConfUtils.java:logGet(46)) - raft.server.log.appender.buffer.byte-limit = 33554432 (custom)
2023-06-29 22:13:31,766 [grpc-default-executor-0] INFO  server.RaftServer (RaftServerProxy.java:addNew(98)) - da0563b2-473a-4d54-878d-0928433366ac: addNew group-E24561C9A68A:[da0563b2-473a-4d54-878d-0928433366ac|rpc:10.1.0.248:15067|admin:10.1.0.248:15066|client:10.1.0.248:15065|dataStream:10.1.0.248:15068|priority:0|startupRole:FOLLOWER, 6201354d-b529-4d76-9c06-546548fd1ab2|rpc:10.1.0.248:15058|admin:10.1.0.248:15057|client:10.1.0.248:15056|dataStream:10.1.0.248:15059|priority:0|startupRole:FOLLOWER, d2d950cc-944e-4199-a77a-102171d6307b|rpc:10.1.0.248:15049|admin:10.1.0.248:15048|client:10.1.0.248:15047|dataStream:10.1.0.248:15050|priority:1|startupRole:FOLLOWER] returns group-E24561C9A68A:java.util.concurrent.CompletableFuture@5c2c0a11[Not completed]
2023-06-29 22:13:31,767 [da0563b2-473a-4d54-878d-0928433366ac-groupManagement] INFO  server.RaftServer$Division (RaftServerImpl.java:<init>(198)) - da0563b2-473a-4d54-878d-0928433366ac: new RaftServerImpl for group-E24561C9A68A:[da0563b2-473a-4d54-878d-0928433366ac|rpc:10.1.0.248:15067|admin:10.1.0.248:15066|client:10.1.0.248:15065|dataStream:10.1.0.248:15068|priority:0|startupRole:FOLLOWER, 6201354d-b529-4d76-9c06-546548fd1ab2|rpc:10.1.0.248:15058|admin:10.1.0.248:15057|client:10.1.0.248:15056|dataStream:10.1.0.248:15059|priority:0|startupRole:FOLLOWER, d2d950cc-944e-4199-a77a-102171d6307b|rpc:10.1.0.248:15049|admin:10.1.0.248:15048|client:10.1.0.248:15047|dataStream:10.1.0.248:15050|priority:1|startupRole:FOLLOWER] with ContainerStateMachine:uninitialized
2023-06-29 22:13:31,767 [da0563b2-473a-4d54-878d-0928433366ac-groupManagement] INFO  server.RaftServerConfigKeys (ConfUtils.java:logGet(46)) - raft.server.rpc.timeout.min = 5s (custom)
2023-06-29 22:13:31,767 [da0563b2-473a-4d54-878d-0928433366ac-groupManagement] INFO  server.RaftServerConfigKeys (ConfUtils.java:logGet(46)) - raft.server.rpc.timeout.max = 5200ms (custom)
2023-06-29 22:13:31,767 [da0563b2-473a-4d54-878d-0928433366ac-groupManagement] INFO  server.RaftServerConfigKeys (ConfUtils.java:logGet(46)) - raft.server.rpc.sleep.time = 25ms (default)
2023-06-29 22:13:31,767 [da0563b2-473a-4d54-878d-0928433366ac-groupManagement] INFO  server.RaftServerConfigKeys (ConfUtils.java:logGet(46)) - raft.server.rpc.slowness.timeout = 300s (custom)
2023-06-29 22:13:31,767 [da0563b2-473a-4d54-878d-0928433366ac-groupManagement] INFO  server.RaftServerConfigKeys (ConfUtils.java:logGet(46)) - raft.server.leaderelection.leader.step-down.wait-time = 10s (default)
2023-06-29 22:13:31,767 [da0563b2-473a-4d54-878d-0928433366ac-groupManagement] INFO  server.RaftServerConfigKeys (ConfUtils.java:logGet(46)) - raft.server.sleep.deviation.threshold = 300ms (default)
2023-06-29 22:13:31,767 [da0563b2-473a-4d54-878d-0928433366ac-groupManagement] INFO  server.RaftServer$Division (ServerState.java:<init>(120)) - da0563b2-473a-4d54-878d-0928433366ac@group-E24561C9A68A: ConfigurationManager, init=-1: peers:[da0563b2-473a-4d54-878d-0928433366ac|rpc:10.1.0.248:15067|admin:10.1.0.248:15066|client:10.1.0.248:15065|dataStream:10.1.0.248:15068|priority:0|startupRole:FOLLOWER, 6201354d-b529-4d76-9c06-546548fd1ab2|rpc:10.1.0.248:15058|admin:10.1.0.248:15057|client:10.1.0.248:15056|dataStream:10.1.0.248:15059|priority:0|startupRole:FOLLOWER, d2d950cc-944e-4199-a77a-102171d6307b|rpc:10.1.0.248:15049|admin:10.1.0.248:15048|client:10.1.0.248:15047|dataStream:10.1.0.248:15050|priority:1|startupRole:FOLLOWER]|listeners:[], old=null, confs=<EMPTY_MAP>
2023-06-29 22:13:31,768 [da0563b2-473a-4d54-878d-0928433366ac-groupManagement] INFO  server.RaftServerConfigKeys (ConfUtils.java:logGet(46)) - raft.server.storage.dir = [/home/runner/work/ozone/ozone/hadoop-ozone/integration-test/target/test-dir/MiniOzoneClusterImpl-bfa5a98b-f4fa-4e92-9252-0122c5abb8e0/datanode-2/data/ratis] (custom)
2023-06-29 22:13:31,768 [da0563b2-473a-4d54-878d-0928433366ac-groupManagement] INFO  server.RaftServerConfigKeys (ConfUtils.java:logGet(46)) - raft.server.log.corruption.policy = EXCEPTION (default)
2023-06-29 22:13:31,768 [da0563b2-473a-4d54-878d-0928433366ac-groupManagement] INFO  server.RaftServerConfigKeys (ConfUtils.java:logGet(46)) - raft.server.storage.free-space.min = 0MB (=0) (default)
2023-06-29 22:13:31,768 [da0563b2-473a-4d54-878d-0928433366ac-groupManagement] INFO  server.RaftServerConfigKeys (ConfUtils.java:logGet(46)) - raft.server.notification.no-leader.timeout = 300s (custom)
2023-06-29 22:13:31,768 [da0563b2-473a-4d54-878d-0928433366ac-groupManagement] INFO  server.RaftServerConfigKeys (ConfUtils.java:logGet(46)) - raft.server.read.timeout = 10s (default)
2023-06-29 22:13:31,768 [da0563b2-473a-4d54-878d-0928433366ac-groupManagement] INFO  server.RaftServerConfigKeys (ConfUtils.java:logGet(46)) - raft.server.retrycache.expirytime = 600000ms (custom)
2023-06-29 22:13:31,768 [da0563b2-473a-4d54-878d-0928433366ac-groupManagement] INFO  server.RaftServerConfigKeys (ConfUtils.java:logGet(46)) - raft.server.retrycache.statistics.expirytime = 100μs (default)
2023-06-29 22:13:31,768 [da0563b2-473a-4d54-878d-0928433366ac-groupManagement] INFO  server.RaftServerConfigKeys (ConfUtils.java:logGet(46)) - raft.server.read.option = DEFAULT (default)
2023-06-29 22:13:31,768 [da0563b2-473a-4d54-878d-0928433366ac-groupManagement] INFO  server.RaftServerConfigKeys (ConfUtils.java:logGet(46)) - raft.server.rpc.request.timeout = 60s (custom)
2023-06-29 22:13:31,769 [da0563b2-473a-4d54-878d-0928433366ac-groupManagement] INFO  server.RaftServerConfigKeys (ConfUtils.java:logGet(46)) - raft.server.log.appender.install.snapshot.enabled = false (custom)
2023-06-29 22:13:31,769 [da0563b2-473a-4d54-878d-0928433366ac-groupManagement] INFO  server.RaftServerConfigKeys (ConfUtils.java:logGet(46)) - raft.server.threadpool.server.cached = true (default)
2023-06-29 22:13:31,769 [da0563b2-473a-4d54-878d-0928433366ac-groupManagement] INFO  server.RaftServerConfigKeys (ConfUtils.java:logGet(46)) - raft.server.threadpool.server.size = 0 (default)
2023-06-29 22:13:31,769 [da0563b2-473a-4d54-878d-0928433366ac-groupManagement] INFO  server.RaftServerConfigKeys (ConfUtils.java:logGet(46)) - raft.server.threadpool.client.cached = true (default)
2023-06-29 22:13:31,769 [da0563b2-473a-4d54-878d-0928433366ac-groupManagement] INFO  server.RaftServerConfigKeys (ConfUtils.java:logGet(46)) - raft.server.threadpool.client.size = 0 (default)
2023-06-29 22:13:31,769 [da0563b2-473a-4d54-878d-0928433366ac-groupManagement] INFO  storage.RaftStorageDirectory (RaftStorageDirectoryImpl.java:analyzeStorage(137)) - The storage directory /home/runner/work/ozone/ozone/hadoop-ozone/integration-test/target/test-dir/MiniOzoneClusterImpl-bfa5a98b-f4fa-4e92-9252-0122c5abb8e0/datanode-2/data/ratis/71241815-c4ec-4dd8-92ba-e24561c9a68a does not exist. Creating ...
2023-06-29 22:13:31,770 [da0563b2-473a-4d54-878d-0928433366ac-groupManagement] INFO  storage.RaftStorageDirectory (RaftStorageDirectoryImpl.java:tryLock(231)) - Lock on /home/runner/work/ozone/ozone/hadoop-ozone/integration-test/target/test-dir/MiniOzoneClusterImpl-bfa5a98b-f4fa-4e92-9252-0122c5abb8e0/datanode-2/data/ratis/71241815-c4ec-4dd8-92ba-e24561c9a68a/in_use.lock acquired by nodename 7706@fv-az83-404
2023-06-29 22:13:31,771 [6201354d-b529-4d76-9c06-546548fd1ab2-groupManagement] INFO  server.RaftServerConfigKeys (ConfUtils.java:logGet(46)) - raft.server.log.unsafe-flush.enabled = false (default)
2023-06-29 22:13:31,771 [da0563b2-473a-4d54-878d-0928433366ac-groupManagement] INFO  storage.RaftStorage (RaftStorageImpl.java:format(96)) - Storage directory /home/runner/work/ozone/ozone/hadoop-ozone/integration-test/target/test-dir/MiniOzoneClusterImpl-bfa5a98b-f4fa-4e92-9252-0122c5abb8e0/datanode-2/data/ratis/71241815-c4ec-4dd8-92ba-e24561c9a68a has been successfully formatted.
2023-06-29 22:13:31,772 [6201354d-b529-4d76-9c06-546548fd1ab2-groupManagement] INFO  server.RaftServerConfigKeys (ConfUtils.java:logGet(46)) - raft.server.log.async-flush.enabled = false (default)
2023-06-29 22:13:31,772 [6201354d-b529-4d76-9c06-546548fd1ab2-groupManagement] INFO  server.RaftServerConfigKeys (ConfUtils.java:logGet(46)) - raft.server.log.statemachine.data.caching.enabled = true (custom)
2023-06-29 22:13:31,773 [6201354d-b529-4d76-9c06-546548fd1ab2-groupManagement] INFO  segmented.SegmentedRaftLogWorker (SegmentedRaftLogWorker.java:lambda$new$0(135)) - 6201354d-b529-4d76-9c06-546548fd1ab2@group-7DB4392FB4FF-SegmentedRaftLogWorker: flushIndex: setUnconditionally 0 -> -1
2023-06-29 22:13:31,773 [6201354d-b529-4d76-9c06-546548fd1ab2-groupManagement] INFO  segmented.SegmentedRaftLogWorker (SegmentedRaftLogWorker.java:lambda$new$0(135)) - 6201354d-b529-4d76-9c06-546548fd1ab2@group-7DB4392FB4FF-SegmentedRaftLogWorker: safeCacheEvictIndex: setUnconditionally 0 -> -1
2023-06-29 22:13:31,773 [da0563b2-473a-4d54-878d-0928433366ac-groupManagement] INFO  ratis.ContainerStateMachine (ContainerStateMachine.java:loadSnapshot(262)) - group-E24561C9A68A: The snapshot info is null. Setting the last applied indexto:(t:0, i:~)
2023-06-29 22:13:31,773 [da0563b2-473a-4d54-878d-0928433366ac-groupManagement] INFO  server.RaftServerConfigKeys (ConfUtils.java:logGet(46)) - raft.server.log.use.memory = false (default)
2023-06-29 22:13:31,773 [da0563b2-473a-4d54-878d-0928433366ac-groupManagement] INFO  server.RaftServerConfigKeys (ConfUtils.java:logGet(46)) - raft.server.log.purge.gap = 1000000 (custom)
2023-06-29 22:13:31,773 [da0563b2-473a-4d54-878d-0928433366ac-groupManagement] INFO  server.RaftServerConfigKeys (ConfUtils.java:logGet(46)) - raft.server.log.appender.buffer.byte-limit = 33554432 (custom)
2023-06-29 22:13:31,773 [da0563b2-473a-4d54-878d-0928433366ac-groupManagement] INFO  server.RaftServerConfigKeys (ConfUtils.java:logGet(46)) - raft.server.log.statemachine.data.read.timeout = 1000ms (default)
2023-06-29 22:13:31,774 [da0563b2-473a-4d54-878d-0928433366ac-groupManagement] INFO  server.RaftServerConfigKeys (ConfUtils.java:logGet(46)) - raft.server.log.purge.preservation.log.num = 0 (default)
2023-06-29 22:13:31,774 [da0563b2-473a-4d54-878d-0928433366ac-groupManagement] INFO  server.RaftServerConfigKeys (ConfUtils.java:logGet(46)) - raft.server.log.segment.size.max = 1048576 (custom)
2023-06-29 22:13:31,774 [da0563b2-473a-4d54-878d-0928433366ac-groupManagement] INFO  server.RaftServerConfigKeys (ConfUtils.java:logGet(46)) - raft.server.log.segment.cache.num.max = 2 (custom)
2023-06-29 22:13:31,774 [da0563b2-473a-4d54-878d-0928433366ac-groupManagement] INFO  server.RaftServerConfigKeys (ConfUtils.java:logGet(46)) - raft.server.log.segment.cache.size.max = 200MB (=209715200) (default)
2023-06-29 22:13:31,774 [da0563b2-473a-4d54-878d-0928433366ac-groupManagement] INFO  server.RaftServerConfigKeys (ConfUtils.java:logGet(46)) - raft.server.log.appender.buffer.byte-limit = 33554432 (custom)
2023-06-29 22:13:31,774 [da0563b2-473a-4d54-878d-0928433366ac-groupManagement] INFO  segmented.SegmentedRaftLogWorker (SegmentedRaftLogWorker.java:<init>(188)) - new da0563b2-473a-4d54-878d-0928433366ac@group-E24561C9A68A-SegmentedRaftLogWorker for RaftStorageImpl:Storage Directory /home/runner/work/ozone/ozone/hadoop-ozone/integration-test/target/test-dir/MiniOzoneClusterImpl-bfa5a98b-f4fa-4e92-9252-0122c5abb8e0/datanode-2/data/ratis/71241815-c4ec-4dd8-92ba-e24561c9a68a
2023-06-29 22:13:31,774 [da0563b2-473a-4d54-878d-0928433366ac-groupManagement] INFO  server.RaftServerConfigKeys (ConfUtils.java:logGet(46)) - raft.server.log.queue.byte-limit = 4294967296 (custom)
2023-06-29 22:13:31,774 [da0563b2-473a-4d54-878d-0928433366ac-groupManagement] INFO  server.RaftServerConfigKeys (ConfUtils.java:logGet(46)) - raft.server.log.queue.element-limit = 1024 (custom)
2023-06-29 22:13:31,774 [da0563b2-473a-4d54-878d-0928433366ac-groupManagement] INFO  server.RaftServerConfigKeys (ConfUtils.java:logGet(46)) - raft.server.log.segment.size.max = 1048576 (custom)
2023-06-29 22:13:31,774 [da0563b2-473a-4d54-878d-0928433366ac-groupManagement] INFO  server.RaftServerConfigKeys (ConfUtils.java:logGet(46)) - raft.server.log.preallocated.size = 16384 (custom)
2023-06-29 22:13:31,774 [da0563b2-473a-4d54-878d-0928433366ac-groupManagement] INFO  server.RaftServerConfigKeys (ConfUtils.java:logGet(46)) - raft.server.log.force.sync.num = 128 (default)
2023-06-29 22:13:31,774 [da0563b2-473a-4d54-878d-0928433366ac-groupManagement] INFO  server.RaftServerConfigKeys (ConfUtils.java:logGet(46)) - raft.server.log.statemachine.data.sync = true (default)
2023-06-29 22:13:31,775 [da0563b2-473a-4d54-878d-0928433366ac-groupManagement] INFO  server.RaftServerConfigKeys (ConfUtils.java:logGet(46)) - raft.server.log.statemachine.data.sync.timeout = 10s (default)
2023-06-29 22:13:31,775 [da0563b2-473a-4d54-878d-0928433366ac-groupManagement] INFO  server.RaftServerConfigKeys (ConfUtils.java:logGet(46)) - raft.server.log.statemachine.data.sync.timeout.retry = -1 (default)
2023-06-29 22:13:31,775 [da0563b2-473a-4d54-878d-0928433366ac-groupManagement] INFO  server.RaftServerConfigKeys (ConfUtils.java:logGet(46)) - raft.server.log.write.buffer.size = 1048576 (custom)
2023-06-29 22:13:31,775 [da0563b2-473a-4d54-878d-0928433366ac-groupManagement] INFO  server.RaftServerConfigKeys (ConfUtils.java:logGet(46)) - raft.server.log.appender.buffer.byte-limit = 33554432 (custom)
2023-06-29 22:13:31,778 [da0563b2-473a-4d54-878d-0928433366ac-groupManagement] INFO  server.RaftServerConfigKeys (ConfUtils.java:logGet(46)) - raft.server.log.unsafe-flush.enabled = false (default)
2023-06-29 22:13:31,778 [da0563b2-473a-4d54-878d-0928433366ac-groupManagement] INFO  server.RaftServerConfigKeys (ConfUtils.java:logGet(46)) - raft.server.log.async-flush.enabled = false (default)
2023-06-29 22:13:31,778 [da0563b2-473a-4d54-878d-0928433366ac-groupManagement] INFO  server.RaftServerConfigKeys (ConfUtils.java:logGet(46)) - raft.server.log.statemachine.data.caching.enabled = true (custom)
2023-06-29 22:13:31,778 [da0563b2-473a-4d54-878d-0928433366ac-groupManagement] INFO  segmented.SegmentedRaftLogWorker (SegmentedRaftLogWorker.java:lambda$new$0(135)) - da0563b2-473a-4d54-878d-0928433366ac@group-E24561C9A68A-SegmentedRaftLogWorker: flushIndex: setUnconditionally 0 -> -1
2023-06-29 22:13:31,778 [da0563b2-473a-4d54-878d-0928433366ac-groupManagement] INFO  segmented.SegmentedRaftLogWorker (SegmentedRaftLogWorker.java:lambda$new$0(135)) - da0563b2-473a-4d54-878d-0928433366ac@group-E24561C9A68A-SegmentedRaftLogWorker: safeCacheEvictIndex: setUnconditionally 0 -> -1
2023-06-29 22:13:31,779 [6201354d-b529-4d76-9c06-546548fd1ab2-groupManagement] INFO  server.RaftServer$Division (RaftServerImpl.java:start(342)) - 6201354d-b529-4d76-9c06-546548fd1ab2@group-7DB4392FB4FF: start as a follower, conf=-1: peers:[6201354d-b529-4d76-9c06-546548fd1ab2|rpc:10.1.0.248:15058|admin:10.1.0.248:15057|client:10.1.0.248:15056|dataStream:10.1.0.248:15059|priority:1|startupRole:FOLLOWER]|listeners:[], old=null
2023-06-29 22:13:31,779 [6201354d-b529-4d76-9c06-546548fd1ab2-groupManagement] INFO  server.RaftServer$Division (RaftServerImpl.java:setRole(329)) - 6201354d-b529-4d76-9c06-546548fd1ab2@group-7DB4392FB4FF: changes role from      null to FOLLOWER at term 0 for startAsFollower
2023-06-29 22:13:31,779 [6201354d-b529-4d76-9c06-546548fd1ab2-groupManagement] INFO  impl.RoleInfo (RoleInfo.java:updateAndGet(139)) - 6201354d-b529-4d76-9c06-546548fd1ab2: start 6201354d-b529-4d76-9c06-546548fd1ab2@group-7DB4392FB4FF-FollowerState
2023-06-29 22:13:31,781 [6201354d-b529-4d76-9c06-546548fd1ab2-groupManagement] INFO  util.JmxRegister (JmxRegister.java:tryRegister(44)) - Successfully registered JMX Bean with object name Ratis:service=RaftServer,group=group-7DB4392FB4FF,id=6201354d-b529-4d76-9c06-546548fd1ab2
2023-06-29 22:13:31,781 [6201354d-b529-4d76-9c06-546548fd1ab2-groupManagement] INFO  server.RaftServerConfigKeys (ConfUtils.java:logGet(46)) - raft.server.snapshot.auto.trigger.enabled = true (custom)
2023-06-29 22:13:31,781 [6201354d-b529-4d76-9c06-546548fd1ab2-groupManagement] INFO  server.RaftServerConfigKeys (ConfUtils.java:logGet(46)) - raft.server.snapshot.auto.trigger.threshold = 10000 (custom)
2023-06-29 22:13:31,781 [6201354d-b529-4d76-9c06-546548fd1ab2-groupManagement] INFO  server.RaftServerConfigKeys (ConfUtils.java:logGet(46)) - raft.server.snapshot.retention.file.num = 5 (custom)
2023-06-29 22:13:31,781 [6201354d-b529-4d76-9c06-546548fd1ab2-groupManagement] INFO  server.RaftServerConfigKeys (ConfUtils.java:logGet(46)) - raft.server.log.purge.upto.snapshot.index = false (default)
2023-06-29 22:13:31,781 [6201354d-b529-4d76-9c06-546548fd1ab2@group-7DB4392FB4FF-FollowerState] INFO  server.RaftServerConfigKeys (ConfUtils.java:logFallback(53)) - raft.server.rpc.first-election.timeout.min = 5s (fallback to raft.server.rpc.timeout.min)
2023-06-29 22:13:31,781 [6201354d-b529-4d76-9c06-546548fd1ab2@group-7DB4392FB4FF-FollowerState] INFO  server.RaftServerConfigKeys (ConfUtils.java:logFallback(53)) - raft.server.rpc.first-election.timeout.max = 5200ms (fallback to raft.server.rpc.timeout.max)
2023-06-29 22:13:31,784 [PipelineCommandHandlerThread-0] INFO  ratis.XceiverServerRatis (XceiverServerRatis.java:addGroup(804)) - Created group PipelineID=0d395748-e0ec-4f06-b62f-7db4392fb4ff
2023-06-29 22:13:31,784 [PipelineCommandHandlerThread-0] INFO  commandhandler.CreatePipelineCommandHandler (CreatePipelineCommandHandler.java:lambda$handle$2(124)) - Created Pipeline RATIS ONE PipelineID=0d395748-e0ec-4f06-b62f-7db4392fb4ff.
2023-06-29 22:13:31,785 [PipelineCommandHandlerThread-0] INFO  server.RaftServer (RaftServerProxy.java:addNew(98)) - 6201354d-b529-4d76-9c06-546548fd1ab2: addNew group-E24561C9A68A:[da0563b2-473a-4d54-878d-0928433366ac|rpc:10.1.0.248:15067|admin:10.1.0.248:15066|client:10.1.0.248:15065|dataStream:10.1.0.248:15068|priority:0|startupRole:FOLLOWER, 6201354d-b529-4d76-9c06-546548fd1ab2|rpc:10.1.0.248:15058|admin:10.1.0.248:15057|client:10.1.0.248:15056|dataStream:10.1.0.248:15059|priority:0|startupRole:FOLLOWER, d2d950cc-944e-4199-a77a-102171d6307b|rpc:10.1.0.248:15049|admin:10.1.0.248:15048|client:10.1.0.248:15047|dataStream:10.1.0.248:15050|priority:1|startupRole:FOLLOWER] returns group-E24561C9A68A:java.util.concurrent.CompletableFuture@57bddfc3[Not completed]
2023-06-29 22:13:31,785 [6201354d-b529-4d76-9c06-546548fd1ab2-groupManagement] INFO  server.RaftServer$Division (RaftServerImpl.java:<init>(198)) - 6201354d-b529-4d76-9c06-546548fd1ab2: new RaftServerImpl for group-E24561C9A68A:[da0563b2-473a-4d54-878d-0928433366ac|rpc:10.1.0.248:15067|admin:10.1.0.248:15066|client:10.1.0.248:15065|dataStream:10.1.0.248:15068|priority:0|startupRole:FOLLOWER, 6201354d-b529-4d76-9c06-546548fd1ab2|rpc:10.1.0.248:15058|admin:10.1.0.248:15057|client:10.1.0.248:15056|dataStream:10.1.0.248:15059|priority:0|startupRole:FOLLOWER, d2d950cc-944e-4199-a77a-102171d6307b|rpc:10.1.0.248:15049|admin:10.1.0.248:15048|client:10.1.0.248:15047|dataStream:10.1.0.248:15050|priority:1|startupRole:FOLLOWER] with ContainerStateMachine:uninitialized
2023-06-29 22:13:31,786 [6201354d-b529-4d76-9c06-546548fd1ab2-groupManagement] INFO  server.RaftServerConfigKeys (ConfUtils.java:logGet(46)) - raft.server.rpc.timeout.min = 5s (custom)
2023-06-29 22:13:31,786 [6201354d-b529-4d76-9c06-546548fd1ab2-groupManagement] INFO  server.RaftServerConfigKeys (ConfUtils.java:logGet(46)) - raft.server.rpc.timeout.max = 5200ms (custom)
2023-06-29 22:13:31,786 [6201354d-b529-4d76-9c06-546548fd1ab2-groupManagement] INFO  server.RaftServerConfigKeys (ConfUtils.java:logGet(46)) - raft.server.rpc.sleep.time = 25ms (default)
2023-06-29 22:13:31,786 [6201354d-b529-4d76-9c06-546548fd1ab2-groupManagement] INFO  server.RaftServerConfigKeys (ConfUtils.java:logGet(46)) - raft.server.rpc.slowness.timeout = 300s (custom)
2023-06-29 22:13:31,786 [6201354d-b529-4d76-9c06-546548fd1ab2-groupManagement] INFO  server.RaftServerConfigKeys (ConfUtils.java:logGet(46)) - raft.server.leaderelection.leader.step-down.wait-time = 10s (default)
2023-06-29 22:13:31,786 [6201354d-b529-4d76-9c06-546548fd1ab2-groupManagement] INFO  server.RaftServerConfigKeys (ConfUtils.java:logGet(46)) - raft.server.sleep.deviation.threshold = 300ms (default)
2023-06-29 22:13:31,786 [6201354d-b529-4d76-9c06-546548fd1ab2-groupManagement] INFO  server.RaftServer$Division (ServerState.java:<init>(120)) - 6201354d-b529-4d76-9c06-546548fd1ab2@group-E24561C9A68A: ConfigurationManager, init=-1: peers:[da0563b2-473a-4d54-878d-0928433366ac|rpc:10.1.0.248:15067|admin:10.1.0.248:15066|client:10.1.0.248:15065|dataStream:10.1.0.248:15068|priority:0|startupRole:FOLLOWER, 6201354d-b529-4d76-9c06-546548fd1ab2|rpc:10.1.0.248:15058|admin:10.1.0.248:15057|client:10.1.0.248:15056|dataStream:10.1.0.248:15059|priority:0|startupRole:FOLLOWER, d2d950cc-944e-4199-a77a-102171d6307b|rpc:10.1.0.248:15049|admin:10.1.0.248:15048|client:10.1.0.248:15047|dataStream:10.1.0.248:15050|priority:1|startupRole:FOLLOWER]|listeners:[], old=null, confs=<EMPTY_MAP>
2023-06-29 22:13:31,786 [6201354d-b529-4d76-9c06-546548fd1ab2-groupManagement] INFO  server.RaftServerConfigKeys (ConfUtils.java:logGet(46)) - raft.server.storage.dir = [/home/runner/work/ozone/ozone/hadoop-ozone/integration-test/target/test-dir/MiniOzoneClusterImpl-bfa5a98b-f4fa-4e92-9252-0122c5abb8e0/datanode-1/data/ratis] (custom)
2023-06-29 22:13:31,786 [6201354d-b529-4d76-9c06-546548fd1ab2-groupManagement] INFO  server.RaftServerConfigKeys (ConfUtils.java:logGet(46)) - raft.server.log.corruption.policy = EXCEPTION (default)
2023-06-29 22:13:31,786 [6201354d-b529-4d76-9c06-546548fd1ab2-groupManagement] INFO  server.RaftServerConfigKeys (ConfUtils.java:logGet(46)) - raft.server.storage.free-space.min = 0MB (=0) (default)
2023-06-29 22:13:31,786 [6201354d-b529-4d76-9c06-546548fd1ab2-groupManagement] INFO  server.RaftServerConfigKeys (ConfUtils.java:logGet(46)) - raft.server.notification.no-leader.timeout = 300s (custom)
2023-06-29 22:13:31,786 [6201354d-b529-4d76-9c06-546548fd1ab2-groupManagement] INFO  server.RaftServerConfigKeys (ConfUtils.java:logGet(46)) - raft.server.read.timeout = 10s (default)
2023-06-29 22:13:31,786 [6201354d-b529-4d76-9c06-546548fd1ab2-groupManagement] INFO  server.RaftServerConfigKeys (ConfUtils.java:logGet(46)) - raft.server.retrycache.expirytime = 600000ms (custom)
2023-06-29 22:13:31,786 [6201354d-b529-4d76-9c06-546548fd1ab2-groupManagement] INFO  server.RaftServerConfigKeys (ConfUtils.java:logGet(46)) - raft.server.retrycache.statistics.expirytime = 100μs (default)
2023-06-29 22:13:31,786 [6201354d-b529-4d76-9c06-546548fd1ab2-groupManagement] INFO  server.RaftServerConfigKeys (ConfUtils.java:logGet(46)) - raft.server.read.option = DEFAULT (default)
2023-06-29 22:13:31,787 [6201354d-b529-4d76-9c06-546548fd1ab2-groupManagement] INFO  server.RaftServerConfigKeys (ConfUtils.java:logGet(46)) - raft.server.rpc.request.timeout = 60s (custom)
2023-06-29 22:13:31,787 [6201354d-b529-4d76-9c06-546548fd1ab2-groupManagement] INFO  server.RaftServerConfigKeys (ConfUtils.java:logGet(46)) - raft.server.log.appender.install.snapshot.enabled = false (custom)
2023-06-29 22:13:31,787 [6201354d-b529-4d76-9c06-546548fd1ab2-groupManagement] INFO  server.RaftServerConfigKeys (ConfUtils.java:logGet(46)) - raft.server.threadpool.server.cached = true (default)
2023-06-29 22:13:31,787 [6201354d-b529-4d76-9c06-546548fd1ab2-groupManagement] INFO  server.RaftServerConfigKeys (ConfUtils.java:logGet(46)) - raft.server.threadpool.server.size = 0 (default)
2023-06-29 22:13:31,787 [6201354d-b529-4d76-9c06-546548fd1ab2-groupManagement] INFO  server.RaftServerConfigKeys (ConfUtils.java:logGet(46)) - raft.server.threadpool.client.cached = true (default)
2023-06-29 22:13:31,787 [6201354d-b529-4d76-9c06-546548fd1ab2-groupManagement] INFO  server.RaftServerConfigKeys (ConfUtils.java:logGet(46)) - raft.server.threadpool.client.size = 0 (default)
2023-06-29 22:13:31,787 [6201354d-b529-4d76-9c06-546548fd1ab2-groupManagement] INFO  storage.RaftStorageDirectory (RaftStorageDirectoryImpl.java:analyzeStorage(137)) - The storage directory /home/runner/work/ozone/ozone/hadoop-ozone/integration-test/target/test-dir/MiniOzoneClusterImpl-bfa5a98b-f4fa-4e92-9252-0122c5abb8e0/datanode-1/data/ratis/71241815-c4ec-4dd8-92ba-e24561c9a68a does not exist. Creating ...
2023-06-29 22:13:31,788 [6201354d-b529-4d76-9c06-546548fd1ab2-groupManagement] INFO  storage.RaftStorageDirectory (RaftStorageDirectoryImpl.java:tryLock(231)) - Lock on /home/runner/work/ozone/ozone/hadoop-ozone/integration-test/target/test-dir/MiniOzoneClusterImpl-bfa5a98b-f4fa-4e92-9252-0122c5abb8e0/datanode-1/data/ratis/71241815-c4ec-4dd8-92ba-e24561c9a68a/in_use.lock acquired by nodename 7706@fv-az83-404
2023-06-29 22:13:31,789 [6201354d-b529-4d76-9c06-546548fd1ab2-groupManagement] INFO  storage.RaftStorage (RaftStorageImpl.java:format(96)) - Storage directory /home/runner/work/ozone/ozone/hadoop-ozone/integration-test/target/test-dir/MiniOzoneClusterImpl-bfa5a98b-f4fa-4e92-9252-0122c5abb8e0/datanode-1/data/ratis/71241815-c4ec-4dd8-92ba-e24561c9a68a has been successfully formatted.
2023-06-29 22:13:31,791 [da0563b2-473a-4d54-878d-0928433366ac-groupManagement] INFO  server.RaftServer$Division (RaftServerImpl.java:start(342)) - da0563b2-473a-4d54-878d-0928433366ac@group-E24561C9A68A: start as a follower, conf=-1: peers:[da0563b2-473a-4d54-878d-0928433366ac|rpc:10.1.0.248:15067|admin:10.1.0.248:15066|client:10.1.0.248:15065|dataStream:10.1.0.248:15068|priority:0|startupRole:FOLLOWER, 6201354d-b529-4d76-9c06-546548fd1ab2|rpc:10.1.0.248:15058|admin:10.1.0.248:15057|client:10.1.0.248:15056|dataStream:10.1.0.248:15059|priority:0|startupRole:FOLLOWER, d2d950cc-944e-4199-a77a-102171d6307b|rpc:10.1.0.248:15049|admin:10.1.0.248:15048|client:10.1.0.248:15047|dataStream:10.1.0.248:15050|priority:1|startupRole:FOLLOWER]|listeners:[], old=null
2023-06-29 22:13:31,791 [da0563b2-473a-4d54-878d-0928433366ac-groupManagement] INFO  server.RaftServer$Division (RaftServerImpl.java:setRole(329)) - da0563b2-473a-4d54-878d-0928433366ac@group-E24561C9A68A: changes role from      null to FOLLOWER at term 0 for startAsFollower
2023-06-29 22:13:31,791 [da0563b2-473a-4d54-878d-0928433366ac-groupManagement] INFO  impl.RoleInfo (RoleInfo.java:updateAndGet(139)) - da0563b2-473a-4d54-878d-0928433366ac: start da0563b2-473a-4d54-878d-0928433366ac@group-E24561C9A68A-FollowerState
2023-06-29 22:13:31,791 [da0563b2-473a-4d54-878d-0928433366ac-groupManagement] INFO  util.JmxRegister (JmxRegister.java:tryRegister(44)) - Successfully registered JMX Bean with object name Ratis:service=RaftServer,group=group-E24561C9A68A,id=da0563b2-473a-4d54-878d-0928433366ac
2023-06-29 22:13:31,791 [da0563b2-473a-4d54-878d-0928433366ac-groupManagement] INFO  server.RaftServerConfigKeys (ConfUtils.java:logGet(46)) - raft.server.snapshot.auto.trigger.enabled = true (custom)
2023-06-29 22:13:31,791 [da0563b2-473a-4d54-878d-0928433366ac-groupManagement] INFO  server.RaftServerConfigKeys (ConfUtils.java:logGet(46)) - raft.server.snapshot.auto.trigger.threshold = 10000 (custom)
2023-06-29 22:13:31,791 [da0563b2-473a-4d54-878d-0928433366ac-groupManagement] INFO  server.RaftServerConfigKeys (ConfUtils.java:logGet(46)) - raft.server.snapshot.retention.file.num = 5 (custom)
2023-06-29 22:13:31,791 [da0563b2-473a-4d54-878d-0928433366ac-groupManagement] INFO  server.RaftServerConfigKeys (ConfUtils.java:logGet(46)) - raft.server.log.purge.upto.snapshot.index = false (default)
2023-06-29 22:13:31,792 [da0563b2-473a-4d54-878d-0928433366ac@group-E24561C9A68A-FollowerState] INFO  server.RaftServerConfigKeys (ConfUtils.java:logFallback(53)) - raft.server.rpc.first-election.timeout.min = 5s (fallback to raft.server.rpc.timeout.min)
2023-06-29 22:13:31,792 [da0563b2-473a-4d54-878d-0928433366ac@group-E24561C9A68A-FollowerState] INFO  server.RaftServerConfigKeys (ConfUtils.java:logFallback(53)) - raft.server.rpc.first-election.timeout.max = 5200ms (fallback to raft.server.rpc.timeout.max)
2023-06-29 22:13:31,795 [6201354d-b529-4d76-9c06-546548fd1ab2-groupManagement] INFO  ratis.ContainerStateMachine (ContainerStateMachine.java:loadSnapshot(262)) - group-E24561C9A68A: The snapshot info is null. Setting the last applied indexto:(t:0, i:~)
2023-06-29 22:13:31,795 [6201354d-b529-4d76-9c06-546548fd1ab2-groupManagement] INFO  server.RaftServerConfigKeys (ConfUtils.java:logGet(46)) - raft.server.log.use.memory = false (default)
2023-06-29 22:13:31,795 [6201354d-b529-4d76-9c06-546548fd1ab2-groupManagement] INFO  server.RaftServerConfigKeys (ConfUtils.java:logGet(46)) - raft.server.log.purge.gap = 1000000 (custom)
2023-06-29 22:13:31,795 [6201354d-b529-4d76-9c06-546548fd1ab2-groupManagement] INFO  server.RaftServerConfigKeys (ConfUtils.java:logGet(46)) - raft.server.log.appender.buffer.byte-limit = 33554432 (custom)
2023-06-29 22:13:31,795 [6201354d-b529-4d76-9c06-546548fd1ab2-groupManagement] INFO  server.RaftServerConfigKeys (ConfUtils.java:logGet(46)) - raft.server.log.statemachine.data.read.timeout = 1000ms (default)
2023-06-29 22:13:31,795 [6201354d-b529-4d76-9c06-546548fd1ab2-groupManagement] INFO  server.RaftServerConfigKeys (ConfUtils.java:logGet(46)) - raft.server.log.purge.preservation.log.num = 0 (default)
2023-06-29 22:13:31,796 [6201354d-b529-4d76-9c06-546548fd1ab2-groupManagement] INFO  server.RaftServerConfigKeys (ConfUtils.java:logGet(46)) - raft.server.log.segment.size.max = 1048576 (custom)
2023-06-29 22:13:31,796 [6201354d-b529-4d76-9c06-546548fd1ab2-groupManagement] INFO  server.RaftServerConfigKeys (ConfUtils.java:logGet(46)) - raft.server.log.segment.cache.num.max = 2 (custom)
2023-06-29 22:13:31,796 [6201354d-b529-4d76-9c06-546548fd1ab2-groupManagement] INFO  server.RaftServerConfigKeys (ConfUtils.java:logGet(46)) - raft.server.log.segment.cache.size.max = 200MB (=209715200) (default)
2023-06-29 22:13:31,796 [6201354d-b529-4d76-9c06-546548fd1ab2-groupManagement] INFO  server.RaftServerConfigKeys (ConfUtils.java:logGet(46)) - raft.server.log.appender.buffer.byte-limit = 33554432 (custom)
2023-06-29 22:13:31,796 [6201354d-b529-4d76-9c06-546548fd1ab2-groupManagement] INFO  segmented.SegmentedRaftLogWorker (SegmentedRaftLogWorker.java:<init>(188)) - new 6201354d-b529-4d76-9c06-546548fd1ab2@group-E24561C9A68A-SegmentedRaftLogWorker for RaftStorageImpl:Storage Directory /home/runner/work/ozone/ozone/hadoop-ozone/integration-test/target/test-dir/MiniOzoneClusterImpl-bfa5a98b-f4fa-4e92-9252-0122c5abb8e0/datanode-1/data/ratis/71241815-c4ec-4dd8-92ba-e24561c9a68a
2023-06-29 22:13:31,796 [6201354d-b529-4d76-9c06-546548fd1ab2-groupManagement] INFO  server.RaftServerConfigKeys (ConfUtils.java:logGet(46)) - raft.server.log.queue.byte-limit = 4294967296 (custom)
2023-06-29 22:13:31,796 [6201354d-b529-4d76-9c06-546548fd1ab2-groupManagement] INFO  server.RaftServerConfigKeys (ConfUtils.java:logGet(46)) - raft.server.log.queue.element-limit = 1024 (custom)
2023-06-29 22:13:31,796 [6201354d-b529-4d76-9c06-546548fd1ab2-groupManagement] INFO  server.RaftServerConfigKeys (ConfUtils.java:logGet(46)) - raft.server.log.segment.size.max = 1048576 (custom)
2023-06-29 22:13:31,796 [6201354d-b529-4d76-9c06-546548fd1ab2-groupManagement] INFO  server.RaftServerConfigKeys (ConfUtils.java:logGet(46)) - raft.server.log.preallocated.size = 16384 (custom)
2023-06-29 22:13:31,796 [6201354d-b529-4d76-9c06-546548fd1ab2-groupManagement] INFO  server.RaftServerConfigKeys (ConfUtils.java:logGet(46)) - raft.server.log.force.sync.num = 128 (default)
2023-06-29 22:13:31,796 [6201354d-b529-4d76-9c06-546548fd1ab2-groupManagement] INFO  server.RaftServerConfigKeys (ConfUtils.java:logGet(46)) - raft.server.log.statemachine.data.sync = true (default)
2023-06-29 22:13:31,796 [6201354d-b529-4d76-9c06-546548fd1ab2-groupManagement] INFO  server.RaftServerConfigKeys (ConfUtils.java:logGet(46)) - raft.server.log.statemachine.data.sync.timeout = 10s (default)
2023-06-29 22:13:31,796 [6201354d-b529-4d76-9c06-546548fd1ab2-groupManagement] INFO  server.RaftServerConfigKeys (ConfUtils.java:logGet(46)) - raft.server.log.statemachine.data.sync.timeout.retry = -1 (default)
2023-06-29 22:13:31,797 [6201354d-b529-4d76-9c06-546548fd1ab2-groupManagement] INFO  server.RaftServerConfigKeys (ConfUtils.java:logGet(46)) - raft.server.log.write.buffer.size = 1048576 (custom)
2023-06-29 22:13:31,797 [6201354d-b529-4d76-9c06-546548fd1ab2-groupManagement] INFO  server.RaftServerConfigKeys (ConfUtils.java:logGet(46)) - raft.server.log.appender.buffer.byte-limit = 33554432 (custom)
2023-06-29 22:13:31,800 [6201354d-b529-4d76-9c06-546548fd1ab2-groupManagement] INFO  server.RaftServerConfigKeys (ConfUtils.java:logGet(46)) - raft.server.log.unsafe-flush.enabled = false (default)
2023-06-29 22:13:31,800 [6201354d-b529-4d76-9c06-546548fd1ab2-groupManagement] INFO  server.RaftServerConfigKeys (ConfUtils.java:logGet(46)) - raft.server.log.async-flush.enabled = false (default)
2023-06-29 22:13:31,800 [6201354d-b529-4d76-9c06-546548fd1ab2-groupManagement] INFO  server.RaftServerConfigKeys (ConfUtils.java:logGet(46)) - raft.server.log.statemachine.data.caching.enabled = true (custom)
2023-06-29 22:13:31,800 [6201354d-b529-4d76-9c06-546548fd1ab2-groupManagement] INFO  segmented.SegmentedRaftLogWorker (SegmentedRaftLogWorker.java:lambda$new$0(135)) - 6201354d-b529-4d76-9c06-546548fd1ab2@group-E24561C9A68A-SegmentedRaftLogWorker: flushIndex: setUnconditionally 0 -> -1
2023-06-29 22:13:31,800 [6201354d-b529-4d76-9c06-546548fd1ab2-groupManagement] INFO  segmented.SegmentedRaftLogWorker (SegmentedRaftLogWorker.java:lambda$new$0(135)) - 6201354d-b529-4d76-9c06-546548fd1ab2@group-E24561C9A68A-SegmentedRaftLogWorker: safeCacheEvictIndex: setUnconditionally 0 -> -1
2023-06-29 22:13:31,802 [6201354d-b529-4d76-9c06-546548fd1ab2-groupManagement] INFO  server.RaftServer$Division (RaftServerImpl.java:start(342)) - 6201354d-b529-4d76-9c06-546548fd1ab2@group-E24561C9A68A: start as a follower, conf=-1: peers:[da0563b2-473a-4d54-878d-0928433366ac|rpc:10.1.0.248:15067|admin:10.1.0.248:15066|client:10.1.0.248:15065|dataStream:10.1.0.248:15068|priority:0|startupRole:FOLLOWER, 6201354d-b529-4d76-9c06-546548fd1ab2|rpc:10.1.0.248:15058|admin:10.1.0.248:15057|client:10.1.0.248:15056|dataStream:10.1.0.248:15059|priority:0|startupRole:FOLLOWER, d2d950cc-944e-4199-a77a-102171d6307b|rpc:10.1.0.248:15049|admin:10.1.0.248:15048|client:10.1.0.248:15047|dataStream:10.1.0.248:15050|priority:1|startupRole:FOLLOWER]|listeners:[], old=null
2023-06-29 22:13:31,802 [6201354d-b529-4d76-9c06-546548fd1ab2-groupManagement] INFO  server.RaftServer$Division (RaftServerImpl.java:setRole(329)) - 6201354d-b529-4d76-9c06-546548fd1ab2@group-E24561C9A68A: changes role from      null to FOLLOWER at term 0 for startAsFollower
2023-06-29 22:13:31,806 [EventQueue-OpenPipelineForHealthyPipelineSafeModeRule] INFO  safemode.SCMSafeModeManager (HealthyPipelineSafeModeRule.java:process(137)) - SCM in safe mode. Healthy pipelines reported count is 0, required healthy pipeline reported count is 1
2023-06-29 22:13:31,807 [6201354d-b529-4d76-9c06-546548fd1ab2-groupManagement] INFO  impl.RoleInfo (RoleInfo.java:updateAndGet(139)) - 6201354d-b529-4d76-9c06-546548fd1ab2: start 6201354d-b529-4d76-9c06-546548fd1ab2@group-E24561C9A68A-FollowerState
2023-06-29 22:13:31,807 [6201354d-b529-4d76-9c06-546548fd1ab2-groupManagement] INFO  util.JmxRegister (JmxRegister.java:tryRegister(44)) - Successfully registered JMX Bean with object name Ratis:service=RaftServer,group=group-E24561C9A68A,id=6201354d-b529-4d76-9c06-546548fd1ab2
2023-06-29 22:13:31,807 [6201354d-b529-4d76-9c06-546548fd1ab2-groupManagement] INFO  server.RaftServerConfigKeys (ConfUtils.java:logGet(46)) - raft.server.snapshot.auto.trigger.enabled = true (custom)
2023-06-29 22:13:31,807 [6201354d-b529-4d76-9c06-546548fd1ab2-groupManagement] INFO  server.RaftServerConfigKeys (ConfUtils.java:logGet(46)) - raft.server.snapshot.auto.trigger.threshold = 10000 (custom)
2023-06-29 22:13:31,807 [6201354d-b529-4d76-9c06-546548fd1ab2-groupManagement] INFO  server.RaftServerConfigKeys (ConfUtils.java:logGet(46)) - raft.server.snapshot.retention.file.num = 5 (custom)
2023-06-29 22:13:31,807 [6201354d-b529-4d76-9c06-546548fd1ab2-groupManagement] INFO  server.RaftServerConfigKeys (ConfUtils.java:logGet(46)) - raft.server.log.purge.upto.snapshot.index = false (default)
2023-06-29 22:13:31,813 [PipelineCommandHandlerThread-0] INFO  ratis.XceiverServerRatis (XceiverServerRatis.java:addGroup(804)) - Created group PipelineID=71241815-c4ec-4dd8-92ba-e24561c9a68a
2023-06-29 22:13:31,816 [6201354d-b529-4d76-9c06-546548fd1ab2@group-E24561C9A68A-FollowerState] INFO  server.RaftServerConfigKeys (ConfUtils.java:logFallback(53)) - raft.server.rpc.first-election.timeout.min = 5s (fallback to raft.server.rpc.timeout.min)
2023-06-29 22:13:31,816 [6201354d-b529-4d76-9c06-546548fd1ab2@group-E24561C9A68A-FollowerState] INFO  server.RaftServerConfigKeys (ConfUtils.java:logFallback(53)) - raft.server.rpc.first-election.timeout.max = 5200ms (fallback to raft.server.rpc.timeout.max)
2023-06-29 22:13:31,845 [PipelineCommandHandlerThread-0] INFO  commandhandler.CreatePipelineCommandHandler (CreatePipelineCommandHandler.java:lambda$handle$2(124)) - Created Pipeline RATIS THREE PipelineID=71241815-c4ec-4dd8-92ba-e24561c9a68a.
2023-06-29 22:13:31,870 [PipelineCommandHandlerThread-0] INFO  commandhandler.CreatePipelineCommandHandler (CreatePipelineCommandHandler.java:lambda$handle$2(124)) - Created Pipeline RATIS THREE PipelineID=71241815-c4ec-4dd8-92ba-e24561c9a68a.
2023-06-29 22:13:31,899 [main] INFO  ozone.MiniOzoneClusterImpl (MiniOzoneClusterImpl.java:lambda$waitForClusterToBeReady$0(224)) - Nodes are ready. Got 3 of 3 DN Heartbeats.
2023-06-29 22:13:31,899 [main] INFO  ozone.MiniOzoneClusterImpl (MiniOzoneClusterImpl.java:lambda$waitForClusterToBeReady$0(227)) - Waiting for cluster to exit safe mode
2023-06-29 22:13:31,899 [main] INFO  ozone.MiniOzoneClusterImpl (MiniOzoneClusterImpl.java:lambda$waitForClusterToBeReady$0(229)) - SCM became leader
2023-06-29 22:13:31,900 [da0563b2-473a-4d54-878d-0928433366ac-groupManagement] INFO  server.RaftServer$Division (RaftServerImpl.java:<init>(198)) - da0563b2-473a-4d54-878d-0928433366ac: new RaftServerImpl for group-E1A2E7AEF88C:[da0563b2-473a-4d54-878d-0928433366ac|rpc:10.1.0.248:15067|admin:10.1.0.248:15066|client:10.1.0.248:15065|dataStream:10.1.0.248:15068|priority:1|startupRole:FOLLOWER] with ContainerStateMachine:uninitialized
2023-06-29 22:13:31,900 [da0563b2-473a-4d54-878d-0928433366ac-groupManagement] INFO  server.RaftServerConfigKeys (ConfUtils.java:logGet(46)) - raft.server.rpc.timeout.min = 5s (custom)
2023-06-29 22:13:31,900 [da0563b2-473a-4d54-878d-0928433366ac-groupManagement] INFO  server.RaftServerConfigKeys (ConfUtils.java:logGet(46)) - raft.server.rpc.timeout.max = 5200ms (custom)
2023-06-29 22:13:31,900 [da0563b2-473a-4d54-878d-0928433366ac-groupManagement] INFO  server.RaftServerConfigKeys (ConfUtils.java:logGet(46)) - raft.server.rpc.sleep.time = 25ms (default)
2023-06-29 22:13:31,900 [da0563b2-473a-4d54-878d-0928433366ac-groupManagement] INFO  server.RaftServerConfigKeys (ConfUtils.java:logGet(46)) - raft.server.rpc.slowness.timeout = 300s (custom)
2023-06-29 22:13:31,900 [da0563b2-473a-4d54-878d-0928433366ac-groupManagement] INFO  server.RaftServerConfigKeys (ConfUtils.java:logGet(46)) - raft.server.leaderelection.leader.step-down.wait-time = 10s (default)
2023-06-29 22:13:31,900 [da0563b2-473a-4d54-878d-0928433366ac-groupManagement] INFO  server.RaftServerConfigKeys (ConfUtils.java:logGet(46)) - raft.server.sleep.deviation.threshold = 300ms (default)
2023-06-29 22:13:31,900 [da0563b2-473a-4d54-878d-0928433366ac-groupManagement] INFO  server.RaftServer$Division (ServerState.java:<init>(120)) - da0563b2-473a-4d54-878d-0928433366ac@group-E1A2E7AEF88C: ConfigurationManager, init=-1: peers:[da0563b2-473a-4d54-878d-0928433366ac|rpc:10.1.0.248:15067|admin:10.1.0.248:15066|client:10.1.0.248:15065|dataStream:10.1.0.248:15068|priority:1|startupRole:FOLLOWER]|listeners:[], old=null, confs=<EMPTY_MAP>
2023-06-29 22:13:31,900 [da0563b2-473a-4d54-878d-0928433366ac-groupManagement] INFO  server.RaftServerConfigKeys (ConfUtils.java:logGet(46)) - raft.server.storage.dir = [/home/runner/work/ozone/ozone/hadoop-ozone/integration-test/target/test-dir/MiniOzoneClusterImpl-bfa5a98b-f4fa-4e92-9252-0122c5abb8e0/datanode-2/data/ratis] (custom)
2023-06-29 22:13:31,901 [da0563b2-473a-4d54-878d-0928433366ac-groupManagement] INFO  server.RaftServerConfigKeys (ConfUtils.java:logGet(46)) - raft.server.log.corruption.policy = EXCEPTION (default)
2023-06-29 22:13:31,901 [da0563b2-473a-4d54-878d-0928433366ac-groupManagement] INFO  server.RaftServerConfigKeys (ConfUtils.java:logGet(46)) - raft.server.storage.free-space.min = 0MB (=0) (default)
2023-06-29 22:13:31,901 [da0563b2-473a-4d54-878d-0928433366ac-groupManagement] INFO  server.RaftServerConfigKeys (ConfUtils.java:logGet(46)) - raft.server.notification.no-leader.timeout = 300s (custom)
2023-06-29 22:13:31,901 [da0563b2-473a-4d54-878d-0928433366ac-groupManagement] INFO  server.RaftServerConfigKeys (ConfUtils.java:logGet(46)) - raft.server.read.timeout = 10s (default)
2023-06-29 22:13:31,901 [da0563b2-473a-4d54-878d-0928433366ac-groupManagement] INFO  server.RaftServerConfigKeys (ConfUtils.java:logGet(46)) - raft.server.retrycache.expirytime = 600000ms (custom)
2023-06-29 22:13:31,901 [da0563b2-473a-4d54-878d-0928433366ac-groupManagement] INFO  server.RaftServerConfigKeys (ConfUtils.java:logGet(46)) - raft.server.retrycache.statistics.expirytime = 100μs (default)
2023-06-29 22:13:31,901 [da0563b2-473a-4d54-878d-0928433366ac-groupManagement] INFO  server.RaftServerConfigKeys (ConfUtils.java:logGet(46)) - raft.server.read.option = DEFAULT (default)
2023-06-29 22:13:31,901 [da0563b2-473a-4d54-878d-0928433366ac-groupManagement] INFO  server.RaftServerConfigKeys (ConfUtils.java:logGet(46)) - raft.server.rpc.request.timeout = 60s (custom)
2023-06-29 22:13:31,902 [da0563b2-473a-4d54-878d-0928433366ac-groupManagement] INFO  server.RaftServerConfigKeys (ConfUtils.java:logGet(46)) - raft.server.log.appender.install.snapshot.enabled = false (custom)
2023-06-29 22:13:31,902 [da0563b2-473a-4d54-878d-0928433366ac-groupManagement] INFO  server.RaftServerConfigKeys (ConfUtils.java:logGet(46)) - raft.server.threadpool.server.cached = true (default)
2023-06-29 22:13:31,902 [da0563b2-473a-4d54-878d-0928433366ac-groupManagement] INFO  server.RaftServerConfigKeys (ConfUtils.java:logGet(46)) - raft.server.threadpool.server.size = 0 (default)
2023-06-29 22:13:31,902 [da0563b2-473a-4d54-878d-0928433366ac-groupManagement] INFO  server.RaftServerConfigKeys (ConfUtils.java:logGet(46)) - raft.server.threadpool.client.cached = true (default)
2023-06-29 22:13:31,902 [da0563b2-473a-4d54-878d-0928433366ac-groupManagement] INFO  server.RaftServerConfigKeys (ConfUtils.java:logGet(46)) - raft.server.threadpool.client.size = 0 (default)
2023-06-29 22:13:31,902 [PipelineCommandHandlerThread-0] INFO  server.RaftServer (RaftServerProxy.java:addNew(98)) - da0563b2-473a-4d54-878d-0928433366ac: addNew group-E1A2E7AEF88C:[da0563b2-473a-4d54-878d-0928433366ac|rpc:10.1.0.248:15067|admin:10.1.0.248:15066|client:10.1.0.248:15065|dataStream:10.1.0.248:15068|priority:1|startupRole:FOLLOWER] returns      null da0563b2-473a-4d54-878d-0928433366ac@group-E1A2E7AEF88C:t0, leader=null, voted=null, raftlog=UNINITIALIZED, conf=-1: peers:[da0563b2-473a-4d54-878d-0928433366ac|rpc:10.1.0.248:15067|admin:10.1.0.248:15066|client:10.1.0.248:15065|dataStream:10.1.0.248:15068|priority:1|startupRole:FOLLOWER]|listeners:[], old=null NEW
2023-06-29 22:13:31,902 [da0563b2-473a-4d54-878d-0928433366ac-groupManagement] INFO  storage.RaftStorageDirectory (RaftStorageDirectoryImpl.java:analyzeStorage(137)) - The storage directory /home/runner/work/ozone/ozone/hadoop-ozone/integration-test/target/test-dir/MiniOzoneClusterImpl-bfa5a98b-f4fa-4e92-9252-0122c5abb8e0/datanode-2/data/ratis/f3a68b27-a9ea-4a33-bd52-e1a2e7aef88c does not exist. Creating ...
2023-06-29 22:13:31,903 [da0563b2-473a-4d54-878d-0928433366ac-groupManagement] INFO  storage.RaftStorageDirectory (RaftStorageDirectoryImpl.java:tryLock(231)) - Lock on /home/runner/work/ozone/ozone/hadoop-ozone/integration-test/target/test-dir/MiniOzoneClusterImpl-bfa5a98b-f4fa-4e92-9252-0122c5abb8e0/datanode-2/data/ratis/f3a68b27-a9ea-4a33-bd52-e1a2e7aef88c/in_use.lock acquired by nodename 7706@fv-az83-404
2023-06-29 22:13:31,904 [da0563b2-473a-4d54-878d-0928433366ac-groupManagement] INFO  storage.RaftStorage (RaftStorageImpl.java:format(96)) - Storage directory /home/runner/work/ozone/ozone/hadoop-ozone/integration-test/target/test-dir/MiniOzoneClusterImpl-bfa5a98b-f4fa-4e92-9252-0122c5abb8e0/datanode-2/data/ratis/f3a68b27-a9ea-4a33-bd52-e1a2e7aef88c has been successfully formatted.
2023-06-29 22:13:31,904 [da0563b2-473a-4d54-878d-0928433366ac-groupManagement] INFO  ratis.ContainerStateMachine (ContainerStateMachine.java:loadSnapshot(262)) - group-E1A2E7AEF88C: The snapshot info is null. Setting the last applied indexto:(t:0, i:~)
2023-06-29 22:13:31,904 [da0563b2-473a-4d54-878d-0928433366ac-groupManagement] INFO  server.RaftServerConfigKeys (ConfUtils.java:logGet(46)) - raft.server.log.use.memory = false (default)
2023-06-29 22:13:31,906 [EventQueue-PipelineReportForPipelineReportHandler] INFO  pipeline.PipelineReportHandler (PipelineReportHandler.java:processPipelineReport(136)) - Opened pipeline PipelineID=f3a68b27-a9ea-4a33-bd52-e1a2e7aef88c
2023-06-29 22:13:31,906 [da0563b2-473a-4d54-878d-0928433366ac-groupManagement] INFO  server.RaftServerConfigKeys (ConfUtils.java:logGet(46)) - raft.server.log.purge.gap = 1000000 (custom)
2023-06-29 22:13:31,906 [EventQueue-OpenPipelineForHealthyPipelineSafeModeRule] INFO  safemode.SCMSafeModeManager (HealthyPipelineSafeModeRule.java:process(137)) - SCM in safe mode. Healthy pipelines reported count is 0, required healthy pipeline reported count is 1
2023-06-29 22:13:31,906 [da0563b2-473a-4d54-878d-0928433366ac-groupManagement] INFO  server.RaftServerConfigKeys (ConfUtils.java:logGet(46)) - raft.server.log.appender.buffer.byte-limit = 33554432 (custom)
2023-06-29 22:13:31,906 [da0563b2-473a-4d54-878d-0928433366ac-groupManagement] INFO  server.RaftServerConfigKeys (ConfUtils.java:logGet(46)) - raft.server.log.statemachine.data.read.timeout = 1000ms (default)
2023-06-29 22:13:31,906 [da0563b2-473a-4d54-878d-0928433366ac-groupManagement] INFO  server.RaftServerConfigKeys (ConfUtils.java:logGet(46)) - raft.server.log.purge.preservation.log.num = 0 (default)
2023-06-29 22:13:31,906 [da0563b2-473a-4d54-878d-0928433366ac-groupManagement] INFO  server.RaftServerConfigKeys (ConfUtils.java:logGet(46)) - raft.server.log.segment.size.max = 1048576 (custom)
2023-06-29 22:13:31,907 [da0563b2-473a-4d54-878d-0928433366ac-groupManagement] INFO  server.RaftServerConfigKeys (ConfUtils.java:logGet(46)) - raft.server.log.segment.cache.num.max = 2 (custom)
2023-06-29 22:13:31,907 [da0563b2-473a-4d54-878d-0928433366ac-groupManagement] INFO  server.RaftServerConfigKeys (ConfUtils.java:logGet(46)) - raft.server.log.segment.cache.size.max = 200MB (=209715200) (default)
2023-06-29 22:13:31,907 [da0563b2-473a-4d54-878d-0928433366ac-groupManagement] INFO  server.RaftServerConfigKeys (ConfUtils.java:logGet(46)) - raft.server.log.appender.buffer.byte-limit = 33554432 (custom)
2023-06-29 22:13:31,907 [da0563b2-473a-4d54-878d-0928433366ac-groupManagement] INFO  segmented.SegmentedRaftLogWorker (SegmentedRaftLogWorker.java:<init>(188)) - new da0563b2-473a-4d54-878d-0928433366ac@group-E1A2E7AEF88C-SegmentedRaftLogWorker for RaftStorageImpl:Storage Directory /home/runner/work/ozone/ozone/hadoop-ozone/integration-test/target/test-dir/MiniOzoneClusterImpl-bfa5a98b-f4fa-4e92-9252-0122c5abb8e0/datanode-2/data/ratis/f3a68b27-a9ea-4a33-bd52-e1a2e7aef88c
2023-06-29 22:13:31,907 [da0563b2-473a-4d54-878d-0928433366ac-groupManagement] INFO  server.RaftServerConfigKeys (ConfUtils.java:logGet(46)) - raft.server.log.queue.byte-limit = 4294967296 (custom)
2023-06-29 22:13:31,907 [da0563b2-473a-4d54-878d-0928433366ac-groupManagement] INFO  server.RaftServerConfigKeys (ConfUtils.java:logGet(46)) - raft.server.log.queue.element-limit = 1024 (custom)
2023-06-29 22:13:31,907 [da0563b2-473a-4d54-878d-0928433366ac-groupManagement] INFO  server.RaftServerConfigKeys (ConfUtils.java:logGet(46)) - raft.server.log.segment.size.max = 1048576 (custom)
2023-06-29 22:13:31,907 [da0563b2-473a-4d54-878d-0928433366ac-groupManagement] INFO  server.RaftServerConfigKeys (ConfUtils.java:logGet(46)) - raft.server.log.preallocated.size = 16384 (custom)
2023-06-29 22:13:31,907 [da0563b2-473a-4d54-878d-0928433366ac-groupManagement] INFO  server.RaftServerConfigKeys (ConfUtils.java:logGet(46)) - raft.server.log.force.sync.num = 128 (default)
2023-06-29 22:13:31,907 [da0563b2-473a-4d54-878d-0928433366ac-groupManagement] INFO  server.RaftServerConfigKeys (ConfUtils.java:logGet(46)) - raft.server.log.statemachine.data.sync = true (default)
2023-06-29 22:13:31,907 [da0563b2-473a-4d54-878d-0928433366ac-groupManagement] INFO  server.RaftServerConfigKeys (ConfUtils.java:logGet(46)) - raft.server.log.statemachine.data.sync.timeout = 10s (default)
2023-06-29 22:13:31,907 [da0563b2-473a-4d54-878d-0928433366ac-groupManagement] INFO  server.RaftServerConfigKeys (ConfUtils.java:logGet(46)) - raft.server.log.statemachine.data.sync.timeout.retry = -1 (default)
2023-06-29 22:13:31,907 [da0563b2-473a-4d54-878d-0928433366ac-groupManagement] INFO  server.RaftServerConfigKeys (ConfUtils.java:logGet(46)) - raft.server.log.write.buffer.size = 1048576 (custom)
2023-06-29 22:13:31,908 [da0563b2-473a-4d54-878d-0928433366ac-groupManagement] INFO  server.RaftServerConfigKeys (ConfUtils.java:logGet(46)) - raft.server.log.appender.buffer.byte-limit = 33554432 (custom)
2023-06-29 22:13:31,911 [da0563b2-473a-4d54-878d-0928433366ac-groupManagement] INFO  server.RaftServerConfigKeys (ConfUtils.java:logGet(46)) - raft.server.log.unsafe-flush.enabled = false (default)
2023-06-29 22:13:31,911 [da0563b2-473a-4d54-878d-0928433366ac-groupManagement] INFO  server.RaftServerConfigKeys (ConfUtils.java:logGet(46)) - raft.server.log.async-flush.enabled = false (default)
2023-06-29 22:13:31,911 [da0563b2-473a-4d54-878d-0928433366ac-groupManagement] INFO  server.RaftServerConfigKeys (ConfUtils.java:logGet(46)) - raft.server.log.statemachine.data.caching.enabled = true (custom)
2023-06-29 22:13:31,911 [da0563b2-473a-4d54-878d-0928433366ac-groupManagement] INFO  segmented.SegmentedRaftLogWorker (SegmentedRaftLogWorker.java:lambda$new$0(135)) - da0563b2-473a-4d54-878d-0928433366ac@group-E1A2E7AEF88C-SegmentedRaftLogWorker: flushIndex: setUnconditionally 0 -> -1
2023-06-29 22:13:31,912 [da0563b2-473a-4d54-878d-0928433366ac-groupManagement] INFO  segmented.SegmentedRaftLogWorker (SegmentedRaftLogWorker.java:lambda$new$0(135)) - da0563b2-473a-4d54-878d-0928433366ac@group-E1A2E7AEF88C-SegmentedRaftLogWorker: safeCacheEvictIndex: setUnconditionally 0 -> -1
2023-06-29 22:13:31,912 [da0563b2-473a-4d54-878d-0928433366ac-groupManagement] INFO  server.RaftServer$Division (RaftServerImpl.java:start(342)) - da0563b2-473a-4d54-878d-0928433366ac@group-E1A2E7AEF88C: start as a follower, conf=-1: peers:[da0563b2-473a-4d54-878d-0928433366ac|rpc:10.1.0.248:15067|admin:10.1.0.248:15066|client:10.1.0.248:15065|dataStream:10.1.0.248:15068|priority:1|startupRole:FOLLOWER]|listeners:[], old=null
2023-06-29 22:13:31,912 [da0563b2-473a-4d54-878d-0928433366ac-groupManagement] INFO  server.RaftServer$Division (RaftServerImpl.java:setRole(329)) - da0563b2-473a-4d54-878d-0928433366ac@group-E1A2E7AEF88C: changes role from      null to FOLLOWER at term 0 for startAsFollower
2023-06-29 22:13:31,912 [da0563b2-473a-4d54-878d-0928433366ac-groupManagement] INFO  impl.RoleInfo (RoleInfo.java:updateAndGet(139)) - da0563b2-473a-4d54-878d-0928433366ac: start da0563b2-473a-4d54-878d-0928433366ac@group-E1A2E7AEF88C-FollowerState
2023-06-29 22:13:31,915 [da0563b2-473a-4d54-878d-0928433366ac-groupManagement] INFO  util.JmxRegister (JmxRegister.java:tryRegister(44)) - Successfully registered JMX Bean with object name Ratis:service=RaftServer,group=group-E1A2E7AEF88C,id=da0563b2-473a-4d54-878d-0928433366ac
2023-06-29 22:13:31,915 [da0563b2-473a-4d54-878d-0928433366ac-groupManagement] INFO  server.RaftServerConfigKeys (ConfUtils.java:logGet(46)) - raft.server.snapshot.auto.trigger.enabled = true (custom)
2023-06-29 22:13:31,915 [da0563b2-473a-4d54-878d-0928433366ac-groupManagement] INFO  server.RaftServerConfigKeys (ConfUtils.java:logGet(46)) - raft.server.snapshot.auto.trigger.threshold = 10000 (custom)
2023-06-29 22:13:31,915 [da0563b2-473a-4d54-878d-0928433366ac-groupManagement] INFO  server.RaftServerConfigKeys (ConfUtils.java:logGet(46)) - raft.server.snapshot.retention.file.num = 5 (custom)
2023-06-29 22:13:31,915 [da0563b2-473a-4d54-878d-0928433366ac-groupManagement] INFO  server.RaftServerConfigKeys (ConfUtils.java:logGet(46)) - raft.server.log.purge.upto.snapshot.index = false (default)
2023-06-29 22:13:31,916 [PipelineCommandHandlerThread-0] INFO  ratis.XceiverServerRatis (XceiverServerRatis.java:addGroup(804)) - Created group PipelineID=f3a68b27-a9ea-4a33-bd52-e1a2e7aef88c
2023-06-29 22:13:31,916 [PipelineCommandHandlerThread-0] INFO  commandhandler.CreatePipelineCommandHandler (CreatePipelineCommandHandler.java:lambda$handle$2(124)) - Created Pipeline RATIS ONE PipelineID=f3a68b27-a9ea-4a33-bd52-e1a2e7aef88c.
2023-06-29 22:13:31,916 [da0563b2-473a-4d54-878d-0928433366ac@group-E1A2E7AEF88C-FollowerState] INFO  server.RaftServerConfigKeys (ConfUtils.java:logFallback(53)) - raft.server.rpc.first-election.timeout.min = 5s (fallback to raft.server.rpc.timeout.min)
2023-06-29 22:13:31,916 [da0563b2-473a-4d54-878d-0928433366ac@group-E1A2E7AEF88C-FollowerState] INFO  server.RaftServerConfigKeys (ConfUtils.java:logFallback(53)) - raft.server.rpc.first-election.timeout.max = 5200ms (fallback to raft.server.rpc.timeout.max)
2023-06-29 22:13:32,899 [main] INFO  ozone.MiniOzoneClusterImpl (MiniOzoneClusterImpl.java:lambda$waitForClusterToBeReady$0(224)) - Nodes are ready. Got 3 of 3 DN Heartbeats.
2023-06-29 22:13:32,900 [main] INFO  ozone.MiniOzoneClusterImpl (MiniOzoneClusterImpl.java:lambda$waitForClusterToBeReady$0(227)) - Waiting for cluster to exit safe mode
2023-06-29 22:13:32,900 [main] INFO  ozone.MiniOzoneClusterImpl (MiniOzoneClusterImpl.java:lambda$waitForClusterToBeReady$0(229)) - SCM became leader
2023-06-29 22:13:33,900 [main] INFO  ozone.MiniOzoneClusterImpl (MiniOzoneClusterImpl.java:lambda$waitForClusterToBeReady$0(224)) - Nodes are ready. Got 3 of 3 DN Heartbeats.
2023-06-29 22:13:33,900 [main] INFO  ozone.MiniOzoneClusterImpl (MiniOzoneClusterImpl.java:lambda$waitForClusterToBeReady$0(227)) - Waiting for cluster to exit safe mode
2023-06-29 22:13:33,900 [main] INFO  ozone.MiniOzoneClusterImpl (MiniOzoneClusterImpl.java:lambda$waitForClusterToBeReady$0(229)) - SCM became leader
2023-06-29 22:13:34,900 [main] INFO  ozone.MiniOzoneClusterImpl (MiniOzoneClusterImpl.java:lambda$waitForClusterToBeReady$0(224)) - Nodes are ready. Got 3 of 3 DN Heartbeats.
2023-06-29 22:13:34,901 [main] INFO  ozone.MiniOzoneClusterImpl (MiniOzoneClusterImpl.java:lambda$waitForClusterToBeReady$0(227)) - Waiting for cluster to exit safe mode
2023-06-29 22:13:34,901 [main] INFO  ozone.MiniOzoneClusterImpl (MiniOzoneClusterImpl.java:lambda$waitForClusterToBeReady$0(229)) - SCM became leader
2023-06-29 22:13:35,901 [main] INFO  ozone.MiniOzoneClusterImpl (MiniOzoneClusterImpl.java:lambda$waitForClusterToBeReady$0(224)) - Nodes are ready. Got 3 of 3 DN Heartbeats.
2023-06-29 22:13:35,901 [main] INFO  ozone.MiniOzoneClusterImpl (MiniOzoneClusterImpl.java:lambda$waitForClusterToBeReady$0(227)) - Waiting for cluster to exit safe mode
2023-06-29 22:13:35,901 [main] INFO  ozone.MiniOzoneClusterImpl (MiniOzoneClusterImpl.java:lambda$waitForClusterToBeReady$0(229)) - SCM became leader
2023-06-29 22:13:36,366 [d2d950cc-944e-4199-a77a-102171d6307b@group-7FE45D17EFF9-FollowerState] INFO  impl.FollowerState (FollowerState.java:run(143)) - d2d950cc-944e-4199-a77a-102171d6307b@group-7FE45D17EFF9-FollowerState: change to CANDIDATE, lastRpcElapsedTime:5034493558ns, electionTimeout:5034ms
2023-06-29 22:13:36,366 [d2d950cc-944e-4199-a77a-102171d6307b@group-7FE45D17EFF9-FollowerState] INFO  impl.RoleInfo (RoleInfo.java:shutdownFollowerState(110)) - d2d950cc-944e-4199-a77a-102171d6307b: shutdown d2d950cc-944e-4199-a77a-102171d6307b@group-7FE45D17EFF9-FollowerState
2023-06-29 22:13:36,366 [d2d950cc-944e-4199-a77a-102171d6307b@group-7FE45D17EFF9-FollowerState] INFO  server.RaftServer$Division (RaftServerImpl.java:setRole(329)) - d2d950cc-944e-4199-a77a-102171d6307b@group-7FE45D17EFF9: changes role from  FOLLOWER to CANDIDATE at term 0 for changeToCandidate
2023-06-29 22:13:36,367 [d2d950cc-944e-4199-a77a-102171d6307b@group-7FE45D17EFF9-FollowerState] INFO  server.RaftServerConfigKeys (ConfUtils.java:logGet(46)) - raft.server.leaderelection.pre-vote = true (default)
2023-06-29 22:13:36,367 [d2d950cc-944e-4199-a77a-102171d6307b@group-7FE45D17EFF9-FollowerState] INFO  impl.RoleInfo (RoleInfo.java:updateAndGet(139)) - d2d950cc-944e-4199-a77a-102171d6307b: start d2d950cc-944e-4199-a77a-102171d6307b@group-7FE45D17EFF9-LeaderElection10
2023-06-29 22:13:36,371 [d2d950cc-944e-4199-a77a-102171d6307b@group-7FE45D17EFF9-LeaderElection10] INFO  impl.LeaderElection (LeaderElection.java:askForVotes(321)) - d2d950cc-944e-4199-a77a-102171d6307b@group-7FE45D17EFF9-LeaderElection10 PRE_VOTE round 0: submit vote requests at term 0 for -1: peers:[da0563b2-473a-4d54-878d-0928433366ac|rpc:10.1.0.248:15067|admin:10.1.0.248:15066|client:10.1.0.248:15065|dataStream:10.1.0.248:15068|priority:1|startupRole:FOLLOWER, 6201354d-b529-4d76-9c06-546548fd1ab2|rpc:10.1.0.248:15058|admin:10.1.0.248:15057|client:10.1.0.248:15056|dataStream:10.1.0.248:15059|priority:0|startupRole:FOLLOWER, d2d950cc-944e-4199-a77a-102171d6307b|rpc:10.1.0.248:15049|admin:10.1.0.248:15048|client:10.1.0.248:15047|dataStream:10.1.0.248:15050|priority:0|startupRole:FOLLOWER]|listeners:[], old=null
2023-06-29 22:13:36,371 [d2d950cc-944e-4199-a77a-102171d6307b@group-7FE45D17EFF9-LeaderElection10] INFO  server.RaftServerConfigKeys (ConfUtils.java:logFallback(53)) - raft.server.rpc.first-election.timeout.min = 5s (fallback to raft.server.rpc.timeout.min)
2023-06-29 22:13:36,371 [d2d950cc-944e-4199-a77a-102171d6307b@group-7FE45D17EFF9-LeaderElection10-1] INFO  server.GrpcServerProtocolClient (GrpcServerProtocolClient.java:<init>(65)) - Build channel for da0563b2-473a-4d54-878d-0928433366ac
2023-06-29 22:13:36,371 [d2d950cc-944e-4199-a77a-102171d6307b@group-7FE45D17EFF9-LeaderElection10] INFO  server.RaftServerConfigKeys (ConfUtils.java:logFallback(53)) - raft.server.rpc.first-election.timeout.max = 5200ms (fallback to raft.server.rpc.timeout.max)
2023-06-29 22:13:36,371 [d2d950cc-944e-4199-a77a-102171d6307b@group-7FE45D17EFF9-LeaderElection10-2] INFO  server.GrpcServerProtocolClient (GrpcServerProtocolClient.java:<init>(65)) - Build channel for 6201354d-b529-4d76-9c06-546548fd1ab2
2023-06-29 22:13:36,384 [grpc-default-executor-1] INFO  server.RaftServer$Division (RaftServerImpl.java:requestVote(1302)) - da0563b2-473a-4d54-878d-0928433366ac@group-7FE45D17EFF9: receive requestVote(PRE_VOTE, d2d950cc-944e-4199-a77a-102171d6307b, group-7FE45D17EFF9, 0, (t:0, i:0))
2023-06-29 22:13:36,384 [grpc-default-executor-1] INFO  impl.VoteContext (VoteContext.java:log(49)) - da0563b2-473a-4d54-878d-0928433366ac@group-7FE45D17EFF9-FOLLOWER: reject PRE_VOTE from d2d950cc-944e-4199-a77a-102171d6307b: our priority 1 > candidate's priority 0
2023-06-29 22:13:36,384 [grpc-default-executor-1] INFO  server.RaftServer$Division (RaftServerImpl.java:requestVote(1335)) - da0563b2-473a-4d54-878d-0928433366ac@group-7FE45D17EFF9 replies to PRE_VOTE vote request: d2d950cc-944e-4199-a77a-102171d6307b<-da0563b2-473a-4d54-878d-0928433366ac#0:FAIL-t0. Peer's state: da0563b2-473a-4d54-878d-0928433366ac@group-7FE45D17EFF9:t0, leader=null, voted=, raftlog=Memoized:da0563b2-473a-4d54-878d-0928433366ac@group-7FE45D17EFF9-SegmentedRaftLog:OPENED:c-1, conf=-1: peers:[da0563b2-473a-4d54-878d-0928433366ac|rpc:10.1.0.248:15067|admin:10.1.0.248:15066|client:10.1.0.248:15065|dataStream:10.1.0.248:15068|priority:1|startupRole:FOLLOWER, 6201354d-b529-4d76-9c06-546548fd1ab2|rpc:10.1.0.248:15058|admin:10.1.0.248:15057|client:10.1.0.248:15056|dataStream:10.1.0.248:15059|priority:0|startupRole:FOLLOWER, d2d950cc-944e-4199-a77a-102171d6307b|rpc:10.1.0.248:15049|admin:10.1.0.248:15048|client:10.1.0.248:15047|dataStream:10.1.0.248:15050|priority:0|startupRole:FOLLOWER]|listeners:[], old=null
2023-06-29 22:13:36,387 [grpc-default-executor-1] INFO  server.RaftServer$Division (RaftServerImpl.java:requestVote(1302)) - 6201354d-b529-4d76-9c06-546548fd1ab2@group-7FE45D17EFF9: receive requestVote(PRE_VOTE, d2d950cc-944e-4199-a77a-102171d6307b, group-7FE45D17EFF9, 0, (t:0, i:0))
2023-06-29 22:13:36,387 [grpc-default-executor-1] INFO  impl.VoteContext (VoteContext.java:log(49)) - 6201354d-b529-4d76-9c06-546548fd1ab2@group-7FE45D17EFF9-FOLLOWER: accept PRE_VOTE from d2d950cc-944e-4199-a77a-102171d6307b: our priority 0 <= candidate's priority 0
2023-06-29 22:13:36,387 [grpc-default-executor-1] INFO  server.RaftServer$Division (RaftServerImpl.java:requestVote(1335)) - 6201354d-b529-4d76-9c06-546548fd1ab2@group-7FE45D17EFF9 replies to PRE_VOTE vote request: d2d950cc-944e-4199-a77a-102171d6307b<-6201354d-b529-4d76-9c06-546548fd1ab2#0:OK-t0. Peer's state: 6201354d-b529-4d76-9c06-546548fd1ab2@group-7FE45D17EFF9:t0, leader=null, voted=, raftlog=Memoized:6201354d-b529-4d76-9c06-546548fd1ab2@group-7FE45D17EFF9-SegmentedRaftLog:OPENED:c-1, conf=-1: peers:[da0563b2-473a-4d54-878d-0928433366ac|rpc:10.1.0.248:15067|admin:10.1.0.248:15066|client:10.1.0.248:15065|dataStream:10.1.0.248:15068|priority:1|startupRole:FOLLOWER, 6201354d-b529-4d76-9c06-546548fd1ab2|rpc:10.1.0.248:15058|admin:10.1.0.248:15057|client:10.1.0.248:15056|dataStream:10.1.0.248:15059|priority:0|startupRole:FOLLOWER, d2d950cc-944e-4199-a77a-102171d6307b|rpc:10.1.0.248:15049|admin:10.1.0.248:15048|client:10.1.0.248:15047|dataStream:10.1.0.248:15050|priority:0|startupRole:FOLLOWER]|listeners:[], old=null
2023-06-29 22:13:36,387 [d2d950cc-944e-4199-a77a-102171d6307b@group-7FE45D17EFF9-LeaderElection10] INFO  impl.LeaderElection (LeaderElection.java:logAndReturn(90)) - d2d950cc-944e-4199-a77a-102171d6307b@group-7FE45D17EFF9-LeaderElection10: PRE_VOTE REJECTED received 1 response(s) and 0 exception(s):
2023-06-29 22:13:36,387 [d2d950cc-944e-4199-a77a-102171d6307b@group-7FE45D17EFF9-LeaderElection10] INFO  impl.LeaderElection (LeaderElection.java:logAndReturn(94)) -   Response 0: d2d950cc-944e-4199-a77a-102171d6307b<-da0563b2-473a-4d54-878d-0928433366ac#0:FAIL-t0
2023-06-29 22:13:36,388 [d2d950cc-944e-4199-a77a-102171d6307b@group-7FE45D17EFF9-LeaderElection10] INFO  impl.LeaderElection (LeaderElection.java:askForVotes(323)) - d2d950cc-944e-4199-a77a-102171d6307b@group-7FE45D17EFF9-LeaderElection10 PRE_VOTE round 0: result REJECTED
2023-06-29 22:13:36,388 [d2d950cc-944e-4199-a77a-102171d6307b@group-7FE45D17EFF9-LeaderElection10] INFO  server.RaftServer$Division (RaftServerImpl.java:setRole(329)) - d2d950cc-944e-4199-a77a-102171d6307b@group-7FE45D17EFF9: changes role from CANDIDATE to FOLLOWER at term 0 for REJECTED
2023-06-29 22:13:36,388 [d2d950cc-944e-4199-a77a-102171d6307b@group-7FE45D17EFF9-LeaderElection10] INFO  impl.RoleInfo (RoleInfo.java:shutdownLeaderElection(130)) - d2d950cc-944e-4199-a77a-102171d6307b: shutdown d2d950cc-944e-4199-a77a-102171d6307b@group-7FE45D17EFF9-LeaderElection10
2023-06-29 22:13:36,388 [d2d950cc-944e-4199-a77a-102171d6307b@group-7FE45D17EFF9-LeaderElection10] INFO  impl.RoleInfo (RoleInfo.java:updateAndGet(139)) - d2d950cc-944e-4199-a77a-102171d6307b: start d2d950cc-944e-4199-a77a-102171d6307b@group-7FE45D17EFF9-FollowerState
2023-06-29 22:13:36,419 [d2d950cc-944e-4199-a77a-102171d6307b@group-33ACF6849E3B-FollowerState] INFO  impl.FollowerState (FollowerState.java:run(143)) - d2d950cc-944e-4199-a77a-102171d6307b@group-33ACF6849E3B-FollowerState: change to CANDIDATE, lastRpcElapsedTime:5100440612ns, electionTimeout:5100ms
2023-06-29 22:13:36,419 [d2d950cc-944e-4199-a77a-102171d6307b@group-33ACF6849E3B-FollowerState] INFO  impl.RoleInfo (RoleInfo.java:shutdownFollowerState(110)) - d2d950cc-944e-4199-a77a-102171d6307b: shutdown d2d950cc-944e-4199-a77a-102171d6307b@group-33ACF6849E3B-FollowerState
2023-06-29 22:13:36,419 [d2d950cc-944e-4199-a77a-102171d6307b@group-33ACF6849E3B-FollowerState] INFO  server.RaftServer$Division (RaftServerImpl.java:setRole(329)) - d2d950cc-944e-4199-a77a-102171d6307b@group-33ACF6849E3B: changes role from  FOLLOWER to CANDIDATE at term 0 for changeToCandidate
2023-06-29 22:13:36,420 [d2d950cc-944e-4199-a77a-102171d6307b@group-33ACF6849E3B-FollowerState] INFO  server.RaftServerConfigKeys (ConfUtils.java:logGet(46)) - raft.server.leaderelection.pre-vote = true (default)
2023-06-29 22:13:36,420 [d2d950cc-944e-4199-a77a-102171d6307b@group-33ACF6849E3B-FollowerState] INFO  impl.RoleInfo (RoleInfo.java:updateAndGet(139)) - d2d950cc-944e-4199-a77a-102171d6307b: start d2d950cc-944e-4199-a77a-102171d6307b@group-33ACF6849E3B-LeaderElection11
2023-06-29 22:13:36,422 [d2d950cc-944e-4199-a77a-102171d6307b@group-33ACF6849E3B-LeaderElection11] INFO  impl.LeaderElection (LeaderElection.java:askForVotes(321)) - d2d950cc-944e-4199-a77a-102171d6307b@group-33ACF6849E3B-LeaderElection11 PRE_VOTE round 0: submit vote requests at term 0 for -1: peers:[d2d950cc-944e-4199-a77a-102171d6307b|rpc:10.1.0.248:15049|admin:10.1.0.248:15048|client:10.1.0.248:15047|dataStream:10.1.0.248:15050|priority:1|startupRole:FOLLOWER]|listeners:[], old=null
2023-06-29 22:13:36,422 [d2d950cc-944e-4199-a77a-102171d6307b@group-33ACF6849E3B-LeaderElection11] INFO  impl.LeaderElection (LeaderElection.java:askForVotes(323)) - d2d950cc-944e-4199-a77a-102171d6307b@group-33ACF6849E3B-LeaderElection11 PRE_VOTE round 0: result PASSED (term=0)
2023-06-29 22:13:36,424 [d2d950cc-944e-4199-a77a-102171d6307b@group-33ACF6849E3B-LeaderElection11] INFO  impl.LeaderElection (LeaderElection.java:askForVotes(321)) - d2d950cc-944e-4199-a77a-102171d6307b@group-33ACF6849E3B-LeaderElection11 ELECTION round 0: submit vote requests at term 1 for -1: peers:[d2d950cc-944e-4199-a77a-102171d6307b|rpc:10.1.0.248:15049|admin:10.1.0.248:15048|client:10.1.0.248:15047|dataStream:10.1.0.248:15050|priority:1|startupRole:FOLLOWER]|listeners:[], old=null
2023-06-29 22:13:36,424 [d2d950cc-944e-4199-a77a-102171d6307b@group-33ACF6849E3B-LeaderElection11] INFO  impl.LeaderElection (LeaderElection.java:askForVotes(323)) - d2d950cc-944e-4199-a77a-102171d6307b@group-33ACF6849E3B-LeaderElection11 ELECTION round 0: result PASSED (term=1)
2023-06-29 22:13:36,424 [d2d950cc-944e-4199-a77a-102171d6307b@group-33ACF6849E3B-LeaderElection11] INFO  impl.RoleInfo (RoleInfo.java:shutdownLeaderElection(130)) - d2d950cc-944e-4199-a77a-102171d6307b: shutdown d2d950cc-944e-4199-a77a-102171d6307b@group-33ACF6849E3B-LeaderElection11
2023-06-29 22:13:36,424 [d2d950cc-944e-4199-a77a-102171d6307b@group-33ACF6849E3B-LeaderElection11] INFO  server.RaftServer$Division (RaftServerImpl.java:setRole(329)) - d2d950cc-944e-4199-a77a-102171d6307b@group-33ACF6849E3B: changes role from CANDIDATE to LEADER at term 1 for changeToLeader
2023-06-29 22:13:36,424 [d2d950cc-944e-4199-a77a-102171d6307b@group-33ACF6849E3B-LeaderElection11] INFO  ratis.XceiverServerRatis (XceiverServerRatis.java:handleLeaderChangedNotification(902)) - Leader change notification received for group: group-33ACF6849E3B with new leaderId: d2d950cc-944e-4199-a77a-102171d6307b
2023-06-29 22:13:36,424 [d2d950cc-944e-4199-a77a-102171d6307b@group-33ACF6849E3B-LeaderElection11] INFO  server.RaftServer$Division (ServerState.java:setLeader(317)) - d2d950cc-944e-4199-a77a-102171d6307b@group-33ACF6849E3B: change Leader from null to d2d950cc-944e-4199-a77a-102171d6307b at term 1 for becomeLeader, leader elected after 5125ms
2023-06-29 22:13:36,424 [d2d950cc-944e-4199-a77a-102171d6307b@group-33ACF6849E3B-LeaderElection11] INFO  server.RaftServerConfigKeys (ConfUtils.java:logGet(46)) - raft.server.staging.catchup.gap = 1000 (default)
2023-06-29 22:13:36,424 [d2d950cc-944e-4199-a77a-102171d6307b@group-33ACF6849E3B-LeaderElection11] INFO  server.RaftServerConfigKeys (ConfUtils.java:logGet(46)) - raft.server.write.element-limit = 1024 (custom)
2023-06-29 22:13:36,424 [d2d950cc-944e-4199-a77a-102171d6307b@group-33ACF6849E3B-LeaderElection11] INFO  server.RaftServerConfigKeys (ConfUtils.java:logGet(46)) - raft.server.write.byte-limit = 1024 M (=1073741824) (custom)
2023-06-29 22:13:36,425 [d2d950cc-944e-4199-a77a-102171d6307b@group-33ACF6849E3B-LeaderElection11] INFO  server.RaftServerConfigKeys (ConfUtils.java:logGet(46)) - raft.server.watch.timeout = 180s (custom)
2023-06-29 22:13:36,425 [d2d950cc-944e-4199-a77a-102171d6307b@group-33ACF6849E3B-LeaderElection11] INFO  server.RaftServerConfigKeys (ConfUtils.java:logGet(46)) - raft.server.watch.timeout.denomination = 1s (default)
2023-06-29 22:13:36,425 [d2d950cc-944e-4199-a77a-102171d6307b@group-33ACF6849E3B-LeaderElection11] INFO  server.RaftServerConfigKeys (ConfUtils.java:logGet(46)) - raft.server.watch.element-limit = 65536 (default)
2023-06-29 22:13:36,425 [d2d950cc-944e-4199-a77a-102171d6307b@group-33ACF6849E3B-LeaderElection11] INFO  server.RaftServerConfigKeys (ConfUtils.java:logGet(46)) - raft.server.write.element-limit = 1024 (custom)
2023-06-29 22:13:36,425 [d2d950cc-944e-4199-a77a-102171d6307b@group-33ACF6849E3B-LeaderElection11] INFO  server.RaftServerConfigKeys (ConfUtils.java:logGet(46)) - raft.server.write.follower.gap.ratio.max = -1.0 (default)
2023-06-29 22:13:36,425 [d2d950cc-944e-4199-a77a-102171d6307b@group-33ACF6849E3B-LeaderElection11] INFO  impl.RoleInfo (RoleInfo.java:updateAndGet(139)) - d2d950cc-944e-4199-a77a-102171d6307b: start d2d950cc-944e-4199-a77a-102171d6307b@group-33ACF6849E3B-LeaderStateImpl
2023-06-29 22:13:36,426 [d2d950cc-944e-4199-a77a-102171d6307b@group-33ACF6849E3B-LeaderElection11] INFO  segmented.SegmentedRaftLogWorker (SegmentedRaftLogWorker.java:startLogSegment(447)) - d2d950cc-944e-4199-a77a-102171d6307b@group-33ACF6849E3B-SegmentedRaftLogWorker: Starting segment from index:0
2023-06-29 22:13:36,429 [d2d950cc-944e-4199-a77a-102171d6307b@group-33ACF6849E3B-LeaderElection11] INFO  server.RaftServer$Division (ServerState.java:setRaftConf(434)) - d2d950cc-944e-4199-a77a-102171d6307b@group-33ACF6849E3B: set configuration 0: peers:[d2d950cc-944e-4199-a77a-102171d6307b|rpc:10.1.0.248:15049|admin:10.1.0.248:15048|client:10.1.0.248:15047|dataStream:10.1.0.248:15050|priority:1|startupRole:FOLLOWER]|listeners:[], old=null
2023-06-29 22:13:36,429 [EventQueue-OpenPipelineForHealthyPipelineSafeModeRule] INFO  safemode.SCMSafeModeManager (HealthyPipelineSafeModeRule.java:process(137)) - SCM in safe mode. Healthy pipelines reported count is 0, required healthy pipeline reported count is 1
2023-06-29 22:13:36,430 [d2d950cc-944e-4199-a77a-102171d6307b@group-33ACF6849E3B-SegmentedRaftLogWorker] INFO  segmented.SegmentedRaftLogWorker (SegmentedRaftLogWorker.java:execute(651)) - d2d950cc-944e-4199-a77a-102171d6307b@group-33ACF6849E3B-SegmentedRaftLogWorker: created new log segment /home/runner/work/ozone/ozone/hadoop-ozone/integration-test/target/test-dir/MiniOzoneClusterImpl-bfa5a98b-f4fa-4e92-9252-0122c5abb8e0/datanode-0/data/ratis/31f0558c-3031-469e-9647-33acf6849e3b/current/log_inprogress_0
2023-06-29 22:13:36,431 [6201354d-b529-4d76-9c06-546548fd1ab2@group-7FE45D17EFF9-FollowerState] INFO  server.RaftServerConfigKeys (ConfUtils.java:logFallback(53)) - raft.server.rpc.first-election.timeout.min = 5s (fallback to raft.server.rpc.timeout.min)
2023-06-29 22:13:36,431 [6201354d-b529-4d76-9c06-546548fd1ab2@group-7FE45D17EFF9-FollowerState] INFO  server.RaftServerConfigKeys (ConfUtils.java:logFallback(53)) - raft.server.rpc.first-election.timeout.max = 5200ms (fallback to raft.server.rpc.timeout.max)
2023-06-29 22:13:36,546 [da0563b2-473a-4d54-878d-0928433366ac@group-7FE45D17EFF9-FollowerState] INFO  impl.FollowerState (FollowerState.java:run(143)) - da0563b2-473a-4d54-878d-0928433366ac@group-7FE45D17EFF9-FollowerState: change to CANDIDATE, lastRpcElapsedTime:5192044691ns, electionTimeout:5188ms
2023-06-29 22:13:36,546 [da0563b2-473a-4d54-878d-0928433366ac@group-7FE45D17EFF9-FollowerState] INFO  impl.RoleInfo (RoleInfo.java:shutdownFollowerState(110)) - da0563b2-473a-4d54-878d-0928433366ac: shutdown da0563b2-473a-4d54-878d-0928433366ac@group-7FE45D17EFF9-FollowerState
2023-06-29 22:13:36,546 [da0563b2-473a-4d54-878d-0928433366ac@group-7FE45D17EFF9-FollowerState] INFO  server.RaftServer$Division (RaftServerImpl.java:setRole(329)) - da0563b2-473a-4d54-878d-0928433366ac@group-7FE45D17EFF9: changes role from  FOLLOWER to CANDIDATE at term 0 for changeToCandidate
2023-06-29 22:13:36,547 [da0563b2-473a-4d54-878d-0928433366ac@group-7FE45D17EFF9-FollowerState] INFO  server.RaftServerConfigKeys (ConfUtils.java:logGet(46)) - raft.server.leaderelection.pre-vote = true (default)
2023-06-29 22:13:36,547 [da0563b2-473a-4d54-878d-0928433366ac@group-7FE45D17EFF9-FollowerState] INFO  impl.RoleInfo (RoleInfo.java:updateAndGet(139)) - da0563b2-473a-4d54-878d-0928433366ac: start da0563b2-473a-4d54-878d-0928433366ac@group-7FE45D17EFF9-LeaderElection12
2023-06-29 22:13:36,555 [da0563b2-473a-4d54-878d-0928433366ac@group-7FE45D17EFF9-LeaderElection12] INFO  impl.LeaderElection (LeaderElection.java:askForVotes(321)) - da0563b2-473a-4d54-878d-0928433366ac@group-7FE45D17EFF9-LeaderElection12 PRE_VOTE round 0: submit vote requests at term 0 for -1: peers:[da0563b2-473a-4d54-878d-0928433366ac|rpc:10.1.0.248:15067|admin:10.1.0.248:15066|client:10.1.0.248:15065|dataStream:10.1.0.248:15068|priority:1|startupRole:FOLLOWER, 6201354d-b529-4d76-9c06-546548fd1ab2|rpc:10.1.0.248:15058|admin:10.1.0.248:15057|client:10.1.0.248:15056|dataStream:10.1.0.248:15059|priority:0|startupRole:FOLLOWER, d2d950cc-944e-4199-a77a-102171d6307b|rpc:10.1.0.248:15049|admin:10.1.0.248:15048|client:10.1.0.248:15047|dataStream:10.1.0.248:15050|priority:0|startupRole:FOLLOWER]|listeners:[], old=null
2023-06-29 22:13:36,556 [da0563b2-473a-4d54-878d-0928433366ac@group-7FE45D17EFF9-LeaderElection12-1] INFO  server.GrpcServerProtocolClient (GrpcServerProtocolClient.java:<init>(65)) - Build channel for 6201354d-b529-4d76-9c06-546548fd1ab2
2023-06-29 22:13:36,557 [da0563b2-473a-4d54-878d-0928433366ac@group-7FE45D17EFF9-LeaderElection12] INFO  server.RaftServerConfigKeys (ConfUtils.java:logFallback(53)) - raft.server.rpc.first-election.timeout.min = 5s (fallback to raft.server.rpc.timeout.min)
2023-06-29 22:13:36,557 [da0563b2-473a-4d54-878d-0928433366ac@group-7FE45D17EFF9-LeaderElection12-2] INFO  server.GrpcServerProtocolClient (GrpcServerProtocolClient.java:<init>(65)) - Build channel for d2d950cc-944e-4199-a77a-102171d6307b
2023-06-29 22:13:36,557 [da0563b2-473a-4d54-878d-0928433366ac@group-7FE45D17EFF9-LeaderElection12] INFO  server.RaftServerConfigKeys (ConfUtils.java:logFallback(53)) - raft.server.rpc.first-election.timeout.max = 5200ms (fallback to raft.server.rpc.timeout.max)
2023-06-29 22:13:36,570 [grpc-default-executor-1] INFO  server.RaftServer$Division (RaftServerImpl.java:requestVote(1302)) - 6201354d-b529-4d76-9c06-546548fd1ab2@group-7FE45D17EFF9: receive requestVote(PRE_VOTE, da0563b2-473a-4d54-878d-0928433366ac, group-7FE45D17EFF9, 0, (t:0, i:0))
2023-06-29 22:13:36,570 [grpc-default-executor-1] INFO  impl.VoteContext (VoteContext.java:log(49)) - 6201354d-b529-4d76-9c06-546548fd1ab2@group-7FE45D17EFF9-FOLLOWER: accept PRE_VOTE from da0563b2-473a-4d54-878d-0928433366ac: our priority 0 <= candidate's priority 1
2023-06-29 22:13:36,570 [grpc-default-executor-1] INFO  server.RaftServer$Division (RaftServerImpl.java:requestVote(1335)) - 6201354d-b529-4d76-9c06-546548fd1ab2@group-7FE45D17EFF9 replies to PRE_VOTE vote request: da0563b2-473a-4d54-878d-0928433366ac<-6201354d-b529-4d76-9c06-546548fd1ab2#0:OK-t0. Peer's state: 6201354d-b529-4d76-9c06-546548fd1ab2@group-7FE45D17EFF9:t0, leader=null, voted=, raftlog=Memoized:6201354d-b529-4d76-9c06-546548fd1ab2@group-7FE45D17EFF9-SegmentedRaftLog:OPENED:c-1, conf=-1: peers:[da0563b2-473a-4d54-878d-0928433366ac|rpc:10.1.0.248:15067|admin:10.1.0.248:15066|client:10.1.0.248:15065|dataStream:10.1.0.248:15068|priority:1|startupRole:FOLLOWER, 6201354d-b529-4d76-9c06-546548fd1ab2|rpc:10.1.0.248:15058|admin:10.1.0.248:15057|client:10.1.0.248:15056|dataStream:10.1.0.248:15059|priority:0|startupRole:FOLLOWER, d2d950cc-944e-4199-a77a-102171d6307b|rpc:10.1.0.248:15049|admin:10.1.0.248:15048|client:10.1.0.248:15047|dataStream:10.1.0.248:15050|priority:0|startupRole:FOLLOWER]|listeners:[], old=null
2023-06-29 22:13:36,572 [da0563b2-473a-4d54-878d-0928433366ac@group-7FE45D17EFF9-LeaderElection12] INFO  impl.LeaderElection (LeaderElection.java:logAndReturn(90)) - da0563b2-473a-4d54-878d-0928433366ac@group-7FE45D17EFF9-LeaderElection12: PRE_VOTE PASSED received 1 response(s) and 0 exception(s):
2023-06-29 22:13:36,572 [da0563b2-473a-4d54-878d-0928433366ac@group-7FE45D17EFF9-LeaderElection12] INFO  impl.LeaderElection (LeaderElection.java:logAndReturn(94)) -   Response 0: da0563b2-473a-4d54-878d-0928433366ac<-6201354d-b529-4d76-9c06-546548fd1ab2#0:OK-t0
2023-06-29 22:13:36,572 [da0563b2-473a-4d54-878d-0928433366ac@group-7FE45D17EFF9-LeaderElection12] INFO  impl.LeaderElection (LeaderElection.java:askForVotes(323)) - da0563b2-473a-4d54-878d-0928433366ac@group-7FE45D17EFF9-LeaderElection12 PRE_VOTE round 0: result PASSED
2023-06-29 22:13:36,574 [grpc-default-executor-1] INFO  server.RaftServer$Division (RaftServerImpl.java:requestVote(1302)) - d2d950cc-944e-4199-a77a-102171d6307b@group-7FE45D17EFF9: receive requestVote(PRE_VOTE, da0563b2-473a-4d54-878d-0928433366ac, group-7FE45D17EFF9, 0, (t:0, i:0))
2023-06-29 22:13:36,574 [grpc-default-executor-1] INFO  impl.VoteContext (VoteContext.java:log(49)) - d2d950cc-944e-4199-a77a-102171d6307b@group-7FE45D17EFF9-FOLLOWER: accept PRE_VOTE from da0563b2-473a-4d54-878d-0928433366ac: our priority 0 <= candidate's priority 1
2023-06-29 22:13:36,574 [grpc-default-executor-1] INFO  server.RaftServer$Division (RaftServerImpl.java:requestVote(1335)) - d2d950cc-944e-4199-a77a-102171d6307b@group-7FE45D17EFF9 replies to PRE_VOTE vote request: da0563b2-473a-4d54-878d-0928433366ac<-d2d950cc-944e-4199-a77a-102171d6307b#0:OK-t0. Peer's state: d2d950cc-944e-4199-a77a-102171d6307b@group-7FE45D17EFF9:t0, leader=null, voted=, raftlog=Memoized:d2d950cc-944e-4199-a77a-102171d6307b@group-7FE45D17EFF9-SegmentedRaftLog:OPENED:c-1, conf=-1: peers:[da0563b2-473a-4d54-878d-0928433366ac|rpc:10.1.0.248:15067|admin:10.1.0.248:15066|client:10.1.0.248:15065|dataStream:10.1.0.248:15068|priority:1|startupRole:FOLLOWER, 6201354d-b529-4d76-9c06-546548fd1ab2|rpc:10.1.0.248:15058|admin:10.1.0.248:15057|client:10.1.0.248:15056|dataStream:10.1.0.248:15059|priority:0|startupRole:FOLLOWER, d2d950cc-944e-4199-a77a-102171d6307b|rpc:10.1.0.248:15049|admin:10.1.0.248:15048|client:10.1.0.248:15047|dataStream:10.1.0.248:15050|priority:0|startupRole:FOLLOWER]|listeners:[], old=null
2023-06-29 22:13:36,577 [da0563b2-473a-4d54-878d-0928433366ac@group-7FE45D17EFF9-LeaderElection12] INFO  impl.LeaderElection (LeaderElection.java:askForVotes(321)) - da0563b2-473a-4d54-878d-0928433366ac@group-7FE45D17EFF9-LeaderElection12 ELECTION round 0: submit vote requests at term 1 for -1: peers:[da0563b2-473a-4d54-878d-0928433366ac|rpc:10.1.0.248:15067|admin:10.1.0.248:15066|client:10.1.0.248:15065|dataStream:10.1.0.248:15068|priority:1|startupRole:FOLLOWER, 6201354d-b529-4d76-9c06-546548fd1ab2|rpc:10.1.0.248:15058|admin:10.1.0.248:15057|client:10.1.0.248:15056|dataStream:10.1.0.248:15059|priority:0|startupRole:FOLLOWER, d2d950cc-944e-4199-a77a-102171d6307b|rpc:10.1.0.248:15049|admin:10.1.0.248:15048|client:10.1.0.248:15047|dataStream:10.1.0.248:15050|priority:0|startupRole:FOLLOWER]|listeners:[], old=null
2023-06-29 22:13:36,578 [da0563b2-473a-4d54-878d-0928433366ac@group-7FE45D17EFF9-LeaderElection12] INFO  server.RaftServerConfigKeys (ConfUtils.java:logFallback(53)) - raft.server.rpc.first-election.timeout.min = 5s (fallback to raft.server.rpc.timeout.min)
2023-06-29 22:13:36,578 [da0563b2-473a-4d54-878d-0928433366ac@group-7FE45D17EFF9-LeaderElection12] INFO  server.RaftServerConfigKeys (ConfUtils.java:logFallback(53)) - raft.server.rpc.first-election.timeout.max = 5200ms (fallback to raft.server.rpc.timeout.max)
2023-06-29 22:13:36,580 [grpc-default-executor-1] INFO  server.RaftServer$Division (RaftServerImpl.java:requestVote(1302)) - 6201354d-b529-4d76-9c06-546548fd1ab2@group-7FE45D17EFF9: receive requestVote(ELECTION, da0563b2-473a-4d54-878d-0928433366ac, group-7FE45D17EFF9, 1, (t:0, i:0))
2023-06-29 22:13:36,581 [grpc-default-executor-1] INFO  impl.VoteContext (VoteContext.java:log(49)) - 6201354d-b529-4d76-9c06-546548fd1ab2@group-7FE45D17EFF9-FOLLOWER: accept ELECTION from da0563b2-473a-4d54-878d-0928433366ac: our priority 0 <= candidate's priority 1
2023-06-29 22:13:36,581 [grpc-default-executor-1] INFO  server.RaftServer$Division (RaftServerImpl.java:setRole(329)) - 6201354d-b529-4d76-9c06-546548fd1ab2@group-7FE45D17EFF9: changes role from  FOLLOWER to FOLLOWER at term 1 for candidate:da0563b2-473a-4d54-878d-0928433366ac
2023-06-29 22:13:36,581 [grpc-default-executor-1] INFO  impl.RoleInfo (RoleInfo.java:shutdownFollowerState(110)) - 6201354d-b529-4d76-9c06-546548fd1ab2: shutdown 6201354d-b529-4d76-9c06-546548fd1ab2@group-7FE45D17EFF9-FollowerState
2023-06-29 22:13:36,581 [6201354d-b529-4d76-9c06-546548fd1ab2@group-7FE45D17EFF9-FollowerState] INFO  impl.FollowerState (FollowerState.java:run(152)) - 6201354d-b529-4d76-9c06-546548fd1ab2@group-7FE45D17EFF9-FollowerState was interrupted
2023-06-29 22:13:36,581 [grpc-default-executor-0] INFO  server.RaftServer$Division (RaftServerImpl.java:requestVote(1302)) - d2d950cc-944e-4199-a77a-102171d6307b@group-7FE45D17EFF9: receive requestVote(ELECTION, da0563b2-473a-4d54-878d-0928433366ac, group-7FE45D17EFF9, 1, (t:0, i:0))
2023-06-29 22:13:36,582 [grpc-default-executor-0] INFO  impl.VoteContext (VoteContext.java:log(49)) - d2d950cc-944e-4199-a77a-102171d6307b@group-7FE45D17EFF9-FOLLOWER: accept ELECTION from da0563b2-473a-4d54-878d-0928433366ac: our priority 0 <= candidate's priority 1
2023-06-29 22:13:36,583 [grpc-default-executor-0] INFO  server.RaftServer$Division (RaftServerImpl.java:setRole(329)) - d2d950cc-944e-4199-a77a-102171d6307b@group-7FE45D17EFF9: changes role from  FOLLOWER to FOLLOWER at term 1 for candidate:da0563b2-473a-4d54-878d-0928433366ac
2023-06-29 22:13:36,583 [grpc-default-executor-0] INFO  impl.RoleInfo (RoleInfo.java:shutdownFollowerState(110)) - d2d950cc-944e-4199-a77a-102171d6307b: shutdown d2d950cc-944e-4199-a77a-102171d6307b@group-7FE45D17EFF9-FollowerState
2023-06-29 22:13:36,583 [grpc-default-executor-0] INFO  impl.RoleInfo (RoleInfo.java:updateAndGet(139)) - d2d950cc-944e-4199-a77a-102171d6307b: start d2d950cc-944e-4199-a77a-102171d6307b@group-7FE45D17EFF9-FollowerState
2023-06-29 22:13:36,583 [d2d950cc-944e-4199-a77a-102171d6307b@group-7FE45D17EFF9-FollowerState] INFO  impl.FollowerState (FollowerState.java:run(152)) - d2d950cc-944e-4199-a77a-102171d6307b@group-7FE45D17EFF9-FollowerState was interrupted
2023-06-29 22:13:36,581 [grpc-default-executor-1] INFO  impl.RoleInfo (RoleInfo.java:updateAndGet(139)) - 6201354d-b529-4d76-9c06-546548fd1ab2: start 6201354d-b529-4d76-9c06-546548fd1ab2@group-7FE45D17EFF9-FollowerState
2023-06-29 22:13:36,584 [grpc-default-executor-0] INFO  server.RaftServer$Division (RaftServerImpl.java:requestVote(1335)) - d2d950cc-944e-4199-a77a-102171d6307b@group-7FE45D17EFF9 replies to ELECTION vote request: da0563b2-473a-4d54-878d-0928433366ac<-d2d950cc-944e-4199-a77a-102171d6307b#0:OK-t1. Peer's state: d2d950cc-944e-4199-a77a-102171d6307b@group-7FE45D17EFF9:t1, leader=null, voted=da0563b2-473a-4d54-878d-0928433366ac, raftlog=Memoized:d2d950cc-944e-4199-a77a-102171d6307b@group-7FE45D17EFF9-SegmentedRaftLog:OPENED:c-1, conf=-1: peers:[da0563b2-473a-4d54-878d-0928433366ac|rpc:10.1.0.248:15067|admin:10.1.0.248:15066|client:10.1.0.248:15065|dataStream:10.1.0.248:15068|priority:1|startupRole:FOLLOWER, 6201354d-b529-4d76-9c06-546548fd1ab2|rpc:10.1.0.248:15058|admin:10.1.0.248:15057|client:10.1.0.248:15056|dataStream:10.1.0.248:15059|priority:0|startupRole:FOLLOWER, d2d950cc-944e-4199-a77a-102171d6307b|rpc:10.1.0.248:15049|admin:10.1.0.248:15048|client:10.1.0.248:15047|dataStream:10.1.0.248:15050|priority:0|startupRole:FOLLOWER]|listeners:[], old=null
2023-06-29 22:13:36,585 [grpc-default-executor-1] INFO  server.RaftServer$Division (RaftServerImpl.java:requestVote(1335)) - 6201354d-b529-4d76-9c06-546548fd1ab2@group-7FE45D17EFF9 replies to ELECTION vote request: da0563b2-473a-4d54-878d-0928433366ac<-6201354d-b529-4d76-9c06-546548fd1ab2#0:OK-t1. Peer's state: 6201354d-b529-4d76-9c06-546548fd1ab2@group-7FE45D17EFF9:t1, leader=null, voted=da0563b2-473a-4d54-878d-0928433366ac, raftlog=Memoized:6201354d-b529-4d76-9c06-546548fd1ab2@group-7FE45D17EFF9-SegmentedRaftLog:OPENED:c-1, conf=-1: peers:[da0563b2-473a-4d54-878d-0928433366ac|rpc:10.1.0.248:15067|admin:10.1.0.248:15066|client:10.1.0.248:15065|dataStream:10.1.0.248:15068|priority:1|startupRole:FOLLOWER, 6201354d-b529-4d76-9c06-546548fd1ab2|rpc:10.1.0.248:15058|admin:10.1.0.248:15057|client:10.1.0.248:15056|dataStream:10.1.0.248:15059|priority:0|startupRole:FOLLOWER, d2d950cc-944e-4199-a77a-102171d6307b|rpc:10.1.0.248:15049|admin:10.1.0.248:15048|client:10.1.0.248:15047|dataStream:10.1.0.248:15050|priority:0|startupRole:FOLLOWER]|listeners:[], old=null
2023-06-29 22:13:36,586 [da0563b2-473a-4d54-878d-0928433366ac@group-7FE45D17EFF9-LeaderElection12] INFO  impl.LeaderElection (LeaderElection.java:logAndReturn(90)) - da0563b2-473a-4d54-878d-0928433366ac@group-7FE45D17EFF9-LeaderElection12: ELECTION PASSED received 1 response(s) and 0 exception(s):
2023-06-29 22:13:36,586 [da0563b2-473a-4d54-878d-0928433366ac@group-7FE45D17EFF9-LeaderElection12] INFO  impl.LeaderElection (LeaderElection.java:logAndReturn(94)) -   Response 0: da0563b2-473a-4d54-878d-0928433366ac<-6201354d-b529-4d76-9c06-546548fd1ab2#0:OK-t1
2023-06-29 22:13:36,586 [da0563b2-473a-4d54-878d-0928433366ac@group-7FE45D17EFF9-LeaderElection12] INFO  impl.LeaderElection (LeaderElection.java:askForVotes(323)) - da0563b2-473a-4d54-878d-0928433366ac@group-7FE45D17EFF9-LeaderElection12 ELECTION round 0: result PASSED
2023-06-29 22:13:36,586 [da0563b2-473a-4d54-878d-0928433366ac@group-7FE45D17EFF9-LeaderElection12] INFO  impl.RoleInfo (RoleInfo.java:shutdownLeaderElection(130)) - da0563b2-473a-4d54-878d-0928433366ac: shutdown da0563b2-473a-4d54-878d-0928433366ac@group-7FE45D17EFF9-LeaderElection12
2023-06-29 22:13:36,586 [da0563b2-473a-4d54-878d-0928433366ac@group-7FE45D17EFF9-LeaderElection12] INFO  server.RaftServer$Division (RaftServerImpl.java:setRole(329)) - da0563b2-473a-4d54-878d-0928433366ac@group-7FE45D17EFF9: changes role from CANDIDATE to LEADER at term 1 for changeToLeader
2023-06-29 22:13:36,586 [da0563b2-473a-4d54-878d-0928433366ac@group-7FE45D17EFF9-LeaderElection12] INFO  ratis.XceiverServerRatis (XceiverServerRatis.java:handleLeaderChangedNotification(902)) - Leader change notification received for group: group-7FE45D17EFF9 with new leaderId: da0563b2-473a-4d54-878d-0928433366ac
2023-06-29 22:13:36,586 [da0563b2-473a-4d54-878d-0928433366ac@group-7FE45D17EFF9-LeaderElection12] INFO  server.RaftServer$Division (ServerState.java:setLeader(317)) - da0563b2-473a-4d54-878d-0928433366ac@group-7FE45D17EFF9: change Leader from null to da0563b2-473a-4d54-878d-0928433366ac at term 1 for becomeLeader, leader elected after 5241ms
2023-06-29 22:13:36,586 [da0563b2-473a-4d54-878d-0928433366ac@group-7FE45D17EFF9-LeaderElection12] INFO  server.RaftServerConfigKeys (ConfUtils.java:logGet(46)) - raft.server.staging.catchup.gap = 1000 (default)
2023-06-29 22:13:36,586 [da0563b2-473a-4d54-878d-0928433366ac@group-7FE45D17EFF9-LeaderElection12] INFO  server.RaftServerConfigKeys (ConfUtils.java:logGet(46)) - raft.server.write.element-limit = 1024 (custom)
2023-06-29 22:13:36,586 [da0563b2-473a-4d54-878d-0928433366ac@group-7FE45D17EFF9-LeaderElection12] INFO  server.RaftServerConfigKeys (ConfUtils.java:logGet(46)) - raft.server.write.byte-limit = 1024 M (=1073741824) (custom)
2023-06-29 22:13:36,587 [da0563b2-473a-4d54-878d-0928433366ac@group-7FE45D17EFF9-LeaderElection12] INFO  server.RaftServerConfigKeys (ConfUtils.java:logGet(46)) - raft.server.watch.timeout = 180s (custom)
2023-06-29 22:13:36,587 [da0563b2-473a-4d54-878d-0928433366ac@group-7FE45D17EFF9-LeaderElection12] INFO  server.RaftServerConfigKeys (ConfUtils.java:logGet(46)) - raft.server.watch.timeout.denomination = 1s (default)
2023-06-29 22:13:36,587 [da0563b2-473a-4d54-878d-0928433366ac@group-7FE45D17EFF9-LeaderElection12] INFO  server.RaftServerConfigKeys (ConfUtils.java:logGet(46)) - raft.server.watch.element-limit = 65536 (default)
2023-06-29 22:13:36,587 [da0563b2-473a-4d54-878d-0928433366ac@group-7FE45D17EFF9-LeaderElection12] INFO  server.RaftServerConfigKeys (ConfUtils.java:logGet(46)) - raft.server.write.element-limit = 1024 (custom)
2023-06-29 22:13:36,587 [da0563b2-473a-4d54-878d-0928433366ac@group-7FE45D17EFF9-LeaderElection12] INFO  server.RaftServerConfigKeys (ConfUtils.java:logGet(46)) - raft.server.write.follower.gap.ratio.max = -1.0 (default)
2023-06-29 22:13:36,588 [da0563b2-473a-4d54-878d-0928433366ac@group-7FE45D17EFF9-LeaderElection12] INFO  server.RaftServerConfigKeys (ConfUtils.java:logGet(46)) - raft.server.log.appender.snapshot.chunk.size.max = 16MB (=16777216) (default)
2023-06-29 22:13:36,588 [da0563b2-473a-4d54-878d-0928433366ac@group-7FE45D17EFF9-LeaderElection12] INFO  server.RaftServerConfigKeys (ConfUtils.java:logGet(46)) - raft.server.log.appender.buffer.byte-limit = 33554432 (custom)
2023-06-29 22:13:36,588 [da0563b2-473a-4d54-878d-0928433366ac@group-7FE45D17EFF9-LeaderElection12] INFO  server.RaftServerConfigKeys (ConfUtils.java:logGet(46)) - raft.server.log.appender.buffer.element-limit = 1 (custom)
2023-06-29 22:13:36,588 [da0563b2-473a-4d54-878d-0928433366ac@group-7FE45D17EFF9-LeaderElection12] INFO  server.RaftServerConfigKeys (ConfUtils.java:logGet(46)) - raft.server.log.appender.wait-time.min = 10ms (default)
2023-06-29 22:13:36,588 [da0563b2-473a-4d54-878d-0928433366ac@group-7FE45D17EFF9-LeaderElection12] INFO  grpc.GrpcConfigKeys (ConfUtils.java:logGet(46)) - raft.grpc.server.leader.outstanding.appends.max = 128 (default)
2023-06-29 22:13:36,588 [da0563b2-473a-4d54-878d-0928433366ac@group-7FE45D17EFF9-LeaderElection12] INFO  server.RaftServerConfigKeys (ConfUtils.java:logGet(46)) - raft.server.rpc.request.timeout = 60s (custom)
2023-06-29 22:13:36,589 [da0563b2-473a-4d54-878d-0928433366ac@group-7FE45D17EFF9-LeaderElection12] INFO  grpc.GrpcConfigKeys (ConfUtils.java:logGet(46)) - raft.grpc.server.install_snapshot.request.element-limit = 8 (default)
2023-06-29 22:13:36,589 [da0563b2-473a-4d54-878d-0928433366ac@group-7FE45D17EFF9-LeaderElection12] INFO  grpc.GrpcConfigKeys (ConfUtils.java:logGet(46)) - raft.grpc.server.install_snapshot.request.timeout = 3000ms (default)
2023-06-29 22:13:36,589 [da0563b2-473a-4d54-878d-0928433366ac@group-7FE45D17EFF9-LeaderElection12] INFO  server.RaftServerConfigKeys (ConfUtils.java:logGet(46)) - raft.server.log.appender.install.snapshot.enabled = false (custom)
2023-06-29 22:13:36,589 [da0563b2-473a-4d54-878d-0928433366ac@group-7FE45D17EFF9-LeaderElection12] INFO  grpc.GrpcConfigKeys (ConfUtils.java:logGet(46)) - raft.grpc.server.heartbeat.channel = true (default)
2023-06-29 22:13:36,589 [da0563b2-473a-4d54-878d-0928433366ac@group-7FE45D17EFF9-LeaderElection12] INFO  server.RaftServerConfigKeys (ConfUtils.java:logGet(46)) - raft.server.log.appender.snapshot.chunk.size.max = 16MB (=16777216) (default)
2023-06-29 22:13:36,589 [da0563b2-473a-4d54-878d-0928433366ac@group-7FE45D17EFF9-LeaderElection12] INFO  server.RaftServerConfigKeys (ConfUtils.java:logGet(46)) - raft.server.log.appender.buffer.byte-limit = 33554432 (custom)
2023-06-29 22:13:36,589 [da0563b2-473a-4d54-878d-0928433366ac@group-7FE45D17EFF9-LeaderElection12] INFO  server.RaftServerConfigKeys (ConfUtils.java:logGet(46)) - raft.server.log.appender.buffer.element-limit = 1 (custom)
2023-06-29 22:13:36,589 [da0563b2-473a-4d54-878d-0928433366ac@group-7FE45D17EFF9-LeaderElection12] INFO  server.RaftServerConfigKeys (ConfUtils.java:logGet(46)) - raft.server.log.appender.wait-time.min = 10ms (default)
2023-06-29 22:13:36,589 [da0563b2-473a-4d54-878d-0928433366ac@group-7FE45D17EFF9-LeaderElection12] INFO  grpc.GrpcConfigKeys (ConfUtils.java:logGet(46)) - raft.grpc.server.leader.outstanding.appends.max = 128 (default)
2023-06-29 22:13:36,589 [da0563b2-473a-4d54-878d-0928433366ac@group-7FE45D17EFF9-LeaderElection12] INFO  server.RaftServerConfigKeys (ConfUtils.java:logGet(46)) - raft.server.rpc.request.timeout = 60s (custom)
2023-06-29 22:13:36,589 [da0563b2-473a-4d54-878d-0928433366ac@group-7FE45D17EFF9-LeaderElection12] INFO  grpc.GrpcConfigKeys (ConfUtils.java:logGet(46)) - raft.grpc.server.install_snapshot.request.element-limit = 8 (default)
2023-06-29 22:13:36,589 [da0563b2-473a-4d54-878d-0928433366ac@group-7FE45D17EFF9-LeaderElection12] INFO  grpc.GrpcConfigKeys (ConfUtils.java:logGet(46)) - raft.grpc.server.install_snapshot.request.timeout = 3000ms (default)
2023-06-29 22:13:36,589 [da0563b2-473a-4d54-878d-0928433366ac@group-7FE45D17EFF9-LeaderElection12] INFO  server.RaftServerConfigKeys (ConfUtils.java:logGet(46)) - raft.server.log.appender.install.snapshot.enabled = false (custom)
2023-06-29 22:13:36,589 [da0563b2-473a-4d54-878d-0928433366ac@group-7FE45D17EFF9-LeaderElection12] INFO  grpc.GrpcConfigKeys (ConfUtils.java:logGet(46)) - raft.grpc.server.heartbeat.channel = true (default)
2023-06-29 22:13:36,590 [da0563b2-473a-4d54-878d-0928433366ac@group-7FE45D17EFF9-LeaderElection12] INFO  impl.RoleInfo (RoleInfo.java:updateAndGet(139)) - da0563b2-473a-4d54-878d-0928433366ac: start da0563b2-473a-4d54-878d-0928433366ac@group-7FE45D17EFF9-LeaderStateImpl
2023-06-29 22:13:36,590 [da0563b2-473a-4d54-878d-0928433366ac@group-7FE45D17EFF9-LeaderElection12] INFO  segmented.SegmentedRaftLogWorker (SegmentedRaftLogWorker.java:startLogSegment(447)) - da0563b2-473a-4d54-878d-0928433366ac@group-7FE45D17EFF9-SegmentedRaftLogWorker: Starting segment from index:0
2023-06-29 22:13:36,591 [EventQueue-PipelineReportForPipelineReportHandler] INFO  pipeline.PipelineReportHandler (PipelineReportHandler.java:processPipelineReport(136)) - Opened pipeline PipelineID=c95aa8f6-79fb-4fa0-bf9c-7fe45d17eff9
2023-06-29 22:13:36,591 [EventQueue-OpenPipelineForHealthyPipelineSafeModeRule] INFO  safemode.SCMSafeModeManager (HealthyPipelineSafeModeRule.java:process(137)) - SCM in safe mode. Healthy pipelines reported count is 1, required healthy pipeline reported count is 1
2023-06-29 22:13:36,591 [EventQueue-OpenPipelineForHealthyPipelineSafeModeRule] INFO  safemode.SCMSafeModeManager (SCMSafeModeManager.java:validateSafeModeExitRules(200)) - HealthyPipelineSafeModeRule rule is successfully validated
2023-06-29 22:13:36,591 [EventQueue-OpenPipelineForHealthyPipelineSafeModeRule] INFO  safemode.SCMSafeModeManager (SCMSafeModeManager.java:validateSafeModeExitRules(215)) - ScmSafeModeManager, all rules are successfully validated
2023-06-29 22:13:36,591 [EventQueue-OpenPipelineForHealthyPipelineSafeModeRule] INFO  safemode.SCMSafeModeManager (SCMSafeModeManager.java:exitSafeMode(244)) - SCM exiting safe mode.
2023-06-29 22:13:36,591 [EventQueue-OpenPipelineForHealthyPipelineSafeModeRule] INFO  ha.SCMContext (SCMContext.java:updateSafeModeStatus(228)) - Update SafeModeStatus from SafeModeStatus{safeModeStatus=true, preCheckPassed=true} to SafeModeStatus{safeModeStatus=false, preCheckPassed=true}.
2023-06-29 22:13:36,591 [EventQueue-OpenPipelineForHealthyPipelineSafeModeRule] INFO  pipeline.BackgroundPipelineCreator (BackgroundPipelineCreator.java:notifyStatusChanged(255)) - Service BackgroundPipelineCreator transitions to RUNNING.
2023-06-29 22:13:36,591 [EventQueue-OpenPipelineForHealthyPipelineSafeModeRule] INFO  BackgroundPipelineScrubber (BackgroundSCMService.java:notifyStatusChanged(82)) - Service BackgroundPipelineScrubber transitions to RUNNING.
2023-06-29 22:13:36,591 [EventQueue-OpenPipelineForHealthyPipelineSafeModeRule] INFO  ExpiredContainerReplicaOpScrubber (BackgroundSCMService.java:notifyStatusChanged(82)) - Service ExpiredContainerReplicaOpScrubber transitions to RUNNING.
2023-06-29 22:13:36,591 [EventQueue-OpenPipelineForHealthyPipelineSafeModeRule] INFO  replication.ReplicationManager (ReplicationManager.java:notifyStatusChanged(1366)) - Service ReplicationManager transitions to RUNNING.
2023-06-29 22:13:36,592 [EventQueue-OpenPipelineForHealthyPipelineSafeModeRule] WARN  balancer.ContainerBalancer (ContainerBalancer.java:shouldRun(134)) - Could not find persisted configuration for ContainerBalancer when checking if ContainerBalancer should run. ContainerBalancer should not run now.
2023-06-29 22:13:36,593 [da0563b2-473a-4d54-878d-0928433366ac@group-7FE45D17EFF9-SegmentedRaftLogWorker] INFO  segmented.SegmentedRaftLogWorker (SegmentedRaftLogWorker.java:execute(651)) - da0563b2-473a-4d54-878d-0928433366ac@group-7FE45D17EFF9-SegmentedRaftLogWorker: created new log segment /home/runner/work/ozone/ozone/hadoop-ozone/integration-test/target/test-dir/MiniOzoneClusterImpl-bfa5a98b-f4fa-4e92-9252-0122c5abb8e0/datanode-2/data/ratis/c95aa8f6-79fb-4fa0-bf9c-7fe45d17eff9/current/log_inprogress_0
2023-06-29 22:13:36,597 [da0563b2-473a-4d54-878d-0928433366ac@group-7FE45D17EFF9-LeaderElection12] INFO  server.RaftServer$Division (ServerState.java:setRaftConf(434)) - da0563b2-473a-4d54-878d-0928433366ac@group-7FE45D17EFF9: set configuration 0: peers:[da0563b2-473a-4d54-878d-0928433366ac|rpc:10.1.0.248:15067|admin:10.1.0.248:15066|client:10.1.0.248:15065|dataStream:10.1.0.248:15068|priority:1|startupRole:FOLLOWER, 6201354d-b529-4d76-9c06-546548fd1ab2|rpc:10.1.0.248:15058|admin:10.1.0.248:15057|client:10.1.0.248:15056|dataStream:10.1.0.248:15059|priority:0|startupRole:FOLLOWER, d2d950cc-944e-4199-a77a-102171d6307b|rpc:10.1.0.248:15049|admin:10.1.0.248:15048|client:10.1.0.248:15047|dataStream:10.1.0.248:15050|priority:0|startupRole:FOLLOWER]|listeners:[], old=null
2023-06-29 22:13:36,612 [6201354d-b529-4d76-9c06-546548fd1ab2-server-thread1] INFO  ratis.XceiverServerRatis (XceiverServerRatis.java:handleLeaderChangedNotification(902)) - Leader change notification received for group: group-7FE45D17EFF9 with new leaderId: da0563b2-473a-4d54-878d-0928433366ac
2023-06-29 22:13:36,613 [6201354d-b529-4d76-9c06-546548fd1ab2-server-thread1] INFO  server.RaftServer$Division (ServerState.java:setLeader(317)) - 6201354d-b529-4d76-9c06-546548fd1ab2@group-7FE45D17EFF9: change Leader from null to da0563b2-473a-4d54-878d-0928433366ac at term 1 for appendEntries, leader elected after 5231ms
2023-06-29 22:13:36,625 [d2d950cc-944e-4199-a77a-102171d6307b-server-thread1] INFO  ratis.XceiverServerRatis (XceiverServerRatis.java:handleLeaderChangedNotification(902)) - Leader change notification received for group: group-7FE45D17EFF9 with new leaderId: da0563b2-473a-4d54-878d-0928433366ac
2023-06-29 22:13:36,625 [d2d950cc-944e-4199-a77a-102171d6307b-server-thread1] INFO  server.RaftServer$Division (ServerState.java:setLeader(317)) - d2d950cc-944e-4199-a77a-102171d6307b@group-7FE45D17EFF9: change Leader from null to da0563b2-473a-4d54-878d-0928433366ac at term 1 for appendEntries, leader elected after 5303ms
2023-06-29 22:13:36,629 [6201354d-b529-4d76-9c06-546548fd1ab2-server-thread3] INFO  server.RaftServer$Division (ServerState.java:setRaftConf(434)) - 6201354d-b529-4d76-9c06-546548fd1ab2@group-7FE45D17EFF9: set configuration 0: peers:[da0563b2-473a-4d54-878d-0928433366ac|rpc:10.1.0.248:15067|admin:10.1.0.248:15066|client:10.1.0.248:15065|dataStream:10.1.0.248:15068|priority:1|startupRole:FOLLOWER, 6201354d-b529-4d76-9c06-546548fd1ab2|rpc:10.1.0.248:15058|admin:10.1.0.248:15057|client:10.1.0.248:15056|dataStream:10.1.0.248:15059|priority:0|startupRole:FOLLOWER, d2d950cc-944e-4199-a77a-102171d6307b|rpc:10.1.0.248:15049|admin:10.1.0.248:15048|client:10.1.0.248:15047|dataStream:10.1.0.248:15050|priority:0|startupRole:FOLLOWER]|listeners:[], old=null
2023-06-29 22:13:36,629 [6201354d-b529-4d76-9c06-546548fd1ab2-server-thread3] INFO  segmented.SegmentedRaftLogWorker (SegmentedRaftLogWorker.java:startLogSegment(447)) - 6201354d-b529-4d76-9c06-546548fd1ab2@group-7FE45D17EFF9-SegmentedRaftLogWorker: Starting segment from index:0
2023-06-29 22:13:36,631 [6201354d-b529-4d76-9c06-546548fd1ab2@group-7FE45D17EFF9-SegmentedRaftLogWorker] INFO  segmented.SegmentedRaftLogWorker (SegmentedRaftLogWorker.java:execute(651)) - 6201354d-b529-4d76-9c06-546548fd1ab2@group-7FE45D17EFF9-SegmentedRaftLogWorker: created new log segment /home/runner/work/ozone/ozone/hadoop-ozone/integration-test/target/test-dir/MiniOzoneClusterImpl-bfa5a98b-f4fa-4e92-9252-0122c5abb8e0/datanode-1/data/ratis/c95aa8f6-79fb-4fa0-bf9c-7fe45d17eff9/current/log_inprogress_0
2023-06-29 22:13:36,634 [d2d950cc-944e-4199-a77a-102171d6307b-server-thread2] INFO  server.RaftServer$Division (ServerState.java:setRaftConf(434)) - d2d950cc-944e-4199-a77a-102171d6307b@group-7FE45D17EFF9: set configuration 0: peers:[da0563b2-473a-4d54-878d-0928433366ac|rpc:10.1.0.248:15067|admin:10.1.0.248:15066|client:10.1.0.248:15065|dataStream:10.1.0.248:15068|priority:1|startupRole:FOLLOWER, 6201354d-b529-4d76-9c06-546548fd1ab2|rpc:10.1.0.248:15058|admin:10.1.0.248:15057|client:10.1.0.248:15056|dataStream:10.1.0.248:15059|priority:0|startupRole:FOLLOWER, d2d950cc-944e-4199-a77a-102171d6307b|rpc:10.1.0.248:15049|admin:10.1.0.248:15048|client:10.1.0.248:15047|dataStream:10.1.0.248:15050|priority:0|startupRole:FOLLOWER]|listeners:[], old=null
2023-06-29 22:13:36,634 [d2d950cc-944e-4199-a77a-102171d6307b-server-thread2] INFO  segmented.SegmentedRaftLogWorker (SegmentedRaftLogWorker.java:startLogSegment(447)) - d2d950cc-944e-4199-a77a-102171d6307b@group-7FE45D17EFF9-SegmentedRaftLogWorker: Starting segment from index:0
2023-06-29 22:13:36,635 [d2d950cc-944e-4199-a77a-102171d6307b@group-7FE45D17EFF9-SegmentedRaftLogWorker] INFO  segmented.SegmentedRaftLogWorker (SegmentedRaftLogWorker.java:execute(651)) - d2d950cc-944e-4199-a77a-102171d6307b@group-7FE45D17EFF9-SegmentedRaftLogWorker: created new log segment /home/runner/work/ozone/ozone/hadoop-ozone/integration-test/target/test-dir/MiniOzoneClusterImpl-bfa5a98b-f4fa-4e92-9252-0122c5abb8e0/datanode-0/data/ratis/c95aa8f6-79fb-4fa0-bf9c-7fe45d17eff9/current/log_inprogress_0
2023-06-29 22:13:36,826 [da0563b2-473a-4d54-878d-0928433366ac@group-E24561C9A68A-FollowerState] INFO  impl.FollowerState (FollowerState.java:run(143)) - da0563b2-473a-4d54-878d-0928433366ac@group-E24561C9A68A-FollowerState: change to CANDIDATE, lastRpcElapsedTime:5034999801ns, electionTimeout:5034ms
2023-06-29 22:13:36,826 [da0563b2-473a-4d54-878d-0928433366ac@group-E24561C9A68A-FollowerState] INFO  impl.RoleInfo (RoleInfo.java:shutdownFollowerState(110)) - da0563b2-473a-4d54-878d-0928433366ac: shutdown da0563b2-473a-4d54-878d-0928433366ac@group-E24561C9A68A-FollowerState
2023-06-29 22:13:36,826 [da0563b2-473a-4d54-878d-0928433366ac@group-E24561C9A68A-FollowerState] INFO  server.RaftServer$Division (RaftServerImpl.java:setRole(329)) - da0563b2-473a-4d54-878d-0928433366ac@group-E24561C9A68A: changes role from  FOLLOWER to CANDIDATE at term 0 for changeToCandidate
2023-06-29 22:13:36,827 [da0563b2-473a-4d54-878d-0928433366ac@group-E24561C9A68A-FollowerState] INFO  server.RaftServerConfigKeys (ConfUtils.java:logGet(46)) - raft.server.leaderelection.pre-vote = true (default)
2023-06-29 22:13:36,827 [da0563b2-473a-4d54-878d-0928433366ac@group-E24561C9A68A-FollowerState] INFO  impl.RoleInfo (RoleInfo.java:updateAndGet(139)) - da0563b2-473a-4d54-878d-0928433366ac: start da0563b2-473a-4d54-878d-0928433366ac@group-E24561C9A68A-LeaderElection13
2023-06-29 22:13:36,828 [da0563b2-473a-4d54-878d-0928433366ac@group-E24561C9A68A-LeaderElection13] INFO  impl.LeaderElection (LeaderElection.java:askForVotes(321)) - da0563b2-473a-4d54-878d-0928433366ac@group-E24561C9A68A-LeaderElection13 PRE_VOTE round 0: submit vote requests at term 0 for -1: peers:[da0563b2-473a-4d54-878d-0928433366ac|rpc:10.1.0.248:15067|admin:10.1.0.248:15066|client:10.1.0.248:15065|dataStream:10.1.0.248:15068|priority:0|startupRole:FOLLOWER, 6201354d-b529-4d76-9c06-546548fd1ab2|rpc:10.1.0.248:15058|admin:10.1.0.248:15057|client:10.1.0.248:15056|dataStream:10.1.0.248:15059|priority:0|startupRole:FOLLOWER, d2d950cc-944e-4199-a77a-102171d6307b|rpc:10.1.0.248:15049|admin:10.1.0.248:15048|client:10.1.0.248:15047|dataStream:10.1.0.248:15050|priority:1|startupRole:FOLLOWER]|listeners:[], old=null
2023-06-29 22:13:36,828 [da0563b2-473a-4d54-878d-0928433366ac@group-E24561C9A68A-LeaderElection13] INFO  server.RaftServerConfigKeys (ConfUtils.java:logFallback(53)) - raft.server.rpc.first-election.timeout.min = 5s (fallback to raft.server.rpc.timeout.min)
2023-06-29 22:13:36,829 [da0563b2-473a-4d54-878d-0928433366ac@group-E24561C9A68A-LeaderElection13] INFO  server.RaftServerConfigKeys (ConfUtils.java:logFallback(53)) - raft.server.rpc.first-election.timeout.max = 5200ms (fallback to raft.server.rpc.timeout.max)
2023-06-29 22:13:36,831 [grpc-default-executor-5] INFO  server.RaftServer$Division (RaftServerImpl.java:requestVote(1302)) - 6201354d-b529-4d76-9c06-546548fd1ab2@group-E24561C9A68A: receive requestVote(PRE_VOTE, da0563b2-473a-4d54-878d-0928433366ac, group-E24561C9A68A, 0, (t:0, i:0))
2023-06-29 22:13:36,831 [grpc-default-executor-5] INFO  impl.VoteContext (VoteContext.java:log(49)) - 6201354d-b529-4d76-9c06-546548fd1ab2@group-E24561C9A68A-FOLLOWER: accept PRE_VOTE from da0563b2-473a-4d54-878d-0928433366ac: our priority 0 <= candidate's priority 0
2023-06-29 22:13:36,831 [grpc-default-executor-5] INFO  server.RaftServer$Division (RaftServerImpl.java:requestVote(1335)) - 6201354d-b529-4d76-9c06-546548fd1ab2@group-E24561C9A68A replies to PRE_VOTE vote request: da0563b2-473a-4d54-878d-0928433366ac<-6201354d-b529-4d76-9c06-546548fd1ab2#0:OK-t0. Peer's state: 6201354d-b529-4d76-9c06-546548fd1ab2@group-E24561C9A68A:t0, leader=null, voted=, raftlog=Memoized:6201354d-b529-4d76-9c06-546548fd1ab2@group-E24561C9A68A-SegmentedRaftLog:OPENED:c-1, conf=-1: peers:[da0563b2-473a-4d54-878d-0928433366ac|rpc:10.1.0.248:15067|admin:10.1.0.248:15066|client:10.1.0.248:15065|dataStream:10.1.0.248:15068|priority:0|startupRole:FOLLOWER, 6201354d-b529-4d76-9c06-546548fd1ab2|rpc:10.1.0.248:15058|admin:10.1.0.248:15057|client:10.1.0.248:15056|dataStream:10.1.0.248:15059|priority:0|startupRole:FOLLOWER, d2d950cc-944e-4199-a77a-102171d6307b|rpc:10.1.0.248:15049|admin:10.1.0.248:15048|client:10.1.0.248:15047|dataStream:10.1.0.248:15050|priority:1|startupRole:FOLLOWER]|listeners:[], old=null
2023-06-29 22:13:36,831 [grpc-default-executor-3] INFO  server.RaftServer$Division (RaftServerImpl.java:requestVote(1302)) - d2d950cc-944e-4199-a77a-102171d6307b@group-E24561C9A68A: receive requestVote(PRE_VOTE, da0563b2-473a-4d54-878d-0928433366ac, group-E24561C9A68A, 0, (t:0, i:0))
2023-06-29 22:13:36,832 [grpc-default-executor-3] INFO  impl.VoteContext (VoteContext.java:log(49)) - d2d950cc-944e-4199-a77a-102171d6307b@group-E24561C9A68A-FOLLOWER: reject PRE_VOTE from da0563b2-473a-4d54-878d-0928433366ac: our priority 1 > candidate's priority 0
2023-06-29 22:13:36,832 [grpc-default-executor-3] INFO  server.RaftServer$Division (RaftServerImpl.java:requestVote(1335)) - d2d950cc-944e-4199-a77a-102171d6307b@group-E24561C9A68A replies to PRE_VOTE vote request: da0563b2-473a-4d54-878d-0928433366ac<-d2d950cc-944e-4199-a77a-102171d6307b#0:FAIL-t0. Peer's state: d2d950cc-944e-4199-a77a-102171d6307b@group-E24561C9A68A:t0, leader=null, voted=, raftlog=Memoized:d2d950cc-944e-4199-a77a-102171d6307b@group-E24561C9A68A-SegmentedRaftLog:OPENED:c-1, conf=-1: peers:[da0563b2-473a-4d54-878d-0928433366ac|rpc:10.1.0.248:15067|admin:10.1.0.248:15066|client:10.1.0.248:15065|dataStream:10.1.0.248:15068|priority:0|startupRole:FOLLOWER, 6201354d-b529-4d76-9c06-546548fd1ab2|rpc:10.1.0.248:15058|admin:10.1.0.248:15057|client:10.1.0.248:15056|dataStream:10.1.0.248:15059|priority:0|startupRole:FOLLOWER, d2d950cc-944e-4199-a77a-102171d6307b|rpc:10.1.0.248:15049|admin:10.1.0.248:15048|client:10.1.0.248:15047|dataStream:10.1.0.248:15050|priority:1|startupRole:FOLLOWER]|listeners:[], old=null
2023-06-29 22:13:36,842 [da0563b2-473a-4d54-878d-0928433366ac@group-E24561C9A68A-LeaderElection13] INFO  impl.LeaderElection (LeaderElection.java:logAndReturn(90)) - da0563b2-473a-4d54-878d-0928433366ac@group-E24561C9A68A-LeaderElection13: PRE_VOTE REJECTED received 2 response(s) and 0 exception(s):
2023-06-29 22:13:36,842 [da0563b2-473a-4d54-878d-0928433366ac@group-E24561C9A68A-LeaderElection13] INFO  impl.LeaderElection (LeaderElection.java:logAndReturn(94)) -   Response 0: da0563b2-473a-4d54-878d-0928433366ac<-6201354d-b529-4d76-9c06-546548fd1ab2#0:OK-t0
2023-06-29 22:13:36,842 [da0563b2-473a-4d54-878d-0928433366ac@group-E24561C9A68A-LeaderElection13] INFO  impl.LeaderElection (LeaderElection.java:logAndReturn(94)) -   Response 1: da0563b2-473a-4d54-878d-0928433366ac<-d2d950cc-944e-4199-a77a-102171d6307b#0:FAIL-t0
2023-06-29 22:13:36,842 [da0563b2-473a-4d54-878d-0928433366ac@group-E24561C9A68A-LeaderElection13] INFO  impl.LeaderElection (LeaderElection.java:askForVotes(323)) - da0563b2-473a-4d54-878d-0928433366ac@group-E24561C9A68A-LeaderElection13 PRE_VOTE round 0: result REJECTED
2023-06-29 22:13:36,842 [da0563b2-473a-4d54-878d-0928433366ac@group-E24561C9A68A-LeaderElection13] INFO  server.RaftServer$Division (RaftServerImpl.java:setRole(329)) - da0563b2-473a-4d54-878d-0928433366ac@group-E24561C9A68A: changes role from CANDIDATE to FOLLOWER at term 0 for REJECTED
2023-06-29 22:13:36,846 [da0563b2-473a-4d54-878d-0928433366ac@group-E24561C9A68A-LeaderElection13] INFO  impl.RoleInfo (RoleInfo.java:shutdownLeaderElection(130)) - da0563b2-473a-4d54-878d-0928433366ac: shutdown da0563b2-473a-4d54-878d-0928433366ac@group-E24561C9A68A-LeaderElection13
2023-06-29 22:13:36,846 [da0563b2-473a-4d54-878d-0928433366ac@group-E24561C9A68A-LeaderElection13] INFO  impl.RoleInfo (RoleInfo.java:updateAndGet(139)) - da0563b2-473a-4d54-878d-0928433366ac: start da0563b2-473a-4d54-878d-0928433366ac@group-E24561C9A68A-FollowerState
2023-06-29 22:13:36,901 [main] INFO  ozone.MiniOzoneClusterImpl (MiniOzoneClusterImpl.java:lambda$waitForClusterToBeReady$0(224)) - Nodes are ready. Got 3 of 3 DN Heartbeats.
2023-06-29 22:13:36,902 [main] INFO  ozone.MiniOzoneClusterImpl (MiniOzoneClusterImpl.java:lambda$waitForClusterToBeReady$0(227)) - Cluster exits safe mode
2023-06-29 22:13:36,902 [main] INFO  ozone.MiniOzoneClusterImpl (MiniOzoneClusterImpl.java:lambda$waitForClusterToBeReady$0(229)) - SCM became leader
2023-06-29 22:13:36,926 [d2d950cc-944e-4199-a77a-102171d6307b@group-E24561C9A68A-FollowerState] INFO  impl.FollowerState (FollowerState.java:run(143)) - d2d950cc-944e-4199-a77a-102171d6307b@group-E24561C9A68A-FollowerState: change to CANDIDATE, lastRpcElapsedTime:5186263576ns, electionTimeout:5155ms
2023-06-29 22:13:36,926 [d2d950cc-944e-4199-a77a-102171d6307b@group-E24561C9A68A-FollowerState] INFO  impl.RoleInfo (RoleInfo.java:shutdownFollowerState(110)) - d2d950cc-944e-4199-a77a-102171d6307b: shutdown d2d950cc-944e-4199-a77a-102171d6307b@group-E24561C9A68A-FollowerState
2023-06-29 22:13:36,927 [d2d950cc-944e-4199-a77a-102171d6307b@group-E24561C9A68A-FollowerState] INFO  server.RaftServer$Division (RaftServerImpl.java:setRole(329)) - d2d950cc-944e-4199-a77a-102171d6307b@group-E24561C9A68A: changes role from  FOLLOWER to CANDIDATE at term 0 for changeToCandidate
2023-06-29 22:13:36,927 [d2d950cc-944e-4199-a77a-102171d6307b@group-E24561C9A68A-FollowerState] INFO  server.RaftServerConfigKeys (ConfUtils.java:logGet(46)) - raft.server.leaderelection.pre-vote = true (default)
2023-06-29 22:13:36,927 [d2d950cc-944e-4199-a77a-102171d6307b@group-E24561C9A68A-FollowerState] INFO  impl.RoleInfo (RoleInfo.java:updateAndGet(139)) - d2d950cc-944e-4199-a77a-102171d6307b: start d2d950cc-944e-4199-a77a-102171d6307b@group-E24561C9A68A-LeaderElection14
2023-06-29 22:13:36,931 [d2d950cc-944e-4199-a77a-102171d6307b@group-E24561C9A68A-LeaderElection14] INFO  impl.LeaderElection (LeaderElection.java:askForVotes(321)) - d2d950cc-944e-4199-a77a-102171d6307b@group-E24561C9A68A-LeaderElection14 PRE_VOTE round 0: submit vote requests at term 0 for -1: peers:[da0563b2-473a-4d54-878d-0928433366ac|rpc:10.1.0.248:15067|admin:10.1.0.248:15066|client:10.1.0.248:15065|dataStream:10.1.0.248:15068|priority:0|startupRole:FOLLOWER, 6201354d-b529-4d76-9c06-546548fd1ab2|rpc:10.1.0.248:15058|admin:10.1.0.248:15057|client:10.1.0.248:15056|dataStream:10.1.0.248:15059|priority:0|startupRole:FOLLOWER, d2d950cc-944e-4199-a77a-102171d6307b|rpc:10.1.0.248:15049|admin:10.1.0.248:15048|client:10.1.0.248:15047|dataStream:10.1.0.248:15050|priority:1|startupRole:FOLLOWER]|listeners:[], old=null
2023-06-29 22:13:36,933 [d2d950cc-944e-4199-a77a-102171d6307b@group-E24561C9A68A-LeaderElection14] INFO  server.RaftServerConfigKeys (ConfUtils.java:logFallback(53)) - raft.server.rpc.first-election.timeout.min = 5s (fallback to raft.server.rpc.timeout.min)
2023-06-29 22:13:36,933 [d2d950cc-944e-4199-a77a-102171d6307b@group-E24561C9A68A-LeaderElection14] INFO  server.RaftServerConfigKeys (ConfUtils.java:logFallback(53)) - raft.server.rpc.first-election.timeout.max = 5200ms (fallback to raft.server.rpc.timeout.max)
2023-06-29 22:13:36,934 [grpc-default-executor-5] INFO  server.RaftServer$Division (RaftServerImpl.java:requestVote(1302)) - da0563b2-473a-4d54-878d-0928433366ac@group-E24561C9A68A: receive requestVote(PRE_VOTE, d2d950cc-944e-4199-a77a-102171d6307b, group-E24561C9A68A, 0, (t:0, i:0))
2023-06-29 22:13:36,934 [grpc-default-executor-5] INFO  impl.VoteContext (VoteContext.java:log(49)) - da0563b2-473a-4d54-878d-0928433366ac@group-E24561C9A68A-FOLLOWER: accept PRE_VOTE from d2d950cc-944e-4199-a77a-102171d6307b: our priority 0 <= candidate's priority 1
2023-06-29 22:13:36,934 [grpc-default-executor-5] INFO  server.RaftServer$Division (RaftServerImpl.java:requestVote(1335)) - da0563b2-473a-4d54-878d-0928433366ac@group-E24561C9A68A replies to PRE_VOTE vote request: d2d950cc-944e-4199-a77a-102171d6307b<-da0563b2-473a-4d54-878d-0928433366ac#0:OK-t0. Peer's state: da0563b2-473a-4d54-878d-0928433366ac@group-E24561C9A68A:t0, leader=null, voted=, raftlog=Memoized:da0563b2-473a-4d54-878d-0928433366ac@group-E24561C9A68A-SegmentedRaftLog:OPENED:c-1, conf=-1: peers:[da0563b2-473a-4d54-878d-0928433366ac|rpc:10.1.0.248:15067|admin:10.1.0.248:15066|client:10.1.0.248:15065|dataStream:10.1.0.248:15068|priority:0|startupRole:FOLLOWER, 6201354d-b529-4d76-9c06-546548fd1ab2|rpc:10.1.0.248:15058|admin:10.1.0.248:15057|client:10.1.0.248:15056|dataStream:10.1.0.248:15059|priority:0|startupRole:FOLLOWER, d2d950cc-944e-4199-a77a-102171d6307b|rpc:10.1.0.248:15049|admin:10.1.0.248:15048|client:10.1.0.248:15047|dataStream:10.1.0.248:15050|priority:1|startupRole:FOLLOWER]|listeners:[], old=null
2023-06-29 22:13:36,935 [d2d950cc-944e-4199-a77a-102171d6307b@group-E24561C9A68A-LeaderElection14] INFO  impl.LeaderElection (LeaderElection.java:logAndReturn(90)) - d2d950cc-944e-4199-a77a-102171d6307b@group-E24561C9A68A-LeaderElection14: PRE_VOTE PASSED received 1 response(s) and 0 exception(s):
2023-06-29 22:13:36,935 [d2d950cc-944e-4199-a77a-102171d6307b@group-E24561C9A68A-LeaderElection14] INFO  impl.LeaderElection (LeaderElection.java:logAndReturn(94)) -   Response 0: d2d950cc-944e-4199-a77a-102171d6307b<-da0563b2-473a-4d54-878d-0928433366ac#0:OK-t0
2023-06-29 22:13:36,935 [d2d950cc-944e-4199-a77a-102171d6307b@group-E24561C9A68A-LeaderElection14] INFO  impl.LeaderElection (LeaderElection.java:askForVotes(323)) - d2d950cc-944e-4199-a77a-102171d6307b@group-E24561C9A68A-LeaderElection14 PRE_VOTE round 0: result PASSED
2023-06-29 22:13:36,945 [d2d950cc-944e-4199-a77a-102171d6307b@group-E24561C9A68A-LeaderElection14] INFO  impl.LeaderElection (LeaderElection.java:askForVotes(321)) - d2d950cc-944e-4199-a77a-102171d6307b@group-E24561C9A68A-LeaderElection14 ELECTION round 0: submit vote requests at term 1 for -1: peers:[da0563b2-473a-4d54-878d-0928433366ac|rpc:10.1.0.248:15067|admin:10.1.0.248:15066|client:10.1.0.248:15065|dataStream:10.1.0.248:15068|priority:0|startupRole:FOLLOWER, 6201354d-b529-4d76-9c06-546548fd1ab2|rpc:10.1.0.248:15058|admin:10.1.0.248:15057|client:10.1.0.248:15056|dataStream:10.1.0.248:15059|priority:0|startupRole:FOLLOWER, d2d950cc-944e-4199-a77a-102171d6307b|rpc:10.1.0.248:15049|admin:10.1.0.248:15048|client:10.1.0.248:15047|dataStream:10.1.0.248:15050|priority:1|startupRole:FOLLOWER]|listeners:[], old=null
2023-06-29 22:13:36,948 [main] INFO  rpc.RpcClient (RpcClient.java:createVolume(460)) - Creating Volume: vol1, with user43171 as owner and space quota set to -1 bytes, counts quota set to -1
2023-06-29 22:13:36,949 [d2d950cc-944e-4199-a77a-102171d6307b@group-E24561C9A68A-LeaderElection14] INFO  server.RaftServerConfigKeys (ConfUtils.java:logFallback(53)) - raft.server.rpc.first-election.timeout.min = 5s (fallback to raft.server.rpc.timeout.min)
2023-06-29 22:13:36,949 [d2d950cc-944e-4199-a77a-102171d6307b@group-E24561C9A68A-LeaderElection14] INFO  server.RaftServerConfigKeys (ConfUtils.java:logFallback(53)) - raft.server.rpc.first-election.timeout.max = 5200ms (fallback to raft.server.rpc.timeout.max)
2023-06-29 22:13:36,949 [grpc-default-executor-5] INFO  server.RaftServer$Division (RaftServerImpl.java:requestVote(1302)) - 6201354d-b529-4d76-9c06-546548fd1ab2@group-E24561C9A68A: receive requestVote(PRE_VOTE, d2d950cc-944e-4199-a77a-102171d6307b, group-E24561C9A68A, 0, (t:0, i:0))
2023-06-29 22:13:36,950 [grpc-default-executor-5] INFO  impl.VoteContext (VoteContext.java:log(49)) - 6201354d-b529-4d76-9c06-546548fd1ab2@group-E24561C9A68A-FOLLOWER: accept PRE_VOTE from d2d950cc-944e-4199-a77a-102171d6307b: our priority 0 <= candidate's priority 1
2023-06-29 22:13:36,950 [grpc-default-executor-5] INFO  server.RaftServer$Division (RaftServerImpl.java:requestVote(1335)) - 6201354d-b529-4d76-9c06-546548fd1ab2@group-E24561C9A68A replies to PRE_VOTE vote request: d2d950cc-944e-4199-a77a-102171d6307b<-6201354d-b529-4d76-9c06-546548fd1ab2#0:OK-t0. Peer's state: 6201354d-b529-4d76-9c06-546548fd1ab2@group-E24561C9A68A:t0, leader=null, voted=, raftlog=Memoized:6201354d-b529-4d76-9c06-546548fd1ab2@group-E24561C9A68A-SegmentedRaftLog:OPENED:c-1, conf=-1: peers:[da0563b2-473a-4d54-878d-0928433366ac|rpc:10.1.0.248:15067|admin:10.1.0.248:15066|client:10.1.0.248:15065|dataStream:10.1.0.248:15068|priority:0|startupRole:FOLLOWER, 6201354d-b529-4d76-9c06-546548fd1ab2|rpc:10.1.0.248:15058|admin:10.1.0.248:15057|client:10.1.0.248:15056|dataStream:10.1.0.248:15059|priority:0|startupRole:FOLLOWER, d2d950cc-944e-4199-a77a-102171d6307b|rpc:10.1.0.248:15049|admin:10.1.0.248:15048|client:10.1.0.248:15047|dataStream:10.1.0.248:15050|priority:1|startupRole:FOLLOWER]|listeners:[], old=null
2023-06-29 22:13:36,950 [grpc-default-executor-3] INFO  server.RaftServer$Division (RaftServerImpl.java:requestVote(1302)) - da0563b2-473a-4d54-878d-0928433366ac@group-E24561C9A68A: receive requestVote(ELECTION, d2d950cc-944e-4199-a77a-102171d6307b, group-E24561C9A68A, 1, (t:0, i:0))
2023-06-29 22:13:36,950 [grpc-default-executor-3] INFO  impl.VoteContext (VoteContext.java:log(49)) - da0563b2-473a-4d54-878d-0928433366ac@group-E24561C9A68A-FOLLOWER: accept ELECTION from d2d950cc-944e-4199-a77a-102171d6307b: our priority 0 <= candidate's priority 1
2023-06-29 22:13:36,950 [grpc-default-executor-3] INFO  server.RaftServer$Division (RaftServerImpl.java:setRole(329)) - da0563b2-473a-4d54-878d-0928433366ac@group-E24561C9A68A: changes role from  FOLLOWER to FOLLOWER at term 1 for candidate:d2d950cc-944e-4199-a77a-102171d6307b
2023-06-29 22:13:36,950 [grpc-default-executor-3] INFO  impl.RoleInfo (RoleInfo.java:shutdownFollowerState(110)) - da0563b2-473a-4d54-878d-0928433366ac: shutdown da0563b2-473a-4d54-878d-0928433366ac@group-E24561C9A68A-FollowerState
2023-06-29 22:13:36,950 [grpc-default-executor-3] INFO  impl.RoleInfo (RoleInfo.java:updateAndGet(139)) - da0563b2-473a-4d54-878d-0928433366ac: start da0563b2-473a-4d54-878d-0928433366ac@group-E24561C9A68A-FollowerState
2023-06-29 22:13:36,950 [da0563b2-473a-4d54-878d-0928433366ac@group-E24561C9A68A-FollowerState] INFO  impl.FollowerState (FollowerState.java:run(152)) - da0563b2-473a-4d54-878d-0928433366ac@group-E24561C9A68A-FollowerState was interrupted
2023-06-29 22:13:36,951 [grpc-default-executor-3] INFO  server.RaftServer$Division (RaftServerImpl.java:requestVote(1335)) - da0563b2-473a-4d54-878d-0928433366ac@group-E24561C9A68A replies to ELECTION vote request: d2d950cc-944e-4199-a77a-102171d6307b<-da0563b2-473a-4d54-878d-0928433366ac#0:OK-t1. Peer's state: da0563b2-473a-4d54-878d-0928433366ac@group-E24561C9A68A:t1, leader=null, voted=d2d950cc-944e-4199-a77a-102171d6307b, raftlog=Memoized:da0563b2-473a-4d54-878d-0928433366ac@group-E24561C9A68A-SegmentedRaftLog:OPENED:c-1, conf=-1: peers:[da0563b2-473a-4d54-878d-0928433366ac|rpc:10.1.0.248:15067|admin:10.1.0.248:15066|client:10.1.0.248:15065|dataStream:10.1.0.248:15068|priority:0|startupRole:FOLLOWER, 6201354d-b529-4d76-9c06-546548fd1ab2|rpc:10.1.0.248:15058|admin:10.1.0.248:15057|client:10.1.0.248:15056|dataStream:10.1.0.248:15059|priority:0|startupRole:FOLLOWER, d2d950cc-944e-4199-a77a-102171d6307b|rpc:10.1.0.248:15049|admin:10.1.0.248:15048|client:10.1.0.248:15047|dataStream:10.1.0.248:15050|priority:1|startupRole:FOLLOWER]|listeners:[], old=null
2023-06-29 22:13:36,953 [grpc-default-executor-1] INFO  server.RaftServer$Division (RaftServerImpl.java:requestVote(1302)) - 6201354d-b529-4d76-9c06-546548fd1ab2@group-E24561C9A68A: receive requestVote(ELECTION, d2d950cc-944e-4199-a77a-102171d6307b, group-E24561C9A68A, 1, (t:0, i:0))
2023-06-29 22:13:36,957 [grpc-default-executor-1] INFO  impl.VoteContext (VoteContext.java:log(49)) - 6201354d-b529-4d76-9c06-546548fd1ab2@group-E24561C9A68A-FOLLOWER: accept ELECTION from d2d950cc-944e-4199-a77a-102171d6307b: our priority 0 <= candidate's priority 1
2023-06-29 22:13:36,957 [grpc-default-executor-1] INFO  server.RaftServer$Division (RaftServerImpl.java:setRole(329)) - 6201354d-b529-4d76-9c06-546548fd1ab2@group-E24561C9A68A: changes role from  FOLLOWER to FOLLOWER at term 1 for candidate:d2d950cc-944e-4199-a77a-102171d6307b
2023-06-29 22:13:36,957 [grpc-default-executor-1] INFO  impl.RoleInfo (RoleInfo.java:shutdownFollowerState(110)) - 6201354d-b529-4d76-9c06-546548fd1ab2: shutdown 6201354d-b529-4d76-9c06-546548fd1ab2@group-E24561C9A68A-FollowerState
2023-06-29 22:13:36,957 [6201354d-b529-4d76-9c06-546548fd1ab2@group-E24561C9A68A-FollowerState] INFO  impl.FollowerState (FollowerState.java:run(152)) - 6201354d-b529-4d76-9c06-546548fd1ab2@group-E24561C9A68A-FollowerState was interrupted
2023-06-29 22:13:36,958 [grpc-default-executor-1] INFO  impl.RoleInfo (RoleInfo.java:updateAndGet(139)) - 6201354d-b529-4d76-9c06-546548fd1ab2: start 6201354d-b529-4d76-9c06-546548fd1ab2@group-E24561C9A68A-FollowerState
2023-06-29 22:13:36,958 [d2d950cc-944e-4199-a77a-102171d6307b@group-E24561C9A68A-LeaderElection14] INFO  impl.LeaderElection (LeaderElection.java:logAndReturn(90)) - d2d950cc-944e-4199-a77a-102171d6307b@group-E24561C9A68A-LeaderElection14: ELECTION PASSED received 1 response(s) and 0 exception(s):
2023-06-29 22:13:36,958 [d2d950cc-944e-4199-a77a-102171d6307b@group-E24561C9A68A-LeaderElection14] INFO  impl.LeaderElection (LeaderElection.java:logAndReturn(94)) -   Response 0: d2d950cc-944e-4199-a77a-102171d6307b<-da0563b2-473a-4d54-878d-0928433366ac#0:OK-t1
2023-06-29 22:13:36,958 [d2d950cc-944e-4199-a77a-102171d6307b@group-E24561C9A68A-LeaderElection14] INFO  impl.LeaderElection (LeaderElection.java:askForVotes(323)) - d2d950cc-944e-4199-a77a-102171d6307b@group-E24561C9A68A-LeaderElection14 ELECTION round 0: result PASSED
2023-06-29 22:13:36,958 [d2d950cc-944e-4199-a77a-102171d6307b@group-E24561C9A68A-LeaderElection14] INFO  impl.RoleInfo (RoleInfo.java:shutdownLeaderElection(130)) - d2d950cc-944e-4199-a77a-102171d6307b: shutdown d2d950cc-944e-4199-a77a-102171d6307b@group-E24561C9A68A-LeaderElection14
2023-06-29 22:13:36,958 [d2d950cc-944e-4199-a77a-102171d6307b@group-E24561C9A68A-LeaderElection14] INFO  server.RaftServer$Division (RaftServerImpl.java:setRole(329)) - d2d950cc-944e-4199-a77a-102171d6307b@group-E24561C9A68A: changes role from CANDIDATE to LEADER at term 1 for changeToLeader
2023-06-29 22:13:36,958 [d2d950cc-944e-4199-a77a-102171d6307b@group-E24561C9A68A-LeaderElection14] INFO  ratis.XceiverServerRatis (XceiverServerRatis.java:handleLeaderChangedNotification(902)) - Leader change notification received for group: group-E24561C9A68A with new leaderId: d2d950cc-944e-4199-a77a-102171d6307b
2023-06-29 22:13:36,959 [d2d950cc-944e-4199-a77a-102171d6307b@group-E24561C9A68A-LeaderElection14] INFO  server.RaftServer$Division (ServerState.java:setLeader(317)) - d2d950cc-944e-4199-a77a-102171d6307b@group-E24561C9A68A: change Leader from null to d2d950cc-944e-4199-a77a-102171d6307b at term 1 for becomeLeader, leader elected after 5544ms
2023-06-29 22:13:36,959 [d2d950cc-944e-4199-a77a-102171d6307b@group-E24561C9A68A-LeaderElection14] INFO  server.RaftServerConfigKeys (ConfUtils.java:logGet(46)) - raft.server.staging.catchup.gap = 1000 (default)
2023-06-29 22:13:36,959 [d2d950cc-944e-4199-a77a-102171d6307b@group-E24561C9A68A-LeaderElection14] INFO  server.RaftServerConfigKeys (ConfUtils.java:logGet(46)) - raft.server.write.element-limit = 1024 (custom)
2023-06-29 22:13:36,959 [d2d950cc-944e-4199-a77a-102171d6307b@group-E24561C9A68A-LeaderElection14] INFO  server.RaftServerConfigKeys (ConfUtils.java:logGet(46)) - raft.server.write.byte-limit = 1024 M (=1073741824) (custom)
2023-06-29 22:13:36,959 [d2d950cc-944e-4199-a77a-102171d6307b@group-E24561C9A68A-LeaderElection14] INFO  server.RaftServerConfigKeys (ConfUtils.java:logGet(46)) - raft.server.watch.timeout = 180s (custom)
2023-06-29 22:13:36,959 [d2d950cc-944e-4199-a77a-102171d6307b@group-E24561C9A68A-LeaderElection14] INFO  server.RaftServerConfigKeys (ConfUtils.java:logGet(46)) - raft.server.watch.timeout.denomination = 1s (default)
2023-06-29 22:13:36,959 [d2d950cc-944e-4199-a77a-102171d6307b@group-E24561C9A68A-LeaderElection14] INFO  server.RaftServerConfigKeys (ConfUtils.java:logGet(46)) - raft.server.watch.element-limit = 65536 (default)
2023-06-29 22:13:36,959 [d2d950cc-944e-4199-a77a-102171d6307b@group-E24561C9A68A-LeaderElection14] INFO  server.RaftServerConfigKeys (ConfUtils.java:logGet(46)) - raft.server.write.element-limit = 1024 (custom)
2023-06-29 22:13:36,959 [d2d950cc-944e-4199-a77a-102171d6307b@group-E24561C9A68A-LeaderElection14] INFO  server.RaftServerConfigKeys (ConfUtils.java:logGet(46)) - raft.server.write.follower.gap.ratio.max = -1.0 (default)
2023-06-29 22:13:36,960 [d2d950cc-944e-4199-a77a-102171d6307b@group-E24561C9A68A-LeaderElection14] INFO  server.RaftServerConfigKeys (ConfUtils.java:logGet(46)) - raft.server.log.appender.snapshot.chunk.size.max = 16MB (=16777216) (default)
2023-06-29 22:13:36,960 [d2d950cc-944e-4199-a77a-102171d6307b@group-E24561C9A68A-LeaderElection14] INFO  server.RaftServerConfigKeys (ConfUtils.java:logGet(46)) - raft.server.log.appender.buffer.byte-limit = 33554432 (custom)
2023-06-29 22:13:36,960 [d2d950cc-944e-4199-a77a-102171d6307b@group-E24561C9A68A-LeaderElection14] INFO  server.RaftServerConfigKeys (ConfUtils.java:logGet(46)) - raft.server.log.appender.buffer.element-limit = 1 (custom)
2023-06-29 22:13:36,960 [d2d950cc-944e-4199-a77a-102171d6307b@group-E24561C9A68A-LeaderElection14] INFO  server.RaftServerConfigKeys (ConfUtils.java:logGet(46)) - raft.server.log.appender.wait-time.min = 10ms (default)
2023-06-29 22:13:36,961 [grpc-default-executor-1] INFO  server.RaftServer$Division (RaftServerImpl.java:requestVote(1335)) - 6201354d-b529-4d76-9c06-546548fd1ab2@group-E24561C9A68A replies to ELECTION vote request: d2d950cc-944e-4199-a77a-102171d6307b<-6201354d-b529-4d76-9c06-546548fd1ab2#0:OK-t1. Peer's state: 6201354d-b529-4d76-9c06-546548fd1ab2@group-E24561C9A68A:t1, leader=null, voted=d2d950cc-944e-4199-a77a-102171d6307b, raftlog=Memoized:6201354d-b529-4d76-9c06-546548fd1ab2@group-E24561C9A68A-SegmentedRaftLog:OPENED:c-1, conf=-1: peers:[da0563b2-473a-4d54-878d-0928433366ac|rpc:10.1.0.248:15067|admin:10.1.0.248:15066|client:10.1.0.248:15065|dataStream:10.1.0.248:15068|priority:0|startupRole:FOLLOWER, 6201354d-b529-4d76-9c06-546548fd1ab2|rpc:10.1.0.248:15058|admin:10.1.0.248:15057|client:10.1.0.248:15056|dataStream:10.1.0.248:15059|priority:0|startupRole:FOLLOWER, d2d950cc-944e-4199-a77a-102171d6307b|rpc:10.1.0.248:15049|admin:10.1.0.248:15048|client:10.1.0.248:15047|dataStream:10.1.0.248:15050|priority:1|startupRole:FOLLOWER]|listeners:[], old=null
2023-06-29 22:13:36,962 [d2d950cc-944e-4199-a77a-102171d6307b@group-E24561C9A68A-LeaderElection14] INFO  grpc.GrpcConfigKeys (ConfUtils.java:logGet(46)) - raft.grpc.server.leader.outstanding.appends.max = 128 (default)
2023-06-29 22:13:36,962 [d2d950cc-944e-4199-a77a-102171d6307b@group-E24561C9A68A-LeaderElection14] INFO  server.RaftServerConfigKeys (ConfUtils.java:logGet(46)) - raft.server.rpc.request.timeout = 60s (custom)
2023-06-29 22:13:36,963 [d2d950cc-944e-4199-a77a-102171d6307b@group-E24561C9A68A-LeaderElection14] INFO  grpc.GrpcConfigKeys (ConfUtils.java:logGet(46)) - raft.grpc.server.install_snapshot.request.element-limit = 8 (default)
2023-06-29 22:13:36,963 [d2d950cc-944e-4199-a77a-102171d6307b@group-E24561C9A68A-LeaderElection14] INFO  grpc.GrpcConfigKeys (ConfUtils.java:logGet(46)) - raft.grpc.server.install_snapshot.request.timeout = 3000ms (default)
2023-06-29 22:13:36,963 [d2d950cc-944e-4199-a77a-102171d6307b@group-E24561C9A68A-LeaderElection14] INFO  server.RaftServerConfigKeys (ConfUtils.java:logGet(46)) - raft.server.log.appender.install.snapshot.enabled = false (custom)
2023-06-29 22:13:36,963 [d2d950cc-944e-4199-a77a-102171d6307b@group-E24561C9A68A-LeaderElection14] INFO  grpc.GrpcConfigKeys (ConfUtils.java:logGet(46)) - raft.grpc.server.heartbeat.channel = true (default)
2023-06-29 22:13:36,964 [EventQueue-PipelineReportForPipelineReportHandler] INFO  pipeline.PipelineReportHandler (PipelineReportHandler.java:processPipelineReport(136)) - Opened pipeline PipelineID=71241815-c4ec-4dd8-92ba-e24561c9a68a
2023-06-29 22:13:36,965 [d2d950cc-944e-4199-a77a-102171d6307b@group-E24561C9A68A-LeaderElection14] INFO  server.RaftServerConfigKeys (ConfUtils.java:logGet(46)) - raft.server.log.appender.snapshot.chunk.size.max = 16MB (=16777216) (default)
2023-06-29 22:13:36,965 [d2d950cc-944e-4199-a77a-102171d6307b@group-E24561C9A68A-LeaderElection14] INFO  server.RaftServerConfigKeys (ConfUtils.java:logGet(46)) - raft.server.log.appender.buffer.byte-limit = 33554432 (custom)
2023-06-29 22:13:36,965 [d2d950cc-944e-4199-a77a-102171d6307b@group-E24561C9A68A-LeaderElection14] INFO  server.RaftServerConfigKeys (ConfUtils.java:logGet(46)) - raft.server.log.appender.buffer.element-limit = 1 (custom)
2023-06-29 22:13:36,965 [d2d950cc-944e-4199-a77a-102171d6307b@group-E24561C9A68A-LeaderElection14] INFO  server.RaftServerConfigKeys (ConfUtils.java:logGet(46)) - raft.server.log.appender.wait-time.min = 10ms (default)
2023-06-29 22:13:36,965 [d2d950cc-944e-4199-a77a-102171d6307b@group-E24561C9A68A-LeaderElection14] INFO  grpc.GrpcConfigKeys (ConfUtils.java:logGet(46)) - raft.grpc.server.leader.outstanding.appends.max = 128 (default)
2023-06-29 22:13:36,965 [d2d950cc-944e-4199-a77a-102171d6307b@group-E24561C9A68A-LeaderElection14] INFO  server.RaftServerConfigKeys (ConfUtils.java:logGet(46)) - raft.server.rpc.request.timeout = 60s (custom)
2023-06-29 22:13:36,965 [d2d950cc-944e-4199-a77a-102171d6307b@group-E24561C9A68A-LeaderElection14] INFO  grpc.GrpcConfigKeys (ConfUtils.java:logGet(46)) - raft.grpc.server.install_snapshot.request.element-limit = 8 (default)
2023-06-29 22:13:36,965 [d2d950cc-944e-4199-a77a-102171d6307b@group-E24561C9A68A-LeaderElection14] INFO  grpc.GrpcConfigKeys (ConfUtils.java:logGet(46)) - raft.grpc.server.install_snapshot.request.timeout = 3000ms (default)
2023-06-29 22:13:36,965 [d2d950cc-944e-4199-a77a-102171d6307b@group-E24561C9A68A-LeaderElection14] INFO  server.RaftServerConfigKeys (ConfUtils.java:logGet(46)) - raft.server.log.appender.install.snapshot.enabled = false (custom)
2023-06-29 22:13:36,965 [d2d950cc-944e-4199-a77a-102171d6307b@group-E24561C9A68A-LeaderElection14] INFO  grpc.GrpcConfigKeys (ConfUtils.java:logGet(46)) - raft.grpc.server.heartbeat.channel = true (default)
2023-06-29 22:13:36,965 [d2d950cc-944e-4199-a77a-102171d6307b@group-E24561C9A68A-LeaderElection14] INFO  impl.RoleInfo (RoleInfo.java:updateAndGet(139)) - d2d950cc-944e-4199-a77a-102171d6307b: start d2d950cc-944e-4199-a77a-102171d6307b@group-E24561C9A68A-LeaderStateImpl
2023-06-29 22:13:36,965 [d2d950cc-944e-4199-a77a-102171d6307b@group-E24561C9A68A-LeaderElection14] INFO  segmented.SegmentedRaftLogWorker (SegmentedRaftLogWorker.java:startLogSegment(447)) - d2d950cc-944e-4199-a77a-102171d6307b@group-E24561C9A68A-SegmentedRaftLogWorker: Starting segment from index:0
2023-06-29 22:13:36,967 [OM StateMachine ApplyTransaction Thread - 0] INFO  volume.OMVolumeCreateRequest (OMVolumeCreateRequest.java:validateAndUpdateCache(196)) - created volume:vol1 for user:user43171
2023-06-29 22:13:36,970 [d2d950cc-944e-4199-a77a-102171d6307b@group-E24561C9A68A-SegmentedRaftLogWorker] INFO  segmented.SegmentedRaftLogWorker (SegmentedRaftLogWorker.java:execute(651)) - d2d950cc-944e-4199-a77a-102171d6307b@group-E24561C9A68A-SegmentedRaftLogWorker: created new log segment /home/runner/work/ozone/ozone/hadoop-ozone/integration-test/target/test-dir/MiniOzoneClusterImpl-bfa5a98b-f4fa-4e92-9252-0122c5abb8e0/datanode-0/data/ratis/71241815-c4ec-4dd8-92ba-e24561c9a68a/current/log_inprogress_0
2023-06-29 22:13:36,978 [main] INFO  rpc.RpcClient (RpcClient.java:createBucket(687)) - Creating Bucket: vol1/bucket1, with bucket layout LEGACY, runner as owner, Versioning false, Storage Type set to DISK and Encryption set to false, Replication Type set to server-side default replication type, Namespace Quota set to -1, Space Quota set to -1 
2023-06-29 22:13:36,979 [d2d950cc-944e-4199-a77a-102171d6307b@group-E24561C9A68A-LeaderElection14] INFO  server.RaftServer$Division (ServerState.java:setRaftConf(434)) - d2d950cc-944e-4199-a77a-102171d6307b@group-E24561C9A68A: set configuration 0: peers:[da0563b2-473a-4d54-878d-0928433366ac|rpc:10.1.0.248:15067|admin:10.1.0.248:15066|client:10.1.0.248:15065|dataStream:10.1.0.248:15068|priority:0|startupRole:FOLLOWER, 6201354d-b529-4d76-9c06-546548fd1ab2|rpc:10.1.0.248:15058|admin:10.1.0.248:15057|client:10.1.0.248:15056|dataStream:10.1.0.248:15059|priority:0|startupRole:FOLLOWER, d2d950cc-944e-4199-a77a-102171d6307b|rpc:10.1.0.248:15049|admin:10.1.0.248:15048|client:10.1.0.248:15047|dataStream:10.1.0.248:15050|priority:1|startupRole:FOLLOWER]|listeners:[], old=null
2023-06-29 22:13:36,980 [6201354d-b529-4d76-9c06-546548fd1ab2@group-7DB4392FB4FF-FollowerState] INFO  impl.FollowerState (FollowerState.java:run(143)) - 6201354d-b529-4d76-9c06-546548fd1ab2@group-7DB4392FB4FF-FollowerState: change to CANDIDATE, lastRpcElapsedTime:5200943430ns, electionTimeout:5198ms
2023-06-29 22:13:36,980 [6201354d-b529-4d76-9c06-546548fd1ab2@group-7DB4392FB4FF-FollowerState] INFO  impl.RoleInfo (RoleInfo.java:shutdownFollowerState(110)) - 6201354d-b529-4d76-9c06-546548fd1ab2: shutdown 6201354d-b529-4d76-9c06-546548fd1ab2@group-7DB4392FB4FF-FollowerState
2023-06-29 22:13:36,980 [6201354d-b529-4d76-9c06-546548fd1ab2@group-7DB4392FB4FF-FollowerState] INFO  server.RaftServer$Division (RaftServerImpl.java:setRole(329)) - 6201354d-b529-4d76-9c06-546548fd1ab2@group-7DB4392FB4FF: changes role from  FOLLOWER to CANDIDATE at term 0 for changeToCandidate
2023-06-29 22:13:36,980 [6201354d-b529-4d76-9c06-546548fd1ab2@group-7DB4392FB4FF-FollowerState] INFO  server.RaftServerConfigKeys (ConfUtils.java:logGet(46)) - raft.server.leaderelection.pre-vote = true (default)
2023-06-29 22:13:36,980 [6201354d-b529-4d76-9c06-546548fd1ab2@group-7DB4392FB4FF-FollowerState] INFO  impl.RoleInfo (RoleInfo.java:updateAndGet(139)) - 6201354d-b529-4d76-9c06-546548fd1ab2: start 6201354d-b529-4d76-9c06-546548fd1ab2@group-7DB4392FB4FF-LeaderElection15
2023-06-29 22:13:36,999 [da0563b2-473a-4d54-878d-0928433366ac-server-thread1] INFO  ratis.XceiverServerRatis (XceiverServerRatis.java:handleLeaderChangedNotification(902)) - Leader change notification received for group: group-E24561C9A68A with new leaderId: d2d950cc-944e-4199-a77a-102171d6307b
2023-06-29 22:13:36,999 [da0563b2-473a-4d54-878d-0928433366ac-server-thread1] INFO  server.RaftServer$Division (ServerState.java:setLeader(317)) - da0563b2-473a-4d54-878d-0928433366ac@group-E24561C9A68A: change Leader from null to d2d950cc-944e-4199-a77a-102171d6307b at term 1 for appendEntries, leader elected after 5231ms
2023-06-29 22:13:37,000 [OM StateMachine ApplyTransaction Thread - 0] INFO  bucket.OMBucketCreateRequest (OMBucketCreateRequest.java:validateAndUpdateCache(270)) - created bucket: bucket1 of layout LEGACY in volume: vol1
2023-06-29 22:13:37,007 [6201354d-b529-4d76-9c06-546548fd1ab2@group-7DB4392FB4FF-LeaderElection15] INFO  impl.LeaderElection (LeaderElection.java:askForVotes(321)) - 6201354d-b529-4d76-9c06-546548fd1ab2@group-7DB4392FB4FF-LeaderElection15 PRE_VOTE round 0: submit vote requests at term 0 for -1: peers:[6201354d-b529-4d76-9c06-546548fd1ab2|rpc:10.1.0.248:15058|admin:10.1.0.248:15057|client:10.1.0.248:15056|dataStream:10.1.0.248:15059|priority:1|startupRole:FOLLOWER]|listeners:[], old=null
2023-06-29 22:13:37,008 [6201354d-b529-4d76-9c06-546548fd1ab2@group-7DB4392FB4FF-LeaderElection15] INFO  impl.LeaderElection (LeaderElection.java:askForVotes(323)) - 6201354d-b529-4d76-9c06-546548fd1ab2@group-7DB4392FB4FF-LeaderElection15 PRE_VOTE round 0: result PASSED (term=0)
2023-06-29 22:13:37,008 [6201354d-b529-4d76-9c06-546548fd1ab2-server-thread1] INFO  ratis.XceiverServerRatis (XceiverServerRatis.java:handleLeaderChangedNotification(902)) - Leader change notification received for group: group-E24561C9A68A with new leaderId: d2d950cc-944e-4199-a77a-102171d6307b
2023-06-29 22:13:37,008 [6201354d-b529-4d76-9c06-546548fd1ab2-server-thread1] INFO  server.RaftServer$Division (ServerState.java:setLeader(317)) - 6201354d-b529-4d76-9c06-546548fd1ab2@group-E24561C9A68A: change Leader from null to d2d950cc-944e-4199-a77a-102171d6307b at term 1 for appendEntries, leader elected after 5222ms
2023-06-29 22:13:37,009 [6201354d-b529-4d76-9c06-546548fd1ab2@group-7DB4392FB4FF-LeaderElection15] INFO  impl.LeaderElection (LeaderElection.java:askForVotes(321)) - 6201354d-b529-4d76-9c06-546548fd1ab2@group-7DB4392FB4FF-LeaderElection15 ELECTION round 0: submit vote requests at term 1 for -1: peers:[6201354d-b529-4d76-9c06-546548fd1ab2|rpc:10.1.0.248:15058|admin:10.1.0.248:15057|client:10.1.0.248:15056|dataStream:10.1.0.248:15059|priority:1|startupRole:FOLLOWER]|listeners:[], old=null
2023-06-29 22:13:37,009 [6201354d-b529-4d76-9c06-546548fd1ab2@group-7DB4392FB4FF-LeaderElection15] INFO  impl.LeaderElection (LeaderElection.java:askForVotes(323)) - 6201354d-b529-4d76-9c06-546548fd1ab2@group-7DB4392FB4FF-LeaderElection15 ELECTION round 0: result PASSED (term=1)
2023-06-29 22:13:37,009 [6201354d-b529-4d76-9c06-546548fd1ab2@group-7DB4392FB4FF-LeaderElection15] INFO  impl.RoleInfo (RoleInfo.java:shutdownLeaderElection(130)) - 6201354d-b529-4d76-9c06-546548fd1ab2: shutdown 6201354d-b529-4d76-9c06-546548fd1ab2@group-7DB4392FB4FF-LeaderElection15
2023-06-29 22:13:37,009 [6201354d-b529-4d76-9c06-546548fd1ab2@group-7DB4392FB4FF-LeaderElection15] INFO  server.RaftServer$Division (RaftServerImpl.java:setRole(329)) - 6201354d-b529-4d76-9c06-546548fd1ab2@group-7DB4392FB4FF: changes role from CANDIDATE to LEADER at term 1 for changeToLeader
2023-06-29 22:13:37,009 [6201354d-b529-4d76-9c06-546548fd1ab2@group-7DB4392FB4FF-LeaderElection15] INFO  ratis.XceiverServerRatis (XceiverServerRatis.java:handleLeaderChangedNotification(902)) - Leader change notification received for group: group-7DB4392FB4FF with new leaderId: 6201354d-b529-4d76-9c06-546548fd1ab2
2023-06-29 22:13:37,009 [6201354d-b529-4d76-9c06-546548fd1ab2@group-7DB4392FB4FF-LeaderElection15] INFO  server.RaftServer$Division (ServerState.java:setLeader(317)) - 6201354d-b529-4d76-9c06-546548fd1ab2@group-7DB4392FB4FF: change Leader from null to 6201354d-b529-4d76-9c06-546548fd1ab2 at term 1 for becomeLeader, leader elected after 5267ms
2023-06-29 22:13:37,009 [6201354d-b529-4d76-9c06-546548fd1ab2@group-7DB4392FB4FF-LeaderElection15] INFO  server.RaftServerConfigKeys (ConfUtils.java:logGet(46)) - raft.server.staging.catchup.gap = 1000 (default)
2023-06-29 22:13:37,009 [6201354d-b529-4d76-9c06-546548fd1ab2@group-7DB4392FB4FF-LeaderElection15] INFO  server.RaftServerConfigKeys (ConfUtils.java:logGet(46)) - raft.server.write.element-limit = 1024 (custom)
2023-06-29 22:13:37,009 [6201354d-b529-4d76-9c06-546548fd1ab2@group-7DB4392FB4FF-LeaderElection15] INFO  server.RaftServerConfigKeys (ConfUtils.java:logGet(46)) - raft.server.write.byte-limit = 1024 M (=1073741824) (custom)
2023-06-29 22:13:37,009 [6201354d-b529-4d76-9c06-546548fd1ab2@group-7DB4392FB4FF-LeaderElection15] INFO  server.RaftServerConfigKeys (ConfUtils.java:logGet(46)) - raft.server.watch.timeout = 180s (custom)
2023-06-29 22:13:37,009 [6201354d-b529-4d76-9c06-546548fd1ab2@group-7DB4392FB4FF-LeaderElection15] INFO  server.RaftServerConfigKeys (ConfUtils.java:logGet(46)) - raft.server.watch.timeout.denomination = 1s (default)
2023-06-29 22:13:37,009 [6201354d-b529-4d76-9c06-546548fd1ab2@group-7DB4392FB4FF-LeaderElection15] INFO  server.RaftServerConfigKeys (ConfUtils.java:logGet(46)) - raft.server.watch.element-limit = 65536 (default)
2023-06-29 22:13:37,009 [6201354d-b529-4d76-9c06-546548fd1ab2@group-7DB4392FB4FF-LeaderElection15] INFO  server.RaftServerConfigKeys (ConfUtils.java:logGet(46)) - raft.server.write.element-limit = 1024 (custom)
2023-06-29 22:13:37,010 [6201354d-b529-4d76-9c06-546548fd1ab2@group-7DB4392FB4FF-LeaderElection15] INFO  server.RaftServerConfigKeys (ConfUtils.java:logGet(46)) - raft.server.write.follower.gap.ratio.max = -1.0 (default)
2023-06-29 22:13:37,010 [6201354d-b529-4d76-9c06-546548fd1ab2@group-7DB4392FB4FF-LeaderElection15] INFO  impl.RoleInfo (RoleInfo.java:updateAndGet(139)) - 6201354d-b529-4d76-9c06-546548fd1ab2: start 6201354d-b529-4d76-9c06-546548fd1ab2@group-7DB4392FB4FF-LeaderStateImpl
2023-06-29 22:13:37,010 [6201354d-b529-4d76-9c06-546548fd1ab2@group-7DB4392FB4FF-LeaderElection15] INFO  segmented.SegmentedRaftLogWorker (SegmentedRaftLogWorker.java:startLogSegment(447)) - 6201354d-b529-4d76-9c06-546548fd1ab2@group-7DB4392FB4FF-SegmentedRaftLogWorker: Starting segment from index:0
2023-06-29 22:13:37,011 [6201354d-b529-4d76-9c06-546548fd1ab2@group-7DB4392FB4FF-SegmentedRaftLogWorker] INFO  segmented.SegmentedRaftLogWorker (SegmentedRaftLogWorker.java:execute(651)) - 6201354d-b529-4d76-9c06-546548fd1ab2@group-7DB4392FB4FF-SegmentedRaftLogWorker: created new log segment /home/runner/work/ozone/ozone/hadoop-ozone/integration-test/target/test-dir/MiniOzoneClusterImpl-bfa5a98b-f4fa-4e92-9252-0122c5abb8e0/datanode-1/data/ratis/0d395748-e0ec-4f06-b62f-7db4392fb4ff/current/log_inprogress_0
2023-06-29 22:13:37,013 [da0563b2-473a-4d54-878d-0928433366ac-server-thread1] INFO  server.RaftServer$Division (ServerState.java:setRaftConf(434)) - da0563b2-473a-4d54-878d-0928433366ac@group-E24561C9A68A: set configuration 0: peers:[da0563b2-473a-4d54-878d-0928433366ac|rpc:10.1.0.248:15067|admin:10.1.0.248:15066|client:10.1.0.248:15065|dataStream:10.1.0.248:15068|priority:0|startupRole:FOLLOWER, 6201354d-b529-4d76-9c06-546548fd1ab2|rpc:10.1.0.248:15058|admin:10.1.0.248:15057|client:10.1.0.248:15056|dataStream:10.1.0.248:15059|priority:0|startupRole:FOLLOWER, d2d950cc-944e-4199-a77a-102171d6307b|rpc:10.1.0.248:15049|admin:10.1.0.248:15048|client:10.1.0.248:15047|dataStream:10.1.0.248:15050|priority:1|startupRole:FOLLOWER]|listeners:[], old=null
2023-06-29 22:13:37,013 [6201354d-b529-4d76-9c06-546548fd1ab2-server-thread1] INFO  server.RaftServer$Division (ServerState.java:setRaftConf(434)) - 6201354d-b529-4d76-9c06-546548fd1ab2@group-E24561C9A68A: set configuration 0: peers:[da0563b2-473a-4d54-878d-0928433366ac|rpc:10.1.0.248:15067|admin:10.1.0.248:15066|client:10.1.0.248:15065|dataStream:10.1.0.248:15068|priority:0|startupRole:FOLLOWER, 6201354d-b529-4d76-9c06-546548fd1ab2|rpc:10.1.0.248:15058|admin:10.1.0.248:15057|client:10.1.0.248:15056|dataStream:10.1.0.248:15059|priority:0|startupRole:FOLLOWER, d2d950cc-944e-4199-a77a-102171d6307b|rpc:10.1.0.248:15049|admin:10.1.0.248:15048|client:10.1.0.248:15047|dataStream:10.1.0.248:15050|priority:1|startupRole:FOLLOWER]|listeners:[], old=null
2023-06-29 22:13:37,013 [da0563b2-473a-4d54-878d-0928433366ac-server-thread1] INFO  segmented.SegmentedRaftLogWorker (SegmentedRaftLogWorker.java:startLogSegment(447)) - da0563b2-473a-4d54-878d-0928433366ac@group-E24561C9A68A-SegmentedRaftLogWorker: Starting segment from index:0
2023-06-29 22:13:37,017 [6201354d-b529-4d76-9c06-546548fd1ab2@group-7DB4392FB4FF-LeaderElection15] INFO  server.RaftServer$Division (ServerState.java:setRaftConf(434)) - 6201354d-b529-4d76-9c06-546548fd1ab2@group-7DB4392FB4FF: set configuration 0: peers:[6201354d-b529-4d76-9c06-546548fd1ab2|rpc:10.1.0.248:15058|admin:10.1.0.248:15057|client:10.1.0.248:15056|dataStream:10.1.0.248:15059|priority:1|startupRole:FOLLOWER]|listeners:[], old=null
2023-06-29 22:13:37,025 [6201354d-b529-4d76-9c06-546548fd1ab2-server-thread1] INFO  segmented.SegmentedRaftLogWorker (SegmentedRaftLogWorker.java:startLogSegment(447)) - 6201354d-b529-4d76-9c06-546548fd1ab2@group-E24561C9A68A-SegmentedRaftLogWorker: Starting segment from index:0
2023-06-29 22:13:37,025 [da0563b2-473a-4d54-878d-0928433366ac@group-E1A2E7AEF88C-FollowerState] INFO  impl.FollowerState (FollowerState.java:run(143)) - da0563b2-473a-4d54-878d-0928433366ac@group-E1A2E7AEF88C-FollowerState: change to CANDIDATE, lastRpcElapsedTime:5113649683ns, electionTimeout:5109ms
2023-06-29 22:13:37,026 [da0563b2-473a-4d54-878d-0928433366ac@group-E1A2E7AEF88C-FollowerState] INFO  impl.RoleInfo (RoleInfo.java:shutdownFollowerState(110)) - da0563b2-473a-4d54-878d-0928433366ac: shutdown da0563b2-473a-4d54-878d-0928433366ac@group-E1A2E7AEF88C-FollowerState
2023-06-29 22:13:37,026 [da0563b2-473a-4d54-878d-0928433366ac@group-E1A2E7AEF88C-FollowerState] INFO  server.RaftServer$Division (RaftServerImpl.java:setRole(329)) - da0563b2-473a-4d54-878d-0928433366ac@group-E1A2E7AEF88C: changes role from  FOLLOWER to CANDIDATE at term 0 for changeToCandidate
2023-06-29 22:13:37,026 [da0563b2-473a-4d54-878d-0928433366ac@group-E1A2E7AEF88C-FollowerState] INFO  server.RaftServerConfigKeys (ConfUtils.java:logGet(46)) - raft.server.leaderelection.pre-vote = true (default)
2023-06-29 22:13:37,026 [da0563b2-473a-4d54-878d-0928433366ac@group-E1A2E7AEF88C-FollowerState] INFO  impl.RoleInfo (RoleInfo.java:updateAndGet(139)) - da0563b2-473a-4d54-878d-0928433366ac: start da0563b2-473a-4d54-878d-0928433366ac@group-E1A2E7AEF88C-LeaderElection16
2023-06-29 22:13:37,026 [da0563b2-473a-4d54-878d-0928433366ac@group-E24561C9A68A-SegmentedRaftLogWorker] INFO  segmented.SegmentedRaftLogWorker (SegmentedRaftLogWorker.java:execute(651)) - da0563b2-473a-4d54-878d-0928433366ac@group-E24561C9A68A-SegmentedRaftLogWorker: created new log segment /home/runner/work/ozone/ozone/hadoop-ozone/integration-test/target/test-dir/MiniOzoneClusterImpl-bfa5a98b-f4fa-4e92-9252-0122c5abb8e0/datanode-2/data/ratis/71241815-c4ec-4dd8-92ba-e24561c9a68a/current/log_inprogress_0
2023-06-29 22:13:37,029 [6201354d-b529-4d76-9c06-546548fd1ab2@group-E24561C9A68A-SegmentedRaftLogWorker] INFO  segmented.SegmentedRaftLogWorker (SegmentedRaftLogWorker.java:execute(651)) - 6201354d-b529-4d76-9c06-546548fd1ab2@group-E24561C9A68A-SegmentedRaftLogWorker: created new log segment /home/runner/work/ozone/ozone/hadoop-ozone/integration-test/target/test-dir/MiniOzoneClusterImpl-bfa5a98b-f4fa-4e92-9252-0122c5abb8e0/datanode-1/data/ratis/71241815-c4ec-4dd8-92ba-e24561c9a68a/current/log_inprogress_0
2023-06-29 22:13:37,037 [da0563b2-473a-4d54-878d-0928433366ac@group-E1A2E7AEF88C-LeaderElection16] INFO  impl.LeaderElection (LeaderElection.java:askForVotes(321)) - da0563b2-473a-4d54-878d-0928433366ac@group-E1A2E7AEF88C-LeaderElection16 PRE_VOTE round 0: submit vote requests at term 0 for -1: peers:[da0563b2-473a-4d54-878d-0928433366ac|rpc:10.1.0.248:15067|admin:10.1.0.248:15066|client:10.1.0.248:15065|dataStream:10.1.0.248:15068|priority:1|startupRole:FOLLOWER]|listeners:[], old=null
2023-06-29 22:13:37,037 [da0563b2-473a-4d54-878d-0928433366ac@group-E1A2E7AEF88C-LeaderElection16] INFO  impl.LeaderElection (LeaderElection.java:askForVotes(323)) - da0563b2-473a-4d54-878d-0928433366ac@group-E1A2E7AEF88C-LeaderElection16 PRE_VOTE round 0: result PASSED (term=0)
2023-06-29 22:13:37,038 [da0563b2-473a-4d54-878d-0928433366ac@group-E1A2E7AEF88C-LeaderElection16] INFO  impl.LeaderElection (LeaderElection.java:askForVotes(321)) - da0563b2-473a-4d54-878d-0928433366ac@group-E1A2E7AEF88C-LeaderElection16 ELECTION round 0: submit vote requests at term 1 for -1: peers:[da0563b2-473a-4d54-878d-0928433366ac|rpc:10.1.0.248:15067|admin:10.1.0.248:15066|client:10.1.0.248:15065|dataStream:10.1.0.248:15068|priority:1|startupRole:FOLLOWER]|listeners:[], old=null
2023-06-29 22:13:37,038 [da0563b2-473a-4d54-878d-0928433366ac@group-E1A2E7AEF88C-LeaderElection16] INFO  impl.LeaderElection (LeaderElection.java:askForVotes(323)) - da0563b2-473a-4d54-878d-0928433366ac@group-E1A2E7AEF88C-LeaderElection16 ELECTION round 0: result PASSED (term=1)
2023-06-29 22:13:37,038 [da0563b2-473a-4d54-878d-0928433366ac@group-E1A2E7AEF88C-LeaderElection16] INFO  impl.RoleInfo (RoleInfo.java:shutdownLeaderElection(130)) - da0563b2-473a-4d54-878d-0928433366ac: shutdown da0563b2-473a-4d54-878d-0928433366ac@group-E1A2E7AEF88C-LeaderElection16
2023-06-29 22:13:37,038 [da0563b2-473a-4d54-878d-0928433366ac@group-E1A2E7AEF88C-LeaderElection16] INFO  server.RaftServer$Division (RaftServerImpl.java:setRole(329)) - da0563b2-473a-4d54-878d-0928433366ac@group-E1A2E7AEF88C: changes role from CANDIDATE to LEADER at term 1 for changeToLeader
2023-06-29 22:13:37,038 [da0563b2-473a-4d54-878d-0928433366ac@group-E1A2E7AEF88C-LeaderElection16] INFO  ratis.XceiverServerRatis (XceiverServerRatis.java:handleLeaderChangedNotification(902)) - Leader change notification received for group: group-E1A2E7AEF88C with new leaderId: da0563b2-473a-4d54-878d-0928433366ac
2023-06-29 22:13:37,038 [da0563b2-473a-4d54-878d-0928433366ac@group-E1A2E7AEF88C-LeaderElection16] INFO  server.RaftServer$Division (ServerState.java:setLeader(317)) - da0563b2-473a-4d54-878d-0928433366ac@group-E1A2E7AEF88C: change Leader from null to da0563b2-473a-4d54-878d-0928433366ac at term 1 for becomeLeader, leader elected after 5137ms
2023-06-29 22:13:37,038 [da0563b2-473a-4d54-878d-0928433366ac@group-E1A2E7AEF88C-LeaderElection16] INFO  server.RaftServerConfigKeys (ConfUtils.java:logGet(46)) - raft.server.staging.catchup.gap = 1000 (default)
2023-06-29 22:13:37,041 [da0563b2-473a-4d54-878d-0928433366ac@group-E1A2E7AEF88C-LeaderElection16] INFO  server.RaftServerConfigKeys (ConfUtils.java:logGet(46)) - raft.server.write.element-limit = 1024 (custom)
2023-06-29 22:13:37,041 [da0563b2-473a-4d54-878d-0928433366ac@group-E1A2E7AEF88C-LeaderElection16] INFO  server.RaftServerConfigKeys (ConfUtils.java:logGet(46)) - raft.server.write.byte-limit = 1024 M (=1073741824) (custom)
2023-06-29 22:13:37,041 [da0563b2-473a-4d54-878d-0928433366ac@group-E1A2E7AEF88C-LeaderElection16] INFO  server.RaftServerConfigKeys (ConfUtils.java:logGet(46)) - raft.server.watch.timeout = 180s (custom)
2023-06-29 22:13:37,041 [da0563b2-473a-4d54-878d-0928433366ac@group-E1A2E7AEF88C-LeaderElection16] INFO  server.RaftServerConfigKeys (ConfUtils.java:logGet(46)) - raft.server.watch.timeout.denomination = 1s (default)
2023-06-29 22:13:37,041 [da0563b2-473a-4d54-878d-0928433366ac@group-E1A2E7AEF88C-LeaderElection16] INFO  server.RaftServerConfigKeys (ConfUtils.java:logGet(46)) - raft.server.watch.element-limit = 65536 (default)
2023-06-29 22:13:37,041 [da0563b2-473a-4d54-878d-0928433366ac@group-E1A2E7AEF88C-LeaderElection16] INFO  server.RaftServerConfigKeys (ConfUtils.java:logGet(46)) - raft.server.write.element-limit = 1024 (custom)
2023-06-29 22:13:37,041 [da0563b2-473a-4d54-878d-0928433366ac@group-E1A2E7AEF88C-LeaderElection16] INFO  server.RaftServerConfigKeys (ConfUtils.java:logGet(46)) - raft.server.write.follower.gap.ratio.max = -1.0 (default)
2023-06-29 22:13:37,041 [da0563b2-473a-4d54-878d-0928433366ac@group-E1A2E7AEF88C-LeaderElection16] INFO  impl.RoleInfo (RoleInfo.java:updateAndGet(139)) - da0563b2-473a-4d54-878d-0928433366ac: start da0563b2-473a-4d54-878d-0928433366ac@group-E1A2E7AEF88C-LeaderStateImpl
2023-06-29 22:13:37,042 [da0563b2-473a-4d54-878d-0928433366ac@group-E1A2E7AEF88C-LeaderElection16] INFO  segmented.SegmentedRaftLogWorker (SegmentedRaftLogWorker.java:startLogSegment(447)) - da0563b2-473a-4d54-878d-0928433366ac@group-E1A2E7AEF88C-SegmentedRaftLogWorker: Starting segment from index:0
2023-06-29 22:13:37,046 [da0563b2-473a-4d54-878d-0928433366ac@group-E1A2E7AEF88C-SegmentedRaftLogWorker] INFO  segmented.SegmentedRaftLogWorker (SegmentedRaftLogWorker.java:execute(651)) - da0563b2-473a-4d54-878d-0928433366ac@group-E1A2E7AEF88C-SegmentedRaftLogWorker: created new log segment /home/runner/work/ozone/ozone/hadoop-ozone/integration-test/target/test-dir/MiniOzoneClusterImpl-bfa5a98b-f4fa-4e92-9252-0122c5abb8e0/datanode-2/data/ratis/f3a68b27-a9ea-4a33-bd52-e1a2e7aef88c/current/log_inprogress_0
2023-06-29 22:13:37,051 [da0563b2-473a-4d54-878d-0928433366ac@group-E1A2E7AEF88C-LeaderElection16] INFO  server.RaftServer$Division (ServerState.java:setRaftConf(434)) - da0563b2-473a-4d54-878d-0928433366ac@group-E1A2E7AEF88C: set configuration 0: peers:[da0563b2-473a-4d54-878d-0928433366ac|rpc:10.1.0.248:15067|admin:10.1.0.248:15066|client:10.1.0.248:15065|dataStream:10.1.0.248:15068|priority:1|startupRole:FOLLOWER]|listeners:[], old=null
2023-06-29 22:13:37,053 [IPC Server handler 1 on default port 15036] INFO  ha.SequenceIdGenerator (SequenceIdGenerator.java:getNextId(128)) - Allocate a batch for containerId, change lastId from 0 to 1000.
2023-06-29 22:13:37,054 [IPC Server handler 1 on default port 15036] WARN  ha.SequenceIdGenerator (SequenceIdGenerator.java:allocateBatch(237)) - Failed to allocate a batch for localId, expected lastId is 0, actual lastId is 111677748019200000.
2023-06-29 22:13:37,054 [IPC Server handler 1 on default port 15036] INFO  ha.SequenceIdGenerator (SequenceIdGenerator.java:getNextId(128)) - Allocate a batch for localId, change lastId from 111677748019200000 to 111677748019201000.
2023-06-29 22:13:38,651 [main] INFO  ozone.TestSnapshotDeletingService (TestSnapshotDeletingService.java:assertTableRowCount(565)) - keyTable actual row count=2, expectedCount=2
2023-06-29 22:13:38,654 [OM StateMachine ApplyTransaction Thread - 0] INFO  snapshot.OMSnapshotCreateRequest (OMSnapshotCreateRequest.java:validateAndUpdateCache(193)) - Created snapshot: 'bucket1snap1' with snapshotId: '1f32b847-b4d5-4674-92a4-ef92680a3acc' under path 'vol1/bucket1'
2023-06-29 22:13:38,659 [main] INFO  ozone.TestSnapshotDeletingService (TestSnapshotDeletingService.java:assertTableRowCount(565)) - snapshotInfoTable actual row count=0, expectedCount=1
2023-06-29 22:13:38,672 [OMDoubleBufferFlushThread] INFO  db.RDBCheckpointManager (RDBCheckpointManager.java:createCheckpoint(89)) - Created checkpoint in rocksDB at /home/runner/work/ozone/ozone/hadoop-ozone/integration-test/target/test-dir/MiniOzoneClusterImpl-bfa5a98b-f4fa-4e92-9252-0122c5abb8e0/ozone-meta/db.snapshots/checkpointState/om.db-1f32b847-b4d5-4674-92a4-ef92680a3acc in 15 milliseconds
2023-06-29 22:13:38,676 [OMDoubleBufferFlushThread] INFO  db.RDBCheckpointUtils (RDBCheckpointUtils.java:waitForCheckpointDirectoryExist(59)) - Waited for 3 milliseconds for checkpoint directory /home/runner/work/ozone/ozone/hadoop-ozone/integration-test/target/test-dir/MiniOzoneClusterImpl-bfa5a98b-f4fa-4e92-9252-0122c5abb8e0/ozone-meta/db.snapshots/checkpointState/om.db-1f32b847-b4d5-4674-92a4-ef92680a3acc availability.
2023-06-29 22:13:38,676 [OMDoubleBufferFlushThread] INFO  om.OmSnapshotManager (OmSnapshotManager.java:createOmSnapshotCheckpoint(463)) - Created checkpoint : /home/runner/work/ozone/ozone/hadoop-ozone/integration-test/target/test-dir/MiniOzoneClusterImpl-bfa5a98b-f4fa-4e92-9252-0122c5abb8e0/ozone-meta/db.snapshots/checkpointState/om.db-1f32b847-b4d5-4674-92a4-ef92680a3acc for snapshot bucket1snap1
2023-06-29 22:13:38,745 [KeyDeletingService#0] INFO  snapshot.SnapshotCache (SnapshotCache.java:lambda$1(166)) - Loading snapshot. Table key: /vol1/bucket1/bucket1snap1
2023-06-29 22:13:38,746 [KeyDeletingService#0] WARN  server.ServerUtils (ServerUtils.java:getDBPath(311)) - ozone.om.db.dirs is not configured. We recommend adding this setting. Falling back to ozone.metadata.dirs instead.
2023-06-29 22:13:38,746 [KeyDeletingService#0] INFO  helpers.OmKeyInfo (OmKeyInfo.java:getCodec(71)) - OmKeyInfo.getCodec ignorePipeline = true
2023-06-29 22:13:39,660 [main] INFO  ozone.TestSnapshotDeletingService (TestSnapshotDeletingService.java:assertTableRowCount(565)) - snapshotInfoTable actual row count=1, expectedCount=1
2023-06-29 22:13:40,746 [KeyDeletingService#0] INFO  snapshot.SnapshotCache (SnapshotCache.java:lambda$1(166)) - Loading snapshot. Table key: /vol1/bucket1/bucket1snap1
2023-06-29 22:13:41,146 [main] INFO  ozone.TestSnapshotDeletingService (TestSnapshotDeletingService.java:assertTableRowCount(565)) - keyTable actual row count=0, expectedCount=0
2023-06-29 22:13:41,147 [main] INFO  ozone.TestSnapshotDeletingService (TestSnapshotDeletingService.java:assertTableRowCount(565)) - deletedTable actual row count=3, expectedCount=1
2023-06-29 22:13:41,246 [KeyDeletingService#0] INFO  snapshot.SnapshotCache (SnapshotCache.java:lambda$1(166)) - Loading snapshot. Table key: /vol1/bucket1/bucket1snap1
2023-06-29 22:13:41,247 [KeyDeletingService#0] INFO  snapshot.SnapshotCache (SnapshotCache.java:lambda$1(166)) - Loading snapshot. Table key: /vol1/bucket1/bucket1snap1
2023-06-29 22:13:41,247 [KeyDeletingService#0] INFO  snapshot.SnapshotCache (SnapshotCache.java:lambda$1(166)) - Loading snapshot. Table key: /vol1/bucket1/bucket1snap1
2023-06-29 22:13:41,248 [IPC Server handler 1 on default port 15036] INFO  ha.SequenceIdGenerator (SequenceIdGenerator.java:getNextId(128)) - Allocate a batch for delTxnId, change lastId from 0 to 1000.
2023-06-29 22:13:41,746 [KeyDeletingService#0] INFO  snapshot.SnapshotCache (SnapshotCache.java:lambda$1(166)) - Loading snapshot. Table key: /vol1/bucket1/bucket1snap1
2023-06-29 22:13:42,147 [main] INFO  ozone.TestSnapshotDeletingService (TestSnapshotDeletingService.java:assertTableRowCount(565)) - deletedTable actual row count=1, expectedCount=1
2023-06-29 22:13:42,150 [OM StateMachine ApplyTransaction Thread - 0] INFO  snapshot.OMSnapshotCreateRequest (OMSnapshotCreateRequest.java:validateAndUpdateCache(193)) - Created snapshot: 'bucket1snap2' with snapshotId: 'aaba6b08-ad03-42d1-85f1-86d421c49f4e' under path 'vol1/bucket1'
2023-06-29 22:13:42,152 [main] INFO  ozone.TestSnapshotDeletingService (TestSnapshotDeletingService.java:assertTableRowCount(565)) - snapshotInfoTable actual row count=1, expectedCount=2
2023-06-29 22:13:42,167 [OMDoubleBufferFlushThread] INFO  db.RDBCheckpointManager (RDBCheckpointManager.java:createCheckpoint(89)) - Created checkpoint in rocksDB at /home/runner/work/ozone/ozone/hadoop-ozone/integration-test/target/test-dir/MiniOzoneClusterImpl-bfa5a98b-f4fa-4e92-9252-0122c5abb8e0/ozone-meta/db.snapshots/checkpointState/om.db-aaba6b08-ad03-42d1-85f1-86d421c49f4e in 15 milliseconds
2023-06-29 22:13:42,168 [OMDoubleBufferFlushThread] INFO  db.RDBCheckpointUtils (RDBCheckpointUtils.java:waitForCheckpointDirectoryExist(59)) - Waited for 1 milliseconds for checkpoint directory /home/runner/work/ozone/ozone/hadoop-ozone/integration-test/target/test-dir/MiniOzoneClusterImpl-bfa5a98b-f4fa-4e92-9252-0122c5abb8e0/ozone-meta/db.snapshots/checkpointState/om.db-aaba6b08-ad03-42d1-85f1-86d421c49f4e availability.
2023-06-29 22:13:42,168 [OMDoubleBufferFlushThread] INFO  om.OmSnapshotManager (OmSnapshotManager.java:createOmSnapshotCheckpoint(463)) - Created checkpoint : /home/runner/work/ozone/ozone/hadoop-ozone/integration-test/target/test-dir/MiniOzoneClusterImpl-bfa5a98b-f4fa-4e92-9252-0122c5abb8e0/ozone-meta/db.snapshots/checkpointState/om.db-aaba6b08-ad03-42d1-85f1-86d421c49f4e for snapshot bucket1snap2
2023-06-29 22:13:42,246 [KeyDeletingService#0] INFO  snapshot.SnapshotCache (SnapshotCache.java:lambda$1(166)) - Loading snapshot. Table key: /vol1/bucket1/bucket1snap2
2023-06-29 22:13:42,246 [KeyDeletingService#0] WARN  server.ServerUtils (ServerUtils.java:getDBPath(311)) - ozone.om.db.dirs is not configured. We recommend adding this setting. Falling back to ozone.metadata.dirs instead.
2023-06-29 22:13:42,246 [KeyDeletingService#0] INFO  helpers.OmKeyInfo (OmKeyInfo.java:getCodec(71)) - OmKeyInfo.getCodec ignorePipeline = true
2023-06-29 22:13:42,284 [KeyDeletingService#0] INFO  snapshot.SnapshotCache (SnapshotCache.java:lambda$1(166)) - Loading snapshot. Table key: /vol1/bucket1/bucket1snap1
2023-06-29 22:13:43,152 [main] INFO  ozone.TestSnapshotDeletingService (TestSnapshotDeletingService.java:assertTableRowCount(565)) - snapshotInfoTable actual row count=2, expectedCount=2
2023-06-29 22:13:43,153 [main] INFO  ozone.TestSnapshotDeletingService (TestSnapshotDeletingService.java:assertTableRowCount(565)) - deletedTable actual row count=0, expectedCount=0
2023-06-29 22:13:45,183 [main] INFO  ozone.TestSnapshotDeletingService (TestSnapshotDeletingService.java:assertTableRowCount(565)) - keyTable actual row count=1, expectedCount=1
2023-06-29 22:13:45,183 [main] INFO  ozone.TestSnapshotDeletingService (TestSnapshotDeletingService.java:assertTableRowCount(565)) - deletedTable actual row count=1, expectedCount=0
2023-06-29 22:13:45,246 [KeyDeletingService#0] INFO  snapshot.SnapshotCache (SnapshotCache.java:lambda$1(166)) - Loading snapshot. Table key: /vol1/bucket1/bucket1snap2
2023-06-29 22:13:46,184 [main] INFO  ozone.TestSnapshotDeletingService (TestSnapshotDeletingService.java:assertTableRowCount(565)) - deletedTable actual row count=0, expectedCount=0
2023-06-29 22:13:46,187 [OM StateMachine ApplyTransaction Thread - 0] INFO  snapshot.OMSnapshotCreateRequest (OMSnapshotCreateRequest.java:validateAndUpdateCache(193)) - Created snapshot: 'bucket1snap3' with snapshotId: 'c6966c3a-3b07-4d41-b0fb-c0fdbe4858fd' under path 'vol1/bucket1'
2023-06-29 22:13:46,188 [main] INFO  ozone.TestSnapshotDeletingService (TestSnapshotDeletingService.java:assertTableRowCount(565)) - snapshotInfoTable actual row count=2, expectedCount=3
2023-06-29 22:13:46,203 [OMDoubleBufferFlushThread] INFO  db.RDBCheckpointManager (RDBCheckpointManager.java:createCheckpoint(89)) - Created checkpoint in rocksDB at /home/runner/work/ozone/ozone/hadoop-ozone/integration-test/target/test-dir/MiniOzoneClusterImpl-bfa5a98b-f4fa-4e92-9252-0122c5abb8e0/ozone-meta/db.snapshots/checkpointState/om.db-c6966c3a-3b07-4d41-b0fb-c0fdbe4858fd in 15 milliseconds
2023-06-29 22:13:46,204 [OMDoubleBufferFlushThread] INFO  db.RDBCheckpointUtils (RDBCheckpointUtils.java:waitForCheckpointDirectoryExist(59)) - Waited for 0 milliseconds for checkpoint directory /home/runner/work/ozone/ozone/hadoop-ozone/integration-test/target/test-dir/MiniOzoneClusterImpl-bfa5a98b-f4fa-4e92-9252-0122c5abb8e0/ozone-meta/db.snapshots/checkpointState/om.db-c6966c3a-3b07-4d41-b0fb-c0fdbe4858fd availability.
2023-06-29 22:13:46,204 [OMDoubleBufferFlushThread] INFO  om.OmSnapshotManager (OmSnapshotManager.java:createOmSnapshotCheckpoint(463)) - Created checkpoint : /home/runner/work/ozone/ozone/hadoop-ozone/integration-test/target/test-dir/MiniOzoneClusterImpl-bfa5a98b-f4fa-4e92-9252-0122c5abb8e0/ozone-meta/db.snapshots/checkpointState/om.db-c6966c3a-3b07-4d41-b0fb-c0fdbe4858fd for snapshot bucket1snap3
2023-06-29 22:13:46,247 [KeyDeletingService#0] INFO  snapshot.SnapshotCache (SnapshotCache.java:lambda$1(166)) - Loading snapshot. Table key: /vol1/bucket1/bucket1snap3
2023-06-29 22:13:46,247 [KeyDeletingService#0] WARN  server.ServerUtils (ServerUtils.java:getDBPath(311)) - ozone.om.db.dirs is not configured. We recommend adding this setting. Falling back to ozone.metadata.dirs instead.
2023-06-29 22:13:46,247 [KeyDeletingService#0] INFO  helpers.OmKeyInfo (OmKeyInfo.java:getCodec(71)) - OmKeyInfo.getCodec ignorePipeline = true
2023-06-29 22:13:46,291 [KeyDeletingService#0] INFO  snapshot.SnapshotCache (SnapshotCache.java:lambda$1(166)) - Loading snapshot. Table key: /vol1/bucket1/bucket1snap2
2023-06-29 22:13:47,189 [main] INFO  ozone.TestSnapshotDeletingService (TestSnapshotDeletingService.java:assertTableRowCount(565)) - snapshotInfoTable actual row count=3, expectedCount=3
2023-06-29 22:13:47,195 [OM StateMachine ApplyTransaction Thread - 0] INFO  snapshot.OMSnapshotDeleteRequest (OMSnapshotDeleteRequest.java:validateAndUpdateCache(225)) - Deleted snapshot 'bucket1snap2' under path 'vol1/bucket1'
2023-06-29 22:13:47,197 [main] INFO  ozone.TestSnapshotDeletingService (TestSnapshotDeletingService.java:assertTableRowCount(565)) - snapshotInfoTable actual row count=3, expectedCount=2
2023-06-29 22:13:47,246 [SnapshotDeletingService#0] INFO  snapshot.SnapshotCache (SnapshotCache.java:lambda$1(166)) - Loading snapshot. Table key: /vol1/bucket1/bucket1snap2
2023-06-29 22:13:47,249 [SnapshotDeletingService#0] INFO  snapshot.SnapshotCache (SnapshotCache.java:lambda$1(166)) - Loading snapshot. Table key: /vol1/bucket1/bucket1snap1
2023-06-29 22:13:47,251 [OMDoubleBufferFlushThread] INFO  snapshot.SnapshotCache (SnapshotCache.java:lambda$1(166)) - Loading snapshot. Table key: /vol1/bucket1/bucket1snap2
2023-06-29 22:13:47,253 [OM StateMachine ApplyTransaction Thread - 0] INFO  upgrade.AbstractLayoutVersionManager (AbstractLayoutVersionManager.java:init(83)) - Initializing Layout version manager with metadata layout = QUOTA (version = 6), software layout = QUOTA (version = 6)
2023-06-29 22:13:47,253 [OMDoubleBufferFlushThread] INFO  snapshot.SnapshotCache (SnapshotCache.java:lambda$1(166)) - Loading snapshot. Table key: /vol1/bucket1/bucket1snap2
2023-06-29 22:13:47,254 [OMDoubleBufferFlushThread] INFO  snapshot.SnapshotCache (SnapshotCache.java:lambda$1(166)) - Loading snapshot. Table key: /vol1/bucket1/bucket1snap3
2023-06-29 22:13:47,746 [SnapshotDeletingService#0] INFO  snapshot.SnapshotCache (SnapshotCache.java:lambda$1(166)) - Loading snapshot. Table key: /vol1/bucket1/bucket1snap2
2023-06-29 22:13:48,198 [main] INFO  ozone.TestSnapshotDeletingService (TestSnapshotDeletingService.java:assertTableRowCount(565)) - snapshotInfoTable actual row count=2, expectedCount=2
2023-06-29 22:13:48,200 [main] INFO  rpc.RpcClient (RpcClient.java:createBucket(687)) - Creating Bucket: vol1/bucket2, with bucket layout LEGACY, runner as owner, Versioning false, Storage Type set to DISK and Encryption set to false, Replication Type set to server-side default replication type, Namespace Quota set to -1, Space Quota set to -1 
2023-06-29 22:13:48,203 [OM StateMachine ApplyTransaction Thread - 0] INFO  bucket.OMBucketCreateRequest (OMBucketCreateRequest.java:validateAndUpdateCache(270)) - created bucket: bucket2 of layout LEGACY in volume: vol1
2023-06-29 22:13:48,247 [KeyDeletingService#0] INFO  snapshot.SnapshotCache (SnapshotCache.java:lambda$1(166)) - Loading snapshot. Table key: /vol1/bucket1/bucket1snap3
2023-06-29 22:13:48,247 [KeyDeletingService#0] INFO  snapshot.SnapshotCache (SnapshotCache.java:lambda$1(166)) - Loading snapshot. Table key: /vol1/bucket1/bucket1snap1
2023-06-29 22:13:49,703 [OM StateMachine ApplyTransaction Thread - 0] INFO  snapshot.OMSnapshotCreateRequest (OMSnapshotCreateRequest.java:validateAndUpdateCache(193)) - Created snapshot: 'bucket2snap1' with snapshotId: 'f5a597b8-9c0b-4f61-a3d5-1cb5872e1c38' under path 'vol1/bucket2'
2023-06-29 22:13:49,704 [main] INFO  ozone.TestSnapshotDeletingService (TestSnapshotDeletingService.java:assertTableRowCount(565)) - snapshotInfoTable actual row count=2, expectedCount=3
2023-06-29 22:13:49,712 [Thread-1469] INFO  rocksdiff.RocksDBCheckpointDiffer (RocksDBCheckpointDiffer.java:onCompactionCompleted(527)) - Skipped the compaction entry. Compaction input files: [/home/runner/work/ozone/ozone/hadoop-ozone/integration-test/target/test-dir/MiniOzoneClusterImpl-bfa5a98b-f4fa-4e92-9252-0122c5abb8e0/ozone-meta/om.db/000065.sst, /home/runner/work/ozone/ozone/hadoop-ozone/integration-test/target/test-dir/MiniOzoneClusterImpl-bfa5a98b-f4fa-4e92-9252-0122c5abb8e0/ozone-meta/om.db/000058.sst, /home/runner/work/ozone/ozone/hadoop-ozone/integration-test/target/test-dir/MiniOzoneClusterImpl-bfa5a98b-f4fa-4e92-9252-0122c5abb8e0/ozone-meta/om.db/000051.sst] and output files: [/home/runner/work/ozone/ozone/hadoop-ozone/integration-test/target/test-dir/MiniOzoneClusterImpl-bfa5a98b-f4fa-4e92-9252-0122c5abb8e0/ozone-meta/om.db/000065.sst, /home/runner/work/ozone/ozone/hadoop-ozone/integration-test/target/test-dir/MiniOzoneClusterImpl-bfa5a98b-f4fa-4e92-9252-0122c5abb8e0/ozone-meta/om.db/000058.sst, /home/runner/work/ozone/ozone/hadoop-ozone/integration-test/target/test-dir/MiniOzoneClusterImpl-bfa5a98b-f4fa-4e92-9252-0122c5abb8e0/ozone-meta/om.db/000051.sst] are same.
2023-06-29 22:13:49,721 [Thread-1509] INFO  rocksdiff.RocksDBCheckpointDiffer (RocksDBCheckpointDiffer.java:onCompactionCompleted(527)) - Skipped the compaction entry. Compaction input files: [/home/runner/work/ozone/ozone/hadoop-ozone/integration-test/target/test-dir/MiniOzoneClusterImpl-bfa5a98b-f4fa-4e92-9252-0122c5abb8e0/ozone-meta/om.db/000075.sst, /home/runner/work/ozone/ozone/hadoop-ozone/integration-test/target/test-dir/MiniOzoneClusterImpl-bfa5a98b-f4fa-4e92-9252-0122c5abb8e0/ozone-meta/om.db/000067.sst, /home/runner/work/ozone/ozone/hadoop-ozone/integration-test/target/test-dir/MiniOzoneClusterImpl-bfa5a98b-f4fa-4e92-9252-0122c5abb8e0/ozone-meta/om.db/000060.sst, /home/runner/work/ozone/ozone/hadoop-ozone/integration-test/target/test-dir/MiniOzoneClusterImpl-bfa5a98b-f4fa-4e92-9252-0122c5abb8e0/ozone-meta/om.db/000053.sst] and output files: [/home/runner/work/ozone/ozone/hadoop-ozone/integration-test/target/test-dir/MiniOzoneClusterImpl-bfa5a98b-f4fa-4e92-9252-0122c5abb8e0/ozone-meta/om.db/000075.sst, /home/runner/work/ozone/ozone/hadoop-ozone/integration-test/target/test-dir/MiniOzoneClusterImpl-bfa5a98b-f4fa-4e92-9252-0122c5abb8e0/ozone-meta/om.db/000067.sst, /home/runner/work/ozone/ozone/hadoop-ozone/integration-test/target/test-dir/MiniOzoneClusterImpl-bfa5a98b-f4fa-4e92-9252-0122c5abb8e0/ozone-meta/om.db/000060.sst, /home/runner/work/ozone/ozone/hadoop-ozone/integration-test/target/test-dir/MiniOzoneClusterImpl-bfa5a98b-f4fa-4e92-9252-0122c5abb8e0/ozone-meta/om.db/000053.sst] are same.
2023-06-29 22:13:49,729 [OMDoubleBufferFlushThread] INFO  db.RDBCheckpointManager (RDBCheckpointManager.java:createCheckpoint(89)) - Created checkpoint in rocksDB at /home/runner/work/ozone/ozone/hadoop-ozone/integration-test/target/test-dir/MiniOzoneClusterImpl-bfa5a98b-f4fa-4e92-9252-0122c5abb8e0/ozone-meta/db.snapshots/checkpointState/om.db-f5a597b8-9c0b-4f61-a3d5-1cb5872e1c38 in 24 milliseconds
2023-06-29 22:13:49,743 [OMDoubleBufferFlushThread] INFO  db.RDBCheckpointUtils (RDBCheckpointUtils.java:waitForCheckpointDirectoryExist(59)) - Waited for 13 milliseconds for checkpoint directory /home/runner/work/ozone/ozone/hadoop-ozone/integration-test/target/test-dir/MiniOzoneClusterImpl-bfa5a98b-f4fa-4e92-9252-0122c5abb8e0/ozone-meta/db.snapshots/checkpointState/om.db-f5a597b8-9c0b-4f61-a3d5-1cb5872e1c38 availability.
2023-06-29 22:13:49,744 [OMDoubleBufferFlushThread] INFO  om.OmSnapshotManager (OmSnapshotManager.java:createOmSnapshotCheckpoint(463)) - Created checkpoint : /home/runner/work/ozone/ozone/hadoop-ozone/integration-test/target/test-dir/MiniOzoneClusterImpl-bfa5a98b-f4fa-4e92-9252-0122c5abb8e0/ozone-meta/db.snapshots/checkpointState/om.db-f5a597b8-9c0b-4f61-a3d5-1cb5872e1c38 for snapshot bucket2snap1
2023-06-29 22:13:49,749 [KeyDeletingService#0] INFO  snapshot.SnapshotCache (SnapshotCache.java:lambda$1(166)) - Loading snapshot. Table key: /vol1/bucket2/bucket2snap1
2023-06-29 22:13:49,749 [KeyDeletingService#0] WARN  server.ServerUtils (ServerUtils.java:getDBPath(311)) - ozone.om.db.dirs is not configured. We recommend adding this setting. Falling back to ozone.metadata.dirs instead.
2023-06-29 22:13:49,750 [KeyDeletingService#0] INFO  helpers.OmKeyInfo (OmKeyInfo.java:getCodec(71)) - OmKeyInfo.getCodec ignorePipeline = true
2023-06-29 22:13:50,705 [main] INFO  ozone.TestSnapshotDeletingService (TestSnapshotDeletingService.java:assertTableRowCount(565)) - snapshotInfoTable actual row count=3, expectedCount=3
2023-06-29 22:13:50,714 [main] INFO  ozone.TestSnapshotDeletingService (TestSnapshotDeletingService.java:assertTableRowCount(565)) - deletedTable actual row count=1, expectedCount=2
2023-06-29 22:13:50,749 [KeyDeletingService#0] INFO  snapshot.SnapshotCache (SnapshotCache.java:lambda$1(166)) - Loading snapshot. Table key: /vol1/bucket2/bucket2snap1
2023-06-29 22:13:50,750 [KeyDeletingService#0] INFO  snapshot.SnapshotCache (SnapshotCache.java:lambda$1(166)) - Loading snapshot. Table key: /vol1/bucket2/bucket2snap1
2023-06-29 22:13:51,249 [KeyDeletingService#0] INFO  snapshot.SnapshotCache (SnapshotCache.java:lambda$1(166)) - Loading snapshot. Table key: /vol1/bucket2/bucket2snap1
2023-06-29 22:13:51,250 [KeyDeletingService#0] INFO  snapshot.SnapshotCache (SnapshotCache.java:lambda$1(166)) - Loading snapshot. Table key: /vol1/bucket2/bucket2snap1
2023-06-29 22:13:51,715 [main] INFO  ozone.TestSnapshotDeletingService (TestSnapshotDeletingService.java:assertTableRowCount(565)) - deletedTable actual row count=2, expectedCount=2
2023-06-29 22:13:51,718 [OM StateMachine ApplyTransaction Thread - 0] INFO  snapshot.OMSnapshotDeleteRequest (OMSnapshotDeleteRequest.java:validateAndUpdateCache(225)) - Deleted snapshot 'bucket2snap1' under path 'vol1/bucket2'
2023-06-29 22:13:51,720 [main] INFO  ozone.TestSnapshotDeletingService (TestSnapshotDeletingService.java:assertTableRowCount(565)) - snapshotInfoTable actual row count=3, expectedCount=2
2023-06-29 22:13:51,749 [KeyDeletingService#0] INFO  snapshot.SnapshotCache (SnapshotCache.java:lambda$1(166)) - Loading snapshot. Table key: /vol1/bucket2/bucket2snap1
2023-06-29 22:13:51,750 [KeyDeletingService#0] INFO  snapshot.SnapshotCache (SnapshotCache.java:lambda$1(166)) - Loading snapshot. Table key: /vol1/bucket2/bucket2snap1
2023-06-29 22:13:51,751 [SnapshotDeletingService#0] INFO  snapshot.SnapshotCache (SnapshotCache.java:lambda$1(166)) - Loading snapshot. Table key: /vol1/bucket2/bucket2snap1
2023-06-29 22:13:52,721 [main] INFO  ozone.TestSnapshotDeletingService (TestSnapshotDeletingService.java:assertTableRowCount(565)) - snapshotInfoTable actual row count=2, expectedCount=2
2023-06-29 22:13:52,721 [main] INFO  ozone.TestSnapshotDeletingService (TestSnapshotDeletingService.java:assertTableRowCount(565)) - deletedTable actual row count=0, expectedCount=0
2023-06-29 22:13:52,736 [main] INFO  ozone.MiniOzoneClusterImpl (MiniOzoneClusterImpl.java:shutdown(443)) - Shutting down the Mini Ozone Cluster
2023-06-29 22:13:52,736 [main] INFO  ozone.MiniOzoneClusterImpl (MiniOzoneClusterImpl.java:stop(460)) - Stopping the Mini Ozone Cluster
2023-06-29 22:13:52,736 [main] INFO  ozone.MiniOzoneClusterImpl (MiniOzoneClusterImpl.java:stopOM(551)) - Stopping the OzoneManager
2023-06-29 22:13:52,736 [main] INFO  om.OzoneManager (OzoneManager.java:stop(2196)) - om1[localhost:15039]: Stopping Ozone Manager
2023-06-29 22:13:52,736 [main] INFO  ipc.Server (Server.java:stop(3523)) - Stopping server on 15039
2023-06-29 22:13:52,740 [IPC Server Responder] INFO  ipc.Server (Server.java:run(1567)) - Stopping IPC Server Responder
2023-06-29 22:13:52,740 [IPC Server listener on 15039] INFO  ipc.Server (Server.java:run(1434)) - Stopping IPC Server listener on 15039
2023-06-29 22:13:52,740 [main] INFO  server.RaftServer (RaftServerProxy.java:lambda$close$6(416)) - om1: close
2023-06-29 22:13:52,741 [main] INFO  server.GrpcService (GrpcService.java:closeImpl(311)) - om1: shutdown server GrpcServerProtocolService now
2023-06-29 22:13:52,741 [om1-impl-thread1] INFO  server.RaftServer$Division (RaftServerImpl.java:lambda$close$4(466)) - om1@group-C5BA1605619E: shutdown
2023-06-29 22:13:52,741 [om1-impl-thread1] INFO  util.JmxRegister (JmxRegister.java:unregister(73)) - Successfully un-registered JMX Bean with object name Ratis:service=RaftServer,group=group-C5BA1605619E,id=om1
2023-06-29 22:13:52,741 [om1-impl-thread1] INFO  impl.RoleInfo (RoleInfo.java:shutdownLeaderState(93)) - om1: shutdown om1@group-C5BA1605619E-LeaderStateImpl
2023-06-29 22:13:52,741 [om1-impl-thread1] INFO  impl.PendingRequests (PendingRequests.java:sendNotLeaderResponses(289)) - om1@group-C5BA1605619E-PendingRequests: sendNotLeaderResponses
2023-06-29 22:13:52,741 [main] INFO  server.GrpcService (GrpcService.java:closeImpl(320)) - om1: shutdown server GrpcServerProtocolService successfully
2023-06-29 22:13:52,746 [om1-impl-thread1] INFO  impl.StateMachineUpdater (StateMachineUpdater.java:stopAndJoin(155)) - om1@group-C5BA1605619E-StateMachineUpdater: set stopIndex = 86
2023-06-29 22:13:52,746 [om1@group-C5BA1605619E-StateMachineUpdater] INFO  ratis.OzoneManagerStateMachine (OzoneManagerStateMachine.java:takeSnapshot(479)) - Current Snapshot Index (t:1, i:86)
2023-06-29 22:13:52,758 [om1@group-C5BA1605619E-StateMachineUpdater] INFO  impl.StateMachineUpdater (StateMachineUpdater.java:takeSnapshot(291)) - om1@group-C5BA1605619E-StateMachineUpdater: Took a snapshot at index 86
2023-06-29 22:13:52,758 [om1@group-C5BA1605619E-StateMachineUpdater] INFO  impl.StateMachineUpdater (StateMachineUpdater.java:lambda$new$0(97)) - om1@group-C5BA1605619E-StateMachineUpdater: snapshotIndex: updateIncreasingly -1 -> 86
2023-06-29 22:13:52,758 [om1@group-C5BA1605619E-StateMachineUpdater] INFO  ratis.OzoneManagerStateMachine (OzoneManagerStateMachine.java:close(533)) - StateMachine has shutdown. Shutdown OzoneManager if not already shutdown.
2023-06-29 22:13:52,758 [om1@group-C5BA1605619E-StateMachineUpdater] INFO  ratis.OzoneManagerDoubleBuffer (OzoneManagerDoubleBuffer.java:stopDaemon(551)) - Stopping OMDoubleBuffer flush thread
2023-06-29 22:13:52,759 [OMDoubleBufferFlushThread] INFO  ratis.OzoneManagerDoubleBuffer (OzoneManagerDoubleBuffer.java:canFlush(638)) - OMDoubleBuffer flush thread OMDoubleBufferFlushThread is interrupted and will exit.
2023-06-29 22:13:52,759 [om1-impl-thread1] INFO  server.RaftServer$Division (ServerState.java:close(472)) - om1@group-C5BA1605619E: closes. applyIndex: 86
2023-06-29 22:13:53,254 [om1-impl-thread1] INFO  segmented.SegmentedRaftLogWorker (SegmentedRaftLogWorker.java:close(252)) - om1@group-C5BA1605619E-SegmentedRaftLogWorker close()
2023-06-29 22:13:53,255 [JvmPauseMonitor6] INFO  util.JvmPauseMonitor (JvmPauseMonitor.java:run(109)) - JvmPauseMonitor-om1: Stopped
2023-06-29 22:13:53,255 [main] INFO  ratis.OzoneManagerStateMachine (OzoneManagerStateMachine.java:close(533)) - StateMachine has shutdown. Shutdown OzoneManager if not already shutdown.
2023-06-29 22:13:53,255 [main] INFO  ratis.OzoneManagerDoubleBuffer (OzoneManagerDoubleBuffer.java:stopDaemon(560)) - OMDoubleBuffer flush thread is not running.
2023-06-29 22:13:53,256 [main] INFO  utils.BackgroundService (BackgroundService.java:shutdown(141)) - Shutting down service KeyDeletingService
2023-06-29 22:13:53,256 [main] INFO  utils.BackgroundService (BackgroundService.java:shutdown(141)) - Shutting down service KeyDeletingService
2023-06-29 22:13:53,256 [main] INFO  utils.BackgroundService (BackgroundService.java:shutdown(141)) - Shutting down service OpenKeyCleanupService
2023-06-29 22:13:53,257 [main] INFO  utils.BackgroundService (BackgroundService.java:shutdown(141)) - Shutting down service SstFilteringService
2023-06-29 22:13:53,257 [main] INFO  utils.BackgroundService (BackgroundService.java:shutdown(141)) - Shutting down service SnapshotDeletingService
2023-06-29 22:13:53,257 [main] INFO  handler.ContextHandler (ContextHandler.java:doStop(1159)) - Stopped o.e.j.w.WebAppContext@1cb50ab1{ozoneManager,/,null,STOPPED}{file:/home/runner/work/ozone/ozone/hadoop-ozone/integration-test/target/test-classes/webapps/ozoneManager}
2023-06-29 22:13:53,258 [main] INFO  server.AbstractConnector (AbstractConnector.java:doStop(383)) - Stopped ServerConnector@13bd20fc{HTTP/1.1, (http/1.1)}{0.0.0.0:15040}
2023-06-29 22:13:53,258 [main] INFO  server.session (HouseKeeper.java:stopScavenging(149)) - node0 Stopped scavenging
2023-06-29 22:13:53,258 [main] INFO  handler.ContextHandler (ContextHandler.java:doStop(1159)) - Stopped o.e.j.s.ServletContextHandler@a6719ed{static,/static,file:///home/runner/work/ozone/ozone/hadoop-ozone/integration-test/target/test-classes/webapps/static,STOPPED}
2023-06-29 22:13:53,258 [main] INFO  handler.ContextHandler (ContextHandler.java:doStop(1159)) - Stopped o.e.j.s.ServletContextHandler@25b905fd{logs,/logs,file:///home/runner/work/ozone/ozone/hadoop-ozone/integration-test/target/log,STOPPED}
2023-06-29 22:13:53,262 [main] INFO  snapshot.SnapshotDiffManager (SnapshotDiffManager.java:closeExecutorService(1699)) - Shutting down executorService: 'SnapDiffExecutor'
2023-06-29 22:13:53,262 [main] INFO  snapshot.SnapshotDiffManager (SnapshotDiffManager.java:closeExecutorService(1699)) - Shutting down executorService: 'SstDumpToolExecutor'
2023-06-29 22:13:53,268 [main] INFO  utils.BackgroundService (BackgroundService.java:shutdown(141)) - Shutting down service SnapshotDiffCleanupService
2023-06-29 22:13:53,269 [main] INFO  ozone.MiniOzoneClusterImpl (MiniOzoneClusterImpl.java:stopDatanodes(528)) - Stopping the HddsDatanodes
2023-06-29 22:13:53,272 [ForkJoinPool.commonPool-worker-3] INFO  ozoneimpl.OzoneContainer (OzoneContainer.java:stop(441)) - Attempting to stop container services.
2023-06-29 22:13:53,272 [main] INFO  ozoneimpl.OzoneContainer (OzoneContainer.java:stop(441)) - Attempting to stop container services.
2023-06-29 22:13:53,275 [main] INFO  server.RaftServer (RaftServerProxy.java:lambda$close$6(416)) - 6201354d-b529-4d76-9c06-546548fd1ab2: close
2023-06-29 22:13:53,275 [6201354d-b529-4d76-9c06-546548fd1ab2-impl-thread1] INFO  server.RaftServer$Division (RaftServerImpl.java:lambda$close$4(466)) - 6201354d-b529-4d76-9c06-546548fd1ab2@group-7DB4392FB4FF: shutdown
2023-06-29 22:13:53,275 [6201354d-b529-4d76-9c06-546548fd1ab2-impl-thread1] INFO  util.JmxRegister (JmxRegister.java:unregister(73)) - Successfully un-registered JMX Bean with object name Ratis:service=RaftServer,group=group-7DB4392FB4FF,id=6201354d-b529-4d76-9c06-546548fd1ab2
2023-06-29 22:13:53,275 [6201354d-b529-4d76-9c06-546548fd1ab2-impl-thread1] INFO  impl.RoleInfo (RoleInfo.java:shutdownLeaderState(93)) - 6201354d-b529-4d76-9c06-546548fd1ab2: shutdown 6201354d-b529-4d76-9c06-546548fd1ab2@group-7DB4392FB4FF-LeaderStateImpl
2023-06-29 22:13:53,275 [6201354d-b529-4d76-9c06-546548fd1ab2-impl-thread2] INFO  server.RaftServer$Division (RaftServerImpl.java:lambda$close$4(466)) - 6201354d-b529-4d76-9c06-546548fd1ab2@group-7FE45D17EFF9: shutdown
2023-06-29 22:13:53,275 [6201354d-b529-4d76-9c06-546548fd1ab2-impl-thread1] INFO  impl.PendingRequests (PendingRequests.java:sendNotLeaderResponses(289)) - 6201354d-b529-4d76-9c06-546548fd1ab2@group-7DB4392FB4FF-PendingRequests: sendNotLeaderResponses
2023-06-29 22:13:53,275 [6201354d-b529-4d76-9c06-546548fd1ab2-impl-thread2] INFO  util.JmxRegister (JmxRegister.java:unregister(73)) - Successfully un-registered JMX Bean with object name Ratis:service=RaftServer,group=group-7FE45D17EFF9,id=6201354d-b529-4d76-9c06-546548fd1ab2
2023-06-29 22:13:53,275 [6201354d-b529-4d76-9c06-546548fd1ab2-impl-thread2] INFO  impl.RoleInfo (RoleInfo.java:shutdownFollowerState(110)) - 6201354d-b529-4d76-9c06-546548fd1ab2: shutdown 6201354d-b529-4d76-9c06-546548fd1ab2@group-7FE45D17EFF9-FollowerState
2023-06-29 22:13:53,275 [main] INFO  server.GrpcService (GrpcService.java:closeImpl(311)) - 6201354d-b529-4d76-9c06-546548fd1ab2: shutdown server org.apache.ratis.grpc.server.GrpcClientProtocolService now
2023-06-29 22:13:53,275 [6201354d-b529-4d76-9c06-546548fd1ab2-impl-thread1] INFO  impl.StateMachineUpdater (StateMachineUpdater.java:stopAndJoin(155)) - 6201354d-b529-4d76-9c06-546548fd1ab2@group-7DB4392FB4FF-StateMachineUpdater: set stopIndex = 0
2023-06-29 22:13:53,276 [6201354d-b529-4d76-9c06-546548fd1ab2@group-7DB4392FB4FF-StateMachineUpdater] INFO  ratis.ContainerStateMachine (ContainerStateMachine.java:takeSnapshot(330)) - group-7DB4392FB4FF: Taking a snapshot at:(t:1, i:0) file /home/runner/work/ozone/ozone/hadoop-ozone/integration-test/target/test-dir/MiniOzoneClusterImpl-bfa5a98b-f4fa-4e92-9252-0122c5abb8e0/datanode-1/data/ratis/0d395748-e0ec-4f06-b62f-7db4392fb4ff/sm/snapshot.1_0
2023-06-29 22:13:53,277 [6201354d-b529-4d76-9c06-546548fd1ab2@group-7DB4392FB4FF-StateMachineUpdater] INFO  ratis.ContainerStateMachine (ContainerStateMachine.java:takeSnapshot(341)) - group-7DB4392FB4FF: Finished taking a snapshot at:(t:1, i:0) file:/home/runner/work/ozone/ozone/hadoop-ozone/integration-test/target/test-dir/MiniOzoneClusterImpl-bfa5a98b-f4fa-4e92-9252-0122c5abb8e0/datanode-1/data/ratis/0d395748-e0ec-4f06-b62f-7db4392fb4ff/sm/snapshot.1_0 took: 1 ms
2023-06-29 22:13:53,277 [6201354d-b529-4d76-9c06-546548fd1ab2@group-7DB4392FB4FF-StateMachineUpdater] INFO  impl.StateMachineUpdater (StateMachineUpdater.java:takeSnapshot(291)) - 6201354d-b529-4d76-9c06-546548fd1ab2@group-7DB4392FB4FF-StateMachineUpdater: Took a snapshot at index 0
2023-06-29 22:13:53,277 [6201354d-b529-4d76-9c06-546548fd1ab2@group-7DB4392FB4FF-StateMachineUpdater] INFO  impl.StateMachineUpdater (StateMachineUpdater.java:lambda$new$0(97)) - 6201354d-b529-4d76-9c06-546548fd1ab2@group-7DB4392FB4FF-StateMachineUpdater: snapshotIndex: updateIncreasingly -1 -> 0
2023-06-29 22:13:53,277 [6201354d-b529-4d76-9c06-546548fd1ab2-impl-thread1] INFO  server.RaftServer$Division (ServerState.java:close(472)) - 6201354d-b529-4d76-9c06-546548fd1ab2@group-7DB4392FB4FF: closes. applyIndex: 0
2023-06-29 22:13:53,278 [ForkJoinPool.commonPool-worker-3] INFO  server.RaftServer (RaftServerProxy.java:lambda$close$6(416)) - d2d950cc-944e-4199-a77a-102171d6307b: close
2023-06-29 22:13:53,278 [6201354d-b529-4d76-9c06-546548fd1ab2@group-7FE45D17EFF9-FollowerState] INFO  impl.FollowerState (FollowerState.java:run(152)) - 6201354d-b529-4d76-9c06-546548fd1ab2@group-7FE45D17EFF9-FollowerState was interrupted
2023-06-29 22:13:53,278 [6201354d-b529-4d76-9c06-546548fd1ab2-impl-thread2] INFO  impl.StateMachineUpdater (StateMachineUpdater.java:stopAndJoin(155)) - 6201354d-b529-4d76-9c06-546548fd1ab2@group-7FE45D17EFF9-StateMachineUpdater: set stopIndex = 268
2023-06-29 22:13:53,278 [6201354d-b529-4d76-9c06-546548fd1ab2-impl-thread3] INFO  server.RaftServer$Division (RaftServerImpl.java:lambda$close$4(466)) - 6201354d-b529-4d76-9c06-546548fd1ab2@group-E24561C9A68A: shutdown
2023-06-29 22:13:53,278 [6201354d-b529-4d76-9c06-546548fd1ab2@group-7FE45D17EFF9-StateMachineUpdater] INFO  ratis.ContainerStateMachine (ContainerStateMachine.java:takeSnapshot(330)) - group-7FE45D17EFF9: Taking a snapshot at:(t:1, i:268) file /home/runner/work/ozone/ozone/hadoop-ozone/integration-test/target/test-dir/MiniOzoneClusterImpl-bfa5a98b-f4fa-4e92-9252-0122c5abb8e0/datanode-1/data/ratis/c95aa8f6-79fb-4fa0-bf9c-7fe45d17eff9/sm/snapshot.1_268
2023-06-29 22:13:53,278 [6201354d-b529-4d76-9c06-546548fd1ab2-impl-thread3] INFO  util.JmxRegister (JmxRegister.java:unregister(73)) - Successfully un-registered JMX Bean with object name Ratis:service=RaftServer,group=group-E24561C9A68A,id=6201354d-b529-4d76-9c06-546548fd1ab2
2023-06-29 22:13:53,278 [6201354d-b529-4d76-9c06-546548fd1ab2-impl-thread3] INFO  impl.RoleInfo (RoleInfo.java:shutdownFollowerState(110)) - 6201354d-b529-4d76-9c06-546548fd1ab2: shutdown 6201354d-b529-4d76-9c06-546548fd1ab2@group-E24561C9A68A-FollowerState
2023-06-29 22:13:53,279 [6201354d-b529-4d76-9c06-546548fd1ab2@group-7FE45D17EFF9-StateMachineUpdater] INFO  ratis.ContainerStateMachine (ContainerStateMachine.java:takeSnapshot(341)) - group-7FE45D17EFF9: Finished taking a snapshot at:(t:1, i:268) file:/home/runner/work/ozone/ozone/hadoop-ozone/integration-test/target/test-dir/MiniOzoneClusterImpl-bfa5a98b-f4fa-4e92-9252-0122c5abb8e0/datanode-1/data/ratis/c95aa8f6-79fb-4fa0-bf9c-7fe45d17eff9/sm/snapshot.1_268 took: 1 ms
2023-06-29 22:13:53,279 [6201354d-b529-4d76-9c06-546548fd1ab2@group-7FE45D17EFF9-StateMachineUpdater] INFO  impl.StateMachineUpdater (StateMachineUpdater.java:takeSnapshot(291)) - 6201354d-b529-4d76-9c06-546548fd1ab2@group-7FE45D17EFF9-StateMachineUpdater: Took a snapshot at index 268
2023-06-29 22:13:53,279 [6201354d-b529-4d76-9c06-546548fd1ab2@group-7FE45D17EFF9-StateMachineUpdater] INFO  impl.StateMachineUpdater (StateMachineUpdater.java:lambda$new$0(97)) - 6201354d-b529-4d76-9c06-546548fd1ab2@group-7FE45D17EFF9-StateMachineUpdater: snapshotIndex: updateIncreasingly -1 -> 268
2023-06-29 22:13:53,285 [d2d950cc-944e-4199-a77a-102171d6307b-impl-thread1] INFO  server.RaftServer$Division (RaftServerImpl.java:lambda$close$4(466)) - d2d950cc-944e-4199-a77a-102171d6307b@group-7FE45D17EFF9: shutdown
2023-06-29 22:13:53,285 [d2d950cc-944e-4199-a77a-102171d6307b-impl-thread1] INFO  util.JmxRegister (JmxRegister.java:unregister(73)) - Successfully un-registered JMX Bean with object name Ratis:service=RaftServer,group=group-7FE45D17EFF9,id=d2d950cc-944e-4199-a77a-102171d6307b
2023-06-29 22:13:53,285 [d2d950cc-944e-4199-a77a-102171d6307b-impl-thread1] INFO  impl.RoleInfo (RoleInfo.java:shutdownFollowerState(110)) - d2d950cc-944e-4199-a77a-102171d6307b: shutdown d2d950cc-944e-4199-a77a-102171d6307b@group-7FE45D17EFF9-FollowerState
2023-06-29 22:13:53,286 [ForkJoinPool.commonPool-worker-3] INFO  server.GrpcService (GrpcService.java:closeImpl(311)) - d2d950cc-944e-4199-a77a-102171d6307b: shutdown server org.apache.ratis.grpc.server.GrpcClientProtocolService now
2023-06-29 22:13:53,286 [d2d950cc-944e-4199-a77a-102171d6307b-impl-thread2] INFO  server.RaftServer$Division (RaftServerImpl.java:lambda$close$4(466)) - d2d950cc-944e-4199-a77a-102171d6307b@group-33ACF6849E3B: shutdown
2023-06-29 22:13:53,286 [d2d950cc-944e-4199-a77a-102171d6307b-impl-thread2] INFO  util.JmxRegister (JmxRegister.java:unregister(73)) - Successfully un-registered JMX Bean with object name Ratis:service=RaftServer,group=group-33ACF6849E3B,id=d2d950cc-944e-4199-a77a-102171d6307b
2023-06-29 22:13:53,286 [d2d950cc-944e-4199-a77a-102171d6307b-impl-thread3] INFO  server.RaftServer$Division (RaftServerImpl.java:lambda$close$4(466)) - d2d950cc-944e-4199-a77a-102171d6307b@group-E24561C9A68A: shutdown
2023-06-29 22:13:53,286 [d2d950cc-944e-4199-a77a-102171d6307b-impl-thread2] INFO  impl.RoleInfo (RoleInfo.java:shutdownLeaderState(93)) - d2d950cc-944e-4199-a77a-102171d6307b: shutdown d2d950cc-944e-4199-a77a-102171d6307b@group-33ACF6849E3B-LeaderStateImpl
2023-06-29 22:13:53,286 [d2d950cc-944e-4199-a77a-102171d6307b-impl-thread3] INFO  util.JmxRegister (JmxRegister.java:unregister(73)) - Successfully un-registered JMX Bean with object name Ratis:service=RaftServer,group=group-E24561C9A68A,id=d2d950cc-944e-4199-a77a-102171d6307b
2023-06-29 22:13:53,286 [d2d950cc-944e-4199-a77a-102171d6307b-impl-thread3] INFO  impl.RoleInfo (RoleInfo.java:shutdownLeaderState(93)) - d2d950cc-944e-4199-a77a-102171d6307b: shutdown d2d950cc-944e-4199-a77a-102171d6307b@group-E24561C9A68A-LeaderStateImpl
2023-06-29 22:13:53,286 [d2d950cc-944e-4199-a77a-102171d6307b-impl-thread2] INFO  impl.PendingRequests (PendingRequests.java:sendNotLeaderResponses(289)) - d2d950cc-944e-4199-a77a-102171d6307b@group-33ACF6849E3B-PendingRequests: sendNotLeaderResponses
2023-06-29 22:13:53,286 [6201354d-b529-4d76-9c06-546548fd1ab2-impl-thread3] INFO  impl.StateMachineUpdater (StateMachineUpdater.java:stopAndJoin(155)) - 6201354d-b529-4d76-9c06-546548fd1ab2@group-E24561C9A68A-StateMachineUpdater: set stopIndex = 305
2023-06-29 22:13:53,287 [6201354d-b529-4d76-9c06-546548fd1ab2@group-E24561C9A68A-FollowerState] INFO  impl.FollowerState (FollowerState.java:run(152)) - 6201354d-b529-4d76-9c06-546548fd1ab2@group-E24561C9A68A-FollowerState was interrupted
2023-06-29 22:13:53,289 [Thread-1630] INFO  server.GrpcServerProtocolClient (GrpcServerProtocolClient.java:close(103)) - da0563b2-473a-4d54-878d-0928433366ac Close channels
2023-06-29 22:13:53,290 [6201354d-b529-4d76-9c06-546548fd1ab2-impl-thread2] INFO  server.RaftServer$Division (ServerState.java:close(472)) - 6201354d-b529-4d76-9c06-546548fd1ab2@group-7FE45D17EFF9: closes. applyIndex: 268
2023-06-29 22:13:53,290 [6201354d-b529-4d76-9c06-546548fd1ab2@group-E24561C9A68A-StateMachineUpdater] INFO  ratis.ContainerStateMachine (ContainerStateMachine.java:takeSnapshot(330)) - group-E24561C9A68A: Taking a snapshot at:(t:1, i:305) file /home/runner/work/ozone/ozone/hadoop-ozone/integration-test/target/test-dir/MiniOzoneClusterImpl-bfa5a98b-f4fa-4e92-9252-0122c5abb8e0/datanode-1/data/ratis/71241815-c4ec-4dd8-92ba-e24561c9a68a/sm/snapshot.1_305
2023-06-29 22:13:53,290 [Thread-1631] INFO  server.GrpcServerProtocolClient (GrpcServerProtocolClient.java:close(103)) - 6201354d-b529-4d76-9c06-546548fd1ab2 Close channels
2023-06-29 22:13:53,290 [d2d950cc-944e-4199-a77a-102171d6307b@group-E24561C9A68A->6201354d-b529-4d76-9c06-546548fd1ab2-GrpcLogAppender-LogAppenderDaemon] WARN  server.GrpcLogAppender (GrpcLogAppender.java:mayWait(199)) - d2d950cc-944e-4199-a77a-102171d6307b@group-E24561C9A68A->6201354d-b529-4d76-9c06-546548fd1ab2-GrpcLogAppender: Wait interrupted by java.lang.InterruptedException
2023-06-29 22:13:53,290 [d2d950cc-944e-4199-a77a-102171d6307b-impl-thread3] INFO  impl.PendingRequests (PendingRequests.java:sendNotLeaderResponses(289)) - d2d950cc-944e-4199-a77a-102171d6307b@group-E24561C9A68A-PendingRequests: sendNotLeaderResponses
2023-06-29 22:13:53,291 [d2d950cc-944e-4199-a77a-102171d6307b-impl-thread1] INFO  impl.StateMachineUpdater (StateMachineUpdater.java:stopAndJoin(155)) - d2d950cc-944e-4199-a77a-102171d6307b@group-7FE45D17EFF9-StateMachineUpdater: set stopIndex = 268
2023-06-29 22:13:53,291 [d2d950cc-944e-4199-a77a-102171d6307b@group-7FE45D17EFF9-FollowerState] INFO  impl.FollowerState (FollowerState.java:run(152)) - d2d950cc-944e-4199-a77a-102171d6307b@group-7FE45D17EFF9-FollowerState was interrupted
2023-06-29 22:13:53,291 [d2d950cc-944e-4199-a77a-102171d6307b@group-7FE45D17EFF9-StateMachineUpdater] INFO  ratis.ContainerStateMachine (ContainerStateMachine.java:takeSnapshot(330)) - group-7FE45D17EFF9: Taking a snapshot at:(t:1, i:268) file /home/runner/work/ozone/ozone/hadoop-ozone/integration-test/target/test-dir/MiniOzoneClusterImpl-bfa5a98b-f4fa-4e92-9252-0122c5abb8e0/datanode-0/data/ratis/c95aa8f6-79fb-4fa0-bf9c-7fe45d17eff9/sm/snapshot.1_268
2023-06-29 22:13:53,291 [grpc-default-executor-5] INFO  server.GrpcServerProtocolService (GrpcServerProtocolService.java:onCompleted(155)) - 6201354d-b529-4d76-9c06-546548fd1ab2: Completed APPEND_ENTRIES, lastRequest: null
2023-06-29 22:13:53,291 [grpc-default-executor-2] INFO  server.GrpcServerProtocolService (GrpcServerProtocolService.java:onCompleted(155)) - 6201354d-b529-4d76-9c06-546548fd1ab2: Completed APPEND_ENTRIES, lastRequest: d2d950cc-944e-4199-a77a-102171d6307b->6201354d-b529-4d76-9c06-546548fd1ab2#330-t1,previous=(t:1, i:304),leaderCommit=304,initializing? true,entries: size=1, first=(t:1, i:305), METADATAENTRY(c:304)
2023-06-29 22:13:53,291 [grpc-default-executor-2] INFO  server.GrpcServerProtocolService (GrpcServerProtocolService.java:lambda$onCompleted$5(157)) - 6201354d-b529-4d76-9c06-546548fd1ab2: Completed APPEND_ENTRIES, lastReply: null
2023-06-29 22:13:53,292 [grpc-default-executor-5] INFO  server.GrpcServerProtocolService (GrpcServerProtocolService.java:lambda$onCompleted$5(157)) - 6201354d-b529-4d76-9c06-546548fd1ab2: Completed APPEND_ENTRIES, lastReply: serverReply {
  requestorId: "d2d950cc-944e-4199-a77a-102171d6307b"
  replyId: "6201354d-b529-4d76-9c06-546548fd1ab2"
  raftGroupId {
    id: "q$\030\025\304\354M\330\222\272\342Ea\311\246\212"
  }
  callId: 334
  success: true
}
term: 1
nextIndex: 306
followerCommit: 305
matchIndex: 18446744073709551615
isHearbeat: true

2023-06-29 22:13:53,290 [d2d950cc-944e-4199-a77a-102171d6307b@group-E24561C9A68A->da0563b2-473a-4d54-878d-0928433366ac-GrpcLogAppender-LogAppenderDaemon] WARN  server.GrpcLogAppender (GrpcLogAppender.java:mayWait(199)) - d2d950cc-944e-4199-a77a-102171d6307b@group-E24561C9A68A->da0563b2-473a-4d54-878d-0928433366ac-GrpcLogAppender: Wait interrupted by java.lang.InterruptedException
2023-06-29 22:13:53,292 [d2d950cc-944e-4199-a77a-102171d6307b@group-7FE45D17EFF9-StateMachineUpdater] INFO  ratis.ContainerStateMachine (ContainerStateMachine.java:takeSnapshot(341)) - group-7FE45D17EFF9: Finished taking a snapshot at:(t:1, i:268) file:/home/runner/work/ozone/ozone/hadoop-ozone/integration-test/target/test-dir/MiniOzoneClusterImpl-bfa5a98b-f4fa-4e92-9252-0122c5abb8e0/datanode-0/data/ratis/c95aa8f6-79fb-4fa0-bf9c-7fe45d17eff9/sm/snapshot.1_268 took: 1 ms
2023-06-29 22:13:53,292 [d2d950cc-944e-4199-a77a-102171d6307b@group-7FE45D17EFF9-StateMachineUpdater] INFO  impl.StateMachineUpdater (StateMachineUpdater.java:takeSnapshot(291)) - d2d950cc-944e-4199-a77a-102171d6307b@group-7FE45D17EFF9-StateMachineUpdater: Took a snapshot at index 268
2023-06-29 22:13:53,292 [d2d950cc-944e-4199-a77a-102171d6307b@group-7FE45D17EFF9-StateMachineUpdater] INFO  impl.StateMachineUpdater (StateMachineUpdater.java:lambda$new$0(97)) - d2d950cc-944e-4199-a77a-102171d6307b@group-7FE45D17EFF9-StateMachineUpdater: snapshotIndex: updateIncreasingly -1 -> 268
2023-06-29 22:13:53,293 [d2d950cc-944e-4199-a77a-102171d6307b-impl-thread1] INFO  server.RaftServer$Division (ServerState.java:close(472)) - d2d950cc-944e-4199-a77a-102171d6307b@group-7FE45D17EFF9: closes. applyIndex: 268
2023-06-29 22:13:53,293 [6201354d-b529-4d76-9c06-546548fd1ab2@group-E24561C9A68A-StateMachineUpdater] INFO  ratis.ContainerStateMachine (ContainerStateMachine.java:takeSnapshot(341)) - group-E24561C9A68A: Finished taking a snapshot at:(t:1, i:305) file:/home/runner/work/ozone/ozone/hadoop-ozone/integration-test/target/test-dir/MiniOzoneClusterImpl-bfa5a98b-f4fa-4e92-9252-0122c5abb8e0/datanode-1/data/ratis/71241815-c4ec-4dd8-92ba-e24561c9a68a/sm/snapshot.1_305 took: 3 ms
2023-06-29 22:13:53,293 [grpc-default-executor-4] INFO  server.GrpcLogAppender (GrpcLogAppender.java:onCompleted(428)) - d2d950cc-944e-4199-a77a-102171d6307b@group-E24561C9A68A->6201354d-b529-4d76-9c06-546548fd1ab2-AppendLogResponseHandler: follower responses appendEntries COMPLETED
2023-06-29 22:13:53,293 [grpc-default-executor-4] WARN  server.GrpcLogAppender (GrpcLogAppender.java:resetClient(137)) - d2d950cc-944e-4199-a77a-102171d6307b@group-E24561C9A68A->6201354d-b529-4d76-9c06-546548fd1ab2-GrpcLogAppender: Failed to getClient for 6201354d-b529-4d76-9c06-546548fd1ab2
org.apache.ratis.protocol.exceptions.AlreadyClosedException: d2d950cc-944e-4199-a77a-102171d6307b is already CLOSED
	at org.apache.ratis.util.PeerProxyMap$PeerAndProxy.getProxy(PeerProxyMap.java:61)
	at org.apache.ratis.util.PeerProxyMap.getProxy(PeerProxyMap.java:115)
	at org.apache.ratis.grpc.server.GrpcLogAppender.getClient(GrpcLogAppender.java:112)
	at org.apache.ratis.grpc.server.GrpcLogAppender.resetClient(GrpcLogAppender.java:117)
	at org.apache.ratis.grpc.server.GrpcLogAppender.access$500(GrpcLogAppender.java:56)
	at org.apache.ratis.grpc.server.GrpcLogAppender$AppendLogResponseHandler.onCompleted(GrpcLogAppender.java:429)
	at org.apache.ratis.thirdparty.io.grpc.stub.ClientCalls$StreamObserverToCallListenerAdapter.onClose(ClientCalls.java:485)
	at org.apache.ratis.thirdparty.io.grpc.internal.ClientCallImpl.closeObserver(ClientCallImpl.java:563)
	at org.apache.ratis.thirdparty.io.grpc.internal.ClientCallImpl.access$300(ClientCallImpl.java:70)
	at org.apache.ratis.thirdparty.io.grpc.internal.ClientCallImpl$ClientStreamListenerImpl$1StreamClosed.runInternal(ClientCallImpl.java:744)
	at org.apache.ratis.thirdparty.io.grpc.internal.ClientCallImpl$ClientStreamListenerImpl$1StreamClosed.runInContext(ClientCallImpl.java:723)
	at org.apache.ratis.thirdparty.io.grpc.internal.ContextRunnable.run(ContextRunnable.java:37)
	at org.apache.ratis.thirdparty.io.grpc.internal.SerializingExecutor.run(SerializingExecutor.java:133)
	at java.util.concurrent.ThreadPoolExecutor.runWorker(ThreadPoolExecutor.java:1149)
	at java.util.concurrent.ThreadPoolExecutor$Worker.run(ThreadPoolExecutor.java:624)
	at java.lang.Thread.run(Thread.java:750)
2023-06-29 22:13:53,293 [grpc-default-executor-1] INFO  server.GrpcLogAppender (GrpcLogAppender.java:onCompleted(428)) - d2d950cc-944e-4199-a77a-102171d6307b@group-E24561C9A68A->6201354d-b529-4d76-9c06-546548fd1ab2-AppendLogResponseHandler: follower responses appendEntries COMPLETED
2023-06-29 22:13:53,294 [grpc-default-executor-1] WARN  server.GrpcLogAppender (GrpcLogAppender.java:resetClient(137)) - d2d950cc-944e-4199-a77a-102171d6307b@group-E24561C9A68A->6201354d-b529-4d76-9c06-546548fd1ab2-GrpcLogAppender: Failed to getClient for 6201354d-b529-4d76-9c06-546548fd1ab2
org.apache.ratis.protocol.exceptions.AlreadyClosedException: d2d950cc-944e-4199-a77a-102171d6307b is already CLOSED
	at org.apache.ratis.util.PeerProxyMap$PeerAndProxy.getProxy(PeerProxyMap.java:61)
	at org.apache.ratis.util.PeerProxyMap.getProxy(PeerProxyMap.java:115)
	at org.apache.ratis.grpc.server.GrpcLogAppender.getClient(GrpcLogAppender.java:112)
	at org.apache.ratis.grpc.server.GrpcLogAppender.resetClient(GrpcLogAppender.java:117)
	at org.apache.ratis.grpc.server.GrpcLogAppender.access$500(GrpcLogAppender.java:56)
	at org.apache.ratis.grpc.server.GrpcLogAppender$AppendLogResponseHandler.onCompleted(GrpcLogAppender.java:429)
	at org.apache.ratis.thirdparty.io.grpc.stub.ClientCalls$StreamObserverToCallListenerAdapter.onClose(ClientCalls.java:485)
	at org.apache.ratis.thirdparty.io.grpc.internal.ClientCallImpl.closeObserver(ClientCallImpl.java:563)
	at org.apache.ratis.thirdparty.io.grpc.internal.ClientCallImpl.access$300(ClientCallImpl.java:70)
	at org.apache.ratis.thirdparty.io.grpc.internal.ClientCallImpl$ClientStreamListenerImpl$1StreamClosed.runInternal(ClientCallImpl.java:744)
	at org.apache.ratis.thirdparty.io.grpc.internal.ClientCallImpl$ClientStreamListenerImpl$1StreamClosed.runInContext(ClientCallImpl.java:723)
	at org.apache.ratis.thirdparty.io.grpc.internal.ContextRunnable.run(ContextRunnable.java:37)
	at org.apache.ratis.thirdparty.io.grpc.internal.SerializingExecutor.run(SerializingExecutor.java:133)
	at java.util.concurrent.ThreadPoolExecutor.runWorker(ThreadPoolExecutor.java:1149)
	at java.util.concurrent.ThreadPoolExecutor$Worker.run(ThreadPoolExecutor.java:624)
	at java.lang.Thread.run(Thread.java:750)
2023-06-29 22:13:53,293 [6201354d-b529-4d76-9c06-546548fd1ab2@group-E24561C9A68A-StateMachineUpdater] INFO  impl.StateMachineUpdater (StateMachineUpdater.java:takeSnapshot(291)) - 6201354d-b529-4d76-9c06-546548fd1ab2@group-E24561C9A68A-StateMachineUpdater: Took a snapshot at index 305
2023-06-29 22:13:53,297 [6201354d-b529-4d76-9c06-546548fd1ab2@group-E24561C9A68A-StateMachineUpdater] INFO  impl.StateMachineUpdater (StateMachineUpdater.java:lambda$new$0(97)) - 6201354d-b529-4d76-9c06-546548fd1ab2@group-E24561C9A68A-StateMachineUpdater: snapshotIndex: updateIncreasingly -1 -> 305
2023-06-29 22:13:53,296 [grpc-default-executor-2] INFO  server.GrpcServerProtocolService (GrpcServerProtocolService.java:onCompleted(155)) - da0563b2-473a-4d54-878d-0928433366ac: Completed APPEND_ENTRIES, lastRequest: null
2023-06-29 22:13:53,297 [main] INFO  server.GrpcService (GrpcService.java:closeImpl(320)) - 6201354d-b529-4d76-9c06-546548fd1ab2: shutdown server org.apache.ratis.grpc.server.GrpcClientProtocolService successfully
2023-06-29 22:13:53,298 [main] INFO  server.GrpcService (GrpcService.java:closeImpl(311)) - 6201354d-b529-4d76-9c06-546548fd1ab2: shutdown server GrpcServerProtocolService now
2023-06-29 22:13:53,296 [grpc-default-executor-5] INFO  server.GrpcServerProtocolService (GrpcServerProtocolService.java:onCompleted(155)) - da0563b2-473a-4d54-878d-0928433366ac: Completed APPEND_ENTRIES, lastRequest: d2d950cc-944e-4199-a77a-102171d6307b->da0563b2-473a-4d54-878d-0928433366ac#324-t1,previous=(t:1, i:304),leaderCommit=305,initializing? true,entries: size=1, first=(t:1, i:305), METADATAENTRY(c:304)
2023-06-29 22:13:53,298 [grpc-default-executor-5] INFO  server.GrpcServerProtocolService (GrpcServerProtocolService.java:lambda$onCompleted$5(157)) - da0563b2-473a-4d54-878d-0928433366ac: Completed APPEND_ENTRIES, lastReply: null
2023-06-29 22:13:53,297 [grpc-default-executor-2] INFO  server.GrpcServerProtocolService (GrpcServerProtocolService.java:lambda$onCompleted$5(157)) - da0563b2-473a-4d54-878d-0928433366ac: Completed APPEND_ENTRIES, lastReply: serverReply {
  requestorId: "d2d950cc-944e-4199-a77a-102171d6307b"
  replyId: "da0563b2-473a-4d54-878d-0928433366ac"
  raftGroupId {
    id: "q$\030\025\304\354M\330\222\272\342Ea\311\246\212"
  }
  callId: 325
  success: true
}
term: 1
nextIndex: 306
followerCommit: 305
matchIndex: 18446744073709551615
isHearbeat: true

2023-06-29 22:13:53,299 [grpc-default-executor-5] WARN  server.GrpcServerProtocolService (LogUtils.java:warn(122)) - 6201354d-b529-4d76-9c06-546548fd1ab2: APPEND_ENTRIES onError, lastRequest: da0563b2-473a-4d54-878d-0928433366ac->6201354d-b529-4d76-9c06-546548fd1ab2#305-t1,previous=(t:1, i:267),leaderCommit=267,initializing? true,entries: size=1, first=(t:1, i:268), METADATAENTRY(c:267): org.apache.ratis.thirdparty.io.grpc.StatusRuntimeException: CANCELLED: client cancelled
2023-06-29 22:13:53,303 [d2d950cc-944e-4199-a77a-102171d6307b@group-33ACF6849E3B-StateMachineUpdater] INFO  ratis.ContainerStateMachine (ContainerStateMachine.java:takeSnapshot(330)) - group-33ACF6849E3B: Taking a snapshot at:(t:1, i:0) file /home/runner/work/ozone/ozone/hadoop-ozone/integration-test/target/test-dir/MiniOzoneClusterImpl-bfa5a98b-f4fa-4e92-9252-0122c5abb8e0/datanode-0/data/ratis/31f0558c-3031-469e-9647-33acf6849e3b/sm/snapshot.1_0
2023-06-29 22:13:53,303 [d2d950cc-944e-4199-a77a-102171d6307b-impl-thread2] INFO  impl.StateMachineUpdater (StateMachineUpdater.java:stopAndJoin(155)) - d2d950cc-944e-4199-a77a-102171d6307b@group-33ACF6849E3B-StateMachineUpdater: set stopIndex = 0
2023-06-29 22:13:53,304 [6201354d-b529-4d76-9c06-546548fd1ab2-impl-thread3] INFO  server.RaftServer$Division (ServerState.java:close(472)) - 6201354d-b529-4d76-9c06-546548fd1ab2@group-E24561C9A68A: closes. applyIndex: 305
2023-06-29 22:13:53,304 [d2d950cc-944e-4199-a77a-102171d6307b-impl-thread3] INFO  impl.StateMachineUpdater (StateMachineUpdater.java:stopAndJoin(155)) - d2d950cc-944e-4199-a77a-102171d6307b@group-E24561C9A68A-StateMachineUpdater: set stopIndex = 305
2023-06-29 22:13:53,304 [d2d950cc-944e-4199-a77a-102171d6307b@group-33ACF6849E3B-StateMachineUpdater] INFO  ratis.ContainerStateMachine (ContainerStateMachine.java:takeSnapshot(341)) - group-33ACF6849E3B: Finished taking a snapshot at:(t:1, i:0) file:/home/runner/work/ozone/ozone/hadoop-ozone/integration-test/target/test-dir/MiniOzoneClusterImpl-bfa5a98b-f4fa-4e92-9252-0122c5abb8e0/datanode-0/data/ratis/31f0558c-3031-469e-9647-33acf6849e3b/sm/snapshot.1_0 took: 1 ms
2023-06-29 22:13:53,304 [d2d950cc-944e-4199-a77a-102171d6307b@group-33ACF6849E3B-StateMachineUpdater] INFO  impl.StateMachineUpdater (StateMachineUpdater.java:takeSnapshot(291)) - d2d950cc-944e-4199-a77a-102171d6307b@group-33ACF6849E3B-StateMachineUpdater: Took a snapshot at index 0
2023-06-29 22:13:53,304 [d2d950cc-944e-4199-a77a-102171d6307b@group-33ACF6849E3B-StateMachineUpdater] INFO  impl.StateMachineUpdater (StateMachineUpdater.java:lambda$new$0(97)) - d2d950cc-944e-4199-a77a-102171d6307b@group-33ACF6849E3B-StateMachineUpdater: snapshotIndex: updateIncreasingly -1 -> 0
2023-06-29 22:13:53,304 [d2d950cc-944e-4199-a77a-102171d6307b-impl-thread2] INFO  server.RaftServer$Division (ServerState.java:close(472)) - d2d950cc-944e-4199-a77a-102171d6307b@group-33ACF6849E3B: closes. applyIndex: 0
2023-06-29 22:13:53,304 [ForkJoinPool.commonPool-worker-0] INFO  ozoneimpl.OzoneContainer (OzoneContainer.java:stop(441)) - Attempting to stop container services.
2023-06-29 22:13:53,307 [grpc-default-executor-5] WARN  server.GrpcLogAppender (LogUtils.java:warn(122)) - da0563b2-473a-4d54-878d-0928433366ac@group-7FE45D17EFF9->6201354d-b529-4d76-9c06-546548fd1ab2-AppendLogResponseHandler: Failed appendEntries: org.apache.ratis.thirdparty.io.grpc.StatusRuntimeException: CANCELLED: RST_STREAM closed stream. HTTP/2 error code: CANCEL
2023-06-29 22:13:53,307 [grpc-default-executor-5] INFO  leader.FollowerInfo (FollowerInfoImpl.java:lambda$new$0(52)) - da0563b2-473a-4d54-878d-0928433366ac@group-7FE45D17EFF9->6201354d-b529-4d76-9c06-546548fd1ab2: decreaseNextIndex nextIndex: updateUnconditionally 269 -> 268
2023-06-29 22:13:53,307 [grpc-default-executor-1] WARN  server.GrpcServerProtocolService (LogUtils.java:warn(122)) - 6201354d-b529-4d76-9c06-546548fd1ab2: APPEND_ENTRIES onError, lastRequest: null: org.apache.ratis.thirdparty.io.grpc.StatusRuntimeException: CANCELLED: client cancelled
2023-06-29 22:13:53,307 [d2d950cc-944e-4199-a77a-102171d6307b@group-E24561C9A68A-StateMachineUpdater] INFO  ratis.ContainerStateMachine (ContainerStateMachine.java:takeSnapshot(330)) - group-E24561C9A68A: Taking a snapshot at:(t:1, i:305) file /home/runner/work/ozone/ozone/hadoop-ozone/integration-test/target/test-dir/MiniOzoneClusterImpl-bfa5a98b-f4fa-4e92-9252-0122c5abb8e0/datanode-0/data/ratis/71241815-c4ec-4dd8-92ba-e24561c9a68a/sm/snapshot.1_305
2023-06-29 22:13:53,307 [grpc-default-executor-4] INFO  server.GrpcLogAppender (GrpcLogAppender.java:onCompleted(428)) - d2d950cc-944e-4199-a77a-102171d6307b@group-E24561C9A68A->da0563b2-473a-4d54-878d-0928433366ac-AppendLogResponseHandler: follower responses appendEntries COMPLETED
2023-06-29 22:13:53,307 [grpc-default-executor-4] WARN  server.GrpcLogAppender (GrpcLogAppender.java:resetClient(137)) - d2d950cc-944e-4199-a77a-102171d6307b@group-E24561C9A68A->da0563b2-473a-4d54-878d-0928433366ac-GrpcLogAppender: Failed to getClient for da0563b2-473a-4d54-878d-0928433366ac
org.apache.ratis.protocol.exceptions.AlreadyClosedException: d2d950cc-944e-4199-a77a-102171d6307b is already CLOSED
	at org.apache.ratis.util.PeerProxyMap$PeerAndProxy.getProxy(PeerProxyMap.java:61)
	at org.apache.ratis.util.PeerProxyMap.getProxy(PeerProxyMap.java:115)
	at org.apache.ratis.grpc.server.GrpcLogAppender.getClient(GrpcLogAppender.java:112)
	at org.apache.ratis.grpc.server.GrpcLogAppender.resetClient(GrpcLogAppender.java:117)
	at org.apache.ratis.grpc.server.GrpcLogAppender.access$500(GrpcLogAppender.java:56)
	at org.apache.ratis.grpc.server.GrpcLogAppender$AppendLogResponseHandler.onCompleted(GrpcLogAppender.java:429)
	at org.apache.ratis.thirdparty.io.grpc.stub.ClientCalls$StreamObserverToCallListenerAdapter.onClose(ClientCalls.java:485)
	at org.apache.ratis.thirdparty.io.grpc.internal.ClientCallImpl.closeObserver(ClientCallImpl.java:563)
	at org.apache.ratis.thirdparty.io.grpc.internal.ClientCallImpl.access$300(ClientCallImpl.java:70)
	at org.apache.ratis.thirdparty.io.grpc.internal.ClientCallImpl$ClientStreamListenerImpl$1StreamClosed.runInternal(ClientCallImpl.java:744)
	at org.apache.ratis.thirdparty.io.grpc.internal.ClientCallImpl$ClientStreamListenerImpl$1StreamClosed.runInContext(ClientCallImpl.java:723)
	at org.apache.ratis.thirdparty.io.grpc.internal.ContextRunnable.run(ContextRunnable.java:37)
	at org.apache.ratis.thirdparty.io.grpc.internal.SerializingExecutor.run(SerializingExecutor.java:133)
	at java.util.concurrent.ThreadPoolExecutor.runWorker(ThreadPoolExecutor.java:1149)
	at java.util.concurrent.ThreadPoolExecutor$Worker.run(ThreadPoolExecutor.java:624)
	at java.lang.Thread.run(Thread.java:750)
2023-06-29 22:13:53,308 [d2d950cc-944e-4199-a77a-102171d6307b@group-E24561C9A68A-StateMachineUpdater] INFO  ratis.ContainerStateMachine (ContainerStateMachine.java:takeSnapshot(341)) - group-E24561C9A68A: Finished taking a snapshot at:(t:1, i:305) file:/home/runner/work/ozone/ozone/hadoop-ozone/integration-test/target/test-dir/MiniOzoneClusterImpl-bfa5a98b-f4fa-4e92-9252-0122c5abb8e0/datanode-0/data/ratis/71241815-c4ec-4dd8-92ba-e24561c9a68a/sm/snapshot.1_305 took: 1 ms
2023-06-29 22:13:53,308 [d2d950cc-944e-4199-a77a-102171d6307b@group-E24561C9A68A-StateMachineUpdater] INFO  impl.StateMachineUpdater (StateMachineUpdater.java:takeSnapshot(291)) - d2d950cc-944e-4199-a77a-102171d6307b@group-E24561C9A68A-StateMachineUpdater: Took a snapshot at index 305
2023-06-29 22:13:53,308 [d2d950cc-944e-4199-a77a-102171d6307b@group-E24561C9A68A-StateMachineUpdater] INFO  impl.StateMachineUpdater (StateMachineUpdater.java:lambda$new$0(97)) - d2d950cc-944e-4199-a77a-102171d6307b@group-E24561C9A68A-StateMachineUpdater: snapshotIndex: updateIncreasingly -1 -> 305
2023-06-29 22:13:53,308 [d2d950cc-944e-4199-a77a-102171d6307b-impl-thread3] INFO  server.RaftServer$Division (ServerState.java:close(472)) - d2d950cc-944e-4199-a77a-102171d6307b@group-E24561C9A68A: closes. applyIndex: 305
2023-06-29 22:13:53,311 [ForkJoinPool.commonPool-worker-0] INFO  server.RaftServer (RaftServerProxy.java:lambda$close$6(416)) - da0563b2-473a-4d54-878d-0928433366ac: close
2023-06-29 22:13:53,311 [da0563b2-473a-4d54-878d-0928433366ac-impl-thread1] INFO  server.RaftServer$Division (RaftServerImpl.java:lambda$close$4(466)) - da0563b2-473a-4d54-878d-0928433366ac@group-7FE45D17EFF9: shutdown
2023-06-29 22:13:53,311 [da0563b2-473a-4d54-878d-0928433366ac-impl-thread1] INFO  util.JmxRegister (JmxRegister.java:unregister(73)) - Successfully un-registered JMX Bean with object name Ratis:service=RaftServer,group=group-7FE45D17EFF9,id=da0563b2-473a-4d54-878d-0928433366ac
2023-06-29 22:13:53,311 [da0563b2-473a-4d54-878d-0928433366ac-impl-thread1] INFO  impl.RoleInfo (RoleInfo.java:shutdownLeaderState(93)) - da0563b2-473a-4d54-878d-0928433366ac: shutdown da0563b2-473a-4d54-878d-0928433366ac@group-7FE45D17EFF9-LeaderStateImpl
2023-06-29 22:13:53,311 [da0563b2-473a-4d54-878d-0928433366ac-impl-thread1] INFO  impl.PendingRequests (PendingRequests.java:sendNotLeaderResponses(289)) - da0563b2-473a-4d54-878d-0928433366ac@group-7FE45D17EFF9-PendingRequests: sendNotLeaderResponses
2023-06-29 22:13:53,311 [da0563b2-473a-4d54-878d-0928433366ac@group-7FE45D17EFF9->d2d950cc-944e-4199-a77a-102171d6307b-GrpcLogAppender-LogAppenderDaemon] WARN  server.GrpcLogAppender (GrpcLogAppender.java:mayWait(199)) - da0563b2-473a-4d54-878d-0928433366ac@group-7FE45D17EFF9->d2d950cc-944e-4199-a77a-102171d6307b-GrpcLogAppender: Wait interrupted by java.lang.InterruptedException
2023-06-29 22:13:53,311 [da0563b2-473a-4d54-878d-0928433366ac@group-7FE45D17EFF9->6201354d-b529-4d76-9c06-546548fd1ab2-GrpcLogAppender-LogAppenderDaemon] WARN  server.GrpcLogAppender (GrpcLogAppender.java:mayWait(199)) - da0563b2-473a-4d54-878d-0928433366ac@group-7FE45D17EFF9->6201354d-b529-4d76-9c06-546548fd1ab2-GrpcLogAppender: Wait interrupted by java.lang.InterruptedException
2023-06-29 22:13:53,315 [da0563b2-473a-4d54-878d-0928433366ac-impl-thread2] INFO  server.RaftServer$Division (RaftServerImpl.java:lambda$close$4(466)) - da0563b2-473a-4d54-878d-0928433366ac@group-E24561C9A68A: shutdown
2023-06-29 22:13:53,315 [da0563b2-473a-4d54-878d-0928433366ac-impl-thread2] INFO  util.JmxRegister (JmxRegister.java:unregister(73)) - Successfully un-registered JMX Bean with object name Ratis:service=RaftServer,group=group-E24561C9A68A,id=da0563b2-473a-4d54-878d-0928433366ac
2023-06-29 22:13:53,315 [da0563b2-473a-4d54-878d-0928433366ac-impl-thread2] INFO  impl.RoleInfo (RoleInfo.java:shutdownFollowerState(110)) - da0563b2-473a-4d54-878d-0928433366ac: shutdown da0563b2-473a-4d54-878d-0928433366ac@group-E24561C9A68A-FollowerState
2023-06-29 22:13:53,316 [grpc-default-executor-2] INFO  server.GrpcLogAppender (GrpcLogAppender.java:onCompleted(428)) - d2d950cc-944e-4199-a77a-102171d6307b@group-E24561C9A68A->da0563b2-473a-4d54-878d-0928433366ac-AppendLogResponseHandler: follower responses appendEntries COMPLETED
2023-06-29 22:13:53,316 [grpc-default-executor-2] WARN  server.GrpcLogAppender (GrpcLogAppender.java:resetClient(137)) - d2d950cc-944e-4199-a77a-102171d6307b@group-E24561C9A68A->da0563b2-473a-4d54-878d-0928433366ac-GrpcLogAppender: Failed to getClient for da0563b2-473a-4d54-878d-0928433366ac
org.apache.ratis.protocol.exceptions.AlreadyClosedException: d2d950cc-944e-4199-a77a-102171d6307b is already CLOSED
	at org.apache.ratis.util.PeerProxyMap$PeerAndProxy.getProxy(PeerProxyMap.java:61)
	at org.apache.ratis.util.PeerProxyMap.getProxy(PeerProxyMap.java:115)
	at org.apache.ratis.grpc.server.GrpcLogAppender.getClient(GrpcLogAppender.java:112)
	at org.apache.ratis.grpc.server.GrpcLogAppender.resetClient(GrpcLogAppender.java:117)
	at org.apache.ratis.grpc.server.GrpcLogAppender.access$500(GrpcLogAppender.java:56)
	at org.apache.ratis.grpc.server.GrpcLogAppender$AppendLogResponseHandler.onCompleted(GrpcLogAppender.java:429)
	at org.apache.ratis.thirdparty.io.grpc.stub.ClientCalls$StreamObserverToCallListenerAdapter.onClose(ClientCalls.java:485)
	at org.apache.ratis.thirdparty.io.grpc.internal.ClientCallImpl.closeObserver(ClientCallImpl.java:563)
	at org.apache.ratis.thirdparty.io.grpc.internal.ClientCallImpl.access$300(ClientCallImpl.java:70)
	at org.apache.ratis.thirdparty.io.grpc.internal.ClientCallImpl$ClientStreamListenerImpl$1StreamClosed.runInternal(ClientCallImpl.java:744)
	at org.apache.ratis.thirdparty.io.grpc.internal.ClientCallImpl$ClientStreamListenerImpl$1StreamClosed.runInContext(ClientCallImpl.java:723)
	at org.apache.ratis.thirdparty.io.grpc.internal.ContextRunnable.run(ContextRunnable.java:37)
	at org.apache.ratis.thirdparty.io.grpc.internal.SerializingExecutor.run(SerializingExecutor.java:133)
	at java.util.concurrent.ThreadPoolExecutor.runWorker(ThreadPoolExecutor.java:1149)
	at java.util.concurrent.ThreadPoolExecutor$Worker.run(ThreadPoolExecutor.java:624)
	at java.lang.Thread.run(Thread.java:750)
2023-06-29 22:13:53,317 [main] INFO  server.GrpcService (GrpcService.java:closeImpl(320)) - 6201354d-b529-4d76-9c06-546548fd1ab2: shutdown server GrpcServerProtocolService successfully
2023-06-29 22:13:53,317 [main] INFO  server.GrpcService (GrpcService.java:closeImpl(311)) - 6201354d-b529-4d76-9c06-546548fd1ab2: shutdown server org.apache.ratis.grpc.server.GrpcAdminProtocolService now
2023-06-29 22:13:53,325 [grpc-default-executor-1] INFO  server.GrpcLogAppender (GrpcLogAppender.java:onError(417)) - da0563b2-473a-4d54-878d-0928433366ac@group-7FE45D17EFF9->6201354d-b529-4d76-9c06-546548fd1ab2-GrpcLogAppender is already stopped
2023-06-29 22:13:53,325 [grpc-default-executor-2] INFO  server.GrpcServerProtocolService (GrpcServerProtocolService.java:onCompleted(155)) - d2d950cc-944e-4199-a77a-102171d6307b: Completed APPEND_ENTRIES, lastRequest: null
2023-06-29 22:13:53,325 [grpc-default-executor-1] INFO  server.GrpcServerProtocolService (GrpcServerProtocolService.java:onCompleted(155)) - d2d950cc-944e-4199-a77a-102171d6307b: Completed APPEND_ENTRIES, lastRequest: da0563b2-473a-4d54-878d-0928433366ac->d2d950cc-944e-4199-a77a-102171d6307b#313-t1,previous=(t:1, i:267),leaderCommit=267,initializing? true,entries: size=1, first=(t:1, i:268), METADATAENTRY(c:267)
2023-06-29 22:13:53,326 [grpc-default-executor-1] INFO  server.GrpcServerProtocolService (GrpcServerProtocolService.java:lambda$onCompleted$5(157)) - d2d950cc-944e-4199-a77a-102171d6307b: Completed APPEND_ENTRIES, lastReply: null
2023-06-29 22:13:53,326 [grpc-default-executor-2] INFO  server.GrpcServerProtocolService (GrpcServerProtocolService.java:lambda$onCompleted$5(157)) - d2d950cc-944e-4199-a77a-102171d6307b: Completed APPEND_ENTRIES, lastReply: serverReply {
  requestorId: "da0563b2-473a-4d54-878d-0928433366ac"
  replyId: "d2d950cc-944e-4199-a77a-102171d6307b"
  raftGroupId {
    id: "\311Z\250\366y\373O\240\277\234\177\344]\027\357\371"
  }
  callId: 316
  success: true
}
term: 1
nextIndex: 269
followerCommit: 268
matchIndex: 18446744073709551615
isHearbeat: true

2023-06-29 22:13:53,326 [grpc-default-executor-5] INFO  server.GrpcLogAppender (GrpcLogAppender.java:onCompleted(428)) - da0563b2-473a-4d54-878d-0928433366ac@group-7FE45D17EFF9->d2d950cc-944e-4199-a77a-102171d6307b-AppendLogResponseHandler: follower responses appendEntries COMPLETED
2023-06-29 22:13:53,326 [grpc-default-executor-5] INFO  leader.FollowerInfo (FollowerInfoImpl.java:lambda$new$0(52)) - da0563b2-473a-4d54-878d-0928433366ac@group-7FE45D17EFF9->d2d950cc-944e-4199-a77a-102171d6307b: decreaseNextIndex nextIndex: updateUnconditionally 269 -> 268
2023-06-29 22:13:53,327 [da0563b2-473a-4d54-878d-0928433366ac@group-E24561C9A68A-FollowerState] INFO  impl.FollowerState (FollowerState.java:run(152)) - da0563b2-473a-4d54-878d-0928433366ac@group-E24561C9A68A-FollowerState was interrupted
2023-06-29 22:13:53,327 [da0563b2-473a-4d54-878d-0928433366ac@group-E24561C9A68A-StateMachineUpdater] INFO  ratis.ContainerStateMachine (ContainerStateMachine.java:takeSnapshot(330)) - group-E24561C9A68A: Taking a snapshot at:(t:1, i:305) file /home/runner/work/ozone/ozone/hadoop-ozone/integration-test/target/test-dir/MiniOzoneClusterImpl-bfa5a98b-f4fa-4e92-9252-0122c5abb8e0/datanode-2/data/ratis/71241815-c4ec-4dd8-92ba-e24561c9a68a/sm/snapshot.1_305
2023-06-29 22:13:53,328 [da0563b2-473a-4d54-878d-0928433366ac-impl-thread2] INFO  impl.StateMachineUpdater (StateMachineUpdater.java:stopAndJoin(155)) - da0563b2-473a-4d54-878d-0928433366ac@group-E24561C9A68A-StateMachineUpdater: set stopIndex = 305
2023-06-29 22:13:53,330 [da0563b2-473a-4d54-878d-0928433366ac-impl-thread1] INFO  impl.StateMachineUpdater (StateMachineUpdater.java:stopAndJoin(155)) - da0563b2-473a-4d54-878d-0928433366ac@group-7FE45D17EFF9-StateMachineUpdater: set stopIndex = 268
2023-06-29 22:13:53,330 [da0563b2-473a-4d54-878d-0928433366ac@group-7FE45D17EFF9-StateMachineUpdater] INFO  ratis.ContainerStateMachine (ContainerStateMachine.java:takeSnapshot(330)) - group-7FE45D17EFF9: Taking a snapshot at:(t:1, i:268) file /home/runner/work/ozone/ozone/hadoop-ozone/integration-test/target/test-dir/MiniOzoneClusterImpl-bfa5a98b-f4fa-4e92-9252-0122c5abb8e0/datanode-2/data/ratis/c95aa8f6-79fb-4fa0-bf9c-7fe45d17eff9/sm/snapshot.1_268
2023-06-29 22:13:53,331 [grpc-default-executor-4] INFO  server.GrpcLogAppender (GrpcLogAppender.java:onCompleted(428)) - da0563b2-473a-4d54-878d-0928433366ac@group-7FE45D17EFF9->d2d950cc-944e-4199-a77a-102171d6307b-AppendLogResponseHandler: follower responses appendEntries COMPLETED
2023-06-29 22:13:53,331 [grpc-default-executor-4] INFO  leader.FollowerInfo (FollowerInfoImpl.java:lambda$new$0(52)) - da0563b2-473a-4d54-878d-0928433366ac@group-7FE45D17EFF9->d2d950cc-944e-4199-a77a-102171d6307b: decreaseNextIndex nextIndex: updateUnconditionally 268 -> 267
2023-06-29 22:13:53,331 [ForkJoinPool.commonPool-worker-3] INFO  server.GrpcService (GrpcService.java:closeImpl(320)) - d2d950cc-944e-4199-a77a-102171d6307b: shutdown server org.apache.ratis.grpc.server.GrpcClientProtocolService successfully
2023-06-29 22:13:53,331 [ForkJoinPool.commonPool-worker-3] INFO  server.GrpcService (GrpcService.java:closeImpl(311)) - d2d950cc-944e-4199-a77a-102171d6307b: shutdown server GrpcServerProtocolService now
2023-06-29 22:13:53,331 [ForkJoinPool.commonPool-worker-0] INFO  server.GrpcService (GrpcService.java:closeImpl(311)) - da0563b2-473a-4d54-878d-0928433366ac: shutdown server org.apache.ratis.grpc.server.GrpcClientProtocolService now
2023-06-29 22:13:53,331 [da0563b2-473a-4d54-878d-0928433366ac-impl-thread3] INFO  server.RaftServer$Division (RaftServerImpl.java:lambda$close$4(466)) - da0563b2-473a-4d54-878d-0928433366ac@group-E1A2E7AEF88C: shutdown
2023-06-29 22:13:53,331 [da0563b2-473a-4d54-878d-0928433366ac-impl-thread3] INFO  util.JmxRegister (JmxRegister.java:unregister(73)) - Successfully un-registered JMX Bean with object name Ratis:service=RaftServer,group=group-E1A2E7AEF88C,id=da0563b2-473a-4d54-878d-0928433366ac
2023-06-29 22:13:53,331 [da0563b2-473a-4d54-878d-0928433366ac-impl-thread3] INFO  impl.RoleInfo (RoleInfo.java:shutdownLeaderState(93)) - da0563b2-473a-4d54-878d-0928433366ac: shutdown da0563b2-473a-4d54-878d-0928433366ac@group-E1A2E7AEF88C-LeaderStateImpl
2023-06-29 22:13:53,331 [da0563b2-473a-4d54-878d-0928433366ac-impl-thread3] INFO  impl.PendingRequests (PendingRequests.java:sendNotLeaderResponses(289)) - da0563b2-473a-4d54-878d-0928433366ac@group-E1A2E7AEF88C-PendingRequests: sendNotLeaderResponses
2023-06-29 22:13:53,331 [da0563b2-473a-4d54-878d-0928433366ac@group-7FE45D17EFF9-StateMachineUpdater] INFO  ratis.ContainerStateMachine (ContainerStateMachine.java:takeSnapshot(341)) - group-7FE45D17EFF9: Finished taking a snapshot at:(t:1, i:268) file:/home/runner/work/ozone/ozone/hadoop-ozone/integration-test/target/test-dir/MiniOzoneClusterImpl-bfa5a98b-f4fa-4e92-9252-0122c5abb8e0/datanode-2/data/ratis/c95aa8f6-79fb-4fa0-bf9c-7fe45d17eff9/sm/snapshot.1_268 took: 1 ms
2023-06-29 22:13:53,332 [da0563b2-473a-4d54-878d-0928433366ac@group-7FE45D17EFF9-StateMachineUpdater] INFO  impl.StateMachineUpdater (StateMachineUpdater.java:takeSnapshot(291)) - da0563b2-473a-4d54-878d-0928433366ac@group-7FE45D17EFF9-StateMachineUpdater: Took a snapshot at index 268
2023-06-29 22:13:53,332 [da0563b2-473a-4d54-878d-0928433366ac@group-7FE45D17EFF9-StateMachineUpdater] INFO  impl.StateMachineUpdater (StateMachineUpdater.java:lambda$new$0(97)) - da0563b2-473a-4d54-878d-0928433366ac@group-7FE45D17EFF9-StateMachineUpdater: snapshotIndex: updateIncreasingly -1 -> 268
2023-06-29 22:13:53,332 [da0563b2-473a-4d54-878d-0928433366ac-impl-thread3] INFO  impl.StateMachineUpdater (StateMachineUpdater.java:stopAndJoin(155)) - da0563b2-473a-4d54-878d-0928433366ac@group-E1A2E7AEF88C-StateMachineUpdater: set stopIndex = 0
2023-06-29 22:13:53,333 [main] INFO  server.GrpcService (GrpcService.java:closeImpl(320)) - 6201354d-b529-4d76-9c06-546548fd1ab2: shutdown server org.apache.ratis.grpc.server.GrpcAdminProtocolService successfully
2023-06-29 22:13:53,333 [6201354d-b529-4d76-9c06-546548fd1ab2-NettyServerStreamRpc-bossGroup--thread1] INFO  logging.LoggingHandler (AbstractInternalLogger.java:log(148)) - [id: 0x020eba6b, L:/0:0:0:0:0:0:0:0:15059] CLOSE
2023-06-29 22:13:53,334 [6201354d-b529-4d76-9c06-546548fd1ab2-NettyServerStreamRpc-bossGroup--thread1] INFO  logging.LoggingHandler (AbstractInternalLogger.java:log(148)) - [id: 0x020eba6b, L:/0:0:0:0:0:0:0:0:15059] INACTIVE
2023-06-29 22:13:53,334 [6201354d-b529-4d76-9c06-546548fd1ab2-NettyServerStreamRpc-bossGroup--thread1] INFO  logging.LoggingHandler (AbstractInternalLogger.java:log(148)) - [id: 0x020eba6b, L:/0:0:0:0:0:0:0:0:15059] UNREGISTERED
2023-06-29 22:13:53,334 [da0563b2-473a-4d54-878d-0928433366ac@group-E24561C9A68A-StateMachineUpdater] INFO  ratis.ContainerStateMachine (ContainerStateMachine.java:takeSnapshot(341)) - group-E24561C9A68A: Finished taking a snapshot at:(t:1, i:305) file:/home/runner/work/ozone/ozone/hadoop-ozone/integration-test/target/test-dir/MiniOzoneClusterImpl-bfa5a98b-f4fa-4e92-9252-0122c5abb8e0/datanode-2/data/ratis/71241815-c4ec-4dd8-92ba-e24561c9a68a/sm/snapshot.1_305 took: 6 ms
2023-06-29 22:13:53,334 [da0563b2-473a-4d54-878d-0928433366ac@group-E24561C9A68A-StateMachineUpdater] INFO  impl.StateMachineUpdater (StateMachineUpdater.java:takeSnapshot(291)) - da0563b2-473a-4d54-878d-0928433366ac@group-E24561C9A68A-StateMachineUpdater: Took a snapshot at index 305
2023-06-29 22:13:53,334 [da0563b2-473a-4d54-878d-0928433366ac@group-E24561C9A68A-StateMachineUpdater] INFO  impl.StateMachineUpdater (StateMachineUpdater.java:lambda$new$0(97)) - da0563b2-473a-4d54-878d-0928433366ac@group-E24561C9A68A-StateMachineUpdater: snapshotIndex: updateIncreasingly -1 -> 305
2023-06-29 22:13:53,337 [da0563b2-473a-4d54-878d-0928433366ac@group-E1A2E7AEF88C-StateMachineUpdater] INFO  ratis.ContainerStateMachine (ContainerStateMachine.java:takeSnapshot(330)) - group-E1A2E7AEF88C: Taking a snapshot at:(t:1, i:0) file /home/runner/work/ozone/ozone/hadoop-ozone/integration-test/target/test-dir/MiniOzoneClusterImpl-bfa5a98b-f4fa-4e92-9252-0122c5abb8e0/datanode-2/data/ratis/f3a68b27-a9ea-4a33-bd52-e1a2e7aef88c/sm/snapshot.1_0
2023-06-29 22:13:53,338 [da0563b2-473a-4d54-878d-0928433366ac@group-E1A2E7AEF88C-StateMachineUpdater] INFO  ratis.ContainerStateMachine (ContainerStateMachine.java:takeSnapshot(341)) - group-E1A2E7AEF88C: Finished taking a snapshot at:(t:1, i:0) file:/home/runner/work/ozone/ozone/hadoop-ozone/integration-test/target/test-dir/MiniOzoneClusterImpl-bfa5a98b-f4fa-4e92-9252-0122c5abb8e0/datanode-2/data/ratis/f3a68b27-a9ea-4a33-bd52-e1a2e7aef88c/sm/snapshot.1_0 took: 5 ms
2023-06-29 22:13:53,338 [da0563b2-473a-4d54-878d-0928433366ac@group-E1A2E7AEF88C-StateMachineUpdater] INFO  impl.StateMachineUpdater (StateMachineUpdater.java:takeSnapshot(291)) - da0563b2-473a-4d54-878d-0928433366ac@group-E1A2E7AEF88C-StateMachineUpdater: Took a snapshot at index 0
2023-06-29 22:13:53,338 [da0563b2-473a-4d54-878d-0928433366ac@group-E1A2E7AEF88C-StateMachineUpdater] INFO  impl.StateMachineUpdater (StateMachineUpdater.java:lambda$new$0(97)) - da0563b2-473a-4d54-878d-0928433366ac@group-E1A2E7AEF88C-StateMachineUpdater: snapshotIndex: updateIncreasingly -1 -> 0
2023-06-29 22:13:53,338 [da0563b2-473a-4d54-878d-0928433366ac-impl-thread3] INFO  server.RaftServer$Division (ServerState.java:close(472)) - da0563b2-473a-4d54-878d-0928433366ac@group-E1A2E7AEF88C: closes. applyIndex: 0
2023-06-29 22:13:53,338 [ForkJoinPool.commonPool-worker-3] INFO  server.GrpcService (GrpcService.java:closeImpl(320)) - d2d950cc-944e-4199-a77a-102171d6307b: shutdown server GrpcServerProtocolService successfully
2023-06-29 22:13:53,338 [ForkJoinPool.commonPool-worker-3] INFO  server.GrpcService (GrpcService.java:closeImpl(311)) - d2d950cc-944e-4199-a77a-102171d6307b: shutdown server org.apache.ratis.grpc.server.GrpcAdminProtocolService now
2023-06-29 22:13:53,339 [da0563b2-473a-4d54-878d-0928433366ac-impl-thread1] INFO  server.RaftServer$Division (ServerState.java:close(472)) - da0563b2-473a-4d54-878d-0928433366ac@group-7FE45D17EFF9: closes. applyIndex: 268
2023-06-29 22:13:53,348 [ForkJoinPool.commonPool-worker-3] INFO  server.GrpcService (GrpcService.java:closeImpl(320)) - d2d950cc-944e-4199-a77a-102171d6307b: shutdown server org.apache.ratis.grpc.server.GrpcAdminProtocolService successfully
2023-06-29 22:13:53,349 [da0563b2-473a-4d54-878d-0928433366ac-impl-thread2] INFO  server.RaftServer$Division (ServerState.java:close(472)) - da0563b2-473a-4d54-878d-0928433366ac@group-E24561C9A68A: closes. applyIndex: 305
2023-06-29 22:13:53,350 [Thread-1653] INFO  server.GrpcServerProtocolClient (GrpcServerProtocolClient.java:close(103)) - 6201354d-b529-4d76-9c06-546548fd1ab2 Close channels
2023-06-29 22:13:53,350 [Thread-1654] INFO  server.GrpcServerProtocolClient (GrpcServerProtocolClient.java:close(103)) - d2d950cc-944e-4199-a77a-102171d6307b Close channels
2023-06-29 22:13:53,354 [d2d950cc-944e-4199-a77a-102171d6307b-NettyServerStreamRpc-bossGroup--thread1] INFO  logging.LoggingHandler (AbstractInternalLogger.java:log(148)) - [id: 0xf04c9f6e, L:/0:0:0:0:0:0:0:0:15050] CLOSE
2023-06-29 22:13:53,354 [d2d950cc-944e-4199-a77a-102171d6307b-NettyServerStreamRpc-bossGroup--thread1] INFO  logging.LoggingHandler (AbstractInternalLogger.java:log(148)) - [id: 0xf04c9f6e, L:/0:0:0:0:0:0:0:0:15050] INACTIVE
2023-06-29 22:13:53,354 [d2d950cc-944e-4199-a77a-102171d6307b-NettyServerStreamRpc-bossGroup--thread1] INFO  logging.LoggingHandler (AbstractInternalLogger.java:log(148)) - [id: 0xf04c9f6e, L:/0:0:0:0:0:0:0:0:15050] UNREGISTERED
2023-06-29 22:13:53,358 [ForkJoinPool.commonPool-worker-0] INFO  server.GrpcService (GrpcService.java:closeImpl(320)) - da0563b2-473a-4d54-878d-0928433366ac: shutdown server org.apache.ratis.grpc.server.GrpcClientProtocolService successfully
2023-06-29 22:13:53,358 [ForkJoinPool.commonPool-worker-0] INFO  server.GrpcService (GrpcService.java:closeImpl(311)) - da0563b2-473a-4d54-878d-0928433366ac: shutdown server GrpcServerProtocolService now
2023-06-29 22:13:53,365 [ForkJoinPool.commonPool-worker-0] INFO  server.GrpcService (GrpcService.java:closeImpl(320)) - da0563b2-473a-4d54-878d-0928433366ac: shutdown server GrpcServerProtocolService successfully
2023-06-29 22:13:53,365 [ForkJoinPool.commonPool-worker-0] INFO  server.GrpcService (GrpcService.java:closeImpl(311)) - da0563b2-473a-4d54-878d-0928433366ac: shutdown server org.apache.ratis.grpc.server.GrpcAdminProtocolService now
2023-06-29 22:13:53,366 [ForkJoinPool.commonPool-worker-0] INFO  server.GrpcService (GrpcService.java:closeImpl(320)) - da0563b2-473a-4d54-878d-0928433366ac: shutdown server org.apache.ratis.grpc.server.GrpcAdminProtocolService successfully
2023-06-29 22:13:53,367 [da0563b2-473a-4d54-878d-0928433366ac-NettyServerStreamRpc-bossGroup--thread1] INFO  logging.LoggingHandler (AbstractInternalLogger.java:log(148)) - [id: 0xbee8f46d, L:/0:0:0:0:0:0:0:0:15068] CLOSE
2023-06-29 22:13:53,367 [da0563b2-473a-4d54-878d-0928433366ac-NettyServerStreamRpc-bossGroup--thread1] INFO  logging.LoggingHandler (AbstractInternalLogger.java:log(148)) - [id: 0xbee8f46d, L:/0:0:0:0:0:0:0:0:15068] INACTIVE
2023-06-29 22:13:53,367 [da0563b2-473a-4d54-878d-0928433366ac-NettyServerStreamRpc-bossGroup--thread1] INFO  logging.LoggingHandler (AbstractInternalLogger.java:log(148)) - [id: 0xbee8f46d, L:/0:0:0:0:0:0:0:0:15068] UNREGISTERED
2023-06-29 22:13:53,432 [d2d950cc-944e-4199-a77a-102171d6307b-impl-thread2] INFO  segmented.SegmentedRaftLogWorker (SegmentedRaftLogWorker.java:close(252)) - d2d950cc-944e-4199-a77a-102171d6307b@group-33ACF6849E3B-SegmentedRaftLogWorker close()
2023-06-29 22:13:53,522 [d2d950cc-944e-4199-a77a-102171d6307b-impl-thread3] INFO  segmented.SegmentedRaftLogWorker (SegmentedRaftLogWorker.java:close(252)) - d2d950cc-944e-4199-a77a-102171d6307b@group-E24561C9A68A-SegmentedRaftLogWorker close()
2023-06-29 22:13:53,535 [6201354d-b529-4d76-9c06-546548fd1ab2-impl-thread3] INFO  segmented.SegmentedRaftLogWorker (SegmentedRaftLogWorker.java:close(252)) - 6201354d-b529-4d76-9c06-546548fd1ab2@group-E24561C9A68A-SegmentedRaftLogWorker close()
2023-06-29 22:13:53,543 [da0563b2-473a-4d54-878d-0928433366ac-impl-thread2] INFO  segmented.SegmentedRaftLogWorker (SegmentedRaftLogWorker.java:close(252)) - da0563b2-473a-4d54-878d-0928433366ac@group-E24561C9A68A-SegmentedRaftLogWorker close()
2023-06-29 22:13:53,696 [da0563b2-473a-4d54-878d-0928433366ac-impl-thread1] INFO  segmented.SegmentedRaftLogWorker (SegmentedRaftLogWorker.java:close(252)) - da0563b2-473a-4d54-878d-0928433366ac@group-7FE45D17EFF9-SegmentedRaftLogWorker close()
2023-06-29 22:13:53,707 [6201354d-b529-4d76-9c06-546548fd1ab2-impl-thread2] INFO  segmented.SegmentedRaftLogWorker (SegmentedRaftLogWorker.java:close(252)) - 6201354d-b529-4d76-9c06-546548fd1ab2@group-7FE45D17EFF9-SegmentedRaftLogWorker close()
2023-06-29 22:13:53,709 [d2d950cc-944e-4199-a77a-102171d6307b-impl-thread1] INFO  segmented.SegmentedRaftLogWorker (SegmentedRaftLogWorker.java:close(252)) - d2d950cc-944e-4199-a77a-102171d6307b@group-7FE45D17EFF9-SegmentedRaftLogWorker close()
2023-06-29 22:13:53,710 [JvmPauseMonitor7] INFO  util.JvmPauseMonitor (JvmPauseMonitor.java:run(109)) - JvmPauseMonitor-d2d950cc-944e-4199-a77a-102171d6307b: Stopped
2023-06-29 22:13:54,018 [6201354d-b529-4d76-9c06-546548fd1ab2-impl-thread1] INFO  segmented.SegmentedRaftLogWorker (SegmentedRaftLogWorker.java:close(252)) - 6201354d-b529-4d76-9c06-546548fd1ab2@group-7DB4392FB4FF-SegmentedRaftLogWorker close()
2023-06-29 22:13:54,019 [JvmPauseMonitor8] INFO  util.JvmPauseMonitor (JvmPauseMonitor.java:run(109)) - JvmPauseMonitor-6201354d-b529-4d76-9c06-546548fd1ab2: Stopped
2023-06-29 22:13:54,048 [da0563b2-473a-4d54-878d-0928433366ac-impl-thread3] INFO  segmented.SegmentedRaftLogWorker (SegmentedRaftLogWorker.java:close(252)) - da0563b2-473a-4d54-878d-0928433366ac@group-E1A2E7AEF88C-SegmentedRaftLogWorker close()
2023-06-29 22:13:54,049 [JvmPauseMonitor9] INFO  util.JvmPauseMonitor (JvmPauseMonitor.java:run(109)) - JvmPauseMonitor-da0563b2-473a-4d54-878d-0928433366ac: Stopped
2023-06-29 22:13:55,713 [ForkJoinPool.commonPool-worker-3] INFO  utils.DatanodeStoreCache (DatanodeStoreCache.java:shutdownCache(110)) - Skip clearing cache in mini cluster mode. Entries left: [/home/runner/work/ozone/ozone/hadoop-ozone/integration-test/target/test-dir/MiniOzoneClusterImpl-bfa5a98b-f4fa-4e92-9252-0122c5abb8e0/datanode-0/data-0/containers/hdds/bfa5a98b-f4fa-4e92-9252-0122c5abb8e0/DS-9ee82e2a-0eb3-433a-a292-e1020440906f/container.db, /home/runner/work/ozone/ozone/hadoop-ozone/integration-test/target/test-dir/MiniOzoneClusterImpl-bfa5a98b-f4fa-4e92-9252-0122c5abb8e0/datanode-1/data-0/containers/hdds/bfa5a98b-f4fa-4e92-9252-0122c5abb8e0/DS-f0412e90-e4fd-4776-b246-a69c4cc457cd/container.db, /home/runner/work/ozone/ozone/hadoop-ozone/integration-test/target/test-dir/MiniOzoneClusterImpl-bfa5a98b-f4fa-4e92-9252-0122c5abb8e0/datanode-2/data-0/containers/hdds/bfa5a98b-f4fa-4e92-9252-0122c5abb8e0/DS-e023a262-6413-445d-ab5d-d8f6ab1ef1fb/container.db]
2023-06-29 22:13:55,716 [ForkJoinPool.commonPool-worker-3] INFO  utils.DatanodeStoreCache (DatanodeStoreCache.java:removeDB(104)) - Removed db /home/runner/work/ozone/ozone/hadoop-ozone/integration-test/target/test-dir/MiniOzoneClusterImpl-bfa5a98b-f4fa-4e92-9252-0122c5abb8e0/datanode-0/data-0/containers/hdds/bfa5a98b-f4fa-4e92-9252-0122c5abb8e0/DS-9ee82e2a-0eb3-433a-a292-e1020440906f/container.db from cache
2023-06-29 22:13:55,716 [ForkJoinPool.commonPool-worker-3] INFO  volume.HddsVolume (HddsVolume.java:closeDbStore(509)) - SchemaV3 db is stopped at /home/runner/work/ozone/ozone/hadoop-ozone/integration-test/target/test-dir/MiniOzoneClusterImpl-bfa5a98b-f4fa-4e92-9252-0122c5abb8e0/datanode-0/data-0/containers/hdds/bfa5a98b-f4fa-4e92-9252-0122c5abb8e0/DS-9ee82e2a-0eb3-433a-a292-e1020440906f/container.db for volume DS-9ee82e2a-0eb3-433a-a292-e1020440906f
2023-06-29 22:13:55,717 [ForkJoinPool.commonPool-worker-3] INFO  utils.BackgroundService (BackgroundService.java:shutdown(141)) - Shutting down service BlockDeletingService
2023-06-29 22:13:55,717 [ForkJoinPool.commonPool-worker-3] INFO  utils.BackgroundService (BackgroundService.java:shutdown(141)) - Shutting down service StaleRecoveringContainerScrubbingService
2023-06-29 22:13:55,718 [ForkJoinPool.commonPool-worker-3] INFO  statemachine.DatanodeStateMachine (DatanodeStateMachine.java:stopDaemon(613)) - Ozone container server stopped.
2023-06-29 22:13:55,731 [ForkJoinPool.commonPool-worker-3] INFO  handler.ContextHandler (ContextHandler.java:doStop(1159)) - Stopped o.e.j.w.WebAppContext@3bc14409{hddsDatanode,/,null,STOPPED}{jar:file:/home/runner/.m2/repository/org/apache/ozone/hdds-container-service/1.4.0-SNAPSHOT/hdds-container-service-1.4.0-SNAPSHOT.jar!/webapps/hddsDatanode}
2023-06-29 22:13:55,734 [ForkJoinPool.commonPool-worker-3] INFO  server.AbstractConnector (AbstractConnector.java:doStop(383)) - Stopped ServerConnector@1e4e195b{HTTP/1.1, (http/1.1)}{0.0.0.0:15044}
2023-06-29 22:13:55,734 [ForkJoinPool.commonPool-worker-3] INFO  server.session (HouseKeeper.java:stopScavenging(149)) - node0 Stopped scavenging
2023-06-29 22:13:55,737 [ForkJoinPool.commonPool-worker-3] INFO  handler.ContextHandler (ContextHandler.java:doStop(1159)) - Stopped o.e.j.s.ServletContextHandler@47893d43{static,/static,jar:file:/home/runner/.m2/repository/org/apache/ozone/hdds-container-service/1.4.0-SNAPSHOT/hdds-container-service-1.4.0-SNAPSHOT.jar!/webapps/static,STOPPED}
2023-06-29 22:13:55,739 [ForkJoinPool.commonPool-worker-3] INFO  handler.ContextHandler (ContextHandler.java:doStop(1159)) - Stopped o.e.j.s.ServletContextHandler@5ffc19fb{logs,/logs,file:///home/runner/work/ozone/ozone/hadoop-ozone/integration-test/target/log,STOPPED}
2023-06-29 22:13:55,740 [ForkJoinPool.commonPool-worker-3] INFO  ozone.HddsDatanodeClientProtocolServer (HddsDatanodeClientProtocolServer.java:stop(78)) - Stopping the RPC server for Client Protocol
2023-06-29 22:13:55,740 [ForkJoinPool.commonPool-worker-3] INFO  ipc.Server (Server.java:stop(3523)) - Stopping server on 15045
2023-06-29 22:13:55,743 [IPC Server listener on 15045] INFO  ipc.Server (Server.java:run(1434)) - Stopping IPC Server listener on 15045
2023-06-29 22:13:55,744 [IPC Server Responder] INFO  ipc.Server (Server.java:run(1567)) - Stopping IPC Server Responder
2023-06-29 22:13:56,022 [main] INFO  utils.DatanodeStoreCache (DatanodeStoreCache.java:shutdownCache(110)) - Skip clearing cache in mini cluster mode. Entries left: [/home/runner/work/ozone/ozone/hadoop-ozone/integration-test/target/test-dir/MiniOzoneClusterImpl-bfa5a98b-f4fa-4e92-9252-0122c5abb8e0/datanode-1/data-0/containers/hdds/bfa5a98b-f4fa-4e92-9252-0122c5abb8e0/DS-f0412e90-e4fd-4776-b246-a69c4cc457cd/container.db, /home/runner/work/ozone/ozone/hadoop-ozone/integration-test/target/test-dir/MiniOzoneClusterImpl-bfa5a98b-f4fa-4e92-9252-0122c5abb8e0/datanode-2/data-0/containers/hdds/bfa5a98b-f4fa-4e92-9252-0122c5abb8e0/DS-e023a262-6413-445d-ab5d-d8f6ab1ef1fb/container.db]
2023-06-29 22:13:56,024 [main] INFO  utils.DatanodeStoreCache (DatanodeStoreCache.java:removeDB(104)) - Removed db /home/runner/work/ozone/ozone/hadoop-ozone/integration-test/target/test-dir/MiniOzoneClusterImpl-bfa5a98b-f4fa-4e92-9252-0122c5abb8e0/datanode-1/data-0/containers/hdds/bfa5a98b-f4fa-4e92-9252-0122c5abb8e0/DS-f0412e90-e4fd-4776-b246-a69c4cc457cd/container.db from cache
2023-06-29 22:13:56,024 [main] INFO  volume.HddsVolume (HddsVolume.java:closeDbStore(509)) - SchemaV3 db is stopped at /home/runner/work/ozone/ozone/hadoop-ozone/integration-test/target/test-dir/MiniOzoneClusterImpl-bfa5a98b-f4fa-4e92-9252-0122c5abb8e0/datanode-1/data-0/containers/hdds/bfa5a98b-f4fa-4e92-9252-0122c5abb8e0/DS-f0412e90-e4fd-4776-b246-a69c4cc457cd/container.db for volume DS-f0412e90-e4fd-4776-b246-a69c4cc457cd
2023-06-29 22:13:56,024 [main] INFO  utils.BackgroundService (BackgroundService.java:shutdown(141)) - Shutting down service BlockDeletingService
2023-06-29 22:13:56,026 [main] INFO  utils.BackgroundService (BackgroundService.java:shutdown(141)) - Shutting down service StaleRecoveringContainerScrubbingService
2023-06-29 22:13:56,027 [main] INFO  statemachine.DatanodeStateMachine (DatanodeStateMachine.java:stopDaemon(613)) - Ozone container server stopped.
2023-06-29 22:13:56,038 [main] INFO  handler.ContextHandler (ContextHandler.java:doStop(1159)) - Stopped o.e.j.w.WebAppContext@5527870c{hddsDatanode,/,null,STOPPED}{jar:file:/home/runner/.m2/repository/org/apache/ozone/hdds-container-service/1.4.0-SNAPSHOT/hdds-container-service-1.4.0-SNAPSHOT.jar!/webapps/hddsDatanode}
2023-06-29 22:13:56,039 [main] INFO  server.AbstractConnector (AbstractConnector.java:doStop(383)) - Stopped ServerConnector@4299c1af{HTTP/1.1, (http/1.1)}{0.0.0.0:15053}
2023-06-29 22:13:56,039 [main] INFO  server.session (HouseKeeper.java:stopScavenging(149)) - node0 Stopped scavenging
2023-06-29 22:13:56,039 [main] INFO  handler.ContextHandler (ContextHandler.java:doStop(1159)) - Stopped o.e.j.s.ServletContextHandler@5dc77a30{static,/static,jar:file:/home/runner/.m2/repository/org/apache/ozone/hdds-container-service/1.4.0-SNAPSHOT/hdds-container-service-1.4.0-SNAPSHOT.jar!/webapps/static,STOPPED}
2023-06-29 22:13:56,039 [main] INFO  handler.ContextHandler (ContextHandler.java:doStop(1159)) - Stopped o.e.j.s.ServletContextHandler@5ffcb6aa{logs,/logs,file:///home/runner/work/ozone/ozone/hadoop-ozone/integration-test/target/log,STOPPED}
2023-06-29 22:13:56,041 [main] INFO  ozone.HddsDatanodeClientProtocolServer (HddsDatanodeClientProtocolServer.java:stop(78)) - Stopping the RPC server for Client Protocol
2023-06-29 22:13:56,041 [main] INFO  ipc.Server (Server.java:stop(3523)) - Stopping server on 15054
2023-06-29 22:13:56,041 [IPC Server listener on 15054] INFO  ipc.Server (Server.java:run(1434)) - Stopping IPC Server listener on 15054
2023-06-29 22:13:56,042 [IPC Server Responder] INFO  ipc.Server (Server.java:run(1567)) - Stopping IPC Server Responder
2023-06-29 22:13:56,051 [ForkJoinPool.commonPool-worker-0] INFO  utils.DatanodeStoreCache (DatanodeStoreCache.java:shutdownCache(110)) - Skip clearing cache in mini cluster mode. Entries left: [/home/runner/work/ozone/ozone/hadoop-ozone/integration-test/target/test-dir/MiniOzoneClusterImpl-bfa5a98b-f4fa-4e92-9252-0122c5abb8e0/datanode-2/data-0/containers/hdds/bfa5a98b-f4fa-4e92-9252-0122c5abb8e0/DS-e023a262-6413-445d-ab5d-d8f6ab1ef1fb/container.db]
2023-06-29 22:13:56,054 [ForkJoinPool.commonPool-worker-0] INFO  utils.DatanodeStoreCache (DatanodeStoreCache.java:removeDB(104)) - Removed db /home/runner/work/ozone/ozone/hadoop-ozone/integration-test/target/test-dir/MiniOzoneClusterImpl-bfa5a98b-f4fa-4e92-9252-0122c5abb8e0/datanode-2/data-0/containers/hdds/bfa5a98b-f4fa-4e92-9252-0122c5abb8e0/DS-e023a262-6413-445d-ab5d-d8f6ab1ef1fb/container.db from cache
2023-06-29 22:13:56,054 [ForkJoinPool.commonPool-worker-0] INFO  volume.HddsVolume (HddsVolume.java:closeDbStore(509)) - SchemaV3 db is stopped at /home/runner/work/ozone/ozone/hadoop-ozone/integration-test/target/test-dir/MiniOzoneClusterImpl-bfa5a98b-f4fa-4e92-9252-0122c5abb8e0/datanode-2/data-0/containers/hdds/bfa5a98b-f4fa-4e92-9252-0122c5abb8e0/DS-e023a262-6413-445d-ab5d-d8f6ab1ef1fb/container.db for volume DS-e023a262-6413-445d-ab5d-d8f6ab1ef1fb
2023-06-29 22:13:56,055 [ForkJoinPool.commonPool-worker-0] INFO  utils.BackgroundService (BackgroundService.java:shutdown(141)) - Shutting down service BlockDeletingService
2023-06-29 22:13:56,055 [ForkJoinPool.commonPool-worker-0] INFO  utils.BackgroundService (BackgroundService.java:shutdown(141)) - Shutting down service StaleRecoveringContainerScrubbingService
2023-06-29 22:13:56,055 [ForkJoinPool.commonPool-worker-0] INFO  statemachine.DatanodeStateMachine (DatanodeStateMachine.java:stopDaemon(613)) - Ozone container server stopped.
2023-06-29 22:13:56,066 [ForkJoinPool.commonPool-worker-0] INFO  handler.ContextHandler (ContextHandler.java:doStop(1159)) - Stopped o.e.j.w.WebAppContext@5e31df0a{hddsDatanode,/,null,STOPPED}{jar:file:/home/runner/.m2/repository/org/apache/ozone/hdds-container-service/1.4.0-SNAPSHOT/hdds-container-service-1.4.0-SNAPSHOT.jar!/webapps/hddsDatanode}
2023-06-29 22:13:56,066 [ForkJoinPool.commonPool-worker-0] INFO  server.AbstractConnector (AbstractConnector.java:doStop(383)) - Stopped ServerConnector@75a2981a{HTTP/1.1, (http/1.1)}{0.0.0.0:15062}
2023-06-29 22:13:56,066 [ForkJoinPool.commonPool-worker-0] INFO  server.session (HouseKeeper.java:stopScavenging(149)) - node0 Stopped scavenging
2023-06-29 22:13:56,067 [ForkJoinPool.commonPool-worker-0] INFO  handler.ContextHandler (ContextHandler.java:doStop(1159)) - Stopped o.e.j.s.ServletContextHandler@35e0603{static,/static,jar:file:/home/runner/.m2/repository/org/apache/ozone/hdds-container-service/1.4.0-SNAPSHOT/hdds-container-service-1.4.0-SNAPSHOT.jar!/webapps/static,STOPPED}
2023-06-29 22:13:56,067 [ForkJoinPool.commonPool-worker-0] INFO  handler.ContextHandler (ContextHandler.java:doStop(1159)) - Stopped o.e.j.s.ServletContextHandler@564c7cec{logs,/logs,file:///home/runner/work/ozone/ozone/hadoop-ozone/integration-test/target/log,STOPPED}
2023-06-29 22:13:56,068 [ForkJoinPool.commonPool-worker-0] INFO  ozone.HddsDatanodeClientProtocolServer (HddsDatanodeClientProtocolServer.java:stop(78)) - Stopping the RPC server for Client Protocol
2023-06-29 22:13:56,068 [ForkJoinPool.commonPool-worker-0] INFO  ipc.Server (Server.java:stop(3523)) - Stopping server on 15063
2023-06-29 22:13:56,069 [IPC Server listener on 15063] INFO  ipc.Server (Server.java:run(1434)) - Stopping IPC Server listener on 15063
2023-06-29 22:13:56,069 [IPC Server Responder] INFO  ipc.Server (Server.java:run(1567)) - Stopping IPC Server Responder
2023-06-29 22:13:56,070 [main] INFO  ozone.MiniOzoneClusterImpl (MiniOzoneClusterImpl.java:stopSCM(543)) - Stopping the StorageContainerManager
2023-06-29 22:13:56,070 [main] INFO  server.StorageContainerManager (StorageContainerManager.java:stop(1596)) - Container Balancer is not running.
2023-06-29 22:13:56,070 [main] INFO  server.StorageContainerManager (StorageContainerManager.java:stopReplicationManager(1729)) - Stopping Replication Manager Service.
2023-06-29 22:13:56,070 [main] INFO  replication.ReplicationManager (ReplicationManager.java:stop(319)) - Stopping Replication Monitor Thread.
2023-06-29 22:13:56,071 [Over Replicated Processor] WARN  replication.UnhealthyReplicationProcessor (UnhealthyReplicationProcessor.java:run(180)) - Over Replicated Processor interrupted. Exiting...
2023-06-29 22:13:56,071 [Under Replicated Processor] WARN  replication.UnhealthyReplicationProcessor (UnhealthyReplicationProcessor.java:run(180)) - Under Replicated Processor interrupted. Exiting...
2023-06-29 22:13:56,071 [ReplicationMonitor] INFO  replication.ReplicationManager (ReplicationManager.java:run(917)) - Replication Monitor Thread is stopped
2023-06-29 22:13:56,071 [main] INFO  server.StorageContainerManager (StorageContainerManager.java:stop(1605)) - Stopping the Datanode Admin Monitor.
2023-06-29 22:13:56,072 [main] INFO  server.StorageContainerManager (StorageContainerManager.java:stop(1612)) - Stopping datanode service RPC server
2023-06-29 22:13:56,072 [main] INFO  server.SCMDatanodeProtocolServer (SCMDatanodeProtocolServer.java:stop(424)) - Stopping the RPC server for DataNodes
2023-06-29 22:13:56,072 [main] INFO  ipc.Server (Server.java:stop(3523)) - Stopping server on 15037
2023-06-29 22:13:56,074 [IPC Server listener on 15037] INFO  ipc.Server (Server.java:run(1434)) - Stopping IPC Server listener on 15037
2023-06-29 22:13:56,074 [IPC Server Responder] INFO  ipc.Server (Server.java:run(1567)) - Stopping IPC Server Responder
2023-06-29 22:13:56,114 [SCM Heartbeat Processing Thread - 0] WARN  node.NodeStateManager (NodeStateManager.java:scheduleNextHealthCheck(874)) - Current Thread is interrupted, shutting down HB processing thread for Node Manager.
2023-06-29 22:13:56,114 [main] INFO  server.StorageContainerManager (StorageContainerManager.java:stop(1620)) - Stopping block service RPC server
2023-06-29 22:13:56,115 [main] INFO  server.SCMBlockProtocolServer (SCMBlockProtocolServer.java:stop(161)) - Stopping the RPC server for Block Protocol
2023-06-29 22:13:56,115 [main] INFO  ipc.Server (Server.java:stop(3523)) - Stopping server on 15036
2023-06-29 22:13:56,115 [IPC Server listener on 15036] INFO  ipc.Server (Server.java:run(1434)) - Stopping IPC Server listener on 15036
2023-06-29 22:13:56,117 [IPC Server Responder] INFO  ipc.Server (Server.java:run(1567)) - Stopping IPC Server Responder
2023-06-29 22:13:56,117 [main] INFO  server.StorageContainerManager (StorageContainerManager.java:stop(1627)) - Stopping the StorageContainerLocationProtocol RPC server
2023-06-29 22:13:56,117 [main] INFO  server.SCMClientProtocolServer (SCMClientProtocolServer.java:stop(209)) - Stopping the RPC server for Client Protocol
2023-06-29 22:13:56,117 [main] INFO  ipc.Server (Server.java:stop(3523)) - Stopping server on 15035
2023-06-29 22:13:56,118 [IPC Server Responder] INFO  ipc.Server (Server.java:run(1567)) - Stopping IPC Server Responder
2023-06-29 22:13:56,118 [IPC Server listener on 15035] INFO  ipc.Server (Server.java:run(1434)) - Stopping IPC Server listener on 15035
2023-06-29 22:13:56,120 [main] INFO  server.StorageContainerManager (StorageContainerManager.java:stop(1634)) - Stopping Storage Container Manager HTTP server.
2023-06-29 22:13:56,120 [main] INFO  handler.ContextHandler (ContextHandler.java:doStop(1159)) - Stopped o.e.j.w.WebAppContext@22d6667{scm,/,null,STOPPED}{file:/home/runner/work/ozone/ozone/hadoop-ozone/integration-test/target/test-classes/webapps/scm}
2023-06-29 22:13:56,121 [main] INFO  server.AbstractConnector (AbstractConnector.java:doStop(383)) - Stopped ServerConnector@2941a47d{HTTP/1.1, (http/1.1)}{0.0.0.0:15038}
2023-06-29 22:13:56,121 [main] INFO  server.session (HouseKeeper.java:stopScavenging(149)) - node0 Stopped scavenging
2023-06-29 22:13:56,123 [main] INFO  handler.ContextHandler (ContextHandler.java:doStop(1159)) - Stopped o.e.j.s.ServletContextHandler@70334e3b{static,/static,file:///home/runner/work/ozone/ozone/hadoop-ozone/integration-test/target/test-classes/webapps/static,STOPPED}
2023-06-29 22:13:56,123 [main] INFO  handler.ContextHandler (ContextHandler.java:doStop(1159)) - Stopped o.e.j.s.ServletContextHandler@1d135af2{logs,/logs,file:///home/runner/work/ozone/ozone/hadoop-ozone/integration-test/target/log,STOPPED}
2023-06-29 22:13:56,124 [main] INFO  server.StorageContainerManager (StorageContainerManager.java:stop(1642)) - Stopping SCM LayoutVersionManager Service.
2023-06-29 22:13:56,125 [main] INFO  server.StorageContainerManager (StorageContainerManager.java:stop(1654)) - Stopping Block Manager Service.
2023-06-29 22:13:56,125 [main] INFO  utils.BackgroundService (BackgroundService.java:shutdown(141)) - Shutting down service SCMBlockDeletingService
2023-06-29 22:13:56,125 [main] INFO  utils.BackgroundService (BackgroundService.java:shutdown(141)) - Shutting down service SCMBlockDeletingService
2023-06-29 22:13:56,125 [main] INFO  server.StorageContainerManager (StorageContainerManager.java:stop(1674)) - Stopping SCM Event Queue.
2023-06-29 22:13:56,127 [JvmPauseMonitor5] INFO  util.JvmPauseMonitor (JvmPauseMonitor.java:run(109)) - JvmPauseMonitor-ca1e13a8-19c8-4520-bc27-e1962e18dee1: Stopped
2023-06-29 22:13:56,127 [main] INFO  server.StorageContainerManager (StorageContainerManager.java:stop(1685)) - Stopping SCM HA services.
2023-06-29 22:13:56,127 [main] INFO  pipeline.BackgroundPipelineCreator (BackgroundPipelineCreator.java:stop(149)) - Stopping RatisPipelineUtilsThread.
2023-06-29 22:13:56,127 [RatisPipelineUtilsThread - 0] WARN  pipeline.BackgroundPipelineCreator (BackgroundPipelineCreator.java:run(180)) - RatisPipelineUtilsThread is interrupted.
2023-06-29 22:13:56,127 [main] INFO  BackgroundPipelineScrubber (BackgroundSCMService.java:stop(131)) - Stopping BackgroundPipelineScrubber Service.
2023-06-29 22:13:56,127 [BackgroundPipelineScrubberThread] WARN  BackgroundPipelineScrubber (BackgroundSCMService.java:run(115)) - BackgroundPipelineScrubber is interrupted, exit
2023-06-29 22:13:56,127 [main] INFO  impl.MetricsSystemImpl (MetricsSystemImpl.java:stop(210)) - Stopping HddsDatanode metrics system...
2023-06-29 22:13:56,128 [prometheus] INFO  impl.MetricsSinkAdapter (MetricsSinkAdapter.java:publishMetricsFromQueue(141)) - prometheus thread interrupted.
2023-06-29 22:13:56,128 [main] INFO  impl.MetricsSystemImpl (MetricsSystemImpl.java:stop(216)) - HddsDatanode metrics system stopped.
2023-06-29 22:13:56,129 [main] WARN  pipeline.BackgroundPipelineCreator (BackgroundPipelineCreator.java:stop(145)) - RatisPipelineUtilsThread is not running, just ignore.
2023-06-29 22:13:56,129 [main] INFO  BackgroundPipelineScrubber (BackgroundSCMService.java:stop(126)) - BackgroundPipelineScrubber Service is not running, skip stop.
2023-06-29 22:13:56,129 [main] INFO  ExpiredContainerReplicaOpScrubber (BackgroundSCMService.java:stop(131)) - Stopping ExpiredContainerReplicaOpScrubber Service.
2023-06-29 22:13:56,129 [ExpiredContainerReplicaOpScrubberThread] WARN  ExpiredContainerReplicaOpScrubber (BackgroundSCMService.java:run(115)) - ExpiredContainerReplicaOpScrubber is interrupted, exit
2023-06-29 22:13:56,129 [main] INFO  utils.BackgroundService (BackgroundService.java:shutdown(141)) - Shutting down service SCMBlockDeletingService
2023-06-29 22:13:56,129 [main] INFO  replication.ReplicationManager (ReplicationManager.java:stop(329)) - Replication Monitor Thread is not running.
2023-06-29 22:13:56,129 [main] WARN  balancer.ContainerBalancer (ContainerBalancer.java:stop(326)) - Cannot stop Container Balancer because it's not running or stopping
2023-06-29 22:13:56,129 [main] INFO  server.StorageContainerManager (StorageContainerManager.java:stop(1720)) - Stopping SCM MetadataStore.
]]></system-out>
  </testcase>
  <testcase name="testSnapshotSplitAndMove" classname="org.apache.hadoop.fs.ozone.TestSnapshotDeletingService" time="29.116">
    <system-out><![CDATA[2023-06-29 22:13:56,236 [main] WARN  server.ServerUtils (ServerUtils.java:getScmDbDir(155)) - ozone.scm.db.dirs is not configured. We recommend adding this setting. Falling back to ozone.metadata.dirs instead.
2023-06-29 22:13:56,239 [main] WARN  server.ServerUtils (ServerUtils.java:getScmDbDir(155)) - ozone.scm.db.dirs is not configured. We recommend adding this setting. Falling back to ozone.metadata.dirs instead.
2023-06-29 22:13:56,239 [main] INFO  ha.SCMHANodeDetails (SCMHANodeDetails.java:loadSCMHAConfig(210)) - ServiceID for StorageContainerManager is null
2023-06-29 22:13:56,239 [main] INFO  ha.SCMHANodeDetails (SCMHANodeDetails.java:loadSCMHAConfig(215)) - ozone.scm.default.service.id is not defined, falling back to ozone.scm.service.ids to find serviceID for StorageContainerManager if it is HA enabled cluster
2023-06-29 22:13:56,240 [main] WARN  utils.HAUtils (HAUtils.java:getMetaDir(339)) - ozone.scm.db.dirs is not configured. We recommend adding this setting. Falling back to ozone.metadata.dirs instead.
2023-06-29 22:13:56,240 [main] WARN  db.DBStoreBuilder (DBStoreBuilder.java:applyDBDefinition(166)) - ozone.scm.db.dirs is not configured. We recommend adding this setting. Falling back to ozone.metadata.dirs instead.
2023-06-29 22:13:56,329 [main] INFO  net.NodeSchemaLoader (NodeSchemaLoader.java:loadSchemaFromFile(129)) - Loading schema from [jar:file:/home/runner/.m2/repository/org/apache/ozone/hdds-common/1.4.0-SNAPSHOT/hdds-common-1.4.0-SNAPSHOT.jar!/network-topology-default.xml]
2023-06-29 22:13:56,330 [main] INFO  net.NodeSchemaLoader (NodeSchemaLoader.java:loadSchema(176)) - Loading network topology layer schema file
2023-06-29 22:13:56,332 [main] INFO  upgrade.AbstractLayoutVersionManager (AbstractLayoutVersionManager.java:init(83)) - Initializing Layout version manager with metadata layout = HADOOP_PRC_PORTS_IN_DATANODEDETAILS (version = 7), software layout = HADOOP_PRC_PORTS_IN_DATANODEDETAILS (version = 7)
2023-06-29 22:13:56,334 [main] INFO  ha.SequenceIdGenerator (SequenceIdGenerator.java:upgradeToSequenceId(349)) - upgrade localId to 111677748019200000
2023-06-29 22:13:56,334 [main] INFO  ha.SequenceIdGenerator (SequenceIdGenerator.java:upgradeToSequenceId(359)) - upgrade delTxnId to 0
2023-06-29 22:13:56,335 [main] INFO  ha.SequenceIdGenerator (SequenceIdGenerator.java:upgradeToSequenceId(376)) - upgrade containerId to 0
2023-06-29 22:13:56,335 [main] INFO  ha.SequenceIdGenerator (SequenceIdGenerator.java:<init>(220)) - Init the HA SequenceIdGenerator.
2023-06-29 22:13:56,335 [main] WARN  server.ServerUtils (ServerUtils.java:sanitizeUserArgs(80)) - ozone.scm.stale.node.interval value = 300000 is larger than max = 100000 based on the key value of ozone.scm.heartbeat.thread.interval, reset to the max value 100000.
2023-06-29 22:13:56,336 [main] WARN  server.ServerUtils (ServerUtils.java:sanitizeUserArgs(80)) - ozone.scm.stale.node.interval value = 300000 is larger than max = 100000 based on the key value of ozone.scm.heartbeat.thread.interval, reset to the max value 100000.
2023-06-29 22:13:56,336 [main] INFO  node.SCMNodeManager (SCMNodeManager.java:<init>(157)) - Entering startup safe mode.
2023-06-29 22:13:56,336 [main] INFO  algorithms.ContainerPlacementPolicyFactory (ContainerPlacementPolicyFactory.java:getPolicyInternal(86)) - Create container placement policy of type org.apache.hadoop.hdds.scm.container.placement.algorithms.SCMContainerPlacementRackAware
2023-06-29 22:13:56,336 [main] INFO  algorithms.ContainerPlacementPolicyFactory (ContainerPlacementPolicyFactory.java:getPolicyInternal(86)) - Create container placement policy of type org.apache.hadoop.hdds.scm.container.placement.algorithms.SCMContainerPlacementRackScatter
2023-06-29 22:13:56,337 [main] INFO  pipeline.PipelineStateManagerImpl (PipelineStateManagerImpl.java:initialize(78)) - No pipeline exists in current db
2023-06-29 22:13:56,337 [main] INFO  algorithms.LeaderChoosePolicyFactory (LeaderChoosePolicyFactory.java:getPolicy(57)) - Create leader choose policy of type org.apache.hadoop.hdds.scm.pipeline.leader.choose.algorithms.MinLeaderCountChoosePolicy
2023-06-29 22:13:56,337 [main] INFO  algorithms.ContainerPlacementPolicyFactory (ContainerPlacementPolicyFactory.java:getPolicyInternal(86)) - Create container placement policy of type org.apache.hadoop.hdds.scm.container.placement.algorithms.SCMContainerPlacementRackScatter
2023-06-29 22:13:56,337 [main] INFO  ha.SCMServiceManager (SCMServiceManager.java:register(42)) - Registering service BackgroundPipelineCreator.
2023-06-29 22:13:56,337 [main] INFO  pipeline.BackgroundPipelineCreator (BackgroundPipelineCreator.java:start(124)) - Starting RatisPipelineUtilsThread.
2023-06-29 22:13:56,337 [main] INFO  BackgroundPipelineScrubber (BackgroundSCMService.java:start(68)) - Starting BackgroundPipelineScrubber Service.
2023-06-29 22:13:56,338 [main] INFO  ha.SCMServiceManager (SCMServiceManager.java:register(42)) - Registering service BackgroundPipelineScrubber.
2023-06-29 22:13:56,338 [main] INFO  ExpiredContainerReplicaOpScrubber (BackgroundSCMService.java:start(68)) - Starting ExpiredContainerReplicaOpScrubber Service.
2023-06-29 22:13:56,338 [main] INFO  ha.SCMServiceManager (SCMServiceManager.java:register(42)) - Registering service ExpiredContainerReplicaOpScrubber.
2023-06-29 22:13:56,339 [main] INFO  algorithms.PipelineChoosePolicyFactory (PipelineChoosePolicyFactory.java:createPipelineChoosePolicyFromClass(78)) - Create pipeline choose policy of type org.apache.hadoop.hdds.scm.pipeline.choose.algorithms.RandomPipelineChoosePolicy
2023-06-29 22:13:56,339 [main] INFO  algorithms.PipelineChoosePolicyFactory (PipelineChoosePolicyFactory.java:createPipelineChoosePolicyFromClass(78)) - Create pipeline choose policy of type org.apache.hadoop.hdds.scm.pipeline.choose.algorithms.RandomPipelineChoosePolicy
2023-06-29 22:13:56,341 [main] INFO  ha.SCMServiceManager (SCMServiceManager.java:register(42)) - Registering service SCMBlockDeletingService.
2023-06-29 22:13:56,341 [main] INFO  replication.ReplicationManager (ReplicationManager.java:start(286)) - Starting Replication Monitor Thread.
2023-06-29 22:13:56,342 [main] INFO  ha.SCMServiceManager (SCMServiceManager.java:register(42)) - Registering service ReplicationManager.
2023-06-29 22:13:56,343 [main] INFO  safemode.ContainerSafeModeRule (ContainerSafeModeRule.java:<init>(89)) - containers with one replica threshold count 0
2023-06-29 22:13:56,343 [main] INFO  safemode.HealthyPipelineSafeModeRule (HealthyPipelineSafeModeRule.java:initializeRule(169)) - Total pipeline count is 0, healthy pipeline threshold count is 1
2023-06-29 22:13:56,343 [main] INFO  safemode.OneReplicaPipelineSafeModeRule (OneReplicaPipelineSafeModeRule.java:initializeRule(180)) - Total pipeline count is 0, pipeline's with at least one datanode reported threshold count is 0
2023-06-29 22:13:56,343 [ReplicationMonitor] INFO  replication.ReplicationManager (ReplicationManager.java:processAll(361)) - Replication Manager is not ready to run until 3000ms after safemode exit
2023-06-29 22:13:56,343 [main] INFO  server.StorageContainerManager (StorageContainerManager.java:<init>(424)) - SCM start with adminUsers: [runner]
2023-06-29 22:13:56,344 [main] INFO  ipc.CallQueueManager (CallQueueManager.java:<init>(90)) - Using callQueue: class java.util.concurrent.LinkedBlockingQueue, queueCapacity: 2000, scheduler: class org.apache.hadoop.ipc.DefaultRpcScheduler, ipcBackoff: false.
2023-06-29 22:13:56,344 [main] INFO  ipc.Server (Server.java:<init>(1287)) - Listener at 0.0.0.0:15072
2023-06-29 22:13:56,344 [Socket Reader #1 for port 15072] INFO  ipc.Server (Server.java:run(1323)) - Starting Socket Reader #1 for port 15072
2023-06-29 22:13:56,348 [main] INFO  ipc.CallQueueManager (CallQueueManager.java:<init>(90)) - Using callQueue: class java.util.concurrent.LinkedBlockingQueue, queueCapacity: 2000, scheduler: class org.apache.hadoop.ipc.DefaultRpcScheduler, ipcBackoff: false.
2023-06-29 22:13:56,349 [main] INFO  ipc.Server (Server.java:<init>(1287)) - Listener at 0.0.0.0:15071
2023-06-29 22:13:56,349 [Socket Reader #1 for port 15071] INFO  ipc.Server (Server.java:run(1323)) - Starting Socket Reader #1 for port 15071
2023-06-29 22:13:56,350 [main] INFO  ipc.CallQueueManager (CallQueueManager.java:<init>(90)) - Using callQueue: class java.util.concurrent.LinkedBlockingQueue, queueCapacity: 2000, scheduler: class org.apache.hadoop.ipc.DefaultRpcScheduler, ipcBackoff: false.
2023-06-29 22:13:56,350 [main] INFO  ipc.Server (Server.java:<init>(1287)) - Listener at 0.0.0.0:15070
2023-06-29 22:13:56,350 [Socket Reader #1 for port 15070] INFO  ipc.Server (Server.java:run(1323)) - Starting Socket Reader #1 for port 15070
2023-06-29 22:13:56,355 [main] INFO  ha.SCMServiceManager (SCMServiceManager.java:register(42)) - Registering service ContainerBalancer.
2023-06-29 22:13:56,355 [main] INFO  server.StorageContainerManager (StorageContainerManager.java:<init>(437)) - 
Container Balancer status:
Key                            Value
Running                        false
Container Balancer Configuration values:
Key                                                Value
Threshold                                          10
Max Datanodes to Involve per Iteration(percent)    20
Max Size to Move per Iteration                     500GB
Max Size Entering Target per Iteration             26GB
Max Size Leaving Source per Iteration              26GB

2023-06-29 22:13:56,356 [main] INFO  ha.SCMContext (SCMContext.java:updateSafeModeStatus(228)) - Update SafeModeStatus from SafeModeStatus{safeModeStatus=true, preCheckPassed=false} to SafeModeStatus{safeModeStatus=true, preCheckPassed=false}.
2023-06-29 22:13:56,356 [main] INFO  server.StorageContainerManager (StorageContainerManager.java:start(1495)) - StorageContainerLocationProtocol RPC server is listening at /0.0.0.0:15070
2023-06-29 22:13:56,358 [main] WARN  impl.MetricsConfig (MetricsConfig.java:loadFirst(136)) - Cannot locate configuration: tried hadoop-metrics2-storagecontainermanager.properties,hadoop-metrics2.properties
2023-06-29 22:13:56,358 [main] INFO  impl.MetricsSystemImpl (MetricsSystemImpl.java:startTimer(378)) - Scheduled Metric snapshot period at 10 second(s).
2023-06-29 22:13:56,358 [main] INFO  impl.MetricsSystemImpl (MetricsSystemImpl.java:start(191)) - StorageContainerManager metrics system started
2023-06-29 22:13:56,380 [main] INFO  impl.MetricsSinkAdapter (MetricsSinkAdapter.java:start(204)) - Sink prometheus started
2023-06-29 22:13:56,380 [main] INFO  impl.MetricsSystemImpl (MetricsSystemImpl.java:registerSink(305)) - Registered sink prometheus
2023-06-29 22:13:56,392 [main] INFO  server.SCMClientProtocolServer (SCMClientProtocolServer.java:start(200)) - RPC server for Client  is listening at /0.0.0.0:15070
2023-06-29 22:13:56,393 [IPC Server Responder] INFO  ipc.Server (Server.java:run(1562)) - IPC Server Responder: starting
2023-06-29 22:13:56,397 [IPC Server listener on 15070] INFO  ipc.Server (Server.java:run(1402)) - IPC Server listener on 15070: starting
2023-06-29 22:13:56,403 [main] INFO  server.StorageContainerManager (StorageContainerManager.java:start(1508)) - ScmBlockLocationProtocol RPC server is listening at /0.0.0.0:15071
2023-06-29 22:13:56,404 [main] INFO  server.SCMBlockProtocolServer (SCMBlockProtocolServer.java:start(152)) - RPC server for Block Protocol is listening at /0.0.0.0:15071
2023-06-29 22:13:56,408 [IPC Server Responder] INFO  ipc.Server (Server.java:run(1562)) - IPC Server Responder: starting
2023-06-29 22:13:56,408 [IPC Server listener on 15071] INFO  ipc.Server (Server.java:run(1402)) - IPC Server listener on 15071: starting
2023-06-29 22:13:56,410 [main] INFO  server.SCMDatanodeProtocolServer (SCMDatanodeProtocolServer.java:start(193)) - ScmDatanodeProtocol RPC server for DataNodes is listening at /0.0.0.0:15072
2023-06-29 22:13:56,410 [IPC Server Responder] INFO  ipc.Server (Server.java:run(1562)) - IPC Server Responder: starting
2023-06-29 22:13:56,410 [IPC Server listener on 15072] INFO  ipc.Server (Server.java:run(1402)) - IPC Server listener on 15072: starting
2023-06-29 22:13:56,418 [main] INFO  http.BaseHttpServer (BaseHttpServer.java:newHttpServer2BuilderForOzone(224)) - Starting Web-server for scm at: http://0.0.0.0:15073
2023-06-29 22:13:56,419 [main] INFO  http.BaseHttpServer (BaseHttpServer.java:<init>(111)) - Hadoop Security Enabled: false Ozone Security Enabled: false Ozone HTTP Security Enabled: false 
2023-06-29 22:13:56,420 [JvmPauseMonitor10] INFO  util.JvmPauseMonitor (JvmPauseMonitor.java:run(103)) - JvmPauseMonitor-8a6ab163-5f1c-4775-ab8b-030a8b0ce4ac: Started
2023-06-29 22:13:56,420 [main] WARN  server.AuthenticationFilter (AuthenticationFilter.java:constructSecretProvider(240)) - Unable to initialize FileSignerSecretProvider, falling back to use random secrets. Reason: Could not read signature secret file: /home/runner/hadoop-http-auth-signature-secret
2023-06-29 22:13:56,422 [main] INFO  http.HttpRequestLog (HttpRequestLog.java:getRequestLog(86)) - Http request log for http.requests.scm is not defined
2023-06-29 22:13:56,424 [main] INFO  http.HttpServer2 (HttpServer2.java:addGlobalFilter(1031)) - Added global filter 'safety' (class=org.apache.hadoop.hdds.server.http.HttpServer2$QuotingInputFilter)
2023-06-29 22:13:56,424 [main] INFO  http.HttpServer2 (HttpServer2.java:addFilter(1007)) - Added filter static_user_filter (class=org.apache.hadoop.http.lib.StaticUserWebFilter$StaticUserFilter) to context scm
2023-06-29 22:13:56,424 [main] INFO  http.HttpServer2 (HttpServer2.java:addFilter(1015)) - Added filter static_user_filter (class=org.apache.hadoop.http.lib.StaticUserWebFilter$StaticUserFilter) to context static
2023-06-29 22:13:56,424 [main] INFO  http.HttpServer2 (HttpServer2.java:addFilter(1015)) - Added filter static_user_filter (class=org.apache.hadoop.http.lib.StaticUserWebFilter$StaticUserFilter) to context logs
2023-06-29 22:13:56,425 [main] INFO  http.BaseHttpServer (BaseHttpServer.java:<init>(190)) - HTTP server of scm uses base directory /home/runner/work/ozone/ozone/hadoop-ozone/integration-test/target/test-dir/MiniOzoneClusterImpl-306b8aa5-132e-45e2-945e-dc5599b78ca9/ozone-meta/webserver
2023-06-29 22:13:56,425 [main] INFO  http.HttpServer2 (HttpServer2.java:bindListener(1250)) - Jetty bound to port 15073
2023-06-29 22:13:56,425 [main] INFO  server.Server (Server.java:doStart(375)) - jetty-9.4.51.v20230217; built: 2023-02-17T08:19:37.309Z; git: b45c405e4544384de066f814ed42ae3dceacdd49; jvm 1.8.0_372-b07
2023-06-29 22:13:56,426 [main] INFO  server.session (DefaultSessionIdManager.java:doStart(334)) - DefaultSessionIdManager workerName=node0
2023-06-29 22:13:56,427 [main] INFO  server.session (DefaultSessionIdManager.java:doStart(339)) - No SessionScavenger set, using defaults
2023-06-29 22:13:56,427 [main] INFO  server.session (HouseKeeper.java:startScavenging(132)) - node0 Scavenging every 600000ms
2023-06-29 22:13:56,427 [main] INFO  handler.ContextHandler (ContextHandler.java:doStart(921)) - Started o.e.j.s.ServletContextHandler@134f3ef3{logs,/logs,file:///home/runner/work/ozone/ozone/hadoop-ozone/integration-test/target/log,AVAILABLE}
2023-06-29 22:13:56,428 [main] INFO  handler.ContextHandler (ContextHandler.java:doStart(921)) - Started o.e.j.s.ServletContextHandler@5e4b90cf{static,/static,file:///home/runner/work/ozone/ozone/hadoop-ozone/integration-test/target/test-classes/webapps/static,AVAILABLE}
2023-06-29 22:13:56,431 [main] INFO  handler.ContextHandler (ContextHandler.java:doStart(921)) - Started o.e.j.w.WebAppContext@549b3958{scm,/,file:///home/runner/work/ozone/ozone/hadoop-ozone/integration-test/target/test-classes/webapps/scm/,AVAILABLE}{file:/home/runner/work/ozone/ozone/hadoop-ozone/integration-test/target/test-classes/webapps/scm}
2023-06-29 22:13:56,432 [main] INFO  server.AbstractConnector (AbstractConnector.java:doStart(333)) - Started ServerConnector@31c79508{HTTP/1.1, (http/1.1)}{0.0.0.0:15073}
2023-06-29 22:13:56,432 [main] INFO  server.Server (Server.java:doStart(415)) - Started @217255ms
2023-06-29 22:13:56,432 [main] WARN  impl.MetricsSystemImpl (MetricsSystemImpl.java:register(279)) - Sink prometheus already exists!
2023-06-29 22:13:56,433 [main] INFO  http.BaseHttpServer (BaseHttpServer.java:updateConnectorAddress(344)) - HTTP server of scm listening at http://0.0.0.0:15073
2023-06-29 22:13:56,433 [main] WARN  server.ServerUtils (ServerUtils.java:getDBPath(311)) - ozone.om.db.dirs is not configured. We recommend adding this setting. Falling back to ozone.metadata.dirs instead.
2023-06-29 22:13:56,434 [main] INFO  ha.OMHANodeDetails (OMHANodeDetails.java:loadOMHAConfig(115)) - ozone.om.internal.service.id is not defined, falling back to ozone.om.service.ids to find serviceID for OzoneManager if it is HA enabled cluster
2023-06-29 22:13:56,434 [main] INFO  ha.OMHANodeDetails (OMHANodeDetails.java:loadOMHAConfig(226)) - Configuration does not have ozone.om.address set. Falling back to the default OM address /127.0.0.1:15074
2023-06-29 22:13:56,435 [main] INFO  ha.OMHANodeDetails (OMHANodeDetails.java:getOMNodeDetailsForNonHA(254)) - OM Service ID is not set. Setting it to the default ID: omServiceIdDefault
2023-06-29 22:13:56,435 [main] INFO  ha.OMHANodeDetails (OMHANodeDetails.java:getOMNodeDetailsForNonHA(261)) - OM Node ID is not set. Setting it to the default ID: om1
2023-06-29 22:13:56,435 [main] WARN  server.ServerUtils (ServerUtils.java:getDBPath(311)) - ozone.om.db.dirs is not configured. We recommend adding this setting. Falling back to ozone.metadata.dirs instead.
2023-06-29 22:13:56,436 [main] INFO  upgrade.AbstractLayoutVersionManager (AbstractLayoutVersionManager.java:init(83)) - Initializing Layout version manager with metadata layout = QUOTA (version = 6), software layout = QUOTA (version = 6)
2023-06-29 22:13:56,515 [main] INFO  reflections.Reflections (Reflections.java:scan(232)) - Reflections took 78 ms to scan 2 urls, producing 186 keys and 509 values [using 2 cores]
2023-06-29 22:13:56,515 [main] INFO  upgrade.OMLayoutVersionManager (OMLayoutVersionManager.java:lambda$0(115)) - Skipping Upgrade Action MockOmUpgradeAction since it has been finalized.
2023-06-29 22:13:56,515 [main] INFO  upgrade.OMLayoutVersionManager (OMLayoutVersionManager.java:lambda$0(115)) - Skipping Upgrade Action QuotaRepairUpgradeAction since it has been finalized.
2023-06-29 22:13:56,515 [main] WARN  server.ServerUtils (ServerUtils.java:getDBPath(311)) - ozone.om.db.dirs is not configured. We recommend adding this setting. Falling back to ozone.metadata.dirs instead.
2023-06-29 22:13:56,516 [main] INFO  proxy.SCMBlockLocationFailoverProxyProvider (SCMBlockLocationFailoverProxyProvider.java:<init>(114)) - Created block location fail-over proxy with 1 nodes: [nodeId=scmNodeId,nodeAddress=/0.0.0.0:15071]
2023-06-29 22:13:56,518 [main] INFO  proxy.SCMBlockLocationFailoverProxyProvider (SCMBlockLocationFailoverProxyProvider.java:<init>(114)) - Created block location fail-over proxy with 1 nodes: [nodeId=scmNodeId,nodeAddress=/0.0.0.0:15071]
2023-06-29 22:13:56,523 [main] INFO  om.OzoneManager (OzoneManager.java:<init>(656)) - OM start with adminUsers: [runner]
2023-06-29 22:13:56,524 [main] WARN  server.ServerUtils (ServerUtils.java:getDBPath(311)) - ozone.om.db.dirs is not configured. We recommend adding this setting. Falling back to ozone.metadata.dirs instead.
2023-06-29 22:13:56,524 [main] INFO  helpers.OmKeyInfo (OmKeyInfo.java:getCodec(71)) - OmKeyInfo.getCodec ignorePipeline = true
2023-06-29 22:13:56,687 [main] INFO  om.OzoneManager (OzoneManager.java:instantiateServices(785)) - S3 Multi-Tenancy is disabled
2023-06-29 22:13:56,687 [main] INFO  om.OmSnapshotManager (OmSnapshotManager.java:<init>(175)) - Ozone filesystem snapshot feature is enabled.
2023-06-29 22:13:56,687 [main] WARN  server.ServerUtils (ServerUtils.java:getDBPath(311)) - ozone.om.snapshot.diff.db.dir is not configured. We recommend adding this setting. Falling back to ozone.metadata.dirs instead.
2023-06-29 22:13:56,705 [main] INFO  snapshot.SnapshotDiffManager (SnapshotDiffManager.java:closeExecutorService(1699)) - Shutting down executorService: 'SstDumpToolExecutor'
2023-06-29 22:13:56,707 [main] INFO  om.OzoneManager (OzoneManager.java:addS3GVolumeToDB(4296)) - Created Volume s3v With Owner runner required for S3Gateway operations.
2023-06-29 22:13:56,707 [main] WARN  server.ServerUtils (ServerUtils.java:getDefaultRatisDirectory(323)) - Storage directory for Ratis is not configured. It is a good idea to map this to an SSD disk. Falling back to ozone.metadata.dirs
2023-06-29 22:13:56,707 [main] WARN  utils.OzoneManagerRatisUtils (OzoneManagerRatisUtils.java:getOMRatisSnapshotDirectory(461)) - ozone.om.ratis.snapshot.dir is not configured. Falling back to ozone.metadata.dirs config
2023-06-29 22:13:56,707 [main] WARN  server.ServerUtils (ServerUtils.java:getDefaultRatisDirectory(323)) - Storage directory for Ratis is not configured. It is a good idea to map this to an SSD disk. Falling back to ozone.metadata.dirs
2023-06-29 22:13:56,708 [main] INFO  ratis.OzoneManagerRatisServer (OzoneManagerRatisServer.java:<init>(163)) - Instantiating OM Ratis server with groupID: omServiceIdDefault and peers: localhost:15077
2023-06-29 22:13:56,709 [main] INFO  ratis.OzoneManagerStateMachine (OzoneManagerStateMachine.java:loadSnapshotInfoFromDB(670)) - LastAppliedIndex is set from TransactionInfo from OM DB as (t:0, i:~)
2023-06-29 22:13:56,709 [main] INFO  server.RaftServer (ConfUtils.java:logGet(46)) - raft.rpc.type = GRPC (default)
2023-06-29 22:13:56,709 [main] INFO  grpc.GrpcConfigKeys (ConfUtils.java:logFallback(53)) - raft.grpc.admin.host = null (fallback to raft.grpc.server.host)
2023-06-29 22:13:56,709 [main] INFO  grpc.GrpcConfigKeys (ConfUtils.java:logFallback(53)) - raft.grpc.admin.port = 15077 (fallback to raft.grpc.server.port)
2023-06-29 22:13:56,709 [main] INFO  grpc.GrpcConfigKeys (ConfUtils.java:logFallback(53)) - raft.grpc.client.host = null (fallback to raft.grpc.server.host)
2023-06-29 22:13:56,710 [main] INFO  grpc.GrpcConfigKeys (ConfUtils.java:logFallback(53)) - raft.grpc.client.port = 15077 (fallback to raft.grpc.server.port)
2023-06-29 22:13:56,710 [main] INFO  grpc.GrpcConfigKeys (ConfUtils.java:logGet(46)) - raft.grpc.server.host = null (default)
2023-06-29 22:13:56,710 [main] INFO  grpc.GrpcConfigKeys (ConfUtils.java:logGet(46)) - raft.grpc.server.port = 15077 (custom)
2023-06-29 22:13:56,710 [main] INFO  server.GrpcService (ConfUtils.java:logGet(46)) - raft.grpc.message.size.max = 33554432 (custom)
2023-06-29 22:13:56,710 [main] INFO  server.RaftServerConfigKeys (ConfUtils.java:logGet(46)) - raft.server.log.appender.buffer.byte-limit = 33554432 (custom)
2023-06-29 22:13:56,710 [main] INFO  server.GrpcService (ConfUtils.java:logGet(46)) - raft.grpc.flow.control.window = 1MB (=1048576) (default)
2023-06-29 22:13:56,710 [main] INFO  server.RaftServerConfigKeys (ConfUtils.java:logGet(46)) - raft.server.rpc.request.timeout = 3000ms (default)
2023-06-29 22:13:56,710 [main] INFO  grpc.GrpcConfigKeys (ConfUtils.java:logGet(46)) - raft.grpc.server.heartbeat.channel = true (default)
2023-06-29 22:13:56,710 [main] INFO  grpc.GrpcConfigKeys (ConfUtils.java:logGet(46)) - raft.grpc.server.async.request.thread.pool.cached = true (default)
2023-06-29 22:13:56,711 [main] INFO  grpc.GrpcConfigKeys (ConfUtils.java:logGet(46)) - raft.grpc.server.async.request.thread.pool.size = 32 (default)
2023-06-29 22:13:56,712 [main] INFO  impl.DataStreamServerImpl (ConfUtils.java:logGet(46)) - raft.datastream.type = DISABLED (default)
2023-06-29 22:13:56,712 [main] INFO  server.RaftServerConfigKeys (ConfUtils.java:logGet(46)) - raft.server.threadpool.proxy.cached = true (default)
2023-06-29 22:13:56,712 [main] INFO  server.RaftServerConfigKeys (ConfUtils.java:logGet(46)) - raft.server.threadpool.proxy.size = 0 (default)
2023-06-29 22:13:56,712 [main] INFO  server.RaftServerConfigKeys (ConfUtils.java:logGet(46)) - raft.server.rpc.slowness.timeout = 120s (custom)
2023-06-29 22:13:56,712 [main] INFO  server.RaftServerConfigKeys (ConfUtils.java:logGet(46)) - raft.server.leaderelection.leader.step-down.wait-time = 10s (default)
2023-06-29 22:13:56,712 [main] INFO  server.RaftServerConfigKeys (ConfUtils.java:logGet(46)) - raft.server.storage.dir = [/home/runner/work/ozone/ozone/hadoop-ozone/integration-test/target/test-dir/MiniOzoneClusterImpl-306b8aa5-132e-45e2-945e-dc5599b78ca9/ozone-meta/ratis] (custom)
2023-06-29 22:13:56,713 [main] INFO  server.RaftServer (RaftServerProxy.java:addNew(98)) - om1: addNew group-C5BA1605619E:[om1|rpc:localhost:15077|priority:0|startupRole:FOLLOWER] returns group-C5BA1605619E:java.util.concurrent.CompletableFuture@237960e3[Not completed]
2023-06-29 22:13:56,713 [main] INFO  om.OzoneManager (OzoneManager.java:initializeRatisServer(2137)) - OzoneManager Ratis server initialized at port 15077
2023-06-29 22:13:56,713 [om1-groupManagement] INFO  server.RaftServer$Division (RaftServerImpl.java:<init>(198)) - om1: new RaftServerImpl for group-C5BA1605619E:[om1|rpc:localhost:15077|priority:0|startupRole:FOLLOWER] with OzoneManagerStateMachine:uninitialized
2023-06-29 22:13:56,713 [main] INFO  om.OzoneManager (OzoneManager.java:getRpcServer(1185)) - Creating RPC Server
2023-06-29 22:13:56,713 [om1-groupManagement] INFO  server.RaftServerConfigKeys (ConfUtils.java:logGet(46)) - raft.server.rpc.timeout.min = 1s (custom)
2023-06-29 22:13:56,713 [om1-groupManagement] INFO  server.RaftServerConfigKeys (ConfUtils.java:logGet(46)) - raft.server.rpc.timeout.max = 1200ms (custom)
2023-06-29 22:13:56,713 [om1-groupManagement] INFO  server.RaftServerConfigKeys (ConfUtils.java:logGet(46)) - raft.server.rpc.sleep.time = 25ms (default)
2023-06-29 22:13:56,713 [om1-groupManagement] INFO  server.RaftServerConfigKeys (ConfUtils.java:logGet(46)) - raft.server.rpc.slowness.timeout = 120s (custom)
2023-06-29 22:13:56,713 [om1-groupManagement] INFO  server.RaftServerConfigKeys (ConfUtils.java:logGet(46)) - raft.server.leaderelection.leader.step-down.wait-time = 10s (default)
2023-06-29 22:13:56,714 [om1-groupManagement] INFO  server.RaftServerConfigKeys (ConfUtils.java:logGet(46)) - raft.server.sleep.deviation.threshold = 300ms (default)
2023-06-29 22:13:56,715 [om1-groupManagement] INFO  server.RaftServer$Division (ServerState.java:<init>(120)) - om1@group-C5BA1605619E: ConfigurationManager, init=-1: peers:[om1|rpc:localhost:15077|priority:0|startupRole:FOLLOWER]|listeners:[], old=null, confs=<EMPTY_MAP>
2023-06-29 22:13:56,715 [om1-groupManagement] INFO  server.RaftServerConfigKeys (ConfUtils.java:logGet(46)) - raft.server.storage.dir = [/home/runner/work/ozone/ozone/hadoop-ozone/integration-test/target/test-dir/MiniOzoneClusterImpl-306b8aa5-132e-45e2-945e-dc5599b78ca9/ozone-meta/ratis] (custom)
2023-06-29 22:13:56,715 [om1-groupManagement] INFO  server.RaftServerConfigKeys (ConfUtils.java:logGet(46)) - raft.server.log.corruption.policy = EXCEPTION (default)
2023-06-29 22:13:56,715 [om1-groupManagement] INFO  server.RaftServerConfigKeys (ConfUtils.java:logGet(46)) - raft.server.storage.free-space.min = 0MB (=0) (default)
2023-06-29 22:13:56,715 [om1-groupManagement] INFO  server.RaftServerConfigKeys (ConfUtils.java:logGet(46)) - raft.server.notification.no-leader.timeout = 120s (custom)
2023-06-29 22:13:56,715 [om1-groupManagement] INFO  server.RaftServerConfigKeys (ConfUtils.java:logGet(46)) - raft.server.read.timeout = 10s (default)
2023-06-29 22:13:56,715 [om1-groupManagement] INFO  server.RaftServerConfigKeys (ConfUtils.java:logGet(46)) - raft.server.retrycache.expirytime = 300s (custom)
2023-06-29 22:13:56,715 [om1-groupManagement] INFO  server.RaftServerConfigKeys (ConfUtils.java:logGet(46)) - raft.server.retrycache.statistics.expirytime = 100μs (default)
2023-06-29 22:13:56,715 [om1-groupManagement] INFO  server.RaftServerConfigKeys (ConfUtils.java:logGet(46)) - raft.server.read.option = DEFAULT (default)
2023-06-29 22:13:56,715 [om1-groupManagement] INFO  server.RaftServerConfigKeys (ConfUtils.java:logGet(46)) - raft.server.rpc.request.timeout = 3000ms (default)
2023-06-29 22:13:56,716 [om1-groupManagement] INFO  server.RaftServerConfigKeys (ConfUtils.java:logGet(46)) - raft.server.log.appender.install.snapshot.enabled = false (custom)
2023-06-29 22:13:56,716 [om1-groupManagement] INFO  server.RaftServerConfigKeys (ConfUtils.java:logGet(46)) - raft.server.threadpool.server.cached = true (default)
2023-06-29 22:13:56,716 [om1-groupManagement] INFO  server.RaftServerConfigKeys (ConfUtils.java:logGet(46)) - raft.server.threadpool.server.size = 0 (default)
2023-06-29 22:13:56,716 [om1-groupManagement] INFO  server.RaftServerConfigKeys (ConfUtils.java:logGet(46)) - raft.server.threadpool.client.cached = true (default)
2023-06-29 22:13:56,716 [om1-groupManagement] INFO  server.RaftServerConfigKeys (ConfUtils.java:logGet(46)) - raft.server.threadpool.client.size = 0 (default)
2023-06-29 22:13:57,083 [main] INFO  reflections.Reflections (Reflections.java:scan(232)) - Reflections took 369 ms to scan 19 urls, producing 70 keys and 5508 values [using 2 cores]
2023-06-29 22:13:57,085 [main] INFO  ipc.CallQueueManager (CallQueueManager.java:<init>(90)) - Using callQueue: class java.util.concurrent.LinkedBlockingQueue, queueCapacity: 2000, scheduler: class org.apache.hadoop.ipc.DefaultRpcScheduler, ipcBackoff: false.
2023-06-29 22:13:57,085 [main] INFO  ipc.Server (Server.java:<init>(1287)) - Listener at 127.0.0.1:15074
2023-06-29 22:13:57,086 [Socket Reader #1 for port 15074] INFO  ipc.Server (Server.java:run(1323)) - Starting Socket Reader #1 for port 15074
2023-06-29 22:13:57,103 [main] INFO  impl.MetricsSystemImpl (MetricsSystemImpl.java:init(158)) - OzoneManager metrics system started (again)
2023-06-29 22:13:57,114 [main] INFO  om.OzoneManager (OzoneManager.java:start(1615)) - OzoneManager RPC server is listening at localhost/127.0.0.1:15074
2023-06-29 22:13:57,114 [main] INFO  ratis.OzoneManagerRatisServer (OzoneManagerRatisServer.java:start(558)) - Starting OzoneManagerRatisServer om1 at port 15077
2023-06-29 22:13:57,115 [om1-impl-thread1] INFO  storage.RaftStorageDirectory (RaftStorageDirectoryImpl.java:analyzeStorage(137)) - The storage directory /home/runner/work/ozone/ozone/hadoop-ozone/integration-test/target/test-dir/MiniOzoneClusterImpl-306b8aa5-132e-45e2-945e-dc5599b78ca9/ozone-meta/ratis/bf265839-605b-3f16-9796-c5ba1605619e does not exist. Creating ...
2023-06-29 22:13:57,116 [om1-impl-thread1] INFO  storage.RaftStorageDirectory (RaftStorageDirectoryImpl.java:tryLock(231)) - Lock on /home/runner/work/ozone/ozone/hadoop-ozone/integration-test/target/test-dir/MiniOzoneClusterImpl-306b8aa5-132e-45e2-945e-dc5599b78ca9/ozone-meta/ratis/bf265839-605b-3f16-9796-c5ba1605619e/in_use.lock acquired by nodename 7706@fv-az83-404
2023-06-29 22:13:57,117 [om1-impl-thread1] INFO  storage.RaftStorage (RaftStorageImpl.java:format(96)) - Storage directory /home/runner/work/ozone/ozone/hadoop-ozone/integration-test/target/test-dir/MiniOzoneClusterImpl-306b8aa5-132e-45e2-945e-dc5599b78ca9/ozone-meta/ratis/bf265839-605b-3f16-9796-c5ba1605619e has been successfully formatted.
2023-06-29 22:13:57,117 [om1-impl-thread1] INFO  server.RaftServerConfigKeys (ConfUtils.java:logGet(46)) - raft.server.log.use.memory = false (default)
2023-06-29 22:13:57,117 [om1-impl-thread1] INFO  server.RaftServerConfigKeys (ConfUtils.java:logGet(46)) - raft.server.log.purge.gap = 1000000 (custom)
2023-06-29 22:13:57,117 [om1-impl-thread1] INFO  server.RaftServerConfigKeys (ConfUtils.java:logGet(46)) - raft.server.log.appender.buffer.byte-limit = 33554432 (custom)
2023-06-29 22:13:57,117 [om1-impl-thread1] INFO  server.RaftServerConfigKeys (ConfUtils.java:logGet(46)) - raft.server.log.statemachine.data.read.timeout = 1000ms (default)
2023-06-29 22:13:57,117 [om1-impl-thread1] INFO  server.RaftServerConfigKeys (ConfUtils.java:logGet(46)) - raft.server.log.purge.preservation.log.num = 0 (default)
2023-06-29 22:13:57,117 [om1-impl-thread1] INFO  server.RaftServerConfigKeys (ConfUtils.java:logGet(46)) - raft.server.log.segment.size.max = 4194304 (custom)
2023-06-29 22:13:57,117 [om1-impl-thread1] INFO  server.RaftServerConfigKeys (ConfUtils.java:logGet(46)) - raft.server.log.segment.cache.num.max = 2 (custom)
2023-06-29 22:13:57,117 [om1-impl-thread1] INFO  server.RaftServerConfigKeys (ConfUtils.java:logGet(46)) - raft.server.log.segment.cache.size.max = 200MB (=209715200) (default)
2023-06-29 22:13:57,117 [om1-impl-thread1] INFO  server.RaftServerConfigKeys (ConfUtils.java:logGet(46)) - raft.server.log.appender.buffer.byte-limit = 33554432 (custom)
2023-06-29 22:13:57,117 [om1-impl-thread1] INFO  segmented.SegmentedRaftLogWorker (SegmentedRaftLogWorker.java:<init>(188)) - new om1@group-C5BA1605619E-SegmentedRaftLogWorker for RaftStorageImpl:Storage Directory /home/runner/work/ozone/ozone/hadoop-ozone/integration-test/target/test-dir/MiniOzoneClusterImpl-306b8aa5-132e-45e2-945e-dc5599b78ca9/ozone-meta/ratis/bf265839-605b-3f16-9796-c5ba1605619e
2023-06-29 22:13:57,117 [om1-impl-thread1] INFO  server.RaftServerConfigKeys (ConfUtils.java:logGet(46)) - raft.server.log.queue.byte-limit = 64MB (=67108864) (default)
2023-06-29 22:13:57,117 [om1-impl-thread1] INFO  server.RaftServerConfigKeys (ConfUtils.java:logGet(46)) - raft.server.log.queue.element-limit = 4096 (default)
2023-06-29 22:13:57,117 [om1-impl-thread1] INFO  server.RaftServerConfigKeys (ConfUtils.java:logGet(46)) - raft.server.log.segment.size.max = 4194304 (custom)
2023-06-29 22:13:57,118 [om1-impl-thread1] INFO  server.RaftServerConfigKeys (ConfUtils.java:logGet(46)) - raft.server.log.preallocated.size = 4194304 (custom)
2023-06-29 22:13:57,118 [om1-impl-thread1] INFO  server.RaftServerConfigKeys (ConfUtils.java:logGet(46)) - raft.server.log.force.sync.num = 128 (default)
2023-06-29 22:13:57,118 [om1-impl-thread1] INFO  server.RaftServerConfigKeys (ConfUtils.java:logGet(46)) - raft.server.log.statemachine.data.sync = true (default)
2023-06-29 22:13:57,118 [om1-impl-thread1] INFO  server.RaftServerConfigKeys (ConfUtils.java:logGet(46)) - raft.server.log.statemachine.data.sync.timeout = 10s (default)
2023-06-29 22:13:57,118 [om1-impl-thread1] INFO  server.RaftServerConfigKeys (ConfUtils.java:logGet(46)) - raft.server.log.statemachine.data.sync.timeout.retry = -1 (default)
2023-06-29 22:13:57,118 [om1-impl-thread1] INFO  server.RaftServerConfigKeys (ConfUtils.java:logGet(46)) - raft.server.log.write.buffer.size = 64KB (=65536) (default)
2023-06-29 22:13:57,118 [om1-impl-thread1] INFO  server.RaftServerConfigKeys (ConfUtils.java:logGet(46)) - raft.server.log.appender.buffer.byte-limit = 33554432 (custom)
2023-06-29 22:13:57,121 [om1-impl-thread1] INFO  server.RaftServerConfigKeys (ConfUtils.java:logGet(46)) - raft.server.log.unsafe-flush.enabled = false (default)
2023-06-29 22:13:57,121 [om1-impl-thread1] INFO  server.RaftServerConfigKeys (ConfUtils.java:logGet(46)) - raft.server.log.async-flush.enabled = false (default)
2023-06-29 22:13:57,121 [om1-impl-thread1] INFO  server.RaftServerConfigKeys (ConfUtils.java:logGet(46)) - raft.server.log.statemachine.data.caching.enabled = false (default)
2023-06-29 22:13:57,121 [om1-impl-thread1] INFO  segmented.SegmentedRaftLogWorker (SegmentedRaftLogWorker.java:lambda$new$0(135)) - om1@group-C5BA1605619E-SegmentedRaftLogWorker: flushIndex: setUnconditionally 0 -> -1
2023-06-29 22:13:57,121 [om1-impl-thread1] INFO  segmented.SegmentedRaftLogWorker (SegmentedRaftLogWorker.java:lambda$new$0(135)) - om1@group-C5BA1605619E-SegmentedRaftLogWorker: safeCacheEvictIndex: setUnconditionally 0 -> -1
2023-06-29 22:13:57,121 [om1-impl-thread1] INFO  server.RaftServer$Division (RaftServerImpl.java:start(342)) - om1@group-C5BA1605619E: start as a follower, conf=-1: peers:[om1|rpc:localhost:15077|priority:0|startupRole:FOLLOWER]|listeners:[], old=null
2023-06-29 22:13:57,121 [om1-impl-thread1] INFO  server.RaftServer$Division (RaftServerImpl.java:setRole(329)) - om1@group-C5BA1605619E: changes role from      null to FOLLOWER at term 0 for startAsFollower
2023-06-29 22:13:57,122 [om1-impl-thread1] INFO  impl.RoleInfo (RoleInfo.java:updateAndGet(139)) - om1: start om1@group-C5BA1605619E-FollowerState
2023-06-29 22:13:57,122 [om1-impl-thread1] INFO  util.JmxRegister (JmxRegister.java:tryRegister(44)) - Successfully registered JMX Bean with object name Ratis:service=RaftServer,group=group-C5BA1605619E,id=om1
2023-06-29 22:13:57,122 [om1@group-C5BA1605619E-FollowerState] INFO  server.RaftServerConfigKeys (ConfUtils.java:logFallback(53)) - raft.server.rpc.first-election.timeout.min = 1s (fallback to raft.server.rpc.timeout.min)
2023-06-29 22:13:57,122 [om1-impl-thread1] INFO  server.RaftServerConfigKeys (ConfUtils.java:logGet(46)) - raft.server.snapshot.auto.trigger.enabled = true (custom)
2023-06-29 22:13:57,122 [om1@group-C5BA1605619E-FollowerState] INFO  server.RaftServerConfigKeys (ConfUtils.java:logFallback(53)) - raft.server.rpc.first-election.timeout.max = 1200ms (fallback to raft.server.rpc.timeout.max)
2023-06-29 22:13:57,122 [om1-impl-thread1] INFO  server.RaftServerConfigKeys (ConfUtils.java:logGet(46)) - raft.server.snapshot.auto.trigger.threshold = 400000 (default)
2023-06-29 22:13:57,122 [om1-impl-thread1] INFO  server.RaftServerConfigKeys (ConfUtils.java:logGet(46)) - raft.server.snapshot.retention.file.num = -1 (default)
2023-06-29 22:13:57,122 [om1-impl-thread1] INFO  server.RaftServerConfigKeys (ConfUtils.java:logGet(46)) - raft.server.log.purge.upto.snapshot.index = true (custom)
2023-06-29 22:13:57,122 [main] INFO  server.RaftServer (RaftServerProxy.java:startImpl(400)) - om1: start RPC server
2023-06-29 22:13:57,124 [main] INFO  server.GrpcService (GrpcService.java:startImpl(302)) - om1: GrpcService started, listening on 15077
2023-06-29 22:13:57,125 [JvmPauseMonitor11] INFO  util.JvmPauseMonitor (JvmPauseMonitor.java:run(103)) - JvmPauseMonitor-om1: Started
2023-06-29 22:13:57,125 [main] INFO  om.OzoneManager (OzoneManager.java:start(1631)) - Version File has different layout version (6) than OM DB (null). That is expected if this OM has never been finalized to a newer layout version.
2023-06-29 22:13:57,127 [main] INFO  http.BaseHttpServer (BaseHttpServer.java:newHttpServer2BuilderForOzone(224)) - Starting Web-server for ozoneManager at: http://0.0.0.0:15075
2023-06-29 22:13:57,127 [main] INFO  http.BaseHttpServer (BaseHttpServer.java:<init>(111)) - Hadoop Security Enabled: false Ozone Security Enabled: false Ozone HTTP Security Enabled: false 
2023-06-29 22:13:57,128 [main] WARN  server.AuthenticationFilter (AuthenticationFilter.java:constructSecretProvider(240)) - Unable to initialize FileSignerSecretProvider, falling back to use random secrets. Reason: Could not read signature secret file: /home/runner/hadoop-http-auth-signature-secret
2023-06-29 22:13:57,129 [main] INFO  http.HttpRequestLog (HttpRequestLog.java:getRequestLog(86)) - Http request log for http.requests.ozoneManager is not defined
2023-06-29 22:13:57,130 [main] INFO  http.HttpServer2 (HttpServer2.java:addGlobalFilter(1031)) - Added global filter 'safety' (class=org.apache.hadoop.hdds.server.http.HttpServer2$QuotingInputFilter)
2023-06-29 22:13:57,133 [main] INFO  http.HttpServer2 (HttpServer2.java:addFilter(1007)) - Added filter static_user_filter (class=org.apache.hadoop.http.lib.StaticUserWebFilter$StaticUserFilter) to context ozoneManager
2023-06-29 22:13:57,133 [main] INFO  http.HttpServer2 (HttpServer2.java:addFilter(1015)) - Added filter static_user_filter (class=org.apache.hadoop.http.lib.StaticUserWebFilter$StaticUserFilter) to context static
2023-06-29 22:13:57,133 [main] INFO  http.HttpServer2 (HttpServer2.java:addFilter(1015)) - Added filter static_user_filter (class=org.apache.hadoop.http.lib.StaticUserWebFilter$StaticUserFilter) to context logs
2023-06-29 22:13:57,134 [main] INFO  http.BaseHttpServer (BaseHttpServer.java:<init>(190)) - HTTP server of ozoneManager uses base directory /home/runner/work/ozone/ozone/hadoop-ozone/integration-test/target/test-dir/MiniOzoneClusterImpl-306b8aa5-132e-45e2-945e-dc5599b78ca9/ozone-meta/webserver
2023-06-29 22:13:57,137 [main] INFO  http.HttpServer2 (HttpServer2.java:bindListener(1250)) - Jetty bound to port 15075
2023-06-29 22:13:57,137 [main] INFO  server.Server (Server.java:doStart(375)) - jetty-9.4.51.v20230217; built: 2023-02-17T08:19:37.309Z; git: b45c405e4544384de066f814ed42ae3dceacdd49; jvm 1.8.0_372-b07
2023-06-29 22:13:57,139 [main] INFO  server.session (DefaultSessionIdManager.java:doStart(334)) - DefaultSessionIdManager workerName=node0
2023-06-29 22:13:57,140 [main] INFO  server.session (DefaultSessionIdManager.java:doStart(339)) - No SessionScavenger set, using defaults
2023-06-29 22:13:57,140 [main] INFO  server.session (HouseKeeper.java:startScavenging(132)) - node0 Scavenging every 660000ms
2023-06-29 22:13:57,140 [main] INFO  handler.ContextHandler (ContextHandler.java:doStart(921)) - Started o.e.j.s.ServletContextHandler@7c8c7a16{logs,/logs,file:///home/runner/work/ozone/ozone/hadoop-ozone/integration-test/target/log,AVAILABLE}
2023-06-29 22:13:57,141 [main] INFO  handler.ContextHandler (ContextHandler.java:doStart(921)) - Started o.e.j.s.ServletContextHandler@44deaadc{static,/static,file:///home/runner/work/ozone/ozone/hadoop-ozone/integration-test/target/test-classes/webapps/static,AVAILABLE}
2023-06-29 22:13:57,143 [main] INFO  handler.ContextHandler (ContextHandler.java:doStart(921)) - Started o.e.j.w.WebAppContext@37066547{ozoneManager,/,file:///home/runner/work/ozone/ozone/hadoop-ozone/integration-test/target/test-classes/webapps/ozoneManager/,AVAILABLE}{file:/home/runner/work/ozone/ozone/hadoop-ozone/integration-test/target/test-classes/webapps/ozoneManager}
2023-06-29 22:13:57,145 [main] INFO  server.AbstractConnector (AbstractConnector.java:doStart(333)) - Started ServerConnector@42cd23ee{HTTP/1.1, (http/1.1)}{0.0.0.0:15075}
2023-06-29 22:13:57,145 [main] INFO  server.Server (Server.java:doStart(415)) - Started @217968ms
2023-06-29 22:13:57,146 [main] WARN  impl.MetricsSystemImpl (MetricsSystemImpl.java:register(279)) - Sink prometheus already exists!
2023-06-29 22:13:57,146 [main] INFO  http.BaseHttpServer (BaseHttpServer.java:updateConnectorAddress(344)) - HTTP server of ozoneManager listening at http://0.0.0.0:15075
2023-06-29 22:13:57,146 [IPC Server Responder] INFO  ipc.Server (Server.java:run(1562)) - IPC Server Responder: starting
2023-06-29 22:13:57,147 [IPC Server listener on 15074] INFO  ipc.Server (Server.java:run(1402)) - IPC Server listener on 15074: starting
2023-06-29 22:13:57,149 [main] INFO  om.OzoneManager (OzoneManager.java:startTrashEmptier(2090)) - Trash Interval set to 0. Files deleted won't move to trash
2023-06-29 22:13:57,165 [main] WARN  impl.MetricRegistriesImpl (MetricRegistriesImpl.java:addReporterRegistration(111)) - New reporters are added after registries were created. Some metrics will be missing from the reporter. Please add reporter before adding any new registry.
2023-06-29 22:13:57,165 [main] WARN  impl.MetricRegistriesImpl (MetricRegistriesImpl.java:addReporterRegistration(111)) - New reporters are added after registries were created. Some metrics will be missing from the reporter. Please add reporter before adding any new registry.
2023-06-29 22:13:57,165 [main] INFO  impl.MetricsSystemImpl (MetricsSystemImpl.java:init(158)) - HddsDatanode metrics system started (again)
2023-06-29 22:13:57,176 [main] INFO  ozone.HddsDatanodeService (HddsDatanodeService.java:start(237)) - HddsDatanodeService host:fv-az83-404.uavyq1izdhte5b0ne1us2eqzhb.jx.internal.cloudapp.net ip:10.1.0.248
2023-06-29 22:13:57,193 [main] INFO  upgrade.AbstractLayoutVersionManager (AbstractLayoutVersionManager.java:init(83)) - Initializing Layout version manager with metadata layout = HADOOP_PRC_PORTS_IN_DATANODEDETAILS (version = 7), software layout = HADOOP_PRC_PORTS_IN_DATANODEDETAILS (version = 7)
2023-06-29 22:13:57,194 [main] INFO  statemachine.DatanodeStateMachine (DatanodeStateMachine.java:getEndPointTaskThreadPoolSize(279)) - Datanode State Machine Task Thread Pool size 2
2023-06-29 22:13:57,195 [main] INFO  volume.HddsVolume (HddsVolume.java:<init>(133)) - Creating HddsVolume: /home/runner/work/ozone/ozone/hadoop-ozone/integration-test/target/test-dir/MiniOzoneClusterImpl-306b8aa5-132e-45e2-945e-dc5599b78ca9/datanode-0/data-0/containers/hdds of storage type : DISK capacity : 9223372036854775807
2023-06-29 22:13:57,195 [main] INFO  volume.MutableVolumeSet (MutableVolumeSet.java:initializeVolumeSet(175)) - Added Volume : /home/runner/work/ozone/ozone/hadoop-ozone/integration-test/target/test-dir/MiniOzoneClusterImpl-306b8aa5-132e-45e2-945e-dc5599b78ca9/datanode-0/data-0/containers/hdds to VolumeSet
2023-06-29 22:13:57,195 [main] INFO  volume.ThrottledAsyncChecker (ThrottledAsyncChecker.java:schedule(141)) - Scheduling a check for /home/runner/work/ozone/ozone/hadoop-ozone/integration-test/target/test-dir/MiniOzoneClusterImpl-306b8aa5-132e-45e2-945e-dc5599b78ca9/datanode-0/data-0/containers/hdds
2023-06-29 22:13:57,197 [main] INFO  volume.StorageVolumeChecker (StorageVolumeChecker.java:checkAllVolumes(202)) - Scheduled health check for volume /home/runner/work/ozone/ozone/hadoop-ozone/integration-test/target/test-dir/MiniOzoneClusterImpl-306b8aa5-132e-45e2-945e-dc5599b78ca9/datanode-0/data-0/containers/hdds
2023-06-29 22:13:57,199 [main] INFO  volume.MutableVolumeSet (MutableVolumeSet.java:initializeVolumeSet(175)) - Added Volume : /home/runner/work/ozone/ozone/hadoop-ozone/integration-test/target/test-dir/MiniOzoneClusterImpl-306b8aa5-132e-45e2-945e-dc5599b78ca9/datanode-0/data/ratis to VolumeSet
2023-06-29 22:13:57,199 [main] INFO  volume.ThrottledAsyncChecker (ThrottledAsyncChecker.java:schedule(141)) - Scheduling a check for /home/runner/work/ozone/ozone/hadoop-ozone/integration-test/target/test-dir/MiniOzoneClusterImpl-306b8aa5-132e-45e2-945e-dc5599b78ca9/datanode-0/data/ratis
2023-06-29 22:13:57,200 [main] INFO  volume.StorageVolumeChecker (StorageVolumeChecker.java:checkAllVolumes(202)) - Scheduled health check for volume /home/runner/work/ozone/ozone/hadoop-ozone/integration-test/target/test-dir/MiniOzoneClusterImpl-306b8aa5-132e-45e2-945e-dc5599b78ca9/datanode-0/data/ratis
2023-06-29 22:13:57,201 [Thread-1870] INFO  ozoneimpl.ContainerReader (ContainerReader.java:readVolume(175)) - Finish verifying containers on volume /home/runner/work/ozone/ozone/hadoop-ozone/integration-test/target/test-dir/MiniOzoneClusterImpl-306b8aa5-132e-45e2-945e-dc5599b78ca9/datanode-0/data-0/containers/hdds
2023-06-29 22:13:57,201 [main] INFO  ozoneimpl.OzoneContainer (OzoneContainer.java:buildContainerSet(316)) - Build ContainerSet costs 0s
2023-06-29 22:13:57,203 [main] INFO  server.RaftServer (ConfUtils.java:logGet(46)) - raft.rpc.type = GRPC (default)
2023-06-29 22:13:57,203 [main] INFO  grpc.GrpcConfigKeys (ConfUtils.java:logFallback(53)) - raft.grpc.admin.host = null (fallback to raft.grpc.server.host)
2023-06-29 22:13:57,203 [main] INFO  grpc.GrpcConfigKeys (ConfUtils.java:logGet(46)) - raft.grpc.admin.port = 15083 (custom)
2023-06-29 22:13:57,204 [main] INFO  grpc.GrpcConfigKeys (ConfUtils.java:logFallback(53)) - raft.grpc.client.host = null (fallback to raft.grpc.server.host)
2023-06-29 22:13:57,204 [main] INFO  grpc.GrpcConfigKeys (ConfUtils.java:logGet(46)) - raft.grpc.client.port = 15082 (custom)
2023-06-29 22:13:57,204 [main] INFO  grpc.GrpcConfigKeys (ConfUtils.java:logGet(46)) - raft.grpc.server.host = null (default)
2023-06-29 22:13:57,204 [main] INFO  grpc.GrpcConfigKeys (ConfUtils.java:logGet(46)) - raft.grpc.server.port = 15084 (custom)
2023-06-29 22:13:57,204 [main] INFO  server.GrpcService (ConfUtils.java:logGet(46)) - raft.grpc.message.size.max = 32MB (=33554432) (custom)
2023-06-29 22:13:57,204 [main] INFO  server.RaftServerConfigKeys (ConfUtils.java:logGet(46)) - raft.server.log.appender.buffer.byte-limit = 33554432 (custom)
2023-06-29 22:13:57,204 [main] INFO  server.GrpcService (ConfUtils.java:logGet(46)) - raft.grpc.flow.control.window = 5MB (=5242880) (custom)
2023-06-29 22:13:57,204 [main] INFO  server.RaftServerConfigKeys (ConfUtils.java:logGet(46)) - raft.server.rpc.request.timeout = 60s (custom)
2023-06-29 22:13:57,204 [main] INFO  grpc.GrpcConfigKeys (ConfUtils.java:logGet(46)) - raft.grpc.server.heartbeat.channel = true (default)
2023-06-29 22:13:57,205 [main] INFO  grpc.GrpcConfigKeys (ConfUtils.java:logGet(46)) - raft.grpc.server.async.request.thread.pool.cached = true (default)
2023-06-29 22:13:57,205 [main] INFO  grpc.GrpcConfigKeys (ConfUtils.java:logGet(46)) - raft.grpc.server.async.request.thread.pool.size = 32 (default)
2023-06-29 22:13:57,207 [main] INFO  impl.DataStreamServerImpl (ConfUtils.java:logGet(46)) - raft.datastream.type = NETTY (custom)
2023-06-29 22:13:57,207 [main] INFO  server.RaftServerConfigKeys (ConfUtils.java:logGet(46)) - raft.server.data-stream.async.request.thread.pool.cached = false (default)
2023-06-29 22:13:57,207 [main] INFO  server.RaftServerConfigKeys (ConfUtils.java:logGet(46)) - raft.server.data-stream.async.request.thread.pool.size = 20 (custom)
2023-06-29 22:13:57,207 [main] INFO  server.RaftServerConfigKeys (ConfUtils.java:logGet(46)) - raft.server.data-stream.async.write.thread.pool.size = 16 (default)
2023-06-29 22:13:57,207 [main] INFO  server.RaftServerConfigKeys (ConfUtils.java:logGet(46)) - raft.server.data-stream.client.pool.size = 10 (default)
2023-06-29 22:13:57,207 [main] INFO  netty.NettyConfigKeys$DataStream (ConfUtils.java:logGet(46)) - raft.netty.dataStream.server.use-epoll = false (default)
2023-06-29 22:13:57,207 [main] INFO  netty.NettyConfigKeys$DataStream (ConfUtils.java:logGet(46)) - raft.netty.dataStream.server.boss-group.size = 0 (default)
2023-06-29 22:13:57,208 [main] INFO  netty.NettyConfigKeys$DataStream (ConfUtils.java:logGet(46)) - raft.netty.dataStream.server.worker-group.size = 0 (default)
2023-06-29 22:13:57,208 [main] INFO  netty.NettyConfigKeys$DataStream (ConfUtils.java:logGet(46)) - raft.netty.dataStream.server.tls.conf = null (default)
2023-06-29 22:13:57,208 [main] INFO  netty.NettyConfigKeys$DataStream (ConfUtils.java:logGet(46)) - raft.netty.dataStream.host = null (default)
2023-06-29 22:13:57,208 [main] INFO  netty.NettyConfigKeys$DataStream (ConfUtils.java:logGet(46)) - raft.netty.dataStream.port = 15085 (custom)
2023-06-29 22:13:57,209 [main] INFO  server.RaftServerConfigKeys (ConfUtils.java:logGet(46)) - raft.server.threadpool.proxy.cached = true (default)
2023-06-29 22:13:57,209 [main] INFO  server.RaftServerConfigKeys (ConfUtils.java:logGet(46)) - raft.server.threadpool.proxy.size = 0 (default)
2023-06-29 22:13:57,209 [main] INFO  server.RaftServerConfigKeys (ConfUtils.java:logGet(46)) - raft.server.rpc.slowness.timeout = 300s (custom)
2023-06-29 22:13:57,210 [main] INFO  server.RaftServerConfigKeys (ConfUtils.java:logGet(46)) - raft.server.leaderelection.leader.step-down.wait-time = 10s (default)
2023-06-29 22:13:57,210 [main] INFO  server.RaftServerConfigKeys (ConfUtils.java:logGet(46)) - raft.server.storage.dir = [/home/runner/work/ozone/ozone/hadoop-ozone/integration-test/target/test-dir/MiniOzoneClusterImpl-306b8aa5-132e-45e2-945e-dc5599b78ca9/datanode-0/data/ratis] (custom)
2023-06-29 22:13:57,210 [d05bfd9b-313a-4e98-aa4a-0bd40171ee67-NettyServerStreamRpc-bossGroup--thread1] INFO  logging.LoggingHandler (AbstractInternalLogger.java:log(148)) - [id: 0x0cb5dbc7] REGISTERED
2023-06-29 22:13:57,211 [d05bfd9b-313a-4e98-aa4a-0bd40171ee67-NettyServerStreamRpc-bossGroup--thread1] INFO  logging.LoggingHandler (AbstractInternalLogger.java:log(148)) - [id: 0x0cb5dbc7] BIND: 0.0.0.0/0.0.0.0:15085
2023-06-29 22:13:57,211 [d05bfd9b-313a-4e98-aa4a-0bd40171ee67-NettyServerStreamRpc-bossGroup--thread1] INFO  logging.LoggingHandler (AbstractInternalLogger.java:log(148)) - [id: 0x0cb5dbc7, L:/0:0:0:0:0:0:0:0:15085] ACTIVE
2023-06-29 22:13:57,211 [main] INFO  server.XceiverServerGrpc (XceiverServerGrpc.java:<init>(132)) - GrpcServer channel type EpollServerSocketChannel
2023-06-29 22:13:57,213 [main] INFO  replication.ReplicationSupervisor (ReplicationSupervisor.java:nodeStateUpdated(305)) - Node state updated to IN_SERVICE, scaling executor pool size to 10
2023-06-29 22:13:57,214 [main] INFO  http.BaseHttpServer (BaseHttpServer.java:newHttpServer2BuilderForOzone(224)) - Starting Web-server for hddsDatanode at: http://0.0.0.0:15079
2023-06-29 22:13:57,215 [main] INFO  http.BaseHttpServer (BaseHttpServer.java:<init>(111)) - Hadoop Security Enabled: false Ozone Security Enabled: false Ozone HTTP Security Enabled: false 
2023-06-29 22:13:57,216 [main] WARN  server.AuthenticationFilter (AuthenticationFilter.java:constructSecretProvider(240)) - Unable to initialize FileSignerSecretProvider, falling back to use random secrets. Reason: Could not read signature secret file: /home/runner/hadoop-http-auth-signature-secret
2023-06-29 22:13:57,216 [main] INFO  http.HttpRequestLog (HttpRequestLog.java:getRequestLog(86)) - Http request log for http.requests.hddsDatanode is not defined
2023-06-29 22:13:57,217 [main] INFO  http.HttpServer2 (HttpServer2.java:addGlobalFilter(1031)) - Added global filter 'safety' (class=org.apache.hadoop.hdds.server.http.HttpServer2$QuotingInputFilter)
2023-06-29 22:13:57,218 [main] INFO  http.HttpServer2 (HttpServer2.java:addFilter(1007)) - Added filter static_user_filter (class=org.apache.hadoop.http.lib.StaticUserWebFilter$StaticUserFilter) to context hddsDatanode
2023-06-29 22:13:57,218 [main] INFO  http.HttpServer2 (HttpServer2.java:addFilter(1015)) - Added filter static_user_filter (class=org.apache.hadoop.http.lib.StaticUserWebFilter$StaticUserFilter) to context logs
2023-06-29 22:13:57,218 [main] INFO  http.HttpServer2 (HttpServer2.java:addFilter(1015)) - Added filter static_user_filter (class=org.apache.hadoop.http.lib.StaticUserWebFilter$StaticUserFilter) to context static
2023-06-29 22:13:57,219 [main] INFO  http.BaseHttpServer (BaseHttpServer.java:<init>(190)) - HTTP server of hddsDatanode uses base directory /home/runner/work/ozone/ozone/hadoop-ozone/integration-test/target/test-dir/MiniOzoneClusterImpl-306b8aa5-132e-45e2-945e-dc5599b78ca9/datanode-0/meta/webserver
2023-06-29 22:13:57,219 [main] INFO  http.HttpServer2 (HttpServer2.java:bindListener(1250)) - Jetty bound to port 15079
2023-06-29 22:13:57,219 [main] INFO  server.Server (Server.java:doStart(375)) - jetty-9.4.51.v20230217; built: 2023-02-17T08:19:37.309Z; git: b45c405e4544384de066f814ed42ae3dceacdd49; jvm 1.8.0_372-b07
2023-06-29 22:13:57,220 [main] INFO  server.session (DefaultSessionIdManager.java:doStart(334)) - DefaultSessionIdManager workerName=node0
2023-06-29 22:13:57,220 [main] INFO  server.session (DefaultSessionIdManager.java:doStart(339)) - No SessionScavenger set, using defaults
2023-06-29 22:13:57,220 [main] INFO  server.session (HouseKeeper.java:startScavenging(132)) - node0 Scavenging every 660000ms
2023-06-29 22:13:57,221 [main] INFO  handler.ContextHandler (ContextHandler.java:doStart(921)) - Started o.e.j.s.ServletContextHandler@12710aa4{logs,/logs,file:///home/runner/work/ozone/ozone/hadoop-ozone/integration-test/target/log,AVAILABLE}
2023-06-29 22:13:57,221 [main] INFO  handler.ContextHandler (ContextHandler.java:doStart(921)) - Started o.e.j.s.ServletContextHandler@2a46f079{static,/static,jar:file:/home/runner/.m2/repository/org/apache/ozone/hdds-container-service/1.4.0-SNAPSHOT/hdds-container-service-1.4.0-SNAPSHOT.jar!/webapps/static,AVAILABLE}
2023-06-29 22:13:57,421 [main] INFO  handler.ContextHandler (ContextHandler.java:doStart(921)) - Started o.e.j.w.WebAppContext@17017b7d{hddsDatanode,/,file:///home/runner/work/ozone/ozone/hadoop-ozone/integration-test/target/test-dir/MiniOzoneClusterImpl-306b8aa5-132e-45e2-945e-dc5599b78ca9/datanode-0/meta/webserver/jetty-0_0_0_0-15079-hdds-container-service-1_4_0-SNAPSHOT_jar-_-any-1038338172077674650/webapp/,AVAILABLE}{jar:file:/home/runner/.m2/repository/org/apache/ozone/hdds-container-service/1.4.0-SNAPSHOT/hdds-container-service-1.4.0-SNAPSHOT.jar!/webapps/hddsDatanode}
2023-06-29 22:13:57,422 [main] INFO  server.AbstractConnector (AbstractConnector.java:doStart(333)) - Started ServerConnector@5f6319a3{HTTP/1.1, (http/1.1)}{0.0.0.0:15079}
2023-06-29 22:13:57,422 [main] INFO  server.Server (Server.java:doStart(415)) - Started @218245ms
2023-06-29 22:13:57,423 [main] WARN  impl.MetricsSystemImpl (MetricsSystemImpl.java:register(279)) - Sink prometheus already exists!
2023-06-29 22:13:57,423 [main] INFO  http.BaseHttpServer (BaseHttpServer.java:updateConnectorAddress(344)) - HTTP server of hddsDatanode listening at http://0.0.0.0:15079
2023-06-29 22:13:57,423 [main] INFO  ipc.CallQueueManager (CallQueueManager.java:<init>(90)) - Using callQueue: class java.util.concurrent.LinkedBlockingQueue, queueCapacity: 100, scheduler: class org.apache.hadoop.ipc.DefaultRpcScheduler, ipcBackoff: false.
2023-06-29 22:13:57,424 [main] INFO  ipc.Server (Server.java:<init>(1287)) - Listener at 0.0.0.0:15080
2023-06-29 22:13:57,424 [Socket Reader #1 for port 15080] INFO  ipc.Server (Server.java:run(1323)) - Starting Socket Reader #1 for port 15080
2023-06-29 22:13:57,430 [main] INFO  ozone.HddsDatanodeService (HddsDatanodeService.java:start(315)) - Datanode start with admins: [runner]
2023-06-29 22:13:57,430 [main] INFO  ozone.HddsDatanodeClientProtocolServer (HddsDatanodeClientProtocolServer.java:start(72)) - RPC server for Client /0.0.0.0:15080
2023-06-29 22:13:57,430 [IPC Server Responder] INFO  ipc.Server (Server.java:run(1562)) - IPC Server Responder: starting
2023-06-29 22:13:57,430 [IPC Server listener on 15080] INFO  ipc.Server (Server.java:run(1402)) - IPC Server listener on 15080: starting
2023-06-29 22:13:57,431 [main] WARN  impl.MetricRegistriesImpl (MetricRegistriesImpl.java:addReporterRegistration(111)) - New reporters are added after registries were created. Some metrics will be missing from the reporter. Please add reporter before adding any new registry.
2023-06-29 22:13:57,431 [main] WARN  impl.MetricRegistriesImpl (MetricRegistriesImpl.java:addReporterRegistration(111)) - New reporters are added after registries were created. Some metrics will be missing from the reporter. Please add reporter before adding any new registry.
2023-06-29 22:13:57,431 [main] INFO  impl.MetricsSystemImpl (MetricsSystemImpl.java:init(158)) - HddsDatanode metrics system started (again)
2023-06-29 22:13:57,441 [Datanode State Machine Daemon Thread] INFO  statemachine.DatanodeStateMachine (DatanodeStateMachine.java:lambda$startDaemon$0(531)) - Ozone container server started.
2023-06-29 22:13:57,448 [main] INFO  ozone.HddsDatanodeService (HddsDatanodeService.java:start(237)) - HddsDatanodeService host:fv-az83-404.uavyq1izdhte5b0ne1us2eqzhb.jx.internal.cloudapp.net ip:10.1.0.248
2023-06-29 22:13:57,454 [Datanode State Machine Task Thread - 0] INFO  datanode.InitDatanodeState (InitDatanodeState.java:persistContainerDatanodeDetails(138)) - DatanodeDetails is persisted to /home/runner/work/ozone/ozone/hadoop-ozone/integration-test/target/test-dir/MiniOzoneClusterImpl-306b8aa5-132e-45e2-945e-dc5599b78ca9/datanode-0/meta/datanode.id
2023-06-29 22:13:57,467 [main] INFO  upgrade.AbstractLayoutVersionManager (AbstractLayoutVersionManager.java:init(83)) - Initializing Layout version manager with metadata layout = HADOOP_PRC_PORTS_IN_DATANODEDETAILS (version = 7), software layout = HADOOP_PRC_PORTS_IN_DATANODEDETAILS (version = 7)
2023-06-29 22:13:57,468 [main] INFO  statemachine.DatanodeStateMachine (DatanodeStateMachine.java:getEndPointTaskThreadPoolSize(279)) - Datanode State Machine Task Thread Pool size 2
2023-06-29 22:13:57,469 [main] INFO  volume.HddsVolume (HddsVolume.java:<init>(133)) - Creating HddsVolume: /home/runner/work/ozone/ozone/hadoop-ozone/integration-test/target/test-dir/MiniOzoneClusterImpl-306b8aa5-132e-45e2-945e-dc5599b78ca9/datanode-1/data-0/containers/hdds of storage type : DISK capacity : 9223372036854775807
2023-06-29 22:13:57,469 [main] INFO  volume.MutableVolumeSet (MutableVolumeSet.java:initializeVolumeSet(175)) - Added Volume : /home/runner/work/ozone/ozone/hadoop-ozone/integration-test/target/test-dir/MiniOzoneClusterImpl-306b8aa5-132e-45e2-945e-dc5599b78ca9/datanode-1/data-0/containers/hdds to VolumeSet
2023-06-29 22:13:57,469 [main] INFO  volume.ThrottledAsyncChecker (ThrottledAsyncChecker.java:schedule(141)) - Scheduling a check for /home/runner/work/ozone/ozone/hadoop-ozone/integration-test/target/test-dir/MiniOzoneClusterImpl-306b8aa5-132e-45e2-945e-dc5599b78ca9/datanode-1/data-0/containers/hdds
2023-06-29 22:13:57,473 [main] INFO  volume.StorageVolumeChecker (StorageVolumeChecker.java:checkAllVolumes(202)) - Scheduled health check for volume /home/runner/work/ozone/ozone/hadoop-ozone/integration-test/target/test-dir/MiniOzoneClusterImpl-306b8aa5-132e-45e2-945e-dc5599b78ca9/datanode-1/data-0/containers/hdds
2023-06-29 22:13:57,476 [main] INFO  volume.MutableVolumeSet (MutableVolumeSet.java:initializeVolumeSet(175)) - Added Volume : /home/runner/work/ozone/ozone/hadoop-ozone/integration-test/target/test-dir/MiniOzoneClusterImpl-306b8aa5-132e-45e2-945e-dc5599b78ca9/datanode-1/data/ratis to VolumeSet
2023-06-29 22:13:57,476 [main] INFO  volume.ThrottledAsyncChecker (ThrottledAsyncChecker.java:schedule(141)) - Scheduling a check for /home/runner/work/ozone/ozone/hadoop-ozone/integration-test/target/test-dir/MiniOzoneClusterImpl-306b8aa5-132e-45e2-945e-dc5599b78ca9/datanode-1/data/ratis
2023-06-29 22:13:57,476 [main] INFO  volume.StorageVolumeChecker (StorageVolumeChecker.java:checkAllVolumes(202)) - Scheduled health check for volume /home/runner/work/ozone/ozone/hadoop-ozone/integration-test/target/test-dir/MiniOzoneClusterImpl-306b8aa5-132e-45e2-945e-dc5599b78ca9/datanode-1/data/ratis
2023-06-29 22:13:57,483 [Thread-1887] INFO  ozoneimpl.ContainerReader (ContainerReader.java:readVolume(175)) - Finish verifying containers on volume /home/runner/work/ozone/ozone/hadoop-ozone/integration-test/target/test-dir/MiniOzoneClusterImpl-306b8aa5-132e-45e2-945e-dc5599b78ca9/datanode-1/data-0/containers/hdds
2023-06-29 22:13:57,483 [main] INFO  ozoneimpl.OzoneContainer (OzoneContainer.java:buildContainerSet(316)) - Build ContainerSet costs 0s
2023-06-29 22:13:57,485 [main] INFO  server.RaftServer (ConfUtils.java:logGet(46)) - raft.rpc.type = GRPC (default)
2023-06-29 22:13:57,485 [main] INFO  grpc.GrpcConfigKeys (ConfUtils.java:logFallback(53)) - raft.grpc.admin.host = null (fallback to raft.grpc.server.host)
2023-06-29 22:13:57,486 [main] INFO  grpc.GrpcConfigKeys (ConfUtils.java:logGet(46)) - raft.grpc.admin.port = 15092 (custom)
2023-06-29 22:13:57,486 [main] INFO  grpc.GrpcConfigKeys (ConfUtils.java:logFallback(53)) - raft.grpc.client.host = null (fallback to raft.grpc.server.host)
2023-06-29 22:13:57,486 [main] INFO  grpc.GrpcConfigKeys (ConfUtils.java:logGet(46)) - raft.grpc.client.port = 15091 (custom)
2023-06-29 22:13:57,486 [main] INFO  grpc.GrpcConfigKeys (ConfUtils.java:logGet(46)) - raft.grpc.server.host = null (default)
2023-06-29 22:13:57,486 [main] INFO  grpc.GrpcConfigKeys (ConfUtils.java:logGet(46)) - raft.grpc.server.port = 15093 (custom)
2023-06-29 22:13:57,486 [main] INFO  server.GrpcService (ConfUtils.java:logGet(46)) - raft.grpc.message.size.max = 32MB (=33554432) (custom)
2023-06-29 22:13:57,486 [main] INFO  server.RaftServerConfigKeys (ConfUtils.java:logGet(46)) - raft.server.log.appender.buffer.byte-limit = 33554432 (custom)
2023-06-29 22:13:57,486 [main] INFO  server.GrpcService (ConfUtils.java:logGet(46)) - raft.grpc.flow.control.window = 5MB (=5242880) (custom)
2023-06-29 22:13:57,487 [main] INFO  server.RaftServerConfigKeys (ConfUtils.java:logGet(46)) - raft.server.rpc.request.timeout = 60s (custom)
2023-06-29 22:13:57,487 [main] INFO  grpc.GrpcConfigKeys (ConfUtils.java:logGet(46)) - raft.grpc.server.heartbeat.channel = true (default)
2023-06-29 22:13:57,487 [main] INFO  grpc.GrpcConfigKeys (ConfUtils.java:logGet(46)) - raft.grpc.server.async.request.thread.pool.cached = true (default)
2023-06-29 22:13:57,487 [main] INFO  grpc.GrpcConfigKeys (ConfUtils.java:logGet(46)) - raft.grpc.server.async.request.thread.pool.size = 32 (default)
2023-06-29 22:13:57,490 [main] INFO  impl.DataStreamServerImpl (ConfUtils.java:logGet(46)) - raft.datastream.type = NETTY (custom)
2023-06-29 22:13:57,490 [main] INFO  server.RaftServerConfigKeys (ConfUtils.java:logGet(46)) - raft.server.data-stream.async.request.thread.pool.cached = false (default)
2023-06-29 22:13:57,491 [main] INFO  server.RaftServerConfigKeys (ConfUtils.java:logGet(46)) - raft.server.data-stream.async.request.thread.pool.size = 20 (custom)
2023-06-29 22:13:57,491 [main] INFO  server.RaftServerConfigKeys (ConfUtils.java:logGet(46)) - raft.server.data-stream.async.write.thread.pool.size = 16 (default)
2023-06-29 22:13:57,491 [main] INFO  server.RaftServerConfigKeys (ConfUtils.java:logGet(46)) - raft.server.data-stream.client.pool.size = 10 (default)
2023-06-29 22:13:57,491 [main] INFO  netty.NettyConfigKeys$DataStream (ConfUtils.java:logGet(46)) - raft.netty.dataStream.server.use-epoll = false (default)
2023-06-29 22:13:57,491 [main] INFO  netty.NettyConfigKeys$DataStream (ConfUtils.java:logGet(46)) - raft.netty.dataStream.server.boss-group.size = 0 (default)
2023-06-29 22:13:57,491 [main] INFO  netty.NettyConfigKeys$DataStream (ConfUtils.java:logGet(46)) - raft.netty.dataStream.server.worker-group.size = 0 (default)
2023-06-29 22:13:57,493 [main] INFO  netty.NettyConfigKeys$DataStream (ConfUtils.java:logGet(46)) - raft.netty.dataStream.server.tls.conf = null (default)
2023-06-29 22:13:57,493 [main] INFO  netty.NettyConfigKeys$DataStream (ConfUtils.java:logGet(46)) - raft.netty.dataStream.host = null (default)
2023-06-29 22:13:57,493 [main] INFO  netty.NettyConfigKeys$DataStream (ConfUtils.java:logGet(46)) - raft.netty.dataStream.port = 15094 (custom)
2023-06-29 22:13:57,493 [main] INFO  server.RaftServerConfigKeys (ConfUtils.java:logGet(46)) - raft.server.threadpool.proxy.cached = true (default)
2023-06-29 22:13:57,494 [main] INFO  server.RaftServerConfigKeys (ConfUtils.java:logGet(46)) - raft.server.threadpool.proxy.size = 0 (default)
2023-06-29 22:13:57,494 [main] INFO  server.RaftServerConfigKeys (ConfUtils.java:logGet(46)) - raft.server.rpc.slowness.timeout = 300s (custom)
2023-06-29 22:13:57,494 [main] INFO  server.RaftServerConfigKeys (ConfUtils.java:logGet(46)) - raft.server.leaderelection.leader.step-down.wait-time = 10s (default)
2023-06-29 22:13:57,494 [main] INFO  server.RaftServerConfigKeys (ConfUtils.java:logGet(46)) - raft.server.storage.dir = [/home/runner/work/ozone/ozone/hadoop-ozone/integration-test/target/test-dir/MiniOzoneClusterImpl-306b8aa5-132e-45e2-945e-dc5599b78ca9/datanode-1/data/ratis] (custom)
2023-06-29 22:13:57,500 [be8f56ef-e678-472d-afc0-a2265ae98bd6-NettyServerStreamRpc-bossGroup--thread1] INFO  logging.LoggingHandler (AbstractInternalLogger.java:log(148)) - [id: 0x6d676d79] REGISTERED
2023-06-29 22:13:57,500 [be8f56ef-e678-472d-afc0-a2265ae98bd6-NettyServerStreamRpc-bossGroup--thread1] INFO  logging.LoggingHandler (AbstractInternalLogger.java:log(148)) - [id: 0x6d676d79] BIND: 0.0.0.0/0.0.0.0:15094
2023-06-29 22:13:57,501 [be8f56ef-e678-472d-afc0-a2265ae98bd6-NettyServerStreamRpc-bossGroup--thread1] INFO  logging.LoggingHandler (AbstractInternalLogger.java:log(148)) - [id: 0x6d676d79, L:/0:0:0:0:0:0:0:0:15094] ACTIVE
2023-06-29 22:13:57,502 [main] INFO  server.XceiverServerGrpc (XceiverServerGrpc.java:<init>(132)) - GrpcServer channel type EpollServerSocketChannel
2023-06-29 22:13:57,503 [main] INFO  replication.ReplicationSupervisor (ReplicationSupervisor.java:nodeStateUpdated(305)) - Node state updated to IN_SERVICE, scaling executor pool size to 10
2023-06-29 22:13:57,507 [main] INFO  http.BaseHttpServer (BaseHttpServer.java:newHttpServer2BuilderForOzone(224)) - Starting Web-server for hddsDatanode at: http://0.0.0.0:15088
2023-06-29 22:13:57,507 [main] INFO  http.BaseHttpServer (BaseHttpServer.java:<init>(111)) - Hadoop Security Enabled: false Ozone Security Enabled: false Ozone HTTP Security Enabled: false 
2023-06-29 22:13:57,508 [main] WARN  server.AuthenticationFilter (AuthenticationFilter.java:constructSecretProvider(240)) - Unable to initialize FileSignerSecretProvider, falling back to use random secrets. Reason: Could not read signature secret file: /home/runner/hadoop-http-auth-signature-secret
2023-06-29 22:13:57,509 [main] INFO  http.HttpRequestLog (HttpRequestLog.java:getRequestLog(86)) - Http request log for http.requests.hddsDatanode is not defined
2023-06-29 22:13:57,510 [main] INFO  http.HttpServer2 (HttpServer2.java:addGlobalFilter(1031)) - Added global filter 'safety' (class=org.apache.hadoop.hdds.server.http.HttpServer2$QuotingInputFilter)
2023-06-29 22:13:57,510 [main] INFO  http.HttpServer2 (HttpServer2.java:addFilter(1007)) - Added filter static_user_filter (class=org.apache.hadoop.http.lib.StaticUserWebFilter$StaticUserFilter) to context hddsDatanode
2023-06-29 22:13:57,511 [main] INFO  http.HttpServer2 (HttpServer2.java:addFilter(1015)) - Added filter static_user_filter (class=org.apache.hadoop.http.lib.StaticUserWebFilter$StaticUserFilter) to context static
2023-06-29 22:13:57,511 [main] INFO  http.HttpServer2 (HttpServer2.java:addFilter(1015)) - Added filter static_user_filter (class=org.apache.hadoop.http.lib.StaticUserWebFilter$StaticUserFilter) to context logs
2023-06-29 22:13:57,511 [main] INFO  http.BaseHttpServer (BaseHttpServer.java:<init>(190)) - HTTP server of hddsDatanode uses base directory /home/runner/work/ozone/ozone/hadoop-ozone/integration-test/target/test-dir/MiniOzoneClusterImpl-306b8aa5-132e-45e2-945e-dc5599b78ca9/datanode-1/meta/webserver
2023-06-29 22:13:57,511 [main] INFO  http.HttpServer2 (HttpServer2.java:bindListener(1250)) - Jetty bound to port 15088
2023-06-29 22:13:57,511 [main] INFO  server.Server (Server.java:doStart(375)) - jetty-9.4.51.v20230217; built: 2023-02-17T08:19:37.309Z; git: b45c405e4544384de066f814ed42ae3dceacdd49; jvm 1.8.0_372-b07
2023-06-29 22:13:57,521 [main] INFO  server.session (DefaultSessionIdManager.java:doStart(334)) - DefaultSessionIdManager workerName=node0
2023-06-29 22:13:57,521 [main] INFO  server.session (DefaultSessionIdManager.java:doStart(339)) - No SessionScavenger set, using defaults
2023-06-29 22:13:57,521 [main] INFO  server.session (HouseKeeper.java:startScavenging(132)) - node0 Scavenging every 600000ms
2023-06-29 22:13:57,522 [main] INFO  handler.ContextHandler (ContextHandler.java:doStart(921)) - Started o.e.j.s.ServletContextHandler@2d9a6852{logs,/logs,file:///home/runner/work/ozone/ozone/hadoop-ozone/integration-test/target/log,AVAILABLE}
2023-06-29 22:13:57,522 [main] INFO  handler.ContextHandler (ContextHandler.java:doStart(921)) - Started o.e.j.s.ServletContextHandler@64f4c577{static,/static,jar:file:/home/runner/.m2/repository/org/apache/ozone/hdds-container-service/1.4.0-SNAPSHOT/hdds-container-service-1.4.0-SNAPSHOT.jar!/webapps/static,AVAILABLE}
2023-06-29 22:13:57,722 [main] INFO  handler.ContextHandler (ContextHandler.java:doStart(921)) - Started o.e.j.w.WebAppContext@7ee548be{hddsDatanode,/,file:///home/runner/work/ozone/ozone/hadoop-ozone/integration-test/target/test-dir/MiniOzoneClusterImpl-306b8aa5-132e-45e2-945e-dc5599b78ca9/datanode-1/meta/webserver/jetty-0_0_0_0-15088-hdds-container-service-1_4_0-SNAPSHOT_jar-_-any-9207679918435632980/webapp/,AVAILABLE}{jar:file:/home/runner/.m2/repository/org/apache/ozone/hdds-container-service/1.4.0-SNAPSHOT/hdds-container-service-1.4.0-SNAPSHOT.jar!/webapps/hddsDatanode}
2023-06-29 22:13:57,723 [main] INFO  server.AbstractConnector (AbstractConnector.java:doStart(333)) - Started ServerConnector@176455ba{HTTP/1.1, (http/1.1)}{0.0.0.0:15088}
2023-06-29 22:13:57,723 [main] INFO  server.Server (Server.java:doStart(415)) - Started @218546ms
2023-06-29 22:13:57,724 [main] WARN  impl.MetricsSystemImpl (MetricsSystemImpl.java:register(279)) - Sink prometheus already exists!
2023-06-29 22:13:57,724 [main] INFO  http.BaseHttpServer (BaseHttpServer.java:updateConnectorAddress(344)) - HTTP server of hddsDatanode listening at http://0.0.0.0:15088
2023-06-29 22:13:57,724 [main] INFO  ipc.CallQueueManager (CallQueueManager.java:<init>(90)) - Using callQueue: class java.util.concurrent.LinkedBlockingQueue, queueCapacity: 100, scheduler: class org.apache.hadoop.ipc.DefaultRpcScheduler, ipcBackoff: false.
2023-06-29 22:13:57,725 [main] INFO  ipc.Server (Server.java:<init>(1287)) - Listener at 0.0.0.0:15089
2023-06-29 22:13:57,727 [Socket Reader #1 for port 15089] INFO  ipc.Server (Server.java:run(1323)) - Starting Socket Reader #1 for port 15089
2023-06-29 22:13:57,730 [main] INFO  ozone.HddsDatanodeService (HddsDatanodeService.java:start(315)) - Datanode start with admins: [runner]
2023-06-29 22:13:57,730 [main] INFO  ozone.HddsDatanodeClientProtocolServer (HddsDatanodeClientProtocolServer.java:start(72)) - RPC server for Client /0.0.0.0:15089
2023-06-29 22:13:57,731 [IPC Server Responder] INFO  ipc.Server (Server.java:run(1562)) - IPC Server Responder: starting
2023-06-29 22:13:57,733 [Datanode State Machine Daemon Thread] INFO  statemachine.DatanodeStateMachine (DatanodeStateMachine.java:lambda$startDaemon$0(531)) - Ozone container server started.
2023-06-29 22:13:57,733 [main] WARN  impl.MetricRegistriesImpl (MetricRegistriesImpl.java:addReporterRegistration(111)) - New reporters are added after registries were created. Some metrics will be missing from the reporter. Please add reporter before adding any new registry.
2023-06-29 22:13:57,733 [main] WARN  impl.MetricRegistriesImpl (MetricRegistriesImpl.java:addReporterRegistration(111)) - New reporters are added after registries were created. Some metrics will be missing from the reporter. Please add reporter before adding any new registry.
2023-06-29 22:13:57,733 [main] INFO  impl.MetricsSystemImpl (MetricsSystemImpl.java:init(158)) - HddsDatanode metrics system started (again)
2023-06-29 22:13:57,734 [IPC Server listener on 15089] INFO  ipc.Server (Server.java:run(1402)) - IPC Server listener on 15089: starting
2023-06-29 22:13:57,751 [Datanode State Machine Task Thread - 0] INFO  datanode.InitDatanodeState (InitDatanodeState.java:persistContainerDatanodeDetails(138)) - DatanodeDetails is persisted to /home/runner/work/ozone/ozone/hadoop-ozone/integration-test/target/test-dir/MiniOzoneClusterImpl-306b8aa5-132e-45e2-945e-dc5599b78ca9/datanode-1/meta/datanode.id
2023-06-29 22:13:57,762 [main] INFO  ozone.HddsDatanodeService (HddsDatanodeService.java:start(237)) - HddsDatanodeService host:fv-az83-404.uavyq1izdhte5b0ne1us2eqzhb.jx.internal.cloudapp.net ip:10.1.0.248
2023-06-29 22:13:57,784 [main] INFO  upgrade.AbstractLayoutVersionManager (AbstractLayoutVersionManager.java:init(83)) - Initializing Layout version manager with metadata layout = HADOOP_PRC_PORTS_IN_DATANODEDETAILS (version = 7), software layout = HADOOP_PRC_PORTS_IN_DATANODEDETAILS (version = 7)
2023-06-29 22:13:57,784 [main] INFO  statemachine.DatanodeStateMachine (DatanodeStateMachine.java:getEndPointTaskThreadPoolSize(279)) - Datanode State Machine Task Thread Pool size 2
2023-06-29 22:13:57,789 [main] INFO  volume.HddsVolume (HddsVolume.java:<init>(133)) - Creating HddsVolume: /home/runner/work/ozone/ozone/hadoop-ozone/integration-test/target/test-dir/MiniOzoneClusterImpl-306b8aa5-132e-45e2-945e-dc5599b78ca9/datanode-2/data-0/containers/hdds of storage type : DISK capacity : 9223372036854775807
2023-06-29 22:13:57,790 [main] INFO  volume.MutableVolumeSet (MutableVolumeSet.java:initializeVolumeSet(175)) - Added Volume : /home/runner/work/ozone/ozone/hadoop-ozone/integration-test/target/test-dir/MiniOzoneClusterImpl-306b8aa5-132e-45e2-945e-dc5599b78ca9/datanode-2/data-0/containers/hdds to VolumeSet
2023-06-29 22:13:57,790 [main] INFO  volume.ThrottledAsyncChecker (ThrottledAsyncChecker.java:schedule(141)) - Scheduling a check for /home/runner/work/ozone/ozone/hadoop-ozone/integration-test/target/test-dir/MiniOzoneClusterImpl-306b8aa5-132e-45e2-945e-dc5599b78ca9/datanode-2/data-0/containers/hdds
2023-06-29 22:13:57,790 [main] INFO  volume.StorageVolumeChecker (StorageVolumeChecker.java:checkAllVolumes(202)) - Scheduled health check for volume /home/runner/work/ozone/ozone/hadoop-ozone/integration-test/target/test-dir/MiniOzoneClusterImpl-306b8aa5-132e-45e2-945e-dc5599b78ca9/datanode-2/data-0/containers/hdds
2023-06-29 22:13:57,792 [main] INFO  volume.MutableVolumeSet (MutableVolumeSet.java:initializeVolumeSet(175)) - Added Volume : /home/runner/work/ozone/ozone/hadoop-ozone/integration-test/target/test-dir/MiniOzoneClusterImpl-306b8aa5-132e-45e2-945e-dc5599b78ca9/datanode-2/data/ratis to VolumeSet
2023-06-29 22:13:57,793 [main] INFO  volume.ThrottledAsyncChecker (ThrottledAsyncChecker.java:schedule(141)) - Scheduling a check for /home/runner/work/ozone/ozone/hadoop-ozone/integration-test/target/test-dir/MiniOzoneClusterImpl-306b8aa5-132e-45e2-945e-dc5599b78ca9/datanode-2/data/ratis
2023-06-29 22:13:57,793 [main] INFO  volume.StorageVolumeChecker (StorageVolumeChecker.java:checkAllVolumes(202)) - Scheduled health check for volume /home/runner/work/ozone/ozone/hadoop-ozone/integration-test/target/test-dir/MiniOzoneClusterImpl-306b8aa5-132e-45e2-945e-dc5599b78ca9/datanode-2/data/ratis
2023-06-29 22:13:57,794 [Thread-1904] INFO  ozoneimpl.ContainerReader (ContainerReader.java:readVolume(175)) - Finish verifying containers on volume /home/runner/work/ozone/ozone/hadoop-ozone/integration-test/target/test-dir/MiniOzoneClusterImpl-306b8aa5-132e-45e2-945e-dc5599b78ca9/datanode-2/data-0/containers/hdds
2023-06-29 22:13:57,794 [main] INFO  ozoneimpl.OzoneContainer (OzoneContainer.java:buildContainerSet(316)) - Build ContainerSet costs 0s
2023-06-29 22:13:57,800 [main] INFO  server.RaftServer (ConfUtils.java:logGet(46)) - raft.rpc.type = GRPC (default)
2023-06-29 22:13:57,801 [main] INFO  grpc.GrpcConfigKeys (ConfUtils.java:logFallback(53)) - raft.grpc.admin.host = null (fallback to raft.grpc.server.host)
2023-06-29 22:13:57,801 [main] INFO  grpc.GrpcConfigKeys (ConfUtils.java:logGet(46)) - raft.grpc.admin.port = 15101 (custom)
2023-06-29 22:13:57,802 [main] INFO  grpc.GrpcConfigKeys (ConfUtils.java:logFallback(53)) - raft.grpc.client.host = null (fallback to raft.grpc.server.host)
2023-06-29 22:13:57,802 [main] INFO  grpc.GrpcConfigKeys (ConfUtils.java:logGet(46)) - raft.grpc.client.port = 15100 (custom)
2023-06-29 22:13:57,802 [main] INFO  grpc.GrpcConfigKeys (ConfUtils.java:logGet(46)) - raft.grpc.server.host = null (default)
2023-06-29 22:13:57,802 [main] INFO  grpc.GrpcConfigKeys (ConfUtils.java:logGet(46)) - raft.grpc.server.port = 15102 (custom)
2023-06-29 22:13:57,803 [main] INFO  server.GrpcService (ConfUtils.java:logGet(46)) - raft.grpc.message.size.max = 32MB (=33554432) (custom)
2023-06-29 22:13:57,803 [main] INFO  server.RaftServerConfigKeys (ConfUtils.java:logGet(46)) - raft.server.log.appender.buffer.byte-limit = 33554432 (custom)
2023-06-29 22:13:57,803 [main] INFO  server.GrpcService (ConfUtils.java:logGet(46)) - raft.grpc.flow.control.window = 5MB (=5242880) (custom)
2023-06-29 22:13:57,803 [main] INFO  server.RaftServerConfigKeys (ConfUtils.java:logGet(46)) - raft.server.rpc.request.timeout = 60s (custom)
2023-06-29 22:13:57,804 [main] INFO  grpc.GrpcConfigKeys (ConfUtils.java:logGet(46)) - raft.grpc.server.heartbeat.channel = true (default)
2023-06-29 22:13:57,804 [main] INFO  grpc.GrpcConfigKeys (ConfUtils.java:logGet(46)) - raft.grpc.server.async.request.thread.pool.cached = true (default)
2023-06-29 22:13:57,804 [main] INFO  grpc.GrpcConfigKeys (ConfUtils.java:logGet(46)) - raft.grpc.server.async.request.thread.pool.size = 32 (default)
2023-06-29 22:13:57,808 [main] INFO  impl.DataStreamServerImpl (ConfUtils.java:logGet(46)) - raft.datastream.type = NETTY (custom)
2023-06-29 22:13:57,808 [main] INFO  server.RaftServerConfigKeys (ConfUtils.java:logGet(46)) - raft.server.data-stream.async.request.thread.pool.cached = false (default)
2023-06-29 22:13:57,808 [main] INFO  server.RaftServerConfigKeys (ConfUtils.java:logGet(46)) - raft.server.data-stream.async.request.thread.pool.size = 20 (custom)
2023-06-29 22:13:57,808 [main] INFO  server.RaftServerConfigKeys (ConfUtils.java:logGet(46)) - raft.server.data-stream.async.write.thread.pool.size = 16 (default)
2023-06-29 22:13:57,809 [main] INFO  server.RaftServerConfigKeys (ConfUtils.java:logGet(46)) - raft.server.data-stream.client.pool.size = 10 (default)
2023-06-29 22:13:57,809 [main] INFO  netty.NettyConfigKeys$DataStream (ConfUtils.java:logGet(46)) - raft.netty.dataStream.server.use-epoll = false (default)
2023-06-29 22:13:57,809 [main] INFO  netty.NettyConfigKeys$DataStream (ConfUtils.java:logGet(46)) - raft.netty.dataStream.server.boss-group.size = 0 (default)
2023-06-29 22:13:57,809 [main] INFO  netty.NettyConfigKeys$DataStream (ConfUtils.java:logGet(46)) - raft.netty.dataStream.server.worker-group.size = 0 (default)
2023-06-29 22:13:57,809 [main] INFO  netty.NettyConfigKeys$DataStream (ConfUtils.java:logGet(46)) - raft.netty.dataStream.server.tls.conf = null (default)
2023-06-29 22:13:57,810 [main] INFO  netty.NettyConfigKeys$DataStream (ConfUtils.java:logGet(46)) - raft.netty.dataStream.host = null (default)
2023-06-29 22:13:57,810 [main] INFO  netty.NettyConfigKeys$DataStream (ConfUtils.java:logGet(46)) - raft.netty.dataStream.port = 15103 (custom)
2023-06-29 22:13:57,810 [main] INFO  server.RaftServerConfigKeys (ConfUtils.java:logGet(46)) - raft.server.threadpool.proxy.cached = true (default)
2023-06-29 22:13:57,810 [main] INFO  server.RaftServerConfigKeys (ConfUtils.java:logGet(46)) - raft.server.threadpool.proxy.size = 0 (default)
2023-06-29 22:13:57,811 [main] INFO  server.RaftServerConfigKeys (ConfUtils.java:logGet(46)) - raft.server.rpc.slowness.timeout = 300s (custom)
2023-06-29 22:13:57,811 [main] INFO  server.RaftServerConfigKeys (ConfUtils.java:logGet(46)) - raft.server.leaderelection.leader.step-down.wait-time = 10s (default)
2023-06-29 22:13:57,811 [main] INFO  server.RaftServerConfigKeys (ConfUtils.java:logGet(46)) - raft.server.storage.dir = [/home/runner/work/ozone/ozone/hadoop-ozone/integration-test/target/test-dir/MiniOzoneClusterImpl-306b8aa5-132e-45e2-945e-dc5599b78ca9/datanode-2/data/ratis] (custom)
2023-06-29 22:13:57,811 [235ec288-f126-4c43-8a80-14f1997ec4a1-NettyServerStreamRpc-bossGroup--thread1] INFO  logging.LoggingHandler (AbstractInternalLogger.java:log(148)) - [id: 0x58f4db58] REGISTERED
2023-06-29 22:13:57,811 [235ec288-f126-4c43-8a80-14f1997ec4a1-NettyServerStreamRpc-bossGroup--thread1] INFO  logging.LoggingHandler (AbstractInternalLogger.java:log(148)) - [id: 0x58f4db58] BIND: 0.0.0.0/0.0.0.0:15103
2023-06-29 22:13:57,812 [235ec288-f126-4c43-8a80-14f1997ec4a1-NettyServerStreamRpc-bossGroup--thread1] INFO  logging.LoggingHandler (AbstractInternalLogger.java:log(148)) - [id: 0x58f4db58, L:/0:0:0:0:0:0:0:0:15103] ACTIVE
2023-06-29 22:13:57,813 [main] INFO  server.XceiverServerGrpc (XceiverServerGrpc.java:<init>(132)) - GrpcServer channel type EpollServerSocketChannel
2023-06-29 22:13:57,814 [main] INFO  replication.ReplicationSupervisor (ReplicationSupervisor.java:nodeStateUpdated(305)) - Node state updated to IN_SERVICE, scaling executor pool size to 10
2023-06-29 22:13:57,816 [main] INFO  http.BaseHttpServer (BaseHttpServer.java:newHttpServer2BuilderForOzone(224)) - Starting Web-server for hddsDatanode at: http://0.0.0.0:15097
2023-06-29 22:13:57,816 [main] INFO  http.BaseHttpServer (BaseHttpServer.java:<init>(111)) - Hadoop Security Enabled: false Ozone Security Enabled: false Ozone HTTP Security Enabled: false 
2023-06-29 22:13:57,817 [main] WARN  server.AuthenticationFilter (AuthenticationFilter.java:constructSecretProvider(240)) - Unable to initialize FileSignerSecretProvider, falling back to use random secrets. Reason: Could not read signature secret file: /home/runner/hadoop-http-auth-signature-secret
2023-06-29 22:13:57,818 [main] INFO  http.HttpRequestLog (HttpRequestLog.java:getRequestLog(86)) - Http request log for http.requests.hddsDatanode is not defined
2023-06-29 22:13:57,819 [main] INFO  http.HttpServer2 (HttpServer2.java:addGlobalFilter(1031)) - Added global filter 'safety' (class=org.apache.hadoop.hdds.server.http.HttpServer2$QuotingInputFilter)
2023-06-29 22:13:57,820 [main] INFO  http.HttpServer2 (HttpServer2.java:addFilter(1007)) - Added filter static_user_filter (class=org.apache.hadoop.http.lib.StaticUserWebFilter$StaticUserFilter) to context hddsDatanode
2023-06-29 22:13:57,820 [main] INFO  http.HttpServer2 (HttpServer2.java:addFilter(1015)) - Added filter static_user_filter (class=org.apache.hadoop.http.lib.StaticUserWebFilter$StaticUserFilter) to context static
2023-06-29 22:13:57,820 [main] INFO  http.HttpServer2 (HttpServer2.java:addFilter(1015)) - Added filter static_user_filter (class=org.apache.hadoop.http.lib.StaticUserWebFilter$StaticUserFilter) to context logs
2023-06-29 22:13:57,822 [main] INFO  http.BaseHttpServer (BaseHttpServer.java:<init>(190)) - HTTP server of hddsDatanode uses base directory /home/runner/work/ozone/ozone/hadoop-ozone/integration-test/target/test-dir/MiniOzoneClusterImpl-306b8aa5-132e-45e2-945e-dc5599b78ca9/datanode-2/meta/webserver
2023-06-29 22:13:57,822 [main] INFO  http.HttpServer2 (HttpServer2.java:bindListener(1250)) - Jetty bound to port 15097
2023-06-29 22:13:57,822 [main] INFO  server.Server (Server.java:doStart(375)) - jetty-9.4.51.v20230217; built: 2023-02-17T08:19:37.309Z; git: b45c405e4544384de066f814ed42ae3dceacdd49; jvm 1.8.0_372-b07
2023-06-29 22:13:57,823 [main] INFO  server.session (DefaultSessionIdManager.java:doStart(334)) - DefaultSessionIdManager workerName=node0
2023-06-29 22:13:57,824 [main] INFO  server.session (DefaultSessionIdManager.java:doStart(339)) - No SessionScavenger set, using defaults
2023-06-29 22:13:57,824 [main] INFO  server.session (HouseKeeper.java:startScavenging(132)) - node0 Scavenging every 660000ms
2023-06-29 22:13:57,824 [main] INFO  handler.ContextHandler (ContextHandler.java:doStart(921)) - Started o.e.j.s.ServletContextHandler@f4c9be6{logs,/logs,file:///home/runner/work/ozone/ozone/hadoop-ozone/integration-test/target/log,AVAILABLE}
2023-06-29 22:13:57,825 [main] INFO  handler.ContextHandler (ContextHandler.java:doStart(921)) - Started o.e.j.s.ServletContextHandler@68edb7d{static,/static,jar:file:/home/runner/.m2/repository/org/apache/ozone/hdds-container-service/1.4.0-SNAPSHOT/hdds-container-service-1.4.0-SNAPSHOT.jar!/webapps/static,AVAILABLE}
2023-06-29 22:13:58,033 [main] INFO  handler.ContextHandler (ContextHandler.java:doStart(921)) - Started o.e.j.w.WebAppContext@31ae6b{hddsDatanode,/,file:///home/runner/work/ozone/ozone/hadoop-ozone/integration-test/target/test-dir/MiniOzoneClusterImpl-306b8aa5-132e-45e2-945e-dc5599b78ca9/datanode-2/meta/webserver/jetty-0_0_0_0-15097-hdds-container-service-1_4_0-SNAPSHOT_jar-_-any-8706964867502594556/webapp/,AVAILABLE}{jar:file:/home/runner/.m2/repository/org/apache/ozone/hdds-container-service/1.4.0-SNAPSHOT/hdds-container-service-1.4.0-SNAPSHOT.jar!/webapps/hddsDatanode}
2023-06-29 22:13:58,035 [main] INFO  server.AbstractConnector (AbstractConnector.java:doStart(333)) - Started ServerConnector@1ca50e39{HTTP/1.1, (http/1.1)}{0.0.0.0:15097}
2023-06-29 22:13:58,036 [main] INFO  server.Server (Server.java:doStart(415)) - Started @218858ms
2023-06-29 22:13:58,036 [main] WARN  impl.MetricsSystemImpl (MetricsSystemImpl.java:register(279)) - Sink prometheus already exists!
2023-06-29 22:13:58,036 [main] INFO  http.BaseHttpServer (BaseHttpServer.java:updateConnectorAddress(344)) - HTTP server of hddsDatanode listening at http://0.0.0.0:15097
2023-06-29 22:13:58,037 [main] INFO  ipc.CallQueueManager (CallQueueManager.java:<init>(90)) - Using callQueue: class java.util.concurrent.LinkedBlockingQueue, queueCapacity: 100, scheduler: class org.apache.hadoop.ipc.DefaultRpcScheduler, ipcBackoff: false.
2023-06-29 22:13:58,037 [main] INFO  ipc.Server (Server.java:<init>(1287)) - Listener at 0.0.0.0:15098
2023-06-29 22:13:58,039 [Socket Reader #1 for port 15098] INFO  ipc.Server (Server.java:run(1323)) - Starting Socket Reader #1 for port 15098
2023-06-29 22:13:58,040 [main] INFO  ozone.HddsDatanodeService (HddsDatanodeService.java:start(315)) - Datanode start with admins: [runner]
2023-06-29 22:13:58,041 [main] INFO  ozone.HddsDatanodeClientProtocolServer (HddsDatanodeClientProtocolServer.java:start(72)) - RPC server for Client /0.0.0.0:15098
2023-06-29 22:13:58,041 [IPC Server Responder] INFO  ipc.Server (Server.java:run(1562)) - IPC Server Responder: starting
2023-06-29 22:13:58,041 [IPC Server listener on 15098] INFO  ipc.Server (Server.java:run(1402)) - IPC Server listener on 15098: starting
2023-06-29 22:13:58,041 [Datanode State Machine Daemon Thread] INFO  statemachine.DatanodeStateMachine (DatanodeStateMachine.java:lambda$startDaemon$0(531)) - Ozone container server started.
2023-06-29 22:13:58,041 [main] INFO  ozone.MiniOzoneClusterImpl (MiniOzoneClusterImpl.java:lambda$waitForClusterToBeReady$0(224)) - Waiting for nodes to be ready. Got 0 of 3 DN Heartbeats.
2023-06-29 22:13:58,041 [main] INFO  ozone.MiniOzoneClusterImpl (MiniOzoneClusterImpl.java:lambda$waitForClusterToBeReady$0(227)) - Waiting for cluster to exit safe mode
2023-06-29 22:13:58,041 [main] INFO  ozone.MiniOzoneClusterImpl (MiniOzoneClusterImpl.java:lambda$waitForClusterToBeReady$0(229)) - SCM became leader
2023-06-29 22:13:58,048 [Datanode State Machine Task Thread - 0] INFO  datanode.InitDatanodeState (InitDatanodeState.java:persistContainerDatanodeDetails(138)) - DatanodeDetails is persisted to /home/runner/work/ozone/ozone/hadoop-ozone/integration-test/target/test-dir/MiniOzoneClusterImpl-306b8aa5-132e-45e2-945e-dc5599b78ca9/datanode-2/meta/datanode.id
2023-06-29 22:13:58,131 [om1@group-C5BA1605619E-FollowerState] INFO  impl.FollowerState (FollowerState.java:run(143)) - om1@group-C5BA1605619E-FollowerState: change to CANDIDATE, lastRpcElapsedTime:1009463542ns, electionTimeout:1009ms
2023-06-29 22:13:58,131 [om1@group-C5BA1605619E-FollowerState] INFO  impl.RoleInfo (RoleInfo.java:shutdownFollowerState(110)) - om1: shutdown om1@group-C5BA1605619E-FollowerState
2023-06-29 22:13:58,131 [om1@group-C5BA1605619E-FollowerState] INFO  server.RaftServer$Division (RaftServerImpl.java:setRole(329)) - om1@group-C5BA1605619E: changes role from  FOLLOWER to CANDIDATE at term 0 for changeToCandidate
2023-06-29 22:13:58,132 [om1@group-C5BA1605619E-FollowerState] INFO  server.RaftServerConfigKeys (ConfUtils.java:logGet(46)) - raft.server.leaderelection.pre-vote = true (default)
2023-06-29 22:13:58,132 [om1@group-C5BA1605619E-FollowerState] INFO  impl.RoleInfo (RoleInfo.java:updateAndGet(139)) - om1: start om1@group-C5BA1605619E-LeaderElection17
2023-06-29 22:13:58,133 [om1@group-C5BA1605619E-LeaderElection17] INFO  impl.LeaderElection (LeaderElection.java:askForVotes(321)) - om1@group-C5BA1605619E-LeaderElection17 PRE_VOTE round 0: submit vote requests at term 0 for -1: peers:[om1|rpc:localhost:15077|priority:0|startupRole:FOLLOWER]|listeners:[], old=null
2023-06-29 22:13:58,133 [om1@group-C5BA1605619E-LeaderElection17] INFO  impl.LeaderElection (LeaderElection.java:askForVotes(323)) - om1@group-C5BA1605619E-LeaderElection17 PRE_VOTE round 0: result PASSED (term=0)
2023-06-29 22:13:58,135 [om1@group-C5BA1605619E-LeaderElection17] INFO  impl.LeaderElection (LeaderElection.java:askForVotes(321)) - om1@group-C5BA1605619E-LeaderElection17 ELECTION round 0: submit vote requests at term 1 for -1: peers:[om1|rpc:localhost:15077|priority:0|startupRole:FOLLOWER]|listeners:[], old=null
2023-06-29 22:13:58,135 [om1@group-C5BA1605619E-LeaderElection17] INFO  impl.LeaderElection (LeaderElection.java:askForVotes(323)) - om1@group-C5BA1605619E-LeaderElection17 ELECTION round 0: result PASSED (term=1)
2023-06-29 22:13:58,135 [om1@group-C5BA1605619E-LeaderElection17] INFO  impl.RoleInfo (RoleInfo.java:shutdownLeaderElection(130)) - om1: shutdown om1@group-C5BA1605619E-LeaderElection17
2023-06-29 22:13:58,135 [om1@group-C5BA1605619E-LeaderElection17] INFO  server.RaftServer$Division (RaftServerImpl.java:setRole(329)) - om1@group-C5BA1605619E: changes role from CANDIDATE to LEADER at term 1 for changeToLeader
2023-06-29 22:13:58,135 [om1@group-C5BA1605619E-LeaderElection17] INFO  server.RaftServer$Division (ServerState.java:setLeader(317)) - om1@group-C5BA1605619E: change Leader from null to om1 at term 1 for becomeLeader, leader elected after 1420ms
2023-06-29 22:13:58,136 [om1@group-C5BA1605619E-LeaderElection17] INFO  server.RaftServerConfigKeys (ConfUtils.java:logGet(46)) - raft.server.staging.catchup.gap = 1000 (default)
2023-06-29 22:13:58,136 [om1@group-C5BA1605619E-LeaderElection17] INFO  server.RaftServerConfigKeys (ConfUtils.java:logGet(46)) - raft.server.write.element-limit = 4096 (default)
2023-06-29 22:13:58,136 [om1@group-C5BA1605619E-LeaderElection17] INFO  server.RaftServerConfigKeys (ConfUtils.java:logGet(46)) - raft.server.write.byte-limit = 64MB (=67108864) (default)
2023-06-29 22:13:58,136 [om1@group-C5BA1605619E-LeaderElection17] INFO  server.RaftServerConfigKeys (ConfUtils.java:logGet(46)) - raft.server.watch.timeout = 10s (default)
2023-06-29 22:13:58,136 [om1@group-C5BA1605619E-LeaderElection17] INFO  server.RaftServerConfigKeys (ConfUtils.java:logGet(46)) - raft.server.watch.timeout.denomination = 1s (default)
2023-06-29 22:13:58,136 [om1@group-C5BA1605619E-LeaderElection17] INFO  server.RaftServerConfigKeys (ConfUtils.java:logGet(46)) - raft.server.watch.element-limit = 65536 (default)
2023-06-29 22:13:58,136 [om1@group-C5BA1605619E-LeaderElection17] INFO  server.RaftServerConfigKeys (ConfUtils.java:logGet(46)) - raft.server.write.element-limit = 4096 (default)
2023-06-29 22:13:58,136 [om1@group-C5BA1605619E-LeaderElection17] INFO  server.RaftServerConfigKeys (ConfUtils.java:logGet(46)) - raft.server.write.follower.gap.ratio.max = -1.0 (default)
2023-06-29 22:13:58,136 [om1@group-C5BA1605619E-LeaderElection17] INFO  impl.RoleInfo (RoleInfo.java:updateAndGet(139)) - om1: start om1@group-C5BA1605619E-LeaderStateImpl
2023-06-29 22:13:58,136 [om1@group-C5BA1605619E-LeaderElection17] INFO  segmented.SegmentedRaftLogWorker (SegmentedRaftLogWorker.java:startLogSegment(447)) - om1@group-C5BA1605619E-SegmentedRaftLogWorker: Starting segment from index:0
2023-06-29 22:13:58,141 [om1@group-C5BA1605619E-LeaderElection17] INFO  server.RaftServer$Division (ServerState.java:setRaftConf(434)) - om1@group-C5BA1605619E: set configuration 0: peers:[om1|rpc:localhost:15077|admin:|client:|dataStream:|priority:0|startupRole:FOLLOWER]|listeners:[], old=null
2023-06-29 22:13:58,144 [om1@group-C5BA1605619E-SegmentedRaftLogWorker] INFO  segmented.SegmentedRaftLogWorker (SegmentedRaftLogWorker.java:execute(651)) - om1@group-C5BA1605619E-SegmentedRaftLogWorker: created new log segment /home/runner/work/ozone/ozone/hadoop-ozone/integration-test/target/test-dir/MiniOzoneClusterImpl-306b8aa5-132e-45e2-945e-dc5599b78ca9/ozone-meta/ratis/bf265839-605b-3f16-9796-c5ba1605619e/current/log_inprogress_0
2023-06-29 22:13:58,145 [om1@group-C5BA1605619E-StateMachineUpdater] INFO  ratis.OzoneManagerStateMachine (OzoneManagerStateMachine.java:notifyConfigurationChanged(201)) - Received Configuration change notification from Ratis. New Peer list:
[id: "om1"
address: "localhost:15077"
startupRole: FOLLOWER
]
2023-06-29 22:13:59,042 [main] INFO  ozone.MiniOzoneClusterImpl (MiniOzoneClusterImpl.java:lambda$waitForClusterToBeReady$0(224)) - Waiting for nodes to be ready. Got 0 of 3 DN Heartbeats.
2023-06-29 22:13:59,042 [main] INFO  ozone.MiniOzoneClusterImpl (MiniOzoneClusterImpl.java:lambda$waitForClusterToBeReady$0(227)) - Waiting for cluster to exit safe mode
2023-06-29 22:13:59,042 [main] INFO  ozone.MiniOzoneClusterImpl (MiniOzoneClusterImpl.java:lambda$waitForClusterToBeReady$0(229)) - SCM became leader
2023-06-29 22:13:59,479 [EndpointStateMachine task thread for /0.0.0.0:15072 - 0 ] INFO  utils.DatanodeStoreCache (DatanodeStoreCache.java:addDB(66)) - Added db /home/runner/work/ozone/ozone/hadoop-ozone/integration-test/target/test-dir/MiniOzoneClusterImpl-306b8aa5-132e-45e2-945e-dc5599b78ca9/datanode-0/data-0/containers/hdds/306b8aa5-132e-45e2-945e-dc5599b78ca9/DS-500b7b78-0027-434e-ae0c-7a9edd4b4ca4/container.db to cache
2023-06-29 22:13:59,479 [EndpointStateMachine task thread for /0.0.0.0:15072 - 0 ] INFO  volume.HddsVolume (HddsVolume.java:createDbStore(478)) - SchemaV3 db is created and loaded at /home/runner/work/ozone/ozone/hadoop-ozone/integration-test/target/test-dir/MiniOzoneClusterImpl-306b8aa5-132e-45e2-945e-dc5599b78ca9/datanode-0/data-0/containers/hdds/306b8aa5-132e-45e2-945e-dc5599b78ca9/DS-500b7b78-0027-434e-ae0c-7a9edd4b4ca4/container.db for volume DS-500b7b78-0027-434e-ae0c-7a9edd4b4ca4
2023-06-29 22:13:59,480 [EndpointStateMachine task thread for /0.0.0.0:15072 - 0 ] INFO  ozoneimpl.OzoneContainer (OzoneContainer.java:start(419)) - Attempting to start container services.
2023-06-29 22:13:59,480 [EndpointStateMachine task thread for /0.0.0.0:15072 - 0 ] INFO  ozoneimpl.OzoneContainer (OzoneContainer.java:startContainerScrub(327)) - Scheduled background container scanners and the on-demand container scanner have been disabled.
2023-06-29 22:13:59,482 [EndpointStateMachine task thread for /0.0.0.0:15072 - 0 ] INFO  replication.ReplicationServer (ReplicationServer.java:start(128)) - ReplicationServer is started using port 15086
2023-06-29 22:13:59,482 [EndpointStateMachine task thread for /0.0.0.0:15072 - 0 ] INFO  ratis.XceiverServerRatis (XceiverServerRatis.java:start(517)) - Starting XceiverServerRatis d05bfd9b-313a-4e98-aa4a-0bd40171ee67
2023-06-29 22:13:59,483 [EndpointStateMachine task thread for /0.0.0.0:15072 - 0 ] INFO  server.RaftServer (RaftServerProxy.java:startImpl(400)) - d05bfd9b-313a-4e98-aa4a-0bd40171ee67: start RPC server
2023-06-29 22:13:59,484 [EndpointStateMachine task thread for /0.0.0.0:15072 - 0 ] INFO  server.GrpcService (GrpcService.java:startImpl(302)) - d05bfd9b-313a-4e98-aa4a-0bd40171ee67: GrpcService started, listening on 15082
2023-06-29 22:13:59,485 [EndpointStateMachine task thread for /0.0.0.0:15072 - 0 ] INFO  server.GrpcService (GrpcService.java:startImpl(302)) - d05bfd9b-313a-4e98-aa4a-0bd40171ee67: GrpcService started, listening on 15084
2023-06-29 22:13:59,486 [EndpointStateMachine task thread for /0.0.0.0:15072 - 0 ] INFO  server.GrpcService (GrpcService.java:startImpl(302)) - d05bfd9b-313a-4e98-aa4a-0bd40171ee67: GrpcService started, listening on 15083
2023-06-29 22:13:59,486 [EndpointStateMachine task thread for /0.0.0.0:15072 - 0 ] INFO  ratis.XceiverServerRatis (XceiverServerRatis.java:getRealPort(543)) - XceiverServerRatis d05bfd9b-313a-4e98-aa4a-0bd40171ee67 is started using port 15082 for RATIS
2023-06-29 22:13:59,486 [EndpointStateMachine task thread for /0.0.0.0:15072 - 0 ] INFO  ratis.XceiverServerRatis (XceiverServerRatis.java:getRealPort(543)) - XceiverServerRatis d05bfd9b-313a-4e98-aa4a-0bd40171ee67 is started using port 15083 for RATIS_ADMIN
2023-06-29 22:13:59,486 [JvmPauseMonitor12] INFO  util.JvmPauseMonitor (JvmPauseMonitor.java:run(103)) - JvmPauseMonitor-d05bfd9b-313a-4e98-aa4a-0bd40171ee67: Started
2023-06-29 22:13:59,486 [EndpointStateMachine task thread for /0.0.0.0:15072 - 0 ] INFO  ratis.XceiverServerRatis (XceiverServerRatis.java:getRealPort(543)) - XceiverServerRatis d05bfd9b-313a-4e98-aa4a-0bd40171ee67 is started using port 15084 for RATIS_SERVER
2023-06-29 22:13:59,486 [EndpointStateMachine task thread for /0.0.0.0:15072 - 0 ] INFO  ratis.XceiverServerRatis (XceiverServerRatis.java:getRealPort(543)) - XceiverServerRatis d05bfd9b-313a-4e98-aa4a-0bd40171ee67 is started using port 15085 for RATIS_DATASTREAM
2023-06-29 22:13:59,489 [BlockDeletingService#0] INFO  interfaces.ContainerDeletionChoosingPolicyTemplate (ContainerDeletionChoosingPolicyTemplate.java:chooseContainerForBlockDeletion(83)) - Chosen 0/5000 blocks from 0 candidate containers.
2023-06-29 22:13:59,762 [EndpointStateMachine task thread for /0.0.0.0:15072 - 0 ] INFO  utils.DatanodeStoreCache (DatanodeStoreCache.java:addDB(66)) - Added db /home/runner/work/ozone/ozone/hadoop-ozone/integration-test/target/test-dir/MiniOzoneClusterImpl-306b8aa5-132e-45e2-945e-dc5599b78ca9/datanode-1/data-0/containers/hdds/306b8aa5-132e-45e2-945e-dc5599b78ca9/DS-c2e97ecf-d1a7-419d-927e-98a7773e54e2/container.db to cache
2023-06-29 22:13:59,762 [EndpointStateMachine task thread for /0.0.0.0:15072 - 0 ] INFO  volume.HddsVolume (HddsVolume.java:createDbStore(478)) - SchemaV3 db is created and loaded at /home/runner/work/ozone/ozone/hadoop-ozone/integration-test/target/test-dir/MiniOzoneClusterImpl-306b8aa5-132e-45e2-945e-dc5599b78ca9/datanode-1/data-0/containers/hdds/306b8aa5-132e-45e2-945e-dc5599b78ca9/DS-c2e97ecf-d1a7-419d-927e-98a7773e54e2/container.db for volume DS-c2e97ecf-d1a7-419d-927e-98a7773e54e2
2023-06-29 22:13:59,762 [EndpointStateMachine task thread for /0.0.0.0:15072 - 0 ] INFO  ozoneimpl.OzoneContainer (OzoneContainer.java:start(419)) - Attempting to start container services.
2023-06-29 22:13:59,762 [EndpointStateMachine task thread for /0.0.0.0:15072 - 0 ] INFO  ozoneimpl.OzoneContainer (OzoneContainer.java:startContainerScrub(327)) - Scheduled background container scanners and the on-demand container scanner have been disabled.
2023-06-29 22:13:59,765 [EndpointStateMachine task thread for /0.0.0.0:15072 - 0 ] INFO  replication.ReplicationServer (ReplicationServer.java:start(128)) - ReplicationServer is started using port 15095
2023-06-29 22:13:59,765 [EndpointStateMachine task thread for /0.0.0.0:15072 - 0 ] INFO  ratis.XceiverServerRatis (XceiverServerRatis.java:start(517)) - Starting XceiverServerRatis be8f56ef-e678-472d-afc0-a2265ae98bd6
2023-06-29 22:13:59,765 [EndpointStateMachine task thread for /0.0.0.0:15072 - 0 ] INFO  server.RaftServer (RaftServerProxy.java:startImpl(400)) - be8f56ef-e678-472d-afc0-a2265ae98bd6: start RPC server
2023-06-29 22:13:59,767 [EndpointStateMachine task thread for /0.0.0.0:15072 - 0 ] INFO  server.GrpcService (GrpcService.java:startImpl(302)) - be8f56ef-e678-472d-afc0-a2265ae98bd6: GrpcService started, listening on 15091
2023-06-29 22:13:59,768 [EndpointStateMachine task thread for /0.0.0.0:15072 - 0 ] INFO  server.GrpcService (GrpcService.java:startImpl(302)) - be8f56ef-e678-472d-afc0-a2265ae98bd6: GrpcService started, listening on 15093
2023-06-29 22:13:59,770 [EndpointStateMachine task thread for /0.0.0.0:15072 - 0 ] INFO  server.GrpcService (GrpcService.java:startImpl(302)) - be8f56ef-e678-472d-afc0-a2265ae98bd6: GrpcService started, listening on 15092
2023-06-29 22:13:59,770 [EndpointStateMachine task thread for /0.0.0.0:15072 - 0 ] INFO  ratis.XceiverServerRatis (XceiverServerRatis.java:getRealPort(543)) - XceiverServerRatis be8f56ef-e678-472d-afc0-a2265ae98bd6 is started using port 15091 for RATIS
2023-06-29 22:13:59,770 [EndpointStateMachine task thread for /0.0.0.0:15072 - 0 ] INFO  ratis.XceiverServerRatis (XceiverServerRatis.java:getRealPort(543)) - XceiverServerRatis be8f56ef-e678-472d-afc0-a2265ae98bd6 is started using port 15092 for RATIS_ADMIN
2023-06-29 22:13:59,770 [JvmPauseMonitor13] INFO  util.JvmPauseMonitor (JvmPauseMonitor.java:run(103)) - JvmPauseMonitor-be8f56ef-e678-472d-afc0-a2265ae98bd6: Started
2023-06-29 22:13:59,770 [EndpointStateMachine task thread for /0.0.0.0:15072 - 0 ] INFO  ratis.XceiverServerRatis (XceiverServerRatis.java:getRealPort(543)) - XceiverServerRatis be8f56ef-e678-472d-afc0-a2265ae98bd6 is started using port 15093 for RATIS_SERVER
2023-06-29 22:13:59,770 [EndpointStateMachine task thread for /0.0.0.0:15072 - 0 ] INFO  ratis.XceiverServerRatis (XceiverServerRatis.java:getRealPort(543)) - XceiverServerRatis be8f56ef-e678-472d-afc0-a2265ae98bd6 is started using port 15094 for RATIS_DATASTREAM
2023-06-29 22:13:59,780 [BlockDeletingService#0] INFO  interfaces.ContainerDeletionChoosingPolicyTemplate (ContainerDeletionChoosingPolicyTemplate.java:chooseContainerForBlockDeletion(83)) - Chosen 0/5000 blocks from 0 candidate containers.
2023-06-29 22:14:00,042 [main] INFO  ozone.MiniOzoneClusterImpl (MiniOzoneClusterImpl.java:lambda$waitForClusterToBeReady$0(224)) - Waiting for nodes to be ready. Got 0 of 3 DN Heartbeats.
2023-06-29 22:14:00,042 [main] INFO  ozone.MiniOzoneClusterImpl (MiniOzoneClusterImpl.java:lambda$waitForClusterToBeReady$0(227)) - Waiting for cluster to exit safe mode
2023-06-29 22:14:00,043 [main] INFO  ozone.MiniOzoneClusterImpl (MiniOzoneClusterImpl.java:lambda$waitForClusterToBeReady$0(229)) - SCM became leader
2023-06-29 22:14:00,074 [EndpointStateMachine task thread for /0.0.0.0:15072 - 0 ] INFO  utils.DatanodeStoreCache (DatanodeStoreCache.java:addDB(66)) - Added db /home/runner/work/ozone/ozone/hadoop-ozone/integration-test/target/test-dir/MiniOzoneClusterImpl-306b8aa5-132e-45e2-945e-dc5599b78ca9/datanode-2/data-0/containers/hdds/306b8aa5-132e-45e2-945e-dc5599b78ca9/DS-60072a93-6891-44fd-9c7c-66bbec34e965/container.db to cache
2023-06-29 22:14:00,074 [EndpointStateMachine task thread for /0.0.0.0:15072 - 0 ] INFO  volume.HddsVolume (HddsVolume.java:createDbStore(478)) - SchemaV3 db is created and loaded at /home/runner/work/ozone/ozone/hadoop-ozone/integration-test/target/test-dir/MiniOzoneClusterImpl-306b8aa5-132e-45e2-945e-dc5599b78ca9/datanode-2/data-0/containers/hdds/306b8aa5-132e-45e2-945e-dc5599b78ca9/DS-60072a93-6891-44fd-9c7c-66bbec34e965/container.db for volume DS-60072a93-6891-44fd-9c7c-66bbec34e965
2023-06-29 22:14:00,074 [EndpointStateMachine task thread for /0.0.0.0:15072 - 0 ] INFO  ozoneimpl.OzoneContainer (OzoneContainer.java:start(419)) - Attempting to start container services.
2023-06-29 22:14:00,074 [EndpointStateMachine task thread for /0.0.0.0:15072 - 0 ] INFO  ozoneimpl.OzoneContainer (OzoneContainer.java:startContainerScrub(327)) - Scheduled background container scanners and the on-demand container scanner have been disabled.
2023-06-29 22:14:00,076 [EndpointStateMachine task thread for /0.0.0.0:15072 - 0 ] INFO  replication.ReplicationServer (ReplicationServer.java:start(128)) - ReplicationServer is started using port 15104
2023-06-29 22:14:00,076 [EndpointStateMachine task thread for /0.0.0.0:15072 - 0 ] INFO  ratis.XceiverServerRatis (XceiverServerRatis.java:start(517)) - Starting XceiverServerRatis 235ec288-f126-4c43-8a80-14f1997ec4a1
2023-06-29 22:14:00,084 [EndpointStateMachine task thread for /0.0.0.0:15072 - 0 ] INFO  server.RaftServer (RaftServerProxy.java:startImpl(400)) - 235ec288-f126-4c43-8a80-14f1997ec4a1: start RPC server
2023-06-29 22:14:00,090 [EndpointStateMachine task thread for /0.0.0.0:15072 - 0 ] INFO  server.GrpcService (GrpcService.java:startImpl(302)) - 235ec288-f126-4c43-8a80-14f1997ec4a1: GrpcService started, listening on 15100
2023-06-29 22:14:00,091 [EndpointStateMachine task thread for /0.0.0.0:15072 - 0 ] INFO  server.GrpcService (GrpcService.java:startImpl(302)) - 235ec288-f126-4c43-8a80-14f1997ec4a1: GrpcService started, listening on 15102
2023-06-29 22:14:00,095 [EndpointStateMachine task thread for /0.0.0.0:15072 - 0 ] INFO  server.GrpcService (GrpcService.java:startImpl(302)) - 235ec288-f126-4c43-8a80-14f1997ec4a1: GrpcService started, listening on 15101
2023-06-29 22:14:00,095 [EndpointStateMachine task thread for /0.0.0.0:15072 - 0 ] INFO  ratis.XceiverServerRatis (XceiverServerRatis.java:getRealPort(543)) - XceiverServerRatis 235ec288-f126-4c43-8a80-14f1997ec4a1 is started using port 15100 for RATIS
2023-06-29 22:14:00,096 [EndpointStateMachine task thread for /0.0.0.0:15072 - 0 ] INFO  ratis.XceiverServerRatis (XceiverServerRatis.java:getRealPort(543)) - XceiverServerRatis 235ec288-f126-4c43-8a80-14f1997ec4a1 is started using port 15101 for RATIS_ADMIN
2023-06-29 22:14:00,096 [JvmPauseMonitor14] INFO  util.JvmPauseMonitor (JvmPauseMonitor.java:run(103)) - JvmPauseMonitor-235ec288-f126-4c43-8a80-14f1997ec4a1: Started
2023-06-29 22:14:00,096 [EndpointStateMachine task thread for /0.0.0.0:15072 - 0 ] INFO  ratis.XceiverServerRatis (XceiverServerRatis.java:getRealPort(543)) - XceiverServerRatis 235ec288-f126-4c43-8a80-14f1997ec4a1 is started using port 15102 for RATIS_SERVER
2023-06-29 22:14:00,096 [EndpointStateMachine task thread for /0.0.0.0:15072 - 0 ] INFO  ratis.XceiverServerRatis (XceiverServerRatis.java:getRealPort(543)) - XceiverServerRatis 235ec288-f126-4c43-8a80-14f1997ec4a1 is started using port 15103 for RATIS_DATASTREAM
2023-06-29 22:14:00,098 [BlockDeletingService#0] INFO  interfaces.ContainerDeletionChoosingPolicyTemplate (ContainerDeletionChoosingPolicyTemplate.java:chooseContainerForBlockDeletion(83)) - Chosen 0/5000 blocks from 0 candidate containers.
2023-06-29 22:14:01,043 [main] INFO  ozone.MiniOzoneClusterImpl (MiniOzoneClusterImpl.java:lambda$waitForClusterToBeReady$0(224)) - Waiting for nodes to be ready. Got 0 of 3 DN Heartbeats.
2023-06-29 22:14:01,043 [main] INFO  ozone.MiniOzoneClusterImpl (MiniOzoneClusterImpl.java:lambda$waitForClusterToBeReady$0(227)) - Waiting for cluster to exit safe mode
2023-06-29 22:14:01,043 [main] INFO  ozone.MiniOzoneClusterImpl (MiniOzoneClusterImpl.java:lambda$waitForClusterToBeReady$0(229)) - SCM became leader
2023-06-29 22:14:01,453 [IPC Server handler 0 on default port 15072] INFO  net.NetworkTopologyImpl (NetworkTopologyImpl.java:add(112)) - Added a new node: /default-rack/d05bfd9b-313a-4e98-aa4a-0bd40171ee67
2023-06-29 22:14:01,453 [IPC Server handler 0 on default port 15072] INFO  node.SCMNodeManager (SCMNodeManager.java:register(405)) - Registered Data node : d05bfd9b-313a-4e98-aa4a-0bd40171ee67{ip: 10.1.0.248, host: fv-az83-404.uavyq1izdhte5b0ne1us2eqzhb.jx.internal.cloudapp.net, ports: [HTTP=15079, CLIENT_RPC=15080, REPLICATION=15086, RATIS=15082, RATIS_ADMIN=15083, RATIS_SERVER=15084, RATIS_DATASTREAM=15085, STANDALONE=15081], networkLocation: /default-rack, certSerialId: null, persistedOpState: null, persistedOpStateExpiryEpochSec: 0}
2023-06-29 22:14:01,455 [EventQueue-NodeRegistrationContainerReportForContainerSafeModeRule] INFO  safemode.SCMSafeModeManager (SCMSafeModeManager.java:validateSafeModeExitRules(200)) - ContainerSafeModeRule rule is successfully validated
2023-06-29 22:14:01,455 [EventQueue-NodeRegistrationContainerReportForDataNodeSafeModeRule] INFO  safemode.SCMSafeModeManager (DataNodeSafeModeRule.java:process(71)) - SCM in safe mode. 1 DataNodes registered, 3 required.
2023-06-29 22:14:01,461 [EventQueue-NewNodeForNewNodeHandler] INFO  pipeline.BackgroundPipelineCreator (BackgroundPipelineCreator.java:notifyEventTriggered(277)) - trigger a one-shot run on RatisPipelineUtilsThread.
2023-06-29 22:14:01,461 [RatisPipelineUtilsThread - 0] INFO  pipeline.RatisPipelineProvider (RatisPipelineProvider.java:lambda$create$0(206)) - Sending CreatePipelineCommand for pipeline:PipelineID=c9bd2af9-daab-4adf-ac10-e578a28b4a79 to datanode:d05bfd9b-313a-4e98-aa4a-0bd40171ee67
2023-06-29 22:14:01,461 [EventQueue-PipelineReportForOneReplicaPipelineSafeModeRule] INFO  safemode.SCMSafeModeManager (SCMSafeModeManager.java:validateSafeModeExitRules(200)) - AtleastOneDatanodeReportedRule rule is successfully validated
2023-06-29 22:14:01,462 [RatisPipelineUtilsThread - 0] INFO  pipeline.BackgroundPipelineCreator (BackgroundPipelineCreator.java:createPipelines(233)) - Created new pipeline Pipeline[ Id: c9bd2af9-daab-4adf-ac10-e578a28b4a79, Nodes: d05bfd9b-313a-4e98-aa4a-0bd40171ee67(fv-az83-404.uavyq1izdhte5b0ne1us2eqzhb.jx.internal.cloudapp.net/10.1.0.248), ReplicationConfig: RATIS/ONE, State:ALLOCATED, leaderId:, CreationTimestamp2023-06-29T22:14:01.461Z[Etc/UTC]]
2023-06-29 22:14:01,734 [IPC Server handler 2 on default port 15072] INFO  net.NetworkTopologyImpl (NetworkTopologyImpl.java:add(112)) - Added a new node: /default-rack/be8f56ef-e678-472d-afc0-a2265ae98bd6
2023-06-29 22:14:01,735 [IPC Server handler 2 on default port 15072] INFO  node.SCMNodeManager (SCMNodeManager.java:register(405)) - Registered Data node : be8f56ef-e678-472d-afc0-a2265ae98bd6{ip: 10.1.0.248, host: fv-az83-404.uavyq1izdhte5b0ne1us2eqzhb.jx.internal.cloudapp.net, ports: [HTTP=15088, CLIENT_RPC=15089, REPLICATION=15095, RATIS=15091, RATIS_ADMIN=15092, RATIS_SERVER=15093, RATIS_DATASTREAM=15094, STANDALONE=15090], networkLocation: /default-rack, certSerialId: null, persistedOpState: null, persistedOpStateExpiryEpochSec: 0}
2023-06-29 22:14:01,735 [EventQueue-NewNodeForNewNodeHandler] INFO  pipeline.BackgroundPipelineCreator (BackgroundPipelineCreator.java:notifyEventTriggered(277)) - trigger a one-shot run on RatisPipelineUtilsThread.
2023-06-29 22:14:01,735 [EventQueue-NodeRegistrationContainerReportForDataNodeSafeModeRule] INFO  safemode.SCMSafeModeManager (DataNodeSafeModeRule.java:process(71)) - SCM in safe mode. 2 DataNodes registered, 3 required.
2023-06-29 22:14:01,735 [RatisPipelineUtilsThread - 0] INFO  pipeline.RatisPipelineProvider (RatisPipelineProvider.java:lambda$create$0(206)) - Sending CreatePipelineCommand for pipeline:PipelineID=93edde3e-f265-4072-b48b-a529d35d87d8 to datanode:be8f56ef-e678-472d-afc0-a2265ae98bd6
2023-06-29 22:14:01,736 [RatisPipelineUtilsThread - 0] INFO  pipeline.BackgroundPipelineCreator (BackgroundPipelineCreator.java:createPipelines(233)) - Created new pipeline Pipeline[ Id: 93edde3e-f265-4072-b48b-a529d35d87d8, Nodes: be8f56ef-e678-472d-afc0-a2265ae98bd6(fv-az83-404.uavyq1izdhte5b0ne1us2eqzhb.jx.internal.cloudapp.net/10.1.0.248), ReplicationConfig: RATIS/ONE, State:ALLOCATED, leaderId:, CreationTimestamp2023-06-29T22:14:01.735Z[Etc/UTC]]
2023-06-29 22:14:02,043 [main] INFO  ozone.MiniOzoneClusterImpl (MiniOzoneClusterImpl.java:lambda$waitForClusterToBeReady$0(224)) - Waiting for nodes to be ready. Got 2 of 3 DN Heartbeats.
2023-06-29 22:14:02,044 [main] INFO  ozone.MiniOzoneClusterImpl (MiniOzoneClusterImpl.java:lambda$waitForClusterToBeReady$0(227)) - Waiting for cluster to exit safe mode
2023-06-29 22:14:02,044 [main] INFO  ozone.MiniOzoneClusterImpl (MiniOzoneClusterImpl.java:lambda$waitForClusterToBeReady$0(229)) - SCM became leader
2023-06-29 22:14:02,048 [IPC Server handler 1 on default port 15072] INFO  net.NetworkTopologyImpl (NetworkTopologyImpl.java:add(112)) - Added a new node: /default-rack/235ec288-f126-4c43-8a80-14f1997ec4a1
2023-06-29 22:14:02,048 [IPC Server handler 1 on default port 15072] INFO  node.SCMNodeManager (SCMNodeManager.java:register(405)) - Registered Data node : 235ec288-f126-4c43-8a80-14f1997ec4a1{ip: 10.1.0.248, host: fv-az83-404.uavyq1izdhte5b0ne1us2eqzhb.jx.internal.cloudapp.net, ports: [HTTP=15097, CLIENT_RPC=15098, REPLICATION=15104, RATIS=15100, RATIS_ADMIN=15101, RATIS_SERVER=15102, RATIS_DATASTREAM=15103, STANDALONE=15099], networkLocation: /default-rack, certSerialId: null, persistedOpState: null, persistedOpStateExpiryEpochSec: 0}
2023-06-29 22:14:02,049 [EventQueue-NodeRegistrationContainerReportForDataNodeSafeModeRule] INFO  safemode.SCMSafeModeManager (DataNodeSafeModeRule.java:process(71)) - SCM in safe mode. 3 DataNodes registered, 3 required.
2023-06-29 22:14:02,049 [EventQueue-NodeRegistrationContainerReportForDataNodeSafeModeRule] INFO  safemode.SCMSafeModeManager (SCMSafeModeManager.java:validateSafeModeExitRules(200)) - DataNodeSafeModeRule rule is successfully validated
2023-06-29 22:14:02,049 [EventQueue-NodeRegistrationContainerReportForDataNodeSafeModeRule] INFO  safemode.SCMSafeModeManager (SCMSafeModeManager.java:completePreCheck(229)) - All SCM safe mode pre check rules have passed
2023-06-29 22:14:02,049 [EventQueue-NodeRegistrationContainerReportForDataNodeSafeModeRule] INFO  ha.SCMContext (SCMContext.java:updateSafeModeStatus(228)) - Update SafeModeStatus from SafeModeStatus{safeModeStatus=true, preCheckPassed=false} to SafeModeStatus{safeModeStatus=true, preCheckPassed=true}.
2023-06-29 22:14:02,049 [EventQueue-NodeRegistrationContainerReportForDataNodeSafeModeRule] INFO  pipeline.BackgroundPipelineCreator (BackgroundPipelineCreator.java:notifyEventTriggered(277)) - trigger a one-shot run on RatisPipelineUtilsThread.
2023-06-29 22:14:02,049 [RatisPipelineUtilsThread - 0] INFO  pipeline.RatisPipelineProvider (RatisPipelineProvider.java:lambda$create$0(206)) - Sending CreatePipelineCommand for pipeline:PipelineID=fdf1eacc-44fd-4c67-8b51-66622266bba1 to datanode:235ec288-f126-4c43-8a80-14f1997ec4a1
2023-06-29 22:14:02,049 [EventQueue-NewNodeForNewNodeHandler] INFO  pipeline.BackgroundPipelineCreator (BackgroundPipelineCreator.java:notifyEventTriggered(277)) - trigger a one-shot run on RatisPipelineUtilsThread.
2023-06-29 22:14:02,050 [RatisPipelineUtilsThread - 0] INFO  pipeline.BackgroundPipelineCreator (BackgroundPipelineCreator.java:createPipelines(233)) - Created new pipeline Pipeline[ Id: fdf1eacc-44fd-4c67-8b51-66622266bba1, Nodes: 235ec288-f126-4c43-8a80-14f1997ec4a1(fv-az83-404.uavyq1izdhte5b0ne1us2eqzhb.jx.internal.cloudapp.net/10.1.0.248), ReplicationConfig: RATIS/ONE, State:ALLOCATED, leaderId:, CreationTimestamp2023-06-29T22:14:02.049Z[Etc/UTC]]
2023-06-29 22:14:02,050 [RatisPipelineUtilsThread - 0] INFO  pipeline.RatisPipelineProvider (RatisPipelineProvider.java:lambda$create$0(206)) - Sending CreatePipelineCommand for pipeline:PipelineID=2c9730ca-b5ff-4963-aa5c-ffc41fe564c3 to datanode:be8f56ef-e678-472d-afc0-a2265ae98bd6
2023-06-29 22:14:02,050 [RatisPipelineUtilsThread - 0] INFO  pipeline.RatisPipelineProvider (RatisPipelineProvider.java:lambda$create$0(206)) - Sending CreatePipelineCommand for pipeline:PipelineID=2c9730ca-b5ff-4963-aa5c-ffc41fe564c3 to datanode:235ec288-f126-4c43-8a80-14f1997ec4a1
2023-06-29 22:14:02,050 [RatisPipelineUtilsThread - 0] INFO  pipeline.RatisPipelineProvider (RatisPipelineProvider.java:lambda$create$0(206)) - Sending CreatePipelineCommand for pipeline:PipelineID=2c9730ca-b5ff-4963-aa5c-ffc41fe564c3 to datanode:d05bfd9b-313a-4e98-aa4a-0bd40171ee67
2023-06-29 22:14:02,050 [RatisPipelineUtilsThread - 0] INFO  pipeline.BackgroundPipelineCreator (BackgroundPipelineCreator.java:createPipelines(233)) - Created new pipeline Pipeline[ Id: 2c9730ca-b5ff-4963-aa5c-ffc41fe564c3, Nodes: be8f56ef-e678-472d-afc0-a2265ae98bd6(fv-az83-404.uavyq1izdhte5b0ne1us2eqzhb.jx.internal.cloudapp.net/10.1.0.248)235ec288-f126-4c43-8a80-14f1997ec4a1(fv-az83-404.uavyq1izdhte5b0ne1us2eqzhb.jx.internal.cloudapp.net/10.1.0.248)d05bfd9b-313a-4e98-aa4a-0bd40171ee67(fv-az83-404.uavyq1izdhte5b0ne1us2eqzhb.jx.internal.cloudapp.net/10.1.0.248), ReplicationConfig: RATIS/THREE, State:ALLOCATED, leaderId:, CreationTimestamp2023-06-29T22:14:02.050Z[Etc/UTC]]
2023-06-29 22:14:02,051 [RatisPipelineUtilsThread - 0] INFO  pipeline.RatisPipelineProvider (RatisPipelineProvider.java:lambda$create$0(206)) - Sending CreatePipelineCommand for pipeline:PipelineID=f03fe89a-dfb3-4a1e-886e-697e46f0a3c0 to datanode:235ec288-f126-4c43-8a80-14f1997ec4a1
2023-06-29 22:14:02,051 [RatisPipelineUtilsThread - 0] INFO  pipeline.RatisPipelineProvider (RatisPipelineProvider.java:lambda$create$0(206)) - Sending CreatePipelineCommand for pipeline:PipelineID=f03fe89a-dfb3-4a1e-886e-697e46f0a3c0 to datanode:be8f56ef-e678-472d-afc0-a2265ae98bd6
2023-06-29 22:14:02,051 [RatisPipelineUtilsThread - 0] INFO  pipeline.RatisPipelineProvider (RatisPipelineProvider.java:lambda$create$0(206)) - Sending CreatePipelineCommand for pipeline:PipelineID=f03fe89a-dfb3-4a1e-886e-697e46f0a3c0 to datanode:d05bfd9b-313a-4e98-aa4a-0bd40171ee67
2023-06-29 22:14:02,051 [RatisPipelineUtilsThread - 0] INFO  pipeline.PipelineManagerImpl (PipelineManagerImpl.java:recordMetricsForPipeline(895)) - Pipeline: PipelineID=f03fe89a-dfb3-4a1e-886e-697e46f0a3c0 contains same datanodes as previous pipelines: PipelineID=2c9730ca-b5ff-4963-aa5c-ffc41fe564c3 nodeIds: 235ec288-f126-4c43-8a80-14f1997ec4a1, be8f56ef-e678-472d-afc0-a2265ae98bd6, d05bfd9b-313a-4e98-aa4a-0bd40171ee67
2023-06-29 22:14:02,051 [RatisPipelineUtilsThread - 0] INFO  pipeline.BackgroundPipelineCreator (BackgroundPipelineCreator.java:createPipelines(233)) - Created new pipeline Pipeline[ Id: f03fe89a-dfb3-4a1e-886e-697e46f0a3c0, Nodes: 235ec288-f126-4c43-8a80-14f1997ec4a1(fv-az83-404.uavyq1izdhte5b0ne1us2eqzhb.jx.internal.cloudapp.net/10.1.0.248)be8f56ef-e678-472d-afc0-a2265ae98bd6(fv-az83-404.uavyq1izdhte5b0ne1us2eqzhb.jx.internal.cloudapp.net/10.1.0.248)d05bfd9b-313a-4e98-aa4a-0bd40171ee67(fv-az83-404.uavyq1izdhte5b0ne1us2eqzhb.jx.internal.cloudapp.net/10.1.0.248), ReplicationConfig: RATIS/THREE, State:ALLOCATED, leaderId:, CreationTimestamp2023-06-29T22:14:02.051Z[Etc/UTC]]
2023-06-29 22:14:02,052 [RatisPipelineUtilsThread - 0] WARN  pipeline.PipelinePlacementPolicy (PipelinePlacementPolicy.java:filterViableNodes(166)) - Pipeline creation failed due to no sufficient healthy datanodes. Required 3. Found 0. Excluded 3.
2023-06-29 22:14:02,052 [RatisPipelineUtilsThread - 0] WARN  pipeline.PipelinePlacementPolicy (PipelinePlacementPolicy.java:filterViableNodes(166)) - Pipeline creation failed due to no sufficient healthy datanodes. Required 3. Found 0. Excluded 3.
2023-06-29 22:14:03,044 [main] INFO  ozone.MiniOzoneClusterImpl (MiniOzoneClusterImpl.java:lambda$waitForClusterToBeReady$0(224)) - Nodes are ready. Got 3 of 3 DN Heartbeats.
2023-06-29 22:14:03,044 [main] INFO  ozone.MiniOzoneClusterImpl (MiniOzoneClusterImpl.java:lambda$waitForClusterToBeReady$0(227)) - Waiting for cluster to exit safe mode
2023-06-29 22:14:03,044 [main] INFO  ozone.MiniOzoneClusterImpl (MiniOzoneClusterImpl.java:lambda$waitForClusterToBeReady$0(229)) - SCM became leader
2023-06-29 22:14:04,044 [main] INFO  ozone.MiniOzoneClusterImpl (MiniOzoneClusterImpl.java:lambda$waitForClusterToBeReady$0(224)) - Nodes are ready. Got 3 of 3 DN Heartbeats.
2023-06-29 22:14:04,045 [main] INFO  ozone.MiniOzoneClusterImpl (MiniOzoneClusterImpl.java:lambda$waitForClusterToBeReady$0(227)) - Waiting for cluster to exit safe mode
2023-06-29 22:14:04,045 [main] INFO  ozone.MiniOzoneClusterImpl (MiniOzoneClusterImpl.java:lambda$waitForClusterToBeReady$0(229)) - SCM became leader
2023-06-29 22:14:04,454 [PipelineCommandHandlerThread-0] INFO  server.RaftServer (RaftServerProxy.java:addNew(98)) - d05bfd9b-313a-4e98-aa4a-0bd40171ee67: addNew group-E578A28B4A79:[d05bfd9b-313a-4e98-aa4a-0bd40171ee67|rpc:10.1.0.248:15084|admin:10.1.0.248:15083|client:10.1.0.248:15082|dataStream:10.1.0.248:15085|priority:1|startupRole:FOLLOWER] returns group-E578A28B4A79:java.util.concurrent.CompletableFuture@2654a7f7[Not completed]
2023-06-29 22:14:04,454 [d05bfd9b-313a-4e98-aa4a-0bd40171ee67-groupManagement] INFO  server.RaftServer$Division (RaftServerImpl.java:<init>(198)) - d05bfd9b-313a-4e98-aa4a-0bd40171ee67: new RaftServerImpl for group-E578A28B4A79:[d05bfd9b-313a-4e98-aa4a-0bd40171ee67|rpc:10.1.0.248:15084|admin:10.1.0.248:15083|client:10.1.0.248:15082|dataStream:10.1.0.248:15085|priority:1|startupRole:FOLLOWER] with ContainerStateMachine:uninitialized
2023-06-29 22:14:04,455 [d05bfd9b-313a-4e98-aa4a-0bd40171ee67-groupManagement] INFO  server.RaftServerConfigKeys (ConfUtils.java:logGet(46)) - raft.server.rpc.timeout.min = 5s (custom)
2023-06-29 22:14:04,455 [d05bfd9b-313a-4e98-aa4a-0bd40171ee67-groupManagement] INFO  server.RaftServerConfigKeys (ConfUtils.java:logGet(46)) - raft.server.rpc.timeout.max = 5200ms (custom)
2023-06-29 22:14:04,455 [d05bfd9b-313a-4e98-aa4a-0bd40171ee67-groupManagement] INFO  server.RaftServerConfigKeys (ConfUtils.java:logGet(46)) - raft.server.rpc.sleep.time = 25ms (default)
2023-06-29 22:14:04,455 [d05bfd9b-313a-4e98-aa4a-0bd40171ee67-groupManagement] INFO  server.RaftServerConfigKeys (ConfUtils.java:logGet(46)) - raft.server.rpc.slowness.timeout = 300s (custom)
2023-06-29 22:14:04,455 [d05bfd9b-313a-4e98-aa4a-0bd40171ee67-groupManagement] INFO  server.RaftServerConfigKeys (ConfUtils.java:logGet(46)) - raft.server.leaderelection.leader.step-down.wait-time = 10s (default)
2023-06-29 22:14:04,455 [d05bfd9b-313a-4e98-aa4a-0bd40171ee67-groupManagement] INFO  server.RaftServerConfigKeys (ConfUtils.java:logGet(46)) - raft.server.sleep.deviation.threshold = 300ms (default)
2023-06-29 22:14:04,455 [d05bfd9b-313a-4e98-aa4a-0bd40171ee67-groupManagement] INFO  server.RaftServer$Division (ServerState.java:<init>(120)) - d05bfd9b-313a-4e98-aa4a-0bd40171ee67@group-E578A28B4A79: ConfigurationManager, init=-1: peers:[d05bfd9b-313a-4e98-aa4a-0bd40171ee67|rpc:10.1.0.248:15084|admin:10.1.0.248:15083|client:10.1.0.248:15082|dataStream:10.1.0.248:15085|priority:1|startupRole:FOLLOWER]|listeners:[], old=null, confs=<EMPTY_MAP>
2023-06-29 22:14:04,455 [d05bfd9b-313a-4e98-aa4a-0bd40171ee67-groupManagement] INFO  server.RaftServerConfigKeys (ConfUtils.java:logGet(46)) - raft.server.storage.dir = [/home/runner/work/ozone/ozone/hadoop-ozone/integration-test/target/test-dir/MiniOzoneClusterImpl-306b8aa5-132e-45e2-945e-dc5599b78ca9/datanode-0/data/ratis] (custom)
2023-06-29 22:14:04,455 [d05bfd9b-313a-4e98-aa4a-0bd40171ee67-groupManagement] INFO  server.RaftServerConfigKeys (ConfUtils.java:logGet(46)) - raft.server.log.corruption.policy = EXCEPTION (default)
2023-06-29 22:14:04,455 [d05bfd9b-313a-4e98-aa4a-0bd40171ee67-groupManagement] INFO  server.RaftServerConfigKeys (ConfUtils.java:logGet(46)) - raft.server.storage.free-space.min = 0MB (=0) (default)
2023-06-29 22:14:04,455 [d05bfd9b-313a-4e98-aa4a-0bd40171ee67-groupManagement] INFO  server.RaftServerConfigKeys (ConfUtils.java:logGet(46)) - raft.server.notification.no-leader.timeout = 300s (custom)
2023-06-29 22:14:04,455 [d05bfd9b-313a-4e98-aa4a-0bd40171ee67-groupManagement] INFO  server.RaftServerConfigKeys (ConfUtils.java:logGet(46)) - raft.server.read.timeout = 10s (default)
2023-06-29 22:14:04,455 [d05bfd9b-313a-4e98-aa4a-0bd40171ee67-groupManagement] INFO  server.RaftServerConfigKeys (ConfUtils.java:logGet(46)) - raft.server.retrycache.expirytime = 600000ms (custom)
2023-06-29 22:14:04,455 [d05bfd9b-313a-4e98-aa4a-0bd40171ee67-groupManagement] INFO  server.RaftServerConfigKeys (ConfUtils.java:logGet(46)) - raft.server.retrycache.statistics.expirytime = 100μs (default)
2023-06-29 22:14:04,455 [d05bfd9b-313a-4e98-aa4a-0bd40171ee67-groupManagement] INFO  server.RaftServerConfigKeys (ConfUtils.java:logGet(46)) - raft.server.read.option = DEFAULT (default)
2023-06-29 22:14:04,456 [d05bfd9b-313a-4e98-aa4a-0bd40171ee67-groupManagement] INFO  server.RaftServerConfigKeys (ConfUtils.java:logGet(46)) - raft.server.rpc.request.timeout = 60s (custom)
2023-06-29 22:14:04,457 [d05bfd9b-313a-4e98-aa4a-0bd40171ee67-groupManagement] INFO  server.RaftServerConfigKeys (ConfUtils.java:logGet(46)) - raft.server.log.appender.install.snapshot.enabled = false (custom)
2023-06-29 22:14:04,457 [d05bfd9b-313a-4e98-aa4a-0bd40171ee67-groupManagement] INFO  server.RaftServerConfigKeys (ConfUtils.java:logGet(46)) - raft.server.threadpool.server.cached = true (default)
2023-06-29 22:14:04,457 [d05bfd9b-313a-4e98-aa4a-0bd40171ee67-groupManagement] INFO  server.RaftServerConfigKeys (ConfUtils.java:logGet(46)) - raft.server.threadpool.server.size = 0 (default)
2023-06-29 22:14:04,457 [d05bfd9b-313a-4e98-aa4a-0bd40171ee67-groupManagement] INFO  server.RaftServerConfigKeys (ConfUtils.java:logGet(46)) - raft.server.threadpool.client.cached = true (default)
2023-06-29 22:14:04,457 [d05bfd9b-313a-4e98-aa4a-0bd40171ee67-groupManagement] INFO  server.RaftServerConfigKeys (ConfUtils.java:logGet(46)) - raft.server.threadpool.client.size = 0 (default)
2023-06-29 22:14:04,457 [d05bfd9b-313a-4e98-aa4a-0bd40171ee67-groupManagement] INFO  storage.RaftStorageDirectory (RaftStorageDirectoryImpl.java:analyzeStorage(137)) - The storage directory /home/runner/work/ozone/ozone/hadoop-ozone/integration-test/target/test-dir/MiniOzoneClusterImpl-306b8aa5-132e-45e2-945e-dc5599b78ca9/datanode-0/data/ratis/c9bd2af9-daab-4adf-ac10-e578a28b4a79 does not exist. Creating ...
2023-06-29 22:14:04,458 [d05bfd9b-313a-4e98-aa4a-0bd40171ee67-groupManagement] INFO  storage.RaftStorageDirectory (RaftStorageDirectoryImpl.java:tryLock(231)) - Lock on /home/runner/work/ozone/ozone/hadoop-ozone/integration-test/target/test-dir/MiniOzoneClusterImpl-306b8aa5-132e-45e2-945e-dc5599b78ca9/datanode-0/data/ratis/c9bd2af9-daab-4adf-ac10-e578a28b4a79/in_use.lock acquired by nodename 7706@fv-az83-404
2023-06-29 22:14:04,459 [d05bfd9b-313a-4e98-aa4a-0bd40171ee67-groupManagement] INFO  storage.RaftStorage (RaftStorageImpl.java:format(96)) - Storage directory /home/runner/work/ozone/ozone/hadoop-ozone/integration-test/target/test-dir/MiniOzoneClusterImpl-306b8aa5-132e-45e2-945e-dc5599b78ca9/datanode-0/data/ratis/c9bd2af9-daab-4adf-ac10-e578a28b4a79 has been successfully formatted.
2023-06-29 22:14:04,460 [d05bfd9b-313a-4e98-aa4a-0bd40171ee67-groupManagement] INFO  ratis.ContainerStateMachine (ContainerStateMachine.java:loadSnapshot(262)) - group-E578A28B4A79: The snapshot info is null. Setting the last applied indexto:(t:0, i:~)
2023-06-29 22:14:04,460 [d05bfd9b-313a-4e98-aa4a-0bd40171ee67-groupManagement] INFO  server.RaftServerConfigKeys (ConfUtils.java:logGet(46)) - raft.server.log.use.memory = false (default)
2023-06-29 22:14:04,460 [d05bfd9b-313a-4e98-aa4a-0bd40171ee67-groupManagement] INFO  server.RaftServerConfigKeys (ConfUtils.java:logGet(46)) - raft.server.log.purge.gap = 1000000 (custom)
2023-06-29 22:14:04,460 [d05bfd9b-313a-4e98-aa4a-0bd40171ee67-groupManagement] INFO  server.RaftServerConfigKeys (ConfUtils.java:logGet(46)) - raft.server.log.appender.buffer.byte-limit = 33554432 (custom)
2023-06-29 22:14:04,460 [d05bfd9b-313a-4e98-aa4a-0bd40171ee67-groupManagement] INFO  server.RaftServerConfigKeys (ConfUtils.java:logGet(46)) - raft.server.log.statemachine.data.read.timeout = 1000ms (default)
2023-06-29 22:14:04,460 [d05bfd9b-313a-4e98-aa4a-0bd40171ee67-groupManagement] INFO  server.RaftServerConfigKeys (ConfUtils.java:logGet(46)) - raft.server.log.purge.preservation.log.num = 0 (default)
2023-06-29 22:14:04,460 [d05bfd9b-313a-4e98-aa4a-0bd40171ee67-groupManagement] INFO  server.RaftServerConfigKeys (ConfUtils.java:logGet(46)) - raft.server.log.segment.size.max = 1048576 (custom)
2023-06-29 22:14:04,460 [d05bfd9b-313a-4e98-aa4a-0bd40171ee67-groupManagement] INFO  server.RaftServerConfigKeys (ConfUtils.java:logGet(46)) - raft.server.log.segment.cache.num.max = 2 (custom)
2023-06-29 22:14:04,460 [d05bfd9b-313a-4e98-aa4a-0bd40171ee67-groupManagement] INFO  server.RaftServerConfigKeys (ConfUtils.java:logGet(46)) - raft.server.log.segment.cache.size.max = 200MB (=209715200) (default)
2023-06-29 22:14:04,460 [d05bfd9b-313a-4e98-aa4a-0bd40171ee67-groupManagement] INFO  server.RaftServerConfigKeys (ConfUtils.java:logGet(46)) - raft.server.log.appender.buffer.byte-limit = 33554432 (custom)
2023-06-29 22:14:04,460 [d05bfd9b-313a-4e98-aa4a-0bd40171ee67-groupManagement] INFO  segmented.SegmentedRaftLogWorker (SegmentedRaftLogWorker.java:<init>(188)) - new d05bfd9b-313a-4e98-aa4a-0bd40171ee67@group-E578A28B4A79-SegmentedRaftLogWorker for RaftStorageImpl:Storage Directory /home/runner/work/ozone/ozone/hadoop-ozone/integration-test/target/test-dir/MiniOzoneClusterImpl-306b8aa5-132e-45e2-945e-dc5599b78ca9/datanode-0/data/ratis/c9bd2af9-daab-4adf-ac10-e578a28b4a79
2023-06-29 22:14:04,460 [d05bfd9b-313a-4e98-aa4a-0bd40171ee67-groupManagement] INFO  server.RaftServerConfigKeys (ConfUtils.java:logGet(46)) - raft.server.log.queue.byte-limit = 4294967296 (custom)
2023-06-29 22:14:04,460 [d05bfd9b-313a-4e98-aa4a-0bd40171ee67-groupManagement] INFO  server.RaftServerConfigKeys (ConfUtils.java:logGet(46)) - raft.server.log.queue.element-limit = 1024 (custom)
2023-06-29 22:14:04,460 [d05bfd9b-313a-4e98-aa4a-0bd40171ee67-groupManagement] INFO  server.RaftServerConfigKeys (ConfUtils.java:logGet(46)) - raft.server.log.segment.size.max = 1048576 (custom)
2023-06-29 22:14:04,460 [d05bfd9b-313a-4e98-aa4a-0bd40171ee67-groupManagement] INFO  server.RaftServerConfigKeys (ConfUtils.java:logGet(46)) - raft.server.log.preallocated.size = 16384 (custom)
2023-06-29 22:14:04,460 [d05bfd9b-313a-4e98-aa4a-0bd40171ee67-groupManagement] INFO  server.RaftServerConfigKeys (ConfUtils.java:logGet(46)) - raft.server.log.force.sync.num = 128 (default)
2023-06-29 22:14:04,461 [d05bfd9b-313a-4e98-aa4a-0bd40171ee67-groupManagement] INFO  server.RaftServerConfigKeys (ConfUtils.java:logGet(46)) - raft.server.log.statemachine.data.sync = true (default)
2023-06-29 22:14:04,461 [d05bfd9b-313a-4e98-aa4a-0bd40171ee67-groupManagement] INFO  server.RaftServerConfigKeys (ConfUtils.java:logGet(46)) - raft.server.log.statemachine.data.sync.timeout = 10s (default)
2023-06-29 22:14:04,461 [d05bfd9b-313a-4e98-aa4a-0bd40171ee67-groupManagement] INFO  server.RaftServerConfigKeys (ConfUtils.java:logGet(46)) - raft.server.log.statemachine.data.sync.timeout.retry = -1 (default)
2023-06-29 22:14:04,461 [EventQueue-PipelineReportForPipelineReportHandler] INFO  pipeline.PipelineReportHandler (PipelineReportHandler.java:processPipelineReport(136)) - Opened pipeline PipelineID=c9bd2af9-daab-4adf-ac10-e578a28b4a79
2023-06-29 22:14:04,462 [d05bfd9b-313a-4e98-aa4a-0bd40171ee67-groupManagement] INFO  server.RaftServerConfigKeys (ConfUtils.java:logGet(46)) - raft.server.log.write.buffer.size = 1048576 (custom)
2023-06-29 22:14:04,463 [d05bfd9b-313a-4e98-aa4a-0bd40171ee67-groupManagement] INFO  server.RaftServerConfigKeys (ConfUtils.java:logGet(46)) - raft.server.log.appender.buffer.byte-limit = 33554432 (custom)
2023-06-29 22:14:04,466 [d05bfd9b-313a-4e98-aa4a-0bd40171ee67-groupManagement] INFO  server.RaftServerConfigKeys (ConfUtils.java:logGet(46)) - raft.server.log.unsafe-flush.enabled = false (default)
2023-06-29 22:14:04,466 [d05bfd9b-313a-4e98-aa4a-0bd40171ee67-groupManagement] INFO  server.RaftServerConfigKeys (ConfUtils.java:logGet(46)) - raft.server.log.async-flush.enabled = false (default)
2023-06-29 22:14:04,466 [d05bfd9b-313a-4e98-aa4a-0bd40171ee67-groupManagement] INFO  server.RaftServerConfigKeys (ConfUtils.java:logGet(46)) - raft.server.log.statemachine.data.caching.enabled = true (custom)
2023-06-29 22:14:04,466 [d05bfd9b-313a-4e98-aa4a-0bd40171ee67-groupManagement] INFO  segmented.SegmentedRaftLogWorker (SegmentedRaftLogWorker.java:lambda$new$0(135)) - d05bfd9b-313a-4e98-aa4a-0bd40171ee67@group-E578A28B4A79-SegmentedRaftLogWorker: flushIndex: setUnconditionally 0 -> -1
2023-06-29 22:14:04,466 [d05bfd9b-313a-4e98-aa4a-0bd40171ee67-groupManagement] INFO  segmented.SegmentedRaftLogWorker (SegmentedRaftLogWorker.java:lambda$new$0(135)) - d05bfd9b-313a-4e98-aa4a-0bd40171ee67@group-E578A28B4A79-SegmentedRaftLogWorker: safeCacheEvictIndex: setUnconditionally 0 -> -1
2023-06-29 22:14:04,469 [EventQueue-OpenPipelineForHealthyPipelineSafeModeRule] INFO  safemode.SCMSafeModeManager (HealthyPipelineSafeModeRule.java:process(137)) - SCM in safe mode. Healthy pipelines reported count is 0, required healthy pipeline reported count is 1
2023-06-29 22:14:04,475 [d05bfd9b-313a-4e98-aa4a-0bd40171ee67-groupManagement] INFO  server.RaftServer$Division (RaftServerImpl.java:start(342)) - d05bfd9b-313a-4e98-aa4a-0bd40171ee67@group-E578A28B4A79: start as a follower, conf=-1: peers:[d05bfd9b-313a-4e98-aa4a-0bd40171ee67|rpc:10.1.0.248:15084|admin:10.1.0.248:15083|client:10.1.0.248:15082|dataStream:10.1.0.248:15085|priority:1|startupRole:FOLLOWER]|listeners:[], old=null
2023-06-29 22:14:04,475 [d05bfd9b-313a-4e98-aa4a-0bd40171ee67-groupManagement] INFO  server.RaftServer$Division (RaftServerImpl.java:setRole(329)) - d05bfd9b-313a-4e98-aa4a-0bd40171ee67@group-E578A28B4A79: changes role from      null to FOLLOWER at term 0 for startAsFollower
2023-06-29 22:14:04,475 [d05bfd9b-313a-4e98-aa4a-0bd40171ee67-groupManagement] INFO  impl.RoleInfo (RoleInfo.java:updateAndGet(139)) - d05bfd9b-313a-4e98-aa4a-0bd40171ee67: start d05bfd9b-313a-4e98-aa4a-0bd40171ee67@group-E578A28B4A79-FollowerState
2023-06-29 22:14:04,477 [d05bfd9b-313a-4e98-aa4a-0bd40171ee67-groupManagement] INFO  util.JmxRegister (JmxRegister.java:tryRegister(44)) - Successfully registered JMX Bean with object name Ratis:service=RaftServer,group=group-E578A28B4A79,id=d05bfd9b-313a-4e98-aa4a-0bd40171ee67
2023-06-29 22:14:04,477 [d05bfd9b-313a-4e98-aa4a-0bd40171ee67@group-E578A28B4A79-FollowerState] INFO  server.RaftServerConfigKeys (ConfUtils.java:logFallback(53)) - raft.server.rpc.first-election.timeout.min = 5s (fallback to raft.server.rpc.timeout.min)
2023-06-29 22:14:04,477 [d05bfd9b-313a-4e98-aa4a-0bd40171ee67-groupManagement] INFO  server.RaftServerConfigKeys (ConfUtils.java:logGet(46)) - raft.server.snapshot.auto.trigger.enabled = true (custom)
2023-06-29 22:14:04,477 [d05bfd9b-313a-4e98-aa4a-0bd40171ee67@group-E578A28B4A79-FollowerState] INFO  server.RaftServerConfigKeys (ConfUtils.java:logFallback(53)) - raft.server.rpc.first-election.timeout.max = 5200ms (fallback to raft.server.rpc.timeout.max)
2023-06-29 22:14:04,477 [d05bfd9b-313a-4e98-aa4a-0bd40171ee67-groupManagement] INFO  server.RaftServerConfigKeys (ConfUtils.java:logGet(46)) - raft.server.snapshot.auto.trigger.threshold = 10000 (custom)
2023-06-29 22:14:04,477 [d05bfd9b-313a-4e98-aa4a-0bd40171ee67-groupManagement] INFO  server.RaftServerConfigKeys (ConfUtils.java:logGet(46)) - raft.server.snapshot.retention.file.num = 5 (custom)
2023-06-29 22:14:04,477 [d05bfd9b-313a-4e98-aa4a-0bd40171ee67-groupManagement] INFO  server.RaftServerConfigKeys (ConfUtils.java:logGet(46)) - raft.server.log.purge.upto.snapshot.index = false (default)
2023-06-29 22:14:04,484 [PipelineCommandHandlerThread-0] INFO  ratis.XceiverServerRatis (XceiverServerRatis.java:addGroup(804)) - Created group PipelineID=c9bd2af9-daab-4adf-ac10-e578a28b4a79
2023-06-29 22:14:04,484 [PipelineCommandHandlerThread-0] INFO  commandhandler.CreatePipelineCommandHandler (CreatePipelineCommandHandler.java:lambda$handle$2(124)) - Created Pipeline RATIS ONE PipelineID=c9bd2af9-daab-4adf-ac10-e578a28b4a79.
2023-06-29 22:14:04,484 [PipelineCommandHandlerThread-0] INFO  server.RaftServer (RaftServerProxy.java:addNew(98)) - d05bfd9b-313a-4e98-aa4a-0bd40171ee67: addNew group-FFC41FE564C3:[d05bfd9b-313a-4e98-aa4a-0bd40171ee67|rpc:10.1.0.248:15084|admin:10.1.0.248:15083|client:10.1.0.248:15082|dataStream:10.1.0.248:15085|priority:1|startupRole:FOLLOWER, be8f56ef-e678-472d-afc0-a2265ae98bd6|rpc:10.1.0.248:15093|admin:10.1.0.248:15092|client:10.1.0.248:15091|dataStream:10.1.0.248:15094|priority:0|startupRole:FOLLOWER, 235ec288-f126-4c43-8a80-14f1997ec4a1|rpc:10.1.0.248:15102|admin:10.1.0.248:15101|client:10.1.0.248:15100|dataStream:10.1.0.248:15103|priority:0|startupRole:FOLLOWER] returns group-FFC41FE564C3:java.util.concurrent.CompletableFuture@226b27e5[Not completed]
2023-06-29 22:14:04,485 [d05bfd9b-313a-4e98-aa4a-0bd40171ee67-groupManagement] INFO  server.RaftServer$Division (RaftServerImpl.java:<init>(198)) - d05bfd9b-313a-4e98-aa4a-0bd40171ee67: new RaftServerImpl for group-FFC41FE564C3:[d05bfd9b-313a-4e98-aa4a-0bd40171ee67|rpc:10.1.0.248:15084|admin:10.1.0.248:15083|client:10.1.0.248:15082|dataStream:10.1.0.248:15085|priority:1|startupRole:FOLLOWER, be8f56ef-e678-472d-afc0-a2265ae98bd6|rpc:10.1.0.248:15093|admin:10.1.0.248:15092|client:10.1.0.248:15091|dataStream:10.1.0.248:15094|priority:0|startupRole:FOLLOWER, 235ec288-f126-4c43-8a80-14f1997ec4a1|rpc:10.1.0.248:15102|admin:10.1.0.248:15101|client:10.1.0.248:15100|dataStream:10.1.0.248:15103|priority:0|startupRole:FOLLOWER] with ContainerStateMachine:uninitialized
2023-06-29 22:14:04,485 [d05bfd9b-313a-4e98-aa4a-0bd40171ee67-groupManagement] INFO  server.RaftServerConfigKeys (ConfUtils.java:logGet(46)) - raft.server.rpc.timeout.min = 5s (custom)
2023-06-29 22:14:04,485 [d05bfd9b-313a-4e98-aa4a-0bd40171ee67-groupManagement] INFO  server.RaftServerConfigKeys (ConfUtils.java:logGet(46)) - raft.server.rpc.timeout.max = 5200ms (custom)
2023-06-29 22:14:04,485 [d05bfd9b-313a-4e98-aa4a-0bd40171ee67-groupManagement] INFO  server.RaftServerConfigKeys (ConfUtils.java:logGet(46)) - raft.server.rpc.sleep.time = 25ms (default)
2023-06-29 22:14:04,485 [d05bfd9b-313a-4e98-aa4a-0bd40171ee67-groupManagement] INFO  server.RaftServerConfigKeys (ConfUtils.java:logGet(46)) - raft.server.rpc.slowness.timeout = 300s (custom)
2023-06-29 22:14:04,485 [d05bfd9b-313a-4e98-aa4a-0bd40171ee67-groupManagement] INFO  server.RaftServerConfigKeys (ConfUtils.java:logGet(46)) - raft.server.leaderelection.leader.step-down.wait-time = 10s (default)
2023-06-29 22:14:04,486 [d05bfd9b-313a-4e98-aa4a-0bd40171ee67-groupManagement] INFO  server.RaftServerConfigKeys (ConfUtils.java:logGet(46)) - raft.server.sleep.deviation.threshold = 300ms (default)
2023-06-29 22:14:04,486 [d05bfd9b-313a-4e98-aa4a-0bd40171ee67-groupManagement] INFO  server.RaftServer$Division (ServerState.java:<init>(120)) - d05bfd9b-313a-4e98-aa4a-0bd40171ee67@group-FFC41FE564C3: ConfigurationManager, init=-1: peers:[d05bfd9b-313a-4e98-aa4a-0bd40171ee67|rpc:10.1.0.248:15084|admin:10.1.0.248:15083|client:10.1.0.248:15082|dataStream:10.1.0.248:15085|priority:1|startupRole:FOLLOWER, be8f56ef-e678-472d-afc0-a2265ae98bd6|rpc:10.1.0.248:15093|admin:10.1.0.248:15092|client:10.1.0.248:15091|dataStream:10.1.0.248:15094|priority:0|startupRole:FOLLOWER, 235ec288-f126-4c43-8a80-14f1997ec4a1|rpc:10.1.0.248:15102|admin:10.1.0.248:15101|client:10.1.0.248:15100|dataStream:10.1.0.248:15103|priority:0|startupRole:FOLLOWER]|listeners:[], old=null, confs=<EMPTY_MAP>
2023-06-29 22:14:04,486 [d05bfd9b-313a-4e98-aa4a-0bd40171ee67-groupManagement] INFO  server.RaftServerConfigKeys (ConfUtils.java:logGet(46)) - raft.server.storage.dir = [/home/runner/work/ozone/ozone/hadoop-ozone/integration-test/target/test-dir/MiniOzoneClusterImpl-306b8aa5-132e-45e2-945e-dc5599b78ca9/datanode-0/data/ratis] (custom)
2023-06-29 22:14:04,486 [d05bfd9b-313a-4e98-aa4a-0bd40171ee67-groupManagement] INFO  server.RaftServerConfigKeys (ConfUtils.java:logGet(46)) - raft.server.log.corruption.policy = EXCEPTION (default)
2023-06-29 22:14:04,486 [d05bfd9b-313a-4e98-aa4a-0bd40171ee67-groupManagement] INFO  server.RaftServerConfigKeys (ConfUtils.java:logGet(46)) - raft.server.storage.free-space.min = 0MB (=0) (default)
2023-06-29 22:14:04,486 [d05bfd9b-313a-4e98-aa4a-0bd40171ee67-groupManagement] INFO  server.RaftServerConfigKeys (ConfUtils.java:logGet(46)) - raft.server.notification.no-leader.timeout = 300s (custom)
2023-06-29 22:14:04,486 [d05bfd9b-313a-4e98-aa4a-0bd40171ee67-groupManagement] INFO  server.RaftServerConfigKeys (ConfUtils.java:logGet(46)) - raft.server.read.timeout = 10s (default)
2023-06-29 22:14:04,486 [d05bfd9b-313a-4e98-aa4a-0bd40171ee67-groupManagement] INFO  server.RaftServerConfigKeys (ConfUtils.java:logGet(46)) - raft.server.retrycache.expirytime = 600000ms (custom)
2023-06-29 22:14:04,486 [d05bfd9b-313a-4e98-aa4a-0bd40171ee67-groupManagement] INFO  server.RaftServerConfigKeys (ConfUtils.java:logGet(46)) - raft.server.retrycache.statistics.expirytime = 100μs (default)
2023-06-29 22:14:04,486 [d05bfd9b-313a-4e98-aa4a-0bd40171ee67-groupManagement] INFO  server.RaftServerConfigKeys (ConfUtils.java:logGet(46)) - raft.server.read.option = DEFAULT (default)
2023-06-29 22:14:04,487 [d05bfd9b-313a-4e98-aa4a-0bd40171ee67-groupManagement] INFO  server.RaftServerConfigKeys (ConfUtils.java:logGet(46)) - raft.server.rpc.request.timeout = 60s (custom)
2023-06-29 22:14:04,487 [d05bfd9b-313a-4e98-aa4a-0bd40171ee67-groupManagement] INFO  server.RaftServerConfigKeys (ConfUtils.java:logGet(46)) - raft.server.log.appender.install.snapshot.enabled = false (custom)
2023-06-29 22:14:04,487 [d05bfd9b-313a-4e98-aa4a-0bd40171ee67-groupManagement] INFO  server.RaftServerConfigKeys (ConfUtils.java:logGet(46)) - raft.server.threadpool.server.cached = true (default)
2023-06-29 22:14:04,487 [d05bfd9b-313a-4e98-aa4a-0bd40171ee67-groupManagement] INFO  server.RaftServerConfigKeys (ConfUtils.java:logGet(46)) - raft.server.threadpool.server.size = 0 (default)
2023-06-29 22:14:04,487 [d05bfd9b-313a-4e98-aa4a-0bd40171ee67-groupManagement] INFO  server.RaftServerConfigKeys (ConfUtils.java:logGet(46)) - raft.server.threadpool.client.cached = true (default)
2023-06-29 22:14:04,487 [d05bfd9b-313a-4e98-aa4a-0bd40171ee67-groupManagement] INFO  server.RaftServerConfigKeys (ConfUtils.java:logGet(46)) - raft.server.threadpool.client.size = 0 (default)
2023-06-29 22:14:04,487 [d05bfd9b-313a-4e98-aa4a-0bd40171ee67-groupManagement] INFO  storage.RaftStorageDirectory (RaftStorageDirectoryImpl.java:analyzeStorage(137)) - The storage directory /home/runner/work/ozone/ozone/hadoop-ozone/integration-test/target/test-dir/MiniOzoneClusterImpl-306b8aa5-132e-45e2-945e-dc5599b78ca9/datanode-0/data/ratis/2c9730ca-b5ff-4963-aa5c-ffc41fe564c3 does not exist. Creating ...
2023-06-29 22:14:04,488 [d05bfd9b-313a-4e98-aa4a-0bd40171ee67-groupManagement] INFO  storage.RaftStorageDirectory (RaftStorageDirectoryImpl.java:tryLock(231)) - Lock on /home/runner/work/ozone/ozone/hadoop-ozone/integration-test/target/test-dir/MiniOzoneClusterImpl-306b8aa5-132e-45e2-945e-dc5599b78ca9/datanode-0/data/ratis/2c9730ca-b5ff-4963-aa5c-ffc41fe564c3/in_use.lock acquired by nodename 7706@fv-az83-404
2023-06-29 22:14:04,489 [d05bfd9b-313a-4e98-aa4a-0bd40171ee67-groupManagement] INFO  storage.RaftStorage (RaftStorageImpl.java:format(96)) - Storage directory /home/runner/work/ozone/ozone/hadoop-ozone/integration-test/target/test-dir/MiniOzoneClusterImpl-306b8aa5-132e-45e2-945e-dc5599b78ca9/datanode-0/data/ratis/2c9730ca-b5ff-4963-aa5c-ffc41fe564c3 has been successfully formatted.
2023-06-29 22:14:04,489 [d05bfd9b-313a-4e98-aa4a-0bd40171ee67-groupManagement] INFO  ratis.ContainerStateMachine (ContainerStateMachine.java:loadSnapshot(262)) - group-FFC41FE564C3: The snapshot info is null. Setting the last applied indexto:(t:0, i:~)
2023-06-29 22:14:04,489 [d05bfd9b-313a-4e98-aa4a-0bd40171ee67-groupManagement] INFO  server.RaftServerConfigKeys (ConfUtils.java:logGet(46)) - raft.server.log.use.memory = false (default)
2023-06-29 22:14:04,489 [d05bfd9b-313a-4e98-aa4a-0bd40171ee67-groupManagement] INFO  server.RaftServerConfigKeys (ConfUtils.java:logGet(46)) - raft.server.log.purge.gap = 1000000 (custom)
2023-06-29 22:14:04,489 [d05bfd9b-313a-4e98-aa4a-0bd40171ee67-groupManagement] INFO  server.RaftServerConfigKeys (ConfUtils.java:logGet(46)) - raft.server.log.appender.buffer.byte-limit = 33554432 (custom)
2023-06-29 22:14:04,489 [d05bfd9b-313a-4e98-aa4a-0bd40171ee67-groupManagement] INFO  server.RaftServerConfigKeys (ConfUtils.java:logGet(46)) - raft.server.log.statemachine.data.read.timeout = 1000ms (default)
2023-06-29 22:14:04,489 [d05bfd9b-313a-4e98-aa4a-0bd40171ee67-groupManagement] INFO  server.RaftServerConfigKeys (ConfUtils.java:logGet(46)) - raft.server.log.purge.preservation.log.num = 0 (default)
2023-06-29 22:14:04,489 [d05bfd9b-313a-4e98-aa4a-0bd40171ee67-groupManagement] INFO  server.RaftServerConfigKeys (ConfUtils.java:logGet(46)) - raft.server.log.segment.size.max = 1048576 (custom)
2023-06-29 22:14:04,489 [d05bfd9b-313a-4e98-aa4a-0bd40171ee67-groupManagement] INFO  server.RaftServerConfigKeys (ConfUtils.java:logGet(46)) - raft.server.log.segment.cache.num.max = 2 (custom)
2023-06-29 22:14:04,489 [d05bfd9b-313a-4e98-aa4a-0bd40171ee67-groupManagement] INFO  server.RaftServerConfigKeys (ConfUtils.java:logGet(46)) - raft.server.log.segment.cache.size.max = 200MB (=209715200) (default)
2023-06-29 22:14:04,489 [d05bfd9b-313a-4e98-aa4a-0bd40171ee67-groupManagement] INFO  server.RaftServerConfigKeys (ConfUtils.java:logGet(46)) - raft.server.log.appender.buffer.byte-limit = 33554432 (custom)
2023-06-29 22:14:04,490 [d05bfd9b-313a-4e98-aa4a-0bd40171ee67-groupManagement] INFO  segmented.SegmentedRaftLogWorker (SegmentedRaftLogWorker.java:<init>(188)) - new d05bfd9b-313a-4e98-aa4a-0bd40171ee67@group-FFC41FE564C3-SegmentedRaftLogWorker for RaftStorageImpl:Storage Directory /home/runner/work/ozone/ozone/hadoop-ozone/integration-test/target/test-dir/MiniOzoneClusterImpl-306b8aa5-132e-45e2-945e-dc5599b78ca9/datanode-0/data/ratis/2c9730ca-b5ff-4963-aa5c-ffc41fe564c3
2023-06-29 22:14:04,490 [d05bfd9b-313a-4e98-aa4a-0bd40171ee67-groupManagement] INFO  server.RaftServerConfigKeys (ConfUtils.java:logGet(46)) - raft.server.log.queue.byte-limit = 4294967296 (custom)
2023-06-29 22:14:04,490 [d05bfd9b-313a-4e98-aa4a-0bd40171ee67-groupManagement] INFO  server.RaftServerConfigKeys (ConfUtils.java:logGet(46)) - raft.server.log.queue.element-limit = 1024 (custom)
2023-06-29 22:14:04,490 [d05bfd9b-313a-4e98-aa4a-0bd40171ee67-groupManagement] INFO  server.RaftServerConfigKeys (ConfUtils.java:logGet(46)) - raft.server.log.segment.size.max = 1048576 (custom)
2023-06-29 22:14:04,490 [d05bfd9b-313a-4e98-aa4a-0bd40171ee67-groupManagement] INFO  server.RaftServerConfigKeys (ConfUtils.java:logGet(46)) - raft.server.log.preallocated.size = 16384 (custom)
2023-06-29 22:14:04,490 [d05bfd9b-313a-4e98-aa4a-0bd40171ee67-groupManagement] INFO  server.RaftServerConfigKeys (ConfUtils.java:logGet(46)) - raft.server.log.force.sync.num = 128 (default)
2023-06-29 22:14:04,490 [d05bfd9b-313a-4e98-aa4a-0bd40171ee67-groupManagement] INFO  server.RaftServerConfigKeys (ConfUtils.java:logGet(46)) - raft.server.log.statemachine.data.sync = true (default)
2023-06-29 22:14:04,490 [d05bfd9b-313a-4e98-aa4a-0bd40171ee67-groupManagement] INFO  server.RaftServerConfigKeys (ConfUtils.java:logGet(46)) - raft.server.log.statemachine.data.sync.timeout = 10s (default)
2023-06-29 22:14:04,490 [d05bfd9b-313a-4e98-aa4a-0bd40171ee67-groupManagement] INFO  server.RaftServerConfigKeys (ConfUtils.java:logGet(46)) - raft.server.log.statemachine.data.sync.timeout.retry = -1 (default)
2023-06-29 22:14:04,490 [EventQueue-OpenPipelineForHealthyPipelineSafeModeRule] INFO  safemode.SCMSafeModeManager (HealthyPipelineSafeModeRule.java:process(137)) - SCM in safe mode. Healthy pipelines reported count is 0, required healthy pipeline reported count is 1
2023-06-29 22:14:04,490 [d05bfd9b-313a-4e98-aa4a-0bd40171ee67-groupManagement] INFO  server.RaftServerConfigKeys (ConfUtils.java:logGet(46)) - raft.server.log.write.buffer.size = 1048576 (custom)
2023-06-29 22:14:04,491 [d05bfd9b-313a-4e98-aa4a-0bd40171ee67-groupManagement] INFO  server.RaftServerConfigKeys (ConfUtils.java:logGet(46)) - raft.server.log.appender.buffer.byte-limit = 33554432 (custom)
2023-06-29 22:14:04,493 [d05bfd9b-313a-4e98-aa4a-0bd40171ee67-groupManagement] INFO  server.RaftServerConfigKeys (ConfUtils.java:logGet(46)) - raft.server.log.unsafe-flush.enabled = false (default)
2023-06-29 22:14:04,493 [d05bfd9b-313a-4e98-aa4a-0bd40171ee67-groupManagement] INFO  server.RaftServerConfigKeys (ConfUtils.java:logGet(46)) - raft.server.log.async-flush.enabled = false (default)
2023-06-29 22:14:04,494 [d05bfd9b-313a-4e98-aa4a-0bd40171ee67-groupManagement] INFO  server.RaftServerConfigKeys (ConfUtils.java:logGet(46)) - raft.server.log.statemachine.data.caching.enabled = true (custom)
2023-06-29 22:14:04,494 [d05bfd9b-313a-4e98-aa4a-0bd40171ee67-groupManagement] INFO  segmented.SegmentedRaftLogWorker (SegmentedRaftLogWorker.java:lambda$new$0(135)) - d05bfd9b-313a-4e98-aa4a-0bd40171ee67@group-FFC41FE564C3-SegmentedRaftLogWorker: flushIndex: setUnconditionally 0 -> -1
2023-06-29 22:14:04,494 [d05bfd9b-313a-4e98-aa4a-0bd40171ee67-groupManagement] INFO  segmented.SegmentedRaftLogWorker (SegmentedRaftLogWorker.java:lambda$new$0(135)) - d05bfd9b-313a-4e98-aa4a-0bd40171ee67@group-FFC41FE564C3-SegmentedRaftLogWorker: safeCacheEvictIndex: setUnconditionally 0 -> -1
2023-06-29 22:14:04,494 [d05bfd9b-313a-4e98-aa4a-0bd40171ee67-groupManagement] INFO  server.RaftServer$Division (RaftServerImpl.java:start(342)) - d05bfd9b-313a-4e98-aa4a-0bd40171ee67@group-FFC41FE564C3: start as a follower, conf=-1: peers:[d05bfd9b-313a-4e98-aa4a-0bd40171ee67|rpc:10.1.0.248:15084|admin:10.1.0.248:15083|client:10.1.0.248:15082|dataStream:10.1.0.248:15085|priority:1|startupRole:FOLLOWER, be8f56ef-e678-472d-afc0-a2265ae98bd6|rpc:10.1.0.248:15093|admin:10.1.0.248:15092|client:10.1.0.248:15091|dataStream:10.1.0.248:15094|priority:0|startupRole:FOLLOWER, 235ec288-f126-4c43-8a80-14f1997ec4a1|rpc:10.1.0.248:15102|admin:10.1.0.248:15101|client:10.1.0.248:15100|dataStream:10.1.0.248:15103|priority:0|startupRole:FOLLOWER]|listeners:[], old=null
2023-06-29 22:14:04,494 [d05bfd9b-313a-4e98-aa4a-0bd40171ee67-groupManagement] INFO  server.RaftServer$Division (RaftServerImpl.java:setRole(329)) - d05bfd9b-313a-4e98-aa4a-0bd40171ee67@group-FFC41FE564C3: changes role from      null to FOLLOWER at term 0 for startAsFollower
2023-06-29 22:14:04,494 [d05bfd9b-313a-4e98-aa4a-0bd40171ee67-groupManagement] INFO  impl.RoleInfo (RoleInfo.java:updateAndGet(139)) - d05bfd9b-313a-4e98-aa4a-0bd40171ee67: start d05bfd9b-313a-4e98-aa4a-0bd40171ee67@group-FFC41FE564C3-FollowerState
2023-06-29 22:14:04,494 [d05bfd9b-313a-4e98-aa4a-0bd40171ee67@group-FFC41FE564C3-FollowerState] INFO  server.RaftServerConfigKeys (ConfUtils.java:logFallback(53)) - raft.server.rpc.first-election.timeout.min = 5s (fallback to raft.server.rpc.timeout.min)
2023-06-29 22:14:04,494 [d05bfd9b-313a-4e98-aa4a-0bd40171ee67-groupManagement] INFO  util.JmxRegister (JmxRegister.java:tryRegister(44)) - Successfully registered JMX Bean with object name Ratis:service=RaftServer,group=group-FFC41FE564C3,id=d05bfd9b-313a-4e98-aa4a-0bd40171ee67
2023-06-29 22:14:04,495 [d05bfd9b-313a-4e98-aa4a-0bd40171ee67@group-FFC41FE564C3-FollowerState] INFO  server.RaftServerConfigKeys (ConfUtils.java:logFallback(53)) - raft.server.rpc.first-election.timeout.max = 5200ms (fallback to raft.server.rpc.timeout.max)
2023-06-29 22:14:04,495 [d05bfd9b-313a-4e98-aa4a-0bd40171ee67-groupManagement] INFO  server.RaftServerConfigKeys (ConfUtils.java:logGet(46)) - raft.server.snapshot.auto.trigger.enabled = true (custom)
2023-06-29 22:14:04,495 [d05bfd9b-313a-4e98-aa4a-0bd40171ee67-groupManagement] INFO  server.RaftServerConfigKeys (ConfUtils.java:logGet(46)) - raft.server.snapshot.auto.trigger.threshold = 10000 (custom)
2023-06-29 22:14:04,495 [d05bfd9b-313a-4e98-aa4a-0bd40171ee67-groupManagement] INFO  server.RaftServerConfigKeys (ConfUtils.java:logGet(46)) - raft.server.snapshot.retention.file.num = 5 (custom)
2023-06-29 22:14:04,495 [d05bfd9b-313a-4e98-aa4a-0bd40171ee67-groupManagement] INFO  server.RaftServerConfigKeys (ConfUtils.java:logGet(46)) - raft.server.log.purge.upto.snapshot.index = false (default)
2023-06-29 22:14:04,495 [PipelineCommandHandlerThread-0] INFO  ratis.XceiverServerRatis (XceiverServerRatis.java:addGroup(804)) - Created group PipelineID=2c9730ca-b5ff-4963-aa5c-ffc41fe564c3
2023-06-29 22:14:04,513 [grpc-default-executor-0] INFO  server.RaftServer (RaftServerProxy.java:addNew(98)) - be8f56ef-e678-472d-afc0-a2265ae98bd6: addNew group-FFC41FE564C3:[d05bfd9b-313a-4e98-aa4a-0bd40171ee67|rpc:10.1.0.248:15084|admin:10.1.0.248:15083|client:10.1.0.248:15082|dataStream:10.1.0.248:15085|priority:1|startupRole:FOLLOWER, be8f56ef-e678-472d-afc0-a2265ae98bd6|rpc:10.1.0.248:15093|admin:10.1.0.248:15092|client:10.1.0.248:15091|dataStream:10.1.0.248:15094|priority:0|startupRole:FOLLOWER, 235ec288-f126-4c43-8a80-14f1997ec4a1|rpc:10.1.0.248:15102|admin:10.1.0.248:15101|client:10.1.0.248:15100|dataStream:10.1.0.248:15103|priority:0|startupRole:FOLLOWER] returns group-FFC41FE564C3:java.util.concurrent.CompletableFuture@261fc4b5[Not completed]
2023-06-29 22:14:04,514 [be8f56ef-e678-472d-afc0-a2265ae98bd6-groupManagement] INFO  server.RaftServer$Division (RaftServerImpl.java:<init>(198)) - be8f56ef-e678-472d-afc0-a2265ae98bd6: new RaftServerImpl for group-FFC41FE564C3:[d05bfd9b-313a-4e98-aa4a-0bd40171ee67|rpc:10.1.0.248:15084|admin:10.1.0.248:15083|client:10.1.0.248:15082|dataStream:10.1.0.248:15085|priority:1|startupRole:FOLLOWER, be8f56ef-e678-472d-afc0-a2265ae98bd6|rpc:10.1.0.248:15093|admin:10.1.0.248:15092|client:10.1.0.248:15091|dataStream:10.1.0.248:15094|priority:0|startupRole:FOLLOWER, 235ec288-f126-4c43-8a80-14f1997ec4a1|rpc:10.1.0.248:15102|admin:10.1.0.248:15101|client:10.1.0.248:15100|dataStream:10.1.0.248:15103|priority:0|startupRole:FOLLOWER] with ContainerStateMachine:uninitialized
2023-06-29 22:14:04,514 [be8f56ef-e678-472d-afc0-a2265ae98bd6-groupManagement] INFO  server.RaftServerConfigKeys (ConfUtils.java:logGet(46)) - raft.server.rpc.timeout.min = 5s (custom)
2023-06-29 22:14:04,514 [be8f56ef-e678-472d-afc0-a2265ae98bd6-groupManagement] INFO  server.RaftServerConfigKeys (ConfUtils.java:logGet(46)) - raft.server.rpc.timeout.max = 5200ms (custom)
2023-06-29 22:14:04,514 [be8f56ef-e678-472d-afc0-a2265ae98bd6-groupManagement] INFO  server.RaftServerConfigKeys (ConfUtils.java:logGet(46)) - raft.server.rpc.sleep.time = 25ms (default)
2023-06-29 22:14:04,514 [be8f56ef-e678-472d-afc0-a2265ae98bd6-groupManagement] INFO  server.RaftServerConfigKeys (ConfUtils.java:logGet(46)) - raft.server.rpc.slowness.timeout = 300s (custom)
2023-06-29 22:14:04,514 [be8f56ef-e678-472d-afc0-a2265ae98bd6-groupManagement] INFO  server.RaftServerConfigKeys (ConfUtils.java:logGet(46)) - raft.server.leaderelection.leader.step-down.wait-time = 10s (default)
2023-06-29 22:14:04,514 [be8f56ef-e678-472d-afc0-a2265ae98bd6-groupManagement] INFO  server.RaftServerConfigKeys (ConfUtils.java:logGet(46)) - raft.server.sleep.deviation.threshold = 300ms (default)
2023-06-29 22:14:04,514 [be8f56ef-e678-472d-afc0-a2265ae98bd6-groupManagement] INFO  server.RaftServer$Division (ServerState.java:<init>(120)) - be8f56ef-e678-472d-afc0-a2265ae98bd6@group-FFC41FE564C3: ConfigurationManager, init=-1: peers:[d05bfd9b-313a-4e98-aa4a-0bd40171ee67|rpc:10.1.0.248:15084|admin:10.1.0.248:15083|client:10.1.0.248:15082|dataStream:10.1.0.248:15085|priority:1|startupRole:FOLLOWER, be8f56ef-e678-472d-afc0-a2265ae98bd6|rpc:10.1.0.248:15093|admin:10.1.0.248:15092|client:10.1.0.248:15091|dataStream:10.1.0.248:15094|priority:0|startupRole:FOLLOWER, 235ec288-f126-4c43-8a80-14f1997ec4a1|rpc:10.1.0.248:15102|admin:10.1.0.248:15101|client:10.1.0.248:15100|dataStream:10.1.0.248:15103|priority:0|startupRole:FOLLOWER]|listeners:[], old=null, confs=<EMPTY_MAP>
2023-06-29 22:14:04,514 [be8f56ef-e678-472d-afc0-a2265ae98bd6-groupManagement] INFO  server.RaftServerConfigKeys (ConfUtils.java:logGet(46)) - raft.server.storage.dir = [/home/runner/work/ozone/ozone/hadoop-ozone/integration-test/target/test-dir/MiniOzoneClusterImpl-306b8aa5-132e-45e2-945e-dc5599b78ca9/datanode-1/data/ratis] (custom)
2023-06-29 22:14:04,514 [be8f56ef-e678-472d-afc0-a2265ae98bd6-groupManagement] INFO  server.RaftServerConfigKeys (ConfUtils.java:logGet(46)) - raft.server.log.corruption.policy = EXCEPTION (default)
2023-06-29 22:14:04,514 [be8f56ef-e678-472d-afc0-a2265ae98bd6-groupManagement] INFO  server.RaftServerConfigKeys (ConfUtils.java:logGet(46)) - raft.server.storage.free-space.min = 0MB (=0) (default)
2023-06-29 22:14:04,514 [be8f56ef-e678-472d-afc0-a2265ae98bd6-groupManagement] INFO  server.RaftServerConfigKeys (ConfUtils.java:logGet(46)) - raft.server.notification.no-leader.timeout = 300s (custom)
2023-06-29 22:14:04,514 [be8f56ef-e678-472d-afc0-a2265ae98bd6-groupManagement] INFO  server.RaftServerConfigKeys (ConfUtils.java:logGet(46)) - raft.server.read.timeout = 10s (default)
2023-06-29 22:14:04,514 [be8f56ef-e678-472d-afc0-a2265ae98bd6-groupManagement] INFO  server.RaftServerConfigKeys (ConfUtils.java:logGet(46)) - raft.server.retrycache.expirytime = 600000ms (custom)
2023-06-29 22:14:04,514 [be8f56ef-e678-472d-afc0-a2265ae98bd6-groupManagement] INFO  server.RaftServerConfigKeys (ConfUtils.java:logGet(46)) - raft.server.retrycache.statistics.expirytime = 100μs (default)
2023-06-29 22:14:04,514 [be8f56ef-e678-472d-afc0-a2265ae98bd6-groupManagement] INFO  server.RaftServerConfigKeys (ConfUtils.java:logGet(46)) - raft.server.read.option = DEFAULT (default)
2023-06-29 22:14:04,516 [be8f56ef-e678-472d-afc0-a2265ae98bd6-groupManagement] INFO  server.RaftServerConfigKeys (ConfUtils.java:logGet(46)) - raft.server.rpc.request.timeout = 60s (custom)
2023-06-29 22:14:04,516 [be8f56ef-e678-472d-afc0-a2265ae98bd6-groupManagement] INFO  server.RaftServerConfigKeys (ConfUtils.java:logGet(46)) - raft.server.log.appender.install.snapshot.enabled = false (custom)
2023-06-29 22:14:04,516 [be8f56ef-e678-472d-afc0-a2265ae98bd6-groupManagement] INFO  server.RaftServerConfigKeys (ConfUtils.java:logGet(46)) - raft.server.threadpool.server.cached = true (default)
2023-06-29 22:14:04,516 [be8f56ef-e678-472d-afc0-a2265ae98bd6-groupManagement] INFO  server.RaftServerConfigKeys (ConfUtils.java:logGet(46)) - raft.server.threadpool.server.size = 0 (default)
2023-06-29 22:14:04,516 [be8f56ef-e678-472d-afc0-a2265ae98bd6-groupManagement] INFO  server.RaftServerConfigKeys (ConfUtils.java:logGet(46)) - raft.server.threadpool.client.cached = true (default)
2023-06-29 22:14:04,516 [be8f56ef-e678-472d-afc0-a2265ae98bd6-groupManagement] INFO  server.RaftServerConfigKeys (ConfUtils.java:logGet(46)) - raft.server.threadpool.client.size = 0 (default)
2023-06-29 22:14:04,516 [be8f56ef-e678-472d-afc0-a2265ae98bd6-groupManagement] INFO  storage.RaftStorageDirectory (RaftStorageDirectoryImpl.java:analyzeStorage(137)) - The storage directory /home/runner/work/ozone/ozone/hadoop-ozone/integration-test/target/test-dir/MiniOzoneClusterImpl-306b8aa5-132e-45e2-945e-dc5599b78ca9/datanode-1/data/ratis/2c9730ca-b5ff-4963-aa5c-ffc41fe564c3 does not exist. Creating ...
2023-06-29 22:14:04,517 [be8f56ef-e678-472d-afc0-a2265ae98bd6-groupManagement] INFO  storage.RaftStorageDirectory (RaftStorageDirectoryImpl.java:tryLock(231)) - Lock on /home/runner/work/ozone/ozone/hadoop-ozone/integration-test/target/test-dir/MiniOzoneClusterImpl-306b8aa5-132e-45e2-945e-dc5599b78ca9/datanode-1/data/ratis/2c9730ca-b5ff-4963-aa5c-ffc41fe564c3/in_use.lock acquired by nodename 7706@fv-az83-404
2023-06-29 22:14:04,518 [be8f56ef-e678-472d-afc0-a2265ae98bd6-groupManagement] INFO  storage.RaftStorage (RaftStorageImpl.java:format(96)) - Storage directory /home/runner/work/ozone/ozone/hadoop-ozone/integration-test/target/test-dir/MiniOzoneClusterImpl-306b8aa5-132e-45e2-945e-dc5599b78ca9/datanode-1/data/ratis/2c9730ca-b5ff-4963-aa5c-ffc41fe564c3 has been successfully formatted.
2023-06-29 22:14:04,519 [be8f56ef-e678-472d-afc0-a2265ae98bd6-groupManagement] INFO  ratis.ContainerStateMachine (ContainerStateMachine.java:loadSnapshot(262)) - group-FFC41FE564C3: The snapshot info is null. Setting the last applied indexto:(t:0, i:~)
2023-06-29 22:14:04,519 [be8f56ef-e678-472d-afc0-a2265ae98bd6-groupManagement] INFO  server.RaftServerConfigKeys (ConfUtils.java:logGet(46)) - raft.server.log.use.memory = false (default)
2023-06-29 22:14:04,519 [be8f56ef-e678-472d-afc0-a2265ae98bd6-groupManagement] INFO  server.RaftServerConfigKeys (ConfUtils.java:logGet(46)) - raft.server.log.purge.gap = 1000000 (custom)
2023-06-29 22:14:04,519 [be8f56ef-e678-472d-afc0-a2265ae98bd6-groupManagement] INFO  server.RaftServerConfigKeys (ConfUtils.java:logGet(46)) - raft.server.log.appender.buffer.byte-limit = 33554432 (custom)
2023-06-29 22:14:04,519 [be8f56ef-e678-472d-afc0-a2265ae98bd6-groupManagement] INFO  server.RaftServerConfigKeys (ConfUtils.java:logGet(46)) - raft.server.log.statemachine.data.read.timeout = 1000ms (default)
2023-06-29 22:14:04,519 [be8f56ef-e678-472d-afc0-a2265ae98bd6-groupManagement] INFO  server.RaftServerConfigKeys (ConfUtils.java:logGet(46)) - raft.server.log.purge.preservation.log.num = 0 (default)
2023-06-29 22:14:04,519 [be8f56ef-e678-472d-afc0-a2265ae98bd6-groupManagement] INFO  server.RaftServerConfigKeys (ConfUtils.java:logGet(46)) - raft.server.log.segment.size.max = 1048576 (custom)
2023-06-29 22:14:04,520 [be8f56ef-e678-472d-afc0-a2265ae98bd6-groupManagement] INFO  server.RaftServerConfigKeys (ConfUtils.java:logGet(46)) - raft.server.log.segment.cache.num.max = 2 (custom)
2023-06-29 22:14:04,520 [be8f56ef-e678-472d-afc0-a2265ae98bd6-groupManagement] INFO  server.RaftServerConfigKeys (ConfUtils.java:logGet(46)) - raft.server.log.segment.cache.size.max = 200MB (=209715200) (default)
2023-06-29 22:14:04,520 [be8f56ef-e678-472d-afc0-a2265ae98bd6-groupManagement] INFO  server.RaftServerConfigKeys (ConfUtils.java:logGet(46)) - raft.server.log.appender.buffer.byte-limit = 33554432 (custom)
2023-06-29 22:14:04,520 [be8f56ef-e678-472d-afc0-a2265ae98bd6-groupManagement] INFO  segmented.SegmentedRaftLogWorker (SegmentedRaftLogWorker.java:<init>(188)) - new be8f56ef-e678-472d-afc0-a2265ae98bd6@group-FFC41FE564C3-SegmentedRaftLogWorker for RaftStorageImpl:Storage Directory /home/runner/work/ozone/ozone/hadoop-ozone/integration-test/target/test-dir/MiniOzoneClusterImpl-306b8aa5-132e-45e2-945e-dc5599b78ca9/datanode-1/data/ratis/2c9730ca-b5ff-4963-aa5c-ffc41fe564c3
2023-06-29 22:14:04,520 [be8f56ef-e678-472d-afc0-a2265ae98bd6-groupManagement] INFO  server.RaftServerConfigKeys (ConfUtils.java:logGet(46)) - raft.server.log.queue.byte-limit = 4294967296 (custom)
2023-06-29 22:14:04,520 [be8f56ef-e678-472d-afc0-a2265ae98bd6-groupManagement] INFO  server.RaftServerConfigKeys (ConfUtils.java:logGet(46)) - raft.server.log.queue.element-limit = 1024 (custom)
2023-06-29 22:14:04,520 [be8f56ef-e678-472d-afc0-a2265ae98bd6-groupManagement] INFO  server.RaftServerConfigKeys (ConfUtils.java:logGet(46)) - raft.server.log.segment.size.max = 1048576 (custom)
2023-06-29 22:14:04,520 [be8f56ef-e678-472d-afc0-a2265ae98bd6-groupManagement] INFO  server.RaftServerConfigKeys (ConfUtils.java:logGet(46)) - raft.server.log.preallocated.size = 16384 (custom)
2023-06-29 22:14:04,521 [be8f56ef-e678-472d-afc0-a2265ae98bd6-groupManagement] INFO  server.RaftServerConfigKeys (ConfUtils.java:logGet(46)) - raft.server.log.force.sync.num = 128 (default)
2023-06-29 22:14:04,521 [be8f56ef-e678-472d-afc0-a2265ae98bd6-groupManagement] INFO  server.RaftServerConfigKeys (ConfUtils.java:logGet(46)) - raft.server.log.statemachine.data.sync = true (default)
2023-06-29 22:14:04,521 [be8f56ef-e678-472d-afc0-a2265ae98bd6-groupManagement] INFO  server.RaftServerConfigKeys (ConfUtils.java:logGet(46)) - raft.server.log.statemachine.data.sync.timeout = 10s (default)
2023-06-29 22:14:04,521 [be8f56ef-e678-472d-afc0-a2265ae98bd6-groupManagement] INFO  server.RaftServerConfigKeys (ConfUtils.java:logGet(46)) - raft.server.log.statemachine.data.sync.timeout.retry = -1 (default)
2023-06-29 22:14:04,522 [be8f56ef-e678-472d-afc0-a2265ae98bd6-groupManagement] INFO  server.RaftServerConfigKeys (ConfUtils.java:logGet(46)) - raft.server.log.write.buffer.size = 1048576 (custom)
2023-06-29 22:14:04,523 [be8f56ef-e678-472d-afc0-a2265ae98bd6-groupManagement] INFO  server.RaftServerConfigKeys (ConfUtils.java:logGet(46)) - raft.server.log.appender.buffer.byte-limit = 33554432 (custom)
2023-06-29 22:14:04,526 [be8f56ef-e678-472d-afc0-a2265ae98bd6-groupManagement] INFO  server.RaftServerConfigKeys (ConfUtils.java:logGet(46)) - raft.server.log.unsafe-flush.enabled = false (default)
2023-06-29 22:14:04,526 [be8f56ef-e678-472d-afc0-a2265ae98bd6-groupManagement] INFO  server.RaftServerConfigKeys (ConfUtils.java:logGet(46)) - raft.server.log.async-flush.enabled = false (default)
2023-06-29 22:14:04,526 [be8f56ef-e678-472d-afc0-a2265ae98bd6-groupManagement] INFO  server.RaftServerConfigKeys (ConfUtils.java:logGet(46)) - raft.server.log.statemachine.data.caching.enabled = true (custom)
2023-06-29 22:14:04,526 [be8f56ef-e678-472d-afc0-a2265ae98bd6-groupManagement] INFO  segmented.SegmentedRaftLogWorker (SegmentedRaftLogWorker.java:lambda$new$0(135)) - be8f56ef-e678-472d-afc0-a2265ae98bd6@group-FFC41FE564C3-SegmentedRaftLogWorker: flushIndex: setUnconditionally 0 -> -1
2023-06-29 22:14:04,526 [be8f56ef-e678-472d-afc0-a2265ae98bd6-groupManagement] INFO  segmented.SegmentedRaftLogWorker (SegmentedRaftLogWorker.java:lambda$new$0(135)) - be8f56ef-e678-472d-afc0-a2265ae98bd6@group-FFC41FE564C3-SegmentedRaftLogWorker: safeCacheEvictIndex: setUnconditionally 0 -> -1
2023-06-29 22:14:04,529 [be8f56ef-e678-472d-afc0-a2265ae98bd6-groupManagement] INFO  server.RaftServer$Division (RaftServerImpl.java:start(342)) - be8f56ef-e678-472d-afc0-a2265ae98bd6@group-FFC41FE564C3: start as a follower, conf=-1: peers:[d05bfd9b-313a-4e98-aa4a-0bd40171ee67|rpc:10.1.0.248:15084|admin:10.1.0.248:15083|client:10.1.0.248:15082|dataStream:10.1.0.248:15085|priority:1|startupRole:FOLLOWER, be8f56ef-e678-472d-afc0-a2265ae98bd6|rpc:10.1.0.248:15093|admin:10.1.0.248:15092|client:10.1.0.248:15091|dataStream:10.1.0.248:15094|priority:0|startupRole:FOLLOWER, 235ec288-f126-4c43-8a80-14f1997ec4a1|rpc:10.1.0.248:15102|admin:10.1.0.248:15101|client:10.1.0.248:15100|dataStream:10.1.0.248:15103|priority:0|startupRole:FOLLOWER]|listeners:[], old=null
2023-06-29 22:14:04,529 [be8f56ef-e678-472d-afc0-a2265ae98bd6-groupManagement] INFO  server.RaftServer$Division (RaftServerImpl.java:setRole(329)) - be8f56ef-e678-472d-afc0-a2265ae98bd6@group-FFC41FE564C3: changes role from      null to FOLLOWER at term 0 for startAsFollower
2023-06-29 22:14:04,529 [be8f56ef-e678-472d-afc0-a2265ae98bd6-groupManagement] INFO  impl.RoleInfo (RoleInfo.java:updateAndGet(139)) - be8f56ef-e678-472d-afc0-a2265ae98bd6: start be8f56ef-e678-472d-afc0-a2265ae98bd6@group-FFC41FE564C3-FollowerState
2023-06-29 22:14:04,530 [be8f56ef-e678-472d-afc0-a2265ae98bd6-groupManagement] INFO  util.JmxRegister (JmxRegister.java:tryRegister(44)) - Successfully registered JMX Bean with object name Ratis:service=RaftServer,group=group-FFC41FE564C3,id=be8f56ef-e678-472d-afc0-a2265ae98bd6
2023-06-29 22:14:04,530 [be8f56ef-e678-472d-afc0-a2265ae98bd6-groupManagement] INFO  server.RaftServerConfigKeys (ConfUtils.java:logGet(46)) - raft.server.snapshot.auto.trigger.enabled = true (custom)
2023-06-29 22:14:04,530 [be8f56ef-e678-472d-afc0-a2265ae98bd6-groupManagement] INFO  server.RaftServerConfigKeys (ConfUtils.java:logGet(46)) - raft.server.snapshot.auto.trigger.threshold = 10000 (custom)
2023-06-29 22:14:04,530 [be8f56ef-e678-472d-afc0-a2265ae98bd6-groupManagement] INFO  server.RaftServerConfigKeys (ConfUtils.java:logGet(46)) - raft.server.snapshot.retention.file.num = 5 (custom)
2023-06-29 22:14:04,530 [be8f56ef-e678-472d-afc0-a2265ae98bd6-groupManagement] INFO  server.RaftServerConfigKeys (ConfUtils.java:logGet(46)) - raft.server.log.purge.upto.snapshot.index = false (default)
2023-06-29 22:14:04,531 [be8f56ef-e678-472d-afc0-a2265ae98bd6@group-FFC41FE564C3-FollowerState] INFO  server.RaftServerConfigKeys (ConfUtils.java:logFallback(53)) - raft.server.rpc.first-election.timeout.min = 5s (fallback to raft.server.rpc.timeout.min)
2023-06-29 22:14:04,531 [be8f56ef-e678-472d-afc0-a2265ae98bd6@group-FFC41FE564C3-FollowerState] INFO  server.RaftServerConfigKeys (ConfUtils.java:logFallback(53)) - raft.server.rpc.first-election.timeout.max = 5200ms (fallback to raft.server.rpc.timeout.max)
2023-06-29 22:14:04,550 [grpc-default-executor-0] INFO  server.RaftServer (RaftServerProxy.java:addNew(98)) - 235ec288-f126-4c43-8a80-14f1997ec4a1: addNew group-FFC41FE564C3:[d05bfd9b-313a-4e98-aa4a-0bd40171ee67|rpc:10.1.0.248:15084|admin:10.1.0.248:15083|client:10.1.0.248:15082|dataStream:10.1.0.248:15085|priority:1|startupRole:FOLLOWER, be8f56ef-e678-472d-afc0-a2265ae98bd6|rpc:10.1.0.248:15093|admin:10.1.0.248:15092|client:10.1.0.248:15091|dataStream:10.1.0.248:15094|priority:0|startupRole:FOLLOWER, 235ec288-f126-4c43-8a80-14f1997ec4a1|rpc:10.1.0.248:15102|admin:10.1.0.248:15101|client:10.1.0.248:15100|dataStream:10.1.0.248:15103|priority:0|startupRole:FOLLOWER] returns group-FFC41FE564C3:java.util.concurrent.CompletableFuture@2a5ec8fc[Not completed]
2023-06-29 22:14:04,552 [235ec288-f126-4c43-8a80-14f1997ec4a1-groupManagement] INFO  server.RaftServer$Division (RaftServerImpl.java:<init>(198)) - 235ec288-f126-4c43-8a80-14f1997ec4a1: new RaftServerImpl for group-FFC41FE564C3:[d05bfd9b-313a-4e98-aa4a-0bd40171ee67|rpc:10.1.0.248:15084|admin:10.1.0.248:15083|client:10.1.0.248:15082|dataStream:10.1.0.248:15085|priority:1|startupRole:FOLLOWER, be8f56ef-e678-472d-afc0-a2265ae98bd6|rpc:10.1.0.248:15093|admin:10.1.0.248:15092|client:10.1.0.248:15091|dataStream:10.1.0.248:15094|priority:0|startupRole:FOLLOWER, 235ec288-f126-4c43-8a80-14f1997ec4a1|rpc:10.1.0.248:15102|admin:10.1.0.248:15101|client:10.1.0.248:15100|dataStream:10.1.0.248:15103|priority:0|startupRole:FOLLOWER] with ContainerStateMachine:uninitialized
2023-06-29 22:14:04,552 [235ec288-f126-4c43-8a80-14f1997ec4a1-groupManagement] INFO  server.RaftServerConfigKeys (ConfUtils.java:logGet(46)) - raft.server.rpc.timeout.min = 5s (custom)
2023-06-29 22:14:04,552 [235ec288-f126-4c43-8a80-14f1997ec4a1-groupManagement] INFO  server.RaftServerConfigKeys (ConfUtils.java:logGet(46)) - raft.server.rpc.timeout.max = 5200ms (custom)
2023-06-29 22:14:04,552 [235ec288-f126-4c43-8a80-14f1997ec4a1-groupManagement] INFO  server.RaftServerConfigKeys (ConfUtils.java:logGet(46)) - raft.server.rpc.sleep.time = 25ms (default)
2023-06-29 22:14:04,552 [235ec288-f126-4c43-8a80-14f1997ec4a1-groupManagement] INFO  server.RaftServerConfigKeys (ConfUtils.java:logGet(46)) - raft.server.rpc.slowness.timeout = 300s (custom)
2023-06-29 22:14:04,552 [235ec288-f126-4c43-8a80-14f1997ec4a1-groupManagement] INFO  server.RaftServerConfigKeys (ConfUtils.java:logGet(46)) - raft.server.leaderelection.leader.step-down.wait-time = 10s (default)
2023-06-29 22:14:04,552 [235ec288-f126-4c43-8a80-14f1997ec4a1-groupManagement] INFO  server.RaftServerConfigKeys (ConfUtils.java:logGet(46)) - raft.server.sleep.deviation.threshold = 300ms (default)
2023-06-29 22:14:04,552 [235ec288-f126-4c43-8a80-14f1997ec4a1-groupManagement] INFO  server.RaftServer$Division (ServerState.java:<init>(120)) - 235ec288-f126-4c43-8a80-14f1997ec4a1@group-FFC41FE564C3: ConfigurationManager, init=-1: peers:[d05bfd9b-313a-4e98-aa4a-0bd40171ee67|rpc:10.1.0.248:15084|admin:10.1.0.248:15083|client:10.1.0.248:15082|dataStream:10.1.0.248:15085|priority:1|startupRole:FOLLOWER, be8f56ef-e678-472d-afc0-a2265ae98bd6|rpc:10.1.0.248:15093|admin:10.1.0.248:15092|client:10.1.0.248:15091|dataStream:10.1.0.248:15094|priority:0|startupRole:FOLLOWER, 235ec288-f126-4c43-8a80-14f1997ec4a1|rpc:10.1.0.248:15102|admin:10.1.0.248:15101|client:10.1.0.248:15100|dataStream:10.1.0.248:15103|priority:0|startupRole:FOLLOWER]|listeners:[], old=null, confs=<EMPTY_MAP>
2023-06-29 22:14:04,552 [235ec288-f126-4c43-8a80-14f1997ec4a1-groupManagement] INFO  server.RaftServerConfigKeys (ConfUtils.java:logGet(46)) - raft.server.storage.dir = [/home/runner/work/ozone/ozone/hadoop-ozone/integration-test/target/test-dir/MiniOzoneClusterImpl-306b8aa5-132e-45e2-945e-dc5599b78ca9/datanode-2/data/ratis] (custom)
2023-06-29 22:14:04,552 [235ec288-f126-4c43-8a80-14f1997ec4a1-groupManagement] INFO  server.RaftServerConfigKeys (ConfUtils.java:logGet(46)) - raft.server.log.corruption.policy = EXCEPTION (default)
2023-06-29 22:14:04,552 [235ec288-f126-4c43-8a80-14f1997ec4a1-groupManagement] INFO  server.RaftServerConfigKeys (ConfUtils.java:logGet(46)) - raft.server.storage.free-space.min = 0MB (=0) (default)
2023-06-29 22:14:04,552 [235ec288-f126-4c43-8a80-14f1997ec4a1-groupManagement] INFO  server.RaftServerConfigKeys (ConfUtils.java:logGet(46)) - raft.server.notification.no-leader.timeout = 300s (custom)
2023-06-29 22:14:04,552 [235ec288-f126-4c43-8a80-14f1997ec4a1-groupManagement] INFO  server.RaftServerConfigKeys (ConfUtils.java:logGet(46)) - raft.server.read.timeout = 10s (default)
2023-06-29 22:14:04,552 [235ec288-f126-4c43-8a80-14f1997ec4a1-groupManagement] INFO  server.RaftServerConfigKeys (ConfUtils.java:logGet(46)) - raft.server.retrycache.expirytime = 600000ms (custom)
2023-06-29 22:14:04,552 [235ec288-f126-4c43-8a80-14f1997ec4a1-groupManagement] INFO  server.RaftServerConfigKeys (ConfUtils.java:logGet(46)) - raft.server.retrycache.statistics.expirytime = 100μs (default)
2023-06-29 22:14:04,553 [235ec288-f126-4c43-8a80-14f1997ec4a1-groupManagement] INFO  server.RaftServerConfigKeys (ConfUtils.java:logGet(46)) - raft.server.read.option = DEFAULT (default)
2023-06-29 22:14:04,553 [235ec288-f126-4c43-8a80-14f1997ec4a1-groupManagement] INFO  server.RaftServerConfigKeys (ConfUtils.java:logGet(46)) - raft.server.rpc.request.timeout = 60s (custom)
2023-06-29 22:14:04,553 [235ec288-f126-4c43-8a80-14f1997ec4a1-groupManagement] INFO  server.RaftServerConfigKeys (ConfUtils.java:logGet(46)) - raft.server.log.appender.install.snapshot.enabled = false (custom)
2023-06-29 22:14:04,553 [235ec288-f126-4c43-8a80-14f1997ec4a1-groupManagement] INFO  server.RaftServerConfigKeys (ConfUtils.java:logGet(46)) - raft.server.threadpool.server.cached = true (default)
2023-06-29 22:14:04,553 [235ec288-f126-4c43-8a80-14f1997ec4a1-groupManagement] INFO  server.RaftServerConfigKeys (ConfUtils.java:logGet(46)) - raft.server.threadpool.server.size = 0 (default)
2023-06-29 22:14:04,553 [235ec288-f126-4c43-8a80-14f1997ec4a1-groupManagement] INFO  server.RaftServerConfigKeys (ConfUtils.java:logGet(46)) - raft.server.threadpool.client.cached = true (default)
2023-06-29 22:14:04,553 [235ec288-f126-4c43-8a80-14f1997ec4a1-groupManagement] INFO  server.RaftServerConfigKeys (ConfUtils.java:logGet(46)) - raft.server.threadpool.client.size = 0 (default)
2023-06-29 22:14:04,553 [235ec288-f126-4c43-8a80-14f1997ec4a1-groupManagement] INFO  storage.RaftStorageDirectory (RaftStorageDirectoryImpl.java:analyzeStorage(137)) - The storage directory /home/runner/work/ozone/ozone/hadoop-ozone/integration-test/target/test-dir/MiniOzoneClusterImpl-306b8aa5-132e-45e2-945e-dc5599b78ca9/datanode-2/data/ratis/2c9730ca-b5ff-4963-aa5c-ffc41fe564c3 does not exist. Creating ...
2023-06-29 22:14:04,554 [235ec288-f126-4c43-8a80-14f1997ec4a1-groupManagement] INFO  storage.RaftStorageDirectory (RaftStorageDirectoryImpl.java:tryLock(231)) - Lock on /home/runner/work/ozone/ozone/hadoop-ozone/integration-test/target/test-dir/MiniOzoneClusterImpl-306b8aa5-132e-45e2-945e-dc5599b78ca9/datanode-2/data/ratis/2c9730ca-b5ff-4963-aa5c-ffc41fe564c3/in_use.lock acquired by nodename 7706@fv-az83-404
2023-06-29 22:14:04,555 [235ec288-f126-4c43-8a80-14f1997ec4a1-groupManagement] INFO  storage.RaftStorage (RaftStorageImpl.java:format(96)) - Storage directory /home/runner/work/ozone/ozone/hadoop-ozone/integration-test/target/test-dir/MiniOzoneClusterImpl-306b8aa5-132e-45e2-945e-dc5599b78ca9/datanode-2/data/ratis/2c9730ca-b5ff-4963-aa5c-ffc41fe564c3 has been successfully formatted.
2023-06-29 22:14:04,556 [235ec288-f126-4c43-8a80-14f1997ec4a1-groupManagement] INFO  ratis.ContainerStateMachine (ContainerStateMachine.java:loadSnapshot(262)) - group-FFC41FE564C3: The snapshot info is null. Setting the last applied indexto:(t:0, i:~)
2023-06-29 22:14:04,556 [235ec288-f126-4c43-8a80-14f1997ec4a1-groupManagement] INFO  server.RaftServerConfigKeys (ConfUtils.java:logGet(46)) - raft.server.log.use.memory = false (default)
2023-06-29 22:14:04,556 [235ec288-f126-4c43-8a80-14f1997ec4a1-groupManagement] INFO  server.RaftServerConfigKeys (ConfUtils.java:logGet(46)) - raft.server.log.purge.gap = 1000000 (custom)
2023-06-29 22:14:04,556 [235ec288-f126-4c43-8a80-14f1997ec4a1-groupManagement] INFO  server.RaftServerConfigKeys (ConfUtils.java:logGet(46)) - raft.server.log.appender.buffer.byte-limit = 33554432 (custom)
2023-06-29 22:14:04,556 [235ec288-f126-4c43-8a80-14f1997ec4a1-groupManagement] INFO  server.RaftServerConfigKeys (ConfUtils.java:logGet(46)) - raft.server.log.statemachine.data.read.timeout = 1000ms (default)
2023-06-29 22:14:04,557 [235ec288-f126-4c43-8a80-14f1997ec4a1-groupManagement] INFO  server.RaftServerConfigKeys (ConfUtils.java:logGet(46)) - raft.server.log.purge.preservation.log.num = 0 (default)
2023-06-29 22:14:04,558 [235ec288-f126-4c43-8a80-14f1997ec4a1-groupManagement] INFO  server.RaftServerConfigKeys (ConfUtils.java:logGet(46)) - raft.server.log.segment.size.max = 1048576 (custom)
2023-06-29 22:14:04,558 [235ec288-f126-4c43-8a80-14f1997ec4a1-groupManagement] INFO  server.RaftServerConfigKeys (ConfUtils.java:logGet(46)) - raft.server.log.segment.cache.num.max = 2 (custom)
2023-06-29 22:14:04,558 [235ec288-f126-4c43-8a80-14f1997ec4a1-groupManagement] INFO  server.RaftServerConfigKeys (ConfUtils.java:logGet(46)) - raft.server.log.segment.cache.size.max = 200MB (=209715200) (default)
2023-06-29 22:14:04,558 [235ec288-f126-4c43-8a80-14f1997ec4a1-groupManagement] INFO  server.RaftServerConfigKeys (ConfUtils.java:logGet(46)) - raft.server.log.appender.buffer.byte-limit = 33554432 (custom)
2023-06-29 22:14:04,558 [235ec288-f126-4c43-8a80-14f1997ec4a1-groupManagement] INFO  segmented.SegmentedRaftLogWorker (SegmentedRaftLogWorker.java:<init>(188)) - new 235ec288-f126-4c43-8a80-14f1997ec4a1@group-FFC41FE564C3-SegmentedRaftLogWorker for RaftStorageImpl:Storage Directory /home/runner/work/ozone/ozone/hadoop-ozone/integration-test/target/test-dir/MiniOzoneClusterImpl-306b8aa5-132e-45e2-945e-dc5599b78ca9/datanode-2/data/ratis/2c9730ca-b5ff-4963-aa5c-ffc41fe564c3
2023-06-29 22:14:04,559 [235ec288-f126-4c43-8a80-14f1997ec4a1-groupManagement] INFO  server.RaftServerConfigKeys (ConfUtils.java:logGet(46)) - raft.server.log.queue.byte-limit = 4294967296 (custom)
2023-06-29 22:14:04,559 [235ec288-f126-4c43-8a80-14f1997ec4a1-groupManagement] INFO  server.RaftServerConfigKeys (ConfUtils.java:logGet(46)) - raft.server.log.queue.element-limit = 1024 (custom)
2023-06-29 22:14:04,559 [235ec288-f126-4c43-8a80-14f1997ec4a1-groupManagement] INFO  server.RaftServerConfigKeys (ConfUtils.java:logGet(46)) - raft.server.log.segment.size.max = 1048576 (custom)
2023-06-29 22:14:04,559 [235ec288-f126-4c43-8a80-14f1997ec4a1-groupManagement] INFO  server.RaftServerConfigKeys (ConfUtils.java:logGet(46)) - raft.server.log.preallocated.size = 16384 (custom)
2023-06-29 22:14:04,559 [235ec288-f126-4c43-8a80-14f1997ec4a1-groupManagement] INFO  server.RaftServerConfigKeys (ConfUtils.java:logGet(46)) - raft.server.log.force.sync.num = 128 (default)
2023-06-29 22:14:04,559 [235ec288-f126-4c43-8a80-14f1997ec4a1-groupManagement] INFO  server.RaftServerConfigKeys (ConfUtils.java:logGet(46)) - raft.server.log.statemachine.data.sync = true (default)
2023-06-29 22:14:04,559 [235ec288-f126-4c43-8a80-14f1997ec4a1-groupManagement] INFO  server.RaftServerConfigKeys (ConfUtils.java:logGet(46)) - raft.server.log.statemachine.data.sync.timeout = 10s (default)
2023-06-29 22:14:04,559 [235ec288-f126-4c43-8a80-14f1997ec4a1-groupManagement] INFO  server.RaftServerConfigKeys (ConfUtils.java:logGet(46)) - raft.server.log.statemachine.data.sync.timeout.retry = -1 (default)
2023-06-29 22:14:04,559 [235ec288-f126-4c43-8a80-14f1997ec4a1-groupManagement] INFO  server.RaftServerConfigKeys (ConfUtils.java:logGet(46)) - raft.server.log.write.buffer.size = 1048576 (custom)
2023-06-29 22:14:04,559 [235ec288-f126-4c43-8a80-14f1997ec4a1-groupManagement] INFO  server.RaftServerConfigKeys (ConfUtils.java:logGet(46)) - raft.server.log.appender.buffer.byte-limit = 33554432 (custom)
2023-06-29 22:14:04,562 [235ec288-f126-4c43-8a80-14f1997ec4a1-groupManagement] INFO  server.RaftServerConfigKeys (ConfUtils.java:logGet(46)) - raft.server.log.unsafe-flush.enabled = false (default)
2023-06-29 22:14:04,562 [235ec288-f126-4c43-8a80-14f1997ec4a1-groupManagement] INFO  server.RaftServerConfigKeys (ConfUtils.java:logGet(46)) - raft.server.log.async-flush.enabled = false (default)
2023-06-29 22:14:04,562 [235ec288-f126-4c43-8a80-14f1997ec4a1-groupManagement] INFO  server.RaftServerConfigKeys (ConfUtils.java:logGet(46)) - raft.server.log.statemachine.data.caching.enabled = true (custom)
2023-06-29 22:14:04,563 [235ec288-f126-4c43-8a80-14f1997ec4a1-groupManagement] INFO  segmented.SegmentedRaftLogWorker (SegmentedRaftLogWorker.java:lambda$new$0(135)) - 235ec288-f126-4c43-8a80-14f1997ec4a1@group-FFC41FE564C3-SegmentedRaftLogWorker: flushIndex: setUnconditionally 0 -> -1
2023-06-29 22:14:04,563 [235ec288-f126-4c43-8a80-14f1997ec4a1-groupManagement] INFO  segmented.SegmentedRaftLogWorker (SegmentedRaftLogWorker.java:lambda$new$0(135)) - 235ec288-f126-4c43-8a80-14f1997ec4a1@group-FFC41FE564C3-SegmentedRaftLogWorker: safeCacheEvictIndex: setUnconditionally 0 -> -1
2023-06-29 22:14:04,563 [235ec288-f126-4c43-8a80-14f1997ec4a1-groupManagement] INFO  server.RaftServer$Division (RaftServerImpl.java:start(342)) - 235ec288-f126-4c43-8a80-14f1997ec4a1@group-FFC41FE564C3: start as a follower, conf=-1: peers:[d05bfd9b-313a-4e98-aa4a-0bd40171ee67|rpc:10.1.0.248:15084|admin:10.1.0.248:15083|client:10.1.0.248:15082|dataStream:10.1.0.248:15085|priority:1|startupRole:FOLLOWER, be8f56ef-e678-472d-afc0-a2265ae98bd6|rpc:10.1.0.248:15093|admin:10.1.0.248:15092|client:10.1.0.248:15091|dataStream:10.1.0.248:15094|priority:0|startupRole:FOLLOWER, 235ec288-f126-4c43-8a80-14f1997ec4a1|rpc:10.1.0.248:15102|admin:10.1.0.248:15101|client:10.1.0.248:15100|dataStream:10.1.0.248:15103|priority:0|startupRole:FOLLOWER]|listeners:[], old=null
2023-06-29 22:14:04,563 [235ec288-f126-4c43-8a80-14f1997ec4a1-groupManagement] INFO  server.RaftServer$Division (RaftServerImpl.java:setRole(329)) - 235ec288-f126-4c43-8a80-14f1997ec4a1@group-FFC41FE564C3: changes role from      null to FOLLOWER at term 0 for startAsFollower
2023-06-29 22:14:04,563 [235ec288-f126-4c43-8a80-14f1997ec4a1-groupManagement] INFO  impl.RoleInfo (RoleInfo.java:updateAndGet(139)) - 235ec288-f126-4c43-8a80-14f1997ec4a1: start 235ec288-f126-4c43-8a80-14f1997ec4a1@group-FFC41FE564C3-FollowerState
2023-06-29 22:14:04,563 [235ec288-f126-4c43-8a80-14f1997ec4a1-groupManagement] INFO  util.JmxRegister (JmxRegister.java:tryRegister(44)) - Successfully registered JMX Bean with object name Ratis:service=RaftServer,group=group-FFC41FE564C3,id=235ec288-f126-4c43-8a80-14f1997ec4a1
2023-06-29 22:14:04,563 [235ec288-f126-4c43-8a80-14f1997ec4a1-groupManagement] INFO  server.RaftServerConfigKeys (ConfUtils.java:logGet(46)) - raft.server.snapshot.auto.trigger.enabled = true (custom)
2023-06-29 22:14:04,563 [235ec288-f126-4c43-8a80-14f1997ec4a1-groupManagement] INFO  server.RaftServerConfigKeys (ConfUtils.java:logGet(46)) - raft.server.snapshot.auto.trigger.threshold = 10000 (custom)
2023-06-29 22:14:04,563 [235ec288-f126-4c43-8a80-14f1997ec4a1-groupManagement] INFO  server.RaftServerConfigKeys (ConfUtils.java:logGet(46)) - raft.server.snapshot.retention.file.num = 5 (custom)
2023-06-29 22:14:04,563 [235ec288-f126-4c43-8a80-14f1997ec4a1-groupManagement] INFO  server.RaftServerConfigKeys (ConfUtils.java:logGet(46)) - raft.server.log.purge.upto.snapshot.index = false (default)
2023-06-29 22:14:04,564 [235ec288-f126-4c43-8a80-14f1997ec4a1@group-FFC41FE564C3-FollowerState] INFO  server.RaftServerConfigKeys (ConfUtils.java:logFallback(53)) - raft.server.rpc.first-election.timeout.min = 5s (fallback to raft.server.rpc.timeout.min)
2023-06-29 22:14:04,564 [235ec288-f126-4c43-8a80-14f1997ec4a1@group-FFC41FE564C3-FollowerState] INFO  server.RaftServerConfigKeys (ConfUtils.java:logFallback(53)) - raft.server.rpc.first-election.timeout.max = 5200ms (fallback to raft.server.rpc.timeout.max)
2023-06-29 22:14:04,574 [PipelineCommandHandlerThread-0] INFO  commandhandler.CreatePipelineCommandHandler (CreatePipelineCommandHandler.java:lambda$handle$2(124)) - Created Pipeline RATIS THREE PipelineID=2c9730ca-b5ff-4963-aa5c-ffc41fe564c3.
2023-06-29 22:14:04,574 [PipelineCommandHandlerThread-0] INFO  server.RaftServer (RaftServerProxy.java:addNew(98)) - d05bfd9b-313a-4e98-aa4a-0bd40171ee67: addNew group-697E46F0A3C0:[d05bfd9b-313a-4e98-aa4a-0bd40171ee67|rpc:10.1.0.248:15084|admin:10.1.0.248:15083|client:10.1.0.248:15082|dataStream:10.1.0.248:15085|priority:0|startupRole:FOLLOWER, be8f56ef-e678-472d-afc0-a2265ae98bd6|rpc:10.1.0.248:15093|admin:10.1.0.248:15092|client:10.1.0.248:15091|dataStream:10.1.0.248:15094|priority:1|startupRole:FOLLOWER, 235ec288-f126-4c43-8a80-14f1997ec4a1|rpc:10.1.0.248:15102|admin:10.1.0.248:15101|client:10.1.0.248:15100|dataStream:10.1.0.248:15103|priority:0|startupRole:FOLLOWER] returns group-697E46F0A3C0:java.util.concurrent.CompletableFuture@79e5f0a5[Not completed]
2023-06-29 22:14:04,575 [d05bfd9b-313a-4e98-aa4a-0bd40171ee67-groupManagement] INFO  server.RaftServer$Division (RaftServerImpl.java:<init>(198)) - d05bfd9b-313a-4e98-aa4a-0bd40171ee67: new RaftServerImpl for group-697E46F0A3C0:[d05bfd9b-313a-4e98-aa4a-0bd40171ee67|rpc:10.1.0.248:15084|admin:10.1.0.248:15083|client:10.1.0.248:15082|dataStream:10.1.0.248:15085|priority:0|startupRole:FOLLOWER, be8f56ef-e678-472d-afc0-a2265ae98bd6|rpc:10.1.0.248:15093|admin:10.1.0.248:15092|client:10.1.0.248:15091|dataStream:10.1.0.248:15094|priority:1|startupRole:FOLLOWER, 235ec288-f126-4c43-8a80-14f1997ec4a1|rpc:10.1.0.248:15102|admin:10.1.0.248:15101|client:10.1.0.248:15100|dataStream:10.1.0.248:15103|priority:0|startupRole:FOLLOWER] with ContainerStateMachine:uninitialized
2023-06-29 22:14:04,575 [d05bfd9b-313a-4e98-aa4a-0bd40171ee67-groupManagement] INFO  server.RaftServerConfigKeys (ConfUtils.java:logGet(46)) - raft.server.rpc.timeout.min = 5s (custom)
2023-06-29 22:14:04,575 [d05bfd9b-313a-4e98-aa4a-0bd40171ee67-groupManagement] INFO  server.RaftServerConfigKeys (ConfUtils.java:logGet(46)) - raft.server.rpc.timeout.max = 5200ms (custom)
2023-06-29 22:14:04,575 [d05bfd9b-313a-4e98-aa4a-0bd40171ee67-groupManagement] INFO  server.RaftServerConfigKeys (ConfUtils.java:logGet(46)) - raft.server.rpc.sleep.time = 25ms (default)
2023-06-29 22:14:04,575 [d05bfd9b-313a-4e98-aa4a-0bd40171ee67-groupManagement] INFO  server.RaftServerConfigKeys (ConfUtils.java:logGet(46)) - raft.server.rpc.slowness.timeout = 300s (custom)
2023-06-29 22:14:04,575 [d05bfd9b-313a-4e98-aa4a-0bd40171ee67-groupManagement] INFO  server.RaftServerConfigKeys (ConfUtils.java:logGet(46)) - raft.server.leaderelection.leader.step-down.wait-time = 10s (default)
2023-06-29 22:14:04,575 [d05bfd9b-313a-4e98-aa4a-0bd40171ee67-groupManagement] INFO  server.RaftServerConfigKeys (ConfUtils.java:logGet(46)) - raft.server.sleep.deviation.threshold = 300ms (default)
2023-06-29 22:14:04,575 [d05bfd9b-313a-4e98-aa4a-0bd40171ee67-groupManagement] INFO  server.RaftServer$Division (ServerState.java:<init>(120)) - d05bfd9b-313a-4e98-aa4a-0bd40171ee67@group-697E46F0A3C0: ConfigurationManager, init=-1: peers:[d05bfd9b-313a-4e98-aa4a-0bd40171ee67|rpc:10.1.0.248:15084|admin:10.1.0.248:15083|client:10.1.0.248:15082|dataStream:10.1.0.248:15085|priority:0|startupRole:FOLLOWER, be8f56ef-e678-472d-afc0-a2265ae98bd6|rpc:10.1.0.248:15093|admin:10.1.0.248:15092|client:10.1.0.248:15091|dataStream:10.1.0.248:15094|priority:1|startupRole:FOLLOWER, 235ec288-f126-4c43-8a80-14f1997ec4a1|rpc:10.1.0.248:15102|admin:10.1.0.248:15101|client:10.1.0.248:15100|dataStream:10.1.0.248:15103|priority:0|startupRole:FOLLOWER]|listeners:[], old=null, confs=<EMPTY_MAP>
2023-06-29 22:14:04,575 [d05bfd9b-313a-4e98-aa4a-0bd40171ee67-groupManagement] INFO  server.RaftServerConfigKeys (ConfUtils.java:logGet(46)) - raft.server.storage.dir = [/home/runner/work/ozone/ozone/hadoop-ozone/integration-test/target/test-dir/MiniOzoneClusterImpl-306b8aa5-132e-45e2-945e-dc5599b78ca9/datanode-0/data/ratis] (custom)
2023-06-29 22:14:04,575 [d05bfd9b-313a-4e98-aa4a-0bd40171ee67-groupManagement] INFO  server.RaftServerConfigKeys (ConfUtils.java:logGet(46)) - raft.server.log.corruption.policy = EXCEPTION (default)
2023-06-29 22:14:04,575 [d05bfd9b-313a-4e98-aa4a-0bd40171ee67-groupManagement] INFO  server.RaftServerConfigKeys (ConfUtils.java:logGet(46)) - raft.server.storage.free-space.min = 0MB (=0) (default)
2023-06-29 22:14:04,575 [d05bfd9b-313a-4e98-aa4a-0bd40171ee67-groupManagement] INFO  server.RaftServerConfigKeys (ConfUtils.java:logGet(46)) - raft.server.notification.no-leader.timeout = 300s (custom)
2023-06-29 22:14:04,575 [d05bfd9b-313a-4e98-aa4a-0bd40171ee67-groupManagement] INFO  server.RaftServerConfigKeys (ConfUtils.java:logGet(46)) - raft.server.read.timeout = 10s (default)
2023-06-29 22:14:04,575 [d05bfd9b-313a-4e98-aa4a-0bd40171ee67-groupManagement] INFO  server.RaftServerConfigKeys (ConfUtils.java:logGet(46)) - raft.server.retrycache.expirytime = 600000ms (custom)
2023-06-29 22:14:04,575 [d05bfd9b-313a-4e98-aa4a-0bd40171ee67-groupManagement] INFO  server.RaftServerConfigKeys (ConfUtils.java:logGet(46)) - raft.server.retrycache.statistics.expirytime = 100μs (default)
2023-06-29 22:14:04,576 [d05bfd9b-313a-4e98-aa4a-0bd40171ee67-groupManagement] INFO  server.RaftServerConfigKeys (ConfUtils.java:logGet(46)) - raft.server.read.option = DEFAULT (default)
2023-06-29 22:14:04,576 [d05bfd9b-313a-4e98-aa4a-0bd40171ee67-groupManagement] INFO  server.RaftServerConfigKeys (ConfUtils.java:logGet(46)) - raft.server.rpc.request.timeout = 60s (custom)
2023-06-29 22:14:04,576 [d05bfd9b-313a-4e98-aa4a-0bd40171ee67-groupManagement] INFO  server.RaftServerConfigKeys (ConfUtils.java:logGet(46)) - raft.server.log.appender.install.snapshot.enabled = false (custom)
2023-06-29 22:14:04,576 [d05bfd9b-313a-4e98-aa4a-0bd40171ee67-groupManagement] INFO  server.RaftServerConfigKeys (ConfUtils.java:logGet(46)) - raft.server.threadpool.server.cached = true (default)
2023-06-29 22:14:04,576 [d05bfd9b-313a-4e98-aa4a-0bd40171ee67-groupManagement] INFO  server.RaftServerConfigKeys (ConfUtils.java:logGet(46)) - raft.server.threadpool.server.size = 0 (default)
2023-06-29 22:14:04,576 [d05bfd9b-313a-4e98-aa4a-0bd40171ee67-groupManagement] INFO  server.RaftServerConfigKeys (ConfUtils.java:logGet(46)) - raft.server.threadpool.client.cached = true (default)
2023-06-29 22:14:04,576 [d05bfd9b-313a-4e98-aa4a-0bd40171ee67-groupManagement] INFO  server.RaftServerConfigKeys (ConfUtils.java:logGet(46)) - raft.server.threadpool.client.size = 0 (default)
2023-06-29 22:14:04,576 [d05bfd9b-313a-4e98-aa4a-0bd40171ee67-groupManagement] INFO  storage.RaftStorageDirectory (RaftStorageDirectoryImpl.java:analyzeStorage(137)) - The storage directory /home/runner/work/ozone/ozone/hadoop-ozone/integration-test/target/test-dir/MiniOzoneClusterImpl-306b8aa5-132e-45e2-945e-dc5599b78ca9/datanode-0/data/ratis/f03fe89a-dfb3-4a1e-886e-697e46f0a3c0 does not exist. Creating ...
2023-06-29 22:14:04,577 [d05bfd9b-313a-4e98-aa4a-0bd40171ee67-groupManagement] INFO  storage.RaftStorageDirectory (RaftStorageDirectoryImpl.java:tryLock(231)) - Lock on /home/runner/work/ozone/ozone/hadoop-ozone/integration-test/target/test-dir/MiniOzoneClusterImpl-306b8aa5-132e-45e2-945e-dc5599b78ca9/datanode-0/data/ratis/f03fe89a-dfb3-4a1e-886e-697e46f0a3c0/in_use.lock acquired by nodename 7706@fv-az83-404
2023-06-29 22:14:04,578 [d05bfd9b-313a-4e98-aa4a-0bd40171ee67-groupManagement] INFO  storage.RaftStorage (RaftStorageImpl.java:format(96)) - Storage directory /home/runner/work/ozone/ozone/hadoop-ozone/integration-test/target/test-dir/MiniOzoneClusterImpl-306b8aa5-132e-45e2-945e-dc5599b78ca9/datanode-0/data/ratis/f03fe89a-dfb3-4a1e-886e-697e46f0a3c0 has been successfully formatted.
2023-06-29 22:14:04,578 [d05bfd9b-313a-4e98-aa4a-0bd40171ee67-groupManagement] INFO  ratis.ContainerStateMachine (ContainerStateMachine.java:loadSnapshot(262)) - group-697E46F0A3C0: The snapshot info is null. Setting the last applied indexto:(t:0, i:~)
2023-06-29 22:14:04,578 [d05bfd9b-313a-4e98-aa4a-0bd40171ee67-groupManagement] INFO  server.RaftServerConfigKeys (ConfUtils.java:logGet(46)) - raft.server.log.use.memory = false (default)
2023-06-29 22:14:04,578 [d05bfd9b-313a-4e98-aa4a-0bd40171ee67-groupManagement] INFO  server.RaftServerConfigKeys (ConfUtils.java:logGet(46)) - raft.server.log.purge.gap = 1000000 (custom)
2023-06-29 22:14:04,579 [d05bfd9b-313a-4e98-aa4a-0bd40171ee67-groupManagement] INFO  server.RaftServerConfigKeys (ConfUtils.java:logGet(46)) - raft.server.log.appender.buffer.byte-limit = 33554432 (custom)
2023-06-29 22:14:04,579 [d05bfd9b-313a-4e98-aa4a-0bd40171ee67-groupManagement] INFO  server.RaftServerConfigKeys (ConfUtils.java:logGet(46)) - raft.server.log.statemachine.data.read.timeout = 1000ms (default)
2023-06-29 22:14:04,579 [d05bfd9b-313a-4e98-aa4a-0bd40171ee67-groupManagement] INFO  server.RaftServerConfigKeys (ConfUtils.java:logGet(46)) - raft.server.log.purge.preservation.log.num = 0 (default)
2023-06-29 22:14:04,579 [d05bfd9b-313a-4e98-aa4a-0bd40171ee67-groupManagement] INFO  server.RaftServerConfigKeys (ConfUtils.java:logGet(46)) - raft.server.log.segment.size.max = 1048576 (custom)
2023-06-29 22:14:04,579 [d05bfd9b-313a-4e98-aa4a-0bd40171ee67-groupManagement] INFO  server.RaftServerConfigKeys (ConfUtils.java:logGet(46)) - raft.server.log.segment.cache.num.max = 2 (custom)
2023-06-29 22:14:04,579 [d05bfd9b-313a-4e98-aa4a-0bd40171ee67-groupManagement] INFO  server.RaftServerConfigKeys (ConfUtils.java:logGet(46)) - raft.server.log.segment.cache.size.max = 200MB (=209715200) (default)
2023-06-29 22:14:04,579 [d05bfd9b-313a-4e98-aa4a-0bd40171ee67-groupManagement] INFO  server.RaftServerConfigKeys (ConfUtils.java:logGet(46)) - raft.server.log.appender.buffer.byte-limit = 33554432 (custom)
2023-06-29 22:14:04,579 [d05bfd9b-313a-4e98-aa4a-0bd40171ee67-groupManagement] INFO  segmented.SegmentedRaftLogWorker (SegmentedRaftLogWorker.java:<init>(188)) - new d05bfd9b-313a-4e98-aa4a-0bd40171ee67@group-697E46F0A3C0-SegmentedRaftLogWorker for RaftStorageImpl:Storage Directory /home/runner/work/ozone/ozone/hadoop-ozone/integration-test/target/test-dir/MiniOzoneClusterImpl-306b8aa5-132e-45e2-945e-dc5599b78ca9/datanode-0/data/ratis/f03fe89a-dfb3-4a1e-886e-697e46f0a3c0
2023-06-29 22:14:04,579 [d05bfd9b-313a-4e98-aa4a-0bd40171ee67-groupManagement] INFO  server.RaftServerConfigKeys (ConfUtils.java:logGet(46)) - raft.server.log.queue.byte-limit = 4294967296 (custom)
2023-06-29 22:14:04,579 [d05bfd9b-313a-4e98-aa4a-0bd40171ee67-groupManagement] INFO  server.RaftServerConfigKeys (ConfUtils.java:logGet(46)) - raft.server.log.queue.element-limit = 1024 (custom)
2023-06-29 22:14:04,579 [d05bfd9b-313a-4e98-aa4a-0bd40171ee67-groupManagement] INFO  server.RaftServerConfigKeys (ConfUtils.java:logGet(46)) - raft.server.log.segment.size.max = 1048576 (custom)
2023-06-29 22:14:04,579 [d05bfd9b-313a-4e98-aa4a-0bd40171ee67-groupManagement] INFO  server.RaftServerConfigKeys (ConfUtils.java:logGet(46)) - raft.server.log.preallocated.size = 16384 (custom)
2023-06-29 22:14:04,579 [d05bfd9b-313a-4e98-aa4a-0bd40171ee67-groupManagement] INFO  server.RaftServerConfigKeys (ConfUtils.java:logGet(46)) - raft.server.log.force.sync.num = 128 (default)
2023-06-29 22:14:04,579 [d05bfd9b-313a-4e98-aa4a-0bd40171ee67-groupManagement] INFO  server.RaftServerConfigKeys (ConfUtils.java:logGet(46)) - raft.server.log.statemachine.data.sync = true (default)
2023-06-29 22:14:04,579 [d05bfd9b-313a-4e98-aa4a-0bd40171ee67-groupManagement] INFO  server.RaftServerConfigKeys (ConfUtils.java:logGet(46)) - raft.server.log.statemachine.data.sync.timeout = 10s (default)
2023-06-29 22:14:04,579 [d05bfd9b-313a-4e98-aa4a-0bd40171ee67-groupManagement] INFO  server.RaftServerConfigKeys (ConfUtils.java:logGet(46)) - raft.server.log.statemachine.data.sync.timeout.retry = -1 (default)
2023-06-29 22:14:04,579 [EventQueue-OpenPipelineForHealthyPipelineSafeModeRule] INFO  safemode.SCMSafeModeManager (HealthyPipelineSafeModeRule.java:process(137)) - SCM in safe mode. Healthy pipelines reported count is 0, required healthy pipeline reported count is 1
2023-06-29 22:14:04,580 [d05bfd9b-313a-4e98-aa4a-0bd40171ee67-groupManagement] INFO  server.RaftServerConfigKeys (ConfUtils.java:logGet(46)) - raft.server.log.write.buffer.size = 1048576 (custom)
2023-06-29 22:14:04,580 [d05bfd9b-313a-4e98-aa4a-0bd40171ee67-groupManagement] INFO  server.RaftServerConfigKeys (ConfUtils.java:logGet(46)) - raft.server.log.appender.buffer.byte-limit = 33554432 (custom)
2023-06-29 22:14:04,583 [d05bfd9b-313a-4e98-aa4a-0bd40171ee67-groupManagement] INFO  server.RaftServerConfigKeys (ConfUtils.java:logGet(46)) - raft.server.log.unsafe-flush.enabled = false (default)
2023-06-29 22:14:04,583 [d05bfd9b-313a-4e98-aa4a-0bd40171ee67-groupManagement] INFO  server.RaftServerConfigKeys (ConfUtils.java:logGet(46)) - raft.server.log.async-flush.enabled = false (default)
2023-06-29 22:14:04,583 [d05bfd9b-313a-4e98-aa4a-0bd40171ee67-groupManagement] INFO  server.RaftServerConfigKeys (ConfUtils.java:logGet(46)) - raft.server.log.statemachine.data.caching.enabled = true (custom)
2023-06-29 22:14:04,584 [d05bfd9b-313a-4e98-aa4a-0bd40171ee67-groupManagement] INFO  segmented.SegmentedRaftLogWorker (SegmentedRaftLogWorker.java:lambda$new$0(135)) - d05bfd9b-313a-4e98-aa4a-0bd40171ee67@group-697E46F0A3C0-SegmentedRaftLogWorker: flushIndex: setUnconditionally 0 -> -1
2023-06-29 22:14:04,584 [d05bfd9b-313a-4e98-aa4a-0bd40171ee67-groupManagement] INFO  segmented.SegmentedRaftLogWorker (SegmentedRaftLogWorker.java:lambda$new$0(135)) - d05bfd9b-313a-4e98-aa4a-0bd40171ee67@group-697E46F0A3C0-SegmentedRaftLogWorker: safeCacheEvictIndex: setUnconditionally 0 -> -1
2023-06-29 22:14:04,584 [d05bfd9b-313a-4e98-aa4a-0bd40171ee67-groupManagement] INFO  server.RaftServer$Division (RaftServerImpl.java:start(342)) - d05bfd9b-313a-4e98-aa4a-0bd40171ee67@group-697E46F0A3C0: start as a follower, conf=-1: peers:[d05bfd9b-313a-4e98-aa4a-0bd40171ee67|rpc:10.1.0.248:15084|admin:10.1.0.248:15083|client:10.1.0.248:15082|dataStream:10.1.0.248:15085|priority:0|startupRole:FOLLOWER, be8f56ef-e678-472d-afc0-a2265ae98bd6|rpc:10.1.0.248:15093|admin:10.1.0.248:15092|client:10.1.0.248:15091|dataStream:10.1.0.248:15094|priority:1|startupRole:FOLLOWER, 235ec288-f126-4c43-8a80-14f1997ec4a1|rpc:10.1.0.248:15102|admin:10.1.0.248:15101|client:10.1.0.248:15100|dataStream:10.1.0.248:15103|priority:0|startupRole:FOLLOWER]|listeners:[], old=null
2023-06-29 22:14:04,584 [d05bfd9b-313a-4e98-aa4a-0bd40171ee67-groupManagement] INFO  server.RaftServer$Division (RaftServerImpl.java:setRole(329)) - d05bfd9b-313a-4e98-aa4a-0bd40171ee67@group-697E46F0A3C0: changes role from      null to FOLLOWER at term 0 for startAsFollower
2023-06-29 22:14:04,584 [d05bfd9b-313a-4e98-aa4a-0bd40171ee67-groupManagement] INFO  impl.RoleInfo (RoleInfo.java:updateAndGet(139)) - d05bfd9b-313a-4e98-aa4a-0bd40171ee67: start d05bfd9b-313a-4e98-aa4a-0bd40171ee67@group-697E46F0A3C0-FollowerState
2023-06-29 22:14:04,585 [d05bfd9b-313a-4e98-aa4a-0bd40171ee67-groupManagement] INFO  util.JmxRegister (JmxRegister.java:tryRegister(44)) - Successfully registered JMX Bean with object name Ratis:service=RaftServer,group=group-697E46F0A3C0,id=d05bfd9b-313a-4e98-aa4a-0bd40171ee67
2023-06-29 22:14:04,585 [d05bfd9b-313a-4e98-aa4a-0bd40171ee67-groupManagement] INFO  server.RaftServerConfigKeys (ConfUtils.java:logGet(46)) - raft.server.snapshot.auto.trigger.enabled = true (custom)
2023-06-29 22:14:04,585 [d05bfd9b-313a-4e98-aa4a-0bd40171ee67-groupManagement] INFO  server.RaftServerConfigKeys (ConfUtils.java:logGet(46)) - raft.server.snapshot.auto.trigger.threshold = 10000 (custom)
2023-06-29 22:14:04,585 [d05bfd9b-313a-4e98-aa4a-0bd40171ee67-groupManagement] INFO  server.RaftServerConfigKeys (ConfUtils.java:logGet(46)) - raft.server.snapshot.retention.file.num = 5 (custom)
2023-06-29 22:14:04,585 [d05bfd9b-313a-4e98-aa4a-0bd40171ee67-groupManagement] INFO  server.RaftServerConfigKeys (ConfUtils.java:logGet(46)) - raft.server.log.purge.upto.snapshot.index = false (default)
2023-06-29 22:14:04,585 [d05bfd9b-313a-4e98-aa4a-0bd40171ee67@group-697E46F0A3C0-FollowerState] INFO  server.RaftServerConfigKeys (ConfUtils.java:logFallback(53)) - raft.server.rpc.first-election.timeout.min = 5s (fallback to raft.server.rpc.timeout.min)
2023-06-29 22:14:04,585 [d05bfd9b-313a-4e98-aa4a-0bd40171ee67@group-697E46F0A3C0-FollowerState] INFO  server.RaftServerConfigKeys (ConfUtils.java:logFallback(53)) - raft.server.rpc.first-election.timeout.max = 5200ms (fallback to raft.server.rpc.timeout.max)
2023-06-29 22:14:04,588 [PipelineCommandHandlerThread-0] INFO  ratis.XceiverServerRatis (XceiverServerRatis.java:addGroup(804)) - Created group PipelineID=f03fe89a-dfb3-4a1e-886e-697e46f0a3c0
2023-06-29 22:14:04,600 [grpc-default-executor-0] INFO  server.RaftServer (RaftServerProxy.java:addNew(98)) - 235ec288-f126-4c43-8a80-14f1997ec4a1: addNew group-697E46F0A3C0:[d05bfd9b-313a-4e98-aa4a-0bd40171ee67|rpc:10.1.0.248:15084|admin:10.1.0.248:15083|client:10.1.0.248:15082|dataStream:10.1.0.248:15085|priority:0|startupRole:FOLLOWER, be8f56ef-e678-472d-afc0-a2265ae98bd6|rpc:10.1.0.248:15093|admin:10.1.0.248:15092|client:10.1.0.248:15091|dataStream:10.1.0.248:15094|priority:1|startupRole:FOLLOWER, 235ec288-f126-4c43-8a80-14f1997ec4a1|rpc:10.1.0.248:15102|admin:10.1.0.248:15101|client:10.1.0.248:15100|dataStream:10.1.0.248:15103|priority:0|startupRole:FOLLOWER] returns group-697E46F0A3C0:java.util.concurrent.CompletableFuture@7bc3c135[Not completed]
2023-06-29 22:14:04,601 [235ec288-f126-4c43-8a80-14f1997ec4a1-groupManagement] INFO  server.RaftServer$Division (RaftServerImpl.java:<init>(198)) - 235ec288-f126-4c43-8a80-14f1997ec4a1: new RaftServerImpl for group-697E46F0A3C0:[d05bfd9b-313a-4e98-aa4a-0bd40171ee67|rpc:10.1.0.248:15084|admin:10.1.0.248:15083|client:10.1.0.248:15082|dataStream:10.1.0.248:15085|priority:0|startupRole:FOLLOWER, be8f56ef-e678-472d-afc0-a2265ae98bd6|rpc:10.1.0.248:15093|admin:10.1.0.248:15092|client:10.1.0.248:15091|dataStream:10.1.0.248:15094|priority:1|startupRole:FOLLOWER, 235ec288-f126-4c43-8a80-14f1997ec4a1|rpc:10.1.0.248:15102|admin:10.1.0.248:15101|client:10.1.0.248:15100|dataStream:10.1.0.248:15103|priority:0|startupRole:FOLLOWER] with ContainerStateMachine:uninitialized
2023-06-29 22:14:04,601 [235ec288-f126-4c43-8a80-14f1997ec4a1-groupManagement] INFO  server.RaftServerConfigKeys (ConfUtils.java:logGet(46)) - raft.server.rpc.timeout.min = 5s (custom)
2023-06-29 22:14:04,601 [235ec288-f126-4c43-8a80-14f1997ec4a1-groupManagement] INFO  server.RaftServerConfigKeys (ConfUtils.java:logGet(46)) - raft.server.rpc.timeout.max = 5200ms (custom)
2023-06-29 22:14:04,601 [235ec288-f126-4c43-8a80-14f1997ec4a1-groupManagement] INFO  server.RaftServerConfigKeys (ConfUtils.java:logGet(46)) - raft.server.rpc.sleep.time = 25ms (default)
2023-06-29 22:14:04,601 [235ec288-f126-4c43-8a80-14f1997ec4a1-groupManagement] INFO  server.RaftServerConfigKeys (ConfUtils.java:logGet(46)) - raft.server.rpc.slowness.timeout = 300s (custom)
2023-06-29 22:14:04,601 [235ec288-f126-4c43-8a80-14f1997ec4a1-groupManagement] INFO  server.RaftServerConfigKeys (ConfUtils.java:logGet(46)) - raft.server.leaderelection.leader.step-down.wait-time = 10s (default)
2023-06-29 22:14:04,601 [235ec288-f126-4c43-8a80-14f1997ec4a1-groupManagement] INFO  server.RaftServerConfigKeys (ConfUtils.java:logGet(46)) - raft.server.sleep.deviation.threshold = 300ms (default)
2023-06-29 22:14:04,601 [235ec288-f126-4c43-8a80-14f1997ec4a1-groupManagement] INFO  server.RaftServer$Division (ServerState.java:<init>(120)) - 235ec288-f126-4c43-8a80-14f1997ec4a1@group-697E46F0A3C0: ConfigurationManager, init=-1: peers:[d05bfd9b-313a-4e98-aa4a-0bd40171ee67|rpc:10.1.0.248:15084|admin:10.1.0.248:15083|client:10.1.0.248:15082|dataStream:10.1.0.248:15085|priority:0|startupRole:FOLLOWER, be8f56ef-e678-472d-afc0-a2265ae98bd6|rpc:10.1.0.248:15093|admin:10.1.0.248:15092|client:10.1.0.248:15091|dataStream:10.1.0.248:15094|priority:1|startupRole:FOLLOWER, 235ec288-f126-4c43-8a80-14f1997ec4a1|rpc:10.1.0.248:15102|admin:10.1.0.248:15101|client:10.1.0.248:15100|dataStream:10.1.0.248:15103|priority:0|startupRole:FOLLOWER]|listeners:[], old=null, confs=<EMPTY_MAP>
2023-06-29 22:14:04,601 [235ec288-f126-4c43-8a80-14f1997ec4a1-groupManagement] INFO  server.RaftServerConfigKeys (ConfUtils.java:logGet(46)) - raft.server.storage.dir = [/home/runner/work/ozone/ozone/hadoop-ozone/integration-test/target/test-dir/MiniOzoneClusterImpl-306b8aa5-132e-45e2-945e-dc5599b78ca9/datanode-2/data/ratis] (custom)
2023-06-29 22:14:04,602 [235ec288-f126-4c43-8a80-14f1997ec4a1-groupManagement] INFO  server.RaftServerConfigKeys (ConfUtils.java:logGet(46)) - raft.server.log.corruption.policy = EXCEPTION (default)
2023-06-29 22:14:04,602 [235ec288-f126-4c43-8a80-14f1997ec4a1-groupManagement] INFO  server.RaftServerConfigKeys (ConfUtils.java:logGet(46)) - raft.server.storage.free-space.min = 0MB (=0) (default)
2023-06-29 22:14:04,602 [235ec288-f126-4c43-8a80-14f1997ec4a1-groupManagement] INFO  server.RaftServerConfigKeys (ConfUtils.java:logGet(46)) - raft.server.notification.no-leader.timeout = 300s (custom)
2023-06-29 22:14:04,602 [235ec288-f126-4c43-8a80-14f1997ec4a1-groupManagement] INFO  server.RaftServerConfigKeys (ConfUtils.java:logGet(46)) - raft.server.read.timeout = 10s (default)
2023-06-29 22:14:04,602 [235ec288-f126-4c43-8a80-14f1997ec4a1-groupManagement] INFO  server.RaftServerConfigKeys (ConfUtils.java:logGet(46)) - raft.server.retrycache.expirytime = 600000ms (custom)
2023-06-29 22:14:04,602 [235ec288-f126-4c43-8a80-14f1997ec4a1-groupManagement] INFO  server.RaftServerConfigKeys (ConfUtils.java:logGet(46)) - raft.server.retrycache.statistics.expirytime = 100μs (default)
2023-06-29 22:14:04,602 [235ec288-f126-4c43-8a80-14f1997ec4a1-groupManagement] INFO  server.RaftServerConfigKeys (ConfUtils.java:logGet(46)) - raft.server.read.option = DEFAULT (default)
2023-06-29 22:14:04,602 [235ec288-f126-4c43-8a80-14f1997ec4a1-groupManagement] INFO  server.RaftServerConfigKeys (ConfUtils.java:logGet(46)) - raft.server.rpc.request.timeout = 60s (custom)
2023-06-29 22:14:04,602 [235ec288-f126-4c43-8a80-14f1997ec4a1-groupManagement] INFO  server.RaftServerConfigKeys (ConfUtils.java:logGet(46)) - raft.server.log.appender.install.snapshot.enabled = false (custom)
2023-06-29 22:14:04,602 [235ec288-f126-4c43-8a80-14f1997ec4a1-groupManagement] INFO  server.RaftServerConfigKeys (ConfUtils.java:logGet(46)) - raft.server.threadpool.server.cached = true (default)
2023-06-29 22:14:04,602 [235ec288-f126-4c43-8a80-14f1997ec4a1-groupManagement] INFO  server.RaftServerConfigKeys (ConfUtils.java:logGet(46)) - raft.server.threadpool.server.size = 0 (default)
2023-06-29 22:14:04,602 [235ec288-f126-4c43-8a80-14f1997ec4a1-groupManagement] INFO  server.RaftServerConfigKeys (ConfUtils.java:logGet(46)) - raft.server.threadpool.client.cached = true (default)
2023-06-29 22:14:04,602 [235ec288-f126-4c43-8a80-14f1997ec4a1-groupManagement] INFO  server.RaftServerConfigKeys (ConfUtils.java:logGet(46)) - raft.server.threadpool.client.size = 0 (default)
2023-06-29 22:14:04,603 [235ec288-f126-4c43-8a80-14f1997ec4a1-groupManagement] INFO  storage.RaftStorageDirectory (RaftStorageDirectoryImpl.java:analyzeStorage(137)) - The storage directory /home/runner/work/ozone/ozone/hadoop-ozone/integration-test/target/test-dir/MiniOzoneClusterImpl-306b8aa5-132e-45e2-945e-dc5599b78ca9/datanode-2/data/ratis/f03fe89a-dfb3-4a1e-886e-697e46f0a3c0 does not exist. Creating ...
2023-06-29 22:14:04,605 [235ec288-f126-4c43-8a80-14f1997ec4a1-groupManagement] INFO  storage.RaftStorageDirectory (RaftStorageDirectoryImpl.java:tryLock(231)) - Lock on /home/runner/work/ozone/ozone/hadoop-ozone/integration-test/target/test-dir/MiniOzoneClusterImpl-306b8aa5-132e-45e2-945e-dc5599b78ca9/datanode-2/data/ratis/f03fe89a-dfb3-4a1e-886e-697e46f0a3c0/in_use.lock acquired by nodename 7706@fv-az83-404
2023-06-29 22:14:04,606 [235ec288-f126-4c43-8a80-14f1997ec4a1-groupManagement] INFO  storage.RaftStorage (RaftStorageImpl.java:format(96)) - Storage directory /home/runner/work/ozone/ozone/hadoop-ozone/integration-test/target/test-dir/MiniOzoneClusterImpl-306b8aa5-132e-45e2-945e-dc5599b78ca9/datanode-2/data/ratis/f03fe89a-dfb3-4a1e-886e-697e46f0a3c0 has been successfully formatted.
2023-06-29 22:14:04,606 [235ec288-f126-4c43-8a80-14f1997ec4a1-groupManagement] INFO  ratis.ContainerStateMachine (ContainerStateMachine.java:loadSnapshot(262)) - group-697E46F0A3C0: The snapshot info is null. Setting the last applied indexto:(t:0, i:~)
2023-06-29 22:14:04,606 [235ec288-f126-4c43-8a80-14f1997ec4a1-groupManagement] INFO  server.RaftServerConfigKeys (ConfUtils.java:logGet(46)) - raft.server.log.use.memory = false (default)
2023-06-29 22:14:04,607 [235ec288-f126-4c43-8a80-14f1997ec4a1-groupManagement] INFO  server.RaftServerConfigKeys (ConfUtils.java:logGet(46)) - raft.server.log.purge.gap = 1000000 (custom)
2023-06-29 22:14:04,607 [235ec288-f126-4c43-8a80-14f1997ec4a1-groupManagement] INFO  server.RaftServerConfigKeys (ConfUtils.java:logGet(46)) - raft.server.log.appender.buffer.byte-limit = 33554432 (custom)
2023-06-29 22:14:04,607 [235ec288-f126-4c43-8a80-14f1997ec4a1-groupManagement] INFO  server.RaftServerConfigKeys (ConfUtils.java:logGet(46)) - raft.server.log.statemachine.data.read.timeout = 1000ms (default)
2023-06-29 22:14:04,607 [235ec288-f126-4c43-8a80-14f1997ec4a1-groupManagement] INFO  server.RaftServerConfigKeys (ConfUtils.java:logGet(46)) - raft.server.log.purge.preservation.log.num = 0 (default)
2023-06-29 22:14:04,607 [235ec288-f126-4c43-8a80-14f1997ec4a1-groupManagement] INFO  server.RaftServerConfigKeys (ConfUtils.java:logGet(46)) - raft.server.log.segment.size.max = 1048576 (custom)
2023-06-29 22:14:04,607 [235ec288-f126-4c43-8a80-14f1997ec4a1-groupManagement] INFO  server.RaftServerConfigKeys (ConfUtils.java:logGet(46)) - raft.server.log.segment.cache.num.max = 2 (custom)
2023-06-29 22:14:04,607 [235ec288-f126-4c43-8a80-14f1997ec4a1-groupManagement] INFO  server.RaftServerConfigKeys (ConfUtils.java:logGet(46)) - raft.server.log.segment.cache.size.max = 200MB (=209715200) (default)
2023-06-29 22:14:04,607 [235ec288-f126-4c43-8a80-14f1997ec4a1-groupManagement] INFO  server.RaftServerConfigKeys (ConfUtils.java:logGet(46)) - raft.server.log.appender.buffer.byte-limit = 33554432 (custom)
2023-06-29 22:14:04,607 [235ec288-f126-4c43-8a80-14f1997ec4a1-groupManagement] INFO  segmented.SegmentedRaftLogWorker (SegmentedRaftLogWorker.java:<init>(188)) - new 235ec288-f126-4c43-8a80-14f1997ec4a1@group-697E46F0A3C0-SegmentedRaftLogWorker for RaftStorageImpl:Storage Directory /home/runner/work/ozone/ozone/hadoop-ozone/integration-test/target/test-dir/MiniOzoneClusterImpl-306b8aa5-132e-45e2-945e-dc5599b78ca9/datanode-2/data/ratis/f03fe89a-dfb3-4a1e-886e-697e46f0a3c0
2023-06-29 22:14:04,607 [235ec288-f126-4c43-8a80-14f1997ec4a1-groupManagement] INFO  server.RaftServerConfigKeys (ConfUtils.java:logGet(46)) - raft.server.log.queue.byte-limit = 4294967296 (custom)
2023-06-29 22:14:04,607 [235ec288-f126-4c43-8a80-14f1997ec4a1-groupManagement] INFO  server.RaftServerConfigKeys (ConfUtils.java:logGet(46)) - raft.server.log.queue.element-limit = 1024 (custom)
2023-06-29 22:14:04,607 [235ec288-f126-4c43-8a80-14f1997ec4a1-groupManagement] INFO  server.RaftServerConfigKeys (ConfUtils.java:logGet(46)) - raft.server.log.segment.size.max = 1048576 (custom)
2023-06-29 22:14:04,607 [235ec288-f126-4c43-8a80-14f1997ec4a1-groupManagement] INFO  server.RaftServerConfigKeys (ConfUtils.java:logGet(46)) - raft.server.log.preallocated.size = 16384 (custom)
2023-06-29 22:14:04,608 [235ec288-f126-4c43-8a80-14f1997ec4a1-groupManagement] INFO  server.RaftServerConfigKeys (ConfUtils.java:logGet(46)) - raft.server.log.force.sync.num = 128 (default)
2023-06-29 22:14:04,608 [235ec288-f126-4c43-8a80-14f1997ec4a1-groupManagement] INFO  server.RaftServerConfigKeys (ConfUtils.java:logGet(46)) - raft.server.log.statemachine.data.sync = true (default)
2023-06-29 22:14:04,608 [235ec288-f126-4c43-8a80-14f1997ec4a1-groupManagement] INFO  server.RaftServerConfigKeys (ConfUtils.java:logGet(46)) - raft.server.log.statemachine.data.sync.timeout = 10s (default)
2023-06-29 22:14:04,608 [235ec288-f126-4c43-8a80-14f1997ec4a1-groupManagement] INFO  server.RaftServerConfigKeys (ConfUtils.java:logGet(46)) - raft.server.log.statemachine.data.sync.timeout.retry = -1 (default)
2023-06-29 22:14:04,608 [235ec288-f126-4c43-8a80-14f1997ec4a1-groupManagement] INFO  server.RaftServerConfigKeys (ConfUtils.java:logGet(46)) - raft.server.log.write.buffer.size = 1048576 (custom)
2023-06-29 22:14:04,608 [235ec288-f126-4c43-8a80-14f1997ec4a1-groupManagement] INFO  server.RaftServerConfigKeys (ConfUtils.java:logGet(46)) - raft.server.log.appender.buffer.byte-limit = 33554432 (custom)
2023-06-29 22:14:04,611 [235ec288-f126-4c43-8a80-14f1997ec4a1-groupManagement] INFO  server.RaftServerConfigKeys (ConfUtils.java:logGet(46)) - raft.server.log.unsafe-flush.enabled = false (default)
2023-06-29 22:14:04,611 [235ec288-f126-4c43-8a80-14f1997ec4a1-groupManagement] INFO  server.RaftServerConfigKeys (ConfUtils.java:logGet(46)) - raft.server.log.async-flush.enabled = false (default)
2023-06-29 22:14:04,611 [235ec288-f126-4c43-8a80-14f1997ec4a1-groupManagement] INFO  server.RaftServerConfigKeys (ConfUtils.java:logGet(46)) - raft.server.log.statemachine.data.caching.enabled = true (custom)
2023-06-29 22:14:04,611 [235ec288-f126-4c43-8a80-14f1997ec4a1-groupManagement] INFO  segmented.SegmentedRaftLogWorker (SegmentedRaftLogWorker.java:lambda$new$0(135)) - 235ec288-f126-4c43-8a80-14f1997ec4a1@group-697E46F0A3C0-SegmentedRaftLogWorker: flushIndex: setUnconditionally 0 -> -1
2023-06-29 22:14:04,611 [235ec288-f126-4c43-8a80-14f1997ec4a1-groupManagement] INFO  segmented.SegmentedRaftLogWorker (SegmentedRaftLogWorker.java:lambda$new$0(135)) - 235ec288-f126-4c43-8a80-14f1997ec4a1@group-697E46F0A3C0-SegmentedRaftLogWorker: safeCacheEvictIndex: setUnconditionally 0 -> -1
2023-06-29 22:14:04,612 [235ec288-f126-4c43-8a80-14f1997ec4a1-groupManagement] INFO  server.RaftServer$Division (RaftServerImpl.java:start(342)) - 235ec288-f126-4c43-8a80-14f1997ec4a1@group-697E46F0A3C0: start as a follower, conf=-1: peers:[d05bfd9b-313a-4e98-aa4a-0bd40171ee67|rpc:10.1.0.248:15084|admin:10.1.0.248:15083|client:10.1.0.248:15082|dataStream:10.1.0.248:15085|priority:0|startupRole:FOLLOWER, be8f56ef-e678-472d-afc0-a2265ae98bd6|rpc:10.1.0.248:15093|admin:10.1.0.248:15092|client:10.1.0.248:15091|dataStream:10.1.0.248:15094|priority:1|startupRole:FOLLOWER, 235ec288-f126-4c43-8a80-14f1997ec4a1|rpc:10.1.0.248:15102|admin:10.1.0.248:15101|client:10.1.0.248:15100|dataStream:10.1.0.248:15103|priority:0|startupRole:FOLLOWER]|listeners:[], old=null
2023-06-29 22:14:04,612 [235ec288-f126-4c43-8a80-14f1997ec4a1-groupManagement] INFO  server.RaftServer$Division (RaftServerImpl.java:setRole(329)) - 235ec288-f126-4c43-8a80-14f1997ec4a1@group-697E46F0A3C0: changes role from      null to FOLLOWER at term 0 for startAsFollower
2023-06-29 22:14:04,612 [235ec288-f126-4c43-8a80-14f1997ec4a1-groupManagement] INFO  impl.RoleInfo (RoleInfo.java:updateAndGet(139)) - 235ec288-f126-4c43-8a80-14f1997ec4a1: start 235ec288-f126-4c43-8a80-14f1997ec4a1@group-697E46F0A3C0-FollowerState
2023-06-29 22:14:04,613 [235ec288-f126-4c43-8a80-14f1997ec4a1-groupManagement] INFO  util.JmxRegister (JmxRegister.java:tryRegister(44)) - Successfully registered JMX Bean with object name Ratis:service=RaftServer,group=group-697E46F0A3C0,id=235ec288-f126-4c43-8a80-14f1997ec4a1
2023-06-29 22:14:04,613 [235ec288-f126-4c43-8a80-14f1997ec4a1-groupManagement] INFO  server.RaftServerConfigKeys (ConfUtils.java:logGet(46)) - raft.server.snapshot.auto.trigger.enabled = true (custom)
2023-06-29 22:14:04,613 [235ec288-f126-4c43-8a80-14f1997ec4a1-groupManagement] INFO  server.RaftServerConfigKeys (ConfUtils.java:logGet(46)) - raft.server.snapshot.auto.trigger.threshold = 10000 (custom)
2023-06-29 22:14:04,613 [235ec288-f126-4c43-8a80-14f1997ec4a1-groupManagement] INFO  server.RaftServerConfigKeys (ConfUtils.java:logGet(46)) - raft.server.snapshot.retention.file.num = 5 (custom)
2023-06-29 22:14:04,613 [235ec288-f126-4c43-8a80-14f1997ec4a1-groupManagement] INFO  server.RaftServerConfigKeys (ConfUtils.java:logGet(46)) - raft.server.log.purge.upto.snapshot.index = false (default)
2023-06-29 22:14:04,613 [235ec288-f126-4c43-8a80-14f1997ec4a1@group-697E46F0A3C0-FollowerState] INFO  server.RaftServerConfigKeys (ConfUtils.java:logFallback(53)) - raft.server.rpc.first-election.timeout.min = 5s (fallback to raft.server.rpc.timeout.min)
2023-06-29 22:14:04,613 [235ec288-f126-4c43-8a80-14f1997ec4a1@group-697E46F0A3C0-FollowerState] INFO  server.RaftServerConfigKeys (ConfUtils.java:logFallback(53)) - raft.server.rpc.first-election.timeout.max = 5200ms (fallback to raft.server.rpc.timeout.max)
2023-06-29 22:14:04,634 [grpc-default-executor-0] INFO  server.RaftServer (RaftServerProxy.java:addNew(98)) - be8f56ef-e678-472d-afc0-a2265ae98bd6: addNew group-697E46F0A3C0:[d05bfd9b-313a-4e98-aa4a-0bd40171ee67|rpc:10.1.0.248:15084|admin:10.1.0.248:15083|client:10.1.0.248:15082|dataStream:10.1.0.248:15085|priority:0|startupRole:FOLLOWER, be8f56ef-e678-472d-afc0-a2265ae98bd6|rpc:10.1.0.248:15093|admin:10.1.0.248:15092|client:10.1.0.248:15091|dataStream:10.1.0.248:15094|priority:1|startupRole:FOLLOWER, 235ec288-f126-4c43-8a80-14f1997ec4a1|rpc:10.1.0.248:15102|admin:10.1.0.248:15101|client:10.1.0.248:15100|dataStream:10.1.0.248:15103|priority:0|startupRole:FOLLOWER] returns group-697E46F0A3C0:java.util.concurrent.CompletableFuture@56b26244[Not completed]
2023-06-29 22:14:04,635 [be8f56ef-e678-472d-afc0-a2265ae98bd6-groupManagement] INFO  server.RaftServer$Division (RaftServerImpl.java:<init>(198)) - be8f56ef-e678-472d-afc0-a2265ae98bd6: new RaftServerImpl for group-697E46F0A3C0:[d05bfd9b-313a-4e98-aa4a-0bd40171ee67|rpc:10.1.0.248:15084|admin:10.1.0.248:15083|client:10.1.0.248:15082|dataStream:10.1.0.248:15085|priority:0|startupRole:FOLLOWER, be8f56ef-e678-472d-afc0-a2265ae98bd6|rpc:10.1.0.248:15093|admin:10.1.0.248:15092|client:10.1.0.248:15091|dataStream:10.1.0.248:15094|priority:1|startupRole:FOLLOWER, 235ec288-f126-4c43-8a80-14f1997ec4a1|rpc:10.1.0.248:15102|admin:10.1.0.248:15101|client:10.1.0.248:15100|dataStream:10.1.0.248:15103|priority:0|startupRole:FOLLOWER] with ContainerStateMachine:uninitialized
2023-06-29 22:14:04,635 [be8f56ef-e678-472d-afc0-a2265ae98bd6-groupManagement] INFO  server.RaftServerConfigKeys (ConfUtils.java:logGet(46)) - raft.server.rpc.timeout.min = 5s (custom)
2023-06-29 22:14:04,635 [be8f56ef-e678-472d-afc0-a2265ae98bd6-groupManagement] INFO  server.RaftServerConfigKeys (ConfUtils.java:logGet(46)) - raft.server.rpc.timeout.max = 5200ms (custom)
2023-06-29 22:14:04,635 [be8f56ef-e678-472d-afc0-a2265ae98bd6-groupManagement] INFO  server.RaftServerConfigKeys (ConfUtils.java:logGet(46)) - raft.server.rpc.sleep.time = 25ms (default)
2023-06-29 22:14:04,635 [be8f56ef-e678-472d-afc0-a2265ae98bd6-groupManagement] INFO  server.RaftServerConfigKeys (ConfUtils.java:logGet(46)) - raft.server.rpc.slowness.timeout = 300s (custom)
2023-06-29 22:14:04,635 [be8f56ef-e678-472d-afc0-a2265ae98bd6-groupManagement] INFO  server.RaftServerConfigKeys (ConfUtils.java:logGet(46)) - raft.server.leaderelection.leader.step-down.wait-time = 10s (default)
2023-06-29 22:14:04,635 [be8f56ef-e678-472d-afc0-a2265ae98bd6-groupManagement] INFO  server.RaftServerConfigKeys (ConfUtils.java:logGet(46)) - raft.server.sleep.deviation.threshold = 300ms (default)
2023-06-29 22:14:04,636 [be8f56ef-e678-472d-afc0-a2265ae98bd6-groupManagement] INFO  server.RaftServer$Division (ServerState.java:<init>(120)) - be8f56ef-e678-472d-afc0-a2265ae98bd6@group-697E46F0A3C0: ConfigurationManager, init=-1: peers:[d05bfd9b-313a-4e98-aa4a-0bd40171ee67|rpc:10.1.0.248:15084|admin:10.1.0.248:15083|client:10.1.0.248:15082|dataStream:10.1.0.248:15085|priority:0|startupRole:FOLLOWER, be8f56ef-e678-472d-afc0-a2265ae98bd6|rpc:10.1.0.248:15093|admin:10.1.0.248:15092|client:10.1.0.248:15091|dataStream:10.1.0.248:15094|priority:1|startupRole:FOLLOWER, 235ec288-f126-4c43-8a80-14f1997ec4a1|rpc:10.1.0.248:15102|admin:10.1.0.248:15101|client:10.1.0.248:15100|dataStream:10.1.0.248:15103|priority:0|startupRole:FOLLOWER]|listeners:[], old=null, confs=<EMPTY_MAP>
2023-06-29 22:14:04,636 [be8f56ef-e678-472d-afc0-a2265ae98bd6-groupManagement] INFO  server.RaftServerConfigKeys (ConfUtils.java:logGet(46)) - raft.server.storage.dir = [/home/runner/work/ozone/ozone/hadoop-ozone/integration-test/target/test-dir/MiniOzoneClusterImpl-306b8aa5-132e-45e2-945e-dc5599b78ca9/datanode-1/data/ratis] (custom)
2023-06-29 22:14:04,636 [be8f56ef-e678-472d-afc0-a2265ae98bd6-groupManagement] INFO  server.RaftServerConfigKeys (ConfUtils.java:logGet(46)) - raft.server.log.corruption.policy = EXCEPTION (default)
2023-06-29 22:14:04,636 [be8f56ef-e678-472d-afc0-a2265ae98bd6-groupManagement] INFO  server.RaftServerConfigKeys (ConfUtils.java:logGet(46)) - raft.server.storage.free-space.min = 0MB (=0) (default)
2023-06-29 22:14:04,636 [be8f56ef-e678-472d-afc0-a2265ae98bd6-groupManagement] INFO  server.RaftServerConfigKeys (ConfUtils.java:logGet(46)) - raft.server.notification.no-leader.timeout = 300s (custom)
2023-06-29 22:14:04,636 [be8f56ef-e678-472d-afc0-a2265ae98bd6-groupManagement] INFO  server.RaftServerConfigKeys (ConfUtils.java:logGet(46)) - raft.server.read.timeout = 10s (default)
2023-06-29 22:14:04,636 [be8f56ef-e678-472d-afc0-a2265ae98bd6-groupManagement] INFO  server.RaftServerConfigKeys (ConfUtils.java:logGet(46)) - raft.server.retrycache.expirytime = 600000ms (custom)
2023-06-29 22:14:04,636 [be8f56ef-e678-472d-afc0-a2265ae98bd6-groupManagement] INFO  server.RaftServerConfigKeys (ConfUtils.java:logGet(46)) - raft.server.retrycache.statistics.expirytime = 100μs (default)
2023-06-29 22:14:04,636 [be8f56ef-e678-472d-afc0-a2265ae98bd6-groupManagement] INFO  server.RaftServerConfigKeys (ConfUtils.java:logGet(46)) - raft.server.read.option = DEFAULT (default)
2023-06-29 22:14:04,636 [be8f56ef-e678-472d-afc0-a2265ae98bd6-groupManagement] INFO  server.RaftServerConfigKeys (ConfUtils.java:logGet(46)) - raft.server.rpc.request.timeout = 60s (custom)
2023-06-29 22:14:04,636 [be8f56ef-e678-472d-afc0-a2265ae98bd6-groupManagement] INFO  server.RaftServerConfigKeys (ConfUtils.java:logGet(46)) - raft.server.log.appender.install.snapshot.enabled = false (custom)
2023-06-29 22:14:04,636 [be8f56ef-e678-472d-afc0-a2265ae98bd6-groupManagement] INFO  server.RaftServerConfigKeys (ConfUtils.java:logGet(46)) - raft.server.threadpool.server.cached = true (default)
2023-06-29 22:14:04,637 [be8f56ef-e678-472d-afc0-a2265ae98bd6-groupManagement] INFO  server.RaftServerConfigKeys (ConfUtils.java:logGet(46)) - raft.server.threadpool.server.size = 0 (default)
2023-06-29 22:14:04,637 [be8f56ef-e678-472d-afc0-a2265ae98bd6-groupManagement] INFO  server.RaftServerConfigKeys (ConfUtils.java:logGet(46)) - raft.server.threadpool.client.cached = true (default)
2023-06-29 22:14:04,637 [be8f56ef-e678-472d-afc0-a2265ae98bd6-groupManagement] INFO  server.RaftServerConfigKeys (ConfUtils.java:logGet(46)) - raft.server.threadpool.client.size = 0 (default)
2023-06-29 22:14:04,637 [be8f56ef-e678-472d-afc0-a2265ae98bd6-groupManagement] INFO  storage.RaftStorageDirectory (RaftStorageDirectoryImpl.java:analyzeStorage(137)) - The storage directory /home/runner/work/ozone/ozone/hadoop-ozone/integration-test/target/test-dir/MiniOzoneClusterImpl-306b8aa5-132e-45e2-945e-dc5599b78ca9/datanode-1/data/ratis/f03fe89a-dfb3-4a1e-886e-697e46f0a3c0 does not exist. Creating ...
2023-06-29 22:14:04,638 [be8f56ef-e678-472d-afc0-a2265ae98bd6-groupManagement] INFO  storage.RaftStorageDirectory (RaftStorageDirectoryImpl.java:tryLock(231)) - Lock on /home/runner/work/ozone/ozone/hadoop-ozone/integration-test/target/test-dir/MiniOzoneClusterImpl-306b8aa5-132e-45e2-945e-dc5599b78ca9/datanode-1/data/ratis/f03fe89a-dfb3-4a1e-886e-697e46f0a3c0/in_use.lock acquired by nodename 7706@fv-az83-404
2023-06-29 22:14:04,639 [be8f56ef-e678-472d-afc0-a2265ae98bd6-groupManagement] INFO  storage.RaftStorage (RaftStorageImpl.java:format(96)) - Storage directory /home/runner/work/ozone/ozone/hadoop-ozone/integration-test/target/test-dir/MiniOzoneClusterImpl-306b8aa5-132e-45e2-945e-dc5599b78ca9/datanode-1/data/ratis/f03fe89a-dfb3-4a1e-886e-697e46f0a3c0 has been successfully formatted.
2023-06-29 22:14:04,639 [be8f56ef-e678-472d-afc0-a2265ae98bd6-groupManagement] INFO  ratis.ContainerStateMachine (ContainerStateMachine.java:loadSnapshot(262)) - group-697E46F0A3C0: The snapshot info is null. Setting the last applied indexto:(t:0, i:~)
2023-06-29 22:14:04,639 [be8f56ef-e678-472d-afc0-a2265ae98bd6-groupManagement] INFO  server.RaftServerConfigKeys (ConfUtils.java:logGet(46)) - raft.server.log.use.memory = false (default)
2023-06-29 22:14:04,639 [be8f56ef-e678-472d-afc0-a2265ae98bd6-groupManagement] INFO  server.RaftServerConfigKeys (ConfUtils.java:logGet(46)) - raft.server.log.purge.gap = 1000000 (custom)
2023-06-29 22:14:04,639 [be8f56ef-e678-472d-afc0-a2265ae98bd6-groupManagement] INFO  server.RaftServerConfigKeys (ConfUtils.java:logGet(46)) - raft.server.log.appender.buffer.byte-limit = 33554432 (custom)
2023-06-29 22:14:04,639 [be8f56ef-e678-472d-afc0-a2265ae98bd6-groupManagement] INFO  server.RaftServerConfigKeys (ConfUtils.java:logGet(46)) - raft.server.log.statemachine.data.read.timeout = 1000ms (default)
2023-06-29 22:14:04,639 [be8f56ef-e678-472d-afc0-a2265ae98bd6-groupManagement] INFO  server.RaftServerConfigKeys (ConfUtils.java:logGet(46)) - raft.server.log.purge.preservation.log.num = 0 (default)
2023-06-29 22:14:04,639 [be8f56ef-e678-472d-afc0-a2265ae98bd6-groupManagement] INFO  server.RaftServerConfigKeys (ConfUtils.java:logGet(46)) - raft.server.log.segment.size.max = 1048576 (custom)
2023-06-29 22:14:04,640 [be8f56ef-e678-472d-afc0-a2265ae98bd6-groupManagement] INFO  server.RaftServerConfigKeys (ConfUtils.java:logGet(46)) - raft.server.log.segment.cache.num.max = 2 (custom)
2023-06-29 22:14:04,640 [be8f56ef-e678-472d-afc0-a2265ae98bd6-groupManagement] INFO  server.RaftServerConfigKeys (ConfUtils.java:logGet(46)) - raft.server.log.segment.cache.size.max = 200MB (=209715200) (default)
2023-06-29 22:14:04,640 [be8f56ef-e678-472d-afc0-a2265ae98bd6-groupManagement] INFO  server.RaftServerConfigKeys (ConfUtils.java:logGet(46)) - raft.server.log.appender.buffer.byte-limit = 33554432 (custom)
2023-06-29 22:14:04,640 [be8f56ef-e678-472d-afc0-a2265ae98bd6-groupManagement] INFO  segmented.SegmentedRaftLogWorker (SegmentedRaftLogWorker.java:<init>(188)) - new be8f56ef-e678-472d-afc0-a2265ae98bd6@group-697E46F0A3C0-SegmentedRaftLogWorker for RaftStorageImpl:Storage Directory /home/runner/work/ozone/ozone/hadoop-ozone/integration-test/target/test-dir/MiniOzoneClusterImpl-306b8aa5-132e-45e2-945e-dc5599b78ca9/datanode-1/data/ratis/f03fe89a-dfb3-4a1e-886e-697e46f0a3c0
2023-06-29 22:14:04,640 [be8f56ef-e678-472d-afc0-a2265ae98bd6-groupManagement] INFO  server.RaftServerConfigKeys (ConfUtils.java:logGet(46)) - raft.server.log.queue.byte-limit = 4294967296 (custom)
2023-06-29 22:14:04,640 [be8f56ef-e678-472d-afc0-a2265ae98bd6-groupManagement] INFO  server.RaftServerConfigKeys (ConfUtils.java:logGet(46)) - raft.server.log.queue.element-limit = 1024 (custom)
2023-06-29 22:14:04,640 [be8f56ef-e678-472d-afc0-a2265ae98bd6-groupManagement] INFO  server.RaftServerConfigKeys (ConfUtils.java:logGet(46)) - raft.server.log.segment.size.max = 1048576 (custom)
2023-06-29 22:14:04,640 [be8f56ef-e678-472d-afc0-a2265ae98bd6-groupManagement] INFO  server.RaftServerConfigKeys (ConfUtils.java:logGet(46)) - raft.server.log.preallocated.size = 16384 (custom)
2023-06-29 22:14:04,640 [be8f56ef-e678-472d-afc0-a2265ae98bd6-groupManagement] INFO  server.RaftServerConfigKeys (ConfUtils.java:logGet(46)) - raft.server.log.force.sync.num = 128 (default)
2023-06-29 22:14:04,640 [be8f56ef-e678-472d-afc0-a2265ae98bd6-groupManagement] INFO  server.RaftServerConfigKeys (ConfUtils.java:logGet(46)) - raft.server.log.statemachine.data.sync = true (default)
2023-06-29 22:14:04,641 [be8f56ef-e678-472d-afc0-a2265ae98bd6-groupManagement] INFO  server.RaftServerConfigKeys (ConfUtils.java:logGet(46)) - raft.server.log.statemachine.data.sync.timeout = 10s (default)
2023-06-29 22:14:04,641 [be8f56ef-e678-472d-afc0-a2265ae98bd6-groupManagement] INFO  server.RaftServerConfigKeys (ConfUtils.java:logGet(46)) - raft.server.log.statemachine.data.sync.timeout.retry = -1 (default)
2023-06-29 22:14:04,641 [be8f56ef-e678-472d-afc0-a2265ae98bd6-groupManagement] INFO  server.RaftServerConfigKeys (ConfUtils.java:logGet(46)) - raft.server.log.write.buffer.size = 1048576 (custom)
2023-06-29 22:14:04,641 [be8f56ef-e678-472d-afc0-a2265ae98bd6-groupManagement] INFO  server.RaftServerConfigKeys (ConfUtils.java:logGet(46)) - raft.server.log.appender.buffer.byte-limit = 33554432 (custom)
2023-06-29 22:14:04,644 [be8f56ef-e678-472d-afc0-a2265ae98bd6-groupManagement] INFO  server.RaftServerConfigKeys (ConfUtils.java:logGet(46)) - raft.server.log.unsafe-flush.enabled = false (default)
2023-06-29 22:14:04,644 [be8f56ef-e678-472d-afc0-a2265ae98bd6-groupManagement] INFO  server.RaftServerConfigKeys (ConfUtils.java:logGet(46)) - raft.server.log.async-flush.enabled = false (default)
2023-06-29 22:14:04,644 [be8f56ef-e678-472d-afc0-a2265ae98bd6-groupManagement] INFO  server.RaftServerConfigKeys (ConfUtils.java:logGet(46)) - raft.server.log.statemachine.data.caching.enabled = true (custom)
2023-06-29 22:14:04,644 [be8f56ef-e678-472d-afc0-a2265ae98bd6-groupManagement] INFO  segmented.SegmentedRaftLogWorker (SegmentedRaftLogWorker.java:lambda$new$0(135)) - be8f56ef-e678-472d-afc0-a2265ae98bd6@group-697E46F0A3C0-SegmentedRaftLogWorker: flushIndex: setUnconditionally 0 -> -1
2023-06-29 22:14:04,644 [be8f56ef-e678-472d-afc0-a2265ae98bd6-groupManagement] INFO  segmented.SegmentedRaftLogWorker (SegmentedRaftLogWorker.java:lambda$new$0(135)) - be8f56ef-e678-472d-afc0-a2265ae98bd6@group-697E46F0A3C0-SegmentedRaftLogWorker: safeCacheEvictIndex: setUnconditionally 0 -> -1
2023-06-29 22:14:04,645 [be8f56ef-e678-472d-afc0-a2265ae98bd6-groupManagement] INFO  server.RaftServer$Division (RaftServerImpl.java:start(342)) - be8f56ef-e678-472d-afc0-a2265ae98bd6@group-697E46F0A3C0: start as a follower, conf=-1: peers:[d05bfd9b-313a-4e98-aa4a-0bd40171ee67|rpc:10.1.0.248:15084|admin:10.1.0.248:15083|client:10.1.0.248:15082|dataStream:10.1.0.248:15085|priority:0|startupRole:FOLLOWER, be8f56ef-e678-472d-afc0-a2265ae98bd6|rpc:10.1.0.248:15093|admin:10.1.0.248:15092|client:10.1.0.248:15091|dataStream:10.1.0.248:15094|priority:1|startupRole:FOLLOWER, 235ec288-f126-4c43-8a80-14f1997ec4a1|rpc:10.1.0.248:15102|admin:10.1.0.248:15101|client:10.1.0.248:15100|dataStream:10.1.0.248:15103|priority:0|startupRole:FOLLOWER]|listeners:[], old=null
2023-06-29 22:14:04,645 [be8f56ef-e678-472d-afc0-a2265ae98bd6-groupManagement] INFO  server.RaftServer$Division (RaftServerImpl.java:setRole(329)) - be8f56ef-e678-472d-afc0-a2265ae98bd6@group-697E46F0A3C0: changes role from      null to FOLLOWER at term 0 for startAsFollower
2023-06-29 22:14:04,645 [be8f56ef-e678-472d-afc0-a2265ae98bd6-groupManagement] INFO  impl.RoleInfo (RoleInfo.java:updateAndGet(139)) - be8f56ef-e678-472d-afc0-a2265ae98bd6: start be8f56ef-e678-472d-afc0-a2265ae98bd6@group-697E46F0A3C0-FollowerState
2023-06-29 22:14:04,645 [be8f56ef-e678-472d-afc0-a2265ae98bd6-groupManagement] INFO  util.JmxRegister (JmxRegister.java:tryRegister(44)) - Successfully registered JMX Bean with object name Ratis:service=RaftServer,group=group-697E46F0A3C0,id=be8f56ef-e678-472d-afc0-a2265ae98bd6
2023-06-29 22:14:04,645 [be8f56ef-e678-472d-afc0-a2265ae98bd6-groupManagement] INFO  server.RaftServerConfigKeys (ConfUtils.java:logGet(46)) - raft.server.snapshot.auto.trigger.enabled = true (custom)
2023-06-29 22:14:04,645 [be8f56ef-e678-472d-afc0-a2265ae98bd6-groupManagement] INFO  server.RaftServerConfigKeys (ConfUtils.java:logGet(46)) - raft.server.snapshot.auto.trigger.threshold = 10000 (custom)
2023-06-29 22:14:04,645 [be8f56ef-e678-472d-afc0-a2265ae98bd6-groupManagement] INFO  server.RaftServerConfigKeys (ConfUtils.java:logGet(46)) - raft.server.snapshot.retention.file.num = 5 (custom)
2023-06-29 22:14:04,645 [be8f56ef-e678-472d-afc0-a2265ae98bd6-groupManagement] INFO  server.RaftServerConfigKeys (ConfUtils.java:logGet(46)) - raft.server.log.purge.upto.snapshot.index = false (default)
2023-06-29 22:14:04,645 [be8f56ef-e678-472d-afc0-a2265ae98bd6@group-697E46F0A3C0-FollowerState] INFO  server.RaftServerConfigKeys (ConfUtils.java:logFallback(53)) - raft.server.rpc.first-election.timeout.min = 5s (fallback to raft.server.rpc.timeout.min)
2023-06-29 22:14:04,646 [be8f56ef-e678-472d-afc0-a2265ae98bd6@group-697E46F0A3C0-FollowerState] INFO  server.RaftServerConfigKeys (ConfUtils.java:logFallback(53)) - raft.server.rpc.first-election.timeout.max = 5200ms (fallback to raft.server.rpc.timeout.max)
2023-06-29 22:14:04,654 [PipelineCommandHandlerThread-0] INFO  commandhandler.CreatePipelineCommandHandler (CreatePipelineCommandHandler.java:lambda$handle$2(124)) - Created Pipeline RATIS THREE PipelineID=f03fe89a-dfb3-4a1e-886e-697e46f0a3c0.
2023-06-29 22:14:04,735 [PipelineCommandHandlerThread-0] INFO  server.RaftServer (RaftServerProxy.java:addNew(98)) - be8f56ef-e678-472d-afc0-a2265ae98bd6: addNew group-A529D35D87D8:[be8f56ef-e678-472d-afc0-a2265ae98bd6|rpc:10.1.0.248:15093|admin:10.1.0.248:15092|client:10.1.0.248:15091|dataStream:10.1.0.248:15094|priority:1|startupRole:FOLLOWER] returns group-A529D35D87D8:java.util.concurrent.CompletableFuture@558c4dd5[Not completed]
2023-06-29 22:14:04,735 [be8f56ef-e678-472d-afc0-a2265ae98bd6-groupManagement] INFO  server.RaftServer$Division (RaftServerImpl.java:<init>(198)) - be8f56ef-e678-472d-afc0-a2265ae98bd6: new RaftServerImpl for group-A529D35D87D8:[be8f56ef-e678-472d-afc0-a2265ae98bd6|rpc:10.1.0.248:15093|admin:10.1.0.248:15092|client:10.1.0.248:15091|dataStream:10.1.0.248:15094|priority:1|startupRole:FOLLOWER] with ContainerStateMachine:uninitialized
2023-06-29 22:14:04,735 [be8f56ef-e678-472d-afc0-a2265ae98bd6-groupManagement] INFO  server.RaftServerConfigKeys (ConfUtils.java:logGet(46)) - raft.server.rpc.timeout.min = 5s (custom)
2023-06-29 22:14:04,735 [be8f56ef-e678-472d-afc0-a2265ae98bd6-groupManagement] INFO  server.RaftServerConfigKeys (ConfUtils.java:logGet(46)) - raft.server.rpc.timeout.max = 5200ms (custom)
2023-06-29 22:14:04,735 [be8f56ef-e678-472d-afc0-a2265ae98bd6-groupManagement] INFO  server.RaftServerConfigKeys (ConfUtils.java:logGet(46)) - raft.server.rpc.sleep.time = 25ms (default)
2023-06-29 22:14:04,735 [be8f56ef-e678-472d-afc0-a2265ae98bd6-groupManagement] INFO  server.RaftServerConfigKeys (ConfUtils.java:logGet(46)) - raft.server.rpc.slowness.timeout = 300s (custom)
2023-06-29 22:14:04,735 [be8f56ef-e678-472d-afc0-a2265ae98bd6-groupManagement] INFO  server.RaftServerConfigKeys (ConfUtils.java:logGet(46)) - raft.server.leaderelection.leader.step-down.wait-time = 10s (default)
2023-06-29 22:14:04,735 [be8f56ef-e678-472d-afc0-a2265ae98bd6-groupManagement] INFO  server.RaftServerConfigKeys (ConfUtils.java:logGet(46)) - raft.server.sleep.deviation.threshold = 300ms (default)
2023-06-29 22:14:04,736 [be8f56ef-e678-472d-afc0-a2265ae98bd6-groupManagement] INFO  server.RaftServer$Division (ServerState.java:<init>(120)) - be8f56ef-e678-472d-afc0-a2265ae98bd6@group-A529D35D87D8: ConfigurationManager, init=-1: peers:[be8f56ef-e678-472d-afc0-a2265ae98bd6|rpc:10.1.0.248:15093|admin:10.1.0.248:15092|client:10.1.0.248:15091|dataStream:10.1.0.248:15094|priority:1|startupRole:FOLLOWER]|listeners:[], old=null, confs=<EMPTY_MAP>
2023-06-29 22:14:04,736 [be8f56ef-e678-472d-afc0-a2265ae98bd6-groupManagement] INFO  server.RaftServerConfigKeys (ConfUtils.java:logGet(46)) - raft.server.storage.dir = [/home/runner/work/ozone/ozone/hadoop-ozone/integration-test/target/test-dir/MiniOzoneClusterImpl-306b8aa5-132e-45e2-945e-dc5599b78ca9/datanode-1/data/ratis] (custom)
2023-06-29 22:14:04,736 [be8f56ef-e678-472d-afc0-a2265ae98bd6-groupManagement] INFO  server.RaftServerConfigKeys (ConfUtils.java:logGet(46)) - raft.server.log.corruption.policy = EXCEPTION (default)
2023-06-29 22:14:04,736 [be8f56ef-e678-472d-afc0-a2265ae98bd6-groupManagement] INFO  server.RaftServerConfigKeys (ConfUtils.java:logGet(46)) - raft.server.storage.free-space.min = 0MB (=0) (default)
2023-06-29 22:14:04,736 [be8f56ef-e678-472d-afc0-a2265ae98bd6-groupManagement] INFO  server.RaftServerConfigKeys (ConfUtils.java:logGet(46)) - raft.server.notification.no-leader.timeout = 300s (custom)
2023-06-29 22:14:04,736 [be8f56ef-e678-472d-afc0-a2265ae98bd6-groupManagement] INFO  server.RaftServerConfigKeys (ConfUtils.java:logGet(46)) - raft.server.read.timeout = 10s (default)
2023-06-29 22:14:04,736 [be8f56ef-e678-472d-afc0-a2265ae98bd6-groupManagement] INFO  server.RaftServerConfigKeys (ConfUtils.java:logGet(46)) - raft.server.retrycache.expirytime = 600000ms (custom)
2023-06-29 22:14:04,736 [be8f56ef-e678-472d-afc0-a2265ae98bd6-groupManagement] INFO  server.RaftServerConfigKeys (ConfUtils.java:logGet(46)) - raft.server.retrycache.statistics.expirytime = 100μs (default)
2023-06-29 22:14:04,736 [be8f56ef-e678-472d-afc0-a2265ae98bd6-groupManagement] INFO  server.RaftServerConfigKeys (ConfUtils.java:logGet(46)) - raft.server.read.option = DEFAULT (default)
2023-06-29 22:14:04,736 [be8f56ef-e678-472d-afc0-a2265ae98bd6-groupManagement] INFO  server.RaftServerConfigKeys (ConfUtils.java:logGet(46)) - raft.server.rpc.request.timeout = 60s (custom)
2023-06-29 22:14:04,737 [be8f56ef-e678-472d-afc0-a2265ae98bd6-groupManagement] INFO  server.RaftServerConfigKeys (ConfUtils.java:logGet(46)) - raft.server.log.appender.install.snapshot.enabled = false (custom)
2023-06-29 22:14:04,737 [be8f56ef-e678-472d-afc0-a2265ae98bd6-groupManagement] INFO  server.RaftServerConfigKeys (ConfUtils.java:logGet(46)) - raft.server.threadpool.server.cached = true (default)
2023-06-29 22:14:04,737 [be8f56ef-e678-472d-afc0-a2265ae98bd6-groupManagement] INFO  server.RaftServerConfigKeys (ConfUtils.java:logGet(46)) - raft.server.threadpool.server.size = 0 (default)
2023-06-29 22:14:04,737 [be8f56ef-e678-472d-afc0-a2265ae98bd6-groupManagement] INFO  server.RaftServerConfigKeys (ConfUtils.java:logGet(46)) - raft.server.threadpool.client.cached = true (default)
2023-06-29 22:14:04,737 [be8f56ef-e678-472d-afc0-a2265ae98bd6-groupManagement] INFO  server.RaftServerConfigKeys (ConfUtils.java:logGet(46)) - raft.server.threadpool.client.size = 0 (default)
2023-06-29 22:14:04,737 [be8f56ef-e678-472d-afc0-a2265ae98bd6-groupManagement] INFO  storage.RaftStorageDirectory (RaftStorageDirectoryImpl.java:analyzeStorage(137)) - The storage directory /home/runner/work/ozone/ozone/hadoop-ozone/integration-test/target/test-dir/MiniOzoneClusterImpl-306b8aa5-132e-45e2-945e-dc5599b78ca9/datanode-1/data/ratis/93edde3e-f265-4072-b48b-a529d35d87d8 does not exist. Creating ...
2023-06-29 22:14:04,738 [be8f56ef-e678-472d-afc0-a2265ae98bd6-groupManagement] INFO  storage.RaftStorageDirectory (RaftStorageDirectoryImpl.java:tryLock(231)) - Lock on /home/runner/work/ozone/ozone/hadoop-ozone/integration-test/target/test-dir/MiniOzoneClusterImpl-306b8aa5-132e-45e2-945e-dc5599b78ca9/datanode-1/data/ratis/93edde3e-f265-4072-b48b-a529d35d87d8/in_use.lock acquired by nodename 7706@fv-az83-404
2023-06-29 22:14:04,739 [be8f56ef-e678-472d-afc0-a2265ae98bd6-groupManagement] INFO  storage.RaftStorage (RaftStorageImpl.java:format(96)) - Storage directory /home/runner/work/ozone/ozone/hadoop-ozone/integration-test/target/test-dir/MiniOzoneClusterImpl-306b8aa5-132e-45e2-945e-dc5599b78ca9/datanode-1/data/ratis/93edde3e-f265-4072-b48b-a529d35d87d8 has been successfully formatted.
2023-06-29 22:14:04,740 [be8f56ef-e678-472d-afc0-a2265ae98bd6-groupManagement] INFO  ratis.ContainerStateMachine (ContainerStateMachine.java:loadSnapshot(262)) - group-A529D35D87D8: The snapshot info is null. Setting the last applied indexto:(t:0, i:~)
2023-06-29 22:14:04,740 [be8f56ef-e678-472d-afc0-a2265ae98bd6-groupManagement] INFO  server.RaftServerConfigKeys (ConfUtils.java:logGet(46)) - raft.server.log.use.memory = false (default)
2023-06-29 22:14:04,740 [be8f56ef-e678-472d-afc0-a2265ae98bd6-groupManagement] INFO  server.RaftServerConfigKeys (ConfUtils.java:logGet(46)) - raft.server.log.purge.gap = 1000000 (custom)
2023-06-29 22:14:04,740 [be8f56ef-e678-472d-afc0-a2265ae98bd6-groupManagement] INFO  server.RaftServerConfigKeys (ConfUtils.java:logGet(46)) - raft.server.log.appender.buffer.byte-limit = 33554432 (custom)
2023-06-29 22:14:04,740 [be8f56ef-e678-472d-afc0-a2265ae98bd6-groupManagement] INFO  server.RaftServerConfigKeys (ConfUtils.java:logGet(46)) - raft.server.log.statemachine.data.read.timeout = 1000ms (default)
2023-06-29 22:14:04,741 [EventQueue-PipelineReportForPipelineReportHandler] INFO  pipeline.PipelineReportHandler (PipelineReportHandler.java:processPipelineReport(136)) - Opened pipeline PipelineID=93edde3e-f265-4072-b48b-a529d35d87d8
2023-06-29 22:14:04,741 [EventQueue-OpenPipelineForHealthyPipelineSafeModeRule] INFO  safemode.SCMSafeModeManager (HealthyPipelineSafeModeRule.java:process(137)) - SCM in safe mode. Healthy pipelines reported count is 0, required healthy pipeline reported count is 1
2023-06-29 22:14:04,741 [be8f56ef-e678-472d-afc0-a2265ae98bd6-groupManagement] INFO  server.RaftServerConfigKeys (ConfUtils.java:logGet(46)) - raft.server.log.purge.preservation.log.num = 0 (default)
2023-06-29 22:14:04,741 [be8f56ef-e678-472d-afc0-a2265ae98bd6-groupManagement] INFO  server.RaftServerConfigKeys (ConfUtils.java:logGet(46)) - raft.server.log.segment.size.max = 1048576 (custom)
2023-06-29 22:14:04,742 [be8f56ef-e678-472d-afc0-a2265ae98bd6-groupManagement] INFO  server.RaftServerConfigKeys (ConfUtils.java:logGet(46)) - raft.server.log.segment.cache.num.max = 2 (custom)
2023-06-29 22:14:04,742 [be8f56ef-e678-472d-afc0-a2265ae98bd6-groupManagement] INFO  server.RaftServerConfigKeys (ConfUtils.java:logGet(46)) - raft.server.log.segment.cache.size.max = 200MB (=209715200) (default)
2023-06-29 22:14:04,742 [be8f56ef-e678-472d-afc0-a2265ae98bd6-groupManagement] INFO  server.RaftServerConfigKeys (ConfUtils.java:logGet(46)) - raft.server.log.appender.buffer.byte-limit = 33554432 (custom)
2023-06-29 22:14:04,742 [be8f56ef-e678-472d-afc0-a2265ae98bd6-groupManagement] INFO  segmented.SegmentedRaftLogWorker (SegmentedRaftLogWorker.java:<init>(188)) - new be8f56ef-e678-472d-afc0-a2265ae98bd6@group-A529D35D87D8-SegmentedRaftLogWorker for RaftStorageImpl:Storage Directory /home/runner/work/ozone/ozone/hadoop-ozone/integration-test/target/test-dir/MiniOzoneClusterImpl-306b8aa5-132e-45e2-945e-dc5599b78ca9/datanode-1/data/ratis/93edde3e-f265-4072-b48b-a529d35d87d8
2023-06-29 22:14:04,742 [be8f56ef-e678-472d-afc0-a2265ae98bd6-groupManagement] INFO  server.RaftServerConfigKeys (ConfUtils.java:logGet(46)) - raft.server.log.queue.byte-limit = 4294967296 (custom)
2023-06-29 22:14:04,742 [be8f56ef-e678-472d-afc0-a2265ae98bd6-groupManagement] INFO  server.RaftServerConfigKeys (ConfUtils.java:logGet(46)) - raft.server.log.queue.element-limit = 1024 (custom)
2023-06-29 22:14:04,742 [be8f56ef-e678-472d-afc0-a2265ae98bd6-groupManagement] INFO  server.RaftServerConfigKeys (ConfUtils.java:logGet(46)) - raft.server.log.segment.size.max = 1048576 (custom)
2023-06-29 22:14:04,742 [be8f56ef-e678-472d-afc0-a2265ae98bd6-groupManagement] INFO  server.RaftServerConfigKeys (ConfUtils.java:logGet(46)) - raft.server.log.preallocated.size = 16384 (custom)
2023-06-29 22:14:04,742 [be8f56ef-e678-472d-afc0-a2265ae98bd6-groupManagement] INFO  server.RaftServerConfigKeys (ConfUtils.java:logGet(46)) - raft.server.log.force.sync.num = 128 (default)
2023-06-29 22:14:04,742 [be8f56ef-e678-472d-afc0-a2265ae98bd6-groupManagement] INFO  server.RaftServerConfigKeys (ConfUtils.java:logGet(46)) - raft.server.log.statemachine.data.sync = true (default)
2023-06-29 22:14:04,742 [be8f56ef-e678-472d-afc0-a2265ae98bd6-groupManagement] INFO  server.RaftServerConfigKeys (ConfUtils.java:logGet(46)) - raft.server.log.statemachine.data.sync.timeout = 10s (default)
2023-06-29 22:14:04,742 [be8f56ef-e678-472d-afc0-a2265ae98bd6-groupManagement] INFO  server.RaftServerConfigKeys (ConfUtils.java:logGet(46)) - raft.server.log.statemachine.data.sync.timeout.retry = -1 (default)
2023-06-29 22:14:04,742 [be8f56ef-e678-472d-afc0-a2265ae98bd6-groupManagement] INFO  server.RaftServerConfigKeys (ConfUtils.java:logGet(46)) - raft.server.log.write.buffer.size = 1048576 (custom)
2023-06-29 22:14:04,745 [be8f56ef-e678-472d-afc0-a2265ae98bd6-groupManagement] INFO  server.RaftServerConfigKeys (ConfUtils.java:logGet(46)) - raft.server.log.appender.buffer.byte-limit = 33554432 (custom)
2023-06-29 22:14:04,747 [be8f56ef-e678-472d-afc0-a2265ae98bd6-groupManagement] INFO  server.RaftServerConfigKeys (ConfUtils.java:logGet(46)) - raft.server.log.unsafe-flush.enabled = false (default)
2023-06-29 22:14:04,747 [be8f56ef-e678-472d-afc0-a2265ae98bd6-groupManagement] INFO  server.RaftServerConfigKeys (ConfUtils.java:logGet(46)) - raft.server.log.async-flush.enabled = false (default)
2023-06-29 22:14:04,748 [be8f56ef-e678-472d-afc0-a2265ae98bd6-groupManagement] INFO  server.RaftServerConfigKeys (ConfUtils.java:logGet(46)) - raft.server.log.statemachine.data.caching.enabled = true (custom)
2023-06-29 22:14:04,748 [be8f56ef-e678-472d-afc0-a2265ae98bd6-groupManagement] INFO  segmented.SegmentedRaftLogWorker (SegmentedRaftLogWorker.java:lambda$new$0(135)) - be8f56ef-e678-472d-afc0-a2265ae98bd6@group-A529D35D87D8-SegmentedRaftLogWorker: flushIndex: setUnconditionally 0 -> -1
2023-06-29 22:14:04,748 [be8f56ef-e678-472d-afc0-a2265ae98bd6-groupManagement] INFO  segmented.SegmentedRaftLogWorker (SegmentedRaftLogWorker.java:lambda$new$0(135)) - be8f56ef-e678-472d-afc0-a2265ae98bd6@group-A529D35D87D8-SegmentedRaftLogWorker: safeCacheEvictIndex: setUnconditionally 0 -> -1
2023-06-29 22:14:04,748 [be8f56ef-e678-472d-afc0-a2265ae98bd6-groupManagement] INFO  server.RaftServer$Division (RaftServerImpl.java:start(342)) - be8f56ef-e678-472d-afc0-a2265ae98bd6@group-A529D35D87D8: start as a follower, conf=-1: peers:[be8f56ef-e678-472d-afc0-a2265ae98bd6|rpc:10.1.0.248:15093|admin:10.1.0.248:15092|client:10.1.0.248:15091|dataStream:10.1.0.248:15094|priority:1|startupRole:FOLLOWER]|listeners:[], old=null
2023-06-29 22:14:04,748 [be8f56ef-e678-472d-afc0-a2265ae98bd6-groupManagement] INFO  server.RaftServer$Division (RaftServerImpl.java:setRole(329)) - be8f56ef-e678-472d-afc0-a2265ae98bd6@group-A529D35D87D8: changes role from      null to FOLLOWER at term 0 for startAsFollower
2023-06-29 22:14:04,748 [be8f56ef-e678-472d-afc0-a2265ae98bd6-groupManagement] INFO  impl.RoleInfo (RoleInfo.java:updateAndGet(139)) - be8f56ef-e678-472d-afc0-a2265ae98bd6: start be8f56ef-e678-472d-afc0-a2265ae98bd6@group-A529D35D87D8-FollowerState
2023-06-29 22:14:04,748 [be8f56ef-e678-472d-afc0-a2265ae98bd6-groupManagement] INFO  util.JmxRegister (JmxRegister.java:tryRegister(44)) - Successfully registered JMX Bean with object name Ratis:service=RaftServer,group=group-A529D35D87D8,id=be8f56ef-e678-472d-afc0-a2265ae98bd6
2023-06-29 22:14:04,748 [be8f56ef-e678-472d-afc0-a2265ae98bd6-groupManagement] INFO  server.RaftServerConfigKeys (ConfUtils.java:logGet(46)) - raft.server.snapshot.auto.trigger.enabled = true (custom)
2023-06-29 22:14:04,748 [be8f56ef-e678-472d-afc0-a2265ae98bd6-groupManagement] INFO  server.RaftServerConfigKeys (ConfUtils.java:logGet(46)) - raft.server.snapshot.auto.trigger.threshold = 10000 (custom)
2023-06-29 22:14:04,748 [be8f56ef-e678-472d-afc0-a2265ae98bd6-groupManagement] INFO  server.RaftServerConfigKeys (ConfUtils.java:logGet(46)) - raft.server.snapshot.retention.file.num = 5 (custom)
2023-06-29 22:14:04,748 [be8f56ef-e678-472d-afc0-a2265ae98bd6-groupManagement] INFO  server.RaftServerConfigKeys (ConfUtils.java:logGet(46)) - raft.server.log.purge.upto.snapshot.index = false (default)
2023-06-29 22:14:04,749 [be8f56ef-e678-472d-afc0-a2265ae98bd6@group-A529D35D87D8-FollowerState] INFO  server.RaftServerConfigKeys (ConfUtils.java:logFallback(53)) - raft.server.rpc.first-election.timeout.min = 5s (fallback to raft.server.rpc.timeout.min)
2023-06-29 22:14:04,749 [be8f56ef-e678-472d-afc0-a2265ae98bd6@group-A529D35D87D8-FollowerState] INFO  server.RaftServerConfigKeys (ConfUtils.java:logFallback(53)) - raft.server.rpc.first-election.timeout.max = 5200ms (fallback to raft.server.rpc.timeout.max)
2023-06-29 22:14:04,751 [PipelineCommandHandlerThread-0] INFO  ratis.XceiverServerRatis (XceiverServerRatis.java:addGroup(804)) - Created group PipelineID=93edde3e-f265-4072-b48b-a529d35d87d8
2023-06-29 22:14:04,751 [PipelineCommandHandlerThread-0] INFO  commandhandler.CreatePipelineCommandHandler (CreatePipelineCommandHandler.java:lambda$handle$2(124)) - Created Pipeline RATIS ONE PipelineID=93edde3e-f265-4072-b48b-a529d35d87d8.
2023-06-29 22:14:05,045 [main] INFO  ozone.MiniOzoneClusterImpl (MiniOzoneClusterImpl.java:lambda$waitForClusterToBeReady$0(224)) - Nodes are ready. Got 3 of 3 DN Heartbeats.
2023-06-29 22:14:05,045 [main] INFO  ozone.MiniOzoneClusterImpl (MiniOzoneClusterImpl.java:lambda$waitForClusterToBeReady$0(227)) - Waiting for cluster to exit safe mode
2023-06-29 22:14:05,045 [main] INFO  ozone.MiniOzoneClusterImpl (MiniOzoneClusterImpl.java:lambda$waitForClusterToBeReady$0(229)) - SCM became leader
2023-06-29 22:14:05,048 [PipelineCommandHandlerThread-0] INFO  server.RaftServer (RaftServerProxy.java:addNew(98)) - 235ec288-f126-4c43-8a80-14f1997ec4a1: addNew group-66622266BBA1:[235ec288-f126-4c43-8a80-14f1997ec4a1|rpc:10.1.0.248:15102|admin:10.1.0.248:15101|client:10.1.0.248:15100|dataStream:10.1.0.248:15103|priority:1|startupRole:FOLLOWER] returns group-66622266BBA1:java.util.concurrent.CompletableFuture@6da6cecc[Not completed]
2023-06-29 22:14:05,048 [235ec288-f126-4c43-8a80-14f1997ec4a1-groupManagement] INFO  server.RaftServer$Division (RaftServerImpl.java:<init>(198)) - 235ec288-f126-4c43-8a80-14f1997ec4a1: new RaftServerImpl for group-66622266BBA1:[235ec288-f126-4c43-8a80-14f1997ec4a1|rpc:10.1.0.248:15102|admin:10.1.0.248:15101|client:10.1.0.248:15100|dataStream:10.1.0.248:15103|priority:1|startupRole:FOLLOWER] with ContainerStateMachine:uninitialized
2023-06-29 22:14:05,048 [235ec288-f126-4c43-8a80-14f1997ec4a1-groupManagement] INFO  server.RaftServerConfigKeys (ConfUtils.java:logGet(46)) - raft.server.rpc.timeout.min = 5s (custom)
2023-06-29 22:14:05,048 [235ec288-f126-4c43-8a80-14f1997ec4a1-groupManagement] INFO  server.RaftServerConfigKeys (ConfUtils.java:logGet(46)) - raft.server.rpc.timeout.max = 5200ms (custom)
2023-06-29 22:14:05,048 [235ec288-f126-4c43-8a80-14f1997ec4a1-groupManagement] INFO  server.RaftServerConfigKeys (ConfUtils.java:logGet(46)) - raft.server.rpc.sleep.time = 25ms (default)
2023-06-29 22:14:05,048 [235ec288-f126-4c43-8a80-14f1997ec4a1-groupManagement] INFO  server.RaftServerConfigKeys (ConfUtils.java:logGet(46)) - raft.server.rpc.slowness.timeout = 300s (custom)
2023-06-29 22:14:05,048 [235ec288-f126-4c43-8a80-14f1997ec4a1-groupManagement] INFO  server.RaftServerConfigKeys (ConfUtils.java:logGet(46)) - raft.server.leaderelection.leader.step-down.wait-time = 10s (default)
2023-06-29 22:14:05,049 [235ec288-f126-4c43-8a80-14f1997ec4a1-groupManagement] INFO  server.RaftServerConfigKeys (ConfUtils.java:logGet(46)) - raft.server.sleep.deviation.threshold = 300ms (default)
2023-06-29 22:14:05,049 [235ec288-f126-4c43-8a80-14f1997ec4a1-groupManagement] INFO  server.RaftServer$Division (ServerState.java:<init>(120)) - 235ec288-f126-4c43-8a80-14f1997ec4a1@group-66622266BBA1: ConfigurationManager, init=-1: peers:[235ec288-f126-4c43-8a80-14f1997ec4a1|rpc:10.1.0.248:15102|admin:10.1.0.248:15101|client:10.1.0.248:15100|dataStream:10.1.0.248:15103|priority:1|startupRole:FOLLOWER]|listeners:[], old=null, confs=<EMPTY_MAP>
2023-06-29 22:14:05,049 [235ec288-f126-4c43-8a80-14f1997ec4a1-groupManagement] INFO  server.RaftServerConfigKeys (ConfUtils.java:logGet(46)) - raft.server.storage.dir = [/home/runner/work/ozone/ozone/hadoop-ozone/integration-test/target/test-dir/MiniOzoneClusterImpl-306b8aa5-132e-45e2-945e-dc5599b78ca9/datanode-2/data/ratis] (custom)
2023-06-29 22:14:05,049 [235ec288-f126-4c43-8a80-14f1997ec4a1-groupManagement] INFO  server.RaftServerConfigKeys (ConfUtils.java:logGet(46)) - raft.server.log.corruption.policy = EXCEPTION (default)
2023-06-29 22:14:05,049 [235ec288-f126-4c43-8a80-14f1997ec4a1-groupManagement] INFO  server.RaftServerConfigKeys (ConfUtils.java:logGet(46)) - raft.server.storage.free-space.min = 0MB (=0) (default)
2023-06-29 22:14:05,049 [235ec288-f126-4c43-8a80-14f1997ec4a1-groupManagement] INFO  server.RaftServerConfigKeys (ConfUtils.java:logGet(46)) - raft.server.notification.no-leader.timeout = 300s (custom)
2023-06-29 22:14:05,049 [235ec288-f126-4c43-8a80-14f1997ec4a1-groupManagement] INFO  server.RaftServerConfigKeys (ConfUtils.java:logGet(46)) - raft.server.read.timeout = 10s (default)
2023-06-29 22:14:05,049 [235ec288-f126-4c43-8a80-14f1997ec4a1-groupManagement] INFO  server.RaftServerConfigKeys (ConfUtils.java:logGet(46)) - raft.server.retrycache.expirytime = 600000ms (custom)
2023-06-29 22:14:05,049 [235ec288-f126-4c43-8a80-14f1997ec4a1-groupManagement] INFO  server.RaftServerConfigKeys (ConfUtils.java:logGet(46)) - raft.server.retrycache.statistics.expirytime = 100μs (default)
2023-06-29 22:14:05,049 [235ec288-f126-4c43-8a80-14f1997ec4a1-groupManagement] INFO  server.RaftServerConfigKeys (ConfUtils.java:logGet(46)) - raft.server.read.option = DEFAULT (default)
2023-06-29 22:14:05,050 [235ec288-f126-4c43-8a80-14f1997ec4a1-groupManagement] INFO  server.RaftServerConfigKeys (ConfUtils.java:logGet(46)) - raft.server.rpc.request.timeout = 60s (custom)
2023-06-29 22:14:05,050 [235ec288-f126-4c43-8a80-14f1997ec4a1-groupManagement] INFO  server.RaftServerConfigKeys (ConfUtils.java:logGet(46)) - raft.server.log.appender.install.snapshot.enabled = false (custom)
2023-06-29 22:14:05,050 [235ec288-f126-4c43-8a80-14f1997ec4a1-groupManagement] INFO  server.RaftServerConfigKeys (ConfUtils.java:logGet(46)) - raft.server.threadpool.server.cached = true (default)
2023-06-29 22:14:05,050 [235ec288-f126-4c43-8a80-14f1997ec4a1-groupManagement] INFO  server.RaftServerConfigKeys (ConfUtils.java:logGet(46)) - raft.server.threadpool.server.size = 0 (default)
2023-06-29 22:14:05,050 [235ec288-f126-4c43-8a80-14f1997ec4a1-groupManagement] INFO  server.RaftServerConfigKeys (ConfUtils.java:logGet(46)) - raft.server.threadpool.client.cached = true (default)
2023-06-29 22:14:05,050 [235ec288-f126-4c43-8a80-14f1997ec4a1-groupManagement] INFO  server.RaftServerConfigKeys (ConfUtils.java:logGet(46)) - raft.server.threadpool.client.size = 0 (default)
2023-06-29 22:14:05,050 [235ec288-f126-4c43-8a80-14f1997ec4a1-groupManagement] INFO  storage.RaftStorageDirectory (RaftStorageDirectoryImpl.java:analyzeStorage(137)) - The storage directory /home/runner/work/ozone/ozone/hadoop-ozone/integration-test/target/test-dir/MiniOzoneClusterImpl-306b8aa5-132e-45e2-945e-dc5599b78ca9/datanode-2/data/ratis/fdf1eacc-44fd-4c67-8b51-66622266bba1 does not exist. Creating ...
2023-06-29 22:14:05,051 [235ec288-f126-4c43-8a80-14f1997ec4a1-groupManagement] INFO  storage.RaftStorageDirectory (RaftStorageDirectoryImpl.java:tryLock(231)) - Lock on /home/runner/work/ozone/ozone/hadoop-ozone/integration-test/target/test-dir/MiniOzoneClusterImpl-306b8aa5-132e-45e2-945e-dc5599b78ca9/datanode-2/data/ratis/fdf1eacc-44fd-4c67-8b51-66622266bba1/in_use.lock acquired by nodename 7706@fv-az83-404
2023-06-29 22:14:05,052 [235ec288-f126-4c43-8a80-14f1997ec4a1-groupManagement] INFO  storage.RaftStorage (RaftStorageImpl.java:format(96)) - Storage directory /home/runner/work/ozone/ozone/hadoop-ozone/integration-test/target/test-dir/MiniOzoneClusterImpl-306b8aa5-132e-45e2-945e-dc5599b78ca9/datanode-2/data/ratis/fdf1eacc-44fd-4c67-8b51-66622266bba1 has been successfully formatted.
2023-06-29 22:14:05,052 [235ec288-f126-4c43-8a80-14f1997ec4a1-groupManagement] INFO  ratis.ContainerStateMachine (ContainerStateMachine.java:loadSnapshot(262)) - group-66622266BBA1: The snapshot info is null. Setting the last applied indexto:(t:0, i:~)
2023-06-29 22:14:05,052 [235ec288-f126-4c43-8a80-14f1997ec4a1-groupManagement] INFO  server.RaftServerConfigKeys (ConfUtils.java:logGet(46)) - raft.server.log.use.memory = false (default)
2023-06-29 22:14:05,053 [235ec288-f126-4c43-8a80-14f1997ec4a1-groupManagement] INFO  server.RaftServerConfigKeys (ConfUtils.java:logGet(46)) - raft.server.log.purge.gap = 1000000 (custom)
2023-06-29 22:14:05,053 [235ec288-f126-4c43-8a80-14f1997ec4a1-groupManagement] INFO  server.RaftServerConfigKeys (ConfUtils.java:logGet(46)) - raft.server.log.appender.buffer.byte-limit = 33554432 (custom)
2023-06-29 22:14:05,053 [235ec288-f126-4c43-8a80-14f1997ec4a1-groupManagement] INFO  server.RaftServerConfigKeys (ConfUtils.java:logGet(46)) - raft.server.log.statemachine.data.read.timeout = 1000ms (default)
2023-06-29 22:14:05,053 [235ec288-f126-4c43-8a80-14f1997ec4a1-groupManagement] INFO  server.RaftServerConfigKeys (ConfUtils.java:logGet(46)) - raft.server.log.purge.preservation.log.num = 0 (default)
2023-06-29 22:14:05,053 [235ec288-f126-4c43-8a80-14f1997ec4a1-groupManagement] INFO  server.RaftServerConfigKeys (ConfUtils.java:logGet(46)) - raft.server.log.segment.size.max = 1048576 (custom)
2023-06-29 22:14:05,053 [235ec288-f126-4c43-8a80-14f1997ec4a1-groupManagement] INFO  server.RaftServerConfigKeys (ConfUtils.java:logGet(46)) - raft.server.log.segment.cache.num.max = 2 (custom)
2023-06-29 22:14:05,053 [235ec288-f126-4c43-8a80-14f1997ec4a1-groupManagement] INFO  server.RaftServerConfigKeys (ConfUtils.java:logGet(46)) - raft.server.log.segment.cache.size.max = 200MB (=209715200) (default)
2023-06-29 22:14:05,053 [235ec288-f126-4c43-8a80-14f1997ec4a1-groupManagement] INFO  server.RaftServerConfigKeys (ConfUtils.java:logGet(46)) - raft.server.log.appender.buffer.byte-limit = 33554432 (custom)
2023-06-29 22:14:05,053 [235ec288-f126-4c43-8a80-14f1997ec4a1-groupManagement] INFO  segmented.SegmentedRaftLogWorker (SegmentedRaftLogWorker.java:<init>(188)) - new 235ec288-f126-4c43-8a80-14f1997ec4a1@group-66622266BBA1-SegmentedRaftLogWorker for RaftStorageImpl:Storage Directory /home/runner/work/ozone/ozone/hadoop-ozone/integration-test/target/test-dir/MiniOzoneClusterImpl-306b8aa5-132e-45e2-945e-dc5599b78ca9/datanode-2/data/ratis/fdf1eacc-44fd-4c67-8b51-66622266bba1
2023-06-29 22:14:05,053 [EventQueue-PipelineReportForPipelineReportHandler] INFO  pipeline.PipelineReportHandler (PipelineReportHandler.java:processPipelineReport(136)) - Opened pipeline PipelineID=fdf1eacc-44fd-4c67-8b51-66622266bba1
2023-06-29 22:14:05,053 [235ec288-f126-4c43-8a80-14f1997ec4a1-groupManagement] INFO  server.RaftServerConfigKeys (ConfUtils.java:logGet(46)) - raft.server.log.queue.byte-limit = 4294967296 (custom)
2023-06-29 22:14:05,053 [EventQueue-OpenPipelineForHealthyPipelineSafeModeRule] INFO  safemode.SCMSafeModeManager (HealthyPipelineSafeModeRule.java:process(137)) - SCM in safe mode. Healthy pipelines reported count is 0, required healthy pipeline reported count is 1
2023-06-29 22:14:05,054 [235ec288-f126-4c43-8a80-14f1997ec4a1-groupManagement] INFO  server.RaftServerConfigKeys (ConfUtils.java:logGet(46)) - raft.server.log.queue.element-limit = 1024 (custom)
2023-06-29 22:14:05,054 [235ec288-f126-4c43-8a80-14f1997ec4a1-groupManagement] INFO  server.RaftServerConfigKeys (ConfUtils.java:logGet(46)) - raft.server.log.segment.size.max = 1048576 (custom)
2023-06-29 22:14:05,054 [235ec288-f126-4c43-8a80-14f1997ec4a1-groupManagement] INFO  server.RaftServerConfigKeys (ConfUtils.java:logGet(46)) - raft.server.log.preallocated.size = 16384 (custom)
2023-06-29 22:14:05,054 [235ec288-f126-4c43-8a80-14f1997ec4a1-groupManagement] INFO  server.RaftServerConfigKeys (ConfUtils.java:logGet(46)) - raft.server.log.force.sync.num = 128 (default)
2023-06-29 22:14:05,054 [235ec288-f126-4c43-8a80-14f1997ec4a1-groupManagement] INFO  server.RaftServerConfigKeys (ConfUtils.java:logGet(46)) - raft.server.log.statemachine.data.sync = true (default)
2023-06-29 22:14:05,054 [235ec288-f126-4c43-8a80-14f1997ec4a1-groupManagement] INFO  server.RaftServerConfigKeys (ConfUtils.java:logGet(46)) - raft.server.log.statemachine.data.sync.timeout = 10s (default)
2023-06-29 22:14:05,054 [235ec288-f126-4c43-8a80-14f1997ec4a1-groupManagement] INFO  server.RaftServerConfigKeys (ConfUtils.java:logGet(46)) - raft.server.log.statemachine.data.sync.timeout.retry = -1 (default)
2023-06-29 22:14:05,054 [235ec288-f126-4c43-8a80-14f1997ec4a1-groupManagement] INFO  server.RaftServerConfigKeys (ConfUtils.java:logGet(46)) - raft.server.log.write.buffer.size = 1048576 (custom)
2023-06-29 22:14:05,054 [235ec288-f126-4c43-8a80-14f1997ec4a1-groupManagement] INFO  server.RaftServerConfigKeys (ConfUtils.java:logGet(46)) - raft.server.log.appender.buffer.byte-limit = 33554432 (custom)
2023-06-29 22:14:05,057 [235ec288-f126-4c43-8a80-14f1997ec4a1-groupManagement] INFO  server.RaftServerConfigKeys (ConfUtils.java:logGet(46)) - raft.server.log.unsafe-flush.enabled = false (default)
2023-06-29 22:14:05,058 [235ec288-f126-4c43-8a80-14f1997ec4a1-groupManagement] INFO  server.RaftServerConfigKeys (ConfUtils.java:logGet(46)) - raft.server.log.async-flush.enabled = false (default)
2023-06-29 22:14:05,058 [235ec288-f126-4c43-8a80-14f1997ec4a1-groupManagement] INFO  server.RaftServerConfigKeys (ConfUtils.java:logGet(46)) - raft.server.log.statemachine.data.caching.enabled = true (custom)
2023-06-29 22:14:05,058 [235ec288-f126-4c43-8a80-14f1997ec4a1-groupManagement] INFO  segmented.SegmentedRaftLogWorker (SegmentedRaftLogWorker.java:lambda$new$0(135)) - 235ec288-f126-4c43-8a80-14f1997ec4a1@group-66622266BBA1-SegmentedRaftLogWorker: flushIndex: setUnconditionally 0 -> -1
2023-06-29 22:14:05,058 [235ec288-f126-4c43-8a80-14f1997ec4a1-groupManagement] INFO  segmented.SegmentedRaftLogWorker (SegmentedRaftLogWorker.java:lambda$new$0(135)) - 235ec288-f126-4c43-8a80-14f1997ec4a1@group-66622266BBA1-SegmentedRaftLogWorker: safeCacheEvictIndex: setUnconditionally 0 -> -1
2023-06-29 22:14:05,058 [235ec288-f126-4c43-8a80-14f1997ec4a1-groupManagement] INFO  server.RaftServer$Division (RaftServerImpl.java:start(342)) - 235ec288-f126-4c43-8a80-14f1997ec4a1@group-66622266BBA1: start as a follower, conf=-1: peers:[235ec288-f126-4c43-8a80-14f1997ec4a1|rpc:10.1.0.248:15102|admin:10.1.0.248:15101|client:10.1.0.248:15100|dataStream:10.1.0.248:15103|priority:1|startupRole:FOLLOWER]|listeners:[], old=null
2023-06-29 22:14:05,058 [235ec288-f126-4c43-8a80-14f1997ec4a1-groupManagement] INFO  server.RaftServer$Division (RaftServerImpl.java:setRole(329)) - 235ec288-f126-4c43-8a80-14f1997ec4a1@group-66622266BBA1: changes role from      null to FOLLOWER at term 0 for startAsFollower
2023-06-29 22:14:05,058 [235ec288-f126-4c43-8a80-14f1997ec4a1-groupManagement] INFO  impl.RoleInfo (RoleInfo.java:updateAndGet(139)) - 235ec288-f126-4c43-8a80-14f1997ec4a1: start 235ec288-f126-4c43-8a80-14f1997ec4a1@group-66622266BBA1-FollowerState
2023-06-29 22:14:05,058 [235ec288-f126-4c43-8a80-14f1997ec4a1@group-66622266BBA1-FollowerState] INFO  server.RaftServerConfigKeys (ConfUtils.java:logFallback(53)) - raft.server.rpc.first-election.timeout.min = 5s (fallback to raft.server.rpc.timeout.min)
2023-06-29 22:14:05,058 [235ec288-f126-4c43-8a80-14f1997ec4a1-groupManagement] INFO  util.JmxRegister (JmxRegister.java:tryRegister(44)) - Successfully registered JMX Bean with object name Ratis:service=RaftServer,group=group-66622266BBA1,id=235ec288-f126-4c43-8a80-14f1997ec4a1
2023-06-29 22:14:05,058 [235ec288-f126-4c43-8a80-14f1997ec4a1@group-66622266BBA1-FollowerState] INFO  server.RaftServerConfigKeys (ConfUtils.java:logFallback(53)) - raft.server.rpc.first-election.timeout.max = 5200ms (fallback to raft.server.rpc.timeout.max)
2023-06-29 22:14:05,058 [235ec288-f126-4c43-8a80-14f1997ec4a1-groupManagement] INFO  server.RaftServerConfigKeys (ConfUtils.java:logGet(46)) - raft.server.snapshot.auto.trigger.enabled = true (custom)
2023-06-29 22:14:05,058 [235ec288-f126-4c43-8a80-14f1997ec4a1-groupManagement] INFO  server.RaftServerConfigKeys (ConfUtils.java:logGet(46)) - raft.server.snapshot.auto.trigger.threshold = 10000 (custom)
2023-06-29 22:14:05,058 [235ec288-f126-4c43-8a80-14f1997ec4a1-groupManagement] INFO  server.RaftServerConfigKeys (ConfUtils.java:logGet(46)) - raft.server.snapshot.retention.file.num = 5 (custom)
2023-06-29 22:14:05,059 [235ec288-f126-4c43-8a80-14f1997ec4a1-groupManagement] INFO  server.RaftServerConfigKeys (ConfUtils.java:logGet(46)) - raft.server.log.purge.upto.snapshot.index = false (default)
2023-06-29 22:14:05,059 [PipelineCommandHandlerThread-0] INFO  ratis.XceiverServerRatis (XceiverServerRatis.java:addGroup(804)) - Created group PipelineID=fdf1eacc-44fd-4c67-8b51-66622266bba1
2023-06-29 22:14:05,059 [PipelineCommandHandlerThread-0] INFO  commandhandler.CreatePipelineCommandHandler (CreatePipelineCommandHandler.java:lambda$handle$2(124)) - Created Pipeline RATIS ONE PipelineID=fdf1eacc-44fd-4c67-8b51-66622266bba1.
2023-06-29 22:14:06,046 [main] INFO  ozone.MiniOzoneClusterImpl (MiniOzoneClusterImpl.java:lambda$waitForClusterToBeReady$0(224)) - Nodes are ready. Got 3 of 3 DN Heartbeats.
2023-06-29 22:14:06,046 [main] INFO  ozone.MiniOzoneClusterImpl (MiniOzoneClusterImpl.java:lambda$waitForClusterToBeReady$0(227)) - Waiting for cluster to exit safe mode
2023-06-29 22:14:06,046 [main] INFO  ozone.MiniOzoneClusterImpl (MiniOzoneClusterImpl.java:lambda$waitForClusterToBeReady$0(229)) - SCM became leader
2023-06-29 22:14:07,046 [main] INFO  ozone.MiniOzoneClusterImpl (MiniOzoneClusterImpl.java:lambda$waitForClusterToBeReady$0(224)) - Nodes are ready. Got 3 of 3 DN Heartbeats.
2023-06-29 22:14:07,046 [main] INFO  ozone.MiniOzoneClusterImpl (MiniOzoneClusterImpl.java:lambda$waitForClusterToBeReady$0(227)) - Waiting for cluster to exit safe mode
2023-06-29 22:14:07,046 [main] INFO  ozone.MiniOzoneClusterImpl (MiniOzoneClusterImpl.java:lambda$waitForClusterToBeReady$0(229)) - SCM became leader
2023-06-29 22:14:08,047 [main] INFO  ozone.MiniOzoneClusterImpl (MiniOzoneClusterImpl.java:lambda$waitForClusterToBeReady$0(224)) - Nodes are ready. Got 3 of 3 DN Heartbeats.
2023-06-29 22:14:08,047 [main] INFO  ozone.MiniOzoneClusterImpl (MiniOzoneClusterImpl.java:lambda$waitForClusterToBeReady$0(227)) - Waiting for cluster to exit safe mode
2023-06-29 22:14:08,047 [main] INFO  ozone.MiniOzoneClusterImpl (MiniOzoneClusterImpl.java:lambda$waitForClusterToBeReady$0(229)) - SCM became leader
2023-06-29 22:14:09,047 [main] INFO  ozone.MiniOzoneClusterImpl (MiniOzoneClusterImpl.java:lambda$waitForClusterToBeReady$0(224)) - Nodes are ready. Got 3 of 3 DN Heartbeats.
2023-06-29 22:14:09,047 [main] INFO  ozone.MiniOzoneClusterImpl (MiniOzoneClusterImpl.java:lambda$waitForClusterToBeReady$0(227)) - Waiting for cluster to exit safe mode
2023-06-29 22:14:09,047 [main] INFO  ozone.MiniOzoneClusterImpl (MiniOzoneClusterImpl.java:lambda$waitForClusterToBeReady$0(229)) - SCM became leader
2023-06-29 22:14:09,579 [be8f56ef-e678-472d-afc0-a2265ae98bd6@group-FFC41FE564C3-FollowerState] INFO  impl.FollowerState (FollowerState.java:run(143)) - be8f56ef-e678-472d-afc0-a2265ae98bd6@group-FFC41FE564C3-FollowerState: change to CANDIDATE, lastRpcElapsedTime:5050001084ns, electionTimeout:5048ms
2023-06-29 22:14:09,579 [be8f56ef-e678-472d-afc0-a2265ae98bd6@group-FFC41FE564C3-FollowerState] INFO  impl.RoleInfo (RoleInfo.java:shutdownFollowerState(110)) - be8f56ef-e678-472d-afc0-a2265ae98bd6: shutdown be8f56ef-e678-472d-afc0-a2265ae98bd6@group-FFC41FE564C3-FollowerState
2023-06-29 22:14:09,579 [be8f56ef-e678-472d-afc0-a2265ae98bd6@group-FFC41FE564C3-FollowerState] INFO  server.RaftServer$Division (RaftServerImpl.java:setRole(329)) - be8f56ef-e678-472d-afc0-a2265ae98bd6@group-FFC41FE564C3: changes role from  FOLLOWER to CANDIDATE at term 0 for changeToCandidate
2023-06-29 22:14:09,579 [be8f56ef-e678-472d-afc0-a2265ae98bd6@group-FFC41FE564C3-FollowerState] INFO  server.RaftServerConfigKeys (ConfUtils.java:logGet(46)) - raft.server.leaderelection.pre-vote = true (default)
2023-06-29 22:14:09,579 [be8f56ef-e678-472d-afc0-a2265ae98bd6@group-FFC41FE564C3-FollowerState] INFO  impl.RoleInfo (RoleInfo.java:updateAndGet(139)) - be8f56ef-e678-472d-afc0-a2265ae98bd6: start be8f56ef-e678-472d-afc0-a2265ae98bd6@group-FFC41FE564C3-LeaderElection18
2023-06-29 22:14:09,586 [be8f56ef-e678-472d-afc0-a2265ae98bd6@group-FFC41FE564C3-LeaderElection18] INFO  impl.LeaderElection (LeaderElection.java:askForVotes(321)) - be8f56ef-e678-472d-afc0-a2265ae98bd6@group-FFC41FE564C3-LeaderElection18 PRE_VOTE round 0: submit vote requests at term 0 for -1: peers:[d05bfd9b-313a-4e98-aa4a-0bd40171ee67|rpc:10.1.0.248:15084|admin:10.1.0.248:15083|client:10.1.0.248:15082|dataStream:10.1.0.248:15085|priority:1|startupRole:FOLLOWER, be8f56ef-e678-472d-afc0-a2265ae98bd6|rpc:10.1.0.248:15093|admin:10.1.0.248:15092|client:10.1.0.248:15091|dataStream:10.1.0.248:15094|priority:0|startupRole:FOLLOWER, 235ec288-f126-4c43-8a80-14f1997ec4a1|rpc:10.1.0.248:15102|admin:10.1.0.248:15101|client:10.1.0.248:15100|dataStream:10.1.0.248:15103|priority:0|startupRole:FOLLOWER]|listeners:[], old=null
2023-06-29 22:14:09,587 [be8f56ef-e678-472d-afc0-a2265ae98bd6@group-FFC41FE564C3-LeaderElection18-1] INFO  server.GrpcServerProtocolClient (GrpcServerProtocolClient.java:<init>(65)) - Build channel for d05bfd9b-313a-4e98-aa4a-0bd40171ee67
2023-06-29 22:14:09,587 [be8f56ef-e678-472d-afc0-a2265ae98bd6@group-FFC41FE564C3-LeaderElection18] INFO  server.RaftServerConfigKeys (ConfUtils.java:logFallback(53)) - raft.server.rpc.first-election.timeout.min = 5s (fallback to raft.server.rpc.timeout.min)
2023-06-29 22:14:09,587 [be8f56ef-e678-472d-afc0-a2265ae98bd6@group-FFC41FE564C3-LeaderElection18-2] INFO  server.GrpcServerProtocolClient (GrpcServerProtocolClient.java:<init>(65)) - Build channel for 235ec288-f126-4c43-8a80-14f1997ec4a1
2023-06-29 22:14:09,587 [be8f56ef-e678-472d-afc0-a2265ae98bd6@group-FFC41FE564C3-LeaderElection18] INFO  server.RaftServerConfigKeys (ConfUtils.java:logFallback(53)) - raft.server.rpc.first-election.timeout.max = 5200ms (fallback to raft.server.rpc.timeout.max)
2023-06-29 22:14:09,597 [grpc-default-executor-0] INFO  server.RaftServer$Division (RaftServerImpl.java:requestVote(1302)) - d05bfd9b-313a-4e98-aa4a-0bd40171ee67@group-FFC41FE564C3: receive requestVote(PRE_VOTE, be8f56ef-e678-472d-afc0-a2265ae98bd6, group-FFC41FE564C3, 0, (t:0, i:0))
2023-06-29 22:14:09,597 [grpc-default-executor-0] INFO  impl.VoteContext (VoteContext.java:log(49)) - d05bfd9b-313a-4e98-aa4a-0bd40171ee67@group-FFC41FE564C3-FOLLOWER: reject PRE_VOTE from be8f56ef-e678-472d-afc0-a2265ae98bd6: our priority 1 > candidate's priority 0
2023-06-29 22:14:09,597 [grpc-default-executor-0] INFO  server.RaftServer$Division (RaftServerImpl.java:requestVote(1335)) - d05bfd9b-313a-4e98-aa4a-0bd40171ee67@group-FFC41FE564C3 replies to PRE_VOTE vote request: be8f56ef-e678-472d-afc0-a2265ae98bd6<-d05bfd9b-313a-4e98-aa4a-0bd40171ee67#0:FAIL-t0. Peer's state: d05bfd9b-313a-4e98-aa4a-0bd40171ee67@group-FFC41FE564C3:t0, leader=null, voted=, raftlog=Memoized:d05bfd9b-313a-4e98-aa4a-0bd40171ee67@group-FFC41FE564C3-SegmentedRaftLog:OPENED:c-1, conf=-1: peers:[d05bfd9b-313a-4e98-aa4a-0bd40171ee67|rpc:10.1.0.248:15084|admin:10.1.0.248:15083|client:10.1.0.248:15082|dataStream:10.1.0.248:15085|priority:1|startupRole:FOLLOWER, be8f56ef-e678-472d-afc0-a2265ae98bd6|rpc:10.1.0.248:15093|admin:10.1.0.248:15092|client:10.1.0.248:15091|dataStream:10.1.0.248:15094|priority:0|startupRole:FOLLOWER, 235ec288-f126-4c43-8a80-14f1997ec4a1|rpc:10.1.0.248:15102|admin:10.1.0.248:15101|client:10.1.0.248:15100|dataStream:10.1.0.248:15103|priority:0|startupRole:FOLLOWER]|listeners:[], old=null
2023-06-29 22:14:09,600 [be8f56ef-e678-472d-afc0-a2265ae98bd6@group-FFC41FE564C3-LeaderElection18] INFO  impl.LeaderElection (LeaderElection.java:logAndReturn(90)) - be8f56ef-e678-472d-afc0-a2265ae98bd6@group-FFC41FE564C3-LeaderElection18: PRE_VOTE REJECTED received 1 response(s) and 0 exception(s):
2023-06-29 22:14:09,600 [be8f56ef-e678-472d-afc0-a2265ae98bd6@group-FFC41FE564C3-LeaderElection18] INFO  impl.LeaderElection (LeaderElection.java:logAndReturn(94)) -   Response 0: be8f56ef-e678-472d-afc0-a2265ae98bd6<-d05bfd9b-313a-4e98-aa4a-0bd40171ee67#0:FAIL-t0
2023-06-29 22:14:09,600 [be8f56ef-e678-472d-afc0-a2265ae98bd6@group-FFC41FE564C3-LeaderElection18] INFO  impl.LeaderElection (LeaderElection.java:askForVotes(323)) - be8f56ef-e678-472d-afc0-a2265ae98bd6@group-FFC41FE564C3-LeaderElection18 PRE_VOTE round 0: result REJECTED
2023-06-29 22:14:09,600 [be8f56ef-e678-472d-afc0-a2265ae98bd6@group-FFC41FE564C3-LeaderElection18] INFO  server.RaftServer$Division (RaftServerImpl.java:setRole(329)) - be8f56ef-e678-472d-afc0-a2265ae98bd6@group-FFC41FE564C3: changes role from CANDIDATE to FOLLOWER at term 0 for REJECTED
2023-06-29 22:14:09,600 [be8f56ef-e678-472d-afc0-a2265ae98bd6@group-FFC41FE564C3-LeaderElection18] INFO  impl.RoleInfo (RoleInfo.java:shutdownLeaderElection(130)) - be8f56ef-e678-472d-afc0-a2265ae98bd6: shutdown be8f56ef-e678-472d-afc0-a2265ae98bd6@group-FFC41FE564C3-LeaderElection18
2023-06-29 22:14:09,600 [be8f56ef-e678-472d-afc0-a2265ae98bd6@group-FFC41FE564C3-LeaderElection18] INFO  impl.RoleInfo (RoleInfo.java:updateAndGet(139)) - be8f56ef-e678-472d-afc0-a2265ae98bd6: start be8f56ef-e678-472d-afc0-a2265ae98bd6@group-FFC41FE564C3-FollowerState
2023-06-29 22:14:09,606 [grpc-default-executor-0] INFO  server.RaftServer$Division (RaftServerImpl.java:requestVote(1302)) - 235ec288-f126-4c43-8a80-14f1997ec4a1@group-FFC41FE564C3: receive requestVote(PRE_VOTE, be8f56ef-e678-472d-afc0-a2265ae98bd6, group-FFC41FE564C3, 0, (t:0, i:0))
2023-06-29 22:14:09,606 [grpc-default-executor-0] INFO  impl.VoteContext (VoteContext.java:log(49)) - 235ec288-f126-4c43-8a80-14f1997ec4a1@group-FFC41FE564C3-FOLLOWER: accept PRE_VOTE from be8f56ef-e678-472d-afc0-a2265ae98bd6: our priority 0 <= candidate's priority 0
2023-06-29 22:14:09,606 [grpc-default-executor-0] INFO  server.RaftServer$Division (RaftServerImpl.java:requestVote(1335)) - 235ec288-f126-4c43-8a80-14f1997ec4a1@group-FFC41FE564C3 replies to PRE_VOTE vote request: be8f56ef-e678-472d-afc0-a2265ae98bd6<-235ec288-f126-4c43-8a80-14f1997ec4a1#0:OK-t0. Peer's state: 235ec288-f126-4c43-8a80-14f1997ec4a1@group-FFC41FE564C3:t0, leader=null, voted=, raftlog=Memoized:235ec288-f126-4c43-8a80-14f1997ec4a1@group-FFC41FE564C3-SegmentedRaftLog:OPENED:c-1, conf=-1: peers:[d05bfd9b-313a-4e98-aa4a-0bd40171ee67|rpc:10.1.0.248:15084|admin:10.1.0.248:15083|client:10.1.0.248:15082|dataStream:10.1.0.248:15085|priority:1|startupRole:FOLLOWER, be8f56ef-e678-472d-afc0-a2265ae98bd6|rpc:10.1.0.248:15093|admin:10.1.0.248:15092|client:10.1.0.248:15091|dataStream:10.1.0.248:15094|priority:0|startupRole:FOLLOWER, 235ec288-f126-4c43-8a80-14f1997ec4a1|rpc:10.1.0.248:15102|admin:10.1.0.248:15101|client:10.1.0.248:15100|dataStream:10.1.0.248:15103|priority:0|startupRole:FOLLOWER]|listeners:[], old=null
2023-06-29 22:14:09,614 [d05bfd9b-313a-4e98-aa4a-0bd40171ee67@group-697E46F0A3C0-FollowerState] INFO  impl.FollowerState (FollowerState.java:run(143)) - d05bfd9b-313a-4e98-aa4a-0bd40171ee67@group-697E46F0A3C0-FollowerState: change to CANDIDATE, lastRpcElapsedTime:5030399527ns, electionTimeout:5029ms
2023-06-29 22:14:09,614 [d05bfd9b-313a-4e98-aa4a-0bd40171ee67@group-697E46F0A3C0-FollowerState] INFO  impl.RoleInfo (RoleInfo.java:shutdownFollowerState(110)) - d05bfd9b-313a-4e98-aa4a-0bd40171ee67: shutdown d05bfd9b-313a-4e98-aa4a-0bd40171ee67@group-697E46F0A3C0-FollowerState
2023-06-29 22:14:09,614 [d05bfd9b-313a-4e98-aa4a-0bd40171ee67@group-697E46F0A3C0-FollowerState] INFO  server.RaftServer$Division (RaftServerImpl.java:setRole(329)) - d05bfd9b-313a-4e98-aa4a-0bd40171ee67@group-697E46F0A3C0: changes role from  FOLLOWER to CANDIDATE at term 0 for changeToCandidate
2023-06-29 22:14:09,615 [d05bfd9b-313a-4e98-aa4a-0bd40171ee67@group-697E46F0A3C0-FollowerState] INFO  server.RaftServerConfigKeys (ConfUtils.java:logGet(46)) - raft.server.leaderelection.pre-vote = true (default)
2023-06-29 22:14:09,615 [d05bfd9b-313a-4e98-aa4a-0bd40171ee67@group-697E46F0A3C0-FollowerState] INFO  impl.RoleInfo (RoleInfo.java:updateAndGet(139)) - d05bfd9b-313a-4e98-aa4a-0bd40171ee67: start d05bfd9b-313a-4e98-aa4a-0bd40171ee67@group-697E46F0A3C0-LeaderElection19
2023-06-29 22:14:09,617 [d05bfd9b-313a-4e98-aa4a-0bd40171ee67@group-697E46F0A3C0-LeaderElection19] INFO  impl.LeaderElection (LeaderElection.java:askForVotes(321)) - d05bfd9b-313a-4e98-aa4a-0bd40171ee67@group-697E46F0A3C0-LeaderElection19 PRE_VOTE round 0: submit vote requests at term 0 for -1: peers:[d05bfd9b-313a-4e98-aa4a-0bd40171ee67|rpc:10.1.0.248:15084|admin:10.1.0.248:15083|client:10.1.0.248:15082|dataStream:10.1.0.248:15085|priority:0|startupRole:FOLLOWER, be8f56ef-e678-472d-afc0-a2265ae98bd6|rpc:10.1.0.248:15093|admin:10.1.0.248:15092|client:10.1.0.248:15091|dataStream:10.1.0.248:15094|priority:1|startupRole:FOLLOWER, 235ec288-f126-4c43-8a80-14f1997ec4a1|rpc:10.1.0.248:15102|admin:10.1.0.248:15101|client:10.1.0.248:15100|dataStream:10.1.0.248:15103|priority:0|startupRole:FOLLOWER]|listeners:[], old=null
2023-06-29 22:14:09,618 [d05bfd9b-313a-4e98-aa4a-0bd40171ee67@group-697E46F0A3C0-LeaderElection19] INFO  server.RaftServerConfigKeys (ConfUtils.java:logFallback(53)) - raft.server.rpc.first-election.timeout.min = 5s (fallback to raft.server.rpc.timeout.min)
2023-06-29 22:14:09,618 [d05bfd9b-313a-4e98-aa4a-0bd40171ee67@group-697E46F0A3C0-LeaderElection19] INFO  server.RaftServerConfigKeys (ConfUtils.java:logFallback(53)) - raft.server.rpc.first-election.timeout.max = 5200ms (fallback to raft.server.rpc.timeout.max)
2023-06-29 22:14:09,618 [d05bfd9b-313a-4e98-aa4a-0bd40171ee67@group-697E46F0A3C0-LeaderElection19-1] INFO  server.GrpcServerProtocolClient (GrpcServerProtocolClient.java:<init>(65)) - Build channel for be8f56ef-e678-472d-afc0-a2265ae98bd6
2023-06-29 22:14:09,618 [d05bfd9b-313a-4e98-aa4a-0bd40171ee67@group-697E46F0A3C0-LeaderElection19-2] INFO  server.GrpcServerProtocolClient (GrpcServerProtocolClient.java:<init>(65)) - Build channel for 235ec288-f126-4c43-8a80-14f1997ec4a1
2023-06-29 22:14:09,637 [grpc-default-executor-0] INFO  server.RaftServer$Division (RaftServerImpl.java:requestVote(1302)) - 235ec288-f126-4c43-8a80-14f1997ec4a1@group-697E46F0A3C0: receive requestVote(PRE_VOTE, d05bfd9b-313a-4e98-aa4a-0bd40171ee67, group-697E46F0A3C0, 0, (t:0, i:0))
2023-06-29 22:14:09,637 [grpc-default-executor-0] INFO  impl.VoteContext (VoteContext.java:log(49)) - 235ec288-f126-4c43-8a80-14f1997ec4a1@group-697E46F0A3C0-FOLLOWER: accept PRE_VOTE from d05bfd9b-313a-4e98-aa4a-0bd40171ee67: our priority 0 <= candidate's priority 0
2023-06-29 22:14:09,637 [grpc-default-executor-0] INFO  server.RaftServer$Division (RaftServerImpl.java:requestVote(1335)) - 235ec288-f126-4c43-8a80-14f1997ec4a1@group-697E46F0A3C0 replies to PRE_VOTE vote request: d05bfd9b-313a-4e98-aa4a-0bd40171ee67<-235ec288-f126-4c43-8a80-14f1997ec4a1#0:OK-t0. Peer's state: 235ec288-f126-4c43-8a80-14f1997ec4a1@group-697E46F0A3C0:t0, leader=null, voted=, raftlog=Memoized:235ec288-f126-4c43-8a80-14f1997ec4a1@group-697E46F0A3C0-SegmentedRaftLog:OPENED:c-1, conf=-1: peers:[d05bfd9b-313a-4e98-aa4a-0bd40171ee67|rpc:10.1.0.248:15084|admin:10.1.0.248:15083|client:10.1.0.248:15082|dataStream:10.1.0.248:15085|priority:0|startupRole:FOLLOWER, be8f56ef-e678-472d-afc0-a2265ae98bd6|rpc:10.1.0.248:15093|admin:10.1.0.248:15092|client:10.1.0.248:15091|dataStream:10.1.0.248:15094|priority:1|startupRole:FOLLOWER, 235ec288-f126-4c43-8a80-14f1997ec4a1|rpc:10.1.0.248:15102|admin:10.1.0.248:15101|client:10.1.0.248:15100|dataStream:10.1.0.248:15103|priority:0|startupRole:FOLLOWER]|listeners:[], old=null
2023-06-29 22:14:09,640 [grpc-default-executor-0] INFO  server.RaftServer$Division (RaftServerImpl.java:requestVote(1302)) - be8f56ef-e678-472d-afc0-a2265ae98bd6@group-697E46F0A3C0: receive requestVote(PRE_VOTE, d05bfd9b-313a-4e98-aa4a-0bd40171ee67, group-697E46F0A3C0, 0, (t:0, i:0))
2023-06-29 22:14:09,640 [grpc-default-executor-0] INFO  impl.VoteContext (VoteContext.java:log(49)) - be8f56ef-e678-472d-afc0-a2265ae98bd6@group-697E46F0A3C0-FOLLOWER: reject PRE_VOTE from d05bfd9b-313a-4e98-aa4a-0bd40171ee67: our priority 1 > candidate's priority 0
2023-06-29 22:14:09,640 [grpc-default-executor-0] INFO  server.RaftServer$Division (RaftServerImpl.java:requestVote(1335)) - be8f56ef-e678-472d-afc0-a2265ae98bd6@group-697E46F0A3C0 replies to PRE_VOTE vote request: d05bfd9b-313a-4e98-aa4a-0bd40171ee67<-be8f56ef-e678-472d-afc0-a2265ae98bd6#0:FAIL-t0. Peer's state: be8f56ef-e678-472d-afc0-a2265ae98bd6@group-697E46F0A3C0:t0, leader=null, voted=, raftlog=Memoized:be8f56ef-e678-472d-afc0-a2265ae98bd6@group-697E46F0A3C0-SegmentedRaftLog:OPENED:c-1, conf=-1: peers:[d05bfd9b-313a-4e98-aa4a-0bd40171ee67|rpc:10.1.0.248:15084|admin:10.1.0.248:15083|client:10.1.0.248:15082|dataStream:10.1.0.248:15085|priority:0|startupRole:FOLLOWER, be8f56ef-e678-472d-afc0-a2265ae98bd6|rpc:10.1.0.248:15093|admin:10.1.0.248:15092|client:10.1.0.248:15091|dataStream:10.1.0.248:15094|priority:1|startupRole:FOLLOWER, 235ec288-f126-4c43-8a80-14f1997ec4a1|rpc:10.1.0.248:15102|admin:10.1.0.248:15101|client:10.1.0.248:15100|dataStream:10.1.0.248:15103|priority:0|startupRole:FOLLOWER]|listeners:[], old=null
2023-06-29 22:14:09,641 [d05bfd9b-313a-4e98-aa4a-0bd40171ee67@group-697E46F0A3C0-LeaderElection19] INFO  impl.LeaderElection (LeaderElection.java:logAndReturn(90)) - d05bfd9b-313a-4e98-aa4a-0bd40171ee67@group-697E46F0A3C0-LeaderElection19: PRE_VOTE REJECTED received 2 response(s) and 0 exception(s):
2023-06-29 22:14:09,641 [d05bfd9b-313a-4e98-aa4a-0bd40171ee67@group-697E46F0A3C0-LeaderElection19] INFO  impl.LeaderElection (LeaderElection.java:logAndReturn(94)) -   Response 0: d05bfd9b-313a-4e98-aa4a-0bd40171ee67<-be8f56ef-e678-472d-afc0-a2265ae98bd6#0:FAIL-t0
2023-06-29 22:14:09,641 [d05bfd9b-313a-4e98-aa4a-0bd40171ee67@group-697E46F0A3C0-LeaderElection19] INFO  impl.LeaderElection (LeaderElection.java:logAndReturn(94)) -   Response 1: d05bfd9b-313a-4e98-aa4a-0bd40171ee67<-235ec288-f126-4c43-8a80-14f1997ec4a1#0:OK-t0
2023-06-29 22:14:09,641 [d05bfd9b-313a-4e98-aa4a-0bd40171ee67@group-697E46F0A3C0-LeaderElection19] INFO  impl.LeaderElection (LeaderElection.java:askForVotes(323)) - d05bfd9b-313a-4e98-aa4a-0bd40171ee67@group-697E46F0A3C0-LeaderElection19 PRE_VOTE round 0: result REJECTED
2023-06-29 22:14:09,642 [d05bfd9b-313a-4e98-aa4a-0bd40171ee67@group-697E46F0A3C0-LeaderElection19] INFO  server.RaftServer$Division (RaftServerImpl.java:setRole(329)) - d05bfd9b-313a-4e98-aa4a-0bd40171ee67@group-697E46F0A3C0: changes role from CANDIDATE to FOLLOWER at term 0 for REJECTED
2023-06-29 22:14:09,642 [d05bfd9b-313a-4e98-aa4a-0bd40171ee67@group-697E46F0A3C0-LeaderElection19] INFO  impl.RoleInfo (RoleInfo.java:shutdownLeaderElection(130)) - d05bfd9b-313a-4e98-aa4a-0bd40171ee67: shutdown d05bfd9b-313a-4e98-aa4a-0bd40171ee67@group-697E46F0A3C0-LeaderElection19
2023-06-29 22:14:09,642 [d05bfd9b-313a-4e98-aa4a-0bd40171ee67@group-697E46F0A3C0-LeaderElection19] INFO  impl.RoleInfo (RoleInfo.java:updateAndGet(139)) - d05bfd9b-313a-4e98-aa4a-0bd40171ee67: start d05bfd9b-313a-4e98-aa4a-0bd40171ee67@group-697E46F0A3C0-FollowerState
2023-06-29 22:14:09,669 [d05bfd9b-313a-4e98-aa4a-0bd40171ee67@group-FFC41FE564C3-FollowerState] INFO  impl.FollowerState (FollowerState.java:run(143)) - d05bfd9b-313a-4e98-aa4a-0bd40171ee67@group-FFC41FE564C3-FollowerState: change to CANDIDATE, lastRpcElapsedTime:5174655606ns, electionTimeout:5173ms
2023-06-29 22:14:09,669 [d05bfd9b-313a-4e98-aa4a-0bd40171ee67@group-FFC41FE564C3-FollowerState] INFO  impl.RoleInfo (RoleInfo.java:shutdownFollowerState(110)) - d05bfd9b-313a-4e98-aa4a-0bd40171ee67: shutdown d05bfd9b-313a-4e98-aa4a-0bd40171ee67@group-FFC41FE564C3-FollowerState
2023-06-29 22:14:09,669 [d05bfd9b-313a-4e98-aa4a-0bd40171ee67@group-FFC41FE564C3-FollowerState] INFO  server.RaftServer$Division (RaftServerImpl.java:setRole(329)) - d05bfd9b-313a-4e98-aa4a-0bd40171ee67@group-FFC41FE564C3: changes role from  FOLLOWER to CANDIDATE at term 0 for changeToCandidate
2023-06-29 22:14:09,669 [d05bfd9b-313a-4e98-aa4a-0bd40171ee67@group-FFC41FE564C3-FollowerState] INFO  server.RaftServerConfigKeys (ConfUtils.java:logGet(46)) - raft.server.leaderelection.pre-vote = true (default)
2023-06-29 22:14:09,669 [d05bfd9b-313a-4e98-aa4a-0bd40171ee67@group-FFC41FE564C3-FollowerState] INFO  impl.RoleInfo (RoleInfo.java:updateAndGet(139)) - d05bfd9b-313a-4e98-aa4a-0bd40171ee67: start d05bfd9b-313a-4e98-aa4a-0bd40171ee67@group-FFC41FE564C3-LeaderElection20
2023-06-29 22:14:09,670 [d05bfd9b-313a-4e98-aa4a-0bd40171ee67@group-FFC41FE564C3-LeaderElection20] INFO  impl.LeaderElection (LeaderElection.java:askForVotes(321)) - d05bfd9b-313a-4e98-aa4a-0bd40171ee67@group-FFC41FE564C3-LeaderElection20 PRE_VOTE round 0: submit vote requests at term 0 for -1: peers:[d05bfd9b-313a-4e98-aa4a-0bd40171ee67|rpc:10.1.0.248:15084|admin:10.1.0.248:15083|client:10.1.0.248:15082|dataStream:10.1.0.248:15085|priority:1|startupRole:FOLLOWER, be8f56ef-e678-472d-afc0-a2265ae98bd6|rpc:10.1.0.248:15093|admin:10.1.0.248:15092|client:10.1.0.248:15091|dataStream:10.1.0.248:15094|priority:0|startupRole:FOLLOWER, 235ec288-f126-4c43-8a80-14f1997ec4a1|rpc:10.1.0.248:15102|admin:10.1.0.248:15101|client:10.1.0.248:15100|dataStream:10.1.0.248:15103|priority:0|startupRole:FOLLOWER]|listeners:[], old=null
2023-06-29 22:14:09,670 [d05bfd9b-313a-4e98-aa4a-0bd40171ee67@group-E578A28B4A79-FollowerState] INFO  impl.FollowerState (FollowerState.java:run(143)) - d05bfd9b-313a-4e98-aa4a-0bd40171ee67@group-E578A28B4A79-FollowerState: change to CANDIDATE, lastRpcElapsedTime:5194983461ns, electionTimeout:5193ms
2023-06-29 22:14:09,670 [d05bfd9b-313a-4e98-aa4a-0bd40171ee67@group-E578A28B4A79-FollowerState] INFO  impl.RoleInfo (RoleInfo.java:shutdownFollowerState(110)) - d05bfd9b-313a-4e98-aa4a-0bd40171ee67: shutdown d05bfd9b-313a-4e98-aa4a-0bd40171ee67@group-E578A28B4A79-FollowerState
2023-06-29 22:14:09,670 [d05bfd9b-313a-4e98-aa4a-0bd40171ee67@group-E578A28B4A79-FollowerState] INFO  server.RaftServer$Division (RaftServerImpl.java:setRole(329)) - d05bfd9b-313a-4e98-aa4a-0bd40171ee67@group-E578A28B4A79: changes role from  FOLLOWER to CANDIDATE at term 0 for changeToCandidate
2023-06-29 22:14:09,677 [d05bfd9b-313a-4e98-aa4a-0bd40171ee67@group-E578A28B4A79-FollowerState] INFO  server.RaftServerConfigKeys (ConfUtils.java:logGet(46)) - raft.server.leaderelection.pre-vote = true (default)
2023-06-29 22:14:09,677 [d05bfd9b-313a-4e98-aa4a-0bd40171ee67@group-E578A28B4A79-FollowerState] INFO  impl.RoleInfo (RoleInfo.java:updateAndGet(139)) - d05bfd9b-313a-4e98-aa4a-0bd40171ee67: start d05bfd9b-313a-4e98-aa4a-0bd40171ee67@group-E578A28B4A79-LeaderElection21
2023-06-29 22:14:09,680 [grpc-default-executor-0] INFO  server.RaftServer$Division (RaftServerImpl.java:requestVote(1302)) - be8f56ef-e678-472d-afc0-a2265ae98bd6@group-FFC41FE564C3: receive requestVote(PRE_VOTE, d05bfd9b-313a-4e98-aa4a-0bd40171ee67, group-FFC41FE564C3, 0, (t:0, i:0))
2023-06-29 22:14:09,680 [grpc-default-executor-0] INFO  impl.VoteContext (VoteContext.java:log(49)) - be8f56ef-e678-472d-afc0-a2265ae98bd6@group-FFC41FE564C3-FOLLOWER: accept PRE_VOTE from d05bfd9b-313a-4e98-aa4a-0bd40171ee67: our priority 0 <= candidate's priority 1
2023-06-29 22:14:09,680 [grpc-default-executor-0] INFO  server.RaftServer$Division (RaftServerImpl.java:requestVote(1335)) - be8f56ef-e678-472d-afc0-a2265ae98bd6@group-FFC41FE564C3 replies to PRE_VOTE vote request: d05bfd9b-313a-4e98-aa4a-0bd40171ee67<-be8f56ef-e678-472d-afc0-a2265ae98bd6#0:OK-t0. Peer's state: be8f56ef-e678-472d-afc0-a2265ae98bd6@group-FFC41FE564C3:t0, leader=null, voted=, raftlog=Memoized:be8f56ef-e678-472d-afc0-a2265ae98bd6@group-FFC41FE564C3-SegmentedRaftLog:OPENED:c-1, conf=-1: peers:[d05bfd9b-313a-4e98-aa4a-0bd40171ee67|rpc:10.1.0.248:15084|admin:10.1.0.248:15083|client:10.1.0.248:15082|dataStream:10.1.0.248:15085|priority:1|startupRole:FOLLOWER, be8f56ef-e678-472d-afc0-a2265ae98bd6|rpc:10.1.0.248:15093|admin:10.1.0.248:15092|client:10.1.0.248:15091|dataStream:10.1.0.248:15094|priority:0|startupRole:FOLLOWER, 235ec288-f126-4c43-8a80-14f1997ec4a1|rpc:10.1.0.248:15102|admin:10.1.0.248:15101|client:10.1.0.248:15100|dataStream:10.1.0.248:15103|priority:0|startupRole:FOLLOWER]|listeners:[], old=null
2023-06-29 22:14:09,689 [d05bfd9b-313a-4e98-aa4a-0bd40171ee67@group-FFC41FE564C3-LeaderElection20] INFO  server.RaftServerConfigKeys (ConfUtils.java:logFallback(53)) - raft.server.rpc.first-election.timeout.min = 5s (fallback to raft.server.rpc.timeout.min)
2023-06-29 22:14:09,689 [d05bfd9b-313a-4e98-aa4a-0bd40171ee67@group-FFC41FE564C3-LeaderElection20] INFO  server.RaftServerConfigKeys (ConfUtils.java:logFallback(53)) - raft.server.rpc.first-election.timeout.max = 5200ms (fallback to raft.server.rpc.timeout.max)
2023-06-29 22:14:09,689 [d05bfd9b-313a-4e98-aa4a-0bd40171ee67@group-FFC41FE564C3-LeaderElection20] INFO  impl.LeaderElection (LeaderElection.java:logAndReturn(90)) - d05bfd9b-313a-4e98-aa4a-0bd40171ee67@group-FFC41FE564C3-LeaderElection20: PRE_VOTE PASSED received 1 response(s) and 0 exception(s):
2023-06-29 22:14:09,689 [d05bfd9b-313a-4e98-aa4a-0bd40171ee67@group-FFC41FE564C3-LeaderElection20] INFO  impl.LeaderElection (LeaderElection.java:logAndReturn(94)) -   Response 0: d05bfd9b-313a-4e98-aa4a-0bd40171ee67<-be8f56ef-e678-472d-afc0-a2265ae98bd6#0:OK-t0
2023-06-29 22:14:09,689 [d05bfd9b-313a-4e98-aa4a-0bd40171ee67@group-FFC41FE564C3-LeaderElection20] INFO  impl.LeaderElection (LeaderElection.java:askForVotes(323)) - d05bfd9b-313a-4e98-aa4a-0bd40171ee67@group-FFC41FE564C3-LeaderElection20 PRE_VOTE round 0: result PASSED
2023-06-29 22:14:09,690 [d05bfd9b-313a-4e98-aa4a-0bd40171ee67@group-E578A28B4A79-LeaderElection21] INFO  impl.LeaderElection (LeaderElection.java:askForVotes(321)) - d05bfd9b-313a-4e98-aa4a-0bd40171ee67@group-E578A28B4A79-LeaderElection21 PRE_VOTE round 0: submit vote requests at term 0 for -1: peers:[d05bfd9b-313a-4e98-aa4a-0bd40171ee67|rpc:10.1.0.248:15084|admin:10.1.0.248:15083|client:10.1.0.248:15082|dataStream:10.1.0.248:15085|priority:1|startupRole:FOLLOWER]|listeners:[], old=null
2023-06-29 22:14:09,690 [d05bfd9b-313a-4e98-aa4a-0bd40171ee67@group-E578A28B4A79-LeaderElection21] INFO  impl.LeaderElection (LeaderElection.java:askForVotes(323)) - d05bfd9b-313a-4e98-aa4a-0bd40171ee67@group-E578A28B4A79-LeaderElection21 PRE_VOTE round 0: result PASSED (term=0)
2023-06-29 22:14:09,691 [d05bfd9b-313a-4e98-aa4a-0bd40171ee67@group-E578A28B4A79-LeaderElection21] INFO  impl.LeaderElection (LeaderElection.java:askForVotes(321)) - d05bfd9b-313a-4e98-aa4a-0bd40171ee67@group-E578A28B4A79-LeaderElection21 ELECTION round 0: submit vote requests at term 1 for -1: peers:[d05bfd9b-313a-4e98-aa4a-0bd40171ee67|rpc:10.1.0.248:15084|admin:10.1.0.248:15083|client:10.1.0.248:15082|dataStream:10.1.0.248:15085|priority:1|startupRole:FOLLOWER]|listeners:[], old=null
2023-06-29 22:14:09,691 [d05bfd9b-313a-4e98-aa4a-0bd40171ee67@group-E578A28B4A79-LeaderElection21] INFO  impl.LeaderElection (LeaderElection.java:askForVotes(323)) - d05bfd9b-313a-4e98-aa4a-0bd40171ee67@group-E578A28B4A79-LeaderElection21 ELECTION round 0: result PASSED (term=1)
2023-06-29 22:14:09,691 [d05bfd9b-313a-4e98-aa4a-0bd40171ee67@group-E578A28B4A79-LeaderElection21] INFO  impl.RoleInfo (RoleInfo.java:shutdownLeaderElection(130)) - d05bfd9b-313a-4e98-aa4a-0bd40171ee67: shutdown d05bfd9b-313a-4e98-aa4a-0bd40171ee67@group-E578A28B4A79-LeaderElection21
2023-06-29 22:14:09,691 [d05bfd9b-313a-4e98-aa4a-0bd40171ee67@group-E578A28B4A79-LeaderElection21] INFO  server.RaftServer$Division (RaftServerImpl.java:setRole(329)) - d05bfd9b-313a-4e98-aa4a-0bd40171ee67@group-E578A28B4A79: changes role from CANDIDATE to LEADER at term 1 for changeToLeader
2023-06-29 22:14:09,691 [d05bfd9b-313a-4e98-aa4a-0bd40171ee67@group-E578A28B4A79-LeaderElection21] INFO  ratis.XceiverServerRatis (XceiverServerRatis.java:handleLeaderChangedNotification(902)) - Leader change notification received for group: group-E578A28B4A79 with new leaderId: d05bfd9b-313a-4e98-aa4a-0bd40171ee67
2023-06-29 22:14:09,692 [d05bfd9b-313a-4e98-aa4a-0bd40171ee67@group-E578A28B4A79-LeaderElection21] INFO  server.RaftServer$Division (ServerState.java:setLeader(317)) - d05bfd9b-313a-4e98-aa4a-0bd40171ee67@group-E578A28B4A79: change Leader from null to d05bfd9b-313a-4e98-aa4a-0bd40171ee67 at term 1 for becomeLeader, leader elected after 5236ms
2023-06-29 22:14:09,692 [d05bfd9b-313a-4e98-aa4a-0bd40171ee67@group-E578A28B4A79-LeaderElection21] INFO  server.RaftServerConfigKeys (ConfUtils.java:logGet(46)) - raft.server.staging.catchup.gap = 1000 (default)
2023-06-29 22:14:09,692 [d05bfd9b-313a-4e98-aa4a-0bd40171ee67@group-E578A28B4A79-LeaderElection21] INFO  server.RaftServerConfigKeys (ConfUtils.java:logGet(46)) - raft.server.write.element-limit = 1024 (custom)
2023-06-29 22:14:09,692 [d05bfd9b-313a-4e98-aa4a-0bd40171ee67@group-FFC41FE564C3-LeaderElection20] INFO  impl.LeaderElection (LeaderElection.java:askForVotes(321)) - d05bfd9b-313a-4e98-aa4a-0bd40171ee67@group-FFC41FE564C3-LeaderElection20 ELECTION round 0: submit vote requests at term 1 for -1: peers:[d05bfd9b-313a-4e98-aa4a-0bd40171ee67|rpc:10.1.0.248:15084|admin:10.1.0.248:15083|client:10.1.0.248:15082|dataStream:10.1.0.248:15085|priority:1|startupRole:FOLLOWER, be8f56ef-e678-472d-afc0-a2265ae98bd6|rpc:10.1.0.248:15093|admin:10.1.0.248:15092|client:10.1.0.248:15091|dataStream:10.1.0.248:15094|priority:0|startupRole:FOLLOWER, 235ec288-f126-4c43-8a80-14f1997ec4a1|rpc:10.1.0.248:15102|admin:10.1.0.248:15101|client:10.1.0.248:15100|dataStream:10.1.0.248:15103|priority:0|startupRole:FOLLOWER]|listeners:[], old=null
2023-06-29 22:14:09,692 [d05bfd9b-313a-4e98-aa4a-0bd40171ee67@group-E578A28B4A79-LeaderElection21] INFO  server.RaftServerConfigKeys (ConfUtils.java:logGet(46)) - raft.server.write.byte-limit = 1024 M (=1073741824) (custom)
2023-06-29 22:14:09,692 [d05bfd9b-313a-4e98-aa4a-0bd40171ee67@group-E578A28B4A79-LeaderElection21] INFO  server.RaftServerConfigKeys (ConfUtils.java:logGet(46)) - raft.server.watch.timeout = 180s (custom)
2023-06-29 22:14:09,692 [d05bfd9b-313a-4e98-aa4a-0bd40171ee67@group-E578A28B4A79-LeaderElection21] INFO  server.RaftServerConfigKeys (ConfUtils.java:logGet(46)) - raft.server.watch.timeout.denomination = 1s (default)
2023-06-29 22:14:09,692 [d05bfd9b-313a-4e98-aa4a-0bd40171ee67@group-E578A28B4A79-LeaderElection21] INFO  server.RaftServerConfigKeys (ConfUtils.java:logGet(46)) - raft.server.watch.element-limit = 65536 (default)
2023-06-29 22:14:09,693 [EventQueue-OpenPipelineForHealthyPipelineSafeModeRule] INFO  safemode.SCMSafeModeManager (HealthyPipelineSafeModeRule.java:process(137)) - SCM in safe mode. Healthy pipelines reported count is 0, required healthy pipeline reported count is 1
2023-06-29 22:14:09,693 [d05bfd9b-313a-4e98-aa4a-0bd40171ee67@group-E578A28B4A79-LeaderElection21] INFO  server.RaftServerConfigKeys (ConfUtils.java:logGet(46)) - raft.server.write.element-limit = 1024 (custom)
2023-06-29 22:14:09,693 [d05bfd9b-313a-4e98-aa4a-0bd40171ee67@group-E578A28B4A79-LeaderElection21] INFO  server.RaftServerConfigKeys (ConfUtils.java:logGet(46)) - raft.server.write.follower.gap.ratio.max = -1.0 (default)
2023-06-29 22:14:09,693 [d05bfd9b-313a-4e98-aa4a-0bd40171ee67@group-E578A28B4A79-LeaderElection21] INFO  impl.RoleInfo (RoleInfo.java:updateAndGet(139)) - d05bfd9b-313a-4e98-aa4a-0bd40171ee67: start d05bfd9b-313a-4e98-aa4a-0bd40171ee67@group-E578A28B4A79-LeaderStateImpl
2023-06-29 22:14:09,694 [d05bfd9b-313a-4e98-aa4a-0bd40171ee67@group-E578A28B4A79-LeaderElection21] INFO  segmented.SegmentedRaftLogWorker (SegmentedRaftLogWorker.java:startLogSegment(447)) - d05bfd9b-313a-4e98-aa4a-0bd40171ee67@group-E578A28B4A79-SegmentedRaftLogWorker: Starting segment from index:0
2023-06-29 22:14:09,694 [d05bfd9b-313a-4e98-aa4a-0bd40171ee67@group-E578A28B4A79-SegmentedRaftLogWorker] INFO  segmented.SegmentedRaftLogWorker (SegmentedRaftLogWorker.java:execute(651)) - d05bfd9b-313a-4e98-aa4a-0bd40171ee67@group-E578A28B4A79-SegmentedRaftLogWorker: created new log segment /home/runner/work/ozone/ozone/hadoop-ozone/integration-test/target/test-dir/MiniOzoneClusterImpl-306b8aa5-132e-45e2-945e-dc5599b78ca9/datanode-0/data/ratis/c9bd2af9-daab-4adf-ac10-e578a28b4a79/current/log_inprogress_0
2023-06-29 22:14:09,697 [d05bfd9b-313a-4e98-aa4a-0bd40171ee67@group-E578A28B4A79-LeaderElection21] INFO  server.RaftServer$Division (ServerState.java:setRaftConf(434)) - d05bfd9b-313a-4e98-aa4a-0bd40171ee67@group-E578A28B4A79: set configuration 0: peers:[d05bfd9b-313a-4e98-aa4a-0bd40171ee67|rpc:10.1.0.248:15084|admin:10.1.0.248:15083|client:10.1.0.248:15082|dataStream:10.1.0.248:15085|priority:1|startupRole:FOLLOWER]|listeners:[], old=null
2023-06-29 22:14:09,699 [grpc-default-executor-0] INFO  server.RaftServer$Division (RaftServerImpl.java:requestVote(1302)) - 235ec288-f126-4c43-8a80-14f1997ec4a1@group-FFC41FE564C3: receive requestVote(PRE_VOTE, d05bfd9b-313a-4e98-aa4a-0bd40171ee67, group-FFC41FE564C3, 0, (t:0, i:0))
2023-06-29 22:14:09,699 [grpc-default-executor-0] INFO  impl.VoteContext (VoteContext.java:log(49)) - 235ec288-f126-4c43-8a80-14f1997ec4a1@group-FFC41FE564C3-FOLLOWER: accept PRE_VOTE from d05bfd9b-313a-4e98-aa4a-0bd40171ee67: our priority 0 <= candidate's priority 1
2023-06-29 22:14:09,699 [grpc-default-executor-0] INFO  server.RaftServer$Division (RaftServerImpl.java:requestVote(1335)) - 235ec288-f126-4c43-8a80-14f1997ec4a1@group-FFC41FE564C3 replies to PRE_VOTE vote request: d05bfd9b-313a-4e98-aa4a-0bd40171ee67<-235ec288-f126-4c43-8a80-14f1997ec4a1#0:OK-t0. Peer's state: 235ec288-f126-4c43-8a80-14f1997ec4a1@group-FFC41FE564C3:t0, leader=null, voted=, raftlog=Memoized:235ec288-f126-4c43-8a80-14f1997ec4a1@group-FFC41FE564C3-SegmentedRaftLog:OPENED:c-1, conf=-1: peers:[d05bfd9b-313a-4e98-aa4a-0bd40171ee67|rpc:10.1.0.248:15084|admin:10.1.0.248:15083|client:10.1.0.248:15082|dataStream:10.1.0.248:15085|priority:1|startupRole:FOLLOWER, be8f56ef-e678-472d-afc0-a2265ae98bd6|rpc:10.1.0.248:15093|admin:10.1.0.248:15092|client:10.1.0.248:15091|dataStream:10.1.0.248:15094|priority:0|startupRole:FOLLOWER, 235ec288-f126-4c43-8a80-14f1997ec4a1|rpc:10.1.0.248:15102|admin:10.1.0.248:15101|client:10.1.0.248:15100|dataStream:10.1.0.248:15103|priority:0|startupRole:FOLLOWER]|listeners:[], old=null
2023-06-29 22:14:09,705 [d05bfd9b-313a-4e98-aa4a-0bd40171ee67@group-FFC41FE564C3-LeaderElection20] INFO  server.RaftServerConfigKeys (ConfUtils.java:logFallback(53)) - raft.server.rpc.first-election.timeout.min = 5s (fallback to raft.server.rpc.timeout.min)
2023-06-29 22:14:09,706 [d05bfd9b-313a-4e98-aa4a-0bd40171ee67@group-FFC41FE564C3-LeaderElection20] INFO  server.RaftServerConfigKeys (ConfUtils.java:logFallback(53)) - raft.server.rpc.first-election.timeout.max = 5200ms (fallback to raft.server.rpc.timeout.max)
2023-06-29 22:14:09,707 [grpc-default-executor-0] INFO  server.RaftServer$Division (RaftServerImpl.java:requestVote(1302)) - 235ec288-f126-4c43-8a80-14f1997ec4a1@group-FFC41FE564C3: receive requestVote(ELECTION, d05bfd9b-313a-4e98-aa4a-0bd40171ee67, group-FFC41FE564C3, 1, (t:0, i:0))
2023-06-29 22:14:09,707 [grpc-default-executor-0] INFO  impl.VoteContext (VoteContext.java:log(49)) - 235ec288-f126-4c43-8a80-14f1997ec4a1@group-FFC41FE564C3-FOLLOWER: accept ELECTION from d05bfd9b-313a-4e98-aa4a-0bd40171ee67: our priority 0 <= candidate's priority 1
2023-06-29 22:14:09,707 [grpc-default-executor-0] INFO  server.RaftServer$Division (RaftServerImpl.java:setRole(329)) - 235ec288-f126-4c43-8a80-14f1997ec4a1@group-FFC41FE564C3: changes role from  FOLLOWER to FOLLOWER at term 1 for candidate:d05bfd9b-313a-4e98-aa4a-0bd40171ee67
2023-06-29 22:14:09,707 [grpc-default-executor-0] INFO  impl.RoleInfo (RoleInfo.java:shutdownFollowerState(110)) - 235ec288-f126-4c43-8a80-14f1997ec4a1: shutdown 235ec288-f126-4c43-8a80-14f1997ec4a1@group-FFC41FE564C3-FollowerState
2023-06-29 22:14:09,708 [235ec288-f126-4c43-8a80-14f1997ec4a1@group-FFC41FE564C3-FollowerState] INFO  impl.FollowerState (FollowerState.java:run(152)) - 235ec288-f126-4c43-8a80-14f1997ec4a1@group-FFC41FE564C3-FollowerState was interrupted
2023-06-29 22:14:09,713 [grpc-default-executor-0] INFO  impl.RoleInfo (RoleInfo.java:updateAndGet(139)) - 235ec288-f126-4c43-8a80-14f1997ec4a1: start 235ec288-f126-4c43-8a80-14f1997ec4a1@group-FFC41FE564C3-FollowerState
2023-06-29 22:14:09,717 [grpc-default-executor-0] INFO  server.RaftServer$Division (RaftServerImpl.java:requestVote(1335)) - 235ec288-f126-4c43-8a80-14f1997ec4a1@group-FFC41FE564C3 replies to ELECTION vote request: d05bfd9b-313a-4e98-aa4a-0bd40171ee67<-235ec288-f126-4c43-8a80-14f1997ec4a1#0:OK-t1. Peer's state: 235ec288-f126-4c43-8a80-14f1997ec4a1@group-FFC41FE564C3:t1, leader=null, voted=d05bfd9b-313a-4e98-aa4a-0bd40171ee67, raftlog=Memoized:235ec288-f126-4c43-8a80-14f1997ec4a1@group-FFC41FE564C3-SegmentedRaftLog:OPENED:c-1, conf=-1: peers:[d05bfd9b-313a-4e98-aa4a-0bd40171ee67|rpc:10.1.0.248:15084|admin:10.1.0.248:15083|client:10.1.0.248:15082|dataStream:10.1.0.248:15085|priority:1|startupRole:FOLLOWER, be8f56ef-e678-472d-afc0-a2265ae98bd6|rpc:10.1.0.248:15093|admin:10.1.0.248:15092|client:10.1.0.248:15091|dataStream:10.1.0.248:15094|priority:0|startupRole:FOLLOWER, 235ec288-f126-4c43-8a80-14f1997ec4a1|rpc:10.1.0.248:15102|admin:10.1.0.248:15101|client:10.1.0.248:15100|dataStream:10.1.0.248:15103|priority:0|startupRole:FOLLOWER]|listeners:[], old=null
2023-06-29 22:14:09,717 [grpc-default-executor-1] INFO  server.RaftServer$Division (RaftServerImpl.java:requestVote(1302)) - be8f56ef-e678-472d-afc0-a2265ae98bd6@group-FFC41FE564C3: receive requestVote(ELECTION, d05bfd9b-313a-4e98-aa4a-0bd40171ee67, group-FFC41FE564C3, 1, (t:0, i:0))
2023-06-29 22:14:09,718 [grpc-default-executor-1] INFO  impl.VoteContext (VoteContext.java:log(49)) - be8f56ef-e678-472d-afc0-a2265ae98bd6@group-FFC41FE564C3-FOLLOWER: accept ELECTION from d05bfd9b-313a-4e98-aa4a-0bd40171ee67: our priority 0 <= candidate's priority 1
2023-06-29 22:14:09,718 [grpc-default-executor-1] INFO  server.RaftServer$Division (RaftServerImpl.java:setRole(329)) - be8f56ef-e678-472d-afc0-a2265ae98bd6@group-FFC41FE564C3: changes role from  FOLLOWER to FOLLOWER at term 1 for candidate:d05bfd9b-313a-4e98-aa4a-0bd40171ee67
2023-06-29 22:14:09,718 [grpc-default-executor-1] INFO  impl.RoleInfo (RoleInfo.java:shutdownFollowerState(110)) - be8f56ef-e678-472d-afc0-a2265ae98bd6: shutdown be8f56ef-e678-472d-afc0-a2265ae98bd6@group-FFC41FE564C3-FollowerState
2023-06-29 22:14:09,718 [grpc-default-executor-1] INFO  impl.RoleInfo (RoleInfo.java:updateAndGet(139)) - be8f56ef-e678-472d-afc0-a2265ae98bd6: start be8f56ef-e678-472d-afc0-a2265ae98bd6@group-FFC41FE564C3-FollowerState
2023-06-29 22:14:09,718 [be8f56ef-e678-472d-afc0-a2265ae98bd6@group-FFC41FE564C3-FollowerState] INFO  impl.FollowerState (FollowerState.java:run(152)) - be8f56ef-e678-472d-afc0-a2265ae98bd6@group-FFC41FE564C3-FollowerState was interrupted
2023-06-29 22:14:09,719 [d05bfd9b-313a-4e98-aa4a-0bd40171ee67@group-FFC41FE564C3-LeaderElection20] INFO  impl.LeaderElection (LeaderElection.java:logAndReturn(90)) - d05bfd9b-313a-4e98-aa4a-0bd40171ee67@group-FFC41FE564C3-LeaderElection20: ELECTION PASSED received 1 response(s) and 0 exception(s):
2023-06-29 22:14:09,719 [d05bfd9b-313a-4e98-aa4a-0bd40171ee67@group-FFC41FE564C3-LeaderElection20] INFO  impl.LeaderElection (LeaderElection.java:logAndReturn(94)) -   Response 0: d05bfd9b-313a-4e98-aa4a-0bd40171ee67<-235ec288-f126-4c43-8a80-14f1997ec4a1#0:OK-t1
2023-06-29 22:14:09,719 [d05bfd9b-313a-4e98-aa4a-0bd40171ee67@group-FFC41FE564C3-LeaderElection20] INFO  impl.LeaderElection (LeaderElection.java:askForVotes(323)) - d05bfd9b-313a-4e98-aa4a-0bd40171ee67@group-FFC41FE564C3-LeaderElection20 ELECTION round 0: result PASSED
2023-06-29 22:14:09,719 [d05bfd9b-313a-4e98-aa4a-0bd40171ee67@group-FFC41FE564C3-LeaderElection20] INFO  impl.RoleInfo (RoleInfo.java:shutdownLeaderElection(130)) - d05bfd9b-313a-4e98-aa4a-0bd40171ee67: shutdown d05bfd9b-313a-4e98-aa4a-0bd40171ee67@group-FFC41FE564C3-LeaderElection20
2023-06-29 22:14:09,719 [d05bfd9b-313a-4e98-aa4a-0bd40171ee67@group-FFC41FE564C3-LeaderElection20] INFO  server.RaftServer$Division (RaftServerImpl.java:setRole(329)) - d05bfd9b-313a-4e98-aa4a-0bd40171ee67@group-FFC41FE564C3: changes role from CANDIDATE to LEADER at term 1 for changeToLeader
2023-06-29 22:14:09,719 [d05bfd9b-313a-4e98-aa4a-0bd40171ee67@group-FFC41FE564C3-LeaderElection20] INFO  ratis.XceiverServerRatis (XceiverServerRatis.java:handleLeaderChangedNotification(902)) - Leader change notification received for group: group-FFC41FE564C3 with new leaderId: d05bfd9b-313a-4e98-aa4a-0bd40171ee67
2023-06-29 22:14:09,719 [d05bfd9b-313a-4e98-aa4a-0bd40171ee67@group-FFC41FE564C3-LeaderElection20] INFO  server.RaftServer$Division (ServerState.java:setLeader(317)) - d05bfd9b-313a-4e98-aa4a-0bd40171ee67@group-FFC41FE564C3: change Leader from null to d05bfd9b-313a-4e98-aa4a-0bd40171ee67 at term 1 for becomeLeader, leader elected after 5233ms
2023-06-29 22:14:09,719 [d05bfd9b-313a-4e98-aa4a-0bd40171ee67@group-FFC41FE564C3-LeaderElection20] INFO  server.RaftServerConfigKeys (ConfUtils.java:logGet(46)) - raft.server.staging.catchup.gap = 1000 (default)
2023-06-29 22:14:09,720 [d05bfd9b-313a-4e98-aa4a-0bd40171ee67@group-FFC41FE564C3-LeaderElection20] INFO  server.RaftServerConfigKeys (ConfUtils.java:logGet(46)) - raft.server.write.element-limit = 1024 (custom)
2023-06-29 22:14:09,720 [d05bfd9b-313a-4e98-aa4a-0bd40171ee67@group-FFC41FE564C3-LeaderElection20] INFO  server.RaftServerConfigKeys (ConfUtils.java:logGet(46)) - raft.server.write.byte-limit = 1024 M (=1073741824) (custom)
2023-06-29 22:14:09,720 [d05bfd9b-313a-4e98-aa4a-0bd40171ee67@group-FFC41FE564C3-LeaderElection20] INFO  server.RaftServerConfigKeys (ConfUtils.java:logGet(46)) - raft.server.watch.timeout = 180s (custom)
2023-06-29 22:14:09,720 [d05bfd9b-313a-4e98-aa4a-0bd40171ee67@group-FFC41FE564C3-LeaderElection20] INFO  server.RaftServerConfigKeys (ConfUtils.java:logGet(46)) - raft.server.watch.timeout.denomination = 1s (default)
2023-06-29 22:14:09,720 [d05bfd9b-313a-4e98-aa4a-0bd40171ee67@group-FFC41FE564C3-LeaderElection20] INFO  server.RaftServerConfigKeys (ConfUtils.java:logGet(46)) - raft.server.watch.element-limit = 65536 (default)
2023-06-29 22:14:09,720 [d05bfd9b-313a-4e98-aa4a-0bd40171ee67@group-FFC41FE564C3-LeaderElection20] INFO  server.RaftServerConfigKeys (ConfUtils.java:logGet(46)) - raft.server.write.element-limit = 1024 (custom)
2023-06-29 22:14:09,720 [d05bfd9b-313a-4e98-aa4a-0bd40171ee67@group-FFC41FE564C3-LeaderElection20] INFO  server.RaftServerConfigKeys (ConfUtils.java:logGet(46)) - raft.server.write.follower.gap.ratio.max = -1.0 (default)
2023-06-29 22:14:09,720 [d05bfd9b-313a-4e98-aa4a-0bd40171ee67@group-FFC41FE564C3-LeaderElection20] INFO  server.RaftServerConfigKeys (ConfUtils.java:logGet(46)) - raft.server.log.appender.snapshot.chunk.size.max = 16MB (=16777216) (default)
2023-06-29 22:14:09,720 [d05bfd9b-313a-4e98-aa4a-0bd40171ee67@group-FFC41FE564C3-LeaderElection20] INFO  server.RaftServerConfigKeys (ConfUtils.java:logGet(46)) - raft.server.log.appender.buffer.byte-limit = 33554432 (custom)
2023-06-29 22:14:09,720 [d05bfd9b-313a-4e98-aa4a-0bd40171ee67@group-FFC41FE564C3-LeaderElection20] INFO  server.RaftServerConfigKeys (ConfUtils.java:logGet(46)) - raft.server.log.appender.buffer.element-limit = 1 (custom)
2023-06-29 22:14:09,720 [d05bfd9b-313a-4e98-aa4a-0bd40171ee67@group-FFC41FE564C3-LeaderElection20] INFO  server.RaftServerConfigKeys (ConfUtils.java:logGet(46)) - raft.server.log.appender.wait-time.min = 10ms (default)
2023-06-29 22:14:09,720 [d05bfd9b-313a-4e98-aa4a-0bd40171ee67@group-FFC41FE564C3-LeaderElection20] INFO  grpc.GrpcConfigKeys (ConfUtils.java:logGet(46)) - raft.grpc.server.leader.outstanding.appends.max = 128 (default)
2023-06-29 22:14:09,720 [d05bfd9b-313a-4e98-aa4a-0bd40171ee67@group-FFC41FE564C3-LeaderElection20] INFO  server.RaftServerConfigKeys (ConfUtils.java:logGet(46)) - raft.server.rpc.request.timeout = 60s (custom)
2023-06-29 22:14:09,720 [d05bfd9b-313a-4e98-aa4a-0bd40171ee67@group-FFC41FE564C3-LeaderElection20] INFO  grpc.GrpcConfigKeys (ConfUtils.java:logGet(46)) - raft.grpc.server.install_snapshot.request.element-limit = 8 (default)
2023-06-29 22:14:09,721 [d05bfd9b-313a-4e98-aa4a-0bd40171ee67@group-FFC41FE564C3-LeaderElection20] INFO  grpc.GrpcConfigKeys (ConfUtils.java:logGet(46)) - raft.grpc.server.install_snapshot.request.timeout = 3000ms (default)
2023-06-29 22:14:09,721 [d05bfd9b-313a-4e98-aa4a-0bd40171ee67@group-FFC41FE564C3-LeaderElection20] INFO  server.RaftServerConfigKeys (ConfUtils.java:logGet(46)) - raft.server.log.appender.install.snapshot.enabled = false (custom)
2023-06-29 22:14:09,721 [d05bfd9b-313a-4e98-aa4a-0bd40171ee67@group-FFC41FE564C3-LeaderElection20] INFO  grpc.GrpcConfigKeys (ConfUtils.java:logGet(46)) - raft.grpc.server.heartbeat.channel = true (default)
2023-06-29 22:14:09,721 [grpc-default-executor-1] INFO  server.RaftServer$Division (RaftServerImpl.java:requestVote(1335)) - be8f56ef-e678-472d-afc0-a2265ae98bd6@group-FFC41FE564C3 replies to ELECTION vote request: d05bfd9b-313a-4e98-aa4a-0bd40171ee67<-be8f56ef-e678-472d-afc0-a2265ae98bd6#0:OK-t1. Peer's state: be8f56ef-e678-472d-afc0-a2265ae98bd6@group-FFC41FE564C3:t1, leader=null, voted=d05bfd9b-313a-4e98-aa4a-0bd40171ee67, raftlog=Memoized:be8f56ef-e678-472d-afc0-a2265ae98bd6@group-FFC41FE564C3-SegmentedRaftLog:OPENED:c-1, conf=-1: peers:[d05bfd9b-313a-4e98-aa4a-0bd40171ee67|rpc:10.1.0.248:15084|admin:10.1.0.248:15083|client:10.1.0.248:15082|dataStream:10.1.0.248:15085|priority:1|startupRole:FOLLOWER, be8f56ef-e678-472d-afc0-a2265ae98bd6|rpc:10.1.0.248:15093|admin:10.1.0.248:15092|client:10.1.0.248:15091|dataStream:10.1.0.248:15094|priority:0|startupRole:FOLLOWER, 235ec288-f126-4c43-8a80-14f1997ec4a1|rpc:10.1.0.248:15102|admin:10.1.0.248:15101|client:10.1.0.248:15100|dataStream:10.1.0.248:15103|priority:0|startupRole:FOLLOWER]|listeners:[], old=null
2023-06-29 22:14:09,721 [d05bfd9b-313a-4e98-aa4a-0bd40171ee67@group-FFC41FE564C3-LeaderElection20] INFO  server.RaftServerConfigKeys (ConfUtils.java:logGet(46)) - raft.server.log.appender.snapshot.chunk.size.max = 16MB (=16777216) (default)
2023-06-29 22:14:09,721 [d05bfd9b-313a-4e98-aa4a-0bd40171ee67@group-FFC41FE564C3-LeaderElection20] INFO  server.RaftServerConfigKeys (ConfUtils.java:logGet(46)) - raft.server.log.appender.buffer.byte-limit = 33554432 (custom)
2023-06-29 22:14:09,721 [d05bfd9b-313a-4e98-aa4a-0bd40171ee67@group-FFC41FE564C3-LeaderElection20] INFO  server.RaftServerConfigKeys (ConfUtils.java:logGet(46)) - raft.server.log.appender.buffer.element-limit = 1 (custom)
2023-06-29 22:14:09,721 [d05bfd9b-313a-4e98-aa4a-0bd40171ee67@group-FFC41FE564C3-LeaderElection20] INFO  server.RaftServerConfigKeys (ConfUtils.java:logGet(46)) - raft.server.log.appender.wait-time.min = 10ms (default)
2023-06-29 22:14:09,721 [d05bfd9b-313a-4e98-aa4a-0bd40171ee67@group-FFC41FE564C3-LeaderElection20] INFO  grpc.GrpcConfigKeys (ConfUtils.java:logGet(46)) - raft.grpc.server.leader.outstanding.appends.max = 128 (default)
2023-06-29 22:14:09,721 [d05bfd9b-313a-4e98-aa4a-0bd40171ee67@group-FFC41FE564C3-LeaderElection20] INFO  server.RaftServerConfigKeys (ConfUtils.java:logGet(46)) - raft.server.rpc.request.timeout = 60s (custom)
2023-06-29 22:14:09,721 [d05bfd9b-313a-4e98-aa4a-0bd40171ee67@group-FFC41FE564C3-LeaderElection20] INFO  grpc.GrpcConfigKeys (ConfUtils.java:logGet(46)) - raft.grpc.server.install_snapshot.request.element-limit = 8 (default)
2023-06-29 22:14:09,721 [d05bfd9b-313a-4e98-aa4a-0bd40171ee67@group-FFC41FE564C3-LeaderElection20] INFO  grpc.GrpcConfigKeys (ConfUtils.java:logGet(46)) - raft.grpc.server.install_snapshot.request.timeout = 3000ms (default)
2023-06-29 22:14:09,721 [d05bfd9b-313a-4e98-aa4a-0bd40171ee67@group-FFC41FE564C3-LeaderElection20] INFO  server.RaftServerConfigKeys (ConfUtils.java:logGet(46)) - raft.server.log.appender.install.snapshot.enabled = false (custom)
2023-06-29 22:14:09,721 [d05bfd9b-313a-4e98-aa4a-0bd40171ee67@group-FFC41FE564C3-LeaderElection20] INFO  grpc.GrpcConfigKeys (ConfUtils.java:logGet(46)) - raft.grpc.server.heartbeat.channel = true (default)
2023-06-29 22:14:09,721 [d05bfd9b-313a-4e98-aa4a-0bd40171ee67@group-FFC41FE564C3-LeaderElection20] INFO  impl.RoleInfo (RoleInfo.java:updateAndGet(139)) - d05bfd9b-313a-4e98-aa4a-0bd40171ee67: start d05bfd9b-313a-4e98-aa4a-0bd40171ee67@group-FFC41FE564C3-LeaderStateImpl
2023-06-29 22:14:09,722 [d05bfd9b-313a-4e98-aa4a-0bd40171ee67@group-FFC41FE564C3-LeaderElection20] INFO  segmented.SegmentedRaftLogWorker (SegmentedRaftLogWorker.java:startLogSegment(447)) - d05bfd9b-313a-4e98-aa4a-0bd40171ee67@group-FFC41FE564C3-SegmentedRaftLogWorker: Starting segment from index:0
2023-06-29 22:14:09,723 [EventQueue-PipelineReportForPipelineReportHandler] INFO  pipeline.PipelineReportHandler (PipelineReportHandler.java:processPipelineReport(136)) - Opened pipeline PipelineID=2c9730ca-b5ff-4963-aa5c-ffc41fe564c3
2023-06-29 22:14:09,724 [EventQueue-OpenPipelineForHealthyPipelineSafeModeRule] INFO  safemode.SCMSafeModeManager (HealthyPipelineSafeModeRule.java:process(137)) - SCM in safe mode. Healthy pipelines reported count is 0, required healthy pipeline reported count is 1
2023-06-29 22:14:09,724 [EventQueue-OpenPipelineForHealthyPipelineSafeModeRule] INFO  safemode.SCMSafeModeManager (HealthyPipelineSafeModeRule.java:process(137)) - SCM in safe mode. Healthy pipelines reported count is 1, required healthy pipeline reported count is 1
2023-06-29 22:14:09,724 [EventQueue-OpenPipelineForHealthyPipelineSafeModeRule] INFO  safemode.SCMSafeModeManager (SCMSafeModeManager.java:validateSafeModeExitRules(200)) - HealthyPipelineSafeModeRule rule is successfully validated
2023-06-29 22:14:09,724 [EventQueue-OpenPipelineForHealthyPipelineSafeModeRule] INFO  safemode.SCMSafeModeManager (SCMSafeModeManager.java:validateSafeModeExitRules(215)) - ScmSafeModeManager, all rules are successfully validated
2023-06-29 22:14:09,724 [EventQueue-OpenPipelineForHealthyPipelineSafeModeRule] INFO  safemode.SCMSafeModeManager (SCMSafeModeManager.java:exitSafeMode(244)) - SCM exiting safe mode.
2023-06-29 22:14:09,724 [EventQueue-OpenPipelineForHealthyPipelineSafeModeRule] INFO  ha.SCMContext (SCMContext.java:updateSafeModeStatus(228)) - Update SafeModeStatus from SafeModeStatus{safeModeStatus=true, preCheckPassed=true} to SafeModeStatus{safeModeStatus=false, preCheckPassed=true}.
2023-06-29 22:14:09,724 [EventQueue-OpenPipelineForHealthyPipelineSafeModeRule] INFO  pipeline.BackgroundPipelineCreator (BackgroundPipelineCreator.java:notifyStatusChanged(255)) - Service BackgroundPipelineCreator transitions to RUNNING.
2023-06-29 22:14:09,724 [EventQueue-OpenPipelineForHealthyPipelineSafeModeRule] INFO  BackgroundPipelineScrubber (BackgroundSCMService.java:notifyStatusChanged(82)) - Service BackgroundPipelineScrubber transitions to RUNNING.
2023-06-29 22:14:09,724 [EventQueue-OpenPipelineForHealthyPipelineSafeModeRule] INFO  ExpiredContainerReplicaOpScrubber (BackgroundSCMService.java:notifyStatusChanged(82)) - Service ExpiredContainerReplicaOpScrubber transitions to RUNNING.
2023-06-29 22:14:09,724 [EventQueue-OpenPipelineForHealthyPipelineSafeModeRule] INFO  replication.ReplicationManager (ReplicationManager.java:notifyStatusChanged(1366)) - Service ReplicationManager transitions to RUNNING.
2023-06-29 22:14:09,724 [EventQueue-OpenPipelineForHealthyPipelineSafeModeRule] WARN  balancer.ContainerBalancer (ContainerBalancer.java:shouldRun(134)) - Could not find persisted configuration for ContainerBalancer when checking if ContainerBalancer should run. ContainerBalancer should not run now.
2023-06-29 22:14:09,726 [d05bfd9b-313a-4e98-aa4a-0bd40171ee67@group-FFC41FE564C3-SegmentedRaftLogWorker] INFO  segmented.SegmentedRaftLogWorker (SegmentedRaftLogWorker.java:execute(651)) - d05bfd9b-313a-4e98-aa4a-0bd40171ee67@group-FFC41FE564C3-SegmentedRaftLogWorker: created new log segment /home/runner/work/ozone/ozone/hadoop-ozone/integration-test/target/test-dir/MiniOzoneClusterImpl-306b8aa5-132e-45e2-945e-dc5599b78ca9/datanode-0/data/ratis/2c9730ca-b5ff-4963-aa5c-ffc41fe564c3/current/log_inprogress_0
2023-06-29 22:14:09,741 [d05bfd9b-313a-4e98-aa4a-0bd40171ee67@group-FFC41FE564C3-LeaderElection20] INFO  server.RaftServer$Division (ServerState.java:setRaftConf(434)) - d05bfd9b-313a-4e98-aa4a-0bd40171ee67@group-FFC41FE564C3: set configuration 0: peers:[d05bfd9b-313a-4e98-aa4a-0bd40171ee67|rpc:10.1.0.248:15084|admin:10.1.0.248:15083|client:10.1.0.248:15082|dataStream:10.1.0.248:15085|priority:1|startupRole:FOLLOWER, be8f56ef-e678-472d-afc0-a2265ae98bd6|rpc:10.1.0.248:15093|admin:10.1.0.248:15092|client:10.1.0.248:15091|dataStream:10.1.0.248:15094|priority:0|startupRole:FOLLOWER, 235ec288-f126-4c43-8a80-14f1997ec4a1|rpc:10.1.0.248:15102|admin:10.1.0.248:15101|client:10.1.0.248:15100|dataStream:10.1.0.248:15103|priority:0|startupRole:FOLLOWER]|listeners:[], old=null
2023-06-29 22:14:09,743 [be8f56ef-e678-472d-afc0-a2265ae98bd6@group-697E46F0A3C0-FollowerState] INFO  impl.FollowerState (FollowerState.java:run(143)) - be8f56ef-e678-472d-afc0-a2265ae98bd6@group-697E46F0A3C0-FollowerState: change to CANDIDATE, lastRpcElapsedTime:5098403174ns, electionTimeout:5094ms
2023-06-29 22:14:09,743 [be8f56ef-e678-472d-afc0-a2265ae98bd6@group-697E46F0A3C0-FollowerState] INFO  impl.RoleInfo (RoleInfo.java:shutdownFollowerState(110)) - be8f56ef-e678-472d-afc0-a2265ae98bd6: shutdown be8f56ef-e678-472d-afc0-a2265ae98bd6@group-697E46F0A3C0-FollowerState
2023-06-29 22:14:09,744 [be8f56ef-e678-472d-afc0-a2265ae98bd6@group-697E46F0A3C0-FollowerState] INFO  server.RaftServer$Division (RaftServerImpl.java:setRole(329)) - be8f56ef-e678-472d-afc0-a2265ae98bd6@group-697E46F0A3C0: changes role from  FOLLOWER to CANDIDATE at term 0 for changeToCandidate
2023-06-29 22:14:09,746 [be8f56ef-e678-472d-afc0-a2265ae98bd6-server-thread1] INFO  ratis.XceiverServerRatis (XceiverServerRatis.java:handleLeaderChangedNotification(902)) - Leader change notification received for group: group-FFC41FE564C3 with new leaderId: d05bfd9b-313a-4e98-aa4a-0bd40171ee67
2023-06-29 22:14:09,747 [be8f56ef-e678-472d-afc0-a2265ae98bd6-server-thread1] INFO  server.RaftServer$Division (ServerState.java:setLeader(317)) - be8f56ef-e678-472d-afc0-a2265ae98bd6@group-FFC41FE564C3: change Leader from null to d05bfd9b-313a-4e98-aa4a-0bd40171ee67 at term 1 for appendEntries, leader elected after 5232ms
2023-06-29 22:14:09,751 [be8f56ef-e678-472d-afc0-a2265ae98bd6-server-thread1] INFO  server.RaftServer$Division (ServerState.java:setRaftConf(434)) - be8f56ef-e678-472d-afc0-a2265ae98bd6@group-FFC41FE564C3: set configuration 0: peers:[d05bfd9b-313a-4e98-aa4a-0bd40171ee67|rpc:10.1.0.248:15084|admin:10.1.0.248:15083|client:10.1.0.248:15082|dataStream:10.1.0.248:15085|priority:1|startupRole:FOLLOWER, be8f56ef-e678-472d-afc0-a2265ae98bd6|rpc:10.1.0.248:15093|admin:10.1.0.248:15092|client:10.1.0.248:15091|dataStream:10.1.0.248:15094|priority:0|startupRole:FOLLOWER, 235ec288-f126-4c43-8a80-14f1997ec4a1|rpc:10.1.0.248:15102|admin:10.1.0.248:15101|client:10.1.0.248:15100|dataStream:10.1.0.248:15103|priority:0|startupRole:FOLLOWER]|listeners:[], old=null
2023-06-29 22:14:09,751 [be8f56ef-e678-472d-afc0-a2265ae98bd6-server-thread1] INFO  segmented.SegmentedRaftLogWorker (SegmentedRaftLogWorker.java:startLogSegment(447)) - be8f56ef-e678-472d-afc0-a2265ae98bd6@group-FFC41FE564C3-SegmentedRaftLogWorker: Starting segment from index:0
2023-06-29 22:14:09,753 [be8f56ef-e678-472d-afc0-a2265ae98bd6@group-697E46F0A3C0-FollowerState] INFO  server.RaftServerConfigKeys (ConfUtils.java:logGet(46)) - raft.server.leaderelection.pre-vote = true (default)
2023-06-29 22:14:09,753 [be8f56ef-e678-472d-afc0-a2265ae98bd6@group-697E46F0A3C0-FollowerState] INFO  impl.RoleInfo (RoleInfo.java:updateAndGet(139)) - be8f56ef-e678-472d-afc0-a2265ae98bd6: start be8f56ef-e678-472d-afc0-a2265ae98bd6@group-697E46F0A3C0-LeaderElection22
2023-06-29 22:14:09,756 [be8f56ef-e678-472d-afc0-a2265ae98bd6@group-697E46F0A3C0-LeaderElection22] INFO  impl.LeaderElection (LeaderElection.java:askForVotes(321)) - be8f56ef-e678-472d-afc0-a2265ae98bd6@group-697E46F0A3C0-LeaderElection22 PRE_VOTE round 0: submit vote requests at term 0 for -1: peers:[d05bfd9b-313a-4e98-aa4a-0bd40171ee67|rpc:10.1.0.248:15084|admin:10.1.0.248:15083|client:10.1.0.248:15082|dataStream:10.1.0.248:15085|priority:0|startupRole:FOLLOWER, be8f56ef-e678-472d-afc0-a2265ae98bd6|rpc:10.1.0.248:15093|admin:10.1.0.248:15092|client:10.1.0.248:15091|dataStream:10.1.0.248:15094|priority:1|startupRole:FOLLOWER, 235ec288-f126-4c43-8a80-14f1997ec4a1|rpc:10.1.0.248:15102|admin:10.1.0.248:15101|client:10.1.0.248:15100|dataStream:10.1.0.248:15103|priority:0|startupRole:FOLLOWER]|listeners:[], old=null
2023-06-29 22:14:09,766 [be8f56ef-e678-472d-afc0-a2265ae98bd6@group-A529D35D87D8-FollowerState] INFO  impl.FollowerState (FollowerState.java:run(143)) - be8f56ef-e678-472d-afc0-a2265ae98bd6@group-A529D35D87D8-FollowerState: change to CANDIDATE, lastRpcElapsedTime:5018259051ns, electionTimeout:5014ms
2023-06-29 22:14:09,766 [be8f56ef-e678-472d-afc0-a2265ae98bd6@group-A529D35D87D8-FollowerState] INFO  impl.RoleInfo (RoleInfo.java:shutdownFollowerState(110)) - be8f56ef-e678-472d-afc0-a2265ae98bd6: shutdown be8f56ef-e678-472d-afc0-a2265ae98bd6@group-A529D35D87D8-FollowerState
2023-06-29 22:14:09,766 [be8f56ef-e678-472d-afc0-a2265ae98bd6@group-A529D35D87D8-FollowerState] INFO  server.RaftServer$Division (RaftServerImpl.java:setRole(329)) - be8f56ef-e678-472d-afc0-a2265ae98bd6@group-A529D35D87D8: changes role from  FOLLOWER to CANDIDATE at term 0 for changeToCandidate
2023-06-29 22:14:09,767 [be8f56ef-e678-472d-afc0-a2265ae98bd6@group-FFC41FE564C3-SegmentedRaftLogWorker] INFO  segmented.SegmentedRaftLogWorker (SegmentedRaftLogWorker.java:execute(651)) - be8f56ef-e678-472d-afc0-a2265ae98bd6@group-FFC41FE564C3-SegmentedRaftLogWorker: created new log segment /home/runner/work/ozone/ozone/hadoop-ozone/integration-test/target/test-dir/MiniOzoneClusterImpl-306b8aa5-132e-45e2-945e-dc5599b78ca9/datanode-1/data/ratis/2c9730ca-b5ff-4963-aa5c-ffc41fe564c3/current/log_inprogress_0
2023-06-29 22:14:09,770 [be8f56ef-e678-472d-afc0-a2265ae98bd6@group-697E46F0A3C0-LeaderElection22] INFO  server.RaftServerConfigKeys (ConfUtils.java:logFallback(53)) - raft.server.rpc.first-election.timeout.min = 5s (fallback to raft.server.rpc.timeout.min)
2023-06-29 22:14:09,770 [be8f56ef-e678-472d-afc0-a2265ae98bd6@group-697E46F0A3C0-LeaderElection22] INFO  server.RaftServerConfigKeys (ConfUtils.java:logFallback(53)) - raft.server.rpc.first-election.timeout.max = 5200ms (fallback to raft.server.rpc.timeout.max)
2023-06-29 22:14:09,771 [be8f56ef-e678-472d-afc0-a2265ae98bd6@group-A529D35D87D8-FollowerState] INFO  server.RaftServerConfigKeys (ConfUtils.java:logGet(46)) - raft.server.leaderelection.pre-vote = true (default)
2023-06-29 22:14:09,771 [be8f56ef-e678-472d-afc0-a2265ae98bd6@group-A529D35D87D8-FollowerState] INFO  impl.RoleInfo (RoleInfo.java:updateAndGet(139)) - be8f56ef-e678-472d-afc0-a2265ae98bd6: start be8f56ef-e678-472d-afc0-a2265ae98bd6@group-A529D35D87D8-LeaderElection23
2023-06-29 22:14:09,771 [235ec288-f126-4c43-8a80-14f1997ec4a1-server-thread1] INFO  ratis.XceiverServerRatis (XceiverServerRatis.java:handleLeaderChangedNotification(902)) - Leader change notification received for group: group-FFC41FE564C3 with new leaderId: d05bfd9b-313a-4e98-aa4a-0bd40171ee67
2023-06-29 22:14:09,771 [235ec288-f126-4c43-8a80-14f1997ec4a1-server-thread1] INFO  server.RaftServer$Division (ServerState.java:setLeader(317)) - 235ec288-f126-4c43-8a80-14f1997ec4a1@group-FFC41FE564C3: change Leader from null to d05bfd9b-313a-4e98-aa4a-0bd40171ee67 at term 1 for appendEntries, leader elected after 5218ms
2023-06-29 22:14:09,773 [235ec288-f126-4c43-8a80-14f1997ec4a1-server-thread1] INFO  server.RaftServer$Division (ServerState.java:setRaftConf(434)) - 235ec288-f126-4c43-8a80-14f1997ec4a1@group-FFC41FE564C3: set configuration 0: peers:[d05bfd9b-313a-4e98-aa4a-0bd40171ee67|rpc:10.1.0.248:15084|admin:10.1.0.248:15083|client:10.1.0.248:15082|dataStream:10.1.0.248:15085|priority:1|startupRole:FOLLOWER, be8f56ef-e678-472d-afc0-a2265ae98bd6|rpc:10.1.0.248:15093|admin:10.1.0.248:15092|client:10.1.0.248:15091|dataStream:10.1.0.248:15094|priority:0|startupRole:FOLLOWER, 235ec288-f126-4c43-8a80-14f1997ec4a1|rpc:10.1.0.248:15102|admin:10.1.0.248:15101|client:10.1.0.248:15100|dataStream:10.1.0.248:15103|priority:0|startupRole:FOLLOWER]|listeners:[], old=null
2023-06-29 22:14:09,773 [235ec288-f126-4c43-8a80-14f1997ec4a1-server-thread1] INFO  segmented.SegmentedRaftLogWorker (SegmentedRaftLogWorker.java:startLogSegment(447)) - 235ec288-f126-4c43-8a80-14f1997ec4a1@group-FFC41FE564C3-SegmentedRaftLogWorker: Starting segment from index:0
2023-06-29 22:14:09,776 [235ec288-f126-4c43-8a80-14f1997ec4a1@group-FFC41FE564C3-SegmentedRaftLogWorker] INFO  segmented.SegmentedRaftLogWorker (SegmentedRaftLogWorker.java:execute(651)) - 235ec288-f126-4c43-8a80-14f1997ec4a1@group-FFC41FE564C3-SegmentedRaftLogWorker: created new log segment /home/runner/work/ozone/ozone/hadoop-ozone/integration-test/target/test-dir/MiniOzoneClusterImpl-306b8aa5-132e-45e2-945e-dc5599b78ca9/datanode-2/data/ratis/2c9730ca-b5ff-4963-aa5c-ffc41fe564c3/current/log_inprogress_0
2023-06-29 22:14:09,779 [grpc-default-executor-1] INFO  server.RaftServer$Division (RaftServerImpl.java:requestVote(1302)) - d05bfd9b-313a-4e98-aa4a-0bd40171ee67@group-697E46F0A3C0: receive requestVote(PRE_VOTE, be8f56ef-e678-472d-afc0-a2265ae98bd6, group-697E46F0A3C0, 0, (t:0, i:0))
2023-06-29 22:14:09,779 [grpc-default-executor-4] INFO  server.RaftServer$Division (RaftServerImpl.java:requestVote(1302)) - 235ec288-f126-4c43-8a80-14f1997ec4a1@group-697E46F0A3C0: receive requestVote(PRE_VOTE, be8f56ef-e678-472d-afc0-a2265ae98bd6, group-697E46F0A3C0, 0, (t:0, i:0))
2023-06-29 22:14:09,780 [grpc-default-executor-4] INFO  impl.VoteContext (VoteContext.java:log(49)) - 235ec288-f126-4c43-8a80-14f1997ec4a1@group-697E46F0A3C0-FOLLOWER: accept PRE_VOTE from be8f56ef-e678-472d-afc0-a2265ae98bd6: our priority 0 <= candidate's priority 1
2023-06-29 22:14:09,780 [grpc-default-executor-4] INFO  server.RaftServer$Division (RaftServerImpl.java:requestVote(1335)) - 235ec288-f126-4c43-8a80-14f1997ec4a1@group-697E46F0A3C0 replies to PRE_VOTE vote request: be8f56ef-e678-472d-afc0-a2265ae98bd6<-235ec288-f126-4c43-8a80-14f1997ec4a1#0:OK-t0. Peer's state: 235ec288-f126-4c43-8a80-14f1997ec4a1@group-697E46F0A3C0:t0, leader=null, voted=, raftlog=Memoized:235ec288-f126-4c43-8a80-14f1997ec4a1@group-697E46F0A3C0-SegmentedRaftLog:OPENED:c-1, conf=-1: peers:[d05bfd9b-313a-4e98-aa4a-0bd40171ee67|rpc:10.1.0.248:15084|admin:10.1.0.248:15083|client:10.1.0.248:15082|dataStream:10.1.0.248:15085|priority:0|startupRole:FOLLOWER, be8f56ef-e678-472d-afc0-a2265ae98bd6|rpc:10.1.0.248:15093|admin:10.1.0.248:15092|client:10.1.0.248:15091|dataStream:10.1.0.248:15094|priority:1|startupRole:FOLLOWER, 235ec288-f126-4c43-8a80-14f1997ec4a1|rpc:10.1.0.248:15102|admin:10.1.0.248:15101|client:10.1.0.248:15100|dataStream:10.1.0.248:15103|priority:0|startupRole:FOLLOWER]|listeners:[], old=null
2023-06-29 22:14:09,786 [be8f56ef-e678-472d-afc0-a2265ae98bd6@group-697E46F0A3C0-LeaderElection22] INFO  impl.LeaderElection (LeaderElection.java:logAndReturn(90)) - be8f56ef-e678-472d-afc0-a2265ae98bd6@group-697E46F0A3C0-LeaderElection22: PRE_VOTE PASSED received 1 response(s) and 0 exception(s):
2023-06-29 22:14:09,786 [be8f56ef-e678-472d-afc0-a2265ae98bd6@group-697E46F0A3C0-LeaderElection22] INFO  impl.LeaderElection (LeaderElection.java:logAndReturn(94)) -   Response 0: be8f56ef-e678-472d-afc0-a2265ae98bd6<-235ec288-f126-4c43-8a80-14f1997ec4a1#0:OK-t0
2023-06-29 22:14:09,786 [be8f56ef-e678-472d-afc0-a2265ae98bd6@group-697E46F0A3C0-LeaderElection22] INFO  impl.LeaderElection (LeaderElection.java:askForVotes(323)) - be8f56ef-e678-472d-afc0-a2265ae98bd6@group-697E46F0A3C0-LeaderElection22 PRE_VOTE round 0: result PASSED
2023-06-29 22:14:09,786 [235ec288-f126-4c43-8a80-14f1997ec4a1@group-697E46F0A3C0-FollowerState] INFO  server.RaftServerConfigKeys (ConfUtils.java:logFallback(53)) - raft.server.rpc.first-election.timeout.min = 5s (fallback to raft.server.rpc.timeout.min)
2023-06-29 22:14:09,787 [235ec288-f126-4c43-8a80-14f1997ec4a1@group-697E46F0A3C0-FollowerState] INFO  server.RaftServerConfigKeys (ConfUtils.java:logFallback(53)) - raft.server.rpc.first-election.timeout.max = 5200ms (fallback to raft.server.rpc.timeout.max)
2023-06-29 22:14:09,787 [grpc-default-executor-1] INFO  impl.VoteContext (VoteContext.java:log(49)) - d05bfd9b-313a-4e98-aa4a-0bd40171ee67@group-697E46F0A3C0-FOLLOWER: accept PRE_VOTE from be8f56ef-e678-472d-afc0-a2265ae98bd6: our priority 0 <= candidate's priority 1
2023-06-29 22:14:09,787 [be8f56ef-e678-472d-afc0-a2265ae98bd6@group-697E46F0A3C0-LeaderElection22] INFO  impl.LeaderElection (LeaderElection.java:askForVotes(321)) - be8f56ef-e678-472d-afc0-a2265ae98bd6@group-697E46F0A3C0-LeaderElection22 ELECTION round 0: submit vote requests at term 1 for -1: peers:[d05bfd9b-313a-4e98-aa4a-0bd40171ee67|rpc:10.1.0.248:15084|admin:10.1.0.248:15083|client:10.1.0.248:15082|dataStream:10.1.0.248:15085|priority:0|startupRole:FOLLOWER, be8f56ef-e678-472d-afc0-a2265ae98bd6|rpc:10.1.0.248:15093|admin:10.1.0.248:15092|client:10.1.0.248:15091|dataStream:10.1.0.248:15094|priority:1|startupRole:FOLLOWER, 235ec288-f126-4c43-8a80-14f1997ec4a1|rpc:10.1.0.248:15102|admin:10.1.0.248:15101|client:10.1.0.248:15100|dataStream:10.1.0.248:15103|priority:0|startupRole:FOLLOWER]|listeners:[], old=null
2023-06-29 22:14:09,787 [grpc-default-executor-1] INFO  server.RaftServer$Division (RaftServerImpl.java:requestVote(1335)) - d05bfd9b-313a-4e98-aa4a-0bd40171ee67@group-697E46F0A3C0 replies to PRE_VOTE vote request: be8f56ef-e678-472d-afc0-a2265ae98bd6<-d05bfd9b-313a-4e98-aa4a-0bd40171ee67#0:OK-t0. Peer's state: d05bfd9b-313a-4e98-aa4a-0bd40171ee67@group-697E46F0A3C0:t0, leader=null, voted=, raftlog=Memoized:d05bfd9b-313a-4e98-aa4a-0bd40171ee67@group-697E46F0A3C0-SegmentedRaftLog:OPENED:c-1, conf=-1: peers:[d05bfd9b-313a-4e98-aa4a-0bd40171ee67|rpc:10.1.0.248:15084|admin:10.1.0.248:15083|client:10.1.0.248:15082|dataStream:10.1.0.248:15085|priority:0|startupRole:FOLLOWER, be8f56ef-e678-472d-afc0-a2265ae98bd6|rpc:10.1.0.248:15093|admin:10.1.0.248:15092|client:10.1.0.248:15091|dataStream:10.1.0.248:15094|priority:1|startupRole:FOLLOWER, 235ec288-f126-4c43-8a80-14f1997ec4a1|rpc:10.1.0.248:15102|admin:10.1.0.248:15101|client:10.1.0.248:15100|dataStream:10.1.0.248:15103|priority:0|startupRole:FOLLOWER]|listeners:[], old=null
2023-06-29 22:14:09,790 [be8f56ef-e678-472d-afc0-a2265ae98bd6@group-A529D35D87D8-LeaderElection23] INFO  impl.LeaderElection (LeaderElection.java:askForVotes(321)) - be8f56ef-e678-472d-afc0-a2265ae98bd6@group-A529D35D87D8-LeaderElection23 PRE_VOTE round 0: submit vote requests at term 0 for -1: peers:[be8f56ef-e678-472d-afc0-a2265ae98bd6|rpc:10.1.0.248:15093|admin:10.1.0.248:15092|client:10.1.0.248:15091|dataStream:10.1.0.248:15094|priority:1|startupRole:FOLLOWER]|listeners:[], old=null
2023-06-29 22:14:09,790 [be8f56ef-e678-472d-afc0-a2265ae98bd6@group-A529D35D87D8-LeaderElection23] INFO  impl.LeaderElection (LeaderElection.java:askForVotes(323)) - be8f56ef-e678-472d-afc0-a2265ae98bd6@group-A529D35D87D8-LeaderElection23 PRE_VOTE round 0: result PASSED (term=0)
2023-06-29 22:14:09,791 [be8f56ef-e678-472d-afc0-a2265ae98bd6@group-A529D35D87D8-LeaderElection23] INFO  impl.LeaderElection (LeaderElection.java:askForVotes(321)) - be8f56ef-e678-472d-afc0-a2265ae98bd6@group-A529D35D87D8-LeaderElection23 ELECTION round 0: submit vote requests at term 1 for -1: peers:[be8f56ef-e678-472d-afc0-a2265ae98bd6|rpc:10.1.0.248:15093|admin:10.1.0.248:15092|client:10.1.0.248:15091|dataStream:10.1.0.248:15094|priority:1|startupRole:FOLLOWER]|listeners:[], old=null
2023-06-29 22:14:09,791 [be8f56ef-e678-472d-afc0-a2265ae98bd6@group-A529D35D87D8-LeaderElection23] INFO  impl.LeaderElection (LeaderElection.java:askForVotes(323)) - be8f56ef-e678-472d-afc0-a2265ae98bd6@group-A529D35D87D8-LeaderElection23 ELECTION round 0: result PASSED (term=1)
2023-06-29 22:14:09,791 [be8f56ef-e678-472d-afc0-a2265ae98bd6@group-A529D35D87D8-LeaderElection23] INFO  impl.RoleInfo (RoleInfo.java:shutdownLeaderElection(130)) - be8f56ef-e678-472d-afc0-a2265ae98bd6: shutdown be8f56ef-e678-472d-afc0-a2265ae98bd6@group-A529D35D87D8-LeaderElection23
2023-06-29 22:14:09,792 [be8f56ef-e678-472d-afc0-a2265ae98bd6@group-A529D35D87D8-LeaderElection23] INFO  server.RaftServer$Division (RaftServerImpl.java:setRole(329)) - be8f56ef-e678-472d-afc0-a2265ae98bd6@group-A529D35D87D8: changes role from CANDIDATE to LEADER at term 1 for changeToLeader
2023-06-29 22:14:09,792 [be8f56ef-e678-472d-afc0-a2265ae98bd6@group-A529D35D87D8-LeaderElection23] INFO  ratis.XceiverServerRatis (XceiverServerRatis.java:handleLeaderChangedNotification(902)) - Leader change notification received for group: group-A529D35D87D8 with new leaderId: be8f56ef-e678-472d-afc0-a2265ae98bd6
2023-06-29 22:14:09,792 [be8f56ef-e678-472d-afc0-a2265ae98bd6@group-697E46F0A3C0-LeaderElection22] INFO  server.RaftServerConfigKeys (ConfUtils.java:logFallback(53)) - raft.server.rpc.first-election.timeout.min = 5s (fallback to raft.server.rpc.timeout.min)
2023-06-29 22:14:09,792 [be8f56ef-e678-472d-afc0-a2265ae98bd6@group-697E46F0A3C0-LeaderElection22] INFO  server.RaftServerConfigKeys (ConfUtils.java:logFallback(53)) - raft.server.rpc.first-election.timeout.max = 5200ms (fallback to raft.server.rpc.timeout.max)
2023-06-29 22:14:09,801 [be8f56ef-e678-472d-afc0-a2265ae98bd6@group-A529D35D87D8-LeaderElection23] INFO  server.RaftServer$Division (ServerState.java:setLeader(317)) - be8f56ef-e678-472d-afc0-a2265ae98bd6@group-A529D35D87D8: change Leader from null to be8f56ef-e678-472d-afc0-a2265ae98bd6 at term 1 for becomeLeader, leader elected after 5055ms
2023-06-29 22:14:09,801 [be8f56ef-e678-472d-afc0-a2265ae98bd6@group-A529D35D87D8-LeaderElection23] INFO  server.RaftServerConfigKeys (ConfUtils.java:logGet(46)) - raft.server.staging.catchup.gap = 1000 (default)
2023-06-29 22:14:09,801 [be8f56ef-e678-472d-afc0-a2265ae98bd6@group-A529D35D87D8-LeaderElection23] INFO  server.RaftServerConfigKeys (ConfUtils.java:logGet(46)) - raft.server.write.element-limit = 1024 (custom)
2023-06-29 22:14:09,801 [be8f56ef-e678-472d-afc0-a2265ae98bd6@group-A529D35D87D8-LeaderElection23] INFO  server.RaftServerConfigKeys (ConfUtils.java:logGet(46)) - raft.server.write.byte-limit = 1024 M (=1073741824) (custom)
2023-06-29 22:14:09,801 [be8f56ef-e678-472d-afc0-a2265ae98bd6@group-A529D35D87D8-LeaderElection23] INFO  server.RaftServerConfigKeys (ConfUtils.java:logGet(46)) - raft.server.watch.timeout = 180s (custom)
2023-06-29 22:14:09,801 [be8f56ef-e678-472d-afc0-a2265ae98bd6@group-A529D35D87D8-LeaderElection23] INFO  server.RaftServerConfigKeys (ConfUtils.java:logGet(46)) - raft.server.watch.timeout.denomination = 1s (default)
2023-06-29 22:14:09,802 [be8f56ef-e678-472d-afc0-a2265ae98bd6@group-A529D35D87D8-LeaderElection23] INFO  server.RaftServerConfigKeys (ConfUtils.java:logGet(46)) - raft.server.watch.element-limit = 65536 (default)
2023-06-29 22:14:09,802 [be8f56ef-e678-472d-afc0-a2265ae98bd6@group-A529D35D87D8-LeaderElection23] INFO  server.RaftServerConfigKeys (ConfUtils.java:logGet(46)) - raft.server.write.element-limit = 1024 (custom)
2023-06-29 22:14:09,802 [be8f56ef-e678-472d-afc0-a2265ae98bd6@group-A529D35D87D8-LeaderElection23] INFO  server.RaftServerConfigKeys (ConfUtils.java:logGet(46)) - raft.server.write.follower.gap.ratio.max = -1.0 (default)
2023-06-29 22:14:09,805 [be8f56ef-e678-472d-afc0-a2265ae98bd6@group-A529D35D87D8-LeaderElection23] INFO  impl.RoleInfo (RoleInfo.java:updateAndGet(139)) - be8f56ef-e678-472d-afc0-a2265ae98bd6: start be8f56ef-e678-472d-afc0-a2265ae98bd6@group-A529D35D87D8-LeaderStateImpl
2023-06-29 22:14:09,805 [be8f56ef-e678-472d-afc0-a2265ae98bd6@group-A529D35D87D8-LeaderElection23] INFO  segmented.SegmentedRaftLogWorker (SegmentedRaftLogWorker.java:startLogSegment(447)) - be8f56ef-e678-472d-afc0-a2265ae98bd6@group-A529D35D87D8-SegmentedRaftLogWorker: Starting segment from index:0
2023-06-29 22:14:09,805 [grpc-default-executor-0] INFO  server.RaftServer$Division (RaftServerImpl.java:requestVote(1302)) - d05bfd9b-313a-4e98-aa4a-0bd40171ee67@group-697E46F0A3C0: receive requestVote(ELECTION, be8f56ef-e678-472d-afc0-a2265ae98bd6, group-697E46F0A3C0, 1, (t:0, i:0))
2023-06-29 22:14:09,806 [grpc-default-executor-0] INFO  impl.VoteContext (VoteContext.java:log(49)) - d05bfd9b-313a-4e98-aa4a-0bd40171ee67@group-697E46F0A3C0-FOLLOWER: accept ELECTION from be8f56ef-e678-472d-afc0-a2265ae98bd6: our priority 0 <= candidate's priority 1
2023-06-29 22:14:09,806 [grpc-default-executor-0] INFO  server.RaftServer$Division (RaftServerImpl.java:setRole(329)) - d05bfd9b-313a-4e98-aa4a-0bd40171ee67@group-697E46F0A3C0: changes role from  FOLLOWER to FOLLOWER at term 1 for candidate:be8f56ef-e678-472d-afc0-a2265ae98bd6
2023-06-29 22:14:09,806 [grpc-default-executor-0] INFO  impl.RoleInfo (RoleInfo.java:shutdownFollowerState(110)) - d05bfd9b-313a-4e98-aa4a-0bd40171ee67: shutdown d05bfd9b-313a-4e98-aa4a-0bd40171ee67@group-697E46F0A3C0-FollowerState
2023-06-29 22:14:09,806 [be8f56ef-e678-472d-afc0-a2265ae98bd6@group-A529D35D87D8-SegmentedRaftLogWorker] INFO  segmented.SegmentedRaftLogWorker (SegmentedRaftLogWorker.java:execute(651)) - be8f56ef-e678-472d-afc0-a2265ae98bd6@group-A529D35D87D8-SegmentedRaftLogWorker: created new log segment /home/runner/work/ozone/ozone/hadoop-ozone/integration-test/target/test-dir/MiniOzoneClusterImpl-306b8aa5-132e-45e2-945e-dc5599b78ca9/datanode-1/data/ratis/93edde3e-f265-4072-b48b-a529d35d87d8/current/log_inprogress_0
2023-06-29 22:14:09,807 [grpc-default-executor-0] INFO  impl.RoleInfo (RoleInfo.java:updateAndGet(139)) - d05bfd9b-313a-4e98-aa4a-0bd40171ee67: start d05bfd9b-313a-4e98-aa4a-0bd40171ee67@group-697E46F0A3C0-FollowerState
2023-06-29 22:14:09,807 [d05bfd9b-313a-4e98-aa4a-0bd40171ee67@group-697E46F0A3C0-FollowerState] INFO  impl.FollowerState (FollowerState.java:run(152)) - d05bfd9b-313a-4e98-aa4a-0bd40171ee67@group-697E46F0A3C0-FollowerState was interrupted
2023-06-29 22:14:09,807 [grpc-default-executor-4] INFO  server.RaftServer$Division (RaftServerImpl.java:requestVote(1302)) - 235ec288-f126-4c43-8a80-14f1997ec4a1@group-697E46F0A3C0: receive requestVote(ELECTION, be8f56ef-e678-472d-afc0-a2265ae98bd6, group-697E46F0A3C0, 1, (t:0, i:0))
2023-06-29 22:14:09,807 [grpc-default-executor-4] INFO  impl.VoteContext (VoteContext.java:log(49)) - 235ec288-f126-4c43-8a80-14f1997ec4a1@group-697E46F0A3C0-FOLLOWER: accept ELECTION from be8f56ef-e678-472d-afc0-a2265ae98bd6: our priority 0 <= candidate's priority 1
2023-06-29 22:14:09,807 [grpc-default-executor-4] INFO  server.RaftServer$Division (RaftServerImpl.java:setRole(329)) - 235ec288-f126-4c43-8a80-14f1997ec4a1@group-697E46F0A3C0: changes role from  FOLLOWER to FOLLOWER at term 1 for candidate:be8f56ef-e678-472d-afc0-a2265ae98bd6
2023-06-29 22:14:09,807 [grpc-default-executor-4] INFO  impl.RoleInfo (RoleInfo.java:shutdownFollowerState(110)) - 235ec288-f126-4c43-8a80-14f1997ec4a1: shutdown 235ec288-f126-4c43-8a80-14f1997ec4a1@group-697E46F0A3C0-FollowerState
2023-06-29 22:14:09,807 [235ec288-f126-4c43-8a80-14f1997ec4a1@group-697E46F0A3C0-FollowerState] INFO  impl.FollowerState (FollowerState.java:run(152)) - 235ec288-f126-4c43-8a80-14f1997ec4a1@group-697E46F0A3C0-FollowerState was interrupted
2023-06-29 22:14:09,813 [be8f56ef-e678-472d-afc0-a2265ae98bd6@group-A529D35D87D8-LeaderElection23] INFO  server.RaftServer$Division (ServerState.java:setRaftConf(434)) - be8f56ef-e678-472d-afc0-a2265ae98bd6@group-A529D35D87D8: set configuration 0: peers:[be8f56ef-e678-472d-afc0-a2265ae98bd6|rpc:10.1.0.248:15093|admin:10.1.0.248:15092|client:10.1.0.248:15091|dataStream:10.1.0.248:15094|priority:1|startupRole:FOLLOWER]|listeners:[], old=null
2023-06-29 22:14:09,813 [grpc-default-executor-4] INFO  impl.RoleInfo (RoleInfo.java:updateAndGet(139)) - 235ec288-f126-4c43-8a80-14f1997ec4a1: start 235ec288-f126-4c43-8a80-14f1997ec4a1@group-697E46F0A3C0-FollowerState
2023-06-29 22:14:09,813 [grpc-default-executor-0] INFO  server.RaftServer$Division (RaftServerImpl.java:requestVote(1335)) - d05bfd9b-313a-4e98-aa4a-0bd40171ee67@group-697E46F0A3C0 replies to ELECTION vote request: be8f56ef-e678-472d-afc0-a2265ae98bd6<-d05bfd9b-313a-4e98-aa4a-0bd40171ee67#0:OK-t1. Peer's state: d05bfd9b-313a-4e98-aa4a-0bd40171ee67@group-697E46F0A3C0:t1, leader=null, voted=be8f56ef-e678-472d-afc0-a2265ae98bd6, raftlog=Memoized:d05bfd9b-313a-4e98-aa4a-0bd40171ee67@group-697E46F0A3C0-SegmentedRaftLog:OPENED:c-1, conf=-1: peers:[d05bfd9b-313a-4e98-aa4a-0bd40171ee67|rpc:10.1.0.248:15084|admin:10.1.0.248:15083|client:10.1.0.248:15082|dataStream:10.1.0.248:15085|priority:0|startupRole:FOLLOWER, be8f56ef-e678-472d-afc0-a2265ae98bd6|rpc:10.1.0.248:15093|admin:10.1.0.248:15092|client:10.1.0.248:15091|dataStream:10.1.0.248:15094|priority:1|startupRole:FOLLOWER, 235ec288-f126-4c43-8a80-14f1997ec4a1|rpc:10.1.0.248:15102|admin:10.1.0.248:15101|client:10.1.0.248:15100|dataStream:10.1.0.248:15103|priority:0|startupRole:FOLLOWER]|listeners:[], old=null
2023-06-29 22:14:09,814 [be8f56ef-e678-472d-afc0-a2265ae98bd6@group-697E46F0A3C0-LeaderElection22] INFO  impl.LeaderElection (LeaderElection.java:logAndReturn(90)) - be8f56ef-e678-472d-afc0-a2265ae98bd6@group-697E46F0A3C0-LeaderElection22: ELECTION PASSED received 1 response(s) and 0 exception(s):
2023-06-29 22:14:09,814 [be8f56ef-e678-472d-afc0-a2265ae98bd6@group-697E46F0A3C0-LeaderElection22] INFO  impl.LeaderElection (LeaderElection.java:logAndReturn(94)) -   Response 0: be8f56ef-e678-472d-afc0-a2265ae98bd6<-d05bfd9b-313a-4e98-aa4a-0bd40171ee67#0:OK-t1
2023-06-29 22:14:09,814 [be8f56ef-e678-472d-afc0-a2265ae98bd6@group-697E46F0A3C0-LeaderElection22] INFO  impl.LeaderElection (LeaderElection.java:askForVotes(323)) - be8f56ef-e678-472d-afc0-a2265ae98bd6@group-697E46F0A3C0-LeaderElection22 ELECTION round 0: result PASSED
2023-06-29 22:14:09,814 [be8f56ef-e678-472d-afc0-a2265ae98bd6@group-697E46F0A3C0-LeaderElection22] INFO  impl.RoleInfo (RoleInfo.java:shutdownLeaderElection(130)) - be8f56ef-e678-472d-afc0-a2265ae98bd6: shutdown be8f56ef-e678-472d-afc0-a2265ae98bd6@group-697E46F0A3C0-LeaderElection22
2023-06-29 22:14:09,814 [be8f56ef-e678-472d-afc0-a2265ae98bd6@group-697E46F0A3C0-LeaderElection22] INFO  server.RaftServer$Division (RaftServerImpl.java:setRole(329)) - be8f56ef-e678-472d-afc0-a2265ae98bd6@group-697E46F0A3C0: changes role from CANDIDATE to LEADER at term 1 for changeToLeader
2023-06-29 22:14:09,814 [be8f56ef-e678-472d-afc0-a2265ae98bd6@group-697E46F0A3C0-LeaderElection22] INFO  ratis.XceiverServerRatis (XceiverServerRatis.java:handleLeaderChangedNotification(902)) - Leader change notification received for group: group-697E46F0A3C0 with new leaderId: be8f56ef-e678-472d-afc0-a2265ae98bd6
2023-06-29 22:14:09,814 [be8f56ef-e678-472d-afc0-a2265ae98bd6@group-697E46F0A3C0-LeaderElection22] INFO  server.RaftServer$Division (ServerState.java:setLeader(317)) - be8f56ef-e678-472d-afc0-a2265ae98bd6@group-697E46F0A3C0: change Leader from null to be8f56ef-e678-472d-afc0-a2265ae98bd6 at term 1 for becomeLeader, leader elected after 5178ms
2023-06-29 22:14:09,815 [be8f56ef-e678-472d-afc0-a2265ae98bd6@group-697E46F0A3C0-LeaderElection22] INFO  server.RaftServerConfigKeys (ConfUtils.java:logGet(46)) - raft.server.staging.catchup.gap = 1000 (default)
2023-06-29 22:14:09,815 [grpc-default-executor-4] INFO  server.RaftServer$Division (RaftServerImpl.java:requestVote(1335)) - 235ec288-f126-4c43-8a80-14f1997ec4a1@group-697E46F0A3C0 replies to ELECTION vote request: be8f56ef-e678-472d-afc0-a2265ae98bd6<-235ec288-f126-4c43-8a80-14f1997ec4a1#0:OK-t1. Peer's state: 235ec288-f126-4c43-8a80-14f1997ec4a1@group-697E46F0A3C0:t1, leader=null, voted=be8f56ef-e678-472d-afc0-a2265ae98bd6, raftlog=Memoized:235ec288-f126-4c43-8a80-14f1997ec4a1@group-697E46F0A3C0-SegmentedRaftLog:OPENED:c-1, conf=-1: peers:[d05bfd9b-313a-4e98-aa4a-0bd40171ee67|rpc:10.1.0.248:15084|admin:10.1.0.248:15083|client:10.1.0.248:15082|dataStream:10.1.0.248:15085|priority:0|startupRole:FOLLOWER, be8f56ef-e678-472d-afc0-a2265ae98bd6|rpc:10.1.0.248:15093|admin:10.1.0.248:15092|client:10.1.0.248:15091|dataStream:10.1.0.248:15094|priority:1|startupRole:FOLLOWER, 235ec288-f126-4c43-8a80-14f1997ec4a1|rpc:10.1.0.248:15102|admin:10.1.0.248:15101|client:10.1.0.248:15100|dataStream:10.1.0.248:15103|priority:0|startupRole:FOLLOWER]|listeners:[], old=null
2023-06-29 22:14:09,815 [be8f56ef-e678-472d-afc0-a2265ae98bd6@group-697E46F0A3C0-LeaderElection22] INFO  server.RaftServerConfigKeys (ConfUtils.java:logGet(46)) - raft.server.write.element-limit = 1024 (custom)
2023-06-29 22:14:09,815 [be8f56ef-e678-472d-afc0-a2265ae98bd6@group-697E46F0A3C0-LeaderElection22] INFO  server.RaftServerConfigKeys (ConfUtils.java:logGet(46)) - raft.server.write.byte-limit = 1024 M (=1073741824) (custom)
2023-06-29 22:14:09,815 [be8f56ef-e678-472d-afc0-a2265ae98bd6@group-697E46F0A3C0-LeaderElection22] INFO  server.RaftServerConfigKeys (ConfUtils.java:logGet(46)) - raft.server.watch.timeout = 180s (custom)
2023-06-29 22:14:09,815 [be8f56ef-e678-472d-afc0-a2265ae98bd6@group-697E46F0A3C0-LeaderElection22] INFO  server.RaftServerConfigKeys (ConfUtils.java:logGet(46)) - raft.server.watch.timeout.denomination = 1s (default)
2023-06-29 22:14:09,815 [be8f56ef-e678-472d-afc0-a2265ae98bd6@group-697E46F0A3C0-LeaderElection22] INFO  server.RaftServerConfigKeys (ConfUtils.java:logGet(46)) - raft.server.watch.element-limit = 65536 (default)
2023-06-29 22:14:09,815 [be8f56ef-e678-472d-afc0-a2265ae98bd6@group-697E46F0A3C0-LeaderElection22] INFO  server.RaftServerConfigKeys (ConfUtils.java:logGet(46)) - raft.server.write.element-limit = 1024 (custom)
2023-06-29 22:14:09,815 [be8f56ef-e678-472d-afc0-a2265ae98bd6@group-697E46F0A3C0-LeaderElection22] INFO  server.RaftServerConfigKeys (ConfUtils.java:logGet(46)) - raft.server.write.follower.gap.ratio.max = -1.0 (default)
2023-06-29 22:14:09,815 [be8f56ef-e678-472d-afc0-a2265ae98bd6@group-697E46F0A3C0-LeaderElection22] INFO  server.RaftServerConfigKeys (ConfUtils.java:logGet(46)) - raft.server.log.appender.snapshot.chunk.size.max = 16MB (=16777216) (default)
2023-06-29 22:14:09,815 [be8f56ef-e678-472d-afc0-a2265ae98bd6@group-697E46F0A3C0-LeaderElection22] INFO  server.RaftServerConfigKeys (ConfUtils.java:logGet(46)) - raft.server.log.appender.buffer.byte-limit = 33554432 (custom)
2023-06-29 22:14:09,815 [be8f56ef-e678-472d-afc0-a2265ae98bd6@group-697E46F0A3C0-LeaderElection22] INFO  server.RaftServerConfigKeys (ConfUtils.java:logGet(46)) - raft.server.log.appender.buffer.element-limit = 1 (custom)
2023-06-29 22:14:09,815 [be8f56ef-e678-472d-afc0-a2265ae98bd6@group-697E46F0A3C0-LeaderElection22] INFO  server.RaftServerConfigKeys (ConfUtils.java:logGet(46)) - raft.server.log.appender.wait-time.min = 10ms (default)
2023-06-29 22:14:09,816 [be8f56ef-e678-472d-afc0-a2265ae98bd6@group-697E46F0A3C0-LeaderElection22] INFO  grpc.GrpcConfigKeys (ConfUtils.java:logGet(46)) - raft.grpc.server.leader.outstanding.appends.max = 128 (default)
2023-06-29 22:14:09,816 [be8f56ef-e678-472d-afc0-a2265ae98bd6@group-697E46F0A3C0-LeaderElection22] INFO  server.RaftServerConfigKeys (ConfUtils.java:logGet(46)) - raft.server.rpc.request.timeout = 60s (custom)
2023-06-29 22:14:09,816 [be8f56ef-e678-472d-afc0-a2265ae98bd6@group-697E46F0A3C0-LeaderElection22] INFO  grpc.GrpcConfigKeys (ConfUtils.java:logGet(46)) - raft.grpc.server.install_snapshot.request.element-limit = 8 (default)
2023-06-29 22:14:09,816 [be8f56ef-e678-472d-afc0-a2265ae98bd6@group-697E46F0A3C0-LeaderElection22] INFO  grpc.GrpcConfigKeys (ConfUtils.java:logGet(46)) - raft.grpc.server.install_snapshot.request.timeout = 3000ms (default)
2023-06-29 22:14:09,816 [be8f56ef-e678-472d-afc0-a2265ae98bd6@group-697E46F0A3C0-LeaderElection22] INFO  server.RaftServerConfigKeys (ConfUtils.java:logGet(46)) - raft.server.log.appender.install.snapshot.enabled = false (custom)
2023-06-29 22:14:09,816 [be8f56ef-e678-472d-afc0-a2265ae98bd6@group-697E46F0A3C0-LeaderElection22] INFO  grpc.GrpcConfigKeys (ConfUtils.java:logGet(46)) - raft.grpc.server.heartbeat.channel = true (default)
2023-06-29 22:14:09,816 [be8f56ef-e678-472d-afc0-a2265ae98bd6@group-697E46F0A3C0-LeaderElection22] INFO  server.RaftServerConfigKeys (ConfUtils.java:logGet(46)) - raft.server.log.appender.snapshot.chunk.size.max = 16MB (=16777216) (default)
2023-06-29 22:14:09,816 [be8f56ef-e678-472d-afc0-a2265ae98bd6@group-697E46F0A3C0-LeaderElection22] INFO  server.RaftServerConfigKeys (ConfUtils.java:logGet(46)) - raft.server.log.appender.buffer.byte-limit = 33554432 (custom)
2023-06-29 22:14:09,816 [be8f56ef-e678-472d-afc0-a2265ae98bd6@group-697E46F0A3C0-LeaderElection22] INFO  server.RaftServerConfigKeys (ConfUtils.java:logGet(46)) - raft.server.log.appender.buffer.element-limit = 1 (custom)
2023-06-29 22:14:09,816 [be8f56ef-e678-472d-afc0-a2265ae98bd6@group-697E46F0A3C0-LeaderElection22] INFO  server.RaftServerConfigKeys (ConfUtils.java:logGet(46)) - raft.server.log.appender.wait-time.min = 10ms (default)
2023-06-29 22:14:09,816 [be8f56ef-e678-472d-afc0-a2265ae98bd6@group-697E46F0A3C0-LeaderElection22] INFO  grpc.GrpcConfigKeys (ConfUtils.java:logGet(46)) - raft.grpc.server.leader.outstanding.appends.max = 128 (default)
2023-06-29 22:14:09,816 [be8f56ef-e678-472d-afc0-a2265ae98bd6@group-697E46F0A3C0-LeaderElection22] INFO  server.RaftServerConfigKeys (ConfUtils.java:logGet(46)) - raft.server.rpc.request.timeout = 60s (custom)
2023-06-29 22:14:09,816 [be8f56ef-e678-472d-afc0-a2265ae98bd6@group-697E46F0A3C0-LeaderElection22] INFO  grpc.GrpcConfigKeys (ConfUtils.java:logGet(46)) - raft.grpc.server.install_snapshot.request.element-limit = 8 (default)
2023-06-29 22:14:09,816 [be8f56ef-e678-472d-afc0-a2265ae98bd6@group-697E46F0A3C0-LeaderElection22] INFO  grpc.GrpcConfigKeys (ConfUtils.java:logGet(46)) - raft.grpc.server.install_snapshot.request.timeout = 3000ms (default)
2023-06-29 22:14:09,816 [be8f56ef-e678-472d-afc0-a2265ae98bd6@group-697E46F0A3C0-LeaderElection22] INFO  server.RaftServerConfigKeys (ConfUtils.java:logGet(46)) - raft.server.log.appender.install.snapshot.enabled = false (custom)
2023-06-29 22:14:09,816 [be8f56ef-e678-472d-afc0-a2265ae98bd6@group-697E46F0A3C0-LeaderElection22] INFO  grpc.GrpcConfigKeys (ConfUtils.java:logGet(46)) - raft.grpc.server.heartbeat.channel = true (default)
2023-06-29 22:14:09,819 [EventQueue-PipelineReportForPipelineReportHandler] INFO  pipeline.PipelineReportHandler (PipelineReportHandler.java:processPipelineReport(136)) - Opened pipeline PipelineID=f03fe89a-dfb3-4a1e-886e-697e46f0a3c0
2023-06-29 22:14:09,819 [be8f56ef-e678-472d-afc0-a2265ae98bd6@group-697E46F0A3C0-LeaderElection22] INFO  impl.RoleInfo (RoleInfo.java:updateAndGet(139)) - be8f56ef-e678-472d-afc0-a2265ae98bd6: start be8f56ef-e678-472d-afc0-a2265ae98bd6@group-697E46F0A3C0-LeaderStateImpl
2023-06-29 22:14:09,819 [be8f56ef-e678-472d-afc0-a2265ae98bd6@group-697E46F0A3C0-LeaderElection22] INFO  segmented.SegmentedRaftLogWorker (SegmentedRaftLogWorker.java:startLogSegment(447)) - be8f56ef-e678-472d-afc0-a2265ae98bd6@group-697E46F0A3C0-SegmentedRaftLogWorker: Starting segment from index:0
2023-06-29 22:14:09,825 [be8f56ef-e678-472d-afc0-a2265ae98bd6@group-697E46F0A3C0-SegmentedRaftLogWorker] INFO  segmented.SegmentedRaftLogWorker (SegmentedRaftLogWorker.java:execute(651)) - be8f56ef-e678-472d-afc0-a2265ae98bd6@group-697E46F0A3C0-SegmentedRaftLogWorker: created new log segment /home/runner/work/ozone/ozone/hadoop-ozone/integration-test/target/test-dir/MiniOzoneClusterImpl-306b8aa5-132e-45e2-945e-dc5599b78ca9/datanode-1/data/ratis/f03fe89a-dfb3-4a1e-886e-697e46f0a3c0/current/log_inprogress_0
2023-06-29 22:14:09,838 [be8f56ef-e678-472d-afc0-a2265ae98bd6@group-697E46F0A3C0-LeaderElection22] INFO  server.RaftServer$Division (ServerState.java:setRaftConf(434)) - be8f56ef-e678-472d-afc0-a2265ae98bd6@group-697E46F0A3C0: set configuration 0: peers:[d05bfd9b-313a-4e98-aa4a-0bd40171ee67|rpc:10.1.0.248:15084|admin:10.1.0.248:15083|client:10.1.0.248:15082|dataStream:10.1.0.248:15085|priority:0|startupRole:FOLLOWER, be8f56ef-e678-472d-afc0-a2265ae98bd6|rpc:10.1.0.248:15093|admin:10.1.0.248:15092|client:10.1.0.248:15091|dataStream:10.1.0.248:15094|priority:1|startupRole:FOLLOWER, 235ec288-f126-4c43-8a80-14f1997ec4a1|rpc:10.1.0.248:15102|admin:10.1.0.248:15101|client:10.1.0.248:15100|dataStream:10.1.0.248:15103|priority:0|startupRole:FOLLOWER]|listeners:[], old=null
2023-06-29 22:14:09,843 [d05bfd9b-313a-4e98-aa4a-0bd40171ee67-server-thread1] INFO  ratis.XceiverServerRatis (XceiverServerRatis.java:handleLeaderChangedNotification(902)) - Leader change notification received for group: group-697E46F0A3C0 with new leaderId: be8f56ef-e678-472d-afc0-a2265ae98bd6
2023-06-29 22:14:09,843 [d05bfd9b-313a-4e98-aa4a-0bd40171ee67-server-thread1] INFO  server.RaftServer$Division (ServerState.java:setLeader(317)) - d05bfd9b-313a-4e98-aa4a-0bd40171ee67@group-697E46F0A3C0: change Leader from null to be8f56ef-e678-472d-afc0-a2265ae98bd6 at term 1 for appendEntries, leader elected after 5267ms
2023-06-29 22:14:09,849 [235ec288-f126-4c43-8a80-14f1997ec4a1-server-thread1] INFO  ratis.XceiverServerRatis (XceiverServerRatis.java:handleLeaderChangedNotification(902)) - Leader change notification received for group: group-697E46F0A3C0 with new leaderId: be8f56ef-e678-472d-afc0-a2265ae98bd6
2023-06-29 22:14:09,849 [235ec288-f126-4c43-8a80-14f1997ec4a1-server-thread1] INFO  server.RaftServer$Division (ServerState.java:setLeader(317)) - 235ec288-f126-4c43-8a80-14f1997ec4a1@group-697E46F0A3C0: change Leader from null to be8f56ef-e678-472d-afc0-a2265ae98bd6 at term 1 for appendEntries, leader elected after 5247ms
2023-06-29 22:14:09,852 [d05bfd9b-313a-4e98-aa4a-0bd40171ee67-server-thread2] INFO  server.RaftServer$Division (ServerState.java:setRaftConf(434)) - d05bfd9b-313a-4e98-aa4a-0bd40171ee67@group-697E46F0A3C0: set configuration 0: peers:[d05bfd9b-313a-4e98-aa4a-0bd40171ee67|rpc:10.1.0.248:15084|admin:10.1.0.248:15083|client:10.1.0.248:15082|dataStream:10.1.0.248:15085|priority:0|startupRole:FOLLOWER, be8f56ef-e678-472d-afc0-a2265ae98bd6|rpc:10.1.0.248:15093|admin:10.1.0.248:15092|client:10.1.0.248:15091|dataStream:10.1.0.248:15094|priority:1|startupRole:FOLLOWER, 235ec288-f126-4c43-8a80-14f1997ec4a1|rpc:10.1.0.248:15102|admin:10.1.0.248:15101|client:10.1.0.248:15100|dataStream:10.1.0.248:15103|priority:0|startupRole:FOLLOWER]|listeners:[], old=null
2023-06-29 22:14:09,852 [d05bfd9b-313a-4e98-aa4a-0bd40171ee67-server-thread2] INFO  segmented.SegmentedRaftLogWorker (SegmentedRaftLogWorker.java:startLogSegment(447)) - d05bfd9b-313a-4e98-aa4a-0bd40171ee67@group-697E46F0A3C0-SegmentedRaftLogWorker: Starting segment from index:0
2023-06-29 22:14:09,853 [d05bfd9b-313a-4e98-aa4a-0bd40171ee67@group-697E46F0A3C0-SegmentedRaftLogWorker] INFO  segmented.SegmentedRaftLogWorker (SegmentedRaftLogWorker.java:execute(651)) - d05bfd9b-313a-4e98-aa4a-0bd40171ee67@group-697E46F0A3C0-SegmentedRaftLogWorker: created new log segment /home/runner/work/ozone/ozone/hadoop-ozone/integration-test/target/test-dir/MiniOzoneClusterImpl-306b8aa5-132e-45e2-945e-dc5599b78ca9/datanode-0/data/ratis/f03fe89a-dfb3-4a1e-886e-697e46f0a3c0/current/log_inprogress_0
2023-06-29 22:14:09,857 [235ec288-f126-4c43-8a80-14f1997ec4a1-server-thread2] INFO  server.RaftServer$Division (ServerState.java:setRaftConf(434)) - 235ec288-f126-4c43-8a80-14f1997ec4a1@group-697E46F0A3C0: set configuration 0: peers:[d05bfd9b-313a-4e98-aa4a-0bd40171ee67|rpc:10.1.0.248:15084|admin:10.1.0.248:15083|client:10.1.0.248:15082|dataStream:10.1.0.248:15085|priority:0|startupRole:FOLLOWER, be8f56ef-e678-472d-afc0-a2265ae98bd6|rpc:10.1.0.248:15093|admin:10.1.0.248:15092|client:10.1.0.248:15091|dataStream:10.1.0.248:15094|priority:1|startupRole:FOLLOWER, 235ec288-f126-4c43-8a80-14f1997ec4a1|rpc:10.1.0.248:15102|admin:10.1.0.248:15101|client:10.1.0.248:15100|dataStream:10.1.0.248:15103|priority:0|startupRole:FOLLOWER]|listeners:[], old=null
2023-06-29 22:14:09,857 [235ec288-f126-4c43-8a80-14f1997ec4a1-server-thread2] INFO  segmented.SegmentedRaftLogWorker (SegmentedRaftLogWorker.java:startLogSegment(447)) - 235ec288-f126-4c43-8a80-14f1997ec4a1@group-697E46F0A3C0-SegmentedRaftLogWorker: Starting segment from index:0
2023-06-29 22:14:09,857 [235ec288-f126-4c43-8a80-14f1997ec4a1@group-697E46F0A3C0-SegmentedRaftLogWorker] INFO  segmented.SegmentedRaftLogWorker (SegmentedRaftLogWorker.java:execute(651)) - 235ec288-f126-4c43-8a80-14f1997ec4a1@group-697E46F0A3C0-SegmentedRaftLogWorker: created new log segment /home/runner/work/ozone/ozone/hadoop-ozone/integration-test/target/test-dir/MiniOzoneClusterImpl-306b8aa5-132e-45e2-945e-dc5599b78ca9/datanode-2/data/ratis/f03fe89a-dfb3-4a1e-886e-697e46f0a3c0/current/log_inprogress_0
2023-06-29 22:14:10,048 [main] INFO  ozone.MiniOzoneClusterImpl (MiniOzoneClusterImpl.java:lambda$waitForClusterToBeReady$0(224)) - Nodes are ready. Got 3 of 3 DN Heartbeats.
2023-06-29 22:14:10,048 [main] INFO  ozone.MiniOzoneClusterImpl (MiniOzoneClusterImpl.java:lambda$waitForClusterToBeReady$0(227)) - Cluster exits safe mode
2023-06-29 22:14:10,048 [main] INFO  ozone.MiniOzoneClusterImpl (MiniOzoneClusterImpl.java:lambda$waitForClusterToBeReady$0(229)) - SCM became leader
2023-06-29 22:14:10,066 [main] INFO  rpc.RpcClient (RpcClient.java:createVolume(460)) - Creating Volume: vol1, with user05003 as owner and space quota set to -1 bytes, counts quota set to -1
2023-06-29 22:14:10,071 [OM StateMachine ApplyTransaction Thread - 0] INFO  volume.OMVolumeCreateRequest (OMVolumeCreateRequest.java:validateAndUpdateCache(196)) - created volume:vol1 for user:user05003
2023-06-29 22:14:10,084 [235ec288-f126-4c43-8a80-14f1997ec4a1@group-66622266BBA1-FollowerState] INFO  impl.FollowerState (FollowerState.java:run(143)) - 235ec288-f126-4c43-8a80-14f1997ec4a1@group-66622266BBA1-FollowerState: change to CANDIDATE, lastRpcElapsedTime:5026412929ns, electionTimeout:5026ms
2023-06-29 22:14:10,085 [235ec288-f126-4c43-8a80-14f1997ec4a1@group-66622266BBA1-FollowerState] INFO  impl.RoleInfo (RoleInfo.java:shutdownFollowerState(110)) - 235ec288-f126-4c43-8a80-14f1997ec4a1: shutdown 235ec288-f126-4c43-8a80-14f1997ec4a1@group-66622266BBA1-FollowerState
2023-06-29 22:14:10,085 [235ec288-f126-4c43-8a80-14f1997ec4a1@group-66622266BBA1-FollowerState] INFO  server.RaftServer$Division (RaftServerImpl.java:setRole(329)) - 235ec288-f126-4c43-8a80-14f1997ec4a1@group-66622266BBA1: changes role from  FOLLOWER to CANDIDATE at term 0 for changeToCandidate
2023-06-29 22:14:10,085 [235ec288-f126-4c43-8a80-14f1997ec4a1@group-66622266BBA1-FollowerState] INFO  server.RaftServerConfigKeys (ConfUtils.java:logGet(46)) - raft.server.leaderelection.pre-vote = true (default)
2023-06-29 22:14:10,085 [235ec288-f126-4c43-8a80-14f1997ec4a1@group-66622266BBA1-FollowerState] INFO  impl.RoleInfo (RoleInfo.java:updateAndGet(139)) - 235ec288-f126-4c43-8a80-14f1997ec4a1: start 235ec288-f126-4c43-8a80-14f1997ec4a1@group-66622266BBA1-LeaderElection24
2023-06-29 22:14:10,092 [main] INFO  rpc.RpcClient (RpcClient.java:createBucket(687)) - Creating Bucket: vol1/bucket1, with bucket layout LEGACY, runner as owner, Versioning false, Storage Type set to DISK and Encryption set to false, Replication Type set to server-side default replication type, Namespace Quota set to -1, Space Quota set to -1 
2023-06-29 22:14:10,095 [OM StateMachine ApplyTransaction Thread - 0] INFO  bucket.OMBucketCreateRequest (OMBucketCreateRequest.java:validateAndUpdateCache(270)) - created bucket: bucket1 of layout LEGACY in volume: vol1
2023-06-29 22:14:10,101 [235ec288-f126-4c43-8a80-14f1997ec4a1@group-66622266BBA1-LeaderElection24] INFO  impl.LeaderElection (LeaderElection.java:askForVotes(321)) - 235ec288-f126-4c43-8a80-14f1997ec4a1@group-66622266BBA1-LeaderElection24 PRE_VOTE round 0: submit vote requests at term 0 for -1: peers:[235ec288-f126-4c43-8a80-14f1997ec4a1|rpc:10.1.0.248:15102|admin:10.1.0.248:15101|client:10.1.0.248:15100|dataStream:10.1.0.248:15103|priority:1|startupRole:FOLLOWER]|listeners:[], old=null
2023-06-29 22:14:10,101 [235ec288-f126-4c43-8a80-14f1997ec4a1@group-66622266BBA1-LeaderElection24] INFO  impl.LeaderElection (LeaderElection.java:askForVotes(323)) - 235ec288-f126-4c43-8a80-14f1997ec4a1@group-66622266BBA1-LeaderElection24 PRE_VOTE round 0: result PASSED (term=0)
2023-06-29 22:14:10,103 [235ec288-f126-4c43-8a80-14f1997ec4a1@group-66622266BBA1-LeaderElection24] INFO  impl.LeaderElection (LeaderElection.java:askForVotes(321)) - 235ec288-f126-4c43-8a80-14f1997ec4a1@group-66622266BBA1-LeaderElection24 ELECTION round 0: submit vote requests at term 1 for -1: peers:[235ec288-f126-4c43-8a80-14f1997ec4a1|rpc:10.1.0.248:15102|admin:10.1.0.248:15101|client:10.1.0.248:15100|dataStream:10.1.0.248:15103|priority:1|startupRole:FOLLOWER]|listeners:[], old=null
2023-06-29 22:14:10,103 [235ec288-f126-4c43-8a80-14f1997ec4a1@group-66622266BBA1-LeaderElection24] INFO  impl.LeaderElection (LeaderElection.java:askForVotes(323)) - 235ec288-f126-4c43-8a80-14f1997ec4a1@group-66622266BBA1-LeaderElection24 ELECTION round 0: result PASSED (term=1)
2023-06-29 22:14:10,103 [235ec288-f126-4c43-8a80-14f1997ec4a1@group-66622266BBA1-LeaderElection24] INFO  impl.RoleInfo (RoleInfo.java:shutdownLeaderElection(130)) - 235ec288-f126-4c43-8a80-14f1997ec4a1: shutdown 235ec288-f126-4c43-8a80-14f1997ec4a1@group-66622266BBA1-LeaderElection24
2023-06-29 22:14:10,104 [235ec288-f126-4c43-8a80-14f1997ec4a1@group-66622266BBA1-LeaderElection24] INFO  server.RaftServer$Division (RaftServerImpl.java:setRole(329)) - 235ec288-f126-4c43-8a80-14f1997ec4a1@group-66622266BBA1: changes role from CANDIDATE to LEADER at term 1 for changeToLeader
2023-06-29 22:14:10,104 [235ec288-f126-4c43-8a80-14f1997ec4a1@group-66622266BBA1-LeaderElection24] INFO  ratis.XceiverServerRatis (XceiverServerRatis.java:handleLeaderChangedNotification(902)) - Leader change notification received for group: group-66622266BBA1 with new leaderId: 235ec288-f126-4c43-8a80-14f1997ec4a1
2023-06-29 22:14:10,104 [235ec288-f126-4c43-8a80-14f1997ec4a1@group-66622266BBA1-LeaderElection24] INFO  server.RaftServer$Division (ServerState.java:setLeader(317)) - 235ec288-f126-4c43-8a80-14f1997ec4a1@group-66622266BBA1: change Leader from null to 235ec288-f126-4c43-8a80-14f1997ec4a1 at term 1 for becomeLeader, leader elected after 5054ms
2023-06-29 22:14:10,104 [235ec288-f126-4c43-8a80-14f1997ec4a1@group-66622266BBA1-LeaderElection24] INFO  server.RaftServerConfigKeys (ConfUtils.java:logGet(46)) - raft.server.staging.catchup.gap = 1000 (default)
2023-06-29 22:14:10,104 [235ec288-f126-4c43-8a80-14f1997ec4a1@group-66622266BBA1-LeaderElection24] INFO  server.RaftServerConfigKeys (ConfUtils.java:logGet(46)) - raft.server.write.element-limit = 1024 (custom)
2023-06-29 22:14:10,104 [235ec288-f126-4c43-8a80-14f1997ec4a1@group-66622266BBA1-LeaderElection24] INFO  server.RaftServerConfigKeys (ConfUtils.java:logGet(46)) - raft.server.write.byte-limit = 1024 M (=1073741824) (custom)
2023-06-29 22:14:10,105 [235ec288-f126-4c43-8a80-14f1997ec4a1@group-66622266BBA1-LeaderElection24] INFO  server.RaftServerConfigKeys (ConfUtils.java:logGet(46)) - raft.server.watch.timeout = 180s (custom)
2023-06-29 22:14:10,106 [235ec288-f126-4c43-8a80-14f1997ec4a1@group-66622266BBA1-LeaderElection24] INFO  server.RaftServerConfigKeys (ConfUtils.java:logGet(46)) - raft.server.watch.timeout.denomination = 1s (default)
2023-06-29 22:14:10,106 [235ec288-f126-4c43-8a80-14f1997ec4a1@group-66622266BBA1-LeaderElection24] INFO  server.RaftServerConfigKeys (ConfUtils.java:logGet(46)) - raft.server.watch.element-limit = 65536 (default)
2023-06-29 22:14:10,106 [235ec288-f126-4c43-8a80-14f1997ec4a1@group-66622266BBA1-LeaderElection24] INFO  server.RaftServerConfigKeys (ConfUtils.java:logGet(46)) - raft.server.write.element-limit = 1024 (custom)
2023-06-29 22:14:10,106 [235ec288-f126-4c43-8a80-14f1997ec4a1@group-66622266BBA1-LeaderElection24] INFO  server.RaftServerConfigKeys (ConfUtils.java:logGet(46)) - raft.server.write.follower.gap.ratio.max = -1.0 (default)
2023-06-29 22:14:10,106 [235ec288-f126-4c43-8a80-14f1997ec4a1@group-66622266BBA1-LeaderElection24] INFO  impl.RoleInfo (RoleInfo.java:updateAndGet(139)) - 235ec288-f126-4c43-8a80-14f1997ec4a1: start 235ec288-f126-4c43-8a80-14f1997ec4a1@group-66622266BBA1-LeaderStateImpl
2023-06-29 22:14:10,106 [235ec288-f126-4c43-8a80-14f1997ec4a1@group-66622266BBA1-LeaderElection24] INFO  segmented.SegmentedRaftLogWorker (SegmentedRaftLogWorker.java:startLogSegment(447)) - 235ec288-f126-4c43-8a80-14f1997ec4a1@group-66622266BBA1-SegmentedRaftLogWorker: Starting segment from index:0
2023-06-29 22:14:10,107 [235ec288-f126-4c43-8a80-14f1997ec4a1@group-66622266BBA1-SegmentedRaftLogWorker] INFO  segmented.SegmentedRaftLogWorker (SegmentedRaftLogWorker.java:execute(651)) - 235ec288-f126-4c43-8a80-14f1997ec4a1@group-66622266BBA1-SegmentedRaftLogWorker: created new log segment /home/runner/work/ozone/ozone/hadoop-ozone/integration-test/target/test-dir/MiniOzoneClusterImpl-306b8aa5-132e-45e2-945e-dc5599b78ca9/datanode-2/data/ratis/fdf1eacc-44fd-4c67-8b51-66622266bba1/current/log_inprogress_0
2023-06-29 22:14:10,108 [235ec288-f126-4c43-8a80-14f1997ec4a1@group-66622266BBA1-LeaderElection24] INFO  server.RaftServer$Division (ServerState.java:setRaftConf(434)) - 235ec288-f126-4c43-8a80-14f1997ec4a1@group-66622266BBA1: set configuration 0: peers:[235ec288-f126-4c43-8a80-14f1997ec4a1|rpc:10.1.0.248:15102|admin:10.1.0.248:15101|client:10.1.0.248:15100|dataStream:10.1.0.248:15103|priority:1|startupRole:FOLLOWER]|listeners:[], old=null
2023-06-29 22:14:10,111 [IPC Server handler 1 on default port 15071] INFO  ha.SequenceIdGenerator (SequenceIdGenerator.java:getNextId(128)) - Allocate a batch for containerId, change lastId from 0 to 1000.
2023-06-29 22:14:10,112 [IPC Server handler 1 on default port 15071] WARN  ha.SequenceIdGenerator (SequenceIdGenerator.java:allocateBatch(237)) - Failed to allocate a batch for localId, expected lastId is 0, actual lastId is 111677748019200000.
2023-06-29 22:14:10,112 [IPC Server handler 1 on default port 15071] INFO  ha.SequenceIdGenerator (SequenceIdGenerator.java:getNextId(128)) - Allocate a batch for localId, change lastId from 111677748019200000 to 111677748019201000.
2023-06-29 22:14:11,934 [JvmPauseMonitor13] WARN  util.JvmPauseMonitor (JvmPauseMonitor.java:detectPause(124)) - JvmPauseMonitor-be8f56ef-e678-472d-afc0-a2265ae98bd6: Detected pause in JVM or host machine approximately 0.155s with 0.281s GC time.
GC pool 'PS MarkSweep' had collection(s): count=1 time=237ms
GC pool 'PS Scavenge' had collection(s): count=1 time=44ms
2023-06-29 22:14:11,975 [main] INFO  ozone.TestSnapshotDeletingService (TestSnapshotDeletingService.java:assertTableRowCount(565)) - keyTable actual row count=2, expectedCount=2
2023-06-29 22:14:11,978 [OM StateMachine ApplyTransaction Thread - 0] INFO  snapshot.OMSnapshotCreateRequest (OMSnapshotCreateRequest.java:validateAndUpdateCache(193)) - Created snapshot: 'bucket1snap1' with snapshotId: '549b5bb6-a466-4a59-9a87-8e7d4ea7bdbc' under path 'vol1/bucket1'
2023-06-29 22:14:11,982 [main] INFO  ozone.TestSnapshotDeletingService (TestSnapshotDeletingService.java:assertTableRowCount(565)) - snapshotInfoTable actual row count=0, expectedCount=1
2023-06-29 22:14:11,998 [OMDoubleBufferFlushThread] INFO  db.RDBCheckpointManager (RDBCheckpointManager.java:createCheckpoint(89)) - Created checkpoint in rocksDB at /home/runner/work/ozone/ozone/hadoop-ozone/integration-test/target/test-dir/MiniOzoneClusterImpl-306b8aa5-132e-45e2-945e-dc5599b78ca9/ozone-meta/db.snapshots/checkpointState/om.db-549b5bb6-a466-4a59-9a87-8e7d4ea7bdbc in 19 milliseconds
2023-06-29 22:14:11,999 [OMDoubleBufferFlushThread] INFO  db.RDBCheckpointUtils (RDBCheckpointUtils.java:waitForCheckpointDirectoryExist(59)) - Waited for 1 milliseconds for checkpoint directory /home/runner/work/ozone/ozone/hadoop-ozone/integration-test/target/test-dir/MiniOzoneClusterImpl-306b8aa5-132e-45e2-945e-dc5599b78ca9/ozone-meta/db.snapshots/checkpointState/om.db-549b5bb6-a466-4a59-9a87-8e7d4ea7bdbc availability.
2023-06-29 22:14:11,999 [OMDoubleBufferFlushThread] INFO  om.OmSnapshotManager (OmSnapshotManager.java:createOmSnapshotCheckpoint(463)) - Created checkpoint : /home/runner/work/ozone/ozone/hadoop-ozone/integration-test/target/test-dir/MiniOzoneClusterImpl-306b8aa5-132e-45e2-945e-dc5599b78ca9/ozone-meta/db.snapshots/checkpointState/om.db-549b5bb6-a466-4a59-9a87-8e7d4ea7bdbc for snapshot bucket1snap1
2023-06-29 22:14:12,129 [KeyDeletingService#0] INFO  snapshot.SnapshotCache (SnapshotCache.java:lambda$1(166)) - Loading snapshot. Table key: /vol1/bucket1/bucket1snap1
2023-06-29 22:14:12,130 [KeyDeletingService#0] WARN  server.ServerUtils (ServerUtils.java:getDBPath(311)) - ozone.om.db.dirs is not configured. We recommend adding this setting. Falling back to ozone.metadata.dirs instead.
2023-06-29 22:14:12,130 [KeyDeletingService#0] INFO  helpers.OmKeyInfo (OmKeyInfo.java:getCodec(71)) - OmKeyInfo.getCodec ignorePipeline = true
2023-06-29 22:14:12,982 [main] INFO  ozone.TestSnapshotDeletingService (TestSnapshotDeletingService.java:assertTableRowCount(565)) - snapshotInfoTable actual row count=1, expectedCount=1
2023-06-29 22:14:14,130 [KeyDeletingService#0] INFO  snapshot.SnapshotCache (SnapshotCache.java:lambda$1(166)) - Loading snapshot. Table key: /vol1/bucket1/bucket1snap1
2023-06-29 22:14:14,458 [main] INFO  ozone.TestSnapshotDeletingService (TestSnapshotDeletingService.java:assertTableRowCount(565)) - keyTable actual row count=0, expectedCount=0
2023-06-29 22:14:14,459 [main] INFO  ozone.TestSnapshotDeletingService (TestSnapshotDeletingService.java:assertTableRowCount(565)) - deletedTable actual row count=3, expectedCount=1
2023-06-29 22:14:14,630 [KeyDeletingService#0] INFO  snapshot.SnapshotCache (SnapshotCache.java:lambda$1(166)) - Loading snapshot. Table key: /vol1/bucket1/bucket1snap1
2023-06-29 22:14:14,630 [KeyDeletingService#0] INFO  snapshot.SnapshotCache (SnapshotCache.java:lambda$1(166)) - Loading snapshot. Table key: /vol1/bucket1/bucket1snap1
2023-06-29 22:14:14,631 [KeyDeletingService#0] INFO  snapshot.SnapshotCache (SnapshotCache.java:lambda$1(166)) - Loading snapshot. Table key: /vol1/bucket1/bucket1snap1
2023-06-29 22:14:14,632 [IPC Server handler 1 on default port 15071] INFO  ha.SequenceIdGenerator (SequenceIdGenerator.java:getNextId(128)) - Allocate a batch for delTxnId, change lastId from 0 to 1000.
2023-06-29 22:14:15,130 [KeyDeletingService#0] INFO  snapshot.SnapshotCache (SnapshotCache.java:lambda$1(166)) - Loading snapshot. Table key: /vol1/bucket1/bucket1snap1
2023-06-29 22:14:15,460 [main] INFO  ozone.TestSnapshotDeletingService (TestSnapshotDeletingService.java:assertTableRowCount(565)) - deletedTable actual row count=1, expectedCount=1
2023-06-29 22:14:15,462 [OM StateMachine ApplyTransaction Thread - 0] INFO  snapshot.OMSnapshotCreateRequest (OMSnapshotCreateRequest.java:validateAndUpdateCache(193)) - Created snapshot: 'bucket1snap2' with snapshotId: 'b7b7de04-e9f1-4346-af1e-74ed0f8640d9' under path 'vol1/bucket1'
2023-06-29 22:14:15,464 [main] INFO  ozone.TestSnapshotDeletingService (TestSnapshotDeletingService.java:assertTableRowCount(565)) - snapshotInfoTable actual row count=1, expectedCount=2
2023-06-29 22:14:15,480 [OMDoubleBufferFlushThread] INFO  db.RDBCheckpointManager (RDBCheckpointManager.java:createCheckpoint(89)) - Created checkpoint in rocksDB at /home/runner/work/ozone/ozone/hadoop-ozone/integration-test/target/test-dir/MiniOzoneClusterImpl-306b8aa5-132e-45e2-945e-dc5599b78ca9/ozone-meta/db.snapshots/checkpointState/om.db-b7b7de04-e9f1-4346-af1e-74ed0f8640d9 in 16 milliseconds
2023-06-29 22:14:15,481 [OMDoubleBufferFlushThread] INFO  db.RDBCheckpointUtils (RDBCheckpointUtils.java:waitForCheckpointDirectoryExist(59)) - Waited for 1 milliseconds for checkpoint directory /home/runner/work/ozone/ozone/hadoop-ozone/integration-test/target/test-dir/MiniOzoneClusterImpl-306b8aa5-132e-45e2-945e-dc5599b78ca9/ozone-meta/db.snapshots/checkpointState/om.db-b7b7de04-e9f1-4346-af1e-74ed0f8640d9 availability.
2023-06-29 22:14:15,482 [OMDoubleBufferFlushThread] INFO  om.OmSnapshotManager (OmSnapshotManager.java:createOmSnapshotCheckpoint(463)) - Created checkpoint : /home/runner/work/ozone/ozone/hadoop-ozone/integration-test/target/test-dir/MiniOzoneClusterImpl-306b8aa5-132e-45e2-945e-dc5599b78ca9/ozone-meta/db.snapshots/checkpointState/om.db-b7b7de04-e9f1-4346-af1e-74ed0f8640d9 for snapshot bucket1snap2
2023-06-29 22:14:15,630 [KeyDeletingService#0] INFO  snapshot.SnapshotCache (SnapshotCache.java:lambda$1(166)) - Loading snapshot. Table key: /vol1/bucket1/bucket1snap2
2023-06-29 22:14:15,630 [KeyDeletingService#0] WARN  server.ServerUtils (ServerUtils.java:getDBPath(311)) - ozone.om.db.dirs is not configured. We recommend adding this setting. Falling back to ozone.metadata.dirs instead.
2023-06-29 22:14:15,631 [KeyDeletingService#0] INFO  helpers.OmKeyInfo (OmKeyInfo.java:getCodec(71)) - OmKeyInfo.getCodec ignorePipeline = true
2023-06-29 22:14:15,669 [KeyDeletingService#0] INFO  snapshot.SnapshotCache (SnapshotCache.java:lambda$1(166)) - Loading snapshot. Table key: /vol1/bucket1/bucket1snap1
2023-06-29 22:14:16,465 [main] INFO  ozone.TestSnapshotDeletingService (TestSnapshotDeletingService.java:assertTableRowCount(565)) - snapshotInfoTable actual row count=2, expectedCount=2
2023-06-29 22:14:16,465 [main] INFO  ozone.TestSnapshotDeletingService (TestSnapshotDeletingService.java:assertTableRowCount(565)) - deletedTable actual row count=0, expectedCount=0
2023-06-29 22:14:18,535 [main] INFO  ozone.TestSnapshotDeletingService (TestSnapshotDeletingService.java:assertTableRowCount(565)) - keyTable actual row count=1, expectedCount=1
2023-06-29 22:14:18,535 [main] INFO  ozone.TestSnapshotDeletingService (TestSnapshotDeletingService.java:assertTableRowCount(565)) - deletedTable actual row count=1, expectedCount=0
2023-06-29 22:14:18,630 [KeyDeletingService#0] INFO  snapshot.SnapshotCache (SnapshotCache.java:lambda$1(166)) - Loading snapshot. Table key: /vol1/bucket1/bucket1snap2
2023-06-29 22:14:19,536 [main] INFO  ozone.TestSnapshotDeletingService (TestSnapshotDeletingService.java:assertTableRowCount(565)) - deletedTable actual row count=0, expectedCount=0
2023-06-29 22:14:19,538 [OM StateMachine ApplyTransaction Thread - 0] INFO  snapshot.OMSnapshotCreateRequest (OMSnapshotCreateRequest.java:validateAndUpdateCache(193)) - Created snapshot: 'bucket1snap3' with snapshotId: '7273217c-14ae-4d14-a680-aed7e014f3ea' under path 'vol1/bucket1'
2023-06-29 22:14:19,540 [main] INFO  ozone.TestSnapshotDeletingService (TestSnapshotDeletingService.java:assertTableRowCount(565)) - snapshotInfoTable actual row count=2, expectedCount=3
2023-06-29 22:14:19,557 [OMDoubleBufferFlushThread] INFO  db.RDBCheckpointManager (RDBCheckpointManager.java:createCheckpoint(89)) - Created checkpoint in rocksDB at /home/runner/work/ozone/ozone/hadoop-ozone/integration-test/target/test-dir/MiniOzoneClusterImpl-306b8aa5-132e-45e2-945e-dc5599b78ca9/ozone-meta/db.snapshots/checkpointState/om.db-7273217c-14ae-4d14-a680-aed7e014f3ea in 16 milliseconds
2023-06-29 22:14:19,557 [OMDoubleBufferFlushThread] INFO  db.RDBCheckpointUtils (RDBCheckpointUtils.java:waitForCheckpointDirectoryExist(59)) - Waited for 0 milliseconds for checkpoint directory /home/runner/work/ozone/ozone/hadoop-ozone/integration-test/target/test-dir/MiniOzoneClusterImpl-306b8aa5-132e-45e2-945e-dc5599b78ca9/ozone-meta/db.snapshots/checkpointState/om.db-7273217c-14ae-4d14-a680-aed7e014f3ea availability.
2023-06-29 22:14:19,557 [OMDoubleBufferFlushThread] INFO  om.OmSnapshotManager (OmSnapshotManager.java:createOmSnapshotCheckpoint(463)) - Created checkpoint : /home/runner/work/ozone/ozone/hadoop-ozone/integration-test/target/test-dir/MiniOzoneClusterImpl-306b8aa5-132e-45e2-945e-dc5599b78ca9/ozone-meta/db.snapshots/checkpointState/om.db-7273217c-14ae-4d14-a680-aed7e014f3ea for snapshot bucket1snap3
2023-06-29 22:14:19,630 [KeyDeletingService#0] INFO  snapshot.SnapshotCache (SnapshotCache.java:lambda$1(166)) - Loading snapshot. Table key: /vol1/bucket1/bucket1snap3
2023-06-29 22:14:19,631 [KeyDeletingService#0] WARN  server.ServerUtils (ServerUtils.java:getDBPath(311)) - ozone.om.db.dirs is not configured. We recommend adding this setting. Falling back to ozone.metadata.dirs instead.
2023-06-29 22:14:19,631 [KeyDeletingService#0] INFO  helpers.OmKeyInfo (OmKeyInfo.java:getCodec(71)) - OmKeyInfo.getCodec ignorePipeline = true
2023-06-29 22:14:19,670 [KeyDeletingService#0] INFO  snapshot.SnapshotCache (SnapshotCache.java:lambda$1(166)) - Loading snapshot. Table key: /vol1/bucket1/bucket1snap2
2023-06-29 22:14:20,541 [main] INFO  ozone.TestSnapshotDeletingService (TestSnapshotDeletingService.java:assertTableRowCount(565)) - snapshotInfoTable actual row count=3, expectedCount=3
2023-06-29 22:14:20,544 [OM StateMachine ApplyTransaction Thread - 0] INFO  snapshot.OMSnapshotDeleteRequest (OMSnapshotDeleteRequest.java:validateAndUpdateCache(225)) - Deleted snapshot 'bucket1snap2' under path 'vol1/bucket1'
2023-06-29 22:14:20,546 [main] INFO  ozone.TestSnapshotDeletingService (TestSnapshotDeletingService.java:assertTableRowCount(565)) - snapshotInfoTable actual row count=3, expectedCount=2
2023-06-29 22:14:20,635 [SnapshotDeletingService#0] INFO  snapshot.SnapshotCache (SnapshotCache.java:lambda$1(166)) - Loading snapshot. Table key: /vol1/bucket1/bucket1snap2
2023-06-29 22:14:20,637 [SnapshotDeletingService#0] INFO  snapshot.SnapshotCache (SnapshotCache.java:lambda$1(166)) - Loading snapshot. Table key: /vol1/bucket1/bucket1snap1
2023-06-29 22:14:20,641 [OMDoubleBufferFlushThread] INFO  snapshot.SnapshotCache (SnapshotCache.java:lambda$1(166)) - Loading snapshot. Table key: /vol1/bucket1/bucket1snap2
2023-06-29 22:14:20,646 [OM StateMachine ApplyTransaction Thread - 0] INFO  upgrade.AbstractLayoutVersionManager (AbstractLayoutVersionManager.java:init(83)) - Initializing Layout version manager with metadata layout = QUOTA (version = 6), software layout = QUOTA (version = 6)
2023-06-29 22:14:20,646 [OMDoubleBufferFlushThread] INFO  snapshot.SnapshotCache (SnapshotCache.java:lambda$1(166)) - Loading snapshot. Table key: /vol1/bucket1/bucket1snap2
2023-06-29 22:14:20,646 [OMDoubleBufferFlushThread] INFO  snapshot.SnapshotCache (SnapshotCache.java:lambda$1(166)) - Loading snapshot. Table key: /vol1/bucket1/bucket1snap3
2023-06-29 22:14:21,135 [SnapshotDeletingService#0] INFO  snapshot.SnapshotCache (SnapshotCache.java:lambda$1(166)) - Loading snapshot. Table key: /vol1/bucket1/bucket1snap2
2023-06-29 22:14:21,547 [main] INFO  ozone.TestSnapshotDeletingService (TestSnapshotDeletingService.java:assertTableRowCount(565)) - snapshotInfoTable actual row count=2, expectedCount=2
2023-06-29 22:14:21,547 [main] INFO  ozone.TestSnapshotDeletingService (TestSnapshotDeletingService.java:assertTableRowCount(565)) - snapshotInfoTable actual row count=2, expectedCount=2
2023-06-29 22:14:21,548 [main] INFO  snapshot.SnapshotCache (SnapshotCache.java:lambda$1(166)) - Loading snapshot. Table key: /vol1/bucket1/bucket1snap3
2023-06-29 22:14:21,565 [main] INFO  ozone.MiniOzoneClusterImpl (MiniOzoneClusterImpl.java:shutdown(443)) - Shutting down the Mini Ozone Cluster
2023-06-29 22:14:21,565 [main] INFO  ozone.MiniOzoneClusterImpl (MiniOzoneClusterImpl.java:stop(460)) - Stopping the Mini Ozone Cluster
2023-06-29 22:14:21,565 [main] INFO  ozone.MiniOzoneClusterImpl (MiniOzoneClusterImpl.java:stopOM(551)) - Stopping the OzoneManager
2023-06-29 22:14:21,565 [main] INFO  om.OzoneManager (OzoneManager.java:stop(2196)) - om1[localhost:15074]: Stopping Ozone Manager
2023-06-29 22:14:21,565 [main] INFO  ipc.Server (Server.java:stop(3523)) - Stopping server on 15074
2023-06-29 22:14:21,569 [IPC Server listener on 15074] INFO  ipc.Server (Server.java:run(1434)) - Stopping IPC Server listener on 15074
2023-06-29 22:14:21,572 [IPC Server Responder] INFO  ipc.Server (Server.java:run(1567)) - Stopping IPC Server Responder
2023-06-29 22:14:21,573 [main] INFO  server.RaftServer (RaftServerProxy.java:lambda$close$6(416)) - om1: close
2023-06-29 22:14:21,573 [main] INFO  server.GrpcService (GrpcService.java:closeImpl(311)) - om1: shutdown server GrpcServerProtocolService now
2023-06-29 22:14:21,573 [om1-impl-thread1] INFO  server.RaftServer$Division (RaftServerImpl.java:lambda$close$4(466)) - om1@group-C5BA1605619E: shutdown
2023-06-29 22:14:21,573 [om1-impl-thread1] INFO  util.JmxRegister (JmxRegister.java:unregister(73)) - Successfully un-registered JMX Bean with object name Ratis:service=RaftServer,group=group-C5BA1605619E,id=om1
2023-06-29 22:14:21,573 [om1-impl-thread1] INFO  impl.RoleInfo (RoleInfo.java:shutdownLeaderState(93)) - om1: shutdown om1@group-C5BA1605619E-LeaderStateImpl
2023-06-29 22:14:21,574 [om1-impl-thread1] INFO  impl.PendingRequests (PendingRequests.java:sendNotLeaderResponses(289)) - om1@group-C5BA1605619E-PendingRequests: sendNotLeaderResponses
2023-06-29 22:14:21,582 [om1-impl-thread1] INFO  impl.StateMachineUpdater (StateMachineUpdater.java:stopAndJoin(155)) - om1@group-C5BA1605619E-StateMachineUpdater: set stopIndex = 60
2023-06-29 22:14:21,582 [om1@group-C5BA1605619E-StateMachineUpdater] INFO  ratis.OzoneManagerStateMachine (OzoneManagerStateMachine.java:takeSnapshot(479)) - Current Snapshot Index (t:1, i:60)
2023-06-29 22:14:21,585 [main] INFO  server.GrpcService (GrpcService.java:closeImpl(320)) - om1: shutdown server GrpcServerProtocolService successfully
2023-06-29 22:14:21,590 [om1@group-C5BA1605619E-StateMachineUpdater] INFO  impl.StateMachineUpdater (StateMachineUpdater.java:takeSnapshot(291)) - om1@group-C5BA1605619E-StateMachineUpdater: Took a snapshot at index 60
2023-06-29 22:14:21,590 [om1@group-C5BA1605619E-StateMachineUpdater] INFO  impl.StateMachineUpdater (StateMachineUpdater.java:lambda$new$0(97)) - om1@group-C5BA1605619E-StateMachineUpdater: snapshotIndex: updateIncreasingly -1 -> 60
2023-06-29 22:14:21,590 [om1@group-C5BA1605619E-StateMachineUpdater] INFO  ratis.OzoneManagerStateMachine (OzoneManagerStateMachine.java:close(533)) - StateMachine has shutdown. Shutdown OzoneManager if not already shutdown.
2023-06-29 22:14:21,591 [om1@group-C5BA1605619E-StateMachineUpdater] INFO  ratis.OzoneManagerDoubleBuffer (OzoneManagerDoubleBuffer.java:stopDaemon(551)) - Stopping OMDoubleBuffer flush thread
2023-06-29 22:14:21,592 [Thread-2298] INFO  rocksdiff.RocksDBCheckpointDiffer (RocksDBCheckpointDiffer.java:onCompactionCompleted(527)) - Skipped the compaction entry. Compaction input files: [/home/runner/work/ozone/ozone/hadoop-ozone/integration-test/target/test-dir/MiniOzoneClusterImpl-306b8aa5-132e-45e2-945e-dc5599b78ca9/ozone-meta/om.db/000073.sst, /home/runner/work/ozone/ozone/hadoop-ozone/integration-test/target/test-dir/MiniOzoneClusterImpl-306b8aa5-132e-45e2-945e-dc5599b78ca9/ozone-meta/om.db/000067.sst, /home/runner/work/ozone/ozone/hadoop-ozone/integration-test/target/test-dir/MiniOzoneClusterImpl-306b8aa5-132e-45e2-945e-dc5599b78ca9/ozone-meta/om.db/000060.sst, /home/runner/work/ozone/ozone/hadoop-ozone/integration-test/target/test-dir/MiniOzoneClusterImpl-306b8aa5-132e-45e2-945e-dc5599b78ca9/ozone-meta/om.db/000053.sst] and output files: [/home/runner/work/ozone/ozone/hadoop-ozone/integration-test/target/test-dir/MiniOzoneClusterImpl-306b8aa5-132e-45e2-945e-dc5599b78ca9/ozone-meta/om.db/000073.sst, /home/runner/work/ozone/ozone/hadoop-ozone/integration-test/target/test-dir/MiniOzoneClusterImpl-306b8aa5-132e-45e2-945e-dc5599b78ca9/ozone-meta/om.db/000067.sst, /home/runner/work/ozone/ozone/hadoop-ozone/integration-test/target/test-dir/MiniOzoneClusterImpl-306b8aa5-132e-45e2-945e-dc5599b78ca9/ozone-meta/om.db/000060.sst, /home/runner/work/ozone/ozone/hadoop-ozone/integration-test/target/test-dir/MiniOzoneClusterImpl-306b8aa5-132e-45e2-945e-dc5599b78ca9/ozone-meta/om.db/000053.sst] are same.
2023-06-29 22:14:21,592 [OMDoubleBufferFlushThread] INFO  ratis.OzoneManagerDoubleBuffer (OzoneManagerDoubleBuffer.java:canFlush(638)) - OMDoubleBuffer flush thread OMDoubleBufferFlushThread is interrupted and will exit.
2023-06-29 22:14:21,593 [om1-impl-thread1] INFO  server.RaftServer$Division (ServerState.java:close(472)) - om1@group-C5BA1605619E: closes. applyIndex: 60
2023-06-29 22:14:22,138 [om1-impl-thread1] INFO  segmented.SegmentedRaftLogWorker (SegmentedRaftLogWorker.java:close(252)) - om1@group-C5BA1605619E-SegmentedRaftLogWorker close()
2023-06-29 22:14:22,138 [JvmPauseMonitor11] INFO  util.JvmPauseMonitor (JvmPauseMonitor.java:run(109)) - JvmPauseMonitor-om1: Stopped
2023-06-29 22:14:22,138 [main] INFO  ratis.OzoneManagerStateMachine (OzoneManagerStateMachine.java:close(533)) - StateMachine has shutdown. Shutdown OzoneManager if not already shutdown.
2023-06-29 22:14:22,138 [main] INFO  ratis.OzoneManagerDoubleBuffer (OzoneManagerDoubleBuffer.java:stopDaemon(560)) - OMDoubleBuffer flush thread is not running.
2023-06-29 22:14:22,139 [main] INFO  utils.BackgroundService (BackgroundService.java:shutdown(141)) - Shutting down service KeyDeletingService
2023-06-29 22:14:22,139 [main] INFO  utils.BackgroundService (BackgroundService.java:shutdown(141)) - Shutting down service KeyDeletingService
2023-06-29 22:14:22,140 [main] INFO  utils.BackgroundService (BackgroundService.java:shutdown(141)) - Shutting down service OpenKeyCleanupService
2023-06-29 22:14:22,140 [main] INFO  utils.BackgroundService (BackgroundService.java:shutdown(141)) - Shutting down service SstFilteringService
2023-06-29 22:14:22,140 [main] INFO  utils.BackgroundService (BackgroundService.java:shutdown(141)) - Shutting down service SnapshotDeletingService
2023-06-29 22:14:22,140 [main] INFO  handler.ContextHandler (ContextHandler.java:doStop(1159)) - Stopped o.e.j.w.WebAppContext@37066547{ozoneManager,/,null,STOPPED}{file:/home/runner/work/ozone/ozone/hadoop-ozone/integration-test/target/test-classes/webapps/ozoneManager}
2023-06-29 22:14:22,141 [main] INFO  server.AbstractConnector (AbstractConnector.java:doStop(383)) - Stopped ServerConnector@42cd23ee{HTTP/1.1, (http/1.1)}{0.0.0.0:15075}
2023-06-29 22:14:22,141 [main] INFO  server.session (HouseKeeper.java:stopScavenging(149)) - node0 Stopped scavenging
2023-06-29 22:14:22,141 [main] INFO  handler.ContextHandler (ContextHandler.java:doStop(1159)) - Stopped o.e.j.s.ServletContextHandler@44deaadc{static,/static,file:///home/runner/work/ozone/ozone/hadoop-ozone/integration-test/target/test-classes/webapps/static,STOPPED}
2023-06-29 22:14:22,142 [main] INFO  handler.ContextHandler (ContextHandler.java:doStop(1159)) - Stopped o.e.j.s.ServletContextHandler@7c8c7a16{logs,/logs,file:///home/runner/work/ozone/ozone/hadoop-ozone/integration-test/target/log,STOPPED}
2023-06-29 22:14:22,144 [main] INFO  snapshot.SnapshotDiffManager (SnapshotDiffManager.java:closeExecutorService(1699)) - Shutting down executorService: 'SnapDiffExecutor'
2023-06-29 22:14:22,144 [main] INFO  snapshot.SnapshotDiffManager (SnapshotDiffManager.java:closeExecutorService(1699)) - Shutting down executorService: 'SstDumpToolExecutor'
2023-06-29 22:14:22,148 [main] INFO  utils.BackgroundService (BackgroundService.java:shutdown(141)) - Shutting down service SnapshotDiffCleanupService
2023-06-29 22:14:22,149 [main] INFO  ozone.MiniOzoneClusterImpl (MiniOzoneClusterImpl.java:stopDatanodes(528)) - Stopping the HddsDatanodes
2023-06-29 22:14:22,161 [ForkJoinPool.commonPool-worker-0] INFO  ozoneimpl.OzoneContainer (OzoneContainer.java:stop(441)) - Attempting to stop container services.
2023-06-29 22:14:22,162 [main] INFO  ozoneimpl.OzoneContainer (OzoneContainer.java:stop(441)) - Attempting to stop container services.
2023-06-29 22:14:22,162 [ForkJoinPool.commonPool-worker-0] INFO  server.RaftServer (RaftServerProxy.java:lambda$close$6(416)) - d05bfd9b-313a-4e98-aa4a-0bd40171ee67: close
2023-06-29 22:14:22,162 [d05bfd9b-313a-4e98-aa4a-0bd40171ee67-impl-thread1] INFO  server.RaftServer$Division (RaftServerImpl.java:lambda$close$4(466)) - d05bfd9b-313a-4e98-aa4a-0bd40171ee67@group-697E46F0A3C0: shutdown
2023-06-29 22:14:22,162 [d05bfd9b-313a-4e98-aa4a-0bd40171ee67-impl-thread1] INFO  util.JmxRegister (JmxRegister.java:unregister(73)) - Successfully un-registered JMX Bean with object name Ratis:service=RaftServer,group=group-697E46F0A3C0,id=d05bfd9b-313a-4e98-aa4a-0bd40171ee67
2023-06-29 22:14:22,162 [d05bfd9b-313a-4e98-aa4a-0bd40171ee67-impl-thread1] INFO  impl.RoleInfo (RoleInfo.java:shutdownFollowerState(110)) - d05bfd9b-313a-4e98-aa4a-0bd40171ee67: shutdown d05bfd9b-313a-4e98-aa4a-0bd40171ee67@group-697E46F0A3C0-FollowerState
2023-06-29 22:14:22,162 [d05bfd9b-313a-4e98-aa4a-0bd40171ee67-impl-thread2] INFO  server.RaftServer$Division (RaftServerImpl.java:lambda$close$4(466)) - d05bfd9b-313a-4e98-aa4a-0bd40171ee67@group-E578A28B4A79: shutdown
2023-06-29 22:14:22,162 [d05bfd9b-313a-4e98-aa4a-0bd40171ee67-impl-thread2] INFO  util.JmxRegister (JmxRegister.java:unregister(73)) - Successfully un-registered JMX Bean with object name Ratis:service=RaftServer,group=group-E578A28B4A79,id=d05bfd9b-313a-4e98-aa4a-0bd40171ee67
2023-06-29 22:14:22,162 [d05bfd9b-313a-4e98-aa4a-0bd40171ee67-impl-thread2] INFO  impl.RoleInfo (RoleInfo.java:shutdownLeaderState(93)) - d05bfd9b-313a-4e98-aa4a-0bd40171ee67: shutdown d05bfd9b-313a-4e98-aa4a-0bd40171ee67@group-E578A28B4A79-LeaderStateImpl
2023-06-29 22:14:22,162 [d05bfd9b-313a-4e98-aa4a-0bd40171ee67-impl-thread2] INFO  impl.PendingRequests (PendingRequests.java:sendNotLeaderResponses(289)) - d05bfd9b-313a-4e98-aa4a-0bd40171ee67@group-E578A28B4A79-PendingRequests: sendNotLeaderResponses
2023-06-29 22:14:22,163 [d05bfd9b-313a-4e98-aa4a-0bd40171ee67-impl-thread2] INFO  impl.StateMachineUpdater (StateMachineUpdater.java:stopAndJoin(155)) - d05bfd9b-313a-4e98-aa4a-0bd40171ee67@group-E578A28B4A79-StateMachineUpdater: set stopIndex = 0
2023-06-29 22:14:22,163 [d05bfd9b-313a-4e98-aa4a-0bd40171ee67@group-E578A28B4A79-StateMachineUpdater] INFO  ratis.ContainerStateMachine (ContainerStateMachine.java:takeSnapshot(330)) - group-E578A28B4A79: Taking a snapshot at:(t:1, i:0) file /home/runner/work/ozone/ozone/hadoop-ozone/integration-test/target/test-dir/MiniOzoneClusterImpl-306b8aa5-132e-45e2-945e-dc5599b78ca9/datanode-0/data/ratis/c9bd2af9-daab-4adf-ac10-e578a28b4a79/sm/snapshot.1_0
2023-06-29 22:14:22,164 [d05bfd9b-313a-4e98-aa4a-0bd40171ee67@group-E578A28B4A79-StateMachineUpdater] INFO  ratis.ContainerStateMachine (ContainerStateMachine.java:takeSnapshot(341)) - group-E578A28B4A79: Finished taking a snapshot at:(t:1, i:0) file:/home/runner/work/ozone/ozone/hadoop-ozone/integration-test/target/test-dir/MiniOzoneClusterImpl-306b8aa5-132e-45e2-945e-dc5599b78ca9/datanode-0/data/ratis/c9bd2af9-daab-4adf-ac10-e578a28b4a79/sm/snapshot.1_0 took: 1 ms
2023-06-29 22:14:22,164 [d05bfd9b-313a-4e98-aa4a-0bd40171ee67@group-E578A28B4A79-StateMachineUpdater] INFO  impl.StateMachineUpdater (StateMachineUpdater.java:takeSnapshot(291)) - d05bfd9b-313a-4e98-aa4a-0bd40171ee67@group-E578A28B4A79-StateMachineUpdater: Took a snapshot at index 0
2023-06-29 22:14:22,164 [d05bfd9b-313a-4e98-aa4a-0bd40171ee67@group-E578A28B4A79-StateMachineUpdater] INFO  impl.StateMachineUpdater (StateMachineUpdater.java:lambda$new$0(97)) - d05bfd9b-313a-4e98-aa4a-0bd40171ee67@group-E578A28B4A79-StateMachineUpdater: snapshotIndex: updateIncreasingly -1 -> 0
2023-06-29 22:14:22,164 [d05bfd9b-313a-4e98-aa4a-0bd40171ee67-impl-thread2] INFO  server.RaftServer$Division (ServerState.java:close(472)) - d05bfd9b-313a-4e98-aa4a-0bd40171ee67@group-E578A28B4A79: closes. applyIndex: 0
2023-06-29 22:14:22,165 [ForkJoinPool.commonPool-worker-0] INFO  server.GrpcService (GrpcService.java:closeImpl(311)) - d05bfd9b-313a-4e98-aa4a-0bd40171ee67: shutdown server org.apache.ratis.grpc.server.GrpcClientProtocolService now
2023-06-29 22:14:22,170 [d05bfd9b-313a-4e98-aa4a-0bd40171ee67-impl-thread1] INFO  impl.StateMachineUpdater (StateMachineUpdater.java:stopAndJoin(155)) - d05bfd9b-313a-4e98-aa4a-0bd40171ee67@group-697E46F0A3C0-StateMachineUpdater: set stopIndex = 180
2023-06-29 22:14:22,170 [d05bfd9b-313a-4e98-aa4a-0bd40171ee67@group-697E46F0A3C0-FollowerState] INFO  impl.FollowerState (FollowerState.java:run(152)) - d05bfd9b-313a-4e98-aa4a-0bd40171ee67@group-697E46F0A3C0-FollowerState was interrupted
2023-06-29 22:14:22,170 [d05bfd9b-313a-4e98-aa4a-0bd40171ee67@group-697E46F0A3C0-StateMachineUpdater] INFO  ratis.ContainerStateMachine (ContainerStateMachine.java:takeSnapshot(330)) - group-697E46F0A3C0: Taking a snapshot at:(t:1, i:180) file /home/runner/work/ozone/ozone/hadoop-ozone/integration-test/target/test-dir/MiniOzoneClusterImpl-306b8aa5-132e-45e2-945e-dc5599b78ca9/datanode-0/data/ratis/f03fe89a-dfb3-4a1e-886e-697e46f0a3c0/sm/snapshot.1_180
2023-06-29 22:14:22,171 [main] INFO  server.RaftServer (RaftServerProxy.java:lambda$close$6(416)) - be8f56ef-e678-472d-afc0-a2265ae98bd6: close
2023-06-29 22:14:22,171 [d05bfd9b-313a-4e98-aa4a-0bd40171ee67@group-697E46F0A3C0-StateMachineUpdater] INFO  ratis.ContainerStateMachine (ContainerStateMachine.java:takeSnapshot(341)) - group-697E46F0A3C0: Finished taking a snapshot at:(t:1, i:180) file:/home/runner/work/ozone/ozone/hadoop-ozone/integration-test/target/test-dir/MiniOzoneClusterImpl-306b8aa5-132e-45e2-945e-dc5599b78ca9/datanode-0/data/ratis/f03fe89a-dfb3-4a1e-886e-697e46f0a3c0/sm/snapshot.1_180 took: 1 ms
2023-06-29 22:14:22,172 [d05bfd9b-313a-4e98-aa4a-0bd40171ee67@group-697E46F0A3C0-StateMachineUpdater] INFO  impl.StateMachineUpdater (StateMachineUpdater.java:takeSnapshot(291)) - d05bfd9b-313a-4e98-aa4a-0bd40171ee67@group-697E46F0A3C0-StateMachineUpdater: Took a snapshot at index 180
2023-06-29 22:14:22,172 [d05bfd9b-313a-4e98-aa4a-0bd40171ee67@group-697E46F0A3C0-StateMachineUpdater] INFO  impl.StateMachineUpdater (StateMachineUpdater.java:lambda$new$0(97)) - d05bfd9b-313a-4e98-aa4a-0bd40171ee67@group-697E46F0A3C0-StateMachineUpdater: snapshotIndex: updateIncreasingly -1 -> 180
2023-06-29 22:14:22,172 [d05bfd9b-313a-4e98-aa4a-0bd40171ee67-impl-thread3] INFO  server.RaftServer$Division (RaftServerImpl.java:lambda$close$4(466)) - d05bfd9b-313a-4e98-aa4a-0bd40171ee67@group-FFC41FE564C3: shutdown
2023-06-29 22:14:22,172 [d05bfd9b-313a-4e98-aa4a-0bd40171ee67-impl-thread3] INFO  util.JmxRegister (JmxRegister.java:unregister(73)) - Successfully un-registered JMX Bean with object name Ratis:service=RaftServer,group=group-FFC41FE564C3,id=d05bfd9b-313a-4e98-aa4a-0bd40171ee67
2023-06-29 22:14:22,172 [d05bfd9b-313a-4e98-aa4a-0bd40171ee67-impl-thread3] INFO  impl.RoleInfo (RoleInfo.java:shutdownLeaderState(93)) - d05bfd9b-313a-4e98-aa4a-0bd40171ee67: shutdown d05bfd9b-313a-4e98-aa4a-0bd40171ee67@group-FFC41FE564C3-LeaderStateImpl
2023-06-29 22:14:22,172 [d05bfd9b-313a-4e98-aa4a-0bd40171ee67-impl-thread1] INFO  server.RaftServer$Division (ServerState.java:close(472)) - d05bfd9b-313a-4e98-aa4a-0bd40171ee67@group-697E46F0A3C0: closes. applyIndex: 180
2023-06-29 22:14:22,172 [d05bfd9b-313a-4e98-aa4a-0bd40171ee67@group-FFC41FE564C3->be8f56ef-e678-472d-afc0-a2265ae98bd6-GrpcLogAppender-LogAppenderDaemon] WARN  server.GrpcLogAppender (GrpcLogAppender.java:mayWait(199)) - d05bfd9b-313a-4e98-aa4a-0bd40171ee67@group-FFC41FE564C3->be8f56ef-e678-472d-afc0-a2265ae98bd6-GrpcLogAppender: Wait interrupted by java.lang.InterruptedException
2023-06-29 22:14:22,173 [d05bfd9b-313a-4e98-aa4a-0bd40171ee67-impl-thread3] INFO  impl.PendingRequests (PendingRequests.java:sendNotLeaderResponses(289)) - d05bfd9b-313a-4e98-aa4a-0bd40171ee67@group-FFC41FE564C3-PendingRequests: sendNotLeaderResponses
2023-06-29 22:14:22,173 [grpc-default-executor-1] INFO  server.GrpcServerProtocolService (GrpcServerProtocolService.java:onCompleted(155)) - be8f56ef-e678-472d-afc0-a2265ae98bd6: Completed APPEND_ENTRIES, lastRequest: d05bfd9b-313a-4e98-aa4a-0bd40171ee67->be8f56ef-e678-472d-afc0-a2265ae98bd6#278-t1,previous=(t:1, i:251),leaderCommit=251,initializing? true,entries: size=1, first=(t:1, i:252), METADATAENTRY(c:251)
2023-06-29 22:14:22,173 [grpc-default-executor-1] INFO  server.GrpcServerProtocolService (GrpcServerProtocolService.java:lambda$onCompleted$5(157)) - be8f56ef-e678-472d-afc0-a2265ae98bd6: Completed APPEND_ENTRIES, lastReply: null
2023-06-29 22:14:22,173 [grpc-default-executor-6] INFO  server.GrpcServerProtocolService (GrpcServerProtocolService.java:onCompleted(155)) - be8f56ef-e678-472d-afc0-a2265ae98bd6: Completed APPEND_ENTRIES, lastRequest: null
2023-06-29 22:14:22,173 [grpc-default-executor-6] INFO  server.GrpcServerProtocolService (GrpcServerProtocolService.java:lambda$onCompleted$5(157)) - be8f56ef-e678-472d-afc0-a2265ae98bd6: Completed APPEND_ENTRIES, lastReply: serverReply {
  requestorId: "d05bfd9b-313a-4e98-aa4a-0bd40171ee67"
  replyId: "be8f56ef-e678-472d-afc0-a2265ae98bd6"
  raftGroupId {
    id: ",\2270\312\265\377Ic\252\\\377\304\037\345d\303"
  }
  callId: 280
  success: true
}
term: 1
nextIndex: 253
followerCommit: 252
matchIndex: 18446744073709551615
isHearbeat: true

2023-06-29 22:14:22,173 [grpc-default-executor-2] INFO  server.GrpcLogAppender (GrpcLogAppender.java:onCompleted(428)) - d05bfd9b-313a-4e98-aa4a-0bd40171ee67@group-FFC41FE564C3->be8f56ef-e678-472d-afc0-a2265ae98bd6-AppendLogResponseHandler: follower responses appendEntries COMPLETED
2023-06-29 22:14:22,173 [d05bfd9b-313a-4e98-aa4a-0bd40171ee67@group-FFC41FE564C3->235ec288-f126-4c43-8a80-14f1997ec4a1-GrpcLogAppender-LogAppenderDaemon] WARN  server.GrpcLogAppender (GrpcLogAppender.java:mayWait(199)) - d05bfd9b-313a-4e98-aa4a-0bd40171ee67@group-FFC41FE564C3->235ec288-f126-4c43-8a80-14f1997ec4a1-GrpcLogAppender: Wait interrupted by java.lang.InterruptedException
2023-06-29 22:14:22,174 [grpc-default-executor-2] INFO  leader.FollowerInfo (FollowerInfoImpl.java:lambda$new$0(52)) - d05bfd9b-313a-4e98-aa4a-0bd40171ee67@group-FFC41FE564C3->be8f56ef-e678-472d-afc0-a2265ae98bd6: decreaseNextIndex nextIndex: updateUnconditionally 253 -> 252
2023-06-29 22:14:22,174 [be8f56ef-e678-472d-afc0-a2265ae98bd6-impl-thread1] INFO  server.RaftServer$Division (RaftServerImpl.java:lambda$close$4(466)) - be8f56ef-e678-472d-afc0-a2265ae98bd6@group-A529D35D87D8: shutdown
2023-06-29 22:14:22,174 [Thread-2302] INFO  server.GrpcServerProtocolClient (GrpcServerProtocolClient.java:close(103)) - be8f56ef-e678-472d-afc0-a2265ae98bd6 Close channels
2023-06-29 22:14:22,174 [Thread-2303] INFO  server.GrpcServerProtocolClient (GrpcServerProtocolClient.java:close(103)) - 235ec288-f126-4c43-8a80-14f1997ec4a1 Close channels
2023-06-29 22:14:22,176 [grpc-default-executor-2] INFO  server.GrpcServerProtocolService (GrpcServerProtocolService.java:onCompleted(155)) - 235ec288-f126-4c43-8a80-14f1997ec4a1: Completed APPEND_ENTRIES, lastRequest: d05bfd9b-313a-4e98-aa4a-0bd40171ee67->235ec288-f126-4c43-8a80-14f1997ec4a1#281-t1,previous=(t:1, i:251),leaderCommit=251,initializing? true,entries: size=1, first=(t:1, i:252), METADATAENTRY(c:251)
2023-06-29 22:14:22,176 [grpc-default-executor-2] INFO  server.GrpcServerProtocolService (GrpcServerProtocolService.java:lambda$onCompleted$5(157)) - 235ec288-f126-4c43-8a80-14f1997ec4a1: Completed APPEND_ENTRIES, lastReply: null
2023-06-29 22:14:22,176 [grpc-default-executor-2] INFO  server.GrpcServerProtocolService (GrpcServerProtocolService.java:onCompleted(155)) - 235ec288-f126-4c43-8a80-14f1997ec4a1: Completed APPEND_ENTRIES, lastRequest: null
2023-06-29 22:14:22,174 [be8f56ef-e678-472d-afc0-a2265ae98bd6-impl-thread1] INFO  util.JmxRegister (JmxRegister.java:unregister(73)) - Successfully un-registered JMX Bean with object name Ratis:service=RaftServer,group=group-A529D35D87D8,id=be8f56ef-e678-472d-afc0-a2265ae98bd6
2023-06-29 22:14:22,176 [be8f56ef-e678-472d-afc0-a2265ae98bd6-impl-thread1] INFO  impl.RoleInfo (RoleInfo.java:shutdownLeaderState(93)) - be8f56ef-e678-472d-afc0-a2265ae98bd6: shutdown be8f56ef-e678-472d-afc0-a2265ae98bd6@group-A529D35D87D8-LeaderStateImpl
2023-06-29 22:14:22,176 [grpc-default-executor-2] INFO  server.GrpcServerProtocolService (GrpcServerProtocolService.java:lambda$onCompleted$5(157)) - 235ec288-f126-4c43-8a80-14f1997ec4a1: Completed APPEND_ENTRIES, lastReply: serverReply {
  requestorId: "d05bfd9b-313a-4e98-aa4a-0bd40171ee67"
  replyId: "235ec288-f126-4c43-8a80-14f1997ec4a1"
  raftGroupId {
    id: ",\2270\312\265\377Ic\252\\\377\304\037\345d\303"
  }
  callId: 284
  success: true
}
term: 1
nextIndex: 253
followerCommit: 252
matchIndex: 18446744073709551615
isHearbeat: true

2023-06-29 22:14:22,176 [be8f56ef-e678-472d-afc0-a2265ae98bd6-impl-thread1] INFO  impl.PendingRequests (PendingRequests.java:sendNotLeaderResponses(289)) - be8f56ef-e678-472d-afc0-a2265ae98bd6@group-A529D35D87D8-PendingRequests: sendNotLeaderResponses
2023-06-29 22:14:22,177 [be8f56ef-e678-472d-afc0-a2265ae98bd6-impl-thread1] INFO  impl.StateMachineUpdater (StateMachineUpdater.java:stopAndJoin(155)) - be8f56ef-e678-472d-afc0-a2265ae98bd6@group-A529D35D87D8-StateMachineUpdater: set stopIndex = 0
2023-06-29 22:14:22,177 [be8f56ef-e678-472d-afc0-a2265ae98bd6@group-A529D35D87D8-StateMachineUpdater] INFO  ratis.ContainerStateMachine (ContainerStateMachine.java:takeSnapshot(330)) - group-A529D35D87D8: Taking a snapshot at:(t:1, i:0) file /home/runner/work/ozone/ozone/hadoop-ozone/integration-test/target/test-dir/MiniOzoneClusterImpl-306b8aa5-132e-45e2-945e-dc5599b78ca9/datanode-1/data/ratis/93edde3e-f265-4072-b48b-a529d35d87d8/sm/snapshot.1_0
2023-06-29 22:14:22,177 [be8f56ef-e678-472d-afc0-a2265ae98bd6-impl-thread2] INFO  server.RaftServer$Division (RaftServerImpl.java:lambda$close$4(466)) - be8f56ef-e678-472d-afc0-a2265ae98bd6@group-697E46F0A3C0: shutdown
2023-06-29 22:14:22,177 [be8f56ef-e678-472d-afc0-a2265ae98bd6-impl-thread2] INFO  util.JmxRegister (JmxRegister.java:unregister(73)) - Successfully un-registered JMX Bean with object name Ratis:service=RaftServer,group=group-697E46F0A3C0,id=be8f56ef-e678-472d-afc0-a2265ae98bd6
2023-06-29 22:14:22,177 [be8f56ef-e678-472d-afc0-a2265ae98bd6-impl-thread2] INFO  impl.RoleInfo (RoleInfo.java:shutdownLeaderState(93)) - be8f56ef-e678-472d-afc0-a2265ae98bd6: shutdown be8f56ef-e678-472d-afc0-a2265ae98bd6@group-697E46F0A3C0-LeaderStateImpl
2023-06-29 22:14:22,177 [be8f56ef-e678-472d-afc0-a2265ae98bd6@group-A529D35D87D8-StateMachineUpdater] INFO  ratis.ContainerStateMachine (ContainerStateMachine.java:takeSnapshot(341)) - group-A529D35D87D8: Finished taking a snapshot at:(t:1, i:0) file:/home/runner/work/ozone/ozone/hadoop-ozone/integration-test/target/test-dir/MiniOzoneClusterImpl-306b8aa5-132e-45e2-945e-dc5599b78ca9/datanode-1/data/ratis/93edde3e-f265-4072-b48b-a529d35d87d8/sm/snapshot.1_0 took: 1 ms
2023-06-29 22:14:22,178 [be8f56ef-e678-472d-afc0-a2265ae98bd6@group-A529D35D87D8-StateMachineUpdater] INFO  impl.StateMachineUpdater (StateMachineUpdater.java:takeSnapshot(291)) - be8f56ef-e678-472d-afc0-a2265ae98bd6@group-A529D35D87D8-StateMachineUpdater: Took a snapshot at index 0
2023-06-29 22:14:22,178 [be8f56ef-e678-472d-afc0-a2265ae98bd6@group-A529D35D87D8-StateMachineUpdater] INFO  impl.StateMachineUpdater (StateMachineUpdater.java:lambda$new$0(97)) - be8f56ef-e678-472d-afc0-a2265ae98bd6@group-A529D35D87D8-StateMachineUpdater: snapshotIndex: updateIncreasingly -1 -> 0
2023-06-29 22:14:22,178 [be8f56ef-e678-472d-afc0-a2265ae98bd6-impl-thread1] INFO  server.RaftServer$Division (ServerState.java:close(472)) - be8f56ef-e678-472d-afc0-a2265ae98bd6@group-A529D35D87D8: closes. applyIndex: 0
2023-06-29 22:14:22,186 [main] INFO  server.GrpcService (GrpcService.java:closeImpl(311)) - be8f56ef-e678-472d-afc0-a2265ae98bd6: shutdown server org.apache.ratis.grpc.server.GrpcClientProtocolService now
2023-06-29 22:14:22,186 [grpc-default-executor-6] INFO  server.GrpcLogAppender (GrpcLogAppender.java:onCompleted(428)) - d05bfd9b-313a-4e98-aa4a-0bd40171ee67@group-FFC41FE564C3->be8f56ef-e678-472d-afc0-a2265ae98bd6-AppendLogResponseHandler: follower responses appendEntries COMPLETED
2023-06-29 22:14:22,186 [grpc-default-executor-6] WARN  server.GrpcLogAppender (GrpcLogAppender.java:resetClient(137)) - d05bfd9b-313a-4e98-aa4a-0bd40171ee67@group-FFC41FE564C3->be8f56ef-e678-472d-afc0-a2265ae98bd6-GrpcLogAppender: Failed to getClient for be8f56ef-e678-472d-afc0-a2265ae98bd6
org.apache.ratis.protocol.exceptions.AlreadyClosedException: d05bfd9b-313a-4e98-aa4a-0bd40171ee67 is already CLOSED
	at org.apache.ratis.util.PeerProxyMap$PeerAndProxy.getProxy(PeerProxyMap.java:61)
	at org.apache.ratis.util.PeerProxyMap.getProxy(PeerProxyMap.java:115)
	at org.apache.ratis.grpc.server.GrpcLogAppender.getClient(GrpcLogAppender.java:112)
	at org.apache.ratis.grpc.server.GrpcLogAppender.resetClient(GrpcLogAppender.java:117)
	at org.apache.ratis.grpc.server.GrpcLogAppender.access$500(GrpcLogAppender.java:56)
	at org.apache.ratis.grpc.server.GrpcLogAppender$AppendLogResponseHandler.onCompleted(GrpcLogAppender.java:429)
	at org.apache.ratis.thirdparty.io.grpc.stub.ClientCalls$StreamObserverToCallListenerAdapter.onClose(ClientCalls.java:485)
	at org.apache.ratis.thirdparty.io.grpc.internal.ClientCallImpl.closeObserver(ClientCallImpl.java:563)
	at org.apache.ratis.thirdparty.io.grpc.internal.ClientCallImpl.access$300(ClientCallImpl.java:70)
	at org.apache.ratis.thirdparty.io.grpc.internal.ClientCallImpl$ClientStreamListenerImpl$1StreamClosed.runInternal(ClientCallImpl.java:744)
	at org.apache.ratis.thirdparty.io.grpc.internal.ClientCallImpl$ClientStreamListenerImpl$1StreamClosed.runInContext(ClientCallImpl.java:723)
	at org.apache.ratis.thirdparty.io.grpc.internal.ContextRunnable.run(ContextRunnable.java:37)
	at org.apache.ratis.thirdparty.io.grpc.internal.SerializingExecutor.run(SerializingExecutor.java:133)
	at java.util.concurrent.ThreadPoolExecutor.runWorker(ThreadPoolExecutor.java:1149)
	at java.util.concurrent.ThreadPoolExecutor$Worker.run(ThreadPoolExecutor.java:624)
	at java.lang.Thread.run(Thread.java:750)
2023-06-29 22:14:22,186 [grpc-default-executor-2] INFO  server.GrpcLogAppender (GrpcLogAppender.java:onCompleted(428)) - d05bfd9b-313a-4e98-aa4a-0bd40171ee67@group-FFC41FE564C3->235ec288-f126-4c43-8a80-14f1997ec4a1-AppendLogResponseHandler: follower responses appendEntries COMPLETED
2023-06-29 22:14:22,187 [grpc-default-executor-2] WARN  server.GrpcLogAppender (GrpcLogAppender.java:resetClient(137)) - d05bfd9b-313a-4e98-aa4a-0bd40171ee67@group-FFC41FE564C3->235ec288-f126-4c43-8a80-14f1997ec4a1-GrpcLogAppender: Failed to getClient for 235ec288-f126-4c43-8a80-14f1997ec4a1
org.apache.ratis.protocol.exceptions.AlreadyClosedException: d05bfd9b-313a-4e98-aa4a-0bd40171ee67 is already CLOSED
	at org.apache.ratis.util.PeerProxyMap$PeerAndProxy.getProxy(PeerProxyMap.java:61)
	at org.apache.ratis.util.PeerProxyMap.getProxy(PeerProxyMap.java:115)
	at org.apache.ratis.grpc.server.GrpcLogAppender.getClient(GrpcLogAppender.java:112)
	at org.apache.ratis.grpc.server.GrpcLogAppender.resetClient(GrpcLogAppender.java:117)
	at org.apache.ratis.grpc.server.GrpcLogAppender.access$500(GrpcLogAppender.java:56)
	at org.apache.ratis.grpc.server.GrpcLogAppender$AppendLogResponseHandler.onCompleted(GrpcLogAppender.java:429)
	at org.apache.ratis.thirdparty.io.grpc.stub.ClientCalls$StreamObserverToCallListenerAdapter.onClose(ClientCalls.java:485)
	at org.apache.ratis.thirdparty.io.grpc.internal.ClientCallImpl.closeObserver(ClientCallImpl.java:563)
	at org.apache.ratis.thirdparty.io.grpc.internal.ClientCallImpl.access$300(ClientCallImpl.java:70)
	at org.apache.ratis.thirdparty.io.grpc.internal.ClientCallImpl$ClientStreamListenerImpl$1StreamClosed.runInternal(ClientCallImpl.java:744)
	at org.apache.ratis.thirdparty.io.grpc.internal.ClientCallImpl$ClientStreamListenerImpl$1StreamClosed.runInContext(ClientCallImpl.java:723)
	at org.apache.ratis.thirdparty.io.grpc.internal.ContextRunnable.run(ContextRunnable.java:37)
	at org.apache.ratis.thirdparty.io.grpc.internal.SerializingExecutor.run(SerializingExecutor.java:133)
	at java.util.concurrent.ThreadPoolExecutor.runWorker(ThreadPoolExecutor.java:1149)
	at java.util.concurrent.ThreadPoolExecutor$Worker.run(ThreadPoolExecutor.java:624)
	at java.lang.Thread.run(Thread.java:750)
2023-06-29 22:14:22,187 [be8f56ef-e678-472d-afc0-a2265ae98bd6-impl-thread3] INFO  server.RaftServer$Division (RaftServerImpl.java:lambda$close$4(466)) - be8f56ef-e678-472d-afc0-a2265ae98bd6@group-FFC41FE564C3: shutdown
2023-06-29 22:14:22,187 [be8f56ef-e678-472d-afc0-a2265ae98bd6-impl-thread3] INFO  util.JmxRegister (JmxRegister.java:unregister(73)) - Successfully un-registered JMX Bean with object name Ratis:service=RaftServer,group=group-FFC41FE564C3,id=be8f56ef-e678-472d-afc0-a2265ae98bd6
2023-06-29 22:14:22,187 [be8f56ef-e678-472d-afc0-a2265ae98bd6-impl-thread3] INFO  impl.RoleInfo (RoleInfo.java:shutdownFollowerState(110)) - be8f56ef-e678-472d-afc0-a2265ae98bd6: shutdown be8f56ef-e678-472d-afc0-a2265ae98bd6@group-FFC41FE564C3-FollowerState
2023-06-29 22:14:22,189 [be8f56ef-e678-472d-afc0-a2265ae98bd6@group-FFC41FE564C3-FollowerState] INFO  impl.FollowerState (FollowerState.java:run(152)) - be8f56ef-e678-472d-afc0-a2265ae98bd6@group-FFC41FE564C3-FollowerState was interrupted
2023-06-29 22:14:22,189 [be8f56ef-e678-472d-afc0-a2265ae98bd6-impl-thread2] INFO  impl.PendingRequests (PendingRequests.java:sendNotLeaderResponses(289)) - be8f56ef-e678-472d-afc0-a2265ae98bd6@group-697E46F0A3C0-PendingRequests: sendNotLeaderResponses
2023-06-29 22:14:22,189 [be8f56ef-e678-472d-afc0-a2265ae98bd6@group-FFC41FE564C3-StateMachineUpdater] INFO  ratis.ContainerStateMachine (ContainerStateMachine.java:takeSnapshot(330)) - group-FFC41FE564C3: Taking a snapshot at:(t:1, i:252) file /home/runner/work/ozone/ozone/hadoop-ozone/integration-test/target/test-dir/MiniOzoneClusterImpl-306b8aa5-132e-45e2-945e-dc5599b78ca9/datanode-1/data/ratis/2c9730ca-b5ff-4963-aa5c-ffc41fe564c3/sm/snapshot.1_252
2023-06-29 22:14:22,189 [be8f56ef-e678-472d-afc0-a2265ae98bd6@group-697E46F0A3C0->d05bfd9b-313a-4e98-aa4a-0bd40171ee67-GrpcLogAppender-LogAppenderDaemon] WARN  server.GrpcLogAppender (GrpcLogAppender.java:mayWait(199)) - be8f56ef-e678-472d-afc0-a2265ae98bd6@group-697E46F0A3C0->d05bfd9b-313a-4e98-aa4a-0bd40171ee67-GrpcLogAppender: Wait interrupted by java.lang.InterruptedException
2023-06-29 22:14:22,189 [be8f56ef-e678-472d-afc0-a2265ae98bd6@group-697E46F0A3C0->235ec288-f126-4c43-8a80-14f1997ec4a1-GrpcLogAppender-LogAppenderDaemon] WARN  server.GrpcLogAppender (GrpcLogAppender.java:mayWait(199)) - be8f56ef-e678-472d-afc0-a2265ae98bd6@group-697E46F0A3C0->235ec288-f126-4c43-8a80-14f1997ec4a1-GrpcLogAppender: Wait interrupted by java.lang.InterruptedException
2023-06-29 22:14:22,190 [d05bfd9b-313a-4e98-aa4a-0bd40171ee67-impl-thread3] INFO  impl.StateMachineUpdater (StateMachineUpdater.java:stopAndJoin(155)) - d05bfd9b-313a-4e98-aa4a-0bd40171ee67@group-FFC41FE564C3-StateMachineUpdater: set stopIndex = 252
2023-06-29 22:14:22,191 [grpc-default-executor-1] INFO  server.GrpcLogAppender (GrpcLogAppender.java:onCompleted(428)) - d05bfd9b-313a-4e98-aa4a-0bd40171ee67@group-FFC41FE564C3->235ec288-f126-4c43-8a80-14f1997ec4a1-AppendLogResponseHandler: follower responses appendEntries COMPLETED
2023-06-29 22:14:22,191 [d05bfd9b-313a-4e98-aa4a-0bd40171ee67@group-FFC41FE564C3-StateMachineUpdater] INFO  ratis.ContainerStateMachine (ContainerStateMachine.java:takeSnapshot(330)) - group-FFC41FE564C3: Taking a snapshot at:(t:1, i:252) file /home/runner/work/ozone/ozone/hadoop-ozone/integration-test/target/test-dir/MiniOzoneClusterImpl-306b8aa5-132e-45e2-945e-dc5599b78ca9/datanode-0/data/ratis/2c9730ca-b5ff-4963-aa5c-ffc41fe564c3/sm/snapshot.1_252
2023-06-29 22:14:22,191 [grpc-default-executor-1] WARN  server.GrpcLogAppender (GrpcLogAppender.java:resetClient(137)) - d05bfd9b-313a-4e98-aa4a-0bd40171ee67@group-FFC41FE564C3->235ec288-f126-4c43-8a80-14f1997ec4a1-GrpcLogAppender: Failed to getClient for 235ec288-f126-4c43-8a80-14f1997ec4a1
org.apache.ratis.protocol.exceptions.AlreadyClosedException: d05bfd9b-313a-4e98-aa4a-0bd40171ee67 is already CLOSED
	at org.apache.ratis.util.PeerProxyMap$PeerAndProxy.getProxy(PeerProxyMap.java:61)
	at org.apache.ratis.util.PeerProxyMap.getProxy(PeerProxyMap.java:115)
	at org.apache.ratis.grpc.server.GrpcLogAppender.getClient(GrpcLogAppender.java:112)
	at org.apache.ratis.grpc.server.GrpcLogAppender.resetClient(GrpcLogAppender.java:117)
	at org.apache.ratis.grpc.server.GrpcLogAppender.access$500(GrpcLogAppender.java:56)
	at org.apache.ratis.grpc.server.GrpcLogAppender$AppendLogResponseHandler.onCompleted(GrpcLogAppender.java:429)
	at org.apache.ratis.thirdparty.io.grpc.stub.ClientCalls$StreamObserverToCallListenerAdapter.onClose(ClientCalls.java:485)
	at org.apache.ratis.thirdparty.io.grpc.internal.DelayedClientCall$DelayedListener$3.run(DelayedClientCall.java:471)
	at org.apache.ratis.thirdparty.io.grpc.internal.DelayedClientCall$DelayedListener.delayOrExecute(DelayedClientCall.java:435)
	at org.apache.ratis.thirdparty.io.grpc.internal.DelayedClientCall$DelayedListener.onClose(DelayedClientCall.java:468)
	at org.apache.ratis.thirdparty.io.grpc.internal.ClientCallImpl.closeObserver(ClientCallImpl.java:563)
	at org.apache.ratis.thirdparty.io.grpc.internal.ClientCallImpl.access$300(ClientCallImpl.java:70)
	at org.apache.ratis.thirdparty.io.grpc.internal.ClientCallImpl$ClientStreamListenerImpl$1StreamClosed.runInternal(ClientCallImpl.java:744)
	at org.apache.ratis.thirdparty.io.grpc.internal.ClientCallImpl$ClientStreamListenerImpl$1StreamClosed.runInContext(ClientCallImpl.java:723)
	at org.apache.ratis.thirdparty.io.grpc.internal.ContextRunnable.run(ContextRunnable.java:37)
	at org.apache.ratis.thirdparty.io.grpc.internal.SerializingExecutor.run(SerializingExecutor.java:133)
	at java.util.concurrent.ThreadPoolExecutor.runWorker(ThreadPoolExecutor.java:1149)
	at java.util.concurrent.ThreadPoolExecutor$Worker.run(ThreadPoolExecutor.java:624)
	at java.lang.Thread.run(Thread.java:750)
2023-06-29 22:14:22,191 [d05bfd9b-313a-4e98-aa4a-0bd40171ee67@group-FFC41FE564C3-StateMachineUpdater] INFO  ratis.ContainerStateMachine (ContainerStateMachine.java:takeSnapshot(341)) - group-FFC41FE564C3: Finished taking a snapshot at:(t:1, i:252) file:/home/runner/work/ozone/ozone/hadoop-ozone/integration-test/target/test-dir/MiniOzoneClusterImpl-306b8aa5-132e-45e2-945e-dc5599b78ca9/datanode-0/data/ratis/2c9730ca-b5ff-4963-aa5c-ffc41fe564c3/sm/snapshot.1_252 took: 0 ms
2023-06-29 22:14:22,191 [d05bfd9b-313a-4e98-aa4a-0bd40171ee67@group-FFC41FE564C3-StateMachineUpdater] INFO  impl.StateMachineUpdater (StateMachineUpdater.java:takeSnapshot(291)) - d05bfd9b-313a-4e98-aa4a-0bd40171ee67@group-FFC41FE564C3-StateMachineUpdater: Took a snapshot at index 252
2023-06-29 22:14:22,191 [d05bfd9b-313a-4e98-aa4a-0bd40171ee67@group-FFC41FE564C3-StateMachineUpdater] INFO  impl.StateMachineUpdater (StateMachineUpdater.java:lambda$new$0(97)) - d05bfd9b-313a-4e98-aa4a-0bd40171ee67@group-FFC41FE564C3-StateMachineUpdater: snapshotIndex: updateIncreasingly -1 -> 252
2023-06-29 22:14:22,192 [d05bfd9b-313a-4e98-aa4a-0bd40171ee67-impl-thread3] INFO  server.RaftServer$Division (ServerState.java:close(472)) - d05bfd9b-313a-4e98-aa4a-0bd40171ee67@group-FFC41FE564C3: closes. applyIndex: 252
2023-06-29 22:14:22,192 [grpc-default-executor-1] INFO  server.GrpcServerProtocolService (GrpcServerProtocolService.java:onCompleted(155)) - 235ec288-f126-4c43-8a80-14f1997ec4a1: Completed APPEND_ENTRIES, lastRequest: be8f56ef-e678-472d-afc0-a2265ae98bd6->235ec288-f126-4c43-8a80-14f1997ec4a1#194-t1,previous=(t:1, i:179),leaderCommit=179,initializing? true,entries: size=1, first=(t:1, i:180), METADATAENTRY(c:179)
2023-06-29 22:14:22,192 [grpc-default-executor-1] INFO  server.GrpcServerProtocolService (GrpcServerProtocolService.java:lambda$onCompleted$5(157)) - 235ec288-f126-4c43-8a80-14f1997ec4a1: Completed APPEND_ENTRIES, lastReply: null
2023-06-29 22:14:22,193 [be8f56ef-e678-472d-afc0-a2265ae98bd6@group-FFC41FE564C3-StateMachineUpdater] INFO  ratis.ContainerStateMachine (ContainerStateMachine.java:takeSnapshot(341)) - group-FFC41FE564C3: Finished taking a snapshot at:(t:1, i:252) file:/home/runner/work/ozone/ozone/hadoop-ozone/integration-test/target/test-dir/MiniOzoneClusterImpl-306b8aa5-132e-45e2-945e-dc5599b78ca9/datanode-1/data/ratis/2c9730ca-b5ff-4963-aa5c-ffc41fe564c3/sm/snapshot.1_252 took: 4 ms
2023-06-29 22:14:22,193 [be8f56ef-e678-472d-afc0-a2265ae98bd6@group-FFC41FE564C3-StateMachineUpdater] INFO  impl.StateMachineUpdater (StateMachineUpdater.java:takeSnapshot(291)) - be8f56ef-e678-472d-afc0-a2265ae98bd6@group-FFC41FE564C3-StateMachineUpdater: Took a snapshot at index 252
2023-06-29 22:14:22,193 [be8f56ef-e678-472d-afc0-a2265ae98bd6@group-FFC41FE564C3-StateMachineUpdater] INFO  impl.StateMachineUpdater (StateMachineUpdater.java:lambda$new$0(97)) - be8f56ef-e678-472d-afc0-a2265ae98bd6@group-FFC41FE564C3-StateMachineUpdater: snapshotIndex: updateIncreasingly -1 -> 252
2023-06-29 22:14:22,193 [grpc-default-executor-2] INFO  server.GrpcLogAppender (GrpcLogAppender.java:onCompleted(428)) - be8f56ef-e678-472d-afc0-a2265ae98bd6@group-697E46F0A3C0->235ec288-f126-4c43-8a80-14f1997ec4a1-AppendLogResponseHandler: follower responses appendEntries COMPLETED
2023-06-29 22:14:22,194 [grpc-default-executor-2] INFO  leader.FollowerInfo (FollowerInfoImpl.java:lambda$new$0(52)) - be8f56ef-e678-472d-afc0-a2265ae98bd6@group-697E46F0A3C0->235ec288-f126-4c43-8a80-14f1997ec4a1: decreaseNextIndex nextIndex: updateUnconditionally 181 -> 180
2023-06-29 22:14:22,194 [be8f56ef-e678-472d-afc0-a2265ae98bd6-impl-thread3] INFO  impl.StateMachineUpdater (StateMachineUpdater.java:stopAndJoin(155)) - be8f56ef-e678-472d-afc0-a2265ae98bd6@group-FFC41FE564C3-StateMachineUpdater: set stopIndex = 252
2023-06-29 22:14:22,194 [be8f56ef-e678-472d-afc0-a2265ae98bd6-impl-thread3] INFO  server.RaftServer$Division (ServerState.java:close(472)) - be8f56ef-e678-472d-afc0-a2265ae98bd6@group-FFC41FE564C3: closes. applyIndex: 252
2023-06-29 22:14:22,195 [Thread-2306] INFO  server.GrpcServerProtocolClient (GrpcServerProtocolClient.java:close(103)) - d05bfd9b-313a-4e98-aa4a-0bd40171ee67 Close channels
2023-06-29 22:14:22,196 [grpc-default-executor-1] INFO  server.GrpcServerProtocolService (GrpcServerProtocolService.java:onCompleted(155)) - d05bfd9b-313a-4e98-aa4a-0bd40171ee67: Completed APPEND_ENTRIES, lastRequest: null
2023-06-29 22:14:22,196 [grpc-default-executor-1] INFO  server.GrpcServerProtocolService (GrpcServerProtocolService.java:lambda$onCompleted$5(157)) - d05bfd9b-313a-4e98-aa4a-0bd40171ee67: Completed APPEND_ENTRIES, lastReply: serverReply {
  requestorId: "be8f56ef-e678-472d-afc0-a2265ae98bd6"
  replyId: "d05bfd9b-313a-4e98-aa4a-0bd40171ee67"
  raftGroupId {
    id: "\360?\350\232\337\263J\036\210ni~F\360\243\300"
  }
  callId: 197
  success: true
}
term: 1
nextIndex: 181
followerCommit: 180
matchIndex: 18446744073709551615
isHearbeat: true

2023-06-29 22:14:22,196 [Thread-2308] INFO  server.GrpcServerProtocolClient (GrpcServerProtocolClient.java:close(103)) - 235ec288-f126-4c43-8a80-14f1997ec4a1 Close channels
2023-06-29 22:14:22,198 [be8f56ef-e678-472d-afc0-a2265ae98bd6-impl-thread2] INFO  impl.StateMachineUpdater (StateMachineUpdater.java:stopAndJoin(155)) - be8f56ef-e678-472d-afc0-a2265ae98bd6@group-697E46F0A3C0-StateMachineUpdater: set stopIndex = 180
2023-06-29 22:14:22,198 [be8f56ef-e678-472d-afc0-a2265ae98bd6@group-697E46F0A3C0-StateMachineUpdater] INFO  ratis.ContainerStateMachine (ContainerStateMachine.java:takeSnapshot(330)) - group-697E46F0A3C0: Taking a snapshot at:(t:1, i:180) file /home/runner/work/ozone/ozone/hadoop-ozone/integration-test/target/test-dir/MiniOzoneClusterImpl-306b8aa5-132e-45e2-945e-dc5599b78ca9/datanode-1/data/ratis/f03fe89a-dfb3-4a1e-886e-697e46f0a3c0/sm/snapshot.1_180
2023-06-29 22:14:22,198 [grpc-default-executor-2] INFO  server.GrpcServerProtocolService (GrpcServerProtocolService.java:onCompleted(155)) - d05bfd9b-313a-4e98-aa4a-0bd40171ee67: Completed APPEND_ENTRIES, lastRequest: be8f56ef-e678-472d-afc0-a2265ae98bd6->d05bfd9b-313a-4e98-aa4a-0bd40171ee67#193-t1,previous=(t:1, i:179),leaderCommit=179,initializing? true,entries: size=1, first=(t:1, i:180), METADATAENTRY(c:179)
2023-06-29 22:14:22,199 [grpc-default-executor-2] INFO  server.GrpcServerProtocolService (GrpcServerProtocolService.java:lambda$onCompleted$5(157)) - d05bfd9b-313a-4e98-aa4a-0bd40171ee67: Completed APPEND_ENTRIES, lastReply: null
2023-06-29 22:14:22,199 [grpc-default-executor-6] INFO  server.GrpcServerProtocolService (GrpcServerProtocolService.java:onCompleted(155)) - 235ec288-f126-4c43-8a80-14f1997ec4a1: Completed APPEND_ENTRIES, lastRequest: null
2023-06-29 22:14:22,199 [ForkJoinPool.commonPool-worker-0] INFO  server.GrpcService (GrpcService.java:closeImpl(320)) - d05bfd9b-313a-4e98-aa4a-0bd40171ee67: shutdown server org.apache.ratis.grpc.server.GrpcClientProtocolService successfully
2023-06-29 22:14:22,199 [ForkJoinPool.commonPool-worker-0] INFO  server.GrpcService (GrpcService.java:closeImpl(311)) - d05bfd9b-313a-4e98-aa4a-0bd40171ee67: shutdown server GrpcServerProtocolService now
2023-06-29 22:14:22,199 [be8f56ef-e678-472d-afc0-a2265ae98bd6@group-697E46F0A3C0-StateMachineUpdater] INFO  ratis.ContainerStateMachine (ContainerStateMachine.java:takeSnapshot(341)) - group-697E46F0A3C0: Finished taking a snapshot at:(t:1, i:180) file:/home/runner/work/ozone/ozone/hadoop-ozone/integration-test/target/test-dir/MiniOzoneClusterImpl-306b8aa5-132e-45e2-945e-dc5599b78ca9/datanode-1/data/ratis/f03fe89a-dfb3-4a1e-886e-697e46f0a3c0/sm/snapshot.1_180 took: 1 ms
2023-06-29 22:14:22,200 [be8f56ef-e678-472d-afc0-a2265ae98bd6@group-697E46F0A3C0-StateMachineUpdater] INFO  impl.StateMachineUpdater (StateMachineUpdater.java:takeSnapshot(291)) - be8f56ef-e678-472d-afc0-a2265ae98bd6@group-697E46F0A3C0-StateMachineUpdater: Took a snapshot at index 180
2023-06-29 22:14:22,200 [be8f56ef-e678-472d-afc0-a2265ae98bd6@group-697E46F0A3C0-StateMachineUpdater] INFO  impl.StateMachineUpdater (StateMachineUpdater.java:lambda$new$0(97)) - be8f56ef-e678-472d-afc0-a2265ae98bd6@group-697E46F0A3C0-StateMachineUpdater: snapshotIndex: updateIncreasingly -1 -> 180
2023-06-29 22:14:22,200 [be8f56ef-e678-472d-afc0-a2265ae98bd6-impl-thread2] INFO  server.RaftServer$Division (ServerState.java:close(472)) - be8f56ef-e678-472d-afc0-a2265ae98bd6@group-697E46F0A3C0: closes. applyIndex: 180
2023-06-29 22:14:22,200 [grpc-default-executor-6] INFO  server.GrpcServerProtocolService (GrpcServerProtocolService.java:lambda$onCompleted$5(157)) - 235ec288-f126-4c43-8a80-14f1997ec4a1: Completed APPEND_ENTRIES, lastReply: serverReply {
  requestorId: "be8f56ef-e678-472d-afc0-a2265ae98bd6"
  replyId: "235ec288-f126-4c43-8a80-14f1997ec4a1"
  raftGroupId {
    id: "\360?\350\232\337\263J\036\210ni~F\360\243\300"
  }
  callId: 197
  success: true
}
term: 1
nextIndex: 181
followerCommit: 180
matchIndex: 18446744073709551615
isHearbeat: true

2023-06-29 22:14:22,200 [grpc-default-executor-4] INFO  server.GrpcLogAppender (GrpcLogAppender.java:onCompleted(428)) - be8f56ef-e678-472d-afc0-a2265ae98bd6@group-697E46F0A3C0->d05bfd9b-313a-4e98-aa4a-0bd40171ee67-AppendLogResponseHandler: follower responses appendEntries COMPLETED
2023-06-29 22:14:22,200 [grpc-default-executor-4] WARN  server.GrpcLogAppender (GrpcLogAppender.java:resetClient(137)) - be8f56ef-e678-472d-afc0-a2265ae98bd6@group-697E46F0A3C0->d05bfd9b-313a-4e98-aa4a-0bd40171ee67-GrpcLogAppender: Failed to getClient for d05bfd9b-313a-4e98-aa4a-0bd40171ee67
org.apache.ratis.protocol.exceptions.AlreadyClosedException: be8f56ef-e678-472d-afc0-a2265ae98bd6 is already CLOSED
	at org.apache.ratis.util.PeerProxyMap$PeerAndProxy.getProxy(PeerProxyMap.java:61)
	at org.apache.ratis.util.PeerProxyMap.getProxy(PeerProxyMap.java:115)
	at org.apache.ratis.grpc.server.GrpcLogAppender.getClient(GrpcLogAppender.java:112)
	at org.apache.ratis.grpc.server.GrpcLogAppender.resetClient(GrpcLogAppender.java:117)
	at org.apache.ratis.grpc.server.GrpcLogAppender.access$500(GrpcLogAppender.java:56)
	at org.apache.ratis.grpc.server.GrpcLogAppender$AppendLogResponseHandler.onCompleted(GrpcLogAppender.java:429)
	at org.apache.ratis.thirdparty.io.grpc.stub.ClientCalls$StreamObserverToCallListenerAdapter.onClose(ClientCalls.java:485)
	at org.apache.ratis.thirdparty.io.grpc.internal.ClientCallImpl.closeObserver(ClientCallImpl.java:563)
	at org.apache.ratis.thirdparty.io.grpc.internal.ClientCallImpl.access$300(ClientCallImpl.java:70)
	at org.apache.ratis.thirdparty.io.grpc.internal.ClientCallImpl$ClientStreamListenerImpl$1StreamClosed.runInternal(ClientCallImpl.java:744)
	at org.apache.ratis.thirdparty.io.grpc.internal.ClientCallImpl$ClientStreamListenerImpl$1StreamClosed.runInContext(ClientCallImpl.java:723)
	at org.apache.ratis.thirdparty.io.grpc.internal.ContextRunnable.run(ContextRunnable.java:37)
	at org.apache.ratis.thirdparty.io.grpc.internal.SerializingExecutor.run(SerializingExecutor.java:133)
	at java.util.concurrent.ThreadPoolExecutor.runWorker(ThreadPoolExecutor.java:1149)
	at java.util.concurrent.ThreadPoolExecutor$Worker.run(ThreadPoolExecutor.java:624)
	at java.lang.Thread.run(Thread.java:750)
2023-06-29 22:14:22,213 [ForkJoinPool.commonPool-worker-1] INFO  ozoneimpl.OzoneContainer (OzoneContainer.java:stop(441)) - Attempting to stop container services.
2023-06-29 22:14:22,214 [ForkJoinPool.commonPool-worker-1] INFO  server.RaftServer (RaftServerProxy.java:lambda$close$6(416)) - 235ec288-f126-4c43-8a80-14f1997ec4a1: close
2023-06-29 22:14:22,216 [grpc-default-executor-6] INFO  server.GrpcLogAppender (GrpcLogAppender.java:onCompleted(428)) - be8f56ef-e678-472d-afc0-a2265ae98bd6@group-697E46F0A3C0->235ec288-f126-4c43-8a80-14f1997ec4a1-AppendLogResponseHandler: follower responses appendEntries COMPLETED
2023-06-29 22:14:22,216 [grpc-default-executor-6] WARN  server.GrpcLogAppender (GrpcLogAppender.java:resetClient(137)) - be8f56ef-e678-472d-afc0-a2265ae98bd6@group-697E46F0A3C0->235ec288-f126-4c43-8a80-14f1997ec4a1-GrpcLogAppender: Failed to getClient for 235ec288-f126-4c43-8a80-14f1997ec4a1
org.apache.ratis.protocol.exceptions.AlreadyClosedException: be8f56ef-e678-472d-afc0-a2265ae98bd6 is already CLOSED
	at org.apache.ratis.util.PeerProxyMap$PeerAndProxy.getProxy(PeerProxyMap.java:61)
	at org.apache.ratis.util.PeerProxyMap.getProxy(PeerProxyMap.java:115)
	at org.apache.ratis.grpc.server.GrpcLogAppender.getClient(GrpcLogAppender.java:112)
	at org.apache.ratis.grpc.server.GrpcLogAppender.resetClient(GrpcLogAppender.java:117)
	at org.apache.ratis.grpc.server.GrpcLogAppender.access$500(GrpcLogAppender.java:56)
	at org.apache.ratis.grpc.server.GrpcLogAppender$AppendLogResponseHandler.onCompleted(GrpcLogAppender.java:429)
	at org.apache.ratis.thirdparty.io.grpc.stub.ClientCalls$StreamObserverToCallListenerAdapter.onClose(ClientCalls.java:485)
	at org.apache.ratis.thirdparty.io.grpc.internal.ClientCallImpl.closeObserver(ClientCallImpl.java:563)
	at org.apache.ratis.thirdparty.io.grpc.internal.ClientCallImpl.access$300(ClientCallImpl.java:70)
	at org.apache.ratis.thirdparty.io.grpc.internal.ClientCallImpl$ClientStreamListenerImpl$1StreamClosed.runInternal(ClientCallImpl.java:744)
	at org.apache.ratis.thirdparty.io.grpc.internal.ClientCallImpl$ClientStreamListenerImpl$1StreamClosed.runInContext(ClientCallImpl.java:723)
	at org.apache.ratis.thirdparty.io.grpc.internal.ContextRunnable.run(ContextRunnable.java:37)
	at org.apache.ratis.thirdparty.io.grpc.internal.SerializingExecutor.run(SerializingExecutor.java:133)
	at java.util.concurrent.ThreadPoolExecutor.runWorker(ThreadPoolExecutor.java:1149)
	at java.util.concurrent.ThreadPoolExecutor$Worker.run(ThreadPoolExecutor.java:624)
	at java.lang.Thread.run(Thread.java:750)
2023-06-29 22:14:22,215 [grpc-default-executor-4] INFO  server.GrpcLogAppender (GrpcLogAppender.java:onCompleted(428)) - be8f56ef-e678-472d-afc0-a2265ae98bd6@group-697E46F0A3C0->d05bfd9b-313a-4e98-aa4a-0bd40171ee67-AppendLogResponseHandler: follower responses appendEntries COMPLETED
2023-06-29 22:14:22,216 [235ec288-f126-4c43-8a80-14f1997ec4a1-impl-thread1] INFO  server.RaftServer$Division (RaftServerImpl.java:lambda$close$4(466)) - 235ec288-f126-4c43-8a80-14f1997ec4a1@group-66622266BBA1: shutdown
2023-06-29 22:14:22,216 [grpc-default-executor-4] WARN  server.GrpcLogAppender (GrpcLogAppender.java:resetClient(137)) - be8f56ef-e678-472d-afc0-a2265ae98bd6@group-697E46F0A3C0->d05bfd9b-313a-4e98-aa4a-0bd40171ee67-GrpcLogAppender: Failed to getClient for d05bfd9b-313a-4e98-aa4a-0bd40171ee67
org.apache.ratis.protocol.exceptions.AlreadyClosedException: be8f56ef-e678-472d-afc0-a2265ae98bd6 is already CLOSED
	at org.apache.ratis.util.PeerProxyMap$PeerAndProxy.getProxy(PeerProxyMap.java:61)
	at org.apache.ratis.util.PeerProxyMap.getProxy(PeerProxyMap.java:115)
	at org.apache.ratis.grpc.server.GrpcLogAppender.getClient(GrpcLogAppender.java:112)
	at org.apache.ratis.grpc.server.GrpcLogAppender.resetClient(GrpcLogAppender.java:117)
	at org.apache.ratis.grpc.server.GrpcLogAppender.access$500(GrpcLogAppender.java:56)
	at org.apache.ratis.grpc.server.GrpcLogAppender$AppendLogResponseHandler.onCompleted(GrpcLogAppender.java:429)
	at org.apache.ratis.thirdparty.io.grpc.stub.ClientCalls$StreamObserverToCallListenerAdapter.onClose(ClientCalls.java:485)
	at org.apache.ratis.thirdparty.io.grpc.internal.ClientCallImpl.closeObserver(ClientCallImpl.java:563)
	at org.apache.ratis.thirdparty.io.grpc.internal.ClientCallImpl.access$300(ClientCallImpl.java:70)
	at org.apache.ratis.thirdparty.io.grpc.internal.ClientCallImpl$ClientStreamListenerImpl$1StreamClosed.runInternal(ClientCallImpl.java:744)
	at org.apache.ratis.thirdparty.io.grpc.internal.ClientCallImpl$ClientStreamListenerImpl$1StreamClosed.runInContext(ClientCallImpl.java:723)
	at org.apache.ratis.thirdparty.io.grpc.internal.ContextRunnable.run(ContextRunnable.java:37)
	at org.apache.ratis.thirdparty.io.grpc.internal.SerializingExecutor.run(SerializingExecutor.java:133)
	at java.util.concurrent.ThreadPoolExecutor.runWorker(ThreadPoolExecutor.java:1149)
	at java.util.concurrent.ThreadPoolExecutor$Worker.run(ThreadPoolExecutor.java:624)
	at java.lang.Thread.run(Thread.java:750)
2023-06-29 22:14:22,217 [235ec288-f126-4c43-8a80-14f1997ec4a1-impl-thread1] INFO  util.JmxRegister (JmxRegister.java:unregister(73)) - Successfully un-registered JMX Bean with object name Ratis:service=RaftServer,group=group-66622266BBA1,id=235ec288-f126-4c43-8a80-14f1997ec4a1
2023-06-29 22:14:22,217 [235ec288-f126-4c43-8a80-14f1997ec4a1-impl-thread1] INFO  impl.RoleInfo (RoleInfo.java:shutdownLeaderState(93)) - 235ec288-f126-4c43-8a80-14f1997ec4a1: shutdown 235ec288-f126-4c43-8a80-14f1997ec4a1@group-66622266BBA1-LeaderStateImpl
2023-06-29 22:14:22,217 [235ec288-f126-4c43-8a80-14f1997ec4a1-impl-thread1] INFO  impl.PendingRequests (PendingRequests.java:sendNotLeaderResponses(289)) - 235ec288-f126-4c43-8a80-14f1997ec4a1@group-66622266BBA1-PendingRequests: sendNotLeaderResponses
2023-06-29 22:14:22,217 [235ec288-f126-4c43-8a80-14f1997ec4a1-impl-thread1] INFO  impl.StateMachineUpdater (StateMachineUpdater.java:stopAndJoin(155)) - 235ec288-f126-4c43-8a80-14f1997ec4a1@group-66622266BBA1-StateMachineUpdater: set stopIndex = 0
2023-06-29 22:14:22,217 [235ec288-f126-4c43-8a80-14f1997ec4a1@group-66622266BBA1-StateMachineUpdater] INFO  ratis.ContainerStateMachine (ContainerStateMachine.java:takeSnapshot(330)) - group-66622266BBA1: Taking a snapshot at:(t:1, i:0) file /home/runner/work/ozone/ozone/hadoop-ozone/integration-test/target/test-dir/MiniOzoneClusterImpl-306b8aa5-132e-45e2-945e-dc5599b78ca9/datanode-2/data/ratis/fdf1eacc-44fd-4c67-8b51-66622266bba1/sm/snapshot.1_0
2023-06-29 22:14:22,218 [235ec288-f126-4c43-8a80-14f1997ec4a1@group-66622266BBA1-StateMachineUpdater] INFO  ratis.ContainerStateMachine (ContainerStateMachine.java:takeSnapshot(341)) - group-66622266BBA1: Finished taking a snapshot at:(t:1, i:0) file:/home/runner/work/ozone/ozone/hadoop-ozone/integration-test/target/test-dir/MiniOzoneClusterImpl-306b8aa5-132e-45e2-945e-dc5599b78ca9/datanode-2/data/ratis/fdf1eacc-44fd-4c67-8b51-66622266bba1/sm/snapshot.1_0 took: 1 ms
2023-06-29 22:14:22,218 [235ec288-f126-4c43-8a80-14f1997ec4a1@group-66622266BBA1-StateMachineUpdater] INFO  impl.StateMachineUpdater (StateMachineUpdater.java:takeSnapshot(291)) - 235ec288-f126-4c43-8a80-14f1997ec4a1@group-66622266BBA1-StateMachineUpdater: Took a snapshot at index 0
2023-06-29 22:14:22,218 [235ec288-f126-4c43-8a80-14f1997ec4a1@group-66622266BBA1-StateMachineUpdater] INFO  impl.StateMachineUpdater (StateMachineUpdater.java:lambda$new$0(97)) - 235ec288-f126-4c43-8a80-14f1997ec4a1@group-66622266BBA1-StateMachineUpdater: snapshotIndex: updateIncreasingly -1 -> 0
2023-06-29 22:14:22,218 [235ec288-f126-4c43-8a80-14f1997ec4a1-impl-thread1] INFO  server.RaftServer$Division (ServerState.java:close(472)) - 235ec288-f126-4c43-8a80-14f1997ec4a1@group-66622266BBA1: closes. applyIndex: 0
2023-06-29 22:14:22,219 [235ec288-f126-4c43-8a80-14f1997ec4a1-impl-thread2] INFO  server.RaftServer$Division (RaftServerImpl.java:lambda$close$4(466)) - 235ec288-f126-4c43-8a80-14f1997ec4a1@group-697E46F0A3C0: shutdown
2023-06-29 22:14:22,219 [235ec288-f126-4c43-8a80-14f1997ec4a1-impl-thread2] INFO  util.JmxRegister (JmxRegister.java:unregister(73)) - Successfully un-registered JMX Bean with object name Ratis:service=RaftServer,group=group-697E46F0A3C0,id=235ec288-f126-4c43-8a80-14f1997ec4a1
2023-06-29 22:14:22,219 [235ec288-f126-4c43-8a80-14f1997ec4a1-impl-thread2] INFO  impl.RoleInfo (RoleInfo.java:shutdownFollowerState(110)) - 235ec288-f126-4c43-8a80-14f1997ec4a1: shutdown 235ec288-f126-4c43-8a80-14f1997ec4a1@group-697E46F0A3C0-FollowerState
2023-06-29 22:14:22,219 [ForkJoinPool.commonPool-worker-1] INFO  server.GrpcService (GrpcService.java:closeImpl(311)) - 235ec288-f126-4c43-8a80-14f1997ec4a1: shutdown server org.apache.ratis.grpc.server.GrpcClientProtocolService now
2023-06-29 22:14:22,219 [235ec288-f126-4c43-8a80-14f1997ec4a1-impl-thread3] INFO  server.RaftServer$Division (RaftServerImpl.java:lambda$close$4(466)) - 235ec288-f126-4c43-8a80-14f1997ec4a1@group-FFC41FE564C3: shutdown
2023-06-29 22:14:22,220 [235ec288-f126-4c43-8a80-14f1997ec4a1-impl-thread3] INFO  util.JmxRegister (JmxRegister.java:unregister(73)) - Successfully un-registered JMX Bean with object name Ratis:service=RaftServer,group=group-FFC41FE564C3,id=235ec288-f126-4c43-8a80-14f1997ec4a1
2023-06-29 22:14:22,220 [235ec288-f126-4c43-8a80-14f1997ec4a1-impl-thread3] INFO  impl.RoleInfo (RoleInfo.java:shutdownFollowerState(110)) - 235ec288-f126-4c43-8a80-14f1997ec4a1: shutdown 235ec288-f126-4c43-8a80-14f1997ec4a1@group-FFC41FE564C3-FollowerState
2023-06-29 22:14:22,220 [235ec288-f126-4c43-8a80-14f1997ec4a1-impl-thread3] INFO  impl.StateMachineUpdater (StateMachineUpdater.java:stopAndJoin(155)) - 235ec288-f126-4c43-8a80-14f1997ec4a1@group-FFC41FE564C3-StateMachineUpdater: set stopIndex = 252
2023-06-29 22:14:22,220 [235ec288-f126-4c43-8a80-14f1997ec4a1@group-FFC41FE564C3-FollowerState] INFO  impl.FollowerState (FollowerState.java:run(152)) - 235ec288-f126-4c43-8a80-14f1997ec4a1@group-FFC41FE564C3-FollowerState was interrupted
2023-06-29 22:14:22,220 [235ec288-f126-4c43-8a80-14f1997ec4a1@group-FFC41FE564C3-StateMachineUpdater] INFO  ratis.ContainerStateMachine (ContainerStateMachine.java:takeSnapshot(330)) - group-FFC41FE564C3: Taking a snapshot at:(t:1, i:252) file /home/runner/work/ozone/ozone/hadoop-ozone/integration-test/target/test-dir/MiniOzoneClusterImpl-306b8aa5-132e-45e2-945e-dc5599b78ca9/datanode-2/data/ratis/2c9730ca-b5ff-4963-aa5c-ffc41fe564c3/sm/snapshot.1_252
2023-06-29 22:14:22,220 [235ec288-f126-4c43-8a80-14f1997ec4a1@group-697E46F0A3C0-FollowerState] INFO  impl.FollowerState (FollowerState.java:run(152)) - 235ec288-f126-4c43-8a80-14f1997ec4a1@group-697E46F0A3C0-FollowerState was interrupted
2023-06-29 22:14:22,221 [235ec288-f126-4c43-8a80-14f1997ec4a1@group-697E46F0A3C0-StateMachineUpdater] INFO  ratis.ContainerStateMachine (ContainerStateMachine.java:takeSnapshot(330)) - group-697E46F0A3C0: Taking a snapshot at:(t:1, i:180) file /home/runner/work/ozone/ozone/hadoop-ozone/integration-test/target/test-dir/MiniOzoneClusterImpl-306b8aa5-132e-45e2-945e-dc5599b78ca9/datanode-2/data/ratis/f03fe89a-dfb3-4a1e-886e-697e46f0a3c0/sm/snapshot.1_180
2023-06-29 22:14:22,221 [235ec288-f126-4c43-8a80-14f1997ec4a1@group-FFC41FE564C3-StateMachineUpdater] INFO  ratis.ContainerStateMachine (ContainerStateMachine.java:takeSnapshot(341)) - group-FFC41FE564C3: Finished taking a snapshot at:(t:1, i:252) file:/home/runner/work/ozone/ozone/hadoop-ozone/integration-test/target/test-dir/MiniOzoneClusterImpl-306b8aa5-132e-45e2-945e-dc5599b78ca9/datanode-2/data/ratis/2c9730ca-b5ff-4963-aa5c-ffc41fe564c3/sm/snapshot.1_252 took: 2 ms
2023-06-29 22:14:22,221 [235ec288-f126-4c43-8a80-14f1997ec4a1@group-FFC41FE564C3-StateMachineUpdater] INFO  impl.StateMachineUpdater (StateMachineUpdater.java:takeSnapshot(291)) - 235ec288-f126-4c43-8a80-14f1997ec4a1@group-FFC41FE564C3-StateMachineUpdater: Took a snapshot at index 252
2023-06-29 22:14:22,222 [235ec288-f126-4c43-8a80-14f1997ec4a1@group-FFC41FE564C3-StateMachineUpdater] INFO  impl.StateMachineUpdater (StateMachineUpdater.java:lambda$new$0(97)) - 235ec288-f126-4c43-8a80-14f1997ec4a1@group-FFC41FE564C3-StateMachineUpdater: snapshotIndex: updateIncreasingly -1 -> 252
2023-06-29 22:14:22,222 [ForkJoinPool.commonPool-worker-0] INFO  server.GrpcService (GrpcService.java:closeImpl(320)) - d05bfd9b-313a-4e98-aa4a-0bd40171ee67: shutdown server GrpcServerProtocolService successfully
2023-06-29 22:14:22,223 [ForkJoinPool.commonPool-worker-0] INFO  server.GrpcService (GrpcService.java:closeImpl(311)) - d05bfd9b-313a-4e98-aa4a-0bd40171ee67: shutdown server org.apache.ratis.grpc.server.GrpcAdminProtocolService now
2023-06-29 22:14:22,222 [235ec288-f126-4c43-8a80-14f1997ec4a1-impl-thread2] INFO  impl.StateMachineUpdater (StateMachineUpdater.java:stopAndJoin(155)) - 235ec288-f126-4c43-8a80-14f1997ec4a1@group-697E46F0A3C0-StateMachineUpdater: set stopIndex = 180
2023-06-29 22:14:22,223 [235ec288-f126-4c43-8a80-14f1997ec4a1@group-697E46F0A3C0-StateMachineUpdater] INFO  ratis.ContainerStateMachine (ContainerStateMachine.java:takeSnapshot(341)) - group-697E46F0A3C0: Finished taking a snapshot at:(t:1, i:180) file:/home/runner/work/ozone/ozone/hadoop-ozone/integration-test/target/test-dir/MiniOzoneClusterImpl-306b8aa5-132e-45e2-945e-dc5599b78ca9/datanode-2/data/ratis/f03fe89a-dfb3-4a1e-886e-697e46f0a3c0/sm/snapshot.1_180 took: 2 ms
2023-06-29 22:14:22,223 [235ec288-f126-4c43-8a80-14f1997ec4a1@group-697E46F0A3C0-StateMachineUpdater] INFO  impl.StateMachineUpdater (StateMachineUpdater.java:takeSnapshot(291)) - 235ec288-f126-4c43-8a80-14f1997ec4a1@group-697E46F0A3C0-StateMachineUpdater: Took a snapshot at index 180
2023-06-29 22:14:22,223 [235ec288-f126-4c43-8a80-14f1997ec4a1@group-697E46F0A3C0-StateMachineUpdater] INFO  impl.StateMachineUpdater (StateMachineUpdater.java:lambda$new$0(97)) - 235ec288-f126-4c43-8a80-14f1997ec4a1@group-697E46F0A3C0-StateMachineUpdater: snapshotIndex: updateIncreasingly -1 -> 180
2023-06-29 22:14:22,223 [235ec288-f126-4c43-8a80-14f1997ec4a1-impl-thread2] INFO  server.RaftServer$Division (ServerState.java:close(472)) - 235ec288-f126-4c43-8a80-14f1997ec4a1@group-697E46F0A3C0: closes. applyIndex: 180
2023-06-29 22:14:22,224 [235ec288-f126-4c43-8a80-14f1997ec4a1-impl-thread3] INFO  server.RaftServer$Division (ServerState.java:close(472)) - 235ec288-f126-4c43-8a80-14f1997ec4a1@group-FFC41FE564C3: closes. applyIndex: 252
2023-06-29 22:14:22,225 [ForkJoinPool.commonPool-worker-0] INFO  server.GrpcService (GrpcService.java:closeImpl(320)) - d05bfd9b-313a-4e98-aa4a-0bd40171ee67: shutdown server org.apache.ratis.grpc.server.GrpcAdminProtocolService successfully
2023-06-29 22:14:22,225 [ForkJoinPool.commonPool-worker-1] INFO  server.GrpcService (GrpcService.java:closeImpl(320)) - 235ec288-f126-4c43-8a80-14f1997ec4a1: shutdown server org.apache.ratis.grpc.server.GrpcClientProtocolService successfully
2023-06-29 22:14:22,225 [ForkJoinPool.commonPool-worker-1] INFO  server.GrpcService (GrpcService.java:closeImpl(311)) - 235ec288-f126-4c43-8a80-14f1997ec4a1: shutdown server GrpcServerProtocolService now
2023-06-29 22:14:22,225 [d05bfd9b-313a-4e98-aa4a-0bd40171ee67-NettyServerStreamRpc-bossGroup--thread1] INFO  logging.LoggingHandler (AbstractInternalLogger.java:log(148)) - [id: 0x0cb5dbc7, L:/0:0:0:0:0:0:0:0:15085] CLOSE
2023-06-29 22:14:22,225 [d05bfd9b-313a-4e98-aa4a-0bd40171ee67-NettyServerStreamRpc-bossGroup--thread1] INFO  logging.LoggingHandler (AbstractInternalLogger.java:log(148)) - [id: 0x0cb5dbc7, L:/0:0:0:0:0:0:0:0:15085] INACTIVE
2023-06-29 22:14:22,225 [d05bfd9b-313a-4e98-aa4a-0bd40171ee67-NettyServerStreamRpc-bossGroup--thread1] INFO  logging.LoggingHandler (AbstractInternalLogger.java:log(148)) - [id: 0x0cb5dbc7, L:/0:0:0:0:0:0:0:0:15085] UNREGISTERED
2023-06-29 22:14:22,227 [ForkJoinPool.commonPool-worker-1] INFO  server.GrpcService (GrpcService.java:closeImpl(320)) - 235ec288-f126-4c43-8a80-14f1997ec4a1: shutdown server GrpcServerProtocolService successfully
2023-06-29 22:14:22,227 [main] INFO  server.GrpcService (GrpcService.java:closeImpl(320)) - be8f56ef-e678-472d-afc0-a2265ae98bd6: shutdown server org.apache.ratis.grpc.server.GrpcClientProtocolService successfully
2023-06-29 22:14:22,227 [ForkJoinPool.commonPool-worker-1] INFO  server.GrpcService (GrpcService.java:closeImpl(311)) - 235ec288-f126-4c43-8a80-14f1997ec4a1: shutdown server org.apache.ratis.grpc.server.GrpcAdminProtocolService now
2023-06-29 22:14:22,227 [main] INFO  server.GrpcService (GrpcService.java:closeImpl(311)) - be8f56ef-e678-472d-afc0-a2265ae98bd6: shutdown server GrpcServerProtocolService now
2023-06-29 22:14:22,228 [ForkJoinPool.commonPool-worker-1] INFO  server.GrpcService (GrpcService.java:closeImpl(320)) - 235ec288-f126-4c43-8a80-14f1997ec4a1: shutdown server org.apache.ratis.grpc.server.GrpcAdminProtocolService successfully
2023-06-29 22:14:22,228 [235ec288-f126-4c43-8a80-14f1997ec4a1-NettyServerStreamRpc-bossGroup--thread1] INFO  logging.LoggingHandler (AbstractInternalLogger.java:log(148)) - [id: 0x58f4db58, L:/0:0:0:0:0:0:0:0:15103] CLOSE
2023-06-29 22:14:22,228 [235ec288-f126-4c43-8a80-14f1997ec4a1-NettyServerStreamRpc-bossGroup--thread1] INFO  logging.LoggingHandler (AbstractInternalLogger.java:log(148)) - [id: 0x58f4db58, L:/0:0:0:0:0:0:0:0:15103] INACTIVE
2023-06-29 22:14:22,228 [235ec288-f126-4c43-8a80-14f1997ec4a1-NettyServerStreamRpc-bossGroup--thread1] INFO  logging.LoggingHandler (AbstractInternalLogger.java:log(148)) - [id: 0x58f4db58, L:/0:0:0:0:0:0:0:0:15103] UNREGISTERED
2023-06-29 22:14:22,238 [main] INFO  server.GrpcService (GrpcService.java:closeImpl(320)) - be8f56ef-e678-472d-afc0-a2265ae98bd6: shutdown server GrpcServerProtocolService successfully
2023-06-29 22:14:22,239 [main] INFO  server.GrpcService (GrpcService.java:closeImpl(311)) - be8f56ef-e678-472d-afc0-a2265ae98bd6: shutdown server org.apache.ratis.grpc.server.GrpcAdminProtocolService now
2023-06-29 22:14:22,253 [main] INFO  server.GrpcService (GrpcService.java:closeImpl(320)) - be8f56ef-e678-472d-afc0-a2265ae98bd6: shutdown server org.apache.ratis.grpc.server.GrpcAdminProtocolService successfully
2023-06-29 22:14:22,261 [be8f56ef-e678-472d-afc0-a2265ae98bd6-NettyServerStreamRpc-bossGroup--thread1] INFO  logging.LoggingHandler (AbstractInternalLogger.java:log(148)) - [id: 0x6d676d79, L:/0:0:0:0:0:0:0:0:15094] CLOSE
2023-06-29 22:14:22,262 [be8f56ef-e678-472d-afc0-a2265ae98bd6-NettyServerStreamRpc-bossGroup--thread1] INFO  logging.LoggingHandler (AbstractInternalLogger.java:log(148)) - [id: 0x6d676d79, L:/0:0:0:0:0:0:0:0:15094] INACTIVE
2023-06-29 22:14:22,262 [be8f56ef-e678-472d-afc0-a2265ae98bd6-NettyServerStreamRpc-bossGroup--thread1] INFO  logging.LoggingHandler (AbstractInternalLogger.java:log(148)) - [id: 0x6d676d79, L:/0:0:0:0:0:0:0:0:15094] UNREGISTERED
2023-06-29 22:14:22,527 [be8f56ef-e678-472d-afc0-a2265ae98bd6-impl-thread2] INFO  segmented.SegmentedRaftLogWorker (SegmentedRaftLogWorker.java:close(252)) - be8f56ef-e678-472d-afc0-a2265ae98bd6@group-697E46F0A3C0-SegmentedRaftLogWorker close()
2023-06-29 22:14:22,536 [d05bfd9b-313a-4e98-aa4a-0bd40171ee67-impl-thread1] INFO  segmented.SegmentedRaftLogWorker (SegmentedRaftLogWorker.java:close(252)) - d05bfd9b-313a-4e98-aa4a-0bd40171ee67@group-697E46F0A3C0-SegmentedRaftLogWorker close()
2023-06-29 22:14:22,540 [235ec288-f126-4c43-8a80-14f1997ec4a1-impl-thread2] INFO  segmented.SegmentedRaftLogWorker (SegmentedRaftLogWorker.java:close(252)) - 235ec288-f126-4c43-8a80-14f1997ec4a1@group-697E46F0A3C0-SegmentedRaftLogWorker close()
2023-06-29 22:14:22,934 [be8f56ef-e678-472d-afc0-a2265ae98bd6-impl-thread1] INFO  segmented.SegmentedRaftLogWorker (SegmentedRaftLogWorker.java:close(252)) - be8f56ef-e678-472d-afc0-a2265ae98bd6@group-A529D35D87D8-SegmentedRaftLogWorker close()
2023-06-29 22:14:22,938 [d05bfd9b-313a-4e98-aa4a-0bd40171ee67-impl-thread2] INFO  segmented.SegmentedRaftLogWorker (SegmentedRaftLogWorker.java:close(252)) - d05bfd9b-313a-4e98-aa4a-0bd40171ee67@group-E578A28B4A79-SegmentedRaftLogWorker close()
2023-06-29 22:14:23,109 [235ec288-f126-4c43-8a80-14f1997ec4a1-impl-thread1] INFO  segmented.SegmentedRaftLogWorker (SegmentedRaftLogWorker.java:close(252)) - 235ec288-f126-4c43-8a80-14f1997ec4a1@group-66622266BBA1-SegmentedRaftLogWorker close()
2023-06-29 22:14:23,160 [d05bfd9b-313a-4e98-aa4a-0bd40171ee67-impl-thread3] INFO  segmented.SegmentedRaftLogWorker (SegmentedRaftLogWorker.java:close(252)) - d05bfd9b-313a-4e98-aa4a-0bd40171ee67@group-FFC41FE564C3-SegmentedRaftLogWorker close()
2023-06-29 22:14:23,161 [JvmPauseMonitor12] INFO  util.JvmPauseMonitor (JvmPauseMonitor.java:run(109)) - JvmPauseMonitor-d05bfd9b-313a-4e98-aa4a-0bd40171ee67: Stopped
2023-06-29 22:14:23,172 [235ec288-f126-4c43-8a80-14f1997ec4a1-impl-thread3] INFO  segmented.SegmentedRaftLogWorker (SegmentedRaftLogWorker.java:close(252)) - 235ec288-f126-4c43-8a80-14f1997ec4a1@group-FFC41FE564C3-SegmentedRaftLogWorker close()
2023-06-29 22:14:23,172 [be8f56ef-e678-472d-afc0-a2265ae98bd6-impl-thread3] INFO  segmented.SegmentedRaftLogWorker (SegmentedRaftLogWorker.java:close(252)) - be8f56ef-e678-472d-afc0-a2265ae98bd6@group-FFC41FE564C3-SegmentedRaftLogWorker close()
2023-06-29 22:14:23,173 [JvmPauseMonitor14] INFO  util.JvmPauseMonitor (JvmPauseMonitor.java:run(109)) - JvmPauseMonitor-235ec288-f126-4c43-8a80-14f1997ec4a1: Stopped
2023-06-29 22:14:23,173 [JvmPauseMonitor13] INFO  util.JvmPauseMonitor (JvmPauseMonitor.java:run(109)) - JvmPauseMonitor-be8f56ef-e678-472d-afc0-a2265ae98bd6: Stopped
2023-06-29 22:14:25,164 [ForkJoinPool.commonPool-worker-0] INFO  utils.DatanodeStoreCache (DatanodeStoreCache.java:shutdownCache(110)) - Skip clearing cache in mini cluster mode. Entries left: [/home/runner/work/ozone/ozone/hadoop-ozone/integration-test/target/test-dir/MiniOzoneClusterImpl-306b8aa5-132e-45e2-945e-dc5599b78ca9/datanode-0/data-0/containers/hdds/306b8aa5-132e-45e2-945e-dc5599b78ca9/DS-500b7b78-0027-434e-ae0c-7a9edd4b4ca4/container.db, /home/runner/work/ozone/ozone/hadoop-ozone/integration-test/target/test-dir/MiniOzoneClusterImpl-306b8aa5-132e-45e2-945e-dc5599b78ca9/datanode-1/data-0/containers/hdds/306b8aa5-132e-45e2-945e-dc5599b78ca9/DS-c2e97ecf-d1a7-419d-927e-98a7773e54e2/container.db, /home/runner/work/ozone/ozone/hadoop-ozone/integration-test/target/test-dir/MiniOzoneClusterImpl-306b8aa5-132e-45e2-945e-dc5599b78ca9/datanode-2/data-0/containers/hdds/306b8aa5-132e-45e2-945e-dc5599b78ca9/DS-60072a93-6891-44fd-9c7c-66bbec34e965/container.db]
2023-06-29 22:14:25,167 [ForkJoinPool.commonPool-worker-0] INFO  utils.DatanodeStoreCache (DatanodeStoreCache.java:removeDB(104)) - Removed db /home/runner/work/ozone/ozone/hadoop-ozone/integration-test/target/test-dir/MiniOzoneClusterImpl-306b8aa5-132e-45e2-945e-dc5599b78ca9/datanode-0/data-0/containers/hdds/306b8aa5-132e-45e2-945e-dc5599b78ca9/DS-500b7b78-0027-434e-ae0c-7a9edd4b4ca4/container.db from cache
2023-06-29 22:14:25,167 [ForkJoinPool.commonPool-worker-0] INFO  volume.HddsVolume (HddsVolume.java:closeDbStore(509)) - SchemaV3 db is stopped at /home/runner/work/ozone/ozone/hadoop-ozone/integration-test/target/test-dir/MiniOzoneClusterImpl-306b8aa5-132e-45e2-945e-dc5599b78ca9/datanode-0/data-0/containers/hdds/306b8aa5-132e-45e2-945e-dc5599b78ca9/DS-500b7b78-0027-434e-ae0c-7a9edd4b4ca4/container.db for volume DS-500b7b78-0027-434e-ae0c-7a9edd4b4ca4
2023-06-29 22:14:25,168 [ForkJoinPool.commonPool-worker-0] INFO  utils.BackgroundService (BackgroundService.java:shutdown(141)) - Shutting down service BlockDeletingService
2023-06-29 22:14:25,168 [ForkJoinPool.commonPool-worker-0] INFO  utils.BackgroundService (BackgroundService.java:shutdown(141)) - Shutting down service StaleRecoveringContainerScrubbingService
2023-06-29 22:14:25,169 [ForkJoinPool.commonPool-worker-0] INFO  statemachine.DatanodeStateMachine (DatanodeStateMachine.java:stopDaemon(613)) - Ozone container server stopped.
2023-06-29 22:14:25,175 [ForkJoinPool.commonPool-worker-1] INFO  utils.DatanodeStoreCache (DatanodeStoreCache.java:shutdownCache(110)) - Skip clearing cache in mini cluster mode. Entries left: [/home/runner/work/ozone/ozone/hadoop-ozone/integration-test/target/test-dir/MiniOzoneClusterImpl-306b8aa5-132e-45e2-945e-dc5599b78ca9/datanode-1/data-0/containers/hdds/306b8aa5-132e-45e2-945e-dc5599b78ca9/DS-c2e97ecf-d1a7-419d-927e-98a7773e54e2/container.db, /home/runner/work/ozone/ozone/hadoop-ozone/integration-test/target/test-dir/MiniOzoneClusterImpl-306b8aa5-132e-45e2-945e-dc5599b78ca9/datanode-2/data-0/containers/hdds/306b8aa5-132e-45e2-945e-dc5599b78ca9/DS-60072a93-6891-44fd-9c7c-66bbec34e965/container.db]
2023-06-29 22:14:25,176 [main] INFO  utils.DatanodeStoreCache (DatanodeStoreCache.java:shutdownCache(110)) - Skip clearing cache in mini cluster mode. Entries left: [/home/runner/work/ozone/ozone/hadoop-ozone/integration-test/target/test-dir/MiniOzoneClusterImpl-306b8aa5-132e-45e2-945e-dc5599b78ca9/datanode-1/data-0/containers/hdds/306b8aa5-132e-45e2-945e-dc5599b78ca9/DS-c2e97ecf-d1a7-419d-927e-98a7773e54e2/container.db, /home/runner/work/ozone/ozone/hadoop-ozone/integration-test/target/test-dir/MiniOzoneClusterImpl-306b8aa5-132e-45e2-945e-dc5599b78ca9/datanode-2/data-0/containers/hdds/306b8aa5-132e-45e2-945e-dc5599b78ca9/DS-60072a93-6891-44fd-9c7c-66bbec34e965/container.db]
2023-06-29 22:14:25,178 [main] INFO  utils.DatanodeStoreCache (DatanodeStoreCache.java:removeDB(104)) - Removed db /home/runner/work/ozone/ozone/hadoop-ozone/integration-test/target/test-dir/MiniOzoneClusterImpl-306b8aa5-132e-45e2-945e-dc5599b78ca9/datanode-1/data-0/containers/hdds/306b8aa5-132e-45e2-945e-dc5599b78ca9/DS-c2e97ecf-d1a7-419d-927e-98a7773e54e2/container.db from cache
2023-06-29 22:14:25,178 [main] INFO  volume.HddsVolume (HddsVolume.java:closeDbStore(509)) - SchemaV3 db is stopped at /home/runner/work/ozone/ozone/hadoop-ozone/integration-test/target/test-dir/MiniOzoneClusterImpl-306b8aa5-132e-45e2-945e-dc5599b78ca9/datanode-1/data-0/containers/hdds/306b8aa5-132e-45e2-945e-dc5599b78ca9/DS-c2e97ecf-d1a7-419d-927e-98a7773e54e2/container.db for volume DS-c2e97ecf-d1a7-419d-927e-98a7773e54e2
2023-06-29 22:14:25,179 [main] INFO  utils.BackgroundService (BackgroundService.java:shutdown(141)) - Shutting down service BlockDeletingService
2023-06-29 22:14:25,179 [main] INFO  utils.BackgroundService (BackgroundService.java:shutdown(141)) - Shutting down service StaleRecoveringContainerScrubbingService
2023-06-29 22:14:25,180 [main] INFO  statemachine.DatanodeStateMachine (DatanodeStateMachine.java:stopDaemon(613)) - Ozone container server stopped.
2023-06-29 22:14:25,181 [ForkJoinPool.commonPool-worker-1] INFO  utils.DatanodeStoreCache (DatanodeStoreCache.java:removeDB(104)) - Removed db /home/runner/work/ozone/ozone/hadoop-ozone/integration-test/target/test-dir/MiniOzoneClusterImpl-306b8aa5-132e-45e2-945e-dc5599b78ca9/datanode-2/data-0/containers/hdds/306b8aa5-132e-45e2-945e-dc5599b78ca9/DS-60072a93-6891-44fd-9c7c-66bbec34e965/container.db from cache
2023-06-29 22:14:25,181 [ForkJoinPool.commonPool-worker-1] INFO  volume.HddsVolume (HddsVolume.java:closeDbStore(509)) - SchemaV3 db is stopped at /home/runner/work/ozone/ozone/hadoop-ozone/integration-test/target/test-dir/MiniOzoneClusterImpl-306b8aa5-132e-45e2-945e-dc5599b78ca9/datanode-2/data-0/containers/hdds/306b8aa5-132e-45e2-945e-dc5599b78ca9/DS-60072a93-6891-44fd-9c7c-66bbec34e965/container.db for volume DS-60072a93-6891-44fd-9c7c-66bbec34e965
2023-06-29 22:14:25,185 [ForkJoinPool.commonPool-worker-1] INFO  utils.BackgroundService (BackgroundService.java:shutdown(141)) - Shutting down service BlockDeletingService
2023-06-29 22:14:25,185 [ForkJoinPool.commonPool-worker-0] INFO  handler.ContextHandler (ContextHandler.java:doStop(1159)) - Stopped o.e.j.w.WebAppContext@17017b7d{hddsDatanode,/,null,STOPPED}{jar:file:/home/runner/.m2/repository/org/apache/ozone/hdds-container-service/1.4.0-SNAPSHOT/hdds-container-service-1.4.0-SNAPSHOT.jar!/webapps/hddsDatanode}
2023-06-29 22:14:25,185 [ForkJoinPool.commonPool-worker-1] INFO  utils.BackgroundService (BackgroundService.java:shutdown(141)) - Shutting down service StaleRecoveringContainerScrubbingService
2023-06-29 22:14:25,186 [ForkJoinPool.commonPool-worker-1] INFO  statemachine.DatanodeStateMachine (DatanodeStateMachine.java:stopDaemon(613)) - Ozone container server stopped.
2023-06-29 22:14:25,187 [ForkJoinPool.commonPool-worker-0] INFO  server.AbstractConnector (AbstractConnector.java:doStop(383)) - Stopped ServerConnector@5f6319a3{HTTP/1.1, (http/1.1)}{0.0.0.0:15079}
2023-06-29 22:14:25,187 [ForkJoinPool.commonPool-worker-0] INFO  server.session (HouseKeeper.java:stopScavenging(149)) - node0 Stopped scavenging
2023-06-29 22:14:25,194 [main] INFO  handler.ContextHandler (ContextHandler.java:doStop(1159)) - Stopped o.e.j.w.WebAppContext@7ee548be{hddsDatanode,/,null,STOPPED}{jar:file:/home/runner/.m2/repository/org/apache/ozone/hdds-container-service/1.4.0-SNAPSHOT/hdds-container-service-1.4.0-SNAPSHOT.jar!/webapps/hddsDatanode}
2023-06-29 22:14:25,195 [ForkJoinPool.commonPool-worker-0] INFO  handler.ContextHandler (ContextHandler.java:doStop(1159)) - Stopped o.e.j.s.ServletContextHandler@2a46f079{static,/static,jar:file:/home/runner/.m2/repository/org/apache/ozone/hdds-container-service/1.4.0-SNAPSHOT/hdds-container-service-1.4.0-SNAPSHOT.jar!/webapps/static,STOPPED}
2023-06-29 22:14:25,195 [main] INFO  server.AbstractConnector (AbstractConnector.java:doStop(383)) - Stopped ServerConnector@176455ba{HTTP/1.1, (http/1.1)}{0.0.0.0:15088}
2023-06-29 22:14:25,196 [main] INFO  server.session (HouseKeeper.java:stopScavenging(149)) - node0 Stopped scavenging
2023-06-29 22:14:25,196 [main] INFO  handler.ContextHandler (ContextHandler.java:doStop(1159)) - Stopped o.e.j.s.ServletContextHandler@64f4c577{static,/static,jar:file:/home/runner/.m2/repository/org/apache/ozone/hdds-container-service/1.4.0-SNAPSHOT/hdds-container-service-1.4.0-SNAPSHOT.jar!/webapps/static,STOPPED}
2023-06-29 22:14:25,196 [main] INFO  handler.ContextHandler (ContextHandler.java:doStop(1159)) - Stopped o.e.j.s.ServletContextHandler@2d9a6852{logs,/logs,file:///home/runner/work/ozone/ozone/hadoop-ozone/integration-test/target/log,STOPPED}
2023-06-29 22:14:25,195 [ForkJoinPool.commonPool-worker-0] INFO  handler.ContextHandler (ContextHandler.java:doStop(1159)) - Stopped o.e.j.s.ServletContextHandler@12710aa4{logs,/logs,file:///home/runner/work/ozone/ozone/hadoop-ozone/integration-test/target/log,STOPPED}
2023-06-29 22:14:25,197 [main] INFO  ozone.HddsDatanodeClientProtocolServer (HddsDatanodeClientProtocolServer.java:stop(78)) - Stopping the RPC server for Client Protocol
2023-06-29 22:14:25,197 [main] INFO  ipc.Server (Server.java:stop(3523)) - Stopping server on 15089
2023-06-29 22:14:25,198 [ForkJoinPool.commonPool-worker-0] INFO  ozone.HddsDatanodeClientProtocolServer (HddsDatanodeClientProtocolServer.java:stop(78)) - Stopping the RPC server for Client Protocol
2023-06-29 22:14:25,202 [ForkJoinPool.commonPool-worker-0] INFO  ipc.Server (Server.java:stop(3523)) - Stopping server on 15080
2023-06-29 22:14:25,202 [IPC Server listener on 15080] INFO  ipc.Server (Server.java:run(1434)) - Stopping IPC Server listener on 15080
2023-06-29 22:14:25,209 [IPC Server listener on 15089] INFO  ipc.Server (Server.java:run(1434)) - Stopping IPC Server listener on 15089
2023-06-29 22:14:25,209 [IPC Server Responder] INFO  ipc.Server (Server.java:run(1567)) - Stopping IPC Server Responder
2023-06-29 22:14:25,210 [IPC Server Responder] INFO  ipc.Server (Server.java:run(1567)) - Stopping IPC Server Responder
2023-06-29 22:14:25,213 [ForkJoinPool.commonPool-worker-1] INFO  handler.ContextHandler (ContextHandler.java:doStop(1159)) - Stopped o.e.j.w.WebAppContext@31ae6b{hddsDatanode,/,null,STOPPED}{jar:file:/home/runner/.m2/repository/org/apache/ozone/hdds-container-service/1.4.0-SNAPSHOT/hdds-container-service-1.4.0-SNAPSHOT.jar!/webapps/hddsDatanode}
2023-06-29 22:14:25,213 [ForkJoinPool.commonPool-worker-1] INFO  server.AbstractConnector (AbstractConnector.java:doStop(383)) - Stopped ServerConnector@1ca50e39{HTTP/1.1, (http/1.1)}{0.0.0.0:15097}
2023-06-29 22:14:25,215 [ForkJoinPool.commonPool-worker-1] INFO  server.session (HouseKeeper.java:stopScavenging(149)) - node0 Stopped scavenging
2023-06-29 22:14:25,216 [ForkJoinPool.commonPool-worker-1] INFO  handler.ContextHandler (ContextHandler.java:doStop(1159)) - Stopped o.e.j.s.ServletContextHandler@68edb7d{static,/static,jar:file:/home/runner/.m2/repository/org/apache/ozone/hdds-container-service/1.4.0-SNAPSHOT/hdds-container-service-1.4.0-SNAPSHOT.jar!/webapps/static,STOPPED}
2023-06-29 22:14:25,217 [ForkJoinPool.commonPool-worker-1] INFO  handler.ContextHandler (ContextHandler.java:doStop(1159)) - Stopped o.e.j.s.ServletContextHandler@f4c9be6{logs,/logs,file:///home/runner/work/ozone/ozone/hadoop-ozone/integration-test/target/log,STOPPED}
2023-06-29 22:14:25,217 [ForkJoinPool.commonPool-worker-1] INFO  ozone.HddsDatanodeClientProtocolServer (HddsDatanodeClientProtocolServer.java:stop(78)) - Stopping the RPC server for Client Protocol
2023-06-29 22:14:25,217 [ForkJoinPool.commonPool-worker-1] INFO  ipc.Server (Server.java:stop(3523)) - Stopping server on 15098
2023-06-29 22:14:25,218 [IPC Server listener on 15098] INFO  ipc.Server (Server.java:run(1434)) - Stopping IPC Server listener on 15098
2023-06-29 22:14:25,218 [IPC Server Responder] INFO  ipc.Server (Server.java:run(1567)) - Stopping IPC Server Responder
2023-06-29 22:14:25,219 [main] INFO  ozone.MiniOzoneClusterImpl (MiniOzoneClusterImpl.java:stopSCM(543)) - Stopping the StorageContainerManager
2023-06-29 22:14:25,219 [main] INFO  server.StorageContainerManager (StorageContainerManager.java:stop(1596)) - Container Balancer is not running.
2023-06-29 22:14:25,220 [main] INFO  server.StorageContainerManager (StorageContainerManager.java:stopReplicationManager(1729)) - Stopping Replication Manager Service.
2023-06-29 22:14:25,220 [main] INFO  replication.ReplicationManager (ReplicationManager.java:stop(319)) - Stopping Replication Monitor Thread.
2023-06-29 22:14:25,220 [main] INFO  server.StorageContainerManager (StorageContainerManager.java:stop(1605)) - Stopping the Datanode Admin Monitor.
2023-06-29 22:14:25,220 [Over Replicated Processor] WARN  replication.UnhealthyReplicationProcessor (UnhealthyReplicationProcessor.java:run(180)) - Over Replicated Processor interrupted. Exiting...
2023-06-29 22:14:25,220 [main] INFO  server.StorageContainerManager (StorageContainerManager.java:stop(1612)) - Stopping datanode service RPC server
2023-06-29 22:14:25,220 [main] INFO  server.SCMDatanodeProtocolServer (SCMDatanodeProtocolServer.java:stop(424)) - Stopping the RPC server for DataNodes
2023-06-29 22:14:25,220 [main] INFO  ipc.Server (Server.java:stop(3523)) - Stopping server on 15072
2023-06-29 22:14:25,220 [ReplicationMonitor] INFO  replication.ReplicationManager (ReplicationManager.java:run(917)) - Replication Monitor Thread is stopped
2023-06-29 22:14:25,220 [Under Replicated Processor] WARN  replication.UnhealthyReplicationProcessor (UnhealthyReplicationProcessor.java:run(180)) - Under Replicated Processor interrupted. Exiting...
2023-06-29 22:14:25,222 [IPC Server listener on 15072] INFO  ipc.Server (Server.java:run(1434)) - Stopping IPC Server listener on 15072
2023-06-29 22:14:25,222 [IPC Server Responder] INFO  ipc.Server (Server.java:run(1567)) - Stopping IPC Server Responder
2023-06-29 22:14:25,249 [SCM Heartbeat Processing Thread - 0] WARN  node.NodeStateManager (NodeStateManager.java:scheduleNextHealthCheck(874)) - Current Thread is interrupted, shutting down HB processing thread for Node Manager.
2023-06-29 22:14:25,250 [main] INFO  server.StorageContainerManager (StorageContainerManager.java:stop(1620)) - Stopping block service RPC server
2023-06-29 22:14:25,250 [main] INFO  server.SCMBlockProtocolServer (SCMBlockProtocolServer.java:stop(161)) - Stopping the RPC server for Block Protocol
2023-06-29 22:14:25,250 [main] INFO  ipc.Server (Server.java:stop(3523)) - Stopping server on 15071
2023-06-29 22:14:25,252 [IPC Server Responder] INFO  ipc.Server (Server.java:run(1567)) - Stopping IPC Server Responder
2023-06-29 22:14:25,252 [IPC Server listener on 15071] INFO  ipc.Server (Server.java:run(1434)) - Stopping IPC Server listener on 15071
2023-06-29 22:14:25,252 [main] INFO  server.StorageContainerManager (StorageContainerManager.java:stop(1627)) - Stopping the StorageContainerLocationProtocol RPC server
2023-06-29 22:14:25,252 [main] INFO  server.SCMClientProtocolServer (SCMClientProtocolServer.java:stop(209)) - Stopping the RPC server for Client Protocol
2023-06-29 22:14:25,252 [main] INFO  ipc.Server (Server.java:stop(3523)) - Stopping server on 15070
2023-06-29 22:14:25,254 [IPC Server Responder] INFO  ipc.Server (Server.java:run(1567)) - Stopping IPC Server Responder
2023-06-29 22:14:25,254 [main] INFO  server.StorageContainerManager (StorageContainerManager.java:stop(1634)) - Stopping Storage Container Manager HTTP server.
2023-06-29 22:14:25,254 [IPC Server listener on 15070] INFO  ipc.Server (Server.java:run(1434)) - Stopping IPC Server listener on 15070
2023-06-29 22:14:25,255 [main] INFO  handler.ContextHandler (ContextHandler.java:doStop(1159)) - Stopped o.e.j.w.WebAppContext@549b3958{scm,/,null,STOPPED}{file:/home/runner/work/ozone/ozone/hadoop-ozone/integration-test/target/test-classes/webapps/scm}
2023-06-29 22:14:25,255 [main] INFO  server.AbstractConnector (AbstractConnector.java:doStop(383)) - Stopped ServerConnector@31c79508{HTTP/1.1, (http/1.1)}{0.0.0.0:15073}
2023-06-29 22:14:25,256 [main] INFO  server.session (HouseKeeper.java:stopScavenging(149)) - node0 Stopped scavenging
2023-06-29 22:14:25,256 [main] INFO  handler.ContextHandler (ContextHandler.java:doStop(1159)) - Stopped o.e.j.s.ServletContextHandler@5e4b90cf{static,/static,file:///home/runner/work/ozone/ozone/hadoop-ozone/integration-test/target/test-classes/webapps/static,STOPPED}
2023-06-29 22:14:25,256 [main] INFO  handler.ContextHandler (ContextHandler.java:doStop(1159)) - Stopped o.e.j.s.ServletContextHandler@134f3ef3{logs,/logs,file:///home/runner/work/ozone/ozone/hadoop-ozone/integration-test/target/log,STOPPED}
2023-06-29 22:14:25,257 [main] INFO  server.StorageContainerManager (StorageContainerManager.java:stop(1642)) - Stopping SCM LayoutVersionManager Service.
2023-06-29 22:14:25,257 [main] INFO  server.StorageContainerManager (StorageContainerManager.java:stop(1654)) - Stopping Block Manager Service.
2023-06-29 22:14:25,257 [main] INFO  utils.BackgroundService (BackgroundService.java:shutdown(141)) - Shutting down service SCMBlockDeletingService
2023-06-29 22:14:25,257 [main] INFO  utils.BackgroundService (BackgroundService.java:shutdown(141)) - Shutting down service SCMBlockDeletingService
2023-06-29 22:14:25,257 [main] INFO  server.StorageContainerManager (StorageContainerManager.java:stop(1674)) - Stopping SCM Event Queue.
2023-06-29 22:14:25,258 [JvmPauseMonitor10] INFO  util.JvmPauseMonitor (JvmPauseMonitor.java:run(109)) - JvmPauseMonitor-8a6ab163-5f1c-4775-ab8b-030a8b0ce4ac: Stopped
2023-06-29 22:14:25,258 [main] INFO  server.StorageContainerManager (StorageContainerManager.java:stop(1685)) - Stopping SCM HA services.
2023-06-29 22:14:25,259 [main] INFO  pipeline.BackgroundPipelineCreator (BackgroundPipelineCreator.java:stop(149)) - Stopping RatisPipelineUtilsThread.
2023-06-29 22:14:25,259 [RatisPipelineUtilsThread - 0] WARN  pipeline.BackgroundPipelineCreator (BackgroundPipelineCreator.java:run(180)) - RatisPipelineUtilsThread is interrupted.
2023-06-29 22:14:25,259 [main] INFO  BackgroundPipelineScrubber (BackgroundSCMService.java:stop(131)) - Stopping BackgroundPipelineScrubber Service.
2023-06-29 22:14:25,259 [BackgroundPipelineScrubberThread] WARN  BackgroundPipelineScrubber (BackgroundSCMService.java:run(115)) - BackgroundPipelineScrubber is interrupted, exit
2023-06-29 22:14:25,259 [main] INFO  impl.MetricsSystemImpl (MetricsSystemImpl.java:stop(210)) - Stopping HddsDatanode metrics system...
2023-06-29 22:14:25,264 [prometheus] INFO  impl.MetricsSinkAdapter (MetricsSinkAdapter.java:publishMetricsFromQueue(141)) - prometheus thread interrupted.
2023-06-29 22:14:25,264 [main] INFO  impl.MetricsSystemImpl (MetricsSystemImpl.java:stop(216)) - HddsDatanode metrics system stopped.
2023-06-29 22:14:25,264 [main] WARN  pipeline.BackgroundPipelineCreator (BackgroundPipelineCreator.java:stop(145)) - RatisPipelineUtilsThread is not running, just ignore.
2023-06-29 22:14:25,264 [main] INFO  BackgroundPipelineScrubber (BackgroundSCMService.java:stop(126)) - BackgroundPipelineScrubber Service is not running, skip stop.
2023-06-29 22:14:25,265 [main] INFO  ExpiredContainerReplicaOpScrubber (BackgroundSCMService.java:stop(131)) - Stopping ExpiredContainerReplicaOpScrubber Service.
2023-06-29 22:14:25,265 [ExpiredContainerReplicaOpScrubberThread] WARN  ExpiredContainerReplicaOpScrubber (BackgroundSCMService.java:run(115)) - ExpiredContainerReplicaOpScrubber is interrupted, exit
2023-06-29 22:14:25,265 [main] INFO  utils.BackgroundService (BackgroundService.java:shutdown(141)) - Shutting down service SCMBlockDeletingService
2023-06-29 22:14:25,265 [main] INFO  replication.ReplicationManager (ReplicationManager.java:stop(329)) - Replication Monitor Thread is not running.
2023-06-29 22:14:25,265 [main] WARN  balancer.ContainerBalancer (ContainerBalancer.java:stop(326)) - Cannot stop Container Balancer because it's not running or stopping
2023-06-29 22:14:25,265 [Lease Manager-LeaseManager#LeaseMonitor] WARN  lease.LeaseManager (LeaseManager.java:run(272)) - Lease manager is interrupted. Shutting down...
java.lang.InterruptedException
	at java.util.concurrent.locks.AbstractQueuedSynchronizer.doAcquireSharedNanos(AbstractQueuedSynchronizer.java:1039)
	at java.util.concurrent.locks.AbstractQueuedSynchronizer.tryAcquireSharedNanos(AbstractQueuedSynchronizer.java:1328)
	at java.util.concurrent.Semaphore.tryAcquire(Semaphore.java:409)
	at org.apache.hadoop.ozone.lease.LeaseManager$LeaseMonitor.run(LeaseManager.java:270)
	at java.lang.Thread.run(Thread.java:750)
2023-06-29 22:14:25,265 [main] INFO  server.StorageContainerManager (StorageContainerManager.java:stop(1720)) - Stopping SCM MetadataStore.
]]></system-out>
  </testcase>
</testsuite>