<?xml version="1.0" encoding="UTF-8"?>
<testsuite xmlns:xsi="http://www.w3.org/2001/XMLSchema-instance" xsi:noNamespaceSchemaLocation="https://maven.apache.org/surefire/maven-surefire-plugin/xsd/surefire-test-report.xsd" name="org.apache.hadoop.fs.s3a.ITestS3AContractGetFileStatusV1List" time="9.925" tests="20" errors="1" skipped="0" failures="0">
  <properties>
    <property name="awt.toolkit" value="sun.awt.X11.XToolkit"/>
    <property name="java.specification.version" value="11"/>
    <property name="sun.cpu.isalist" value=""/>
    <property name="sun.jnu.encoding" value="UTF-8"/>
    <property name="java.class.path" value="/home/runner/work/ozone/ozone/target/hadoop-src/target/test-classes:/home/runner/work/ozone/ozone/target/hadoop-src/target/classes:/home/runner/.m2/repository/org/apache/hadoop/hadoop-common/3.4.1/hadoop-common-3.4.1.jar:/home/runner/.m2/repository/org/apache/hadoop/thirdparty/hadoop-shaded-protobuf_3_25/1.3.0/hadoop-shaded-protobuf_3_25-1.3.0.jar:/home/runner/.m2/repository/org/apache/hadoop/hadoop-annotations/3.4.1/hadoop-annotations-3.4.1.jar:/home/runner/.m2/repository/org/apache/hadoop/thirdparty/hadoop-shaded-guava/1.3.0/hadoop-shaded-guava-1.3.0.jar:/home/runner/.m2/repository/com/google/guava/guava/27.0-jre/guava-27.0-jre.jar:/home/runner/.m2/repository/com/google/guava/failureaccess/1.0/failureaccess-1.0.jar:/home/runner/.m2/repository/com/google/guava/listenablefuture/9999.0-empty-to-avoid-conflict-with-guava/listenablefuture-9999.0-empty-to-avoid-conflict-with-guava.jar:/home/runner/.m2/repository/org/checkerframework/checker-qual/2.5.2/checker-qual-2.5.2.jar:/home/runner/.m2/repository/com/google/j2objc/j2objc-annotations/1.1/j2objc-annotations-1.1.jar:/home/runner/.m2/repository/org/codehaus/mojo/animal-sniffer-annotations/1.17/animal-sniffer-annotations-1.17.jar:/home/runner/.m2/repository/commons-cli/commons-cli/1.5.0/commons-cli-1.5.0.jar:/home/runner/.m2/repository/org/apache/commons/commons-math3/3.6.1/commons-math3-3.6.1.jar:/home/runner/.m2/repository/org/apache/httpcomponents/httpclient/4.5.13/httpclient-4.5.13.jar:/home/runner/.m2/repository/org/apache/httpcomponents/httpcore/4.4.13/httpcore-4.4.13.jar:/home/runner/.m2/repository/commons-logging/commons-logging/1.2/commons-logging-1.2.jar:/home/runner/.m2/repository/commons-codec/commons-codec/1.15/commons-codec-1.15.jar:/home/runner/.m2/repository/commons-io/commons-io/2.16.1/commons-io-2.16.1.jar:/home/runner/.m2/repository/commons-net/commons-net/3.9.0/commons-net-3.9.0.jar:/home/runner/.m2/repository/commons-collections/commons-collections/3.2.2/commons-collections-3.2.2.jar:/home/runner/.m2/repository/javax/servlet/javax.servlet-api/3.1.0/javax.servlet-api-3.1.0.jar:/home/runner/.m2/repository/jakarta/activation/jakarta.activation-api/1.2.1/jakarta.activation-api-1.2.1.jar:/home/runner/.m2/repository/org/eclipse/jetty/jetty-server/9.4.53.v20231009/jetty-server-9.4.53.v20231009.jar:/home/runner/.m2/repository/org/eclipse/jetty/jetty-http/9.4.53.v20231009/jetty-http-9.4.53.v20231009.jar:/home/runner/.m2/repository/org/eclipse/jetty/jetty-io/9.4.53.v20231009/jetty-io-9.4.53.v20231009.jar:/home/runner/.m2/repository/org/eclipse/jetty/jetty-util/9.4.53.v20231009/jetty-util-9.4.53.v20231009.jar:/home/runner/.m2/repository/org/eclipse/jetty/jetty-servlet/9.4.53.v20231009/jetty-servlet-9.4.53.v20231009.jar:/home/runner/.m2/repository/org/eclipse/jetty/jetty-security/9.4.53.v20231009/jetty-security-9.4.53.v20231009.jar:/home/runner/.m2/repository/org/eclipse/jetty/jetty-webapp/9.4.53.v20231009/jetty-webapp-9.4.53.v20231009.jar:/home/runner/.m2/repository/org/eclipse/jetty/jetty-xml/9.4.53.v20231009/jetty-xml-9.4.53.v20231009.jar:/home/runner/.m2/repository/javax/servlet/jsp/jsp-api/2.1/jsp-api-2.1.jar:/home/runner/.m2/repository/com/sun/jersey/jersey-core/1.19.4/jersey-core-1.19.4.jar:/home/runner/.m2/repository/javax/ws/rs/jsr311-api/1.1.1/jsr311-api-1.1.1.jar:/home/runner/.m2/repository/com/sun/jersey/jersey-servlet/1.19.4/jersey-servlet-1.19.4.jar:/home/runner/.m2/repository/com/github/pjfanning/jersey-json/1.22.0/jersey-json-1.22.0.jar:/home/runner/.m2/repository/com/sun/xml/bind/jaxb-impl/2.2.3-1/jaxb-impl-2.2.3-1.jar:/home/runner/.m2/repository/org/codehaus/jettison/jettison/1.5.4/jettison-1.5.4.jar:/home/runner/.m2/repository/com/sun/jersey/jersey-server/1.19.4/jersey-server-1.19.4.jar:/home/runner/.m2/repository/ch/qos/reload4j/reload4j/1.2.22/reload4j-1.2.22.jar:/home/runner/.m2/repository/commons-beanutils/commons-beanutils/1.9.4/commons-beanutils-1.9.4.jar:/home/runner/.m2/repository/org/apache/commons/commons-configuration2/2.10.1/commons-configuration2-2.10.1.jar:/home/runner/.m2/repository/org/apache/commons/commons-lang3/3.12.0/commons-lang3-3.12.0.jar:/home/runner/.m2/repository/org/apache/commons/commons-text/1.10.0/commons-text-1.10.0.jar:/home/runner/.m2/repository/org/slf4j/slf4j-api/1.7.36/slf4j-api-1.7.36.jar:/home/runner/.m2/repository/org/apache/avro/avro/1.9.2/avro-1.9.2.jar:/home/runner/.m2/repository/com/fasterxml/jackson/core/jackson-core/2.12.7/jackson-core-2.12.7.jar:/home/runner/.m2/repository/com/google/re2j/re2j/1.1/re2j-1.1.jar:/home/runner/.m2/repository/com/google/code/gson/gson/2.9.0/gson-2.9.0.jar:/home/runner/.m2/repository/org/apache/hadoop/hadoop-auth/3.4.1/hadoop-auth-3.4.1.jar:/home/runner/.m2/repository/com/nimbusds/nimbus-jose-jwt/9.37.2/nimbus-jose-jwt-9.37.2.jar:/home/runner/.m2/repository/com/github/stephenc/jcip/jcip-annotations/1.0-1/jcip-annotations-1.0-1.jar:/home/runner/.m2/repository/org/apache/curator/curator-framework/5.2.0/curator-framework-5.2.0.jar:/home/runner/.m2/repository/org/apache/kerby/kerb-util/2.0.3/kerb-util-2.0.3.jar:/home/runner/.m2/repository/org/apache/kerby/kerby-config/2.0.3/kerby-config-2.0.3.jar:/home/runner/.m2/repository/org/apache/kerby/kerb-crypto/2.0.3/kerb-crypto-2.0.3.jar:/home/runner/.m2/repository/com/jcraft/jsch/0.1.55/jsch-0.1.55.jar:/home/runner/.m2/repository/org/apache/curator/curator-client/5.2.0/curator-client-5.2.0.jar:/home/runner/.m2/repository/org/apache/curator/curator-recipes/5.2.0/curator-recipes-5.2.0.jar:/home/runner/.m2/repository/com/google/code/findbugs/jsr305/3.0.2/jsr305-3.0.2.jar:/home/runner/.m2/repository/org/apache/zookeeper/zookeeper/3.8.4/zookeeper-3.8.4.jar:/home/runner/.m2/repository/org/apache/zookeeper/zookeeper-jute/3.8.4/zookeeper-jute-3.8.4.jar:/home/runner/.m2/repository/org/apache/yetus/audience-annotations/0.12.0/audience-annotations-0.12.0.jar:/home/runner/.m2/repository/io/netty/netty-handler/4.1.100.Final/netty-handler-4.1.100.Final.jar:/home/runner/.m2/repository/io/netty/netty-common/4.1.100.Final/netty-common-4.1.100.Final.jar:/home/runner/.m2/repository/io/netty/netty-resolver/4.1.100.Final/netty-resolver-4.1.100.Final.jar:/home/runner/.m2/repository/io/netty/netty-buffer/4.1.100.Final/netty-buffer-4.1.100.Final.jar:/home/runner/.m2/repository/io/netty/netty-transport/4.1.100.Final/netty-transport-4.1.100.Final.jar:/home/runner/.m2/repository/io/netty/netty-transport-native-unix-common/4.1.100.Final/netty-transport-native-unix-common-4.1.100.Final.jar:/home/runner/.m2/repository/io/netty/netty-codec/4.1.100.Final/netty-codec-4.1.100.Final.jar:/home/runner/.m2/repository/io/netty/netty-transport-native-epoll/4.1.100.Final/netty-transport-native-epoll-4.1.100.Final.jar:/home/runner/.m2/repository/io/netty/netty-transport-classes-epoll/4.1.100.Final/netty-transport-classes-epoll-4.1.100.Final.jar:/home/runner/.m2/repository/io/dropwizard/metrics/metrics-core/3.2.4/metrics-core-3.2.4.jar:/home/runner/.m2/repository/org/apache/commons/commons-compress/1.26.1/commons-compress-1.26.1.jar:/home/runner/.m2/repository/org/apache/kerby/kerb-core/2.0.3/kerb-core-2.0.3.jar:/home/runner/.m2/repository/org/apache/kerby/kerby-pkix/2.0.3/kerby-pkix-2.0.3.jar:/home/runner/.m2/repository/org/apache/kerby/kerby-asn1/2.0.3/kerby-asn1-2.0.3.jar:/home/runner/.m2/repository/org/apache/kerby/kerby-util/2.0.3/kerby-util-2.0.3.jar:/home/runner/.m2/repository/com/fasterxml/jackson/core/jackson-databind/2.12.7.1/jackson-databind-2.12.7.1.jar:/home/runner/.m2/repository/com/fasterxml/jackson/core/jackson-annotations/2.12.7/jackson-annotations-2.12.7.jar:/home/runner/.m2/repository/org/codehaus/woodstox/stax2-api/4.2.1/stax2-api-4.2.1.jar:/home/runner/.m2/repository/com/fasterxml/woodstox/woodstox-core/5.4.0/woodstox-core-5.4.0.jar:/home/runner/.m2/repository/dnsjava/dnsjava/3.6.1/dnsjava-3.6.1.jar:/home/runner/.m2/repository/org/xerial/snappy/snappy-java/1.1.10.4/snappy-java-1.1.10.4.jar:/home/runner/.m2/repository/org/apache/hadoop/hadoop-common/3.4.1/hadoop-common-3.4.1-tests.jar:/home/runner/.m2/repository/org/slf4j/slf4j-reload4j/1.7.36/slf4j-reload4j-1.7.36.jar:/home/runner/.m2/repository/com/amazonaws/aws-java-sdk-core/1.12.720/aws-java-sdk-core-1.12.720.jar:/home/runner/.m2/repository/software/amazon/awssdk/bundle/2.24.6/bundle-2.24.6.jar:/home/runner/.m2/repository/org/assertj/assertj-core/3.12.2/assertj-core-3.12.2.jar:/home/runner/.m2/repository/org/wildfly/openssl/wildfly-openssl/1.1.3.Final/wildfly-openssl-1.1.3.Final.jar:/home/runner/.m2/repository/junit/junit/4.13.2/junit-4.13.2.jar:/home/runner/.m2/repository/org/hamcrest/hamcrest-core/1.3/hamcrest-core-1.3.jar:/home/runner/.m2/repository/org/mockito/mockito-core/2.28.2/mockito-core-2.28.2.jar:/home/runner/.m2/repository/net/bytebuddy/byte-buddy/1.9.10/byte-buddy-1.9.10.jar:/home/runner/.m2/repository/net/bytebuddy/byte-buddy-agent/1.9.10/byte-buddy-agent-1.9.10.jar:/home/runner/.m2/repository/org/objenesis/objenesis/2.6/objenesis-2.6.jar:/home/runner/.m2/repository/org/apache/hadoop/hadoop-mapreduce-client-core/3.4.1/hadoop-mapreduce-client-core-3.4.1.jar:/home/runner/.m2/repository/org/apache/hadoop/hadoop-yarn-client/3.4.1/hadoop-yarn-client-3.4.1.jar:/home/runner/.m2/repository/org/eclipse/jetty/websocket/websocket-client/9.4.53.v20231009/websocket-client-9.4.53.v20231009.jar:/home/runner/.m2/repository/org/eclipse/jetty/jetty-client/9.4.53.v20231009/jetty-client-9.4.53.v20231009.jar:/home/runner/.m2/repository/org/eclipse/jetty/websocket/websocket-common/9.4.53.v20231009/websocket-common-9.4.53.v20231009.jar:/home/runner/.m2/repository/org/eclipse/jetty/websocket/websocket-api/9.4.53.v20231009/websocket-api-9.4.53.v20231009.jar:/home/runner/.m2/repository/org/jline/jline/3.9.0/jline-3.9.0.jar:/home/runner/.m2/repository/org/apache/hadoop/hadoop-yarn-common/3.4.1/hadoop-yarn-common-3.4.1.jar:/home/runner/.m2/repository/javax/xml/bind/jaxb-api/2.2.11/jaxb-api-2.2.11.jar:/home/runner/.m2/repository/com/sun/jersey/jersey-client/1.19.4/jersey-client-1.19.4.jar:/home/runner/.m2/repository/com/google/inject/guice/4.2.3/guice-4.2.3.jar:/home/runner/.m2/repository/javax/inject/javax.inject/1/javax.inject-1.jar:/home/runner/.m2/repository/aopalliance/aopalliance/1.0/aopalliance-1.0.jar:/home/runner/.m2/repository/com/sun/jersey/contribs/jersey-guice/1.19.4/jersey-guice-1.19.4.jar:/home/runner/.m2/repository/com/fasterxml/jackson/module/jackson-module-jaxb-annotations/2.12.7/jackson-module-jaxb-annotations-2.12.7.jar:/home/runner/.m2/repository/jakarta/xml/bind/jakarta.xml.bind-api/2.3.2/jakarta.xml.bind-api-2.3.2.jar:/home/runner/.m2/repository/com/fasterxml/jackson/jaxrs/jackson-jaxrs-json-provider/2.12.7/jackson-jaxrs-json-provider-2.12.7.jar:/home/runner/.m2/repository/com/fasterxml/jackson/jaxrs/jackson-jaxrs-base/2.12.7/jackson-jaxrs-base-2.12.7.jar:/home/runner/.m2/repository/org/apache/hadoop/hadoop-hdfs-client/3.4.1/hadoop-hdfs-client-3.4.1.jar:/home/runner/.m2/repository/com/google/inject/extensions/guice-servlet/4.2.3/guice-servlet-4.2.3.jar:/home/runner/.m2/repository/io/netty/netty-all/4.1.100.Final/netty-all-4.1.100.Final.jar:/home/runner/.m2/repository/io/netty/netty-codec-dns/4.1.100.Final/netty-codec-dns-4.1.100.Final.jar:/home/runner/.m2/repository/io/netty/netty-codec-haproxy/4.1.100.Final/netty-codec-haproxy-4.1.100.Final.jar:/home/runner/.m2/repository/io/netty/netty-codec-http/4.1.100.Final/netty-codec-http-4.1.100.Final.jar:/home/runner/.m2/repository/io/netty/netty-codec-http2/4.1.100.Final/netty-codec-http2-4.1.100.Final.jar:/home/runner/.m2/repository/io/netty/netty-codec-memcache/4.1.100.Final/netty-codec-memcache-4.1.100.Final.jar:/home/runner/.m2/repository/io/netty/netty-codec-mqtt/4.1.100.Final/netty-codec-mqtt-4.1.100.Final.jar:/home/runner/.m2/repository/io/netty/netty-codec-redis/4.1.100.Final/netty-codec-redis-4.1.100.Final.jar:/home/runner/.m2/repository/io/netty/netty-codec-smtp/4.1.100.Final/netty-codec-smtp-4.1.100.Final.jar:/home/runner/.m2/repository/io/netty/netty-codec-socks/4.1.100.Final/netty-codec-socks-4.1.100.Final.jar:/home/runner/.m2/repository/io/netty/netty-codec-stomp/4.1.100.Final/netty-codec-stomp-4.1.100.Final.jar:/home/runner/.m2/repository/io/netty/netty-codec-xml/4.1.100.Final/netty-codec-xml-4.1.100.Final.jar:/home/runner/.m2/repository/io/netty/netty-handler-proxy/4.1.100.Final/netty-handler-proxy-4.1.100.Final.jar:/home/runner/.m2/repository/io/netty/netty-handler-ssl-ocsp/4.1.100.Final/netty-handler-ssl-ocsp-4.1.100.Final.jar:/home/runner/.m2/repository/io/netty/netty-resolver-dns/4.1.100.Final/netty-resolver-dns-4.1.100.Final.jar:/home/runner/.m2/repository/io/netty/netty-transport-rxtx/4.1.100.Final/netty-transport-rxtx-4.1.100.Final.jar:/home/runner/.m2/repository/io/netty/netty-transport-sctp/4.1.100.Final/netty-transport-sctp-4.1.100.Final.jar:/home/runner/.m2/repository/io/netty/netty-transport-udt/4.1.100.Final/netty-transport-udt-4.1.100.Final.jar:/home/runner/.m2/repository/io/netty/netty-transport-classes-kqueue/4.1.100.Final/netty-transport-classes-kqueue-4.1.100.Final.jar:/home/runner/.m2/repository/io/netty/netty-resolver-dns-classes-macos/4.1.100.Final/netty-resolver-dns-classes-macos-4.1.100.Final.jar:/home/runner/.m2/repository/io/netty/netty-transport-native-epoll/4.1.100.Final/netty-transport-native-epoll-4.1.100.Final-linux-x86_64.jar:/home/runner/.m2/repository/io/netty/netty-transport-native-epoll/4.1.100.Final/netty-transport-native-epoll-4.1.100.Final-linux-aarch_64.jar:/home/runner/.m2/repository/io/netty/netty-transport-native-kqueue/4.1.100.Final/netty-transport-native-kqueue-4.1.100.Final-osx-x86_64.jar:/home/runner/.m2/repository/io/netty/netty-transport-native-kqueue/4.1.100.Final/netty-transport-native-kqueue-4.1.100.Final-osx-aarch_64.jar:/home/runner/.m2/repository/io/netty/netty-resolver-dns-native-macos/4.1.100.Final/netty-resolver-dns-native-macos-4.1.100.Final-osx-x86_64.jar:/home/runner/.m2/repository/io/netty/netty-resolver-dns-native-macos/4.1.100.Final/netty-resolver-dns-native-macos-4.1.100.Final-osx-aarch_64.jar:/home/runner/.m2/repository/org/apache/hadoop/hadoop-yarn-server-tests/3.4.1/hadoop-yarn-server-tests-3.4.1-tests.jar:/home/runner/.m2/repository/org/apache/hadoop/hadoop-yarn-server-common/3.4.1/hadoop-yarn-server-common-3.4.1.jar:/home/runner/.m2/repository/org/apache/hadoop/hadoop-registry/3.4.1/hadoop-registry-3.4.1.jar:/home/runner/.m2/repository/javax/cache/cache-api/1.1.1/cache-api-1.1.1.jar:/home/runner/.m2/repository/org/ehcache/ehcache/3.8.2/ehcache-3.8.2.jar:/home/runner/.m2/repository/org/glassfish/jaxb/jaxb-runtime/2.3.1/jaxb-runtime-2.3.1.jar:/home/runner/.m2/repository/org/glassfish/jaxb/txw2/2.3.1/txw2-2.3.1.jar:/home/runner/.m2/repository/com/sun/istack/istack-commons-runtime/3.0.7/istack-commons-runtime-3.0.7.jar:/home/runner/.m2/repository/org/jvnet/staxex/stax-ex/1.8/stax-ex-1.8.jar:/home/runner/.m2/repository/com/sun/xml/fastinfoset/FastInfoset/1.2.15/FastInfoset-1.2.15.jar:/home/runner/.m2/repository/javax/activation/javax.activation-api/1.2.0/javax.activation-api-1.2.0.jar:/home/runner/.m2/repository/com/zaxxer/HikariCP/4.0.3/HikariCP-4.0.3.jar:/home/runner/.m2/repository/com/microsoft/sqlserver/mssql-jdbc/6.2.1.jre7/mssql-jdbc-6.2.1.jre7.jar:/home/runner/.m2/repository/org/apache/hadoop/hadoop-yarn-server-nodemanager/3.4.1/hadoop-yarn-server-nodemanager-3.4.1.jar:/home/runner/.m2/repository/org/eclipse/jetty/websocket/javax-websocket-server-impl/9.4.53.v20231009/javax-websocket-server-impl-9.4.53.v20231009.jar:/home/runner/.m2/repository/org/eclipse/jetty/jetty-annotations/9.4.53.v20231009/jetty-annotations-9.4.53.v20231009.jar:/home/runner/.m2/repository/org/eclipse/jetty/jetty-plus/9.4.53.v20231009/jetty-plus-9.4.53.v20231009.jar:/home/runner/.m2/repository/org/eclipse/jetty/jetty-jndi/9.4.53.v20231009/jetty-jndi-9.4.53.v20231009.jar:/home/runner/.m2/repository/javax/annotation/javax.annotation-api/1.3.2/javax.annotation-api-1.3.2.jar:/home/runner/.m2/repository/org/ow2/asm/asm-commons/9.6/asm-commons-9.6.jar:/home/runner/.m2/repository/org/ow2/asm/asm-tree/9.6/asm-tree-9.6.jar:/home/runner/.m2/repository/org/eclipse/jetty/websocket/javax-websocket-client-impl/9.4.53.v20231009/javax-websocket-client-impl-9.4.53.v20231009.jar:/home/runner/.m2/repository/javax/websocket/javax.websocket-client-api/1.0/javax.websocket-client-api-1.0.jar:/home/runner/.m2/repository/org/eclipse/jetty/websocket/websocket-server/9.4.53.v20231009/websocket-server-9.4.53.v20231009.jar:/home/runner/.m2/repository/org/eclipse/jetty/websocket/websocket-servlet/9.4.53.v20231009/websocket-servlet-9.4.53.v20231009.jar:/home/runner/.m2/repository/javax/websocket/javax.websocket-api/1.0/javax.websocket-api-1.0.jar:/home/runner/.m2/repository/net/java/dev/jna/jna/5.2.0/jna-5.2.0.jar:/home/runner/.m2/repository/org/apache/hadoop/hadoop-yarn-server-resourcemanager/3.4.1/hadoop-yarn-server-resourcemanager-3.4.1.jar:/home/runner/.m2/repository/org/apache/hadoop/hadoop-yarn-server-applicationhistoryservice/3.4.1/hadoop-yarn-server-applicationhistoryservice-3.4.1.jar:/home/runner/.m2/repository/de/ruedigermoeller/fst/2.50/fst-2.50.jar:/home/runner/.m2/repository/org/jsonschema2pojo/jsonschema2pojo-core/1.0.2/jsonschema2pojo-core-1.0.2.jar:/home/runner/.m2/repository/com/sun/codemodel/codemodel/2.6/codemodel-2.6.jar:/home/runner/.m2/repository/commons-lang/commons-lang/2.6/commons-lang-2.6.jar:/home/runner/.m2/repository/org/apache/hadoop/hadoop-yarn-server-timelineservice/3.4.1/hadoop-yarn-server-timelineservice-3.4.1.jar:/home/runner/.m2/repository/org/apache/commons/commons-csv/1.9.0/commons-csv-1.9.0.jar:/home/runner/.m2/repository/org/apache/hadoop/hadoop-yarn-api/3.4.1/hadoop-yarn-api-3.4.1.jar:/home/runner/.m2/repository/org/apache/hadoop/hadoop-mapreduce-client-hs/3.4.1/hadoop-mapreduce-client-hs-3.4.1.jar:/home/runner/.m2/repository/org/apache/hadoop/hadoop-hdfs/3.4.1/hadoop-hdfs-3.4.1.jar:/home/runner/.m2/repository/org/apache/hadoop/hadoop-mapreduce-client-common/3.4.1/hadoop-mapreduce-client-common-3.4.1.jar:/home/runner/.m2/repository/org/fusesource/leveldbjni/leveldbjni-all/1.8/leveldbjni-all-1.8.jar:/home/runner/.m2/repository/org/apache/hadoop/hadoop-mapreduce-examples/3.4.1/hadoop-mapreduce-examples-3.4.1.jar:/home/runner/.m2/repository/org/apache/hadoop/hadoop-hdfs/3.4.1/hadoop-hdfs-3.4.1-tests.jar:/home/runner/.m2/repository/org/eclipse/jetty/jetty-util-ajax/9.4.53.v20231009/jetty-util-ajax-9.4.53.v20231009.jar:/home/runner/.m2/repository/commons-daemon/commons-daemon/1.0.13/commons-daemon-1.0.13.jar:/home/runner/.m2/repository/org/apache/hadoop/hadoop-distcp/3.4.1/hadoop-distcp-3.4.1.jar:/home/runner/.m2/repository/org/apache/hadoop/hadoop-distcp/3.4.1/hadoop-distcp-3.4.1-tests.jar:/home/runner/.m2/repository/org/apache/hadoop/hadoop-mapreduce-client-app/3.4.1/hadoop-mapreduce-client-app-3.4.1.jar:/home/runner/.m2/repository/org/apache/hadoop/hadoop-yarn-server-web-proxy/3.4.1/hadoop-yarn-server-web-proxy-3.4.1.jar:/home/runner/.m2/repository/org/apache/hadoop/hadoop-mapreduce-client-shuffle/3.4.1/hadoop-mapreduce-client-shuffle-3.4.1.jar:/home/runner/.m2/repository/org/apache/hadoop/hadoop-mapreduce-client-app/3.4.1/hadoop-mapreduce-client-app-3.4.1-tests.jar:/home/runner/.m2/repository/org/apache/hadoop/hadoop-mapreduce-client-jobclient/3.4.1/hadoop-mapreduce-client-jobclient-3.4.1.jar:/home/runner/.m2/repository/org/apache/hadoop/hadoop-mapreduce-client-jobclient/3.4.1/hadoop-mapreduce-client-jobclient-3.4.1-tests.jar:/home/runner/.m2/repository/org/apache/hadoop/hadoop-minikdc/3.4.1/hadoop-minikdc-3.4.1.jar:/home/runner/.m2/repository/org/apache/kerby/kerb-simplekdc/2.0.3/kerb-simplekdc-2.0.3.jar:/home/runner/.m2/repository/org/apache/kerby/kerb-client/2.0.3/kerb-client-2.0.3.jar:/home/runner/.m2/repository/org/apache/kerby/kerb-common/2.0.3/kerb-common-2.0.3.jar:/home/runner/.m2/repository/org/apache/kerby/token-provider/2.0.3/token-provider-2.0.3.jar:/home/runner/.m2/repository/org/apache/kerby/kerb-admin/2.0.3/kerb-admin-2.0.3.jar:/home/runner/.m2/repository/org/apache/kerby/kerb-server/2.0.3/kerb-server-2.0.3.jar:/home/runner/.m2/repository/org/apache/kerby/kerb-identity/2.0.3/kerb-identity-2.0.3.jar:/home/runner/.m2/repository/org/apache/kerby/kerby-xdr/2.0.3/kerby-xdr-2.0.3.jar:/home/runner/.m2/repository/org/hamcrest/hamcrest-library/1.3/hamcrest-library-1.3.jar:/home/runner/.m2/repository/org/bouncycastle/bcprov-jdk18on/1.78.1/bcprov-jdk18on-1.78.1.jar:/home/runner/.m2/repository/org/bouncycastle/bcpkix-jdk18on/1.78.1/bcpkix-jdk18on-1.78.1.jar:/home/runner/.m2/repository/org/bouncycastle/bcutil-jdk18on/1.78.1/bcutil-jdk18on-1.78.1.jar:/home/runner/work/ozone/ozone/target/hadoop-src/target/gradle-enterprise/test-listeners.jar:"/>
    <property name="java.vm.vendor" value="Eclipse Adoptium"/>
    <property name="sun.arch.data.model" value="64"/>
    <property name="test.build.dir" value="/home/runner/work/ozone/ozone/target/hadoop-src/target/test-dir"/>
    <property name="test.cache.data" value=""/>
    <property name="java.vendor.url" value="https://adoptium.net/"/>
    <property name="user.timezone" value=""/>
    <property name="java.vm.specification.version" value="11"/>
    <property name="os.name" value="Linux"/>
    <property name="test.build.data" value="/home/runner/work/ozone/ozone/target/hadoop-src/target/test-dir"/>
    <property name="sun.java.launcher" value="SUN_STANDARD"/>
    <property name="sun.boot.library.path" value="/usr/lib/jvm/temurin-11-jdk-amd64/lib"/>
    <property name="sun.java.command" value="/home/runner/work/ozone/ozone/target/hadoop-src/target/surefire/surefirebooter2559046879561603544.jar /home/runner/work/ozone/ozone/target/hadoop-src/target/surefire 2025-09-10T15-22-57_368-jvmRun1 surefire12934608319649352351tmp surefire_0936960022736817489tmp"/>
    <property name="jdk.debug" value="release"/>
    <property name="test" value="ITestS3AContract*, ITestS3ACommitterMRJob, !ITestS3AContractBulkDelete, !ITestS3AContractCreate#testOverwrite*EmptyDirectory[*], !ITestS3AContractDistCp, !ITestS3AContractMkdirWithCreatePerf, !ITestS3AContractRename"/>
    <property name="surefire.test.class.path" value="/home/runner/work/ozone/ozone/target/hadoop-src/target/test-classes:/home/runner/work/ozone/ozone/target/hadoop-src/target/classes:/home/runner/.m2/repository/org/apache/hadoop/hadoop-common/3.4.1/hadoop-common-3.4.1.jar:/home/runner/.m2/repository/org/apache/hadoop/thirdparty/hadoop-shaded-protobuf_3_25/1.3.0/hadoop-shaded-protobuf_3_25-1.3.0.jar:/home/runner/.m2/repository/org/apache/hadoop/hadoop-annotations/3.4.1/hadoop-annotations-3.4.1.jar:/home/runner/.m2/repository/org/apache/hadoop/thirdparty/hadoop-shaded-guava/1.3.0/hadoop-shaded-guava-1.3.0.jar:/home/runner/.m2/repository/com/google/guava/guava/27.0-jre/guava-27.0-jre.jar:/home/runner/.m2/repository/com/google/guava/failureaccess/1.0/failureaccess-1.0.jar:/home/runner/.m2/repository/com/google/guava/listenablefuture/9999.0-empty-to-avoid-conflict-with-guava/listenablefuture-9999.0-empty-to-avoid-conflict-with-guava.jar:/home/runner/.m2/repository/org/checkerframework/checker-qual/2.5.2/checker-qual-2.5.2.jar:/home/runner/.m2/repository/com/google/j2objc/j2objc-annotations/1.1/j2objc-annotations-1.1.jar:/home/runner/.m2/repository/org/codehaus/mojo/animal-sniffer-annotations/1.17/animal-sniffer-annotations-1.17.jar:/home/runner/.m2/repository/commons-cli/commons-cli/1.5.0/commons-cli-1.5.0.jar:/home/runner/.m2/repository/org/apache/commons/commons-math3/3.6.1/commons-math3-3.6.1.jar:/home/runner/.m2/repository/org/apache/httpcomponents/httpclient/4.5.13/httpclient-4.5.13.jar:/home/runner/.m2/repository/org/apache/httpcomponents/httpcore/4.4.13/httpcore-4.4.13.jar:/home/runner/.m2/repository/commons-logging/commons-logging/1.2/commons-logging-1.2.jar:/home/runner/.m2/repository/commons-codec/commons-codec/1.15/commons-codec-1.15.jar:/home/runner/.m2/repository/commons-io/commons-io/2.16.1/commons-io-2.16.1.jar:/home/runner/.m2/repository/commons-net/commons-net/3.9.0/commons-net-3.9.0.jar:/home/runner/.m2/repository/commons-collections/commons-collections/3.2.2/commons-collections-3.2.2.jar:/home/runner/.m2/repository/javax/servlet/javax.servlet-api/3.1.0/javax.servlet-api-3.1.0.jar:/home/runner/.m2/repository/jakarta/activation/jakarta.activation-api/1.2.1/jakarta.activation-api-1.2.1.jar:/home/runner/.m2/repository/org/eclipse/jetty/jetty-server/9.4.53.v20231009/jetty-server-9.4.53.v20231009.jar:/home/runner/.m2/repository/org/eclipse/jetty/jetty-http/9.4.53.v20231009/jetty-http-9.4.53.v20231009.jar:/home/runner/.m2/repository/org/eclipse/jetty/jetty-io/9.4.53.v20231009/jetty-io-9.4.53.v20231009.jar:/home/runner/.m2/repository/org/eclipse/jetty/jetty-util/9.4.53.v20231009/jetty-util-9.4.53.v20231009.jar:/home/runner/.m2/repository/org/eclipse/jetty/jetty-servlet/9.4.53.v20231009/jetty-servlet-9.4.53.v20231009.jar:/home/runner/.m2/repository/org/eclipse/jetty/jetty-security/9.4.53.v20231009/jetty-security-9.4.53.v20231009.jar:/home/runner/.m2/repository/org/eclipse/jetty/jetty-webapp/9.4.53.v20231009/jetty-webapp-9.4.53.v20231009.jar:/home/runner/.m2/repository/org/eclipse/jetty/jetty-xml/9.4.53.v20231009/jetty-xml-9.4.53.v20231009.jar:/home/runner/.m2/repository/javax/servlet/jsp/jsp-api/2.1/jsp-api-2.1.jar:/home/runner/.m2/repository/com/sun/jersey/jersey-core/1.19.4/jersey-core-1.19.4.jar:/home/runner/.m2/repository/javax/ws/rs/jsr311-api/1.1.1/jsr311-api-1.1.1.jar:/home/runner/.m2/repository/com/sun/jersey/jersey-servlet/1.19.4/jersey-servlet-1.19.4.jar:/home/runner/.m2/repository/com/github/pjfanning/jersey-json/1.22.0/jersey-json-1.22.0.jar:/home/runner/.m2/repository/com/sun/xml/bind/jaxb-impl/2.2.3-1/jaxb-impl-2.2.3-1.jar:/home/runner/.m2/repository/org/codehaus/jettison/jettison/1.5.4/jettison-1.5.4.jar:/home/runner/.m2/repository/com/sun/jersey/jersey-server/1.19.4/jersey-server-1.19.4.jar:/home/runner/.m2/repository/ch/qos/reload4j/reload4j/1.2.22/reload4j-1.2.22.jar:/home/runner/.m2/repository/commons-beanutils/commons-beanutils/1.9.4/commons-beanutils-1.9.4.jar:/home/runner/.m2/repository/org/apache/commons/commons-configuration2/2.10.1/commons-configuration2-2.10.1.jar:/home/runner/.m2/repository/org/apache/commons/commons-lang3/3.12.0/commons-lang3-3.12.0.jar:/home/runner/.m2/repository/org/apache/commons/commons-text/1.10.0/commons-text-1.10.0.jar:/home/runner/.m2/repository/org/slf4j/slf4j-api/1.7.36/slf4j-api-1.7.36.jar:/home/runner/.m2/repository/org/apache/avro/avro/1.9.2/avro-1.9.2.jar:/home/runner/.m2/repository/com/fasterxml/jackson/core/jackson-core/2.12.7/jackson-core-2.12.7.jar:/home/runner/.m2/repository/com/google/re2j/re2j/1.1/re2j-1.1.jar:/home/runner/.m2/repository/com/google/code/gson/gson/2.9.0/gson-2.9.0.jar:/home/runner/.m2/repository/org/apache/hadoop/hadoop-auth/3.4.1/hadoop-auth-3.4.1.jar:/home/runner/.m2/repository/com/nimbusds/nimbus-jose-jwt/9.37.2/nimbus-jose-jwt-9.37.2.jar:/home/runner/.m2/repository/com/github/stephenc/jcip/jcip-annotations/1.0-1/jcip-annotations-1.0-1.jar:/home/runner/.m2/repository/org/apache/curator/curator-framework/5.2.0/curator-framework-5.2.0.jar:/home/runner/.m2/repository/org/apache/kerby/kerb-util/2.0.3/kerb-util-2.0.3.jar:/home/runner/.m2/repository/org/apache/kerby/kerby-config/2.0.3/kerby-config-2.0.3.jar:/home/runner/.m2/repository/org/apache/kerby/kerb-crypto/2.0.3/kerb-crypto-2.0.3.jar:/home/runner/.m2/repository/com/jcraft/jsch/0.1.55/jsch-0.1.55.jar:/home/runner/.m2/repository/org/apache/curator/curator-client/5.2.0/curator-client-5.2.0.jar:/home/runner/.m2/repository/org/apache/curator/curator-recipes/5.2.0/curator-recipes-5.2.0.jar:/home/runner/.m2/repository/com/google/code/findbugs/jsr305/3.0.2/jsr305-3.0.2.jar:/home/runner/.m2/repository/org/apache/zookeeper/zookeeper/3.8.4/zookeeper-3.8.4.jar:/home/runner/.m2/repository/org/apache/zookeeper/zookeeper-jute/3.8.4/zookeeper-jute-3.8.4.jar:/home/runner/.m2/repository/org/apache/yetus/audience-annotations/0.12.0/audience-annotations-0.12.0.jar:/home/runner/.m2/repository/io/netty/netty-handler/4.1.100.Final/netty-handler-4.1.100.Final.jar:/home/runner/.m2/repository/io/netty/netty-common/4.1.100.Final/netty-common-4.1.100.Final.jar:/home/runner/.m2/repository/io/netty/netty-resolver/4.1.100.Final/netty-resolver-4.1.100.Final.jar:/home/runner/.m2/repository/io/netty/netty-buffer/4.1.100.Final/netty-buffer-4.1.100.Final.jar:/home/runner/.m2/repository/io/netty/netty-transport/4.1.100.Final/netty-transport-4.1.100.Final.jar:/home/runner/.m2/repository/io/netty/netty-transport-native-unix-common/4.1.100.Final/netty-transport-native-unix-common-4.1.100.Final.jar:/home/runner/.m2/repository/io/netty/netty-codec/4.1.100.Final/netty-codec-4.1.100.Final.jar:/home/runner/.m2/repository/io/netty/netty-transport-native-epoll/4.1.100.Final/netty-transport-native-epoll-4.1.100.Final.jar:/home/runner/.m2/repository/io/netty/netty-transport-classes-epoll/4.1.100.Final/netty-transport-classes-epoll-4.1.100.Final.jar:/home/runner/.m2/repository/io/dropwizard/metrics/metrics-core/3.2.4/metrics-core-3.2.4.jar:/home/runner/.m2/repository/org/apache/commons/commons-compress/1.26.1/commons-compress-1.26.1.jar:/home/runner/.m2/repository/org/apache/kerby/kerb-core/2.0.3/kerb-core-2.0.3.jar:/home/runner/.m2/repository/org/apache/kerby/kerby-pkix/2.0.3/kerby-pkix-2.0.3.jar:/home/runner/.m2/repository/org/apache/kerby/kerby-asn1/2.0.3/kerby-asn1-2.0.3.jar:/home/runner/.m2/repository/org/apache/kerby/kerby-util/2.0.3/kerby-util-2.0.3.jar:/home/runner/.m2/repository/com/fasterxml/jackson/core/jackson-databind/2.12.7.1/jackson-databind-2.12.7.1.jar:/home/runner/.m2/repository/com/fasterxml/jackson/core/jackson-annotations/2.12.7/jackson-annotations-2.12.7.jar:/home/runner/.m2/repository/org/codehaus/woodstox/stax2-api/4.2.1/stax2-api-4.2.1.jar:/home/runner/.m2/repository/com/fasterxml/woodstox/woodstox-core/5.4.0/woodstox-core-5.4.0.jar:/home/runner/.m2/repository/dnsjava/dnsjava/3.6.1/dnsjava-3.6.1.jar:/home/runner/.m2/repository/org/xerial/snappy/snappy-java/1.1.10.4/snappy-java-1.1.10.4.jar:/home/runner/.m2/repository/org/apache/hadoop/hadoop-common/3.4.1/hadoop-common-3.4.1-tests.jar:/home/runner/.m2/repository/org/slf4j/slf4j-reload4j/1.7.36/slf4j-reload4j-1.7.36.jar:/home/runner/.m2/repository/com/amazonaws/aws-java-sdk-core/1.12.720/aws-java-sdk-core-1.12.720.jar:/home/runner/.m2/repository/software/amazon/awssdk/bundle/2.24.6/bundle-2.24.6.jar:/home/runner/.m2/repository/org/assertj/assertj-core/3.12.2/assertj-core-3.12.2.jar:/home/runner/.m2/repository/org/wildfly/openssl/wildfly-openssl/1.1.3.Final/wildfly-openssl-1.1.3.Final.jar:/home/runner/.m2/repository/junit/junit/4.13.2/junit-4.13.2.jar:/home/runner/.m2/repository/org/hamcrest/hamcrest-core/1.3/hamcrest-core-1.3.jar:/home/runner/.m2/repository/org/mockito/mockito-core/2.28.2/mockito-core-2.28.2.jar:/home/runner/.m2/repository/net/bytebuddy/byte-buddy/1.9.10/byte-buddy-1.9.10.jar:/home/runner/.m2/repository/net/bytebuddy/byte-buddy-agent/1.9.10/byte-buddy-agent-1.9.10.jar:/home/runner/.m2/repository/org/objenesis/objenesis/2.6/objenesis-2.6.jar:/home/runner/.m2/repository/org/apache/hadoop/hadoop-mapreduce-client-core/3.4.1/hadoop-mapreduce-client-core-3.4.1.jar:/home/runner/.m2/repository/org/apache/hadoop/hadoop-yarn-client/3.4.1/hadoop-yarn-client-3.4.1.jar:/home/runner/.m2/repository/org/eclipse/jetty/websocket/websocket-client/9.4.53.v20231009/websocket-client-9.4.53.v20231009.jar:/home/runner/.m2/repository/org/eclipse/jetty/jetty-client/9.4.53.v20231009/jetty-client-9.4.53.v20231009.jar:/home/runner/.m2/repository/org/eclipse/jetty/websocket/websocket-common/9.4.53.v20231009/websocket-common-9.4.53.v20231009.jar:/home/runner/.m2/repository/org/eclipse/jetty/websocket/websocket-api/9.4.53.v20231009/websocket-api-9.4.53.v20231009.jar:/home/runner/.m2/repository/org/jline/jline/3.9.0/jline-3.9.0.jar:/home/runner/.m2/repository/org/apache/hadoop/hadoop-yarn-common/3.4.1/hadoop-yarn-common-3.4.1.jar:/home/runner/.m2/repository/javax/xml/bind/jaxb-api/2.2.11/jaxb-api-2.2.11.jar:/home/runner/.m2/repository/com/sun/jersey/jersey-client/1.19.4/jersey-client-1.19.4.jar:/home/runner/.m2/repository/com/google/inject/guice/4.2.3/guice-4.2.3.jar:/home/runner/.m2/repository/javax/inject/javax.inject/1/javax.inject-1.jar:/home/runner/.m2/repository/aopalliance/aopalliance/1.0/aopalliance-1.0.jar:/home/runner/.m2/repository/com/sun/jersey/contribs/jersey-guice/1.19.4/jersey-guice-1.19.4.jar:/home/runner/.m2/repository/com/fasterxml/jackson/module/jackson-module-jaxb-annotations/2.12.7/jackson-module-jaxb-annotations-2.12.7.jar:/home/runner/.m2/repository/jakarta/xml/bind/jakarta.xml.bind-api/2.3.2/jakarta.xml.bind-api-2.3.2.jar:/home/runner/.m2/repository/com/fasterxml/jackson/jaxrs/jackson-jaxrs-json-provider/2.12.7/jackson-jaxrs-json-provider-2.12.7.jar:/home/runner/.m2/repository/com/fasterxml/jackson/jaxrs/jackson-jaxrs-base/2.12.7/jackson-jaxrs-base-2.12.7.jar:/home/runner/.m2/repository/org/apache/hadoop/hadoop-hdfs-client/3.4.1/hadoop-hdfs-client-3.4.1.jar:/home/runner/.m2/repository/com/google/inject/extensions/guice-servlet/4.2.3/guice-servlet-4.2.3.jar:/home/runner/.m2/repository/io/netty/netty-all/4.1.100.Final/netty-all-4.1.100.Final.jar:/home/runner/.m2/repository/io/netty/netty-codec-dns/4.1.100.Final/netty-codec-dns-4.1.100.Final.jar:/home/runner/.m2/repository/io/netty/netty-codec-haproxy/4.1.100.Final/netty-codec-haproxy-4.1.100.Final.jar:/home/runner/.m2/repository/io/netty/netty-codec-http/4.1.100.Final/netty-codec-http-4.1.100.Final.jar:/home/runner/.m2/repository/io/netty/netty-codec-http2/4.1.100.Final/netty-codec-http2-4.1.100.Final.jar:/home/runner/.m2/repository/io/netty/netty-codec-memcache/4.1.100.Final/netty-codec-memcache-4.1.100.Final.jar:/home/runner/.m2/repository/io/netty/netty-codec-mqtt/4.1.100.Final/netty-codec-mqtt-4.1.100.Final.jar:/home/runner/.m2/repository/io/netty/netty-codec-redis/4.1.100.Final/netty-codec-redis-4.1.100.Final.jar:/home/runner/.m2/repository/io/netty/netty-codec-smtp/4.1.100.Final/netty-codec-smtp-4.1.100.Final.jar:/home/runner/.m2/repository/io/netty/netty-codec-socks/4.1.100.Final/netty-codec-socks-4.1.100.Final.jar:/home/runner/.m2/repository/io/netty/netty-codec-stomp/4.1.100.Final/netty-codec-stomp-4.1.100.Final.jar:/home/runner/.m2/repository/io/netty/netty-codec-xml/4.1.100.Final/netty-codec-xml-4.1.100.Final.jar:/home/runner/.m2/repository/io/netty/netty-handler-proxy/4.1.100.Final/netty-handler-proxy-4.1.100.Final.jar:/home/runner/.m2/repository/io/netty/netty-handler-ssl-ocsp/4.1.100.Final/netty-handler-ssl-ocsp-4.1.100.Final.jar:/home/runner/.m2/repository/io/netty/netty-resolver-dns/4.1.100.Final/netty-resolver-dns-4.1.100.Final.jar:/home/runner/.m2/repository/io/netty/netty-transport-rxtx/4.1.100.Final/netty-transport-rxtx-4.1.100.Final.jar:/home/runner/.m2/repository/io/netty/netty-transport-sctp/4.1.100.Final/netty-transport-sctp-4.1.100.Final.jar:/home/runner/.m2/repository/io/netty/netty-transport-udt/4.1.100.Final/netty-transport-udt-4.1.100.Final.jar:/home/runner/.m2/repository/io/netty/netty-transport-classes-kqueue/4.1.100.Final/netty-transport-classes-kqueue-4.1.100.Final.jar:/home/runner/.m2/repository/io/netty/netty-resolver-dns-classes-macos/4.1.100.Final/netty-resolver-dns-classes-macos-4.1.100.Final.jar:/home/runner/.m2/repository/io/netty/netty-transport-native-epoll/4.1.100.Final/netty-transport-native-epoll-4.1.100.Final-linux-x86_64.jar:/home/runner/.m2/repository/io/netty/netty-transport-native-epoll/4.1.100.Final/netty-transport-native-epoll-4.1.100.Final-linux-aarch_64.jar:/home/runner/.m2/repository/io/netty/netty-transport-native-kqueue/4.1.100.Final/netty-transport-native-kqueue-4.1.100.Final-osx-x86_64.jar:/home/runner/.m2/repository/io/netty/netty-transport-native-kqueue/4.1.100.Final/netty-transport-native-kqueue-4.1.100.Final-osx-aarch_64.jar:/home/runner/.m2/repository/io/netty/netty-resolver-dns-native-macos/4.1.100.Final/netty-resolver-dns-native-macos-4.1.100.Final-osx-x86_64.jar:/home/runner/.m2/repository/io/netty/netty-resolver-dns-native-macos/4.1.100.Final/netty-resolver-dns-native-macos-4.1.100.Final-osx-aarch_64.jar:/home/runner/.m2/repository/org/apache/hadoop/hadoop-yarn-server-tests/3.4.1/hadoop-yarn-server-tests-3.4.1-tests.jar:/home/runner/.m2/repository/org/apache/hadoop/hadoop-yarn-server-common/3.4.1/hadoop-yarn-server-common-3.4.1.jar:/home/runner/.m2/repository/org/apache/hadoop/hadoop-registry/3.4.1/hadoop-registry-3.4.1.jar:/home/runner/.m2/repository/javax/cache/cache-api/1.1.1/cache-api-1.1.1.jar:/home/runner/.m2/repository/org/ehcache/ehcache/3.8.2/ehcache-3.8.2.jar:/home/runner/.m2/repository/org/glassfish/jaxb/jaxb-runtime/2.3.1/jaxb-runtime-2.3.1.jar:/home/runner/.m2/repository/org/glassfish/jaxb/txw2/2.3.1/txw2-2.3.1.jar:/home/runner/.m2/repository/com/sun/istack/istack-commons-runtime/3.0.7/istack-commons-runtime-3.0.7.jar:/home/runner/.m2/repository/org/jvnet/staxex/stax-ex/1.8/stax-ex-1.8.jar:/home/runner/.m2/repository/com/sun/xml/fastinfoset/FastInfoset/1.2.15/FastInfoset-1.2.15.jar:/home/runner/.m2/repository/javax/activation/javax.activation-api/1.2.0/javax.activation-api-1.2.0.jar:/home/runner/.m2/repository/com/zaxxer/HikariCP/4.0.3/HikariCP-4.0.3.jar:/home/runner/.m2/repository/com/microsoft/sqlserver/mssql-jdbc/6.2.1.jre7/mssql-jdbc-6.2.1.jre7.jar:/home/runner/.m2/repository/org/apache/hadoop/hadoop-yarn-server-nodemanager/3.4.1/hadoop-yarn-server-nodemanager-3.4.1.jar:/home/runner/.m2/repository/org/eclipse/jetty/websocket/javax-websocket-server-impl/9.4.53.v20231009/javax-websocket-server-impl-9.4.53.v20231009.jar:/home/runner/.m2/repository/org/eclipse/jetty/jetty-annotations/9.4.53.v20231009/jetty-annotations-9.4.53.v20231009.jar:/home/runner/.m2/repository/org/eclipse/jetty/jetty-plus/9.4.53.v20231009/jetty-plus-9.4.53.v20231009.jar:/home/runner/.m2/repository/org/eclipse/jetty/jetty-jndi/9.4.53.v20231009/jetty-jndi-9.4.53.v20231009.jar:/home/runner/.m2/repository/javax/annotation/javax.annotation-api/1.3.2/javax.annotation-api-1.3.2.jar:/home/runner/.m2/repository/org/ow2/asm/asm-commons/9.6/asm-commons-9.6.jar:/home/runner/.m2/repository/org/ow2/asm/asm-tree/9.6/asm-tree-9.6.jar:/home/runner/.m2/repository/org/eclipse/jetty/websocket/javax-websocket-client-impl/9.4.53.v20231009/javax-websocket-client-impl-9.4.53.v20231009.jar:/home/runner/.m2/repository/javax/websocket/javax.websocket-client-api/1.0/javax.websocket-client-api-1.0.jar:/home/runner/.m2/repository/org/eclipse/jetty/websocket/websocket-server/9.4.53.v20231009/websocket-server-9.4.53.v20231009.jar:/home/runner/.m2/repository/org/eclipse/jetty/websocket/websocket-servlet/9.4.53.v20231009/websocket-servlet-9.4.53.v20231009.jar:/home/runner/.m2/repository/javax/websocket/javax.websocket-api/1.0/javax.websocket-api-1.0.jar:/home/runner/.m2/repository/net/java/dev/jna/jna/5.2.0/jna-5.2.0.jar:/home/runner/.m2/repository/org/apache/hadoop/hadoop-yarn-server-resourcemanager/3.4.1/hadoop-yarn-server-resourcemanager-3.4.1.jar:/home/runner/.m2/repository/org/apache/hadoop/hadoop-yarn-server-applicationhistoryservice/3.4.1/hadoop-yarn-server-applicationhistoryservice-3.4.1.jar:/home/runner/.m2/repository/de/ruedigermoeller/fst/2.50/fst-2.50.jar:/home/runner/.m2/repository/org/jsonschema2pojo/jsonschema2pojo-core/1.0.2/jsonschema2pojo-core-1.0.2.jar:/home/runner/.m2/repository/com/sun/codemodel/codemodel/2.6/codemodel-2.6.jar:/home/runner/.m2/repository/commons-lang/commons-lang/2.6/commons-lang-2.6.jar:/home/runner/.m2/repository/org/apache/hadoop/hadoop-yarn-server-timelineservice/3.4.1/hadoop-yarn-server-timelineservice-3.4.1.jar:/home/runner/.m2/repository/org/apache/commons/commons-csv/1.9.0/commons-csv-1.9.0.jar:/home/runner/.m2/repository/org/apache/hadoop/hadoop-yarn-api/3.4.1/hadoop-yarn-api-3.4.1.jar:/home/runner/.m2/repository/org/apache/hadoop/hadoop-mapreduce-client-hs/3.4.1/hadoop-mapreduce-client-hs-3.4.1.jar:/home/runner/.m2/repository/org/apache/hadoop/hadoop-hdfs/3.4.1/hadoop-hdfs-3.4.1.jar:/home/runner/.m2/repository/org/apache/hadoop/hadoop-mapreduce-client-common/3.4.1/hadoop-mapreduce-client-common-3.4.1.jar:/home/runner/.m2/repository/org/fusesource/leveldbjni/leveldbjni-all/1.8/leveldbjni-all-1.8.jar:/home/runner/.m2/repository/org/apache/hadoop/hadoop-mapreduce-examples/3.4.1/hadoop-mapreduce-examples-3.4.1.jar:/home/runner/.m2/repository/org/apache/hadoop/hadoop-hdfs/3.4.1/hadoop-hdfs-3.4.1-tests.jar:/home/runner/.m2/repository/org/eclipse/jetty/jetty-util-ajax/9.4.53.v20231009/jetty-util-ajax-9.4.53.v20231009.jar:/home/runner/.m2/repository/commons-daemon/commons-daemon/1.0.13/commons-daemon-1.0.13.jar:/home/runner/.m2/repository/org/apache/hadoop/hadoop-distcp/3.4.1/hadoop-distcp-3.4.1.jar:/home/runner/.m2/repository/org/apache/hadoop/hadoop-distcp/3.4.1/hadoop-distcp-3.4.1-tests.jar:/home/runner/.m2/repository/org/apache/hadoop/hadoop-mapreduce-client-app/3.4.1/hadoop-mapreduce-client-app-3.4.1.jar:/home/runner/.m2/repository/org/apache/hadoop/hadoop-yarn-server-web-proxy/3.4.1/hadoop-yarn-server-web-proxy-3.4.1.jar:/home/runner/.m2/repository/org/apache/hadoop/hadoop-mapreduce-client-shuffle/3.4.1/hadoop-mapreduce-client-shuffle-3.4.1.jar:/home/runner/.m2/repository/org/apache/hadoop/hadoop-mapreduce-client-app/3.4.1/hadoop-mapreduce-client-app-3.4.1-tests.jar:/home/runner/.m2/repository/org/apache/hadoop/hadoop-mapreduce-client-jobclient/3.4.1/hadoop-mapreduce-client-jobclient-3.4.1.jar:/home/runner/.m2/repository/org/apache/hadoop/hadoop-mapreduce-client-jobclient/3.4.1/hadoop-mapreduce-client-jobclient-3.4.1-tests.jar:/home/runner/.m2/repository/org/apache/hadoop/hadoop-minikdc/3.4.1/hadoop-minikdc-3.4.1.jar:/home/runner/.m2/repository/org/apache/kerby/kerb-simplekdc/2.0.3/kerb-simplekdc-2.0.3.jar:/home/runner/.m2/repository/org/apache/kerby/kerb-client/2.0.3/kerb-client-2.0.3.jar:/home/runner/.m2/repository/org/apache/kerby/kerb-common/2.0.3/kerb-common-2.0.3.jar:/home/runner/.m2/repository/org/apache/kerby/token-provider/2.0.3/token-provider-2.0.3.jar:/home/runner/.m2/repository/org/apache/kerby/kerb-admin/2.0.3/kerb-admin-2.0.3.jar:/home/runner/.m2/repository/org/apache/kerby/kerb-server/2.0.3/kerb-server-2.0.3.jar:/home/runner/.m2/repository/org/apache/kerby/kerb-identity/2.0.3/kerb-identity-2.0.3.jar:/home/runner/.m2/repository/org/apache/kerby/kerby-xdr/2.0.3/kerby-xdr-2.0.3.jar:/home/runner/.m2/repository/org/hamcrest/hamcrest-library/1.3/hamcrest-library-1.3.jar:/home/runner/.m2/repository/org/bouncycastle/bcprov-jdk18on/1.78.1/bcprov-jdk18on-1.78.1.jar:/home/runner/.m2/repository/org/bouncycastle/bcpkix-jdk18on/1.78.1/bcpkix-jdk18on-1.78.1.jar:/home/runner/.m2/repository/org/bouncycastle/bcutil-jdk18on/1.78.1/bcutil-jdk18on-1.78.1.jar:/home/runner/work/ozone/ozone/target/hadoop-src/target/gradle-enterprise/test-listeners.jar:"/>
    <property name="sun.cpu.endian" value="little"/>
    <property name="user.home" value="/home/runner"/>
    <property name="user.language" value="en"/>
    <property name="java.specification.vendor" value="Oracle Corporation"/>
    <property name="java.version.date" value="2025-07-15"/>
    <property name="java.home" value="/usr/lib/jvm/temurin-11-jdk-amd64"/>
    <property name="java.security.krb5.conf" value="/home/runner/work/ozone/ozone/target/hadoop-src/target/test-classes/krb5.conf"/>
    <property name="file.separator" value="/"/>
    <property name="basedir" value="/home/runner/work/ozone/ozone/target/hadoop-src"/>
    <property name="java.vm.compressedOopsMode" value="32-bit"/>
    <property name="line.separator" value="&#10;"/>
    <property name="java.specification.name" value="Java Platform API Specification"/>
    <property name="java.vm.specification.vendor" value="Oracle Corporation"/>
    <property name="java.awt.graphicsenv" value="sun.awt.X11GraphicsEnvironment"/>
    <property name="surefire.real.class.path" value="/home/runner/work/ozone/ozone/target/hadoop-src/target/surefire/surefirebooter2559046879561603544.jar"/>
    <property name="hadoop.log.dir" value="/home/runner/work/ozone/ozone/target/hadoop-src/target/log"/>
    <property name="sun.management.compiler" value="HotSpot 64-Bit Tiered Compilers"/>
    <property name="java.runtime.version" value="11.0.28+6"/>
    <property name="user.name" value="runner"/>
    <property name="java.net.preferIPv4Stack" value="true"/>
    <property name="path.separator" value=":"/>
    <property name="java.security.egd" value="file:///dev/urandom"/>
    <property name="os.version" value="6.11.0-1018-azure"/>
    <property name="java.runtime.name" value="OpenJDK Runtime Environment"/>
    <property name="file.encoding" value="UTF-8"/>
    <property name="java.vm.name" value="OpenJDK 64-Bit Server VM"/>
    <property name="java.vendor.version" value="Temurin-11.0.28+6"/>
    <property name="test.build.webapps" value=""/>
    <property name="develocity.listener.surefire.forkId" value="1"/>
    <property name="localRepository" value="/home/runner/.m2/repository"/>
    <property name="java.vendor.url.bug" value="https://github.com/adoptium/adoptium-support/issues"/>
    <property name="java.io.tmpdir" value="/tmp"/>
    <property name="require.test.libhadoop" value=""/>
    <property name="java.version" value="11.0.28"/>
    <property name="user.dir" value="/home/runner/work/ozone/ozone/target/hadoop-src"/>
    <property name="os.arch" value="amd64"/>
    <property name="java.vm.specification.name" value="Java Virtual Machine Specification"/>
    <property name="test.build.classes" value="/home/runner/work/ozone/ozone/target/hadoop-src/target/test-classes"/>
    <property name="java.awt.printerjob" value="sun.print.PSPrinterJob"/>
    <property name="sun.os.patch.level" value="unknown"/>
    <property name="test.default.timeout" value="200000"/>
    <property name="hadoop.tmp.dir" value="/home/runner/work/ozone/ozone/target/hadoop-src/target/tmp"/>
    <property name="java.library.path" value="${env.LD_LIBRARY_PATH}:/home/runner/work/ozone/ozone/target/hadoop-src/target/native/target/usr/local/lib:/home/runner/work/ozone/ozone/target/hadoop-src/../../hadoop-common-project/hadoop-common/target/native/target/usr/local/lib:/usr/java/packages/lib:/usr/lib64:/lib64:/lib:/usr/lib"/>
    <property name="java.vm.info" value="mixed mode"/>
    <property name="java.vendor" value="Eclipse Adoptium"/>
    <property name="java.vm.version" value="11.0.28+6"/>
    <property name="java.specification.maintenance.version" value="3"/>
    <property name="sun.io.unicode.encoding" value="UnicodeLittle"/>
    <property name="develocity.listener.port" value="32965"/>
    <property name="java.class.version" value="55.0"/>
  </properties>
  <testcase name="testListFilesEmptyDirectoryNonrecursive" classname="org.apache.hadoop.fs.s3a.ITestS3AContractGetFileStatusV1List" time="2.402"/>
  <testcase name="testListStatusEmptyDirectory" classname="org.apache.hadoop.fs.s3a.ITestS3AContractGetFileStatusV1List" time="0.343"/>
  <testcase name="testListLocatedStatusFiltering" classname="org.apache.hadoop.fs.s3a.ITestS3AContractGetFileStatusV1List" time="0.949"/>
  <testcase name="testListStatusFilteredFile" classname="org.apache.hadoop.fs.s3a.ITestS3AContractGetFileStatusV1List" time="0.211"/>
  <testcase name="testListFilesEmptyDirectoryRecursive" classname="org.apache.hadoop.fs.s3a.ITestS3AContractGetFileStatusV1List" time="0.259"/>
  <testcase name="testListLocatedStatusFile" classname="org.apache.hadoop.fs.s3a.ITestS3AContractGetFileStatusV1List" time="0.183"/>
  <testcase name="testGetFileStatusRoot" classname="org.apache.hadoop.fs.s3a.ITestS3AContractGetFileStatusV1List" time="0.083"/>
  <testcase name="testListStatusFiltering" classname="org.apache.hadoop.fs.s3a.ITestS3AContractGetFileStatusV1List" time="0.453"/>
  <testcase name="testListFilesNoDir" classname="org.apache.hadoop.fs.s3a.ITestS3AContractGetFileStatusV1List" time="0.119"/>
  <testcase name="testListLocatedStatusEmptyDirectory" classname="org.apache.hadoop.fs.s3a.ITestS3AContractGetFileStatusV1List" time="0.214"/>
  <testcase name="testListFilesFile" classname="org.apache.hadoop.fs.s3a.ITestS3AContractGetFileStatusV1List" time="0.088">
    <error message="s3a://fso-bucket/test/listfilesfile: org.apache.hadoop.fs.s3a.audit.AuditFailureException: caec6b93-dc0f-4147-b227-30c28278d0b0-00000098 unaudited operation executing a request outside an audit span {object_list_request &apos;test/listfilesfile/&apos; size=2, mutating=false}" type="java.nio.file.AccessDeniedException">java.nio.file.AccessDeniedException: s3a://fso-bucket/test/listfilesfile: org.apache.hadoop.fs.s3a.audit.AuditFailureException: caec6b93-dc0f-4147-b227-30c28278d0b0-00000098 unaudited operation executing a request outside an audit span {object_list_request 'test/listfilesfile/' size=2, mutating=false}
	at org.apache.hadoop.fs.s3a.audit.AuditIntegration.translateAuditException(AuditIntegration.java:161)
	at org.apache.hadoop.fs.s3a.audit.AuditIntegration.maybeTranslateAuditException(AuditIntegration.java:175)
	at org.apache.hadoop.fs.s3a.S3AUtils.translateException(S3AUtils.java:199)
	at org.apache.hadoop.fs.s3a.S3AUtils.translateException(S3AUtils.java:156)
	at org.apache.hadoop.fs.s3a.S3AFileSystem.s3GetFileStatus(S3AFileSystem.java:4151)
	at org.apache.hadoop.fs.s3a.S3AFileSystem.innerGetFileStatus(S3AFileSystem.java:4007)
	at org.apache.hadoop.fs.s3a.S3AFileSystem.innerCreateFile(S3AFileSystem.java:2162)
	at org.apache.hadoop.fs.s3a.S3AFileSystem.lambda$create$5(S3AFileSystem.java:2116)
	at org.apache.hadoop.fs.statistics.impl.IOStatisticsBinding.invokeTrackingDuration(IOStatisticsBinding.java:547)
	at org.apache.hadoop.fs.statistics.impl.IOStatisticsBinding.lambda$trackDurationOfOperation$5(IOStatisticsBinding.java:528)
	at org.apache.hadoop.fs.statistics.impl.IOStatisticsBinding.trackDuration(IOStatisticsBinding.java:449)
	at org.apache.hadoop.fs.s3a.S3AFileSystem.trackDurationAndSpan(S3AFileSystem.java:2865)
	at org.apache.hadoop.fs.s3a.S3AFileSystem.trackDurationAndSpan(S3AFileSystem.java:2884)
	at org.apache.hadoop.fs.s3a.S3AFileSystem.create(S3AFileSystem.java:2115)
	at org.apache.hadoop.fs.FileSystem.create(FileSystem.java:1233)
	at org.apache.hadoop.fs.FileSystem.create(FileSystem.java:1210)
	at org.apache.hadoop.fs.FileSystem.create(FileSystem.java:1091)
	at org.apache.hadoop.fs.contract.ContractTestUtils.file(ContractTestUtils.java:671)
	at org.apache.hadoop.fs.contract.ContractTestUtils.createFile(ContractTestUtils.java:655)
	at org.apache.hadoop.fs.contract.ContractTestUtils.touch(ContractTestUtils.java:708)
	at org.apache.hadoop.fs.contract.AbstractContractGetFileStatusTest.touchf(AbstractContractGetFileStatusTest.java:466)
	at org.apache.hadoop.fs.contract.AbstractContractGetFileStatusTest.testListFilesFile(AbstractContractGetFileStatusTest.java:398)
	at java.base/jdk.internal.reflect.NativeMethodAccessorImpl.invoke0(Native Method)
	at java.base/jdk.internal.reflect.NativeMethodAccessorImpl.invoke(NativeMethodAccessorImpl.java:62)
	at java.base/jdk.internal.reflect.DelegatingMethodAccessorImpl.invoke(DelegatingMethodAccessorImpl.java:43)
	at java.base/java.lang.reflect.Method.invoke(Method.java:566)
	at org.junit.runners.model.FrameworkMethod$1.runReflectiveCall(FrameworkMethod.java:59)
	at org.junit.internal.runners.model.ReflectiveCallable.run(ReflectiveCallable.java:12)
	at org.junit.runners.model.FrameworkMethod.invokeExplosively(FrameworkMethod.java:56)
	at org.junit.internal.runners.statements.InvokeMethod.evaluate(InvokeMethod.java:17)
	at org.junit.internal.runners.statements.RunBefores.evaluate(RunBefores.java:26)
	at org.junit.internal.runners.statements.RunAfters.evaluate(RunAfters.java:27)
	at org.junit.rules.TestWatcher$1.evaluate(TestWatcher.java:61)
	at org.junit.internal.runners.statements.FailOnTimeout$CallableStatement.call(FailOnTimeout.java:299)
	at org.junit.internal.runners.statements.FailOnTimeout$CallableStatement.call(FailOnTimeout.java:293)
	at java.base/java.util.concurrent.FutureTask.run(FutureTask.java:264)
	at java.base/java.lang.Thread.run(Thread.java:829)
Caused by: org.apache.hadoop.fs.s3a.audit.AuditFailureException: caec6b93-dc0f-4147-b227-30c28278d0b0-00000098 unaudited operation executing a request outside an audit span {object_list_request 'test/listfilesfile/' size=2, mutating=false}
	at org.apache.hadoop.fs.s3a.audit.impl.LoggingAuditor$WarningSpan.beforeExecution(LoggingAuditor.java:546)
	at org.apache.hadoop.fs.s3a.audit.impl.ActiveAuditManagerS3A$WrappingAuditSpan.beforeExecution(ActiveAuditManagerS3A.java:821)
	at org.apache.hadoop.fs.s3a.audit.impl.ActiveAuditManagerS3A.beforeExecution(ActiveAuditManagerS3A.java:492)
	at software.amazon.awssdk.core.interceptor.ExecutionInterceptorChain.lambda$beforeExecution$1(ExecutionInterceptorChain.java:59)
	at java.base/java.util.ArrayList.forEach(ArrayList.java:1541)
	at software.amazon.awssdk.core.interceptor.ExecutionInterceptorChain.beforeExecution(ExecutionInterceptorChain.java:59)
	at software.amazon.awssdk.awscore.internal.AwsExecutionContextBuilder.runInitialInterceptors(AwsExecutionContextBuilder.java:239)
	at software.amazon.awssdk.awscore.internal.AwsExecutionContextBuilder.invokeInterceptorsAndCreateExecutionContext(AwsExecutionContextBuilder.java:130)
	at software.amazon.awssdk.awscore.client.handler.AwsSyncClientHandler.invokeInterceptorsAndCreateExecutionContext(AwsSyncClientHandler.java:67)
	at software.amazon.awssdk.core.internal.handler.BaseSyncClientHandler.lambda$execute$1(BaseSyncClientHandler.java:76)
	at software.amazon.awssdk.core.internal.handler.BaseSyncClientHandler.measureApiCallSuccess(BaseSyncClientHandler.java:182)
	at software.amazon.awssdk.core.internal.handler.BaseSyncClientHandler.execute(BaseSyncClientHandler.java:74)
	at software.amazon.awssdk.core.client.handler.SdkSyncClientHandler.execute(SdkSyncClientHandler.java:45)
	at software.amazon.awssdk.awscore.client.handler.AwsSyncClientHandler.execute(AwsSyncClientHandler.java:53)
	at software.amazon.awssdk.services.s3.DefaultS3Client.listObjects(DefaultS3Client.java:7185)
	at software.amazon.awssdk.services.s3.DelegatingS3Client.lambda$listObjects$62(DelegatingS3Client.java:5733)
	at software.amazon.awssdk.services.s3.internal.crossregion.S3CrossRegionSyncClient.invokeOperation(S3CrossRegionSyncClient.java:67)
	at software.amazon.awssdk.services.s3.DelegatingS3Client.listObjects(DelegatingS3Client.java:5733)
	at org.apache.hadoop.fs.s3a.S3AFileSystem.lambda$listObjects$13(S3AFileSystem.java:3118)
	at org.apache.hadoop.fs.statistics.impl.IOStatisticsBinding.invokeTrackingDuration(IOStatisticsBinding.java:547)
	at org.apache.hadoop.fs.statistics.impl.IOStatisticsBinding.lambda$trackDurationOfOperation$5(IOStatisticsBinding.java:528)
	at org.apache.hadoop.fs.s3a.Invoker.retryUntranslated(Invoker.java:468)
	at org.apache.hadoop.fs.s3a.Invoker.retryUntranslated(Invoker.java:431)
	at org.apache.hadoop.fs.s3a.S3AFileSystem.listObjects(S3AFileSystem.java:3111)
	at org.apache.hadoop.fs.s3a.S3AFileSystem.s3GetFileStatus(S3AFileSystem.java:4123)
	... 32 more
</error>
    <system-out><![CDATA[2025-09-10 15:23:03,945 [setup] DEBUG s3a.S3AFileSystem (S3AFileSystem.java:initializeClass(5765)) - Initialize S3A class
2025-09-10 15:23:03,946 [setup] DEBUG s3a.S3AFileSystem (S3AFileSystem.java:initialize(556)) - Initializing S3AFileSystem for fso-bucket
2025-09-10 15:23:03,946 [setup] DEBUG s3a.S3AUtils (S3AUtils.java:propagateBucketOptions(1104)) - Propagating entries under fs.s3a.bucket.fso-bucket.
2025-09-10 15:23:03,947 [setup] DEBUG s3a.S3AUtils (S3AUtils.java:maybeIsolateClassloader(1721)) - Configuration classloader set to S3AFileSystem classloader: jdk.internal.loader.ClassLoaders$AppClassLoader@5c29bfd
2025-09-10 15:23:03,949 [setup] DEBUG s3a.S3AUtils (S3AUtils.java:buildEncryptionSecrets(1507)) - Data is unencrypted
2025-09-10 15:23:03,949 [setup] DEBUG s3a.S3ARetryPolicy (S3ARetryPolicy.java:<init>(150)) - Retrying on recoverable AWS failures 3 times with an initial interval of 500ms
2025-09-10 15:23:03,949 [setup] DEBUG s3a.S3AFileSystem (S3AFileSystem.java:initialize(623)) - Client Side Encryption enabled: false
2025-09-10 15:23:03,949 [setup] DEBUG s3a.S3AUtils (S3AUtils.java:intOption(910)) - Value of fs.s3a.paging.maximum is 2
2025-09-10 15:23:03,949 [setup] DEBUG s3a.S3AUtils (S3AUtils.java:longBytesOption(953)) - Value of fs.s3a.block.size is 33554432
2025-09-10 15:23:03,949 [setup] DEBUG s3a.S3AUtils (S3AUtils.java:longBytesOption(953)) - Value of fs.s3a.prefetch.block.size is 8388608
2025-09-10 15:23:03,949 [setup] DEBUG s3a.S3AUtils (S3AUtils.java:intOption(910)) - Value of fs.s3a.prefetch.block.count is 8
2025-09-10 15:23:03,950 [setup] DEBUG s3a.S3AUtils (S3AUtils.java:intOption(910)) - Value of fs.s3a.max.total.tasks is 32
2025-09-10 15:23:03,950 [setup] DEBUG impl.ConfigurationHelper (ConfigurationHelper.java:getDuration(80)) - Duration of fs.s3a.threads.keepalivetime = PT1M
2025-09-10 15:23:03,950 [setup] DEBUG s3a.S3AUtils (S3AUtils.java:intOption(910)) - Value of fs.s3a.executor.capacity is 16
2025-09-10 15:23:03,950 [setup] DEBUG auth.SignerManager (SignerManager.java:initCustomSigners(68)) - No custom signers specified
2025-09-10 15:23:03,950 [setup] DEBUG audit.AuditIntegration (AuditIntegration.java:createAndInitAuditor(109)) - Auditor class is class org.apache.hadoop.fs.s3a.audit.impl.LoggingAuditor
2025-09-10 15:23:03,950 [setup] DEBUG impl.ActiveAuditManagerS3A (ActiveAuditManagerS3A.java:serviceInit(199)) - Audit manager initialized with audit service LoggingAuditor{ID='caec6b93-dc0f-4147-b227-30c28278d0b0', headerEnabled=true, rejectOutOfSpan=true, isMultipartUploadEnabled=true}
2025-09-10 15:23:03,951 [setup] DEBUG impl.ActiveAuditManagerS3A (ActiveAuditManagerS3A.java:serviceStart(212)) - Started audit service LoggingAuditor{ID='caec6b93-dc0f-4147-b227-30c28278d0b0', headerEnabled=true, rejectOutOfSpan=true, isMultipartUploadEnabled=true}
2025-09-10 15:23:03,951 [setup] DEBUG audit.AuditIntegration (AuditIntegration.java:createAndStartAuditManager(76)) - Started Audit Manager Service ActiveAuditManagerS3A in state ActiveAuditManagerS3A: STARTED, auditor=LoggingAuditor{ID='caec6b93-dc0f-4147-b227-30c28278d0b0', headerEnabled=true, rejectOutOfSpan=true, isMultipartUploadEnabled=true}}
2025-09-10 15:23:03,951 [setup] DEBUG s3a.S3AUtils (S3AUtils.java:longOption(931)) - Value of fs.s3a.internal.upload.part.count.limit is 10000
2025-09-10 15:23:03,951 [setup] DEBUG s3a.S3AFileSystem (S3AFileSystem.java:createRequestFactory(1279)) - Unset storage class property fs.s3a.create.storage.class; falling back to default storage class
2025-09-10 15:23:03,951 [setup] DEBUG impl.ConfigurationHelper (ConfigurationHelper.java:getDuration(80)) - Duration of fs.s3a.connection.part.upload.timeout = PT15M
2025-09-10 15:23:03,951 [setup] DEBUG auth.CredentialProviderListFactory (CredentialProviderListFactory.java:createAWSV2CredentialProvider(306)) - Credential provider class is org.apache.hadoop.fs.s3a.TemporaryAWSCredentialsProvider
2025-09-10 15:23:03,951 [setup] DEBUG auth.CredentialProviderListFactory (CredentialProviderListFactory.java:createAWSV2CredentialProvider(306)) - Credential provider class is org.apache.hadoop.fs.s3a.SimpleAWSCredentialsProvider
2025-09-10 15:23:03,952 [setup] DEBUG auth.CredentialProviderListFactory (CredentialProviderListFactory.java:createAWSV2CredentialProvider(306)) - Credential provider class is software.amazon.awssdk.auth.credentials.EnvironmentVariableCredentialsProvider
2025-09-10 15:23:03,952 [setup] DEBUG auth.CredentialProviderListFactory (CredentialProviderListFactory.java:createAWSV2CredentialProvider(306)) - Credential provider class is org.apache.hadoop.fs.s3a.auth.IAMInstanceCredentialsProvider
2025-09-10 15:23:03,952 [setup] DEBUG auth.CredentialProviderListFactory (CredentialProviderListFactory.java:createAWSCredentialProviderList(151)) - For URI s3a://fso-bucket/, using credentials AWSCredentialProviderList name=; refcount= 1; size=4: [TemporaryAWSCredentialsProvider, SimpleAWSCredentialsProvider{accessKey.empty=false, secretKey.empty=false}, EnvironmentVariableCredentialsProvider(), IAMInstanceCredentialsProvider{credentialsProvider=ContainerCredentialsProvider(), isContainerCredentialsProvider=true}]
2025-09-10 15:23:03,952 [setup] DEBUG s3a.S3AFileSystem (S3AFileSystem.java:createClientManager(1119)) - Using credential provider AWSCredentialProviderList name=; refcount= 1; size=4: [TemporaryAWSCredentialsProvider, SimpleAWSCredentialsProvider{accessKey.empty=false, secretKey.empty=false}, EnvironmentVariableCredentialsProvider(), IAMInstanceCredentialsProvider{credentialsProvider=ContainerCredentialsProvider(), isContainerCredentialsProvider=true}]
2025-09-10 15:23:03,952 [setup] DEBUG s3a.S3AFileSystem (S3AFileSystem.java:initialize(711)) - Input fadvise policy = default
2025-09-10 15:23:03,952 [setup] DEBUG s3a.S3AFileSystem (S3AFileSystem.java:initialize(713)) - Change detection policy = ETagChangeDetectionPolicy mode=Server
2025-09-10 15:23:03,952 [setup] DEBUG s3a.S3AFileSystem (S3AFileSystem.java:initialize(717)) - Filesystem support for magic committers is enabled
2025-09-10 15:23:03,953 [setup] DEBUG s3a.S3AUtils (S3AUtils.java:intOption(910)) - Value of fs.s3a.fast.upload.active.blocks is 4
2025-09-10 15:23:03,953 [setup] DEBUG s3a.S3AFileSystem (S3AFileSystem.java:initialize(736)) - Using S3ABlockOutputStream with buffer = disk; block=67108864; queue limit=4; multipart=true
2025-09-10 15:23:03,953 [setup] DEBUG s3a.S3AFileSystem (S3AFileSystem.java:initialize(759)) - fs.s3a.create.performance = false
2025-09-10 15:23:03,953 [setup] DEBUG impl.DirectoryPolicyImpl (DirectoryPolicyImpl.java:getDirectoryPolicy(189)) - Directory markers will be kept
2025-09-10 15:23:03,953 [setup] DEBUG s3a.S3AFileSystem (S3AFileSystem.java:initialize(765)) - Directory marker retention policy is DirectoryMarkerRetention{policy='keep'}
2025-09-10 15:23:03,953 [setup] DEBUG s3a.S3AUtils (S3AUtils.java:intOption(910)) - Value of fs.s3a.bulk.delete.page.size is 250
2025-09-10 15:23:03,953 [setup] DEBUG s3a.S3AUtils (S3AUtils.java:longBytesOption(953)) - Value of fs.s3a.readahead.range is 65536
2025-09-10 15:23:03,953 [setup] DEBUG s3a.S3AUtils (S3AUtils.java:intOption(910)) - Value of io.file.buffer.size is 4096
2025-09-10 15:23:03,953 [setup] DEBUG s3a.S3AUtils (S3AUtils.java:longBytesOption(953)) - Value of fs.s3a.input.async.drain.threshold is 16000
2025-09-10 15:23:03,953 [setup] DEBUG s3a.S3AUtils (S3AUtils.java:intOption(910)) - Value of fs.s3a.vectored.active.ranged.reads is 4
2025-09-10 15:23:03,953 [setup] DEBUG s3a.S3AUtils (S3AUtils.java:longBytesOption(953)) - Value of fs.s3a.vectored.read.min.seek.size is 4096
2025-09-10 15:23:03,953 [setup] DEBUG s3a.S3AUtils (S3AUtils.java:longBytesOption(953)) - Value of fs.s3a.vectored.read.max.merged.size is 1048576
2025-09-10 15:23:03,954 [setup] DEBUG s3a.S3AFileSystem (S3AFileSystem.java:initialize(788)) - Using optimized copyFromLocal implementation: true
2025-09-10 15:23:03,954 [setup] DEBUG s3a.S3AUtils (S3AUtils.java:intOption(910)) - Value of fs.s3a.io.rate.limit is 0
2025-09-10 15:23:03,954 [setup] DEBUG s3a.S3AUtils (S3AUtils.java:intOption(910)) - Value of fs.s3a.connection.maximum is 500
2025-09-10 15:23:03,954 [setup] DEBUG impl.ConfigurationHelper (ConfigurationHelper.java:getDuration(80)) - Duration of fs.s3a.connection.acquisition.timeout = PT1M
2025-09-10 15:23:03,954 [setup] DEBUG impl.ConfigurationHelper (ConfigurationHelper.java:getDuration(80)) - Duration of fs.s3a.connection.ttl = PT5M
2025-09-10 15:23:03,954 [setup] DEBUG impl.ConfigurationHelper (ConfigurationHelper.java:getDuration(80)) - Duration of fs.s3a.connection.establish.timeout = PT30S
2025-09-10 15:23:03,954 [setup] DEBUG impl.ConfigurationHelper (ConfigurationHelper.java:getDuration(80)) - Duration of fs.s3a.connection.idle.time = PT1M
2025-09-10 15:23:03,954 [setup] DEBUG impl.ConfigurationHelper (ConfigurationHelper.java:getDuration(80)) - Duration of fs.s3a.connection.timeout = PT3M20S
2025-09-10 15:23:03,954 [setup] DEBUG s3a.DefaultS3ClientFactory (DefaultS3ClientFactory.java:getS3RegionFromEndpoint(401)) - Endpoint http://localhost:9878 is not the default; parsing
2025-09-10 15:23:03,954 [setup] DEBUG s3a.DefaultS3ClientFactory (DefaultS3ClientFactory.java:configureEndpointAndRegion(321)) - Setting endpoint to http://localhost:9878
2025-09-10 15:23:03,954 [setup] DEBUG s3a.DefaultS3ClientFactory (DefaultS3ClientFactory.java:configureEndpointAndRegion(348)) - Setting region to us-east-2 from cross region access fallback
2025-09-10 15:23:03,954 [setup] DEBUG impl.ConfigurationHelper (ConfigurationHelper.java:getDuration(80)) - Duration of fs.s3a.connection.request.timeout = PT1M
2025-09-10 15:23:03,954 [setup] DEBUG impl.AWSClientConfig (AWSClientConfig.java:initUserAgent(377)) - Using User-Agent: Hadoop 3.4.1
2025-09-10 15:23:03,954 [setup] DEBUG s3a.S3AUtils (S3AUtils.java:intOption(910)) - Value of fs.s3a.attempts.maximum is 1
2025-09-10 15:23:03,956 [setup] DEBUG s3a.S3AFileSystem (S3AFileSystem.java:doBucketProbing(895)) - skipping check for bucket existence
2025-09-10 15:23:03,958 [setup] INFO  contract.AbstractFSContractTestBase (AbstractFSContractTestBase.java:setup(196)) - Test filesystem = s3a://fso-bucket implemented by S3AFileSystem{uri=s3a://fso-bucket, workingDir=s3a://fso-bucket/user/runner, partSize=67108864, enableMultiObjectsDelete=true, maxKeys=2, performanceFlags={}, OpenFileSupport{changePolicy=ETagChangeDetectionPolicy mode=Server, defaultReadAhead=65536, defaultBufferSize=4096, defaultAsyncDrainThreshold=16000, defaultInputPolicy=default}, blockSize=33554432, multiPartThreshold=134217728, s3EncryptionAlgorithm='NONE', blockFactory=org.apache.hadoop.fs.s3a.S3ADataBlocks$DiskBlockFactory@f5083b6, auditManager=Service ActiveAuditManagerS3A in state ActiveAuditManagerS3A: STARTED, auditor=LoggingAuditor{ID='caec6b93-dc0f-4147-b227-30c28278d0b0', headerEnabled=true, rejectOutOfSpan=true, isMultipartUploadEnabled=true}}, authoritativePath=[], useListV1=true, magicCommitter=true, boundedExecutor=BlockingThreadPoolExecutorService{SemaphoredDelegatingExecutor{permitCount=224, available=224, waiting=0}, activeCount=0}, unboundedExecutor=java.util.concurrent.ThreadPoolExecutor@6d340ca6[Running, pool size = 0, active threads = 0, queued tasks = 0, completed tasks = 0], credentials=AWSCredentialProviderList name=; refcount= 1; size=4: [TemporaryAWSCredentialsProvider, SimpleAWSCredentialsProvider{accessKey.empty=false, secretKey.empty=false}, EnvironmentVariableCredentialsProvider(), IAMInstanceCredentialsProvider{credentialsProvider=ContainerCredentialsProvider(), isContainerCredentialsProvider=true}], delegation tokens=disabled, DirectoryMarkerRetention{policy='keep'}, instrumentation {S3AInstrumentation{instanceIOStatistics=counters=((stream_write_queue_duration.failures=0) (action_http_get_request.failures=0) (committer_commits_created=0) (stream_write_block_uploads=0) (object_multipart_list=0) (stream_read_bytes=0) (filesystem_initialization.failures=0) (object_put_request=0) (store_client_creation.failures=0) (stream_read_remote_stream_aborted=0) (op_is_file.failures=0) (op_rename.failures=0) (op_mkdirs.failures=0) (committer_materialize_file.failures=0) (op_delete=0) (op_xattr_get_map=0) (stream_read_seek_bytes_skipped=0) (op_create=0) (op_abort=0) (op_xattr_get_map.failures=0) (http_response_500=0) (files_copied=0) (filesystem_initialization=1) (http_response_5XX=0) (op_get_delegation_token=0) (action_file_opened.failures=0) (stream_read_seek_backward_operations=0) (op_get_file_checksum=0) (stream_write_block_uploads_aborted=0) (object_multipart_initiated=0) (stream_read_seek_bytes_discarded=0) (files_deleted=0) (store_io_retry=0) (http_response_429=0) (committer_commits_reverted=0) (delegation_tokens_issued=0) (committer_magic_marker_put=0) (committer_stage_file_upload=0) (multipart_instantiated=0) (multipart_upload_part_put=0) (stream_read_closed=0) (op_createfile=0) (op_get_file_status.failures=0) (stream_evict_blocks_from_cache=0) (op_glob_status.failures=0) (store_exists_probe=0) (stream_read_total_bytes=0) (action_http_head_request.failures=0) (store_io_rate_limited_duration.failures=0) (op_list_located_status=0) (stream_write_bytes=0) (op_hflush=0) (object_list_request=0) (object_delete_objects=0) (stream_read_exceptions=0) (committer_magic_marker_put.failures=0) (object_metadata_request=0) (op_is_directory=0) (op_open=0) (stream_read_vectored_incoming_ranges=0) (stream_read_unbuffered=0) (multipart_upload_list.failures=0) (op_exists.failures=0) (object_put_request_completed=0) (store_io_request=0) (directories_deleted=0) (stream_read_operations=0) (op_xattr_list.failures=0) (object_list_request.failures=0) (committer_commits_completed=0) (stream_write_exceptions=0) (stream_read_operations_incomplete=0) (op_access.failures=0) (op_xattr_list=0) (object_multipart_aborted=0) (object_continue_list_request.failures=0) (committer_jobs_completed=0) (op_delete.failures=0) (stream_read_remote_stream_drain=0) (files_created=0) (op_copy_from_local_file=0) (committer_commit_job.failures=0) (files_delete_rejected=0) (op_xattr_get_named_map.failures=0) (stream_read_opened=0) (stream_read_bytes_discarded_in_abort=0) (op_list_files=0) (op_get_file_status=0) (committer_tasks_failed=0) (object_multipart_aborted.failures=0) (multipart_upload_abort_under_path_invoked=0) (stream_file_cache_eviction=0) (stream_read_remote_stream_aborted.failures=0) (stream_write_exceptions_completing_upload=0) (stream_read_seek_policy_changed=0) (op_list_files.failures=0) (store_exists_probe.failures=0) (object_delete_request.failures=0) (stream_read_close_operations=0) (action_http_head_request=0) (store_io_rate_limited_duration=0) (stream_read_seek_operations=0) (op_createfile.failures=0) (delegation_tokens_issued.failures=0) (committer_commit_job=0) (op_copy_from_local_file.failures=0) (op_access=0) (stream_read_vectored_read_bytes_discarded=0) (stream_file_cache_eviction.failures=0) (fake_directories_deleted=0) (op_create.failures=0) (object_copy_requests=0) (stream_read_version_mismatches=0) (http_response_4XX=0) (stream_aborted=0) (stream_read_bytes_discarded_in_close=0) (object_put_request.failures=0) (audit_access_check_failure=0) (store_io_throttled=0) (stream_write_total_time=0) (op_is_directory.failures=0) (op_xattr_get_named.failures=0) (object_put_bytes=0) (object_delete_request=0) (committer_stage_file_upload.failures=0) (audit_failure=0) (ignored_errors=0) (committer_magic_files_created=0) (object_continue_list_request=0) (fake_directories_created=0) (committer_bytes_committed=0) (committer_load_single_pending_file.failures=0) (multipart_upload_part_put_bytes=0) (filesystem_close=0) (op_hsync=0) (audit_span_creation=1) (committer_jobs_failed=0) (multipart_upload_completed=0) (op_exists=0) (op_get_content_summary.failures=0) (op_list_status=0) (audit_request_execution=0) (stream_read_remote_stream_drain.failures=0) (stream_read_seek_forward_operations=0) (action_executor_acquired=0) (op_glob_status=0) (op_xattr_get_named=0) (stream_read_bytes_backwards_on_seek=0) (op_xattr_get_named_map=0) (stream_write_block_uploads_committed=0) (stream_read_fully_operations=0) (op_get_file_checksum.failures=0) (op_is_file=0) (stream_write_total_data=0) (committer_tasks_completed=0) (stream_read_vectored_combined_ranges=0) (files_copied_bytes=0) (store_client_creation=1) (object_multipart_list.failures=0) (op_rename=0) (committer_bytes_uploaded=0) (filesystem_close.failures=0) (object_bulk_delete_request=0) (committer_load_single_pending_file=0) (action_file_opened=0) (op_bulk-delete=0) (op_create_non_recursive=0) (action_http_get_request=0) (stream_write_queue_duration=0) (committer_commits.failures=0) (op_mkdirs=0) (multipart_upload_started=0) (op_openfile=0) (action_executor_acquired.failures=0) (stream_read_vectored_operations=0) (object_bulk_delete_request.failures=0) (op_get_delegation_token.failures=0) (op_get_content_summary=0) (object_multipart_initiated.failures=0) (committer_commits_aborted=0) (op_list_status.failures=0) (op_abort.failures=0) (committer_materialize_file=0) (http_response_400=0) (http_response_503=0) (directories_created=0) (multipart_upload_list=0) (multipart_upload_aborted=0));
gauges=((stream_write_block_uploads_data_pending=0) (stream_write_block_uploads_active=0) (object_put_request_active=0) (client_side_encryption_enabled=0) (object_put_bytes_pending=0) (stream_read_active_memory_in_use=0) (stream_write_block_uploads_pending=0) (stream_read_active_prefetch_operations=0) (stream_read_blocks_in_cache=0));
minimums=((object_multipart_list.min=-1) (delegation_tokens_issued.min=-1) (op_xattr_get_named.failures.min=-1) (op_glob_status.min=-1) (action_http_head_request.min=-1) (op_access.min=-1) (committer_stage_file_upload.failures.min=-1) (store_io_rate_limited_duration.failures.min=-1) (object_list_request.failures.min=-1) (op_abort.failures.min=-1) (object_continue_list_request.failures.min=-1) (object_multipart_list.failures.min=-1) (op_exists.failures.min=-1) (op_delete.failures.min=-1) (op_create.failures.min=-1) (op_get_file_status.min=-1) (action_http_get_request.min=-1) (committer_materialize_file.min=-1) (op_xattr_get_named_map.failures.min=-1) (op_get_delegation_token.failures.min=-1) (object_delete_request.failures.min=-1) (stream_write_queue_duration.min=-1) (op_xattr_list.failures.min=-1) (store_exists_probe.failures.min=-1) (store_exists_probe.min=-1) (op_xattr_get_named_map.min=-1) (op_xattr_get_map.failures.min=-1) (committer_magic_marker_put.min=-1) (op_get_file_checksum.failures.min=-1) (op_get_file_status.failures.min=-1) (stream_file_cache_eviction.failures.min=-1) (op_is_directory.min=-1) (op_rename.min=-1) (op_get_content_summary.min=-1) (op_xattr_list.min=-1) (filesystem_close.failures.min=-1) (filesystem_close.min=-1) (action_file_opened.min=-1) (op_xattr_get_named.min=-1) (committer_commit_job.min=-1) (action_http_get_request.failures.min=-1) (op_get_delegation_token.min=-1) (op_is_file.min=-1) (action_executor_acquired.failures.min=-1) (op_exists.min=-1) (filesystem_initialization.failures.min=-1) (object_bulk_delete_request.min=-1) (store_io_rate_limited_duration.min=-1) (op_createfile.failures.min=-1) (committer_commit_job.failures.min=-1) (object_multipart_aborted.failures.min=-1) (object_delete_request.min=-1) (op_createfile.min=-1) (committer_stage_file_upload.min=-1) (op_delete.min=-1) (op_create.min=-1) (stream_file_cache_eviction.min=-1) (op_is_file.failures.min=-1) (object_bulk_delete_request.failures.min=-1) (multipart_upload_list.failures.min=-1) (object_list_request.min=-1) (committer_load_single_pending_file.failures.min=-1) (op_list_files.failures.min=-1) (object_multipart_initiated.min=-1) (op_is_directory.failures.min=-1) (object_continue_list_request.min=-1) (store_client_creation.min=2) (op_list_status.failures.min=-1) (object_multipart_initiated.failures.min=-1) (op_xattr_get_map.min=-1) (op_mkdirs.min=-1) (op_abort.min=-1) (stream_read_remote_stream_drain.failures.min=-1) (object_put_request.failures.min=-1) (op_copy_from_local_file.failures.min=-1) (action_file_opened.failures.min=-1) (filesystem_initialization.min=7) (stream_read_remote_stream_aborted.min=-1) (delegation_tokens_issued.failures.min=-1) (op_copy_from_local_file.min=-1) (action_executor_acquired.min=-1) (op_access.failures.min=-1) (object_put_request.min=-1) (action_http_head_request.failures.min=-1) (committer_magic_marker_put.failures.min=-1) (op_list_files.min=-1) (committer_materialize_file.failures.min=-1) (op_get_file_checksum.min=-1) (op_get_content_summary.failures.min=-1) (op_list_status.min=-1) (stream_read_remote_stream_drain.min=-1) (object_multipart_aborted.min=-1) (stream_read_remote_stream_aborted.failures.min=-1) (committer_load_single_pending_file.min=-1) (op_rename.failures.min=-1) (stream_write_queue_duration.failures.min=-1) (store_client_creation.failures.min=-1) (op_glob_status.failures.min=-1) (op_mkdirs.failures.min=-1) (multipart_upload_list.min=-1));
maximums=((op_delete.max=-1) (delegation_tokens_issued.max=-1) (op_mkdirs.max=-1) (stream_read_remote_stream_drain.max=-1) (stream_read_remote_stream_drain.failures.max=-1) (object_delete_request.max=-1) (op_is_file.failures.max=-1) (object_bulk_delete_request.failures.max=-1) (op_xattr_get_named_map.max=-1) (object_continue_list_request.max=-1) (committer_magic_marker_put.failures.max=-1) (op_abort.max=-1) (op_get_delegation_token.max=-1) (stream_write_queue_duration.failures.max=-1) (stream_read_remote_stream_aborted.failures.max=-1) (action_http_get_request.max=-1) (op_list_status.failures.max=-1) (store_client_creation.failures.max=-1) (stream_file_cache_eviction.failures.max=-1) (object_list_request.failures.max=-1) (op_glob_status.max=-1) (action_executor_acquired.failures.max=-1) (op_xattr_list.failures.max=-1) (op_access.max=-1) (action_file_opened.max=-1) (op_list_files.failures.max=-1) (delegation_tokens_issued.failures.max=-1) (store_exists_probe.max=-1) (object_multipart_initiated.failures.max=-1) (op_xattr_get_named.failures.max=-1) (object_continue_list_request.failures.max=-1) (op_access.failures.max=-1) (filesystem_close.max=-1) (object_put_request.max=-1) (op_xattr_list.max=-1) (op_list_status.max=-1) (op_create.max=-1) (op_list_files.max=-1) (multipart_upload_list.failures.max=-1) (op_createfile.failures.max=-1) (op_get_content_summary.max=-1) (op_rename.max=-1) (object_delete_request.failures.max=-1) (op_copy_from_local_file.max=-1) (object_put_request.failures.max=-1) (object_list_request.max=-1) (store_exists_probe.failures.max=-1) (op_create.failures.max=-1) (op_copy_from_local_file.failures.max=-1) (object_multipart_list.max=-1) (committer_commit_job.max=-1) (committer_materialize_file.failures.max=-1) (object_multipart_initiated.max=-1) (action_http_get_request.failures.max=-1) (op_xattr_get_named.max=-1) (op_get_content_summary.failures.max=-1) (action_http_head_request.max=-1) (op_get_file_checksum.max=-1) (op_get_file_checksum.failures.max=-1) (filesystem_close.failures.max=-1) (committer_stage_file_upload.failures.max=-1) (op_abort.failures.max=-1) (committer_commit_job.failures.max=-1) (committer_magic_marker_put.max=-1) (op_exists.max=-1) (stream_file_cache_eviction.max=-1) (op_xattr_get_named_map.failures.max=-1) (stream_write_queue_duration.max=-1) (action_http_head_request.failures.max=-1) (op_get_delegation_token.failures.max=-1) (store_io_rate_limited_duration.failures.max=-1) (op_get_file_status.failures.max=-1) (action_file_opened.failures.max=-1) (op_glob_status.failures.max=-1) (op_rename.failures.max=-1) (op_xattr_get_map.max=-1) (object_multipart_aborted.max=-1) (op_exists.failures.max=-1) (op_is_directory.failures.max=-1) (filesystem_initialization.failures.max=-1) (store_io_rate_limited_duration.max=-1) (committer_load_single_pending_file.failures.max=-1) (op_is_directory.max=-1) (store_client_creation.max=2) (op_get_file_status.max=-1) (op_is_file.max=-1) (action_executor_acquired.max=-1) (op_mkdirs.failures.max=-1) (op_createfile.max=-1) (committer_stage_file_upload.max=-1) (filesystem_initialization.max=7) (stream_read_remote_stream_aborted.max=-1) (object_multipart_list.failures.max=-1) (multipart_upload_list.max=-1) (object_bulk_delete_request.max=-1) (object_multipart_aborted.failures.max=-1) (op_xattr_get_map.failures.max=-1) (committer_materialize_file.max=-1) (op_delete.failures.max=-1) (committer_load_single_pending_file.max=-1));
means=((filesystem_initialization.mean=(samples=1, sum=7, mean=7.0000)) (stream_read_remote_stream_aborted.failures.mean=(samples=0, sum=0, mean=0.0000)) (op_get_file_status.mean=(samples=0, sum=0, mean=0.0000)) (object_put_request.failures.mean=(samples=0, sum=0, mean=0.0000)) (committer_stage_file_upload.failures.mean=(samples=0, sum=0, mean=0.0000)) (store_exists_probe.mean=(samples=0, sum=0, mean=0.0000)) (multipart_upload_list.mean=(samples=0, sum=0, mean=0.0000)) (delegation_tokens_issued.failures.mean=(samples=0, sum=0, mean=0.0000)) (filesystem_close.mean=(samples=0, sum=0, mean=0.0000)) (op_exists.failures.mean=(samples=0, sum=0, mean=0.0000)) (object_multipart_aborted.mean=(samples=0, sum=0, mean=0.0000)) (op_xattr_get_map.failures.mean=(samples=0, sum=0, mean=0.0000)) (stream_file_cache_eviction.failures.mean=(samples=0, sum=0, mean=0.0000)) (object_list_request.failures.mean=(samples=0, sum=0, mean=0.0000)) (op_mkdirs.failures.mean=(samples=0, sum=0, mean=0.0000)) (committer_load_single_pending_file.mean=(samples=0, sum=0, mean=0.0000)) (object_multipart_initiated.failures.mean=(samples=0, sum=0, mean=0.0000)) (op_get_file_checksum.mean=(samples=0, sum=0, mean=0.0000)) (op_xattr_get_named.mean=(samples=0, sum=0, mean=0.0000)) (op_delete.mean=(samples=0, sum=0, mean=0.0000)) (action_http_head_request.failures.mean=(samples=0, sum=0, mean=0.0000)) (op_list_status.failures.mean=(samples=0, sum=0, mean=0.0000)) (stream_write_queue_duration.failures.mean=(samples=0, sum=0, mean=0.0000)) (multipart_upload_list.failures.mean=(samples=0, sum=0, mean=0.0000)) (op_is_directory.mean=(samples=0, sum=0, mean=0.0000)) (op_create.failures.mean=(samples=0, sum=0, mean=0.0000)) (object_multipart_initiated.mean=(samples=0, sum=0, mean=0.0000)) (delegation_tokens_issued.mean=(samples=0, sum=0, mean=0.0000)) (op_abort.mean=(samples=0, sum=0, mean=0.0000)) (action_executor_acquired.failures.mean=(samples=0, sum=0, mean=0.0000)) (object_multipart_aborted.failures.mean=(samples=0, sum=0, mean=0.0000)) (op_access.failures.mean=(samples=0, sum=0, mean=0.0000)) (op_xattr_get_named_map.failures.mean=(samples=0, sum=0, mean=0.0000)) (op_xattr_list.mean=(samples=0, sum=0, mean=0.0000)) (object_multipart_list.failures.mean=(samples=0, sum=0, mean=0.0000)) (op_mkdirs.mean=(samples=0, sum=0, mean=0.0000)) (stream_write_queue_duration.mean=(samples=0, sum=0, mean=0.0000)) (action_file_opened.mean=(samples=0, sum=0, mean=0.0000)) (op_xattr_get_map.mean=(samples=0, sum=0, mean=0.0000)) (op_createfile.failures.mean=(samples=0, sum=0, mean=0.0000)) (store_io_rate_limited_duration.failures.mean=(samples=0, sum=0, mean=0.0000)) (op_exists.mean=(samples=0, sum=0, mean=0.0000)) (op_rename.mean=(samples=0, sum=0, mean=0.0000)) (committer_materialize_file.mean=(samples=0, sum=0, mean=0.0000)) (op_get_content_summary.failures.mean=(samples=0, sum=0, mean=0.0000)) (committer_commit_job.mean=(samples=0, sum=0, mean=0.0000)) (object_delete_request.failures.mean=(samples=0, sum=0, mean=0.0000)) (op_get_delegation_token.failures.mean=(samples=0, sum=0, mean=0.0000)) (filesystem_initialization.failures.mean=(samples=0, sum=0, mean=0.0000)) (op_copy_from_local_file.failures.mean=(samples=0, sum=0, mean=0.0000)) (op_get_delegation_token.mean=(samples=0, sum=0, mean=0.0000)) (filesystem_close.failures.mean=(samples=0, sum=0, mean=0.0000)) (stream_read_remote_stream_drain.mean=(samples=0, sum=0, mean=0.0000)) (op_list_files.mean=(samples=0, sum=0, mean=0.0000)) (op_xattr_get_named_map.mean=(samples=0, sum=0, mean=0.0000)) (store_exists_probe.failures.mean=(samples=0, sum=0, mean=0.0000)) (object_continue_list_request.mean=(samples=0, sum=0, mean=0.0000)) (store_client_creation.failures.mean=(samples=0, sum=0, mean=0.0000)) (object_bulk_delete_request.failures.mean=(samples=0, sum=0, mean=0.0000)) (stream_read_remote_stream_aborted.mean=(samples=0, sum=0, mean=0.0000)) (op_createfile.mean=(samples=0, sum=0, mean=0.0000)) (op_rename.failures.mean=(samples=0, sum=0, mean=0.0000)) (op_xattr_get_named.failures.mean=(samples=0, sum=0, mean=0.0000)) (op_get_file_status.failures.mean=(samples=0, sum=0, mean=0.0000)) (store_io_rate_limited_duration.mean=(samples=0, sum=0, mean=0.0000)) (op_delete.failures.mean=(samples=0, sum=0, mean=0.0000)) (op_glob_status.failures.mean=(samples=0, sum=0, mean=0.0000)) (committer_load_single_pending_file.failures.mean=(samples=0, sum=0, mean=0.0000)) (op_is_directory.failures.mean=(samples=0, sum=0, mean=0.0000)) (op_list_files.failures.mean=(samples=0, sum=0, mean=0.0000)) (object_list_request.mean=(samples=0, sum=0, mean=0.0000)) (op_xattr_list.failures.mean=(samples=0, sum=0, mean=0.0000)) (object_continue_list_request.failures.mean=(samples=0, sum=0, mean=0.0000)) (stream_read_remote_stream_drain.failures.mean=(samples=0, sum=0, mean=0.0000)) (op_list_status.mean=(samples=0, sum=0, mean=0.0000)) (action_executor_acquired.mean=(samples=0, sum=0, mean=0.0000)) (op_get_file_checksum.failures.mean=(samples=0, sum=0, mean=0.0000)) (action_http_get_request.mean=(samples=0, sum=0, mean=0.0000)) (op_copy_from_local_file.mean=(samples=0, sum=0, mean=0.0000)) (object_delete_request.mean=(samples=0, sum=0, mean=0.0000)) (object_bulk_delete_request.mean=(samples=0, sum=0, mean=0.0000)) (op_get_content_summary.mean=(samples=0, sum=0, mean=0.0000)) (op_glob_status.mean=(samples=0, sum=0, mean=0.0000)) (committer_magic_marker_put.mean=(samples=0, sum=0, mean=0.0000)) (committer_stage_file_upload.mean=(samples=0, sum=0, mean=0.0000)) (action_http_head_request.mean=(samples=0, sum=0, mean=0.0000)) (committer_materialize_file.failures.mean=(samples=0, sum=0, mean=0.0000)) (op_create.mean=(samples=0, sum=0, mean=0.0000)) (action_http_get_request.failures.mean=(samples=0, sum=0, mean=0.0000)) (op_is_file.failures.mean=(samples=0, sum=0, mean=0.0000)) (op_is_file.mean=(samples=0, sum=0, mean=0.0000)) (object_put_request.mean=(samples=0, sum=0, mean=0.0000)) (op_access.mean=(samples=0, sum=0, mean=0.0000)) (committer_commit_job.failures.mean=(samples=0, sum=0, mean=0.0000)) (stream_file_cache_eviction.mean=(samples=0, sum=0, mean=0.0000)) (op_abort.failures.mean=(samples=0, sum=0, mean=0.0000)) (object_multipart_list.mean=(samples=0, sum=0, mean=0.0000)) (store_client_creation.mean=(samples=1, sum=2, mean=2.0000)) (committer_magic_marker_put.failures.mean=(samples=0, sum=0, mean=0.0000)) (action_file_opened.failures.mean=(samples=0, sum=0, mean=0.0000)));
}}, ClientSideEncryption=false}
2025-09-10 15:23:03,958 [setup] DEBUG impl.MkdirOperation (MkdirOperation.java:execute(120)) - Making directory: s3a://fso-bucket/test
2025-09-10 15:23:03,958 [setup] DEBUG s3a.S3AFileSystem (S3AFileSystem.java:innerGetFileStatus(4005)) - Getting path status for s3a://fso-bucket/test  (test); needEmptyDirectory=false
2025-09-10 15:23:03,958 [setup] DEBUG s3a.S3AFileSystem (S3AFileSystem.java:s3GetFileStatus(4064)) - S3GetFileStatus s3a://fso-bucket/test
2025-09-10 15:23:03,958 [setup] DEBUG s3a.S3AFileSystem (S3AFileSystem.java:listObjects(3107)) - LIST List fso-bucket:/test/ delimiter=/ keys=2 requester pays=null
2025-09-10 15:23:03,959 [setup] DEBUG s3a.S3AFileSystem (DurationInfo.java:<init>(80)) - Starting: LIST
2025-09-10 15:23:03,959 [setup] DEBUG s3a.Invoker (DurationInfo.java:<init>(80)) - Starting: create credentials
2025-09-10 15:23:03,959 [setup] DEBUG s3a.Invoker (DurationInfo.java:close(101)) - create credentials: duration 0:00.000s
2025-09-10 15:23:03,959 [setup] DEBUG s3a.AWSCredentialProviderList (AWSCredentialProviderList.java:resolveCredentials(195)) - No credentials from TemporaryAWSCredentialsProvider: org.apache.hadoop.fs.s3a.auth.NoAwsCredentialsException: Session credentials in Hadoop configuration: No AWS Credentials
2025-09-10 15:23:03,959 [setup] DEBUG s3a.AWSCredentialProviderList (AWSCredentialProviderList.java:resolveCredentials(182)) - Using credentials from SimpleAWSCredentialsProvider{accessKey.empty=false, secretKey.empty=false}
2025-09-10 15:23:03,960 [setup] DEBUG impl.LoggingAuditor (LoggingAuditor.java:modifyHttpRequest(410)) - [145] caec6b93-dc0f-4147-b227-30c28278d0b0-00000100 Executing op_mkdirs with {object_list_request 'test/' size=2, mutating=false}; https://audit.example.org/hadoop/1/op_mkdirs/caec6b93-dc0f-4147-b227-30c28278d0b0-00000100/?op=op_mkdirs&p1=test&pr=runner&ps=fc18256c-f174-48ee-96d7-c86f773ea27a&id=caec6b93-dc0f-4147-b227-30c28278d0b0-00000100&t0=145&fs=caec6b93-dc0f-4147-b227-30c28278d0b0&t1=145&ts=1757517783958
2025-09-10 15:23:03,967 [setup] DEBUG s3a.S3AFileSystem (DurationInfo.java:close(101)) - LIST: duration 0:00.008s
2025-09-10 15:23:03,967 [setup] DEBUG s3a.S3AFileSystem (S3AFileSystem.java:s3GetFileStatus(4155)) - Not Found: s3a://fso-bucket/test
2025-09-10 15:23:03,967 [setup] DEBUG s3a.S3AFileSystem (S3AFileSystem.java:innerGetFileStatus(4005)) - Getting path status for s3a://fso-bucket/test  (test); needEmptyDirectory=false
2025-09-10 15:23:03,967 [setup] DEBUG s3a.S3AFileSystem (S3AFileSystem.java:s3GetFileStatus(4064)) - S3GetFileStatus s3a://fso-bucket/test
2025-09-10 15:23:03,967 [setup] DEBUG s3a.S3AFileSystem (S3AFileSystem.java:lambda$getObjectMetadata$10(3044)) - HEAD test with change tracker null
2025-09-10 15:23:03,968 [setup] DEBUG impl.LoggingAuditor (LoggingAuditor.java:modifyHttpRequest(410)) - [145] caec6b93-dc0f-4147-b227-30c28278d0b0-00000100 Executing op_mkdirs with {action_http_head_request 'test' size=0, mutating=false}; https://audit.example.org/hadoop/1/op_mkdirs/caec6b93-dc0f-4147-b227-30c28278d0b0-00000100/?op=op_mkdirs&p1=test&pr=runner&ps=fc18256c-f174-48ee-96d7-c86f773ea27a&id=caec6b93-dc0f-4147-b227-30c28278d0b0-00000100&t0=145&fs=caec6b93-dc0f-4147-b227-30c28278d0b0&t1=145&ts=1757517783958
2025-09-10 15:23:03,971 [setup] DEBUG s3a.Invoker (Invoker.java:retryUntranslated(474)) - GET test ; software.amazon.awssdk.services.s3.model.NoSuchKeyException: null (Service: S3, Status Code: 404, Request ID: 854c7737-5c6a-4953-9b52-d95afaa0ae26, Extended Request ID: LuIOgE5Z2j665) (Service: S3, Status Code: 404, Request ID: 854c7737-5c6a-4953-9b52-d95afaa0ae26), 
2025-09-10 15:23:03,972 [setup] DEBUG s3a.S3ARetryPolicy (S3ARetryPolicy.java:shouldRetry(318)) - Retry probe for FileNotFoundException with 0 retries and 0 failovers, idempotent=true, due to java.io.FileNotFoundException: GET test on /: software.amazon.awssdk.services.s3.model.NoSuchKeyException: null (Service: S3, Status Code: 404, Request ID: 854c7737-5c6a-4953-9b52-d95afaa0ae26, Extended Request ID: LuIOgE5Z2j665) (Service: S3, Status Code: 404, Request ID: 854c7737-5c6a-4953-9b52-d95afaa0ae26):NoSuchKey
java.io.FileNotFoundException: GET test on /: software.amazon.awssdk.services.s3.model.NoSuchKeyException: null (Service: S3, Status Code: 404, Request ID: 854c7737-5c6a-4953-9b52-d95afaa0ae26, Extended Request ID: LuIOgE5Z2j665) (Service: S3, Status Code: 404, Request ID: 854c7737-5c6a-4953-9b52-d95afaa0ae26):NoSuchKey
	at org.apache.hadoop.fs.s3a.S3AUtils.translateException(S3AUtils.java:279)
	at org.apache.hadoop.fs.s3a.Invoker.retryUntranslated(Invoker.java:481)
	at org.apache.hadoop.fs.s3a.Invoker.retryUntranslated(Invoker.java:431)
	at org.apache.hadoop.fs.s3a.S3AFileSystem.getObjectMetadata(S3AFileSystem.java:3036)
	at org.apache.hadoop.fs.s3a.S3AFileSystem.getObjectMetadata(S3AFileSystem.java:3016)
	at org.apache.hadoop.fs.s3a.S3AFileSystem.s3GetFileStatus(S3AFileSystem.java:4079)
	at org.apache.hadoop.fs.s3a.S3AFileSystem.innerGetFileStatus(S3AFileSystem.java:4007)
	at org.apache.hadoop.fs.s3a.S3AFileSystem$MkdirOperationCallbacksImpl.probePathStatus(S3AFileSystem.java:3864)
	at org.apache.hadoop.fs.s3a.impl.MkdirOperation.probePathStatusOrNull(MkdirOperation.java:218)
	at org.apache.hadoop.fs.s3a.impl.MkdirOperation.getPathStatusExpectingDir(MkdirOperation.java:242)
	at org.apache.hadoop.fs.s3a.impl.MkdirOperation.execute(MkdirOperation.java:134)
	at org.apache.hadoop.fs.s3a.impl.MkdirOperation.execute(MkdirOperation.java:59)
	at org.apache.hadoop.fs.s3a.impl.ExecutingStoreOperation.apply(ExecutingStoreOperation.java:76)
	at org.apache.hadoop.fs.statistics.impl.IOStatisticsBinding.invokeTrackingDuration(IOStatisticsBinding.java:547)
	at org.apache.hadoop.fs.statistics.impl.IOStatisticsBinding.lambda$trackDurationOfOperation$5(IOStatisticsBinding.java:528)
	at org.apache.hadoop.fs.statistics.impl.IOStatisticsBinding.trackDuration(IOStatisticsBinding.java:449)
	at org.apache.hadoop.fs.s3a.S3AFileSystem.trackDurationAndSpan(S3AFileSystem.java:2865)
	at org.apache.hadoop.fs.s3a.S3AFileSystem.trackDurationAndSpan(S3AFileSystem.java:2884)
	at org.apache.hadoop.fs.s3a.S3AFileSystem.mkdirs(S3AFileSystem.java:3835)
	at org.apache.hadoop.fs.FileSystem.mkdirs(FileSystem.java:2496)
	at org.apache.hadoop.fs.contract.AbstractFSContractTestBase.mkdirs(AbstractFSContractTestBase.java:363)
	at org.apache.hadoop.fs.contract.AbstractFSContractTestBase.setup(AbstractFSContractTestBase.java:205)
	at org.apache.hadoop.fs.contract.AbstractContractGetFileStatusTest.setup(AbstractContractGetFileStatusTest.java:60)
	at java.base/jdk.internal.reflect.NativeMethodAccessorImpl.invoke0(Native Method)
	at java.base/jdk.internal.reflect.NativeMethodAccessorImpl.invoke(NativeMethodAccessorImpl.java:62)
	at java.base/jdk.internal.reflect.DelegatingMethodAccessorImpl.invoke(DelegatingMethodAccessorImpl.java:43)
	at java.base/java.lang.reflect.Method.invoke(Method.java:566)
	at org.junit.runners.model.FrameworkMethod$1.runReflectiveCall(FrameworkMethod.java:59)
	at org.junit.internal.runners.model.ReflectiveCallable.run(ReflectiveCallable.java:12)
	at org.junit.runners.model.FrameworkMethod.invokeExplosively(FrameworkMethod.java:56)
	at org.junit.internal.runners.statements.RunBefores.invokeMethod(RunBefores.java:33)
	at org.junit.internal.runners.statements.RunBefores.evaluate(RunBefores.java:24)
	at org.junit.internal.runners.statements.RunAfters.evaluate(RunAfters.java:27)
	at org.junit.rules.TestWatcher$1.evaluate(TestWatcher.java:61)
	at org.junit.internal.runners.statements.FailOnTimeout$CallableStatement.call(FailOnTimeout.java:299)
	at org.junit.internal.runners.statements.FailOnTimeout$CallableStatement.call(FailOnTimeout.java:293)
	at java.base/java.util.concurrent.FutureTask.run(FutureTask.java:264)
	at java.base/java.lang.Thread.run(Thread.java:829)
Caused by: software.amazon.awssdk.services.s3.model.NoSuchKeyException: null (Service: S3, Status Code: 404, Request ID: 854c7737-5c6a-4953-9b52-d95afaa0ae26, Extended Request ID: LuIOgE5Z2j665) (Service: S3, Status Code: 404, Request ID: 854c7737-5c6a-4953-9b52-d95afaa0ae26)
	at software.amazon.awssdk.services.s3.model.NoSuchKeyException$BuilderImpl.build(NoSuchKeyException.java:126)
	at software.amazon.awssdk.services.s3.model.NoSuchKeyException$BuilderImpl.build(NoSuchKeyException.java:80)
	at software.amazon.awssdk.services.s3.internal.handlers.ExceptionTranslationInterceptor.modifyException(ExceptionTranslationInterceptor.java:63)
	at software.amazon.awssdk.core.interceptor.ExecutionInterceptorChain.modifyException(ExecutionInterceptorChain.java:181)
	at software.amazon.awssdk.core.internal.http.pipeline.stages.utils.ExceptionReportingUtils.runModifyException(ExceptionReportingUtils.java:54)
	at software.amazon.awssdk.core.internal.http.pipeline.stages.utils.ExceptionReportingUtils.reportFailureToInterceptors(ExceptionReportingUtils.java:38)
	at software.amazon.awssdk.core.internal.http.pipeline.stages.ExecutionFailureExceptionReportingStage.execute(ExecutionFailureExceptionReportingStage.java:39)
	at software.amazon.awssdk.core.internal.http.pipeline.stages.ExecutionFailureExceptionReportingStage.execute(ExecutionFailureExceptionReportingStage.java:26)
	at software.amazon.awssdk.core.internal.http.AmazonSyncHttpClient$RequestExecutionBuilderImpl.execute(AmazonSyncHttpClient.java:224)
	at software.amazon.awssdk.core.internal.handler.BaseSyncClientHandler.invoke(BaseSyncClientHandler.java:103)
	at software.amazon.awssdk.core.internal.handler.BaseSyncClientHandler.doExecute(BaseSyncClientHandler.java:173)
	at software.amazon.awssdk.core.internal.handler.BaseSyncClientHandler.lambda$execute$1(BaseSyncClientHandler.java:80)
	at software.amazon.awssdk.core.internal.handler.BaseSyncClientHandler.measureApiCallSuccess(BaseSyncClientHandler.java:182)
	at software.amazon.awssdk.core.internal.handler.BaseSyncClientHandler.execute(BaseSyncClientHandler.java:74)
	at software.amazon.awssdk.core.client.handler.SdkSyncClientHandler.execute(SdkSyncClientHandler.java:45)
	at software.amazon.awssdk.awscore.client.handler.AwsSyncClientHandler.execute(AwsSyncClientHandler.java:53)
	at software.amazon.awssdk.services.s3.DefaultS3Client.headObject(DefaultS3Client.java:6319)
	at software.amazon.awssdk.services.s3.DelegatingS3Client.lambda$headObject$53(DelegatingS3Client.java:5053)
	at software.amazon.awssdk.services.s3.internal.crossregion.S3CrossRegionSyncClient.invokeOperation(S3CrossRegionSyncClient.java:67)
	at software.amazon.awssdk.services.s3.DelegatingS3Client.headObject(DelegatingS3Client.java:5053)
	at org.apache.hadoop.fs.s3a.S3AFileSystem.lambda$getObjectMetadata$10(S3AFileSystem.java:3049)
	at org.apache.hadoop.fs.s3a.Invoker.retryUntranslated(Invoker.java:468)
	... 36 more
2025-09-10 15:23:03,972 [setup] DEBUG s3a.S3ARetryPolicy (S3ARetryPolicy.java:shouldRetry(323)) - Retry action is RetryAction(action=FAIL, delayMillis=0, reason=try once and fail.)
2025-09-10 15:23:03,972 [setup] DEBUG s3a.S3AFileSystem (S3AFileSystem.java:s3GetFileStatus(4155)) - Not Found: s3a://fso-bucket/test
2025-09-10 15:23:03,972 [setup] DEBUG s3a.Invoker (DurationInfo.java:<init>(80)) - Starting: PUT 0-byte object 
2025-09-10 15:23:03,972 [setup] DEBUG s3a.S3AFileSystem (S3AFileSystem.java:putObjectDirect(3340)) - PUT 0 bytes to test/
2025-09-10 15:23:03,972 [setup] DEBUG impl.S3AStoreImpl (S3AStoreImpl.java:incrementPutStartStatistics(397)) - PUT start 0 bytes
2025-09-10 15:23:03,973 [setup] DEBUG impl.LoggingAuditor (LoggingAuditor.java:modifyHttpRequest(410)) - [145] caec6b93-dc0f-4147-b227-30c28278d0b0-00000100 Executing op_mkdirs with {object_put_request 'test/' size=0, mutating=true}; https://audit.example.org/hadoop/1/op_mkdirs/caec6b93-dc0f-4147-b227-30c28278d0b0-00000100/?op=op_mkdirs&p1=test&pr=runner&ps=fc18256c-f174-48ee-96d7-c86f773ea27a&id=caec6b93-dc0f-4147-b227-30c28278d0b0-00000100&t0=145&fs=caec6b93-dc0f-4147-b227-30c28278d0b0&t1=145&ts=1757517783958
2025-09-10 15:23:03,974 [setup] INFO  impl.UploadContentProviders (UploadContentProviders.java:newStream(289)) - Stream recreated: ByteArrayContentProvider{buffer with length=0, offset=0} BaseContentProvider{size=0, initiated at 2025-09-10T15:23:03.972470, streamCreationCount=2, currentStream=null}
2025-09-10 15:23:03,977 [setup] DEBUG impl.S3AStoreImpl (S3AStoreImpl.java:incrementPutCompletedStatistics(414)) - PUT completed success=true; 0 bytes
2025-09-10 15:23:03,977 [setup] DEBUG s3a.S3AFileSystem (S3AFileSystem.java:finishedWrite(4727)) - Finished write to test/, len 0.
2025-09-10 15:23:03,978 [setup] DEBUG s3a.Invoker (DurationInfo.java:close(101)) - PUT 0-byte object : duration 0:00.006s
2025-09-10 15:23:03,978 [setup] DEBUG S3AFileSystem.Progress (S3AStoreImpl.java:incrementPutProgressStatistics(432)) - PUT test: 0 bytes
2025-09-10 15:23:03,978 [JUnit-testListFilesFile] INFO  contract.AbstractFSContractTestBase (AbstractFSContractTestBase.java:describe(280)) - test the listStatus(path) on a file
2025-09-10 15:23:03,986 [JUnit-testListFilesFile] DEBUG s3a.S3AFileSystem (S3AFileSystem.java:innerGetFileStatus(4005)) - Getting path status for s3a://fso-bucket/test/listfilesfile  (test/listfilesfile); needEmptyDirectory=false
2025-09-10 15:23:03,987 [JUnit-testListFilesFile] DEBUG s3a.S3AFileSystem (S3AFileSystem.java:s3GetFileStatus(4064)) - S3GetFileStatus s3a://fso-bucket/test/listfilesfile
2025-09-10 15:23:03,987 [JUnit-testListFilesFile] INFO  impl.LoggingAuditor (LoggingAuditor.java:requestCreated(516)) - Creating a request outside an audit span {object_list_request 'test/listfilesfile/' size=2, mutating=false}
2025-09-10 15:23:03,988 [JUnit-testListFilesFile] DEBUG impl.LoggingAuditor (LoggingAuditor.java:requestCreated(518)) - Creating a request outside an audit span {object_list_request 'test/listfilesfile/' size=2, mutating=false}
org.apache.hadoop.fs.s3a.audit.AuditFailureException: unaudited
	at org.apache.hadoop.fs.s3a.audit.impl.LoggingAuditor$WarningSpan.requestCreated(LoggingAuditor.java:518)
	at org.apache.hadoop.fs.s3a.audit.impl.ActiveAuditManagerS3A$WrappingAuditSpan.requestCreated(ActiveAuditManagerS3A.java:783)
	at org.apache.hadoop.fs.s3a.audit.impl.ActiveAuditManagerS3A.requestCreated(ActiveAuditManagerS3A.java:470)
	at org.apache.hadoop.fs.s3a.impl.RequestFactoryImpl.prepareRequest(RequestFactoryImpl.java:165)
	at org.apache.hadoop.fs.s3a.impl.RequestFactoryImpl.newListObjectsV1RequestBuilder(RequestFactoryImpl.java:618)
	at org.apache.hadoop.fs.s3a.S3AFileSystem.createListObjectsRequest(S3AFileSystem.java:3773)
	at org.apache.hadoop.fs.s3a.S3AFileSystem.s3GetFileStatus(S3AFileSystem.java:4120)
	at org.apache.hadoop.fs.s3a.S3AFileSystem.innerGetFileStatus(S3AFileSystem.java:4007)
	at org.apache.hadoop.fs.s3a.S3AFileSystem.innerCreateFile(S3AFileSystem.java:2162)
	at org.apache.hadoop.fs.s3a.S3AFileSystem.lambda$create$5(S3AFileSystem.java:2116)
	at org.apache.hadoop.fs.statistics.impl.IOStatisticsBinding.invokeTrackingDuration(IOStatisticsBinding.java:547)
	at org.apache.hadoop.fs.statistics.impl.IOStatisticsBinding.lambda$trackDurationOfOperation$5(IOStatisticsBinding.java:528)
	at org.apache.hadoop.fs.statistics.impl.IOStatisticsBinding.trackDuration(IOStatisticsBinding.java:449)
	at org.apache.hadoop.fs.s3a.S3AFileSystem.trackDurationAndSpan(S3AFileSystem.java:2865)
	at org.apache.hadoop.fs.s3a.S3AFileSystem.trackDurationAndSpan(S3AFileSystem.java:2884)
	at org.apache.hadoop.fs.s3a.S3AFileSystem.create(S3AFileSystem.java:2115)
	at org.apache.hadoop.fs.FileSystem.create(FileSystem.java:1233)
	at org.apache.hadoop.fs.FileSystem.create(FileSystem.java:1210)
	at org.apache.hadoop.fs.FileSystem.create(FileSystem.java:1091)
	at org.apache.hadoop.fs.contract.ContractTestUtils.file(ContractTestUtils.java:671)
	at org.apache.hadoop.fs.contract.ContractTestUtils.createFile(ContractTestUtils.java:655)
	at org.apache.hadoop.fs.contract.ContractTestUtils.touch(ContractTestUtils.java:708)
	at org.apache.hadoop.fs.contract.AbstractContractGetFileStatusTest.touchf(AbstractContractGetFileStatusTest.java:466)
	at org.apache.hadoop.fs.contract.AbstractContractGetFileStatusTest.testListFilesFile(AbstractContractGetFileStatusTest.java:398)
	at java.base/jdk.internal.reflect.NativeMethodAccessorImpl.invoke0(Native Method)
	at java.base/jdk.internal.reflect.NativeMethodAccessorImpl.invoke(NativeMethodAccessorImpl.java:62)
	at java.base/jdk.internal.reflect.DelegatingMethodAccessorImpl.invoke(DelegatingMethodAccessorImpl.java:43)
	at java.base/java.lang.reflect.Method.invoke(Method.java:566)
	at org.junit.runners.model.FrameworkMethod$1.runReflectiveCall(FrameworkMethod.java:59)
	at org.junit.internal.runners.model.ReflectiveCallable.run(ReflectiveCallable.java:12)
	at org.junit.runners.model.FrameworkMethod.invokeExplosively(FrameworkMethod.java:56)
	at org.junit.internal.runners.statements.InvokeMethod.evaluate(InvokeMethod.java:17)
	at org.junit.internal.runners.statements.RunBefores.evaluate(RunBefores.java:26)
	at org.junit.internal.runners.statements.RunAfters.evaluate(RunAfters.java:27)
	at org.junit.rules.TestWatcher$1.evaluate(TestWatcher.java:61)
	at org.junit.internal.runners.statements.FailOnTimeout$CallableStatement.call(FailOnTimeout.java:299)
	at org.junit.internal.runners.statements.FailOnTimeout$CallableStatement.call(FailOnTimeout.java:293)
	at java.base/java.util.concurrent.FutureTask.run(FutureTask.java:264)
	at java.base/java.lang.Thread.run(Thread.java:829)
2025-09-10 15:23:03,988 [JUnit-testListFilesFile] DEBUG s3a.S3AFileSystem (S3AFileSystem.java:listObjects(3107)) - LIST List fso-bucket:/test/listfilesfile/ delimiter=/ keys=2 requester pays=null
2025-09-10 15:23:03,988 [JUnit-testListFilesFile] DEBUG s3a.S3AFileSystem (DurationInfo.java:<init>(80)) - Starting: LIST
2025-09-10 15:23:03,990 [JUnit-testListFilesFile] DEBUG impl.LoggingAuditor (LoggingAuditor.java:beforeExecution(547)) - caec6b93-dc0f-4147-b227-30c28278d0b0-00000098 unaudited operation executing a request outside an audit span {object_list_request 'test/listfilesfile/' size=2, mutating=false}
org.apache.hadoop.fs.s3a.audit.AuditFailureException: caec6b93-dc0f-4147-b227-30c28278d0b0-00000098 unaudited operation executing a request outside an audit span {object_list_request 'test/listfilesfile/' size=2, mutating=false}
	at org.apache.hadoop.fs.s3a.audit.impl.LoggingAuditor$WarningSpan.beforeExecution(LoggingAuditor.java:546)
	at org.apache.hadoop.fs.s3a.audit.impl.ActiveAuditManagerS3A$WrappingAuditSpan.beforeExecution(ActiveAuditManagerS3A.java:821)
	at org.apache.hadoop.fs.s3a.audit.impl.ActiveAuditManagerS3A.beforeExecution(ActiveAuditManagerS3A.java:492)
	at software.amazon.awssdk.core.interceptor.ExecutionInterceptorChain.lambda$beforeExecution$1(ExecutionInterceptorChain.java:59)
	at java.base/java.util.ArrayList.forEach(ArrayList.java:1541)
	at software.amazon.awssdk.core.interceptor.ExecutionInterceptorChain.beforeExecution(ExecutionInterceptorChain.java:59)
	at software.amazon.awssdk.awscore.internal.AwsExecutionContextBuilder.runInitialInterceptors(AwsExecutionContextBuilder.java:239)
	at software.amazon.awssdk.awscore.internal.AwsExecutionContextBuilder.invokeInterceptorsAndCreateExecutionContext(AwsExecutionContextBuilder.java:130)
	at software.amazon.awssdk.awscore.client.handler.AwsSyncClientHandler.invokeInterceptorsAndCreateExecutionContext(AwsSyncClientHandler.java:67)
	at software.amazon.awssdk.core.internal.handler.BaseSyncClientHandler.lambda$execute$1(BaseSyncClientHandler.java:76)
	at software.amazon.awssdk.core.internal.handler.BaseSyncClientHandler.measureApiCallSuccess(BaseSyncClientHandler.java:182)
	at software.amazon.awssdk.core.internal.handler.BaseSyncClientHandler.execute(BaseSyncClientHandler.java:74)
	at software.amazon.awssdk.core.client.handler.SdkSyncClientHandler.execute(SdkSyncClientHandler.java:45)
	at software.amazon.awssdk.awscore.client.handler.AwsSyncClientHandler.execute(AwsSyncClientHandler.java:53)
	at software.amazon.awssdk.services.s3.DefaultS3Client.listObjects(DefaultS3Client.java:7185)
	at software.amazon.awssdk.services.s3.DelegatingS3Client.lambda$listObjects$62(DelegatingS3Client.java:5733)
	at software.amazon.awssdk.services.s3.internal.crossregion.S3CrossRegionSyncClient.invokeOperation(S3CrossRegionSyncClient.java:67)
	at software.amazon.awssdk.services.s3.DelegatingS3Client.listObjects(DelegatingS3Client.java:5733)
	at org.apache.hadoop.fs.s3a.S3AFileSystem.lambda$listObjects$13(S3AFileSystem.java:3118)
	at org.apache.hadoop.fs.statistics.impl.IOStatisticsBinding.invokeTrackingDuration(IOStatisticsBinding.java:547)
	at org.apache.hadoop.fs.statistics.impl.IOStatisticsBinding.lambda$trackDurationOfOperation$5(IOStatisticsBinding.java:528)
	at org.apache.hadoop.fs.s3a.Invoker.retryUntranslated(Invoker.java:468)
	at org.apache.hadoop.fs.s3a.Invoker.retryUntranslated(Invoker.java:431)
	at org.apache.hadoop.fs.s3a.S3AFileSystem.listObjects(S3AFileSystem.java:3111)
	at org.apache.hadoop.fs.s3a.S3AFileSystem.s3GetFileStatus(S3AFileSystem.java:4123)
	at org.apache.hadoop.fs.s3a.S3AFileSystem.innerGetFileStatus(S3AFileSystem.java:4007)
	at org.apache.hadoop.fs.s3a.S3AFileSystem.innerCreateFile(S3AFileSystem.java:2162)
	at org.apache.hadoop.fs.s3a.S3AFileSystem.lambda$create$5(S3AFileSystem.java:2116)
	at org.apache.hadoop.fs.statistics.impl.IOStatisticsBinding.invokeTrackingDuration(IOStatisticsBinding.java:547)
	at org.apache.hadoop.fs.statistics.impl.IOStatisticsBinding.lambda$trackDurationOfOperation$5(IOStatisticsBinding.java:528)
	at org.apache.hadoop.fs.statistics.impl.IOStatisticsBinding.trackDuration(IOStatisticsBinding.java:449)
	at org.apache.hadoop.fs.s3a.S3AFileSystem.trackDurationAndSpan(S3AFileSystem.java:2865)
	at org.apache.hadoop.fs.s3a.S3AFileSystem.trackDurationAndSpan(S3AFileSystem.java:2884)
	at org.apache.hadoop.fs.s3a.S3AFileSystem.create(S3AFileSystem.java:2115)
	at org.apache.hadoop.fs.FileSystem.create(FileSystem.java:1233)
	at org.apache.hadoop.fs.FileSystem.create(FileSystem.java:1210)
	at org.apache.hadoop.fs.FileSystem.create(FileSystem.java:1091)
	at org.apache.hadoop.fs.contract.ContractTestUtils.file(ContractTestUtils.java:671)
	at org.apache.hadoop.fs.contract.ContractTestUtils.createFile(ContractTestUtils.java:655)
	at org.apache.hadoop.fs.contract.ContractTestUtils.touch(ContractTestUtils.java:708)
	at org.apache.hadoop.fs.contract.AbstractContractGetFileStatusTest.touchf(AbstractContractGetFileStatusTest.java:466)
	at org.apache.hadoop.fs.contract.AbstractContractGetFileStatusTest.testListFilesFile(AbstractContractGetFileStatusTest.java:398)
	at java.base/jdk.internal.reflect.NativeMethodAccessorImpl.invoke0(Native Method)
	at java.base/jdk.internal.reflect.NativeMethodAccessorImpl.invoke(NativeMethodAccessorImpl.java:62)
	at java.base/jdk.internal.reflect.DelegatingMethodAccessorImpl.invoke(DelegatingMethodAccessorImpl.java:43)
	at java.base/java.lang.reflect.Method.invoke(Method.java:566)
	at org.junit.runners.model.FrameworkMethod$1.runReflectiveCall(FrameworkMethod.java:59)
	at org.junit.internal.runners.model.ReflectiveCallable.run(ReflectiveCallable.java:12)
	at org.junit.runners.model.FrameworkMethod.invokeExplosively(FrameworkMethod.java:56)
	at org.junit.internal.runners.statements.InvokeMethod.evaluate(InvokeMethod.java:17)
	at org.junit.internal.runners.statements.RunBefores.evaluate(RunBefores.java:26)
	at org.junit.internal.runners.statements.RunAfters.evaluate(RunAfters.java:27)
	at org.junit.rules.TestWatcher$1.evaluate(TestWatcher.java:61)
	at org.junit.internal.runners.statements.FailOnTimeout$CallableStatement.call(FailOnTimeout.java:299)
	at org.junit.internal.runners.statements.FailOnTimeout$CallableStatement.call(FailOnTimeout.java:293)
	at java.base/java.util.concurrent.FutureTask.run(FutureTask.java:264)
	at java.base/java.lang.Thread.run(Thread.java:829)
2025-09-10 15:23:03,990 [JUnit-testListFilesFile] DEBUG s3a.Invoker (Invoker.java:retryUntranslated(474)) - List fso-bucket:/test/listfilesfile/ delimiter=/ keys=2 requester pays=null ; org.apache.hadoop.fs.s3a.audit.AuditFailureException: caec6b93-dc0f-4147-b227-30c28278d0b0-00000098 unaudited operation executing a request outside an audit span {object_list_request 'test/listfilesfile/' size=2, mutating=false}, 
2025-09-10 15:23:03,991 [JUnit-testListFilesFile] DEBUG s3a.S3ARetryPolicy (S3ARetryPolicy.java:shouldRetry(318)) - Retry probe for AccessDeniedException with 0 retries and 0 failovers, idempotent=true, due to java.nio.file.AccessDeniedException: /: org.apache.hadoop.fs.s3a.audit.AuditFailureException: caec6b93-dc0f-4147-b227-30c28278d0b0-00000098 unaudited operation executing a request outside an audit span {object_list_request 'test/listfilesfile/' size=2, mutating=false}
java.nio.file.AccessDeniedException: /: org.apache.hadoop.fs.s3a.audit.AuditFailureException: caec6b93-dc0f-4147-b227-30c28278d0b0-00000098 unaudited operation executing a request outside an audit span {object_list_request 'test/listfilesfile/' size=2, mutating=false}
	at org.apache.hadoop.fs.s3a.audit.AuditIntegration.translateAuditException(AuditIntegration.java:161)
	at org.apache.hadoop.fs.s3a.audit.AuditIntegration.maybeTranslateAuditException(AuditIntegration.java:175)
	at org.apache.hadoop.fs.s3a.S3AUtils.translateException(S3AUtils.java:199)
	at org.apache.hadoop.fs.s3a.Invoker.retryUntranslated(Invoker.java:481)
	at org.apache.hadoop.fs.s3a.Invoker.retryUntranslated(Invoker.java:431)
	at org.apache.hadoop.fs.s3a.S3AFileSystem.listObjects(S3AFileSystem.java:3111)
	at org.apache.hadoop.fs.s3a.S3AFileSystem.s3GetFileStatus(S3AFileSystem.java:4123)
	at org.apache.hadoop.fs.s3a.S3AFileSystem.innerGetFileStatus(S3AFileSystem.java:4007)
	at org.apache.hadoop.fs.s3a.S3AFileSystem.innerCreateFile(S3AFileSystem.java:2162)
	at org.apache.hadoop.fs.s3a.S3AFileSystem.lambda$create$5(S3AFileSystem.java:2116)
	at org.apache.hadoop.fs.statistics.impl.IOStatisticsBinding.invokeTrackingDuration(IOStatisticsBinding.java:547)
	at org.apache.hadoop.fs.statistics.impl.IOStatisticsBinding.lambda$trackDurationOfOperation$5(IOStatisticsBinding.java:528)
	at org.apache.hadoop.fs.statistics.impl.IOStatisticsBinding.trackDuration(IOStatisticsBinding.java:449)
	at org.apache.hadoop.fs.s3a.S3AFileSystem.trackDurationAndSpan(S3AFileSystem.java:2865)
	at org.apache.hadoop.fs.s3a.S3AFileSystem.trackDurationAndSpan(S3AFileSystem.java:2884)
	at org.apache.hadoop.fs.s3a.S3AFileSystem.create(S3AFileSystem.java:2115)
	at org.apache.hadoop.fs.FileSystem.create(FileSystem.java:1233)
	at org.apache.hadoop.fs.FileSystem.create(FileSystem.java:1210)
	at org.apache.hadoop.fs.FileSystem.create(FileSystem.java:1091)
	at org.apache.hadoop.fs.contract.ContractTestUtils.file(ContractTestUtils.java:671)
	at org.apache.hadoop.fs.contract.ContractTestUtils.createFile(ContractTestUtils.java:655)
	at org.apache.hadoop.fs.contract.ContractTestUtils.touch(ContractTestUtils.java:708)
	at org.apache.hadoop.fs.contract.AbstractContractGetFileStatusTest.touchf(AbstractContractGetFileStatusTest.java:466)
	at org.apache.hadoop.fs.contract.AbstractContractGetFileStatusTest.testListFilesFile(AbstractContractGetFileStatusTest.java:398)
	at java.base/jdk.internal.reflect.NativeMethodAccessorImpl.invoke0(Native Method)
	at java.base/jdk.internal.reflect.NativeMethodAccessorImpl.invoke(NativeMethodAccessorImpl.java:62)
	at java.base/jdk.internal.reflect.DelegatingMethodAccessorImpl.invoke(DelegatingMethodAccessorImpl.java:43)
	at java.base/java.lang.reflect.Method.invoke(Method.java:566)
	at org.junit.runners.model.FrameworkMethod$1.runReflectiveCall(FrameworkMethod.java:59)
	at org.junit.internal.runners.model.ReflectiveCallable.run(ReflectiveCallable.java:12)
	at org.junit.runners.model.FrameworkMethod.invokeExplosively(FrameworkMethod.java:56)
	at org.junit.internal.runners.statements.InvokeMethod.evaluate(InvokeMethod.java:17)
	at org.junit.internal.runners.statements.RunBefores.evaluate(RunBefores.java:26)
	at org.junit.internal.runners.statements.RunAfters.evaluate(RunAfters.java:27)
	at org.junit.rules.TestWatcher$1.evaluate(TestWatcher.java:61)
	at org.junit.internal.runners.statements.FailOnTimeout$CallableStatement.call(FailOnTimeout.java:299)
	at org.junit.internal.runners.statements.FailOnTimeout$CallableStatement.call(FailOnTimeout.java:293)
	at java.base/java.util.concurrent.FutureTask.run(FutureTask.java:264)
	at java.base/java.lang.Thread.run(Thread.java:829)
Caused by: org.apache.hadoop.fs.s3a.audit.AuditFailureException: caec6b93-dc0f-4147-b227-30c28278d0b0-00000098 unaudited operation executing a request outside an audit span {object_list_request 'test/listfilesfile/' size=2, mutating=false}
	at org.apache.hadoop.fs.s3a.audit.impl.LoggingAuditor$WarningSpan.beforeExecution(LoggingAuditor.java:546)
	at org.apache.hadoop.fs.s3a.audit.impl.ActiveAuditManagerS3A$WrappingAuditSpan.beforeExecution(ActiveAuditManagerS3A.java:821)
	at org.apache.hadoop.fs.s3a.audit.impl.ActiveAuditManagerS3A.beforeExecution(ActiveAuditManagerS3A.java:492)
	at software.amazon.awssdk.core.interceptor.ExecutionInterceptorChain.lambda$beforeExecution$1(ExecutionInterceptorChain.java:59)
	at java.base/java.util.ArrayList.forEach(ArrayList.java:1541)
	at software.amazon.awssdk.core.interceptor.ExecutionInterceptorChain.beforeExecution(ExecutionInterceptorChain.java:59)
	at software.amazon.awssdk.awscore.internal.AwsExecutionContextBuilder.runInitialInterceptors(AwsExecutionContextBuilder.java:239)
	at software.amazon.awssdk.awscore.internal.AwsExecutionContextBuilder.invokeInterceptorsAndCreateExecutionContext(AwsExecutionContextBuilder.java:130)
	at software.amazon.awssdk.awscore.client.handler.AwsSyncClientHandler.invokeInterceptorsAndCreateExecutionContext(AwsSyncClientHandler.java:67)
	at software.amazon.awssdk.core.internal.handler.BaseSyncClientHandler.lambda$execute$1(BaseSyncClientHandler.java:76)
	at software.amazon.awssdk.core.internal.handler.BaseSyncClientHandler.measureApiCallSuccess(BaseSyncClientHandler.java:182)
	at software.amazon.awssdk.core.internal.handler.BaseSyncClientHandler.execute(BaseSyncClientHandler.java:74)
	at software.amazon.awssdk.core.client.handler.SdkSyncClientHandler.execute(SdkSyncClientHandler.java:45)
	at software.amazon.awssdk.awscore.client.handler.AwsSyncClientHandler.execute(AwsSyncClientHandler.java:53)
	at software.amazon.awssdk.services.s3.DefaultS3Client.listObjects(DefaultS3Client.java:7185)
	at software.amazon.awssdk.services.s3.DelegatingS3Client.lambda$listObjects$62(DelegatingS3Client.java:5733)
	at software.amazon.awssdk.services.s3.internal.crossregion.S3CrossRegionSyncClient.invokeOperation(S3CrossRegionSyncClient.java:67)
	at software.amazon.awssdk.services.s3.DelegatingS3Client.listObjects(DelegatingS3Client.java:5733)
	at org.apache.hadoop.fs.s3a.S3AFileSystem.lambda$listObjects$13(S3AFileSystem.java:3118)
	at org.apache.hadoop.fs.statistics.impl.IOStatisticsBinding.invokeTrackingDuration(IOStatisticsBinding.java:547)
	at org.apache.hadoop.fs.statistics.impl.IOStatisticsBinding.lambda$trackDurationOfOperation$5(IOStatisticsBinding.java:528)
	at org.apache.hadoop.fs.s3a.Invoker.retryUntranslated(Invoker.java:468)
	... 35 more
2025-09-10 15:23:03,991 [JUnit-testListFilesFile] DEBUG s3a.S3ARetryPolicy (S3ARetryPolicy.java:shouldRetry(323)) - Retry action is RetryAction(action=FAIL, delayMillis=0, reason=try once and fail.)
2025-09-10 15:23:03,991 [JUnit-testListFilesFile] DEBUG s3a.S3AFileSystem (DurationInfo.java:close(101)) - LIST: duration 0:00.003s
2025-09-10 15:23:03,993 [JUnit-testListFilesFile] INFO  contract.AbstractFSContractTestBase (ITestS3AContractGetFileStatusV1List.java:teardown(46)) - FS details S3AFileSystem{uri=s3a://fso-bucket, workingDir=s3a://fso-bucket/user/runner, partSize=67108864, enableMultiObjectsDelete=true, maxKeys=2, performanceFlags={}, OpenFileSupport{changePolicy=ETagChangeDetectionPolicy mode=Server, defaultReadAhead=65536, defaultBufferSize=4096, defaultAsyncDrainThreshold=16000, defaultInputPolicy=default}, blockSize=33554432, multiPartThreshold=134217728, s3EncryptionAlgorithm='NONE', blockFactory=org.apache.hadoop.fs.s3a.S3ADataBlocks$DiskBlockFactory@f5083b6, auditManager=Service ActiveAuditManagerS3A in state ActiveAuditManagerS3A: STARTED, auditor=LoggingAuditor{ID='caec6b93-dc0f-4147-b227-30c28278d0b0', headerEnabled=true, rejectOutOfSpan=true, isMultipartUploadEnabled=true}}, authoritativePath=[], useListV1=true, magicCommitter=true, boundedExecutor=BlockingThreadPoolExecutorService{SemaphoredDelegatingExecutor{permitCount=224, available=224, waiting=0}, activeCount=0}, unboundedExecutor=java.util.concurrent.ThreadPoolExecutor@6d340ca6[Running, pool size = 0, active threads = 0, queued tasks = 0, completed tasks = 0], credentials=AWSCredentialProviderList name=; refcount= 1; size=4: [TemporaryAWSCredentialsProvider, SimpleAWSCredentialsProvider{accessKey.empty=false, secretKey.empty=false}, EnvironmentVariableCredentialsProvider(), IAMInstanceCredentialsProvider{credentialsProvider=ContainerCredentialsProvider(), isContainerCredentialsProvider=true}] last provider: SimpleAWSCredentialsProvider{accessKey.empty=false, secretKey.empty=false}, delegation tokens=disabled, DirectoryMarkerRetention{policy='keep'}, instrumentation {S3AInstrumentation{instanceIOStatistics=counters=((delegation_tokens_issued.failures=0) (stream_read_exceptions=0) (stream_write_bytes=0) (files_created=0) (store_io_rate_limited_duration=0) (store_exists_probe.failures=0) (multipart_upload_list.failures=0) (directories_created=1) (files_deleted=0) (committer_commits_reverted=0) (committer_commits_aborted=0) (op_xattr_get_named_map.failures=0) (filesystem_initialization.failures=0) (op_exists=0) (object_multipart_aborted=0) (stream_read_opened=0) (stream_read_seek_operations=0) (op_list_files=0) (op_hsync=0) (multipart_upload_completed=0) (op_mkdirs.failures=0) (http_response_5XX=0) (object_delete_request=0) (committer_load_single_pending_file=0) (multipart_upload_started=0) (committer_jobs_failed=0) (object_multipart_aborted.failures=0) (committer_materialize_file.failures=0) (object_put_request_completed=1) (op_copy_from_local_file=0) (object_continue_list_request=0) (op_abort.failures=0) (stream_file_cache_eviction.failures=0) (stream_read_close_operations=0) (store_io_request=3) (stream_read_seek_bytes_skipped=0) (store_io_throttled=0) (http_response_4XX=0) (committer_bytes_uploaded=0) (op_get_file_checksum=0) (stream_read_seek_backward_operations=0) (committer_commits.failures=0) (committer_commits_completed=0) (object_put_request=1) (op_list_located_status=0) (stream_read_vectored_read_bytes_discarded=0) (stream_read_total_bytes=0) (stream_write_total_data=0) (op_list_files.failures=0) (object_multipart_list=0) (committer_materialize_file=0) (delegation_tokens_issued=0) (stream_read_seek_policy_changed=0) (store_client_creation.failures=0) (stream_read_unbuffered=0) (committer_tasks_failed=0) (filesystem_close.failures=0) (object_copy_requests=0) (op_list_status=0) (object_bulk_delete_request.failures=0) (op_bulk-delete=0) (stream_write_queue_duration=0) (store_io_rate_limited_duration.failures=0) (op_xattr_list.failures=0) (op_delete=0) (op_is_directory=0) (op_xattr_get_map=0) (files_copied_bytes=0) (http_response_500=0) (object_continue_list_request.failures=0) (action_http_get_request.failures=0) (stream_write_total_time=0) (stream_read_vectored_operations=0) (object_multipart_initiated.failures=0) (op_get_content_summary=0) (op_glob_status=0) (object_delete_request.failures=0) (op_xattr_list=0) (stream_file_cache_eviction=0) (stream_read_version_mismatches=0) (http_response_503=0) (object_multipart_initiated=0) (op_glob_status.failures=0) (stream_read_closed=0) (committer_magic_marker_put.failures=0) (op_exists.failures=0) (op_get_file_checksum.failures=0) (filesystem_initialization=1) (audit_access_check_failure=0) (op_abort=0) (multipart_upload_part_put=0) (action_http_head_request.failures=0) (files_copied=0) (stream_read_fully_operations=0) (stream_read_bytes_discarded_in_abort=0) (multipart_upload_aborted=0) (object_delete_objects=0) (op_openfile=0) (op_is_directory.failures=0) (committer_jobs_completed=0) (op_is_file=0) (object_put_request.failures=0) (files_delete_rejected=0) (op_get_content_summary.failures=0) (committer_load_single_pending_file.failures=0) (audit_request_execution=4) (object_list_request=2) (stream_read_bytes_discarded_in_close=0) (committer_commit_job=0) (audit_span_creation=3) (op_xattr_get_map.failures=0) (store_exists_probe=0) (filesystem_close=0) (directories_deleted=0) (action_http_head_request=1) (op_create_non_recursive=0) (action_file_opened=0) (http_response_400=0) (stream_read_seek_bytes_discarded=0) (op_open=0) (stream_read_remote_stream_aborted.failures=0) (committer_tasks_completed=0) (http_response_429=0) (fake_directories_created=0) (stream_read_vectored_incoming_ranges=0) (op_createfile=0) (stream_read_vectored_combined_ranges=0) (audit_failure=1) (op_access=0) (action_file_opened.failures=0) (op_xattr_get_named=0) (stream_write_queue_duration.failures=0) (fake_directories_deleted=0) (committer_stage_file_upload=0) (multipart_upload_list=0) (stream_read_operations_incomplete=0) (stream_read_remote_stream_drain.failures=0) (op_xattr_get_named_map=0) (stream_write_exceptions=0) (op_is_file.failures=0) (action_executor_acquired.failures=0) (stream_aborted=0) (op_get_delegation_token=0) (object_list_request.failures=1) (action_http_get_request=0) (object_bulk_delete_request=0) (stream_evict_blocks_from_cache=0) (object_multipart_list.failures=0) (multipart_upload_part_put_bytes=0) (op_xattr_get_named.failures=0) (committer_commits_created=0) (object_put_bytes=0) (stream_write_block_uploads_aborted=0) (op_createfile.failures=0) (op_rename=0) (op_create=1) (stream_read_seek_forward_operations=0) (multipart_upload_abort_under_path_invoked=0) (committer_magic_files_created=0) (ignored_errors=0) (op_get_file_status=0) (stream_read_bytes=0) (op_get_file_status.failures=0) (op_rename.failures=0) (object_metadata_request=1) (stream_read_remote_stream_aborted=0) (store_io_retry=0) (op_create.failures=1) (store_client_creation=1) (committer_stage_file_upload.failures=0) (op_get_delegation_token.failures=0) (stream_write_block_uploads=0) (op_copy_from_local_file.failures=0) (committer_commit_job.failures=0) (committer_bytes_committed=0) (op_list_status.failures=0) (stream_write_exceptions_completing_upload=0) (stream_read_bytes_backwards_on_seek=0) (op_access.failures=0) (stream_read_operations=0) (committer_magic_marker_put=0) (op_hflush=0) (stream_write_block_uploads_committed=0) (action_executor_acquired=0) (op_mkdirs=1) (multipart_instantiated=0) (op_delete.failures=0) (stream_read_remote_stream_drain=0));
gauges=((client_side_encryption_enabled=0) (stream_write_block_uploads_pending=0) (stream_write_block_uploads_active=0) (stream_read_blocks_in_cache=0) (stream_write_block_uploads_data_pending=0) (stream_read_active_memory_in_use=0) (object_put_bytes_pending=0) (stream_read_active_prefetch_operations=0) (object_put_request_active=0));
minimums=((object_list_request.failures.min=2) (op_xattr_list.min=-1) (op_xattr_get_map.min=-1) (multipart_upload_list.min=-1) (object_continue_list_request.failures.min=-1) (object_multipart_aborted.failures.min=-1) (op_createfile.failures.min=-1) (stream_write_queue_duration.min=-1) (object_bulk_delete_request.failures.min=-1) (op_createfile.min=-1) (op_create.min=-1) (committer_load_single_pending_file.failures.min=-1) (filesystem_initialization.failures.min=-1) (op_get_content_summary.failures.min=-1) (object_multipart_aborted.min=-1) (op_delete.failures.min=-1) (op_rename.failures.min=-1) (op_list_files.failures.min=-1) (stream_file_cache_eviction.failures.min=-1) (action_executor_acquired.min=-1) (action_http_get_request.failures.min=-1) (op_copy_from_local_file.failures.min=-1) (op_access.failures.min=-1) (op_access.min=-1) (stream_read_remote_stream_drain.failures.min=-1) (object_delete_request.failures.min=-1) (op_get_file_status.failures.min=-1) (op_exists.min=-1) (op_xattr_get_named.failures.min=-1) (op_glob_status.min=-1) (op_is_directory.failures.min=-1) (store_exists_probe.failures.min=-1) (object_multipart_initiated.failures.min=-1) (op_list_files.min=-1) (committer_materialize_file.failures.min=-1) (committer_load_single_pending_file.min=-1) (store_io_rate_limited_duration.min=-1) (multipart_upload_list.failures.min=-1) (op_list_status.failures.min=-1) (op_copy_from_local_file.min=-1) (object_delete_request.min=-1) (committer_magic_marker_put.min=-1) (action_http_get_request.min=-1) (object_put_request.failures.min=-1) (op_xattr_get_named_map.failures.min=-1) (committer_commit_job.min=-1) (op_mkdirs.min=20) (op_glob_status.failures.min=-1) (op_is_directory.min=-1) (action_file_opened.failures.min=-1) (store_exists_probe.min=-1) (op_get_content_summary.min=-1) (committer_magic_marker_put.failures.min=-1) (op_list_status.min=-1) (action_http_head_request.failures.min=-1) (filesystem_close.failures.min=-1) (op_xattr_get_named.min=-1) (action_file_opened.min=-1) (committer_stage_file_upload.min=-1) (action_http_head_request.min=4) (stream_read_remote_stream_aborted.min=-1) (committer_materialize_file.min=-1) (object_multipart_initiated.min=-1) (object_continue_list_request.min=-1) (store_client_creation.min=2) (object_multipart_list.min=-1) (op_create.failures.min=5) (committer_commit_job.failures.min=-1) (op_rename.min=-1) (object_multipart_list.failures.min=-1) (op_delete.min=-1) (op_abort.min=-1) (op_get_file_checksum.min=-1) (delegation_tokens_issued.min=-1) (store_client_creation.failures.min=-1) (op_get_file_status.min=-1) (stream_write_queue_duration.failures.min=-1) (stream_read_remote_stream_drain.min=-1) (action_executor_acquired.failures.min=-1) (op_xattr_get_named_map.min=-1) (op_get_delegation_token.failures.min=-1) (delegation_tokens_issued.failures.min=-1) (op_mkdirs.failures.min=-1) (object_list_request.min=8) (op_is_file.failures.min=-1) (stream_file_cache_eviction.min=-1) (op_xattr_get_map.failures.min=-1) (store_io_rate_limited_duration.failures.min=-1) (op_exists.failures.min=-1) (stream_read_remote_stream_aborted.failures.min=-1) (filesystem_close.min=-1) (object_put_request.min=5) (committer_stage_file_upload.failures.min=-1) (object_bulk_delete_request.min=-1) (op_xattr_list.failures.min=-1) (op_is_file.min=-1) (filesystem_initialization.min=7) (op_get_delegation_token.min=-1) (op_get_file_checksum.failures.min=-1) (op_abort.failures.min=-1));
maximums=((op_copy_from_local_file.max=-1) (action_executor_acquired.failures.max=-1) (multipart_upload_list.max=-1) (stream_file_cache_eviction.max=-1) (filesystem_close.max=-1) (object_multipart_list.failures.max=-1) (filesystem_initialization.max=7) (stream_write_queue_duration.max=-1) (filesystem_close.failures.max=-1) (store_io_rate_limited_duration.failures.max=-1) (op_delete.failures.max=-1) (committer_magic_marker_put.failures.max=-1) (committer_materialize_file.max=-1) (op_is_directory.failures.max=-1) (op_list_files.failures.max=-1) (object_multipart_list.max=-1) (op_get_delegation_token.failures.max=-1) (object_list_request.failures.max=2) (store_exists_probe.max=-1) (op_exists.max=-1) (object_multipart_initiated.failures.max=-1) (stream_read_remote_stream_drain.failures.max=-1) (op_get_file_checksum.max=-1) (committer_load_single_pending_file.max=-1) (action_file_opened.max=-1) (object_delete_request.failures.max=-1) (delegation_tokens_issued.failures.max=-1) (op_get_file_status.max=-1) (op_access.failures.max=-1) (op_exists.failures.max=-1) (object_put_request.max=5) (op_list_files.max=-1) (action_file_opened.failures.max=-1) (op_xattr_list.max=-1) (stream_read_remote_stream_drain.max=-1) (op_create.max=-1) (op_access.max=-1) (action_http_head_request.failures.max=-1) (store_exists_probe.failures.max=-1) (op_xattr_get_map.failures.max=-1) (op_mkdirs.max=20) (multipart_upload_list.failures.max=-1) (op_is_directory.max=-1) (op_xattr_get_map.max=-1) (op_get_file_checksum.failures.max=-1) (object_continue_list_request.max=-1) (op_abort.max=-1) (op_get_content_summary.max=-1) (filesystem_initialization.failures.max=-1) (op_list_status.failures.max=-1) (op_mkdirs.failures.max=-1) (op_glob_status.max=-1) (op_createfile.failures.max=-1) (op_copy_from_local_file.failures.max=-1) (object_put_request.failures.max=-1) (op_xattr_get_named_map.max=-1) (stream_read_remote_stream_aborted.max=-1) (committer_load_single_pending_file.failures.max=-1) (committer_commit_job.failures.max=-1) (committer_magic_marker_put.max=-1) (op_get_content_summary.failures.max=-1) (store_client_creation.failures.max=-1) (object_bulk_delete_request.max=-1) (op_xattr_get_named.failures.max=-1) (op_get_file_status.failures.max=-1) (op_glob_status.failures.max=-1) (action_executor_acquired.max=-1) (action_http_get_request.failures.max=-1) (store_client_creation.max=2) (action_http_get_request.max=-1) (stream_file_cache_eviction.failures.max=-1) (op_delete.max=-1) (op_rename.failures.max=-1) (op_create.failures.max=5) (committer_materialize_file.failures.max=-1) (committer_stage_file_upload.max=-1) (op_is_file.failures.max=-1) (object_bulk_delete_request.failures.max=-1) (object_list_request.max=8) (object_multipart_initiated.max=-1) (op_xattr_list.failures.max=-1) (op_get_delegation_token.max=-1) (object_multipart_aborted.max=-1) (op_createfile.max=-1) (op_abort.failures.max=-1) (action_http_head_request.max=4) (object_delete_request.max=-1) (committer_stage_file_upload.failures.max=-1) (committer_commit_job.max=-1) (stream_write_queue_duration.failures.max=-1) (store_io_rate_limited_duration.max=-1) (stream_read_remote_stream_aborted.failures.max=-1) (object_multipart_aborted.failures.max=-1) (op_rename.max=-1) (op_xattr_get_named.max=-1) (delegation_tokens_issued.max=-1) (object_continue_list_request.failures.max=-1) (op_xattr_get_named_map.failures.max=-1) (op_list_status.max=-1) (op_is_file.max=-1));
means=((committer_load_single_pending_file.mean=(samples=0, sum=0, mean=0.0000)) (op_list_files.failures.mean=(samples=0, sum=0, mean=0.0000)) (op_is_file.mean=(samples=0, sum=0, mean=0.0000)) (object_multipart_initiated.failures.mean=(samples=0, sum=0, mean=0.0000)) (op_access.failures.mean=(samples=0, sum=0, mean=0.0000)) (op_get_delegation_token.failures.mean=(samples=0, sum=0, mean=0.0000)) (op_abort.mean=(samples=0, sum=0, mean=0.0000)) (filesystem_close.mean=(samples=0, sum=0, mean=0.0000)) (multipart_upload_list.mean=(samples=0, sum=0, mean=0.0000)) (op_get_file_status.mean=(samples=0, sum=0, mean=0.0000)) (object_multipart_initiated.mean=(samples=0, sum=0, mean=0.0000)) (op_delete.failures.mean=(samples=0, sum=0, mean=0.0000)) (op_is_directory.mean=(samples=0, sum=0, mean=0.0000)) (op_access.mean=(samples=0, sum=0, mean=0.0000)) (committer_materialize_file.mean=(samples=0, sum=0, mean=0.0000)) (op_xattr_get_named_map.failures.mean=(samples=0, sum=0, mean=0.0000)) (store_client_creation.failures.mean=(samples=0, sum=0, mean=0.0000)) (object_list_request.mean=(samples=1, sum=8, mean=8.0000)) (object_delete_request.failures.mean=(samples=0, sum=0, mean=0.0000)) (object_continue_list_request.failures.mean=(samples=0, sum=0, mean=0.0000)) (stream_read_remote_stream_aborted.mean=(samples=0, sum=0, mean=0.0000)) (op_xattr_get_map.failures.mean=(samples=0, sum=0, mean=0.0000)) (multipart_upload_list.failures.mean=(samples=0, sum=0, mean=0.0000)) (op_delete.mean=(samples=0, sum=0, mean=0.0000)) (op_glob_status.failures.mean=(samples=0, sum=0, mean=0.0000)) (object_multipart_list.mean=(samples=0, sum=0, mean=0.0000)) (op_rename.mean=(samples=0, sum=0, mean=0.0000)) (committer_commit_job.mean=(samples=0, sum=0, mean=0.0000)) (op_copy_from_local_file.failures.mean=(samples=0, sum=0, mean=0.0000)) (op_rename.failures.mean=(samples=0, sum=0, mean=0.0000)) (op_list_status.failures.mean=(samples=0, sum=0, mean=0.0000)) (filesystem_initialization.mean=(samples=1, sum=7, mean=7.0000)) (op_xattr_get_named.mean=(samples=0, sum=0, mean=0.0000)) (object_multipart_aborted.failures.mean=(samples=0, sum=0, mean=0.0000)) (delegation_tokens_issued.failures.mean=(samples=0, sum=0, mean=0.0000)) (store_io_rate_limited_duration.failures.mean=(samples=0, sum=0, mean=0.0000)) (store_exists_probe.failures.mean=(samples=0, sum=0, mean=0.0000)) (op_get_file_checksum.mean=(samples=0, sum=0, mean=0.0000)) (object_multipart_aborted.mean=(samples=0, sum=0, mean=0.0000)) (op_list_files.mean=(samples=0, sum=0, mean=0.0000)) (op_list_status.mean=(samples=0, sum=0, mean=0.0000)) (object_bulk_delete_request.failures.mean=(samples=0, sum=0, mean=0.0000)) (op_exists.mean=(samples=0, sum=0, mean=0.0000)) (object_list_request.failures.mean=(samples=1, sum=2, mean=2.0000)) (op_create.mean=(samples=0, sum=0, mean=0.0000)) (op_create.failures.mean=(samples=1, sum=5, mean=5.0000)) (action_http_head_request.mean=(samples=1, sum=4, mean=4.0000)) (committer_commit_job.failures.mean=(samples=0, sum=0, mean=0.0000)) (stream_read_remote_stream_drain.failures.mean=(samples=0, sum=0, mean=0.0000)) (store_io_rate_limited_duration.mean=(samples=0, sum=0, mean=0.0000)) (store_client_creation.mean=(samples=1, sum=2, mean=2.0000)) (action_file_opened.failures.mean=(samples=0, sum=0, mean=0.0000)) (action_executor_acquired.failures.mean=(samples=0, sum=0, mean=0.0000)) (action_file_opened.mean=(samples=0, sum=0, mean=0.0000)) (op_xattr_get_named.failures.mean=(samples=0, sum=0, mean=0.0000)) (op_get_file_checksum.failures.mean=(samples=0, sum=0, mean=0.0000)) (op_get_delegation_token.mean=(samples=0, sum=0, mean=0.0000)) (action_http_get_request.mean=(samples=0, sum=0, mean=0.0000)) (op_xattr_get_map.mean=(samples=0, sum=0, mean=0.0000)) (stream_write_queue_duration.mean=(samples=0, sum=0, mean=0.0000)) (object_put_request.failures.mean=(samples=0, sum=0, mean=0.0000)) (object_bulk_delete_request.mean=(samples=0, sum=0, mean=0.0000)) (op_xattr_get_named_map.mean=(samples=0, sum=0, mean=0.0000)) (op_is_directory.failures.mean=(samples=0, sum=0, mean=0.0000)) (op_exists.failures.mean=(samples=0, sum=0, mean=0.0000)) (op_get_content_summary.failures.mean=(samples=0, sum=0, mean=0.0000)) (op_copy_from_local_file.mean=(samples=0, sum=0, mean=0.0000)) (action_http_get_request.failures.mean=(samples=0, sum=0, mean=0.0000)) (op_mkdirs.mean=(samples=1, sum=20, mean=20.0000)) (op_xattr_list.mean=(samples=0, sum=0, mean=0.0000)) (op_get_content_summary.mean=(samples=0, sum=0, mean=0.0000)) (stream_file_cache_eviction.mean=(samples=0, sum=0, mean=0.0000)) (store_exists_probe.mean=(samples=0, sum=0, mean=0.0000)) (committer_stage_file_upload.failures.mean=(samples=0, sum=0, mean=0.0000)) (op_createfile.failures.mean=(samples=0, sum=0, mean=0.0000)) (op_get_file_status.failures.mean=(samples=0, sum=0, mean=0.0000)) (action_http_head_request.failures.mean=(samples=0, sum=0, mean=0.0000)) (op_abort.failures.mean=(samples=0, sum=0, mean=0.0000)) (object_put_request.mean=(samples=1, sum=5, mean=5.0000)) (filesystem_initialization.failures.mean=(samples=0, sum=0, mean=0.0000)) (committer_magic_marker_put.mean=(samples=0, sum=0, mean=0.0000)) (filesystem_close.failures.mean=(samples=0, sum=0, mean=0.0000)) (op_glob_status.mean=(samples=0, sum=0, mean=0.0000)) (op_mkdirs.failures.mean=(samples=0, sum=0, mean=0.0000)) (object_multipart_list.failures.mean=(samples=0, sum=0, mean=0.0000)) (stream_write_queue_duration.failures.mean=(samples=0, sum=0, mean=0.0000)) (committer_load_single_pending_file.failures.mean=(samples=0, sum=0, mean=0.0000)) (committer_stage_file_upload.mean=(samples=0, sum=0, mean=0.0000)) (stream_read_remote_stream_drain.mean=(samples=0, sum=0, mean=0.0000)) (op_xattr_list.failures.mean=(samples=0, sum=0, mean=0.0000)) (op_is_file.failures.mean=(samples=0, sum=0, mean=0.0000)) (committer_materialize_file.failures.mean=(samples=0, sum=0, mean=0.0000)) (stream_read_remote_stream_aborted.failures.mean=(samples=0, sum=0, mean=0.0000)) (action_executor_acquired.mean=(samples=0, sum=0, mean=0.0000)) (committer_magic_marker_put.failures.mean=(samples=0, sum=0, mean=0.0000)) (op_createfile.mean=(samples=0, sum=0, mean=0.0000)) (object_continue_list_request.mean=(samples=0, sum=0, mean=0.0000)) (stream_file_cache_eviction.failures.mean=(samples=0, sum=0, mean=0.0000)) (object_delete_request.mean=(samples=0, sum=0, mean=0.0000)) (delegation_tokens_issued.mean=(samples=0, sum=0, mean=0.0000)));
}}, ClientSideEncryption=false}
2025-09-10 15:23:03,993 [teardown] DEBUG s3a.S3AFileSystem (S3AFileSystem.java:innerGetFileStatus(4005)) - Getting path status for s3a://fso-bucket/test  (test); needEmptyDirectory=true
2025-09-10 15:23:03,993 [teardown] DEBUG s3a.S3AFileSystem (S3AFileSystem.java:s3GetFileStatus(4064)) - S3GetFileStatus s3a://fso-bucket/test
2025-09-10 15:23:03,993 [teardown] DEBUG s3a.S3AFileSystem (S3AFileSystem.java:lambda$getObjectMetadata$10(3044)) - HEAD test with change tracker null
2025-09-10 15:23:03,994 [teardown] DEBUG impl.LoggingAuditor (LoggingAuditor.java:modifyHttpRequest(410)) - [145] caec6b93-dc0f-4147-b227-30c28278d0b0-00000102 Executing op_delete with {action_http_head_request 'test' size=0, mutating=false}; https://audit.example.org/hadoop/1/op_delete/caec6b93-dc0f-4147-b227-30c28278d0b0-00000102/?op=op_delete&p1=s3a://fso-bucket/test&pr=runner&ps=fc18256c-f174-48ee-96d7-c86f773ea27a&id=caec6b93-dc0f-4147-b227-30c28278d0b0-00000102&t0=145&fs=caec6b93-dc0f-4147-b227-30c28278d0b0&t1=145&ts=1757517783993
2025-09-10 15:23:03,999 [teardown] DEBUG s3a.Invoker (Invoker.java:retryUntranslated(474)) - GET test ; software.amazon.awssdk.services.s3.model.NoSuchKeyException: null (Service: S3, Status Code: 404, Request ID: 9561b6bd-8562-4a06-b244-6eabd1f595d2, Extended Request ID: dWYE60bMr3) (Service: S3, Status Code: 404, Request ID: 9561b6bd-8562-4a06-b244-6eabd1f595d2), 
2025-09-10 15:23:03,999 [teardown] DEBUG s3a.S3ARetryPolicy (S3ARetryPolicy.java:shouldRetry(318)) - Retry probe for FileNotFoundException with 0 retries and 0 failovers, idempotent=true, due to java.io.FileNotFoundException: GET test on /: software.amazon.awssdk.services.s3.model.NoSuchKeyException: null (Service: S3, Status Code: 404, Request ID: 9561b6bd-8562-4a06-b244-6eabd1f595d2, Extended Request ID: dWYE60bMr3) (Service: S3, Status Code: 404, Request ID: 9561b6bd-8562-4a06-b244-6eabd1f595d2):NoSuchKey
java.io.FileNotFoundException: GET test on /: software.amazon.awssdk.services.s3.model.NoSuchKeyException: null (Service: S3, Status Code: 404, Request ID: 9561b6bd-8562-4a06-b244-6eabd1f595d2, Extended Request ID: dWYE60bMr3) (Service: S3, Status Code: 404, Request ID: 9561b6bd-8562-4a06-b244-6eabd1f595d2):NoSuchKey
	at org.apache.hadoop.fs.s3a.S3AUtils.translateException(S3AUtils.java:279)
	at org.apache.hadoop.fs.s3a.Invoker.retryUntranslated(Invoker.java:481)
	at org.apache.hadoop.fs.s3a.Invoker.retryUntranslated(Invoker.java:431)
	at org.apache.hadoop.fs.s3a.S3AFileSystem.getObjectMetadata(S3AFileSystem.java:3036)
	at org.apache.hadoop.fs.s3a.S3AFileSystem.getObjectMetadata(S3AFileSystem.java:3016)
	at org.apache.hadoop.fs.s3a.S3AFileSystem.s3GetFileStatus(S3AFileSystem.java:4079)
	at org.apache.hadoop.fs.s3a.S3AFileSystem.innerGetFileStatus(S3AFileSystem.java:4007)
	at org.apache.hadoop.fs.s3a.S3AFileSystem.deleteWithoutCloseCheck(S3AFileSystem.java:3592)
	at org.apache.hadoop.fs.s3a.S3AFileSystem.delete(S3AFileSystem.java:3564)
	at org.apache.hadoop.fs.contract.ContractTestUtils.rm(ContractTestUtils.java:421)
	at org.apache.hadoop.fs.contract.ContractTestUtils.cleanup(ContractTestUtils.java:398)
	at org.apache.hadoop.fs.contract.AbstractFSContractTestBase.deleteTestDirInTeardown(AbstractFSContractTestBase.java:229)
	at org.apache.hadoop.fs.contract.AbstractFSContractTestBase.teardown(AbstractFSContractTestBase.java:217)
	at org.apache.hadoop.fs.s3a.ITestS3AContractGetFileStatusV1List.teardown(ITestS3AContractGetFileStatusV1List.java:47)
	at java.base/jdk.internal.reflect.NativeMethodAccessorImpl.invoke0(Native Method)
	at java.base/jdk.internal.reflect.NativeMethodAccessorImpl.invoke(NativeMethodAccessorImpl.java:62)
	at java.base/jdk.internal.reflect.DelegatingMethodAccessorImpl.invoke(DelegatingMethodAccessorImpl.java:43)
	at java.base/java.lang.reflect.Method.invoke(Method.java:566)
	at org.junit.runners.model.FrameworkMethod$1.runReflectiveCall(FrameworkMethod.java:59)
	at org.junit.internal.runners.model.ReflectiveCallable.run(ReflectiveCallable.java:12)
	at org.junit.runners.model.FrameworkMethod.invokeExplosively(FrameworkMethod.java:56)
	at org.junit.internal.runners.statements.RunAfters.invokeMethod(RunAfters.java:46)
	at org.junit.internal.runners.statements.RunAfters.evaluate(RunAfters.java:33)
	at org.junit.rules.TestWatcher$1.evaluate(TestWatcher.java:61)
	at org.junit.internal.runners.statements.FailOnTimeout$CallableStatement.call(FailOnTimeout.java:299)
	at org.junit.internal.runners.statements.FailOnTimeout$CallableStatement.call(FailOnTimeout.java:293)
	at java.base/java.util.concurrent.FutureTask.run(FutureTask.java:264)
	at java.base/java.lang.Thread.run(Thread.java:829)
Caused by: software.amazon.awssdk.services.s3.model.NoSuchKeyException: null (Service: S3, Status Code: 404, Request ID: 9561b6bd-8562-4a06-b244-6eabd1f595d2, Extended Request ID: dWYE60bMr3) (Service: S3, Status Code: 404, Request ID: 9561b6bd-8562-4a06-b244-6eabd1f595d2)
	at software.amazon.awssdk.services.s3.model.NoSuchKeyException$BuilderImpl.build(NoSuchKeyException.java:126)
	at software.amazon.awssdk.services.s3.model.NoSuchKeyException$BuilderImpl.build(NoSuchKeyException.java:80)
	at software.amazon.awssdk.services.s3.internal.handlers.ExceptionTranslationInterceptor.modifyException(ExceptionTranslationInterceptor.java:63)
	at software.amazon.awssdk.core.interceptor.ExecutionInterceptorChain.modifyException(ExecutionInterceptorChain.java:181)
	at software.amazon.awssdk.core.internal.http.pipeline.stages.utils.ExceptionReportingUtils.runModifyException(ExceptionReportingUtils.java:54)
	at software.amazon.awssdk.core.internal.http.pipeline.stages.utils.ExceptionReportingUtils.reportFailureToInterceptors(ExceptionReportingUtils.java:38)
	at software.amazon.awssdk.core.internal.http.pipeline.stages.ExecutionFailureExceptionReportingStage.execute(ExecutionFailureExceptionReportingStage.java:39)
	at software.amazon.awssdk.core.internal.http.pipeline.stages.ExecutionFailureExceptionReportingStage.execute(ExecutionFailureExceptionReportingStage.java:26)
	at software.amazon.awssdk.core.internal.http.AmazonSyncHttpClient$RequestExecutionBuilderImpl.execute(AmazonSyncHttpClient.java:224)
	at software.amazon.awssdk.core.internal.handler.BaseSyncClientHandler.invoke(BaseSyncClientHandler.java:103)
	at software.amazon.awssdk.core.internal.handler.BaseSyncClientHandler.doExecute(BaseSyncClientHandler.java:173)
	at software.amazon.awssdk.core.internal.handler.BaseSyncClientHandler.lambda$execute$1(BaseSyncClientHandler.java:80)
	at software.amazon.awssdk.core.internal.handler.BaseSyncClientHandler.measureApiCallSuccess(BaseSyncClientHandler.java:182)
	at software.amazon.awssdk.core.internal.handler.BaseSyncClientHandler.execute(BaseSyncClientHandler.java:74)
	at software.amazon.awssdk.core.client.handler.SdkSyncClientHandler.execute(SdkSyncClientHandler.java:45)
	at software.amazon.awssdk.awscore.client.handler.AwsSyncClientHandler.execute(AwsSyncClientHandler.java:53)
	at software.amazon.awssdk.services.s3.DefaultS3Client.headObject(DefaultS3Client.java:6319)
	at software.amazon.awssdk.services.s3.DelegatingS3Client.lambda$headObject$53(DelegatingS3Client.java:5053)
	at software.amazon.awssdk.services.s3.internal.crossregion.S3CrossRegionSyncClient.invokeOperation(S3CrossRegionSyncClient.java:67)
	at software.amazon.awssdk.services.s3.DelegatingS3Client.headObject(DelegatingS3Client.java:5053)
	at org.apache.hadoop.fs.s3a.S3AFileSystem.lambda$getObjectMetadata$10(S3AFileSystem.java:3049)
	at org.apache.hadoop.fs.s3a.Invoker.retryUntranslated(Invoker.java:468)
	... 26 more
2025-09-10 15:23:04,000 [teardown] DEBUG s3a.S3ARetryPolicy (S3ARetryPolicy.java:shouldRetry(323)) - Retry action is RetryAction(action=FAIL, delayMillis=0, reason=try once and fail.)
2025-09-10 15:23:04,000 [teardown] DEBUG s3a.S3AFileSystem (S3AFileSystem.java:listObjects(3107)) - LIST List fso-bucket:/test/ delimiter=/ keys=2 requester pays=null
2025-09-10 15:23:04,000 [teardown] DEBUG s3a.S3AFileSystem (DurationInfo.java:<init>(80)) - Starting: LIST
2025-09-10 15:23:04,001 [teardown] DEBUG impl.LoggingAuditor (LoggingAuditor.java:modifyHttpRequest(410)) - [145] caec6b93-dc0f-4147-b227-30c28278d0b0-00000102 Executing op_delete with {object_list_request 'test/' size=2, mutating=false}; https://audit.example.org/hadoop/1/op_delete/caec6b93-dc0f-4147-b227-30c28278d0b0-00000102/?op=op_delete&p1=s3a://fso-bucket/test&pr=runner&ps=fc18256c-f174-48ee-96d7-c86f773ea27a&id=caec6b93-dc0f-4147-b227-30c28278d0b0-00000102&t0=145&fs=caec6b93-dc0f-4147-b227-30c28278d0b0&t1=145&ts=1757517783993
2025-09-10 15:23:04,007 [teardown] DEBUG s3a.S3AFileSystem (DurationInfo.java:close(101)) - LIST: duration 0:00.007s
2025-09-10 15:23:04,007 [teardown] DEBUG s3a.S3AFileSystem (S3AFileSystem.java:s3GetFileStatus(4128)) - Found path as directory (with /)
2025-09-10 15:23:04,007 [teardown] DEBUG s3a.S3AFileSystem (S3ListResult.java:logAtDebug(146)) - Prefix count = 0; object count=1
2025-09-10 15:23:04,007 [teardown] DEBUG s3a.S3AFileSystem (S3ListResult.java:logAtDebug(149)) - Summary: test/ 0
2025-09-10 15:23:04,007 [teardown] DEBUG impl.DeleteOperation (DeleteOperation.java:execute(196)) - Delete path s3a://fso-bucket/test - recursive true
2025-09-10 15:23:04,008 [teardown] DEBUG impl.DeleteOperation (DeleteOperation.java:execute(197)) - Type = Empty Directory
2025-09-10 15:23:04,008 [teardown] DEBUG impl.DeleteOperation (DeleteOperation.java:execute(205)) - delete: Path is a directory: s3a://fso-bucket/test
2025-09-10 15:23:04,008 [teardown] DEBUG impl.DeleteOperation (DeleteOperation.java:execute(225)) - deleting empty directory s3a://fso-bucket/test
2025-09-10 15:23:04,008 [teardown] DEBUG impl.DeleteOperation (DeleteOperation.java:deleteObjectAtPath(381)) - delete: dir marker test/
2025-09-10 15:23:04,008 [teardown] DEBUG s3a.Invoker (DurationInfo.java:<init>(80)) - Starting: delete
2025-09-10 15:23:04,008 [teardown] DEBUG impl.S3AStoreImpl (DurationInfo.java:<init>(80)) - Starting: deleting test/
2025-09-10 15:23:04,009 [teardown] DEBUG impl.LoggingAuditor (LoggingAuditor.java:modifyHttpRequest(410)) - [145] caec6b93-dc0f-4147-b227-30c28278d0b0-00000102 Executing op_delete with {object_delete_request 'test/' size=1, mutating=true}; https://audit.example.org/hadoop/1/op_delete/caec6b93-dc0f-4147-b227-30c28278d0b0-00000102/?op=op_delete&p1=s3a://fso-bucket/test&pr=runner&ps=fc18256c-f174-48ee-96d7-c86f773ea27a&ks=1&id=caec6b93-dc0f-4147-b227-30c28278d0b0-00000102&t0=145&fs=caec6b93-dc0f-4147-b227-30c28278d0b0&t1=145&ts=1757517783993
2025-09-10 15:23:04,013 [teardown] DEBUG impl.S3AStoreImpl (DurationInfo.java:close(101)) - deleting test/: duration 0:00.005s
2025-09-10 15:23:04,013 [teardown] DEBUG s3a.Invoker (DurationInfo.java:close(101)) - delete: duration 0:00.005s
2025-09-10 15:23:04,013 [teardown] DEBUG impl.DeleteOperation (DeleteOperation.java:execute(236)) - Deleted 1 objects
]]></system-out>
  </testcase>
  <testcase name="testComplexDirActions" classname="org.apache.hadoop.fs.s3a.ITestS3AContractGetFileStatusV1List" time="3.569"/>
  <testcase name="testListStatusIteratorNoDir" classname="org.apache.hadoop.fs.s3a.ITestS3AContractGetFileStatusV1List" time="0.115"/>
  <testcase name="testListStatusIteratorFile" classname="org.apache.hadoop.fs.s3a.ITestS3AContractGetFileStatusV1List" time="0.126"/>
  <testcase name="testListStatusFile" classname="org.apache.hadoop.fs.s3a.ITestS3AContractGetFileStatusV1List" time="0.113"/>
  <testcase name="testListStatusNoDir" classname="org.apache.hadoop.fs.s3a.ITestS3AContractGetFileStatusV1List" time="0.083"/>
  <testcase name="testListStatusFilteredNoDir" classname="org.apache.hadoop.fs.s3a.ITestS3AContractGetFileStatusV1List" time="0.082"/>
  <testcase name="testListFilesFileRecursive" classname="org.apache.hadoop.fs.s3a.ITestS3AContractGetFileStatusV1List" time="0.108"/>
  <testcase name="testLocatedStatusNoDir" classname="org.apache.hadoop.fs.s3a.ITestS3AContractGetFileStatusV1List" time="0.103"/>
  <testcase name="testGetFileStatusNonexistentFile" classname="org.apache.hadoop.fs.s3a.ITestS3AContractGetFileStatusV1List" time="0.066"/>
</testsuite>