<?xml version="1.0" encoding="UTF-8"?>
<testsuite xmlns:xsi="http://www.w3.org/2001/XMLSchema-instance" xsi:noNamespaceSchemaLocation="https://maven.apache.org/surefire/maven-surefire-plugin/xsd/surefire-test-report.xsd" name="org.apache.hadoop.ozone.TestMiniOzoneCluster" time="187.376" tests="5" errors="1" skipped="0" failures="0">
  <properties>
    <property name="awt.toolkit" value="sun.awt.X11.XToolkit"/>
    <property name="file.encoding.pkg" value="sun.io"/>
    <property name="java.specification.version" value="1.8"/>
    <property name="sun.cpu.isalist" value=""/>
    <property name="sun.jnu.encoding" value="UTF-8"/>
    <property name="java.class.path" value="/home/runner/work/ozone/ozone/hadoop-ozone/integration-test/target/test-classes:/home/runner/work/ozone/ozone/hadoop-ozone/integration-test/target/classes:/home/runner/.m2/repository/org/apache/ozone/ozone-common/1.2.0-SNAPSHOT/ozone-common-1.2.0-SNAPSHOT.jar:/home/runner/.m2/repository/org/apache/commons/commons-compress/1.21/commons-compress-1.21.jar:/home/runner/.m2/repository/org/apache/ozone/hdds-common/1.2.0-SNAPSHOT/hdds-common-1.2.0-SNAPSHOT.jar:/home/runner/.m2/repository/org/apache/ozone/hdds-client/1.2.0-SNAPSHOT/hdds-client-1.2.0-SNAPSHOT.jar:/home/runner/.m2/repository/org/apache/ozone/ozone-interface-client/1.2.0-SNAPSHOT/ozone-interface-client-1.2.0-SNAPSHOT.jar:/home/runner/.m2/repository/org/apache/ozone/hdds-server-framework/1.2.0-SNAPSHOT/hdds-server-framework-1.2.0-SNAPSHOT.jar:/home/runner/.m2/repository/org/apache/ozone/hdds-interface-server/1.2.0-SNAPSHOT/hdds-interface-server-1.2.0-SNAPSHOT.jar:/home/runner/.m2/repository/org/eclipse/jetty/jetty-servlet/9.4.43.v20210629/jetty-servlet-9.4.43.v20210629.jar:/home/runner/.m2/repository/org/eclipse/jetty/jetty-security/9.4.43.v20210629/jetty-security-9.4.43.v20210629.jar:/home/runner/.m2/repository/org/rocksdb/rocksdbjni/6.20.3/rocksdbjni-6.20.3.jar:/home/runner/.m2/repository/io/prometheus/simpleclient_dropwizard/0.7.0/simpleclient_dropwizard-0.7.0.jar:/home/runner/.m2/repository/io/prometheus/simpleclient/0.7.0/simpleclient-0.7.0.jar:/home/runner/.m2/repository/io/prometheus/simpleclient_common/0.7.0/simpleclient_common-0.7.0.jar:/home/runner/.m2/repository/com/fasterxml/jackson/datatype/jackson-datatype-jsr310/2.12.1/jackson-datatype-jsr310-2.12.1.jar:/home/runner/.m2/repository/org/apache/ozone/hdds-test-utils/1.2.0-SNAPSHOT/hdds-test-utils-1.2.0-SNAPSHOT.jar:/home/runner/.m2/repository/com/google/guava/guava/30.1.1-jre/guava-30.1.1-jre.jar:/home/runner/.m2/repository/com/google/guava/failureaccess/1.0.1/failureaccess-1.0.1.jar:/home/runner/.m2/repository/com/google/guava/listenablefuture/9999.0-empty-to-avoid-conflict-with-guava/listenablefuture-9999.0-empty-to-avoid-conflict-with-guava.jar:/home/runner/.m2/repository/com/google/code/findbugs/jsr305/3.0.0/jsr305-3.0.0.jar:/home/runner/.m2/repository/org/checkerframework/checker-qual/3.8.0/checker-qual-3.8.0.jar:/home/runner/.m2/repository/com/google/errorprone/error_prone_annotations/2.2.0/error_prone_annotations-2.2.0.jar:/home/runner/.m2/repository/com/google/j2objc/j2objc-annotations/1.3/j2objc-annotations-1.3.jar:/home/runner/.m2/repository/commons-io/commons-io/2.11.0/commons-io-2.11.0.jar:/home/runner/.m2/repository/commons-logging/commons-logging/1.2/commons-logging-1.2.jar:/home/runner/.m2/repository/log4j/log4j/1.2.17/log4j-1.2.17.jar:/home/runner/.m2/repository/org/slf4j/slf4j-api/1.7.30/slf4j-api-1.7.30.jar:/home/runner/.m2/repository/org/apache/ozone/hdds-server-scm/1.2.0-SNAPSHOT/hdds-server-scm-1.2.0-SNAPSHOT.jar:/home/runner/.m2/repository/org/apache/ozone/hdds-container-service/1.2.0-SNAPSHOT/hdds-container-service-1.2.0-SNAPSHOT.jar:/home/runner/.m2/repository/org/apache/ozone/hdds-hadoop-dependency-server/1.2.0-SNAPSHOT/hdds-hadoop-dependency-server-1.2.0-SNAPSHOT.jar:/home/runner/.m2/repository/org/apache/hadoop/hadoop-hdfs/3.3.1/hadoop-hdfs-3.3.1.jar:/home/runner/.m2/repository/io/dropwizard/metrics/metrics-core/3.2.4/metrics-core-3.2.4.jar:/home/runner/.m2/repository/org/apache/hadoop/hadoop-hdfs-client/3.3.1/hadoop-hdfs-client-3.3.1.jar:/home/runner/.m2/repository/org/bouncycastle/bcprov-jdk15on/1.67/bcprov-jdk15on-1.67.jar:/home/runner/.m2/repository/com/google/protobuf/protobuf-java/2.5.0/protobuf-java-2.5.0.jar:/home/runner/.m2/repository/org/apache/ozone/ozone-manager/1.2.0-SNAPSHOT/ozone-manager-1.2.0-SNAPSHOT.jar:/home/runner/.m2/repository/org/aspectj/aspectjrt/1.9.7/aspectjrt-1.9.7.jar:/home/runner/.m2/repository/org/aspectj/aspectjweaver/1.9.7/aspectjweaver-1.9.7.jar:/home/runner/.m2/repository/org/apache/ozone/hdds-interface-client/1.2.0-SNAPSHOT/hdds-interface-client-1.2.0-SNAPSHOT.jar:/home/runner/.m2/repository/org/apache/hadoop/thirdparty/hadoop-shaded-protobuf_3_7/1.1.1/hadoop-shaded-protobuf_3_7-1.1.1.jar:/home/runner/.m2/repository/org/apache/ozone/ozone-interface-storage/1.2.0-SNAPSHOT/ozone-interface-storage-1.2.0-SNAPSHOT.jar:/home/runner/.m2/repository/org/reflections/reflections/0.9.11/reflections-0.9.11.jar:/home/runner/.m2/repository/org/apache/hadoop/hadoop-minikdc/3.3.1/hadoop-minikdc-3.3.1.jar:/home/runner/.m2/repository/org/apache/kerby/kerb-simplekdc/1.0.1/kerb-simplekdc-1.0.1.jar:/home/runner/.m2/repository/org/apache/kerby/kerb-client/1.0.1/kerb-client-1.0.1.jar:/home/runner/.m2/repository/org/apache/kerby/kerby-config/1.0.1/kerby-config-1.0.1.jar:/home/runner/.m2/repository/org/apache/kerby/kerb-common/1.0.1/kerb-common-1.0.1.jar:/home/runner/.m2/repository/org/apache/kerby/kerb-crypto/1.0.1/kerb-crypto-1.0.1.jar:/home/runner/.m2/repository/org/apache/kerby/kerb-util/1.0.1/kerb-util-1.0.1.jar:/home/runner/.m2/repository/org/apache/kerby/token-provider/1.0.1/token-provider-1.0.1.jar:/home/runner/.m2/repository/org/apache/kerby/kerb-admin/1.0.1/kerb-admin-1.0.1.jar:/home/runner/.m2/repository/org/apache/kerby/kerb-server/1.0.1/kerb-server-1.0.1.jar:/home/runner/.m2/repository/org/apache/kerby/kerb-identity/1.0.1/kerb-identity-1.0.1.jar:/home/runner/.m2/repository/org/apache/kerby/kerby-xdr/1.0.1/kerby-xdr-1.0.1.jar:/home/runner/.m2/repository/org/slf4j/slf4j-log4j12/1.7.30/slf4j-log4j12-1.7.30.jar:/home/runner/.m2/repository/org/apache/ozone/ozone-s3gateway/1.2.0-SNAPSHOT/ozone-s3gateway-1.2.0-SNAPSHOT.jar:/home/runner/.m2/repository/org/javassist/javassist/3.21.0-GA/javassist-3.21.0-GA.jar:/home/runner/.m2/repository/org/jboss/weld/servlet/weld-servlet/2.4.7.Final/weld-servlet-2.4.7.Final.jar:/home/runner/.m2/repository/org/glassfish/jersey/containers/jersey-container-servlet-core/2.33/jersey-container-servlet-core-2.33.jar:/home/runner/.m2/repository/org/glassfish/hk2/external/jakarta.inject/2.6.1/jakarta.inject-2.6.1.jar:/home/runner/.m2/repository/org/glassfish/jersey/core/jersey-common/2.33/jersey-common-2.33.jar:/home/runner/.m2/repository/jakarta/ws/rs/jakarta.ws.rs-api/2.1.6/jakarta.ws.rs-api-2.1.6.jar:/home/runner/.m2/repository/org/glassfish/jersey/ext/cdi/jersey-cdi1x/2.33/jersey-cdi1x-2.33.jar:/home/runner/.m2/repository/org/glassfish/jersey/inject/jersey-hk2/2.33/jersey-hk2-2.33.jar:/home/runner/.m2/repository/org/glassfish/hk2/hk2-locator/2.6.1/hk2-locator-2.6.1.jar:/home/runner/.m2/repository/org/glassfish/jersey/media/jersey-media-jaxb/2.33/jersey-media-jaxb-2.33.jar:/home/runner/.m2/repository/org/glassfish/hk2/osgi-resource-locator/1.0.3/osgi-resource-locator-1.0.3.jar:/home/runner/.m2/repository/org/glassfish/hk2/hk2-api/2.5.0/hk2-api-2.5.0.jar:/home/runner/.m2/repository/org/glassfish/hk2/hk2-utils/2.5.0/hk2-utils-2.5.0.jar:/home/runner/.m2/repository/org/glassfish/hk2/external/aopalliance-repackaged/2.5.0/aopalliance-repackaged-2.5.0.jar:/home/runner/.m2/repository/com/fasterxml/jackson/dataformat/jackson-dataformat-xml/2.12.1/jackson-dataformat-xml-2.12.1.jar:/home/runner/.m2/repository/com/fasterxml/jackson/core/jackson-core/2.12.1/jackson-core-2.12.1.jar:/home/runner/.m2/repository/com/fasterxml/jackson/module/jackson-module-jaxb-annotations/2.12.1/jackson-module-jaxb-annotations-2.12.1.jar:/home/runner/.m2/repository/jakarta/xml/bind/jakarta.xml.bind-api/2.3.2/jakarta.xml.bind-api-2.3.2.jar:/home/runner/.m2/repository/org/codehaus/woodstox/stax2-api/3.1.4/stax2-api-3.1.4.jar:/home/runner/.m2/repository/com/fasterxml/woodstox/woodstox-core/5.0.3/woodstox-core-5.0.3.jar:/home/runner/.m2/repository/javax/enterprise/cdi-api/1.2/cdi-api-1.2.jar:/home/runner/.m2/repository/javax/el/javax.el-api/3.0.0/javax.el-api-3.0.0.jar:/home/runner/.m2/repository/javax/interceptor/javax.interceptor-api/1.2/javax.interceptor-api-1.2.jar:/home/runner/.m2/repository/javax/inject/javax.inject/1/javax.inject-1.jar:/home/runner/.m2/repository/javax/xml/bind/jaxb-api/2.3.0/jaxb-api-2.3.0.jar:/home/runner/.m2/repository/org/glassfish/jaxb/jaxb-runtime/2.3.0.1/jaxb-runtime-2.3.0.1.jar:/home/runner/.m2/repository/org/glassfish/jaxb/jaxb-core/2.3.0.1/jaxb-core-2.3.0.1.jar:/home/runner/.m2/repository/org/glassfish/jaxb/txw2/2.3.0.1/txw2-2.3.0.1.jar:/home/runner/.m2/repository/com/sun/istack/istack-commons-runtime/3.0.5/istack-commons-runtime-3.0.5.jar:/home/runner/.m2/repository/org/jvnet/staxex/stax-ex/1.7.8/stax-ex-1.7.8.jar:/home/runner/.m2/repository/com/sun/xml/fastinfoset/FastInfoset/1.2.13/FastInfoset-1.2.13.jar:/home/runner/.m2/repository/javax/activation/activation/1.1.1/activation-1.1.1.jar:/home/runner/.m2/repository/org/apache/ozone/ozone-csi/1.2.0-SNAPSHOT/ozone-csi-1.2.0-SNAPSHOT.jar:/home/runner/.m2/repository/com/google/protobuf/protobuf-java-util/3.12.0/protobuf-java-util-3.12.0.jar:/home/runner/.m2/repository/com/google/code/gson/gson/2.2.4/gson-2.2.4.jar:/home/runner/.m2/repository/org/apache/ozone/hdds-config/1.2.0-SNAPSHOT/hdds-config-1.2.0-SNAPSHOT.jar:/home/runner/.m2/repository/io/grpc/grpc-netty/1.33.0/grpc-netty-1.33.0.jar:/home/runner/.m2/repository/io/grpc/grpc-core/1.33.0/grpc-core-1.33.0.jar:/home/runner/.m2/repository/com/google/android/annotations/4.1.1.4/annotations-4.1.1.4.jar:/home/runner/.m2/repository/io/netty/netty-codec-http2/4.1.63.Final/netty-codec-http2-4.1.63.Final.jar:/home/runner/.m2/repository/io/netty/netty-codec-http/4.1.63.Final/netty-codec-http-4.1.63.Final.jar:/home/runner/.m2/repository/io/netty/netty-handler-proxy/4.1.63.Final/netty-handler-proxy-4.1.63.Final.jar:/home/runner/.m2/repository/io/netty/netty-codec-socks/4.1.63.Final/netty-codec-socks-4.1.63.Final.jar:/home/runner/.m2/repository/io/perfmark/perfmark-api/0.19.0/perfmark-api-0.19.0.jar:/home/runner/.m2/repository/org/codehaus/mojo/animal-sniffer-annotations/1.18/animal-sniffer-annotations-1.18.jar:/home/runner/.m2/repository/io/netty/netty-transport-native-epoll/4.1.63.Final/netty-transport-native-epoll-4.1.63.Final.jar:/home/runner/.m2/repository/io/netty/netty-common/4.1.63.Final/netty-common-4.1.63.Final.jar:/home/runner/.m2/repository/io/netty/netty-buffer/4.1.63.Final/netty-buffer-4.1.63.Final.jar:/home/runner/.m2/repository/io/netty/netty-transport-native-unix-common/4.1.63.Final/netty-transport-native-unix-common-4.1.63.Final.jar:/home/runner/.m2/repository/io/grpc/grpc-protobuf/1.33.0/grpc-protobuf-1.33.0.jar:/home/runner/.m2/repository/io/grpc/grpc-api/1.33.0/grpc-api-1.33.0.jar:/home/runner/.m2/repository/io/grpc/grpc-context/1.33.0/grpc-context-1.33.0.jar:/home/runner/.m2/repository/com/google/api/grpc/proto-google-common-protos/1.17.0/proto-google-common-protos-1.17.0.jar:/home/runner/.m2/repository/io/grpc/grpc-protobuf-lite/1.33.0/grpc-protobuf-lite-1.33.0.jar:/home/runner/.m2/repository/io/grpc/grpc-stub/1.33.0/grpc-stub-1.33.0.jar:/home/runner/.m2/repository/org/apache/ozone/ozone-recon/1.2.0-SNAPSHOT/ozone-recon-1.2.0-SNAPSHOT.jar:/home/runner/.m2/repository/org/apache/ozone/ozone-reconcodegen/1.2.0-SNAPSHOT/ozone-reconcodegen-1.2.0-SNAPSHOT.jar:/home/runner/.m2/repository/com/google/inject/extensions/guice-multibindings/4.0/guice-multibindings-4.0.jar:/home/runner/.m2/repository/com/google/inject/guice/4.0/guice-4.0.jar:/home/runner/.m2/repository/aopalliance/aopalliance/1.0/aopalliance-1.0.jar:/home/runner/.m2/repository/com/google/inject/extensions/guice-assistedinject/4.0/guice-assistedinject-4.0.jar:/home/runner/.m2/repository/com/google/inject/extensions/guice-servlet/4.0/guice-servlet-4.0.jar:/home/runner/.m2/repository/org/glassfish/jersey/containers/jersey-container-servlet/2.33/jersey-container-servlet-2.33.jar:/home/runner/.m2/repository/org/glassfish/hk2/guice-bridge/2.5.0/guice-bridge-2.5.0.jar:/home/runner/.m2/repository/org/glassfish/jersey/core/jersey-server/2.33/jersey-server-2.33.jar:/home/runner/.m2/repository/org/glassfish/jersey/core/jersey-client/2.33/jersey-client-2.33.jar:/home/runner/.m2/repository/jakarta/annotation/jakarta.annotation-api/1.3.5/jakarta.annotation-api-1.3.5.jar:/home/runner/.m2/repository/jakarta/validation/jakarta.validation-api/2.0.2/jakarta.validation-api-2.0.2.jar:/home/runner/.m2/repository/org/glassfish/jersey/media/jersey-media-json-jackson/2.33/jersey-media-json-jackson-2.33.jar:/home/runner/.m2/repository/org/glassfish/jersey/ext/jersey-entity-filtering/2.33/jersey-entity-filtering-2.33.jar:/home/runner/.m2/repository/org/jooq/jooq/3.11.10/jooq-3.11.10.jar:/home/runner/.m2/repository/org/jooq/jooq-meta/3.11.10/jooq-meta-3.11.10.jar:/home/runner/.m2/repository/org/jooq/jooq-codegen/3.11.10/jooq-codegen-3.11.10.jar:/home/runner/.m2/repository/com/jolbox/bonecp/0.8.0.RELEASE/bonecp-0.8.0.RELEASE.jar:/home/runner/.m2/repository/org/apache/derby/derby/10.14.2.0/derby-10.14.2.0.jar:/home/runner/.m2/repository/org/xerial/sqlite-jdbc/3.25.2/sqlite-jdbc-3.25.2.jar:/home/runner/.m2/repository/org/springframework/spring-jdbc/5.2.17.RELEASE/spring-jdbc-5.2.17.RELEASE.jar:/home/runner/.m2/repository/org/springframework/spring-beans/5.2.17.RELEASE/spring-beans-5.2.17.RELEASE.jar:/home/runner/.m2/repository/org/springframework/spring-core/5.2.17.RELEASE/spring-core-5.2.17.RELEASE.jar:/home/runner/.m2/repository/org/springframework/spring-jcl/5.2.17.RELEASE/spring-jcl-5.2.17.RELEASE.jar:/home/runner/.m2/repository/org/springframework/spring-tx/5.2.17.RELEASE/spring-tx-5.2.17.RELEASE.jar:/home/runner/.m2/repository/org/apache/ozone/ozone-client/1.2.0-SNAPSHOT/ozone-client-1.2.0-SNAPSHOT.jar:/home/runner/.m2/repository/org/apache/ozone/ozone-filesystem/1.2.0-SNAPSHOT/ozone-filesystem-1.2.0-SNAPSHOT.jar:/home/runner/.m2/repository/org/apache/ozone/ozone-filesystem-common/1.2.0-SNAPSHOT/ozone-filesystem-common-1.2.0-SNAPSHOT.jar:/home/runner/.m2/repository/org/apache/ozone/ozone-tools/1.2.0-SNAPSHOT/ozone-tools-1.2.0-SNAPSHOT.jar:/home/runner/.m2/repository/org/apache/ratis/ratis-tools/2.2.0/ratis-tools-2.2.0.jar:/home/runner/.m2/repository/com/amazonaws/aws-java-sdk-core/1.11.1034/aws-java-sdk-core-1.11.1034.jar:/home/runner/.m2/repository/org/apache/httpcomponents/httpclient/4.5.13/httpclient-4.5.13.jar:/home/runner/.m2/repository/org/apache/httpcomponents/httpcore/4.4.13/httpcore-4.4.13.jar:/home/runner/.m2/repository/software/amazon/ion/ion-java/1.0.2/ion-java-1.0.2.jar:/home/runner/.m2/repository/com/fasterxml/jackson/dataformat/jackson-dataformat-cbor/2.12.1/jackson-dataformat-cbor-2.12.1.jar:/home/runner/.m2/repository/joda-time/joda-time/2.8.1/joda-time-2.8.1.jar:/home/runner/.m2/repository/com/amazonaws/aws-java-sdk-s3/1.11.1034/aws-java-sdk-s3-1.11.1034.jar:/home/runner/.m2/repository/com/amazonaws/aws-java-sdk-kms/1.11.1034/aws-java-sdk-kms-1.11.1034.jar:/home/runner/.m2/repository/com/amazonaws/jmespath-java/1.11.1034/jmespath-java-1.11.1034.jar:/home/runner/.m2/repository/org/kohsuke/metainf-services/metainf-services/1.8/metainf-services-1.8.jar:/home/runner/.m2/repository/org/apache/ozone/hdds-tools/1.2.0-SNAPSHOT/hdds-tools-1.2.0-SNAPSHOT.jar:/home/runner/.m2/repository/commons-cli/commons-cli/1.2/commons-cli-1.2.jar:/home/runner/.m2/repository/org/apache/commons/commons-lang3/3.7/commons-lang3-3.7.jar:/home/runner/.m2/repository/org/apache/ozone/ozone-manager/1.2.0-SNAPSHOT/ozone-manager-1.2.0-SNAPSHOT-tests.jar:/home/runner/.m2/repository/org/apache/ozone/hdds-common/1.2.0-SNAPSHOT/hdds-common-1.2.0-SNAPSHOT-tests.jar:/home/runner/.m2/repository/org/apache/ozone/hdds-hadoop-dependency-client/1.2.0-SNAPSHOT/hdds-hadoop-dependency-client-1.2.0-SNAPSHOT.jar:/home/runner/.m2/repository/info/picocli/picocli/4.6.1/picocli-4.6.1.jar:/home/runner/.m2/repository/com/fasterxml/jackson/core/jackson-annotations/2.12.1/jackson-annotations-2.12.1.jar:/home/runner/.m2/repository/javax/annotation/javax.annotation-api/1.2/javax.annotation-api-1.2.jar:/home/runner/.m2/repository/org/apache/ratis/ratis-server/2.2.0/ratis-server-2.2.0.jar:/home/runner/.m2/repository/org/apache/ratis/ratis-client/2.2.0/ratis-client-2.2.0.jar:/home/runner/.m2/repository/org/apache/ratis/ratis-server-api/2.2.0/ratis-server-api-2.2.0.jar:/home/runner/.m2/repository/org/apache/ratis/ratis-metrics/2.2.0/ratis-metrics-2.2.0.jar:/home/runner/.m2/repository/org/apache/ratis/ratis-netty/2.2.0/ratis-netty-2.2.0.jar:/home/runner/.m2/repository/org/apache/ratis/ratis-grpc/2.2.0/ratis-grpc-2.2.0.jar:/home/runner/.m2/repository/org/apache/logging/log4j/log4j-api/2.13.3/log4j-api-2.13.3.jar:/home/runner/.m2/repository/org/apache/logging/log4j/log4j-core/2.13.3/log4j-core-2.13.3.jar:/home/runner/.m2/repository/com/lmax/disruptor/3.4.2/disruptor-3.4.2.jar:/home/runner/.m2/repository/org/apache/commons/commons-pool2/2.6.0/commons-pool2-2.6.0.jar:/home/runner/.m2/repository/org/bouncycastle/bcpkix-jdk15on/1.67/bcpkix-jdk15on-1.67.jar:/home/runner/.m2/repository/commons-validator/commons-validator/1.6/commons-validator-1.6.jar:/home/runner/.m2/repository/commons-beanutils/commons-beanutils/1.9.4/commons-beanutils-1.9.4.jar:/home/runner/.m2/repository/commons-digester/commons-digester/1.8.1/commons-digester-1.8.1.jar:/home/runner/.m2/repository/commons-collections/commons-collections/3.2.2/commons-collections-3.2.2.jar:/home/runner/.m2/repository/io/jaegertracing/jaeger-client/1.6.0/jaeger-client-1.6.0.jar:/home/runner/.m2/repository/io/jaegertracing/jaeger-thrift/1.6.0/jaeger-thrift-1.6.0.jar:/home/runner/.m2/repository/org/apache/thrift/libthrift/0.14.1/libthrift-0.14.1.jar:/home/runner/.m2/repository/com/squareup/okhttp3/okhttp/4.9.0/okhttp-4.9.0.jar:/home/runner/.m2/repository/com/squareup/okio/okio/2.8.0/okio-2.8.0.jar:/home/runner/.m2/repository/io/jaegertracing/jaeger-core/1.6.0/jaeger-core-1.6.0.jar:/home/runner/.m2/repository/io/jaegertracing/jaeger-tracerresolver/1.6.0/jaeger-tracerresolver-1.6.0.jar:/home/runner/.m2/repository/io/opentracing/contrib/opentracing-tracerresolver/0.1.8/opentracing-tracerresolver-0.1.8.jar:/home/runner/.m2/repository/org/jetbrains/kotlin/kotlin-stdlib/1.4.31/kotlin-stdlib-1.4.31.jar:/home/runner/.m2/repository/org/jetbrains/kotlin/kotlin-stdlib-common/1.4.31/kotlin-stdlib-common-1.4.31.jar:/home/runner/.m2/repository/org/jetbrains/annotations/13.0/annotations-13.0.jar:/home/runner/.m2/repository/io/opentracing/opentracing-util/0.33.0/opentracing-util-0.33.0.jar:/home/runner/.m2/repository/io/opentracing/opentracing-api/0.33.0/opentracing-api-0.33.0.jar:/home/runner/.m2/repository/io/opentracing/opentracing-noop/0.33.0/opentracing-noop-0.33.0.jar:/home/runner/.m2/repository/org/yaml/snakeyaml/1.26/snakeyaml-1.26.jar:/home/runner/.m2/repository/org/apache/ozone/hdds-interface-admin/1.2.0-SNAPSHOT/hdds-interface-admin-1.2.0-SNAPSHOT.jar:/home/runner/.m2/repository/junit/junit/4.13.1/junit-4.13.1.jar:/home/runner/.m2/repository/org/hamcrest/hamcrest-core/1.3/hamcrest-core-1.3.jar:/home/runner/.m2/repository/org/junit/jupiter/junit-jupiter-api/5.7.0/junit-jupiter-api-5.7.0.jar:/home/runner/.m2/repository/org/apiguardian/apiguardian-api/1.1.0/apiguardian-api-1.1.0.jar:/home/runner/.m2/repository/org/opentest4j/opentest4j/1.2.0/opentest4j-1.2.0.jar:/home/runner/.m2/repository/org/junit/platform/junit-platform-commons/1.7.0/junit-platform-commons-1.7.0.jar:/home/runner/.m2/repository/org/junit/jupiter/junit-jupiter-engine/5.7.0/junit-jupiter-engine-5.7.0.jar:/home/runner/.m2/repository/org/junit/platform/junit-platform-engine/1.7.0/junit-platform-engine-1.7.0.jar:/home/runner/.m2/repository/org/junit/vintage/junit-vintage-engine/5.7.0/junit-vintage-engine-5.7.0.jar:/home/runner/.m2/repository/org/junit/platform/junit-platform-launcher/1.7.0/junit-platform-launcher-1.7.0.jar:/home/runner/.m2/repository/org/openjdk/jmh/jmh-core/1.19/jmh-core-1.19.jar:/home/runner/.m2/repository/net/sf/jopt-simple/jopt-simple/4.6/jopt-simple-4.6.jar:/home/runner/.m2/repository/org/apache/commons/commons-math3/3.1.1/commons-math3-3.1.1.jar:/home/runner/.m2/repository/org/openjdk/jmh/jmh-generator-annprocess/1.19/jmh-generator-annprocess-1.19.jar:/home/runner/.m2/repository/org/mockito/mockito-core/2.28.2/mockito-core-2.28.2.jar:/home/runner/.m2/repository/net/bytebuddy/byte-buddy/1.9.10/byte-buddy-1.9.10.jar:/home/runner/.m2/repository/net/bytebuddy/byte-buddy-agent/1.9.10/byte-buddy-agent-1.9.10.jar:/home/runner/.m2/repository/org/objenesis/objenesis/1.0/objenesis-1.0.jar:/home/runner/.m2/repository/org/apache/hadoop/hadoop-kms/3.3.1/hadoop-kms-3.3.1.jar:/home/runner/.m2/repository/org/apache/hadoop/hadoop-auth/3.3.1/hadoop-auth-3.3.1.jar:/home/runner/.m2/repository/com/nimbusds/nimbus-jose-jwt/7.9/nimbus-jose-jwt-7.9.jar:/home/runner/.m2/repository/com/github/stephenc/jcip/jcip-annotations/1.0-1/jcip-annotations-1.0-1.jar:/home/runner/.m2/repository/net/minidev/json-smart/2.3.1/json-smart-2.3.1.jar:/home/runner/.m2/repository/net/minidev/accessors-smart/2.3.1/accessors-smart-2.3.1.jar:/home/runner/.m2/repository/org/ow2/asm/asm/5.0.4/asm-5.0.4.jar:/home/runner/.m2/repository/org/apache/zookeeper/zookeeper/3.5.6/zookeeper-3.5.6.jar:/home/runner/.m2/repository/org/apache/zookeeper/zookeeper-jute/3.5.6/zookeeper-jute-3.5.6.jar:/home/runner/.m2/repository/org/apache/yetus/audience-annotations/0.5.0/audience-annotations-0.5.0.jar:/home/runner/.m2/repository/org/apache/curator/curator-framework/4.2.0/curator-framework-4.2.0.jar:/home/runner/.m2/repository/org/apache/hadoop/thirdparty/hadoop-shaded-guava/1.1.1/hadoop-shaded-guava-1.1.1.jar:/home/runner/.m2/repository/com/sun/jersey/jersey-core/1.19/jersey-core-1.19.jar:/home/runner/.m2/repository/javax/ws/rs/jsr311-api/1.1.1/jsr311-api-1.1.1.jar:/home/runner/.m2/repository/com/sun/jersey/jersey-server/1.19/jersey-server-1.19.jar:/home/runner/.m2/repository/javax/servlet/javax.servlet-api/3.1.0/javax.servlet-api-3.1.0.jar:/home/runner/.m2/repository/org/eclipse/jetty/jetty-server/9.4.43.v20210629/jetty-server-9.4.43.v20210629.jar:/home/runner/.m2/repository/org/eclipse/jetty/jetty-http/9.4.43.v20210629/jetty-http-9.4.43.v20210629.jar:/home/runner/.m2/repository/org/eclipse/jetty/jetty-io/9.4.43.v20210629/jetty-io-9.4.43.v20210629.jar:/home/runner/.m2/repository/org/eclipse/jetty/jetty-webapp/9.4.43.v20210629/jetty-webapp-9.4.43.v20210629.jar:/home/runner/.m2/repository/org/eclipse/jetty/jetty-xml/9.4.43.v20210629/jetty-xml-9.4.43.v20210629.jar:/home/runner/.m2/repository/org/apache/hadoop/hadoop-common/3.3.1/hadoop-common-3.3.1.jar:/home/runner/.m2/repository/commons-net/commons-net/3.6/commons-net-3.6.jar:/home/runner/.m2/repository/jakarta/activation/jakarta.activation-api/1.2.1/jakarta.activation-api-1.2.1.jar:/home/runner/.m2/repository/com/sun/jersey/jersey-servlet/1.19/jersey-servlet-1.19.jar:/home/runner/.m2/repository/com/sun/jersey/jersey-json/1.19/jersey-json-1.19.jar:/home/runner/.m2/repository/org/codehaus/jettison/jettison/1.1/jettison-1.1.jar:/home/runner/.m2/repository/com/sun/xml/bind/jaxb-impl/2.2.3-1/jaxb-impl-2.2.3-1.jar:/home/runner/.m2/repository/org/codehaus/jackson/jackson-jaxrs/1.9.2/jackson-jaxrs-1.9.2.jar:/home/runner/.m2/repository/org/codehaus/jackson/jackson-xc/1.9.2/jackson-xc-1.9.2.jar:/home/runner/.m2/repository/org/apache/commons/commons-configuration2/2.1.1/commons-configuration2-2.1.1.jar:/home/runner/.m2/repository/org/apache/commons/commons-text/1.4/commons-text-1.4.jar:/home/runner/.m2/repository/com/google/re2j/re2j/1.1/re2j-1.1.jar:/home/runner/.m2/repository/com/jcraft/jsch/0.1.54/jsch-0.1.54.jar:/home/runner/.m2/repository/org/apache/curator/curator-client/4.2.0/curator-client-4.2.0.jar:/home/runner/.m2/repository/org/apache/curator/curator-recipes/4.2.0/curator-recipes-4.2.0.jar:/home/runner/.m2/repository/org/apache/kerby/kerb-core/1.0.1/kerb-core-1.0.1.jar:/home/runner/.m2/repository/org/apache/kerby/kerby-pkix/1.0.1/kerby-pkix-1.0.1.jar:/home/runner/.m2/repository/org/apache/kerby/kerby-asn1/1.0.1/kerby-asn1-1.0.1.jar:/home/runner/.m2/repository/org/apache/kerby/kerby-util/1.0.1/kerby-util-1.0.1.jar:/home/runner/.m2/repository/dnsjava/dnsjava/2.1.7/dnsjava-2.1.7.jar:/home/runner/.m2/repository/org/xerial/snappy/snappy-java/1.1.8.2/snappy-java-1.1.8.2.jar:/home/runner/.m2/repository/org/slf4j/jul-to-slf4j/1.7.30/jul-to-slf4j-1.7.30.jar:/home/runner/.m2/repository/org/eclipse/jetty/jetty-util/9.4.43.v20210629/jetty-util-9.4.43.v20210629.jar:/home/runner/.m2/repository/com/fasterxml/jackson/core/jackson-databind/2.12.1/jackson-databind-2.12.1.jar:/home/runner/.m2/repository/org/apache/hadoop/hadoop-kms/3.3.1/hadoop-kms-3.3.1-tests.jar:/home/runner/.m2/repository/org/apache/ozone/hdds-server-scm/1.2.0-SNAPSHOT/hdds-server-scm-1.2.0-SNAPSHOT-tests.jar:/home/runner/.m2/repository/org/apache/ozone/hdds-container-service/1.2.0-SNAPSHOT/hdds-container-service-1.2.0-SNAPSHOT-tests.jar:/home/runner/.m2/repository/commons-codec/commons-codec/1.11/commons-codec-1.11.jar:/home/runner/.m2/repository/io/netty/netty-transport/4.1.63.Final/netty-transport-4.1.63.Final.jar:/home/runner/.m2/repository/io/netty/netty-resolver/4.1.63.Final/netty-resolver-4.1.63.Final.jar:/home/runner/.m2/repository/io/netty/netty-codec/4.1.63.Final/netty-codec-4.1.63.Final.jar:/home/runner/.m2/repository/io/netty/netty-handler/4.1.63.Final/netty-handler-4.1.63.Final.jar:/home/runner/.m2/repository/org/apache/ozone/hdds-hadoop-dependency-test/1.2.0-SNAPSHOT/hdds-hadoop-dependency-test-1.2.0-SNAPSHOT.jar:/home/runner/.m2/repository/org/apache/hadoop/hadoop-common/3.3.1/hadoop-common-3.3.1-tests.jar:/home/runner/.m2/repository/org/assertj/assertj-core/3.12.2/assertj-core-3.12.2.jar:/home/runner/.m2/repository/org/apache/hadoop/hadoop-hdfs/3.3.1/hadoop-hdfs-3.3.1-tests.jar:/home/runner/.m2/repository/org/eclipse/jetty/jetty-util-ajax/9.4.43.v20210629/jetty-util-ajax-9.4.43.v20210629.jar:/home/runner/.m2/repository/commons-daemon/commons-daemon/1.0.13/commons-daemon-1.0.13.jar:/home/runner/.m2/repository/io/netty/netty/3.10.6.Final/netty-3.10.6.Final.jar:/home/runner/.m2/repository/io/netty/netty-all/4.1.63.Final/netty-all-4.1.63.Final.jar:/home/runner/.m2/repository/org/apache/htrace/htrace-core4/4.1.0-incubating/htrace-core4-4.1.0-incubating.jar:/home/runner/.m2/repository/org/fusesource/leveldbjni/leveldbjni-all/1.8/leveldbjni-all-1.8.jar:/home/runner/.m2/repository/org/apache/hadoop/hadoop-distcp/3.3.1/hadoop-distcp-3.3.1.jar:/home/runner/.m2/repository/org/apache/hadoop/hadoop-mapreduce-client-jobclient/3.3.1/hadoop-mapreduce-client-jobclient-3.3.1.jar:/home/runner/.m2/repository/org/apache/hadoop/hadoop-mapreduce-client-common/3.3.1/hadoop-mapreduce-client-common-3.3.1.jar:/home/runner/.m2/repository/org/apache/hadoop/hadoop-yarn-common/3.3.1/hadoop-yarn-common-3.3.1.jar:/home/runner/.m2/repository/org/apache/hadoop/hadoop-yarn-api/3.3.1/hadoop-yarn-api-3.3.1.jar:/home/runner/.m2/repository/com/sun/jersey/jersey-client/1.19/jersey-client-1.19.jar:/home/runner/.m2/repository/com/sun/jersey/contribs/jersey-guice/1.19/jersey-guice-1.19.jar:/home/runner/.m2/repository/com/fasterxml/jackson/jaxrs/jackson-jaxrs-json-provider/2.12.1/jackson-jaxrs-json-provider-2.12.1.jar:/home/runner/.m2/repository/com/fasterxml/jackson/jaxrs/jackson-jaxrs-base/2.12.1/jackson-jaxrs-base-2.12.1.jar:/home/runner/.m2/repository/org/apache/hadoop/hadoop-yarn-client/3.3.1/hadoop-yarn-client-3.3.1.jar:/home/runner/.m2/repository/org/eclipse/jetty/websocket/websocket-client/9.4.40.v20210413/websocket-client-9.4.40.v20210413.jar:/home/runner/.m2/repository/org/eclipse/jetty/jetty-client/9.4.40.v20210413/jetty-client-9.4.40.v20210413.jar:/home/runner/.m2/repository/org/eclipse/jetty/websocket/websocket-common/9.4.40.v20210413/websocket-common-9.4.40.v20210413.jar:/home/runner/.m2/repository/org/eclipse/jetty/websocket/websocket-api/9.4.40.v20210413/websocket-api-9.4.40.v20210413.jar:/home/runner/.m2/repository/org/jline/jline/3.9.0/jline-3.9.0.jar:/home/runner/.m2/repository/org/apache/hadoop/hadoop-mapreduce-client-core/3.3.1/hadoop-mapreduce-client-core-3.3.1.jar:/home/runner/.m2/repository/org/apache/avro/avro/1.7.7/avro-1.7.7.jar:/home/runner/.m2/repository/org/codehaus/jackson/jackson-core-asl/1.9.13/jackson-core-asl-1.9.13.jar:/home/runner/.m2/repository/org/codehaus/jackson/jackson-mapper-asl/1.9.13/jackson-mapper-asl-1.9.13.jar:/home/runner/.m2/repository/com/thoughtworks/paranamer/paranamer/2.3/paranamer-2.3.jar:/home/runner/.m2/repository/org/apache/hadoop/hadoop-annotations/3.3.1/hadoop-annotations-3.3.1.jar:/usr/lib/jvm/adoptopenjdk-8-hotspot-amd64/jre/../lib/tools.jar:/home/runner/.m2/repository/org/apache/hadoop/hadoop-distcp/3.3.1/hadoop-distcp-3.3.1-tests.jar:/home/runner/.m2/repository/org/apache/ratis/ratis-common/2.2.0/ratis-common-2.2.0.jar:/home/runner/.m2/repository/org/apache/ratis/ratis-thirdparty-misc/0.7.0/ratis-thirdparty-misc-0.7.0.jar:/home/runner/.m2/repository/org/apache/ratis/ratis-proto/2.2.0/ratis-proto-2.2.0.jar:"/>
    <property name="java.vm.vendor" value="AdoptOpenJDK"/>
    <property name="sun.arch.data.model" value="64"/>
    <property name="test.build.dir" value="/home/runner/work/ozone/ozone/hadoop-ozone/integration-test/target/test-dir"/>
    <property name="test.cache.data" value=""/>
    <property name="java.vendor.url" value="https://adoptopenjdk.net/"/>
    <property name="user.timezone" value=""/>
    <property name="java.vm.specification.version" value="1.8"/>
    <property name="os.name" value="Linux"/>
    <property name="test.build.data" value="/home/runner/work/ozone/ozone/hadoop-ozone/integration-test/target/test-dir"/>
    <property name="sun.java.launcher" value="SUN_STANDARD"/>
    <property name="sun.boot.library.path" value="/usr/lib/jvm/adoptopenjdk-8-hotspot-amd64/jre/lib/amd64"/>
    <property name="sun.java.command" value="/home/runner/work/ozone/ozone/hadoop-ozone/integration-test/target/surefire/surefirebooter5594572274176409835.jar /home/runner/work/ozone/ozone/hadoop-ozone/integration-test/target/surefire 2021-10-24T00-54-27_569-jvmRun1 surefire8953924496083635113tmp surefire_489217199383292340240tmp"/>
    <property name="surefire.test.class.path" value="/home/runner/work/ozone/ozone/hadoop-ozone/integration-test/target/test-classes:/home/runner/work/ozone/ozone/hadoop-ozone/integration-test/target/classes:/home/runner/.m2/repository/org/apache/ozone/ozone-common/1.2.0-SNAPSHOT/ozone-common-1.2.0-SNAPSHOT.jar:/home/runner/.m2/repository/org/apache/commons/commons-compress/1.21/commons-compress-1.21.jar:/home/runner/.m2/repository/org/apache/ozone/hdds-common/1.2.0-SNAPSHOT/hdds-common-1.2.0-SNAPSHOT.jar:/home/runner/.m2/repository/org/apache/ozone/hdds-client/1.2.0-SNAPSHOT/hdds-client-1.2.0-SNAPSHOT.jar:/home/runner/.m2/repository/org/apache/ozone/ozone-interface-client/1.2.0-SNAPSHOT/ozone-interface-client-1.2.0-SNAPSHOT.jar:/home/runner/.m2/repository/org/apache/ozone/hdds-server-framework/1.2.0-SNAPSHOT/hdds-server-framework-1.2.0-SNAPSHOT.jar:/home/runner/.m2/repository/org/apache/ozone/hdds-interface-server/1.2.0-SNAPSHOT/hdds-interface-server-1.2.0-SNAPSHOT.jar:/home/runner/.m2/repository/org/eclipse/jetty/jetty-servlet/9.4.43.v20210629/jetty-servlet-9.4.43.v20210629.jar:/home/runner/.m2/repository/org/eclipse/jetty/jetty-security/9.4.43.v20210629/jetty-security-9.4.43.v20210629.jar:/home/runner/.m2/repository/org/rocksdb/rocksdbjni/6.20.3/rocksdbjni-6.20.3.jar:/home/runner/.m2/repository/io/prometheus/simpleclient_dropwizard/0.7.0/simpleclient_dropwizard-0.7.0.jar:/home/runner/.m2/repository/io/prometheus/simpleclient/0.7.0/simpleclient-0.7.0.jar:/home/runner/.m2/repository/io/prometheus/simpleclient_common/0.7.0/simpleclient_common-0.7.0.jar:/home/runner/.m2/repository/com/fasterxml/jackson/datatype/jackson-datatype-jsr310/2.12.1/jackson-datatype-jsr310-2.12.1.jar:/home/runner/.m2/repository/org/apache/ozone/hdds-test-utils/1.2.0-SNAPSHOT/hdds-test-utils-1.2.0-SNAPSHOT.jar:/home/runner/.m2/repository/com/google/guava/guava/30.1.1-jre/guava-30.1.1-jre.jar:/home/runner/.m2/repository/com/google/guava/failureaccess/1.0.1/failureaccess-1.0.1.jar:/home/runner/.m2/repository/com/google/guava/listenablefuture/9999.0-empty-to-avoid-conflict-with-guava/listenablefuture-9999.0-empty-to-avoid-conflict-with-guava.jar:/home/runner/.m2/repository/com/google/code/findbugs/jsr305/3.0.0/jsr305-3.0.0.jar:/home/runner/.m2/repository/org/checkerframework/checker-qual/3.8.0/checker-qual-3.8.0.jar:/home/runner/.m2/repository/com/google/errorprone/error_prone_annotations/2.2.0/error_prone_annotations-2.2.0.jar:/home/runner/.m2/repository/com/google/j2objc/j2objc-annotations/1.3/j2objc-annotations-1.3.jar:/home/runner/.m2/repository/commons-io/commons-io/2.11.0/commons-io-2.11.0.jar:/home/runner/.m2/repository/commons-logging/commons-logging/1.2/commons-logging-1.2.jar:/home/runner/.m2/repository/log4j/log4j/1.2.17/log4j-1.2.17.jar:/home/runner/.m2/repository/org/slf4j/slf4j-api/1.7.30/slf4j-api-1.7.30.jar:/home/runner/.m2/repository/org/apache/ozone/hdds-server-scm/1.2.0-SNAPSHOT/hdds-server-scm-1.2.0-SNAPSHOT.jar:/home/runner/.m2/repository/org/apache/ozone/hdds-container-service/1.2.0-SNAPSHOT/hdds-container-service-1.2.0-SNAPSHOT.jar:/home/runner/.m2/repository/org/apache/ozone/hdds-hadoop-dependency-server/1.2.0-SNAPSHOT/hdds-hadoop-dependency-server-1.2.0-SNAPSHOT.jar:/home/runner/.m2/repository/org/apache/hadoop/hadoop-hdfs/3.3.1/hadoop-hdfs-3.3.1.jar:/home/runner/.m2/repository/io/dropwizard/metrics/metrics-core/3.2.4/metrics-core-3.2.4.jar:/home/runner/.m2/repository/org/apache/hadoop/hadoop-hdfs-client/3.3.1/hadoop-hdfs-client-3.3.1.jar:/home/runner/.m2/repository/org/bouncycastle/bcprov-jdk15on/1.67/bcprov-jdk15on-1.67.jar:/home/runner/.m2/repository/com/google/protobuf/protobuf-java/2.5.0/protobuf-java-2.5.0.jar:/home/runner/.m2/repository/org/apache/ozone/ozone-manager/1.2.0-SNAPSHOT/ozone-manager-1.2.0-SNAPSHOT.jar:/home/runner/.m2/repository/org/aspectj/aspectjrt/1.9.7/aspectjrt-1.9.7.jar:/home/runner/.m2/repository/org/aspectj/aspectjweaver/1.9.7/aspectjweaver-1.9.7.jar:/home/runner/.m2/repository/org/apache/ozone/hdds-interface-client/1.2.0-SNAPSHOT/hdds-interface-client-1.2.0-SNAPSHOT.jar:/home/runner/.m2/repository/org/apache/hadoop/thirdparty/hadoop-shaded-protobuf_3_7/1.1.1/hadoop-shaded-protobuf_3_7-1.1.1.jar:/home/runner/.m2/repository/org/apache/ozone/ozone-interface-storage/1.2.0-SNAPSHOT/ozone-interface-storage-1.2.0-SNAPSHOT.jar:/home/runner/.m2/repository/org/reflections/reflections/0.9.11/reflections-0.9.11.jar:/home/runner/.m2/repository/org/apache/hadoop/hadoop-minikdc/3.3.1/hadoop-minikdc-3.3.1.jar:/home/runner/.m2/repository/org/apache/kerby/kerb-simplekdc/1.0.1/kerb-simplekdc-1.0.1.jar:/home/runner/.m2/repository/org/apache/kerby/kerb-client/1.0.1/kerb-client-1.0.1.jar:/home/runner/.m2/repository/org/apache/kerby/kerby-config/1.0.1/kerby-config-1.0.1.jar:/home/runner/.m2/repository/org/apache/kerby/kerb-common/1.0.1/kerb-common-1.0.1.jar:/home/runner/.m2/repository/org/apache/kerby/kerb-crypto/1.0.1/kerb-crypto-1.0.1.jar:/home/runner/.m2/repository/org/apache/kerby/kerb-util/1.0.1/kerb-util-1.0.1.jar:/home/runner/.m2/repository/org/apache/kerby/token-provider/1.0.1/token-provider-1.0.1.jar:/home/runner/.m2/repository/org/apache/kerby/kerb-admin/1.0.1/kerb-admin-1.0.1.jar:/home/runner/.m2/repository/org/apache/kerby/kerb-server/1.0.1/kerb-server-1.0.1.jar:/home/runner/.m2/repository/org/apache/kerby/kerb-identity/1.0.1/kerb-identity-1.0.1.jar:/home/runner/.m2/repository/org/apache/kerby/kerby-xdr/1.0.1/kerby-xdr-1.0.1.jar:/home/runner/.m2/repository/org/slf4j/slf4j-log4j12/1.7.30/slf4j-log4j12-1.7.30.jar:/home/runner/.m2/repository/org/apache/ozone/ozone-s3gateway/1.2.0-SNAPSHOT/ozone-s3gateway-1.2.0-SNAPSHOT.jar:/home/runner/.m2/repository/org/javassist/javassist/3.21.0-GA/javassist-3.21.0-GA.jar:/home/runner/.m2/repository/org/jboss/weld/servlet/weld-servlet/2.4.7.Final/weld-servlet-2.4.7.Final.jar:/home/runner/.m2/repository/org/glassfish/jersey/containers/jersey-container-servlet-core/2.33/jersey-container-servlet-core-2.33.jar:/home/runner/.m2/repository/org/glassfish/hk2/external/jakarta.inject/2.6.1/jakarta.inject-2.6.1.jar:/home/runner/.m2/repository/org/glassfish/jersey/core/jersey-common/2.33/jersey-common-2.33.jar:/home/runner/.m2/repository/jakarta/ws/rs/jakarta.ws.rs-api/2.1.6/jakarta.ws.rs-api-2.1.6.jar:/home/runner/.m2/repository/org/glassfish/jersey/ext/cdi/jersey-cdi1x/2.33/jersey-cdi1x-2.33.jar:/home/runner/.m2/repository/org/glassfish/jersey/inject/jersey-hk2/2.33/jersey-hk2-2.33.jar:/home/runner/.m2/repository/org/glassfish/hk2/hk2-locator/2.6.1/hk2-locator-2.6.1.jar:/home/runner/.m2/repository/org/glassfish/jersey/media/jersey-media-jaxb/2.33/jersey-media-jaxb-2.33.jar:/home/runner/.m2/repository/org/glassfish/hk2/osgi-resource-locator/1.0.3/osgi-resource-locator-1.0.3.jar:/home/runner/.m2/repository/org/glassfish/hk2/hk2-api/2.5.0/hk2-api-2.5.0.jar:/home/runner/.m2/repository/org/glassfish/hk2/hk2-utils/2.5.0/hk2-utils-2.5.0.jar:/home/runner/.m2/repository/org/glassfish/hk2/external/aopalliance-repackaged/2.5.0/aopalliance-repackaged-2.5.0.jar:/home/runner/.m2/repository/com/fasterxml/jackson/dataformat/jackson-dataformat-xml/2.12.1/jackson-dataformat-xml-2.12.1.jar:/home/runner/.m2/repository/com/fasterxml/jackson/core/jackson-core/2.12.1/jackson-core-2.12.1.jar:/home/runner/.m2/repository/com/fasterxml/jackson/module/jackson-module-jaxb-annotations/2.12.1/jackson-module-jaxb-annotations-2.12.1.jar:/home/runner/.m2/repository/jakarta/xml/bind/jakarta.xml.bind-api/2.3.2/jakarta.xml.bind-api-2.3.2.jar:/home/runner/.m2/repository/org/codehaus/woodstox/stax2-api/3.1.4/stax2-api-3.1.4.jar:/home/runner/.m2/repository/com/fasterxml/woodstox/woodstox-core/5.0.3/woodstox-core-5.0.3.jar:/home/runner/.m2/repository/javax/enterprise/cdi-api/1.2/cdi-api-1.2.jar:/home/runner/.m2/repository/javax/el/javax.el-api/3.0.0/javax.el-api-3.0.0.jar:/home/runner/.m2/repository/javax/interceptor/javax.interceptor-api/1.2/javax.interceptor-api-1.2.jar:/home/runner/.m2/repository/javax/inject/javax.inject/1/javax.inject-1.jar:/home/runner/.m2/repository/javax/xml/bind/jaxb-api/2.3.0/jaxb-api-2.3.0.jar:/home/runner/.m2/repository/org/glassfish/jaxb/jaxb-runtime/2.3.0.1/jaxb-runtime-2.3.0.1.jar:/home/runner/.m2/repository/org/glassfish/jaxb/jaxb-core/2.3.0.1/jaxb-core-2.3.0.1.jar:/home/runner/.m2/repository/org/glassfish/jaxb/txw2/2.3.0.1/txw2-2.3.0.1.jar:/home/runner/.m2/repository/com/sun/istack/istack-commons-runtime/3.0.5/istack-commons-runtime-3.0.5.jar:/home/runner/.m2/repository/org/jvnet/staxex/stax-ex/1.7.8/stax-ex-1.7.8.jar:/home/runner/.m2/repository/com/sun/xml/fastinfoset/FastInfoset/1.2.13/FastInfoset-1.2.13.jar:/home/runner/.m2/repository/javax/activation/activation/1.1.1/activation-1.1.1.jar:/home/runner/.m2/repository/org/apache/ozone/ozone-csi/1.2.0-SNAPSHOT/ozone-csi-1.2.0-SNAPSHOT.jar:/home/runner/.m2/repository/com/google/protobuf/protobuf-java-util/3.12.0/protobuf-java-util-3.12.0.jar:/home/runner/.m2/repository/com/google/code/gson/gson/2.2.4/gson-2.2.4.jar:/home/runner/.m2/repository/org/apache/ozone/hdds-config/1.2.0-SNAPSHOT/hdds-config-1.2.0-SNAPSHOT.jar:/home/runner/.m2/repository/io/grpc/grpc-netty/1.33.0/grpc-netty-1.33.0.jar:/home/runner/.m2/repository/io/grpc/grpc-core/1.33.0/grpc-core-1.33.0.jar:/home/runner/.m2/repository/com/google/android/annotations/4.1.1.4/annotations-4.1.1.4.jar:/home/runner/.m2/repository/io/netty/netty-codec-http2/4.1.63.Final/netty-codec-http2-4.1.63.Final.jar:/home/runner/.m2/repository/io/netty/netty-codec-http/4.1.63.Final/netty-codec-http-4.1.63.Final.jar:/home/runner/.m2/repository/io/netty/netty-handler-proxy/4.1.63.Final/netty-handler-proxy-4.1.63.Final.jar:/home/runner/.m2/repository/io/netty/netty-codec-socks/4.1.63.Final/netty-codec-socks-4.1.63.Final.jar:/home/runner/.m2/repository/io/perfmark/perfmark-api/0.19.0/perfmark-api-0.19.0.jar:/home/runner/.m2/repository/org/codehaus/mojo/animal-sniffer-annotations/1.18/animal-sniffer-annotations-1.18.jar:/home/runner/.m2/repository/io/netty/netty-transport-native-epoll/4.1.63.Final/netty-transport-native-epoll-4.1.63.Final.jar:/home/runner/.m2/repository/io/netty/netty-common/4.1.63.Final/netty-common-4.1.63.Final.jar:/home/runner/.m2/repository/io/netty/netty-buffer/4.1.63.Final/netty-buffer-4.1.63.Final.jar:/home/runner/.m2/repository/io/netty/netty-transport-native-unix-common/4.1.63.Final/netty-transport-native-unix-common-4.1.63.Final.jar:/home/runner/.m2/repository/io/grpc/grpc-protobuf/1.33.0/grpc-protobuf-1.33.0.jar:/home/runner/.m2/repository/io/grpc/grpc-api/1.33.0/grpc-api-1.33.0.jar:/home/runner/.m2/repository/io/grpc/grpc-context/1.33.0/grpc-context-1.33.0.jar:/home/runner/.m2/repository/com/google/api/grpc/proto-google-common-protos/1.17.0/proto-google-common-protos-1.17.0.jar:/home/runner/.m2/repository/io/grpc/grpc-protobuf-lite/1.33.0/grpc-protobuf-lite-1.33.0.jar:/home/runner/.m2/repository/io/grpc/grpc-stub/1.33.0/grpc-stub-1.33.0.jar:/home/runner/.m2/repository/org/apache/ozone/ozone-recon/1.2.0-SNAPSHOT/ozone-recon-1.2.0-SNAPSHOT.jar:/home/runner/.m2/repository/org/apache/ozone/ozone-reconcodegen/1.2.0-SNAPSHOT/ozone-reconcodegen-1.2.0-SNAPSHOT.jar:/home/runner/.m2/repository/com/google/inject/extensions/guice-multibindings/4.0/guice-multibindings-4.0.jar:/home/runner/.m2/repository/com/google/inject/guice/4.0/guice-4.0.jar:/home/runner/.m2/repository/aopalliance/aopalliance/1.0/aopalliance-1.0.jar:/home/runner/.m2/repository/com/google/inject/extensions/guice-assistedinject/4.0/guice-assistedinject-4.0.jar:/home/runner/.m2/repository/com/google/inject/extensions/guice-servlet/4.0/guice-servlet-4.0.jar:/home/runner/.m2/repository/org/glassfish/jersey/containers/jersey-container-servlet/2.33/jersey-container-servlet-2.33.jar:/home/runner/.m2/repository/org/glassfish/hk2/guice-bridge/2.5.0/guice-bridge-2.5.0.jar:/home/runner/.m2/repository/org/glassfish/jersey/core/jersey-server/2.33/jersey-server-2.33.jar:/home/runner/.m2/repository/org/glassfish/jersey/core/jersey-client/2.33/jersey-client-2.33.jar:/home/runner/.m2/repository/jakarta/annotation/jakarta.annotation-api/1.3.5/jakarta.annotation-api-1.3.5.jar:/home/runner/.m2/repository/jakarta/validation/jakarta.validation-api/2.0.2/jakarta.validation-api-2.0.2.jar:/home/runner/.m2/repository/org/glassfish/jersey/media/jersey-media-json-jackson/2.33/jersey-media-json-jackson-2.33.jar:/home/runner/.m2/repository/org/glassfish/jersey/ext/jersey-entity-filtering/2.33/jersey-entity-filtering-2.33.jar:/home/runner/.m2/repository/org/jooq/jooq/3.11.10/jooq-3.11.10.jar:/home/runner/.m2/repository/org/jooq/jooq-meta/3.11.10/jooq-meta-3.11.10.jar:/home/runner/.m2/repository/org/jooq/jooq-codegen/3.11.10/jooq-codegen-3.11.10.jar:/home/runner/.m2/repository/com/jolbox/bonecp/0.8.0.RELEASE/bonecp-0.8.0.RELEASE.jar:/home/runner/.m2/repository/org/apache/derby/derby/10.14.2.0/derby-10.14.2.0.jar:/home/runner/.m2/repository/org/xerial/sqlite-jdbc/3.25.2/sqlite-jdbc-3.25.2.jar:/home/runner/.m2/repository/org/springframework/spring-jdbc/5.2.17.RELEASE/spring-jdbc-5.2.17.RELEASE.jar:/home/runner/.m2/repository/org/springframework/spring-beans/5.2.17.RELEASE/spring-beans-5.2.17.RELEASE.jar:/home/runner/.m2/repository/org/springframework/spring-core/5.2.17.RELEASE/spring-core-5.2.17.RELEASE.jar:/home/runner/.m2/repository/org/springframework/spring-jcl/5.2.17.RELEASE/spring-jcl-5.2.17.RELEASE.jar:/home/runner/.m2/repository/org/springframework/spring-tx/5.2.17.RELEASE/spring-tx-5.2.17.RELEASE.jar:/home/runner/.m2/repository/org/apache/ozone/ozone-client/1.2.0-SNAPSHOT/ozone-client-1.2.0-SNAPSHOT.jar:/home/runner/.m2/repository/org/apache/ozone/ozone-filesystem/1.2.0-SNAPSHOT/ozone-filesystem-1.2.0-SNAPSHOT.jar:/home/runner/.m2/repository/org/apache/ozone/ozone-filesystem-common/1.2.0-SNAPSHOT/ozone-filesystem-common-1.2.0-SNAPSHOT.jar:/home/runner/.m2/repository/org/apache/ozone/ozone-tools/1.2.0-SNAPSHOT/ozone-tools-1.2.0-SNAPSHOT.jar:/home/runner/.m2/repository/org/apache/ratis/ratis-tools/2.2.0/ratis-tools-2.2.0.jar:/home/runner/.m2/repository/com/amazonaws/aws-java-sdk-core/1.11.1034/aws-java-sdk-core-1.11.1034.jar:/home/runner/.m2/repository/org/apache/httpcomponents/httpclient/4.5.13/httpclient-4.5.13.jar:/home/runner/.m2/repository/org/apache/httpcomponents/httpcore/4.4.13/httpcore-4.4.13.jar:/home/runner/.m2/repository/software/amazon/ion/ion-java/1.0.2/ion-java-1.0.2.jar:/home/runner/.m2/repository/com/fasterxml/jackson/dataformat/jackson-dataformat-cbor/2.12.1/jackson-dataformat-cbor-2.12.1.jar:/home/runner/.m2/repository/joda-time/joda-time/2.8.1/joda-time-2.8.1.jar:/home/runner/.m2/repository/com/amazonaws/aws-java-sdk-s3/1.11.1034/aws-java-sdk-s3-1.11.1034.jar:/home/runner/.m2/repository/com/amazonaws/aws-java-sdk-kms/1.11.1034/aws-java-sdk-kms-1.11.1034.jar:/home/runner/.m2/repository/com/amazonaws/jmespath-java/1.11.1034/jmespath-java-1.11.1034.jar:/home/runner/.m2/repository/org/kohsuke/metainf-services/metainf-services/1.8/metainf-services-1.8.jar:/home/runner/.m2/repository/org/apache/ozone/hdds-tools/1.2.0-SNAPSHOT/hdds-tools-1.2.0-SNAPSHOT.jar:/home/runner/.m2/repository/commons-cli/commons-cli/1.2/commons-cli-1.2.jar:/home/runner/.m2/repository/org/apache/commons/commons-lang3/3.7/commons-lang3-3.7.jar:/home/runner/.m2/repository/org/apache/ozone/ozone-manager/1.2.0-SNAPSHOT/ozone-manager-1.2.0-SNAPSHOT-tests.jar:/home/runner/.m2/repository/org/apache/ozone/hdds-common/1.2.0-SNAPSHOT/hdds-common-1.2.0-SNAPSHOT-tests.jar:/home/runner/.m2/repository/org/apache/ozone/hdds-hadoop-dependency-client/1.2.0-SNAPSHOT/hdds-hadoop-dependency-client-1.2.0-SNAPSHOT.jar:/home/runner/.m2/repository/info/picocli/picocli/4.6.1/picocli-4.6.1.jar:/home/runner/.m2/repository/com/fasterxml/jackson/core/jackson-annotations/2.12.1/jackson-annotations-2.12.1.jar:/home/runner/.m2/repository/javax/annotation/javax.annotation-api/1.2/javax.annotation-api-1.2.jar:/home/runner/.m2/repository/org/apache/ratis/ratis-server/2.2.0/ratis-server-2.2.0.jar:/home/runner/.m2/repository/org/apache/ratis/ratis-client/2.2.0/ratis-client-2.2.0.jar:/home/runner/.m2/repository/org/apache/ratis/ratis-server-api/2.2.0/ratis-server-api-2.2.0.jar:/home/runner/.m2/repository/org/apache/ratis/ratis-metrics/2.2.0/ratis-metrics-2.2.0.jar:/home/runner/.m2/repository/org/apache/ratis/ratis-netty/2.2.0/ratis-netty-2.2.0.jar:/home/runner/.m2/repository/org/apache/ratis/ratis-grpc/2.2.0/ratis-grpc-2.2.0.jar:/home/runner/.m2/repository/org/apache/logging/log4j/log4j-api/2.13.3/log4j-api-2.13.3.jar:/home/runner/.m2/repository/org/apache/logging/log4j/log4j-core/2.13.3/log4j-core-2.13.3.jar:/home/runner/.m2/repository/com/lmax/disruptor/3.4.2/disruptor-3.4.2.jar:/home/runner/.m2/repository/org/apache/commons/commons-pool2/2.6.0/commons-pool2-2.6.0.jar:/home/runner/.m2/repository/org/bouncycastle/bcpkix-jdk15on/1.67/bcpkix-jdk15on-1.67.jar:/home/runner/.m2/repository/commons-validator/commons-validator/1.6/commons-validator-1.6.jar:/home/runner/.m2/repository/commons-beanutils/commons-beanutils/1.9.4/commons-beanutils-1.9.4.jar:/home/runner/.m2/repository/commons-digester/commons-digester/1.8.1/commons-digester-1.8.1.jar:/home/runner/.m2/repository/commons-collections/commons-collections/3.2.2/commons-collections-3.2.2.jar:/home/runner/.m2/repository/io/jaegertracing/jaeger-client/1.6.0/jaeger-client-1.6.0.jar:/home/runner/.m2/repository/io/jaegertracing/jaeger-thrift/1.6.0/jaeger-thrift-1.6.0.jar:/home/runner/.m2/repository/org/apache/thrift/libthrift/0.14.1/libthrift-0.14.1.jar:/home/runner/.m2/repository/com/squareup/okhttp3/okhttp/4.9.0/okhttp-4.9.0.jar:/home/runner/.m2/repository/com/squareup/okio/okio/2.8.0/okio-2.8.0.jar:/home/runner/.m2/repository/io/jaegertracing/jaeger-core/1.6.0/jaeger-core-1.6.0.jar:/home/runner/.m2/repository/io/jaegertracing/jaeger-tracerresolver/1.6.0/jaeger-tracerresolver-1.6.0.jar:/home/runner/.m2/repository/io/opentracing/contrib/opentracing-tracerresolver/0.1.8/opentracing-tracerresolver-0.1.8.jar:/home/runner/.m2/repository/org/jetbrains/kotlin/kotlin-stdlib/1.4.31/kotlin-stdlib-1.4.31.jar:/home/runner/.m2/repository/org/jetbrains/kotlin/kotlin-stdlib-common/1.4.31/kotlin-stdlib-common-1.4.31.jar:/home/runner/.m2/repository/org/jetbrains/annotations/13.0/annotations-13.0.jar:/home/runner/.m2/repository/io/opentracing/opentracing-util/0.33.0/opentracing-util-0.33.0.jar:/home/runner/.m2/repository/io/opentracing/opentracing-api/0.33.0/opentracing-api-0.33.0.jar:/home/runner/.m2/repository/io/opentracing/opentracing-noop/0.33.0/opentracing-noop-0.33.0.jar:/home/runner/.m2/repository/org/yaml/snakeyaml/1.26/snakeyaml-1.26.jar:/home/runner/.m2/repository/org/apache/ozone/hdds-interface-admin/1.2.0-SNAPSHOT/hdds-interface-admin-1.2.0-SNAPSHOT.jar:/home/runner/.m2/repository/junit/junit/4.13.1/junit-4.13.1.jar:/home/runner/.m2/repository/org/hamcrest/hamcrest-core/1.3/hamcrest-core-1.3.jar:/home/runner/.m2/repository/org/junit/jupiter/junit-jupiter-api/5.7.0/junit-jupiter-api-5.7.0.jar:/home/runner/.m2/repository/org/apiguardian/apiguardian-api/1.1.0/apiguardian-api-1.1.0.jar:/home/runner/.m2/repository/org/opentest4j/opentest4j/1.2.0/opentest4j-1.2.0.jar:/home/runner/.m2/repository/org/junit/platform/junit-platform-commons/1.7.0/junit-platform-commons-1.7.0.jar:/home/runner/.m2/repository/org/junit/jupiter/junit-jupiter-engine/5.7.0/junit-jupiter-engine-5.7.0.jar:/home/runner/.m2/repository/org/junit/platform/junit-platform-engine/1.7.0/junit-platform-engine-1.7.0.jar:/home/runner/.m2/repository/org/junit/vintage/junit-vintage-engine/5.7.0/junit-vintage-engine-5.7.0.jar:/home/runner/.m2/repository/org/junit/platform/junit-platform-launcher/1.7.0/junit-platform-launcher-1.7.0.jar:/home/runner/.m2/repository/org/openjdk/jmh/jmh-core/1.19/jmh-core-1.19.jar:/home/runner/.m2/repository/net/sf/jopt-simple/jopt-simple/4.6/jopt-simple-4.6.jar:/home/runner/.m2/repository/org/apache/commons/commons-math3/3.1.1/commons-math3-3.1.1.jar:/home/runner/.m2/repository/org/openjdk/jmh/jmh-generator-annprocess/1.19/jmh-generator-annprocess-1.19.jar:/home/runner/.m2/repository/org/mockito/mockito-core/2.28.2/mockito-core-2.28.2.jar:/home/runner/.m2/repository/net/bytebuddy/byte-buddy/1.9.10/byte-buddy-1.9.10.jar:/home/runner/.m2/repository/net/bytebuddy/byte-buddy-agent/1.9.10/byte-buddy-agent-1.9.10.jar:/home/runner/.m2/repository/org/objenesis/objenesis/1.0/objenesis-1.0.jar:/home/runner/.m2/repository/org/apache/hadoop/hadoop-kms/3.3.1/hadoop-kms-3.3.1.jar:/home/runner/.m2/repository/org/apache/hadoop/hadoop-auth/3.3.1/hadoop-auth-3.3.1.jar:/home/runner/.m2/repository/com/nimbusds/nimbus-jose-jwt/7.9/nimbus-jose-jwt-7.9.jar:/home/runner/.m2/repository/com/github/stephenc/jcip/jcip-annotations/1.0-1/jcip-annotations-1.0-1.jar:/home/runner/.m2/repository/net/minidev/json-smart/2.3.1/json-smart-2.3.1.jar:/home/runner/.m2/repository/net/minidev/accessors-smart/2.3.1/accessors-smart-2.3.1.jar:/home/runner/.m2/repository/org/ow2/asm/asm/5.0.4/asm-5.0.4.jar:/home/runner/.m2/repository/org/apache/zookeeper/zookeeper/3.5.6/zookeeper-3.5.6.jar:/home/runner/.m2/repository/org/apache/zookeeper/zookeeper-jute/3.5.6/zookeeper-jute-3.5.6.jar:/home/runner/.m2/repository/org/apache/yetus/audience-annotations/0.5.0/audience-annotations-0.5.0.jar:/home/runner/.m2/repository/org/apache/curator/curator-framework/4.2.0/curator-framework-4.2.0.jar:/home/runner/.m2/repository/org/apache/hadoop/thirdparty/hadoop-shaded-guava/1.1.1/hadoop-shaded-guava-1.1.1.jar:/home/runner/.m2/repository/com/sun/jersey/jersey-core/1.19/jersey-core-1.19.jar:/home/runner/.m2/repository/javax/ws/rs/jsr311-api/1.1.1/jsr311-api-1.1.1.jar:/home/runner/.m2/repository/com/sun/jersey/jersey-server/1.19/jersey-server-1.19.jar:/home/runner/.m2/repository/javax/servlet/javax.servlet-api/3.1.0/javax.servlet-api-3.1.0.jar:/home/runner/.m2/repository/org/eclipse/jetty/jetty-server/9.4.43.v20210629/jetty-server-9.4.43.v20210629.jar:/home/runner/.m2/repository/org/eclipse/jetty/jetty-http/9.4.43.v20210629/jetty-http-9.4.43.v20210629.jar:/home/runner/.m2/repository/org/eclipse/jetty/jetty-io/9.4.43.v20210629/jetty-io-9.4.43.v20210629.jar:/home/runner/.m2/repository/org/eclipse/jetty/jetty-webapp/9.4.43.v20210629/jetty-webapp-9.4.43.v20210629.jar:/home/runner/.m2/repository/org/eclipse/jetty/jetty-xml/9.4.43.v20210629/jetty-xml-9.4.43.v20210629.jar:/home/runner/.m2/repository/org/apache/hadoop/hadoop-common/3.3.1/hadoop-common-3.3.1.jar:/home/runner/.m2/repository/commons-net/commons-net/3.6/commons-net-3.6.jar:/home/runner/.m2/repository/jakarta/activation/jakarta.activation-api/1.2.1/jakarta.activation-api-1.2.1.jar:/home/runner/.m2/repository/com/sun/jersey/jersey-servlet/1.19/jersey-servlet-1.19.jar:/home/runner/.m2/repository/com/sun/jersey/jersey-json/1.19/jersey-json-1.19.jar:/home/runner/.m2/repository/org/codehaus/jettison/jettison/1.1/jettison-1.1.jar:/home/runner/.m2/repository/com/sun/xml/bind/jaxb-impl/2.2.3-1/jaxb-impl-2.2.3-1.jar:/home/runner/.m2/repository/org/codehaus/jackson/jackson-jaxrs/1.9.2/jackson-jaxrs-1.9.2.jar:/home/runner/.m2/repository/org/codehaus/jackson/jackson-xc/1.9.2/jackson-xc-1.9.2.jar:/home/runner/.m2/repository/org/apache/commons/commons-configuration2/2.1.1/commons-configuration2-2.1.1.jar:/home/runner/.m2/repository/org/apache/commons/commons-text/1.4/commons-text-1.4.jar:/home/runner/.m2/repository/com/google/re2j/re2j/1.1/re2j-1.1.jar:/home/runner/.m2/repository/com/jcraft/jsch/0.1.54/jsch-0.1.54.jar:/home/runner/.m2/repository/org/apache/curator/curator-client/4.2.0/curator-client-4.2.0.jar:/home/runner/.m2/repository/org/apache/curator/curator-recipes/4.2.0/curator-recipes-4.2.0.jar:/home/runner/.m2/repository/org/apache/kerby/kerb-core/1.0.1/kerb-core-1.0.1.jar:/home/runner/.m2/repository/org/apache/kerby/kerby-pkix/1.0.1/kerby-pkix-1.0.1.jar:/home/runner/.m2/repository/org/apache/kerby/kerby-asn1/1.0.1/kerby-asn1-1.0.1.jar:/home/runner/.m2/repository/org/apache/kerby/kerby-util/1.0.1/kerby-util-1.0.1.jar:/home/runner/.m2/repository/dnsjava/dnsjava/2.1.7/dnsjava-2.1.7.jar:/home/runner/.m2/repository/org/xerial/snappy/snappy-java/1.1.8.2/snappy-java-1.1.8.2.jar:/home/runner/.m2/repository/org/slf4j/jul-to-slf4j/1.7.30/jul-to-slf4j-1.7.30.jar:/home/runner/.m2/repository/org/eclipse/jetty/jetty-util/9.4.43.v20210629/jetty-util-9.4.43.v20210629.jar:/home/runner/.m2/repository/com/fasterxml/jackson/core/jackson-databind/2.12.1/jackson-databind-2.12.1.jar:/home/runner/.m2/repository/org/apache/hadoop/hadoop-kms/3.3.1/hadoop-kms-3.3.1-tests.jar:/home/runner/.m2/repository/org/apache/ozone/hdds-server-scm/1.2.0-SNAPSHOT/hdds-server-scm-1.2.0-SNAPSHOT-tests.jar:/home/runner/.m2/repository/org/apache/ozone/hdds-container-service/1.2.0-SNAPSHOT/hdds-container-service-1.2.0-SNAPSHOT-tests.jar:/home/runner/.m2/repository/commons-codec/commons-codec/1.11/commons-codec-1.11.jar:/home/runner/.m2/repository/io/netty/netty-transport/4.1.63.Final/netty-transport-4.1.63.Final.jar:/home/runner/.m2/repository/io/netty/netty-resolver/4.1.63.Final/netty-resolver-4.1.63.Final.jar:/home/runner/.m2/repository/io/netty/netty-codec/4.1.63.Final/netty-codec-4.1.63.Final.jar:/home/runner/.m2/repository/io/netty/netty-handler/4.1.63.Final/netty-handler-4.1.63.Final.jar:/home/runner/.m2/repository/org/apache/ozone/hdds-hadoop-dependency-test/1.2.0-SNAPSHOT/hdds-hadoop-dependency-test-1.2.0-SNAPSHOT.jar:/home/runner/.m2/repository/org/apache/hadoop/hadoop-common/3.3.1/hadoop-common-3.3.1-tests.jar:/home/runner/.m2/repository/org/assertj/assertj-core/3.12.2/assertj-core-3.12.2.jar:/home/runner/.m2/repository/org/apache/hadoop/hadoop-hdfs/3.3.1/hadoop-hdfs-3.3.1-tests.jar:/home/runner/.m2/repository/org/eclipse/jetty/jetty-util-ajax/9.4.43.v20210629/jetty-util-ajax-9.4.43.v20210629.jar:/home/runner/.m2/repository/commons-daemon/commons-daemon/1.0.13/commons-daemon-1.0.13.jar:/home/runner/.m2/repository/io/netty/netty/3.10.6.Final/netty-3.10.6.Final.jar:/home/runner/.m2/repository/io/netty/netty-all/4.1.63.Final/netty-all-4.1.63.Final.jar:/home/runner/.m2/repository/org/apache/htrace/htrace-core4/4.1.0-incubating/htrace-core4-4.1.0-incubating.jar:/home/runner/.m2/repository/org/fusesource/leveldbjni/leveldbjni-all/1.8/leveldbjni-all-1.8.jar:/home/runner/.m2/repository/org/apache/hadoop/hadoop-distcp/3.3.1/hadoop-distcp-3.3.1.jar:/home/runner/.m2/repository/org/apache/hadoop/hadoop-mapreduce-client-jobclient/3.3.1/hadoop-mapreduce-client-jobclient-3.3.1.jar:/home/runner/.m2/repository/org/apache/hadoop/hadoop-mapreduce-client-common/3.3.1/hadoop-mapreduce-client-common-3.3.1.jar:/home/runner/.m2/repository/org/apache/hadoop/hadoop-yarn-common/3.3.1/hadoop-yarn-common-3.3.1.jar:/home/runner/.m2/repository/org/apache/hadoop/hadoop-yarn-api/3.3.1/hadoop-yarn-api-3.3.1.jar:/home/runner/.m2/repository/com/sun/jersey/jersey-client/1.19/jersey-client-1.19.jar:/home/runner/.m2/repository/com/sun/jersey/contribs/jersey-guice/1.19/jersey-guice-1.19.jar:/home/runner/.m2/repository/com/fasterxml/jackson/jaxrs/jackson-jaxrs-json-provider/2.12.1/jackson-jaxrs-json-provider-2.12.1.jar:/home/runner/.m2/repository/com/fasterxml/jackson/jaxrs/jackson-jaxrs-base/2.12.1/jackson-jaxrs-base-2.12.1.jar:/home/runner/.m2/repository/org/apache/hadoop/hadoop-yarn-client/3.3.1/hadoop-yarn-client-3.3.1.jar:/home/runner/.m2/repository/org/eclipse/jetty/websocket/websocket-client/9.4.40.v20210413/websocket-client-9.4.40.v20210413.jar:/home/runner/.m2/repository/org/eclipse/jetty/jetty-client/9.4.40.v20210413/jetty-client-9.4.40.v20210413.jar:/home/runner/.m2/repository/org/eclipse/jetty/websocket/websocket-common/9.4.40.v20210413/websocket-common-9.4.40.v20210413.jar:/home/runner/.m2/repository/org/eclipse/jetty/websocket/websocket-api/9.4.40.v20210413/websocket-api-9.4.40.v20210413.jar:/home/runner/.m2/repository/org/jline/jline/3.9.0/jline-3.9.0.jar:/home/runner/.m2/repository/org/apache/hadoop/hadoop-mapreduce-client-core/3.3.1/hadoop-mapreduce-client-core-3.3.1.jar:/home/runner/.m2/repository/org/apache/avro/avro/1.7.7/avro-1.7.7.jar:/home/runner/.m2/repository/org/codehaus/jackson/jackson-core-asl/1.9.13/jackson-core-asl-1.9.13.jar:/home/runner/.m2/repository/org/codehaus/jackson/jackson-mapper-asl/1.9.13/jackson-mapper-asl-1.9.13.jar:/home/runner/.m2/repository/com/thoughtworks/paranamer/paranamer/2.3/paranamer-2.3.jar:/home/runner/.m2/repository/org/apache/hadoop/hadoop-annotations/3.3.1/hadoop-annotations-3.3.1.jar:/usr/lib/jvm/adoptopenjdk-8-hotspot-amd64/jre/../lib/tools.jar:/home/runner/.m2/repository/org/apache/hadoop/hadoop-distcp/3.3.1/hadoop-distcp-3.3.1-tests.jar:/home/runner/.m2/repository/org/apache/ratis/ratis-common/2.2.0/ratis-common-2.2.0.jar:/home/runner/.m2/repository/org/apache/ratis/ratis-thirdparty-misc/0.7.0/ratis-thirdparty-misc-0.7.0.jar:/home/runner/.m2/repository/org/apache/ratis/ratis-proto/2.2.0/ratis-proto-2.2.0.jar:"/>
    <property name="sun.cpu.endian" value="little"/>
    <property name="user.home" value="/home/runner"/>
    <property name="user.language" value="en"/>
    <property name="java.specification.vendor" value="Oracle Corporation"/>
    <property name="java.home" value="/usr/lib/jvm/adoptopenjdk-8-hotspot-amd64/jre"/>
    <property name="java.security.krb5.conf" value="/home/runner/work/ozone/ozone/hadoop-ozone/integration-test/target/test-classes/krb5.conf"/>
    <property name="basedir" value="/home/runner/work/ozone/ozone/hadoop-ozone/integration-test"/>
    <property name="file.separator" value="/"/>
    <property name="line.separator" value="&#10;"/>
    <property name="java.vm.specification.vendor" value="Oracle Corporation"/>
    <property name="java.specification.name" value="Java Platform API Specification"/>
    <property name="java.awt.graphicsenv" value="sun.awt.X11GraphicsEnvironment"/>
    <property name="skip.installnpx" value="true"/>
    <property name="surefire.real.class.path" value="/home/runner/work/ozone/ozone/hadoop-ozone/integration-test/target/surefire/surefirebooter5594572274176409835.jar:/home/runner/.m2/repository/org/jacoco/org.jacoco.agent/0.8.5/org.jacoco.agent-0.8.5-runtime.jar"/>
    <property name="hadoop.log.dir" value="/home/runner/work/ozone/ozone/hadoop-ozone/integration-test/target/log"/>
    <property name="sun.boot.class.path" value="/usr/lib/jvm/adoptopenjdk-8-hotspot-amd64/jre/lib/resources.jar:/usr/lib/jvm/adoptopenjdk-8-hotspot-amd64/jre/lib/rt.jar:/usr/lib/jvm/adoptopenjdk-8-hotspot-amd64/jre/lib/sunrsasign.jar:/usr/lib/jvm/adoptopenjdk-8-hotspot-amd64/jre/lib/jsse.jar:/usr/lib/jvm/adoptopenjdk-8-hotspot-amd64/jre/lib/jce.jar:/usr/lib/jvm/adoptopenjdk-8-hotspot-amd64/jre/lib/charsets.jar:/usr/lib/jvm/adoptopenjdk-8-hotspot-amd64/jre/lib/jfr.jar:/usr/lib/jvm/adoptopenjdk-8-hotspot-amd64/jre/classes"/>
    <property name="sun.management.compiler" value="HotSpot 64-Bit Tiered Compilers"/>
    <property name="skip.npx" value="true"/>
    <property name="java.runtime.version" value="1.8.0_292-b10"/>
    <property name="java.net.preferIPv4Stack" value="true"/>
    <property name="user.name" value="runner"/>
    <property name="path.separator" value=":"/>
    <property name="java.security.egd" value="file:///dev/urandom"/>
    <property name="os.version" value="5.4.0-1061-azure"/>
    <property name="java.endorsed.dirs" value="/usr/lib/jvm/adoptopenjdk-8-hotspot-amd64/jre/lib/endorsed"/>
    <property name="java.runtime.name" value="OpenJDK Runtime Environment"/>
    <property name="file.encoding" value="UTF-8"/>
    <property name="java.vm.name" value="OpenJDK 64-Bit Server VM"/>
    <property name="test.build.webapps" value=""/>
    <property name="localRepository" value="/home/runner/.m2/repository"/>
    <property name="java.vendor.url.bug" value="https://github.com/AdoptOpenJDK/openjdk-support/issues"/>
    <property name="java.io.tmpdir" value="/tmp"/>
    <property name="require.test.libhadoop" value=""/>
    <property name="java.version" value="1.8.0_292"/>
    <property name="user.dir" value="/home/runner/work/ozone/ozone/hadoop-ozone/integration-test"/>
    <property name="os.arch" value="amd64"/>
    <property name="java.vm.specification.name" value="Java Virtual Machine Specification"/>
    <property name="test.build.classes" value="/home/runner/work/ozone/ozone/hadoop-ozone/integration-test/target/test-classes"/>
    <property name="java.awt.printerjob" value="sun.print.PSPrinterJob"/>
    <property name="sun.os.patch.level" value="unknown"/>
    <property name="hadoop.tmp.dir" value="/home/runner/work/ozone/ozone/hadoop-ozone/integration-test/target/tmp"/>
    <property name="java.library.path" value="/usr/java/packages/lib/amd64:/usr/lib64:/lib64:/lib:/usr/lib"/>
    <property name="java.vm.info" value="mixed mode"/>
    <property name="java.vendor" value="AdoptOpenJDK"/>
    <property name="java.vm.version" value="25.292-b10"/>
    <property name="java.ext.dirs" value="/usr/lib/jvm/adoptopenjdk-8-hotspot-amd64/jre/lib/ext:/usr/java/packages/lib/ext"/>
    <property name="sun.io.unicode.encoding" value="UnicodeLittle"/>
    <property name="java.class.version" value="52.0"/>
  </properties>
  <testcase name="testMultipleDataDirs" classname="org.apache.hadoop.ozone.TestMiniOzoneCluster" time="21.106"/>
  <testcase name="testStartMultipleDatanodes" classname="org.apache.hadoop.ozone.TestMiniOzoneCluster" time="29.879"/>
  <testcase name="testDNstartAfterSCM" classname="org.apache.hadoop.ozone.TestMiniOzoneCluster" time="116.2">
    <error message="test timed out after 100000 milliseconds" type="org.junit.runners.model.TestTimedOutException">org.junit.runners.model.TestTimedOutException: test timed out after 100000 milliseconds
	at java.lang.Thread.sleep(Native Method)
	at org.apache.hadoop.ozone.TestMiniOzoneCluster.testDNstartAfterSCM(TestMiniOzoneCluster.java:334)
	at sun.reflect.NativeMethodAccessorImpl.invoke0(Native Method)
	at sun.reflect.NativeMethodAccessorImpl.invoke(NativeMethodAccessorImpl.java:62)
	at sun.reflect.DelegatingMethodAccessorImpl.invoke(DelegatingMethodAccessorImpl.java:43)
	at java.lang.reflect.Method.invoke(Method.java:498)
	at org.junit.runners.model.FrameworkMethod$1.runReflectiveCall(FrameworkMethod.java:59)
	at org.junit.internal.runners.model.ReflectiveCallable.run(ReflectiveCallable.java:12)
	at org.junit.runners.model.FrameworkMethod.invokeExplosively(FrameworkMethod.java:56)
	at org.junit.internal.runners.statements.InvokeMethod.evaluate(InvokeMethod.java:17)
	at org.junit.internal.runners.statements.FailOnTimeout$CallableStatement.call(FailOnTimeout.java:288)
	at org.junit.internal.runners.statements.FailOnTimeout$CallableStatement.call(FailOnTimeout.java:282)
	at java.util.concurrent.FutureTask.run(FutureTask.java:266)
	at java.lang.Thread.run(Thread.java:748)
</error>
    <system-out><![CDATA[2021-10-24 01:33:44,795 [Time-limited test] WARN  server.ServerUtils (ServerUtils.java:getScmDbDir(148)) - ozone.scm.db.dirs is not configured. We recommend adding this setting. Falling back to ozone.metadata.dirs instead.
2021-10-24 01:33:44,801 [Time-limited test] INFO  ha.SCMHANodeDetails (SCMHANodeDetails.java:loadSCMHAConfig(157)) - ServiceID for StorageContainerManager is null
2021-10-24 01:33:44,802 [Time-limited test] INFO  ha.SCMHANodeDetails (SCMHANodeDetails.java:loadSCMHAConfig(162)) - ozone.scm.default.service.id is not defined, falling back to ozone.scm.service.ids to find serviceID for StorageContainerManager if it is HA enabled cluster
2021-10-24 01:33:44,816 [Time-limited test] WARN  server.ServerUtils (ServerUtils.java:getScmDbDir(148)) - ozone.scm.db.dirs is not configured. We recommend adding this setting. Falling back to ozone.metadata.dirs instead.
2021-10-24 01:33:44,817 [Time-limited test] INFO  upgrade.AbstractLayoutVersionManager (AbstractLayoutVersionManager.java:init(79)) - Initializing Layout version manager with metadata layout = SCM_HA (version = 2), software layout = SCM_HA (version = 2)
2021-10-24 01:33:44,897 [Time-limited test] INFO  reflections.Reflections (Reflections.java:scan(232)) - Reflections took 79 ms to scan 7 urls, producing 119 keys and 279 values 
2021-10-24 01:33:44,898 [Time-limited test] WARN  utils.HAUtils (HAUtils.java:getMetaDir(342)) - ozone.scm.db.dirs is not configured. We recommend adding this setting. Falling back to ozone.metadata.dirs instead.
2021-10-24 01:33:44,899 [Time-limited test] WARN  db.DBStoreBuilder (DBStoreBuilder.java:applyDBDefinition(145)) - ozone.scm.db.dirs is not configured. We recommend adding this setting. Falling back to ozone.metadata.dirs instead.
2021-10-24 01:33:45,075 [Time-limited test] INFO  net.NodeSchemaLoader (NodeSchemaLoader.java:loadSchemaFromFile(129)) - Loading schema from [jar:file:/home/runner/.m2/repository/org/apache/ozone/hdds-common/1.2.0-SNAPSHOT/hdds-common-1.2.0-SNAPSHOT.jar!/network-topology-default.xml]
2021-10-24 01:33:45,076 [Time-limited test] INFO  net.NodeSchemaLoader (NodeSchemaLoader.java:loadSchema(176)) - Loading network topology layer schema file
2021-10-24 01:33:45,107 [Time-limited test] INFO  ha.SequenceIdGenerator (SequenceIdGenerator.java:upgradeToSequenceId(347)) - upgrade localId to 107544261427200000
2021-10-24 01:33:45,108 [Time-limited test] INFO  ha.SequenceIdGenerator (SequenceIdGenerator.java:upgradeToSequenceId(357)) - upgrade delTxnId to 0
2021-10-24 01:33:45,108 [Time-limited test] INFO  ha.SequenceIdGenerator (SequenceIdGenerator.java:upgradeToSequenceId(371)) - upgrade containerId to 0
2021-10-24 01:33:45,108 [Time-limited test] INFO  ha.SequenceIdGenerator (SequenceIdGenerator.java:<init>(218)) - Init the HA SequenceIdGenerator.
2021-10-24 01:33:45,109 [Time-limited test] WARN  server.ServerUtils (ServerUtils.java:sanitizeUserArgs(73)) - ozone.scm.stale.node.interval value = 300000 is larger than max = 100000 based on the key value of ozone.scm.heartbeat.thread.interval, reset to the max value 100000.
2021-10-24 01:33:45,109 [Time-limited test] WARN  server.ServerUtils (ServerUtils.java:sanitizeUserArgs(73)) - ozone.scm.stale.node.interval value = 300000 is larger than max = 100000 based on the key value of ozone.scm.heartbeat.thread.interval, reset to the max value 100000.
2021-10-24 01:33:45,136 [Time-limited test] INFO  node.SCMNodeManager (SCMNodeManager.java:<init>(144)) - Entering startup safe mode.
2021-10-24 01:33:45,137 [Time-limited test] INFO  algorithms.ContainerPlacementPolicyFactory (ContainerPlacementPolicyFactory.java:getPolicy(60)) - Create container placement policy of type org.apache.hadoop.hdds.scm.container.placement.algorithms.SCMContainerPlacementRandom
2021-10-24 01:33:45,137 [Time-limited test] INFO  pipeline.PipelineStateManagerImpl (PipelineStateManagerImpl.java:initialize(78)) - No pipeline exists in current db
2021-10-24 01:33:45,137 [Time-limited test] INFO  algorithms.LeaderChoosePolicyFactory (LeaderChoosePolicyFactory.java:getPolicy(57)) - Create leader choose policy of type org.apache.hadoop.hdds.scm.pipeline.leader.choose.algorithms.MinLeaderCountChoosePolicy
2021-10-24 01:33:45,137 [Time-limited test] INFO  ha.SCMServiceManager (SCMServiceManager.java:register(43)) - Registering service BackgroundPipelineCreator.
2021-10-24 01:33:45,137 [Time-limited test] INFO  pipeline.BackgroundPipelineCreator (BackgroundPipelineCreator.java:start(130)) - Starting RatisPipelineUtilsThread.
2021-10-24 01:33:45,153 [Time-limited test] INFO  algorithms.PipelineChoosePolicyFactory (PipelineChoosePolicyFactory.java:createPipelineChoosePolicyFromClass(73)) - Create pipeline choose policy of type org.apache.hadoop.hdds.scm.pipeline.choose.algorithms.RandomPipelineChoosePolicy
2021-10-24 01:33:45,153 [Time-limited test] INFO  ha.SCMServiceManager (SCMServiceManager.java:register(43)) - Registering service SCMBlockDeletingService.
2021-10-24 01:33:45,153 [Time-limited test] INFO  ha.SCMServiceManager (SCMServiceManager.java:register(43)) - Registering service ReplicationManager.
2021-10-24 01:33:45,154 [Time-limited test] INFO  container.ReplicationManager (ReplicationManager.java:start(319)) - Starting Replication Monitor Thread.
2021-10-24 01:33:45,156 [Time-limited test] INFO  safemode.ContainerSafeModeRule (ContainerSafeModeRule.java:<init>(89)) - containers with one replica threshold count 0
2021-10-24 01:33:45,156 [Time-limited test] INFO  safemode.HealthyPipelineSafeModeRule (HealthyPipelineSafeModeRule.java:initializeRule(156)) - Total pipeline count is 0, healthy pipeline threshold count is 1
2021-10-24 01:33:45,156 [Time-limited test] INFO  safemode.OneReplicaPipelineSafeModeRule (OneReplicaPipelineSafeModeRule.java:initializeRule(180)) - Total pipeline count is 0, pipeline's with at least one datanode reported threshold count is 0
2021-10-24 01:33:45,160 [Time-limited test] INFO  ipc.CallQueueManager (CallQueueManager.java:<init>(90)) - Using callQueue: class java.util.concurrent.LinkedBlockingQueue, queueCapacity: 2000, scheduler: class org.apache.hadoop.ipc.DefaultRpcScheduler, ipcBackoff: false.
2021-10-24 01:33:45,168 [Socket Reader #1 for port 0] INFO  ipc.Server (Server.java:run(1265)) - Starting Socket Reader #1 for port 0
2021-10-24 01:33:45,170 [Listener at 0.0.0.0/34027] INFO  ipc.CallQueueManager (CallQueueManager.java:<init>(90)) - Using callQueue: class java.util.concurrent.LinkedBlockingQueue, queueCapacity: 2000, scheduler: class org.apache.hadoop.ipc.DefaultRpcScheduler, ipcBackoff: false.
2021-10-24 01:33:45,171 [Socket Reader #1 for port 0] INFO  ipc.Server (Server.java:run(1265)) - Starting Socket Reader #1 for port 0
2021-10-24 01:33:45,176 [Listener at 0.0.0.0/42169] INFO  ipc.CallQueueManager (CallQueueManager.java:<init>(90)) - Using callQueue: class java.util.concurrent.LinkedBlockingQueue, queueCapacity: 2000, scheduler: class org.apache.hadoop.ipc.DefaultRpcScheduler, ipcBackoff: false.
2021-10-24 01:33:45,190 [Socket Reader #1 for port 0] INFO  ipc.Server (Server.java:run(1265)) - Starting Socket Reader #1 for port 0
2021-10-24 01:33:45,198 [ReplicationMonitor] INFO  container.ReplicationManager (ReplicationManager.java:processAll(371)) - Replication Monitor Thread took 1 milliseconds for processing 0 containers.
2021-10-24 01:33:45,242 [Listener at 0.0.0.0/34665] INFO  algorithms.ContainerPlacementPolicyFactory (ContainerPlacementPolicyFactory.java:getPolicy(60)) - Create container placement policy of type org.apache.hadoop.hdds.scm.container.placement.algorithms.SCMContainerPlacementRandom
2021-10-24 01:33:45,243 [Listener at 0.0.0.0/34665] INFO  server.StorageContainerManager (StorageContainerManager.java:<init>(388)) - 
Container Balancer status:
Key                            Value
Running                        false
Container Balancer Configuration values:
Key                                                Value
Threshold                                          0.1
Max Datanodes to Involve per Iteration(ratio)      0.2
Max Size to Move per Iteration                     32212254720B

2021-10-24 01:33:45,243 [Listener at 0.0.0.0/34665] WARN  events.EventQueue (EventQueue.java:fireEvent(194)) - No event handler registered for event TypedEvent{payloadType=SafeModeStatus, name='Safe mode status'}
2021-10-24 01:33:45,243 [Listener at 0.0.0.0/34665] INFO  ha.SCMContext (SCMContext.java:updateSafeModeStatus(205)) - Update SafeModeStatus from SafeModeStatus{safeModeStatus=true, preCheckPassed=false} to SafeModeStatus{safeModeStatus=true, preCheckPassed=false}.
2021-10-24 01:33:45,243 [Listener at 0.0.0.0/34665] INFO  server.StorageContainerManager (StorageContainerManager.java:start(1303)) - StorageContainerLocationProtocol RPC server is listening at /0.0.0.0:34665
2021-10-24 01:33:45,244 [Listener at 0.0.0.0/34665] WARN  impl.MetricsConfig (MetricsConfig.java:loadFirst(136)) - Cannot locate configuration: tried hadoop-metrics2-storagecontainermanager.properties,hadoop-metrics2.properties
2021-10-24 01:33:45,245 [Listener at 0.0.0.0/34665] INFO  impl.MetricsSystemImpl (MetricsSystemImpl.java:startTimer(378)) - Scheduled Metric snapshot period at 10 second(s).
2021-10-24 01:33:45,245 [Listener at 0.0.0.0/34665] INFO  impl.MetricsSystemImpl (MetricsSystemImpl.java:start(191)) - StorageContainerManager metrics system started
2021-10-24 01:33:45,265 [Listener at 0.0.0.0/34665] INFO  impl.MetricsSinkAdapter (MetricsSinkAdapter.java:start(204)) - Sink prometheus started
2021-10-24 01:33:45,268 [Listener at 0.0.0.0/34665] INFO  impl.MetricsSystemImpl (MetricsSystemImpl.java:registerSink(305)) - Registered sink prometheus
2021-10-24 01:33:45,298 [Listener at 0.0.0.0/34665] INFO  server.SCMClientProtocolServer (SCMClientProtocolServer.java:start(164)) - RPC server for Client  is listening at /0.0.0.0:34665
2021-10-24 01:33:45,298 [IPC Server Responder] INFO  ipc.Server (Server.java:run(1507)) - IPC Server Responder: starting
2021-10-24 01:33:45,298 [IPC Server listener on 0] INFO  ipc.Server (Server.java:run(1344)) - IPC Server listener on 0: starting
2021-10-24 01:33:45,325 [Listener at 0.0.0.0/34665] INFO  server.StorageContainerManager (StorageContainerManager.java:start(1318)) - ScmBlockLocationProtocol RPC server is listening at /0.0.0.0:42169
2021-10-24 01:33:45,326 [Listener at 0.0.0.0/34665] INFO  server.SCMBlockProtocolServer (SCMBlockProtocolServer.java:start(151)) - RPC server for Block Protocol is listening at /0.0.0.0:42169
2021-10-24 01:33:45,326 [IPC Server Responder] INFO  ipc.Server (Server.java:run(1507)) - IPC Server Responder: starting
2021-10-24 01:33:45,326 [IPC Server listener on 0] INFO  ipc.Server (Server.java:run(1344)) - IPC Server listener on 0: starting
2021-10-24 01:33:45,461 [Listener at 0.0.0.0/34665] INFO  server.StorageContainerManager (StorageContainerManager.java:start(1324)) - ScmDatanodeProtocl RPC server is listening at /0.0.0.0:34027
2021-10-24 01:33:45,461 [Listener at 0.0.0.0/34665] INFO  server.SCMDatanodeProtocolServer (SCMDatanodeProtocolServer.java:start(181)) - RPC server for DataNodes is listening at /0.0.0.0:34027
2021-10-24 01:33:45,461 [IPC Server Responder] INFO  ipc.Server (Server.java:run(1507)) - IPC Server Responder: starting
2021-10-24 01:33:45,468 [IPC Server listener on 0] INFO  ipc.Server (Server.java:run(1344)) - IPC Server listener on 0: starting
2021-10-24 01:33:45,574 [Listener at 0.0.0.0/34665] INFO  http.BaseHttpServer (BaseHttpServer.java:newHttpServer2BuilderForOzone(209)) - Starting Web-server for scm at: http://0.0.0.0:0
2021-10-24 01:33:45,575 [Listener at 0.0.0.0/34665] INFO  http.BaseHttpServer (BaseHttpServer.java:<init>(107)) - Hadoop Security Enabled: false Ozone Security Enabled: false Ozone HTTP Security Enabled: false 
2021-10-24 01:33:45,576 [Listener at 0.0.0.0/34665] INFO  server.AuthenticationFilter (AuthenticationFilter.java:constructSecretProvider(240)) - Unable to initialize FileSignerSecretProvider, falling back to use random secrets.
2021-10-24 01:33:45,577 [org.apache.hadoop.util.JvmPauseMonitor$Monitor@533da229] INFO  util.JvmPauseMonitor (JvmPauseMonitor.java:run(188)) - Starting JVM pause monitor
2021-10-24 01:33:45,577 [Listener at 0.0.0.0/34665] WARN  http.HttpRequestLog (HttpRequestLog.java:getRequestLog(103)) - Jetty request log can only be enabled using Log4j
2021-10-24 01:33:45,578 [Listener at 0.0.0.0/34665] INFO  http.HttpServer2 (HttpServer2.java:addGlobalFilter(1030)) - Added global filter 'safety' (class=org.apache.hadoop.hdds.server.http.HttpServer2$QuotingInputFilter)
2021-10-24 01:33:45,579 [Listener at 0.0.0.0/34665] INFO  http.HttpServer2 (HttpServer2.java:addFilter(1006)) - Added filter static_user_filter (class=org.apache.hadoop.http.lib.StaticUserWebFilter$StaticUserFilter) to context scm
2021-10-24 01:33:45,579 [Listener at 0.0.0.0/34665] INFO  http.HttpServer2 (HttpServer2.java:addFilter(1014)) - Added filter static_user_filter (class=org.apache.hadoop.http.lib.StaticUserWebFilter$StaticUserFilter) to context static
2021-10-24 01:33:45,579 [Listener at 0.0.0.0/34665] INFO  http.HttpServer2 (HttpServer2.java:addFilter(1014)) - Added filter static_user_filter (class=org.apache.hadoop.http.lib.StaticUserWebFilter$StaticUserFilter) to context logs
2021-10-24 01:33:45,580 [Listener at 0.0.0.0/34665] INFO  http.HttpServer2 (HttpServer2.java:bindListener(1249)) - Jetty bound to port 40935
2021-10-24 01:33:45,580 [Listener at 0.0.0.0/34665] INFO  server.Server (Server.java:doStart(375)) - jetty-9.4.43.v20210629; built: 2021-06-30T11:07:22.254Z; git: 526006ecfa3af7f1a27ef3a288e2bef7ea9dd7e8; jvm 1.8.0_292-b10
2021-10-24 01:33:45,609 [Listener at 0.0.0.0/34665] INFO  server.session (DefaultSessionIdManager.java:doStart(334)) - DefaultSessionIdManager workerName=node0
2021-10-24 01:33:45,609 [Listener at 0.0.0.0/34665] INFO  server.session (DefaultSessionIdManager.java:doStart(339)) - No SessionScavenger set, using defaults
2021-10-24 01:33:45,610 [Listener at 0.0.0.0/34665] INFO  server.session (HouseKeeper.java:startScavenging(132)) - node0 Scavenging every 600000ms
2021-10-24 01:33:45,610 [Listener at 0.0.0.0/34665] INFO  handler.ContextHandler (ContextHandler.java:doStart(915)) - Started o.e.j.s.ServletContextHandler@320626aa{logs,/logs,file:///home/runner/work/ozone/ozone/hadoop-ozone/integration-test/target/log,AVAILABLE}
2021-10-24 01:33:45,611 [Listener at 0.0.0.0/34665] INFO  handler.ContextHandler (ContextHandler.java:doStart(915)) - Started o.e.j.s.ServletContextHandler@7d0281f7{static,/static,file:///home/runner/work/ozone/ozone/hadoop-ozone/integration-test/target/test-classes/webapps/static,AVAILABLE}
2021-10-24 01:33:45,615 [Listener at 0.0.0.0/34665] INFO  handler.ContextHandler (ContextHandler.java:doStart(915)) - Started o.e.j.w.WebAppContext@146a755d{scm,/,file:///home/runner/work/ozone/ozone/hadoop-ozone/integration-test/target/test-classes/webapps/scm/,AVAILABLE}{file:/home/runner/work/ozone/ozone/hadoop-ozone/integration-test/target/test-classes/webapps/scm}
2021-10-24 01:33:45,628 [Listener at 0.0.0.0/34665] INFO  server.AbstractConnector (AbstractConnector.java:doStart(331)) - Started ServerConnector@3659d267{HTTP/1.1, (http/1.1)}{0.0.0.0:40935}
2021-10-24 01:33:45,628 [Listener at 0.0.0.0/34665] INFO  server.Server (Server.java:doStart(415)) - Started @52965ms
2021-10-24 01:33:45,629 [Listener at 0.0.0.0/34665] WARN  impl.MetricsSystemImpl (MetricsSystemImpl.java:register(279)) - Sink prometheus already exists!
2021-10-24 01:33:45,632 [Listener at 0.0.0.0/34665] INFO  http.BaseHttpServer (BaseHttpServer.java:updateConnectorAddress(329)) - HTTP server of scm listening at http://0.0.0.0:40935
2021-10-24 01:33:45,633 [Listener at 0.0.0.0/34665] WARN  server.ServerUtils (ServerUtils.java:getDBPath(225)) - ozone.om.db.dirs is not configured. We recommend adding this setting. Falling back to ozone.metadata.dirs instead.
2021-10-24 01:33:45,634 [Listener at 0.0.0.0/34665] INFO  ha.OMHANodeDetails (OMHANodeDetails.java:loadOMHAConfig(112)) - ozone.om.internal.service.id is not defined, falling back to ozone.om.service.ids to find serviceID for OzoneManager if it is HA enabled cluster
2021-10-24 01:33:45,634 [Listener at 0.0.0.0/34665] INFO  ha.OMHANodeDetails (OMHANodeDetails.java:loadOMHAConfig(219)) - Configuration does not have ozone.om.address set. Falling back to the default OM address /127.0.0.1:0
2021-10-24 01:33:45,634 [Listener at 0.0.0.0/34665] INFO  ha.OMHANodeDetails (OMHANodeDetails.java:getOMNodeDetails(247)) - OM Service ID is not set. Setting it to the default ID: omServiceIdDefault
2021-10-24 01:33:45,634 [Listener at 0.0.0.0/34665] INFO  ha.OMHANodeDetails (OMHANodeDetails.java:getOMNodeDetails(254)) - OM Node ID is not set. Setting it to the default ID: om1
2021-10-24 01:33:45,635 [Listener at 0.0.0.0/34665] WARN  server.ServerUtils (ServerUtils.java:getDBPath(225)) - ozone.om.db.dirs is not configured. We recommend adding this setting. Falling back to ozone.metadata.dirs instead.
2021-10-24 01:33:45,635 [Listener at 0.0.0.0/34665] INFO  upgrade.AbstractLayoutVersionManager (AbstractLayoutVersionManager.java:init(79)) - Initializing Layout version manager with metadata layout = INITIAL_VERSION (version = 0), software layout = INITIAL_VERSION (version = 0)
2021-10-24 01:33:45,714 [Listener at 0.0.0.0/34665] INFO  reflections.Reflections (Reflections.java:scan(232)) - Reflections took 78 ms to scan 2 urls, producing 131 keys and 342 values [using 2 cores]
2021-10-24 01:33:45,714 [Listener at 0.0.0.0/34665] INFO  upgrade.OMLayoutVersionManager (OMLayoutVersionManager.java:lambda$0(115)) - Skipping Upgrade Action MockOmUpgradeAction since it has been finalized.
2021-10-24 01:33:45,714 [Listener at 0.0.0.0/34665] WARN  server.ServerUtils (ServerUtils.java:getDBPath(225)) - ozone.om.db.dirs is not configured. We recommend adding this setting. Falling back to ozone.metadata.dirs instead.
2021-10-24 01:33:45,731 [Listener at 0.0.0.0/34665] WARN  server.ServerUtils (ServerUtils.java:getDBPath(225)) - ozone.om.db.dirs is not configured. We recommend adding this setting. Falling back to ozone.metadata.dirs instead.
2021-10-24 01:33:45,732 [Listener at 0.0.0.0/34665] INFO  codec.OmKeyInfoCodec (OmKeyInfoCodec.java:<init>(51)) - OmKeyInfoCodec ignorePipeline = true
2021-10-24 01:33:45,732 [Listener at 0.0.0.0/34665] INFO  codec.RepeatedOmKeyInfoCodec (RepeatedOmKeyInfoCodec.java:<init>(42)) - RepeatedOmKeyInfoCodec ignorePipeline = true
2021-10-24 01:33:45,930 [Listener at 0.0.0.0/34665] INFO  om.OzoneManager (OzoneManager.java:addS3GVolumeToDB(4151)) - Created Volume s3v With Owner runner required for S3Gateway operations.
2021-10-24 01:33:45,931 [Listener at 0.0.0.0/34665] WARN  server.ServerUtils (ServerUtils.java:getDefaultRatisDirectory(237)) - Storage directory for Ratis is not configured. It is a good idea to map this to an SSD disk. Falling back to ozone.metadata.dirs
2021-10-24 01:33:45,931 [Listener at 0.0.0.0/34665] WARN  utils.OzoneManagerRatisUtils (OzoneManagerRatisUtils.java:getOMRatisSnapshotDirectory(435)) - ozone.om.ratis.snapshot.dir is not configured. Falling back to ozone.metadata.dirs config
2021-10-24 01:33:45,937 [Listener at 0.0.0.0/34665] WARN  server.ServerUtils (ServerUtils.java:getDefaultRatisDirectory(237)) - Storage directory for Ratis is not configured. It is a good idea to map this to an SSD disk. Falling back to ozone.metadata.dirs
2021-10-24 01:33:45,938 [Listener at 0.0.0.0/34665] INFO  ratis.OzoneManagerRatisServer (OzoneManagerRatisServer.java:<init>(159)) - Instantiating OM Ratis server with groupID: omServiceIdDefault and peers: localhost:9872
2021-10-24 01:33:45,938 [Listener at 0.0.0.0/34665] INFO  ratis.OzoneManagerStateMachine (OzoneManagerStateMachine.java:loadSnapshotInfoFromDB(605)) - LastAppliedIndex is set from TransactionInfo from OM DB as (t:0, i:~)
2021-10-24 01:33:45,952 [Listener at 0.0.0.0/34665] INFO  server.RaftServer (ConfUtils.java:logGet(44)) - raft.rpc.type = GRPC (default)
2021-10-24 01:33:45,953 [Listener at 0.0.0.0/34665] INFO  grpc.GrpcFactory (GrpcFactory.java:checkPooledByteBufAllocatorUseCacheForAllThreads(48)) - PERFORMANCE WARNING: useCacheForAllThreads is true that may cause Netty to create a lot garbage objects and, as a result, trigger GC.
	It is recommended to disable useCacheForAllThreads by setting -Dorg.apache.ratis.thirdparty.io.netty.allocator.useCacheForAllThreads=false in command line.
2021-10-24 01:33:45,957 [Listener at 0.0.0.0/34665] INFO  grpc.GrpcConfigKeys (ConfUtils.java:logGet(44)) - raft.grpc.admin.port = -1 (default)
2021-10-24 01:33:45,957 [Listener at 0.0.0.0/34665] INFO  grpc.GrpcConfigKeys (ConfUtils.java:logGet(44)) - raft.grpc.server.port = 9872 (custom)
2021-10-24 01:33:45,957 [Listener at 0.0.0.0/34665] INFO  grpc.GrpcConfigKeys (ConfUtils.java:logGet(44)) - raft.grpc.client.port = -1 (default)
2021-10-24 01:33:45,957 [Listener at 0.0.0.0/34665] INFO  grpc.GrpcConfigKeys (ConfUtils.java:logGet(44)) - raft.grpc.server.port = 9872 (custom)
2021-10-24 01:33:45,957 [Listener at 0.0.0.0/34665] INFO  grpc.GrpcConfigKeys (ConfUtils.java:logGet(44)) - raft.grpc.server.port = 9872 (custom)
2021-10-24 01:33:45,957 [Listener at 0.0.0.0/34665] INFO  server.GrpcService (ConfUtils.java:logGet(44)) - raft.grpc.message.size.max = 33554432 (custom)
2021-10-24 01:33:45,957 [Listener at 0.0.0.0/34665] INFO  server.RaftServerConfigKeys (ConfUtils.java:logGet(44)) - raft.server.log.appender.buffer.byte-limit = 33554432 (custom)
2021-10-24 01:33:45,957 [Listener at 0.0.0.0/34665] INFO  server.GrpcService (ConfUtils.java:logGet(44)) - raft.grpc.flow.control.window = 1MB (=1048576) (default)
2021-10-24 01:33:45,957 [Listener at 0.0.0.0/34665] INFO  server.RaftServerConfigKeys (ConfUtils.java:logGet(44)) - raft.server.rpc.request.timeout = 3000ms (default)
2021-10-24 01:33:45,959 [Listener at 0.0.0.0/34665] INFO  impl.DataStreamServerImpl (ConfUtils.java:logGet(44)) - raft.datastream.type = DISABLED (default)
2021-10-24 01:33:45,959 [Listener at 0.0.0.0/34665] INFO  server.RaftServerConfigKeys (ConfUtils.java:logGet(44)) - raft.server.rpc.slowness.timeout = 120s (custom)
2021-10-24 01:33:45,959 [Listener at 0.0.0.0/34665] INFO  server.RaftServerConfigKeys (ConfUtils.java:logGet(44)) - raft.server.leaderelection.leader.step-down.wait-time = 10s (default)
2021-10-24 01:33:45,959 [Listener at 0.0.0.0/34665] INFO  server.RaftServerConfigKeys (ConfUtils.java:logGet(44)) - raft.server.storage.dir = [/home/runner/work/ozone/ozone/hadoop-ozone/integration-test/target/test-dir/MiniOzoneClusterImpl-486ed80b-b12a-4e60-b5dc-4c94b273e9da/ozone-meta/ratis] (custom)
2021-10-24 01:33:45,960 [Listener at 0.0.0.0/34665] INFO  server.RaftServer (RaftServerProxy.java:addNew(95)) - om1: addNew group-C5BA1605619E:[om1|rpc:localhost:9872|priority:0] returns group-C5BA1605619E:java.util.concurrent.CompletableFuture@513b5912[Not completed]
2021-10-24 01:33:45,960 [Listener at 0.0.0.0/34665] INFO  om.OzoneManager (OzoneManager.java:initializeRatisServer(1605)) - OzoneManager Ratis server initialized at port 9872
2021-10-24 01:33:45,963 [pool-212-thread-1] INFO  server.RaftServer$Division (RaftServerImpl.java:<init>(184)) - om1: new RaftServerImpl for group-C5BA1605619E:[om1|rpc:localhost:9872|priority:0] with OzoneManagerStateMachine:uninitialized
2021-10-24 01:33:45,972 [Listener at 0.0.0.0/34665] INFO  ipc.CallQueueManager (CallQueueManager.java:<init>(90)) - Using callQueue: class java.util.concurrent.LinkedBlockingQueue, queueCapacity: 2000, scheduler: class org.apache.hadoop.ipc.DefaultRpcScheduler, ipcBackoff: false.
2021-10-24 01:33:45,983 [Socket Reader #1 for port 0] INFO  ipc.Server (Server.java:run(1265)) - Starting Socket Reader #1 for port 0
2021-10-24 01:33:46,000 [pool-212-thread-1] INFO  server.RaftServerConfigKeys (ConfUtils.java:logGet(44)) - raft.server.rpc.timeout.min = 1s (custom)
2021-10-24 01:33:46,000 [pool-212-thread-1] INFO  server.RaftServerConfigKeys (ConfUtils.java:logGet(44)) - raft.server.rpc.timeout.max = 1200ms (custom)
2021-10-24 01:33:46,000 [pool-212-thread-1] INFO  server.RaftServerConfigKeys (ConfUtils.java:logGet(44)) - raft.server.rpc.sleep.time = 25ms (default)
2021-10-24 01:33:46,001 [pool-212-thread-1] INFO  server.RaftServerConfigKeys (ConfUtils.java:logGet(44)) - raft.server.rpc.slowness.timeout = 120s (custom)
2021-10-24 01:33:46,001 [pool-212-thread-1] INFO  server.RaftServerConfigKeys (ConfUtils.java:logGet(44)) - raft.server.leaderelection.leader.step-down.wait-time = 10s (default)
2021-10-24 01:33:46,001 [pool-212-thread-1] INFO  server.RaftServerConfigKeys (ConfUtils.java:logGet(44)) - raft.server.sleep.deviation.threshold = 300ms (default)
2021-10-24 01:33:46,001 [pool-212-thread-1] INFO  server.RaftServerConfigKeys (ConfUtils.java:logGet(44)) - raft.server.log.appender.install.snapshot.enabled = false (custom)
2021-10-24 01:33:46,001 [pool-212-thread-1] INFO  server.RaftServer$Division (ServerState.java:<init>(105)) - om1@group-C5BA1605619E: ConfigurationManager, init=-1: [om1|rpc:localhost:9872|priority:0], old=null, confs=<EMPTY_MAP>
2021-10-24 01:33:46,001 [pool-212-thread-1] INFO  server.RaftServerConfigKeys (ConfUtils.java:logGet(44)) - raft.server.storage.dir = [/home/runner/work/ozone/ozone/hadoop-ozone/integration-test/target/test-dir/MiniOzoneClusterImpl-486ed80b-b12a-4e60-b5dc-4c94b273e9da/ozone-meta/ratis] (custom)
2021-10-24 01:33:46,001 [pool-212-thread-1] INFO  server.RaftServerConfigKeys (ConfUtils.java:logGet(44)) - raft.server.log.corruption.policy = EXCEPTION (default)
2021-10-24 01:33:46,001 [pool-212-thread-1] INFO  server.RaftServerConfigKeys (ConfUtils.java:logGet(44)) - raft.server.storage.free-space.min = 0MB (=0) (default)
2021-10-24 01:33:46,001 [pool-212-thread-1] INFO  storage.RaftStorageDirectory (RaftStorageDirectoryImpl.java:analyzeStorage(135)) - The storage directory /home/runner/work/ozone/ozone/hadoop-ozone/integration-test/target/test-dir/MiniOzoneClusterImpl-486ed80b-b12a-4e60-b5dc-4c94b273e9da/ozone-meta/ratis/bf265839-605b-3f16-9796-c5ba1605619e does not exist. Creating ...
2021-10-24 01:33:46,002 [pool-212-thread-1] INFO  storage.RaftStorageDirectory (RaftStorageDirectoryImpl.java:tryLock(230)) - Lock on /home/runner/work/ozone/ozone/hadoop-ozone/integration-test/target/test-dir/MiniOzoneClusterImpl-486ed80b-b12a-4e60-b5dc-4c94b273e9da/ozone-meta/ratis/bf265839-605b-3f16-9796-c5ba1605619e/in_use.lock acquired by nodename 19540@fv-az12-887
2021-10-24 01:33:46,003 [pool-212-thread-1] INFO  storage.RaftStorage (RaftStorageImpl.java:format(89)) - Storage directory /home/runner/work/ozone/ozone/hadoop-ozone/integration-test/target/test-dir/MiniOzoneClusterImpl-486ed80b-b12a-4e60-b5dc-4c94b273e9da/ozone-meta/ratis/bf265839-605b-3f16-9796-c5ba1605619e has been successfully formatted.
2021-10-24 01:33:46,006 [pool-212-thread-1] INFO  server.RaftServerConfigKeys (ConfUtils.java:logGet(44)) - raft.server.notification.no-leader.timeout = 120s (custom)
2021-10-24 01:33:46,006 [pool-212-thread-1] INFO  server.RaftServerConfigKeys (ConfUtils.java:logGet(44)) - raft.server.log.use.memory = false (default)
2021-10-24 01:33:46,006 [pool-212-thread-1] INFO  server.RaftServerConfigKeys (ConfUtils.java:logGet(44)) - raft.server.log.purge.gap = 1000000 (custom)
2021-10-24 01:33:46,006 [pool-212-thread-1] INFO  server.RaftServerConfigKeys (ConfUtils.java:logGet(44)) - raft.server.log.appender.buffer.byte-limit = 33554432 (custom)
2021-10-24 01:33:46,006 [pool-212-thread-1] INFO  server.RaftServerConfigKeys (ConfUtils.java:logGet(44)) - raft.server.log.segment.size.max = 4194304 (custom)
2021-10-24 01:33:46,007 [pool-212-thread-1] INFO  server.RaftServerConfigKeys (ConfUtils.java:logGet(44)) - raft.server.log.segment.cache.num.max = 2 (custom)
2021-10-24 01:33:46,007 [pool-212-thread-1] INFO  server.RaftServerConfigKeys (ConfUtils.java:logGet(44)) - raft.server.log.segment.cache.size.max = 200MB (=209715200) (default)
2021-10-24 01:33:46,007 [pool-212-thread-1] INFO  segmented.SegmentedRaftLogWorker (SegmentedRaftLogWorker.java:<init>(182)) - new om1@group-C5BA1605619E-SegmentedRaftLogWorker for RaftStorageImpl:Storage Directory /home/runner/work/ozone/ozone/hadoop-ozone/integration-test/target/test-dir/MiniOzoneClusterImpl-486ed80b-b12a-4e60-b5dc-4c94b273e9da/ozone-meta/ratis/bf265839-605b-3f16-9796-c5ba1605619e
2021-10-24 01:33:46,007 [pool-212-thread-1] INFO  server.RaftServerConfigKeys (ConfUtils.java:logGet(44)) - raft.server.log.queue.byte-limit = 64MB (=67108864) (default)
2021-10-24 01:33:46,007 [pool-212-thread-1] INFO  server.RaftServerConfigKeys (ConfUtils.java:logGet(44)) - raft.server.log.queue.element-limit = 4096 (default)
2021-10-24 01:33:46,007 [pool-212-thread-1] INFO  server.RaftServerConfigKeys (ConfUtils.java:logGet(44)) - raft.server.log.segment.size.max = 4194304 (custom)
2021-10-24 01:33:46,007 [pool-212-thread-1] INFO  server.RaftServerConfigKeys (ConfUtils.java:logGet(44)) - raft.server.log.preallocated.size = 4194304 (custom)
2021-10-24 01:33:46,007 [pool-212-thread-1] INFO  server.RaftServerConfigKeys (ConfUtils.java:logGet(44)) - raft.server.log.force.sync.num = 128 (default)
2021-10-24 01:33:46,007 [pool-212-thread-1] INFO  server.RaftServerConfigKeys (ConfUtils.java:logGet(44)) - raft.server.log.statemachine.data.sync = true (default)
2021-10-24 01:33:46,007 [pool-212-thread-1] INFO  server.RaftServerConfigKeys (ConfUtils.java:logGet(44)) - raft.server.log.statemachine.data.sync.timeout = 10s (default)
2021-10-24 01:33:46,007 [pool-212-thread-1] INFO  server.RaftServerConfigKeys (ConfUtils.java:logGet(44)) - raft.server.log.statemachine.data.sync.timeout.retry = -1 (default)
2021-10-24 01:33:46,008 [pool-212-thread-1] INFO  server.RaftServerConfigKeys (ConfUtils.java:logGet(44)) - raft.server.log.write.buffer.size = 64KB (=65536) (default)
2021-10-24 01:33:46,008 [pool-212-thread-1] INFO  server.RaftServerConfigKeys (ConfUtils.java:logGet(44)) - raft.server.log.statemachine.data.caching.enabled = false (default)
2021-10-24 01:33:46,008 [pool-212-thread-1] INFO  segmented.SegmentedRaftLogWorker (SegmentedRaftLogWorker.java:lambda$new$0(133)) - om1@group-C5BA1605619E-SegmentedRaftLogWorker: flushIndex: setUnconditionally 0 -> -1
2021-10-24 01:33:46,008 [pool-212-thread-1] INFO  segmented.SegmentedRaftLogWorker (SegmentedRaftLogWorker.java:lambda$new$0(133)) - om1@group-C5BA1605619E-SegmentedRaftLogWorker: safeCacheEvictIndex: setUnconditionally 0 -> -1
2021-10-24 01:33:46,030 [pool-212-thread-1] INFO  server.RaftServerConfigKeys (ConfUtils.java:logGet(44)) - raft.server.snapshot.auto.trigger.enabled = true (custom)
2021-10-24 01:33:46,030 [pool-212-thread-1] INFO  server.RaftServerConfigKeys (ConfUtils.java:logGet(44)) - raft.server.snapshot.auto.trigger.threshold = 400000 (default)
2021-10-24 01:33:46,030 [pool-212-thread-1] INFO  server.RaftServerConfigKeys (ConfUtils.java:logGet(44)) - raft.server.snapshot.retention.file.num = -1 (default)
2021-10-24 01:33:46,030 [pool-212-thread-1] INFO  server.RaftServerConfigKeys (ConfUtils.java:logGet(44)) - raft.server.log.purge.upto.snapshot.index = true (custom)
2021-10-24 01:33:46,030 [pool-212-thread-1] INFO  server.RaftServerConfigKeys (ConfUtils.java:logGet(44)) - raft.server.retrycache.expirytime = 300s (custom)
2021-10-24 01:33:46,030 [pool-212-thread-1] INFO  server.RaftServerConfigKeys (ConfUtils.java:logGet(44)) - raft.server.retrycache.statistics.expirytime = 100μs (default)
2021-10-24 01:33:46,045 [Listener at 127.0.0.1/37371] INFO  om.OzoneManager (OzoneManager.java:initFSOLayout(4357)) - Configured ozone.om.metadata.layout=SIMPLE and disabled optimized OM FS operations
2021-10-24 01:33:46,048 [Listener at 127.0.0.1/37371] INFO  impl.MetricsSystemImpl (MetricsSystemImpl.java:init(158)) - OzoneManager metrics system started (again)
2021-10-24 01:33:46,087 [Listener at 127.0.0.1/37371] INFO  om.OzoneManager (OzoneManager.java:start(1301)) - OzoneManager RPC server is listening at localhost/127.0.0.1:37371
2021-10-24 01:33:46,092 [Listener at 127.0.0.1/37371] INFO  ratis.OzoneManagerRatisServer (OzoneManagerRatisServer.java:start(520)) - Starting OzoneManagerRatisServer om1 at port 9872
2021-10-24 01:33:46,092 [Listener at 127.0.0.1/37371] INFO  server.RaftServer$Division (RaftServerImpl.java:start(301)) - om1@group-C5BA1605619E: start as a follower, conf=-1: [om1|rpc:localhost:9872|priority:0], old=null
2021-10-24 01:33:46,093 [Listener at 127.0.0.1/37371] INFO  server.RaftServer$Division (RaftServerImpl.java:setRole(290)) - om1@group-C5BA1605619E: changes role from      null to FOLLOWER at term 0 for startAsFollower
2021-10-24 01:33:46,093 [Listener at 127.0.0.1/37371] INFO  impl.RoleInfo (RoleInfo.java:updateAndGet(130)) - om1: start om1@group-C5BA1605619E-FollowerState
2021-10-24 01:33:46,100 [Listener at 127.0.0.1/37371] INFO  util.JmxRegister (JmxRegister.java:tryRegister(44)) - Successfully registered JMX Bean with object name Ratis:service=RaftServer,group=group-C5BA1605619E,id=om1
2021-10-24 01:33:46,112 [Listener at 127.0.0.1/37371] INFO  server.RaftServer (RaftServerProxy.java:lambda$start$5(374)) - om1: start RPC server
2021-10-24 01:33:46,137 [Listener at 127.0.0.1/37371] INFO  server.GrpcService (GrpcService.java:startImpl(253)) - om1: GrpcService started, listening on 9872
2021-10-24 01:33:46,152 [Listener at 127.0.0.1/37371] INFO  om.OzoneManager (OzoneManager.java:start(1319)) - Version File has different layout version (0) than OM DB (null). That is expected if this OM has never been finalized to a newer layout version.
2021-10-24 01:33:46,156 [org.apache.ratis.util.JvmPauseMonitor$$Lambda$531/1642995058@49b93dfe] INFO  util.JvmPauseMonitor (JvmPauseMonitor.java:run(103)) - JvmPauseMonitor-om1: Started
2021-10-24 01:33:46,191 [Listener at 127.0.0.1/37371] INFO  http.BaseHttpServer (BaseHttpServer.java:newHttpServer2BuilderForOzone(209)) - Starting Web-server for ozoneManager at: http://0.0.0.0:0
2021-10-24 01:33:46,191 [Listener at 127.0.0.1/37371] INFO  http.BaseHttpServer (BaseHttpServer.java:<init>(107)) - Hadoop Security Enabled: false Ozone Security Enabled: false Ozone HTTP Security Enabled: false 
2021-10-24 01:33:46,192 [Listener at 127.0.0.1/37371] INFO  server.AuthenticationFilter (AuthenticationFilter.java:constructSecretProvider(240)) - Unable to initialize FileSignerSecretProvider, falling back to use random secrets.
2021-10-24 01:33:46,196 [Listener at 127.0.0.1/37371] WARN  http.HttpRequestLog (HttpRequestLog.java:getRequestLog(103)) - Jetty request log can only be enabled using Log4j
2021-10-24 01:33:46,198 [Listener at 127.0.0.1/37371] INFO  http.HttpServer2 (HttpServer2.java:addGlobalFilter(1030)) - Added global filter 'safety' (class=org.apache.hadoop.hdds.server.http.HttpServer2$QuotingInputFilter)
2021-10-24 01:33:46,198 [Listener at 127.0.0.1/37371] INFO  http.HttpServer2 (HttpServer2.java:addFilter(1006)) - Added filter static_user_filter (class=org.apache.hadoop.http.lib.StaticUserWebFilter$StaticUserFilter) to context ozoneManager
2021-10-24 01:33:46,199 [Listener at 127.0.0.1/37371] INFO  http.HttpServer2 (HttpServer2.java:addFilter(1014)) - Added filter static_user_filter (class=org.apache.hadoop.http.lib.StaticUserWebFilter$StaticUserFilter) to context logs
2021-10-24 01:33:46,199 [Listener at 127.0.0.1/37371] INFO  http.HttpServer2 (HttpServer2.java:addFilter(1014)) - Added filter static_user_filter (class=org.apache.hadoop.http.lib.StaticUserWebFilter$StaticUserFilter) to context static
2021-10-24 01:33:46,199 [Listener at 127.0.0.1/37371] INFO  http.HttpServer2 (HttpServer2.java:bindListener(1249)) - Jetty bound to port 45157
2021-10-24 01:33:46,199 [Listener at 127.0.0.1/37371] INFO  server.Server (Server.java:doStart(375)) - jetty-9.4.43.v20210629; built: 2021-06-30T11:07:22.254Z; git: 526006ecfa3af7f1a27ef3a288e2bef7ea9dd7e8; jvm 1.8.0_292-b10
2021-10-24 01:33:46,237 [Listener at 127.0.0.1/37371] INFO  server.session (DefaultSessionIdManager.java:doStart(334)) - DefaultSessionIdManager workerName=node0
2021-10-24 01:33:46,237 [Listener at 127.0.0.1/37371] INFO  server.session (DefaultSessionIdManager.java:doStart(339)) - No SessionScavenger set, using defaults
2021-10-24 01:33:46,237 [Listener at 127.0.0.1/37371] INFO  server.session (HouseKeeper.java:startScavenging(132)) - node0 Scavenging every 600000ms
2021-10-24 01:33:46,238 [Listener at 127.0.0.1/37371] INFO  handler.ContextHandler (ContextHandler.java:doStart(915)) - Started o.e.j.s.ServletContextHandler@4ca17e62{logs,/logs,file:///home/runner/work/ozone/ozone/hadoop-ozone/integration-test/target/log,AVAILABLE}
2021-10-24 01:33:46,238 [Listener at 127.0.0.1/37371] INFO  handler.ContextHandler (ContextHandler.java:doStart(915)) - Started o.e.j.s.ServletContextHandler@11c31c2c{static,/static,file:///home/runner/work/ozone/ozone/hadoop-ozone/integration-test/target/test-classes/webapps/static,AVAILABLE}
2021-10-24 01:33:46,241 [Listener at 127.0.0.1/37371] INFO  handler.ContextHandler (ContextHandler.java:doStart(915)) - Started o.e.j.w.WebAppContext@733fb7ca{ozoneManager,/,file:///home/runner/work/ozone/ozone/hadoop-ozone/integration-test/target/test-classes/webapps/ozoneManager/,AVAILABLE}{file:/home/runner/work/ozone/ozone/hadoop-ozone/integration-test/target/test-classes/webapps/ozoneManager}
2021-10-24 01:33:46,252 [Listener at 127.0.0.1/37371] INFO  server.AbstractConnector (AbstractConnector.java:doStart(331)) - Started ServerConnector@3854ecd3{HTTP/1.1, (http/1.1)}{0.0.0.0:45157}
2021-10-24 01:33:46,253 [Listener at 127.0.0.1/37371] INFO  server.Server (Server.java:doStart(415)) - Started @53589ms
2021-10-24 01:33:46,253 [Listener at 127.0.0.1/37371] WARN  impl.MetricsSystemImpl (MetricsSystemImpl.java:register(279)) - Sink prometheus already exists!
2021-10-24 01:33:46,255 [Listener at 127.0.0.1/37371] INFO  http.BaseHttpServer (BaseHttpServer.java:updateConnectorAddress(329)) - HTTP server of ozoneManager listening at http://0.0.0.0:45157
2021-10-24 01:33:46,255 [IPC Server Responder] INFO  ipc.Server (Server.java:run(1507)) - IPC Server Responder: starting
2021-10-24 01:33:46,255 [IPC Server listener on 0] INFO  ipc.Server (Server.java:run(1344)) - IPC Server listener on 0: starting
2021-10-24 01:33:46,300 [Listener at 127.0.0.1/37371] INFO  om.OzoneManager (OzoneManager.java:startTrashEmptier(1563)) - Trash Interval set to 0. Files deleted will not move to trash
2021-10-24 01:33:46,319 [Listener at 127.0.0.1/37371] WARN  impl.MetricRegistriesImpl (MetricRegistriesImpl.java:addReporterRegistration(111)) - New reporters are added after registries were created. Some metrics will be missing from the reporter. Please add reporter before adding any new registry.
2021-10-24 01:33:46,332 [Listener at 127.0.0.1/37371] WARN  impl.MetricRegistriesImpl (MetricRegistriesImpl.java:addReporterRegistration(111)) - New reporters are added after registries were created. Some metrics will be missing from the reporter. Please add reporter before adding any new registry.
2021-10-24 01:33:46,333 [Listener at 127.0.0.1/37371] INFO  impl.MetricsSystemImpl (MetricsSystemImpl.java:init(158)) - HddsDatanode metrics system started (again)
2021-10-24 01:33:46,332 [org.apache.hadoop.util.JvmPauseMonitor$Monitor@2647af2d] INFO  util.JvmPauseMonitor (JvmPauseMonitor.java:run(188)) - Starting JVM pause monitor
2021-10-24 01:33:46,362 [Listener at 127.0.0.1/37371] INFO  ozone.HddsDatanodeService (HddsDatanodeService.java:start(234)) - HddsDatanodeService host:fv-az12-887.exdb2aeach2ezidoxz41lk3bwg.cx.internal.cloudapp.net ip:10.1.0.11
2021-10-24 01:33:46,417 [Listener at 127.0.0.1/37371] INFO  upgrade.AbstractLayoutVersionManager (AbstractLayoutVersionManager.java:init(79)) - Initializing Layout version manager with metadata layout = SCM_HA (version = 2), software layout = SCM_HA (version = 2)
2021-10-24 01:33:46,517 [Listener at 127.0.0.1/37371] INFO  reflections.Reflections (Reflections.java:scan(232)) - Reflections took 99 ms to scan 7 urls, producing 119 keys and 279 values 
2021-10-24 01:33:46,523 [Listener at 127.0.0.1/37371] INFO  statemachine.DatanodeStateMachine (DatanodeStateMachine.java:getEndPointTaskThreadPoolSize(219)) - Datanode State Machine Task Thread Pool size 2
2021-10-24 01:33:46,529 [Listener at 127.0.0.1/37371] INFO  volume.HddsVolume (HddsVolume.java:<init>(120)) - Creating HddsVolume: /home/runner/work/ozone/ozone/hadoop-ozone/integration-test/target/test-dir/MiniOzoneClusterImpl-486ed80b-b12a-4e60-b5dc-4c94b273e9da/datanode-0/data-0/containers/hdds of storage type : DISK capacity : 9223372036854775807
2021-10-24 01:33:46,532 [Listener at 127.0.0.1/37371] INFO  volume.MutableVolumeSet (MutableVolumeSet.java:initializeVolumeSet(168)) - Added Volume : /home/runner/work/ozone/ozone/hadoop-ozone/integration-test/target/test-dir/MiniOzoneClusterImpl-486ed80b-b12a-4e60-b5dc-4c94b273e9da/datanode-0/data-0/containers/hdds to VolumeSet
2021-10-24 01:33:46,532 [Listener at 127.0.0.1/37371] INFO  volume.ThrottledAsyncChecker (ThrottledAsyncChecker.java:schedule(141)) - Scheduling a check for /home/runner/work/ozone/ozone/hadoop-ozone/integration-test/target/test-dir/MiniOzoneClusterImpl-486ed80b-b12a-4e60-b5dc-4c94b273e9da/datanode-0/data-0/containers/hdds
2021-10-24 01:33:46,533 [Listener at 127.0.0.1/37371] INFO  volume.StorageVolumeChecker (StorageVolumeChecker.java:checkAllVolumes(202)) - Scheduled health check for volume /home/runner/work/ozone/ozone/hadoop-ozone/integration-test/target/test-dir/MiniOzoneClusterImpl-486ed80b-b12a-4e60-b5dc-4c94b273e9da/datanode-0/data-0/containers/hdds
2021-10-24 01:33:46,562 [Listener at 127.0.0.1/37371] INFO  volume.MutableVolumeSet (MutableVolumeSet.java:initializeVolumeSet(168)) - Added Volume : /home/runner/work/ozone/ozone/hadoop-ozone/integration-test/target/test-dir/MiniOzoneClusterImpl-486ed80b-b12a-4e60-b5dc-4c94b273e9da/datanode-0/data/ratis to VolumeSet
2021-10-24 01:33:46,562 [Listener at 127.0.0.1/37371] INFO  volume.ThrottledAsyncChecker (ThrottledAsyncChecker.java:schedule(141)) - Scheduling a check for /home/runner/work/ozone/ozone/hadoop-ozone/integration-test/target/test-dir/MiniOzoneClusterImpl-486ed80b-b12a-4e60-b5dc-4c94b273e9da/datanode-0/data/ratis
2021-10-24 01:33:46,562 [Listener at 127.0.0.1/37371] INFO  volume.StorageVolumeChecker (StorageVolumeChecker.java:checkAllVolumes(202)) - Scheduled health check for volume /home/runner/work/ozone/ozone/hadoop-ozone/integration-test/target/test-dir/MiniOzoneClusterImpl-486ed80b-b12a-4e60-b5dc-4c94b273e9da/datanode-0/data/ratis
2021-10-24 01:33:46,596 [Thread-506] INFO  ozoneimpl.ContainerReader (ContainerReader.java:readVolume(172)) - Finish verifying containers on volume /home/runner/work/ozone/ozone/hadoop-ozone/integration-test/target/test-dir/MiniOzoneClusterImpl-486ed80b-b12a-4e60-b5dc-4c94b273e9da/datanode-0/data-0/containers/hdds
2021-10-24 01:33:46,597 [Listener at 127.0.0.1/37371] INFO  ozoneimpl.OzoneContainer (OzoneContainer.java:buildContainerSet(236)) - Build ContainerSet costs 0s
2021-10-24 01:33:46,600 [Listener at 127.0.0.1/37371] INFO  server.RaftServer (ConfUtils.java:logGet(44)) - raft.rpc.type = GRPC (default)
2021-10-24 01:33:46,600 [Listener at 127.0.0.1/37371] INFO  grpc.GrpcFactory (GrpcFactory.java:checkPooledByteBufAllocatorUseCacheForAllThreads(48)) - PERFORMANCE WARNING: useCacheForAllThreads is true that may cause Netty to create a lot garbage objects and, as a result, trigger GC.
	It is recommended to disable useCacheForAllThreads by setting -Dorg.apache.ratis.thirdparty.io.netty.allocator.useCacheForAllThreads=false in command line.
2021-10-24 01:33:46,600 [Listener at 127.0.0.1/37371] INFO  grpc.GrpcConfigKeys (ConfUtils.java:logGet(44)) - raft.grpc.admin.port = 0 (custom)
2021-10-24 01:33:46,600 [Listener at 127.0.0.1/37371] INFO  grpc.GrpcConfigKeys (ConfUtils.java:logGet(44)) - raft.grpc.client.port = 0 (custom)
2021-10-24 01:33:46,600 [Listener at 127.0.0.1/37371] INFO  grpc.GrpcConfigKeys (ConfUtils.java:logGet(44)) - raft.grpc.server.port = 0 (default)
2021-10-24 01:33:46,601 [Listener at 127.0.0.1/37371] INFO  server.GrpcService (ConfUtils.java:logGet(44)) - raft.grpc.message.size.max = 32MB (=33554432) (custom)
2021-10-24 01:33:46,601 [Listener at 127.0.0.1/37371] INFO  server.RaftServerConfigKeys (ConfUtils.java:logGet(44)) - raft.server.log.appender.buffer.byte-limit = 33554432 (custom)
2021-10-24 01:33:46,601 [Listener at 127.0.0.1/37371] INFO  server.GrpcService (ConfUtils.java:logGet(44)) - raft.grpc.flow.control.window = 5MB (=5242880) (custom)
2021-10-24 01:33:46,601 [Listener at 127.0.0.1/37371] INFO  server.RaftServerConfigKeys (ConfUtils.java:logGet(44)) - raft.server.rpc.request.timeout = 60s (custom)
2021-10-24 01:33:46,602 [Listener at 127.0.0.1/37371] INFO  impl.DataStreamServerImpl (ConfUtils.java:logGet(44)) - raft.datastream.type = DISABLED (default)
2021-10-24 01:33:46,612 [Listener at 127.0.0.1/37371] INFO  server.RaftServerConfigKeys (ConfUtils.java:logGet(44)) - raft.server.rpc.slowness.timeout = 300s (custom)
2021-10-24 01:33:46,612 [Listener at 127.0.0.1/37371] INFO  server.RaftServerConfigKeys (ConfUtils.java:logGet(44)) - raft.server.leaderelection.leader.step-down.wait-time = 10s (default)
2021-10-24 01:33:46,613 [Listener at 127.0.0.1/37371] INFO  server.RaftServerConfigKeys (ConfUtils.java:logGet(44)) - raft.server.storage.dir = [/home/runner/work/ozone/ozone/hadoop-ozone/integration-test/target/test-dir/MiniOzoneClusterImpl-486ed80b-b12a-4e60-b5dc-4c94b273e9da/datanode-0/data/ratis] (custom)
2021-10-24 01:33:46,623 [Listener at 127.0.0.1/37371] INFO  http.BaseHttpServer (BaseHttpServer.java:newHttpServer2BuilderForOzone(209)) - Starting Web-server for hddsDatanode at: http://0.0.0.0:0
2021-10-24 01:33:46,623 [Listener at 127.0.0.1/37371] INFO  http.BaseHttpServer (BaseHttpServer.java:<init>(107)) - Hadoop Security Enabled: false Ozone Security Enabled: false Ozone HTTP Security Enabled: false 
2021-10-24 01:33:46,624 [Listener at 127.0.0.1/37371] INFO  server.AuthenticationFilter (AuthenticationFilter.java:constructSecretProvider(240)) - Unable to initialize FileSignerSecretProvider, falling back to use random secrets.
2021-10-24 01:33:46,632 [Listener at 127.0.0.1/37371] WARN  http.HttpRequestLog (HttpRequestLog.java:getRequestLog(103)) - Jetty request log can only be enabled using Log4j
2021-10-24 01:33:46,633 [Listener at 127.0.0.1/37371] INFO  http.HttpServer2 (HttpServer2.java:addGlobalFilter(1030)) - Added global filter 'safety' (class=org.apache.hadoop.hdds.server.http.HttpServer2$QuotingInputFilter)
2021-10-24 01:33:46,634 [Listener at 127.0.0.1/37371] INFO  http.HttpServer2 (HttpServer2.java:addFilter(1006)) - Added filter static_user_filter (class=org.apache.hadoop.http.lib.StaticUserWebFilter$StaticUserFilter) to context hddsDatanode
2021-10-24 01:33:46,634 [Listener at 127.0.0.1/37371] INFO  http.HttpServer2 (HttpServer2.java:addFilter(1014)) - Added filter static_user_filter (class=org.apache.hadoop.http.lib.StaticUserWebFilter$StaticUserFilter) to context static
2021-10-24 01:33:46,634 [Listener at 127.0.0.1/37371] INFO  http.HttpServer2 (HttpServer2.java:addFilter(1014)) - Added filter static_user_filter (class=org.apache.hadoop.http.lib.StaticUserWebFilter$StaticUserFilter) to context logs
2021-10-24 01:33:46,634 [Listener at 127.0.0.1/37371] INFO  http.HttpServer2 (HttpServer2.java:bindListener(1249)) - Jetty bound to port 43373
2021-10-24 01:33:46,634 [Listener at 127.0.0.1/37371] INFO  server.Server (Server.java:doStart(375)) - jetty-9.4.43.v20210629; built: 2021-06-30T11:07:22.254Z; git: 526006ecfa3af7f1a27ef3a288e2bef7ea9dd7e8; jvm 1.8.0_292-b10
2021-10-24 01:33:46,688 [Listener at 127.0.0.1/37371] INFO  server.session (DefaultSessionIdManager.java:doStart(334)) - DefaultSessionIdManager workerName=node0
2021-10-24 01:33:46,689 [Listener at 127.0.0.1/37371] INFO  server.session (DefaultSessionIdManager.java:doStart(339)) - No SessionScavenger set, using defaults
2021-10-24 01:33:46,689 [Listener at 127.0.0.1/37371] INFO  server.session (HouseKeeper.java:startScavenging(132)) - node0 Scavenging every 600000ms
2021-10-24 01:33:46,697 [Listener at 127.0.0.1/37371] INFO  handler.ContextHandler (ContextHandler.java:doStart(915)) - Started o.e.j.s.ServletContextHandler@13474ed9{logs,/logs,file:///home/runner/work/ozone/ozone/hadoop-ozone/integration-test/target/log,AVAILABLE}
2021-10-24 01:33:46,697 [Listener at 127.0.0.1/37371] INFO  handler.ContextHandler (ContextHandler.java:doStart(915)) - Started o.e.j.s.ServletContextHandler@6272f040{static,/static,jar:file:/home/runner/.m2/repository/org/apache/ozone/hdds-container-service/1.2.0-SNAPSHOT/hdds-container-service-1.2.0-SNAPSHOT.jar!/webapps/static,AVAILABLE}
2021-10-24 01:33:46,799 [Listener at 127.0.0.1/37371] INFO  handler.ContextHandler (ContextHandler.java:doStart(915)) - Started o.e.j.w.WebAppContext@55b78c81{hddsDatanode,/,file:///tmp/jetty-0_0_0_0-43373-hdds-container-service-1_2_0-SNAPSHOT_jar-_-any-2730397091427867256/webapp/,AVAILABLE}{jar:file:/home/runner/.m2/repository/org/apache/ozone/hdds-container-service/1.2.0-SNAPSHOT/hdds-container-service-1.2.0-SNAPSHOT.jar!/webapps/hddsDatanode}
2021-10-24 01:33:46,805 [Listener at 127.0.0.1/37371] INFO  server.AbstractConnector (AbstractConnector.java:doStart(331)) - Started ServerConnector@75fc85ec{HTTP/1.1, (http/1.1)}{0.0.0.0:43373}
2021-10-24 01:33:46,805 [Listener at 127.0.0.1/37371] INFO  server.Server (Server.java:doStart(415)) - Started @54142ms
2021-10-24 01:33:46,805 [Listener at 127.0.0.1/37371] WARN  impl.MetricsSystemImpl (MetricsSystemImpl.java:register(279)) - Sink prometheus already exists!
2021-10-24 01:33:46,806 [Listener at 127.0.0.1/37371] INFO  http.BaseHttpServer (BaseHttpServer.java:updateConnectorAddress(329)) - HTTP server of hddsDatanode listening at http://0.0.0.0:43373
2021-10-24 01:33:46,806 [Listener at 127.0.0.1/37371] WARN  impl.MetricRegistriesImpl (MetricRegistriesImpl.java:addReporterRegistration(111)) - New reporters are added after registries were created. Some metrics will be missing from the reporter. Please add reporter before adding any new registry.
2021-10-24 01:33:46,807 [Listener at 127.0.0.1/37371] WARN  impl.MetricRegistriesImpl (MetricRegistriesImpl.java:addReporterRegistration(111)) - New reporters are added after registries were created. Some metrics will be missing from the reporter. Please add reporter before adding any new registry.
2021-10-24 01:33:46,807 [Listener at 127.0.0.1/37371] INFO  impl.MetricsSystemImpl (MetricsSystemImpl.java:init(158)) - HddsDatanode metrics system started (again)
2021-10-24 01:33:46,823 [Datanode State Machine Daemon Thread] INFO  statemachine.DatanodeStateMachine (DatanodeStateMachine.java:lambda$startDaemon$0(467)) - Ozone container server started.
2021-10-24 01:33:46,833 [org.apache.hadoop.util.JvmPauseMonitor$Monitor@688a492] INFO  util.JvmPauseMonitor (JvmPauseMonitor.java:run(188)) - Starting JVM pause monitor
2021-10-24 01:33:46,847 [Listener at 127.0.0.1/37371] INFO  ozone.HddsDatanodeService (HddsDatanodeService.java:start(234)) - HddsDatanodeService host:fv-az12-887.exdb2aeach2ezidoxz41lk3bwg.cx.internal.cloudapp.net ip:10.1.0.11
2021-10-24 01:33:46,882 [Datanode State Machine Task Thread - 0] INFO  datanode.InitDatanodeState (InitDatanodeState.java:persistContainerDatanodeDetails(145)) - DatanodeDetails is persisted to /home/runner/work/ozone/ozone/hadoop-ozone/integration-test/target/test-dir/MiniOzoneClusterImpl-486ed80b-b12a-4e60-b5dc-4c94b273e9da/datanode-0/meta/datanode.id
2021-10-24 01:33:46,903 [Listener at 127.0.0.1/37371] INFO  upgrade.AbstractLayoutVersionManager (AbstractLayoutVersionManager.java:init(79)) - Initializing Layout version manager with metadata layout = SCM_HA (version = 2), software layout = SCM_HA (version = 2)
2021-10-24 01:33:46,980 [Listener at 127.0.0.1/37371] INFO  reflections.Reflections (Reflections.java:scan(232)) - Reflections took 76 ms to scan 7 urls, producing 119 keys and 279 values 
2021-10-24 01:33:46,985 [Listener at 127.0.0.1/37371] INFO  statemachine.DatanodeStateMachine (DatanodeStateMachine.java:getEndPointTaskThreadPoolSize(219)) - Datanode State Machine Task Thread Pool size 2
2021-10-24 01:33:46,986 [Listener at 127.0.0.1/37371] INFO  volume.HddsVolume (HddsVolume.java:<init>(120)) - Creating HddsVolume: /home/runner/work/ozone/ozone/hadoop-ozone/integration-test/target/test-dir/MiniOzoneClusterImpl-486ed80b-b12a-4e60-b5dc-4c94b273e9da/datanode-1/data-0/containers/hdds of storage type : DISK capacity : 9223372036854775807
2021-10-24 01:33:46,986 [Listener at 127.0.0.1/37371] INFO  volume.MutableVolumeSet (MutableVolumeSet.java:initializeVolumeSet(168)) - Added Volume : /home/runner/work/ozone/ozone/hadoop-ozone/integration-test/target/test-dir/MiniOzoneClusterImpl-486ed80b-b12a-4e60-b5dc-4c94b273e9da/datanode-1/data-0/containers/hdds to VolumeSet
2021-10-24 01:33:46,986 [Listener at 127.0.0.1/37371] INFO  volume.ThrottledAsyncChecker (ThrottledAsyncChecker.java:schedule(141)) - Scheduling a check for /home/runner/work/ozone/ozone/hadoop-ozone/integration-test/target/test-dir/MiniOzoneClusterImpl-486ed80b-b12a-4e60-b5dc-4c94b273e9da/datanode-1/data-0/containers/hdds
2021-10-24 01:33:46,987 [Listener at 127.0.0.1/37371] INFO  volume.StorageVolumeChecker (StorageVolumeChecker.java:checkAllVolumes(202)) - Scheduled health check for volume /home/runner/work/ozone/ozone/hadoop-ozone/integration-test/target/test-dir/MiniOzoneClusterImpl-486ed80b-b12a-4e60-b5dc-4c94b273e9da/datanode-1/data-0/containers/hdds
2021-10-24 01:33:47,009 [Listener at 127.0.0.1/37371] INFO  volume.MutableVolumeSet (MutableVolumeSet.java:initializeVolumeSet(168)) - Added Volume : /home/runner/work/ozone/ozone/hadoop-ozone/integration-test/target/test-dir/MiniOzoneClusterImpl-486ed80b-b12a-4e60-b5dc-4c94b273e9da/datanode-1/data/ratis to VolumeSet
2021-10-24 01:33:47,009 [Listener at 127.0.0.1/37371] INFO  volume.ThrottledAsyncChecker (ThrottledAsyncChecker.java:schedule(141)) - Scheduling a check for /home/runner/work/ozone/ozone/hadoop-ozone/integration-test/target/test-dir/MiniOzoneClusterImpl-486ed80b-b12a-4e60-b5dc-4c94b273e9da/datanode-1/data/ratis
2021-10-24 01:33:47,010 [Listener at 127.0.0.1/37371] INFO  volume.StorageVolumeChecker (StorageVolumeChecker.java:checkAllVolumes(202)) - Scheduled health check for volume /home/runner/work/ozone/ozone/hadoop-ozone/integration-test/target/test-dir/MiniOzoneClusterImpl-486ed80b-b12a-4e60-b5dc-4c94b273e9da/datanode-1/data/ratis
2021-10-24 01:33:47,047 [Thread-518] INFO  ozoneimpl.ContainerReader (ContainerReader.java:readVolume(172)) - Finish verifying containers on volume /home/runner/work/ozone/ozone/hadoop-ozone/integration-test/target/test-dir/MiniOzoneClusterImpl-486ed80b-b12a-4e60-b5dc-4c94b273e9da/datanode-1/data-0/containers/hdds
2021-10-24 01:33:47,048 [Listener at 127.0.0.1/37371] INFO  ozoneimpl.OzoneContainer (OzoneContainer.java:buildContainerSet(236)) - Build ContainerSet costs 0s
2021-10-24 01:33:47,052 [Listener at 127.0.0.1/37371] INFO  server.RaftServer (ConfUtils.java:logGet(44)) - raft.rpc.type = GRPC (default)
2021-10-24 01:33:47,057 [Listener at 127.0.0.1/37371] INFO  grpc.GrpcFactory (GrpcFactory.java:checkPooledByteBufAllocatorUseCacheForAllThreads(48)) - PERFORMANCE WARNING: useCacheForAllThreads is true that may cause Netty to create a lot garbage objects and, as a result, trigger GC.
	It is recommended to disable useCacheForAllThreads by setting -Dorg.apache.ratis.thirdparty.io.netty.allocator.useCacheForAllThreads=false in command line.
2021-10-24 01:33:47,058 [Listener at 127.0.0.1/37371] INFO  grpc.GrpcConfigKeys (ConfUtils.java:logGet(44)) - raft.grpc.admin.port = 0 (custom)
2021-10-24 01:33:47,058 [Listener at 127.0.0.1/37371] INFO  grpc.GrpcConfigKeys (ConfUtils.java:logGet(44)) - raft.grpc.client.port = 0 (custom)
2021-10-24 01:33:47,058 [Listener at 127.0.0.1/37371] INFO  grpc.GrpcConfigKeys (ConfUtils.java:logGet(44)) - raft.grpc.server.port = 0 (default)
2021-10-24 01:33:47,058 [Listener at 127.0.0.1/37371] INFO  server.GrpcService (ConfUtils.java:logGet(44)) - raft.grpc.message.size.max = 32MB (=33554432) (custom)
2021-10-24 01:33:47,058 [Listener at 127.0.0.1/37371] INFO  server.RaftServerConfigKeys (ConfUtils.java:logGet(44)) - raft.server.log.appender.buffer.byte-limit = 33554432 (custom)
2021-10-24 01:33:47,058 [Listener at 127.0.0.1/37371] INFO  server.GrpcService (ConfUtils.java:logGet(44)) - raft.grpc.flow.control.window = 5MB (=5242880) (custom)
2021-10-24 01:33:47,058 [Listener at 127.0.0.1/37371] INFO  server.RaftServerConfigKeys (ConfUtils.java:logGet(44)) - raft.server.rpc.request.timeout = 60s (custom)
2021-10-24 01:33:47,059 [Listener at 127.0.0.1/37371] INFO  impl.DataStreamServerImpl (ConfUtils.java:logGet(44)) - raft.datastream.type = DISABLED (default)
2021-10-24 01:33:47,059 [Listener at 127.0.0.1/37371] INFO  server.RaftServerConfigKeys (ConfUtils.java:logGet(44)) - raft.server.rpc.slowness.timeout = 300s (custom)
2021-10-24 01:33:47,059 [Listener at 127.0.0.1/37371] INFO  server.RaftServerConfigKeys (ConfUtils.java:logGet(44)) - raft.server.leaderelection.leader.step-down.wait-time = 10s (default)
2021-10-24 01:33:47,060 [Listener at 127.0.0.1/37371] INFO  server.RaftServerConfigKeys (ConfUtils.java:logGet(44)) - raft.server.storage.dir = [/home/runner/work/ozone/ozone/hadoop-ozone/integration-test/target/test-dir/MiniOzoneClusterImpl-486ed80b-b12a-4e60-b5dc-4c94b273e9da/datanode-1/data/ratis] (custom)
2021-10-24 01:33:47,076 [Listener at 127.0.0.1/37371] INFO  http.BaseHttpServer (BaseHttpServer.java:newHttpServer2BuilderForOzone(209)) - Starting Web-server for hddsDatanode at: http://0.0.0.0:0
2021-10-24 01:33:47,077 [Listener at 127.0.0.1/37371] INFO  http.BaseHttpServer (BaseHttpServer.java:<init>(107)) - Hadoop Security Enabled: false Ozone Security Enabled: false Ozone HTTP Security Enabled: false 
2021-10-24 01:33:47,077 [Listener at 127.0.0.1/37371] INFO  server.AuthenticationFilter (AuthenticationFilter.java:constructSecretProvider(240)) - Unable to initialize FileSignerSecretProvider, falling back to use random secrets.
2021-10-24 01:33:47,087 [Listener at 127.0.0.1/37371] WARN  http.HttpRequestLog (HttpRequestLog.java:getRequestLog(103)) - Jetty request log can only be enabled using Log4j
2021-10-24 01:33:47,088 [Listener at 127.0.0.1/37371] INFO  http.HttpServer2 (HttpServer2.java:addGlobalFilter(1030)) - Added global filter 'safety' (class=org.apache.hadoop.hdds.server.http.HttpServer2$QuotingInputFilter)
2021-10-24 01:33:47,088 [Listener at 127.0.0.1/37371] INFO  http.HttpServer2 (HttpServer2.java:addFilter(1006)) - Added filter static_user_filter (class=org.apache.hadoop.http.lib.StaticUserWebFilter$StaticUserFilter) to context hddsDatanode
2021-10-24 01:33:47,088 [Listener at 127.0.0.1/37371] INFO  http.HttpServer2 (HttpServer2.java:addFilter(1014)) - Added filter static_user_filter (class=org.apache.hadoop.http.lib.StaticUserWebFilter$StaticUserFilter) to context static
2021-10-24 01:33:47,088 [Listener at 127.0.0.1/37371] INFO  http.HttpServer2 (HttpServer2.java:addFilter(1014)) - Added filter static_user_filter (class=org.apache.hadoop.http.lib.StaticUserWebFilter$StaticUserFilter) to context logs
2021-10-24 01:33:47,089 [Listener at 127.0.0.1/37371] INFO  http.HttpServer2 (HttpServer2.java:bindListener(1249)) - Jetty bound to port 37765
2021-10-24 01:33:47,089 [Listener at 127.0.0.1/37371] INFO  server.Server (Server.java:doStart(375)) - jetty-9.4.43.v20210629; built: 2021-06-30T11:07:22.254Z; git: 526006ecfa3af7f1a27ef3a288e2bef7ea9dd7e8; jvm 1.8.0_292-b10
2021-10-24 01:33:47,127 [om1@group-C5BA1605619E-FollowerState] INFO  impl.FollowerState (FollowerState.java:run(134)) - om1@group-C5BA1605619E-FollowerState: change to CANDIDATE, lastRpcElapsedTime:1034554408ns, electionTimeout:1013ms
2021-10-24 01:33:47,128 [om1@group-C5BA1605619E-FollowerState] INFO  impl.RoleInfo (RoleInfo.java:shutdownFollowerState(108)) - om1: shutdown om1@group-C5BA1605619E-FollowerState
2021-10-24 01:33:47,128 [om1@group-C5BA1605619E-FollowerState] INFO  server.RaftServer$Division (RaftServerImpl.java:setRole(290)) - om1@group-C5BA1605619E: changes role from  FOLLOWER to CANDIDATE at term 0 for changeToCandidate
2021-10-24 01:33:47,128 [om1@group-C5BA1605619E-FollowerState] INFO  server.RaftServerConfigKeys (ConfUtils.java:logGet(44)) - raft.server.leaderelection.pre-vote = false (custom)
2021-10-24 01:33:47,128 [om1@group-C5BA1605619E-FollowerState] INFO  impl.RoleInfo (RoleInfo.java:updateAndGet(130)) - om1: start om1@group-C5BA1605619E-LeaderElection8
2021-10-24 01:33:47,164 [Listener at 127.0.0.1/37371] INFO  server.session (DefaultSessionIdManager.java:doStart(334)) - DefaultSessionIdManager workerName=node0
2021-10-24 01:33:47,165 [Listener at 127.0.0.1/37371] INFO  server.session (DefaultSessionIdManager.java:doStart(339)) - No SessionScavenger set, using defaults
2021-10-24 01:33:47,165 [Listener at 127.0.0.1/37371] INFO  server.session (HouseKeeper.java:startScavenging(132)) - node0 Scavenging every 600000ms
2021-10-24 01:33:47,174 [Listener at 127.0.0.1/37371] INFO  handler.ContextHandler (ContextHandler.java:doStart(915)) - Started o.e.j.s.ServletContextHandler@6a9bb264{logs,/logs,file:///home/runner/work/ozone/ozone/hadoop-ozone/integration-test/target/log,AVAILABLE}
2021-10-24 01:33:47,174 [Listener at 127.0.0.1/37371] INFO  handler.ContextHandler (ContextHandler.java:doStart(915)) - Started o.e.j.s.ServletContextHandler@764c0349{static,/static,jar:file:/home/runner/.m2/repository/org/apache/ozone/hdds-container-service/1.2.0-SNAPSHOT/hdds-container-service-1.2.0-SNAPSHOT.jar!/webapps/static,AVAILABLE}
2021-10-24 01:33:47,177 [om1@group-C5BA1605619E-LeaderElection8] INFO  impl.LeaderElection (LeaderElection.java:askForVotes(306)) - om1@group-C5BA1605619E-LeaderElection8 ELECTION round 0: submit vote requests at term 1 for -1: [om1|rpc:localhost:9872|priority:0], old=null
2021-10-24 01:33:47,178 [om1@group-C5BA1605619E-LeaderElection8] INFO  impl.LeaderElection (LeaderElection.java:askForVotes(308)) - om1@group-C5BA1605619E-LeaderElection8 ELECTION round 0: result PASSED (term=1)
2021-10-24 01:33:47,178 [om1@group-C5BA1605619E-LeaderElection8] INFO  impl.RoleInfo (RoleInfo.java:shutdownLeaderElection(121)) - om1: shutdown om1@group-C5BA1605619E-LeaderElection8
2021-10-24 01:33:47,178 [om1@group-C5BA1605619E-LeaderElection8] INFO  server.RaftServer$Division (RaftServerImpl.java:setRole(290)) - om1@group-C5BA1605619E: changes role from CANDIDATE to LEADER at term 1 for changeToLeader
2021-10-24 01:33:47,179 [om1@group-C5BA1605619E-LeaderElection8] INFO  server.RaftServer$Division (ServerState.java:setLeader(285)) - om1@group-C5BA1605619E: change Leader from null to om1 at term 1 for becomeLeader, leader elected after 1172ms
2021-10-24 01:33:47,179 [om1@group-C5BA1605619E-LeaderElection8] INFO  server.RaftServerConfigKeys (ConfUtils.java:logGet(44)) - raft.server.staging.catchup.gap = 1000 (default)
2021-10-24 01:33:47,179 [om1@group-C5BA1605619E-LeaderElection8] INFO  server.RaftServerConfigKeys (ConfUtils.java:logGet(44)) - raft.server.write.element-limit = 4096 (default)
2021-10-24 01:33:47,179 [om1@group-C5BA1605619E-LeaderElection8] INFO  server.RaftServerConfigKeys (ConfUtils.java:logGet(44)) - raft.server.write.byte-limit = 64MB (=67108864) (default)
2021-10-24 01:33:47,179 [om1@group-C5BA1605619E-LeaderElection8] INFO  server.RaftServerConfigKeys (ConfUtils.java:logGet(44)) - raft.server.watch.timeout = 10s (default)
2021-10-24 01:33:47,179 [om1@group-C5BA1605619E-LeaderElection8] INFO  server.RaftServerConfigKeys (ConfUtils.java:logGet(44)) - raft.server.watch.timeout.denomination = 1s (default)
2021-10-24 01:33:47,179 [om1@group-C5BA1605619E-LeaderElection8] INFO  server.RaftServerConfigKeys (ConfUtils.java:logGet(44)) - raft.server.watch.element-limit = 65536 (default)
2021-10-24 01:33:47,179 [om1@group-C5BA1605619E-LeaderElection8] INFO  server.RaftServerConfigKeys (ConfUtils.java:logGet(44)) - raft.server.write.element-limit = 4096 (default)
2021-10-24 01:33:47,179 [om1@group-C5BA1605619E-LeaderElection8] INFO  server.RaftServerConfigKeys (ConfUtils.java:logGet(44)) - raft.server.write.follower.gap.ratio.max = -1.0 (default)
2021-10-24 01:33:47,179 [om1@group-C5BA1605619E-LeaderElection8] INFO  impl.RoleInfo (RoleInfo.java:updateAndGet(130)) - om1: start om1@group-C5BA1605619E-LeaderStateImpl
2021-10-24 01:33:47,180 [om1@group-C5BA1605619E-LeaderElection8] INFO  segmented.SegmentedRaftLogWorker (SegmentedRaftLogWorker.java:startLogSegment(394)) - om1@group-C5BA1605619E-SegmentedRaftLogWorker: Starting segment from index:0
2021-10-24 01:33:47,193 [om1@group-C5BA1605619E-SegmentedRaftLogWorker] INFO  segmented.SegmentedRaftLogWorker (SegmentedRaftLogWorker.java:execute(601)) - om1@group-C5BA1605619E-SegmentedRaftLogWorker: created new log segment /home/runner/work/ozone/ozone/hadoop-ozone/integration-test/target/test-dir/MiniOzoneClusterImpl-486ed80b-b12a-4e60-b5dc-4c94b273e9da/ozone-meta/ratis/bf265839-605b-3f16-9796-c5ba1605619e/current/log_inprogress_0
2021-10-24 01:33:47,209 [om1@group-C5BA1605619E-LeaderElection8] INFO  server.RaftServer$Division (ServerState.java:setRaftConf(387)) - om1@group-C5BA1605619E: set configuration 0: [om1|rpc:localhost:9872|admin:|client:|dataStream:|priority:0], old=null
2021-10-24 01:33:47,216 [om1@group-C5BA1605619E-StateMachineUpdater] INFO  ratis.OzoneManagerStateMachine (OzoneManagerStateMachine.java:notifyConfigurationChanged(188)) - Received Configuration change notification from Ratis. New Peer list:
[id: "om1"
address: "localhost:9872"
]
2021-10-24 01:33:47,294 [Listener at 127.0.0.1/37371] INFO  handler.ContextHandler (ContextHandler.java:doStart(915)) - Started o.e.j.w.WebAppContext@3282d976{hddsDatanode,/,file:///tmp/jetty-0_0_0_0-37765-hdds-container-service-1_2_0-SNAPSHOT_jar-_-any-2913857895454060490/webapp/,AVAILABLE}{jar:file:/home/runner/.m2/repository/org/apache/ozone/hdds-container-service/1.2.0-SNAPSHOT/hdds-container-service-1.2.0-SNAPSHOT.jar!/webapps/hddsDatanode}
2021-10-24 01:33:47,300 [Listener at 127.0.0.1/37371] INFO  server.AbstractConnector (AbstractConnector.java:doStart(331)) - Started ServerConnector@112282fb{HTTP/1.1, (http/1.1)}{0.0.0.0:37765}
2021-10-24 01:33:47,300 [Listener at 127.0.0.1/37371] INFO  server.Server (Server.java:doStart(415)) - Started @54637ms
2021-10-24 01:33:47,300 [Listener at 127.0.0.1/37371] WARN  impl.MetricsSystemImpl (MetricsSystemImpl.java:register(279)) - Sink prometheus already exists!
2021-10-24 01:33:47,301 [Listener at 127.0.0.1/37371] INFO  http.BaseHttpServer (BaseHttpServer.java:updateConnectorAddress(329)) - HTTP server of hddsDatanode listening at http://0.0.0.0:37765
2021-10-24 01:33:47,301 [Listener at 127.0.0.1/37371] WARN  impl.MetricRegistriesImpl (MetricRegistriesImpl.java:addReporterRegistration(111)) - New reporters are added after registries were created. Some metrics will be missing from the reporter. Please add reporter before adding any new registry.
2021-10-24 01:33:47,301 [Listener at 127.0.0.1/37371] WARN  impl.MetricRegistriesImpl (MetricRegistriesImpl.java:addReporterRegistration(111)) - New reporters are added after registries were created. Some metrics will be missing from the reporter. Please add reporter before adding any new registry.
2021-10-24 01:33:47,301 [Listener at 127.0.0.1/37371] INFO  impl.MetricsSystemImpl (MetricsSystemImpl.java:init(158)) - HddsDatanode metrics system started (again)
2021-10-24 01:33:47,316 [Datanode State Machine Daemon Thread] INFO  statemachine.DatanodeStateMachine (DatanodeStateMachine.java:lambda$startDaemon$0(467)) - Ozone container server started.
2021-10-24 01:33:47,364 [org.apache.hadoop.util.JvmPauseMonitor$Monitor@78b77f39] INFO  util.JvmPauseMonitor (JvmPauseMonitor.java:run(188)) - Starting JVM pause monitor
2021-10-24 01:33:47,369 [Listener at 127.0.0.1/37371] INFO  ozone.HddsDatanodeService (HddsDatanodeService.java:start(234)) - HddsDatanodeService host:fv-az12-887.exdb2aeach2ezidoxz41lk3bwg.cx.internal.cloudapp.net ip:10.1.0.11
2021-10-24 01:33:47,396 [Datanode State Machine Task Thread - 0] INFO  datanode.InitDatanodeState (InitDatanodeState.java:persistContainerDatanodeDetails(145)) - DatanodeDetails is persisted to /home/runner/work/ozone/ozone/hadoop-ozone/integration-test/target/test-dir/MiniOzoneClusterImpl-486ed80b-b12a-4e60-b5dc-4c94b273e9da/datanode-1/meta/datanode.id
2021-10-24 01:33:47,414 [Listener at 127.0.0.1/37371] INFO  upgrade.AbstractLayoutVersionManager (AbstractLayoutVersionManager.java:init(79)) - Initializing Layout version manager with metadata layout = SCM_HA (version = 2), software layout = SCM_HA (version = 2)
2021-10-24 01:33:47,508 [Listener at 127.0.0.1/37371] INFO  reflections.Reflections (Reflections.java:scan(232)) - Reflections took 93 ms to scan 7 urls, producing 119 keys and 279 values 
2021-10-24 01:33:47,517 [Listener at 127.0.0.1/37371] INFO  statemachine.DatanodeStateMachine (DatanodeStateMachine.java:getEndPointTaskThreadPoolSize(219)) - Datanode State Machine Task Thread Pool size 2
2021-10-24 01:33:47,525 [Listener at 127.0.0.1/37371] INFO  volume.HddsVolume (HddsVolume.java:<init>(120)) - Creating HddsVolume: /home/runner/work/ozone/ozone/hadoop-ozone/integration-test/target/test-dir/MiniOzoneClusterImpl-486ed80b-b12a-4e60-b5dc-4c94b273e9da/datanode-2/data-0/containers/hdds of storage type : DISK capacity : 9223372036854775807
2021-10-24 01:33:47,525 [Listener at 127.0.0.1/37371] INFO  volume.MutableVolumeSet (MutableVolumeSet.java:initializeVolumeSet(168)) - Added Volume : /home/runner/work/ozone/ozone/hadoop-ozone/integration-test/target/test-dir/MiniOzoneClusterImpl-486ed80b-b12a-4e60-b5dc-4c94b273e9da/datanode-2/data-0/containers/hdds to VolumeSet
2021-10-24 01:33:47,525 [Listener at 127.0.0.1/37371] INFO  volume.ThrottledAsyncChecker (ThrottledAsyncChecker.java:schedule(141)) - Scheduling a check for /home/runner/work/ozone/ozone/hadoop-ozone/integration-test/target/test-dir/MiniOzoneClusterImpl-486ed80b-b12a-4e60-b5dc-4c94b273e9da/datanode-2/data-0/containers/hdds
2021-10-24 01:33:47,528 [Listener at 127.0.0.1/37371] INFO  volume.StorageVolumeChecker (StorageVolumeChecker.java:checkAllVolumes(202)) - Scheduled health check for volume /home/runner/work/ozone/ozone/hadoop-ozone/integration-test/target/test-dir/MiniOzoneClusterImpl-486ed80b-b12a-4e60-b5dc-4c94b273e9da/datanode-2/data-0/containers/hdds
2021-10-24 01:33:47,549 [Listener at 127.0.0.1/37371] INFO  volume.MutableVolumeSet (MutableVolumeSet.java:initializeVolumeSet(168)) - Added Volume : /home/runner/work/ozone/ozone/hadoop-ozone/integration-test/target/test-dir/MiniOzoneClusterImpl-486ed80b-b12a-4e60-b5dc-4c94b273e9da/datanode-2/data/ratis to VolumeSet
2021-10-24 01:33:47,558 [Listener at 127.0.0.1/37371] INFO  volume.ThrottledAsyncChecker (ThrottledAsyncChecker.java:schedule(141)) - Scheduling a check for /home/runner/work/ozone/ozone/hadoop-ozone/integration-test/target/test-dir/MiniOzoneClusterImpl-486ed80b-b12a-4e60-b5dc-4c94b273e9da/datanode-2/data/ratis
2021-10-24 01:33:47,568 [Listener at 127.0.0.1/37371] INFO  volume.StorageVolumeChecker (StorageVolumeChecker.java:checkAllVolumes(202)) - Scheduled health check for volume /home/runner/work/ozone/ozone/hadoop-ozone/integration-test/target/test-dir/MiniOzoneClusterImpl-486ed80b-b12a-4e60-b5dc-4c94b273e9da/datanode-2/data/ratis
2021-10-24 01:33:47,604 [Thread-532] INFO  ozoneimpl.ContainerReader (ContainerReader.java:readVolume(172)) - Finish verifying containers on volume /home/runner/work/ozone/ozone/hadoop-ozone/integration-test/target/test-dir/MiniOzoneClusterImpl-486ed80b-b12a-4e60-b5dc-4c94b273e9da/datanode-2/data-0/containers/hdds
2021-10-24 01:33:47,604 [Listener at 127.0.0.1/37371] INFO  ozoneimpl.OzoneContainer (OzoneContainer.java:buildContainerSet(236)) - Build ContainerSet costs 0s
2021-10-24 01:33:47,606 [Listener at 127.0.0.1/37371] INFO  server.RaftServer (ConfUtils.java:logGet(44)) - raft.rpc.type = GRPC (default)
2021-10-24 01:33:47,607 [Listener at 127.0.0.1/37371] INFO  grpc.GrpcFactory (GrpcFactory.java:checkPooledByteBufAllocatorUseCacheForAllThreads(48)) - PERFORMANCE WARNING: useCacheForAllThreads is true that may cause Netty to create a lot garbage objects and, as a result, trigger GC.
	It is recommended to disable useCacheForAllThreads by setting -Dorg.apache.ratis.thirdparty.io.netty.allocator.useCacheForAllThreads=false in command line.
2021-10-24 01:33:47,607 [Listener at 127.0.0.1/37371] INFO  grpc.GrpcConfigKeys (ConfUtils.java:logGet(44)) - raft.grpc.admin.port = 0 (custom)
2021-10-24 01:33:47,607 [Listener at 127.0.0.1/37371] INFO  grpc.GrpcConfigKeys (ConfUtils.java:logGet(44)) - raft.grpc.client.port = 0 (custom)
2021-10-24 01:33:47,607 [Listener at 127.0.0.1/37371] INFO  grpc.GrpcConfigKeys (ConfUtils.java:logGet(44)) - raft.grpc.server.port = 0 (default)
2021-10-24 01:33:47,607 [Listener at 127.0.0.1/37371] INFO  server.GrpcService (ConfUtils.java:logGet(44)) - raft.grpc.message.size.max = 32MB (=33554432) (custom)
2021-10-24 01:33:47,607 [Listener at 127.0.0.1/37371] INFO  server.RaftServerConfigKeys (ConfUtils.java:logGet(44)) - raft.server.log.appender.buffer.byte-limit = 33554432 (custom)
2021-10-24 01:33:47,607 [Listener at 127.0.0.1/37371] INFO  server.GrpcService (ConfUtils.java:logGet(44)) - raft.grpc.flow.control.window = 5MB (=5242880) (custom)
2021-10-24 01:33:47,607 [Listener at 127.0.0.1/37371] INFO  server.RaftServerConfigKeys (ConfUtils.java:logGet(44)) - raft.server.rpc.request.timeout = 60s (custom)
2021-10-24 01:33:47,608 [Listener at 127.0.0.1/37371] INFO  impl.DataStreamServerImpl (ConfUtils.java:logGet(44)) - raft.datastream.type = DISABLED (default)
2021-10-24 01:33:47,608 [Listener at 127.0.0.1/37371] INFO  server.RaftServerConfigKeys (ConfUtils.java:logGet(44)) - raft.server.rpc.slowness.timeout = 300s (custom)
2021-10-24 01:33:47,609 [Listener at 127.0.0.1/37371] INFO  server.RaftServerConfigKeys (ConfUtils.java:logGet(44)) - raft.server.leaderelection.leader.step-down.wait-time = 10s (default)
2021-10-24 01:33:47,609 [Listener at 127.0.0.1/37371] INFO  server.RaftServerConfigKeys (ConfUtils.java:logGet(44)) - raft.server.storage.dir = [/home/runner/work/ozone/ozone/hadoop-ozone/integration-test/target/test-dir/MiniOzoneClusterImpl-486ed80b-b12a-4e60-b5dc-4c94b273e9da/datanode-2/data/ratis] (custom)
2021-10-24 01:33:47,623 [Listener at 127.0.0.1/37371] INFO  http.BaseHttpServer (BaseHttpServer.java:newHttpServer2BuilderForOzone(209)) - Starting Web-server for hddsDatanode at: http://0.0.0.0:0
2021-10-24 01:33:47,623 [Listener at 127.0.0.1/37371] INFO  http.BaseHttpServer (BaseHttpServer.java:<init>(107)) - Hadoop Security Enabled: false Ozone Security Enabled: false Ozone HTTP Security Enabled: false 
2021-10-24 01:33:47,624 [Listener at 127.0.0.1/37371] INFO  server.AuthenticationFilter (AuthenticationFilter.java:constructSecretProvider(240)) - Unable to initialize FileSignerSecretProvider, falling back to use random secrets.
2021-10-24 01:33:47,625 [Listener at 127.0.0.1/37371] WARN  http.HttpRequestLog (HttpRequestLog.java:getRequestLog(103)) - Jetty request log can only be enabled using Log4j
2021-10-24 01:33:47,625 [Listener at 127.0.0.1/37371] INFO  http.HttpServer2 (HttpServer2.java:addGlobalFilter(1030)) - Added global filter 'safety' (class=org.apache.hadoop.hdds.server.http.HttpServer2$QuotingInputFilter)
2021-10-24 01:33:47,626 [Listener at 127.0.0.1/37371] INFO  http.HttpServer2 (HttpServer2.java:addFilter(1006)) - Added filter static_user_filter (class=org.apache.hadoop.http.lib.StaticUserWebFilter$StaticUserFilter) to context hddsDatanode
2021-10-24 01:33:47,626 [Listener at 127.0.0.1/37371] INFO  http.HttpServer2 (HttpServer2.java:addFilter(1014)) - Added filter static_user_filter (class=org.apache.hadoop.http.lib.StaticUserWebFilter$StaticUserFilter) to context logs
2021-10-24 01:33:47,626 [Listener at 127.0.0.1/37371] INFO  http.HttpServer2 (HttpServer2.java:addFilter(1014)) - Added filter static_user_filter (class=org.apache.hadoop.http.lib.StaticUserWebFilter$StaticUserFilter) to context static
2021-10-24 01:33:47,626 [Listener at 127.0.0.1/37371] INFO  http.HttpServer2 (HttpServer2.java:bindListener(1249)) - Jetty bound to port 40159
2021-10-24 01:33:47,626 [Listener at 127.0.0.1/37371] INFO  server.Server (Server.java:doStart(375)) - jetty-9.4.43.v20210629; built: 2021-06-30T11:07:22.254Z; git: 526006ecfa3af7f1a27ef3a288e2bef7ea9dd7e8; jvm 1.8.0_292-b10
2021-10-24 01:33:47,632 [Listener at 127.0.0.1/37371] INFO  server.session (DefaultSessionIdManager.java:doStart(334)) - DefaultSessionIdManager workerName=node0
2021-10-24 01:33:47,633 [Listener at 127.0.0.1/37371] INFO  server.session (DefaultSessionIdManager.java:doStart(339)) - No SessionScavenger set, using defaults
2021-10-24 01:33:47,633 [Listener at 127.0.0.1/37371] INFO  server.session (HouseKeeper.java:startScavenging(132)) - node0 Scavenging every 600000ms
2021-10-24 01:33:47,633 [Listener at 127.0.0.1/37371] INFO  handler.ContextHandler (ContextHandler.java:doStart(915)) - Started o.e.j.s.ServletContextHandler@1587b7af{logs,/logs,file:///home/runner/work/ozone/ozone/hadoop-ozone/integration-test/target/log,AVAILABLE}
2021-10-24 01:33:47,634 [Listener at 127.0.0.1/37371] INFO  handler.ContextHandler (ContextHandler.java:doStart(915)) - Started o.e.j.s.ServletContextHandler@795e3ab4{static,/static,jar:file:/home/runner/.m2/repository/org/apache/ozone/hdds-container-service/1.2.0-SNAPSHOT/hdds-container-service-1.2.0-SNAPSHOT.jar!/webapps/static,AVAILABLE}
2021-10-24 01:33:47,719 [Listener at 127.0.0.1/37371] INFO  handler.ContextHandler (ContextHandler.java:doStart(915)) - Started o.e.j.w.WebAppContext@4822582f{hddsDatanode,/,file:///tmp/jetty-0_0_0_0-40159-hdds-container-service-1_2_0-SNAPSHOT_jar-_-any-8818909271954325406/webapp/,AVAILABLE}{jar:file:/home/runner/.m2/repository/org/apache/ozone/hdds-container-service/1.2.0-SNAPSHOT/hdds-container-service-1.2.0-SNAPSHOT.jar!/webapps/hddsDatanode}
2021-10-24 01:33:47,733 [Listener at 127.0.0.1/37371] INFO  server.AbstractConnector (AbstractConnector.java:doStart(331)) - Started ServerConnector@7eb84564{HTTP/1.1, (http/1.1)}{0.0.0.0:40159}
2021-10-24 01:33:47,733 [Listener at 127.0.0.1/37371] INFO  server.Server (Server.java:doStart(415)) - Started @55069ms
2021-10-24 01:33:47,733 [Listener at 127.0.0.1/37371] WARN  impl.MetricsSystemImpl (MetricsSystemImpl.java:register(279)) - Sink prometheus already exists!
2021-10-24 01:33:47,736 [Listener at 127.0.0.1/37371] INFO  http.BaseHttpServer (BaseHttpServer.java:updateConnectorAddress(329)) - HTTP server of hddsDatanode listening at http://0.0.0.0:40159
2021-10-24 01:33:47,752 [Datanode State Machine Daemon Thread] INFO  statemachine.DatanodeStateMachine (DatanodeStateMachine.java:lambda$startDaemon$0(467)) - Ozone container server started.
2021-10-24 01:33:47,752 [Listener at 127.0.0.1/37371] INFO  ozone.MiniOzoneClusterImpl (MiniOzoneClusterImpl.java:lambda$waitForClusterToBeReady$0(235)) - Waiting for nodes to be ready. Got 0 of 3 DN Heartbeats.
2021-10-24 01:33:47,753 [Listener at 127.0.0.1/37371] INFO  ozone.MiniOzoneClusterImpl (MiniOzoneClusterImpl.java:lambda$waitForClusterToBeReady$0(238)) - Waiting for cluster to exit safe mode
2021-10-24 01:33:47,753 [Listener at 127.0.0.1/37371] INFO  ozone.MiniOzoneClusterImpl (MiniOzoneClusterImpl.java:lambda$waitForClusterToBeReady$0(240)) - SCM became leader
2021-10-24 01:33:47,775 [org.apache.hadoop.util.JvmPauseMonitor$Monitor@1c91ba70] INFO  util.JvmPauseMonitor (JvmPauseMonitor.java:run(188)) - Starting JVM pause monitor
2021-10-24 01:33:47,803 [Datanode State Machine Task Thread - 0] INFO  datanode.InitDatanodeState (InitDatanodeState.java:persistContainerDatanodeDetails(145)) - DatanodeDetails is persisted to /home/runner/work/ozone/ozone/hadoop-ozone/integration-test/target/test-dir/MiniOzoneClusterImpl-486ed80b-b12a-4e60-b5dc-4c94b273e9da/datanode-2/meta/datanode.id
2021-10-24 01:33:48,753 [Listener at 127.0.0.1/37371] INFO  ozone.MiniOzoneClusterImpl (MiniOzoneClusterImpl.java:lambda$waitForClusterToBeReady$0(235)) - Waiting for nodes to be ready. Got 0 of 3 DN Heartbeats.
2021-10-24 01:33:48,753 [Listener at 127.0.0.1/37371] INFO  ozone.MiniOzoneClusterImpl (MiniOzoneClusterImpl.java:lambda$waitForClusterToBeReady$0(238)) - Waiting for cluster to exit safe mode
2021-10-24 01:33:48,753 [Listener at 127.0.0.1/37371] INFO  ozone.MiniOzoneClusterImpl (MiniOzoneClusterImpl.java:lambda$waitForClusterToBeReady$0(240)) - SCM became leader
2021-10-24 01:33:48,877 [EndpointStateMachine task thread for /0.0.0.0:34027 - 0 ] INFO  ozoneimpl.OzoneContainer (OzoneContainer.java:start(304)) - Attempting to start container services.
2021-10-24 01:33:48,878 [EndpointStateMachine task thread for /0.0.0.0:34027 - 0 ] INFO  ozoneimpl.OzoneContainer (OzoneContainer.java:startContainerScrub(249)) - Background container scanner has been disabled.
2021-10-24 01:33:48,879 [EndpointStateMachine task thread for /0.0.0.0:34027 - 0 ] INFO  replication.ReplicationServer (ReplicationServer.java:start(107)) - ReplicationServer is started using port 33111
2021-10-24 01:33:48,880 [EndpointStateMachine task thread for /0.0.0.0:34027 - 0 ] INFO  ratis.XceiverServerRatis (XceiverServerRatis.java:start(484)) - Starting XceiverServerRatis 82e1ff8b-aab7-4b8c-8207-e5ba7d0f8a1f
2021-10-24 01:33:48,888 [EndpointStateMachine task thread for /0.0.0.0:34027 - 0 ] INFO  server.RaftServer (RaftServerProxy.java:lambda$start$5(374)) - 82e1ff8b-aab7-4b8c-8207-e5ba7d0f8a1f: start RPC server
2021-10-24 01:33:48,893 [EndpointStateMachine task thread for /0.0.0.0:34027 - 0 ] INFO  server.GrpcService (GrpcService.java:startImpl(253)) - 82e1ff8b-aab7-4b8c-8207-e5ba7d0f8a1f: GrpcService started, listening on 39599
2021-10-24 01:33:48,893 [EndpointStateMachine task thread for /0.0.0.0:34027 - 0 ] INFO  ratis.XceiverServerRatis (XceiverServerRatis.java:getRealPort(505)) - XceiverServerRatis 82e1ff8b-aab7-4b8c-8207-e5ba7d0f8a1f is started using port 39599 for RATIS
2021-10-24 01:33:48,893 [EndpointStateMachine task thread for /0.0.0.0:34027 - 0 ] INFO  ratis.XceiverServerRatis (XceiverServerRatis.java:getRealPort(505)) - XceiverServerRatis 82e1ff8b-aab7-4b8c-8207-e5ba7d0f8a1f is started using port 39599 for RATIS_ADMIN
2021-10-24 01:33:48,893 [EndpointStateMachine task thread for /0.0.0.0:34027 - 0 ] INFO  ratis.XceiverServerRatis (XceiverServerRatis.java:getRealPort(505)) - XceiverServerRatis 82e1ff8b-aab7-4b8c-8207-e5ba7d0f8a1f is started using port 39599 for RATIS_SERVER
2021-10-24 01:33:48,897 [EndpointStateMachine task thread for /0.0.0.0:34027 - 0 ] INFO  server.XceiverServerGrpc (XceiverServerGrpc.java:start(135)) - XceiverServerGrpc 82e1ff8b-aab7-4b8c-8207-e5ba7d0f8a1f is started using port 34627
2021-10-24 01:33:48,913 [org.apache.ratis.util.JvmPauseMonitor$$Lambda$531/1642995058@3e5da830] INFO  util.JvmPauseMonitor (JvmPauseMonitor.java:run(103)) - JvmPauseMonitor-82e1ff8b-aab7-4b8c-8207-e5ba7d0f8a1f: Started
2021-10-24 01:33:49,389 [EndpointStateMachine task thread for /0.0.0.0:34027 - 0 ] INFO  ozoneimpl.OzoneContainer (OzoneContainer.java:start(304)) - Attempting to start container services.
2021-10-24 01:33:49,389 [EndpointStateMachine task thread for /0.0.0.0:34027 - 0 ] INFO  ozoneimpl.OzoneContainer (OzoneContainer.java:startContainerScrub(249)) - Background container scanner has been disabled.
2021-10-24 01:33:49,397 [EndpointStateMachine task thread for /0.0.0.0:34027 - 0 ] INFO  replication.ReplicationServer (ReplicationServer.java:start(107)) - ReplicationServer is started using port 45145
2021-10-24 01:33:49,398 [EndpointStateMachine task thread for /0.0.0.0:34027 - 0 ] INFO  ratis.XceiverServerRatis (XceiverServerRatis.java:start(484)) - Starting XceiverServerRatis 0014d44f-57a6-4d7b-99a8-c9e31c05b4da
2021-10-24 01:33:49,399 [EndpointStateMachine task thread for /0.0.0.0:34027 - 0 ] INFO  server.RaftServer (RaftServerProxy.java:lambda$start$5(374)) - 0014d44f-57a6-4d7b-99a8-c9e31c05b4da: start RPC server
2021-10-24 01:33:49,405 [EndpointStateMachine task thread for /0.0.0.0:34027 - 0 ] INFO  server.GrpcService (GrpcService.java:startImpl(253)) - 0014d44f-57a6-4d7b-99a8-c9e31c05b4da: GrpcService started, listening on 43619
2021-10-24 01:33:49,405 [EndpointStateMachine task thread for /0.0.0.0:34027 - 0 ] INFO  ratis.XceiverServerRatis (XceiverServerRatis.java:getRealPort(505)) - XceiverServerRatis 0014d44f-57a6-4d7b-99a8-c9e31c05b4da is started using port 43619 for RATIS
2021-10-24 01:33:49,405 [EndpointStateMachine task thread for /0.0.0.0:34027 - 0 ] INFO  ratis.XceiverServerRatis (XceiverServerRatis.java:getRealPort(505)) - XceiverServerRatis 0014d44f-57a6-4d7b-99a8-c9e31c05b4da is started using port 43619 for RATIS_ADMIN
2021-10-24 01:33:49,405 [EndpointStateMachine task thread for /0.0.0.0:34027 - 0 ] INFO  ratis.XceiverServerRatis (XceiverServerRatis.java:getRealPort(505)) - XceiverServerRatis 0014d44f-57a6-4d7b-99a8-c9e31c05b4da is started using port 43619 for RATIS_SERVER
2021-10-24 01:33:49,406 [org.apache.ratis.util.JvmPauseMonitor$$Lambda$531/1642995058@3f81fbe0] INFO  util.JvmPauseMonitor (JvmPauseMonitor.java:run(103)) - JvmPauseMonitor-0014d44f-57a6-4d7b-99a8-c9e31c05b4da: Started
2021-10-24 01:33:49,416 [EndpointStateMachine task thread for /0.0.0.0:34027 - 0 ] INFO  server.XceiverServerGrpc (XceiverServerGrpc.java:start(135)) - XceiverServerGrpc 0014d44f-57a6-4d7b-99a8-c9e31c05b4da is started using port 36185
2021-10-24 01:33:49,753 [Listener at 127.0.0.1/37371] INFO  ozone.MiniOzoneClusterImpl (MiniOzoneClusterImpl.java:lambda$waitForClusterToBeReady$0(235)) - Waiting for nodes to be ready. Got 0 of 3 DN Heartbeats.
2021-10-24 01:33:49,753 [Listener at 127.0.0.1/37371] INFO  ozone.MiniOzoneClusterImpl (MiniOzoneClusterImpl.java:lambda$waitForClusterToBeReady$0(238)) - Waiting for cluster to exit safe mode
2021-10-24 01:33:49,753 [Listener at 127.0.0.1/37371] INFO  ozone.MiniOzoneClusterImpl (MiniOzoneClusterImpl.java:lambda$waitForClusterToBeReady$0(240)) - SCM became leader
2021-10-24 01:33:49,791 [EndpointStateMachine task thread for /0.0.0.0:34027 - 0 ] INFO  ozoneimpl.OzoneContainer (OzoneContainer.java:start(304)) - Attempting to start container services.
2021-10-24 01:33:49,791 [EndpointStateMachine task thread for /0.0.0.0:34027 - 0 ] INFO  ozoneimpl.OzoneContainer (OzoneContainer.java:startContainerScrub(249)) - Background container scanner has been disabled.
2021-10-24 01:33:49,793 [EndpointStateMachine task thread for /0.0.0.0:34027 - 0 ] INFO  replication.ReplicationServer (ReplicationServer.java:start(107)) - ReplicationServer is started using port 41449
2021-10-24 01:33:49,804 [EndpointStateMachine task thread for /0.0.0.0:34027 - 0 ] INFO  ratis.XceiverServerRatis (XceiverServerRatis.java:start(484)) - Starting XceiverServerRatis a92b67d1-e676-4bfd-b773-60efead6e052
2021-10-24 01:33:49,841 [EndpointStateMachine task thread for /0.0.0.0:34027 - 0 ] INFO  server.RaftServer (RaftServerProxy.java:lambda$start$5(374)) - a92b67d1-e676-4bfd-b773-60efead6e052: start RPC server
2021-10-24 01:33:49,842 [EndpointStateMachine task thread for /0.0.0.0:34027 - 0 ] INFO  server.GrpcService (GrpcService.java:startImpl(253)) - a92b67d1-e676-4bfd-b773-60efead6e052: GrpcService started, listening on 32963
2021-10-24 01:33:49,848 [EndpointStateMachine task thread for /0.0.0.0:34027 - 0 ] INFO  ratis.XceiverServerRatis (XceiverServerRatis.java:getRealPort(505)) - XceiverServerRatis a92b67d1-e676-4bfd-b773-60efead6e052 is started using port 32963 for RATIS
2021-10-24 01:33:49,848 [EndpointStateMachine task thread for /0.0.0.0:34027 - 0 ] INFO  ratis.XceiverServerRatis (XceiverServerRatis.java:getRealPort(505)) - XceiverServerRatis a92b67d1-e676-4bfd-b773-60efead6e052 is started using port 32963 for RATIS_ADMIN
2021-10-24 01:33:49,848 [EndpointStateMachine task thread for /0.0.0.0:34027 - 0 ] INFO  ratis.XceiverServerRatis (XceiverServerRatis.java:getRealPort(505)) - XceiverServerRatis a92b67d1-e676-4bfd-b773-60efead6e052 is started using port 32963 for RATIS_SERVER
2021-10-24 01:33:49,849 [EndpointStateMachine task thread for /0.0.0.0:34027 - 0 ] INFO  server.XceiverServerGrpc (XceiverServerGrpc.java:start(135)) - XceiverServerGrpc a92b67d1-e676-4bfd-b773-60efead6e052 is started using port 41535
2021-10-24 01:33:49,851 [org.apache.ratis.util.JvmPauseMonitor$$Lambda$531/1642995058@59155b96] INFO  util.JvmPauseMonitor (JvmPauseMonitor.java:run(103)) - JvmPauseMonitor-a92b67d1-e676-4bfd-b773-60efead6e052: Started
2021-10-24 01:33:50,754 [Listener at 127.0.0.1/37371] INFO  ozone.MiniOzoneClusterImpl (MiniOzoneClusterImpl.java:lambda$waitForClusterToBeReady$0(235)) - Waiting for nodes to be ready. Got 0 of 3 DN Heartbeats.
2021-10-24 01:33:50,754 [Listener at 127.0.0.1/37371] INFO  ozone.MiniOzoneClusterImpl (MiniOzoneClusterImpl.java:lambda$waitForClusterToBeReady$0(238)) - Waiting for cluster to exit safe mode
2021-10-24 01:33:50,754 [Listener at 127.0.0.1/37371] INFO  ozone.MiniOzoneClusterImpl (MiniOzoneClusterImpl.java:lambda$waitForClusterToBeReady$0(240)) - SCM became leader
2021-10-24 01:33:50,834 [IPC Server handler 1 on default port 34027] INFO  net.NetworkTopologyImpl (NetworkTopologyImpl.java:add(112)) - Added a new node: /default-rack/82e1ff8b-aab7-4b8c-8207-e5ba7d0f8a1f
2021-10-24 01:33:50,835 [IPC Server handler 1 on default port 34027] INFO  node.SCMNodeManager (SCMNodeManager.java:register(389)) - Registered Data node : 82e1ff8b-aab7-4b8c-8207-e5ba7d0f8a1f{ip: 10.1.0.11, host: fv-az12-887.exdb2aeach2ezidoxz41lk3bwg.cx.internal.cloudapp.net, ports: [REPLICATION=33111, RATIS=39599, RATIS_ADMIN=39599, RATIS_SERVER=39599, STANDALONE=34627], networkLocation: /default-rack, certSerialId: null, persistedOpState: null, persistedOpStateExpiryEpochSec: 0}
2021-10-24 01:33:50,853 [EventQueue-NodeRegistrationContainerReportForContainerSafeModeRule] INFO  safemode.SCMSafeModeManager (SCMSafeModeManager.java:validateSafeModeExitRules(204)) - ContainerSafeModeRule rule is successfully validated
2021-10-24 01:33:50,854 [EventQueue-NodeRegistrationContainerReportForDataNodeSafeModeRule] INFO  safemode.SCMSafeModeManager (DataNodeSafeModeRule.java:process(71)) - SCM in safe mode. 1 DataNodes registered, 3 required.
2021-10-24 01:33:50,865 [EventQueue-NewNodeForNewNodeHandler] INFO  pipeline.BackgroundPipelineCreator (BackgroundPipelineCreator.java:notifyEventTriggered(285)) - trigger a one-shot run on RatisPipelineUtilsThread.
2021-10-24 01:33:50,865 [EventQueue-PipelineReportForOneReplicaPipelineSafeModeRule] INFO  safemode.SCMSafeModeManager (SCMSafeModeManager.java:validateSafeModeExitRules(204)) - AtleastOneDatanodeReportedRule rule is successfully validated
2021-10-24 01:33:50,865 [RatisPipelineUtilsThread - 0] INFO  pipeline.RatisPipelineProvider (RatisPipelineProvider.java:lambda$create$0(183)) - Sending CreatePipelineCommand for pipeline:PipelineID=00905783-30fd-4950-bc9a-22ea485adca4 to datanode:82e1ff8b-aab7-4b8c-8207-e5ba7d0f8a1f
2021-10-24 01:33:50,867 [RatisPipelineUtilsThread - 0] INFO  pipeline.PipelineStateManagerImpl (PipelineStateManagerImpl.java:addPipeline(101)) - Created pipeline Pipeline[ Id: 00905783-30fd-4950-bc9a-22ea485adca4, Nodes: 82e1ff8b-aab7-4b8c-8207-e5ba7d0f8a1f{ip: 10.1.0.11, host: fv-az12-887.exdb2aeach2ezidoxz41lk3bwg.cx.internal.cloudapp.net, ports: [REPLICATION=33111, RATIS=39599, RATIS_ADMIN=39599, RATIS_SERVER=39599, STANDALONE=34627], networkLocation: /default-rack, certSerialId: null, persistedOpState: IN_SERVICE, persistedOpStateExpiryEpochSec: 0}, ReplicationConfig: RATIS/ONE, State:ALLOCATED, leaderId:, CreationTimestamp2021-10-24T01:33:50.865Z[Etc/UTC]].
2021-10-24 01:33:51,362 [IPC Server handler 2 on default port 34027] INFO  net.NetworkTopologyImpl (NetworkTopologyImpl.java:add(112)) - Added a new node: /default-rack/0014d44f-57a6-4d7b-99a8-c9e31c05b4da
2021-10-24 01:33:51,362 [IPC Server handler 2 on default port 34027] INFO  node.SCMNodeManager (SCMNodeManager.java:register(389)) - Registered Data node : 0014d44f-57a6-4d7b-99a8-c9e31c05b4da{ip: 10.1.0.11, host: fv-az12-887.exdb2aeach2ezidoxz41lk3bwg.cx.internal.cloudapp.net, ports: [REPLICATION=45145, RATIS=43619, RATIS_ADMIN=43619, RATIS_SERVER=43619, STANDALONE=36185], networkLocation: /default-rack, certSerialId: null, persistedOpState: null, persistedOpStateExpiryEpochSec: 0}
2021-10-24 01:33:51,362 [EventQueue-NewNodeForNewNodeHandler] INFO  pipeline.BackgroundPipelineCreator (BackgroundPipelineCreator.java:notifyEventTriggered(285)) - trigger a one-shot run on RatisPipelineUtilsThread.
2021-10-24 01:33:51,375 [RatisPipelineUtilsThread - 0] INFO  pipeline.RatisPipelineProvider (RatisPipelineProvider.java:lambda$create$0(183)) - Sending CreatePipelineCommand for pipeline:PipelineID=d8229679-76b3-4b01-8a50-bf6d5a309c7f to datanode:0014d44f-57a6-4d7b-99a8-c9e31c05b4da
2021-10-24 01:33:51,376 [EventQueue-NodeRegistrationContainerReportForDataNodeSafeModeRule] INFO  safemode.SCMSafeModeManager (DataNodeSafeModeRule.java:process(71)) - SCM in safe mode. 2 DataNodes registered, 3 required.
2021-10-24 01:33:51,376 [RatisPipelineUtilsThread - 0] INFO  pipeline.PipelineStateManagerImpl (PipelineStateManagerImpl.java:addPipeline(101)) - Created pipeline Pipeline[ Id: d8229679-76b3-4b01-8a50-bf6d5a309c7f, Nodes: 0014d44f-57a6-4d7b-99a8-c9e31c05b4da{ip: 10.1.0.11, host: fv-az12-887.exdb2aeach2ezidoxz41lk3bwg.cx.internal.cloudapp.net, ports: [REPLICATION=45145, RATIS=43619, RATIS_ADMIN=43619, RATIS_SERVER=43619, STANDALONE=36185], networkLocation: /default-rack, certSerialId: null, persistedOpState: IN_SERVICE, persistedOpStateExpiryEpochSec: 0}, ReplicationConfig: RATIS/ONE, State:ALLOCATED, leaderId:, CreationTimestamp2021-10-24T01:33:51.375Z[Etc/UTC]].
2021-10-24 01:33:51,754 [Listener at 127.0.0.1/37371] INFO  ozone.MiniOzoneClusterImpl (MiniOzoneClusterImpl.java:lambda$waitForClusterToBeReady$0(235)) - Waiting for nodes to be ready. Got 2 of 3 DN Heartbeats.
2021-10-24 01:33:51,754 [Listener at 127.0.0.1/37371] INFO  ozone.MiniOzoneClusterImpl (MiniOzoneClusterImpl.java:lambda$waitForClusterToBeReady$0(238)) - Waiting for cluster to exit safe mode
2021-10-24 01:33:51,754 [Listener at 127.0.0.1/37371] INFO  ozone.MiniOzoneClusterImpl (MiniOzoneClusterImpl.java:lambda$waitForClusterToBeReady$0(240)) - SCM became leader
2021-10-24 01:33:51,777 [IPC Server handler 0 on default port 34027] INFO  net.NetworkTopologyImpl (NetworkTopologyImpl.java:add(112)) - Added a new node: /default-rack/a92b67d1-e676-4bfd-b773-60efead6e052
2021-10-24 01:33:51,777 [IPC Server handler 0 on default port 34027] INFO  node.SCMNodeManager (SCMNodeManager.java:register(389)) - Registered Data node : a92b67d1-e676-4bfd-b773-60efead6e052{ip: 10.1.0.11, host: fv-az12-887.exdb2aeach2ezidoxz41lk3bwg.cx.internal.cloudapp.net, ports: [REPLICATION=41449, RATIS=32963, RATIS_ADMIN=32963, RATIS_SERVER=32963, STANDALONE=41535], networkLocation: /default-rack, certSerialId: null, persistedOpState: null, persistedOpStateExpiryEpochSec: 0}
2021-10-24 01:33:51,778 [EventQueue-NewNodeForNewNodeHandler] INFO  pipeline.BackgroundPipelineCreator (BackgroundPipelineCreator.java:notifyEventTriggered(285)) - trigger a one-shot run on RatisPipelineUtilsThread.
2021-10-24 01:33:51,778 [EventQueue-NodeRegistrationContainerReportForDataNodeSafeModeRule] INFO  safemode.SCMSafeModeManager (DataNodeSafeModeRule.java:process(71)) - SCM in safe mode. 3 DataNodes registered, 3 required.
2021-10-24 01:33:51,778 [EventQueue-NodeRegistrationContainerReportForDataNodeSafeModeRule] INFO  safemode.SCMSafeModeManager (SCMSafeModeManager.java:validateSafeModeExitRules(204)) - DataNodeSafeModeRule rule is successfully validated
2021-10-24 01:33:51,778 [EventQueue-NodeRegistrationContainerReportForDataNodeSafeModeRule] INFO  safemode.SCMSafeModeManager (SCMSafeModeManager.java:completePreCheck(233)) - All SCM safe mode pre check rules have passed
2021-10-24 01:33:51,778 [EventQueue-NodeRegistrationContainerReportForDataNodeSafeModeRule] WARN  events.EventQueue (EventQueue.java:fireEvent(194)) - No event handler registered for event TypedEvent{payloadType=SafeModeStatus, name='Safe mode status'}
2021-10-24 01:33:51,779 [EventQueue-NodeRegistrationContainerReportForDataNodeSafeModeRule] INFO  ha.SCMContext (SCMContext.java:updateSafeModeStatus(205)) - Update SafeModeStatus from SafeModeStatus{safeModeStatus=true, preCheckPassed=false} to SafeModeStatus{safeModeStatus=true, preCheckPassed=true}.
2021-10-24 01:33:51,779 [EventQueue-NodeRegistrationContainerReportForDataNodeSafeModeRule] INFO  pipeline.BackgroundPipelineCreator (BackgroundPipelineCreator.java:notifyEventTriggered(285)) - trigger a one-shot run on RatisPipelineUtilsThread.
2021-10-24 01:33:51,789 [RatisPipelineUtilsThread - 0] INFO  pipeline.RatisPipelineProvider (RatisPipelineProvider.java:lambda$create$0(183)) - Sending CreatePipelineCommand for pipeline:PipelineID=617166f7-0180-4545-97af-8d3bf6e7ba30 to datanode:a92b67d1-e676-4bfd-b773-60efead6e052
2021-10-24 01:33:51,790 [RatisPipelineUtilsThread - 0] INFO  pipeline.PipelineStateManagerImpl (PipelineStateManagerImpl.java:addPipeline(101)) - Created pipeline Pipeline[ Id: 617166f7-0180-4545-97af-8d3bf6e7ba30, Nodes: a92b67d1-e676-4bfd-b773-60efead6e052{ip: 10.1.0.11, host: fv-az12-887.exdb2aeach2ezidoxz41lk3bwg.cx.internal.cloudapp.net, ports: [REPLICATION=41449, RATIS=32963, RATIS_ADMIN=32963, RATIS_SERVER=32963, STANDALONE=41535], networkLocation: /default-rack, certSerialId: null, persistedOpState: IN_SERVICE, persistedOpStateExpiryEpochSec: 0}, ReplicationConfig: RATIS/ONE, State:ALLOCATED, leaderId:, CreationTimestamp2021-10-24T01:33:51.789Z[Etc/UTC]].
2021-10-24 01:33:51,790 [RatisPipelineUtilsThread - 0] INFO  pipeline.RatisPipelineProvider (RatisPipelineProvider.java:lambda$create$0(183)) - Sending CreatePipelineCommand for pipeline:PipelineID=e5e26e4d-8c1c-4cb9-8045-b597187ef31b to datanode:82e1ff8b-aab7-4b8c-8207-e5ba7d0f8a1f
2021-10-24 01:33:51,790 [RatisPipelineUtilsThread - 0] INFO  pipeline.RatisPipelineProvider (RatisPipelineProvider.java:lambda$create$0(183)) - Sending CreatePipelineCommand for pipeline:PipelineID=e5e26e4d-8c1c-4cb9-8045-b597187ef31b to datanode:0014d44f-57a6-4d7b-99a8-c9e31c05b4da
2021-10-24 01:33:51,790 [RatisPipelineUtilsThread - 0] INFO  pipeline.RatisPipelineProvider (RatisPipelineProvider.java:lambda$create$0(183)) - Sending CreatePipelineCommand for pipeline:PipelineID=e5e26e4d-8c1c-4cb9-8045-b597187ef31b to datanode:a92b67d1-e676-4bfd-b773-60efead6e052
2021-10-24 01:33:51,791 [RatisPipelineUtilsThread - 0] INFO  pipeline.PipelineStateManagerImpl (PipelineStateManagerImpl.java:addPipeline(101)) - Created pipeline Pipeline[ Id: e5e26e4d-8c1c-4cb9-8045-b597187ef31b, Nodes: 82e1ff8b-aab7-4b8c-8207-e5ba7d0f8a1f{ip: 10.1.0.11, host: fv-az12-887.exdb2aeach2ezidoxz41lk3bwg.cx.internal.cloudapp.net, ports: [REPLICATION=33111, RATIS=39599, RATIS_ADMIN=39599, RATIS_SERVER=39599, STANDALONE=34627], networkLocation: /default-rack, certSerialId: null, persistedOpState: IN_SERVICE, persistedOpStateExpiryEpochSec: 0}0014d44f-57a6-4d7b-99a8-c9e31c05b4da{ip: 10.1.0.11, host: fv-az12-887.exdb2aeach2ezidoxz41lk3bwg.cx.internal.cloudapp.net, ports: [REPLICATION=45145, RATIS=43619, RATIS_ADMIN=43619, RATIS_SERVER=43619, STANDALONE=36185], networkLocation: /default-rack, certSerialId: null, persistedOpState: IN_SERVICE, persistedOpStateExpiryEpochSec: 0}a92b67d1-e676-4bfd-b773-60efead6e052{ip: 10.1.0.11, host: fv-az12-887.exdb2aeach2ezidoxz41lk3bwg.cx.internal.cloudapp.net, ports: [REPLICATION=41449, RATIS=32963, RATIS_ADMIN=32963, RATIS_SERVER=32963, STANDALONE=41535], networkLocation: /default-rack, certSerialId: null, persistedOpState: IN_SERVICE, persistedOpStateExpiryEpochSec: 0}, ReplicationConfig: RATIS/THREE, State:ALLOCATED, leaderId:, CreationTimestamp2021-10-24T01:33:51.790Z[Etc/UTC]].
2021-10-24 01:33:52,754 [Listener at 127.0.0.1/37371] INFO  ozone.MiniOzoneClusterImpl (MiniOzoneClusterImpl.java:lambda$waitForClusterToBeReady$0(235)) - Nodes are ready. Got 3 of 3 DN Heartbeats.
2021-10-24 01:33:52,758 [Listener at 127.0.0.1/37371] INFO  ozone.MiniOzoneClusterImpl (MiniOzoneClusterImpl.java:lambda$waitForClusterToBeReady$0(238)) - Waiting for cluster to exit safe mode
2021-10-24 01:33:52,758 [Listener at 127.0.0.1/37371] INFO  ozone.MiniOzoneClusterImpl (MiniOzoneClusterImpl.java:lambda$waitForClusterToBeReady$0(240)) - SCM became leader
2021-10-24 01:33:53,759 [Listener at 127.0.0.1/37371] INFO  ozone.MiniOzoneClusterImpl (MiniOzoneClusterImpl.java:lambda$waitForClusterToBeReady$0(235)) - Nodes are ready. Got 3 of 3 DN Heartbeats.
2021-10-24 01:33:53,759 [Listener at 127.0.0.1/37371] INFO  ozone.MiniOzoneClusterImpl (MiniOzoneClusterImpl.java:lambda$waitForClusterToBeReady$0(238)) - Waiting for cluster to exit safe mode
2021-10-24 01:33:53,759 [Listener at 127.0.0.1/37371] INFO  ozone.MiniOzoneClusterImpl (MiniOzoneClusterImpl.java:lambda$waitForClusterToBeReady$0(240)) - SCM became leader
2021-10-24 01:33:53,833 [Command processor thread] INFO  server.RaftServer (RaftServerProxy.java:addNew(95)) - 82e1ff8b-aab7-4b8c-8207-e5ba7d0f8a1f: addNew group-22EA485ADCA4:[82e1ff8b-aab7-4b8c-8207-e5ba7d0f8a1f|rpc:10.1.0.11:39599|priority:1] returns group-22EA485ADCA4:java.util.concurrent.CompletableFuture@687a0a3d[Not completed]
2021-10-24 01:33:53,847 [pool-226-thread-1] INFO  server.RaftServer$Division (RaftServerImpl.java:<init>(184)) - 82e1ff8b-aab7-4b8c-8207-e5ba7d0f8a1f: new RaftServerImpl for group-22EA485ADCA4:[82e1ff8b-aab7-4b8c-8207-e5ba7d0f8a1f|rpc:10.1.0.11:39599|priority:1] with ContainerStateMachine:uninitialized
2021-10-24 01:33:53,848 [pool-226-thread-1] INFO  server.RaftServerConfigKeys (ConfUtils.java:logGet(44)) - raft.server.rpc.timeout.min = 5s (custom)
2021-10-24 01:33:53,848 [pool-226-thread-1] INFO  server.RaftServerConfigKeys (ConfUtils.java:logGet(44)) - raft.server.rpc.timeout.max = 5200ms (custom)
2021-10-24 01:33:53,848 [pool-226-thread-1] INFO  server.RaftServerConfigKeys (ConfUtils.java:logGet(44)) - raft.server.rpc.sleep.time = 25ms (default)
2021-10-24 01:33:53,848 [pool-226-thread-1] INFO  server.RaftServerConfigKeys (ConfUtils.java:logGet(44)) - raft.server.rpc.slowness.timeout = 300s (custom)
2021-10-24 01:33:53,848 [pool-226-thread-1] INFO  server.RaftServerConfigKeys (ConfUtils.java:logGet(44)) - raft.server.leaderelection.leader.step-down.wait-time = 10s (default)
2021-10-24 01:33:53,848 [pool-226-thread-1] INFO  server.RaftServerConfigKeys (ConfUtils.java:logGet(44)) - raft.server.sleep.deviation.threshold = 300ms (default)
2021-10-24 01:33:53,848 [pool-226-thread-1] INFO  server.RaftServerConfigKeys (ConfUtils.java:logGet(44)) - raft.server.log.appender.install.snapshot.enabled = false (custom)
2021-10-24 01:33:53,848 [pool-226-thread-1] INFO  server.RaftServer$Division (ServerState.java:<init>(105)) - 82e1ff8b-aab7-4b8c-8207-e5ba7d0f8a1f@group-22EA485ADCA4: ConfigurationManager, init=-1: [82e1ff8b-aab7-4b8c-8207-e5ba7d0f8a1f|rpc:10.1.0.11:39599|priority:1], old=null, confs=<EMPTY_MAP>
2021-10-24 01:33:53,848 [pool-226-thread-1] INFO  server.RaftServerConfigKeys (ConfUtils.java:logGet(44)) - raft.server.storage.dir = [/home/runner/work/ozone/ozone/hadoop-ozone/integration-test/target/test-dir/MiniOzoneClusterImpl-486ed80b-b12a-4e60-b5dc-4c94b273e9da/datanode-0/data/ratis] (custom)
2021-10-24 01:33:53,848 [pool-226-thread-1] INFO  server.RaftServerConfigKeys (ConfUtils.java:logGet(44)) - raft.server.log.corruption.policy = EXCEPTION (default)
2021-10-24 01:33:53,848 [pool-226-thread-1] INFO  server.RaftServerConfigKeys (ConfUtils.java:logGet(44)) - raft.server.storage.free-space.min = 0MB (=0) (default)
2021-10-24 01:33:53,848 [pool-226-thread-1] INFO  storage.RaftStorageDirectory (RaftStorageDirectoryImpl.java:analyzeStorage(135)) - The storage directory /home/runner/work/ozone/ozone/hadoop-ozone/integration-test/target/test-dir/MiniOzoneClusterImpl-486ed80b-b12a-4e60-b5dc-4c94b273e9da/datanode-0/data/ratis/00905783-30fd-4950-bc9a-22ea485adca4 does not exist. Creating ...
2021-10-24 01:33:53,861 [pool-226-thread-1] INFO  storage.RaftStorageDirectory (RaftStorageDirectoryImpl.java:tryLock(230)) - Lock on /home/runner/work/ozone/ozone/hadoop-ozone/integration-test/target/test-dir/MiniOzoneClusterImpl-486ed80b-b12a-4e60-b5dc-4c94b273e9da/datanode-0/data/ratis/00905783-30fd-4950-bc9a-22ea485adca4/in_use.lock acquired by nodename 19540@fv-az12-887
2021-10-24 01:33:53,864 [pool-226-thread-1] INFO  storage.RaftStorage (RaftStorageImpl.java:format(89)) - Storage directory /home/runner/work/ozone/ozone/hadoop-ozone/integration-test/target/test-dir/MiniOzoneClusterImpl-486ed80b-b12a-4e60-b5dc-4c94b273e9da/datanode-0/data/ratis/00905783-30fd-4950-bc9a-22ea485adca4 has been successfully formatted.
2021-10-24 01:33:53,864 [pool-226-thread-1] INFO  ratis.ContainerStateMachine (ContainerStateMachine.java:loadSnapshot(224)) - group-22EA485ADCA4: The snapshot info is null. Setting the last applied indexto:(t:0, i:~)
2021-10-24 01:33:53,864 [pool-226-thread-1] INFO  server.RaftServerConfigKeys (ConfUtils.java:logGet(44)) - raft.server.notification.no-leader.timeout = 300s (custom)
2021-10-24 01:33:53,864 [pool-226-thread-1] INFO  server.RaftServerConfigKeys (ConfUtils.java:logGet(44)) - raft.server.log.use.memory = false (default)
2021-10-24 01:33:53,865 [pool-226-thread-1] INFO  server.RaftServerConfigKeys (ConfUtils.java:logGet(44)) - raft.server.log.purge.gap = 1000000 (custom)
2021-10-24 01:33:53,865 [pool-226-thread-1] INFO  server.RaftServerConfigKeys (ConfUtils.java:logGet(44)) - raft.server.log.appender.buffer.byte-limit = 33554432 (custom)
2021-10-24 01:33:53,865 [pool-226-thread-1] INFO  server.RaftServerConfigKeys (ConfUtils.java:logGet(44)) - raft.server.log.segment.size.max = 1048576 (custom)
2021-10-24 01:33:53,865 [pool-226-thread-1] INFO  server.RaftServerConfigKeys (ConfUtils.java:logGet(44)) - raft.server.log.segment.cache.num.max = 2 (custom)
2021-10-24 01:33:53,865 [pool-226-thread-1] INFO  server.RaftServerConfigKeys (ConfUtils.java:logGet(44)) - raft.server.log.segment.cache.size.max = 200MB (=209715200) (default)
2021-10-24 01:33:53,865 [pool-226-thread-1] INFO  segmented.SegmentedRaftLogWorker (SegmentedRaftLogWorker.java:<init>(182)) - new 82e1ff8b-aab7-4b8c-8207-e5ba7d0f8a1f@group-22EA485ADCA4-SegmentedRaftLogWorker for RaftStorageImpl:Storage Directory /home/runner/work/ozone/ozone/hadoop-ozone/integration-test/target/test-dir/MiniOzoneClusterImpl-486ed80b-b12a-4e60-b5dc-4c94b273e9da/datanode-0/data/ratis/00905783-30fd-4950-bc9a-22ea485adca4
2021-10-24 01:33:53,865 [pool-226-thread-1] INFO  server.RaftServerConfigKeys (ConfUtils.java:logGet(44)) - raft.server.log.queue.byte-limit = 2147483647 (custom)
2021-10-24 01:33:53,865 [pool-226-thread-1] INFO  server.RaftServerConfigKeys (ConfUtils.java:logGet(44)) - raft.server.log.queue.element-limit = 1024 (custom)
2021-10-24 01:33:53,865 [pool-226-thread-1] INFO  server.RaftServerConfigKeys (ConfUtils.java:logGet(44)) - raft.server.log.segment.size.max = 1048576 (custom)
2021-10-24 01:33:53,869 [pool-226-thread-1] INFO  server.RaftServerConfigKeys (ConfUtils.java:logGet(44)) - raft.server.log.preallocated.size = 16384 (custom)
2021-10-24 01:33:53,869 [pool-226-thread-1] INFO  server.RaftServerConfigKeys (ConfUtils.java:logGet(44)) - raft.server.log.force.sync.num = 128 (default)
2021-10-24 01:33:53,869 [pool-226-thread-1] INFO  server.RaftServerConfigKeys (ConfUtils.java:logGet(44)) - raft.server.log.statemachine.data.sync = true (default)
2021-10-24 01:33:53,869 [pool-226-thread-1] INFO  server.RaftServerConfigKeys (ConfUtils.java:logGet(44)) - raft.server.log.statemachine.data.sync.timeout = 10s (default)
2021-10-24 01:33:53,869 [pool-226-thread-1] INFO  server.RaftServerConfigKeys (ConfUtils.java:logGet(44)) - raft.server.log.statemachine.data.sync.timeout.retry = -1 (default)
2021-10-24 01:33:53,870 [pool-226-thread-1] INFO  server.RaftServerConfigKeys (ConfUtils.java:logGet(44)) - raft.server.log.write.buffer.size = 1048576 (custom)
2021-10-24 01:33:53,870 [pool-226-thread-1] INFO  server.RaftServerConfigKeys (ConfUtils.java:logGet(44)) - raft.server.log.statemachine.data.caching.enabled = true (custom)
2021-10-24 01:33:53,870 [pool-226-thread-1] INFO  segmented.SegmentedRaftLogWorker (SegmentedRaftLogWorker.java:lambda$new$0(133)) - 82e1ff8b-aab7-4b8c-8207-e5ba7d0f8a1f@group-22EA485ADCA4-SegmentedRaftLogWorker: flushIndex: setUnconditionally 0 -> -1
2021-10-24 01:33:53,870 [pool-226-thread-1] INFO  segmented.SegmentedRaftLogWorker (SegmentedRaftLogWorker.java:lambda$new$0(133)) - 82e1ff8b-aab7-4b8c-8207-e5ba7d0f8a1f@group-22EA485ADCA4-SegmentedRaftLogWorker: safeCacheEvictIndex: setUnconditionally 0 -> -1
2021-10-24 01:33:53,892 [pool-226-thread-1] INFO  server.RaftServerConfigKeys (ConfUtils.java:logGet(44)) - raft.server.snapshot.auto.trigger.enabled = true (custom)
2021-10-24 01:33:53,892 [pool-226-thread-1] INFO  server.RaftServerConfigKeys (ConfUtils.java:logGet(44)) - raft.server.snapshot.auto.trigger.threshold = 10000 (custom)
2021-10-24 01:33:53,892 [pool-226-thread-1] INFO  server.RaftServerConfigKeys (ConfUtils.java:logGet(44)) - raft.server.snapshot.retention.file.num = 5 (custom)
2021-10-24 01:33:53,893 [pool-226-thread-1] INFO  server.RaftServerConfigKeys (ConfUtils.java:logGet(44)) - raft.server.log.purge.upto.snapshot.index = false (default)
2021-10-24 01:33:53,893 [pool-226-thread-1] INFO  server.RaftServerConfigKeys (ConfUtils.java:logGet(44)) - raft.server.retrycache.expirytime = 600000ms (custom)
2021-10-24 01:33:53,893 [pool-226-thread-1] INFO  server.RaftServerConfigKeys (ConfUtils.java:logGet(44)) - raft.server.retrycache.statistics.expirytime = 100μs (default)
2021-10-24 01:33:53,894 [pool-226-thread-1] INFO  server.RaftServer$Division (RaftServerImpl.java:start(301)) - 82e1ff8b-aab7-4b8c-8207-e5ba7d0f8a1f@group-22EA485ADCA4: start as a follower, conf=-1: [82e1ff8b-aab7-4b8c-8207-e5ba7d0f8a1f|rpc:10.1.0.11:39599|priority:1], old=null
2021-10-24 01:33:53,894 [pool-226-thread-1] INFO  server.RaftServer$Division (RaftServerImpl.java:setRole(290)) - 82e1ff8b-aab7-4b8c-8207-e5ba7d0f8a1f@group-22EA485ADCA4: changes role from      null to FOLLOWER at term 0 for startAsFollower
2021-10-24 01:33:53,894 [pool-226-thread-1] INFO  impl.RoleInfo (RoleInfo.java:updateAndGet(130)) - 82e1ff8b-aab7-4b8c-8207-e5ba7d0f8a1f: start 82e1ff8b-aab7-4b8c-8207-e5ba7d0f8a1f@group-22EA485ADCA4-FollowerState
2021-10-24 01:33:53,897 [pool-226-thread-1] INFO  util.JmxRegister (JmxRegister.java:tryRegister(44)) - Successfully registered JMX Bean with object name Ratis:service=RaftServer,group=group-22EA485ADCA4,id=82e1ff8b-aab7-4b8c-8207-e5ba7d0f8a1f
2021-10-24 01:33:53,906 [Command processor thread] INFO  ratis.XceiverServerRatis (XceiverServerRatis.java:addGroup(768)) - Created group PipelineID=00905783-30fd-4950-bc9a-22ea485adca4
2021-10-24 01:33:53,906 [Command processor thread] INFO  commandhandler.CreatePipelineCommandHandler (CreatePipelineCommandHandler.java:handle(106)) - Created Pipeline RATIS ONE PipelineID=00905783-30fd-4950-bc9a-22ea485adca4.
2021-10-24 01:33:53,906 [Command processor thread] INFO  server.RaftServer (RaftServerProxy.java:addNew(95)) - 82e1ff8b-aab7-4b8c-8207-e5ba7d0f8a1f: addNew group-B597187EF31B:[82e1ff8b-aab7-4b8c-8207-e5ba7d0f8a1f|rpc:10.1.0.11:39599|priority:0, a92b67d1-e676-4bfd-b773-60efead6e052|rpc:10.1.0.11:32963|priority:0, 0014d44f-57a6-4d7b-99a8-c9e31c05b4da|rpc:10.1.0.11:43619|priority:1] returns group-B597187EF31B:java.util.concurrent.CompletableFuture@6c4583ea[Not completed]
2021-10-24 01:33:53,907 [pool-226-thread-1] INFO  server.RaftServer$Division (RaftServerImpl.java:<init>(184)) - 82e1ff8b-aab7-4b8c-8207-e5ba7d0f8a1f: new RaftServerImpl for group-B597187EF31B:[82e1ff8b-aab7-4b8c-8207-e5ba7d0f8a1f|rpc:10.1.0.11:39599|priority:0, a92b67d1-e676-4bfd-b773-60efead6e052|rpc:10.1.0.11:32963|priority:0, 0014d44f-57a6-4d7b-99a8-c9e31c05b4da|rpc:10.1.0.11:43619|priority:1] with ContainerStateMachine:uninitialized
2021-10-24 01:33:53,907 [pool-226-thread-1] INFO  server.RaftServerConfigKeys (ConfUtils.java:logGet(44)) - raft.server.rpc.timeout.min = 5s (custom)
2021-10-24 01:33:53,908 [pool-226-thread-1] INFO  server.RaftServerConfigKeys (ConfUtils.java:logGet(44)) - raft.server.rpc.timeout.max = 5200ms (custom)
2021-10-24 01:33:53,908 [pool-226-thread-1] INFO  server.RaftServerConfigKeys (ConfUtils.java:logGet(44)) - raft.server.rpc.sleep.time = 25ms (default)
2021-10-24 01:33:53,908 [pool-226-thread-1] INFO  server.RaftServerConfigKeys (ConfUtils.java:logGet(44)) - raft.server.rpc.slowness.timeout = 300s (custom)
2021-10-24 01:33:53,908 [pool-226-thread-1] INFO  server.RaftServerConfigKeys (ConfUtils.java:logGet(44)) - raft.server.leaderelection.leader.step-down.wait-time = 10s (default)
2021-10-24 01:33:53,908 [pool-226-thread-1] INFO  server.RaftServerConfigKeys (ConfUtils.java:logGet(44)) - raft.server.sleep.deviation.threshold = 300ms (default)
2021-10-24 01:33:53,908 [pool-226-thread-1] INFO  server.RaftServerConfigKeys (ConfUtils.java:logGet(44)) - raft.server.log.appender.install.snapshot.enabled = false (custom)
2021-10-24 01:33:53,908 [pool-226-thread-1] INFO  server.RaftServer$Division (ServerState.java:<init>(105)) - 82e1ff8b-aab7-4b8c-8207-e5ba7d0f8a1f@group-B597187EF31B: ConfigurationManager, init=-1: [82e1ff8b-aab7-4b8c-8207-e5ba7d0f8a1f|rpc:10.1.0.11:39599|priority:0, a92b67d1-e676-4bfd-b773-60efead6e052|rpc:10.1.0.11:32963|priority:0, 0014d44f-57a6-4d7b-99a8-c9e31c05b4da|rpc:10.1.0.11:43619|priority:1], old=null, confs=<EMPTY_MAP>
2021-10-24 01:33:53,908 [pool-226-thread-1] INFO  server.RaftServerConfigKeys (ConfUtils.java:logGet(44)) - raft.server.storage.dir = [/home/runner/work/ozone/ozone/hadoop-ozone/integration-test/target/test-dir/MiniOzoneClusterImpl-486ed80b-b12a-4e60-b5dc-4c94b273e9da/datanode-0/data/ratis] (custom)
2021-10-24 01:33:53,908 [pool-226-thread-1] INFO  server.RaftServerConfigKeys (ConfUtils.java:logGet(44)) - raft.server.log.corruption.policy = EXCEPTION (default)
2021-10-24 01:33:53,908 [pool-226-thread-1] INFO  server.RaftServerConfigKeys (ConfUtils.java:logGet(44)) - raft.server.storage.free-space.min = 0MB (=0) (default)
2021-10-24 01:33:53,908 [pool-226-thread-1] INFO  storage.RaftStorageDirectory (RaftStorageDirectoryImpl.java:analyzeStorage(135)) - The storage directory /home/runner/work/ozone/ozone/hadoop-ozone/integration-test/target/test-dir/MiniOzoneClusterImpl-486ed80b-b12a-4e60-b5dc-4c94b273e9da/datanode-0/data/ratis/e5e26e4d-8c1c-4cb9-8045-b597187ef31b does not exist. Creating ...
2021-10-24 01:33:53,908 [EventQueue-PipelineReportForPipelineReportHandler] INFO  pipeline.PipelineManagerImpl (PipelineManagerImpl.java:openPipeline(282)) - Pipeline Pipeline[ Id: 00905783-30fd-4950-bc9a-22ea485adca4, Nodes: 82e1ff8b-aab7-4b8c-8207-e5ba7d0f8a1f{ip: 10.1.0.11, host: fv-az12-887.exdb2aeach2ezidoxz41lk3bwg.cx.internal.cloudapp.net, ports: [REPLICATION=33111, RATIS=39599, RATIS_ADMIN=39599, RATIS_SERVER=39599, STANDALONE=34627], networkLocation: /default-rack, certSerialId: null, persistedOpState: IN_SERVICE, persistedOpStateExpiryEpochSec: 0}, ReplicationConfig: RATIS/ONE, State:ALLOCATED, leaderId:82e1ff8b-aab7-4b8c-8207-e5ba7d0f8a1f, CreationTimestamp2021-10-24T01:33:50.865Z[Etc/UTC]] moved to OPEN state
2021-10-24 01:33:53,923 [pool-226-thread-1] INFO  storage.RaftStorageDirectory (RaftStorageDirectoryImpl.java:tryLock(230)) - Lock on /home/runner/work/ozone/ozone/hadoop-ozone/integration-test/target/test-dir/MiniOzoneClusterImpl-486ed80b-b12a-4e60-b5dc-4c94b273e9da/datanode-0/data/ratis/e5e26e4d-8c1c-4cb9-8045-b597187ef31b/in_use.lock acquired by nodename 19540@fv-az12-887
2021-10-24 01:33:53,924 [pool-226-thread-1] INFO  storage.RaftStorage (RaftStorageImpl.java:format(89)) - Storage directory /home/runner/work/ozone/ozone/hadoop-ozone/integration-test/target/test-dir/MiniOzoneClusterImpl-486ed80b-b12a-4e60-b5dc-4c94b273e9da/datanode-0/data/ratis/e5e26e4d-8c1c-4cb9-8045-b597187ef31b has been successfully formatted.
2021-10-24 01:33:53,924 [pool-226-thread-1] INFO  ratis.ContainerStateMachine (ContainerStateMachine.java:loadSnapshot(224)) - group-B597187EF31B: The snapshot info is null. Setting the last applied indexto:(t:0, i:~)
2021-10-24 01:33:53,924 [pool-226-thread-1] INFO  server.RaftServerConfigKeys (ConfUtils.java:logGet(44)) - raft.server.notification.no-leader.timeout = 300s (custom)
2021-10-24 01:33:53,924 [pool-226-thread-1] INFO  server.RaftServerConfigKeys (ConfUtils.java:logGet(44)) - raft.server.log.use.memory = false (default)
2021-10-24 01:33:53,924 [pool-226-thread-1] INFO  server.RaftServerConfigKeys (ConfUtils.java:logGet(44)) - raft.server.log.purge.gap = 1000000 (custom)
2021-10-24 01:33:53,924 [pool-226-thread-1] INFO  server.RaftServerConfigKeys (ConfUtils.java:logGet(44)) - raft.server.log.appender.buffer.byte-limit = 33554432 (custom)
2021-10-24 01:33:53,924 [pool-226-thread-1] INFO  server.RaftServerConfigKeys (ConfUtils.java:logGet(44)) - raft.server.log.segment.size.max = 1048576 (custom)
2021-10-24 01:33:53,925 [pool-226-thread-1] INFO  server.RaftServerConfigKeys (ConfUtils.java:logGet(44)) - raft.server.log.segment.cache.num.max = 2 (custom)
2021-10-24 01:33:53,925 [pool-226-thread-1] INFO  server.RaftServerConfigKeys (ConfUtils.java:logGet(44)) - raft.server.log.segment.cache.size.max = 200MB (=209715200) (default)
2021-10-24 01:33:53,925 [pool-226-thread-1] INFO  segmented.SegmentedRaftLogWorker (SegmentedRaftLogWorker.java:<init>(182)) - new 82e1ff8b-aab7-4b8c-8207-e5ba7d0f8a1f@group-B597187EF31B-SegmentedRaftLogWorker for RaftStorageImpl:Storage Directory /home/runner/work/ozone/ozone/hadoop-ozone/integration-test/target/test-dir/MiniOzoneClusterImpl-486ed80b-b12a-4e60-b5dc-4c94b273e9da/datanode-0/data/ratis/e5e26e4d-8c1c-4cb9-8045-b597187ef31b
2021-10-24 01:33:53,925 [pool-226-thread-1] INFO  server.RaftServerConfigKeys (ConfUtils.java:logGet(44)) - raft.server.log.queue.byte-limit = 2147483647 (custom)
2021-10-24 01:33:53,925 [pool-226-thread-1] INFO  server.RaftServerConfigKeys (ConfUtils.java:logGet(44)) - raft.server.log.queue.element-limit = 1024 (custom)
2021-10-24 01:33:53,925 [pool-226-thread-1] INFO  server.RaftServerConfigKeys (ConfUtils.java:logGet(44)) - raft.server.log.segment.size.max = 1048576 (custom)
2021-10-24 01:33:53,925 [pool-226-thread-1] INFO  server.RaftServerConfigKeys (ConfUtils.java:logGet(44)) - raft.server.log.preallocated.size = 16384 (custom)
2021-10-24 01:33:53,925 [pool-226-thread-1] INFO  server.RaftServerConfigKeys (ConfUtils.java:logGet(44)) - raft.server.log.force.sync.num = 128 (default)
2021-10-24 01:33:53,925 [pool-226-thread-1] INFO  server.RaftServerConfigKeys (ConfUtils.java:logGet(44)) - raft.server.log.statemachine.data.sync = true (default)
2021-10-24 01:33:53,925 [pool-226-thread-1] INFO  server.RaftServerConfigKeys (ConfUtils.java:logGet(44)) - raft.server.log.statemachine.data.sync.timeout = 10s (default)
2021-10-24 01:33:53,925 [pool-226-thread-1] INFO  server.RaftServerConfigKeys (ConfUtils.java:logGet(44)) - raft.server.log.statemachine.data.sync.timeout.retry = -1 (default)
2021-10-24 01:33:53,926 [pool-226-thread-1] INFO  server.RaftServerConfigKeys (ConfUtils.java:logGet(44)) - raft.server.log.write.buffer.size = 1048576 (custom)
2021-10-24 01:33:53,927 [pool-226-thread-1] INFO  server.RaftServerConfigKeys (ConfUtils.java:logGet(44)) - raft.server.log.statemachine.data.caching.enabled = true (custom)
2021-10-24 01:33:53,927 [pool-226-thread-1] INFO  segmented.SegmentedRaftLogWorker (SegmentedRaftLogWorker.java:lambda$new$0(133)) - 82e1ff8b-aab7-4b8c-8207-e5ba7d0f8a1f@group-B597187EF31B-SegmentedRaftLogWorker: flushIndex: setUnconditionally 0 -> -1
2021-10-24 01:33:53,927 [pool-226-thread-1] INFO  segmented.SegmentedRaftLogWorker (SegmentedRaftLogWorker.java:lambda$new$0(133)) - 82e1ff8b-aab7-4b8c-8207-e5ba7d0f8a1f@group-B597187EF31B-SegmentedRaftLogWorker: safeCacheEvictIndex: setUnconditionally 0 -> -1
2021-10-24 01:33:53,944 [EventQueue-OpenPipelineForHealthyPipelineSafeModeRule] INFO  safemode.SCMSafeModeManager (HealthyPipelineSafeModeRule.java:process(124)) - SCM in safe mode. Healthy pipelines reported count is 0, required healthy pipeline reported count is 1
2021-10-24 01:33:53,946 [pool-226-thread-1] INFO  server.RaftServerConfigKeys (ConfUtils.java:logGet(44)) - raft.server.snapshot.auto.trigger.enabled = true (custom)
2021-10-24 01:33:53,946 [EventQueue-OpenPipelineForHealthyPipelineSafeModeRule] INFO  safemode.SCMSafeModeManager (HealthyPipelineSafeModeRule.java:process(124)) - SCM in safe mode. Healthy pipelines reported count is 0, required healthy pipeline reported count is 1
2021-10-24 01:33:53,946 [pool-226-thread-1] INFO  server.RaftServerConfigKeys (ConfUtils.java:logGet(44)) - raft.server.snapshot.auto.trigger.threshold = 10000 (custom)
2021-10-24 01:33:53,947 [pool-226-thread-1] INFO  server.RaftServerConfigKeys (ConfUtils.java:logGet(44)) - raft.server.snapshot.retention.file.num = 5 (custom)
2021-10-24 01:33:53,947 [pool-226-thread-1] INFO  server.RaftServerConfigKeys (ConfUtils.java:logGet(44)) - raft.server.log.purge.upto.snapshot.index = false (default)
2021-10-24 01:33:53,947 [pool-226-thread-1] INFO  server.RaftServerConfigKeys (ConfUtils.java:logGet(44)) - raft.server.retrycache.expirytime = 600000ms (custom)
2021-10-24 01:33:53,947 [pool-226-thread-1] INFO  server.RaftServerConfigKeys (ConfUtils.java:logGet(44)) - raft.server.retrycache.statistics.expirytime = 100μs (default)
2021-10-24 01:33:53,949 [pool-226-thread-1] INFO  server.RaftServer$Division (RaftServerImpl.java:start(301)) - 82e1ff8b-aab7-4b8c-8207-e5ba7d0f8a1f@group-B597187EF31B: start as a follower, conf=-1: [82e1ff8b-aab7-4b8c-8207-e5ba7d0f8a1f|rpc:10.1.0.11:39599|priority:0, a92b67d1-e676-4bfd-b773-60efead6e052|rpc:10.1.0.11:32963|priority:0, 0014d44f-57a6-4d7b-99a8-c9e31c05b4da|rpc:10.1.0.11:43619|priority:1], old=null
2021-10-24 01:33:53,949 [pool-226-thread-1] INFO  server.RaftServer$Division (RaftServerImpl.java:setRole(290)) - 82e1ff8b-aab7-4b8c-8207-e5ba7d0f8a1f@group-B597187EF31B: changes role from      null to FOLLOWER at term 0 for startAsFollower
2021-10-24 01:33:53,949 [pool-226-thread-1] INFO  impl.RoleInfo (RoleInfo.java:updateAndGet(130)) - 82e1ff8b-aab7-4b8c-8207-e5ba7d0f8a1f: start 82e1ff8b-aab7-4b8c-8207-e5ba7d0f8a1f@group-B597187EF31B-FollowerState
2021-10-24 01:33:53,953 [pool-226-thread-1] INFO  util.JmxRegister (JmxRegister.java:tryRegister(44)) - Successfully registered JMX Bean with object name Ratis:service=RaftServer,group=group-B597187EF31B,id=82e1ff8b-aab7-4b8c-8207-e5ba7d0f8a1f
2021-10-24 01:33:53,955 [Command processor thread] INFO  ratis.XceiverServerRatis (XceiverServerRatis.java:addGroup(768)) - Created group PipelineID=e5e26e4d-8c1c-4cb9-8045-b597187ef31b
2021-10-24 01:33:54,041 [grpc-default-executor-0] INFO  server.RaftServer (RaftServerProxy.java:addNew(95)) - 0014d44f-57a6-4d7b-99a8-c9e31c05b4da: addNew group-B597187EF31B:[82e1ff8b-aab7-4b8c-8207-e5ba7d0f8a1f|rpc:10.1.0.11:39599|dataStream:|priority:0, a92b67d1-e676-4bfd-b773-60efead6e052|rpc:10.1.0.11:32963|dataStream:|priority:0, 0014d44f-57a6-4d7b-99a8-c9e31c05b4da|rpc:10.1.0.11:43619|dataStream:|priority:1] returns group-B597187EF31B:java.util.concurrent.CompletableFuture@34c3e220[Not completed]
2021-10-24 01:33:54,068 [pool-245-thread-1] INFO  server.RaftServer$Division (RaftServerImpl.java:<init>(184)) - 0014d44f-57a6-4d7b-99a8-c9e31c05b4da: new RaftServerImpl for group-B597187EF31B:[82e1ff8b-aab7-4b8c-8207-e5ba7d0f8a1f|rpc:10.1.0.11:39599|dataStream:|priority:0, a92b67d1-e676-4bfd-b773-60efead6e052|rpc:10.1.0.11:32963|dataStream:|priority:0, 0014d44f-57a6-4d7b-99a8-c9e31c05b4da|rpc:10.1.0.11:43619|dataStream:|priority:1] with ContainerStateMachine:uninitialized
2021-10-24 01:33:54,076 [pool-245-thread-1] INFO  server.RaftServerConfigKeys (ConfUtils.java:logGet(44)) - raft.server.rpc.timeout.min = 5s (custom)
2021-10-24 01:33:54,076 [pool-245-thread-1] INFO  server.RaftServerConfigKeys (ConfUtils.java:logGet(44)) - raft.server.rpc.timeout.max = 5200ms (custom)
2021-10-24 01:33:54,077 [pool-245-thread-1] INFO  server.RaftServerConfigKeys (ConfUtils.java:logGet(44)) - raft.server.rpc.sleep.time = 25ms (default)
2021-10-24 01:33:54,077 [pool-245-thread-1] INFO  server.RaftServerConfigKeys (ConfUtils.java:logGet(44)) - raft.server.rpc.slowness.timeout = 300s (custom)
2021-10-24 01:33:54,077 [pool-245-thread-1] INFO  server.RaftServerConfigKeys (ConfUtils.java:logGet(44)) - raft.server.leaderelection.leader.step-down.wait-time = 10s (default)
2021-10-24 01:33:54,077 [pool-245-thread-1] INFO  server.RaftServerConfigKeys (ConfUtils.java:logGet(44)) - raft.server.sleep.deviation.threshold = 300ms (default)
2021-10-24 01:33:54,077 [pool-245-thread-1] INFO  server.RaftServerConfigKeys (ConfUtils.java:logGet(44)) - raft.server.log.appender.install.snapshot.enabled = false (custom)
2021-10-24 01:33:54,077 [pool-245-thread-1] INFO  server.RaftServer$Division (ServerState.java:<init>(105)) - 0014d44f-57a6-4d7b-99a8-c9e31c05b4da@group-B597187EF31B: ConfigurationManager, init=-1: [82e1ff8b-aab7-4b8c-8207-e5ba7d0f8a1f|rpc:10.1.0.11:39599|dataStream:|priority:0, a92b67d1-e676-4bfd-b773-60efead6e052|rpc:10.1.0.11:32963|dataStream:|priority:0, 0014d44f-57a6-4d7b-99a8-c9e31c05b4da|rpc:10.1.0.11:43619|dataStream:|priority:1], old=null, confs=<EMPTY_MAP>
2021-10-24 01:33:54,077 [pool-245-thread-1] INFO  server.RaftServerConfigKeys (ConfUtils.java:logGet(44)) - raft.server.storage.dir = [/home/runner/work/ozone/ozone/hadoop-ozone/integration-test/target/test-dir/MiniOzoneClusterImpl-486ed80b-b12a-4e60-b5dc-4c94b273e9da/datanode-1/data/ratis] (custom)
2021-10-24 01:33:54,077 [pool-245-thread-1] INFO  server.RaftServerConfigKeys (ConfUtils.java:logGet(44)) - raft.server.log.corruption.policy = EXCEPTION (default)
2021-10-24 01:33:54,077 [pool-245-thread-1] INFO  server.RaftServerConfigKeys (ConfUtils.java:logGet(44)) - raft.server.storage.free-space.min = 0MB (=0) (default)
2021-10-24 01:33:54,077 [pool-245-thread-1] INFO  storage.RaftStorageDirectory (RaftStorageDirectoryImpl.java:analyzeStorage(135)) - The storage directory /home/runner/work/ozone/ozone/hadoop-ozone/integration-test/target/test-dir/MiniOzoneClusterImpl-486ed80b-b12a-4e60-b5dc-4c94b273e9da/datanode-1/data/ratis/e5e26e4d-8c1c-4cb9-8045-b597187ef31b does not exist. Creating ...
2021-10-24 01:33:54,079 [pool-245-thread-1] INFO  storage.RaftStorageDirectory (RaftStorageDirectoryImpl.java:tryLock(230)) - Lock on /home/runner/work/ozone/ozone/hadoop-ozone/integration-test/target/test-dir/MiniOzoneClusterImpl-486ed80b-b12a-4e60-b5dc-4c94b273e9da/datanode-1/data/ratis/e5e26e4d-8c1c-4cb9-8045-b597187ef31b/in_use.lock acquired by nodename 19540@fv-az12-887
2021-10-24 01:33:54,081 [pool-245-thread-1] INFO  storage.RaftStorage (RaftStorageImpl.java:format(89)) - Storage directory /home/runner/work/ozone/ozone/hadoop-ozone/integration-test/target/test-dir/MiniOzoneClusterImpl-486ed80b-b12a-4e60-b5dc-4c94b273e9da/datanode-1/data/ratis/e5e26e4d-8c1c-4cb9-8045-b597187ef31b has been successfully formatted.
2021-10-24 01:33:54,081 [pool-245-thread-1] INFO  ratis.ContainerStateMachine (ContainerStateMachine.java:loadSnapshot(224)) - group-B597187EF31B: The snapshot info is null. Setting the last applied indexto:(t:0, i:~)
2021-10-24 01:33:54,082 [pool-245-thread-1] INFO  server.RaftServerConfigKeys (ConfUtils.java:logGet(44)) - raft.server.notification.no-leader.timeout = 300s (custom)
2021-10-24 01:33:54,082 [pool-245-thread-1] INFO  server.RaftServerConfigKeys (ConfUtils.java:logGet(44)) - raft.server.log.use.memory = false (default)
2021-10-24 01:33:54,082 [pool-245-thread-1] INFO  server.RaftServerConfigKeys (ConfUtils.java:logGet(44)) - raft.server.log.purge.gap = 1000000 (custom)
2021-10-24 01:33:54,082 [pool-245-thread-1] INFO  server.RaftServerConfigKeys (ConfUtils.java:logGet(44)) - raft.server.log.appender.buffer.byte-limit = 33554432 (custom)
2021-10-24 01:33:54,082 [pool-245-thread-1] INFO  server.RaftServerConfigKeys (ConfUtils.java:logGet(44)) - raft.server.log.segment.size.max = 1048576 (custom)
2021-10-24 01:33:54,082 [pool-245-thread-1] INFO  server.RaftServerConfigKeys (ConfUtils.java:logGet(44)) - raft.server.log.segment.cache.num.max = 2 (custom)
2021-10-24 01:33:54,082 [pool-245-thread-1] INFO  server.RaftServerConfigKeys (ConfUtils.java:logGet(44)) - raft.server.log.segment.cache.size.max = 200MB (=209715200) (default)
2021-10-24 01:33:54,082 [pool-245-thread-1] INFO  segmented.SegmentedRaftLogWorker (SegmentedRaftLogWorker.java:<init>(182)) - new 0014d44f-57a6-4d7b-99a8-c9e31c05b4da@group-B597187EF31B-SegmentedRaftLogWorker for RaftStorageImpl:Storage Directory /home/runner/work/ozone/ozone/hadoop-ozone/integration-test/target/test-dir/MiniOzoneClusterImpl-486ed80b-b12a-4e60-b5dc-4c94b273e9da/datanode-1/data/ratis/e5e26e4d-8c1c-4cb9-8045-b597187ef31b
2021-10-24 01:33:54,082 [pool-245-thread-1] INFO  server.RaftServerConfigKeys (ConfUtils.java:logGet(44)) - raft.server.log.queue.byte-limit = 2147483647 (custom)
2021-10-24 01:33:54,082 [pool-245-thread-1] INFO  server.RaftServerConfigKeys (ConfUtils.java:logGet(44)) - raft.server.log.queue.element-limit = 1024 (custom)
2021-10-24 01:33:54,083 [pool-245-thread-1] INFO  server.RaftServerConfigKeys (ConfUtils.java:logGet(44)) - raft.server.log.segment.size.max = 1048576 (custom)
2021-10-24 01:33:54,083 [pool-245-thread-1] INFO  server.RaftServerConfigKeys (ConfUtils.java:logGet(44)) - raft.server.log.preallocated.size = 16384 (custom)
2021-10-24 01:33:54,083 [pool-245-thread-1] INFO  server.RaftServerConfigKeys (ConfUtils.java:logGet(44)) - raft.server.log.force.sync.num = 128 (default)
2021-10-24 01:33:54,083 [pool-245-thread-1] INFO  server.RaftServerConfigKeys (ConfUtils.java:logGet(44)) - raft.server.log.statemachine.data.sync = true (default)
2021-10-24 01:33:54,083 [pool-245-thread-1] INFO  server.RaftServerConfigKeys (ConfUtils.java:logGet(44)) - raft.server.log.statemachine.data.sync.timeout = 10s (default)
2021-10-24 01:33:54,083 [pool-245-thread-1] INFO  server.RaftServerConfigKeys (ConfUtils.java:logGet(44)) - raft.server.log.statemachine.data.sync.timeout.retry = -1 (default)
2021-10-24 01:33:54,083 [pool-245-thread-1] INFO  server.RaftServerConfigKeys (ConfUtils.java:logGet(44)) - raft.server.log.write.buffer.size = 1048576 (custom)
2021-10-24 01:33:54,084 [pool-245-thread-1] INFO  server.RaftServerConfigKeys (ConfUtils.java:logGet(44)) - raft.server.log.statemachine.data.caching.enabled = true (custom)
2021-10-24 01:33:54,084 [pool-245-thread-1] INFO  segmented.SegmentedRaftLogWorker (SegmentedRaftLogWorker.java:lambda$new$0(133)) - 0014d44f-57a6-4d7b-99a8-c9e31c05b4da@group-B597187EF31B-SegmentedRaftLogWorker: flushIndex: setUnconditionally 0 -> -1
2021-10-24 01:33:54,084 [pool-245-thread-1] INFO  segmented.SegmentedRaftLogWorker (SegmentedRaftLogWorker.java:lambda$new$0(133)) - 0014d44f-57a6-4d7b-99a8-c9e31c05b4da@group-B597187EF31B-SegmentedRaftLogWorker: safeCacheEvictIndex: setUnconditionally 0 -> -1
2021-10-24 01:33:54,084 [pool-245-thread-1] INFO  server.RaftServerConfigKeys (ConfUtils.java:logGet(44)) - raft.server.snapshot.auto.trigger.enabled = true (custom)
2021-10-24 01:33:54,084 [pool-245-thread-1] INFO  server.RaftServerConfigKeys (ConfUtils.java:logGet(44)) - raft.server.snapshot.auto.trigger.threshold = 10000 (custom)
2021-10-24 01:33:54,084 [pool-245-thread-1] INFO  server.RaftServerConfigKeys (ConfUtils.java:logGet(44)) - raft.server.snapshot.retention.file.num = 5 (custom)
2021-10-24 01:33:54,084 [pool-245-thread-1] INFO  server.RaftServerConfigKeys (ConfUtils.java:logGet(44)) - raft.server.log.purge.upto.snapshot.index = false (default)
2021-10-24 01:33:54,084 [pool-245-thread-1] INFO  server.RaftServerConfigKeys (ConfUtils.java:logGet(44)) - raft.server.retrycache.expirytime = 600000ms (custom)
2021-10-24 01:33:54,084 [pool-245-thread-1] INFO  server.RaftServerConfigKeys (ConfUtils.java:logGet(44)) - raft.server.retrycache.statistics.expirytime = 100μs (default)
2021-10-24 01:33:54,086 [pool-245-thread-1] INFO  server.RaftServer$Division (RaftServerImpl.java:start(301)) - 0014d44f-57a6-4d7b-99a8-c9e31c05b4da@group-B597187EF31B: start as a follower, conf=-1: [82e1ff8b-aab7-4b8c-8207-e5ba7d0f8a1f|rpc:10.1.0.11:39599|dataStream:|priority:0, a92b67d1-e676-4bfd-b773-60efead6e052|rpc:10.1.0.11:32963|dataStream:|priority:0, 0014d44f-57a6-4d7b-99a8-c9e31c05b4da|rpc:10.1.0.11:43619|dataStream:|priority:1], old=null
2021-10-24 01:33:54,091 [pool-245-thread-1] INFO  server.RaftServer$Division (RaftServerImpl.java:setRole(290)) - 0014d44f-57a6-4d7b-99a8-c9e31c05b4da@group-B597187EF31B: changes role from      null to FOLLOWER at term 0 for startAsFollower
2021-10-24 01:33:54,096 [pool-245-thread-1] INFO  impl.RoleInfo (RoleInfo.java:updateAndGet(130)) - 0014d44f-57a6-4d7b-99a8-c9e31c05b4da: start 0014d44f-57a6-4d7b-99a8-c9e31c05b4da@group-B597187EF31B-FollowerState
2021-10-24 01:33:54,104 [pool-245-thread-1] INFO  util.JmxRegister (JmxRegister.java:tryRegister(44)) - Successfully registered JMX Bean with object name Ratis:service=RaftServer,group=group-B597187EF31B,id=0014d44f-57a6-4d7b-99a8-c9e31c05b4da
2021-10-24 01:33:54,217 [grpc-default-executor-0] INFO  server.RaftServer (RaftServerProxy.java:addNew(95)) - a92b67d1-e676-4bfd-b773-60efead6e052: addNew group-B597187EF31B:[82e1ff8b-aab7-4b8c-8207-e5ba7d0f8a1f|rpc:10.1.0.11:39599|dataStream:|priority:0, a92b67d1-e676-4bfd-b773-60efead6e052|rpc:10.1.0.11:32963|dataStream:|priority:0, 0014d44f-57a6-4d7b-99a8-c9e31c05b4da|rpc:10.1.0.11:43619|dataStream:|priority:1] returns group-B597187EF31B:java.util.concurrent.CompletableFuture@2c9214dc[Not completed]
2021-10-24 01:33:54,237 [pool-264-thread-1] INFO  server.RaftServer$Division (RaftServerImpl.java:<init>(184)) - a92b67d1-e676-4bfd-b773-60efead6e052: new RaftServerImpl for group-B597187EF31B:[82e1ff8b-aab7-4b8c-8207-e5ba7d0f8a1f|rpc:10.1.0.11:39599|dataStream:|priority:0, a92b67d1-e676-4bfd-b773-60efead6e052|rpc:10.1.0.11:32963|dataStream:|priority:0, 0014d44f-57a6-4d7b-99a8-c9e31c05b4da|rpc:10.1.0.11:43619|dataStream:|priority:1] with ContainerStateMachine:uninitialized
2021-10-24 01:33:54,248 [pool-264-thread-1] INFO  server.RaftServerConfigKeys (ConfUtils.java:logGet(44)) - raft.server.rpc.timeout.min = 5s (custom)
2021-10-24 01:33:54,248 [pool-264-thread-1] INFO  server.RaftServerConfigKeys (ConfUtils.java:logGet(44)) - raft.server.rpc.timeout.max = 5200ms (custom)
2021-10-24 01:33:54,248 [pool-264-thread-1] INFO  server.RaftServerConfigKeys (ConfUtils.java:logGet(44)) - raft.server.rpc.sleep.time = 25ms (default)
2021-10-24 01:33:54,249 [pool-264-thread-1] INFO  server.RaftServerConfigKeys (ConfUtils.java:logGet(44)) - raft.server.rpc.slowness.timeout = 300s (custom)
2021-10-24 01:33:54,249 [pool-264-thread-1] INFO  server.RaftServerConfigKeys (ConfUtils.java:logGet(44)) - raft.server.leaderelection.leader.step-down.wait-time = 10s (default)
2021-10-24 01:33:54,249 [pool-264-thread-1] INFO  server.RaftServerConfigKeys (ConfUtils.java:logGet(44)) - raft.server.sleep.deviation.threshold = 300ms (default)
2021-10-24 01:33:54,249 [pool-264-thread-1] INFO  server.RaftServerConfigKeys (ConfUtils.java:logGet(44)) - raft.server.log.appender.install.snapshot.enabled = false (custom)
2021-10-24 01:33:54,249 [pool-264-thread-1] INFO  server.RaftServer$Division (ServerState.java:<init>(105)) - a92b67d1-e676-4bfd-b773-60efead6e052@group-B597187EF31B: ConfigurationManager, init=-1: [82e1ff8b-aab7-4b8c-8207-e5ba7d0f8a1f|rpc:10.1.0.11:39599|dataStream:|priority:0, a92b67d1-e676-4bfd-b773-60efead6e052|rpc:10.1.0.11:32963|dataStream:|priority:0, 0014d44f-57a6-4d7b-99a8-c9e31c05b4da|rpc:10.1.0.11:43619|dataStream:|priority:1], old=null, confs=<EMPTY_MAP>
2021-10-24 01:33:54,249 [pool-264-thread-1] INFO  server.RaftServerConfigKeys (ConfUtils.java:logGet(44)) - raft.server.storage.dir = [/home/runner/work/ozone/ozone/hadoop-ozone/integration-test/target/test-dir/MiniOzoneClusterImpl-486ed80b-b12a-4e60-b5dc-4c94b273e9da/datanode-2/data/ratis] (custom)
2021-10-24 01:33:54,249 [pool-264-thread-1] INFO  server.RaftServerConfigKeys (ConfUtils.java:logGet(44)) - raft.server.log.corruption.policy = EXCEPTION (default)
2021-10-24 01:33:54,249 [pool-264-thread-1] INFO  server.RaftServerConfigKeys (ConfUtils.java:logGet(44)) - raft.server.storage.free-space.min = 0MB (=0) (default)
2021-10-24 01:33:54,249 [pool-264-thread-1] INFO  storage.RaftStorageDirectory (RaftStorageDirectoryImpl.java:analyzeStorage(135)) - The storage directory /home/runner/work/ozone/ozone/hadoop-ozone/integration-test/target/test-dir/MiniOzoneClusterImpl-486ed80b-b12a-4e60-b5dc-4c94b273e9da/datanode-2/data/ratis/e5e26e4d-8c1c-4cb9-8045-b597187ef31b does not exist. Creating ...
2021-10-24 01:33:54,251 [pool-264-thread-1] INFO  storage.RaftStorageDirectory (RaftStorageDirectoryImpl.java:tryLock(230)) - Lock on /home/runner/work/ozone/ozone/hadoop-ozone/integration-test/target/test-dir/MiniOzoneClusterImpl-486ed80b-b12a-4e60-b5dc-4c94b273e9da/datanode-2/data/ratis/e5e26e4d-8c1c-4cb9-8045-b597187ef31b/in_use.lock acquired by nodename 19540@fv-az12-887
2021-10-24 01:33:54,252 [pool-264-thread-1] INFO  storage.RaftStorage (RaftStorageImpl.java:format(89)) - Storage directory /home/runner/work/ozone/ozone/hadoop-ozone/integration-test/target/test-dir/MiniOzoneClusterImpl-486ed80b-b12a-4e60-b5dc-4c94b273e9da/datanode-2/data/ratis/e5e26e4d-8c1c-4cb9-8045-b597187ef31b has been successfully formatted.
2021-10-24 01:33:54,253 [pool-264-thread-1] INFO  ratis.ContainerStateMachine (ContainerStateMachine.java:loadSnapshot(224)) - group-B597187EF31B: The snapshot info is null. Setting the last applied indexto:(t:0, i:~)
2021-10-24 01:33:54,253 [pool-264-thread-1] INFO  server.RaftServerConfigKeys (ConfUtils.java:logGet(44)) - raft.server.notification.no-leader.timeout = 300s (custom)
2021-10-24 01:33:54,253 [pool-264-thread-1] INFO  server.RaftServerConfigKeys (ConfUtils.java:logGet(44)) - raft.server.log.use.memory = false (default)
2021-10-24 01:33:54,253 [pool-264-thread-1] INFO  server.RaftServerConfigKeys (ConfUtils.java:logGet(44)) - raft.server.log.purge.gap = 1000000 (custom)
2021-10-24 01:33:54,253 [pool-264-thread-1] INFO  server.RaftServerConfigKeys (ConfUtils.java:logGet(44)) - raft.server.log.appender.buffer.byte-limit = 33554432 (custom)
2021-10-24 01:33:54,254 [pool-264-thread-1] INFO  server.RaftServerConfigKeys (ConfUtils.java:logGet(44)) - raft.server.log.segment.size.max = 1048576 (custom)
2021-10-24 01:33:54,254 [pool-264-thread-1] INFO  server.RaftServerConfigKeys (ConfUtils.java:logGet(44)) - raft.server.log.segment.cache.num.max = 2 (custom)
2021-10-24 01:33:54,254 [pool-264-thread-1] INFO  server.RaftServerConfigKeys (ConfUtils.java:logGet(44)) - raft.server.log.segment.cache.size.max = 200MB (=209715200) (default)
2021-10-24 01:33:54,255 [pool-264-thread-1] INFO  segmented.SegmentedRaftLogWorker (SegmentedRaftLogWorker.java:<init>(182)) - new a92b67d1-e676-4bfd-b773-60efead6e052@group-B597187EF31B-SegmentedRaftLogWorker for RaftStorageImpl:Storage Directory /home/runner/work/ozone/ozone/hadoop-ozone/integration-test/target/test-dir/MiniOzoneClusterImpl-486ed80b-b12a-4e60-b5dc-4c94b273e9da/datanode-2/data/ratis/e5e26e4d-8c1c-4cb9-8045-b597187ef31b
2021-10-24 01:33:54,255 [pool-264-thread-1] INFO  server.RaftServerConfigKeys (ConfUtils.java:logGet(44)) - raft.server.log.queue.byte-limit = 2147483647 (custom)
2021-10-24 01:33:54,255 [pool-264-thread-1] INFO  server.RaftServerConfigKeys (ConfUtils.java:logGet(44)) - raft.server.log.queue.element-limit = 1024 (custom)
2021-10-24 01:33:54,255 [pool-264-thread-1] INFO  server.RaftServerConfigKeys (ConfUtils.java:logGet(44)) - raft.server.log.segment.size.max = 1048576 (custom)
2021-10-24 01:33:54,255 [pool-264-thread-1] INFO  server.RaftServerConfigKeys (ConfUtils.java:logGet(44)) - raft.server.log.preallocated.size = 16384 (custom)
2021-10-24 01:33:54,255 [pool-264-thread-1] INFO  server.RaftServerConfigKeys (ConfUtils.java:logGet(44)) - raft.server.log.force.sync.num = 128 (default)
2021-10-24 01:33:54,255 [pool-264-thread-1] INFO  server.RaftServerConfigKeys (ConfUtils.java:logGet(44)) - raft.server.log.statemachine.data.sync = true (default)
2021-10-24 01:33:54,255 [pool-264-thread-1] INFO  server.RaftServerConfigKeys (ConfUtils.java:logGet(44)) - raft.server.log.statemachine.data.sync.timeout = 10s (default)
2021-10-24 01:33:54,255 [pool-264-thread-1] INFO  server.RaftServerConfigKeys (ConfUtils.java:logGet(44)) - raft.server.log.statemachine.data.sync.timeout.retry = -1 (default)
2021-10-24 01:33:54,256 [pool-264-thread-1] INFO  server.RaftServerConfigKeys (ConfUtils.java:logGet(44)) - raft.server.log.write.buffer.size = 1048576 (custom)
2021-10-24 01:33:54,257 [pool-264-thread-1] INFO  server.RaftServerConfigKeys (ConfUtils.java:logGet(44)) - raft.server.log.statemachine.data.caching.enabled = true (custom)
2021-10-24 01:33:54,257 [pool-264-thread-1] INFO  segmented.SegmentedRaftLogWorker (SegmentedRaftLogWorker.java:lambda$new$0(133)) - a92b67d1-e676-4bfd-b773-60efead6e052@group-B597187EF31B-SegmentedRaftLogWorker: flushIndex: setUnconditionally 0 -> -1
2021-10-24 01:33:54,257 [pool-264-thread-1] INFO  segmented.SegmentedRaftLogWorker (SegmentedRaftLogWorker.java:lambda$new$0(133)) - a92b67d1-e676-4bfd-b773-60efead6e052@group-B597187EF31B-SegmentedRaftLogWorker: safeCacheEvictIndex: setUnconditionally 0 -> -1
2021-10-24 01:33:54,257 [pool-264-thread-1] INFO  server.RaftServerConfigKeys (ConfUtils.java:logGet(44)) - raft.server.snapshot.auto.trigger.enabled = true (custom)
2021-10-24 01:33:54,257 [pool-264-thread-1] INFO  server.RaftServerConfigKeys (ConfUtils.java:logGet(44)) - raft.server.snapshot.auto.trigger.threshold = 10000 (custom)
2021-10-24 01:33:54,257 [pool-264-thread-1] INFO  server.RaftServerConfigKeys (ConfUtils.java:logGet(44)) - raft.server.snapshot.retention.file.num = 5 (custom)
2021-10-24 01:33:54,257 [pool-264-thread-1] INFO  server.RaftServerConfigKeys (ConfUtils.java:logGet(44)) - raft.server.log.purge.upto.snapshot.index = false (default)
2021-10-24 01:33:54,258 [pool-264-thread-1] INFO  server.RaftServerConfigKeys (ConfUtils.java:logGet(44)) - raft.server.retrycache.expirytime = 600000ms (custom)
2021-10-24 01:33:54,258 [pool-264-thread-1] INFO  server.RaftServerConfigKeys (ConfUtils.java:logGet(44)) - raft.server.retrycache.statistics.expirytime = 100μs (default)
2021-10-24 01:33:54,259 [pool-264-thread-1] INFO  server.RaftServer$Division (RaftServerImpl.java:start(301)) - a92b67d1-e676-4bfd-b773-60efead6e052@group-B597187EF31B: start as a follower, conf=-1: [82e1ff8b-aab7-4b8c-8207-e5ba7d0f8a1f|rpc:10.1.0.11:39599|dataStream:|priority:0, a92b67d1-e676-4bfd-b773-60efead6e052|rpc:10.1.0.11:32963|dataStream:|priority:0, 0014d44f-57a6-4d7b-99a8-c9e31c05b4da|rpc:10.1.0.11:43619|dataStream:|priority:1], old=null
2021-10-24 01:33:54,259 [pool-264-thread-1] INFO  server.RaftServer$Division (RaftServerImpl.java:setRole(290)) - a92b67d1-e676-4bfd-b773-60efead6e052@group-B597187EF31B: changes role from      null to FOLLOWER at term 0 for startAsFollower
2021-10-24 01:33:54,259 [pool-264-thread-1] INFO  impl.RoleInfo (RoleInfo.java:updateAndGet(130)) - a92b67d1-e676-4bfd-b773-60efead6e052: start a92b67d1-e676-4bfd-b773-60efead6e052@group-B597187EF31B-FollowerState
2021-10-24 01:33:54,259 [pool-264-thread-1] INFO  util.JmxRegister (JmxRegister.java:tryRegister(44)) - Successfully registered JMX Bean with object name Ratis:service=RaftServer,group=group-B597187EF31B,id=a92b67d1-e676-4bfd-b773-60efead6e052
2021-10-24 01:33:54,294 [Command processor thread] INFO  commandhandler.CreatePipelineCommandHandler (CreatePipelineCommandHandler.java:handle(106)) - Created Pipeline RATIS THREE PipelineID=e5e26e4d-8c1c-4cb9-8045-b597187ef31b.
2021-10-24 01:33:54,365 [Command processor thread] INFO  server.RaftServer (RaftServerProxy.java:addNew(95)) - 0014d44f-57a6-4d7b-99a8-c9e31c05b4da: addNew group-BF6D5A309C7F:[0014d44f-57a6-4d7b-99a8-c9e31c05b4da|rpc:10.1.0.11:43619|priority:1] returns group-BF6D5A309C7F:java.util.concurrent.CompletableFuture@2aa1ad63[Not completed]
2021-10-24 01:33:54,369 [pool-245-thread-1] INFO  server.RaftServer$Division (RaftServerImpl.java:<init>(184)) - 0014d44f-57a6-4d7b-99a8-c9e31c05b4da: new RaftServerImpl for group-BF6D5A309C7F:[0014d44f-57a6-4d7b-99a8-c9e31c05b4da|rpc:10.1.0.11:43619|priority:1] with ContainerStateMachine:uninitialized
2021-10-24 01:33:54,369 [pool-245-thread-1] INFO  server.RaftServerConfigKeys (ConfUtils.java:logGet(44)) - raft.server.rpc.timeout.min = 5s (custom)
2021-10-24 01:33:54,369 [pool-245-thread-1] INFO  server.RaftServerConfigKeys (ConfUtils.java:logGet(44)) - raft.server.rpc.timeout.max = 5200ms (custom)
2021-10-24 01:33:54,369 [pool-245-thread-1] INFO  server.RaftServerConfigKeys (ConfUtils.java:logGet(44)) - raft.server.rpc.sleep.time = 25ms (default)
2021-10-24 01:33:54,369 [pool-245-thread-1] INFO  server.RaftServerConfigKeys (ConfUtils.java:logGet(44)) - raft.server.rpc.slowness.timeout = 300s (custom)
2021-10-24 01:33:54,369 [pool-245-thread-1] INFO  server.RaftServerConfigKeys (ConfUtils.java:logGet(44)) - raft.server.leaderelection.leader.step-down.wait-time = 10s (default)
2021-10-24 01:33:54,369 [pool-245-thread-1] INFO  server.RaftServerConfigKeys (ConfUtils.java:logGet(44)) - raft.server.sleep.deviation.threshold = 300ms (default)
2021-10-24 01:33:54,369 [pool-245-thread-1] INFO  server.RaftServerConfigKeys (ConfUtils.java:logGet(44)) - raft.server.log.appender.install.snapshot.enabled = false (custom)
2021-10-24 01:33:54,369 [pool-245-thread-1] INFO  server.RaftServer$Division (ServerState.java:<init>(105)) - 0014d44f-57a6-4d7b-99a8-c9e31c05b4da@group-BF6D5A309C7F: ConfigurationManager, init=-1: [0014d44f-57a6-4d7b-99a8-c9e31c05b4da|rpc:10.1.0.11:43619|priority:1], old=null, confs=<EMPTY_MAP>
2021-10-24 01:33:54,370 [pool-245-thread-1] INFO  server.RaftServerConfigKeys (ConfUtils.java:logGet(44)) - raft.server.storage.dir = [/home/runner/work/ozone/ozone/hadoop-ozone/integration-test/target/test-dir/MiniOzoneClusterImpl-486ed80b-b12a-4e60-b5dc-4c94b273e9da/datanode-1/data/ratis] (custom)
2021-10-24 01:33:54,370 [pool-245-thread-1] INFO  server.RaftServerConfigKeys (ConfUtils.java:logGet(44)) - raft.server.log.corruption.policy = EXCEPTION (default)
2021-10-24 01:33:54,370 [pool-245-thread-1] INFO  server.RaftServerConfigKeys (ConfUtils.java:logGet(44)) - raft.server.storage.free-space.min = 0MB (=0) (default)
2021-10-24 01:33:54,370 [pool-245-thread-1] INFO  storage.RaftStorageDirectory (RaftStorageDirectoryImpl.java:analyzeStorage(135)) - The storage directory /home/runner/work/ozone/ozone/hadoop-ozone/integration-test/target/test-dir/MiniOzoneClusterImpl-486ed80b-b12a-4e60-b5dc-4c94b273e9da/datanode-1/data/ratis/d8229679-76b3-4b01-8a50-bf6d5a309c7f does not exist. Creating ...
2021-10-24 01:33:54,371 [pool-245-thread-1] INFO  storage.RaftStorageDirectory (RaftStorageDirectoryImpl.java:tryLock(230)) - Lock on /home/runner/work/ozone/ozone/hadoop-ozone/integration-test/target/test-dir/MiniOzoneClusterImpl-486ed80b-b12a-4e60-b5dc-4c94b273e9da/datanode-1/data/ratis/d8229679-76b3-4b01-8a50-bf6d5a309c7f/in_use.lock acquired by nodename 19540@fv-az12-887
2021-10-24 01:33:54,372 [pool-245-thread-1] INFO  storage.RaftStorage (RaftStorageImpl.java:format(89)) - Storage directory /home/runner/work/ozone/ozone/hadoop-ozone/integration-test/target/test-dir/MiniOzoneClusterImpl-486ed80b-b12a-4e60-b5dc-4c94b273e9da/datanode-1/data/ratis/d8229679-76b3-4b01-8a50-bf6d5a309c7f has been successfully formatted.
2021-10-24 01:33:54,374 [EventQueue-PipelineReportForPipelineReportHandler] INFO  pipeline.PipelineManagerImpl (PipelineManagerImpl.java:openPipeline(282)) - Pipeline Pipeline[ Id: d8229679-76b3-4b01-8a50-bf6d5a309c7f, Nodes: 0014d44f-57a6-4d7b-99a8-c9e31c05b4da{ip: 10.1.0.11, host: fv-az12-887.exdb2aeach2ezidoxz41lk3bwg.cx.internal.cloudapp.net, ports: [REPLICATION=45145, RATIS=43619, RATIS_ADMIN=43619, RATIS_SERVER=43619, STANDALONE=36185], networkLocation: /default-rack, certSerialId: null, persistedOpState: IN_SERVICE, persistedOpStateExpiryEpochSec: 0}, ReplicationConfig: RATIS/ONE, State:ALLOCATED, leaderId:0014d44f-57a6-4d7b-99a8-c9e31c05b4da, CreationTimestamp2021-10-24T01:33:51.375Z[Etc/UTC]] moved to OPEN state
2021-10-24 01:33:54,374 [pool-245-thread-1] INFO  ratis.ContainerStateMachine (ContainerStateMachine.java:loadSnapshot(224)) - group-BF6D5A309C7F: The snapshot info is null. Setting the last applied indexto:(t:0, i:~)
2021-10-24 01:33:54,374 [EventQueue-OpenPipelineForHealthyPipelineSafeModeRule] INFO  safemode.SCMSafeModeManager (HealthyPipelineSafeModeRule.java:process(124)) - SCM in safe mode. Healthy pipelines reported count is 0, required healthy pipeline reported count is 1
2021-10-24 01:33:54,384 [pool-245-thread-1] INFO  server.RaftServerConfigKeys (ConfUtils.java:logGet(44)) - raft.server.notification.no-leader.timeout = 300s (custom)
2021-10-24 01:33:54,384 [pool-245-thread-1] INFO  server.RaftServerConfigKeys (ConfUtils.java:logGet(44)) - raft.server.log.use.memory = false (default)
2021-10-24 01:33:54,385 [pool-245-thread-1] INFO  server.RaftServerConfigKeys (ConfUtils.java:logGet(44)) - raft.server.log.purge.gap = 1000000 (custom)
2021-10-24 01:33:54,385 [pool-245-thread-1] INFO  server.RaftServerConfigKeys (ConfUtils.java:logGet(44)) - raft.server.log.appender.buffer.byte-limit = 33554432 (custom)
2021-10-24 01:33:54,385 [pool-245-thread-1] INFO  server.RaftServerConfigKeys (ConfUtils.java:logGet(44)) - raft.server.log.segment.size.max = 1048576 (custom)
2021-10-24 01:33:54,385 [pool-245-thread-1] INFO  server.RaftServerConfigKeys (ConfUtils.java:logGet(44)) - raft.server.log.segment.cache.num.max = 2 (custom)
2021-10-24 01:33:54,385 [pool-245-thread-1] INFO  server.RaftServerConfigKeys (ConfUtils.java:logGet(44)) - raft.server.log.segment.cache.size.max = 200MB (=209715200) (default)
2021-10-24 01:33:54,385 [pool-245-thread-1] INFO  segmented.SegmentedRaftLogWorker (SegmentedRaftLogWorker.java:<init>(182)) - new 0014d44f-57a6-4d7b-99a8-c9e31c05b4da@group-BF6D5A309C7F-SegmentedRaftLogWorker for RaftStorageImpl:Storage Directory /home/runner/work/ozone/ozone/hadoop-ozone/integration-test/target/test-dir/MiniOzoneClusterImpl-486ed80b-b12a-4e60-b5dc-4c94b273e9da/datanode-1/data/ratis/d8229679-76b3-4b01-8a50-bf6d5a309c7f
2021-10-24 01:33:54,386 [pool-245-thread-1] INFO  server.RaftServerConfigKeys (ConfUtils.java:logGet(44)) - raft.server.log.queue.byte-limit = 2147483647 (custom)
2021-10-24 01:33:54,386 [pool-245-thread-1] INFO  server.RaftServerConfigKeys (ConfUtils.java:logGet(44)) - raft.server.log.queue.element-limit = 1024 (custom)
2021-10-24 01:33:54,386 [pool-245-thread-1] INFO  server.RaftServerConfigKeys (ConfUtils.java:logGet(44)) - raft.server.log.segment.size.max = 1048576 (custom)
2021-10-24 01:33:54,386 [pool-245-thread-1] INFO  server.RaftServerConfigKeys (ConfUtils.java:logGet(44)) - raft.server.log.preallocated.size = 16384 (custom)
2021-10-24 01:33:54,386 [pool-245-thread-1] INFO  server.RaftServerConfigKeys (ConfUtils.java:logGet(44)) - raft.server.log.force.sync.num = 128 (default)
2021-10-24 01:33:54,386 [pool-245-thread-1] INFO  server.RaftServerConfigKeys (ConfUtils.java:logGet(44)) - raft.server.log.statemachine.data.sync = true (default)
2021-10-24 01:33:54,386 [pool-245-thread-1] INFO  server.RaftServerConfigKeys (ConfUtils.java:logGet(44)) - raft.server.log.statemachine.data.sync.timeout = 10s (default)
2021-10-24 01:33:54,386 [pool-245-thread-1] INFO  server.RaftServerConfigKeys (ConfUtils.java:logGet(44)) - raft.server.log.statemachine.data.sync.timeout.retry = -1 (default)
2021-10-24 01:33:54,387 [pool-245-thread-1] INFO  server.RaftServerConfigKeys (ConfUtils.java:logGet(44)) - raft.server.log.write.buffer.size = 1048576 (custom)
2021-10-24 01:33:54,388 [pool-245-thread-1] INFO  server.RaftServerConfigKeys (ConfUtils.java:logGet(44)) - raft.server.log.statemachine.data.caching.enabled = true (custom)
2021-10-24 01:33:54,388 [pool-245-thread-1] INFO  segmented.SegmentedRaftLogWorker (SegmentedRaftLogWorker.java:lambda$new$0(133)) - 0014d44f-57a6-4d7b-99a8-c9e31c05b4da@group-BF6D5A309C7F-SegmentedRaftLogWorker: flushIndex: setUnconditionally 0 -> -1
2021-10-24 01:33:54,388 [pool-245-thread-1] INFO  segmented.SegmentedRaftLogWorker (SegmentedRaftLogWorker.java:lambda$new$0(133)) - 0014d44f-57a6-4d7b-99a8-c9e31c05b4da@group-BF6D5A309C7F-SegmentedRaftLogWorker: safeCacheEvictIndex: setUnconditionally 0 -> -1
2021-10-24 01:33:54,389 [pool-245-thread-1] INFO  server.RaftServerConfigKeys (ConfUtils.java:logGet(44)) - raft.server.snapshot.auto.trigger.enabled = true (custom)
2021-10-24 01:33:54,389 [pool-245-thread-1] INFO  server.RaftServerConfigKeys (ConfUtils.java:logGet(44)) - raft.server.snapshot.auto.trigger.threshold = 10000 (custom)
2021-10-24 01:33:54,389 [pool-245-thread-1] INFO  server.RaftServerConfigKeys (ConfUtils.java:logGet(44)) - raft.server.snapshot.retention.file.num = 5 (custom)
2021-10-24 01:33:54,389 [pool-245-thread-1] INFO  server.RaftServerConfigKeys (ConfUtils.java:logGet(44)) - raft.server.log.purge.upto.snapshot.index = false (default)
2021-10-24 01:33:54,389 [pool-245-thread-1] INFO  server.RaftServerConfigKeys (ConfUtils.java:logGet(44)) - raft.server.retrycache.expirytime = 600000ms (custom)
2021-10-24 01:33:54,389 [pool-245-thread-1] INFO  server.RaftServerConfigKeys (ConfUtils.java:logGet(44)) - raft.server.retrycache.statistics.expirytime = 100μs (default)
2021-10-24 01:33:54,390 [pool-245-thread-1] INFO  server.RaftServer$Division (RaftServerImpl.java:start(301)) - 0014d44f-57a6-4d7b-99a8-c9e31c05b4da@group-BF6D5A309C7F: start as a follower, conf=-1: [0014d44f-57a6-4d7b-99a8-c9e31c05b4da|rpc:10.1.0.11:43619|priority:1], old=null
2021-10-24 01:33:54,390 [pool-245-thread-1] INFO  server.RaftServer$Division (RaftServerImpl.java:setRole(290)) - 0014d44f-57a6-4d7b-99a8-c9e31c05b4da@group-BF6D5A309C7F: changes role from      null to FOLLOWER at term 0 for startAsFollower
2021-10-24 01:33:54,390 [pool-245-thread-1] INFO  impl.RoleInfo (RoleInfo.java:updateAndGet(130)) - 0014d44f-57a6-4d7b-99a8-c9e31c05b4da: start 0014d44f-57a6-4d7b-99a8-c9e31c05b4da@group-BF6D5A309C7F-FollowerState
2021-10-24 01:33:54,390 [pool-245-thread-1] INFO  util.JmxRegister (JmxRegister.java:tryRegister(44)) - Successfully registered JMX Bean with object name Ratis:service=RaftServer,group=group-BF6D5A309C7F,id=0014d44f-57a6-4d7b-99a8-c9e31c05b4da
2021-10-24 01:33:54,391 [Command processor thread] INFO  ratis.XceiverServerRatis (XceiverServerRatis.java:addGroup(768)) - Created group PipelineID=d8229679-76b3-4b01-8a50-bf6d5a309c7f
2021-10-24 01:33:54,391 [Command processor thread] INFO  commandhandler.CreatePipelineCommandHandler (CreatePipelineCommandHandler.java:handle(106)) - Created Pipeline RATIS ONE PipelineID=d8229679-76b3-4b01-8a50-bf6d5a309c7f.
2021-10-24 01:33:54,759 [Listener at 127.0.0.1/37371] INFO  ozone.MiniOzoneClusterImpl (MiniOzoneClusterImpl.java:lambda$waitForClusterToBeReady$0(235)) - Nodes are ready. Got 3 of 3 DN Heartbeats.
2021-10-24 01:33:54,759 [Listener at 127.0.0.1/37371] INFO  ozone.MiniOzoneClusterImpl (MiniOzoneClusterImpl.java:lambda$waitForClusterToBeReady$0(238)) - Waiting for cluster to exit safe mode
2021-10-24 01:33:54,759 [Listener at 127.0.0.1/37371] INFO  ozone.MiniOzoneClusterImpl (MiniOzoneClusterImpl.java:lambda$waitForClusterToBeReady$0(240)) - SCM became leader
2021-10-24 01:33:54,774 [Command processor thread] INFO  server.RaftServer (RaftServerProxy.java:addNew(95)) - a92b67d1-e676-4bfd-b773-60efead6e052: addNew group-8D3BF6E7BA30:[a92b67d1-e676-4bfd-b773-60efead6e052|rpc:10.1.0.11:32963|priority:1] returns group-8D3BF6E7BA30:java.util.concurrent.CompletableFuture@7686523a[Not completed]
2021-10-24 01:33:54,775 [pool-264-thread-1] INFO  server.RaftServer$Division (RaftServerImpl.java:<init>(184)) - a92b67d1-e676-4bfd-b773-60efead6e052: new RaftServerImpl for group-8D3BF6E7BA30:[a92b67d1-e676-4bfd-b773-60efead6e052|rpc:10.1.0.11:32963|priority:1] with ContainerStateMachine:uninitialized
2021-10-24 01:33:54,775 [pool-264-thread-1] INFO  server.RaftServerConfigKeys (ConfUtils.java:logGet(44)) - raft.server.rpc.timeout.min = 5s (custom)
2021-10-24 01:33:54,775 [pool-264-thread-1] INFO  server.RaftServerConfigKeys (ConfUtils.java:logGet(44)) - raft.server.rpc.timeout.max = 5200ms (custom)
2021-10-24 01:33:54,775 [pool-264-thread-1] INFO  server.RaftServerConfigKeys (ConfUtils.java:logGet(44)) - raft.server.rpc.sleep.time = 25ms (default)
2021-10-24 01:33:54,775 [pool-264-thread-1] INFO  server.RaftServerConfigKeys (ConfUtils.java:logGet(44)) - raft.server.rpc.slowness.timeout = 300s (custom)
2021-10-24 01:33:54,775 [pool-264-thread-1] INFO  server.RaftServerConfigKeys (ConfUtils.java:logGet(44)) - raft.server.leaderelection.leader.step-down.wait-time = 10s (default)
2021-10-24 01:33:54,775 [pool-264-thread-1] INFO  server.RaftServerConfigKeys (ConfUtils.java:logGet(44)) - raft.server.sleep.deviation.threshold = 300ms (default)
2021-10-24 01:33:54,775 [pool-264-thread-1] INFO  server.RaftServerConfigKeys (ConfUtils.java:logGet(44)) - raft.server.log.appender.install.snapshot.enabled = false (custom)
2021-10-24 01:33:54,776 [pool-264-thread-1] INFO  server.RaftServer$Division (ServerState.java:<init>(105)) - a92b67d1-e676-4bfd-b773-60efead6e052@group-8D3BF6E7BA30: ConfigurationManager, init=-1: [a92b67d1-e676-4bfd-b773-60efead6e052|rpc:10.1.0.11:32963|priority:1], old=null, confs=<EMPTY_MAP>
2021-10-24 01:33:54,776 [pool-264-thread-1] INFO  server.RaftServerConfigKeys (ConfUtils.java:logGet(44)) - raft.server.storage.dir = [/home/runner/work/ozone/ozone/hadoop-ozone/integration-test/target/test-dir/MiniOzoneClusterImpl-486ed80b-b12a-4e60-b5dc-4c94b273e9da/datanode-2/data/ratis] (custom)
2021-10-24 01:33:54,776 [pool-264-thread-1] INFO  server.RaftServerConfigKeys (ConfUtils.java:logGet(44)) - raft.server.log.corruption.policy = EXCEPTION (default)
2021-10-24 01:33:54,776 [pool-264-thread-1] INFO  server.RaftServerConfigKeys (ConfUtils.java:logGet(44)) - raft.server.storage.free-space.min = 0MB (=0) (default)
2021-10-24 01:33:54,776 [pool-264-thread-1] INFO  storage.RaftStorageDirectory (RaftStorageDirectoryImpl.java:analyzeStorage(135)) - The storage directory /home/runner/work/ozone/ozone/hadoop-ozone/integration-test/target/test-dir/MiniOzoneClusterImpl-486ed80b-b12a-4e60-b5dc-4c94b273e9da/datanode-2/data/ratis/617166f7-0180-4545-97af-8d3bf6e7ba30 does not exist. Creating ...
2021-10-24 01:33:54,777 [pool-264-thread-1] INFO  storage.RaftStorageDirectory (RaftStorageDirectoryImpl.java:tryLock(230)) - Lock on /home/runner/work/ozone/ozone/hadoop-ozone/integration-test/target/test-dir/MiniOzoneClusterImpl-486ed80b-b12a-4e60-b5dc-4c94b273e9da/datanode-2/data/ratis/617166f7-0180-4545-97af-8d3bf6e7ba30/in_use.lock acquired by nodename 19540@fv-az12-887
2021-10-24 01:33:54,778 [pool-264-thread-1] INFO  storage.RaftStorage (RaftStorageImpl.java:format(89)) - Storage directory /home/runner/work/ozone/ozone/hadoop-ozone/integration-test/target/test-dir/MiniOzoneClusterImpl-486ed80b-b12a-4e60-b5dc-4c94b273e9da/datanode-2/data/ratis/617166f7-0180-4545-97af-8d3bf6e7ba30 has been successfully formatted.
2021-10-24 01:33:54,778 [pool-264-thread-1] INFO  ratis.ContainerStateMachine (ContainerStateMachine.java:loadSnapshot(224)) - group-8D3BF6E7BA30: The snapshot info is null. Setting the last applied indexto:(t:0, i:~)
2021-10-24 01:33:54,778 [pool-264-thread-1] INFO  server.RaftServerConfigKeys (ConfUtils.java:logGet(44)) - raft.server.notification.no-leader.timeout = 300s (custom)
2021-10-24 01:33:54,778 [pool-264-thread-1] INFO  server.RaftServerConfigKeys (ConfUtils.java:logGet(44)) - raft.server.log.use.memory = false (default)
2021-10-24 01:33:54,778 [pool-264-thread-1] INFO  server.RaftServerConfigKeys (ConfUtils.java:logGet(44)) - raft.server.log.purge.gap = 1000000 (custom)
2021-10-24 01:33:54,779 [pool-264-thread-1] INFO  server.RaftServerConfigKeys (ConfUtils.java:logGet(44)) - raft.server.log.appender.buffer.byte-limit = 33554432 (custom)
2021-10-24 01:33:54,779 [pool-264-thread-1] INFO  server.RaftServerConfigKeys (ConfUtils.java:logGet(44)) - raft.server.log.segment.size.max = 1048576 (custom)
2021-10-24 01:33:54,779 [pool-264-thread-1] INFO  server.RaftServerConfigKeys (ConfUtils.java:logGet(44)) - raft.server.log.segment.cache.num.max = 2 (custom)
2021-10-24 01:33:54,779 [pool-264-thread-1] INFO  server.RaftServerConfigKeys (ConfUtils.java:logGet(44)) - raft.server.log.segment.cache.size.max = 200MB (=209715200) (default)
2021-10-24 01:33:54,779 [pool-264-thread-1] INFO  segmented.SegmentedRaftLogWorker (SegmentedRaftLogWorker.java:<init>(182)) - new a92b67d1-e676-4bfd-b773-60efead6e052@group-8D3BF6E7BA30-SegmentedRaftLogWorker for RaftStorageImpl:Storage Directory /home/runner/work/ozone/ozone/hadoop-ozone/integration-test/target/test-dir/MiniOzoneClusterImpl-486ed80b-b12a-4e60-b5dc-4c94b273e9da/datanode-2/data/ratis/617166f7-0180-4545-97af-8d3bf6e7ba30
2021-10-24 01:33:54,779 [pool-264-thread-1] INFO  server.RaftServerConfigKeys (ConfUtils.java:logGet(44)) - raft.server.log.queue.byte-limit = 2147483647 (custom)
2021-10-24 01:33:54,779 [pool-264-thread-1] INFO  server.RaftServerConfigKeys (ConfUtils.java:logGet(44)) - raft.server.log.queue.element-limit = 1024 (custom)
2021-10-24 01:33:54,779 [pool-264-thread-1] INFO  server.RaftServerConfigKeys (ConfUtils.java:logGet(44)) - raft.server.log.segment.size.max = 1048576 (custom)
2021-10-24 01:33:54,779 [pool-264-thread-1] INFO  server.RaftServerConfigKeys (ConfUtils.java:logGet(44)) - raft.server.log.preallocated.size = 16384 (custom)
2021-10-24 01:33:54,779 [pool-264-thread-1] INFO  server.RaftServerConfigKeys (ConfUtils.java:logGet(44)) - raft.server.log.force.sync.num = 128 (default)
2021-10-24 01:33:54,779 [pool-264-thread-1] INFO  server.RaftServerConfigKeys (ConfUtils.java:logGet(44)) - raft.server.log.statemachine.data.sync = true (default)
2021-10-24 01:33:54,779 [pool-264-thread-1] INFO  server.RaftServerConfigKeys (ConfUtils.java:logGet(44)) - raft.server.log.statemachine.data.sync.timeout = 10s (default)
2021-10-24 01:33:54,780 [pool-264-thread-1] INFO  server.RaftServerConfigKeys (ConfUtils.java:logGet(44)) - raft.server.log.statemachine.data.sync.timeout.retry = -1 (default)
2021-10-24 01:33:54,783 [EventQueue-PipelineReportForPipelineReportHandler] INFO  pipeline.PipelineManagerImpl (PipelineManagerImpl.java:openPipeline(282)) - Pipeline Pipeline[ Id: 617166f7-0180-4545-97af-8d3bf6e7ba30, Nodes: a92b67d1-e676-4bfd-b773-60efead6e052{ip: 10.1.0.11, host: fv-az12-887.exdb2aeach2ezidoxz41lk3bwg.cx.internal.cloudapp.net, ports: [REPLICATION=41449, RATIS=32963, RATIS_ADMIN=32963, RATIS_SERVER=32963, STANDALONE=41535], networkLocation: /default-rack, certSerialId: null, persistedOpState: IN_SERVICE, persistedOpStateExpiryEpochSec: 0}, ReplicationConfig: RATIS/ONE, State:ALLOCATED, leaderId:a92b67d1-e676-4bfd-b773-60efead6e052, CreationTimestamp2021-10-24T01:33:51.789Z[Etc/UTC]] moved to OPEN state
2021-10-24 01:33:54,783 [EventQueue-OpenPipelineForHealthyPipelineSafeModeRule] INFO  safemode.SCMSafeModeManager (HealthyPipelineSafeModeRule.java:process(124)) - SCM in safe mode. Healthy pipelines reported count is 0, required healthy pipeline reported count is 1
2021-10-24 01:33:54,785 [pool-264-thread-1] INFO  server.RaftServerConfigKeys (ConfUtils.java:logGet(44)) - raft.server.log.write.buffer.size = 1048576 (custom)
2021-10-24 01:33:54,793 [pool-264-thread-1] INFO  server.RaftServerConfigKeys (ConfUtils.java:logGet(44)) - raft.server.log.statemachine.data.caching.enabled = true (custom)
2021-10-24 01:33:54,793 [pool-264-thread-1] INFO  segmented.SegmentedRaftLogWorker (SegmentedRaftLogWorker.java:lambda$new$0(133)) - a92b67d1-e676-4bfd-b773-60efead6e052@group-8D3BF6E7BA30-SegmentedRaftLogWorker: flushIndex: setUnconditionally 0 -> -1
2021-10-24 01:33:54,793 [pool-264-thread-1] INFO  segmented.SegmentedRaftLogWorker (SegmentedRaftLogWorker.java:lambda$new$0(133)) - a92b67d1-e676-4bfd-b773-60efead6e052@group-8D3BF6E7BA30-SegmentedRaftLogWorker: safeCacheEvictIndex: setUnconditionally 0 -> -1
2021-10-24 01:33:54,800 [pool-264-thread-1] INFO  server.RaftServerConfigKeys (ConfUtils.java:logGet(44)) - raft.server.snapshot.auto.trigger.enabled = true (custom)
2021-10-24 01:33:54,800 [pool-264-thread-1] INFO  server.RaftServerConfigKeys (ConfUtils.java:logGet(44)) - raft.server.snapshot.auto.trigger.threshold = 10000 (custom)
2021-10-24 01:33:54,800 [pool-264-thread-1] INFO  server.RaftServerConfigKeys (ConfUtils.java:logGet(44)) - raft.server.snapshot.retention.file.num = 5 (custom)
2021-10-24 01:33:54,800 [pool-264-thread-1] INFO  server.RaftServerConfigKeys (ConfUtils.java:logGet(44)) - raft.server.log.purge.upto.snapshot.index = false (default)
2021-10-24 01:33:54,801 [pool-264-thread-1] INFO  server.RaftServerConfigKeys (ConfUtils.java:logGet(44)) - raft.server.retrycache.expirytime = 600000ms (custom)
2021-10-24 01:33:54,801 [pool-264-thread-1] INFO  server.RaftServerConfigKeys (ConfUtils.java:logGet(44)) - raft.server.retrycache.statistics.expirytime = 100μs (default)
2021-10-24 01:33:54,802 [pool-264-thread-1] INFO  server.RaftServer$Division (RaftServerImpl.java:start(301)) - a92b67d1-e676-4bfd-b773-60efead6e052@group-8D3BF6E7BA30: start as a follower, conf=-1: [a92b67d1-e676-4bfd-b773-60efead6e052|rpc:10.1.0.11:32963|priority:1], old=null
2021-10-24 01:33:54,802 [pool-264-thread-1] INFO  server.RaftServer$Division (RaftServerImpl.java:setRole(290)) - a92b67d1-e676-4bfd-b773-60efead6e052@group-8D3BF6E7BA30: changes role from      null to FOLLOWER at term 0 for startAsFollower
2021-10-24 01:33:54,802 [pool-264-thread-1] INFO  impl.RoleInfo (RoleInfo.java:updateAndGet(130)) - a92b67d1-e676-4bfd-b773-60efead6e052: start a92b67d1-e676-4bfd-b773-60efead6e052@group-8D3BF6E7BA30-FollowerState
2021-10-24 01:33:54,808 [pool-264-thread-1] INFO  util.JmxRegister (JmxRegister.java:tryRegister(44)) - Successfully registered JMX Bean with object name Ratis:service=RaftServer,group=group-8D3BF6E7BA30,id=a92b67d1-e676-4bfd-b773-60efead6e052
2021-10-24 01:33:54,809 [Command processor thread] INFO  ratis.XceiverServerRatis (XceiverServerRatis.java:addGroup(768)) - Created group PipelineID=617166f7-0180-4545-97af-8d3bf6e7ba30
2021-10-24 01:33:54,809 [Command processor thread] INFO  commandhandler.CreatePipelineCommandHandler (CreatePipelineCommandHandler.java:handle(106)) - Created Pipeline RATIS ONE PipelineID=617166f7-0180-4545-97af-8d3bf6e7ba30.
2021-10-24 01:33:55,759 [Listener at 127.0.0.1/37371] INFO  ozone.MiniOzoneClusterImpl (MiniOzoneClusterImpl.java:lambda$waitForClusterToBeReady$0(235)) - Nodes are ready. Got 3 of 3 DN Heartbeats.
2021-10-24 01:33:55,760 [Listener at 127.0.0.1/37371] INFO  ozone.MiniOzoneClusterImpl (MiniOzoneClusterImpl.java:lambda$waitForClusterToBeReady$0(238)) - Waiting for cluster to exit safe mode
2021-10-24 01:33:55,760 [Listener at 127.0.0.1/37371] INFO  ozone.MiniOzoneClusterImpl (MiniOzoneClusterImpl.java:lambda$waitForClusterToBeReady$0(240)) - SCM became leader
2021-10-24 01:33:56,760 [Listener at 127.0.0.1/37371] INFO  ozone.MiniOzoneClusterImpl (MiniOzoneClusterImpl.java:lambda$waitForClusterToBeReady$0(235)) - Nodes are ready. Got 3 of 3 DN Heartbeats.
2021-10-24 01:33:56,760 [Listener at 127.0.0.1/37371] INFO  ozone.MiniOzoneClusterImpl (MiniOzoneClusterImpl.java:lambda$waitForClusterToBeReady$0(238)) - Waiting for cluster to exit safe mode
2021-10-24 01:33:56,760 [Listener at 127.0.0.1/37371] INFO  ozone.MiniOzoneClusterImpl (MiniOzoneClusterImpl.java:lambda$waitForClusterToBeReady$0(240)) - SCM became leader
2021-10-24 01:33:57,760 [Listener at 127.0.0.1/37371] INFO  ozone.MiniOzoneClusterImpl (MiniOzoneClusterImpl.java:lambda$waitForClusterToBeReady$0(235)) - Nodes are ready. Got 3 of 3 DN Heartbeats.
2021-10-24 01:33:57,761 [Listener at 127.0.0.1/37371] INFO  ozone.MiniOzoneClusterImpl (MiniOzoneClusterImpl.java:lambda$waitForClusterToBeReady$0(238)) - Waiting for cluster to exit safe mode
2021-10-24 01:33:57,761 [Listener at 127.0.0.1/37371] INFO  ozone.MiniOzoneClusterImpl (MiniOzoneClusterImpl.java:lambda$waitForClusterToBeReady$0(240)) - SCM became leader
2021-10-24 01:33:58,761 [Listener at 127.0.0.1/37371] INFO  ozone.MiniOzoneClusterImpl (MiniOzoneClusterImpl.java:lambda$waitForClusterToBeReady$0(235)) - Nodes are ready. Got 3 of 3 DN Heartbeats.
2021-10-24 01:33:58,761 [Listener at 127.0.0.1/37371] INFO  ozone.MiniOzoneClusterImpl (MiniOzoneClusterImpl.java:lambda$waitForClusterToBeReady$0(238)) - Waiting for cluster to exit safe mode
2021-10-24 01:33:58,761 [Listener at 127.0.0.1/37371] INFO  ozone.MiniOzoneClusterImpl (MiniOzoneClusterImpl.java:lambda$waitForClusterToBeReady$0(240)) - SCM became leader
2021-10-24 01:33:58,916 [82e1ff8b-aab7-4b8c-8207-e5ba7d0f8a1f@group-22EA485ADCA4-FollowerState] INFO  impl.FollowerState (FollowerState.java:run(134)) - 82e1ff8b-aab7-4b8c-8207-e5ba7d0f8a1f@group-22EA485ADCA4-FollowerState: change to CANDIDATE, lastRpcElapsedTime:5021543254ns, electionTimeout:5015ms
2021-10-24 01:33:58,916 [82e1ff8b-aab7-4b8c-8207-e5ba7d0f8a1f@group-22EA485ADCA4-FollowerState] INFO  impl.RoleInfo (RoleInfo.java:shutdownFollowerState(108)) - 82e1ff8b-aab7-4b8c-8207-e5ba7d0f8a1f: shutdown 82e1ff8b-aab7-4b8c-8207-e5ba7d0f8a1f@group-22EA485ADCA4-FollowerState
2021-10-24 01:33:58,916 [82e1ff8b-aab7-4b8c-8207-e5ba7d0f8a1f@group-22EA485ADCA4-FollowerState] INFO  server.RaftServer$Division (RaftServerImpl.java:setRole(290)) - 82e1ff8b-aab7-4b8c-8207-e5ba7d0f8a1f@group-22EA485ADCA4: changes role from  FOLLOWER to CANDIDATE at term 0 for changeToCandidate
2021-10-24 01:33:58,917 [82e1ff8b-aab7-4b8c-8207-e5ba7d0f8a1f@group-22EA485ADCA4-FollowerState] INFO  server.RaftServerConfigKeys (ConfUtils.java:logGet(44)) - raft.server.leaderelection.pre-vote = false (custom)
2021-10-24 01:33:58,917 [82e1ff8b-aab7-4b8c-8207-e5ba7d0f8a1f@group-22EA485ADCA4-FollowerState] INFO  impl.RoleInfo (RoleInfo.java:updateAndGet(130)) - 82e1ff8b-aab7-4b8c-8207-e5ba7d0f8a1f: start 82e1ff8b-aab7-4b8c-8207-e5ba7d0f8a1f@group-22EA485ADCA4-LeaderElection9
2021-10-24 01:33:58,938 [82e1ff8b-aab7-4b8c-8207-e5ba7d0f8a1f@group-22EA485ADCA4-LeaderElection9] INFO  impl.LeaderElection (LeaderElection.java:askForVotes(306)) - 82e1ff8b-aab7-4b8c-8207-e5ba7d0f8a1f@group-22EA485ADCA4-LeaderElection9 ELECTION round 0: submit vote requests at term 1 for -1: [82e1ff8b-aab7-4b8c-8207-e5ba7d0f8a1f|rpc:10.1.0.11:39599|priority:1], old=null
2021-10-24 01:33:58,938 [82e1ff8b-aab7-4b8c-8207-e5ba7d0f8a1f@group-22EA485ADCA4-LeaderElection9] INFO  impl.LeaderElection (LeaderElection.java:askForVotes(308)) - 82e1ff8b-aab7-4b8c-8207-e5ba7d0f8a1f@group-22EA485ADCA4-LeaderElection9 ELECTION round 0: result PASSED (term=1)
2021-10-24 01:33:58,938 [82e1ff8b-aab7-4b8c-8207-e5ba7d0f8a1f@group-22EA485ADCA4-LeaderElection9] INFO  impl.RoleInfo (RoleInfo.java:shutdownLeaderElection(121)) - 82e1ff8b-aab7-4b8c-8207-e5ba7d0f8a1f: shutdown 82e1ff8b-aab7-4b8c-8207-e5ba7d0f8a1f@group-22EA485ADCA4-LeaderElection9
2021-10-24 01:33:58,938 [82e1ff8b-aab7-4b8c-8207-e5ba7d0f8a1f@group-22EA485ADCA4-LeaderElection9] INFO  server.RaftServer$Division (RaftServerImpl.java:setRole(290)) - 82e1ff8b-aab7-4b8c-8207-e5ba7d0f8a1f@group-22EA485ADCA4: changes role from CANDIDATE to LEADER at term 1 for changeToLeader
2021-10-24 01:33:58,938 [82e1ff8b-aab7-4b8c-8207-e5ba7d0f8a1f@group-22EA485ADCA4-LeaderElection9] INFO  ratis.XceiverServerRatis (XceiverServerRatis.java:handleLeaderChangedNotification(866)) - Leader change notification received for group: group-22EA485ADCA4 with new leaderId: 82e1ff8b-aab7-4b8c-8207-e5ba7d0f8a1f
2021-10-24 01:33:58,940 [EventQueue-OpenPipelineForHealthyPipelineSafeModeRule] INFO  safemode.SCMSafeModeManager (HealthyPipelineSafeModeRule.java:process(124)) - SCM in safe mode. Healthy pipelines reported count is 0, required healthy pipeline reported count is 1
2021-10-24 01:33:58,952 [82e1ff8b-aab7-4b8c-8207-e5ba7d0f8a1f@group-22EA485ADCA4-LeaderElection9] INFO  server.RaftServer$Division (ServerState.java:setLeader(285)) - 82e1ff8b-aab7-4b8c-8207-e5ba7d0f8a1f@group-22EA485ADCA4: change Leader from null to 82e1ff8b-aab7-4b8c-8207-e5ba7d0f8a1f at term 1 for becomeLeader, leader elected after 5073ms
2021-10-24 01:33:58,952 [82e1ff8b-aab7-4b8c-8207-e5ba7d0f8a1f@group-22EA485ADCA4-LeaderElection9] INFO  server.RaftServerConfigKeys (ConfUtils.java:logGet(44)) - raft.server.staging.catchup.gap = 1000 (default)
2021-10-24 01:33:58,953 [82e1ff8b-aab7-4b8c-8207-e5ba7d0f8a1f@group-22EA485ADCA4-LeaderElection9] INFO  server.RaftServerConfigKeys (ConfUtils.java:logGet(44)) - raft.server.write.element-limit = 1024 (custom)
2021-10-24 01:33:58,953 [82e1ff8b-aab7-4b8c-8207-e5ba7d0f8a1f@group-22EA485ADCA4-LeaderElection9] INFO  server.RaftServerConfigKeys (ConfUtils.java:logGet(44)) - raft.server.write.byte-limit = 1024 M (=1073741824) (custom)
2021-10-24 01:33:58,953 [82e1ff8b-aab7-4b8c-8207-e5ba7d0f8a1f@group-22EA485ADCA4-LeaderElection9] INFO  server.RaftServerConfigKeys (ConfUtils.java:logGet(44)) - raft.server.watch.timeout = 180s (custom)
2021-10-24 01:33:58,953 [82e1ff8b-aab7-4b8c-8207-e5ba7d0f8a1f@group-22EA485ADCA4-LeaderElection9] INFO  server.RaftServerConfigKeys (ConfUtils.java:logGet(44)) - raft.server.watch.timeout.denomination = 1s (default)
2021-10-24 01:33:58,953 [82e1ff8b-aab7-4b8c-8207-e5ba7d0f8a1f@group-22EA485ADCA4-LeaderElection9] INFO  server.RaftServerConfigKeys (ConfUtils.java:logGet(44)) - raft.server.watch.element-limit = 65536 (default)
2021-10-24 01:33:58,953 [82e1ff8b-aab7-4b8c-8207-e5ba7d0f8a1f@group-22EA485ADCA4-LeaderElection9] INFO  server.RaftServerConfigKeys (ConfUtils.java:logGet(44)) - raft.server.write.element-limit = 1024 (custom)
2021-10-24 01:33:58,953 [82e1ff8b-aab7-4b8c-8207-e5ba7d0f8a1f@group-22EA485ADCA4-LeaderElection9] INFO  server.RaftServerConfigKeys (ConfUtils.java:logGet(44)) - raft.server.write.follower.gap.ratio.max = -1.0 (default)
2021-10-24 01:33:58,953 [82e1ff8b-aab7-4b8c-8207-e5ba7d0f8a1f@group-22EA485ADCA4-LeaderElection9] INFO  impl.RoleInfo (RoleInfo.java:updateAndGet(130)) - 82e1ff8b-aab7-4b8c-8207-e5ba7d0f8a1f: start 82e1ff8b-aab7-4b8c-8207-e5ba7d0f8a1f@group-22EA485ADCA4-LeaderStateImpl
2021-10-24 01:33:58,954 [82e1ff8b-aab7-4b8c-8207-e5ba7d0f8a1f@group-22EA485ADCA4-LeaderElection9] INFO  segmented.SegmentedRaftLogWorker (SegmentedRaftLogWorker.java:startLogSegment(394)) - 82e1ff8b-aab7-4b8c-8207-e5ba7d0f8a1f@group-22EA485ADCA4-SegmentedRaftLogWorker: Starting segment from index:0
2021-10-24 01:33:58,955 [82e1ff8b-aab7-4b8c-8207-e5ba7d0f8a1f@group-22EA485ADCA4-SegmentedRaftLogWorker] INFO  segmented.SegmentedRaftLogWorker (SegmentedRaftLogWorker.java:execute(601)) - 82e1ff8b-aab7-4b8c-8207-e5ba7d0f8a1f@group-22EA485ADCA4-SegmentedRaftLogWorker: created new log segment /home/runner/work/ozone/ozone/hadoop-ozone/integration-test/target/test-dir/MiniOzoneClusterImpl-486ed80b-b12a-4e60-b5dc-4c94b273e9da/datanode-0/data/ratis/00905783-30fd-4950-bc9a-22ea485adca4/current/log_inprogress_0
2021-10-24 01:33:58,969 [82e1ff8b-aab7-4b8c-8207-e5ba7d0f8a1f@group-22EA485ADCA4-LeaderElection9] INFO  server.RaftServer$Division (ServerState.java:setRaftConf(387)) - 82e1ff8b-aab7-4b8c-8207-e5ba7d0f8a1f@group-22EA485ADCA4: set configuration 0: [82e1ff8b-aab7-4b8c-8207-e5ba7d0f8a1f|rpc:10.1.0.11:39599|dataStream:|priority:1], old=null
2021-10-24 01:33:59,138 [0014d44f-57a6-4d7b-99a8-c9e31c05b4da@group-B597187EF31B-FollowerState] INFO  impl.FollowerState (FollowerState.java:run(134)) - 0014d44f-57a6-4d7b-99a8-c9e31c05b4da@group-B597187EF31B-FollowerState: change to CANDIDATE, lastRpcElapsedTime:5042172749ns, electionTimeout:5026ms
2021-10-24 01:33:59,139 [0014d44f-57a6-4d7b-99a8-c9e31c05b4da@group-B597187EF31B-FollowerState] INFO  impl.RoleInfo (RoleInfo.java:shutdownFollowerState(108)) - 0014d44f-57a6-4d7b-99a8-c9e31c05b4da: shutdown 0014d44f-57a6-4d7b-99a8-c9e31c05b4da@group-B597187EF31B-FollowerState
2021-10-24 01:33:59,139 [0014d44f-57a6-4d7b-99a8-c9e31c05b4da@group-B597187EF31B-FollowerState] INFO  server.RaftServer$Division (RaftServerImpl.java:setRole(290)) - 0014d44f-57a6-4d7b-99a8-c9e31c05b4da@group-B597187EF31B: changes role from  FOLLOWER to CANDIDATE at term 0 for changeToCandidate
2021-10-24 01:33:59,139 [0014d44f-57a6-4d7b-99a8-c9e31c05b4da@group-B597187EF31B-FollowerState] INFO  server.RaftServerConfigKeys (ConfUtils.java:logGet(44)) - raft.server.leaderelection.pre-vote = false (custom)
2021-10-24 01:33:59,139 [0014d44f-57a6-4d7b-99a8-c9e31c05b4da@group-B597187EF31B-FollowerState] INFO  impl.RoleInfo (RoleInfo.java:updateAndGet(130)) - 0014d44f-57a6-4d7b-99a8-c9e31c05b4da: start 0014d44f-57a6-4d7b-99a8-c9e31c05b4da@group-B597187EF31B-LeaderElection10
2021-10-24 01:33:59,161 [82e1ff8b-aab7-4b8c-8207-e5ba7d0f8a1f@group-B597187EF31B-FollowerState] INFO  impl.FollowerState (FollowerState.java:run(134)) - 82e1ff8b-aab7-4b8c-8207-e5ba7d0f8a1f@group-B597187EF31B-FollowerState: change to CANDIDATE, lastRpcElapsedTime:5212739517ns, electionTimeout:5191ms
2021-10-24 01:33:59,165 [82e1ff8b-aab7-4b8c-8207-e5ba7d0f8a1f@group-B597187EF31B-FollowerState] INFO  impl.RoleInfo (RoleInfo.java:shutdownFollowerState(108)) - 82e1ff8b-aab7-4b8c-8207-e5ba7d0f8a1f: shutdown 82e1ff8b-aab7-4b8c-8207-e5ba7d0f8a1f@group-B597187EF31B-FollowerState
2021-10-24 01:33:59,165 [82e1ff8b-aab7-4b8c-8207-e5ba7d0f8a1f@group-B597187EF31B-FollowerState] INFO  server.RaftServer$Division (RaftServerImpl.java:setRole(290)) - 82e1ff8b-aab7-4b8c-8207-e5ba7d0f8a1f@group-B597187EF31B: changes role from  FOLLOWER to CANDIDATE at term 0 for changeToCandidate
2021-10-24 01:33:59,165 [82e1ff8b-aab7-4b8c-8207-e5ba7d0f8a1f@group-B597187EF31B-FollowerState] INFO  server.RaftServerConfigKeys (ConfUtils.java:logGet(44)) - raft.server.leaderelection.pre-vote = false (custom)
2021-10-24 01:33:59,165 [82e1ff8b-aab7-4b8c-8207-e5ba7d0f8a1f@group-B597187EF31B-FollowerState] INFO  impl.RoleInfo (RoleInfo.java:updateAndGet(130)) - 82e1ff8b-aab7-4b8c-8207-e5ba7d0f8a1f: start 82e1ff8b-aab7-4b8c-8207-e5ba7d0f8a1f@group-B597187EF31B-LeaderElection11
2021-10-24 01:33:59,174 [0014d44f-57a6-4d7b-99a8-c9e31c05b4da@group-B597187EF31B-LeaderElection10] INFO  impl.LeaderElection (LeaderElection.java:askForVotes(306)) - 0014d44f-57a6-4d7b-99a8-c9e31c05b4da@group-B597187EF31B-LeaderElection10 ELECTION round 0: submit vote requests at term 1 for -1: [82e1ff8b-aab7-4b8c-8207-e5ba7d0f8a1f|rpc:10.1.0.11:39599|dataStream:|priority:0, a92b67d1-e676-4bfd-b773-60efead6e052|rpc:10.1.0.11:32963|dataStream:|priority:0, 0014d44f-57a6-4d7b-99a8-c9e31c05b4da|rpc:10.1.0.11:43619|dataStream:|priority:1], old=null
2021-10-24 01:33:59,199 [82e1ff8b-aab7-4b8c-8207-e5ba7d0f8a1f@group-B597187EF31B-LeaderElection11] INFO  impl.LeaderElection (LeaderElection.java:askForVotes(306)) - 82e1ff8b-aab7-4b8c-8207-e5ba7d0f8a1f@group-B597187EF31B-LeaderElection11 ELECTION round 0: submit vote requests at term 1 for -1: [82e1ff8b-aab7-4b8c-8207-e5ba7d0f8a1f|rpc:10.1.0.11:39599|priority:0, a92b67d1-e676-4bfd-b773-60efead6e052|rpc:10.1.0.11:32963|priority:0, 0014d44f-57a6-4d7b-99a8-c9e31c05b4da|rpc:10.1.0.11:43619|priority:1], old=null
2021-10-24 01:33:59,249 [grpc-default-executor-0] INFO  server.RaftServer$Division (RaftServerImpl.java:requestVote(1046)) - 82e1ff8b-aab7-4b8c-8207-e5ba7d0f8a1f@group-B597187EF31B: receive requestVote(ELECTION, 0014d44f-57a6-4d7b-99a8-c9e31c05b4da, group-B597187EF31B, 1, (t:0, i:0))
2021-10-24 01:33:59,270 [grpc-default-executor-0] INFO  impl.VoteContext (VoteContext.java:log(48)) - 82e1ff8b-aab7-4b8c-8207-e5ba7d0f8a1f@group-B597187EF31B-CANDIDATE: reject ELECTION from 0014d44f-57a6-4d7b-99a8-c9e31c05b4da: already has voted for 82e1ff8b-aab7-4b8c-8207-e5ba7d0f8a1f at current term 1
2021-10-24 01:33:59,270 [grpc-default-executor-0] INFO  server.RaftServer$Division (RaftServerImpl.java:requestVote(1078)) - 82e1ff8b-aab7-4b8c-8207-e5ba7d0f8a1f@group-B597187EF31B replies to ELECTION vote request: 0014d44f-57a6-4d7b-99a8-c9e31c05b4da<-82e1ff8b-aab7-4b8c-8207-e5ba7d0f8a1f#0:FAIL-t1. Peer's state: 82e1ff8b-aab7-4b8c-8207-e5ba7d0f8a1f@group-B597187EF31B:t1, leader=null, voted=82e1ff8b-aab7-4b8c-8207-e5ba7d0f8a1f, raftlog=82e1ff8b-aab7-4b8c-8207-e5ba7d0f8a1f@group-B597187EF31B-SegmentedRaftLog:OPENED:c-1, conf=-1: [82e1ff8b-aab7-4b8c-8207-e5ba7d0f8a1f|rpc:10.1.0.11:39599|priority:0, a92b67d1-e676-4bfd-b773-60efead6e052|rpc:10.1.0.11:32963|priority:0, 0014d44f-57a6-4d7b-99a8-c9e31c05b4da|rpc:10.1.0.11:43619|priority:1], old=null
2021-10-24 01:33:59,296 [grpc-default-executor-1] INFO  server.RaftServer$Division (RaftServerImpl.java:requestVote(1046)) - a92b67d1-e676-4bfd-b773-60efead6e052@group-B597187EF31B: receive requestVote(ELECTION, 82e1ff8b-aab7-4b8c-8207-e5ba7d0f8a1f, group-B597187EF31B, 1, (t:0, i:0))
2021-10-24 01:33:59,301 [grpc-default-executor-1] INFO  impl.VoteContext (VoteContext.java:log(48)) - a92b67d1-e676-4bfd-b773-60efead6e052@group-B597187EF31B-FOLLOWER: accept ELECTION from 82e1ff8b-aab7-4b8c-8207-e5ba7d0f8a1f: our priority 0 <= candidate's priority 0
2021-10-24 01:33:59,301 [grpc-default-executor-1] INFO  server.RaftServer$Division (RaftServerImpl.java:setRole(290)) - a92b67d1-e676-4bfd-b773-60efead6e052@group-B597187EF31B: changes role from  FOLLOWER to FOLLOWER at term 1 for candidate:82e1ff8b-aab7-4b8c-8207-e5ba7d0f8a1f
2021-10-24 01:33:59,301 [grpc-default-executor-1] INFO  impl.RoleInfo (RoleInfo.java:shutdownFollowerState(108)) - a92b67d1-e676-4bfd-b773-60efead6e052: shutdown a92b67d1-e676-4bfd-b773-60efead6e052@group-B597187EF31B-FollowerState
2021-10-24 01:33:59,301 [grpc-default-executor-1] INFO  impl.RoleInfo (RoleInfo.java:updateAndGet(130)) - a92b67d1-e676-4bfd-b773-60efead6e052: start a92b67d1-e676-4bfd-b773-60efead6e052@group-B597187EF31B-FollowerState
2021-10-24 01:33:59,301 [a92b67d1-e676-4bfd-b773-60efead6e052@group-B597187EF31B-FollowerState] INFO  impl.FollowerState (FollowerState.java:run(143)) - a92b67d1-e676-4bfd-b773-60efead6e052@group-B597187EF31B-FollowerState was interrupted: {}
java.lang.InterruptedException: sleep interrupted
	at java.lang.Thread.sleep(Native Method)
	at java.lang.Thread.sleep(Thread.java:340)
	at java.util.concurrent.TimeUnit.sleep(TimeUnit.java:386)
	at org.apache.ratis.util.TimeDuration.sleep(TimeDuration.java:324)
	at org.apache.ratis.util.TimeDuration.sleep(TimeDuration.java:309)
	at org.apache.ratis.server.impl.FollowerState.run(FollowerState.java:118)
2021-10-24 01:33:59,297 [grpc-default-executor-2] INFO  server.RaftServer$Division (RaftServerImpl.java:requestVote(1046)) - 0014d44f-57a6-4d7b-99a8-c9e31c05b4da@group-B597187EF31B: receive requestVote(ELECTION, 82e1ff8b-aab7-4b8c-8207-e5ba7d0f8a1f, group-B597187EF31B, 1, (t:0, i:0))
2021-10-24 01:33:59,303 [grpc-default-executor-1] INFO  server.RaftServer$Division (RaftServerImpl.java:requestVote(1078)) - a92b67d1-e676-4bfd-b773-60efead6e052@group-B597187EF31B replies to ELECTION vote request: 82e1ff8b-aab7-4b8c-8207-e5ba7d0f8a1f<-a92b67d1-e676-4bfd-b773-60efead6e052#0:OK-t1. Peer's state: a92b67d1-e676-4bfd-b773-60efead6e052@group-B597187EF31B:t1, leader=null, voted=82e1ff8b-aab7-4b8c-8207-e5ba7d0f8a1f, raftlog=a92b67d1-e676-4bfd-b773-60efead6e052@group-B597187EF31B-SegmentedRaftLog:OPENED:c-1, conf=-1: [82e1ff8b-aab7-4b8c-8207-e5ba7d0f8a1f|rpc:10.1.0.11:39599|dataStream:|priority:0, a92b67d1-e676-4bfd-b773-60efead6e052|rpc:10.1.0.11:32963|dataStream:|priority:0, 0014d44f-57a6-4d7b-99a8-c9e31c05b4da|rpc:10.1.0.11:43619|dataStream:|priority:1], old=null
2021-10-24 01:33:59,301 [grpc-default-executor-3] INFO  server.RaftServer$Division (RaftServerImpl.java:requestVote(1046)) - a92b67d1-e676-4bfd-b773-60efead6e052@group-B597187EF31B: receive requestVote(ELECTION, 0014d44f-57a6-4d7b-99a8-c9e31c05b4da, group-B597187EF31B, 1, (t:0, i:0))
2021-10-24 01:33:59,317 [grpc-default-executor-2] INFO  impl.VoteContext (VoteContext.java:log(48)) - 0014d44f-57a6-4d7b-99a8-c9e31c05b4da@group-B597187EF31B-CANDIDATE: reject ELECTION from 82e1ff8b-aab7-4b8c-8207-e5ba7d0f8a1f: already has voted for 0014d44f-57a6-4d7b-99a8-c9e31c05b4da at current term 1
2021-10-24 01:33:59,330 [grpc-default-executor-2] INFO  server.RaftServer$Division (RaftServerImpl.java:requestVote(1078)) - 0014d44f-57a6-4d7b-99a8-c9e31c05b4da@group-B597187EF31B replies to ELECTION vote request: 82e1ff8b-aab7-4b8c-8207-e5ba7d0f8a1f<-0014d44f-57a6-4d7b-99a8-c9e31c05b4da#0:FAIL-t1. Peer's state: 0014d44f-57a6-4d7b-99a8-c9e31c05b4da@group-B597187EF31B:t1, leader=null, voted=0014d44f-57a6-4d7b-99a8-c9e31c05b4da, raftlog=0014d44f-57a6-4d7b-99a8-c9e31c05b4da@group-B597187EF31B-SegmentedRaftLog:OPENED:c-1, conf=-1: [82e1ff8b-aab7-4b8c-8207-e5ba7d0f8a1f|rpc:10.1.0.11:39599|dataStream:|priority:0, a92b67d1-e676-4bfd-b773-60efead6e052|rpc:10.1.0.11:32963|dataStream:|priority:0, 0014d44f-57a6-4d7b-99a8-c9e31c05b4da|rpc:10.1.0.11:43619|dataStream:|priority:1], old=null
2021-10-24 01:33:59,329 [grpc-default-executor-3] INFO  impl.VoteContext (VoteContext.java:log(48)) - a92b67d1-e676-4bfd-b773-60efead6e052@group-B597187EF31B-FOLLOWER: reject ELECTION from 0014d44f-57a6-4d7b-99a8-c9e31c05b4da: already has voted for 82e1ff8b-aab7-4b8c-8207-e5ba7d0f8a1f at current term 1
2021-10-24 01:33:59,330 [grpc-default-executor-3] INFO  server.RaftServer$Division (RaftServerImpl.java:requestVote(1078)) - a92b67d1-e676-4bfd-b773-60efead6e052@group-B597187EF31B replies to ELECTION vote request: 0014d44f-57a6-4d7b-99a8-c9e31c05b4da<-a92b67d1-e676-4bfd-b773-60efead6e052#0:FAIL-t1. Peer's state: a92b67d1-e676-4bfd-b773-60efead6e052@group-B597187EF31B:t1, leader=null, voted=82e1ff8b-aab7-4b8c-8207-e5ba7d0f8a1f, raftlog=a92b67d1-e676-4bfd-b773-60efead6e052@group-B597187EF31B-SegmentedRaftLog:OPENED:c-1, conf=-1: [82e1ff8b-aab7-4b8c-8207-e5ba7d0f8a1f|rpc:10.1.0.11:39599|dataStream:|priority:0, a92b67d1-e676-4bfd-b773-60efead6e052|rpc:10.1.0.11:32963|dataStream:|priority:0, 0014d44f-57a6-4d7b-99a8-c9e31c05b4da|rpc:10.1.0.11:43619|dataStream:|priority:1], old=null
2021-10-24 01:33:59,345 [82e1ff8b-aab7-4b8c-8207-e5ba7d0f8a1f@group-B597187EF31B-LeaderElection11] INFO  impl.LeaderElection (LeaderElection.java:logAndReturn(89)) - 82e1ff8b-aab7-4b8c-8207-e5ba7d0f8a1f@group-B597187EF31B-LeaderElection11: ELECTION REJECTED received 2 response(s) and 0 exception(s):
2021-10-24 01:33:59,348 [82e1ff8b-aab7-4b8c-8207-e5ba7d0f8a1f@group-B597187EF31B-LeaderElection11] INFO  impl.LeaderElection (LeaderElection.java:logAndReturn(93)) -   Response 0: 82e1ff8b-aab7-4b8c-8207-e5ba7d0f8a1f<-a92b67d1-e676-4bfd-b773-60efead6e052#0:OK-t1
2021-10-24 01:33:59,348 [82e1ff8b-aab7-4b8c-8207-e5ba7d0f8a1f@group-B597187EF31B-LeaderElection11] INFO  impl.LeaderElection (LeaderElection.java:logAndReturn(93)) -   Response 1: 82e1ff8b-aab7-4b8c-8207-e5ba7d0f8a1f<-0014d44f-57a6-4d7b-99a8-c9e31c05b4da#0:FAIL-t1
2021-10-24 01:33:59,348 [82e1ff8b-aab7-4b8c-8207-e5ba7d0f8a1f@group-B597187EF31B-LeaderElection11] INFO  impl.LeaderElection (LeaderElection.java:askForVotes(308)) - 82e1ff8b-aab7-4b8c-8207-e5ba7d0f8a1f@group-B597187EF31B-LeaderElection11 ELECTION round 0: result REJECTED
2021-10-24 01:33:59,348 [82e1ff8b-aab7-4b8c-8207-e5ba7d0f8a1f@group-B597187EF31B-LeaderElection11] INFO  server.RaftServer$Division (RaftServerImpl.java:setRole(290)) - 82e1ff8b-aab7-4b8c-8207-e5ba7d0f8a1f@group-B597187EF31B: changes role from CANDIDATE to FOLLOWER at term 1 for REJECTED
2021-10-24 01:33:59,348 [82e1ff8b-aab7-4b8c-8207-e5ba7d0f8a1f@group-B597187EF31B-LeaderElection11] INFO  impl.RoleInfo (RoleInfo.java:shutdownLeaderElection(121)) - 82e1ff8b-aab7-4b8c-8207-e5ba7d0f8a1f: shutdown 82e1ff8b-aab7-4b8c-8207-e5ba7d0f8a1f@group-B597187EF31B-LeaderElection11
2021-10-24 01:33:59,348 [82e1ff8b-aab7-4b8c-8207-e5ba7d0f8a1f@group-B597187EF31B-LeaderElection11] INFO  impl.RoleInfo (RoleInfo.java:updateAndGet(130)) - 82e1ff8b-aab7-4b8c-8207-e5ba7d0f8a1f: start 82e1ff8b-aab7-4b8c-8207-e5ba7d0f8a1f@group-B597187EF31B-FollowerState
2021-10-24 01:33:59,352 [0014d44f-57a6-4d7b-99a8-c9e31c05b4da@group-B597187EF31B-LeaderElection10] INFO  impl.LeaderElection (LeaderElection.java:logAndReturn(89)) - 0014d44f-57a6-4d7b-99a8-c9e31c05b4da@group-B597187EF31B-LeaderElection10: ELECTION REJECTED received 2 response(s) and 0 exception(s):
2021-10-24 01:33:59,352 [0014d44f-57a6-4d7b-99a8-c9e31c05b4da@group-B597187EF31B-LeaderElection10] INFO  impl.LeaderElection (LeaderElection.java:logAndReturn(93)) -   Response 0: 0014d44f-57a6-4d7b-99a8-c9e31c05b4da<-82e1ff8b-aab7-4b8c-8207-e5ba7d0f8a1f#0:FAIL-t1
2021-10-24 01:33:59,352 [0014d44f-57a6-4d7b-99a8-c9e31c05b4da@group-B597187EF31B-LeaderElection10] INFO  impl.LeaderElection (LeaderElection.java:logAndReturn(93)) -   Response 1: 0014d44f-57a6-4d7b-99a8-c9e31c05b4da<-a92b67d1-e676-4bfd-b773-60efead6e052#0:FAIL-t1
2021-10-24 01:33:59,352 [0014d44f-57a6-4d7b-99a8-c9e31c05b4da@group-B597187EF31B-LeaderElection10] INFO  impl.LeaderElection (LeaderElection.java:askForVotes(308)) - 0014d44f-57a6-4d7b-99a8-c9e31c05b4da@group-B597187EF31B-LeaderElection10 ELECTION round 0: result REJECTED
2021-10-24 01:33:59,353 [0014d44f-57a6-4d7b-99a8-c9e31c05b4da@group-B597187EF31B-LeaderElection10] INFO  server.RaftServer$Division (RaftServerImpl.java:setRole(290)) - 0014d44f-57a6-4d7b-99a8-c9e31c05b4da@group-B597187EF31B: changes role from CANDIDATE to FOLLOWER at term 1 for REJECTED
2021-10-24 01:33:59,353 [0014d44f-57a6-4d7b-99a8-c9e31c05b4da@group-B597187EF31B-LeaderElection10] INFO  impl.RoleInfo (RoleInfo.java:shutdownLeaderElection(121)) - 0014d44f-57a6-4d7b-99a8-c9e31c05b4da: shutdown 0014d44f-57a6-4d7b-99a8-c9e31c05b4da@group-B597187EF31B-LeaderElection10
2021-10-24 01:33:59,353 [0014d44f-57a6-4d7b-99a8-c9e31c05b4da@group-B597187EF31B-LeaderElection10] INFO  impl.RoleInfo (RoleInfo.java:updateAndGet(130)) - 0014d44f-57a6-4d7b-99a8-c9e31c05b4da: start 0014d44f-57a6-4d7b-99a8-c9e31c05b4da@group-B597187EF31B-FollowerState
2021-10-24 01:33:59,569 [0014d44f-57a6-4d7b-99a8-c9e31c05b4da@group-BF6D5A309C7F-FollowerState] INFO  impl.FollowerState (FollowerState.java:run(134)) - 0014d44f-57a6-4d7b-99a8-c9e31c05b4da@group-BF6D5A309C7F-FollowerState: change to CANDIDATE, lastRpcElapsedTime:5179134023ns, electionTimeout:5178ms
2021-10-24 01:33:59,569 [0014d44f-57a6-4d7b-99a8-c9e31c05b4da@group-BF6D5A309C7F-FollowerState] INFO  impl.RoleInfo (RoleInfo.java:shutdownFollowerState(108)) - 0014d44f-57a6-4d7b-99a8-c9e31c05b4da: shutdown 0014d44f-57a6-4d7b-99a8-c9e31c05b4da@group-BF6D5A309C7F-FollowerState
2021-10-24 01:33:59,569 [0014d44f-57a6-4d7b-99a8-c9e31c05b4da@group-BF6D5A309C7F-FollowerState] INFO  server.RaftServer$Division (RaftServerImpl.java:setRole(290)) - 0014d44f-57a6-4d7b-99a8-c9e31c05b4da@group-BF6D5A309C7F: changes role from  FOLLOWER to CANDIDATE at term 0 for changeToCandidate
2021-10-24 01:33:59,570 [0014d44f-57a6-4d7b-99a8-c9e31c05b4da@group-BF6D5A309C7F-FollowerState] INFO  server.RaftServerConfigKeys (ConfUtils.java:logGet(44)) - raft.server.leaderelection.pre-vote = false (custom)
2021-10-24 01:33:59,570 [0014d44f-57a6-4d7b-99a8-c9e31c05b4da@group-BF6D5A309C7F-FollowerState] INFO  impl.RoleInfo (RoleInfo.java:updateAndGet(130)) - 0014d44f-57a6-4d7b-99a8-c9e31c05b4da: start 0014d44f-57a6-4d7b-99a8-c9e31c05b4da@group-BF6D5A309C7F-LeaderElection12
2021-10-24 01:33:59,589 [0014d44f-57a6-4d7b-99a8-c9e31c05b4da@group-BF6D5A309C7F-LeaderElection12] INFO  impl.LeaderElection (LeaderElection.java:askForVotes(306)) - 0014d44f-57a6-4d7b-99a8-c9e31c05b4da@group-BF6D5A309C7F-LeaderElection12 ELECTION round 0: submit vote requests at term 1 for -1: [0014d44f-57a6-4d7b-99a8-c9e31c05b4da|rpc:10.1.0.11:43619|priority:1], old=null
2021-10-24 01:33:59,590 [0014d44f-57a6-4d7b-99a8-c9e31c05b4da@group-BF6D5A309C7F-LeaderElection12] INFO  impl.LeaderElection (LeaderElection.java:askForVotes(308)) - 0014d44f-57a6-4d7b-99a8-c9e31c05b4da@group-BF6D5A309C7F-LeaderElection12 ELECTION round 0: result PASSED (term=1)
2021-10-24 01:33:59,590 [0014d44f-57a6-4d7b-99a8-c9e31c05b4da@group-BF6D5A309C7F-LeaderElection12] INFO  impl.RoleInfo (RoleInfo.java:shutdownLeaderElection(121)) - 0014d44f-57a6-4d7b-99a8-c9e31c05b4da: shutdown 0014d44f-57a6-4d7b-99a8-c9e31c05b4da@group-BF6D5A309C7F-LeaderElection12
2021-10-24 01:33:59,590 [0014d44f-57a6-4d7b-99a8-c9e31c05b4da@group-BF6D5A309C7F-LeaderElection12] INFO  server.RaftServer$Division (RaftServerImpl.java:setRole(290)) - 0014d44f-57a6-4d7b-99a8-c9e31c05b4da@group-BF6D5A309C7F: changes role from CANDIDATE to LEADER at term 1 for changeToLeader
2021-10-24 01:33:59,590 [0014d44f-57a6-4d7b-99a8-c9e31c05b4da@group-BF6D5A309C7F-LeaderElection12] INFO  ratis.XceiverServerRatis (XceiverServerRatis.java:handleLeaderChangedNotification(866)) - Leader change notification received for group: group-BF6D5A309C7F with new leaderId: 0014d44f-57a6-4d7b-99a8-c9e31c05b4da
2021-10-24 01:33:59,590 [0014d44f-57a6-4d7b-99a8-c9e31c05b4da@group-BF6D5A309C7F-LeaderElection12] INFO  server.RaftServer$Division (ServerState.java:setLeader(285)) - 0014d44f-57a6-4d7b-99a8-c9e31c05b4da@group-BF6D5A309C7F: change Leader from null to 0014d44f-57a6-4d7b-99a8-c9e31c05b4da at term 1 for becomeLeader, leader elected after 5205ms
2021-10-24 01:33:59,590 [0014d44f-57a6-4d7b-99a8-c9e31c05b4da@group-BF6D5A309C7F-LeaderElection12] INFO  server.RaftServerConfigKeys (ConfUtils.java:logGet(44)) - raft.server.staging.catchup.gap = 1000 (default)
2021-10-24 01:33:59,590 [0014d44f-57a6-4d7b-99a8-c9e31c05b4da@group-BF6D5A309C7F-LeaderElection12] INFO  server.RaftServerConfigKeys (ConfUtils.java:logGet(44)) - raft.server.write.element-limit = 1024 (custom)
2021-10-24 01:33:59,591 [0014d44f-57a6-4d7b-99a8-c9e31c05b4da@group-BF6D5A309C7F-LeaderElection12] INFO  server.RaftServerConfigKeys (ConfUtils.java:logGet(44)) - raft.server.write.byte-limit = 1024 M (=1073741824) (custom)
2021-10-24 01:33:59,591 [0014d44f-57a6-4d7b-99a8-c9e31c05b4da@group-BF6D5A309C7F-LeaderElection12] INFO  server.RaftServerConfigKeys (ConfUtils.java:logGet(44)) - raft.server.watch.timeout = 180s (custom)
2021-10-24 01:33:59,596 [0014d44f-57a6-4d7b-99a8-c9e31c05b4da@group-BF6D5A309C7F-LeaderElection12] INFO  server.RaftServerConfigKeys (ConfUtils.java:logGet(44)) - raft.server.watch.timeout.denomination = 1s (default)
2021-10-24 01:33:59,596 [0014d44f-57a6-4d7b-99a8-c9e31c05b4da@group-BF6D5A309C7F-LeaderElection12] INFO  server.RaftServerConfigKeys (ConfUtils.java:logGet(44)) - raft.server.watch.element-limit = 65536 (default)
2021-10-24 01:33:59,597 [0014d44f-57a6-4d7b-99a8-c9e31c05b4da@group-BF6D5A309C7F-LeaderElection12] INFO  server.RaftServerConfigKeys (ConfUtils.java:logGet(44)) - raft.server.write.element-limit = 1024 (custom)
2021-10-24 01:33:59,597 [0014d44f-57a6-4d7b-99a8-c9e31c05b4da@group-BF6D5A309C7F-LeaderElection12] INFO  server.RaftServerConfigKeys (ConfUtils.java:logGet(44)) - raft.server.write.follower.gap.ratio.max = -1.0 (default)
2021-10-24 01:33:59,597 [EventQueue-OpenPipelineForHealthyPipelineSafeModeRule] INFO  safemode.SCMSafeModeManager (HealthyPipelineSafeModeRule.java:process(124)) - SCM in safe mode. Healthy pipelines reported count is 0, required healthy pipeline reported count is 1
2021-10-24 01:33:59,597 [0014d44f-57a6-4d7b-99a8-c9e31c05b4da@group-BF6D5A309C7F-LeaderElection12] INFO  impl.RoleInfo (RoleInfo.java:updateAndGet(130)) - 0014d44f-57a6-4d7b-99a8-c9e31c05b4da: start 0014d44f-57a6-4d7b-99a8-c9e31c05b4da@group-BF6D5A309C7F-LeaderStateImpl
2021-10-24 01:33:59,597 [0014d44f-57a6-4d7b-99a8-c9e31c05b4da@group-BF6D5A309C7F-LeaderElection12] INFO  segmented.SegmentedRaftLogWorker (SegmentedRaftLogWorker.java:startLogSegment(394)) - 0014d44f-57a6-4d7b-99a8-c9e31c05b4da@group-BF6D5A309C7F-SegmentedRaftLogWorker: Starting segment from index:0
2021-10-24 01:33:59,598 [0014d44f-57a6-4d7b-99a8-c9e31c05b4da@group-BF6D5A309C7F-SegmentedRaftLogWorker] INFO  segmented.SegmentedRaftLogWorker (SegmentedRaftLogWorker.java:execute(601)) - 0014d44f-57a6-4d7b-99a8-c9e31c05b4da@group-BF6D5A309C7F-SegmentedRaftLogWorker: created new log segment /home/runner/work/ozone/ozone/hadoop-ozone/integration-test/target/test-dir/MiniOzoneClusterImpl-486ed80b-b12a-4e60-b5dc-4c94b273e9da/datanode-1/data/ratis/d8229679-76b3-4b01-8a50-bf6d5a309c7f/current/log_inprogress_0
2021-10-24 01:33:59,616 [0014d44f-57a6-4d7b-99a8-c9e31c05b4da@group-BF6D5A309C7F-LeaderElection12] INFO  server.RaftServer$Division (ServerState.java:setRaftConf(387)) - 0014d44f-57a6-4d7b-99a8-c9e31c05b4da@group-BF6D5A309C7F: set configuration 0: [0014d44f-57a6-4d7b-99a8-c9e31c05b4da|rpc:10.1.0.11:43619|dataStream:|priority:1], old=null
2021-10-24 01:33:59,761 [Listener at 127.0.0.1/37371] INFO  ozone.MiniOzoneClusterImpl (MiniOzoneClusterImpl.java:lambda$waitForClusterToBeReady$0(235)) - Nodes are ready. Got 3 of 3 DN Heartbeats.
2021-10-24 01:33:59,761 [Listener at 127.0.0.1/37371] INFO  ozone.MiniOzoneClusterImpl (MiniOzoneClusterImpl.java:lambda$waitForClusterToBeReady$0(238)) - Waiting for cluster to exit safe mode
2021-10-24 01:33:59,761 [Listener at 127.0.0.1/37371] INFO  ozone.MiniOzoneClusterImpl (MiniOzoneClusterImpl.java:lambda$waitForClusterToBeReady$0(240)) - SCM became leader
2021-10-24 01:33:59,972 [a92b67d1-e676-4bfd-b773-60efead6e052@group-8D3BF6E7BA30-FollowerState] INFO  impl.FollowerState (FollowerState.java:run(134)) - a92b67d1-e676-4bfd-b773-60efead6e052@group-8D3BF6E7BA30-FollowerState: change to CANDIDATE, lastRpcElapsedTime:5170259086ns, electionTimeout:5163ms
2021-10-24 01:33:59,972 [a92b67d1-e676-4bfd-b773-60efead6e052@group-8D3BF6E7BA30-FollowerState] INFO  impl.RoleInfo (RoleInfo.java:shutdownFollowerState(108)) - a92b67d1-e676-4bfd-b773-60efead6e052: shutdown a92b67d1-e676-4bfd-b773-60efead6e052@group-8D3BF6E7BA30-FollowerState
2021-10-24 01:33:59,972 [a92b67d1-e676-4bfd-b773-60efead6e052@group-8D3BF6E7BA30-FollowerState] INFO  server.RaftServer$Division (RaftServerImpl.java:setRole(290)) - a92b67d1-e676-4bfd-b773-60efead6e052@group-8D3BF6E7BA30: changes role from  FOLLOWER to CANDIDATE at term 0 for changeToCandidate
2021-10-24 01:33:59,972 [a92b67d1-e676-4bfd-b773-60efead6e052@group-8D3BF6E7BA30-FollowerState] INFO  server.RaftServerConfigKeys (ConfUtils.java:logGet(44)) - raft.server.leaderelection.pre-vote = false (custom)
2021-10-24 01:33:59,973 [a92b67d1-e676-4bfd-b773-60efead6e052@group-8D3BF6E7BA30-FollowerState] INFO  impl.RoleInfo (RoleInfo.java:updateAndGet(130)) - a92b67d1-e676-4bfd-b773-60efead6e052: start a92b67d1-e676-4bfd-b773-60efead6e052@group-8D3BF6E7BA30-LeaderElection13
2021-10-24 01:33:59,989 [a92b67d1-e676-4bfd-b773-60efead6e052@group-8D3BF6E7BA30-LeaderElection13] INFO  impl.LeaderElection (LeaderElection.java:askForVotes(306)) - a92b67d1-e676-4bfd-b773-60efead6e052@group-8D3BF6E7BA30-LeaderElection13 ELECTION round 0: submit vote requests at term 1 for -1: [a92b67d1-e676-4bfd-b773-60efead6e052|rpc:10.1.0.11:32963|priority:1], old=null
2021-10-24 01:33:59,989 [a92b67d1-e676-4bfd-b773-60efead6e052@group-8D3BF6E7BA30-LeaderElection13] INFO  impl.LeaderElection (LeaderElection.java:askForVotes(308)) - a92b67d1-e676-4bfd-b773-60efead6e052@group-8D3BF6E7BA30-LeaderElection13 ELECTION round 0: result PASSED (term=1)
2021-10-24 01:33:59,989 [a92b67d1-e676-4bfd-b773-60efead6e052@group-8D3BF6E7BA30-LeaderElection13] INFO  impl.RoleInfo (RoleInfo.java:shutdownLeaderElection(121)) - a92b67d1-e676-4bfd-b773-60efead6e052: shutdown a92b67d1-e676-4bfd-b773-60efead6e052@group-8D3BF6E7BA30-LeaderElection13
2021-10-24 01:33:59,989 [a92b67d1-e676-4bfd-b773-60efead6e052@group-8D3BF6E7BA30-LeaderElection13] INFO  server.RaftServer$Division (RaftServerImpl.java:setRole(290)) - a92b67d1-e676-4bfd-b773-60efead6e052@group-8D3BF6E7BA30: changes role from CANDIDATE to LEADER at term 1 for changeToLeader
2021-10-24 01:33:59,989 [a92b67d1-e676-4bfd-b773-60efead6e052@group-8D3BF6E7BA30-LeaderElection13] INFO  ratis.XceiverServerRatis (XceiverServerRatis.java:handleLeaderChangedNotification(866)) - Leader change notification received for group: group-8D3BF6E7BA30 with new leaderId: a92b67d1-e676-4bfd-b773-60efead6e052
2021-10-24 01:33:59,989 [a92b67d1-e676-4bfd-b773-60efead6e052@group-8D3BF6E7BA30-LeaderElection13] INFO  server.RaftServer$Division (ServerState.java:setLeader(285)) - a92b67d1-e676-4bfd-b773-60efead6e052@group-8D3BF6E7BA30: change Leader from null to a92b67d1-e676-4bfd-b773-60efead6e052 at term 1 for becomeLeader, leader elected after 5210ms
2021-10-24 01:33:59,989 [a92b67d1-e676-4bfd-b773-60efead6e052@group-8D3BF6E7BA30-LeaderElection13] INFO  server.RaftServerConfigKeys (ConfUtils.java:logGet(44)) - raft.server.staging.catchup.gap = 1000 (default)
2021-10-24 01:33:59,989 [a92b67d1-e676-4bfd-b773-60efead6e052@group-8D3BF6E7BA30-LeaderElection13] INFO  server.RaftServerConfigKeys (ConfUtils.java:logGet(44)) - raft.server.write.element-limit = 1024 (custom)
2021-10-24 01:33:59,989 [a92b67d1-e676-4bfd-b773-60efead6e052@group-8D3BF6E7BA30-LeaderElection13] INFO  server.RaftServerConfigKeys (ConfUtils.java:logGet(44)) - raft.server.write.byte-limit = 1024 M (=1073741824) (custom)
2021-10-24 01:33:59,990 [a92b67d1-e676-4bfd-b773-60efead6e052@group-8D3BF6E7BA30-LeaderElection13] INFO  server.RaftServerConfigKeys (ConfUtils.java:logGet(44)) - raft.server.watch.timeout = 180s (custom)
2021-10-24 01:33:59,990 [a92b67d1-e676-4bfd-b773-60efead6e052@group-8D3BF6E7BA30-LeaderElection13] INFO  server.RaftServerConfigKeys (ConfUtils.java:logGet(44)) - raft.server.watch.timeout.denomination = 1s (default)
2021-10-24 01:33:59,990 [a92b67d1-e676-4bfd-b773-60efead6e052@group-8D3BF6E7BA30-LeaderElection13] INFO  server.RaftServerConfigKeys (ConfUtils.java:logGet(44)) - raft.server.watch.element-limit = 65536 (default)
2021-10-24 01:33:59,990 [a92b67d1-e676-4bfd-b773-60efead6e052@group-8D3BF6E7BA30-LeaderElection13] INFO  server.RaftServerConfigKeys (ConfUtils.java:logGet(44)) - raft.server.write.element-limit = 1024 (custom)
2021-10-24 01:33:59,990 [a92b67d1-e676-4bfd-b773-60efead6e052@group-8D3BF6E7BA30-LeaderElection13] INFO  server.RaftServerConfigKeys (ConfUtils.java:logGet(44)) - raft.server.write.follower.gap.ratio.max = -1.0 (default)
2021-10-24 01:33:59,990 [a92b67d1-e676-4bfd-b773-60efead6e052@group-8D3BF6E7BA30-LeaderElection13] INFO  impl.RoleInfo (RoleInfo.java:updateAndGet(130)) - a92b67d1-e676-4bfd-b773-60efead6e052: start a92b67d1-e676-4bfd-b773-60efead6e052@group-8D3BF6E7BA30-LeaderStateImpl
2021-10-24 01:33:59,990 [a92b67d1-e676-4bfd-b773-60efead6e052@group-8D3BF6E7BA30-LeaderElection13] INFO  segmented.SegmentedRaftLogWorker (SegmentedRaftLogWorker.java:startLogSegment(394)) - a92b67d1-e676-4bfd-b773-60efead6e052@group-8D3BF6E7BA30-SegmentedRaftLogWorker: Starting segment from index:0
2021-10-24 01:33:59,991 [EventQueue-OpenPipelineForHealthyPipelineSafeModeRule] INFO  safemode.SCMSafeModeManager (HealthyPipelineSafeModeRule.java:process(124)) - SCM in safe mode. Healthy pipelines reported count is 0, required healthy pipeline reported count is 1
2021-10-24 01:33:59,992 [a92b67d1-e676-4bfd-b773-60efead6e052@group-8D3BF6E7BA30-SegmentedRaftLogWorker] INFO  segmented.SegmentedRaftLogWorker (SegmentedRaftLogWorker.java:execute(601)) - a92b67d1-e676-4bfd-b773-60efead6e052@group-8D3BF6E7BA30-SegmentedRaftLogWorker: created new log segment /home/runner/work/ozone/ozone/hadoop-ozone/integration-test/target/test-dir/MiniOzoneClusterImpl-486ed80b-b12a-4e60-b5dc-4c94b273e9da/datanode-2/data/ratis/617166f7-0180-4545-97af-8d3bf6e7ba30/current/log_inprogress_0
2021-10-24 01:34:00,013 [a92b67d1-e676-4bfd-b773-60efead6e052@group-8D3BF6E7BA30-LeaderElection13] INFO  server.RaftServer$Division (ServerState.java:setRaftConf(387)) - a92b67d1-e676-4bfd-b773-60efead6e052@group-8D3BF6E7BA30: set configuration 0: [a92b67d1-e676-4bfd-b773-60efead6e052|rpc:10.1.0.11:32963|dataStream:|priority:1], old=null
2021-10-24 01:34:00,762 [Listener at 127.0.0.1/37371] INFO  ozone.MiniOzoneClusterImpl (MiniOzoneClusterImpl.java:lambda$waitForClusterToBeReady$0(235)) - Nodes are ready. Got 3 of 3 DN Heartbeats.
2021-10-24 01:34:00,762 [Listener at 127.0.0.1/37371] INFO  ozone.MiniOzoneClusterImpl (MiniOzoneClusterImpl.java:lambda$waitForClusterToBeReady$0(238)) - Waiting for cluster to exit safe mode
2021-10-24 01:34:00,762 [Listener at 127.0.0.1/37371] INFO  ozone.MiniOzoneClusterImpl (MiniOzoneClusterImpl.java:lambda$waitForClusterToBeReady$0(240)) - SCM became leader
2021-10-24 01:34:01,762 [Listener at 127.0.0.1/37371] INFO  ozone.MiniOzoneClusterImpl (MiniOzoneClusterImpl.java:lambda$waitForClusterToBeReady$0(235)) - Nodes are ready. Got 3 of 3 DN Heartbeats.
2021-10-24 01:34:01,762 [Listener at 127.0.0.1/37371] INFO  ozone.MiniOzoneClusterImpl (MiniOzoneClusterImpl.java:lambda$waitForClusterToBeReady$0(238)) - Waiting for cluster to exit safe mode
2021-10-24 01:34:01,762 [Listener at 127.0.0.1/37371] INFO  ozone.MiniOzoneClusterImpl (MiniOzoneClusterImpl.java:lambda$waitForClusterToBeReady$0(240)) - SCM became leader
2021-10-24 01:34:02,762 [Listener at 127.0.0.1/37371] INFO  ozone.MiniOzoneClusterImpl (MiniOzoneClusterImpl.java:lambda$waitForClusterToBeReady$0(235)) - Nodes are ready. Got 3 of 3 DN Heartbeats.
2021-10-24 01:34:02,763 [Listener at 127.0.0.1/37371] INFO  ozone.MiniOzoneClusterImpl (MiniOzoneClusterImpl.java:lambda$waitForClusterToBeReady$0(238)) - Waiting for cluster to exit safe mode
2021-10-24 01:34:02,763 [Listener at 127.0.0.1/37371] INFO  ozone.MiniOzoneClusterImpl (MiniOzoneClusterImpl.java:lambda$waitForClusterToBeReady$0(240)) - SCM became leader
2021-10-24 01:34:03,763 [Listener at 127.0.0.1/37371] INFO  ozone.MiniOzoneClusterImpl (MiniOzoneClusterImpl.java:lambda$waitForClusterToBeReady$0(235)) - Nodes are ready. Got 3 of 3 DN Heartbeats.
2021-10-24 01:34:03,763 [Listener at 127.0.0.1/37371] INFO  ozone.MiniOzoneClusterImpl (MiniOzoneClusterImpl.java:lambda$waitForClusterToBeReady$0(238)) - Waiting for cluster to exit safe mode
2021-10-24 01:34:03,763 [Listener at 127.0.0.1/37371] INFO  ozone.MiniOzoneClusterImpl (MiniOzoneClusterImpl.java:lambda$waitForClusterToBeReady$0(240)) - SCM became leader
2021-10-24 01:34:04,469 [a92b67d1-e676-4bfd-b773-60efead6e052@group-B597187EF31B-FollowerState] INFO  impl.FollowerState (FollowerState.java:run(134)) - a92b67d1-e676-4bfd-b773-60efead6e052@group-B597187EF31B-FollowerState: change to CANDIDATE, lastRpcElapsedTime:5166792846ns, electionTimeout:5153ms
2021-10-24 01:34:04,470 [a92b67d1-e676-4bfd-b773-60efead6e052@group-B597187EF31B-FollowerState] INFO  impl.RoleInfo (RoleInfo.java:shutdownFollowerState(108)) - a92b67d1-e676-4bfd-b773-60efead6e052: shutdown a92b67d1-e676-4bfd-b773-60efead6e052@group-B597187EF31B-FollowerState
2021-10-24 01:34:04,470 [a92b67d1-e676-4bfd-b773-60efead6e052@group-B597187EF31B-FollowerState] INFO  server.RaftServer$Division (RaftServerImpl.java:setRole(290)) - a92b67d1-e676-4bfd-b773-60efead6e052@group-B597187EF31B: changes role from  FOLLOWER to CANDIDATE at term 1 for changeToCandidate
2021-10-24 01:34:04,470 [a92b67d1-e676-4bfd-b773-60efead6e052@group-B597187EF31B-FollowerState] INFO  server.RaftServerConfigKeys (ConfUtils.java:logGet(44)) - raft.server.leaderelection.pre-vote = false (custom)
2021-10-24 01:34:04,470 [a92b67d1-e676-4bfd-b773-60efead6e052@group-B597187EF31B-FollowerState] INFO  impl.RoleInfo (RoleInfo.java:updateAndGet(130)) - a92b67d1-e676-4bfd-b773-60efead6e052: start a92b67d1-e676-4bfd-b773-60efead6e052@group-B597187EF31B-LeaderElection14
2021-10-24 01:34:04,478 [0014d44f-57a6-4d7b-99a8-c9e31c05b4da@group-B597187EF31B-FollowerState] INFO  impl.FollowerState (FollowerState.java:run(134)) - 0014d44f-57a6-4d7b-99a8-c9e31c05b4da@group-B597187EF31B-FollowerState: change to CANDIDATE, lastRpcElapsedTime:5124989641ns, electionTimeout:5102ms
2021-10-24 01:34:04,478 [0014d44f-57a6-4d7b-99a8-c9e31c05b4da@group-B597187EF31B-FollowerState] INFO  impl.RoleInfo (RoleInfo.java:shutdownFollowerState(108)) - 0014d44f-57a6-4d7b-99a8-c9e31c05b4da: shutdown 0014d44f-57a6-4d7b-99a8-c9e31c05b4da@group-B597187EF31B-FollowerState
2021-10-24 01:34:04,478 [0014d44f-57a6-4d7b-99a8-c9e31c05b4da@group-B597187EF31B-FollowerState] INFO  server.RaftServer$Division (RaftServerImpl.java:setRole(290)) - 0014d44f-57a6-4d7b-99a8-c9e31c05b4da@group-B597187EF31B: changes role from  FOLLOWER to CANDIDATE at term 1 for changeToCandidate
2021-10-24 01:34:04,478 [0014d44f-57a6-4d7b-99a8-c9e31c05b4da@group-B597187EF31B-FollowerState] INFO  server.RaftServerConfigKeys (ConfUtils.java:logGet(44)) - raft.server.leaderelection.pre-vote = false (custom)
2021-10-24 01:34:04,478 [0014d44f-57a6-4d7b-99a8-c9e31c05b4da@group-B597187EF31B-FollowerState] INFO  impl.RoleInfo (RoleInfo.java:updateAndGet(130)) - 0014d44f-57a6-4d7b-99a8-c9e31c05b4da: start 0014d44f-57a6-4d7b-99a8-c9e31c05b4da@group-B597187EF31B-LeaderElection15
2021-10-24 01:34:04,490 [82e1ff8b-aab7-4b8c-8207-e5ba7d0f8a1f@group-B597187EF31B-FollowerState] INFO  impl.FollowerState (FollowerState.java:run(134)) - 82e1ff8b-aab7-4b8c-8207-e5ba7d0f8a1f@group-B597187EF31B-FollowerState: change to CANDIDATE, lastRpcElapsedTime:5142332291ns, electionTimeout:5123ms
2021-10-24 01:34:04,491 [82e1ff8b-aab7-4b8c-8207-e5ba7d0f8a1f@group-B597187EF31B-FollowerState] INFO  impl.RoleInfo (RoleInfo.java:shutdownFollowerState(108)) - 82e1ff8b-aab7-4b8c-8207-e5ba7d0f8a1f: shutdown 82e1ff8b-aab7-4b8c-8207-e5ba7d0f8a1f@group-B597187EF31B-FollowerState
2021-10-24 01:34:04,491 [82e1ff8b-aab7-4b8c-8207-e5ba7d0f8a1f@group-B597187EF31B-FollowerState] INFO  server.RaftServer$Division (RaftServerImpl.java:setRole(290)) - 82e1ff8b-aab7-4b8c-8207-e5ba7d0f8a1f@group-B597187EF31B: changes role from  FOLLOWER to CANDIDATE at term 1 for changeToCandidate
2021-10-24 01:34:04,491 [82e1ff8b-aab7-4b8c-8207-e5ba7d0f8a1f@group-B597187EF31B-FollowerState] INFO  server.RaftServerConfigKeys (ConfUtils.java:logGet(44)) - raft.server.leaderelection.pre-vote = false (custom)
2021-10-24 01:34:04,491 [82e1ff8b-aab7-4b8c-8207-e5ba7d0f8a1f@group-B597187EF31B-FollowerState] INFO  impl.RoleInfo (RoleInfo.java:updateAndGet(130)) - 82e1ff8b-aab7-4b8c-8207-e5ba7d0f8a1f: start 82e1ff8b-aab7-4b8c-8207-e5ba7d0f8a1f@group-B597187EF31B-LeaderElection16
2021-10-24 01:34:04,491 [a92b67d1-e676-4bfd-b773-60efead6e052@group-B597187EF31B-LeaderElection14] INFO  impl.LeaderElection (LeaderElection.java:askForVotes(306)) - a92b67d1-e676-4bfd-b773-60efead6e052@group-B597187EF31B-LeaderElection14 ELECTION round 0: submit vote requests at term 2 for -1: [82e1ff8b-aab7-4b8c-8207-e5ba7d0f8a1f|rpc:10.1.0.11:39599|dataStream:|priority:0, a92b67d1-e676-4bfd-b773-60efead6e052|rpc:10.1.0.11:32963|dataStream:|priority:0, 0014d44f-57a6-4d7b-99a8-c9e31c05b4da|rpc:10.1.0.11:43619|dataStream:|priority:1], old=null
2021-10-24 01:34:04,503 [82e1ff8b-aab7-4b8c-8207-e5ba7d0f8a1f@group-B597187EF31B-LeaderElection16] INFO  impl.LeaderElection (LeaderElection.java:askForVotes(306)) - 82e1ff8b-aab7-4b8c-8207-e5ba7d0f8a1f@group-B597187EF31B-LeaderElection16 ELECTION round 0: submit vote requests at term 2 for -1: [82e1ff8b-aab7-4b8c-8207-e5ba7d0f8a1f|rpc:10.1.0.11:39599|priority:0, a92b67d1-e676-4bfd-b773-60efead6e052|rpc:10.1.0.11:32963|priority:0, 0014d44f-57a6-4d7b-99a8-c9e31c05b4da|rpc:10.1.0.11:43619|priority:1], old=null
2021-10-24 01:34:04,529 [0014d44f-57a6-4d7b-99a8-c9e31c05b4da@group-B597187EF31B-LeaderElection15] INFO  impl.LeaderElection (LeaderElection.java:askForVotes(306)) - 0014d44f-57a6-4d7b-99a8-c9e31c05b4da@group-B597187EF31B-LeaderElection15 ELECTION round 0: submit vote requests at term 2 for -1: [82e1ff8b-aab7-4b8c-8207-e5ba7d0f8a1f|rpc:10.1.0.11:39599|dataStream:|priority:0, a92b67d1-e676-4bfd-b773-60efead6e052|rpc:10.1.0.11:32963|dataStream:|priority:0, 0014d44f-57a6-4d7b-99a8-c9e31c05b4da|rpc:10.1.0.11:43619|dataStream:|priority:1], old=null
2021-10-24 01:34:04,530 [grpc-default-executor-2] INFO  server.RaftServer$Division (RaftServerImpl.java:requestVote(1046)) - a92b67d1-e676-4bfd-b773-60efead6e052@group-B597187EF31B: receive requestVote(ELECTION, 82e1ff8b-aab7-4b8c-8207-e5ba7d0f8a1f, group-B597187EF31B, 2, (t:0, i:0))
2021-10-24 01:34:04,531 [grpc-default-executor-3] INFO  server.RaftServer$Division (RaftServerImpl.java:requestVote(1046)) - 82e1ff8b-aab7-4b8c-8207-e5ba7d0f8a1f@group-B597187EF31B: receive requestVote(ELECTION, a92b67d1-e676-4bfd-b773-60efead6e052, group-B597187EF31B, 2, (t:0, i:0))
2021-10-24 01:34:04,538 [grpc-default-executor-3] INFO  impl.VoteContext (VoteContext.java:log(48)) - 82e1ff8b-aab7-4b8c-8207-e5ba7d0f8a1f@group-B597187EF31B-CANDIDATE: reject ELECTION from a92b67d1-e676-4bfd-b773-60efead6e052: already has voted for 82e1ff8b-aab7-4b8c-8207-e5ba7d0f8a1f at current term 2
2021-10-24 01:34:04,538 [grpc-default-executor-3] INFO  server.RaftServer$Division (RaftServerImpl.java:requestVote(1078)) - 82e1ff8b-aab7-4b8c-8207-e5ba7d0f8a1f@group-B597187EF31B replies to ELECTION vote request: a92b67d1-e676-4bfd-b773-60efead6e052<-82e1ff8b-aab7-4b8c-8207-e5ba7d0f8a1f#0:FAIL-t2. Peer's state: 82e1ff8b-aab7-4b8c-8207-e5ba7d0f8a1f@group-B597187EF31B:t2, leader=null, voted=82e1ff8b-aab7-4b8c-8207-e5ba7d0f8a1f, raftlog=82e1ff8b-aab7-4b8c-8207-e5ba7d0f8a1f@group-B597187EF31B-SegmentedRaftLog:OPENED:c-1, conf=-1: [82e1ff8b-aab7-4b8c-8207-e5ba7d0f8a1f|rpc:10.1.0.11:39599|priority:0, a92b67d1-e676-4bfd-b773-60efead6e052|rpc:10.1.0.11:32963|priority:0, 0014d44f-57a6-4d7b-99a8-c9e31c05b4da|rpc:10.1.0.11:43619|priority:1], old=null
2021-10-24 01:34:04,531 [grpc-default-executor-2] INFO  impl.VoteContext (VoteContext.java:log(48)) - a92b67d1-e676-4bfd-b773-60efead6e052@group-B597187EF31B-CANDIDATE: reject ELECTION from 82e1ff8b-aab7-4b8c-8207-e5ba7d0f8a1f: already has voted for a92b67d1-e676-4bfd-b773-60efead6e052 at current term 2
2021-10-24 01:34:04,539 [grpc-default-executor-2] INFO  server.RaftServer$Division (RaftServerImpl.java:requestVote(1078)) - a92b67d1-e676-4bfd-b773-60efead6e052@group-B597187EF31B replies to ELECTION vote request: 82e1ff8b-aab7-4b8c-8207-e5ba7d0f8a1f<-a92b67d1-e676-4bfd-b773-60efead6e052#0:FAIL-t2. Peer's state: a92b67d1-e676-4bfd-b773-60efead6e052@group-B597187EF31B:t2, leader=null, voted=a92b67d1-e676-4bfd-b773-60efead6e052, raftlog=a92b67d1-e676-4bfd-b773-60efead6e052@group-B597187EF31B-SegmentedRaftLog:OPENED:c-1, conf=-1: [82e1ff8b-aab7-4b8c-8207-e5ba7d0f8a1f|rpc:10.1.0.11:39599|dataStream:|priority:0, a92b67d1-e676-4bfd-b773-60efead6e052|rpc:10.1.0.11:32963|dataStream:|priority:0, 0014d44f-57a6-4d7b-99a8-c9e31c05b4da|rpc:10.1.0.11:43619|dataStream:|priority:1], old=null
2021-10-24 01:34:04,548 [grpc-default-executor-3] INFO  server.RaftServer$Division (RaftServerImpl.java:requestVote(1046)) - 0014d44f-57a6-4d7b-99a8-c9e31c05b4da@group-B597187EF31B: receive requestVote(ELECTION, 82e1ff8b-aab7-4b8c-8207-e5ba7d0f8a1f, group-B597187EF31B, 2, (t:0, i:0))
2021-10-24 01:34:04,560 [grpc-default-executor-3] INFO  impl.VoteContext (VoteContext.java:log(48)) - 0014d44f-57a6-4d7b-99a8-c9e31c05b4da@group-B597187EF31B-CANDIDATE: reject ELECTION from 82e1ff8b-aab7-4b8c-8207-e5ba7d0f8a1f: already has voted for 0014d44f-57a6-4d7b-99a8-c9e31c05b4da at current term 2
2021-10-24 01:34:04,560 [grpc-default-executor-3] INFO  server.RaftServer$Division (RaftServerImpl.java:requestVote(1078)) - 0014d44f-57a6-4d7b-99a8-c9e31c05b4da@group-B597187EF31B replies to ELECTION vote request: 82e1ff8b-aab7-4b8c-8207-e5ba7d0f8a1f<-0014d44f-57a6-4d7b-99a8-c9e31c05b4da#0:FAIL-t2. Peer's state: 0014d44f-57a6-4d7b-99a8-c9e31c05b4da@group-B597187EF31B:t2, leader=null, voted=0014d44f-57a6-4d7b-99a8-c9e31c05b4da, raftlog=0014d44f-57a6-4d7b-99a8-c9e31c05b4da@group-B597187EF31B-SegmentedRaftLog:OPENED:c-1, conf=-1: [82e1ff8b-aab7-4b8c-8207-e5ba7d0f8a1f|rpc:10.1.0.11:39599|dataStream:|priority:0, a92b67d1-e676-4bfd-b773-60efead6e052|rpc:10.1.0.11:32963|dataStream:|priority:0, 0014d44f-57a6-4d7b-99a8-c9e31c05b4da|rpc:10.1.0.11:43619|dataStream:|priority:1], old=null
2021-10-24 01:34:04,548 [grpc-default-executor-2] INFO  server.RaftServer$Division (RaftServerImpl.java:requestVote(1046)) - 82e1ff8b-aab7-4b8c-8207-e5ba7d0f8a1f@group-B597187EF31B: receive requestVote(ELECTION, 0014d44f-57a6-4d7b-99a8-c9e31c05b4da, group-B597187EF31B, 2, (t:0, i:0))
2021-10-24 01:34:04,566 [grpc-default-executor-2] INFO  impl.VoteContext (VoteContext.java:log(48)) - 82e1ff8b-aab7-4b8c-8207-e5ba7d0f8a1f@group-B597187EF31B-CANDIDATE: reject ELECTION from 0014d44f-57a6-4d7b-99a8-c9e31c05b4da: already has voted for 82e1ff8b-aab7-4b8c-8207-e5ba7d0f8a1f at current term 2
2021-10-24 01:34:04,566 [grpc-default-executor-3] INFO  server.RaftServer$Division (RaftServerImpl.java:requestVote(1046)) - a92b67d1-e676-4bfd-b773-60efead6e052@group-B597187EF31B: receive requestVote(ELECTION, 0014d44f-57a6-4d7b-99a8-c9e31c05b4da, group-B597187EF31B, 2, (t:0, i:0))
2021-10-24 01:34:04,569 [grpc-default-executor-3] INFO  impl.VoteContext (VoteContext.java:log(48)) - a92b67d1-e676-4bfd-b773-60efead6e052@group-B597187EF31B-CANDIDATE: reject ELECTION from 0014d44f-57a6-4d7b-99a8-c9e31c05b4da: already has voted for a92b67d1-e676-4bfd-b773-60efead6e052 at current term 2
2021-10-24 01:34:04,569 [grpc-default-executor-3] INFO  server.RaftServer$Division (RaftServerImpl.java:requestVote(1078)) - a92b67d1-e676-4bfd-b773-60efead6e052@group-B597187EF31B replies to ELECTION vote request: 0014d44f-57a6-4d7b-99a8-c9e31c05b4da<-a92b67d1-e676-4bfd-b773-60efead6e052#0:FAIL-t2. Peer's state: a92b67d1-e676-4bfd-b773-60efead6e052@group-B597187EF31B:t2, leader=null, voted=a92b67d1-e676-4bfd-b773-60efead6e052, raftlog=a92b67d1-e676-4bfd-b773-60efead6e052@group-B597187EF31B-SegmentedRaftLog:OPENED:c-1, conf=-1: [82e1ff8b-aab7-4b8c-8207-e5ba7d0f8a1f|rpc:10.1.0.11:39599|dataStream:|priority:0, a92b67d1-e676-4bfd-b773-60efead6e052|rpc:10.1.0.11:32963|dataStream:|priority:0, 0014d44f-57a6-4d7b-99a8-c9e31c05b4da|rpc:10.1.0.11:43619|dataStream:|priority:1], old=null
2021-10-24 01:34:04,562 [82e1ff8b-aab7-4b8c-8207-e5ba7d0f8a1f@group-B597187EF31B-LeaderElection16] INFO  impl.LeaderElection (LeaderElection.java:logAndReturn(89)) - 82e1ff8b-aab7-4b8c-8207-e5ba7d0f8a1f@group-B597187EF31B-LeaderElection16: ELECTION REJECTED received 1 response(s) and 0 exception(s):
2021-10-24 01:34:04,569 [82e1ff8b-aab7-4b8c-8207-e5ba7d0f8a1f@group-B597187EF31B-LeaderElection16] INFO  impl.LeaderElection (LeaderElection.java:logAndReturn(93)) -   Response 0: 82e1ff8b-aab7-4b8c-8207-e5ba7d0f8a1f<-0014d44f-57a6-4d7b-99a8-c9e31c05b4da#0:FAIL-t2
2021-10-24 01:34:04,569 [82e1ff8b-aab7-4b8c-8207-e5ba7d0f8a1f@group-B597187EF31B-LeaderElection16] INFO  impl.LeaderElection (LeaderElection.java:askForVotes(308)) - 82e1ff8b-aab7-4b8c-8207-e5ba7d0f8a1f@group-B597187EF31B-LeaderElection16 ELECTION round 0: result REJECTED
2021-10-24 01:34:04,566 [grpc-default-executor-0] INFO  server.RaftServer$Division (RaftServerImpl.java:requestVote(1046)) - 0014d44f-57a6-4d7b-99a8-c9e31c05b4da@group-B597187EF31B: receive requestVote(ELECTION, a92b67d1-e676-4bfd-b773-60efead6e052, group-B597187EF31B, 2, (t:0, i:0))
2021-10-24 01:34:04,580 [grpc-default-executor-0] INFO  impl.VoteContext (VoteContext.java:log(48)) - 0014d44f-57a6-4d7b-99a8-c9e31c05b4da@group-B597187EF31B-CANDIDATE: reject ELECTION from a92b67d1-e676-4bfd-b773-60efead6e052: already has voted for 0014d44f-57a6-4d7b-99a8-c9e31c05b4da at current term 2
2021-10-24 01:34:04,566 [grpc-default-executor-2] INFO  server.RaftServer$Division (RaftServerImpl.java:requestVote(1078)) - 82e1ff8b-aab7-4b8c-8207-e5ba7d0f8a1f@group-B597187EF31B replies to ELECTION vote request: 0014d44f-57a6-4d7b-99a8-c9e31c05b4da<-82e1ff8b-aab7-4b8c-8207-e5ba7d0f8a1f#0:FAIL-t2. Peer's state: 82e1ff8b-aab7-4b8c-8207-e5ba7d0f8a1f@group-B597187EF31B:t2, leader=null, voted=82e1ff8b-aab7-4b8c-8207-e5ba7d0f8a1f, raftlog=82e1ff8b-aab7-4b8c-8207-e5ba7d0f8a1f@group-B597187EF31B-SegmentedRaftLog:OPENED:c-1, conf=-1: [82e1ff8b-aab7-4b8c-8207-e5ba7d0f8a1f|rpc:10.1.0.11:39599|priority:0, a92b67d1-e676-4bfd-b773-60efead6e052|rpc:10.1.0.11:32963|priority:0, 0014d44f-57a6-4d7b-99a8-c9e31c05b4da|rpc:10.1.0.11:43619|priority:1], old=null
2021-10-24 01:34:04,581 [grpc-default-executor-0] INFO  server.RaftServer$Division (RaftServerImpl.java:requestVote(1078)) - 0014d44f-57a6-4d7b-99a8-c9e31c05b4da@group-B597187EF31B replies to ELECTION vote request: a92b67d1-e676-4bfd-b773-60efead6e052<-0014d44f-57a6-4d7b-99a8-c9e31c05b4da#0:FAIL-t2. Peer's state: 0014d44f-57a6-4d7b-99a8-c9e31c05b4da@group-B597187EF31B:t2, leader=null, voted=0014d44f-57a6-4d7b-99a8-c9e31c05b4da, raftlog=0014d44f-57a6-4d7b-99a8-c9e31c05b4da@group-B597187EF31B-SegmentedRaftLog:OPENED:c-1, conf=-1: [82e1ff8b-aab7-4b8c-8207-e5ba7d0f8a1f|rpc:10.1.0.11:39599|dataStream:|priority:0, a92b67d1-e676-4bfd-b773-60efead6e052|rpc:10.1.0.11:32963|dataStream:|priority:0, 0014d44f-57a6-4d7b-99a8-c9e31c05b4da|rpc:10.1.0.11:43619|dataStream:|priority:1], old=null
2021-10-24 01:34:04,582 [0014d44f-57a6-4d7b-99a8-c9e31c05b4da@group-B597187EF31B-LeaderElection15] INFO  impl.LeaderElection (LeaderElection.java:logAndReturn(89)) - 0014d44f-57a6-4d7b-99a8-c9e31c05b4da@group-B597187EF31B-LeaderElection15: ELECTION REJECTED received 2 response(s) and 0 exception(s):
2021-10-24 01:34:04,589 [0014d44f-57a6-4d7b-99a8-c9e31c05b4da@group-B597187EF31B-LeaderElection15] INFO  impl.LeaderElection (LeaderElection.java:logAndReturn(93)) -   Response 0: 0014d44f-57a6-4d7b-99a8-c9e31c05b4da<-a92b67d1-e676-4bfd-b773-60efead6e052#0:FAIL-t2
2021-10-24 01:34:04,589 [0014d44f-57a6-4d7b-99a8-c9e31c05b4da@group-B597187EF31B-LeaderElection15] INFO  impl.LeaderElection (LeaderElection.java:logAndReturn(93)) -   Response 1: 0014d44f-57a6-4d7b-99a8-c9e31c05b4da<-82e1ff8b-aab7-4b8c-8207-e5ba7d0f8a1f#0:FAIL-t2
2021-10-24 01:34:04,589 [0014d44f-57a6-4d7b-99a8-c9e31c05b4da@group-B597187EF31B-LeaderElection15] INFO  impl.LeaderElection (LeaderElection.java:askForVotes(308)) - 0014d44f-57a6-4d7b-99a8-c9e31c05b4da@group-B597187EF31B-LeaderElection15 ELECTION round 0: result REJECTED
2021-10-24 01:34:04,589 [0014d44f-57a6-4d7b-99a8-c9e31c05b4da@group-B597187EF31B-LeaderElection15] INFO  server.RaftServer$Division (RaftServerImpl.java:setRole(290)) - 0014d44f-57a6-4d7b-99a8-c9e31c05b4da@group-B597187EF31B: changes role from CANDIDATE to FOLLOWER at term 2 for REJECTED
2021-10-24 01:34:04,589 [0014d44f-57a6-4d7b-99a8-c9e31c05b4da@group-B597187EF31B-LeaderElection15] INFO  impl.RoleInfo (RoleInfo.java:shutdownLeaderElection(121)) - 0014d44f-57a6-4d7b-99a8-c9e31c05b4da: shutdown 0014d44f-57a6-4d7b-99a8-c9e31c05b4da@group-B597187EF31B-LeaderElection15
2021-10-24 01:34:04,589 [0014d44f-57a6-4d7b-99a8-c9e31c05b4da@group-B597187EF31B-LeaderElection15] INFO  impl.RoleInfo (RoleInfo.java:updateAndGet(130)) - 0014d44f-57a6-4d7b-99a8-c9e31c05b4da: start 0014d44f-57a6-4d7b-99a8-c9e31c05b4da@group-B597187EF31B-FollowerState
2021-10-24 01:34:04,589 [a92b67d1-e676-4bfd-b773-60efead6e052@group-B597187EF31B-LeaderElection14] INFO  impl.LeaderElection (LeaderElection.java:logAndReturn(89)) - a92b67d1-e676-4bfd-b773-60efead6e052@group-B597187EF31B-LeaderElection14: ELECTION REJECTED received 2 response(s) and 0 exception(s):
2021-10-24 01:34:04,597 [a92b67d1-e676-4bfd-b773-60efead6e052@group-B597187EF31B-LeaderElection14] INFO  impl.LeaderElection (LeaderElection.java:logAndReturn(93)) -   Response 0: a92b67d1-e676-4bfd-b773-60efead6e052<-82e1ff8b-aab7-4b8c-8207-e5ba7d0f8a1f#0:FAIL-t2
2021-10-24 01:34:04,597 [a92b67d1-e676-4bfd-b773-60efead6e052@group-B597187EF31B-LeaderElection14] INFO  impl.LeaderElection (LeaderElection.java:logAndReturn(93)) -   Response 1: a92b67d1-e676-4bfd-b773-60efead6e052<-0014d44f-57a6-4d7b-99a8-c9e31c05b4da#0:FAIL-t2
2021-10-24 01:34:04,582 [82e1ff8b-aab7-4b8c-8207-e5ba7d0f8a1f@group-B597187EF31B-LeaderElection16] INFO  server.RaftServer$Division (RaftServerImpl.java:setRole(290)) - 82e1ff8b-aab7-4b8c-8207-e5ba7d0f8a1f@group-B597187EF31B: changes role from CANDIDATE to FOLLOWER at term 2 for REJECTED
2021-10-24 01:34:04,598 [82e1ff8b-aab7-4b8c-8207-e5ba7d0f8a1f@group-B597187EF31B-LeaderElection16] INFO  impl.RoleInfo (RoleInfo.java:shutdownLeaderElection(121)) - 82e1ff8b-aab7-4b8c-8207-e5ba7d0f8a1f: shutdown 82e1ff8b-aab7-4b8c-8207-e5ba7d0f8a1f@group-B597187EF31B-LeaderElection16
2021-10-24 01:34:04,598 [a92b67d1-e676-4bfd-b773-60efead6e052@group-B597187EF31B-LeaderElection14] INFO  impl.LeaderElection (LeaderElection.java:askForVotes(308)) - a92b67d1-e676-4bfd-b773-60efead6e052@group-B597187EF31B-LeaderElection14 ELECTION round 0: result REJECTED
2021-10-24 01:34:04,598 [82e1ff8b-aab7-4b8c-8207-e5ba7d0f8a1f@group-B597187EF31B-LeaderElection16] INFO  impl.RoleInfo (RoleInfo.java:updateAndGet(130)) - 82e1ff8b-aab7-4b8c-8207-e5ba7d0f8a1f: start 82e1ff8b-aab7-4b8c-8207-e5ba7d0f8a1f@group-B597187EF31B-FollowerState
2021-10-24 01:34:04,598 [a92b67d1-e676-4bfd-b773-60efead6e052@group-B597187EF31B-LeaderElection14] INFO  server.RaftServer$Division (RaftServerImpl.java:setRole(290)) - a92b67d1-e676-4bfd-b773-60efead6e052@group-B597187EF31B: changes role from CANDIDATE to FOLLOWER at term 2 for REJECTED
2021-10-24 01:34:04,598 [a92b67d1-e676-4bfd-b773-60efead6e052@group-B597187EF31B-LeaderElection14] INFO  impl.RoleInfo (RoleInfo.java:shutdownLeaderElection(121)) - a92b67d1-e676-4bfd-b773-60efead6e052: shutdown a92b67d1-e676-4bfd-b773-60efead6e052@group-B597187EF31B-LeaderElection14
2021-10-24 01:34:04,605 [a92b67d1-e676-4bfd-b773-60efead6e052@group-B597187EF31B-LeaderElection14] INFO  impl.RoleInfo (RoleInfo.java:updateAndGet(130)) - a92b67d1-e676-4bfd-b773-60efead6e052: start a92b67d1-e676-4bfd-b773-60efead6e052@group-B597187EF31B-FollowerState
2021-10-24 01:34:04,763 [Listener at 127.0.0.1/37371] INFO  ozone.MiniOzoneClusterImpl (MiniOzoneClusterImpl.java:lambda$waitForClusterToBeReady$0(235)) - Nodes are ready. Got 3 of 3 DN Heartbeats.
2021-10-24 01:34:04,763 [Listener at 127.0.0.1/37371] INFO  ozone.MiniOzoneClusterImpl (MiniOzoneClusterImpl.java:lambda$waitForClusterToBeReady$0(238)) - Waiting for cluster to exit safe mode
2021-10-24 01:34:04,763 [Listener at 127.0.0.1/37371] INFO  ozone.MiniOzoneClusterImpl (MiniOzoneClusterImpl.java:lambda$waitForClusterToBeReady$0(240)) - SCM became leader
2021-10-24 01:34:05,764 [Listener at 127.0.0.1/37371] INFO  ozone.MiniOzoneClusterImpl (MiniOzoneClusterImpl.java:lambda$waitForClusterToBeReady$0(235)) - Nodes are ready. Got 3 of 3 DN Heartbeats.
2021-10-24 01:34:05,764 [Listener at 127.0.0.1/37371] INFO  ozone.MiniOzoneClusterImpl (MiniOzoneClusterImpl.java:lambda$waitForClusterToBeReady$0(238)) - Waiting for cluster to exit safe mode
2021-10-24 01:34:05,764 [Listener at 127.0.0.1/37371] INFO  ozone.MiniOzoneClusterImpl (MiniOzoneClusterImpl.java:lambda$waitForClusterToBeReady$0(240)) - SCM became leader
2021-10-24 01:34:06,764 [Listener at 127.0.0.1/37371] INFO  ozone.MiniOzoneClusterImpl (MiniOzoneClusterImpl.java:lambda$waitForClusterToBeReady$0(235)) - Nodes are ready. Got 3 of 3 DN Heartbeats.
2021-10-24 01:34:06,764 [Listener at 127.0.0.1/37371] INFO  ozone.MiniOzoneClusterImpl (MiniOzoneClusterImpl.java:lambda$waitForClusterToBeReady$0(238)) - Waiting for cluster to exit safe mode
2021-10-24 01:34:06,764 [Listener at 127.0.0.1/37371] INFO  ozone.MiniOzoneClusterImpl (MiniOzoneClusterImpl.java:lambda$waitForClusterToBeReady$0(240)) - SCM became leader
2021-10-24 01:34:07,764 [Listener at 127.0.0.1/37371] INFO  ozone.MiniOzoneClusterImpl (MiniOzoneClusterImpl.java:lambda$waitForClusterToBeReady$0(235)) - Nodes are ready. Got 3 of 3 DN Heartbeats.
2021-10-24 01:34:07,765 [Listener at 127.0.0.1/37371] INFO  ozone.MiniOzoneClusterImpl (MiniOzoneClusterImpl.java:lambda$waitForClusterToBeReady$0(238)) - Waiting for cluster to exit safe mode
2021-10-24 01:34:07,765 [Listener at 127.0.0.1/37371] INFO  ozone.MiniOzoneClusterImpl (MiniOzoneClusterImpl.java:lambda$waitForClusterToBeReady$0(240)) - SCM became leader
2021-10-24 01:34:08,765 [Listener at 127.0.0.1/37371] INFO  ozone.MiniOzoneClusterImpl (MiniOzoneClusterImpl.java:lambda$waitForClusterToBeReady$0(235)) - Nodes are ready. Got 3 of 3 DN Heartbeats.
2021-10-24 01:34:08,765 [Listener at 127.0.0.1/37371] INFO  ozone.MiniOzoneClusterImpl (MiniOzoneClusterImpl.java:lambda$waitForClusterToBeReady$0(238)) - Waiting for cluster to exit safe mode
2021-10-24 01:34:08,765 [Listener at 127.0.0.1/37371] INFO  ozone.MiniOzoneClusterImpl (MiniOzoneClusterImpl.java:lambda$waitForClusterToBeReady$0(240)) - SCM became leader
2021-10-24 01:34:09,631 [a92b67d1-e676-4bfd-b773-60efead6e052@group-B597187EF31B-FollowerState] INFO  impl.FollowerState (FollowerState.java:run(134)) - a92b67d1-e676-4bfd-b773-60efead6e052@group-B597187EF31B-FollowerState: change to CANDIDATE, lastRpcElapsedTime:5026775722ns, electionTimeout:5019ms
2021-10-24 01:34:09,632 [a92b67d1-e676-4bfd-b773-60efead6e052@group-B597187EF31B-FollowerState] INFO  impl.RoleInfo (RoleInfo.java:shutdownFollowerState(108)) - a92b67d1-e676-4bfd-b773-60efead6e052: shutdown a92b67d1-e676-4bfd-b773-60efead6e052@group-B597187EF31B-FollowerState
2021-10-24 01:34:09,632 [a92b67d1-e676-4bfd-b773-60efead6e052@group-B597187EF31B-FollowerState] INFO  server.RaftServer$Division (RaftServerImpl.java:setRole(290)) - a92b67d1-e676-4bfd-b773-60efead6e052@group-B597187EF31B: changes role from  FOLLOWER to CANDIDATE at term 2 for changeToCandidate
2021-10-24 01:34:09,632 [a92b67d1-e676-4bfd-b773-60efead6e052@group-B597187EF31B-FollowerState] INFO  server.RaftServerConfigKeys (ConfUtils.java:logGet(44)) - raft.server.leaderelection.pre-vote = false (custom)
2021-10-24 01:34:09,632 [a92b67d1-e676-4bfd-b773-60efead6e052@group-B597187EF31B-FollowerState] INFO  impl.RoleInfo (RoleInfo.java:updateAndGet(130)) - a92b67d1-e676-4bfd-b773-60efead6e052: start a92b67d1-e676-4bfd-b773-60efead6e052@group-B597187EF31B-LeaderElection17
2021-10-24 01:34:09,650 [a92b67d1-e676-4bfd-b773-60efead6e052@group-B597187EF31B-LeaderElection17] INFO  impl.LeaderElection (LeaderElection.java:askForVotes(306)) - a92b67d1-e676-4bfd-b773-60efead6e052@group-B597187EF31B-LeaderElection17 ELECTION round 0: submit vote requests at term 3 for -1: [82e1ff8b-aab7-4b8c-8207-e5ba7d0f8a1f|rpc:10.1.0.11:39599|dataStream:|priority:0, a92b67d1-e676-4bfd-b773-60efead6e052|rpc:10.1.0.11:32963|dataStream:|priority:0, 0014d44f-57a6-4d7b-99a8-c9e31c05b4da|rpc:10.1.0.11:43619|dataStream:|priority:1], old=null
2021-10-24 01:34:09,656 [82e1ff8b-aab7-4b8c-8207-e5ba7d0f8a1f@group-B597187EF31B-FollowerState] INFO  impl.FollowerState (FollowerState.java:run(134)) - 82e1ff8b-aab7-4b8c-8207-e5ba7d0f8a1f@group-B597187EF31B-FollowerState: change to CANDIDATE, lastRpcElapsedTime:5058563080ns, electionTimeout:5053ms
2021-10-24 01:34:09,656 [82e1ff8b-aab7-4b8c-8207-e5ba7d0f8a1f@group-B597187EF31B-FollowerState] INFO  impl.RoleInfo (RoleInfo.java:shutdownFollowerState(108)) - 82e1ff8b-aab7-4b8c-8207-e5ba7d0f8a1f: shutdown 82e1ff8b-aab7-4b8c-8207-e5ba7d0f8a1f@group-B597187EF31B-FollowerState
2021-10-24 01:34:09,656 [82e1ff8b-aab7-4b8c-8207-e5ba7d0f8a1f@group-B597187EF31B-FollowerState] INFO  server.RaftServer$Division (RaftServerImpl.java:setRole(290)) - 82e1ff8b-aab7-4b8c-8207-e5ba7d0f8a1f@group-B597187EF31B: changes role from  FOLLOWER to CANDIDATE at term 2 for changeToCandidate
2021-10-24 01:34:09,660 [82e1ff8b-aab7-4b8c-8207-e5ba7d0f8a1f@group-B597187EF31B-FollowerState] INFO  server.RaftServerConfigKeys (ConfUtils.java:logGet(44)) - raft.server.leaderelection.pre-vote = false (custom)
2021-10-24 01:34:09,660 [82e1ff8b-aab7-4b8c-8207-e5ba7d0f8a1f@group-B597187EF31B-FollowerState] INFO  impl.RoleInfo (RoleInfo.java:updateAndGet(130)) - 82e1ff8b-aab7-4b8c-8207-e5ba7d0f8a1f: start 82e1ff8b-aab7-4b8c-8207-e5ba7d0f8a1f@group-B597187EF31B-LeaderElection18
2021-10-24 01:34:09,669 [grpc-default-executor-2] INFO  server.RaftServer$Division (RaftServerImpl.java:requestVote(1046)) - 0014d44f-57a6-4d7b-99a8-c9e31c05b4da@group-B597187EF31B: receive requestVote(ELECTION, a92b67d1-e676-4bfd-b773-60efead6e052, group-B597187EF31B, 3, (t:0, i:0))
2021-10-24 01:34:09,676 [grpc-default-executor-2] INFO  impl.VoteContext (VoteContext.java:log(48)) - 0014d44f-57a6-4d7b-99a8-c9e31c05b4da@group-B597187EF31B-FOLLOWER: reject ELECTION from a92b67d1-e676-4bfd-b773-60efead6e052: our priority 1 > candidate's priority 0
2021-10-24 01:34:09,676 [grpc-default-executor-2] INFO  server.RaftServer$Division (RaftServerImpl.java:setRole(290)) - 0014d44f-57a6-4d7b-99a8-c9e31c05b4da@group-B597187EF31B: changes role from  FOLLOWER to FOLLOWER at term 3 for candidate:a92b67d1-e676-4bfd-b773-60efead6e052
2021-10-24 01:34:09,676 [grpc-default-executor-2] INFO  impl.RoleInfo (RoleInfo.java:shutdownFollowerState(108)) - 0014d44f-57a6-4d7b-99a8-c9e31c05b4da: shutdown 0014d44f-57a6-4d7b-99a8-c9e31c05b4da@group-B597187EF31B-FollowerState
2021-10-24 01:34:09,676 [grpc-default-executor-2] INFO  impl.RoleInfo (RoleInfo.java:updateAndGet(130)) - 0014d44f-57a6-4d7b-99a8-c9e31c05b4da: start 0014d44f-57a6-4d7b-99a8-c9e31c05b4da@group-B597187EF31B-FollowerState
2021-10-24 01:34:09,669 [grpc-default-executor-0] INFO  server.RaftServer$Division (RaftServerImpl.java:requestVote(1046)) - 82e1ff8b-aab7-4b8c-8207-e5ba7d0f8a1f@group-B597187EF31B: receive requestVote(ELECTION, a92b67d1-e676-4bfd-b773-60efead6e052, group-B597187EF31B, 3, (t:0, i:0))
2021-10-24 01:34:09,677 [0014d44f-57a6-4d7b-99a8-c9e31c05b4da@group-B597187EF31B-FollowerState] INFO  impl.FollowerState (FollowerState.java:run(143)) - 0014d44f-57a6-4d7b-99a8-c9e31c05b4da@group-B597187EF31B-FollowerState was interrupted: {}
java.lang.InterruptedException: sleep interrupted
	at java.lang.Thread.sleep(Native Method)
	at java.lang.Thread.sleep(Thread.java:340)
	at java.util.concurrent.TimeUnit.sleep(TimeUnit.java:386)
	at org.apache.ratis.util.TimeDuration.sleep(TimeDuration.java:324)
	at org.apache.ratis.util.TimeDuration.sleep(TimeDuration.java:309)
	at org.apache.ratis.server.impl.FollowerState.run(FollowerState.java:118)
2021-10-24 01:34:09,685 [grpc-default-executor-0] INFO  impl.VoteContext (VoteContext.java:log(48)) - 82e1ff8b-aab7-4b8c-8207-e5ba7d0f8a1f@group-B597187EF31B-CANDIDATE: reject ELECTION from a92b67d1-e676-4bfd-b773-60efead6e052: already has voted for 82e1ff8b-aab7-4b8c-8207-e5ba7d0f8a1f at current term 3
2021-10-24 01:34:09,685 [grpc-default-executor-0] INFO  server.RaftServer$Division (RaftServerImpl.java:requestVote(1078)) - 82e1ff8b-aab7-4b8c-8207-e5ba7d0f8a1f@group-B597187EF31B replies to ELECTION vote request: a92b67d1-e676-4bfd-b773-60efead6e052<-82e1ff8b-aab7-4b8c-8207-e5ba7d0f8a1f#0:FAIL-t3. Peer's state: 82e1ff8b-aab7-4b8c-8207-e5ba7d0f8a1f@group-B597187EF31B:t3, leader=null, voted=82e1ff8b-aab7-4b8c-8207-e5ba7d0f8a1f, raftlog=82e1ff8b-aab7-4b8c-8207-e5ba7d0f8a1f@group-B597187EF31B-SegmentedRaftLog:OPENED:c-1, conf=-1: [82e1ff8b-aab7-4b8c-8207-e5ba7d0f8a1f|rpc:10.1.0.11:39599|priority:0, a92b67d1-e676-4bfd-b773-60efead6e052|rpc:10.1.0.11:32963|priority:0, 0014d44f-57a6-4d7b-99a8-c9e31c05b4da|rpc:10.1.0.11:43619|priority:1], old=null
2021-10-24 01:34:09,688 [82e1ff8b-aab7-4b8c-8207-e5ba7d0f8a1f@group-B597187EF31B-LeaderElection18] INFO  impl.LeaderElection (LeaderElection.java:askForVotes(306)) - 82e1ff8b-aab7-4b8c-8207-e5ba7d0f8a1f@group-B597187EF31B-LeaderElection18 ELECTION round 0: submit vote requests at term 3 for -1: [82e1ff8b-aab7-4b8c-8207-e5ba7d0f8a1f|rpc:10.1.0.11:39599|priority:0, a92b67d1-e676-4bfd-b773-60efead6e052|rpc:10.1.0.11:32963|priority:0, 0014d44f-57a6-4d7b-99a8-c9e31c05b4da|rpc:10.1.0.11:43619|priority:1], old=null
2021-10-24 01:34:09,702 [grpc-default-executor-2] INFO  server.RaftServer$Division (RaftServerImpl.java:requestVote(1078)) - 0014d44f-57a6-4d7b-99a8-c9e31c05b4da@group-B597187EF31B replies to ELECTION vote request: a92b67d1-e676-4bfd-b773-60efead6e052<-0014d44f-57a6-4d7b-99a8-c9e31c05b4da#0:FAIL-t3. Peer's state: 0014d44f-57a6-4d7b-99a8-c9e31c05b4da@group-B597187EF31B:t3, leader=null, voted=null, raftlog=0014d44f-57a6-4d7b-99a8-c9e31c05b4da@group-B597187EF31B-SegmentedRaftLog:OPENED:c-1, conf=-1: [82e1ff8b-aab7-4b8c-8207-e5ba7d0f8a1f|rpc:10.1.0.11:39599|dataStream:|priority:0, a92b67d1-e676-4bfd-b773-60efead6e052|rpc:10.1.0.11:32963|dataStream:|priority:0, 0014d44f-57a6-4d7b-99a8-c9e31c05b4da|rpc:10.1.0.11:43619|dataStream:|priority:1], old=null
2021-10-24 01:34:09,705 [grpc-default-executor-0] INFO  server.RaftServer$Division (RaftServerImpl.java:requestVote(1046)) - a92b67d1-e676-4bfd-b773-60efead6e052@group-B597187EF31B: receive requestVote(ELECTION, 82e1ff8b-aab7-4b8c-8207-e5ba7d0f8a1f, group-B597187EF31B, 3, (t:0, i:0))
2021-10-24 01:34:09,705 [grpc-default-executor-0] INFO  impl.VoteContext (VoteContext.java:log(48)) - a92b67d1-e676-4bfd-b773-60efead6e052@group-B597187EF31B-CANDIDATE: reject ELECTION from 82e1ff8b-aab7-4b8c-8207-e5ba7d0f8a1f: already has voted for a92b67d1-e676-4bfd-b773-60efead6e052 at current term 3
2021-10-24 01:34:09,706 [grpc-default-executor-0] INFO  server.RaftServer$Division (RaftServerImpl.java:requestVote(1078)) - a92b67d1-e676-4bfd-b773-60efead6e052@group-B597187EF31B replies to ELECTION vote request: 82e1ff8b-aab7-4b8c-8207-e5ba7d0f8a1f<-a92b67d1-e676-4bfd-b773-60efead6e052#0:FAIL-t3. Peer's state: a92b67d1-e676-4bfd-b773-60efead6e052@group-B597187EF31B:t3, leader=null, voted=a92b67d1-e676-4bfd-b773-60efead6e052, raftlog=a92b67d1-e676-4bfd-b773-60efead6e052@group-B597187EF31B-SegmentedRaftLog:OPENED:c-1, conf=-1: [82e1ff8b-aab7-4b8c-8207-e5ba7d0f8a1f|rpc:10.1.0.11:39599|dataStream:|priority:0, a92b67d1-e676-4bfd-b773-60efead6e052|rpc:10.1.0.11:32963|dataStream:|priority:0, 0014d44f-57a6-4d7b-99a8-c9e31c05b4da|rpc:10.1.0.11:43619|dataStream:|priority:1], old=null
2021-10-24 01:34:09,706 [a92b67d1-e676-4bfd-b773-60efead6e052@group-B597187EF31B-LeaderElection17] INFO  impl.LeaderElection (LeaderElection.java:logAndReturn(89)) - a92b67d1-e676-4bfd-b773-60efead6e052@group-B597187EF31B-LeaderElection17: ELECTION REJECTED received 2 response(s) and 0 exception(s):
2021-10-24 01:34:09,707 [a92b67d1-e676-4bfd-b773-60efead6e052@group-B597187EF31B-LeaderElection17] INFO  impl.LeaderElection (LeaderElection.java:logAndReturn(93)) -   Response 0: a92b67d1-e676-4bfd-b773-60efead6e052<-82e1ff8b-aab7-4b8c-8207-e5ba7d0f8a1f#0:FAIL-t3
2021-10-24 01:34:09,707 [a92b67d1-e676-4bfd-b773-60efead6e052@group-B597187EF31B-LeaderElection17] INFO  impl.LeaderElection (LeaderElection.java:logAndReturn(93)) -   Response 1: a92b67d1-e676-4bfd-b773-60efead6e052<-0014d44f-57a6-4d7b-99a8-c9e31c05b4da#0:FAIL-t3
2021-10-24 01:34:09,726 [a92b67d1-e676-4bfd-b773-60efead6e052@group-B597187EF31B-LeaderElection17] INFO  impl.LeaderElection (LeaderElection.java:askForVotes(308)) - a92b67d1-e676-4bfd-b773-60efead6e052@group-B597187EF31B-LeaderElection17 ELECTION round 0: result REJECTED
2021-10-24 01:34:09,726 [a92b67d1-e676-4bfd-b773-60efead6e052@group-B597187EF31B-LeaderElection17] INFO  server.RaftServer$Division (RaftServerImpl.java:setRole(290)) - a92b67d1-e676-4bfd-b773-60efead6e052@group-B597187EF31B: changes role from CANDIDATE to FOLLOWER at term 3 for REJECTED
2021-10-24 01:34:09,726 [a92b67d1-e676-4bfd-b773-60efead6e052@group-B597187EF31B-LeaderElection17] INFO  impl.RoleInfo (RoleInfo.java:shutdownLeaderElection(121)) - a92b67d1-e676-4bfd-b773-60efead6e052: shutdown a92b67d1-e676-4bfd-b773-60efead6e052@group-B597187EF31B-LeaderElection17
2021-10-24 01:34:09,726 [a92b67d1-e676-4bfd-b773-60efead6e052@group-B597187EF31B-LeaderElection17] INFO  impl.RoleInfo (RoleInfo.java:updateAndGet(130)) - a92b67d1-e676-4bfd-b773-60efead6e052: start a92b67d1-e676-4bfd-b773-60efead6e052@group-B597187EF31B-FollowerState
2021-10-24 01:34:09,729 [grpc-default-executor-2] INFO  server.RaftServer$Division (RaftServerImpl.java:requestVote(1046)) - 0014d44f-57a6-4d7b-99a8-c9e31c05b4da@group-B597187EF31B: receive requestVote(ELECTION, 82e1ff8b-aab7-4b8c-8207-e5ba7d0f8a1f, group-B597187EF31B, 3, (t:0, i:0))
2021-10-24 01:34:09,733 [grpc-default-executor-2] INFO  impl.VoteContext (VoteContext.java:log(48)) - 0014d44f-57a6-4d7b-99a8-c9e31c05b4da@group-B597187EF31B-FOLLOWER: reject ELECTION from 82e1ff8b-aab7-4b8c-8207-e5ba7d0f8a1f: our priority 1 > candidate's priority 0
2021-10-24 01:34:09,733 [grpc-default-executor-2] INFO  server.RaftServer$Division (RaftServerImpl.java:setRole(290)) - 0014d44f-57a6-4d7b-99a8-c9e31c05b4da@group-B597187EF31B: changes role from  FOLLOWER to FOLLOWER at term 3 for candidate:82e1ff8b-aab7-4b8c-8207-e5ba7d0f8a1f
2021-10-24 01:34:09,733 [grpc-default-executor-2] INFO  impl.RoleInfo (RoleInfo.java:shutdownFollowerState(108)) - 0014d44f-57a6-4d7b-99a8-c9e31c05b4da: shutdown 0014d44f-57a6-4d7b-99a8-c9e31c05b4da@group-B597187EF31B-FollowerState
2021-10-24 01:34:09,733 [grpc-default-executor-2] INFO  impl.RoleInfo (RoleInfo.java:updateAndGet(130)) - 0014d44f-57a6-4d7b-99a8-c9e31c05b4da: start 0014d44f-57a6-4d7b-99a8-c9e31c05b4da@group-B597187EF31B-FollowerState
2021-10-24 01:34:09,733 [grpc-default-executor-2] INFO  server.RaftServer$Division (RaftServerImpl.java:requestVote(1078)) - 0014d44f-57a6-4d7b-99a8-c9e31c05b4da@group-B597187EF31B replies to ELECTION vote request: 82e1ff8b-aab7-4b8c-8207-e5ba7d0f8a1f<-0014d44f-57a6-4d7b-99a8-c9e31c05b4da#0:FAIL-t3. Peer's state: 0014d44f-57a6-4d7b-99a8-c9e31c05b4da@group-B597187EF31B:t3, leader=null, voted=null, raftlog=0014d44f-57a6-4d7b-99a8-c9e31c05b4da@group-B597187EF31B-SegmentedRaftLog:OPENED:c-1, conf=-1: [82e1ff8b-aab7-4b8c-8207-e5ba7d0f8a1f|rpc:10.1.0.11:39599|dataStream:|priority:0, a92b67d1-e676-4bfd-b773-60efead6e052|rpc:10.1.0.11:32963|dataStream:|priority:0, 0014d44f-57a6-4d7b-99a8-c9e31c05b4da|rpc:10.1.0.11:43619|dataStream:|priority:1], old=null
2021-10-24 01:34:09,734 [82e1ff8b-aab7-4b8c-8207-e5ba7d0f8a1f@group-B597187EF31B-LeaderElection18] INFO  impl.LeaderElection (LeaderElection.java:logAndReturn(89)) - 82e1ff8b-aab7-4b8c-8207-e5ba7d0f8a1f@group-B597187EF31B-LeaderElection18: ELECTION REJECTED received 2 response(s) and 0 exception(s):
2021-10-24 01:34:09,734 [82e1ff8b-aab7-4b8c-8207-e5ba7d0f8a1f@group-B597187EF31B-LeaderElection18] INFO  impl.LeaderElection (LeaderElection.java:logAndReturn(93)) -   Response 0: 82e1ff8b-aab7-4b8c-8207-e5ba7d0f8a1f<-a92b67d1-e676-4bfd-b773-60efead6e052#0:FAIL-t3
2021-10-24 01:34:09,734 [82e1ff8b-aab7-4b8c-8207-e5ba7d0f8a1f@group-B597187EF31B-LeaderElection18] INFO  impl.LeaderElection (LeaderElection.java:logAndReturn(93)) -   Response 1: 82e1ff8b-aab7-4b8c-8207-e5ba7d0f8a1f<-0014d44f-57a6-4d7b-99a8-c9e31c05b4da#0:FAIL-t3
2021-10-24 01:34:09,734 [82e1ff8b-aab7-4b8c-8207-e5ba7d0f8a1f@group-B597187EF31B-LeaderElection18] INFO  impl.LeaderElection (LeaderElection.java:askForVotes(308)) - 82e1ff8b-aab7-4b8c-8207-e5ba7d0f8a1f@group-B597187EF31B-LeaderElection18 ELECTION round 0: result REJECTED
2021-10-24 01:34:09,734 [82e1ff8b-aab7-4b8c-8207-e5ba7d0f8a1f@group-B597187EF31B-LeaderElection18] INFO  server.RaftServer$Division (RaftServerImpl.java:setRole(290)) - 82e1ff8b-aab7-4b8c-8207-e5ba7d0f8a1f@group-B597187EF31B: changes role from CANDIDATE to FOLLOWER at term 3 for REJECTED
2021-10-24 01:34:09,734 [82e1ff8b-aab7-4b8c-8207-e5ba7d0f8a1f@group-B597187EF31B-LeaderElection18] INFO  impl.RoleInfo (RoleInfo.java:shutdownLeaderElection(121)) - 82e1ff8b-aab7-4b8c-8207-e5ba7d0f8a1f: shutdown 82e1ff8b-aab7-4b8c-8207-e5ba7d0f8a1f@group-B597187EF31B-LeaderElection18
2021-10-24 01:34:09,734 [82e1ff8b-aab7-4b8c-8207-e5ba7d0f8a1f@group-B597187EF31B-LeaderElection18] INFO  impl.RoleInfo (RoleInfo.java:updateAndGet(130)) - 82e1ff8b-aab7-4b8c-8207-e5ba7d0f8a1f: start 82e1ff8b-aab7-4b8c-8207-e5ba7d0f8a1f@group-B597187EF31B-FollowerState
2021-10-24 01:34:09,740 [0014d44f-57a6-4d7b-99a8-c9e31c05b4da@group-B597187EF31B-FollowerState] INFO  impl.FollowerState (FollowerState.java:run(143)) - 0014d44f-57a6-4d7b-99a8-c9e31c05b4da@group-B597187EF31B-FollowerState was interrupted: {}
java.lang.InterruptedException: sleep interrupted
	at java.lang.Thread.sleep(Native Method)
	at java.lang.Thread.sleep(Thread.java:340)
	at java.util.concurrent.TimeUnit.sleep(TimeUnit.java:386)
	at org.apache.ratis.util.TimeDuration.sleep(TimeDuration.java:324)
	at org.apache.ratis.util.TimeDuration.sleep(TimeDuration.java:309)
	at org.apache.ratis.server.impl.FollowerState.run(FollowerState.java:118)
2021-10-24 01:34:09,765 [Listener at 127.0.0.1/37371] INFO  ozone.MiniOzoneClusterImpl (MiniOzoneClusterImpl.java:lambda$waitForClusterToBeReady$0(235)) - Nodes are ready. Got 3 of 3 DN Heartbeats.
2021-10-24 01:34:09,765 [Listener at 127.0.0.1/37371] INFO  ozone.MiniOzoneClusterImpl (MiniOzoneClusterImpl.java:lambda$waitForClusterToBeReady$0(238)) - Waiting for cluster to exit safe mode
2021-10-24 01:34:09,765 [Listener at 127.0.0.1/37371] INFO  ozone.MiniOzoneClusterImpl (MiniOzoneClusterImpl.java:lambda$waitForClusterToBeReady$0(240)) - SCM became leader
2021-10-24 01:34:10,766 [Listener at 127.0.0.1/37371] INFO  ozone.MiniOzoneClusterImpl (MiniOzoneClusterImpl.java:lambda$waitForClusterToBeReady$0(235)) - Nodes are ready. Got 3 of 3 DN Heartbeats.
2021-10-24 01:34:10,766 [Listener at 127.0.0.1/37371] INFO  ozone.MiniOzoneClusterImpl (MiniOzoneClusterImpl.java:lambda$waitForClusterToBeReady$0(238)) - Waiting for cluster to exit safe mode
2021-10-24 01:34:10,766 [Listener at 127.0.0.1/37371] INFO  ozone.MiniOzoneClusterImpl (MiniOzoneClusterImpl.java:lambda$waitForClusterToBeReady$0(240)) - SCM became leader
2021-10-24 01:34:11,766 [Listener at 127.0.0.1/37371] INFO  ozone.MiniOzoneClusterImpl (MiniOzoneClusterImpl.java:lambda$waitForClusterToBeReady$0(235)) - Nodes are ready. Got 3 of 3 DN Heartbeats.
2021-10-24 01:34:11,766 [Listener at 127.0.0.1/37371] INFO  ozone.MiniOzoneClusterImpl (MiniOzoneClusterImpl.java:lambda$waitForClusterToBeReady$0(238)) - Waiting for cluster to exit safe mode
2021-10-24 01:34:11,766 [Listener at 127.0.0.1/37371] INFO  ozone.MiniOzoneClusterImpl (MiniOzoneClusterImpl.java:lambda$waitForClusterToBeReady$0(240)) - SCM became leader
2021-10-24 01:34:12,766 [Listener at 127.0.0.1/37371] INFO  ozone.MiniOzoneClusterImpl (MiniOzoneClusterImpl.java:lambda$waitForClusterToBeReady$0(235)) - Nodes are ready. Got 3 of 3 DN Heartbeats.
2021-10-24 01:34:12,767 [Listener at 127.0.0.1/37371] INFO  ozone.MiniOzoneClusterImpl (MiniOzoneClusterImpl.java:lambda$waitForClusterToBeReady$0(238)) - Waiting for cluster to exit safe mode
2021-10-24 01:34:12,767 [Listener at 127.0.0.1/37371] INFO  ozone.MiniOzoneClusterImpl (MiniOzoneClusterImpl.java:lambda$waitForClusterToBeReady$0(240)) - SCM became leader
2021-10-24 01:34:13,767 [Listener at 127.0.0.1/37371] INFO  ozone.MiniOzoneClusterImpl (MiniOzoneClusterImpl.java:lambda$waitForClusterToBeReady$0(235)) - Nodes are ready. Got 3 of 3 DN Heartbeats.
2021-10-24 01:34:13,767 [Listener at 127.0.0.1/37371] INFO  ozone.MiniOzoneClusterImpl (MiniOzoneClusterImpl.java:lambda$waitForClusterToBeReady$0(238)) - Waiting for cluster to exit safe mode
2021-10-24 01:34:13,767 [Listener at 127.0.0.1/37371] INFO  ozone.MiniOzoneClusterImpl (MiniOzoneClusterImpl.java:lambda$waitForClusterToBeReady$0(240)) - SCM became leader
2021-10-24 01:34:14,767 [Listener at 127.0.0.1/37371] INFO  ozone.MiniOzoneClusterImpl (MiniOzoneClusterImpl.java:lambda$waitForClusterToBeReady$0(235)) - Nodes are ready. Got 3 of 3 DN Heartbeats.
2021-10-24 01:34:14,767 [Listener at 127.0.0.1/37371] INFO  ozone.MiniOzoneClusterImpl (MiniOzoneClusterImpl.java:lambda$waitForClusterToBeReady$0(238)) - Waiting for cluster to exit safe mode
2021-10-24 01:34:14,767 [Listener at 127.0.0.1/37371] INFO  ozone.MiniOzoneClusterImpl (MiniOzoneClusterImpl.java:lambda$waitForClusterToBeReady$0(240)) - SCM became leader
2021-10-24 01:34:14,797 [82e1ff8b-aab7-4b8c-8207-e5ba7d0f8a1f@group-B597187EF31B-FollowerState] INFO  impl.FollowerState (FollowerState.java:run(134)) - 82e1ff8b-aab7-4b8c-8207-e5ba7d0f8a1f@group-B597187EF31B-FollowerState: change to CANDIDATE, lastRpcElapsedTime:5062682841ns, electionTimeout:5062ms
2021-10-24 01:34:14,797 [82e1ff8b-aab7-4b8c-8207-e5ba7d0f8a1f@group-B597187EF31B-FollowerState] INFO  impl.RoleInfo (RoleInfo.java:shutdownFollowerState(108)) - 82e1ff8b-aab7-4b8c-8207-e5ba7d0f8a1f: shutdown 82e1ff8b-aab7-4b8c-8207-e5ba7d0f8a1f@group-B597187EF31B-FollowerState
2021-10-24 01:34:14,797 [82e1ff8b-aab7-4b8c-8207-e5ba7d0f8a1f@group-B597187EF31B-FollowerState] INFO  server.RaftServer$Division (RaftServerImpl.java:setRole(290)) - 82e1ff8b-aab7-4b8c-8207-e5ba7d0f8a1f@group-B597187EF31B: changes role from  FOLLOWER to CANDIDATE at term 3 for changeToCandidate
2021-10-24 01:34:14,797 [82e1ff8b-aab7-4b8c-8207-e5ba7d0f8a1f@group-B597187EF31B-FollowerState] INFO  server.RaftServerConfigKeys (ConfUtils.java:logGet(44)) - raft.server.leaderelection.pre-vote = false (custom)
2021-10-24 01:34:14,797 [82e1ff8b-aab7-4b8c-8207-e5ba7d0f8a1f@group-B597187EF31B-FollowerState] INFO  impl.RoleInfo (RoleInfo.java:updateAndGet(130)) - 82e1ff8b-aab7-4b8c-8207-e5ba7d0f8a1f: start 82e1ff8b-aab7-4b8c-8207-e5ba7d0f8a1f@group-B597187EF31B-LeaderElection19
2021-10-24 01:34:14,814 [0014d44f-57a6-4d7b-99a8-c9e31c05b4da@group-B597187EF31B-FollowerState] INFO  impl.FollowerState (FollowerState.java:run(134)) - 0014d44f-57a6-4d7b-99a8-c9e31c05b4da@group-B597187EF31B-FollowerState: change to CANDIDATE, lastRpcElapsedTime:5080800501ns, electionTimeout:5079ms
2021-10-24 01:34:14,814 [0014d44f-57a6-4d7b-99a8-c9e31c05b4da@group-B597187EF31B-FollowerState] INFO  impl.RoleInfo (RoleInfo.java:shutdownFollowerState(108)) - 0014d44f-57a6-4d7b-99a8-c9e31c05b4da: shutdown 0014d44f-57a6-4d7b-99a8-c9e31c05b4da@group-B597187EF31B-FollowerState
2021-10-24 01:34:14,814 [0014d44f-57a6-4d7b-99a8-c9e31c05b4da@group-B597187EF31B-FollowerState] INFO  server.RaftServer$Division (RaftServerImpl.java:setRole(290)) - 0014d44f-57a6-4d7b-99a8-c9e31c05b4da@group-B597187EF31B: changes role from  FOLLOWER to CANDIDATE at term 3 for changeToCandidate
2021-10-24 01:34:14,814 [0014d44f-57a6-4d7b-99a8-c9e31c05b4da@group-B597187EF31B-FollowerState] INFO  server.RaftServerConfigKeys (ConfUtils.java:logGet(44)) - raft.server.leaderelection.pre-vote = false (custom)
2021-10-24 01:34:14,814 [0014d44f-57a6-4d7b-99a8-c9e31c05b4da@group-B597187EF31B-FollowerState] INFO  impl.RoleInfo (RoleInfo.java:updateAndGet(130)) - 0014d44f-57a6-4d7b-99a8-c9e31c05b4da: start 0014d44f-57a6-4d7b-99a8-c9e31c05b4da@group-B597187EF31B-LeaderElection20
2021-10-24 01:34:14,841 [82e1ff8b-aab7-4b8c-8207-e5ba7d0f8a1f@group-B597187EF31B-LeaderElection19] INFO  impl.LeaderElection (LeaderElection.java:askForVotes(306)) - 82e1ff8b-aab7-4b8c-8207-e5ba7d0f8a1f@group-B597187EF31B-LeaderElection19 ELECTION round 0: submit vote requests at term 4 for -1: [82e1ff8b-aab7-4b8c-8207-e5ba7d0f8a1f|rpc:10.1.0.11:39599|priority:0, a92b67d1-e676-4bfd-b773-60efead6e052|rpc:10.1.0.11:32963|priority:0, 0014d44f-57a6-4d7b-99a8-c9e31c05b4da|rpc:10.1.0.11:43619|priority:1], old=null
2021-10-24 01:34:14,850 [0014d44f-57a6-4d7b-99a8-c9e31c05b4da@group-B597187EF31B-LeaderElection20] INFO  impl.LeaderElection (LeaderElection.java:askForVotes(306)) - 0014d44f-57a6-4d7b-99a8-c9e31c05b4da@group-B597187EF31B-LeaderElection20 ELECTION round 0: submit vote requests at term 4 for -1: [82e1ff8b-aab7-4b8c-8207-e5ba7d0f8a1f|rpc:10.1.0.11:39599|dataStream:|priority:0, a92b67d1-e676-4bfd-b773-60efead6e052|rpc:10.1.0.11:32963|dataStream:|priority:0, 0014d44f-57a6-4d7b-99a8-c9e31c05b4da|rpc:10.1.0.11:43619|dataStream:|priority:1], old=null
2021-10-24 01:34:14,857 [grpc-default-executor-2] INFO  server.RaftServer$Division (RaftServerImpl.java:requestVote(1046)) - a92b67d1-e676-4bfd-b773-60efead6e052@group-B597187EF31B: receive requestVote(ELECTION, 82e1ff8b-aab7-4b8c-8207-e5ba7d0f8a1f, group-B597187EF31B, 4, (t:0, i:0))
2021-10-24 01:34:14,857 [grpc-default-executor-2] INFO  impl.VoteContext (VoteContext.java:log(48)) - a92b67d1-e676-4bfd-b773-60efead6e052@group-B597187EF31B-FOLLOWER: accept ELECTION from 82e1ff8b-aab7-4b8c-8207-e5ba7d0f8a1f: our priority 0 <= candidate's priority 0
2021-10-24 01:34:14,857 [grpc-default-executor-2] INFO  server.RaftServer$Division (RaftServerImpl.java:setRole(290)) - a92b67d1-e676-4bfd-b773-60efead6e052@group-B597187EF31B: changes role from  FOLLOWER to FOLLOWER at term 4 for candidate:82e1ff8b-aab7-4b8c-8207-e5ba7d0f8a1f
2021-10-24 01:34:14,857 [grpc-default-executor-2] INFO  impl.RoleInfo (RoleInfo.java:shutdownFollowerState(108)) - a92b67d1-e676-4bfd-b773-60efead6e052: shutdown a92b67d1-e676-4bfd-b773-60efead6e052@group-B597187EF31B-FollowerState
2021-10-24 01:34:14,857 [grpc-default-executor-2] INFO  impl.RoleInfo (RoleInfo.java:updateAndGet(130)) - a92b67d1-e676-4bfd-b773-60efead6e052: start a92b67d1-e676-4bfd-b773-60efead6e052@group-B597187EF31B-FollowerState
2021-10-24 01:34:14,857 [a92b67d1-e676-4bfd-b773-60efead6e052@group-B597187EF31B-FollowerState] INFO  impl.FollowerState (FollowerState.java:run(143)) - a92b67d1-e676-4bfd-b773-60efead6e052@group-B597187EF31B-FollowerState was interrupted: {}
java.lang.InterruptedException: sleep interrupted
	at java.lang.Thread.sleep(Native Method)
	at java.lang.Thread.sleep(Thread.java:340)
	at java.util.concurrent.TimeUnit.sleep(TimeUnit.java:386)
	at org.apache.ratis.util.TimeDuration.sleep(TimeDuration.java:324)
	at org.apache.ratis.util.TimeDuration.sleep(TimeDuration.java:309)
	at org.apache.ratis.server.impl.FollowerState.run(FollowerState.java:118)
2021-10-24 01:34:14,877 [grpc-default-executor-0] INFO  server.RaftServer$Division (RaftServerImpl.java:requestVote(1046)) - 82e1ff8b-aab7-4b8c-8207-e5ba7d0f8a1f@group-B597187EF31B: receive requestVote(ELECTION, 0014d44f-57a6-4d7b-99a8-c9e31c05b4da, group-B597187EF31B, 4, (t:0, i:0))
2021-10-24 01:34:14,861 [grpc-default-executor-2] INFO  server.RaftServer$Division (RaftServerImpl.java:requestVote(1078)) - a92b67d1-e676-4bfd-b773-60efead6e052@group-B597187EF31B replies to ELECTION vote request: 82e1ff8b-aab7-4b8c-8207-e5ba7d0f8a1f<-a92b67d1-e676-4bfd-b773-60efead6e052#0:OK-t4. Peer's state: a92b67d1-e676-4bfd-b773-60efead6e052@group-B597187EF31B:t4, leader=null, voted=82e1ff8b-aab7-4b8c-8207-e5ba7d0f8a1f, raftlog=a92b67d1-e676-4bfd-b773-60efead6e052@group-B597187EF31B-SegmentedRaftLog:OPENED:c-1, conf=-1: [82e1ff8b-aab7-4b8c-8207-e5ba7d0f8a1f|rpc:10.1.0.11:39599|dataStream:|priority:0, a92b67d1-e676-4bfd-b773-60efead6e052|rpc:10.1.0.11:32963|dataStream:|priority:0, 0014d44f-57a6-4d7b-99a8-c9e31c05b4da|rpc:10.1.0.11:43619|dataStream:|priority:1], old=null
2021-10-24 01:34:14,881 [grpc-default-executor-3] INFO  server.RaftServer$Division (RaftServerImpl.java:requestVote(1046)) - 0014d44f-57a6-4d7b-99a8-c9e31c05b4da@group-B597187EF31B: receive requestVote(ELECTION, 82e1ff8b-aab7-4b8c-8207-e5ba7d0f8a1f, group-B597187EF31B, 4, (t:0, i:0))
2021-10-24 01:34:14,881 [grpc-default-executor-3] INFO  impl.VoteContext (VoteContext.java:log(48)) - 0014d44f-57a6-4d7b-99a8-c9e31c05b4da@group-B597187EF31B-CANDIDATE: reject ELECTION from 82e1ff8b-aab7-4b8c-8207-e5ba7d0f8a1f: already has voted for 0014d44f-57a6-4d7b-99a8-c9e31c05b4da at current term 4
2021-10-24 01:34:14,881 [grpc-default-executor-3] INFO  server.RaftServer$Division (RaftServerImpl.java:requestVote(1078)) - 0014d44f-57a6-4d7b-99a8-c9e31c05b4da@group-B597187EF31B replies to ELECTION vote request: 82e1ff8b-aab7-4b8c-8207-e5ba7d0f8a1f<-0014d44f-57a6-4d7b-99a8-c9e31c05b4da#0:FAIL-t4. Peer's state: 0014d44f-57a6-4d7b-99a8-c9e31c05b4da@group-B597187EF31B:t4, leader=null, voted=0014d44f-57a6-4d7b-99a8-c9e31c05b4da, raftlog=0014d44f-57a6-4d7b-99a8-c9e31c05b4da@group-B597187EF31B-SegmentedRaftLog:OPENED:c-1, conf=-1: [82e1ff8b-aab7-4b8c-8207-e5ba7d0f8a1f|rpc:10.1.0.11:39599|dataStream:|priority:0, a92b67d1-e676-4bfd-b773-60efead6e052|rpc:10.1.0.11:32963|dataStream:|priority:0, 0014d44f-57a6-4d7b-99a8-c9e31c05b4da|rpc:10.1.0.11:43619|dataStream:|priority:1], old=null
2021-10-24 01:34:14,877 [grpc-default-executor-0] INFO  impl.VoteContext (VoteContext.java:log(48)) - 82e1ff8b-aab7-4b8c-8207-e5ba7d0f8a1f@group-B597187EF31B-CANDIDATE: reject ELECTION from 0014d44f-57a6-4d7b-99a8-c9e31c05b4da: already has voted for 82e1ff8b-aab7-4b8c-8207-e5ba7d0f8a1f at current term 4
2021-10-24 01:34:14,889 [grpc-default-executor-0] INFO  server.RaftServer$Division (RaftServerImpl.java:requestVote(1078)) - 82e1ff8b-aab7-4b8c-8207-e5ba7d0f8a1f@group-B597187EF31B replies to ELECTION vote request: 0014d44f-57a6-4d7b-99a8-c9e31c05b4da<-82e1ff8b-aab7-4b8c-8207-e5ba7d0f8a1f#0:FAIL-t4. Peer's state: 82e1ff8b-aab7-4b8c-8207-e5ba7d0f8a1f@group-B597187EF31B:t4, leader=null, voted=82e1ff8b-aab7-4b8c-8207-e5ba7d0f8a1f, raftlog=82e1ff8b-aab7-4b8c-8207-e5ba7d0f8a1f@group-B597187EF31B-SegmentedRaftLog:OPENED:c-1, conf=-1: [82e1ff8b-aab7-4b8c-8207-e5ba7d0f8a1f|rpc:10.1.0.11:39599|priority:0, a92b67d1-e676-4bfd-b773-60efead6e052|rpc:10.1.0.11:32963|priority:0, 0014d44f-57a6-4d7b-99a8-c9e31c05b4da|rpc:10.1.0.11:43619|priority:1], old=null
2021-10-24 01:34:14,899 [82e1ff8b-aab7-4b8c-8207-e5ba7d0f8a1f@group-B597187EF31B-LeaderElection19] INFO  impl.LeaderElection (LeaderElection.java:logAndReturn(89)) - 82e1ff8b-aab7-4b8c-8207-e5ba7d0f8a1f@group-B597187EF31B-LeaderElection19: ELECTION REJECTED received 2 response(s) and 0 exception(s):
2021-10-24 01:34:14,899 [82e1ff8b-aab7-4b8c-8207-e5ba7d0f8a1f@group-B597187EF31B-LeaderElection19] INFO  impl.LeaderElection (LeaderElection.java:logAndReturn(93)) -   Response 0: 82e1ff8b-aab7-4b8c-8207-e5ba7d0f8a1f<-a92b67d1-e676-4bfd-b773-60efead6e052#0:OK-t4
2021-10-24 01:34:14,899 [82e1ff8b-aab7-4b8c-8207-e5ba7d0f8a1f@group-B597187EF31B-LeaderElection19] INFO  impl.LeaderElection (LeaderElection.java:logAndReturn(93)) -   Response 1: 82e1ff8b-aab7-4b8c-8207-e5ba7d0f8a1f<-0014d44f-57a6-4d7b-99a8-c9e31c05b4da#0:FAIL-t4
2021-10-24 01:34:14,899 [82e1ff8b-aab7-4b8c-8207-e5ba7d0f8a1f@group-B597187EF31B-LeaderElection19] INFO  impl.LeaderElection (LeaderElection.java:askForVotes(308)) - 82e1ff8b-aab7-4b8c-8207-e5ba7d0f8a1f@group-B597187EF31B-LeaderElection19 ELECTION round 0: result REJECTED
2021-10-24 01:34:14,899 [82e1ff8b-aab7-4b8c-8207-e5ba7d0f8a1f@group-B597187EF31B-LeaderElection19] INFO  server.RaftServer$Division (RaftServerImpl.java:setRole(290)) - 82e1ff8b-aab7-4b8c-8207-e5ba7d0f8a1f@group-B597187EF31B: changes role from CANDIDATE to FOLLOWER at term 4 for REJECTED
2021-10-24 01:34:14,899 [82e1ff8b-aab7-4b8c-8207-e5ba7d0f8a1f@group-B597187EF31B-LeaderElection19] INFO  impl.RoleInfo (RoleInfo.java:shutdownLeaderElection(121)) - 82e1ff8b-aab7-4b8c-8207-e5ba7d0f8a1f: shutdown 82e1ff8b-aab7-4b8c-8207-e5ba7d0f8a1f@group-B597187EF31B-LeaderElection19
2021-10-24 01:34:14,899 [82e1ff8b-aab7-4b8c-8207-e5ba7d0f8a1f@group-B597187EF31B-LeaderElection19] INFO  impl.RoleInfo (RoleInfo.java:updateAndGet(130)) - 82e1ff8b-aab7-4b8c-8207-e5ba7d0f8a1f: start 82e1ff8b-aab7-4b8c-8207-e5ba7d0f8a1f@group-B597187EF31B-FollowerState
2021-10-24 01:34:14,900 [grpc-default-executor-3] INFO  server.RaftServer$Division (RaftServerImpl.java:requestVote(1046)) - a92b67d1-e676-4bfd-b773-60efead6e052@group-B597187EF31B: receive requestVote(ELECTION, 0014d44f-57a6-4d7b-99a8-c9e31c05b4da, group-B597187EF31B, 4, (t:0, i:0))
2021-10-24 01:34:14,900 [grpc-default-executor-3] INFO  impl.VoteContext (VoteContext.java:log(48)) - a92b67d1-e676-4bfd-b773-60efead6e052@group-B597187EF31B-FOLLOWER: reject ELECTION from 0014d44f-57a6-4d7b-99a8-c9e31c05b4da: already has voted for 82e1ff8b-aab7-4b8c-8207-e5ba7d0f8a1f at current term 4
2021-10-24 01:34:14,900 [grpc-default-executor-3] INFO  server.RaftServer$Division (RaftServerImpl.java:requestVote(1078)) - a92b67d1-e676-4bfd-b773-60efead6e052@group-B597187EF31B replies to ELECTION vote request: 0014d44f-57a6-4d7b-99a8-c9e31c05b4da<-a92b67d1-e676-4bfd-b773-60efead6e052#0:FAIL-t4. Peer's state: a92b67d1-e676-4bfd-b773-60efead6e052@group-B597187EF31B:t4, leader=null, voted=82e1ff8b-aab7-4b8c-8207-e5ba7d0f8a1f, raftlog=a92b67d1-e676-4bfd-b773-60efead6e052@group-B597187EF31B-SegmentedRaftLog:OPENED:c-1, conf=-1: [82e1ff8b-aab7-4b8c-8207-e5ba7d0f8a1f|rpc:10.1.0.11:39599|dataStream:|priority:0, a92b67d1-e676-4bfd-b773-60efead6e052|rpc:10.1.0.11:32963|dataStream:|priority:0, 0014d44f-57a6-4d7b-99a8-c9e31c05b4da|rpc:10.1.0.11:43619|dataStream:|priority:1], old=null
2021-10-24 01:34:14,910 [0014d44f-57a6-4d7b-99a8-c9e31c05b4da@group-B597187EF31B-LeaderElection20] INFO  impl.LeaderElection (LeaderElection.java:logAndReturn(89)) - 0014d44f-57a6-4d7b-99a8-c9e31c05b4da@group-B597187EF31B-LeaderElection20: ELECTION REJECTED received 2 response(s) and 0 exception(s):
2021-10-24 01:34:14,910 [0014d44f-57a6-4d7b-99a8-c9e31c05b4da@group-B597187EF31B-LeaderElection20] INFO  impl.LeaderElection (LeaderElection.java:logAndReturn(93)) -   Response 0: 0014d44f-57a6-4d7b-99a8-c9e31c05b4da<-82e1ff8b-aab7-4b8c-8207-e5ba7d0f8a1f#0:FAIL-t4
2021-10-24 01:34:14,910 [0014d44f-57a6-4d7b-99a8-c9e31c05b4da@group-B597187EF31B-LeaderElection20] INFO  impl.LeaderElection (LeaderElection.java:logAndReturn(93)) -   Response 1: 0014d44f-57a6-4d7b-99a8-c9e31c05b4da<-a92b67d1-e676-4bfd-b773-60efead6e052#0:FAIL-t4
2021-10-24 01:34:14,910 [0014d44f-57a6-4d7b-99a8-c9e31c05b4da@group-B597187EF31B-LeaderElection20] INFO  impl.LeaderElection (LeaderElection.java:askForVotes(308)) - 0014d44f-57a6-4d7b-99a8-c9e31c05b4da@group-B597187EF31B-LeaderElection20 ELECTION round 0: result REJECTED
2021-10-24 01:34:14,910 [0014d44f-57a6-4d7b-99a8-c9e31c05b4da@group-B597187EF31B-LeaderElection20] INFO  server.RaftServer$Division (RaftServerImpl.java:setRole(290)) - 0014d44f-57a6-4d7b-99a8-c9e31c05b4da@group-B597187EF31B: changes role from CANDIDATE to FOLLOWER at term 4 for REJECTED
2021-10-24 01:34:14,910 [0014d44f-57a6-4d7b-99a8-c9e31c05b4da@group-B597187EF31B-LeaderElection20] INFO  impl.RoleInfo (RoleInfo.java:shutdownLeaderElection(121)) - 0014d44f-57a6-4d7b-99a8-c9e31c05b4da: shutdown 0014d44f-57a6-4d7b-99a8-c9e31c05b4da@group-B597187EF31B-LeaderElection20
2021-10-24 01:34:14,910 [0014d44f-57a6-4d7b-99a8-c9e31c05b4da@group-B597187EF31B-LeaderElection20] INFO  impl.RoleInfo (RoleInfo.java:updateAndGet(130)) - 0014d44f-57a6-4d7b-99a8-c9e31c05b4da: start 0014d44f-57a6-4d7b-99a8-c9e31c05b4da@group-B597187EF31B-FollowerState
2021-10-24 01:34:15,768 [Listener at 127.0.0.1/37371] INFO  ozone.MiniOzoneClusterImpl (MiniOzoneClusterImpl.java:lambda$waitForClusterToBeReady$0(235)) - Nodes are ready. Got 3 of 3 DN Heartbeats.
2021-10-24 01:34:15,768 [Listener at 127.0.0.1/37371] INFO  ozone.MiniOzoneClusterImpl (MiniOzoneClusterImpl.java:lambda$waitForClusterToBeReady$0(238)) - Waiting for cluster to exit safe mode
2021-10-24 01:34:15,768 [Listener at 127.0.0.1/37371] INFO  ozone.MiniOzoneClusterImpl (MiniOzoneClusterImpl.java:lambda$waitForClusterToBeReady$0(240)) - SCM became leader
2021-10-24 01:34:16,768 [Listener at 127.0.0.1/37371] INFO  ozone.MiniOzoneClusterImpl (MiniOzoneClusterImpl.java:lambda$waitForClusterToBeReady$0(235)) - Nodes are ready. Got 3 of 3 DN Heartbeats.
2021-10-24 01:34:16,768 [Listener at 127.0.0.1/37371] INFO  ozone.MiniOzoneClusterImpl (MiniOzoneClusterImpl.java:lambda$waitForClusterToBeReady$0(238)) - Waiting for cluster to exit safe mode
2021-10-24 01:34:16,768 [Listener at 127.0.0.1/37371] INFO  ozone.MiniOzoneClusterImpl (MiniOzoneClusterImpl.java:lambda$waitForClusterToBeReady$0(240)) - SCM became leader
2021-10-24 01:34:17,768 [Listener at 127.0.0.1/37371] INFO  ozone.MiniOzoneClusterImpl (MiniOzoneClusterImpl.java:lambda$waitForClusterToBeReady$0(235)) - Nodes are ready. Got 3 of 3 DN Heartbeats.
2021-10-24 01:34:17,768 [Listener at 127.0.0.1/37371] INFO  ozone.MiniOzoneClusterImpl (MiniOzoneClusterImpl.java:lambda$waitForClusterToBeReady$0(238)) - Waiting for cluster to exit safe mode
2021-10-24 01:34:17,769 [Listener at 127.0.0.1/37371] INFO  ozone.MiniOzoneClusterImpl (MiniOzoneClusterImpl.java:lambda$waitForClusterToBeReady$0(240)) - SCM became leader
2021-10-24 01:34:18,769 [Listener at 127.0.0.1/37371] INFO  ozone.MiniOzoneClusterImpl (MiniOzoneClusterImpl.java:lambda$waitForClusterToBeReady$0(235)) - Nodes are ready. Got 3 of 3 DN Heartbeats.
2021-10-24 01:34:18,769 [Listener at 127.0.0.1/37371] INFO  ozone.MiniOzoneClusterImpl (MiniOzoneClusterImpl.java:lambda$waitForClusterToBeReady$0(238)) - Waiting for cluster to exit safe mode
2021-10-24 01:34:18,769 [Listener at 127.0.0.1/37371] INFO  ozone.MiniOzoneClusterImpl (MiniOzoneClusterImpl.java:lambda$waitForClusterToBeReady$0(240)) - SCM became leader
2021-10-24 01:34:19,769 [Listener at 127.0.0.1/37371] INFO  ozone.MiniOzoneClusterImpl (MiniOzoneClusterImpl.java:lambda$waitForClusterToBeReady$0(235)) - Nodes are ready. Got 3 of 3 DN Heartbeats.
2021-10-24 01:34:19,769 [Listener at 127.0.0.1/37371] INFO  ozone.MiniOzoneClusterImpl (MiniOzoneClusterImpl.java:lambda$waitForClusterToBeReady$0(238)) - Waiting for cluster to exit safe mode
2021-10-24 01:34:19,769 [Listener at 127.0.0.1/37371] INFO  ozone.MiniOzoneClusterImpl (MiniOzoneClusterImpl.java:lambda$waitForClusterToBeReady$0(240)) - SCM became leader
2021-10-24 01:34:19,959 [82e1ff8b-aab7-4b8c-8207-e5ba7d0f8a1f@group-B597187EF31B-FollowerState] INFO  impl.FollowerState (FollowerState.java:run(134)) - 82e1ff8b-aab7-4b8c-8207-e5ba7d0f8a1f@group-B597187EF31B-FollowerState: change to CANDIDATE, lastRpcElapsedTime:5059915402ns, electionTimeout:5055ms
2021-10-24 01:34:19,960 [82e1ff8b-aab7-4b8c-8207-e5ba7d0f8a1f@group-B597187EF31B-FollowerState] INFO  impl.RoleInfo (RoleInfo.java:shutdownFollowerState(108)) - 82e1ff8b-aab7-4b8c-8207-e5ba7d0f8a1f: shutdown 82e1ff8b-aab7-4b8c-8207-e5ba7d0f8a1f@group-B597187EF31B-FollowerState
2021-10-24 01:34:19,960 [82e1ff8b-aab7-4b8c-8207-e5ba7d0f8a1f@group-B597187EF31B-FollowerState] INFO  server.RaftServer$Division (RaftServerImpl.java:setRole(290)) - 82e1ff8b-aab7-4b8c-8207-e5ba7d0f8a1f@group-B597187EF31B: changes role from  FOLLOWER to CANDIDATE at term 4 for changeToCandidate
2021-10-24 01:34:19,960 [82e1ff8b-aab7-4b8c-8207-e5ba7d0f8a1f@group-B597187EF31B-FollowerState] INFO  server.RaftServerConfigKeys (ConfUtils.java:logGet(44)) - raft.server.leaderelection.pre-vote = false (custom)
2021-10-24 01:34:19,960 [82e1ff8b-aab7-4b8c-8207-e5ba7d0f8a1f@group-B597187EF31B-FollowerState] INFO  impl.RoleInfo (RoleInfo.java:updateAndGet(130)) - 82e1ff8b-aab7-4b8c-8207-e5ba7d0f8a1f: start 82e1ff8b-aab7-4b8c-8207-e5ba7d0f8a1f@group-B597187EF31B-LeaderElection21
2021-10-24 01:34:19,975 [82e1ff8b-aab7-4b8c-8207-e5ba7d0f8a1f@group-B597187EF31B-LeaderElection21] INFO  impl.LeaderElection (LeaderElection.java:askForVotes(306)) - 82e1ff8b-aab7-4b8c-8207-e5ba7d0f8a1f@group-B597187EF31B-LeaderElection21 ELECTION round 0: submit vote requests at term 5 for -1: [82e1ff8b-aab7-4b8c-8207-e5ba7d0f8a1f|rpc:10.1.0.11:39599|priority:0, a92b67d1-e676-4bfd-b773-60efead6e052|rpc:10.1.0.11:32963|priority:0, 0014d44f-57a6-4d7b-99a8-c9e31c05b4da|rpc:10.1.0.11:43619|priority:1], old=null
2021-10-24 01:34:19,988 [0014d44f-57a6-4d7b-99a8-c9e31c05b4da@group-B597187EF31B-FollowerState] INFO  impl.FollowerState (FollowerState.java:run(134)) - 0014d44f-57a6-4d7b-99a8-c9e31c05b4da@group-B597187EF31B-FollowerState: change to CANDIDATE, lastRpcElapsedTime:5077452154ns, electionTimeout:5045ms
2021-10-24 01:34:19,988 [0014d44f-57a6-4d7b-99a8-c9e31c05b4da@group-B597187EF31B-FollowerState] INFO  impl.RoleInfo (RoleInfo.java:shutdownFollowerState(108)) - 0014d44f-57a6-4d7b-99a8-c9e31c05b4da: shutdown 0014d44f-57a6-4d7b-99a8-c9e31c05b4da@group-B597187EF31B-FollowerState
2021-10-24 01:34:19,988 [0014d44f-57a6-4d7b-99a8-c9e31c05b4da@group-B597187EF31B-FollowerState] INFO  server.RaftServer$Division (RaftServerImpl.java:setRole(290)) - 0014d44f-57a6-4d7b-99a8-c9e31c05b4da@group-B597187EF31B: changes role from  FOLLOWER to CANDIDATE at term 4 for changeToCandidate
2021-10-24 01:34:19,988 [0014d44f-57a6-4d7b-99a8-c9e31c05b4da@group-B597187EF31B-FollowerState] INFO  server.RaftServerConfigKeys (ConfUtils.java:logGet(44)) - raft.server.leaderelection.pre-vote = false (custom)
2021-10-24 01:34:19,988 [0014d44f-57a6-4d7b-99a8-c9e31c05b4da@group-B597187EF31B-FollowerState] INFO  impl.RoleInfo (RoleInfo.java:updateAndGet(130)) - 0014d44f-57a6-4d7b-99a8-c9e31c05b4da: start 0014d44f-57a6-4d7b-99a8-c9e31c05b4da@group-B597187EF31B-LeaderElection22
2021-10-24 01:34:20,001 [grpc-default-executor-3] INFO  server.RaftServer$Division (RaftServerImpl.java:requestVote(1046)) - a92b67d1-e676-4bfd-b773-60efead6e052@group-B597187EF31B: receive requestVote(ELECTION, 82e1ff8b-aab7-4b8c-8207-e5ba7d0f8a1f, group-B597187EF31B, 5, (t:0, i:0))
2021-10-24 01:34:20,001 [grpc-default-executor-3] INFO  impl.VoteContext (VoteContext.java:log(48)) - a92b67d1-e676-4bfd-b773-60efead6e052@group-B597187EF31B-FOLLOWER: accept ELECTION from 82e1ff8b-aab7-4b8c-8207-e5ba7d0f8a1f: our priority 0 <= candidate's priority 0
2021-10-24 01:34:20,001 [grpc-default-executor-3] INFO  server.RaftServer$Division (RaftServerImpl.java:setRole(290)) - a92b67d1-e676-4bfd-b773-60efead6e052@group-B597187EF31B: changes role from  FOLLOWER to FOLLOWER at term 5 for candidate:82e1ff8b-aab7-4b8c-8207-e5ba7d0f8a1f
2021-10-24 01:34:20,001 [grpc-default-executor-3] INFO  impl.RoleInfo (RoleInfo.java:shutdownFollowerState(108)) - a92b67d1-e676-4bfd-b773-60efead6e052: shutdown a92b67d1-e676-4bfd-b773-60efead6e052@group-B597187EF31B-FollowerState
2021-10-24 01:34:20,001 [grpc-default-executor-3] INFO  impl.RoleInfo (RoleInfo.java:updateAndGet(130)) - a92b67d1-e676-4bfd-b773-60efead6e052: start a92b67d1-e676-4bfd-b773-60efead6e052@group-B597187EF31B-FollowerState
2021-10-24 01:34:20,004 [a92b67d1-e676-4bfd-b773-60efead6e052@group-B597187EF31B-FollowerState] INFO  impl.FollowerState (FollowerState.java:run(143)) - a92b67d1-e676-4bfd-b773-60efead6e052@group-B597187EF31B-FollowerState was interrupted: {}
java.lang.InterruptedException: sleep interrupted
	at java.lang.Thread.sleep(Native Method)
	at java.lang.Thread.sleep(Thread.java:340)
	at java.util.concurrent.TimeUnit.sleep(TimeUnit.java:386)
	at org.apache.ratis.util.TimeDuration.sleep(TimeDuration.java:324)
	at org.apache.ratis.util.TimeDuration.sleep(TimeDuration.java:309)
	at org.apache.ratis.server.impl.FollowerState.run(FollowerState.java:118)
2021-10-24 01:34:20,018 [0014d44f-57a6-4d7b-99a8-c9e31c05b4da@group-B597187EF31B-LeaderElection22] INFO  impl.LeaderElection (LeaderElection.java:askForVotes(306)) - 0014d44f-57a6-4d7b-99a8-c9e31c05b4da@group-B597187EF31B-LeaderElection22 ELECTION round 0: submit vote requests at term 5 for -1: [82e1ff8b-aab7-4b8c-8207-e5ba7d0f8a1f|rpc:10.1.0.11:39599|dataStream:|priority:0, a92b67d1-e676-4bfd-b773-60efead6e052|rpc:10.1.0.11:32963|dataStream:|priority:0, 0014d44f-57a6-4d7b-99a8-c9e31c05b4da|rpc:10.1.0.11:43619|dataStream:|priority:1], old=null
2021-10-24 01:34:20,032 [grpc-default-executor-3] INFO  server.RaftServer$Division (RaftServerImpl.java:requestVote(1078)) - a92b67d1-e676-4bfd-b773-60efead6e052@group-B597187EF31B replies to ELECTION vote request: 82e1ff8b-aab7-4b8c-8207-e5ba7d0f8a1f<-a92b67d1-e676-4bfd-b773-60efead6e052#0:OK-t5. Peer's state: a92b67d1-e676-4bfd-b773-60efead6e052@group-B597187EF31B:t5, leader=null, voted=82e1ff8b-aab7-4b8c-8207-e5ba7d0f8a1f, raftlog=a92b67d1-e676-4bfd-b773-60efead6e052@group-B597187EF31B-SegmentedRaftLog:OPENED:c-1, conf=-1: [82e1ff8b-aab7-4b8c-8207-e5ba7d0f8a1f|rpc:10.1.0.11:39599|dataStream:|priority:0, a92b67d1-e676-4bfd-b773-60efead6e052|rpc:10.1.0.11:32963|dataStream:|priority:0, 0014d44f-57a6-4d7b-99a8-c9e31c05b4da|rpc:10.1.0.11:43619|dataStream:|priority:1], old=null
2021-10-24 01:34:20,034 [grpc-default-executor-2] INFO  server.RaftServer$Division (RaftServerImpl.java:requestVote(1046)) - 0014d44f-57a6-4d7b-99a8-c9e31c05b4da@group-B597187EF31B: receive requestVote(ELECTION, 82e1ff8b-aab7-4b8c-8207-e5ba7d0f8a1f, group-B597187EF31B, 5, (t:0, i:0))
2021-10-24 01:34:20,034 [grpc-default-executor-2] INFO  impl.VoteContext (VoteContext.java:log(48)) - 0014d44f-57a6-4d7b-99a8-c9e31c05b4da@group-B597187EF31B-CANDIDATE: reject ELECTION from 82e1ff8b-aab7-4b8c-8207-e5ba7d0f8a1f: already has voted for 0014d44f-57a6-4d7b-99a8-c9e31c05b4da at current term 5
2021-10-24 01:34:20,034 [grpc-default-executor-2] INFO  server.RaftServer$Division (RaftServerImpl.java:requestVote(1078)) - 0014d44f-57a6-4d7b-99a8-c9e31c05b4da@group-B597187EF31B replies to ELECTION vote request: 82e1ff8b-aab7-4b8c-8207-e5ba7d0f8a1f<-0014d44f-57a6-4d7b-99a8-c9e31c05b4da#0:FAIL-t5. Peer's state: 0014d44f-57a6-4d7b-99a8-c9e31c05b4da@group-B597187EF31B:t5, leader=null, voted=0014d44f-57a6-4d7b-99a8-c9e31c05b4da, raftlog=0014d44f-57a6-4d7b-99a8-c9e31c05b4da@group-B597187EF31B-SegmentedRaftLog:OPENED:c-1, conf=-1: [82e1ff8b-aab7-4b8c-8207-e5ba7d0f8a1f|rpc:10.1.0.11:39599|dataStream:|priority:0, a92b67d1-e676-4bfd-b773-60efead6e052|rpc:10.1.0.11:32963|dataStream:|priority:0, 0014d44f-57a6-4d7b-99a8-c9e31c05b4da|rpc:10.1.0.11:43619|dataStream:|priority:1], old=null
2021-10-24 01:34:20,035 [82e1ff8b-aab7-4b8c-8207-e5ba7d0f8a1f@group-B597187EF31B-LeaderElection21] INFO  impl.LeaderElection (LeaderElection.java:logAndReturn(89)) - 82e1ff8b-aab7-4b8c-8207-e5ba7d0f8a1f@group-B597187EF31B-LeaderElection21: ELECTION REJECTED received 2 response(s) and 0 exception(s):
2021-10-24 01:34:20,035 [82e1ff8b-aab7-4b8c-8207-e5ba7d0f8a1f@group-B597187EF31B-LeaderElection21] INFO  impl.LeaderElection (LeaderElection.java:logAndReturn(93)) -   Response 0: 82e1ff8b-aab7-4b8c-8207-e5ba7d0f8a1f<-a92b67d1-e676-4bfd-b773-60efead6e052#0:OK-t5
2021-10-24 01:34:20,035 [82e1ff8b-aab7-4b8c-8207-e5ba7d0f8a1f@group-B597187EF31B-LeaderElection21] INFO  impl.LeaderElection (LeaderElection.java:logAndReturn(93)) -   Response 1: 82e1ff8b-aab7-4b8c-8207-e5ba7d0f8a1f<-0014d44f-57a6-4d7b-99a8-c9e31c05b4da#0:FAIL-t5
2021-10-24 01:34:20,035 [82e1ff8b-aab7-4b8c-8207-e5ba7d0f8a1f@group-B597187EF31B-LeaderElection21] INFO  impl.LeaderElection (LeaderElection.java:askForVotes(308)) - 82e1ff8b-aab7-4b8c-8207-e5ba7d0f8a1f@group-B597187EF31B-LeaderElection21 ELECTION round 0: result REJECTED
2021-10-24 01:34:20,036 [82e1ff8b-aab7-4b8c-8207-e5ba7d0f8a1f@group-B597187EF31B-LeaderElection21] INFO  server.RaftServer$Division (RaftServerImpl.java:setRole(290)) - 82e1ff8b-aab7-4b8c-8207-e5ba7d0f8a1f@group-B597187EF31B: changes role from CANDIDATE to FOLLOWER at term 5 for REJECTED
2021-10-24 01:34:20,036 [82e1ff8b-aab7-4b8c-8207-e5ba7d0f8a1f@group-B597187EF31B-LeaderElection21] INFO  impl.RoleInfo (RoleInfo.java:shutdownLeaderElection(121)) - 82e1ff8b-aab7-4b8c-8207-e5ba7d0f8a1f: shutdown 82e1ff8b-aab7-4b8c-8207-e5ba7d0f8a1f@group-B597187EF31B-LeaderElection21
2021-10-24 01:34:20,036 [82e1ff8b-aab7-4b8c-8207-e5ba7d0f8a1f@group-B597187EF31B-LeaderElection21] INFO  impl.RoleInfo (RoleInfo.java:updateAndGet(130)) - 82e1ff8b-aab7-4b8c-8207-e5ba7d0f8a1f: start 82e1ff8b-aab7-4b8c-8207-e5ba7d0f8a1f@group-B597187EF31B-FollowerState
2021-10-24 01:34:20,064 [grpc-default-executor-3] INFO  server.RaftServer$Division (RaftServerImpl.java:requestVote(1046)) - a92b67d1-e676-4bfd-b773-60efead6e052@group-B597187EF31B: receive requestVote(ELECTION, 0014d44f-57a6-4d7b-99a8-c9e31c05b4da, group-B597187EF31B, 5, (t:0, i:0))
2021-10-24 01:34:20,068 [grpc-default-executor-3] INFO  impl.VoteContext (VoteContext.java:log(48)) - a92b67d1-e676-4bfd-b773-60efead6e052@group-B597187EF31B-FOLLOWER: reject ELECTION from 0014d44f-57a6-4d7b-99a8-c9e31c05b4da: already has voted for 82e1ff8b-aab7-4b8c-8207-e5ba7d0f8a1f at current term 5
2021-10-24 01:34:20,068 [grpc-default-executor-3] INFO  server.RaftServer$Division (RaftServerImpl.java:requestVote(1078)) - a92b67d1-e676-4bfd-b773-60efead6e052@group-B597187EF31B replies to ELECTION vote request: 0014d44f-57a6-4d7b-99a8-c9e31c05b4da<-a92b67d1-e676-4bfd-b773-60efead6e052#0:FAIL-t5. Peer's state: a92b67d1-e676-4bfd-b773-60efead6e052@group-B597187EF31B:t5, leader=null, voted=82e1ff8b-aab7-4b8c-8207-e5ba7d0f8a1f, raftlog=a92b67d1-e676-4bfd-b773-60efead6e052@group-B597187EF31B-SegmentedRaftLog:OPENED:c-1, conf=-1: [82e1ff8b-aab7-4b8c-8207-e5ba7d0f8a1f|rpc:10.1.0.11:39599|dataStream:|priority:0, a92b67d1-e676-4bfd-b773-60efead6e052|rpc:10.1.0.11:32963|dataStream:|priority:0, 0014d44f-57a6-4d7b-99a8-c9e31c05b4da|rpc:10.1.0.11:43619|dataStream:|priority:1], old=null
2021-10-24 01:34:20,064 [grpc-default-executor-2] INFO  server.RaftServer$Division (RaftServerImpl.java:requestVote(1046)) - 82e1ff8b-aab7-4b8c-8207-e5ba7d0f8a1f@group-B597187EF31B: receive requestVote(ELECTION, 0014d44f-57a6-4d7b-99a8-c9e31c05b4da, group-B597187EF31B, 5, (t:0, i:0))
2021-10-24 01:34:20,069 [grpc-default-executor-2] INFO  impl.VoteContext (VoteContext.java:log(48)) - 82e1ff8b-aab7-4b8c-8207-e5ba7d0f8a1f@group-B597187EF31B-FOLLOWER: reject ELECTION from 0014d44f-57a6-4d7b-99a8-c9e31c05b4da: already has voted for 82e1ff8b-aab7-4b8c-8207-e5ba7d0f8a1f at current term 5
2021-10-24 01:34:20,069 [grpc-default-executor-2] INFO  server.RaftServer$Division (RaftServerImpl.java:requestVote(1078)) - 82e1ff8b-aab7-4b8c-8207-e5ba7d0f8a1f@group-B597187EF31B replies to ELECTION vote request: 0014d44f-57a6-4d7b-99a8-c9e31c05b4da<-82e1ff8b-aab7-4b8c-8207-e5ba7d0f8a1f#0:FAIL-t5. Peer's state: 82e1ff8b-aab7-4b8c-8207-e5ba7d0f8a1f@group-B597187EF31B:t5, leader=null, voted=82e1ff8b-aab7-4b8c-8207-e5ba7d0f8a1f, raftlog=82e1ff8b-aab7-4b8c-8207-e5ba7d0f8a1f@group-B597187EF31B-SegmentedRaftLog:OPENED:c-1, conf=-1: [82e1ff8b-aab7-4b8c-8207-e5ba7d0f8a1f|rpc:10.1.0.11:39599|priority:0, a92b67d1-e676-4bfd-b773-60efead6e052|rpc:10.1.0.11:32963|priority:0, 0014d44f-57a6-4d7b-99a8-c9e31c05b4da|rpc:10.1.0.11:43619|priority:1], old=null
2021-10-24 01:34:20,077 [0014d44f-57a6-4d7b-99a8-c9e31c05b4da@group-B597187EF31B-LeaderElection22] INFO  impl.LeaderElection (LeaderElection.java:logAndReturn(89)) - 0014d44f-57a6-4d7b-99a8-c9e31c05b4da@group-B597187EF31B-LeaderElection22: ELECTION REJECTED received 2 response(s) and 0 exception(s):
2021-10-24 01:34:20,077 [0014d44f-57a6-4d7b-99a8-c9e31c05b4da@group-B597187EF31B-LeaderElection22] INFO  impl.LeaderElection (LeaderElection.java:logAndReturn(93)) -   Response 0: 0014d44f-57a6-4d7b-99a8-c9e31c05b4da<-82e1ff8b-aab7-4b8c-8207-e5ba7d0f8a1f#0:FAIL-t5
2021-10-24 01:34:20,077 [0014d44f-57a6-4d7b-99a8-c9e31c05b4da@group-B597187EF31B-LeaderElection22] INFO  impl.LeaderElection (LeaderElection.java:logAndReturn(93)) -   Response 1: 0014d44f-57a6-4d7b-99a8-c9e31c05b4da<-a92b67d1-e676-4bfd-b773-60efead6e052#0:FAIL-t5
2021-10-24 01:34:20,077 [0014d44f-57a6-4d7b-99a8-c9e31c05b4da@group-B597187EF31B-LeaderElection22] INFO  impl.LeaderElection (LeaderElection.java:askForVotes(308)) - 0014d44f-57a6-4d7b-99a8-c9e31c05b4da@group-B597187EF31B-LeaderElection22 ELECTION round 0: result REJECTED
2021-10-24 01:34:20,077 [0014d44f-57a6-4d7b-99a8-c9e31c05b4da@group-B597187EF31B-LeaderElection22] INFO  server.RaftServer$Division (RaftServerImpl.java:setRole(290)) - 0014d44f-57a6-4d7b-99a8-c9e31c05b4da@group-B597187EF31B: changes role from CANDIDATE to FOLLOWER at term 5 for REJECTED
2021-10-24 01:34:20,077 [0014d44f-57a6-4d7b-99a8-c9e31c05b4da@group-B597187EF31B-LeaderElection22] INFO  impl.RoleInfo (RoleInfo.java:shutdownLeaderElection(121)) - 0014d44f-57a6-4d7b-99a8-c9e31c05b4da: shutdown 0014d44f-57a6-4d7b-99a8-c9e31c05b4da@group-B597187EF31B-LeaderElection22
2021-10-24 01:34:20,077 [0014d44f-57a6-4d7b-99a8-c9e31c05b4da@group-B597187EF31B-LeaderElection22] INFO  impl.RoleInfo (RoleInfo.java:updateAndGet(130)) - 0014d44f-57a6-4d7b-99a8-c9e31c05b4da: start 0014d44f-57a6-4d7b-99a8-c9e31c05b4da@group-B597187EF31B-FollowerState
2021-10-24 01:34:20,770 [Listener at 127.0.0.1/37371] INFO  ozone.MiniOzoneClusterImpl (MiniOzoneClusterImpl.java:lambda$waitForClusterToBeReady$0(235)) - Nodes are ready. Got 3 of 3 DN Heartbeats.
2021-10-24 01:34:20,770 [Listener at 127.0.0.1/37371] INFO  ozone.MiniOzoneClusterImpl (MiniOzoneClusterImpl.java:lambda$waitForClusterToBeReady$0(238)) - Waiting for cluster to exit safe mode
2021-10-24 01:34:20,770 [Listener at 127.0.0.1/37371] INFO  ozone.MiniOzoneClusterImpl (MiniOzoneClusterImpl.java:lambda$waitForClusterToBeReady$0(240)) - SCM became leader
2021-10-24 01:34:21,770 [Listener at 127.0.0.1/37371] INFO  ozone.MiniOzoneClusterImpl (MiniOzoneClusterImpl.java:lambda$waitForClusterToBeReady$0(235)) - Nodes are ready. Got 3 of 3 DN Heartbeats.
2021-10-24 01:34:21,770 [Listener at 127.0.0.1/37371] INFO  ozone.MiniOzoneClusterImpl (MiniOzoneClusterImpl.java:lambda$waitForClusterToBeReady$0(238)) - Waiting for cluster to exit safe mode
2021-10-24 01:34:21,770 [Listener at 127.0.0.1/37371] INFO  ozone.MiniOzoneClusterImpl (MiniOzoneClusterImpl.java:lambda$waitForClusterToBeReady$0(240)) - SCM became leader
2021-10-24 01:34:22,770 [Listener at 127.0.0.1/37371] INFO  ozone.MiniOzoneClusterImpl (MiniOzoneClusterImpl.java:lambda$waitForClusterToBeReady$0(235)) - Nodes are ready. Got 3 of 3 DN Heartbeats.
2021-10-24 01:34:22,771 [Listener at 127.0.0.1/37371] INFO  ozone.MiniOzoneClusterImpl (MiniOzoneClusterImpl.java:lambda$waitForClusterToBeReady$0(238)) - Waiting for cluster to exit safe mode
2021-10-24 01:34:22,771 [Listener at 127.0.0.1/37371] INFO  ozone.MiniOzoneClusterImpl (MiniOzoneClusterImpl.java:lambda$waitForClusterToBeReady$0(240)) - SCM became leader
2021-10-24 01:34:23,771 [Listener at 127.0.0.1/37371] INFO  ozone.MiniOzoneClusterImpl (MiniOzoneClusterImpl.java:lambda$waitForClusterToBeReady$0(235)) - Nodes are ready. Got 3 of 3 DN Heartbeats.
2021-10-24 01:34:23,771 [Listener at 127.0.0.1/37371] INFO  ozone.MiniOzoneClusterImpl (MiniOzoneClusterImpl.java:lambda$waitForClusterToBeReady$0(238)) - Waiting for cluster to exit safe mode
2021-10-24 01:34:23,771 [Listener at 127.0.0.1/37371] INFO  ozone.MiniOzoneClusterImpl (MiniOzoneClusterImpl.java:lambda$waitForClusterToBeReady$0(240)) - SCM became leader
2021-10-24 01:34:24,771 [Listener at 127.0.0.1/37371] INFO  ozone.MiniOzoneClusterImpl (MiniOzoneClusterImpl.java:lambda$waitForClusterToBeReady$0(235)) - Nodes are ready. Got 3 of 3 DN Heartbeats.
2021-10-24 01:34:24,771 [Listener at 127.0.0.1/37371] INFO  ozone.MiniOzoneClusterImpl (MiniOzoneClusterImpl.java:lambda$waitForClusterToBeReady$0(238)) - Waiting for cluster to exit safe mode
2021-10-24 01:34:24,771 [Listener at 127.0.0.1/37371] INFO  ozone.MiniOzoneClusterImpl (MiniOzoneClusterImpl.java:lambda$waitForClusterToBeReady$0(240)) - SCM became leader
2021-10-24 01:34:25,182 [82e1ff8b-aab7-4b8c-8207-e5ba7d0f8a1f@group-B597187EF31B-FollowerState] INFO  impl.FollowerState (FollowerState.java:run(134)) - 82e1ff8b-aab7-4b8c-8207-e5ba7d0f8a1f@group-B597187EF31B-FollowerState: change to CANDIDATE, lastRpcElapsedTime:5146276345ns, electionTimeout:5125ms
2021-10-24 01:34:25,182 [82e1ff8b-aab7-4b8c-8207-e5ba7d0f8a1f@group-B597187EF31B-FollowerState] INFO  impl.RoleInfo (RoleInfo.java:shutdownFollowerState(108)) - 82e1ff8b-aab7-4b8c-8207-e5ba7d0f8a1f: shutdown 82e1ff8b-aab7-4b8c-8207-e5ba7d0f8a1f@group-B597187EF31B-FollowerState
2021-10-24 01:34:25,182 [82e1ff8b-aab7-4b8c-8207-e5ba7d0f8a1f@group-B597187EF31B-FollowerState] INFO  server.RaftServer$Division (RaftServerImpl.java:setRole(290)) - 82e1ff8b-aab7-4b8c-8207-e5ba7d0f8a1f@group-B597187EF31B: changes role from  FOLLOWER to CANDIDATE at term 5 for changeToCandidate
2021-10-24 01:34:25,182 [82e1ff8b-aab7-4b8c-8207-e5ba7d0f8a1f@group-B597187EF31B-FollowerState] INFO  server.RaftServerConfigKeys (ConfUtils.java:logGet(44)) - raft.server.leaderelection.pre-vote = false (custom)
2021-10-24 01:34:25,182 [82e1ff8b-aab7-4b8c-8207-e5ba7d0f8a1f@group-B597187EF31B-FollowerState] INFO  impl.RoleInfo (RoleInfo.java:updateAndGet(130)) - 82e1ff8b-aab7-4b8c-8207-e5ba7d0f8a1f: start 82e1ff8b-aab7-4b8c-8207-e5ba7d0f8a1f@group-B597187EF31B-LeaderElection23
2021-10-24 01:34:25,194 [82e1ff8b-aab7-4b8c-8207-e5ba7d0f8a1f@group-B597187EF31B-LeaderElection23] INFO  impl.LeaderElection (LeaderElection.java:askForVotes(306)) - 82e1ff8b-aab7-4b8c-8207-e5ba7d0f8a1f@group-B597187EF31B-LeaderElection23 ELECTION round 0: submit vote requests at term 6 for -1: [82e1ff8b-aab7-4b8c-8207-e5ba7d0f8a1f|rpc:10.1.0.11:39599|priority:0, a92b67d1-e676-4bfd-b773-60efead6e052|rpc:10.1.0.11:32963|priority:0, 0014d44f-57a6-4d7b-99a8-c9e31c05b4da|rpc:10.1.0.11:43619|priority:1], old=null
2021-10-24 01:34:25,201 [grpc-default-executor-3] INFO  server.RaftServer$Division (RaftServerImpl.java:requestVote(1046)) - a92b67d1-e676-4bfd-b773-60efead6e052@group-B597187EF31B: receive requestVote(ELECTION, 82e1ff8b-aab7-4b8c-8207-e5ba7d0f8a1f, group-B597187EF31B, 6, (t:0, i:0))
2021-10-24 01:34:25,201 [grpc-default-executor-3] INFO  impl.VoteContext (VoteContext.java:log(48)) - a92b67d1-e676-4bfd-b773-60efead6e052@group-B597187EF31B-FOLLOWER: accept ELECTION from 82e1ff8b-aab7-4b8c-8207-e5ba7d0f8a1f: our priority 0 <= candidate's priority 0
2021-10-24 01:34:25,201 [grpc-default-executor-3] INFO  server.RaftServer$Division (RaftServerImpl.java:setRole(290)) - a92b67d1-e676-4bfd-b773-60efead6e052@group-B597187EF31B: changes role from  FOLLOWER to FOLLOWER at term 6 for candidate:82e1ff8b-aab7-4b8c-8207-e5ba7d0f8a1f
2021-10-24 01:34:25,202 [grpc-default-executor-3] INFO  impl.RoleInfo (RoleInfo.java:shutdownFollowerState(108)) - a92b67d1-e676-4bfd-b773-60efead6e052: shutdown a92b67d1-e676-4bfd-b773-60efead6e052@group-B597187EF31B-FollowerState
2021-10-24 01:34:25,202 [grpc-default-executor-3] INFO  impl.RoleInfo (RoleInfo.java:updateAndGet(130)) - a92b67d1-e676-4bfd-b773-60efead6e052: start a92b67d1-e676-4bfd-b773-60efead6e052@group-B597187EF31B-FollowerState
2021-10-24 01:34:25,202 [a92b67d1-e676-4bfd-b773-60efead6e052@group-B597187EF31B-FollowerState] INFO  impl.FollowerState (FollowerState.java:run(143)) - a92b67d1-e676-4bfd-b773-60efead6e052@group-B597187EF31B-FollowerState was interrupted: {}
java.lang.InterruptedException: sleep interrupted
	at java.lang.Thread.sleep(Native Method)
	at java.lang.Thread.sleep(Thread.java:340)
	at java.util.concurrent.TimeUnit.sleep(TimeUnit.java:386)
	at org.apache.ratis.util.TimeDuration.sleep(TimeDuration.java:324)
	at org.apache.ratis.util.TimeDuration.sleep(TimeDuration.java:309)
	at org.apache.ratis.server.impl.FollowerState.run(FollowerState.java:118)
2021-10-24 01:34:25,203 [grpc-default-executor-3] INFO  server.RaftServer$Division (RaftServerImpl.java:requestVote(1078)) - a92b67d1-e676-4bfd-b773-60efead6e052@group-B597187EF31B replies to ELECTION vote request: 82e1ff8b-aab7-4b8c-8207-e5ba7d0f8a1f<-a92b67d1-e676-4bfd-b773-60efead6e052#0:OK-t6. Peer's state: a92b67d1-e676-4bfd-b773-60efead6e052@group-B597187EF31B:t6, leader=null, voted=82e1ff8b-aab7-4b8c-8207-e5ba7d0f8a1f, raftlog=a92b67d1-e676-4bfd-b773-60efead6e052@group-B597187EF31B-SegmentedRaftLog:OPENED:c-1, conf=-1: [82e1ff8b-aab7-4b8c-8207-e5ba7d0f8a1f|rpc:10.1.0.11:39599|dataStream:|priority:0, a92b67d1-e676-4bfd-b773-60efead6e052|rpc:10.1.0.11:32963|dataStream:|priority:0, 0014d44f-57a6-4d7b-99a8-c9e31c05b4da|rpc:10.1.0.11:43619|dataStream:|priority:1], old=null
2021-10-24 01:34:25,221 [grpc-default-executor-3] INFO  server.RaftServer$Division (RaftServerImpl.java:requestVote(1046)) - 0014d44f-57a6-4d7b-99a8-c9e31c05b4da@group-B597187EF31B: receive requestVote(ELECTION, 82e1ff8b-aab7-4b8c-8207-e5ba7d0f8a1f, group-B597187EF31B, 6, (t:0, i:0))
2021-10-24 01:34:25,221 [grpc-default-executor-3] INFO  impl.VoteContext (VoteContext.java:log(48)) - 0014d44f-57a6-4d7b-99a8-c9e31c05b4da@group-B597187EF31B-FOLLOWER: reject ELECTION from 82e1ff8b-aab7-4b8c-8207-e5ba7d0f8a1f: our priority 1 > candidate's priority 0
2021-10-24 01:34:25,221 [grpc-default-executor-3] INFO  server.RaftServer$Division (RaftServerImpl.java:setRole(290)) - 0014d44f-57a6-4d7b-99a8-c9e31c05b4da@group-B597187EF31B: changes role from  FOLLOWER to FOLLOWER at term 6 for candidate:82e1ff8b-aab7-4b8c-8207-e5ba7d0f8a1f
2021-10-24 01:34:25,221 [grpc-default-executor-3] INFO  impl.RoleInfo (RoleInfo.java:shutdownFollowerState(108)) - 0014d44f-57a6-4d7b-99a8-c9e31c05b4da: shutdown 0014d44f-57a6-4d7b-99a8-c9e31c05b4da@group-B597187EF31B-FollowerState
2021-10-24 01:34:25,221 [grpc-default-executor-3] INFO  impl.RoleInfo (RoleInfo.java:updateAndGet(130)) - 0014d44f-57a6-4d7b-99a8-c9e31c05b4da: start 0014d44f-57a6-4d7b-99a8-c9e31c05b4da@group-B597187EF31B-FollowerState
2021-10-24 01:34:25,224 [0014d44f-57a6-4d7b-99a8-c9e31c05b4da@group-B597187EF31B-FollowerState] INFO  impl.FollowerState (FollowerState.java:run(143)) - 0014d44f-57a6-4d7b-99a8-c9e31c05b4da@group-B597187EF31B-FollowerState was interrupted: {}
java.lang.InterruptedException: sleep interrupted
	at java.lang.Thread.sleep(Native Method)
	at java.lang.Thread.sleep(Thread.java:340)
	at java.util.concurrent.TimeUnit.sleep(TimeUnit.java:386)
	at org.apache.ratis.util.TimeDuration.sleep(TimeDuration.java:324)
	at org.apache.ratis.util.TimeDuration.sleep(TimeDuration.java:309)
	at org.apache.ratis.server.impl.FollowerState.run(FollowerState.java:118)
2021-10-24 01:34:25,229 [grpc-default-executor-3] INFO  server.RaftServer$Division (RaftServerImpl.java:requestVote(1078)) - 0014d44f-57a6-4d7b-99a8-c9e31c05b4da@group-B597187EF31B replies to ELECTION vote request: 82e1ff8b-aab7-4b8c-8207-e5ba7d0f8a1f<-0014d44f-57a6-4d7b-99a8-c9e31c05b4da#0:FAIL-t6. Peer's state: 0014d44f-57a6-4d7b-99a8-c9e31c05b4da@group-B597187EF31B:t6, leader=null, voted=null, raftlog=0014d44f-57a6-4d7b-99a8-c9e31c05b4da@group-B597187EF31B-SegmentedRaftLog:OPENED:c-1, conf=-1: [82e1ff8b-aab7-4b8c-8207-e5ba7d0f8a1f|rpc:10.1.0.11:39599|dataStream:|priority:0, a92b67d1-e676-4bfd-b773-60efead6e052|rpc:10.1.0.11:32963|dataStream:|priority:0, 0014d44f-57a6-4d7b-99a8-c9e31c05b4da|rpc:10.1.0.11:43619|dataStream:|priority:1], old=null
2021-10-24 01:34:25,231 [82e1ff8b-aab7-4b8c-8207-e5ba7d0f8a1f@group-B597187EF31B-LeaderElection23] INFO  impl.LeaderElection (LeaderElection.java:logAndReturn(89)) - 82e1ff8b-aab7-4b8c-8207-e5ba7d0f8a1f@group-B597187EF31B-LeaderElection23: ELECTION REJECTED received 2 response(s) and 0 exception(s):
2021-10-24 01:34:25,231 [82e1ff8b-aab7-4b8c-8207-e5ba7d0f8a1f@group-B597187EF31B-LeaderElection23] INFO  impl.LeaderElection (LeaderElection.java:logAndReturn(93)) -   Response 0: 82e1ff8b-aab7-4b8c-8207-e5ba7d0f8a1f<-a92b67d1-e676-4bfd-b773-60efead6e052#0:OK-t6
2021-10-24 01:34:25,231 [82e1ff8b-aab7-4b8c-8207-e5ba7d0f8a1f@group-B597187EF31B-LeaderElection23] INFO  impl.LeaderElection (LeaderElection.java:logAndReturn(93)) -   Response 1: 82e1ff8b-aab7-4b8c-8207-e5ba7d0f8a1f<-0014d44f-57a6-4d7b-99a8-c9e31c05b4da#0:FAIL-t6
2021-10-24 01:34:25,231 [82e1ff8b-aab7-4b8c-8207-e5ba7d0f8a1f@group-B597187EF31B-LeaderElection23] INFO  impl.LeaderElection (LeaderElection.java:askForVotes(308)) - 82e1ff8b-aab7-4b8c-8207-e5ba7d0f8a1f@group-B597187EF31B-LeaderElection23 ELECTION round 0: result REJECTED
2021-10-24 01:34:25,231 [82e1ff8b-aab7-4b8c-8207-e5ba7d0f8a1f@group-B597187EF31B-LeaderElection23] INFO  server.RaftServer$Division (RaftServerImpl.java:setRole(290)) - 82e1ff8b-aab7-4b8c-8207-e5ba7d0f8a1f@group-B597187EF31B: changes role from CANDIDATE to FOLLOWER at term 6 for REJECTED
2021-10-24 01:34:25,231 [82e1ff8b-aab7-4b8c-8207-e5ba7d0f8a1f@group-B597187EF31B-LeaderElection23] INFO  impl.RoleInfo (RoleInfo.java:shutdownLeaderElection(121)) - 82e1ff8b-aab7-4b8c-8207-e5ba7d0f8a1f: shutdown 82e1ff8b-aab7-4b8c-8207-e5ba7d0f8a1f@group-B597187EF31B-LeaderElection23
2021-10-24 01:34:25,231 [82e1ff8b-aab7-4b8c-8207-e5ba7d0f8a1f@group-B597187EF31B-LeaderElection23] INFO  impl.RoleInfo (RoleInfo.java:updateAndGet(130)) - 82e1ff8b-aab7-4b8c-8207-e5ba7d0f8a1f: start 82e1ff8b-aab7-4b8c-8207-e5ba7d0f8a1f@group-B597187EF31B-FollowerState
2021-10-24 01:34:25,772 [Listener at 127.0.0.1/37371] INFO  ozone.MiniOzoneClusterImpl (MiniOzoneClusterImpl.java:lambda$waitForClusterToBeReady$0(235)) - Nodes are ready. Got 3 of 3 DN Heartbeats.
2021-10-24 01:34:25,772 [Listener at 127.0.0.1/37371] INFO  ozone.MiniOzoneClusterImpl (MiniOzoneClusterImpl.java:lambda$waitForClusterToBeReady$0(238)) - Waiting for cluster to exit safe mode
2021-10-24 01:34:25,772 [Listener at 127.0.0.1/37371] INFO  ozone.MiniOzoneClusterImpl (MiniOzoneClusterImpl.java:lambda$waitForClusterToBeReady$0(240)) - SCM became leader
2021-10-24 01:34:26,772 [Listener at 127.0.0.1/37371] INFO  ozone.MiniOzoneClusterImpl (MiniOzoneClusterImpl.java:lambda$waitForClusterToBeReady$0(235)) - Nodes are ready. Got 3 of 3 DN Heartbeats.
2021-10-24 01:34:26,772 [Listener at 127.0.0.1/37371] INFO  ozone.MiniOzoneClusterImpl (MiniOzoneClusterImpl.java:lambda$waitForClusterToBeReady$0(238)) - Waiting for cluster to exit safe mode
2021-10-24 01:34:26,772 [Listener at 127.0.0.1/37371] INFO  ozone.MiniOzoneClusterImpl (MiniOzoneClusterImpl.java:lambda$waitForClusterToBeReady$0(240)) - SCM became leader
2021-10-24 01:34:27,772 [Listener at 127.0.0.1/37371] INFO  ozone.MiniOzoneClusterImpl (MiniOzoneClusterImpl.java:lambda$waitForClusterToBeReady$0(235)) - Nodes are ready. Got 3 of 3 DN Heartbeats.
2021-10-24 01:34:27,773 [Listener at 127.0.0.1/37371] INFO  ozone.MiniOzoneClusterImpl (MiniOzoneClusterImpl.java:lambda$waitForClusterToBeReady$0(238)) - Waiting for cluster to exit safe mode
2021-10-24 01:34:27,773 [Listener at 127.0.0.1/37371] INFO  ozone.MiniOzoneClusterImpl (MiniOzoneClusterImpl.java:lambda$waitForClusterToBeReady$0(240)) - SCM became leader
2021-10-24 01:34:28,773 [Listener at 127.0.0.1/37371] INFO  ozone.MiniOzoneClusterImpl (MiniOzoneClusterImpl.java:lambda$waitForClusterToBeReady$0(235)) - Nodes are ready. Got 3 of 3 DN Heartbeats.
2021-10-24 01:34:28,773 [Listener at 127.0.0.1/37371] INFO  ozone.MiniOzoneClusterImpl (MiniOzoneClusterImpl.java:lambda$waitForClusterToBeReady$0(238)) - Waiting for cluster to exit safe mode
2021-10-24 01:34:28,773 [Listener at 127.0.0.1/37371] INFO  ozone.MiniOzoneClusterImpl (MiniOzoneClusterImpl.java:lambda$waitForClusterToBeReady$0(240)) - SCM became leader
2021-10-24 01:34:29,773 [Listener at 127.0.0.1/37371] INFO  ozone.MiniOzoneClusterImpl (MiniOzoneClusterImpl.java:lambda$waitForClusterToBeReady$0(235)) - Nodes are ready. Got 3 of 3 DN Heartbeats.
2021-10-24 01:34:29,773 [Listener at 127.0.0.1/37371] INFO  ozone.MiniOzoneClusterImpl (MiniOzoneClusterImpl.java:lambda$waitForClusterToBeReady$0(238)) - Waiting for cluster to exit safe mode
2021-10-24 01:34:29,774 [Listener at 127.0.0.1/37371] INFO  ozone.MiniOzoneClusterImpl (MiniOzoneClusterImpl.java:lambda$waitForClusterToBeReady$0(240)) - SCM became leader
2021-10-24 01:34:30,283 [a92b67d1-e676-4bfd-b773-60efead6e052@group-B597187EF31B-FollowerState] INFO  impl.FollowerState (FollowerState.java:run(134)) - a92b67d1-e676-4bfd-b773-60efead6e052@group-B597187EF31B-FollowerState: change to CANDIDATE, lastRpcElapsedTime:5079105884ns, electionTimeout:5068ms
2021-10-24 01:34:30,283 [a92b67d1-e676-4bfd-b773-60efead6e052@group-B597187EF31B-FollowerState] INFO  impl.RoleInfo (RoleInfo.java:shutdownFollowerState(108)) - a92b67d1-e676-4bfd-b773-60efead6e052: shutdown a92b67d1-e676-4bfd-b773-60efead6e052@group-B597187EF31B-FollowerState
2021-10-24 01:34:30,283 [a92b67d1-e676-4bfd-b773-60efead6e052@group-B597187EF31B-FollowerState] INFO  server.RaftServer$Division (RaftServerImpl.java:setRole(290)) - a92b67d1-e676-4bfd-b773-60efead6e052@group-B597187EF31B: changes role from  FOLLOWER to CANDIDATE at term 6 for changeToCandidate
2021-10-24 01:34:30,283 [a92b67d1-e676-4bfd-b773-60efead6e052@group-B597187EF31B-FollowerState] INFO  server.RaftServerConfigKeys (ConfUtils.java:logGet(44)) - raft.server.leaderelection.pre-vote = false (custom)
2021-10-24 01:34:30,283 [a92b67d1-e676-4bfd-b773-60efead6e052@group-B597187EF31B-FollowerState] INFO  impl.RoleInfo (RoleInfo.java:updateAndGet(130)) - a92b67d1-e676-4bfd-b773-60efead6e052: start a92b67d1-e676-4bfd-b773-60efead6e052@group-B597187EF31B-LeaderElection24
2021-10-24 01:34:30,300 [a92b67d1-e676-4bfd-b773-60efead6e052@group-B597187EF31B-LeaderElection24] INFO  impl.LeaderElection (LeaderElection.java:askForVotes(306)) - a92b67d1-e676-4bfd-b773-60efead6e052@group-B597187EF31B-LeaderElection24 ELECTION round 0: submit vote requests at term 7 for -1: [82e1ff8b-aab7-4b8c-8207-e5ba7d0f8a1f|rpc:10.1.0.11:39599|dataStream:|priority:0, a92b67d1-e676-4bfd-b773-60efead6e052|rpc:10.1.0.11:32963|dataStream:|priority:0, 0014d44f-57a6-4d7b-99a8-c9e31c05b4da|rpc:10.1.0.11:43619|dataStream:|priority:1], old=null
2021-10-24 01:34:30,313 [grpc-default-executor-3] INFO  server.RaftServer$Division (RaftServerImpl.java:requestVote(1046)) - 82e1ff8b-aab7-4b8c-8207-e5ba7d0f8a1f@group-B597187EF31B: receive requestVote(ELECTION, a92b67d1-e676-4bfd-b773-60efead6e052, group-B597187EF31B, 7, (t:0, i:0))
2021-10-24 01:34:30,313 [grpc-default-executor-3] INFO  impl.VoteContext (VoteContext.java:log(48)) - 82e1ff8b-aab7-4b8c-8207-e5ba7d0f8a1f@group-B597187EF31B-FOLLOWER: accept ELECTION from a92b67d1-e676-4bfd-b773-60efead6e052: our priority 0 <= candidate's priority 0
2021-10-24 01:34:30,313 [grpc-default-executor-3] INFO  server.RaftServer$Division (RaftServerImpl.java:setRole(290)) - 82e1ff8b-aab7-4b8c-8207-e5ba7d0f8a1f@group-B597187EF31B: changes role from  FOLLOWER to FOLLOWER at term 7 for candidate:a92b67d1-e676-4bfd-b773-60efead6e052
2021-10-24 01:34:30,313 [grpc-default-executor-3] INFO  impl.RoleInfo (RoleInfo.java:shutdownFollowerState(108)) - 82e1ff8b-aab7-4b8c-8207-e5ba7d0f8a1f: shutdown 82e1ff8b-aab7-4b8c-8207-e5ba7d0f8a1f@group-B597187EF31B-FollowerState
2021-10-24 01:34:30,313 [grpc-default-executor-3] INFO  impl.RoleInfo (RoleInfo.java:updateAndGet(130)) - 82e1ff8b-aab7-4b8c-8207-e5ba7d0f8a1f: start 82e1ff8b-aab7-4b8c-8207-e5ba7d0f8a1f@group-B597187EF31B-FollowerState
2021-10-24 01:34:30,313 [82e1ff8b-aab7-4b8c-8207-e5ba7d0f8a1f@group-B597187EF31B-FollowerState] INFO  impl.FollowerState (FollowerState.java:run(143)) - 82e1ff8b-aab7-4b8c-8207-e5ba7d0f8a1f@group-B597187EF31B-FollowerState was interrupted: {}
java.lang.InterruptedException: sleep interrupted
	at java.lang.Thread.sleep(Native Method)
	at java.lang.Thread.sleep(Thread.java:340)
	at java.util.concurrent.TimeUnit.sleep(TimeUnit.java:386)
	at org.apache.ratis.util.TimeDuration.sleep(TimeDuration.java:324)
	at org.apache.ratis.util.TimeDuration.sleep(TimeDuration.java:309)
	at org.apache.ratis.server.impl.FollowerState.run(FollowerState.java:118)
2021-10-24 01:34:30,317 [grpc-default-executor-3] INFO  server.RaftServer$Division (RaftServerImpl.java:requestVote(1078)) - 82e1ff8b-aab7-4b8c-8207-e5ba7d0f8a1f@group-B597187EF31B replies to ELECTION vote request: a92b67d1-e676-4bfd-b773-60efead6e052<-82e1ff8b-aab7-4b8c-8207-e5ba7d0f8a1f#0:OK-t7. Peer's state: 82e1ff8b-aab7-4b8c-8207-e5ba7d0f8a1f@group-B597187EF31B:t7, leader=null, voted=a92b67d1-e676-4bfd-b773-60efead6e052, raftlog=82e1ff8b-aab7-4b8c-8207-e5ba7d0f8a1f@group-B597187EF31B-SegmentedRaftLog:OPENED:c-1, conf=-1: [82e1ff8b-aab7-4b8c-8207-e5ba7d0f8a1f|rpc:10.1.0.11:39599|priority:0, a92b67d1-e676-4bfd-b773-60efead6e052|rpc:10.1.0.11:32963|priority:0, 0014d44f-57a6-4d7b-99a8-c9e31c05b4da|rpc:10.1.0.11:43619|priority:1], old=null
2021-10-24 01:34:30,325 [grpc-default-executor-2] INFO  server.RaftServer$Division (RaftServerImpl.java:requestVote(1046)) - 0014d44f-57a6-4d7b-99a8-c9e31c05b4da@group-B597187EF31B: receive requestVote(ELECTION, a92b67d1-e676-4bfd-b773-60efead6e052, group-B597187EF31B, 7, (t:0, i:0))
2021-10-24 01:34:30,325 [grpc-default-executor-2] INFO  impl.VoteContext (VoteContext.java:log(48)) - 0014d44f-57a6-4d7b-99a8-c9e31c05b4da@group-B597187EF31B-FOLLOWER: reject ELECTION from a92b67d1-e676-4bfd-b773-60efead6e052: our priority 1 > candidate's priority 0
2021-10-24 01:34:30,325 [grpc-default-executor-2] INFO  server.RaftServer$Division (RaftServerImpl.java:setRole(290)) - 0014d44f-57a6-4d7b-99a8-c9e31c05b4da@group-B597187EF31B: changes role from  FOLLOWER to FOLLOWER at term 7 for candidate:a92b67d1-e676-4bfd-b773-60efead6e052
2021-10-24 01:34:30,325 [grpc-default-executor-2] INFO  impl.RoleInfo (RoleInfo.java:shutdownFollowerState(108)) - 0014d44f-57a6-4d7b-99a8-c9e31c05b4da: shutdown 0014d44f-57a6-4d7b-99a8-c9e31c05b4da@group-B597187EF31B-FollowerState
2021-10-24 01:34:30,325 [grpc-default-executor-2] INFO  impl.RoleInfo (RoleInfo.java:updateAndGet(130)) - 0014d44f-57a6-4d7b-99a8-c9e31c05b4da: start 0014d44f-57a6-4d7b-99a8-c9e31c05b4da@group-B597187EF31B-FollowerState
2021-10-24 01:34:30,325 [0014d44f-57a6-4d7b-99a8-c9e31c05b4da@group-B597187EF31B-FollowerState] INFO  impl.FollowerState (FollowerState.java:run(143)) - 0014d44f-57a6-4d7b-99a8-c9e31c05b4da@group-B597187EF31B-FollowerState was interrupted: {}
java.lang.InterruptedException: sleep interrupted
	at java.lang.Thread.sleep(Native Method)
	at java.lang.Thread.sleep(Thread.java:340)
	at java.util.concurrent.TimeUnit.sleep(TimeUnit.java:386)
	at org.apache.ratis.util.TimeDuration.sleep(TimeDuration.java:324)
	at org.apache.ratis.util.TimeDuration.sleep(TimeDuration.java:309)
	at org.apache.ratis.server.impl.FollowerState.run(FollowerState.java:118)
2021-10-24 01:34:30,340 [grpc-default-executor-2] INFO  server.RaftServer$Division (RaftServerImpl.java:requestVote(1078)) - 0014d44f-57a6-4d7b-99a8-c9e31c05b4da@group-B597187EF31B replies to ELECTION vote request: a92b67d1-e676-4bfd-b773-60efead6e052<-0014d44f-57a6-4d7b-99a8-c9e31c05b4da#0:FAIL-t7. Peer's state: 0014d44f-57a6-4d7b-99a8-c9e31c05b4da@group-B597187EF31B:t7, leader=null, voted=null, raftlog=0014d44f-57a6-4d7b-99a8-c9e31c05b4da@group-B597187EF31B-SegmentedRaftLog:OPENED:c-1, conf=-1: [82e1ff8b-aab7-4b8c-8207-e5ba7d0f8a1f|rpc:10.1.0.11:39599|dataStream:|priority:0, a92b67d1-e676-4bfd-b773-60efead6e052|rpc:10.1.0.11:32963|dataStream:|priority:0, 0014d44f-57a6-4d7b-99a8-c9e31c05b4da|rpc:10.1.0.11:43619|dataStream:|priority:1], old=null
2021-10-24 01:34:30,341 [a92b67d1-e676-4bfd-b773-60efead6e052@group-B597187EF31B-LeaderElection24] INFO  impl.LeaderElection (LeaderElection.java:logAndReturn(89)) - a92b67d1-e676-4bfd-b773-60efead6e052@group-B597187EF31B-LeaderElection24: ELECTION REJECTED received 2 response(s) and 0 exception(s):
2021-10-24 01:34:30,341 [a92b67d1-e676-4bfd-b773-60efead6e052@group-B597187EF31B-LeaderElection24] INFO  impl.LeaderElection (LeaderElection.java:logAndReturn(93)) -   Response 0: a92b67d1-e676-4bfd-b773-60efead6e052<-82e1ff8b-aab7-4b8c-8207-e5ba7d0f8a1f#0:OK-t7
2021-10-24 01:34:30,341 [a92b67d1-e676-4bfd-b773-60efead6e052@group-B597187EF31B-LeaderElection24] INFO  impl.LeaderElection (LeaderElection.java:logAndReturn(93)) -   Response 1: a92b67d1-e676-4bfd-b773-60efead6e052<-0014d44f-57a6-4d7b-99a8-c9e31c05b4da#0:FAIL-t7
2021-10-24 01:34:30,341 [a92b67d1-e676-4bfd-b773-60efead6e052@group-B597187EF31B-LeaderElection24] INFO  impl.LeaderElection (LeaderElection.java:askForVotes(308)) - a92b67d1-e676-4bfd-b773-60efead6e052@group-B597187EF31B-LeaderElection24 ELECTION round 0: result REJECTED
2021-10-24 01:34:30,341 [a92b67d1-e676-4bfd-b773-60efead6e052@group-B597187EF31B-LeaderElection24] INFO  server.RaftServer$Division (RaftServerImpl.java:setRole(290)) - a92b67d1-e676-4bfd-b773-60efead6e052@group-B597187EF31B: changes role from CANDIDATE to FOLLOWER at term 7 for REJECTED
2021-10-24 01:34:30,341 [a92b67d1-e676-4bfd-b773-60efead6e052@group-B597187EF31B-LeaderElection24] INFO  impl.RoleInfo (RoleInfo.java:shutdownLeaderElection(121)) - a92b67d1-e676-4bfd-b773-60efead6e052: shutdown a92b67d1-e676-4bfd-b773-60efead6e052@group-B597187EF31B-LeaderElection24
2021-10-24 01:34:30,342 [a92b67d1-e676-4bfd-b773-60efead6e052@group-B597187EF31B-LeaderElection24] INFO  impl.RoleInfo (RoleInfo.java:updateAndGet(130)) - a92b67d1-e676-4bfd-b773-60efead6e052: start a92b67d1-e676-4bfd-b773-60efead6e052@group-B597187EF31B-FollowerState
2021-10-24 01:34:30,774 [Listener at 127.0.0.1/37371] INFO  ozone.MiniOzoneClusterImpl (MiniOzoneClusterImpl.java:lambda$waitForClusterToBeReady$0(235)) - Nodes are ready. Got 3 of 3 DN Heartbeats.
2021-10-24 01:34:30,774 [Listener at 127.0.0.1/37371] INFO  ozone.MiniOzoneClusterImpl (MiniOzoneClusterImpl.java:lambda$waitForClusterToBeReady$0(238)) - Waiting for cluster to exit safe mode
2021-10-24 01:34:30,774 [Listener at 127.0.0.1/37371] INFO  ozone.MiniOzoneClusterImpl (MiniOzoneClusterImpl.java:lambda$waitForClusterToBeReady$0(240)) - SCM became leader
2021-10-24 01:34:31,774 [Listener at 127.0.0.1/37371] INFO  ozone.MiniOzoneClusterImpl (MiniOzoneClusterImpl.java:lambda$waitForClusterToBeReady$0(235)) - Nodes are ready. Got 3 of 3 DN Heartbeats.
2021-10-24 01:34:31,774 [Listener at 127.0.0.1/37371] INFO  ozone.MiniOzoneClusterImpl (MiniOzoneClusterImpl.java:lambda$waitForClusterToBeReady$0(238)) - Waiting for cluster to exit safe mode
2021-10-24 01:34:31,774 [Listener at 127.0.0.1/37371] INFO  ozone.MiniOzoneClusterImpl (MiniOzoneClusterImpl.java:lambda$waitForClusterToBeReady$0(240)) - SCM became leader
2021-10-24 01:34:32,775 [Listener at 127.0.0.1/37371] INFO  ozone.MiniOzoneClusterImpl (MiniOzoneClusterImpl.java:lambda$waitForClusterToBeReady$0(235)) - Nodes are ready. Got 3 of 3 DN Heartbeats.
2021-10-24 01:34:32,775 [Listener at 127.0.0.1/37371] INFO  ozone.MiniOzoneClusterImpl (MiniOzoneClusterImpl.java:lambda$waitForClusterToBeReady$0(238)) - Waiting for cluster to exit safe mode
2021-10-24 01:34:32,775 [Listener at 127.0.0.1/37371] INFO  ozone.MiniOzoneClusterImpl (MiniOzoneClusterImpl.java:lambda$waitForClusterToBeReady$0(240)) - SCM became leader
2021-10-24 01:34:33,775 [Listener at 127.0.0.1/37371] INFO  ozone.MiniOzoneClusterImpl (MiniOzoneClusterImpl.java:lambda$waitForClusterToBeReady$0(235)) - Nodes are ready. Got 3 of 3 DN Heartbeats.
2021-10-24 01:34:33,775 [Listener at 127.0.0.1/37371] INFO  ozone.MiniOzoneClusterImpl (MiniOzoneClusterImpl.java:lambda$waitForClusterToBeReady$0(238)) - Waiting for cluster to exit safe mode
2021-10-24 01:34:33,775 [Listener at 127.0.0.1/37371] INFO  ozone.MiniOzoneClusterImpl (MiniOzoneClusterImpl.java:lambda$waitForClusterToBeReady$0(240)) - SCM became leader
2021-10-24 01:34:34,775 [Listener at 127.0.0.1/37371] INFO  ozone.MiniOzoneClusterImpl (MiniOzoneClusterImpl.java:lambda$waitForClusterToBeReady$0(235)) - Nodes are ready. Got 3 of 3 DN Heartbeats.
2021-10-24 01:34:34,776 [Listener at 127.0.0.1/37371] INFO  ozone.MiniOzoneClusterImpl (MiniOzoneClusterImpl.java:lambda$waitForClusterToBeReady$0(238)) - Waiting for cluster to exit safe mode
2021-10-24 01:34:34,776 [Listener at 127.0.0.1/37371] INFO  ozone.MiniOzoneClusterImpl (MiniOzoneClusterImpl.java:lambda$waitForClusterToBeReady$0(240)) - SCM became leader
2021-10-24 01:34:35,341 [82e1ff8b-aab7-4b8c-8207-e5ba7d0f8a1f@group-B597187EF31B-FollowerState] INFO  impl.FollowerState (FollowerState.java:run(134)) - 82e1ff8b-aab7-4b8c-8207-e5ba7d0f8a1f@group-B597187EF31B-FollowerState: change to CANDIDATE, lastRpcElapsedTime:5023959499ns, electionTimeout:5010ms
2021-10-24 01:34:35,341 [82e1ff8b-aab7-4b8c-8207-e5ba7d0f8a1f@group-B597187EF31B-FollowerState] INFO  impl.RoleInfo (RoleInfo.java:shutdownFollowerState(108)) - 82e1ff8b-aab7-4b8c-8207-e5ba7d0f8a1f: shutdown 82e1ff8b-aab7-4b8c-8207-e5ba7d0f8a1f@group-B597187EF31B-FollowerState
2021-10-24 01:34:35,341 [82e1ff8b-aab7-4b8c-8207-e5ba7d0f8a1f@group-B597187EF31B-FollowerState] INFO  server.RaftServer$Division (RaftServerImpl.java:setRole(290)) - 82e1ff8b-aab7-4b8c-8207-e5ba7d0f8a1f@group-B597187EF31B: changes role from  FOLLOWER to CANDIDATE at term 7 for changeToCandidate
2021-10-24 01:34:35,341 [82e1ff8b-aab7-4b8c-8207-e5ba7d0f8a1f@group-B597187EF31B-FollowerState] INFO  server.RaftServerConfigKeys (ConfUtils.java:logGet(44)) - raft.server.leaderelection.pre-vote = false (custom)
2021-10-24 01:34:35,341 [82e1ff8b-aab7-4b8c-8207-e5ba7d0f8a1f@group-B597187EF31B-FollowerState] INFO  impl.RoleInfo (RoleInfo.java:updateAndGet(130)) - 82e1ff8b-aab7-4b8c-8207-e5ba7d0f8a1f: start 82e1ff8b-aab7-4b8c-8207-e5ba7d0f8a1f@group-B597187EF31B-LeaderElection25
2021-10-24 01:34:35,372 [82e1ff8b-aab7-4b8c-8207-e5ba7d0f8a1f@group-B597187EF31B-LeaderElection25] INFO  impl.LeaderElection (LeaderElection.java:askForVotes(306)) - 82e1ff8b-aab7-4b8c-8207-e5ba7d0f8a1f@group-B597187EF31B-LeaderElection25 ELECTION round 0: submit vote requests at term 8 for -1: [82e1ff8b-aab7-4b8c-8207-e5ba7d0f8a1f|rpc:10.1.0.11:39599|priority:0, a92b67d1-e676-4bfd-b773-60efead6e052|rpc:10.1.0.11:32963|priority:0, 0014d44f-57a6-4d7b-99a8-c9e31c05b4da|rpc:10.1.0.11:43619|priority:1], old=null
2021-10-24 01:34:35,376 [grpc-default-executor-2] INFO  server.RaftServer$Division (RaftServerImpl.java:requestVote(1046)) - a92b67d1-e676-4bfd-b773-60efead6e052@group-B597187EF31B: receive requestVote(ELECTION, 82e1ff8b-aab7-4b8c-8207-e5ba7d0f8a1f, group-B597187EF31B, 8, (t:0, i:0))
2021-10-24 01:34:35,376 [grpc-default-executor-2] INFO  impl.VoteContext (VoteContext.java:log(48)) - a92b67d1-e676-4bfd-b773-60efead6e052@group-B597187EF31B-FOLLOWER: accept ELECTION from 82e1ff8b-aab7-4b8c-8207-e5ba7d0f8a1f: our priority 0 <= candidate's priority 0
2021-10-24 01:34:35,377 [grpc-default-executor-2] INFO  server.RaftServer$Division (RaftServerImpl.java:setRole(290)) - a92b67d1-e676-4bfd-b773-60efead6e052@group-B597187EF31B: changes role from  FOLLOWER to FOLLOWER at term 8 for candidate:82e1ff8b-aab7-4b8c-8207-e5ba7d0f8a1f
2021-10-24 01:34:35,377 [grpc-default-executor-2] INFO  impl.RoleInfo (RoleInfo.java:shutdownFollowerState(108)) - a92b67d1-e676-4bfd-b773-60efead6e052: shutdown a92b67d1-e676-4bfd-b773-60efead6e052@group-B597187EF31B-FollowerState
2021-10-24 01:34:35,377 [grpc-default-executor-2] INFO  impl.RoleInfo (RoleInfo.java:updateAndGet(130)) - a92b67d1-e676-4bfd-b773-60efead6e052: start a92b67d1-e676-4bfd-b773-60efead6e052@group-B597187EF31B-FollowerState
2021-10-24 01:34:35,377 [a92b67d1-e676-4bfd-b773-60efead6e052@group-B597187EF31B-FollowerState] INFO  impl.FollowerState (FollowerState.java:run(143)) - a92b67d1-e676-4bfd-b773-60efead6e052@group-B597187EF31B-FollowerState was interrupted: {}
java.lang.InterruptedException: sleep interrupted
	at java.lang.Thread.sleep(Native Method)
	at java.lang.Thread.sleep(Thread.java:340)
	at java.util.concurrent.TimeUnit.sleep(TimeUnit.java:386)
	at org.apache.ratis.util.TimeDuration.sleep(TimeDuration.java:324)
	at org.apache.ratis.util.TimeDuration.sleep(TimeDuration.java:309)
	at org.apache.ratis.server.impl.FollowerState.run(FollowerState.java:118)
2021-10-24 01:34:35,381 [grpc-default-executor-2] INFO  server.RaftServer$Division (RaftServerImpl.java:requestVote(1078)) - a92b67d1-e676-4bfd-b773-60efead6e052@group-B597187EF31B replies to ELECTION vote request: 82e1ff8b-aab7-4b8c-8207-e5ba7d0f8a1f<-a92b67d1-e676-4bfd-b773-60efead6e052#0:OK-t8. Peer's state: a92b67d1-e676-4bfd-b773-60efead6e052@group-B597187EF31B:t8, leader=null, voted=82e1ff8b-aab7-4b8c-8207-e5ba7d0f8a1f, raftlog=a92b67d1-e676-4bfd-b773-60efead6e052@group-B597187EF31B-SegmentedRaftLog:OPENED:c-1, conf=-1: [82e1ff8b-aab7-4b8c-8207-e5ba7d0f8a1f|rpc:10.1.0.11:39599|dataStream:|priority:0, a92b67d1-e676-4bfd-b773-60efead6e052|rpc:10.1.0.11:32963|dataStream:|priority:0, 0014d44f-57a6-4d7b-99a8-c9e31c05b4da|rpc:10.1.0.11:43619|dataStream:|priority:1], old=null
2021-10-24 01:34:35,404 [grpc-default-executor-2] INFO  server.RaftServer$Division (RaftServerImpl.java:requestVote(1046)) - 0014d44f-57a6-4d7b-99a8-c9e31c05b4da@group-B597187EF31B: receive requestVote(ELECTION, 82e1ff8b-aab7-4b8c-8207-e5ba7d0f8a1f, group-B597187EF31B, 8, (t:0, i:0))
2021-10-24 01:34:35,404 [grpc-default-executor-2] INFO  impl.VoteContext (VoteContext.java:log(48)) - 0014d44f-57a6-4d7b-99a8-c9e31c05b4da@group-B597187EF31B-FOLLOWER: reject ELECTION from 82e1ff8b-aab7-4b8c-8207-e5ba7d0f8a1f: our priority 1 > candidate's priority 0
2021-10-24 01:34:35,404 [grpc-default-executor-2] INFO  server.RaftServer$Division (RaftServerImpl.java:setRole(290)) - 0014d44f-57a6-4d7b-99a8-c9e31c05b4da@group-B597187EF31B: changes role from  FOLLOWER to FOLLOWER at term 8 for candidate:82e1ff8b-aab7-4b8c-8207-e5ba7d0f8a1f
2021-10-24 01:34:35,404 [grpc-default-executor-2] INFO  impl.RoleInfo (RoleInfo.java:shutdownFollowerState(108)) - 0014d44f-57a6-4d7b-99a8-c9e31c05b4da: shutdown 0014d44f-57a6-4d7b-99a8-c9e31c05b4da@group-B597187EF31B-FollowerState
2021-10-24 01:34:35,404 [grpc-default-executor-2] INFO  impl.RoleInfo (RoleInfo.java:updateAndGet(130)) - 0014d44f-57a6-4d7b-99a8-c9e31c05b4da: start 0014d44f-57a6-4d7b-99a8-c9e31c05b4da@group-B597187EF31B-FollowerState
2021-10-24 01:34:35,404 [0014d44f-57a6-4d7b-99a8-c9e31c05b4da@group-B597187EF31B-FollowerState] INFO  impl.FollowerState (FollowerState.java:run(143)) - 0014d44f-57a6-4d7b-99a8-c9e31c05b4da@group-B597187EF31B-FollowerState was interrupted: {}
java.lang.InterruptedException: sleep interrupted
	at java.lang.Thread.sleep(Native Method)
	at java.lang.Thread.sleep(Thread.java:340)
	at java.util.concurrent.TimeUnit.sleep(TimeUnit.java:386)
	at org.apache.ratis.util.TimeDuration.sleep(TimeDuration.java:324)
	at org.apache.ratis.util.TimeDuration.sleep(TimeDuration.java:309)
	at org.apache.ratis.server.impl.FollowerState.run(FollowerState.java:118)
2021-10-24 01:34:35,411 [grpc-default-executor-2] INFO  server.RaftServer$Division (RaftServerImpl.java:requestVote(1078)) - 0014d44f-57a6-4d7b-99a8-c9e31c05b4da@group-B597187EF31B replies to ELECTION vote request: 82e1ff8b-aab7-4b8c-8207-e5ba7d0f8a1f<-0014d44f-57a6-4d7b-99a8-c9e31c05b4da#0:FAIL-t8. Peer's state: 0014d44f-57a6-4d7b-99a8-c9e31c05b4da@group-B597187EF31B:t8, leader=null, voted=null, raftlog=0014d44f-57a6-4d7b-99a8-c9e31c05b4da@group-B597187EF31B-SegmentedRaftLog:OPENED:c-1, conf=-1: [82e1ff8b-aab7-4b8c-8207-e5ba7d0f8a1f|rpc:10.1.0.11:39599|dataStream:|priority:0, a92b67d1-e676-4bfd-b773-60efead6e052|rpc:10.1.0.11:32963|dataStream:|priority:0, 0014d44f-57a6-4d7b-99a8-c9e31c05b4da|rpc:10.1.0.11:43619|dataStream:|priority:1], old=null
2021-10-24 01:34:35,412 [82e1ff8b-aab7-4b8c-8207-e5ba7d0f8a1f@group-B597187EF31B-LeaderElection25] INFO  impl.LeaderElection (LeaderElection.java:logAndReturn(89)) - 82e1ff8b-aab7-4b8c-8207-e5ba7d0f8a1f@group-B597187EF31B-LeaderElection25: ELECTION REJECTED received 2 response(s) and 0 exception(s):
2021-10-24 01:34:35,412 [82e1ff8b-aab7-4b8c-8207-e5ba7d0f8a1f@group-B597187EF31B-LeaderElection25] INFO  impl.LeaderElection (LeaderElection.java:logAndReturn(93)) -   Response 0: 82e1ff8b-aab7-4b8c-8207-e5ba7d0f8a1f<-a92b67d1-e676-4bfd-b773-60efead6e052#0:OK-t8
2021-10-24 01:34:35,412 [82e1ff8b-aab7-4b8c-8207-e5ba7d0f8a1f@group-B597187EF31B-LeaderElection25] INFO  impl.LeaderElection (LeaderElection.java:logAndReturn(93)) -   Response 1: 82e1ff8b-aab7-4b8c-8207-e5ba7d0f8a1f<-0014d44f-57a6-4d7b-99a8-c9e31c05b4da#0:FAIL-t8
2021-10-24 01:34:35,412 [82e1ff8b-aab7-4b8c-8207-e5ba7d0f8a1f@group-B597187EF31B-LeaderElection25] INFO  impl.LeaderElection (LeaderElection.java:askForVotes(308)) - 82e1ff8b-aab7-4b8c-8207-e5ba7d0f8a1f@group-B597187EF31B-LeaderElection25 ELECTION round 0: result REJECTED
2021-10-24 01:34:35,413 [82e1ff8b-aab7-4b8c-8207-e5ba7d0f8a1f@group-B597187EF31B-LeaderElection25] INFO  server.RaftServer$Division (RaftServerImpl.java:setRole(290)) - 82e1ff8b-aab7-4b8c-8207-e5ba7d0f8a1f@group-B597187EF31B: changes role from CANDIDATE to FOLLOWER at term 8 for REJECTED
2021-10-24 01:34:35,413 [82e1ff8b-aab7-4b8c-8207-e5ba7d0f8a1f@group-B597187EF31B-LeaderElection25] INFO  impl.RoleInfo (RoleInfo.java:shutdownLeaderElection(121)) - 82e1ff8b-aab7-4b8c-8207-e5ba7d0f8a1f: shutdown 82e1ff8b-aab7-4b8c-8207-e5ba7d0f8a1f@group-B597187EF31B-LeaderElection25
2021-10-24 01:34:35,413 [82e1ff8b-aab7-4b8c-8207-e5ba7d0f8a1f@group-B597187EF31B-LeaderElection25] INFO  impl.RoleInfo (RoleInfo.java:updateAndGet(130)) - 82e1ff8b-aab7-4b8c-8207-e5ba7d0f8a1f: start 82e1ff8b-aab7-4b8c-8207-e5ba7d0f8a1f@group-B597187EF31B-FollowerState
2021-10-24 01:34:35,776 [Listener at 127.0.0.1/37371] INFO  ozone.MiniOzoneClusterImpl (MiniOzoneClusterImpl.java:lambda$waitForClusterToBeReady$0(235)) - Nodes are ready. Got 3 of 3 DN Heartbeats.
2021-10-24 01:34:35,776 [Listener at 127.0.0.1/37371] INFO  ozone.MiniOzoneClusterImpl (MiniOzoneClusterImpl.java:lambda$waitForClusterToBeReady$0(238)) - Waiting for cluster to exit safe mode
2021-10-24 01:34:35,776 [Listener at 127.0.0.1/37371] INFO  ozone.MiniOzoneClusterImpl (MiniOzoneClusterImpl.java:lambda$waitForClusterToBeReady$0(240)) - SCM became leader
2021-10-24 01:34:36,776 [Listener at 127.0.0.1/37371] INFO  ozone.MiniOzoneClusterImpl (MiniOzoneClusterImpl.java:lambda$waitForClusterToBeReady$0(235)) - Nodes are ready. Got 3 of 3 DN Heartbeats.
2021-10-24 01:34:36,776 [Listener at 127.0.0.1/37371] INFO  ozone.MiniOzoneClusterImpl (MiniOzoneClusterImpl.java:lambda$waitForClusterToBeReady$0(238)) - Waiting for cluster to exit safe mode
2021-10-24 01:34:36,776 [Listener at 127.0.0.1/37371] INFO  ozone.MiniOzoneClusterImpl (MiniOzoneClusterImpl.java:lambda$waitForClusterToBeReady$0(240)) - SCM became leader
2021-10-24 01:34:37,780 [Listener at 127.0.0.1/37371] INFO  ozone.MiniOzoneClusterImpl (MiniOzoneClusterImpl.java:lambda$waitForClusterToBeReady$0(235)) - Nodes are ready. Got 3 of 3 DN Heartbeats.
2021-10-24 01:34:37,781 [Listener at 127.0.0.1/37371] INFO  ozone.MiniOzoneClusterImpl (MiniOzoneClusterImpl.java:lambda$waitForClusterToBeReady$0(238)) - Waiting for cluster to exit safe mode
2021-10-24 01:34:37,781 [Listener at 127.0.0.1/37371] INFO  ozone.MiniOzoneClusterImpl (MiniOzoneClusterImpl.java:lambda$waitForClusterToBeReady$0(240)) - SCM became leader
2021-10-24 01:34:38,788 [Listener at 127.0.0.1/37371] INFO  ozone.MiniOzoneClusterImpl (MiniOzoneClusterImpl.java:lambda$waitForClusterToBeReady$0(235)) - Nodes are ready. Got 3 of 3 DN Heartbeats.
2021-10-24 01:34:38,789 [Listener at 127.0.0.1/37371] INFO  ozone.MiniOzoneClusterImpl (MiniOzoneClusterImpl.java:lambda$waitForClusterToBeReady$0(238)) - Waiting for cluster to exit safe mode
2021-10-24 01:34:38,789 [Listener at 127.0.0.1/37371] INFO  ozone.MiniOzoneClusterImpl (MiniOzoneClusterImpl.java:lambda$waitForClusterToBeReady$0(240)) - SCM became leader
2021-10-24 01:34:39,789 [Listener at 127.0.0.1/37371] INFO  ozone.MiniOzoneClusterImpl (MiniOzoneClusterImpl.java:lambda$waitForClusterToBeReady$0(235)) - Nodes are ready. Got 3 of 3 DN Heartbeats.
2021-10-24 01:34:39,789 [Listener at 127.0.0.1/37371] INFO  ozone.MiniOzoneClusterImpl (MiniOzoneClusterImpl.java:lambda$waitForClusterToBeReady$0(238)) - Waiting for cluster to exit safe mode
2021-10-24 01:34:39,789 [Listener at 127.0.0.1/37371] INFO  ozone.MiniOzoneClusterImpl (MiniOzoneClusterImpl.java:lambda$waitForClusterToBeReady$0(240)) - SCM became leader
2021-10-24 01:34:40,493 [82e1ff8b-aab7-4b8c-8207-e5ba7d0f8a1f@group-B597187EF31B-FollowerState] INFO  impl.FollowerState (FollowerState.java:run(134)) - 82e1ff8b-aab7-4b8c-8207-e5ba7d0f8a1f@group-B597187EF31B-FollowerState: change to CANDIDATE, lastRpcElapsedTime:5080830720ns, electionTimeout:5061ms
2021-10-24 01:34:40,494 [82e1ff8b-aab7-4b8c-8207-e5ba7d0f8a1f@group-B597187EF31B-FollowerState] INFO  impl.RoleInfo (RoleInfo.java:shutdownFollowerState(108)) - 82e1ff8b-aab7-4b8c-8207-e5ba7d0f8a1f: shutdown 82e1ff8b-aab7-4b8c-8207-e5ba7d0f8a1f@group-B597187EF31B-FollowerState
2021-10-24 01:34:40,494 [82e1ff8b-aab7-4b8c-8207-e5ba7d0f8a1f@group-B597187EF31B-FollowerState] INFO  server.RaftServer$Division (RaftServerImpl.java:setRole(290)) - 82e1ff8b-aab7-4b8c-8207-e5ba7d0f8a1f@group-B597187EF31B: changes role from  FOLLOWER to CANDIDATE at term 8 for changeToCandidate
2021-10-24 01:34:40,494 [82e1ff8b-aab7-4b8c-8207-e5ba7d0f8a1f@group-B597187EF31B-FollowerState] INFO  server.RaftServerConfigKeys (ConfUtils.java:logGet(44)) - raft.server.leaderelection.pre-vote = false (custom)
2021-10-24 01:34:40,494 [82e1ff8b-aab7-4b8c-8207-e5ba7d0f8a1f@group-B597187EF31B-FollowerState] INFO  impl.RoleInfo (RoleInfo.java:updateAndGet(130)) - 82e1ff8b-aab7-4b8c-8207-e5ba7d0f8a1f: start 82e1ff8b-aab7-4b8c-8207-e5ba7d0f8a1f@group-B597187EF31B-LeaderElection26
2021-10-24 01:34:40,514 [82e1ff8b-aab7-4b8c-8207-e5ba7d0f8a1f@group-B597187EF31B-LeaderElection26] INFO  impl.LeaderElection (LeaderElection.java:askForVotes(306)) - 82e1ff8b-aab7-4b8c-8207-e5ba7d0f8a1f@group-B597187EF31B-LeaderElection26 ELECTION round 0: submit vote requests at term 9 for -1: [82e1ff8b-aab7-4b8c-8207-e5ba7d0f8a1f|rpc:10.1.0.11:39599|priority:0, a92b67d1-e676-4bfd-b773-60efead6e052|rpc:10.1.0.11:32963|priority:0, 0014d44f-57a6-4d7b-99a8-c9e31c05b4da|rpc:10.1.0.11:43619|priority:1], old=null
2021-10-24 01:34:40,518 [grpc-default-executor-2] INFO  server.RaftServer$Division (RaftServerImpl.java:requestVote(1046)) - a92b67d1-e676-4bfd-b773-60efead6e052@group-B597187EF31B: receive requestVote(ELECTION, 82e1ff8b-aab7-4b8c-8207-e5ba7d0f8a1f, group-B597187EF31B, 9, (t:0, i:0))
2021-10-24 01:34:40,518 [grpc-default-executor-2] INFO  impl.VoteContext (VoteContext.java:log(48)) - a92b67d1-e676-4bfd-b773-60efead6e052@group-B597187EF31B-FOLLOWER: accept ELECTION from 82e1ff8b-aab7-4b8c-8207-e5ba7d0f8a1f: our priority 0 <= candidate's priority 0
2021-10-24 01:34:40,518 [grpc-default-executor-2] INFO  server.RaftServer$Division (RaftServerImpl.java:setRole(290)) - a92b67d1-e676-4bfd-b773-60efead6e052@group-B597187EF31B: changes role from  FOLLOWER to FOLLOWER at term 9 for candidate:82e1ff8b-aab7-4b8c-8207-e5ba7d0f8a1f
2021-10-24 01:34:40,519 [grpc-default-executor-2] INFO  impl.RoleInfo (RoleInfo.java:shutdownFollowerState(108)) - a92b67d1-e676-4bfd-b773-60efead6e052: shutdown a92b67d1-e676-4bfd-b773-60efead6e052@group-B597187EF31B-FollowerState
2021-10-24 01:34:40,519 [grpc-default-executor-2] INFO  impl.RoleInfo (RoleInfo.java:updateAndGet(130)) - a92b67d1-e676-4bfd-b773-60efead6e052: start a92b67d1-e676-4bfd-b773-60efead6e052@group-B597187EF31B-FollowerState
2021-10-24 01:34:40,519 [a92b67d1-e676-4bfd-b773-60efead6e052@group-B597187EF31B-FollowerState] INFO  impl.FollowerState (FollowerState.java:run(143)) - a92b67d1-e676-4bfd-b773-60efead6e052@group-B597187EF31B-FollowerState was interrupted: {}
java.lang.InterruptedException: sleep interrupted
	at java.lang.Thread.sleep(Native Method)
	at java.lang.Thread.sleep(Thread.java:340)
	at java.util.concurrent.TimeUnit.sleep(TimeUnit.java:386)
	at org.apache.ratis.util.TimeDuration.sleep(TimeDuration.java:324)
	at org.apache.ratis.util.TimeDuration.sleep(TimeDuration.java:309)
	at org.apache.ratis.server.impl.FollowerState.run(FollowerState.java:118)
2021-10-24 01:34:40,520 [grpc-default-executor-2] INFO  server.RaftServer$Division (RaftServerImpl.java:requestVote(1078)) - a92b67d1-e676-4bfd-b773-60efead6e052@group-B597187EF31B replies to ELECTION vote request: 82e1ff8b-aab7-4b8c-8207-e5ba7d0f8a1f<-a92b67d1-e676-4bfd-b773-60efead6e052#0:OK-t9. Peer's state: a92b67d1-e676-4bfd-b773-60efead6e052@group-B597187EF31B:t9, leader=null, voted=82e1ff8b-aab7-4b8c-8207-e5ba7d0f8a1f, raftlog=a92b67d1-e676-4bfd-b773-60efead6e052@group-B597187EF31B-SegmentedRaftLog:OPENED:c-1, conf=-1: [82e1ff8b-aab7-4b8c-8207-e5ba7d0f8a1f|rpc:10.1.0.11:39599|dataStream:|priority:0, a92b67d1-e676-4bfd-b773-60efead6e052|rpc:10.1.0.11:32963|dataStream:|priority:0, 0014d44f-57a6-4d7b-99a8-c9e31c05b4da|rpc:10.1.0.11:43619|dataStream:|priority:1], old=null
2021-10-24 01:34:40,536 [grpc-default-executor-2] INFO  server.RaftServer$Division (RaftServerImpl.java:requestVote(1046)) - 0014d44f-57a6-4d7b-99a8-c9e31c05b4da@group-B597187EF31B: receive requestVote(ELECTION, 82e1ff8b-aab7-4b8c-8207-e5ba7d0f8a1f, group-B597187EF31B, 9, (t:0, i:0))
2021-10-24 01:34:40,537 [grpc-default-executor-2] INFO  impl.VoteContext (VoteContext.java:log(48)) - 0014d44f-57a6-4d7b-99a8-c9e31c05b4da@group-B597187EF31B-FOLLOWER: reject ELECTION from 82e1ff8b-aab7-4b8c-8207-e5ba7d0f8a1f: our priority 1 > candidate's priority 0
2021-10-24 01:34:40,537 [grpc-default-executor-2] INFO  server.RaftServer$Division (RaftServerImpl.java:setRole(290)) - 0014d44f-57a6-4d7b-99a8-c9e31c05b4da@group-B597187EF31B: changes role from  FOLLOWER to FOLLOWER at term 9 for candidate:82e1ff8b-aab7-4b8c-8207-e5ba7d0f8a1f
2021-10-24 01:34:40,537 [grpc-default-executor-2] INFO  impl.RoleInfo (RoleInfo.java:shutdownFollowerState(108)) - 0014d44f-57a6-4d7b-99a8-c9e31c05b4da: shutdown 0014d44f-57a6-4d7b-99a8-c9e31c05b4da@group-B597187EF31B-FollowerState
2021-10-24 01:34:40,537 [grpc-default-executor-2] INFO  impl.RoleInfo (RoleInfo.java:updateAndGet(130)) - 0014d44f-57a6-4d7b-99a8-c9e31c05b4da: start 0014d44f-57a6-4d7b-99a8-c9e31c05b4da@group-B597187EF31B-FollowerState
2021-10-24 01:34:40,537 [0014d44f-57a6-4d7b-99a8-c9e31c05b4da@group-B597187EF31B-FollowerState] INFO  impl.FollowerState (FollowerState.java:run(143)) - 0014d44f-57a6-4d7b-99a8-c9e31c05b4da@group-B597187EF31B-FollowerState was interrupted: {}
java.lang.InterruptedException: sleep interrupted
	at java.lang.Thread.sleep(Native Method)
	at java.lang.Thread.sleep(Thread.java:340)
	at java.util.concurrent.TimeUnit.sleep(TimeUnit.java:386)
	at org.apache.ratis.util.TimeDuration.sleep(TimeDuration.java:324)
	at org.apache.ratis.util.TimeDuration.sleep(TimeDuration.java:309)
	at org.apache.ratis.server.impl.FollowerState.run(FollowerState.java:118)
2021-10-24 01:34:40,557 [grpc-default-executor-2] INFO  server.RaftServer$Division (RaftServerImpl.java:requestVote(1078)) - 0014d44f-57a6-4d7b-99a8-c9e31c05b4da@group-B597187EF31B replies to ELECTION vote request: 82e1ff8b-aab7-4b8c-8207-e5ba7d0f8a1f<-0014d44f-57a6-4d7b-99a8-c9e31c05b4da#0:FAIL-t9. Peer's state: 0014d44f-57a6-4d7b-99a8-c9e31c05b4da@group-B597187EF31B:t9, leader=null, voted=null, raftlog=0014d44f-57a6-4d7b-99a8-c9e31c05b4da@group-B597187EF31B-SegmentedRaftLog:OPENED:c-1, conf=-1: [82e1ff8b-aab7-4b8c-8207-e5ba7d0f8a1f|rpc:10.1.0.11:39599|dataStream:|priority:0, a92b67d1-e676-4bfd-b773-60efead6e052|rpc:10.1.0.11:32963|dataStream:|priority:0, 0014d44f-57a6-4d7b-99a8-c9e31c05b4da|rpc:10.1.0.11:43619|dataStream:|priority:1], old=null
2021-10-24 01:34:40,558 [82e1ff8b-aab7-4b8c-8207-e5ba7d0f8a1f@group-B597187EF31B-LeaderElection26] INFO  impl.LeaderElection (LeaderElection.java:logAndReturn(89)) - 82e1ff8b-aab7-4b8c-8207-e5ba7d0f8a1f@group-B597187EF31B-LeaderElection26: ELECTION REJECTED received 2 response(s) and 0 exception(s):
2021-10-24 01:34:40,559 [82e1ff8b-aab7-4b8c-8207-e5ba7d0f8a1f@group-B597187EF31B-LeaderElection26] INFO  impl.LeaderElection (LeaderElection.java:logAndReturn(93)) -   Response 0: 82e1ff8b-aab7-4b8c-8207-e5ba7d0f8a1f<-a92b67d1-e676-4bfd-b773-60efead6e052#0:OK-t9
2021-10-24 01:34:40,559 [82e1ff8b-aab7-4b8c-8207-e5ba7d0f8a1f@group-B597187EF31B-LeaderElection26] INFO  impl.LeaderElection (LeaderElection.java:logAndReturn(93)) -   Response 1: 82e1ff8b-aab7-4b8c-8207-e5ba7d0f8a1f<-0014d44f-57a6-4d7b-99a8-c9e31c05b4da#0:FAIL-t9
2021-10-24 01:34:40,559 [82e1ff8b-aab7-4b8c-8207-e5ba7d0f8a1f@group-B597187EF31B-LeaderElection26] INFO  impl.LeaderElection (LeaderElection.java:askForVotes(308)) - 82e1ff8b-aab7-4b8c-8207-e5ba7d0f8a1f@group-B597187EF31B-LeaderElection26 ELECTION round 0: result REJECTED
2021-10-24 01:34:40,559 [82e1ff8b-aab7-4b8c-8207-e5ba7d0f8a1f@group-B597187EF31B-LeaderElection26] INFO  server.RaftServer$Division (RaftServerImpl.java:setRole(290)) - 82e1ff8b-aab7-4b8c-8207-e5ba7d0f8a1f@group-B597187EF31B: changes role from CANDIDATE to FOLLOWER at term 9 for REJECTED
2021-10-24 01:34:40,559 [82e1ff8b-aab7-4b8c-8207-e5ba7d0f8a1f@group-B597187EF31B-LeaderElection26] INFO  impl.RoleInfo (RoleInfo.java:shutdownLeaderElection(121)) - 82e1ff8b-aab7-4b8c-8207-e5ba7d0f8a1f: shutdown 82e1ff8b-aab7-4b8c-8207-e5ba7d0f8a1f@group-B597187EF31B-LeaderElection26
2021-10-24 01:34:40,559 [82e1ff8b-aab7-4b8c-8207-e5ba7d0f8a1f@group-B597187EF31B-LeaderElection26] INFO  impl.RoleInfo (RoleInfo.java:updateAndGet(130)) - 82e1ff8b-aab7-4b8c-8207-e5ba7d0f8a1f: start 82e1ff8b-aab7-4b8c-8207-e5ba7d0f8a1f@group-B597187EF31B-FollowerState
2021-10-24 01:34:40,789 [Listener at 127.0.0.1/37371] INFO  ozone.MiniOzoneClusterImpl (MiniOzoneClusterImpl.java:lambda$waitForClusterToBeReady$0(235)) - Nodes are ready. Got 3 of 3 DN Heartbeats.
2021-10-24 01:34:40,789 [Listener at 127.0.0.1/37371] INFO  ozone.MiniOzoneClusterImpl (MiniOzoneClusterImpl.java:lambda$waitForClusterToBeReady$0(238)) - Waiting for cluster to exit safe mode
2021-10-24 01:34:40,789 [Listener at 127.0.0.1/37371] INFO  ozone.MiniOzoneClusterImpl (MiniOzoneClusterImpl.java:lambda$waitForClusterToBeReady$0(240)) - SCM became leader
2021-10-24 01:34:41,790 [Listener at 127.0.0.1/37371] INFO  ozone.MiniOzoneClusterImpl (MiniOzoneClusterImpl.java:lambda$waitForClusterToBeReady$0(235)) - Nodes are ready. Got 3 of 3 DN Heartbeats.
2021-10-24 01:34:41,790 [Listener at 127.0.0.1/37371] INFO  ozone.MiniOzoneClusterImpl (MiniOzoneClusterImpl.java:lambda$waitForClusterToBeReady$0(238)) - Waiting for cluster to exit safe mode
2021-10-24 01:34:41,790 [Listener at 127.0.0.1/37371] INFO  ozone.MiniOzoneClusterImpl (MiniOzoneClusterImpl.java:lambda$waitForClusterToBeReady$0(240)) - SCM became leader
2021-10-24 01:34:42,790 [Listener at 127.0.0.1/37371] INFO  ozone.MiniOzoneClusterImpl (MiniOzoneClusterImpl.java:lambda$waitForClusterToBeReady$0(235)) - Nodes are ready. Got 3 of 3 DN Heartbeats.
2021-10-24 01:34:42,790 [Listener at 127.0.0.1/37371] INFO  ozone.MiniOzoneClusterImpl (MiniOzoneClusterImpl.java:lambda$waitForClusterToBeReady$0(238)) - Waiting for cluster to exit safe mode
2021-10-24 01:34:42,790 [Listener at 127.0.0.1/37371] INFO  ozone.MiniOzoneClusterImpl (MiniOzoneClusterImpl.java:lambda$waitForClusterToBeReady$0(240)) - SCM became leader
2021-10-24 01:34:43,790 [Listener at 127.0.0.1/37371] INFO  ozone.MiniOzoneClusterImpl (MiniOzoneClusterImpl.java:lambda$waitForClusterToBeReady$0(235)) - Nodes are ready. Got 3 of 3 DN Heartbeats.
2021-10-24 01:34:43,791 [Listener at 127.0.0.1/37371] INFO  ozone.MiniOzoneClusterImpl (MiniOzoneClusterImpl.java:lambda$waitForClusterToBeReady$0(238)) - Waiting for cluster to exit safe mode
2021-10-24 01:34:43,791 [Listener at 127.0.0.1/37371] INFO  ozone.MiniOzoneClusterImpl (MiniOzoneClusterImpl.java:lambda$waitForClusterToBeReady$0(240)) - SCM became leader
2021-10-24 01:34:44,791 [Listener at 127.0.0.1/37371] INFO  ozone.MiniOzoneClusterImpl (MiniOzoneClusterImpl.java:lambda$waitForClusterToBeReady$0(235)) - Nodes are ready. Got 3 of 3 DN Heartbeats.
2021-10-24 01:34:44,791 [Listener at 127.0.0.1/37371] INFO  ozone.MiniOzoneClusterImpl (MiniOzoneClusterImpl.java:lambda$waitForClusterToBeReady$0(238)) - Waiting for cluster to exit safe mode
2021-10-24 01:34:44,791 [Listener at 127.0.0.1/37371] INFO  ozone.MiniOzoneClusterImpl (MiniOzoneClusterImpl.java:lambda$waitForClusterToBeReady$0(240)) - SCM became leader
2021-10-24 01:34:45,652 [a92b67d1-e676-4bfd-b773-60efead6e052@group-B597187EF31B-FollowerState] INFO  impl.FollowerState (FollowerState.java:run(134)) - a92b67d1-e676-4bfd-b773-60efead6e052@group-B597187EF31B-FollowerState: change to CANDIDATE, lastRpcElapsedTime:5131299748ns, electionTimeout:5115ms
2021-10-24 01:34:45,652 [a92b67d1-e676-4bfd-b773-60efead6e052@group-B597187EF31B-FollowerState] INFO  impl.RoleInfo (RoleInfo.java:shutdownFollowerState(108)) - a92b67d1-e676-4bfd-b773-60efead6e052: shutdown a92b67d1-e676-4bfd-b773-60efead6e052@group-B597187EF31B-FollowerState
2021-10-24 01:34:45,652 [a92b67d1-e676-4bfd-b773-60efead6e052@group-B597187EF31B-FollowerState] INFO  server.RaftServer$Division (RaftServerImpl.java:setRole(290)) - a92b67d1-e676-4bfd-b773-60efead6e052@group-B597187EF31B: changes role from  FOLLOWER to CANDIDATE at term 9 for changeToCandidate
2021-10-24 01:34:45,652 [a92b67d1-e676-4bfd-b773-60efead6e052@group-B597187EF31B-FollowerState] INFO  server.RaftServerConfigKeys (ConfUtils.java:logGet(44)) - raft.server.leaderelection.pre-vote = false (custom)
2021-10-24 01:34:45,652 [a92b67d1-e676-4bfd-b773-60efead6e052@group-B597187EF31B-FollowerState] INFO  impl.RoleInfo (RoleInfo.java:updateAndGet(130)) - a92b67d1-e676-4bfd-b773-60efead6e052: start a92b67d1-e676-4bfd-b773-60efead6e052@group-B597187EF31B-LeaderElection27
2021-10-24 01:34:45,668 [a92b67d1-e676-4bfd-b773-60efead6e052@group-B597187EF31B-LeaderElection27] INFO  impl.LeaderElection (LeaderElection.java:askForVotes(306)) - a92b67d1-e676-4bfd-b773-60efead6e052@group-B597187EF31B-LeaderElection27 ELECTION round 0: submit vote requests at term 10 for -1: [82e1ff8b-aab7-4b8c-8207-e5ba7d0f8a1f|rpc:10.1.0.11:39599|dataStream:|priority:0, a92b67d1-e676-4bfd-b773-60efead6e052|rpc:10.1.0.11:32963|dataStream:|priority:0, 0014d44f-57a6-4d7b-99a8-c9e31c05b4da|rpc:10.1.0.11:43619|dataStream:|priority:1], old=null
2021-10-24 01:34:45,684 [grpc-default-executor-2] INFO  server.RaftServer$Division (RaftServerImpl.java:requestVote(1046)) - 0014d44f-57a6-4d7b-99a8-c9e31c05b4da@group-B597187EF31B: receive requestVote(ELECTION, a92b67d1-e676-4bfd-b773-60efead6e052, group-B597187EF31B, 10, (t:0, i:0))
2021-10-24 01:34:45,684 [grpc-default-executor-2] INFO  impl.VoteContext (VoteContext.java:log(48)) - 0014d44f-57a6-4d7b-99a8-c9e31c05b4da@group-B597187EF31B-FOLLOWER: reject ELECTION from a92b67d1-e676-4bfd-b773-60efead6e052: our priority 1 > candidate's priority 0
2021-10-24 01:34:45,684 [grpc-default-executor-2] INFO  server.RaftServer$Division (RaftServerImpl.java:setRole(290)) - 0014d44f-57a6-4d7b-99a8-c9e31c05b4da@group-B597187EF31B: changes role from  FOLLOWER to FOLLOWER at term 10 for candidate:a92b67d1-e676-4bfd-b773-60efead6e052
2021-10-24 01:34:45,684 [grpc-default-executor-2] INFO  impl.RoleInfo (RoleInfo.java:shutdownFollowerState(108)) - 0014d44f-57a6-4d7b-99a8-c9e31c05b4da: shutdown 0014d44f-57a6-4d7b-99a8-c9e31c05b4da@group-B597187EF31B-FollowerState
2021-10-24 01:34:45,684 [grpc-default-executor-2] INFO  impl.RoleInfo (RoleInfo.java:updateAndGet(130)) - 0014d44f-57a6-4d7b-99a8-c9e31c05b4da: start 0014d44f-57a6-4d7b-99a8-c9e31c05b4da@group-B597187EF31B-FollowerState
2021-10-24 01:34:45,684 [0014d44f-57a6-4d7b-99a8-c9e31c05b4da@group-B597187EF31B-FollowerState] INFO  impl.FollowerState (FollowerState.java:run(143)) - 0014d44f-57a6-4d7b-99a8-c9e31c05b4da@group-B597187EF31B-FollowerState was interrupted: {}
java.lang.InterruptedException: sleep interrupted
	at java.lang.Thread.sleep(Native Method)
	at java.lang.Thread.sleep(Thread.java:340)
	at java.util.concurrent.TimeUnit.sleep(TimeUnit.java:386)
	at org.apache.ratis.util.TimeDuration.sleep(TimeDuration.java:324)
	at org.apache.ratis.util.TimeDuration.sleep(TimeDuration.java:309)
	at org.apache.ratis.server.impl.FollowerState.run(FollowerState.java:118)
2021-10-24 01:34:45,694 [grpc-default-executor-3] INFO  server.RaftServer$Division (RaftServerImpl.java:requestVote(1046)) - 82e1ff8b-aab7-4b8c-8207-e5ba7d0f8a1f@group-B597187EF31B: receive requestVote(ELECTION, a92b67d1-e676-4bfd-b773-60efead6e052, group-B597187EF31B, 10, (t:0, i:0))
2021-10-24 01:34:45,694 [grpc-default-executor-3] INFO  impl.VoteContext (VoteContext.java:log(48)) - 82e1ff8b-aab7-4b8c-8207-e5ba7d0f8a1f@group-B597187EF31B-FOLLOWER: accept ELECTION from a92b67d1-e676-4bfd-b773-60efead6e052: our priority 0 <= candidate's priority 0
2021-10-24 01:34:45,694 [grpc-default-executor-3] INFO  server.RaftServer$Division (RaftServerImpl.java:setRole(290)) - 82e1ff8b-aab7-4b8c-8207-e5ba7d0f8a1f@group-B597187EF31B: changes role from  FOLLOWER to FOLLOWER at term 10 for candidate:a92b67d1-e676-4bfd-b773-60efead6e052
2021-10-24 01:34:45,694 [grpc-default-executor-3] INFO  impl.RoleInfo (RoleInfo.java:shutdownFollowerState(108)) - 82e1ff8b-aab7-4b8c-8207-e5ba7d0f8a1f: shutdown 82e1ff8b-aab7-4b8c-8207-e5ba7d0f8a1f@group-B597187EF31B-FollowerState
2021-10-24 01:34:45,694 [grpc-default-executor-3] INFO  impl.RoleInfo (RoleInfo.java:updateAndGet(130)) - 82e1ff8b-aab7-4b8c-8207-e5ba7d0f8a1f: start 82e1ff8b-aab7-4b8c-8207-e5ba7d0f8a1f@group-B597187EF31B-FollowerState
2021-10-24 01:34:45,694 [82e1ff8b-aab7-4b8c-8207-e5ba7d0f8a1f@group-B597187EF31B-FollowerState] INFO  impl.FollowerState (FollowerState.java:run(143)) - 82e1ff8b-aab7-4b8c-8207-e5ba7d0f8a1f@group-B597187EF31B-FollowerState was interrupted: {}
java.lang.InterruptedException: sleep interrupted
	at java.lang.Thread.sleep(Native Method)
	at java.lang.Thread.sleep(Thread.java:340)
	at java.util.concurrent.TimeUnit.sleep(TimeUnit.java:386)
	at org.apache.ratis.util.TimeDuration.sleep(TimeDuration.java:324)
	at org.apache.ratis.util.TimeDuration.sleep(TimeDuration.java:309)
	at org.apache.ratis.server.impl.FollowerState.run(FollowerState.java:118)
2021-10-24 01:34:45,701 [grpc-default-executor-2] INFO  server.RaftServer$Division (RaftServerImpl.java:requestVote(1078)) - 0014d44f-57a6-4d7b-99a8-c9e31c05b4da@group-B597187EF31B replies to ELECTION vote request: a92b67d1-e676-4bfd-b773-60efead6e052<-0014d44f-57a6-4d7b-99a8-c9e31c05b4da#0:FAIL-t10. Peer's state: 0014d44f-57a6-4d7b-99a8-c9e31c05b4da@group-B597187EF31B:t10, leader=null, voted=null, raftlog=0014d44f-57a6-4d7b-99a8-c9e31c05b4da@group-B597187EF31B-SegmentedRaftLog:OPENED:c-1, conf=-1: [82e1ff8b-aab7-4b8c-8207-e5ba7d0f8a1f|rpc:10.1.0.11:39599|dataStream:|priority:0, a92b67d1-e676-4bfd-b773-60efead6e052|rpc:10.1.0.11:32963|dataStream:|priority:0, 0014d44f-57a6-4d7b-99a8-c9e31c05b4da|rpc:10.1.0.11:43619|dataStream:|priority:1], old=null
2021-10-24 01:34:45,702 [a92b67d1-e676-4bfd-b773-60efead6e052@group-B597187EF31B-LeaderElection27] INFO  impl.LeaderElection (LeaderElection.java:logAndReturn(89)) - a92b67d1-e676-4bfd-b773-60efead6e052@group-B597187EF31B-LeaderElection27: ELECTION REJECTED received 1 response(s) and 0 exception(s):
2021-10-24 01:34:45,702 [a92b67d1-e676-4bfd-b773-60efead6e052@group-B597187EF31B-LeaderElection27] INFO  impl.LeaderElection (LeaderElection.java:logAndReturn(93)) -   Response 0: a92b67d1-e676-4bfd-b773-60efead6e052<-0014d44f-57a6-4d7b-99a8-c9e31c05b4da#0:FAIL-t10
2021-10-24 01:34:45,702 [a92b67d1-e676-4bfd-b773-60efead6e052@group-B597187EF31B-LeaderElection27] INFO  impl.LeaderElection (LeaderElection.java:askForVotes(308)) - a92b67d1-e676-4bfd-b773-60efead6e052@group-B597187EF31B-LeaderElection27 ELECTION round 0: result REJECTED
2021-10-24 01:34:45,702 [a92b67d1-e676-4bfd-b773-60efead6e052@group-B597187EF31B-LeaderElection27] INFO  server.RaftServer$Division (RaftServerImpl.java:setRole(290)) - a92b67d1-e676-4bfd-b773-60efead6e052@group-B597187EF31B: changes role from CANDIDATE to FOLLOWER at term 10 for REJECTED
2021-10-24 01:34:45,705 [a92b67d1-e676-4bfd-b773-60efead6e052@group-B597187EF31B-LeaderElection27] INFO  impl.RoleInfo (RoleInfo.java:shutdownLeaderElection(121)) - a92b67d1-e676-4bfd-b773-60efead6e052: shutdown a92b67d1-e676-4bfd-b773-60efead6e052@group-B597187EF31B-LeaderElection27
2021-10-24 01:34:45,705 [a92b67d1-e676-4bfd-b773-60efead6e052@group-B597187EF31B-LeaderElection27] INFO  impl.RoleInfo (RoleInfo.java:updateAndGet(130)) - a92b67d1-e676-4bfd-b773-60efead6e052: start a92b67d1-e676-4bfd-b773-60efead6e052@group-B597187EF31B-FollowerState
2021-10-24 01:34:45,705 [grpc-default-executor-3] INFO  server.RaftServer$Division (RaftServerImpl.java:requestVote(1078)) - 82e1ff8b-aab7-4b8c-8207-e5ba7d0f8a1f@group-B597187EF31B replies to ELECTION vote request: a92b67d1-e676-4bfd-b773-60efead6e052<-82e1ff8b-aab7-4b8c-8207-e5ba7d0f8a1f#0:OK-t10. Peer's state: 82e1ff8b-aab7-4b8c-8207-e5ba7d0f8a1f@group-B597187EF31B:t10, leader=null, voted=a92b67d1-e676-4bfd-b773-60efead6e052, raftlog=82e1ff8b-aab7-4b8c-8207-e5ba7d0f8a1f@group-B597187EF31B-SegmentedRaftLog:OPENED:c-1, conf=-1: [82e1ff8b-aab7-4b8c-8207-e5ba7d0f8a1f|rpc:10.1.0.11:39599|priority:0, a92b67d1-e676-4bfd-b773-60efead6e052|rpc:10.1.0.11:32963|priority:0, 0014d44f-57a6-4d7b-99a8-c9e31c05b4da|rpc:10.1.0.11:43619|priority:1], old=null
2021-10-24 01:34:45,791 [Listener at 127.0.0.1/37371] INFO  ozone.MiniOzoneClusterImpl (MiniOzoneClusterImpl.java:lambda$waitForClusterToBeReady$0(235)) - Nodes are ready. Got 3 of 3 DN Heartbeats.
2021-10-24 01:34:45,791 [Listener at 127.0.0.1/37371] INFO  ozone.MiniOzoneClusterImpl (MiniOzoneClusterImpl.java:lambda$waitForClusterToBeReady$0(238)) - Waiting for cluster to exit safe mode
2021-10-24 01:34:45,791 [Listener at 127.0.0.1/37371] INFO  ozone.MiniOzoneClusterImpl (MiniOzoneClusterImpl.java:lambda$waitForClusterToBeReady$0(240)) - SCM became leader
2021-10-24 01:34:46,792 [Listener at 127.0.0.1/37371] INFO  ozone.MiniOzoneClusterImpl (MiniOzoneClusterImpl.java:lambda$waitForClusterToBeReady$0(235)) - Nodes are ready. Got 3 of 3 DN Heartbeats.
2021-10-24 01:34:46,792 [Listener at 127.0.0.1/37371] INFO  ozone.MiniOzoneClusterImpl (MiniOzoneClusterImpl.java:lambda$waitForClusterToBeReady$0(238)) - Waiting for cluster to exit safe mode
2021-10-24 01:34:46,792 [Listener at 127.0.0.1/37371] INFO  ozone.MiniOzoneClusterImpl (MiniOzoneClusterImpl.java:lambda$waitForClusterToBeReady$0(240)) - SCM became leader
2021-10-24 01:34:47,792 [Listener at 127.0.0.1/37371] INFO  ozone.MiniOzoneClusterImpl (MiniOzoneClusterImpl.java:lambda$waitForClusterToBeReady$0(235)) - Nodes are ready. Got 3 of 3 DN Heartbeats.
2021-10-24 01:34:47,792 [Listener at 127.0.0.1/37371] INFO  ozone.MiniOzoneClusterImpl (MiniOzoneClusterImpl.java:lambda$waitForClusterToBeReady$0(238)) - Waiting for cluster to exit safe mode
2021-10-24 01:34:47,792 [Listener at 127.0.0.1/37371] INFO  ozone.MiniOzoneClusterImpl (MiniOzoneClusterImpl.java:lambda$waitForClusterToBeReady$0(240)) - SCM became leader
2021-10-24 01:34:48,792 [Listener at 127.0.0.1/37371] INFO  ozone.MiniOzoneClusterImpl (MiniOzoneClusterImpl.java:lambda$waitForClusterToBeReady$0(235)) - Nodes are ready. Got 3 of 3 DN Heartbeats.
2021-10-24 01:34:48,793 [Listener at 127.0.0.1/37371] INFO  ozone.MiniOzoneClusterImpl (MiniOzoneClusterImpl.java:lambda$waitForClusterToBeReady$0(238)) - Waiting for cluster to exit safe mode
2021-10-24 01:34:48,793 [Listener at 127.0.0.1/37371] INFO  ozone.MiniOzoneClusterImpl (MiniOzoneClusterImpl.java:lambda$waitForClusterToBeReady$0(240)) - SCM became leader
2021-10-24 01:34:49,793 [Listener at 127.0.0.1/37371] INFO  ozone.MiniOzoneClusterImpl (MiniOzoneClusterImpl.java:lambda$waitForClusterToBeReady$0(235)) - Nodes are ready. Got 3 of 3 DN Heartbeats.
2021-10-24 01:34:49,793 [Listener at 127.0.0.1/37371] INFO  ozone.MiniOzoneClusterImpl (MiniOzoneClusterImpl.java:lambda$waitForClusterToBeReady$0(238)) - Waiting for cluster to exit safe mode
2021-10-24 01:34:49,793 [Listener at 127.0.0.1/37371] INFO  ozone.MiniOzoneClusterImpl (MiniOzoneClusterImpl.java:lambda$waitForClusterToBeReady$0(240)) - SCM became leader
2021-10-24 01:34:50,741 [82e1ff8b-aab7-4b8c-8207-e5ba7d0f8a1f@group-B597187EF31B-FollowerState] INFO  impl.FollowerState (FollowerState.java:run(134)) - 82e1ff8b-aab7-4b8c-8207-e5ba7d0f8a1f@group-B597187EF31B-FollowerState: change to CANDIDATE, lastRpcElapsedTime:5036067695ns, electionTimeout:5036ms
2021-10-24 01:34:50,741 [82e1ff8b-aab7-4b8c-8207-e5ba7d0f8a1f@group-B597187EF31B-FollowerState] INFO  impl.RoleInfo (RoleInfo.java:shutdownFollowerState(108)) - 82e1ff8b-aab7-4b8c-8207-e5ba7d0f8a1f: shutdown 82e1ff8b-aab7-4b8c-8207-e5ba7d0f8a1f@group-B597187EF31B-FollowerState
2021-10-24 01:34:50,741 [82e1ff8b-aab7-4b8c-8207-e5ba7d0f8a1f@group-B597187EF31B-FollowerState] INFO  server.RaftServer$Division (RaftServerImpl.java:setRole(290)) - 82e1ff8b-aab7-4b8c-8207-e5ba7d0f8a1f@group-B597187EF31B: changes role from  FOLLOWER to CANDIDATE at term 10 for changeToCandidate
2021-10-24 01:34:50,741 [82e1ff8b-aab7-4b8c-8207-e5ba7d0f8a1f@group-B597187EF31B-FollowerState] INFO  server.RaftServerConfigKeys (ConfUtils.java:logGet(44)) - raft.server.leaderelection.pre-vote = false (custom)
2021-10-24 01:34:50,741 [82e1ff8b-aab7-4b8c-8207-e5ba7d0f8a1f@group-B597187EF31B-FollowerState] INFO  impl.RoleInfo (RoleInfo.java:updateAndGet(130)) - 82e1ff8b-aab7-4b8c-8207-e5ba7d0f8a1f: start 82e1ff8b-aab7-4b8c-8207-e5ba7d0f8a1f@group-B597187EF31B-LeaderElection28
2021-10-24 01:34:50,742 [a92b67d1-e676-4bfd-b773-60efead6e052@group-B597187EF31B-FollowerState] INFO  impl.FollowerState (FollowerState.java:run(134)) - a92b67d1-e676-4bfd-b773-60efead6e052@group-B597187EF31B-FollowerState: change to CANDIDATE, lastRpcElapsedTime:5037536616ns, electionTimeout:5018ms
2021-10-24 01:34:50,743 [a92b67d1-e676-4bfd-b773-60efead6e052@group-B597187EF31B-FollowerState] INFO  impl.RoleInfo (RoleInfo.java:shutdownFollowerState(108)) - a92b67d1-e676-4bfd-b773-60efead6e052: shutdown a92b67d1-e676-4bfd-b773-60efead6e052@group-B597187EF31B-FollowerState
2021-10-24 01:34:50,743 [a92b67d1-e676-4bfd-b773-60efead6e052@group-B597187EF31B-FollowerState] INFO  server.RaftServer$Division (RaftServerImpl.java:setRole(290)) - a92b67d1-e676-4bfd-b773-60efead6e052@group-B597187EF31B: changes role from  FOLLOWER to CANDIDATE at term 10 for changeToCandidate
2021-10-24 01:34:50,744 [a92b67d1-e676-4bfd-b773-60efead6e052@group-B597187EF31B-FollowerState] INFO  server.RaftServerConfigKeys (ConfUtils.java:logGet(44)) - raft.server.leaderelection.pre-vote = false (custom)
2021-10-24 01:34:50,744 [a92b67d1-e676-4bfd-b773-60efead6e052@group-B597187EF31B-FollowerState] INFO  impl.RoleInfo (RoleInfo.java:updateAndGet(130)) - a92b67d1-e676-4bfd-b773-60efead6e052: start a92b67d1-e676-4bfd-b773-60efead6e052@group-B597187EF31B-LeaderElection29
2021-10-24 01:34:50,761 [82e1ff8b-aab7-4b8c-8207-e5ba7d0f8a1f@group-B597187EF31B-LeaderElection28] INFO  impl.LeaderElection (LeaderElection.java:askForVotes(306)) - 82e1ff8b-aab7-4b8c-8207-e5ba7d0f8a1f@group-B597187EF31B-LeaderElection28 ELECTION round 0: submit vote requests at term 11 for -1: [82e1ff8b-aab7-4b8c-8207-e5ba7d0f8a1f|rpc:10.1.0.11:39599|priority:0, a92b67d1-e676-4bfd-b773-60efead6e052|rpc:10.1.0.11:32963|priority:0, 0014d44f-57a6-4d7b-99a8-c9e31c05b4da|rpc:10.1.0.11:43619|priority:1], old=null
2021-10-24 01:34:50,763 [a92b67d1-e676-4bfd-b773-60efead6e052@group-B597187EF31B-LeaderElection29] INFO  impl.LeaderElection (LeaderElection.java:askForVotes(306)) - a92b67d1-e676-4bfd-b773-60efead6e052@group-B597187EF31B-LeaderElection29 ELECTION round 0: submit vote requests at term 11 for -1: [82e1ff8b-aab7-4b8c-8207-e5ba7d0f8a1f|rpc:10.1.0.11:39599|dataStream:|priority:0, a92b67d1-e676-4bfd-b773-60efead6e052|rpc:10.1.0.11:32963|dataStream:|priority:0, 0014d44f-57a6-4d7b-99a8-c9e31c05b4da|rpc:10.1.0.11:43619|dataStream:|priority:1], old=null
2021-10-24 01:34:50,771 [grpc-default-executor-3] INFO  server.RaftServer$Division (RaftServerImpl.java:requestVote(1046)) - a92b67d1-e676-4bfd-b773-60efead6e052@group-B597187EF31B: receive requestVote(ELECTION, 82e1ff8b-aab7-4b8c-8207-e5ba7d0f8a1f, group-B597187EF31B, 11, (t:0, i:0))
2021-10-24 01:34:50,771 [grpc-default-executor-3] INFO  impl.VoteContext (VoteContext.java:log(48)) - a92b67d1-e676-4bfd-b773-60efead6e052@group-B597187EF31B-CANDIDATE: reject ELECTION from 82e1ff8b-aab7-4b8c-8207-e5ba7d0f8a1f: already has voted for a92b67d1-e676-4bfd-b773-60efead6e052 at current term 11
2021-10-24 01:34:50,771 [grpc-default-executor-3] INFO  server.RaftServer$Division (RaftServerImpl.java:requestVote(1078)) - a92b67d1-e676-4bfd-b773-60efead6e052@group-B597187EF31B replies to ELECTION vote request: 82e1ff8b-aab7-4b8c-8207-e5ba7d0f8a1f<-a92b67d1-e676-4bfd-b773-60efead6e052#0:FAIL-t11. Peer's state: a92b67d1-e676-4bfd-b773-60efead6e052@group-B597187EF31B:t11, leader=null, voted=a92b67d1-e676-4bfd-b773-60efead6e052, raftlog=a92b67d1-e676-4bfd-b773-60efead6e052@group-B597187EF31B-SegmentedRaftLog:OPENED:c-1, conf=-1: [82e1ff8b-aab7-4b8c-8207-e5ba7d0f8a1f|rpc:10.1.0.11:39599|dataStream:|priority:0, a92b67d1-e676-4bfd-b773-60efead6e052|rpc:10.1.0.11:32963|dataStream:|priority:0, 0014d44f-57a6-4d7b-99a8-c9e31c05b4da|rpc:10.1.0.11:43619|dataStream:|priority:1], old=null
2021-10-24 01:34:50,787 [grpc-default-executor-2] INFO  server.RaftServer$Division (RaftServerImpl.java:requestVote(1046)) - 82e1ff8b-aab7-4b8c-8207-e5ba7d0f8a1f@group-B597187EF31B: receive requestVote(ELECTION, a92b67d1-e676-4bfd-b773-60efead6e052, group-B597187EF31B, 11, (t:0, i:0))
2021-10-24 01:34:50,787 [grpc-default-executor-2] INFO  impl.VoteContext (VoteContext.java:log(48)) - 82e1ff8b-aab7-4b8c-8207-e5ba7d0f8a1f@group-B597187EF31B-CANDIDATE: reject ELECTION from a92b67d1-e676-4bfd-b773-60efead6e052: already has voted for 82e1ff8b-aab7-4b8c-8207-e5ba7d0f8a1f at current term 11
2021-10-24 01:34:50,787 [grpc-default-executor-2] INFO  server.RaftServer$Division (RaftServerImpl.java:requestVote(1078)) - 82e1ff8b-aab7-4b8c-8207-e5ba7d0f8a1f@group-B597187EF31B replies to ELECTION vote request: a92b67d1-e676-4bfd-b773-60efead6e052<-82e1ff8b-aab7-4b8c-8207-e5ba7d0f8a1f#0:FAIL-t11. Peer's state: 82e1ff8b-aab7-4b8c-8207-e5ba7d0f8a1f@group-B597187EF31B:t11, leader=null, voted=82e1ff8b-aab7-4b8c-8207-e5ba7d0f8a1f, raftlog=82e1ff8b-aab7-4b8c-8207-e5ba7d0f8a1f@group-B597187EF31B-SegmentedRaftLog:OPENED:c-1, conf=-1: [82e1ff8b-aab7-4b8c-8207-e5ba7d0f8a1f|rpc:10.1.0.11:39599|priority:0, a92b67d1-e676-4bfd-b773-60efead6e052|rpc:10.1.0.11:32963|priority:0, 0014d44f-57a6-4d7b-99a8-c9e31c05b4da|rpc:10.1.0.11:43619|priority:1], old=null
2021-10-24 01:34:50,793 [Listener at 127.0.0.1/37371] INFO  ozone.MiniOzoneClusterImpl (MiniOzoneClusterImpl.java:lambda$waitForClusterToBeReady$0(235)) - Nodes are ready. Got 3 of 3 DN Heartbeats.
2021-10-24 01:34:50,793 [Listener at 127.0.0.1/37371] INFO  ozone.MiniOzoneClusterImpl (MiniOzoneClusterImpl.java:lambda$waitForClusterToBeReady$0(238)) - Waiting for cluster to exit safe mode
2021-10-24 01:34:50,793 [Listener at 127.0.0.1/37371] INFO  ozone.MiniOzoneClusterImpl (MiniOzoneClusterImpl.java:lambda$waitForClusterToBeReady$0(240)) - SCM became leader
2021-10-24 01:34:50,797 [grpc-default-executor-2] INFO  server.RaftServer$Division (RaftServerImpl.java:requestVote(1046)) - 0014d44f-57a6-4d7b-99a8-c9e31c05b4da@group-B597187EF31B: receive requestVote(ELECTION, 82e1ff8b-aab7-4b8c-8207-e5ba7d0f8a1f, group-B597187EF31B, 11, (t:0, i:0))
2021-10-24 01:34:50,798 [grpc-default-executor-2] INFO  impl.VoteContext (VoteContext.java:log(48)) - 0014d44f-57a6-4d7b-99a8-c9e31c05b4da@group-B597187EF31B-FOLLOWER: reject ELECTION from 82e1ff8b-aab7-4b8c-8207-e5ba7d0f8a1f: our priority 1 > candidate's priority 0
2021-10-24 01:34:50,798 [grpc-default-executor-2] INFO  server.RaftServer$Division (RaftServerImpl.java:setRole(290)) - 0014d44f-57a6-4d7b-99a8-c9e31c05b4da@group-B597187EF31B: changes role from  FOLLOWER to FOLLOWER at term 11 for candidate:82e1ff8b-aab7-4b8c-8207-e5ba7d0f8a1f
2021-10-24 01:34:50,798 [grpc-default-executor-2] INFO  impl.RoleInfo (RoleInfo.java:shutdownFollowerState(108)) - 0014d44f-57a6-4d7b-99a8-c9e31c05b4da: shutdown 0014d44f-57a6-4d7b-99a8-c9e31c05b4da@group-B597187EF31B-FollowerState
2021-10-24 01:34:50,798 [grpc-default-executor-2] INFO  impl.RoleInfo (RoleInfo.java:updateAndGet(130)) - 0014d44f-57a6-4d7b-99a8-c9e31c05b4da: start 0014d44f-57a6-4d7b-99a8-c9e31c05b4da@group-B597187EF31B-FollowerState
2021-10-24 01:34:50,798 [0014d44f-57a6-4d7b-99a8-c9e31c05b4da@group-B597187EF31B-FollowerState] INFO  impl.FollowerState (FollowerState.java:run(143)) - 0014d44f-57a6-4d7b-99a8-c9e31c05b4da@group-B597187EF31B-FollowerState was interrupted: {}
java.lang.InterruptedException: sleep interrupted
	at java.lang.Thread.sleep(Native Method)
	at java.lang.Thread.sleep(Thread.java:340)
	at java.util.concurrent.TimeUnit.sleep(TimeUnit.java:386)
	at org.apache.ratis.util.TimeDuration.sleep(TimeDuration.java:324)
	at org.apache.ratis.util.TimeDuration.sleep(TimeDuration.java:309)
	at org.apache.ratis.server.impl.FollowerState.run(FollowerState.java:118)
2021-10-24 01:34:50,829 [grpc-default-executor-2] INFO  server.RaftServer$Division (RaftServerImpl.java:requestVote(1078)) - 0014d44f-57a6-4d7b-99a8-c9e31c05b4da@group-B597187EF31B replies to ELECTION vote request: 82e1ff8b-aab7-4b8c-8207-e5ba7d0f8a1f<-0014d44f-57a6-4d7b-99a8-c9e31c05b4da#0:FAIL-t11. Peer's state: 0014d44f-57a6-4d7b-99a8-c9e31c05b4da@group-B597187EF31B:t11, leader=null, voted=null, raftlog=0014d44f-57a6-4d7b-99a8-c9e31c05b4da@group-B597187EF31B-SegmentedRaftLog:OPENED:c-1, conf=-1: [82e1ff8b-aab7-4b8c-8207-e5ba7d0f8a1f|rpc:10.1.0.11:39599|dataStream:|priority:0, a92b67d1-e676-4bfd-b773-60efead6e052|rpc:10.1.0.11:32963|dataStream:|priority:0, 0014d44f-57a6-4d7b-99a8-c9e31c05b4da|rpc:10.1.0.11:43619|dataStream:|priority:1], old=null
2021-10-24 01:34:50,829 [grpc-default-executor-3] INFO  server.RaftServer$Division (RaftServerImpl.java:requestVote(1046)) - 0014d44f-57a6-4d7b-99a8-c9e31c05b4da@group-B597187EF31B: receive requestVote(ELECTION, a92b67d1-e676-4bfd-b773-60efead6e052, group-B597187EF31B, 11, (t:0, i:0))
2021-10-24 01:34:50,829 [grpc-default-executor-3] INFO  impl.VoteContext (VoteContext.java:log(48)) - 0014d44f-57a6-4d7b-99a8-c9e31c05b4da@group-B597187EF31B-FOLLOWER: reject ELECTION from a92b67d1-e676-4bfd-b773-60efead6e052: our priority 1 > candidate's priority 0
2021-10-24 01:34:50,829 [grpc-default-executor-3] INFO  server.RaftServer$Division (RaftServerImpl.java:setRole(290)) - 0014d44f-57a6-4d7b-99a8-c9e31c05b4da@group-B597187EF31B: changes role from  FOLLOWER to FOLLOWER at term 11 for candidate:a92b67d1-e676-4bfd-b773-60efead6e052
2021-10-24 01:34:50,829 [grpc-default-executor-3] INFO  impl.RoleInfo (RoleInfo.java:shutdownFollowerState(108)) - 0014d44f-57a6-4d7b-99a8-c9e31c05b4da: shutdown 0014d44f-57a6-4d7b-99a8-c9e31c05b4da@group-B597187EF31B-FollowerState
2021-10-24 01:34:50,829 [grpc-default-executor-3] INFO  impl.RoleInfo (RoleInfo.java:updateAndGet(130)) - 0014d44f-57a6-4d7b-99a8-c9e31c05b4da: start 0014d44f-57a6-4d7b-99a8-c9e31c05b4da@group-B597187EF31B-FollowerState
2021-10-24 01:34:50,830 [grpc-default-executor-3] INFO  server.RaftServer$Division (RaftServerImpl.java:requestVote(1078)) - 0014d44f-57a6-4d7b-99a8-c9e31c05b4da@group-B597187EF31B replies to ELECTION vote request: a92b67d1-e676-4bfd-b773-60efead6e052<-0014d44f-57a6-4d7b-99a8-c9e31c05b4da#0:FAIL-t11. Peer's state: 0014d44f-57a6-4d7b-99a8-c9e31c05b4da@group-B597187EF31B:t11, leader=null, voted=null, raftlog=0014d44f-57a6-4d7b-99a8-c9e31c05b4da@group-B597187EF31B-SegmentedRaftLog:OPENED:c-1, conf=-1: [82e1ff8b-aab7-4b8c-8207-e5ba7d0f8a1f|rpc:10.1.0.11:39599|dataStream:|priority:0, a92b67d1-e676-4bfd-b773-60efead6e052|rpc:10.1.0.11:32963|dataStream:|priority:0, 0014d44f-57a6-4d7b-99a8-c9e31c05b4da|rpc:10.1.0.11:43619|dataStream:|priority:1], old=null
2021-10-24 01:34:50,838 [82e1ff8b-aab7-4b8c-8207-e5ba7d0f8a1f@group-B597187EF31B-LeaderElection28] INFO  impl.LeaderElection (LeaderElection.java:logAndReturn(89)) - 82e1ff8b-aab7-4b8c-8207-e5ba7d0f8a1f@group-B597187EF31B-LeaderElection28: ELECTION REJECTED received 2 response(s) and 0 exception(s):
2021-10-24 01:34:50,838 [82e1ff8b-aab7-4b8c-8207-e5ba7d0f8a1f@group-B597187EF31B-LeaderElection28] INFO  impl.LeaderElection (LeaderElection.java:logAndReturn(93)) -   Response 0: 82e1ff8b-aab7-4b8c-8207-e5ba7d0f8a1f<-a92b67d1-e676-4bfd-b773-60efead6e052#0:FAIL-t11
2021-10-24 01:34:50,838 [82e1ff8b-aab7-4b8c-8207-e5ba7d0f8a1f@group-B597187EF31B-LeaderElection28] INFO  impl.LeaderElection (LeaderElection.java:logAndReturn(93)) -   Response 1: 82e1ff8b-aab7-4b8c-8207-e5ba7d0f8a1f<-0014d44f-57a6-4d7b-99a8-c9e31c05b4da#0:FAIL-t11
2021-10-24 01:34:50,838 [82e1ff8b-aab7-4b8c-8207-e5ba7d0f8a1f@group-B597187EF31B-LeaderElection28] INFO  impl.LeaderElection (LeaderElection.java:askForVotes(308)) - 82e1ff8b-aab7-4b8c-8207-e5ba7d0f8a1f@group-B597187EF31B-LeaderElection28 ELECTION round 0: result REJECTED
2021-10-24 01:34:50,838 [82e1ff8b-aab7-4b8c-8207-e5ba7d0f8a1f@group-B597187EF31B-LeaderElection28] INFO  server.RaftServer$Division (RaftServerImpl.java:setRole(290)) - 82e1ff8b-aab7-4b8c-8207-e5ba7d0f8a1f@group-B597187EF31B: changes role from CANDIDATE to FOLLOWER at term 11 for REJECTED
2021-10-24 01:34:50,838 [82e1ff8b-aab7-4b8c-8207-e5ba7d0f8a1f@group-B597187EF31B-LeaderElection28] INFO  impl.RoleInfo (RoleInfo.java:shutdownLeaderElection(121)) - 82e1ff8b-aab7-4b8c-8207-e5ba7d0f8a1f: shutdown 82e1ff8b-aab7-4b8c-8207-e5ba7d0f8a1f@group-B597187EF31B-LeaderElection28
2021-10-24 01:34:50,838 [82e1ff8b-aab7-4b8c-8207-e5ba7d0f8a1f@group-B597187EF31B-LeaderElection28] INFO  impl.RoleInfo (RoleInfo.java:updateAndGet(130)) - 82e1ff8b-aab7-4b8c-8207-e5ba7d0f8a1f: start 82e1ff8b-aab7-4b8c-8207-e5ba7d0f8a1f@group-B597187EF31B-FollowerState
2021-10-24 01:34:50,853 [a92b67d1-e676-4bfd-b773-60efead6e052@group-B597187EF31B-LeaderElection29] INFO  impl.LeaderElection (LeaderElection.java:logAndReturn(89)) - a92b67d1-e676-4bfd-b773-60efead6e052@group-B597187EF31B-LeaderElection29: ELECTION REJECTED received 2 response(s) and 0 exception(s):
2021-10-24 01:34:50,854 [a92b67d1-e676-4bfd-b773-60efead6e052@group-B597187EF31B-LeaderElection29] INFO  impl.LeaderElection (LeaderElection.java:logAndReturn(93)) -   Response 0: a92b67d1-e676-4bfd-b773-60efead6e052<-82e1ff8b-aab7-4b8c-8207-e5ba7d0f8a1f#0:FAIL-t11
2021-10-24 01:34:50,854 [a92b67d1-e676-4bfd-b773-60efead6e052@group-B597187EF31B-LeaderElection29] INFO  impl.LeaderElection (LeaderElection.java:logAndReturn(93)) -   Response 1: a92b67d1-e676-4bfd-b773-60efead6e052<-0014d44f-57a6-4d7b-99a8-c9e31c05b4da#0:FAIL-t11
2021-10-24 01:34:50,854 [a92b67d1-e676-4bfd-b773-60efead6e052@group-B597187EF31B-LeaderElection29] INFO  impl.LeaderElection (LeaderElection.java:askForVotes(308)) - a92b67d1-e676-4bfd-b773-60efead6e052@group-B597187EF31B-LeaderElection29 ELECTION round 0: result REJECTED
2021-10-24 01:34:50,854 [a92b67d1-e676-4bfd-b773-60efead6e052@group-B597187EF31B-LeaderElection29] INFO  server.RaftServer$Division (RaftServerImpl.java:setRole(290)) - a92b67d1-e676-4bfd-b773-60efead6e052@group-B597187EF31B: changes role from CANDIDATE to FOLLOWER at term 11 for REJECTED
2021-10-24 01:34:50,854 [a92b67d1-e676-4bfd-b773-60efead6e052@group-B597187EF31B-LeaderElection29] INFO  impl.RoleInfo (RoleInfo.java:shutdownLeaderElection(121)) - a92b67d1-e676-4bfd-b773-60efead6e052: shutdown a92b67d1-e676-4bfd-b773-60efead6e052@group-B597187EF31B-LeaderElection29
2021-10-24 01:34:50,854 [a92b67d1-e676-4bfd-b773-60efead6e052@group-B597187EF31B-LeaderElection29] INFO  impl.RoleInfo (RoleInfo.java:updateAndGet(130)) - a92b67d1-e676-4bfd-b773-60efead6e052: start a92b67d1-e676-4bfd-b773-60efead6e052@group-B597187EF31B-FollowerState
2021-10-24 01:34:51,794 [Listener at 127.0.0.1/37371] INFO  ozone.MiniOzoneClusterImpl (MiniOzoneClusterImpl.java:lambda$waitForClusterToBeReady$0(235)) - Nodes are ready. Got 3 of 3 DN Heartbeats.
2021-10-24 01:34:51,794 [Listener at 127.0.0.1/37371] INFO  ozone.MiniOzoneClusterImpl (MiniOzoneClusterImpl.java:lambda$waitForClusterToBeReady$0(238)) - Waiting for cluster to exit safe mode
2021-10-24 01:34:51,794 [Listener at 127.0.0.1/37371] INFO  ozone.MiniOzoneClusterImpl (MiniOzoneClusterImpl.java:lambda$waitForClusterToBeReady$0(240)) - SCM became leader
2021-10-24 01:34:52,794 [Listener at 127.0.0.1/37371] INFO  ozone.MiniOzoneClusterImpl (MiniOzoneClusterImpl.java:lambda$waitForClusterToBeReady$0(235)) - Nodes are ready. Got 3 of 3 DN Heartbeats.
2021-10-24 01:34:52,794 [Listener at 127.0.0.1/37371] INFO  ozone.MiniOzoneClusterImpl (MiniOzoneClusterImpl.java:lambda$waitForClusterToBeReady$0(238)) - Waiting for cluster to exit safe mode
2021-10-24 01:34:52,794 [Listener at 127.0.0.1/37371] INFO  ozone.MiniOzoneClusterImpl (MiniOzoneClusterImpl.java:lambda$waitForClusterToBeReady$0(240)) - SCM became leader
2021-10-24 01:34:53,794 [Listener at 127.0.0.1/37371] INFO  ozone.MiniOzoneClusterImpl (MiniOzoneClusterImpl.java:lambda$waitForClusterToBeReady$0(235)) - Nodes are ready. Got 3 of 3 DN Heartbeats.
2021-10-24 01:34:53,795 [Listener at 127.0.0.1/37371] INFO  ozone.MiniOzoneClusterImpl (MiniOzoneClusterImpl.java:lambda$waitForClusterToBeReady$0(238)) - Waiting for cluster to exit safe mode
2021-10-24 01:34:53,795 [Listener at 127.0.0.1/37371] INFO  ozone.MiniOzoneClusterImpl (MiniOzoneClusterImpl.java:lambda$waitForClusterToBeReady$0(240)) - SCM became leader
2021-10-24 01:34:54,795 [Listener at 127.0.0.1/37371] INFO  ozone.MiniOzoneClusterImpl (MiniOzoneClusterImpl.java:lambda$waitForClusterToBeReady$0(235)) - Nodes are ready. Got 3 of 3 DN Heartbeats.
2021-10-24 01:34:54,795 [Listener at 127.0.0.1/37371] INFO  ozone.MiniOzoneClusterImpl (MiniOzoneClusterImpl.java:lambda$waitForClusterToBeReady$0(238)) - Waiting for cluster to exit safe mode
2021-10-24 01:34:54,795 [Listener at 127.0.0.1/37371] INFO  ozone.MiniOzoneClusterImpl (MiniOzoneClusterImpl.java:lambda$waitForClusterToBeReady$0(240)) - SCM became leader
2021-10-24 01:34:55,795 [Listener at 127.0.0.1/37371] INFO  ozone.MiniOzoneClusterImpl (MiniOzoneClusterImpl.java:lambda$waitForClusterToBeReady$0(235)) - Nodes are ready. Got 3 of 3 DN Heartbeats.
2021-10-24 01:34:55,795 [Listener at 127.0.0.1/37371] INFO  ozone.MiniOzoneClusterImpl (MiniOzoneClusterImpl.java:lambda$waitForClusterToBeReady$0(238)) - Waiting for cluster to exit safe mode
2021-10-24 01:34:55,796 [Listener at 127.0.0.1/37371] INFO  ozone.MiniOzoneClusterImpl (MiniOzoneClusterImpl.java:lambda$waitForClusterToBeReady$0(240)) - SCM became leader
2021-10-24 01:34:55,988 [a92b67d1-e676-4bfd-b773-60efead6e052@group-B597187EF31B-FollowerState] INFO  impl.FollowerState (FollowerState.java:run(134)) - a92b67d1-e676-4bfd-b773-60efead6e052@group-B597187EF31B-FollowerState: change to CANDIDATE, lastRpcElapsedTime:5134430605ns, electionTimeout:5111ms
2021-10-24 01:34:55,988 [a92b67d1-e676-4bfd-b773-60efead6e052@group-B597187EF31B-FollowerState] INFO  impl.RoleInfo (RoleInfo.java:shutdownFollowerState(108)) - a92b67d1-e676-4bfd-b773-60efead6e052: shutdown a92b67d1-e676-4bfd-b773-60efead6e052@group-B597187EF31B-FollowerState
2021-10-24 01:34:55,988 [a92b67d1-e676-4bfd-b773-60efead6e052@group-B597187EF31B-FollowerState] INFO  server.RaftServer$Division (RaftServerImpl.java:setRole(290)) - a92b67d1-e676-4bfd-b773-60efead6e052@group-B597187EF31B: changes role from  FOLLOWER to CANDIDATE at term 11 for changeToCandidate
2021-10-24 01:34:55,988 [a92b67d1-e676-4bfd-b773-60efead6e052@group-B597187EF31B-FollowerState] INFO  server.RaftServerConfigKeys (ConfUtils.java:logGet(44)) - raft.server.leaderelection.pre-vote = false (custom)
2021-10-24 01:34:55,989 [a92b67d1-e676-4bfd-b773-60efead6e052@group-B597187EF31B-FollowerState] INFO  impl.RoleInfo (RoleInfo.java:updateAndGet(130)) - a92b67d1-e676-4bfd-b773-60efead6e052: start a92b67d1-e676-4bfd-b773-60efead6e052@group-B597187EF31B-LeaderElection30
2021-10-24 01:34:56,005 [82e1ff8b-aab7-4b8c-8207-e5ba7d0f8a1f@group-B597187EF31B-FollowerState] INFO  impl.FollowerState (FollowerState.java:run(134)) - 82e1ff8b-aab7-4b8c-8207-e5ba7d0f8a1f@group-B597187EF31B-FollowerState: change to CANDIDATE, lastRpcElapsedTime:5166455362ns, electionTimeout:5141ms
2021-10-24 01:34:56,005 [82e1ff8b-aab7-4b8c-8207-e5ba7d0f8a1f@group-B597187EF31B-FollowerState] INFO  impl.RoleInfo (RoleInfo.java:shutdownFollowerState(108)) - 82e1ff8b-aab7-4b8c-8207-e5ba7d0f8a1f: shutdown 82e1ff8b-aab7-4b8c-8207-e5ba7d0f8a1f@group-B597187EF31B-FollowerState
2021-10-24 01:34:56,005 [82e1ff8b-aab7-4b8c-8207-e5ba7d0f8a1f@group-B597187EF31B-FollowerState] INFO  server.RaftServer$Division (RaftServerImpl.java:setRole(290)) - 82e1ff8b-aab7-4b8c-8207-e5ba7d0f8a1f@group-B597187EF31B: changes role from  FOLLOWER to CANDIDATE at term 11 for changeToCandidate
2021-10-24 01:34:56,005 [82e1ff8b-aab7-4b8c-8207-e5ba7d0f8a1f@group-B597187EF31B-FollowerState] INFO  server.RaftServerConfigKeys (ConfUtils.java:logGet(44)) - raft.server.leaderelection.pre-vote = false (custom)
2021-10-24 01:34:56,005 [82e1ff8b-aab7-4b8c-8207-e5ba7d0f8a1f@group-B597187EF31B-FollowerState] INFO  impl.RoleInfo (RoleInfo.java:updateAndGet(130)) - 82e1ff8b-aab7-4b8c-8207-e5ba7d0f8a1f: start 82e1ff8b-aab7-4b8c-8207-e5ba7d0f8a1f@group-B597187EF31B-LeaderElection31
2021-10-24 01:34:56,016 [a92b67d1-e676-4bfd-b773-60efead6e052@group-B597187EF31B-LeaderElection30] INFO  impl.LeaderElection (LeaderElection.java:askForVotes(306)) - a92b67d1-e676-4bfd-b773-60efead6e052@group-B597187EF31B-LeaderElection30 ELECTION round 0: submit vote requests at term 12 for -1: [82e1ff8b-aab7-4b8c-8207-e5ba7d0f8a1f|rpc:10.1.0.11:39599|dataStream:|priority:0, a92b67d1-e676-4bfd-b773-60efead6e052|rpc:10.1.0.11:32963|dataStream:|priority:0, 0014d44f-57a6-4d7b-99a8-c9e31c05b4da|rpc:10.1.0.11:43619|dataStream:|priority:1], old=null
2021-10-24 01:34:56,019 [0014d44f-57a6-4d7b-99a8-c9e31c05b4da@group-B597187EF31B-FollowerState] INFO  impl.FollowerState (FollowerState.java:run(134)) - 0014d44f-57a6-4d7b-99a8-c9e31c05b4da@group-B597187EF31B-FollowerState: change to CANDIDATE, lastRpcElapsedTime:5190303502ns, electionTimeout:5167ms
2021-10-24 01:34:56,019 [0014d44f-57a6-4d7b-99a8-c9e31c05b4da@group-B597187EF31B-FollowerState] INFO  impl.RoleInfo (RoleInfo.java:shutdownFollowerState(108)) - 0014d44f-57a6-4d7b-99a8-c9e31c05b4da: shutdown 0014d44f-57a6-4d7b-99a8-c9e31c05b4da@group-B597187EF31B-FollowerState
2021-10-24 01:34:56,020 [0014d44f-57a6-4d7b-99a8-c9e31c05b4da@group-B597187EF31B-FollowerState] INFO  server.RaftServer$Division (RaftServerImpl.java:setRole(290)) - 0014d44f-57a6-4d7b-99a8-c9e31c05b4da@group-B597187EF31B: changes role from  FOLLOWER to CANDIDATE at term 11 for changeToCandidate
2021-10-24 01:34:56,020 [82e1ff8b-aab7-4b8c-8207-e5ba7d0f8a1f@group-B597187EF31B-LeaderElection31] INFO  impl.LeaderElection (LeaderElection.java:askForVotes(306)) - 82e1ff8b-aab7-4b8c-8207-e5ba7d0f8a1f@group-B597187EF31B-LeaderElection31 ELECTION round 0: submit vote requests at term 12 for -1: [82e1ff8b-aab7-4b8c-8207-e5ba7d0f8a1f|rpc:10.1.0.11:39599|priority:0, a92b67d1-e676-4bfd-b773-60efead6e052|rpc:10.1.0.11:32963|priority:0, 0014d44f-57a6-4d7b-99a8-c9e31c05b4da|rpc:10.1.0.11:43619|priority:1], old=null
2021-10-24 01:34:56,039 [0014d44f-57a6-4d7b-99a8-c9e31c05b4da@group-B597187EF31B-FollowerState] INFO  server.RaftServerConfigKeys (ConfUtils.java:logGet(44)) - raft.server.leaderelection.pre-vote = false (custom)
2021-10-24 01:34:56,039 [0014d44f-57a6-4d7b-99a8-c9e31c05b4da@group-B597187EF31B-FollowerState] INFO  impl.RoleInfo (RoleInfo.java:updateAndGet(130)) - 0014d44f-57a6-4d7b-99a8-c9e31c05b4da: start 0014d44f-57a6-4d7b-99a8-c9e31c05b4da@group-B597187EF31B-LeaderElection32
2021-10-24 01:34:56,050 [grpc-default-executor-3] INFO  server.RaftServer$Division (RaftServerImpl.java:requestVote(1046)) - 82e1ff8b-aab7-4b8c-8207-e5ba7d0f8a1f@group-B597187EF31B: receive requestVote(ELECTION, a92b67d1-e676-4bfd-b773-60efead6e052, group-B597187EF31B, 12, (t:0, i:0))
2021-10-24 01:34:56,050 [grpc-default-executor-3] INFO  impl.VoteContext (VoteContext.java:log(48)) - 82e1ff8b-aab7-4b8c-8207-e5ba7d0f8a1f@group-B597187EF31B-CANDIDATE: reject ELECTION from a92b67d1-e676-4bfd-b773-60efead6e052: already has voted for 82e1ff8b-aab7-4b8c-8207-e5ba7d0f8a1f at current term 12
2021-10-24 01:34:56,051 [grpc-default-executor-3] INFO  server.RaftServer$Division (RaftServerImpl.java:requestVote(1078)) - 82e1ff8b-aab7-4b8c-8207-e5ba7d0f8a1f@group-B597187EF31B replies to ELECTION vote request: a92b67d1-e676-4bfd-b773-60efead6e052<-82e1ff8b-aab7-4b8c-8207-e5ba7d0f8a1f#0:FAIL-t12. Peer's state: 82e1ff8b-aab7-4b8c-8207-e5ba7d0f8a1f@group-B597187EF31B:t12, leader=null, voted=82e1ff8b-aab7-4b8c-8207-e5ba7d0f8a1f, raftlog=82e1ff8b-aab7-4b8c-8207-e5ba7d0f8a1f@group-B597187EF31B-SegmentedRaftLog:OPENED:c-1, conf=-1: [82e1ff8b-aab7-4b8c-8207-e5ba7d0f8a1f|rpc:10.1.0.11:39599|priority:0, a92b67d1-e676-4bfd-b773-60efead6e052|rpc:10.1.0.11:32963|priority:0, 0014d44f-57a6-4d7b-99a8-c9e31c05b4da|rpc:10.1.0.11:43619|priority:1], old=null
2021-10-24 01:34:56,051 [grpc-default-executor-2] INFO  server.RaftServer$Division (RaftServerImpl.java:requestVote(1046)) - 0014d44f-57a6-4d7b-99a8-c9e31c05b4da@group-B597187EF31B: receive requestVote(ELECTION, a92b67d1-e676-4bfd-b773-60efead6e052, group-B597187EF31B, 12, (t:0, i:0))
2021-10-24 01:34:56,076 [grpc-default-executor-3] INFO  server.RaftServer$Division (RaftServerImpl.java:requestVote(1046)) - 0014d44f-57a6-4d7b-99a8-c9e31c05b4da@group-B597187EF31B: receive requestVote(ELECTION, 82e1ff8b-aab7-4b8c-8207-e5ba7d0f8a1f, group-B597187EF31B, 12, (t:0, i:0))
2021-10-24 01:34:56,088 [grpc-default-executor-2] INFO  impl.VoteContext (VoteContext.java:log(48)) - 0014d44f-57a6-4d7b-99a8-c9e31c05b4da@group-B597187EF31B-CANDIDATE: reject ELECTION from a92b67d1-e676-4bfd-b773-60efead6e052: our priority 1 > candidate's priority 0
2021-10-24 01:34:56,088 [grpc-default-executor-2] INFO  server.RaftServer$Division (RaftServerImpl.java:setRole(290)) - 0014d44f-57a6-4d7b-99a8-c9e31c05b4da@group-B597187EF31B: changes role from CANDIDATE to FOLLOWER at term 12 for candidate:a92b67d1-e676-4bfd-b773-60efead6e052
2021-10-24 01:34:56,088 [grpc-default-executor-2] INFO  impl.RoleInfo (RoleInfo.java:shutdownLeaderElection(121)) - 0014d44f-57a6-4d7b-99a8-c9e31c05b4da: shutdown 0014d44f-57a6-4d7b-99a8-c9e31c05b4da@group-B597187EF31B-LeaderElection32
2021-10-24 01:34:56,089 [grpc-default-executor-2] INFO  impl.RoleInfo (RoleInfo.java:updateAndGet(130)) - 0014d44f-57a6-4d7b-99a8-c9e31c05b4da: start 0014d44f-57a6-4d7b-99a8-c9e31c05b4da@group-B597187EF31B-FollowerState
2021-10-24 01:34:56,090 [0014d44f-57a6-4d7b-99a8-c9e31c05b4da@group-B597187EF31B-LeaderElection32] INFO  impl.LeaderElection (LeaderElection.java:run(230)) - 0014d44f-57a6-4d7b-99a8-c9e31c05b4da@group-B597187EF31B-LeaderElection32: skip running since this is already CLOSING
2021-10-24 01:34:56,093 [grpc-default-executor-0] INFO  server.RaftServer$Division (RaftServerImpl.java:requestVote(1046)) - a92b67d1-e676-4bfd-b773-60efead6e052@group-B597187EF31B: receive requestVote(ELECTION, 82e1ff8b-aab7-4b8c-8207-e5ba7d0f8a1f, group-B597187EF31B, 12, (t:0, i:0))
2021-10-24 01:34:56,093 [grpc-default-executor-0] INFO  impl.VoteContext (VoteContext.java:log(48)) - a92b67d1-e676-4bfd-b773-60efead6e052@group-B597187EF31B-CANDIDATE: reject ELECTION from 82e1ff8b-aab7-4b8c-8207-e5ba7d0f8a1f: already has voted for a92b67d1-e676-4bfd-b773-60efead6e052 at current term 12
2021-10-24 01:34:56,093 [grpc-default-executor-0] INFO  server.RaftServer$Division (RaftServerImpl.java:requestVote(1078)) - a92b67d1-e676-4bfd-b773-60efead6e052@group-B597187EF31B replies to ELECTION vote request: 82e1ff8b-aab7-4b8c-8207-e5ba7d0f8a1f<-a92b67d1-e676-4bfd-b773-60efead6e052#0:FAIL-t12. Peer's state: a92b67d1-e676-4bfd-b773-60efead6e052@group-B597187EF31B:t12, leader=null, voted=a92b67d1-e676-4bfd-b773-60efead6e052, raftlog=a92b67d1-e676-4bfd-b773-60efead6e052@group-B597187EF31B-SegmentedRaftLog:OPENED:c-1, conf=-1: [82e1ff8b-aab7-4b8c-8207-e5ba7d0f8a1f|rpc:10.1.0.11:39599|dataStream:|priority:0, a92b67d1-e676-4bfd-b773-60efead6e052|rpc:10.1.0.11:32963|dataStream:|priority:0, 0014d44f-57a6-4d7b-99a8-c9e31c05b4da|rpc:10.1.0.11:43619|dataStream:|priority:1], old=null
2021-10-24 01:34:56,096 [grpc-default-executor-2] INFO  server.RaftServer$Division (RaftServerImpl.java:requestVote(1078)) - 0014d44f-57a6-4d7b-99a8-c9e31c05b4da@group-B597187EF31B replies to ELECTION vote request: a92b67d1-e676-4bfd-b773-60efead6e052<-0014d44f-57a6-4d7b-99a8-c9e31c05b4da#0:FAIL-t12. Peer's state: 0014d44f-57a6-4d7b-99a8-c9e31c05b4da@group-B597187EF31B:t12, leader=null, voted=null, raftlog=0014d44f-57a6-4d7b-99a8-c9e31c05b4da@group-B597187EF31B-SegmentedRaftLog:OPENED:c-1, conf=-1: [82e1ff8b-aab7-4b8c-8207-e5ba7d0f8a1f|rpc:10.1.0.11:39599|dataStream:|priority:0, a92b67d1-e676-4bfd-b773-60efead6e052|rpc:10.1.0.11:32963|dataStream:|priority:0, 0014d44f-57a6-4d7b-99a8-c9e31c05b4da|rpc:10.1.0.11:43619|dataStream:|priority:1], old=null
2021-10-24 01:34:56,097 [grpc-default-executor-3] INFO  impl.VoteContext (VoteContext.java:log(48)) - 0014d44f-57a6-4d7b-99a8-c9e31c05b4da@group-B597187EF31B-FOLLOWER: reject ELECTION from 82e1ff8b-aab7-4b8c-8207-e5ba7d0f8a1f: our priority 1 > candidate's priority 0
2021-10-24 01:34:56,097 [grpc-default-executor-3] INFO  server.RaftServer$Division (RaftServerImpl.java:setRole(290)) - 0014d44f-57a6-4d7b-99a8-c9e31c05b4da@group-B597187EF31B: changes role from  FOLLOWER to FOLLOWER at term 12 for candidate:82e1ff8b-aab7-4b8c-8207-e5ba7d0f8a1f
2021-10-24 01:34:56,097 [grpc-default-executor-3] INFO  impl.RoleInfo (RoleInfo.java:shutdownFollowerState(108)) - 0014d44f-57a6-4d7b-99a8-c9e31c05b4da: shutdown 0014d44f-57a6-4d7b-99a8-c9e31c05b4da@group-B597187EF31B-FollowerState
2021-10-24 01:34:56,097 [grpc-default-executor-3] INFO  impl.RoleInfo (RoleInfo.java:updateAndGet(130)) - 0014d44f-57a6-4d7b-99a8-c9e31c05b4da: start 0014d44f-57a6-4d7b-99a8-c9e31c05b4da@group-B597187EF31B-FollowerState
2021-10-24 01:34:56,097 [0014d44f-57a6-4d7b-99a8-c9e31c05b4da@group-B597187EF31B-FollowerState] INFO  impl.FollowerState (FollowerState.java:run(143)) - 0014d44f-57a6-4d7b-99a8-c9e31c05b4da@group-B597187EF31B-FollowerState was interrupted: {}
java.lang.InterruptedException: sleep interrupted
	at java.lang.Thread.sleep(Native Method)
	at java.lang.Thread.sleep(Thread.java:340)
	at java.util.concurrent.TimeUnit.sleep(TimeUnit.java:386)
	at org.apache.ratis.util.TimeDuration.sleep(TimeDuration.java:324)
	at org.apache.ratis.util.TimeDuration.sleep(TimeDuration.java:309)
	at org.apache.ratis.server.impl.FollowerState.run(FollowerState.java:118)
2021-10-24 01:34:56,104 [grpc-default-executor-3] INFO  server.RaftServer$Division (RaftServerImpl.java:requestVote(1078)) - 0014d44f-57a6-4d7b-99a8-c9e31c05b4da@group-B597187EF31B replies to ELECTION vote request: 82e1ff8b-aab7-4b8c-8207-e5ba7d0f8a1f<-0014d44f-57a6-4d7b-99a8-c9e31c05b4da#0:FAIL-t12. Peer's state: 0014d44f-57a6-4d7b-99a8-c9e31c05b4da@group-B597187EF31B:t12, leader=null, voted=null, raftlog=0014d44f-57a6-4d7b-99a8-c9e31c05b4da@group-B597187EF31B-SegmentedRaftLog:OPENED:c-1, conf=-1: [82e1ff8b-aab7-4b8c-8207-e5ba7d0f8a1f|rpc:10.1.0.11:39599|dataStream:|priority:0, a92b67d1-e676-4bfd-b773-60efead6e052|rpc:10.1.0.11:32963|dataStream:|priority:0, 0014d44f-57a6-4d7b-99a8-c9e31c05b4da|rpc:10.1.0.11:43619|dataStream:|priority:1], old=null
2021-10-24 01:34:56,106 [a92b67d1-e676-4bfd-b773-60efead6e052@group-B597187EF31B-LeaderElection30] INFO  impl.LeaderElection (LeaderElection.java:logAndReturn(89)) - a92b67d1-e676-4bfd-b773-60efead6e052@group-B597187EF31B-LeaderElection30: ELECTION REJECTED received 2 response(s) and 0 exception(s):
2021-10-24 01:34:56,107 [a92b67d1-e676-4bfd-b773-60efead6e052@group-B597187EF31B-LeaderElection30] INFO  impl.LeaderElection (LeaderElection.java:logAndReturn(93)) -   Response 0: a92b67d1-e676-4bfd-b773-60efead6e052<-82e1ff8b-aab7-4b8c-8207-e5ba7d0f8a1f#0:FAIL-t12
2021-10-24 01:34:56,107 [a92b67d1-e676-4bfd-b773-60efead6e052@group-B597187EF31B-LeaderElection30] INFO  impl.LeaderElection (LeaderElection.java:logAndReturn(93)) -   Response 1: a92b67d1-e676-4bfd-b773-60efead6e052<-0014d44f-57a6-4d7b-99a8-c9e31c05b4da#0:FAIL-t12
2021-10-24 01:34:56,109 [82e1ff8b-aab7-4b8c-8207-e5ba7d0f8a1f@group-B597187EF31B-LeaderElection31] INFO  impl.LeaderElection (LeaderElection.java:logAndReturn(89)) - 82e1ff8b-aab7-4b8c-8207-e5ba7d0f8a1f@group-B597187EF31B-LeaderElection31: ELECTION REJECTED received 2 response(s) and 0 exception(s):
2021-10-24 01:34:56,109 [82e1ff8b-aab7-4b8c-8207-e5ba7d0f8a1f@group-B597187EF31B-LeaderElection31] INFO  impl.LeaderElection (LeaderElection.java:logAndReturn(93)) -   Response 0: 82e1ff8b-aab7-4b8c-8207-e5ba7d0f8a1f<-a92b67d1-e676-4bfd-b773-60efead6e052#0:FAIL-t12
2021-10-24 01:34:56,109 [82e1ff8b-aab7-4b8c-8207-e5ba7d0f8a1f@group-B597187EF31B-LeaderElection31] INFO  impl.LeaderElection (LeaderElection.java:logAndReturn(93)) -   Response 1: 82e1ff8b-aab7-4b8c-8207-e5ba7d0f8a1f<-0014d44f-57a6-4d7b-99a8-c9e31c05b4da#0:FAIL-t12
2021-10-24 01:34:56,109 [82e1ff8b-aab7-4b8c-8207-e5ba7d0f8a1f@group-B597187EF31B-LeaderElection31] INFO  impl.LeaderElection (LeaderElection.java:askForVotes(308)) - 82e1ff8b-aab7-4b8c-8207-e5ba7d0f8a1f@group-B597187EF31B-LeaderElection31 ELECTION round 0: result REJECTED
2021-10-24 01:34:56,109 [82e1ff8b-aab7-4b8c-8207-e5ba7d0f8a1f@group-B597187EF31B-LeaderElection31] INFO  server.RaftServer$Division (RaftServerImpl.java:setRole(290)) - 82e1ff8b-aab7-4b8c-8207-e5ba7d0f8a1f@group-B597187EF31B: changes role from CANDIDATE to FOLLOWER at term 12 for REJECTED
2021-10-24 01:34:56,109 [82e1ff8b-aab7-4b8c-8207-e5ba7d0f8a1f@group-B597187EF31B-LeaderElection31] INFO  impl.RoleInfo (RoleInfo.java:shutdownLeaderElection(121)) - 82e1ff8b-aab7-4b8c-8207-e5ba7d0f8a1f: shutdown 82e1ff8b-aab7-4b8c-8207-e5ba7d0f8a1f@group-B597187EF31B-LeaderElection31
2021-10-24 01:34:56,109 [82e1ff8b-aab7-4b8c-8207-e5ba7d0f8a1f@group-B597187EF31B-LeaderElection31] INFO  impl.RoleInfo (RoleInfo.java:updateAndGet(130)) - 82e1ff8b-aab7-4b8c-8207-e5ba7d0f8a1f: start 82e1ff8b-aab7-4b8c-8207-e5ba7d0f8a1f@group-B597187EF31B-FollowerState
2021-10-24 01:34:56,124 [a92b67d1-e676-4bfd-b773-60efead6e052@group-B597187EF31B-LeaderElection30] INFO  impl.LeaderElection (LeaderElection.java:askForVotes(308)) - a92b67d1-e676-4bfd-b773-60efead6e052@group-B597187EF31B-LeaderElection30 ELECTION round 0: result REJECTED
2021-10-24 01:34:56,124 [a92b67d1-e676-4bfd-b773-60efead6e052@group-B597187EF31B-LeaderElection30] INFO  server.RaftServer$Division (RaftServerImpl.java:setRole(290)) - a92b67d1-e676-4bfd-b773-60efead6e052@group-B597187EF31B: changes role from CANDIDATE to FOLLOWER at term 12 for REJECTED
2021-10-24 01:34:56,124 [a92b67d1-e676-4bfd-b773-60efead6e052@group-B597187EF31B-LeaderElection30] INFO  impl.RoleInfo (RoleInfo.java:shutdownLeaderElection(121)) - a92b67d1-e676-4bfd-b773-60efead6e052: shutdown a92b67d1-e676-4bfd-b773-60efead6e052@group-B597187EF31B-LeaderElection30
2021-10-24 01:34:56,124 [a92b67d1-e676-4bfd-b773-60efead6e052@group-B597187EF31B-LeaderElection30] INFO  impl.RoleInfo (RoleInfo.java:updateAndGet(130)) - a92b67d1-e676-4bfd-b773-60efead6e052: start a92b67d1-e676-4bfd-b773-60efead6e052@group-B597187EF31B-FollowerState
2021-10-24 01:34:56,796 [Listener at 127.0.0.1/37371] INFO  ozone.MiniOzoneClusterImpl (MiniOzoneClusterImpl.java:lambda$waitForClusterToBeReady$0(235)) - Nodes are ready. Got 3 of 3 DN Heartbeats.
2021-10-24 01:34:56,796 [Listener at 127.0.0.1/37371] INFO  ozone.MiniOzoneClusterImpl (MiniOzoneClusterImpl.java:lambda$waitForClusterToBeReady$0(238)) - Waiting for cluster to exit safe mode
2021-10-24 01:34:56,796 [Listener at 127.0.0.1/37371] INFO  ozone.MiniOzoneClusterImpl (MiniOzoneClusterImpl.java:lambda$waitForClusterToBeReady$0(240)) - SCM became leader
2021-10-24 01:34:57,796 [Listener at 127.0.0.1/37371] INFO  ozone.MiniOzoneClusterImpl (MiniOzoneClusterImpl.java:lambda$waitForClusterToBeReady$0(235)) - Nodes are ready. Got 3 of 3 DN Heartbeats.
2021-10-24 01:34:57,796 [Listener at 127.0.0.1/37371] INFO  ozone.MiniOzoneClusterImpl (MiniOzoneClusterImpl.java:lambda$waitForClusterToBeReady$0(238)) - Waiting for cluster to exit safe mode
2021-10-24 01:34:57,796 [Listener at 127.0.0.1/37371] INFO  ozone.MiniOzoneClusterImpl (MiniOzoneClusterImpl.java:lambda$waitForClusterToBeReady$0(240)) - SCM became leader
2021-10-24 01:34:58,797 [Listener at 127.0.0.1/37371] INFO  ozone.MiniOzoneClusterImpl (MiniOzoneClusterImpl.java:lambda$waitForClusterToBeReady$0(235)) - Nodes are ready. Got 3 of 3 DN Heartbeats.
2021-10-24 01:34:58,797 [Listener at 127.0.0.1/37371] INFO  ozone.MiniOzoneClusterImpl (MiniOzoneClusterImpl.java:lambda$waitForClusterToBeReady$0(238)) - Waiting for cluster to exit safe mode
2021-10-24 01:34:58,797 [Listener at 127.0.0.1/37371] INFO  ozone.MiniOzoneClusterImpl (MiniOzoneClusterImpl.java:lambda$waitForClusterToBeReady$0(240)) - SCM became leader
2021-10-24 01:34:59,797 [Listener at 127.0.0.1/37371] INFO  ozone.MiniOzoneClusterImpl (MiniOzoneClusterImpl.java:lambda$waitForClusterToBeReady$0(235)) - Nodes are ready. Got 3 of 3 DN Heartbeats.
2021-10-24 01:34:59,797 [Listener at 127.0.0.1/37371] INFO  ozone.MiniOzoneClusterImpl (MiniOzoneClusterImpl.java:lambda$waitForClusterToBeReady$0(238)) - Waiting for cluster to exit safe mode
2021-10-24 01:34:59,797 [Listener at 127.0.0.1/37371] INFO  ozone.MiniOzoneClusterImpl (MiniOzoneClusterImpl.java:lambda$waitForClusterToBeReady$0(240)) - SCM became leader
2021-10-24 01:35:00,797 [Listener at 127.0.0.1/37371] INFO  ozone.MiniOzoneClusterImpl (MiniOzoneClusterImpl.java:lambda$waitForClusterToBeReady$0(235)) - Nodes are ready. Got 3 of 3 DN Heartbeats.
2021-10-24 01:35:00,798 [Listener at 127.0.0.1/37371] INFO  ozone.MiniOzoneClusterImpl (MiniOzoneClusterImpl.java:lambda$waitForClusterToBeReady$0(238)) - Waiting for cluster to exit safe mode
2021-10-24 01:35:00,798 [Listener at 127.0.0.1/37371] INFO  ozone.MiniOzoneClusterImpl (MiniOzoneClusterImpl.java:lambda$waitForClusterToBeReady$0(240)) - SCM became leader
2021-10-24 01:35:01,182 [0014d44f-57a6-4d7b-99a8-c9e31c05b4da@group-B597187EF31B-FollowerState] INFO  impl.FollowerState (FollowerState.java:run(134)) - 0014d44f-57a6-4d7b-99a8-c9e31c05b4da@group-B597187EF31B-FollowerState: change to CANDIDATE, lastRpcElapsedTime:5085077909ns, electionTimeout:5069ms
2021-10-24 01:35:01,182 [0014d44f-57a6-4d7b-99a8-c9e31c05b4da@group-B597187EF31B-FollowerState] INFO  impl.RoleInfo (RoleInfo.java:shutdownFollowerState(108)) - 0014d44f-57a6-4d7b-99a8-c9e31c05b4da: shutdown 0014d44f-57a6-4d7b-99a8-c9e31c05b4da@group-B597187EF31B-FollowerState
2021-10-24 01:35:01,182 [0014d44f-57a6-4d7b-99a8-c9e31c05b4da@group-B597187EF31B-FollowerState] INFO  server.RaftServer$Division (RaftServerImpl.java:setRole(290)) - 0014d44f-57a6-4d7b-99a8-c9e31c05b4da@group-B597187EF31B: changes role from  FOLLOWER to CANDIDATE at term 12 for changeToCandidate
2021-10-24 01:35:01,182 [0014d44f-57a6-4d7b-99a8-c9e31c05b4da@group-B597187EF31B-FollowerState] INFO  server.RaftServerConfigKeys (ConfUtils.java:logGet(44)) - raft.server.leaderelection.pre-vote = false (custom)
2021-10-24 01:35:01,182 [0014d44f-57a6-4d7b-99a8-c9e31c05b4da@group-B597187EF31B-FollowerState] INFO  impl.RoleInfo (RoleInfo.java:updateAndGet(130)) - 0014d44f-57a6-4d7b-99a8-c9e31c05b4da: start 0014d44f-57a6-4d7b-99a8-c9e31c05b4da@group-B597187EF31B-LeaderElection33
2021-10-24 01:35:01,198 [0014d44f-57a6-4d7b-99a8-c9e31c05b4da@group-B597187EF31B-LeaderElection33] INFO  impl.LeaderElection (LeaderElection.java:askForVotes(306)) - 0014d44f-57a6-4d7b-99a8-c9e31c05b4da@group-B597187EF31B-LeaderElection33 ELECTION round 0: submit vote requests at term 13 for -1: [82e1ff8b-aab7-4b8c-8207-e5ba7d0f8a1f|rpc:10.1.0.11:39599|dataStream:|priority:0, a92b67d1-e676-4bfd-b773-60efead6e052|rpc:10.1.0.11:32963|dataStream:|priority:0, 0014d44f-57a6-4d7b-99a8-c9e31c05b4da|rpc:10.1.0.11:43619|dataStream:|priority:1], old=null
2021-10-24 01:35:01,212 [grpc-default-executor-3] INFO  server.RaftServer$Division (RaftServerImpl.java:requestVote(1046)) - 82e1ff8b-aab7-4b8c-8207-e5ba7d0f8a1f@group-B597187EF31B: receive requestVote(ELECTION, 0014d44f-57a6-4d7b-99a8-c9e31c05b4da, group-B597187EF31B, 13, (t:0, i:0))
2021-10-24 01:35:01,212 [grpc-default-executor-3] INFO  impl.VoteContext (VoteContext.java:log(48)) - 82e1ff8b-aab7-4b8c-8207-e5ba7d0f8a1f@group-B597187EF31B-FOLLOWER: accept ELECTION from 0014d44f-57a6-4d7b-99a8-c9e31c05b4da: our priority 0 <= candidate's priority 1
2021-10-24 01:35:01,213 [grpc-default-executor-3] INFO  server.RaftServer$Division (RaftServerImpl.java:setRole(290)) - 82e1ff8b-aab7-4b8c-8207-e5ba7d0f8a1f@group-B597187EF31B: changes role from  FOLLOWER to FOLLOWER at term 13 for candidate:0014d44f-57a6-4d7b-99a8-c9e31c05b4da
2021-10-24 01:35:01,213 [grpc-default-executor-3] INFO  impl.RoleInfo (RoleInfo.java:shutdownFollowerState(108)) - 82e1ff8b-aab7-4b8c-8207-e5ba7d0f8a1f: shutdown 82e1ff8b-aab7-4b8c-8207-e5ba7d0f8a1f@group-B597187EF31B-FollowerState
2021-10-24 01:35:01,213 [grpc-default-executor-3] INFO  impl.RoleInfo (RoleInfo.java:updateAndGet(130)) - 82e1ff8b-aab7-4b8c-8207-e5ba7d0f8a1f: start 82e1ff8b-aab7-4b8c-8207-e5ba7d0f8a1f@group-B597187EF31B-FollowerState
2021-10-24 01:35:01,213 [82e1ff8b-aab7-4b8c-8207-e5ba7d0f8a1f@group-B597187EF31B-FollowerState] INFO  impl.FollowerState (FollowerState.java:run(143)) - 82e1ff8b-aab7-4b8c-8207-e5ba7d0f8a1f@group-B597187EF31B-FollowerState was interrupted: {}
java.lang.InterruptedException: sleep interrupted
	at java.lang.Thread.sleep(Native Method)
	at java.lang.Thread.sleep(Thread.java:340)
	at java.util.concurrent.TimeUnit.sleep(TimeUnit.java:386)
	at org.apache.ratis.util.TimeDuration.sleep(TimeDuration.java:324)
	at org.apache.ratis.util.TimeDuration.sleep(TimeDuration.java:309)
	at org.apache.ratis.server.impl.FollowerState.run(FollowerState.java:118)
2021-10-24 01:35:01,220 [grpc-default-executor-3] INFO  server.RaftServer$Division (RaftServerImpl.java:requestVote(1078)) - 82e1ff8b-aab7-4b8c-8207-e5ba7d0f8a1f@group-B597187EF31B replies to ELECTION vote request: 0014d44f-57a6-4d7b-99a8-c9e31c05b4da<-82e1ff8b-aab7-4b8c-8207-e5ba7d0f8a1f#0:OK-t13. Peer's state: 82e1ff8b-aab7-4b8c-8207-e5ba7d0f8a1f@group-B597187EF31B:t13, leader=null, voted=0014d44f-57a6-4d7b-99a8-c9e31c05b4da, raftlog=82e1ff8b-aab7-4b8c-8207-e5ba7d0f8a1f@group-B597187EF31B-SegmentedRaftLog:OPENED:c-1, conf=-1: [82e1ff8b-aab7-4b8c-8207-e5ba7d0f8a1f|rpc:10.1.0.11:39599|priority:0, a92b67d1-e676-4bfd-b773-60efead6e052|rpc:10.1.0.11:32963|priority:0, 0014d44f-57a6-4d7b-99a8-c9e31c05b4da|rpc:10.1.0.11:43619|priority:1], old=null
2021-10-24 01:35:01,221 [a92b67d1-e676-4bfd-b773-60efead6e052@group-B597187EF31B-FollowerState] INFO  impl.FollowerState (FollowerState.java:run(134)) - a92b67d1-e676-4bfd-b773-60efead6e052@group-B597187EF31B-FollowerState: change to CANDIDATE, lastRpcElapsedTime:5096342369ns, electionTimeout:5074ms
2021-10-24 01:35:01,221 [a92b67d1-e676-4bfd-b773-60efead6e052@group-B597187EF31B-FollowerState] INFO  impl.RoleInfo (RoleInfo.java:shutdownFollowerState(108)) - a92b67d1-e676-4bfd-b773-60efead6e052: shutdown a92b67d1-e676-4bfd-b773-60efead6e052@group-B597187EF31B-FollowerState
2021-10-24 01:35:01,221 [a92b67d1-e676-4bfd-b773-60efead6e052@group-B597187EF31B-FollowerState] INFO  server.RaftServer$Division (RaftServerImpl.java:setRole(290)) - a92b67d1-e676-4bfd-b773-60efead6e052@group-B597187EF31B: changes role from  FOLLOWER to CANDIDATE at term 12 for changeToCandidate
2021-10-24 01:35:01,221 [a92b67d1-e676-4bfd-b773-60efead6e052@group-B597187EF31B-FollowerState] INFO  server.RaftServerConfigKeys (ConfUtils.java:logGet(44)) - raft.server.leaderelection.pre-vote = false (custom)
2021-10-24 01:35:01,221 [a92b67d1-e676-4bfd-b773-60efead6e052@group-B597187EF31B-FollowerState] INFO  impl.RoleInfo (RoleInfo.java:updateAndGet(130)) - a92b67d1-e676-4bfd-b773-60efead6e052: start a92b67d1-e676-4bfd-b773-60efead6e052@group-B597187EF31B-LeaderElection34
2021-10-24 01:35:01,232 [a92b67d1-e676-4bfd-b773-60efead6e052@group-B597187EF31B-LeaderElection34] INFO  impl.LeaderElection (LeaderElection.java:askForVotes(306)) - a92b67d1-e676-4bfd-b773-60efead6e052@group-B597187EF31B-LeaderElection34 ELECTION round 0: submit vote requests at term 13 for -1: [82e1ff8b-aab7-4b8c-8207-e5ba7d0f8a1f|rpc:10.1.0.11:39599|dataStream:|priority:0, a92b67d1-e676-4bfd-b773-60efead6e052|rpc:10.1.0.11:32963|dataStream:|priority:0, 0014d44f-57a6-4d7b-99a8-c9e31c05b4da|rpc:10.1.0.11:43619|dataStream:|priority:1], old=null
2021-10-24 01:35:01,246 [grpc-default-executor-3] INFO  server.RaftServer$Division (RaftServerImpl.java:requestVote(1046)) - 82e1ff8b-aab7-4b8c-8207-e5ba7d0f8a1f@group-B597187EF31B: receive requestVote(ELECTION, a92b67d1-e676-4bfd-b773-60efead6e052, group-B597187EF31B, 13, (t:0, i:0))
2021-10-24 01:35:01,246 [grpc-default-executor-3] INFO  impl.VoteContext (VoteContext.java:log(48)) - 82e1ff8b-aab7-4b8c-8207-e5ba7d0f8a1f@group-B597187EF31B-FOLLOWER: reject ELECTION from a92b67d1-e676-4bfd-b773-60efead6e052: already has voted for 0014d44f-57a6-4d7b-99a8-c9e31c05b4da at current term 13
2021-10-24 01:35:01,246 [grpc-default-executor-3] INFO  server.RaftServer$Division (RaftServerImpl.java:requestVote(1078)) - 82e1ff8b-aab7-4b8c-8207-e5ba7d0f8a1f@group-B597187EF31B replies to ELECTION vote request: a92b67d1-e676-4bfd-b773-60efead6e052<-82e1ff8b-aab7-4b8c-8207-e5ba7d0f8a1f#0:FAIL-t13. Peer's state: 82e1ff8b-aab7-4b8c-8207-e5ba7d0f8a1f@group-B597187EF31B:t13, leader=null, voted=0014d44f-57a6-4d7b-99a8-c9e31c05b4da, raftlog=82e1ff8b-aab7-4b8c-8207-e5ba7d0f8a1f@group-B597187EF31B-SegmentedRaftLog:OPENED:c-1, conf=-1: [82e1ff8b-aab7-4b8c-8207-e5ba7d0f8a1f|rpc:10.1.0.11:39599|priority:0, a92b67d1-e676-4bfd-b773-60efead6e052|rpc:10.1.0.11:32963|priority:0, 0014d44f-57a6-4d7b-99a8-c9e31c05b4da|rpc:10.1.0.11:43619|priority:1], old=null
2021-10-24 01:35:01,257 [0014d44f-57a6-4d7b-99a8-c9e31c05b4da@group-B597187EF31B-LeaderElection33] INFO  impl.LeaderElection (LeaderElection.java:logAndReturn(89)) - 0014d44f-57a6-4d7b-99a8-c9e31c05b4da@group-B597187EF31B-LeaderElection33: ELECTION PASSED received 1 response(s) and 0 exception(s):
2021-10-24 01:35:01,258 [0014d44f-57a6-4d7b-99a8-c9e31c05b4da@group-B597187EF31B-LeaderElection33] INFO  impl.LeaderElection (LeaderElection.java:logAndReturn(93)) -   Response 0: 0014d44f-57a6-4d7b-99a8-c9e31c05b4da<-82e1ff8b-aab7-4b8c-8207-e5ba7d0f8a1f#0:OK-t13
2021-10-24 01:35:01,258 [0014d44f-57a6-4d7b-99a8-c9e31c05b4da@group-B597187EF31B-LeaderElection33] INFO  impl.LeaderElection (LeaderElection.java:askForVotes(308)) - 0014d44f-57a6-4d7b-99a8-c9e31c05b4da@group-B597187EF31B-LeaderElection33 ELECTION round 0: result PASSED
2021-10-24 01:35:01,258 [0014d44f-57a6-4d7b-99a8-c9e31c05b4da@group-B597187EF31B-LeaderElection33] INFO  impl.RoleInfo (RoleInfo.java:shutdownLeaderElection(121)) - 0014d44f-57a6-4d7b-99a8-c9e31c05b4da: shutdown 0014d44f-57a6-4d7b-99a8-c9e31c05b4da@group-B597187EF31B-LeaderElection33
2021-10-24 01:35:01,258 [0014d44f-57a6-4d7b-99a8-c9e31c05b4da@group-B597187EF31B-LeaderElection33] INFO  server.RaftServer$Division (RaftServerImpl.java:setRole(290)) - 0014d44f-57a6-4d7b-99a8-c9e31c05b4da@group-B597187EF31B: changes role from CANDIDATE to LEADER at term 13 for changeToLeader
2021-10-24 01:35:01,258 [0014d44f-57a6-4d7b-99a8-c9e31c05b4da@group-B597187EF31B-LeaderElection33] INFO  ratis.XceiverServerRatis (XceiverServerRatis.java:handleLeaderChangedNotification(866)) - Leader change notification received for group: group-B597187EF31B with new leaderId: 0014d44f-57a6-4d7b-99a8-c9e31c05b4da
2021-10-24 01:35:01,258 [0014d44f-57a6-4d7b-99a8-c9e31c05b4da@group-B597187EF31B-LeaderElection33] INFO  server.RaftServer$Division (ServerState.java:setLeader(285)) - 0014d44f-57a6-4d7b-99a8-c9e31c05b4da@group-B597187EF31B: change Leader from null to 0014d44f-57a6-4d7b-99a8-c9e31c05b4da at term 13 for becomeLeader, leader elected after 67176ms
2021-10-24 01:35:01,258 [0014d44f-57a6-4d7b-99a8-c9e31c05b4da@group-B597187EF31B-LeaderElection33] INFO  server.RaftServerConfigKeys (ConfUtils.java:logGet(44)) - raft.server.staging.catchup.gap = 1000 (default)
2021-10-24 01:35:01,258 [0014d44f-57a6-4d7b-99a8-c9e31c05b4da@group-B597187EF31B-LeaderElection33] INFO  server.RaftServerConfigKeys (ConfUtils.java:logGet(44)) - raft.server.write.element-limit = 1024 (custom)
2021-10-24 01:35:01,258 [0014d44f-57a6-4d7b-99a8-c9e31c05b4da@group-B597187EF31B-LeaderElection33] INFO  server.RaftServerConfigKeys (ConfUtils.java:logGet(44)) - raft.server.write.byte-limit = 1024 M (=1073741824) (custom)
2021-10-24 01:35:01,259 [0014d44f-57a6-4d7b-99a8-c9e31c05b4da@group-B597187EF31B-LeaderElection33] INFO  server.RaftServerConfigKeys (ConfUtils.java:logGet(44)) - raft.server.watch.timeout = 180s (custom)
2021-10-24 01:35:01,259 [0014d44f-57a6-4d7b-99a8-c9e31c05b4da@group-B597187EF31B-LeaderElection33] INFO  server.RaftServerConfigKeys (ConfUtils.java:logGet(44)) - raft.server.watch.timeout.denomination = 1s (default)
2021-10-24 01:35:01,259 [0014d44f-57a6-4d7b-99a8-c9e31c05b4da@group-B597187EF31B-LeaderElection33] INFO  server.RaftServerConfigKeys (ConfUtils.java:logGet(44)) - raft.server.watch.element-limit = 65536 (default)
2021-10-24 01:35:01,259 [0014d44f-57a6-4d7b-99a8-c9e31c05b4da@group-B597187EF31B-LeaderElection33] INFO  server.RaftServerConfigKeys (ConfUtils.java:logGet(44)) - raft.server.write.element-limit = 1024 (custom)
2021-10-24 01:35:01,259 [0014d44f-57a6-4d7b-99a8-c9e31c05b4da@group-B597187EF31B-LeaderElection33] INFO  server.RaftServerConfigKeys (ConfUtils.java:logGet(44)) - raft.server.write.follower.gap.ratio.max = -1.0 (default)
2021-10-24 01:35:01,259 [0014d44f-57a6-4d7b-99a8-c9e31c05b4da@group-B597187EF31B-LeaderElection33] INFO  server.RaftServerConfigKeys (ConfUtils.java:logGet(44)) - raft.server.log.appender.snapshot.chunk.size.max = 16MB (=16777216) (default)
2021-10-24 01:35:01,259 [0014d44f-57a6-4d7b-99a8-c9e31c05b4da@group-B597187EF31B-LeaderElection33] INFO  server.RaftServerConfigKeys (ConfUtils.java:logGet(44)) - raft.server.log.appender.buffer.byte-limit = 33554432 (custom)
2021-10-24 01:35:01,259 [0014d44f-57a6-4d7b-99a8-c9e31c05b4da@group-B597187EF31B-LeaderElection33] INFO  server.RaftServerConfigKeys (ConfUtils.java:logGet(44)) - raft.server.log.appender.buffer.element-limit = 1 (custom)
2021-10-24 01:35:01,259 [0014d44f-57a6-4d7b-99a8-c9e31c05b4da@group-B597187EF31B-LeaderElection33] INFO  grpc.GrpcConfigKeys (ConfUtils.java:logGet(44)) - raft.grpc.server.leader.outstanding.appends.max = 128 (default)
2021-10-24 01:35:01,259 [0014d44f-57a6-4d7b-99a8-c9e31c05b4da@group-B597187EF31B-LeaderElection33] INFO  server.RaftServerConfigKeys (ConfUtils.java:logGet(44)) - raft.server.rpc.request.timeout = 60s (custom)
2021-10-24 01:35:01,259 [0014d44f-57a6-4d7b-99a8-c9e31c05b4da@group-B597187EF31B-LeaderElection33] INFO  server.RaftServerConfigKeys (ConfUtils.java:logGet(44)) - raft.server.log.appender.install.snapshot.enabled = false (custom)
2021-10-24 01:35:01,260 [0014d44f-57a6-4d7b-99a8-c9e31c05b4da@group-B597187EF31B-LeaderElection33] INFO  server.RaftServerConfigKeys (ConfUtils.java:logGet(44)) - raft.server.log.appender.snapshot.chunk.size.max = 16MB (=16777216) (default)
2021-10-24 01:35:01,260 [0014d44f-57a6-4d7b-99a8-c9e31c05b4da@group-B597187EF31B-LeaderElection33] INFO  server.RaftServerConfigKeys (ConfUtils.java:logGet(44)) - raft.server.log.appender.buffer.byte-limit = 33554432 (custom)
2021-10-24 01:35:01,260 [0014d44f-57a6-4d7b-99a8-c9e31c05b4da@group-B597187EF31B-LeaderElection33] INFO  server.RaftServerConfigKeys (ConfUtils.java:logGet(44)) - raft.server.log.appender.buffer.element-limit = 1 (custom)
2021-10-24 01:35:01,260 [0014d44f-57a6-4d7b-99a8-c9e31c05b4da@group-B597187EF31B-LeaderElection33] INFO  grpc.GrpcConfigKeys (ConfUtils.java:logGet(44)) - raft.grpc.server.leader.outstanding.appends.max = 128 (default)
2021-10-24 01:35:01,260 [0014d44f-57a6-4d7b-99a8-c9e31c05b4da@group-B597187EF31B-LeaderElection33] INFO  server.RaftServerConfigKeys (ConfUtils.java:logGet(44)) - raft.server.rpc.request.timeout = 60s (custom)
2021-10-24 01:35:01,260 [0014d44f-57a6-4d7b-99a8-c9e31c05b4da@group-B597187EF31B-LeaderElection33] INFO  server.RaftServerConfigKeys (ConfUtils.java:logGet(44)) - raft.server.log.appender.install.snapshot.enabled = false (custom)
2021-10-24 01:35:01,261 [EventQueue-PipelineReportForPipelineReportHandler] INFO  pipeline.PipelineManagerImpl (PipelineManagerImpl.java:openPipeline(282)) - Pipeline Pipeline[ Id: e5e26e4d-8c1c-4cb9-8045-b597187ef31b, Nodes: 82e1ff8b-aab7-4b8c-8207-e5ba7d0f8a1f{ip: 10.1.0.11, host: fv-az12-887.exdb2aeach2ezidoxz41lk3bwg.cx.internal.cloudapp.net, ports: [REPLICATION=33111, RATIS=39599, RATIS_ADMIN=39599, RATIS_SERVER=39599, STANDALONE=34627], networkLocation: /default-rack, certSerialId: null, persistedOpState: IN_SERVICE, persistedOpStateExpiryEpochSec: 0}0014d44f-57a6-4d7b-99a8-c9e31c05b4da{ip: 10.1.0.11, host: fv-az12-887.exdb2aeach2ezidoxz41lk3bwg.cx.internal.cloudapp.net, ports: [REPLICATION=45145, RATIS=43619, RATIS_ADMIN=43619, RATIS_SERVER=43619, STANDALONE=36185], networkLocation: /default-rack, certSerialId: null, persistedOpState: IN_SERVICE, persistedOpStateExpiryEpochSec: 0}a92b67d1-e676-4bfd-b773-60efead6e052{ip: 10.1.0.11, host: fv-az12-887.exdb2aeach2ezidoxz41lk3bwg.cx.internal.cloudapp.net, ports: [REPLICATION=41449, RATIS=32963, RATIS_ADMIN=32963, RATIS_SERVER=32963, STANDALONE=41535], networkLocation: /default-rack, certSerialId: null, persistedOpState: IN_SERVICE, persistedOpStateExpiryEpochSec: 0}, ReplicationConfig: RATIS/THREE, State:ALLOCATED, leaderId:0014d44f-57a6-4d7b-99a8-c9e31c05b4da, CreationTimestamp2021-10-24T01:33:51.790Z[Etc/UTC]] moved to OPEN state
2021-10-24 01:35:01,262 [EventQueue-OpenPipelineForHealthyPipelineSafeModeRule] INFO  safemode.SCMSafeModeManager (HealthyPipelineSafeModeRule.java:process(124)) - SCM in safe mode. Healthy pipelines reported count is 0, required healthy pipeline reported count is 1
2021-10-24 01:35:01,262 [EventQueue-OpenPipelineForHealthyPipelineSafeModeRule] INFO  safemode.SCMSafeModeManager (HealthyPipelineSafeModeRule.java:process(124)) - SCM in safe mode. Healthy pipelines reported count is 1, required healthy pipeline reported count is 1
2021-10-24 01:35:01,262 [EventQueue-OpenPipelineForHealthyPipelineSafeModeRule] INFO  safemode.SCMSafeModeManager (SCMSafeModeManager.java:validateSafeModeExitRules(204)) - HealthyPipelineSafeModeRule rule is successfully validated
2021-10-24 01:35:01,262 [EventQueue-OpenPipelineForHealthyPipelineSafeModeRule] INFO  safemode.SCMSafeModeManager (SCMSafeModeManager.java:validateSafeModeExitRules(219)) - ScmSafeModeManager, all rules are successfully validated
2021-10-24 01:35:01,262 [EventQueue-OpenPipelineForHealthyPipelineSafeModeRule] INFO  safemode.SCMSafeModeManager (SCMSafeModeManager.java:exitSafeMode(248)) - SCM exiting safe mode.
2021-10-24 01:35:01,262 [EventQueue-OpenPipelineForHealthyPipelineSafeModeRule] WARN  events.EventQueue (EventQueue.java:fireEvent(194)) - No event handler registered for event TypedEvent{payloadType=SafeModeStatus, name='Safe mode status'}
2021-10-24 01:35:01,262 [EventQueue-OpenPipelineForHealthyPipelineSafeModeRule] INFO  ha.SCMContext (SCMContext.java:updateSafeModeStatus(205)) - Update SafeModeStatus from SafeModeStatus{safeModeStatus=true, preCheckPassed=true} to SafeModeStatus{safeModeStatus=false, preCheckPassed=true}.
2021-10-24 01:35:01,262 [EventQueue-OpenPipelineForHealthyPipelineSafeModeRule] INFO  pipeline.BackgroundPipelineCreator (BackgroundPipelineCreator.java:notifyStatusChanged(264)) - Service BackgroundPipelineCreator transitions to RUNNING.
2021-10-24 01:35:01,262 [EventQueue-OpenPipelineForHealthyPipelineSafeModeRule] INFO  container.ReplicationManager (ReplicationManager.java:notifyStatusChanged(1746)) - Service ReplicationManager transitions to RUNNING.
2021-10-24 01:35:01,269 [0014d44f-57a6-4d7b-99a8-c9e31c05b4da@group-B597187EF31B-LeaderElection33] INFO  impl.RoleInfo (RoleInfo.java:updateAndGet(130)) - 0014d44f-57a6-4d7b-99a8-c9e31c05b4da: start 0014d44f-57a6-4d7b-99a8-c9e31c05b4da@group-B597187EF31B-LeaderStateImpl
2021-10-24 01:35:01,273 [0014d44f-57a6-4d7b-99a8-c9e31c05b4da@group-B597187EF31B-LeaderElection33] INFO  segmented.SegmentedRaftLogWorker (SegmentedRaftLogWorker.java:startLogSegment(394)) - 0014d44f-57a6-4d7b-99a8-c9e31c05b4da@group-B597187EF31B-SegmentedRaftLogWorker: Starting segment from index:0
2021-10-24 01:35:01,274 [0014d44f-57a6-4d7b-99a8-c9e31c05b4da@group-B597187EF31B-SegmentedRaftLogWorker] INFO  segmented.SegmentedRaftLogWorker (SegmentedRaftLogWorker.java:execute(601)) - 0014d44f-57a6-4d7b-99a8-c9e31c05b4da@group-B597187EF31B-SegmentedRaftLogWorker: created new log segment /home/runner/work/ozone/ozone/hadoop-ozone/integration-test/target/test-dir/MiniOzoneClusterImpl-486ed80b-b12a-4e60-b5dc-4c94b273e9da/datanode-1/data/ratis/e5e26e4d-8c1c-4cb9-8045-b597187ef31b/current/log_inprogress_0
2021-10-24 01:35:01,277 [grpc-default-executor-2] INFO  server.RaftServer$Division (RaftServerImpl.java:requestVote(1046)) - a92b67d1-e676-4bfd-b773-60efead6e052@group-B597187EF31B: receive requestVote(ELECTION, 0014d44f-57a6-4d7b-99a8-c9e31c05b4da, group-B597187EF31B, 13, (t:0, i:0))
2021-10-24 01:35:01,278 [grpc-default-executor-2] INFO  impl.VoteContext (VoteContext.java:log(48)) - a92b67d1-e676-4bfd-b773-60efead6e052@group-B597187EF31B-CANDIDATE: reject ELECTION from 0014d44f-57a6-4d7b-99a8-c9e31c05b4da: already has voted for a92b67d1-e676-4bfd-b773-60efead6e052 at current term 13
2021-10-24 01:35:01,278 [grpc-default-executor-2] INFO  server.RaftServer$Division (RaftServerImpl.java:requestVote(1078)) - a92b67d1-e676-4bfd-b773-60efead6e052@group-B597187EF31B replies to ELECTION vote request: 0014d44f-57a6-4d7b-99a8-c9e31c05b4da<-a92b67d1-e676-4bfd-b773-60efead6e052#0:FAIL-t13. Peer's state: a92b67d1-e676-4bfd-b773-60efead6e052@group-B597187EF31B:t13, leader=null, voted=a92b67d1-e676-4bfd-b773-60efead6e052, raftlog=a92b67d1-e676-4bfd-b773-60efead6e052@group-B597187EF31B-SegmentedRaftLog:OPENED:c-1, conf=-1: [82e1ff8b-aab7-4b8c-8207-e5ba7d0f8a1f|rpc:10.1.0.11:39599|dataStream:|priority:0, a92b67d1-e676-4bfd-b773-60efead6e052|rpc:10.1.0.11:32963|dataStream:|priority:0, 0014d44f-57a6-4d7b-99a8-c9e31c05b4da|rpc:10.1.0.11:43619|dataStream:|priority:1], old=null
2021-10-24 01:35:01,278 [grpc-default-executor-3] INFO  server.RaftServer$Division (RaftServerImpl.java:requestVote(1046)) - 0014d44f-57a6-4d7b-99a8-c9e31c05b4da@group-B597187EF31B: receive requestVote(ELECTION, a92b67d1-e676-4bfd-b773-60efead6e052, group-B597187EF31B, 13, (t:0, i:0))
2021-10-24 01:35:01,281 [grpc-default-executor-0] INFO  ratis.XceiverServerRatis (XceiverServerRatis.java:handleLeaderChangedNotification(866)) - Leader change notification received for group: group-B597187EF31B with new leaderId: 0014d44f-57a6-4d7b-99a8-c9e31c05b4da
2021-10-24 01:35:01,281 [grpc-default-executor-0] INFO  server.RaftServer$Division (ServerState.java:setLeader(285)) - 82e1ff8b-aab7-4b8c-8207-e5ba7d0f8a1f@group-B597187EF31B: change Leader from null to 0014d44f-57a6-4d7b-99a8-c9e31c05b4da at term 13 for appendEntries, leader elected after 67356ms
2021-10-24 01:35:01,285 [0014d44f-57a6-4d7b-99a8-c9e31c05b4da@group-B597187EF31B-LeaderElection33] INFO  server.RaftServer$Division (ServerState.java:setRaftConf(387)) - 0014d44f-57a6-4d7b-99a8-c9e31c05b4da@group-B597187EF31B: set configuration 0: [82e1ff8b-aab7-4b8c-8207-e5ba7d0f8a1f|rpc:10.1.0.11:39599|dataStream:|priority:0, a92b67d1-e676-4bfd-b773-60efead6e052|rpc:10.1.0.11:32963|dataStream:|priority:0, 0014d44f-57a6-4d7b-99a8-c9e31c05b4da|rpc:10.1.0.11:43619|dataStream:|priority:1], old=null
2021-10-24 01:35:01,285 [grpc-default-executor-3] INFO  impl.VoteContext (VoteContext.java:log(48)) - 0014d44f-57a6-4d7b-99a8-c9e31c05b4da@group-B597187EF31B-LEADER: reject ELECTION from a92b67d1-e676-4bfd-b773-60efead6e052: already has voted for 0014d44f-57a6-4d7b-99a8-c9e31c05b4da at current term 13
2021-10-24 01:35:01,285 [grpc-default-executor-0] INFO  server.RaftServer$Division (ServerState.java:setRaftConf(387)) - 82e1ff8b-aab7-4b8c-8207-e5ba7d0f8a1f@group-B597187EF31B: set configuration 0: [82e1ff8b-aab7-4b8c-8207-e5ba7d0f8a1f|rpc:10.1.0.11:39599|dataStream:|priority:0, a92b67d1-e676-4bfd-b773-60efead6e052|rpc:10.1.0.11:32963|dataStream:|priority:0, 0014d44f-57a6-4d7b-99a8-c9e31c05b4da|rpc:10.1.0.11:43619|dataStream:|priority:1], old=null
2021-10-24 01:35:01,285 [grpc-default-executor-3] INFO  server.RaftServer$Division (RaftServerImpl.java:requestVote(1078)) - 0014d44f-57a6-4d7b-99a8-c9e31c05b4da@group-B597187EF31B replies to ELECTION vote request: a92b67d1-e676-4bfd-b773-60efead6e052<-0014d44f-57a6-4d7b-99a8-c9e31c05b4da#0:FAIL-t13. Peer's state: 0014d44f-57a6-4d7b-99a8-c9e31c05b4da@group-B597187EF31B:t13, leader=0014d44f-57a6-4d7b-99a8-c9e31c05b4da, voted=0014d44f-57a6-4d7b-99a8-c9e31c05b4da, raftlog=0014d44f-57a6-4d7b-99a8-c9e31c05b4da@group-B597187EF31B-SegmentedRaftLog:OPENED:c-1, conf=0: [82e1ff8b-aab7-4b8c-8207-e5ba7d0f8a1f|rpc:10.1.0.11:39599|dataStream:|priority:0, a92b67d1-e676-4bfd-b773-60efead6e052|rpc:10.1.0.11:32963|dataStream:|priority:0, 0014d44f-57a6-4d7b-99a8-c9e31c05b4da|rpc:10.1.0.11:43619|dataStream:|priority:1], old=null
2021-10-24 01:35:01,286 [grpc-default-executor-0] INFO  segmented.SegmentedRaftLogWorker (SegmentedRaftLogWorker.java:startLogSegment(394)) - 82e1ff8b-aab7-4b8c-8207-e5ba7d0f8a1f@group-B597187EF31B-SegmentedRaftLogWorker: Starting segment from index:0
2021-10-24 01:35:01,287 [a92b67d1-e676-4bfd-b773-60efead6e052@group-B597187EF31B-LeaderElection34] INFO  impl.LeaderElection (LeaderElection.java:logAndReturn(89)) - a92b67d1-e676-4bfd-b773-60efead6e052@group-B597187EF31B-LeaderElection34: ELECTION REJECTED received 2 response(s) and 0 exception(s):
2021-10-24 01:35:01,287 [a92b67d1-e676-4bfd-b773-60efead6e052@group-B597187EF31B-LeaderElection34] INFO  impl.LeaderElection (LeaderElection.java:logAndReturn(93)) -   Response 0: a92b67d1-e676-4bfd-b773-60efead6e052<-82e1ff8b-aab7-4b8c-8207-e5ba7d0f8a1f#0:FAIL-t13
2021-10-24 01:35:01,287 [a92b67d1-e676-4bfd-b773-60efead6e052@group-B597187EF31B-LeaderElection34] INFO  impl.LeaderElection (LeaderElection.java:logAndReturn(93)) -   Response 1: a92b67d1-e676-4bfd-b773-60efead6e052<-0014d44f-57a6-4d7b-99a8-c9e31c05b4da#0:FAIL-t13
2021-10-24 01:35:01,287 [a92b67d1-e676-4bfd-b773-60efead6e052@group-B597187EF31B-LeaderElection34] INFO  impl.LeaderElection (LeaderElection.java:askForVotes(308)) - a92b67d1-e676-4bfd-b773-60efead6e052@group-B597187EF31B-LeaderElection34 ELECTION round 0: result REJECTED
2021-10-24 01:35:01,287 [a92b67d1-e676-4bfd-b773-60efead6e052@group-B597187EF31B-LeaderElection34] INFO  server.RaftServer$Division (RaftServerImpl.java:setRole(290)) - a92b67d1-e676-4bfd-b773-60efead6e052@group-B597187EF31B: changes role from CANDIDATE to FOLLOWER at term 13 for REJECTED
2021-10-24 01:35:01,287 [a92b67d1-e676-4bfd-b773-60efead6e052@group-B597187EF31B-LeaderElection34] INFO  impl.RoleInfo (RoleInfo.java:shutdownLeaderElection(121)) - a92b67d1-e676-4bfd-b773-60efead6e052: shutdown a92b67d1-e676-4bfd-b773-60efead6e052@group-B597187EF31B-LeaderElection34
2021-10-24 01:35:01,287 [a92b67d1-e676-4bfd-b773-60efead6e052@group-B597187EF31B-LeaderElection34] INFO  impl.RoleInfo (RoleInfo.java:updateAndGet(130)) - a92b67d1-e676-4bfd-b773-60efead6e052: start a92b67d1-e676-4bfd-b773-60efead6e052@group-B597187EF31B-FollowerState
2021-10-24 01:35:01,288 [82e1ff8b-aab7-4b8c-8207-e5ba7d0f8a1f@group-B597187EF31B-SegmentedRaftLogWorker] INFO  segmented.SegmentedRaftLogWorker (SegmentedRaftLogWorker.java:execute(601)) - 82e1ff8b-aab7-4b8c-8207-e5ba7d0f8a1f@group-B597187EF31B-SegmentedRaftLogWorker: created new log segment /home/runner/work/ozone/ozone/hadoop-ozone/integration-test/target/test-dir/MiniOzoneClusterImpl-486ed80b-b12a-4e60-b5dc-4c94b273e9da/datanode-0/data/ratis/e5e26e4d-8c1c-4cb9-8045-b597187ef31b/current/log_inprogress_0
2021-10-24 01:35:01,323 [grpc-default-executor-0] INFO  ratis.XceiverServerRatis (XceiverServerRatis.java:handleLeaderChangedNotification(866)) - Leader change notification received for group: group-B597187EF31B with new leaderId: 0014d44f-57a6-4d7b-99a8-c9e31c05b4da
2021-10-24 01:35:01,324 [grpc-default-executor-0] INFO  server.RaftServer$Division (ServerState.java:setLeader(285)) - a92b67d1-e676-4bfd-b773-60efead6e052@group-B597187EF31B: change Leader from null to 0014d44f-57a6-4d7b-99a8-c9e31c05b4da at term 13 for appendEntries, leader elected after 67070ms
2021-10-24 01:35:01,372 [grpc-default-executor-0] INFO  server.RaftServer$Division (ServerState.java:setRaftConf(387)) - a92b67d1-e676-4bfd-b773-60efead6e052@group-B597187EF31B: set configuration 0: [82e1ff8b-aab7-4b8c-8207-e5ba7d0f8a1f|rpc:10.1.0.11:39599|dataStream:|priority:0, a92b67d1-e676-4bfd-b773-60efead6e052|rpc:10.1.0.11:32963|dataStream:|priority:0, 0014d44f-57a6-4d7b-99a8-c9e31c05b4da|rpc:10.1.0.11:43619|dataStream:|priority:1], old=null
2021-10-24 01:35:01,376 [grpc-default-executor-0] INFO  segmented.SegmentedRaftLogWorker (SegmentedRaftLogWorker.java:startLogSegment(394)) - a92b67d1-e676-4bfd-b773-60efead6e052@group-B597187EF31B-SegmentedRaftLogWorker: Starting segment from index:0
2021-10-24 01:35:01,378 [a92b67d1-e676-4bfd-b773-60efead6e052@group-B597187EF31B-SegmentedRaftLogWorker] INFO  segmented.SegmentedRaftLogWorker (SegmentedRaftLogWorker.java:execute(601)) - a92b67d1-e676-4bfd-b773-60efead6e052@group-B597187EF31B-SegmentedRaftLogWorker: created new log segment /home/runner/work/ozone/ozone/hadoop-ozone/integration-test/target/test-dir/MiniOzoneClusterImpl-486ed80b-b12a-4e60-b5dc-4c94b273e9da/datanode-2/data/ratis/e5e26e4d-8c1c-4cb9-8045-b597187ef31b/current/log_inprogress_0
2021-10-24 01:35:01,798 [Listener at 127.0.0.1/37371] INFO  ozone.MiniOzoneClusterImpl (MiniOzoneClusterImpl.java:lambda$waitForClusterToBeReady$0(235)) - Nodes are ready. Got 3 of 3 DN Heartbeats.
2021-10-24 01:35:01,798 [Listener at 127.0.0.1/37371] INFO  ozone.MiniOzoneClusterImpl (MiniOzoneClusterImpl.java:lambda$waitForClusterToBeReady$0(238)) - Cluster exits safe mode
2021-10-24 01:35:01,798 [Listener at 127.0.0.1/37371] INFO  ozone.MiniOzoneClusterImpl (MiniOzoneClusterImpl.java:lambda$waitForClusterToBeReady$0(240)) - SCM became leader
2021-10-24 01:35:01,798 [Listener at 127.0.0.1/37371] INFO  server.StorageContainerManager (StorageContainerManager.java:stop(1395)) - Stopping Container Balancer service.
2021-10-24 01:35:01,798 [Listener at 127.0.0.1/37371] INFO  balancer.ContainerBalancer (ContainerBalancer.java:stop(773)) - Container Balancer is not running.
2021-10-24 01:35:01,798 [Listener at 127.0.0.1/37371] INFO  server.StorageContainerManager (StorageContainerManager.java:stop(1402)) - Stopping Replication Manager Service.
2021-10-24 01:35:01,798 [Listener at 127.0.0.1/37371] INFO  container.ReplicationManager (ReplicationManager.java:stop(350)) - Stopping Replication Monitor Thread.
2021-10-24 01:35:01,798 [Listener at 127.0.0.1/37371] INFO  server.StorageContainerManager (StorageContainerManager.java:stop(1409)) - Stopping the Datanode Admin Monitor.
2021-10-24 01:35:01,799 [Listener at 127.0.0.1/37371] INFO  server.StorageContainerManager (StorageContainerManager.java:stop(1416)) - Stopping Lease Manager of the command watchers
2021-10-24 01:35:01,799 [Listener at 127.0.0.1/37371] INFO  server.StorageContainerManager (StorageContainerManager.java:stop(1423)) - Stopping datanode service RPC server
2021-10-24 01:35:01,799 [Listener at 127.0.0.1/37371] INFO  server.SCMDatanodeProtocolServer (SCMDatanodeProtocolServer.java:stop(389)) - Stopping the RPC server for DataNodes
2021-10-24 01:35:01,799 [Listener at 127.0.0.1/37371] INFO  ipc.Server (Server.java:stop(3414)) - Stopping server on 34027
2021-10-24 01:35:01,803 [IPC Server Responder] INFO  ipc.Server (Server.java:run(1512)) - Stopping IPC Server Responder
2021-10-24 01:35:01,808 [IPC Server listener on 0] INFO  ipc.Server (Server.java:run(1376)) - Stopping IPC Server listener on 0
2021-10-24 01:35:01,822 [SCM Heartbeat Processing Thread - 0] WARN  node.NodeStateManager (NodeStateManager.java:scheduleNextHealthCheck(799)) - Current Thread is interrupted, shutting down HB processing thread for Node Manager.
2021-10-24 01:35:01,823 [Listener at 127.0.0.1/37371] INFO  server.StorageContainerManager (StorageContainerManager.java:stop(1431)) - Stopping block service RPC server
2021-10-24 01:35:01,823 [Listener at 127.0.0.1/37371] INFO  server.SCMBlockProtocolServer (SCMBlockProtocolServer.java:stop(160)) - Stopping the RPC server for Block Protocol
2021-10-24 01:35:01,823 [Listener at 127.0.0.1/37371] INFO  ipc.Server (Server.java:stop(3414)) - Stopping server on 42169
2021-10-24 01:35:01,825 [IPC Server listener on 0] INFO  ipc.Server (Server.java:run(1376)) - Stopping IPC Server listener on 0
2021-10-24 01:35:01,828 [Listener at 127.0.0.1/37371] INFO  server.StorageContainerManager (StorageContainerManager.java:stop(1438)) - Stopping the StorageContainerLocationProtocol RPC server
2021-10-24 01:35:01,828 [Listener at 127.0.0.1/37371] INFO  server.SCMClientProtocolServer (SCMClientProtocolServer.java:stop(173)) - Stopping the RPC server for Client Protocol
2021-10-24 01:35:01,828 [Listener at 127.0.0.1/37371] INFO  ipc.Server (Server.java:stop(3414)) - Stopping server on 34665
2021-10-24 01:35:01,829 [IPC Server Responder] INFO  ipc.Server (Server.java:run(1512)) - Stopping IPC Server Responder
2021-10-24 01:35:01,837 [IPC Server Responder] INFO  ipc.Server (Server.java:run(1512)) - Stopping IPC Server Responder
2021-10-24 01:35:01,837 [Listener at 127.0.0.1/37371] INFO  server.StorageContainerManager (StorageContainerManager.java:stop(1445)) - Stopping Storage Container Manager HTTP server.
2021-10-24 01:35:01,837 [Listener at 127.0.0.1/37371] INFO  handler.ContextHandler (ContextHandler.java:doStop(1153)) - Stopped o.e.j.w.WebAppContext@146a755d{scm,/,null,STOPPED}{file:/home/runner/work/ozone/ozone/hadoop-ozone/integration-test/target/test-classes/webapps/scm}
2021-10-24 01:35:01,837 [IPC Server listener on 0] INFO  ipc.Server (Server.java:run(1376)) - Stopping IPC Server listener on 0
2021-10-24 01:35:01,852 [Listener at 127.0.0.1/37371] INFO  server.AbstractConnector (AbstractConnector.java:doStop(381)) - Stopped ServerConnector@3659d267{HTTP/1.1, (http/1.1)}{0.0.0.0:0}
2021-10-24 01:35:01,852 [Listener at 127.0.0.1/37371] INFO  server.session (HouseKeeper.java:stopScavenging(149)) - node0 Stopped scavenging
2021-10-24 01:35:01,853 [Listener at 127.0.0.1/37371] INFO  handler.ContextHandler (ContextHandler.java:doStop(1153)) - Stopped o.e.j.s.ServletContextHandler@7d0281f7{static,/static,file:///home/runner/work/ozone/ozone/hadoop-ozone/integration-test/target/test-classes/webapps/static,STOPPED}
2021-10-24 01:35:01,853 [Listener at 127.0.0.1/37371] INFO  handler.ContextHandler (ContextHandler.java:doStop(1153)) - Stopped o.e.j.s.ServletContextHandler@320626aa{logs,/logs,file:///home/runner/work/ozone/ozone/hadoop-ozone/integration-test/target/log,STOPPED}
2021-10-24 01:35:01,854 [Listener at 127.0.0.1/37371] INFO  server.StorageContainerManager (StorageContainerManager.java:stop(1456)) - Stopping Block Manager Service.
2021-10-24 01:35:01,854 [Listener at 127.0.0.1/37371] INFO  utils.BackgroundService (BackgroundService.java:shutdown(132)) - Shutting down service SCMBlockDeletingService
2021-10-24 01:35:01,855 [Listener at 127.0.0.1/37371] INFO  utils.BackgroundService (BackgroundService.java:shutdown(132)) - Shutting down service SCMBlockDeletingService
2021-10-24 01:35:01,855 [Listener at 127.0.0.1/37371] INFO  server.StorageContainerManager (StorageContainerManager.java:stop(1483)) - Stopping SCM Event Queue.
2021-10-24 01:35:01,860 [Listener at 127.0.0.1/37371] INFO  server.StorageContainerManager (StorageContainerManager.java:stop(1494)) - Stopping SCM HA services.
2021-10-24 01:35:01,860 [Listener at 127.0.0.1/37371] INFO  pipeline.BackgroundPipelineCreator (BackgroundPipelineCreator.java:stop(158)) - Stopping RatisPipelineUtilsThread.
2021-10-24 01:35:01,861 [Listener at 127.0.0.1/37371] INFO  server.StorageContainerManager (StorageContainerManager.java:stop(1504)) - Stopping SCM MetadataStore.
2021-10-24 01:35:01,861 [Listener at 127.0.0.1/37371] INFO  impl.MetricsSystemImpl (MetricsSystemImpl.java:stop(210)) - Stopping HddsDatanode metrics system...
2021-10-24 01:35:01,871 [prometheus] INFO  impl.MetricsSinkAdapter (MetricsSinkAdapter.java:publishMetricsFromQueue(141)) - prometheus thread interrupted.
2021-10-24 01:35:01,871 [Listener at 127.0.0.1/37371] INFO  impl.MetricsSystemImpl (MetricsSystemImpl.java:stop(216)) - HddsDatanode metrics system stopped.
2021-10-24 01:35:02,071 [EndpointStateMachine task thread for /0.0.0.0:34027 - 0 ] WARN  statemachine.EndpointStateMachine (EndpointStateMachine.java:logIfNeeded(236)) - Unable to communicate to SCM server at 0.0.0.0:34027 for past 0 seconds.
java.io.EOFException: End of File Exception between local host is: "fv-az12-887/10.1.0.11"; destination host is: "0.0.0.0":34027; : java.io.EOFException; For more details see:  http://wiki.apache.org/hadoop/EOFException
	at sun.reflect.NativeConstructorAccessorImpl.newInstance0(Native Method)
	at sun.reflect.NativeConstructorAccessorImpl.newInstance(NativeConstructorAccessorImpl.java:62)
	at sun.reflect.DelegatingConstructorAccessorImpl.newInstance(DelegatingConstructorAccessorImpl.java:45)
	at java.lang.reflect.Constructor.newInstance(Constructor.java:423)
	at org.apache.hadoop.net.NetUtils.wrapWithMessage(NetUtils.java:913)
	at org.apache.hadoop.net.NetUtils.wrapException(NetUtils.java:862)
	at org.apache.hadoop.ipc.Client.getRpcResponse(Client.java:1577)
	at org.apache.hadoop.ipc.Client.call(Client.java:1519)
	at org.apache.hadoop.ipc.Client.call(Client.java:1416)
	at org.apache.hadoop.ipc.ProtobufRpcEngine$Invoker.invoke(ProtobufRpcEngine.java:236)
	at org.apache.hadoop.ipc.ProtobufRpcEngine$Invoker.invoke(ProtobufRpcEngine.java:123)
	at com.sun.proxy.$Proxy49.submitRequest(Unknown Source)
	at org.apache.hadoop.ozone.protocolPB.StorageContainerDatanodeProtocolClientSideTranslatorPB.submitRequest(StorageContainerDatanodeProtocolClientSideTranslatorPB.java:117)
	at org.apache.hadoop.ozone.protocolPB.StorageContainerDatanodeProtocolClientSideTranslatorPB.sendHeartbeat(StorageContainerDatanodeProtocolClientSideTranslatorPB.java:149)
	at org.apache.hadoop.ozone.container.common.states.endpoint.HeartbeatEndpointTask.call(HeartbeatEndpointTask.java:179)
	at org.apache.hadoop.ozone.container.common.states.endpoint.HeartbeatEndpointTask.call(HeartbeatEndpointTask.java:82)
	at java.util.concurrent.FutureTask.run(FutureTask.java:266)
	at java.util.concurrent.ThreadPoolExecutor.runWorker(ThreadPoolExecutor.java:1149)
	at java.util.concurrent.ThreadPoolExecutor$Worker.run(ThreadPoolExecutor.java:624)
	at java.lang.Thread.run(Thread.java:748)
Caused by: java.io.EOFException
	at java.io.DataInputStream.readInt(DataInputStream.java:392)
	at org.apache.hadoop.ipc.Client$IpcStreams.readResponse(Client.java:1892)
	at org.apache.hadoop.ipc.Client$Connection.receiveRpcResponse(Client.java:1202)
	at org.apache.hadoop.ipc.Client$Connection.run(Client.java:1098)
2021-10-24 01:35:03,261 [EndpointStateMachine task thread for /0.0.0.0:34027 - 0 ] INFO  ipc.Client (Client.java:handleConnectionFailure(977)) - Retrying connect to server: 0.0.0.0/0.0.0.0:34027. Already tried 0 time(s); retry policy is RetryUpToMaximumCountWithFixedSleep(maxRetries=15, sleepTime=1000 MILLISECONDS)
2021-10-24 01:35:04,262 [EndpointStateMachine task thread for /0.0.0.0:34027 - 0 ] INFO  ipc.Client (Client.java:handleConnectionFailure(977)) - Retrying connect to server: 0.0.0.0/0.0.0.0:34027. Already tried 1 time(s); retry policy is RetryUpToMaximumCountWithFixedSleep(maxRetries=15, sleepTime=1000 MILLISECONDS)
2021-10-24 01:35:05,263 [EndpointStateMachine task thread for /0.0.0.0:34027 - 0 ] INFO  ipc.Client (Client.java:handleConnectionFailure(977)) - Retrying connect to server: 0.0.0.0/0.0.0.0:34027. Already tried 2 time(s); retry policy is RetryUpToMaximumCountWithFixedSleep(maxRetries=15, sleepTime=1000 MILLISECONDS)
2021-10-24 01:35:06,263 [EndpointStateMachine task thread for /0.0.0.0:34027 - 0 ] INFO  ipc.Client (Client.java:handleConnectionFailure(977)) - Retrying connect to server: 0.0.0.0/0.0.0.0:34027. Already tried 3 time(s); retry policy is RetryUpToMaximumCountWithFixedSleep(maxRetries=15, sleepTime=1000 MILLISECONDS)
2021-10-24 01:35:06,872 [Listener at 127.0.0.1/37371] INFO  ozoneimpl.OzoneContainer (OzoneContainer.java:stop(325)) - Attempting to stop container services.
2021-10-24 01:35:06,872 [Listener at 127.0.0.1/37371] INFO  server.RaftServer (RaftServerProxy.java:lambda$close$6(391)) - 82e1ff8b-aab7-4b8c-8207-e5ba7d0f8a1f: close
2021-10-24 01:35:06,880 [Listener at 127.0.0.1/37371] INFO  server.RaftServer$Division (RaftServerImpl.java:lambda$close$4(412)) - 82e1ff8b-aab7-4b8c-8207-e5ba7d0f8a1f@group-22EA485ADCA4: shutdown
2021-10-24 01:35:06,880 [ForkJoinPool.commonPool-worker-0] INFO  server.RaftServer$Division (RaftServerImpl.java:lambda$close$4(412)) - 82e1ff8b-aab7-4b8c-8207-e5ba7d0f8a1f@group-B597187EF31B: shutdown
2021-10-24 01:35:06,881 [Listener at 127.0.0.1/37371] INFO  util.JmxRegister (JmxRegister.java:unregister(73)) - Successfully un-registered JMX Bean with object name Ratis:service=RaftServer,group=group-22EA485ADCA4,id=82e1ff8b-aab7-4b8c-8207-e5ba7d0f8a1f
2021-10-24 01:35:06,881 [Listener at 127.0.0.1/37371] INFO  impl.RoleInfo (RoleInfo.java:shutdownLeaderState(91)) - 82e1ff8b-aab7-4b8c-8207-e5ba7d0f8a1f: shutdown 82e1ff8b-aab7-4b8c-8207-e5ba7d0f8a1f@group-22EA485ADCA4-LeaderStateImpl
2021-10-24 01:35:06,881 [Listener at 127.0.0.1/37371] INFO  impl.PendingRequests (PendingRequests.java:sendNotLeaderResponses(282)) - 82e1ff8b-aab7-4b8c-8207-e5ba7d0f8a1f@group-22EA485ADCA4-PendingRequests: sendNotLeaderResponses
2021-10-24 01:35:06,881 [Listener at 127.0.0.1/37371] INFO  impl.StateMachineUpdater (StateMachineUpdater.java:stopAndJoin(149)) - 82e1ff8b-aab7-4b8c-8207-e5ba7d0f8a1f@group-22EA485ADCA4-StateMachineUpdater: set stopIndex = 0
2021-10-24 01:35:06,882 [82e1ff8b-aab7-4b8c-8207-e5ba7d0f8a1f@group-22EA485ADCA4-StateMachineUpdater] INFO  ratis.ContainerStateMachine (ContainerStateMachine.java:takeSnapshot(292)) - group-22EA485ADCA4: Taking a snapshot at:(t:1, i:0) file /home/runner/work/ozone/ozone/hadoop-ozone/integration-test/target/test-dir/MiniOzoneClusterImpl-486ed80b-b12a-4e60-b5dc-4c94b273e9da/datanode-0/data/ratis/00905783-30fd-4950-bc9a-22ea485adca4/sm/snapshot.1_0
2021-10-24 01:35:06,884 [82e1ff8b-aab7-4b8c-8207-e5ba7d0f8a1f@group-22EA485ADCA4-StateMachineUpdater] INFO  ratis.ContainerStateMachine (ContainerStateMachine.java:takeSnapshot(303)) - group-22EA485ADCA4: Finished taking a snapshot at:(t:1, i:0) file:/home/runner/work/ozone/ozone/hadoop-ozone/integration-test/target/test-dir/MiniOzoneClusterImpl-486ed80b-b12a-4e60-b5dc-4c94b273e9da/datanode-0/data/ratis/00905783-30fd-4950-bc9a-22ea485adca4/sm/snapshot.1_0 took: 3 ms
2021-10-24 01:35:06,885 [82e1ff8b-aab7-4b8c-8207-e5ba7d0f8a1f@group-22EA485ADCA4-StateMachineUpdater] INFO  impl.StateMachineUpdater (StateMachineUpdater.java:takeSnapshot(281)) - 82e1ff8b-aab7-4b8c-8207-e5ba7d0f8a1f@group-22EA485ADCA4-StateMachineUpdater: Took a snapshot at index 0
2021-10-24 01:35:06,885 [82e1ff8b-aab7-4b8c-8207-e5ba7d0f8a1f@group-22EA485ADCA4-StateMachineUpdater] INFO  impl.StateMachineUpdater (StateMachineUpdater.java:lambda$new$0(89)) - 82e1ff8b-aab7-4b8c-8207-e5ba7d0f8a1f@group-22EA485ADCA4-StateMachineUpdater: snapshotIndex: updateIncreasingly -1 -> 0
2021-10-24 01:35:06,887 [Listener at 127.0.0.1/37371] INFO  server.RaftServer$Division (ServerState.java:close(419)) - 82e1ff8b-aab7-4b8c-8207-e5ba7d0f8a1f@group-22EA485ADCA4: closes. applyIndex: 0
2021-10-24 01:35:06,887 [82e1ff8b-aab7-4b8c-8207-e5ba7d0f8a1f@group-22EA485ADCA4-SegmentedRaftLogWorker] INFO  segmented.SegmentedRaftLogWorker (SegmentedRaftLogWorker.java:run(327)) - 82e1ff8b-aab7-4b8c-8207-e5ba7d0f8a1f@group-22EA485ADCA4-SegmentedRaftLogWorker was interrupted, exiting. There are 0 tasks remaining in the queue.
2021-10-24 01:35:06,889 [Listener at 127.0.0.1/37371] INFO  segmented.SegmentedRaftLogWorker (SegmentedRaftLogWorker.java:close(237)) - 82e1ff8b-aab7-4b8c-8207-e5ba7d0f8a1f@group-22EA485ADCA4-SegmentedRaftLogWorker close()
2021-10-24 01:35:06,891 [ForkJoinPool.commonPool-worker-0] INFO  util.JmxRegister (JmxRegister.java:unregister(73)) - Successfully un-registered JMX Bean with object name Ratis:service=RaftServer,group=group-B597187EF31B,id=82e1ff8b-aab7-4b8c-8207-e5ba7d0f8a1f
2021-10-24 01:35:06,891 [ForkJoinPool.commonPool-worker-0] INFO  impl.RoleInfo (RoleInfo.java:shutdownFollowerState(108)) - 82e1ff8b-aab7-4b8c-8207-e5ba7d0f8a1f: shutdown 82e1ff8b-aab7-4b8c-8207-e5ba7d0f8a1f@group-B597187EF31B-FollowerState
2021-10-24 01:35:06,891 [ForkJoinPool.commonPool-worker-0] INFO  impl.StateMachineUpdater (StateMachineUpdater.java:stopAndJoin(149)) - 82e1ff8b-aab7-4b8c-8207-e5ba7d0f8a1f@group-B597187EF31B-StateMachineUpdater: set stopIndex = 0
2021-10-24 01:35:06,891 [82e1ff8b-aab7-4b8c-8207-e5ba7d0f8a1f@group-B597187EF31B-FollowerState] INFO  impl.FollowerState (FollowerState.java:run(143)) - 82e1ff8b-aab7-4b8c-8207-e5ba7d0f8a1f@group-B597187EF31B-FollowerState was interrupted: {}
java.lang.InterruptedException: sleep interrupted
	at java.lang.Thread.sleep(Native Method)
	at java.lang.Thread.sleep(Thread.java:340)
	at java.util.concurrent.TimeUnit.sleep(TimeUnit.java:386)
	at org.apache.ratis.util.TimeDuration.sleep(TimeDuration.java:324)
	at org.apache.ratis.util.TimeDuration.sleep(TimeDuration.java:309)
	at org.apache.ratis.server.impl.FollowerState.run(FollowerState.java:118)
2021-10-24 01:35:06,891 [82e1ff8b-aab7-4b8c-8207-e5ba7d0f8a1f@group-B597187EF31B-StateMachineUpdater] INFO  ratis.ContainerStateMachine (ContainerStateMachine.java:takeSnapshot(292)) - group-B597187EF31B: Taking a snapshot at:(t:13, i:0) file /home/runner/work/ozone/ozone/hadoop-ozone/integration-test/target/test-dir/MiniOzoneClusterImpl-486ed80b-b12a-4e60-b5dc-4c94b273e9da/datanode-0/data/ratis/e5e26e4d-8c1c-4cb9-8045-b597187ef31b/sm/snapshot.13_0
2021-10-24 01:35:06,892 [82e1ff8b-aab7-4b8c-8207-e5ba7d0f8a1f@group-B597187EF31B-StateMachineUpdater] INFO  ratis.ContainerStateMachine (ContainerStateMachine.java:takeSnapshot(303)) - group-B597187EF31B: Finished taking a snapshot at:(t:13, i:0) file:/home/runner/work/ozone/ozone/hadoop-ozone/integration-test/target/test-dir/MiniOzoneClusterImpl-486ed80b-b12a-4e60-b5dc-4c94b273e9da/datanode-0/data/ratis/e5e26e4d-8c1c-4cb9-8045-b597187ef31b/sm/snapshot.13_0 took: 1 ms
2021-10-24 01:35:06,892 [82e1ff8b-aab7-4b8c-8207-e5ba7d0f8a1f@group-B597187EF31B-StateMachineUpdater] INFO  impl.StateMachineUpdater (StateMachineUpdater.java:takeSnapshot(281)) - 82e1ff8b-aab7-4b8c-8207-e5ba7d0f8a1f@group-B597187EF31B-StateMachineUpdater: Took a snapshot at index 0
2021-10-24 01:35:06,893 [82e1ff8b-aab7-4b8c-8207-e5ba7d0f8a1f@group-B597187EF31B-StateMachineUpdater] INFO  impl.StateMachineUpdater (StateMachineUpdater.java:lambda$new$0(89)) - 82e1ff8b-aab7-4b8c-8207-e5ba7d0f8a1f@group-B597187EF31B-StateMachineUpdater: snapshotIndex: updateIncreasingly -1 -> 0
2021-10-24 01:35:06,893 [ForkJoinPool.commonPool-worker-0] INFO  server.RaftServer$Division (ServerState.java:close(419)) - 82e1ff8b-aab7-4b8c-8207-e5ba7d0f8a1f@group-B597187EF31B: closes. applyIndex: 0
2021-10-24 01:35:06,893 [82e1ff8b-aab7-4b8c-8207-e5ba7d0f8a1f@group-B597187EF31B-SegmentedRaftLogWorker] INFO  segmented.SegmentedRaftLogWorker (SegmentedRaftLogWorker.java:run(327)) - 82e1ff8b-aab7-4b8c-8207-e5ba7d0f8a1f@group-B597187EF31B-SegmentedRaftLogWorker was interrupted, exiting. There are 0 tasks remaining in the queue.
2021-10-24 01:35:06,893 [ForkJoinPool.commonPool-worker-0] INFO  segmented.SegmentedRaftLogWorker (SegmentedRaftLogWorker.java:close(237)) - 82e1ff8b-aab7-4b8c-8207-e5ba7d0f8a1f@group-B597187EF31B-SegmentedRaftLogWorker close()
2021-10-24 01:35:06,894 [Listener at 127.0.0.1/37371] INFO  server.GrpcService (GrpcService.java:closeImpl(262)) - 82e1ff8b-aab7-4b8c-8207-e5ba7d0f8a1f: shutdown server with port 39599 now
2021-10-24 01:35:06,897 [grpc-default-executor-3] WARN  server.GrpcServerProtocolService (LogUtils.java:warn(122)) - 82e1ff8b-aab7-4b8c-8207-e5ba7d0f8a1f: installSnapshot onError, lastRequest: 0014d44f-57a6-4d7b-99a8-c9e31c05b4da->82e1ff8b-aab7-4b8c-8207-e5ba7d0f8a1f#1-t13,previous=(t:0, i:0),leaderCommit=-1,initializing? true,entries: size=1, first=(t:13, i:0), CONFIGURATIONENTRY: org.apache.ratis.thirdparty.io.grpc.StatusRuntimeException: CANCELLED: client cancelled
2021-10-24 01:35:06,925 [Listener at 127.0.0.1/37371] INFO  server.GrpcService (GrpcService.java:closeImpl(271)) - 82e1ff8b-aab7-4b8c-8207-e5ba7d0f8a1f: shutdown server with port 39599 successfully
2021-10-24 01:35:06,931 [grpc-default-executor-3] WARN  server.GrpcLogAppender (LogUtils.java:warn(122)) - 0014d44f-57a6-4d7b-99a8-c9e31c05b4da@group-B597187EF31B->82e1ff8b-aab7-4b8c-8207-e5ba7d0f8a1f-AppendLogResponseHandler: Failed appendEntries: org.apache.ratis.thirdparty.io.grpc.StatusRuntimeException: CANCELLED: HTTP/2 error code: CANCEL
Received Rst Stream
2021-10-24 01:35:06,931 [grpc-default-executor-3] WARN  server.GrpcLogAppender (GrpcLogAppender.java:resetClient(110)) - 0014d44f-57a6-4d7b-99a8-c9e31c05b4da@group-B597187EF31B->82e1ff8b-aab7-4b8c-8207-e5ba7d0f8a1f-GrpcLogAppender: Leader has not got in touch with Follower 0014d44f-57a6-4d7b-99a8-c9e31c05b4da@group-B597187EF31B->82e1ff8b-aab7-4b8c-8207-e5ba7d0f8a1f(c0,m0,n1, attendVote=true, lastRpcSendTime=552, lastRpcResponseTime=544) yet, just keep nextIndex unchanged and retry.
2021-10-24 01:35:06,932 [org.apache.ratis.util.JvmPauseMonitor$$Lambda$531/1642995058@3e5da830] INFO  util.JvmPauseMonitor (JvmPauseMonitor.java:run(109)) - JvmPauseMonitor-82e1ff8b-aab7-4b8c-8207-e5ba7d0f8a1f: Stopped
2021-10-24 01:35:06,933 [Listener at 127.0.0.1/37371] INFO  utils.BackgroundService (BackgroundService.java:shutdown(132)) - Shutting down service BlockDeletingService
2021-10-24 01:35:07,264 [EndpointStateMachine task thread for /0.0.0.0:34027 - 0 ] INFO  ipc.Client (Client.java:handleConnectionFailure(977)) - Retrying connect to server: 0.0.0.0/0.0.0.0:34027. Already tried 4 time(s); retry policy is RetryUpToMaximumCountWithFixedSleep(maxRetries=15, sleepTime=1000 MILLISECONDS)
2021-10-24 01:35:08,265 [EndpointStateMachine task thread for /0.0.0.0:34027 - 0 ] INFO  ipc.Client (Client.java:handleConnectionFailure(977)) - Retrying connect to server: 0.0.0.0/0.0.0.0:34027. Already tried 5 time(s); retry policy is RetryUpToMaximumCountWithFixedSleep(maxRetries=15, sleepTime=1000 MILLISECONDS)
2021-10-24 01:35:08,937 [grpc-default-executor-0] WARN  server.GrpcLogAppender (LogUtils.java:warn(122)) - 0014d44f-57a6-4d7b-99a8-c9e31c05b4da@group-B597187EF31B->82e1ff8b-aab7-4b8c-8207-e5ba7d0f8a1f-AppendLogResponseHandler: Failed appendEntries: org.apache.ratis.thirdparty.io.grpc.StatusRuntimeException: UNAVAILABLE: io exception
2021-10-24 01:35:08,937 [grpc-default-executor-0] WARN  server.GrpcLogAppender (GrpcLogAppender.java:resetClient(110)) - 0014d44f-57a6-4d7b-99a8-c9e31c05b4da@group-B597187EF31B->82e1ff8b-aab7-4b8c-8207-e5ba7d0f8a1f-GrpcLogAppender: Leader has not got in touch with Follower 0014d44f-57a6-4d7b-99a8-c9e31c05b4da@group-B597187EF31B->82e1ff8b-aab7-4b8c-8207-e5ba7d0f8a1f(c0,m0,n1, attendVote=true, lastRpcSendTime=19, lastRpcResponseTime=2550) yet, just keep nextIndex unchanged and retry.
2021-10-24 01:35:09,269 [EndpointStateMachine task thread for /0.0.0.0:34027 - 0 ] INFO  ipc.Client (Client.java:handleConnectionFailure(977)) - Retrying connect to server: 0.0.0.0/0.0.0.0:34027. Already tried 6 time(s); retry policy is RetryUpToMaximumCountWithFixedSleep(maxRetries=15, sleepTime=1000 MILLISECONDS)
2021-10-24 01:35:09,936 [Listener at 127.0.0.1/37371] INFO  statemachine.DatanodeStateMachine (DatanodeStateMachine.java:stopDaemon(526)) - Ozone container server stopped.
2021-10-24 01:35:09,937 [Listener at 127.0.0.1/37371] INFO  handler.ContextHandler (ContextHandler.java:doStop(1153)) - Stopped o.e.j.w.WebAppContext@55b78c81{hddsDatanode,/,null,STOPPED}{jar:file:/home/runner/.m2/repository/org/apache/ozone/hdds-container-service/1.2.0-SNAPSHOT/hdds-container-service-1.2.0-SNAPSHOT.jar!/webapps/hddsDatanode}
2021-10-24 01:35:09,939 [Listener at 127.0.0.1/37371] INFO  server.AbstractConnector (AbstractConnector.java:doStop(381)) - Stopped ServerConnector@75fc85ec{HTTP/1.1, (http/1.1)}{0.0.0.0:0}
2021-10-24 01:35:09,939 [Listener at 127.0.0.1/37371] INFO  server.session (HouseKeeper.java:stopScavenging(149)) - node0 Stopped scavenging
2021-10-24 01:35:09,939 [Listener at 127.0.0.1/37371] INFO  handler.ContextHandler (ContextHandler.java:doStop(1153)) - Stopped o.e.j.s.ServletContextHandler@6272f040{static,/static,jar:file:/home/runner/.m2/repository/org/apache/ozone/hdds-container-service/1.2.0-SNAPSHOT/hdds-container-service-1.2.0-SNAPSHOT.jar!/webapps/static,STOPPED}
2021-10-24 01:35:09,939 [Listener at 127.0.0.1/37371] INFO  handler.ContextHandler (ContextHandler.java:doStop(1153)) - Stopped o.e.j.s.ServletContextHandler@13474ed9{logs,/logs,file:///home/runner/work/ozone/ozone/hadoop-ozone/integration-test/target/log,STOPPED}
2021-10-24 01:35:09,950 [Listener at 127.0.0.1/37371] WARN  impl.MetricRegistriesImpl (MetricRegistriesImpl.java:addReporterRegistration(111)) - New reporters are added after registries were created. Some metrics will be missing from the reporter. Please add reporter before adding any new registry.
2021-10-24 01:35:09,973 [Listener at 127.0.0.1/37371] WARN  impl.MetricRegistriesImpl (MetricRegistriesImpl.java:addReporterRegistration(111)) - New reporters are added after registries were created. Some metrics will be missing from the reporter. Please add reporter before adding any new registry.
2021-10-24 01:35:09,975 [Listener at 127.0.0.1/37371] WARN  impl.MetricsConfig (MetricsConfig.java:loadFirst(136)) - Cannot locate configuration: tried hadoop-metrics2-hddsdatanode.properties,hadoop-metrics2.properties
2021-10-24 01:35:09,980 [Listener at 127.0.0.1/37371] INFO  impl.MetricsSystemImpl (MetricsSystemImpl.java:startTimer(378)) - Scheduled Metric snapshot period at 10 second(s).
2021-10-24 01:35:09,980 [Listener at 127.0.0.1/37371] INFO  impl.MetricsSystemImpl (MetricsSystemImpl.java:start(191)) - HddsDatanode metrics system started
2021-10-24 01:35:10,075 [Listener at 127.0.0.1/37371] INFO  impl.MetricsSinkAdapter (MetricsSinkAdapter.java:start(204)) - Sink prometheus started
2021-10-24 01:35:10,075 [Listener at 127.0.0.1/37371] INFO  impl.MetricsSystemImpl (MetricsSystemImpl.java:registerSink(305)) - Registered sink prometheus
2021-10-24 01:35:10,206 [Listener at 127.0.0.1/37371] INFO  ozone.HddsDatanodeService (HddsDatanodeService.java:start(234)) - HddsDatanodeService host:fv-az12-887.exdb2aeach2ezidoxz41lk3bwg.cx.internal.cloudapp.net ip:10.1.0.11
2021-10-24 01:35:10,259 [Listener at 127.0.0.1/37371] INFO  upgrade.AbstractLayoutVersionManager (AbstractLayoutVersionManager.java:init(79)) - Initializing Layout version manager with metadata layout = SCM_HA (version = 2), software layout = SCM_HA (version = 2)
2021-10-24 01:35:10,269 [EndpointStateMachine task thread for /0.0.0.0:34027 - 0 ] INFO  ipc.Client (Client.java:handleConnectionFailure(977)) - Retrying connect to server: 0.0.0.0/0.0.0.0:34027. Already tried 7 time(s); retry policy is RetryUpToMaximumCountWithFixedSleep(maxRetries=15, sleepTime=1000 MILLISECONDS)
2021-10-24 01:35:10,394 [Listener at 127.0.0.1/37371] INFO  reflections.Reflections (Reflections.java:scan(232)) - Reflections took 134 ms to scan 7 urls, producing 119 keys and 279 values 
2021-10-24 01:35:10,400 [Listener at 127.0.0.1/37371] INFO  statemachine.DatanodeStateMachine (DatanodeStateMachine.java:getEndPointTaskThreadPoolSize(219)) - Datanode State Machine Task Thread Pool size 2
2021-10-24 01:35:10,409 [Listener at 127.0.0.1/37371] INFO  volume.HddsVolume (HddsVolume.java:<init>(120)) - Creating HddsVolume: /home/runner/work/ozone/ozone/hadoop-ozone/integration-test/target/test-dir/MiniOzoneClusterImpl-486ed80b-b12a-4e60-b5dc-4c94b273e9da/datanode-0/data-0/containers/hdds of storage type : DISK capacity : 9223372036854775807
2021-10-24 01:35:10,410 [Listener at 127.0.0.1/37371] INFO  volume.MutableVolumeSet (MutableVolumeSet.java:initializeVolumeSet(168)) - Added Volume : /home/runner/work/ozone/ozone/hadoop-ozone/integration-test/target/test-dir/MiniOzoneClusterImpl-486ed80b-b12a-4e60-b5dc-4c94b273e9da/datanode-0/data-0/containers/hdds to VolumeSet
2021-10-24 01:35:10,410 [Listener at 127.0.0.1/37371] INFO  volume.ThrottledAsyncChecker (ThrottledAsyncChecker.java:schedule(141)) - Scheduling a check for /home/runner/work/ozone/ozone/hadoop-ozone/integration-test/target/test-dir/MiniOzoneClusterImpl-486ed80b-b12a-4e60-b5dc-4c94b273e9da/datanode-0/data-0/containers/hdds
2021-10-24 01:35:10,429 [Listener at 127.0.0.1/37371] INFO  volume.StorageVolumeChecker (StorageVolumeChecker.java:checkAllVolumes(202)) - Scheduled health check for volume /home/runner/work/ozone/ozone/hadoop-ozone/integration-test/target/test-dir/MiniOzoneClusterImpl-486ed80b-b12a-4e60-b5dc-4c94b273e9da/datanode-0/data-0/containers/hdds
2021-10-24 01:35:10,501 [Listener at 127.0.0.1/37371] INFO  volume.MutableVolumeSet (MutableVolumeSet.java:initializeVolumeSet(168)) - Added Volume : /home/runner/work/ozone/ozone/hadoop-ozone/integration-test/target/test-dir/MiniOzoneClusterImpl-486ed80b-b12a-4e60-b5dc-4c94b273e9da/datanode-0/data/ratis to VolumeSet
2021-10-24 01:35:10,504 [Listener at 127.0.0.1/37371] INFO  volume.ThrottledAsyncChecker (ThrottledAsyncChecker.java:schedule(141)) - Scheduling a check for /home/runner/work/ozone/ozone/hadoop-ozone/integration-test/target/test-dir/MiniOzoneClusterImpl-486ed80b-b12a-4e60-b5dc-4c94b273e9da/datanode-0/data/ratis
2021-10-24 01:35:10,505 [Listener at 127.0.0.1/37371] INFO  volume.StorageVolumeChecker (StorageVolumeChecker.java:checkAllVolumes(202)) - Scheduled health check for volume /home/runner/work/ozone/ozone/hadoop-ozone/integration-test/target/test-dir/MiniOzoneClusterImpl-486ed80b-b12a-4e60-b5dc-4c94b273e9da/datanode-0/data/ratis
2021-10-24 01:35:10,588 [Thread-714] INFO  ozoneimpl.ContainerReader (ContainerReader.java:readVolume(142)) - Start to verify containers on volume /home/runner/work/ozone/ozone/hadoop-ozone/integration-test/target/test-dir/MiniOzoneClusterImpl-486ed80b-b12a-4e60-b5dc-4c94b273e9da/datanode-0/data-0/containers/hdds
2021-10-24 01:35:10,589 [Thread-714] INFO  ozoneimpl.ContainerReader (ContainerReader.java:readVolume(172)) - Finish verifying containers on volume /home/runner/work/ozone/ozone/hadoop-ozone/integration-test/target/test-dir/MiniOzoneClusterImpl-486ed80b-b12a-4e60-b5dc-4c94b273e9da/datanode-0/data-0/containers/hdds
2021-10-24 01:35:10,589 [Listener at 127.0.0.1/37371] INFO  ozoneimpl.OzoneContainer (OzoneContainer.java:buildContainerSet(236)) - Build ContainerSet costs 0s
2021-10-24 01:35:10,591 [Listener at 127.0.0.1/37371] INFO  server.RaftServer (ConfUtils.java:logGet(44)) - raft.rpc.type = GRPC (default)
2021-10-24 01:35:10,591 [Listener at 127.0.0.1/37371] INFO  grpc.GrpcFactory (GrpcFactory.java:checkPooledByteBufAllocatorUseCacheForAllThreads(48)) - PERFORMANCE WARNING: useCacheForAllThreads is true that may cause Netty to create a lot garbage objects and, as a result, trigger GC.
	It is recommended to disable useCacheForAllThreads by setting -Dorg.apache.ratis.thirdparty.io.netty.allocator.useCacheForAllThreads=false in command line.
2021-10-24 01:35:10,591 [Listener at 127.0.0.1/37371] INFO  grpc.GrpcConfigKeys (ConfUtils.java:logGet(44)) - raft.grpc.admin.port = 39599 (custom)
2021-10-24 01:35:10,591 [Listener at 127.0.0.1/37371] INFO  grpc.GrpcConfigKeys (ConfUtils.java:logGet(44)) - raft.grpc.client.port = 39599 (custom)
2021-10-24 01:35:10,591 [Listener at 127.0.0.1/37371] INFO  grpc.GrpcConfigKeys (ConfUtils.java:logGet(44)) - raft.grpc.server.port = 39599 (custom)
2021-10-24 01:35:10,591 [Listener at 127.0.0.1/37371] INFO  server.GrpcService (ConfUtils.java:logGet(44)) - raft.grpc.message.size.max = 32MB (=33554432) (custom)
2021-10-24 01:35:10,591 [Listener at 127.0.0.1/37371] INFO  server.RaftServerConfigKeys (ConfUtils.java:logGet(44)) - raft.server.log.appender.buffer.byte-limit = 33554432 (custom)
2021-10-24 01:35:10,592 [Listener at 127.0.0.1/37371] INFO  server.GrpcService (ConfUtils.java:logGet(44)) - raft.grpc.flow.control.window = 5MB (=5242880) (custom)
2021-10-24 01:35:10,592 [Listener at 127.0.0.1/37371] INFO  server.RaftServerConfigKeys (ConfUtils.java:logGet(44)) - raft.server.rpc.request.timeout = 60s (custom)
2021-10-24 01:35:10,593 [Listener at 127.0.0.1/37371] INFO  impl.DataStreamServerImpl (ConfUtils.java:logGet(44)) - raft.datastream.type = DISABLED (default)
2021-10-24 01:35:10,593 [Listener at 127.0.0.1/37371] INFO  server.RaftServerConfigKeys (ConfUtils.java:logGet(44)) - raft.server.rpc.slowness.timeout = 300s (custom)
2021-10-24 01:35:10,604 [Listener at 127.0.0.1/37371] INFO  server.RaftServerConfigKeys (ConfUtils.java:logGet(44)) - raft.server.leaderelection.leader.step-down.wait-time = 10s (default)
2021-10-24 01:35:10,604 [Listener at 127.0.0.1/37371] INFO  server.RaftServerConfigKeys (ConfUtils.java:logGet(44)) - raft.server.storage.dir = [/home/runner/work/ozone/ozone/hadoop-ozone/integration-test/target/test-dir/MiniOzoneClusterImpl-486ed80b-b12a-4e60-b5dc-4c94b273e9da/datanode-0/data/ratis] (custom)
2021-10-24 01:35:10,605 [Listener at 127.0.0.1/37371] INFO  server.RaftServer (RaftServerProxy.java:lambda$null$1(235)) - 82e1ff8b-aab7-4b8c-8207-e5ba7d0f8a1f: found a subdirectory /home/runner/work/ozone/ozone/hadoop-ozone/integration-test/target/test-dir/MiniOzoneClusterImpl-486ed80b-b12a-4e60-b5dc-4c94b273e9da/datanode-0/data/ratis/00905783-30fd-4950-bc9a-22ea485adca4
2021-10-24 01:35:10,616 [Listener at 127.0.0.1/37371] INFO  server.RaftServer (RaftServerProxy.java:addNew(95)) - 82e1ff8b-aab7-4b8c-8207-e5ba7d0f8a1f: addNew group-22EA485ADCA4:[] returns group-22EA485ADCA4:java.util.concurrent.CompletableFuture@735fb93d[Not completed]
2021-10-24 01:35:10,616 [Listener at 127.0.0.1/37371] INFO  server.RaftServer (RaftServerProxy.java:lambda$null$1(235)) - 82e1ff8b-aab7-4b8c-8207-e5ba7d0f8a1f: found a subdirectory /home/runner/work/ozone/ozone/hadoop-ozone/integration-test/target/test-dir/MiniOzoneClusterImpl-486ed80b-b12a-4e60-b5dc-4c94b273e9da/datanode-0/data/ratis/e5e26e4d-8c1c-4cb9-8045-b597187ef31b
2021-10-24 01:35:10,617 [Listener at 127.0.0.1/37371] INFO  server.RaftServer (RaftServerProxy.java:addNew(95)) - 82e1ff8b-aab7-4b8c-8207-e5ba7d0f8a1f: addNew group-B597187EF31B:[] returns group-B597187EF31B:java.util.concurrent.CompletableFuture@37dd521c[Not completed]
2021-10-24 01:35:10,619 [pool-289-thread-1] INFO  server.RaftServer$Division (RaftServerImpl.java:<init>(184)) - 82e1ff8b-aab7-4b8c-8207-e5ba7d0f8a1f: new RaftServerImpl for group-22EA485ADCA4:[] with ContainerStateMachine:uninitialized
2021-10-24 01:35:10,632 [pool-289-thread-1] INFO  server.RaftServerConfigKeys (ConfUtils.java:logGet(44)) - raft.server.rpc.timeout.min = 5s (custom)
2021-10-24 01:35:10,632 [pool-289-thread-1] INFO  server.RaftServerConfigKeys (ConfUtils.java:logGet(44)) - raft.server.rpc.timeout.max = 5200ms (custom)
2021-10-24 01:35:10,632 [pool-289-thread-1] INFO  server.RaftServerConfigKeys (ConfUtils.java:logGet(44)) - raft.server.rpc.sleep.time = 25ms (default)
2021-10-24 01:35:10,633 [pool-289-thread-1] INFO  server.RaftServerConfigKeys (ConfUtils.java:logGet(44)) - raft.server.rpc.slowness.timeout = 300s (custom)
2021-10-24 01:35:10,633 [pool-289-thread-1] INFO  server.RaftServerConfigKeys (ConfUtils.java:logGet(44)) - raft.server.leaderelection.leader.step-down.wait-time = 10s (default)
2021-10-24 01:35:10,633 [pool-289-thread-1] INFO  server.RaftServerConfigKeys (ConfUtils.java:logGet(44)) - raft.server.sleep.deviation.threshold = 300ms (default)
2021-10-24 01:35:10,633 [pool-289-thread-1] INFO  server.RaftServerConfigKeys (ConfUtils.java:logGet(44)) - raft.server.log.appender.install.snapshot.enabled = false (custom)
2021-10-24 01:35:10,633 [pool-289-thread-1] INFO  server.RaftServer$Division (ServerState.java:<init>(105)) - 82e1ff8b-aab7-4b8c-8207-e5ba7d0f8a1f@group-22EA485ADCA4: ConfigurationManager, init=-1: [], old=null, confs=<EMPTY_MAP>
2021-10-24 01:35:10,633 [pool-289-thread-1] INFO  server.RaftServerConfigKeys (ConfUtils.java:logGet(44)) - raft.server.storage.dir = [/home/runner/work/ozone/ozone/hadoop-ozone/integration-test/target/test-dir/MiniOzoneClusterImpl-486ed80b-b12a-4e60-b5dc-4c94b273e9da/datanode-0/data/ratis] (custom)
2021-10-24 01:35:10,633 [pool-289-thread-1] INFO  server.RaftServerConfigKeys (ConfUtils.java:logGet(44)) - raft.server.log.corruption.policy = EXCEPTION (default)
2021-10-24 01:35:10,633 [pool-289-thread-1] INFO  server.RaftServerConfigKeys (ConfUtils.java:logGet(44)) - raft.server.storage.free-space.min = 0MB (=0) (default)
2021-10-24 01:35:10,634 [pool-289-thread-1] INFO  storage.RaftStorageDirectory (RaftStorageDirectoryImpl.java:tryLock(230)) - Lock on /home/runner/work/ozone/ozone/hadoop-ozone/integration-test/target/test-dir/MiniOzoneClusterImpl-486ed80b-b12a-4e60-b5dc-4c94b273e9da/datanode-0/data/ratis/00905783-30fd-4950-bc9a-22ea485adca4/in_use.lock acquired by nodename 19540@fv-az12-887
2021-10-24 01:35:10,635 [pool-289-thread-1] INFO  storage.RaftStorage (RaftStorageImpl.java:analyzeAndRecoverStorage(110)) - Read RaftStorageMetadata{term=1, votedFor=82e1ff8b-aab7-4b8c-8207-e5ba7d0f8a1f} from /home/runner/work/ozone/ozone/hadoop-ozone/integration-test/target/test-dir/MiniOzoneClusterImpl-486ed80b-b12a-4e60-b5dc-4c94b273e9da/datanode-0/data/ratis/00905783-30fd-4950-bc9a-22ea485adca4/current/raft-meta
2021-10-24 01:35:10,654 [Listener at 127.0.0.1/37371] INFO  http.BaseHttpServer (BaseHttpServer.java:newHttpServer2BuilderForOzone(209)) - Starting Web-server for hddsDatanode at: http://0.0.0.0:43373
2021-10-24 01:35:10,655 [Listener at 127.0.0.1/37371] INFO  http.BaseHttpServer (BaseHttpServer.java:<init>(107)) - Hadoop Security Enabled: false Ozone Security Enabled: false Ozone HTTP Security Enabled: false 
2021-10-24 01:35:10,656 [Listener at 127.0.0.1/37371] INFO  server.AuthenticationFilter (AuthenticationFilter.java:constructSecretProvider(240)) - Unable to initialize FileSignerSecretProvider, falling back to use random secrets.
2021-10-24 01:35:10,670 [pool-289-thread-1] INFO  ratis.ContainerStateMachine (ContainerStateMachine.java:loadSnapshot(233)) - group-22EA485ADCA4: Setting the last applied index to (t:1, i:0)
2021-10-24 01:35:10,672 [Listener at 127.0.0.1/37371] WARN  http.HttpRequestLog (HttpRequestLog.java:getRequestLog(103)) - Jetty request log can only be enabled using Log4j
2021-10-24 01:35:10,673 [Listener at 127.0.0.1/37371] INFO  http.HttpServer2 (HttpServer2.java:addGlobalFilter(1030)) - Added global filter 'safety' (class=org.apache.hadoop.hdds.server.http.HttpServer2$QuotingInputFilter)
2021-10-24 01:35:10,675 [Listener at 127.0.0.1/37371] INFO  http.HttpServer2 (HttpServer2.java:addFilter(1006)) - Added filter static_user_filter (class=org.apache.hadoop.http.lib.StaticUserWebFilter$StaticUserFilter) to context hddsDatanode
2021-10-24 01:35:10,675 [Listener at 127.0.0.1/37371] INFO  http.HttpServer2 (HttpServer2.java:addFilter(1014)) - Added filter static_user_filter (class=org.apache.hadoop.http.lib.StaticUserWebFilter$StaticUserFilter) to context static
2021-10-24 01:35:10,675 [Listener at 127.0.0.1/37371] INFO  http.HttpServer2 (HttpServer2.java:addFilter(1014)) - Added filter static_user_filter (class=org.apache.hadoop.http.lib.StaticUserWebFilter$StaticUserFilter) to context logs
2021-10-24 01:35:10,674 [pool-289-thread-1] INFO  server.RaftServer$Division (ServerState.java:setRaftConf(387)) - 82e1ff8b-aab7-4b8c-8207-e5ba7d0f8a1f@group-22EA485ADCA4: set configuration 0: [82e1ff8b-aab7-4b8c-8207-e5ba7d0f8a1f|rpc:10.1.0.11:39599|dataStream:|priority:1], old=null
2021-10-24 01:35:10,676 [pool-289-thread-1] INFO  server.RaftServerConfigKeys (ConfUtils.java:logGet(44)) - raft.server.notification.no-leader.timeout = 300s (custom)
2021-10-24 01:35:10,676 [pool-289-thread-1] INFO  server.RaftServerConfigKeys (ConfUtils.java:logGet(44)) - raft.server.log.use.memory = false (default)
2021-10-24 01:35:10,676 [pool-289-thread-1] INFO  server.RaftServerConfigKeys (ConfUtils.java:logGet(44)) - raft.server.log.purge.gap = 1000000 (custom)
2021-10-24 01:35:10,676 [pool-289-thread-1] INFO  server.RaftServerConfigKeys (ConfUtils.java:logGet(44)) - raft.server.log.appender.buffer.byte-limit = 33554432 (custom)
2021-10-24 01:35:10,676 [pool-289-thread-1] INFO  server.RaftServerConfigKeys (ConfUtils.java:logGet(44)) - raft.server.log.segment.size.max = 1048576 (custom)
2021-10-24 01:35:10,677 [pool-289-thread-1] INFO  server.RaftServerConfigKeys (ConfUtils.java:logGet(44)) - raft.server.log.segment.cache.num.max = 2 (custom)
2021-10-24 01:35:10,677 [pool-289-thread-1] INFO  server.RaftServerConfigKeys (ConfUtils.java:logGet(44)) - raft.server.log.segment.cache.size.max = 200MB (=209715200) (default)
2021-10-24 01:35:10,677 [pool-289-thread-1] INFO  segmented.SegmentedRaftLogWorker (SegmentedRaftLogWorker.java:<init>(182)) - new 82e1ff8b-aab7-4b8c-8207-e5ba7d0f8a1f@group-22EA485ADCA4-SegmentedRaftLogWorker for RaftStorageImpl:Storage Directory /home/runner/work/ozone/ozone/hadoop-ozone/integration-test/target/test-dir/MiniOzoneClusterImpl-486ed80b-b12a-4e60-b5dc-4c94b273e9da/datanode-0/data/ratis/00905783-30fd-4950-bc9a-22ea485adca4
2021-10-24 01:35:10,677 [pool-289-thread-1] INFO  server.RaftServerConfigKeys (ConfUtils.java:logGet(44)) - raft.server.log.queue.byte-limit = 2147483647 (custom)
2021-10-24 01:35:10,677 [pool-289-thread-1] INFO  server.RaftServerConfigKeys (ConfUtils.java:logGet(44)) - raft.server.log.queue.element-limit = 1024 (custom)
2021-10-24 01:35:10,677 [pool-289-thread-1] INFO  server.RaftServerConfigKeys (ConfUtils.java:logGet(44)) - raft.server.log.segment.size.max = 1048576 (custom)
2021-10-24 01:35:10,677 [pool-289-thread-1] INFO  server.RaftServerConfigKeys (ConfUtils.java:logGet(44)) - raft.server.log.preallocated.size = 16384 (custom)
2021-10-24 01:35:10,677 [pool-289-thread-1] INFO  server.RaftServerConfigKeys (ConfUtils.java:logGet(44)) - raft.server.log.force.sync.num = 128 (default)
2021-10-24 01:35:10,677 [pool-289-thread-1] INFO  server.RaftServerConfigKeys (ConfUtils.java:logGet(44)) - raft.server.log.statemachine.data.sync = true (default)
2021-10-24 01:35:10,677 [pool-289-thread-1] INFO  server.RaftServerConfigKeys (ConfUtils.java:logGet(44)) - raft.server.log.statemachine.data.sync.timeout = 10s (default)
2021-10-24 01:35:10,677 [pool-289-thread-1] INFO  server.RaftServerConfigKeys (ConfUtils.java:logGet(44)) - raft.server.log.statemachine.data.sync.timeout.retry = -1 (default)
2021-10-24 01:35:10,676 [Listener at 127.0.0.1/37371] INFO  http.HttpServer2 (HttpServer2.java:bindListener(1249)) - Jetty bound to port 43373
2021-10-24 01:35:10,678 [Listener at 127.0.0.1/37371] INFO  server.Server (Server.java:doStart(375)) - jetty-9.4.43.v20210629; built: 2021-06-30T11:07:22.254Z; git: 526006ecfa3af7f1a27ef3a288e2bef7ea9dd7e8; jvm 1.8.0_292-b10
2021-10-24 01:35:10,679 [pool-289-thread-1] INFO  server.RaftServerConfigKeys (ConfUtils.java:logGet(44)) - raft.server.log.write.buffer.size = 1048576 (custom)
2021-10-24 01:35:10,680 [pool-289-thread-1] INFO  server.RaftServerConfigKeys (ConfUtils.java:logGet(44)) - raft.server.log.statemachine.data.caching.enabled = true (custom)
2021-10-24 01:35:10,687 [pool-289-thread-1] INFO  server.RaftServer$Division (ServerState.java:setRaftConf(387)) - 82e1ff8b-aab7-4b8c-8207-e5ba7d0f8a1f@group-22EA485ADCA4: set configuration 0: [82e1ff8b-aab7-4b8c-8207-e5ba7d0f8a1f|rpc:10.1.0.11:39599|dataStream:|priority:1], old=null
2021-10-24 01:35:10,705 [pool-289-thread-1] INFO  segmented.LogSegment (LogSegment.java:loadSegment(173)) - Successfully read 1 entries from segment file /home/runner/work/ozone/ozone/hadoop-ozone/integration-test/target/test-dir/MiniOzoneClusterImpl-486ed80b-b12a-4e60-b5dc-4c94b273e9da/datanode-0/data/ratis/00905783-30fd-4950-bc9a-22ea485adca4/current/log_inprogress_0
2021-10-24 01:35:10,705 [pool-289-thread-1] INFO  segmented.SegmentedRaftLogWorker (SegmentedRaftLogWorker.java:lambda$new$0(133)) - 82e1ff8b-aab7-4b8c-8207-e5ba7d0f8a1f@group-22EA485ADCA4-SegmentedRaftLogWorker: flushIndex: setUnconditionally 0 -> 0
2021-10-24 01:35:10,705 [pool-289-thread-1] INFO  segmented.SegmentedRaftLogWorker (SegmentedRaftLogWorker.java:lambda$new$0(133)) - 82e1ff8b-aab7-4b8c-8207-e5ba7d0f8a1f@group-22EA485ADCA4-SegmentedRaftLogWorker: safeCacheEvictIndex: setUnconditionally 0 -> -1
2021-10-24 01:35:10,724 [pool-289-thread-1] INFO  server.RaftServerConfigKeys (ConfUtils.java:logGet(44)) - raft.server.snapshot.auto.trigger.enabled = true (custom)
2021-10-24 01:35:10,725 [pool-289-thread-1] INFO  server.RaftServerConfigKeys (ConfUtils.java:logGet(44)) - raft.server.snapshot.auto.trigger.threshold = 10000 (custom)
2021-10-24 01:35:10,725 [pool-289-thread-1] INFO  server.RaftServerConfigKeys (ConfUtils.java:logGet(44)) - raft.server.snapshot.retention.file.num = 5 (custom)
2021-10-24 01:35:10,725 [pool-289-thread-1] INFO  server.RaftServerConfigKeys (ConfUtils.java:logGet(44)) - raft.server.log.purge.upto.snapshot.index = false (default)
2021-10-24 01:35:10,725 [pool-289-thread-1] INFO  server.RaftServerConfigKeys (ConfUtils.java:logGet(44)) - raft.server.retrycache.expirytime = 600000ms (custom)
2021-10-24 01:35:10,725 [pool-289-thread-1] INFO  server.RaftServerConfigKeys (ConfUtils.java:logGet(44)) - raft.server.retrycache.statistics.expirytime = 100μs (default)
2021-10-24 01:35:10,726 [pool-289-thread-1] INFO  server.RaftServer$Division (RaftServerImpl.java:<init>(184)) - 82e1ff8b-aab7-4b8c-8207-e5ba7d0f8a1f: new RaftServerImpl for group-B597187EF31B:[] with ContainerStateMachine:uninitialized
2021-10-24 01:35:10,727 [pool-289-thread-1] INFO  server.RaftServerConfigKeys (ConfUtils.java:logGet(44)) - raft.server.rpc.timeout.min = 5s (custom)
2021-10-24 01:35:10,727 [pool-289-thread-1] INFO  server.RaftServerConfigKeys (ConfUtils.java:logGet(44)) - raft.server.rpc.timeout.max = 5200ms (custom)
2021-10-24 01:35:10,727 [pool-289-thread-1] INFO  server.RaftServerConfigKeys (ConfUtils.java:logGet(44)) - raft.server.rpc.sleep.time = 25ms (default)
2021-10-24 01:35:10,727 [pool-289-thread-1] INFO  server.RaftServerConfigKeys (ConfUtils.java:logGet(44)) - raft.server.rpc.slowness.timeout = 300s (custom)
2021-10-24 01:35:10,727 [pool-289-thread-1] INFO  server.RaftServerConfigKeys (ConfUtils.java:logGet(44)) - raft.server.leaderelection.leader.step-down.wait-time = 10s (default)
2021-10-24 01:35:10,727 [pool-289-thread-1] INFO  server.RaftServerConfigKeys (ConfUtils.java:logGet(44)) - raft.server.sleep.deviation.threshold = 300ms (default)
2021-10-24 01:35:10,727 [pool-289-thread-1] INFO  server.RaftServerConfigKeys (ConfUtils.java:logGet(44)) - raft.server.log.appender.install.snapshot.enabled = false (custom)
2021-10-24 01:35:10,727 [pool-289-thread-1] INFO  server.RaftServer$Division (ServerState.java:<init>(105)) - 82e1ff8b-aab7-4b8c-8207-e5ba7d0f8a1f@group-B597187EF31B: ConfigurationManager, init=-1: [], old=null, confs=<EMPTY_MAP>
2021-10-24 01:35:10,727 [pool-289-thread-1] INFO  server.RaftServerConfigKeys (ConfUtils.java:logGet(44)) - raft.server.storage.dir = [/home/runner/work/ozone/ozone/hadoop-ozone/integration-test/target/test-dir/MiniOzoneClusterImpl-486ed80b-b12a-4e60-b5dc-4c94b273e9da/datanode-0/data/ratis] (custom)
2021-10-24 01:35:10,727 [pool-289-thread-1] INFO  server.RaftServerConfigKeys (ConfUtils.java:logGet(44)) - raft.server.log.corruption.policy = EXCEPTION (default)
2021-10-24 01:35:10,727 [pool-289-thread-1] INFO  server.RaftServerConfigKeys (ConfUtils.java:logGet(44)) - raft.server.storage.free-space.min = 0MB (=0) (default)
2021-10-24 01:35:10,736 [pool-289-thread-1] INFO  storage.RaftStorageDirectory (RaftStorageDirectoryImpl.java:tryLock(230)) - Lock on /home/runner/work/ozone/ozone/hadoop-ozone/integration-test/target/test-dir/MiniOzoneClusterImpl-486ed80b-b12a-4e60-b5dc-4c94b273e9da/datanode-0/data/ratis/e5e26e4d-8c1c-4cb9-8045-b597187ef31b/in_use.lock acquired by nodename 19540@fv-az12-887
2021-10-24 01:35:10,737 [pool-289-thread-1] INFO  storage.RaftStorage (RaftStorageImpl.java:analyzeAndRecoverStorage(110)) - Read RaftStorageMetadata{term=13, votedFor=0014d44f-57a6-4d7b-99a8-c9e31c05b4da} from /home/runner/work/ozone/ozone/hadoop-ozone/integration-test/target/test-dir/MiniOzoneClusterImpl-486ed80b-b12a-4e60-b5dc-4c94b273e9da/datanode-0/data/ratis/e5e26e4d-8c1c-4cb9-8045-b597187ef31b/current/raft-meta
2021-10-24 01:35:10,737 [pool-289-thread-1] INFO  ratis.ContainerStateMachine (ContainerStateMachine.java:loadSnapshot(233)) - group-B597187EF31B: Setting the last applied index to (t:13, i:0)
2021-10-24 01:35:10,737 [pool-289-thread-1] INFO  server.RaftServer$Division (ServerState.java:setRaftConf(387)) - 82e1ff8b-aab7-4b8c-8207-e5ba7d0f8a1f@group-B597187EF31B: set configuration 0: [82e1ff8b-aab7-4b8c-8207-e5ba7d0f8a1f|rpc:10.1.0.11:39599|dataStream:|priority:0, a92b67d1-e676-4bfd-b773-60efead6e052|rpc:10.1.0.11:32963|dataStream:|priority:0, 0014d44f-57a6-4d7b-99a8-c9e31c05b4da|rpc:10.1.0.11:43619|dataStream:|priority:1], old=null
2021-10-24 01:35:10,740 [pool-289-thread-1] INFO  server.RaftServerConfigKeys (ConfUtils.java:logGet(44)) - raft.server.notification.no-leader.timeout = 300s (custom)
2021-10-24 01:35:10,740 [pool-289-thread-1] INFO  server.RaftServerConfigKeys (ConfUtils.java:logGet(44)) - raft.server.log.use.memory = false (default)
2021-10-24 01:35:10,740 [pool-289-thread-1] INFO  server.RaftServerConfigKeys (ConfUtils.java:logGet(44)) - raft.server.log.purge.gap = 1000000 (custom)
2021-10-24 01:35:10,741 [pool-289-thread-1] INFO  server.RaftServerConfigKeys (ConfUtils.java:logGet(44)) - raft.server.log.appender.buffer.byte-limit = 33554432 (custom)
2021-10-24 01:35:10,741 [pool-289-thread-1] INFO  server.RaftServerConfigKeys (ConfUtils.java:logGet(44)) - raft.server.log.segment.size.max = 1048576 (custom)
2021-10-24 01:35:10,741 [pool-289-thread-1] INFO  server.RaftServerConfigKeys (ConfUtils.java:logGet(44)) - raft.server.log.segment.cache.num.max = 2 (custom)
2021-10-24 01:35:10,741 [pool-289-thread-1] INFO  server.RaftServerConfigKeys (ConfUtils.java:logGet(44)) - raft.server.log.segment.cache.size.max = 200MB (=209715200) (default)
2021-10-24 01:35:10,741 [pool-289-thread-1] INFO  segmented.SegmentedRaftLogWorker (SegmentedRaftLogWorker.java:<init>(182)) - new 82e1ff8b-aab7-4b8c-8207-e5ba7d0f8a1f@group-B597187EF31B-SegmentedRaftLogWorker for RaftStorageImpl:Storage Directory /home/runner/work/ozone/ozone/hadoop-ozone/integration-test/target/test-dir/MiniOzoneClusterImpl-486ed80b-b12a-4e60-b5dc-4c94b273e9da/datanode-0/data/ratis/e5e26e4d-8c1c-4cb9-8045-b597187ef31b
2021-10-24 01:35:10,741 [pool-289-thread-1] INFO  server.RaftServerConfigKeys (ConfUtils.java:logGet(44)) - raft.server.log.queue.byte-limit = 2147483647 (custom)
2021-10-24 01:35:10,741 [pool-289-thread-1] INFO  server.RaftServerConfigKeys (ConfUtils.java:logGet(44)) - raft.server.log.queue.element-limit = 1024 (custom)
2021-10-24 01:35:10,741 [pool-289-thread-1] INFO  server.RaftServerConfigKeys (ConfUtils.java:logGet(44)) - raft.server.log.segment.size.max = 1048576 (custom)
2021-10-24 01:35:10,742 [pool-289-thread-1] INFO  server.RaftServerConfigKeys (ConfUtils.java:logGet(44)) - raft.server.log.preallocated.size = 16384 (custom)
2021-10-24 01:35:10,742 [pool-289-thread-1] INFO  server.RaftServerConfigKeys (ConfUtils.java:logGet(44)) - raft.server.log.force.sync.num = 128 (default)
2021-10-24 01:35:10,742 [pool-289-thread-1] INFO  server.RaftServerConfigKeys (ConfUtils.java:logGet(44)) - raft.server.log.statemachine.data.sync = true (default)
2021-10-24 01:35:10,742 [pool-289-thread-1] INFO  server.RaftServerConfigKeys (ConfUtils.java:logGet(44)) - raft.server.log.statemachine.data.sync.timeout = 10s (default)
2021-10-24 01:35:10,742 [pool-289-thread-1] INFO  server.RaftServerConfigKeys (ConfUtils.java:logGet(44)) - raft.server.log.statemachine.data.sync.timeout.retry = -1 (default)
2021-10-24 01:35:10,750 [Listener at 127.0.0.1/37371] INFO  server.session (DefaultSessionIdManager.java:doStart(334)) - DefaultSessionIdManager workerName=node0
2021-10-24 01:35:10,750 [Listener at 127.0.0.1/37371] INFO  server.session (DefaultSessionIdManager.java:doStart(339)) - No SessionScavenger set, using defaults
2021-10-24 01:35:10,750 [Listener at 127.0.0.1/37371] INFO  server.session (HouseKeeper.java:startScavenging(132)) - node0 Scavenging every 660000ms
2021-10-24 01:35:10,753 [Listener at 127.0.0.1/37371] INFO  handler.ContextHandler (ContextHandler.java:doStart(915)) - Started o.e.j.s.ServletContextHandler@1a1d20b0{logs,/logs,file:///home/runner/work/ozone/ozone/hadoop-ozone/integration-test/target/log,AVAILABLE}
2021-10-24 01:35:10,753 [Listener at 127.0.0.1/37371] INFO  handler.ContextHandler (ContextHandler.java:doStart(915)) - Started o.e.j.s.ServletContextHandler@4011fdb4{static,/static,jar:file:/home/runner/.m2/repository/org/apache/ozone/hdds-container-service/1.2.0-SNAPSHOT/hdds-container-service-1.2.0-SNAPSHOT.jar!/webapps/static,AVAILABLE}
2021-10-24 01:35:10,757 [pool-289-thread-1] INFO  server.RaftServerConfigKeys (ConfUtils.java:logGet(44)) - raft.server.log.write.buffer.size = 1048576 (custom)
2021-10-24 01:35:10,757 [pool-289-thread-1] INFO  server.RaftServerConfigKeys (ConfUtils.java:logGet(44)) - raft.server.log.statemachine.data.caching.enabled = true (custom)
2021-10-24 01:35:10,758 [pool-289-thread-1] INFO  server.RaftServer$Division (ServerState.java:setRaftConf(387)) - 82e1ff8b-aab7-4b8c-8207-e5ba7d0f8a1f@group-B597187EF31B: set configuration 0: [82e1ff8b-aab7-4b8c-8207-e5ba7d0f8a1f|rpc:10.1.0.11:39599|dataStream:|priority:0, a92b67d1-e676-4bfd-b773-60efead6e052|rpc:10.1.0.11:32963|dataStream:|priority:0, 0014d44f-57a6-4d7b-99a8-c9e31c05b4da|rpc:10.1.0.11:43619|dataStream:|priority:1], old=null
2021-10-24 01:35:10,758 [pool-289-thread-1] INFO  segmented.LogSegment (LogSegment.java:loadSegment(173)) - Successfully read 1 entries from segment file /home/runner/work/ozone/ozone/hadoop-ozone/integration-test/target/test-dir/MiniOzoneClusterImpl-486ed80b-b12a-4e60-b5dc-4c94b273e9da/datanode-0/data/ratis/e5e26e4d-8c1c-4cb9-8045-b597187ef31b/current/log_inprogress_0
2021-10-24 01:35:10,758 [pool-289-thread-1] INFO  segmented.SegmentedRaftLogWorker (SegmentedRaftLogWorker.java:lambda$new$0(133)) - 82e1ff8b-aab7-4b8c-8207-e5ba7d0f8a1f@group-B597187EF31B-SegmentedRaftLogWorker: flushIndex: setUnconditionally 0 -> 0
2021-10-24 01:35:10,758 [pool-289-thread-1] INFO  segmented.SegmentedRaftLogWorker (SegmentedRaftLogWorker.java:lambda$new$0(133)) - 82e1ff8b-aab7-4b8c-8207-e5ba7d0f8a1f@group-B597187EF31B-SegmentedRaftLogWorker: safeCacheEvictIndex: setUnconditionally 0 -> -1
2021-10-24 01:35:10,768 [pool-289-thread-1] INFO  server.RaftServerConfigKeys (ConfUtils.java:logGet(44)) - raft.server.snapshot.auto.trigger.enabled = true (custom)
2021-10-24 01:35:10,768 [pool-289-thread-1] INFO  server.RaftServerConfigKeys (ConfUtils.java:logGet(44)) - raft.server.snapshot.auto.trigger.threshold = 10000 (custom)
2021-10-24 01:35:10,768 [pool-289-thread-1] INFO  server.RaftServerConfigKeys (ConfUtils.java:logGet(44)) - raft.server.snapshot.retention.file.num = 5 (custom)
2021-10-24 01:35:10,768 [pool-289-thread-1] INFO  server.RaftServerConfigKeys (ConfUtils.java:logGet(44)) - raft.server.log.purge.upto.snapshot.index = false (default)
2021-10-24 01:35:10,769 [pool-289-thread-1] INFO  server.RaftServerConfigKeys (ConfUtils.java:logGet(44)) - raft.server.retrycache.expirytime = 600000ms (custom)
2021-10-24 01:35:10,769 [pool-289-thread-1] INFO  server.RaftServerConfigKeys (ConfUtils.java:logGet(44)) - raft.server.retrycache.statistics.expirytime = 100μs (default)
2021-10-24 01:35:10,850 [Listener at 127.0.0.1/37371] INFO  handler.ContextHandler (ContextHandler.java:doStart(915)) - Started o.e.j.w.WebAppContext@72905cbd{hddsDatanode,/,file:///tmp/jetty-0_0_0_0-43373-hdds-container-service-1_2_0-SNAPSHOT_jar-_-any-5161087890735920910/webapp/,AVAILABLE}{jar:file:/home/runner/.m2/repository/org/apache/ozone/hdds-container-service/1.2.0-SNAPSHOT/hdds-container-service-1.2.0-SNAPSHOT.jar!/webapps/hddsDatanode}
2021-10-24 01:35:10,859 [Listener at 127.0.0.1/37371] INFO  server.AbstractConnector (AbstractConnector.java:doStart(331)) - Started ServerConnector@6ba26821{HTTP/1.1, (http/1.1)}{0.0.0.0:43373}
2021-10-24 01:35:10,859 [Listener at 127.0.0.1/37371] INFO  server.Server (Server.java:doStart(415)) - Started @138195ms
2021-10-24 01:35:10,859 [Listener at 127.0.0.1/37371] WARN  impl.MetricsSystemImpl (MetricsSystemImpl.java:register(279)) - Sink prometheus already exists!
2021-10-24 01:35:10,859 [Listener at 127.0.0.1/37371] INFO  http.BaseHttpServer (BaseHttpServer.java:updateConnectorAddress(329)) - HTTP server of hddsDatanode listening at http://0.0.0.0:43373
2021-10-24 01:35:10,869 [Datanode State Machine Daemon Thread] INFO  statemachine.DatanodeStateMachine (DatanodeStateMachine.java:lambda$startDaemon$0(467)) - Ozone container server started.
2021-10-24 01:35:10,948 [org.apache.hadoop.util.JvmPauseMonitor$Monitor@3238acd7] INFO  util.JvmPauseMonitor (JvmPauseMonitor.java:run(188)) - Starting JVM pause monitor
2021-10-24 01:35:11,272 [EndpointStateMachine task thread for /0.0.0.0:34027 - 0 ] INFO  ipc.Client (Client.java:handleConnectionFailure(977)) - Retrying connect to server: 0.0.0.0/0.0.0.0:34027. Already tried 8 time(s); retry policy is RetryUpToMaximumCountWithFixedSleep(maxRetries=15, sleepTime=1000 MILLISECONDS)
2021-10-24 01:35:11,421 [grpc-default-executor-0] WARN  server.GrpcLogAppender (LogUtils.java:warn(122)) - 0014d44f-57a6-4d7b-99a8-c9e31c05b4da@group-B597187EF31B->82e1ff8b-aab7-4b8c-8207-e5ba7d0f8a1f-AppendLogResponseHandler: Failed appendEntries: org.apache.ratis.thirdparty.io.grpc.StatusRuntimeException: UNAVAILABLE: io exception
2021-10-24 01:35:11,421 [grpc-default-executor-0] WARN  server.GrpcLogAppender (GrpcLogAppender.java:resetClient(110)) - 0014d44f-57a6-4d7b-99a8-c9e31c05b4da@group-B597187EF31B->82e1ff8b-aab7-4b8c-8207-e5ba7d0f8a1f-GrpcLogAppender: Leader has not got in touch with Follower 0014d44f-57a6-4d7b-99a8-c9e31c05b4da@group-B597187EF31B->82e1ff8b-aab7-4b8c-8207-e5ba7d0f8a1f(c0,m0,n1, attendVote=true, lastRpcSendTime=0, lastRpcResponseTime=5034) yet, just keep nextIndex unchanged and retry.
2021-10-24 01:35:12,273 [EndpointStateMachine task thread for /0.0.0.0:34027 - 0 ] INFO  ipc.Client (Client.java:handleConnectionFailure(977)) - Retrying connect to server: 0.0.0.0/0.0.0.0:34027. Already tried 9 time(s); retry policy is RetryUpToMaximumCountWithFixedSleep(maxRetries=15, sleepTime=1000 MILLISECONDS)
2021-10-24 01:35:13,273 [EndpointStateMachine task thread for /0.0.0.0:34027 - 0 ] INFO  ipc.Client (Client.java:handleConnectionFailure(977)) - Retrying connect to server: 0.0.0.0/0.0.0.0:34027. Already tried 10 time(s); retry policy is RetryUpToMaximumCountWithFixedSleep(maxRetries=15, sleepTime=1000 MILLISECONDS)
2021-10-24 01:35:13,940 [grpc-default-executor-0] WARN  server.GrpcLogAppender (LogUtils.java:warn(122)) - 0014d44f-57a6-4d7b-99a8-c9e31c05b4da@group-B597187EF31B->82e1ff8b-aab7-4b8c-8207-e5ba7d0f8a1f-AppendLogResponseHandler: Failed appendEntries: org.apache.ratis.thirdparty.io.grpc.StatusRuntimeException: UNAVAILABLE: io exception
2021-10-24 01:35:13,941 [grpc-default-executor-0] WARN  server.GrpcLogAppender (GrpcLogAppender.java:resetClient(110)) - 0014d44f-57a6-4d7b-99a8-c9e31c05b4da@group-B597187EF31B->82e1ff8b-aab7-4b8c-8207-e5ba7d0f8a1f-GrpcLogAppender: Leader has not got in touch with Follower 0014d44f-57a6-4d7b-99a8-c9e31c05b4da@group-B597187EF31B->82e1ff8b-aab7-4b8c-8207-e5ba7d0f8a1f(c0,m0,n1, attendVote=true, lastRpcSendTime=0, lastRpcResponseTime=7554) yet, just keep nextIndex unchanged and retry.
2021-10-24 01:35:14,274 [EndpointStateMachine task thread for /0.0.0.0:34027 - 0 ] INFO  ipc.Client (Client.java:handleConnectionFailure(977)) - Retrying connect to server: 0.0.0.0/0.0.0.0:34027. Already tried 11 time(s); retry policy is RetryUpToMaximumCountWithFixedSleep(maxRetries=15, sleepTime=1000 MILLISECONDS)
2021-10-24 01:35:15,275 [EndpointStateMachine task thread for /0.0.0.0:34027 - 0 ] INFO  ipc.Client (Client.java:handleConnectionFailure(977)) - Retrying connect to server: 0.0.0.0/0.0.0.0:34027. Already tried 12 time(s); retry policy is RetryUpToMaximumCountWithFixedSleep(maxRetries=15, sleepTime=1000 MILLISECONDS)
2021-10-24 01:35:16,275 [EndpointStateMachine task thread for /0.0.0.0:34027 - 0 ] INFO  ipc.Client (Client.java:handleConnectionFailure(977)) - Retrying connect to server: 0.0.0.0/0.0.0.0:34027. Already tried 13 time(s); retry policy is RetryUpToMaximumCountWithFixedSleep(maxRetries=15, sleepTime=1000 MILLISECONDS)
2021-10-24 01:35:16,453 [grpc-default-executor-0] WARN  server.GrpcLogAppender (LogUtils.java:warn(122)) - 0014d44f-57a6-4d7b-99a8-c9e31c05b4da@group-B597187EF31B->82e1ff8b-aab7-4b8c-8207-e5ba7d0f8a1f-AppendLogResponseHandler: Failed appendEntries: org.apache.ratis.thirdparty.io.grpc.StatusRuntimeException: UNAVAILABLE: io exception
2021-10-24 01:35:16,456 [grpc-default-executor-0] WARN  server.GrpcLogAppender (GrpcLogAppender.java:resetClient(110)) - 0014d44f-57a6-4d7b-99a8-c9e31c05b4da@group-B597187EF31B->82e1ff8b-aab7-4b8c-8207-e5ba7d0f8a1f-GrpcLogAppender: Leader has not got in touch with Follower 0014d44f-57a6-4d7b-99a8-c9e31c05b4da@group-B597187EF31B->82e1ff8b-aab7-4b8c-8207-e5ba7d0f8a1f(c0,m0,n1, attendVote=true, lastRpcSendTime=2515, lastRpcResponseTime=10069) yet, just keep nextIndex unchanged and retry.
2021-10-24 01:35:17,278 [EndpointStateMachine task thread for /0.0.0.0:34027 - 0 ] INFO  ipc.Client (Client.java:handleConnectionFailure(977)) - Retrying connect to server: 0.0.0.0/0.0.0.0:34027. Already tried 14 time(s); retry policy is RetryUpToMaximumCountWithFixedSleep(maxRetries=15, sleepTime=1000 MILLISECONDS)
2021-10-24 01:35:17,279 [EndpointStateMachine task thread for /0.0.0.0:34027 - 0 ] WARN  statemachine.EndpointStateMachine (EndpointStateMachine.java:logIfNeeded(236)) - Unable to communicate to SCM server at 0.0.0.0:34027 for past 0 seconds.
java.net.ConnectException: Your endpoint configuration is wrong; For more details see:  http://wiki.apache.org/hadoop/UnsetHostnameOrPort
	at sun.reflect.NativeConstructorAccessorImpl.newInstance0(Native Method)
	at sun.reflect.NativeConstructorAccessorImpl.newInstance(NativeConstructorAccessorImpl.java:62)
	at sun.reflect.DelegatingConstructorAccessorImpl.newInstance(DelegatingConstructorAccessorImpl.java:45)
	at java.lang.reflect.Constructor.newInstance(Constructor.java:423)
	at org.apache.hadoop.net.NetUtils.wrapWithMessage(NetUtils.java:913)
	at org.apache.hadoop.net.NetUtils.wrapException(NetUtils.java:824)
	at org.apache.hadoop.ipc.Client.getRpcResponse(Client.java:1577)
	at org.apache.hadoop.ipc.Client.call(Client.java:1519)
	at org.apache.hadoop.ipc.Client.call(Client.java:1416)
	at org.apache.hadoop.ipc.ProtobufRpcEngine$Invoker.invoke(ProtobufRpcEngine.java:236)
	at org.apache.hadoop.ipc.ProtobufRpcEngine$Invoker.invoke(ProtobufRpcEngine.java:123)
	at com.sun.proxy.$Proxy49.submitRequest(Unknown Source)
	at org.apache.hadoop.ozone.protocolPB.StorageContainerDatanodeProtocolClientSideTranslatorPB.submitRequest(StorageContainerDatanodeProtocolClientSideTranslatorPB.java:117)
	at org.apache.hadoop.ozone.protocolPB.StorageContainerDatanodeProtocolClientSideTranslatorPB.sendHeartbeat(StorageContainerDatanodeProtocolClientSideTranslatorPB.java:149)
	at org.apache.hadoop.ozone.container.common.states.endpoint.HeartbeatEndpointTask.call(HeartbeatEndpointTask.java:179)
	at org.apache.hadoop.ozone.container.common.states.endpoint.HeartbeatEndpointTask.call(HeartbeatEndpointTask.java:82)
	at java.util.concurrent.FutureTask.run(FutureTask.java:266)
	at java.util.concurrent.ThreadPoolExecutor.runWorker(ThreadPoolExecutor.java:1149)
	at java.util.concurrent.ThreadPoolExecutor$Worker.run(ThreadPoolExecutor.java:624)
	at java.lang.Thread.run(Thread.java:748)
Caused by: java.net.ConnectException: Connection refused
	at sun.nio.ch.SocketChannelImpl.checkConnect(Native Method)
	at sun.nio.ch.SocketChannelImpl.finishConnect(SocketChannelImpl.java:716)
	at org.apache.hadoop.net.SocketIOWithTimeout.connect(SocketIOWithTimeout.java:206)
	at org.apache.hadoop.net.NetUtils.connect(NetUtils.java:586)
	at org.apache.hadoop.ipc.Client$Connection.setupConnection(Client.java:701)
	at org.apache.hadoop.ipc.Client$Connection.setupIOstreams(Client.java:822)
	at org.apache.hadoop.ipc.Client$Connection.access$3800(Client.java:414)
	at org.apache.hadoop.ipc.Client.getConnection(Client.java:1647)
	at org.apache.hadoop.ipc.Client.call(Client.java:1463)
	... 12 more
2021-10-24 01:35:18,290 [EndpointStateMachine task thread for /0.0.0.0:34027 - 0 ] INFO  ipc.Client (Client.java:handleConnectionFailure(977)) - Retrying connect to server: 0.0.0.0/0.0.0.0:34027. Already tried 0 time(s); retry policy is RetryUpToMaximumCountWithFixedSleep(maxRetries=15, sleepTime=1000 MILLISECONDS)
2021-10-24 01:35:18,965 [grpc-default-executor-3] WARN  server.GrpcLogAppender (LogUtils.java:warn(122)) - 0014d44f-57a6-4d7b-99a8-c9e31c05b4da@group-B597187EF31B->82e1ff8b-aab7-4b8c-8207-e5ba7d0f8a1f-AppendLogResponseHandler: Failed appendEntries: org.apache.ratis.thirdparty.io.grpc.StatusRuntimeException: UNAVAILABLE: io exception
2021-10-24 01:35:18,966 [grpc-default-executor-3] WARN  server.GrpcLogAppender (GrpcLogAppender.java:resetClient(110)) - 0014d44f-57a6-4d7b-99a8-c9e31c05b4da@group-B597187EF31B->82e1ff8b-aab7-4b8c-8207-e5ba7d0f8a1f-GrpcLogAppender: Leader has not got in touch with Follower 0014d44f-57a6-4d7b-99a8-c9e31c05b4da@group-B597187EF31B->82e1ff8b-aab7-4b8c-8207-e5ba7d0f8a1f(c0,m0,n1, attendVote=true, lastRpcSendTime=0, lastRpcResponseTime=12579) yet, just keep nextIndex unchanged and retry.
2021-10-24 01:35:19,283 [Datanode State Machine Daemon Thread] ERROR datanode.RunningDatanodeState (RunningDatanodeState.java:computeNextContainerState(199)) - Error in executing end point task.
java.util.concurrent.ExecutionException: java.util.concurrent.TimeoutException
	at java.util.concurrent.FutureTask.report(FutureTask.java:122)
	at java.util.concurrent.FutureTask.get(FutureTask.java:192)
	at org.apache.hadoop.ozone.container.common.states.datanode.RunningDatanodeState.computeNextContainerState(RunningDatanodeState.java:191)
	at org.apache.hadoop.ozone.container.common.states.datanode.RunningDatanodeState.await(RunningDatanodeState.java:231)
	at org.apache.hadoop.ozone.container.common.states.datanode.RunningDatanodeState.await(RunningDatanodeState.java:50)
	at org.apache.hadoop.ozone.container.common.statemachine.StateContext.execute(StateContext.java:633)
	at org.apache.hadoop.ozone.container.common.statemachine.DatanodeStateMachine.start(DatanodeStateMachine.java:280)
	at org.apache.hadoop.ozone.container.common.statemachine.DatanodeStateMachine.lambda$startDaemon$0(DatanodeStateMachine.java:468)
	at java.lang.Thread.run(Thread.java:748)
Caused by: java.util.concurrent.TimeoutException
	at java.util.concurrent.FutureTask.get(FutureTask.java:205)
	at org.apache.hadoop.ozone.container.common.states.datanode.RunningDatanodeState.lambda$execute$0(RunningDatanodeState.java:149)
	at java.util.concurrent.FutureTask.run(FutureTask.java:266)
	at java.util.concurrent.Executors$RunnableAdapter.call(Executors.java:511)
	at java.util.concurrent.FutureTask.run(FutureTask.java:266)
	at java.util.concurrent.ThreadPoolExecutor.runWorker(ThreadPoolExecutor.java:1149)
	at java.util.concurrent.ThreadPoolExecutor$Worker.run(ThreadPoolExecutor.java:624)
	... 1 more
2021-10-24 01:35:19,290 [EndpointStateMachine task thread for /0.0.0.0:34027 - 0 ] INFO  ipc.Client (Client.java:handleConnectionFailure(977)) - Retrying connect to server: 0.0.0.0/0.0.0.0:34027. Already tried 1 time(s); retry policy is RetryUpToMaximumCountWithFixedSleep(maxRetries=15, sleepTime=1000 MILLISECONDS)
2021-10-24 01:35:20,288 [Datanode State Machine Daemon Thread] ERROR datanode.RunningDatanodeState (RunningDatanodeState.java:computeNextContainerState(199)) - Error in executing end point task.
java.util.concurrent.ExecutionException: java.util.concurrent.TimeoutException
	at java.util.concurrent.FutureTask.report(FutureTask.java:122)
	at java.util.concurrent.FutureTask.get(FutureTask.java:192)
	at org.apache.hadoop.ozone.container.common.states.datanode.RunningDatanodeState.computeNextContainerState(RunningDatanodeState.java:191)
	at org.apache.hadoop.ozone.container.common.states.datanode.RunningDatanodeState.await(RunningDatanodeState.java:231)
	at org.apache.hadoop.ozone.container.common.states.datanode.RunningDatanodeState.await(RunningDatanodeState.java:50)
	at org.apache.hadoop.ozone.container.common.statemachine.StateContext.execute(StateContext.java:633)
	at org.apache.hadoop.ozone.container.common.statemachine.DatanodeStateMachine.start(DatanodeStateMachine.java:280)
	at org.apache.hadoop.ozone.container.common.statemachine.DatanodeStateMachine.lambda$startDaemon$0(DatanodeStateMachine.java:468)
	at java.lang.Thread.run(Thread.java:748)
Caused by: java.util.concurrent.TimeoutException
	at java.util.concurrent.FutureTask.get(FutureTask.java:205)
	at org.apache.hadoop.ozone.container.common.states.datanode.RunningDatanodeState.lambda$execute$0(RunningDatanodeState.java:149)
	at java.util.concurrent.FutureTask.run(FutureTask.java:266)
	at java.util.concurrent.Executors$RunnableAdapter.call(Executors.java:511)
	at java.util.concurrent.FutureTask.run(FutureTask.java:266)
	at java.util.concurrent.ThreadPoolExecutor.runWorker(ThreadPoolExecutor.java:1149)
	at java.util.concurrent.ThreadPoolExecutor$Worker.run(ThreadPoolExecutor.java:624)
	... 1 more
2021-10-24 01:35:20,291 [EndpointStateMachine task thread for /0.0.0.0:34027 - 0 ] INFO  ipc.Client (Client.java:handleConnectionFailure(977)) - Retrying connect to server: 0.0.0.0/0.0.0.0:34027. Already tried 2 time(s); retry policy is RetryUpToMaximumCountWithFixedSleep(maxRetries=15, sleepTime=1000 MILLISECONDS)
2021-10-24 01:35:21,291 [EndpointStateMachine task thread for /0.0.0.0:34027 - 0 ] INFO  ipc.Client (Client.java:handleConnectionFailure(977)) - Retrying connect to server: 0.0.0.0/0.0.0.0:34027. Already tried 3 time(s); retry policy is RetryUpToMaximumCountWithFixedSleep(maxRetries=15, sleepTime=1000 MILLISECONDS)
2021-10-24 01:35:21,466 [grpc-default-executor-3] WARN  server.GrpcLogAppender (LogUtils.java:warn(122)) - 0014d44f-57a6-4d7b-99a8-c9e31c05b4da@group-B597187EF31B->82e1ff8b-aab7-4b8c-8207-e5ba7d0f8a1f-AppendLogResponseHandler: Failed appendEntries: org.apache.ratis.thirdparty.io.grpc.StatusRuntimeException: UNAVAILABLE: io exception
2021-10-24 01:35:21,467 [grpc-default-executor-3] WARN  server.GrpcLogAppender (GrpcLogAppender.java:resetClient(110)) - 0014d44f-57a6-4d7b-99a8-c9e31c05b4da@group-B597187EF31B->82e1ff8b-aab7-4b8c-8207-e5ba7d0f8a1f-GrpcLogAppender: Leader has not got in touch with Follower 0014d44f-57a6-4d7b-99a8-c9e31c05b4da@group-B597187EF31B->82e1ff8b-aab7-4b8c-8207-e5ba7d0f8a1f(c0,m0,n1, attendVote=true, lastRpcSendTime=0, lastRpcResponseTime=15080) yet, just keep nextIndex unchanged and retry.
2021-10-24 01:35:22,292 [EndpointStateMachine task thread for /0.0.0.0:34027 - 0 ] INFO  ipc.Client (Client.java:handleConnectionFailure(977)) - Retrying connect to server: 0.0.0.0/0.0.0.0:34027. Already tried 4 time(s); retry policy is RetryUpToMaximumCountWithFixedSleep(maxRetries=15, sleepTime=1000 MILLISECONDS)
2021-10-24 01:35:23,293 [EndpointStateMachine task thread for /0.0.0.0:34027 - 0 ] INFO  ipc.Client (Client.java:handleConnectionFailure(977)) - Retrying connect to server: 0.0.0.0/0.0.0.0:34027. Already tried 5 time(s); retry policy is RetryUpToMaximumCountWithFixedSleep(maxRetries=15, sleepTime=1000 MILLISECONDS)
2021-10-24 01:35:23,976 [grpc-default-executor-3] WARN  server.GrpcLogAppender (LogUtils.java:warn(122)) - 0014d44f-57a6-4d7b-99a8-c9e31c05b4da@group-B597187EF31B->82e1ff8b-aab7-4b8c-8207-e5ba7d0f8a1f-AppendLogResponseHandler: Failed appendEntries: org.apache.ratis.thirdparty.io.grpc.StatusRuntimeException: UNAVAILABLE: io exception
2021-10-24 01:35:23,981 [grpc-default-executor-3] WARN  server.GrpcLogAppender (GrpcLogAppender.java:resetClient(110)) - 0014d44f-57a6-4d7b-99a8-c9e31c05b4da@group-B597187EF31B->82e1ff8b-aab7-4b8c-8207-e5ba7d0f8a1f-GrpcLogAppender: Leader has not got in touch with Follower 0014d44f-57a6-4d7b-99a8-c9e31c05b4da@group-B597187EF31B->82e1ff8b-aab7-4b8c-8207-e5ba7d0f8a1f(c0,m0,n1, attendVote=true, lastRpcSendTime=2514, lastRpcResponseTime=17594) yet, just keep nextIndex unchanged and retry.
2021-10-24 01:35:24,293 [Datanode State Machine Daemon Thread] ERROR datanode.RunningDatanodeState (RunningDatanodeState.java:computeNextContainerState(199)) - Error in executing end point task.
java.util.concurrent.ExecutionException: java.util.concurrent.TimeoutException
	at java.util.concurrent.FutureTask.report(FutureTask.java:122)
	at java.util.concurrent.FutureTask.get(FutureTask.java:192)
	at org.apache.hadoop.ozone.container.common.states.datanode.RunningDatanodeState.computeNextContainerState(RunningDatanodeState.java:191)
	at org.apache.hadoop.ozone.container.common.states.datanode.RunningDatanodeState.await(RunningDatanodeState.java:231)
	at org.apache.hadoop.ozone.container.common.states.datanode.RunningDatanodeState.await(RunningDatanodeState.java:50)
	at org.apache.hadoop.ozone.container.common.statemachine.StateContext.execute(StateContext.java:633)
	at org.apache.hadoop.ozone.container.common.statemachine.DatanodeStateMachine.start(DatanodeStateMachine.java:280)
	at org.apache.hadoop.ozone.container.common.statemachine.DatanodeStateMachine.lambda$startDaemon$0(DatanodeStateMachine.java:468)
	at java.lang.Thread.run(Thread.java:748)
Caused by: java.util.concurrent.TimeoutException
	at java.util.concurrent.FutureTask.get(FutureTask.java:205)
	at org.apache.hadoop.ozone.container.common.states.datanode.RunningDatanodeState.lambda$execute$0(RunningDatanodeState.java:149)
	at java.util.concurrent.FutureTask.run(FutureTask.java:266)
	at java.util.concurrent.Executors$RunnableAdapter.call(Executors.java:511)
	at java.util.concurrent.FutureTask.run(FutureTask.java:266)
	at java.util.concurrent.ThreadPoolExecutor.runWorker(ThreadPoolExecutor.java:1149)
	at java.util.concurrent.ThreadPoolExecutor$Worker.run(ThreadPoolExecutor.java:624)
	... 1 more
2021-10-24 01:35:24,293 [EndpointStateMachine task thread for /0.0.0.0:34027 - 0 ] INFO  ipc.Client (Client.java:handleConnectionFailure(977)) - Retrying connect to server: 0.0.0.0/0.0.0.0:34027. Already tried 6 time(s); retry policy is RetryUpToMaximumCountWithFixedSleep(maxRetries=15, sleepTime=1000 MILLISECONDS)
2021-10-24 01:35:24,796 [Time-limited test] INFO  ozone.MiniOzoneClusterImpl (MiniOzoneClusterImpl.java:shutdown(453)) - Shutting down the Mini Ozone Cluster
2021-10-24 01:35:24,796 [Time-limited test] INFO  ozone.MiniOzoneClusterImpl (MiniOzoneClusterImpl.java:stop(468)) - Stopping the Mini Ozone Cluster
2021-10-24 01:35:24,796 [Time-limited test] INFO  ozone.MiniOzoneClusterImpl (MiniOzoneClusterImpl.java:stopOM(550)) - Stopping the OzoneManager
2021-10-24 01:35:24,796 [Time-limited test] INFO  om.OzoneManager (OzoneManager.java:stop(1664)) - Stopping Ozone Manager
2021-10-24 01:35:24,797 [Time-limited test] INFO  ipc.Server (Server.java:stop(3414)) - Stopping server on 37371
2021-10-24 01:35:24,804 [IPC Server listener on 0] INFO  ipc.Server (Server.java:run(1376)) - Stopping IPC Server listener on 0
2021-10-24 01:35:24,804 [IPC Server Responder] INFO  ipc.Server (Server.java:run(1512)) - Stopping IPC Server Responder
2021-10-24 01:35:24,809 [Time-limited test] INFO  server.RaftServer (RaftServerProxy.java:lambda$close$6(391)) - om1: close
2021-10-24 01:35:24,809 [Time-limited test] INFO  server.RaftServer$Division (RaftServerImpl.java:lambda$close$4(412)) - om1@group-C5BA1605619E: shutdown
2021-10-24 01:35:24,809 [Time-limited test] INFO  util.JmxRegister (JmxRegister.java:unregister(73)) - Successfully un-registered JMX Bean with object name Ratis:service=RaftServer,group=group-C5BA1605619E,id=om1
2021-10-24 01:35:24,809 [Time-limited test] INFO  impl.RoleInfo (RoleInfo.java:shutdownLeaderState(91)) - om1: shutdown om1@group-C5BA1605619E-LeaderStateImpl
2021-10-24 01:35:24,810 [Time-limited test] INFO  impl.PendingRequests (PendingRequests.java:sendNotLeaderResponses(282)) - om1@group-C5BA1605619E-PendingRequests: sendNotLeaderResponses
2021-10-24 01:35:24,810 [Time-limited test] INFO  impl.StateMachineUpdater (StateMachineUpdater.java:stopAndJoin(149)) - om1@group-C5BA1605619E-StateMachineUpdater: set stopIndex = 0
2021-10-24 01:35:24,810 [om1@group-C5BA1605619E-StateMachineUpdater] INFO  ratis.OzoneManagerStateMachine (OzoneManagerStateMachine.java:takeSnapshot(417)) - Current Snapshot Index (t:1, i:0)
2021-10-24 01:35:24,811 [om1@group-C5BA1605619E-StateMachineUpdater] INFO  impl.StateMachineUpdater (StateMachineUpdater.java:takeSnapshot(281)) - om1@group-C5BA1605619E-StateMachineUpdater: Took a snapshot at index 0
2021-10-24 01:35:24,811 [om1@group-C5BA1605619E-StateMachineUpdater] INFO  impl.StateMachineUpdater (StateMachineUpdater.java:lambda$new$0(89)) - om1@group-C5BA1605619E-StateMachineUpdater: snapshotIndex: updateIncreasingly -1 -> 0
2021-10-24 01:35:24,811 [om1@group-C5BA1605619E-StateMachineUpdater] INFO  ratis.OzoneManagerStateMachine (OzoneManagerStateMachine.java:close(471)) - StateMachine has shutdown. Shutdown OzoneManager if not already shutdown.
2021-10-24 01:35:24,814 [Time-limited test] INFO  server.RaftServer$Division (ServerState.java:close(419)) - om1@group-C5BA1605619E: closes. applyIndex: 0
2021-10-24 01:35:24,814 [om1@group-C5BA1605619E-SegmentedRaftLogWorker] INFO  segmented.SegmentedRaftLogWorker (SegmentedRaftLogWorker.java:run(327)) - om1@group-C5BA1605619E-SegmentedRaftLogWorker was interrupted, exiting. There are 0 tasks remaining in the queue.
2021-10-24 01:35:24,815 [Time-limited test] INFO  segmented.SegmentedRaftLogWorker (SegmentedRaftLogWorker.java:close(237)) - om1@group-C5BA1605619E-SegmentedRaftLogWorker close()
2021-10-24 01:35:24,820 [Time-limited test] INFO  server.GrpcService (GrpcService.java:closeImpl(262)) - om1: shutdown server with port 9872 now
2021-10-24 01:35:24,820 [Time-limited test] INFO  server.GrpcService (GrpcService.java:closeImpl(271)) - om1: shutdown server with port 9872 successfully
2021-10-24 01:35:24,820 [org.apache.ratis.util.JvmPauseMonitor$$Lambda$531/1642995058@49b93dfe] INFO  util.JvmPauseMonitor (JvmPauseMonitor.java:run(109)) - JvmPauseMonitor-om1: Stopped
2021-10-24 01:35:24,820 [Time-limited test] INFO  ratis.OzoneManagerDoubleBuffer (OzoneManagerDoubleBuffer.java:stop(437)) - Stopping OMDoubleBuffer flush thread
2021-10-24 01:35:24,820 [OMDoubleBufferFlushThread] INFO  ratis.OzoneManagerDoubleBuffer (OzoneManagerDoubleBuffer.java:flushTransactions(356)) - OMDoubleBuffer flush thread OMDoubleBufferFlushThread is interrupted and will exit. OMDoubleBufferFlushThread
2021-10-24 01:35:24,820 [Time-limited test] INFO  utils.BackgroundService (BackgroundService.java:shutdown(132)) - Shutting down service KeyDeletingService
2021-10-24 01:35:24,821 [Time-limited test] INFO  utils.BackgroundService (BackgroundService.java:shutdown(132)) - Shutting down service DirectoryDeletingService
2021-10-24 01:35:24,822 [Time-limited test] INFO  handler.ContextHandler (ContextHandler.java:doStop(1153)) - Stopped o.e.j.w.WebAppContext@733fb7ca{ozoneManager,/,null,STOPPED}{file:/home/runner/work/ozone/ozone/hadoop-ozone/integration-test/target/test-classes/webapps/ozoneManager}
2021-10-24 01:35:24,823 [Time-limited test] INFO  server.AbstractConnector (AbstractConnector.java:doStop(381)) - Stopped ServerConnector@3854ecd3{HTTP/1.1, (http/1.1)}{0.0.0.0:0}
2021-10-24 01:35:24,823 [Time-limited test] INFO  server.session (HouseKeeper.java:stopScavenging(149)) - node0 Stopped scavenging
2021-10-24 01:35:24,824 [Time-limited test] INFO  handler.ContextHandler (ContextHandler.java:doStop(1153)) - Stopped o.e.j.s.ServletContextHandler@11c31c2c{static,/static,file:///home/runner/work/ozone/ozone/hadoop-ozone/integration-test/target/test-classes/webapps/static,STOPPED}
2021-10-24 01:35:24,824 [Time-limited test] INFO  handler.ContextHandler (ContextHandler.java:doStop(1153)) - Stopped o.e.j.s.ServletContextHandler@4ca17e62{logs,/logs,file:///home/runner/work/ozone/ozone/hadoop-ozone/integration-test/target/log,STOPPED}
2021-10-24 01:35:24,829 [Time-limited test] INFO  ozone.MiniOzoneClusterImpl (MiniOzoneClusterImpl.java:stopDatanodes(527)) - Stopping the HddsDatanodes
2021-10-24 01:35:24,965 [Datanode State Machine Daemon Thread] WARN  statemachine.StateContext (StateContext.java:setState(249)) - Ignore disallowed transition from SHUTDOWN to RUNNING
2021-10-24 01:35:25,300 [Datanode State Machine Daemon Thread] WARN  statemachine.StateContext (StateContext.java:setState(249)) - Ignore disallowed transition from SHUTDOWN to RUNNING
2021-10-24 01:35:25,301 [EndpointStateMachine task thread for /0.0.0.0:34027 - 0 ] INFO  ipc.Client (Client.java:handleConnectionFailure(977)) - Retrying connect to server: 0.0.0.0/0.0.0.0:34027. Already tried 7 time(s); retry policy is RetryUpToMaximumCountWithFixedSleep(maxRetries=15, sleepTime=1000 MILLISECONDS)
2021-10-24 01:35:26,304 [EndpointStateMachine task thread for /0.0.0.0:34027 - 0 ] INFO  ipc.Client (Client.java:handleConnectionFailure(977)) - Retrying connect to server: 0.0.0.0/0.0.0.0:34027. Already tried 8 time(s); retry policy is RetryUpToMaximumCountWithFixedSleep(maxRetries=15, sleepTime=1000 MILLISECONDS)
2021-10-24 01:35:26,501 [grpc-default-executor-3] WARN  server.GrpcLogAppender (LogUtils.java:warn(122)) - 0014d44f-57a6-4d7b-99a8-c9e31c05b4da@group-B597187EF31B->82e1ff8b-aab7-4b8c-8207-e5ba7d0f8a1f-AppendLogResponseHandler: Failed appendEntries: org.apache.ratis.thirdparty.io.grpc.StatusRuntimeException: UNAVAILABLE: io exception
2021-10-24 01:35:26,502 [grpc-default-executor-3] WARN  server.GrpcLogAppender (GrpcLogAppender.java:resetClient(110)) - 0014d44f-57a6-4d7b-99a8-c9e31c05b4da@group-B597187EF31B->82e1ff8b-aab7-4b8c-8207-e5ba7d0f8a1f-GrpcLogAppender: Leader has not got in touch with Follower 0014d44f-57a6-4d7b-99a8-c9e31c05b4da@group-B597187EF31B->82e1ff8b-aab7-4b8c-8207-e5ba7d0f8a1f(c0,m0,n1, attendVote=true, lastRpcSendTime=0, lastRpcResponseTime=20115) yet, just keep nextIndex unchanged and retry.
2021-10-24 01:35:27,318 [EndpointStateMachine task thread for /0.0.0.0:34027 - 0 ] INFO  ipc.Client (Client.java:handleConnectionFailure(977)) - Retrying connect to server: 0.0.0.0/0.0.0.0:34027. Already tried 9 time(s); retry policy is RetryUpToMaximumCountWithFixedSleep(maxRetries=15, sleepTime=1000 MILLISECONDS)
2021-10-24 01:35:28,319 [EndpointStateMachine task thread for /0.0.0.0:34027 - 0 ] INFO  ipc.Client (Client.java:handleConnectionFailure(977)) - Retrying connect to server: 0.0.0.0/0.0.0.0:34027. Already tried 10 time(s); retry policy is RetryUpToMaximumCountWithFixedSleep(maxRetries=15, sleepTime=1000 MILLISECONDS)
2021-10-24 01:35:29,005 [grpc-default-executor-3] WARN  server.GrpcLogAppender (LogUtils.java:warn(122)) - 0014d44f-57a6-4d7b-99a8-c9e31c05b4da@group-B597187EF31B->82e1ff8b-aab7-4b8c-8207-e5ba7d0f8a1f-AppendLogResponseHandler: Failed appendEntries: org.apache.ratis.thirdparty.io.grpc.StatusRuntimeException: UNAVAILABLE: io exception
2021-10-24 01:35:29,007 [grpc-default-executor-3] WARN  server.GrpcLogAppender (GrpcLogAppender.java:resetClient(110)) - 0014d44f-57a6-4d7b-99a8-c9e31c05b4da@group-B597187EF31B->82e1ff8b-aab7-4b8c-8207-e5ba7d0f8a1f-GrpcLogAppender: Leader has not got in touch with Follower 0014d44f-57a6-4d7b-99a8-c9e31c05b4da@group-B597187EF31B->82e1ff8b-aab7-4b8c-8207-e5ba7d0f8a1f(c0,m0,n1, attendVote=true, lastRpcSendTime=2, lastRpcResponseTime=22620) yet, just keep nextIndex unchanged and retry.
2021-10-24 01:35:29,319 [EndpointStateMachine task thread for /0.0.0.0:34027 - 0 ] INFO  ipc.Client (Client.java:handleConnectionFailure(977)) - Retrying connect to server: 0.0.0.0/0.0.0.0:34027. Already tried 11 time(s); retry policy is RetryUpToMaximumCountWithFixedSleep(maxRetries=15, sleepTime=1000 MILLISECONDS)
2021-10-24 01:35:29,838 [Time-limited test] INFO  ozoneimpl.OzoneContainer (OzoneContainer.java:stop(325)) - Attempting to stop container services.
2021-10-24 01:35:29,839 [Time-limited test] INFO  server.RaftServer (RaftServerProxy.java:lambda$close$6(391)) - 0014d44f-57a6-4d7b-99a8-c9e31c05b4da: close
2021-10-24 01:35:29,839 [Time-limited test] INFO  server.RaftServer$Division (RaftServerImpl.java:lambda$close$4(412)) - 0014d44f-57a6-4d7b-99a8-c9e31c05b4da@group-BF6D5A309C7F: shutdown
2021-10-24 01:35:29,839 [Time-limited test] INFO  util.JmxRegister (JmxRegister.java:unregister(73)) - Successfully un-registered JMX Bean with object name Ratis:service=RaftServer,group=group-BF6D5A309C7F,id=0014d44f-57a6-4d7b-99a8-c9e31c05b4da
2021-10-24 01:35:29,839 [Time-limited test] INFO  impl.RoleInfo (RoleInfo.java:shutdownLeaderState(91)) - 0014d44f-57a6-4d7b-99a8-c9e31c05b4da: shutdown 0014d44f-57a6-4d7b-99a8-c9e31c05b4da@group-BF6D5A309C7F-LeaderStateImpl
2021-10-24 01:35:29,840 [Time-limited test] INFO  impl.PendingRequests (PendingRequests.java:sendNotLeaderResponses(282)) - 0014d44f-57a6-4d7b-99a8-c9e31c05b4da@group-BF6D5A309C7F-PendingRequests: sendNotLeaderResponses
2021-10-24 01:35:29,840 [Time-limited test] INFO  impl.StateMachineUpdater (StateMachineUpdater.java:stopAndJoin(149)) - 0014d44f-57a6-4d7b-99a8-c9e31c05b4da@group-BF6D5A309C7F-StateMachineUpdater: set stopIndex = 0
2021-10-24 01:35:29,843 [0014d44f-57a6-4d7b-99a8-c9e31c05b4da@group-BF6D5A309C7F-StateMachineUpdater] INFO  ratis.ContainerStateMachine (ContainerStateMachine.java:takeSnapshot(292)) - group-BF6D5A309C7F: Taking a snapshot at:(t:1, i:0) file /home/runner/work/ozone/ozone/hadoop-ozone/integration-test/target/test-dir/MiniOzoneClusterImpl-486ed80b-b12a-4e60-b5dc-4c94b273e9da/datanode-1/data/ratis/d8229679-76b3-4b01-8a50-bf6d5a309c7f/sm/snapshot.1_0
2021-10-24 01:35:29,844 [0014d44f-57a6-4d7b-99a8-c9e31c05b4da@group-BF6D5A309C7F-StateMachineUpdater] INFO  ratis.ContainerStateMachine (ContainerStateMachine.java:takeSnapshot(303)) - group-BF6D5A309C7F: Finished taking a snapshot at:(t:1, i:0) file:/home/runner/work/ozone/ozone/hadoop-ozone/integration-test/target/test-dir/MiniOzoneClusterImpl-486ed80b-b12a-4e60-b5dc-4c94b273e9da/datanode-1/data/ratis/d8229679-76b3-4b01-8a50-bf6d5a309c7f/sm/snapshot.1_0 took: 2 ms
2021-10-24 01:35:29,844 [0014d44f-57a6-4d7b-99a8-c9e31c05b4da@group-BF6D5A309C7F-StateMachineUpdater] INFO  impl.StateMachineUpdater (StateMachineUpdater.java:takeSnapshot(281)) - 0014d44f-57a6-4d7b-99a8-c9e31c05b4da@group-BF6D5A309C7F-StateMachineUpdater: Took a snapshot at index 0
2021-10-24 01:35:29,844 [0014d44f-57a6-4d7b-99a8-c9e31c05b4da@group-BF6D5A309C7F-StateMachineUpdater] INFO  impl.StateMachineUpdater (StateMachineUpdater.java:lambda$new$0(89)) - 0014d44f-57a6-4d7b-99a8-c9e31c05b4da@group-BF6D5A309C7F-StateMachineUpdater: snapshotIndex: updateIncreasingly -1 -> 0
2021-10-24 01:35:29,845 [Time-limited test] INFO  server.RaftServer$Division (ServerState.java:close(419)) - 0014d44f-57a6-4d7b-99a8-c9e31c05b4da@group-BF6D5A309C7F: closes. applyIndex: 0
2021-10-24 01:35:29,845 [0014d44f-57a6-4d7b-99a8-c9e31c05b4da@group-BF6D5A309C7F-SegmentedRaftLogWorker] INFO  segmented.SegmentedRaftLogWorker (SegmentedRaftLogWorker.java:run(327)) - 0014d44f-57a6-4d7b-99a8-c9e31c05b4da@group-BF6D5A309C7F-SegmentedRaftLogWorker was interrupted, exiting. There are 0 tasks remaining in the queue.
2021-10-24 01:35:29,845 [Time-limited test] INFO  segmented.SegmentedRaftLogWorker (SegmentedRaftLogWorker.java:close(237)) - 0014d44f-57a6-4d7b-99a8-c9e31c05b4da@group-BF6D5A309C7F-SegmentedRaftLogWorker close()
2021-10-24 01:35:29,847 [Time-limited test] INFO  server.RaftServer$Division (RaftServerImpl.java:lambda$close$4(412)) - 0014d44f-57a6-4d7b-99a8-c9e31c05b4da@group-B597187EF31B: shutdown
2021-10-24 01:35:29,847 [Time-limited test] INFO  util.JmxRegister (JmxRegister.java:unregister(73)) - Successfully un-registered JMX Bean with object name Ratis:service=RaftServer,group=group-B597187EF31B,id=0014d44f-57a6-4d7b-99a8-c9e31c05b4da
2021-10-24 01:35:29,847 [Time-limited test] INFO  impl.RoleInfo (RoleInfo.java:shutdownLeaderState(91)) - 0014d44f-57a6-4d7b-99a8-c9e31c05b4da: shutdown 0014d44f-57a6-4d7b-99a8-c9e31c05b4da@group-B597187EF31B-LeaderStateImpl
2021-10-24 01:35:29,847 [Time-limited test] INFO  impl.PendingRequests (PendingRequests.java:sendNotLeaderResponses(282)) - 0014d44f-57a6-4d7b-99a8-c9e31c05b4da@group-B597187EF31B-PendingRequests: sendNotLeaderResponses
2021-10-24 01:35:29,848 [0014d44f-57a6-4d7b-99a8-c9e31c05b4da@group-B597187EF31B-StateMachineUpdater] INFO  ratis.ContainerStateMachine (ContainerStateMachine.java:takeSnapshot(292)) - group-B597187EF31B: Taking a snapshot at:(t:13, i:0) file /home/runner/work/ozone/ozone/hadoop-ozone/integration-test/target/test-dir/MiniOzoneClusterImpl-486ed80b-b12a-4e60-b5dc-4c94b273e9da/datanode-1/data/ratis/e5e26e4d-8c1c-4cb9-8045-b597187ef31b/sm/snapshot.13_0
2021-10-24 01:35:29,848 [Time-limited test] INFO  impl.StateMachineUpdater (StateMachineUpdater.java:stopAndJoin(149)) - 0014d44f-57a6-4d7b-99a8-c9e31c05b4da@group-B597187EF31B-StateMachineUpdater: set stopIndex = 0
2021-10-24 01:35:29,849 [0014d44f-57a6-4d7b-99a8-c9e31c05b4da@group-B597187EF31B-StateMachineUpdater] INFO  ratis.ContainerStateMachine (ContainerStateMachine.java:takeSnapshot(303)) - group-B597187EF31B: Finished taking a snapshot at:(t:13, i:0) file:/home/runner/work/ozone/ozone/hadoop-ozone/integration-test/target/test-dir/MiniOzoneClusterImpl-486ed80b-b12a-4e60-b5dc-4c94b273e9da/datanode-1/data/ratis/e5e26e4d-8c1c-4cb9-8045-b597187ef31b/sm/snapshot.13_0 took: 0 ms
2021-10-24 01:35:29,849 [0014d44f-57a6-4d7b-99a8-c9e31c05b4da@group-B597187EF31B-StateMachineUpdater] INFO  impl.StateMachineUpdater (StateMachineUpdater.java:takeSnapshot(281)) - 0014d44f-57a6-4d7b-99a8-c9e31c05b4da@group-B597187EF31B-StateMachineUpdater: Took a snapshot at index 0
2021-10-24 01:35:29,849 [0014d44f-57a6-4d7b-99a8-c9e31c05b4da@group-B597187EF31B-StateMachineUpdater] INFO  impl.StateMachineUpdater (StateMachineUpdater.java:lambda$new$0(89)) - 0014d44f-57a6-4d7b-99a8-c9e31c05b4da@group-B597187EF31B-StateMachineUpdater: snapshotIndex: updateIncreasingly -1 -> 0
2021-10-24 01:35:29,850 [ForkJoinPool.commonPool-worker-1] INFO  ozoneimpl.OzoneContainer (OzoneContainer.java:stop(325)) - Attempting to stop container services.
2021-10-24 01:35:29,851 [ForkJoinPool.commonPool-worker-1] INFO  utils.BackgroundService (BackgroundService.java:shutdown(132)) - Shutting down service BlockDeletingService
2021-10-24 01:35:29,872 [Time-limited test] INFO  server.RaftServer$Division (ServerState.java:close(419)) - 0014d44f-57a6-4d7b-99a8-c9e31c05b4da@group-B597187EF31B: closes. applyIndex: 0
2021-10-24 01:35:29,873 [0014d44f-57a6-4d7b-99a8-c9e31c05b4da@group-B597187EF31B-SegmentedRaftLogWorker] INFO  segmented.SegmentedRaftLogWorker (SegmentedRaftLogWorker.java:run(327)) - 0014d44f-57a6-4d7b-99a8-c9e31c05b4da@group-B597187EF31B-SegmentedRaftLogWorker was interrupted, exiting. There are 0 tasks remaining in the queue.
2021-10-24 01:35:29,873 [Time-limited test] INFO  segmented.SegmentedRaftLogWorker (SegmentedRaftLogWorker.java:close(237)) - 0014d44f-57a6-4d7b-99a8-c9e31c05b4da@group-B597187EF31B-SegmentedRaftLogWorker close()
2021-10-24 01:35:29,876 [Time-limited test] INFO  server.GrpcService (GrpcService.java:closeImpl(262)) - 0014d44f-57a6-4d7b-99a8-c9e31c05b4da: shutdown server with port 43619 now
2021-10-24 01:35:29,898 [0014d44f-57a6-4d7b-99a8-c9e31c05b4da@group-B597187EF31B->a92b67d1-e676-4bfd-b773-60efead6e052-GrpcLogAppender-LogAppenderDaemon] WARN  server.GrpcLogAppender (GrpcLogAppender.java:mayWait(177)) - 0014d44f-57a6-4d7b-99a8-c9e31c05b4da@group-B597187EF31B->a92b67d1-e676-4bfd-b773-60efead6e052-GrpcLogAppender: Wait interrupted by java.lang.InterruptedException
2021-10-24 01:35:29,908 [grpc-default-executor-3] INFO  server.GrpcServerProtocolService (GrpcServerProtocolService.java:onCompleted(140)) - a92b67d1-e676-4bfd-b773-60efead6e052: Completed APPEND_ENTRIES, lastRequest: 0014d44f-57a6-4d7b-99a8-c9e31c05b4da->a92b67d1-e676-4bfd-b773-60efead6e052#1-t13,previous=(t:0, i:0),leaderCommit=0,initializing? true,entries: size=1, first=(t:13, i:0), CONFIGURATIONENTRY
2021-10-24 01:35:29,912 [Time-limited test] INFO  server.GrpcService (GrpcService.java:closeImpl(271)) - 0014d44f-57a6-4d7b-99a8-c9e31c05b4da: shutdown server with port 43619 successfully
2021-10-24 01:35:29,913 [org.apache.ratis.util.JvmPauseMonitor$$Lambda$531/1642995058@3f81fbe0] INFO  util.JvmPauseMonitor (JvmPauseMonitor.java:run(109)) - JvmPauseMonitor-0014d44f-57a6-4d7b-99a8-c9e31c05b4da: Stopped
2021-10-24 01:35:29,925 [grpc-default-executor-3] INFO  server.GrpcLogAppender (GrpcLogAppender.java:onCompleted(346)) - 0014d44f-57a6-4d7b-99a8-c9e31c05b4da@group-B597187EF31B->a92b67d1-e676-4bfd-b773-60efead6e052-AppendLogResponseHandler: follower responses appendEntries COMPLETED
2021-10-24 01:35:29,925 [grpc-default-executor-3] WARN  server.GrpcLogAppender (GrpcLogAppender.java:resetClient(116)) - 0014d44f-57a6-4d7b-99a8-c9e31c05b4da@group-B597187EF31B->a92b67d1-e676-4bfd-b773-60efead6e052-GrpcLogAppender: Failed to getClient for a92b67d1-e676-4bfd-b773-60efead6e052
org.apache.ratis.protocol.exceptions.AlreadyClosedException: 0014d44f-57a6-4d7b-99a8-c9e31c05b4da is already CLOSED
	at org.apache.ratis.util.PeerProxyMap$PeerAndProxy.getProxy(PeerProxyMap.java:60)
	at org.apache.ratis.util.PeerProxyMap.getProxy(PeerProxyMap.java:114)
	at org.apache.ratis.grpc.server.GrpcLogAppender.getClient(GrpcLogAppender.java:95)
	at org.apache.ratis.grpc.server.GrpcLogAppender.resetClient(GrpcLogAppender.java:100)
	at org.apache.ratis.grpc.server.GrpcLogAppender.access$500(GrpcLogAppender.java:53)
	at org.apache.ratis.grpc.server.GrpcLogAppender$AppendLogResponseHandler.onCompleted(GrpcLogAppender.java:347)
	at org.apache.ratis.thirdparty.io.grpc.stub.ClientCalls$StreamObserverToCallListenerAdapter.onClose(ClientCalls.java:476)
	at org.apache.ratis.thirdparty.io.grpc.internal.ClientCallImpl.closeObserver(ClientCallImpl.java:616)
	at org.apache.ratis.thirdparty.io.grpc.internal.ClientCallImpl.access$300(ClientCallImpl.java:69)
	at org.apache.ratis.thirdparty.io.grpc.internal.ClientCallImpl$ClientStreamListenerImpl$1StreamClosed.runInternal(ClientCallImpl.java:802)
	at org.apache.ratis.thirdparty.io.grpc.internal.ClientCallImpl$ClientStreamListenerImpl$1StreamClosed.runInContext(ClientCallImpl.java:781)
	at org.apache.ratis.thirdparty.io.grpc.internal.ContextRunnable.run(ContextRunnable.java:37)
	at org.apache.ratis.thirdparty.io.grpc.internal.SerializingExecutor.run(SerializingExecutor.java:123)
	at java.util.concurrent.ThreadPoolExecutor.runWorker(ThreadPoolExecutor.java:1149)
	at java.util.concurrent.ThreadPoolExecutor$Worker.run(ThreadPoolExecutor.java:624)
	at java.lang.Thread.run(Thread.java:748)
2021-10-24 01:35:29,937 [Time-limited test] INFO  utils.BackgroundService (BackgroundService.java:shutdown(132)) - Shutting down service BlockDeletingService
2021-10-24 01:35:30,320 [EndpointStateMachine task thread for /0.0.0.0:34027 - 0 ] INFO  ipc.Client (Client.java:handleConnectionFailure(977)) - Retrying connect to server: 0.0.0.0/0.0.0.0:34027. Already tried 12 time(s); retry policy is RetryUpToMaximumCountWithFixedSleep(maxRetries=15, sleepTime=1000 MILLISECONDS)
2021-10-24 01:35:31,320 [EndpointStateMachine task thread for /0.0.0.0:34027 - 0 ] INFO  ipc.Client (Client.java:handleConnectionFailure(977)) - Retrying connect to server: 0.0.0.0/0.0.0.0:34027. Already tried 13 time(s); retry policy is RetryUpToMaximumCountWithFixedSleep(maxRetries=15, sleepTime=1000 MILLISECONDS)
2021-10-24 01:35:32,088 [Datanode State Machine Daemon Thread] ERROR datanode.RunningDatanodeState (RunningDatanodeState.java:computeNextContainerState(199)) - Error in executing end point task.
java.util.concurrent.ExecutionException: java.util.concurrent.TimeoutException
	at java.util.concurrent.FutureTask.report(FutureTask.java:122)
	at java.util.concurrent.FutureTask.get(FutureTask.java:192)
	at org.apache.hadoop.ozone.container.common.states.datanode.RunningDatanodeState.computeNextContainerState(RunningDatanodeState.java:191)
	at org.apache.hadoop.ozone.container.common.states.datanode.RunningDatanodeState.await(RunningDatanodeState.java:231)
	at org.apache.hadoop.ozone.container.common.states.datanode.RunningDatanodeState.await(RunningDatanodeState.java:50)
	at org.apache.hadoop.ozone.container.common.statemachine.StateContext.execute(StateContext.java:633)
	at org.apache.hadoop.ozone.container.common.statemachine.DatanodeStateMachine.start(DatanodeStateMachine.java:280)
	at org.apache.hadoop.ozone.container.common.statemachine.DatanodeStateMachine.lambda$startDaemon$0(DatanodeStateMachine.java:468)
	at java.lang.Thread.run(Thread.java:748)
Caused by: java.util.concurrent.TimeoutException
	at java.util.concurrent.FutureTask.get(FutureTask.java:205)
	at org.apache.hadoop.ozone.container.common.states.datanode.RunningDatanodeState.lambda$execute$0(RunningDatanodeState.java:149)
	at java.util.concurrent.FutureTask.run(FutureTask.java:266)
	at java.util.concurrent.Executors$RunnableAdapter.call(Executors.java:511)
	at java.util.concurrent.FutureTask.run(FutureTask.java:266)
	at java.util.concurrent.ThreadPoolExecutor.runWorker(ThreadPoolExecutor.java:1149)
	at java.util.concurrent.ThreadPoolExecutor$Worker.run(ThreadPoolExecutor.java:624)
	... 1 more
2021-10-24 01:35:32,321 [EndpointStateMachine task thread for /0.0.0.0:34027 - 0 ] INFO  ipc.Client (Client.java:handleConnectionFailure(977)) - Retrying connect to server: 0.0.0.0/0.0.0.0:34027. Already tried 14 time(s); retry policy is RetryUpToMaximumCountWithFixedSleep(maxRetries=15, sleepTime=1000 MILLISECONDS)
2021-10-24 01:35:32,322 [EndpointStateMachine task thread for /0.0.0.0:34027 - 0 ] WARN  statemachine.EndpointStateMachine (EndpointStateMachine.java:logIfNeeded(236)) - Unable to communicate to SCM server at 0.0.0.0:34027 for past 0 seconds.
java.net.ConnectException: Your endpoint configuration is wrong; For more details see:  http://wiki.apache.org/hadoop/UnsetHostnameOrPort
	at sun.reflect.NativeConstructorAccessorImpl.newInstance0(Native Method)
	at sun.reflect.NativeConstructorAccessorImpl.newInstance(NativeConstructorAccessorImpl.java:62)
	at sun.reflect.DelegatingConstructorAccessorImpl.newInstance(DelegatingConstructorAccessorImpl.java:45)
	at java.lang.reflect.Constructor.newInstance(Constructor.java:423)
	at org.apache.hadoop.net.NetUtils.wrapWithMessage(NetUtils.java:913)
	at org.apache.hadoop.net.NetUtils.wrapException(NetUtils.java:824)
	at org.apache.hadoop.ipc.Client.getRpcResponse(Client.java:1577)
	at org.apache.hadoop.ipc.Client.call(Client.java:1519)
	at org.apache.hadoop.ipc.Client.call(Client.java:1416)
	at org.apache.hadoop.ipc.ProtobufRpcEngine$Invoker.invoke(ProtobufRpcEngine.java:236)
	at org.apache.hadoop.ipc.ProtobufRpcEngine$Invoker.invoke(ProtobufRpcEngine.java:123)
	at com.sun.proxy.$Proxy49.submitRequest(Unknown Source)
	at org.apache.hadoop.ozone.protocolPB.StorageContainerDatanodeProtocolClientSideTranslatorPB.submitRequest(StorageContainerDatanodeProtocolClientSideTranslatorPB.java:117)
	at org.apache.hadoop.ozone.protocolPB.StorageContainerDatanodeProtocolClientSideTranslatorPB.getVersion(StorageContainerDatanodeProtocolClientSideTranslatorPB.java:133)
	at org.apache.hadoop.ozone.container.common.states.endpoint.VersionEndpointTask.call(VersionEndpointTask.java:71)
	at org.apache.hadoop.ozone.container.common.states.endpoint.VersionEndpointTask.call(VersionEndpointTask.java:42)
	at java.util.concurrent.FutureTask.run(FutureTask.java:266)
	at java.util.concurrent.ThreadPoolExecutor.runWorker(ThreadPoolExecutor.java:1149)
	at java.util.concurrent.ThreadPoolExecutor$Worker.run(ThreadPoolExecutor.java:624)
	at java.lang.Thread.run(Thread.java:748)
Caused by: java.net.ConnectException: Connection refused
	at sun.nio.ch.SocketChannelImpl.checkConnect(Native Method)
	at sun.nio.ch.SocketChannelImpl.finishConnect(SocketChannelImpl.java:716)
	at org.apache.hadoop.net.SocketIOWithTimeout.connect(SocketIOWithTimeout.java:206)
	at org.apache.hadoop.net.NetUtils.connect(NetUtils.java:586)
	at org.apache.hadoop.ipc.Client$Connection.setupConnection(Client.java:701)
	at org.apache.hadoop.ipc.Client$Connection.setupIOstreams(Client.java:822)
	at org.apache.hadoop.ipc.Client$Connection.access$3800(Client.java:414)
	at org.apache.hadoop.ipc.Client.getConnection(Client.java:1647)
	at org.apache.hadoop.ipc.Client.call(Client.java:1463)
	... 12 more
2021-10-24 01:35:32,853 [ForkJoinPool.commonPool-worker-1] INFO  statemachine.DatanodeStateMachine (DatanodeStateMachine.java:stopDaemon(526)) - Ozone container server stopped.
2021-10-24 01:35:32,853 [ForkJoinPool.commonPool-worker-1] INFO  handler.ContextHandler (ContextHandler.java:doStop(1153)) - Stopped o.e.j.w.WebAppContext@72905cbd{hddsDatanode,/,null,STOPPED}{jar:file:/home/runner/.m2/repository/org/apache/ozone/hdds-container-service/1.2.0-SNAPSHOT/hdds-container-service-1.2.0-SNAPSHOT.jar!/webapps/hddsDatanode}
2021-10-24 01:35:32,854 [ForkJoinPool.commonPool-worker-1] INFO  server.AbstractConnector (AbstractConnector.java:doStop(381)) - Stopped ServerConnector@6ba26821{HTTP/1.1, (http/1.1)}{0.0.0.0:43373}
2021-10-24 01:35:32,854 [ForkJoinPool.commonPool-worker-1] INFO  server.session (HouseKeeper.java:stopScavenging(149)) - node0 Stopped scavenging
2021-10-24 01:35:32,854 [ForkJoinPool.commonPool-worker-1] INFO  handler.ContextHandler (ContextHandler.java:doStop(1153)) - Stopped o.e.j.s.ServletContextHandler@4011fdb4{static,/static,jar:file:/home/runner/.m2/repository/org/apache/ozone/hdds-container-service/1.2.0-SNAPSHOT/hdds-container-service-1.2.0-SNAPSHOT.jar!/webapps/static,STOPPED}
2021-10-24 01:35:32,855 [ForkJoinPool.commonPool-worker-1] INFO  handler.ContextHandler (ContextHandler.java:doStop(1153)) - Stopped o.e.j.s.ServletContextHandler@1a1d20b0{logs,/logs,file:///home/runner/work/ozone/ozone/hadoop-ozone/integration-test/target/log,STOPPED}
2021-10-24 01:35:32,953 [Time-limited test] INFO  statemachine.DatanodeStateMachine (DatanodeStateMachine.java:stopDaemon(526)) - Ozone container server stopped.
2021-10-24 01:35:32,957 [Time-limited test] INFO  handler.ContextHandler (ContextHandler.java:doStop(1153)) - Stopped o.e.j.w.WebAppContext@3282d976{hddsDatanode,/,null,STOPPED}{jar:file:/home/runner/.m2/repository/org/apache/ozone/hdds-container-service/1.2.0-SNAPSHOT/hdds-container-service-1.2.0-SNAPSHOT.jar!/webapps/hddsDatanode}
2021-10-24 01:35:32,959 [Time-limited test] INFO  server.AbstractConnector (AbstractConnector.java:doStop(381)) - Stopped ServerConnector@112282fb{HTTP/1.1, (http/1.1)}{0.0.0.0:0}
2021-10-24 01:35:32,959 [Time-limited test] INFO  server.session (HouseKeeper.java:stopScavenging(149)) - node0 Stopped scavenging
2021-10-24 01:35:32,962 [Time-limited test] INFO  handler.ContextHandler (ContextHandler.java:doStop(1153)) - Stopped o.e.j.s.ServletContextHandler@764c0349{static,/static,jar:file:/home/runner/.m2/repository/org/apache/ozone/hdds-container-service/1.2.0-SNAPSHOT/hdds-container-service-1.2.0-SNAPSHOT.jar!/webapps/static,STOPPED}
2021-10-24 01:35:32,962 [Time-limited test] INFO  handler.ContextHandler (ContextHandler.java:doStop(1153)) - Stopped o.e.j.s.ServletContextHandler@6a9bb264{logs,/logs,file:///home/runner/work/ozone/ozone/hadoop-ozone/integration-test/target/log,STOPPED}
2021-10-24 01:35:33,100 [Datanode State Machine Daemon Thread] WARN  statemachine.StateContext (StateContext.java:setState(249)) - Ignore disallowed transition from SHUTDOWN to RUNNING
2021-10-24 01:35:33,323 [EndpointStateMachine task thread for /0.0.0.0:34027 - 0 ] INFO  ipc.Client (Client.java:handleConnectionFailure(977)) - Retrying connect to server: 0.0.0.0/0.0.0.0:34027. Already tried 0 time(s); retry policy is RetryUpToMaximumCountWithFixedSleep(maxRetries=15, sleepTime=1000 MILLISECONDS)
2021-10-24 01:35:34,323 [EndpointStateMachine task thread for /0.0.0.0:34027 - 0 ] INFO  ipc.Client (Client.java:handleConnectionFailure(977)) - Retrying connect to server: 0.0.0.0/0.0.0.0:34027. Already tried 1 time(s); retry policy is RetryUpToMaximumCountWithFixedSleep(maxRetries=15, sleepTime=1000 MILLISECONDS)
2021-10-24 01:35:35,324 [EndpointStateMachine task thread for /0.0.0.0:34027 - 0 ] INFO  ipc.Client (Client.java:handleConnectionFailure(977)) - Retrying connect to server: 0.0.0.0/0.0.0.0:34027. Already tried 2 time(s); retry policy is RetryUpToMaximumCountWithFixedSleep(maxRetries=15, sleepTime=1000 MILLISECONDS)
2021-10-24 01:35:36,324 [EndpointStateMachine task thread for /0.0.0.0:34027 - 0 ] INFO  ipc.Client (Client.java:handleConnectionFailure(977)) - Retrying connect to server: 0.0.0.0/0.0.0.0:34027. Already tried 3 time(s); retry policy is RetryUpToMaximumCountWithFixedSleep(maxRetries=15, sleepTime=1000 MILLISECONDS)
2021-10-24 01:35:37,043 [a92b67d1-e676-4bfd-b773-60efead6e052@group-B597187EF31B-FollowerState] INFO  impl.FollowerState (FollowerState.java:run(134)) - a92b67d1-e676-4bfd-b773-60efead6e052@group-B597187EF31B-FollowerState: change to CANDIDATE, lastRpcElapsedTime:7974716538ns, electionTimeout:5195ms
2021-10-24 01:35:37,043 [a92b67d1-e676-4bfd-b773-60efead6e052@group-B597187EF31B-FollowerState] INFO  impl.RoleInfo (RoleInfo.java:shutdownFollowerState(108)) - a92b67d1-e676-4bfd-b773-60efead6e052: shutdown a92b67d1-e676-4bfd-b773-60efead6e052@group-B597187EF31B-FollowerState
2021-10-24 01:35:37,043 [a92b67d1-e676-4bfd-b773-60efead6e052@group-B597187EF31B-FollowerState] INFO  server.RaftServer$Division (RaftServerImpl.java:setRole(290)) - a92b67d1-e676-4bfd-b773-60efead6e052@group-B597187EF31B: changes role from  FOLLOWER to CANDIDATE at term 13 for changeToCandidate
2021-10-24 01:35:37,044 [a92b67d1-e676-4bfd-b773-60efead6e052@group-B597187EF31B-FollowerState] INFO  server.RaftServerConfigKeys (ConfUtils.java:logGet(44)) - raft.server.leaderelection.pre-vote = false (custom)
2021-10-24 01:35:37,044 [a92b67d1-e676-4bfd-b773-60efead6e052@group-B597187EF31B-FollowerState] INFO  impl.RoleInfo (RoleInfo.java:updateAndGet(130)) - a92b67d1-e676-4bfd-b773-60efead6e052: start a92b67d1-e676-4bfd-b773-60efead6e052@group-B597187EF31B-LeaderElection35
2021-10-24 01:35:37,064 [a92b67d1-e676-4bfd-b773-60efead6e052@group-B597187EF31B-LeaderElection35] INFO  server.RaftServer$Division (ServerState.java:setLeader(285)) - a92b67d1-e676-4bfd-b773-60efead6e052@group-B597187EF31B: change Leader from 0014d44f-57a6-4d7b-99a8-c9e31c05b4da to null at term 13 for ELECTION
2021-10-24 01:35:37,070 [a92b67d1-e676-4bfd-b773-60efead6e052@group-B597187EF31B-LeaderElection35] INFO  impl.LeaderElection (LeaderElection.java:askForVotes(306)) - a92b67d1-e676-4bfd-b773-60efead6e052@group-B597187EF31B-LeaderElection35 ELECTION round 0: submit vote requests at term 14 for 0: [82e1ff8b-aab7-4b8c-8207-e5ba7d0f8a1f|rpc:10.1.0.11:39599|dataStream:|priority:0, a92b67d1-e676-4bfd-b773-60efead6e052|rpc:10.1.0.11:32963|dataStream:|priority:0, 0014d44f-57a6-4d7b-99a8-c9e31c05b4da|rpc:10.1.0.11:43619|dataStream:|priority:1], old=null
2021-10-24 01:35:37,098 [a92b67d1-e676-4bfd-b773-60efead6e052@group-B597187EF31B-LeaderElection35] INFO  impl.LeaderElection (LogUtils.java:infoOrTrace(137)) - a92b67d1-e676-4bfd-b773-60efead6e052@group-B597187EF31B-LeaderElection35 got exception when requesting votes: java.util.concurrent.ExecutionException: org.apache.ratis.thirdparty.io.grpc.StatusRuntimeException: UNAVAILABLE: io exception
2021-10-24 01:35:37,125 [a92b67d1-e676-4bfd-b773-60efead6e052@group-B597187EF31B-LeaderElection35] INFO  impl.LeaderElection (LogUtils.java:infoOrTrace(137)) - a92b67d1-e676-4bfd-b773-60efead6e052@group-B597187EF31B-LeaderElection35 got exception when requesting votes: java.util.concurrent.ExecutionException: org.apache.ratis.thirdparty.io.grpc.StatusRuntimeException: UNAVAILABLE: io exception
2021-10-24 01:35:37,125 [a92b67d1-e676-4bfd-b773-60efead6e052@group-B597187EF31B-LeaderElection35] INFO  impl.LeaderElection (LeaderElection.java:logAndReturn(89)) - a92b67d1-e676-4bfd-b773-60efead6e052@group-B597187EF31B-LeaderElection35: ELECTION REJECTED received 0 response(s) and 2 exception(s):
2021-10-24 01:35:37,125 [a92b67d1-e676-4bfd-b773-60efead6e052@group-B597187EF31B-LeaderElection35] INFO  impl.LeaderElection (LogUtils.java:infoOrTrace(137)) -   Exception 0: java.util.concurrent.ExecutionException: org.apache.ratis.thirdparty.io.grpc.StatusRuntimeException: UNAVAILABLE: io exception
2021-10-24 01:35:37,125 [a92b67d1-e676-4bfd-b773-60efead6e052@group-B597187EF31B-LeaderElection35] INFO  impl.LeaderElection (LogUtils.java:infoOrTrace(137)) -   Exception 1: java.util.concurrent.ExecutionException: org.apache.ratis.thirdparty.io.grpc.StatusRuntimeException: UNAVAILABLE: io exception
2021-10-24 01:35:37,125 [a92b67d1-e676-4bfd-b773-60efead6e052@group-B597187EF31B-LeaderElection35] INFO  impl.LeaderElection (LeaderElection.java:askForVotes(308)) - a92b67d1-e676-4bfd-b773-60efead6e052@group-B597187EF31B-LeaderElection35 ELECTION round 0: result REJECTED
2021-10-24 01:35:37,128 [a92b67d1-e676-4bfd-b773-60efead6e052@group-B597187EF31B-LeaderElection35] INFO  server.RaftServer$Division (RaftServerImpl.java:setRole(290)) - a92b67d1-e676-4bfd-b773-60efead6e052@group-B597187EF31B: changes role from CANDIDATE to FOLLOWER at term 14 for REJECTED
2021-10-24 01:35:37,128 [a92b67d1-e676-4bfd-b773-60efead6e052@group-B597187EF31B-LeaderElection35] INFO  impl.RoleInfo (RoleInfo.java:shutdownLeaderElection(121)) - a92b67d1-e676-4bfd-b773-60efead6e052: shutdown a92b67d1-e676-4bfd-b773-60efead6e052@group-B597187EF31B-LeaderElection35
2021-10-24 01:35:37,128 [a92b67d1-e676-4bfd-b773-60efead6e052@group-B597187EF31B-LeaderElection35] INFO  impl.RoleInfo (RoleInfo.java:updateAndGet(130)) - a92b67d1-e676-4bfd-b773-60efead6e052: start a92b67d1-e676-4bfd-b773-60efead6e052@group-B597187EF31B-FollowerState
2021-10-24 01:35:37,325 [EndpointStateMachine task thread for /0.0.0.0:34027 - 0 ] INFO  ipc.Client (Client.java:handleConnectionFailure(977)) - Retrying connect to server: 0.0.0.0/0.0.0.0:34027. Already tried 4 time(s); retry policy is RetryUpToMaximumCountWithFixedSleep(maxRetries=15, sleepTime=1000 MILLISECONDS)
2021-10-24 01:35:37,859 [ForkJoinPool.commonPool-worker-1] INFO  ozoneimpl.OzoneContainer (OzoneContainer.java:stop(325)) - Attempting to stop container services.
2021-10-24 01:35:37,861 [ForkJoinPool.commonPool-worker-1] INFO  server.RaftServer (RaftServerProxy.java:lambda$close$6(391)) - a92b67d1-e676-4bfd-b773-60efead6e052: close
2021-10-24 01:35:37,861 [ForkJoinPool.commonPool-worker-1] INFO  server.RaftServer$Division (RaftServerImpl.java:lambda$close$4(412)) - a92b67d1-e676-4bfd-b773-60efead6e052@group-8D3BF6E7BA30: shutdown
2021-10-24 01:35:37,861 [ForkJoinPool.commonPool-worker-1] INFO  util.JmxRegister (JmxRegister.java:unregister(73)) - Successfully un-registered JMX Bean with object name Ratis:service=RaftServer,group=group-8D3BF6E7BA30,id=a92b67d1-e676-4bfd-b773-60efead6e052
2021-10-24 01:35:37,861 [ForkJoinPool.commonPool-worker-1] INFO  impl.RoleInfo (RoleInfo.java:shutdownLeaderState(91)) - a92b67d1-e676-4bfd-b773-60efead6e052: shutdown a92b67d1-e676-4bfd-b773-60efead6e052@group-8D3BF6E7BA30-LeaderStateImpl
2021-10-24 01:35:37,861 [ForkJoinPool.commonPool-worker-1] INFO  impl.PendingRequests (PendingRequests.java:sendNotLeaderResponses(282)) - a92b67d1-e676-4bfd-b773-60efead6e052@group-8D3BF6E7BA30-PendingRequests: sendNotLeaderResponses
2021-10-24 01:35:37,862 [ForkJoinPool.commonPool-worker-1] INFO  impl.StateMachineUpdater (StateMachineUpdater.java:stopAndJoin(149)) - a92b67d1-e676-4bfd-b773-60efead6e052@group-8D3BF6E7BA30-StateMachineUpdater: set stopIndex = 0
2021-10-24 01:35:37,862 [a92b67d1-e676-4bfd-b773-60efead6e052@group-8D3BF6E7BA30-StateMachineUpdater] INFO  ratis.ContainerStateMachine (ContainerStateMachine.java:takeSnapshot(292)) - group-8D3BF6E7BA30: Taking a snapshot at:(t:1, i:0) file /home/runner/work/ozone/ozone/hadoop-ozone/integration-test/target/test-dir/MiniOzoneClusterImpl-486ed80b-b12a-4e60-b5dc-4c94b273e9da/datanode-2/data/ratis/617166f7-0180-4545-97af-8d3bf6e7ba30/sm/snapshot.1_0
2021-10-24 01:35:37,863 [a92b67d1-e676-4bfd-b773-60efead6e052@group-8D3BF6E7BA30-StateMachineUpdater] INFO  ratis.ContainerStateMachine (ContainerStateMachine.java:takeSnapshot(303)) - group-8D3BF6E7BA30: Finished taking a snapshot at:(t:1, i:0) file:/home/runner/work/ozone/ozone/hadoop-ozone/integration-test/target/test-dir/MiniOzoneClusterImpl-486ed80b-b12a-4e60-b5dc-4c94b273e9da/datanode-2/data/ratis/617166f7-0180-4545-97af-8d3bf6e7ba30/sm/snapshot.1_0 took: 0 ms
2021-10-24 01:35:37,863 [a92b67d1-e676-4bfd-b773-60efead6e052@group-8D3BF6E7BA30-StateMachineUpdater] INFO  impl.StateMachineUpdater (StateMachineUpdater.java:takeSnapshot(281)) - a92b67d1-e676-4bfd-b773-60efead6e052@group-8D3BF6E7BA30-StateMachineUpdater: Took a snapshot at index 0
2021-10-24 01:35:37,863 [a92b67d1-e676-4bfd-b773-60efead6e052@group-8D3BF6E7BA30-StateMachineUpdater] INFO  impl.StateMachineUpdater (StateMachineUpdater.java:lambda$new$0(89)) - a92b67d1-e676-4bfd-b773-60efead6e052@group-8D3BF6E7BA30-StateMachineUpdater: snapshotIndex: updateIncreasingly -1 -> 0
2021-10-24 01:35:37,865 [ForkJoinPool.commonPool-worker-1] INFO  server.RaftServer$Division (ServerState.java:close(419)) - a92b67d1-e676-4bfd-b773-60efead6e052@group-8D3BF6E7BA30: closes. applyIndex: 0
2021-10-24 01:35:37,865 [a92b67d1-e676-4bfd-b773-60efead6e052@group-8D3BF6E7BA30-SegmentedRaftLogWorker] INFO  segmented.SegmentedRaftLogWorker (SegmentedRaftLogWorker.java:run(327)) - a92b67d1-e676-4bfd-b773-60efead6e052@group-8D3BF6E7BA30-SegmentedRaftLogWorker was interrupted, exiting. There are 0 tasks remaining in the queue.
2021-10-24 01:35:37,865 [ForkJoinPool.commonPool-worker-1] INFO  segmented.SegmentedRaftLogWorker (SegmentedRaftLogWorker.java:close(237)) - a92b67d1-e676-4bfd-b773-60efead6e052@group-8D3BF6E7BA30-SegmentedRaftLogWorker close()
2021-10-24 01:35:37,866 [ForkJoinPool.commonPool-worker-1] INFO  server.RaftServer$Division (RaftServerImpl.java:lambda$close$4(412)) - a92b67d1-e676-4bfd-b773-60efead6e052@group-B597187EF31B: shutdown
2021-10-24 01:35:37,866 [ForkJoinPool.commonPool-worker-1] INFO  util.JmxRegister (JmxRegister.java:unregister(73)) - Successfully un-registered JMX Bean with object name Ratis:service=RaftServer,group=group-B597187EF31B,id=a92b67d1-e676-4bfd-b773-60efead6e052
2021-10-24 01:35:37,866 [ForkJoinPool.commonPool-worker-1] INFO  impl.RoleInfo (RoleInfo.java:shutdownFollowerState(108)) - a92b67d1-e676-4bfd-b773-60efead6e052: shutdown a92b67d1-e676-4bfd-b773-60efead6e052@group-B597187EF31B-FollowerState
2021-10-24 01:35:37,866 [ForkJoinPool.commonPool-worker-1] INFO  impl.StateMachineUpdater (StateMachineUpdater.java:stopAndJoin(149)) - a92b67d1-e676-4bfd-b773-60efead6e052@group-B597187EF31B-StateMachineUpdater: set stopIndex = 0
2021-10-24 01:35:37,866 [a92b67d1-e676-4bfd-b773-60efead6e052@group-B597187EF31B-FollowerState] INFO  impl.FollowerState (FollowerState.java:run(143)) - a92b67d1-e676-4bfd-b773-60efead6e052@group-B597187EF31B-FollowerState was interrupted: {}
java.lang.InterruptedException: sleep interrupted
	at java.lang.Thread.sleep(Native Method)
	at java.lang.Thread.sleep(Thread.java:340)
	at java.util.concurrent.TimeUnit.sleep(TimeUnit.java:386)
	at org.apache.ratis.util.TimeDuration.sleep(TimeDuration.java:324)
	at org.apache.ratis.util.TimeDuration.sleep(TimeDuration.java:309)
	at org.apache.ratis.server.impl.FollowerState.run(FollowerState.java:118)
2021-10-24 01:35:37,884 [a92b67d1-e676-4bfd-b773-60efead6e052@group-B597187EF31B-StateMachineUpdater] INFO  ratis.ContainerStateMachine (ContainerStateMachine.java:takeSnapshot(292)) - group-B597187EF31B: Taking a snapshot at:(t:13, i:0) file /home/runner/work/ozone/ozone/hadoop-ozone/integration-test/target/test-dir/MiniOzoneClusterImpl-486ed80b-b12a-4e60-b5dc-4c94b273e9da/datanode-2/data/ratis/e5e26e4d-8c1c-4cb9-8045-b597187ef31b/sm/snapshot.13_0
2021-10-24 01:35:37,885 [a92b67d1-e676-4bfd-b773-60efead6e052@group-B597187EF31B-StateMachineUpdater] INFO  ratis.ContainerStateMachine (ContainerStateMachine.java:takeSnapshot(303)) - group-B597187EF31B: Finished taking a snapshot at:(t:13, i:0) file:/home/runner/work/ozone/ozone/hadoop-ozone/integration-test/target/test-dir/MiniOzoneClusterImpl-486ed80b-b12a-4e60-b5dc-4c94b273e9da/datanode-2/data/ratis/e5e26e4d-8c1c-4cb9-8045-b597187ef31b/sm/snapshot.13_0 took: 1 ms
2021-10-24 01:35:37,885 [a92b67d1-e676-4bfd-b773-60efead6e052@group-B597187EF31B-StateMachineUpdater] INFO  impl.StateMachineUpdater (StateMachineUpdater.java:takeSnapshot(281)) - a92b67d1-e676-4bfd-b773-60efead6e052@group-B597187EF31B-StateMachineUpdater: Took a snapshot at index 0
2021-10-24 01:35:37,885 [a92b67d1-e676-4bfd-b773-60efead6e052@group-B597187EF31B-StateMachineUpdater] INFO  impl.StateMachineUpdater (StateMachineUpdater.java:lambda$new$0(89)) - a92b67d1-e676-4bfd-b773-60efead6e052@group-B597187EF31B-StateMachineUpdater: snapshotIndex: updateIncreasingly -1 -> 0
2021-10-24 01:35:37,886 [ForkJoinPool.commonPool-worker-1] INFO  server.RaftServer$Division (ServerState.java:close(419)) - a92b67d1-e676-4bfd-b773-60efead6e052@group-B597187EF31B: closes. applyIndex: 0
2021-10-24 01:35:37,886 [a92b67d1-e676-4bfd-b773-60efead6e052@group-B597187EF31B-SegmentedRaftLogWorker] INFO  segmented.SegmentedRaftLogWorker (SegmentedRaftLogWorker.java:run(327)) - a92b67d1-e676-4bfd-b773-60efead6e052@group-B597187EF31B-SegmentedRaftLogWorker was interrupted, exiting. There are 0 tasks remaining in the queue.
2021-10-24 01:35:37,886 [ForkJoinPool.commonPool-worker-1] INFO  segmented.SegmentedRaftLogWorker (SegmentedRaftLogWorker.java:close(237)) - a92b67d1-e676-4bfd-b773-60efead6e052@group-B597187EF31B-SegmentedRaftLogWorker close()
2021-10-24 01:35:37,887 [ForkJoinPool.commonPool-worker-1] INFO  server.GrpcService (GrpcService.java:closeImpl(262)) - a92b67d1-e676-4bfd-b773-60efead6e052: shutdown server with port 32963 now
2021-10-24 01:35:37,888 [ForkJoinPool.commonPool-worker-1] INFO  server.GrpcService (GrpcService.java:closeImpl(271)) - a92b67d1-e676-4bfd-b773-60efead6e052: shutdown server with port 32963 successfully
2021-10-24 01:35:37,888 [org.apache.ratis.util.JvmPauseMonitor$$Lambda$531/1642995058@59155b96] INFO  util.JvmPauseMonitor (JvmPauseMonitor.java:run(109)) - JvmPauseMonitor-a92b67d1-e676-4bfd-b773-60efead6e052: Stopped
2021-10-24 01:35:37,889 [ForkJoinPool.commonPool-worker-1] INFO  utils.BackgroundService (BackgroundService.java:shutdown(132)) - Shutting down service BlockDeletingService
2021-10-24 01:35:38,326 [EndpointStateMachine task thread for /0.0.0.0:34027 - 0 ] INFO  ipc.Client (Client.java:handleConnectionFailure(977)) - Retrying connect to server: 0.0.0.0/0.0.0.0:34027. Already tried 5 time(s); retry policy is RetryUpToMaximumCountWithFixedSleep(maxRetries=15, sleepTime=1000 MILLISECONDS)
2021-10-24 01:35:39,326 [EndpointStateMachine task thread for /0.0.0.0:34027 - 0 ] INFO  ipc.Client (Client.java:handleConnectionFailure(977)) - Retrying connect to server: 0.0.0.0/0.0.0.0:34027. Already tried 6 time(s); retry policy is RetryUpToMaximumCountWithFixedSleep(maxRetries=15, sleepTime=1000 MILLISECONDS)
2021-10-24 01:35:40,329 [EndpointStateMachine task thread for /0.0.0.0:34027 - 0 ] INFO  ipc.Client (Client.java:handleConnectionFailure(977)) - Retrying connect to server: 0.0.0.0/0.0.0.0:34027. Already tried 7 time(s); retry policy is RetryUpToMaximumCountWithFixedSleep(maxRetries=15, sleepTime=1000 MILLISECONDS)
2021-10-24 01:35:40,890 [ForkJoinPool.commonPool-worker-1] INFO  statemachine.DatanodeStateMachine (DatanodeStateMachine.java:stopDaemon(526)) - Ozone container server stopped.
2021-10-24 01:35:40,890 [ForkJoinPool.commonPool-worker-1] INFO  handler.ContextHandler (ContextHandler.java:doStop(1153)) - Stopped o.e.j.w.WebAppContext@4822582f{hddsDatanode,/,null,STOPPED}{jar:file:/home/runner/.m2/repository/org/apache/ozone/hdds-container-service/1.2.0-SNAPSHOT/hdds-container-service-1.2.0-SNAPSHOT.jar!/webapps/hddsDatanode}
2021-10-24 01:35:40,892 [ForkJoinPool.commonPool-worker-1] INFO  server.AbstractConnector (AbstractConnector.java:doStop(381)) - Stopped ServerConnector@7eb84564{HTTP/1.1, (http/1.1)}{0.0.0.0:0}
2021-10-24 01:35:40,892 [ForkJoinPool.commonPool-worker-1] INFO  server.session (HouseKeeper.java:stopScavenging(149)) - node0 Stopped scavenging
2021-10-24 01:35:40,892 [ForkJoinPool.commonPool-worker-1] INFO  handler.ContextHandler (ContextHandler.java:doStop(1153)) - Stopped o.e.j.s.ServletContextHandler@795e3ab4{static,/static,jar:file:/home/runner/.m2/repository/org/apache/ozone/hdds-container-service/1.2.0-SNAPSHOT/hdds-container-service-1.2.0-SNAPSHOT.jar!/webapps/static,STOPPED}
2021-10-24 01:35:40,893 [ForkJoinPool.commonPool-worker-1] INFO  handler.ContextHandler (ContextHandler.java:doStop(1153)) - Stopped o.e.j.s.ServletContextHandler@1587b7af{logs,/logs,file:///home/runner/work/ozone/ozone/hadoop-ozone/integration-test/target/log,STOPPED}
2021-10-24 01:35:40,894 [Time-limited test] INFO  ozone.MiniOzoneClusterImpl (MiniOzoneClusterImpl.java:stopSCM(542)) - Stopping the StorageContainerManager
2021-10-24 01:35:40,894 [Time-limited test] INFO  server.StorageContainerManager (StorageContainerManager.java:stop(1395)) - Stopping Container Balancer service.
2021-10-24 01:35:40,894 [Time-limited test] INFO  balancer.ContainerBalancer (ContainerBalancer.java:stop(773)) - Container Balancer is not running.
2021-10-24 01:35:40,894 [Time-limited test] INFO  server.StorageContainerManager (StorageContainerManager.java:stop(1402)) - Stopping Replication Manager Service.
2021-10-24 01:35:40,894 [Time-limited test] INFO  container.ReplicationManager (ReplicationManager.java:stop(357)) - Replication Monitor Thread is not running.
2021-10-24 01:35:40,894 [Time-limited test] INFO  server.StorageContainerManager (StorageContainerManager.java:stop(1409)) - Stopping the Datanode Admin Monitor.
2021-10-24 01:35:40,894 [Time-limited test] INFO  server.StorageContainerManager (StorageContainerManager.java:stop(1416)) - Stopping Lease Manager of the command watchers
2021-10-24 01:35:40,894 [Time-limited test] ERROR server.StorageContainerManager (StorageContainerManager.java:stop(1419)) - Lease Manager of the command watchers stop failed
2021-10-24 01:35:40,894 [Time-limited test] INFO  server.StorageContainerManager (StorageContainerManager.java:stop(1423)) - Stopping datanode service RPC server
2021-10-24 01:35:40,895 [Time-limited test] INFO  server.SCMDatanodeProtocolServer (SCMDatanodeProtocolServer.java:stop(389)) - Stopping the RPC server for DataNodes
2021-10-24 01:35:40,895 [Time-limited test] INFO  ipc.Server (Server.java:stop(3414)) - Stopping server on 34027
2021-10-24 01:35:40,895 [Time-limited test] INFO  server.StorageContainerManager (StorageContainerManager.java:stop(1431)) - Stopping block service RPC server
2021-10-24 01:35:40,895 [Time-limited test] INFO  server.SCMBlockProtocolServer (SCMBlockProtocolServer.java:stop(160)) - Stopping the RPC server for Block Protocol
2021-10-24 01:35:40,895 [Time-limited test] INFO  ipc.Server (Server.java:stop(3414)) - Stopping server on 42169
2021-10-24 01:35:40,895 [Time-limited test] INFO  server.StorageContainerManager (StorageContainerManager.java:stop(1438)) - Stopping the StorageContainerLocationProtocol RPC server
2021-10-24 01:35:40,895 [Time-limited test] INFO  server.SCMClientProtocolServer (SCMClientProtocolServer.java:stop(173)) - Stopping the RPC server for Client Protocol
2021-10-24 01:35:40,895 [Time-limited test] INFO  ipc.Server (Server.java:stop(3414)) - Stopping server on 34665
2021-10-24 01:35:40,895 [Time-limited test] INFO  server.StorageContainerManager (StorageContainerManager.java:stop(1445)) - Stopping Storage Container Manager HTTP server.
2021-10-24 01:35:40,900 [Time-limited test] INFO  server.StorageContainerManager (StorageContainerManager.java:stop(1456)) - Stopping Block Manager Service.
2021-10-24 01:35:40,900 [Time-limited test] INFO  utils.BackgroundService (BackgroundService.java:shutdown(132)) - Shutting down service SCMBlockDeletingService
2021-10-24 01:35:40,900 [Time-limited test] INFO  utils.BackgroundService (BackgroundService.java:shutdown(132)) - Shutting down service SCMBlockDeletingService
2021-10-24 01:35:40,900 [Time-limited test] INFO  server.StorageContainerManager (StorageContainerManager.java:stop(1483)) - Stopping SCM Event Queue.
2021-10-24 01:35:40,900 [Time-limited test] INFO  server.StorageContainerManager (StorageContainerManager.java:stop(1494)) - Stopping SCM HA services.
2021-10-24 01:35:40,900 [Time-limited test] WARN  pipeline.BackgroundPipelineCreator (BackgroundPipelineCreator.java:stop(154)) - RatisPipelineUtilsThread is not running, just ignore.
2021-10-24 01:35:40,900 [Time-limited test] INFO  server.StorageContainerManager (StorageContainerManager.java:stop(1504)) - Stopping SCM MetadataStore.
2021-10-24 01:35:40,900 [Time-limited test] INFO  impl.MetricsSystemImpl (MetricsSystemImpl.java:stop(210)) - Stopping HddsDatanode metrics system...
2021-10-24 01:35:40,901 [prometheus] INFO  impl.MetricsSinkAdapter (MetricsSinkAdapter.java:publishMetricsFromQueue(141)) - prometheus thread interrupted.
2021-10-24 01:35:40,905 [Time-limited test] INFO  impl.MetricsSystemImpl (MetricsSystemImpl.java:stop(216)) - HddsDatanode metrics system stopped.
]]></system-out>
  </testcase>
  <testcase name="testDatanodeIDPersistent" classname="org.apache.hadoop.ozone.TestMiniOzoneCluster" time="0.07"/>
  <testcase name="testContainerRandomPort" classname="org.apache.hadoop.ozone.TestMiniOzoneCluster" time="19.901"/>
</testsuite>