<?xml version="1.0" encoding="UTF-8"?>
<testsuite xmlns:xsi="http://www.w3.org/2001/XMLSchema-instance" xsi:noNamespaceSchemaLocation="https://maven.apache.org/surefire/maven-surefire-plugin/xsd/surefire-test-report.xsd" name="org.apache.hadoop.ozone.scm.TestSCMInstallSnapshotWithHA" time="197.695" tests="3" errors="1" skipped="0" failures="0">
  <properties>
    <property name="awt.toolkit" value="sun.awt.X11.XToolkit"/>
    <property name="file.encoding.pkg" value="sun.io"/>
    <property name="java.specification.version" value="1.8"/>
    <property name="sun.cpu.isalist" value=""/>
    <property name="sun.jnu.encoding" value="UTF-8"/>
    <property name="java.class.path" value="/home/runner/work/ozone/ozone/hadoop-ozone/integration-test/target/test-classes:/home/runner/work/ozone/ozone/hadoop-ozone/integration-test/target/classes:/home/runner/.m2/repository/org/apache/ozone/ozone-common/1.3.0-SNAPSHOT/ozone-common-1.3.0-SNAPSHOT.jar:/home/runner/.m2/repository/org/apache/commons/commons-compress/1.21/commons-compress-1.21.jar:/home/runner/.m2/repository/org/apache/ozone/hdds-common/1.3.0-SNAPSHOT/hdds-common-1.3.0-SNAPSHOT.jar:/home/runner/.m2/repository/org/apache/ozone/hdds-client/1.3.0-SNAPSHOT/hdds-client-1.3.0-SNAPSHOT.jar:/home/runner/.m2/repository/org/apache/ozone/ozone-interface-client/1.3.0-SNAPSHOT/ozone-interface-client-1.3.0-SNAPSHOT.jar:/home/runner/.m2/repository/org/apache/ozone/hdds-test-utils/1.3.0-SNAPSHOT/hdds-test-utils-1.3.0-SNAPSHOT.jar:/home/runner/.m2/repository/com/google/guava/guava/30.1.1-jre/guava-30.1.1-jre.jar:/home/runner/.m2/repository/com/google/guava/failureaccess/1.0.1/failureaccess-1.0.1.jar:/home/runner/.m2/repository/com/google/guava/listenablefuture/9999.0-empty-to-avoid-conflict-with-guava/listenablefuture-9999.0-empty-to-avoid-conflict-with-guava.jar:/home/runner/.m2/repository/com/google/code/findbugs/jsr305/3.0.0/jsr305-3.0.0.jar:/home/runner/.m2/repository/org/checkerframework/checker-qual/3.8.0/checker-qual-3.8.0.jar:/home/runner/.m2/repository/com/google/errorprone/error_prone_annotations/2.2.0/error_prone_annotations-2.2.0.jar:/home/runner/.m2/repository/com/google/j2objc/j2objc-annotations/1.3/j2objc-annotations-1.3.jar:/home/runner/.m2/repository/commons-io/commons-io/2.11.0/commons-io-2.11.0.jar:/home/runner/.m2/repository/commons-logging/commons-logging/1.2/commons-logging-1.2.jar:/home/runner/.m2/repository/log4j/log4j/1.2.17/log4j-1.2.17.jar:/home/runner/.m2/repository/org/slf4j/slf4j-api/1.7.30/slf4j-api-1.7.30.jar:/home/runner/.m2/repository/org/apache/ozone/hdds-server-scm/1.3.0-SNAPSHOT/hdds-server-scm-1.3.0-SNAPSHOT.jar:/home/runner/.m2/repository/org/apache/ozone/hdds-container-service/1.3.0-SNAPSHOT/hdds-container-service-1.3.0-SNAPSHOT.jar:/home/runner/.m2/repository/org/apache/ozone/hdds-hadoop-dependency-server/1.3.0-SNAPSHOT/hdds-hadoop-dependency-server-1.3.0-SNAPSHOT.jar:/home/runner/.m2/repository/org/apache/hadoop/hadoop-hdfs/3.3.1/hadoop-hdfs-3.3.1.jar:/home/runner/.m2/repository/org/apache/ozone/hdds-server-framework/1.3.0-SNAPSHOT/hdds-server-framework-1.3.0-SNAPSHOT.jar:/home/runner/.m2/repository/org/apache/ozone/hdds-interface-server/1.3.0-SNAPSHOT/hdds-interface-server-1.3.0-SNAPSHOT.jar:/home/runner/.m2/repository/org/eclipse/jetty/jetty-servlet/9.4.43.v20210629/jetty-servlet-9.4.43.v20210629.jar:/home/runner/.m2/repository/org/eclipse/jetty/jetty-security/9.4.43.v20210629/jetty-security-9.4.43.v20210629.jar:/home/runner/.m2/repository/org/rocksdb/rocksdbjni/6.25.3/rocksdbjni-6.25.3.jar:/home/runner/.m2/repository/io/prometheus/simpleclient_dropwizard/0.7.0/simpleclient_dropwizard-0.7.0.jar:/home/runner/.m2/repository/io/prometheus/simpleclient/0.7.0/simpleclient-0.7.0.jar:/home/runner/.m2/repository/io/prometheus/simpleclient_common/0.7.0/simpleclient_common-0.7.0.jar:/home/runner/.m2/repository/com/fasterxml/jackson/datatype/jackson-datatype-jsr310/2.12.1/jackson-datatype-jsr310-2.12.1.jar:/home/runner/.m2/repository/io/dropwizard/metrics/metrics-core/3.2.4/metrics-core-3.2.4.jar:/home/runner/.m2/repository/org/apache/hadoop/hadoop-hdfs-client/3.3.1/hadoop-hdfs-client-3.3.1.jar:/home/runner/.m2/repository/org/bouncycastle/bcprov-jdk15on/1.67/bcprov-jdk15on-1.67.jar:/home/runner/.m2/repository/com/google/protobuf/protobuf-java/2.5.0/protobuf-java-2.5.0.jar:/home/runner/.m2/repository/org/apache/ozone/ozone-manager/1.3.0-SNAPSHOT/ozone-manager-1.3.0-SNAPSHOT.jar:/home/runner/.m2/repository/org/aspectj/aspectjrt/1.9.7/aspectjrt-1.9.7.jar:/home/runner/.m2/repository/org/aspectj/aspectjweaver/1.9.7/aspectjweaver-1.9.7.jar:/home/runner/.m2/repository/org/apache/ozone/hdds-interface-client/1.3.0-SNAPSHOT/hdds-interface-client-1.3.0-SNAPSHOT.jar:/home/runner/.m2/repository/org/apache/hadoop/thirdparty/hadoop-shaded-protobuf_3_7/1.1.1/hadoop-shaded-protobuf_3_7-1.1.1.jar:/home/runner/.m2/repository/org/apache/ozone/ozone-interface-storage/1.3.0-SNAPSHOT/ozone-interface-storage-1.3.0-SNAPSHOT.jar:/home/runner/.m2/repository/org/reflections/reflections/0.9.11/reflections-0.9.11.jar:/home/runner/.m2/repository/org/apache/hadoop/hadoop-minikdc/3.3.1/hadoop-minikdc-3.3.1.jar:/home/runner/.m2/repository/org/apache/kerby/kerb-simplekdc/1.0.1/kerb-simplekdc-1.0.1.jar:/home/runner/.m2/repository/org/apache/kerby/kerb-client/1.0.1/kerb-client-1.0.1.jar:/home/runner/.m2/repository/org/apache/kerby/kerby-config/1.0.1/kerby-config-1.0.1.jar:/home/runner/.m2/repository/org/apache/kerby/kerb-common/1.0.1/kerb-common-1.0.1.jar:/home/runner/.m2/repository/org/apache/kerby/kerb-crypto/1.0.1/kerb-crypto-1.0.1.jar:/home/runner/.m2/repository/org/apache/kerby/kerb-util/1.0.1/kerb-util-1.0.1.jar:/home/runner/.m2/repository/org/apache/kerby/token-provider/1.0.1/token-provider-1.0.1.jar:/home/runner/.m2/repository/org/apache/kerby/kerb-admin/1.0.1/kerb-admin-1.0.1.jar:/home/runner/.m2/repository/org/apache/kerby/kerb-server/1.0.1/kerb-server-1.0.1.jar:/home/runner/.m2/repository/org/apache/kerby/kerb-identity/1.0.1/kerb-identity-1.0.1.jar:/home/runner/.m2/repository/org/apache/kerby/kerby-xdr/1.0.1/kerby-xdr-1.0.1.jar:/home/runner/.m2/repository/org/slf4j/slf4j-log4j12/1.7.30/slf4j-log4j12-1.7.30.jar:/home/runner/.m2/repository/org/apache/ozone/ozone-s3gateway/1.3.0-SNAPSHOT/ozone-s3gateway-1.3.0-SNAPSHOT.jar:/home/runner/.m2/repository/org/javassist/javassist/3.21.0-GA/javassist-3.21.0-GA.jar:/home/runner/.m2/repository/org/jboss/weld/servlet/weld-servlet/2.4.7.Final/weld-servlet-2.4.7.Final.jar:/home/runner/.m2/repository/org/glassfish/jersey/containers/jersey-container-servlet-core/2.33/jersey-container-servlet-core-2.33.jar:/home/runner/.m2/repository/org/glassfish/hk2/external/jakarta.inject/2.6.1/jakarta.inject-2.6.1.jar:/home/runner/.m2/repository/org/glassfish/jersey/core/jersey-common/2.33/jersey-common-2.33.jar:/home/runner/.m2/repository/jakarta/ws/rs/jakarta.ws.rs-api/2.1.6/jakarta.ws.rs-api-2.1.6.jar:/home/runner/.m2/repository/org/glassfish/jersey/ext/cdi/jersey-cdi1x/2.33/jersey-cdi1x-2.33.jar:/home/runner/.m2/repository/org/glassfish/jersey/inject/jersey-hk2/2.33/jersey-hk2-2.33.jar:/home/runner/.m2/repository/org/glassfish/hk2/hk2-locator/2.6.1/hk2-locator-2.6.1.jar:/home/runner/.m2/repository/org/glassfish/jersey/media/jersey-media-jaxb/2.33/jersey-media-jaxb-2.33.jar:/home/runner/.m2/repository/org/glassfish/hk2/osgi-resource-locator/1.0.3/osgi-resource-locator-1.0.3.jar:/home/runner/.m2/repository/org/glassfish/hk2/hk2-api/2.5.0/hk2-api-2.5.0.jar:/home/runner/.m2/repository/org/glassfish/hk2/hk2-utils/2.5.0/hk2-utils-2.5.0.jar:/home/runner/.m2/repository/org/glassfish/hk2/external/aopalliance-repackaged/2.5.0/aopalliance-repackaged-2.5.0.jar:/home/runner/.m2/repository/com/fasterxml/jackson/dataformat/jackson-dataformat-xml/2.12.1/jackson-dataformat-xml-2.12.1.jar:/home/runner/.m2/repository/com/fasterxml/jackson/core/jackson-core/2.12.1/jackson-core-2.12.1.jar:/home/runner/.m2/repository/com/fasterxml/jackson/module/jackson-module-jaxb-annotations/2.12.1/jackson-module-jaxb-annotations-2.12.1.jar:/home/runner/.m2/repository/jakarta/xml/bind/jakarta.xml.bind-api/2.3.2/jakarta.xml.bind-api-2.3.2.jar:/home/runner/.m2/repository/org/codehaus/woodstox/stax2-api/3.1.4/stax2-api-3.1.4.jar:/home/runner/.m2/repository/com/fasterxml/woodstox/woodstox-core/5.0.3/woodstox-core-5.0.3.jar:/home/runner/.m2/repository/javax/enterprise/cdi-api/1.2/cdi-api-1.2.jar:/home/runner/.m2/repository/javax/el/javax.el-api/3.0.0/javax.el-api-3.0.0.jar:/home/runner/.m2/repository/javax/interceptor/javax.interceptor-api/1.2/javax.interceptor-api-1.2.jar:/home/runner/.m2/repository/javax/inject/javax.inject/1/javax.inject-1.jar:/home/runner/.m2/repository/javax/xml/bind/jaxb-api/2.3.0/jaxb-api-2.3.0.jar:/home/runner/.m2/repository/org/glassfish/jaxb/jaxb-runtime/2.3.0.1/jaxb-runtime-2.3.0.1.jar:/home/runner/.m2/repository/org/glassfish/jaxb/jaxb-core/2.3.0.1/jaxb-core-2.3.0.1.jar:/home/runner/.m2/repository/org/glassfish/jaxb/txw2/2.3.0.1/txw2-2.3.0.1.jar:/home/runner/.m2/repository/com/sun/istack/istack-commons-runtime/3.0.5/istack-commons-runtime-3.0.5.jar:/home/runner/.m2/repository/org/jvnet/staxex/stax-ex/1.7.8/stax-ex-1.7.8.jar:/home/runner/.m2/repository/com/sun/xml/fastinfoset/FastInfoset/1.2.13/FastInfoset-1.2.13.jar:/home/runner/.m2/repository/javax/activation/activation/1.1.1/activation-1.1.1.jar:/home/runner/.m2/repository/org/apache/ozone/ozone-csi/1.3.0-SNAPSHOT/ozone-csi-1.3.0-SNAPSHOT.jar:/home/runner/.m2/repository/com/google/protobuf/protobuf-java-util/3.12.0/protobuf-java-util-3.12.0.jar:/home/runner/.m2/repository/com/google/code/gson/gson/2.2.4/gson-2.2.4.jar:/home/runner/.m2/repository/org/apache/ozone/hdds-config/1.3.0-SNAPSHOT/hdds-config-1.3.0-SNAPSHOT.jar:/home/runner/.m2/repository/io/grpc/grpc-netty/1.33.0/grpc-netty-1.33.0.jar:/home/runner/.m2/repository/io/grpc/grpc-core/1.33.0/grpc-core-1.33.0.jar:/home/runner/.m2/repository/com/google/android/annotations/4.1.1.4/annotations-4.1.1.4.jar:/home/runner/.m2/repository/io/netty/netty-codec-http2/4.1.63.Final/netty-codec-http2-4.1.63.Final.jar:/home/runner/.m2/repository/io/netty/netty-codec-http/4.1.63.Final/netty-codec-http-4.1.63.Final.jar:/home/runner/.m2/repository/io/netty/netty-handler-proxy/4.1.63.Final/netty-handler-proxy-4.1.63.Final.jar:/home/runner/.m2/repository/io/netty/netty-codec-socks/4.1.63.Final/netty-codec-socks-4.1.63.Final.jar:/home/runner/.m2/repository/io/perfmark/perfmark-api/0.19.0/perfmark-api-0.19.0.jar:/home/runner/.m2/repository/org/codehaus/mojo/animal-sniffer-annotations/1.18/animal-sniffer-annotations-1.18.jar:/home/runner/.m2/repository/io/netty/netty-transport-native-epoll/4.1.63.Final/netty-transport-native-epoll-4.1.63.Final.jar:/home/runner/.m2/repository/io/netty/netty-common/4.1.63.Final/netty-common-4.1.63.Final.jar:/home/runner/.m2/repository/io/netty/netty-buffer/4.1.63.Final/netty-buffer-4.1.63.Final.jar:/home/runner/.m2/repository/io/netty/netty-transport-native-unix-common/4.1.63.Final/netty-transport-native-unix-common-4.1.63.Final.jar:/home/runner/.m2/repository/io/grpc/grpc-protobuf/1.33.0/grpc-protobuf-1.33.0.jar:/home/runner/.m2/repository/io/grpc/grpc-api/1.33.0/grpc-api-1.33.0.jar:/home/runner/.m2/repository/io/grpc/grpc-context/1.33.0/grpc-context-1.33.0.jar:/home/runner/.m2/repository/com/google/api/grpc/proto-google-common-protos/1.17.0/proto-google-common-protos-1.17.0.jar:/home/runner/.m2/repository/io/grpc/grpc-protobuf-lite/1.33.0/grpc-protobuf-lite-1.33.0.jar:/home/runner/.m2/repository/io/grpc/grpc-stub/1.33.0/grpc-stub-1.33.0.jar:/home/runner/.m2/repository/org/apache/ozone/ozone-recon/1.3.0-SNAPSHOT/ozone-recon-1.3.0-SNAPSHOT.jar:/home/runner/.m2/repository/org/apache/ozone/ozone-reconcodegen/1.3.0-SNAPSHOT/ozone-reconcodegen-1.3.0-SNAPSHOT.jar:/home/runner/.m2/repository/com/google/inject/extensions/guice-multibindings/4.0/guice-multibindings-4.0.jar:/home/runner/.m2/repository/com/google/inject/guice/4.0/guice-4.0.jar:/home/runner/.m2/repository/aopalliance/aopalliance/1.0/aopalliance-1.0.jar:/home/runner/.m2/repository/com/google/inject/extensions/guice-assistedinject/4.0/guice-assistedinject-4.0.jar:/home/runner/.m2/repository/com/google/inject/extensions/guice-servlet/4.0/guice-servlet-4.0.jar:/home/runner/.m2/repository/org/glassfish/jersey/containers/jersey-container-servlet/2.33/jersey-container-servlet-2.33.jar:/home/runner/.m2/repository/org/glassfish/hk2/guice-bridge/2.5.0/guice-bridge-2.5.0.jar:/home/runner/.m2/repository/org/glassfish/jersey/core/jersey-server/2.33/jersey-server-2.33.jar:/home/runner/.m2/repository/org/glassfish/jersey/core/jersey-client/2.33/jersey-client-2.33.jar:/home/runner/.m2/repository/jakarta/annotation/jakarta.annotation-api/1.3.5/jakarta.annotation-api-1.3.5.jar:/home/runner/.m2/repository/jakarta/validation/jakarta.validation-api/2.0.2/jakarta.validation-api-2.0.2.jar:/home/runner/.m2/repository/org/glassfish/jersey/media/jersey-media-json-jackson/2.33/jersey-media-json-jackson-2.33.jar:/home/runner/.m2/repository/org/glassfish/jersey/ext/jersey-entity-filtering/2.33/jersey-entity-filtering-2.33.jar:/home/runner/.m2/repository/org/jooq/jooq/3.11.10/jooq-3.11.10.jar:/home/runner/.m2/repository/org/jooq/jooq-meta/3.11.10/jooq-meta-3.11.10.jar:/home/runner/.m2/repository/org/jooq/jooq-codegen/3.11.10/jooq-codegen-3.11.10.jar:/home/runner/.m2/repository/com/jolbox/bonecp/0.8.0.RELEASE/bonecp-0.8.0.RELEASE.jar:/home/runner/.m2/repository/org/apache/derby/derby/10.14.2.0/derby-10.14.2.0.jar:/home/runner/.m2/repository/org/xerial/sqlite-jdbc/3.25.2/sqlite-jdbc-3.25.2.jar:/home/runner/.m2/repository/org/springframework/spring-jdbc/5.2.18.RELEASE/spring-jdbc-5.2.18.RELEASE.jar:/home/runner/.m2/repository/org/springframework/spring-beans/5.2.18.RELEASE/spring-beans-5.2.18.RELEASE.jar:/home/runner/.m2/repository/org/springframework/spring-core/5.2.18.RELEASE/spring-core-5.2.18.RELEASE.jar:/home/runner/.m2/repository/org/springframework/spring-jcl/5.2.18.RELEASE/spring-jcl-5.2.18.RELEASE.jar:/home/runner/.m2/repository/org/springframework/spring-tx/5.2.18.RELEASE/spring-tx-5.2.18.RELEASE.jar:/home/runner/.m2/repository/org/apache/ozone/ozone-client/1.3.0-SNAPSHOT/ozone-client-1.3.0-SNAPSHOT.jar:/home/runner/.m2/repository/org/apache/ozone/ozone-filesystem/1.3.0-SNAPSHOT/ozone-filesystem-1.3.0-SNAPSHOT.jar:/home/runner/.m2/repository/org/apache/ozone/ozone-filesystem-common/1.3.0-SNAPSHOT/ozone-filesystem-common-1.3.0-SNAPSHOT.jar:/home/runner/.m2/repository/org/apache/ozone/ozone-tools/1.3.0-SNAPSHOT/ozone-tools-1.3.0-SNAPSHOT.jar:/home/runner/.m2/repository/org/apache/ratis/ratis-tools/2.2.0/ratis-tools-2.2.0.jar:/home/runner/.m2/repository/com/amazonaws/aws-java-sdk-core/1.12.124/aws-java-sdk-core-1.12.124.jar:/home/runner/.m2/repository/org/apache/httpcomponents/httpclient/4.5.13/httpclient-4.5.13.jar:/home/runner/.m2/repository/org/apache/httpcomponents/httpcore/4.4.13/httpcore-4.4.13.jar:/home/runner/.m2/repository/software/amazon/ion/ion-java/1.0.2/ion-java-1.0.2.jar:/home/runner/.m2/repository/com/fasterxml/jackson/dataformat/jackson-dataformat-cbor/2.12.1/jackson-dataformat-cbor-2.12.1.jar:/home/runner/.m2/repository/joda-time/joda-time/2.8.1/joda-time-2.8.1.jar:/home/runner/.m2/repository/com/amazonaws/aws-java-sdk-s3/1.12.124/aws-java-sdk-s3-1.12.124.jar:/home/runner/.m2/repository/com/amazonaws/aws-java-sdk-kms/1.12.124/aws-java-sdk-kms-1.12.124.jar:/home/runner/.m2/repository/com/amazonaws/jmespath-java/1.12.124/jmespath-java-1.12.124.jar:/home/runner/.m2/repository/org/kohsuke/metainf-services/metainf-services/1.8/metainf-services-1.8.jar:/home/runner/.m2/repository/org/apache/ozone/hdds-tools/1.3.0-SNAPSHOT/hdds-tools-1.3.0-SNAPSHOT.jar:/home/runner/.m2/repository/commons-cli/commons-cli/1.2/commons-cli-1.2.jar:/home/runner/.m2/repository/org/apache/commons/commons-lang3/3.7/commons-lang3-3.7.jar:/home/runner/.m2/repository/org/apache/ozone/ozone-manager/1.3.0-SNAPSHOT/ozone-manager-1.3.0-SNAPSHOT-tests.jar:/home/runner/.m2/repository/org/apache/ozone/hdds-common/1.3.0-SNAPSHOT/hdds-common-1.3.0-SNAPSHOT-tests.jar:/home/runner/.m2/repository/org/apache/ozone/hdds-hadoop-dependency-client/1.3.0-SNAPSHOT/hdds-hadoop-dependency-client-1.3.0-SNAPSHOT.jar:/home/runner/.m2/repository/info/picocli/picocli/4.6.1/picocli-4.6.1.jar:/home/runner/.m2/repository/com/fasterxml/jackson/core/jackson-annotations/2.12.1/jackson-annotations-2.12.1.jar:/home/runner/.m2/repository/javax/annotation/javax.annotation-api/1.2/javax.annotation-api-1.2.jar:/home/runner/.m2/repository/org/apache/ratis/ratis-server/2.2.0/ratis-server-2.2.0.jar:/home/runner/.m2/repository/org/apache/ratis/ratis-client/2.2.0/ratis-client-2.2.0.jar:/home/runner/.m2/repository/org/apache/ratis/ratis-server-api/2.2.0/ratis-server-api-2.2.0.jar:/home/runner/.m2/repository/org/apache/ratis/ratis-metrics/2.2.0/ratis-metrics-2.2.0.jar:/home/runner/.m2/repository/org/apache/ratis/ratis-netty/2.2.0/ratis-netty-2.2.0.jar:/home/runner/.m2/repository/org/apache/ratis/ratis-grpc/2.2.0/ratis-grpc-2.2.0.jar:/home/runner/.m2/repository/org/apache/logging/log4j/log4j-api/2.17.1/log4j-api-2.17.1.jar:/home/runner/.m2/repository/org/apache/logging/log4j/log4j-core/2.17.1/log4j-core-2.17.1.jar:/home/runner/.m2/repository/com/lmax/disruptor/3.4.2/disruptor-3.4.2.jar:/home/runner/.m2/repository/org/apache/commons/commons-pool2/2.6.0/commons-pool2-2.6.0.jar:/home/runner/.m2/repository/org/bouncycastle/bcpkix-jdk15on/1.67/bcpkix-jdk15on-1.67.jar:/home/runner/.m2/repository/commons-validator/commons-validator/1.6/commons-validator-1.6.jar:/home/runner/.m2/repository/commons-beanutils/commons-beanutils/1.9.4/commons-beanutils-1.9.4.jar:/home/runner/.m2/repository/commons-digester/commons-digester/1.8.1/commons-digester-1.8.1.jar:/home/runner/.m2/repository/commons-collections/commons-collections/3.2.2/commons-collections-3.2.2.jar:/home/runner/.m2/repository/io/jaegertracing/jaeger-client/1.6.0/jaeger-client-1.6.0.jar:/home/runner/.m2/repository/io/jaegertracing/jaeger-thrift/1.6.0/jaeger-thrift-1.6.0.jar:/home/runner/.m2/repository/org/apache/thrift/libthrift/0.14.1/libthrift-0.14.1.jar:/home/runner/.m2/repository/com/squareup/okhttp3/okhttp/4.9.0/okhttp-4.9.0.jar:/home/runner/.m2/repository/com/squareup/okio/okio/2.8.0/okio-2.8.0.jar:/home/runner/.m2/repository/io/jaegertracing/jaeger-core/1.6.0/jaeger-core-1.6.0.jar:/home/runner/.m2/repository/io/jaegertracing/jaeger-tracerresolver/1.6.0/jaeger-tracerresolver-1.6.0.jar:/home/runner/.m2/repository/io/opentracing/contrib/opentracing-tracerresolver/0.1.8/opentracing-tracerresolver-0.1.8.jar:/home/runner/.m2/repository/org/jetbrains/kotlin/kotlin-stdlib/1.4.31/kotlin-stdlib-1.4.31.jar:/home/runner/.m2/repository/org/jetbrains/kotlin/kotlin-stdlib-common/1.4.31/kotlin-stdlib-common-1.4.31.jar:/home/runner/.m2/repository/org/jetbrains/annotations/13.0/annotations-13.0.jar:/home/runner/.m2/repository/io/opentracing/opentracing-util/0.33.0/opentracing-util-0.33.0.jar:/home/runner/.m2/repository/io/opentracing/opentracing-api/0.33.0/opentracing-api-0.33.0.jar:/home/runner/.m2/repository/io/opentracing/opentracing-noop/0.33.0/opentracing-noop-0.33.0.jar:/home/runner/.m2/repository/org/yaml/snakeyaml/1.26/snakeyaml-1.26.jar:/home/runner/.m2/repository/org/apache/ozone/hdds-interface-admin/1.3.0-SNAPSHOT/hdds-interface-admin-1.3.0-SNAPSHOT.jar:/home/runner/.m2/repository/junit/junit/4.13.1/junit-4.13.1.jar:/home/runner/.m2/repository/org/hamcrest/hamcrest-core/1.3/hamcrest-core-1.3.jar:/home/runner/.m2/repository/org/junit/jupiter/junit-jupiter-api/5.7.0/junit-jupiter-api-5.7.0.jar:/home/runner/.m2/repository/org/apiguardian/apiguardian-api/1.1.0/apiguardian-api-1.1.0.jar:/home/runner/.m2/repository/org/opentest4j/opentest4j/1.2.0/opentest4j-1.2.0.jar:/home/runner/.m2/repository/org/junit/platform/junit-platform-commons/1.7.0/junit-platform-commons-1.7.0.jar:/home/runner/.m2/repository/org/junit/jupiter/junit-jupiter-engine/5.7.0/junit-jupiter-engine-5.7.0.jar:/home/runner/.m2/repository/org/junit/platform/junit-platform-engine/1.7.0/junit-platform-engine-1.7.0.jar:/home/runner/.m2/repository/org/junit/vintage/junit-vintage-engine/5.7.0/junit-vintage-engine-5.7.0.jar:/home/runner/.m2/repository/org/junit/platform/junit-platform-launcher/1.7.0/junit-platform-launcher-1.7.0.jar:/home/runner/.m2/repository/org/openjdk/jmh/jmh-core/1.19/jmh-core-1.19.jar:/home/runner/.m2/repository/net/sf/jopt-simple/jopt-simple/4.6/jopt-simple-4.6.jar:/home/runner/.m2/repository/org/apache/commons/commons-math3/3.1.1/commons-math3-3.1.1.jar:/home/runner/.m2/repository/org/openjdk/jmh/jmh-generator-annprocess/1.19/jmh-generator-annprocess-1.19.jar:/home/runner/.m2/repository/org/mockito/mockito-core/2.28.2/mockito-core-2.28.2.jar:/home/runner/.m2/repository/net/bytebuddy/byte-buddy/1.9.10/byte-buddy-1.9.10.jar:/home/runner/.m2/repository/net/bytebuddy/byte-buddy-agent/1.9.10/byte-buddy-agent-1.9.10.jar:/home/runner/.m2/repository/org/objenesis/objenesis/1.0/objenesis-1.0.jar:/home/runner/.m2/repository/org/apache/hadoop/hadoop-kms/3.3.1/hadoop-kms-3.3.1.jar:/home/runner/.m2/repository/org/apache/hadoop/hadoop-auth/3.3.1/hadoop-auth-3.3.1.jar:/home/runner/.m2/repository/com/nimbusds/nimbus-jose-jwt/7.9/nimbus-jose-jwt-7.9.jar:/home/runner/.m2/repository/com/github/stephenc/jcip/jcip-annotations/1.0-1/jcip-annotations-1.0-1.jar:/home/runner/.m2/repository/net/minidev/json-smart/2.3.1/json-smart-2.3.1.jar:/home/runner/.m2/repository/net/minidev/accessors-smart/2.3.1/accessors-smart-2.3.1.jar:/home/runner/.m2/repository/org/ow2/asm/asm/5.0.4/asm-5.0.4.jar:/home/runner/.m2/repository/org/apache/zookeeper/zookeeper/3.5.6/zookeeper-3.5.6.jar:/home/runner/.m2/repository/org/apache/zookeeper/zookeeper-jute/3.5.6/zookeeper-jute-3.5.6.jar:/home/runner/.m2/repository/org/apache/yetus/audience-annotations/0.5.0/audience-annotations-0.5.0.jar:/home/runner/.m2/repository/org/apache/curator/curator-framework/4.2.0/curator-framework-4.2.0.jar:/home/runner/.m2/repository/org/apache/hadoop/thirdparty/hadoop-shaded-guava/1.1.1/hadoop-shaded-guava-1.1.1.jar:/home/runner/.m2/repository/com/sun/jersey/jersey-core/1.19/jersey-core-1.19.jar:/home/runner/.m2/repository/javax/ws/rs/jsr311-api/1.1.1/jsr311-api-1.1.1.jar:/home/runner/.m2/repository/com/sun/jersey/jersey-server/1.19/jersey-server-1.19.jar:/home/runner/.m2/repository/javax/servlet/javax.servlet-api/3.1.0/javax.servlet-api-3.1.0.jar:/home/runner/.m2/repository/org/eclipse/jetty/jetty-server/9.4.43.v20210629/jetty-server-9.4.43.v20210629.jar:/home/runner/.m2/repository/org/eclipse/jetty/jetty-http/9.4.43.v20210629/jetty-http-9.4.43.v20210629.jar:/home/runner/.m2/repository/org/eclipse/jetty/jetty-io/9.4.43.v20210629/jetty-io-9.4.43.v20210629.jar:/home/runner/.m2/repository/org/eclipse/jetty/jetty-webapp/9.4.43.v20210629/jetty-webapp-9.4.43.v20210629.jar:/home/runner/.m2/repository/org/eclipse/jetty/jetty-xml/9.4.43.v20210629/jetty-xml-9.4.43.v20210629.jar:/home/runner/.m2/repository/org/apache/hadoop/hadoop-common/3.3.1/hadoop-common-3.3.1.jar:/home/runner/.m2/repository/commons-net/commons-net/3.6/commons-net-3.6.jar:/home/runner/.m2/repository/jakarta/activation/jakarta.activation-api/1.2.1/jakarta.activation-api-1.2.1.jar:/home/runner/.m2/repository/com/sun/jersey/jersey-servlet/1.19/jersey-servlet-1.19.jar:/home/runner/.m2/repository/com/sun/jersey/jersey-json/1.19/jersey-json-1.19.jar:/home/runner/.m2/repository/org/codehaus/jettison/jettison/1.1/jettison-1.1.jar:/home/runner/.m2/repository/com/sun/xml/bind/jaxb-impl/2.2.3-1/jaxb-impl-2.2.3-1.jar:/home/runner/.m2/repository/org/codehaus/jackson/jackson-jaxrs/1.9.2/jackson-jaxrs-1.9.2.jar:/home/runner/.m2/repository/org/codehaus/jackson/jackson-xc/1.9.2/jackson-xc-1.9.2.jar:/home/runner/.m2/repository/org/apache/commons/commons-configuration2/2.1.1/commons-configuration2-2.1.1.jar:/home/runner/.m2/repository/org/apache/commons/commons-text/1.4/commons-text-1.4.jar:/home/runner/.m2/repository/com/google/re2j/re2j/1.1/re2j-1.1.jar:/home/runner/.m2/repository/com/jcraft/jsch/0.1.54/jsch-0.1.54.jar:/home/runner/.m2/repository/org/apache/curator/curator-client/4.2.0/curator-client-4.2.0.jar:/home/runner/.m2/repository/org/apache/curator/curator-recipes/4.2.0/curator-recipes-4.2.0.jar:/home/runner/.m2/repository/org/apache/kerby/kerb-core/1.0.1/kerb-core-1.0.1.jar:/home/runner/.m2/repository/org/apache/kerby/kerby-pkix/1.0.1/kerby-pkix-1.0.1.jar:/home/runner/.m2/repository/org/apache/kerby/kerby-asn1/1.0.1/kerby-asn1-1.0.1.jar:/home/runner/.m2/repository/org/apache/kerby/kerby-util/1.0.1/kerby-util-1.0.1.jar:/home/runner/.m2/repository/dnsjava/dnsjava/2.1.7/dnsjava-2.1.7.jar:/home/runner/.m2/repository/org/xerial/snappy/snappy-java/1.1.8.2/snappy-java-1.1.8.2.jar:/home/runner/.m2/repository/org/slf4j/jul-to-slf4j/1.7.30/jul-to-slf4j-1.7.30.jar:/home/runner/.m2/repository/org/eclipse/jetty/jetty-util/9.4.43.v20210629/jetty-util-9.4.43.v20210629.jar:/home/runner/.m2/repository/com/fasterxml/jackson/core/jackson-databind/2.12.1/jackson-databind-2.12.1.jar:/home/runner/.m2/repository/org/apache/hadoop/hadoop-kms/3.3.1/hadoop-kms-3.3.1-tests.jar:/home/runner/.m2/repository/org/apache/ozone/hdds-server-scm/1.3.0-SNAPSHOT/hdds-server-scm-1.3.0-SNAPSHOT-tests.jar:/home/runner/.m2/repository/org/apache/ozone/hdds-container-service/1.3.0-SNAPSHOT/hdds-container-service-1.3.0-SNAPSHOT-tests.jar:/home/runner/.m2/repository/commons-codec/commons-codec/1.11/commons-codec-1.11.jar:/home/runner/.m2/repository/io/netty/netty-transport/4.1.63.Final/netty-transport-4.1.63.Final.jar:/home/runner/.m2/repository/io/netty/netty-resolver/4.1.63.Final/netty-resolver-4.1.63.Final.jar:/home/runner/.m2/repository/io/netty/netty-codec/4.1.63.Final/netty-codec-4.1.63.Final.jar:/home/runner/.m2/repository/io/netty/netty-handler/4.1.63.Final/netty-handler-4.1.63.Final.jar:/home/runner/.m2/repository/org/apache/ozone/hdds-hadoop-dependency-test/1.3.0-SNAPSHOT/hdds-hadoop-dependency-test-1.3.0-SNAPSHOT.jar:/home/runner/.m2/repository/org/apache/hadoop/hadoop-common/3.3.1/hadoop-common-3.3.1-tests.jar:/home/runner/.m2/repository/org/assertj/assertj-core/3.12.2/assertj-core-3.12.2.jar:/home/runner/.m2/repository/org/apache/hadoop/hadoop-hdfs/3.3.1/hadoop-hdfs-3.3.1-tests.jar:/home/runner/.m2/repository/org/eclipse/jetty/jetty-util-ajax/9.4.43.v20210629/jetty-util-ajax-9.4.43.v20210629.jar:/home/runner/.m2/repository/commons-daemon/commons-daemon/1.0.13/commons-daemon-1.0.13.jar:/home/runner/.m2/repository/io/netty/netty/3.10.6.Final/netty-3.10.6.Final.jar:/home/runner/.m2/repository/io/netty/netty-all/4.1.63.Final/netty-all-4.1.63.Final.jar:/home/runner/.m2/repository/org/apache/htrace/htrace-core4/4.1.0-incubating/htrace-core4-4.1.0-incubating.jar:/home/runner/.m2/repository/org/fusesource/leveldbjni/leveldbjni-all/1.8/leveldbjni-all-1.8.jar:/home/runner/.m2/repository/org/apache/hadoop/hadoop-distcp/3.3.1/hadoop-distcp-3.3.1.jar:/home/runner/.m2/repository/org/apache/hadoop/hadoop-mapreduce-client-jobclient/3.3.1/hadoop-mapreduce-client-jobclient-3.3.1.jar:/home/runner/.m2/repository/org/apache/hadoop/hadoop-mapreduce-client-common/3.3.1/hadoop-mapreduce-client-common-3.3.1.jar:/home/runner/.m2/repository/org/apache/hadoop/hadoop-yarn-common/3.3.1/hadoop-yarn-common-3.3.1.jar:/home/runner/.m2/repository/org/apache/hadoop/hadoop-yarn-api/3.3.1/hadoop-yarn-api-3.3.1.jar:/home/runner/.m2/repository/com/sun/jersey/jersey-client/1.19/jersey-client-1.19.jar:/home/runner/.m2/repository/com/sun/jersey/contribs/jersey-guice/1.19/jersey-guice-1.19.jar:/home/runner/.m2/repository/com/fasterxml/jackson/jaxrs/jackson-jaxrs-json-provider/2.12.1/jackson-jaxrs-json-provider-2.12.1.jar:/home/runner/.m2/repository/com/fasterxml/jackson/jaxrs/jackson-jaxrs-base/2.12.1/jackson-jaxrs-base-2.12.1.jar:/home/runner/.m2/repository/org/apache/hadoop/hadoop-yarn-client/3.3.1/hadoop-yarn-client-3.3.1.jar:/home/runner/.m2/repository/org/eclipse/jetty/websocket/websocket-client/9.4.40.v20210413/websocket-client-9.4.40.v20210413.jar:/home/runner/.m2/repository/org/eclipse/jetty/jetty-client/9.4.40.v20210413/jetty-client-9.4.40.v20210413.jar:/home/runner/.m2/repository/org/eclipse/jetty/websocket/websocket-common/9.4.40.v20210413/websocket-common-9.4.40.v20210413.jar:/home/runner/.m2/repository/org/eclipse/jetty/websocket/websocket-api/9.4.40.v20210413/websocket-api-9.4.40.v20210413.jar:/home/runner/.m2/repository/org/jline/jline/3.9.0/jline-3.9.0.jar:/home/runner/.m2/repository/org/apache/hadoop/hadoop-mapreduce-client-core/3.3.1/hadoop-mapreduce-client-core-3.3.1.jar:/home/runner/.m2/repository/org/apache/avro/avro/1.7.7/avro-1.7.7.jar:/home/runner/.m2/repository/org/codehaus/jackson/jackson-core-asl/1.9.13/jackson-core-asl-1.9.13.jar:/home/runner/.m2/repository/org/codehaus/jackson/jackson-mapper-asl/1.9.13/jackson-mapper-asl-1.9.13.jar:/home/runner/.m2/repository/com/thoughtworks/paranamer/paranamer/2.3/paranamer-2.3.jar:/home/runner/.m2/repository/org/apache/hadoop/hadoop-annotations/3.3.1/hadoop-annotations-3.3.1.jar:/usr/lib/jvm/adoptopenjdk-8-hotspot-amd64/jre/../lib/tools.jar:/home/runner/.m2/repository/org/apache/hadoop/hadoop-distcp/3.3.1/hadoop-distcp-3.3.1-tests.jar:/home/runner/.m2/repository/org/apache/ratis/ratis-common/2.2.0/ratis-common-2.2.0.jar:/home/runner/.m2/repository/org/apache/ratis/ratis-thirdparty-misc/0.7.0/ratis-thirdparty-misc-0.7.0.jar:/home/runner/.m2/repository/org/apache/ratis/ratis-proto/2.2.0/ratis-proto-2.2.0.jar:"/>
    <property name="java.vm.vendor" value="AdoptOpenJDK"/>
    <property name="sun.arch.data.model" value="64"/>
    <property name="test.build.dir" value="/home/runner/work/ozone/ozone/hadoop-ozone/integration-test/target/test-dir"/>
    <property name="test.cache.data" value=""/>
    <property name="java.vendor.url" value="https://adoptopenjdk.net/"/>
    <property name="user.timezone" value=""/>
    <property name="java.vm.specification.version" value="1.8"/>
    <property name="os.name" value="Linux"/>
    <property name="test.build.data" value="/home/runner/work/ozone/ozone/hadoop-ozone/integration-test/target/test-dir"/>
    <property name="sun.java.launcher" value="SUN_STANDARD"/>
    <property name="sun.boot.library.path" value="/usr/lib/jvm/adoptopenjdk-8-hotspot-amd64/jre/lib/amd64"/>
    <property name="sun.java.command" value="/home/runner/work/ozone/ozone/hadoop-ozone/integration-test/target/surefire/surefirebooter8503413900878594895.jar /home/runner/work/ozone/ozone/hadoop-ozone/integration-test/target/surefire 2022-01-10T10-43-19_313-jvmRun1 surefire6186765554703315115tmp surefire_247670612190399407156tmp"/>
    <property name="surefire.test.class.path" value="/home/runner/work/ozone/ozone/hadoop-ozone/integration-test/target/test-classes:/home/runner/work/ozone/ozone/hadoop-ozone/integration-test/target/classes:/home/runner/.m2/repository/org/apache/ozone/ozone-common/1.3.0-SNAPSHOT/ozone-common-1.3.0-SNAPSHOT.jar:/home/runner/.m2/repository/org/apache/commons/commons-compress/1.21/commons-compress-1.21.jar:/home/runner/.m2/repository/org/apache/ozone/hdds-common/1.3.0-SNAPSHOT/hdds-common-1.3.0-SNAPSHOT.jar:/home/runner/.m2/repository/org/apache/ozone/hdds-client/1.3.0-SNAPSHOT/hdds-client-1.3.0-SNAPSHOT.jar:/home/runner/.m2/repository/org/apache/ozone/ozone-interface-client/1.3.0-SNAPSHOT/ozone-interface-client-1.3.0-SNAPSHOT.jar:/home/runner/.m2/repository/org/apache/ozone/hdds-test-utils/1.3.0-SNAPSHOT/hdds-test-utils-1.3.0-SNAPSHOT.jar:/home/runner/.m2/repository/com/google/guava/guava/30.1.1-jre/guava-30.1.1-jre.jar:/home/runner/.m2/repository/com/google/guava/failureaccess/1.0.1/failureaccess-1.0.1.jar:/home/runner/.m2/repository/com/google/guava/listenablefuture/9999.0-empty-to-avoid-conflict-with-guava/listenablefuture-9999.0-empty-to-avoid-conflict-with-guava.jar:/home/runner/.m2/repository/com/google/code/findbugs/jsr305/3.0.0/jsr305-3.0.0.jar:/home/runner/.m2/repository/org/checkerframework/checker-qual/3.8.0/checker-qual-3.8.0.jar:/home/runner/.m2/repository/com/google/errorprone/error_prone_annotations/2.2.0/error_prone_annotations-2.2.0.jar:/home/runner/.m2/repository/com/google/j2objc/j2objc-annotations/1.3/j2objc-annotations-1.3.jar:/home/runner/.m2/repository/commons-io/commons-io/2.11.0/commons-io-2.11.0.jar:/home/runner/.m2/repository/commons-logging/commons-logging/1.2/commons-logging-1.2.jar:/home/runner/.m2/repository/log4j/log4j/1.2.17/log4j-1.2.17.jar:/home/runner/.m2/repository/org/slf4j/slf4j-api/1.7.30/slf4j-api-1.7.30.jar:/home/runner/.m2/repository/org/apache/ozone/hdds-server-scm/1.3.0-SNAPSHOT/hdds-server-scm-1.3.0-SNAPSHOT.jar:/home/runner/.m2/repository/org/apache/ozone/hdds-container-service/1.3.0-SNAPSHOT/hdds-container-service-1.3.0-SNAPSHOT.jar:/home/runner/.m2/repository/org/apache/ozone/hdds-hadoop-dependency-server/1.3.0-SNAPSHOT/hdds-hadoop-dependency-server-1.3.0-SNAPSHOT.jar:/home/runner/.m2/repository/org/apache/hadoop/hadoop-hdfs/3.3.1/hadoop-hdfs-3.3.1.jar:/home/runner/.m2/repository/org/apache/ozone/hdds-server-framework/1.3.0-SNAPSHOT/hdds-server-framework-1.3.0-SNAPSHOT.jar:/home/runner/.m2/repository/org/apache/ozone/hdds-interface-server/1.3.0-SNAPSHOT/hdds-interface-server-1.3.0-SNAPSHOT.jar:/home/runner/.m2/repository/org/eclipse/jetty/jetty-servlet/9.4.43.v20210629/jetty-servlet-9.4.43.v20210629.jar:/home/runner/.m2/repository/org/eclipse/jetty/jetty-security/9.4.43.v20210629/jetty-security-9.4.43.v20210629.jar:/home/runner/.m2/repository/org/rocksdb/rocksdbjni/6.25.3/rocksdbjni-6.25.3.jar:/home/runner/.m2/repository/io/prometheus/simpleclient_dropwizard/0.7.0/simpleclient_dropwizard-0.7.0.jar:/home/runner/.m2/repository/io/prometheus/simpleclient/0.7.0/simpleclient-0.7.0.jar:/home/runner/.m2/repository/io/prometheus/simpleclient_common/0.7.0/simpleclient_common-0.7.0.jar:/home/runner/.m2/repository/com/fasterxml/jackson/datatype/jackson-datatype-jsr310/2.12.1/jackson-datatype-jsr310-2.12.1.jar:/home/runner/.m2/repository/io/dropwizard/metrics/metrics-core/3.2.4/metrics-core-3.2.4.jar:/home/runner/.m2/repository/org/apache/hadoop/hadoop-hdfs-client/3.3.1/hadoop-hdfs-client-3.3.1.jar:/home/runner/.m2/repository/org/bouncycastle/bcprov-jdk15on/1.67/bcprov-jdk15on-1.67.jar:/home/runner/.m2/repository/com/google/protobuf/protobuf-java/2.5.0/protobuf-java-2.5.0.jar:/home/runner/.m2/repository/org/apache/ozone/ozone-manager/1.3.0-SNAPSHOT/ozone-manager-1.3.0-SNAPSHOT.jar:/home/runner/.m2/repository/org/aspectj/aspectjrt/1.9.7/aspectjrt-1.9.7.jar:/home/runner/.m2/repository/org/aspectj/aspectjweaver/1.9.7/aspectjweaver-1.9.7.jar:/home/runner/.m2/repository/org/apache/ozone/hdds-interface-client/1.3.0-SNAPSHOT/hdds-interface-client-1.3.0-SNAPSHOT.jar:/home/runner/.m2/repository/org/apache/hadoop/thirdparty/hadoop-shaded-protobuf_3_7/1.1.1/hadoop-shaded-protobuf_3_7-1.1.1.jar:/home/runner/.m2/repository/org/apache/ozone/ozone-interface-storage/1.3.0-SNAPSHOT/ozone-interface-storage-1.3.0-SNAPSHOT.jar:/home/runner/.m2/repository/org/reflections/reflections/0.9.11/reflections-0.9.11.jar:/home/runner/.m2/repository/org/apache/hadoop/hadoop-minikdc/3.3.1/hadoop-minikdc-3.3.1.jar:/home/runner/.m2/repository/org/apache/kerby/kerb-simplekdc/1.0.1/kerb-simplekdc-1.0.1.jar:/home/runner/.m2/repository/org/apache/kerby/kerb-client/1.0.1/kerb-client-1.0.1.jar:/home/runner/.m2/repository/org/apache/kerby/kerby-config/1.0.1/kerby-config-1.0.1.jar:/home/runner/.m2/repository/org/apache/kerby/kerb-common/1.0.1/kerb-common-1.0.1.jar:/home/runner/.m2/repository/org/apache/kerby/kerb-crypto/1.0.1/kerb-crypto-1.0.1.jar:/home/runner/.m2/repository/org/apache/kerby/kerb-util/1.0.1/kerb-util-1.0.1.jar:/home/runner/.m2/repository/org/apache/kerby/token-provider/1.0.1/token-provider-1.0.1.jar:/home/runner/.m2/repository/org/apache/kerby/kerb-admin/1.0.1/kerb-admin-1.0.1.jar:/home/runner/.m2/repository/org/apache/kerby/kerb-server/1.0.1/kerb-server-1.0.1.jar:/home/runner/.m2/repository/org/apache/kerby/kerb-identity/1.0.1/kerb-identity-1.0.1.jar:/home/runner/.m2/repository/org/apache/kerby/kerby-xdr/1.0.1/kerby-xdr-1.0.1.jar:/home/runner/.m2/repository/org/slf4j/slf4j-log4j12/1.7.30/slf4j-log4j12-1.7.30.jar:/home/runner/.m2/repository/org/apache/ozone/ozone-s3gateway/1.3.0-SNAPSHOT/ozone-s3gateway-1.3.0-SNAPSHOT.jar:/home/runner/.m2/repository/org/javassist/javassist/3.21.0-GA/javassist-3.21.0-GA.jar:/home/runner/.m2/repository/org/jboss/weld/servlet/weld-servlet/2.4.7.Final/weld-servlet-2.4.7.Final.jar:/home/runner/.m2/repository/org/glassfish/jersey/containers/jersey-container-servlet-core/2.33/jersey-container-servlet-core-2.33.jar:/home/runner/.m2/repository/org/glassfish/hk2/external/jakarta.inject/2.6.1/jakarta.inject-2.6.1.jar:/home/runner/.m2/repository/org/glassfish/jersey/core/jersey-common/2.33/jersey-common-2.33.jar:/home/runner/.m2/repository/jakarta/ws/rs/jakarta.ws.rs-api/2.1.6/jakarta.ws.rs-api-2.1.6.jar:/home/runner/.m2/repository/org/glassfish/jersey/ext/cdi/jersey-cdi1x/2.33/jersey-cdi1x-2.33.jar:/home/runner/.m2/repository/org/glassfish/jersey/inject/jersey-hk2/2.33/jersey-hk2-2.33.jar:/home/runner/.m2/repository/org/glassfish/hk2/hk2-locator/2.6.1/hk2-locator-2.6.1.jar:/home/runner/.m2/repository/org/glassfish/jersey/media/jersey-media-jaxb/2.33/jersey-media-jaxb-2.33.jar:/home/runner/.m2/repository/org/glassfish/hk2/osgi-resource-locator/1.0.3/osgi-resource-locator-1.0.3.jar:/home/runner/.m2/repository/org/glassfish/hk2/hk2-api/2.5.0/hk2-api-2.5.0.jar:/home/runner/.m2/repository/org/glassfish/hk2/hk2-utils/2.5.0/hk2-utils-2.5.0.jar:/home/runner/.m2/repository/org/glassfish/hk2/external/aopalliance-repackaged/2.5.0/aopalliance-repackaged-2.5.0.jar:/home/runner/.m2/repository/com/fasterxml/jackson/dataformat/jackson-dataformat-xml/2.12.1/jackson-dataformat-xml-2.12.1.jar:/home/runner/.m2/repository/com/fasterxml/jackson/core/jackson-core/2.12.1/jackson-core-2.12.1.jar:/home/runner/.m2/repository/com/fasterxml/jackson/module/jackson-module-jaxb-annotations/2.12.1/jackson-module-jaxb-annotations-2.12.1.jar:/home/runner/.m2/repository/jakarta/xml/bind/jakarta.xml.bind-api/2.3.2/jakarta.xml.bind-api-2.3.2.jar:/home/runner/.m2/repository/org/codehaus/woodstox/stax2-api/3.1.4/stax2-api-3.1.4.jar:/home/runner/.m2/repository/com/fasterxml/woodstox/woodstox-core/5.0.3/woodstox-core-5.0.3.jar:/home/runner/.m2/repository/javax/enterprise/cdi-api/1.2/cdi-api-1.2.jar:/home/runner/.m2/repository/javax/el/javax.el-api/3.0.0/javax.el-api-3.0.0.jar:/home/runner/.m2/repository/javax/interceptor/javax.interceptor-api/1.2/javax.interceptor-api-1.2.jar:/home/runner/.m2/repository/javax/inject/javax.inject/1/javax.inject-1.jar:/home/runner/.m2/repository/javax/xml/bind/jaxb-api/2.3.0/jaxb-api-2.3.0.jar:/home/runner/.m2/repository/org/glassfish/jaxb/jaxb-runtime/2.3.0.1/jaxb-runtime-2.3.0.1.jar:/home/runner/.m2/repository/org/glassfish/jaxb/jaxb-core/2.3.0.1/jaxb-core-2.3.0.1.jar:/home/runner/.m2/repository/org/glassfish/jaxb/txw2/2.3.0.1/txw2-2.3.0.1.jar:/home/runner/.m2/repository/com/sun/istack/istack-commons-runtime/3.0.5/istack-commons-runtime-3.0.5.jar:/home/runner/.m2/repository/org/jvnet/staxex/stax-ex/1.7.8/stax-ex-1.7.8.jar:/home/runner/.m2/repository/com/sun/xml/fastinfoset/FastInfoset/1.2.13/FastInfoset-1.2.13.jar:/home/runner/.m2/repository/javax/activation/activation/1.1.1/activation-1.1.1.jar:/home/runner/.m2/repository/org/apache/ozone/ozone-csi/1.3.0-SNAPSHOT/ozone-csi-1.3.0-SNAPSHOT.jar:/home/runner/.m2/repository/com/google/protobuf/protobuf-java-util/3.12.0/protobuf-java-util-3.12.0.jar:/home/runner/.m2/repository/com/google/code/gson/gson/2.2.4/gson-2.2.4.jar:/home/runner/.m2/repository/org/apache/ozone/hdds-config/1.3.0-SNAPSHOT/hdds-config-1.3.0-SNAPSHOT.jar:/home/runner/.m2/repository/io/grpc/grpc-netty/1.33.0/grpc-netty-1.33.0.jar:/home/runner/.m2/repository/io/grpc/grpc-core/1.33.0/grpc-core-1.33.0.jar:/home/runner/.m2/repository/com/google/android/annotations/4.1.1.4/annotations-4.1.1.4.jar:/home/runner/.m2/repository/io/netty/netty-codec-http2/4.1.63.Final/netty-codec-http2-4.1.63.Final.jar:/home/runner/.m2/repository/io/netty/netty-codec-http/4.1.63.Final/netty-codec-http-4.1.63.Final.jar:/home/runner/.m2/repository/io/netty/netty-handler-proxy/4.1.63.Final/netty-handler-proxy-4.1.63.Final.jar:/home/runner/.m2/repository/io/netty/netty-codec-socks/4.1.63.Final/netty-codec-socks-4.1.63.Final.jar:/home/runner/.m2/repository/io/perfmark/perfmark-api/0.19.0/perfmark-api-0.19.0.jar:/home/runner/.m2/repository/org/codehaus/mojo/animal-sniffer-annotations/1.18/animal-sniffer-annotations-1.18.jar:/home/runner/.m2/repository/io/netty/netty-transport-native-epoll/4.1.63.Final/netty-transport-native-epoll-4.1.63.Final.jar:/home/runner/.m2/repository/io/netty/netty-common/4.1.63.Final/netty-common-4.1.63.Final.jar:/home/runner/.m2/repository/io/netty/netty-buffer/4.1.63.Final/netty-buffer-4.1.63.Final.jar:/home/runner/.m2/repository/io/netty/netty-transport-native-unix-common/4.1.63.Final/netty-transport-native-unix-common-4.1.63.Final.jar:/home/runner/.m2/repository/io/grpc/grpc-protobuf/1.33.0/grpc-protobuf-1.33.0.jar:/home/runner/.m2/repository/io/grpc/grpc-api/1.33.0/grpc-api-1.33.0.jar:/home/runner/.m2/repository/io/grpc/grpc-context/1.33.0/grpc-context-1.33.0.jar:/home/runner/.m2/repository/com/google/api/grpc/proto-google-common-protos/1.17.0/proto-google-common-protos-1.17.0.jar:/home/runner/.m2/repository/io/grpc/grpc-protobuf-lite/1.33.0/grpc-protobuf-lite-1.33.0.jar:/home/runner/.m2/repository/io/grpc/grpc-stub/1.33.0/grpc-stub-1.33.0.jar:/home/runner/.m2/repository/org/apache/ozone/ozone-recon/1.3.0-SNAPSHOT/ozone-recon-1.3.0-SNAPSHOT.jar:/home/runner/.m2/repository/org/apache/ozone/ozone-reconcodegen/1.3.0-SNAPSHOT/ozone-reconcodegen-1.3.0-SNAPSHOT.jar:/home/runner/.m2/repository/com/google/inject/extensions/guice-multibindings/4.0/guice-multibindings-4.0.jar:/home/runner/.m2/repository/com/google/inject/guice/4.0/guice-4.0.jar:/home/runner/.m2/repository/aopalliance/aopalliance/1.0/aopalliance-1.0.jar:/home/runner/.m2/repository/com/google/inject/extensions/guice-assistedinject/4.0/guice-assistedinject-4.0.jar:/home/runner/.m2/repository/com/google/inject/extensions/guice-servlet/4.0/guice-servlet-4.0.jar:/home/runner/.m2/repository/org/glassfish/jersey/containers/jersey-container-servlet/2.33/jersey-container-servlet-2.33.jar:/home/runner/.m2/repository/org/glassfish/hk2/guice-bridge/2.5.0/guice-bridge-2.5.0.jar:/home/runner/.m2/repository/org/glassfish/jersey/core/jersey-server/2.33/jersey-server-2.33.jar:/home/runner/.m2/repository/org/glassfish/jersey/core/jersey-client/2.33/jersey-client-2.33.jar:/home/runner/.m2/repository/jakarta/annotation/jakarta.annotation-api/1.3.5/jakarta.annotation-api-1.3.5.jar:/home/runner/.m2/repository/jakarta/validation/jakarta.validation-api/2.0.2/jakarta.validation-api-2.0.2.jar:/home/runner/.m2/repository/org/glassfish/jersey/media/jersey-media-json-jackson/2.33/jersey-media-json-jackson-2.33.jar:/home/runner/.m2/repository/org/glassfish/jersey/ext/jersey-entity-filtering/2.33/jersey-entity-filtering-2.33.jar:/home/runner/.m2/repository/org/jooq/jooq/3.11.10/jooq-3.11.10.jar:/home/runner/.m2/repository/org/jooq/jooq-meta/3.11.10/jooq-meta-3.11.10.jar:/home/runner/.m2/repository/org/jooq/jooq-codegen/3.11.10/jooq-codegen-3.11.10.jar:/home/runner/.m2/repository/com/jolbox/bonecp/0.8.0.RELEASE/bonecp-0.8.0.RELEASE.jar:/home/runner/.m2/repository/org/apache/derby/derby/10.14.2.0/derby-10.14.2.0.jar:/home/runner/.m2/repository/org/xerial/sqlite-jdbc/3.25.2/sqlite-jdbc-3.25.2.jar:/home/runner/.m2/repository/org/springframework/spring-jdbc/5.2.18.RELEASE/spring-jdbc-5.2.18.RELEASE.jar:/home/runner/.m2/repository/org/springframework/spring-beans/5.2.18.RELEASE/spring-beans-5.2.18.RELEASE.jar:/home/runner/.m2/repository/org/springframework/spring-core/5.2.18.RELEASE/spring-core-5.2.18.RELEASE.jar:/home/runner/.m2/repository/org/springframework/spring-jcl/5.2.18.RELEASE/spring-jcl-5.2.18.RELEASE.jar:/home/runner/.m2/repository/org/springframework/spring-tx/5.2.18.RELEASE/spring-tx-5.2.18.RELEASE.jar:/home/runner/.m2/repository/org/apache/ozone/ozone-client/1.3.0-SNAPSHOT/ozone-client-1.3.0-SNAPSHOT.jar:/home/runner/.m2/repository/org/apache/ozone/ozone-filesystem/1.3.0-SNAPSHOT/ozone-filesystem-1.3.0-SNAPSHOT.jar:/home/runner/.m2/repository/org/apache/ozone/ozone-filesystem-common/1.3.0-SNAPSHOT/ozone-filesystem-common-1.3.0-SNAPSHOT.jar:/home/runner/.m2/repository/org/apache/ozone/ozone-tools/1.3.0-SNAPSHOT/ozone-tools-1.3.0-SNAPSHOT.jar:/home/runner/.m2/repository/org/apache/ratis/ratis-tools/2.2.0/ratis-tools-2.2.0.jar:/home/runner/.m2/repository/com/amazonaws/aws-java-sdk-core/1.12.124/aws-java-sdk-core-1.12.124.jar:/home/runner/.m2/repository/org/apache/httpcomponents/httpclient/4.5.13/httpclient-4.5.13.jar:/home/runner/.m2/repository/org/apache/httpcomponents/httpcore/4.4.13/httpcore-4.4.13.jar:/home/runner/.m2/repository/software/amazon/ion/ion-java/1.0.2/ion-java-1.0.2.jar:/home/runner/.m2/repository/com/fasterxml/jackson/dataformat/jackson-dataformat-cbor/2.12.1/jackson-dataformat-cbor-2.12.1.jar:/home/runner/.m2/repository/joda-time/joda-time/2.8.1/joda-time-2.8.1.jar:/home/runner/.m2/repository/com/amazonaws/aws-java-sdk-s3/1.12.124/aws-java-sdk-s3-1.12.124.jar:/home/runner/.m2/repository/com/amazonaws/aws-java-sdk-kms/1.12.124/aws-java-sdk-kms-1.12.124.jar:/home/runner/.m2/repository/com/amazonaws/jmespath-java/1.12.124/jmespath-java-1.12.124.jar:/home/runner/.m2/repository/org/kohsuke/metainf-services/metainf-services/1.8/metainf-services-1.8.jar:/home/runner/.m2/repository/org/apache/ozone/hdds-tools/1.3.0-SNAPSHOT/hdds-tools-1.3.0-SNAPSHOT.jar:/home/runner/.m2/repository/commons-cli/commons-cli/1.2/commons-cli-1.2.jar:/home/runner/.m2/repository/org/apache/commons/commons-lang3/3.7/commons-lang3-3.7.jar:/home/runner/.m2/repository/org/apache/ozone/ozone-manager/1.3.0-SNAPSHOT/ozone-manager-1.3.0-SNAPSHOT-tests.jar:/home/runner/.m2/repository/org/apache/ozone/hdds-common/1.3.0-SNAPSHOT/hdds-common-1.3.0-SNAPSHOT-tests.jar:/home/runner/.m2/repository/org/apache/ozone/hdds-hadoop-dependency-client/1.3.0-SNAPSHOT/hdds-hadoop-dependency-client-1.3.0-SNAPSHOT.jar:/home/runner/.m2/repository/info/picocli/picocli/4.6.1/picocli-4.6.1.jar:/home/runner/.m2/repository/com/fasterxml/jackson/core/jackson-annotations/2.12.1/jackson-annotations-2.12.1.jar:/home/runner/.m2/repository/javax/annotation/javax.annotation-api/1.2/javax.annotation-api-1.2.jar:/home/runner/.m2/repository/org/apache/ratis/ratis-server/2.2.0/ratis-server-2.2.0.jar:/home/runner/.m2/repository/org/apache/ratis/ratis-client/2.2.0/ratis-client-2.2.0.jar:/home/runner/.m2/repository/org/apache/ratis/ratis-server-api/2.2.0/ratis-server-api-2.2.0.jar:/home/runner/.m2/repository/org/apache/ratis/ratis-metrics/2.2.0/ratis-metrics-2.2.0.jar:/home/runner/.m2/repository/org/apache/ratis/ratis-netty/2.2.0/ratis-netty-2.2.0.jar:/home/runner/.m2/repository/org/apache/ratis/ratis-grpc/2.2.0/ratis-grpc-2.2.0.jar:/home/runner/.m2/repository/org/apache/logging/log4j/log4j-api/2.17.1/log4j-api-2.17.1.jar:/home/runner/.m2/repository/org/apache/logging/log4j/log4j-core/2.17.1/log4j-core-2.17.1.jar:/home/runner/.m2/repository/com/lmax/disruptor/3.4.2/disruptor-3.4.2.jar:/home/runner/.m2/repository/org/apache/commons/commons-pool2/2.6.0/commons-pool2-2.6.0.jar:/home/runner/.m2/repository/org/bouncycastle/bcpkix-jdk15on/1.67/bcpkix-jdk15on-1.67.jar:/home/runner/.m2/repository/commons-validator/commons-validator/1.6/commons-validator-1.6.jar:/home/runner/.m2/repository/commons-beanutils/commons-beanutils/1.9.4/commons-beanutils-1.9.4.jar:/home/runner/.m2/repository/commons-digester/commons-digester/1.8.1/commons-digester-1.8.1.jar:/home/runner/.m2/repository/commons-collections/commons-collections/3.2.2/commons-collections-3.2.2.jar:/home/runner/.m2/repository/io/jaegertracing/jaeger-client/1.6.0/jaeger-client-1.6.0.jar:/home/runner/.m2/repository/io/jaegertracing/jaeger-thrift/1.6.0/jaeger-thrift-1.6.0.jar:/home/runner/.m2/repository/org/apache/thrift/libthrift/0.14.1/libthrift-0.14.1.jar:/home/runner/.m2/repository/com/squareup/okhttp3/okhttp/4.9.0/okhttp-4.9.0.jar:/home/runner/.m2/repository/com/squareup/okio/okio/2.8.0/okio-2.8.0.jar:/home/runner/.m2/repository/io/jaegertracing/jaeger-core/1.6.0/jaeger-core-1.6.0.jar:/home/runner/.m2/repository/io/jaegertracing/jaeger-tracerresolver/1.6.0/jaeger-tracerresolver-1.6.0.jar:/home/runner/.m2/repository/io/opentracing/contrib/opentracing-tracerresolver/0.1.8/opentracing-tracerresolver-0.1.8.jar:/home/runner/.m2/repository/org/jetbrains/kotlin/kotlin-stdlib/1.4.31/kotlin-stdlib-1.4.31.jar:/home/runner/.m2/repository/org/jetbrains/kotlin/kotlin-stdlib-common/1.4.31/kotlin-stdlib-common-1.4.31.jar:/home/runner/.m2/repository/org/jetbrains/annotations/13.0/annotations-13.0.jar:/home/runner/.m2/repository/io/opentracing/opentracing-util/0.33.0/opentracing-util-0.33.0.jar:/home/runner/.m2/repository/io/opentracing/opentracing-api/0.33.0/opentracing-api-0.33.0.jar:/home/runner/.m2/repository/io/opentracing/opentracing-noop/0.33.0/opentracing-noop-0.33.0.jar:/home/runner/.m2/repository/org/yaml/snakeyaml/1.26/snakeyaml-1.26.jar:/home/runner/.m2/repository/org/apache/ozone/hdds-interface-admin/1.3.0-SNAPSHOT/hdds-interface-admin-1.3.0-SNAPSHOT.jar:/home/runner/.m2/repository/junit/junit/4.13.1/junit-4.13.1.jar:/home/runner/.m2/repository/org/hamcrest/hamcrest-core/1.3/hamcrest-core-1.3.jar:/home/runner/.m2/repository/org/junit/jupiter/junit-jupiter-api/5.7.0/junit-jupiter-api-5.7.0.jar:/home/runner/.m2/repository/org/apiguardian/apiguardian-api/1.1.0/apiguardian-api-1.1.0.jar:/home/runner/.m2/repository/org/opentest4j/opentest4j/1.2.0/opentest4j-1.2.0.jar:/home/runner/.m2/repository/org/junit/platform/junit-platform-commons/1.7.0/junit-platform-commons-1.7.0.jar:/home/runner/.m2/repository/org/junit/jupiter/junit-jupiter-engine/5.7.0/junit-jupiter-engine-5.7.0.jar:/home/runner/.m2/repository/org/junit/platform/junit-platform-engine/1.7.0/junit-platform-engine-1.7.0.jar:/home/runner/.m2/repository/org/junit/vintage/junit-vintage-engine/5.7.0/junit-vintage-engine-5.7.0.jar:/home/runner/.m2/repository/org/junit/platform/junit-platform-launcher/1.7.0/junit-platform-launcher-1.7.0.jar:/home/runner/.m2/repository/org/openjdk/jmh/jmh-core/1.19/jmh-core-1.19.jar:/home/runner/.m2/repository/net/sf/jopt-simple/jopt-simple/4.6/jopt-simple-4.6.jar:/home/runner/.m2/repository/org/apache/commons/commons-math3/3.1.1/commons-math3-3.1.1.jar:/home/runner/.m2/repository/org/openjdk/jmh/jmh-generator-annprocess/1.19/jmh-generator-annprocess-1.19.jar:/home/runner/.m2/repository/org/mockito/mockito-core/2.28.2/mockito-core-2.28.2.jar:/home/runner/.m2/repository/net/bytebuddy/byte-buddy/1.9.10/byte-buddy-1.9.10.jar:/home/runner/.m2/repository/net/bytebuddy/byte-buddy-agent/1.9.10/byte-buddy-agent-1.9.10.jar:/home/runner/.m2/repository/org/objenesis/objenesis/1.0/objenesis-1.0.jar:/home/runner/.m2/repository/org/apache/hadoop/hadoop-kms/3.3.1/hadoop-kms-3.3.1.jar:/home/runner/.m2/repository/org/apache/hadoop/hadoop-auth/3.3.1/hadoop-auth-3.3.1.jar:/home/runner/.m2/repository/com/nimbusds/nimbus-jose-jwt/7.9/nimbus-jose-jwt-7.9.jar:/home/runner/.m2/repository/com/github/stephenc/jcip/jcip-annotations/1.0-1/jcip-annotations-1.0-1.jar:/home/runner/.m2/repository/net/minidev/json-smart/2.3.1/json-smart-2.3.1.jar:/home/runner/.m2/repository/net/minidev/accessors-smart/2.3.1/accessors-smart-2.3.1.jar:/home/runner/.m2/repository/org/ow2/asm/asm/5.0.4/asm-5.0.4.jar:/home/runner/.m2/repository/org/apache/zookeeper/zookeeper/3.5.6/zookeeper-3.5.6.jar:/home/runner/.m2/repository/org/apache/zookeeper/zookeeper-jute/3.5.6/zookeeper-jute-3.5.6.jar:/home/runner/.m2/repository/org/apache/yetus/audience-annotations/0.5.0/audience-annotations-0.5.0.jar:/home/runner/.m2/repository/org/apache/curator/curator-framework/4.2.0/curator-framework-4.2.0.jar:/home/runner/.m2/repository/org/apache/hadoop/thirdparty/hadoop-shaded-guava/1.1.1/hadoop-shaded-guava-1.1.1.jar:/home/runner/.m2/repository/com/sun/jersey/jersey-core/1.19/jersey-core-1.19.jar:/home/runner/.m2/repository/javax/ws/rs/jsr311-api/1.1.1/jsr311-api-1.1.1.jar:/home/runner/.m2/repository/com/sun/jersey/jersey-server/1.19/jersey-server-1.19.jar:/home/runner/.m2/repository/javax/servlet/javax.servlet-api/3.1.0/javax.servlet-api-3.1.0.jar:/home/runner/.m2/repository/org/eclipse/jetty/jetty-server/9.4.43.v20210629/jetty-server-9.4.43.v20210629.jar:/home/runner/.m2/repository/org/eclipse/jetty/jetty-http/9.4.43.v20210629/jetty-http-9.4.43.v20210629.jar:/home/runner/.m2/repository/org/eclipse/jetty/jetty-io/9.4.43.v20210629/jetty-io-9.4.43.v20210629.jar:/home/runner/.m2/repository/org/eclipse/jetty/jetty-webapp/9.4.43.v20210629/jetty-webapp-9.4.43.v20210629.jar:/home/runner/.m2/repository/org/eclipse/jetty/jetty-xml/9.4.43.v20210629/jetty-xml-9.4.43.v20210629.jar:/home/runner/.m2/repository/org/apache/hadoop/hadoop-common/3.3.1/hadoop-common-3.3.1.jar:/home/runner/.m2/repository/commons-net/commons-net/3.6/commons-net-3.6.jar:/home/runner/.m2/repository/jakarta/activation/jakarta.activation-api/1.2.1/jakarta.activation-api-1.2.1.jar:/home/runner/.m2/repository/com/sun/jersey/jersey-servlet/1.19/jersey-servlet-1.19.jar:/home/runner/.m2/repository/com/sun/jersey/jersey-json/1.19/jersey-json-1.19.jar:/home/runner/.m2/repository/org/codehaus/jettison/jettison/1.1/jettison-1.1.jar:/home/runner/.m2/repository/com/sun/xml/bind/jaxb-impl/2.2.3-1/jaxb-impl-2.2.3-1.jar:/home/runner/.m2/repository/org/codehaus/jackson/jackson-jaxrs/1.9.2/jackson-jaxrs-1.9.2.jar:/home/runner/.m2/repository/org/codehaus/jackson/jackson-xc/1.9.2/jackson-xc-1.9.2.jar:/home/runner/.m2/repository/org/apache/commons/commons-configuration2/2.1.1/commons-configuration2-2.1.1.jar:/home/runner/.m2/repository/org/apache/commons/commons-text/1.4/commons-text-1.4.jar:/home/runner/.m2/repository/com/google/re2j/re2j/1.1/re2j-1.1.jar:/home/runner/.m2/repository/com/jcraft/jsch/0.1.54/jsch-0.1.54.jar:/home/runner/.m2/repository/org/apache/curator/curator-client/4.2.0/curator-client-4.2.0.jar:/home/runner/.m2/repository/org/apache/curator/curator-recipes/4.2.0/curator-recipes-4.2.0.jar:/home/runner/.m2/repository/org/apache/kerby/kerb-core/1.0.1/kerb-core-1.0.1.jar:/home/runner/.m2/repository/org/apache/kerby/kerby-pkix/1.0.1/kerby-pkix-1.0.1.jar:/home/runner/.m2/repository/org/apache/kerby/kerby-asn1/1.0.1/kerby-asn1-1.0.1.jar:/home/runner/.m2/repository/org/apache/kerby/kerby-util/1.0.1/kerby-util-1.0.1.jar:/home/runner/.m2/repository/dnsjava/dnsjava/2.1.7/dnsjava-2.1.7.jar:/home/runner/.m2/repository/org/xerial/snappy/snappy-java/1.1.8.2/snappy-java-1.1.8.2.jar:/home/runner/.m2/repository/org/slf4j/jul-to-slf4j/1.7.30/jul-to-slf4j-1.7.30.jar:/home/runner/.m2/repository/org/eclipse/jetty/jetty-util/9.4.43.v20210629/jetty-util-9.4.43.v20210629.jar:/home/runner/.m2/repository/com/fasterxml/jackson/core/jackson-databind/2.12.1/jackson-databind-2.12.1.jar:/home/runner/.m2/repository/org/apache/hadoop/hadoop-kms/3.3.1/hadoop-kms-3.3.1-tests.jar:/home/runner/.m2/repository/org/apache/ozone/hdds-server-scm/1.3.0-SNAPSHOT/hdds-server-scm-1.3.0-SNAPSHOT-tests.jar:/home/runner/.m2/repository/org/apache/ozone/hdds-container-service/1.3.0-SNAPSHOT/hdds-container-service-1.3.0-SNAPSHOT-tests.jar:/home/runner/.m2/repository/commons-codec/commons-codec/1.11/commons-codec-1.11.jar:/home/runner/.m2/repository/io/netty/netty-transport/4.1.63.Final/netty-transport-4.1.63.Final.jar:/home/runner/.m2/repository/io/netty/netty-resolver/4.1.63.Final/netty-resolver-4.1.63.Final.jar:/home/runner/.m2/repository/io/netty/netty-codec/4.1.63.Final/netty-codec-4.1.63.Final.jar:/home/runner/.m2/repository/io/netty/netty-handler/4.1.63.Final/netty-handler-4.1.63.Final.jar:/home/runner/.m2/repository/org/apache/ozone/hdds-hadoop-dependency-test/1.3.0-SNAPSHOT/hdds-hadoop-dependency-test-1.3.0-SNAPSHOT.jar:/home/runner/.m2/repository/org/apache/hadoop/hadoop-common/3.3.1/hadoop-common-3.3.1-tests.jar:/home/runner/.m2/repository/org/assertj/assertj-core/3.12.2/assertj-core-3.12.2.jar:/home/runner/.m2/repository/org/apache/hadoop/hadoop-hdfs/3.3.1/hadoop-hdfs-3.3.1-tests.jar:/home/runner/.m2/repository/org/eclipse/jetty/jetty-util-ajax/9.4.43.v20210629/jetty-util-ajax-9.4.43.v20210629.jar:/home/runner/.m2/repository/commons-daemon/commons-daemon/1.0.13/commons-daemon-1.0.13.jar:/home/runner/.m2/repository/io/netty/netty/3.10.6.Final/netty-3.10.6.Final.jar:/home/runner/.m2/repository/io/netty/netty-all/4.1.63.Final/netty-all-4.1.63.Final.jar:/home/runner/.m2/repository/org/apache/htrace/htrace-core4/4.1.0-incubating/htrace-core4-4.1.0-incubating.jar:/home/runner/.m2/repository/org/fusesource/leveldbjni/leveldbjni-all/1.8/leveldbjni-all-1.8.jar:/home/runner/.m2/repository/org/apache/hadoop/hadoop-distcp/3.3.1/hadoop-distcp-3.3.1.jar:/home/runner/.m2/repository/org/apache/hadoop/hadoop-mapreduce-client-jobclient/3.3.1/hadoop-mapreduce-client-jobclient-3.3.1.jar:/home/runner/.m2/repository/org/apache/hadoop/hadoop-mapreduce-client-common/3.3.1/hadoop-mapreduce-client-common-3.3.1.jar:/home/runner/.m2/repository/org/apache/hadoop/hadoop-yarn-common/3.3.1/hadoop-yarn-common-3.3.1.jar:/home/runner/.m2/repository/org/apache/hadoop/hadoop-yarn-api/3.3.1/hadoop-yarn-api-3.3.1.jar:/home/runner/.m2/repository/com/sun/jersey/jersey-client/1.19/jersey-client-1.19.jar:/home/runner/.m2/repository/com/sun/jersey/contribs/jersey-guice/1.19/jersey-guice-1.19.jar:/home/runner/.m2/repository/com/fasterxml/jackson/jaxrs/jackson-jaxrs-json-provider/2.12.1/jackson-jaxrs-json-provider-2.12.1.jar:/home/runner/.m2/repository/com/fasterxml/jackson/jaxrs/jackson-jaxrs-base/2.12.1/jackson-jaxrs-base-2.12.1.jar:/home/runner/.m2/repository/org/apache/hadoop/hadoop-yarn-client/3.3.1/hadoop-yarn-client-3.3.1.jar:/home/runner/.m2/repository/org/eclipse/jetty/websocket/websocket-client/9.4.40.v20210413/websocket-client-9.4.40.v20210413.jar:/home/runner/.m2/repository/org/eclipse/jetty/jetty-client/9.4.40.v20210413/jetty-client-9.4.40.v20210413.jar:/home/runner/.m2/repository/org/eclipse/jetty/websocket/websocket-common/9.4.40.v20210413/websocket-common-9.4.40.v20210413.jar:/home/runner/.m2/repository/org/eclipse/jetty/websocket/websocket-api/9.4.40.v20210413/websocket-api-9.4.40.v20210413.jar:/home/runner/.m2/repository/org/jline/jline/3.9.0/jline-3.9.0.jar:/home/runner/.m2/repository/org/apache/hadoop/hadoop-mapreduce-client-core/3.3.1/hadoop-mapreduce-client-core-3.3.1.jar:/home/runner/.m2/repository/org/apache/avro/avro/1.7.7/avro-1.7.7.jar:/home/runner/.m2/repository/org/codehaus/jackson/jackson-core-asl/1.9.13/jackson-core-asl-1.9.13.jar:/home/runner/.m2/repository/org/codehaus/jackson/jackson-mapper-asl/1.9.13/jackson-mapper-asl-1.9.13.jar:/home/runner/.m2/repository/com/thoughtworks/paranamer/paranamer/2.3/paranamer-2.3.jar:/home/runner/.m2/repository/org/apache/hadoop/hadoop-annotations/3.3.1/hadoop-annotations-3.3.1.jar:/usr/lib/jvm/adoptopenjdk-8-hotspot-amd64/jre/../lib/tools.jar:/home/runner/.m2/repository/org/apache/hadoop/hadoop-distcp/3.3.1/hadoop-distcp-3.3.1-tests.jar:/home/runner/.m2/repository/org/apache/ratis/ratis-common/2.2.0/ratis-common-2.2.0.jar:/home/runner/.m2/repository/org/apache/ratis/ratis-thirdparty-misc/0.7.0/ratis-thirdparty-misc-0.7.0.jar:/home/runner/.m2/repository/org/apache/ratis/ratis-proto/2.2.0/ratis-proto-2.2.0.jar:"/>
    <property name="sun.cpu.endian" value="little"/>
    <property name="user.home" value="/home/runner"/>
    <property name="user.language" value="en"/>
    <property name="java.specification.vendor" value="Oracle Corporation"/>
    <property name="java.home" value="/usr/lib/jvm/adoptopenjdk-8-hotspot-amd64/jre"/>
    <property name="java.security.krb5.conf" value="/home/runner/work/ozone/ozone/hadoop-ozone/integration-test/target/test-classes/krb5.conf"/>
    <property name="basedir" value="/home/runner/work/ozone/ozone/hadoop-ozone/integration-test"/>
    <property name="file.separator" value="/"/>
    <property name="line.separator" value="&#10;"/>
    <property name="java.vm.specification.vendor" value="Oracle Corporation"/>
    <property name="java.specification.name" value="Java Platform API Specification"/>
    <property name="java.awt.graphicsenv" value="sun.awt.X11GraphicsEnvironment"/>
    <property name="skip.installnpx" value="true"/>
    <property name="surefire.real.class.path" value="/home/runner/work/ozone/ozone/hadoop-ozone/integration-test/target/surefire/surefirebooter8503413900878594895.jar:/home/runner/.m2/repository/org/jacoco/org.jacoco.agent/0.8.5/org.jacoco.agent-0.8.5-runtime.jar"/>
    <property name="hadoop.log.dir" value="/home/runner/work/ozone/ozone/hadoop-ozone/integration-test/target/log"/>
    <property name="sun.boot.class.path" value="/usr/lib/jvm/adoptopenjdk-8-hotspot-amd64/jre/lib/resources.jar:/usr/lib/jvm/adoptopenjdk-8-hotspot-amd64/jre/lib/rt.jar:/usr/lib/jvm/adoptopenjdk-8-hotspot-amd64/jre/lib/sunrsasign.jar:/usr/lib/jvm/adoptopenjdk-8-hotspot-amd64/jre/lib/jsse.jar:/usr/lib/jvm/adoptopenjdk-8-hotspot-amd64/jre/lib/jce.jar:/usr/lib/jvm/adoptopenjdk-8-hotspot-amd64/jre/lib/charsets.jar:/usr/lib/jvm/adoptopenjdk-8-hotspot-amd64/jre/lib/jfr.jar:/usr/lib/jvm/adoptopenjdk-8-hotspot-amd64/jre/classes"/>
    <property name="sun.management.compiler" value="HotSpot 64-Bit Tiered Compilers"/>
    <property name="skip.npx" value="true"/>
    <property name="java.runtime.version" value="1.8.0_292-b10"/>
    <property name="java.net.preferIPv4Stack" value="true"/>
    <property name="user.name" value="runner"/>
    <property name="path.separator" value=":"/>
    <property name="java.security.egd" value="file:///dev/urandom"/>
    <property name="os.version" value="5.4.0-1064-azure"/>
    <property name="java.endorsed.dirs" value="/usr/lib/jvm/adoptopenjdk-8-hotspot-amd64/jre/lib/endorsed"/>
    <property name="java.runtime.name" value="OpenJDK Runtime Environment"/>
    <property name="file.encoding" value="UTF-8"/>
    <property name="java.vm.name" value="OpenJDK 64-Bit Server VM"/>
    <property name="test.build.webapps" value=""/>
    <property name="localRepository" value="/home/runner/.m2/repository"/>
    <property name="java.vendor.url.bug" value="https://github.com/AdoptOpenJDK/openjdk-support/issues"/>
    <property name="java.io.tmpdir" value="/tmp"/>
    <property name="require.test.libhadoop" value=""/>
    <property name="java.version" value="1.8.0_292"/>
    <property name="user.dir" value="/home/runner/work/ozone/ozone/hadoop-ozone/integration-test"/>
    <property name="os.arch" value="amd64"/>
    <property name="java.vm.specification.name" value="Java Virtual Machine Specification"/>
    <property name="test.build.classes" value="/home/runner/work/ozone/ozone/hadoop-ozone/integration-test/target/test-classes"/>
    <property name="java.awt.printerjob" value="sun.print.PSPrinterJob"/>
    <property name="sun.os.patch.level" value="unknown"/>
    <property name="hadoop.tmp.dir" value="/home/runner/work/ozone/ozone/hadoop-ozone/integration-test/target/tmp"/>
    <property name="java.library.path" value="/usr/java/packages/lib/amd64:/usr/lib64:/lib64:/lib:/usr/lib"/>
    <property name="java.vm.info" value="mixed mode"/>
    <property name="java.vendor" value="AdoptOpenJDK"/>
    <property name="java.vm.version" value="25.292-b10"/>
    <property name="java.ext.dirs" value="/usr/lib/jvm/adoptopenjdk-8-hotspot-amd64/jre/lib/ext:/usr/java/packages/lib/ext"/>
    <property name="sun.io.unicode.encoding" value="UnicodeLittle"/>
    <property name="java.class.version" value="52.0"/>
  </properties>
  <testcase name="testInstallSnapshot" classname="org.apache.hadoop.ozone.scm.TestSCMInstallSnapshotWithHA" time="77.369"/>
  <testcase name="testInstallOldCheckpointFailure" classname="org.apache.hadoop.ozone.scm.TestSCMInstallSnapshotWithHA" time="60.121">
    <error type="java.lang.IllegalThreadStateException">java.lang.IllegalThreadStateException
	at java.lang.Thread.start(Thread.java:708)
	at org.apache.hadoop.ipc.Server.start(Server.java:3396)
	at org.apache.hadoop.hdds.scm.server.SCMDatanodeProtocolServer.start(SCMDatanodeProtocolServer.java:186)
	at org.apache.hadoop.hdds.scm.ha.SCMStateMachine.notifyTermIndexUpdated(SCMStateMachine.java:340)
	at org.apache.hadoop.ozone.scm.TestSCMInstallSnapshotWithHA.testInstallOldCheckpointFailure(TestSCMInstallSnapshotWithHA.java:182)
	at sun.reflect.NativeMethodAccessorImpl.invoke0(Native Method)
	at sun.reflect.NativeMethodAccessorImpl.invoke(NativeMethodAccessorImpl.java:62)
	at sun.reflect.DelegatingMethodAccessorImpl.invoke(DelegatingMethodAccessorImpl.java:43)
	at java.lang.reflect.Method.invoke(Method.java:498)
	at org.junit.platform.commons.util.ReflectionUtils.invokeMethod(ReflectionUtils.java:688)
	at org.junit.jupiter.engine.execution.MethodInvocation.proceed(MethodInvocation.java:60)
	at org.junit.jupiter.engine.execution.InvocationInterceptorChain$ValidatingInvocation.proceed(InvocationInterceptorChain.java:131)
	at org.junit.jupiter.engine.extension.TimeoutInvocation.proceed(TimeoutInvocation.java:46)
	at org.junit.jupiter.engine.extension.TimeoutExtension.intercept(TimeoutExtension.java:149)
	at org.junit.jupiter.engine.extension.TimeoutExtension.interceptTestableMethod(TimeoutExtension.java:140)
	at org.junit.jupiter.engine.extension.TimeoutExtension.interceptTestMethod(TimeoutExtension.java:84)
	at org.junit.jupiter.engine.execution.ExecutableInvoker$ReflectiveInterceptorCall.lambda$ofVoidMethod$0(ExecutableInvoker.java:115)
	at org.junit.jupiter.engine.execution.ExecutableInvoker.lambda$invoke$0(ExecutableInvoker.java:105)
	at org.junit.jupiter.engine.execution.InvocationInterceptorChain$InterceptedInvocation.proceed(InvocationInterceptorChain.java:106)
	at org.junit.jupiter.engine.execution.InvocationInterceptorChain.proceed(InvocationInterceptorChain.java:64)
	at org.junit.jupiter.engine.execution.InvocationInterceptorChain.chainAndInvoke(InvocationInterceptorChain.java:45)
	at org.junit.jupiter.engine.execution.InvocationInterceptorChain.invoke(InvocationInterceptorChain.java:37)
	at org.junit.jupiter.engine.execution.ExecutableInvoker.invoke(ExecutableInvoker.java:104)
	at org.junit.jupiter.engine.execution.ExecutableInvoker.invoke(ExecutableInvoker.java:98)
	at org.junit.jupiter.engine.descriptor.TestMethodTestDescriptor.lambda$invokeTestMethod$6(TestMethodTestDescriptor.java:210)
	at org.junit.platform.engine.support.hierarchical.ThrowableCollector.execute(ThrowableCollector.java:73)
	at org.junit.jupiter.engine.descriptor.TestMethodTestDescriptor.invokeTestMethod(TestMethodTestDescriptor.java:206)
	at org.junit.jupiter.engine.descriptor.TestMethodTestDescriptor.execute(TestMethodTestDescriptor.java:131)
	at org.junit.jupiter.engine.descriptor.TestMethodTestDescriptor.execute(TestMethodTestDescriptor.java:65)
	at org.junit.platform.engine.support.hierarchical.NodeTestTask.lambda$executeRecursively$5(NodeTestTask.java:139)
	at org.junit.platform.engine.support.hierarchical.ThrowableCollector.execute(ThrowableCollector.java:73)
	at org.junit.platform.engine.support.hierarchical.NodeTestTask.lambda$executeRecursively$7(NodeTestTask.java:129)
	at org.junit.platform.engine.support.hierarchical.Node.around(Node.java:137)
	at org.junit.platform.engine.support.hierarchical.NodeTestTask.lambda$executeRecursively$8(NodeTestTask.java:127)
	at org.junit.platform.engine.support.hierarchical.ThrowableCollector.execute(ThrowableCollector.java:73)
	at org.junit.platform.engine.support.hierarchical.NodeTestTask.executeRecursively(NodeTestTask.java:126)
	at org.junit.platform.engine.support.hierarchical.NodeTestTask.execute(NodeTestTask.java:84)
	at java.util.ArrayList.forEach(ArrayList.java:1259)
	at org.junit.platform.engine.support.hierarchical.SameThreadHierarchicalTestExecutorService.invokeAll(SameThreadHierarchicalTestExecutorService.java:38)
	at org.junit.platform.engine.support.hierarchical.NodeTestTask.lambda$executeRecursively$5(NodeTestTask.java:143)
	at org.junit.platform.engine.support.hierarchical.ThrowableCollector.execute(ThrowableCollector.java:73)
	at org.junit.platform.engine.support.hierarchical.NodeTestTask.lambda$executeRecursively$7(NodeTestTask.java:129)
	at org.junit.platform.engine.support.hierarchical.Node.around(Node.java:137)
	at org.junit.platform.engine.support.hierarchical.NodeTestTask.lambda$executeRecursively$8(NodeTestTask.java:127)
	at org.junit.platform.engine.support.hierarchical.ThrowableCollector.execute(ThrowableCollector.java:73)
	at org.junit.platform.engine.support.hierarchical.NodeTestTask.executeRecursively(NodeTestTask.java:126)
	at org.junit.platform.engine.support.hierarchical.NodeTestTask.execute(NodeTestTask.java:84)
	at java.util.ArrayList.forEach(ArrayList.java:1259)
	at org.junit.platform.engine.support.hierarchical.SameThreadHierarchicalTestExecutorService.invokeAll(SameThreadHierarchicalTestExecutorService.java:38)
	at org.junit.platform.engine.support.hierarchical.NodeTestTask.lambda$executeRecursively$5(NodeTestTask.java:143)
	at org.junit.platform.engine.support.hierarchical.ThrowableCollector.execute(ThrowableCollector.java:73)
	at org.junit.platform.engine.support.hierarchical.NodeTestTask.lambda$executeRecursively$7(NodeTestTask.java:129)
	at org.junit.platform.engine.support.hierarchical.Node.around(Node.java:137)
	at org.junit.platform.engine.support.hierarchical.NodeTestTask.lambda$executeRecursively$8(NodeTestTask.java:127)
	at org.junit.platform.engine.support.hierarchical.ThrowableCollector.execute(ThrowableCollector.java:73)
	at org.junit.platform.engine.support.hierarchical.NodeTestTask.executeRecursively(NodeTestTask.java:126)
	at org.junit.platform.engine.support.hierarchical.NodeTestTask.execute(NodeTestTask.java:84)
	at org.junit.platform.engine.support.hierarchical.SameThreadHierarchicalTestExecutorService.submit(SameThreadHierarchicalTestExecutorService.java:32)
	at org.junit.platform.engine.support.hierarchical.HierarchicalTestExecutor.execute(HierarchicalTestExecutor.java:57)
	at org.junit.platform.engine.support.hierarchical.HierarchicalTestEngine.execute(HierarchicalTestEngine.java:51)
	at org.junit.platform.launcher.core.EngineExecutionOrchestrator.execute(EngineExecutionOrchestrator.java:108)
	at org.junit.platform.launcher.core.EngineExecutionOrchestrator.execute(EngineExecutionOrchestrator.java:88)
	at org.junit.platform.launcher.core.EngineExecutionOrchestrator.lambda$execute$0(EngineExecutionOrchestrator.java:54)
	at org.junit.platform.launcher.core.EngineExecutionOrchestrator.withInterceptedStreams(EngineExecutionOrchestrator.java:67)
	at org.junit.platform.launcher.core.EngineExecutionOrchestrator.execute(EngineExecutionOrchestrator.java:52)
	at org.junit.platform.launcher.core.DefaultLauncher.execute(DefaultLauncher.java:96)
	at org.junit.platform.launcher.core.DefaultLauncher.execute(DefaultLauncher.java:75)
	at org.apache.maven.surefire.junitplatform.JUnitPlatformProvider.invokeAllTests(JUnitPlatformProvider.java:142)
	at org.apache.maven.surefire.junitplatform.JUnitPlatformProvider.invoke(JUnitPlatformProvider.java:113)
	at org.apache.maven.surefire.booter.ForkedBooter.invokeProviderInSameClassLoader(ForkedBooter.java:384)
	at org.apache.maven.surefire.booter.ForkedBooter.runSuitesInProcess(ForkedBooter.java:345)
	at org.apache.maven.surefire.booter.ForkedBooter.execute(ForkedBooter.java:126)
	at org.apache.maven.surefire.booter.ForkedBooter.main(ForkedBooter.java:418)
</error>
    <system-out><![CDATA[2022-01-10 11:11:53,282 [Listener at 127.0.0.1/11928] WARN  server.ServerUtils (ServerUtils.java:getScmDbDir(148)) - ozone.scm.db.dirs is not configured. We recommend adding this setting. Falling back to ozone.metadata.dirs instead.
2022-01-10 11:11:53,283 [Listener at 127.0.0.1/11928] INFO  ha.SCMHANodeDetails (SCMHANodeDetails.java:loadSCMHAConfig(157)) - ServiceID for StorageContainerManager is scm-service-test1
2022-01-10 11:11:53,283 [Listener at 127.0.0.1/11928] INFO  ha.SCMHANodeDetails (SCMHANodeDetails.java:loadSCMHAConfig(168)) - ServiceID for StorageContainerManager is scm-service-test1
2022-01-10 11:11:53,284 [Listener at 127.0.0.1/11928] WARN  scm.ScmUtils (ScmUtils.java:logWarn(179)) - ConfigKey ozone.scm.block.client.address is deprecated, For configuring different ports for each SCM use PortConfigKey ozone.scm.block.client.port appended with serviceId and nodeId. If want to configure same port configure ozone.scm.block.client.port
2022-01-10 11:11:53,284 [Listener at 127.0.0.1/11928] WARN  scm.ScmUtils (ScmUtils.java:logWarn(179)) - ConfigKey ozone.scm.client.address is deprecated, For configuring different ports for each SCM use PortConfigKey ozone.scm.client.port appended with serviceId and nodeId. If want to configure same port configure ozone.scm.client.port
2022-01-10 11:11:53,284 [Listener at 127.0.0.1/11928] WARN  scm.ScmUtils (ScmUtils.java:logWarn(179)) - ConfigKey ozone.scm.datanode.address is deprecated, For configuring different ports for each SCM use PortConfigKey ozone.scm.datanode.port appended with serviceId and nodeId. If want to configure same port configure ozone.scm.datanode.port
2022-01-10 11:11:53,284 [Listener at 127.0.0.1/11928] WARN  scm.ScmUtils (ScmUtils.java:logWarn(179)) - ConfigKey ozone.scm.block.client.address is deprecated, For configuring different ports for each SCM use PortConfigKey ozone.scm.block.client.port appended with serviceId and nodeId. If want to configure same port configure ozone.scm.block.client.port
2022-01-10 11:11:53,285 [Listener at 127.0.0.1/11928] WARN  scm.ScmUtils (ScmUtils.java:logWarn(179)) - ConfigKey ozone.scm.client.address is deprecated, For configuring different ports for each SCM use PortConfigKey ozone.scm.client.port appended with serviceId and nodeId. If want to configure same port configure ozone.scm.client.port
2022-01-10 11:11:53,285 [Listener at 127.0.0.1/11928] WARN  scm.ScmUtils (ScmUtils.java:logWarn(179)) - ConfigKey ozone.scm.datanode.address is deprecated, For configuring different ports for each SCM use PortConfigKey ozone.scm.datanode.port appended with serviceId and nodeId. If want to configure same port configure ozone.scm.datanode.port
2022-01-10 11:11:53,286 [Listener at 127.0.0.1/11928] INFO  ha.SCMHANodeDetails (SCMHANodeDetails.java:loadSCMHAConfig(250)) - Found matching SCM address with SCMServiceId: scm-service-test1, SCMNodeId: scmNode-1, RPC Address: localhost:13552 and Ratis port: 13552
2022-01-10 11:11:53,286 [Listener at 127.0.0.1/11928] INFO  ha.SCMHANodeDetails (ConfUtils.java:setNodeSpecificConfigs(108)) - Setting configuration key ozone.scm.datanode.address with value of key ozone.scm.datanode.address.scm-service-test1.scmNode-1: 127.0.0.1:13553
2022-01-10 11:11:53,286 [Listener at 127.0.0.1/11928] INFO  ha.SCMHANodeDetails (ConfUtils.java:setNodeSpecificConfigs(108)) - Setting configuration key ozone.scm.block.client.address with value of key ozone.scm.block.client.address.scm-service-test1.scmNode-1: 127.0.0.1:13554
2022-01-10 11:11:53,286 [Listener at 127.0.0.1/11928] INFO  ha.SCMHANodeDetails (ConfUtils.java:setNodeSpecificConfigs(108)) - Setting configuration key ozone.scm.client.address with value of key ozone.scm.client.address.scm-service-test1.scmNode-1: 127.0.0.1:13555
2022-01-10 11:11:53,287 [Listener at 127.0.0.1/11928] INFO  ha.SCMHANodeDetails (ConfUtils.java:setNodeSpecificConfigs(108)) - Setting configuration key ozone.scm.ratis.port with value of key ozone.scm.ratis.port.scm-service-test1.scmNode-1: 13552
2022-01-10 11:11:53,287 [Listener at 127.0.0.1/11928] INFO  ha.SCMHANodeDetails (ConfUtils.java:setNodeSpecificConfigs(108)) - Setting configuration key ozone.scm.grpc.port with value of key ozone.scm.grpc.port.scm-service-test1.scmNode-1: 13556
2022-01-10 11:11:53,287 [Listener at 127.0.0.1/11928] INFO  ha.SCMHANodeDetails (ConfUtils.java:setNodeSpecificConfigs(108)) - Setting configuration key ozone.scm.http-address with value of key ozone.scm.http-address.scm-service-test1.scmNode-1: 127.0.0.1:13550
2022-01-10 11:11:53,287 [Listener at 127.0.0.1/11928] INFO  ha.SCMHANodeDetails (ConfUtils.java:setNodeSpecificConfigs(108)) - Setting configuration key ozone.scm.https-address with value of key ozone.scm.https-address.scm-service-test1.scmNode-1: 127.0.0.1:13551
2022-01-10 11:11:53,287 [Listener at 127.0.0.1/11928] INFO  ha.SCMHANodeDetails (ConfUtils.java:setNodeSpecificConfigs(108)) - Setting configuration key ozone.scm.address with value of key ozone.scm.address.scm-service-test1.scmNode-1: 127.0.0.1
2022-01-10 11:11:53,287 [Listener at 127.0.0.1/11928] WARN  scm.ScmUtils (ScmUtils.java:logWarn(179)) - ConfigKey ozone.scm.block.client.address is deprecated, For configuring different ports for each SCM use PortConfigKey ozone.scm.block.client.port appended with serviceId and nodeId. If want to configure same port configure ozone.scm.block.client.port
2022-01-10 11:11:53,288 [Listener at 127.0.0.1/11928] WARN  scm.ScmUtils (ScmUtils.java:logWarn(179)) - ConfigKey ozone.scm.client.address is deprecated, For configuring different ports for each SCM use PortConfigKey ozone.scm.client.port appended with serviceId and nodeId. If want to configure same port configure ozone.scm.client.port
2022-01-10 11:11:53,288 [Listener at 127.0.0.1/11928] WARN  scm.ScmUtils (ScmUtils.java:logWarn(179)) - ConfigKey ozone.scm.datanode.address is deprecated, For configuring different ports for each SCM use PortConfigKey ozone.scm.datanode.port appended with serviceId and nodeId. If want to configure same port configure ozone.scm.datanode.port
2022-01-10 11:11:53,299 [Listener at 127.0.0.1/11928] INFO  server.RaftServer (ConfUtils.java:logGet(44)) - raft.rpc.type = GRPC (default)
2022-01-10 11:11:53,299 [Listener at 127.0.0.1/11928] INFO  grpc.GrpcFactory (GrpcFactory.java:checkPooledByteBufAllocatorUseCacheForAllThreads(48)) - PERFORMANCE WARNING: useCacheForAllThreads is true that may cause Netty to create a lot garbage objects and, as a result, trigger GC.
	It is recommended to disable useCacheForAllThreads by setting -Dorg.apache.ratis.thirdparty.io.netty.allocator.useCacheForAllThreads=false in command line.
2022-01-10 11:11:53,299 [Listener at 127.0.0.1/11928] INFO  grpc.GrpcConfigKeys (ConfUtils.java:logGet(44)) - raft.grpc.admin.port = -1 (default)
2022-01-10 11:11:53,300 [Listener at 127.0.0.1/11928] INFO  grpc.GrpcConfigKeys (ConfUtils.java:logGet(44)) - raft.grpc.server.port = 13552 (custom)
2022-01-10 11:11:53,300 [Listener at 127.0.0.1/11928] INFO  grpc.GrpcConfigKeys (ConfUtils.java:logGet(44)) - raft.grpc.client.port = -1 (default)
2022-01-10 11:11:53,300 [Listener at 127.0.0.1/11928] INFO  grpc.GrpcConfigKeys (ConfUtils.java:logGet(44)) - raft.grpc.server.port = 13552 (custom)
2022-01-10 11:11:53,300 [Listener at 127.0.0.1/11928] INFO  grpc.GrpcConfigKeys (ConfUtils.java:logGet(44)) - raft.grpc.server.port = 13552 (custom)
2022-01-10 11:11:53,300 [Listener at 127.0.0.1/11928] INFO  server.GrpcService (ConfUtils.java:logGet(44)) - raft.grpc.message.size.max = 32m (=33554432) (custom)
2022-01-10 11:11:53,300 [Listener at 127.0.0.1/11928] INFO  server.RaftServerConfigKeys (ConfUtils.java:logGet(44)) - raft.server.log.appender.buffer.byte-limit = 33554432 (custom)
2022-01-10 11:11:53,300 [Listener at 127.0.0.1/11928] INFO  server.GrpcService (ConfUtils.java:logGet(44)) - raft.grpc.flow.control.window = 1MB (=1048576) (default)
2022-01-10 11:11:53,300 [Listener at 127.0.0.1/11928] INFO  server.RaftServerConfigKeys (ConfUtils.java:logGet(44)) - raft.server.rpc.request.timeout = 30000ms (custom)
2022-01-10 11:11:53,302 [Listener at 127.0.0.1/11928] INFO  impl.DataStreamServerImpl (ConfUtils.java:logGet(44)) - raft.datastream.type = DISABLED (default)
2022-01-10 11:11:53,302 [Listener at 127.0.0.1/11928] INFO  server.RaftServerConfigKeys (ConfUtils.java:logGet(44)) - raft.server.rpc.slowness.timeout = 120000ms (custom)
2022-01-10 11:11:53,302 [Listener at 127.0.0.1/11928] INFO  server.RaftServerConfigKeys (ConfUtils.java:logGet(44)) - raft.server.leaderelection.leader.step-down.wait-time = 10s (default)
2022-01-10 11:11:53,303 [Listener at 127.0.0.1/11928] INFO  server.RaftServerConfigKeys (ConfUtils.java:logGet(44)) - raft.server.storage.dir = [/home/runner/work/ozone/ozone/hadoop-ozone/integration-test/target/test-dir/MiniOzoneClusterImpl-7d1a95dd-ad38-4e88-9004-e3265cc39d2b/scmNode-1/scm-ha] (custom)
2022-01-10 11:11:53,312 [Listener at 127.0.0.1/11928] INFO  server.RaftServer (RaftServerProxy.java:addNew(95)) - 6a981e52-99aa-4707-bfae-4a3cfe894454: addNew group-E3265CC39D2B:[6a981e52-99aa-4707-bfae-4a3cfe894454|rpc:localhost:13552|priority:0] returns group-E3265CC39D2B:java.util.concurrent.CompletableFuture@26ee00a9[Not completed]
2022-01-10 11:11:53,315 [pool-196-thread-1] INFO  server.RaftServer$Division (RaftServerImpl.java:<init>(184)) - 6a981e52-99aa-4707-bfae-4a3cfe894454: new RaftServerImpl for group-E3265CC39D2B:[6a981e52-99aa-4707-bfae-4a3cfe894454|rpc:localhost:13552|priority:0] with SCMStateMachine:uninitialized
2022-01-10 11:11:53,324 [pool-196-thread-1] INFO  server.RaftServerConfigKeys (ConfUtils.java:logGet(44)) - raft.server.rpc.timeout.min = 5000ms (custom)
2022-01-10 11:11:53,324 [pool-196-thread-1] INFO  server.RaftServerConfigKeys (ConfUtils.java:logGet(44)) - raft.server.rpc.timeout.max = 5200ms (custom)
2022-01-10 11:11:53,324 [pool-196-thread-1] INFO  server.RaftServerConfigKeys (ConfUtils.java:logGet(44)) - raft.server.rpc.sleep.time = 25ms (default)
2022-01-10 11:11:53,324 [pool-196-thread-1] INFO  server.RaftServerConfigKeys (ConfUtils.java:logGet(44)) - raft.server.rpc.slowness.timeout = 120000ms (custom)
2022-01-10 11:11:53,324 [pool-196-thread-1] INFO  server.RaftServerConfigKeys (ConfUtils.java:logGet(44)) - raft.server.leaderelection.leader.step-down.wait-time = 10s (default)
2022-01-10 11:11:53,324 [pool-196-thread-1] INFO  server.RaftServerConfigKeys (ConfUtils.java:logGet(44)) - raft.server.sleep.deviation.threshold = 300ms (default)
2022-01-10 11:11:53,324 [pool-196-thread-1] INFO  server.RaftServerConfigKeys (ConfUtils.java:logGet(44)) - raft.server.log.appender.install.snapshot.enabled = false (custom)
2022-01-10 11:11:53,324 [pool-196-thread-1] INFO  server.RaftServer$Division (ServerState.java:<init>(105)) - 6a981e52-99aa-4707-bfae-4a3cfe894454@group-E3265CC39D2B: ConfigurationManager, init=-1: [6a981e52-99aa-4707-bfae-4a3cfe894454|rpc:localhost:13552|priority:0], old=null, confs=<EMPTY_MAP>
2022-01-10 11:11:53,324 [pool-196-thread-1] INFO  server.RaftServerConfigKeys (ConfUtils.java:logGet(44)) - raft.server.storage.dir = [/home/runner/work/ozone/ozone/hadoop-ozone/integration-test/target/test-dir/MiniOzoneClusterImpl-7d1a95dd-ad38-4e88-9004-e3265cc39d2b/scmNode-1/scm-ha] (custom)
2022-01-10 11:11:53,324 [pool-196-thread-1] INFO  server.RaftServerConfigKeys (ConfUtils.java:logGet(44)) - raft.server.log.corruption.policy = EXCEPTION (default)
2022-01-10 11:11:53,324 [pool-196-thread-1] INFO  server.RaftServerConfigKeys (ConfUtils.java:logGet(44)) - raft.server.storage.free-space.min = 0MB (=0) (default)
2022-01-10 11:11:53,325 [pool-196-thread-1] INFO  storage.RaftStorageDirectory (RaftStorageDirectoryImpl.java:analyzeStorage(135)) - The storage directory /home/runner/work/ozone/ozone/hadoop-ozone/integration-test/target/test-dir/MiniOzoneClusterImpl-7d1a95dd-ad38-4e88-9004-e3265cc39d2b/scmNode-1/scm-ha/7d1a95dd-ad38-4e88-9004-e3265cc39d2b does not exist. Creating ...
2022-01-10 11:11:53,326 [pool-196-thread-1] INFO  storage.RaftStorageDirectory (RaftStorageDirectoryImpl.java:tryLock(230)) - Lock on /home/runner/work/ozone/ozone/hadoop-ozone/integration-test/target/test-dir/MiniOzoneClusterImpl-7d1a95dd-ad38-4e88-9004-e3265cc39d2b/scmNode-1/scm-ha/7d1a95dd-ad38-4e88-9004-e3265cc39d2b/in_use.lock acquired by nodename 8189@fv-az270-882
2022-01-10 11:11:53,329 [pool-196-thread-1] INFO  storage.RaftStorage (RaftStorageImpl.java:format(89)) - Storage directory /home/runner/work/ozone/ozone/hadoop-ozone/integration-test/target/test-dir/MiniOzoneClusterImpl-7d1a95dd-ad38-4e88-9004-e3265cc39d2b/scmNode-1/scm-ha/7d1a95dd-ad38-4e88-9004-e3265cc39d2b has been successfully formatted.
2022-01-10 11:11:53,329 [pool-196-thread-1] INFO  server.RaftServerConfigKeys (ConfUtils.java:logGet(44)) - raft.server.notification.no-leader.timeout = 60s (default)
2022-01-10 11:11:53,329 [pool-196-thread-1] INFO  server.RaftServerConfigKeys (ConfUtils.java:logGet(44)) - raft.server.log.use.memory = false (default)
2022-01-10 11:11:53,329 [pool-196-thread-1] INFO  server.RaftServerConfigKeys (ConfUtils.java:logGet(44)) - raft.server.log.purge.gap = 5 (custom)
2022-01-10 11:11:53,329 [pool-196-thread-1] INFO  server.RaftServerConfigKeys (ConfUtils.java:logGet(44)) - raft.server.log.appender.buffer.byte-limit = 33554432 (custom)
2022-01-10 11:11:53,329 [pool-196-thread-1] INFO  server.RaftServerConfigKeys (ConfUtils.java:logGet(44)) - raft.server.log.segment.size.max = 4194304 (custom)
2022-01-10 11:11:53,330 [pool-196-thread-1] INFO  server.RaftServerConfigKeys (ConfUtils.java:logGet(44)) - raft.server.log.segment.cache.num.max = 2 (custom)
2022-01-10 11:11:53,330 [pool-196-thread-1] INFO  server.RaftServerConfigKeys (ConfUtils.java:logGet(44)) - raft.server.log.segment.cache.size.max = 200MB (=209715200) (default)
2022-01-10 11:11:53,330 [pool-196-thread-1] INFO  segmented.SegmentedRaftLogWorker (SegmentedRaftLogWorker.java:<init>(182)) - new 6a981e52-99aa-4707-bfae-4a3cfe894454@group-E3265CC39D2B-SegmentedRaftLogWorker for RaftStorageImpl:Storage Directory /home/runner/work/ozone/ozone/hadoop-ozone/integration-test/target/test-dir/MiniOzoneClusterImpl-7d1a95dd-ad38-4e88-9004-e3265cc39d2b/scmNode-1/scm-ha/7d1a95dd-ad38-4e88-9004-e3265cc39d2b
2022-01-10 11:11:53,330 [pool-196-thread-1] INFO  server.RaftServerConfigKeys (ConfUtils.java:logGet(44)) - raft.server.log.queue.byte-limit = 64MB (=67108864) (default)
2022-01-10 11:11:53,330 [pool-196-thread-1] INFO  server.RaftServerConfigKeys (ConfUtils.java:logGet(44)) - raft.server.log.queue.element-limit = 4096 (default)
2022-01-10 11:11:53,330 [pool-196-thread-1] INFO  server.RaftServerConfigKeys (ConfUtils.java:logGet(44)) - raft.server.log.segment.size.max = 4194304 (custom)
2022-01-10 11:11:53,330 [pool-196-thread-1] INFO  server.RaftServerConfigKeys (ConfUtils.java:logGet(44)) - raft.server.log.preallocated.size = 4194304 (custom)
2022-01-10 11:11:53,330 [pool-196-thread-1] INFO  server.RaftServerConfigKeys (ConfUtils.java:logGet(44)) - raft.server.log.force.sync.num = 128 (default)
2022-01-10 11:11:53,330 [pool-196-thread-1] INFO  server.RaftServerConfigKeys (ConfUtils.java:logGet(44)) - raft.server.log.statemachine.data.sync = true (default)
2022-01-10 11:11:53,330 [pool-196-thread-1] INFO  server.RaftServerConfigKeys (ConfUtils.java:logGet(44)) - raft.server.log.statemachine.data.sync.timeout = 10s (default)
2022-01-10 11:11:53,331 [pool-196-thread-1] INFO  server.RaftServerConfigKeys (ConfUtils.java:logGet(44)) - raft.server.log.statemachine.data.sync.timeout.retry = -1 (default)
2022-01-10 11:11:53,331 [pool-196-thread-1] INFO  server.RaftServerConfigKeys (ConfUtils.java:logGet(44)) - raft.server.log.write.buffer.size = 64KB (=65536) (default)
2022-01-10 11:11:53,332 [pool-196-thread-1] INFO  server.RaftServerConfigKeys (ConfUtils.java:logGet(44)) - raft.server.log.statemachine.data.caching.enabled = false (default)
2022-01-10 11:11:53,332 [pool-196-thread-1] INFO  segmented.SegmentedRaftLogWorker (SegmentedRaftLogWorker.java:lambda$new$0(133)) - 6a981e52-99aa-4707-bfae-4a3cfe894454@group-E3265CC39D2B-SegmentedRaftLogWorker: flushIndex: setUnconditionally 0 -> -1
2022-01-10 11:11:53,332 [pool-196-thread-1] INFO  segmented.SegmentedRaftLogWorker (SegmentedRaftLogWorker.java:lambda$new$0(133)) - 6a981e52-99aa-4707-bfae-4a3cfe894454@group-E3265CC39D2B-SegmentedRaftLogWorker: safeCacheEvictIndex: setUnconditionally 0 -> -1
2022-01-10 11:11:53,340 [pool-196-thread-1] INFO  server.RaftServerConfigKeys (ConfUtils.java:logGet(44)) - raft.server.snapshot.auto.trigger.enabled = true (custom)
2022-01-10 11:11:53,340 [pool-196-thread-1] INFO  server.RaftServerConfigKeys (ConfUtils.java:logGet(44)) - raft.server.snapshot.auto.trigger.threshold = 5 (custom)
2022-01-10 11:11:53,340 [pool-196-thread-1] INFO  server.RaftServerConfigKeys (ConfUtils.java:logGet(44)) - raft.server.snapshot.retention.file.num = -1 (default)
2022-01-10 11:11:53,340 [pool-196-thread-1] INFO  server.RaftServerConfigKeys (ConfUtils.java:logGet(44)) - raft.server.log.purge.upto.snapshot.index = true (custom)
2022-01-10 11:11:53,341 [pool-196-thread-1] INFO  server.RaftServerConfigKeys (ConfUtils.java:logGet(44)) - raft.server.retrycache.expirytime = 60000ms (default)
2022-01-10 11:11:53,341 [pool-196-thread-1] INFO  server.RaftServerConfigKeys (ConfUtils.java:logGet(44)) - raft.server.retrycache.statistics.expirytime = 100μs (default)
2022-01-10 11:11:53,345 [Listener at 127.0.0.1/11928] INFO  server.RaftServer$Division (RaftServerImpl.java:start(301)) - 6a981e52-99aa-4707-bfae-4a3cfe894454@group-E3265CC39D2B: start as a follower, conf=-1: [6a981e52-99aa-4707-bfae-4a3cfe894454|rpc:localhost:13552|priority:0], old=null
2022-01-10 11:11:53,346 [Listener at 127.0.0.1/11928] INFO  server.RaftServer$Division (RaftServerImpl.java:setRole(290)) - 6a981e52-99aa-4707-bfae-4a3cfe894454@group-E3265CC39D2B: changes role from      null to FOLLOWER at term 0 for startAsFollower
2022-01-10 11:11:53,346 [Listener at 127.0.0.1/11928] INFO  impl.RoleInfo (RoleInfo.java:updateAndGet(130)) - 6a981e52-99aa-4707-bfae-4a3cfe894454: start 6a981e52-99aa-4707-bfae-4a3cfe894454@group-E3265CC39D2B-FollowerState
2022-01-10 11:11:53,361 [Listener at 127.0.0.1/11928] INFO  util.JmxRegister (JmxRegister.java:tryRegister(44)) - Successfully registered JMX Bean with object name Ratis:service=RaftServer,group=group-E3265CC39D2B,id=6a981e52-99aa-4707-bfae-4a3cfe894454
2022-01-10 11:11:53,362 [Listener at 127.0.0.1/11928] INFO  server.RaftServer (RaftServerProxy.java:lambda$start$5(374)) - 6a981e52-99aa-4707-bfae-4a3cfe894454: start RPC server
2022-01-10 11:11:53,372 [Listener at 127.0.0.1/11928] INFO  server.GrpcService (GrpcService.java:startImpl(253)) - 6a981e52-99aa-4707-bfae-4a3cfe894454: GrpcService started, listening on 13552
2022-01-10 11:11:53,384 [org.apache.ratis.util.JvmPauseMonitor$$Lambda$500/2122256138@482f1b64] INFO  util.JvmPauseMonitor (JvmPauseMonitor.java:run(103)) - JvmPauseMonitor-6a981e52-99aa-4707-bfae-4a3cfe894454: Started
2022-01-10 11:11:53,394 [EndpointStateMachine task thread for /127.0.0.1:14063 - 0 ] INFO  ipc.Client (Client.java:handleConnectionFailure(977)) - Retrying connect to server: localhost/127.0.0.1:14063. Already tried 3 time(s); retry policy is RetryUpToMaximumCountWithFixedSleep(maxRetries=15, sleepTime=1000 MILLISECONDS)
2022-01-10 11:11:53,394 [EndpointStateMachine task thread for /127.0.0.1:14073 - 0 ] INFO  ipc.Client (Client.java:handleConnectionFailure(977)) - Retrying connect to server: localhost/127.0.0.1:14073. Already tried 6 time(s); retry policy is RetryUpToMaximumCountWithFixedSleep(maxRetries=15, sleepTime=1000 MILLISECONDS)
2022-01-10 11:11:53,504 [EndpointStateMachine task thread for /127.0.0.1:14053 - 0 ] INFO  ipc.Client (Client.java:handleConnectionFailure(977)) - Retrying connect to server: localhost/127.0.0.1:14053. Already tried 6 time(s); retry policy is RetryUpToMaximumCountWithFixedSleep(maxRetries=15, sleepTime=1000 MILLISECONDS)
2022-01-10 11:11:54,394 [EndpointStateMachine task thread for /127.0.0.1:14063 - 0 ] INFO  ipc.Client (Client.java:handleConnectionFailure(977)) - Retrying connect to server: localhost/127.0.0.1:14063. Already tried 4 time(s); retry policy is RetryUpToMaximumCountWithFixedSleep(maxRetries=15, sleepTime=1000 MILLISECONDS)
2022-01-10 11:11:54,395 [EndpointStateMachine task thread for /127.0.0.1:14073 - 0 ] INFO  ipc.Client (Client.java:handleConnectionFailure(977)) - Retrying connect to server: localhost/127.0.0.1:14073. Already tried 7 time(s); retry policy is RetryUpToMaximumCountWithFixedSleep(maxRetries=15, sleepTime=1000 MILLISECONDS)
2022-01-10 11:11:54,504 [EndpointStateMachine task thread for /127.0.0.1:14053 - 0 ] INFO  ipc.Client (Client.java:handleConnectionFailure(977)) - Retrying connect to server: localhost/127.0.0.1:14053. Already tried 7 time(s); retry policy is RetryUpToMaximumCountWithFixedSleep(maxRetries=15, sleepTime=1000 MILLISECONDS)
2022-01-10 11:11:55,395 [EndpointStateMachine task thread for /127.0.0.1:14063 - 0 ] INFO  ipc.Client (Client.java:handleConnectionFailure(977)) - Retrying connect to server: localhost/127.0.0.1:14063. Already tried 5 time(s); retry policy is RetryUpToMaximumCountWithFixedSleep(maxRetries=15, sleepTime=1000 MILLISECONDS)
2022-01-10 11:11:55,395 [EndpointStateMachine task thread for /127.0.0.1:14073 - 0 ] INFO  ipc.Client (Client.java:handleConnectionFailure(977)) - Retrying connect to server: localhost/127.0.0.1:14073. Already tried 8 time(s); retry policy is RetryUpToMaximumCountWithFixedSleep(maxRetries=15, sleepTime=1000 MILLISECONDS)
2022-01-10 11:11:55,505 [EndpointStateMachine task thread for /127.0.0.1:14053 - 0 ] INFO  ipc.Client (Client.java:handleConnectionFailure(977)) - Retrying connect to server: localhost/127.0.0.1:14053. Already tried 8 time(s); retry policy is RetryUpToMaximumCountWithFixedSleep(maxRetries=15, sleepTime=1000 MILLISECONDS)
2022-01-10 11:11:56,396 [EndpointStateMachine task thread for /127.0.0.1:14063 - 0 ] INFO  ipc.Client (Client.java:handleConnectionFailure(977)) - Retrying connect to server: localhost/127.0.0.1:14063. Already tried 6 time(s); retry policy is RetryUpToMaximumCountWithFixedSleep(maxRetries=15, sleepTime=1000 MILLISECONDS)
2022-01-10 11:11:56,396 [EndpointStateMachine task thread for /127.0.0.1:14073 - 0 ] INFO  ipc.Client (Client.java:handleConnectionFailure(977)) - Retrying connect to server: localhost/127.0.0.1:14073. Already tried 9 time(s); retry policy is RetryUpToMaximumCountWithFixedSleep(maxRetries=15, sleepTime=1000 MILLISECONDS)
2022-01-10 11:11:56,506 [EndpointStateMachine task thread for /127.0.0.1:14053 - 0 ] INFO  ipc.Client (Client.java:handleConnectionFailure(977)) - Retrying connect to server: localhost/127.0.0.1:14053. Already tried 9 time(s); retry policy is RetryUpToMaximumCountWithFixedSleep(maxRetries=15, sleepTime=1000 MILLISECONDS)
2022-01-10 11:11:57,397 [EndpointStateMachine task thread for /127.0.0.1:14073 - 0 ] INFO  ipc.Client (Client.java:handleConnectionFailure(977)) - Retrying connect to server: localhost/127.0.0.1:14073. Already tried 10 time(s); retry policy is RetryUpToMaximumCountWithFixedSleep(maxRetries=15, sleepTime=1000 MILLISECONDS)
2022-01-10 11:11:57,397 [EndpointStateMachine task thread for /127.0.0.1:14063 - 0 ] INFO  ipc.Client (Client.java:handleConnectionFailure(977)) - Retrying connect to server: localhost/127.0.0.1:14063. Already tried 7 time(s); retry policy is RetryUpToMaximumCountWithFixedSleep(maxRetries=15, sleepTime=1000 MILLISECONDS)
2022-01-10 11:11:57,506 [EndpointStateMachine task thread for /127.0.0.1:14053 - 0 ] INFO  ipc.Client (Client.java:handleConnectionFailure(977)) - Retrying connect to server: localhost/127.0.0.1:14053. Already tried 10 time(s); retry policy is RetryUpToMaximumCountWithFixedSleep(maxRetries=15, sleepTime=1000 MILLISECONDS)
2022-01-10 11:11:58,397 [EndpointStateMachine task thread for /127.0.0.1:14073 - 0 ] INFO  ipc.Client (Client.java:handleConnectionFailure(977)) - Retrying connect to server: localhost/127.0.0.1:14073. Already tried 11 time(s); retry policy is RetryUpToMaximumCountWithFixedSleep(maxRetries=15, sleepTime=1000 MILLISECONDS)
2022-01-10 11:11:58,398 [EndpointStateMachine task thread for /127.0.0.1:14063 - 0 ] INFO  ipc.Client (Client.java:handleConnectionFailure(977)) - Retrying connect to server: localhost/127.0.0.1:14063. Already tried 8 time(s); retry policy is RetryUpToMaximumCountWithFixedSleep(maxRetries=15, sleepTime=1000 MILLISECONDS)
2022-01-10 11:11:58,442 [6a981e52-99aa-4707-bfae-4a3cfe894454@group-E3265CC39D2B-FollowerState] INFO  impl.FollowerState (FollowerState.java:run(134)) - 6a981e52-99aa-4707-bfae-4a3cfe894454@group-E3265CC39D2B-FollowerState: change to CANDIDATE, lastRpcElapsedTime:5096367727ns, electionTimeout:5080ms
2022-01-10 11:11:58,443 [6a981e52-99aa-4707-bfae-4a3cfe894454@group-E3265CC39D2B-FollowerState] INFO  impl.RoleInfo (RoleInfo.java:shutdownFollowerState(108)) - 6a981e52-99aa-4707-bfae-4a3cfe894454: shutdown 6a981e52-99aa-4707-bfae-4a3cfe894454@group-E3265CC39D2B-FollowerState
2022-01-10 11:11:58,443 [6a981e52-99aa-4707-bfae-4a3cfe894454@group-E3265CC39D2B-FollowerState] INFO  server.RaftServer$Division (RaftServerImpl.java:setRole(290)) - 6a981e52-99aa-4707-bfae-4a3cfe894454@group-E3265CC39D2B: changes role from  FOLLOWER to CANDIDATE at term 0 for changeToCandidate
2022-01-10 11:11:58,443 [6a981e52-99aa-4707-bfae-4a3cfe894454@group-E3265CC39D2B-FollowerState] INFO  server.RaftServerConfigKeys (ConfUtils.java:logGet(44)) - raft.server.leaderelection.pre-vote = false (custom)
2022-01-10 11:11:58,443 [6a981e52-99aa-4707-bfae-4a3cfe894454@group-E3265CC39D2B-FollowerState] INFO  impl.RoleInfo (RoleInfo.java:updateAndGet(130)) - 6a981e52-99aa-4707-bfae-4a3cfe894454: start 6a981e52-99aa-4707-bfae-4a3cfe894454@group-E3265CC39D2B-LeaderElection15
2022-01-10 11:11:58,477 [6a981e52-99aa-4707-bfae-4a3cfe894454@group-E3265CC39D2B-LeaderElection15] INFO  impl.LeaderElection (LeaderElection.java:askForVotes(306)) - 6a981e52-99aa-4707-bfae-4a3cfe894454@group-E3265CC39D2B-LeaderElection15 ELECTION round 0: submit vote requests at term 1 for -1: [6a981e52-99aa-4707-bfae-4a3cfe894454|rpc:localhost:13552|priority:0], old=null
2022-01-10 11:11:58,477 [6a981e52-99aa-4707-bfae-4a3cfe894454@group-E3265CC39D2B-LeaderElection15] INFO  impl.LeaderElection (LeaderElection.java:askForVotes(308)) - 6a981e52-99aa-4707-bfae-4a3cfe894454@group-E3265CC39D2B-LeaderElection15 ELECTION round 0: result PASSED (term=1)
2022-01-10 11:11:58,477 [6a981e52-99aa-4707-bfae-4a3cfe894454@group-E3265CC39D2B-LeaderElection15] INFO  impl.RoleInfo (RoleInfo.java:shutdownLeaderElection(121)) - 6a981e52-99aa-4707-bfae-4a3cfe894454: shutdown 6a981e52-99aa-4707-bfae-4a3cfe894454@group-E3265CC39D2B-LeaderElection15
2022-01-10 11:11:58,477 [6a981e52-99aa-4707-bfae-4a3cfe894454@group-E3265CC39D2B-LeaderElection15] INFO  server.RaftServer$Division (RaftServerImpl.java:setRole(290)) - 6a981e52-99aa-4707-bfae-4a3cfe894454@group-E3265CC39D2B: changes role from CANDIDATE to LEADER at term 1 for changeToLeader
2022-01-10 11:11:58,477 [6a981e52-99aa-4707-bfae-4a3cfe894454@group-E3265CC39D2B-LeaderElection15] INFO  server.RaftServer$Division (ServerState.java:setLeader(285)) - 6a981e52-99aa-4707-bfae-4a3cfe894454@group-E3265CC39D2B: change Leader from null to 6a981e52-99aa-4707-bfae-4a3cfe894454 at term 1 for becomeLeader, leader elected after 5148ms
2022-01-10 11:11:58,477 [6a981e52-99aa-4707-bfae-4a3cfe894454@group-E3265CC39D2B-LeaderElection15] INFO  server.RaftServerConfigKeys (ConfUtils.java:logGet(44)) - raft.server.staging.catchup.gap = 1000 (default)
2022-01-10 11:11:58,478 [6a981e52-99aa-4707-bfae-4a3cfe894454@group-E3265CC39D2B-LeaderElection15] INFO  server.RaftServerConfigKeys (ConfUtils.java:logGet(44)) - raft.server.write.element-limit = 4096 (default)
2022-01-10 11:11:58,478 [6a981e52-99aa-4707-bfae-4a3cfe894454@group-E3265CC39D2B-LeaderElection15] INFO  server.RaftServerConfigKeys (ConfUtils.java:logGet(44)) - raft.server.write.byte-limit = 64MB (=67108864) (default)
2022-01-10 11:11:58,479 [6a981e52-99aa-4707-bfae-4a3cfe894454@group-E3265CC39D2B-LeaderElection15] INFO  server.RaftServerConfigKeys (ConfUtils.java:logGet(44)) - raft.server.watch.timeout = 10s (default)
2022-01-10 11:11:58,479 [6a981e52-99aa-4707-bfae-4a3cfe894454@group-E3265CC39D2B-LeaderElection15] INFO  server.RaftServerConfigKeys (ConfUtils.java:logGet(44)) - raft.server.watch.timeout.denomination = 1s (default)
2022-01-10 11:11:58,479 [6a981e52-99aa-4707-bfae-4a3cfe894454@group-E3265CC39D2B-LeaderElection15] INFO  server.RaftServerConfigKeys (ConfUtils.java:logGet(44)) - raft.server.watch.element-limit = 65536 (default)
2022-01-10 11:11:58,479 [6a981e52-99aa-4707-bfae-4a3cfe894454@group-E3265CC39D2B-LeaderElection15] INFO  server.RaftServerConfigKeys (ConfUtils.java:logGet(44)) - raft.server.write.element-limit = 4096 (default)
2022-01-10 11:11:58,479 [6a981e52-99aa-4707-bfae-4a3cfe894454@group-E3265CC39D2B-LeaderElection15] INFO  server.RaftServerConfigKeys (ConfUtils.java:logGet(44)) - raft.server.write.follower.gap.ratio.max = -1.0 (default)
2022-01-10 11:11:58,479 [6a981e52-99aa-4707-bfae-4a3cfe894454@group-E3265CC39D2B-LeaderElection15] INFO  impl.RoleInfo (RoleInfo.java:updateAndGet(130)) - 6a981e52-99aa-4707-bfae-4a3cfe894454: start 6a981e52-99aa-4707-bfae-4a3cfe894454@group-E3265CC39D2B-LeaderStateImpl
2022-01-10 11:11:58,479 [6a981e52-99aa-4707-bfae-4a3cfe894454@group-E3265CC39D2B-LeaderElection15] INFO  segmented.SegmentedRaftLogWorker (SegmentedRaftLogWorker.java:startLogSegment(394)) - 6a981e52-99aa-4707-bfae-4a3cfe894454@group-E3265CC39D2B-SegmentedRaftLogWorker: Starting segment from index:0
2022-01-10 11:11:58,492 [6a981e52-99aa-4707-bfae-4a3cfe894454@group-E3265CC39D2B-SegmentedRaftLogWorker] INFO  segmented.SegmentedRaftLogWorker (SegmentedRaftLogWorker.java:execute(601)) - 6a981e52-99aa-4707-bfae-4a3cfe894454@group-E3265CC39D2B-SegmentedRaftLogWorker: created new log segment /home/runner/work/ozone/ozone/hadoop-ozone/integration-test/target/test-dir/MiniOzoneClusterImpl-7d1a95dd-ad38-4e88-9004-e3265cc39d2b/scmNode-1/scm-ha/7d1a95dd-ad38-4e88-9004-e3265cc39d2b/current/log_inprogress_0
2022-01-10 11:11:58,501 [6a981e52-99aa-4707-bfae-4a3cfe894454@group-E3265CC39D2B-LeaderElection15] INFO  server.RaftServer$Division (ServerState.java:setRaftConf(387)) - 6a981e52-99aa-4707-bfae-4a3cfe894454@group-E3265CC39D2B: set configuration 0: [6a981e52-99aa-4707-bfae-4a3cfe894454|rpc:localhost:13552|admin:|client:|dataStream:|priority:0], old=null
2022-01-10 11:11:58,507 [EndpointStateMachine task thread for /127.0.0.1:14053 - 0 ] INFO  ipc.Client (Client.java:handleConnectionFailure(977)) - Retrying connect to server: localhost/127.0.0.1:14053. Already tried 11 time(s); retry policy is RetryUpToMaximumCountWithFixedSleep(maxRetries=15, sleepTime=1000 MILLISECONDS)
2022-01-10 11:11:59,384 [Listener at 127.0.0.1/11928] INFO  server.RaftServer (RaftServerProxy.java:lambda$close$6(391)) - 6a981e52-99aa-4707-bfae-4a3cfe894454: close
2022-01-10 11:11:59,385 [Listener at 127.0.0.1/11928] INFO  server.RaftServer$Division (RaftServerImpl.java:lambda$close$4(412)) - 6a981e52-99aa-4707-bfae-4a3cfe894454@group-E3265CC39D2B: shutdown
2022-01-10 11:11:59,385 [Listener at 127.0.0.1/11928] INFO  util.JmxRegister (JmxRegister.java:unregister(73)) - Successfully un-registered JMX Bean with object name Ratis:service=RaftServer,group=group-E3265CC39D2B,id=6a981e52-99aa-4707-bfae-4a3cfe894454
2022-01-10 11:11:59,385 [Listener at 127.0.0.1/11928] INFO  impl.RoleInfo (RoleInfo.java:shutdownLeaderState(91)) - 6a981e52-99aa-4707-bfae-4a3cfe894454: shutdown 6a981e52-99aa-4707-bfae-4a3cfe894454@group-E3265CC39D2B-LeaderStateImpl
2022-01-10 11:11:59,385 [Listener at 127.0.0.1/11928] INFO  impl.PendingRequests (PendingRequests.java:sendNotLeaderResponses(282)) - 6a981e52-99aa-4707-bfae-4a3cfe894454@group-E3265CC39D2B-PendingRequests: sendNotLeaderResponses
2022-01-10 11:11:59,386 [Listener at 127.0.0.1/11928] INFO  impl.StateMachineUpdater (StateMachineUpdater.java:stopAndJoin(149)) - 6a981e52-99aa-4707-bfae-4a3cfe894454@group-E3265CC39D2B-StateMachineUpdater: set stopIndex = 0
2022-01-10 11:11:59,386 [6a981e52-99aa-4707-bfae-4a3cfe894454@group-E3265CC39D2B-StateMachineUpdater] INFO  impl.StateMachineUpdater (StateMachineUpdater.java:takeSnapshot(281)) - 6a981e52-99aa-4707-bfae-4a3cfe894454@group-E3265CC39D2B-StateMachineUpdater: Took a snapshot at index 0
2022-01-10 11:11:59,386 [6a981e52-99aa-4707-bfae-4a3cfe894454@group-E3265CC39D2B-StateMachineUpdater] INFO  impl.StateMachineUpdater (StateMachineUpdater.java:lambda$new$0(89)) - 6a981e52-99aa-4707-bfae-4a3cfe894454@group-E3265CC39D2B-StateMachineUpdater: snapshotIndex: updateIncreasingly -1 -> 0
2022-01-10 11:11:59,387 [Listener at 127.0.0.1/11928] INFO  server.RaftServer$Division (ServerState.java:close(419)) - 6a981e52-99aa-4707-bfae-4a3cfe894454@group-E3265CC39D2B: closes. applyIndex: 0
2022-01-10 11:11:59,387 [6a981e52-99aa-4707-bfae-4a3cfe894454@group-E3265CC39D2B-SegmentedRaftLogWorker] INFO  segmented.SegmentedRaftLogWorker (SegmentedRaftLogWorker.java:run(327)) - 6a981e52-99aa-4707-bfae-4a3cfe894454@group-E3265CC39D2B-SegmentedRaftLogWorker was interrupted, exiting. There are 0 tasks remaining in the queue.
2022-01-10 11:11:59,388 [Listener at 127.0.0.1/11928] INFO  segmented.SegmentedRaftLogWorker (SegmentedRaftLogWorker.java:close(237)) - 6a981e52-99aa-4707-bfae-4a3cfe894454@group-E3265CC39D2B-SegmentedRaftLogWorker close()
2022-01-10 11:11:59,389 [Listener at 127.0.0.1/11928] INFO  server.GrpcService (GrpcService.java:closeImpl(262)) - 6a981e52-99aa-4707-bfae-4a3cfe894454: shutdown server with port 13552 now
2022-01-10 11:11:59,390 [Listener at 127.0.0.1/11928] INFO  server.GrpcService (GrpcService.java:closeImpl(271)) - 6a981e52-99aa-4707-bfae-4a3cfe894454: shutdown server with port 13552 successfully
2022-01-10 11:11:59,390 [org.apache.ratis.util.JvmPauseMonitor$$Lambda$500/2122256138@482f1b64] INFO  util.JvmPauseMonitor (JvmPauseMonitor.java:run(109)) - JvmPauseMonitor-6a981e52-99aa-4707-bfae-4a3cfe894454: Stopped
2022-01-10 11:11:59,390 [Listener at 127.0.0.1/11928] WARN  server.ServerUtils (ServerUtils.java:getScmDbDir(148)) - ozone.scm.db.dirs is not configured. We recommend adding this setting. Falling back to ozone.metadata.dirs instead.
2022-01-10 11:11:59,392 [Listener at 127.0.0.1/11928] INFO  server.StorageContainerManager (StorageContainerManager.java:scmInit(1083)) - SCM initialization succeeded. Current cluster id for sd=/home/runner/work/ozone/ozone/hadoop-ozone/integration-test/target/test-dir/MiniOzoneClusterImpl-7d1a95dd-ad38-4e88-9004-e3265cc39d2b/scmNode-1/scm; cid=7d1a95dd-ad38-4e88-9004-e3265cc39d2b; layoutVersion=2; scmId=6a981e52-99aa-4707-bfae-4a3cfe894454
2022-01-10 11:11:59,392 [Listener at 127.0.0.1/11928] INFO  ha.SCMHANodeDetails (SCMHANodeDetails.java:loadSCMHAConfig(157)) - ServiceID for StorageContainerManager is scm-service-test1
2022-01-10 11:11:59,392 [Listener at 127.0.0.1/11928] INFO  ha.SCMHANodeDetails (SCMHANodeDetails.java:loadSCMHAConfig(168)) - ServiceID for StorageContainerManager is scm-service-test1
2022-01-10 11:11:59,392 [Listener at 127.0.0.1/11928] WARN  scm.ScmUtils (ScmUtils.java:logWarn(179)) - ConfigKey ozone.scm.block.client.address is deprecated, For configuring different ports for each SCM use PortConfigKey ozone.scm.block.client.port appended with serviceId and nodeId. If want to configure same port configure ozone.scm.block.client.port
2022-01-10 11:11:59,393 [Listener at 127.0.0.1/11928] WARN  scm.ScmUtils (ScmUtils.java:logWarn(179)) - ConfigKey ozone.scm.client.address is deprecated, For configuring different ports for each SCM use PortConfigKey ozone.scm.client.port appended with serviceId and nodeId. If want to configure same port configure ozone.scm.client.port
2022-01-10 11:11:59,393 [Listener at 127.0.0.1/11928] WARN  scm.ScmUtils (ScmUtils.java:logWarn(179)) - ConfigKey ozone.scm.datanode.address is deprecated, For configuring different ports for each SCM use PortConfigKey ozone.scm.datanode.port appended with serviceId and nodeId. If want to configure same port configure ozone.scm.datanode.port
2022-01-10 11:11:59,393 [Listener at 127.0.0.1/11928] WARN  scm.ScmUtils (ScmUtils.java:logWarn(179)) - ConfigKey ozone.scm.block.client.address is deprecated, For configuring different ports for each SCM use PortConfigKey ozone.scm.block.client.port appended with serviceId and nodeId. If want to configure same port configure ozone.scm.block.client.port
2022-01-10 11:11:59,393 [Listener at 127.0.0.1/11928] WARN  scm.ScmUtils (ScmUtils.java:logWarn(179)) - ConfigKey ozone.scm.client.address is deprecated, For configuring different ports for each SCM use PortConfigKey ozone.scm.client.port appended with serviceId and nodeId. If want to configure same port configure ozone.scm.client.port
2022-01-10 11:11:59,393 [Listener at 127.0.0.1/11928] WARN  scm.ScmUtils (ScmUtils.java:logWarn(179)) - ConfigKey ozone.scm.datanode.address is deprecated, For configuring different ports for each SCM use PortConfigKey ozone.scm.datanode.port appended with serviceId and nodeId. If want to configure same port configure ozone.scm.datanode.port
2022-01-10 11:11:59,393 [Listener at 127.0.0.1/11928] INFO  ha.SCMHANodeDetails (SCMHANodeDetails.java:loadSCMHAConfig(250)) - Found matching SCM address with SCMServiceId: scm-service-test1, SCMNodeId: scmNode-1, RPC Address: localhost:13552 and Ratis port: 13552
2022-01-10 11:11:59,394 [Listener at 127.0.0.1/11928] INFO  ha.SCMHANodeDetails (ConfUtils.java:setNodeSpecificConfigs(108)) - Setting configuration key ozone.scm.datanode.address with value of key ozone.scm.datanode.address.scm-service-test1.scmNode-1: 127.0.0.1:13553
2022-01-10 11:11:59,394 [Listener at 127.0.0.1/11928] INFO  ha.SCMHANodeDetails (ConfUtils.java:setNodeSpecificConfigs(108)) - Setting configuration key ozone.scm.block.client.address with value of key ozone.scm.block.client.address.scm-service-test1.scmNode-1: 127.0.0.1:13554
2022-01-10 11:11:59,394 [Listener at 127.0.0.1/11928] INFO  ha.SCMHANodeDetails (ConfUtils.java:setNodeSpecificConfigs(108)) - Setting configuration key ozone.scm.client.address with value of key ozone.scm.client.address.scm-service-test1.scmNode-1: 127.0.0.1:13555
2022-01-10 11:11:59,394 [Listener at 127.0.0.1/11928] INFO  ha.SCMHANodeDetails (ConfUtils.java:setNodeSpecificConfigs(108)) - Setting configuration key ozone.scm.ratis.port with value of key ozone.scm.ratis.port.scm-service-test1.scmNode-1: 13552
2022-01-10 11:11:59,395 [Listener at 127.0.0.1/11928] INFO  ha.SCMHANodeDetails (ConfUtils.java:setNodeSpecificConfigs(108)) - Setting configuration key ozone.scm.grpc.port with value of key ozone.scm.grpc.port.scm-service-test1.scmNode-1: 13556
2022-01-10 11:11:59,395 [Listener at 127.0.0.1/11928] INFO  ha.SCMHANodeDetails (ConfUtils.java:setNodeSpecificConfigs(108)) - Setting configuration key ozone.scm.http-address with value of key ozone.scm.http-address.scm-service-test1.scmNode-1: 127.0.0.1:13550
2022-01-10 11:11:59,396 [Listener at 127.0.0.1/11928] INFO  ha.SCMHANodeDetails (ConfUtils.java:setNodeSpecificConfigs(108)) - Setting configuration key ozone.scm.https-address with value of key ozone.scm.https-address.scm-service-test1.scmNode-1: 127.0.0.1:13551
2022-01-10 11:11:59,396 [Listener at 127.0.0.1/11928] INFO  ha.SCMHANodeDetails (ConfUtils.java:setNodeSpecificConfigs(108)) - Setting configuration key ozone.scm.address with value of key ozone.scm.address.scm-service-test1.scmNode-1: 127.0.0.1
2022-01-10 11:11:59,396 [Listener at 127.0.0.1/11928] WARN  scm.ScmUtils (ScmUtils.java:logWarn(179)) - ConfigKey ozone.scm.block.client.address is deprecated, For configuring different ports for each SCM use PortConfigKey ozone.scm.block.client.port appended with serviceId and nodeId. If want to configure same port configure ozone.scm.block.client.port
2022-01-10 11:11:59,396 [Listener at 127.0.0.1/11928] WARN  scm.ScmUtils (ScmUtils.java:logWarn(179)) - ConfigKey ozone.scm.client.address is deprecated, For configuring different ports for each SCM use PortConfigKey ozone.scm.client.port appended with serviceId and nodeId. If want to configure same port configure ozone.scm.client.port
2022-01-10 11:11:59,396 [Listener at 127.0.0.1/11928] WARN  scm.ScmUtils (ScmUtils.java:logWarn(179)) - ConfigKey ozone.scm.datanode.address is deprecated, For configuring different ports for each SCM use PortConfigKey ozone.scm.datanode.port appended with serviceId and nodeId. If want to configure same port configure ozone.scm.datanode.port
2022-01-10 11:11:59,398 [EndpointStateMachine task thread for /127.0.0.1:14073 - 0 ] INFO  ipc.Client (Client.java:handleConnectionFailure(977)) - Retrying connect to server: localhost/127.0.0.1:14073. Already tried 12 time(s); retry policy is RetryUpToMaximumCountWithFixedSleep(maxRetries=15, sleepTime=1000 MILLISECONDS)
2022-01-10 11:11:59,398 [Listener at 127.0.0.1/11928] WARN  server.ServerUtils (ServerUtils.java:getScmDbDir(148)) - ozone.scm.db.dirs is not configured. We recommend adding this setting. Falling back to ozone.metadata.dirs instead.
2022-01-10 11:11:59,399 [Listener at 127.0.0.1/11928] INFO  upgrade.AbstractLayoutVersionManager (AbstractLayoutVersionManager.java:init(79)) - Initializing Layout version manager with metadata layout = SCM_HA (version = 2), software layout = SCM_HA (version = 2)
2022-01-10 11:11:59,399 [EndpointStateMachine task thread for /127.0.0.1:14063 - 0 ] INFO  ipc.Client (Client.java:handleConnectionFailure(977)) - Retrying connect to server: localhost/127.0.0.1:14063. Already tried 9 time(s); retry policy is RetryUpToMaximumCountWithFixedSleep(maxRetries=15, sleepTime=1000 MILLISECONDS)
2022-01-10 11:11:59,508 [EndpointStateMachine task thread for /127.0.0.1:14053 - 0 ] INFO  ipc.Client (Client.java:handleConnectionFailure(977)) - Retrying connect to server: localhost/127.0.0.1:14053. Already tried 12 time(s); retry policy is RetryUpToMaximumCountWithFixedSleep(maxRetries=15, sleepTime=1000 MILLISECONDS)
2022-01-10 11:11:59,546 [Listener at 127.0.0.1/11928] INFO  reflections.Reflections (Reflections.java:scan(232)) - Reflections took 146 ms to scan 7 urls, producing 119 keys and 279 values 
2022-01-10 11:11:59,553 [Listener at 127.0.0.1/11928] WARN  utils.HAUtils (HAUtils.java:getMetaDir(342)) - ozone.scm.db.dirs is not configured. We recommend adding this setting. Falling back to ozone.metadata.dirs instead.
2022-01-10 11:11:59,554 [Listener at 127.0.0.1/11928] WARN  db.DBStoreBuilder (DBStoreBuilder.java:applyDBDefinition(145)) - ozone.scm.db.dirs is not configured. We recommend adding this setting. Falling back to ozone.metadata.dirs instead.
2022-01-10 11:11:59,708 [Listener at 127.0.0.1/11928] INFO  net.NodeSchemaLoader (NodeSchemaLoader.java:loadSchemaFromFile(129)) - Loading schema from [jar:file:/home/runner/.m2/repository/org/apache/ozone/hdds-common/1.3.0-SNAPSHOT/hdds-common-1.3.0-SNAPSHOT.jar!/network-topology-default.xml]
2022-01-10 11:11:59,709 [Listener at 127.0.0.1/11928] INFO  net.NodeSchemaLoader (NodeSchemaLoader.java:loadSchema(176)) - Loading network topology layer schema file
2022-01-10 11:11:59,715 [Listener at 127.0.0.1/11928] INFO  ha.SCMRatisServerImpl (SCMRatisServerImpl.java:<init>(87)) - starting Raft server for scm:6a981e52-99aa-4707-bfae-4a3cfe894454
2022-01-10 11:11:59,716 [Listener at 127.0.0.1/11928] INFO  server.RaftServer (ConfUtils.java:logGet(44)) - raft.rpc.type = GRPC (default)
2022-01-10 11:11:59,716 [Listener at 127.0.0.1/11928] INFO  grpc.GrpcFactory (GrpcFactory.java:checkPooledByteBufAllocatorUseCacheForAllThreads(48)) - PERFORMANCE WARNING: useCacheForAllThreads is true that may cause Netty to create a lot garbage objects and, as a result, trigger GC.
	It is recommended to disable useCacheForAllThreads by setting -Dorg.apache.ratis.thirdparty.io.netty.allocator.useCacheForAllThreads=false in command line.
2022-01-10 11:11:59,725 [Listener at 127.0.0.1/11928] INFO  grpc.GrpcConfigKeys (ConfUtils.java:logGet(44)) - raft.grpc.admin.port = -1 (default)
2022-01-10 11:11:59,725 [Listener at 127.0.0.1/11928] INFO  grpc.GrpcConfigKeys (ConfUtils.java:logGet(44)) - raft.grpc.server.port = 13552 (custom)
2022-01-10 11:11:59,725 [Listener at 127.0.0.1/11928] INFO  grpc.GrpcConfigKeys (ConfUtils.java:logGet(44)) - raft.grpc.client.port = -1 (default)
2022-01-10 11:11:59,726 [Listener at 127.0.0.1/11928] INFO  grpc.GrpcConfigKeys (ConfUtils.java:logGet(44)) - raft.grpc.server.port = 13552 (custom)
2022-01-10 11:11:59,726 [Listener at 127.0.0.1/11928] INFO  grpc.GrpcConfigKeys (ConfUtils.java:logGet(44)) - raft.grpc.server.port = 13552 (custom)
2022-01-10 11:11:59,726 [Listener at 127.0.0.1/11928] INFO  server.GrpcService (ConfUtils.java:logGet(44)) - raft.grpc.message.size.max = 32m (=33554432) (custom)
2022-01-10 11:11:59,726 [Listener at 127.0.0.1/11928] INFO  server.RaftServerConfigKeys (ConfUtils.java:logGet(44)) - raft.server.log.appender.buffer.byte-limit = 33554432 (custom)
2022-01-10 11:11:59,727 [Listener at 127.0.0.1/11928] INFO  server.GrpcService (ConfUtils.java:logGet(44)) - raft.grpc.flow.control.window = 1MB (=1048576) (default)
2022-01-10 11:11:59,727 [Listener at 127.0.0.1/11928] INFO  server.RaftServerConfigKeys (ConfUtils.java:logGet(44)) - raft.server.rpc.request.timeout = 30000ms (custom)
2022-01-10 11:11:59,729 [Listener at 127.0.0.1/11928] INFO  impl.DataStreamServerImpl (ConfUtils.java:logGet(44)) - raft.datastream.type = DISABLED (default)
2022-01-10 11:11:59,729 [Listener at 127.0.0.1/11928] INFO  server.RaftServerConfigKeys (ConfUtils.java:logGet(44)) - raft.server.rpc.slowness.timeout = 120000ms (custom)
2022-01-10 11:11:59,729 [Listener at 127.0.0.1/11928] INFO  server.RaftServerConfigKeys (ConfUtils.java:logGet(44)) - raft.server.leaderelection.leader.step-down.wait-time = 10s (default)
2022-01-10 11:11:59,730 [Listener at 127.0.0.1/11928] INFO  server.RaftServerConfigKeys (ConfUtils.java:logGet(44)) - raft.server.storage.dir = [/home/runner/work/ozone/ozone/hadoop-ozone/integration-test/target/test-dir/MiniOzoneClusterImpl-7d1a95dd-ad38-4e88-9004-e3265cc39d2b/scmNode-1/scm-ha] (custom)
2022-01-10 11:11:59,730 [Listener at 127.0.0.1/11928] INFO  server.RaftServer (RaftServerProxy.java:lambda$null$1(235)) - 6a981e52-99aa-4707-bfae-4a3cfe894454: found a subdirectory /home/runner/work/ozone/ozone/hadoop-ozone/integration-test/target/test-dir/MiniOzoneClusterImpl-7d1a95dd-ad38-4e88-9004-e3265cc39d2b/scmNode-1/scm-ha/7d1a95dd-ad38-4e88-9004-e3265cc39d2b
2022-01-10 11:11:59,740 [Listener at 127.0.0.1/11928] INFO  server.RaftServer (RaftServerProxy.java:addNew(95)) - 6a981e52-99aa-4707-bfae-4a3cfe894454: addNew group-E3265CC39D2B:[] returns group-E3265CC39D2B:java.util.concurrent.CompletableFuture@1296284f[Not completed]
2022-01-10 11:11:59,745 [pool-211-thread-1] INFO  server.RaftServer$Division (RaftServerImpl.java:<init>(184)) - 6a981e52-99aa-4707-bfae-4a3cfe894454: new RaftServerImpl for group-E3265CC39D2B:[] with SCMStateMachine:uninitialized
2022-01-10 11:11:59,746 [pool-211-thread-1] INFO  server.RaftServerConfigKeys (ConfUtils.java:logGet(44)) - raft.server.rpc.timeout.min = 5000ms (custom)
2022-01-10 11:11:59,746 [pool-211-thread-1] INFO  server.RaftServerConfigKeys (ConfUtils.java:logGet(44)) - raft.server.rpc.timeout.max = 5200ms (custom)
2022-01-10 11:11:59,746 [pool-211-thread-1] INFO  server.RaftServerConfigKeys (ConfUtils.java:logGet(44)) - raft.server.rpc.sleep.time = 25ms (default)
2022-01-10 11:11:59,746 [pool-211-thread-1] INFO  server.RaftServerConfigKeys (ConfUtils.java:logGet(44)) - raft.server.rpc.slowness.timeout = 120000ms (custom)
2022-01-10 11:11:59,746 [pool-211-thread-1] INFO  server.RaftServerConfigKeys (ConfUtils.java:logGet(44)) - raft.server.leaderelection.leader.step-down.wait-time = 10s (default)
2022-01-10 11:11:59,746 [pool-211-thread-1] INFO  server.RaftServerConfigKeys (ConfUtils.java:logGet(44)) - raft.server.sleep.deviation.threshold = 300ms (default)
2022-01-10 11:11:59,746 [pool-211-thread-1] INFO  server.RaftServerConfigKeys (ConfUtils.java:logGet(44)) - raft.server.log.appender.install.snapshot.enabled = false (custom)
2022-01-10 11:11:59,746 [pool-211-thread-1] INFO  server.RaftServer$Division (ServerState.java:<init>(105)) - 6a981e52-99aa-4707-bfae-4a3cfe894454@group-E3265CC39D2B: ConfigurationManager, init=-1: [], old=null, confs=<EMPTY_MAP>
2022-01-10 11:11:59,746 [pool-211-thread-1] INFO  server.RaftServerConfigKeys (ConfUtils.java:logGet(44)) - raft.server.storage.dir = [/home/runner/work/ozone/ozone/hadoop-ozone/integration-test/target/test-dir/MiniOzoneClusterImpl-7d1a95dd-ad38-4e88-9004-e3265cc39d2b/scmNode-1/scm-ha] (custom)
2022-01-10 11:11:59,747 [pool-211-thread-1] INFO  server.RaftServerConfigKeys (ConfUtils.java:logGet(44)) - raft.server.log.corruption.policy = EXCEPTION (default)
2022-01-10 11:11:59,747 [pool-211-thread-1] INFO  server.RaftServerConfigKeys (ConfUtils.java:logGet(44)) - raft.server.storage.free-space.min = 0MB (=0) (default)
2022-01-10 11:11:59,748 [pool-211-thread-1] INFO  storage.RaftStorageDirectory (RaftStorageDirectoryImpl.java:tryLock(230)) - Lock on /home/runner/work/ozone/ozone/hadoop-ozone/integration-test/target/test-dir/MiniOzoneClusterImpl-7d1a95dd-ad38-4e88-9004-e3265cc39d2b/scmNode-1/scm-ha/7d1a95dd-ad38-4e88-9004-e3265cc39d2b/in_use.lock acquired by nodename 8189@fv-az270-882
2022-01-10 11:11:59,748 [pool-211-thread-1] INFO  storage.RaftStorage (RaftStorageImpl.java:analyzeAndRecoverStorage(110)) - Read RaftStorageMetadata{term=1, votedFor=6a981e52-99aa-4707-bfae-4a3cfe894454} from /home/runner/work/ozone/ozone/hadoop-ozone/integration-test/target/test-dir/MiniOzoneClusterImpl-7d1a95dd-ad38-4e88-9004-e3265cc39d2b/scmNode-1/scm-ha/7d1a95dd-ad38-4e88-9004-e3265cc39d2b/current/raft-meta
2022-01-10 11:11:59,757 [pool-211-thread-1] INFO  server.RaftServer$Division (ServerState.java:setRaftConf(387)) - 6a981e52-99aa-4707-bfae-4a3cfe894454@group-E3265CC39D2B: set configuration 0: [6a981e52-99aa-4707-bfae-4a3cfe894454|rpc:localhost:13552|admin:|client:|dataStream:|priority:0], old=null
2022-01-10 11:11:59,757 [pool-211-thread-1] INFO  server.RaftServerConfigKeys (ConfUtils.java:logGet(44)) - raft.server.notification.no-leader.timeout = 60s (default)
2022-01-10 11:11:59,757 [pool-211-thread-1] INFO  server.RaftServerConfigKeys (ConfUtils.java:logGet(44)) - raft.server.log.use.memory = false (default)
2022-01-10 11:11:59,757 [pool-211-thread-1] INFO  server.RaftServerConfigKeys (ConfUtils.java:logGet(44)) - raft.server.log.purge.gap = 5 (custom)
2022-01-10 11:11:59,757 [pool-211-thread-1] INFO  server.RaftServerConfigKeys (ConfUtils.java:logGet(44)) - raft.server.log.appender.buffer.byte-limit = 33554432 (custom)
2022-01-10 11:11:59,757 [pool-211-thread-1] INFO  server.RaftServerConfigKeys (ConfUtils.java:logGet(44)) - raft.server.log.segment.size.max = 4194304 (custom)
2022-01-10 11:11:59,758 [pool-211-thread-1] INFO  server.RaftServerConfigKeys (ConfUtils.java:logGet(44)) - raft.server.log.segment.cache.num.max = 2 (custom)
2022-01-10 11:11:59,758 [pool-211-thread-1] INFO  server.RaftServerConfigKeys (ConfUtils.java:logGet(44)) - raft.server.log.segment.cache.size.max = 200MB (=209715200) (default)
2022-01-10 11:11:59,758 [pool-211-thread-1] INFO  segmented.SegmentedRaftLogWorker (SegmentedRaftLogWorker.java:<init>(182)) - new 6a981e52-99aa-4707-bfae-4a3cfe894454@group-E3265CC39D2B-SegmentedRaftLogWorker for RaftStorageImpl:Storage Directory /home/runner/work/ozone/ozone/hadoop-ozone/integration-test/target/test-dir/MiniOzoneClusterImpl-7d1a95dd-ad38-4e88-9004-e3265cc39d2b/scmNode-1/scm-ha/7d1a95dd-ad38-4e88-9004-e3265cc39d2b
2022-01-10 11:11:59,758 [pool-211-thread-1] INFO  server.RaftServerConfigKeys (ConfUtils.java:logGet(44)) - raft.server.log.queue.byte-limit = 64MB (=67108864) (default)
2022-01-10 11:11:59,758 [pool-211-thread-1] INFO  server.RaftServerConfigKeys (ConfUtils.java:logGet(44)) - raft.server.log.queue.element-limit = 4096 (default)
2022-01-10 11:11:59,758 [pool-211-thread-1] INFO  server.RaftServerConfigKeys (ConfUtils.java:logGet(44)) - raft.server.log.segment.size.max = 4194304 (custom)
2022-01-10 11:11:59,758 [pool-211-thread-1] INFO  server.RaftServerConfigKeys (ConfUtils.java:logGet(44)) - raft.server.log.preallocated.size = 4194304 (custom)
2022-01-10 11:11:59,758 [pool-211-thread-1] INFO  server.RaftServerConfigKeys (ConfUtils.java:logGet(44)) - raft.server.log.force.sync.num = 128 (default)
2022-01-10 11:11:59,758 [pool-211-thread-1] INFO  server.RaftServerConfigKeys (ConfUtils.java:logGet(44)) - raft.server.log.statemachine.data.sync = true (default)
2022-01-10 11:11:59,758 [pool-211-thread-1] INFO  server.RaftServerConfigKeys (ConfUtils.java:logGet(44)) - raft.server.log.statemachine.data.sync.timeout = 10s (default)
2022-01-10 11:11:59,758 [pool-211-thread-1] INFO  server.RaftServerConfigKeys (ConfUtils.java:logGet(44)) - raft.server.log.statemachine.data.sync.timeout.retry = -1 (default)
2022-01-10 11:11:59,760 [pool-211-thread-1] INFO  server.RaftServerConfigKeys (ConfUtils.java:logGet(44)) - raft.server.log.write.buffer.size = 64KB (=65536) (default)
2022-01-10 11:11:59,760 [pool-211-thread-1] INFO  server.RaftServerConfigKeys (ConfUtils.java:logGet(44)) - raft.server.log.statemachine.data.caching.enabled = false (default)
2022-01-10 11:11:59,761 [pool-211-thread-1] INFO  server.RaftServer$Division (ServerState.java:setRaftConf(387)) - 6a981e52-99aa-4707-bfae-4a3cfe894454@group-E3265CC39D2B: set configuration 0: [6a981e52-99aa-4707-bfae-4a3cfe894454|rpc:localhost:13552|admin:|client:|dataStream:|priority:0], old=null
2022-01-10 11:11:59,761 [pool-211-thread-1] INFO  segmented.LogSegment (LogSegment.java:loadSegment(173)) - Successfully read 1 entries from segment file /home/runner/work/ozone/ozone/hadoop-ozone/integration-test/target/test-dir/MiniOzoneClusterImpl-7d1a95dd-ad38-4e88-9004-e3265cc39d2b/scmNode-1/scm-ha/7d1a95dd-ad38-4e88-9004-e3265cc39d2b/current/log_inprogress_0
2022-01-10 11:11:59,761 [pool-211-thread-1] INFO  segmented.SegmentedRaftLogWorker (SegmentedRaftLogWorker.java:lambda$new$0(133)) - 6a981e52-99aa-4707-bfae-4a3cfe894454@group-E3265CC39D2B-SegmentedRaftLogWorker: flushIndex: setUnconditionally 0 -> 0
2022-01-10 11:11:59,761 [pool-211-thread-1] INFO  segmented.SegmentedRaftLogWorker (SegmentedRaftLogWorker.java:lambda$new$0(133)) - 6a981e52-99aa-4707-bfae-4a3cfe894454@group-E3265CC39D2B-SegmentedRaftLogWorker: safeCacheEvictIndex: setUnconditionally 0 -> -1
2022-01-10 11:11:59,771 [pool-211-thread-1] INFO  server.RaftServerConfigKeys (ConfUtils.java:logGet(44)) - raft.server.snapshot.auto.trigger.enabled = true (custom)
2022-01-10 11:11:59,771 [pool-211-thread-1] INFO  server.RaftServerConfigKeys (ConfUtils.java:logGet(44)) - raft.server.snapshot.auto.trigger.threshold = 5 (custom)
2022-01-10 11:11:59,771 [pool-211-thread-1] INFO  server.RaftServerConfigKeys (ConfUtils.java:logGet(44)) - raft.server.snapshot.retention.file.num = -1 (default)
2022-01-10 11:11:59,771 [pool-211-thread-1] INFO  server.RaftServerConfigKeys (ConfUtils.java:logGet(44)) - raft.server.log.purge.upto.snapshot.index = true (custom)
2022-01-10 11:11:59,771 [pool-211-thread-1] INFO  server.RaftServerConfigKeys (ConfUtils.java:logGet(44)) - raft.server.retrycache.expirytime = 60000ms (default)
2022-01-10 11:11:59,771 [pool-211-thread-1] INFO  server.RaftServerConfigKeys (ConfUtils.java:logGet(44)) - raft.server.retrycache.statistics.expirytime = 100μs (default)
2022-01-10 11:11:59,773 [Listener at 127.0.0.1/11928] INFO  ha.SCMSnapshotProvider (SCMSnapshotProvider.java:<init>(66)) - Initializing SCM Snapshot Provider
2022-01-10 11:11:59,773 [Listener at 127.0.0.1/11928] WARN  server.ServerUtils (ServerUtils.java:getDefaultRatisDirectory(237)) - Storage directory for Ratis is not configured. It is a good idea to map this to an SSD disk. Falling back to ozone.metadata.dirs
2022-01-10 11:11:59,773 [Listener at 127.0.0.1/11928] WARN  ha.SCMHAUtils (SCMHAUtils.java:getSCMRatisSnapshotDirectory(146)) - SCM snapshot dir is not configured. Falling back to ozone.metadata.dirs config
2022-01-10 11:11:59,775 [Listener at 127.0.0.1/11928] INFO  ha.SequenceIdGenerator (SequenceIdGenerator.java:upgradeToSequenceId(347)) - upgrade localId to 109611004723200000
2022-01-10 11:11:59,775 [Listener at 127.0.0.1/11928] INFO  ha.SequenceIdGenerator (SequenceIdGenerator.java:upgradeToSequenceId(357)) - upgrade delTxnId to 0
2022-01-10 11:11:59,775 [Listener at 127.0.0.1/11928] INFO  ha.SequenceIdGenerator (SequenceIdGenerator.java:upgradeToSequenceId(371)) - upgrade containerId to 0
2022-01-10 11:11:59,775 [Listener at 127.0.0.1/11928] INFO  ha.SequenceIdGenerator (SequenceIdGenerator.java:<init>(218)) - Init the HA SequenceIdGenerator.
2022-01-10 11:11:59,781 [Listener at 127.0.0.1/11928] INFO  node.SCMNodeManager (SCMNodeManager.java:<init>(144)) - Entering startup safe mode.
2022-01-10 11:11:59,781 [Listener at 127.0.0.1/11928] INFO  algorithms.ContainerPlacementPolicyFactory (ContainerPlacementPolicyFactory.java:getPolicy(60)) - Create container placement policy of type org.apache.hadoop.hdds.scm.container.placement.algorithms.SCMContainerPlacementRandom
2022-01-10 11:11:59,782 [Listener at 127.0.0.1/11928] INFO  pipeline.PipelineStateManagerImpl (PipelineStateManagerImpl.java:initialize(78)) - No pipeline exists in current db
2022-01-10 11:11:59,782 [Listener at 127.0.0.1/11928] INFO  algorithms.LeaderChoosePolicyFactory (LeaderChoosePolicyFactory.java:getPolicy(57)) - Create leader choose policy of type org.apache.hadoop.hdds.scm.pipeline.leader.choose.algorithms.MinLeaderCountChoosePolicy
2022-01-10 11:11:59,782 [Listener at 127.0.0.1/11928] INFO  ha.SCMServiceManager (SCMServiceManager.java:register(43)) - Registering service BackgroundPipelineCreator.
2022-01-10 11:11:59,782 [Listener at 127.0.0.1/11928] INFO  pipeline.BackgroundPipelineCreator (BackgroundPipelineCreator.java:start(130)) - Starting RatisPipelineUtilsThread.
2022-01-10 11:11:59,785 [Listener at 127.0.0.1/11928] INFO  algorithms.PipelineChoosePolicyFactory (PipelineChoosePolicyFactory.java:createPipelineChoosePolicyFromClass(73)) - Create pipeline choose policy of type org.apache.hadoop.hdds.scm.pipeline.choose.algorithms.RandomPipelineChoosePolicy
2022-01-10 11:11:59,786 [Listener at 127.0.0.1/11928] INFO  ha.SCMServiceManager (SCMServiceManager.java:register(43)) - Registering service SCMBlockDeletingService.
2022-01-10 11:11:59,793 [Listener at 127.0.0.1/11928] INFO  ha.SCMServiceManager (SCMServiceManager.java:register(43)) - Registering service ReplicationManager.
2022-01-10 11:11:59,793 [Listener at 127.0.0.1/11928] INFO  container.ReplicationManager (ReplicationManager.java:start(319)) - Starting Replication Monitor Thread.
2022-01-10 11:11:59,801 [Listener at 127.0.0.1/11928] INFO  safemode.ContainerSafeModeRule (ContainerSafeModeRule.java:<init>(89)) - containers with one replica threshold count 0
2022-01-10 11:11:59,801 [Listener at 127.0.0.1/11928] INFO  safemode.HealthyPipelineSafeModeRule (HealthyPipelineSafeModeRule.java:initializeRule(156)) - Total pipeline count is 0, healthy pipeline threshold count is 1
2022-01-10 11:11:59,802 [Listener at 127.0.0.1/11928] INFO  safemode.OneReplicaPipelineSafeModeRule (OneReplicaPipelineSafeModeRule.java:initializeRule(180)) - Total pipeline count is 0, pipeline's with at least one datanode reported threshold count is 0
2022-01-10 11:11:59,802 [Listener at 127.0.0.1/11928] INFO  ipc.CallQueueManager (CallQueueManager.java:<init>(90)) - Using callQueue: class java.util.concurrent.LinkedBlockingQueue, queueCapacity: 10000, scheduler: class org.apache.hadoop.ipc.DefaultRpcScheduler, ipcBackoff: false.
2022-01-10 11:11:59,809 [Socket Reader #1 for port 13553] INFO  ipc.Server (Server.java:run(1265)) - Starting Socket Reader #1 for port 13553
2022-01-10 11:11:59,810 [Listener at 0.0.0.0/13553] INFO  ipc.CallQueueManager (CallQueueManager.java:<init>(90)) - Using callQueue: class java.util.concurrent.LinkedBlockingQueue, queueCapacity: 10000, scheduler: class org.apache.hadoop.ipc.DefaultRpcScheduler, ipcBackoff: false.
2022-01-10 11:11:59,813 [Socket Reader #1 for port 13554] INFO  ipc.Server (Server.java:run(1265)) - Starting Socket Reader #1 for port 13554
2022-01-10 11:11:59,821 [ReplicationMonitor] INFO  container.ReplicationManager (ReplicationManager.java:processAll(371)) - Replication Monitor Thread took 0 milliseconds for processing 0 containers.
2022-01-10 11:11:59,822 [Listener at 0.0.0.0/13554] INFO  ipc.CallQueueManager (CallQueueManager.java:<init>(90)) - Using callQueue: class java.util.concurrent.LinkedBlockingQueue, queueCapacity: 10000, scheduler: class org.apache.hadoop.ipc.DefaultRpcScheduler, ipcBackoff: false.
2022-01-10 11:11:59,823 [Socket Reader #1 for port 13555] INFO  ipc.Server (Server.java:run(1265)) - Starting Socket Reader #1 for port 13555
2022-01-10 11:11:59,870 [Listener at 0.0.0.0/13555] INFO  algorithms.ContainerPlacementPolicyFactory (ContainerPlacementPolicyFactory.java:getPolicy(60)) - Create container placement policy of type org.apache.hadoop.hdds.scm.container.placement.algorithms.SCMContainerPlacementRandom
2022-01-10 11:11:59,871 [Listener at 0.0.0.0/13555] INFO  server.StorageContainerManager (StorageContainerManager.java:<init>(388)) - 
Container Balancer status:
Key                            Value
Running                        false
Container Balancer Configuration values:
Key                                                Value
Threshold                                          0.1
Max Datanodes to Involve per Iteration(ratio)      0.2
Max Size to Move per Iteration                     30GB
Max Size Entering Target per Iteration             26GB
Max Size Leaving Source per Iteration              26GB

2022-01-10 11:11:59,871 [Listener at 0.0.0.0/13555] WARN  events.EventQueue (EventQueue.java:fireEvent(194)) - No event handler registered for event TypedEvent{payloadType=SafeModeStatus, name='Safe mode status'}
2022-01-10 11:11:59,871 [Listener at 0.0.0.0/13555] INFO  ha.SCMContext (SCMContext.java:updateSafeModeStatus(211)) - Update SafeModeStatus from SafeModeStatus{safeModeStatus=true, preCheckPassed=false} to SafeModeStatus{safeModeStatus=true, preCheckPassed=false}.
2022-01-10 11:11:59,871 [Listener at 0.0.0.0/13555] INFO  server.StorageContainerManager (StorageContainerManager.java:start(1303)) - StorageContainerLocationProtocol RPC server is listening at /0.0.0.0:13555
2022-01-10 11:11:59,872 [Listener at 0.0.0.0/13555] INFO  ha.SCMRatisServerImpl (SCMRatisServerImpl.java:start(177)) - starting ratis server 0.0.0.0:13552
2022-01-10 11:11:59,872 [Listener at 0.0.0.0/13555] INFO  server.RaftServer$Division (RaftServerImpl.java:start(301)) - 6a981e52-99aa-4707-bfae-4a3cfe894454@group-E3265CC39D2B: start as a follower, conf=0: [6a981e52-99aa-4707-bfae-4a3cfe894454|rpc:localhost:13552|admin:|client:|dataStream:|priority:0], old=null
2022-01-10 11:11:59,872 [Listener at 0.0.0.0/13555] INFO  server.RaftServer$Division (RaftServerImpl.java:setRole(290)) - 6a981e52-99aa-4707-bfae-4a3cfe894454@group-E3265CC39D2B: changes role from      null to FOLLOWER at term 1 for startAsFollower
2022-01-10 11:11:59,872 [Listener at 0.0.0.0/13555] INFO  impl.RoleInfo (RoleInfo.java:updateAndGet(130)) - 6a981e52-99aa-4707-bfae-4a3cfe894454: start 6a981e52-99aa-4707-bfae-4a3cfe894454@group-E3265CC39D2B-FollowerState
2022-01-10 11:11:59,877 [Listener at 0.0.0.0/13555] INFO  util.JmxRegister (JmxRegister.java:tryRegister(44)) - Successfully registered JMX Bean with object name Ratis:service=RaftServer,group=group-E3265CC39D2B,id=6a981e52-99aa-4707-bfae-4a3cfe894454
2022-01-10 11:11:59,881 [Listener at 0.0.0.0/13555] INFO  server.RaftServer (RaftServerProxy.java:lambda$start$5(374)) - 6a981e52-99aa-4707-bfae-4a3cfe894454: start RPC server
2022-01-10 11:11:59,881 [Listener at 0.0.0.0/13555] INFO  server.GrpcService (GrpcService.java:startImpl(253)) - 6a981e52-99aa-4707-bfae-4a3cfe894454: GrpcService started, listening on 13552
2022-01-10 11:11:59,889 [Listener at 0.0.0.0/13555] INFO  ha.SCMHAManagerImpl (SCMHAManagerImpl.java:start(120)) -  scm role is FOLLOWER peers [6a981e52-99aa-4707-bfae-4a3cfe894454|rpc:localhost:13552|admin:|client:|dataStream:|priority:0]
2022-01-10 11:11:59,889 [Listener at 0.0.0.0/13555] INFO  ha.InterSCMGrpcService (InterSCMGrpcProtocolService.java:start(94)) - Starting SCM Grpc Service at port 13556
2022-01-10 11:11:59,892 [Listener at 0.0.0.0/13555] WARN  impl.MetricsConfig (MetricsConfig.java:loadFirst(136)) - Cannot locate configuration: tried hadoop-metrics2-storagecontainermanager.properties,hadoop-metrics2.properties
2022-01-10 11:11:59,892 [org.apache.ratis.util.JvmPauseMonitor$$Lambda$500/2122256138@54210bb8] INFO  util.JvmPauseMonitor (JvmPauseMonitor.java:run(103)) - JvmPauseMonitor-6a981e52-99aa-4707-bfae-4a3cfe894454: Started
2022-01-10 11:11:59,893 [Listener at 0.0.0.0/13555] INFO  impl.MetricsSystemImpl (MetricsSystemImpl.java:startTimer(378)) - Scheduled Metric snapshot period at 10 second(s).
2022-01-10 11:11:59,893 [Listener at 0.0.0.0/13555] INFO  impl.MetricsSystemImpl (MetricsSystemImpl.java:start(191)) - StorageContainerManager metrics system started
2022-01-10 11:11:59,918 [Listener at 0.0.0.0/13555] INFO  impl.MetricsSinkAdapter (MetricsSinkAdapter.java:start(204)) - Sink prometheus started
2022-01-10 11:11:59,925 [Listener at 0.0.0.0/13555] INFO  impl.MetricsSystemImpl (MetricsSystemImpl.java:registerSink(305)) - Registered sink prometheus
2022-01-10 11:11:59,977 [Listener at 0.0.0.0/13555] INFO  server.SCMClientProtocolServer (SCMClientProtocolServer.java:start(164)) - RPC server for Client  is listening at /0.0.0.0:13555
2022-01-10 11:11:59,985 [IPC Server Responder] INFO  ipc.Server (Server.java:run(1507)) - IPC Server Responder: starting
2022-01-10 11:11:59,986 [IPC Server listener on 13555] INFO  ipc.Server (Server.java:run(1344)) - IPC Server listener on 13555: starting
2022-01-10 11:12:00,035 [Listener at 0.0.0.0/13555] INFO  server.StorageContainerManager (StorageContainerManager.java:start(1318)) - ScmBlockLocationProtocol RPC server is listening at /0.0.0.0:13554
2022-01-10 11:12:00,036 [Listener at 0.0.0.0/13555] INFO  server.SCMBlockProtocolServer (SCMBlockProtocolServer.java:start(151)) - RPC server for Block Protocol is listening at /0.0.0.0:13554
2022-01-10 11:12:00,036 [IPC Server Responder] INFO  ipc.Server (Server.java:run(1507)) - IPC Server Responder: starting
2022-01-10 11:12:00,036 [IPC Server listener on 13554] INFO  ipc.Server (Server.java:run(1344)) - IPC Server listener on 13554: starting
2022-01-10 11:12:00,049 [Listener at 0.0.0.0/13555] INFO  http.BaseHttpServer (BaseHttpServer.java:newHttpServer2BuilderForOzone(209)) - Starting Web-server for scm at: http://0.0.0.0:13550
2022-01-10 11:12:00,049 [Listener at 0.0.0.0/13555] INFO  http.BaseHttpServer (BaseHttpServer.java:<init>(107)) - Hadoop Security Enabled: false Ozone Security Enabled: false Ozone HTTP Security Enabled: false 
2022-01-10 11:12:00,052 [Listener at 0.0.0.0/13555] INFO  server.AuthenticationFilter (AuthenticationFilter.java:constructSecretProvider(240)) - Unable to initialize FileSignerSecretProvider, falling back to use random secrets.
2022-01-10 11:12:00,053 [Listener at 0.0.0.0/13555] WARN  http.HttpRequestLog (HttpRequestLog.java:getRequestLog(103)) - Jetty request log can only be enabled using Log4j
2022-01-10 11:12:00,055 [Listener at 0.0.0.0/13555] INFO  http.HttpServer2 (HttpServer2.java:addGlobalFilter(1030)) - Added global filter 'safety' (class=org.apache.hadoop.hdds.server.http.HttpServer2$QuotingInputFilter)
2022-01-10 11:12:00,055 [org.apache.hadoop.util.JvmPauseMonitor$Monitor@75443609] INFO  util.JvmPauseMonitor (JvmPauseMonitor.java:run(188)) - Starting JVM pause monitor
2022-01-10 11:12:00,058 [Listener at 0.0.0.0/13555] INFO  http.HttpServer2 (HttpServer2.java:addFilter(1006)) - Added filter static_user_filter (class=org.apache.hadoop.http.lib.StaticUserWebFilter$StaticUserFilter) to context scm
2022-01-10 11:12:00,058 [Listener at 0.0.0.0/13555] INFO  http.HttpServer2 (HttpServer2.java:addFilter(1014)) - Added filter static_user_filter (class=org.apache.hadoop.http.lib.StaticUserWebFilter$StaticUserFilter) to context logs
2022-01-10 11:12:00,058 [Listener at 0.0.0.0/13555] INFO  http.HttpServer2 (HttpServer2.java:addFilter(1014)) - Added filter static_user_filter (class=org.apache.hadoop.http.lib.StaticUserWebFilter$StaticUserFilter) to context static
2022-01-10 11:12:00,061 [Listener at 0.0.0.0/13555] INFO  http.HttpServer2 (HttpServer2.java:bindListener(1249)) - Jetty bound to port 13550
2022-01-10 11:12:00,061 [Listener at 0.0.0.0/13555] INFO  server.Server (Server.java:doStart(375)) - jetty-9.4.43.v20210629; built: 2021-06-30T11:07:22.254Z; git: 526006ecfa3af7f1a27ef3a288e2bef7ea9dd7e8; jvm 1.8.0_292-b10
2022-01-10 11:12:00,065 [Listener at 0.0.0.0/13555] INFO  server.session (DefaultSessionIdManager.java:doStart(334)) - DefaultSessionIdManager workerName=node0
2022-01-10 11:12:00,065 [Listener at 0.0.0.0/13555] INFO  server.session (DefaultSessionIdManager.java:doStart(339)) - No SessionScavenger set, using defaults
2022-01-10 11:12:00,066 [Listener at 0.0.0.0/13555] INFO  server.session (HouseKeeper.java:startScavenging(132)) - node0 Scavenging every 660000ms
2022-01-10 11:12:00,067 [Listener at 0.0.0.0/13555] INFO  handler.ContextHandler (ContextHandler.java:doStart(915)) - Started o.e.j.s.ServletContextHandler@32016cf3{logs,/logs,file:///home/runner/work/ozone/ozone/hadoop-ozone/integration-test/target/log,AVAILABLE}
2022-01-10 11:12:00,067 [Listener at 0.0.0.0/13555] INFO  handler.ContextHandler (ContextHandler.java:doStart(915)) - Started o.e.j.s.ServletContextHandler@1c9e9bfb{static,/static,file:///home/runner/work/ozone/ozone/hadoop-ozone/integration-test/target/test-classes/webapps/static,AVAILABLE}
2022-01-10 11:12:00,071 [Listener at 0.0.0.0/13555] INFO  handler.ContextHandler (ContextHandler.java:doStart(915)) - Started o.e.j.w.WebAppContext@36e73413{scm,/,file:///home/runner/work/ozone/ozone/hadoop-ozone/integration-test/target/test-classes/webapps/scm/,AVAILABLE}{file:/home/runner/work/ozone/ozone/hadoop-ozone/integration-test/target/test-classes/webapps/scm}
2022-01-10 11:12:00,086 [Listener at 0.0.0.0/13555] INFO  server.AbstractConnector (AbstractConnector.java:doStart(331)) - Started ServerConnector@2dfecd52{HTTP/1.1, (http/1.1)}{0.0.0.0:13550}
2022-01-10 11:12:00,086 [Listener at 0.0.0.0/13555] INFO  server.Server (Server.java:doStart(415)) - Started @85363ms
2022-01-10 11:12:00,087 [Listener at 0.0.0.0/13555] WARN  impl.MetricsSystemImpl (MetricsSystemImpl.java:register(279)) - Sink prometheus already exists!
2022-01-10 11:12:00,088 [Listener at 0.0.0.0/13555] INFO  http.BaseHttpServer (BaseHttpServer.java:updateConnectorAddress(329)) - HTTP server of scm listening at http://0.0.0.0:13550
2022-01-10 11:12:00,088 [Listener at 0.0.0.0/13555] INFO  ozone.MiniOzoneHAClusterImpl (MiniOzoneHAClusterImpl.java:createSCMService(577)) - Started SCM RPC server at org.apache.hadoop.hdds.scm.server.SCMClientProtocolServer@3f14897
2022-01-10 11:12:00,089 [Listener at 0.0.0.0/13555] INFO  ha.SCMHANodeDetails (SCMHANodeDetails.java:loadSCMHAConfig(157)) - ServiceID for StorageContainerManager is scm-service-test1
2022-01-10 11:12:00,090 [Listener at 0.0.0.0/13555] INFO  ha.SCMHANodeDetails (SCMHANodeDetails.java:loadSCMHAConfig(168)) - ServiceID for StorageContainerManager is scm-service-test1
2022-01-10 11:12:00,090 [Listener at 0.0.0.0/13555] WARN  scm.ScmUtils (ScmUtils.java:logWarn(179)) - ConfigKey ozone.scm.block.client.address is deprecated, For configuring different ports for each SCM use PortConfigKey ozone.scm.block.client.port appended with serviceId and nodeId. If want to configure same port configure ozone.scm.block.client.port
2022-01-10 11:12:00,090 [Listener at 0.0.0.0/13555] WARN  scm.ScmUtils (ScmUtils.java:logWarn(179)) - ConfigKey ozone.scm.client.address is deprecated, For configuring different ports for each SCM use PortConfigKey ozone.scm.client.port appended with serviceId and nodeId. If want to configure same port configure ozone.scm.client.port
2022-01-10 11:12:00,090 [Listener at 0.0.0.0/13555] WARN  scm.ScmUtils (ScmUtils.java:logWarn(179)) - ConfigKey ozone.scm.datanode.address is deprecated, For configuring different ports for each SCM use PortConfigKey ozone.scm.datanode.port appended with serviceId and nodeId. If want to configure same port configure ozone.scm.datanode.port
2022-01-10 11:12:00,090 [Listener at 0.0.0.0/13555] WARN  scm.ScmUtils (ScmUtils.java:logWarn(179)) - ConfigKey ozone.scm.block.client.address is deprecated, For configuring different ports for each SCM use PortConfigKey ozone.scm.block.client.port appended with serviceId and nodeId. If want to configure same port configure ozone.scm.block.client.port
2022-01-10 11:12:00,091 [Listener at 0.0.0.0/13555] WARN  scm.ScmUtils (ScmUtils.java:logWarn(179)) - ConfigKey ozone.scm.client.address is deprecated, For configuring different ports for each SCM use PortConfigKey ozone.scm.client.port appended with serviceId and nodeId. If want to configure same port configure ozone.scm.client.port
2022-01-10 11:12:00,091 [Listener at 0.0.0.0/13555] WARN  scm.ScmUtils (ScmUtils.java:logWarn(179)) - ConfigKey ozone.scm.datanode.address is deprecated, For configuring different ports for each SCM use PortConfigKey ozone.scm.datanode.port appended with serviceId and nodeId. If want to configure same port configure ozone.scm.datanode.port
2022-01-10 11:12:00,091 [Listener at 0.0.0.0/13555] INFO  ha.SCMHANodeDetails (SCMHANodeDetails.java:loadSCMHAConfig(250)) - Found matching SCM address with SCMServiceId: scm-service-test1, SCMNodeId: scmNode-2, RPC Address: localhost:13562 and Ratis port: 13562
2022-01-10 11:12:00,091 [Listener at 0.0.0.0/13555] INFO  ha.SCMHANodeDetails (ConfUtils.java:setNodeSpecificConfigs(108)) - Setting configuration key ozone.scm.datanode.address with value of key ozone.scm.datanode.address.scm-service-test1.scmNode-2: 127.0.0.1:13563
2022-01-10 11:12:00,091 [Listener at 0.0.0.0/13555] INFO  ha.SCMHANodeDetails (ConfUtils.java:setNodeSpecificConfigs(108)) - Setting configuration key ozone.scm.block.client.address with value of key ozone.scm.block.client.address.scm-service-test1.scmNode-2: 127.0.0.1:13564
2022-01-10 11:12:00,091 [Listener at 0.0.0.0/13555] INFO  ha.SCMHANodeDetails (ConfUtils.java:setNodeSpecificConfigs(108)) - Setting configuration key ozone.scm.client.address with value of key ozone.scm.client.address.scm-service-test1.scmNode-2: 127.0.0.1:13565
2022-01-10 11:12:00,091 [Listener at 0.0.0.0/13555] INFO  ha.SCMHANodeDetails (ConfUtils.java:setNodeSpecificConfigs(108)) - Setting configuration key ozone.scm.ratis.port with value of key ozone.scm.ratis.port.scm-service-test1.scmNode-2: 13562
2022-01-10 11:12:00,092 [Listener at 0.0.0.0/13555] INFO  ha.SCMHANodeDetails (ConfUtils.java:setNodeSpecificConfigs(108)) - Setting configuration key ozone.scm.grpc.port with value of key ozone.scm.grpc.port.scm-service-test1.scmNode-2: 13566
2022-01-10 11:12:00,092 [Listener at 0.0.0.0/13555] INFO  ha.SCMHANodeDetails (ConfUtils.java:setNodeSpecificConfigs(108)) - Setting configuration key ozone.scm.http-address with value of key ozone.scm.http-address.scm-service-test1.scmNode-2: 127.0.0.1:13560
2022-01-10 11:12:00,092 [Listener at 0.0.0.0/13555] INFO  ha.SCMHANodeDetails (ConfUtils.java:setNodeSpecificConfigs(108)) - Setting configuration key ozone.scm.https-address with value of key ozone.scm.https-address.scm-service-test1.scmNode-2: 127.0.0.1:13561
2022-01-10 11:12:00,092 [Listener at 0.0.0.0/13555] INFO  ha.SCMHANodeDetails (ConfUtils.java:setNodeSpecificConfigs(108)) - Setting configuration key ozone.scm.address with value of key ozone.scm.address.scm-service-test1.scmNode-2: 127.0.0.1
2022-01-10 11:12:00,092 [Listener at 0.0.0.0/13555] WARN  scm.ScmUtils (ScmUtils.java:logWarn(179)) - ConfigKey ozone.scm.block.client.address is deprecated, For configuring different ports for each SCM use PortConfigKey ozone.scm.block.client.port appended with serviceId and nodeId. If want to configure same port configure ozone.scm.block.client.port
2022-01-10 11:12:00,092 [Listener at 0.0.0.0/13555] WARN  scm.ScmUtils (ScmUtils.java:logWarn(179)) - ConfigKey ozone.scm.client.address is deprecated, For configuring different ports for each SCM use PortConfigKey ozone.scm.client.port appended with serviceId and nodeId. If want to configure same port configure ozone.scm.client.port
2022-01-10 11:12:00,092 [Listener at 0.0.0.0/13555] WARN  scm.ScmUtils (ScmUtils.java:logWarn(179)) - ConfigKey ozone.scm.datanode.address is deprecated, For configuring different ports for each SCM use PortConfigKey ozone.scm.datanode.port appended with serviceId and nodeId. If want to configure same port configure ozone.scm.datanode.port
2022-01-10 11:12:00,092 [Listener at 0.0.0.0/13555] WARN  server.ServerUtils (ServerUtils.java:getScmDbDir(148)) - ozone.scm.db.dirs is not configured. We recommend adding this setting. Falling back to ozone.metadata.dirs instead.
2022-01-10 11:12:00,094 [Listener at 0.0.0.0/13555] INFO  ha.SCMNodeInfo (SCMNodeInfo.java:getPort(197)) - ConfigKey ozone.scm.client.address is deprecated, For configuring different ports for each SCM use PortConfigKey ozone.scm.client.port appended with serviceId and nodeId
2022-01-10 11:12:00,095 [Listener at 0.0.0.0/13555] INFO  ha.SCMNodeInfo (SCMNodeInfo.java:getPort(197)) - ConfigKey ozone.scm.block.client.address is deprecated, For configuring different ports for each SCM use PortConfigKey ozone.scm.block.client.port appended with serviceId and nodeId
2022-01-10 11:12:00,095 [Listener at 0.0.0.0/13555] INFO  ha.SCMNodeInfo (SCMNodeInfo.java:getPort(197)) - ConfigKey ozone.scm.datanode.address is deprecated, For configuring different ports for each SCM use PortConfigKey ozone.scm.datanode.port appended with serviceId and nodeId
2022-01-10 11:12:00,095 [Listener at 0.0.0.0/13555] INFO  ha.SCMNodeInfo (SCMNodeInfo.java:getPort(197)) - ConfigKey ozone.scm.client.address is deprecated, For configuring different ports for each SCM use PortConfigKey ozone.scm.client.port appended with serviceId and nodeId
2022-01-10 11:12:00,095 [Listener at 0.0.0.0/13555] INFO  ha.SCMNodeInfo (SCMNodeInfo.java:getPort(197)) - ConfigKey ozone.scm.block.client.address is deprecated, For configuring different ports for each SCM use PortConfigKey ozone.scm.block.client.port appended with serviceId and nodeId
2022-01-10 11:12:00,095 [Listener at 0.0.0.0/13555] INFO  ha.SCMNodeInfo (SCMNodeInfo.java:getPort(197)) - ConfigKey ozone.scm.datanode.address is deprecated, For configuring different ports for each SCM use PortConfigKey ozone.scm.datanode.port appended with serviceId and nodeId
2022-01-10 11:12:00,095 [Listener at 0.0.0.0/13555] INFO  ha.SCMNodeInfo (SCMNodeInfo.java:getPort(197)) - ConfigKey ozone.scm.client.address is deprecated, For configuring different ports for each SCM use PortConfigKey ozone.scm.client.port appended with serviceId and nodeId
2022-01-10 11:12:00,095 [Listener at 0.0.0.0/13555] INFO  ha.SCMNodeInfo (SCMNodeInfo.java:getPort(197)) - ConfigKey ozone.scm.block.client.address is deprecated, For configuring different ports for each SCM use PortConfigKey ozone.scm.block.client.port appended with serviceId and nodeId
2022-01-10 11:12:00,095 [Listener at 0.0.0.0/13555] INFO  ha.SCMNodeInfo (SCMNodeInfo.java:getPort(197)) - ConfigKey ozone.scm.datanode.address is deprecated, For configuring different ports for each SCM use PortConfigKey ozone.scm.datanode.port appended with serviceId and nodeId
2022-01-10 11:12:00,399 [EndpointStateMachine task thread for /127.0.0.1:14073 - 0 ] INFO  ipc.Client (Client.java:handleConnectionFailure(977)) - Retrying connect to server: localhost/127.0.0.1:14073. Already tried 13 time(s); retry policy is RetryUpToMaximumCountWithFixedSleep(maxRetries=15, sleepTime=1000 MILLISECONDS)
2022-01-10 11:12:00,400 [EndpointStateMachine task thread for /127.0.0.1:14063 - 0 ] INFO  ipc.Client (Client.java:handleConnectionFailure(977)) - Retrying connect to server: localhost/127.0.0.1:14063. Already tried 10 time(s); retry policy is RetryUpToMaximumCountWithFixedSleep(maxRetries=15, sleepTime=1000 MILLISECONDS)
2022-01-10 11:12:00,508 [EndpointStateMachine task thread for /127.0.0.1:14053 - 0 ] INFO  ipc.Client (Client.java:handleConnectionFailure(977)) - Retrying connect to server: localhost/127.0.0.1:14053. Already tried 13 time(s); retry policy is RetryUpToMaximumCountWithFixedSleep(maxRetries=15, sleepTime=1000 MILLISECONDS)
2022-01-10 11:12:01,400 [EndpointStateMachine task thread for /127.0.0.1:14073 - 0 ] INFO  ipc.Client (Client.java:handleConnectionFailure(977)) - Retrying connect to server: localhost/127.0.0.1:14073. Already tried 14 time(s); retry policy is RetryUpToMaximumCountWithFixedSleep(maxRetries=15, sleepTime=1000 MILLISECONDS)
2022-01-10 11:12:01,401 [EndpointStateMachine task thread for /127.0.0.1:14063 - 0 ] INFO  ipc.Client (Client.java:handleConnectionFailure(977)) - Retrying connect to server: localhost/127.0.0.1:14063. Already tried 11 time(s); retry policy is RetryUpToMaximumCountWithFixedSleep(maxRetries=15, sleepTime=1000 MILLISECONDS)
2022-01-10 11:12:01,509 [EndpointStateMachine task thread for /127.0.0.1:14053 - 0 ] INFO  ipc.Client (Client.java:handleConnectionFailure(977)) - Retrying connect to server: localhost/127.0.0.1:14053. Already tried 14 time(s); retry policy is RetryUpToMaximumCountWithFixedSleep(maxRetries=15, sleepTime=1000 MILLISECONDS)
2022-01-10 11:12:02,108 [Listener at 0.0.0.0/13555] INFO  retry.RetryInvocationHandler (RetryInvocationHandler.java:log(411)) - com.google.protobuf.ServiceException: java.net.ConnectException: Call From fv-az270-882/10.1.0.7 to localhost:13564 failed on connection exception: java.net.ConnectException: Connection refused; For more details see:  http://wiki.apache.org/hadoop/ConnectionRefused, while invoking $Proxy39.send over nodeId=scmNode-2,nodeAddress=/127.0.0.1:13564 after 1 failover attempts. Trying to failover after sleeping for 2000ms.
2022-01-10 11:12:02,401 [EndpointStateMachine task thread for /127.0.0.1:14073 - 0 ] INFO  ipc.Client (Client.java:handleConnectionFailure(977)) - Retrying connect to server: localhost/127.0.0.1:14073. Already tried 0 time(s); retry policy is RetryUpToMaximumCountWithFixedSleep(maxRetries=15, sleepTime=1000 MILLISECONDS)
2022-01-10 11:12:02,402 [EndpointStateMachine task thread for /127.0.0.1:14063 - 0 ] INFO  ipc.Client (Client.java:handleConnectionFailure(977)) - Retrying connect to server: localhost/127.0.0.1:14063. Already tried 12 time(s); retry policy is RetryUpToMaximumCountWithFixedSleep(maxRetries=15, sleepTime=1000 MILLISECONDS)
2022-01-10 11:12:02,513 [EndpointStateMachine task thread for /127.0.0.1:14053 - 0 ] INFO  ipc.Client (Client.java:handleConnectionFailure(977)) - Retrying connect to server: localhost/127.0.0.1:14053. Already tried 0 time(s); retry policy is RetryUpToMaximumCountWithFixedSleep(maxRetries=15, sleepTime=1000 MILLISECONDS)
2022-01-10 11:12:03,402 [EndpointStateMachine task thread for /127.0.0.1:14073 - 0 ] INFO  ipc.Client (Client.java:handleConnectionFailure(977)) - Retrying connect to server: localhost/127.0.0.1:14073. Already tried 1 time(s); retry policy is RetryUpToMaximumCountWithFixedSleep(maxRetries=15, sleepTime=1000 MILLISECONDS)
2022-01-10 11:12:03,402 [EndpointStateMachine task thread for /127.0.0.1:14063 - 0 ] INFO  ipc.Client (Client.java:handleConnectionFailure(977)) - Retrying connect to server: localhost/127.0.0.1:14063. Already tried 13 time(s); retry policy is RetryUpToMaximumCountWithFixedSleep(maxRetries=15, sleepTime=1000 MILLISECONDS)
2022-01-10 11:12:03,513 [EndpointStateMachine task thread for /127.0.0.1:14053 - 0 ] INFO  ipc.Client (Client.java:handleConnectionFailure(977)) - Retrying connect to server: localhost/127.0.0.1:14053. Already tried 1 time(s); retry policy is RetryUpToMaximumCountWithFixedSleep(maxRetries=15, sleepTime=1000 MILLISECONDS)
2022-01-10 11:12:04,110 [Listener at 0.0.0.0/13555] INFO  retry.RetryInvocationHandler (RetryInvocationHandler.java:log(411)) - com.google.protobuf.ServiceException: java.net.ConnectException: Call From fv-az270-882/10.1.0.7 to localhost:13574 failed on connection exception: java.net.ConnectException: Connection refused; For more details see:  http://wiki.apache.org/hadoop/ConnectionRefused, while invoking $Proxy39.send over nodeId=scmNode-3,nodeAddress=/127.0.0.1:13574 after 2 failover attempts. Trying to failover after sleeping for 2000ms.
2022-01-10 11:12:04,402 [EndpointStateMachine task thread for /127.0.0.1:14073 - 0 ] INFO  ipc.Client (Client.java:handleConnectionFailure(977)) - Retrying connect to server: localhost/127.0.0.1:14073. Already tried 2 time(s); retry policy is RetryUpToMaximumCountWithFixedSleep(maxRetries=15, sleepTime=1000 MILLISECONDS)
2022-01-10 11:12:04,403 [EndpointStateMachine task thread for /127.0.0.1:14063 - 0 ] INFO  ipc.Client (Client.java:handleConnectionFailure(977)) - Retrying connect to server: localhost/127.0.0.1:14063. Already tried 14 time(s); retry policy is RetryUpToMaximumCountWithFixedSleep(maxRetries=15, sleepTime=1000 MILLISECONDS)
2022-01-10 11:12:04,514 [EndpointStateMachine task thread for /127.0.0.1:14053 - 0 ] INFO  ipc.Client (Client.java:handleConnectionFailure(977)) - Retrying connect to server: localhost/127.0.0.1:14053. Already tried 2 time(s); retry policy is RetryUpToMaximumCountWithFixedSleep(maxRetries=15, sleepTime=1000 MILLISECONDS)
2022-01-10 11:12:04,897 [6a981e52-99aa-4707-bfae-4a3cfe894454@group-E3265CC39D2B-FollowerState] INFO  impl.FollowerState (FollowerState.java:run(134)) - 6a981e52-99aa-4707-bfae-4a3cfe894454@group-E3265CC39D2B-FollowerState: change to CANDIDATE, lastRpcElapsedTime:5024780639ns, electionTimeout:5019ms
2022-01-10 11:12:04,897 [6a981e52-99aa-4707-bfae-4a3cfe894454@group-E3265CC39D2B-FollowerState] INFO  impl.RoleInfo (RoleInfo.java:shutdownFollowerState(108)) - 6a981e52-99aa-4707-bfae-4a3cfe894454: shutdown 6a981e52-99aa-4707-bfae-4a3cfe894454@group-E3265CC39D2B-FollowerState
2022-01-10 11:12:04,897 [6a981e52-99aa-4707-bfae-4a3cfe894454@group-E3265CC39D2B-FollowerState] INFO  server.RaftServer$Division (RaftServerImpl.java:setRole(290)) - 6a981e52-99aa-4707-bfae-4a3cfe894454@group-E3265CC39D2B: changes role from  FOLLOWER to CANDIDATE at term 1 for changeToCandidate
2022-01-10 11:12:04,897 [6a981e52-99aa-4707-bfae-4a3cfe894454@group-E3265CC39D2B-FollowerState] INFO  server.RaftServerConfigKeys (ConfUtils.java:logGet(44)) - raft.server.leaderelection.pre-vote = false (custom)
2022-01-10 11:12:04,898 [6a981e52-99aa-4707-bfae-4a3cfe894454@group-E3265CC39D2B-FollowerState] INFO  impl.RoleInfo (RoleInfo.java:updateAndGet(130)) - 6a981e52-99aa-4707-bfae-4a3cfe894454: start 6a981e52-99aa-4707-bfae-4a3cfe894454@group-E3265CC39D2B-LeaderElection16
2022-01-10 11:12:04,911 [6a981e52-99aa-4707-bfae-4a3cfe894454@group-E3265CC39D2B-LeaderElection16] INFO  impl.LeaderElection (LeaderElection.java:askForVotes(306)) - 6a981e52-99aa-4707-bfae-4a3cfe894454@group-E3265CC39D2B-LeaderElection16 ELECTION round 0: submit vote requests at term 2 for 0: [6a981e52-99aa-4707-bfae-4a3cfe894454|rpc:localhost:13552|admin:|client:|dataStream:|priority:0], old=null
2022-01-10 11:12:04,911 [6a981e52-99aa-4707-bfae-4a3cfe894454@group-E3265CC39D2B-LeaderElection16] INFO  impl.LeaderElection (LeaderElection.java:askForVotes(308)) - 6a981e52-99aa-4707-bfae-4a3cfe894454@group-E3265CC39D2B-LeaderElection16 ELECTION round 0: result PASSED (term=2)
2022-01-10 11:12:04,911 [6a981e52-99aa-4707-bfae-4a3cfe894454@group-E3265CC39D2B-LeaderElection16] INFO  impl.RoleInfo (RoleInfo.java:shutdownLeaderElection(121)) - 6a981e52-99aa-4707-bfae-4a3cfe894454: shutdown 6a981e52-99aa-4707-bfae-4a3cfe894454@group-E3265CC39D2B-LeaderElection16
2022-01-10 11:12:04,911 [6a981e52-99aa-4707-bfae-4a3cfe894454@group-E3265CC39D2B-LeaderElection16] INFO  server.RaftServer$Division (RaftServerImpl.java:setRole(290)) - 6a981e52-99aa-4707-bfae-4a3cfe894454@group-E3265CC39D2B: changes role from CANDIDATE to LEADER at term 2 for changeToLeader
2022-01-10 11:12:04,911 [6a981e52-99aa-4707-bfae-4a3cfe894454@group-E3265CC39D2B-LeaderElection16] INFO  ha.SCMStateMachine (SCMStateMachine.java:notifyLeaderChanged(259)) - current SCM becomes leader of term 2.
2022-01-10 11:12:04,911 [6a981e52-99aa-4707-bfae-4a3cfe894454@group-E3265CC39D2B-LeaderElection16] INFO  ha.SCMContext (SCMContext.java:updateLeaderAndTerm(90)) - update <isLeader,term> from <false,0> to <true,2>
2022-01-10 11:12:04,911 [6a981e52-99aa-4707-bfae-4a3cfe894454@group-E3265CC39D2B-LeaderElection16] INFO  server.RaftServer$Division (ServerState.java:setLeader(285)) - 6a981e52-99aa-4707-bfae-4a3cfe894454@group-E3265CC39D2B: change Leader from null to 6a981e52-99aa-4707-bfae-4a3cfe894454 at term 2 for becomeLeader, leader elected after 5153ms
2022-01-10 11:12:04,911 [6a981e52-99aa-4707-bfae-4a3cfe894454@group-E3265CC39D2B-LeaderElection16] INFO  server.RaftServerConfigKeys (ConfUtils.java:logGet(44)) - raft.server.staging.catchup.gap = 1000 (default)
2022-01-10 11:12:04,911 [6a981e52-99aa-4707-bfae-4a3cfe894454@group-E3265CC39D2B-LeaderElection16] INFO  server.RaftServerConfigKeys (ConfUtils.java:logGet(44)) - raft.server.write.element-limit = 4096 (default)
2022-01-10 11:12:04,911 [6a981e52-99aa-4707-bfae-4a3cfe894454@group-E3265CC39D2B-LeaderElection16] INFO  server.RaftServerConfigKeys (ConfUtils.java:logGet(44)) - raft.server.write.byte-limit = 64MB (=67108864) (default)
2022-01-10 11:12:04,912 [6a981e52-99aa-4707-bfae-4a3cfe894454@group-E3265CC39D2B-LeaderElection16] INFO  server.RaftServerConfigKeys (ConfUtils.java:logGet(44)) - raft.server.watch.timeout = 10s (default)
2022-01-10 11:12:04,912 [6a981e52-99aa-4707-bfae-4a3cfe894454@group-E3265CC39D2B-LeaderElection16] INFO  server.RaftServerConfigKeys (ConfUtils.java:logGet(44)) - raft.server.watch.timeout.denomination = 1s (default)
2022-01-10 11:12:04,912 [6a981e52-99aa-4707-bfae-4a3cfe894454@group-E3265CC39D2B-LeaderElection16] INFO  server.RaftServerConfigKeys (ConfUtils.java:logGet(44)) - raft.server.watch.element-limit = 65536 (default)
2022-01-10 11:12:04,913 [6a981e52-99aa-4707-bfae-4a3cfe894454@group-E3265CC39D2B-LeaderElection16] INFO  server.RaftServerConfigKeys (ConfUtils.java:logGet(44)) - raft.server.write.element-limit = 4096 (default)
2022-01-10 11:12:04,913 [6a981e52-99aa-4707-bfae-4a3cfe894454@group-E3265CC39D2B-LeaderElection16] INFO  server.RaftServerConfigKeys (ConfUtils.java:logGet(44)) - raft.server.write.follower.gap.ratio.max = -1.0 (default)
2022-01-10 11:12:04,913 [6a981e52-99aa-4707-bfae-4a3cfe894454@group-E3265CC39D2B-LeaderElection16] INFO  impl.RoleInfo (RoleInfo.java:updateAndGet(130)) - 6a981e52-99aa-4707-bfae-4a3cfe894454: start 6a981e52-99aa-4707-bfae-4a3cfe894454@group-E3265CC39D2B-LeaderStateImpl
2022-01-10 11:12:04,913 [6a981e52-99aa-4707-bfae-4a3cfe894454@group-E3265CC39D2B-LeaderElection16] INFO  segmented.SegmentedRaftLogWorker (SegmentedRaftLogWorker.java:rollLogSegment(399)) - 6a981e52-99aa-4707-bfae-4a3cfe894454@group-E3265CC39D2B-SegmentedRaftLogWorker: Rolling segment log-0_0 to index:0
2022-01-10 11:12:04,924 [6a981e52-99aa-4707-bfae-4a3cfe894454@group-E3265CC39D2B-SegmentedRaftLogWorker] INFO  segmented.SegmentedRaftLogWorker (SegmentedRaftLogWorker.java:execute(558)) - 6a981e52-99aa-4707-bfae-4a3cfe894454@group-E3265CC39D2B-SegmentedRaftLogWorker: Rolled log segment from /home/runner/work/ozone/ozone/hadoop-ozone/integration-test/target/test-dir/MiniOzoneClusterImpl-7d1a95dd-ad38-4e88-9004-e3265cc39d2b/scmNode-1/scm-ha/7d1a95dd-ad38-4e88-9004-e3265cc39d2b/current/log_inprogress_0 to /home/runner/work/ozone/ozone/hadoop-ozone/integration-test/target/test-dir/MiniOzoneClusterImpl-7d1a95dd-ad38-4e88-9004-e3265cc39d2b/scmNode-1/scm-ha/7d1a95dd-ad38-4e88-9004-e3265cc39d2b/current/log_0-0
2022-01-10 11:12:04,925 [6a981e52-99aa-4707-bfae-4a3cfe894454@group-E3265CC39D2B-LeaderElection16] INFO  server.RaftServer$Division (ServerState.java:setRaftConf(387)) - 6a981e52-99aa-4707-bfae-4a3cfe894454@group-E3265CC39D2B: set configuration 1: [6a981e52-99aa-4707-bfae-4a3cfe894454|rpc:localhost:13552|admin:|client:|dataStream:|priority:0], old=null
2022-01-10 11:12:04,937 [6a981e52-99aa-4707-bfae-4a3cfe894454@group-E3265CC39D2B-SegmentedRaftLogWorker] INFO  segmented.SegmentedRaftLogWorker (SegmentedRaftLogWorker.java:execute(601)) - 6a981e52-99aa-4707-bfae-4a3cfe894454@group-E3265CC39D2B-SegmentedRaftLogWorker: created new log segment /home/runner/work/ozone/ozone/hadoop-ozone/integration-test/target/test-dir/MiniOzoneClusterImpl-7d1a95dd-ad38-4e88-9004-e3265cc39d2b/scmNode-1/scm-ha/7d1a95dd-ad38-4e88-9004-e3265cc39d2b/current/log_inprogress_1
2022-01-10 11:12:04,939 [6a981e52-99aa-4707-bfae-4a3cfe894454@group-E3265CC39D2B-StateMachineUpdater] INFO  ha.SCMContext (SCMContext.java:setLeaderReady(117)) - update <isLeaderReady> from <false> to <true>
2022-01-10 11:12:04,940 [6a981e52-99aa-4707-bfae-4a3cfe894454@group-E3265CC39D2B-StateMachineUpdater] INFO  pipeline.BackgroundPipelineCreator (BackgroundPipelineCreator.java:notifyStatusChanged(264)) - Service BackgroundPipelineCreator transitions to RUNNING.
2022-01-10 11:12:04,941 [6a981e52-99aa-4707-bfae-4a3cfe894454@group-E3265CC39D2B-StateMachineUpdater] INFO  safemode.HealthyPipelineSafeModeRule (HealthyPipelineSafeModeRule.java:initializeRule(152)) - Refreshed total pipeline count is 0, healthy pipeline threshold count is 1
2022-01-10 11:12:04,941 [6a981e52-99aa-4707-bfae-4a3cfe894454@group-E3265CC39D2B-StateMachineUpdater] INFO  safemode.ContainerSafeModeRule (ContainerSafeModeRule.java:reInitializeRule(177)) - Refreshed one replica container threshold 0, currentThreshold 0
2022-01-10 11:12:04,941 [6a981e52-99aa-4707-bfae-4a3cfe894454@group-E3265CC39D2B-StateMachineUpdater] INFO  safemode.OneReplicaPipelineSafeModeRule (OneReplicaPipelineSafeModeRule.java:initializeRule(176)) - Refreshed Total pipeline count is 0, pipeline's with at least one datanode reported threshold count is 0
2022-01-10 11:12:04,941 [6a981e52-99aa-4707-bfae-4a3cfe894454@group-E3265CC39D2B-StateMachineUpdater] INFO  server.SCMDatanodeProtocolServer (SCMDatanodeProtocolServer.java:start(181)) - ScmDatanodeProtocol RPC server for DataNodes is listening at /0.0.0.0:13553
2022-01-10 11:12:04,961 [IPC Server listener on 13553] INFO  ipc.Server (Server.java:run(1344)) - IPC Server listener on 13553: starting
2022-01-10 11:12:04,982 [IPC Server Responder] INFO  ipc.Server (Server.java:run(1507)) - IPC Server Responder: starting
2022-01-10 11:12:05,403 [EndpointStateMachine task thread for /127.0.0.1:14073 - 0 ] INFO  ipc.Client (Client.java:handleConnectionFailure(977)) - Retrying connect to server: localhost/127.0.0.1:14073. Already tried 3 time(s); retry policy is RetryUpToMaximumCountWithFixedSleep(maxRetries=15, sleepTime=1000 MILLISECONDS)
2022-01-10 11:12:05,404 [EndpointStateMachine task thread for /127.0.0.1:14063 - 0 ] INFO  ipc.Client (Client.java:handleConnectionFailure(977)) - Retrying connect to server: localhost/127.0.0.1:14063. Already tried 0 time(s); retry policy is RetryUpToMaximumCountWithFixedSleep(maxRetries=15, sleepTime=1000 MILLISECONDS)
2022-01-10 11:12:05,514 [EndpointStateMachine task thread for /127.0.0.1:14053 - 0 ] INFO  ipc.Client (Client.java:handleConnectionFailure(977)) - Retrying connect to server: localhost/127.0.0.1:14053. Already tried 3 time(s); retry policy is RetryUpToMaximumCountWithFixedSleep(maxRetries=15, sleepTime=1000 MILLISECONDS)
2022-01-10 11:12:06,123 [Listener at 0.0.0.0/13555] INFO  server.StorageContainerManager (StorageContainerManager.java:scmBootstrap(987)) - SCM BootStrap  is successful for ClusterID 7d1a95dd-ad38-4e88-9004-e3265cc39d2b, SCMID 4d48cbeb-2102-4f2b-b398-c18ce09455c6
2022-01-10 11:12:06,124 [Listener at 0.0.0.0/13555] INFO  server.StorageContainerManager (StorageContainerManager.java:scmBootstrap(989)) - Primary SCM Node ID 6a981e52-99aa-4707-bfae-4a3cfe894454
2022-01-10 11:12:06,124 [Listener at 0.0.0.0/13555] INFO  ha.SCMHANodeDetails (SCMHANodeDetails.java:loadSCMHAConfig(157)) - ServiceID for StorageContainerManager is scm-service-test1
2022-01-10 11:12:06,124 [Listener at 0.0.0.0/13555] INFO  ha.SCMHANodeDetails (SCMHANodeDetails.java:loadSCMHAConfig(168)) - ServiceID for StorageContainerManager is scm-service-test1
2022-01-10 11:12:06,124 [Listener at 0.0.0.0/13555] WARN  scm.ScmUtils (ScmUtils.java:logWarn(179)) - ConfigKey ozone.scm.block.client.address is deprecated, For configuring different ports for each SCM use PortConfigKey ozone.scm.block.client.port appended with serviceId and nodeId. If want to configure same port configure ozone.scm.block.client.port
2022-01-10 11:12:06,124 [Listener at 0.0.0.0/13555] WARN  scm.ScmUtils (ScmUtils.java:logWarn(179)) - ConfigKey ozone.scm.client.address is deprecated, For configuring different ports for each SCM use PortConfigKey ozone.scm.client.port appended with serviceId and nodeId. If want to configure same port configure ozone.scm.client.port
2022-01-10 11:12:06,124 [Listener at 0.0.0.0/13555] WARN  scm.ScmUtils (ScmUtils.java:logWarn(179)) - ConfigKey ozone.scm.datanode.address is deprecated, For configuring different ports for each SCM use PortConfigKey ozone.scm.datanode.port appended with serviceId and nodeId. If want to configure same port configure ozone.scm.datanode.port
2022-01-10 11:12:06,125 [Listener at 0.0.0.0/13555] WARN  scm.ScmUtils (ScmUtils.java:logWarn(179)) - ConfigKey ozone.scm.block.client.address is deprecated, For configuring different ports for each SCM use PortConfigKey ozone.scm.block.client.port appended with serviceId and nodeId. If want to configure same port configure ozone.scm.block.client.port
2022-01-10 11:12:06,125 [Listener at 0.0.0.0/13555] WARN  scm.ScmUtils (ScmUtils.java:logWarn(179)) - ConfigKey ozone.scm.client.address is deprecated, For configuring different ports for each SCM use PortConfigKey ozone.scm.client.port appended with serviceId and nodeId. If want to configure same port configure ozone.scm.client.port
2022-01-10 11:12:06,125 [Listener at 0.0.0.0/13555] WARN  scm.ScmUtils (ScmUtils.java:logWarn(179)) - ConfigKey ozone.scm.datanode.address is deprecated, For configuring different ports for each SCM use PortConfigKey ozone.scm.datanode.port appended with serviceId and nodeId. If want to configure same port configure ozone.scm.datanode.port
2022-01-10 11:12:06,125 [Listener at 0.0.0.0/13555] INFO  ha.SCMHANodeDetails (SCMHANodeDetails.java:loadSCMHAConfig(250)) - Found matching SCM address with SCMServiceId: scm-service-test1, SCMNodeId: scmNode-2, RPC Address: localhost:13562 and Ratis port: 13562
2022-01-10 11:12:06,125 [Listener at 0.0.0.0/13555] INFO  ha.SCMHANodeDetails (ConfUtils.java:setNodeSpecificConfigs(108)) - Setting configuration key ozone.scm.datanode.address with value of key ozone.scm.datanode.address.scm-service-test1.scmNode-2: 127.0.0.1:13563
2022-01-10 11:12:06,125 [Listener at 0.0.0.0/13555] INFO  ha.SCMHANodeDetails (ConfUtils.java:setNodeSpecificConfigs(108)) - Setting configuration key ozone.scm.block.client.address with value of key ozone.scm.block.client.address.scm-service-test1.scmNode-2: 127.0.0.1:13564
2022-01-10 11:12:06,126 [Listener at 0.0.0.0/13555] INFO  ha.SCMHANodeDetails (ConfUtils.java:setNodeSpecificConfigs(108)) - Setting configuration key ozone.scm.client.address with value of key ozone.scm.client.address.scm-service-test1.scmNode-2: 127.0.0.1:13565
2022-01-10 11:12:06,126 [Listener at 0.0.0.0/13555] INFO  ha.SCMHANodeDetails (ConfUtils.java:setNodeSpecificConfigs(108)) - Setting configuration key ozone.scm.ratis.port with value of key ozone.scm.ratis.port.scm-service-test1.scmNode-2: 13562
2022-01-10 11:12:06,126 [Listener at 0.0.0.0/13555] INFO  ha.SCMHANodeDetails (ConfUtils.java:setNodeSpecificConfigs(108)) - Setting configuration key ozone.scm.grpc.port with value of key ozone.scm.grpc.port.scm-service-test1.scmNode-2: 13566
2022-01-10 11:12:06,126 [Listener at 0.0.0.0/13555] INFO  ha.SCMHANodeDetails (ConfUtils.java:setNodeSpecificConfigs(108)) - Setting configuration key ozone.scm.http-address with value of key ozone.scm.http-address.scm-service-test1.scmNode-2: 127.0.0.1:13560
2022-01-10 11:12:06,126 [Listener at 0.0.0.0/13555] INFO  ha.SCMHANodeDetails (ConfUtils.java:setNodeSpecificConfigs(108)) - Setting configuration key ozone.scm.https-address with value of key ozone.scm.https-address.scm-service-test1.scmNode-2: 127.0.0.1:13561
2022-01-10 11:12:06,126 [Listener at 0.0.0.0/13555] INFO  ha.SCMHANodeDetails (ConfUtils.java:setNodeSpecificConfigs(108)) - Setting configuration key ozone.scm.address with value of key ozone.scm.address.scm-service-test1.scmNode-2: 127.0.0.1
2022-01-10 11:12:06,126 [Listener at 0.0.0.0/13555] WARN  scm.ScmUtils (ScmUtils.java:logWarn(179)) - ConfigKey ozone.scm.block.client.address is deprecated, For configuring different ports for each SCM use PortConfigKey ozone.scm.block.client.port appended with serviceId and nodeId. If want to configure same port configure ozone.scm.block.client.port
2022-01-10 11:12:06,126 [Listener at 0.0.0.0/13555] WARN  scm.ScmUtils (ScmUtils.java:logWarn(179)) - ConfigKey ozone.scm.client.address is deprecated, For configuring different ports for each SCM use PortConfigKey ozone.scm.client.port appended with serviceId and nodeId. If want to configure same port configure ozone.scm.client.port
2022-01-10 11:12:06,127 [Listener at 0.0.0.0/13555] WARN  scm.ScmUtils (ScmUtils.java:logWarn(179)) - ConfigKey ozone.scm.datanode.address is deprecated, For configuring different ports for each SCM use PortConfigKey ozone.scm.datanode.port appended with serviceId and nodeId. If want to configure same port configure ozone.scm.datanode.port
2022-01-10 11:12:06,128 [Listener at 0.0.0.0/13555] WARN  server.ServerUtils (ServerUtils.java:getScmDbDir(148)) - ozone.scm.db.dirs is not configured. We recommend adding this setting. Falling back to ozone.metadata.dirs instead.
2022-01-10 11:12:06,129 [Listener at 0.0.0.0/13555] INFO  upgrade.AbstractLayoutVersionManager (AbstractLayoutVersionManager.java:init(79)) - Initializing Layout version manager with metadata layout = SCM_HA (version = 2), software layout = SCM_HA (version = 2)
2022-01-10 11:12:06,229 [Listener at 0.0.0.0/13555] INFO  reflections.Reflections (Reflections.java:scan(232)) - Reflections took 96 ms to scan 7 urls, producing 119 keys and 279 values 
2022-01-10 11:12:06,234 [Listener at 0.0.0.0/13555] WARN  utils.HAUtils (HAUtils.java:getMetaDir(342)) - ozone.scm.db.dirs is not configured. We recommend adding this setting. Falling back to ozone.metadata.dirs instead.
2022-01-10 11:12:06,238 [Listener at 0.0.0.0/13555] WARN  db.DBStoreBuilder (DBStoreBuilder.java:applyDBDefinition(145)) - ozone.scm.db.dirs is not configured. We recommend adding this setting. Falling back to ozone.metadata.dirs instead.
2022-01-10 11:12:06,404 [EndpointStateMachine task thread for /127.0.0.1:14073 - 0 ] INFO  ipc.Client (Client.java:handleConnectionFailure(977)) - Retrying connect to server: localhost/127.0.0.1:14073. Already tried 4 time(s); retry policy is RetryUpToMaximumCountWithFixedSleep(maxRetries=15, sleepTime=1000 MILLISECONDS)
2022-01-10 11:12:06,404 [EndpointStateMachine task thread for /127.0.0.1:14063 - 0 ] INFO  ipc.Client (Client.java:handleConnectionFailure(977)) - Retrying connect to server: localhost/127.0.0.1:14063. Already tried 1 time(s); retry policy is RetryUpToMaximumCountWithFixedSleep(maxRetries=15, sleepTime=1000 MILLISECONDS)
2022-01-10 11:12:06,487 [Listener at 0.0.0.0/13555] INFO  net.NodeSchemaLoader (NodeSchemaLoader.java:loadSchemaFromFile(129)) - Loading schema from [jar:file:/home/runner/.m2/repository/org/apache/ozone/hdds-common/1.3.0-SNAPSHOT/hdds-common-1.3.0-SNAPSHOT.jar!/network-topology-default.xml]
2022-01-10 11:12:06,488 [Listener at 0.0.0.0/13555] INFO  net.NodeSchemaLoader (NodeSchemaLoader.java:loadSchema(176)) - Loading network topology layer schema file
2022-01-10 11:12:06,508 [Listener at 0.0.0.0/13555] WARN  impl.MetricRegistriesImpl (MetricRegistriesImpl.java:addReporterRegistration(111)) - New reporters are added after registries were created. Some metrics will be missing from the reporter. Please add reporter before adding any new registry.
2022-01-10 11:12:06,508 [Listener at 0.0.0.0/13555] WARN  impl.MetricRegistriesImpl (MetricRegistriesImpl.java:addReporterRegistration(111)) - New reporters are added after registries were created. Some metrics will be missing from the reporter. Please add reporter before adding any new registry.
2022-01-10 11:12:06,509 [Listener at 0.0.0.0/13555] INFO  ha.SCMRatisServerImpl (SCMRatisServerImpl.java:<init>(87)) - starting Raft server for scm:4d48cbeb-2102-4f2b-b398-c18ce09455c6
2022-01-10 11:12:06,510 [Listener at 0.0.0.0/13555] INFO  server.RaftServer (ConfUtils.java:logGet(44)) - raft.rpc.type = GRPC (default)
2022-01-10 11:12:06,512 [Listener at 0.0.0.0/13555] INFO  grpc.GrpcFactory (GrpcFactory.java:checkPooledByteBufAllocatorUseCacheForAllThreads(48)) - PERFORMANCE WARNING: useCacheForAllThreads is true that may cause Netty to create a lot garbage objects and, as a result, trigger GC.
	It is recommended to disable useCacheForAllThreads by setting -Dorg.apache.ratis.thirdparty.io.netty.allocator.useCacheForAllThreads=false in command line.
2022-01-10 11:12:06,512 [Listener at 0.0.0.0/13555] INFO  grpc.GrpcConfigKeys (ConfUtils.java:logGet(44)) - raft.grpc.admin.port = -1 (default)
2022-01-10 11:12:06,513 [Listener at 0.0.0.0/13555] INFO  grpc.GrpcConfigKeys (ConfUtils.java:logGet(44)) - raft.grpc.server.port = 13562 (custom)
2022-01-10 11:12:06,513 [Listener at 0.0.0.0/13555] INFO  grpc.GrpcConfigKeys (ConfUtils.java:logGet(44)) - raft.grpc.client.port = -1 (default)
2022-01-10 11:12:06,513 [Listener at 0.0.0.0/13555] INFO  grpc.GrpcConfigKeys (ConfUtils.java:logGet(44)) - raft.grpc.server.port = 13562 (custom)
2022-01-10 11:12:06,513 [Listener at 0.0.0.0/13555] INFO  grpc.GrpcConfigKeys (ConfUtils.java:logGet(44)) - raft.grpc.server.port = 13562 (custom)
2022-01-10 11:12:06,513 [Listener at 0.0.0.0/13555] INFO  server.GrpcService (ConfUtils.java:logGet(44)) - raft.grpc.message.size.max = 32m (=33554432) (custom)
2022-01-10 11:12:06,514 [Listener at 0.0.0.0/13555] INFO  server.RaftServerConfigKeys (ConfUtils.java:logGet(44)) - raft.server.log.appender.buffer.byte-limit = 33554432 (custom)
2022-01-10 11:12:06,514 [Listener at 0.0.0.0/13555] INFO  server.GrpcService (ConfUtils.java:logGet(44)) - raft.grpc.flow.control.window = 1MB (=1048576) (default)
2022-01-10 11:12:06,514 [Listener at 0.0.0.0/13555] INFO  server.RaftServerConfigKeys (ConfUtils.java:logGet(44)) - raft.server.rpc.request.timeout = 30000ms (custom)
2022-01-10 11:12:06,515 [EndpointStateMachine task thread for /127.0.0.1:14053 - 0 ] INFO  ipc.Client (Client.java:handleConnectionFailure(977)) - Retrying connect to server: localhost/127.0.0.1:14053. Already tried 4 time(s); retry policy is RetryUpToMaximumCountWithFixedSleep(maxRetries=15, sleepTime=1000 MILLISECONDS)
2022-01-10 11:12:06,517 [Listener at 0.0.0.0/13555] INFO  impl.DataStreamServerImpl (ConfUtils.java:logGet(44)) - raft.datastream.type = DISABLED (default)
2022-01-10 11:12:06,525 [Listener at 0.0.0.0/13555] INFO  server.RaftServerConfigKeys (ConfUtils.java:logGet(44)) - raft.server.rpc.slowness.timeout = 120000ms (custom)
2022-01-10 11:12:06,525 [Listener at 0.0.0.0/13555] INFO  server.RaftServerConfigKeys (ConfUtils.java:logGet(44)) - raft.server.leaderelection.leader.step-down.wait-time = 10s (default)
2022-01-10 11:12:06,525 [Listener at 0.0.0.0/13555] INFO  server.RaftServerConfigKeys (ConfUtils.java:logGet(44)) - raft.server.storage.dir = [/home/runner/work/ozone/ozone/hadoop-ozone/integration-test/target/test-dir/MiniOzoneClusterImpl-7d1a95dd-ad38-4e88-9004-e3265cc39d2b/scmNode-2/scm-ha] (custom)
2022-01-10 11:12:06,526 [Listener at 0.0.0.0/13555] INFO  server.RaftServer (RaftServerProxy.java:addNew(95)) - 4d48cbeb-2102-4f2b-b398-c18ce09455c6: addNew group-E3265CC39D2B:[] returns group-E3265CC39D2B:java.util.concurrent.CompletableFuture@97293ef[Not completed]
2022-01-10 11:12:06,526 [pool-230-thread-1] INFO  server.RaftServer$Division (RaftServerImpl.java:<init>(184)) - 4d48cbeb-2102-4f2b-b398-c18ce09455c6: new RaftServerImpl for group-E3265CC39D2B:[] with SCMStateMachine:uninitialized
2022-01-10 11:12:06,530 [pool-230-thread-1] INFO  server.RaftServerConfigKeys (ConfUtils.java:logGet(44)) - raft.server.rpc.timeout.min = 5000ms (custom)
2022-01-10 11:12:06,530 [pool-230-thread-1] INFO  server.RaftServerConfigKeys (ConfUtils.java:logGet(44)) - raft.server.rpc.timeout.max = 5200ms (custom)
2022-01-10 11:12:06,530 [pool-230-thread-1] INFO  server.RaftServerConfigKeys (ConfUtils.java:logGet(44)) - raft.server.rpc.sleep.time = 25ms (default)
2022-01-10 11:12:06,530 [pool-230-thread-1] INFO  server.RaftServerConfigKeys (ConfUtils.java:logGet(44)) - raft.server.rpc.slowness.timeout = 120000ms (custom)
2022-01-10 11:12:06,530 [pool-230-thread-1] INFO  server.RaftServerConfigKeys (ConfUtils.java:logGet(44)) - raft.server.leaderelection.leader.step-down.wait-time = 10s (default)
2022-01-10 11:12:06,530 [pool-230-thread-1] INFO  server.RaftServerConfigKeys (ConfUtils.java:logGet(44)) - raft.server.sleep.deviation.threshold = 300ms (default)
2022-01-10 11:12:06,530 [pool-230-thread-1] INFO  server.RaftServerConfigKeys (ConfUtils.java:logGet(44)) - raft.server.log.appender.install.snapshot.enabled = false (custom)
2022-01-10 11:12:06,530 [pool-230-thread-1] INFO  server.RaftServer$Division (ServerState.java:<init>(105)) - 4d48cbeb-2102-4f2b-b398-c18ce09455c6@group-E3265CC39D2B: ConfigurationManager, init=-1: [], old=null, confs=<EMPTY_MAP>
2022-01-10 11:12:06,530 [pool-230-thread-1] INFO  server.RaftServerConfigKeys (ConfUtils.java:logGet(44)) - raft.server.storage.dir = [/home/runner/work/ozone/ozone/hadoop-ozone/integration-test/target/test-dir/MiniOzoneClusterImpl-7d1a95dd-ad38-4e88-9004-e3265cc39d2b/scmNode-2/scm-ha] (custom)
2022-01-10 11:12:06,531 [pool-230-thread-1] INFO  server.RaftServerConfigKeys (ConfUtils.java:logGet(44)) - raft.server.log.corruption.policy = EXCEPTION (default)
2022-01-10 11:12:06,531 [pool-230-thread-1] INFO  server.RaftServerConfigKeys (ConfUtils.java:logGet(44)) - raft.server.storage.free-space.min = 0MB (=0) (default)
2022-01-10 11:12:06,531 [pool-230-thread-1] INFO  storage.RaftStorageDirectory (RaftStorageDirectoryImpl.java:analyzeStorage(135)) - The storage directory /home/runner/work/ozone/ozone/hadoop-ozone/integration-test/target/test-dir/MiniOzoneClusterImpl-7d1a95dd-ad38-4e88-9004-e3265cc39d2b/scmNode-2/scm-ha/7d1a95dd-ad38-4e88-9004-e3265cc39d2b does not exist. Creating ...
2022-01-10 11:12:06,534 [pool-230-thread-1] INFO  storage.RaftStorageDirectory (RaftStorageDirectoryImpl.java:tryLock(230)) - Lock on /home/runner/work/ozone/ozone/hadoop-ozone/integration-test/target/test-dir/MiniOzoneClusterImpl-7d1a95dd-ad38-4e88-9004-e3265cc39d2b/scmNode-2/scm-ha/7d1a95dd-ad38-4e88-9004-e3265cc39d2b/in_use.lock acquired by nodename 8189@fv-az270-882
2022-01-10 11:12:06,536 [pool-230-thread-1] INFO  storage.RaftStorage (RaftStorageImpl.java:format(89)) - Storage directory /home/runner/work/ozone/ozone/hadoop-ozone/integration-test/target/test-dir/MiniOzoneClusterImpl-7d1a95dd-ad38-4e88-9004-e3265cc39d2b/scmNode-2/scm-ha/7d1a95dd-ad38-4e88-9004-e3265cc39d2b has been successfully formatted.
2022-01-10 11:12:06,536 [pool-230-thread-1] INFO  server.RaftServerConfigKeys (ConfUtils.java:logGet(44)) - raft.server.notification.no-leader.timeout = 60s (default)
2022-01-10 11:12:06,536 [pool-230-thread-1] INFO  server.RaftServerConfigKeys (ConfUtils.java:logGet(44)) - raft.server.log.use.memory = false (default)
2022-01-10 11:12:06,536 [pool-230-thread-1] INFO  server.RaftServerConfigKeys (ConfUtils.java:logGet(44)) - raft.server.log.purge.gap = 5 (custom)
2022-01-10 11:12:06,536 [pool-230-thread-1] INFO  server.RaftServerConfigKeys (ConfUtils.java:logGet(44)) - raft.server.log.appender.buffer.byte-limit = 33554432 (custom)
2022-01-10 11:12:06,536 [pool-230-thread-1] INFO  server.RaftServerConfigKeys (ConfUtils.java:logGet(44)) - raft.server.log.segment.size.max = 4194304 (custom)
2022-01-10 11:12:06,537 [pool-230-thread-1] INFO  server.RaftServerConfigKeys (ConfUtils.java:logGet(44)) - raft.server.log.segment.cache.num.max = 2 (custom)
2022-01-10 11:12:06,537 [pool-230-thread-1] INFO  server.RaftServerConfigKeys (ConfUtils.java:logGet(44)) - raft.server.log.segment.cache.size.max = 200MB (=209715200) (default)
2022-01-10 11:12:06,537 [pool-230-thread-1] INFO  segmented.SegmentedRaftLogWorker (SegmentedRaftLogWorker.java:<init>(182)) - new 4d48cbeb-2102-4f2b-b398-c18ce09455c6@group-E3265CC39D2B-SegmentedRaftLogWorker for RaftStorageImpl:Storage Directory /home/runner/work/ozone/ozone/hadoop-ozone/integration-test/target/test-dir/MiniOzoneClusterImpl-7d1a95dd-ad38-4e88-9004-e3265cc39d2b/scmNode-2/scm-ha/7d1a95dd-ad38-4e88-9004-e3265cc39d2b
2022-01-10 11:12:06,537 [pool-230-thread-1] INFO  server.RaftServerConfigKeys (ConfUtils.java:logGet(44)) - raft.server.log.queue.byte-limit = 64MB (=67108864) (default)
2022-01-10 11:12:06,537 [pool-230-thread-1] INFO  server.RaftServerConfigKeys (ConfUtils.java:logGet(44)) - raft.server.log.queue.element-limit = 4096 (default)
2022-01-10 11:12:06,537 [pool-230-thread-1] INFO  server.RaftServerConfigKeys (ConfUtils.java:logGet(44)) - raft.server.log.segment.size.max = 4194304 (custom)
2022-01-10 11:12:06,537 [pool-230-thread-1] INFO  server.RaftServerConfigKeys (ConfUtils.java:logGet(44)) - raft.server.log.preallocated.size = 4194304 (custom)
2022-01-10 11:12:06,537 [pool-230-thread-1] INFO  server.RaftServerConfigKeys (ConfUtils.java:logGet(44)) - raft.server.log.force.sync.num = 128 (default)
2022-01-10 11:12:06,537 [pool-230-thread-1] INFO  server.RaftServerConfigKeys (ConfUtils.java:logGet(44)) - raft.server.log.statemachine.data.sync = true (default)
2022-01-10 11:12:06,538 [pool-230-thread-1] INFO  server.RaftServerConfigKeys (ConfUtils.java:logGet(44)) - raft.server.log.statemachine.data.sync.timeout = 10s (default)
2022-01-10 11:12:06,538 [pool-230-thread-1] INFO  server.RaftServerConfigKeys (ConfUtils.java:logGet(44)) - raft.server.log.statemachine.data.sync.timeout.retry = -1 (default)
2022-01-10 11:12:06,538 [pool-230-thread-1] INFO  server.RaftServerConfigKeys (ConfUtils.java:logGet(44)) - raft.server.log.write.buffer.size = 64KB (=65536) (default)
2022-01-10 11:12:06,539 [pool-230-thread-1] INFO  server.RaftServerConfigKeys (ConfUtils.java:logGet(44)) - raft.server.log.statemachine.data.caching.enabled = false (default)
2022-01-10 11:12:06,539 [pool-230-thread-1] INFO  segmented.SegmentedRaftLogWorker (SegmentedRaftLogWorker.java:lambda$new$0(133)) - 4d48cbeb-2102-4f2b-b398-c18ce09455c6@group-E3265CC39D2B-SegmentedRaftLogWorker: flushIndex: setUnconditionally 0 -> -1
2022-01-10 11:12:06,539 [pool-230-thread-1] INFO  segmented.SegmentedRaftLogWorker (SegmentedRaftLogWorker.java:lambda$new$0(133)) - 4d48cbeb-2102-4f2b-b398-c18ce09455c6@group-E3265CC39D2B-SegmentedRaftLogWorker: safeCacheEvictIndex: setUnconditionally 0 -> -1
2022-01-10 11:12:06,546 [pool-230-thread-1] INFO  server.RaftServerConfigKeys (ConfUtils.java:logGet(44)) - raft.server.snapshot.auto.trigger.enabled = true (custom)
2022-01-10 11:12:06,546 [pool-230-thread-1] INFO  server.RaftServerConfigKeys (ConfUtils.java:logGet(44)) - raft.server.snapshot.auto.trigger.threshold = 5 (custom)
2022-01-10 11:12:06,546 [pool-230-thread-1] INFO  server.RaftServerConfigKeys (ConfUtils.java:logGet(44)) - raft.server.snapshot.retention.file.num = -1 (default)
2022-01-10 11:12:06,546 [pool-230-thread-1] INFO  server.RaftServerConfigKeys (ConfUtils.java:logGet(44)) - raft.server.log.purge.upto.snapshot.index = true (custom)
2022-01-10 11:12:06,546 [pool-230-thread-1] INFO  server.RaftServerConfigKeys (ConfUtils.java:logGet(44)) - raft.server.retrycache.expirytime = 60000ms (default)
2022-01-10 11:12:06,546 [pool-230-thread-1] INFO  server.RaftServerConfigKeys (ConfUtils.java:logGet(44)) - raft.server.retrycache.statistics.expirytime = 100μs (default)
2022-01-10 11:12:06,547 [Listener at 0.0.0.0/13555] INFO  ha.SCMSnapshotProvider (SCMSnapshotProvider.java:<init>(66)) - Initializing SCM Snapshot Provider
2022-01-10 11:12:06,547 [Listener at 0.0.0.0/13555] WARN  server.ServerUtils (ServerUtils.java:getDefaultRatisDirectory(237)) - Storage directory for Ratis is not configured. It is a good idea to map this to an SSD disk. Falling back to ozone.metadata.dirs
2022-01-10 11:12:06,548 [Listener at 0.0.0.0/13555] WARN  ha.SCMHAUtils (SCMHAUtils.java:getSCMRatisSnapshotDirectory(146)) - SCM snapshot dir is not configured. Falling back to ozone.metadata.dirs config
2022-01-10 11:12:06,549 [Listener at 0.0.0.0/13555] INFO  ha.SequenceIdGenerator (SequenceIdGenerator.java:upgradeToSequenceId(347)) - upgrade localId to 109611004723200000
2022-01-10 11:12:06,549 [Listener at 0.0.0.0/13555] INFO  ha.SequenceIdGenerator (SequenceIdGenerator.java:upgradeToSequenceId(357)) - upgrade delTxnId to 0
2022-01-10 11:12:06,550 [Listener at 0.0.0.0/13555] INFO  ha.SequenceIdGenerator (SequenceIdGenerator.java:upgradeToSequenceId(371)) - upgrade containerId to 0
2022-01-10 11:12:06,550 [Listener at 0.0.0.0/13555] INFO  ha.SequenceIdGenerator (SequenceIdGenerator.java:<init>(218)) - Init the HA SequenceIdGenerator.
2022-01-10 11:12:06,550 [Listener at 0.0.0.0/13555] WARN  server.ServerUtils (ServerUtils.java:sanitizeUserArgs(73)) - ozone.scm.stale.node.interval value = 300000 is larger than max = 100000 based on the key value of ozone.scm.heartbeat.thread.interval, reset to the max value 100000.
2022-01-10 11:12:06,550 [Listener at 0.0.0.0/13555] WARN  server.ServerUtils (ServerUtils.java:sanitizeUserArgs(73)) - ozone.scm.stale.node.interval value = 300000 is larger than max = 100000 based on the key value of ozone.scm.heartbeat.thread.interval, reset to the max value 100000.
2022-01-10 11:12:06,552 [Listener at 0.0.0.0/13555] INFO  node.SCMNodeManager (SCMNodeManager.java:<init>(144)) - Entering startup safe mode.
2022-01-10 11:12:06,555 [Listener at 0.0.0.0/13555] INFO  algorithms.ContainerPlacementPolicyFactory (ContainerPlacementPolicyFactory.java:getPolicy(60)) - Create container placement policy of type org.apache.hadoop.hdds.scm.container.placement.algorithms.SCMContainerPlacementRandom
2022-01-10 11:12:06,556 [Listener at 0.0.0.0/13555] INFO  pipeline.PipelineStateManagerImpl (PipelineStateManagerImpl.java:initialize(78)) - No pipeline exists in current db
2022-01-10 11:12:06,556 [Listener at 0.0.0.0/13555] INFO  algorithms.LeaderChoosePolicyFactory (LeaderChoosePolicyFactory.java:getPolicy(57)) - Create leader choose policy of type org.apache.hadoop.hdds.scm.pipeline.leader.choose.algorithms.MinLeaderCountChoosePolicy
2022-01-10 11:12:06,556 [Listener at 0.0.0.0/13555] INFO  ha.SCMServiceManager (SCMServiceManager.java:register(43)) - Registering service BackgroundPipelineCreator.
2022-01-10 11:12:06,557 [Listener at 0.0.0.0/13555] INFO  pipeline.BackgroundPipelineCreator (BackgroundPipelineCreator.java:start(130)) - Starting RatisPipelineUtilsThread.
2022-01-10 11:12:06,558 [Listener at 0.0.0.0/13555] INFO  algorithms.PipelineChoosePolicyFactory (PipelineChoosePolicyFactory.java:createPipelineChoosePolicyFromClass(73)) - Create pipeline choose policy of type org.apache.hadoop.hdds.scm.pipeline.choose.algorithms.RandomPipelineChoosePolicy
2022-01-10 11:12:06,561 [Listener at 0.0.0.0/13555] INFO  ha.SCMServiceManager (SCMServiceManager.java:register(43)) - Registering service SCMBlockDeletingService.
2022-01-10 11:12:06,562 [Listener at 0.0.0.0/13555] INFO  ha.SCMServiceManager (SCMServiceManager.java:register(43)) - Registering service ReplicationManager.
2022-01-10 11:12:06,562 [Listener at 0.0.0.0/13555] INFO  container.ReplicationManager (ReplicationManager.java:start(319)) - Starting Replication Monitor Thread.
2022-01-10 11:12:06,563 [Listener at 0.0.0.0/13555] INFO  safemode.ContainerSafeModeRule (ContainerSafeModeRule.java:<init>(89)) - containers with one replica threshold count 0
2022-01-10 11:12:06,564 [Listener at 0.0.0.0/13555] INFO  safemode.HealthyPipelineSafeModeRule (HealthyPipelineSafeModeRule.java:initializeRule(156)) - Total pipeline count is 0, healthy pipeline threshold count is 1
2022-01-10 11:12:06,564 [Listener at 0.0.0.0/13555] INFO  safemode.OneReplicaPipelineSafeModeRule (OneReplicaPipelineSafeModeRule.java:initializeRule(180)) - Total pipeline count is 0, pipeline's with at least one datanode reported threshold count is 0
2022-01-10 11:12:06,570 [Listener at 0.0.0.0/13555] INFO  ipc.CallQueueManager (CallQueueManager.java:<init>(90)) - Using callQueue: class java.util.concurrent.LinkedBlockingQueue, queueCapacity: 2000, scheduler: class org.apache.hadoop.ipc.DefaultRpcScheduler, ipcBackoff: false.
2022-01-10 11:12:06,571 [Socket Reader #1 for port 13563] INFO  ipc.Server (Server.java:run(1265)) - Starting Socket Reader #1 for port 13563
2022-01-10 11:12:06,573 [Listener at 0.0.0.0/13563] INFO  ipc.CallQueueManager (CallQueueManager.java:<init>(90)) - Using callQueue: class java.util.concurrent.LinkedBlockingQueue, queueCapacity: 2000, scheduler: class org.apache.hadoop.ipc.DefaultRpcScheduler, ipcBackoff: false.
2022-01-10 11:12:06,577 [Socket Reader #1 for port 13564] INFO  ipc.Server (Server.java:run(1265)) - Starting Socket Reader #1 for port 13564
2022-01-10 11:12:06,580 [Listener at 0.0.0.0/13564] INFO  ipc.CallQueueManager (CallQueueManager.java:<init>(90)) - Using callQueue: class java.util.concurrent.LinkedBlockingQueue, queueCapacity: 2000, scheduler: class org.apache.hadoop.ipc.DefaultRpcScheduler, ipcBackoff: false.
2022-01-10 11:12:06,586 [ReplicationMonitor] INFO  container.ReplicationManager (ReplicationManager.java:processAll(371)) - Replication Monitor Thread took 0 milliseconds for processing 0 containers.
2022-01-10 11:12:06,597 [Socket Reader #1 for port 13565] INFO  ipc.Server (Server.java:run(1265)) - Starting Socket Reader #1 for port 13565
2022-01-10 11:12:06,646 [Listener at 0.0.0.0/13565] INFO  algorithms.ContainerPlacementPolicyFactory (ContainerPlacementPolicyFactory.java:getPolicy(60)) - Create container placement policy of type org.apache.hadoop.hdds.scm.container.placement.algorithms.SCMContainerPlacementRandom
2022-01-10 11:12:06,649 [Listener at 0.0.0.0/13565] INFO  server.StorageContainerManager (StorageContainerManager.java:<init>(388)) - 
Container Balancer status:
Key                            Value
Running                        false
Container Balancer Configuration values:
Key                                                Value
Threshold                                          0.1
Max Datanodes to Involve per Iteration(ratio)      0.2
Max Size to Move per Iteration                     30GB
Max Size Entering Target per Iteration             26GB
Max Size Leaving Source per Iteration              26GB

2022-01-10 11:12:06,649 [Listener at 0.0.0.0/13565] WARN  events.EventQueue (EventQueue.java:fireEvent(194)) - No event handler registered for event TypedEvent{payloadType=SafeModeStatus, name='Safe mode status'}
2022-01-10 11:12:06,650 [Listener at 0.0.0.0/13565] INFO  ha.SCMContext (SCMContext.java:updateSafeModeStatus(211)) - Update SafeModeStatus from SafeModeStatus{safeModeStatus=true, preCheckPassed=false} to SafeModeStatus{safeModeStatus=true, preCheckPassed=false}.
2022-01-10 11:12:06,650 [Listener at 0.0.0.0/13565] INFO  server.StorageContainerManager (StorageContainerManager.java:start(1303)) - StorageContainerLocationProtocol RPC server is listening at /0.0.0.0:13565
2022-01-10 11:12:06,650 [Listener at 0.0.0.0/13565] INFO  ha.SCMRatisServerImpl (SCMRatisServerImpl.java:start(177)) - starting ratis server 0.0.0.0:13562
2022-01-10 11:12:06,650 [Listener at 0.0.0.0/13565] INFO  server.RaftServer$Division (RaftServerImpl.java:start(304)) - 4d48cbeb-2102-4f2b-b398-c18ce09455c6@group-E3265CC39D2B: start with initializing state, conf=-1: [], old=null
2022-01-10 11:12:06,651 [Listener at 0.0.0.0/13565] INFO  server.RaftServer$Division (RaftServerImpl.java:setRole(290)) - 4d48cbeb-2102-4f2b-b398-c18ce09455c6@group-E3265CC39D2B: changes role from      null to FOLLOWER at term 0 for startInitializing
2022-01-10 11:12:06,651 [Listener at 0.0.0.0/13565] INFO  util.JmxRegister (JmxRegister.java:tryRegister(44)) - Successfully registered JMX Bean with object name Ratis:service=RaftServer,group=group-E3265CC39D2B,id=4d48cbeb-2102-4f2b-b398-c18ce09455c6
2022-01-10 11:12:06,658 [Listener at 0.0.0.0/13565] INFO  server.RaftServer (RaftServerProxy.java:lambda$start$5(374)) - 4d48cbeb-2102-4f2b-b398-c18ce09455c6: start RPC server
2022-01-10 11:12:06,663 [Listener at 0.0.0.0/13565] INFO  server.GrpcService (GrpcService.java:startImpl(253)) - 4d48cbeb-2102-4f2b-b398-c18ce09455c6: GrpcService started, listening on 13562
2022-01-10 11:12:06,667 [Listener at 0.0.0.0/13565] INFO  ha.SCMNodeInfo (SCMNodeInfo.java:getPort(197)) - ConfigKey ozone.scm.client.address is deprecated, For configuring different ports for each SCM use PortConfigKey ozone.scm.client.port appended with serviceId and nodeId
2022-01-10 11:12:06,668 [Listener at 0.0.0.0/13565] INFO  ha.SCMNodeInfo (SCMNodeInfo.java:getPort(197)) - ConfigKey ozone.scm.block.client.address is deprecated, For configuring different ports for each SCM use PortConfigKey ozone.scm.block.client.port appended with serviceId and nodeId
2022-01-10 11:12:06,668 [Listener at 0.0.0.0/13565] INFO  ha.SCMNodeInfo (SCMNodeInfo.java:getPort(197)) - ConfigKey ozone.scm.datanode.address is deprecated, For configuring different ports for each SCM use PortConfigKey ozone.scm.datanode.port appended with serviceId and nodeId
2022-01-10 11:12:06,668 [Listener at 0.0.0.0/13565] INFO  ha.SCMNodeInfo (SCMNodeInfo.java:getPort(197)) - ConfigKey ozone.scm.client.address is deprecated, For configuring different ports for each SCM use PortConfigKey ozone.scm.client.port appended with serviceId and nodeId
2022-01-10 11:12:06,668 [Listener at 0.0.0.0/13565] INFO  ha.SCMNodeInfo (SCMNodeInfo.java:getPort(197)) - ConfigKey ozone.scm.block.client.address is deprecated, For configuring different ports for each SCM use PortConfigKey ozone.scm.block.client.port appended with serviceId and nodeId
2022-01-10 11:12:06,668 [Listener at 0.0.0.0/13565] INFO  ha.SCMNodeInfo (SCMNodeInfo.java:getPort(197)) - ConfigKey ozone.scm.datanode.address is deprecated, For configuring different ports for each SCM use PortConfigKey ozone.scm.datanode.port appended with serviceId and nodeId
2022-01-10 11:12:06,669 [Listener at 0.0.0.0/13565] INFO  ha.SCMNodeInfo (SCMNodeInfo.java:getPort(197)) - ConfigKey ozone.scm.client.address is deprecated, For configuring different ports for each SCM use PortConfigKey ozone.scm.client.port appended with serviceId and nodeId
2022-01-10 11:12:06,669 [Listener at 0.0.0.0/13565] INFO  ha.SCMNodeInfo (SCMNodeInfo.java:getPort(197)) - ConfigKey ozone.scm.block.client.address is deprecated, For configuring different ports for each SCM use PortConfigKey ozone.scm.block.client.port appended with serviceId and nodeId
2022-01-10 11:12:06,669 [Listener at 0.0.0.0/13565] INFO  ha.SCMNodeInfo (SCMNodeInfo.java:getPort(197)) - ConfigKey ozone.scm.datanode.address is deprecated, For configuring different ports for each SCM use PortConfigKey ozone.scm.datanode.port appended with serviceId and nodeId
2022-01-10 11:12:06,667 [org.apache.ratis.util.JvmPauseMonitor$$Lambda$500/2122256138@26dc0c5] INFO  util.JvmPauseMonitor (JvmPauseMonitor.java:run(103)) - JvmPauseMonitor-4d48cbeb-2102-4f2b-b398-c18ce09455c6: Started
2022-01-10 11:12:06,697 [IPC Server handler 2 on default port 13554] INFO  ha.SCMRatisServerImpl (SCMRatisServerImpl.java:addSCM(291)) - 6a981e52-99aa-4707-bfae-4a3cfe894454: Submitting SetConfiguration request to Ratis server with new SCM peers list: [6a981e52-99aa-4707-bfae-4a3cfe894454|rpc:localhost:13552|admin:|client:|dataStream:|priority:0, 4d48cbeb-2102-4f2b-b398-c18ce09455c6|rpc:localhost:13562|priority:0]
2022-01-10 11:12:06,698 [IPC Server handler 2 on default port 13554] INFO  server.RaftServer$Division (RaftServerImpl.java:setConfigurationAsync(974)) - 6a981e52-99aa-4707-bfae-4a3cfe894454@group-E3265CC39D2B: receive setConfiguration SetConfigurationRequest:client-51A49A9BF778->6a981e52-99aa-4707-bfae-4a3cfe894454@group-E3265CC39D2B, cid=0, seq=0, RW, null, peers:[6a981e52-99aa-4707-bfae-4a3cfe894454|rpc:localhost:13552|admin:|client:|dataStream:|priority:0, 4d48cbeb-2102-4f2b-b398-c18ce09455c6|rpc:localhost:13562|priority:0]
2022-01-10 11:12:06,698 [IPC Server handler 2 on default port 13554] INFO  server.RaftServer$Division (LeaderStateImpl.java:startSetConfiguration(358)) - 6a981e52-99aa-4707-bfae-4a3cfe894454@group-E3265CC39D2B-LeaderStateImpl: startSetConfiguration SetConfigurationRequest:client-51A49A9BF778->6a981e52-99aa-4707-bfae-4a3cfe894454@group-E3265CC39D2B, cid=0, seq=0, RW, null, peers:[6a981e52-99aa-4707-bfae-4a3cfe894454|rpc:localhost:13552|admin:|client:|dataStream:|priority:0, 4d48cbeb-2102-4f2b-b398-c18ce09455c6|rpc:localhost:13562|priority:0]
2022-01-10 11:12:06,698 [IPC Server handler 2 on default port 13554] INFO  server.RaftServerConfigKeys (ConfUtils.java:logGet(44)) - raft.server.log.appender.snapshot.chunk.size.max = 16MB (=16777216) (default)
2022-01-10 11:12:06,698 [IPC Server handler 2 on default port 13554] INFO  server.RaftServerConfigKeys (ConfUtils.java:logGet(44)) - raft.server.log.appender.buffer.byte-limit = 33554432 (custom)
2022-01-10 11:12:06,698 [IPC Server handler 2 on default port 13554] INFO  server.RaftServerConfigKeys (ConfUtils.java:logGet(44)) - raft.server.log.appender.buffer.element-limit = 1024 (custom)
2022-01-10 11:12:06,699 [IPC Server handler 2 on default port 13554] INFO  grpc.GrpcConfigKeys (ConfUtils.java:logGet(44)) - raft.grpc.server.leader.outstanding.appends.max = 128 (default)
2022-01-10 11:12:06,699 [IPC Server handler 2 on default port 13554] INFO  server.RaftServerConfigKeys (ConfUtils.java:logGet(44)) - raft.server.rpc.request.timeout = 30000ms (custom)
2022-01-10 11:12:06,699 [IPC Server handler 2 on default port 13554] INFO  server.RaftServerConfigKeys (ConfUtils.java:logGet(44)) - raft.server.log.appender.install.snapshot.enabled = false (custom)
2022-01-10 11:12:06,702 [6a981e52-99aa-4707-bfae-4a3cfe894454@group-E3265CC39D2B->4d48cbeb-2102-4f2b-b398-c18ce09455c6-GrpcLogAppender-LogAppenderDaemon] INFO  server.GrpcLogAppender (GrpcLogAppender.java:installSnapshot(550)) - 6a981e52-99aa-4707-bfae-4a3cfe894454@group-E3265CC39D2B->4d48cbeb-2102-4f2b-b398-c18ce09455c6-GrpcLogAppender: followerNextIndex = 0 but logStartIndex = 0, notify follower to install snapshot-(t:2, i:2)
2022-01-10 11:12:06,703 [6a981e52-99aa-4707-bfae-4a3cfe894454@group-E3265CC39D2B->4d48cbeb-2102-4f2b-b398-c18ce09455c6-GrpcLogAppender-LogAppenderDaemon] INFO  server.GrpcLogAppender (GrpcLogAppender.java:installSnapshot(558)) - 6a981e52-99aa-4707-bfae-4a3cfe894454@group-E3265CC39D2B->4d48cbeb-2102-4f2b-b398-c18ce09455c6-GrpcLogAppender: send 6a981e52-99aa-4707-bfae-4a3cfe894454->4d48cbeb-2102-4f2b-b398-c18ce09455c6#0-t2,notify:(t:2, i:2)
2022-01-10 11:12:06,744 [grpc-default-executor-0] INFO  server.RaftServer$Division (RaftServerImpl.java:installSnapshot(1332)) - 4d48cbeb-2102-4f2b-b398-c18ce09455c6@group-E3265CC39D2B: receive installSnapshot: 6a981e52-99aa-4707-bfae-4a3cfe894454->4d48cbeb-2102-4f2b-b398-c18ce09455c6#0-t2,notify:(t:2, i:2)
2022-01-10 11:12:06,745 [grpc-default-executor-0] INFO  ha.SCMStateMachine (SCMStateMachine.java:notifyLeaderChanged(255)) - leader changed, yet current SCM is still follower.
2022-01-10 11:12:06,745 [grpc-default-executor-0] INFO  server.RaftServer$Division (ServerState.java:setLeader(285)) - 4d48cbeb-2102-4f2b-b398-c18ce09455c6@group-E3265CC39D2B: change Leader from null to 6a981e52-99aa-4707-bfae-4a3cfe894454 at term 2 for installSnapshot, leader elected after 209ms
2022-01-10 11:12:06,745 [grpc-default-executor-0] INFO  server.RaftServer$Division (RaftServerImpl.java:notifyStateMachineToInstallSnapshot(1551)) - 4d48cbeb-2102-4f2b-b398-c18ce09455c6@group-E3265CC39D2B: Received notification to install snapshot at index 2
2022-01-10 11:12:06,746 [grpc-default-executor-0] INFO  server.RaftServer$Division (RaftServerImpl.java:notifyStateMachineToInstallSnapshot(1582)) - 4d48cbeb-2102-4f2b-b398-c18ce09455c6@group-E3265CC39D2B: notifyInstallSnapshot: nextIndex is 0 but the leader's first available index is 2.
2022-01-10 11:12:06,746 [grpc-default-executor-0] INFO  ha.SCMStateMachine (SCMStateMachine.java:notifyInstallSnapshotFromLeader(219)) - Received install snapshot notification from SCM leader: localhost:13552 with term index: (t:2, i:2)
2022-01-10 11:12:06,747 [pool-231-thread-1] INFO  ha.SCMHAManagerImpl (SCMHAManagerImpl.java:getDBCheckpointFromLeader(206)) - Downloading checkpoint from leader SCM scmNode-1 and reloading state from the checkpoint.
2022-01-10 11:12:06,770 [grpc-default-executor-2] INFO  ha.SCMDBCheckpointProvider (SCMDBCheckpointProvider.java:writeDBCheckPointToSream(48)) - Received request to obtain SCM DB checkpoint snapshot
2022-01-10 11:12:06,780 [grpc-default-executor-2] INFO  db.RDBCheckpointManager (RDBCheckpointManager.java:createCheckpoint(86)) - Created checkpoint at /home/runner/work/ozone/ozone/hadoop-ozone/integration-test/target/test-dir/MiniOzoneClusterImpl-7d1a95dd-ad38-4e88-9004-e3265cc39d2b/scmNode-1/db.checkpoints/scm.db_checkpoint_1641813126771 in 9 milliseconds
2022-01-10 11:12:06,793 [grpc-default-executor-2] INFO  ha.SCMGrpcOutputStream (SCMGrpcOutputStream.java:close(111)) - Sent 4422 bytes for cluster 7d1a95dd-ad38-4e88-9004-e3265cc39d2b
2022-01-10 11:12:06,794 [grpc-default-executor-2] INFO  ha.SCMDBCheckpointProvider (SCMDBCheckpointProvider.java:writeDBCheckPointToSream(73)) - Time taken to write the checkpoint to response output stream: 13 milliseconds
2022-01-10 11:12:06,794 [grpc-default-executor-2] INFO  db.RocksDBCheckpoint (RocksDBCheckpoint.java:cleanupCheckpoint(78)) - Cleaning up RocksDB checkpoint at /home/runner/work/ozone/ozone/hadoop-ozone/integration-test/target/test-dir/MiniOzoneClusterImpl-7d1a95dd-ad38-4e88-9004-e3265cc39d2b/scmNode-1/db.checkpoints/scm.db_checkpoint_1641813126771
2022-01-10 11:12:06,801 [grpc-default-executor-1] INFO  ha.InterSCMGrpcClient (InterSCMGrpcClient.java:onCompleted(173)) - Checkpoint is downloaded to /home/runner/work/ozone/ozone/hadoop-ozone/integration-test/target/test-dir/MiniOzoneClusterImpl-7d1a95dd-ad38-4e88-9004-e3265cc39d2b/scmNode-2/snapshot/scm.db-scmNode-1-1641813126747.tar.gz
2022-01-10 11:12:06,813 [pool-231-thread-1] INFO  ha.SCMSnapshotProvider (SCMSnapshotProvider.java:getSCMDBSnapshot(131)) - Successfully downloaded latest checkpoint from leader SCM: scmNode-1 path /home/runner/work/ozone/ozone/hadoop-ozone/integration-test/target/test-dir/MiniOzoneClusterImpl-7d1a95dd-ad38-4e88-9004-e3265cc39d2b/scmNode-2/snapshot/scm.db-scmNode-1-1641813126747
2022-01-10 11:12:06,814 [pool-231-thread-1] INFO  ha.SCMHAManagerImpl (SCMHAManagerImpl.java:downloadCheckpointFromLeader(158)) - Downloaded checkpoint from Leader scmNode-1 to the location /home/runner/work/ozone/ozone/hadoop-ozone/integration-test/target/test-dir/MiniOzoneClusterImpl-7d1a95dd-ad38-4e88-9004-e3265cc39d2b/scmNode-2/snapshot/scm.db-scmNode-1-1641813126747
2022-01-10 11:12:06,933 [pool-231-thread-1] INFO  ha.SCMHAManagerImpl (SCMHAManagerImpl.java:verifyCheckpointFromLeader(172)) - Installing checkpoint with SCMTransactionInfo 2#2
2022-01-10 11:12:06,933 [pool-231-thread-1] INFO  server.RaftServer$Division (RaftServerImpl.java:lambda$notifyStateMachineToInstallSnapshot$30(1595)) - 4d48cbeb-2102-4f2b-b398-c18ce09455c6@group-E3265CC39D2B: StateMachine successfully installed snapshot index 2. Reloading the StateMachine.
2022-01-10 11:12:06,933 [pool-231-thread-1] INFO  segmented.SegmentedRaftLogWorker (SegmentedRaftLogWorker.java:lambda$new$0(133)) - 4d48cbeb-2102-4f2b-b398-c18ce09455c6@group-E3265CC39D2B-SegmentedRaftLogWorker: flushIndex: setUnconditionally -1 -> 2
2022-01-10 11:12:06,933 [pool-231-thread-1] INFO  segmented.SegmentedRaftLogWorker (SegmentedRaftLogWorker.java:lambda$new$0(133)) - 4d48cbeb-2102-4f2b-b398-c18ce09455c6@group-E3265CC39D2B-SegmentedRaftLogWorker: safeCacheEvictIndex: setUnconditionally -1 -> 2
2022-01-10 11:12:06,934 [pool-231-thread-1] INFO  raftlog.RaftLog (RaftLogBase.java:lambda$new$0(53)) - 4d48cbeb-2102-4f2b-b398-c18ce09455c6@group-E3265CC39D2B-SegmentedRaftLog: snapshotIndex: updateIncreasingly -1 -> 2
2022-01-10 11:12:06,938 [grpc-default-executor-0] INFO  server.RaftServer$Division (RaftServerImpl.java:notifyStateMachineToInstallSnapshot(1638)) - 4d48cbeb-2102-4f2b-b398-c18ce09455c6@group-E3265CC39D2B: InstallSnapshot notification result: SNAPSHOT_INSTALLED, at index: 2
2022-01-10 11:12:06,938 [grpc-default-executor-0] INFO  server.RaftServer$Division (RaftServerImpl.java:installSnapshotImpl(1462)) - 4d48cbeb-2102-4f2b-b398-c18ce09455c6@group-E3265CC39D2B: set new configuration index: 1
configurationEntry {
  peers {
    id: "6a981e52-99aa-4707-bfae-4a3cfe894454"
    address: "localhost:13552"
  }
}
 from snapshot
2022-01-10 11:12:06,940 [grpc-default-executor-0] INFO  server.RaftServer$Division (ServerState.java:setRaftConf(387)) - 4d48cbeb-2102-4f2b-b398-c18ce09455c6@group-E3265CC39D2B: set configuration 1: [6a981e52-99aa-4707-bfae-4a3cfe894454|rpc:localhost:13552|admin:|client:|dataStream:|priority:0], old=null
2022-01-10 11:12:06,940 [grpc-default-executor-0] INFO  server.RaftServer$Division (RaftServerImpl.java:installSnapshot(1343)) - 4d48cbeb-2102-4f2b-b398-c18ce09455c6@group-E3265CC39D2B: reply installSnapshot: 6a981e52-99aa-4707-bfae-4a3cfe894454<-4d48cbeb-2102-4f2b-b398-c18ce09455c6#0:FAIL-t0,SNAPSHOT_INSTALLED,snapshotIndex=2
2022-01-10 11:12:06,940 [grpc-default-executor-0] INFO  server.GrpcServerProtocolService (GrpcServerProtocolService.java:onCompleted(140)) - 4d48cbeb-2102-4f2b-b398-c18ce09455c6: Completed INSTALL_SNAPSHOT, lastRequest: 6a981e52-99aa-4707-bfae-4a3cfe894454->4d48cbeb-2102-4f2b-b398-c18ce09455c6#0-t2,notify:(t:2, i:2)
2022-01-10 11:12:06,944 [grpc-default-executor-1] INFO  server.GrpcLogAppender (GrpcLogAppender.java:onNext(410)) - 6a981e52-99aa-4707-bfae-4a3cfe894454@group-E3265CC39D2B->4d48cbeb-2102-4f2b-b398-c18ce09455c6-InstallSnapshotResponseHandler: received the first reply 6a981e52-99aa-4707-bfae-4a3cfe894454<-4d48cbeb-2102-4f2b-b398-c18ce09455c6#0:FAIL-t0,SNAPSHOT_INSTALLED,snapshotIndex=2
2022-01-10 11:12:06,944 [grpc-default-executor-1] INFO  server.GrpcLogAppender (GrpcLogAppender.java:onNext(450)) - 6a981e52-99aa-4707-bfae-4a3cfe894454@group-E3265CC39D2B->4d48cbeb-2102-4f2b-b398-c18ce09455c6-InstallSnapshotResponseHandler: Follower installed snapshot at index 2
2022-01-10 11:12:06,944 [grpc-default-executor-1] INFO  leader.FollowerInfo (FollowerInfoImpl.java:lambda$new$0(47)) - 6a981e52-99aa-4707-bfae-4a3cfe894454@group-E3265CC39D2B->4d48cbeb-2102-4f2b-b398-c18ce09455c6: snapshotIndex: setUnconditionally 0 -> 2
2022-01-10 11:12:06,944 [grpc-default-executor-1] INFO  leader.FollowerInfo (FollowerInfoImpl.java:lambda$new$0(47)) - 6a981e52-99aa-4707-bfae-4a3cfe894454@group-E3265CC39D2B->4d48cbeb-2102-4f2b-b398-c18ce09455c6: matchIndex: setUnconditionally 0 -> 2
2022-01-10 11:12:06,944 [grpc-default-executor-1] INFO  leader.FollowerInfo (FollowerInfoImpl.java:lambda$new$0(47)) - 6a981e52-99aa-4707-bfae-4a3cfe894454@group-E3265CC39D2B->4d48cbeb-2102-4f2b-b398-c18ce09455c6: nextIndex: setUnconditionally 0 -> 3
2022-01-10 11:12:06,944 [grpc-default-executor-1] INFO  leader.FollowerInfo (FollowerInfoImpl.java:setAttemptedToInstallSnapshot(116)) - Follower 6a981e52-99aa-4707-bfae-4a3cfe894454@group-E3265CC39D2B->4d48cbeb-2102-4f2b-b398-c18ce09455c6 acknowledged installing snapshot
2022-01-10 11:12:06,944 [grpc-default-executor-1] INFO  leader.FollowerInfo (FollowerInfoImpl.java:lambda$new$0(47)) - 6a981e52-99aa-4707-bfae-4a3cfe894454@group-E3265CC39D2B->4d48cbeb-2102-4f2b-b398-c18ce09455c6: nextIndex: updateToMax old=3, new=3, updated? false
2022-01-10 11:12:06,947 [grpc-default-executor-0] INFO  impl.RoleInfo (RoleInfo.java:updateAndGet(130)) - 4d48cbeb-2102-4f2b-b398-c18ce09455c6: start 4d48cbeb-2102-4f2b-b398-c18ce09455c6@group-E3265CC39D2B-FollowerState
2022-01-10 11:12:07,019 [4d48cbeb-2102-4f2b-b398-c18ce09455c6@group-E3265CC39D2B-StateMachineUpdater] INFO  ha.SCMHAManagerImpl (SCMHAManagerImpl.java:installCheckpoint(227)) - Installing checkpoint with SCMTransactionInfo 2#2
2022-01-10 11:12:07,026 [4d48cbeb-2102-4f2b-b398-c18ce09455c6@group-E3265CC39D2B-StateMachineUpdater] INFO  ha.SCMHAManagerImpl (SCMHAManagerImpl.java:installCheckpoint(266)) - Replaced DB with checkpoint, term: 2, index: 2
2022-01-10 11:12:07,030 [4d48cbeb-2102-4f2b-b398-c18ce09455c6@group-E3265CC39D2B-StateMachineUpdater] WARN  utils.HAUtils (HAUtils.java:getMetaDir(342)) - ozone.scm.db.dirs is not configured. We recommend adding this setting. Falling back to ozone.metadata.dirs instead.
2022-01-10 11:12:07,030 [4d48cbeb-2102-4f2b-b398-c18ce09455c6@group-E3265CC39D2B-StateMachineUpdater] WARN  db.DBStoreBuilder (DBStoreBuilder.java:applyDBDefinition(145)) - ozone.scm.db.dirs is not configured. We recommend adding this setting. Falling back to ozone.metadata.dirs instead.
2022-01-10 11:12:07,141 [4d48cbeb-2102-4f2b-b398-c18ce09455c6@group-E3265CC39D2B-StateMachineUpdater] INFO  ha.SequenceIdGenerator (SequenceIdGenerator.java:reinitialize(166)) - reinitialize SequenceIdGenerator.
2022-01-10 11:12:07,142 [4d48cbeb-2102-4f2b-b398-c18ce09455c6@group-E3265CC39D2B-StateMachineUpdater] INFO  pipeline.PipelineStateManagerImpl (PipelineStateManagerImpl.java:initialize(78)) - No pipeline exists in current db
2022-01-10 11:12:07,142 [4d48cbeb-2102-4f2b-b398-c18ce09455c6@group-E3265CC39D2B-StateMachineUpdater] INFO  ha.SCMHAManagerImpl (SCMHAManagerImpl.java:installCheckpoint(277)) - Reloaded SCM state with Term: 2 and Index: 2
2022-01-10 11:12:07,142 [4d48cbeb-2102-4f2b-b398-c18ce09455c6@group-E3265CC39D2B-StateMachineUpdater] INFO  impl.StateMachineUpdater (StateMachineUpdater.java:lambda$new$0(89)) - 4d48cbeb-2102-4f2b-b398-c18ce09455c6@group-E3265CC39D2B-StateMachineUpdater: snapshotIndex: setUnconditionally -1 -> 2
2022-01-10 11:12:07,143 [4d48cbeb-2102-4f2b-b398-c18ce09455c6@group-E3265CC39D2B-StateMachineUpdater] INFO  impl.StateMachineUpdater (StateMachineUpdater.java:lambda$new$0(89)) - 4d48cbeb-2102-4f2b-b398-c18ce09455c6@group-E3265CC39D2B-StateMachineUpdater: appliedIndex: setUnconditionally -1 -> 2
2022-01-10 11:12:07,404 [EndpointStateMachine task thread for /127.0.0.1:14073 - 0 ] INFO  ipc.Client (Client.java:handleConnectionFailure(977)) - Retrying connect to server: localhost/127.0.0.1:14073. Already tried 5 time(s); retry policy is RetryUpToMaximumCountWithFixedSleep(maxRetries=15, sleepTime=1000 MILLISECONDS)
2022-01-10 11:12:07,405 [EndpointStateMachine task thread for /127.0.0.1:14063 - 0 ] INFO  ipc.Client (Client.java:handleConnectionFailure(977)) - Retrying connect to server: localhost/127.0.0.1:14063. Already tried 2 time(s); retry policy is RetryUpToMaximumCountWithFixedSleep(maxRetries=15, sleepTime=1000 MILLISECONDS)
2022-01-10 11:12:07,516 [EndpointStateMachine task thread for /127.0.0.1:14053 - 0 ] INFO  ipc.Client (Client.java:handleConnectionFailure(977)) - Retrying connect to server: localhost/127.0.0.1:14053. Already tried 5 time(s); retry policy is RetryUpToMaximumCountWithFixedSleep(maxRetries=15, sleepTime=1000 MILLISECONDS)
2022-01-10 11:12:08,405 [EndpointStateMachine task thread for /127.0.0.1:14073 - 0 ] INFO  ipc.Client (Client.java:handleConnectionFailure(977)) - Retrying connect to server: localhost/127.0.0.1:14073. Already tried 6 time(s); retry policy is RetryUpToMaximumCountWithFixedSleep(maxRetries=15, sleepTime=1000 MILLISECONDS)
2022-01-10 11:12:08,408 [EndpointStateMachine task thread for /127.0.0.1:14063 - 0 ] INFO  ipc.Client (Client.java:handleConnectionFailure(977)) - Retrying connect to server: localhost/127.0.0.1:14063. Already tried 3 time(s); retry policy is RetryUpToMaximumCountWithFixedSleep(maxRetries=15, sleepTime=1000 MILLISECONDS)
2022-01-10 11:12:08,516 [EndpointStateMachine task thread for /127.0.0.1:14053 - 0 ] INFO  ipc.Client (Client.java:handleConnectionFailure(977)) - Retrying connect to server: localhost/127.0.0.1:14053. Already tried 6 time(s); retry policy is RetryUpToMaximumCountWithFixedSleep(maxRetries=15, sleepTime=1000 MILLISECONDS)
2022-01-10 11:12:09,406 [EndpointStateMachine task thread for /127.0.0.1:14073 - 0 ] INFO  ipc.Client (Client.java:handleConnectionFailure(977)) - Retrying connect to server: localhost/127.0.0.1:14073. Already tried 7 time(s); retry policy is RetryUpToMaximumCountWithFixedSleep(maxRetries=15, sleepTime=1000 MILLISECONDS)
2022-01-10 11:12:09,409 [EndpointStateMachine task thread for /127.0.0.1:14063 - 0 ] INFO  ipc.Client (Client.java:handleConnectionFailure(977)) - Retrying connect to server: localhost/127.0.0.1:14063. Already tried 4 time(s); retry policy is RetryUpToMaximumCountWithFixedSleep(maxRetries=15, sleepTime=1000 MILLISECONDS)
2022-01-10 11:12:09,517 [EndpointStateMachine task thread for /127.0.0.1:14053 - 0 ] INFO  ipc.Client (Client.java:handleConnectionFailure(977)) - Retrying connect to server: localhost/127.0.0.1:14053. Already tried 7 time(s); retry policy is RetryUpToMaximumCountWithFixedSleep(maxRetries=15, sleepTime=1000 MILLISECONDS)
2022-01-10 11:12:10,149 [6a981e52-99aa-4707-bfae-4a3cfe894454@group-E3265CC39D2B-LeaderStateImpl] INFO  server.RaftServer$Division (ServerState.java:setRaftConf(387)) - 6a981e52-99aa-4707-bfae-4a3cfe894454@group-E3265CC39D2B: set configuration 3: [4d48cbeb-2102-4f2b-b398-c18ce09455c6|rpc:localhost:13562|priority:0, 6a981e52-99aa-4707-bfae-4a3cfe894454|rpc:localhost:13552|admin:|client:|dataStream:|priority:0], old=[6a981e52-99aa-4707-bfae-4a3cfe894454|rpc:localhost:13552|admin:|client:|dataStream:|priority:0]
2022-01-10 11:12:10,152 [grpc-default-executor-0] INFO  server.RaftServer$Division (ServerState.java:setRaftConf(387)) - 4d48cbeb-2102-4f2b-b398-c18ce09455c6@group-E3265CC39D2B: set configuration 3: [4d48cbeb-2102-4f2b-b398-c18ce09455c6|rpc:localhost:13562|admin:|client:|dataStream:|priority:0, 6a981e52-99aa-4707-bfae-4a3cfe894454|rpc:localhost:13552|admin:|client:|dataStream:|priority:0], old=[6a981e52-99aa-4707-bfae-4a3cfe894454|rpc:localhost:13552|admin:|client:|dataStream:|priority:0]
2022-01-10 11:12:10,153 [grpc-default-executor-0] INFO  segmented.SegmentedRaftLogWorker (SegmentedRaftLogWorker.java:startLogSegment(394)) - 4d48cbeb-2102-4f2b-b398-c18ce09455c6@group-E3265CC39D2B-SegmentedRaftLogWorker: Starting segment from index:3
2022-01-10 11:12:10,165 [4d48cbeb-2102-4f2b-b398-c18ce09455c6@group-E3265CC39D2B-SegmentedRaftLogWorker] INFO  segmented.SegmentedRaftLogWorker (SegmentedRaftLogWorker.java:execute(601)) - 4d48cbeb-2102-4f2b-b398-c18ce09455c6@group-E3265CC39D2B-SegmentedRaftLogWorker: created new log segment /home/runner/work/ozone/ozone/hadoop-ozone/integration-test/target/test-dir/MiniOzoneClusterImpl-7d1a95dd-ad38-4e88-9004-e3265cc39d2b/scmNode-2/scm-ha/7d1a95dd-ad38-4e88-9004-e3265cc39d2b/current/log_inprogress_3
2022-01-10 11:12:10,182 [6a981e52-99aa-4707-bfae-4a3cfe894454@group-E3265CC39D2B-LeaderStateImpl] INFO  server.RaftServer$Division (ServerState.java:setRaftConf(387)) - 6a981e52-99aa-4707-bfae-4a3cfe894454@group-E3265CC39D2B: set configuration 5: [4d48cbeb-2102-4f2b-b398-c18ce09455c6|rpc:localhost:13562|priority:0, 6a981e52-99aa-4707-bfae-4a3cfe894454|rpc:localhost:13552|admin:|client:|dataStream:|priority:0], old=null
2022-01-10 11:12:10,183 [grpc-default-executor-0] INFO  server.RaftServer$Division (ServerState.java:setRaftConf(387)) - 4d48cbeb-2102-4f2b-b398-c18ce09455c6@group-E3265CC39D2B: set configuration 5: [4d48cbeb-2102-4f2b-b398-c18ce09455c6|rpc:localhost:13562|admin:|client:|dataStream:|priority:0, 6a981e52-99aa-4707-bfae-4a3cfe894454|rpc:localhost:13552|admin:|client:|dataStream:|priority:0], old=null
2022-01-10 11:12:10,190 [4d48cbeb-2102-4f2b-b398-c18ce09455c6@group-E3265CC39D2B-StateMachineUpdater] INFO  safemode.HealthyPipelineSafeModeRule (HealthyPipelineSafeModeRule.java:initializeRule(152)) - Refreshed total pipeline count is 0, healthy pipeline threshold count is 1
2022-01-10 11:12:10,190 [4d48cbeb-2102-4f2b-b398-c18ce09455c6@group-E3265CC39D2B-StateMachineUpdater] INFO  safemode.ContainerSafeModeRule (ContainerSafeModeRule.java:reInitializeRule(177)) - Refreshed one replica container threshold 0, currentThreshold 0
2022-01-10 11:12:10,190 [4d48cbeb-2102-4f2b-b398-c18ce09455c6@group-E3265CC39D2B-StateMachineUpdater] INFO  safemode.OneReplicaPipelineSafeModeRule (OneReplicaPipelineSafeModeRule.java:initializeRule(176)) - Refreshed Total pipeline count is 0, pipeline's with at least one datanode reported threshold count is 0
2022-01-10 11:12:10,190 [4d48cbeb-2102-4f2b-b398-c18ce09455c6@group-E3265CC39D2B-StateMachineUpdater] INFO  server.SCMDatanodeProtocolServer (SCMDatanodeProtocolServer.java:start(181)) - ScmDatanodeProtocol RPC server for DataNodes is listening at /0.0.0.0:13563
2022-01-10 11:12:10,193 [IPC Server listener on 13563] INFO  ipc.Server (Server.java:run(1344)) - IPC Server listener on 13563: starting
2022-01-10 11:12:10,196 [IPC Server Responder] INFO  ipc.Server (Server.java:run(1507)) - IPC Server Responder: starting
2022-01-10 11:12:10,216 [IPC Server handler 2 on default port 13554] INFO  ha.SCMRatisServerImpl (SCMRatisServerImpl.java:addSCM(302)) - Successfully added new SCM: 4d48cbeb-2102-4f2b-b398-c18ce09455c6.
2022-01-10 11:12:10,217 [Listener at 0.0.0.0/13565] INFO  ha.SCMHAManagerImpl (SCMHAManagerImpl.java:start(116)) - Successfully added SCM scmNode-2 to group group-E3265CC39D2B:[4d48cbeb-2102-4f2b-b398-c18ce09455c6|rpc:localhost:13562|admin:|client:|dataStream:|priority:0, 6a981e52-99aa-4707-bfae-4a3cfe894454|rpc:localhost:13552|admin:|client:|dataStream:|priority:0]
2022-01-10 11:12:10,217 [Listener at 0.0.0.0/13565] INFO  ha.InterSCMGrpcService (InterSCMGrpcProtocolService.java:start(94)) - Starting SCM Grpc Service at port 13566
2022-01-10 11:12:10,218 [6a981e52-99aa-4707-bfae-4a3cfe894454@group-E3265CC39D2B-StateMachineUpdater] INFO  ha.SCMStateMachine (SCMStateMachine.java:takeSnapshot(297)) - Current Snapshot Index 5, takeSnapshot took 1 ms
2022-01-10 11:12:10,219 [6a981e52-99aa-4707-bfae-4a3cfe894454@group-E3265CC39D2B-StateMachineUpdater] INFO  impl.StateMachineUpdater (StateMachineUpdater.java:takeSnapshot(281)) - 6a981e52-99aa-4707-bfae-4a3cfe894454@group-E3265CC39D2B-StateMachineUpdater: Took a snapshot at index 5
2022-01-10 11:12:10,219 [6a981e52-99aa-4707-bfae-4a3cfe894454@group-E3265CC39D2B-StateMachineUpdater] INFO  impl.StateMachineUpdater (StateMachineUpdater.java:lambda$new$0(89)) - 6a981e52-99aa-4707-bfae-4a3cfe894454@group-E3265CC39D2B-StateMachineUpdater: snapshotIndex: updateIncreasingly -1 -> 5
2022-01-10 11:12:10,219 [6a981e52-99aa-4707-bfae-4a3cfe894454@group-E3265CC39D2B-StateMachineUpdater] INFO  raftlog.RaftLog (RaftLogBase.java:purge(306)) - 6a981e52-99aa-4707-bfae-4a3cfe894454@group-E3265CC39D2B-SegmentedRaftLog: purge 5
2022-01-10 11:12:10,219 [Listener at 0.0.0.0/13565] INFO  impl.MetricsSystemImpl (MetricsSystemImpl.java:init(158)) - StorageContainerManager metrics system started (again)
2022-01-10 11:12:10,221 [6a981e52-99aa-4707-bfae-4a3cfe894454@group-E3265CC39D2B-StateMachineUpdater] INFO  raftlog.RaftLog (RaftLogBase.java:lambda$new$0(53)) - 6a981e52-99aa-4707-bfae-4a3cfe894454@group-E3265CC39D2B-SegmentedRaftLog: snapshotIndex: updateIncreasingly -1 -> 5
2022-01-10 11:12:10,223 [6a981e52-99aa-4707-bfae-4a3cfe894454@group-E3265CC39D2B-SegmentedRaftLogWorker] INFO  raftlog.RaftLog (RaftLogBase.java:lambda$new$0(53)) - 6a981e52-99aa-4707-bfae-4a3cfe894454@group-E3265CC39D2B-SegmentedRaftLog: purgeIndex: updateToMax old=-1, new=0, updated? true
2022-01-10 11:12:10,262 [Listener at 0.0.0.0/13565] INFO  server.SCMClientProtocolServer (SCMClientProtocolServer.java:start(164)) - RPC server for Client  is listening at /0.0.0.0:13565
2022-01-10 11:12:10,270 [IPC Server Responder] INFO  ipc.Server (Server.java:run(1507)) - IPC Server Responder: starting
2022-01-10 11:12:10,273 [IPC Server listener on 13565] INFO  ipc.Server (Server.java:run(1344)) - IPC Server listener on 13565: starting
2022-01-10 11:12:10,320 [Listener at 0.0.0.0/13565] INFO  server.StorageContainerManager (StorageContainerManager.java:start(1318)) - ScmBlockLocationProtocol RPC server is listening at /0.0.0.0:13564
2022-01-10 11:12:10,336 [Listener at 0.0.0.0/13565] INFO  server.SCMBlockProtocolServer (SCMBlockProtocolServer.java:start(151)) - RPC server for Block Protocol is listening at /0.0.0.0:13564
2022-01-10 11:12:10,340 [IPC Server Responder] INFO  ipc.Server (Server.java:run(1507)) - IPC Server Responder: starting
2022-01-10 11:12:10,343 [IPC Server listener on 13564] INFO  ipc.Server (Server.java:run(1344)) - IPC Server listener on 13564: starting
2022-01-10 11:12:10,387 [Listener at 0.0.0.0/13565] INFO  http.BaseHttpServer (BaseHttpServer.java:newHttpServer2BuilderForOzone(209)) - Starting Web-server for scm at: http://0.0.0.0:13560
2022-01-10 11:12:10,388 [Listener at 0.0.0.0/13565] INFO  http.BaseHttpServer (BaseHttpServer.java:<init>(107)) - Hadoop Security Enabled: false Ozone Security Enabled: false Ozone HTTP Security Enabled: false 
2022-01-10 11:12:10,389 [Listener at 0.0.0.0/13565] INFO  server.AuthenticationFilter (AuthenticationFilter.java:constructSecretProvider(240)) - Unable to initialize FileSignerSecretProvider, falling back to use random secrets.
2022-01-10 11:12:10,390 [org.apache.hadoop.util.JvmPauseMonitor$Monitor@7963767d] INFO  util.JvmPauseMonitor (JvmPauseMonitor.java:run(188)) - Starting JVM pause monitor
2022-01-10 11:12:10,391 [Listener at 0.0.0.0/13565] WARN  http.HttpRequestLog (HttpRequestLog.java:getRequestLog(103)) - Jetty request log can only be enabled using Log4j
2022-01-10 11:12:10,392 [Listener at 0.0.0.0/13565] INFO  http.HttpServer2 (HttpServer2.java:addGlobalFilter(1030)) - Added global filter 'safety' (class=org.apache.hadoop.hdds.server.http.HttpServer2$QuotingInputFilter)
2022-01-10 11:12:10,393 [Listener at 0.0.0.0/13565] INFO  http.HttpServer2 (HttpServer2.java:addFilter(1006)) - Added filter static_user_filter (class=org.apache.hadoop.http.lib.StaticUserWebFilter$StaticUserFilter) to context scm
2022-01-10 11:12:10,393 [Listener at 0.0.0.0/13565] INFO  http.HttpServer2 (HttpServer2.java:addFilter(1014)) - Added filter static_user_filter (class=org.apache.hadoop.http.lib.StaticUserWebFilter$StaticUserFilter) to context static
2022-01-10 11:12:10,393 [Listener at 0.0.0.0/13565] INFO  http.HttpServer2 (HttpServer2.java:addFilter(1014)) - Added filter static_user_filter (class=org.apache.hadoop.http.lib.StaticUserWebFilter$StaticUserFilter) to context logs
2022-01-10 11:12:10,394 [Listener at 0.0.0.0/13565] INFO  http.HttpServer2 (HttpServer2.java:bindListener(1249)) - Jetty bound to port 13560
2022-01-10 11:12:10,394 [Listener at 0.0.0.0/13565] INFO  server.Server (Server.java:doStart(375)) - jetty-9.4.43.v20210629; built: 2021-06-30T11:07:22.254Z; git: 526006ecfa3af7f1a27ef3a288e2bef7ea9dd7e8; jvm 1.8.0_292-b10
2022-01-10 11:12:10,406 [EndpointStateMachine task thread for /127.0.0.1:14073 - 0 ] INFO  ipc.Client (Client.java:handleConnectionFailure(977)) - Retrying connect to server: localhost/127.0.0.1:14073. Already tried 8 time(s); retry policy is RetryUpToMaximumCountWithFixedSleep(maxRetries=15, sleepTime=1000 MILLISECONDS)
2022-01-10 11:12:10,409 [EndpointStateMachine task thread for /127.0.0.1:14063 - 0 ] INFO  ipc.Client (Client.java:handleConnectionFailure(977)) - Retrying connect to server: localhost/127.0.0.1:14063. Already tried 5 time(s); retry policy is RetryUpToMaximumCountWithFixedSleep(maxRetries=15, sleepTime=1000 MILLISECONDS)
2022-01-10 11:12:10,419 [Listener at 0.0.0.0/13565] INFO  server.session (DefaultSessionIdManager.java:doStart(334)) - DefaultSessionIdManager workerName=node0
2022-01-10 11:12:10,419 [Listener at 0.0.0.0/13565] INFO  server.session (DefaultSessionIdManager.java:doStart(339)) - No SessionScavenger set, using defaults
2022-01-10 11:12:10,419 [Listener at 0.0.0.0/13565] INFO  server.session (HouseKeeper.java:startScavenging(132)) - node0 Scavenging every 600000ms
2022-01-10 11:12:10,425 [Listener at 0.0.0.0/13565] INFO  handler.ContextHandler (ContextHandler.java:doStart(915)) - Started o.e.j.s.ServletContextHandler@270d54ea{logs,/logs,file:///home/runner/work/ozone/ozone/hadoop-ozone/integration-test/target/log,AVAILABLE}
2022-01-10 11:12:10,425 [Listener at 0.0.0.0/13565] INFO  handler.ContextHandler (ContextHandler.java:doStart(915)) - Started o.e.j.s.ServletContextHandler@78363803{static,/static,file:///home/runner/work/ozone/ozone/hadoop-ozone/integration-test/target/test-classes/webapps/static,AVAILABLE}
2022-01-10 11:12:10,429 [Listener at 0.0.0.0/13565] INFO  handler.ContextHandler (ContextHandler.java:doStart(915)) - Started o.e.j.w.WebAppContext@1040bcfb{scm,/,file:///home/runner/work/ozone/ozone/hadoop-ozone/integration-test/target/test-classes/webapps/scm/,AVAILABLE}{file:/home/runner/work/ozone/ozone/hadoop-ozone/integration-test/target/test-classes/webapps/scm}
2022-01-10 11:12:10,434 [Listener at 0.0.0.0/13565] INFO  server.AbstractConnector (AbstractConnector.java:doStart(331)) - Started ServerConnector@52b8633c{HTTP/1.1, (http/1.1)}{0.0.0.0:13560}
2022-01-10 11:12:10,435 [Listener at 0.0.0.0/13565] INFO  server.Server (Server.java:doStart(415)) - Started @95711ms
2022-01-10 11:12:10,435 [Listener at 0.0.0.0/13565] WARN  impl.MetricsSystemImpl (MetricsSystemImpl.java:register(279)) - Sink prometheus already exists!
2022-01-10 11:12:10,437 [Listener at 0.0.0.0/13565] INFO  http.BaseHttpServer (BaseHttpServer.java:updateConnectorAddress(329)) - HTTP server of scm listening at http://0.0.0.0:13560
2022-01-10 11:12:10,437 [Listener at 0.0.0.0/13565] INFO  ozone.MiniOzoneHAClusterImpl (MiniOzoneHAClusterImpl.java:createSCMService(577)) - Started SCM RPC server at org.apache.hadoop.hdds.scm.server.SCMClientProtocolServer@74921a
2022-01-10 11:12:10,449 [Listener at 0.0.0.0/13565] INFO  ha.SCMHANodeDetails (SCMHANodeDetails.java:loadSCMHAConfig(157)) - ServiceID for StorageContainerManager is scm-service-test1
2022-01-10 11:12:10,449 [Listener at 0.0.0.0/13565] INFO  ha.SCMHANodeDetails (SCMHANodeDetails.java:loadSCMHAConfig(168)) - ServiceID for StorageContainerManager is scm-service-test1
2022-01-10 11:12:10,449 [Listener at 0.0.0.0/13565] WARN  scm.ScmUtils (ScmUtils.java:logWarn(179)) - ConfigKey ozone.scm.block.client.address is deprecated, For configuring different ports for each SCM use PortConfigKey ozone.scm.block.client.port appended with serviceId and nodeId. If want to configure same port configure ozone.scm.block.client.port
2022-01-10 11:12:10,449 [Listener at 0.0.0.0/13565] WARN  scm.ScmUtils (ScmUtils.java:logWarn(179)) - ConfigKey ozone.scm.client.address is deprecated, For configuring different ports for each SCM use PortConfigKey ozone.scm.client.port appended with serviceId and nodeId. If want to configure same port configure ozone.scm.client.port
2022-01-10 11:12:10,449 [Listener at 0.0.0.0/13565] WARN  scm.ScmUtils (ScmUtils.java:logWarn(179)) - ConfigKey ozone.scm.datanode.address is deprecated, For configuring different ports for each SCM use PortConfigKey ozone.scm.datanode.port appended with serviceId and nodeId. If want to configure same port configure ozone.scm.datanode.port
2022-01-10 11:12:10,455 [Listener at 0.0.0.0/13565] WARN  scm.ScmUtils (ScmUtils.java:logWarn(179)) - ConfigKey ozone.scm.block.client.address is deprecated, For configuring different ports for each SCM use PortConfigKey ozone.scm.block.client.port appended with serviceId and nodeId. If want to configure same port configure ozone.scm.block.client.port
2022-01-10 11:12:10,456 [Listener at 0.0.0.0/13565] WARN  scm.ScmUtils (ScmUtils.java:logWarn(179)) - ConfigKey ozone.scm.client.address is deprecated, For configuring different ports for each SCM use PortConfigKey ozone.scm.client.port appended with serviceId and nodeId. If want to configure same port configure ozone.scm.client.port
2022-01-10 11:12:10,456 [Listener at 0.0.0.0/13565] WARN  scm.ScmUtils (ScmUtils.java:logWarn(179)) - ConfigKey ozone.scm.datanode.address is deprecated, For configuring different ports for each SCM use PortConfigKey ozone.scm.datanode.port appended with serviceId and nodeId. If want to configure same port configure ozone.scm.datanode.port
2022-01-10 11:12:10,457 [Listener at 0.0.0.0/13565] INFO  ha.SCMHANodeDetails (SCMHANodeDetails.java:loadSCMHAConfig(250)) - Found matching SCM address with SCMServiceId: scm-service-test1, SCMNodeId: scmNode-3, RPC Address: localhost:13572 and Ratis port: 13572
2022-01-10 11:12:10,457 [Listener at 0.0.0.0/13565] INFO  ha.SCMHANodeDetails (ConfUtils.java:setNodeSpecificConfigs(108)) - Setting configuration key ozone.scm.datanode.address with value of key ozone.scm.datanode.address.scm-service-test1.scmNode-3: 127.0.0.1:13573
2022-01-10 11:12:10,457 [Listener at 0.0.0.0/13565] INFO  ha.SCMHANodeDetails (ConfUtils.java:setNodeSpecificConfigs(108)) - Setting configuration key ozone.scm.block.client.address with value of key ozone.scm.block.client.address.scm-service-test1.scmNode-3: 127.0.0.1:13574
2022-01-10 11:12:10,459 [Listener at 0.0.0.0/13565] INFO  ha.SCMHANodeDetails (ConfUtils.java:setNodeSpecificConfigs(108)) - Setting configuration key ozone.scm.client.address with value of key ozone.scm.client.address.scm-service-test1.scmNode-3: 127.0.0.1:13575
2022-01-10 11:12:10,459 [Listener at 0.0.0.0/13565] INFO  ha.SCMHANodeDetails (ConfUtils.java:setNodeSpecificConfigs(108)) - Setting configuration key ozone.scm.ratis.port with value of key ozone.scm.ratis.port.scm-service-test1.scmNode-3: 13572
2022-01-10 11:12:10,459 [Listener at 0.0.0.0/13565] INFO  ha.SCMHANodeDetails (ConfUtils.java:setNodeSpecificConfigs(108)) - Setting configuration key ozone.scm.grpc.port with value of key ozone.scm.grpc.port.scm-service-test1.scmNode-3: 13576
2022-01-10 11:12:10,459 [Listener at 0.0.0.0/13565] INFO  ha.SCMHANodeDetails (ConfUtils.java:setNodeSpecificConfigs(108)) - Setting configuration key ozone.scm.http-address with value of key ozone.scm.http-address.scm-service-test1.scmNode-3: 127.0.0.1:13570
2022-01-10 11:12:10,460 [Listener at 0.0.0.0/13565] INFO  ha.SCMHANodeDetails (ConfUtils.java:setNodeSpecificConfigs(108)) - Setting configuration key ozone.scm.https-address with value of key ozone.scm.https-address.scm-service-test1.scmNode-3: 127.0.0.1:13571
2022-01-10 11:12:10,460 [Listener at 0.0.0.0/13565] INFO  ha.SCMHANodeDetails (ConfUtils.java:setNodeSpecificConfigs(108)) - Setting configuration key ozone.scm.address with value of key ozone.scm.address.scm-service-test1.scmNode-3: 127.0.0.1
2022-01-10 11:12:10,460 [Listener at 0.0.0.0/13565] WARN  scm.ScmUtils (ScmUtils.java:logWarn(179)) - ConfigKey ozone.scm.block.client.address is deprecated, For configuring different ports for each SCM use PortConfigKey ozone.scm.block.client.port appended with serviceId and nodeId. If want to configure same port configure ozone.scm.block.client.port
2022-01-10 11:12:10,460 [Listener at 0.0.0.0/13565] WARN  scm.ScmUtils (ScmUtils.java:logWarn(179)) - ConfigKey ozone.scm.client.address is deprecated, For configuring different ports for each SCM use PortConfigKey ozone.scm.client.port appended with serviceId and nodeId. If want to configure same port configure ozone.scm.client.port
2022-01-10 11:12:10,460 [Listener at 0.0.0.0/13565] WARN  scm.ScmUtils (ScmUtils.java:logWarn(179)) - ConfigKey ozone.scm.datanode.address is deprecated, For configuring different ports for each SCM use PortConfigKey ozone.scm.datanode.port appended with serviceId and nodeId. If want to configure same port configure ozone.scm.datanode.port
2022-01-10 11:12:10,460 [Listener at 0.0.0.0/13565] WARN  server.ServerUtils (ServerUtils.java:getScmDbDir(148)) - ozone.scm.db.dirs is not configured. We recommend adding this setting. Falling back to ozone.metadata.dirs instead.
2022-01-10 11:12:10,462 [Listener at 0.0.0.0/13565] INFO  ha.SCMNodeInfo (SCMNodeInfo.java:getPort(197)) - ConfigKey ozone.scm.client.address is deprecated, For configuring different ports for each SCM use PortConfigKey ozone.scm.client.port appended with serviceId and nodeId
2022-01-10 11:12:10,469 [Listener at 0.0.0.0/13565] INFO  ha.SCMNodeInfo (SCMNodeInfo.java:getPort(197)) - ConfigKey ozone.scm.block.client.address is deprecated, For configuring different ports for each SCM use PortConfigKey ozone.scm.block.client.port appended with serviceId and nodeId
2022-01-10 11:12:10,469 [Listener at 0.0.0.0/13565] INFO  ha.SCMNodeInfo (SCMNodeInfo.java:getPort(197)) - ConfigKey ozone.scm.datanode.address is deprecated, For configuring different ports for each SCM use PortConfigKey ozone.scm.datanode.port appended with serviceId and nodeId
2022-01-10 11:12:10,469 [Listener at 0.0.0.0/13565] INFO  ha.SCMNodeInfo (SCMNodeInfo.java:getPort(197)) - ConfigKey ozone.scm.client.address is deprecated, For configuring different ports for each SCM use PortConfigKey ozone.scm.client.port appended with serviceId and nodeId
2022-01-10 11:12:10,469 [Listener at 0.0.0.0/13565] INFO  ha.SCMNodeInfo (SCMNodeInfo.java:getPort(197)) - ConfigKey ozone.scm.block.client.address is deprecated, For configuring different ports for each SCM use PortConfigKey ozone.scm.block.client.port appended with serviceId and nodeId
2022-01-10 11:12:10,469 [Listener at 0.0.0.0/13565] INFO  ha.SCMNodeInfo (SCMNodeInfo.java:getPort(197)) - ConfigKey ozone.scm.datanode.address is deprecated, For configuring different ports for each SCM use PortConfigKey ozone.scm.datanode.port appended with serviceId and nodeId
2022-01-10 11:12:10,469 [Listener at 0.0.0.0/13565] INFO  ha.SCMNodeInfo (SCMNodeInfo.java:getPort(197)) - ConfigKey ozone.scm.client.address is deprecated, For configuring different ports for each SCM use PortConfigKey ozone.scm.client.port appended with serviceId and nodeId
2022-01-10 11:12:10,469 [Listener at 0.0.0.0/13565] INFO  ha.SCMNodeInfo (SCMNodeInfo.java:getPort(197)) - ConfigKey ozone.scm.block.client.address is deprecated, For configuring different ports for each SCM use PortConfigKey ozone.scm.block.client.port appended with serviceId and nodeId
2022-01-10 11:12:10,470 [Listener at 0.0.0.0/13565] INFO  ha.SCMNodeInfo (SCMNodeInfo.java:getPort(197)) - ConfigKey ozone.scm.datanode.address is deprecated, For configuring different ports for each SCM use PortConfigKey ozone.scm.datanode.port appended with serviceId and nodeId
2022-01-10 11:12:10,488 [Listener at 0.0.0.0/13565] INFO  server.StorageContainerManager (StorageContainerManager.java:scmBootstrap(987)) - SCM BootStrap  is successful for ClusterID 7d1a95dd-ad38-4e88-9004-e3265cc39d2b, SCMID 6a22f154-cb7c-441c-a781-fd6e64cf0c09
2022-01-10 11:12:10,488 [Listener at 0.0.0.0/13565] INFO  server.StorageContainerManager (StorageContainerManager.java:scmBootstrap(989)) - Primary SCM Node ID 6a981e52-99aa-4707-bfae-4a3cfe894454
2022-01-10 11:12:10,488 [Listener at 0.0.0.0/13565] INFO  ha.SCMHANodeDetails (SCMHANodeDetails.java:loadSCMHAConfig(157)) - ServiceID for StorageContainerManager is scm-service-test1
2022-01-10 11:12:10,489 [Listener at 0.0.0.0/13565] INFO  ha.SCMHANodeDetails (SCMHANodeDetails.java:loadSCMHAConfig(168)) - ServiceID for StorageContainerManager is scm-service-test1
2022-01-10 11:12:10,489 [Listener at 0.0.0.0/13565] WARN  scm.ScmUtils (ScmUtils.java:logWarn(179)) - ConfigKey ozone.scm.block.client.address is deprecated, For configuring different ports for each SCM use PortConfigKey ozone.scm.block.client.port appended with serviceId and nodeId. If want to configure same port configure ozone.scm.block.client.port
2022-01-10 11:12:10,489 [Listener at 0.0.0.0/13565] WARN  scm.ScmUtils (ScmUtils.java:logWarn(179)) - ConfigKey ozone.scm.client.address is deprecated, For configuring different ports for each SCM use PortConfigKey ozone.scm.client.port appended with serviceId and nodeId. If want to configure same port configure ozone.scm.client.port
2022-01-10 11:12:10,489 [Listener at 0.0.0.0/13565] WARN  scm.ScmUtils (ScmUtils.java:logWarn(179)) - ConfigKey ozone.scm.datanode.address is deprecated, For configuring different ports for each SCM use PortConfigKey ozone.scm.datanode.port appended with serviceId and nodeId. If want to configure same port configure ozone.scm.datanode.port
2022-01-10 11:12:10,489 [Listener at 0.0.0.0/13565] WARN  scm.ScmUtils (ScmUtils.java:logWarn(179)) - ConfigKey ozone.scm.block.client.address is deprecated, For configuring different ports for each SCM use PortConfigKey ozone.scm.block.client.port appended with serviceId and nodeId. If want to configure same port configure ozone.scm.block.client.port
2022-01-10 11:12:10,489 [Listener at 0.0.0.0/13565] WARN  scm.ScmUtils (ScmUtils.java:logWarn(179)) - ConfigKey ozone.scm.client.address is deprecated, For configuring different ports for each SCM use PortConfigKey ozone.scm.client.port appended with serviceId and nodeId. If want to configure same port configure ozone.scm.client.port
2022-01-10 11:12:10,489 [Listener at 0.0.0.0/13565] WARN  scm.ScmUtils (ScmUtils.java:logWarn(179)) - ConfigKey ozone.scm.datanode.address is deprecated, For configuring different ports for each SCM use PortConfigKey ozone.scm.datanode.port appended with serviceId and nodeId. If want to configure same port configure ozone.scm.datanode.port
2022-01-10 11:12:10,490 [Listener at 0.0.0.0/13565] INFO  ha.SCMHANodeDetails (SCMHANodeDetails.java:loadSCMHAConfig(250)) - Found matching SCM address with SCMServiceId: scm-service-test1, SCMNodeId: scmNode-3, RPC Address: localhost:13572 and Ratis port: 13572
2022-01-10 11:12:10,490 [Listener at 0.0.0.0/13565] INFO  ha.SCMHANodeDetails (ConfUtils.java:setNodeSpecificConfigs(108)) - Setting configuration key ozone.scm.datanode.address with value of key ozone.scm.datanode.address.scm-service-test1.scmNode-3: 127.0.0.1:13573
2022-01-10 11:12:10,490 [Listener at 0.0.0.0/13565] INFO  ha.SCMHANodeDetails (ConfUtils.java:setNodeSpecificConfigs(108)) - Setting configuration key ozone.scm.block.client.address with value of key ozone.scm.block.client.address.scm-service-test1.scmNode-3: 127.0.0.1:13574
2022-01-10 11:12:10,490 [Listener at 0.0.0.0/13565] INFO  ha.SCMHANodeDetails (ConfUtils.java:setNodeSpecificConfigs(108)) - Setting configuration key ozone.scm.client.address with value of key ozone.scm.client.address.scm-service-test1.scmNode-3: 127.0.0.1:13575
2022-01-10 11:12:10,490 [Listener at 0.0.0.0/13565] INFO  ha.SCMHANodeDetails (ConfUtils.java:setNodeSpecificConfigs(108)) - Setting configuration key ozone.scm.ratis.port with value of key ozone.scm.ratis.port.scm-service-test1.scmNode-3: 13572
2022-01-10 11:12:10,490 [Listener at 0.0.0.0/13565] INFO  ha.SCMHANodeDetails (ConfUtils.java:setNodeSpecificConfigs(108)) - Setting configuration key ozone.scm.grpc.port with value of key ozone.scm.grpc.port.scm-service-test1.scmNode-3: 13576
2022-01-10 11:12:10,490 [Listener at 0.0.0.0/13565] INFO  ha.SCMHANodeDetails (ConfUtils.java:setNodeSpecificConfigs(108)) - Setting configuration key ozone.scm.http-address with value of key ozone.scm.http-address.scm-service-test1.scmNode-3: 127.0.0.1:13570
2022-01-10 11:12:10,490 [Listener at 0.0.0.0/13565] INFO  ha.SCMHANodeDetails (ConfUtils.java:setNodeSpecificConfigs(108)) - Setting configuration key ozone.scm.https-address with value of key ozone.scm.https-address.scm-service-test1.scmNode-3: 127.0.0.1:13571
2022-01-10 11:12:10,491 [Listener at 0.0.0.0/13565] INFO  ha.SCMHANodeDetails (ConfUtils.java:setNodeSpecificConfigs(108)) - Setting configuration key ozone.scm.address with value of key ozone.scm.address.scm-service-test1.scmNode-3: 127.0.0.1
2022-01-10 11:12:10,491 [Listener at 0.0.0.0/13565] WARN  scm.ScmUtils (ScmUtils.java:logWarn(179)) - ConfigKey ozone.scm.block.client.address is deprecated, For configuring different ports for each SCM use PortConfigKey ozone.scm.block.client.port appended with serviceId and nodeId. If want to configure same port configure ozone.scm.block.client.port
2022-01-10 11:12:10,491 [Listener at 0.0.0.0/13565] WARN  scm.ScmUtils (ScmUtils.java:logWarn(179)) - ConfigKey ozone.scm.client.address is deprecated, For configuring different ports for each SCM use PortConfigKey ozone.scm.client.port appended with serviceId and nodeId. If want to configure same port configure ozone.scm.client.port
2022-01-10 11:12:10,491 [Listener at 0.0.0.0/13565] WARN  scm.ScmUtils (ScmUtils.java:logWarn(179)) - ConfigKey ozone.scm.datanode.address is deprecated, For configuring different ports for each SCM use PortConfigKey ozone.scm.datanode.port appended with serviceId and nodeId. If want to configure same port configure ozone.scm.datanode.port
2022-01-10 11:12:10,494 [Listener at 0.0.0.0/13565] WARN  server.ServerUtils (ServerUtils.java:getScmDbDir(148)) - ozone.scm.db.dirs is not configured. We recommend adding this setting. Falling back to ozone.metadata.dirs instead.
2022-01-10 11:12:10,495 [Listener at 0.0.0.0/13565] INFO  upgrade.AbstractLayoutVersionManager (AbstractLayoutVersionManager.java:init(79)) - Initializing Layout version manager with metadata layout = SCM_HA (version = 2), software layout = SCM_HA (version = 2)
2022-01-10 11:12:10,518 [EndpointStateMachine task thread for /127.0.0.1:14053 - 0 ] INFO  ipc.Client (Client.java:handleConnectionFailure(977)) - Retrying connect to server: localhost/127.0.0.1:14053. Already tried 8 time(s); retry policy is RetryUpToMaximumCountWithFixedSleep(maxRetries=15, sleepTime=1000 MILLISECONDS)
2022-01-10 11:12:10,618 [Listener at 0.0.0.0/13565] INFO  reflections.Reflections (Reflections.java:scan(232)) - Reflections took 121 ms to scan 7 urls, producing 119 keys and 279 values 
2022-01-10 11:12:10,620 [Listener at 0.0.0.0/13565] WARN  utils.HAUtils (HAUtils.java:getMetaDir(342)) - ozone.scm.db.dirs is not configured. We recommend adding this setting. Falling back to ozone.metadata.dirs instead.
2022-01-10 11:12:10,628 [Listener at 0.0.0.0/13565] WARN  db.DBStoreBuilder (DBStoreBuilder.java:applyDBDefinition(145)) - ozone.scm.db.dirs is not configured. We recommend adding this setting. Falling back to ozone.metadata.dirs instead.
2022-01-10 11:12:10,768 [Listener at 0.0.0.0/13565] INFO  net.NodeSchemaLoader (NodeSchemaLoader.java:loadSchemaFromFile(129)) - Loading schema from [jar:file:/home/runner/.m2/repository/org/apache/ozone/hdds-common/1.3.0-SNAPSHOT/hdds-common-1.3.0-SNAPSHOT.jar!/network-topology-default.xml]
2022-01-10 11:12:10,769 [Listener at 0.0.0.0/13565] INFO  net.NodeSchemaLoader (NodeSchemaLoader.java:loadSchema(176)) - Loading network topology layer schema file
2022-01-10 11:12:10,771 [Listener at 0.0.0.0/13565] WARN  impl.MetricRegistriesImpl (MetricRegistriesImpl.java:addReporterRegistration(111)) - New reporters are added after registries were created. Some metrics will be missing from the reporter. Please add reporter before adding any new registry.
2022-01-10 11:12:10,771 [Listener at 0.0.0.0/13565] WARN  impl.MetricRegistriesImpl (MetricRegistriesImpl.java:addReporterRegistration(111)) - New reporters are added after registries were created. Some metrics will be missing from the reporter. Please add reporter before adding any new registry.
2022-01-10 11:12:10,772 [Listener at 0.0.0.0/13565] INFO  ha.SCMRatisServerImpl (SCMRatisServerImpl.java:<init>(87)) - starting Raft server for scm:6a22f154-cb7c-441c-a781-fd6e64cf0c09
2022-01-10 11:12:10,773 [Listener at 0.0.0.0/13565] INFO  server.RaftServer (ConfUtils.java:logGet(44)) - raft.rpc.type = GRPC (default)
2022-01-10 11:12:10,773 [Listener at 0.0.0.0/13565] INFO  grpc.GrpcFactory (GrpcFactory.java:checkPooledByteBufAllocatorUseCacheForAllThreads(48)) - PERFORMANCE WARNING: useCacheForAllThreads is true that may cause Netty to create a lot garbage objects and, as a result, trigger GC.
	It is recommended to disable useCacheForAllThreads by setting -Dorg.apache.ratis.thirdparty.io.netty.allocator.useCacheForAllThreads=false in command line.
2022-01-10 11:12:10,773 [Listener at 0.0.0.0/13565] INFO  grpc.GrpcConfigKeys (ConfUtils.java:logGet(44)) - raft.grpc.admin.port = -1 (default)
2022-01-10 11:12:10,773 [Listener at 0.0.0.0/13565] INFO  grpc.GrpcConfigKeys (ConfUtils.java:logGet(44)) - raft.grpc.server.port = 13572 (custom)
2022-01-10 11:12:10,774 [Listener at 0.0.0.0/13565] INFO  grpc.GrpcConfigKeys (ConfUtils.java:logGet(44)) - raft.grpc.client.port = -1 (default)
2022-01-10 11:12:10,774 [Listener at 0.0.0.0/13565] INFO  grpc.GrpcConfigKeys (ConfUtils.java:logGet(44)) - raft.grpc.server.port = 13572 (custom)
2022-01-10 11:12:10,774 [Listener at 0.0.0.0/13565] INFO  grpc.GrpcConfigKeys (ConfUtils.java:logGet(44)) - raft.grpc.server.port = 13572 (custom)
2022-01-10 11:12:10,774 [Listener at 0.0.0.0/13565] INFO  server.GrpcService (ConfUtils.java:logGet(44)) - raft.grpc.message.size.max = 32m (=33554432) (custom)
2022-01-10 11:12:10,778 [Listener at 0.0.0.0/13565] INFO  server.RaftServerConfigKeys (ConfUtils.java:logGet(44)) - raft.server.log.appender.buffer.byte-limit = 33554432 (custom)
2022-01-10 11:12:10,778 [Listener at 0.0.0.0/13565] INFO  server.GrpcService (ConfUtils.java:logGet(44)) - raft.grpc.flow.control.window = 1MB (=1048576) (default)
2022-01-10 11:12:10,778 [Listener at 0.0.0.0/13565] INFO  server.RaftServerConfigKeys (ConfUtils.java:logGet(44)) - raft.server.rpc.request.timeout = 30000ms (custom)
2022-01-10 11:12:10,779 [Listener at 0.0.0.0/13565] INFO  impl.DataStreamServerImpl (ConfUtils.java:logGet(44)) - raft.datastream.type = DISABLED (default)
2022-01-10 11:12:10,780 [Listener at 0.0.0.0/13565] INFO  server.RaftServerConfigKeys (ConfUtils.java:logGet(44)) - raft.server.rpc.slowness.timeout = 120000ms (custom)
2022-01-10 11:12:10,780 [Listener at 0.0.0.0/13565] INFO  server.RaftServerConfigKeys (ConfUtils.java:logGet(44)) - raft.server.leaderelection.leader.step-down.wait-time = 10s (default)
2022-01-10 11:12:10,780 [Listener at 0.0.0.0/13565] INFO  server.RaftServerConfigKeys (ConfUtils.java:logGet(44)) - raft.server.storage.dir = [/home/runner/work/ozone/ozone/hadoop-ozone/integration-test/target/test-dir/MiniOzoneClusterImpl-7d1a95dd-ad38-4e88-9004-e3265cc39d2b/scmNode-3/scm-ha] (custom)
2022-01-10 11:12:10,788 [Listener at 0.0.0.0/13565] INFO  server.RaftServer (RaftServerProxy.java:addNew(95)) - 6a22f154-cb7c-441c-a781-fd6e64cf0c09: addNew group-E3265CC39D2B:[] returns group-E3265CC39D2B:java.util.concurrent.CompletableFuture@301f5aaf[Not completed]
2022-01-10 11:12:10,788 [pool-264-thread-1] INFO  server.RaftServer$Division (RaftServerImpl.java:<init>(184)) - 6a22f154-cb7c-441c-a781-fd6e64cf0c09: new RaftServerImpl for group-E3265CC39D2B:[] with SCMStateMachine:uninitialized
2022-01-10 11:12:10,793 [pool-264-thread-1] INFO  server.RaftServerConfigKeys (ConfUtils.java:logGet(44)) - raft.server.rpc.timeout.min = 5000ms (custom)
2022-01-10 11:12:10,793 [pool-264-thread-1] INFO  server.RaftServerConfigKeys (ConfUtils.java:logGet(44)) - raft.server.rpc.timeout.max = 5200ms (custom)
2022-01-10 11:12:10,793 [pool-264-thread-1] INFO  server.RaftServerConfigKeys (ConfUtils.java:logGet(44)) - raft.server.rpc.sleep.time = 25ms (default)
2022-01-10 11:12:10,793 [pool-264-thread-1] INFO  server.RaftServerConfigKeys (ConfUtils.java:logGet(44)) - raft.server.rpc.slowness.timeout = 120000ms (custom)
2022-01-10 11:12:10,793 [pool-264-thread-1] INFO  server.RaftServerConfigKeys (ConfUtils.java:logGet(44)) - raft.server.leaderelection.leader.step-down.wait-time = 10s (default)
2022-01-10 11:12:10,793 [pool-264-thread-1] INFO  server.RaftServerConfigKeys (ConfUtils.java:logGet(44)) - raft.server.sleep.deviation.threshold = 300ms (default)
2022-01-10 11:12:10,793 [pool-264-thread-1] INFO  server.RaftServerConfigKeys (ConfUtils.java:logGet(44)) - raft.server.log.appender.install.snapshot.enabled = false (custom)
2022-01-10 11:12:10,793 [pool-264-thread-1] INFO  server.RaftServer$Division (ServerState.java:<init>(105)) - 6a22f154-cb7c-441c-a781-fd6e64cf0c09@group-E3265CC39D2B: ConfigurationManager, init=-1: [], old=null, confs=<EMPTY_MAP>
2022-01-10 11:12:10,793 [pool-264-thread-1] INFO  server.RaftServerConfigKeys (ConfUtils.java:logGet(44)) - raft.server.storage.dir = [/home/runner/work/ozone/ozone/hadoop-ozone/integration-test/target/test-dir/MiniOzoneClusterImpl-7d1a95dd-ad38-4e88-9004-e3265cc39d2b/scmNode-3/scm-ha] (custom)
2022-01-10 11:12:10,794 [pool-264-thread-1] INFO  server.RaftServerConfigKeys (ConfUtils.java:logGet(44)) - raft.server.log.corruption.policy = EXCEPTION (default)
2022-01-10 11:12:10,794 [pool-264-thread-1] INFO  server.RaftServerConfigKeys (ConfUtils.java:logGet(44)) - raft.server.storage.free-space.min = 0MB (=0) (default)
2022-01-10 11:12:10,794 [pool-264-thread-1] INFO  storage.RaftStorageDirectory (RaftStorageDirectoryImpl.java:analyzeStorage(135)) - The storage directory /home/runner/work/ozone/ozone/hadoop-ozone/integration-test/target/test-dir/MiniOzoneClusterImpl-7d1a95dd-ad38-4e88-9004-e3265cc39d2b/scmNode-3/scm-ha/7d1a95dd-ad38-4e88-9004-e3265cc39d2b does not exist. Creating ...
2022-01-10 11:12:10,795 [pool-264-thread-1] INFO  storage.RaftStorageDirectory (RaftStorageDirectoryImpl.java:tryLock(230)) - Lock on /home/runner/work/ozone/ozone/hadoop-ozone/integration-test/target/test-dir/MiniOzoneClusterImpl-7d1a95dd-ad38-4e88-9004-e3265cc39d2b/scmNode-3/scm-ha/7d1a95dd-ad38-4e88-9004-e3265cc39d2b/in_use.lock acquired by nodename 8189@fv-az270-882
2022-01-10 11:12:10,797 [pool-264-thread-1] INFO  storage.RaftStorage (RaftStorageImpl.java:format(89)) - Storage directory /home/runner/work/ozone/ozone/hadoop-ozone/integration-test/target/test-dir/MiniOzoneClusterImpl-7d1a95dd-ad38-4e88-9004-e3265cc39d2b/scmNode-3/scm-ha/7d1a95dd-ad38-4e88-9004-e3265cc39d2b has been successfully formatted.
2022-01-10 11:12:10,797 [pool-264-thread-1] INFO  server.RaftServerConfigKeys (ConfUtils.java:logGet(44)) - raft.server.notification.no-leader.timeout = 60s (default)
2022-01-10 11:12:10,797 [pool-264-thread-1] INFO  server.RaftServerConfigKeys (ConfUtils.java:logGet(44)) - raft.server.log.use.memory = false (default)
2022-01-10 11:12:10,797 [pool-264-thread-1] INFO  server.RaftServerConfigKeys (ConfUtils.java:logGet(44)) - raft.server.log.purge.gap = 5 (custom)
2022-01-10 11:12:10,797 [pool-264-thread-1] INFO  server.RaftServerConfigKeys (ConfUtils.java:logGet(44)) - raft.server.log.appender.buffer.byte-limit = 33554432 (custom)
2022-01-10 11:12:10,798 [pool-264-thread-1] INFO  server.RaftServerConfigKeys (ConfUtils.java:logGet(44)) - raft.server.log.segment.size.max = 4194304 (custom)
2022-01-10 11:12:10,798 [pool-264-thread-1] INFO  server.RaftServerConfigKeys (ConfUtils.java:logGet(44)) - raft.server.log.segment.cache.num.max = 2 (custom)
2022-01-10 11:12:10,798 [pool-264-thread-1] INFO  server.RaftServerConfigKeys (ConfUtils.java:logGet(44)) - raft.server.log.segment.cache.size.max = 200MB (=209715200) (default)
2022-01-10 11:12:10,798 [pool-264-thread-1] INFO  segmented.SegmentedRaftLogWorker (SegmentedRaftLogWorker.java:<init>(182)) - new 6a22f154-cb7c-441c-a781-fd6e64cf0c09@group-E3265CC39D2B-SegmentedRaftLogWorker for RaftStorageImpl:Storage Directory /home/runner/work/ozone/ozone/hadoop-ozone/integration-test/target/test-dir/MiniOzoneClusterImpl-7d1a95dd-ad38-4e88-9004-e3265cc39d2b/scmNode-3/scm-ha/7d1a95dd-ad38-4e88-9004-e3265cc39d2b
2022-01-10 11:12:10,798 [pool-264-thread-1] INFO  server.RaftServerConfigKeys (ConfUtils.java:logGet(44)) - raft.server.log.queue.byte-limit = 64MB (=67108864) (default)
2022-01-10 11:12:10,798 [pool-264-thread-1] INFO  server.RaftServerConfigKeys (ConfUtils.java:logGet(44)) - raft.server.log.queue.element-limit = 4096 (default)
2022-01-10 11:12:10,798 [pool-264-thread-1] INFO  server.RaftServerConfigKeys (ConfUtils.java:logGet(44)) - raft.server.log.segment.size.max = 4194304 (custom)
2022-01-10 11:12:10,798 [pool-264-thread-1] INFO  server.RaftServerConfigKeys (ConfUtils.java:logGet(44)) - raft.server.log.preallocated.size = 4194304 (custom)
2022-01-10 11:12:10,799 [pool-264-thread-1] INFO  server.RaftServerConfigKeys (ConfUtils.java:logGet(44)) - raft.server.log.force.sync.num = 128 (default)
2022-01-10 11:12:10,799 [pool-264-thread-1] INFO  server.RaftServerConfigKeys (ConfUtils.java:logGet(44)) - raft.server.log.statemachine.data.sync = true (default)
2022-01-10 11:12:10,799 [pool-264-thread-1] INFO  server.RaftServerConfigKeys (ConfUtils.java:logGet(44)) - raft.server.log.statemachine.data.sync.timeout = 10s (default)
2022-01-10 11:12:10,799 [pool-264-thread-1] INFO  server.RaftServerConfigKeys (ConfUtils.java:logGet(44)) - raft.server.log.statemachine.data.sync.timeout.retry = -1 (default)
2022-01-10 11:12:10,800 [pool-264-thread-1] INFO  server.RaftServerConfigKeys (ConfUtils.java:logGet(44)) - raft.server.log.write.buffer.size = 64KB (=65536) (default)
2022-01-10 11:12:10,800 [pool-264-thread-1] INFO  server.RaftServerConfigKeys (ConfUtils.java:logGet(44)) - raft.server.log.statemachine.data.caching.enabled = false (default)
2022-01-10 11:12:10,800 [pool-264-thread-1] INFO  segmented.SegmentedRaftLogWorker (SegmentedRaftLogWorker.java:lambda$new$0(133)) - 6a22f154-cb7c-441c-a781-fd6e64cf0c09@group-E3265CC39D2B-SegmentedRaftLogWorker: flushIndex: setUnconditionally 0 -> -1
2022-01-10 11:12:10,800 [pool-264-thread-1] INFO  segmented.SegmentedRaftLogWorker (SegmentedRaftLogWorker.java:lambda$new$0(133)) - 6a22f154-cb7c-441c-a781-fd6e64cf0c09@group-E3265CC39D2B-SegmentedRaftLogWorker: safeCacheEvictIndex: setUnconditionally 0 -> -1
2022-01-10 11:12:10,813 [pool-264-thread-1] INFO  server.RaftServerConfigKeys (ConfUtils.java:logGet(44)) - raft.server.snapshot.auto.trigger.enabled = true (custom)
2022-01-10 11:12:10,813 [pool-264-thread-1] INFO  server.RaftServerConfigKeys (ConfUtils.java:logGet(44)) - raft.server.snapshot.auto.trigger.threshold = 5 (custom)
2022-01-10 11:12:10,813 [pool-264-thread-1] INFO  server.RaftServerConfigKeys (ConfUtils.java:logGet(44)) - raft.server.snapshot.retention.file.num = -1 (default)
2022-01-10 11:12:10,813 [pool-264-thread-1] INFO  server.RaftServerConfigKeys (ConfUtils.java:logGet(44)) - raft.server.log.purge.upto.snapshot.index = true (custom)
2022-01-10 11:12:10,813 [pool-264-thread-1] INFO  server.RaftServerConfigKeys (ConfUtils.java:logGet(44)) - raft.server.retrycache.expirytime = 60000ms (default)
2022-01-10 11:12:10,813 [pool-264-thread-1] INFO  server.RaftServerConfigKeys (ConfUtils.java:logGet(44)) - raft.server.retrycache.statistics.expirytime = 100μs (default)
2022-01-10 11:12:10,814 [Listener at 0.0.0.0/13565] INFO  ha.SCMSnapshotProvider (SCMSnapshotProvider.java:<init>(66)) - Initializing SCM Snapshot Provider
2022-01-10 11:12:10,814 [Listener at 0.0.0.0/13565] WARN  server.ServerUtils (ServerUtils.java:getDefaultRatisDirectory(237)) - Storage directory for Ratis is not configured. It is a good idea to map this to an SSD disk. Falling back to ozone.metadata.dirs
2022-01-10 11:12:10,815 [Listener at 0.0.0.0/13565] WARN  ha.SCMHAUtils (SCMHAUtils.java:getSCMRatisSnapshotDirectory(146)) - SCM snapshot dir is not configured. Falling back to ozone.metadata.dirs config
2022-01-10 11:12:10,816 [Listener at 0.0.0.0/13565] INFO  ha.SequenceIdGenerator (SequenceIdGenerator.java:upgradeToSequenceId(347)) - upgrade localId to 109611004723200000
2022-01-10 11:12:10,816 [Listener at 0.0.0.0/13565] INFO  ha.SequenceIdGenerator (SequenceIdGenerator.java:upgradeToSequenceId(357)) - upgrade delTxnId to 0
2022-01-10 11:12:10,816 [Listener at 0.0.0.0/13565] INFO  ha.SequenceIdGenerator (SequenceIdGenerator.java:upgradeToSequenceId(371)) - upgrade containerId to 0
2022-01-10 11:12:10,817 [Listener at 0.0.0.0/13565] INFO  ha.SequenceIdGenerator (SequenceIdGenerator.java:<init>(218)) - Init the HA SequenceIdGenerator.
2022-01-10 11:12:10,817 [Listener at 0.0.0.0/13565] WARN  server.ServerUtils (ServerUtils.java:sanitizeUserArgs(73)) - ozone.scm.stale.node.interval value = 300000 is larger than max = 100000 based on the key value of ozone.scm.heartbeat.thread.interval, reset to the max value 100000.
2022-01-10 11:12:10,817 [Listener at 0.0.0.0/13565] WARN  server.ServerUtils (ServerUtils.java:sanitizeUserArgs(73)) - ozone.scm.stale.node.interval value = 300000 is larger than max = 100000 based on the key value of ozone.scm.heartbeat.thread.interval, reset to the max value 100000.
2022-01-10 11:12:10,833 [Listener at 0.0.0.0/13565] INFO  node.SCMNodeManager (SCMNodeManager.java:<init>(144)) - Entering startup safe mode.
2022-01-10 11:12:10,834 [Listener at 0.0.0.0/13565] INFO  algorithms.ContainerPlacementPolicyFactory (ContainerPlacementPolicyFactory.java:getPolicy(60)) - Create container placement policy of type org.apache.hadoop.hdds.scm.container.placement.algorithms.SCMContainerPlacementRandom
2022-01-10 11:12:10,834 [Listener at 0.0.0.0/13565] INFO  pipeline.PipelineStateManagerImpl (PipelineStateManagerImpl.java:initialize(78)) - No pipeline exists in current db
2022-01-10 11:12:10,834 [Listener at 0.0.0.0/13565] INFO  algorithms.LeaderChoosePolicyFactory (LeaderChoosePolicyFactory.java:getPolicy(57)) - Create leader choose policy of type org.apache.hadoop.hdds.scm.pipeline.leader.choose.algorithms.MinLeaderCountChoosePolicy
2022-01-10 11:12:10,834 [Listener at 0.0.0.0/13565] INFO  ha.SCMServiceManager (SCMServiceManager.java:register(43)) - Registering service BackgroundPipelineCreator.
2022-01-10 11:12:10,834 [Listener at 0.0.0.0/13565] INFO  pipeline.BackgroundPipelineCreator (BackgroundPipelineCreator.java:start(130)) - Starting RatisPipelineUtilsThread.
2022-01-10 11:12:10,844 [Listener at 0.0.0.0/13565] INFO  algorithms.PipelineChoosePolicyFactory (PipelineChoosePolicyFactory.java:createPipelineChoosePolicyFromClass(73)) - Create pipeline choose policy of type org.apache.hadoop.hdds.scm.pipeline.choose.algorithms.RandomPipelineChoosePolicy
2022-01-10 11:12:10,844 [Listener at 0.0.0.0/13565] INFO  ha.SCMServiceManager (SCMServiceManager.java:register(43)) - Registering service SCMBlockDeletingService.
2022-01-10 11:12:10,844 [Listener at 0.0.0.0/13565] INFO  ha.SCMServiceManager (SCMServiceManager.java:register(43)) - Registering service ReplicationManager.
2022-01-10 11:12:10,845 [Listener at 0.0.0.0/13565] INFO  container.ReplicationManager (ReplicationManager.java:start(319)) - Starting Replication Monitor Thread.
2022-01-10 11:12:10,846 [Listener at 0.0.0.0/13565] INFO  safemode.ContainerSafeModeRule (ContainerSafeModeRule.java:<init>(89)) - containers with one replica threshold count 0
2022-01-10 11:12:10,846 [Listener at 0.0.0.0/13565] INFO  safemode.HealthyPipelineSafeModeRule (HealthyPipelineSafeModeRule.java:initializeRule(156)) - Total pipeline count is 0, healthy pipeline threshold count is 1
2022-01-10 11:12:10,847 [Listener at 0.0.0.0/13565] INFO  safemode.OneReplicaPipelineSafeModeRule (OneReplicaPipelineSafeModeRule.java:initializeRule(180)) - Total pipeline count is 0, pipeline's with at least one datanode reported threshold count is 0
2022-01-10 11:12:10,848 [Listener at 0.0.0.0/13565] INFO  ipc.CallQueueManager (CallQueueManager.java:<init>(90)) - Using callQueue: class java.util.concurrent.LinkedBlockingQueue, queueCapacity: 2000, scheduler: class org.apache.hadoop.ipc.DefaultRpcScheduler, ipcBackoff: false.
2022-01-10 11:12:10,857 [Socket Reader #1 for port 13573] INFO  ipc.Server (Server.java:run(1265)) - Starting Socket Reader #1 for port 13573
2022-01-10 11:12:10,862 [Listener at 0.0.0.0/13573] INFO  ipc.CallQueueManager (CallQueueManager.java:<init>(90)) - Using callQueue: class java.util.concurrent.LinkedBlockingQueue, queueCapacity: 2000, scheduler: class org.apache.hadoop.ipc.DefaultRpcScheduler, ipcBackoff: false.
2022-01-10 11:12:10,869 [ReplicationMonitor] INFO  container.ReplicationManager (ReplicationManager.java:processAll(371)) - Replication Monitor Thread took 0 milliseconds for processing 0 containers.
2022-01-10 11:12:10,874 [Listener at 0.0.0.0/13574] INFO  ipc.CallQueueManager (CallQueueManager.java:<init>(90)) - Using callQueue: class java.util.concurrent.LinkedBlockingQueue, queueCapacity: 2000, scheduler: class org.apache.hadoop.ipc.DefaultRpcScheduler, ipcBackoff: false.
2022-01-10 11:12:10,881 [Socket Reader #1 for port 13575] INFO  ipc.Server (Server.java:run(1265)) - Starting Socket Reader #1 for port 13575
2022-01-10 11:12:10,893 [Socket Reader #1 for port 13574] INFO  ipc.Server (Server.java:run(1265)) - Starting Socket Reader #1 for port 13574
2022-01-10 11:12:10,954 [Listener at 0.0.0.0/13575] INFO  algorithms.ContainerPlacementPolicyFactory (ContainerPlacementPolicyFactory.java:getPolicy(60)) - Create container placement policy of type org.apache.hadoop.hdds.scm.container.placement.algorithms.SCMContainerPlacementRandom
2022-01-10 11:12:10,957 [Listener at 0.0.0.0/13575] INFO  server.StorageContainerManager (StorageContainerManager.java:<init>(388)) - 
Container Balancer status:
Key                            Value
Running                        false
Container Balancer Configuration values:
Key                                                Value
Threshold                                          0.1
Max Datanodes to Involve per Iteration(ratio)      0.2
Max Size to Move per Iteration                     30GB
Max Size Entering Target per Iteration             26GB
Max Size Leaving Source per Iteration              26GB

2022-01-10 11:12:10,957 [Listener at 0.0.0.0/13575] WARN  events.EventQueue (EventQueue.java:fireEvent(194)) - No event handler registered for event TypedEvent{payloadType=SafeModeStatus, name='Safe mode status'}
2022-01-10 11:12:10,958 [Listener at 0.0.0.0/13575] INFO  ha.SCMContext (SCMContext.java:updateSafeModeStatus(211)) - Update SafeModeStatus from SafeModeStatus{safeModeStatus=true, preCheckPassed=false} to SafeModeStatus{safeModeStatus=true, preCheckPassed=false}.
2022-01-10 11:12:10,958 [Listener at 0.0.0.0/13575] INFO  ozone.MiniOzoneHAClusterImpl (MiniOzoneHAClusterImpl.java:createSCMService(581)) - Intialized SCM at org.apache.hadoop.hdds.scm.server.SCMClientProtocolServer@5db33742. This SCM is currently inactive (not running).
2022-01-10 11:12:10,959 [Listener at 0.0.0.0/13575] INFO  ha.OMHANodeDetails (OMHANodeDetails.java:loadOMHAConfig(118)) - ServiceID for OzoneManager is om-service-test1
2022-01-10 11:12:10,959 [Listener at 0.0.0.0/13575] INFO  ha.OMHANodeDetails (OMHANodeDetails.java:loadOMHAConfig(193)) - Found matching OM address with OMServiceId: om-service-test1, OMNodeId: omNode-1, RPC Address: localhost:12236 and Ratis port: 12240
2022-01-10 11:12:10,959 [Listener at 0.0.0.0/13575] INFO  ha.OMHANodeDetails (ConfUtils.java:setNodeSpecificConfigs(108)) - Setting configuration key ozone.om.http-address with value of key ozone.om.http-address.om-service-test1.omNode-1: 127.0.0.1:12238
2022-01-10 11:12:10,959 [Listener at 0.0.0.0/13575] INFO  ha.OMHANodeDetails (ConfUtils.java:setNodeSpecificConfigs(108)) - Setting configuration key ozone.om.https-address with value of key ozone.om.https-address.om-service-test1.omNode-1: 127.0.0.1:12239
2022-01-10 11:12:10,960 [Listener at 0.0.0.0/13575] INFO  ha.OMHANodeDetails (ConfUtils.java:setNodeSpecificConfigs(108)) - Setting configuration key ozone.om.address with value of key ozone.om.address.om-service-test1.omNode-1: 127.0.0.1:12236
2022-01-10 11:12:10,961 [Listener at 0.0.0.0/13575] WARN  server.ServerUtils (ServerUtils.java:getDBPath(225)) - ozone.om.db.dirs is not configured. We recommend adding this setting. Falling back to ozone.metadata.dirs instead.
2022-01-10 11:12:10,962 [Listener at 0.0.0.0/13575] INFO  ha.SCMNodeInfo (SCMNodeInfo.java:getPort(197)) - ConfigKey ozone.scm.client.address is deprecated, For configuring different ports for each SCM use PortConfigKey ozone.scm.client.port appended with serviceId and nodeId
2022-01-10 11:12:10,965 [Listener at 0.0.0.0/13575] INFO  ha.SCMNodeInfo (SCMNodeInfo.java:getPort(197)) - ConfigKey ozone.scm.block.client.address is deprecated, For configuring different ports for each SCM use PortConfigKey ozone.scm.block.client.port appended with serviceId and nodeId
2022-01-10 11:12:10,965 [Listener at 0.0.0.0/13575] INFO  ha.SCMNodeInfo (SCMNodeInfo.java:getPort(197)) - ConfigKey ozone.scm.datanode.address is deprecated, For configuring different ports for each SCM use PortConfigKey ozone.scm.datanode.port appended with serviceId and nodeId
2022-01-10 11:12:10,966 [Listener at 0.0.0.0/13575] INFO  ha.SCMNodeInfo (SCMNodeInfo.java:getPort(197)) - ConfigKey ozone.scm.client.address is deprecated, For configuring different ports for each SCM use PortConfigKey ozone.scm.client.port appended with serviceId and nodeId
2022-01-10 11:12:10,966 [Listener at 0.0.0.0/13575] INFO  ha.SCMNodeInfo (SCMNodeInfo.java:getPort(197)) - ConfigKey ozone.scm.block.client.address is deprecated, For configuring different ports for each SCM use PortConfigKey ozone.scm.block.client.port appended with serviceId and nodeId
2022-01-10 11:12:10,966 [Listener at 0.0.0.0/13575] INFO  ha.SCMNodeInfo (SCMNodeInfo.java:getPort(197)) - ConfigKey ozone.scm.datanode.address is deprecated, For configuring different ports for each SCM use PortConfigKey ozone.scm.datanode.port appended with serviceId and nodeId
2022-01-10 11:12:10,966 [Listener at 0.0.0.0/13575] INFO  ha.SCMNodeInfo (SCMNodeInfo.java:getPort(197)) - ConfigKey ozone.scm.client.address is deprecated, For configuring different ports for each SCM use PortConfigKey ozone.scm.client.port appended with serviceId and nodeId
2022-01-10 11:12:10,966 [Listener at 0.0.0.0/13575] INFO  ha.SCMNodeInfo (SCMNodeInfo.java:getPort(197)) - ConfigKey ozone.scm.block.client.address is deprecated, For configuring different ports for each SCM use PortConfigKey ozone.scm.block.client.port appended with serviceId and nodeId
2022-01-10 11:12:10,966 [Listener at 0.0.0.0/13575] INFO  ha.SCMNodeInfo (SCMNodeInfo.java:getPort(197)) - ConfigKey ozone.scm.datanode.address is deprecated, For configuring different ports for each SCM use PortConfigKey ozone.scm.datanode.port appended with serviceId and nodeId
OM initialization succeeded.Current cluster id for sd=/home/runner/work/ozone/ozone/hadoop-ozone/integration-test/target/test-dir/MiniOzoneClusterImpl-7d1a95dd-ad38-4e88-9004-e3265cc39d2b/omNode-1/om;cid=7d1a95dd-ad38-4e88-9004-e3265cc39d2b;layoutVersion=0
2022-01-10 11:12:10,980 [Listener at 0.0.0.0/13575] INFO  ha.OMHANodeDetails (OMHANodeDetails.java:loadOMHAConfig(118)) - ServiceID for OzoneManager is om-service-test1
2022-01-10 11:12:10,980 [Listener at 0.0.0.0/13575] INFO  ha.OMHANodeDetails (OMHANodeDetails.java:loadOMHAConfig(193)) - Found matching OM address with OMServiceId: om-service-test1, OMNodeId: omNode-1, RPC Address: localhost:12236 and Ratis port: 12240
2022-01-10 11:12:10,980 [Listener at 0.0.0.0/13575] INFO  ha.OMHANodeDetails (ConfUtils.java:setNodeSpecificConfigs(108)) - Setting configuration key ozone.om.http-address with value of key ozone.om.http-address.om-service-test1.omNode-1: 127.0.0.1:12238
2022-01-10 11:12:10,980 [Listener at 0.0.0.0/13575] INFO  ha.OMHANodeDetails (ConfUtils.java:setNodeSpecificConfigs(108)) - Setting configuration key ozone.om.https-address with value of key ozone.om.https-address.om-service-test1.omNode-1: 127.0.0.1:12239
2022-01-10 11:12:10,981 [Listener at 0.0.0.0/13575] INFO  ha.OMHANodeDetails (ConfUtils.java:setNodeSpecificConfigs(108)) - Setting configuration key ozone.om.address with value of key ozone.om.address.om-service-test1.omNode-1: 127.0.0.1:12236
2022-01-10 11:12:10,981 [Listener at 0.0.0.0/13575] WARN  server.ServerUtils (ServerUtils.java:getDBPath(225)) - ozone.om.db.dirs is not configured. We recommend adding this setting. Falling back to ozone.metadata.dirs instead.
2022-01-10 11:12:10,981 [Listener at 0.0.0.0/13575] INFO  upgrade.AbstractLayoutVersionManager (AbstractLayoutVersionManager.java:init(79)) - Initializing Layout version manager with metadata layout = INITIAL_VERSION (version = 0), software layout = INITIAL_VERSION (version = 0)
2022-01-10 11:12:11,068 [Listener at 0.0.0.0/13575] INFO  reflections.Reflections (Reflections.java:scan(232)) - Reflections took 86 ms to scan 2 urls, producing 133 keys and 345 values [using 2 cores]
2022-01-10 11:12:11,069 [Listener at 0.0.0.0/13575] INFO  upgrade.OMLayoutVersionManager (OMLayoutVersionManager.java:lambda$0(115)) - Skipping Upgrade Action MockOmUpgradeAction since it has been finalized.
2022-01-10 11:12:11,069 [Listener at 0.0.0.0/13575] WARN  server.ServerUtils (ServerUtils.java:getDBPath(225)) - ozone.om.db.dirs is not configured. We recommend adding this setting. Falling back to ozone.metadata.dirs instead.
2022-01-10 11:12:11,069 [Listener at 0.0.0.0/13575] INFO  ha.SCMNodeInfo (SCMNodeInfo.java:getPort(197)) - ConfigKey ozone.scm.client.address is deprecated, For configuring different ports for each SCM use PortConfigKey ozone.scm.client.port appended with serviceId and nodeId
2022-01-10 11:12:11,070 [Listener at 0.0.0.0/13575] INFO  ha.SCMNodeInfo (SCMNodeInfo.java:getPort(197)) - ConfigKey ozone.scm.block.client.address is deprecated, For configuring different ports for each SCM use PortConfigKey ozone.scm.block.client.port appended with serviceId and nodeId
2022-01-10 11:12:11,070 [Listener at 0.0.0.0/13575] INFO  ha.SCMNodeInfo (SCMNodeInfo.java:getPort(197)) - ConfigKey ozone.scm.datanode.address is deprecated, For configuring different ports for each SCM use PortConfigKey ozone.scm.datanode.port appended with serviceId and nodeId
2022-01-10 11:12:11,070 [Listener at 0.0.0.0/13575] INFO  ha.SCMNodeInfo (SCMNodeInfo.java:getPort(197)) - ConfigKey ozone.scm.client.address is deprecated, For configuring different ports for each SCM use PortConfigKey ozone.scm.client.port appended with serviceId and nodeId
2022-01-10 11:12:11,070 [Listener at 0.0.0.0/13575] INFO  ha.SCMNodeInfo (SCMNodeInfo.java:getPort(197)) - ConfigKey ozone.scm.block.client.address is deprecated, For configuring different ports for each SCM use PortConfigKey ozone.scm.block.client.port appended with serviceId and nodeId
2022-01-10 11:12:11,070 [Listener at 0.0.0.0/13575] INFO  ha.SCMNodeInfo (SCMNodeInfo.java:getPort(197)) - ConfigKey ozone.scm.datanode.address is deprecated, For configuring different ports for each SCM use PortConfigKey ozone.scm.datanode.port appended with serviceId and nodeId
2022-01-10 11:12:11,070 [Listener at 0.0.0.0/13575] INFO  ha.SCMNodeInfo (SCMNodeInfo.java:getPort(197)) - ConfigKey ozone.scm.client.address is deprecated, For configuring different ports for each SCM use PortConfigKey ozone.scm.client.port appended with serviceId and nodeId
2022-01-10 11:12:11,070 [Listener at 0.0.0.0/13575] INFO  ha.SCMNodeInfo (SCMNodeInfo.java:getPort(197)) - ConfigKey ozone.scm.block.client.address is deprecated, For configuring different ports for each SCM use PortConfigKey ozone.scm.block.client.port appended with serviceId and nodeId
2022-01-10 11:12:11,070 [Listener at 0.0.0.0/13575] INFO  ha.SCMNodeInfo (SCMNodeInfo.java:getPort(197)) - ConfigKey ozone.scm.datanode.address is deprecated, For configuring different ports for each SCM use PortConfigKey ozone.scm.datanode.port appended with serviceId and nodeId
2022-01-10 11:12:11,071 [Listener at 0.0.0.0/13575] INFO  ha.SCMNodeInfo (SCMNodeInfo.java:getPort(197)) - ConfigKey ozone.scm.client.address is deprecated, For configuring different ports for each SCM use PortConfigKey ozone.scm.client.port appended with serviceId and nodeId
2022-01-10 11:12:11,071 [Listener at 0.0.0.0/13575] INFO  ha.SCMNodeInfo (SCMNodeInfo.java:getPort(197)) - ConfigKey ozone.scm.block.client.address is deprecated, For configuring different ports for each SCM use PortConfigKey ozone.scm.block.client.port appended with serviceId and nodeId
2022-01-10 11:12:11,071 [Listener at 0.0.0.0/13575] INFO  ha.SCMNodeInfo (SCMNodeInfo.java:getPort(197)) - ConfigKey ozone.scm.datanode.address is deprecated, For configuring different ports for each SCM use PortConfigKey ozone.scm.datanode.port appended with serviceId and nodeId
2022-01-10 11:12:11,071 [Listener at 0.0.0.0/13575] INFO  ha.SCMNodeInfo (SCMNodeInfo.java:getPort(197)) - ConfigKey ozone.scm.client.address is deprecated, For configuring different ports for each SCM use PortConfigKey ozone.scm.client.port appended with serviceId and nodeId
2022-01-10 11:12:11,071 [Listener at 0.0.0.0/13575] INFO  ha.SCMNodeInfo (SCMNodeInfo.java:getPort(197)) - ConfigKey ozone.scm.block.client.address is deprecated, For configuring different ports for each SCM use PortConfigKey ozone.scm.block.client.port appended with serviceId and nodeId
2022-01-10 11:12:11,071 [Listener at 0.0.0.0/13575] INFO  ha.SCMNodeInfo (SCMNodeInfo.java:getPort(197)) - ConfigKey ozone.scm.datanode.address is deprecated, For configuring different ports for each SCM use PortConfigKey ozone.scm.datanode.port appended with serviceId and nodeId
2022-01-10 11:12:11,072 [Listener at 0.0.0.0/13575] INFO  ha.SCMNodeInfo (SCMNodeInfo.java:getPort(197)) - ConfigKey ozone.scm.client.address is deprecated, For configuring different ports for each SCM use PortConfigKey ozone.scm.client.port appended with serviceId and nodeId
2022-01-10 11:12:11,073 [Listener at 0.0.0.0/13575] INFO  ha.SCMNodeInfo (SCMNodeInfo.java:getPort(197)) - ConfigKey ozone.scm.block.client.address is deprecated, For configuring different ports for each SCM use PortConfigKey ozone.scm.block.client.port appended with serviceId and nodeId
2022-01-10 11:12:11,073 [Listener at 0.0.0.0/13575] INFO  ha.SCMNodeInfo (SCMNodeInfo.java:getPort(197)) - ConfigKey ozone.scm.datanode.address is deprecated, For configuring different ports for each SCM use PortConfigKey ozone.scm.datanode.port appended with serviceId and nodeId
2022-01-10 11:12:11,074 [Listener at 0.0.0.0/13575] INFO  ha.SCMNodeInfo (SCMNodeInfo.java:getPort(197)) - ConfigKey ozone.scm.client.address is deprecated, For configuring different ports for each SCM use PortConfigKey ozone.scm.client.port appended with serviceId and nodeId
2022-01-10 11:12:11,074 [Listener at 0.0.0.0/13575] INFO  ha.SCMNodeInfo (SCMNodeInfo.java:getPort(197)) - ConfigKey ozone.scm.block.client.address is deprecated, For configuring different ports for each SCM use PortConfigKey ozone.scm.block.client.port appended with serviceId and nodeId
2022-01-10 11:12:11,074 [Listener at 0.0.0.0/13575] INFO  ha.SCMNodeInfo (SCMNodeInfo.java:getPort(197)) - ConfigKey ozone.scm.datanode.address is deprecated, For configuring different ports for each SCM use PortConfigKey ozone.scm.datanode.port appended with serviceId and nodeId
2022-01-10 11:12:11,074 [Listener at 0.0.0.0/13575] INFO  ha.SCMNodeInfo (SCMNodeInfo.java:getPort(197)) - ConfigKey ozone.scm.client.address is deprecated, For configuring different ports for each SCM use PortConfigKey ozone.scm.client.port appended with serviceId and nodeId
2022-01-10 11:12:11,074 [Listener at 0.0.0.0/13575] INFO  ha.SCMNodeInfo (SCMNodeInfo.java:getPort(197)) - ConfigKey ozone.scm.block.client.address is deprecated, For configuring different ports for each SCM use PortConfigKey ozone.scm.block.client.port appended with serviceId and nodeId
2022-01-10 11:12:11,075 [Listener at 0.0.0.0/13575] INFO  ha.SCMNodeInfo (SCMNodeInfo.java:getPort(197)) - ConfigKey ozone.scm.datanode.address is deprecated, For configuring different ports for each SCM use PortConfigKey ozone.scm.datanode.port appended with serviceId and nodeId
2022-01-10 11:12:11,075 [Listener at 0.0.0.0/13575] INFO  ha.SCMNodeInfo (SCMNodeInfo.java:getPort(197)) - ConfigKey ozone.scm.client.address is deprecated, For configuring different ports for each SCM use PortConfigKey ozone.scm.client.port appended with serviceId and nodeId
2022-01-10 11:12:11,075 [Listener at 0.0.0.0/13575] INFO  ha.SCMNodeInfo (SCMNodeInfo.java:getPort(197)) - ConfigKey ozone.scm.block.client.address is deprecated, For configuring different ports for each SCM use PortConfigKey ozone.scm.block.client.port appended with serviceId and nodeId
2022-01-10 11:12:11,075 [Listener at 0.0.0.0/13575] INFO  ha.SCMNodeInfo (SCMNodeInfo.java:getPort(197)) - ConfigKey ozone.scm.datanode.address is deprecated, For configuring different ports for each SCM use PortConfigKey ozone.scm.datanode.port appended with serviceId and nodeId
2022-01-10 11:12:11,093 [Listener at 0.0.0.0/13575] WARN  server.ServerUtils (ServerUtils.java:getDBPath(225)) - ozone.om.db.dirs is not configured. We recommend adding this setting. Falling back to ozone.metadata.dirs instead.
2022-01-10 11:12:11,094 [Listener at 0.0.0.0/13575] INFO  codec.OmKeyInfoCodec (OmKeyInfoCodec.java:<init>(50)) - OmKeyInfoCodec ignorePipeline = true
2022-01-10 11:12:11,095 [Listener at 0.0.0.0/13575] INFO  codec.RepeatedOmKeyInfoCodec (RepeatedOmKeyInfoCodec.java:<init>(42)) - RepeatedOmKeyInfoCodec ignorePipeline = true
2022-01-10 11:12:11,326 [Listener at 0.0.0.0/13575] INFO  om.OzoneManager (OzoneManager.java:addS3GVolumeToDB(3728)) - Created Volume s3v With Owner runner required for S3Gateway operations.
2022-01-10 11:12:11,326 [Listener at 0.0.0.0/13575] WARN  server.ServerUtils (ServerUtils.java:getDefaultRatisDirectory(237)) - Storage directory for Ratis is not configured. It is a good idea to map this to an SSD disk. Falling back to ozone.metadata.dirs
2022-01-10 11:12:11,327 [Listener at 0.0.0.0/13575] WARN  utils.OzoneManagerRatisUtils (OzoneManagerRatisUtils.java:getOMRatisSnapshotDirectory(323)) - ozone.om.ratis.snapshot.dir is not configured. Falling back to ozone.metadata.dirs config
2022-01-10 11:12:11,327 [Listener at 0.0.0.0/13575] WARN  impl.MetricRegistriesImpl (MetricRegistriesImpl.java:addReporterRegistration(111)) - New reporters are added after registries were created. Some metrics will be missing from the reporter. Please add reporter before adding any new registry.
2022-01-10 11:12:11,327 [Listener at 0.0.0.0/13575] WARN  impl.MetricRegistriesImpl (MetricRegistriesImpl.java:addReporterRegistration(111)) - New reporters are added after registries were created. Some metrics will be missing from the reporter. Please add reporter before adding any new registry.
2022-01-10 11:12:11,327 [Listener at 0.0.0.0/13575] WARN  server.ServerUtils (ServerUtils.java:getDefaultRatisDirectory(237)) - Storage directory for Ratis is not configured. It is a good idea to map this to an SSD disk. Falling back to ozone.metadata.dirs
2022-01-10 11:12:11,329 [Listener at 0.0.0.0/13575] INFO  ratis.OzoneManagerRatisServer (OzoneManagerRatisServer.java:<init>(159)) - Instantiating OM Ratis server with groupID: om-service-test1 and peers: localhost:12240
2022-01-10 11:12:11,329 [Listener at 0.0.0.0/13575] INFO  ratis.OzoneManagerStateMachine (OzoneManagerStateMachine.java:loadSnapshotInfoFromDB(605)) - LastAppliedIndex is set from TransactionInfo from OM DB as (t:0, i:~)
2022-01-10 11:12:11,331 [Listener at 0.0.0.0/13575] INFO  server.RaftServer (ConfUtils.java:logGet(44)) - raft.rpc.type = GRPC (default)
2022-01-10 11:12:11,331 [Listener at 0.0.0.0/13575] INFO  grpc.GrpcFactory (GrpcFactory.java:checkPooledByteBufAllocatorUseCacheForAllThreads(48)) - PERFORMANCE WARNING: useCacheForAllThreads is true that may cause Netty to create a lot garbage objects and, as a result, trigger GC.
	It is recommended to disable useCacheForAllThreads by setting -Dorg.apache.ratis.thirdparty.io.netty.allocator.useCacheForAllThreads=false in command line.
2022-01-10 11:12:11,331 [Listener at 0.0.0.0/13575] INFO  grpc.GrpcConfigKeys (ConfUtils.java:logGet(44)) - raft.grpc.admin.port = -1 (default)
2022-01-10 11:12:11,331 [Listener at 0.0.0.0/13575] INFO  grpc.GrpcConfigKeys (ConfUtils.java:logGet(44)) - raft.grpc.server.port = 12240 (custom)
2022-01-10 11:12:11,331 [Listener at 0.0.0.0/13575] INFO  grpc.GrpcConfigKeys (ConfUtils.java:logGet(44)) - raft.grpc.client.port = -1 (default)
2022-01-10 11:12:11,332 [Listener at 0.0.0.0/13575] INFO  grpc.GrpcConfigKeys (ConfUtils.java:logGet(44)) - raft.grpc.server.port = 12240 (custom)
2022-01-10 11:12:11,332 [Listener at 0.0.0.0/13575] INFO  grpc.GrpcConfigKeys (ConfUtils.java:logGet(44)) - raft.grpc.server.port = 12240 (custom)
2022-01-10 11:12:11,332 [Listener at 0.0.0.0/13575] INFO  server.GrpcService (ConfUtils.java:logGet(44)) - raft.grpc.message.size.max = 33554432 (custom)
2022-01-10 11:12:11,332 [Listener at 0.0.0.0/13575] INFO  server.RaftServerConfigKeys (ConfUtils.java:logGet(44)) - raft.server.log.appender.buffer.byte-limit = 33554432 (custom)
2022-01-10 11:12:11,332 [Listener at 0.0.0.0/13575] INFO  server.GrpcService (ConfUtils.java:logGet(44)) - raft.grpc.flow.control.window = 1MB (=1048576) (default)
2022-01-10 11:12:11,332 [Listener at 0.0.0.0/13575] INFO  server.RaftServerConfigKeys (ConfUtils.java:logGet(44)) - raft.server.rpc.request.timeout = 3000ms (default)
2022-01-10 11:12:11,334 [Listener at 0.0.0.0/13575] INFO  impl.DataStreamServerImpl (ConfUtils.java:logGet(44)) - raft.datastream.type = DISABLED (default)
2022-01-10 11:12:11,340 [Listener at 0.0.0.0/13575] INFO  server.RaftServerConfigKeys (ConfUtils.java:logGet(44)) - raft.server.rpc.slowness.timeout = 2s (custom)
2022-01-10 11:12:11,341 [Listener at 0.0.0.0/13575] INFO  server.RaftServerConfigKeys (ConfUtils.java:logGet(44)) - raft.server.leaderelection.leader.step-down.wait-time = 10s (default)
2022-01-10 11:12:11,341 [Listener at 0.0.0.0/13575] INFO  server.RaftServerConfigKeys (ConfUtils.java:logGet(44)) - raft.server.storage.dir = [/home/runner/work/ozone/ozone/hadoop-ozone/integration-test/target/test-dir/MiniOzoneClusterImpl-7d1a95dd-ad38-4e88-9004-e3265cc39d2b/omNode-1/ratis] (custom)
2022-01-10 11:12:11,345 [Listener at 0.0.0.0/13575] INFO  server.RaftServer (RaftServerProxy.java:addNew(95)) - omNode-1: addNew group-523986131536:[omNode-1|rpc:localhost:12240|priority:0] returns group-523986131536:java.util.concurrent.CompletableFuture@699f5e36[Not completed]
2022-01-10 11:12:11,345 [Listener at 0.0.0.0/13575] INFO  om.OzoneManager (OzoneManager.java:initializeRatisServer(1834)) - OzoneManager Ratis server initialized at port 12240
2022-01-10 11:12:11,346 [Listener at 0.0.0.0/13575] INFO  ipc.CallQueueManager (CallQueueManager.java:<init>(90)) - Using callQueue: class java.util.concurrent.LinkedBlockingQueue, queueCapacity: 2000, scheduler: class org.apache.hadoop.ipc.DefaultRpcScheduler, ipcBackoff: false.
2022-01-10 11:12:11,347 [pool-288-thread-1] INFO  server.RaftServer$Division (RaftServerImpl.java:<init>(184)) - omNode-1: new RaftServerImpl for group-523986131536:[omNode-1|rpc:localhost:12240|priority:0] with OzoneManagerStateMachine:uninitialized
2022-01-10 11:12:11,353 [Socket Reader #1 for port 12236] INFO  ipc.Server (Server.java:run(1265)) - Starting Socket Reader #1 for port 12236
2022-01-10 11:12:11,370 [pool-288-thread-1] INFO  server.RaftServerConfigKeys (ConfUtils.java:logGet(44)) - raft.server.rpc.timeout.min = 1s (custom)
2022-01-10 11:12:11,370 [pool-288-thread-1] INFO  server.RaftServerConfigKeys (ConfUtils.java:logGet(44)) - raft.server.rpc.timeout.max = 1200ms (custom)
2022-01-10 11:12:11,370 [pool-288-thread-1] INFO  server.RaftServerConfigKeys (ConfUtils.java:logGet(44)) - raft.server.rpc.sleep.time = 25ms (default)
2022-01-10 11:12:11,370 [pool-288-thread-1] INFO  server.RaftServerConfigKeys (ConfUtils.java:logGet(44)) - raft.server.rpc.slowness.timeout = 2s (custom)
2022-01-10 11:12:11,370 [pool-288-thread-1] INFO  server.RaftServerConfigKeys (ConfUtils.java:logGet(44)) - raft.server.leaderelection.leader.step-down.wait-time = 10s (default)
2022-01-10 11:12:11,370 [pool-288-thread-1] INFO  server.RaftServerConfigKeys (ConfUtils.java:logGet(44)) - raft.server.sleep.deviation.threshold = 300ms (default)
2022-01-10 11:12:11,370 [pool-288-thread-1] INFO  server.RaftServerConfigKeys (ConfUtils.java:logGet(44)) - raft.server.log.appender.install.snapshot.enabled = false (custom)
2022-01-10 11:12:11,370 [pool-288-thread-1] INFO  server.RaftServer$Division (ServerState.java:<init>(105)) - omNode-1@group-523986131536: ConfigurationManager, init=-1: [omNode-1|rpc:localhost:12240|priority:0], old=null, confs=<EMPTY_MAP>
2022-01-10 11:12:11,370 [pool-288-thread-1] INFO  server.RaftServerConfigKeys (ConfUtils.java:logGet(44)) - raft.server.storage.dir = [/home/runner/work/ozone/ozone/hadoop-ozone/integration-test/target/test-dir/MiniOzoneClusterImpl-7d1a95dd-ad38-4e88-9004-e3265cc39d2b/omNode-1/ratis] (custom)
2022-01-10 11:12:11,370 [pool-288-thread-1] INFO  server.RaftServerConfigKeys (ConfUtils.java:logGet(44)) - raft.server.log.corruption.policy = EXCEPTION (default)
2022-01-10 11:12:11,370 [pool-288-thread-1] INFO  server.RaftServerConfigKeys (ConfUtils.java:logGet(44)) - raft.server.storage.free-space.min = 0MB (=0) (default)
2022-01-10 11:12:11,371 [pool-288-thread-1] INFO  storage.RaftStorageDirectory (RaftStorageDirectoryImpl.java:analyzeStorage(135)) - The storage directory /home/runner/work/ozone/ozone/hadoop-ozone/integration-test/target/test-dir/MiniOzoneClusterImpl-7d1a95dd-ad38-4e88-9004-e3265cc39d2b/omNode-1/ratis/c9bc4cf4-3bc3-3c60-a66b-523986131536 does not exist. Creating ...
2022-01-10 11:12:11,373 [pool-288-thread-1] INFO  storage.RaftStorageDirectory (RaftStorageDirectoryImpl.java:tryLock(230)) - Lock on /home/runner/work/ozone/ozone/hadoop-ozone/integration-test/target/test-dir/MiniOzoneClusterImpl-7d1a95dd-ad38-4e88-9004-e3265cc39d2b/omNode-1/ratis/c9bc4cf4-3bc3-3c60-a66b-523986131536/in_use.lock acquired by nodename 8189@fv-az270-882
2022-01-10 11:12:11,378 [pool-288-thread-1] INFO  storage.RaftStorage (RaftStorageImpl.java:format(89)) - Storage directory /home/runner/work/ozone/ozone/hadoop-ozone/integration-test/target/test-dir/MiniOzoneClusterImpl-7d1a95dd-ad38-4e88-9004-e3265cc39d2b/omNode-1/ratis/c9bc4cf4-3bc3-3c60-a66b-523986131536 has been successfully formatted.
2022-01-10 11:12:11,379 [pool-288-thread-1] INFO  server.RaftServerConfigKeys (ConfUtils.java:logGet(44)) - raft.server.notification.no-leader.timeout = 2s (custom)
2022-01-10 11:12:11,379 [pool-288-thread-1] INFO  server.RaftServerConfigKeys (ConfUtils.java:logGet(44)) - raft.server.log.use.memory = false (default)
2022-01-10 11:12:11,379 [pool-288-thread-1] INFO  server.RaftServerConfigKeys (ConfUtils.java:logGet(44)) - raft.server.log.purge.gap = 1000000 (custom)
2022-01-10 11:12:11,379 [pool-288-thread-1] INFO  server.RaftServerConfigKeys (ConfUtils.java:logGet(44)) - raft.server.log.appender.buffer.byte-limit = 33554432 (custom)
2022-01-10 11:12:11,379 [pool-288-thread-1] INFO  server.RaftServerConfigKeys (ConfUtils.java:logGet(44)) - raft.server.log.segment.size.max = 4194304 (custom)
2022-01-10 11:12:11,379 [pool-288-thread-1] INFO  server.RaftServerConfigKeys (ConfUtils.java:logGet(44)) - raft.server.log.segment.cache.num.max = 2 (custom)
2022-01-10 11:12:11,379 [pool-288-thread-1] INFO  server.RaftServerConfigKeys (ConfUtils.java:logGet(44)) - raft.server.log.segment.cache.size.max = 200MB (=209715200) (default)
2022-01-10 11:12:11,380 [pool-288-thread-1] INFO  segmented.SegmentedRaftLogWorker (SegmentedRaftLogWorker.java:<init>(182)) - new omNode-1@group-523986131536-SegmentedRaftLogWorker for RaftStorageImpl:Storage Directory /home/runner/work/ozone/ozone/hadoop-ozone/integration-test/target/test-dir/MiniOzoneClusterImpl-7d1a95dd-ad38-4e88-9004-e3265cc39d2b/omNode-1/ratis/c9bc4cf4-3bc3-3c60-a66b-523986131536
2022-01-10 11:12:11,380 [pool-288-thread-1] INFO  server.RaftServerConfigKeys (ConfUtils.java:logGet(44)) - raft.server.log.queue.byte-limit = 64MB (=67108864) (default)
2022-01-10 11:12:11,380 [pool-288-thread-1] INFO  server.RaftServerConfigKeys (ConfUtils.java:logGet(44)) - raft.server.log.queue.element-limit = 4096 (default)
2022-01-10 11:12:11,380 [pool-288-thread-1] INFO  server.RaftServerConfigKeys (ConfUtils.java:logGet(44)) - raft.server.log.segment.size.max = 4194304 (custom)
2022-01-10 11:12:11,380 [pool-288-thread-1] INFO  server.RaftServerConfigKeys (ConfUtils.java:logGet(44)) - raft.server.log.preallocated.size = 4194304 (custom)
2022-01-10 11:12:11,380 [pool-288-thread-1] INFO  server.RaftServerConfigKeys (ConfUtils.java:logGet(44)) - raft.server.log.force.sync.num = 128 (default)
2022-01-10 11:12:11,380 [pool-288-thread-1] INFO  server.RaftServerConfigKeys (ConfUtils.java:logGet(44)) - raft.server.log.statemachine.data.sync = true (default)
2022-01-10 11:12:11,380 [pool-288-thread-1] INFO  server.RaftServerConfigKeys (ConfUtils.java:logGet(44)) - raft.server.log.statemachine.data.sync.timeout = 10s (default)
2022-01-10 11:12:11,380 [pool-288-thread-1] INFO  server.RaftServerConfigKeys (ConfUtils.java:logGet(44)) - raft.server.log.statemachine.data.sync.timeout.retry = -1 (default)
2022-01-10 11:12:11,381 [pool-288-thread-1] INFO  server.RaftServerConfigKeys (ConfUtils.java:logGet(44)) - raft.server.log.write.buffer.size = 64KB (=65536) (default)
2022-01-10 11:12:11,381 [pool-288-thread-1] INFO  server.RaftServerConfigKeys (ConfUtils.java:logGet(44)) - raft.server.log.statemachine.data.caching.enabled = false (default)
2022-01-10 11:12:11,382 [pool-288-thread-1] INFO  segmented.SegmentedRaftLogWorker (SegmentedRaftLogWorker.java:lambda$new$0(133)) - omNode-1@group-523986131536-SegmentedRaftLogWorker: flushIndex: setUnconditionally 0 -> -1
2022-01-10 11:12:11,382 [pool-288-thread-1] INFO  segmented.SegmentedRaftLogWorker (SegmentedRaftLogWorker.java:lambda$new$0(133)) - omNode-1@group-523986131536-SegmentedRaftLogWorker: safeCacheEvictIndex: setUnconditionally 0 -> -1
2022-01-10 11:12:11,390 [pool-288-thread-1] INFO  server.RaftServerConfigKeys (ConfUtils.java:logGet(44)) - raft.server.snapshot.auto.trigger.enabled = true (custom)
2022-01-10 11:12:11,390 [pool-288-thread-1] INFO  server.RaftServerConfigKeys (ConfUtils.java:logGet(44)) - raft.server.snapshot.auto.trigger.threshold = 400000 (default)
2022-01-10 11:12:11,390 [pool-288-thread-1] INFO  server.RaftServerConfigKeys (ConfUtils.java:logGet(44)) - raft.server.snapshot.retention.file.num = -1 (default)
2022-01-10 11:12:11,391 [pool-288-thread-1] INFO  server.RaftServerConfigKeys (ConfUtils.java:logGet(44)) - raft.server.log.purge.upto.snapshot.index = true (custom)
2022-01-10 11:12:11,391 [pool-288-thread-1] INFO  server.RaftServerConfigKeys (ConfUtils.java:logGet(44)) - raft.server.retrycache.expirytime = 300s (custom)
2022-01-10 11:12:11,391 [pool-288-thread-1] INFO  server.RaftServerConfigKeys (ConfUtils.java:logGet(44)) - raft.server.retrycache.statistics.expirytime = 100μs (default)
2022-01-10 11:12:11,406 [Listener at 127.0.0.1/12236] INFO  impl.MetricsSystemImpl (MetricsSystemImpl.java:init(158)) - OzoneManager metrics system started (again)
2022-01-10 11:12:11,409 [EndpointStateMachine task thread for /127.0.0.1:14073 - 0 ] INFO  ipc.Client (Client.java:handleConnectionFailure(977)) - Retrying connect to server: localhost/127.0.0.1:14073. Already tried 9 time(s); retry policy is RetryUpToMaximumCountWithFixedSleep(maxRetries=15, sleepTime=1000 MILLISECONDS)
2022-01-10 11:12:11,410 [EndpointStateMachine task thread for /127.0.0.1:14063 - 0 ] INFO  ipc.Client (Client.java:handleConnectionFailure(977)) - Retrying connect to server: localhost/127.0.0.1:14063. Already tried 6 time(s); retry policy is RetryUpToMaximumCountWithFixedSleep(maxRetries=15, sleepTime=1000 MILLISECONDS)
2022-01-10 11:12:11,448 [Listener at 127.0.0.1/12236] INFO  om.OzoneManager (OzoneManager.java:start(1365)) - OzoneManager RPC server is listening at localhost/127.0.0.1:12236
2022-01-10 11:12:11,453 [Listener at 127.0.0.1/12236] INFO  ratis.OzoneManagerRatisServer (OzoneManagerRatisServer.java:start(554)) - Starting OzoneManagerRatisServer omNode-1 at port 12240
2022-01-10 11:12:11,453 [Listener at 127.0.0.1/12236] INFO  server.RaftServer$Division (RaftServerImpl.java:start(301)) - omNode-1@group-523986131536: start as a follower, conf=-1: [omNode-1|rpc:localhost:12240|priority:0], old=null
2022-01-10 11:12:11,454 [Listener at 127.0.0.1/12236] INFO  server.RaftServer$Division (RaftServerImpl.java:setRole(290)) - omNode-1@group-523986131536: changes role from      null to FOLLOWER at term 0 for startAsFollower
2022-01-10 11:12:11,454 [Listener at 127.0.0.1/12236] INFO  impl.RoleInfo (RoleInfo.java:updateAndGet(130)) - omNode-1: start omNode-1@group-523986131536-FollowerState
2022-01-10 11:12:11,463 [Listener at 127.0.0.1/12236] INFO  util.JmxRegister (JmxRegister.java:tryRegister(44)) - Successfully registered JMX Bean with object name Ratis:service=RaftServer,group=group-523986131536,id=omNode-1
2022-01-10 11:12:11,464 [Listener at 127.0.0.1/12236] INFO  server.RaftServer (RaftServerProxy.java:lambda$start$5(374)) - omNode-1: start RPC server
2022-01-10 11:12:11,465 [Listener at 127.0.0.1/12236] INFO  server.GrpcService (GrpcService.java:startImpl(253)) - omNode-1: GrpcService started, listening on 12240
2022-01-10 11:12:11,473 [Listener at 127.0.0.1/12236] INFO  om.OzoneManager (OzoneManager.java:start(1381)) - Version File has different layout version (0) than OM DB (null). That is expected if this OM has never been finalized to a newer layout version.
2022-01-10 11:12:11,473 [org.apache.ratis.util.JvmPauseMonitor$$Lambda$500/2122256138@3447daf1] INFO  util.JvmPauseMonitor (JvmPauseMonitor.java:run(103)) - JvmPauseMonitor-omNode-1: Started
2022-01-10 11:12:11,498 [Listener at 127.0.0.1/12236] INFO  http.BaseHttpServer (BaseHttpServer.java:newHttpServer2BuilderForOzone(209)) - Starting Web-server for ozoneManager at: http://0.0.0.0:12238
2022-01-10 11:12:11,498 [Listener at 127.0.0.1/12236] INFO  http.BaseHttpServer (BaseHttpServer.java:<init>(107)) - Hadoop Security Enabled: false Ozone Security Enabled: false Ozone HTTP Security Enabled: false 
2022-01-10 11:12:11,499 [Listener at 127.0.0.1/12236] INFO  server.AuthenticationFilter (AuthenticationFilter.java:constructSecretProvider(240)) - Unable to initialize FileSignerSecretProvider, falling back to use random secrets.
2022-01-10 11:12:11,505 [Listener at 127.0.0.1/12236] WARN  http.HttpRequestLog (HttpRequestLog.java:getRequestLog(103)) - Jetty request log can only be enabled using Log4j
2022-01-10 11:12:11,506 [Listener at 127.0.0.1/12236] INFO  http.HttpServer2 (HttpServer2.java:addGlobalFilter(1030)) - Added global filter 'safety' (class=org.apache.hadoop.hdds.server.http.HttpServer2$QuotingInputFilter)
2022-01-10 11:12:11,507 [Listener at 127.0.0.1/12236] INFO  http.HttpServer2 (HttpServer2.java:addFilter(1006)) - Added filter static_user_filter (class=org.apache.hadoop.http.lib.StaticUserWebFilter$StaticUserFilter) to context ozoneManager
2022-01-10 11:12:11,507 [Listener at 127.0.0.1/12236] INFO  http.HttpServer2 (HttpServer2.java:addFilter(1014)) - Added filter static_user_filter (class=org.apache.hadoop.http.lib.StaticUserWebFilter$StaticUserFilter) to context logs
2022-01-10 11:12:11,507 [Listener at 127.0.0.1/12236] INFO  http.HttpServer2 (HttpServer2.java:addFilter(1014)) - Added filter static_user_filter (class=org.apache.hadoop.http.lib.StaticUserWebFilter$StaticUserFilter) to context static
2022-01-10 11:12:11,514 [Listener at 127.0.0.1/12236] INFO  http.HttpServer2 (HttpServer2.java:bindListener(1249)) - Jetty bound to port 12238
2022-01-10 11:12:11,514 [Listener at 127.0.0.1/12236] INFO  server.Server (Server.java:doStart(375)) - jetty-9.4.43.v20210629; built: 2021-06-30T11:07:22.254Z; git: 526006ecfa3af7f1a27ef3a288e2bef7ea9dd7e8; jvm 1.8.0_292-b10
2022-01-10 11:12:11,518 [EndpointStateMachine task thread for /127.0.0.1:14053 - 0 ] INFO  ipc.Client (Client.java:handleConnectionFailure(977)) - Retrying connect to server: localhost/127.0.0.1:14053. Already tried 9 time(s); retry policy is RetryUpToMaximumCountWithFixedSleep(maxRetries=15, sleepTime=1000 MILLISECONDS)
2022-01-10 11:12:11,554 [Listener at 127.0.0.1/12236] INFO  server.session (DefaultSessionIdManager.java:doStart(334)) - DefaultSessionIdManager workerName=node0
2022-01-10 11:12:11,554 [Listener at 127.0.0.1/12236] INFO  server.session (DefaultSessionIdManager.java:doStart(339)) - No SessionScavenger set, using defaults
2022-01-10 11:12:11,555 [Listener at 127.0.0.1/12236] INFO  server.session (HouseKeeper.java:startScavenging(132)) - node0 Scavenging every 660000ms
2022-01-10 11:12:11,563 [Listener at 127.0.0.1/12236] INFO  handler.ContextHandler (ContextHandler.java:doStart(915)) - Started o.e.j.s.ServletContextHandler@7778822b{logs,/logs,file:///home/runner/work/ozone/ozone/hadoop-ozone/integration-test/target/log,AVAILABLE}
2022-01-10 11:12:11,563 [Listener at 127.0.0.1/12236] INFO  handler.ContextHandler (ContextHandler.java:doStart(915)) - Started o.e.j.s.ServletContextHandler@4e218fec{static,/static,file:///home/runner/work/ozone/ozone/hadoop-ozone/integration-test/target/test-classes/webapps/static,AVAILABLE}
2022-01-10 11:12:11,566 [Listener at 127.0.0.1/12236] INFO  handler.ContextHandler (ContextHandler.java:doStart(915)) - Started o.e.j.w.WebAppContext@6608c8d5{ozoneManager,/,file:///home/runner/work/ozone/ozone/hadoop-ozone/integration-test/target/test-classes/webapps/ozoneManager/,AVAILABLE}{file:/home/runner/work/ozone/ozone/hadoop-ozone/integration-test/target/test-classes/webapps/ozoneManager}
2022-01-10 11:12:11,568 [Listener at 127.0.0.1/12236] INFO  server.AbstractConnector (AbstractConnector.java:doStart(331)) - Started ServerConnector@5df0e5f0{HTTP/1.1, (http/1.1)}{0.0.0.0:12238}
2022-01-10 11:12:11,568 [Listener at 127.0.0.1/12236] INFO  server.Server (Server.java:doStart(415)) - Started @96844ms
2022-01-10 11:12:11,569 [Listener at 127.0.0.1/12236] WARN  impl.MetricsSystemImpl (MetricsSystemImpl.java:register(279)) - Sink prometheus already exists!
2022-01-10 11:12:11,573 [Listener at 127.0.0.1/12236] INFO  http.BaseHttpServer (BaseHttpServer.java:updateConnectorAddress(329)) - HTTP server of ozoneManager listening at http://0.0.0.0:12238
2022-01-10 11:12:11,578 [IPC Server Responder] INFO  ipc.Server (Server.java:run(1507)) - IPC Server Responder: starting
2022-01-10 11:12:11,578 [IPC Server listener on 12236] INFO  ipc.Server (Server.java:run(1344)) - IPC Server listener on 12236: starting
2022-01-10 11:12:11,616 [Listener at 127.0.0.1/12236] INFO  om.OzoneManager (OzoneManager.java:startTrashEmptier(1792)) - Trash Interval set to 0. Files deleted will not move to trash
2022-01-10 11:12:11,617 [Listener at 127.0.0.1/12236] INFO  ozone.MiniOzoneHAClusterImpl (MiniOzoneHAClusterImpl.java:createOMService(503)) - Started OzoneManager omNode-1 RPC server at localhost/127.0.0.1:12236
2022-01-10 11:12:11,629 [org.apache.hadoop.util.JvmPauseMonitor$Monitor@3ce3a01] INFO  util.JvmPauseMonitor (JvmPauseMonitor.java:run(188)) - Starting JVM pause monitor
2022-01-10 11:12:11,640 [Listener at 127.0.0.1/12236] WARN  impl.MetricRegistriesImpl (MetricRegistriesImpl.java:addReporterRegistration(111)) - New reporters are added after registries were created. Some metrics will be missing from the reporter. Please add reporter before adding any new registry.
2022-01-10 11:12:11,640 [Listener at 127.0.0.1/12236] WARN  impl.MetricRegistriesImpl (MetricRegistriesImpl.java:addReporterRegistration(111)) - New reporters are added after registries were created. Some metrics will be missing from the reporter. Please add reporter before adding any new registry.
2022-01-10 11:12:11,640 [Listener at 127.0.0.1/12236] INFO  impl.MetricsSystemImpl (MetricsSystemImpl.java:init(158)) - HddsDatanode metrics system started (again)
2022-01-10 11:12:11,682 [Listener at 127.0.0.1/12236] INFO  ozone.HddsDatanodeService (HddsDatanodeService.java:start(234)) - HddsDatanodeService host:fv-az270-882.tacnzluakwdehk1hpragurqkma.bx.internal.cloudapp.net ip:10.1.0.7
2022-01-10 11:12:11,732 [Listener at 127.0.0.1/12236] INFO  upgrade.AbstractLayoutVersionManager (AbstractLayoutVersionManager.java:init(79)) - Initializing Layout version manager with metadata layout = SCM_HA (version = 2), software layout = SCM_HA (version = 2)
2022-01-10 11:12:11,849 [Listener at 127.0.0.1/12236] INFO  reflections.Reflections (Reflections.java:scan(232)) - Reflections took 115 ms to scan 7 urls, producing 119 keys and 279 values 
2022-01-10 11:12:11,852 [Listener at 127.0.0.1/12236] INFO  ha.SCMNodeInfo (SCMNodeInfo.java:getPort(197)) - ConfigKey ozone.scm.client.address is deprecated, For configuring different ports for each SCM use PortConfigKey ozone.scm.client.port appended with serviceId and nodeId
2022-01-10 11:12:11,852 [Listener at 127.0.0.1/12236] INFO  ha.SCMNodeInfo (SCMNodeInfo.java:getPort(197)) - ConfigKey ozone.scm.block.client.address is deprecated, For configuring different ports for each SCM use PortConfigKey ozone.scm.block.client.port appended with serviceId and nodeId
2022-01-10 11:12:11,852 [Listener at 127.0.0.1/12236] INFO  ha.SCMNodeInfo (SCMNodeInfo.java:getPort(197)) - ConfigKey ozone.scm.datanode.address is deprecated, For configuring different ports for each SCM use PortConfigKey ozone.scm.datanode.port appended with serviceId and nodeId
2022-01-10 11:12:11,853 [Listener at 127.0.0.1/12236] INFO  ha.SCMNodeInfo (SCMNodeInfo.java:getPort(197)) - ConfigKey ozone.scm.client.address is deprecated, For configuring different ports for each SCM use PortConfigKey ozone.scm.client.port appended with serviceId and nodeId
2022-01-10 11:12:11,853 [Listener at 127.0.0.1/12236] INFO  ha.SCMNodeInfo (SCMNodeInfo.java:getPort(197)) - ConfigKey ozone.scm.block.client.address is deprecated, For configuring different ports for each SCM use PortConfigKey ozone.scm.block.client.port appended with serviceId and nodeId
2022-01-10 11:12:11,853 [Listener at 127.0.0.1/12236] INFO  ha.SCMNodeInfo (SCMNodeInfo.java:getPort(197)) - ConfigKey ozone.scm.datanode.address is deprecated, For configuring different ports for each SCM use PortConfigKey ozone.scm.datanode.port appended with serviceId and nodeId
2022-01-10 11:12:11,854 [Listener at 127.0.0.1/12236] INFO  ha.SCMNodeInfo (SCMNodeInfo.java:getPort(197)) - ConfigKey ozone.scm.client.address is deprecated, For configuring different ports for each SCM use PortConfigKey ozone.scm.client.port appended with serviceId and nodeId
2022-01-10 11:12:11,854 [Listener at 127.0.0.1/12236] INFO  ha.SCMNodeInfo (SCMNodeInfo.java:getPort(197)) - ConfigKey ozone.scm.block.client.address is deprecated, For configuring different ports for each SCM use PortConfigKey ozone.scm.block.client.port appended with serviceId and nodeId
2022-01-10 11:12:11,854 [Listener at 127.0.0.1/12236] INFO  ha.SCMNodeInfo (SCMNodeInfo.java:getPort(197)) - ConfigKey ozone.scm.datanode.address is deprecated, For configuring different ports for each SCM use PortConfigKey ozone.scm.datanode.port appended with serviceId and nodeId
2022-01-10 11:12:11,854 [Listener at 127.0.0.1/12236] INFO  statemachine.DatanodeStateMachine (DatanodeStateMachine.java:getEndPointTaskThreadPoolSize(219)) - Datanode State Machine Task Thread Pool size 4
2022-01-10 11:12:11,855 [Listener at 127.0.0.1/12236] INFO  volume.HddsVolume (HddsVolume.java:<init>(120)) - Creating HddsVolume: /home/runner/work/ozone/ozone/hadoop-ozone/integration-test/target/test-dir/MiniOzoneClusterImpl-7d1a95dd-ad38-4e88-9004-e3265cc39d2b/datanode-0/data-0/containers/hdds of storage type : DISK capacity : 9223372036854775807
2022-01-10 11:12:11,856 [Listener at 127.0.0.1/12236] INFO  volume.MutableVolumeSet (MutableVolumeSet.java:initializeVolumeSet(168)) - Added Volume : /home/runner/work/ozone/ozone/hadoop-ozone/integration-test/target/test-dir/MiniOzoneClusterImpl-7d1a95dd-ad38-4e88-9004-e3265cc39d2b/datanode-0/data-0/containers/hdds to VolumeSet
2022-01-10 11:12:11,856 [Listener at 127.0.0.1/12236] INFO  volume.ThrottledAsyncChecker (ThrottledAsyncChecker.java:schedule(141)) - Scheduling a check for /home/runner/work/ozone/ozone/hadoop-ozone/integration-test/target/test-dir/MiniOzoneClusterImpl-7d1a95dd-ad38-4e88-9004-e3265cc39d2b/datanode-0/data-0/containers/hdds
2022-01-10 11:12:11,856 [Listener at 127.0.0.1/12236] INFO  volume.StorageVolumeChecker (StorageVolumeChecker.java:checkAllVolumes(202)) - Scheduled health check for volume /home/runner/work/ozone/ozone/hadoop-ozone/integration-test/target/test-dir/MiniOzoneClusterImpl-7d1a95dd-ad38-4e88-9004-e3265cc39d2b/datanode-0/data-0/containers/hdds
2022-01-10 11:12:11,873 [Listener at 127.0.0.1/12236] INFO  volume.MutableVolumeSet (MutableVolumeSet.java:initializeVolumeSet(168)) - Added Volume : /home/runner/work/ozone/ozone/hadoop-ozone/integration-test/target/test-dir/MiniOzoneClusterImpl-7d1a95dd-ad38-4e88-9004-e3265cc39d2b/datanode-0/data/ratis to VolumeSet
2022-01-10 11:12:11,888 [Listener at 127.0.0.1/12236] INFO  volume.ThrottledAsyncChecker (ThrottledAsyncChecker.java:schedule(141)) - Scheduling a check for /home/runner/work/ozone/ozone/hadoop-ozone/integration-test/target/test-dir/MiniOzoneClusterImpl-7d1a95dd-ad38-4e88-9004-e3265cc39d2b/datanode-0/data/ratis
2022-01-10 11:12:11,888 [Listener at 127.0.0.1/12236] INFO  volume.StorageVolumeChecker (StorageVolumeChecker.java:checkAllVolumes(202)) - Scheduled health check for volume /home/runner/work/ozone/ozone/hadoop-ozone/integration-test/target/test-dir/MiniOzoneClusterImpl-7d1a95dd-ad38-4e88-9004-e3265cc39d2b/datanode-0/data/ratis
2022-01-10 11:12:11,908 [Thread-1461] INFO  ozoneimpl.ContainerReader (ContainerReader.java:readVolume(172)) - Finish verifying containers on volume /home/runner/work/ozone/ozone/hadoop-ozone/integration-test/target/test-dir/MiniOzoneClusterImpl-7d1a95dd-ad38-4e88-9004-e3265cc39d2b/datanode-0/data-0/containers/hdds
2022-01-10 11:12:11,908 [Listener at 127.0.0.1/12236] INFO  ozoneimpl.OzoneContainer (OzoneContainer.java:buildContainerSet(237)) - Build ContainerSet costs 0s
2022-01-10 11:12:11,917 [Listener at 127.0.0.1/12236] INFO  server.RaftServer (ConfUtils.java:logGet(44)) - raft.rpc.type = GRPC (default)
2022-01-10 11:12:11,917 [Listener at 127.0.0.1/12236] INFO  grpc.GrpcFactory (GrpcFactory.java:checkPooledByteBufAllocatorUseCacheForAllThreads(48)) - PERFORMANCE WARNING: useCacheForAllThreads is true that may cause Netty to create a lot garbage objects and, as a result, trigger GC.
	It is recommended to disable useCacheForAllThreads by setting -Dorg.apache.ratis.thirdparty.io.netty.allocator.useCacheForAllThreads=false in command line.
2022-01-10 11:12:11,918 [Listener at 127.0.0.1/12236] INFO  grpc.GrpcConfigKeys (ConfUtils.java:logGet(44)) - raft.grpc.admin.port = 0 (custom)
2022-01-10 11:12:11,918 [Listener at 127.0.0.1/12236] INFO  grpc.GrpcConfigKeys (ConfUtils.java:logGet(44)) - raft.grpc.client.port = 0 (custom)
2022-01-10 11:12:11,920 [Listener at 127.0.0.1/12236] INFO  grpc.GrpcConfigKeys (ConfUtils.java:logGet(44)) - raft.grpc.server.port = 0 (default)
2022-01-10 11:12:11,920 [Listener at 127.0.0.1/12236] INFO  server.GrpcService (ConfUtils.java:logGet(44)) - raft.grpc.message.size.max = 32MB (=33554432) (custom)
2022-01-10 11:12:11,920 [Listener at 127.0.0.1/12236] INFO  server.RaftServerConfigKeys (ConfUtils.java:logGet(44)) - raft.server.log.appender.buffer.byte-limit = 33554432 (custom)
2022-01-10 11:12:11,920 [Listener at 127.0.0.1/12236] INFO  server.GrpcService (ConfUtils.java:logGet(44)) - raft.grpc.flow.control.window = 5MB (=5242880) (custom)
2022-01-10 11:12:11,921 [Listener at 127.0.0.1/12236] INFO  server.RaftServerConfigKeys (ConfUtils.java:logGet(44)) - raft.server.rpc.request.timeout = 60s (custom)
2022-01-10 11:12:11,925 [Listener at 127.0.0.1/12236] INFO  impl.DataStreamServerImpl (ConfUtils.java:logGet(44)) - raft.datastream.type = DISABLED (default)
2022-01-10 11:12:11,925 [Listener at 127.0.0.1/12236] INFO  server.RaftServerConfigKeys (ConfUtils.java:logGet(44)) - raft.server.rpc.slowness.timeout = 300s (custom)
2022-01-10 11:12:11,925 [Listener at 127.0.0.1/12236] INFO  server.RaftServerConfigKeys (ConfUtils.java:logGet(44)) - raft.server.leaderelection.leader.step-down.wait-time = 10s (default)
2022-01-10 11:12:11,925 [Listener at 127.0.0.1/12236] INFO  server.RaftServerConfigKeys (ConfUtils.java:logGet(44)) - raft.server.storage.dir = [/home/runner/work/ozone/ozone/hadoop-ozone/integration-test/target/test-dir/MiniOzoneClusterImpl-7d1a95dd-ad38-4e88-9004-e3265cc39d2b/datanode-0/data/ratis] (custom)
2022-01-10 11:12:11,927 [Listener at 127.0.0.1/12236] INFO  server.XceiverServerGrpc (XceiverServerGrpc.java:<init>(132)) - GrpcServer channel type EpollServerSocketChannel
2022-01-10 11:12:11,931 [Listener at 127.0.0.1/12236] INFO  http.BaseHttpServer (BaseHttpServer.java:newHttpServer2BuilderForOzone(209)) - Starting Web-server for hddsDatanode at: http://0.0.0.0:0
2022-01-10 11:12:11,931 [Listener at 127.0.0.1/12236] INFO  http.BaseHttpServer (BaseHttpServer.java:<init>(107)) - Hadoop Security Enabled: false Ozone Security Enabled: false Ozone HTTP Security Enabled: false 
2022-01-10 11:12:11,932 [Listener at 127.0.0.1/12236] INFO  server.AuthenticationFilter (AuthenticationFilter.java:constructSecretProvider(240)) - Unable to initialize FileSignerSecretProvider, falling back to use random secrets.
2022-01-10 11:12:11,933 [Listener at 127.0.0.1/12236] WARN  http.HttpRequestLog (HttpRequestLog.java:getRequestLog(103)) - Jetty request log can only be enabled using Log4j
2022-01-10 11:12:11,934 [Listener at 127.0.0.1/12236] INFO  http.HttpServer2 (HttpServer2.java:addGlobalFilter(1030)) - Added global filter 'safety' (class=org.apache.hadoop.hdds.server.http.HttpServer2$QuotingInputFilter)
2022-01-10 11:12:11,934 [Listener at 127.0.0.1/12236] INFO  http.HttpServer2 (HttpServer2.java:addFilter(1006)) - Added filter static_user_filter (class=org.apache.hadoop.http.lib.StaticUserWebFilter$StaticUserFilter) to context hddsDatanode
2022-01-10 11:12:11,935 [Listener at 127.0.0.1/12236] INFO  http.HttpServer2 (HttpServer2.java:addFilter(1014)) - Added filter static_user_filter (class=org.apache.hadoop.http.lib.StaticUserWebFilter$StaticUserFilter) to context static
2022-01-10 11:12:11,935 [Listener at 127.0.0.1/12236] INFO  http.HttpServer2 (HttpServer2.java:addFilter(1014)) - Added filter static_user_filter (class=org.apache.hadoop.http.lib.StaticUserWebFilter$StaticUserFilter) to context logs
2022-01-10 11:12:11,938 [Listener at 127.0.0.1/12236] INFO  http.HttpServer2 (HttpServer2.java:bindListener(1249)) - Jetty bound to port 45727
2022-01-10 11:12:11,939 [Listener at 127.0.0.1/12236] INFO  server.Server (Server.java:doStart(375)) - jetty-9.4.43.v20210629; built: 2021-06-30T11:07:22.254Z; git: 526006ecfa3af7f1a27ef3a288e2bef7ea9dd7e8; jvm 1.8.0_292-b10
2022-01-10 11:12:11,941 [Listener at 127.0.0.1/12236] INFO  server.session (DefaultSessionIdManager.java:doStart(334)) - DefaultSessionIdManager workerName=node0
2022-01-10 11:12:11,942 [Listener at 127.0.0.1/12236] INFO  server.session (DefaultSessionIdManager.java:doStart(339)) - No SessionScavenger set, using defaults
2022-01-10 11:12:11,942 [Listener at 127.0.0.1/12236] INFO  server.session (HouseKeeper.java:startScavenging(132)) - node0 Scavenging every 660000ms
2022-01-10 11:12:11,942 [Listener at 127.0.0.1/12236] INFO  handler.ContextHandler (ContextHandler.java:doStart(915)) - Started o.e.j.s.ServletContextHandler@56c7ec0a{logs,/logs,file:///home/runner/work/ozone/ozone/hadoop-ozone/integration-test/target/log,AVAILABLE}
2022-01-10 11:12:11,943 [Listener at 127.0.0.1/12236] INFO  handler.ContextHandler (ContextHandler.java:doStart(915)) - Started o.e.j.s.ServletContextHandler@3486cb21{static,/static,jar:file:/home/runner/.m2/repository/org/apache/ozone/hdds-container-service/1.3.0-SNAPSHOT/hdds-container-service-1.3.0-SNAPSHOT.jar!/webapps/static,AVAILABLE}
2022-01-10 11:12:12,007 [Listener at 127.0.0.1/12236] INFO  handler.ContextHandler (ContextHandler.java:doStart(915)) - Started o.e.j.w.WebAppContext@4757e01{hddsDatanode,/,file:///tmp/jetty-0_0_0_0-45727-hdds-container-service-1_3_0-SNAPSHOT_jar-_-any-8899594120580954154/webapp/,AVAILABLE}{jar:file:/home/runner/.m2/repository/org/apache/ozone/hdds-container-service/1.3.0-SNAPSHOT/hdds-container-service-1.3.0-SNAPSHOT.jar!/webapps/hddsDatanode}
2022-01-10 11:12:12,011 [Listener at 127.0.0.1/12236] INFO  server.AbstractConnector (AbstractConnector.java:doStart(331)) - Started ServerConnector@69f4fa56{HTTP/1.1, (http/1.1)}{0.0.0.0:45727}
2022-01-10 11:12:12,011 [Listener at 127.0.0.1/12236] INFO  server.Server (Server.java:doStart(415)) - Started @97287ms
2022-01-10 11:12:12,012 [Listener at 127.0.0.1/12236] WARN  impl.MetricsSystemImpl (MetricsSystemImpl.java:register(279)) - Sink prometheus already exists!
2022-01-10 11:12:12,012 [Listener at 127.0.0.1/12236] INFO  http.BaseHttpServer (BaseHttpServer.java:updateConnectorAddress(329)) - HTTP server of hddsDatanode listening at http://0.0.0.0:45727
2022-01-10 11:12:12,021 [Listener at 127.0.0.1/12236] WARN  impl.MetricRegistriesImpl (MetricRegistriesImpl.java:addReporterRegistration(111)) - New reporters are added after registries were created. Some metrics will be missing from the reporter. Please add reporter before adding any new registry.
2022-01-10 11:12:12,022 [Listener at 127.0.0.1/12236] WARN  impl.MetricRegistriesImpl (MetricRegistriesImpl.java:addReporterRegistration(111)) - New reporters are added after registries were created. Some metrics will be missing from the reporter. Please add reporter before adding any new registry.
2022-01-10 11:12:12,022 [Listener at 127.0.0.1/12236] INFO  impl.MetricsSystemImpl (MetricsSystemImpl.java:init(158)) - HddsDatanode metrics system started (again)
2022-01-10 11:12:12,057 [Datanode State Machine Daemon Thread] INFO  statemachine.DatanodeStateMachine (DatanodeStateMachine.java:lambda$startDaemon$0(467)) - Ozone container server started.
2022-01-10 11:12:12,064 [Listener at 127.0.0.1/12236] INFO  ozone.HddsDatanodeService (HddsDatanodeService.java:start(234)) - HddsDatanodeService host:fv-az270-882.tacnzluakwdehk1hpragurqkma.bx.internal.cloudapp.net ip:10.1.0.7
2022-01-10 11:12:12,077 [org.apache.hadoop.util.JvmPauseMonitor$Monitor@6a4c8832] INFO  util.JvmPauseMonitor (JvmPauseMonitor.java:run(188)) - Starting JVM pause monitor
2022-01-10 11:12:12,089 [Datanode State Machine Task Thread - 0] INFO  ha.SCMNodeInfo (SCMNodeInfo.java:getPort(197)) - ConfigKey ozone.scm.client.address is deprecated, For configuring different ports for each SCM use PortConfigKey ozone.scm.client.port appended with serviceId and nodeId
2022-01-10 11:12:12,089 [Datanode State Machine Task Thread - 0] INFO  ha.SCMNodeInfo (SCMNodeInfo.java:getPort(197)) - ConfigKey ozone.scm.block.client.address is deprecated, For configuring different ports for each SCM use PortConfigKey ozone.scm.block.client.port appended with serviceId and nodeId
2022-01-10 11:12:12,089 [Datanode State Machine Task Thread - 0] INFO  ha.SCMNodeInfo (SCMNodeInfo.java:getPort(197)) - ConfigKey ozone.scm.datanode.address is deprecated, For configuring different ports for each SCM use PortConfigKey ozone.scm.datanode.port appended with serviceId and nodeId
2022-01-10 11:12:12,089 [Datanode State Machine Task Thread - 0] INFO  ha.SCMNodeInfo (SCMNodeInfo.java:getPort(197)) - ConfigKey ozone.scm.client.address is deprecated, For configuring different ports for each SCM use PortConfigKey ozone.scm.client.port appended with serviceId and nodeId
2022-01-10 11:12:12,089 [Datanode State Machine Task Thread - 0] INFO  ha.SCMNodeInfo (SCMNodeInfo.java:getPort(197)) - ConfigKey ozone.scm.block.client.address is deprecated, For configuring different ports for each SCM use PortConfigKey ozone.scm.block.client.port appended with serviceId and nodeId
2022-01-10 11:12:12,089 [Datanode State Machine Task Thread - 0] INFO  ha.SCMNodeInfo (SCMNodeInfo.java:getPort(197)) - ConfigKey ozone.scm.datanode.address is deprecated, For configuring different ports for each SCM use PortConfigKey ozone.scm.datanode.port appended with serviceId and nodeId
2022-01-10 11:12:12,090 [Datanode State Machine Task Thread - 0] INFO  ha.SCMNodeInfo (SCMNodeInfo.java:getPort(197)) - ConfigKey ozone.scm.client.address is deprecated, For configuring different ports for each SCM use PortConfigKey ozone.scm.client.port appended with serviceId and nodeId
2022-01-10 11:12:12,090 [Datanode State Machine Task Thread - 0] INFO  ha.SCMNodeInfo (SCMNodeInfo.java:getPort(197)) - ConfigKey ozone.scm.block.client.address is deprecated, For configuring different ports for each SCM use PortConfigKey ozone.scm.block.client.port appended with serviceId and nodeId
2022-01-10 11:12:12,090 [Datanode State Machine Task Thread - 0] INFO  ha.SCMNodeInfo (SCMNodeInfo.java:getPort(197)) - ConfigKey ozone.scm.datanode.address is deprecated, For configuring different ports for each SCM use PortConfigKey ozone.scm.datanode.port appended with serviceId and nodeId
2022-01-10 11:12:12,099 [Datanode State Machine Task Thread - 0] INFO  datanode.InitDatanodeState (InitDatanodeState.java:persistContainerDatanodeDetails(145)) - DatanodeDetails is persisted to /home/runner/work/ozone/ozone/hadoop-ozone/integration-test/target/test-dir/MiniOzoneClusterImpl-7d1a95dd-ad38-4e88-9004-e3265cc39d2b/datanode-0/meta/datanode.id
2022-01-10 11:12:12,112 [Listener at 127.0.0.1/12236] INFO  upgrade.AbstractLayoutVersionManager (AbstractLayoutVersionManager.java:init(79)) - Initializing Layout version manager with metadata layout = SCM_HA (version = 2), software layout = SCM_HA (version = 2)
2022-01-10 11:12:12,211 [Listener at 127.0.0.1/12236] INFO  reflections.Reflections (Reflections.java:scan(232)) - Reflections took 98 ms to scan 7 urls, producing 119 keys and 279 values 
2022-01-10 11:12:12,214 [Listener at 127.0.0.1/12236] INFO  ha.SCMNodeInfo (SCMNodeInfo.java:getPort(197)) - ConfigKey ozone.scm.client.address is deprecated, For configuring different ports for each SCM use PortConfigKey ozone.scm.client.port appended with serviceId and nodeId
2022-01-10 11:12:12,215 [Listener at 127.0.0.1/12236] INFO  ha.SCMNodeInfo (SCMNodeInfo.java:getPort(197)) - ConfigKey ozone.scm.block.client.address is deprecated, For configuring different ports for each SCM use PortConfigKey ozone.scm.block.client.port appended with serviceId and nodeId
2022-01-10 11:12:12,215 [Listener at 127.0.0.1/12236] INFO  ha.SCMNodeInfo (SCMNodeInfo.java:getPort(197)) - ConfigKey ozone.scm.datanode.address is deprecated, For configuring different ports for each SCM use PortConfigKey ozone.scm.datanode.port appended with serviceId and nodeId
2022-01-10 11:12:12,215 [Listener at 127.0.0.1/12236] INFO  ha.SCMNodeInfo (SCMNodeInfo.java:getPort(197)) - ConfigKey ozone.scm.client.address is deprecated, For configuring different ports for each SCM use PortConfigKey ozone.scm.client.port appended with serviceId and nodeId
2022-01-10 11:12:12,215 [Listener at 127.0.0.1/12236] INFO  ha.SCMNodeInfo (SCMNodeInfo.java:getPort(197)) - ConfigKey ozone.scm.block.client.address is deprecated, For configuring different ports for each SCM use PortConfigKey ozone.scm.block.client.port appended with serviceId and nodeId
2022-01-10 11:12:12,215 [Listener at 127.0.0.1/12236] INFO  ha.SCMNodeInfo (SCMNodeInfo.java:getPort(197)) - ConfigKey ozone.scm.datanode.address is deprecated, For configuring different ports for each SCM use PortConfigKey ozone.scm.datanode.port appended with serviceId and nodeId
2022-01-10 11:12:12,215 [Listener at 127.0.0.1/12236] INFO  ha.SCMNodeInfo (SCMNodeInfo.java:getPort(197)) - ConfigKey ozone.scm.client.address is deprecated, For configuring different ports for each SCM use PortConfigKey ozone.scm.client.port appended with serviceId and nodeId
2022-01-10 11:12:12,215 [Listener at 127.0.0.1/12236] INFO  ha.SCMNodeInfo (SCMNodeInfo.java:getPort(197)) - ConfigKey ozone.scm.block.client.address is deprecated, For configuring different ports for each SCM use PortConfigKey ozone.scm.block.client.port appended with serviceId and nodeId
2022-01-10 11:12:12,215 [Listener at 127.0.0.1/12236] INFO  ha.SCMNodeInfo (SCMNodeInfo.java:getPort(197)) - ConfigKey ozone.scm.datanode.address is deprecated, For configuring different ports for each SCM use PortConfigKey ozone.scm.datanode.port appended with serviceId and nodeId
2022-01-10 11:12:12,216 [Listener at 127.0.0.1/12236] INFO  statemachine.DatanodeStateMachine (DatanodeStateMachine.java:getEndPointTaskThreadPoolSize(219)) - Datanode State Machine Task Thread Pool size 4
2022-01-10 11:12:12,230 [Listener at 127.0.0.1/12236] INFO  volume.HddsVolume (HddsVolume.java:<init>(120)) - Creating HddsVolume: /home/runner/work/ozone/ozone/hadoop-ozone/integration-test/target/test-dir/MiniOzoneClusterImpl-7d1a95dd-ad38-4e88-9004-e3265cc39d2b/datanode-1/data-0/containers/hdds of storage type : DISK capacity : 9223372036854775807
2022-01-10 11:12:12,232 [Listener at 127.0.0.1/12236] INFO  volume.MutableVolumeSet (MutableVolumeSet.java:initializeVolumeSet(168)) - Added Volume : /home/runner/work/ozone/ozone/hadoop-ozone/integration-test/target/test-dir/MiniOzoneClusterImpl-7d1a95dd-ad38-4e88-9004-e3265cc39d2b/datanode-1/data-0/containers/hdds to VolumeSet
2022-01-10 11:12:12,232 [Listener at 127.0.0.1/12236] INFO  volume.ThrottledAsyncChecker (ThrottledAsyncChecker.java:schedule(141)) - Scheduling a check for /home/runner/work/ozone/ozone/hadoop-ozone/integration-test/target/test-dir/MiniOzoneClusterImpl-7d1a95dd-ad38-4e88-9004-e3265cc39d2b/datanode-1/data-0/containers/hdds
2022-01-10 11:12:12,245 [Listener at 127.0.0.1/12236] INFO  volume.StorageVolumeChecker (StorageVolumeChecker.java:checkAllVolumes(202)) - Scheduled health check for volume /home/runner/work/ozone/ozone/hadoop-ozone/integration-test/target/test-dir/MiniOzoneClusterImpl-7d1a95dd-ad38-4e88-9004-e3265cc39d2b/datanode-1/data-0/containers/hdds
2022-01-10 11:12:12,263 [Listener at 127.0.0.1/12236] INFO  volume.MutableVolumeSet (MutableVolumeSet.java:initializeVolumeSet(168)) - Added Volume : /home/runner/work/ozone/ozone/hadoop-ozone/integration-test/target/test-dir/MiniOzoneClusterImpl-7d1a95dd-ad38-4e88-9004-e3265cc39d2b/datanode-1/data/ratis to VolumeSet
2022-01-10 11:12:12,263 [Listener at 127.0.0.1/12236] INFO  volume.ThrottledAsyncChecker (ThrottledAsyncChecker.java:schedule(141)) - Scheduling a check for /home/runner/work/ozone/ozone/hadoop-ozone/integration-test/target/test-dir/MiniOzoneClusterImpl-7d1a95dd-ad38-4e88-9004-e3265cc39d2b/datanode-1/data/ratis
2022-01-10 11:12:12,263 [Listener at 127.0.0.1/12236] INFO  volume.StorageVolumeChecker (StorageVolumeChecker.java:checkAllVolumes(202)) - Scheduled health check for volume /home/runner/work/ozone/ozone/hadoop-ozone/integration-test/target/test-dir/MiniOzoneClusterImpl-7d1a95dd-ad38-4e88-9004-e3265cc39d2b/datanode-1/data/ratis
2022-01-10 11:12:12,275 [Thread-1473] INFO  ozoneimpl.ContainerReader (ContainerReader.java:readVolume(172)) - Finish verifying containers on volume /home/runner/work/ozone/ozone/hadoop-ozone/integration-test/target/test-dir/MiniOzoneClusterImpl-7d1a95dd-ad38-4e88-9004-e3265cc39d2b/datanode-1/data-0/containers/hdds
2022-01-10 11:12:12,275 [Listener at 127.0.0.1/12236] INFO  ozoneimpl.OzoneContainer (OzoneContainer.java:buildContainerSet(237)) - Build ContainerSet costs 0s
2022-01-10 11:12:12,278 [Listener at 127.0.0.1/12236] INFO  server.RaftServer (ConfUtils.java:logGet(44)) - raft.rpc.type = GRPC (default)
2022-01-10 11:12:12,278 [Listener at 127.0.0.1/12236] INFO  grpc.GrpcFactory (GrpcFactory.java:checkPooledByteBufAllocatorUseCacheForAllThreads(48)) - PERFORMANCE WARNING: useCacheForAllThreads is true that may cause Netty to create a lot garbage objects and, as a result, trigger GC.
	It is recommended to disable useCacheForAllThreads by setting -Dorg.apache.ratis.thirdparty.io.netty.allocator.useCacheForAllThreads=false in command line.
2022-01-10 11:12:12,278 [Listener at 127.0.0.1/12236] INFO  grpc.GrpcConfigKeys (ConfUtils.java:logGet(44)) - raft.grpc.admin.port = 0 (custom)
2022-01-10 11:12:12,278 [Listener at 127.0.0.1/12236] INFO  grpc.GrpcConfigKeys (ConfUtils.java:logGet(44)) - raft.grpc.client.port = 0 (custom)
2022-01-10 11:12:12,278 [Listener at 127.0.0.1/12236] INFO  grpc.GrpcConfigKeys (ConfUtils.java:logGet(44)) - raft.grpc.server.port = 0 (default)
2022-01-10 11:12:12,279 [Listener at 127.0.0.1/12236] INFO  server.GrpcService (ConfUtils.java:logGet(44)) - raft.grpc.message.size.max = 32MB (=33554432) (custom)
2022-01-10 11:12:12,279 [Listener at 127.0.0.1/12236] INFO  server.RaftServerConfigKeys (ConfUtils.java:logGet(44)) - raft.server.log.appender.buffer.byte-limit = 33554432 (custom)
2022-01-10 11:12:12,279 [Listener at 127.0.0.1/12236] INFO  server.GrpcService (ConfUtils.java:logGet(44)) - raft.grpc.flow.control.window = 5MB (=5242880) (custom)
2022-01-10 11:12:12,279 [Listener at 127.0.0.1/12236] INFO  server.RaftServerConfigKeys (ConfUtils.java:logGet(44)) - raft.server.rpc.request.timeout = 60s (custom)
2022-01-10 11:12:12,280 [Listener at 127.0.0.1/12236] INFO  impl.DataStreamServerImpl (ConfUtils.java:logGet(44)) - raft.datastream.type = DISABLED (default)
2022-01-10 11:12:12,281 [Listener at 127.0.0.1/12236] INFO  server.RaftServerConfigKeys (ConfUtils.java:logGet(44)) - raft.server.rpc.slowness.timeout = 300s (custom)
2022-01-10 11:12:12,281 [Listener at 127.0.0.1/12236] INFO  server.RaftServerConfigKeys (ConfUtils.java:logGet(44)) - raft.server.leaderelection.leader.step-down.wait-time = 10s (default)
2022-01-10 11:12:12,281 [Listener at 127.0.0.1/12236] INFO  server.RaftServerConfigKeys (ConfUtils.java:logGet(44)) - raft.server.storage.dir = [/home/runner/work/ozone/ozone/hadoop-ozone/integration-test/target/test-dir/MiniOzoneClusterImpl-7d1a95dd-ad38-4e88-9004-e3265cc39d2b/datanode-1/data/ratis] (custom)
2022-01-10 11:12:12,282 [Listener at 127.0.0.1/12236] INFO  server.XceiverServerGrpc (XceiverServerGrpc.java:<init>(132)) - GrpcServer channel type EpollServerSocketChannel
2022-01-10 11:12:12,291 [Listener at 127.0.0.1/12236] INFO  http.BaseHttpServer (BaseHttpServer.java:newHttpServer2BuilderForOzone(209)) - Starting Web-server for hddsDatanode at: http://0.0.0.0:0
2022-01-10 11:12:12,291 [Listener at 127.0.0.1/12236] INFO  http.BaseHttpServer (BaseHttpServer.java:<init>(107)) - Hadoop Security Enabled: false Ozone Security Enabled: false Ozone HTTP Security Enabled: false 
2022-01-10 11:12:12,292 [Listener at 127.0.0.1/12236] INFO  server.AuthenticationFilter (AuthenticationFilter.java:constructSecretProvider(240)) - Unable to initialize FileSignerSecretProvider, falling back to use random secrets.
2022-01-10 11:12:12,306 [Listener at 127.0.0.1/12236] WARN  http.HttpRequestLog (HttpRequestLog.java:getRequestLog(103)) - Jetty request log can only be enabled using Log4j
2022-01-10 11:12:12,307 [Listener at 127.0.0.1/12236] INFO  http.HttpServer2 (HttpServer2.java:addGlobalFilter(1030)) - Added global filter 'safety' (class=org.apache.hadoop.hdds.server.http.HttpServer2$QuotingInputFilter)
2022-01-10 11:12:12,307 [Listener at 127.0.0.1/12236] INFO  http.HttpServer2 (HttpServer2.java:addFilter(1006)) - Added filter static_user_filter (class=org.apache.hadoop.http.lib.StaticUserWebFilter$StaticUserFilter) to context hddsDatanode
2022-01-10 11:12:12,308 [Listener at 127.0.0.1/12236] INFO  http.HttpServer2 (HttpServer2.java:addFilter(1014)) - Added filter static_user_filter (class=org.apache.hadoop.http.lib.StaticUserWebFilter$StaticUserFilter) to context static
2022-01-10 11:12:12,308 [Listener at 127.0.0.1/12236] INFO  http.HttpServer2 (HttpServer2.java:addFilter(1014)) - Added filter static_user_filter (class=org.apache.hadoop.http.lib.StaticUserWebFilter$StaticUserFilter) to context logs
2022-01-10 11:12:12,308 [Listener at 127.0.0.1/12236] INFO  http.HttpServer2 (HttpServer2.java:bindListener(1249)) - Jetty bound to port 46489
2022-01-10 11:12:12,308 [Listener at 127.0.0.1/12236] INFO  server.Server (Server.java:doStart(375)) - jetty-9.4.43.v20210629; built: 2021-06-30T11:07:22.254Z; git: 526006ecfa3af7f1a27ef3a288e2bef7ea9dd7e8; jvm 1.8.0_292-b10
2022-01-10 11:12:12,333 [Listener at 127.0.0.1/12236] INFO  server.session (DefaultSessionIdManager.java:doStart(334)) - DefaultSessionIdManager workerName=node0
2022-01-10 11:12:12,334 [Listener at 127.0.0.1/12236] INFO  server.session (DefaultSessionIdManager.java:doStart(339)) - No SessionScavenger set, using defaults
2022-01-10 11:12:12,334 [Listener at 127.0.0.1/12236] INFO  server.session (HouseKeeper.java:startScavenging(132)) - node0 Scavenging every 660000ms
2022-01-10 11:12:12,341 [Listener at 127.0.0.1/12236] INFO  handler.ContextHandler (ContextHandler.java:doStart(915)) - Started o.e.j.s.ServletContextHandler@618ffc7a{logs,/logs,file:///home/runner/work/ozone/ozone/hadoop-ozone/integration-test/target/log,AVAILABLE}
2022-01-10 11:12:12,342 [Listener at 127.0.0.1/12236] INFO  handler.ContextHandler (ContextHandler.java:doStart(915)) - Started o.e.j.s.ServletContextHandler@3c4c595e{static,/static,jar:file:/home/runner/.m2/repository/org/apache/ozone/hdds-container-service/1.3.0-SNAPSHOT/hdds-container-service-1.3.0-SNAPSHOT.jar!/webapps/static,AVAILABLE}
2022-01-10 11:12:12,409 [EndpointStateMachine task thread for /127.0.0.1:14073 - 0 ] INFO  ipc.Client (Client.java:handleConnectionFailure(977)) - Retrying connect to server: localhost/127.0.0.1:14073. Already tried 10 time(s); retry policy is RetryUpToMaximumCountWithFixedSleep(maxRetries=15, sleepTime=1000 MILLISECONDS)
2022-01-10 11:12:12,410 [EndpointStateMachine task thread for /127.0.0.1:14063 - 0 ] INFO  ipc.Client (Client.java:handleConnectionFailure(977)) - Retrying connect to server: localhost/127.0.0.1:14063. Already tried 7 time(s); retry policy is RetryUpToMaximumCountWithFixedSleep(maxRetries=15, sleepTime=1000 MILLISECONDS)
2022-01-10 11:12:12,448 [Listener at 127.0.0.1/12236] INFO  handler.ContextHandler (ContextHandler.java:doStart(915)) - Started o.e.j.w.WebAppContext@48bff6ff{hddsDatanode,/,file:///tmp/jetty-0_0_0_0-46489-hdds-container-service-1_3_0-SNAPSHOT_jar-_-any-2677531295323815759/webapp/,AVAILABLE}{jar:file:/home/runner/.m2/repository/org/apache/ozone/hdds-container-service/1.3.0-SNAPSHOT/hdds-container-service-1.3.0-SNAPSHOT.jar!/webapps/hddsDatanode}
2022-01-10 11:12:12,453 [Listener at 127.0.0.1/12236] INFO  server.AbstractConnector (AbstractConnector.java:doStart(331)) - Started ServerConnector@4fa5fae0{HTTP/1.1, (http/1.1)}{0.0.0.0:46489}
2022-01-10 11:12:12,453 [Listener at 127.0.0.1/12236] INFO  server.Server (Server.java:doStart(415)) - Started @97729ms
2022-01-10 11:12:12,453 [Listener at 127.0.0.1/12236] WARN  impl.MetricsSystemImpl (MetricsSystemImpl.java:register(279)) - Sink prometheus already exists!
2022-01-10 11:12:12,454 [Listener at 127.0.0.1/12236] INFO  http.BaseHttpServer (BaseHttpServer.java:updateConnectorAddress(329)) - HTTP server of hddsDatanode listening at http://0.0.0.0:46489
2022-01-10 11:12:12,461 [Listener at 127.0.0.1/12236] WARN  impl.MetricRegistriesImpl (MetricRegistriesImpl.java:addReporterRegistration(111)) - New reporters are added after registries were created. Some metrics will be missing from the reporter. Please add reporter before adding any new registry.
2022-01-10 11:12:12,461 [Listener at 127.0.0.1/12236] WARN  impl.MetricRegistriesImpl (MetricRegistriesImpl.java:addReporterRegistration(111)) - New reporters are added after registries were created. Some metrics will be missing from the reporter. Please add reporter before adding any new registry.
2022-01-10 11:12:12,461 [Listener at 127.0.0.1/12236] INFO  impl.MetricsSystemImpl (MetricsSystemImpl.java:init(158)) - HddsDatanode metrics system started (again)
2022-01-10 11:12:12,462 [Datanode State Machine Daemon Thread] INFO  statemachine.DatanodeStateMachine (DatanodeStateMachine.java:lambda$startDaemon$0(467)) - Ozone container server started.
2022-01-10 11:12:12,481 [org.apache.hadoop.util.JvmPauseMonitor$Monitor@299df6e8] INFO  util.JvmPauseMonitor (JvmPauseMonitor.java:run(188)) - Starting JVM pause monitor
2022-01-10 11:12:12,493 [Datanode State Machine Task Thread - 0] INFO  ha.SCMNodeInfo (SCMNodeInfo.java:getPort(197)) - ConfigKey ozone.scm.client.address is deprecated, For configuring different ports for each SCM use PortConfigKey ozone.scm.client.port appended with serviceId and nodeId
2022-01-10 11:12:12,494 [Datanode State Machine Task Thread - 0] INFO  ha.SCMNodeInfo (SCMNodeInfo.java:getPort(197)) - ConfigKey ozone.scm.block.client.address is deprecated, For configuring different ports for each SCM use PortConfigKey ozone.scm.block.client.port appended with serviceId and nodeId
2022-01-10 11:12:12,494 [Datanode State Machine Task Thread - 0] INFO  ha.SCMNodeInfo (SCMNodeInfo.java:getPort(197)) - ConfigKey ozone.scm.datanode.address is deprecated, For configuring different ports for each SCM use PortConfigKey ozone.scm.datanode.port appended with serviceId and nodeId
2022-01-10 11:12:12,495 [Datanode State Machine Task Thread - 0] INFO  ha.SCMNodeInfo (SCMNodeInfo.java:getPort(197)) - ConfigKey ozone.scm.client.address is deprecated, For configuring different ports for each SCM use PortConfigKey ozone.scm.client.port appended with serviceId and nodeId
2022-01-10 11:12:12,495 [Datanode State Machine Task Thread - 0] INFO  ha.SCMNodeInfo (SCMNodeInfo.java:getPort(197)) - ConfigKey ozone.scm.block.client.address is deprecated, For configuring different ports for each SCM use PortConfigKey ozone.scm.block.client.port appended with serviceId and nodeId
2022-01-10 11:12:12,495 [Datanode State Machine Task Thread - 0] INFO  ha.SCMNodeInfo (SCMNodeInfo.java:getPort(197)) - ConfigKey ozone.scm.datanode.address is deprecated, For configuring different ports for each SCM use PortConfigKey ozone.scm.datanode.port appended with serviceId and nodeId
2022-01-10 11:12:12,495 [Datanode State Machine Task Thread - 0] INFO  ha.SCMNodeInfo (SCMNodeInfo.java:getPort(197)) - ConfigKey ozone.scm.client.address is deprecated, For configuring different ports for each SCM use PortConfigKey ozone.scm.client.port appended with serviceId and nodeId
2022-01-10 11:12:12,495 [Datanode State Machine Task Thread - 0] INFO  ha.SCMNodeInfo (SCMNodeInfo.java:getPort(197)) - ConfigKey ozone.scm.block.client.address is deprecated, For configuring different ports for each SCM use PortConfigKey ozone.scm.block.client.port appended with serviceId and nodeId
2022-01-10 11:12:12,495 [Datanode State Machine Task Thread - 0] INFO  ha.SCMNodeInfo (SCMNodeInfo.java:getPort(197)) - ConfigKey ozone.scm.datanode.address is deprecated, For configuring different ports for each SCM use PortConfigKey ozone.scm.datanode.port appended with serviceId and nodeId
2022-01-10 11:12:12,494 [Listener at 127.0.0.1/12236] INFO  ozone.HddsDatanodeService (HddsDatanodeService.java:start(234)) - HddsDatanodeService host:fv-az270-882.tacnzluakwdehk1hpragurqkma.bx.internal.cloudapp.net ip:10.1.0.7
2022-01-10 11:12:12,503 [Datanode State Machine Task Thread - 0] INFO  datanode.InitDatanodeState (InitDatanodeState.java:persistContainerDatanodeDetails(145)) - DatanodeDetails is persisted to /home/runner/work/ozone/ozone/hadoop-ozone/integration-test/target/test-dir/MiniOzoneClusterImpl-7d1a95dd-ad38-4e88-9004-e3265cc39d2b/datanode-1/meta/datanode.id
2022-01-10 11:12:12,519 [EndpointStateMachine task thread for /127.0.0.1:14053 - 0 ] INFO  ipc.Client (Client.java:handleConnectionFailure(977)) - Retrying connect to server: localhost/127.0.0.1:14053. Already tried 10 time(s); retry policy is RetryUpToMaximumCountWithFixedSleep(maxRetries=15, sleepTime=1000 MILLISECONDS)
2022-01-10 11:12:12,527 [Listener at 127.0.0.1/12236] INFO  upgrade.AbstractLayoutVersionManager (AbstractLayoutVersionManager.java:init(79)) - Initializing Layout version manager with metadata layout = SCM_HA (version = 2), software layout = SCM_HA (version = 2)
2022-01-10 11:12:12,587 [omNode-1@group-523986131536-FollowerState] INFO  impl.FollowerState (FollowerState.java:run(134)) - omNode-1@group-523986131536-FollowerState: change to CANDIDATE, lastRpcElapsedTime:1133602083ns, electionTimeout:1123ms
2022-01-10 11:12:12,588 [omNode-1@group-523986131536-FollowerState] INFO  impl.RoleInfo (RoleInfo.java:shutdownFollowerState(108)) - omNode-1: shutdown omNode-1@group-523986131536-FollowerState
2022-01-10 11:12:12,588 [omNode-1@group-523986131536-FollowerState] INFO  server.RaftServer$Division (RaftServerImpl.java:setRole(290)) - omNode-1@group-523986131536: changes role from  FOLLOWER to CANDIDATE at term 0 for changeToCandidate
2022-01-10 11:12:12,588 [omNode-1@group-523986131536-FollowerState] INFO  server.RaftServerConfigKeys (ConfUtils.java:logGet(44)) - raft.server.leaderelection.pre-vote = false (custom)
2022-01-10 11:12:12,588 [omNode-1@group-523986131536-FollowerState] INFO  impl.RoleInfo (RoleInfo.java:updateAndGet(130)) - omNode-1: start omNode-1@group-523986131536-LeaderElection17
2022-01-10 11:12:12,610 [omNode-1@group-523986131536-LeaderElection17] INFO  impl.LeaderElection (LeaderElection.java:askForVotes(306)) - omNode-1@group-523986131536-LeaderElection17 ELECTION round 0: submit vote requests at term 1 for -1: [omNode-1|rpc:localhost:12240|priority:0], old=null
2022-01-10 11:12:12,611 [omNode-1@group-523986131536-LeaderElection17] INFO  impl.LeaderElection (LeaderElection.java:askForVotes(308)) - omNode-1@group-523986131536-LeaderElection17 ELECTION round 0: result PASSED (term=1)
2022-01-10 11:12:12,611 [omNode-1@group-523986131536-LeaderElection17] INFO  impl.RoleInfo (RoleInfo.java:shutdownLeaderElection(121)) - omNode-1: shutdown omNode-1@group-523986131536-LeaderElection17
2022-01-10 11:12:12,611 [omNode-1@group-523986131536-LeaderElection17] INFO  server.RaftServer$Division (RaftServerImpl.java:setRole(290)) - omNode-1@group-523986131536: changes role from CANDIDATE to LEADER at term 1 for changeToLeader
2022-01-10 11:12:12,611 [omNode-1@group-523986131536-LeaderElection17] INFO  server.RaftServer$Division (ServerState.java:setLeader(285)) - omNode-1@group-523986131536: change Leader from null to omNode-1 at term 1 for becomeLeader, leader elected after 1232ms
2022-01-10 11:12:12,611 [omNode-1@group-523986131536-LeaderElection17] INFO  server.RaftServerConfigKeys (ConfUtils.java:logGet(44)) - raft.server.staging.catchup.gap = 1000 (default)
2022-01-10 11:12:12,611 [omNode-1@group-523986131536-LeaderElection17] INFO  server.RaftServerConfigKeys (ConfUtils.java:logGet(44)) - raft.server.write.element-limit = 4096 (default)
2022-01-10 11:12:12,611 [omNode-1@group-523986131536-LeaderElection17] INFO  server.RaftServerConfigKeys (ConfUtils.java:logGet(44)) - raft.server.write.byte-limit = 64MB (=67108864) (default)
2022-01-10 11:12:12,612 [omNode-1@group-523986131536-LeaderElection17] INFO  server.RaftServerConfigKeys (ConfUtils.java:logGet(44)) - raft.server.watch.timeout = 10s (default)
2022-01-10 11:12:12,612 [omNode-1@group-523986131536-LeaderElection17] INFO  server.RaftServerConfigKeys (ConfUtils.java:logGet(44)) - raft.server.watch.timeout.denomination = 1s (default)
2022-01-10 11:12:12,612 [omNode-1@group-523986131536-LeaderElection17] INFO  server.RaftServerConfigKeys (ConfUtils.java:logGet(44)) - raft.server.watch.element-limit = 65536 (default)
2022-01-10 11:12:12,612 [omNode-1@group-523986131536-LeaderElection17] INFO  server.RaftServerConfigKeys (ConfUtils.java:logGet(44)) - raft.server.write.element-limit = 4096 (default)
2022-01-10 11:12:12,612 [omNode-1@group-523986131536-LeaderElection17] INFO  server.RaftServerConfigKeys (ConfUtils.java:logGet(44)) - raft.server.write.follower.gap.ratio.max = -1.0 (default)
2022-01-10 11:12:12,613 [omNode-1@group-523986131536-LeaderElection17] INFO  impl.RoleInfo (RoleInfo.java:updateAndGet(130)) - omNode-1: start omNode-1@group-523986131536-LeaderStateImpl
2022-01-10 11:12:12,613 [omNode-1@group-523986131536-LeaderElection17] INFO  segmented.SegmentedRaftLogWorker (SegmentedRaftLogWorker.java:startLogSegment(394)) - omNode-1@group-523986131536-SegmentedRaftLogWorker: Starting segment from index:0
2022-01-10 11:12:12,634 [omNode-1@group-523986131536-LeaderElection17] INFO  server.RaftServer$Division (ServerState.java:setRaftConf(387)) - omNode-1@group-523986131536: set configuration 0: [omNode-1|rpc:localhost:12240|admin:|client:|dataStream:|priority:0], old=null
2022-01-10 11:12:12,643 [omNode-1@group-523986131536-SegmentedRaftLogWorker] INFO  segmented.SegmentedRaftLogWorker (SegmentedRaftLogWorker.java:execute(601)) - omNode-1@group-523986131536-SegmentedRaftLogWorker: created new log segment /home/runner/work/ozone/ozone/hadoop-ozone/integration-test/target/test-dir/MiniOzoneClusterImpl-7d1a95dd-ad38-4e88-9004-e3265cc39d2b/omNode-1/ratis/c9bc4cf4-3bc3-3c60-a66b-523986131536/current/log_inprogress_0
2022-01-10 11:12:12,648 [omNode-1@group-523986131536-StateMachineUpdater] INFO  ratis.OzoneManagerStateMachine (OzoneManagerStateMachine.java:notifyConfigurationChanged(188)) - Received Configuration change notification from Ratis. New Peer list:
[id: "omNode-1"
address: "localhost:12240"
]
2022-01-10 11:12:12,669 [Listener at 127.0.0.1/12236] INFO  reflections.Reflections (Reflections.java:scan(232)) - Reflections took 140 ms to scan 7 urls, producing 119 keys and 279 values 
2022-01-10 11:12:12,681 [Listener at 127.0.0.1/12236] INFO  ha.SCMNodeInfo (SCMNodeInfo.java:getPort(197)) - ConfigKey ozone.scm.client.address is deprecated, For configuring different ports for each SCM use PortConfigKey ozone.scm.client.port appended with serviceId and nodeId
2022-01-10 11:12:12,689 [Listener at 127.0.0.1/12236] INFO  ha.SCMNodeInfo (SCMNodeInfo.java:getPort(197)) - ConfigKey ozone.scm.block.client.address is deprecated, For configuring different ports for each SCM use PortConfigKey ozone.scm.block.client.port appended with serviceId and nodeId
2022-01-10 11:12:12,689 [Listener at 127.0.0.1/12236] INFO  ha.SCMNodeInfo (SCMNodeInfo.java:getPort(197)) - ConfigKey ozone.scm.datanode.address is deprecated, For configuring different ports for each SCM use PortConfigKey ozone.scm.datanode.port appended with serviceId and nodeId
2022-01-10 11:12:12,689 [Listener at 127.0.0.1/12236] INFO  ha.SCMNodeInfo (SCMNodeInfo.java:getPort(197)) - ConfigKey ozone.scm.client.address is deprecated, For configuring different ports for each SCM use PortConfigKey ozone.scm.client.port appended with serviceId and nodeId
2022-01-10 11:12:12,689 [Listener at 127.0.0.1/12236] INFO  ha.SCMNodeInfo (SCMNodeInfo.java:getPort(197)) - ConfigKey ozone.scm.block.client.address is deprecated, For configuring different ports for each SCM use PortConfigKey ozone.scm.block.client.port appended with serviceId and nodeId
2022-01-10 11:12:12,689 [Listener at 127.0.0.1/12236] INFO  ha.SCMNodeInfo (SCMNodeInfo.java:getPort(197)) - ConfigKey ozone.scm.datanode.address is deprecated, For configuring different ports for each SCM use PortConfigKey ozone.scm.datanode.port appended with serviceId and nodeId
2022-01-10 11:12:12,690 [Listener at 127.0.0.1/12236] INFO  ha.SCMNodeInfo (SCMNodeInfo.java:getPort(197)) - ConfigKey ozone.scm.client.address is deprecated, For configuring different ports for each SCM use PortConfigKey ozone.scm.client.port appended with serviceId and nodeId
2022-01-10 11:12:12,690 [Listener at 127.0.0.1/12236] INFO  ha.SCMNodeInfo (SCMNodeInfo.java:getPort(197)) - ConfigKey ozone.scm.block.client.address is deprecated, For configuring different ports for each SCM use PortConfigKey ozone.scm.block.client.port appended with serviceId and nodeId
2022-01-10 11:12:12,697 [Listener at 127.0.0.1/12236] INFO  ha.SCMNodeInfo (SCMNodeInfo.java:getPort(197)) - ConfigKey ozone.scm.datanode.address is deprecated, For configuring different ports for each SCM use PortConfigKey ozone.scm.datanode.port appended with serviceId and nodeId
2022-01-10 11:12:12,698 [Listener at 127.0.0.1/12236] INFO  statemachine.DatanodeStateMachine (DatanodeStateMachine.java:getEndPointTaskThreadPoolSize(219)) - Datanode State Machine Task Thread Pool size 4
2022-01-10 11:12:12,706 [Listener at 127.0.0.1/12236] INFO  volume.HddsVolume (HddsVolume.java:<init>(120)) - Creating HddsVolume: /home/runner/work/ozone/ozone/hadoop-ozone/integration-test/target/test-dir/MiniOzoneClusterImpl-7d1a95dd-ad38-4e88-9004-e3265cc39d2b/datanode-2/data-0/containers/hdds of storage type : DISK capacity : 9223372036854775807
2022-01-10 11:12:12,706 [Listener at 127.0.0.1/12236] INFO  volume.MutableVolumeSet (MutableVolumeSet.java:initializeVolumeSet(168)) - Added Volume : /home/runner/work/ozone/ozone/hadoop-ozone/integration-test/target/test-dir/MiniOzoneClusterImpl-7d1a95dd-ad38-4e88-9004-e3265cc39d2b/datanode-2/data-0/containers/hdds to VolumeSet
2022-01-10 11:12:12,706 [Listener at 127.0.0.1/12236] INFO  volume.ThrottledAsyncChecker (ThrottledAsyncChecker.java:schedule(141)) - Scheduling a check for /home/runner/work/ozone/ozone/hadoop-ozone/integration-test/target/test-dir/MiniOzoneClusterImpl-7d1a95dd-ad38-4e88-9004-e3265cc39d2b/datanode-2/data-0/containers/hdds
2022-01-10 11:12:12,721 [Listener at 127.0.0.1/12236] INFO  volume.StorageVolumeChecker (StorageVolumeChecker.java:checkAllVolumes(202)) - Scheduled health check for volume /home/runner/work/ozone/ozone/hadoop-ozone/integration-test/target/test-dir/MiniOzoneClusterImpl-7d1a95dd-ad38-4e88-9004-e3265cc39d2b/datanode-2/data-0/containers/hdds
2022-01-10 11:12:12,755 [Listener at 127.0.0.1/12236] INFO  volume.MutableVolumeSet (MutableVolumeSet.java:initializeVolumeSet(168)) - Added Volume : /home/runner/work/ozone/ozone/hadoop-ozone/integration-test/target/test-dir/MiniOzoneClusterImpl-7d1a95dd-ad38-4e88-9004-e3265cc39d2b/datanode-2/data/ratis to VolumeSet
2022-01-10 11:12:12,755 [Listener at 127.0.0.1/12236] INFO  volume.ThrottledAsyncChecker (ThrottledAsyncChecker.java:schedule(141)) - Scheduling a check for /home/runner/work/ozone/ozone/hadoop-ozone/integration-test/target/test-dir/MiniOzoneClusterImpl-7d1a95dd-ad38-4e88-9004-e3265cc39d2b/datanode-2/data/ratis
2022-01-10 11:12:12,755 [Listener at 127.0.0.1/12236] INFO  volume.StorageVolumeChecker (StorageVolumeChecker.java:checkAllVolumes(202)) - Scheduled health check for volume /home/runner/work/ozone/ozone/hadoop-ozone/integration-test/target/test-dir/MiniOzoneClusterImpl-7d1a95dd-ad38-4e88-9004-e3265cc39d2b/datanode-2/data/ratis
2022-01-10 11:12:12,792 [Thread-1488] INFO  ozoneimpl.ContainerReader (ContainerReader.java:readVolume(172)) - Finish verifying containers on volume /home/runner/work/ozone/ozone/hadoop-ozone/integration-test/target/test-dir/MiniOzoneClusterImpl-7d1a95dd-ad38-4e88-9004-e3265cc39d2b/datanode-2/data-0/containers/hdds
2022-01-10 11:12:12,792 [Listener at 127.0.0.1/12236] INFO  ozoneimpl.OzoneContainer (OzoneContainer.java:buildContainerSet(237)) - Build ContainerSet costs 0s
2022-01-10 11:12:12,797 [Listener at 127.0.0.1/12236] INFO  server.RaftServer (ConfUtils.java:logGet(44)) - raft.rpc.type = GRPC (default)
2022-01-10 11:12:12,798 [Listener at 127.0.0.1/12236] INFO  grpc.GrpcFactory (GrpcFactory.java:checkPooledByteBufAllocatorUseCacheForAllThreads(48)) - PERFORMANCE WARNING: useCacheForAllThreads is true that may cause Netty to create a lot garbage objects and, as a result, trigger GC.
	It is recommended to disable useCacheForAllThreads by setting -Dorg.apache.ratis.thirdparty.io.netty.allocator.useCacheForAllThreads=false in command line.
2022-01-10 11:12:12,798 [Listener at 127.0.0.1/12236] INFO  grpc.GrpcConfigKeys (ConfUtils.java:logGet(44)) - raft.grpc.admin.port = 0 (custom)
2022-01-10 11:12:12,798 [Listener at 127.0.0.1/12236] INFO  grpc.GrpcConfigKeys (ConfUtils.java:logGet(44)) - raft.grpc.client.port = 0 (custom)
2022-01-10 11:12:12,798 [Listener at 127.0.0.1/12236] INFO  grpc.GrpcConfigKeys (ConfUtils.java:logGet(44)) - raft.grpc.server.port = 0 (default)
2022-01-10 11:12:12,798 [Listener at 127.0.0.1/12236] INFO  server.GrpcService (ConfUtils.java:logGet(44)) - raft.grpc.message.size.max = 32MB (=33554432) (custom)
2022-01-10 11:12:12,798 [Listener at 127.0.0.1/12236] INFO  server.RaftServerConfigKeys (ConfUtils.java:logGet(44)) - raft.server.log.appender.buffer.byte-limit = 33554432 (custom)
2022-01-10 11:12:12,799 [Listener at 127.0.0.1/12236] INFO  server.GrpcService (ConfUtils.java:logGet(44)) - raft.grpc.flow.control.window = 5MB (=5242880) (custom)
2022-01-10 11:12:12,799 [Listener at 127.0.0.1/12236] INFO  server.RaftServerConfigKeys (ConfUtils.java:logGet(44)) - raft.server.rpc.request.timeout = 60s (custom)
2022-01-10 11:12:12,800 [Listener at 127.0.0.1/12236] INFO  impl.DataStreamServerImpl (ConfUtils.java:logGet(44)) - raft.datastream.type = DISABLED (default)
2022-01-10 11:12:12,800 [Listener at 127.0.0.1/12236] INFO  server.RaftServerConfigKeys (ConfUtils.java:logGet(44)) - raft.server.rpc.slowness.timeout = 300s (custom)
2022-01-10 11:12:12,801 [Listener at 127.0.0.1/12236] INFO  server.RaftServerConfigKeys (ConfUtils.java:logGet(44)) - raft.server.leaderelection.leader.step-down.wait-time = 10s (default)
2022-01-10 11:12:12,809 [Listener at 127.0.0.1/12236] INFO  server.RaftServerConfigKeys (ConfUtils.java:logGet(44)) - raft.server.storage.dir = [/home/runner/work/ozone/ozone/hadoop-ozone/integration-test/target/test-dir/MiniOzoneClusterImpl-7d1a95dd-ad38-4e88-9004-e3265cc39d2b/datanode-2/data/ratis] (custom)
2022-01-10 11:12:12,811 [Listener at 127.0.0.1/12236] INFO  server.XceiverServerGrpc (XceiverServerGrpc.java:<init>(132)) - GrpcServer channel type EpollServerSocketChannel
2022-01-10 11:12:12,826 [Listener at 127.0.0.1/12236] INFO  http.BaseHttpServer (BaseHttpServer.java:newHttpServer2BuilderForOzone(209)) - Starting Web-server for hddsDatanode at: http://0.0.0.0:0
2022-01-10 11:12:12,826 [Listener at 127.0.0.1/12236] INFO  http.BaseHttpServer (BaseHttpServer.java:<init>(107)) - Hadoop Security Enabled: false Ozone Security Enabled: false Ozone HTTP Security Enabled: false 
2022-01-10 11:12:12,827 [Listener at 127.0.0.1/12236] INFO  server.AuthenticationFilter (AuthenticationFilter.java:constructSecretProvider(240)) - Unable to initialize FileSignerSecretProvider, falling back to use random secrets.
2022-01-10 11:12:12,841 [Listener at 127.0.0.1/12236] WARN  http.HttpRequestLog (HttpRequestLog.java:getRequestLog(103)) - Jetty request log can only be enabled using Log4j
2022-01-10 11:12:12,842 [Listener at 127.0.0.1/12236] INFO  http.HttpServer2 (HttpServer2.java:addGlobalFilter(1030)) - Added global filter 'safety' (class=org.apache.hadoop.hdds.server.http.HttpServer2$QuotingInputFilter)
2022-01-10 11:12:12,843 [Listener at 127.0.0.1/12236] INFO  http.HttpServer2 (HttpServer2.java:addFilter(1006)) - Added filter static_user_filter (class=org.apache.hadoop.http.lib.StaticUserWebFilter$StaticUserFilter) to context hddsDatanode
2022-01-10 11:12:12,843 [Listener at 127.0.0.1/12236] INFO  http.HttpServer2 (HttpServer2.java:addFilter(1014)) - Added filter static_user_filter (class=org.apache.hadoop.http.lib.StaticUserWebFilter$StaticUserFilter) to context logs
2022-01-10 11:12:12,843 [Listener at 127.0.0.1/12236] INFO  http.HttpServer2 (HttpServer2.java:addFilter(1014)) - Added filter static_user_filter (class=org.apache.hadoop.http.lib.StaticUserWebFilter$StaticUserFilter) to context static
2022-01-10 11:12:12,843 [Listener at 127.0.0.1/12236] INFO  http.HttpServer2 (HttpServer2.java:bindListener(1249)) - Jetty bound to port 36921
2022-01-10 11:12:12,844 [Listener at 127.0.0.1/12236] INFO  server.Server (Server.java:doStart(375)) - jetty-9.4.43.v20210629; built: 2021-06-30T11:07:22.254Z; git: 526006ecfa3af7f1a27ef3a288e2bef7ea9dd7e8; jvm 1.8.0_292-b10
2022-01-10 11:12:12,904 [Listener at 127.0.0.1/12236] INFO  server.session (DefaultSessionIdManager.java:doStart(334)) - DefaultSessionIdManager workerName=node0
2022-01-10 11:12:12,904 [Listener at 127.0.0.1/12236] INFO  server.session (DefaultSessionIdManager.java:doStart(339)) - No SessionScavenger set, using defaults
2022-01-10 11:12:12,905 [Listener at 127.0.0.1/12236] INFO  server.session (HouseKeeper.java:startScavenging(132)) - node0 Scavenging every 660000ms
2022-01-10 11:12:12,915 [Listener at 127.0.0.1/12236] INFO  handler.ContextHandler (ContextHandler.java:doStart(915)) - Started o.e.j.s.ServletContextHandler@3bbb450b{logs,/logs,file:///home/runner/work/ozone/ozone/hadoop-ozone/integration-test/target/log,AVAILABLE}
2022-01-10 11:12:12,916 [Listener at 127.0.0.1/12236] INFO  handler.ContextHandler (ContextHandler.java:doStart(915)) - Started o.e.j.s.ServletContextHandler@39a7bdd9{static,/static,jar:file:/home/runner/.m2/repository/org/apache/ozone/hdds-container-service/1.3.0-SNAPSHOT/hdds-container-service-1.3.0-SNAPSHOT.jar!/webapps/static,AVAILABLE}
2022-01-10 11:12:12,975 [Listener at 127.0.0.1/12236] INFO  handler.ContextHandler (ContextHandler.java:doStart(915)) - Started o.e.j.w.WebAppContext@27af34df{hddsDatanode,/,file:///tmp/jetty-0_0_0_0-36921-hdds-container-service-1_3_0-SNAPSHOT_jar-_-any-7554022564671324354/webapp/,AVAILABLE}{jar:file:/home/runner/.m2/repository/org/apache/ozone/hdds-container-service/1.3.0-SNAPSHOT/hdds-container-service-1.3.0-SNAPSHOT.jar!/webapps/hddsDatanode}
2022-01-10 11:12:12,977 [Listener at 127.0.0.1/12236] INFO  server.AbstractConnector (AbstractConnector.java:doStart(331)) - Started ServerConnector@67e38ad7{HTTP/1.1, (http/1.1)}{0.0.0.0:36921}
2022-01-10 11:12:12,978 [Listener at 127.0.0.1/12236] INFO  server.Server (Server.java:doStart(415)) - Started @98254ms
2022-01-10 11:12:12,978 [Listener at 127.0.0.1/12236] WARN  impl.MetricsSystemImpl (MetricsSystemImpl.java:register(279)) - Sink prometheus already exists!
2022-01-10 11:12:12,979 [Listener at 127.0.0.1/12236] INFO  http.BaseHttpServer (BaseHttpServer.java:updateConnectorAddress(329)) - HTTP server of hddsDatanode listening at http://0.0.0.0:36921
2022-01-10 11:12:12,980 [Listener at 127.0.0.1/12236] INFO  ozone.MiniOzoneClusterImpl (MiniOzoneClusterImpl.java:lambda$waitForClusterToBeReady$0(235)) - Waiting for nodes to be ready. Got 0 of 3 DN Heartbeats.
2022-01-10 11:12:12,980 [Listener at 127.0.0.1/12236] INFO  ozone.MiniOzoneClusterImpl (MiniOzoneClusterImpl.java:lambda$waitForClusterToBeReady$0(238)) - Waiting for cluster to exit safe mode
2022-01-10 11:12:12,980 [Listener at 127.0.0.1/12236] INFO  ozone.MiniOzoneClusterImpl (MiniOzoneClusterImpl.java:lambda$waitForClusterToBeReady$0(240)) - SCM became leader
2022-01-10 11:12:12,981 [Datanode State Machine Daemon Thread] INFO  statemachine.DatanodeStateMachine (DatanodeStateMachine.java:lambda$startDaemon$0(467)) - Ozone container server started.
2022-01-10 11:12:13,019 [org.apache.hadoop.util.JvmPauseMonitor$Monitor@8bc4928] INFO  util.JvmPauseMonitor (JvmPauseMonitor.java:run(188)) - Starting JVM pause monitor
2022-01-10 11:12:13,023 [Datanode State Machine Task Thread - 0] INFO  ha.SCMNodeInfo (SCMNodeInfo.java:getPort(197)) - ConfigKey ozone.scm.client.address is deprecated, For configuring different ports for each SCM use PortConfigKey ozone.scm.client.port appended with serviceId and nodeId
2022-01-10 11:12:13,024 [Datanode State Machine Task Thread - 0] INFO  ha.SCMNodeInfo (SCMNodeInfo.java:getPort(197)) - ConfigKey ozone.scm.block.client.address is deprecated, For configuring different ports for each SCM use PortConfigKey ozone.scm.block.client.port appended with serviceId and nodeId
2022-01-10 11:12:13,024 [Datanode State Machine Task Thread - 0] INFO  ha.SCMNodeInfo (SCMNodeInfo.java:getPort(197)) - ConfigKey ozone.scm.datanode.address is deprecated, For configuring different ports for each SCM use PortConfigKey ozone.scm.datanode.port appended with serviceId and nodeId
2022-01-10 11:12:13,029 [Datanode State Machine Task Thread - 0] INFO  ha.SCMNodeInfo (SCMNodeInfo.java:getPort(197)) - ConfigKey ozone.scm.client.address is deprecated, For configuring different ports for each SCM use PortConfigKey ozone.scm.client.port appended with serviceId and nodeId
2022-01-10 11:12:13,029 [Datanode State Machine Task Thread - 0] INFO  ha.SCMNodeInfo (SCMNodeInfo.java:getPort(197)) - ConfigKey ozone.scm.block.client.address is deprecated, For configuring different ports for each SCM use PortConfigKey ozone.scm.block.client.port appended with serviceId and nodeId
2022-01-10 11:12:13,029 [Datanode State Machine Task Thread - 0] INFO  ha.SCMNodeInfo (SCMNodeInfo.java:getPort(197)) - ConfigKey ozone.scm.datanode.address is deprecated, For configuring different ports for each SCM use PortConfigKey ozone.scm.datanode.port appended with serviceId and nodeId
2022-01-10 11:12:13,029 [Datanode State Machine Task Thread - 0] INFO  ha.SCMNodeInfo (SCMNodeInfo.java:getPort(197)) - ConfigKey ozone.scm.client.address is deprecated, For configuring different ports for each SCM use PortConfigKey ozone.scm.client.port appended with serviceId and nodeId
2022-01-10 11:12:13,029 [Datanode State Machine Task Thread - 0] INFO  ha.SCMNodeInfo (SCMNodeInfo.java:getPort(197)) - ConfigKey ozone.scm.block.client.address is deprecated, For configuring different ports for each SCM use PortConfigKey ozone.scm.block.client.port appended with serviceId and nodeId
2022-01-10 11:12:13,029 [Datanode State Machine Task Thread - 0] INFO  ha.SCMNodeInfo (SCMNodeInfo.java:getPort(197)) - ConfigKey ozone.scm.datanode.address is deprecated, For configuring different ports for each SCM use PortConfigKey ozone.scm.datanode.port appended with serviceId and nodeId
2022-01-10 11:12:13,040 [Datanode State Machine Task Thread - 0] INFO  datanode.InitDatanodeState (InitDatanodeState.java:persistContainerDatanodeDetails(145)) - DatanodeDetails is persisted to /home/runner/work/ozone/ozone/hadoop-ozone/integration-test/target/test-dir/MiniOzoneClusterImpl-7d1a95dd-ad38-4e88-9004-e3265cc39d2b/datanode-2/meta/datanode.id
2022-01-10 11:12:13,410 [EndpointStateMachine task thread for /127.0.0.1:14073 - 0 ] INFO  ipc.Client (Client.java:handleConnectionFailure(977)) - Retrying connect to server: localhost/127.0.0.1:14073. Already tried 11 time(s); retry policy is RetryUpToMaximumCountWithFixedSleep(maxRetries=15, sleepTime=1000 MILLISECONDS)
2022-01-10 11:12:13,410 [EndpointStateMachine task thread for /127.0.0.1:14063 - 0 ] INFO  ipc.Client (Client.java:handleConnectionFailure(977)) - Retrying connect to server: localhost/127.0.0.1:14063. Already tried 8 time(s); retry policy is RetryUpToMaximumCountWithFixedSleep(maxRetries=15, sleepTime=1000 MILLISECONDS)
2022-01-10 11:12:13,519 [EndpointStateMachine task thread for /127.0.0.1:14053 - 0 ] INFO  ipc.Client (Client.java:handleConnectionFailure(977)) - Retrying connect to server: localhost/127.0.0.1:14053. Already tried 11 time(s); retry policy is RetryUpToMaximumCountWithFixedSleep(maxRetries=15, sleepTime=1000 MILLISECONDS)
2022-01-10 11:12:13,980 [Listener at 127.0.0.1/12236] INFO  ozone.MiniOzoneClusterImpl (MiniOzoneClusterImpl.java:lambda$waitForClusterToBeReady$0(235)) - Waiting for nodes to be ready. Got 0 of 3 DN Heartbeats.
2022-01-10 11:12:13,981 [Listener at 127.0.0.1/12236] INFO  ozone.MiniOzoneClusterImpl (MiniOzoneClusterImpl.java:lambda$waitForClusterToBeReady$0(238)) - Waiting for cluster to exit safe mode
2022-01-10 11:12:13,981 [Listener at 127.0.0.1/12236] INFO  ozone.MiniOzoneClusterImpl (MiniOzoneClusterImpl.java:lambda$waitForClusterToBeReady$0(240)) - SCM became leader
2022-01-10 11:12:14,151 [EndpointStateMachine task thread for /127.0.0.1:13553 - 0 ] INFO  ozoneimpl.OzoneContainer (OzoneContainer.java:start(315)) - Attempting to start container services.
2022-01-10 11:12:14,151 [EndpointStateMachine task thread for /127.0.0.1:13553 - 0 ] INFO  ozoneimpl.OzoneContainer (OzoneContainer.java:startContainerScrub(250)) - Background container scanner has been disabled.
2022-01-10 11:12:14,152 [EndpointStateMachine task thread for /127.0.0.1:13553 - 0 ] INFO  replication.ReplicationServer (ReplicationServer.java:start(107)) - ReplicationServer is started using port 46159
2022-01-10 11:12:14,153 [EndpointStateMachine task thread for /127.0.0.1:13553 - 0 ] INFO  ratis.XceiverServerRatis (XceiverServerRatis.java:start(484)) - Starting XceiverServerRatis a128689b-7346-4663-acc6-739d712788d9
2022-01-10 11:12:14,153 [EndpointStateMachine task thread for /127.0.0.1:13553 - 0 ] INFO  server.RaftServer (RaftServerProxy.java:lambda$start$5(374)) - a128689b-7346-4663-acc6-739d712788d9: start RPC server
2022-01-10 11:12:14,156 [EndpointStateMachine task thread for /127.0.0.1:13553 - 0 ] INFO  server.GrpcService (GrpcService.java:startImpl(253)) - a128689b-7346-4663-acc6-739d712788d9: GrpcService started, listening on 44189
2022-01-10 11:12:14,163 [EndpointStateMachine task thread for /127.0.0.1:13553 - 0 ] INFO  ratis.XceiverServerRatis (XceiverServerRatis.java:getRealPort(505)) - XceiverServerRatis a128689b-7346-4663-acc6-739d712788d9 is started using port 44189 for RATIS
2022-01-10 11:12:14,163 [EndpointStateMachine task thread for /127.0.0.1:13553 - 0 ] INFO  ratis.XceiverServerRatis (XceiverServerRatis.java:getRealPort(505)) - XceiverServerRatis a128689b-7346-4663-acc6-739d712788d9 is started using port 44189 for RATIS_ADMIN
2022-01-10 11:12:14,163 [EndpointStateMachine task thread for /127.0.0.1:13553 - 0 ] INFO  ratis.XceiverServerRatis (XceiverServerRatis.java:getRealPort(505)) - XceiverServerRatis a128689b-7346-4663-acc6-739d712788d9 is started using port 44189 for RATIS_SERVER
2022-01-10 11:12:14,163 [org.apache.ratis.util.JvmPauseMonitor$$Lambda$500/2122256138@700d16aa] INFO  util.JvmPauseMonitor (JvmPauseMonitor.java:run(103)) - JvmPauseMonitor-a128689b-7346-4663-acc6-739d712788d9: Started
2022-01-10 11:12:14,168 [EndpointStateMachine task thread for /127.0.0.1:13553 - 0 ] INFO  server.XceiverServerGrpc (XceiverServerGrpc.java:start(180)) - XceiverServerGrpc a128689b-7346-4663-acc6-739d712788d9 is started using port 43799
2022-01-10 11:12:14,169 [EndpointStateMachine task thread for /127.0.0.1:13563 - 0 ] INFO  ozoneimpl.OzoneContainer (OzoneContainer.java:start(311)) - Ignore. OzoneContainer already started.
2022-01-10 11:12:14,411 [EndpointStateMachine task thread for /127.0.0.1:14073 - 0 ] INFO  ipc.Client (Client.java:handleConnectionFailure(977)) - Retrying connect to server: localhost/127.0.0.1:14073. Already tried 12 time(s); retry policy is RetryUpToMaximumCountWithFixedSleep(maxRetries=15, sleepTime=1000 MILLISECONDS)
2022-01-10 11:12:14,411 [EndpointStateMachine task thread for /127.0.0.1:14063 - 0 ] INFO  ipc.Client (Client.java:handleConnectionFailure(977)) - Retrying connect to server: localhost/127.0.0.1:14063. Already tried 9 time(s); retry policy is RetryUpToMaximumCountWithFixedSleep(maxRetries=15, sleepTime=1000 MILLISECONDS)
2022-01-10 11:12:14,507 [EndpointStateMachine task thread for /127.0.0.1:13563 - 0 ] INFO  ozoneimpl.OzoneContainer (OzoneContainer.java:start(315)) - Attempting to start container services.
2022-01-10 11:12:14,507 [EndpointStateMachine task thread for /127.0.0.1:13563 - 0 ] INFO  ozoneimpl.OzoneContainer (OzoneContainer.java:startContainerScrub(250)) - Background container scanner has been disabled.
2022-01-10 11:12:14,507 [EndpointStateMachine task thread for /127.0.0.1:13563 - 0 ] INFO  replication.ReplicationServer (ReplicationServer.java:start(107)) - ReplicationServer is started using port 35799
2022-01-10 11:12:14,509 [EndpointStateMachine task thread for /127.0.0.1:13563 - 0 ] INFO  ratis.XceiverServerRatis (XceiverServerRatis.java:start(484)) - Starting XceiverServerRatis f1456eab-cb96-47f4-be6a-df81f044b3ea
2022-01-10 11:12:14,513 [EndpointStateMachine task thread for /127.0.0.1:13563 - 0 ] INFO  server.RaftServer (RaftServerProxy.java:lambda$start$5(374)) - f1456eab-cb96-47f4-be6a-df81f044b3ea: start RPC server
2022-01-10 11:12:14,513 [EndpointStateMachine task thread for /127.0.0.1:13563 - 0 ] INFO  server.GrpcService (GrpcService.java:startImpl(253)) - f1456eab-cb96-47f4-be6a-df81f044b3ea: GrpcService started, listening on 40757
2022-01-10 11:12:14,514 [EndpointStateMachine task thread for /127.0.0.1:13563 - 0 ] INFO  ratis.XceiverServerRatis (XceiverServerRatis.java:getRealPort(505)) - XceiverServerRatis f1456eab-cb96-47f4-be6a-df81f044b3ea is started using port 40757 for RATIS
2022-01-10 11:12:14,514 [EndpointStateMachine task thread for /127.0.0.1:13563 - 0 ] INFO  ratis.XceiverServerRatis (XceiverServerRatis.java:getRealPort(505)) - XceiverServerRatis f1456eab-cb96-47f4-be6a-df81f044b3ea is started using port 40757 for RATIS_ADMIN
2022-01-10 11:12:14,514 [EndpointStateMachine task thread for /127.0.0.1:13563 - 0 ] INFO  ratis.XceiverServerRatis (XceiverServerRatis.java:getRealPort(505)) - XceiverServerRatis f1456eab-cb96-47f4-be6a-df81f044b3ea is started using port 40757 for RATIS_SERVER
2022-01-10 11:12:14,515 [org.apache.ratis.util.JvmPauseMonitor$$Lambda$500/2122256138@31743e26] INFO  util.JvmPauseMonitor (JvmPauseMonitor.java:run(103)) - JvmPauseMonitor-f1456eab-cb96-47f4-be6a-df81f044b3ea: Started
2022-01-10 11:12:14,515 [EndpointStateMachine task thread for /127.0.0.1:13563 - 0 ] INFO  server.XceiverServerGrpc (XceiverServerGrpc.java:start(180)) - XceiverServerGrpc f1456eab-cb96-47f4-be6a-df81f044b3ea is started using port 46701
2022-01-10 11:12:14,538 [EndpointStateMachine task thread for /127.0.0.1:13553 - 0 ] INFO  ozoneimpl.OzoneContainer (OzoneContainer.java:start(311)) - Ignore. OzoneContainer already started.
2022-01-10 11:12:14,538 [EndpointStateMachine task thread for /127.0.0.1:14053 - 0 ] INFO  ipc.Client (Client.java:handleConnectionFailure(977)) - Retrying connect to server: localhost/127.0.0.1:14053. Already tried 12 time(s); retry policy is RetryUpToMaximumCountWithFixedSleep(maxRetries=15, sleepTime=1000 MILLISECONDS)
2022-01-10 11:12:14,981 [Listener at 127.0.0.1/12236] INFO  ozone.MiniOzoneClusterImpl (MiniOzoneClusterImpl.java:lambda$waitForClusterToBeReady$0(235)) - Waiting for nodes to be ready. Got 0 of 3 DN Heartbeats.
2022-01-10 11:12:14,981 [Listener at 127.0.0.1/12236] INFO  ozone.MiniOzoneClusterImpl (MiniOzoneClusterImpl.java:lambda$waitForClusterToBeReady$0(238)) - Waiting for cluster to exit safe mode
2022-01-10 11:12:14,981 [Listener at 127.0.0.1/12236] INFO  ozone.MiniOzoneClusterImpl (MiniOzoneClusterImpl.java:lambda$waitForClusterToBeReady$0(240)) - SCM became leader
2022-01-10 11:12:15,025 [EndpointStateMachine task thread for /127.0.0.1:13553 - 0 ] INFO  ozoneimpl.OzoneContainer (OzoneContainer.java:start(315)) - Attempting to start container services.
2022-01-10 11:12:15,025 [EndpointStateMachine task thread for /127.0.0.1:13553 - 0 ] INFO  ozoneimpl.OzoneContainer (OzoneContainer.java:startContainerScrub(250)) - Background container scanner has been disabled.
2022-01-10 11:12:15,027 [EndpointStateMachine task thread for /127.0.0.1:13553 - 0 ] INFO  replication.ReplicationServer (ReplicationServer.java:start(107)) - ReplicationServer is started using port 42317
2022-01-10 11:12:15,033 [EndpointStateMachine task thread for /127.0.0.1:13553 - 0 ] INFO  ratis.XceiverServerRatis (XceiverServerRatis.java:start(484)) - Starting XceiverServerRatis af60d39b-22ca-4a7c-b55e-02ce95ae6b6a
2022-01-10 11:12:15,033 [EndpointStateMachine task thread for /127.0.0.1:13553 - 0 ] INFO  server.RaftServer (RaftServerProxy.java:lambda$start$5(374)) - af60d39b-22ca-4a7c-b55e-02ce95ae6b6a: start RPC server
2022-01-10 11:12:15,039 [EndpointStateMachine task thread for /127.0.0.1:13553 - 0 ] INFO  server.GrpcService (GrpcService.java:startImpl(253)) - af60d39b-22ca-4a7c-b55e-02ce95ae6b6a: GrpcService started, listening on 36573
2022-01-10 11:12:15,039 [EndpointStateMachine task thread for /127.0.0.1:13553 - 0 ] INFO  ratis.XceiverServerRatis (XceiverServerRatis.java:getRealPort(505)) - XceiverServerRatis af60d39b-22ca-4a7c-b55e-02ce95ae6b6a is started using port 36573 for RATIS
2022-01-10 11:12:15,039 [EndpointStateMachine task thread for /127.0.0.1:13553 - 0 ] INFO  ratis.XceiverServerRatis (XceiverServerRatis.java:getRealPort(505)) - XceiverServerRatis af60d39b-22ca-4a7c-b55e-02ce95ae6b6a is started using port 36573 for RATIS_ADMIN
2022-01-10 11:12:15,039 [EndpointStateMachine task thread for /127.0.0.1:13553 - 0 ] INFO  ratis.XceiverServerRatis (XceiverServerRatis.java:getRealPort(505)) - XceiverServerRatis af60d39b-22ca-4a7c-b55e-02ce95ae6b6a is started using port 36573 for RATIS_SERVER
2022-01-10 11:12:15,040 [org.apache.ratis.util.JvmPauseMonitor$$Lambda$500/2122256138@6feead70] INFO  util.JvmPauseMonitor (JvmPauseMonitor.java:run(103)) - JvmPauseMonitor-af60d39b-22ca-4a7c-b55e-02ce95ae6b6a: Started
2022-01-10 11:12:15,046 [EndpointStateMachine task thread for /127.0.0.1:13553 - 0 ] INFO  server.XceiverServerGrpc (XceiverServerGrpc.java:start(180)) - XceiverServerGrpc af60d39b-22ca-4a7c-b55e-02ce95ae6b6a is started using port 35887
2022-01-10 11:12:15,048 [EndpointStateMachine task thread for /127.0.0.1:13563 - 0 ] INFO  ozoneimpl.OzoneContainer (OzoneContainer.java:start(311)) - Ignore. OzoneContainer already started.
2022-01-10 11:12:15,411 [EndpointStateMachine task thread for /127.0.0.1:14073 - 0 ] INFO  ipc.Client (Client.java:handleConnectionFailure(977)) - Retrying connect to server: localhost/127.0.0.1:14073. Already tried 13 time(s); retry policy is RetryUpToMaximumCountWithFixedSleep(maxRetries=15, sleepTime=1000 MILLISECONDS)
2022-01-10 11:12:15,412 [EndpointStateMachine task thread for /127.0.0.1:14063 - 0 ] INFO  ipc.Client (Client.java:handleConnectionFailure(977)) - Retrying connect to server: localhost/127.0.0.1:14063. Already tried 10 time(s); retry policy is RetryUpToMaximumCountWithFixedSleep(maxRetries=15, sleepTime=1000 MILLISECONDS)
2022-01-10 11:12:15,545 [EndpointStateMachine task thread for /127.0.0.1:14053 - 0 ] INFO  ipc.Client (Client.java:handleConnectionFailure(977)) - Retrying connect to server: localhost/127.0.0.1:14053. Already tried 13 time(s); retry policy is RetryUpToMaximumCountWithFixedSleep(maxRetries=15, sleepTime=1000 MILLISECONDS)
2022-01-10 11:12:15,982 [Listener at 127.0.0.1/12236] INFO  ozone.MiniOzoneClusterImpl (MiniOzoneClusterImpl.java:lambda$waitForClusterToBeReady$0(235)) - Waiting for nodes to be ready. Got 0 of 3 DN Heartbeats.
2022-01-10 11:12:15,982 [Listener at 127.0.0.1/12236] INFO  ozone.MiniOzoneClusterImpl (MiniOzoneClusterImpl.java:lambda$waitForClusterToBeReady$0(238)) - Waiting for cluster to exit safe mode
2022-01-10 11:12:15,982 [Listener at 127.0.0.1/12236] INFO  ozone.MiniOzoneClusterImpl (MiniOzoneClusterImpl.java:lambda$waitForClusterToBeReady$0(240)) - SCM became leader
2022-01-10 11:12:16,097 [IPC Server handler 1 on default port 13553] INFO  net.NetworkTopologyImpl (NetworkTopologyImpl.java:add(112)) - Added a new node: /default-rack/a128689b-7346-4663-acc6-739d712788d9
2022-01-10 11:12:16,097 [IPC Server handler 1 on default port 13553] INFO  node.SCMNodeManager (SCMNodeManager.java:register(389)) - Registered Data node : a128689b-7346-4663-acc6-739d712788d9{ip: 127.0.0.1, host: localhost, ports: [REPLICATION=46159, RATIS=44189, RATIS_ADMIN=44189, RATIS_SERVER=44189, STANDALONE=43799], networkLocation: /default-rack, certSerialId: null, persistedOpState: null, persistedOpStateExpiryEpochSec: 0}
2022-01-10 11:12:16,099 [IPC Server handler 2 on default port 13563] INFO  net.NetworkTopologyImpl (NetworkTopologyImpl.java:add(112)) - Added a new node: /default-rack/a128689b-7346-4663-acc6-739d712788d9
2022-01-10 11:12:16,099 [IPC Server handler 2 on default port 13563] INFO  node.SCMNodeManager (SCMNodeManager.java:register(389)) - Registered Data node : a128689b-7346-4663-acc6-739d712788d9{ip: 127.0.0.1, host: localhost, ports: [REPLICATION=46159, RATIS=44189, RATIS_ADMIN=44189, RATIS_SERVER=44189, STANDALONE=43799], networkLocation: /default-rack, certSerialId: null, persistedOpState: null, persistedOpStateExpiryEpochSec: 0}
2022-01-10 11:12:16,102 [EventQueue-NewNodeForNewNodeHandler] INFO  pipeline.BackgroundPipelineCreator (BackgroundPipelineCreator.java:notifyEventTriggered(285)) - trigger a one-shot run on RatisPipelineUtilsThread.
2022-01-10 11:12:16,108 [EventQueue-NodeRegistrationContainerReportForDataNodeSafeModeRule] INFO  safemode.SCMSafeModeManager (DataNodeSafeModeRule.java:process(71)) - SCM in safe mode. 1 DataNodes registered, 3 required.
2022-01-10 11:12:16,102 [RatisPipelineUtilsThread - 0] INFO  pipeline.RatisPipelineProvider (RatisPipelineProvider.java:lambda$create$0(183)) - Sending CreatePipelineCommand for pipeline:PipelineID=f2e052c2-028f-4468-8183-c3fe84083deb to datanode:a128689b-7346-4663-acc6-739d712788d9
2022-01-10 11:12:16,113 [EventQueue-NodeRegistrationContainerReportForDataNodeSafeModeRule] INFO  safemode.SCMSafeModeManager (DataNodeSafeModeRule.java:process(71)) - SCM in safe mode. 1 DataNodes registered, 3 required.
2022-01-10 11:12:16,116 [EventQueue-NodeRegistrationContainerReportForContainerSafeModeRule] INFO  safemode.SCMSafeModeManager (SCMSafeModeManager.java:validateSafeModeExitRules(204)) - ContainerSafeModeRule rule is successfully validated
2022-01-10 11:12:16,122 [EventQueue-NewNodeForNewNodeHandler] INFO  pipeline.BackgroundPipelineCreator (BackgroundPipelineCreator.java:notifyEventTriggered(279)) - ignore, not leader SCM.
2022-01-10 11:12:16,122 [EventQueue-NodeRegistrationContainerReportForContainerSafeModeRule] INFO  safemode.SCMSafeModeManager (SCMSafeModeManager.java:validateSafeModeExitRules(204)) - ContainerSafeModeRule rule is successfully validated
2022-01-10 11:12:16,122 [EventQueue-PipelineReportForOneReplicaPipelineSafeModeRule] INFO  safemode.SCMSafeModeManager (SCMSafeModeManager.java:validateSafeModeExitRules(204)) - AtleastOneDatanodeReportedRule rule is successfully validated
2022-01-10 11:12:16,129 [EventQueue-PipelineReportForOneReplicaPipelineSafeModeRule] INFO  safemode.SCMSafeModeManager (SCMSafeModeManager.java:validateSafeModeExitRules(204)) - AtleastOneDatanodeReportedRule rule is successfully validated
2022-01-10 11:12:16,165 [6a981e52-99aa-4707-bfae-4a3cfe894454@group-E3265CC39D2B-StateMachineUpdater] INFO  pipeline.PipelineStateManagerImpl (PipelineStateManagerImpl.java:addPipeline(101)) - Created pipeline Pipeline[ Id: f2e052c2-028f-4468-8183-c3fe84083deb, Nodes: a128689b-7346-4663-acc6-739d712788d9{ip: 127.0.0.1, host: localhost, ports: [REPLICATION=46159, RATIS=44189, RATIS_ADMIN=44189, RATIS_SERVER=44189, STANDALONE=43799], networkLocation: /default-rack, certSerialId: null, persistedOpState: IN_SERVICE, persistedOpStateExpiryEpochSec: 0}, ReplicationConfig: RATIS/ONE, State:ALLOCATED, leaderId:, CreationTimestamp2022-01-10T11:12:16.102Z[Etc/UTC]].
2022-01-10 11:12:16,165 [6a981e52-99aa-4707-bfae-4a3cfe894454@group-E3265CC39D2B-StateMachineUpdater] INFO  safemode.HealthyPipelineSafeModeRule (HealthyPipelineSafeModeRule.java:initializeRule(152)) - Refreshed total pipeline count is 0, healthy pipeline threshold count is 1
2022-01-10 11:12:16,169 [RatisPipelineUtilsThread - 0] INFO  ha.SCMHAInvocationHandler (SCMHAInvocationHandler.java:invokeRatis(113)) - Invoking method public abstract void org.apache.hadoop.hdds.scm.pipeline.PipelineStateManager.addPipeline(org.apache.hadoop.hdds.protocol.proto.HddsProtos$Pipeline) throws java.io.IOException on target org.apache.hadoop.hdds.scm.ha.SCMRatisServerImpl@7c42180, cost 46398.479us
2022-01-10 11:12:16,170 [4d48cbeb-2102-4f2b-b398-c18ce09455c6@group-E3265CC39D2B-StateMachineUpdater] INFO  pipeline.PipelineStateManagerImpl (PipelineStateManagerImpl.java:addPipeline(101)) - Created pipeline Pipeline[ Id: f2e052c2-028f-4468-8183-c3fe84083deb, Nodes: a128689b-7346-4663-acc6-739d712788d9{ip: 127.0.0.1, host: localhost, ports: [REPLICATION=46159, RATIS=44189, RATIS_ADMIN=44189, RATIS_SERVER=44189, STANDALONE=43799], networkLocation: /default-rack, certSerialId: null, persistedOpState: IN_SERVICE, persistedOpStateExpiryEpochSec: 0}, ReplicationConfig: RATIS/ONE, State:ALLOCATED, leaderId:, CreationTimestamp2022-01-10T11:12:16.102Z[Etc/UTC]].
2022-01-10 11:12:16,170 [4d48cbeb-2102-4f2b-b398-c18ce09455c6@group-E3265CC39D2B-StateMachineUpdater] INFO  safemode.HealthyPipelineSafeModeRule (HealthyPipelineSafeModeRule.java:initializeRule(152)) - Refreshed total pipeline count is 0, healthy pipeline threshold count is 1
2022-01-10 11:12:16,170 [4d48cbeb-2102-4f2b-b398-c18ce09455c6@group-E3265CC39D2B-StateMachineUpdater] INFO  ha.SCMStateMachine (SCMStateMachine.java:takeSnapshot(297)) - Current Snapshot Index 7, takeSnapshot took 1 ms
2022-01-10 11:12:16,170 [4d48cbeb-2102-4f2b-b398-c18ce09455c6@group-E3265CC39D2B-StateMachineUpdater] INFO  impl.StateMachineUpdater (StateMachineUpdater.java:takeSnapshot(281)) - 4d48cbeb-2102-4f2b-b398-c18ce09455c6@group-E3265CC39D2B-StateMachineUpdater: Took a snapshot at index 7
2022-01-10 11:12:16,170 [4d48cbeb-2102-4f2b-b398-c18ce09455c6@group-E3265CC39D2B-StateMachineUpdater] INFO  impl.StateMachineUpdater (StateMachineUpdater.java:lambda$new$0(89)) - 4d48cbeb-2102-4f2b-b398-c18ce09455c6@group-E3265CC39D2B-StateMachineUpdater: snapshotIndex: updateIncreasingly 2 -> 7
2022-01-10 11:12:16,170 [4d48cbeb-2102-4f2b-b398-c18ce09455c6@group-E3265CC39D2B-StateMachineUpdater] INFO  raftlog.RaftLog (RaftLogBase.java:purge(306)) - 4d48cbeb-2102-4f2b-b398-c18ce09455c6@group-E3265CC39D2B-SegmentedRaftLog: purge 7
2022-01-10 11:12:16,171 [4d48cbeb-2102-4f2b-b398-c18ce09455c6@group-E3265CC39D2B-StateMachineUpdater] INFO  raftlog.RaftLog (RaftLogBase.java:lambda$new$0(53)) - 4d48cbeb-2102-4f2b-b398-c18ce09455c6@group-E3265CC39D2B-SegmentedRaftLog: snapshotIndex: updateIncreasingly 2 -> 7
2022-01-10 11:12:16,171 [4d48cbeb-2102-4f2b-b398-c18ce09455c6@group-E3265CC39D2B-StateMachineUpdater] INFO  raftlog.RaftLog (RaftLogBase.java:lambda$new$0(53)) - 4d48cbeb-2102-4f2b-b398-c18ce09455c6@group-E3265CC39D2B-SegmentedRaftLog: purgeIndex: updateToMax old=-1, new=7, updated? true
2022-01-10 11:12:16,412 [EndpointStateMachine task thread for /127.0.0.1:14073 - 0 ] INFO  ipc.Client (Client.java:handleConnectionFailure(977)) - Retrying connect to server: localhost/127.0.0.1:14073. Already tried 14 time(s); retry policy is RetryUpToMaximumCountWithFixedSleep(maxRetries=15, sleepTime=1000 MILLISECONDS)
2022-01-10 11:12:16,412 [EndpointStateMachine task thread for /127.0.0.1:14063 - 0 ] INFO  ipc.Client (Client.java:handleConnectionFailure(977)) - Retrying connect to server: localhost/127.0.0.1:14063. Already tried 11 time(s); retry policy is RetryUpToMaximumCountWithFixedSleep(maxRetries=15, sleepTime=1000 MILLISECONDS)
2022-01-10 11:12:16,486 [IPC Server handler 0 on default port 13563] INFO  net.NetworkTopologyImpl (NetworkTopologyImpl.java:add(112)) - Added a new node: /default-rack/f1456eab-cb96-47f4-be6a-df81f044b3ea
2022-01-10 11:12:16,486 [IPC Server handler 0 on default port 13563] INFO  node.SCMNodeManager (SCMNodeManager.java:register(389)) - Registered Data node : f1456eab-cb96-47f4-be6a-df81f044b3ea{ip: 127.0.0.1, host: localhost, ports: [REPLICATION=35799, RATIS=40757, RATIS_ADMIN=40757, RATIS_SERVER=40757, STANDALONE=46701], networkLocation: /default-rack, certSerialId: null, persistedOpState: null, persistedOpStateExpiryEpochSec: 0}
2022-01-10 11:12:16,486 [EventQueue-NewNodeForNewNodeHandler] INFO  pipeline.BackgroundPipelineCreator (BackgroundPipelineCreator.java:notifyEventTriggered(279)) - ignore, not leader SCM.
2022-01-10 11:12:16,486 [IPC Server handler 2 on default port 13553] INFO  net.NetworkTopologyImpl (NetworkTopologyImpl.java:add(112)) - Added a new node: /default-rack/f1456eab-cb96-47f4-be6a-df81f044b3ea
2022-01-10 11:12:16,487 [IPC Server handler 2 on default port 13553] INFO  node.SCMNodeManager (SCMNodeManager.java:register(389)) - Registered Data node : f1456eab-cb96-47f4-be6a-df81f044b3ea{ip: 127.0.0.1, host: localhost, ports: [REPLICATION=35799, RATIS=40757, RATIS_ADMIN=40757, RATIS_SERVER=40757, STANDALONE=46701], networkLocation: /default-rack, certSerialId: null, persistedOpState: null, persistedOpStateExpiryEpochSec: 0}
2022-01-10 11:12:16,490 [EventQueue-NewNodeForNewNodeHandler] INFO  pipeline.BackgroundPipelineCreator (BackgroundPipelineCreator.java:notifyEventTriggered(285)) - trigger a one-shot run on RatisPipelineUtilsThread.
2022-01-10 11:12:16,490 [EventQueue-NodeRegistrationContainerReportForDataNodeSafeModeRule] INFO  safemode.SCMSafeModeManager (DataNodeSafeModeRule.java:process(71)) - SCM in safe mode. 2 DataNodes registered, 3 required.
2022-01-10 11:12:16,492 [EventQueue-NodeRegistrationContainerReportForDataNodeSafeModeRule] INFO  safemode.SCMSafeModeManager (DataNodeSafeModeRule.java:process(71)) - SCM in safe mode. 2 DataNodes registered, 3 required.
2022-01-10 11:12:16,501 [RatisPipelineUtilsThread - 0] INFO  pipeline.RatisPipelineProvider (RatisPipelineProvider.java:lambda$create$0(183)) - Sending CreatePipelineCommand for pipeline:PipelineID=639719d5-fd90-43ac-bbab-e577921cf61e to datanode:f1456eab-cb96-47f4-be6a-df81f044b3ea
2022-01-10 11:12:16,511 [6a981e52-99aa-4707-bfae-4a3cfe894454@group-E3265CC39D2B-StateMachineUpdater] INFO  pipeline.PipelineStateManagerImpl (PipelineStateManagerImpl.java:addPipeline(101)) - Created pipeline Pipeline[ Id: 639719d5-fd90-43ac-bbab-e577921cf61e, Nodes: f1456eab-cb96-47f4-be6a-df81f044b3ea{ip: 127.0.0.1, host: localhost, ports: [REPLICATION=35799, RATIS=40757, RATIS_ADMIN=40757, RATIS_SERVER=40757, STANDALONE=46701], networkLocation: /default-rack, certSerialId: null, persistedOpState: IN_SERVICE, persistedOpStateExpiryEpochSec: 0}, ReplicationConfig: RATIS/ONE, State:ALLOCATED, leaderId:, CreationTimestamp2022-01-10T11:12:16.501Z[Etc/UTC]].
2022-01-10 11:12:16,511 [6a981e52-99aa-4707-bfae-4a3cfe894454@group-E3265CC39D2B-StateMachineUpdater] INFO  safemode.HealthyPipelineSafeModeRule (HealthyPipelineSafeModeRule.java:initializeRule(152)) - Refreshed total pipeline count is 0, healthy pipeline threshold count is 1
2022-01-10 11:12:16,511 [RatisPipelineUtilsThread - 0] INFO  ha.SCMHAInvocationHandler (SCMHAInvocationHandler.java:invokeRatis(113)) - Invoking method public abstract void org.apache.hadoop.hdds.scm.pipeline.PipelineStateManager.addPipeline(org.apache.hadoop.hdds.protocol.proto.HddsProtos$Pipeline) throws java.io.IOException on target org.apache.hadoop.hdds.scm.ha.SCMRatisServerImpl@7c42180, cost 9860.788us
2022-01-10 11:12:16,520 [4d48cbeb-2102-4f2b-b398-c18ce09455c6@group-E3265CC39D2B-StateMachineUpdater] INFO  pipeline.PipelineStateManagerImpl (PipelineStateManagerImpl.java:addPipeline(101)) - Created pipeline Pipeline[ Id: 639719d5-fd90-43ac-bbab-e577921cf61e, Nodes: f1456eab-cb96-47f4-be6a-df81f044b3ea{ip: 127.0.0.1, host: localhost, ports: [REPLICATION=35799, RATIS=40757, RATIS_ADMIN=40757, RATIS_SERVER=40757, STANDALONE=46701], networkLocation: /default-rack, certSerialId: null, persistedOpState: IN_SERVICE, persistedOpStateExpiryEpochSec: 0}, ReplicationConfig: RATIS/ONE, State:ALLOCATED, leaderId:, CreationTimestamp2022-01-10T11:12:16.501Z[Etc/UTC]].
2022-01-10 11:12:16,520 [4d48cbeb-2102-4f2b-b398-c18ce09455c6@group-E3265CC39D2B-StateMachineUpdater] INFO  safemode.HealthyPipelineSafeModeRule (HealthyPipelineSafeModeRule.java:initializeRule(152)) - Refreshed total pipeline count is 0, healthy pipeline threshold count is 1
2022-01-10 11:12:16,521 [6a981e52-99aa-4707-bfae-4a3cfe894454@group-E3265CC39D2B-StateMachineUpdater] INFO  ha.SCMStateMachine (SCMStateMachine.java:takeSnapshot(297)) - Current Snapshot Index 10, takeSnapshot took 0 ms
2022-01-10 11:12:16,521 [6a981e52-99aa-4707-bfae-4a3cfe894454@group-E3265CC39D2B-StateMachineUpdater] INFO  impl.StateMachineUpdater (StateMachineUpdater.java:takeSnapshot(281)) - 6a981e52-99aa-4707-bfae-4a3cfe894454@group-E3265CC39D2B-StateMachineUpdater: Took a snapshot at index 10
2022-01-10 11:12:16,521 [6a981e52-99aa-4707-bfae-4a3cfe894454@group-E3265CC39D2B-StateMachineUpdater] INFO  impl.StateMachineUpdater (StateMachineUpdater.java:lambda$new$0(89)) - 6a981e52-99aa-4707-bfae-4a3cfe894454@group-E3265CC39D2B-StateMachineUpdater: snapshotIndex: updateIncreasingly 5 -> 10
2022-01-10 11:12:16,521 [6a981e52-99aa-4707-bfae-4a3cfe894454@group-E3265CC39D2B-StateMachineUpdater] INFO  raftlog.RaftLog (RaftLogBase.java:purge(306)) - 6a981e52-99aa-4707-bfae-4a3cfe894454@group-E3265CC39D2B-SegmentedRaftLog: purge 10
2022-01-10 11:12:16,521 [6a981e52-99aa-4707-bfae-4a3cfe894454@group-E3265CC39D2B-StateMachineUpdater] INFO  raftlog.RaftLog (RaftLogBase.java:lambda$new$0(53)) - 6a981e52-99aa-4707-bfae-4a3cfe894454@group-E3265CC39D2B-SegmentedRaftLog: snapshotIndex: updateIncreasingly 5 -> 10
2022-01-10 11:12:16,521 [6a981e52-99aa-4707-bfae-4a3cfe894454@group-E3265CC39D2B-StateMachineUpdater] INFO  raftlog.RaftLog (RaftLogBase.java:lambda$new$0(53)) - 6a981e52-99aa-4707-bfae-4a3cfe894454@group-E3265CC39D2B-SegmentedRaftLog: purgeIndex: updateToMax old=0, new=10, updated? true
2022-01-10 11:12:16,546 [EndpointStateMachine task thread for /127.0.0.1:14053 - 0 ] INFO  ipc.Client (Client.java:handleConnectionFailure(977)) - Retrying connect to server: localhost/127.0.0.1:14053. Already tried 14 time(s); retry policy is RetryUpToMaximumCountWithFixedSleep(maxRetries=15, sleepTime=1000 MILLISECONDS)
2022-01-10 11:12:16,982 [Listener at 127.0.0.1/12236] INFO  ozone.MiniOzoneClusterImpl (MiniOzoneClusterImpl.java:lambda$waitForClusterToBeReady$0(235)) - Waiting for nodes to be ready. Got 2 of 3 DN Heartbeats.
2022-01-10 11:12:16,983 [Listener at 127.0.0.1/12236] INFO  ozone.MiniOzoneClusterImpl (MiniOzoneClusterImpl.java:lambda$waitForClusterToBeReady$0(238)) - Waiting for cluster to exit safe mode
2022-01-10 11:12:16,983 [Listener at 127.0.0.1/12236] INFO  ozone.MiniOzoneClusterImpl (MiniOzoneClusterImpl.java:lambda$waitForClusterToBeReady$0(240)) - SCM became leader
2022-01-10 11:12:17,024 [IPC Server handler 1 on default port 13563] INFO  net.NetworkTopologyImpl (NetworkTopologyImpl.java:add(112)) - Added a new node: /default-rack/af60d39b-22ca-4a7c-b55e-02ce95ae6b6a
2022-01-10 11:12:17,024 [IPC Server handler 1 on default port 13563] INFO  node.SCMNodeManager (SCMNodeManager.java:register(389)) - Registered Data node : af60d39b-22ca-4a7c-b55e-02ce95ae6b6a{ip: 127.0.0.1, host: localhost, ports: [REPLICATION=42317, RATIS=36573, RATIS_ADMIN=36573, RATIS_SERVER=36573, STANDALONE=35887], networkLocation: /default-rack, certSerialId: null, persistedOpState: null, persistedOpStateExpiryEpochSec: 0}
2022-01-10 11:12:17,025 [EventQueue-NewNodeForNewNodeHandler] INFO  pipeline.BackgroundPipelineCreator (BackgroundPipelineCreator.java:notifyEventTriggered(279)) - ignore, not leader SCM.
2022-01-10 11:12:17,033 [EventQueue-NodeRegistrationContainerReportForDataNodeSafeModeRule] INFO  safemode.SCMSafeModeManager (DataNodeSafeModeRule.java:process(71)) - SCM in safe mode. 3 DataNodes registered, 3 required.
2022-01-10 11:12:17,033 [EventQueue-NodeRegistrationContainerReportForDataNodeSafeModeRule] INFO  safemode.SCMSafeModeManager (SCMSafeModeManager.java:validateSafeModeExitRules(204)) - DataNodeSafeModeRule rule is successfully validated
2022-01-10 11:12:17,033 [EventQueue-NodeRegistrationContainerReportForDataNodeSafeModeRule] INFO  safemode.SCMSafeModeManager (SCMSafeModeManager.java:completePreCheck(233)) - All SCM safe mode pre check rules have passed
2022-01-10 11:12:17,033 [EventQueue-NodeRegistrationContainerReportForDataNodeSafeModeRule] WARN  events.EventQueue (EventQueue.java:fireEvent(194)) - No event handler registered for event TypedEvent{payloadType=SafeModeStatus, name='Safe mode status'}
2022-01-10 11:12:17,033 [IPC Server handler 1 on default port 13553] INFO  net.NetworkTopologyImpl (NetworkTopologyImpl.java:add(112)) - Added a new node: /default-rack/af60d39b-22ca-4a7c-b55e-02ce95ae6b6a
2022-01-10 11:12:17,033 [IPC Server handler 1 on default port 13553] INFO  node.SCMNodeManager (SCMNodeManager.java:register(389)) - Registered Data node : af60d39b-22ca-4a7c-b55e-02ce95ae6b6a{ip: 127.0.0.1, host: localhost, ports: [REPLICATION=42317, RATIS=36573, RATIS_ADMIN=36573, RATIS_SERVER=36573, STANDALONE=35887], networkLocation: /default-rack, certSerialId: null, persistedOpState: null, persistedOpStateExpiryEpochSec: 0}
2022-01-10 11:12:17,033 [EventQueue-NewNodeForNewNodeHandler] INFO  pipeline.BackgroundPipelineCreator (BackgroundPipelineCreator.java:notifyEventTriggered(285)) - trigger a one-shot run on RatisPipelineUtilsThread.
2022-01-10 11:12:17,033 [EventQueue-NodeRegistrationContainerReportForDataNodeSafeModeRule] INFO  ha.SCMContext (SCMContext.java:updateSafeModeStatus(211)) - Update SafeModeStatus from SafeModeStatus{safeModeStatus=true, preCheckPassed=false} to SafeModeStatus{safeModeStatus=true, preCheckPassed=true}.
2022-01-10 11:12:17,034 [EventQueue-NodeRegistrationContainerReportForDataNodeSafeModeRule] INFO  pipeline.BackgroundPipelineCreator (BackgroundPipelineCreator.java:notifyEventTriggered(279)) - ignore, not leader SCM.
2022-01-10 11:12:17,034 [RatisPipelineUtilsThread - 0] INFO  pipeline.RatisPipelineProvider (RatisPipelineProvider.java:lambda$create$0(183)) - Sending CreatePipelineCommand for pipeline:PipelineID=4e0b4129-1574-424d-a721-9f0ca0b2f075 to datanode:af60d39b-22ca-4a7c-b55e-02ce95ae6b6a
2022-01-10 11:12:17,034 [EventQueue-NodeRegistrationContainerReportForDataNodeSafeModeRule] INFO  safemode.SCMSafeModeManager (DataNodeSafeModeRule.java:process(71)) - SCM in safe mode. 3 DataNodes registered, 3 required.
2022-01-10 11:12:17,034 [EventQueue-NodeRegistrationContainerReportForDataNodeSafeModeRule] INFO  safemode.SCMSafeModeManager (SCMSafeModeManager.java:validateSafeModeExitRules(204)) - DataNodeSafeModeRule rule is successfully validated
2022-01-10 11:12:17,034 [EventQueue-NodeRegistrationContainerReportForDataNodeSafeModeRule] INFO  safemode.SCMSafeModeManager (SCMSafeModeManager.java:completePreCheck(233)) - All SCM safe mode pre check rules have passed
2022-01-10 11:12:17,034 [EventQueue-NodeRegistrationContainerReportForDataNodeSafeModeRule] WARN  events.EventQueue (EventQueue.java:fireEvent(194)) - No event handler registered for event TypedEvent{payloadType=SafeModeStatus, name='Safe mode status'}
2022-01-10 11:12:17,034 [EventQueue-NodeRegistrationContainerReportForDataNodeSafeModeRule] INFO  ha.SCMContext (SCMContext.java:updateSafeModeStatus(211)) - Update SafeModeStatus from SafeModeStatus{safeModeStatus=true, preCheckPassed=false} to SafeModeStatus{safeModeStatus=true, preCheckPassed=true}.
2022-01-10 11:12:17,035 [EventQueue-NodeRegistrationContainerReportForDataNodeSafeModeRule] INFO  pipeline.BackgroundPipelineCreator (BackgroundPipelineCreator.java:notifyEventTriggered(285)) - trigger a one-shot run on RatisPipelineUtilsThread.
2022-01-10 11:12:17,047 [6a981e52-99aa-4707-bfae-4a3cfe894454@group-E3265CC39D2B-StateMachineUpdater] INFO  pipeline.PipelineStateManagerImpl (PipelineStateManagerImpl.java:addPipeline(101)) - Created pipeline Pipeline[ Id: 4e0b4129-1574-424d-a721-9f0ca0b2f075, Nodes: af60d39b-22ca-4a7c-b55e-02ce95ae6b6a{ip: 127.0.0.1, host: localhost, ports: [REPLICATION=42317, RATIS=36573, RATIS_ADMIN=36573, RATIS_SERVER=36573, STANDALONE=35887], networkLocation: /default-rack, certSerialId: null, persistedOpState: IN_SERVICE, persistedOpStateExpiryEpochSec: 0}, ReplicationConfig: RATIS/ONE, State:ALLOCATED, leaderId:, CreationTimestamp2022-01-10T11:12:17.034Z[Etc/UTC]].
2022-01-10 11:12:17,047 [6a981e52-99aa-4707-bfae-4a3cfe894454@group-E3265CC39D2B-StateMachineUpdater] INFO  safemode.HealthyPipelineSafeModeRule (HealthyPipelineSafeModeRule.java:initializeRule(152)) - Refreshed total pipeline count is 0, healthy pipeline threshold count is 1
2022-01-10 11:12:17,047 [RatisPipelineUtilsThread - 0] INFO  ha.SCMHAInvocationHandler (SCMHAInvocationHandler.java:invokeRatis(113)) - Invoking method public abstract void org.apache.hadoop.hdds.scm.pipeline.PipelineStateManager.addPipeline(org.apache.hadoop.hdds.protocol.proto.HddsProtos$Pipeline) throws java.io.IOException on target org.apache.hadoop.hdds.scm.ha.SCMRatisServerImpl@7c42180, cost 13136.382us
2022-01-10 11:12:17,048 [RatisPipelineUtilsThread - 0] INFO  pipeline.RatisPipelineProvider (RatisPipelineProvider.java:lambda$create$0(183)) - Sending CreatePipelineCommand for pipeline:PipelineID=ad51f04a-b15c-4d48-ae53-dacaae954cb7 to datanode:af60d39b-22ca-4a7c-b55e-02ce95ae6b6a
2022-01-10 11:12:17,048 [RatisPipelineUtilsThread - 0] INFO  pipeline.RatisPipelineProvider (RatisPipelineProvider.java:lambda$create$0(183)) - Sending CreatePipelineCommand for pipeline:PipelineID=ad51f04a-b15c-4d48-ae53-dacaae954cb7 to datanode:f1456eab-cb96-47f4-be6a-df81f044b3ea
2022-01-10 11:12:17,048 [RatisPipelineUtilsThread - 0] INFO  pipeline.RatisPipelineProvider (RatisPipelineProvider.java:lambda$create$0(183)) - Sending CreatePipelineCommand for pipeline:PipelineID=ad51f04a-b15c-4d48-ae53-dacaae954cb7 to datanode:a128689b-7346-4663-acc6-739d712788d9
2022-01-10 11:12:17,055 [4d48cbeb-2102-4f2b-b398-c18ce09455c6@group-E3265CC39D2B-StateMachineUpdater] INFO  pipeline.PipelineStateManagerImpl (PipelineStateManagerImpl.java:addPipeline(101)) - Created pipeline Pipeline[ Id: 4e0b4129-1574-424d-a721-9f0ca0b2f075, Nodes: af60d39b-22ca-4a7c-b55e-02ce95ae6b6a{ip: 127.0.0.1, host: localhost, ports: [REPLICATION=42317, RATIS=36573, RATIS_ADMIN=36573, RATIS_SERVER=36573, STANDALONE=35887], networkLocation: /default-rack, certSerialId: null, persistedOpState: IN_SERVICE, persistedOpStateExpiryEpochSec: 0}, ReplicationConfig: RATIS/ONE, State:ALLOCATED, leaderId:, CreationTimestamp2022-01-10T11:12:17.034Z[Etc/UTC]].
2022-01-10 11:12:17,055 [4d48cbeb-2102-4f2b-b398-c18ce09455c6@group-E3265CC39D2B-StateMachineUpdater] INFO  safemode.HealthyPipelineSafeModeRule (HealthyPipelineSafeModeRule.java:initializeRule(152)) - Refreshed total pipeline count is 0, healthy pipeline threshold count is 1
2022-01-10 11:12:17,059 [6a981e52-99aa-4707-bfae-4a3cfe894454@group-E3265CC39D2B-StateMachineUpdater] INFO  pipeline.PipelineStateManagerImpl (PipelineStateManagerImpl.java:addPipeline(101)) - Created pipeline Pipeline[ Id: ad51f04a-b15c-4d48-ae53-dacaae954cb7, Nodes: af60d39b-22ca-4a7c-b55e-02ce95ae6b6a{ip: 127.0.0.1, host: localhost, ports: [REPLICATION=42317, RATIS=36573, RATIS_ADMIN=36573, RATIS_SERVER=36573, STANDALONE=35887], networkLocation: /default-rack, certSerialId: null, persistedOpState: IN_SERVICE, persistedOpStateExpiryEpochSec: 0}f1456eab-cb96-47f4-be6a-df81f044b3ea{ip: 127.0.0.1, host: localhost, ports: [REPLICATION=35799, RATIS=40757, RATIS_ADMIN=40757, RATIS_SERVER=40757, STANDALONE=46701], networkLocation: /default-rack, certSerialId: null, persistedOpState: IN_SERVICE, persistedOpStateExpiryEpochSec: 0}a128689b-7346-4663-acc6-739d712788d9{ip: 127.0.0.1, host: localhost, ports: [REPLICATION=46159, RATIS=44189, RATIS_ADMIN=44189, RATIS_SERVER=44189, STANDALONE=43799], networkLocation: /default-rack, certSerialId: null, persistedOpState: IN_SERVICE, persistedOpStateExpiryEpochSec: 0}, ReplicationConfig: RATIS/THREE, State:ALLOCATED, leaderId:, CreationTimestamp2022-01-10T11:12:17.048Z[Etc/UTC]].
2022-01-10 11:12:17,059 [6a981e52-99aa-4707-bfae-4a3cfe894454@group-E3265CC39D2B-StateMachineUpdater] INFO  safemode.HealthyPipelineSafeModeRule (HealthyPipelineSafeModeRule.java:initializeRule(152)) - Refreshed total pipeline count is 0, healthy pipeline threshold count is 1
2022-01-10 11:12:17,059 [RatisPipelineUtilsThread - 0] INFO  ha.SCMHAInvocationHandler (SCMHAInvocationHandler.java:invokeRatis(113)) - Invoking method public abstract void org.apache.hadoop.hdds.scm.pipeline.PipelineStateManager.addPipeline(org.apache.hadoop.hdds.protocol.proto.HddsProtos$Pipeline) throws java.io.IOException on target org.apache.hadoop.hdds.scm.ha.SCMRatisServerImpl@7c42180, cost 11291.116us
2022-01-10 11:12:17,060 [RatisPipelineUtilsThread - 0] INFO  pipeline.RatisPipelineProvider (RatisPipelineProvider.java:lambda$create$0(183)) - Sending CreatePipelineCommand for pipeline:PipelineID=b2d26482-101b-4dbd-9a26-1b62df32bce0 to datanode:af60d39b-22ca-4a7c-b55e-02ce95ae6b6a
2022-01-10 11:12:17,060 [RatisPipelineUtilsThread - 0] INFO  pipeline.RatisPipelineProvider (RatisPipelineProvider.java:lambda$create$0(183)) - Sending CreatePipelineCommand for pipeline:PipelineID=b2d26482-101b-4dbd-9a26-1b62df32bce0 to datanode:a128689b-7346-4663-acc6-739d712788d9
2022-01-10 11:12:17,060 [RatisPipelineUtilsThread - 0] INFO  pipeline.RatisPipelineProvider (RatisPipelineProvider.java:lambda$create$0(183)) - Sending CreatePipelineCommand for pipeline:PipelineID=b2d26482-101b-4dbd-9a26-1b62df32bce0 to datanode:f1456eab-cb96-47f4-be6a-df81f044b3ea
2022-01-10 11:12:17,085 [4d48cbeb-2102-4f2b-b398-c18ce09455c6@group-E3265CC39D2B-StateMachineUpdater] INFO  pipeline.PipelineStateManagerImpl (PipelineStateManagerImpl.java:addPipeline(101)) - Created pipeline Pipeline[ Id: ad51f04a-b15c-4d48-ae53-dacaae954cb7, Nodes: af60d39b-22ca-4a7c-b55e-02ce95ae6b6a{ip: 127.0.0.1, host: localhost, ports: [REPLICATION=42317, RATIS=36573, RATIS_ADMIN=36573, RATIS_SERVER=36573, STANDALONE=35887], networkLocation: /default-rack, certSerialId: null, persistedOpState: IN_SERVICE, persistedOpStateExpiryEpochSec: 0}f1456eab-cb96-47f4-be6a-df81f044b3ea{ip: 127.0.0.1, host: localhost, ports: [REPLICATION=35799, RATIS=40757, RATIS_ADMIN=40757, RATIS_SERVER=40757, STANDALONE=46701], networkLocation: /default-rack, certSerialId: null, persistedOpState: IN_SERVICE, persistedOpStateExpiryEpochSec: 0}a128689b-7346-4663-acc6-739d712788d9{ip: 127.0.0.1, host: localhost, ports: [REPLICATION=46159, RATIS=44189, RATIS_ADMIN=44189, RATIS_SERVER=44189, STANDALONE=43799], networkLocation: /default-rack, certSerialId: null, persistedOpState: IN_SERVICE, persistedOpStateExpiryEpochSec: 0}, ReplicationConfig: RATIS/THREE, State:ALLOCATED, leaderId:, CreationTimestamp2022-01-10T11:12:17.048Z[Etc/UTC]].
2022-01-10 11:12:17,086 [4d48cbeb-2102-4f2b-b398-c18ce09455c6@group-E3265CC39D2B-StateMachineUpdater] INFO  safemode.HealthyPipelineSafeModeRule (HealthyPipelineSafeModeRule.java:initializeRule(152)) - Refreshed total pipeline count is 0, healthy pipeline threshold count is 1
2022-01-10 11:12:17,086 [4d48cbeb-2102-4f2b-b398-c18ce09455c6@group-E3265CC39D2B-StateMachineUpdater] INFO  ha.SCMStateMachine (SCMStateMachine.java:takeSnapshot(297)) - Current Snapshot Index 13, takeSnapshot took 0 ms
2022-01-10 11:12:17,086 [4d48cbeb-2102-4f2b-b398-c18ce09455c6@group-E3265CC39D2B-StateMachineUpdater] INFO  impl.StateMachineUpdater (StateMachineUpdater.java:takeSnapshot(281)) - 4d48cbeb-2102-4f2b-b398-c18ce09455c6@group-E3265CC39D2B-StateMachineUpdater: Took a snapshot at index 13
2022-01-10 11:12:17,086 [4d48cbeb-2102-4f2b-b398-c18ce09455c6@group-E3265CC39D2B-StateMachineUpdater] INFO  impl.StateMachineUpdater (StateMachineUpdater.java:lambda$new$0(89)) - 4d48cbeb-2102-4f2b-b398-c18ce09455c6@group-E3265CC39D2B-StateMachineUpdater: snapshotIndex: updateIncreasingly 7 -> 13
2022-01-10 11:12:17,086 [4d48cbeb-2102-4f2b-b398-c18ce09455c6@group-E3265CC39D2B-StateMachineUpdater] INFO  raftlog.RaftLog (RaftLogBase.java:purge(306)) - 4d48cbeb-2102-4f2b-b398-c18ce09455c6@group-E3265CC39D2B-SegmentedRaftLog: purge 13
2022-01-10 11:12:17,086 [4d48cbeb-2102-4f2b-b398-c18ce09455c6@group-E3265CC39D2B-StateMachineUpdater] INFO  raftlog.RaftLog (RaftLogBase.java:lambda$new$0(53)) - 4d48cbeb-2102-4f2b-b398-c18ce09455c6@group-E3265CC39D2B-SegmentedRaftLog: snapshotIndex: updateIncreasingly 7 -> 13
2022-01-10 11:12:17,086 [4d48cbeb-2102-4f2b-b398-c18ce09455c6@group-E3265CC39D2B-StateMachineUpdater] INFO  raftlog.RaftLog (RaftLogBase.java:lambda$new$0(53)) - 4d48cbeb-2102-4f2b-b398-c18ce09455c6@group-E3265CC39D2B-SegmentedRaftLog: purgeIndex: updateToMax old=7, new=13, updated? true
2022-01-10 11:12:17,095 [6a981e52-99aa-4707-bfae-4a3cfe894454@group-E3265CC39D2B-StateMachineUpdater] INFO  pipeline.PipelineStateManagerImpl (PipelineStateManagerImpl.java:addPipeline(101)) - Created pipeline Pipeline[ Id: b2d26482-101b-4dbd-9a26-1b62df32bce0, Nodes: af60d39b-22ca-4a7c-b55e-02ce95ae6b6a{ip: 127.0.0.1, host: localhost, ports: [REPLICATION=42317, RATIS=36573, RATIS_ADMIN=36573, RATIS_SERVER=36573, STANDALONE=35887], networkLocation: /default-rack, certSerialId: null, persistedOpState: IN_SERVICE, persistedOpStateExpiryEpochSec: 0}a128689b-7346-4663-acc6-739d712788d9{ip: 127.0.0.1, host: localhost, ports: [REPLICATION=46159, RATIS=44189, RATIS_ADMIN=44189, RATIS_SERVER=44189, STANDALONE=43799], networkLocation: /default-rack, certSerialId: null, persistedOpState: IN_SERVICE, persistedOpStateExpiryEpochSec: 0}f1456eab-cb96-47f4-be6a-df81f044b3ea{ip: 127.0.0.1, host: localhost, ports: [REPLICATION=35799, RATIS=40757, RATIS_ADMIN=40757, RATIS_SERVER=40757, STANDALONE=46701], networkLocation: /default-rack, certSerialId: null, persistedOpState: IN_SERVICE, persistedOpStateExpiryEpochSec: 0}, ReplicationConfig: RATIS/THREE, State:ALLOCATED, leaderId:, CreationTimestamp2022-01-10T11:12:17.060Z[Etc/UTC]].
2022-01-10 11:12:17,095 [6a981e52-99aa-4707-bfae-4a3cfe894454@group-E3265CC39D2B-StateMachineUpdater] INFO  safemode.HealthyPipelineSafeModeRule (HealthyPipelineSafeModeRule.java:initializeRule(152)) - Refreshed total pipeline count is 0, healthy pipeline threshold count is 1
2022-01-10 11:12:17,095 [6a981e52-99aa-4707-bfae-4a3cfe894454@group-E3265CC39D2B-StateMachineUpdater] INFO  ha.SCMStateMachine (SCMStateMachine.java:takeSnapshot(297)) - Current Snapshot Index 15, takeSnapshot took 1 ms
2022-01-10 11:12:17,095 [6a981e52-99aa-4707-bfae-4a3cfe894454@group-E3265CC39D2B-StateMachineUpdater] INFO  impl.StateMachineUpdater (StateMachineUpdater.java:takeSnapshot(281)) - 6a981e52-99aa-4707-bfae-4a3cfe894454@group-E3265CC39D2B-StateMachineUpdater: Took a snapshot at index 15
2022-01-10 11:12:17,095 [6a981e52-99aa-4707-bfae-4a3cfe894454@group-E3265CC39D2B-StateMachineUpdater] INFO  impl.StateMachineUpdater (StateMachineUpdater.java:lambda$new$0(89)) - 6a981e52-99aa-4707-bfae-4a3cfe894454@group-E3265CC39D2B-StateMachineUpdater: snapshotIndex: updateIncreasingly 10 -> 15
2022-01-10 11:12:17,095 [6a981e52-99aa-4707-bfae-4a3cfe894454@group-E3265CC39D2B-StateMachineUpdater] INFO  raftlog.RaftLog (RaftLogBase.java:purge(306)) - 6a981e52-99aa-4707-bfae-4a3cfe894454@group-E3265CC39D2B-SegmentedRaftLog: purge 15
2022-01-10 11:12:17,095 [6a981e52-99aa-4707-bfae-4a3cfe894454@group-E3265CC39D2B-StateMachineUpdater] INFO  raftlog.RaftLog (RaftLogBase.java:lambda$new$0(53)) - 6a981e52-99aa-4707-bfae-4a3cfe894454@group-E3265CC39D2B-SegmentedRaftLog: snapshotIndex: updateIncreasingly 10 -> 15
2022-01-10 11:12:17,095 [6a981e52-99aa-4707-bfae-4a3cfe894454@group-E3265CC39D2B-StateMachineUpdater] INFO  raftlog.RaftLog (RaftLogBase.java:lambda$new$0(53)) - 6a981e52-99aa-4707-bfae-4a3cfe894454@group-E3265CC39D2B-SegmentedRaftLog: purgeIndex: updateToMax old=10, new=15, updated? true
2022-01-10 11:12:17,096 [RatisPipelineUtilsThread - 0] INFO  ha.SCMHAInvocationHandler (SCMHAInvocationHandler.java:invokeRatis(113)) - Invoking method public abstract void org.apache.hadoop.hdds.scm.pipeline.PipelineStateManager.addPipeline(org.apache.hadoop.hdds.protocol.proto.HddsProtos$Pipeline) throws java.io.IOException on target org.apache.hadoop.hdds.scm.ha.SCMRatisServerImpl@7c42180, cost 36466.782us
2022-01-10 11:12:17,097 [RatisPipelineUtilsThread - 0] INFO  pipeline.PipelineManagerImpl (PipelineManagerImpl.java:recordMetricsForPipeline(639)) - Pipeline: PipelineID=b2d26482-101b-4dbd-9a26-1b62df32bce0 contains same datanodes as previous pipelines: PipelineID=ad51f04a-b15c-4d48-ae53-dacaae954cb7 nodeIds: af60d39b-22ca-4a7c-b55e-02ce95ae6b6a, a128689b-7346-4663-acc6-739d712788d9, f1456eab-cb96-47f4-be6a-df81f044b3ea
2022-01-10 11:12:17,102 [4d48cbeb-2102-4f2b-b398-c18ce09455c6@group-E3265CC39D2B-StateMachineUpdater] INFO  pipeline.PipelineStateManagerImpl (PipelineStateManagerImpl.java:addPipeline(101)) - Created pipeline Pipeline[ Id: b2d26482-101b-4dbd-9a26-1b62df32bce0, Nodes: af60d39b-22ca-4a7c-b55e-02ce95ae6b6a{ip: 127.0.0.1, host: localhost, ports: [REPLICATION=42317, RATIS=36573, RATIS_ADMIN=36573, RATIS_SERVER=36573, STANDALONE=35887], networkLocation: /default-rack, certSerialId: null, persistedOpState: IN_SERVICE, persistedOpStateExpiryEpochSec: 0}a128689b-7346-4663-acc6-739d712788d9{ip: 127.0.0.1, host: localhost, ports: [REPLICATION=46159, RATIS=44189, RATIS_ADMIN=44189, RATIS_SERVER=44189, STANDALONE=43799], networkLocation: /default-rack, certSerialId: null, persistedOpState: IN_SERVICE, persistedOpStateExpiryEpochSec: 0}f1456eab-cb96-47f4-be6a-df81f044b3ea{ip: 127.0.0.1, host: localhost, ports: [REPLICATION=35799, RATIS=40757, RATIS_ADMIN=40757, RATIS_SERVER=40757, STANDALONE=46701], networkLocation: /default-rack, certSerialId: null, persistedOpState: IN_SERVICE, persistedOpStateExpiryEpochSec: 0}, ReplicationConfig: RATIS/THREE, State:ALLOCATED, leaderId:, CreationTimestamp2022-01-10T11:12:17.060Z[Etc/UTC]].
2022-01-10 11:12:17,102 [4d48cbeb-2102-4f2b-b398-c18ce09455c6@group-E3265CC39D2B-StateMachineUpdater] INFO  safemode.HealthyPipelineSafeModeRule (HealthyPipelineSafeModeRule.java:initializeRule(152)) - Refreshed total pipeline count is 0, healthy pipeline threshold count is 1
2022-01-10 11:12:17,413 [EndpointStateMachine task thread for /127.0.0.1:14063 - 0 ] INFO  ipc.Client (Client.java:handleConnectionFailure(977)) - Retrying connect to server: localhost/127.0.0.1:14063. Already tried 12 time(s); retry policy is RetryUpToMaximumCountWithFixedSleep(maxRetries=15, sleepTime=1000 MILLISECONDS)
2022-01-10 11:12:17,413 [EndpointStateMachine task thread for /127.0.0.1:14073 - 0 ] INFO  ipc.Client (Client.java:handleConnectionFailure(977)) - Retrying connect to server: localhost/127.0.0.1:14073. Already tried 0 time(s); retry policy is RetryUpToMaximumCountWithFixedSleep(maxRetries=15, sleepTime=1000 MILLISECONDS)
2022-01-10 11:12:17,547 [EndpointStateMachine task thread for /127.0.0.1:14053 - 0 ] INFO  ipc.Client (Client.java:handleConnectionFailure(977)) - Retrying connect to server: localhost/127.0.0.1:14053. Already tried 0 time(s); retry policy is RetryUpToMaximumCountWithFixedSleep(maxRetries=15, sleepTime=1000 MILLISECONDS)
2022-01-10 11:12:17,983 [Listener at 127.0.0.1/12236] INFO  ozone.MiniOzoneClusterImpl (MiniOzoneClusterImpl.java:lambda$waitForClusterToBeReady$0(235)) - Nodes are ready. Got 3 of 3 DN Heartbeats.
2022-01-10 11:12:17,983 [Listener at 127.0.0.1/12236] INFO  ozone.MiniOzoneClusterImpl (MiniOzoneClusterImpl.java:lambda$waitForClusterToBeReady$0(238)) - Waiting for cluster to exit safe mode
2022-01-10 11:12:17,984 [Listener at 127.0.0.1/12236] INFO  ozone.MiniOzoneClusterImpl (MiniOzoneClusterImpl.java:lambda$waitForClusterToBeReady$0(240)) - SCM became leader
2022-01-10 11:12:18,414 [EndpointStateMachine task thread for /127.0.0.1:14073 - 0 ] INFO  ipc.Client (Client.java:handleConnectionFailure(977)) - Retrying connect to server: localhost/127.0.0.1:14073. Already tried 1 time(s); retry policy is RetryUpToMaximumCountWithFixedSleep(maxRetries=15, sleepTime=1000 MILLISECONDS)
2022-01-10 11:12:18,415 [EndpointStateMachine task thread for /127.0.0.1:14063 - 0 ] INFO  ipc.Client (Client.java:handleConnectionFailure(977)) - Retrying connect to server: localhost/127.0.0.1:14063. Already tried 13 time(s); retry policy is RetryUpToMaximumCountWithFixedSleep(maxRetries=15, sleepTime=1000 MILLISECONDS)
2022-01-10 11:12:18,482 [Datanode State Machine Daemon Thread] ERROR datanode.RunningDatanodeState (RunningDatanodeState.java:computeNextContainerState(199)) - Error in executing end point task.
java.util.concurrent.ExecutionException: java.util.concurrent.TimeoutException
	at java.util.concurrent.FutureTask.report(FutureTask.java:122)
	at java.util.concurrent.FutureTask.get(FutureTask.java:192)
	at org.apache.hadoop.ozone.container.common.states.datanode.RunningDatanodeState.computeNextContainerState(RunningDatanodeState.java:191)
	at org.apache.hadoop.ozone.container.common.states.datanode.RunningDatanodeState.await(RunningDatanodeState.java:231)
	at org.apache.hadoop.ozone.container.common.states.datanode.RunningDatanodeState.await(RunningDatanodeState.java:50)
	at org.apache.hadoop.ozone.container.common.statemachine.StateContext.execute(StateContext.java:633)
	at org.apache.hadoop.ozone.container.common.statemachine.DatanodeStateMachine.start(DatanodeStateMachine.java:280)
	at org.apache.hadoop.ozone.container.common.statemachine.DatanodeStateMachine.lambda$startDaemon$0(DatanodeStateMachine.java:468)
	at java.lang.Thread.run(Thread.java:748)
Caused by: java.util.concurrent.TimeoutException
	at java.util.concurrent.FutureTask.get(FutureTask.java:205)
	at org.apache.hadoop.ozone.container.common.states.datanode.RunningDatanodeState.lambda$execute$0(RunningDatanodeState.java:149)
	at java.util.concurrent.FutureTask.run(FutureTask.java:266)
	at java.util.concurrent.Executors$RunnableAdapter.call(Executors.java:511)
	at java.util.concurrent.FutureTask.run(FutureTask.java:266)
	at java.util.concurrent.ThreadPoolExecutor.runWorker(ThreadPoolExecutor.java:1149)
	at java.util.concurrent.ThreadPoolExecutor$Worker.run(ThreadPoolExecutor.java:624)
	... 1 more
2022-01-10 11:12:18,548 [EndpointStateMachine task thread for /127.0.0.1:14053 - 0 ] INFO  ipc.Client (Client.java:handleConnectionFailure(977)) - Retrying connect to server: localhost/127.0.0.1:14053. Already tried 1 time(s); retry policy is RetryUpToMaximumCountWithFixedSleep(maxRetries=15, sleepTime=1000 MILLISECONDS)
2022-01-10 11:12:18,984 [Listener at 127.0.0.1/12236] INFO  ozone.MiniOzoneClusterImpl (MiniOzoneClusterImpl.java:lambda$waitForClusterToBeReady$0(235)) - Nodes are ready. Got 3 of 3 DN Heartbeats.
2022-01-10 11:12:18,984 [Listener at 127.0.0.1/12236] INFO  ozone.MiniOzoneClusterImpl (MiniOzoneClusterImpl.java:lambda$waitForClusterToBeReady$0(238)) - Waiting for cluster to exit safe mode
2022-01-10 11:12:18,984 [Listener at 127.0.0.1/12236] INFO  ozone.MiniOzoneClusterImpl (MiniOzoneClusterImpl.java:lambda$waitForClusterToBeReady$0(240)) - SCM became leader
2022-01-10 11:12:19,020 [Datanode State Machine Daemon Thread] ERROR datanode.RunningDatanodeState (RunningDatanodeState.java:computeNextContainerState(199)) - Error in executing end point task.
java.util.concurrent.ExecutionException: java.util.concurrent.TimeoutException
	at java.util.concurrent.FutureTask.report(FutureTask.java:122)
	at java.util.concurrent.FutureTask.get(FutureTask.java:192)
	at org.apache.hadoop.ozone.container.common.states.datanode.RunningDatanodeState.computeNextContainerState(RunningDatanodeState.java:191)
	at org.apache.hadoop.ozone.container.common.states.datanode.RunningDatanodeState.await(RunningDatanodeState.java:231)
	at org.apache.hadoop.ozone.container.common.states.datanode.RunningDatanodeState.await(RunningDatanodeState.java:50)
	at org.apache.hadoop.ozone.container.common.statemachine.StateContext.execute(StateContext.java:633)
	at org.apache.hadoop.ozone.container.common.statemachine.DatanodeStateMachine.start(DatanodeStateMachine.java:280)
	at org.apache.hadoop.ozone.container.common.statemachine.DatanodeStateMachine.lambda$startDaemon$0(DatanodeStateMachine.java:468)
	at java.lang.Thread.run(Thread.java:748)
Caused by: java.util.concurrent.TimeoutException
	at java.util.concurrent.FutureTask.get(FutureTask.java:205)
	at org.apache.hadoop.ozone.container.common.states.datanode.RunningDatanodeState.lambda$execute$0(RunningDatanodeState.java:149)
	at java.util.concurrent.FutureTask.run(FutureTask.java:266)
	at java.util.concurrent.Executors$RunnableAdapter.call(Executors.java:511)
	at java.util.concurrent.FutureTask.run(FutureTask.java:266)
	at java.util.concurrent.ThreadPoolExecutor.runWorker(ThreadPoolExecutor.java:1149)
	at java.util.concurrent.ThreadPoolExecutor$Worker.run(ThreadPoolExecutor.java:624)
	... 1 more
2022-01-10 11:12:19,094 [Datanode State Machine Daemon Thread] ERROR datanode.RunningDatanodeState (RunningDatanodeState.java:computeNextContainerState(199)) - Error in executing end point task.
java.util.concurrent.ExecutionException: java.util.concurrent.TimeoutException
	at java.util.concurrent.FutureTask.report(FutureTask.java:122)
	at java.util.concurrent.FutureTask.get(FutureTask.java:192)
	at org.apache.hadoop.ozone.container.common.states.datanode.RunningDatanodeState.computeNextContainerState(RunningDatanodeState.java:191)
	at org.apache.hadoop.ozone.container.common.states.datanode.RunningDatanodeState.await(RunningDatanodeState.java:231)
	at org.apache.hadoop.ozone.container.common.states.datanode.RunningDatanodeState.await(RunningDatanodeState.java:50)
	at org.apache.hadoop.ozone.container.common.statemachine.StateContext.execute(StateContext.java:633)
	at org.apache.hadoop.ozone.container.common.statemachine.DatanodeStateMachine.start(DatanodeStateMachine.java:280)
	at org.apache.hadoop.ozone.container.common.statemachine.DatanodeStateMachine.lambda$startDaemon$0(DatanodeStateMachine.java:468)
	at java.lang.Thread.run(Thread.java:748)
Caused by: java.util.concurrent.TimeoutException
	at java.util.concurrent.FutureTask.get(FutureTask.java:205)
	at org.apache.hadoop.ozone.container.common.states.datanode.RunningDatanodeState.lambda$execute$0(RunningDatanodeState.java:149)
	at java.util.concurrent.FutureTask.run(FutureTask.java:266)
	at java.util.concurrent.Executors$RunnableAdapter.call(Executors.java:511)
	at java.util.concurrent.FutureTask.run(FutureTask.java:266)
	at java.util.concurrent.ThreadPoolExecutor.runWorker(ThreadPoolExecutor.java:1149)
	at java.util.concurrent.ThreadPoolExecutor$Worker.run(ThreadPoolExecutor.java:624)
	... 1 more
2022-01-10 11:12:19,099 [Command processor thread] INFO  server.RaftServer (RaftServerProxy.java:addNew(95)) - a128689b-7346-4663-acc6-739d712788d9: addNew group-C3FE84083DEB:[a128689b-7346-4663-acc6-739d712788d9|rpc:127.0.0.1:44189|priority:1] returns group-C3FE84083DEB:java.util.concurrent.CompletableFuture@3e2658f7[Not completed]
2022-01-10 11:12:19,122 [pool-301-thread-1] INFO  server.RaftServer$Division (RaftServerImpl.java:<init>(184)) - a128689b-7346-4663-acc6-739d712788d9: new RaftServerImpl for group-C3FE84083DEB:[a128689b-7346-4663-acc6-739d712788d9|rpc:127.0.0.1:44189|priority:1] with ContainerStateMachine:uninitialized
2022-01-10 11:12:19,122 [pool-301-thread-1] INFO  server.RaftServerConfigKeys (ConfUtils.java:logGet(44)) - raft.server.rpc.timeout.min = 5s (custom)
2022-01-10 11:12:19,123 [pool-301-thread-1] INFO  server.RaftServerConfigKeys (ConfUtils.java:logGet(44)) - raft.server.rpc.timeout.max = 5200ms (custom)
2022-01-10 11:12:19,123 [pool-301-thread-1] INFO  server.RaftServerConfigKeys (ConfUtils.java:logGet(44)) - raft.server.rpc.sleep.time = 25ms (default)
2022-01-10 11:12:19,123 [pool-301-thread-1] INFO  server.RaftServerConfigKeys (ConfUtils.java:logGet(44)) - raft.server.rpc.slowness.timeout = 300s (custom)
2022-01-10 11:12:19,124 [pool-301-thread-1] INFO  server.RaftServerConfigKeys (ConfUtils.java:logGet(44)) - raft.server.leaderelection.leader.step-down.wait-time = 10s (default)
2022-01-10 11:12:19,124 [pool-301-thread-1] INFO  server.RaftServerConfigKeys (ConfUtils.java:logGet(44)) - raft.server.sleep.deviation.threshold = 300ms (default)
2022-01-10 11:12:19,124 [pool-301-thread-1] INFO  server.RaftServerConfigKeys (ConfUtils.java:logGet(44)) - raft.server.log.appender.install.snapshot.enabled = false (custom)
2022-01-10 11:12:19,124 [pool-301-thread-1] INFO  server.RaftServer$Division (ServerState.java:<init>(105)) - a128689b-7346-4663-acc6-739d712788d9@group-C3FE84083DEB: ConfigurationManager, init=-1: [a128689b-7346-4663-acc6-739d712788d9|rpc:127.0.0.1:44189|priority:1], old=null, confs=<EMPTY_MAP>
2022-01-10 11:12:19,124 [pool-301-thread-1] INFO  server.RaftServerConfigKeys (ConfUtils.java:logGet(44)) - raft.server.storage.dir = [/home/runner/work/ozone/ozone/hadoop-ozone/integration-test/target/test-dir/MiniOzoneClusterImpl-7d1a95dd-ad38-4e88-9004-e3265cc39d2b/datanode-0/data/ratis] (custom)
2022-01-10 11:12:19,124 [pool-301-thread-1] INFO  server.RaftServerConfigKeys (ConfUtils.java:logGet(44)) - raft.server.log.corruption.policy = EXCEPTION (default)
2022-01-10 11:12:19,127 [pool-301-thread-1] INFO  server.RaftServerConfigKeys (ConfUtils.java:logGet(44)) - raft.server.storage.free-space.min = 0MB (=0) (default)
2022-01-10 11:12:19,127 [pool-301-thread-1] INFO  storage.RaftStorageDirectory (RaftStorageDirectoryImpl.java:analyzeStorage(135)) - The storage directory /home/runner/work/ozone/ozone/hadoop-ozone/integration-test/target/test-dir/MiniOzoneClusterImpl-7d1a95dd-ad38-4e88-9004-e3265cc39d2b/datanode-0/data/ratis/f2e052c2-028f-4468-8183-c3fe84083deb does not exist. Creating ...
2022-01-10 11:12:19,131 [pool-301-thread-1] INFO  storage.RaftStorageDirectory (RaftStorageDirectoryImpl.java:tryLock(230)) - Lock on /home/runner/work/ozone/ozone/hadoop-ozone/integration-test/target/test-dir/MiniOzoneClusterImpl-7d1a95dd-ad38-4e88-9004-e3265cc39d2b/datanode-0/data/ratis/f2e052c2-028f-4468-8183-c3fe84083deb/in_use.lock acquired by nodename 8189@fv-az270-882
2022-01-10 11:12:19,133 [pool-301-thread-1] INFO  storage.RaftStorage (RaftStorageImpl.java:format(89)) - Storage directory /home/runner/work/ozone/ozone/hadoop-ozone/integration-test/target/test-dir/MiniOzoneClusterImpl-7d1a95dd-ad38-4e88-9004-e3265cc39d2b/datanode-0/data/ratis/f2e052c2-028f-4468-8183-c3fe84083deb has been successfully formatted.
2022-01-10 11:12:19,134 [pool-301-thread-1] INFO  ratis.ContainerStateMachine (ContainerStateMachine.java:loadSnapshot(231)) - group-C3FE84083DEB: The snapshot info is null. Setting the last applied indexto:(t:0, i:~)
2022-01-10 11:12:19,134 [pool-301-thread-1] INFO  server.RaftServerConfigKeys (ConfUtils.java:logGet(44)) - raft.server.notification.no-leader.timeout = 300s (custom)
2022-01-10 11:12:19,135 [EventQueue-PipelineReportForPipelineReportHandler] INFO  pipeline.PipelineManagerImpl (PipelineManagerImpl.java:openPipeline(291)) - Pipeline Pipeline[ Id: f2e052c2-028f-4468-8183-c3fe84083deb, Nodes: a128689b-7346-4663-acc6-739d712788d9{ip: 127.0.0.1, host: localhost, ports: [REPLICATION=46159, RATIS=44189, RATIS_ADMIN=44189, RATIS_SERVER=44189, STANDALONE=43799], networkLocation: /default-rack, certSerialId: null, persistedOpState: IN_SERVICE, persistedOpStateExpiryEpochSec: 0}, ReplicationConfig: RATIS/ONE, State:ALLOCATED, leaderId:a128689b-7346-4663-acc6-739d712788d9, CreationTimestamp2022-01-10T11:12:16.102Z[Etc/UTC]] moved to OPEN state
2022-01-10 11:12:19,140 [EventQueue-PipelineReportForPipelineReportHandler] INFO  pipeline.PipelineManagerImpl (PipelineManagerImpl.java:openPipeline(291)) - Pipeline Pipeline[ Id: f2e052c2-028f-4468-8183-c3fe84083deb, Nodes: a128689b-7346-4663-acc6-739d712788d9{ip: 127.0.0.1, host: localhost, ports: [REPLICATION=46159, RATIS=44189, RATIS_ADMIN=44189, RATIS_SERVER=44189, STANDALONE=43799], networkLocation: /default-rack, certSerialId: null, persistedOpState: IN_SERVICE, persistedOpStateExpiryEpochSec: 0}, ReplicationConfig: RATIS/ONE, State:ALLOCATED, leaderId:a128689b-7346-4663-acc6-739d712788d9, CreationTimestamp2022-01-10T11:12:16.102Z[Etc/UTC]] moved to OPEN state
2022-01-10 11:12:19,140 [pool-301-thread-1] INFO  server.RaftServerConfigKeys (ConfUtils.java:logGet(44)) - raft.server.log.use.memory = false (default)
2022-01-10 11:12:19,145 [EndpointStateMachine task thread for /127.0.0.1:13573 - 0 ] WARN  statemachine.EndpointStateMachine (EndpointStateMachine.java:logIfNeeded(236)) - Unable to communicate to SCM server at 127.0.0.1:13573 for past 0 seconds.
java.net.SocketTimeoutException: Call From fv-az270-882/10.1.0.7 to localhost:13573 failed on socket timeout exception: java.net.SocketTimeoutException: 5000 millis timeout while waiting for channel to be ready for read. ch : java.nio.channels.SocketChannel[connected local=/127.0.0.1:60150 remote=/127.0.0.1:13573]; For more details see:  http://wiki.apache.org/hadoop/SocketTimeout
	at sun.reflect.GeneratedConstructorAccessor35.newInstance(Unknown Source)
	at sun.reflect.DelegatingConstructorAccessorImpl.newInstance(DelegatingConstructorAccessorImpl.java:45)
	at java.lang.reflect.Constructor.newInstance(Constructor.java:423)
	at org.apache.hadoop.net.NetUtils.wrapWithMessage(NetUtils.java:913)
	at org.apache.hadoop.net.NetUtils.wrapException(NetUtils.java:848)
	at org.apache.hadoop.ipc.Client.getRpcResponse(Client.java:1577)
	at org.apache.hadoop.ipc.Client.call(Client.java:1519)
	at org.apache.hadoop.ipc.Client.call(Client.java:1416)
	at org.apache.hadoop.ipc.ProtobufRpcEngine$Invoker.invoke(ProtobufRpcEngine.java:236)
	at org.apache.hadoop.ipc.ProtobufRpcEngine$Invoker.invoke(ProtobufRpcEngine.java:123)
	at com.sun.proxy.$Proxy48.submitRequest(Unknown Source)
	at org.apache.hadoop.ozone.protocolPB.StorageContainerDatanodeProtocolClientSideTranslatorPB.submitRequest(StorageContainerDatanodeProtocolClientSideTranslatorPB.java:117)
	at org.apache.hadoop.ozone.protocolPB.StorageContainerDatanodeProtocolClientSideTranslatorPB.getVersion(StorageContainerDatanodeProtocolClientSideTranslatorPB.java:133)
	at org.apache.hadoop.ozone.container.common.states.endpoint.VersionEndpointTask.call(VersionEndpointTask.java:71)
	at org.apache.hadoop.ozone.container.common.states.endpoint.VersionEndpointTask.call(VersionEndpointTask.java:42)
	at java.util.concurrent.FutureTask.run(FutureTask.java:266)
	at java.util.concurrent.ThreadPoolExecutor.runWorker(ThreadPoolExecutor.java:1149)
	at java.util.concurrent.ThreadPoolExecutor$Worker.run(ThreadPoolExecutor.java:624)
	at java.lang.Thread.run(Thread.java:748)
Caused by: java.net.SocketTimeoutException: 5000 millis timeout while waiting for channel to be ready for read. ch : java.nio.channels.SocketChannel[connected local=/127.0.0.1:60150 remote=/127.0.0.1:13573]
	at org.apache.hadoop.net.SocketIOWithTimeout.doIO(SocketIOWithTimeout.java:164)
	at org.apache.hadoop.net.SocketInputStream.read(SocketInputStream.java:161)
	at org.apache.hadoop.net.SocketInputStream.read(SocketInputStream.java:131)
	at java.io.FilterInputStream.read(FilterInputStream.java:133)
	at java.io.BufferedInputStream.fill(BufferedInputStream.java:246)
	at java.io.BufferedInputStream.read(BufferedInputStream.java:265)
	at java.io.FilterInputStream.read(FilterInputStream.java:83)
	at java.io.FilterInputStream.read(FilterInputStream.java:83)
	at org.apache.hadoop.ipc.Client$Connection$PingInputStream.read(Client.java:563)
	at java.io.DataInputStream.readInt(DataInputStream.java:387)
	at org.apache.hadoop.ipc.Client$IpcStreams.readResponse(Client.java:1892)
	at org.apache.hadoop.ipc.Client$Connection.receiveRpcResponse(Client.java:1202)
	at org.apache.hadoop.ipc.Client$Connection.run(Client.java:1098)
2022-01-10 11:12:19,145 [EndpointStateMachine task thread for /127.0.0.1:13573 - 0 ] WARN  statemachine.EndpointStateMachine (EndpointStateMachine.java:logIfNeeded(236)) - Unable to communicate to SCM server at localhost:13573 for past 0 seconds.
java.net.SocketTimeoutException: Call From fv-az270-882/10.1.0.7 to localhost:13573 failed on socket timeout exception: java.net.SocketTimeoutException: 5000 millis timeout while waiting for channel to be ready for read. ch : java.nio.channels.SocketChannel[connected local=/127.0.0.1:60150 remote=/127.0.0.1:13573]; For more details see:  http://wiki.apache.org/hadoop/SocketTimeout
	at sun.reflect.GeneratedConstructorAccessor35.newInstance(Unknown Source)
	at sun.reflect.DelegatingConstructorAccessorImpl.newInstance(DelegatingConstructorAccessorImpl.java:45)
	at java.lang.reflect.Constructor.newInstance(Constructor.java:423)
	at org.apache.hadoop.net.NetUtils.wrapWithMessage(NetUtils.java:913)
	at org.apache.hadoop.net.NetUtils.wrapException(NetUtils.java:848)
	at org.apache.hadoop.ipc.Client.getRpcResponse(Client.java:1577)
	at org.apache.hadoop.ipc.Client.call(Client.java:1519)
	at org.apache.hadoop.ipc.Client.call(Client.java:1416)
	at org.apache.hadoop.ipc.ProtobufRpcEngine$Invoker.invoke(ProtobufRpcEngine.java:236)
	at org.apache.hadoop.ipc.ProtobufRpcEngine$Invoker.invoke(ProtobufRpcEngine.java:123)
	at com.sun.proxy.$Proxy48.submitRequest(Unknown Source)
	at org.apache.hadoop.ozone.protocolPB.StorageContainerDatanodeProtocolClientSideTranslatorPB.submitRequest(StorageContainerDatanodeProtocolClientSideTranslatorPB.java:117)
	at org.apache.hadoop.ozone.protocolPB.StorageContainerDatanodeProtocolClientSideTranslatorPB.getVersion(StorageContainerDatanodeProtocolClientSideTranslatorPB.java:133)
	at org.apache.hadoop.ozone.container.common.states.endpoint.VersionEndpointTask.call(VersionEndpointTask.java:71)
	at org.apache.hadoop.ozone.container.common.states.endpoint.VersionEndpointTask.call(VersionEndpointTask.java:42)
	at java.util.concurrent.FutureTask.run(FutureTask.java:266)
	at java.util.concurrent.ThreadPoolExecutor.runWorker(ThreadPoolExecutor.java:1149)
	at java.util.concurrent.ThreadPoolExecutor$Worker.run(ThreadPoolExecutor.java:624)
	at java.lang.Thread.run(Thread.java:748)
Caused by: java.net.SocketTimeoutException: 5000 millis timeout while waiting for channel to be ready for read. ch : java.nio.channels.SocketChannel[connected local=/127.0.0.1:60150 remote=/127.0.0.1:13573]
	at org.apache.hadoop.net.SocketIOWithTimeout.doIO(SocketIOWithTimeout.java:164)
	at org.apache.hadoop.net.SocketInputStream.read(SocketInputStream.java:161)
	at org.apache.hadoop.net.SocketInputStream.read(SocketInputStream.java:131)
	at java.io.FilterInputStream.read(FilterInputStream.java:133)
	at java.io.BufferedInputStream.fill(BufferedInputStream.java:246)
	at java.io.BufferedInputStream.read(BufferedInputStream.java:265)
	at java.io.FilterInputStream.read(FilterInputStream.java:83)
	at java.io.FilterInputStream.read(FilterInputStream.java:83)
	at org.apache.hadoop.ipc.Client$Connection$PingInputStream.read(Client.java:563)
	at java.io.DataInputStream.readInt(DataInputStream.java:387)
	at org.apache.hadoop.ipc.Client$IpcStreams.readResponse(Client.java:1892)
	at org.apache.hadoop.ipc.Client$Connection.receiveRpcResponse(Client.java:1202)
	at org.apache.hadoop.ipc.Client$Connection.run(Client.java:1098)
2022-01-10 11:12:19,145 [EndpointStateMachine task thread for /127.0.0.1:13573 - 0 ] WARN  statemachine.EndpointStateMachine (EndpointStateMachine.java:logIfNeeded(236)) - Unable to communicate to SCM server at 127.0.0.1:13573 for past 0 seconds.
java.net.SocketTimeoutException: Call From fv-az270-882/10.1.0.7 to localhost:13573 failed on socket timeout exception: java.net.SocketTimeoutException: 5000 millis timeout while waiting for channel to be ready for read. ch : java.nio.channels.SocketChannel[connected local=/127.0.0.1:60150 remote=/127.0.0.1:13573]; For more details see:  http://wiki.apache.org/hadoop/SocketTimeout
	at sun.reflect.GeneratedConstructorAccessor35.newInstance(Unknown Source)
	at sun.reflect.DelegatingConstructorAccessorImpl.newInstance(DelegatingConstructorAccessorImpl.java:45)
	at java.lang.reflect.Constructor.newInstance(Constructor.java:423)
	at org.apache.hadoop.net.NetUtils.wrapWithMessage(NetUtils.java:913)
	at org.apache.hadoop.net.NetUtils.wrapException(NetUtils.java:848)
	at org.apache.hadoop.ipc.Client.getRpcResponse(Client.java:1577)
	at org.apache.hadoop.ipc.Client.call(Client.java:1519)
	at org.apache.hadoop.ipc.Client.call(Client.java:1416)
	at org.apache.hadoop.ipc.ProtobufRpcEngine$Invoker.invoke(ProtobufRpcEngine.java:236)
	at org.apache.hadoop.ipc.ProtobufRpcEngine$Invoker.invoke(ProtobufRpcEngine.java:123)
	at com.sun.proxy.$Proxy48.submitRequest(Unknown Source)
	at org.apache.hadoop.ozone.protocolPB.StorageContainerDatanodeProtocolClientSideTranslatorPB.submitRequest(StorageContainerDatanodeProtocolClientSideTranslatorPB.java:117)
	at org.apache.hadoop.ozone.protocolPB.StorageContainerDatanodeProtocolClientSideTranslatorPB.getVersion(StorageContainerDatanodeProtocolClientSideTranslatorPB.java:133)
	at org.apache.hadoop.ozone.container.common.states.endpoint.VersionEndpointTask.call(VersionEndpointTask.java:71)
	at org.apache.hadoop.ozone.container.common.states.endpoint.VersionEndpointTask.call(VersionEndpointTask.java:42)
	at java.util.concurrent.FutureTask.run(FutureTask.java:266)
	at java.util.concurrent.ThreadPoolExecutor.runWorker(ThreadPoolExecutor.java:1149)
	at java.util.concurrent.ThreadPoolExecutor$Worker.run(ThreadPoolExecutor.java:624)
	at java.lang.Thread.run(Thread.java:748)
Caused by: java.net.SocketTimeoutException: 5000 millis timeout while waiting for channel to be ready for read. ch : java.nio.channels.SocketChannel[connected local=/127.0.0.1:60150 remote=/127.0.0.1:13573]
	at org.apache.hadoop.net.SocketIOWithTimeout.doIO(SocketIOWithTimeout.java:164)
	at org.apache.hadoop.net.SocketInputStream.read(SocketInputStream.java:161)
	at org.apache.hadoop.net.SocketInputStream.read(SocketInputStream.java:131)
	at java.io.FilterInputStream.read(FilterInputStream.java:133)
	at java.io.BufferedInputStream.fill(BufferedInputStream.java:246)
	at java.io.BufferedInputStream.read(BufferedInputStream.java:265)
	at java.io.FilterInputStream.read(FilterInputStream.java:83)
	at java.io.FilterInputStream.read(FilterInputStream.java:83)
	at org.apache.hadoop.ipc.Client$Connection$PingInputStream.read(Client.java:563)
	at java.io.DataInputStream.readInt(DataInputStream.java:387)
	at org.apache.hadoop.ipc.Client$IpcStreams.readResponse(Client.java:1892)
	at org.apache.hadoop.ipc.Client$Connection.receiveRpcResponse(Client.java:1202)
	at org.apache.hadoop.ipc.Client$Connection.run(Client.java:1098)
2022-01-10 11:12:19,159 [pool-301-thread-1] INFO  server.RaftServerConfigKeys (ConfUtils.java:logGet(44)) - raft.server.log.purge.gap = 1000000 (custom)
2022-01-10 11:12:19,159 [pool-301-thread-1] INFO  server.RaftServerConfigKeys (ConfUtils.java:logGet(44)) - raft.server.log.appender.buffer.byte-limit = 33554432 (custom)
2022-01-10 11:12:19,159 [pool-301-thread-1] INFO  server.RaftServerConfigKeys (ConfUtils.java:logGet(44)) - raft.server.log.segment.size.max = 1048576 (custom)
2022-01-10 11:12:19,160 [pool-301-thread-1] INFO  server.RaftServerConfigKeys (ConfUtils.java:logGet(44)) - raft.server.log.segment.cache.num.max = 2 (custom)
2022-01-10 11:12:19,160 [pool-301-thread-1] INFO  server.RaftServerConfigKeys (ConfUtils.java:logGet(44)) - raft.server.log.segment.cache.size.max = 200MB (=209715200) (default)
2022-01-10 11:12:19,160 [pool-301-thread-1] INFO  segmented.SegmentedRaftLogWorker (SegmentedRaftLogWorker.java:<init>(182)) - new a128689b-7346-4663-acc6-739d712788d9@group-C3FE84083DEB-SegmentedRaftLogWorker for RaftStorageImpl:Storage Directory /home/runner/work/ozone/ozone/hadoop-ozone/integration-test/target/test-dir/MiniOzoneClusterImpl-7d1a95dd-ad38-4e88-9004-e3265cc39d2b/datanode-0/data/ratis/f2e052c2-028f-4468-8183-c3fe84083deb
2022-01-10 11:12:19,160 [pool-301-thread-1] INFO  server.RaftServerConfigKeys (ConfUtils.java:logGet(44)) - raft.server.log.queue.byte-limit = 2147483647 (custom)
2022-01-10 11:12:19,160 [pool-301-thread-1] INFO  server.RaftServerConfigKeys (ConfUtils.java:logGet(44)) - raft.server.log.queue.element-limit = 1024 (custom)
2022-01-10 11:12:19,160 [pool-301-thread-1] INFO  server.RaftServerConfigKeys (ConfUtils.java:logGet(44)) - raft.server.log.segment.size.max = 1048576 (custom)
2022-01-10 11:12:19,160 [pool-301-thread-1] INFO  server.RaftServerConfigKeys (ConfUtils.java:logGet(44)) - raft.server.log.preallocated.size = 16384 (custom)
2022-01-10 11:12:19,160 [pool-301-thread-1] INFO  server.RaftServerConfigKeys (ConfUtils.java:logGet(44)) - raft.server.log.force.sync.num = 128 (default)
2022-01-10 11:12:19,160 [pool-301-thread-1] INFO  server.RaftServerConfigKeys (ConfUtils.java:logGet(44)) - raft.server.log.statemachine.data.sync = true (default)
2022-01-10 11:12:19,160 [pool-301-thread-1] INFO  server.RaftServerConfigKeys (ConfUtils.java:logGet(44)) - raft.server.log.statemachine.data.sync.timeout = 10s (default)
2022-01-10 11:12:19,160 [pool-301-thread-1] INFO  server.RaftServerConfigKeys (ConfUtils.java:logGet(44)) - raft.server.log.statemachine.data.sync.timeout.retry = -1 (default)
2022-01-10 11:12:19,161 [pool-301-thread-1] INFO  server.RaftServerConfigKeys (ConfUtils.java:logGet(44)) - raft.server.log.write.buffer.size = 1048576 (custom)
2022-01-10 11:12:19,162 [pool-301-thread-1] INFO  server.RaftServerConfigKeys (ConfUtils.java:logGet(44)) - raft.server.log.statemachine.data.caching.enabled = true (custom)
2022-01-10 11:12:19,162 [pool-301-thread-1] INFO  segmented.SegmentedRaftLogWorker (SegmentedRaftLogWorker.java:lambda$new$0(133)) - a128689b-7346-4663-acc6-739d712788d9@group-C3FE84083DEB-SegmentedRaftLogWorker: flushIndex: setUnconditionally 0 -> -1
2022-01-10 11:12:19,162 [pool-301-thread-1] INFO  segmented.SegmentedRaftLogWorker (SegmentedRaftLogWorker.java:lambda$new$0(133)) - a128689b-7346-4663-acc6-739d712788d9@group-C3FE84083DEB-SegmentedRaftLogWorker: safeCacheEvictIndex: setUnconditionally 0 -> -1
2022-01-10 11:12:19,168 [pool-301-thread-1] INFO  server.RaftServerConfigKeys (ConfUtils.java:logGet(44)) - raft.server.snapshot.auto.trigger.enabled = true (custom)
2022-01-10 11:12:19,173 [pool-301-thread-1] INFO  server.RaftServerConfigKeys (ConfUtils.java:logGet(44)) - raft.server.snapshot.auto.trigger.threshold = 10000 (custom)
2022-01-10 11:12:19,173 [pool-301-thread-1] INFO  server.RaftServerConfigKeys (ConfUtils.java:logGet(44)) - raft.server.snapshot.retention.file.num = 5 (custom)
2022-01-10 11:12:19,173 [pool-301-thread-1] INFO  server.RaftServerConfigKeys (ConfUtils.java:logGet(44)) - raft.server.log.purge.upto.snapshot.index = false (default)
2022-01-10 11:12:19,173 [pool-301-thread-1] INFO  server.RaftServerConfigKeys (ConfUtils.java:logGet(44)) - raft.server.retrycache.expirytime = 600000ms (custom)
2022-01-10 11:12:19,173 [pool-301-thread-1] INFO  server.RaftServerConfigKeys (ConfUtils.java:logGet(44)) - raft.server.retrycache.statistics.expirytime = 100μs (default)
2022-01-10 11:12:19,174 [pool-301-thread-1] INFO  server.RaftServer$Division (RaftServerImpl.java:start(301)) - a128689b-7346-4663-acc6-739d712788d9@group-C3FE84083DEB: start as a follower, conf=-1: [a128689b-7346-4663-acc6-739d712788d9|rpc:127.0.0.1:44189|priority:1], old=null
2022-01-10 11:12:19,175 [pool-301-thread-1] INFO  server.RaftServer$Division (RaftServerImpl.java:setRole(290)) - a128689b-7346-4663-acc6-739d712788d9@group-C3FE84083DEB: changes role from      null to FOLLOWER at term 0 for startAsFollower
2022-01-10 11:12:19,175 [pool-301-thread-1] INFO  impl.RoleInfo (RoleInfo.java:updateAndGet(130)) - a128689b-7346-4663-acc6-739d712788d9: start a128689b-7346-4663-acc6-739d712788d9@group-C3FE84083DEB-FollowerState
2022-01-10 11:12:19,185 [pool-301-thread-1] INFO  util.JmxRegister (JmxRegister.java:tryRegister(44)) - Successfully registered JMX Bean with object name Ratis:service=RaftServer,group=group-C3FE84083DEB,id=a128689b-7346-4663-acc6-739d712788d9
2022-01-10 11:12:19,186 [Command processor thread] INFO  ratis.XceiverServerRatis (XceiverServerRatis.java:addGroup(768)) - Created group PipelineID=f2e052c2-028f-4468-8183-c3fe84083deb
2022-01-10 11:12:19,186 [Command processor thread] INFO  commandhandler.CreatePipelineCommandHandler (CreatePipelineCommandHandler.java:handle(106)) - Created Pipeline RATIS ONE PipelineID=f2e052c2-028f-4468-8183-c3fe84083deb.
2022-01-10 11:12:19,186 [Command processor thread] INFO  server.RaftServer (RaftServerProxy.java:addNew(95)) - a128689b-7346-4663-acc6-739d712788d9: addNew group-DACAAE954CB7:[af60d39b-22ca-4a7c-b55e-02ce95ae6b6a|rpc:127.0.0.1:36573|priority:0, f1456eab-cb96-47f4-be6a-df81f044b3ea|rpc:127.0.0.1:40757|priority:0, a128689b-7346-4663-acc6-739d712788d9|rpc:127.0.0.1:44189|priority:1] returns group-DACAAE954CB7:java.util.concurrent.CompletableFuture@3a19cbeb[Not completed]
2022-01-10 11:12:19,197 [6a981e52-99aa-4707-bfae-4a3cfe894454@group-E3265CC39D2B-StateMachineUpdater] INFO  safemode.HealthyPipelineSafeModeRule (HealthyPipelineSafeModeRule.java:initializeRule(152)) - Refreshed total pipeline count is 0, healthy pipeline threshold count is 1
2022-01-10 11:12:19,198 [EventQueue-PipelineReportForPipelineReportHandler] INFO  ha.SCMHAInvocationHandler (SCMHAInvocationHandler.java:invokeRatis(113)) - Invoking method public abstract void org.apache.hadoop.hdds.scm.pipeline.PipelineStateManager.updatePipelineState(org.apache.hadoop.hdds.protocol.proto.HddsProtos$PipelineID,org.apache.hadoop.hdds.protocol.proto.HddsProtos$PipelineState) throws java.io.IOException on target org.apache.hadoop.hdds.scm.ha.SCMRatisServerImpl@7c42180, cost 58122.126us
2022-01-10 11:12:19,200 [EventQueue-PipelineReportForPipelineReportHandler] INFO  ha.SCMHAInvocationHandler (SCMHAInvocationHandler.java:invokeRatis(113)) - Invoking method public abstract void org.apache.hadoop.hdds.scm.pipeline.PipelineStateManager.updatePipelineState(org.apache.hadoop.hdds.protocol.proto.HddsProtos$PipelineID,org.apache.hadoop.hdds.protocol.proto.HddsProtos$PipelineState) throws java.io.IOException on target org.apache.hadoop.hdds.scm.ha.SCMRatisServerImpl@63d0d2e9, cost 59743.971us
2022-01-10 11:12:19,205 [pool-301-thread-1] INFO  server.RaftServer$Division (RaftServerImpl.java:<init>(184)) - a128689b-7346-4663-acc6-739d712788d9: new RaftServerImpl for group-DACAAE954CB7:[af60d39b-22ca-4a7c-b55e-02ce95ae6b6a|rpc:127.0.0.1:36573|priority:0, f1456eab-cb96-47f4-be6a-df81f044b3ea|rpc:127.0.0.1:40757|priority:0, a128689b-7346-4663-acc6-739d712788d9|rpc:127.0.0.1:44189|priority:1] with ContainerStateMachine:uninitialized
2022-01-10 11:12:19,205 [pool-301-thread-1] INFO  server.RaftServerConfigKeys (ConfUtils.java:logGet(44)) - raft.server.rpc.timeout.min = 5s (custom)
2022-01-10 11:12:19,205 [pool-301-thread-1] INFO  server.RaftServerConfigKeys (ConfUtils.java:logGet(44)) - raft.server.rpc.timeout.max = 5200ms (custom)
2022-01-10 11:12:19,205 [pool-301-thread-1] INFO  server.RaftServerConfigKeys (ConfUtils.java:logGet(44)) - raft.server.rpc.sleep.time = 25ms (default)
2022-01-10 11:12:19,205 [pool-301-thread-1] INFO  server.RaftServerConfigKeys (ConfUtils.java:logGet(44)) - raft.server.rpc.slowness.timeout = 300s (custom)
2022-01-10 11:12:19,205 [pool-301-thread-1] INFO  server.RaftServerConfigKeys (ConfUtils.java:logGet(44)) - raft.server.leaderelection.leader.step-down.wait-time = 10s (default)
2022-01-10 11:12:19,205 [pool-301-thread-1] INFO  server.RaftServerConfigKeys (ConfUtils.java:logGet(44)) - raft.server.sleep.deviation.threshold = 300ms (default)
2022-01-10 11:12:19,205 [pool-301-thread-1] INFO  server.RaftServerConfigKeys (ConfUtils.java:logGet(44)) - raft.server.log.appender.install.snapshot.enabled = false (custom)
2022-01-10 11:12:19,205 [pool-301-thread-1] INFO  server.RaftServer$Division (ServerState.java:<init>(105)) - a128689b-7346-4663-acc6-739d712788d9@group-DACAAE954CB7: ConfigurationManager, init=-1: [af60d39b-22ca-4a7c-b55e-02ce95ae6b6a|rpc:127.0.0.1:36573|priority:0, f1456eab-cb96-47f4-be6a-df81f044b3ea|rpc:127.0.0.1:40757|priority:0, a128689b-7346-4663-acc6-739d712788d9|rpc:127.0.0.1:44189|priority:1], old=null, confs=<EMPTY_MAP>
2022-01-10 11:12:19,205 [pool-301-thread-1] INFO  server.RaftServerConfigKeys (ConfUtils.java:logGet(44)) - raft.server.storage.dir = [/home/runner/work/ozone/ozone/hadoop-ozone/integration-test/target/test-dir/MiniOzoneClusterImpl-7d1a95dd-ad38-4e88-9004-e3265cc39d2b/datanode-0/data/ratis] (custom)
2022-01-10 11:12:19,205 [pool-301-thread-1] INFO  server.RaftServerConfigKeys (ConfUtils.java:logGet(44)) - raft.server.log.corruption.policy = EXCEPTION (default)
2022-01-10 11:12:19,205 [pool-301-thread-1] INFO  server.RaftServerConfigKeys (ConfUtils.java:logGet(44)) - raft.server.storage.free-space.min = 0MB (=0) (default)
2022-01-10 11:12:19,205 [pool-301-thread-1] INFO  storage.RaftStorageDirectory (RaftStorageDirectoryImpl.java:analyzeStorage(135)) - The storage directory /home/runner/work/ozone/ozone/hadoop-ozone/integration-test/target/test-dir/MiniOzoneClusterImpl-7d1a95dd-ad38-4e88-9004-e3265cc39d2b/datanode-0/data/ratis/ad51f04a-b15c-4d48-ae53-dacaae954cb7 does not exist. Creating ...
2022-01-10 11:12:19,207 [EventQueue-OpenPipelineForHealthyPipelineSafeModeRule] INFO  safemode.SCMSafeModeManager (HealthyPipelineSafeModeRule.java:process(124)) - SCM in safe mode. Healthy pipelines reported count is 0, required healthy pipeline reported count is 1
2022-01-10 11:12:19,212 [pool-301-thread-1] INFO  storage.RaftStorageDirectory (RaftStorageDirectoryImpl.java:tryLock(230)) - Lock on /home/runner/work/ozone/ozone/hadoop-ozone/integration-test/target/test-dir/MiniOzoneClusterImpl-7d1a95dd-ad38-4e88-9004-e3265cc39d2b/datanode-0/data/ratis/ad51f04a-b15c-4d48-ae53-dacaae954cb7/in_use.lock acquired by nodename 8189@fv-az270-882
2022-01-10 11:12:19,214 [pool-301-thread-1] INFO  storage.RaftStorage (RaftStorageImpl.java:format(89)) - Storage directory /home/runner/work/ozone/ozone/hadoop-ozone/integration-test/target/test-dir/MiniOzoneClusterImpl-7d1a95dd-ad38-4e88-9004-e3265cc39d2b/datanode-0/data/ratis/ad51f04a-b15c-4d48-ae53-dacaae954cb7 has been successfully formatted.
2022-01-10 11:12:19,218 [pool-301-thread-1] INFO  ratis.ContainerStateMachine (ContainerStateMachine.java:loadSnapshot(231)) - group-DACAAE954CB7: The snapshot info is null. Setting the last applied indexto:(t:0, i:~)
2022-01-10 11:12:19,224 [pool-301-thread-1] INFO  server.RaftServerConfigKeys (ConfUtils.java:logGet(44)) - raft.server.notification.no-leader.timeout = 300s (custom)
2022-01-10 11:12:19,224 [pool-301-thread-1] INFO  server.RaftServerConfigKeys (ConfUtils.java:logGet(44)) - raft.server.log.use.memory = false (default)
2022-01-10 11:12:19,224 [pool-301-thread-1] INFO  server.RaftServerConfigKeys (ConfUtils.java:logGet(44)) - raft.server.log.purge.gap = 1000000 (custom)
2022-01-10 11:12:19,225 [pool-301-thread-1] INFO  server.RaftServerConfigKeys (ConfUtils.java:logGet(44)) - raft.server.log.appender.buffer.byte-limit = 33554432 (custom)
2022-01-10 11:12:19,225 [4d48cbeb-2102-4f2b-b398-c18ce09455c6@group-E3265CC39D2B-StateMachineUpdater] INFO  safemode.HealthyPipelineSafeModeRule (HealthyPipelineSafeModeRule.java:initializeRule(152)) - Refreshed total pipeline count is 0, healthy pipeline threshold count is 1
2022-01-10 11:12:19,225 [pool-301-thread-1] INFO  server.RaftServerConfigKeys (ConfUtils.java:logGet(44)) - raft.server.log.segment.size.max = 1048576 (custom)
2022-01-10 11:12:19,225 [pool-301-thread-1] INFO  server.RaftServerConfigKeys (ConfUtils.java:logGet(44)) - raft.server.log.segment.cache.num.max = 2 (custom)
2022-01-10 11:12:19,225 [pool-301-thread-1] INFO  server.RaftServerConfigKeys (ConfUtils.java:logGet(44)) - raft.server.log.segment.cache.size.max = 200MB (=209715200) (default)
2022-01-10 11:12:19,225 [pool-301-thread-1] INFO  segmented.SegmentedRaftLogWorker (SegmentedRaftLogWorker.java:<init>(182)) - new a128689b-7346-4663-acc6-739d712788d9@group-DACAAE954CB7-SegmentedRaftLogWorker for RaftStorageImpl:Storage Directory /home/runner/work/ozone/ozone/hadoop-ozone/integration-test/target/test-dir/MiniOzoneClusterImpl-7d1a95dd-ad38-4e88-9004-e3265cc39d2b/datanode-0/data/ratis/ad51f04a-b15c-4d48-ae53-dacaae954cb7
2022-01-10 11:12:19,225 [pool-301-thread-1] INFO  server.RaftServerConfigKeys (ConfUtils.java:logGet(44)) - raft.server.log.queue.byte-limit = 2147483647 (custom)
2022-01-10 11:12:19,225 [pool-301-thread-1] INFO  server.RaftServerConfigKeys (ConfUtils.java:logGet(44)) - raft.server.log.queue.element-limit = 1024 (custom)
2022-01-10 11:12:19,226 [pool-301-thread-1] INFO  server.RaftServerConfigKeys (ConfUtils.java:logGet(44)) - raft.server.log.segment.size.max = 1048576 (custom)
2022-01-10 11:12:19,226 [pool-301-thread-1] INFO  server.RaftServerConfigKeys (ConfUtils.java:logGet(44)) - raft.server.log.preallocated.size = 16384 (custom)
2022-01-10 11:12:19,226 [pool-301-thread-1] INFO  server.RaftServerConfigKeys (ConfUtils.java:logGet(44)) - raft.server.log.force.sync.num = 128 (default)
2022-01-10 11:12:19,226 [pool-301-thread-1] INFO  server.RaftServerConfigKeys (ConfUtils.java:logGet(44)) - raft.server.log.statemachine.data.sync = true (default)
2022-01-10 11:12:19,226 [pool-301-thread-1] INFO  server.RaftServerConfigKeys (ConfUtils.java:logGet(44)) - raft.server.log.statemachine.data.sync.timeout = 10s (default)
2022-01-10 11:12:19,226 [pool-301-thread-1] INFO  server.RaftServerConfigKeys (ConfUtils.java:logGet(44)) - raft.server.log.statemachine.data.sync.timeout.retry = -1 (default)
2022-01-10 11:12:19,227 [pool-301-thread-1] INFO  server.RaftServerConfigKeys (ConfUtils.java:logGet(44)) - raft.server.log.write.buffer.size = 1048576 (custom)
2022-01-10 11:12:19,227 [pool-301-thread-1] INFO  server.RaftServerConfigKeys (ConfUtils.java:logGet(44)) - raft.server.log.statemachine.data.caching.enabled = true (custom)
2022-01-10 11:12:19,228 [pool-301-thread-1] INFO  segmented.SegmentedRaftLogWorker (SegmentedRaftLogWorker.java:lambda$new$0(133)) - a128689b-7346-4663-acc6-739d712788d9@group-DACAAE954CB7-SegmentedRaftLogWorker: flushIndex: setUnconditionally 0 -> -1
2022-01-10 11:12:19,228 [pool-301-thread-1] INFO  segmented.SegmentedRaftLogWorker (SegmentedRaftLogWorker.java:lambda$new$0(133)) - a128689b-7346-4663-acc6-739d712788d9@group-DACAAE954CB7-SegmentedRaftLogWorker: safeCacheEvictIndex: setUnconditionally 0 -> -1
2022-01-10 11:12:19,237 [pool-301-thread-1] INFO  server.RaftServerConfigKeys (ConfUtils.java:logGet(44)) - raft.server.snapshot.auto.trigger.enabled = true (custom)
2022-01-10 11:12:19,237 [pool-301-thread-1] INFO  server.RaftServerConfigKeys (ConfUtils.java:logGet(44)) - raft.server.snapshot.auto.trigger.threshold = 10000 (custom)
2022-01-10 11:12:19,237 [pool-301-thread-1] INFO  server.RaftServerConfigKeys (ConfUtils.java:logGet(44)) - raft.server.snapshot.retention.file.num = 5 (custom)
2022-01-10 11:12:19,237 [pool-301-thread-1] INFO  server.RaftServerConfigKeys (ConfUtils.java:logGet(44)) - raft.server.log.purge.upto.snapshot.index = false (default)
2022-01-10 11:12:19,237 [pool-301-thread-1] INFO  server.RaftServerConfigKeys (ConfUtils.java:logGet(44)) - raft.server.retrycache.expirytime = 600000ms (custom)
2022-01-10 11:12:19,237 [pool-301-thread-1] INFO  server.RaftServerConfigKeys (ConfUtils.java:logGet(44)) - raft.server.retrycache.statistics.expirytime = 100μs (default)
2022-01-10 11:12:19,238 [pool-301-thread-1] INFO  server.RaftServer$Division (RaftServerImpl.java:start(301)) - a128689b-7346-4663-acc6-739d712788d9@group-DACAAE954CB7: start as a follower, conf=-1: [af60d39b-22ca-4a7c-b55e-02ce95ae6b6a|rpc:127.0.0.1:36573|priority:0, f1456eab-cb96-47f4-be6a-df81f044b3ea|rpc:127.0.0.1:40757|priority:0, a128689b-7346-4663-acc6-739d712788d9|rpc:127.0.0.1:44189|priority:1], old=null
2022-01-10 11:12:19,238 [pool-301-thread-1] INFO  server.RaftServer$Division (RaftServerImpl.java:setRole(290)) - a128689b-7346-4663-acc6-739d712788d9@group-DACAAE954CB7: changes role from      null to FOLLOWER at term 0 for startAsFollower
2022-01-10 11:12:19,238 [pool-301-thread-1] INFO  impl.RoleInfo (RoleInfo.java:updateAndGet(130)) - a128689b-7346-4663-acc6-739d712788d9: start a128689b-7346-4663-acc6-739d712788d9@group-DACAAE954CB7-FollowerState
2022-01-10 11:12:19,239 [pool-301-thread-1] INFO  util.JmxRegister (JmxRegister.java:tryRegister(44)) - Successfully registered JMX Bean with object name Ratis:service=RaftServer,group=group-DACAAE954CB7,id=a128689b-7346-4663-acc6-739d712788d9
2022-01-10 11:12:19,243 [Command processor thread] INFO  ratis.XceiverServerRatis (XceiverServerRatis.java:addGroup(768)) - Created group PipelineID=ad51f04a-b15c-4d48-ae53-dacaae954cb7
2022-01-10 11:12:19,246 [EventQueue-OpenPipelineForHealthyPipelineSafeModeRule] INFO  safemode.SCMSafeModeManager (HealthyPipelineSafeModeRule.java:process(124)) - SCM in safe mode. Healthy pipelines reported count is 0, required healthy pipeline reported count is 1
2022-01-10 11:12:19,264 [EventQueue-OpenPipelineForHealthyPipelineSafeModeRule] INFO  safemode.SCMSafeModeManager (HealthyPipelineSafeModeRule.java:process(124)) - SCM in safe mode. Healthy pipelines reported count is 0, required healthy pipeline reported count is 1
2022-01-10 11:12:19,285 [grpc-default-executor-0] INFO  server.RaftServer (RaftServerProxy.java:addNew(95)) - af60d39b-22ca-4a7c-b55e-02ce95ae6b6a: addNew group-DACAAE954CB7:[af60d39b-22ca-4a7c-b55e-02ce95ae6b6a|rpc:127.0.0.1:36573|dataStream:|priority:0, f1456eab-cb96-47f4-be6a-df81f044b3ea|rpc:127.0.0.1:40757|dataStream:|priority:0, a128689b-7346-4663-acc6-739d712788d9|rpc:127.0.0.1:44189|dataStream:|priority:1] returns group-DACAAE954CB7:java.util.concurrent.CompletableFuture@72d52a9e[Not completed]
2022-01-10 11:12:19,290 [pool-347-thread-1] INFO  server.RaftServer$Division (RaftServerImpl.java:<init>(184)) - af60d39b-22ca-4a7c-b55e-02ce95ae6b6a: new RaftServerImpl for group-DACAAE954CB7:[af60d39b-22ca-4a7c-b55e-02ce95ae6b6a|rpc:127.0.0.1:36573|dataStream:|priority:0, f1456eab-cb96-47f4-be6a-df81f044b3ea|rpc:127.0.0.1:40757|dataStream:|priority:0, a128689b-7346-4663-acc6-739d712788d9|rpc:127.0.0.1:44189|dataStream:|priority:1] with ContainerStateMachine:uninitialized
2022-01-10 11:12:19,290 [pool-347-thread-1] INFO  server.RaftServerConfigKeys (ConfUtils.java:logGet(44)) - raft.server.rpc.timeout.min = 5s (custom)
2022-01-10 11:12:19,290 [pool-347-thread-1] INFO  server.RaftServerConfigKeys (ConfUtils.java:logGet(44)) - raft.server.rpc.timeout.max = 5200ms (custom)
2022-01-10 11:12:19,291 [pool-347-thread-1] INFO  server.RaftServerConfigKeys (ConfUtils.java:logGet(44)) - raft.server.rpc.sleep.time = 25ms (default)
2022-01-10 11:12:19,291 [pool-347-thread-1] INFO  server.RaftServerConfigKeys (ConfUtils.java:logGet(44)) - raft.server.rpc.slowness.timeout = 300s (custom)
2022-01-10 11:12:19,291 [pool-347-thread-1] INFO  server.RaftServerConfigKeys (ConfUtils.java:logGet(44)) - raft.server.leaderelection.leader.step-down.wait-time = 10s (default)
2022-01-10 11:12:19,291 [pool-347-thread-1] INFO  server.RaftServerConfigKeys (ConfUtils.java:logGet(44)) - raft.server.sleep.deviation.threshold = 300ms (default)
2022-01-10 11:12:19,291 [pool-347-thread-1] INFO  server.RaftServerConfigKeys (ConfUtils.java:logGet(44)) - raft.server.log.appender.install.snapshot.enabled = false (custom)
2022-01-10 11:12:19,291 [pool-347-thread-1] INFO  server.RaftServer$Division (ServerState.java:<init>(105)) - af60d39b-22ca-4a7c-b55e-02ce95ae6b6a@group-DACAAE954CB7: ConfigurationManager, init=-1: [af60d39b-22ca-4a7c-b55e-02ce95ae6b6a|rpc:127.0.0.1:36573|dataStream:|priority:0, f1456eab-cb96-47f4-be6a-df81f044b3ea|rpc:127.0.0.1:40757|dataStream:|priority:0, a128689b-7346-4663-acc6-739d712788d9|rpc:127.0.0.1:44189|dataStream:|priority:1], old=null, confs=<EMPTY_MAP>
2022-01-10 11:12:19,291 [pool-347-thread-1] INFO  server.RaftServerConfigKeys (ConfUtils.java:logGet(44)) - raft.server.storage.dir = [/home/runner/work/ozone/ozone/hadoop-ozone/integration-test/target/test-dir/MiniOzoneClusterImpl-7d1a95dd-ad38-4e88-9004-e3265cc39d2b/datanode-2/data/ratis] (custom)
2022-01-10 11:12:19,291 [pool-347-thread-1] INFO  server.RaftServerConfigKeys (ConfUtils.java:logGet(44)) - raft.server.log.corruption.policy = EXCEPTION (default)
2022-01-10 11:12:19,291 [pool-347-thread-1] INFO  server.RaftServerConfigKeys (ConfUtils.java:logGet(44)) - raft.server.storage.free-space.min = 0MB (=0) (default)
2022-01-10 11:12:19,291 [pool-347-thread-1] INFO  storage.RaftStorageDirectory (RaftStorageDirectoryImpl.java:analyzeStorage(135)) - The storage directory /home/runner/work/ozone/ozone/hadoop-ozone/integration-test/target/test-dir/MiniOzoneClusterImpl-7d1a95dd-ad38-4e88-9004-e3265cc39d2b/datanode-2/data/ratis/ad51f04a-b15c-4d48-ae53-dacaae954cb7 does not exist. Creating ...
2022-01-10 11:12:19,293 [pool-347-thread-1] INFO  storage.RaftStorageDirectory (RaftStorageDirectoryImpl.java:tryLock(230)) - Lock on /home/runner/work/ozone/ozone/hadoop-ozone/integration-test/target/test-dir/MiniOzoneClusterImpl-7d1a95dd-ad38-4e88-9004-e3265cc39d2b/datanode-2/data/ratis/ad51f04a-b15c-4d48-ae53-dacaae954cb7/in_use.lock acquired by nodename 8189@fv-az270-882
2022-01-10 11:12:19,295 [pool-347-thread-1] INFO  storage.RaftStorage (RaftStorageImpl.java:format(89)) - Storage directory /home/runner/work/ozone/ozone/hadoop-ozone/integration-test/target/test-dir/MiniOzoneClusterImpl-7d1a95dd-ad38-4e88-9004-e3265cc39d2b/datanode-2/data/ratis/ad51f04a-b15c-4d48-ae53-dacaae954cb7 has been successfully formatted.
2022-01-10 11:12:19,296 [pool-347-thread-1] INFO  ratis.ContainerStateMachine (ContainerStateMachine.java:loadSnapshot(231)) - group-DACAAE954CB7: The snapshot info is null. Setting the last applied indexto:(t:0, i:~)
2022-01-10 11:12:19,296 [pool-347-thread-1] INFO  server.RaftServerConfigKeys (ConfUtils.java:logGet(44)) - raft.server.notification.no-leader.timeout = 300s (custom)
2022-01-10 11:12:19,300 [pool-347-thread-1] INFO  server.RaftServerConfigKeys (ConfUtils.java:logGet(44)) - raft.server.log.use.memory = false (default)
2022-01-10 11:12:19,300 [pool-347-thread-1] INFO  server.RaftServerConfigKeys (ConfUtils.java:logGet(44)) - raft.server.log.purge.gap = 1000000 (custom)
2022-01-10 11:12:19,300 [pool-347-thread-1] INFO  server.RaftServerConfigKeys (ConfUtils.java:logGet(44)) - raft.server.log.appender.buffer.byte-limit = 33554432 (custom)
2022-01-10 11:12:19,300 [pool-347-thread-1] INFO  server.RaftServerConfigKeys (ConfUtils.java:logGet(44)) - raft.server.log.segment.size.max = 1048576 (custom)
2022-01-10 11:12:19,301 [pool-347-thread-1] INFO  server.RaftServerConfigKeys (ConfUtils.java:logGet(44)) - raft.server.log.segment.cache.num.max = 2 (custom)
2022-01-10 11:12:19,301 [pool-347-thread-1] INFO  server.RaftServerConfigKeys (ConfUtils.java:logGet(44)) - raft.server.log.segment.cache.size.max = 200MB (=209715200) (default)
2022-01-10 11:12:19,301 [pool-347-thread-1] INFO  segmented.SegmentedRaftLogWorker (SegmentedRaftLogWorker.java:<init>(182)) - new af60d39b-22ca-4a7c-b55e-02ce95ae6b6a@group-DACAAE954CB7-SegmentedRaftLogWorker for RaftStorageImpl:Storage Directory /home/runner/work/ozone/ozone/hadoop-ozone/integration-test/target/test-dir/MiniOzoneClusterImpl-7d1a95dd-ad38-4e88-9004-e3265cc39d2b/datanode-2/data/ratis/ad51f04a-b15c-4d48-ae53-dacaae954cb7
2022-01-10 11:12:19,301 [pool-347-thread-1] INFO  server.RaftServerConfigKeys (ConfUtils.java:logGet(44)) - raft.server.log.queue.byte-limit = 2147483647 (custom)
2022-01-10 11:12:19,301 [pool-347-thread-1] INFO  server.RaftServerConfigKeys (ConfUtils.java:logGet(44)) - raft.server.log.queue.element-limit = 1024 (custom)
2022-01-10 11:12:19,301 [pool-347-thread-1] INFO  server.RaftServerConfigKeys (ConfUtils.java:logGet(44)) - raft.server.log.segment.size.max = 1048576 (custom)
2022-01-10 11:12:19,301 [pool-347-thread-1] INFO  server.RaftServerConfigKeys (ConfUtils.java:logGet(44)) - raft.server.log.preallocated.size = 16384 (custom)
2022-01-10 11:12:19,303 [pool-347-thread-1] INFO  server.RaftServerConfigKeys (ConfUtils.java:logGet(44)) - raft.server.log.force.sync.num = 128 (default)
2022-01-10 11:12:19,303 [pool-347-thread-1] INFO  server.RaftServerConfigKeys (ConfUtils.java:logGet(44)) - raft.server.log.statemachine.data.sync = true (default)
2022-01-10 11:12:19,303 [pool-347-thread-1] INFO  server.RaftServerConfigKeys (ConfUtils.java:logGet(44)) - raft.server.log.statemachine.data.sync.timeout = 10s (default)
2022-01-10 11:12:19,303 [pool-347-thread-1] INFO  server.RaftServerConfigKeys (ConfUtils.java:logGet(44)) - raft.server.log.statemachine.data.sync.timeout.retry = -1 (default)
2022-01-10 11:12:19,304 [pool-347-thread-1] INFO  server.RaftServerConfigKeys (ConfUtils.java:logGet(44)) - raft.server.log.write.buffer.size = 1048576 (custom)
2022-01-10 11:12:19,305 [pool-347-thread-1] INFO  server.RaftServerConfigKeys (ConfUtils.java:logGet(44)) - raft.server.log.statemachine.data.caching.enabled = true (custom)
2022-01-10 11:12:19,305 [pool-347-thread-1] INFO  segmented.SegmentedRaftLogWorker (SegmentedRaftLogWorker.java:lambda$new$0(133)) - af60d39b-22ca-4a7c-b55e-02ce95ae6b6a@group-DACAAE954CB7-SegmentedRaftLogWorker: flushIndex: setUnconditionally 0 -> -1
2022-01-10 11:12:19,305 [pool-347-thread-1] INFO  segmented.SegmentedRaftLogWorker (SegmentedRaftLogWorker.java:lambda$new$0(133)) - af60d39b-22ca-4a7c-b55e-02ce95ae6b6a@group-DACAAE954CB7-SegmentedRaftLogWorker: safeCacheEvictIndex: setUnconditionally 0 -> -1
2022-01-10 11:12:19,313 [pool-347-thread-1] INFO  server.RaftServerConfigKeys (ConfUtils.java:logGet(44)) - raft.server.snapshot.auto.trigger.enabled = true (custom)
2022-01-10 11:12:19,313 [pool-347-thread-1] INFO  server.RaftServerConfigKeys (ConfUtils.java:logGet(44)) - raft.server.snapshot.auto.trigger.threshold = 10000 (custom)
2022-01-10 11:12:19,313 [pool-347-thread-1] INFO  server.RaftServerConfigKeys (ConfUtils.java:logGet(44)) - raft.server.snapshot.retention.file.num = 5 (custom)
2022-01-10 11:12:19,313 [pool-347-thread-1] INFO  server.RaftServerConfigKeys (ConfUtils.java:logGet(44)) - raft.server.log.purge.upto.snapshot.index = false (default)
2022-01-10 11:12:19,313 [pool-347-thread-1] INFO  server.RaftServerConfigKeys (ConfUtils.java:logGet(44)) - raft.server.retrycache.expirytime = 600000ms (custom)
2022-01-10 11:12:19,313 [pool-347-thread-1] INFO  server.RaftServerConfigKeys (ConfUtils.java:logGet(44)) - raft.server.retrycache.statistics.expirytime = 100μs (default)
2022-01-10 11:12:19,315 [pool-347-thread-1] INFO  server.RaftServer$Division (RaftServerImpl.java:start(301)) - af60d39b-22ca-4a7c-b55e-02ce95ae6b6a@group-DACAAE954CB7: start as a follower, conf=-1: [af60d39b-22ca-4a7c-b55e-02ce95ae6b6a|rpc:127.0.0.1:36573|dataStream:|priority:0, f1456eab-cb96-47f4-be6a-df81f044b3ea|rpc:127.0.0.1:40757|dataStream:|priority:0, a128689b-7346-4663-acc6-739d712788d9|rpc:127.0.0.1:44189|dataStream:|priority:1], old=null
2022-01-10 11:12:19,315 [pool-347-thread-1] INFO  server.RaftServer$Division (RaftServerImpl.java:setRole(290)) - af60d39b-22ca-4a7c-b55e-02ce95ae6b6a@group-DACAAE954CB7: changes role from      null to FOLLOWER at term 0 for startAsFollower
2022-01-10 11:12:19,315 [pool-347-thread-1] INFO  impl.RoleInfo (RoleInfo.java:updateAndGet(130)) - af60d39b-22ca-4a7c-b55e-02ce95ae6b6a: start af60d39b-22ca-4a7c-b55e-02ce95ae6b6a@group-DACAAE954CB7-FollowerState
2022-01-10 11:12:19,329 [pool-347-thread-1] INFO  util.JmxRegister (JmxRegister.java:tryRegister(44)) - Successfully registered JMX Bean with object name Ratis:service=RaftServer,group=group-DACAAE954CB7,id=af60d39b-22ca-4a7c-b55e-02ce95ae6b6a
2022-01-10 11:12:19,416 [EndpointStateMachine task thread for /127.0.0.1:14063 - 0 ] INFO  ipc.Client (Client.java:handleConnectionFailure(977)) - Retrying connect to server: localhost/127.0.0.1:14063. Already tried 14 time(s); retry policy is RetryUpToMaximumCountWithFixedSleep(maxRetries=15, sleepTime=1000 MILLISECONDS)
2022-01-10 11:12:19,425 [EndpointStateMachine task thread for /127.0.0.1:14073 - 0 ] INFO  ipc.Client (Client.java:handleConnectionFailure(977)) - Retrying connect to server: localhost/127.0.0.1:14073. Already tried 2 time(s); retry policy is RetryUpToMaximumCountWithFixedSleep(maxRetries=15, sleepTime=1000 MILLISECONDS)
2022-01-10 11:12:19,465 [grpc-default-executor-0] INFO  server.RaftServer (RaftServerProxy.java:addNew(95)) - f1456eab-cb96-47f4-be6a-df81f044b3ea: addNew group-DACAAE954CB7:[af60d39b-22ca-4a7c-b55e-02ce95ae6b6a|rpc:127.0.0.1:36573|dataStream:|priority:0, f1456eab-cb96-47f4-be6a-df81f044b3ea|rpc:127.0.0.1:40757|dataStream:|priority:0, a128689b-7346-4663-acc6-739d712788d9|rpc:127.0.0.1:44189|dataStream:|priority:1] returns group-DACAAE954CB7:java.util.concurrent.CompletableFuture@21eac156[Not completed]
2022-01-10 11:12:19,466 [pool-324-thread-1] INFO  server.RaftServer$Division (RaftServerImpl.java:<init>(184)) - f1456eab-cb96-47f4-be6a-df81f044b3ea: new RaftServerImpl for group-DACAAE954CB7:[af60d39b-22ca-4a7c-b55e-02ce95ae6b6a|rpc:127.0.0.1:36573|dataStream:|priority:0, f1456eab-cb96-47f4-be6a-df81f044b3ea|rpc:127.0.0.1:40757|dataStream:|priority:0, a128689b-7346-4663-acc6-739d712788d9|rpc:127.0.0.1:44189|dataStream:|priority:1] with ContainerStateMachine:uninitialized
2022-01-10 11:12:19,466 [pool-324-thread-1] INFO  server.RaftServerConfigKeys (ConfUtils.java:logGet(44)) - raft.server.rpc.timeout.min = 5s (custom)
2022-01-10 11:12:19,466 [pool-324-thread-1] INFO  server.RaftServerConfigKeys (ConfUtils.java:logGet(44)) - raft.server.rpc.timeout.max = 5200ms (custom)
2022-01-10 11:12:19,466 [pool-324-thread-1] INFO  server.RaftServerConfigKeys (ConfUtils.java:logGet(44)) - raft.server.rpc.sleep.time = 25ms (default)
2022-01-10 11:12:19,466 [pool-324-thread-1] INFO  server.RaftServerConfigKeys (ConfUtils.java:logGet(44)) - raft.server.rpc.slowness.timeout = 300s (custom)
2022-01-10 11:12:19,466 [pool-324-thread-1] INFO  server.RaftServerConfigKeys (ConfUtils.java:logGet(44)) - raft.server.leaderelection.leader.step-down.wait-time = 10s (default)
2022-01-10 11:12:19,466 [pool-324-thread-1] INFO  server.RaftServerConfigKeys (ConfUtils.java:logGet(44)) - raft.server.sleep.deviation.threshold = 300ms (default)
2022-01-10 11:12:19,466 [pool-324-thread-1] INFO  server.RaftServerConfigKeys (ConfUtils.java:logGet(44)) - raft.server.log.appender.install.snapshot.enabled = false (custom)
2022-01-10 11:12:19,466 [pool-324-thread-1] INFO  server.RaftServer$Division (ServerState.java:<init>(105)) - f1456eab-cb96-47f4-be6a-df81f044b3ea@group-DACAAE954CB7: ConfigurationManager, init=-1: [af60d39b-22ca-4a7c-b55e-02ce95ae6b6a|rpc:127.0.0.1:36573|dataStream:|priority:0, f1456eab-cb96-47f4-be6a-df81f044b3ea|rpc:127.0.0.1:40757|dataStream:|priority:0, a128689b-7346-4663-acc6-739d712788d9|rpc:127.0.0.1:44189|dataStream:|priority:1], old=null, confs=<EMPTY_MAP>
2022-01-10 11:12:19,466 [pool-324-thread-1] INFO  server.RaftServerConfigKeys (ConfUtils.java:logGet(44)) - raft.server.storage.dir = [/home/runner/work/ozone/ozone/hadoop-ozone/integration-test/target/test-dir/MiniOzoneClusterImpl-7d1a95dd-ad38-4e88-9004-e3265cc39d2b/datanode-1/data/ratis] (custom)
2022-01-10 11:12:19,466 [pool-324-thread-1] INFO  server.RaftServerConfigKeys (ConfUtils.java:logGet(44)) - raft.server.log.corruption.policy = EXCEPTION (default)
2022-01-10 11:12:19,467 [pool-324-thread-1] INFO  server.RaftServerConfigKeys (ConfUtils.java:logGet(44)) - raft.server.storage.free-space.min = 0MB (=0) (default)
2022-01-10 11:12:19,467 [pool-324-thread-1] INFO  storage.RaftStorageDirectory (RaftStorageDirectoryImpl.java:analyzeStorage(135)) - The storage directory /home/runner/work/ozone/ozone/hadoop-ozone/integration-test/target/test-dir/MiniOzoneClusterImpl-7d1a95dd-ad38-4e88-9004-e3265cc39d2b/datanode-1/data/ratis/ad51f04a-b15c-4d48-ae53-dacaae954cb7 does not exist. Creating ...
2022-01-10 11:12:19,468 [pool-324-thread-1] INFO  storage.RaftStorageDirectory (RaftStorageDirectoryImpl.java:tryLock(230)) - Lock on /home/runner/work/ozone/ozone/hadoop-ozone/integration-test/target/test-dir/MiniOzoneClusterImpl-7d1a95dd-ad38-4e88-9004-e3265cc39d2b/datanode-1/data/ratis/ad51f04a-b15c-4d48-ae53-dacaae954cb7/in_use.lock acquired by nodename 8189@fv-az270-882
2022-01-10 11:12:19,470 [pool-324-thread-1] INFO  storage.RaftStorage (RaftStorageImpl.java:format(89)) - Storage directory /home/runner/work/ozone/ozone/hadoop-ozone/integration-test/target/test-dir/MiniOzoneClusterImpl-7d1a95dd-ad38-4e88-9004-e3265cc39d2b/datanode-1/data/ratis/ad51f04a-b15c-4d48-ae53-dacaae954cb7 has been successfully formatted.
2022-01-10 11:12:19,470 [pool-324-thread-1] INFO  ratis.ContainerStateMachine (ContainerStateMachine.java:loadSnapshot(231)) - group-DACAAE954CB7: The snapshot info is null. Setting the last applied indexto:(t:0, i:~)
2022-01-10 11:12:19,470 [pool-324-thread-1] INFO  server.RaftServerConfigKeys (ConfUtils.java:logGet(44)) - raft.server.notification.no-leader.timeout = 300s (custom)
2022-01-10 11:12:19,471 [pool-324-thread-1] INFO  server.RaftServerConfigKeys (ConfUtils.java:logGet(44)) - raft.server.log.use.memory = false (default)
2022-01-10 11:12:19,471 [pool-324-thread-1] INFO  server.RaftServerConfigKeys (ConfUtils.java:logGet(44)) - raft.server.log.purge.gap = 1000000 (custom)
2022-01-10 11:12:19,471 [pool-324-thread-1] INFO  server.RaftServerConfigKeys (ConfUtils.java:logGet(44)) - raft.server.log.appender.buffer.byte-limit = 33554432 (custom)
2022-01-10 11:12:19,471 [pool-324-thread-1] INFO  server.RaftServerConfigKeys (ConfUtils.java:logGet(44)) - raft.server.log.segment.size.max = 1048576 (custom)
2022-01-10 11:12:19,471 [pool-324-thread-1] INFO  server.RaftServerConfigKeys (ConfUtils.java:logGet(44)) - raft.server.log.segment.cache.num.max = 2 (custom)
2022-01-10 11:12:19,471 [pool-324-thread-1] INFO  server.RaftServerConfigKeys (ConfUtils.java:logGet(44)) - raft.server.log.segment.cache.size.max = 200MB (=209715200) (default)
2022-01-10 11:12:19,472 [pool-324-thread-1] INFO  segmented.SegmentedRaftLogWorker (SegmentedRaftLogWorker.java:<init>(182)) - new f1456eab-cb96-47f4-be6a-df81f044b3ea@group-DACAAE954CB7-SegmentedRaftLogWorker for RaftStorageImpl:Storage Directory /home/runner/work/ozone/ozone/hadoop-ozone/integration-test/target/test-dir/MiniOzoneClusterImpl-7d1a95dd-ad38-4e88-9004-e3265cc39d2b/datanode-1/data/ratis/ad51f04a-b15c-4d48-ae53-dacaae954cb7
2022-01-10 11:12:19,472 [pool-324-thread-1] INFO  server.RaftServerConfigKeys (ConfUtils.java:logGet(44)) - raft.server.log.queue.byte-limit = 2147483647 (custom)
2022-01-10 11:12:19,472 [pool-324-thread-1] INFO  server.RaftServerConfigKeys (ConfUtils.java:logGet(44)) - raft.server.log.queue.element-limit = 1024 (custom)
2022-01-10 11:12:19,472 [pool-324-thread-1] INFO  server.RaftServerConfigKeys (ConfUtils.java:logGet(44)) - raft.server.log.segment.size.max = 1048576 (custom)
2022-01-10 11:12:19,472 [pool-324-thread-1] INFO  server.RaftServerConfigKeys (ConfUtils.java:logGet(44)) - raft.server.log.preallocated.size = 16384 (custom)
2022-01-10 11:12:19,472 [pool-324-thread-1] INFO  server.RaftServerConfigKeys (ConfUtils.java:logGet(44)) - raft.server.log.force.sync.num = 128 (default)
2022-01-10 11:12:19,472 [pool-324-thread-1] INFO  server.RaftServerConfigKeys (ConfUtils.java:logGet(44)) - raft.server.log.statemachine.data.sync = true (default)
2022-01-10 11:12:19,472 [pool-324-thread-1] INFO  server.RaftServerConfigKeys (ConfUtils.java:logGet(44)) - raft.server.log.statemachine.data.sync.timeout = 10s (default)
2022-01-10 11:12:19,472 [pool-324-thread-1] INFO  server.RaftServerConfigKeys (ConfUtils.java:logGet(44)) - raft.server.log.statemachine.data.sync.timeout.retry = -1 (default)
2022-01-10 11:12:19,474 [pool-324-thread-1] INFO  server.RaftServerConfigKeys (ConfUtils.java:logGet(44)) - raft.server.log.write.buffer.size = 1048576 (custom)
2022-01-10 11:12:19,474 [pool-324-thread-1] INFO  server.RaftServerConfigKeys (ConfUtils.java:logGet(44)) - raft.server.log.statemachine.data.caching.enabled = true (custom)
2022-01-10 11:12:19,474 [pool-324-thread-1] INFO  segmented.SegmentedRaftLogWorker (SegmentedRaftLogWorker.java:lambda$new$0(133)) - f1456eab-cb96-47f4-be6a-df81f044b3ea@group-DACAAE954CB7-SegmentedRaftLogWorker: flushIndex: setUnconditionally 0 -> -1
2022-01-10 11:12:19,476 [pool-324-thread-1] INFO  segmented.SegmentedRaftLogWorker (SegmentedRaftLogWorker.java:lambda$new$0(133)) - f1456eab-cb96-47f4-be6a-df81f044b3ea@group-DACAAE954CB7-SegmentedRaftLogWorker: safeCacheEvictIndex: setUnconditionally 0 -> -1
2022-01-10 11:12:19,482 [Command processor thread] INFO  server.RaftServer (RaftServerProxy.java:addNew(95)) - f1456eab-cb96-47f4-be6a-df81f044b3ea: addNew group-E577921CF61E:[f1456eab-cb96-47f4-be6a-df81f044b3ea|rpc:127.0.0.1:40757|priority:1] returns group-E577921CF61E:java.util.concurrent.CompletableFuture@17a06093[Not completed]
2022-01-10 11:12:19,486 [pool-324-thread-1] INFO  server.RaftServerConfigKeys (ConfUtils.java:logGet(44)) - raft.server.snapshot.auto.trigger.enabled = true (custom)
2022-01-10 11:12:19,486 [pool-324-thread-1] INFO  server.RaftServerConfigKeys (ConfUtils.java:logGet(44)) - raft.server.snapshot.auto.trigger.threshold = 10000 (custom)
2022-01-10 11:12:19,486 [pool-324-thread-1] INFO  server.RaftServerConfigKeys (ConfUtils.java:logGet(44)) - raft.server.snapshot.retention.file.num = 5 (custom)
2022-01-10 11:12:19,486 [pool-324-thread-1] INFO  server.RaftServerConfigKeys (ConfUtils.java:logGet(44)) - raft.server.log.purge.upto.snapshot.index = false (default)
2022-01-10 11:12:19,486 [pool-324-thread-1] INFO  server.RaftServerConfigKeys (ConfUtils.java:logGet(44)) - raft.server.retrycache.expirytime = 600000ms (custom)
2022-01-10 11:12:19,486 [pool-324-thread-1] INFO  server.RaftServerConfigKeys (ConfUtils.java:logGet(44)) - raft.server.retrycache.statistics.expirytime = 100μs (default)
2022-01-10 11:12:19,488 [pool-324-thread-1] INFO  server.RaftServer$Division (RaftServerImpl.java:<init>(184)) - f1456eab-cb96-47f4-be6a-df81f044b3ea: new RaftServerImpl for group-E577921CF61E:[f1456eab-cb96-47f4-be6a-df81f044b3ea|rpc:127.0.0.1:40757|priority:1] with ContainerStateMachine:uninitialized
2022-01-10 11:12:19,489 [pool-324-thread-1] INFO  server.RaftServerConfigKeys (ConfUtils.java:logGet(44)) - raft.server.rpc.timeout.min = 5s (custom)
2022-01-10 11:12:19,489 [pool-324-thread-1] INFO  server.RaftServerConfigKeys (ConfUtils.java:logGet(44)) - raft.server.rpc.timeout.max = 5200ms (custom)
2022-01-10 11:12:19,489 [pool-324-thread-1] INFO  server.RaftServerConfigKeys (ConfUtils.java:logGet(44)) - raft.server.rpc.sleep.time = 25ms (default)
2022-01-10 11:12:19,489 [pool-324-thread-1] INFO  server.RaftServerConfigKeys (ConfUtils.java:logGet(44)) - raft.server.rpc.slowness.timeout = 300s (custom)
2022-01-10 11:12:19,489 [pool-324-thread-1] INFO  server.RaftServerConfigKeys (ConfUtils.java:logGet(44)) - raft.server.leaderelection.leader.step-down.wait-time = 10s (default)
2022-01-10 11:12:19,489 [pool-324-thread-1] INFO  server.RaftServerConfigKeys (ConfUtils.java:logGet(44)) - raft.server.sleep.deviation.threshold = 300ms (default)
2022-01-10 11:12:19,489 [pool-324-thread-1] INFO  server.RaftServerConfigKeys (ConfUtils.java:logGet(44)) - raft.server.log.appender.install.snapshot.enabled = false (custom)
2022-01-10 11:12:19,489 [pool-324-thread-1] INFO  server.RaftServer$Division (ServerState.java:<init>(105)) - f1456eab-cb96-47f4-be6a-df81f044b3ea@group-E577921CF61E: ConfigurationManager, init=-1: [f1456eab-cb96-47f4-be6a-df81f044b3ea|rpc:127.0.0.1:40757|priority:1], old=null, confs=<EMPTY_MAP>
2022-01-10 11:12:19,489 [pool-324-thread-1] INFO  server.RaftServerConfigKeys (ConfUtils.java:logGet(44)) - raft.server.storage.dir = [/home/runner/work/ozone/ozone/hadoop-ozone/integration-test/target/test-dir/MiniOzoneClusterImpl-7d1a95dd-ad38-4e88-9004-e3265cc39d2b/datanode-1/data/ratis] (custom)
2022-01-10 11:12:19,489 [pool-324-thread-1] INFO  server.RaftServerConfigKeys (ConfUtils.java:logGet(44)) - raft.server.log.corruption.policy = EXCEPTION (default)
2022-01-10 11:12:19,489 [pool-324-thread-1] INFO  server.RaftServerConfigKeys (ConfUtils.java:logGet(44)) - raft.server.storage.free-space.min = 0MB (=0) (default)
2022-01-10 11:12:19,490 [pool-324-thread-1] INFO  storage.RaftStorageDirectory (RaftStorageDirectoryImpl.java:analyzeStorage(135)) - The storage directory /home/runner/work/ozone/ozone/hadoop-ozone/integration-test/target/test-dir/MiniOzoneClusterImpl-7d1a95dd-ad38-4e88-9004-e3265cc39d2b/datanode-1/data/ratis/639719d5-fd90-43ac-bbab-e577921cf61e does not exist. Creating ...
2022-01-10 11:12:19,491 [pool-324-thread-1] INFO  storage.RaftStorageDirectory (RaftStorageDirectoryImpl.java:tryLock(230)) - Lock on /home/runner/work/ozone/ozone/hadoop-ozone/integration-test/target/test-dir/MiniOzoneClusterImpl-7d1a95dd-ad38-4e88-9004-e3265cc39d2b/datanode-1/data/ratis/639719d5-fd90-43ac-bbab-e577921cf61e/in_use.lock acquired by nodename 8189@fv-az270-882
2022-01-10 11:12:19,498 [pool-324-thread-1] INFO  storage.RaftStorage (RaftStorageImpl.java:format(89)) - Storage directory /home/runner/work/ozone/ozone/hadoop-ozone/integration-test/target/test-dir/MiniOzoneClusterImpl-7d1a95dd-ad38-4e88-9004-e3265cc39d2b/datanode-1/data/ratis/639719d5-fd90-43ac-bbab-e577921cf61e has been successfully formatted.
2022-01-10 11:12:19,498 [pool-324-thread-1] INFO  ratis.ContainerStateMachine (ContainerStateMachine.java:loadSnapshot(231)) - group-E577921CF61E: The snapshot info is null. Setting the last applied indexto:(t:0, i:~)
2022-01-10 11:12:19,498 [pool-324-thread-1] INFO  server.RaftServerConfigKeys (ConfUtils.java:logGet(44)) - raft.server.notification.no-leader.timeout = 300s (custom)
2022-01-10 11:12:19,498 [pool-324-thread-1] INFO  server.RaftServerConfigKeys (ConfUtils.java:logGet(44)) - raft.server.log.use.memory = false (default)
2022-01-10 11:12:19,498 [pool-324-thread-1] INFO  server.RaftServerConfigKeys (ConfUtils.java:logGet(44)) - raft.server.log.purge.gap = 1000000 (custom)
2022-01-10 11:12:19,498 [pool-324-thread-1] INFO  server.RaftServerConfigKeys (ConfUtils.java:logGet(44)) - raft.server.log.appender.buffer.byte-limit = 33554432 (custom)
2022-01-10 11:12:19,499 [pool-324-thread-1] INFO  server.RaftServerConfigKeys (ConfUtils.java:logGet(44)) - raft.server.log.segment.size.max = 1048576 (custom)
2022-01-10 11:12:19,499 [pool-324-thread-1] INFO  server.RaftServerConfigKeys (ConfUtils.java:logGet(44)) - raft.server.log.segment.cache.num.max = 2 (custom)
2022-01-10 11:12:19,499 [pool-324-thread-1] INFO  server.RaftServerConfigKeys (ConfUtils.java:logGet(44)) - raft.server.log.segment.cache.size.max = 200MB (=209715200) (default)
2022-01-10 11:12:19,499 [pool-324-thread-1] INFO  segmented.SegmentedRaftLogWorker (SegmentedRaftLogWorker.java:<init>(182)) - new f1456eab-cb96-47f4-be6a-df81f044b3ea@group-E577921CF61E-SegmentedRaftLogWorker for RaftStorageImpl:Storage Directory /home/runner/work/ozone/ozone/hadoop-ozone/integration-test/target/test-dir/MiniOzoneClusterImpl-7d1a95dd-ad38-4e88-9004-e3265cc39d2b/datanode-1/data/ratis/639719d5-fd90-43ac-bbab-e577921cf61e
2022-01-10 11:12:19,499 [pool-324-thread-1] INFO  server.RaftServerConfigKeys (ConfUtils.java:logGet(44)) - raft.server.log.queue.byte-limit = 2147483647 (custom)
2022-01-10 11:12:19,499 [pool-324-thread-1] INFO  server.RaftServerConfigKeys (ConfUtils.java:logGet(44)) - raft.server.log.queue.element-limit = 1024 (custom)
2022-01-10 11:12:19,499 [pool-324-thread-1] INFO  server.RaftServerConfigKeys (ConfUtils.java:logGet(44)) - raft.server.log.segment.size.max = 1048576 (custom)
2022-01-10 11:12:19,500 [pool-324-thread-1] INFO  server.RaftServerConfigKeys (ConfUtils.java:logGet(44)) - raft.server.log.preallocated.size = 16384 (custom)
2022-01-10 11:12:19,500 [pool-324-thread-1] INFO  server.RaftServerConfigKeys (ConfUtils.java:logGet(44)) - raft.server.log.force.sync.num = 128 (default)
2022-01-10 11:12:19,500 [pool-324-thread-1] INFO  server.RaftServerConfigKeys (ConfUtils.java:logGet(44)) - raft.server.log.statemachine.data.sync = true (default)
2022-01-10 11:12:19,500 [pool-324-thread-1] INFO  server.RaftServerConfigKeys (ConfUtils.java:logGet(44)) - raft.server.log.statemachine.data.sync.timeout = 10s (default)
2022-01-10 11:12:19,500 [pool-324-thread-1] INFO  server.RaftServerConfigKeys (ConfUtils.java:logGet(44)) - raft.server.log.statemachine.data.sync.timeout.retry = -1 (default)
2022-01-10 11:12:19,503 [EventQueue-PipelineReportForPipelineReportHandler] INFO  pipeline.PipelineManagerImpl (PipelineManagerImpl.java:openPipeline(291)) - Pipeline Pipeline[ Id: 639719d5-fd90-43ac-bbab-e577921cf61e, Nodes: f1456eab-cb96-47f4-be6a-df81f044b3ea{ip: 127.0.0.1, host: localhost, ports: [REPLICATION=35799, RATIS=40757, RATIS_ADMIN=40757, RATIS_SERVER=40757, STANDALONE=46701], networkLocation: /default-rack, certSerialId: null, persistedOpState: IN_SERVICE, persistedOpStateExpiryEpochSec: 0}, ReplicationConfig: RATIS/ONE, State:ALLOCATED, leaderId:f1456eab-cb96-47f4-be6a-df81f044b3ea, CreationTimestamp2022-01-10T11:12:16.501Z[Etc/UTC]] moved to OPEN state
2022-01-10 11:12:19,503 [pool-324-thread-1] INFO  server.RaftServerConfigKeys (ConfUtils.java:logGet(44)) - raft.server.log.write.buffer.size = 1048576 (custom)
2022-01-10 11:12:19,505 [pool-324-thread-1] INFO  server.RaftServerConfigKeys (ConfUtils.java:logGet(44)) - raft.server.log.statemachine.data.caching.enabled = true (custom)
2022-01-10 11:12:19,505 [pool-324-thread-1] INFO  segmented.SegmentedRaftLogWorker (SegmentedRaftLogWorker.java:lambda$new$0(133)) - f1456eab-cb96-47f4-be6a-df81f044b3ea@group-E577921CF61E-SegmentedRaftLogWorker: flushIndex: setUnconditionally 0 -> -1
2022-01-10 11:12:19,505 [pool-324-thread-1] INFO  segmented.SegmentedRaftLogWorker (SegmentedRaftLogWorker.java:lambda$new$0(133)) - f1456eab-cb96-47f4-be6a-df81f044b3ea@group-E577921CF61E-SegmentedRaftLogWorker: safeCacheEvictIndex: setUnconditionally 0 -> -1
2022-01-10 11:12:19,505 [EventQueue-PipelineReportForPipelineReportHandler] INFO  pipeline.PipelineManagerImpl (PipelineManagerImpl.java:openPipeline(291)) - Pipeline Pipeline[ Id: 639719d5-fd90-43ac-bbab-e577921cf61e, Nodes: f1456eab-cb96-47f4-be6a-df81f044b3ea{ip: 127.0.0.1, host: localhost, ports: [REPLICATION=35799, RATIS=40757, RATIS_ADMIN=40757, RATIS_SERVER=40757, STANDALONE=46701], networkLocation: /default-rack, certSerialId: null, persistedOpState: IN_SERVICE, persistedOpStateExpiryEpochSec: 0}, ReplicationConfig: RATIS/ONE, State:ALLOCATED, leaderId:f1456eab-cb96-47f4-be6a-df81f044b3ea, CreationTimestamp2022-01-10T11:12:16.501Z[Etc/UTC]] moved to OPEN state
2022-01-10 11:12:19,506 [EventQueue-PipelineReportForPipelineReportHandler] INFO  ha.SCMHAInvocationHandler (SCMHAInvocationHandler.java:invokeRatis(113)) - Invoking method public abstract void org.apache.hadoop.hdds.scm.pipeline.PipelineStateManager.updatePipelineState(org.apache.hadoop.hdds.protocol.proto.HddsProtos$PipelineID,org.apache.hadoop.hdds.protocol.proto.HddsProtos$PipelineState) throws java.io.IOException on target org.apache.hadoop.hdds.scm.ha.SCMRatisServerImpl@63d0d2e9, cost 207.119us
2022-01-10 11:12:19,516 [pool-324-thread-1] INFO  server.RaftServerConfigKeys (ConfUtils.java:logGet(44)) - raft.server.snapshot.auto.trigger.enabled = true (custom)
2022-01-10 11:12:19,516 [pool-324-thread-1] INFO  server.RaftServerConfigKeys (ConfUtils.java:logGet(44)) - raft.server.snapshot.auto.trigger.threshold = 10000 (custom)
2022-01-10 11:12:19,516 [pool-324-thread-1] INFO  server.RaftServerConfigKeys (ConfUtils.java:logGet(44)) - raft.server.snapshot.retention.file.num = 5 (custom)
2022-01-10 11:12:19,516 [pool-324-thread-1] INFO  server.RaftServerConfigKeys (ConfUtils.java:logGet(44)) - raft.server.log.purge.upto.snapshot.index = false (default)
2022-01-10 11:12:19,529 [pool-324-thread-1] INFO  server.RaftServerConfigKeys (ConfUtils.java:logGet(44)) - raft.server.retrycache.expirytime = 600000ms (custom)
2022-01-10 11:12:19,529 [pool-324-thread-1] INFO  server.RaftServerConfigKeys (ConfUtils.java:logGet(44)) - raft.server.retrycache.statistics.expirytime = 100μs (default)
2022-01-10 11:12:19,529 [4d48cbeb-2102-4f2b-b398-c18ce09455c6@group-E3265CC39D2B-StateMachineUpdater] INFO  ha.SCMStateMachine (SCMStateMachine.java:takeSnapshot(297)) - Current Snapshot Index 18, takeSnapshot took 0 ms
2022-01-10 11:12:19,529 [4d48cbeb-2102-4f2b-b398-c18ce09455c6@group-E3265CC39D2B-StateMachineUpdater] INFO  impl.StateMachineUpdater (StateMachineUpdater.java:takeSnapshot(281)) - 4d48cbeb-2102-4f2b-b398-c18ce09455c6@group-E3265CC39D2B-StateMachineUpdater: Took a snapshot at index 18
2022-01-10 11:12:19,529 [4d48cbeb-2102-4f2b-b398-c18ce09455c6@group-E3265CC39D2B-StateMachineUpdater] INFO  impl.StateMachineUpdater (StateMachineUpdater.java:lambda$new$0(89)) - 4d48cbeb-2102-4f2b-b398-c18ce09455c6@group-E3265CC39D2B-StateMachineUpdater: snapshotIndex: updateIncreasingly 13 -> 18
2022-01-10 11:12:19,529 [4d48cbeb-2102-4f2b-b398-c18ce09455c6@group-E3265CC39D2B-StateMachineUpdater] INFO  raftlog.RaftLog (RaftLogBase.java:purge(306)) - 4d48cbeb-2102-4f2b-b398-c18ce09455c6@group-E3265CC39D2B-SegmentedRaftLog: purge 18
2022-01-10 11:12:19,529 [4d48cbeb-2102-4f2b-b398-c18ce09455c6@group-E3265CC39D2B-StateMachineUpdater] INFO  raftlog.RaftLog (RaftLogBase.java:lambda$new$0(53)) - 4d48cbeb-2102-4f2b-b398-c18ce09455c6@group-E3265CC39D2B-SegmentedRaftLog: snapshotIndex: updateIncreasingly 13 -> 18
2022-01-10 11:12:19,529 [4d48cbeb-2102-4f2b-b398-c18ce09455c6@group-E3265CC39D2B-StateMachineUpdater] INFO  raftlog.RaftLog (RaftLogBase.java:lambda$new$0(53)) - 4d48cbeb-2102-4f2b-b398-c18ce09455c6@group-E3265CC39D2B-SegmentedRaftLog: purgeIndex: updateToMax old=13, new=18, updated? true
2022-01-10 11:12:19,530 [pool-324-thread-1] INFO  server.RaftServer$Division (RaftServerImpl.java:start(301)) - f1456eab-cb96-47f4-be6a-df81f044b3ea@group-DACAAE954CB7: start as a follower, conf=-1: [af60d39b-22ca-4a7c-b55e-02ce95ae6b6a|rpc:127.0.0.1:36573|dataStream:|priority:0, f1456eab-cb96-47f4-be6a-df81f044b3ea|rpc:127.0.0.1:40757|dataStream:|priority:0, a128689b-7346-4663-acc6-739d712788d9|rpc:127.0.0.1:44189|dataStream:|priority:1], old=null
2022-01-10 11:12:19,530 [pool-324-thread-1] INFO  server.RaftServer$Division (RaftServerImpl.java:setRole(290)) - f1456eab-cb96-47f4-be6a-df81f044b3ea@group-DACAAE954CB7: changes role from      null to FOLLOWER at term 0 for startAsFollower
2022-01-10 11:12:19,530 [pool-324-thread-1] INFO  impl.RoleInfo (RoleInfo.java:updateAndGet(130)) - f1456eab-cb96-47f4-be6a-df81f044b3ea: start f1456eab-cb96-47f4-be6a-df81f044b3ea@group-DACAAE954CB7-FollowerState
2022-01-10 11:12:19,532 [6a981e52-99aa-4707-bfae-4a3cfe894454@group-E3265CC39D2B-StateMachineUpdater] INFO  safemode.HealthyPipelineSafeModeRule (HealthyPipelineSafeModeRule.java:initializeRule(152)) - Refreshed total pipeline count is 0, healthy pipeline threshold count is 1
2022-01-10 11:12:19,533 [EventQueue-PipelineReportForPipelineReportHandler] INFO  ha.SCMHAInvocationHandler (SCMHAInvocationHandler.java:invokeRatis(113)) - Invoking method public abstract void org.apache.hadoop.hdds.scm.pipeline.PipelineStateManager.updatePipelineState(org.apache.hadoop.hdds.protocol.proto.HddsProtos$PipelineID,org.apache.hadoop.hdds.protocol.proto.HddsProtos$PipelineState) throws java.io.IOException on target org.apache.hadoop.hdds.scm.ha.SCMRatisServerImpl@7c42180, cost 30275.822us
2022-01-10 11:12:19,534 [EventQueue-OpenPipelineForHealthyPipelineSafeModeRule] INFO  safemode.SCMSafeModeManager (HealthyPipelineSafeModeRule.java:process(124)) - SCM in safe mode. Healthy pipelines reported count is 0, required healthy pipeline reported count is 1
2022-01-10 11:12:19,543 [pool-324-thread-1] INFO  util.JmxRegister (JmxRegister.java:tryRegister(44)) - Successfully registered JMX Bean with object name Ratis:service=RaftServer,group=group-DACAAE954CB7,id=f1456eab-cb96-47f4-be6a-df81f044b3ea
2022-01-10 11:12:19,548 [EndpointStateMachine task thread for /127.0.0.1:14053 - 0 ] INFO  ipc.Client (Client.java:handleConnectionFailure(977)) - Retrying connect to server: localhost/127.0.0.1:14053. Already tried 2 time(s); retry policy is RetryUpToMaximumCountWithFixedSleep(maxRetries=15, sleepTime=1000 MILLISECONDS)
2022-01-10 11:12:19,553 [4d48cbeb-2102-4f2b-b398-c18ce09455c6@group-E3265CC39D2B-StateMachineUpdater] INFO  safemode.HealthyPipelineSafeModeRule (HealthyPipelineSafeModeRule.java:initializeRule(152)) - Refreshed total pipeline count is 0, healthy pipeline threshold count is 1
2022-01-10 11:12:19,555 [6a981e52-99aa-4707-bfae-4a3cfe894454@group-E3265CC39D2B-StateMachineUpdater] INFO  ha.SCMStateMachine (SCMStateMachine.java:takeSnapshot(297)) - Current Snapshot Index 20, takeSnapshot took 0 ms
2022-01-10 11:12:19,555 [6a981e52-99aa-4707-bfae-4a3cfe894454@group-E3265CC39D2B-StateMachineUpdater] INFO  impl.StateMachineUpdater (StateMachineUpdater.java:takeSnapshot(281)) - 6a981e52-99aa-4707-bfae-4a3cfe894454@group-E3265CC39D2B-StateMachineUpdater: Took a snapshot at index 20
2022-01-10 11:12:19,555 [6a981e52-99aa-4707-bfae-4a3cfe894454@group-E3265CC39D2B-StateMachineUpdater] INFO  impl.StateMachineUpdater (StateMachineUpdater.java:lambda$new$0(89)) - 6a981e52-99aa-4707-bfae-4a3cfe894454@group-E3265CC39D2B-StateMachineUpdater: snapshotIndex: updateIncreasingly 15 -> 20
2022-01-10 11:12:19,555 [6a981e52-99aa-4707-bfae-4a3cfe894454@group-E3265CC39D2B-StateMachineUpdater] INFO  raftlog.RaftLog (RaftLogBase.java:purge(306)) - 6a981e52-99aa-4707-bfae-4a3cfe894454@group-E3265CC39D2B-SegmentedRaftLog: purge 20
2022-01-10 11:12:19,555 [6a981e52-99aa-4707-bfae-4a3cfe894454@group-E3265CC39D2B-StateMachineUpdater] INFO  raftlog.RaftLog (RaftLogBase.java:lambda$new$0(53)) - 6a981e52-99aa-4707-bfae-4a3cfe894454@group-E3265CC39D2B-SegmentedRaftLog: snapshotIndex: updateIncreasingly 15 -> 20
2022-01-10 11:12:19,555 [6a981e52-99aa-4707-bfae-4a3cfe894454@group-E3265CC39D2B-StateMachineUpdater] INFO  raftlog.RaftLog (RaftLogBase.java:lambda$new$0(53)) - 6a981e52-99aa-4707-bfae-4a3cfe894454@group-E3265CC39D2B-SegmentedRaftLog: purgeIndex: updateToMax old=15, new=20, updated? true
2022-01-10 11:12:19,565 [pool-324-thread-1] INFO  server.RaftServer$Division (RaftServerImpl.java:start(301)) - f1456eab-cb96-47f4-be6a-df81f044b3ea@group-E577921CF61E: start as a follower, conf=-1: [f1456eab-cb96-47f4-be6a-df81f044b3ea|rpc:127.0.0.1:40757|priority:1], old=null
2022-01-10 11:12:19,565 [pool-324-thread-1] INFO  server.RaftServer$Division (RaftServerImpl.java:setRole(290)) - f1456eab-cb96-47f4-be6a-df81f044b3ea@group-E577921CF61E: changes role from      null to FOLLOWER at term 0 for startAsFollower
2022-01-10 11:12:19,565 [pool-324-thread-1] INFO  impl.RoleInfo (RoleInfo.java:updateAndGet(130)) - f1456eab-cb96-47f4-be6a-df81f044b3ea: start f1456eab-cb96-47f4-be6a-df81f044b3ea@group-E577921CF61E-FollowerState
2022-01-10 11:12:19,567 [pool-324-thread-1] INFO  util.JmxRegister (JmxRegister.java:tryRegister(44)) - Successfully registered JMX Bean with object name Ratis:service=RaftServer,group=group-E577921CF61E,id=f1456eab-cb96-47f4-be6a-df81f044b3ea
2022-01-10 11:12:19,573 [Command processor thread] INFO  ratis.XceiverServerRatis (XceiverServerRatis.java:addGroup(768)) - Created group PipelineID=639719d5-fd90-43ac-bbab-e577921cf61e
2022-01-10 11:12:19,573 [Command processor thread] INFO  commandhandler.CreatePipelineCommandHandler (CreatePipelineCommandHandler.java:handle(106)) - Created Pipeline RATIS ONE PipelineID=639719d5-fd90-43ac-bbab-e577921cf61e.
2022-01-10 11:12:19,573 [Command processor thread] INFO  server.RaftServer (RaftServerProxy.java:addNew(95)) - f1456eab-cb96-47f4-be6a-df81f044b3ea: addNew group-1B62DF32BCE0:[af60d39b-22ca-4a7c-b55e-02ce95ae6b6a|rpc:127.0.0.1:36573|priority:1, f1456eab-cb96-47f4-be6a-df81f044b3ea|rpc:127.0.0.1:40757|priority:0, a128689b-7346-4663-acc6-739d712788d9|rpc:127.0.0.1:44189|priority:0] returns group-1B62DF32BCE0:java.util.concurrent.CompletableFuture@19678c17[Not completed]
2022-01-10 11:12:19,574 [pool-324-thread-1] INFO  server.RaftServer$Division (RaftServerImpl.java:<init>(184)) - f1456eab-cb96-47f4-be6a-df81f044b3ea: new RaftServerImpl for group-1B62DF32BCE0:[af60d39b-22ca-4a7c-b55e-02ce95ae6b6a|rpc:127.0.0.1:36573|priority:1, f1456eab-cb96-47f4-be6a-df81f044b3ea|rpc:127.0.0.1:40757|priority:0, a128689b-7346-4663-acc6-739d712788d9|rpc:127.0.0.1:44189|priority:0] with ContainerStateMachine:uninitialized
2022-01-10 11:12:19,574 [pool-324-thread-1] INFO  server.RaftServerConfigKeys (ConfUtils.java:logGet(44)) - raft.server.rpc.timeout.min = 5s (custom)
2022-01-10 11:12:19,574 [pool-324-thread-1] INFO  server.RaftServerConfigKeys (ConfUtils.java:logGet(44)) - raft.server.rpc.timeout.max = 5200ms (custom)
2022-01-10 11:12:19,574 [pool-324-thread-1] INFO  server.RaftServerConfigKeys (ConfUtils.java:logGet(44)) - raft.server.rpc.sleep.time = 25ms (default)
2022-01-10 11:12:19,574 [pool-324-thread-1] INFO  server.RaftServerConfigKeys (ConfUtils.java:logGet(44)) - raft.server.rpc.slowness.timeout = 300s (custom)
2022-01-10 11:12:19,574 [pool-324-thread-1] INFO  server.RaftServerConfigKeys (ConfUtils.java:logGet(44)) - raft.server.leaderelection.leader.step-down.wait-time = 10s (default)
2022-01-10 11:12:19,574 [pool-324-thread-1] INFO  server.RaftServerConfigKeys (ConfUtils.java:logGet(44)) - raft.server.sleep.deviation.threshold = 300ms (default)
2022-01-10 11:12:19,574 [pool-324-thread-1] INFO  server.RaftServerConfigKeys (ConfUtils.java:logGet(44)) - raft.server.log.appender.install.snapshot.enabled = false (custom)
2022-01-10 11:12:19,575 [pool-324-thread-1] INFO  server.RaftServer$Division (ServerState.java:<init>(105)) - f1456eab-cb96-47f4-be6a-df81f044b3ea@group-1B62DF32BCE0: ConfigurationManager, init=-1: [af60d39b-22ca-4a7c-b55e-02ce95ae6b6a|rpc:127.0.0.1:36573|priority:1, f1456eab-cb96-47f4-be6a-df81f044b3ea|rpc:127.0.0.1:40757|priority:0, a128689b-7346-4663-acc6-739d712788d9|rpc:127.0.0.1:44189|priority:0], old=null, confs=<EMPTY_MAP>
2022-01-10 11:12:19,575 [pool-324-thread-1] INFO  server.RaftServerConfigKeys (ConfUtils.java:logGet(44)) - raft.server.storage.dir = [/home/runner/work/ozone/ozone/hadoop-ozone/integration-test/target/test-dir/MiniOzoneClusterImpl-7d1a95dd-ad38-4e88-9004-e3265cc39d2b/datanode-1/data/ratis] (custom)
2022-01-10 11:12:19,575 [pool-324-thread-1] INFO  server.RaftServerConfigKeys (ConfUtils.java:logGet(44)) - raft.server.log.corruption.policy = EXCEPTION (default)
2022-01-10 11:12:19,575 [pool-324-thread-1] INFO  server.RaftServerConfigKeys (ConfUtils.java:logGet(44)) - raft.server.storage.free-space.min = 0MB (=0) (default)
2022-01-10 11:12:19,575 [pool-324-thread-1] INFO  storage.RaftStorageDirectory (RaftStorageDirectoryImpl.java:analyzeStorage(135)) - The storage directory /home/runner/work/ozone/ozone/hadoop-ozone/integration-test/target/test-dir/MiniOzoneClusterImpl-7d1a95dd-ad38-4e88-9004-e3265cc39d2b/datanode-1/data/ratis/b2d26482-101b-4dbd-9a26-1b62df32bce0 does not exist. Creating ...
2022-01-10 11:12:19,591 [Command processor thread] INFO  commandhandler.CreatePipelineCommandHandler (CreatePipelineCommandHandler.java:handle(106)) - Created Pipeline RATIS THREE PipelineID=ad51f04a-b15c-4d48-ae53-dacaae954cb7.
2022-01-10 11:12:19,592 [Command processor thread] INFO  server.RaftServer (RaftServerProxy.java:addNew(95)) - a128689b-7346-4663-acc6-739d712788d9: addNew group-1B62DF32BCE0:[af60d39b-22ca-4a7c-b55e-02ce95ae6b6a|rpc:127.0.0.1:36573|priority:1, f1456eab-cb96-47f4-be6a-df81f044b3ea|rpc:127.0.0.1:40757|priority:0, a128689b-7346-4663-acc6-739d712788d9|rpc:127.0.0.1:44189|priority:0] returns group-1B62DF32BCE0:java.util.concurrent.CompletableFuture@78eb536f[Not completed]
2022-01-10 11:12:19,592 [pool-324-thread-1] INFO  storage.RaftStorageDirectory (RaftStorageDirectoryImpl.java:tryLock(230)) - Lock on /home/runner/work/ozone/ozone/hadoop-ozone/integration-test/target/test-dir/MiniOzoneClusterImpl-7d1a95dd-ad38-4e88-9004-e3265cc39d2b/datanode-1/data/ratis/b2d26482-101b-4dbd-9a26-1b62df32bce0/in_use.lock acquired by nodename 8189@fv-az270-882
2022-01-10 11:12:19,592 [pool-301-thread-1] INFO  server.RaftServer$Division (RaftServerImpl.java:<init>(184)) - a128689b-7346-4663-acc6-739d712788d9: new RaftServerImpl for group-1B62DF32BCE0:[af60d39b-22ca-4a7c-b55e-02ce95ae6b6a|rpc:127.0.0.1:36573|priority:1, f1456eab-cb96-47f4-be6a-df81f044b3ea|rpc:127.0.0.1:40757|priority:0, a128689b-7346-4663-acc6-739d712788d9|rpc:127.0.0.1:44189|priority:0] with ContainerStateMachine:uninitialized
2022-01-10 11:12:19,593 [pool-301-thread-1] INFO  server.RaftServerConfigKeys (ConfUtils.java:logGet(44)) - raft.server.rpc.timeout.min = 5s (custom)
2022-01-10 11:12:19,593 [pool-301-thread-1] INFO  server.RaftServerConfigKeys (ConfUtils.java:logGet(44)) - raft.server.rpc.timeout.max = 5200ms (custom)
2022-01-10 11:12:19,593 [pool-301-thread-1] INFO  server.RaftServerConfigKeys (ConfUtils.java:logGet(44)) - raft.server.rpc.sleep.time = 25ms (default)
2022-01-10 11:12:19,593 [pool-301-thread-1] INFO  server.RaftServerConfigKeys (ConfUtils.java:logGet(44)) - raft.server.rpc.slowness.timeout = 300s (custom)
2022-01-10 11:12:19,593 [pool-301-thread-1] INFO  server.RaftServerConfigKeys (ConfUtils.java:logGet(44)) - raft.server.leaderelection.leader.step-down.wait-time = 10s (default)
2022-01-10 11:12:19,593 [pool-301-thread-1] INFO  server.RaftServerConfigKeys (ConfUtils.java:logGet(44)) - raft.server.sleep.deviation.threshold = 300ms (default)
2022-01-10 11:12:19,593 [pool-301-thread-1] INFO  server.RaftServerConfigKeys (ConfUtils.java:logGet(44)) - raft.server.log.appender.install.snapshot.enabled = false (custom)
2022-01-10 11:12:19,593 [pool-301-thread-1] INFO  server.RaftServer$Division (ServerState.java:<init>(105)) - a128689b-7346-4663-acc6-739d712788d9@group-1B62DF32BCE0: ConfigurationManager, init=-1: [af60d39b-22ca-4a7c-b55e-02ce95ae6b6a|rpc:127.0.0.1:36573|priority:1, f1456eab-cb96-47f4-be6a-df81f044b3ea|rpc:127.0.0.1:40757|priority:0, a128689b-7346-4663-acc6-739d712788d9|rpc:127.0.0.1:44189|priority:0], old=null, confs=<EMPTY_MAP>
2022-01-10 11:12:19,594 [pool-324-thread-1] INFO  storage.RaftStorage (RaftStorageImpl.java:format(89)) - Storage directory /home/runner/work/ozone/ozone/hadoop-ozone/integration-test/target/test-dir/MiniOzoneClusterImpl-7d1a95dd-ad38-4e88-9004-e3265cc39d2b/datanode-1/data/ratis/b2d26482-101b-4dbd-9a26-1b62df32bce0 has been successfully formatted.
2022-01-10 11:12:19,595 [pool-301-thread-1] INFO  server.RaftServerConfigKeys (ConfUtils.java:logGet(44)) - raft.server.storage.dir = [/home/runner/work/ozone/ozone/hadoop-ozone/integration-test/target/test-dir/MiniOzoneClusterImpl-7d1a95dd-ad38-4e88-9004-e3265cc39d2b/datanode-0/data/ratis] (custom)
2022-01-10 11:12:19,595 [pool-301-thread-1] INFO  server.RaftServerConfigKeys (ConfUtils.java:logGet(44)) - raft.server.log.corruption.policy = EXCEPTION (default)
2022-01-10 11:12:19,595 [pool-324-thread-1] INFO  ratis.ContainerStateMachine (ContainerStateMachine.java:loadSnapshot(231)) - group-1B62DF32BCE0: The snapshot info is null. Setting the last applied indexto:(t:0, i:~)
2022-01-10 11:12:19,595 [pool-301-thread-1] INFO  server.RaftServerConfigKeys (ConfUtils.java:logGet(44)) - raft.server.storage.free-space.min = 0MB (=0) (default)
2022-01-10 11:12:19,596 [pool-301-thread-1] INFO  storage.RaftStorageDirectory (RaftStorageDirectoryImpl.java:analyzeStorage(135)) - The storage directory /home/runner/work/ozone/ozone/hadoop-ozone/integration-test/target/test-dir/MiniOzoneClusterImpl-7d1a95dd-ad38-4e88-9004-e3265cc39d2b/datanode-0/data/ratis/b2d26482-101b-4dbd-9a26-1b62df32bce0 does not exist. Creating ...
2022-01-10 11:12:19,597 [EventQueue-OpenPipelineForHealthyPipelineSafeModeRule] INFO  safemode.SCMSafeModeManager (HealthyPipelineSafeModeRule.java:process(124)) - SCM in safe mode. Healthy pipelines reported count is 0, required healthy pipeline reported count is 1
2022-01-10 11:12:19,599 [pool-324-thread-1] INFO  server.RaftServerConfigKeys (ConfUtils.java:logGet(44)) - raft.server.notification.no-leader.timeout = 300s (custom)
2022-01-10 11:12:19,599 [pool-324-thread-1] INFO  server.RaftServerConfigKeys (ConfUtils.java:logGet(44)) - raft.server.log.use.memory = false (default)
2022-01-10 11:12:19,599 [pool-324-thread-1] INFO  server.RaftServerConfigKeys (ConfUtils.java:logGet(44)) - raft.server.log.purge.gap = 1000000 (custom)
2022-01-10 11:12:19,599 [pool-324-thread-1] INFO  server.RaftServerConfigKeys (ConfUtils.java:logGet(44)) - raft.server.log.appender.buffer.byte-limit = 33554432 (custom)
2022-01-10 11:12:19,599 [pool-324-thread-1] INFO  server.RaftServerConfigKeys (ConfUtils.java:logGet(44)) - raft.server.log.segment.size.max = 1048576 (custom)
2022-01-10 11:12:19,599 [pool-324-thread-1] INFO  server.RaftServerConfigKeys (ConfUtils.java:logGet(44)) - raft.server.log.segment.cache.num.max = 2 (custom)
2022-01-10 11:12:19,599 [pool-324-thread-1] INFO  server.RaftServerConfigKeys (ConfUtils.java:logGet(44)) - raft.server.log.segment.cache.size.max = 200MB (=209715200) (default)
2022-01-10 11:12:19,600 [pool-324-thread-1] INFO  segmented.SegmentedRaftLogWorker (SegmentedRaftLogWorker.java:<init>(182)) - new f1456eab-cb96-47f4-be6a-df81f044b3ea@group-1B62DF32BCE0-SegmentedRaftLogWorker for RaftStorageImpl:Storage Directory /home/runner/work/ozone/ozone/hadoop-ozone/integration-test/target/test-dir/MiniOzoneClusterImpl-7d1a95dd-ad38-4e88-9004-e3265cc39d2b/datanode-1/data/ratis/b2d26482-101b-4dbd-9a26-1b62df32bce0
2022-01-10 11:12:19,600 [pool-324-thread-1] INFO  server.RaftServerConfigKeys (ConfUtils.java:logGet(44)) - raft.server.log.queue.byte-limit = 2147483647 (custom)
2022-01-10 11:12:19,600 [pool-324-thread-1] INFO  server.RaftServerConfigKeys (ConfUtils.java:logGet(44)) - raft.server.log.queue.element-limit = 1024 (custom)
2022-01-10 11:12:19,600 [pool-324-thread-1] INFO  server.RaftServerConfigKeys (ConfUtils.java:logGet(44)) - raft.server.log.segment.size.max = 1048576 (custom)
2022-01-10 11:12:19,600 [pool-324-thread-1] INFO  server.RaftServerConfigKeys (ConfUtils.java:logGet(44)) - raft.server.log.preallocated.size = 16384 (custom)
2022-01-10 11:12:19,600 [pool-324-thread-1] INFO  server.RaftServerConfigKeys (ConfUtils.java:logGet(44)) - raft.server.log.force.sync.num = 128 (default)
2022-01-10 11:12:19,600 [pool-324-thread-1] INFO  server.RaftServerConfigKeys (ConfUtils.java:logGet(44)) - raft.server.log.statemachine.data.sync = true (default)
2022-01-10 11:12:19,600 [pool-324-thread-1] INFO  server.RaftServerConfigKeys (ConfUtils.java:logGet(44)) - raft.server.log.statemachine.data.sync.timeout = 10s (default)
2022-01-10 11:12:19,600 [pool-324-thread-1] INFO  server.RaftServerConfigKeys (ConfUtils.java:logGet(44)) - raft.server.log.statemachine.data.sync.timeout.retry = -1 (default)
2022-01-10 11:12:19,600 [EventQueue-OpenPipelineForHealthyPipelineSafeModeRule] INFO  safemode.SCMSafeModeManager (HealthyPipelineSafeModeRule.java:process(124)) - SCM in safe mode. Healthy pipelines reported count is 0, required healthy pipeline reported count is 1
2022-01-10 11:12:19,600 [pool-301-thread-1] INFO  storage.RaftStorageDirectory (RaftStorageDirectoryImpl.java:tryLock(230)) - Lock on /home/runner/work/ozone/ozone/hadoop-ozone/integration-test/target/test-dir/MiniOzoneClusterImpl-7d1a95dd-ad38-4e88-9004-e3265cc39d2b/datanode-0/data/ratis/b2d26482-101b-4dbd-9a26-1b62df32bce0/in_use.lock acquired by nodename 8189@fv-az270-882
2022-01-10 11:12:19,603 [pool-324-thread-1] INFO  server.RaftServerConfigKeys (ConfUtils.java:logGet(44)) - raft.server.log.write.buffer.size = 1048576 (custom)
2022-01-10 11:12:19,603 [pool-324-thread-1] INFO  server.RaftServerConfigKeys (ConfUtils.java:logGet(44)) - raft.server.log.statemachine.data.caching.enabled = true (custom)
2022-01-10 11:12:19,603 [pool-324-thread-1] INFO  segmented.SegmentedRaftLogWorker (SegmentedRaftLogWorker.java:lambda$new$0(133)) - f1456eab-cb96-47f4-be6a-df81f044b3ea@group-1B62DF32BCE0-SegmentedRaftLogWorker: flushIndex: setUnconditionally 0 -> -1
2022-01-10 11:12:19,603 [pool-324-thread-1] INFO  segmented.SegmentedRaftLogWorker (SegmentedRaftLogWorker.java:lambda$new$0(133)) - f1456eab-cb96-47f4-be6a-df81f044b3ea@group-1B62DF32BCE0-SegmentedRaftLogWorker: safeCacheEvictIndex: setUnconditionally 0 -> -1
2022-01-10 11:12:19,604 [pool-324-thread-1] INFO  server.RaftServerConfigKeys (ConfUtils.java:logGet(44)) - raft.server.snapshot.auto.trigger.enabled = true (custom)
2022-01-10 11:12:19,604 [pool-324-thread-1] INFO  server.RaftServerConfigKeys (ConfUtils.java:logGet(44)) - raft.server.snapshot.auto.trigger.threshold = 10000 (custom)
2022-01-10 11:12:19,604 [pool-324-thread-1] INFO  server.RaftServerConfigKeys (ConfUtils.java:logGet(44)) - raft.server.snapshot.retention.file.num = 5 (custom)
2022-01-10 11:12:19,604 [pool-324-thread-1] INFO  server.RaftServerConfigKeys (ConfUtils.java:logGet(44)) - raft.server.log.purge.upto.snapshot.index = false (default)
2022-01-10 11:12:19,604 [pool-324-thread-1] INFO  server.RaftServerConfigKeys (ConfUtils.java:logGet(44)) - raft.server.retrycache.expirytime = 600000ms (custom)
2022-01-10 11:12:19,604 [pool-324-thread-1] INFO  server.RaftServerConfigKeys (ConfUtils.java:logGet(44)) - raft.server.retrycache.statistics.expirytime = 100μs (default)
2022-01-10 11:12:19,605 [pool-301-thread-1] INFO  storage.RaftStorage (RaftStorageImpl.java:format(89)) - Storage directory /home/runner/work/ozone/ozone/hadoop-ozone/integration-test/target/test-dir/MiniOzoneClusterImpl-7d1a95dd-ad38-4e88-9004-e3265cc39d2b/datanode-0/data/ratis/b2d26482-101b-4dbd-9a26-1b62df32bce0 has been successfully formatted.
2022-01-10 11:12:19,605 [pool-301-thread-1] INFO  ratis.ContainerStateMachine (ContainerStateMachine.java:loadSnapshot(231)) - group-1B62DF32BCE0: The snapshot info is null. Setting the last applied indexto:(t:0, i:~)
2022-01-10 11:12:19,605 [pool-301-thread-1] INFO  server.RaftServerConfigKeys (ConfUtils.java:logGet(44)) - raft.server.notification.no-leader.timeout = 300s (custom)
2022-01-10 11:12:19,606 [pool-301-thread-1] INFO  server.RaftServerConfigKeys (ConfUtils.java:logGet(44)) - raft.server.log.use.memory = false (default)
2022-01-10 11:12:19,606 [pool-301-thread-1] INFO  server.RaftServerConfigKeys (ConfUtils.java:logGet(44)) - raft.server.log.purge.gap = 1000000 (custom)
2022-01-10 11:12:19,606 [pool-301-thread-1] INFO  server.RaftServerConfigKeys (ConfUtils.java:logGet(44)) - raft.server.log.appender.buffer.byte-limit = 33554432 (custom)
2022-01-10 11:12:19,606 [pool-301-thread-1] INFO  server.RaftServerConfigKeys (ConfUtils.java:logGet(44)) - raft.server.log.segment.size.max = 1048576 (custom)
2022-01-10 11:12:19,606 [pool-301-thread-1] INFO  server.RaftServerConfigKeys (ConfUtils.java:logGet(44)) - raft.server.log.segment.cache.num.max = 2 (custom)
2022-01-10 11:12:19,606 [pool-301-thread-1] INFO  server.RaftServerConfigKeys (ConfUtils.java:logGet(44)) - raft.server.log.segment.cache.size.max = 200MB (=209715200) (default)
2022-01-10 11:12:19,606 [pool-301-thread-1] INFO  segmented.SegmentedRaftLogWorker (SegmentedRaftLogWorker.java:<init>(182)) - new a128689b-7346-4663-acc6-739d712788d9@group-1B62DF32BCE0-SegmentedRaftLogWorker for RaftStorageImpl:Storage Directory /home/runner/work/ozone/ozone/hadoop-ozone/integration-test/target/test-dir/MiniOzoneClusterImpl-7d1a95dd-ad38-4e88-9004-e3265cc39d2b/datanode-0/data/ratis/b2d26482-101b-4dbd-9a26-1b62df32bce0
2022-01-10 11:12:19,606 [pool-301-thread-1] INFO  server.RaftServerConfigKeys (ConfUtils.java:logGet(44)) - raft.server.log.queue.byte-limit = 2147483647 (custom)
2022-01-10 11:12:19,606 [pool-301-thread-1] INFO  server.RaftServerConfigKeys (ConfUtils.java:logGet(44)) - raft.server.log.queue.element-limit = 1024 (custom)
2022-01-10 11:12:19,606 [pool-301-thread-1] INFO  server.RaftServerConfigKeys (ConfUtils.java:logGet(44)) - raft.server.log.segment.size.max = 1048576 (custom)
2022-01-10 11:12:19,606 [pool-301-thread-1] INFO  server.RaftServerConfigKeys (ConfUtils.java:logGet(44)) - raft.server.log.preallocated.size = 16384 (custom)
2022-01-10 11:12:19,607 [pool-301-thread-1] INFO  server.RaftServerConfigKeys (ConfUtils.java:logGet(44)) - raft.server.log.force.sync.num = 128 (default)
2022-01-10 11:12:19,607 [pool-301-thread-1] INFO  server.RaftServerConfigKeys (ConfUtils.java:logGet(44)) - raft.server.log.statemachine.data.sync = true (default)
2022-01-10 11:12:19,607 [pool-301-thread-1] INFO  server.RaftServerConfigKeys (ConfUtils.java:logGet(44)) - raft.server.log.statemachine.data.sync.timeout = 10s (default)
2022-01-10 11:12:19,607 [pool-301-thread-1] INFO  server.RaftServerConfigKeys (ConfUtils.java:logGet(44)) - raft.server.log.statemachine.data.sync.timeout.retry = -1 (default)
2022-01-10 11:12:19,605 [pool-324-thread-1] INFO  server.RaftServer$Division (RaftServerImpl.java:start(301)) - f1456eab-cb96-47f4-be6a-df81f044b3ea@group-1B62DF32BCE0: start as a follower, conf=-1: [af60d39b-22ca-4a7c-b55e-02ce95ae6b6a|rpc:127.0.0.1:36573|priority:1, f1456eab-cb96-47f4-be6a-df81f044b3ea|rpc:127.0.0.1:40757|priority:0, a128689b-7346-4663-acc6-739d712788d9|rpc:127.0.0.1:44189|priority:0], old=null
2022-01-10 11:12:19,607 [pool-324-thread-1] INFO  server.RaftServer$Division (RaftServerImpl.java:setRole(290)) - f1456eab-cb96-47f4-be6a-df81f044b3ea@group-1B62DF32BCE0: changes role from      null to FOLLOWER at term 0 for startAsFollower
2022-01-10 11:12:19,607 [pool-324-thread-1] INFO  impl.RoleInfo (RoleInfo.java:updateAndGet(130)) - f1456eab-cb96-47f4-be6a-df81f044b3ea: start f1456eab-cb96-47f4-be6a-df81f044b3ea@group-1B62DF32BCE0-FollowerState
2022-01-10 11:12:19,606 [EventQueue-OpenPipelineForHealthyPipelineSafeModeRule] INFO  safemode.SCMSafeModeManager (HealthyPipelineSafeModeRule.java:process(124)) - SCM in safe mode. Healthy pipelines reported count is 0, required healthy pipeline reported count is 1
2022-01-10 11:12:19,608 [pool-301-thread-1] INFO  server.RaftServerConfigKeys (ConfUtils.java:logGet(44)) - raft.server.log.write.buffer.size = 1048576 (custom)
2022-01-10 11:12:19,608 [pool-324-thread-1] INFO  util.JmxRegister (JmxRegister.java:tryRegister(44)) - Successfully registered JMX Bean with object name Ratis:service=RaftServer,group=group-1B62DF32BCE0,id=f1456eab-cb96-47f4-be6a-df81f044b3ea
2022-01-10 11:12:19,608 [pool-301-thread-1] INFO  server.RaftServerConfigKeys (ConfUtils.java:logGet(44)) - raft.server.log.statemachine.data.caching.enabled = true (custom)
2022-01-10 11:12:19,609 [pool-301-thread-1] INFO  segmented.SegmentedRaftLogWorker (SegmentedRaftLogWorker.java:lambda$new$0(133)) - a128689b-7346-4663-acc6-739d712788d9@group-1B62DF32BCE0-SegmentedRaftLogWorker: flushIndex: setUnconditionally 0 -> -1
2022-01-10 11:12:19,609 [pool-301-thread-1] INFO  segmented.SegmentedRaftLogWorker (SegmentedRaftLogWorker.java:lambda$new$0(133)) - a128689b-7346-4663-acc6-739d712788d9@group-1B62DF32BCE0-SegmentedRaftLogWorker: safeCacheEvictIndex: setUnconditionally 0 -> -1
2022-01-10 11:12:19,609 [Command processor thread] INFO  ratis.XceiverServerRatis (XceiverServerRatis.java:addGroup(768)) - Created group PipelineID=b2d26482-101b-4dbd-9a26-1b62df32bce0
2022-01-10 11:12:19,630 [grpc-default-executor-0] INFO  server.RaftServer (RaftServerProxy.java:addNew(95)) - af60d39b-22ca-4a7c-b55e-02ce95ae6b6a: addNew group-1B62DF32BCE0:[af60d39b-22ca-4a7c-b55e-02ce95ae6b6a|rpc:127.0.0.1:36573|dataStream:|priority:1, f1456eab-cb96-47f4-be6a-df81f044b3ea|rpc:127.0.0.1:40757|dataStream:|priority:0, a128689b-7346-4663-acc6-739d712788d9|rpc:127.0.0.1:44189|dataStream:|priority:0] returns group-1B62DF32BCE0:java.util.concurrent.CompletableFuture@7334da54[Not completed]
2022-01-10 11:12:19,631 [pool-347-thread-1] INFO  server.RaftServer$Division (RaftServerImpl.java:<init>(184)) - af60d39b-22ca-4a7c-b55e-02ce95ae6b6a: new RaftServerImpl for group-1B62DF32BCE0:[af60d39b-22ca-4a7c-b55e-02ce95ae6b6a|rpc:127.0.0.1:36573|dataStream:|priority:1, f1456eab-cb96-47f4-be6a-df81f044b3ea|rpc:127.0.0.1:40757|dataStream:|priority:0, a128689b-7346-4663-acc6-739d712788d9|rpc:127.0.0.1:44189|dataStream:|priority:0] with ContainerStateMachine:uninitialized
2022-01-10 11:12:19,631 [pool-347-thread-1] INFO  server.RaftServerConfigKeys (ConfUtils.java:logGet(44)) - raft.server.rpc.timeout.min = 5s (custom)
2022-01-10 11:12:19,631 [pool-347-thread-1] INFO  server.RaftServerConfigKeys (ConfUtils.java:logGet(44)) - raft.server.rpc.timeout.max = 5200ms (custom)
2022-01-10 11:12:19,631 [pool-347-thread-1] INFO  server.RaftServerConfigKeys (ConfUtils.java:logGet(44)) - raft.server.rpc.sleep.time = 25ms (default)
2022-01-10 11:12:19,631 [pool-347-thread-1] INFO  server.RaftServerConfigKeys (ConfUtils.java:logGet(44)) - raft.server.rpc.slowness.timeout = 300s (custom)
2022-01-10 11:12:19,632 [pool-347-thread-1] INFO  server.RaftServerConfigKeys (ConfUtils.java:logGet(44)) - raft.server.leaderelection.leader.step-down.wait-time = 10s (default)
2022-01-10 11:12:19,632 [pool-347-thread-1] INFO  server.RaftServerConfigKeys (ConfUtils.java:logGet(44)) - raft.server.sleep.deviation.threshold = 300ms (default)
2022-01-10 11:12:19,632 [pool-347-thread-1] INFO  server.RaftServerConfigKeys (ConfUtils.java:logGet(44)) - raft.server.log.appender.install.snapshot.enabled = false (custom)
2022-01-10 11:12:19,632 [pool-347-thread-1] INFO  server.RaftServer$Division (ServerState.java:<init>(105)) - af60d39b-22ca-4a7c-b55e-02ce95ae6b6a@group-1B62DF32BCE0: ConfigurationManager, init=-1: [af60d39b-22ca-4a7c-b55e-02ce95ae6b6a|rpc:127.0.0.1:36573|dataStream:|priority:1, f1456eab-cb96-47f4-be6a-df81f044b3ea|rpc:127.0.0.1:40757|dataStream:|priority:0, a128689b-7346-4663-acc6-739d712788d9|rpc:127.0.0.1:44189|dataStream:|priority:0], old=null, confs=<EMPTY_MAP>
2022-01-10 11:12:19,632 [pool-347-thread-1] INFO  server.RaftServerConfigKeys (ConfUtils.java:logGet(44)) - raft.server.storage.dir = [/home/runner/work/ozone/ozone/hadoop-ozone/integration-test/target/test-dir/MiniOzoneClusterImpl-7d1a95dd-ad38-4e88-9004-e3265cc39d2b/datanode-2/data/ratis] (custom)
2022-01-10 11:12:19,632 [pool-347-thread-1] INFO  server.RaftServerConfigKeys (ConfUtils.java:logGet(44)) - raft.server.log.corruption.policy = EXCEPTION (default)
2022-01-10 11:12:19,632 [pool-347-thread-1] INFO  server.RaftServerConfigKeys (ConfUtils.java:logGet(44)) - raft.server.storage.free-space.min = 0MB (=0) (default)
2022-01-10 11:12:19,632 [pool-347-thread-1] INFO  storage.RaftStorageDirectory (RaftStorageDirectoryImpl.java:analyzeStorage(135)) - The storage directory /home/runner/work/ozone/ozone/hadoop-ozone/integration-test/target/test-dir/MiniOzoneClusterImpl-7d1a95dd-ad38-4e88-9004-e3265cc39d2b/datanode-2/data/ratis/b2d26482-101b-4dbd-9a26-1b62df32bce0 does not exist. Creating ...
2022-01-10 11:12:19,633 [pool-301-thread-1] INFO  server.RaftServerConfigKeys (ConfUtils.java:logGet(44)) - raft.server.snapshot.auto.trigger.enabled = true (custom)
2022-01-10 11:12:19,633 [pool-301-thread-1] INFO  server.RaftServerConfigKeys (ConfUtils.java:logGet(44)) - raft.server.snapshot.auto.trigger.threshold = 10000 (custom)
2022-01-10 11:12:19,633 [pool-301-thread-1] INFO  server.RaftServerConfigKeys (ConfUtils.java:logGet(44)) - raft.server.snapshot.retention.file.num = 5 (custom)
2022-01-10 11:12:19,633 [pool-301-thread-1] INFO  server.RaftServerConfigKeys (ConfUtils.java:logGet(44)) - raft.server.log.purge.upto.snapshot.index = false (default)
2022-01-10 11:12:19,633 [pool-301-thread-1] INFO  server.RaftServerConfigKeys (ConfUtils.java:logGet(44)) - raft.server.retrycache.expirytime = 600000ms (custom)
2022-01-10 11:12:19,633 [pool-301-thread-1] INFO  server.RaftServerConfigKeys (ConfUtils.java:logGet(44)) - raft.server.retrycache.statistics.expirytime = 100μs (default)
2022-01-10 11:12:19,635 [pool-301-thread-1] INFO  server.RaftServer$Division (RaftServerImpl.java:start(301)) - a128689b-7346-4663-acc6-739d712788d9@group-1B62DF32BCE0: start as a follower, conf=-1: [af60d39b-22ca-4a7c-b55e-02ce95ae6b6a|rpc:127.0.0.1:36573|priority:1, f1456eab-cb96-47f4-be6a-df81f044b3ea|rpc:127.0.0.1:40757|priority:0, a128689b-7346-4663-acc6-739d712788d9|rpc:127.0.0.1:44189|priority:0], old=null
2022-01-10 11:12:19,635 [pool-301-thread-1] INFO  server.RaftServer$Division (RaftServerImpl.java:setRole(290)) - a128689b-7346-4663-acc6-739d712788d9@group-1B62DF32BCE0: changes role from      null to FOLLOWER at term 0 for startAsFollower
2022-01-10 11:12:19,635 [pool-301-thread-1] INFO  impl.RoleInfo (RoleInfo.java:updateAndGet(130)) - a128689b-7346-4663-acc6-739d712788d9: start a128689b-7346-4663-acc6-739d712788d9@group-1B62DF32BCE0-FollowerState
2022-01-10 11:12:19,636 [pool-347-thread-1] INFO  storage.RaftStorageDirectory (RaftStorageDirectoryImpl.java:tryLock(230)) - Lock on /home/runner/work/ozone/ozone/hadoop-ozone/integration-test/target/test-dir/MiniOzoneClusterImpl-7d1a95dd-ad38-4e88-9004-e3265cc39d2b/datanode-2/data/ratis/b2d26482-101b-4dbd-9a26-1b62df32bce0/in_use.lock acquired by nodename 8189@fv-az270-882
2022-01-10 11:12:19,638 [pool-347-thread-1] INFO  storage.RaftStorage (RaftStorageImpl.java:format(89)) - Storage directory /home/runner/work/ozone/ozone/hadoop-ozone/integration-test/target/test-dir/MiniOzoneClusterImpl-7d1a95dd-ad38-4e88-9004-e3265cc39d2b/datanode-2/data/ratis/b2d26482-101b-4dbd-9a26-1b62df32bce0 has been successfully formatted.
2022-01-10 11:12:19,649 [pool-301-thread-1] INFO  util.JmxRegister (JmxRegister.java:tryRegister(44)) - Successfully registered JMX Bean with object name Ratis:service=RaftServer,group=group-1B62DF32BCE0,id=a128689b-7346-4663-acc6-739d712788d9
2022-01-10 11:12:19,658 [Command processor thread] INFO  ratis.XceiverServerRatis (XceiverServerRatis.java:addGroup(768)) - Created group PipelineID=b2d26482-101b-4dbd-9a26-1b62df32bce0
2022-01-10 11:12:19,658 [pool-347-thread-1] INFO  ratis.ContainerStateMachine (ContainerStateMachine.java:loadSnapshot(231)) - group-1B62DF32BCE0: The snapshot info is null. Setting the last applied indexto:(t:0, i:~)
2022-01-10 11:12:19,658 [pool-347-thread-1] INFO  server.RaftServerConfigKeys (ConfUtils.java:logGet(44)) - raft.server.notification.no-leader.timeout = 300s (custom)
2022-01-10 11:12:19,658 [pool-347-thread-1] INFO  server.RaftServerConfigKeys (ConfUtils.java:logGet(44)) - raft.server.log.use.memory = false (default)
2022-01-10 11:12:19,658 [pool-347-thread-1] INFO  server.RaftServerConfigKeys (ConfUtils.java:logGet(44)) - raft.server.log.purge.gap = 1000000 (custom)
2022-01-10 11:12:19,658 [pool-347-thread-1] INFO  server.RaftServerConfigKeys (ConfUtils.java:logGet(44)) - raft.server.log.appender.buffer.byte-limit = 33554432 (custom)
2022-01-10 11:12:19,658 [pool-347-thread-1] INFO  server.RaftServerConfigKeys (ConfUtils.java:logGet(44)) - raft.server.log.segment.size.max = 1048576 (custom)
2022-01-10 11:12:19,659 [pool-347-thread-1] INFO  server.RaftServerConfigKeys (ConfUtils.java:logGet(44)) - raft.server.log.segment.cache.num.max = 2 (custom)
2022-01-10 11:12:19,659 [pool-347-thread-1] INFO  server.RaftServerConfigKeys (ConfUtils.java:logGet(44)) - raft.server.log.segment.cache.size.max = 200MB (=209715200) (default)
2022-01-10 11:12:19,659 [pool-347-thread-1] INFO  segmented.SegmentedRaftLogWorker (SegmentedRaftLogWorker.java:<init>(182)) - new af60d39b-22ca-4a7c-b55e-02ce95ae6b6a@group-1B62DF32BCE0-SegmentedRaftLogWorker for RaftStorageImpl:Storage Directory /home/runner/work/ozone/ozone/hadoop-ozone/integration-test/target/test-dir/MiniOzoneClusterImpl-7d1a95dd-ad38-4e88-9004-e3265cc39d2b/datanode-2/data/ratis/b2d26482-101b-4dbd-9a26-1b62df32bce0
2022-01-10 11:12:19,659 [pool-347-thread-1] INFO  server.RaftServerConfigKeys (ConfUtils.java:logGet(44)) - raft.server.log.queue.byte-limit = 2147483647 (custom)
2022-01-10 11:12:19,659 [pool-347-thread-1] INFO  server.RaftServerConfigKeys (ConfUtils.java:logGet(44)) - raft.server.log.queue.element-limit = 1024 (custom)
2022-01-10 11:12:19,659 [pool-347-thread-1] INFO  server.RaftServerConfigKeys (ConfUtils.java:logGet(44)) - raft.server.log.segment.size.max = 1048576 (custom)
2022-01-10 11:12:19,659 [pool-347-thread-1] INFO  server.RaftServerConfigKeys (ConfUtils.java:logGet(44)) - raft.server.log.preallocated.size = 16384 (custom)
2022-01-10 11:12:19,659 [pool-347-thread-1] INFO  server.RaftServerConfigKeys (ConfUtils.java:logGet(44)) - raft.server.log.force.sync.num = 128 (default)
2022-01-10 11:12:19,659 [pool-347-thread-1] INFO  server.RaftServerConfigKeys (ConfUtils.java:logGet(44)) - raft.server.log.statemachine.data.sync = true (default)
2022-01-10 11:12:19,659 [pool-347-thread-1] INFO  server.RaftServerConfigKeys (ConfUtils.java:logGet(44)) - raft.server.log.statemachine.data.sync.timeout = 10s (default)
2022-01-10 11:12:19,659 [pool-347-thread-1] INFO  server.RaftServerConfigKeys (ConfUtils.java:logGet(44)) - raft.server.log.statemachine.data.sync.timeout.retry = -1 (default)
2022-01-10 11:12:19,660 [pool-347-thread-1] INFO  server.RaftServerConfigKeys (ConfUtils.java:logGet(44)) - raft.server.log.write.buffer.size = 1048576 (custom)
2022-01-10 11:12:19,679 [pool-347-thread-1] INFO  server.RaftServerConfigKeys (ConfUtils.java:logGet(44)) - raft.server.log.statemachine.data.caching.enabled = true (custom)
2022-01-10 11:12:19,680 [pool-347-thread-1] INFO  segmented.SegmentedRaftLogWorker (SegmentedRaftLogWorker.java:lambda$new$0(133)) - af60d39b-22ca-4a7c-b55e-02ce95ae6b6a@group-1B62DF32BCE0-SegmentedRaftLogWorker: flushIndex: setUnconditionally 0 -> -1
2022-01-10 11:12:19,680 [pool-347-thread-1] INFO  segmented.SegmentedRaftLogWorker (SegmentedRaftLogWorker.java:lambda$new$0(133)) - af60d39b-22ca-4a7c-b55e-02ce95ae6b6a@group-1B62DF32BCE0-SegmentedRaftLogWorker: safeCacheEvictIndex: setUnconditionally 0 -> -1
2022-01-10 11:12:19,680 [pool-347-thread-1] INFO  server.RaftServerConfigKeys (ConfUtils.java:logGet(44)) - raft.server.snapshot.auto.trigger.enabled = true (custom)
2022-01-10 11:12:19,680 [pool-347-thread-1] INFO  server.RaftServerConfigKeys (ConfUtils.java:logGet(44)) - raft.server.snapshot.auto.trigger.threshold = 10000 (custom)
2022-01-10 11:12:19,680 [pool-347-thread-1] INFO  server.RaftServerConfigKeys (ConfUtils.java:logGet(44)) - raft.server.snapshot.retention.file.num = 5 (custom)
2022-01-10 11:12:19,680 [pool-347-thread-1] INFO  server.RaftServerConfigKeys (ConfUtils.java:logGet(44)) - raft.server.log.purge.upto.snapshot.index = false (default)
2022-01-10 11:12:19,680 [pool-347-thread-1] INFO  server.RaftServerConfigKeys (ConfUtils.java:logGet(44)) - raft.server.retrycache.expirytime = 600000ms (custom)
2022-01-10 11:12:19,680 [pool-347-thread-1] INFO  server.RaftServerConfigKeys (ConfUtils.java:logGet(44)) - raft.server.retrycache.statistics.expirytime = 100μs (default)
2022-01-10 11:12:19,686 [pool-347-thread-1] INFO  server.RaftServer$Division (RaftServerImpl.java:start(301)) - af60d39b-22ca-4a7c-b55e-02ce95ae6b6a@group-1B62DF32BCE0: start as a follower, conf=-1: [af60d39b-22ca-4a7c-b55e-02ce95ae6b6a|rpc:127.0.0.1:36573|dataStream:|priority:1, f1456eab-cb96-47f4-be6a-df81f044b3ea|rpc:127.0.0.1:40757|dataStream:|priority:0, a128689b-7346-4663-acc6-739d712788d9|rpc:127.0.0.1:44189|dataStream:|priority:0], old=null
2022-01-10 11:12:19,686 [pool-347-thread-1] INFO  server.RaftServer$Division (RaftServerImpl.java:setRole(290)) - af60d39b-22ca-4a7c-b55e-02ce95ae6b6a@group-1B62DF32BCE0: changes role from      null to FOLLOWER at term 0 for startAsFollower
2022-01-10 11:12:19,686 [pool-347-thread-1] INFO  impl.RoleInfo (RoleInfo.java:updateAndGet(130)) - af60d39b-22ca-4a7c-b55e-02ce95ae6b6a: start af60d39b-22ca-4a7c-b55e-02ce95ae6b6a@group-1B62DF32BCE0-FollowerState
2022-01-10 11:12:19,691 [pool-347-thread-1] INFO  util.JmxRegister (JmxRegister.java:tryRegister(44)) - Successfully registered JMX Bean with object name Ratis:service=RaftServer,group=group-1B62DF32BCE0,id=af60d39b-22ca-4a7c-b55e-02ce95ae6b6a
2022-01-10 11:12:19,819 [Command processor thread] INFO  commandhandler.CreatePipelineCommandHandler (CreatePipelineCommandHandler.java:handle(106)) - Created Pipeline RATIS THREE PipelineID=b2d26482-101b-4dbd-9a26-1b62df32bce0.
2022-01-10 11:12:19,827 [Command processor thread] INFO  commandhandler.CreatePipelineCommandHandler (CreatePipelineCommandHandler.java:handle(106)) - Created Pipeline RATIS THREE PipelineID=b2d26482-101b-4dbd-9a26-1b62df32bce0.
2022-01-10 11:12:19,985 [Listener at 127.0.0.1/12236] INFO  ozone.MiniOzoneClusterImpl (MiniOzoneClusterImpl.java:lambda$waitForClusterToBeReady$0(235)) - Nodes are ready. Got 3 of 3 DN Heartbeats.
2022-01-10 11:12:19,985 [Listener at 127.0.0.1/12236] INFO  ozone.MiniOzoneClusterImpl (MiniOzoneClusterImpl.java:lambda$waitForClusterToBeReady$0(238)) - Waiting for cluster to exit safe mode
2022-01-10 11:12:19,985 [Listener at 127.0.0.1/12236] INFO  ozone.MiniOzoneClusterImpl (MiniOzoneClusterImpl.java:lambda$waitForClusterToBeReady$0(240)) - SCM became leader
2022-01-10 11:12:20,020 [Command processor thread] INFO  server.RaftServer (RaftServerProxy.java:addNew(95)) - af60d39b-22ca-4a7c-b55e-02ce95ae6b6a: addNew group-9F0CA0B2F075:[af60d39b-22ca-4a7c-b55e-02ce95ae6b6a|rpc:127.0.0.1:36573|priority:1] returns group-9F0CA0B2F075:java.util.concurrent.CompletableFuture@1e2a944c[Not completed]
2022-01-10 11:12:20,021 [pool-347-thread-1] INFO  server.RaftServer$Division (RaftServerImpl.java:<init>(184)) - af60d39b-22ca-4a7c-b55e-02ce95ae6b6a: new RaftServerImpl for group-9F0CA0B2F075:[af60d39b-22ca-4a7c-b55e-02ce95ae6b6a|rpc:127.0.0.1:36573|priority:1] with ContainerStateMachine:uninitialized
2022-01-10 11:12:20,021 [pool-347-thread-1] INFO  server.RaftServerConfigKeys (ConfUtils.java:logGet(44)) - raft.server.rpc.timeout.min = 5s (custom)
2022-01-10 11:12:20,022 [pool-347-thread-1] INFO  server.RaftServerConfigKeys (ConfUtils.java:logGet(44)) - raft.server.rpc.timeout.max = 5200ms (custom)
2022-01-10 11:12:20,022 [pool-347-thread-1] INFO  server.RaftServerConfigKeys (ConfUtils.java:logGet(44)) - raft.server.rpc.sleep.time = 25ms (default)
2022-01-10 11:12:20,022 [pool-347-thread-1] INFO  server.RaftServerConfigKeys (ConfUtils.java:logGet(44)) - raft.server.rpc.slowness.timeout = 300s (custom)
2022-01-10 11:12:20,022 [pool-347-thread-1] INFO  server.RaftServerConfigKeys (ConfUtils.java:logGet(44)) - raft.server.leaderelection.leader.step-down.wait-time = 10s (default)
2022-01-10 11:12:20,022 [pool-347-thread-1] INFO  server.RaftServerConfigKeys (ConfUtils.java:logGet(44)) - raft.server.sleep.deviation.threshold = 300ms (default)
2022-01-10 11:12:20,022 [pool-347-thread-1] INFO  server.RaftServerConfigKeys (ConfUtils.java:logGet(44)) - raft.server.log.appender.install.snapshot.enabled = false (custom)
2022-01-10 11:12:20,022 [pool-347-thread-1] INFO  server.RaftServer$Division (ServerState.java:<init>(105)) - af60d39b-22ca-4a7c-b55e-02ce95ae6b6a@group-9F0CA0B2F075: ConfigurationManager, init=-1: [af60d39b-22ca-4a7c-b55e-02ce95ae6b6a|rpc:127.0.0.1:36573|priority:1], old=null, confs=<EMPTY_MAP>
2022-01-10 11:12:20,022 [pool-347-thread-1] INFO  server.RaftServerConfigKeys (ConfUtils.java:logGet(44)) - raft.server.storage.dir = [/home/runner/work/ozone/ozone/hadoop-ozone/integration-test/target/test-dir/MiniOzoneClusterImpl-7d1a95dd-ad38-4e88-9004-e3265cc39d2b/datanode-2/data/ratis] (custom)
2022-01-10 11:12:20,022 [pool-347-thread-1] INFO  server.RaftServerConfigKeys (ConfUtils.java:logGet(44)) - raft.server.log.corruption.policy = EXCEPTION (default)
2022-01-10 11:12:20,022 [pool-347-thread-1] INFO  server.RaftServerConfigKeys (ConfUtils.java:logGet(44)) - raft.server.storage.free-space.min = 0MB (=0) (default)
2022-01-10 11:12:20,022 [pool-347-thread-1] INFO  storage.RaftStorageDirectory (RaftStorageDirectoryImpl.java:analyzeStorage(135)) - The storage directory /home/runner/work/ozone/ozone/hadoop-ozone/integration-test/target/test-dir/MiniOzoneClusterImpl-7d1a95dd-ad38-4e88-9004-e3265cc39d2b/datanode-2/data/ratis/4e0b4129-1574-424d-a721-9f0ca0b2f075 does not exist. Creating ...
2022-01-10 11:12:20,024 [pool-347-thread-1] INFO  storage.RaftStorageDirectory (RaftStorageDirectoryImpl.java:tryLock(230)) - Lock on /home/runner/work/ozone/ozone/hadoop-ozone/integration-test/target/test-dir/MiniOzoneClusterImpl-7d1a95dd-ad38-4e88-9004-e3265cc39d2b/datanode-2/data/ratis/4e0b4129-1574-424d-a721-9f0ca0b2f075/in_use.lock acquired by nodename 8189@fv-az270-882
2022-01-10 11:12:20,026 [pool-347-thread-1] INFO  storage.RaftStorage (RaftStorageImpl.java:format(89)) - Storage directory /home/runner/work/ozone/ozone/hadoop-ozone/integration-test/target/test-dir/MiniOzoneClusterImpl-7d1a95dd-ad38-4e88-9004-e3265cc39d2b/datanode-2/data/ratis/4e0b4129-1574-424d-a721-9f0ca0b2f075 has been successfully formatted.
2022-01-10 11:12:20,026 [pool-347-thread-1] INFO  ratis.ContainerStateMachine (ContainerStateMachine.java:loadSnapshot(231)) - group-9F0CA0B2F075: The snapshot info is null. Setting the last applied indexto:(t:0, i:~)
2022-01-10 11:12:20,027 [pool-347-thread-1] INFO  server.RaftServerConfigKeys (ConfUtils.java:logGet(44)) - raft.server.notification.no-leader.timeout = 300s (custom)
2022-01-10 11:12:20,027 [pool-347-thread-1] INFO  server.RaftServerConfigKeys (ConfUtils.java:logGet(44)) - raft.server.log.use.memory = false (default)
2022-01-10 11:12:20,027 [pool-347-thread-1] INFO  server.RaftServerConfigKeys (ConfUtils.java:logGet(44)) - raft.server.log.purge.gap = 1000000 (custom)
2022-01-10 11:12:20,027 [pool-347-thread-1] INFO  server.RaftServerConfigKeys (ConfUtils.java:logGet(44)) - raft.server.log.appender.buffer.byte-limit = 33554432 (custom)
2022-01-10 11:12:20,027 [pool-347-thread-1] INFO  server.RaftServerConfigKeys (ConfUtils.java:logGet(44)) - raft.server.log.segment.size.max = 1048576 (custom)
2022-01-10 11:12:20,027 [pool-347-thread-1] INFO  server.RaftServerConfigKeys (ConfUtils.java:logGet(44)) - raft.server.log.segment.cache.num.max = 2 (custom)
2022-01-10 11:12:20,027 [pool-347-thread-1] INFO  server.RaftServerConfigKeys (ConfUtils.java:logGet(44)) - raft.server.log.segment.cache.size.max = 200MB (=209715200) (default)
2022-01-10 11:12:20,027 [pool-347-thread-1] INFO  segmented.SegmentedRaftLogWorker (SegmentedRaftLogWorker.java:<init>(182)) - new af60d39b-22ca-4a7c-b55e-02ce95ae6b6a@group-9F0CA0B2F075-SegmentedRaftLogWorker for RaftStorageImpl:Storage Directory /home/runner/work/ozone/ozone/hadoop-ozone/integration-test/target/test-dir/MiniOzoneClusterImpl-7d1a95dd-ad38-4e88-9004-e3265cc39d2b/datanode-2/data/ratis/4e0b4129-1574-424d-a721-9f0ca0b2f075
2022-01-10 11:12:20,028 [pool-347-thread-1] INFO  server.RaftServerConfigKeys (ConfUtils.java:logGet(44)) - raft.server.log.queue.byte-limit = 2147483647 (custom)
2022-01-10 11:12:20,028 [pool-347-thread-1] INFO  server.RaftServerConfigKeys (ConfUtils.java:logGet(44)) - raft.server.log.queue.element-limit = 1024 (custom)
2022-01-10 11:12:20,028 [pool-347-thread-1] INFO  server.RaftServerConfigKeys (ConfUtils.java:logGet(44)) - raft.server.log.segment.size.max = 1048576 (custom)
2022-01-10 11:12:20,028 [pool-347-thread-1] INFO  server.RaftServerConfigKeys (ConfUtils.java:logGet(44)) - raft.server.log.preallocated.size = 16384 (custom)
2022-01-10 11:12:20,028 [pool-347-thread-1] INFO  server.RaftServerConfigKeys (ConfUtils.java:logGet(44)) - raft.server.log.force.sync.num = 128 (default)
2022-01-10 11:12:20,028 [pool-347-thread-1] INFO  server.RaftServerConfigKeys (ConfUtils.java:logGet(44)) - raft.server.log.statemachine.data.sync = true (default)
2022-01-10 11:12:20,028 [pool-347-thread-1] INFO  server.RaftServerConfigKeys (ConfUtils.java:logGet(44)) - raft.server.log.statemachine.data.sync.timeout = 10s (default)
2022-01-10 11:12:20,028 [pool-347-thread-1] INFO  server.RaftServerConfigKeys (ConfUtils.java:logGet(44)) - raft.server.log.statemachine.data.sync.timeout.retry = -1 (default)
2022-01-10 11:12:20,030 [pool-347-thread-1] INFO  server.RaftServerConfigKeys (ConfUtils.java:logGet(44)) - raft.server.log.write.buffer.size = 1048576 (custom)
2022-01-10 11:12:20,031 [EventQueue-PipelineReportForPipelineReportHandler] INFO  pipeline.PipelineManagerImpl (PipelineManagerImpl.java:openPipeline(291)) - Pipeline Pipeline[ Id: 4e0b4129-1574-424d-a721-9f0ca0b2f075, Nodes: af60d39b-22ca-4a7c-b55e-02ce95ae6b6a{ip: 127.0.0.1, host: localhost, ports: [REPLICATION=42317, RATIS=36573, RATIS_ADMIN=36573, RATIS_SERVER=36573, STANDALONE=35887], networkLocation: /default-rack, certSerialId: null, persistedOpState: IN_SERVICE, persistedOpStateExpiryEpochSec: 0}, ReplicationConfig: RATIS/ONE, State:ALLOCATED, leaderId:af60d39b-22ca-4a7c-b55e-02ce95ae6b6a, CreationTimestamp2022-01-10T11:12:17.034Z[Etc/UTC]] moved to OPEN state
2022-01-10 11:12:20,033 [pool-347-thread-1] INFO  server.RaftServerConfigKeys (ConfUtils.java:logGet(44)) - raft.server.log.statemachine.data.caching.enabled = true (custom)
2022-01-10 11:12:20,033 [pool-347-thread-1] INFO  segmented.SegmentedRaftLogWorker (SegmentedRaftLogWorker.java:lambda$new$0(133)) - af60d39b-22ca-4a7c-b55e-02ce95ae6b6a@group-9F0CA0B2F075-SegmentedRaftLogWorker: flushIndex: setUnconditionally 0 -> -1
2022-01-10 11:12:20,033 [pool-347-thread-1] INFO  segmented.SegmentedRaftLogWorker (SegmentedRaftLogWorker.java:lambda$new$0(133)) - af60d39b-22ca-4a7c-b55e-02ce95ae6b6a@group-9F0CA0B2F075-SegmentedRaftLogWorker: safeCacheEvictIndex: setUnconditionally 0 -> -1
2022-01-10 11:12:20,050 [pool-347-thread-1] INFO  server.RaftServerConfigKeys (ConfUtils.java:logGet(44)) - raft.server.snapshot.auto.trigger.enabled = true (custom)
2022-01-10 11:12:20,050 [pool-347-thread-1] INFO  server.RaftServerConfigKeys (ConfUtils.java:logGet(44)) - raft.server.snapshot.auto.trigger.threshold = 10000 (custom)
2022-01-10 11:12:20,050 [pool-347-thread-1] INFO  server.RaftServerConfigKeys (ConfUtils.java:logGet(44)) - raft.server.snapshot.retention.file.num = 5 (custom)
2022-01-10 11:12:20,050 [pool-347-thread-1] INFO  server.RaftServerConfigKeys (ConfUtils.java:logGet(44)) - raft.server.log.purge.upto.snapshot.index = false (default)
2022-01-10 11:12:20,050 [pool-347-thread-1] INFO  server.RaftServerConfigKeys (ConfUtils.java:logGet(44)) - raft.server.retrycache.expirytime = 600000ms (custom)
2022-01-10 11:12:20,051 [pool-347-thread-1] INFO  server.RaftServerConfigKeys (ConfUtils.java:logGet(44)) - raft.server.retrycache.statistics.expirytime = 100μs (default)
2022-01-10 11:12:20,052 [pool-347-thread-1] INFO  server.RaftServer$Division (RaftServerImpl.java:start(301)) - af60d39b-22ca-4a7c-b55e-02ce95ae6b6a@group-9F0CA0B2F075: start as a follower, conf=-1: [af60d39b-22ca-4a7c-b55e-02ce95ae6b6a|rpc:127.0.0.1:36573|priority:1], old=null
2022-01-10 11:12:20,052 [pool-347-thread-1] INFO  server.RaftServer$Division (RaftServerImpl.java:setRole(290)) - af60d39b-22ca-4a7c-b55e-02ce95ae6b6a@group-9F0CA0B2F075: changes role from      null to FOLLOWER at term 0 for startAsFollower
2022-01-10 11:12:20,052 [pool-347-thread-1] INFO  impl.RoleInfo (RoleInfo.java:updateAndGet(130)) - af60d39b-22ca-4a7c-b55e-02ce95ae6b6a: start af60d39b-22ca-4a7c-b55e-02ce95ae6b6a@group-9F0CA0B2F075-FollowerState
2022-01-10 11:12:20,053 [EventQueue-PipelineReportForPipelineReportHandler] INFO  pipeline.PipelineManagerImpl (PipelineManagerImpl.java:openPipeline(291)) - Pipeline Pipeline[ Id: 4e0b4129-1574-424d-a721-9f0ca0b2f075, Nodes: af60d39b-22ca-4a7c-b55e-02ce95ae6b6a{ip: 127.0.0.1, host: localhost, ports: [REPLICATION=42317, RATIS=36573, RATIS_ADMIN=36573, RATIS_SERVER=36573, STANDALONE=35887], networkLocation: /default-rack, certSerialId: null, persistedOpState: IN_SERVICE, persistedOpStateExpiryEpochSec: 0}, ReplicationConfig: RATIS/ONE, State:ALLOCATED, leaderId:af60d39b-22ca-4a7c-b55e-02ce95ae6b6a, CreationTimestamp2022-01-10T11:12:17.034Z[Etc/UTC]] moved to OPEN state
2022-01-10 11:12:20,053 [EventQueue-PipelineReportForPipelineReportHandler] INFO  ha.SCMHAInvocationHandler (SCMHAInvocationHandler.java:invokeRatis(113)) - Invoking method public abstract void org.apache.hadoop.hdds.scm.pipeline.PipelineStateManager.updatePipelineState(org.apache.hadoop.hdds.protocol.proto.HddsProtos$PipelineID,org.apache.hadoop.hdds.protocol.proto.HddsProtos$PipelineState) throws java.io.IOException on target org.apache.hadoop.hdds.scm.ha.SCMRatisServerImpl@63d0d2e9, cost 233.021us
2022-01-10 11:12:20,058 [6a981e52-99aa-4707-bfae-4a3cfe894454@group-E3265CC39D2B-StateMachineUpdater] INFO  safemode.HealthyPipelineSafeModeRule (HealthyPipelineSafeModeRule.java:initializeRule(152)) - Refreshed total pipeline count is 0, healthy pipeline threshold count is 1
2022-01-10 11:12:20,058 [pool-347-thread-1] INFO  util.JmxRegister (JmxRegister.java:tryRegister(44)) - Successfully registered JMX Bean with object name Ratis:service=RaftServer,group=group-9F0CA0B2F075,id=af60d39b-22ca-4a7c-b55e-02ce95ae6b6a
2022-01-10 11:12:20,059 [EventQueue-PipelineReportForPipelineReportHandler] INFO  ha.SCMHAInvocationHandler (SCMHAInvocationHandler.java:invokeRatis(113)) - Invoking method public abstract void org.apache.hadoop.hdds.scm.pipeline.PipelineStateManager.updatePipelineState(org.apache.hadoop.hdds.protocol.proto.HddsProtos$PipelineID,org.apache.hadoop.hdds.protocol.proto.HddsProtos$PipelineState) throws java.io.IOException on target org.apache.hadoop.hdds.scm.ha.SCMRatisServerImpl@7c42180, cost 27947.311us
2022-01-10 11:12:20,059 [EventQueue-OpenPipelineForHealthyPipelineSafeModeRule] INFO  safemode.SCMSafeModeManager (HealthyPipelineSafeModeRule.java:process(124)) - SCM in safe mode. Healthy pipelines reported count is 0, required healthy pipeline reported count is 1
2022-01-10 11:12:20,079 [Command processor thread] INFO  ratis.XceiverServerRatis (XceiverServerRatis.java:addGroup(768)) - Created group PipelineID=4e0b4129-1574-424d-a721-9f0ca0b2f075
2022-01-10 11:12:20,080 [Command processor thread] INFO  commandhandler.CreatePipelineCommandHandler (CreatePipelineCommandHandler.java:handle(106)) - Created Pipeline RATIS ONE PipelineID=4e0b4129-1574-424d-a721-9f0ca0b2f075.
2022-01-10 11:12:20,082 [4d48cbeb-2102-4f2b-b398-c18ce09455c6@group-E3265CC39D2B-StateMachineUpdater] INFO  safemode.HealthyPipelineSafeModeRule (HealthyPipelineSafeModeRule.java:initializeRule(152)) - Refreshed total pipeline count is 0, healthy pipeline threshold count is 1
2022-01-10 11:12:20,110 [EventQueue-OpenPipelineForHealthyPipelineSafeModeRule] INFO  safemode.SCMSafeModeManager (HealthyPipelineSafeModeRule.java:process(124)) - SCM in safe mode. Healthy pipelines reported count is 0, required healthy pipeline reported count is 1
2022-01-10 11:12:20,417 [EndpointStateMachine task thread for /127.0.0.1:14063 - 0 ] INFO  ipc.Client (Client.java:handleConnectionFailure(977)) - Retrying connect to server: localhost/127.0.0.1:14063. Already tried 0 time(s); retry policy is RetryUpToMaximumCountWithFixedSleep(maxRetries=15, sleepTime=1000 MILLISECONDS)
2022-01-10 11:12:20,425 [EndpointStateMachine task thread for /127.0.0.1:14073 - 0 ] INFO  ipc.Client (Client.java:handleConnectionFailure(977)) - Retrying connect to server: localhost/127.0.0.1:14073. Already tried 3 time(s); retry policy is RetryUpToMaximumCountWithFixedSleep(maxRetries=15, sleepTime=1000 MILLISECONDS)
2022-01-10 11:12:20,549 [EndpointStateMachine task thread for /127.0.0.1:14053 - 0 ] INFO  ipc.Client (Client.java:handleConnectionFailure(977)) - Retrying connect to server: localhost/127.0.0.1:14053. Already tried 3 time(s); retry policy is RetryUpToMaximumCountWithFixedSleep(maxRetries=15, sleepTime=1000 MILLISECONDS)
2022-01-10 11:12:20,985 [Listener at 127.0.0.1/12236] INFO  ozone.MiniOzoneClusterImpl (MiniOzoneClusterImpl.java:lambda$waitForClusterToBeReady$0(235)) - Nodes are ready. Got 3 of 3 DN Heartbeats.
2022-01-10 11:12:20,986 [Listener at 127.0.0.1/12236] INFO  ozone.MiniOzoneClusterImpl (MiniOzoneClusterImpl.java:lambda$waitForClusterToBeReady$0(238)) - Waiting for cluster to exit safe mode
2022-01-10 11:12:20,986 [Listener at 127.0.0.1/12236] INFO  ozone.MiniOzoneClusterImpl (MiniOzoneClusterImpl.java:lambda$waitForClusterToBeReady$0(240)) - SCM became leader
2022-01-10 11:12:21,029 [Datanode State Machine Daemon Thread] ERROR datanode.RunningDatanodeState (RunningDatanodeState.java:computeNextContainerState(199)) - Error in executing end point task.
java.util.concurrent.ExecutionException: java.util.concurrent.TimeoutException
	at java.util.concurrent.FutureTask.report(FutureTask.java:122)
	at java.util.concurrent.FutureTask.get(FutureTask.java:192)
	at org.apache.hadoop.ozone.container.common.states.datanode.RunningDatanodeState.computeNextContainerState(RunningDatanodeState.java:191)
	at org.apache.hadoop.ozone.container.common.states.datanode.RunningDatanodeState.await(RunningDatanodeState.java:231)
	at org.apache.hadoop.ozone.container.common.states.datanode.RunningDatanodeState.await(RunningDatanodeState.java:50)
	at org.apache.hadoop.ozone.container.common.statemachine.StateContext.execute(StateContext.java:633)
	at org.apache.hadoop.ozone.container.common.statemachine.DatanodeStateMachine.start(DatanodeStateMachine.java:280)
	at org.apache.hadoop.ozone.container.common.statemachine.DatanodeStateMachine.lambda$startDaemon$0(DatanodeStateMachine.java:468)
	at java.lang.Thread.run(Thread.java:748)
Caused by: java.util.concurrent.TimeoutException
	at java.util.concurrent.FutureTask.get(FutureTask.java:205)
	at org.apache.hadoop.ozone.container.common.states.datanode.RunningDatanodeState.lambda$execute$0(RunningDatanodeState.java:149)
	at java.util.concurrent.FutureTask.run(FutureTask.java:266)
	at java.util.concurrent.Executors$RunnableAdapter.call(Executors.java:511)
	at java.util.concurrent.FutureTask.run(FutureTask.java:266)
	at java.util.concurrent.ThreadPoolExecutor.runWorker(ThreadPoolExecutor.java:1149)
	at java.util.concurrent.ThreadPoolExecutor$Worker.run(ThreadPoolExecutor.java:624)
	... 1 more
2022-01-10 11:12:21,418 [EndpointStateMachine task thread for /127.0.0.1:14063 - 0 ] INFO  ipc.Client (Client.java:handleConnectionFailure(977)) - Retrying connect to server: localhost/127.0.0.1:14063. Already tried 1 time(s); retry policy is RetryUpToMaximumCountWithFixedSleep(maxRetries=15, sleepTime=1000 MILLISECONDS)
2022-01-10 11:12:21,426 [EndpointStateMachine task thread for /127.0.0.1:14073 - 0 ] INFO  ipc.Client (Client.java:handleConnectionFailure(977)) - Retrying connect to server: localhost/127.0.0.1:14073. Already tried 4 time(s); retry policy is RetryUpToMaximumCountWithFixedSleep(maxRetries=15, sleepTime=1000 MILLISECONDS)
2022-01-10 11:12:21,549 [EndpointStateMachine task thread for /127.0.0.1:14053 - 0 ] INFO  ipc.Client (Client.java:handleConnectionFailure(977)) - Retrying connect to server: localhost/127.0.0.1:14053. Already tried 4 time(s); retry policy is RetryUpToMaximumCountWithFixedSleep(maxRetries=15, sleepTime=1000 MILLISECONDS)
2022-01-10 11:12:21,608 [Datanode State Machine Daemon Thread] ERROR datanode.RunningDatanodeState (RunningDatanodeState.java:computeNextContainerState(199)) - Error in executing end point task.
java.util.concurrent.ExecutionException: java.util.concurrent.TimeoutException
	at java.util.concurrent.FutureTask.report(FutureTask.java:122)
	at java.util.concurrent.FutureTask.get(FutureTask.java:192)
	at org.apache.hadoop.ozone.container.common.states.datanode.RunningDatanodeState.computeNextContainerState(RunningDatanodeState.java:191)
	at org.apache.hadoop.ozone.container.common.states.datanode.RunningDatanodeState.await(RunningDatanodeState.java:231)
	at org.apache.hadoop.ozone.container.common.states.datanode.RunningDatanodeState.await(RunningDatanodeState.java:50)
	at org.apache.hadoop.ozone.container.common.statemachine.StateContext.execute(StateContext.java:633)
	at org.apache.hadoop.ozone.container.common.statemachine.DatanodeStateMachine.start(DatanodeStateMachine.java:280)
	at org.apache.hadoop.ozone.container.common.statemachine.DatanodeStateMachine.lambda$startDaemon$0(DatanodeStateMachine.java:468)
	at java.lang.Thread.run(Thread.java:748)
Caused by: java.util.concurrent.TimeoutException
	at java.util.concurrent.FutureTask.get(FutureTask.java:205)
	at org.apache.hadoop.ozone.container.common.states.datanode.RunningDatanodeState.lambda$execute$0(RunningDatanodeState.java:149)
	at java.util.concurrent.FutureTask.run(FutureTask.java:266)
	at java.util.concurrent.Executors$RunnableAdapter.call(Executors.java:511)
	at java.util.concurrent.FutureTask.run(FutureTask.java:266)
	at java.util.concurrent.ThreadPoolExecutor.runWorker(ThreadPoolExecutor.java:1149)
	at java.util.concurrent.ThreadPoolExecutor$Worker.run(ThreadPoolExecutor.java:624)
	... 1 more
2022-01-10 11:12:21,986 [Listener at 127.0.0.1/12236] INFO  ozone.MiniOzoneClusterImpl (MiniOzoneClusterImpl.java:lambda$waitForClusterToBeReady$0(235)) - Nodes are ready. Got 3 of 3 DN Heartbeats.
2022-01-10 11:12:21,986 [Listener at 127.0.0.1/12236] INFO  ozone.MiniOzoneClusterImpl (MiniOzoneClusterImpl.java:lambda$waitForClusterToBeReady$0(238)) - Waiting for cluster to exit safe mode
2022-01-10 11:12:21,986 [Listener at 127.0.0.1/12236] INFO  ozone.MiniOzoneClusterImpl (MiniOzoneClusterImpl.java:lambda$waitForClusterToBeReady$0(240)) - SCM became leader
2022-01-10 11:12:22,419 [EndpointStateMachine task thread for /127.0.0.1:14063 - 0 ] INFO  ipc.Client (Client.java:handleConnectionFailure(977)) - Retrying connect to server: localhost/127.0.0.1:14063. Already tried 2 time(s); retry policy is RetryUpToMaximumCountWithFixedSleep(maxRetries=15, sleepTime=1000 MILLISECONDS)
2022-01-10 11:12:22,426 [EndpointStateMachine task thread for /127.0.0.1:14073 - 0 ] INFO  ipc.Client (Client.java:handleConnectionFailure(977)) - Retrying connect to server: localhost/127.0.0.1:14073. Already tried 5 time(s); retry policy is RetryUpToMaximumCountWithFixedSleep(maxRetries=15, sleepTime=1000 MILLISECONDS)
2022-01-10 11:12:22,550 [EndpointStateMachine task thread for /127.0.0.1:14053 - 0 ] INFO  ipc.Client (Client.java:handleConnectionFailure(977)) - Retrying connect to server: localhost/127.0.0.1:14053. Already tried 5 time(s); retry policy is RetryUpToMaximumCountWithFixedSleep(maxRetries=15, sleepTime=1000 MILLISECONDS)
2022-01-10 11:12:22,610 [Datanode State Machine Daemon Thread] ERROR datanode.RunningDatanodeState (RunningDatanodeState.java:computeNextContainerState(199)) - Error in executing end point task.
java.util.concurrent.ExecutionException: java.util.concurrent.TimeoutException
	at java.util.concurrent.FutureTask.report(FutureTask.java:122)
	at java.util.concurrent.FutureTask.get(FutureTask.java:192)
	at org.apache.hadoop.ozone.container.common.states.datanode.RunningDatanodeState.computeNextContainerState(RunningDatanodeState.java:191)
	at org.apache.hadoop.ozone.container.common.states.datanode.RunningDatanodeState.await(RunningDatanodeState.java:231)
	at org.apache.hadoop.ozone.container.common.states.datanode.RunningDatanodeState.await(RunningDatanodeState.java:50)
	at org.apache.hadoop.ozone.container.common.statemachine.StateContext.execute(StateContext.java:633)
	at org.apache.hadoop.ozone.container.common.statemachine.DatanodeStateMachine.start(DatanodeStateMachine.java:280)
	at org.apache.hadoop.ozone.container.common.statemachine.DatanodeStateMachine.lambda$startDaemon$0(DatanodeStateMachine.java:468)
	at java.lang.Thread.run(Thread.java:748)
Caused by: java.util.concurrent.TimeoutException
	at java.util.concurrent.FutureTask.get(FutureTask.java:205)
	at org.apache.hadoop.ozone.container.common.states.datanode.RunningDatanodeState.lambda$execute$0(RunningDatanodeState.java:149)
	at java.util.concurrent.FutureTask.run(FutureTask.java:266)
	at java.util.concurrent.Executors$RunnableAdapter.call(Executors.java:511)
	at java.util.concurrent.FutureTask.run(FutureTask.java:266)
	at java.util.concurrent.ThreadPoolExecutor.runWorker(ThreadPoolExecutor.java:1149)
	at java.util.concurrent.ThreadPoolExecutor$Worker.run(ThreadPoolExecutor.java:624)
	... 1 more
2022-01-10 11:12:22,987 [Listener at 127.0.0.1/12236] INFO  ozone.MiniOzoneClusterImpl (MiniOzoneClusterImpl.java:lambda$waitForClusterToBeReady$0(235)) - Nodes are ready. Got 3 of 3 DN Heartbeats.
2022-01-10 11:12:22,987 [Listener at 127.0.0.1/12236] INFO  ozone.MiniOzoneClusterImpl (MiniOzoneClusterImpl.java:lambda$waitForClusterToBeReady$0(238)) - Waiting for cluster to exit safe mode
2022-01-10 11:12:22,987 [Listener at 127.0.0.1/12236] INFO  ozone.MiniOzoneClusterImpl (MiniOzoneClusterImpl.java:lambda$waitForClusterToBeReady$0(240)) - SCM became leader
2022-01-10 11:12:23,419 [EndpointStateMachine task thread for /127.0.0.1:14063 - 0 ] INFO  ipc.Client (Client.java:handleConnectionFailure(977)) - Retrying connect to server: localhost/127.0.0.1:14063. Already tried 3 time(s); retry policy is RetryUpToMaximumCountWithFixedSleep(maxRetries=15, sleepTime=1000 MILLISECONDS)
2022-01-10 11:12:23,427 [EndpointStateMachine task thread for /127.0.0.1:14073 - 0 ] INFO  ipc.Client (Client.java:handleConnectionFailure(977)) - Retrying connect to server: localhost/127.0.0.1:14073. Already tried 6 time(s); retry policy is RetryUpToMaximumCountWithFixedSleep(maxRetries=15, sleepTime=1000 MILLISECONDS)
2022-01-10 11:12:23,551 [EndpointStateMachine task thread for /127.0.0.1:14053 - 0 ] INFO  ipc.Client (Client.java:handleConnectionFailure(977)) - Retrying connect to server: localhost/127.0.0.1:14053. Already tried 6 time(s); retry policy is RetryUpToMaximumCountWithFixedSleep(maxRetries=15, sleepTime=1000 MILLISECONDS)
2022-01-10 11:12:23,596 [Datanode State Machine Daemon Thread] ERROR datanode.RunningDatanodeState (RunningDatanodeState.java:computeNextContainerState(199)) - Error in executing end point task.
java.util.concurrent.ExecutionException: java.util.concurrent.TimeoutException
	at java.util.concurrent.FutureTask.report(FutureTask.java:122)
	at java.util.concurrent.FutureTask.get(FutureTask.java:192)
	at org.apache.hadoop.ozone.container.common.states.datanode.RunningDatanodeState.computeNextContainerState(RunningDatanodeState.java:191)
	at org.apache.hadoop.ozone.container.common.states.datanode.RunningDatanodeState.await(RunningDatanodeState.java:231)
	at org.apache.hadoop.ozone.container.common.states.datanode.RunningDatanodeState.await(RunningDatanodeState.java:50)
	at org.apache.hadoop.ozone.container.common.statemachine.StateContext.execute(StateContext.java:633)
	at org.apache.hadoop.ozone.container.common.statemachine.DatanodeStateMachine.start(DatanodeStateMachine.java:280)
	at org.apache.hadoop.ozone.container.common.statemachine.DatanodeStateMachine.lambda$startDaemon$0(DatanodeStateMachine.java:468)
	at java.lang.Thread.run(Thread.java:748)
Caused by: java.util.concurrent.TimeoutException
	at java.util.concurrent.FutureTask.get(FutureTask.java:205)
	at org.apache.hadoop.ozone.container.common.states.datanode.RunningDatanodeState.lambda$execute$0(RunningDatanodeState.java:149)
	at java.util.concurrent.FutureTask.run(FutureTask.java:266)
	at java.util.concurrent.Executors$RunnableAdapter.call(Executors.java:511)
	at java.util.concurrent.FutureTask.run(FutureTask.java:266)
	at java.util.concurrent.ThreadPoolExecutor.runWorker(ThreadPoolExecutor.java:1149)
	at java.util.concurrent.ThreadPoolExecutor$Worker.run(ThreadPoolExecutor.java:624)
	... 1 more
2022-01-10 11:12:23,987 [Listener at 127.0.0.1/12236] INFO  ozone.MiniOzoneClusterImpl (MiniOzoneClusterImpl.java:lambda$waitForClusterToBeReady$0(235)) - Nodes are ready. Got 3 of 3 DN Heartbeats.
2022-01-10 11:12:23,988 [Listener at 127.0.0.1/12236] INFO  ozone.MiniOzoneClusterImpl (MiniOzoneClusterImpl.java:lambda$waitForClusterToBeReady$0(238)) - Waiting for cluster to exit safe mode
2022-01-10 11:12:23,988 [Listener at 127.0.0.1/12236] INFO  ozone.MiniOzoneClusterImpl (MiniOzoneClusterImpl.java:lambda$waitForClusterToBeReady$0(240)) - SCM became leader
2022-01-10 11:12:24,293 [a128689b-7346-4663-acc6-739d712788d9@group-C3FE84083DEB-FollowerState] INFO  impl.FollowerState (FollowerState.java:run(134)) - a128689b-7346-4663-acc6-739d712788d9@group-C3FE84083DEB-FollowerState: change to CANDIDATE, lastRpcElapsedTime:5117974901ns, electionTimeout:5107ms
2022-01-10 11:12:24,293 [a128689b-7346-4663-acc6-739d712788d9@group-C3FE84083DEB-FollowerState] INFO  impl.RoleInfo (RoleInfo.java:shutdownFollowerState(108)) - a128689b-7346-4663-acc6-739d712788d9: shutdown a128689b-7346-4663-acc6-739d712788d9@group-C3FE84083DEB-FollowerState
2022-01-10 11:12:24,293 [a128689b-7346-4663-acc6-739d712788d9@group-C3FE84083DEB-FollowerState] INFO  server.RaftServer$Division (RaftServerImpl.java:setRole(290)) - a128689b-7346-4663-acc6-739d712788d9@group-C3FE84083DEB: changes role from  FOLLOWER to CANDIDATE at term 0 for changeToCandidate
2022-01-10 11:12:24,295 [a128689b-7346-4663-acc6-739d712788d9@group-C3FE84083DEB-FollowerState] INFO  server.RaftServerConfigKeys (ConfUtils.java:logGet(44)) - raft.server.leaderelection.pre-vote = false (custom)
2022-01-10 11:12:24,295 [a128689b-7346-4663-acc6-739d712788d9@group-C3FE84083DEB-FollowerState] INFO  impl.RoleInfo (RoleInfo.java:updateAndGet(130)) - a128689b-7346-4663-acc6-739d712788d9: start a128689b-7346-4663-acc6-739d712788d9@group-C3FE84083DEB-LeaderElection18
2022-01-10 11:12:24,307 [a128689b-7346-4663-acc6-739d712788d9@group-C3FE84083DEB-LeaderElection18] INFO  impl.LeaderElection (LeaderElection.java:askForVotes(306)) - a128689b-7346-4663-acc6-739d712788d9@group-C3FE84083DEB-LeaderElection18 ELECTION round 0: submit vote requests at term 1 for -1: [a128689b-7346-4663-acc6-739d712788d9|rpc:127.0.0.1:44189|priority:1], old=null
2022-01-10 11:12:24,307 [a128689b-7346-4663-acc6-739d712788d9@group-C3FE84083DEB-LeaderElection18] INFO  impl.LeaderElection (LeaderElection.java:askForVotes(308)) - a128689b-7346-4663-acc6-739d712788d9@group-C3FE84083DEB-LeaderElection18 ELECTION round 0: result PASSED (term=1)
2022-01-10 11:12:24,307 [a128689b-7346-4663-acc6-739d712788d9@group-C3FE84083DEB-LeaderElection18] INFO  impl.RoleInfo (RoleInfo.java:shutdownLeaderElection(121)) - a128689b-7346-4663-acc6-739d712788d9: shutdown a128689b-7346-4663-acc6-739d712788d9@group-C3FE84083DEB-LeaderElection18
2022-01-10 11:12:24,308 [a128689b-7346-4663-acc6-739d712788d9@group-C3FE84083DEB-LeaderElection18] INFO  server.RaftServer$Division (RaftServerImpl.java:setRole(290)) - a128689b-7346-4663-acc6-739d712788d9@group-C3FE84083DEB: changes role from CANDIDATE to LEADER at term 1 for changeToLeader
2022-01-10 11:12:24,308 [a128689b-7346-4663-acc6-739d712788d9@group-C3FE84083DEB-LeaderElection18] INFO  ratis.XceiverServerRatis (XceiverServerRatis.java:handleLeaderChangedNotification(866)) - Leader change notification received for group: group-C3FE84083DEB with new leaderId: a128689b-7346-4663-acc6-739d712788d9
2022-01-10 11:12:24,308 [a128689b-7346-4663-acc6-739d712788d9@group-C3FE84083DEB-LeaderElection18] INFO  server.RaftServer$Division (ServerState.java:setLeader(285)) - a128689b-7346-4663-acc6-739d712788d9@group-C3FE84083DEB: change Leader from null to a128689b-7346-4663-acc6-739d712788d9 at term 1 for becomeLeader, leader elected after 5173ms
2022-01-10 11:12:24,308 [a128689b-7346-4663-acc6-739d712788d9@group-C3FE84083DEB-LeaderElection18] INFO  server.RaftServerConfigKeys (ConfUtils.java:logGet(44)) - raft.server.staging.catchup.gap = 1000 (default)
2022-01-10 11:12:24,308 [a128689b-7346-4663-acc6-739d712788d9@group-C3FE84083DEB-LeaderElection18] INFO  server.RaftServerConfigKeys (ConfUtils.java:logGet(44)) - raft.server.write.element-limit = 1024 (custom)
2022-01-10 11:12:24,308 [a128689b-7346-4663-acc6-739d712788d9@group-C3FE84083DEB-LeaderElection18] INFO  server.RaftServerConfigKeys (ConfUtils.java:logGet(44)) - raft.server.write.byte-limit = 1024 M (=1073741824) (custom)
2022-01-10 11:12:24,309 [a128689b-7346-4663-acc6-739d712788d9@group-C3FE84083DEB-LeaderElection18] INFO  server.RaftServerConfigKeys (ConfUtils.java:logGet(44)) - raft.server.watch.timeout = 180s (custom)
2022-01-10 11:12:24,309 [a128689b-7346-4663-acc6-739d712788d9@group-C3FE84083DEB-LeaderElection18] INFO  server.RaftServerConfigKeys (ConfUtils.java:logGet(44)) - raft.server.watch.timeout.denomination = 1s (default)
2022-01-10 11:12:24,309 [a128689b-7346-4663-acc6-739d712788d9@group-C3FE84083DEB-LeaderElection18] INFO  server.RaftServerConfigKeys (ConfUtils.java:logGet(44)) - raft.server.watch.element-limit = 65536 (default)
2022-01-10 11:12:24,309 [a128689b-7346-4663-acc6-739d712788d9@group-C3FE84083DEB-LeaderElection18] INFO  server.RaftServerConfigKeys (ConfUtils.java:logGet(44)) - raft.server.write.element-limit = 1024 (custom)
2022-01-10 11:12:24,309 [a128689b-7346-4663-acc6-739d712788d9@group-C3FE84083DEB-LeaderElection18] INFO  server.RaftServerConfigKeys (ConfUtils.java:logGet(44)) - raft.server.write.follower.gap.ratio.max = -1.0 (default)
2022-01-10 11:12:24,309 [a128689b-7346-4663-acc6-739d712788d9@group-C3FE84083DEB-LeaderElection18] INFO  impl.RoleInfo (RoleInfo.java:updateAndGet(130)) - a128689b-7346-4663-acc6-739d712788d9: start a128689b-7346-4663-acc6-739d712788d9@group-C3FE84083DEB-LeaderStateImpl
2022-01-10 11:12:24,309 [a128689b-7346-4663-acc6-739d712788d9@group-C3FE84083DEB-LeaderElection18] INFO  segmented.SegmentedRaftLogWorker (SegmentedRaftLogWorker.java:startLogSegment(394)) - a128689b-7346-4663-acc6-739d712788d9@group-C3FE84083DEB-SegmentedRaftLogWorker: Starting segment from index:0
2022-01-10 11:12:24,312 [a128689b-7346-4663-acc6-739d712788d9@group-C3FE84083DEB-SegmentedRaftLogWorker] INFO  segmented.SegmentedRaftLogWorker (SegmentedRaftLogWorker.java:execute(601)) - a128689b-7346-4663-acc6-739d712788d9@group-C3FE84083DEB-SegmentedRaftLogWorker: created new log segment /home/runner/work/ozone/ozone/hadoop-ozone/integration-test/target/test-dir/MiniOzoneClusterImpl-7d1a95dd-ad38-4e88-9004-e3265cc39d2b/datanode-0/data/ratis/f2e052c2-028f-4468-8183-c3fe84083deb/current/log_inprogress_0
2022-01-10 11:12:24,313 [EventQueue-OpenPipelineForHealthyPipelineSafeModeRule] INFO  safemode.SCMSafeModeManager (HealthyPipelineSafeModeRule.java:process(124)) - SCM in safe mode. Healthy pipelines reported count is 0, required healthy pipeline reported count is 1
2022-01-10 11:12:24,313 [EventQueue-OpenPipelineForHealthyPipelineSafeModeRule] INFO  safemode.SCMSafeModeManager (HealthyPipelineSafeModeRule.java:process(124)) - SCM in safe mode. Healthy pipelines reported count is 0, required healthy pipeline reported count is 1
2022-01-10 11:12:24,324 [a128689b-7346-4663-acc6-739d712788d9@group-C3FE84083DEB-LeaderElection18] INFO  server.RaftServer$Division (ServerState.java:setRaftConf(387)) - a128689b-7346-4663-acc6-739d712788d9@group-C3FE84083DEB: set configuration 0: [a128689b-7346-4663-acc6-739d712788d9|rpc:127.0.0.1:44189|dataStream:|priority:1], old=null
2022-01-10 11:12:24,342 [a128689b-7346-4663-acc6-739d712788d9@group-DACAAE954CB7-FollowerState] INFO  impl.FollowerState (FollowerState.java:run(134)) - a128689b-7346-4663-acc6-739d712788d9@group-DACAAE954CB7-FollowerState: change to CANDIDATE, lastRpcElapsedTime:5103123052ns, electionTimeout:5102ms
2022-01-10 11:12:24,342 [a128689b-7346-4663-acc6-739d712788d9@group-DACAAE954CB7-FollowerState] INFO  impl.RoleInfo (RoleInfo.java:shutdownFollowerState(108)) - a128689b-7346-4663-acc6-739d712788d9: shutdown a128689b-7346-4663-acc6-739d712788d9@group-DACAAE954CB7-FollowerState
2022-01-10 11:12:24,342 [a128689b-7346-4663-acc6-739d712788d9@group-DACAAE954CB7-FollowerState] INFO  server.RaftServer$Division (RaftServerImpl.java:setRole(290)) - a128689b-7346-4663-acc6-739d712788d9@group-DACAAE954CB7: changes role from  FOLLOWER to CANDIDATE at term 0 for changeToCandidate
2022-01-10 11:12:24,342 [a128689b-7346-4663-acc6-739d712788d9@group-DACAAE954CB7-FollowerState] INFO  server.RaftServerConfigKeys (ConfUtils.java:logGet(44)) - raft.server.leaderelection.pre-vote = false (custom)
2022-01-10 11:12:24,342 [a128689b-7346-4663-acc6-739d712788d9@group-DACAAE954CB7-FollowerState] INFO  impl.RoleInfo (RoleInfo.java:updateAndGet(130)) - a128689b-7346-4663-acc6-739d712788d9: start a128689b-7346-4663-acc6-739d712788d9@group-DACAAE954CB7-LeaderElection19
2022-01-10 11:12:24,358 [a128689b-7346-4663-acc6-739d712788d9@group-DACAAE954CB7-LeaderElection19] INFO  impl.LeaderElection (LeaderElection.java:askForVotes(306)) - a128689b-7346-4663-acc6-739d712788d9@group-DACAAE954CB7-LeaderElection19 ELECTION round 0: submit vote requests at term 1 for -1: [af60d39b-22ca-4a7c-b55e-02ce95ae6b6a|rpc:127.0.0.1:36573|priority:0, f1456eab-cb96-47f4-be6a-df81f044b3ea|rpc:127.0.0.1:40757|priority:0, a128689b-7346-4663-acc6-739d712788d9|rpc:127.0.0.1:44189|priority:1], old=null
2022-01-10 11:12:24,396 [grpc-default-executor-1] INFO  server.RaftServer$Division (RaftServerImpl.java:requestVote(1046)) - f1456eab-cb96-47f4-be6a-df81f044b3ea@group-DACAAE954CB7: receive requestVote(ELECTION, a128689b-7346-4663-acc6-739d712788d9, group-DACAAE954CB7, 1, (t:0, i:0))
2022-01-10 11:12:24,396 [grpc-default-executor-1] INFO  impl.VoteContext (VoteContext.java:log(48)) - f1456eab-cb96-47f4-be6a-df81f044b3ea@group-DACAAE954CB7-FOLLOWER: accept ELECTION from a128689b-7346-4663-acc6-739d712788d9: our priority 0 <= candidate's priority 1
2022-01-10 11:12:24,396 [grpc-default-executor-1] INFO  server.RaftServer$Division (RaftServerImpl.java:setRole(290)) - f1456eab-cb96-47f4-be6a-df81f044b3ea@group-DACAAE954CB7: changes role from  FOLLOWER to FOLLOWER at term 1 for candidate:a128689b-7346-4663-acc6-739d712788d9
2022-01-10 11:12:24,396 [grpc-default-executor-1] INFO  impl.RoleInfo (RoleInfo.java:shutdownFollowerState(108)) - f1456eab-cb96-47f4-be6a-df81f044b3ea: shutdown f1456eab-cb96-47f4-be6a-df81f044b3ea@group-DACAAE954CB7-FollowerState
2022-01-10 11:12:24,396 [f1456eab-cb96-47f4-be6a-df81f044b3ea@group-DACAAE954CB7-FollowerState] INFO  impl.FollowerState (FollowerState.java:run(143)) - f1456eab-cb96-47f4-be6a-df81f044b3ea@group-DACAAE954CB7-FollowerState was interrupted: {}
java.lang.InterruptedException: sleep interrupted
	at java.lang.Thread.sleep(Native Method)
	at java.lang.Thread.sleep(Thread.java:340)
	at java.util.concurrent.TimeUnit.sleep(TimeUnit.java:386)
	at org.apache.ratis.util.TimeDuration.sleep(TimeDuration.java:324)
	at org.apache.ratis.util.TimeDuration.sleep(TimeDuration.java:309)
	at org.apache.ratis.server.impl.FollowerState.run(FollowerState.java:118)
2022-01-10 11:12:24,396 [grpc-default-executor-1] INFO  impl.RoleInfo (RoleInfo.java:updateAndGet(130)) - f1456eab-cb96-47f4-be6a-df81f044b3ea: start f1456eab-cb96-47f4-be6a-df81f044b3ea@group-DACAAE954CB7-FollowerState
2022-01-10 11:12:24,407 [grpc-default-executor-1] INFO  server.RaftServer$Division (RaftServerImpl.java:requestVote(1078)) - f1456eab-cb96-47f4-be6a-df81f044b3ea@group-DACAAE954CB7 replies to ELECTION vote request: a128689b-7346-4663-acc6-739d712788d9<-f1456eab-cb96-47f4-be6a-df81f044b3ea#0:OK-t1. Peer's state: f1456eab-cb96-47f4-be6a-df81f044b3ea@group-DACAAE954CB7:t1, leader=null, voted=a128689b-7346-4663-acc6-739d712788d9, raftlog=f1456eab-cb96-47f4-be6a-df81f044b3ea@group-DACAAE954CB7-SegmentedRaftLog:OPENED:c-1, conf=-1: [af60d39b-22ca-4a7c-b55e-02ce95ae6b6a|rpc:127.0.0.1:36573|dataStream:|priority:0, f1456eab-cb96-47f4-be6a-df81f044b3ea|rpc:127.0.0.1:40757|dataStream:|priority:0, a128689b-7346-4663-acc6-739d712788d9|rpc:127.0.0.1:44189|dataStream:|priority:1], old=null
2022-01-10 11:12:24,408 [grpc-default-executor-0] INFO  server.RaftServer$Division (RaftServerImpl.java:requestVote(1046)) - af60d39b-22ca-4a7c-b55e-02ce95ae6b6a@group-DACAAE954CB7: receive requestVote(ELECTION, a128689b-7346-4663-acc6-739d712788d9, group-DACAAE954CB7, 1, (t:0, i:0))
2022-01-10 11:12:24,409 [grpc-default-executor-0] INFO  impl.VoteContext (VoteContext.java:log(48)) - af60d39b-22ca-4a7c-b55e-02ce95ae6b6a@group-DACAAE954CB7-FOLLOWER: accept ELECTION from a128689b-7346-4663-acc6-739d712788d9: our priority 0 <= candidate's priority 1
2022-01-10 11:12:24,409 [grpc-default-executor-0] INFO  server.RaftServer$Division (RaftServerImpl.java:setRole(290)) - af60d39b-22ca-4a7c-b55e-02ce95ae6b6a@group-DACAAE954CB7: changes role from  FOLLOWER to FOLLOWER at term 1 for candidate:a128689b-7346-4663-acc6-739d712788d9
2022-01-10 11:12:24,409 [grpc-default-executor-0] INFO  impl.RoleInfo (RoleInfo.java:shutdownFollowerState(108)) - af60d39b-22ca-4a7c-b55e-02ce95ae6b6a: shutdown af60d39b-22ca-4a7c-b55e-02ce95ae6b6a@group-DACAAE954CB7-FollowerState
2022-01-10 11:12:24,409 [grpc-default-executor-0] INFO  impl.RoleInfo (RoleInfo.java:updateAndGet(130)) - af60d39b-22ca-4a7c-b55e-02ce95ae6b6a: start af60d39b-22ca-4a7c-b55e-02ce95ae6b6a@group-DACAAE954CB7-FollowerState
2022-01-10 11:12:24,409 [af60d39b-22ca-4a7c-b55e-02ce95ae6b6a@group-DACAAE954CB7-FollowerState] INFO  impl.FollowerState (FollowerState.java:run(143)) - af60d39b-22ca-4a7c-b55e-02ce95ae6b6a@group-DACAAE954CB7-FollowerState was interrupted: {}
java.lang.InterruptedException: sleep interrupted
	at java.lang.Thread.sleep(Native Method)
	at java.lang.Thread.sleep(Thread.java:340)
	at java.util.concurrent.TimeUnit.sleep(TimeUnit.java:386)
	at org.apache.ratis.util.TimeDuration.sleep(TimeDuration.java:324)
	at org.apache.ratis.util.TimeDuration.sleep(TimeDuration.java:309)
	at org.apache.ratis.server.impl.FollowerState.run(FollowerState.java:118)
2022-01-10 11:12:24,411 [grpc-default-executor-0] INFO  server.RaftServer$Division (RaftServerImpl.java:requestVote(1078)) - af60d39b-22ca-4a7c-b55e-02ce95ae6b6a@group-DACAAE954CB7 replies to ELECTION vote request: a128689b-7346-4663-acc6-739d712788d9<-af60d39b-22ca-4a7c-b55e-02ce95ae6b6a#0:OK-t1. Peer's state: af60d39b-22ca-4a7c-b55e-02ce95ae6b6a@group-DACAAE954CB7:t1, leader=null, voted=a128689b-7346-4663-acc6-739d712788d9, raftlog=af60d39b-22ca-4a7c-b55e-02ce95ae6b6a@group-DACAAE954CB7-SegmentedRaftLog:OPENED:c-1, conf=-1: [af60d39b-22ca-4a7c-b55e-02ce95ae6b6a|rpc:127.0.0.1:36573|dataStream:|priority:0, f1456eab-cb96-47f4-be6a-df81f044b3ea|rpc:127.0.0.1:40757|dataStream:|priority:0, a128689b-7346-4663-acc6-739d712788d9|rpc:127.0.0.1:44189|dataStream:|priority:1], old=null
2022-01-10 11:12:24,423 [EndpointStateMachine task thread for /127.0.0.1:14063 - 0 ] INFO  ipc.Client (Client.java:handleConnectionFailure(977)) - Retrying connect to server: localhost/127.0.0.1:14063. Already tried 4 time(s); retry policy is RetryUpToMaximumCountWithFixedSleep(maxRetries=15, sleepTime=1000 MILLISECONDS)
2022-01-10 11:12:24,427 [EndpointStateMachine task thread for /127.0.0.1:14073 - 0 ] INFO  ipc.Client (Client.java:handleConnectionFailure(977)) - Retrying connect to server: localhost/127.0.0.1:14073. Already tried 7 time(s); retry policy is RetryUpToMaximumCountWithFixedSleep(maxRetries=15, sleepTime=1000 MILLISECONDS)
2022-01-10 11:12:24,431 [a128689b-7346-4663-acc6-739d712788d9@group-DACAAE954CB7-LeaderElection19] INFO  impl.LeaderElection (LeaderElection.java:logAndReturn(89)) - a128689b-7346-4663-acc6-739d712788d9@group-DACAAE954CB7-LeaderElection19: ELECTION PASSED received 1 response(s) and 0 exception(s):
2022-01-10 11:12:24,431 [a128689b-7346-4663-acc6-739d712788d9@group-DACAAE954CB7-LeaderElection19] INFO  impl.LeaderElection (LeaderElection.java:logAndReturn(93)) -   Response 0: a128689b-7346-4663-acc6-739d712788d9<-f1456eab-cb96-47f4-be6a-df81f044b3ea#0:OK-t1
2022-01-10 11:12:24,431 [a128689b-7346-4663-acc6-739d712788d9@group-DACAAE954CB7-LeaderElection19] INFO  impl.LeaderElection (LeaderElection.java:askForVotes(308)) - a128689b-7346-4663-acc6-739d712788d9@group-DACAAE954CB7-LeaderElection19 ELECTION round 0: result PASSED
2022-01-10 11:12:24,431 [a128689b-7346-4663-acc6-739d712788d9@group-DACAAE954CB7-LeaderElection19] INFO  impl.RoleInfo (RoleInfo.java:shutdownLeaderElection(121)) - a128689b-7346-4663-acc6-739d712788d9: shutdown a128689b-7346-4663-acc6-739d712788d9@group-DACAAE954CB7-LeaderElection19
2022-01-10 11:12:24,432 [a128689b-7346-4663-acc6-739d712788d9@group-DACAAE954CB7-LeaderElection19] INFO  server.RaftServer$Division (RaftServerImpl.java:setRole(290)) - a128689b-7346-4663-acc6-739d712788d9@group-DACAAE954CB7: changes role from CANDIDATE to LEADER at term 1 for changeToLeader
2022-01-10 11:12:24,432 [a128689b-7346-4663-acc6-739d712788d9@group-DACAAE954CB7-LeaderElection19] INFO  ratis.XceiverServerRatis (XceiverServerRatis.java:handleLeaderChangedNotification(866)) - Leader change notification received for group: group-DACAAE954CB7 with new leaderId: a128689b-7346-4663-acc6-739d712788d9
2022-01-10 11:12:24,432 [a128689b-7346-4663-acc6-739d712788d9@group-DACAAE954CB7-LeaderElection19] INFO  server.RaftServer$Division (ServerState.java:setLeader(285)) - a128689b-7346-4663-acc6-739d712788d9@group-DACAAE954CB7: change Leader from null to a128689b-7346-4663-acc6-739d712788d9 at term 1 for becomeLeader, leader elected after 5207ms
2022-01-10 11:12:24,432 [a128689b-7346-4663-acc6-739d712788d9@group-DACAAE954CB7-LeaderElection19] INFO  server.RaftServerConfigKeys (ConfUtils.java:logGet(44)) - raft.server.staging.catchup.gap = 1000 (default)
2022-01-10 11:12:24,432 [a128689b-7346-4663-acc6-739d712788d9@group-DACAAE954CB7-LeaderElection19] INFO  server.RaftServerConfigKeys (ConfUtils.java:logGet(44)) - raft.server.write.element-limit = 1024 (custom)
2022-01-10 11:12:24,432 [a128689b-7346-4663-acc6-739d712788d9@group-DACAAE954CB7-LeaderElection19] INFO  server.RaftServerConfigKeys (ConfUtils.java:logGet(44)) - raft.server.write.byte-limit = 1024 M (=1073741824) (custom)
2022-01-10 11:12:24,433 [a128689b-7346-4663-acc6-739d712788d9@group-DACAAE954CB7-LeaderElection19] INFO  server.RaftServerConfigKeys (ConfUtils.java:logGet(44)) - raft.server.watch.timeout = 180s (custom)
2022-01-10 11:12:24,433 [a128689b-7346-4663-acc6-739d712788d9@group-DACAAE954CB7-LeaderElection19] INFO  server.RaftServerConfigKeys (ConfUtils.java:logGet(44)) - raft.server.watch.timeout.denomination = 1s (default)
2022-01-10 11:12:24,433 [a128689b-7346-4663-acc6-739d712788d9@group-DACAAE954CB7-LeaderElection19] INFO  server.RaftServerConfigKeys (ConfUtils.java:logGet(44)) - raft.server.watch.element-limit = 65536 (default)
2022-01-10 11:12:24,433 [a128689b-7346-4663-acc6-739d712788d9@group-DACAAE954CB7-LeaderElection19] INFO  server.RaftServerConfigKeys (ConfUtils.java:logGet(44)) - raft.server.write.element-limit = 1024 (custom)
2022-01-10 11:12:24,433 [a128689b-7346-4663-acc6-739d712788d9@group-DACAAE954CB7-LeaderElection19] INFO  server.RaftServerConfigKeys (ConfUtils.java:logGet(44)) - raft.server.write.follower.gap.ratio.max = -1.0 (default)
2022-01-10 11:12:24,433 [a128689b-7346-4663-acc6-739d712788d9@group-DACAAE954CB7-LeaderElection19] INFO  server.RaftServerConfigKeys (ConfUtils.java:logGet(44)) - raft.server.log.appender.snapshot.chunk.size.max = 16MB (=16777216) (default)
2022-01-10 11:12:24,433 [a128689b-7346-4663-acc6-739d712788d9@group-DACAAE954CB7-LeaderElection19] INFO  server.RaftServerConfigKeys (ConfUtils.java:logGet(44)) - raft.server.log.appender.buffer.byte-limit = 33554432 (custom)
2022-01-10 11:12:24,433 [a128689b-7346-4663-acc6-739d712788d9@group-DACAAE954CB7-LeaderElection19] INFO  server.RaftServerConfigKeys (ConfUtils.java:logGet(44)) - raft.server.log.appender.buffer.element-limit = 1 (custom)
2022-01-10 11:12:24,433 [a128689b-7346-4663-acc6-739d712788d9@group-DACAAE954CB7-LeaderElection19] INFO  grpc.GrpcConfigKeys (ConfUtils.java:logGet(44)) - raft.grpc.server.leader.outstanding.appends.max = 128 (default)
2022-01-10 11:12:24,433 [a128689b-7346-4663-acc6-739d712788d9@group-DACAAE954CB7-LeaderElection19] INFO  server.RaftServerConfigKeys (ConfUtils.java:logGet(44)) - raft.server.rpc.request.timeout = 60s (custom)
2022-01-10 11:12:24,436 [EventQueue-PipelineReportForPipelineReportHandler] INFO  pipeline.PipelineManagerImpl (PipelineManagerImpl.java:openPipeline(291)) - Pipeline Pipeline[ Id: ad51f04a-b15c-4d48-ae53-dacaae954cb7, Nodes: af60d39b-22ca-4a7c-b55e-02ce95ae6b6a{ip: 127.0.0.1, host: localhost, ports: [REPLICATION=42317, RATIS=36573, RATIS_ADMIN=36573, RATIS_SERVER=36573, STANDALONE=35887], networkLocation: /default-rack, certSerialId: null, persistedOpState: IN_SERVICE, persistedOpStateExpiryEpochSec: 0}f1456eab-cb96-47f4-be6a-df81f044b3ea{ip: 127.0.0.1, host: localhost, ports: [REPLICATION=35799, RATIS=40757, RATIS_ADMIN=40757, RATIS_SERVER=40757, STANDALONE=46701], networkLocation: /default-rack, certSerialId: null, persistedOpState: IN_SERVICE, persistedOpStateExpiryEpochSec: 0}a128689b-7346-4663-acc6-739d712788d9{ip: 127.0.0.1, host: localhost, ports: [REPLICATION=46159, RATIS=44189, RATIS_ADMIN=44189, RATIS_SERVER=44189, STANDALONE=43799], networkLocation: /default-rack, certSerialId: null, persistedOpState: IN_SERVICE, persistedOpStateExpiryEpochSec: 0}, ReplicationConfig: RATIS/THREE, State:ALLOCATED, leaderId:a128689b-7346-4663-acc6-739d712788d9, CreationTimestamp2022-01-10T11:12:17.048Z[Etc/UTC]] moved to OPEN state
2022-01-10 11:12:24,439 [EventQueue-PipelineReportForPipelineReportHandler] INFO  ha.SCMHAInvocationHandler (SCMHAInvocationHandler.java:invokeRatis(113)) - Invoking method public abstract void org.apache.hadoop.hdds.scm.pipeline.PipelineStateManager.updatePipelineState(org.apache.hadoop.hdds.protocol.proto.HddsProtos$PipelineID,org.apache.hadoop.hdds.protocol.proto.HddsProtos$PipelineState) throws java.io.IOException on target org.apache.hadoop.hdds.scm.ha.SCMRatisServerImpl@63d0d2e9, cost 256.023us
2022-01-10 11:12:24,439 [EventQueue-OpenPipelineForHealthyPipelineSafeModeRule] INFO  safemode.SCMSafeModeManager (HealthyPipelineSafeModeRule.java:process(124)) - SCM in safe mode. Healthy pipelines reported count is 0, required healthy pipeline reported count is 1
2022-01-10 11:12:24,434 [EventQueue-PipelineReportForPipelineReportHandler] INFO  pipeline.PipelineManagerImpl (PipelineManagerImpl.java:openPipeline(291)) - Pipeline Pipeline[ Id: ad51f04a-b15c-4d48-ae53-dacaae954cb7, Nodes: af60d39b-22ca-4a7c-b55e-02ce95ae6b6a{ip: 127.0.0.1, host: localhost, ports: [REPLICATION=42317, RATIS=36573, RATIS_ADMIN=36573, RATIS_SERVER=36573, STANDALONE=35887], networkLocation: /default-rack, certSerialId: null, persistedOpState: IN_SERVICE, persistedOpStateExpiryEpochSec: 0}f1456eab-cb96-47f4-be6a-df81f044b3ea{ip: 127.0.0.1, host: localhost, ports: [REPLICATION=35799, RATIS=40757, RATIS_ADMIN=40757, RATIS_SERVER=40757, STANDALONE=46701], networkLocation: /default-rack, certSerialId: null, persistedOpState: IN_SERVICE, persistedOpStateExpiryEpochSec: 0}a128689b-7346-4663-acc6-739d712788d9{ip: 127.0.0.1, host: localhost, ports: [REPLICATION=46159, RATIS=44189, RATIS_ADMIN=44189, RATIS_SERVER=44189, STANDALONE=43799], networkLocation: /default-rack, certSerialId: null, persistedOpState: IN_SERVICE, persistedOpStateExpiryEpochSec: 0}, ReplicationConfig: RATIS/THREE, State:ALLOCATED, leaderId:a128689b-7346-4663-acc6-739d712788d9, CreationTimestamp2022-01-10T11:12:17.048Z[Etc/UTC]] moved to OPEN state
2022-01-10 11:12:24,441 [a128689b-7346-4663-acc6-739d712788d9@group-DACAAE954CB7-LeaderElection19] INFO  server.RaftServerConfigKeys (ConfUtils.java:logGet(44)) - raft.server.log.appender.install.snapshot.enabled = false (custom)
2022-01-10 11:12:24,443 [a128689b-7346-4663-acc6-739d712788d9@group-DACAAE954CB7-LeaderElection19] INFO  server.RaftServerConfigKeys (ConfUtils.java:logGet(44)) - raft.server.log.appender.snapshot.chunk.size.max = 16MB (=16777216) (default)
2022-01-10 11:12:24,445 [a128689b-7346-4663-acc6-739d712788d9@group-DACAAE954CB7-LeaderElection19] INFO  server.RaftServerConfigKeys (ConfUtils.java:logGet(44)) - raft.server.log.appender.buffer.byte-limit = 33554432 (custom)
2022-01-10 11:12:24,445 [a128689b-7346-4663-acc6-739d712788d9@group-DACAAE954CB7-LeaderElection19] INFO  server.RaftServerConfigKeys (ConfUtils.java:logGet(44)) - raft.server.log.appender.buffer.element-limit = 1 (custom)
2022-01-10 11:12:24,456 [a128689b-7346-4663-acc6-739d712788d9@group-DACAAE954CB7-LeaderElection19] INFO  grpc.GrpcConfigKeys (ConfUtils.java:logGet(44)) - raft.grpc.server.leader.outstanding.appends.max = 128 (default)
2022-01-10 11:12:24,456 [a128689b-7346-4663-acc6-739d712788d9@group-DACAAE954CB7-LeaderElection19] INFO  server.RaftServerConfigKeys (ConfUtils.java:logGet(44)) - raft.server.rpc.request.timeout = 60s (custom)
2022-01-10 11:12:24,456 [a128689b-7346-4663-acc6-739d712788d9@group-DACAAE954CB7-LeaderElection19] INFO  server.RaftServerConfigKeys (ConfUtils.java:logGet(44)) - raft.server.log.appender.install.snapshot.enabled = false (custom)
2022-01-10 11:12:24,457 [a128689b-7346-4663-acc6-739d712788d9@group-DACAAE954CB7-LeaderElection19] INFO  impl.RoleInfo (RoleInfo.java:updateAndGet(130)) - a128689b-7346-4663-acc6-739d712788d9: start a128689b-7346-4663-acc6-739d712788d9@group-DACAAE954CB7-LeaderStateImpl
2022-01-10 11:12:24,457 [a128689b-7346-4663-acc6-739d712788d9@group-DACAAE954CB7-LeaderElection19] INFO  segmented.SegmentedRaftLogWorker (SegmentedRaftLogWorker.java:startLogSegment(394)) - a128689b-7346-4663-acc6-739d712788d9@group-DACAAE954CB7-SegmentedRaftLogWorker: Starting segment from index:0
2022-01-10 11:12:24,460 [6a981e52-99aa-4707-bfae-4a3cfe894454@group-E3265CC39D2B-StateMachineUpdater] INFO  safemode.HealthyPipelineSafeModeRule (HealthyPipelineSafeModeRule.java:initializeRule(152)) - Refreshed total pipeline count is 1, healthy pipeline threshold count is 1
2022-01-10 11:12:24,461 [EventQueue-PipelineReportForPipelineReportHandler] INFO  ha.SCMHAInvocationHandler (SCMHAInvocationHandler.java:invokeRatis(113)) - Invoking method public abstract void org.apache.hadoop.hdds.scm.pipeline.PipelineStateManager.updatePipelineState(org.apache.hadoop.hdds.protocol.proto.HddsProtos$PipelineID,org.apache.hadoop.hdds.protocol.proto.HddsProtos$PipelineState) throws java.io.IOException on target org.apache.hadoop.hdds.scm.ha.SCMRatisServerImpl@7c42180, cost 20891.073us
2022-01-10 11:12:24,461 [EventQueue-OpenPipelineForHealthyPipelineSafeModeRule] INFO  safemode.SCMSafeModeManager (HealthyPipelineSafeModeRule.java:process(124)) - SCM in safe mode. Healthy pipelines reported count is 1, required healthy pipeline reported count is 1
2022-01-10 11:12:24,461 [EventQueue-OpenPipelineForHealthyPipelineSafeModeRule] INFO  safemode.SCMSafeModeManager (SCMSafeModeManager.java:validateSafeModeExitRules(204)) - HealthyPipelineSafeModeRule rule is successfully validated
2022-01-10 11:12:24,461 [EventQueue-OpenPipelineForHealthyPipelineSafeModeRule] INFO  safemode.SCMSafeModeManager (SCMSafeModeManager.java:validateSafeModeExitRules(219)) - ScmSafeModeManager, all rules are successfully validated
2022-01-10 11:12:24,461 [EventQueue-OpenPipelineForHealthyPipelineSafeModeRule] INFO  safemode.SCMSafeModeManager (SCMSafeModeManager.java:exitSafeMode(248)) - SCM exiting safe mode.
2022-01-10 11:12:24,461 [EventQueue-OpenPipelineForHealthyPipelineSafeModeRule] WARN  events.EventQueue (EventQueue.java:fireEvent(194)) - No event handler registered for event TypedEvent{payloadType=SafeModeStatus, name='Safe mode status'}
2022-01-10 11:12:24,461 [EventQueue-OpenPipelineForHealthyPipelineSafeModeRule] INFO  ha.SCMContext (SCMContext.java:updateSafeModeStatus(211)) - Update SafeModeStatus from SafeModeStatus{safeModeStatus=true, preCheckPassed=true} to SafeModeStatus{safeModeStatus=false, preCheckPassed=true}.
2022-01-10 11:12:24,461 [EventQueue-OpenPipelineForHealthyPipelineSafeModeRule] INFO  container.ReplicationManager (ReplicationManager.java:notifyStatusChanged(1758)) - Service ReplicationManager transitions to RUNNING.
2022-01-10 11:12:24,462 [a128689b-7346-4663-acc6-739d712788d9@group-DACAAE954CB7-SegmentedRaftLogWorker] INFO  segmented.SegmentedRaftLogWorker (SegmentedRaftLogWorker.java:execute(601)) - a128689b-7346-4663-acc6-739d712788d9@group-DACAAE954CB7-SegmentedRaftLogWorker: created new log segment /home/runner/work/ozone/ozone/hadoop-ozone/integration-test/target/test-dir/MiniOzoneClusterImpl-7d1a95dd-ad38-4e88-9004-e3265cc39d2b/datanode-0/data/ratis/ad51f04a-b15c-4d48-ae53-dacaae954cb7/current/log_inprogress_0
2022-01-10 11:12:24,497 [grpc-default-executor-1] INFO  ratis.XceiverServerRatis (XceiverServerRatis.java:handleLeaderChangedNotification(866)) - Leader change notification received for group: group-DACAAE954CB7 with new leaderId: a128689b-7346-4663-acc6-739d712788d9
2022-01-10 11:12:24,497 [grpc-default-executor-1] INFO  server.RaftServer$Division (ServerState.java:setLeader(285)) - f1456eab-cb96-47f4-be6a-df81f044b3ea@group-DACAAE954CB7: change Leader from null to a128689b-7346-4663-acc6-739d712788d9 at term 1 for appendEntries, leader elected after 5026ms
2022-01-10 11:12:24,509 [4d48cbeb-2102-4f2b-b398-c18ce09455c6@group-E3265CC39D2B-StateMachineUpdater] INFO  safemode.HealthyPipelineSafeModeRule (HealthyPipelineSafeModeRule.java:initializeRule(152)) - Refreshed total pipeline count is 1, healthy pipeline threshold count is 1
2022-01-10 11:12:24,509 [4d48cbeb-2102-4f2b-b398-c18ce09455c6@group-E3265CC39D2B-StateMachineUpdater] INFO  ha.SCMStateMachine (SCMStateMachine.java:takeSnapshot(297)) - Current Snapshot Index 23, takeSnapshot took 0 ms
2022-01-10 11:12:24,509 [4d48cbeb-2102-4f2b-b398-c18ce09455c6@group-E3265CC39D2B-StateMachineUpdater] INFO  impl.StateMachineUpdater (StateMachineUpdater.java:takeSnapshot(281)) - 4d48cbeb-2102-4f2b-b398-c18ce09455c6@group-E3265CC39D2B-StateMachineUpdater: Took a snapshot at index 23
2022-01-10 11:12:24,509 [4d48cbeb-2102-4f2b-b398-c18ce09455c6@group-E3265CC39D2B-StateMachineUpdater] INFO  impl.StateMachineUpdater (StateMachineUpdater.java:lambda$new$0(89)) - 4d48cbeb-2102-4f2b-b398-c18ce09455c6@group-E3265CC39D2B-StateMachineUpdater: snapshotIndex: updateIncreasingly 18 -> 23
2022-01-10 11:12:24,509 [4d48cbeb-2102-4f2b-b398-c18ce09455c6@group-E3265CC39D2B-StateMachineUpdater] INFO  raftlog.RaftLog (RaftLogBase.java:purge(306)) - 4d48cbeb-2102-4f2b-b398-c18ce09455c6@group-E3265CC39D2B-SegmentedRaftLog: purge 23
2022-01-10 11:12:24,509 [4d48cbeb-2102-4f2b-b398-c18ce09455c6@group-E3265CC39D2B-StateMachineUpdater] INFO  raftlog.RaftLog (RaftLogBase.java:lambda$new$0(53)) - 4d48cbeb-2102-4f2b-b398-c18ce09455c6@group-E3265CC39D2B-SegmentedRaftLog: snapshotIndex: updateIncreasingly 18 -> 23
2022-01-10 11:12:24,509 [4d48cbeb-2102-4f2b-b398-c18ce09455c6@group-E3265CC39D2B-StateMachineUpdater] INFO  raftlog.RaftLog (RaftLogBase.java:lambda$new$0(53)) - 4d48cbeb-2102-4f2b-b398-c18ce09455c6@group-E3265CC39D2B-SegmentedRaftLog: purgeIndex: updateToMax old=18, new=23, updated? true
2022-01-10 11:12:24,533 [grpc-default-executor-1] INFO  server.RaftServer$Division (ServerState.java:setRaftConf(387)) - f1456eab-cb96-47f4-be6a-df81f044b3ea@group-DACAAE954CB7: set configuration 0: [af60d39b-22ca-4a7c-b55e-02ce95ae6b6a|rpc:127.0.0.1:36573|dataStream:|priority:0, f1456eab-cb96-47f4-be6a-df81f044b3ea|rpc:127.0.0.1:40757|dataStream:|priority:0, a128689b-7346-4663-acc6-739d712788d9|rpc:127.0.0.1:44189|dataStream:|priority:1], old=null
2022-01-10 11:12:24,533 [grpc-default-executor-1] INFO  segmented.SegmentedRaftLogWorker (SegmentedRaftLogWorker.java:startLogSegment(394)) - f1456eab-cb96-47f4-be6a-df81f044b3ea@group-DACAAE954CB7-SegmentedRaftLogWorker: Starting segment from index:0
2022-01-10 11:12:24,537 [f1456eab-cb96-47f4-be6a-df81f044b3ea@group-DACAAE954CB7-SegmentedRaftLogWorker] INFO  segmented.SegmentedRaftLogWorker (SegmentedRaftLogWorker.java:execute(601)) - f1456eab-cb96-47f4-be6a-df81f044b3ea@group-DACAAE954CB7-SegmentedRaftLogWorker: created new log segment /home/runner/work/ozone/ozone/hadoop-ozone/integration-test/target/test-dir/MiniOzoneClusterImpl-7d1a95dd-ad38-4e88-9004-e3265cc39d2b/datanode-1/data/ratis/ad51f04a-b15c-4d48-ae53-dacaae954cb7/current/log_inprogress_0
2022-01-10 11:12:24,539 [grpc-default-executor-1] INFO  ratis.XceiverServerRatis (XceiverServerRatis.java:handleLeaderChangedNotification(866)) - Leader change notification received for group: group-DACAAE954CB7 with new leaderId: a128689b-7346-4663-acc6-739d712788d9
2022-01-10 11:12:24,539 [grpc-default-executor-1] INFO  server.RaftServer$Division (ServerState.java:setLeader(285)) - af60d39b-22ca-4a7c-b55e-02ce95ae6b6a@group-DACAAE954CB7: change Leader from null to a128689b-7346-4663-acc6-739d712788d9 at term 1 for appendEntries, leader elected after 5243ms
2022-01-10 11:12:24,546 [a128689b-7346-4663-acc6-739d712788d9@group-DACAAE954CB7-LeaderElection19] INFO  server.RaftServer$Division (ServerState.java:setRaftConf(387)) - a128689b-7346-4663-acc6-739d712788d9@group-DACAAE954CB7: set configuration 0: [af60d39b-22ca-4a7c-b55e-02ce95ae6b6a|rpc:127.0.0.1:36573|dataStream:|priority:0, f1456eab-cb96-47f4-be6a-df81f044b3ea|rpc:127.0.0.1:40757|dataStream:|priority:0, a128689b-7346-4663-acc6-739d712788d9|rpc:127.0.0.1:44189|dataStream:|priority:1], old=null
2022-01-10 11:12:24,550 [grpc-default-executor-1] INFO  server.RaftServer$Division (ServerState.java:setRaftConf(387)) - af60d39b-22ca-4a7c-b55e-02ce95ae6b6a@group-DACAAE954CB7: set configuration 0: [af60d39b-22ca-4a7c-b55e-02ce95ae6b6a|rpc:127.0.0.1:36573|dataStream:|priority:0, f1456eab-cb96-47f4-be6a-df81f044b3ea|rpc:127.0.0.1:40757|dataStream:|priority:0, a128689b-7346-4663-acc6-739d712788d9|rpc:127.0.0.1:44189|dataStream:|priority:1], old=null
2022-01-10 11:12:24,550 [grpc-default-executor-1] INFO  segmented.SegmentedRaftLogWorker (SegmentedRaftLogWorker.java:startLogSegment(394)) - af60d39b-22ca-4a7c-b55e-02ce95ae6b6a@group-DACAAE954CB7-SegmentedRaftLogWorker: Starting segment from index:0
2022-01-10 11:12:24,551 [EndpointStateMachine task thread for /127.0.0.1:14053 - 0 ] INFO  ipc.Client (Client.java:handleConnectionFailure(977)) - Retrying connect to server: localhost/127.0.0.1:14053. Already tried 7 time(s); retry policy is RetryUpToMaximumCountWithFixedSleep(maxRetries=15, sleepTime=1000 MILLISECONDS)
2022-01-10 11:12:24,573 [af60d39b-22ca-4a7c-b55e-02ce95ae6b6a@group-DACAAE954CB7-SegmentedRaftLogWorker] INFO  segmented.SegmentedRaftLogWorker (SegmentedRaftLogWorker.java:execute(601)) - af60d39b-22ca-4a7c-b55e-02ce95ae6b6a@group-DACAAE954CB7-SegmentedRaftLogWorker: created new log segment /home/runner/work/ozone/ozone/hadoop-ozone/integration-test/target/test-dir/MiniOzoneClusterImpl-7d1a95dd-ad38-4e88-9004-e3265cc39d2b/datanode-2/data/ratis/ad51f04a-b15c-4d48-ae53-dacaae954cb7/current/log_inprogress_0
2022-01-10 11:12:24,658 [a128689b-7346-4663-acc6-739d712788d9@group-1B62DF32BCE0-FollowerState] INFO  impl.FollowerState (FollowerState.java:run(134)) - a128689b-7346-4663-acc6-739d712788d9@group-1B62DF32BCE0-FollowerState: change to CANDIDATE, lastRpcElapsedTime:5022914155ns, electionTimeout:5005ms
2022-01-10 11:12:24,658 [a128689b-7346-4663-acc6-739d712788d9@group-1B62DF32BCE0-FollowerState] INFO  impl.RoleInfo (RoleInfo.java:shutdownFollowerState(108)) - a128689b-7346-4663-acc6-739d712788d9: shutdown a128689b-7346-4663-acc6-739d712788d9@group-1B62DF32BCE0-FollowerState
2022-01-10 11:12:24,658 [a128689b-7346-4663-acc6-739d712788d9@group-1B62DF32BCE0-FollowerState] INFO  server.RaftServer$Division (RaftServerImpl.java:setRole(290)) - a128689b-7346-4663-acc6-739d712788d9@group-1B62DF32BCE0: changes role from  FOLLOWER to CANDIDATE at term 0 for changeToCandidate
2022-01-10 11:12:24,658 [a128689b-7346-4663-acc6-739d712788d9@group-1B62DF32BCE0-FollowerState] INFO  server.RaftServerConfigKeys (ConfUtils.java:logGet(44)) - raft.server.leaderelection.pre-vote = false (custom)
2022-01-10 11:12:24,658 [a128689b-7346-4663-acc6-739d712788d9@group-1B62DF32BCE0-FollowerState] INFO  impl.RoleInfo (RoleInfo.java:updateAndGet(130)) - a128689b-7346-4663-acc6-739d712788d9: start a128689b-7346-4663-acc6-739d712788d9@group-1B62DF32BCE0-LeaderElection20
2022-01-10 11:12:24,696 [a128689b-7346-4663-acc6-739d712788d9@group-1B62DF32BCE0-LeaderElection20] INFO  impl.LeaderElection (LeaderElection.java:askForVotes(306)) - a128689b-7346-4663-acc6-739d712788d9@group-1B62DF32BCE0-LeaderElection20 ELECTION round 0: submit vote requests at term 1 for -1: [af60d39b-22ca-4a7c-b55e-02ce95ae6b6a|rpc:127.0.0.1:36573|priority:1, f1456eab-cb96-47f4-be6a-df81f044b3ea|rpc:127.0.0.1:40757|priority:0, a128689b-7346-4663-acc6-739d712788d9|rpc:127.0.0.1:44189|priority:0], old=null
2022-01-10 11:12:24,718 [grpc-default-executor-1] INFO  server.RaftServer$Division (RaftServerImpl.java:requestVote(1046)) - af60d39b-22ca-4a7c-b55e-02ce95ae6b6a@group-1B62DF32BCE0: receive requestVote(ELECTION, a128689b-7346-4663-acc6-739d712788d9, group-1B62DF32BCE0, 1, (t:0, i:0))
2022-01-10 11:12:24,718 [grpc-default-executor-1] INFO  impl.VoteContext (VoteContext.java:log(48)) - af60d39b-22ca-4a7c-b55e-02ce95ae6b6a@group-1B62DF32BCE0-FOLLOWER: reject ELECTION from a128689b-7346-4663-acc6-739d712788d9: our priority 1 > candidate's priority 0
2022-01-10 11:12:24,718 [grpc-default-executor-1] INFO  server.RaftServer$Division (RaftServerImpl.java:setRole(290)) - af60d39b-22ca-4a7c-b55e-02ce95ae6b6a@group-1B62DF32BCE0: changes role from  FOLLOWER to FOLLOWER at term 1 for candidate:a128689b-7346-4663-acc6-739d712788d9
2022-01-10 11:12:24,718 [grpc-default-executor-1] INFO  impl.RoleInfo (RoleInfo.java:shutdownFollowerState(108)) - af60d39b-22ca-4a7c-b55e-02ce95ae6b6a: shutdown af60d39b-22ca-4a7c-b55e-02ce95ae6b6a@group-1B62DF32BCE0-FollowerState
2022-01-10 11:12:24,718 [grpc-default-executor-1] INFO  impl.RoleInfo (RoleInfo.java:updateAndGet(130)) - af60d39b-22ca-4a7c-b55e-02ce95ae6b6a: start af60d39b-22ca-4a7c-b55e-02ce95ae6b6a@group-1B62DF32BCE0-FollowerState
2022-01-10 11:12:24,719 [af60d39b-22ca-4a7c-b55e-02ce95ae6b6a@group-1B62DF32BCE0-FollowerState] INFO  impl.FollowerState (FollowerState.java:run(143)) - af60d39b-22ca-4a7c-b55e-02ce95ae6b6a@group-1B62DF32BCE0-FollowerState was interrupted: {}
java.lang.InterruptedException: sleep interrupted
	at java.lang.Thread.sleep(Native Method)
	at java.lang.Thread.sleep(Thread.java:340)
	at java.util.concurrent.TimeUnit.sleep(TimeUnit.java:386)
	at org.apache.ratis.util.TimeDuration.sleep(TimeDuration.java:324)
	at org.apache.ratis.util.TimeDuration.sleep(TimeDuration.java:309)
	at org.apache.ratis.server.impl.FollowerState.run(FollowerState.java:118)
2022-01-10 11:12:24,724 [grpc-default-executor-1] INFO  server.RaftServer$Division (RaftServerImpl.java:requestVote(1078)) - af60d39b-22ca-4a7c-b55e-02ce95ae6b6a@group-1B62DF32BCE0 replies to ELECTION vote request: a128689b-7346-4663-acc6-739d712788d9<-af60d39b-22ca-4a7c-b55e-02ce95ae6b6a#0:FAIL-t1. Peer's state: af60d39b-22ca-4a7c-b55e-02ce95ae6b6a@group-1B62DF32BCE0:t1, leader=null, voted=null, raftlog=af60d39b-22ca-4a7c-b55e-02ce95ae6b6a@group-1B62DF32BCE0-SegmentedRaftLog:OPENED:c-1, conf=-1: [af60d39b-22ca-4a7c-b55e-02ce95ae6b6a|rpc:127.0.0.1:36573|dataStream:|priority:1, f1456eab-cb96-47f4-be6a-df81f044b3ea|rpc:127.0.0.1:40757|dataStream:|priority:0, a128689b-7346-4663-acc6-739d712788d9|rpc:127.0.0.1:44189|dataStream:|priority:0], old=null
2022-01-10 11:12:24,726 [a128689b-7346-4663-acc6-739d712788d9@group-1B62DF32BCE0-LeaderElection20] INFO  impl.LeaderElection (LeaderElection.java:logAndReturn(89)) - a128689b-7346-4663-acc6-739d712788d9@group-1B62DF32BCE0-LeaderElection20: ELECTION REJECTED received 1 response(s) and 0 exception(s):
2022-01-10 11:12:24,726 [a128689b-7346-4663-acc6-739d712788d9@group-1B62DF32BCE0-LeaderElection20] INFO  impl.LeaderElection (LeaderElection.java:logAndReturn(93)) -   Response 0: a128689b-7346-4663-acc6-739d712788d9<-af60d39b-22ca-4a7c-b55e-02ce95ae6b6a#0:FAIL-t1
2022-01-10 11:12:24,726 [a128689b-7346-4663-acc6-739d712788d9@group-1B62DF32BCE0-LeaderElection20] INFO  impl.LeaderElection (LeaderElection.java:askForVotes(308)) - a128689b-7346-4663-acc6-739d712788d9@group-1B62DF32BCE0-LeaderElection20 ELECTION round 0: result REJECTED
2022-01-10 11:12:24,726 [a128689b-7346-4663-acc6-739d712788d9@group-1B62DF32BCE0-LeaderElection20] INFO  server.RaftServer$Division (RaftServerImpl.java:setRole(290)) - a128689b-7346-4663-acc6-739d712788d9@group-1B62DF32BCE0: changes role from CANDIDATE to FOLLOWER at term 1 for REJECTED
2022-01-10 11:12:24,726 [a128689b-7346-4663-acc6-739d712788d9@group-1B62DF32BCE0-LeaderElection20] INFO  impl.RoleInfo (RoleInfo.java:shutdownLeaderElection(121)) - a128689b-7346-4663-acc6-739d712788d9: shutdown a128689b-7346-4663-acc6-739d712788d9@group-1B62DF32BCE0-LeaderElection20
2022-01-10 11:12:24,726 [a128689b-7346-4663-acc6-739d712788d9@group-1B62DF32BCE0-LeaderElection20] INFO  impl.RoleInfo (RoleInfo.java:updateAndGet(130)) - a128689b-7346-4663-acc6-739d712788d9: start a128689b-7346-4663-acc6-739d712788d9@group-1B62DF32BCE0-FollowerState
2022-01-10 11:12:24,735 [f1456eab-cb96-47f4-be6a-df81f044b3ea@group-E577921CF61E-FollowerState] INFO  impl.FollowerState (FollowerState.java:run(134)) - f1456eab-cb96-47f4-be6a-df81f044b3ea@group-E577921CF61E-FollowerState: change to CANDIDATE, lastRpcElapsedTime:5170427596ns, electionTimeout:5168ms
2022-01-10 11:12:24,736 [f1456eab-cb96-47f4-be6a-df81f044b3ea@group-E577921CF61E-FollowerState] INFO  impl.RoleInfo (RoleInfo.java:shutdownFollowerState(108)) - f1456eab-cb96-47f4-be6a-df81f044b3ea: shutdown f1456eab-cb96-47f4-be6a-df81f044b3ea@group-E577921CF61E-FollowerState
2022-01-10 11:12:24,736 [f1456eab-cb96-47f4-be6a-df81f044b3ea@group-E577921CF61E-FollowerState] INFO  server.RaftServer$Division (RaftServerImpl.java:setRole(290)) - f1456eab-cb96-47f4-be6a-df81f044b3ea@group-E577921CF61E: changes role from  FOLLOWER to CANDIDATE at term 0 for changeToCandidate
2022-01-10 11:12:24,742 [f1456eab-cb96-47f4-be6a-df81f044b3ea@group-E577921CF61E-FollowerState] INFO  server.RaftServerConfigKeys (ConfUtils.java:logGet(44)) - raft.server.leaderelection.pre-vote = false (custom)
2022-01-10 11:12:24,742 [f1456eab-cb96-47f4-be6a-df81f044b3ea@group-E577921CF61E-FollowerState] INFO  impl.RoleInfo (RoleInfo.java:updateAndGet(130)) - f1456eab-cb96-47f4-be6a-df81f044b3ea: start f1456eab-cb96-47f4-be6a-df81f044b3ea@group-E577921CF61E-LeaderElection21
2022-01-10 11:12:24,742 [grpc-default-executor-1] INFO  server.RaftServer$Division (RaftServerImpl.java:requestVote(1046)) - f1456eab-cb96-47f4-be6a-df81f044b3ea@group-1B62DF32BCE0: receive requestVote(ELECTION, a128689b-7346-4663-acc6-739d712788d9, group-1B62DF32BCE0, 1, (t:0, i:0))
2022-01-10 11:12:24,752 [grpc-default-executor-1] INFO  impl.VoteContext (VoteContext.java:log(48)) - f1456eab-cb96-47f4-be6a-df81f044b3ea@group-1B62DF32BCE0-FOLLOWER: accept ELECTION from a128689b-7346-4663-acc6-739d712788d9: our priority 0 <= candidate's priority 0
2022-01-10 11:12:24,752 [grpc-default-executor-1] INFO  server.RaftServer$Division (RaftServerImpl.java:setRole(290)) - f1456eab-cb96-47f4-be6a-df81f044b3ea@group-1B62DF32BCE0: changes role from  FOLLOWER to FOLLOWER at term 1 for candidate:a128689b-7346-4663-acc6-739d712788d9
2022-01-10 11:12:24,752 [grpc-default-executor-1] INFO  impl.RoleInfo (RoleInfo.java:shutdownFollowerState(108)) - f1456eab-cb96-47f4-be6a-df81f044b3ea: shutdown f1456eab-cb96-47f4-be6a-df81f044b3ea@group-1B62DF32BCE0-FollowerState
2022-01-10 11:12:24,752 [f1456eab-cb96-47f4-be6a-df81f044b3ea@group-1B62DF32BCE0-FollowerState] INFO  impl.FollowerState (FollowerState.java:run(143)) - f1456eab-cb96-47f4-be6a-df81f044b3ea@group-1B62DF32BCE0-FollowerState was interrupted: {}
java.lang.InterruptedException: sleep interrupted
	at java.lang.Thread.sleep(Native Method)
	at java.lang.Thread.sleep(Thread.java:340)
	at java.util.concurrent.TimeUnit.sleep(TimeUnit.java:386)
	at org.apache.ratis.util.TimeDuration.sleep(TimeDuration.java:324)
	at org.apache.ratis.util.TimeDuration.sleep(TimeDuration.java:309)
	at org.apache.ratis.server.impl.FollowerState.run(FollowerState.java:118)
2022-01-10 11:12:24,752 [grpc-default-executor-1] INFO  impl.RoleInfo (RoleInfo.java:updateAndGet(130)) - f1456eab-cb96-47f4-be6a-df81f044b3ea: start f1456eab-cb96-47f4-be6a-df81f044b3ea@group-1B62DF32BCE0-FollowerState
2022-01-10 11:12:24,773 [grpc-default-executor-1] INFO  server.RaftServer$Division (RaftServerImpl.java:requestVote(1078)) - f1456eab-cb96-47f4-be6a-df81f044b3ea@group-1B62DF32BCE0 replies to ELECTION vote request: a128689b-7346-4663-acc6-739d712788d9<-f1456eab-cb96-47f4-be6a-df81f044b3ea#0:OK-t1. Peer's state: f1456eab-cb96-47f4-be6a-df81f044b3ea@group-1B62DF32BCE0:t1, leader=null, voted=a128689b-7346-4663-acc6-739d712788d9, raftlog=f1456eab-cb96-47f4-be6a-df81f044b3ea@group-1B62DF32BCE0-SegmentedRaftLog:OPENED:c-1, conf=-1: [af60d39b-22ca-4a7c-b55e-02ce95ae6b6a|rpc:127.0.0.1:36573|priority:1, f1456eab-cb96-47f4-be6a-df81f044b3ea|rpc:127.0.0.1:40757|priority:0, a128689b-7346-4663-acc6-739d712788d9|rpc:127.0.0.1:44189|priority:0], old=null
2022-01-10 11:12:24,773 [f1456eab-cb96-47f4-be6a-df81f044b3ea@group-E577921CF61E-LeaderElection21] INFO  impl.LeaderElection (LeaderElection.java:askForVotes(306)) - f1456eab-cb96-47f4-be6a-df81f044b3ea@group-E577921CF61E-LeaderElection21 ELECTION round 0: submit vote requests at term 1 for -1: [f1456eab-cb96-47f4-be6a-df81f044b3ea|rpc:127.0.0.1:40757|priority:1], old=null
2022-01-10 11:12:24,773 [f1456eab-cb96-47f4-be6a-df81f044b3ea@group-E577921CF61E-LeaderElection21] INFO  impl.LeaderElection (LeaderElection.java:askForVotes(308)) - f1456eab-cb96-47f4-be6a-df81f044b3ea@group-E577921CF61E-LeaderElection21 ELECTION round 0: result PASSED (term=1)
2022-01-10 11:12:24,773 [f1456eab-cb96-47f4-be6a-df81f044b3ea@group-E577921CF61E-LeaderElection21] INFO  impl.RoleInfo (RoleInfo.java:shutdownLeaderElection(121)) - f1456eab-cb96-47f4-be6a-df81f044b3ea: shutdown f1456eab-cb96-47f4-be6a-df81f044b3ea@group-E577921CF61E-LeaderElection21
2022-01-10 11:12:24,773 [f1456eab-cb96-47f4-be6a-df81f044b3ea@group-E577921CF61E-LeaderElection21] INFO  server.RaftServer$Division (RaftServerImpl.java:setRole(290)) - f1456eab-cb96-47f4-be6a-df81f044b3ea@group-E577921CF61E: changes role from CANDIDATE to LEADER at term 1 for changeToLeader
2022-01-10 11:12:24,773 [f1456eab-cb96-47f4-be6a-df81f044b3ea@group-E577921CF61E-LeaderElection21] INFO  ratis.XceiverServerRatis (XceiverServerRatis.java:handleLeaderChangedNotification(866)) - Leader change notification received for group: group-E577921CF61E with new leaderId: f1456eab-cb96-47f4-be6a-df81f044b3ea
2022-01-10 11:12:24,773 [f1456eab-cb96-47f4-be6a-df81f044b3ea@group-E577921CF61E-LeaderElection21] INFO  server.RaftServer$Division (ServerState.java:setLeader(285)) - f1456eab-cb96-47f4-be6a-df81f044b3ea@group-E577921CF61E: change Leader from null to f1456eab-cb96-47f4-be6a-df81f044b3ea at term 1 for becomeLeader, leader elected after 5275ms
2022-01-10 11:12:24,774 [f1456eab-cb96-47f4-be6a-df81f044b3ea@group-E577921CF61E-LeaderElection21] INFO  server.RaftServerConfigKeys (ConfUtils.java:logGet(44)) - raft.server.staging.catchup.gap = 1000 (default)
2022-01-10 11:12:24,774 [f1456eab-cb96-47f4-be6a-df81f044b3ea@group-E577921CF61E-LeaderElection21] INFO  server.RaftServerConfigKeys (ConfUtils.java:logGet(44)) - raft.server.write.element-limit = 1024 (custom)
2022-01-10 11:12:24,774 [f1456eab-cb96-47f4-be6a-df81f044b3ea@group-E577921CF61E-LeaderElection21] INFO  server.RaftServerConfigKeys (ConfUtils.java:logGet(44)) - raft.server.write.byte-limit = 1024 M (=1073741824) (custom)
2022-01-10 11:12:24,774 [f1456eab-cb96-47f4-be6a-df81f044b3ea@group-E577921CF61E-LeaderElection21] INFO  server.RaftServerConfigKeys (ConfUtils.java:logGet(44)) - raft.server.watch.timeout = 180s (custom)
2022-01-10 11:12:24,774 [f1456eab-cb96-47f4-be6a-df81f044b3ea@group-E577921CF61E-LeaderElection21] INFO  server.RaftServerConfigKeys (ConfUtils.java:logGet(44)) - raft.server.watch.timeout.denomination = 1s (default)
2022-01-10 11:12:24,774 [f1456eab-cb96-47f4-be6a-df81f044b3ea@group-E577921CF61E-LeaderElection21] INFO  server.RaftServerConfigKeys (ConfUtils.java:logGet(44)) - raft.server.watch.element-limit = 65536 (default)
2022-01-10 11:12:24,774 [f1456eab-cb96-47f4-be6a-df81f044b3ea@group-E577921CF61E-LeaderElection21] INFO  server.RaftServerConfigKeys (ConfUtils.java:logGet(44)) - raft.server.write.element-limit = 1024 (custom)
2022-01-10 11:12:24,774 [f1456eab-cb96-47f4-be6a-df81f044b3ea@group-E577921CF61E-LeaderElection21] INFO  server.RaftServerConfigKeys (ConfUtils.java:logGet(44)) - raft.server.write.follower.gap.ratio.max = -1.0 (default)
2022-01-10 11:12:24,774 [f1456eab-cb96-47f4-be6a-df81f044b3ea@group-E577921CF61E-LeaderElection21] INFO  impl.RoleInfo (RoleInfo.java:updateAndGet(130)) - f1456eab-cb96-47f4-be6a-df81f044b3ea: start f1456eab-cb96-47f4-be6a-df81f044b3ea@group-E577921CF61E-LeaderStateImpl
2022-01-10 11:12:24,775 [f1456eab-cb96-47f4-be6a-df81f044b3ea@group-E577921CF61E-LeaderElection21] INFO  segmented.SegmentedRaftLogWorker (SegmentedRaftLogWorker.java:startLogSegment(394)) - f1456eab-cb96-47f4-be6a-df81f044b3ea@group-E577921CF61E-SegmentedRaftLogWorker: Starting segment from index:0
2022-01-10 11:12:24,776 [EventQueue-OpenPipelineForHealthyPipelineSafeModeRule] INFO  safemode.SCMSafeModeManager (HealthyPipelineSafeModeRule.java:process(124)) - SCM in safe mode. Healthy pipelines reported count is 0, required healthy pipeline reported count is 1
2022-01-10 11:12:24,776 [EventQueue-OpenPipelineForHealthyPipelineSafeModeRule] INFO  safemode.SCMSafeModeManager (HealthyPipelineSafeModeRule.java:process(124)) - SCM in safe mode. Healthy pipelines reported count is 1, required healthy pipeline reported count is 1
2022-01-10 11:12:24,776 [EventQueue-OpenPipelineForHealthyPipelineSafeModeRule] INFO  safemode.SCMSafeModeManager (SCMSafeModeManager.java:validateSafeModeExitRules(204)) - HealthyPipelineSafeModeRule rule is successfully validated
2022-01-10 11:12:24,776 [EventQueue-OpenPipelineForHealthyPipelineSafeModeRule] INFO  safemode.SCMSafeModeManager (SCMSafeModeManager.java:validateSafeModeExitRules(219)) - ScmSafeModeManager, all rules are successfully validated
2022-01-10 11:12:24,776 [EventQueue-OpenPipelineForHealthyPipelineSafeModeRule] INFO  safemode.SCMSafeModeManager (SCMSafeModeManager.java:exitSafeMode(248)) - SCM exiting safe mode.
2022-01-10 11:12:24,776 [EventQueue-OpenPipelineForHealthyPipelineSafeModeRule] WARN  events.EventQueue (EventQueue.java:fireEvent(194)) - No event handler registered for event TypedEvent{payloadType=SafeModeStatus, name='Safe mode status'}
2022-01-10 11:12:24,776 [EventQueue-OpenPipelineForHealthyPipelineSafeModeRule] INFO  ha.SCMContext (SCMContext.java:updateSafeModeStatus(211)) - Update SafeModeStatus from SafeModeStatus{safeModeStatus=true, preCheckPassed=true} to SafeModeStatus{safeModeStatus=false, preCheckPassed=true}.
2022-01-10 11:12:24,783 [f1456eab-cb96-47f4-be6a-df81f044b3ea@group-E577921CF61E-SegmentedRaftLogWorker] INFO  segmented.SegmentedRaftLogWorker (SegmentedRaftLogWorker.java:execute(601)) - f1456eab-cb96-47f4-be6a-df81f044b3ea@group-E577921CF61E-SegmentedRaftLogWorker: created new log segment /home/runner/work/ozone/ozone/hadoop-ozone/integration-test/target/test-dir/MiniOzoneClusterImpl-7d1a95dd-ad38-4e88-9004-e3265cc39d2b/datanode-1/data/ratis/639719d5-fd90-43ac-bbab-e577921cf61e/current/log_inprogress_0
2022-01-10 11:12:24,793 [f1456eab-cb96-47f4-be6a-df81f044b3ea@group-E577921CF61E-LeaderElection21] INFO  server.RaftServer$Division (ServerState.java:setRaftConf(387)) - f1456eab-cb96-47f4-be6a-df81f044b3ea@group-E577921CF61E: set configuration 0: [f1456eab-cb96-47f4-be6a-df81f044b3ea|rpc:127.0.0.1:40757|dataStream:|priority:1], old=null
2022-01-10 11:12:24,988 [Listener at 127.0.0.1/12236] INFO  ozone.MiniOzoneClusterImpl (MiniOzoneClusterImpl.java:lambda$waitForClusterToBeReady$0(235)) - Nodes are ready. Got 3 of 3 DN Heartbeats.
2022-01-10 11:12:24,988 [Listener at 127.0.0.1/12236] INFO  ozone.MiniOzoneClusterImpl (MiniOzoneClusterImpl.java:lambda$waitForClusterToBeReady$0(238)) - Cluster exits safe mode
2022-01-10 11:12:24,989 [Listener at 127.0.0.1/12236] INFO  ozone.MiniOzoneClusterImpl (MiniOzoneClusterImpl.java:lambda$waitForClusterToBeReady$0(240)) - SCM became leader
2022-01-10 11:12:24,989 [Listener at 127.0.0.1/12236] INFO  server.StorageContainerManager (StorageContainerManager.java:start(1303)) - StorageContainerLocationProtocol RPC server is listening at /0.0.0.0:13575
2022-01-10 11:12:24,989 [Listener at 127.0.0.1/12236] INFO  ha.SCMRatisServerImpl (SCMRatisServerImpl.java:start(177)) - starting ratis server 0.0.0.0:13572
2022-01-10 11:12:24,989 [Listener at 127.0.0.1/12236] INFO  server.RaftServer$Division (RaftServerImpl.java:start(304)) - 6a22f154-cb7c-441c-a781-fd6e64cf0c09@group-E3265CC39D2B: start with initializing state, conf=-1: [], old=null
2022-01-10 11:12:24,990 [Listener at 127.0.0.1/12236] INFO  server.RaftServer$Division (RaftServerImpl.java:setRole(290)) - 6a22f154-cb7c-441c-a781-fd6e64cf0c09@group-E3265CC39D2B: changes role from      null to FOLLOWER at term 0 for startInitializing
2022-01-10 11:12:24,990 [Listener at 127.0.0.1/12236] INFO  util.JmxRegister (JmxRegister.java:tryRegister(44)) - Successfully registered JMX Bean with object name Ratis:service=RaftServer,group=group-E3265CC39D2B,id=6a22f154-cb7c-441c-a781-fd6e64cf0c09
2022-01-10 11:12:24,994 [Listener at 127.0.0.1/12236] INFO  server.RaftServer (RaftServerProxy.java:lambda$start$5(374)) - 6a22f154-cb7c-441c-a781-fd6e64cf0c09: start RPC server
2022-01-10 11:12:24,995 [Listener at 127.0.0.1/12236] INFO  server.GrpcService (GrpcService.java:startImpl(253)) - 6a22f154-cb7c-441c-a781-fd6e64cf0c09: GrpcService started, listening on 13572
2022-01-10 11:12:25,002 [Listener at 127.0.0.1/12236] INFO  ha.SCMNodeInfo (SCMNodeInfo.java:getPort(197)) - ConfigKey ozone.scm.client.address is deprecated, For configuring different ports for each SCM use PortConfigKey ozone.scm.client.port appended with serviceId and nodeId
2022-01-10 11:12:25,003 [Listener at 127.0.0.1/12236] INFO  ha.SCMNodeInfo (SCMNodeInfo.java:getPort(197)) - ConfigKey ozone.scm.block.client.address is deprecated, For configuring different ports for each SCM use PortConfigKey ozone.scm.block.client.port appended with serviceId and nodeId
2022-01-10 11:12:25,003 [Listener at 127.0.0.1/12236] INFO  ha.SCMNodeInfo (SCMNodeInfo.java:getPort(197)) - ConfigKey ozone.scm.datanode.address is deprecated, For configuring different ports for each SCM use PortConfigKey ozone.scm.datanode.port appended with serviceId and nodeId
2022-01-10 11:12:25,003 [Listener at 127.0.0.1/12236] INFO  ha.SCMNodeInfo (SCMNodeInfo.java:getPort(197)) - ConfigKey ozone.scm.client.address is deprecated, For configuring different ports for each SCM use PortConfigKey ozone.scm.client.port appended with serviceId and nodeId
2022-01-10 11:12:25,003 [Listener at 127.0.0.1/12236] INFO  ha.SCMNodeInfo (SCMNodeInfo.java:getPort(197)) - ConfigKey ozone.scm.block.client.address is deprecated, For configuring different ports for each SCM use PortConfigKey ozone.scm.block.client.port appended with serviceId and nodeId
2022-01-10 11:12:25,003 [Listener at 127.0.0.1/12236] INFO  ha.SCMNodeInfo (SCMNodeInfo.java:getPort(197)) - ConfigKey ozone.scm.datanode.address is deprecated, For configuring different ports for each SCM use PortConfigKey ozone.scm.datanode.port appended with serviceId and nodeId
2022-01-10 11:12:25,003 [Listener at 127.0.0.1/12236] INFO  ha.SCMNodeInfo (SCMNodeInfo.java:getPort(197)) - ConfigKey ozone.scm.client.address is deprecated, For configuring different ports for each SCM use PortConfigKey ozone.scm.client.port appended with serviceId and nodeId
2022-01-10 11:12:25,003 [Listener at 127.0.0.1/12236] INFO  ha.SCMNodeInfo (SCMNodeInfo.java:getPort(197)) - ConfigKey ozone.scm.block.client.address is deprecated, For configuring different ports for each SCM use PortConfigKey ozone.scm.block.client.port appended with serviceId and nodeId
2022-01-10 11:12:25,003 [Listener at 127.0.0.1/12236] INFO  ha.SCMNodeInfo (SCMNodeInfo.java:getPort(197)) - ConfigKey ozone.scm.datanode.address is deprecated, For configuring different ports for each SCM use PortConfigKey ozone.scm.datanode.port appended with serviceId and nodeId
2022-01-10 11:12:25,026 [org.apache.ratis.util.JvmPauseMonitor$$Lambda$500/2122256138@a56d443] INFO  util.JvmPauseMonitor (JvmPauseMonitor.java:run(103)) - JvmPauseMonitor-6a22f154-cb7c-441c-a781-fd6e64cf0c09: Started
2022-01-10 11:12:25,039 [IPC Server handler 66 on default port 13554] INFO  ha.SCMRatisServerImpl (SCMRatisServerImpl.java:addSCM(291)) - 6a981e52-99aa-4707-bfae-4a3cfe894454: Submitting SetConfiguration request to Ratis server with new SCM peers list: [4d48cbeb-2102-4f2b-b398-c18ce09455c6|rpc:localhost:13562|priority:0, 6a981e52-99aa-4707-bfae-4a3cfe894454|rpc:localhost:13552|admin:|client:|dataStream:|priority:0, 6a22f154-cb7c-441c-a781-fd6e64cf0c09|rpc:localhost:13572|priority:0]
2022-01-10 11:12:25,039 [IPC Server handler 66 on default port 13554] INFO  server.RaftServer$Division (RaftServerImpl.java:setConfigurationAsync(974)) - 6a981e52-99aa-4707-bfae-4a3cfe894454@group-E3265CC39D2B: receive setConfiguration SetConfigurationRequest:client-51A49A9BF778->6a981e52-99aa-4707-bfae-4a3cfe894454@group-E3265CC39D2B, cid=10, seq=0, RW, null, peers:[4d48cbeb-2102-4f2b-b398-c18ce09455c6|rpc:localhost:13562|priority:0, 6a981e52-99aa-4707-bfae-4a3cfe894454|rpc:localhost:13552|admin:|client:|dataStream:|priority:0, 6a22f154-cb7c-441c-a781-fd6e64cf0c09|rpc:localhost:13572|priority:0]
2022-01-10 11:12:25,039 [IPC Server handler 66 on default port 13554] INFO  server.RaftServer$Division (LeaderStateImpl.java:startSetConfiguration(358)) - 6a981e52-99aa-4707-bfae-4a3cfe894454@group-E3265CC39D2B-LeaderStateImpl: startSetConfiguration SetConfigurationRequest:client-51A49A9BF778->6a981e52-99aa-4707-bfae-4a3cfe894454@group-E3265CC39D2B, cid=10, seq=0, RW, null, peers:[4d48cbeb-2102-4f2b-b398-c18ce09455c6|rpc:localhost:13562|priority:0, 6a981e52-99aa-4707-bfae-4a3cfe894454|rpc:localhost:13552|admin:|client:|dataStream:|priority:0, 6a22f154-cb7c-441c-a781-fd6e64cf0c09|rpc:localhost:13572|priority:0]
2022-01-10 11:12:25,039 [IPC Server handler 66 on default port 13554] INFO  server.RaftServerConfigKeys (ConfUtils.java:logGet(44)) - raft.server.log.appender.snapshot.chunk.size.max = 16MB (=16777216) (default)
2022-01-10 11:12:25,039 [IPC Server handler 66 on default port 13554] INFO  server.RaftServerConfigKeys (ConfUtils.java:logGet(44)) - raft.server.log.appender.buffer.byte-limit = 33554432 (custom)
2022-01-10 11:12:25,040 [IPC Server handler 66 on default port 13554] INFO  server.RaftServerConfigKeys (ConfUtils.java:logGet(44)) - raft.server.log.appender.buffer.element-limit = 1024 (custom)
2022-01-10 11:12:25,042 [IPC Server handler 66 on default port 13554] INFO  grpc.GrpcConfigKeys (ConfUtils.java:logGet(44)) - raft.grpc.server.leader.outstanding.appends.max = 128 (default)
2022-01-10 11:12:25,042 [IPC Server handler 66 on default port 13554] INFO  server.RaftServerConfigKeys (ConfUtils.java:logGet(44)) - raft.server.rpc.request.timeout = 30000ms (custom)
2022-01-10 11:12:25,042 [IPC Server handler 66 on default port 13554] INFO  server.RaftServerConfigKeys (ConfUtils.java:logGet(44)) - raft.server.log.appender.install.snapshot.enabled = false (custom)
2022-01-10 11:12:25,056 [6a981e52-99aa-4707-bfae-4a3cfe894454@group-E3265CC39D2B->6a22f154-cb7c-441c-a781-fd6e64cf0c09-GrpcLogAppender-LogAppenderDaemon] INFO  server.GrpcLogAppender (GrpcLogAppender.java:installSnapshot(550)) - 6a981e52-99aa-4707-bfae-4a3cfe894454@group-E3265CC39D2B->6a22f154-cb7c-441c-a781-fd6e64cf0c09-GrpcLogAppender: followerNextIndex = 0 but logStartIndex = 1, notify follower to install snapshot-(t:2, i:24)
2022-01-10 11:12:25,056 [6a981e52-99aa-4707-bfae-4a3cfe894454@group-E3265CC39D2B->6a22f154-cb7c-441c-a781-fd6e64cf0c09-GrpcLogAppender-LogAppenderDaemon] INFO  server.GrpcLogAppender (GrpcLogAppender.java:installSnapshot(558)) - 6a981e52-99aa-4707-bfae-4a3cfe894454@group-E3265CC39D2B->6a22f154-cb7c-441c-a781-fd6e64cf0c09-GrpcLogAppender: send 6a981e52-99aa-4707-bfae-4a3cfe894454->6a22f154-cb7c-441c-a781-fd6e64cf0c09#0-t2,notify:(t:2, i:24)
2022-01-10 11:12:25,072 [grpc-default-executor-0] INFO  server.RaftServer$Division (RaftServerImpl.java:installSnapshot(1332)) - 6a22f154-cb7c-441c-a781-fd6e64cf0c09@group-E3265CC39D2B: receive installSnapshot: 6a981e52-99aa-4707-bfae-4a3cfe894454->6a22f154-cb7c-441c-a781-fd6e64cf0c09#0-t2,notify:(t:2, i:24)
2022-01-10 11:12:25,074 [grpc-default-executor-0] INFO  ha.SCMStateMachine (SCMStateMachine.java:notifyLeaderChanged(255)) - leader changed, yet current SCM is still follower.
2022-01-10 11:12:25,074 [grpc-default-executor-0] INFO  server.RaftServer$Division (ServerState.java:setLeader(285)) - 6a22f154-cb7c-441c-a781-fd6e64cf0c09@group-E3265CC39D2B: change Leader from null to 6a981e52-99aa-4707-bfae-4a3cfe894454 at term 2 for installSnapshot, leader elected after 14276ms
2022-01-10 11:12:25,074 [grpc-default-executor-0] INFO  server.RaftServer$Division (RaftServerImpl.java:notifyStateMachineToInstallSnapshot(1551)) - 6a22f154-cb7c-441c-a781-fd6e64cf0c09@group-E3265CC39D2B: Received notification to install snapshot at index 24
2022-01-10 11:12:25,074 [grpc-default-executor-0] INFO  server.RaftServer$Division (RaftServerImpl.java:notifyStateMachineToInstallSnapshot(1582)) - 6a22f154-cb7c-441c-a781-fd6e64cf0c09@group-E3265CC39D2B: notifyInstallSnapshot: nextIndex is 0 but the leader's first available index is 24.
2022-01-10 11:12:25,074 [grpc-default-executor-0] INFO  ha.SCMStateMachine (SCMStateMachine.java:notifyInstallSnapshotFromLeader(219)) - Received install snapshot notification from SCM leader: localhost:13552 with term index: (t:2, i:24)
2022-01-10 11:12:25,084 [pool-265-thread-1] INFO  ha.SCMHAManagerImpl (SCMHAManagerImpl.java:getDBCheckpointFromLeader(206)) - Downloading checkpoint from leader SCM scmNode-1 and reloading state from the checkpoint.
2022-01-10 11:12:25,118 [grpc-default-executor-1] INFO  ha.SCMDBCheckpointProvider (SCMDBCheckpointProvider.java:writeDBCheckPointToSream(48)) - Received request to obtain SCM DB checkpoint snapshot
2022-01-10 11:12:25,133 [grpc-default-executor-1] INFO  db.RDBCheckpointManager (RDBCheckpointManager.java:createCheckpoint(86)) - Created checkpoint at /home/runner/work/ozone/ozone/hadoop-ozone/integration-test/target/test-dir/MiniOzoneClusterImpl-7d1a95dd-ad38-4e88-9004-e3265cc39d2b/scmNode-1/db.checkpoints/scm.db_checkpoint_1641813145118 in 15 milliseconds
2022-01-10 11:12:25,137 [grpc-default-executor-1] INFO  ha.SCMGrpcOutputStream (SCMGrpcOutputStream.java:close(111)) - Sent 5805 bytes for cluster 7d1a95dd-ad38-4e88-9004-e3265cc39d2b
2022-01-10 11:12:25,143 [grpc-default-executor-1] INFO  ha.SCMDBCheckpointProvider (SCMDBCheckpointProvider.java:writeDBCheckPointToSream(73)) - Time taken to write the checkpoint to response output stream: 10 milliseconds
2022-01-10 11:12:25,143 [grpc-default-executor-1] INFO  db.RocksDBCheckpoint (RocksDBCheckpoint.java:cleanupCheckpoint(78)) - Cleaning up RocksDB checkpoint at /home/runner/work/ozone/ozone/hadoop-ozone/integration-test/target/test-dir/MiniOzoneClusterImpl-7d1a95dd-ad38-4e88-9004-e3265cc39d2b/scmNode-1/db.checkpoints/scm.db_checkpoint_1641813145118
2022-01-10 11:12:25,143 [grpc-default-executor-2] INFO  ha.InterSCMGrpcClient (InterSCMGrpcClient.java:onCompleted(173)) - Checkpoint is downloaded to /home/runner/work/ozone/ozone/hadoop-ozone/integration-test/target/test-dir/MiniOzoneClusterImpl-7d1a95dd-ad38-4e88-9004-e3265cc39d2b/scmNode-3/snapshot/scm.db-scmNode-1-1641813145085.tar.gz
2022-01-10 11:12:25,182 [pool-265-thread-1] INFO  ha.SCMSnapshotProvider (SCMSnapshotProvider.java:getSCMDBSnapshot(131)) - Successfully downloaded latest checkpoint from leader SCM: scmNode-1 path /home/runner/work/ozone/ozone/hadoop-ozone/integration-test/target/test-dir/MiniOzoneClusterImpl-7d1a95dd-ad38-4e88-9004-e3265cc39d2b/scmNode-3/snapshot/scm.db-scmNode-1-1641813145085
2022-01-10 11:12:25,182 [pool-265-thread-1] INFO  ha.SCMHAManagerImpl (SCMHAManagerImpl.java:downloadCheckpointFromLeader(158)) - Downloaded checkpoint from Leader scmNode-1 to the location /home/runner/work/ozone/ozone/hadoop-ozone/integration-test/target/test-dir/MiniOzoneClusterImpl-7d1a95dd-ad38-4e88-9004-e3265cc39d2b/scmNode-3/snapshot/scm.db-scmNode-1-1641813145085
2022-01-10 11:12:25,191 [af60d39b-22ca-4a7c-b55e-02ce95ae6b6a@group-9F0CA0B2F075-FollowerState] INFO  impl.FollowerState (FollowerState.java:run(134)) - af60d39b-22ca-4a7c-b55e-02ce95ae6b6a@group-9F0CA0B2F075-FollowerState: change to CANDIDATE, lastRpcElapsedTime:5138634906ns, electionTimeout:5131ms
2022-01-10 11:12:25,191 [af60d39b-22ca-4a7c-b55e-02ce95ae6b6a@group-9F0CA0B2F075-FollowerState] INFO  impl.RoleInfo (RoleInfo.java:shutdownFollowerState(108)) - af60d39b-22ca-4a7c-b55e-02ce95ae6b6a: shutdown af60d39b-22ca-4a7c-b55e-02ce95ae6b6a@group-9F0CA0B2F075-FollowerState
2022-01-10 11:12:25,191 [af60d39b-22ca-4a7c-b55e-02ce95ae6b6a@group-9F0CA0B2F075-FollowerState] INFO  server.RaftServer$Division (RaftServerImpl.java:setRole(290)) - af60d39b-22ca-4a7c-b55e-02ce95ae6b6a@group-9F0CA0B2F075: changes role from  FOLLOWER to CANDIDATE at term 0 for changeToCandidate
2022-01-10 11:12:25,201 [af60d39b-22ca-4a7c-b55e-02ce95ae6b6a@group-9F0CA0B2F075-FollowerState] INFO  server.RaftServerConfigKeys (ConfUtils.java:logGet(44)) - raft.server.leaderelection.pre-vote = false (custom)
2022-01-10 11:12:25,201 [af60d39b-22ca-4a7c-b55e-02ce95ae6b6a@group-9F0CA0B2F075-FollowerState] INFO  impl.RoleInfo (RoleInfo.java:updateAndGet(130)) - af60d39b-22ca-4a7c-b55e-02ce95ae6b6a: start af60d39b-22ca-4a7c-b55e-02ce95ae6b6a@group-9F0CA0B2F075-LeaderElection22
2022-01-10 11:12:25,219 [af60d39b-22ca-4a7c-b55e-02ce95ae6b6a@group-9F0CA0B2F075-LeaderElection22] INFO  impl.LeaderElection (LeaderElection.java:askForVotes(306)) - af60d39b-22ca-4a7c-b55e-02ce95ae6b6a@group-9F0CA0B2F075-LeaderElection22 ELECTION round 0: submit vote requests at term 1 for -1: [af60d39b-22ca-4a7c-b55e-02ce95ae6b6a|rpc:127.0.0.1:36573|priority:1], old=null
2022-01-10 11:12:25,219 [af60d39b-22ca-4a7c-b55e-02ce95ae6b6a@group-9F0CA0B2F075-LeaderElection22] INFO  impl.LeaderElection (LeaderElection.java:askForVotes(308)) - af60d39b-22ca-4a7c-b55e-02ce95ae6b6a@group-9F0CA0B2F075-LeaderElection22 ELECTION round 0: result PASSED (term=1)
2022-01-10 11:12:25,219 [af60d39b-22ca-4a7c-b55e-02ce95ae6b6a@group-9F0CA0B2F075-LeaderElection22] INFO  impl.RoleInfo (RoleInfo.java:shutdownLeaderElection(121)) - af60d39b-22ca-4a7c-b55e-02ce95ae6b6a: shutdown af60d39b-22ca-4a7c-b55e-02ce95ae6b6a@group-9F0CA0B2F075-LeaderElection22
2022-01-10 11:12:25,219 [af60d39b-22ca-4a7c-b55e-02ce95ae6b6a@group-9F0CA0B2F075-LeaderElection22] INFO  server.RaftServer$Division (RaftServerImpl.java:setRole(290)) - af60d39b-22ca-4a7c-b55e-02ce95ae6b6a@group-9F0CA0B2F075: changes role from CANDIDATE to LEADER at term 1 for changeToLeader
2022-01-10 11:12:25,219 [af60d39b-22ca-4a7c-b55e-02ce95ae6b6a@group-9F0CA0B2F075-LeaderElection22] INFO  ratis.XceiverServerRatis (XceiverServerRatis.java:handleLeaderChangedNotification(866)) - Leader change notification received for group: group-9F0CA0B2F075 with new leaderId: af60d39b-22ca-4a7c-b55e-02ce95ae6b6a
2022-01-10 11:12:25,219 [af60d39b-22ca-4a7c-b55e-02ce95ae6b6a@group-9F0CA0B2F075-LeaderElection22] INFO  server.RaftServer$Division (ServerState.java:setLeader(285)) - af60d39b-22ca-4a7c-b55e-02ce95ae6b6a@group-9F0CA0B2F075: change Leader from null to af60d39b-22ca-4a7c-b55e-02ce95ae6b6a at term 1 for becomeLeader, leader elected after 5192ms
2022-01-10 11:12:25,219 [af60d39b-22ca-4a7c-b55e-02ce95ae6b6a@group-9F0CA0B2F075-LeaderElection22] INFO  server.RaftServerConfigKeys (ConfUtils.java:logGet(44)) - raft.server.staging.catchup.gap = 1000 (default)
2022-01-10 11:12:25,220 [af60d39b-22ca-4a7c-b55e-02ce95ae6b6a@group-9F0CA0B2F075-LeaderElection22] INFO  server.RaftServerConfigKeys (ConfUtils.java:logGet(44)) - raft.server.write.element-limit = 1024 (custom)
2022-01-10 11:12:25,220 [af60d39b-22ca-4a7c-b55e-02ce95ae6b6a@group-9F0CA0B2F075-LeaderElection22] INFO  server.RaftServerConfigKeys (ConfUtils.java:logGet(44)) - raft.server.write.byte-limit = 1024 M (=1073741824) (custom)
2022-01-10 11:12:25,220 [af60d39b-22ca-4a7c-b55e-02ce95ae6b6a@group-9F0CA0B2F075-LeaderElection22] INFO  server.RaftServerConfigKeys (ConfUtils.java:logGet(44)) - raft.server.watch.timeout = 180s (custom)
2022-01-10 11:12:25,220 [af60d39b-22ca-4a7c-b55e-02ce95ae6b6a@group-9F0CA0B2F075-LeaderElection22] INFO  server.RaftServerConfigKeys (ConfUtils.java:logGet(44)) - raft.server.watch.timeout.denomination = 1s (default)
2022-01-10 11:12:25,220 [af60d39b-22ca-4a7c-b55e-02ce95ae6b6a@group-9F0CA0B2F075-LeaderElection22] INFO  server.RaftServerConfigKeys (ConfUtils.java:logGet(44)) - raft.server.watch.element-limit = 65536 (default)
2022-01-10 11:12:25,220 [af60d39b-22ca-4a7c-b55e-02ce95ae6b6a@group-9F0CA0B2F075-LeaderElection22] INFO  server.RaftServerConfigKeys (ConfUtils.java:logGet(44)) - raft.server.write.element-limit = 1024 (custom)
2022-01-10 11:12:25,220 [af60d39b-22ca-4a7c-b55e-02ce95ae6b6a@group-9F0CA0B2F075-LeaderElection22] INFO  server.RaftServerConfigKeys (ConfUtils.java:logGet(44)) - raft.server.write.follower.gap.ratio.max = -1.0 (default)
2022-01-10 11:12:25,220 [af60d39b-22ca-4a7c-b55e-02ce95ae6b6a@group-9F0CA0B2F075-LeaderElection22] INFO  impl.RoleInfo (RoleInfo.java:updateAndGet(130)) - af60d39b-22ca-4a7c-b55e-02ce95ae6b6a: start af60d39b-22ca-4a7c-b55e-02ce95ae6b6a@group-9F0CA0B2F075-LeaderStateImpl
2022-01-10 11:12:25,227 [af60d39b-22ca-4a7c-b55e-02ce95ae6b6a@group-9F0CA0B2F075-LeaderElection22] INFO  segmented.SegmentedRaftLogWorker (SegmentedRaftLogWorker.java:startLogSegment(394)) - af60d39b-22ca-4a7c-b55e-02ce95ae6b6a@group-9F0CA0B2F075-SegmentedRaftLogWorker: Starting segment from index:0
2022-01-10 11:12:25,229 [af60d39b-22ca-4a7c-b55e-02ce95ae6b6a@group-9F0CA0B2F075-SegmentedRaftLogWorker] INFO  segmented.SegmentedRaftLogWorker (SegmentedRaftLogWorker.java:execute(601)) - af60d39b-22ca-4a7c-b55e-02ce95ae6b6a@group-9F0CA0B2F075-SegmentedRaftLogWorker: created new log segment /home/runner/work/ozone/ozone/hadoop-ozone/integration-test/target/test-dir/MiniOzoneClusterImpl-7d1a95dd-ad38-4e88-9004-e3265cc39d2b/datanode-2/data/ratis/4e0b4129-1574-424d-a721-9f0ca0b2f075/current/log_inprogress_0
2022-01-10 11:12:25,240 [af60d39b-22ca-4a7c-b55e-02ce95ae6b6a@group-9F0CA0B2F075-LeaderElection22] INFO  server.RaftServer$Division (ServerState.java:setRaftConf(387)) - af60d39b-22ca-4a7c-b55e-02ce95ae6b6a@group-9F0CA0B2F075: set configuration 0: [af60d39b-22ca-4a7c-b55e-02ce95ae6b6a|rpc:127.0.0.1:36573|dataStream:|priority:1], old=null
2022-01-10 11:12:25,244 [pool-265-thread-1] INFO  ha.SCMHAManagerImpl (SCMHAManagerImpl.java:verifyCheckpointFromLeader(172)) - Installing checkpoint with SCMTransactionInfo 2#24
2022-01-10 11:12:25,244 [pool-265-thread-1] INFO  server.RaftServer$Division (RaftServerImpl.java:lambda$notifyStateMachineToInstallSnapshot$30(1595)) - 6a22f154-cb7c-441c-a781-fd6e64cf0c09@group-E3265CC39D2B: StateMachine successfully installed snapshot index 24. Reloading the StateMachine.
2022-01-10 11:12:25,244 [pool-265-thread-1] INFO  segmented.SegmentedRaftLogWorker (SegmentedRaftLogWorker.java:lambda$new$0(133)) - 6a22f154-cb7c-441c-a781-fd6e64cf0c09@group-E3265CC39D2B-SegmentedRaftLogWorker: flushIndex: setUnconditionally -1 -> 24
2022-01-10 11:12:25,245 [pool-265-thread-1] INFO  segmented.SegmentedRaftLogWorker (SegmentedRaftLogWorker.java:lambda$new$0(133)) - 6a22f154-cb7c-441c-a781-fd6e64cf0c09@group-E3265CC39D2B-SegmentedRaftLogWorker: safeCacheEvictIndex: setUnconditionally -1 -> 24
2022-01-10 11:12:25,245 [pool-265-thread-1] INFO  raftlog.RaftLog (RaftLogBase.java:lambda$new$0(53)) - 6a22f154-cb7c-441c-a781-fd6e64cf0c09@group-E3265CC39D2B-SegmentedRaftLog: snapshotIndex: updateIncreasingly -1 -> 24
2022-01-10 11:12:25,249 [grpc-default-executor-0] INFO  server.RaftServer$Division (RaftServerImpl.java:notifyStateMachineToInstallSnapshot(1638)) - 6a22f154-cb7c-441c-a781-fd6e64cf0c09@group-E3265CC39D2B: InstallSnapshot notification result: SNAPSHOT_INSTALLED, at index: 24
2022-01-10 11:12:25,252 [grpc-default-executor-0] INFO  server.RaftServer$Division (RaftServerImpl.java:installSnapshotImpl(1462)) - 6a22f154-cb7c-441c-a781-fd6e64cf0c09@group-E3265CC39D2B: set new configuration index: 5
configurationEntry {
  peers {
    id: "4d48cbeb-2102-4f2b-b398-c18ce09455c6"
    address: "localhost:13562"
  }
  peers {
    id: "6a981e52-99aa-4707-bfae-4a3cfe894454"
    address: "localhost:13552"
  }
}
 from snapshot
2022-01-10 11:12:25,252 [grpc-default-executor-0] INFO  server.RaftServer$Division (ServerState.java:setRaftConf(387)) - 6a22f154-cb7c-441c-a781-fd6e64cf0c09@group-E3265CC39D2B: set configuration 5: [4d48cbeb-2102-4f2b-b398-c18ce09455c6|rpc:localhost:13562|admin:|client:|dataStream:|priority:0, 6a981e52-99aa-4707-bfae-4a3cfe894454|rpc:localhost:13552|admin:|client:|dataStream:|priority:0], old=null
2022-01-10 11:12:25,252 [grpc-default-executor-0] INFO  server.RaftServer$Division (RaftServerImpl.java:installSnapshot(1343)) - 6a22f154-cb7c-441c-a781-fd6e64cf0c09@group-E3265CC39D2B: reply installSnapshot: 6a981e52-99aa-4707-bfae-4a3cfe894454<-6a22f154-cb7c-441c-a781-fd6e64cf0c09#0:FAIL-t0,SNAPSHOT_INSTALLED,snapshotIndex=24
2022-01-10 11:12:25,253 [grpc-default-executor-0] INFO  server.GrpcServerProtocolService (GrpcServerProtocolService.java:onCompleted(140)) - 6a22f154-cb7c-441c-a781-fd6e64cf0c09: Completed INSTALL_SNAPSHOT, lastRequest: 6a981e52-99aa-4707-bfae-4a3cfe894454->6a22f154-cb7c-441c-a781-fd6e64cf0c09#0-t2,notify:(t:2, i:24)
2022-01-10 11:12:25,260 [grpc-default-executor-0] INFO  server.GrpcLogAppender (GrpcLogAppender.java:onNext(410)) - 6a981e52-99aa-4707-bfae-4a3cfe894454@group-E3265CC39D2B->6a22f154-cb7c-441c-a781-fd6e64cf0c09-InstallSnapshotResponseHandler: received the first reply 6a981e52-99aa-4707-bfae-4a3cfe894454<-6a22f154-cb7c-441c-a781-fd6e64cf0c09#0:FAIL-t0,SNAPSHOT_INSTALLED,snapshotIndex=24
2022-01-10 11:12:25,260 [grpc-default-executor-0] INFO  server.GrpcLogAppender (GrpcLogAppender.java:onNext(450)) - 6a981e52-99aa-4707-bfae-4a3cfe894454@group-E3265CC39D2B->6a22f154-cb7c-441c-a781-fd6e64cf0c09-InstallSnapshotResponseHandler: Follower installed snapshot at index 24
2022-01-10 11:12:25,260 [grpc-default-executor-0] INFO  leader.FollowerInfo (FollowerInfoImpl.java:lambda$new$0(47)) - 6a981e52-99aa-4707-bfae-4a3cfe894454@group-E3265CC39D2B->6a22f154-cb7c-441c-a781-fd6e64cf0c09: snapshotIndex: setUnconditionally 0 -> 24
2022-01-10 11:12:25,260 [grpc-default-executor-0] INFO  leader.FollowerInfo (FollowerInfoImpl.java:lambda$new$0(47)) - 6a981e52-99aa-4707-bfae-4a3cfe894454@group-E3265CC39D2B->6a22f154-cb7c-441c-a781-fd6e64cf0c09: matchIndex: setUnconditionally 0 -> 24
2022-01-10 11:12:25,260 [grpc-default-executor-0] INFO  leader.FollowerInfo (FollowerInfoImpl.java:lambda$new$0(47)) - 6a981e52-99aa-4707-bfae-4a3cfe894454@group-E3265CC39D2B->6a22f154-cb7c-441c-a781-fd6e64cf0c09: nextIndex: setUnconditionally 0 -> 25
2022-01-10 11:12:25,260 [grpc-default-executor-0] INFO  leader.FollowerInfo (FollowerInfoImpl.java:setAttemptedToInstallSnapshot(116)) - Follower 6a981e52-99aa-4707-bfae-4a3cfe894454@group-E3265CC39D2B->6a22f154-cb7c-441c-a781-fd6e64cf0c09 acknowledged installing snapshot
2022-01-10 11:12:25,260 [grpc-default-executor-0] INFO  leader.FollowerInfo (FollowerInfoImpl.java:lambda$new$0(47)) - 6a981e52-99aa-4707-bfae-4a3cfe894454@group-E3265CC39D2B->6a22f154-cb7c-441c-a781-fd6e64cf0c09: nextIndex: updateToMax old=25, new=25, updated? false
2022-01-10 11:12:25,264 [grpc-default-executor-0] INFO  impl.RoleInfo (RoleInfo.java:updateAndGet(130)) - 6a22f154-cb7c-441c-a781-fd6e64cf0c09: start 6a22f154-cb7c-441c-a781-fd6e64cf0c09@group-E3265CC39D2B-FollowerState
2022-01-10 11:12:25,314 [6a22f154-cb7c-441c-a781-fd6e64cf0c09@group-E3265CC39D2B-StateMachineUpdater] INFO  ha.SCMHAManagerImpl (SCMHAManagerImpl.java:installCheckpoint(227)) - Installing checkpoint with SCMTransactionInfo 2#24
2022-01-10 11:12:25,319 [6a22f154-cb7c-441c-a781-fd6e64cf0c09@group-E3265CC39D2B-StateMachineUpdater] INFO  ha.SCMHAManagerImpl (SCMHAManagerImpl.java:installCheckpoint(266)) - Replaced DB with checkpoint, term: 2, index: 24
2022-01-10 11:12:25,321 [6a22f154-cb7c-441c-a781-fd6e64cf0c09@group-E3265CC39D2B-StateMachineUpdater] WARN  utils.HAUtils (HAUtils.java:getMetaDir(342)) - ozone.scm.db.dirs is not configured. We recommend adding this setting. Falling back to ozone.metadata.dirs instead.
2022-01-10 11:12:25,321 [6a22f154-cb7c-441c-a781-fd6e64cf0c09@group-E3265CC39D2B-StateMachineUpdater] WARN  db.DBStoreBuilder (DBStoreBuilder.java:applyDBDefinition(145)) - ozone.scm.db.dirs is not configured. We recommend adding this setting. Falling back to ozone.metadata.dirs instead.
2022-01-10 11:12:25,389 [6a22f154-cb7c-441c-a781-fd6e64cf0c09@group-E3265CC39D2B-StateMachineUpdater] INFO  ha.SequenceIdGenerator (SequenceIdGenerator.java:reinitialize(166)) - reinitialize SequenceIdGenerator.
2022-01-10 11:12:25,391 [6a22f154-cb7c-441c-a781-fd6e64cf0c09@group-E3265CC39D2B-StateMachineUpdater] INFO  ha.SCMHAManagerImpl (SCMHAManagerImpl.java:installCheckpoint(277)) - Reloaded SCM state with Term: 2 and Index: 24
2022-01-10 11:12:25,392 [6a22f154-cb7c-441c-a781-fd6e64cf0c09@group-E3265CC39D2B-StateMachineUpdater] INFO  impl.StateMachineUpdater (StateMachineUpdater.java:lambda$new$0(89)) - 6a22f154-cb7c-441c-a781-fd6e64cf0c09@group-E3265CC39D2B-StateMachineUpdater: snapshotIndex: setUnconditionally -1 -> 24
2022-01-10 11:12:25,392 [6a22f154-cb7c-441c-a781-fd6e64cf0c09@group-E3265CC39D2B-StateMachineUpdater] INFO  impl.StateMachineUpdater (StateMachineUpdater.java:lambda$new$0(89)) - 6a22f154-cb7c-441c-a781-fd6e64cf0c09@group-E3265CC39D2B-StateMachineUpdater: appliedIndex: setUnconditionally -1 -> 24
2022-01-10 11:12:25,424 [EndpointStateMachine task thread for /127.0.0.1:14063 - 0 ] INFO  ipc.Client (Client.java:handleConnectionFailure(977)) - Retrying connect to server: localhost/127.0.0.1:14063. Already tried 5 time(s); retry policy is RetryUpToMaximumCountWithFixedSleep(maxRetries=15, sleepTime=1000 MILLISECONDS)
2022-01-10 11:12:25,428 [EndpointStateMachine task thread for /127.0.0.1:14073 - 0 ] INFO  ipc.Client (Client.java:handleConnectionFailure(977)) - Retrying connect to server: localhost/127.0.0.1:14073. Already tried 8 time(s); retry policy is RetryUpToMaximumCountWithFixedSleep(maxRetries=15, sleepTime=1000 MILLISECONDS)
2022-01-10 11:12:25,552 [EndpointStateMachine task thread for /127.0.0.1:14053 - 0 ] INFO  ipc.Client (Client.java:handleConnectionFailure(977)) - Retrying connect to server: localhost/127.0.0.1:14053. Already tried 8 time(s); retry policy is RetryUpToMaximumCountWithFixedSleep(maxRetries=15, sleepTime=1000 MILLISECONDS)
2022-01-10 11:12:26,428 [EndpointStateMachine task thread for /127.0.0.1:14063 - 0 ] INFO  ipc.Client (Client.java:handleConnectionFailure(977)) - Retrying connect to server: localhost/127.0.0.1:14063. Already tried 6 time(s); retry policy is RetryUpToMaximumCountWithFixedSleep(maxRetries=15, sleepTime=1000 MILLISECONDS)
2022-01-10 11:12:26,429 [EndpointStateMachine task thread for /127.0.0.1:14073 - 0 ] INFO  ipc.Client (Client.java:handleConnectionFailure(977)) - Retrying connect to server: localhost/127.0.0.1:14073. Already tried 9 time(s); retry policy is RetryUpToMaximumCountWithFixedSleep(maxRetries=15, sleepTime=1000 MILLISECONDS)
2022-01-10 11:12:26,552 [EndpointStateMachine task thread for /127.0.0.1:14053 - 0 ] INFO  ipc.Client (Client.java:handleConnectionFailure(977)) - Retrying connect to server: localhost/127.0.0.1:14053. Already tried 9 time(s); retry policy is RetryUpToMaximumCountWithFixedSleep(maxRetries=15, sleepTime=1000 MILLISECONDS)
2022-01-10 11:12:27,221 [Datanode State Machine Daemon Thread] ERROR datanode.RunningDatanodeState (RunningDatanodeState.java:computeNextContainerState(199)) - Error in executing end point task.
java.util.concurrent.ExecutionException: java.util.concurrent.TimeoutException
	at java.util.concurrent.FutureTask.report(FutureTask.java:122)
	at java.util.concurrent.FutureTask.get(FutureTask.java:192)
	at org.apache.hadoop.ozone.container.common.states.datanode.RunningDatanodeState.computeNextContainerState(RunningDatanodeState.java:191)
	at org.apache.hadoop.ozone.container.common.states.datanode.RunningDatanodeState.await(RunningDatanodeState.java:231)
	at org.apache.hadoop.ozone.container.common.states.datanode.RunningDatanodeState.await(RunningDatanodeState.java:50)
	at org.apache.hadoop.ozone.container.common.statemachine.StateContext.execute(StateContext.java:633)
	at org.apache.hadoop.ozone.container.common.statemachine.DatanodeStateMachine.start(DatanodeStateMachine.java:280)
	at org.apache.hadoop.ozone.container.common.statemachine.DatanodeStateMachine.lambda$startDaemon$0(DatanodeStateMachine.java:468)
	at java.lang.Thread.run(Thread.java:748)
Caused by: java.util.concurrent.TimeoutException
	at java.util.concurrent.FutureTask.get(FutureTask.java:205)
	at org.apache.hadoop.ozone.container.common.states.datanode.RunningDatanodeState.lambda$execute$0(RunningDatanodeState.java:149)
	at java.util.concurrent.FutureTask.run(FutureTask.java:266)
	at java.util.concurrent.Executors$RunnableAdapter.call(Executors.java:511)
	at java.util.concurrent.FutureTask.run(FutureTask.java:266)
	at java.util.concurrent.ThreadPoolExecutor.runWorker(ThreadPoolExecutor.java:1149)
	at java.util.concurrent.ThreadPoolExecutor$Worker.run(ThreadPoolExecutor.java:624)
	... 1 more
2022-01-10 11:12:27,429 [EndpointStateMachine task thread for /127.0.0.1:14063 - 0 ] INFO  ipc.Client (Client.java:handleConnectionFailure(977)) - Retrying connect to server: localhost/127.0.0.1:14063. Already tried 7 time(s); retry policy is RetryUpToMaximumCountWithFixedSleep(maxRetries=15, sleepTime=1000 MILLISECONDS)
2022-01-10 11:12:27,429 [EndpointStateMachine task thread for /127.0.0.1:14073 - 0 ] INFO  ipc.Client (Client.java:handleConnectionFailure(977)) - Retrying connect to server: localhost/127.0.0.1:14073. Already tried 10 time(s); retry policy is RetryUpToMaximumCountWithFixedSleep(maxRetries=15, sleepTime=1000 MILLISECONDS)
2022-01-10 11:12:27,433 [Datanode State Machine Daemon Thread] ERROR datanode.RunningDatanodeState (RunningDatanodeState.java:computeNextContainerState(199)) - Error in executing end point task.
java.util.concurrent.ExecutionException: java.util.concurrent.TimeoutException
	at java.util.concurrent.FutureTask.report(FutureTask.java:122)
	at java.util.concurrent.FutureTask.get(FutureTask.java:192)
	at org.apache.hadoop.ozone.container.common.states.datanode.RunningDatanodeState.computeNextContainerState(RunningDatanodeState.java:191)
	at org.apache.hadoop.ozone.container.common.states.datanode.RunningDatanodeState.await(RunningDatanodeState.java:231)
	at org.apache.hadoop.ozone.container.common.states.datanode.RunningDatanodeState.await(RunningDatanodeState.java:50)
	at org.apache.hadoop.ozone.container.common.statemachine.StateContext.execute(StateContext.java:633)
	at org.apache.hadoop.ozone.container.common.statemachine.DatanodeStateMachine.start(DatanodeStateMachine.java:280)
	at org.apache.hadoop.ozone.container.common.statemachine.DatanodeStateMachine.lambda$startDaemon$0(DatanodeStateMachine.java:468)
	at java.lang.Thread.run(Thread.java:748)
Caused by: java.util.concurrent.TimeoutException
	at java.util.concurrent.FutureTask.get(FutureTask.java:205)
	at org.apache.hadoop.ozone.container.common.states.datanode.RunningDatanodeState.lambda$execute$0(RunningDatanodeState.java:149)
	at java.util.concurrent.FutureTask.run(FutureTask.java:266)
	at java.util.concurrent.Executors$RunnableAdapter.call(Executors.java:511)
	at java.util.concurrent.FutureTask.run(FutureTask.java:266)
	at java.util.concurrent.ThreadPoolExecutor.runWorker(ThreadPoolExecutor.java:1149)
	at java.util.concurrent.ThreadPoolExecutor$Worker.run(ThreadPoolExecutor.java:624)
	... 1 more
2022-01-10 11:12:27,553 [EndpointStateMachine task thread for /127.0.0.1:14053 - 0 ] INFO  ipc.Client (Client.java:handleConnectionFailure(977)) - Retrying connect to server: localhost/127.0.0.1:14053. Already tried 10 time(s); retry policy is RetryUpToMaximumCountWithFixedSleep(maxRetries=15, sleepTime=1000 MILLISECONDS)
2022-01-10 11:12:27,774 [Datanode State Machine Daemon Thread] ERROR datanode.RunningDatanodeState (RunningDatanodeState.java:computeNextContainerState(199)) - Error in executing end point task.
java.util.concurrent.ExecutionException: java.util.concurrent.TimeoutException
	at java.util.concurrent.FutureTask.report(FutureTask.java:122)
	at java.util.concurrent.FutureTask.get(FutureTask.java:192)
	at org.apache.hadoop.ozone.container.common.states.datanode.RunningDatanodeState.computeNextContainerState(RunningDatanodeState.java:191)
	at org.apache.hadoop.ozone.container.common.states.datanode.RunningDatanodeState.await(RunningDatanodeState.java:231)
	at org.apache.hadoop.ozone.container.common.states.datanode.RunningDatanodeState.await(RunningDatanodeState.java:50)
	at org.apache.hadoop.ozone.container.common.statemachine.StateContext.execute(StateContext.java:633)
	at org.apache.hadoop.ozone.container.common.statemachine.DatanodeStateMachine.start(DatanodeStateMachine.java:280)
	at org.apache.hadoop.ozone.container.common.statemachine.DatanodeStateMachine.lambda$startDaemon$0(DatanodeStateMachine.java:468)
	at java.lang.Thread.run(Thread.java:748)
Caused by: java.util.concurrent.TimeoutException
	at java.util.concurrent.FutureTask.get(FutureTask.java:205)
	at org.apache.hadoop.ozone.container.common.states.datanode.RunningDatanodeState.lambda$execute$0(RunningDatanodeState.java:149)
	at java.util.concurrent.FutureTask.run(FutureTask.java:266)
	at java.util.concurrent.Executors$RunnableAdapter.call(Executors.java:511)
	at java.util.concurrent.FutureTask.run(FutureTask.java:266)
	at java.util.concurrent.ThreadPoolExecutor.runWorker(ThreadPoolExecutor.java:1149)
	at java.util.concurrent.ThreadPoolExecutor$Worker.run(ThreadPoolExecutor.java:624)
	... 1 more
2022-01-10 11:12:28,429 [EndpointStateMachine task thread for /127.0.0.1:14063 - 0 ] INFO  ipc.Client (Client.java:handleConnectionFailure(977)) - Retrying connect to server: localhost/127.0.0.1:14063. Already tried 8 time(s); retry policy is RetryUpToMaximumCountWithFixedSleep(maxRetries=15, sleepTime=1000 MILLISECONDS)
2022-01-10 11:12:28,430 [EndpointStateMachine task thread for /127.0.0.1:14073 - 0 ] INFO  ipc.Client (Client.java:handleConnectionFailure(977)) - Retrying connect to server: localhost/127.0.0.1:14073. Already tried 11 time(s); retry policy is RetryUpToMaximumCountWithFixedSleep(maxRetries=15, sleepTime=1000 MILLISECONDS)
2022-01-10 11:12:28,435 [Datanode State Machine Daemon Thread] ERROR datanode.RunningDatanodeState (RunningDatanodeState.java:computeNextContainerState(199)) - Error in executing end point task.
java.util.concurrent.ExecutionException: java.util.concurrent.TimeoutException
	at java.util.concurrent.FutureTask.report(FutureTask.java:122)
	at java.util.concurrent.FutureTask.get(FutureTask.java:192)
	at org.apache.hadoop.ozone.container.common.states.datanode.RunningDatanodeState.computeNextContainerState(RunningDatanodeState.java:191)
	at org.apache.hadoop.ozone.container.common.states.datanode.RunningDatanodeState.await(RunningDatanodeState.java:231)
	at org.apache.hadoop.ozone.container.common.states.datanode.RunningDatanodeState.await(RunningDatanodeState.java:50)
	at org.apache.hadoop.ozone.container.common.statemachine.StateContext.execute(StateContext.java:633)
	at org.apache.hadoop.ozone.container.common.statemachine.DatanodeStateMachine.start(DatanodeStateMachine.java:280)
	at org.apache.hadoop.ozone.container.common.statemachine.DatanodeStateMachine.lambda$startDaemon$0(DatanodeStateMachine.java:468)
	at java.lang.Thread.run(Thread.java:748)
Caused by: java.util.concurrent.TimeoutException
	at java.util.concurrent.FutureTask.get(FutureTask.java:205)
	at org.apache.hadoop.ozone.container.common.states.datanode.RunningDatanodeState.lambda$execute$0(RunningDatanodeState.java:149)
	at java.util.concurrent.FutureTask.run(FutureTask.java:266)
	at java.util.concurrent.Executors$RunnableAdapter.call(Executors.java:511)
	at java.util.concurrent.FutureTask.run(FutureTask.java:266)
	at java.util.concurrent.ThreadPoolExecutor.runWorker(ThreadPoolExecutor.java:1149)
	at java.util.concurrent.ThreadPoolExecutor$Worker.run(ThreadPoolExecutor.java:624)
	... 1 more
2022-01-10 11:12:28,554 [EndpointStateMachine task thread for /127.0.0.1:14053 - 0 ] INFO  ipc.Client (Client.java:handleConnectionFailure(977)) - Retrying connect to server: localhost/127.0.0.1:14053. Already tried 11 time(s); retry policy is RetryUpToMaximumCountWithFixedSleep(maxRetries=15, sleepTime=1000 MILLISECONDS)
2022-01-10 11:12:28,777 [Datanode State Machine Daemon Thread] ERROR datanode.RunningDatanodeState (RunningDatanodeState.java:computeNextContainerState(199)) - Error in executing end point task.
java.util.concurrent.ExecutionException: java.util.concurrent.TimeoutException
	at java.util.concurrent.FutureTask.report(FutureTask.java:122)
	at java.util.concurrent.FutureTask.get(FutureTask.java:192)
	at org.apache.hadoop.ozone.container.common.states.datanode.RunningDatanodeState.computeNextContainerState(RunningDatanodeState.java:191)
	at org.apache.hadoop.ozone.container.common.states.datanode.RunningDatanodeState.await(RunningDatanodeState.java:231)
	at org.apache.hadoop.ozone.container.common.states.datanode.RunningDatanodeState.await(RunningDatanodeState.java:50)
	at org.apache.hadoop.ozone.container.common.statemachine.StateContext.execute(StateContext.java:633)
	at org.apache.hadoop.ozone.container.common.statemachine.DatanodeStateMachine.start(DatanodeStateMachine.java:280)
	at org.apache.hadoop.ozone.container.common.statemachine.DatanodeStateMachine.lambda$startDaemon$0(DatanodeStateMachine.java:468)
	at java.lang.Thread.run(Thread.java:748)
Caused by: java.util.concurrent.TimeoutException
	at java.util.concurrent.FutureTask.get(FutureTask.java:205)
	at org.apache.hadoop.ozone.container.common.states.datanode.RunningDatanodeState.lambda$execute$0(RunningDatanodeState.java:149)
	at java.util.concurrent.FutureTask.run(FutureTask.java:266)
	at java.util.concurrent.Executors$RunnableAdapter.call(Executors.java:511)
	at java.util.concurrent.FutureTask.run(FutureTask.java:266)
	at java.util.concurrent.ThreadPoolExecutor.runWorker(ThreadPoolExecutor.java:1149)
	at java.util.concurrent.ThreadPoolExecutor$Worker.run(ThreadPoolExecutor.java:624)
	... 1 more
2022-01-10 11:12:29,223 [Datanode State Machine Daemon Thread] ERROR datanode.RunningDatanodeState (RunningDatanodeState.java:computeNextContainerState(199)) - Error in executing end point task.
java.util.concurrent.ExecutionException: java.util.concurrent.TimeoutException
	at java.util.concurrent.FutureTask.report(FutureTask.java:122)
	at java.util.concurrent.FutureTask.get(FutureTask.java:192)
	at org.apache.hadoop.ozone.container.common.states.datanode.RunningDatanodeState.computeNextContainerState(RunningDatanodeState.java:191)
	at org.apache.hadoop.ozone.container.common.states.datanode.RunningDatanodeState.await(RunningDatanodeState.java:231)
	at org.apache.hadoop.ozone.container.common.states.datanode.RunningDatanodeState.await(RunningDatanodeState.java:50)
	at org.apache.hadoop.ozone.container.common.statemachine.StateContext.execute(StateContext.java:633)
	at org.apache.hadoop.ozone.container.common.statemachine.DatanodeStateMachine.start(DatanodeStateMachine.java:280)
	at org.apache.hadoop.ozone.container.common.statemachine.DatanodeStateMachine.lambda$startDaemon$0(DatanodeStateMachine.java:468)
	at java.lang.Thread.run(Thread.java:748)
Caused by: java.util.concurrent.TimeoutException
	at java.util.concurrent.FutureTask.get(FutureTask.java:205)
	at org.apache.hadoop.ozone.container.common.states.datanode.RunningDatanodeState.lambda$execute$0(RunningDatanodeState.java:149)
	at java.util.concurrent.FutureTask.run(FutureTask.java:266)
	at java.util.concurrent.Executors$RunnableAdapter.call(Executors.java:511)
	at java.util.concurrent.FutureTask.run(FutureTask.java:266)
	at java.util.concurrent.ThreadPoolExecutor.runWorker(ThreadPoolExecutor.java:1149)
	at java.util.concurrent.ThreadPoolExecutor$Worker.run(ThreadPoolExecutor.java:624)
	... 1 more
2022-01-10 11:12:29,430 [EndpointStateMachine task thread for /127.0.0.1:14063 - 0 ] INFO  ipc.Client (Client.java:handleConnectionFailure(977)) - Retrying connect to server: localhost/127.0.0.1:14063. Already tried 9 time(s); retry policy is RetryUpToMaximumCountWithFixedSleep(maxRetries=15, sleepTime=1000 MILLISECONDS)
2022-01-10 11:12:29,431 [EndpointStateMachine task thread for /127.0.0.1:14073 - 0 ] INFO  ipc.Client (Client.java:handleConnectionFailure(977)) - Retrying connect to server: localhost/127.0.0.1:14073. Already tried 12 time(s); retry policy is RetryUpToMaximumCountWithFixedSleep(maxRetries=15, sleepTime=1000 MILLISECONDS)
2022-01-10 11:12:29,554 [EndpointStateMachine task thread for /127.0.0.1:14053 - 0 ] INFO  ipc.Client (Client.java:handleConnectionFailure(977)) - Retrying connect to server: localhost/127.0.0.1:14053. Already tried 12 time(s); retry policy is RetryUpToMaximumCountWithFixedSleep(maxRetries=15, sleepTime=1000 MILLISECONDS)
2022-01-10 11:12:29,711 [6a981e52-99aa-4707-bfae-4a3cfe894454@group-E3265CC39D2B-LeaderStateImpl] INFO  server.RaftServer$Division (ServerState.java:setRaftConf(387)) - 6a981e52-99aa-4707-bfae-4a3cfe894454@group-E3265CC39D2B: set configuration 25: [4d48cbeb-2102-4f2b-b398-c18ce09455c6|rpc:localhost:13562|priority:0, 6a981e52-99aa-4707-bfae-4a3cfe894454|rpc:localhost:13552|admin:|client:|dataStream:|priority:0, 6a22f154-cb7c-441c-a781-fd6e64cf0c09|rpc:localhost:13572|priority:0], old=[4d48cbeb-2102-4f2b-b398-c18ce09455c6|rpc:localhost:13562|priority:0, 6a981e52-99aa-4707-bfae-4a3cfe894454|rpc:localhost:13552|admin:|client:|dataStream:|priority:0]
2022-01-10 11:12:29,713 [grpc-default-executor-0] INFO  server.RaftServer$Division (ServerState.java:setRaftConf(387)) - 4d48cbeb-2102-4f2b-b398-c18ce09455c6@group-E3265CC39D2B: set configuration 25: [4d48cbeb-2102-4f2b-b398-c18ce09455c6|rpc:localhost:13562|admin:|client:|dataStream:|priority:0, 6a981e52-99aa-4707-bfae-4a3cfe894454|rpc:localhost:13552|admin:|client:|dataStream:|priority:0, 6a22f154-cb7c-441c-a781-fd6e64cf0c09|rpc:localhost:13572|admin:|client:|dataStream:|priority:0], old=[4d48cbeb-2102-4f2b-b398-c18ce09455c6|rpc:localhost:13562|admin:|client:|dataStream:|priority:0, 6a981e52-99aa-4707-bfae-4a3cfe894454|rpc:localhost:13552|admin:|client:|dataStream:|priority:0]
2022-01-10 11:12:29,714 [grpc-default-executor-0] INFO  server.RaftServer$Division (ServerState.java:setRaftConf(387)) - 6a22f154-cb7c-441c-a781-fd6e64cf0c09@group-E3265CC39D2B: set configuration 25: [4d48cbeb-2102-4f2b-b398-c18ce09455c6|rpc:localhost:13562|admin:|client:|dataStream:|priority:0, 6a981e52-99aa-4707-bfae-4a3cfe894454|rpc:localhost:13552|admin:|client:|dataStream:|priority:0, 6a22f154-cb7c-441c-a781-fd6e64cf0c09|rpc:localhost:13572|admin:|client:|dataStream:|priority:0], old=[4d48cbeb-2102-4f2b-b398-c18ce09455c6|rpc:localhost:13562|admin:|client:|dataStream:|priority:0, 6a981e52-99aa-4707-bfae-4a3cfe894454|rpc:localhost:13552|admin:|client:|dataStream:|priority:0]
2022-01-10 11:12:29,714 [grpc-default-executor-0] INFO  segmented.SegmentedRaftLogWorker (SegmentedRaftLogWorker.java:startLogSegment(394)) - 6a22f154-cb7c-441c-a781-fd6e64cf0c09@group-E3265CC39D2B-SegmentedRaftLogWorker: Starting segment from index:25
2022-01-10 11:12:29,720 [6a981e52-99aa-4707-bfae-4a3cfe894454@group-E3265CC39D2B-LeaderStateImpl] INFO  server.RaftServer$Division (ServerState.java:setRaftConf(387)) - 6a981e52-99aa-4707-bfae-4a3cfe894454@group-E3265CC39D2B: set configuration 27: [4d48cbeb-2102-4f2b-b398-c18ce09455c6|rpc:localhost:13562|priority:0, 6a981e52-99aa-4707-bfae-4a3cfe894454|rpc:localhost:13552|admin:|client:|dataStream:|priority:0, 6a22f154-cb7c-441c-a781-fd6e64cf0c09|rpc:localhost:13572|priority:0], old=null
2022-01-10 11:12:29,720 [6a981e52-99aa-4707-bfae-4a3cfe894454@group-E3265CC39D2B-StateMachineUpdater] INFO  ha.SCMStateMachine (SCMStateMachine.java:takeSnapshot(297)) - Current Snapshot Index 25, takeSnapshot took 0 ms
2022-01-10 11:12:29,720 [6a981e52-99aa-4707-bfae-4a3cfe894454@group-E3265CC39D2B-StateMachineUpdater] INFO  impl.StateMachineUpdater (StateMachineUpdater.java:takeSnapshot(281)) - 6a981e52-99aa-4707-bfae-4a3cfe894454@group-E3265CC39D2B-StateMachineUpdater: Took a snapshot at index 25
2022-01-10 11:12:29,720 [6a981e52-99aa-4707-bfae-4a3cfe894454@group-E3265CC39D2B-StateMachineUpdater] INFO  impl.StateMachineUpdater (StateMachineUpdater.java:lambda$new$0(89)) - 6a981e52-99aa-4707-bfae-4a3cfe894454@group-E3265CC39D2B-StateMachineUpdater: snapshotIndex: updateIncreasingly 20 -> 25
2022-01-10 11:12:29,720 [6a981e52-99aa-4707-bfae-4a3cfe894454@group-E3265CC39D2B-StateMachineUpdater] INFO  raftlog.RaftLog (RaftLogBase.java:purge(306)) - 6a981e52-99aa-4707-bfae-4a3cfe894454@group-E3265CC39D2B-SegmentedRaftLog: purge 25
2022-01-10 11:12:29,721 [6a981e52-99aa-4707-bfae-4a3cfe894454@group-E3265CC39D2B-StateMachineUpdater] INFO  raftlog.RaftLog (RaftLogBase.java:lambda$new$0(53)) - 6a981e52-99aa-4707-bfae-4a3cfe894454@group-E3265CC39D2B-SegmentedRaftLog: snapshotIndex: updateIncreasingly 20 -> 25
2022-01-10 11:12:29,721 [6a981e52-99aa-4707-bfae-4a3cfe894454@group-E3265CC39D2B-StateMachineUpdater] INFO  raftlog.RaftLog (RaftLogBase.java:lambda$new$0(53)) - 6a981e52-99aa-4707-bfae-4a3cfe894454@group-E3265CC39D2B-SegmentedRaftLog: purgeIndex: updateToMax old=20, new=25, updated? true
2022-01-10 11:12:29,722 [grpc-default-executor-1] INFO  server.RaftServer$Division (ServerState.java:setRaftConf(387)) - 4d48cbeb-2102-4f2b-b398-c18ce09455c6@group-E3265CC39D2B: set configuration 27: [4d48cbeb-2102-4f2b-b398-c18ce09455c6|rpc:localhost:13562|admin:|client:|dataStream:|priority:0, 6a981e52-99aa-4707-bfae-4a3cfe894454|rpc:localhost:13552|admin:|client:|dataStream:|priority:0, 6a22f154-cb7c-441c-a781-fd6e64cf0c09|rpc:localhost:13572|admin:|client:|dataStream:|priority:0], old=null
2022-01-10 11:12:29,722 [grpc-default-executor-0] INFO  server.RaftServer$Division (ServerState.java:setRaftConf(387)) - 6a22f154-cb7c-441c-a781-fd6e64cf0c09@group-E3265CC39D2B: set configuration 27: [4d48cbeb-2102-4f2b-b398-c18ce09455c6|rpc:localhost:13562|admin:|client:|dataStream:|priority:0, 6a981e52-99aa-4707-bfae-4a3cfe894454|rpc:localhost:13552|admin:|client:|dataStream:|priority:0, 6a22f154-cb7c-441c-a781-fd6e64cf0c09|rpc:localhost:13572|admin:|client:|dataStream:|priority:0], old=null
2022-01-10 11:12:29,726 [IPC Server handler 66 on default port 13554] INFO  ha.SCMRatisServerImpl (SCMRatisServerImpl.java:addSCM(302)) - Successfully added new SCM: 6a22f154-cb7c-441c-a781-fd6e64cf0c09.
2022-01-10 11:12:29,726 [6a22f154-cb7c-441c-a781-fd6e64cf0c09@group-E3265CC39D2B-SegmentedRaftLogWorker] INFO  segmented.SegmentedRaftLogWorker (SegmentedRaftLogWorker.java:execute(601)) - 6a22f154-cb7c-441c-a781-fd6e64cf0c09@group-E3265CC39D2B-SegmentedRaftLogWorker: created new log segment /home/runner/work/ozone/ozone/hadoop-ozone/integration-test/target/test-dir/MiniOzoneClusterImpl-7d1a95dd-ad38-4e88-9004-e3265cc39d2b/scmNode-3/scm-ha/7d1a95dd-ad38-4e88-9004-e3265cc39d2b/current/log_inprogress_25
2022-01-10 11:12:29,729 [Listener at 127.0.0.1/12236] INFO  ha.SCMHAManagerImpl (SCMHAManagerImpl.java:start(116)) - Successfully added SCM scmNode-3 to group group-E3265CC39D2B:[4d48cbeb-2102-4f2b-b398-c18ce09455c6|rpc:localhost:13562|admin:|client:|dataStream:|priority:0, 6a981e52-99aa-4707-bfae-4a3cfe894454|rpc:localhost:13552|admin:|client:|dataStream:|priority:0, 6a22f154-cb7c-441c-a781-fd6e64cf0c09|rpc:localhost:13572|admin:|client:|dataStream:|priority:0]
2022-01-10 11:12:29,729 [Listener at 127.0.0.1/12236] INFO  ha.InterSCMGrpcService (InterSCMGrpcProtocolService.java:start(94)) - Starting SCM Grpc Service at port 13576
2022-01-10 11:12:29,730 [Listener at 127.0.0.1/12236] INFO  impl.MetricsSystemImpl (MetricsSystemImpl.java:init(158)) - StorageContainerManager metrics system started (again)
2022-01-10 11:12:29,744 [a128689b-7346-4663-acc6-739d712788d9@group-1B62DF32BCE0-FollowerState] INFO  impl.FollowerState (FollowerState.java:run(134)) - a128689b-7346-4663-acc6-739d712788d9@group-1B62DF32BCE0-FollowerState: change to CANDIDATE, lastRpcElapsedTime:5018193946ns, electionTimeout:5008ms
2022-01-10 11:12:29,744 [a128689b-7346-4663-acc6-739d712788d9@group-1B62DF32BCE0-FollowerState] INFO  impl.RoleInfo (RoleInfo.java:shutdownFollowerState(108)) - a128689b-7346-4663-acc6-739d712788d9: shutdown a128689b-7346-4663-acc6-739d712788d9@group-1B62DF32BCE0-FollowerState
2022-01-10 11:12:29,744 [a128689b-7346-4663-acc6-739d712788d9@group-1B62DF32BCE0-FollowerState] INFO  server.RaftServer$Division (RaftServerImpl.java:setRole(290)) - a128689b-7346-4663-acc6-739d712788d9@group-1B62DF32BCE0: changes role from  FOLLOWER to CANDIDATE at term 1 for changeToCandidate
2022-01-10 11:12:29,757 [a128689b-7346-4663-acc6-739d712788d9@group-1B62DF32BCE0-FollowerState] INFO  server.RaftServerConfigKeys (ConfUtils.java:logGet(44)) - raft.server.leaderelection.pre-vote = false (custom)
2022-01-10 11:12:29,757 [a128689b-7346-4663-acc6-739d712788d9@group-1B62DF32BCE0-FollowerState] INFO  impl.RoleInfo (RoleInfo.java:updateAndGet(130)) - a128689b-7346-4663-acc6-739d712788d9: start a128689b-7346-4663-acc6-739d712788d9@group-1B62DF32BCE0-LeaderElection23
2022-01-10 11:12:29,770 [6a22f154-cb7c-441c-a781-fd6e64cf0c09@group-E3265CC39D2B-StateMachineUpdater] INFO  safemode.HealthyPipelineSafeModeRule (HealthyPipelineSafeModeRule.java:initializeRule(152)) - Refreshed total pipeline count is 1, healthy pipeline threshold count is 1
2022-01-10 11:12:29,770 [6a22f154-cb7c-441c-a781-fd6e64cf0c09@group-E3265CC39D2B-StateMachineUpdater] INFO  safemode.ContainerSafeModeRule (ContainerSafeModeRule.java:reInitializeRule(177)) - Refreshed one replica container threshold 0, currentThreshold 0
2022-01-10 11:12:29,770 [6a22f154-cb7c-441c-a781-fd6e64cf0c09@group-E3265CC39D2B-StateMachineUpdater] INFO  safemode.OneReplicaPipelineSafeModeRule (OneReplicaPipelineSafeModeRule.java:initializeRule(176)) - Refreshed Total pipeline count is 1, pipeline's with at least one datanode reported threshold count is 1
2022-01-10 11:12:29,770 [6a22f154-cb7c-441c-a781-fd6e64cf0c09@group-E3265CC39D2B-StateMachineUpdater] INFO  server.SCMDatanodeProtocolServer (SCMDatanodeProtocolServer.java:start(181)) - ScmDatanodeProtocol RPC server for DataNodes is listening at /0.0.0.0:13573
2022-01-10 11:12:29,775 [Listener at 127.0.0.1/12236] INFO  server.SCMClientProtocolServer (SCMClientProtocolServer.java:start(164)) - RPC server for Client  is listening at /0.0.0.0:13575
2022-01-10 11:12:29,794 [IPC Server Responder] INFO  ipc.Server (Server.java:run(1507)) - IPC Server Responder: starting
2022-01-10 11:12:29,802 [IPC Server listener on 13575] INFO  ipc.Server (Server.java:run(1344)) - IPC Server listener on 13575: starting
2022-01-10 11:12:29,804 [a128689b-7346-4663-acc6-739d712788d9@group-1B62DF32BCE0-LeaderElection23] INFO  impl.LeaderElection (LeaderElection.java:askForVotes(306)) - a128689b-7346-4663-acc6-739d712788d9@group-1B62DF32BCE0-LeaderElection23 ELECTION round 0: submit vote requests at term 2 for -1: [af60d39b-22ca-4a7c-b55e-02ce95ae6b6a|rpc:127.0.0.1:36573|priority:1, f1456eab-cb96-47f4-be6a-df81f044b3ea|rpc:127.0.0.1:40757|priority:0, a128689b-7346-4663-acc6-739d712788d9|rpc:127.0.0.1:44189|priority:0], old=null
2022-01-10 11:12:29,814 [Listener at 127.0.0.1/12236] INFO  server.StorageContainerManager (StorageContainerManager.java:start(1318)) - ScmBlockLocationProtocol RPC server is listening at /0.0.0.0:13574
2022-01-10 11:12:29,815 [Listener at 127.0.0.1/12236] INFO  server.SCMBlockProtocolServer (SCMBlockProtocolServer.java:start(151)) - RPC server for Block Protocol is listening at /0.0.0.0:13574
2022-01-10 11:12:29,815 [IPC Server Responder] INFO  ipc.Server (Server.java:run(1507)) - IPC Server Responder: starting
2022-01-10 11:12:29,815 [IPC Server listener on 13574] INFO  ipc.Server (Server.java:run(1344)) - IPC Server listener on 13574: starting
2022-01-10 11:12:29,837 [Listener at 127.0.0.1/12236] INFO  http.BaseHttpServer (BaseHttpServer.java:newHttpServer2BuilderForOzone(209)) - Starting Web-server for scm at: http://0.0.0.0:13570
2022-01-10 11:12:29,837 [Listener at 127.0.0.1/12236] INFO  http.BaseHttpServer (BaseHttpServer.java:<init>(107)) - Hadoop Security Enabled: false Ozone Security Enabled: false Ozone HTTP Security Enabled: false 
2022-01-10 11:12:29,838 [Listener at 127.0.0.1/12236] INFO  server.AuthenticationFilter (AuthenticationFilter.java:constructSecretProvider(240)) - Unable to initialize FileSignerSecretProvider, falling back to use random secrets.
2022-01-10 11:12:29,840 [org.apache.hadoop.util.JvmPauseMonitor$Monitor@907a731] INFO  util.JvmPauseMonitor (JvmPauseMonitor.java:run(188)) - Starting JVM pause monitor
2022-01-10 11:12:29,861 [Listener at 127.0.0.1/12236] WARN  http.HttpRequestLog (HttpRequestLog.java:getRequestLog(103)) - Jetty request log can only be enabled using Log4j
2022-01-10 11:12:29,862 [Listener at 127.0.0.1/12236] INFO  http.HttpServer2 (HttpServer2.java:addGlobalFilter(1030)) - Added global filter 'safety' (class=org.apache.hadoop.hdds.server.http.HttpServer2$QuotingInputFilter)
2022-01-10 11:12:29,863 [Listener at 127.0.0.1/12236] INFO  http.HttpServer2 (HttpServer2.java:addFilter(1006)) - Added filter static_user_filter (class=org.apache.hadoop.http.lib.StaticUserWebFilter$StaticUserFilter) to context scm
2022-01-10 11:12:29,863 [Listener at 127.0.0.1/12236] INFO  http.HttpServer2 (HttpServer2.java:addFilter(1014)) - Added filter static_user_filter (class=org.apache.hadoop.http.lib.StaticUserWebFilter$StaticUserFilter) to context static
2022-01-10 11:12:29,863 [Listener at 127.0.0.1/12236] INFO  http.HttpServer2 (HttpServer2.java:addFilter(1014)) - Added filter static_user_filter (class=org.apache.hadoop.http.lib.StaticUserWebFilter$StaticUserFilter) to context logs
2022-01-10 11:12:29,864 [Listener at 127.0.0.1/12236] INFO  http.HttpServer2 (HttpServer2.java:bindListener(1249)) - Jetty bound to port 13570
2022-01-10 11:12:29,864 [Listener at 127.0.0.1/12236] INFO  server.Server (Server.java:doStart(375)) - jetty-9.4.43.v20210629; built: 2021-06-30T11:07:22.254Z; git: 526006ecfa3af7f1a27ef3a288e2bef7ea9dd7e8; jvm 1.8.0_292-b10
2022-01-10 11:12:29,888 [Listener at 127.0.0.1/12236] INFO  server.session (DefaultSessionIdManager.java:doStart(334)) - DefaultSessionIdManager workerName=node0
2022-01-10 11:12:29,888 [Listener at 127.0.0.1/12236] INFO  server.session (DefaultSessionIdManager.java:doStart(339)) - No SessionScavenger set, using defaults
2022-01-10 11:12:29,889 [Listener at 127.0.0.1/12236] INFO  server.session (HouseKeeper.java:startScavenging(132)) - node0 Scavenging every 660000ms
2022-01-10 11:12:29,921 [Listener at 127.0.0.1/12236] INFO  handler.ContextHandler (ContextHandler.java:doStart(915)) - Started o.e.j.s.ServletContextHandler@4a86103{logs,/logs,file:///home/runner/work/ozone/ozone/hadoop-ozone/integration-test/target/log,AVAILABLE}
2022-01-10 11:12:29,922 [Listener at 127.0.0.1/12236] INFO  handler.ContextHandler (ContextHandler.java:doStart(915)) - Started o.e.j.s.ServletContextHandler@76669d13{static,/static,file:///home/runner/work/ozone/ozone/hadoop-ozone/integration-test/target/test-classes/webapps/static,AVAILABLE}
2022-01-10 11:12:29,924 [af60d39b-22ca-4a7c-b55e-02ce95ae6b6a@group-1B62DF32BCE0-FollowerState] INFO  impl.FollowerState (FollowerState.java:run(134)) - af60d39b-22ca-4a7c-b55e-02ce95ae6b6a@group-1B62DF32BCE0-FollowerState: change to CANDIDATE, lastRpcElapsedTime:5205698704ns, electionTimeout:5073ms
2022-01-10 11:12:29,924 [af60d39b-22ca-4a7c-b55e-02ce95ae6b6a@group-1B62DF32BCE0-FollowerState] INFO  impl.RoleInfo (RoleInfo.java:shutdownFollowerState(108)) - af60d39b-22ca-4a7c-b55e-02ce95ae6b6a: shutdown af60d39b-22ca-4a7c-b55e-02ce95ae6b6a@group-1B62DF32BCE0-FollowerState
2022-01-10 11:12:29,924 [af60d39b-22ca-4a7c-b55e-02ce95ae6b6a@group-1B62DF32BCE0-FollowerState] INFO  server.RaftServer$Division (RaftServerImpl.java:setRole(290)) - af60d39b-22ca-4a7c-b55e-02ce95ae6b6a@group-1B62DF32BCE0: changes role from  FOLLOWER to CANDIDATE at term 1 for changeToCandidate
2022-01-10 11:12:29,925 [af60d39b-22ca-4a7c-b55e-02ce95ae6b6a@group-1B62DF32BCE0-FollowerState] INFO  server.RaftServerConfigKeys (ConfUtils.java:logGet(44)) - raft.server.leaderelection.pre-vote = false (custom)
2022-01-10 11:12:29,925 [af60d39b-22ca-4a7c-b55e-02ce95ae6b6a@group-1B62DF32BCE0-FollowerState] INFO  impl.RoleInfo (RoleInfo.java:updateAndGet(130)) - af60d39b-22ca-4a7c-b55e-02ce95ae6b6a: start af60d39b-22ca-4a7c-b55e-02ce95ae6b6a@group-1B62DF32BCE0-LeaderElection24
2022-01-10 11:12:29,926 [Listener at 127.0.0.1/12236] INFO  handler.ContextHandler (ContextHandler.java:doStart(915)) - Started o.e.j.w.WebAppContext@43e07d88{scm,/,file:///home/runner/work/ozone/ozone/hadoop-ozone/integration-test/target/test-classes/webapps/scm/,AVAILABLE}{file:/home/runner/work/ozone/ozone/hadoop-ozone/integration-test/target/test-classes/webapps/scm}
2022-01-10 11:12:29,940 [grpc-default-executor-0] INFO  server.RaftServer$Division (RaftServerImpl.java:requestVote(1046)) - f1456eab-cb96-47f4-be6a-df81f044b3ea@group-1B62DF32BCE0: receive requestVote(ELECTION, a128689b-7346-4663-acc6-739d712788d9, group-1B62DF32BCE0, 2, (t:0, i:0))
2022-01-10 11:12:29,940 [grpc-default-executor-0] INFO  impl.VoteContext (VoteContext.java:log(48)) - f1456eab-cb96-47f4-be6a-df81f044b3ea@group-1B62DF32BCE0-FOLLOWER: accept ELECTION from a128689b-7346-4663-acc6-739d712788d9: our priority 0 <= candidate's priority 0
2022-01-10 11:12:29,940 [grpc-default-executor-0] INFO  server.RaftServer$Division (RaftServerImpl.java:setRole(290)) - f1456eab-cb96-47f4-be6a-df81f044b3ea@group-1B62DF32BCE0: changes role from  FOLLOWER to FOLLOWER at term 2 for candidate:a128689b-7346-4663-acc6-739d712788d9
2022-01-10 11:12:29,940 [grpc-default-executor-0] INFO  impl.RoleInfo (RoleInfo.java:shutdownFollowerState(108)) - f1456eab-cb96-47f4-be6a-df81f044b3ea: shutdown f1456eab-cb96-47f4-be6a-df81f044b3ea@group-1B62DF32BCE0-FollowerState
2022-01-10 11:12:29,941 [grpc-default-executor-0] INFO  impl.RoleInfo (RoleInfo.java:updateAndGet(130)) - f1456eab-cb96-47f4-be6a-df81f044b3ea: start f1456eab-cb96-47f4-be6a-df81f044b3ea@group-1B62DF32BCE0-FollowerState
2022-01-10 11:12:29,941 [grpc-default-executor-1] INFO  server.RaftServer$Division (RaftServerImpl.java:requestVote(1046)) - af60d39b-22ca-4a7c-b55e-02ce95ae6b6a@group-1B62DF32BCE0: receive requestVote(ELECTION, a128689b-7346-4663-acc6-739d712788d9, group-1B62DF32BCE0, 2, (t:0, i:0))
2022-01-10 11:12:29,949 [grpc-default-executor-0] INFO  server.RaftServer$Division (RaftServerImpl.java:requestVote(1078)) - f1456eab-cb96-47f4-be6a-df81f044b3ea@group-1B62DF32BCE0 replies to ELECTION vote request: a128689b-7346-4663-acc6-739d712788d9<-f1456eab-cb96-47f4-be6a-df81f044b3ea#0:OK-t2. Peer's state: f1456eab-cb96-47f4-be6a-df81f044b3ea@group-1B62DF32BCE0:t2, leader=null, voted=a128689b-7346-4663-acc6-739d712788d9, raftlog=f1456eab-cb96-47f4-be6a-df81f044b3ea@group-1B62DF32BCE0-SegmentedRaftLog:OPENED:c-1, conf=-1: [af60d39b-22ca-4a7c-b55e-02ce95ae6b6a|rpc:127.0.0.1:36573|priority:1, f1456eab-cb96-47f4-be6a-df81f044b3ea|rpc:127.0.0.1:40757|priority:0, a128689b-7346-4663-acc6-739d712788d9|rpc:127.0.0.1:44189|priority:0], old=null
2022-01-10 11:12:29,950 [f1456eab-cb96-47f4-be6a-df81f044b3ea@group-1B62DF32BCE0-FollowerState] INFO  impl.FollowerState (FollowerState.java:run(134)) - f1456eab-cb96-47f4-be6a-df81f044b3ea@group-1B62DF32BCE0-FollowerState: change to CANDIDATE, lastRpcElapsedTime:5176822809ns, electionTimeout:5161ms
2022-01-10 11:12:29,950 [f1456eab-cb96-47f4-be6a-df81f044b3ea@group-1B62DF32BCE0-FollowerState] INFO  impl.RoleInfo (RoleInfo.java:shutdownFollowerState(108)) - f1456eab-cb96-47f4-be6a-df81f044b3ea: shutdown f1456eab-cb96-47f4-be6a-df81f044b3ea@group-1B62DF32BCE0-FollowerState
2022-01-10 11:12:29,950 [f1456eab-cb96-47f4-be6a-df81f044b3ea@group-1B62DF32BCE0-FollowerState] INFO  server.RaftServer$Division (RaftServerImpl.java:setRole(290)) - f1456eab-cb96-47f4-be6a-df81f044b3ea@group-1B62DF32BCE0: changes role from  FOLLOWER to CANDIDATE at term 2 for changeToCandidate
2022-01-10 11:12:29,950 [f1456eab-cb96-47f4-be6a-df81f044b3ea@group-1B62DF32BCE0-FollowerState] INFO  server.RaftServerConfigKeys (ConfUtils.java:logGet(44)) - raft.server.leaderelection.pre-vote = false (custom)
2022-01-10 11:12:29,950 [f1456eab-cb96-47f4-be6a-df81f044b3ea@group-1B62DF32BCE0-FollowerState] INFO  impl.RoleInfo (RoleInfo.java:updateAndGet(130)) - f1456eab-cb96-47f4-be6a-df81f044b3ea: start f1456eab-cb96-47f4-be6a-df81f044b3ea@group-1B62DF32BCE0-LeaderElection25
2022-01-10 11:12:29,950 [af60d39b-22ca-4a7c-b55e-02ce95ae6b6a@group-1B62DF32BCE0-LeaderElection24] INFO  impl.LeaderElection (LeaderElection.java:askForVotes(306)) - af60d39b-22ca-4a7c-b55e-02ce95ae6b6a@group-1B62DF32BCE0-LeaderElection24 ELECTION round 0: submit vote requests at term 2 for -1: [af60d39b-22ca-4a7c-b55e-02ce95ae6b6a|rpc:127.0.0.1:36573|dataStream:|priority:1, f1456eab-cb96-47f4-be6a-df81f044b3ea|rpc:127.0.0.1:40757|dataStream:|priority:0, a128689b-7346-4663-acc6-739d712788d9|rpc:127.0.0.1:44189|dataStream:|priority:0], old=null
2022-01-10 11:12:29,951 [grpc-default-executor-1] INFO  impl.VoteContext (VoteContext.java:log(48)) - af60d39b-22ca-4a7c-b55e-02ce95ae6b6a@group-1B62DF32BCE0-CANDIDATE: reject ELECTION from a128689b-7346-4663-acc6-739d712788d9: already has voted for af60d39b-22ca-4a7c-b55e-02ce95ae6b6a at current term 2
2022-01-10 11:12:29,951 [grpc-default-executor-1] INFO  server.RaftServer$Division (RaftServerImpl.java:requestVote(1078)) - af60d39b-22ca-4a7c-b55e-02ce95ae6b6a@group-1B62DF32BCE0 replies to ELECTION vote request: a128689b-7346-4663-acc6-739d712788d9<-af60d39b-22ca-4a7c-b55e-02ce95ae6b6a#0:FAIL-t2. Peer's state: af60d39b-22ca-4a7c-b55e-02ce95ae6b6a@group-1B62DF32BCE0:t2, leader=null, voted=af60d39b-22ca-4a7c-b55e-02ce95ae6b6a, raftlog=af60d39b-22ca-4a7c-b55e-02ce95ae6b6a@group-1B62DF32BCE0-SegmentedRaftLog:OPENED:c-1, conf=-1: [af60d39b-22ca-4a7c-b55e-02ce95ae6b6a|rpc:127.0.0.1:36573|dataStream:|priority:1, f1456eab-cb96-47f4-be6a-df81f044b3ea|rpc:127.0.0.1:40757|dataStream:|priority:0, a128689b-7346-4663-acc6-739d712788d9|rpc:127.0.0.1:44189|dataStream:|priority:0], old=null
2022-01-10 11:12:29,962 [IPC Server Responder] INFO  ipc.Server (Server.java:run(1507)) - IPC Server Responder: starting
2022-01-10 11:12:29,974 [f1456eab-cb96-47f4-be6a-df81f044b3ea@group-1B62DF32BCE0-LeaderElection25] INFO  impl.LeaderElection (LeaderElection.java:askForVotes(306)) - f1456eab-cb96-47f4-be6a-df81f044b3ea@group-1B62DF32BCE0-LeaderElection25 ELECTION round 0: submit vote requests at term 3 for -1: [af60d39b-22ca-4a7c-b55e-02ce95ae6b6a|rpc:127.0.0.1:36573|priority:1, f1456eab-cb96-47f4-be6a-df81f044b3ea|rpc:127.0.0.1:40757|priority:0, a128689b-7346-4663-acc6-739d712788d9|rpc:127.0.0.1:44189|priority:0], old=null
2022-01-10 11:12:29,985 [Listener at 127.0.0.1/12236] INFO  server.AbstractConnector (AbstractConnector.java:doStart(331)) - Started ServerConnector@3885b162{HTTP/1.1, (http/1.1)}{0.0.0.0:13570}
2022-01-10 11:12:29,985 [Listener at 127.0.0.1/12236] INFO  server.Server (Server.java:doStart(415)) - Started @115261ms
2022-01-10 11:12:29,985 [Listener at 127.0.0.1/12236] WARN  impl.MetricsSystemImpl (MetricsSystemImpl.java:register(279)) - Sink prometheus already exists!
2022-01-10 11:12:29,986 [Listener at 127.0.0.1/12236] INFO  http.BaseHttpServer (BaseHttpServer.java:updateConnectorAddress(329)) - HTTP server of scm listening at http://0.0.0.0:13570
2022-01-10 11:12:29,986 [Listener at 127.0.0.1/12236] INFO  safemode.SCMSafeModeManager (SCMSafeModeManager.java:exitSafeMode(248)) - SCM exiting safe mode.
2022-01-10 11:12:29,986 [Listener at 127.0.0.1/12236] WARN  events.EventQueue (EventQueue.java:fireEvent(194)) - No event handler registered for event TypedEvent{payloadType=SafeModeStatus, name='Safe mode status'}
2022-01-10 11:12:29,987 [Listener at 127.0.0.1/12236] INFO  ha.SCMContext (SCMContext.java:updateSafeModeStatus(211)) - Update SafeModeStatus from SafeModeStatus{safeModeStatus=true, preCheckPassed=false} to SafeModeStatus{safeModeStatus=false, preCheckPassed=true}.
2022-01-10 11:12:29,995 [Listener at 127.0.0.1/12236] INFO  db.RDBCheckpointManager (RDBCheckpointManager.java:createCheckpoint(86)) - Created checkpoint at /home/runner/work/ozone/ozone/hadoop-ozone/integration-test/target/test-dir/MiniOzoneClusterImpl-7d1a95dd-ad38-4e88-9004-e3265cc39d2b/scmNode-1/db.checkpoints/scm.db_checkpoint_1641813149987 in 8 milliseconds
2022-01-10 11:12:29,996 [Listener at 127.0.0.1/12236] INFO  server.SCMDatanodeProtocolServer (SCMDatanodeProtocolServer.java:start(181)) - ScmDatanodeProtocol RPC server for DataNodes is listening at /0.0.0.0:13573
2022-01-10 11:12:29,996 [IPC Server listener on 13573] INFO  ipc.Server (Server.java:run(1344)) - IPC Server listener on 13573: starting
2022-01-10 11:12:30,062 [6a22f154-cb7c-441c-a781-fd6e64cf0c09@group-E3265CC39D2B-StateMachineUpdater] ERROR impl.StateMachineUpdater (StateMachineUpdater.java:run(191)) - 6a22f154-cb7c-441c-a781-fd6e64cf0c09@group-E3265CC39D2B-StateMachineUpdater caught a Throwable.
java.lang.IllegalStateException: 6a22f154-cb7c-441c-a781-fd6e64cf0c09: Failed updateLastAppliedTermIndex: newTI = (t:2, i:26) < oldTI = (t:2, i:128)
	at org.apache.ratis.util.Preconditions.assertTrue(Preconditions.java:72)
	at org.apache.ratis.statemachine.impl.BaseStateMachine.updateLastAppliedTermIndex(BaseStateMachine.java:142)
	at org.apache.hadoop.hdds.scm.ha.SCMStateMachine.notifyTermIndexUpdated(SCMStateMachine.java:310)
	at org.apache.ratis.server.impl.RaftServerImpl.applyLogToStateMachine(RaftServerImpl.java:1701)
	at org.apache.ratis.server.impl.StateMachineUpdater.applyLog(StateMachineUpdater.java:234)
	at org.apache.ratis.server.impl.StateMachineUpdater.run(StateMachineUpdater.java:179)
	at java.lang.Thread.run(Thread.java:748)
2022-01-10 11:12:30,062 [6a22f154-cb7c-441c-a781-fd6e64cf0c09@group-E3265CC39D2B-StateMachineUpdater] INFO  server.RaftServer$Division (RaftServerImpl.java:lambda$close$4(412)) - 6a22f154-cb7c-441c-a781-fd6e64cf0c09@group-E3265CC39D2B: shutdown
2022-01-10 11:12:30,062 [6a22f154-cb7c-441c-a781-fd6e64cf0c09@group-E3265CC39D2B-StateMachineUpdater] INFO  util.JmxRegister (JmxRegister.java:unregister(73)) - Successfully un-registered JMX Bean with object name Ratis:service=RaftServer,group=group-E3265CC39D2B,id=6a22f154-cb7c-441c-a781-fd6e64cf0c09
2022-01-10 11:12:30,062 [6a22f154-cb7c-441c-a781-fd6e64cf0c09@group-E3265CC39D2B-StateMachineUpdater] INFO  impl.RoleInfo (RoleInfo.java:shutdownFollowerState(108)) - 6a22f154-cb7c-441c-a781-fd6e64cf0c09: shutdown 6a22f154-cb7c-441c-a781-fd6e64cf0c09@group-E3265CC39D2B-FollowerState
2022-01-10 11:12:30,066 [6a22f154-cb7c-441c-a781-fd6e64cf0c09@group-E3265CC39D2B-FollowerState] INFO  impl.FollowerState (FollowerState.java:run(143)) - 6a22f154-cb7c-441c-a781-fd6e64cf0c09@group-E3265CC39D2B-FollowerState was interrupted: {}
java.lang.InterruptedException: sleep interrupted
	at java.lang.Thread.sleep(Native Method)
	at java.lang.Thread.sleep(Thread.java:340)
	at java.util.concurrent.TimeUnit.sleep(TimeUnit.java:386)
	at org.apache.ratis.util.TimeDuration.sleep(TimeDuration.java:324)
	at org.apache.ratis.util.TimeDuration.sleep(TimeDuration.java:309)
	at org.apache.ratis.server.impl.FollowerState.run(FollowerState.java:118)
2022-01-10 11:12:30,067 [Listener at 127.0.0.1/12236] INFO  ozone.MiniOzoneClusterImpl (MiniOzoneClusterImpl.java:shutdown(453)) - Shutting down the Mini Ozone Cluster
2022-01-10 11:12:30,068 [Listener at 127.0.0.1/12236] INFO  ozone.MiniOzoneHAClusterImpl (MiniOzoneHAClusterImpl.java:stop(316)) - Stopping the OzoneManager omNode-1
2022-01-10 11:12:30,068 [Listener at 127.0.0.1/12236] INFO  om.OzoneManager (OzoneManager.java:stop(1893)) - omNode-1[localhost:12236]: Stopping Ozone Manager
2022-01-10 11:12:30,068 [Listener at 127.0.0.1/12236] INFO  ipc.Server (Server.java:stop(3414)) - Stopping server on 12236
2022-01-10 11:12:30,092 [a128689b-7346-4663-acc6-739d712788d9@group-1B62DF32BCE0-LeaderElection23] INFO  impl.LeaderElection (LeaderElection.java:logAndReturn(89)) - a128689b-7346-4663-acc6-739d712788d9@group-1B62DF32BCE0-LeaderElection23: ELECTION REJECTED received 2 response(s) and 0 exception(s):
2022-01-10 11:12:30,092 [a128689b-7346-4663-acc6-739d712788d9@group-1B62DF32BCE0-LeaderElection23] INFO  impl.LeaderElection (LeaderElection.java:logAndReturn(93)) -   Response 0: a128689b-7346-4663-acc6-739d712788d9<-af60d39b-22ca-4a7c-b55e-02ce95ae6b6a#0:FAIL-t2
2022-01-10 11:12:30,092 [a128689b-7346-4663-acc6-739d712788d9@group-1B62DF32BCE0-LeaderElection23] INFO  impl.LeaderElection (LeaderElection.java:logAndReturn(93)) -   Response 1: a128689b-7346-4663-acc6-739d712788d9<-f1456eab-cb96-47f4-be6a-df81f044b3ea#0:OK-t2
2022-01-10 11:12:30,092 [a128689b-7346-4663-acc6-739d712788d9@group-1B62DF32BCE0-LeaderElection23] INFO  impl.LeaderElection (LeaderElection.java:askForVotes(308)) - a128689b-7346-4663-acc6-739d712788d9@group-1B62DF32BCE0-LeaderElection23 ELECTION round 0: result REJECTED
2022-01-10 11:12:30,092 [a128689b-7346-4663-acc6-739d712788d9@group-1B62DF32BCE0-LeaderElection23] INFO  server.RaftServer$Division (RaftServerImpl.java:setRole(290)) - a128689b-7346-4663-acc6-739d712788d9@group-1B62DF32BCE0: changes role from CANDIDATE to FOLLOWER at term 2 for REJECTED
2022-01-10 11:12:30,092 [a128689b-7346-4663-acc6-739d712788d9@group-1B62DF32BCE0-LeaderElection23] INFO  impl.RoleInfo (RoleInfo.java:shutdownLeaderElection(121)) - a128689b-7346-4663-acc6-739d712788d9: shutdown a128689b-7346-4663-acc6-739d712788d9@group-1B62DF32BCE0-LeaderElection23
2022-01-10 11:12:30,092 [grpc-default-executor-0] INFO  server.RaftServer$Division (RaftServerImpl.java:requestVote(1046)) - f1456eab-cb96-47f4-be6a-df81f044b3ea@group-1B62DF32BCE0: receive requestVote(ELECTION, af60d39b-22ca-4a7c-b55e-02ce95ae6b6a, group-1B62DF32BCE0, 2, (t:0, i:0))
2022-01-10 11:12:30,092 [grpc-default-executor-0] INFO  impl.VoteContext (VoteContext.java:log(48)) - f1456eab-cb96-47f4-be6a-df81f044b3ea@group-1B62DF32BCE0-CANDIDATE: reject ELECTION from af60d39b-22ca-4a7c-b55e-02ce95ae6b6a: current term 3 > candidate's term 2
2022-01-10 11:12:30,093 [grpc-default-executor-0] INFO  server.RaftServer$Division (RaftServerImpl.java:requestVote(1078)) - f1456eab-cb96-47f4-be6a-df81f044b3ea@group-1B62DF32BCE0 replies to ELECTION vote request: af60d39b-22ca-4a7c-b55e-02ce95ae6b6a<-f1456eab-cb96-47f4-be6a-df81f044b3ea#0:FAIL-t3. Peer's state: f1456eab-cb96-47f4-be6a-df81f044b3ea@group-1B62DF32BCE0:t3, leader=null, voted=f1456eab-cb96-47f4-be6a-df81f044b3ea, raftlog=f1456eab-cb96-47f4-be6a-df81f044b3ea@group-1B62DF32BCE0-SegmentedRaftLog:OPENED:c-1, conf=-1: [af60d39b-22ca-4a7c-b55e-02ce95ae6b6a|rpc:127.0.0.1:36573|priority:1, f1456eab-cb96-47f4-be6a-df81f044b3ea|rpc:127.0.0.1:40757|priority:0, a128689b-7346-4663-acc6-739d712788d9|rpc:127.0.0.1:44189|priority:0], old=null
2022-01-10 11:12:30,095 [af60d39b-22ca-4a7c-b55e-02ce95ae6b6a@group-1B62DF32BCE0-LeaderElection24] INFO  impl.LeaderElection (LeaderElection.java:logAndReturn(89)) - af60d39b-22ca-4a7c-b55e-02ce95ae6b6a@group-1B62DF32BCE0-LeaderElection24: ELECTION DISCOVERED_A_NEW_TERM (term=3) received 1 response(s) and 0 exception(s):
2022-01-10 11:12:30,095 [af60d39b-22ca-4a7c-b55e-02ce95ae6b6a@group-1B62DF32BCE0-LeaderElection24] INFO  impl.LeaderElection (LeaderElection.java:logAndReturn(93)) -   Response 0: af60d39b-22ca-4a7c-b55e-02ce95ae6b6a<-f1456eab-cb96-47f4-be6a-df81f044b3ea#0:FAIL-t3
2022-01-10 11:12:30,095 [af60d39b-22ca-4a7c-b55e-02ce95ae6b6a@group-1B62DF32BCE0-LeaderElection24] INFO  impl.LeaderElection (LeaderElection.java:askForVotes(308)) - af60d39b-22ca-4a7c-b55e-02ce95ae6b6a@group-1B62DF32BCE0-LeaderElection24 ELECTION round 0: result DISCOVERED_A_NEW_TERM (term=3)
2022-01-10 11:12:30,095 [af60d39b-22ca-4a7c-b55e-02ce95ae6b6a@group-1B62DF32BCE0-LeaderElection24] INFO  server.RaftServer$Division (RaftServerImpl.java:setRole(290)) - af60d39b-22ca-4a7c-b55e-02ce95ae6b6a@group-1B62DF32BCE0: changes role from CANDIDATE to FOLLOWER at term 3 for DISCOVERED_A_NEW_TERM (term=3)
2022-01-10 11:12:30,095 [af60d39b-22ca-4a7c-b55e-02ce95ae6b6a@group-1B62DF32BCE0-LeaderElection24] INFO  impl.RoleInfo (RoleInfo.java:shutdownLeaderElection(121)) - af60d39b-22ca-4a7c-b55e-02ce95ae6b6a: shutdown af60d39b-22ca-4a7c-b55e-02ce95ae6b6a@group-1B62DF32BCE0-LeaderElection24
2022-01-10 11:12:30,096 [af60d39b-22ca-4a7c-b55e-02ce95ae6b6a@group-1B62DF32BCE0-LeaderElection24] INFO  impl.RoleInfo (RoleInfo.java:updateAndGet(130)) - af60d39b-22ca-4a7c-b55e-02ce95ae6b6a: start af60d39b-22ca-4a7c-b55e-02ce95ae6b6a@group-1B62DF32BCE0-FollowerState
2022-01-10 11:12:30,092 [a128689b-7346-4663-acc6-739d712788d9@group-1B62DF32BCE0-LeaderElection23] INFO  impl.RoleInfo (RoleInfo.java:updateAndGet(130)) - a128689b-7346-4663-acc6-739d712788d9: start a128689b-7346-4663-acc6-739d712788d9@group-1B62DF32BCE0-FollowerState
2022-01-10 11:12:30,093 [grpc-default-executor-1] INFO  server.RaftServer$Division (RaftServerImpl.java:requestVote(1046)) - a128689b-7346-4663-acc6-739d712788d9@group-1B62DF32BCE0: receive requestVote(ELECTION, af60d39b-22ca-4a7c-b55e-02ce95ae6b6a, group-1B62DF32BCE0, 2, (t:0, i:0))
2022-01-10 11:12:30,098 [6a22f154-cb7c-441c-a781-fd6e64cf0c09@group-E3265CC39D2B-StateMachineUpdater] INFO  server.RaftServer$Division (ServerState.java:close(419)) - 6a22f154-cb7c-441c-a781-fd6e64cf0c09@group-E3265CC39D2B: closes. applyIndex: 26
2022-01-10 11:12:30,098 [6a22f154-cb7c-441c-a781-fd6e64cf0c09@group-E3265CC39D2B-SegmentedRaftLogWorker] INFO  segmented.SegmentedRaftLogWorker (SegmentedRaftLogWorker.java:run(327)) - 6a22f154-cb7c-441c-a781-fd6e64cf0c09@group-E3265CC39D2B-SegmentedRaftLogWorker was interrupted, exiting. There are 0 tasks remaining in the queue.
2022-01-10 11:12:30,109 [6a22f154-cb7c-441c-a781-fd6e64cf0c09@group-E3265CC39D2B-StateMachineUpdater] INFO  segmented.SegmentedRaftLogWorker (SegmentedRaftLogWorker.java:close(237)) - 6a22f154-cb7c-441c-a781-fd6e64cf0c09@group-E3265CC39D2B-SegmentedRaftLogWorker close()
2022-01-10 11:12:30,109 [grpc-default-executor-1] INFO  impl.VoteContext (VoteContext.java:log(48)) - a128689b-7346-4663-acc6-739d712788d9@group-1B62DF32BCE0-FOLLOWER: reject ELECTION from af60d39b-22ca-4a7c-b55e-02ce95ae6b6a: already has voted for a128689b-7346-4663-acc6-739d712788d9 at current term 2
2022-01-10 11:12:30,121 [grpc-default-executor-1] INFO  server.RaftServer$Division (RaftServerImpl.java:requestVote(1078)) - a128689b-7346-4663-acc6-739d712788d9@group-1B62DF32BCE0 replies to ELECTION vote request: af60d39b-22ca-4a7c-b55e-02ce95ae6b6a<-a128689b-7346-4663-acc6-739d712788d9#0:FAIL-t2. Peer's state: a128689b-7346-4663-acc6-739d712788d9@group-1B62DF32BCE0:t2, leader=null, voted=a128689b-7346-4663-acc6-739d712788d9, raftlog=a128689b-7346-4663-acc6-739d712788d9@group-1B62DF32BCE0-SegmentedRaftLog:OPENED:c-1, conf=-1: [af60d39b-22ca-4a7c-b55e-02ce95ae6b6a|rpc:127.0.0.1:36573|priority:1, f1456eab-cb96-47f4-be6a-df81f044b3ea|rpc:127.0.0.1:40757|priority:0, a128689b-7346-4663-acc6-739d712788d9|rpc:127.0.0.1:44189|priority:0], old=null
2022-01-10 11:12:30,122 [IPC Server handler 0 on default port 13573] INFO  ipc.Server (Server.java:run(1026)) - IPC Server handler 0 on default port 13573: skipped Call#249 Retry#0 org.apache.hadoop.ozone.protocol.StorageContainerDatanodeProtocol.submitRequest from 127.0.0.1:60150
2022-01-10 11:12:30,122 [IPC Server handler 3 on default port 13573] INFO  ipc.Server (Server.java:run(1026)) - IPC Server handler 3 on default port 13573: skipped Call#252 Retry#0 org.apache.hadoop.ozone.protocol.StorageContainerDatanodeProtocol.submitRequest from 127.0.0.1:60150
2022-01-10 11:12:30,123 [grpc-default-executor-2] INFO  server.RaftServer$Division (RaftServerImpl.java:requestVote(1046)) - af60d39b-22ca-4a7c-b55e-02ce95ae6b6a@group-1B62DF32BCE0: receive requestVote(ELECTION, f1456eab-cb96-47f4-be6a-df81f044b3ea, group-1B62DF32BCE0, 3, (t:0, i:0))
2022-01-10 11:12:30,123 [grpc-default-executor-2] INFO  impl.VoteContext (VoteContext.java:log(48)) - af60d39b-22ca-4a7c-b55e-02ce95ae6b6a@group-1B62DF32BCE0-FOLLOWER: reject ELECTION from f1456eab-cb96-47f4-be6a-df81f044b3ea: our priority 1 > candidate's priority 0
2022-01-10 11:12:30,123 [grpc-default-executor-2] INFO  server.RaftServer$Division (RaftServerImpl.java:setRole(290)) - af60d39b-22ca-4a7c-b55e-02ce95ae6b6a@group-1B62DF32BCE0: changes role from  FOLLOWER to FOLLOWER at term 3 for candidate:f1456eab-cb96-47f4-be6a-df81f044b3ea
2022-01-10 11:12:30,123 [grpc-default-executor-2] INFO  impl.RoleInfo (RoleInfo.java:shutdownFollowerState(108)) - af60d39b-22ca-4a7c-b55e-02ce95ae6b6a: shutdown af60d39b-22ca-4a7c-b55e-02ce95ae6b6a@group-1B62DF32BCE0-FollowerState
2022-01-10 11:12:30,123 [grpc-default-executor-2] INFO  impl.RoleInfo (RoleInfo.java:updateAndGet(130)) - af60d39b-22ca-4a7c-b55e-02ce95ae6b6a: start af60d39b-22ca-4a7c-b55e-02ce95ae6b6a@group-1B62DF32BCE0-FollowerState
2022-01-10 11:12:30,125 [IPC Server listener on 12236] INFO  ipc.Server (Server.java:run(1376)) - Stopping IPC Server listener on 12236
2022-01-10 11:12:30,126 [af60d39b-22ca-4a7c-b55e-02ce95ae6b6a@group-1B62DF32BCE0-FollowerState] INFO  impl.FollowerState (FollowerState.java:run(143)) - af60d39b-22ca-4a7c-b55e-02ce95ae6b6a@group-1B62DF32BCE0-FollowerState was interrupted: {}
java.lang.InterruptedException: sleep interrupted
	at java.lang.Thread.sleep(Native Method)
	at java.lang.Thread.sleep(Thread.java:340)
	at java.util.concurrent.TimeUnit.sleep(TimeUnit.java:386)
	at org.apache.ratis.util.TimeDuration.sleep(TimeDuration.java:324)
	at org.apache.ratis.util.TimeDuration.sleep(TimeDuration.java:309)
	at org.apache.ratis.server.impl.FollowerState.run(FollowerState.java:118)
2022-01-10 11:12:30,126 [grpc-default-executor-2] INFO  server.RaftServer$Division (RaftServerImpl.java:requestVote(1078)) - af60d39b-22ca-4a7c-b55e-02ce95ae6b6a@group-1B62DF32BCE0 replies to ELECTION vote request: f1456eab-cb96-47f4-be6a-df81f044b3ea<-af60d39b-22ca-4a7c-b55e-02ce95ae6b6a#0:FAIL-t3. Peer's state: af60d39b-22ca-4a7c-b55e-02ce95ae6b6a@group-1B62DF32BCE0:t3, leader=null, voted=null, raftlog=af60d39b-22ca-4a7c-b55e-02ce95ae6b6a@group-1B62DF32BCE0-SegmentedRaftLog:OPENED:c-1, conf=-1: [af60d39b-22ca-4a7c-b55e-02ce95ae6b6a|rpc:127.0.0.1:36573|dataStream:|priority:1, f1456eab-cb96-47f4-be6a-df81f044b3ea|rpc:127.0.0.1:40757|dataStream:|priority:0, a128689b-7346-4663-acc6-739d712788d9|rpc:127.0.0.1:44189|dataStream:|priority:0], old=null
2022-01-10 11:12:30,130 [IPC Server Responder] INFO  ipc.Server (Server.java:run(1512)) - Stopping IPC Server Responder
2022-01-10 11:12:30,130 [IPC Server handler 5 on default port 13573] INFO  ipc.Server (Server.java:run(1026)) - IPC Server handler 5 on default port 13573: skipped Call#320 Retry#0 org.apache.hadoop.ozone.protocol.StorageContainerDatanodeProtocol.submitRequest from 127.0.0.1:60250
2022-01-10 11:12:30,131 [IPC Server handler 5 on default port 13573] INFO  ipc.Server (Server.java:run(1026)) - IPC Server handler 5 on default port 13573: skipped Call#255 Retry#0 org.apache.hadoop.ozone.protocol.StorageContainerDatanodeProtocol.submitRequest from 127.0.0.1:60150
2022-01-10 11:12:30,131 [IPC Server handler 5 on default port 13573] INFO  ipc.Server (Server.java:run(1026)) - IPC Server handler 5 on default port 13573: skipped Call#277 Retry#0 org.apache.hadoop.ozone.protocol.StorageContainerDatanodeProtocol.submitRequest from 127.0.0.1:60196
2022-01-10 11:12:30,131 [IPC Server handler 5 on default port 13573] INFO  ipc.Server (Server.java:run(1026)) - IPC Server handler 5 on default port 13573: skipped Call#321 Retry#0 org.apache.hadoop.ozone.protocol.StorageContainerDatanodeProtocol.submitRequest from 127.0.0.1:60250
2022-01-10 11:12:30,132 [Listener at 127.0.0.1/12236] INFO  server.RaftServer (RaftServerProxy.java:lambda$close$6(391)) - omNode-1: close
2022-01-10 11:12:30,133 [Listener at 127.0.0.1/12236] INFO  server.RaftServer$Division (RaftServerImpl.java:lambda$close$4(412)) - omNode-1@group-523986131536: shutdown
2022-01-10 11:12:30,133 [Listener at 127.0.0.1/12236] INFO  util.JmxRegister (JmxRegister.java:unregister(73)) - Successfully un-registered JMX Bean with object name Ratis:service=RaftServer,group=group-523986131536,id=omNode-1
2022-01-10 11:12:30,133 [Listener at 127.0.0.1/12236] INFO  impl.RoleInfo (RoleInfo.java:shutdownLeaderState(91)) - omNode-1: shutdown omNode-1@group-523986131536-LeaderStateImpl
2022-01-10 11:12:30,133 [Listener at 127.0.0.1/12236] INFO  impl.PendingRequests (PendingRequests.java:sendNotLeaderResponses(282)) - omNode-1@group-523986131536-PendingRequests: sendNotLeaderResponses
2022-01-10 11:12:30,134 [IPC Server handler 1 on default port 13573] WARN  ipc.Server (Server.java:processResponse(1717)) - IPC Server handler 1 on default port 13573, call Call#275 Retry#0 org.apache.hadoop.ozone.protocol.StorageContainerDatanodeProtocol.submitRequest from 127.0.0.1:60196: output error
2022-01-10 11:12:30,134 [IPC Server handler 1 on default port 13573] INFO  ipc.Server (Server.java:run(2979)) - IPC Server handler 1 on default port 13573 caught an exception
java.nio.channels.ClosedChannelException
	at sun.nio.ch.SocketChannelImpl.ensureWriteOpen(SocketChannelImpl.java:269)
	at sun.nio.ch.SocketChannelImpl.write(SocketChannelImpl.java:460)
	at org.apache.hadoop.ipc.Server.channelWrite(Server.java:3605)
	at org.apache.hadoop.ipc.Server.access$1700(Server.java:141)
	at org.apache.hadoop.ipc.Server$Responder.processResponse(Server.java:1667)
	at org.apache.hadoop.ipc.Server$Responder.doRespond(Server.java:1737)
	at org.apache.hadoop.ipc.Server$Connection.sendResponse(Server.java:2837)
	at org.apache.hadoop.ipc.Server$Connection.access$300(Server.java:1809)
	at org.apache.hadoop.ipc.Server$RpcCall.doResponse(Server.java:1117)
	at org.apache.hadoop.ipc.Server$Call.doResponse(Server.java:909)
	at org.apache.hadoop.ipc.Server$Call.sendResponse(Server.java:895)
	at org.apache.hadoop.ipc.Server$RpcCall.run(Server.java:1052)
	at org.apache.hadoop.ipc.Server$RpcCall.run(Server.java:963)
	at java.security.AccessController.doPrivileged(Native Method)
	at javax.security.auth.Subject.doAs(Subject.java:422)
	at org.apache.hadoop.security.UserGroupInformation.doAs(UserGroupInformation.java:1878)
	at org.apache.hadoop.ipc.Server$Handler.run(Server.java:2966)
2022-01-10 11:12:30,134 [Listener at 127.0.0.1/12236] INFO  impl.StateMachineUpdater (StateMachineUpdater.java:stopAndJoin(149)) - omNode-1@group-523986131536-StateMachineUpdater: set stopIndex = 0
2022-01-10 11:12:30,134 [omNode-1@group-523986131536-StateMachineUpdater] INFO  ratis.OzoneManagerStateMachine (OzoneManagerStateMachine.java:takeSnapshot(417)) - Current Snapshot Index (t:1, i:0)
2022-01-10 11:12:30,134 [omNode-1@group-523986131536-StateMachineUpdater] INFO  impl.StateMachineUpdater (StateMachineUpdater.java:takeSnapshot(281)) - omNode-1@group-523986131536-StateMachineUpdater: Took a snapshot at index 0
2022-01-10 11:12:30,134 [omNode-1@group-523986131536-StateMachineUpdater] INFO  impl.StateMachineUpdater (StateMachineUpdater.java:lambda$new$0(89)) - omNode-1@group-523986131536-StateMachineUpdater: snapshotIndex: updateIncreasingly -1 -> 0
2022-01-10 11:12:30,134 [omNode-1@group-523986131536-StateMachineUpdater] INFO  ratis.OzoneManagerStateMachine (OzoneManagerStateMachine.java:close(471)) - StateMachine has shutdown. Shutdown OzoneManager if not already shutdown.
2022-01-10 11:12:30,135 [Listener at 127.0.0.1/12236] INFO  server.RaftServer$Division (ServerState.java:close(419)) - omNode-1@group-523986131536: closes. applyIndex: 0
2022-01-10 11:12:30,135 [omNode-1@group-523986131536-SegmentedRaftLogWorker] INFO  segmented.SegmentedRaftLogWorker (SegmentedRaftLogWorker.java:run(327)) - omNode-1@group-523986131536-SegmentedRaftLogWorker was interrupted, exiting. There are 0 tasks remaining in the queue.
2022-01-10 11:12:30,136 [f1456eab-cb96-47f4-be6a-df81f044b3ea@group-1B62DF32BCE0-LeaderElection25] INFO  impl.LeaderElection (LeaderElection.java:logAndReturn(89)) - f1456eab-cb96-47f4-be6a-df81f044b3ea@group-1B62DF32BCE0-LeaderElection25: ELECTION REJECTED received 1 response(s) and 0 exception(s):
2022-01-10 11:12:30,136 [f1456eab-cb96-47f4-be6a-df81f044b3ea@group-1B62DF32BCE0-LeaderElection25] INFO  impl.LeaderElection (LeaderElection.java:logAndReturn(93)) -   Response 0: f1456eab-cb96-47f4-be6a-df81f044b3ea<-af60d39b-22ca-4a7c-b55e-02ce95ae6b6a#0:FAIL-t3
2022-01-10 11:12:30,136 [f1456eab-cb96-47f4-be6a-df81f044b3ea@group-1B62DF32BCE0-LeaderElection25] INFO  impl.LeaderElection (LeaderElection.java:askForVotes(308)) - f1456eab-cb96-47f4-be6a-df81f044b3ea@group-1B62DF32BCE0-LeaderElection25 ELECTION round 0: result REJECTED
2022-01-10 11:12:30,136 [f1456eab-cb96-47f4-be6a-df81f044b3ea@group-1B62DF32BCE0-LeaderElection25] INFO  server.RaftServer$Division (RaftServerImpl.java:setRole(290)) - f1456eab-cb96-47f4-be6a-df81f044b3ea@group-1B62DF32BCE0: changes role from CANDIDATE to FOLLOWER at term 3 for REJECTED
2022-01-10 11:12:30,136 [f1456eab-cb96-47f4-be6a-df81f044b3ea@group-1B62DF32BCE0-LeaderElection25] INFO  impl.RoleInfo (RoleInfo.java:shutdownLeaderElection(121)) - f1456eab-cb96-47f4-be6a-df81f044b3ea: shutdown f1456eab-cb96-47f4-be6a-df81f044b3ea@group-1B62DF32BCE0-LeaderElection25
2022-01-10 11:12:30,136 [f1456eab-cb96-47f4-be6a-df81f044b3ea@group-1B62DF32BCE0-LeaderElection25] INFO  impl.RoleInfo (RoleInfo.java:updateAndGet(130)) - f1456eab-cb96-47f4-be6a-df81f044b3ea: start f1456eab-cb96-47f4-be6a-df81f044b3ea@group-1B62DF32BCE0-FollowerState
2022-01-10 11:12:30,133 [EndpointStateMachine task thread for /127.0.0.1:13573 - 0 ] INFO  ozoneimpl.OzoneContainer (OzoneContainer.java:start(311)) - Ignore. OzoneContainer already started.
2022-01-10 11:12:30,134 [IPC Server handler 2 on default port 13573] WARN  ipc.Server (Server.java:processResponse(1717)) - IPC Server handler 2 on default port 13573, call Call#319 Retry#0 org.apache.hadoop.ozone.protocol.StorageContainerDatanodeProtocol.submitRequest from 127.0.0.1:60250: output error
2022-01-10 11:12:30,137 [IPC Server handler 2 on default port 13573] INFO  ipc.Server (Server.java:run(2979)) - IPC Server handler 2 on default port 13573 caught an exception
java.nio.channels.ClosedChannelException
	at sun.nio.ch.SocketChannelImpl.ensureWriteOpen(SocketChannelImpl.java:269)
	at sun.nio.ch.SocketChannelImpl.write(SocketChannelImpl.java:460)
	at org.apache.hadoop.ipc.Server.channelWrite(Server.java:3605)
	at org.apache.hadoop.ipc.Server.access$1700(Server.java:141)
	at org.apache.hadoop.ipc.Server$Responder.processResponse(Server.java:1667)
	at org.apache.hadoop.ipc.Server$Responder.doRespond(Server.java:1737)
	at org.apache.hadoop.ipc.Server$Connection.sendResponse(Server.java:2837)
	at org.apache.hadoop.ipc.Server$Connection.access$300(Server.java:1809)
	at org.apache.hadoop.ipc.Server$RpcCall.doResponse(Server.java:1117)
	at org.apache.hadoop.ipc.Server$Call.doResponse(Server.java:909)
	at org.apache.hadoop.ipc.Server$Call.sendResponse(Server.java:895)
	at org.apache.hadoop.ipc.Server$RpcCall.run(Server.java:1052)
	at org.apache.hadoop.ipc.Server$RpcCall.run(Server.java:963)
	at java.security.AccessController.doPrivileged(Native Method)
	at javax.security.auth.Subject.doAs(Subject.java:422)
	at org.apache.hadoop.security.UserGroupInformation.doAs(UserGroupInformation.java:1878)
	at org.apache.hadoop.ipc.Server$Handler.run(Server.java:2966)
2022-01-10 11:12:30,144 [IPC Server handler 3 on default port 13573] WARN  ipc.Server (Server.java:processResponse(1717)) - IPC Server handler 3 on default port 13573, call Call#276 Retry#0 org.apache.hadoop.ozone.protocol.StorageContainerDatanodeProtocol.submitRequest from 127.0.0.1:60196: output error
2022-01-10 11:12:30,144 [IPC Server handler 3 on default port 13573] INFO  ipc.Server (Server.java:run(2979)) - IPC Server handler 3 on default port 13573 caught an exception
java.nio.channels.ClosedChannelException
	at sun.nio.ch.SocketChannelImpl.ensureWriteOpen(SocketChannelImpl.java:269)
	at sun.nio.ch.SocketChannelImpl.write(SocketChannelImpl.java:460)
	at org.apache.hadoop.ipc.Server.channelWrite(Server.java:3605)
	at org.apache.hadoop.ipc.Server.access$1700(Server.java:141)
	at org.apache.hadoop.ipc.Server$Responder.processResponse(Server.java:1667)
	at org.apache.hadoop.ipc.Server$Responder.doRespond(Server.java:1737)
	at org.apache.hadoop.ipc.Server$Connection.sendResponse(Server.java:2837)
	at org.apache.hadoop.ipc.Server$Connection.access$300(Server.java:1809)
	at org.apache.hadoop.ipc.Server$RpcCall.doResponse(Server.java:1117)
	at org.apache.hadoop.ipc.Server$Call.doResponse(Server.java:909)
	at org.apache.hadoop.ipc.Server$Call.sendResponse(Server.java:895)
	at org.apache.hadoop.ipc.Server$RpcCall.run(Server.java:1052)
	at org.apache.hadoop.ipc.Server$RpcCall.run(Server.java:963)
	at java.security.AccessController.doPrivileged(Native Method)
	at javax.security.auth.Subject.doAs(Subject.java:422)
	at org.apache.hadoop.security.UserGroupInformation.doAs(UserGroupInformation.java:1878)
	at org.apache.hadoop.ipc.Server$Handler.run(Server.java:2966)
2022-01-10 11:12:30,145 [EndpointStateMachine task thread for /127.0.0.1:13573 - 0 ] INFO  ozoneimpl.OzoneContainer (OzoneContainer.java:start(311)) - Ignore. OzoneContainer already started.
2022-01-10 11:12:30,145 [EndpointStateMachine task thread for /127.0.0.1:13573 - 0 ] INFO  ozoneimpl.OzoneContainer (OzoneContainer.java:start(311)) - Ignore. OzoneContainer already started.
2022-01-10 11:12:30,146 [grpc-default-executor-2] INFO  server.RaftServer$Division (RaftServerImpl.java:requestVote(1046)) - a128689b-7346-4663-acc6-739d712788d9@group-1B62DF32BCE0: receive requestVote(ELECTION, f1456eab-cb96-47f4-be6a-df81f044b3ea, group-1B62DF32BCE0, 3, (t:0, i:0))
2022-01-10 11:12:30,146 [grpc-default-executor-2] INFO  impl.VoteContext (VoteContext.java:log(48)) - a128689b-7346-4663-acc6-739d712788d9@group-1B62DF32BCE0-FOLLOWER: accept ELECTION from f1456eab-cb96-47f4-be6a-df81f044b3ea: our priority 0 <= candidate's priority 0
2022-01-10 11:12:30,146 [grpc-default-executor-2] INFO  server.RaftServer$Division (RaftServerImpl.java:setRole(290)) - a128689b-7346-4663-acc6-739d712788d9@group-1B62DF32BCE0: changes role from  FOLLOWER to FOLLOWER at term 3 for candidate:f1456eab-cb96-47f4-be6a-df81f044b3ea
2022-01-10 11:12:30,146 [grpc-default-executor-2] INFO  impl.RoleInfo (RoleInfo.java:shutdownFollowerState(108)) - a128689b-7346-4663-acc6-739d712788d9: shutdown a128689b-7346-4663-acc6-739d712788d9@group-1B62DF32BCE0-FollowerState
2022-01-10 11:12:30,146 [grpc-default-executor-2] INFO  impl.RoleInfo (RoleInfo.java:updateAndGet(130)) - a128689b-7346-4663-acc6-739d712788d9: start a128689b-7346-4663-acc6-739d712788d9@group-1B62DF32BCE0-FollowerState
2022-01-10 11:12:30,146 [a128689b-7346-4663-acc6-739d712788d9@group-1B62DF32BCE0-FollowerState] INFO  impl.FollowerState (FollowerState.java:run(143)) - a128689b-7346-4663-acc6-739d712788d9@group-1B62DF32BCE0-FollowerState was interrupted: {}
java.lang.InterruptedException: sleep interrupted
	at java.lang.Thread.sleep(Native Method)
	at java.lang.Thread.sleep(Thread.java:340)
	at java.util.concurrent.TimeUnit.sleep(TimeUnit.java:386)
	at org.apache.ratis.util.TimeDuration.sleep(TimeDuration.java:324)
	at org.apache.ratis.util.TimeDuration.sleep(TimeDuration.java:309)
	at org.apache.ratis.server.impl.FollowerState.run(FollowerState.java:118)
2022-01-10 11:12:30,146 [Listener at 127.0.0.1/12236] INFO  segmented.SegmentedRaftLogWorker (SegmentedRaftLogWorker.java:close(237)) - omNode-1@group-523986131536-SegmentedRaftLogWorker close()
2022-01-10 11:12:30,159 [Listener at 127.0.0.1/12236] INFO  server.GrpcService (GrpcService.java:closeImpl(262)) - omNode-1: shutdown server with port 12240 now
2022-01-10 11:12:30,159 [Listener at 127.0.0.1/12236] INFO  server.GrpcService (GrpcService.java:closeImpl(271)) - omNode-1: shutdown server with port 12240 successfully
2022-01-10 11:12:30,160 [org.apache.ratis.util.JvmPauseMonitor$$Lambda$500/2122256138@3447daf1] INFO  util.JvmPauseMonitor (JvmPauseMonitor.java:run(109)) - JvmPauseMonitor-omNode-1: Stopped
2022-01-10 11:12:30,160 [Listener at 127.0.0.1/12236] INFO  ratis.OzoneManagerDoubleBuffer (OzoneManagerDoubleBuffer.java:stop(437)) - Stopping OMDoubleBuffer flush thread
2022-01-10 11:12:30,160 [OMDoubleBufferFlushThread] INFO  ratis.OzoneManagerDoubleBuffer (OzoneManagerDoubleBuffer.java:flushTransactions(356)) - OMDoubleBuffer flush thread OMDoubleBufferFlushThread is interrupted and will exit. OMDoubleBufferFlushThread
2022-01-10 11:12:30,160 [Listener at 127.0.0.1/12236] INFO  utils.BackgroundService (BackgroundService.java:shutdown(132)) - Shutting down service KeyDeletingService
2022-01-10 11:12:30,160 [Listener at 127.0.0.1/12236] INFO  utils.BackgroundService (BackgroundService.java:shutdown(132)) - Shutting down service DirectoryDeletingService
2022-01-10 11:12:30,161 [Listener at 127.0.0.1/12236] INFO  handler.ContextHandler (ContextHandler.java:doStop(1153)) - Stopped o.e.j.w.WebAppContext@6608c8d5{ozoneManager,/,null,STOPPED}{file:/home/runner/work/ozone/ozone/hadoop-ozone/integration-test/target/test-classes/webapps/ozoneManager}
2022-01-10 11:12:30,162 [grpc-default-executor-2] INFO  server.RaftServer$Division (RaftServerImpl.java:requestVote(1078)) - a128689b-7346-4663-acc6-739d712788d9@group-1B62DF32BCE0 replies to ELECTION vote request: f1456eab-cb96-47f4-be6a-df81f044b3ea<-a128689b-7346-4663-acc6-739d712788d9#0:OK-t3. Peer's state: a128689b-7346-4663-acc6-739d712788d9@group-1B62DF32BCE0:t3, leader=null, voted=f1456eab-cb96-47f4-be6a-df81f044b3ea, raftlog=a128689b-7346-4663-acc6-739d712788d9@group-1B62DF32BCE0-SegmentedRaftLog:OPENED:c-1, conf=-1: [af60d39b-22ca-4a7c-b55e-02ce95ae6b6a|rpc:127.0.0.1:36573|priority:1, f1456eab-cb96-47f4-be6a-df81f044b3ea|rpc:127.0.0.1:40757|priority:0, a128689b-7346-4663-acc6-739d712788d9|rpc:127.0.0.1:44189|priority:0], old=null
2022-01-10 11:12:30,163 [Listener at 127.0.0.1/12236] INFO  server.AbstractConnector (AbstractConnector.java:doStop(381)) - Stopped ServerConnector@5df0e5f0{HTTP/1.1, (http/1.1)}{0.0.0.0:12238}
2022-01-10 11:12:30,164 [Listener at 127.0.0.1/12236] INFO  server.session (HouseKeeper.java:stopScavenging(149)) - node0 Stopped scavenging
2022-01-10 11:12:30,164 [Listener at 127.0.0.1/12236] INFO  handler.ContextHandler (ContextHandler.java:doStop(1153)) - Stopped o.e.j.s.ServletContextHandler@4e218fec{static,/static,file:///home/runner/work/ozone/ozone/hadoop-ozone/integration-test/target/test-classes/webapps/static,STOPPED}
2022-01-10 11:12:30,165 [Listener at 127.0.0.1/12236] INFO  handler.ContextHandler (ContextHandler.java:doStop(1153)) - Stopped o.e.j.s.ServletContextHandler@7778822b{logs,/logs,file:///home/runner/work/ozone/ozone/hadoop-ozone/integration-test/target/log,STOPPED}
2022-01-10 11:12:30,171 [Listener at 127.0.0.1/12236] INFO  ozone.MiniOzoneHAClusterImpl (MiniOzoneHAClusterImpl.java:stop(324)) - Stopping the StorageContainerManager 4d48cbeb-2102-4f2b-b398-c18ce09455c6
2022-01-10 11:12:30,171 [Listener at 127.0.0.1/12236] INFO  server.StorageContainerManager (StorageContainerManager.java:stop(1390)) - Stopping Container Balancer service.
2022-01-10 11:12:30,171 [Listener at 127.0.0.1/12236] INFO  balancer.ContainerBalancer (ContainerBalancer.java:stop(750)) - Container Balancer is not running.
2022-01-10 11:12:30,172 [Listener at 127.0.0.1/12236] INFO  server.StorageContainerManager (StorageContainerManager.java:stop(1397)) - Stopping Replication Manager Service.
2022-01-10 11:12:30,172 [Listener at 127.0.0.1/12236] INFO  container.ReplicationManager (ReplicationManager.java:stop(350)) - Stopping Replication Monitor Thread.
2022-01-10 11:12:30,172 [Listener at 127.0.0.1/12236] INFO  server.StorageContainerManager (StorageContainerManager.java:stop(1404)) - Stopping the Datanode Admin Monitor.
2022-01-10 11:12:30,179 [Listener at 127.0.0.1/12236] INFO  server.StorageContainerManager (StorageContainerManager.java:stop(1411)) - Stopping Lease Manager of the command watchers
2022-01-10 11:12:30,179 [Listener at 127.0.0.1/12236] INFO  server.StorageContainerManager (StorageContainerManager.java:stop(1418)) - Stopping datanode service RPC server
2022-01-10 11:12:30,179 [Listener at 127.0.0.1/12236] INFO  server.SCMDatanodeProtocolServer (SCMDatanodeProtocolServer.java:stop(390)) - Stopping the RPC server for DataNodes
2022-01-10 11:12:30,179 [Listener at 127.0.0.1/12236] INFO  ipc.Server (Server.java:stop(3414)) - Stopping server on 13563
2022-01-10 11:12:30,182 [IPC Server listener on 13563] INFO  ipc.Server (Server.java:run(1376)) - Stopping IPC Server listener on 13563
2022-01-10 11:12:30,193 [IPC Server Responder] INFO  ipc.Server (Server.java:run(1512)) - Stopping IPC Server Responder
2022-01-10 11:12:30,226 [EndpointStateMachine task thread for /127.0.0.1:13563 - 0 ] WARN  statemachine.EndpointStateMachine (EndpointStateMachine.java:logIfNeeded(236)) - Unable to communicate to SCM server at 127.0.0.1:13563 for past 0 seconds.
java.io.EOFException: End of File Exception between local host is: "fv-az270-882/10.1.0.7"; destination host is: "localhost":13563; : java.io.EOFException; For more details see:  http://wiki.apache.org/hadoop/EOFException
	at sun.reflect.NativeConstructorAccessorImpl.newInstance0(Native Method)
	at sun.reflect.NativeConstructorAccessorImpl.newInstance(NativeConstructorAccessorImpl.java:62)
	at sun.reflect.DelegatingConstructorAccessorImpl.newInstance(DelegatingConstructorAccessorImpl.java:45)
	at java.lang.reflect.Constructor.newInstance(Constructor.java:423)
	at org.apache.hadoop.net.NetUtils.wrapWithMessage(NetUtils.java:913)
	at org.apache.hadoop.net.NetUtils.wrapException(NetUtils.java:862)
	at org.apache.hadoop.ipc.Client.getRpcResponse(Client.java:1577)
	at org.apache.hadoop.ipc.Client.call(Client.java:1519)
	at org.apache.hadoop.ipc.Client.call(Client.java:1416)
	at org.apache.hadoop.ipc.ProtobufRpcEngine$Invoker.invoke(ProtobufRpcEngine.java:236)
	at org.apache.hadoop.ipc.ProtobufRpcEngine$Invoker.invoke(ProtobufRpcEngine.java:123)
	at com.sun.proxy.$Proxy48.submitRequest(Unknown Source)
	at org.apache.hadoop.ozone.protocolPB.StorageContainerDatanodeProtocolClientSideTranslatorPB.submitRequest(StorageContainerDatanodeProtocolClientSideTranslatorPB.java:117)
	at org.apache.hadoop.ozone.protocolPB.StorageContainerDatanodeProtocolClientSideTranslatorPB.sendHeartbeat(StorageContainerDatanodeProtocolClientSideTranslatorPB.java:149)
	at org.apache.hadoop.ozone.container.common.states.endpoint.HeartbeatEndpointTask.call(HeartbeatEndpointTask.java:179)
	at org.apache.hadoop.ozone.container.common.states.endpoint.HeartbeatEndpointTask.call(HeartbeatEndpointTask.java:82)
	at java.util.concurrent.FutureTask.run(FutureTask.java:266)
	at java.util.concurrent.ThreadPoolExecutor.runWorker(ThreadPoolExecutor.java:1149)
	at java.util.concurrent.ThreadPoolExecutor$Worker.run(ThreadPoolExecutor.java:624)
	at java.lang.Thread.run(Thread.java:748)
Caused by: java.io.EOFException
	at java.io.DataInputStream.readInt(DataInputStream.java:392)
	at org.apache.hadoop.ipc.Client$IpcStreams.readResponse(Client.java:1892)
	at org.apache.hadoop.ipc.Client$Connection.receiveRpcResponse(Client.java:1202)
	at org.apache.hadoop.ipc.Client$Connection.run(Client.java:1098)
2022-01-10 11:12:30,233 [IPC Server handler 12 on default port 13573] INFO  net.NetworkTopologyImpl (NetworkTopologyImpl.java:add(112)) - Added a new node: /default-rack/af60d39b-22ca-4a7c-b55e-02ce95ae6b6a
2022-01-10 11:12:30,234 [IPC Server handler 12 on default port 13573] INFO  node.SCMNodeManager (SCMNodeManager.java:register(389)) - Registered Data node : af60d39b-22ca-4a7c-b55e-02ce95ae6b6a{ip: 127.0.0.1, host: localhost, ports: [REPLICATION=42317, RATIS=36573, RATIS_ADMIN=36573, RATIS_SERVER=36573, STANDALONE=35887], networkLocation: /default-rack, certSerialId: null, persistedOpState: null, persistedOpStateExpiryEpochSec: 0}
2022-01-10 11:12:30,244 [SCM Heartbeat Processing Thread - 0] WARN  node.NodeStateManager (NodeStateManager.java:scheduleNextHealthCheck(799)) - Current Thread is interrupted, shutting down HB processing thread for Node Manager.
2022-01-10 11:12:30,250 [EventQueue-NewNodeForNewNodeHandler] INFO  pipeline.BackgroundPipelineCreator (BackgroundPipelineCreator.java:notifyEventTriggered(279)) - ignore, not leader SCM.
2022-01-10 11:12:30,257 [Listener at 127.0.0.1/12236] INFO  server.StorageContainerManager (StorageContainerManager.java:stop(1426)) - Stopping block service RPC server
2022-01-10 11:12:30,257 [Listener at 127.0.0.1/12236] INFO  server.SCMBlockProtocolServer (SCMBlockProtocolServer.java:stop(160)) - Stopping the RPC server for Block Protocol
2022-01-10 11:12:30,257 [Listener at 127.0.0.1/12236] INFO  ipc.Server (Server.java:stop(3414)) - Stopping server on 13564
2022-01-10 11:12:30,266 [IPC Server listener on 13564] INFO  ipc.Server (Server.java:run(1376)) - Stopping IPC Server listener on 13564
2022-01-10 11:12:30,267 [IPC Server Responder] INFO  ipc.Server (Server.java:run(1512)) - Stopping IPC Server Responder
2022-01-10 11:12:30,267 [Listener at 127.0.0.1/12236] INFO  server.StorageContainerManager (StorageContainerManager.java:stop(1433)) - Stopping the StorageContainerLocationProtocol RPC server
2022-01-10 11:12:30,268 [Listener at 127.0.0.1/12236] INFO  server.SCMClientProtocolServer (SCMClientProtocolServer.java:stop(173)) - Stopping the RPC server for Client Protocol
2022-01-10 11:12:30,268 [Listener at 127.0.0.1/12236] INFO  ipc.Server (Server.java:stop(3414)) - Stopping server on 13565
2022-01-10 11:12:30,271 [Listener at 127.0.0.1/12236] INFO  server.StorageContainerManager (StorageContainerManager.java:stop(1440)) - Stopping Storage Container Manager HTTP server.
2022-01-10 11:12:30,272 [Listener at 127.0.0.1/12236] INFO  handler.ContextHandler (ContextHandler.java:doStop(1153)) - Stopped o.e.j.w.WebAppContext@1040bcfb{scm,/,null,STOPPED}{file:/home/runner/work/ozone/ozone/hadoop-ozone/integration-test/target/test-classes/webapps/scm}
2022-01-10 11:12:30,272 [IPC Server listener on 13565] INFO  ipc.Server (Server.java:run(1376)) - Stopping IPC Server listener on 13565
2022-01-10 11:12:30,273 [IPC Server Responder] INFO  ipc.Server (Server.java:run(1512)) - Stopping IPC Server Responder
2022-01-10 11:12:30,274 [Listener at 127.0.0.1/12236] INFO  server.AbstractConnector (AbstractConnector.java:doStop(381)) - Stopped ServerConnector@52b8633c{HTTP/1.1, (http/1.1)}{0.0.0.0:13560}
2022-01-10 11:12:30,274 [Listener at 127.0.0.1/12236] INFO  server.session (HouseKeeper.java:stopScavenging(149)) - node0 Stopped scavenging
2022-01-10 11:12:30,275 [Listener at 127.0.0.1/12236] INFO  handler.ContextHandler (ContextHandler.java:doStop(1153)) - Stopped o.e.j.s.ServletContextHandler@78363803{static,/static,file:///home/runner/work/ozone/ozone/hadoop-ozone/integration-test/target/test-classes/webapps/static,STOPPED}
2022-01-10 11:12:30,275 [Listener at 127.0.0.1/12236] INFO  handler.ContextHandler (ContextHandler.java:doStop(1153)) - Stopped o.e.j.s.ServletContextHandler@270d54ea{logs,/logs,file:///home/runner/work/ozone/ozone/hadoop-ozone/integration-test/target/log,STOPPED}
2022-01-10 11:12:30,278 [Listener at 127.0.0.1/12236] INFO  server.StorageContainerManager (StorageContainerManager.java:stop(1451)) - Stopping Block Manager Service.
2022-01-10 11:12:30,278 [Listener at 127.0.0.1/12236] INFO  utils.BackgroundService (BackgroundService.java:shutdown(132)) - Shutting down service SCMBlockDeletingService
2022-01-10 11:12:30,278 [Listener at 127.0.0.1/12236] INFO  utils.BackgroundService (BackgroundService.java:shutdown(132)) - Shutting down service SCMBlockDeletingService
2022-01-10 11:12:30,278 [Listener at 127.0.0.1/12236] INFO  server.StorageContainerManager (StorageContainerManager.java:stop(1478)) - Stopping SCM Event Queue.
2022-01-10 11:12:30,289 [Listener at 127.0.0.1/12236] INFO  server.StorageContainerManager (StorageContainerManager.java:stop(1489)) - Stopping SCM HA services.
2022-01-10 11:12:30,289 [Listener at 127.0.0.1/12236] INFO  ha.SCMRatisServerImpl (SCMRatisServerImpl.java:stop(236)) - stopping ratis server 0.0.0.0:13562
2022-01-10 11:12:30,290 [Listener at 127.0.0.1/12236] INFO  server.RaftServer (RaftServerProxy.java:lambda$close$6(391)) - 4d48cbeb-2102-4f2b-b398-c18ce09455c6: close
2022-01-10 11:12:30,290 [Listener at 127.0.0.1/12236] INFO  server.RaftServer$Division (RaftServerImpl.java:lambda$close$4(412)) - 4d48cbeb-2102-4f2b-b398-c18ce09455c6@group-E3265CC39D2B: shutdown
2022-01-10 11:12:30,290 [Listener at 127.0.0.1/12236] INFO  util.JmxRegister (JmxRegister.java:unregister(73)) - Successfully un-registered JMX Bean with object name Ratis:service=RaftServer,group=group-E3265CC39D2B,id=4d48cbeb-2102-4f2b-b398-c18ce09455c6
2022-01-10 11:12:30,290 [Listener at 127.0.0.1/12236] INFO  impl.RoleInfo (RoleInfo.java:shutdownFollowerState(108)) - 4d48cbeb-2102-4f2b-b398-c18ce09455c6: shutdown 4d48cbeb-2102-4f2b-b398-c18ce09455c6@group-E3265CC39D2B-FollowerState
2022-01-10 11:12:30,290 [Listener at 127.0.0.1/12236] INFO  impl.StateMachineUpdater (StateMachineUpdater.java:stopAndJoin(149)) - 4d48cbeb-2102-4f2b-b398-c18ce09455c6@group-E3265CC39D2B-StateMachineUpdater: set stopIndex = 27
2022-01-10 11:12:30,291 [4d48cbeb-2102-4f2b-b398-c18ce09455c6@group-E3265CC39D2B-StateMachineUpdater] INFO  ha.SCMStateMachine (SCMStateMachine.java:takeSnapshot(297)) - Current Snapshot Index 27, takeSnapshot took 0 ms
2022-01-10 11:12:30,291 [4d48cbeb-2102-4f2b-b398-c18ce09455c6@group-E3265CC39D2B-StateMachineUpdater] INFO  impl.StateMachineUpdater (StateMachineUpdater.java:takeSnapshot(281)) - 4d48cbeb-2102-4f2b-b398-c18ce09455c6@group-E3265CC39D2B-StateMachineUpdater: Took a snapshot at index 27
2022-01-10 11:12:30,291 [4d48cbeb-2102-4f2b-b398-c18ce09455c6@group-E3265CC39D2B-StateMachineUpdater] INFO  impl.StateMachineUpdater (StateMachineUpdater.java:lambda$new$0(89)) - 4d48cbeb-2102-4f2b-b398-c18ce09455c6@group-E3265CC39D2B-StateMachineUpdater: snapshotIndex: updateIncreasingly 23 -> 27
2022-01-10 11:12:30,290 [4d48cbeb-2102-4f2b-b398-c18ce09455c6@group-E3265CC39D2B-FollowerState] INFO  impl.FollowerState (FollowerState.java:run(143)) - 4d48cbeb-2102-4f2b-b398-c18ce09455c6@group-E3265CC39D2B-FollowerState was interrupted: {}
java.lang.InterruptedException: sleep interrupted
	at java.lang.Thread.sleep(Native Method)
	at java.lang.Thread.sleep(Thread.java:340)
	at java.util.concurrent.TimeUnit.sleep(TimeUnit.java:386)
	at org.apache.ratis.util.TimeDuration.sleep(TimeDuration.java:324)
	at org.apache.ratis.util.TimeDuration.sleep(TimeDuration.java:309)
	at org.apache.ratis.server.impl.FollowerState.run(FollowerState.java:118)
2022-01-10 11:12:30,294 [Listener at 127.0.0.1/12236] INFO  server.RaftServer$Division (ServerState.java:close(419)) - 4d48cbeb-2102-4f2b-b398-c18ce09455c6@group-E3265CC39D2B: closes. applyIndex: 27
2022-01-10 11:12:30,294 [4d48cbeb-2102-4f2b-b398-c18ce09455c6@group-E3265CC39D2B-SegmentedRaftLogWorker] INFO  segmented.SegmentedRaftLogWorker (SegmentedRaftLogWorker.java:run(327)) - 4d48cbeb-2102-4f2b-b398-c18ce09455c6@group-E3265CC39D2B-SegmentedRaftLogWorker was interrupted, exiting. There are 0 tasks remaining in the queue.
2022-01-10 11:12:30,296 [Listener at 127.0.0.1/12236] INFO  segmented.SegmentedRaftLogWorker (SegmentedRaftLogWorker.java:close(237)) - 4d48cbeb-2102-4f2b-b398-c18ce09455c6@group-E3265CC39D2B-SegmentedRaftLogWorker close()
2022-01-10 11:12:30,298 [Listener at 127.0.0.1/12236] INFO  server.GrpcService (GrpcService.java:closeImpl(262)) - 4d48cbeb-2102-4f2b-b398-c18ce09455c6: shutdown server with port 13562 now
2022-01-10 11:12:30,303 [grpc-default-executor-1] WARN  server.GrpcServerProtocolService (LogUtils.java:warn(122)) - 4d48cbeb-2102-4f2b-b398-c18ce09455c6: installSnapshot onError, lastRequest: 6a981e52-99aa-4707-bfae-4a3cfe894454->4d48cbeb-2102-4f2b-b398-c18ce09455c6#1123-t2,previous=(t:2, i:27),leaderCommit=27,initializing? true,entries: size=1, first=(t:2, i:28), METADATAENTRY(c:27): org.apache.ratis.thirdparty.io.grpc.StatusRuntimeException: CANCELLED: client cancelled
2022-01-10 11:12:30,303 [grpc-default-executor-0] WARN  server.GrpcLogAppender (LogUtils.java:warn(122)) - 6a981e52-99aa-4707-bfae-4a3cfe894454@group-E3265CC39D2B->4d48cbeb-2102-4f2b-b398-c18ce09455c6-AppendLogResponseHandler: Failed appendEntries: org.apache.ratis.thirdparty.io.grpc.StatusRuntimeException: CANCELLED: HTTP/2 error code: CANCEL
Received Rst Stream
2022-01-10 11:12:30,303 [grpc-default-executor-0] INFO  leader.FollowerInfo (FollowerInfoImpl.java:lambda$new$0(47)) - 6a981e52-99aa-4707-bfae-4a3cfe894454@group-E3265CC39D2B->4d48cbeb-2102-4f2b-b398-c18ce09455c6: nextIndex: updateUnconditionally 29 -> 28
2022-01-10 11:12:30,303 [Listener at 127.0.0.1/12236] INFO  server.GrpcService (GrpcService.java:closeImpl(271)) - 4d48cbeb-2102-4f2b-b398-c18ce09455c6: shutdown server with port 13562 successfully
2022-01-10 11:12:30,303 [org.apache.ratis.util.JvmPauseMonitor$$Lambda$500/2122256138@26dc0c5] INFO  util.JvmPauseMonitor (JvmPauseMonitor.java:run(109)) - JvmPauseMonitor-4d48cbeb-2102-4f2b-b398-c18ce09455c6: Stopped
2022-01-10 11:12:30,305 [Listener at 127.0.0.1/12236] INFO  pipeline.BackgroundPipelineCreator (BackgroundPipelineCreator.java:stop(158)) - Stopping RatisPipelineUtilsThread.
2022-01-10 11:12:30,306 [Listener at 127.0.0.1/12236] INFO  server.StorageContainerManager (StorageContainerManager.java:stop(1499)) - Stopping SCM MetadataStore.
2022-01-10 11:12:30,309 [Listener at 127.0.0.1/12236] INFO  impl.MetricsSystemImpl (MetricsSystemImpl.java:stop(210)) - Stopping StorageContainerManager metrics system...
2022-01-10 11:12:30,318 [grpc-default-executor-0] WARN  server.GrpcLogAppender (LogUtils.java:warn(122)) - 6a981e52-99aa-4707-bfae-4a3cfe894454@group-E3265CC39D2B->4d48cbeb-2102-4f2b-b398-c18ce09455c6-AppendLogResponseHandler: Failed appendEntries: org.apache.ratis.thirdparty.io.grpc.StatusRuntimeException: UNAVAILABLE: io exception
2022-01-10 11:12:30,318 [grpc-default-executor-0] INFO  leader.FollowerInfo (FollowerInfoImpl.java:lambda$new$0(47)) - 6a981e52-99aa-4707-bfae-4a3cfe894454@group-E3265CC39D2B->4d48cbeb-2102-4f2b-b398-c18ce09455c6: nextIndex: updateUnconditionally 29 -> 28
2022-01-10 11:12:30,334 [prometheus] INFO  impl.MetricsSinkAdapter (MetricsSinkAdapter.java:publishMetricsFromQueue(141)) - prometheus thread interrupted.
2022-01-10 11:12:30,334 [Listener at 127.0.0.1/12236] INFO  impl.MetricsSystemImpl (MetricsSystemImpl.java:stop(216)) - StorageContainerManager metrics system stopped.
2022-01-10 11:12:30,334 [Listener at 127.0.0.1/12236] INFO  ozone.MiniOzoneHAClusterImpl (MiniOzoneHAClusterImpl.java:stop(324)) - Stopping the StorageContainerManager 6a981e52-99aa-4707-bfae-4a3cfe894454
2022-01-10 11:12:30,334 [Listener at 127.0.0.1/12236] INFO  server.StorageContainerManager (StorageContainerManager.java:stop(1390)) - Stopping Container Balancer service.
2022-01-10 11:12:30,335 [Listener at 127.0.0.1/12236] INFO  balancer.ContainerBalancer (ContainerBalancer.java:stop(750)) - Container Balancer is not running.
2022-01-10 11:12:30,335 [Listener at 127.0.0.1/12236] INFO  server.StorageContainerManager (StorageContainerManager.java:stop(1397)) - Stopping Replication Manager Service.
2022-01-10 11:12:30,335 [Listener at 127.0.0.1/12236] INFO  container.ReplicationManager (ReplicationManager.java:stop(350)) - Stopping Replication Monitor Thread.
2022-01-10 11:12:30,335 [Listener at 127.0.0.1/12236] INFO  server.StorageContainerManager (StorageContainerManager.java:stop(1404)) - Stopping the Datanode Admin Monitor.
2022-01-10 11:12:30,335 [Listener at 127.0.0.1/12236] INFO  server.StorageContainerManager (StorageContainerManager.java:stop(1411)) - Stopping Lease Manager of the command watchers
2022-01-10 11:12:30,335 [Listener at 127.0.0.1/12236] INFO  server.StorageContainerManager (StorageContainerManager.java:stop(1418)) - Stopping datanode service RPC server
2022-01-10 11:12:30,335 [Listener at 127.0.0.1/12236] INFO  server.SCMDatanodeProtocolServer (SCMDatanodeProtocolServer.java:stop(390)) - Stopping the RPC server for DataNodes
2022-01-10 11:12:30,335 [Listener at 127.0.0.1/12236] INFO  ipc.Server (Server.java:stop(3414)) - Stopping server on 13553
2022-01-10 11:12:30,343 [IPC Server listener on 13553] INFO  ipc.Server (Server.java:run(1376)) - Stopping IPC Server listener on 13553
2022-01-10 11:12:30,358 [IPC Server Responder] INFO  ipc.Server (Server.java:run(1512)) - Stopping IPC Server Responder
2022-01-10 11:12:30,431 [EndpointStateMachine task thread for /127.0.0.1:14063 - 0 ] INFO  ipc.Client (Client.java:handleConnectionFailure(977)) - Retrying connect to server: localhost/127.0.0.1:14063. Already tried 10 time(s); retry policy is RetryUpToMaximumCountWithFixedSleep(maxRetries=15, sleepTime=1000 MILLISECONDS)
2022-01-10 11:12:30,433 [EndpointStateMachine task thread for /127.0.0.1:14073 - 0 ] INFO  ipc.Client (Client.java:handleConnectionFailure(977)) - Retrying connect to server: localhost/127.0.0.1:14073. Already tried 13 time(s); retry policy is RetryUpToMaximumCountWithFixedSleep(maxRetries=15, sleepTime=1000 MILLISECONDS)
2022-01-10 11:12:30,443 [EndpointStateMachine task thread for /127.0.0.1:13553 - 0 ] WARN  statemachine.EndpointStateMachine (EndpointStateMachine.java:logIfNeeded(236)) - Unable to communicate to SCM server at localhost:13553 for past 0 seconds.
java.io.EOFException: End of File Exception between local host is: "fv-az270-882/10.1.0.7"; destination host is: "localhost":13553; : java.io.EOFException; For more details see:  http://wiki.apache.org/hadoop/EOFException
	at sun.reflect.NativeConstructorAccessorImpl.newInstance0(Native Method)
	at sun.reflect.NativeConstructorAccessorImpl.newInstance(NativeConstructorAccessorImpl.java:62)
	at sun.reflect.DelegatingConstructorAccessorImpl.newInstance(DelegatingConstructorAccessorImpl.java:45)
	at java.lang.reflect.Constructor.newInstance(Constructor.java:423)
	at org.apache.hadoop.net.NetUtils.wrapWithMessage(NetUtils.java:913)
	at org.apache.hadoop.net.NetUtils.wrapException(NetUtils.java:862)
	at org.apache.hadoop.ipc.Client.getRpcResponse(Client.java:1577)
	at org.apache.hadoop.ipc.Client.call(Client.java:1519)
	at org.apache.hadoop.ipc.Client.call(Client.java:1416)
	at org.apache.hadoop.ipc.ProtobufRpcEngine$Invoker.invoke(ProtobufRpcEngine.java:236)
	at org.apache.hadoop.ipc.ProtobufRpcEngine$Invoker.invoke(ProtobufRpcEngine.java:123)
	at com.sun.proxy.$Proxy48.submitRequest(Unknown Source)
	at org.apache.hadoop.ozone.protocolPB.StorageContainerDatanodeProtocolClientSideTranslatorPB.submitRequest(StorageContainerDatanodeProtocolClientSideTranslatorPB.java:117)
	at org.apache.hadoop.ozone.protocolPB.StorageContainerDatanodeProtocolClientSideTranslatorPB.sendHeartbeat(StorageContainerDatanodeProtocolClientSideTranslatorPB.java:149)
	at org.apache.hadoop.ozone.container.common.states.endpoint.HeartbeatEndpointTask.call(HeartbeatEndpointTask.java:179)
	at org.apache.hadoop.ozone.container.common.states.endpoint.HeartbeatEndpointTask.call(HeartbeatEndpointTask.java:82)
	at java.util.concurrent.FutureTask.run(FutureTask.java:266)
	at java.util.concurrent.ThreadPoolExecutor.runWorker(ThreadPoolExecutor.java:1149)
	at java.util.concurrent.ThreadPoolExecutor$Worker.run(ThreadPoolExecutor.java:624)
	at java.lang.Thread.run(Thread.java:748)
Caused by: java.io.EOFException
	at java.io.DataInputStream.readInt(DataInputStream.java:392)
	at org.apache.hadoop.ipc.Client$IpcStreams.readResponse(Client.java:1892)
	at org.apache.hadoop.ipc.Client$Connection.receiveRpcResponse(Client.java:1202)
	at org.apache.hadoop.ipc.Client$Connection.run(Client.java:1098)
2022-01-10 11:12:30,443 [IPC Server handler 13 on default port 13573] INFO  net.NetworkTopologyImpl (NetworkTopologyImpl.java:add(112)) - Added a new node: /default-rack/a128689b-7346-4663-acc6-739d712788d9
2022-01-10 11:12:30,446 [IPC Server handler 13 on default port 13573] INFO  node.SCMNodeManager (SCMNodeManager.java:register(389)) - Registered Data node : a128689b-7346-4663-acc6-739d712788d9{ip: 127.0.0.1, host: localhost, ports: [REPLICATION=46159, RATIS=44189, RATIS_ADMIN=44189, RATIS_SERVER=44189, STANDALONE=43799], networkLocation: /default-rack, certSerialId: null, persistedOpState: null, persistedOpStateExpiryEpochSec: 0}
2022-01-10 11:12:30,446 [EventQueue-NewNodeForNewNodeHandler] INFO  pipeline.BackgroundPipelineCreator (BackgroundPipelineCreator.java:notifyEventTriggered(279)) - ignore, not leader SCM.
2022-01-10 11:12:30,555 [EndpointStateMachine task thread for /127.0.0.1:14053 - 0 ] INFO  ipc.Client (Client.java:handleConnectionFailure(977)) - Retrying connect to server: localhost/127.0.0.1:14053. Already tried 13 time(s); retry policy is RetryUpToMaximumCountWithFixedSleep(maxRetries=15, sleepTime=1000 MILLISECONDS)
2022-01-10 11:12:30,781 [IPC Server handler 14 on default port 13573] INFO  net.NetworkTopologyImpl (NetworkTopologyImpl.java:add(112)) - Added a new node: /default-rack/f1456eab-cb96-47f4-be6a-df81f044b3ea
2022-01-10 11:12:30,781 [IPC Server handler 14 on default port 13573] INFO  node.SCMNodeManager (SCMNodeManager.java:register(389)) - Registered Data node : f1456eab-cb96-47f4-be6a-df81f044b3ea{ip: 127.0.0.1, host: localhost, ports: [REPLICATION=35799, RATIS=40757, RATIS_ADMIN=40757, RATIS_SERVER=40757, STANDALONE=46701], networkLocation: /default-rack, certSerialId: null, persistedOpState: null, persistedOpStateExpiryEpochSec: 0}
2022-01-10 11:12:30,782 [EventQueue-NewNodeForNewNodeHandler] INFO  pipeline.BackgroundPipelineCreator (BackgroundPipelineCreator.java:notifyEventTriggered(279)) - ignore, not leader SCM.
2022-01-10 11:12:31,431 [EndpointStateMachine task thread for /127.0.0.1:14063 - 0 ] INFO  ipc.Client (Client.java:handleConnectionFailure(977)) - Retrying connect to server: localhost/127.0.0.1:14063. Already tried 11 time(s); retry policy is RetryUpToMaximumCountWithFixedSleep(maxRetries=15, sleepTime=1000 MILLISECONDS)
2022-01-10 11:12:31,433 [EndpointStateMachine task thread for /127.0.0.1:14073 - 0 ] INFO  ipc.Client (Client.java:handleConnectionFailure(977)) - Retrying connect to server: localhost/127.0.0.1:14073. Already tried 14 time(s); retry policy is RetryUpToMaximumCountWithFixedSleep(maxRetries=15, sleepTime=1000 MILLISECONDS)
2022-01-10 11:12:31,442 [EndpointStateMachine task thread for /127.0.0.1:13563 - 0 ] INFO  ipc.Client (Client.java:handleConnectionFailure(977)) - Retrying connect to server: localhost/127.0.0.1:13563. Already tried 0 time(s); retry policy is RetryUpToMaximumCountWithFixedSleep(maxRetries=15, sleepTime=1000 MILLISECONDS)
2022-01-10 11:12:31,555 [EndpointStateMachine task thread for /127.0.0.1:14053 - 0 ] INFO  ipc.Client (Client.java:handleConnectionFailure(977)) - Retrying connect to server: localhost/127.0.0.1:14053. Already tried 14 time(s); retry policy is RetryUpToMaximumCountWithFixedSleep(maxRetries=15, sleepTime=1000 MILLISECONDS)
2022-01-10 11:12:31,556 [EndpointStateMachine task thread for /127.0.0.1:14053 - 0 ] WARN  statemachine.EndpointStateMachine (EndpointStateMachine.java:logIfNeeded(236)) - Unable to communicate to SCM server at localhost:14053 for past 0 seconds.
java.net.ConnectException: Call From fv-az270-882/10.1.0.7 to localhost:14053 failed on connection exception: java.net.ConnectException: Connection refused; For more details see:  http://wiki.apache.org/hadoop/ConnectionRefused
	at sun.reflect.NativeConstructorAccessorImpl.newInstance0(Native Method)
	at sun.reflect.NativeConstructorAccessorImpl.newInstance(NativeConstructorAccessorImpl.java:62)
	at sun.reflect.DelegatingConstructorAccessorImpl.newInstance(DelegatingConstructorAccessorImpl.java:45)
	at java.lang.reflect.Constructor.newInstance(Constructor.java:423)
	at org.apache.hadoop.net.NetUtils.wrapWithMessage(NetUtils.java:913)
	at org.apache.hadoop.net.NetUtils.wrapException(NetUtils.java:828)
	at org.apache.hadoop.ipc.Client.getRpcResponse(Client.java:1577)
	at org.apache.hadoop.ipc.Client.call(Client.java:1519)
	at org.apache.hadoop.ipc.Client.call(Client.java:1416)
	at org.apache.hadoop.ipc.ProtobufRpcEngine$Invoker.invoke(ProtobufRpcEngine.java:236)
	at org.apache.hadoop.ipc.ProtobufRpcEngine$Invoker.invoke(ProtobufRpcEngine.java:123)
	at com.sun.proxy.$Proxy48.submitRequest(Unknown Source)
	at org.apache.hadoop.ozone.protocolPB.StorageContainerDatanodeProtocolClientSideTranslatorPB.submitRequest(StorageContainerDatanodeProtocolClientSideTranslatorPB.java:117)
	at org.apache.hadoop.ozone.protocolPB.StorageContainerDatanodeProtocolClientSideTranslatorPB.sendHeartbeat(StorageContainerDatanodeProtocolClientSideTranslatorPB.java:149)
	at org.apache.hadoop.ozone.container.common.states.endpoint.HeartbeatEndpointTask.call(HeartbeatEndpointTask.java:179)
	at org.apache.hadoop.ozone.container.common.states.endpoint.HeartbeatEndpointTask.call(HeartbeatEndpointTask.java:82)
	at java.util.concurrent.FutureTask.run(FutureTask.java:266)
	at java.util.concurrent.ThreadPoolExecutor.runWorker(ThreadPoolExecutor.java:1149)
	at java.util.concurrent.ThreadPoolExecutor$Worker.run(ThreadPoolExecutor.java:624)
	at java.lang.Thread.run(Thread.java:748)
Caused by: java.net.ConnectException: Connection refused
	at sun.nio.ch.SocketChannelImpl.checkConnect(Native Method)
	at sun.nio.ch.SocketChannelImpl.finishConnect(SocketChannelImpl.java:716)
	at org.apache.hadoop.net.SocketIOWithTimeout.connect(SocketIOWithTimeout.java:206)
	at org.apache.hadoop.net.NetUtils.connect(NetUtils.java:586)
	at org.apache.hadoop.ipc.Client$Connection.setupConnection(Client.java:701)
	at org.apache.hadoop.ipc.Client$Connection.setupIOstreams(Client.java:822)
	at org.apache.hadoop.ipc.Client$Connection.access$3800(Client.java:414)
	at org.apache.hadoop.ipc.Client.getConnection(Client.java:1647)
	at org.apache.hadoop.ipc.Client.call(Client.java:1463)
	... 12 more
2022-01-10 11:12:31,780 [EndpointStateMachine task thread for /127.0.0.1:13553 - 0 ] INFO  ipc.Client (Client.java:handleConnectionFailure(977)) - Retrying connect to server: localhost/127.0.0.1:13553. Already tried 0 time(s); retry policy is RetryUpToMaximumCountWithFixedSleep(maxRetries=15, sleepTime=1000 MILLISECONDS)
2022-01-10 11:12:32,226 [Datanode State Machine Daemon Thread] ERROR datanode.RunningDatanodeState (RunningDatanodeState.java:computeNextContainerState(199)) - Error in executing end point task.
java.util.concurrent.ExecutionException: java.util.concurrent.TimeoutException
	at java.util.concurrent.FutureTask.report(FutureTask.java:122)
	at java.util.concurrent.FutureTask.get(FutureTask.java:192)
	at org.apache.hadoop.ozone.container.common.states.datanode.RunningDatanodeState.computeNextContainerState(RunningDatanodeState.java:191)
	at org.apache.hadoop.ozone.container.common.states.datanode.RunningDatanodeState.await(RunningDatanodeState.java:231)
	at org.apache.hadoop.ozone.container.common.states.datanode.RunningDatanodeState.await(RunningDatanodeState.java:50)
	at org.apache.hadoop.ozone.container.common.statemachine.StateContext.execute(StateContext.java:633)
	at org.apache.hadoop.ozone.container.common.statemachine.DatanodeStateMachine.start(DatanodeStateMachine.java:280)
	at org.apache.hadoop.ozone.container.common.statemachine.DatanodeStateMachine.lambda$startDaemon$0(DatanodeStateMachine.java:468)
	at java.lang.Thread.run(Thread.java:748)
Caused by: java.util.concurrent.TimeoutException
	at java.util.concurrent.FutureTask.get(FutureTask.java:205)
	at org.apache.hadoop.ozone.container.common.states.datanode.RunningDatanodeState.lambda$execute$0(RunningDatanodeState.java:149)
	at java.util.concurrent.FutureTask.run(FutureTask.java:266)
	at java.util.concurrent.Executors$RunnableAdapter.call(Executors.java:511)
	at java.util.concurrent.FutureTask.run(FutureTask.java:266)
	at java.util.concurrent.ThreadPoolExecutor.runWorker(ThreadPoolExecutor.java:1149)
	at java.util.concurrent.ThreadPoolExecutor$Worker.run(ThreadPoolExecutor.java:624)
	... 1 more
2022-01-10 11:12:32,432 [EndpointStateMachine task thread for /127.0.0.1:14063 - 0 ] INFO  ipc.Client (Client.java:handleConnectionFailure(977)) - Retrying connect to server: localhost/127.0.0.1:14063. Already tried 12 time(s); retry policy is RetryUpToMaximumCountWithFixedSleep(maxRetries=15, sleepTime=1000 MILLISECONDS)
2022-01-10 11:12:32,440 [EndpointStateMachine task thread for /127.0.0.1:14073 - 0 ] INFO  ipc.Client (Client.java:handleConnectionFailure(977)) - Retrying connect to server: localhost/127.0.0.1:14073. Already tried 0 time(s); retry policy is RetryUpToMaximumCountWithFixedSleep(maxRetries=15, sleepTime=1000 MILLISECONDS)
2022-01-10 11:12:32,442 [EndpointStateMachine task thread for /127.0.0.1:13563 - 0 ] INFO  ipc.Client (Client.java:handleConnectionFailure(977)) - Retrying connect to server: localhost/127.0.0.1:13563. Already tried 1 time(s); retry policy is RetryUpToMaximumCountWithFixedSleep(maxRetries=15, sleepTime=1000 MILLISECONDS)
2022-01-10 11:12:32,557 [EndpointStateMachine task thread for /127.0.0.1:14053 - 0 ] INFO  ipc.Client (Client.java:handleConnectionFailure(977)) - Retrying connect to server: localhost/127.0.0.1:14053. Already tried 0 time(s); retry policy is RetryUpToMaximumCountWithFixedSleep(maxRetries=15, sleepTime=1000 MILLISECONDS)
2022-01-10 11:12:32,777 [SCM Heartbeat Processing Thread - 0] WARN  node.NodeStateManager (NodeStateManager.java:scheduleNextHealthCheck(799)) - Current Thread is interrupted, shutting down HB processing thread for Node Manager.
2022-01-10 11:12:32,777 [Listener at 127.0.0.1/12236] INFO  server.StorageContainerManager (StorageContainerManager.java:stop(1426)) - Stopping block service RPC server
2022-01-10 11:12:32,778 [Listener at 127.0.0.1/12236] INFO  server.SCMBlockProtocolServer (SCMBlockProtocolServer.java:stop(160)) - Stopping the RPC server for Block Protocol
2022-01-10 11:12:32,778 [Listener at 127.0.0.1/12236] INFO  ipc.Server (Server.java:stop(3414)) - Stopping server on 13554
2022-01-10 11:12:32,779 [Datanode State Machine Daemon Thread] ERROR datanode.RunningDatanodeState (RunningDatanodeState.java:computeNextContainerState(199)) - Error in executing end point task.
java.util.concurrent.ExecutionException: java.util.concurrent.TimeoutException
	at java.util.concurrent.FutureTask.report(FutureTask.java:122)
	at java.util.concurrent.FutureTask.get(FutureTask.java:192)
	at org.apache.hadoop.ozone.container.common.states.datanode.RunningDatanodeState.computeNextContainerState(RunningDatanodeState.java:191)
	at org.apache.hadoop.ozone.container.common.states.datanode.RunningDatanodeState.await(RunningDatanodeState.java:231)
	at org.apache.hadoop.ozone.container.common.states.datanode.RunningDatanodeState.await(RunningDatanodeState.java:50)
	at org.apache.hadoop.ozone.container.common.statemachine.StateContext.execute(StateContext.java:633)
	at org.apache.hadoop.ozone.container.common.statemachine.DatanodeStateMachine.start(DatanodeStateMachine.java:280)
	at org.apache.hadoop.ozone.container.common.statemachine.DatanodeStateMachine.lambda$startDaemon$0(DatanodeStateMachine.java:468)
	at java.lang.Thread.run(Thread.java:748)
Caused by: java.util.concurrent.TimeoutException
	at java.util.concurrent.FutureTask.get(FutureTask.java:205)
	at org.apache.hadoop.ozone.container.common.states.datanode.RunningDatanodeState.lambda$execute$0(RunningDatanodeState.java:149)
	at java.util.concurrent.FutureTask.run(FutureTask.java:266)
	at java.util.concurrent.Executors$RunnableAdapter.call(Executors.java:511)
	at java.util.concurrent.FutureTask.run(FutureTask.java:266)
	at java.util.concurrent.ThreadPoolExecutor.runWorker(ThreadPoolExecutor.java:1149)
	at java.util.concurrent.ThreadPoolExecutor$Worker.run(ThreadPoolExecutor.java:624)
	... 1 more
2022-01-10 11:12:32,780 [EndpointStateMachine task thread for /127.0.0.1:13553 - 0 ] INFO  ipc.Client (Client.java:handleConnectionFailure(977)) - Retrying connect to server: localhost/127.0.0.1:13553. Already tried 1 time(s); retry policy is RetryUpToMaximumCountWithFixedSleep(maxRetries=15, sleepTime=1000 MILLISECONDS)
2022-01-10 11:12:32,813 [IPC Server listener on 13554] INFO  ipc.Server (Server.java:run(1376)) - Stopping IPC Server listener on 13554
2022-01-10 11:12:32,813 [Listener at 127.0.0.1/12236] INFO  server.StorageContainerManager (StorageContainerManager.java:stop(1433)) - Stopping the StorageContainerLocationProtocol RPC server
2022-01-10 11:12:32,813 [Listener at 127.0.0.1/12236] INFO  server.SCMClientProtocolServer (SCMClientProtocolServer.java:stop(173)) - Stopping the RPC server for Client Protocol
2022-01-10 11:12:32,813 [Listener at 127.0.0.1/12236] INFO  ipc.Server (Server.java:stop(3414)) - Stopping server on 13555
2022-01-10 11:12:32,813 [IPC Server Responder] INFO  ipc.Server (Server.java:run(1512)) - Stopping IPC Server Responder
2022-01-10 11:12:32,814 [grpc-default-executor-0] WARN  server.GrpcLogAppender (LogUtils.java:warn(122)) - 6a981e52-99aa-4707-bfae-4a3cfe894454@group-E3265CC39D2B->4d48cbeb-2102-4f2b-b398-c18ce09455c6-AppendLogResponseHandler: Failed appendEntries: org.apache.ratis.thirdparty.io.grpc.StatusRuntimeException: UNAVAILABLE: io exception
2022-01-10 11:12:32,815 [grpc-default-executor-0] INFO  leader.FollowerInfo (FollowerInfoImpl.java:lambda$new$0(47)) - 6a981e52-99aa-4707-bfae-4a3cfe894454@group-E3265CC39D2B->4d48cbeb-2102-4f2b-b398-c18ce09455c6: nextIndex: updateUnconditionally 29 -> 28
2022-01-10 11:12:32,832 [Listener at 127.0.0.1/12236] INFO  server.StorageContainerManager (StorageContainerManager.java:stop(1440)) - Stopping Storage Container Manager HTTP server.
2022-01-10 11:12:32,832 [IPC Server Responder] INFO  ipc.Server (Server.java:run(1512)) - Stopping IPC Server Responder
2022-01-10 11:12:32,833 [Listener at 127.0.0.1/12236] INFO  handler.ContextHandler (ContextHandler.java:doStop(1153)) - Stopped o.e.j.w.WebAppContext@36e73413{scm,/,null,STOPPED}{file:/home/runner/work/ozone/ozone/hadoop-ozone/integration-test/target/test-classes/webapps/scm}
2022-01-10 11:12:32,834 [Listener at 127.0.0.1/12236] INFO  server.AbstractConnector (AbstractConnector.java:doStop(381)) - Stopped ServerConnector@2dfecd52{HTTP/1.1, (http/1.1)}{0.0.0.0:13550}
2022-01-10 11:12:32,834 [Listener at 127.0.0.1/12236] INFO  server.session (HouseKeeper.java:stopScavenging(149)) - node0 Stopped scavenging
2022-01-10 11:12:32,834 [Listener at 127.0.0.1/12236] INFO  handler.ContextHandler (ContextHandler.java:doStop(1153)) - Stopped o.e.j.s.ServletContextHandler@1c9e9bfb{static,/static,file:///home/runner/work/ozone/ozone/hadoop-ozone/integration-test/target/test-classes/webapps/static,STOPPED}
2022-01-10 11:12:32,835 [Listener at 127.0.0.1/12236] INFO  handler.ContextHandler (ContextHandler.java:doStop(1153)) - Stopped o.e.j.s.ServletContextHandler@32016cf3{logs,/logs,file:///home/runner/work/ozone/ozone/hadoop-ozone/integration-test/target/log,STOPPED}
2022-01-10 11:12:32,836 [Listener at 127.0.0.1/12236] INFO  server.StorageContainerManager (StorageContainerManager.java:stop(1451)) - Stopping Block Manager Service.
2022-01-10 11:12:32,836 [Listener at 127.0.0.1/12236] INFO  utils.BackgroundService (BackgroundService.java:shutdown(132)) - Shutting down service SCMBlockDeletingService
2022-01-10 11:12:32,837 [Listener at 127.0.0.1/12236] INFO  utils.BackgroundService (BackgroundService.java:shutdown(132)) - Shutting down service SCMBlockDeletingService
2022-01-10 11:12:32,837 [Listener at 127.0.0.1/12236] INFO  server.StorageContainerManager (StorageContainerManager.java:stop(1478)) - Stopping SCM Event Queue.
2022-01-10 11:12:32,842 [IPC Server listener on 13555] INFO  ipc.Server (Server.java:run(1376)) - Stopping IPC Server listener on 13555
2022-01-10 11:12:32,842 [Listener at 127.0.0.1/12236] INFO  server.StorageContainerManager (StorageContainerManager.java:stop(1489)) - Stopping SCM HA services.
2022-01-10 11:12:32,842 [Listener at 127.0.0.1/12236] INFO  ha.SCMRatisServerImpl (SCMRatisServerImpl.java:stop(236)) - stopping ratis server 0.0.0.0:13552
2022-01-10 11:12:32,842 [Listener at 127.0.0.1/12236] INFO  server.RaftServer (RaftServerProxy.java:lambda$close$6(391)) - 6a981e52-99aa-4707-bfae-4a3cfe894454: close
2022-01-10 11:12:32,843 [Listener at 127.0.0.1/12236] INFO  server.RaftServer$Division (RaftServerImpl.java:lambda$close$4(412)) - 6a981e52-99aa-4707-bfae-4a3cfe894454@group-E3265CC39D2B: shutdown
2022-01-10 11:12:32,843 [Listener at 127.0.0.1/12236] INFO  util.JmxRegister (JmxRegister.java:unregister(73)) - Successfully un-registered JMX Bean with object name Ratis:service=RaftServer,group=group-E3265CC39D2B,id=6a981e52-99aa-4707-bfae-4a3cfe894454
2022-01-10 11:12:32,843 [Listener at 127.0.0.1/12236] INFO  impl.RoleInfo (RoleInfo.java:shutdownLeaderState(91)) - 6a981e52-99aa-4707-bfae-4a3cfe894454: shutdown 6a981e52-99aa-4707-bfae-4a3cfe894454@group-E3265CC39D2B-LeaderStateImpl
2022-01-10 11:12:32,845 [Listener at 127.0.0.1/12236] INFO  impl.PendingRequests (PendingRequests.java:sendNotLeaderResponses(282)) - 6a981e52-99aa-4707-bfae-4a3cfe894454@group-E3265CC39D2B-PendingRequests: sendNotLeaderResponses
2022-01-10 11:12:32,845 [Listener at 127.0.0.1/12236] INFO  ha.SCMStateMachine (SCMStateMachine.java:notifyNotLeader(190)) - current leader SCM steps down.
2022-01-10 11:12:32,845 [Listener at 127.0.0.1/12236] INFO  ha.SCMContext (SCMContext.java:updateLeaderAndTerm(90)) - update <isLeader,term> from <true,2> to <false,0>
2022-01-10 11:12:32,845 [Listener at 127.0.0.1/12236] INFO  ha.SCMContext (SCMContext.java:updateLeaderAndTerm(97)) - update <isLeaderReady> from <false> to <false>
2022-01-10 11:12:32,846 [6a981e52-99aa-4707-bfae-4a3cfe894454@group-E3265CC39D2B->6a22f154-cb7c-441c-a781-fd6e64cf0c09-GrpcLogAppender-LogAppenderDaemon] WARN  server.GrpcLogAppender (GrpcLogAppender.java:mayWait(177)) - 6a981e52-99aa-4707-bfae-4a3cfe894454@group-E3265CC39D2B->6a22f154-cb7c-441c-a781-fd6e64cf0c09-GrpcLogAppender: Wait interrupted by java.lang.InterruptedException
2022-01-10 11:12:32,846 [6a981e52-99aa-4707-bfae-4a3cfe894454@group-E3265CC39D2B->4d48cbeb-2102-4f2b-b398-c18ce09455c6-GrpcLogAppender-LogAppenderDaemon] WARN  server.GrpcLogAppender (GrpcLogAppender.java:mayWait(177)) - 6a981e52-99aa-4707-bfae-4a3cfe894454@group-E3265CC39D2B->4d48cbeb-2102-4f2b-b398-c18ce09455c6-GrpcLogAppender: Wait interrupted by java.lang.InterruptedException
2022-01-10 11:12:32,846 [grpc-default-executor-0] INFO  server.GrpcServerProtocolService (GrpcServerProtocolService.java:onCompleted(140)) - 6a22f154-cb7c-441c-a781-fd6e64cf0c09: Completed APPEND_ENTRIES, lastRequest: 6a981e52-99aa-4707-bfae-4a3cfe894454->6a22f154-cb7c-441c-a781-fd6e64cf0c09#5-t2,previous=(t:2, i:27),leaderCommit=27,initializing? true,entries: size=1, first=(t:2, i:28), METADATAENTRY(c:27)
2022-01-10 11:12:32,847 [grpc-default-executor-1] INFO  server.GrpcLogAppender (GrpcLogAppender.java:onCompleted(346)) - 6a981e52-99aa-4707-bfae-4a3cfe894454@group-E3265CC39D2B->6a22f154-cb7c-441c-a781-fd6e64cf0c09-AppendLogResponseHandler: follower responses appendEntries COMPLETED
2022-01-10 11:12:32,847 [grpc-default-executor-1] INFO  leader.FollowerInfo (FollowerInfoImpl.java:lambda$new$0(47)) - 6a981e52-99aa-4707-bfae-4a3cfe894454@group-E3265CC39D2B->6a22f154-cb7c-441c-a781-fd6e64cf0c09: nextIndex: updateUnconditionally 29 -> 28
2022-01-10 11:12:32,849 [6a981e52-99aa-4707-bfae-4a3cfe894454@group-E3265CC39D2B-StateMachineUpdater] INFO  ha.SCMStateMachine (SCMStateMachine.java:takeSnapshot(297)) - Current Snapshot Index 28, takeSnapshot took 1 ms
2022-01-10 11:12:32,849 [6a981e52-99aa-4707-bfae-4a3cfe894454@group-E3265CC39D2B-StateMachineUpdater] INFO  impl.StateMachineUpdater (StateMachineUpdater.java:takeSnapshot(281)) - 6a981e52-99aa-4707-bfae-4a3cfe894454@group-E3265CC39D2B-StateMachineUpdater: Took a snapshot at index 28
2022-01-10 11:12:32,849 [6a981e52-99aa-4707-bfae-4a3cfe894454@group-E3265CC39D2B-StateMachineUpdater] INFO  impl.StateMachineUpdater (StateMachineUpdater.java:lambda$new$0(89)) - 6a981e52-99aa-4707-bfae-4a3cfe894454@group-E3265CC39D2B-StateMachineUpdater: snapshotIndex: updateIncreasingly 25 -> 28
2022-01-10 11:12:32,850 [Listener at 127.0.0.1/12236] INFO  impl.StateMachineUpdater (StateMachineUpdater.java:stopAndJoin(149)) - 6a981e52-99aa-4707-bfae-4a3cfe894454@group-E3265CC39D2B-StateMachineUpdater: set stopIndex = 28
2022-01-10 11:12:32,850 [Listener at 127.0.0.1/12236] INFO  server.RaftServer$Division (ServerState.java:close(419)) - 6a981e52-99aa-4707-bfae-4a3cfe894454@group-E3265CC39D2B: closes. applyIndex: 28
2022-01-10 11:12:32,850 [6a981e52-99aa-4707-bfae-4a3cfe894454@group-E3265CC39D2B-SegmentedRaftLogWorker] INFO  segmented.SegmentedRaftLogWorker (SegmentedRaftLogWorker.java:run(327)) - 6a981e52-99aa-4707-bfae-4a3cfe894454@group-E3265CC39D2B-SegmentedRaftLogWorker was interrupted, exiting. There are 0 tasks remaining in the queue.
2022-01-10 11:12:32,851 [Listener at 127.0.0.1/12236] INFO  segmented.SegmentedRaftLogWorker (SegmentedRaftLogWorker.java:close(237)) - 6a981e52-99aa-4707-bfae-4a3cfe894454@group-E3265CC39D2B-SegmentedRaftLogWorker close()
2022-01-10 11:12:32,852 [Listener at 127.0.0.1/12236] INFO  server.GrpcService (GrpcService.java:closeImpl(262)) - 6a981e52-99aa-4707-bfae-4a3cfe894454: shutdown server with port 13552 now
2022-01-10 11:12:32,861 [Listener at 127.0.0.1/12236] INFO  server.GrpcService (GrpcService.java:closeImpl(271)) - 6a981e52-99aa-4707-bfae-4a3cfe894454: shutdown server with port 13552 successfully
2022-01-10 11:12:32,861 [org.apache.ratis.util.JvmPauseMonitor$$Lambda$500/2122256138@54210bb8] INFO  util.JvmPauseMonitor (JvmPauseMonitor.java:run(109)) - JvmPauseMonitor-6a981e52-99aa-4707-bfae-4a3cfe894454: Stopped
2022-01-10 11:12:32,862 [Listener at 127.0.0.1/12236] INFO  pipeline.BackgroundPipelineCreator (BackgroundPipelineCreator.java:stop(158)) - Stopping RatisPipelineUtilsThread.
2022-01-10 11:12:32,862 [Listener at 127.0.0.1/12236] INFO  server.StorageContainerManager (StorageContainerManager.java:stop(1499)) - Stopping SCM MetadataStore.
2022-01-10 11:12:32,863 [Listener at 127.0.0.1/12236] INFO  impl.MetricsSystemImpl (MetricsSystemImpl.java:stop(205)) - StorageContainerManager metrics system stopped (again)
2022-01-10 11:12:32,864 [Listener at 127.0.0.1/12236] INFO  ozone.MiniOzoneHAClusterImpl (MiniOzoneHAClusterImpl.java:stop(324)) - Stopping the StorageContainerManager 6a22f154-cb7c-441c-a781-fd6e64cf0c09
2022-01-10 11:12:32,865 [Listener at 127.0.0.1/12236] INFO  server.StorageContainerManager (StorageContainerManager.java:stop(1390)) - Stopping Container Balancer service.
2022-01-10 11:12:32,865 [Listener at 127.0.0.1/12236] INFO  balancer.ContainerBalancer (ContainerBalancer.java:stop(750)) - Container Balancer is not running.
2022-01-10 11:12:32,865 [Listener at 127.0.0.1/12236] INFO  server.StorageContainerManager (StorageContainerManager.java:stop(1397)) - Stopping Replication Manager Service.
2022-01-10 11:12:32,865 [Listener at 127.0.0.1/12236] INFO  container.ReplicationManager (ReplicationManager.java:stop(350)) - Stopping Replication Monitor Thread.
2022-01-10 11:12:32,865 [Listener at 127.0.0.1/12236] INFO  server.StorageContainerManager (StorageContainerManager.java:stop(1404)) - Stopping the Datanode Admin Monitor.
2022-01-10 11:12:32,868 [Listener at 127.0.0.1/12236] INFO  server.StorageContainerManager (StorageContainerManager.java:stop(1411)) - Stopping Lease Manager of the command watchers
2022-01-10 11:12:32,868 [Listener at 127.0.0.1/12236] INFO  server.StorageContainerManager (StorageContainerManager.java:stop(1418)) - Stopping datanode service RPC server
2022-01-10 11:12:32,868 [Listener at 127.0.0.1/12236] INFO  server.SCMDatanodeProtocolServer (SCMDatanodeProtocolServer.java:stop(390)) - Stopping the RPC server for DataNodes
2022-01-10 11:12:32,868 [Listener at 127.0.0.1/12236] INFO  ipc.Server (Server.java:stop(3414)) - Stopping server on 13573
2022-01-10 11:12:32,871 [IPC Server listener on 13573] INFO  ipc.Server (Server.java:run(1376)) - Stopping IPC Server listener on 13573
2022-01-10 11:12:32,873 [IPC Server Responder] INFO  ipc.Server (Server.java:run(1512)) - Stopping IPC Server Responder
2022-01-10 11:12:32,902 [SCM Heartbeat Processing Thread - 0] WARN  node.NodeStateManager (NodeStateManager.java:scheduleNextHealthCheck(799)) - Current Thread is interrupted, shutting down HB processing thread for Node Manager.
2022-01-10 11:12:32,902 [Listener at 127.0.0.1/12236] INFO  server.StorageContainerManager (StorageContainerManager.java:stop(1426)) - Stopping block service RPC server
2022-01-10 11:12:32,903 [Listener at 127.0.0.1/12236] INFO  server.SCMBlockProtocolServer (SCMBlockProtocolServer.java:stop(160)) - Stopping the RPC server for Block Protocol
2022-01-10 11:12:32,903 [Listener at 127.0.0.1/12236] INFO  ipc.Server (Server.java:stop(3414)) - Stopping server on 13574
2022-01-10 11:12:32,909 [IPC Server listener on 13574] INFO  ipc.Server (Server.java:run(1376)) - Stopping IPC Server listener on 13574
2022-01-10 11:12:32,909 [Listener at 127.0.0.1/12236] INFO  server.StorageContainerManager (StorageContainerManager.java:stop(1433)) - Stopping the StorageContainerLocationProtocol RPC server
2022-01-10 11:12:32,909 [Listener at 127.0.0.1/12236] INFO  server.SCMClientProtocolServer (SCMClientProtocolServer.java:stop(173)) - Stopping the RPC server for Client Protocol
2022-01-10 11:12:32,909 [Listener at 127.0.0.1/12236] INFO  ipc.Server (Server.java:stop(3414)) - Stopping server on 13575
2022-01-10 11:12:32,909 [IPC Server Responder] INFO  ipc.Server (Server.java:run(1512)) - Stopping IPC Server Responder
2022-01-10 11:12:32,911 [IPC Server listener on 13575] INFO  ipc.Server (Server.java:run(1376)) - Stopping IPC Server listener on 13575
2022-01-10 11:12:32,911 [IPC Server Responder] INFO  ipc.Server (Server.java:run(1512)) - Stopping IPC Server Responder
2022-01-10 11:12:32,913 [Listener at 127.0.0.1/12236] INFO  server.StorageContainerManager (StorageContainerManager.java:stop(1440)) - Stopping Storage Container Manager HTTP server.
2022-01-10 11:12:32,914 [Listener at 127.0.0.1/12236] INFO  handler.ContextHandler (ContextHandler.java:doStop(1153)) - Stopped o.e.j.w.WebAppContext@43e07d88{scm,/,null,STOPPED}{file:/home/runner/work/ozone/ozone/hadoop-ozone/integration-test/target/test-classes/webapps/scm}
2022-01-10 11:12:32,914 [Listener at 127.0.0.1/12236] INFO  server.AbstractConnector (AbstractConnector.java:doStop(381)) - Stopped ServerConnector@3885b162{HTTP/1.1, (http/1.1)}{0.0.0.0:13570}
2022-01-10 11:12:32,914 [Listener at 127.0.0.1/12236] INFO  server.session (HouseKeeper.java:stopScavenging(149)) - node0 Stopped scavenging
2022-01-10 11:12:32,915 [Listener at 127.0.0.1/12236] INFO  handler.ContextHandler (ContextHandler.java:doStop(1153)) - Stopped o.e.j.s.ServletContextHandler@76669d13{static,/static,file:///home/runner/work/ozone/ozone/hadoop-ozone/integration-test/target/test-classes/webapps/static,STOPPED}
2022-01-10 11:12:32,915 [Listener at 127.0.0.1/12236] INFO  handler.ContextHandler (ContextHandler.java:doStop(1153)) - Stopped o.e.j.s.ServletContextHandler@4a86103{logs,/logs,file:///home/runner/work/ozone/ozone/hadoop-ozone/integration-test/target/log,STOPPED}
2022-01-10 11:12:32,916 [Listener at 127.0.0.1/12236] INFO  server.StorageContainerManager (StorageContainerManager.java:stop(1451)) - Stopping Block Manager Service.
2022-01-10 11:12:32,916 [Listener at 127.0.0.1/12236] INFO  utils.BackgroundService (BackgroundService.java:shutdown(132)) - Shutting down service SCMBlockDeletingService
2022-01-10 11:12:32,916 [Listener at 127.0.0.1/12236] INFO  utils.BackgroundService (BackgroundService.java:shutdown(132)) - Shutting down service SCMBlockDeletingService
2022-01-10 11:12:32,916 [Listener at 127.0.0.1/12236] INFO  server.StorageContainerManager (StorageContainerManager.java:stop(1478)) - Stopping SCM Event Queue.
2022-01-10 11:12:32,917 [Listener at 127.0.0.1/12236] INFO  server.StorageContainerManager (StorageContainerManager.java:stop(1489)) - Stopping SCM HA services.
2022-01-10 11:12:32,917 [Listener at 127.0.0.1/12236] INFO  ha.SCMRatisServerImpl (SCMRatisServerImpl.java:stop(236)) - stopping ratis server 0.0.0.0:13572
2022-01-10 11:12:32,918 [Listener at 127.0.0.1/12236] INFO  server.RaftServer (RaftServerProxy.java:lambda$close$6(391)) - 6a22f154-cb7c-441c-a781-fd6e64cf0c09: close
2022-01-10 11:12:32,918 [Listener at 127.0.0.1/12236] INFO  server.GrpcService (GrpcService.java:closeImpl(262)) - 6a22f154-cb7c-441c-a781-fd6e64cf0c09: shutdown server with port 13572 now
2022-01-10 11:12:32,919 [Listener at 127.0.0.1/12236] INFO  server.GrpcService (GrpcService.java:closeImpl(271)) - 6a22f154-cb7c-441c-a781-fd6e64cf0c09: shutdown server with port 13572 successfully
2022-01-10 11:12:32,919 [org.apache.ratis.util.JvmPauseMonitor$$Lambda$500/2122256138@a56d443] INFO  util.JvmPauseMonitor (JvmPauseMonitor.java:run(109)) - JvmPauseMonitor-6a22f154-cb7c-441c-a781-fd6e64cf0c09: Stopped
2022-01-10 11:12:32,925 [Listener at 127.0.0.1/12236] INFO  pipeline.BackgroundPipelineCreator (BackgroundPipelineCreator.java:stop(158)) - Stopping RatisPipelineUtilsThread.
2022-01-10 11:12:32,929 [Listener at 127.0.0.1/12236] INFO  server.StorageContainerManager (StorageContainerManager.java:stop(1499)) - Stopping SCM MetadataStore.
2022-01-10 11:12:32,930 [Listener at 127.0.0.1/12236] INFO  impl.MetricsSystemImpl (MetricsSystemImpl.java:stop(205)) - StorageContainerManager metrics system stopped (again)
2022-01-10 11:12:32,930 [Listener at 127.0.0.1/12236] INFO  ozone.MiniOzoneClusterImpl (MiniOzoneClusterImpl.java:stop(468)) - Stopping the Mini Ozone Cluster
2022-01-10 11:12:32,930 [Listener at 127.0.0.1/12236] INFO  ozone.MiniOzoneClusterImpl (MiniOzoneClusterImpl.java:stopDatanodes(527)) - Stopping the HddsDatanodes
2022-01-10 11:12:33,234 [Datanode State Machine Daemon Thread] ERROR datanode.RunningDatanodeState (RunningDatanodeState.java:computeNextContainerState(199)) - Error in executing end point task.
java.util.concurrent.ExecutionException: java.util.concurrent.TimeoutException
	at java.util.concurrent.FutureTask.report(FutureTask.java:122)
	at java.util.concurrent.FutureTask.get(FutureTask.java:192)
	at org.apache.hadoop.ozone.container.common.states.datanode.RunningDatanodeState.computeNextContainerState(RunningDatanodeState.java:191)
	at org.apache.hadoop.ozone.container.common.states.datanode.RunningDatanodeState.await(RunningDatanodeState.java:231)
	at org.apache.hadoop.ozone.container.common.states.datanode.RunningDatanodeState.await(RunningDatanodeState.java:50)
	at org.apache.hadoop.ozone.container.common.statemachine.StateContext.execute(StateContext.java:633)
	at org.apache.hadoop.ozone.container.common.statemachine.DatanodeStateMachine.start(DatanodeStateMachine.java:280)
	at org.apache.hadoop.ozone.container.common.statemachine.DatanodeStateMachine.lambda$startDaemon$0(DatanodeStateMachine.java:468)
	at java.lang.Thread.run(Thread.java:748)
Caused by: java.util.concurrent.TimeoutException
	at java.util.concurrent.FutureTask.get(FutureTask.java:205)
	at org.apache.hadoop.ozone.container.common.states.datanode.RunningDatanodeState.lambda$execute$0(RunningDatanodeState.java:149)
	at java.util.concurrent.FutureTask.run(FutureTask.java:266)
	at java.util.concurrent.Executors$RunnableAdapter.call(Executors.java:511)
	at java.util.concurrent.FutureTask.run(FutureTask.java:266)
	at java.util.concurrent.ThreadPoolExecutor.runWorker(ThreadPoolExecutor.java:1149)
	at java.util.concurrent.ThreadPoolExecutor$Worker.run(ThreadPoolExecutor.java:624)
	... 1 more
2022-01-10 11:12:33,236 [EndpointStateMachine task thread for /127.0.0.1:13573 - 0 ] WARN  statemachine.EndpointStateMachine (EndpointStateMachine.java:logIfNeeded(236)) - Unable to communicate to SCM server at localhost:13573 for past 0 seconds.
java.io.EOFException: End of File Exception between local host is: "fv-az270-882/10.1.0.7"; destination host is: "localhost":13573; : java.io.EOFException; For more details see:  http://wiki.apache.org/hadoop/EOFException
	at sun.reflect.NativeConstructorAccessorImpl.newInstance0(Native Method)
	at sun.reflect.NativeConstructorAccessorImpl.newInstance(NativeConstructorAccessorImpl.java:62)
	at sun.reflect.DelegatingConstructorAccessorImpl.newInstance(DelegatingConstructorAccessorImpl.java:45)
	at java.lang.reflect.Constructor.newInstance(Constructor.java:423)
	at org.apache.hadoop.net.NetUtils.wrapWithMessage(NetUtils.java:913)
	at org.apache.hadoop.net.NetUtils.wrapException(NetUtils.java:862)
	at org.apache.hadoop.ipc.Client.getRpcResponse(Client.java:1577)
	at org.apache.hadoop.ipc.Client.call(Client.java:1519)
	at org.apache.hadoop.ipc.Client.call(Client.java:1416)
	at org.apache.hadoop.ipc.ProtobufRpcEngine$Invoker.invoke(ProtobufRpcEngine.java:236)
	at org.apache.hadoop.ipc.ProtobufRpcEngine$Invoker.invoke(ProtobufRpcEngine.java:123)
	at com.sun.proxy.$Proxy48.submitRequest(Unknown Source)
	at org.apache.hadoop.ozone.protocolPB.StorageContainerDatanodeProtocolClientSideTranslatorPB.submitRequest(StorageContainerDatanodeProtocolClientSideTranslatorPB.java:117)
	at org.apache.hadoop.ozone.protocolPB.StorageContainerDatanodeProtocolClientSideTranslatorPB.sendHeartbeat(StorageContainerDatanodeProtocolClientSideTranslatorPB.java:149)
	at org.apache.hadoop.ozone.container.common.states.endpoint.HeartbeatEndpointTask.call(HeartbeatEndpointTask.java:179)
	at org.apache.hadoop.ozone.container.common.states.endpoint.HeartbeatEndpointTask.call(HeartbeatEndpointTask.java:82)
	at java.util.concurrent.FutureTask.run(FutureTask.java:266)
	at java.util.concurrent.ThreadPoolExecutor.runWorker(ThreadPoolExecutor.java:1149)
	at java.util.concurrent.ThreadPoolExecutor$Worker.run(ThreadPoolExecutor.java:624)
	at java.lang.Thread.run(Thread.java:748)
Caused by: java.io.EOFException
	at java.io.DataInputStream.readInt(DataInputStream.java:392)
	at org.apache.hadoop.ipc.Client$IpcStreams.readResponse(Client.java:1892)
	at org.apache.hadoop.ipc.Client$Connection.receiveRpcResponse(Client.java:1202)
	at org.apache.hadoop.ipc.Client$Connection.run(Client.java:1098)
2022-01-10 11:12:33,433 [EndpointStateMachine task thread for /127.0.0.1:14063 - 0 ] INFO  ipc.Client (Client.java:handleConnectionFailure(977)) - Retrying connect to server: localhost/127.0.0.1:14063. Already tried 13 time(s); retry policy is RetryUpToMaximumCountWithFixedSleep(maxRetries=15, sleepTime=1000 MILLISECONDS)
2022-01-10 11:12:33,440 [EndpointStateMachine task thread for /127.0.0.1:14073 - 0 ] INFO  ipc.Client (Client.java:handleConnectionFailure(977)) - Retrying connect to server: localhost/127.0.0.1:14073. Already tried 1 time(s); retry policy is RetryUpToMaximumCountWithFixedSleep(maxRetries=15, sleepTime=1000 MILLISECONDS)
2022-01-10 11:12:33,441 [Datanode State Machine Daemon Thread] ERROR datanode.RunningDatanodeState (RunningDatanodeState.java:computeNextContainerState(199)) - Error in executing end point task.
java.util.concurrent.ExecutionException: java.util.concurrent.TimeoutException
	at java.util.concurrent.FutureTask.report(FutureTask.java:122)
	at java.util.concurrent.FutureTask.get(FutureTask.java:192)
	at org.apache.hadoop.ozone.container.common.states.datanode.RunningDatanodeState.computeNextContainerState(RunningDatanodeState.java:191)
	at org.apache.hadoop.ozone.container.common.states.datanode.RunningDatanodeState.await(RunningDatanodeState.java:231)
	at org.apache.hadoop.ozone.container.common.states.datanode.RunningDatanodeState.await(RunningDatanodeState.java:50)
	at org.apache.hadoop.ozone.container.common.statemachine.StateContext.execute(StateContext.java:633)
	at org.apache.hadoop.ozone.container.common.statemachine.DatanodeStateMachine.start(DatanodeStateMachine.java:280)
	at org.apache.hadoop.ozone.container.common.statemachine.DatanodeStateMachine.lambda$startDaemon$0(DatanodeStateMachine.java:468)
	at java.lang.Thread.run(Thread.java:748)
Caused by: java.util.concurrent.TimeoutException
	at java.util.concurrent.FutureTask.get(FutureTask.java:205)
	at org.apache.hadoop.ozone.container.common.states.datanode.RunningDatanodeState.lambda$execute$0(RunningDatanodeState.java:149)
	at java.util.concurrent.FutureTask.run(FutureTask.java:266)
	at java.util.concurrent.Executors$RunnableAdapter.call(Executors.java:511)
	at java.util.concurrent.FutureTask.run(FutureTask.java:266)
	at java.util.concurrent.ThreadPoolExecutor.runWorker(ThreadPoolExecutor.java:1149)
	at java.util.concurrent.ThreadPoolExecutor$Worker.run(ThreadPoolExecutor.java:624)
	... 1 more
2022-01-10 11:12:33,445 [Datanode State Machine Daemon Thread] WARN  statemachine.StateContext (StateContext.java:setState(249)) - Ignore disallowed transition from SHUTDOWN to RUNNING
2022-01-10 11:12:33,449 [EndpointStateMachine task thread for /127.0.0.1:13563 - 0 ] INFO  ipc.Client (Client.java:handleConnectionFailure(977)) - Retrying connect to server: localhost/127.0.0.1:13563. Already tried 2 time(s); retry policy is RetryUpToMaximumCountWithFixedSleep(maxRetries=15, sleepTime=1000 MILLISECONDS)
2022-01-10 11:12:33,558 [EndpointStateMachine task thread for /127.0.0.1:14053 - 0 ] INFO  ipc.Client (Client.java:handleConnectionFailure(977)) - Retrying connect to server: localhost/127.0.0.1:14053. Already tried 1 time(s); retry policy is RetryUpToMaximumCountWithFixedSleep(maxRetries=15, sleepTime=1000 MILLISECONDS)
2022-01-10 11:12:33,793 [Datanode State Machine Daemon Thread] WARN  statemachine.StateContext (StateContext.java:setState(249)) - Ignore disallowed transition from SHUTDOWN to RUNNING
2022-01-10 11:12:33,801 [EndpointStateMachine task thread for /127.0.0.1:13553 - 0 ] INFO  ipc.Client (Client.java:handleConnectionFailure(977)) - Retrying connect to server: localhost/127.0.0.1:13553. Already tried 2 time(s); retry policy is RetryUpToMaximumCountWithFixedSleep(maxRetries=15, sleepTime=1000 MILLISECONDS)
2022-01-10 11:12:34,433 [EndpointStateMachine task thread for /127.0.0.1:14063 - 0 ] INFO  ipc.Client (Client.java:handleConnectionFailure(977)) - Retrying connect to server: localhost/127.0.0.1:14063. Already tried 14 time(s); retry policy is RetryUpToMaximumCountWithFixedSleep(maxRetries=15, sleepTime=1000 MILLISECONDS)
2022-01-10 11:12:34,441 [EndpointStateMachine task thread for /127.0.0.1:14073 - 0 ] INFO  ipc.Client (Client.java:handleConnectionFailure(977)) - Retrying connect to server: localhost/127.0.0.1:14073. Already tried 2 time(s); retry policy is RetryUpToMaximumCountWithFixedSleep(maxRetries=15, sleepTime=1000 MILLISECONDS)
2022-01-10 11:12:34,449 [EndpointStateMachine task thread for /127.0.0.1:13563 - 0 ] INFO  ipc.Client (Client.java:handleConnectionFailure(977)) - Retrying connect to server: localhost/127.0.0.1:13563. Already tried 3 time(s); retry policy is RetryUpToMaximumCountWithFixedSleep(maxRetries=15, sleepTime=1000 MILLISECONDS)
2022-01-10 11:12:34,558 [EndpointStateMachine task thread for /127.0.0.1:14053 - 0 ] INFO  ipc.Client (Client.java:handleConnectionFailure(977)) - Retrying connect to server: localhost/127.0.0.1:14053. Already tried 2 time(s); retry policy is RetryUpToMaximumCountWithFixedSleep(maxRetries=15, sleepTime=1000 MILLISECONDS)
2022-01-10 11:12:34,802 [EndpointStateMachine task thread for /127.0.0.1:13553 - 0 ] INFO  ipc.Client (Client.java:handleConnectionFailure(977)) - Retrying connect to server: localhost/127.0.0.1:13553. Already tried 3 time(s); retry policy is RetryUpToMaximumCountWithFixedSleep(maxRetries=15, sleepTime=1000 MILLISECONDS)
2022-01-10 11:12:35,142 [af60d39b-22ca-4a7c-b55e-02ce95ae6b6a@group-1B62DF32BCE0-FollowerState] INFO  impl.FollowerState (FollowerState.java:run(134)) - af60d39b-22ca-4a7c-b55e-02ce95ae6b6a@group-1B62DF32BCE0-FollowerState: change to CANDIDATE, lastRpcElapsedTime:5018544022ns, electionTimeout:5002ms
2022-01-10 11:12:35,142 [af60d39b-22ca-4a7c-b55e-02ce95ae6b6a@group-1B62DF32BCE0-FollowerState] INFO  impl.RoleInfo (RoleInfo.java:shutdownFollowerState(108)) - af60d39b-22ca-4a7c-b55e-02ce95ae6b6a: shutdown af60d39b-22ca-4a7c-b55e-02ce95ae6b6a@group-1B62DF32BCE0-FollowerState
2022-01-10 11:12:35,142 [af60d39b-22ca-4a7c-b55e-02ce95ae6b6a@group-1B62DF32BCE0-FollowerState] INFO  server.RaftServer$Division (RaftServerImpl.java:setRole(290)) - af60d39b-22ca-4a7c-b55e-02ce95ae6b6a@group-1B62DF32BCE0: changes role from  FOLLOWER to CANDIDATE at term 3 for changeToCandidate
2022-01-10 11:12:35,142 [af60d39b-22ca-4a7c-b55e-02ce95ae6b6a@group-1B62DF32BCE0-FollowerState] INFO  server.RaftServerConfigKeys (ConfUtils.java:logGet(44)) - raft.server.leaderelection.pre-vote = false (custom)
2022-01-10 11:12:35,142 [af60d39b-22ca-4a7c-b55e-02ce95ae6b6a@group-1B62DF32BCE0-FollowerState] INFO  impl.RoleInfo (RoleInfo.java:updateAndGet(130)) - af60d39b-22ca-4a7c-b55e-02ce95ae6b6a: start af60d39b-22ca-4a7c-b55e-02ce95ae6b6a@group-1B62DF32BCE0-LeaderElection26
2022-01-10 11:12:35,159 [af60d39b-22ca-4a7c-b55e-02ce95ae6b6a@group-1B62DF32BCE0-LeaderElection26] INFO  impl.LeaderElection (LeaderElection.java:askForVotes(306)) - af60d39b-22ca-4a7c-b55e-02ce95ae6b6a@group-1B62DF32BCE0-LeaderElection26 ELECTION round 0: submit vote requests at term 4 for -1: [af60d39b-22ca-4a7c-b55e-02ce95ae6b6a|rpc:127.0.0.1:36573|dataStream:|priority:1, f1456eab-cb96-47f4-be6a-df81f044b3ea|rpc:127.0.0.1:40757|dataStream:|priority:0, a128689b-7346-4663-acc6-739d712788d9|rpc:127.0.0.1:44189|dataStream:|priority:0], old=null
2022-01-10 11:12:35,165 [grpc-default-executor-0] INFO  server.RaftServer$Division (RaftServerImpl.java:requestVote(1046)) - f1456eab-cb96-47f4-be6a-df81f044b3ea@group-1B62DF32BCE0: receive requestVote(ELECTION, af60d39b-22ca-4a7c-b55e-02ce95ae6b6a, group-1B62DF32BCE0, 4, (t:0, i:0))
2022-01-10 11:12:35,166 [grpc-default-executor-0] INFO  impl.VoteContext (VoteContext.java:log(48)) - f1456eab-cb96-47f4-be6a-df81f044b3ea@group-1B62DF32BCE0-FOLLOWER: accept ELECTION from af60d39b-22ca-4a7c-b55e-02ce95ae6b6a: our priority 0 <= candidate's priority 1
2022-01-10 11:12:35,166 [grpc-default-executor-0] INFO  server.RaftServer$Division (RaftServerImpl.java:setRole(290)) - f1456eab-cb96-47f4-be6a-df81f044b3ea@group-1B62DF32BCE0: changes role from  FOLLOWER to FOLLOWER at term 4 for candidate:af60d39b-22ca-4a7c-b55e-02ce95ae6b6a
2022-01-10 11:12:35,166 [grpc-default-executor-0] INFO  impl.RoleInfo (RoleInfo.java:shutdownFollowerState(108)) - f1456eab-cb96-47f4-be6a-df81f044b3ea: shutdown f1456eab-cb96-47f4-be6a-df81f044b3ea@group-1B62DF32BCE0-FollowerState
2022-01-10 11:12:35,166 [grpc-default-executor-0] INFO  impl.RoleInfo (RoleInfo.java:updateAndGet(130)) - f1456eab-cb96-47f4-be6a-df81f044b3ea: start f1456eab-cb96-47f4-be6a-df81f044b3ea@group-1B62DF32BCE0-FollowerState
2022-01-10 11:12:35,166 [f1456eab-cb96-47f4-be6a-df81f044b3ea@group-1B62DF32BCE0-FollowerState] INFO  impl.FollowerState (FollowerState.java:run(143)) - f1456eab-cb96-47f4-be6a-df81f044b3ea@group-1B62DF32BCE0-FollowerState was interrupted: {}
java.lang.InterruptedException: sleep interrupted
	at java.lang.Thread.sleep(Native Method)
	at java.lang.Thread.sleep(Thread.java:340)
	at java.util.concurrent.TimeUnit.sleep(TimeUnit.java:386)
	at org.apache.ratis.util.TimeDuration.sleep(TimeDuration.java:324)
	at org.apache.ratis.util.TimeDuration.sleep(TimeDuration.java:309)
	at org.apache.ratis.server.impl.FollowerState.run(FollowerState.java:118)
2022-01-10 11:12:35,168 [grpc-default-executor-0] INFO  server.RaftServer$Division (RaftServerImpl.java:requestVote(1078)) - f1456eab-cb96-47f4-be6a-df81f044b3ea@group-1B62DF32BCE0 replies to ELECTION vote request: af60d39b-22ca-4a7c-b55e-02ce95ae6b6a<-f1456eab-cb96-47f4-be6a-df81f044b3ea#0:OK-t4. Peer's state: f1456eab-cb96-47f4-be6a-df81f044b3ea@group-1B62DF32BCE0:t4, leader=null, voted=af60d39b-22ca-4a7c-b55e-02ce95ae6b6a, raftlog=f1456eab-cb96-47f4-be6a-df81f044b3ea@group-1B62DF32BCE0-SegmentedRaftLog:OPENED:c-1, conf=-1: [af60d39b-22ca-4a7c-b55e-02ce95ae6b6a|rpc:127.0.0.1:36573|priority:1, f1456eab-cb96-47f4-be6a-df81f044b3ea|rpc:127.0.0.1:40757|priority:0, a128689b-7346-4663-acc6-739d712788d9|rpc:127.0.0.1:44189|priority:0], old=null
2022-01-10 11:12:35,177 [grpc-default-executor-1] INFO  server.RaftServer$Division (RaftServerImpl.java:requestVote(1046)) - a128689b-7346-4663-acc6-739d712788d9@group-1B62DF32BCE0: receive requestVote(ELECTION, af60d39b-22ca-4a7c-b55e-02ce95ae6b6a, group-1B62DF32BCE0, 4, (t:0, i:0))
2022-01-10 11:12:35,178 [grpc-default-executor-1] INFO  impl.VoteContext (VoteContext.java:log(48)) - a128689b-7346-4663-acc6-739d712788d9@group-1B62DF32BCE0-FOLLOWER: accept ELECTION from af60d39b-22ca-4a7c-b55e-02ce95ae6b6a: our priority 0 <= candidate's priority 1
2022-01-10 11:12:35,178 [grpc-default-executor-1] INFO  server.RaftServer$Division (RaftServerImpl.java:setRole(290)) - a128689b-7346-4663-acc6-739d712788d9@group-1B62DF32BCE0: changes role from  FOLLOWER to FOLLOWER at term 4 for candidate:af60d39b-22ca-4a7c-b55e-02ce95ae6b6a
2022-01-10 11:12:35,178 [grpc-default-executor-1] INFO  impl.RoleInfo (RoleInfo.java:shutdownFollowerState(108)) - a128689b-7346-4663-acc6-739d712788d9: shutdown a128689b-7346-4663-acc6-739d712788d9@group-1B62DF32BCE0-FollowerState
2022-01-10 11:12:35,178 [a128689b-7346-4663-acc6-739d712788d9@group-1B62DF32BCE0-FollowerState] INFO  impl.FollowerState (FollowerState.java:run(143)) - a128689b-7346-4663-acc6-739d712788d9@group-1B62DF32BCE0-FollowerState was interrupted: {}
java.lang.InterruptedException: sleep interrupted
	at java.lang.Thread.sleep(Native Method)
	at java.lang.Thread.sleep(Thread.java:340)
	at java.util.concurrent.TimeUnit.sleep(TimeUnit.java:386)
	at org.apache.ratis.util.TimeDuration.sleep(TimeDuration.java:324)
	at org.apache.ratis.util.TimeDuration.sleep(TimeDuration.java:309)
	at org.apache.ratis.server.impl.FollowerState.run(FollowerState.java:118)
2022-01-10 11:12:35,178 [grpc-default-executor-1] INFO  impl.RoleInfo (RoleInfo.java:updateAndGet(130)) - a128689b-7346-4663-acc6-739d712788d9: start a128689b-7346-4663-acc6-739d712788d9@group-1B62DF32BCE0-FollowerState
2022-01-10 11:12:35,184 [af60d39b-22ca-4a7c-b55e-02ce95ae6b6a@group-1B62DF32BCE0-LeaderElection26] INFO  impl.LeaderElection (LeaderElection.java:logAndReturn(89)) - af60d39b-22ca-4a7c-b55e-02ce95ae6b6a@group-1B62DF32BCE0-LeaderElection26: ELECTION PASSED received 1 response(s) and 0 exception(s):
2022-01-10 11:12:35,184 [af60d39b-22ca-4a7c-b55e-02ce95ae6b6a@group-1B62DF32BCE0-LeaderElection26] INFO  impl.LeaderElection (LeaderElection.java:logAndReturn(93)) -   Response 0: af60d39b-22ca-4a7c-b55e-02ce95ae6b6a<-f1456eab-cb96-47f4-be6a-df81f044b3ea#0:OK-t4
2022-01-10 11:12:35,187 [af60d39b-22ca-4a7c-b55e-02ce95ae6b6a@group-1B62DF32BCE0-LeaderElection26] INFO  impl.LeaderElection (LeaderElection.java:askForVotes(308)) - af60d39b-22ca-4a7c-b55e-02ce95ae6b6a@group-1B62DF32BCE0-LeaderElection26 ELECTION round 0: result PASSED
2022-01-10 11:12:35,187 [af60d39b-22ca-4a7c-b55e-02ce95ae6b6a@group-1B62DF32BCE0-LeaderElection26] INFO  impl.RoleInfo (RoleInfo.java:shutdownLeaderElection(121)) - af60d39b-22ca-4a7c-b55e-02ce95ae6b6a: shutdown af60d39b-22ca-4a7c-b55e-02ce95ae6b6a@group-1B62DF32BCE0-LeaderElection26
2022-01-10 11:12:35,187 [af60d39b-22ca-4a7c-b55e-02ce95ae6b6a@group-1B62DF32BCE0-LeaderElection26] INFO  server.RaftServer$Division (RaftServerImpl.java:setRole(290)) - af60d39b-22ca-4a7c-b55e-02ce95ae6b6a@group-1B62DF32BCE0: changes role from CANDIDATE to LEADER at term 4 for changeToLeader
2022-01-10 11:12:35,187 [af60d39b-22ca-4a7c-b55e-02ce95ae6b6a@group-1B62DF32BCE0-LeaderElection26] INFO  ratis.XceiverServerRatis (XceiverServerRatis.java:handleLeaderChangedNotification(866)) - Leader change notification received for group: group-1B62DF32BCE0 with new leaderId: af60d39b-22ca-4a7c-b55e-02ce95ae6b6a
2022-01-10 11:12:35,187 [af60d39b-22ca-4a7c-b55e-02ce95ae6b6a@group-1B62DF32BCE0-LeaderElection26] INFO  server.RaftServer$Division (ServerState.java:setLeader(285)) - af60d39b-22ca-4a7c-b55e-02ce95ae6b6a@group-1B62DF32BCE0: change Leader from null to af60d39b-22ca-4a7c-b55e-02ce95ae6b6a at term 4 for becomeLeader, leader elected after 15529ms
2022-01-10 11:12:35,187 [af60d39b-22ca-4a7c-b55e-02ce95ae6b6a@group-1B62DF32BCE0-LeaderElection26] INFO  server.RaftServerConfigKeys (ConfUtils.java:logGet(44)) - raft.server.staging.catchup.gap = 1000 (default)
2022-01-10 11:12:35,188 [af60d39b-22ca-4a7c-b55e-02ce95ae6b6a@group-1B62DF32BCE0-LeaderElection26] INFO  server.RaftServerConfigKeys (ConfUtils.java:logGet(44)) - raft.server.write.element-limit = 1024 (custom)
2022-01-10 11:12:35,188 [af60d39b-22ca-4a7c-b55e-02ce95ae6b6a@group-1B62DF32BCE0-LeaderElection26] INFO  server.RaftServerConfigKeys (ConfUtils.java:logGet(44)) - raft.server.write.byte-limit = 1024 M (=1073741824) (custom)
2022-01-10 11:12:35,189 [af60d39b-22ca-4a7c-b55e-02ce95ae6b6a@group-1B62DF32BCE0-LeaderElection26] INFO  server.RaftServerConfigKeys (ConfUtils.java:logGet(44)) - raft.server.watch.timeout = 180s (custom)
2022-01-10 11:12:35,189 [af60d39b-22ca-4a7c-b55e-02ce95ae6b6a@group-1B62DF32BCE0-LeaderElection26] INFO  server.RaftServerConfigKeys (ConfUtils.java:logGet(44)) - raft.server.watch.timeout.denomination = 1s (default)
2022-01-10 11:12:35,189 [af60d39b-22ca-4a7c-b55e-02ce95ae6b6a@group-1B62DF32BCE0-LeaderElection26] INFO  server.RaftServerConfigKeys (ConfUtils.java:logGet(44)) - raft.server.watch.element-limit = 65536 (default)
2022-01-10 11:12:35,189 [af60d39b-22ca-4a7c-b55e-02ce95ae6b6a@group-1B62DF32BCE0-LeaderElection26] INFO  server.RaftServerConfigKeys (ConfUtils.java:logGet(44)) - raft.server.write.element-limit = 1024 (custom)
2022-01-10 11:12:35,189 [af60d39b-22ca-4a7c-b55e-02ce95ae6b6a@group-1B62DF32BCE0-LeaderElection26] INFO  server.RaftServerConfigKeys (ConfUtils.java:logGet(44)) - raft.server.write.follower.gap.ratio.max = -1.0 (default)
2022-01-10 11:12:35,189 [grpc-default-executor-1] INFO  server.RaftServer$Division (RaftServerImpl.java:requestVote(1078)) - a128689b-7346-4663-acc6-739d712788d9@group-1B62DF32BCE0 replies to ELECTION vote request: af60d39b-22ca-4a7c-b55e-02ce95ae6b6a<-a128689b-7346-4663-acc6-739d712788d9#0:OK-t4. Peer's state: a128689b-7346-4663-acc6-739d712788d9@group-1B62DF32BCE0:t4, leader=null, voted=af60d39b-22ca-4a7c-b55e-02ce95ae6b6a, raftlog=a128689b-7346-4663-acc6-739d712788d9@group-1B62DF32BCE0-SegmentedRaftLog:OPENED:c-1, conf=-1: [af60d39b-22ca-4a7c-b55e-02ce95ae6b6a|rpc:127.0.0.1:36573|priority:1, f1456eab-cb96-47f4-be6a-df81f044b3ea|rpc:127.0.0.1:40757|priority:0, a128689b-7346-4663-acc6-739d712788d9|rpc:127.0.0.1:44189|priority:0], old=null
2022-01-10 11:12:35,189 [af60d39b-22ca-4a7c-b55e-02ce95ae6b6a@group-1B62DF32BCE0-LeaderElection26] INFO  server.RaftServerConfigKeys (ConfUtils.java:logGet(44)) - raft.server.log.appender.snapshot.chunk.size.max = 16MB (=16777216) (default)
2022-01-10 11:12:35,190 [af60d39b-22ca-4a7c-b55e-02ce95ae6b6a@group-1B62DF32BCE0-LeaderElection26] INFO  server.RaftServerConfigKeys (ConfUtils.java:logGet(44)) - raft.server.log.appender.buffer.byte-limit = 33554432 (custom)
2022-01-10 11:12:35,190 [af60d39b-22ca-4a7c-b55e-02ce95ae6b6a@group-1B62DF32BCE0-LeaderElection26] INFO  server.RaftServerConfigKeys (ConfUtils.java:logGet(44)) - raft.server.log.appender.buffer.element-limit = 1 (custom)
2022-01-10 11:12:35,190 [af60d39b-22ca-4a7c-b55e-02ce95ae6b6a@group-1B62DF32BCE0-LeaderElection26] INFO  grpc.GrpcConfigKeys (ConfUtils.java:logGet(44)) - raft.grpc.server.leader.outstanding.appends.max = 128 (default)
2022-01-10 11:12:35,190 [af60d39b-22ca-4a7c-b55e-02ce95ae6b6a@group-1B62DF32BCE0-LeaderElection26] INFO  server.RaftServerConfigKeys (ConfUtils.java:logGet(44)) - raft.server.rpc.request.timeout = 60s (custom)
2022-01-10 11:12:35,190 [af60d39b-22ca-4a7c-b55e-02ce95ae6b6a@group-1B62DF32BCE0-LeaderElection26] INFO  server.RaftServerConfigKeys (ConfUtils.java:logGet(44)) - raft.server.log.appender.install.snapshot.enabled = false (custom)
2022-01-10 11:12:35,191 [af60d39b-22ca-4a7c-b55e-02ce95ae6b6a@group-1B62DF32BCE0-LeaderElection26] INFO  server.RaftServerConfigKeys (ConfUtils.java:logGet(44)) - raft.server.log.appender.snapshot.chunk.size.max = 16MB (=16777216) (default)
2022-01-10 11:12:35,191 [af60d39b-22ca-4a7c-b55e-02ce95ae6b6a@group-1B62DF32BCE0-LeaderElection26] INFO  server.RaftServerConfigKeys (ConfUtils.java:logGet(44)) - raft.server.log.appender.buffer.byte-limit = 33554432 (custom)
2022-01-10 11:12:35,191 [af60d39b-22ca-4a7c-b55e-02ce95ae6b6a@group-1B62DF32BCE0-LeaderElection26] INFO  server.RaftServerConfigKeys (ConfUtils.java:logGet(44)) - raft.server.log.appender.buffer.element-limit = 1 (custom)
2022-01-10 11:12:35,191 [af60d39b-22ca-4a7c-b55e-02ce95ae6b6a@group-1B62DF32BCE0-LeaderElection26] INFO  grpc.GrpcConfigKeys (ConfUtils.java:logGet(44)) - raft.grpc.server.leader.outstanding.appends.max = 128 (default)
2022-01-10 11:12:35,191 [af60d39b-22ca-4a7c-b55e-02ce95ae6b6a@group-1B62DF32BCE0-LeaderElection26] INFO  server.RaftServerConfigKeys (ConfUtils.java:logGet(44)) - raft.server.rpc.request.timeout = 60s (custom)
2022-01-10 11:12:35,191 [af60d39b-22ca-4a7c-b55e-02ce95ae6b6a@group-1B62DF32BCE0-LeaderElection26] INFO  server.RaftServerConfigKeys (ConfUtils.java:logGet(44)) - raft.server.log.appender.install.snapshot.enabled = false (custom)
2022-01-10 11:12:35,192 [af60d39b-22ca-4a7c-b55e-02ce95ae6b6a@group-1B62DF32BCE0-LeaderElection26] INFO  impl.RoleInfo (RoleInfo.java:updateAndGet(130)) - af60d39b-22ca-4a7c-b55e-02ce95ae6b6a: start af60d39b-22ca-4a7c-b55e-02ce95ae6b6a@group-1B62DF32BCE0-LeaderStateImpl
2022-01-10 11:12:35,192 [af60d39b-22ca-4a7c-b55e-02ce95ae6b6a@group-1B62DF32BCE0-LeaderElection26] INFO  segmented.SegmentedRaftLogWorker (SegmentedRaftLogWorker.java:startLogSegment(394)) - af60d39b-22ca-4a7c-b55e-02ce95ae6b6a@group-1B62DF32BCE0-SegmentedRaftLogWorker: Starting segment from index:0
2022-01-10 11:12:35,194 [af60d39b-22ca-4a7c-b55e-02ce95ae6b6a@group-1B62DF32BCE0-SegmentedRaftLogWorker] INFO  segmented.SegmentedRaftLogWorker (SegmentedRaftLogWorker.java:execute(601)) - af60d39b-22ca-4a7c-b55e-02ce95ae6b6a@group-1B62DF32BCE0-SegmentedRaftLogWorker: created new log segment /home/runner/work/ozone/ozone/hadoop-ozone/integration-test/target/test-dir/MiniOzoneClusterImpl-7d1a95dd-ad38-4e88-9004-e3265cc39d2b/datanode-2/data/ratis/b2d26482-101b-4dbd-9a26-1b62df32bce0/current/log_inprogress_0
2022-01-10 11:12:35,216 [af60d39b-22ca-4a7c-b55e-02ce95ae6b6a@group-1B62DF32BCE0-LeaderElection26] INFO  server.RaftServer$Division (ServerState.java:setRaftConf(387)) - af60d39b-22ca-4a7c-b55e-02ce95ae6b6a@group-1B62DF32BCE0: set configuration 0: [af60d39b-22ca-4a7c-b55e-02ce95ae6b6a|rpc:127.0.0.1:36573|dataStream:|priority:1, f1456eab-cb96-47f4-be6a-df81f044b3ea|rpc:127.0.0.1:40757|dataStream:|priority:0, a128689b-7346-4663-acc6-739d712788d9|rpc:127.0.0.1:44189|dataStream:|priority:0], old=null
2022-01-10 11:12:35,225 [grpc-default-executor-1] INFO  ratis.XceiverServerRatis (XceiverServerRatis.java:handleLeaderChangedNotification(866)) - Leader change notification received for group: group-1B62DF32BCE0 with new leaderId: af60d39b-22ca-4a7c-b55e-02ce95ae6b6a
2022-01-10 11:12:35,225 [grpc-default-executor-1] INFO  server.RaftServer$Division (ServerState.java:setLeader(285)) - a128689b-7346-4663-acc6-739d712788d9@group-1B62DF32BCE0: change Leader from null to af60d39b-22ca-4a7c-b55e-02ce95ae6b6a at term 4 for appendEntries, leader elected after 15619ms
2022-01-10 11:12:35,226 [grpc-default-executor-0] INFO  ratis.XceiverServerRatis (XceiverServerRatis.java:handleLeaderChangedNotification(866)) - Leader change notification received for group: group-1B62DF32BCE0 with new leaderId: af60d39b-22ca-4a7c-b55e-02ce95ae6b6a
2022-01-10 11:12:35,226 [grpc-default-executor-0] INFO  server.RaftServer$Division (ServerState.java:setLeader(285)) - f1456eab-cb96-47f4-be6a-df81f044b3ea@group-1B62DF32BCE0: change Leader from null to af60d39b-22ca-4a7c-b55e-02ce95ae6b6a at term 4 for appendEntries, leader elected after 15627ms
2022-01-10 11:12:35,229 [grpc-default-executor-1] INFO  server.RaftServer$Division (ServerState.java:setRaftConf(387)) - a128689b-7346-4663-acc6-739d712788d9@group-1B62DF32BCE0: set configuration 0: [af60d39b-22ca-4a7c-b55e-02ce95ae6b6a|rpc:127.0.0.1:36573|dataStream:|priority:1, f1456eab-cb96-47f4-be6a-df81f044b3ea|rpc:127.0.0.1:40757|dataStream:|priority:0, a128689b-7346-4663-acc6-739d712788d9|rpc:127.0.0.1:44189|dataStream:|priority:0], old=null
2022-01-10 11:12:35,229 [grpc-default-executor-1] INFO  segmented.SegmentedRaftLogWorker (SegmentedRaftLogWorker.java:startLogSegment(394)) - a128689b-7346-4663-acc6-739d712788d9@group-1B62DF32BCE0-SegmentedRaftLogWorker: Starting segment from index:0
2022-01-10 11:12:35,233 [grpc-default-executor-1] INFO  server.RaftServer$Division (ServerState.java:setRaftConf(387)) - f1456eab-cb96-47f4-be6a-df81f044b3ea@group-1B62DF32BCE0: set configuration 0: [af60d39b-22ca-4a7c-b55e-02ce95ae6b6a|rpc:127.0.0.1:36573|dataStream:|priority:1, f1456eab-cb96-47f4-be6a-df81f044b3ea|rpc:127.0.0.1:40757|dataStream:|priority:0, a128689b-7346-4663-acc6-739d712788d9|rpc:127.0.0.1:44189|dataStream:|priority:0], old=null
2022-01-10 11:12:35,233 [grpc-default-executor-1] INFO  segmented.SegmentedRaftLogWorker (SegmentedRaftLogWorker.java:startLogSegment(394)) - f1456eab-cb96-47f4-be6a-df81f044b3ea@group-1B62DF32BCE0-SegmentedRaftLogWorker: Starting segment from index:0
2022-01-10 11:12:35,236 [EndpointStateMachine task thread for /127.0.0.1:13573 - 0 ] INFO  ipc.Client (Client.java:handleConnectionFailure(977)) - Retrying connect to server: localhost/127.0.0.1:13573. Already tried 0 time(s); retry policy is RetryUpToMaximumCountWithFixedSleep(maxRetries=15, sleepTime=1000 MILLISECONDS)
2022-01-10 11:12:35,238 [a128689b-7346-4663-acc6-739d712788d9@group-1B62DF32BCE0-SegmentedRaftLogWorker] INFO  segmented.SegmentedRaftLogWorker (SegmentedRaftLogWorker.java:execute(601)) - a128689b-7346-4663-acc6-739d712788d9@group-1B62DF32BCE0-SegmentedRaftLogWorker: created new log segment /home/runner/work/ozone/ozone/hadoop-ozone/integration-test/target/test-dir/MiniOzoneClusterImpl-7d1a95dd-ad38-4e88-9004-e3265cc39d2b/datanode-0/data/ratis/b2d26482-101b-4dbd-9a26-1b62df32bce0/current/log_inprogress_0
2022-01-10 11:12:35,240 [f1456eab-cb96-47f4-be6a-df81f044b3ea@group-1B62DF32BCE0-SegmentedRaftLogWorker] INFO  segmented.SegmentedRaftLogWorker (SegmentedRaftLogWorker.java:execute(601)) - f1456eab-cb96-47f4-be6a-df81f044b3ea@group-1B62DF32BCE0-SegmentedRaftLogWorker: created new log segment /home/runner/work/ozone/ozone/hadoop-ozone/integration-test/target/test-dir/MiniOzoneClusterImpl-7d1a95dd-ad38-4e88-9004-e3265cc39d2b/datanode-1/data/ratis/b2d26482-101b-4dbd-9a26-1b62df32bce0/current/log_inprogress_0
2022-01-10 11:12:35,435 [EndpointStateMachine task thread for /127.0.0.1:14063 - 0 ] INFO  ipc.Client (Client.java:handleConnectionFailure(977)) - Retrying connect to server: localhost/127.0.0.1:14063. Already tried 0 time(s); retry policy is RetryUpToMaximumCountWithFixedSleep(maxRetries=15, sleepTime=1000 MILLISECONDS)
2022-01-10 11:12:35,441 [EndpointStateMachine task thread for /127.0.0.1:14073 - 0 ] INFO  ipc.Client (Client.java:handleConnectionFailure(977)) - Retrying connect to server: localhost/127.0.0.1:14073. Already tried 3 time(s); retry policy is RetryUpToMaximumCountWithFixedSleep(maxRetries=15, sleepTime=1000 MILLISECONDS)
2022-01-10 11:12:35,449 [EndpointStateMachine task thread for /127.0.0.1:13563 - 0 ] INFO  ipc.Client (Client.java:handleConnectionFailure(977)) - Retrying connect to server: localhost/127.0.0.1:13563. Already tried 4 time(s); retry policy is RetryUpToMaximumCountWithFixedSleep(maxRetries=15, sleepTime=1000 MILLISECONDS)
2022-01-10 11:12:35,559 [EndpointStateMachine task thread for /127.0.0.1:14053 - 0 ] INFO  ipc.Client (Client.java:handleConnectionFailure(977)) - Retrying connect to server: localhost/127.0.0.1:14053. Already tried 3 time(s); retry policy is RetryUpToMaximumCountWithFixedSleep(maxRetries=15, sleepTime=1000 MILLISECONDS)
2022-01-10 11:12:35,803 [EndpointStateMachine task thread for /127.0.0.1:13553 - 0 ] INFO  ipc.Client (Client.java:handleConnectionFailure(977)) - Retrying connect to server: localhost/127.0.0.1:13553. Already tried 4 time(s); retry policy is RetryUpToMaximumCountWithFixedSleep(maxRetries=15, sleepTime=1000 MILLISECONDS)
2022-01-10 11:12:36,237 [EndpointStateMachine task thread for /127.0.0.1:13573 - 0 ] INFO  ipc.Client (Client.java:handleConnectionFailure(977)) - Retrying connect to server: localhost/127.0.0.1:13573. Already tried 1 time(s); retry policy is RetryUpToMaximumCountWithFixedSleep(maxRetries=15, sleepTime=1000 MILLISECONDS)
2022-01-10 11:12:36,436 [EndpointStateMachine task thread for /127.0.0.1:14063 - 0 ] INFO  ipc.Client (Client.java:handleConnectionFailure(977)) - Retrying connect to server: localhost/127.0.0.1:14063. Already tried 1 time(s); retry policy is RetryUpToMaximumCountWithFixedSleep(maxRetries=15, sleepTime=1000 MILLISECONDS)
2022-01-10 11:12:36,442 [EndpointStateMachine task thread for /127.0.0.1:14073 - 0 ] INFO  ipc.Client (Client.java:handleConnectionFailure(977)) - Retrying connect to server: localhost/127.0.0.1:14073. Already tried 4 time(s); retry policy is RetryUpToMaximumCountWithFixedSleep(maxRetries=15, sleepTime=1000 MILLISECONDS)
2022-01-10 11:12:36,450 [EndpointStateMachine task thread for /127.0.0.1:13563 - 0 ] INFO  ipc.Client (Client.java:handleConnectionFailure(977)) - Retrying connect to server: localhost/127.0.0.1:13563. Already tried 5 time(s); retry policy is RetryUpToMaximumCountWithFixedSleep(maxRetries=15, sleepTime=1000 MILLISECONDS)
2022-01-10 11:12:36,559 [EndpointStateMachine task thread for /127.0.0.1:14053 - 0 ] INFO  ipc.Client (Client.java:handleConnectionFailure(977)) - Retrying connect to server: localhost/127.0.0.1:14053. Already tried 4 time(s); retry policy is RetryUpToMaximumCountWithFixedSleep(maxRetries=15, sleepTime=1000 MILLISECONDS)
2022-01-10 11:12:36,804 [EndpointStateMachine task thread for /127.0.0.1:13553 - 0 ] INFO  ipc.Client (Client.java:handleConnectionFailure(977)) - Retrying connect to server: localhost/127.0.0.1:13553. Already tried 5 time(s); retry policy is RetryUpToMaximumCountWithFixedSleep(maxRetries=15, sleepTime=1000 MILLISECONDS)
2022-01-10 11:12:37,193 [Datanode State Machine Daemon Thread] ERROR datanode.RunningDatanodeState (RunningDatanodeState.java:computeNextContainerState(199)) - Error in executing end point task.
java.util.concurrent.ExecutionException: java.util.concurrent.TimeoutException
	at java.util.concurrent.FutureTask.report(FutureTask.java:122)
	at java.util.concurrent.FutureTask.get(FutureTask.java:192)
	at org.apache.hadoop.ozone.container.common.states.datanode.RunningDatanodeState.computeNextContainerState(RunningDatanodeState.java:191)
	at org.apache.hadoop.ozone.container.common.states.datanode.RunningDatanodeState.await(RunningDatanodeState.java:231)
	at org.apache.hadoop.ozone.container.common.states.datanode.RunningDatanodeState.await(RunningDatanodeState.java:50)
	at org.apache.hadoop.ozone.container.common.statemachine.StateContext.execute(StateContext.java:633)
	at org.apache.hadoop.ozone.container.common.statemachine.DatanodeStateMachine.start(DatanodeStateMachine.java:280)
	at org.apache.hadoop.ozone.container.common.statemachine.DatanodeStateMachine.lambda$startDaemon$0(DatanodeStateMachine.java:468)
	at java.lang.Thread.run(Thread.java:748)
Caused by: java.util.concurrent.TimeoutException
	at java.util.concurrent.FutureTask.get(FutureTask.java:205)
	at org.apache.hadoop.ozone.container.common.states.datanode.RunningDatanodeState.lambda$execute$0(RunningDatanodeState.java:149)
	at java.util.concurrent.FutureTask.run(FutureTask.java:266)
	at java.util.concurrent.Executors$RunnableAdapter.call(Executors.java:511)
	at java.util.concurrent.FutureTask.run(FutureTask.java:266)
	at java.util.concurrent.ThreadPoolExecutor.runWorker(ThreadPoolExecutor.java:1149)
	at java.util.concurrent.ThreadPoolExecutor$Worker.run(ThreadPoolExecutor.java:624)
	... 1 more
2022-01-10 11:12:37,237 [EndpointStateMachine task thread for /127.0.0.1:13573 - 0 ] INFO  ipc.Client (Client.java:handleConnectionFailure(977)) - Retrying connect to server: localhost/127.0.0.1:13573. Already tried 2 time(s); retry policy is RetryUpToMaximumCountWithFixedSleep(maxRetries=15, sleepTime=1000 MILLISECONDS)
2022-01-10 11:12:37,436 [EndpointStateMachine task thread for /127.0.0.1:14063 - 0 ] INFO  ipc.Client (Client.java:handleConnectionFailure(977)) - Retrying connect to server: localhost/127.0.0.1:14063. Already tried 2 time(s); retry policy is RetryUpToMaximumCountWithFixedSleep(maxRetries=15, sleepTime=1000 MILLISECONDS)
2022-01-10 11:12:37,442 [EndpointStateMachine task thread for /127.0.0.1:14073 - 0 ] INFO  ipc.Client (Client.java:handleConnectionFailure(977)) - Retrying connect to server: localhost/127.0.0.1:14073. Already tried 5 time(s); retry policy is RetryUpToMaximumCountWithFixedSleep(maxRetries=15, sleepTime=1000 MILLISECONDS)
2022-01-10 11:12:37,450 [EndpointStateMachine task thread for /127.0.0.1:13563 - 0 ] INFO  ipc.Client (Client.java:handleConnectionFailure(977)) - Retrying connect to server: localhost/127.0.0.1:13563. Already tried 6 time(s); retry policy is RetryUpToMaximumCountWithFixedSleep(maxRetries=15, sleepTime=1000 MILLISECONDS)
2022-01-10 11:12:37,560 [EndpointStateMachine task thread for /127.0.0.1:14053 - 0 ] INFO  ipc.Client (Client.java:handleConnectionFailure(977)) - Retrying connect to server: localhost/127.0.0.1:14053. Already tried 5 time(s); retry policy is RetryUpToMaximumCountWithFixedSleep(maxRetries=15, sleepTime=1000 MILLISECONDS)
2022-01-10 11:12:37,804 [EndpointStateMachine task thread for /127.0.0.1:13553 - 0 ] INFO  ipc.Client (Client.java:handleConnectionFailure(977)) - Retrying connect to server: localhost/127.0.0.1:13553. Already tried 6 time(s); retry policy is RetryUpToMaximumCountWithFixedSleep(maxRetries=15, sleepTime=1000 MILLISECONDS)
2022-01-10 11:12:37,931 [ForkJoinPool.commonPool-worker-1] INFO  ozoneimpl.OzoneContainer (OzoneContainer.java:stop(336)) - Attempting to stop container services.
2022-01-10 11:12:37,932 [Listener at 127.0.0.1/12236] INFO  ozoneimpl.OzoneContainer (OzoneContainer.java:stop(336)) - Attempting to stop container services.
2022-01-10 11:12:37,934 [ForkJoinPool.commonPool-worker-1] INFO  server.RaftServer (RaftServerProxy.java:lambda$close$6(391)) - a128689b-7346-4663-acc6-739d712788d9: close
2022-01-10 11:12:37,934 [ForkJoinPool.commonPool-worker-1] INFO  server.RaftServer$Division (RaftServerImpl.java:lambda$close$4(412)) - a128689b-7346-4663-acc6-739d712788d9@group-1B62DF32BCE0: shutdown
2022-01-10 11:12:37,934 [ForkJoinPool.commonPool-worker-1] INFO  util.JmxRegister (JmxRegister.java:unregister(73)) - Successfully un-registered JMX Bean with object name Ratis:service=RaftServer,group=group-1B62DF32BCE0,id=a128689b-7346-4663-acc6-739d712788d9
2022-01-10 11:12:37,934 [ForkJoinPool.commonPool-worker-1] INFO  impl.RoleInfo (RoleInfo.java:shutdownFollowerState(108)) - a128689b-7346-4663-acc6-739d712788d9: shutdown a128689b-7346-4663-acc6-739d712788d9@group-1B62DF32BCE0-FollowerState
2022-01-10 11:12:37,934 [ForkJoinPool.commonPool-worker-1] INFO  impl.StateMachineUpdater (StateMachineUpdater.java:stopAndJoin(149)) - a128689b-7346-4663-acc6-739d712788d9@group-1B62DF32BCE0-StateMachineUpdater: set stopIndex = 0
2022-01-10 11:12:37,935 [a128689b-7346-4663-acc6-739d712788d9@group-1B62DF32BCE0-FollowerState] INFO  impl.FollowerState (FollowerState.java:run(143)) - a128689b-7346-4663-acc6-739d712788d9@group-1B62DF32BCE0-FollowerState was interrupted: {}
java.lang.InterruptedException: sleep interrupted
	at java.lang.Thread.sleep(Native Method)
	at java.lang.Thread.sleep(Thread.java:340)
	at java.util.concurrent.TimeUnit.sleep(TimeUnit.java:386)
	at org.apache.ratis.util.TimeDuration.sleep(TimeDuration.java:324)
	at org.apache.ratis.util.TimeDuration.sleep(TimeDuration.java:309)
	at org.apache.ratis.server.impl.FollowerState.run(FollowerState.java:118)
2022-01-10 11:12:37,935 [a128689b-7346-4663-acc6-739d712788d9@group-1B62DF32BCE0-StateMachineUpdater] INFO  ratis.ContainerStateMachine (ContainerStateMachine.java:takeSnapshot(299)) - group-1B62DF32BCE0: Taking a snapshot at:(t:4, i:0) file /home/runner/work/ozone/ozone/hadoop-ozone/integration-test/target/test-dir/MiniOzoneClusterImpl-7d1a95dd-ad38-4e88-9004-e3265cc39d2b/datanode-0/data/ratis/b2d26482-101b-4dbd-9a26-1b62df32bce0/sm/snapshot.4_0
2022-01-10 11:12:37,935 [Listener at 127.0.0.1/12236] INFO  server.RaftServer (RaftServerProxy.java:lambda$close$6(391)) - f1456eab-cb96-47f4-be6a-df81f044b3ea: close
2022-01-10 11:12:37,936 [Listener at 127.0.0.1/12236] INFO  server.RaftServer$Division (RaftServerImpl.java:lambda$close$4(412)) - f1456eab-cb96-47f4-be6a-df81f044b3ea@group-E577921CF61E: shutdown
2022-01-10 11:12:37,940 [Listener at 127.0.0.1/12236] INFO  util.JmxRegister (JmxRegister.java:unregister(73)) - Successfully un-registered JMX Bean with object name Ratis:service=RaftServer,group=group-E577921CF61E,id=f1456eab-cb96-47f4-be6a-df81f044b3ea
2022-01-10 11:12:37,940 [Listener at 127.0.0.1/12236] INFO  impl.RoleInfo (RoleInfo.java:shutdownLeaderState(91)) - f1456eab-cb96-47f4-be6a-df81f044b3ea: shutdown f1456eab-cb96-47f4-be6a-df81f044b3ea@group-E577921CF61E-LeaderStateImpl
2022-01-10 11:12:37,941 [Listener at 127.0.0.1/12236] INFO  impl.PendingRequests (PendingRequests.java:sendNotLeaderResponses(282)) - f1456eab-cb96-47f4-be6a-df81f044b3ea@group-E577921CF61E-PendingRequests: sendNotLeaderResponses
2022-01-10 11:12:37,941 [Listener at 127.0.0.1/12236] INFO  impl.StateMachineUpdater (StateMachineUpdater.java:stopAndJoin(149)) - f1456eab-cb96-47f4-be6a-df81f044b3ea@group-E577921CF61E-StateMachineUpdater: set stopIndex = 0
2022-01-10 11:12:37,942 [f1456eab-cb96-47f4-be6a-df81f044b3ea@group-E577921CF61E-StateMachineUpdater] INFO  ratis.ContainerStateMachine (ContainerStateMachine.java:takeSnapshot(299)) - group-E577921CF61E: Taking a snapshot at:(t:1, i:0) file /home/runner/work/ozone/ozone/hadoop-ozone/integration-test/target/test-dir/MiniOzoneClusterImpl-7d1a95dd-ad38-4e88-9004-e3265cc39d2b/datanode-1/data/ratis/639719d5-fd90-43ac-bbab-e577921cf61e/sm/snapshot.1_0
2022-01-10 11:12:37,943 [f1456eab-cb96-47f4-be6a-df81f044b3ea@group-E577921CF61E-StateMachineUpdater] INFO  ratis.ContainerStateMachine (ContainerStateMachine.java:takeSnapshot(310)) - group-E577921CF61E: Finished taking a snapshot at:(t:1, i:0) file:/home/runner/work/ozone/ozone/hadoop-ozone/integration-test/target/test-dir/MiniOzoneClusterImpl-7d1a95dd-ad38-4e88-9004-e3265cc39d2b/datanode-1/data/ratis/639719d5-fd90-43ac-bbab-e577921cf61e/sm/snapshot.1_0 took: 1 ms
2022-01-10 11:12:37,943 [f1456eab-cb96-47f4-be6a-df81f044b3ea@group-E577921CF61E-StateMachineUpdater] INFO  impl.StateMachineUpdater (StateMachineUpdater.java:takeSnapshot(281)) - f1456eab-cb96-47f4-be6a-df81f044b3ea@group-E577921CF61E-StateMachineUpdater: Took a snapshot at index 0
2022-01-10 11:12:37,943 [f1456eab-cb96-47f4-be6a-df81f044b3ea@group-E577921CF61E-StateMachineUpdater] INFO  impl.StateMachineUpdater (StateMachineUpdater.java:lambda$new$0(89)) - f1456eab-cb96-47f4-be6a-df81f044b3ea@group-E577921CF61E-StateMachineUpdater: snapshotIndex: updateIncreasingly -1 -> 0
2022-01-10 11:12:37,943 [Listener at 127.0.0.1/12236] INFO  server.RaftServer$Division (ServerState.java:close(419)) - f1456eab-cb96-47f4-be6a-df81f044b3ea@group-E577921CF61E: closes. applyIndex: 0
2022-01-10 11:12:37,943 [f1456eab-cb96-47f4-be6a-df81f044b3ea@group-E577921CF61E-SegmentedRaftLogWorker] INFO  segmented.SegmentedRaftLogWorker (SegmentedRaftLogWorker.java:run(327)) - f1456eab-cb96-47f4-be6a-df81f044b3ea@group-E577921CF61E-SegmentedRaftLogWorker was interrupted, exiting. There are 0 tasks remaining in the queue.
2022-01-10 11:12:37,953 [Listener at 127.0.0.1/12236] INFO  segmented.SegmentedRaftLogWorker (SegmentedRaftLogWorker.java:close(237)) - f1456eab-cb96-47f4-be6a-df81f044b3ea@group-E577921CF61E-SegmentedRaftLogWorker close()
2022-01-10 11:12:37,953 [a128689b-7346-4663-acc6-739d712788d9@group-1B62DF32BCE0-StateMachineUpdater] INFO  ratis.ContainerStateMachine (ContainerStateMachine.java:takeSnapshot(310)) - group-1B62DF32BCE0: Finished taking a snapshot at:(t:4, i:0) file:/home/runner/work/ozone/ozone/hadoop-ozone/integration-test/target/test-dir/MiniOzoneClusterImpl-7d1a95dd-ad38-4e88-9004-e3265cc39d2b/datanode-0/data/ratis/b2d26482-101b-4dbd-9a26-1b62df32bce0/sm/snapshot.4_0 took: 18 ms
2022-01-10 11:12:37,953 [a128689b-7346-4663-acc6-739d712788d9@group-1B62DF32BCE0-StateMachineUpdater] INFO  impl.StateMachineUpdater (StateMachineUpdater.java:takeSnapshot(281)) - a128689b-7346-4663-acc6-739d712788d9@group-1B62DF32BCE0-StateMachineUpdater: Took a snapshot at index 0
2022-01-10 11:12:37,953 [a128689b-7346-4663-acc6-739d712788d9@group-1B62DF32BCE0-StateMachineUpdater] INFO  impl.StateMachineUpdater (StateMachineUpdater.java:lambda$new$0(89)) - a128689b-7346-4663-acc6-739d712788d9@group-1B62DF32BCE0-StateMachineUpdater: snapshotIndex: updateIncreasingly -1 -> 0
2022-01-10 11:12:37,954 [ForkJoinPool.commonPool-worker-1] INFO  server.RaftServer$Division (ServerState.java:close(419)) - a128689b-7346-4663-acc6-739d712788d9@group-1B62DF32BCE0: closes. applyIndex: 0
2022-01-10 11:12:37,954 [a128689b-7346-4663-acc6-739d712788d9@group-1B62DF32BCE0-SegmentedRaftLogWorker] INFO  segmented.SegmentedRaftLogWorker (SegmentedRaftLogWorker.java:run(327)) - a128689b-7346-4663-acc6-739d712788d9@group-1B62DF32BCE0-SegmentedRaftLogWorker was interrupted, exiting. There are 0 tasks remaining in the queue.
2022-01-10 11:12:37,961 [ForkJoinPool.commonPool-worker-1] INFO  segmented.SegmentedRaftLogWorker (SegmentedRaftLogWorker.java:close(237)) - a128689b-7346-4663-acc6-739d712788d9@group-1B62DF32BCE0-SegmentedRaftLogWorker close()
2022-01-10 11:12:37,963 [Listener at 127.0.0.1/12236] INFO  server.RaftServer$Division (RaftServerImpl.java:lambda$close$4(412)) - f1456eab-cb96-47f4-be6a-df81f044b3ea@group-1B62DF32BCE0: shutdown
2022-01-10 11:12:37,963 [Listener at 127.0.0.1/12236] INFO  util.JmxRegister (JmxRegister.java:unregister(73)) - Successfully un-registered JMX Bean with object name Ratis:service=RaftServer,group=group-1B62DF32BCE0,id=f1456eab-cb96-47f4-be6a-df81f044b3ea
2022-01-10 11:12:37,964 [Listener at 127.0.0.1/12236] INFO  impl.RoleInfo (RoleInfo.java:shutdownFollowerState(108)) - f1456eab-cb96-47f4-be6a-df81f044b3ea: shutdown f1456eab-cb96-47f4-be6a-df81f044b3ea@group-1B62DF32BCE0-FollowerState
2022-01-10 11:12:37,964 [Listener at 127.0.0.1/12236] INFO  impl.StateMachineUpdater (StateMachineUpdater.java:stopAndJoin(149)) - f1456eab-cb96-47f4-be6a-df81f044b3ea@group-1B62DF32BCE0-StateMachineUpdater: set stopIndex = 0
2022-01-10 11:12:37,964 [f1456eab-cb96-47f4-be6a-df81f044b3ea@group-1B62DF32BCE0-StateMachineUpdater] INFO  ratis.ContainerStateMachine (ContainerStateMachine.java:takeSnapshot(299)) - group-1B62DF32BCE0: Taking a snapshot at:(t:4, i:0) file /home/runner/work/ozone/ozone/hadoop-ozone/integration-test/target/test-dir/MiniOzoneClusterImpl-7d1a95dd-ad38-4e88-9004-e3265cc39d2b/datanode-1/data/ratis/b2d26482-101b-4dbd-9a26-1b62df32bce0/sm/snapshot.4_0
2022-01-10 11:12:37,964 [f1456eab-cb96-47f4-be6a-df81f044b3ea@group-1B62DF32BCE0-FollowerState] INFO  impl.FollowerState (FollowerState.java:run(143)) - f1456eab-cb96-47f4-be6a-df81f044b3ea@group-1B62DF32BCE0-FollowerState was interrupted: {}
java.lang.InterruptedException: sleep interrupted
	at java.lang.Thread.sleep(Native Method)
	at java.lang.Thread.sleep(Thread.java:340)
	at java.util.concurrent.TimeUnit.sleep(TimeUnit.java:386)
	at org.apache.ratis.util.TimeDuration.sleep(TimeDuration.java:324)
	at org.apache.ratis.util.TimeDuration.sleep(TimeDuration.java:309)
	at org.apache.ratis.server.impl.FollowerState.run(FollowerState.java:118)
2022-01-10 11:12:37,966 [ForkJoinPool.commonPool-worker-1] INFO  server.RaftServer$Division (RaftServerImpl.java:lambda$close$4(412)) - a128689b-7346-4663-acc6-739d712788d9@group-DACAAE954CB7: shutdown
2022-01-10 11:12:37,966 [ForkJoinPool.commonPool-worker-1] INFO  util.JmxRegister (JmxRegister.java:unregister(73)) - Successfully un-registered JMX Bean with object name Ratis:service=RaftServer,group=group-DACAAE954CB7,id=a128689b-7346-4663-acc6-739d712788d9
2022-01-10 11:12:37,966 [ForkJoinPool.commonPool-worker-1] INFO  impl.RoleInfo (RoleInfo.java:shutdownLeaderState(91)) - a128689b-7346-4663-acc6-739d712788d9: shutdown a128689b-7346-4663-acc6-739d712788d9@group-DACAAE954CB7-LeaderStateImpl
2022-01-10 11:12:37,966 [a128689b-7346-4663-acc6-739d712788d9@group-DACAAE954CB7->f1456eab-cb96-47f4-be6a-df81f044b3ea-GrpcLogAppender-LogAppenderDaemon] WARN  server.GrpcLogAppender (GrpcLogAppender.java:mayWait(177)) - a128689b-7346-4663-acc6-739d712788d9@group-DACAAE954CB7->f1456eab-cb96-47f4-be6a-df81f044b3ea-GrpcLogAppender: Wait interrupted by java.lang.InterruptedException
2022-01-10 11:12:37,966 [ForkJoinPool.commonPool-worker-1] INFO  impl.PendingRequests (PendingRequests.java:sendNotLeaderResponses(282)) - a128689b-7346-4663-acc6-739d712788d9@group-DACAAE954CB7-PendingRequests: sendNotLeaderResponses
2022-01-10 11:12:37,966 [a128689b-7346-4663-acc6-739d712788d9@group-DACAAE954CB7->af60d39b-22ca-4a7c-b55e-02ce95ae6b6a-GrpcLogAppender-LogAppenderDaemon] WARN  server.GrpcLogAppender (GrpcLogAppender.java:mayWait(177)) - a128689b-7346-4663-acc6-739d712788d9@group-DACAAE954CB7->af60d39b-22ca-4a7c-b55e-02ce95ae6b6a-GrpcLogAppender: Wait interrupted by java.lang.InterruptedException
2022-01-10 11:12:37,967 [ForkJoinPool.commonPool-worker-1] INFO  impl.StateMachineUpdater (StateMachineUpdater.java:stopAndJoin(149)) - a128689b-7346-4663-acc6-739d712788d9@group-DACAAE954CB7-StateMachineUpdater: set stopIndex = 0
2022-01-10 11:12:37,968 [a128689b-7346-4663-acc6-739d712788d9@group-DACAAE954CB7-StateMachineUpdater] INFO  ratis.ContainerStateMachine (ContainerStateMachine.java:takeSnapshot(299)) - group-DACAAE954CB7: Taking a snapshot at:(t:1, i:0) file /home/runner/work/ozone/ozone/hadoop-ozone/integration-test/target/test-dir/MiniOzoneClusterImpl-7d1a95dd-ad38-4e88-9004-e3265cc39d2b/datanode-0/data/ratis/ad51f04a-b15c-4d48-ae53-dacaae954cb7/sm/snapshot.1_0
2022-01-10 11:12:37,968 [grpc-default-executor-0] INFO  server.GrpcServerProtocolService (GrpcServerProtocolService.java:onCompleted(140)) - f1456eab-cb96-47f4-be6a-df81f044b3ea: Completed APPEND_ENTRIES, lastRequest: a128689b-7346-4663-acc6-739d712788d9->f1456eab-cb96-47f4-be6a-df81f044b3ea#1-t1,previous=(t:0, i:0),leaderCommit=-1,initializing? true,entries: size=1, first=(t:1, i:0), CONFIGURATIONENTRY
2022-01-10 11:12:37,968 [grpc-default-executor-1] INFO  server.GrpcServerProtocolService (GrpcServerProtocolService.java:onCompleted(140)) - af60d39b-22ca-4a7c-b55e-02ce95ae6b6a: Completed APPEND_ENTRIES, lastRequest: a128689b-7346-4663-acc6-739d712788d9->af60d39b-22ca-4a7c-b55e-02ce95ae6b6a#1-t1,previous=(t:0, i:0),leaderCommit=-1,initializing? true,entries: size=1, first=(t:1, i:0), CONFIGURATIONENTRY
2022-01-10 11:12:37,969 [f1456eab-cb96-47f4-be6a-df81f044b3ea@group-1B62DF32BCE0-StateMachineUpdater] INFO  ratis.ContainerStateMachine (ContainerStateMachine.java:takeSnapshot(310)) - group-1B62DF32BCE0: Finished taking a snapshot at:(t:4, i:0) file:/home/runner/work/ozone/ozone/hadoop-ozone/integration-test/target/test-dir/MiniOzoneClusterImpl-7d1a95dd-ad38-4e88-9004-e3265cc39d2b/datanode-1/data/ratis/b2d26482-101b-4dbd-9a26-1b62df32bce0/sm/snapshot.4_0 took: 5 ms
2022-01-10 11:12:37,969 [f1456eab-cb96-47f4-be6a-df81f044b3ea@group-1B62DF32BCE0-StateMachineUpdater] INFO  impl.StateMachineUpdater (StateMachineUpdater.java:takeSnapshot(281)) - f1456eab-cb96-47f4-be6a-df81f044b3ea@group-1B62DF32BCE0-StateMachineUpdater: Took a snapshot at index 0
2022-01-10 11:12:37,969 [f1456eab-cb96-47f4-be6a-df81f044b3ea@group-1B62DF32BCE0-StateMachineUpdater] INFO  impl.StateMachineUpdater (StateMachineUpdater.java:lambda$new$0(89)) - f1456eab-cb96-47f4-be6a-df81f044b3ea@group-1B62DF32BCE0-StateMachineUpdater: snapshotIndex: updateIncreasingly -1 -> 0
2022-01-10 11:12:37,969 [Listener at 127.0.0.1/12236] INFO  server.RaftServer$Division (ServerState.java:close(419)) - f1456eab-cb96-47f4-be6a-df81f044b3ea@group-1B62DF32BCE0: closes. applyIndex: 0
2022-01-10 11:12:37,970 [f1456eab-cb96-47f4-be6a-df81f044b3ea@group-1B62DF32BCE0-SegmentedRaftLogWorker] INFO  segmented.SegmentedRaftLogWorker (SegmentedRaftLogWorker.java:run(327)) - f1456eab-cb96-47f4-be6a-df81f044b3ea@group-1B62DF32BCE0-SegmentedRaftLogWorker was interrupted, exiting. There are 0 tasks remaining in the queue.
2022-01-10 11:12:37,970 [grpc-default-executor-2] INFO  server.GrpcLogAppender (GrpcLogAppender.java:onCompleted(346)) - a128689b-7346-4663-acc6-739d712788d9@group-DACAAE954CB7->f1456eab-cb96-47f4-be6a-df81f044b3ea-AppendLogResponseHandler: follower responses appendEntries COMPLETED
2022-01-10 11:12:37,970 [grpc-default-executor-2] INFO  leader.FollowerInfo (FollowerInfoImpl.java:lambda$new$0(47)) - a128689b-7346-4663-acc6-739d712788d9@group-DACAAE954CB7->f1456eab-cb96-47f4-be6a-df81f044b3ea: nextIndex: updateUnconditionally 1 -> 0
2022-01-10 11:12:37,970 [a128689b-7346-4663-acc6-739d712788d9@group-DACAAE954CB7-StateMachineUpdater] INFO  ratis.ContainerStateMachine (ContainerStateMachine.java:takeSnapshot(310)) - group-DACAAE954CB7: Finished taking a snapshot at:(t:1, i:0) file:/home/runner/work/ozone/ozone/hadoop-ozone/integration-test/target/test-dir/MiniOzoneClusterImpl-7d1a95dd-ad38-4e88-9004-e3265cc39d2b/datanode-0/data/ratis/ad51f04a-b15c-4d48-ae53-dacaae954cb7/sm/snapshot.1_0 took: 3 ms
2022-01-10 11:12:37,970 [a128689b-7346-4663-acc6-739d712788d9@group-DACAAE954CB7-StateMachineUpdater] INFO  impl.StateMachineUpdater (StateMachineUpdater.java:takeSnapshot(281)) - a128689b-7346-4663-acc6-739d712788d9@group-DACAAE954CB7-StateMachineUpdater: Took a snapshot at index 0
2022-01-10 11:12:37,970 [a128689b-7346-4663-acc6-739d712788d9@group-DACAAE954CB7-StateMachineUpdater] INFO  impl.StateMachineUpdater (StateMachineUpdater.java:lambda$new$0(89)) - a128689b-7346-4663-acc6-739d712788d9@group-DACAAE954CB7-StateMachineUpdater: snapshotIndex: updateIncreasingly -1 -> 0
2022-01-10 11:12:37,972 [ForkJoinPool.commonPool-worker-1] INFO  server.RaftServer$Division (ServerState.java:close(419)) - a128689b-7346-4663-acc6-739d712788d9@group-DACAAE954CB7: closes. applyIndex: 0
2022-01-10 11:12:37,973 [grpc-default-executor-3] INFO  server.GrpcLogAppender (GrpcLogAppender.java:onCompleted(346)) - a128689b-7346-4663-acc6-739d712788d9@group-DACAAE954CB7->af60d39b-22ca-4a7c-b55e-02ce95ae6b6a-AppendLogResponseHandler: follower responses appendEntries COMPLETED
2022-01-10 11:12:37,973 [grpc-default-executor-3] INFO  leader.FollowerInfo (FollowerInfoImpl.java:lambda$new$0(47)) - a128689b-7346-4663-acc6-739d712788d9@group-DACAAE954CB7->af60d39b-22ca-4a7c-b55e-02ce95ae6b6a: nextIndex: updateUnconditionally 1 -> 0
2022-01-10 11:12:37,977 [a128689b-7346-4663-acc6-739d712788d9@group-DACAAE954CB7-SegmentedRaftLogWorker] INFO  segmented.SegmentedRaftLogWorker (SegmentedRaftLogWorker.java:run(327)) - a128689b-7346-4663-acc6-739d712788d9@group-DACAAE954CB7-SegmentedRaftLogWorker was interrupted, exiting. There are 0 tasks remaining in the queue.
2022-01-10 11:12:37,977 [Listener at 127.0.0.1/12236] INFO  segmented.SegmentedRaftLogWorker (SegmentedRaftLogWorker.java:close(237)) - f1456eab-cb96-47f4-be6a-df81f044b3ea@group-1B62DF32BCE0-SegmentedRaftLogWorker close()
2022-01-10 11:12:37,978 [ForkJoinPool.commonPool-worker-1] INFO  segmented.SegmentedRaftLogWorker (SegmentedRaftLogWorker.java:close(237)) - a128689b-7346-4663-acc6-739d712788d9@group-DACAAE954CB7-SegmentedRaftLogWorker close()
2022-01-10 11:12:37,978 [Listener at 127.0.0.1/12236] INFO  server.RaftServer$Division (RaftServerImpl.java:lambda$close$4(412)) - f1456eab-cb96-47f4-be6a-df81f044b3ea@group-DACAAE954CB7: shutdown
2022-01-10 11:12:37,984 [Listener at 127.0.0.1/12236] INFO  util.JmxRegister (JmxRegister.java:unregister(73)) - Successfully un-registered JMX Bean with object name Ratis:service=RaftServer,group=group-DACAAE954CB7,id=f1456eab-cb96-47f4-be6a-df81f044b3ea
2022-01-10 11:12:37,984 [Listener at 127.0.0.1/12236] INFO  impl.RoleInfo (RoleInfo.java:shutdownFollowerState(108)) - f1456eab-cb96-47f4-be6a-df81f044b3ea: shutdown f1456eab-cb96-47f4-be6a-df81f044b3ea@group-DACAAE954CB7-FollowerState
2022-01-10 11:12:37,984 [Listener at 127.0.0.1/12236] INFO  impl.StateMachineUpdater (StateMachineUpdater.java:stopAndJoin(149)) - f1456eab-cb96-47f4-be6a-df81f044b3ea@group-DACAAE954CB7-StateMachineUpdater: set stopIndex = 0
2022-01-10 11:12:37,978 [ForkJoinPool.commonPool-worker-1] INFO  server.RaftServer$Division (RaftServerImpl.java:lambda$close$4(412)) - a128689b-7346-4663-acc6-739d712788d9@group-C3FE84083DEB: shutdown
2022-01-10 11:12:37,984 [ForkJoinPool.commonPool-worker-1] INFO  util.JmxRegister (JmxRegister.java:unregister(73)) - Successfully un-registered JMX Bean with object name Ratis:service=RaftServer,group=group-C3FE84083DEB,id=a128689b-7346-4663-acc6-739d712788d9
2022-01-10 11:12:37,984 [ForkJoinPool.commonPool-worker-1] INFO  impl.RoleInfo (RoleInfo.java:shutdownLeaderState(91)) - a128689b-7346-4663-acc6-739d712788d9: shutdown a128689b-7346-4663-acc6-739d712788d9@group-C3FE84083DEB-LeaderStateImpl
2022-01-10 11:12:37,984 [f1456eab-cb96-47f4-be6a-df81f044b3ea@group-DACAAE954CB7-StateMachineUpdater] INFO  ratis.ContainerStateMachine (ContainerStateMachine.java:takeSnapshot(299)) - group-DACAAE954CB7: Taking a snapshot at:(t:1, i:0) file /home/runner/work/ozone/ozone/hadoop-ozone/integration-test/target/test-dir/MiniOzoneClusterImpl-7d1a95dd-ad38-4e88-9004-e3265cc39d2b/datanode-1/data/ratis/ad51f04a-b15c-4d48-ae53-dacaae954cb7/sm/snapshot.1_0
2022-01-10 11:12:37,984 [ForkJoinPool.commonPool-worker-1] INFO  impl.PendingRequests (PendingRequests.java:sendNotLeaderResponses(282)) - a128689b-7346-4663-acc6-739d712788d9@group-C3FE84083DEB-PendingRequests: sendNotLeaderResponses
2022-01-10 11:12:37,984 [f1456eab-cb96-47f4-be6a-df81f044b3ea@group-DACAAE954CB7-FollowerState] INFO  impl.FollowerState (FollowerState.java:run(143)) - f1456eab-cb96-47f4-be6a-df81f044b3ea@group-DACAAE954CB7-FollowerState was interrupted: {}
java.lang.InterruptedException: sleep interrupted
	at java.lang.Thread.sleep(Native Method)
	at java.lang.Thread.sleep(Thread.java:340)
	at java.util.concurrent.TimeUnit.sleep(TimeUnit.java:386)
	at org.apache.ratis.util.TimeDuration.sleep(TimeDuration.java:324)
	at org.apache.ratis.util.TimeDuration.sleep(TimeDuration.java:309)
	at org.apache.ratis.server.impl.FollowerState.run(FollowerState.java:118)
2022-01-10 11:12:37,985 [ForkJoinPool.commonPool-worker-1] INFO  impl.StateMachineUpdater (StateMachineUpdater.java:stopAndJoin(149)) - a128689b-7346-4663-acc6-739d712788d9@group-C3FE84083DEB-StateMachineUpdater: set stopIndex = 0
2022-01-10 11:12:37,985 [a128689b-7346-4663-acc6-739d712788d9@group-C3FE84083DEB-StateMachineUpdater] INFO  ratis.ContainerStateMachine (ContainerStateMachine.java:takeSnapshot(299)) - group-C3FE84083DEB: Taking a snapshot at:(t:1, i:0) file /home/runner/work/ozone/ozone/hadoop-ozone/integration-test/target/test-dir/MiniOzoneClusterImpl-7d1a95dd-ad38-4e88-9004-e3265cc39d2b/datanode-0/data/ratis/f2e052c2-028f-4468-8183-c3fe84083deb/sm/snapshot.1_0
2022-01-10 11:12:37,986 [f1456eab-cb96-47f4-be6a-df81f044b3ea@group-DACAAE954CB7-StateMachineUpdater] INFO  ratis.ContainerStateMachine (ContainerStateMachine.java:takeSnapshot(310)) - group-DACAAE954CB7: Finished taking a snapshot at:(t:1, i:0) file:/home/runner/work/ozone/ozone/hadoop-ozone/integration-test/target/test-dir/MiniOzoneClusterImpl-7d1a95dd-ad38-4e88-9004-e3265cc39d2b/datanode-1/data/ratis/ad51f04a-b15c-4d48-ae53-dacaae954cb7/sm/snapshot.1_0 took: 2 ms
2022-01-10 11:12:37,986 [f1456eab-cb96-47f4-be6a-df81f044b3ea@group-DACAAE954CB7-StateMachineUpdater] INFO  impl.StateMachineUpdater (StateMachineUpdater.java:takeSnapshot(281)) - f1456eab-cb96-47f4-be6a-df81f044b3ea@group-DACAAE954CB7-StateMachineUpdater: Took a snapshot at index 0
2022-01-10 11:12:37,986 [f1456eab-cb96-47f4-be6a-df81f044b3ea@group-DACAAE954CB7-StateMachineUpdater] INFO  impl.StateMachineUpdater (StateMachineUpdater.java:lambda$new$0(89)) - f1456eab-cb96-47f4-be6a-df81f044b3ea@group-DACAAE954CB7-StateMachineUpdater: snapshotIndex: updateIncreasingly -1 -> 0
2022-01-10 11:12:37,986 [a128689b-7346-4663-acc6-739d712788d9@group-C3FE84083DEB-StateMachineUpdater] INFO  ratis.ContainerStateMachine (ContainerStateMachine.java:takeSnapshot(310)) - group-C3FE84083DEB: Finished taking a snapshot at:(t:1, i:0) file:/home/runner/work/ozone/ozone/hadoop-ozone/integration-test/target/test-dir/MiniOzoneClusterImpl-7d1a95dd-ad38-4e88-9004-e3265cc39d2b/datanode-0/data/ratis/f2e052c2-028f-4468-8183-c3fe84083deb/sm/snapshot.1_0 took: 0 ms
2022-01-10 11:12:37,987 [a128689b-7346-4663-acc6-739d712788d9@group-C3FE84083DEB-StateMachineUpdater] INFO  impl.StateMachineUpdater (StateMachineUpdater.java:takeSnapshot(281)) - a128689b-7346-4663-acc6-739d712788d9@group-C3FE84083DEB-StateMachineUpdater: Took a snapshot at index 0
2022-01-10 11:12:37,987 [a128689b-7346-4663-acc6-739d712788d9@group-C3FE84083DEB-StateMachineUpdater] INFO  impl.StateMachineUpdater (StateMachineUpdater.java:lambda$new$0(89)) - a128689b-7346-4663-acc6-739d712788d9@group-C3FE84083DEB-StateMachineUpdater: snapshotIndex: updateIncreasingly -1 -> 0
2022-01-10 11:12:37,987 [ForkJoinPool.commonPool-worker-1] INFO  server.RaftServer$Division (ServerState.java:close(419)) - a128689b-7346-4663-acc6-739d712788d9@group-C3FE84083DEB: closes. applyIndex: 0
2022-01-10 11:12:37,987 [Listener at 127.0.0.1/12236] INFO  server.RaftServer$Division (ServerState.java:close(419)) - f1456eab-cb96-47f4-be6a-df81f044b3ea@group-DACAAE954CB7: closes. applyIndex: 0
2022-01-10 11:12:37,987 [a128689b-7346-4663-acc6-739d712788d9@group-C3FE84083DEB-SegmentedRaftLogWorker] INFO  segmented.SegmentedRaftLogWorker (SegmentedRaftLogWorker.java:run(327)) - a128689b-7346-4663-acc6-739d712788d9@group-C3FE84083DEB-SegmentedRaftLogWorker was interrupted, exiting. There are 0 tasks remaining in the queue.
2022-01-10 11:12:37,987 [f1456eab-cb96-47f4-be6a-df81f044b3ea@group-DACAAE954CB7-SegmentedRaftLogWorker] INFO  segmented.SegmentedRaftLogWorker (SegmentedRaftLogWorker.java:run(327)) - f1456eab-cb96-47f4-be6a-df81f044b3ea@group-DACAAE954CB7-SegmentedRaftLogWorker was interrupted, exiting. There are 0 tasks remaining in the queue.
2022-01-10 11:12:37,988 [ForkJoinPool.commonPool-worker-1] INFO  segmented.SegmentedRaftLogWorker (SegmentedRaftLogWorker.java:close(237)) - a128689b-7346-4663-acc6-739d712788d9@group-C3FE84083DEB-SegmentedRaftLogWorker close()
2022-01-10 11:12:37,988 [Listener at 127.0.0.1/12236] INFO  segmented.SegmentedRaftLogWorker (SegmentedRaftLogWorker.java:close(237)) - f1456eab-cb96-47f4-be6a-df81f044b3ea@group-DACAAE954CB7-SegmentedRaftLogWorker close()
2022-01-10 11:12:37,989 [ForkJoinPool.commonPool-worker-1] INFO  server.GrpcService (GrpcService.java:closeImpl(262)) - a128689b-7346-4663-acc6-739d712788d9: shutdown server with port 44189 now
2022-01-10 11:12:37,990 [Listener at 127.0.0.1/12236] INFO  server.GrpcService (GrpcService.java:closeImpl(262)) - f1456eab-cb96-47f4-be6a-df81f044b3ea: shutdown server with port 40757 now
2022-01-10 11:12:37,991 [grpc-default-executor-0] WARN  server.GrpcServerProtocolService (LogUtils.java:warn(122)) - a128689b-7346-4663-acc6-739d712788d9: installSnapshot onError, lastRequest: af60d39b-22ca-4a7c-b55e-02ce95ae6b6a->a128689b-7346-4663-acc6-739d712788d9#1-t4,previous=(t:0, i:0),leaderCommit=0,initializing? true,entries: size=1, first=(t:4, i:0), CONFIGURATIONENTRY: org.apache.ratis.thirdparty.io.grpc.StatusRuntimeException: CANCELLED: client cancelled
2022-01-10 11:12:37,994 [grpc-default-executor-1] WARN  server.GrpcLogAppender (LogUtils.java:warn(122)) - af60d39b-22ca-4a7c-b55e-02ce95ae6b6a@group-1B62DF32BCE0->a128689b-7346-4663-acc6-739d712788d9-AppendLogResponseHandler: Failed appendEntries: org.apache.ratis.thirdparty.io.grpc.StatusRuntimeException: CANCELLED: HTTP/2 error code: CANCEL
Received Rst Stream
2022-01-10 11:12:37,994 [grpc-default-executor-1] WARN  server.GrpcLogAppender (GrpcLogAppender.java:resetClient(110)) - af60d39b-22ca-4a7c-b55e-02ce95ae6b6a@group-1B62DF32BCE0->a128689b-7346-4663-acc6-739d712788d9-GrpcLogAppender: Leader has not got in touch with Follower af60d39b-22ca-4a7c-b55e-02ce95ae6b6a@group-1B62DF32BCE0->a128689b-7346-4663-acc6-739d712788d9(c0,m0,n1, attendVote=true, lastRpcSendTime=249, lastRpcResponseTime=236) yet, just keep nextIndex unchanged and retry.
2022-01-10 11:12:38,009 [grpc-default-executor-0] WARN  server.GrpcServerProtocolService (LogUtils.java:warn(122)) - f1456eab-cb96-47f4-be6a-df81f044b3ea: installSnapshot onError, lastRequest: af60d39b-22ca-4a7c-b55e-02ce95ae6b6a->f1456eab-cb96-47f4-be6a-df81f044b3ea#1-t4,previous=(t:0, i:0),leaderCommit=0,initializing? true,entries: size=1, first=(t:4, i:0), CONFIGURATIONENTRY: org.apache.ratis.thirdparty.io.grpc.StatusRuntimeException: CANCELLED: client cancelled
2022-01-10 11:12:38,009 [grpc-default-executor-1] WARN  server.GrpcLogAppender (LogUtils.java:warn(122)) - af60d39b-22ca-4a7c-b55e-02ce95ae6b6a@group-1B62DF32BCE0->f1456eab-cb96-47f4-be6a-df81f044b3ea-AppendLogResponseHandler: Failed appendEntries: org.apache.ratis.thirdparty.io.grpc.StatusRuntimeException: CANCELLED: HTTP/2 error code: CANCEL
Received Rst Stream
2022-01-10 11:12:38,009 [grpc-default-executor-1] WARN  server.GrpcLogAppender (GrpcLogAppender.java:resetClient(110)) - af60d39b-22ca-4a7c-b55e-02ce95ae6b6a@group-1B62DF32BCE0->f1456eab-cb96-47f4-be6a-df81f044b3ea-GrpcLogAppender: Leader has not got in touch with Follower af60d39b-22ca-4a7c-b55e-02ce95ae6b6a@group-1B62DF32BCE0->f1456eab-cb96-47f4-be6a-df81f044b3ea(c0,m0,n1, attendVote=true, lastRpcSendTime=259, lastRpcResponseTime=251) yet, just keep nextIndex unchanged and retry.
2022-01-10 11:12:38,014 [ForkJoinPool.commonPool-worker-1] INFO  server.GrpcService (GrpcService.java:closeImpl(271)) - a128689b-7346-4663-acc6-739d712788d9: shutdown server with port 44189 successfully
2022-01-10 11:12:38,014 [org.apache.ratis.util.JvmPauseMonitor$$Lambda$500/2122256138@700d16aa] INFO  util.JvmPauseMonitor (JvmPauseMonitor.java:run(109)) - JvmPauseMonitor-a128689b-7346-4663-acc6-739d712788d9: Stopped
2022-01-10 11:12:38,014 [Listener at 127.0.0.1/12236] INFO  server.GrpcService (GrpcService.java:closeImpl(271)) - f1456eab-cb96-47f4-be6a-df81f044b3ea: shutdown server with port 40757 successfully
2022-01-10 11:12:38,021 [org.apache.ratis.util.JvmPauseMonitor$$Lambda$500/2122256138@31743e26] INFO  util.JvmPauseMonitor (JvmPauseMonitor.java:run(109)) - JvmPauseMonitor-f1456eab-cb96-47f4-be6a-df81f044b3ea: Stopped
2022-01-10 11:12:38,238 [EndpointStateMachine task thread for /127.0.0.1:13573 - 0 ] INFO  ipc.Client (Client.java:handleConnectionFailure(977)) - Retrying connect to server: localhost/127.0.0.1:13573. Already tried 3 time(s); retry policy is RetryUpToMaximumCountWithFixedSleep(maxRetries=15, sleepTime=1000 MILLISECONDS)
2022-01-10 11:12:38,437 [EndpointStateMachine task thread for /127.0.0.1:14063 - 0 ] INFO  ipc.Client (Client.java:handleConnectionFailure(977)) - Retrying connect to server: localhost/127.0.0.1:14063. Already tried 3 time(s); retry policy is RetryUpToMaximumCountWithFixedSleep(maxRetries=15, sleepTime=1000 MILLISECONDS)
2022-01-10 11:12:38,442 [EndpointStateMachine task thread for /127.0.0.1:14073 - 0 ] INFO  ipc.Client (Client.java:handleConnectionFailure(977)) - Retrying connect to server: localhost/127.0.0.1:14073. Already tried 6 time(s); retry policy is RetryUpToMaximumCountWithFixedSleep(maxRetries=15, sleepTime=1000 MILLISECONDS)
2022-01-10 11:12:38,451 [EndpointStateMachine task thread for /127.0.0.1:13563 - 0 ] INFO  ipc.Client (Client.java:handleConnectionFailure(977)) - Retrying connect to server: localhost/127.0.0.1:13563. Already tried 7 time(s); retry policy is RetryUpToMaximumCountWithFixedSleep(maxRetries=15, sleepTime=1000 MILLISECONDS)
2022-01-10 11:12:38,561 [EndpointStateMachine task thread for /127.0.0.1:14053 - 0 ] INFO  ipc.Client (Client.java:handleConnectionFailure(977)) - Retrying connect to server: localhost/127.0.0.1:14053. Already tried 6 time(s); retry policy is RetryUpToMaximumCountWithFixedSleep(maxRetries=15, sleepTime=1000 MILLISECONDS)
2022-01-10 11:12:38,805 [EndpointStateMachine task thread for /127.0.0.1:13553 - 0 ] INFO  ipc.Client (Client.java:handleConnectionFailure(977)) - Retrying connect to server: localhost/127.0.0.1:13553. Already tried 7 time(s); retry policy is RetryUpToMaximumCountWithFixedSleep(maxRetries=15, sleepTime=1000 MILLISECONDS)
2022-01-10 11:12:39,238 [EndpointStateMachine task thread for /127.0.0.1:13573 - 0 ] INFO  ipc.Client (Client.java:handleConnectionFailure(977)) - Retrying connect to server: localhost/127.0.0.1:13573. Already tried 4 time(s); retry policy is RetryUpToMaximumCountWithFixedSleep(maxRetries=15, sleepTime=1000 MILLISECONDS)
2022-01-10 11:12:39,438 [EndpointStateMachine task thread for /127.0.0.1:14063 - 0 ] INFO  ipc.Client (Client.java:handleConnectionFailure(977)) - Retrying connect to server: localhost/127.0.0.1:14063. Already tried 4 time(s); retry policy is RetryUpToMaximumCountWithFixedSleep(maxRetries=15, sleepTime=1000 MILLISECONDS)
2022-01-10 11:12:39,443 [EndpointStateMachine task thread for /127.0.0.1:14073 - 0 ] INFO  ipc.Client (Client.java:handleConnectionFailure(977)) - Retrying connect to server: localhost/127.0.0.1:14073. Already tried 7 time(s); retry policy is RetryUpToMaximumCountWithFixedSleep(maxRetries=15, sleepTime=1000 MILLISECONDS)
2022-01-10 11:12:39,451 [EndpointStateMachine task thread for /127.0.0.1:13563 - 0 ] INFO  ipc.Client (Client.java:handleConnectionFailure(977)) - Retrying connect to server: localhost/127.0.0.1:13563. Already tried 8 time(s); retry policy is RetryUpToMaximumCountWithFixedSleep(maxRetries=15, sleepTime=1000 MILLISECONDS)
2022-01-10 11:12:39,561 [EndpointStateMachine task thread for /127.0.0.1:14053 - 0 ] INFO  ipc.Client (Client.java:handleConnectionFailure(977)) - Retrying connect to server: localhost/127.0.0.1:14053. Already tried 7 time(s); retry policy is RetryUpToMaximumCountWithFixedSleep(maxRetries=15, sleepTime=1000 MILLISECONDS)
2022-01-10 11:12:39,805 [EndpointStateMachine task thread for /127.0.0.1:13553 - 0 ] INFO  ipc.Client (Client.java:handleConnectionFailure(977)) - Retrying connect to server: localhost/127.0.0.1:13553. Already tried 8 time(s); retry policy is RetryUpToMaximumCountWithFixedSleep(maxRetries=15, sleepTime=1000 MILLISECONDS)
2022-01-10 11:12:40,069 [Listener at 127.0.0.1/12236] INFO  utils.BackgroundService (BackgroundService.java:shutdown(132)) - Shutting down service BlockDeletingService
2022-01-10 11:12:40,105 [ForkJoinPool.commonPool-worker-1] INFO  utils.BackgroundService (BackgroundService.java:shutdown(132)) - Shutting down service BlockDeletingService
2022-01-10 11:12:40,239 [EndpointStateMachine task thread for /127.0.0.1:13573 - 0 ] INFO  ipc.Client (Client.java:handleConnectionFailure(977)) - Retrying connect to server: localhost/127.0.0.1:13573. Already tried 5 time(s); retry policy is RetryUpToMaximumCountWithFixedSleep(maxRetries=15, sleepTime=1000 MILLISECONDS)
2022-01-10 11:12:40,286 [grpc-default-executor-3] WARN  server.GrpcLogAppender (LogUtils.java:warn(122)) - af60d39b-22ca-4a7c-b55e-02ce95ae6b6a@group-1B62DF32BCE0->f1456eab-cb96-47f4-be6a-df81f044b3ea-AppendLogResponseHandler: Failed appendEntries: org.apache.ratis.thirdparty.io.grpc.StatusRuntimeException: UNAVAILABLE: io exception
2022-01-10 11:12:40,286 [grpc-default-executor-3] WARN  server.GrpcLogAppender (GrpcLogAppender.java:resetClient(110)) - af60d39b-22ca-4a7c-b55e-02ce95ae6b6a@group-1B62DF32BCE0->f1456eab-cb96-47f4-be6a-df81f044b3ea-GrpcLogAppender: Leader has not got in touch with Follower af60d39b-22ca-4a7c-b55e-02ce95ae6b6a@group-1B62DF32BCE0->f1456eab-cb96-47f4-be6a-df81f044b3ea(c0,m0,n1, attendVote=true, lastRpcSendTime=1, lastRpcResponseTime=2528) yet, just keep nextIndex unchanged and retry.
2022-01-10 11:12:40,288 [grpc-default-executor-3] WARN  server.GrpcLogAppender (LogUtils.java:warn(122)) - af60d39b-22ca-4a7c-b55e-02ce95ae6b6a@group-1B62DF32BCE0->a128689b-7346-4663-acc6-739d712788d9-AppendLogResponseHandler: Failed appendEntries: org.apache.ratis.thirdparty.io.grpc.StatusRuntimeException: UNAVAILABLE: io exception
2022-01-10 11:12:40,288 [grpc-default-executor-3] WARN  server.GrpcLogAppender (GrpcLogAppender.java:resetClient(110)) - af60d39b-22ca-4a7c-b55e-02ce95ae6b6a@group-1B62DF32BCE0->a128689b-7346-4663-acc6-739d712788d9-GrpcLogAppender: Leader has not got in touch with Follower af60d39b-22ca-4a7c-b55e-02ce95ae6b6a@group-1B62DF32BCE0->a128689b-7346-4663-acc6-739d712788d9(c0,m0,n1, attendVote=true, lastRpcSendTime=0, lastRpcResponseTime=2530) yet, just keep nextIndex unchanged and retry.
2022-01-10 11:12:40,438 [EndpointStateMachine task thread for /127.0.0.1:14063 - 0 ] INFO  ipc.Client (Client.java:handleConnectionFailure(977)) - Retrying connect to server: localhost/127.0.0.1:14063. Already tried 5 time(s); retry policy is RetryUpToMaximumCountWithFixedSleep(maxRetries=15, sleepTime=1000 MILLISECONDS)
2022-01-10 11:12:40,443 [EndpointStateMachine task thread for /127.0.0.1:14073 - 0 ] INFO  ipc.Client (Client.java:handleConnectionFailure(977)) - Retrying connect to server: localhost/127.0.0.1:14073. Already tried 8 time(s); retry policy is RetryUpToMaximumCountWithFixedSleep(maxRetries=15, sleepTime=1000 MILLISECONDS)
2022-01-10 11:12:40,451 [EndpointStateMachine task thread for /127.0.0.1:13563 - 0 ] INFO  ipc.Client (Client.java:handleConnectionFailure(977)) - Retrying connect to server: localhost/127.0.0.1:13563. Already tried 9 time(s); retry policy is RetryUpToMaximumCountWithFixedSleep(maxRetries=15, sleepTime=1000 MILLISECONDS)
2022-01-10 11:12:40,562 [EndpointStateMachine task thread for /127.0.0.1:14053 - 0 ] INFO  ipc.Client (Client.java:handleConnectionFailure(977)) - Retrying connect to server: localhost/127.0.0.1:14053. Already tried 8 time(s); retry policy is RetryUpToMaximumCountWithFixedSleep(maxRetries=15, sleepTime=1000 MILLISECONDS)
2022-01-10 11:12:40,806 [EndpointStateMachine task thread for /127.0.0.1:13553 - 0 ] INFO  ipc.Client (Client.java:handleConnectionFailure(977)) - Retrying connect to server: localhost/127.0.0.1:13553. Already tried 9 time(s); retry policy is RetryUpToMaximumCountWithFixedSleep(maxRetries=15, sleepTime=1000 MILLISECONDS)
2022-01-10 11:12:41,261 [EndpointStateMachine task thread for /127.0.0.1:13573 - 0 ] INFO  ipc.Client (Client.java:handleConnectionFailure(977)) - Retrying connect to server: localhost/127.0.0.1:13573. Already tried 6 time(s); retry policy is RetryUpToMaximumCountWithFixedSleep(maxRetries=15, sleepTime=1000 MILLISECONDS)
2022-01-10 11:12:41,439 [EndpointStateMachine task thread for /127.0.0.1:14063 - 0 ] INFO  ipc.Client (Client.java:handleConnectionFailure(977)) - Retrying connect to server: localhost/127.0.0.1:14063. Already tried 6 time(s); retry policy is RetryUpToMaximumCountWithFixedSleep(maxRetries=15, sleepTime=1000 MILLISECONDS)
2022-01-10 11:12:41,444 [EndpointStateMachine task thread for /127.0.0.1:14073 - 0 ] INFO  ipc.Client (Client.java:handleConnectionFailure(977)) - Retrying connect to server: localhost/127.0.0.1:14073. Already tried 9 time(s); retry policy is RetryUpToMaximumCountWithFixedSleep(maxRetries=15, sleepTime=1000 MILLISECONDS)
2022-01-10 11:12:41,452 [EndpointStateMachine task thread for /127.0.0.1:13563 - 0 ] INFO  ipc.Client (Client.java:handleConnectionFailure(977)) - Retrying connect to server: localhost/127.0.0.1:13563. Already tried 10 time(s); retry policy is RetryUpToMaximumCountWithFixedSleep(maxRetries=15, sleepTime=1000 MILLISECONDS)
2022-01-10 11:12:41,562 [EndpointStateMachine task thread for /127.0.0.1:14053 - 0 ] INFO  ipc.Client (Client.java:handleConnectionFailure(977)) - Retrying connect to server: localhost/127.0.0.1:14053. Already tried 9 time(s); retry policy is RetryUpToMaximumCountWithFixedSleep(maxRetries=15, sleepTime=1000 MILLISECONDS)
2022-01-10 11:12:41,807 [EndpointStateMachine task thread for /127.0.0.1:13553 - 0 ] INFO  ipc.Client (Client.java:handleConnectionFailure(977)) - Retrying connect to server: localhost/127.0.0.1:13553. Already tried 10 time(s); retry policy is RetryUpToMaximumCountWithFixedSleep(maxRetries=15, sleepTime=1000 MILLISECONDS)
2022-01-10 11:12:42,265 [EndpointStateMachine task thread for /127.0.0.1:13573 - 0 ] INFO  ipc.Client (Client.java:handleConnectionFailure(977)) - Retrying connect to server: localhost/127.0.0.1:13573. Already tried 7 time(s); retry policy is RetryUpToMaximumCountWithFixedSleep(maxRetries=15, sleepTime=1000 MILLISECONDS)
2022-01-10 11:12:42,443 [EndpointStateMachine task thread for /127.0.0.1:14063 - 0 ] INFO  ipc.Client (Client.java:handleConnectionFailure(977)) - Retrying connect to server: localhost/127.0.0.1:14063. Already tried 7 time(s); retry policy is RetryUpToMaximumCountWithFixedSleep(maxRetries=15, sleepTime=1000 MILLISECONDS)
2022-01-10 11:12:42,445 [EndpointStateMachine task thread for /127.0.0.1:14073 - 0 ] INFO  ipc.Client (Client.java:handleConnectionFailure(977)) - Retrying connect to server: localhost/127.0.0.1:14073. Already tried 10 time(s); retry policy is RetryUpToMaximumCountWithFixedSleep(maxRetries=15, sleepTime=1000 MILLISECONDS)
2022-01-10 11:12:42,452 [EndpointStateMachine task thread for /127.0.0.1:13563 - 0 ] INFO  ipc.Client (Client.java:handleConnectionFailure(977)) - Retrying connect to server: localhost/127.0.0.1:13563. Already tried 11 time(s); retry policy is RetryUpToMaximumCountWithFixedSleep(maxRetries=15, sleepTime=1000 MILLISECONDS)
2022-01-10 11:12:42,563 [EndpointStateMachine task thread for /127.0.0.1:14053 - 0 ] INFO  ipc.Client (Client.java:handleConnectionFailure(977)) - Retrying connect to server: localhost/127.0.0.1:14053. Already tried 10 time(s); retry policy is RetryUpToMaximumCountWithFixedSleep(maxRetries=15, sleepTime=1000 MILLISECONDS)
2022-01-10 11:12:42,785 [grpc-default-executor-3] WARN  server.GrpcLogAppender (LogUtils.java:warn(122)) - af60d39b-22ca-4a7c-b55e-02ce95ae6b6a@group-1B62DF32BCE0->f1456eab-cb96-47f4-be6a-df81f044b3ea-AppendLogResponseHandler: Failed appendEntries: org.apache.ratis.thirdparty.io.grpc.StatusRuntimeException: UNAVAILABLE: io exception
2022-01-10 11:12:42,786 [grpc-default-executor-3] WARN  server.GrpcLogAppender (GrpcLogAppender.java:resetClient(110)) - af60d39b-22ca-4a7c-b55e-02ce95ae6b6a@group-1B62DF32BCE0->f1456eab-cb96-47f4-be6a-df81f044b3ea-GrpcLogAppender: Leader has not got in touch with Follower af60d39b-22ca-4a7c-b55e-02ce95ae6b6a@group-1B62DF32BCE0->f1456eab-cb96-47f4-be6a-df81f044b3ea(c0,m0,n1, attendVote=true, lastRpcSendTime=2501, lastRpcResponseTime=5028) yet, just keep nextIndex unchanged and retry.
2022-01-10 11:12:42,798 [grpc-default-executor-3] WARN  server.GrpcLogAppender (LogUtils.java:warn(122)) - af60d39b-22ca-4a7c-b55e-02ce95ae6b6a@group-1B62DF32BCE0->a128689b-7346-4663-acc6-739d712788d9-AppendLogResponseHandler: Failed appendEntries: org.apache.ratis.thirdparty.io.grpc.StatusRuntimeException: UNAVAILABLE: io exception
2022-01-10 11:12:42,798 [grpc-default-executor-3] WARN  server.GrpcLogAppender (GrpcLogAppender.java:resetClient(110)) - af60d39b-22ca-4a7c-b55e-02ce95ae6b6a@group-1B62DF32BCE0->a128689b-7346-4663-acc6-739d712788d9-GrpcLogAppender: Leader has not got in touch with Follower af60d39b-22ca-4a7c-b55e-02ce95ae6b6a@group-1B62DF32BCE0->a128689b-7346-4663-acc6-739d712788d9(c0,m0,n1, attendVote=true, lastRpcSendTime=0, lastRpcResponseTime=5040) yet, just keep nextIndex unchanged and retry.
2022-01-10 11:12:42,807 [EndpointStateMachine task thread for /127.0.0.1:13553 - 0 ] INFO  ipc.Client (Client.java:handleConnectionFailure(977)) - Retrying connect to server: localhost/127.0.0.1:13553. Already tried 11 time(s); retry policy is RetryUpToMaximumCountWithFixedSleep(maxRetries=15, sleepTime=1000 MILLISECONDS)
2022-01-10 11:12:43,105 [Listener at 127.0.0.1/12236] INFO  statemachine.DatanodeStateMachine (DatanodeStateMachine.java:stopDaemon(526)) - Ozone container server stopped.
2022-01-10 11:12:43,106 [Listener at 127.0.0.1/12236] INFO  handler.ContextHandler (ContextHandler.java:doStop(1153)) - Stopped o.e.j.w.WebAppContext@48bff6ff{hddsDatanode,/,null,STOPPED}{jar:file:/home/runner/.m2/repository/org/apache/ozone/hdds-container-service/1.3.0-SNAPSHOT/hdds-container-service-1.3.0-SNAPSHOT.jar!/webapps/hddsDatanode}
2022-01-10 11:12:43,107 [Listener at 127.0.0.1/12236] INFO  server.AbstractConnector (AbstractConnector.java:doStop(381)) - Stopped ServerConnector@4fa5fae0{HTTP/1.1, (http/1.1)}{0.0.0.0:0}
2022-01-10 11:12:43,107 [Listener at 127.0.0.1/12236] INFO  server.session (HouseKeeper.java:stopScavenging(149)) - node0 Stopped scavenging
2022-01-10 11:12:43,107 [Listener at 127.0.0.1/12236] INFO  handler.ContextHandler (ContextHandler.java:doStop(1153)) - Stopped o.e.j.s.ServletContextHandler@3c4c595e{static,/static,jar:file:/home/runner/.m2/repository/org/apache/ozone/hdds-container-service/1.3.0-SNAPSHOT/hdds-container-service-1.3.0-SNAPSHOT.jar!/webapps/static,STOPPED}
2022-01-10 11:12:43,108 [Listener at 127.0.0.1/12236] INFO  handler.ContextHandler (ContextHandler.java:doStop(1153)) - Stopped o.e.j.s.ServletContextHandler@618ffc7a{logs,/logs,file:///home/runner/work/ozone/ozone/hadoop-ozone/integration-test/target/log,STOPPED}
2022-01-10 11:12:43,124 [ForkJoinPool.commonPool-worker-1] INFO  statemachine.DatanodeStateMachine (DatanodeStateMachine.java:stopDaemon(526)) - Ozone container server stopped.
2022-01-10 11:12:43,145 [ForkJoinPool.commonPool-worker-1] INFO  handler.ContextHandler (ContextHandler.java:doStop(1153)) - Stopped o.e.j.w.WebAppContext@4757e01{hddsDatanode,/,null,STOPPED}{jar:file:/home/runner/.m2/repository/org/apache/ozone/hdds-container-service/1.3.0-SNAPSHOT/hdds-container-service-1.3.0-SNAPSHOT.jar!/webapps/hddsDatanode}
2022-01-10 11:12:43,147 [ForkJoinPool.commonPool-worker-1] INFO  server.AbstractConnector (AbstractConnector.java:doStop(381)) - Stopped ServerConnector@69f4fa56{HTTP/1.1, (http/1.1)}{0.0.0.0:0}
2022-01-10 11:12:43,147 [ForkJoinPool.commonPool-worker-1] INFO  server.session (HouseKeeper.java:stopScavenging(149)) - node0 Stopped scavenging
2022-01-10 11:12:43,148 [ForkJoinPool.commonPool-worker-1] INFO  handler.ContextHandler (ContextHandler.java:doStop(1153)) - Stopped o.e.j.s.ServletContextHandler@3486cb21{static,/static,jar:file:/home/runner/.m2/repository/org/apache/ozone/hdds-container-service/1.3.0-SNAPSHOT/hdds-container-service-1.3.0-SNAPSHOT.jar!/webapps/static,STOPPED}
2022-01-10 11:12:43,148 [ForkJoinPool.commonPool-worker-1] INFO  handler.ContextHandler (ContextHandler.java:doStop(1153)) - Stopped o.e.j.s.ServletContextHandler@56c7ec0a{logs,/logs,file:///home/runner/work/ozone/ozone/hadoop-ozone/integration-test/target/log,STOPPED}
2022-01-10 11:12:43,209 [Datanode State Machine Daemon Thread] WARN  statemachine.StateContext (StateContext.java:setState(249)) - Ignore disallowed transition from SHUTDOWN to RUNNING
2022-01-10 11:12:43,265 [EndpointStateMachine task thread for /127.0.0.1:13573 - 0 ] INFO  ipc.Client (Client.java:handleConnectionFailure(977)) - Retrying connect to server: localhost/127.0.0.1:13573. Already tried 8 time(s); retry policy is RetryUpToMaximumCountWithFixedSleep(maxRetries=15, sleepTime=1000 MILLISECONDS)
2022-01-10 11:12:43,444 [EndpointStateMachine task thread for /127.0.0.1:14063 - 0 ] INFO  ipc.Client (Client.java:handleConnectionFailure(977)) - Retrying connect to server: localhost/127.0.0.1:14063. Already tried 8 time(s); retry policy is RetryUpToMaximumCountWithFixedSleep(maxRetries=15, sleepTime=1000 MILLISECONDS)
2022-01-10 11:12:43,445 [EndpointStateMachine task thread for /127.0.0.1:14073 - 0 ] INFO  ipc.Client (Client.java:handleConnectionFailure(977)) - Retrying connect to server: localhost/127.0.0.1:14073. Already tried 11 time(s); retry policy is RetryUpToMaximumCountWithFixedSleep(maxRetries=15, sleepTime=1000 MILLISECONDS)
2022-01-10 11:12:43,453 [EndpointStateMachine task thread for /127.0.0.1:13563 - 0 ] INFO  ipc.Client (Client.java:handleConnectionFailure(977)) - Retrying connect to server: localhost/127.0.0.1:13563. Already tried 12 time(s); retry policy is RetryUpToMaximumCountWithFixedSleep(maxRetries=15, sleepTime=1000 MILLISECONDS)
2022-01-10 11:12:43,564 [EndpointStateMachine task thread for /127.0.0.1:14053 - 0 ] INFO  ipc.Client (Client.java:handleConnectionFailure(977)) - Retrying connect to server: localhost/127.0.0.1:14053. Already tried 11 time(s); retry policy is RetryUpToMaximumCountWithFixedSleep(maxRetries=15, sleepTime=1000 MILLISECONDS)
2022-01-10 11:12:43,808 [EndpointStateMachine task thread for /127.0.0.1:13553 - 0 ] INFO  ipc.Client (Client.java:handleConnectionFailure(977)) - Retrying connect to server: localhost/127.0.0.1:13553. Already tried 12 time(s); retry policy is RetryUpToMaximumCountWithFixedSleep(maxRetries=15, sleepTime=1000 MILLISECONDS)
2022-01-10 11:12:44,269 [EndpointStateMachine task thread for /127.0.0.1:13573 - 0 ] INFO  ipc.Client (Client.java:handleConnectionFailure(977)) - Retrying connect to server: localhost/127.0.0.1:13573. Already tried 9 time(s); retry policy is RetryUpToMaximumCountWithFixedSleep(maxRetries=15, sleepTime=1000 MILLISECONDS)
2022-01-10 11:12:44,444 [EndpointStateMachine task thread for /127.0.0.1:14063 - 0 ] INFO  ipc.Client (Client.java:handleConnectionFailure(977)) - Retrying connect to server: localhost/127.0.0.1:14063. Already tried 9 time(s); retry policy is RetryUpToMaximumCountWithFixedSleep(maxRetries=15, sleepTime=1000 MILLISECONDS)
2022-01-10 11:12:44,445 [EndpointStateMachine task thread for /127.0.0.1:14073 - 0 ] INFO  ipc.Client (Client.java:handleConnectionFailure(977)) - Retrying connect to server: localhost/127.0.0.1:14073. Already tried 12 time(s); retry policy is RetryUpToMaximumCountWithFixedSleep(maxRetries=15, sleepTime=1000 MILLISECONDS)
2022-01-10 11:12:44,453 [EndpointStateMachine task thread for /127.0.0.1:13563 - 0 ] INFO  ipc.Client (Client.java:handleConnectionFailure(977)) - Retrying connect to server: localhost/127.0.0.1:13563. Already tried 13 time(s); retry policy is RetryUpToMaximumCountWithFixedSleep(maxRetries=15, sleepTime=1000 MILLISECONDS)
2022-01-10 11:12:44,564 [EndpointStateMachine task thread for /127.0.0.1:14053 - 0 ] INFO  ipc.Client (Client.java:handleConnectionFailure(977)) - Retrying connect to server: localhost/127.0.0.1:14053. Already tried 12 time(s); retry policy is RetryUpToMaximumCountWithFixedSleep(maxRetries=15, sleepTime=1000 MILLISECONDS)
2022-01-10 11:12:44,720 [af60d39b-22ca-4a7c-b55e-02ce95ae6b6a@group-DACAAE954CB7-FollowerState] INFO  impl.FollowerState (FollowerState.java:run(134)) - af60d39b-22ca-4a7c-b55e-02ce95ae6b6a@group-DACAAE954CB7-FollowerState: change to CANDIDATE, lastRpcElapsedTime:7569979267ns, electionTimeout:5017ms
2022-01-10 11:12:44,720 [af60d39b-22ca-4a7c-b55e-02ce95ae6b6a@group-DACAAE954CB7-FollowerState] INFO  impl.RoleInfo (RoleInfo.java:shutdownFollowerState(108)) - af60d39b-22ca-4a7c-b55e-02ce95ae6b6a: shutdown af60d39b-22ca-4a7c-b55e-02ce95ae6b6a@group-DACAAE954CB7-FollowerState
2022-01-10 11:12:44,720 [af60d39b-22ca-4a7c-b55e-02ce95ae6b6a@group-DACAAE954CB7-FollowerState] INFO  server.RaftServer$Division (RaftServerImpl.java:setRole(290)) - af60d39b-22ca-4a7c-b55e-02ce95ae6b6a@group-DACAAE954CB7: changes role from  FOLLOWER to CANDIDATE at term 1 for changeToCandidate
2022-01-10 11:12:44,720 [af60d39b-22ca-4a7c-b55e-02ce95ae6b6a@group-DACAAE954CB7-FollowerState] INFO  server.RaftServerConfigKeys (ConfUtils.java:logGet(44)) - raft.server.leaderelection.pre-vote = false (custom)
2022-01-10 11:12:44,721 [af60d39b-22ca-4a7c-b55e-02ce95ae6b6a@group-DACAAE954CB7-FollowerState] INFO  impl.RoleInfo (RoleInfo.java:updateAndGet(130)) - af60d39b-22ca-4a7c-b55e-02ce95ae6b6a: start af60d39b-22ca-4a7c-b55e-02ce95ae6b6a@group-DACAAE954CB7-LeaderElection27
2022-01-10 11:12:44,733 [af60d39b-22ca-4a7c-b55e-02ce95ae6b6a@group-DACAAE954CB7-LeaderElection27] INFO  server.RaftServer$Division (ServerState.java:setLeader(285)) - af60d39b-22ca-4a7c-b55e-02ce95ae6b6a@group-DACAAE954CB7: change Leader from a128689b-7346-4663-acc6-739d712788d9 to null at term 1 for ELECTION
2022-01-10 11:12:44,736 [af60d39b-22ca-4a7c-b55e-02ce95ae6b6a@group-DACAAE954CB7-LeaderElection27] INFO  impl.LeaderElection (LeaderElection.java:askForVotes(306)) - af60d39b-22ca-4a7c-b55e-02ce95ae6b6a@group-DACAAE954CB7-LeaderElection27 ELECTION round 0: submit vote requests at term 2 for 0: [af60d39b-22ca-4a7c-b55e-02ce95ae6b6a|rpc:127.0.0.1:36573|dataStream:|priority:0, f1456eab-cb96-47f4-be6a-df81f044b3ea|rpc:127.0.0.1:40757|dataStream:|priority:0, a128689b-7346-4663-acc6-739d712788d9|rpc:127.0.0.1:44189|dataStream:|priority:1], old=null
2022-01-10 11:12:44,773 [af60d39b-22ca-4a7c-b55e-02ce95ae6b6a@group-DACAAE954CB7-LeaderElection27] INFO  impl.LeaderElection (LogUtils.java:infoOrTrace(137)) - af60d39b-22ca-4a7c-b55e-02ce95ae6b6a@group-DACAAE954CB7-LeaderElection27 got exception when requesting votes: java.util.concurrent.ExecutionException: org.apache.ratis.thirdparty.io.grpc.StatusRuntimeException: UNAVAILABLE: io exception
2022-01-10 11:12:44,774 [af60d39b-22ca-4a7c-b55e-02ce95ae6b6a@group-DACAAE954CB7-LeaderElection27] INFO  impl.LeaderElection (LogUtils.java:infoOrTrace(137)) - af60d39b-22ca-4a7c-b55e-02ce95ae6b6a@group-DACAAE954CB7-LeaderElection27 got exception when requesting votes: java.util.concurrent.ExecutionException: org.apache.ratis.thirdparty.io.grpc.StatusRuntimeException: UNAVAILABLE: io exception
2022-01-10 11:12:44,774 [af60d39b-22ca-4a7c-b55e-02ce95ae6b6a@group-DACAAE954CB7-LeaderElection27] INFO  impl.LeaderElection (LeaderElection.java:logAndReturn(89)) - af60d39b-22ca-4a7c-b55e-02ce95ae6b6a@group-DACAAE954CB7-LeaderElection27: ELECTION REJECTED received 0 response(s) and 2 exception(s):
2022-01-10 11:12:44,774 [af60d39b-22ca-4a7c-b55e-02ce95ae6b6a@group-DACAAE954CB7-LeaderElection27] INFO  impl.LeaderElection (LogUtils.java:infoOrTrace(137)) -   Exception 0: java.util.concurrent.ExecutionException: org.apache.ratis.thirdparty.io.grpc.StatusRuntimeException: UNAVAILABLE: io exception
2022-01-10 11:12:44,774 [af60d39b-22ca-4a7c-b55e-02ce95ae6b6a@group-DACAAE954CB7-LeaderElection27] INFO  impl.LeaderElection (LogUtils.java:infoOrTrace(137)) -   Exception 1: java.util.concurrent.ExecutionException: org.apache.ratis.thirdparty.io.grpc.StatusRuntimeException: UNAVAILABLE: io exception
2022-01-10 11:12:44,774 [af60d39b-22ca-4a7c-b55e-02ce95ae6b6a@group-DACAAE954CB7-LeaderElection27] INFO  impl.LeaderElection (LeaderElection.java:askForVotes(308)) - af60d39b-22ca-4a7c-b55e-02ce95ae6b6a@group-DACAAE954CB7-LeaderElection27 ELECTION round 0: result REJECTED
2022-01-10 11:12:44,774 [af60d39b-22ca-4a7c-b55e-02ce95ae6b6a@group-DACAAE954CB7-LeaderElection27] INFO  server.RaftServer$Division (RaftServerImpl.java:setRole(290)) - af60d39b-22ca-4a7c-b55e-02ce95ae6b6a@group-DACAAE954CB7: changes role from CANDIDATE to FOLLOWER at term 2 for REJECTED
2022-01-10 11:12:44,774 [af60d39b-22ca-4a7c-b55e-02ce95ae6b6a@group-DACAAE954CB7-LeaderElection27] INFO  impl.RoleInfo (RoleInfo.java:shutdownLeaderElection(121)) - af60d39b-22ca-4a7c-b55e-02ce95ae6b6a: shutdown af60d39b-22ca-4a7c-b55e-02ce95ae6b6a@group-DACAAE954CB7-LeaderElection27
2022-01-10 11:12:44,774 [af60d39b-22ca-4a7c-b55e-02ce95ae6b6a@group-DACAAE954CB7-LeaderElection27] INFO  impl.RoleInfo (RoleInfo.java:updateAndGet(130)) - af60d39b-22ca-4a7c-b55e-02ce95ae6b6a: start af60d39b-22ca-4a7c-b55e-02ce95ae6b6a@group-DACAAE954CB7-FollowerState
2022-01-10 11:12:44,808 [EndpointStateMachine task thread for /127.0.0.1:13553 - 0 ] INFO  ipc.Client (Client.java:handleConnectionFailure(977)) - Retrying connect to server: localhost/127.0.0.1:13553. Already tried 13 time(s); retry policy is RetryUpToMaximumCountWithFixedSleep(maxRetries=15, sleepTime=1000 MILLISECONDS)
2022-01-10 11:12:45,269 [EndpointStateMachine task thread for /127.0.0.1:13573 - 0 ] INFO  ipc.Client (Client.java:handleConnectionFailure(977)) - Retrying connect to server: localhost/127.0.0.1:13573. Already tried 10 time(s); retry policy is RetryUpToMaximumCountWithFixedSleep(maxRetries=15, sleepTime=1000 MILLISECONDS)
2022-01-10 11:12:45,296 [grpc-default-executor-3] WARN  server.GrpcLogAppender (LogUtils.java:warn(122)) - af60d39b-22ca-4a7c-b55e-02ce95ae6b6a@group-1B62DF32BCE0->f1456eab-cb96-47f4-be6a-df81f044b3ea-AppendLogResponseHandler: Failed appendEntries: org.apache.ratis.thirdparty.io.grpc.StatusRuntimeException: UNAVAILABLE: io exception
2022-01-10 11:12:45,297 [grpc-default-executor-3] WARN  server.GrpcLogAppender (GrpcLogAppender.java:resetClient(110)) - af60d39b-22ca-4a7c-b55e-02ce95ae6b6a@group-1B62DF32BCE0->f1456eab-cb96-47f4-be6a-df81f044b3ea-GrpcLogAppender: Leader has not got in touch with Follower af60d39b-22ca-4a7c-b55e-02ce95ae6b6a@group-1B62DF32BCE0->f1456eab-cb96-47f4-be6a-df81f044b3ea(c0,m0,n1, attendVote=true, lastRpcSendTime=0, lastRpcResponseTime=7538) yet, just keep nextIndex unchanged and retry.
2022-01-10 11:12:45,298 [grpc-default-executor-3] WARN  server.GrpcLogAppender (LogUtils.java:warn(122)) - af60d39b-22ca-4a7c-b55e-02ce95ae6b6a@group-1B62DF32BCE0->a128689b-7346-4663-acc6-739d712788d9-AppendLogResponseHandler: Failed appendEntries: org.apache.ratis.thirdparty.io.grpc.StatusRuntimeException: UNAVAILABLE: io exception
2022-01-10 11:12:45,299 [grpc-default-executor-3] WARN  server.GrpcLogAppender (GrpcLogAppender.java:resetClient(110)) - af60d39b-22ca-4a7c-b55e-02ce95ae6b6a@group-1B62DF32BCE0->a128689b-7346-4663-acc6-739d712788d9-GrpcLogAppender: Leader has not got in touch with Follower af60d39b-22ca-4a7c-b55e-02ce95ae6b6a@group-1B62DF32BCE0->a128689b-7346-4663-acc6-739d712788d9(c0,m0,n1, attendVote=true, lastRpcSendTime=1, lastRpcResponseTime=7541) yet, just keep nextIndex unchanged and retry.
2022-01-10 11:12:45,454 [EndpointStateMachine task thread for /127.0.0.1:13563 - 0 ] INFO  ipc.Client (Client.java:handleConnectionFailure(977)) - Retrying connect to server: localhost/127.0.0.1:13563. Already tried 14 time(s); retry policy is RetryUpToMaximumCountWithFixedSleep(maxRetries=15, sleepTime=1000 MILLISECONDS)
2022-01-10 11:12:45,454 [EndpointStateMachine task thread for /127.0.0.1:13563 - 0 ] WARN  statemachine.EndpointStateMachine (EndpointStateMachine.java:logIfNeeded(236)) - Unable to communicate to SCM server at localhost:13563 for past 0 seconds.
java.net.ConnectException: Call From fv-az270-882/10.1.0.7 to localhost:13563 failed on connection exception: java.net.ConnectException: Connection refused; For more details see:  http://wiki.apache.org/hadoop/ConnectionRefused
	at sun.reflect.GeneratedConstructorAccessor45.newInstance(Unknown Source)
	at sun.reflect.DelegatingConstructorAccessorImpl.newInstance(DelegatingConstructorAccessorImpl.java:45)
	at java.lang.reflect.Constructor.newInstance(Constructor.java:423)
	at org.apache.hadoop.net.NetUtils.wrapWithMessage(NetUtils.java:913)
	at org.apache.hadoop.net.NetUtils.wrapException(NetUtils.java:828)
	at org.apache.hadoop.ipc.Client.getRpcResponse(Client.java:1577)
	at org.apache.hadoop.ipc.Client.call(Client.java:1519)
	at org.apache.hadoop.ipc.Client.call(Client.java:1416)
	at org.apache.hadoop.ipc.ProtobufRpcEngine$Invoker.invoke(ProtobufRpcEngine.java:236)
	at org.apache.hadoop.ipc.ProtobufRpcEngine$Invoker.invoke(ProtobufRpcEngine.java:123)
	at com.sun.proxy.$Proxy48.submitRequest(Unknown Source)
	at org.apache.hadoop.ozone.protocolPB.StorageContainerDatanodeProtocolClientSideTranslatorPB.submitRequest(StorageContainerDatanodeProtocolClientSideTranslatorPB.java:117)
	at org.apache.hadoop.ozone.protocolPB.StorageContainerDatanodeProtocolClientSideTranslatorPB.sendHeartbeat(StorageContainerDatanodeProtocolClientSideTranslatorPB.java:149)
	at org.apache.hadoop.ozone.container.common.states.endpoint.HeartbeatEndpointTask.call(HeartbeatEndpointTask.java:179)
	at org.apache.hadoop.ozone.container.common.states.endpoint.HeartbeatEndpointTask.call(HeartbeatEndpointTask.java:82)
	at java.util.concurrent.FutureTask.run(FutureTask.java:266)
	at java.util.concurrent.ThreadPoolExecutor.runWorker(ThreadPoolExecutor.java:1149)
	at java.util.concurrent.ThreadPoolExecutor$Worker.run(ThreadPoolExecutor.java:624)
	at java.lang.Thread.run(Thread.java:748)
Caused by: java.net.ConnectException: Connection refused
	at sun.nio.ch.SocketChannelImpl.checkConnect(Native Method)
	at sun.nio.ch.SocketChannelImpl.finishConnect(SocketChannelImpl.java:716)
	at org.apache.hadoop.net.SocketIOWithTimeout.connect(SocketIOWithTimeout.java:206)
	at org.apache.hadoop.net.NetUtils.connect(NetUtils.java:586)
	at org.apache.hadoop.ipc.Client$Connection.setupConnection(Client.java:701)
	at org.apache.hadoop.ipc.Client$Connection.setupIOstreams(Client.java:822)
	at org.apache.hadoop.ipc.Client$Connection.access$3800(Client.java:414)
	at org.apache.hadoop.ipc.Client.getConnection(Client.java:1647)
	at org.apache.hadoop.ipc.Client.call(Client.java:1463)
	... 12 more
2022-01-10 11:12:45,455 [EndpointStateMachine task thread for /127.0.0.1:14063 - 0 ] INFO  ipc.Client (Client.java:handleConnectionFailure(977)) - Retrying connect to server: localhost/127.0.0.1:14063. Already tried 10 time(s); retry policy is RetryUpToMaximumCountWithFixedSleep(maxRetries=15, sleepTime=1000 MILLISECONDS)
2022-01-10 11:12:45,461 [EndpointStateMachine task thread for /127.0.0.1:14073 - 0 ] INFO  ipc.Client (Client.java:handleConnectionFailure(977)) - Retrying connect to server: localhost/127.0.0.1:14073. Already tried 13 time(s); retry policy is RetryUpToMaximumCountWithFixedSleep(maxRetries=15, sleepTime=1000 MILLISECONDS)
2022-01-10 11:12:45,565 [EndpointStateMachine task thread for /127.0.0.1:14053 - 0 ] INFO  ipc.Client (Client.java:handleConnectionFailure(977)) - Retrying connect to server: localhost/127.0.0.1:14053. Already tried 13 time(s); retry policy is RetryUpToMaximumCountWithFixedSleep(maxRetries=15, sleepTime=1000 MILLISECONDS)
2022-01-10 11:12:45,621 [af60d39b-22ca-4a7c-b55e-02ce95ae6b6a@group-1B62DF32BCE0-LeaderStateImpl] WARN  server.RaftServer$Division (LeaderStateImpl.java:checkLeadership(974)) - af60d39b-22ca-4a7c-b55e-02ce95ae6b6a@group-1B62DF32BCE0-LeaderStateImpl: Lost leadership on term: 4. Election timeout: 5200ms. In charge for: 10433ms. Conf: 0: [af60d39b-22ca-4a7c-b55e-02ce95ae6b6a|rpc:127.0.0.1:36573|dataStream:|priority:1, f1456eab-cb96-47f4-be6a-df81f044b3ea|rpc:127.0.0.1:40757|dataStream:|priority:0, a128689b-7346-4663-acc6-739d712788d9|rpc:127.0.0.1:44189|dataStream:|priority:0], old=null
2022-01-10 11:12:45,621 [af60d39b-22ca-4a7c-b55e-02ce95ae6b6a@group-1B62DF32BCE0-LeaderStateImpl] WARN  server.RaftServer$Division (LeaderStateImpl.java:lambda$checkLeadership$15(978)) - Follower af60d39b-22ca-4a7c-b55e-02ce95ae6b6a@group-1B62DF32BCE0->f1456eab-cb96-47f4-be6a-df81f044b3ea(c0,m0,n1, attendVote=true, lastRpcSendTime=325, lastRpcResponseTime=7863)
2022-01-10 11:12:45,621 [af60d39b-22ca-4a7c-b55e-02ce95ae6b6a@group-1B62DF32BCE0-LeaderStateImpl] WARN  server.RaftServer$Division (LeaderStateImpl.java:lambda$checkLeadership$15(978)) - Follower af60d39b-22ca-4a7c-b55e-02ce95ae6b6a@group-1B62DF32BCE0->a128689b-7346-4663-acc6-739d712788d9(c0,m0,n1, attendVote=true, lastRpcSendTime=323, lastRpcResponseTime=7863)
2022-01-10 11:12:45,621 [af60d39b-22ca-4a7c-b55e-02ce95ae6b6a@group-1B62DF32BCE0-LeaderStateImpl] INFO  server.RaftServer$Division (RaftServerImpl.java:setRole(290)) - af60d39b-22ca-4a7c-b55e-02ce95ae6b6a@group-1B62DF32BCE0: changes role from    LEADER to FOLLOWER at term 4 for StepDownReason:LOST_MAJORITY_HEARTBEATS
2022-01-10 11:12:45,621 [af60d39b-22ca-4a7c-b55e-02ce95ae6b6a@group-1B62DF32BCE0-LeaderStateImpl] INFO  impl.RoleInfo (RoleInfo.java:shutdownLeaderState(91)) - af60d39b-22ca-4a7c-b55e-02ce95ae6b6a: shutdown af60d39b-22ca-4a7c-b55e-02ce95ae6b6a@group-1B62DF32BCE0-LeaderStateImpl
2022-01-10 11:12:45,622 [af60d39b-22ca-4a7c-b55e-02ce95ae6b6a@group-1B62DF32BCE0-LeaderStateImpl] INFO  impl.PendingRequests (PendingRequests.java:sendNotLeaderResponses(282)) - af60d39b-22ca-4a7c-b55e-02ce95ae6b6a@group-1B62DF32BCE0-PendingRequests: sendNotLeaderResponses
2022-01-10 11:12:45,622 [af60d39b-22ca-4a7c-b55e-02ce95ae6b6a@group-1B62DF32BCE0-LeaderStateImpl] INFO  impl.RoleInfo (RoleInfo.java:updateAndGet(130)) - af60d39b-22ca-4a7c-b55e-02ce95ae6b6a: start af60d39b-22ca-4a7c-b55e-02ce95ae6b6a@group-1B62DF32BCE0-FollowerState
2022-01-10 11:12:45,809 [EndpointStateMachine task thread for /127.0.0.1:13553 - 0 ] INFO  ipc.Client (Client.java:handleConnectionFailure(977)) - Retrying connect to server: localhost/127.0.0.1:13553. Already tried 14 time(s); retry policy is RetryUpToMaximumCountWithFixedSleep(maxRetries=15, sleepTime=1000 MILLISECONDS)
2022-01-10 11:12:45,810 [EndpointStateMachine task thread for /127.0.0.1:13553 - 0 ] WARN  statemachine.EndpointStateMachine (EndpointStateMachine.java:logIfNeeded(236)) - Unable to communicate to SCM server at localhost:13553 for past 0 seconds.
java.net.ConnectException: Call From fv-az270-882/10.1.0.7 to localhost:13553 failed on connection exception: java.net.ConnectException: Connection refused; For more details see:  http://wiki.apache.org/hadoop/ConnectionRefused
	at sun.reflect.GeneratedConstructorAccessor45.newInstance(Unknown Source)
	at sun.reflect.DelegatingConstructorAccessorImpl.newInstance(DelegatingConstructorAccessorImpl.java:45)
	at java.lang.reflect.Constructor.newInstance(Constructor.java:423)
	at org.apache.hadoop.net.NetUtils.wrapWithMessage(NetUtils.java:913)
	at org.apache.hadoop.net.NetUtils.wrapException(NetUtils.java:828)
	at org.apache.hadoop.ipc.Client.getRpcResponse(Client.java:1577)
	at org.apache.hadoop.ipc.Client.call(Client.java:1519)
	at org.apache.hadoop.ipc.Client.call(Client.java:1416)
	at org.apache.hadoop.ipc.ProtobufRpcEngine$Invoker.invoke(ProtobufRpcEngine.java:236)
	at org.apache.hadoop.ipc.ProtobufRpcEngine$Invoker.invoke(ProtobufRpcEngine.java:123)
	at com.sun.proxy.$Proxy48.submitRequest(Unknown Source)
	at org.apache.hadoop.ozone.protocolPB.StorageContainerDatanodeProtocolClientSideTranslatorPB.submitRequest(StorageContainerDatanodeProtocolClientSideTranslatorPB.java:117)
	at org.apache.hadoop.ozone.protocolPB.StorageContainerDatanodeProtocolClientSideTranslatorPB.sendHeartbeat(StorageContainerDatanodeProtocolClientSideTranslatorPB.java:149)
	at org.apache.hadoop.ozone.container.common.states.endpoint.HeartbeatEndpointTask.call(HeartbeatEndpointTask.java:179)
	at org.apache.hadoop.ozone.container.common.states.endpoint.HeartbeatEndpointTask.call(HeartbeatEndpointTask.java:82)
	at java.util.concurrent.FutureTask.run(FutureTask.java:266)
	at java.util.concurrent.ThreadPoolExecutor.runWorker(ThreadPoolExecutor.java:1149)
	at java.util.concurrent.ThreadPoolExecutor$Worker.run(ThreadPoolExecutor.java:624)
	at java.lang.Thread.run(Thread.java:748)
Caused by: java.net.ConnectException: Connection refused
	at sun.nio.ch.SocketChannelImpl.checkConnect(Native Method)
	at sun.nio.ch.SocketChannelImpl.finishConnect(SocketChannelImpl.java:716)
	at org.apache.hadoop.net.SocketIOWithTimeout.connect(SocketIOWithTimeout.java:206)
	at org.apache.hadoop.net.NetUtils.connect(NetUtils.java:586)
	at org.apache.hadoop.ipc.Client$Connection.setupConnection(Client.java:701)
	at org.apache.hadoop.ipc.Client$Connection.setupIOstreams(Client.java:822)
	at org.apache.hadoop.ipc.Client$Connection.access$3800(Client.java:414)
	at org.apache.hadoop.ipc.Client.getConnection(Client.java:1647)
	at org.apache.hadoop.ipc.Client.call(Client.java:1463)
	... 12 more
2022-01-10 11:12:46,270 [EndpointStateMachine task thread for /127.0.0.1:13573 - 0 ] INFO  ipc.Client (Client.java:handleConnectionFailure(977)) - Retrying connect to server: localhost/127.0.0.1:13573. Already tried 11 time(s); retry policy is RetryUpToMaximumCountWithFixedSleep(maxRetries=15, sleepTime=1000 MILLISECONDS)
2022-01-10 11:12:46,455 [EndpointStateMachine task thread for /127.0.0.1:13563 - 0 ] INFO  ipc.Client (Client.java:handleConnectionFailure(977)) - Retrying connect to server: localhost/127.0.0.1:13563. Already tried 0 time(s); retry policy is RetryUpToMaximumCountWithFixedSleep(maxRetries=15, sleepTime=1000 MILLISECONDS)
2022-01-10 11:12:46,456 [EndpointStateMachine task thread for /127.0.0.1:14063 - 0 ] INFO  ipc.Client (Client.java:handleConnectionFailure(977)) - Retrying connect to server: localhost/127.0.0.1:14063. Already tried 11 time(s); retry policy is RetryUpToMaximumCountWithFixedSleep(maxRetries=15, sleepTime=1000 MILLISECONDS)
2022-01-10 11:12:46,461 [EndpointStateMachine task thread for /127.0.0.1:14073 - 0 ] INFO  ipc.Client (Client.java:handleConnectionFailure(977)) - Retrying connect to server: localhost/127.0.0.1:14073. Already tried 14 time(s); retry policy is RetryUpToMaximumCountWithFixedSleep(maxRetries=15, sleepTime=1000 MILLISECONDS)
2022-01-10 11:12:46,565 [EndpointStateMachine task thread for /127.0.0.1:14053 - 0 ] INFO  ipc.Client (Client.java:handleConnectionFailure(977)) - Retrying connect to server: localhost/127.0.0.1:14053. Already tried 14 time(s); retry policy is RetryUpToMaximumCountWithFixedSleep(maxRetries=15, sleepTime=1000 MILLISECONDS)
2022-01-10 11:12:46,816 [EndpointStateMachine task thread for /127.0.0.1:13553 - 0 ] INFO  ipc.Client (Client.java:handleConnectionFailure(977)) - Retrying connect to server: localhost/127.0.0.1:13553. Already tried 0 time(s); retry policy is RetryUpToMaximumCountWithFixedSleep(maxRetries=15, sleepTime=1000 MILLISECONDS)
2022-01-10 11:12:47,270 [EndpointStateMachine task thread for /127.0.0.1:13573 - 0 ] INFO  ipc.Client (Client.java:handleConnectionFailure(977)) - Retrying connect to server: localhost/127.0.0.1:13573. Already tried 12 time(s); retry policy is RetryUpToMaximumCountWithFixedSleep(maxRetries=15, sleepTime=1000 MILLISECONDS)
2022-01-10 11:12:47,456 [EndpointStateMachine task thread for /127.0.0.1:13563 - 0 ] INFO  ipc.Client (Client.java:handleConnectionFailure(977)) - Retrying connect to server: localhost/127.0.0.1:13563. Already tried 1 time(s); retry policy is RetryUpToMaximumCountWithFixedSleep(maxRetries=15, sleepTime=1000 MILLISECONDS)
2022-01-10 11:12:47,456 [EndpointStateMachine task thread for /127.0.0.1:14063 - 0 ] INFO  ipc.Client (Client.java:handleConnectionFailure(977)) - Retrying connect to server: localhost/127.0.0.1:14063. Already tried 12 time(s); retry policy is RetryUpToMaximumCountWithFixedSleep(maxRetries=15, sleepTime=1000 MILLISECONDS)
2022-01-10 11:12:47,462 [EndpointStateMachine task thread for /127.0.0.1:14073 - 0 ] INFO  ipc.Client (Client.java:handleConnectionFailure(977)) - Retrying connect to server: localhost/127.0.0.1:14073. Already tried 0 time(s); retry policy is RetryUpToMaximumCountWithFixedSleep(maxRetries=15, sleepTime=1000 MILLISECONDS)
2022-01-10 11:12:47,567 [EndpointStateMachine task thread for /127.0.0.1:14053 - 0 ] INFO  ipc.Client (Client.java:handleConnectionFailure(977)) - Retrying connect to server: localhost/127.0.0.1:14053. Already tried 0 time(s); retry policy is RetryUpToMaximumCountWithFixedSleep(maxRetries=15, sleepTime=1000 MILLISECONDS)
2022-01-10 11:12:47,816 [EndpointStateMachine task thread for /127.0.0.1:13553 - 0 ] INFO  ipc.Client (Client.java:handleConnectionFailure(977)) - Retrying connect to server: localhost/127.0.0.1:13553. Already tried 1 time(s); retry policy is RetryUpToMaximumCountWithFixedSleep(maxRetries=15, sleepTime=1000 MILLISECONDS)
2022-01-10 11:12:48,110 [Listener at 127.0.0.1/12236] INFO  ozoneimpl.OzoneContainer (OzoneContainer.java:stop(336)) - Attempting to stop container services.
2022-01-10 11:12:48,112 [Listener at 127.0.0.1/12236] INFO  server.RaftServer (RaftServerProxy.java:lambda$close$6(391)) - af60d39b-22ca-4a7c-b55e-02ce95ae6b6a: close
2022-01-10 11:12:48,117 [Listener at 127.0.0.1/12236] INFO  server.RaftServer$Division (RaftServerImpl.java:lambda$close$4(412)) - af60d39b-22ca-4a7c-b55e-02ce95ae6b6a@group-1B62DF32BCE0: shutdown
2022-01-10 11:12:48,118 [Listener at 127.0.0.1/12236] INFO  util.JmxRegister (JmxRegister.java:unregister(73)) - Successfully un-registered JMX Bean with object name Ratis:service=RaftServer,group=group-1B62DF32BCE0,id=af60d39b-22ca-4a7c-b55e-02ce95ae6b6a
2022-01-10 11:12:48,118 [Listener at 127.0.0.1/12236] INFO  impl.RoleInfo (RoleInfo.java:shutdownFollowerState(108)) - af60d39b-22ca-4a7c-b55e-02ce95ae6b6a: shutdown af60d39b-22ca-4a7c-b55e-02ce95ae6b6a@group-1B62DF32BCE0-FollowerState
2022-01-10 11:12:48,118 [af60d39b-22ca-4a7c-b55e-02ce95ae6b6a@group-1B62DF32BCE0-FollowerState] INFO  impl.FollowerState (FollowerState.java:run(143)) - af60d39b-22ca-4a7c-b55e-02ce95ae6b6a@group-1B62DF32BCE0-FollowerState was interrupted: {}
java.lang.InterruptedException: sleep interrupted
	at java.lang.Thread.sleep(Native Method)
	at java.lang.Thread.sleep(Thread.java:340)
	at java.util.concurrent.TimeUnit.sleep(TimeUnit.java:386)
	at org.apache.ratis.util.TimeDuration.sleep(TimeDuration.java:324)
	at org.apache.ratis.util.TimeDuration.sleep(TimeDuration.java:309)
	at org.apache.ratis.server.impl.FollowerState.run(FollowerState.java:118)
2022-01-10 11:12:48,118 [Listener at 127.0.0.1/12236] INFO  impl.StateMachineUpdater (StateMachineUpdater.java:stopAndJoin(149)) - af60d39b-22ca-4a7c-b55e-02ce95ae6b6a@group-1B62DF32BCE0-StateMachineUpdater: set stopIndex = 0
2022-01-10 11:12:48,133 [af60d39b-22ca-4a7c-b55e-02ce95ae6b6a@group-1B62DF32BCE0-StateMachineUpdater] INFO  ratis.ContainerStateMachine (ContainerStateMachine.java:takeSnapshot(299)) - group-1B62DF32BCE0: Taking a snapshot at:(t:4, i:0) file /home/runner/work/ozone/ozone/hadoop-ozone/integration-test/target/test-dir/MiniOzoneClusterImpl-7d1a95dd-ad38-4e88-9004-e3265cc39d2b/datanode-2/data/ratis/b2d26482-101b-4dbd-9a26-1b62df32bce0/sm/snapshot.4_0
2022-01-10 11:12:48,135 [af60d39b-22ca-4a7c-b55e-02ce95ae6b6a@group-1B62DF32BCE0-StateMachineUpdater] INFO  ratis.ContainerStateMachine (ContainerStateMachine.java:takeSnapshot(310)) - group-1B62DF32BCE0: Finished taking a snapshot at:(t:4, i:0) file:/home/runner/work/ozone/ozone/hadoop-ozone/integration-test/target/test-dir/MiniOzoneClusterImpl-7d1a95dd-ad38-4e88-9004-e3265cc39d2b/datanode-2/data/ratis/b2d26482-101b-4dbd-9a26-1b62df32bce0/sm/snapshot.4_0 took: 16 ms
2022-01-10 11:12:48,135 [af60d39b-22ca-4a7c-b55e-02ce95ae6b6a@group-1B62DF32BCE0-StateMachineUpdater] INFO  impl.StateMachineUpdater (StateMachineUpdater.java:takeSnapshot(281)) - af60d39b-22ca-4a7c-b55e-02ce95ae6b6a@group-1B62DF32BCE0-StateMachineUpdater: Took a snapshot at index 0
2022-01-10 11:12:48,135 [af60d39b-22ca-4a7c-b55e-02ce95ae6b6a@group-1B62DF32BCE0-StateMachineUpdater] INFO  impl.StateMachineUpdater (StateMachineUpdater.java:lambda$new$0(89)) - af60d39b-22ca-4a7c-b55e-02ce95ae6b6a@group-1B62DF32BCE0-StateMachineUpdater: snapshotIndex: updateIncreasingly -1 -> 0
2022-01-10 11:12:48,135 [Listener at 127.0.0.1/12236] INFO  server.RaftServer$Division (ServerState.java:close(419)) - af60d39b-22ca-4a7c-b55e-02ce95ae6b6a@group-1B62DF32BCE0: closes. applyIndex: 0
2022-01-10 11:12:48,136 [af60d39b-22ca-4a7c-b55e-02ce95ae6b6a@group-1B62DF32BCE0-SegmentedRaftLogWorker] INFO  segmented.SegmentedRaftLogWorker (SegmentedRaftLogWorker.java:run(327)) - af60d39b-22ca-4a7c-b55e-02ce95ae6b6a@group-1B62DF32BCE0-SegmentedRaftLogWorker was interrupted, exiting. There are 0 tasks remaining in the queue.
2022-01-10 11:12:48,136 [Listener at 127.0.0.1/12236] INFO  segmented.SegmentedRaftLogWorker (SegmentedRaftLogWorker.java:close(237)) - af60d39b-22ca-4a7c-b55e-02ce95ae6b6a@group-1B62DF32BCE0-SegmentedRaftLogWorker close()
2022-01-10 11:12:48,136 [Listener at 127.0.0.1/12236] INFO  server.RaftServer$Division (RaftServerImpl.java:lambda$close$4(412)) - af60d39b-22ca-4a7c-b55e-02ce95ae6b6a@group-9F0CA0B2F075: shutdown
2022-01-10 11:12:48,136 [Listener at 127.0.0.1/12236] INFO  util.JmxRegister (JmxRegister.java:unregister(73)) - Successfully un-registered JMX Bean with object name Ratis:service=RaftServer,group=group-9F0CA0B2F075,id=af60d39b-22ca-4a7c-b55e-02ce95ae6b6a
2022-01-10 11:12:48,137 [Listener at 127.0.0.1/12236] INFO  impl.RoleInfo (RoleInfo.java:shutdownLeaderState(91)) - af60d39b-22ca-4a7c-b55e-02ce95ae6b6a: shutdown af60d39b-22ca-4a7c-b55e-02ce95ae6b6a@group-9F0CA0B2F075-LeaderStateImpl
2022-01-10 11:12:48,137 [Listener at 127.0.0.1/12236] INFO  impl.PendingRequests (PendingRequests.java:sendNotLeaderResponses(282)) - af60d39b-22ca-4a7c-b55e-02ce95ae6b6a@group-9F0CA0B2F075-PendingRequests: sendNotLeaderResponses
2022-01-10 11:12:48,140 [af60d39b-22ca-4a7c-b55e-02ce95ae6b6a@group-9F0CA0B2F075-StateMachineUpdater] INFO  ratis.ContainerStateMachine (ContainerStateMachine.java:takeSnapshot(299)) - group-9F0CA0B2F075: Taking a snapshot at:(t:1, i:0) file /home/runner/work/ozone/ozone/hadoop-ozone/integration-test/target/test-dir/MiniOzoneClusterImpl-7d1a95dd-ad38-4e88-9004-e3265cc39d2b/datanode-2/data/ratis/4e0b4129-1574-424d-a721-9f0ca0b2f075/sm/snapshot.1_0
2022-01-10 11:12:48,141 [af60d39b-22ca-4a7c-b55e-02ce95ae6b6a@group-9F0CA0B2F075-StateMachineUpdater] INFO  ratis.ContainerStateMachine (ContainerStateMachine.java:takeSnapshot(310)) - group-9F0CA0B2F075: Finished taking a snapshot at:(t:1, i:0) file:/home/runner/work/ozone/ozone/hadoop-ozone/integration-test/target/test-dir/MiniOzoneClusterImpl-7d1a95dd-ad38-4e88-9004-e3265cc39d2b/datanode-2/data/ratis/4e0b4129-1574-424d-a721-9f0ca0b2f075/sm/snapshot.1_0 took: 1 ms
2022-01-10 11:12:48,141 [af60d39b-22ca-4a7c-b55e-02ce95ae6b6a@group-9F0CA0B2F075-StateMachineUpdater] INFO  impl.StateMachineUpdater (StateMachineUpdater.java:takeSnapshot(281)) - af60d39b-22ca-4a7c-b55e-02ce95ae6b6a@group-9F0CA0B2F075-StateMachineUpdater: Took a snapshot at index 0
2022-01-10 11:12:48,141 [af60d39b-22ca-4a7c-b55e-02ce95ae6b6a@group-9F0CA0B2F075-StateMachineUpdater] INFO  impl.StateMachineUpdater (StateMachineUpdater.java:lambda$new$0(89)) - af60d39b-22ca-4a7c-b55e-02ce95ae6b6a@group-9F0CA0B2F075-StateMachineUpdater: snapshotIndex: updateIncreasingly -1 -> 0
2022-01-10 11:12:48,146 [Listener at 127.0.0.1/12236] INFO  impl.StateMachineUpdater (StateMachineUpdater.java:stopAndJoin(149)) - af60d39b-22ca-4a7c-b55e-02ce95ae6b6a@group-9F0CA0B2F075-StateMachineUpdater: set stopIndex = 0
2022-01-10 11:12:48,147 [Listener at 127.0.0.1/12236] INFO  server.RaftServer$Division (ServerState.java:close(419)) - af60d39b-22ca-4a7c-b55e-02ce95ae6b6a@group-9F0CA0B2F075: closes. applyIndex: 0
2022-01-10 11:12:48,147 [af60d39b-22ca-4a7c-b55e-02ce95ae6b6a@group-9F0CA0B2F075-SegmentedRaftLogWorker] INFO  segmented.SegmentedRaftLogWorker (SegmentedRaftLogWorker.java:run(327)) - af60d39b-22ca-4a7c-b55e-02ce95ae6b6a@group-9F0CA0B2F075-SegmentedRaftLogWorker was interrupted, exiting. There are 0 tasks remaining in the queue.
2022-01-10 11:12:48,148 [Listener at 127.0.0.1/12236] INFO  segmented.SegmentedRaftLogWorker (SegmentedRaftLogWorker.java:close(237)) - af60d39b-22ca-4a7c-b55e-02ce95ae6b6a@group-9F0CA0B2F075-SegmentedRaftLogWorker close()
2022-01-10 11:12:48,157 [Listener at 127.0.0.1/12236] INFO  server.RaftServer$Division (RaftServerImpl.java:lambda$close$4(412)) - af60d39b-22ca-4a7c-b55e-02ce95ae6b6a@group-DACAAE954CB7: shutdown
2022-01-10 11:12:48,161 [Listener at 127.0.0.1/12236] INFO  util.JmxRegister (JmxRegister.java:unregister(73)) - Successfully un-registered JMX Bean with object name Ratis:service=RaftServer,group=group-DACAAE954CB7,id=af60d39b-22ca-4a7c-b55e-02ce95ae6b6a
2022-01-10 11:12:48,161 [Listener at 127.0.0.1/12236] INFO  impl.RoleInfo (RoleInfo.java:shutdownFollowerState(108)) - af60d39b-22ca-4a7c-b55e-02ce95ae6b6a: shutdown af60d39b-22ca-4a7c-b55e-02ce95ae6b6a@group-DACAAE954CB7-FollowerState
2022-01-10 11:12:48,161 [af60d39b-22ca-4a7c-b55e-02ce95ae6b6a@group-DACAAE954CB7-FollowerState] INFO  impl.FollowerState (FollowerState.java:run(143)) - af60d39b-22ca-4a7c-b55e-02ce95ae6b6a@group-DACAAE954CB7-FollowerState was interrupted: {}
java.lang.InterruptedException: sleep interrupted
	at java.lang.Thread.sleep(Native Method)
	at java.lang.Thread.sleep(Thread.java:340)
	at java.util.concurrent.TimeUnit.sleep(TimeUnit.java:386)
	at org.apache.ratis.util.TimeDuration.sleep(TimeDuration.java:324)
	at org.apache.ratis.util.TimeDuration.sleep(TimeDuration.java:309)
	at org.apache.ratis.server.impl.FollowerState.run(FollowerState.java:118)
2022-01-10 11:12:48,161 [af60d39b-22ca-4a7c-b55e-02ce95ae6b6a@group-DACAAE954CB7-StateMachineUpdater] INFO  ratis.ContainerStateMachine (ContainerStateMachine.java:takeSnapshot(299)) - group-DACAAE954CB7: Taking a snapshot at:(t:1, i:0) file /home/runner/work/ozone/ozone/hadoop-ozone/integration-test/target/test-dir/MiniOzoneClusterImpl-7d1a95dd-ad38-4e88-9004-e3265cc39d2b/datanode-2/data/ratis/ad51f04a-b15c-4d48-ae53-dacaae954cb7/sm/snapshot.1_0
2022-01-10 11:12:48,181 [Listener at 127.0.0.1/12236] INFO  impl.StateMachineUpdater (StateMachineUpdater.java:stopAndJoin(149)) - af60d39b-22ca-4a7c-b55e-02ce95ae6b6a@group-DACAAE954CB7-StateMachineUpdater: set stopIndex = 0
2022-01-10 11:12:48,181 [af60d39b-22ca-4a7c-b55e-02ce95ae6b6a@group-DACAAE954CB7-StateMachineUpdater] INFO  ratis.ContainerStateMachine (ContainerStateMachine.java:takeSnapshot(310)) - group-DACAAE954CB7: Finished taking a snapshot at:(t:1, i:0) file:/home/runner/work/ozone/ozone/hadoop-ozone/integration-test/target/test-dir/MiniOzoneClusterImpl-7d1a95dd-ad38-4e88-9004-e3265cc39d2b/datanode-2/data/ratis/ad51f04a-b15c-4d48-ae53-dacaae954cb7/sm/snapshot.1_0 took: 19 ms
2022-01-10 11:12:48,181 [af60d39b-22ca-4a7c-b55e-02ce95ae6b6a@group-DACAAE954CB7-StateMachineUpdater] INFO  impl.StateMachineUpdater (StateMachineUpdater.java:takeSnapshot(281)) - af60d39b-22ca-4a7c-b55e-02ce95ae6b6a@group-DACAAE954CB7-StateMachineUpdater: Took a snapshot at index 0
2022-01-10 11:12:48,181 [af60d39b-22ca-4a7c-b55e-02ce95ae6b6a@group-DACAAE954CB7-StateMachineUpdater] INFO  impl.StateMachineUpdater (StateMachineUpdater.java:lambda$new$0(89)) - af60d39b-22ca-4a7c-b55e-02ce95ae6b6a@group-DACAAE954CB7-StateMachineUpdater: snapshotIndex: updateIncreasingly -1 -> 0
2022-01-10 11:12:48,183 [Listener at 127.0.0.1/12236] INFO  server.RaftServer$Division (ServerState.java:close(419)) - af60d39b-22ca-4a7c-b55e-02ce95ae6b6a@group-DACAAE954CB7: closes. applyIndex: 0
2022-01-10 11:12:48,183 [af60d39b-22ca-4a7c-b55e-02ce95ae6b6a@group-DACAAE954CB7-SegmentedRaftLogWorker] INFO  segmented.SegmentedRaftLogWorker (SegmentedRaftLogWorker.java:run(327)) - af60d39b-22ca-4a7c-b55e-02ce95ae6b6a@group-DACAAE954CB7-SegmentedRaftLogWorker was interrupted, exiting. There are 0 tasks remaining in the queue.
2022-01-10 11:12:48,183 [Listener at 127.0.0.1/12236] INFO  segmented.SegmentedRaftLogWorker (SegmentedRaftLogWorker.java:close(237)) - af60d39b-22ca-4a7c-b55e-02ce95ae6b6a@group-DACAAE954CB7-SegmentedRaftLogWorker close()
2022-01-10 11:12:48,189 [Listener at 127.0.0.1/12236] INFO  server.GrpcService (GrpcService.java:closeImpl(262)) - af60d39b-22ca-4a7c-b55e-02ce95ae6b6a: shutdown server with port 36573 now
2022-01-10 11:12:48,213 [Listener at 127.0.0.1/12236] INFO  server.GrpcService (GrpcService.java:closeImpl(271)) - af60d39b-22ca-4a7c-b55e-02ce95ae6b6a: shutdown server with port 36573 successfully
2022-01-10 11:12:48,213 [org.apache.ratis.util.JvmPauseMonitor$$Lambda$500/2122256138@6feead70] INFO  util.JvmPauseMonitor (JvmPauseMonitor.java:run(109)) - JvmPauseMonitor-af60d39b-22ca-4a7c-b55e-02ce95ae6b6a: Stopped
2022-01-10 11:12:48,271 [EndpointStateMachine task thread for /127.0.0.1:13573 - 0 ] INFO  ipc.Client (Client.java:handleConnectionFailure(977)) - Retrying connect to server: localhost/127.0.0.1:13573. Already tried 13 time(s); retry policy is RetryUpToMaximumCountWithFixedSleep(maxRetries=15, sleepTime=1000 MILLISECONDS)
2022-01-10 11:12:48,456 [EndpointStateMachine task thread for /127.0.0.1:13563 - 0 ] INFO  ipc.Client (Client.java:handleConnectionFailure(977)) - Retrying connect to server: localhost/127.0.0.1:13563. Already tried 2 time(s); retry policy is RetryUpToMaximumCountWithFixedSleep(maxRetries=15, sleepTime=1000 MILLISECONDS)
2022-01-10 11:12:48,457 [EndpointStateMachine task thread for /127.0.0.1:14063 - 0 ] INFO  ipc.Client (Client.java:handleConnectionFailure(977)) - Retrying connect to server: localhost/127.0.0.1:14063. Already tried 13 time(s); retry policy is RetryUpToMaximumCountWithFixedSleep(maxRetries=15, sleepTime=1000 MILLISECONDS)
2022-01-10 11:12:48,463 [EndpointStateMachine task thread for /127.0.0.1:14073 - 0 ] INFO  ipc.Client (Client.java:handleConnectionFailure(977)) - Retrying connect to server: localhost/127.0.0.1:14073. Already tried 1 time(s); retry policy is RetryUpToMaximumCountWithFixedSleep(maxRetries=15, sleepTime=1000 MILLISECONDS)
2022-01-10 11:12:48,568 [EndpointStateMachine task thread for /127.0.0.1:14053 - 0 ] INFO  ipc.Client (Client.java:handleConnectionFailure(977)) - Retrying connect to server: localhost/127.0.0.1:14053. Already tried 1 time(s); retry policy is RetryUpToMaximumCountWithFixedSleep(maxRetries=15, sleepTime=1000 MILLISECONDS)
2022-01-10 11:12:48,817 [EndpointStateMachine task thread for /127.0.0.1:13553 - 0 ] INFO  ipc.Client (Client.java:handleConnectionFailure(977)) - Retrying connect to server: localhost/127.0.0.1:13553. Already tried 2 time(s); retry policy is RetryUpToMaximumCountWithFixedSleep(maxRetries=15, sleepTime=1000 MILLISECONDS)
2022-01-10 11:12:49,272 [EndpointStateMachine task thread for /127.0.0.1:13573 - 0 ] INFO  ipc.Client (Client.java:handleConnectionFailure(977)) - Retrying connect to server: localhost/127.0.0.1:13573. Already tried 14 time(s); retry policy is RetryUpToMaximumCountWithFixedSleep(maxRetries=15, sleepTime=1000 MILLISECONDS)
2022-01-10 11:12:49,457 [EndpointStateMachine task thread for /127.0.0.1:13563 - 0 ] INFO  ipc.Client (Client.java:handleConnectionFailure(977)) - Retrying connect to server: localhost/127.0.0.1:13563. Already tried 3 time(s); retry policy is RetryUpToMaximumCountWithFixedSleep(maxRetries=15, sleepTime=1000 MILLISECONDS)
2022-01-10 11:12:49,457 [EndpointStateMachine task thread for /127.0.0.1:14063 - 0 ] INFO  ipc.Client (Client.java:handleConnectionFailure(977)) - Retrying connect to server: localhost/127.0.0.1:14063. Already tried 14 time(s); retry policy is RetryUpToMaximumCountWithFixedSleep(maxRetries=15, sleepTime=1000 MILLISECONDS)
2022-01-10 11:12:49,463 [EndpointStateMachine task thread for /127.0.0.1:14073 - 0 ] INFO  ipc.Client (Client.java:handleConnectionFailure(977)) - Retrying connect to server: localhost/127.0.0.1:14073. Already tried 2 time(s); retry policy is RetryUpToMaximumCountWithFixedSleep(maxRetries=15, sleepTime=1000 MILLISECONDS)
2022-01-10 11:12:49,569 [EndpointStateMachine task thread for /127.0.0.1:14053 - 0 ] INFO  ipc.Client (Client.java:handleConnectionFailure(977)) - Retrying connect to server: localhost/127.0.0.1:14053. Already tried 2 time(s); retry policy is RetryUpToMaximumCountWithFixedSleep(maxRetries=15, sleepTime=1000 MILLISECONDS)
2022-01-10 11:12:49,818 [EndpointStateMachine task thread for /127.0.0.1:13553 - 0 ] INFO  ipc.Client (Client.java:handleConnectionFailure(977)) - Retrying connect to server: localhost/127.0.0.1:13553. Already tried 3 time(s); retry policy is RetryUpToMaximumCountWithFixedSleep(maxRetries=15, sleepTime=1000 MILLISECONDS)
2022-01-10 11:12:50,245 [Listener at 127.0.0.1/12236] INFO  utils.BackgroundService (BackgroundService.java:shutdown(132)) - Shutting down service BlockDeletingService
2022-01-10 11:12:50,275 [EndpointStateMachine task thread for /127.0.0.1:13573 - 0 ] INFO  ipc.Client (Client.java:handleConnectionFailure(977)) - Retrying connect to server: localhost/127.0.0.1:13573. Already tried 0 time(s); retry policy is RetryUpToMaximumCountWithFixedSleep(maxRetries=15, sleepTime=1000 MILLISECONDS)
2022-01-10 11:12:50,458 [EndpointStateMachine task thread for /127.0.0.1:13563 - 0 ] INFO  ipc.Client (Client.java:handleConnectionFailure(977)) - Retrying connect to server: localhost/127.0.0.1:13563. Already tried 4 time(s); retry policy is RetryUpToMaximumCountWithFixedSleep(maxRetries=15, sleepTime=1000 MILLISECONDS)
2022-01-10 11:12:50,458 [EndpointStateMachine task thread for /127.0.0.1:14063 - 0 ] INFO  ipc.Client (Client.java:handleConnectionFailure(977)) - Retrying connect to server: localhost/127.0.0.1:14063. Already tried 0 time(s); retry policy is RetryUpToMaximumCountWithFixedSleep(maxRetries=15, sleepTime=1000 MILLISECONDS)
2022-01-10 11:12:50,463 [EndpointStateMachine task thread for /127.0.0.1:14073 - 0 ] INFO  ipc.Client (Client.java:handleConnectionFailure(977)) - Retrying connect to server: localhost/127.0.0.1:14073. Already tried 3 time(s); retry policy is RetryUpToMaximumCountWithFixedSleep(maxRetries=15, sleepTime=1000 MILLISECONDS)
2022-01-10 11:12:50,569 [EndpointStateMachine task thread for /127.0.0.1:14053 - 0 ] INFO  ipc.Client (Client.java:handleConnectionFailure(977)) - Retrying connect to server: localhost/127.0.0.1:14053. Already tried 3 time(s); retry policy is RetryUpToMaximumCountWithFixedSleep(maxRetries=15, sleepTime=1000 MILLISECONDS)
2022-01-10 11:12:50,818 [EndpointStateMachine task thread for /127.0.0.1:13553 - 0 ] INFO  ipc.Client (Client.java:handleConnectionFailure(977)) - Retrying connect to server: localhost/127.0.0.1:13553. Already tried 4 time(s); retry policy is RetryUpToMaximumCountWithFixedSleep(maxRetries=15, sleepTime=1000 MILLISECONDS)
2022-01-10 11:12:51,275 [EndpointStateMachine task thread for /127.0.0.1:13573 - 0 ] INFO  ipc.Client (Client.java:handleConnectionFailure(977)) - Retrying connect to server: localhost/127.0.0.1:13573. Already tried 1 time(s); retry policy is RetryUpToMaximumCountWithFixedSleep(maxRetries=15, sleepTime=1000 MILLISECONDS)
2022-01-10 11:12:51,458 [EndpointStateMachine task thread for /127.0.0.1:13563 - 0 ] INFO  ipc.Client (Client.java:handleConnectionFailure(977)) - Retrying connect to server: localhost/127.0.0.1:13563. Already tried 5 time(s); retry policy is RetryUpToMaximumCountWithFixedSleep(maxRetries=15, sleepTime=1000 MILLISECONDS)
2022-01-10 11:12:51,459 [EndpointStateMachine task thread for /127.0.0.1:14063 - 0 ] INFO  ipc.Client (Client.java:handleConnectionFailure(977)) - Retrying connect to server: localhost/127.0.0.1:14063. Already tried 1 time(s); retry policy is RetryUpToMaximumCountWithFixedSleep(maxRetries=15, sleepTime=1000 MILLISECONDS)
2022-01-10 11:12:51,464 [EndpointStateMachine task thread for /127.0.0.1:14073 - 0 ] INFO  ipc.Client (Client.java:handleConnectionFailure(977)) - Retrying connect to server: localhost/127.0.0.1:14073. Already tried 4 time(s); retry policy is RetryUpToMaximumCountWithFixedSleep(maxRetries=15, sleepTime=1000 MILLISECONDS)
2022-01-10 11:12:51,581 [EndpointStateMachine task thread for /127.0.0.1:14053 - 0 ] INFO  ipc.Client (Client.java:handleConnectionFailure(977)) - Retrying connect to server: localhost/127.0.0.1:14053. Already tried 4 time(s); retry policy is RetryUpToMaximumCountWithFixedSleep(maxRetries=15, sleepTime=1000 MILLISECONDS)
2022-01-10 11:12:51,819 [EndpointStateMachine task thread for /127.0.0.1:13553 - 0 ] INFO  ipc.Client (Client.java:handleConnectionFailure(977)) - Retrying connect to server: localhost/127.0.0.1:13553. Already tried 5 time(s); retry policy is RetryUpToMaximumCountWithFixedSleep(maxRetries=15, sleepTime=1000 MILLISECONDS)
2022-01-10 11:12:52,276 [EndpointStateMachine task thread for /127.0.0.1:13573 - 0 ] INFO  ipc.Client (Client.java:handleConnectionFailure(977)) - Retrying connect to server: localhost/127.0.0.1:13573. Already tried 2 time(s); retry policy is RetryUpToMaximumCountWithFixedSleep(maxRetries=15, sleepTime=1000 MILLISECONDS)
2022-01-10 11:12:52,459 [EndpointStateMachine task thread for /127.0.0.1:13563 - 0 ] INFO  ipc.Client (Client.java:handleConnectionFailure(977)) - Retrying connect to server: localhost/127.0.0.1:13563. Already tried 6 time(s); retry policy is RetryUpToMaximumCountWithFixedSleep(maxRetries=15, sleepTime=1000 MILLISECONDS)
2022-01-10 11:12:52,459 [EndpointStateMachine task thread for /127.0.0.1:14063 - 0 ] INFO  ipc.Client (Client.java:handleConnectionFailure(977)) - Retrying connect to server: localhost/127.0.0.1:14063. Already tried 2 time(s); retry policy is RetryUpToMaximumCountWithFixedSleep(maxRetries=15, sleepTime=1000 MILLISECONDS)
2022-01-10 11:12:52,464 [EndpointStateMachine task thread for /127.0.0.1:14073 - 0 ] INFO  ipc.Client (Client.java:handleConnectionFailure(977)) - Retrying connect to server: localhost/127.0.0.1:14073. Already tried 5 time(s); retry policy is RetryUpToMaximumCountWithFixedSleep(maxRetries=15, sleepTime=1000 MILLISECONDS)
2022-01-10 11:12:52,582 [EndpointStateMachine task thread for /127.0.0.1:14053 - 0 ] INFO  ipc.Client (Client.java:handleConnectionFailure(977)) - Retrying connect to server: localhost/127.0.0.1:14053. Already tried 5 time(s); retry policy is RetryUpToMaximumCountWithFixedSleep(maxRetries=15, sleepTime=1000 MILLISECONDS)
2022-01-10 11:12:52,819 [EndpointStateMachine task thread for /127.0.0.1:13553 - 0 ] INFO  ipc.Client (Client.java:handleConnectionFailure(977)) - Retrying connect to server: localhost/127.0.0.1:13553. Already tried 6 time(s); retry policy is RetryUpToMaximumCountWithFixedSleep(maxRetries=15, sleepTime=1000 MILLISECONDS)
2022-01-10 11:12:53,255 [Listener at 127.0.0.1/12236] INFO  statemachine.DatanodeStateMachine (DatanodeStateMachine.java:stopDaemon(526)) - Ozone container server stopped.
2022-01-10 11:12:53,256 [Listener at 127.0.0.1/12236] INFO  handler.ContextHandler (ContextHandler.java:doStop(1153)) - Stopped o.e.j.w.WebAppContext@27af34df{hddsDatanode,/,null,STOPPED}{jar:file:/home/runner/.m2/repository/org/apache/ozone/hdds-container-service/1.3.0-SNAPSHOT/hdds-container-service-1.3.0-SNAPSHOT.jar!/webapps/hddsDatanode}
2022-01-10 11:12:53,257 [Listener at 127.0.0.1/12236] INFO  server.AbstractConnector (AbstractConnector.java:doStop(381)) - Stopped ServerConnector@67e38ad7{HTTP/1.1, (http/1.1)}{0.0.0.0:0}
2022-01-10 11:12:53,258 [Listener at 127.0.0.1/12236] INFO  server.session (HouseKeeper.java:stopScavenging(149)) - node0 Stopped scavenging
2022-01-10 11:12:53,258 [Listener at 127.0.0.1/12236] INFO  handler.ContextHandler (ContextHandler.java:doStop(1153)) - Stopped o.e.j.s.ServletContextHandler@39a7bdd9{static,/static,jar:file:/home/runner/.m2/repository/org/apache/ozone/hdds-container-service/1.3.0-SNAPSHOT/hdds-container-service-1.3.0-SNAPSHOT.jar!/webapps/static,STOPPED}
2022-01-10 11:12:53,258 [Listener at 127.0.0.1/12236] INFO  handler.ContextHandler (ContextHandler.java:doStop(1153)) - Stopped o.e.j.s.ServletContextHandler@3bbb450b{logs,/logs,file:///home/runner/work/ozone/ozone/hadoop-ozone/integration-test/target/log,STOPPED}
2022-01-10 11:12:53,276 [EndpointStateMachine task thread for /127.0.0.1:13573 - 0 ] INFO  ipc.Client (Client.java:handleConnectionFailure(977)) - Retrying connect to server: localhost/127.0.0.1:13573. Already tried 3 time(s); retry policy is RetryUpToMaximumCountWithFixedSleep(maxRetries=15, sleepTime=1000 MILLISECONDS)
]]></system-out>
  </testcase>
  <testcase name="testInstallCorruptedCheckpointFailure" classname="org.apache.hadoop.ozone.scm.TestSCMInstallSnapshotWithHA" time="60.172"/>
</testsuite>