<?xml version="1.0" encoding="UTF-8"?>
<testsuite xmlns:xsi="http://www.w3.org/2001/XMLSchema-instance" xsi:noNamespaceSchemaLocation="https://maven.apache.org/surefire/maven-surefire-plugin/xsd/surefire-test-report-3.0.xsd" version="3.0" name="org.apache.hadoop.ozone.om.TestObjectStoreWithLegacyFS" time="28.726" tests="2" errors="0" skipped="0" failures="1">
  <properties>
    <property name="awt.toolkit" value="sun.awt.X11.XToolkit"/>
    <property name="file.encoding.pkg" value="sun.io"/>
    <property name="java.specification.version" value="1.8"/>
    <property name="sun.cpu.isalist" value=""/>
    <property name="sun.jnu.encoding" value="UTF-8"/>
    <property name="java.class.path" value="/home/runner/work/ozone/ozone/hadoop-ozone/integration-test/target/test-classes:/home/runner/work/ozone/ozone/hadoop-ozone/integration-test/target/classes:/home/runner/.m2/repository/org/apache/ozone/ozone-common/1.3.0-SNAPSHOT/ozone-common-1.3.0-SNAPSHOT.jar:/home/runner/.m2/repository/io/grpc/grpc-netty/1.48.1/grpc-netty-1.48.1.jar:/home/runner/.m2/repository/io/grpc/grpc-core/1.48.1/grpc-core-1.48.1.jar:/home/runner/.m2/repository/com/google/android/annotations/4.1.1.4/annotations-4.1.1.4.jar:/home/runner/.m2/repository/org/codehaus/mojo/animal-sniffer-annotations/1.21/animal-sniffer-annotations-1.21.jar:/home/runner/.m2/repository/com/google/errorprone/error_prone_annotations/2.2.0/error_prone_annotations-2.2.0.jar:/home/runner/.m2/repository/io/perfmark/perfmark-api/0.25.0/perfmark-api-0.25.0.jar:/home/runner/.m2/repository/io/netty/netty-codec-http2/4.1.79.Final/netty-codec-http2-4.1.79.Final.jar:/home/runner/.m2/repository/io/netty/netty-common/4.1.79.Final/netty-common-4.1.79.Final.jar:/home/runner/.m2/repository/io/netty/netty-buffer/4.1.79.Final/netty-buffer-4.1.79.Final.jar:/home/runner/.m2/repository/io/netty/netty-codec-http/4.1.79.Final/netty-codec-http-4.1.79.Final.jar:/home/runner/.m2/repository/io/netty/netty-handler-proxy/4.1.79.Final/netty-handler-proxy-4.1.79.Final.jar:/home/runner/.m2/repository/io/netty/netty-codec-socks/4.1.79.Final/netty-codec-socks-4.1.79.Final.jar:/home/runner/.m2/repository/io/netty/netty-tcnative-boringssl-static/2.0.53.Final/netty-tcnative-boringssl-static-2.0.53.Final.jar:/home/runner/.m2/repository/io/netty/netty-tcnative-classes/2.0.53.Final/netty-tcnative-classes-2.0.53.Final.jar:/home/runner/.m2/repository/io/netty/netty-tcnative-boringssl-static/2.0.53.Final/netty-tcnative-boringssl-static-2.0.53.Final-linux-x86_64.jar:/home/runner/.m2/repository/io/netty/netty-tcnative-boringssl-static/2.0.53.Final/netty-tcnative-boringssl-static-2.0.53.Final-linux-aarch_64.jar:/home/runner/.m2/repository/io/netty/netty-tcnative-boringssl-static/2.0.53.Final/netty-tcnative-boringssl-static-2.0.53.Final-osx-x86_64.jar:/home/runner/.m2/repository/io/netty/netty-tcnative-boringssl-static/2.0.53.Final/netty-tcnative-boringssl-static-2.0.53.Final-osx-aarch_64.jar:/home/runner/.m2/repository/io/netty/netty-tcnative-boringssl-static/2.0.53.Final/netty-tcnative-boringssl-static-2.0.53.Final-windows-x86_64.jar:/home/runner/.m2/repository/org/apache/commons/commons-compress/1.21/commons-compress-1.21.jar:/home/runner/.m2/repository/org/apache/ozone/hdds-common/1.3.0-SNAPSHOT/hdds-common-1.3.0-SNAPSHOT.jar:/home/runner/.m2/repository/org/apache/ozone/hdds-client/1.3.0-SNAPSHOT/hdds-client-1.3.0-SNAPSHOT.jar:/home/runner/.m2/repository/org/apache/ozone/ozone-interface-client/1.3.0-SNAPSHOT/ozone-interface-client-1.3.0-SNAPSHOT.jar:/home/runner/.m2/repository/org/apache/ozone/hdds-test-utils/1.3.0-SNAPSHOT/hdds-test-utils-1.3.0-SNAPSHOT.jar:/home/runner/.m2/repository/com/google/guava/guava/31.1-jre/guava-31.1-jre.jar:/home/runner/.m2/repository/com/google/guava/failureaccess/1.0.1/failureaccess-1.0.1.jar:/home/runner/.m2/repository/com/google/guava/listenablefuture/9999.0-empty-to-avoid-conflict-with-guava/listenablefuture-9999.0-empty-to-avoid-conflict-with-guava.jar:/home/runner/.m2/repository/com/google/code/findbugs/jsr305/3.0.0/jsr305-3.0.0.jar:/home/runner/.m2/repository/org/checkerframework/checker-qual/3.12.0/checker-qual-3.12.0.jar:/home/runner/.m2/repository/com/google/j2objc/j2objc-annotations/1.3/j2objc-annotations-1.3.jar:/home/runner/.m2/repository/commons-io/commons-io/2.11.0/commons-io-2.11.0.jar:/home/runner/.m2/repository/commons-logging/commons-logging/1.2/commons-logging-1.2.jar:/home/runner/.m2/repository/ch/qos/reload4j/reload4j/1.2.22/reload4j-1.2.22.jar:/home/runner/.m2/repository/org/slf4j/slf4j-api/1.7.36/slf4j-api-1.7.36.jar:/home/runner/.m2/repository/org/apache/ozone/hdds-server-scm/1.3.0-SNAPSHOT/hdds-server-scm-1.3.0-SNAPSHOT.jar:/home/runner/.m2/repository/org/apache/ozone/hdds-container-service/1.3.0-SNAPSHOT/hdds-container-service-1.3.0-SNAPSHOT.jar:/home/runner/.m2/repository/org/apache/ozone/hdds-hadoop-dependency-server/1.3.0-SNAPSHOT/hdds-hadoop-dependency-server-1.3.0-SNAPSHOT.jar:/home/runner/.m2/repository/org/apache/hadoop/hadoop-hdfs/3.3.4/hadoop-hdfs-3.3.4.jar:/home/runner/.m2/repository/org/eclipse/jetty/jetty-util-ajax/9.4.49.v20220914/jetty-util-ajax-9.4.49.v20220914.jar:/home/runner/.m2/repository/commons-daemon/commons-daemon/1.0.13/commons-daemon-1.0.13.jar:/home/runner/.m2/repository/org/apache/ozone/hdds-server-framework/1.3.0-SNAPSHOT/hdds-server-framework-1.3.0-SNAPSHOT.jar:/home/runner/.m2/repository/org/apache/ozone/hdds-interface-server/1.3.0-SNAPSHOT/hdds-interface-server-1.3.0-SNAPSHOT.jar:/home/runner/.m2/repository/org/apache/commons/commons-configuration2/2.1.1/commons-configuration2-2.1.1.jar:/home/runner/.m2/repository/org/apache/logging/log4j/log4j-core/2.17.1/log4j-core-2.17.1.jar:/home/runner/.m2/repository/com/lmax/disruptor/3.4.2/disruptor-3.4.2.jar:/home/runner/.m2/repository/org/eclipse/jetty/jetty-servlet/9.4.49.v20220914/jetty-servlet-9.4.49.v20220914.jar:/home/runner/.m2/repository/org/eclipse/jetty/jetty-security/9.4.49.v20220914/jetty-security-9.4.49.v20220914.jar:/home/runner/.m2/repository/org/rocksdb/rocksdbjni/7.7.3/rocksdbjni-7.7.3.jar:/home/runner/.m2/repository/io/prometheus/simpleclient_dropwizard/0.7.0/simpleclient_dropwizard-0.7.0.jar:/home/runner/.m2/repository/io/prometheus/simpleclient/0.7.0/simpleclient-0.7.0.jar:/home/runner/.m2/repository/io/prometheus/simpleclient_common/0.7.0/simpleclient_common-0.7.0.jar:/home/runner/.m2/repository/com/github/spotbugs/spotbugs-annotations/3.1.12/spotbugs-annotations-3.1.12.jar:/home/runner/.m2/repository/io/dropwizard/metrics/metrics-core/3.2.4/metrics-core-3.2.4.jar:/home/runner/.m2/repository/org/apache/commons/commons-text/1.4/commons-text-1.4.jar:/home/runner/.m2/repository/org/apache/hadoop/hadoop-hdfs-client/3.3.4/hadoop-hdfs-client-3.3.4.jar:/home/runner/.m2/repository/com/squareup/okhttp3/okhttp/4.9.3/okhttp-4.9.3.jar:/home/runner/.m2/repository/com/squareup/okio/okio/2.8.0/okio-2.8.0.jar:/home/runner/.m2/repository/org/jetbrains/kotlin/kotlin-stdlib-common/1.4.10/kotlin-stdlib-common-1.4.10.jar:/home/runner/.m2/repository/org/bouncycastle/bcprov-jdk15on/1.67/bcprov-jdk15on-1.67.jar:/home/runner/.m2/repository/com/google/protobuf/protobuf-java/2.5.0/protobuf-java-2.5.0.jar:/home/runner/.m2/repository/org/apache/ozone/ozone-manager/1.3.0-SNAPSHOT/ozone-manager-1.3.0-SNAPSHOT.jar:/home/runner/.m2/repository/org/aspectj/aspectjrt/1.9.7/aspectjrt-1.9.7.jar:/home/runner/.m2/repository/org/aspectj/aspectjweaver/1.9.7/aspectjweaver-1.9.7.jar:/home/runner/.m2/repository/org/apache/ozone/hdds-interface-client/1.3.0-SNAPSHOT/hdds-interface-client-1.3.0-SNAPSHOT.jar:/home/runner/.m2/repository/org/apache/hadoop/thirdparty/hadoop-shaded-protobuf_3_7/1.1.1/hadoop-shaded-protobuf_3_7-1.1.1.jar:/home/runner/.m2/repository/org/apache/ozone/ozone-interface-storage/1.3.0-SNAPSHOT/ozone-interface-storage-1.3.0-SNAPSHOT.jar:/home/runner/.m2/repository/org/reflections/reflections/0.9.11/reflections-0.9.11.jar:/home/runner/.m2/repository/com/sun/jersey/jersey-client/1.19/jersey-client-1.19.jar:/home/runner/.m2/repository/org/apache/ranger/ranger-intg/2.3.0/ranger-intg-2.3.0.jar:/home/runner/.m2/repository/org/apache/ranger/ranger-plugins-common/2.3.0/ranger-plugins-common-2.3.0.jar:/home/runner/.m2/repository/commons-lang/commons-lang/2.6/commons-lang-2.6.jar:/home/runner/.m2/repository/org/codehaus/jackson/jackson-jaxrs/1.9.13/jackson-jaxrs-1.9.13.jar:/home/runner/.m2/repository/org/apache/ranger/ranger-plugins-cred/2.3.0/ranger-plugins-cred-2.3.0.jar:/home/runner/.m2/repository/org/apache/ranger/ranger-plugins-audit/2.3.0/ranger-plugins-audit-2.3.0.jar:/home/runner/.m2/repository/org/eclipse/jetty/jetty-client/9.4.31.v20200723/jetty-client-9.4.31.v20200723.jar:/home/runner/.m2/repository/org/apache/httpcomponents/httpmime/4.5.6/httpmime-4.5.6.jar:/home/runner/.m2/repository/org/apache/httpcomponents/httpcore-nio/4.4.6/httpcore-nio-4.4.6.jar:/home/runner/.m2/repository/org/apache/httpcomponents/httpasyncclient/4.1.3/httpasyncclient-4.1.3.jar:/home/runner/.m2/repository/com/carrotsearch/hppc/0.8.0/hppc-0.8.0.jar:/home/runner/.m2/repository/org/apache/orc/orc-core/1.5.8/orc-core-1.5.8.jar:/home/runner/.m2/repository/net/java/dev/jna/jna/5.2.0/jna-5.2.0.jar:/home/runner/.m2/repository/net/java/dev/jna/jna-platform/5.2.0/jna-platform-5.2.0.jar:/home/runner/.m2/repository/com/kstruct/gethostname4j/0.0.2/gethostname4j-0.0.2.jar:/home/runner/.m2/repository/org/apache/ranger/ranger-plugin-classloader/2.3.0/ranger-plugin-classloader-2.3.0.jar:/home/runner/.m2/repository/org/apache/hadoop/hadoop-minikdc/3.3.4/hadoop-minikdc-3.3.4.jar:/home/runner/.m2/repository/org/apache/kerby/kerb-simplekdc/1.0.1/kerb-simplekdc-1.0.1.jar:/home/runner/.m2/repository/org/apache/kerby/kerb-client/1.0.1/kerb-client-1.0.1.jar:/home/runner/.m2/repository/org/apache/kerby/kerby-config/1.0.1/kerby-config-1.0.1.jar:/home/runner/.m2/repository/org/apache/kerby/kerb-common/1.0.1/kerb-common-1.0.1.jar:/home/runner/.m2/repository/org/apache/kerby/kerb-crypto/1.0.1/kerb-crypto-1.0.1.jar:/home/runner/.m2/repository/org/apache/kerby/kerb-util/1.0.1/kerb-util-1.0.1.jar:/home/runner/.m2/repository/org/apache/kerby/token-provider/1.0.1/token-provider-1.0.1.jar:/home/runner/.m2/repository/org/apache/kerby/kerb-admin/1.0.1/kerb-admin-1.0.1.jar:/home/runner/.m2/repository/org/apache/kerby/kerb-server/1.0.1/kerb-server-1.0.1.jar:/home/runner/.m2/repository/org/apache/kerby/kerb-identity/1.0.1/kerb-identity-1.0.1.jar:/home/runner/.m2/repository/org/apache/kerby/kerby-xdr/1.0.1/kerby-xdr-1.0.1.jar:/home/runner/.m2/repository/org/apache/ozone/ozone-s3gateway/1.3.0-SNAPSHOT/ozone-s3gateway-1.3.0-SNAPSHOT.jar:/home/runner/.m2/repository/org/javassist/javassist/3.21.0-GA/javassist-3.21.0-GA.jar:/home/runner/.m2/repository/org/jboss/weld/servlet/weld-servlet/2.4.7.Final/weld-servlet-2.4.7.Final.jar:/home/runner/.m2/repository/org/glassfish/jersey/containers/jersey-container-servlet-core/2.34/jersey-container-servlet-core-2.34.jar:/home/runner/.m2/repository/org/glassfish/hk2/external/jakarta.inject/2.6.1/jakarta.inject-2.6.1.jar:/home/runner/.m2/repository/org/glassfish/jersey/core/jersey-common/2.34/jersey-common-2.34.jar:/home/runner/.m2/repository/jakarta/ws/rs/jakarta.ws.rs-api/2.1.6/jakarta.ws.rs-api-2.1.6.jar:/home/runner/.m2/repository/org/glassfish/jersey/ext/cdi/jersey-cdi1x/2.34/jersey-cdi1x-2.34.jar:/home/runner/.m2/repository/org/glassfish/jersey/inject/jersey-hk2/2.34/jersey-hk2-2.34.jar:/home/runner/.m2/repository/org/glassfish/hk2/hk2-locator/2.6.1/hk2-locator-2.6.1.jar:/home/runner/.m2/repository/org/glassfish/jersey/media/jersey-media-jaxb/2.34/jersey-media-jaxb-2.34.jar:/home/runner/.m2/repository/org/glassfish/hk2/osgi-resource-locator/1.0.3/osgi-resource-locator-1.0.3.jar:/home/runner/.m2/repository/org/glassfish/hk2/hk2-api/2.5.0/hk2-api-2.5.0.jar:/home/runner/.m2/repository/org/glassfish/hk2/hk2-utils/2.5.0/hk2-utils-2.5.0.jar:/home/runner/.m2/repository/org/glassfish/hk2/external/aopalliance-repackaged/2.5.0/aopalliance-repackaged-2.5.0.jar:/home/runner/.m2/repository/com/fasterxml/jackson/dataformat/jackson-dataformat-xml/2.13.4/jackson-dataformat-xml-2.13.4.jar:/home/runner/.m2/repository/com/fasterxml/jackson/core/jackson-core/2.13.4/jackson-core-2.13.4.jar:/home/runner/.m2/repository/org/codehaus/woodstox/stax2-api/4.2.1/stax2-api-4.2.1.jar:/home/runner/.m2/repository/com/fasterxml/woodstox/woodstox-core/5.4.0/woodstox-core-5.4.0.jar:/home/runner/.m2/repository/com/fasterxml/jackson/module/jackson-module-jaxb-annotations/2.13.4/jackson-module-jaxb-annotations-2.13.4.jar:/home/runner/.m2/repository/jakarta/xml/bind/jakarta.xml.bind-api/2.3.3/jakarta.xml.bind-api-2.3.3.jar:/home/runner/.m2/repository/jakarta/activation/jakarta.activation-api/1.2.1/jakarta.activation-api-1.2.1.jar:/home/runner/.m2/repository/javax/enterprise/cdi-api/1.2/cdi-api-1.2.jar:/home/runner/.m2/repository/javax/el/javax.el-api/3.0.0/javax.el-api-3.0.0.jar:/home/runner/.m2/repository/javax/interceptor/javax.interceptor-api/1.2/javax.interceptor-api-1.2.jar:/home/runner/.m2/repository/javax/inject/javax.inject/1/javax.inject-1.jar:/home/runner/.m2/repository/javax/xml/bind/jaxb-api/2.3.0/jaxb-api-2.3.0.jar:/home/runner/.m2/repository/org/glassfish/jaxb/jaxb-runtime/2.3.0.1/jaxb-runtime-2.3.0.1.jar:/home/runner/.m2/repository/org/glassfish/jaxb/jaxb-core/2.3.0.1/jaxb-core-2.3.0.1.jar:/home/runner/.m2/repository/org/glassfish/jaxb/txw2/2.3.0.1/txw2-2.3.0.1.jar:/home/runner/.m2/repository/com/sun/istack/istack-commons-runtime/3.0.5/istack-commons-runtime-3.0.5.jar:/home/runner/.m2/repository/org/jvnet/staxex/stax-ex/1.7.8/stax-ex-1.7.8.jar:/home/runner/.m2/repository/com/sun/xml/fastinfoset/FastInfoset/1.2.13/FastInfoset-1.2.13.jar:/home/runner/.m2/repository/javax/activation/activation/1.1.1/activation-1.1.1.jar:/home/runner/.m2/repository/io/grpc/grpc-protobuf/1.48.1/grpc-protobuf-1.48.1.jar:/home/runner/.m2/repository/io/grpc/grpc-api/1.48.1/grpc-api-1.48.1.jar:/home/runner/.m2/repository/io/grpc/grpc-context/1.48.1/grpc-context-1.48.1.jar:/home/runner/.m2/repository/com/google/api/grpc/proto-google-common-protos/2.9.0/proto-google-common-protos-2.9.0.jar:/home/runner/.m2/repository/io/grpc/grpc-protobuf-lite/1.48.1/grpc-protobuf-lite-1.48.1.jar:/home/runner/.m2/repository/io/grpc/grpc-stub/1.48.1/grpc-stub-1.48.1.jar:/home/runner/.m2/repository/io/netty/netty-transport/4.1.79.Final/netty-transport-4.1.79.Final.jar:/home/runner/.m2/repository/io/netty/netty-resolver/4.1.79.Final/netty-resolver-4.1.79.Final.jar:/home/runner/.m2/repository/org/apache/ozone/ozone-csi/1.3.0-SNAPSHOT/ozone-csi-1.3.0-SNAPSHOT.jar:/home/runner/.m2/repository/com/google/protobuf/protobuf-java-util/3.19.2/protobuf-java-util-3.19.2.jar:/home/runner/.m2/repository/com/google/code/gson/gson/2.9.0/gson-2.9.0.jar:/home/runner/.m2/repository/org/apache/ozone/hdds-config/1.3.0-SNAPSHOT/hdds-config-1.3.0-SNAPSHOT.jar:/home/runner/.m2/repository/io/netty/netty-transport-native-epoll/4.1.79.Final/netty-transport-native-epoll-4.1.79.Final-linux-x86_64.jar:/home/runner/.m2/repository/io/netty/netty-transport-classes-epoll/4.1.79.Final/netty-transport-classes-epoll-4.1.79.Final.jar:/home/runner/.m2/repository/io/netty/netty-transport-native-unix-common/4.1.79.Final/netty-transport-native-unix-common-4.1.79.Final.jar:/home/runner/.m2/repository/org/slf4j/slf4j-reload4j/1.7.36/slf4j-reload4j-1.7.36.jar:/home/runner/.m2/repository/org/apache/ozone/ozone-recon/1.3.0-SNAPSHOT/ozone-recon-1.3.0-SNAPSHOT.jar:/home/runner/.m2/repository/org/apache/ozone/ozone-reconcodegen/1.3.0-SNAPSHOT/ozone-reconcodegen-1.3.0-SNAPSHOT.jar:/home/runner/.m2/repository/com/google/inject/extensions/guice-multibindings/4.0/guice-multibindings-4.0.jar:/home/runner/.m2/repository/com/google/inject/guice/4.0/guice-4.0.jar:/home/runner/.m2/repository/aopalliance/aopalliance/1.0/aopalliance-1.0.jar:/home/runner/.m2/repository/com/google/inject/extensions/guice-assistedinject/4.0/guice-assistedinject-4.0.jar:/home/runner/.m2/repository/com/google/inject/extensions/guice-servlet/4.0/guice-servlet-4.0.jar:/home/runner/.m2/repository/org/glassfish/jersey/containers/jersey-container-servlet/2.34/jersey-container-servlet-2.34.jar:/home/runner/.m2/repository/org/glassfish/hk2/guice-bridge/2.5.0/guice-bridge-2.5.0.jar:/home/runner/.m2/repository/org/glassfish/jersey/core/jersey-server/2.34/jersey-server-2.34.jar:/home/runner/.m2/repository/org/glassfish/jersey/core/jersey-client/2.34/jersey-client-2.34.jar:/home/runner/.m2/repository/jakarta/annotation/jakarta.annotation-api/1.3.5/jakarta.annotation-api-1.3.5.jar:/home/runner/.m2/repository/jakarta/validation/jakarta.validation-api/2.0.2/jakarta.validation-api-2.0.2.jar:/home/runner/.m2/repository/org/glassfish/jersey/media/jersey-media-json-jackson/2.34/jersey-media-json-jackson-2.34.jar:/home/runner/.m2/repository/org/glassfish/jersey/ext/jersey-entity-filtering/2.34/jersey-entity-filtering-2.34.jar:/home/runner/.m2/repository/org/jooq/jooq/3.11.10/jooq-3.11.10.jar:/home/runner/.m2/repository/org/jooq/jooq-meta/3.11.10/jooq-meta-3.11.10.jar:/home/runner/.m2/repository/org/jooq/jooq-codegen/3.11.10/jooq-codegen-3.11.10.jar:/home/runner/.m2/repository/com/jolbox/bonecp/0.8.0.RELEASE/bonecp-0.8.0.RELEASE.jar:/home/runner/.m2/repository/org/apache/derby/derby/10.14.2.0/derby-10.14.2.0.jar:/home/runner/.m2/repository/org/xerial/sqlite-jdbc/3.25.2/sqlite-jdbc-3.25.2.jar:/home/runner/.m2/repository/org/springframework/spring-jdbc/5.3.23/spring-jdbc-5.3.23.jar:/home/runner/.m2/repository/org/springframework/spring-beans/5.3.23/spring-beans-5.3.23.jar:/home/runner/.m2/repository/org/springframework/spring-core/5.3.23/spring-core-5.3.23.jar:/home/runner/.m2/repository/org/springframework/spring-jcl/5.3.23/spring-jcl-5.3.23.jar:/home/runner/.m2/repository/org/springframework/spring-tx/5.3.23/spring-tx-5.3.23.jar:/home/runner/.m2/repository/org/apache/ozone/ozone-client/1.3.0-SNAPSHOT/ozone-client-1.3.0-SNAPSHOT.jar:/home/runner/.m2/repository/org/apache/ozone/hdds-erasurecode/1.3.0-SNAPSHOT/hdds-erasurecode-1.3.0-SNAPSHOT.jar:/home/runner/.m2/repository/org/apache/ozone/ozone-filesystem/1.3.0-SNAPSHOT/ozone-filesystem-1.3.0-SNAPSHOT.jar:/home/runner/.m2/repository/org/apache/ozone/ozone-filesystem-common/1.3.0-SNAPSHOT/ozone-filesystem-common-1.3.0-SNAPSHOT.jar:/home/runner/.m2/repository/org/apache/ozone/ozone-tools/1.3.0-SNAPSHOT/ozone-tools-1.3.0-SNAPSHOT.jar:/home/runner/.m2/repository/org/apache/ratis/ratis-tools/2.4.0/ratis-tools-2.4.0.jar:/home/runner/.m2/repository/com/amazonaws/aws-java-sdk-core/1.12.261/aws-java-sdk-core-1.12.261.jar:/home/runner/.m2/repository/org/apache/httpcomponents/httpclient/4.5.13/httpclient-4.5.13.jar:/home/runner/.m2/repository/org/apache/httpcomponents/httpcore/4.4.13/httpcore-4.4.13.jar:/home/runner/.m2/repository/software/amazon/ion/ion-java/1.0.2/ion-java-1.0.2.jar:/home/runner/.m2/repository/com/fasterxml/jackson/dataformat/jackson-dataformat-cbor/2.13.4/jackson-dataformat-cbor-2.13.4.jar:/home/runner/.m2/repository/joda-time/joda-time/2.8.1/joda-time-2.8.1.jar:/home/runner/.m2/repository/com/amazonaws/aws-java-sdk-s3/1.12.261/aws-java-sdk-s3-1.12.261.jar:/home/runner/.m2/repository/com/amazonaws/aws-java-sdk-kms/1.12.261/aws-java-sdk-kms-1.12.261.jar:/home/runner/.m2/repository/com/amazonaws/jmespath-java/1.12.261/jmespath-java-1.12.261.jar:/home/runner/.m2/repository/org/kohsuke/metainf-services/metainf-services/1.8/metainf-services-1.8.jar:/home/runner/.m2/repository/org/apache/ozone/hdds-tools/1.3.0-SNAPSHOT/hdds-tools-1.3.0-SNAPSHOT.jar:/home/runner/.m2/repository/commons-cli/commons-cli/1.2/commons-cli-1.2.jar:/home/runner/.m2/repository/org/apache/commons/commons-lang3/3.7/commons-lang3-3.7.jar:/home/runner/.m2/repository/org/apache/ozone/ozone-manager/1.3.0-SNAPSHOT/ozone-manager-1.3.0-SNAPSHOT-tests.jar:/home/runner/.m2/repository/org/apache/ozone/hdds-common/1.3.0-SNAPSHOT/hdds-common-1.3.0-SNAPSHOT-tests.jar:/home/runner/.m2/repository/org/apache/ozone/hdds-hadoop-dependency-client/1.3.0-SNAPSHOT/hdds-hadoop-dependency-client-1.3.0-SNAPSHOT.jar:/home/runner/.m2/repository/info/picocli/picocli/4.6.1/picocli-4.6.1.jar:/home/runner/.m2/repository/com/fasterxml/jackson/core/jackson-annotations/2.13.4/jackson-annotations-2.13.4.jar:/home/runner/.m2/repository/com/fasterxml/jackson/datatype/jackson-datatype-jsr310/2.13.4/jackson-datatype-jsr310-2.13.4.jar:/home/runner/.m2/repository/org/apache/ozone/hdds-annotation-processing/1.3.0-SNAPSHOT/hdds-annotation-processing-1.3.0-SNAPSHOT.jar:/home/runner/.m2/repository/javax/annotation/javax.annotation-api/1.2/javax.annotation-api-1.2.jar:/home/runner/.m2/repository/org/apache/ratis/ratis-server/2.4.0/ratis-server-2.4.0.jar:/home/runner/.m2/repository/org/apache/ratis/ratis-client/2.4.0/ratis-client-2.4.0.jar:/home/runner/.m2/repository/org/apache/ratis/ratis-server-api/2.4.0/ratis-server-api-2.4.0.jar:/home/runner/.m2/repository/org/apache/ratis/ratis-metrics/2.4.0/ratis-metrics-2.4.0.jar:/home/runner/.m2/repository/org/apache/ratis/ratis-netty/2.4.0/ratis-netty-2.4.0.jar:/home/runner/.m2/repository/org/apache/ratis/ratis-grpc/2.4.0/ratis-grpc-2.4.0.jar:/home/runner/.m2/repository/org/apache/logging/log4j/log4j-api/2.17.1/log4j-api-2.17.1.jar:/home/runner/.m2/repository/org/apache/commons/commons-pool2/2.6.0/commons-pool2-2.6.0.jar:/home/runner/.m2/repository/org/bouncycastle/bcpkix-jdk15on/1.67/bcpkix-jdk15on-1.67.jar:/home/runner/.m2/repository/commons-validator/commons-validator/1.6/commons-validator-1.6.jar:/home/runner/.m2/repository/commons-beanutils/commons-beanutils/1.9.4/commons-beanutils-1.9.4.jar:/home/runner/.m2/repository/commons-digester/commons-digester/1.8.1/commons-digester-1.8.1.jar:/home/runner/.m2/repository/commons-collections/commons-collections/3.2.2/commons-collections-3.2.2.jar:/home/runner/.m2/repository/io/jaegertracing/jaeger-client/1.6.0/jaeger-client-1.6.0.jar:/home/runner/.m2/repository/io/jaegertracing/jaeger-thrift/1.6.0/jaeger-thrift-1.6.0.jar:/home/runner/.m2/repository/org/apache/thrift/libthrift/0.14.1/libthrift-0.14.1.jar:/home/runner/.m2/repository/io/jaegertracing/jaeger-core/1.6.0/jaeger-core-1.6.0.jar:/home/runner/.m2/repository/io/jaegertracing/jaeger-tracerresolver/1.6.0/jaeger-tracerresolver-1.6.0.jar:/home/runner/.m2/repository/io/opentracing/contrib/opentracing-tracerresolver/0.1.8/opentracing-tracerresolver-0.1.8.jar:/home/runner/.m2/repository/org/jetbrains/kotlin/kotlin-stdlib/1.6.21/kotlin-stdlib-1.6.21.jar:/home/runner/.m2/repository/org/jetbrains/annotations/13.0/annotations-13.0.jar:/home/runner/.m2/repository/io/opentracing/opentracing-util/0.33.0/opentracing-util-0.33.0.jar:/home/runner/.m2/repository/io/opentracing/opentracing-api/0.33.0/opentracing-api-0.33.0.jar:/home/runner/.m2/repository/io/opentracing/opentracing-noop/0.33.0/opentracing-noop-0.33.0.jar:/home/runner/.m2/repository/org/yaml/snakeyaml/1.33/snakeyaml-1.33.jar:/home/runner/.m2/repository/org/apache/ozone/hdds-interface-admin/1.3.0-SNAPSHOT/hdds-interface-admin-1.3.0-SNAPSHOT.jar:/home/runner/.m2/repository/junit/junit/4.13.1/junit-4.13.1.jar:/home/runner/.m2/repository/org/hamcrest/hamcrest-core/1.3/hamcrest-core-1.3.jar:/home/runner/.m2/repository/org/junit/jupiter/junit-jupiter-api/5.8.2/junit-jupiter-api-5.8.2.jar:/home/runner/.m2/repository/org/opentest4j/opentest4j/1.2.0/opentest4j-1.2.0.jar:/home/runner/.m2/repository/org/junit/platform/junit-platform-commons/1.8.2/junit-platform-commons-1.8.2.jar:/home/runner/.m2/repository/org/apiguardian/apiguardian-api/1.1.2/apiguardian-api-1.1.2.jar:/home/runner/.m2/repository/org/junit/jupiter/junit-jupiter-params/5.8.2/junit-jupiter-params-5.8.2.jar:/home/runner/.m2/repository/org/junit/jupiter/junit-jupiter-migrationsupport/5.8.2/junit-jupiter-migrationsupport-5.8.2.jar:/home/runner/.m2/repository/org/junit/jupiter/junit-jupiter-engine/5.8.2/junit-jupiter-engine-5.8.2.jar:/home/runner/.m2/repository/org/junit/platform/junit-platform-engine/1.8.2/junit-platform-engine-1.8.2.jar:/home/runner/.m2/repository/org/junit/vintage/junit-vintage-engine/5.8.2/junit-vintage-engine-5.8.2.jar:/home/runner/.m2/repository/org/junit/platform/junit-platform-launcher/1.8.2/junit-platform-launcher-1.8.2.jar:/home/runner/.m2/repository/org/mockito/mockito-core/2.28.2/mockito-core-2.28.2.jar:/home/runner/.m2/repository/net/bytebuddy/byte-buddy/1.9.10/byte-buddy-1.9.10.jar:/home/runner/.m2/repository/net/bytebuddy/byte-buddy-agent/1.9.10/byte-buddy-agent-1.9.10.jar:/home/runner/.m2/repository/org/objenesis/objenesis/1.0/objenesis-1.0.jar:/home/runner/.m2/repository/org/apache/hadoop/hadoop-kms/3.3.4/hadoop-kms-3.3.4.jar:/home/runner/.m2/repository/org/apache/hadoop/hadoop-auth/3.3.4/hadoop-auth-3.3.4.jar:/home/runner/.m2/repository/com/nimbusds/nimbus-jose-jwt/9.8.1/nimbus-jose-jwt-9.8.1.jar:/home/runner/.m2/repository/com/github/stephenc/jcip/jcip-annotations/1.0-1/jcip-annotations-1.0-1.jar:/home/runner/.m2/repository/net/minidev/json-smart/2.4.7/json-smart-2.4.7.jar:/home/runner/.m2/repository/net/minidev/accessors-smart/2.4.7/accessors-smart-2.4.7.jar:/home/runner/.m2/repository/org/ow2/asm/asm/5.0.4/asm-5.0.4.jar:/home/runner/.m2/repository/org/apache/zookeeper/zookeeper/3.5.6/zookeeper-3.5.6.jar:/home/runner/.m2/repository/org/apache/zookeeper/zookeeper-jute/3.5.6/zookeeper-jute-3.5.6.jar:/home/runner/.m2/repository/org/apache/yetus/audience-annotations/0.5.0/audience-annotations-0.5.0.jar:/home/runner/.m2/repository/org/apache/curator/curator-framework/4.2.0/curator-framework-4.2.0.jar:/home/runner/.m2/repository/org/apache/hadoop/thirdparty/hadoop-shaded-guava/1.1.1/hadoop-shaded-guava-1.1.1.jar:/home/runner/.m2/repository/com/sun/jersey/jersey-core/1.19/jersey-core-1.19.jar:/home/runner/.m2/repository/javax/ws/rs/jsr311-api/1.1.1/jsr311-api-1.1.1.jar:/home/runner/.m2/repository/com/sun/jersey/jersey-server/1.19/jersey-server-1.19.jar:/home/runner/.m2/repository/javax/servlet/javax.servlet-api/3.1.0/javax.servlet-api-3.1.0.jar:/home/runner/.m2/repository/org/eclipse/jetty/jetty-server/9.4.49.v20220914/jetty-server-9.4.49.v20220914.jar:/home/runner/.m2/repository/org/eclipse/jetty/jetty-http/9.4.49.v20220914/jetty-http-9.4.49.v20220914.jar:/home/runner/.m2/repository/org/eclipse/jetty/jetty-io/9.4.49.v20220914/jetty-io-9.4.49.v20220914.jar:/home/runner/.m2/repository/org/eclipse/jetty/jetty-webapp/9.4.49.v20220914/jetty-webapp-9.4.49.v20220914.jar:/home/runner/.m2/repository/org/eclipse/jetty/jetty-xml/9.4.49.v20220914/jetty-xml-9.4.49.v20220914.jar:/home/runner/.m2/repository/org/apache/hadoop/hadoop-common/3.3.4/hadoop-common-3.3.4.jar:/home/runner/.m2/repository/org/apache/commons/commons-math3/3.1.1/commons-math3-3.1.1.jar:/home/runner/.m2/repository/commons-net/commons-net/3.6/commons-net-3.6.jar:/home/runner/.m2/repository/com/sun/jersey/jersey-servlet/1.19/jersey-servlet-1.19.jar:/home/runner/.m2/repository/com/sun/jersey/jersey-json/1.19/jersey-json-1.19.jar:/home/runner/.m2/repository/org/codehaus/jettison/jettison/1.1/jettison-1.1.jar:/home/runner/.m2/repository/com/sun/xml/bind/jaxb-impl/2.2.3-1/jaxb-impl-2.2.3-1.jar:/home/runner/.m2/repository/org/codehaus/jackson/jackson-xc/1.9.2/jackson-xc-1.9.2.jar:/home/runner/.m2/repository/com/google/re2j/re2j/1.1/re2j-1.1.jar:/home/runner/.m2/repository/com/jcraft/jsch/0.1.54/jsch-0.1.54.jar:/home/runner/.m2/repository/org/apache/curator/curator-client/4.2.0/curator-client-4.2.0.jar:/home/runner/.m2/repository/org/apache/curator/curator-recipes/4.2.0/curator-recipes-4.2.0.jar:/home/runner/.m2/repository/org/apache/kerby/kerb-core/1.0.1/kerb-core-1.0.1.jar:/home/runner/.m2/repository/org/apache/kerby/kerby-pkix/1.0.1/kerby-pkix-1.0.1.jar:/home/runner/.m2/repository/org/apache/kerby/kerby-asn1/1.0.1/kerby-asn1-1.0.1.jar:/home/runner/.m2/repository/org/apache/kerby/kerby-util/1.0.1/kerby-util-1.0.1.jar:/home/runner/.m2/repository/dnsjava/dnsjava/2.1.7/dnsjava-2.1.7.jar:/home/runner/.m2/repository/org/xerial/snappy/snappy-java/1.1.8.2/snappy-java-1.1.8.2.jar:/home/runner/.m2/repository/org/eclipse/jetty/jetty-util/9.4.49.v20220914/jetty-util-9.4.49.v20220914.jar:/home/runner/.m2/repository/com/fasterxml/jackson/core/jackson-databind/2.13.4.2/jackson-databind-2.13.4.2.jar:/home/runner/.m2/repository/org/apache/hadoop/hadoop-kms/3.3.4/hadoop-kms-3.3.4-tests.jar:/home/runner/.m2/repository/org/apache/ozone/hdds-server-scm/1.3.0-SNAPSHOT/hdds-server-scm-1.3.0-SNAPSHOT-tests.jar:/home/runner/.m2/repository/org/apache/ozone/hdds-container-service/1.3.0-SNAPSHOT/hdds-container-service-1.3.0-SNAPSHOT-tests.jar:/home/runner/.m2/repository/commons-codec/commons-codec/1.15/commons-codec-1.15.jar:/home/runner/.m2/repository/io/netty/netty-codec/4.1.79.Final/netty-codec-4.1.79.Final.jar:/home/runner/.m2/repository/io/netty/netty-handler/4.1.79.Final/netty-handler-4.1.79.Final.jar:/home/runner/.m2/repository/org/apache/ozone/hdds-hadoop-dependency-test/1.3.0-SNAPSHOT/hdds-hadoop-dependency-test-1.3.0-SNAPSHOT.jar:/home/runner/.m2/repository/org/apache/hadoop/hadoop-common/3.3.4/hadoop-common-3.3.4-tests.jar:/home/runner/.m2/repository/org/apache/hadoop/hadoop-hdfs/3.3.4/hadoop-hdfs-3.3.4-tests.jar:/home/runner/.m2/repository/org/assertj/assertj-core/3.12.2/assertj-core-3.12.2.jar:/home/runner/.m2/repository/org/apache/hadoop/hadoop-distcp/3.3.4/hadoop-distcp-3.3.4.jar:/home/runner/.m2/repository/org/apache/hadoop/hadoop-mapreduce-client-jobclient/3.3.4/hadoop-mapreduce-client-jobclient-3.3.4.jar:/home/runner/.m2/repository/org/apache/hadoop/hadoop-mapreduce-client-common/3.3.4/hadoop-mapreduce-client-common-3.3.4.jar:/home/runner/.m2/repository/org/apache/hadoop/hadoop-yarn-common/3.3.4/hadoop-yarn-common-3.3.4.jar:/home/runner/.m2/repository/org/apache/hadoop/hadoop-yarn-api/3.3.4/hadoop-yarn-api-3.3.4.jar:/home/runner/.m2/repository/com/sun/jersey/contribs/jersey-guice/1.19/jersey-guice-1.19.jar:/home/runner/.m2/repository/com/fasterxml/jackson/jaxrs/jackson-jaxrs-json-provider/2.13.4/jackson-jaxrs-json-provider-2.13.4.jar:/home/runner/.m2/repository/com/fasterxml/jackson/jaxrs/jackson-jaxrs-base/2.13.4/jackson-jaxrs-base-2.13.4.jar:/home/runner/.m2/repository/org/apache/hadoop/hadoop-yarn-client/3.3.4/hadoop-yarn-client-3.3.4.jar:/home/runner/.m2/repository/org/eclipse/jetty/websocket/websocket-client/9.4.43.v20210629/websocket-client-9.4.43.v20210629.jar:/home/runner/.m2/repository/org/eclipse/jetty/websocket/websocket-common/9.4.43.v20210629/websocket-common-9.4.43.v20210629.jar:/home/runner/.m2/repository/org/eclipse/jetty/websocket/websocket-api/9.4.43.v20210629/websocket-api-9.4.43.v20210629.jar:/home/runner/.m2/repository/org/jline/jline/3.9.0/jline-3.9.0.jar:/home/runner/.m2/repository/org/apache/hadoop/hadoop-mapreduce-client-core/3.3.4/hadoop-mapreduce-client-core-3.3.4.jar:/home/runner/.m2/repository/org/apache/avro/avro/1.7.7/avro-1.7.7.jar:/home/runner/.m2/repository/org/codehaus/jackson/jackson-core-asl/1.9.13/jackson-core-asl-1.9.13.jar:/home/runner/.m2/repository/org/codehaus/jackson/jackson-mapper-asl/1.9.13/jackson-mapper-asl-1.9.13.jar:/home/runner/.m2/repository/com/thoughtworks/paranamer/paranamer/2.3/paranamer-2.3.jar:/home/runner/.m2/repository/org/apache/hadoop/hadoop-annotations/3.3.4/hadoop-annotations-3.3.4.jar:/usr/lib/jvm/temurin-8-jdk-amd64/jre/../lib/tools.jar:/home/runner/.m2/repository/io/netty/netty/3.10.6.Final/netty-3.10.6.Final.jar:/home/runner/.m2/repository/org/apache/hadoop/hadoop-distcp/3.3.4/hadoop-distcp-3.3.4-tests.jar:/home/runner/.m2/repository/org/slf4j/jul-to-slf4j/1.7.36/jul-to-slf4j-1.7.36.jar:/home/runner/.m2/repository/org/apache/ratis/ratis-common/2.4.0/ratis-common-2.4.0.jar:/home/runner/.m2/repository/org/apache/ratis/ratis-thirdparty-misc/1.0.2/ratis-thirdparty-misc-1.0.2.jar:/home/runner/.m2/repository/org/apache/ratis/ratis-proto/2.4.0/ratis-proto-2.4.0.jar:"/>
    <property name="java.vm.vendor" value="Temurin"/>
    <property name="sun.arch.data.model" value="64"/>
    <property name="test.build.dir" value="/home/runner/work/ozone/ozone/hadoop-ozone/integration-test/target/test-dir"/>
    <property name="test.cache.data" value=""/>
    <property name="java.vendor.url" value="https://adoptium.net/"/>
    <property name="user.timezone" value="Etc/UTC"/>
    <property name="java.vm.specification.version" value="1.8"/>
    <property name="os.name" value="Linux"/>
    <property name="test.build.data" value="/home/runner/work/ozone/ozone/hadoop-ozone/integration-test/target/test-dir"/>
    <property name="sun.java.launcher" value="SUN_STANDARD"/>
    <property name="sun.boot.library.path" value="/usr/lib/jvm/temurin-8-jdk-amd64/jre/lib/amd64"/>
    <property name="sun.java.command" value="/home/runner/work/ozone/ozone/hadoop-ozone/integration-test/target/surefire/surefirebooter7444661515269361583.jar /home/runner/work/ozone/ozone/hadoop-ozone/integration-test/target/surefire 2022-11-15T18-20-23_674-jvmRun1 surefire101061199869989958tmp surefire_18212588919150265994tmp"/>
    <property name="surefire.test.class.path" value="/home/runner/work/ozone/ozone/hadoop-ozone/integration-test/target/test-classes:/home/runner/work/ozone/ozone/hadoop-ozone/integration-test/target/classes:/home/runner/.m2/repository/org/apache/ozone/ozone-common/1.3.0-SNAPSHOT/ozone-common-1.3.0-SNAPSHOT.jar:/home/runner/.m2/repository/io/grpc/grpc-netty/1.48.1/grpc-netty-1.48.1.jar:/home/runner/.m2/repository/io/grpc/grpc-core/1.48.1/grpc-core-1.48.1.jar:/home/runner/.m2/repository/com/google/android/annotations/4.1.1.4/annotations-4.1.1.4.jar:/home/runner/.m2/repository/org/codehaus/mojo/animal-sniffer-annotations/1.21/animal-sniffer-annotations-1.21.jar:/home/runner/.m2/repository/com/google/errorprone/error_prone_annotations/2.2.0/error_prone_annotations-2.2.0.jar:/home/runner/.m2/repository/io/perfmark/perfmark-api/0.25.0/perfmark-api-0.25.0.jar:/home/runner/.m2/repository/io/netty/netty-codec-http2/4.1.79.Final/netty-codec-http2-4.1.79.Final.jar:/home/runner/.m2/repository/io/netty/netty-common/4.1.79.Final/netty-common-4.1.79.Final.jar:/home/runner/.m2/repository/io/netty/netty-buffer/4.1.79.Final/netty-buffer-4.1.79.Final.jar:/home/runner/.m2/repository/io/netty/netty-codec-http/4.1.79.Final/netty-codec-http-4.1.79.Final.jar:/home/runner/.m2/repository/io/netty/netty-handler-proxy/4.1.79.Final/netty-handler-proxy-4.1.79.Final.jar:/home/runner/.m2/repository/io/netty/netty-codec-socks/4.1.79.Final/netty-codec-socks-4.1.79.Final.jar:/home/runner/.m2/repository/io/netty/netty-tcnative-boringssl-static/2.0.53.Final/netty-tcnative-boringssl-static-2.0.53.Final.jar:/home/runner/.m2/repository/io/netty/netty-tcnative-classes/2.0.53.Final/netty-tcnative-classes-2.0.53.Final.jar:/home/runner/.m2/repository/io/netty/netty-tcnative-boringssl-static/2.0.53.Final/netty-tcnative-boringssl-static-2.0.53.Final-linux-x86_64.jar:/home/runner/.m2/repository/io/netty/netty-tcnative-boringssl-static/2.0.53.Final/netty-tcnative-boringssl-static-2.0.53.Final-linux-aarch_64.jar:/home/runner/.m2/repository/io/netty/netty-tcnative-boringssl-static/2.0.53.Final/netty-tcnative-boringssl-static-2.0.53.Final-osx-x86_64.jar:/home/runner/.m2/repository/io/netty/netty-tcnative-boringssl-static/2.0.53.Final/netty-tcnative-boringssl-static-2.0.53.Final-osx-aarch_64.jar:/home/runner/.m2/repository/io/netty/netty-tcnative-boringssl-static/2.0.53.Final/netty-tcnative-boringssl-static-2.0.53.Final-windows-x86_64.jar:/home/runner/.m2/repository/org/apache/commons/commons-compress/1.21/commons-compress-1.21.jar:/home/runner/.m2/repository/org/apache/ozone/hdds-common/1.3.0-SNAPSHOT/hdds-common-1.3.0-SNAPSHOT.jar:/home/runner/.m2/repository/org/apache/ozone/hdds-client/1.3.0-SNAPSHOT/hdds-client-1.3.0-SNAPSHOT.jar:/home/runner/.m2/repository/org/apache/ozone/ozone-interface-client/1.3.0-SNAPSHOT/ozone-interface-client-1.3.0-SNAPSHOT.jar:/home/runner/.m2/repository/org/apache/ozone/hdds-test-utils/1.3.0-SNAPSHOT/hdds-test-utils-1.3.0-SNAPSHOT.jar:/home/runner/.m2/repository/com/google/guava/guava/31.1-jre/guava-31.1-jre.jar:/home/runner/.m2/repository/com/google/guava/failureaccess/1.0.1/failureaccess-1.0.1.jar:/home/runner/.m2/repository/com/google/guava/listenablefuture/9999.0-empty-to-avoid-conflict-with-guava/listenablefuture-9999.0-empty-to-avoid-conflict-with-guava.jar:/home/runner/.m2/repository/com/google/code/findbugs/jsr305/3.0.0/jsr305-3.0.0.jar:/home/runner/.m2/repository/org/checkerframework/checker-qual/3.12.0/checker-qual-3.12.0.jar:/home/runner/.m2/repository/com/google/j2objc/j2objc-annotations/1.3/j2objc-annotations-1.3.jar:/home/runner/.m2/repository/commons-io/commons-io/2.11.0/commons-io-2.11.0.jar:/home/runner/.m2/repository/commons-logging/commons-logging/1.2/commons-logging-1.2.jar:/home/runner/.m2/repository/ch/qos/reload4j/reload4j/1.2.22/reload4j-1.2.22.jar:/home/runner/.m2/repository/org/slf4j/slf4j-api/1.7.36/slf4j-api-1.7.36.jar:/home/runner/.m2/repository/org/apache/ozone/hdds-server-scm/1.3.0-SNAPSHOT/hdds-server-scm-1.3.0-SNAPSHOT.jar:/home/runner/.m2/repository/org/apache/ozone/hdds-container-service/1.3.0-SNAPSHOT/hdds-container-service-1.3.0-SNAPSHOT.jar:/home/runner/.m2/repository/org/apache/ozone/hdds-hadoop-dependency-server/1.3.0-SNAPSHOT/hdds-hadoop-dependency-server-1.3.0-SNAPSHOT.jar:/home/runner/.m2/repository/org/apache/hadoop/hadoop-hdfs/3.3.4/hadoop-hdfs-3.3.4.jar:/home/runner/.m2/repository/org/eclipse/jetty/jetty-util-ajax/9.4.49.v20220914/jetty-util-ajax-9.4.49.v20220914.jar:/home/runner/.m2/repository/commons-daemon/commons-daemon/1.0.13/commons-daemon-1.0.13.jar:/home/runner/.m2/repository/org/apache/ozone/hdds-server-framework/1.3.0-SNAPSHOT/hdds-server-framework-1.3.0-SNAPSHOT.jar:/home/runner/.m2/repository/org/apache/ozone/hdds-interface-server/1.3.0-SNAPSHOT/hdds-interface-server-1.3.0-SNAPSHOT.jar:/home/runner/.m2/repository/org/apache/commons/commons-configuration2/2.1.1/commons-configuration2-2.1.1.jar:/home/runner/.m2/repository/org/apache/logging/log4j/log4j-core/2.17.1/log4j-core-2.17.1.jar:/home/runner/.m2/repository/com/lmax/disruptor/3.4.2/disruptor-3.4.2.jar:/home/runner/.m2/repository/org/eclipse/jetty/jetty-servlet/9.4.49.v20220914/jetty-servlet-9.4.49.v20220914.jar:/home/runner/.m2/repository/org/eclipse/jetty/jetty-security/9.4.49.v20220914/jetty-security-9.4.49.v20220914.jar:/home/runner/.m2/repository/org/rocksdb/rocksdbjni/7.7.3/rocksdbjni-7.7.3.jar:/home/runner/.m2/repository/io/prometheus/simpleclient_dropwizard/0.7.0/simpleclient_dropwizard-0.7.0.jar:/home/runner/.m2/repository/io/prometheus/simpleclient/0.7.0/simpleclient-0.7.0.jar:/home/runner/.m2/repository/io/prometheus/simpleclient_common/0.7.0/simpleclient_common-0.7.0.jar:/home/runner/.m2/repository/com/github/spotbugs/spotbugs-annotations/3.1.12/spotbugs-annotations-3.1.12.jar:/home/runner/.m2/repository/io/dropwizard/metrics/metrics-core/3.2.4/metrics-core-3.2.4.jar:/home/runner/.m2/repository/org/apache/commons/commons-text/1.4/commons-text-1.4.jar:/home/runner/.m2/repository/org/apache/hadoop/hadoop-hdfs-client/3.3.4/hadoop-hdfs-client-3.3.4.jar:/home/runner/.m2/repository/com/squareup/okhttp3/okhttp/4.9.3/okhttp-4.9.3.jar:/home/runner/.m2/repository/com/squareup/okio/okio/2.8.0/okio-2.8.0.jar:/home/runner/.m2/repository/org/jetbrains/kotlin/kotlin-stdlib-common/1.4.10/kotlin-stdlib-common-1.4.10.jar:/home/runner/.m2/repository/org/bouncycastle/bcprov-jdk15on/1.67/bcprov-jdk15on-1.67.jar:/home/runner/.m2/repository/com/google/protobuf/protobuf-java/2.5.0/protobuf-java-2.5.0.jar:/home/runner/.m2/repository/org/apache/ozone/ozone-manager/1.3.0-SNAPSHOT/ozone-manager-1.3.0-SNAPSHOT.jar:/home/runner/.m2/repository/org/aspectj/aspectjrt/1.9.7/aspectjrt-1.9.7.jar:/home/runner/.m2/repository/org/aspectj/aspectjweaver/1.9.7/aspectjweaver-1.9.7.jar:/home/runner/.m2/repository/org/apache/ozone/hdds-interface-client/1.3.0-SNAPSHOT/hdds-interface-client-1.3.0-SNAPSHOT.jar:/home/runner/.m2/repository/org/apache/hadoop/thirdparty/hadoop-shaded-protobuf_3_7/1.1.1/hadoop-shaded-protobuf_3_7-1.1.1.jar:/home/runner/.m2/repository/org/apache/ozone/ozone-interface-storage/1.3.0-SNAPSHOT/ozone-interface-storage-1.3.0-SNAPSHOT.jar:/home/runner/.m2/repository/org/reflections/reflections/0.9.11/reflections-0.9.11.jar:/home/runner/.m2/repository/com/sun/jersey/jersey-client/1.19/jersey-client-1.19.jar:/home/runner/.m2/repository/org/apache/ranger/ranger-intg/2.3.0/ranger-intg-2.3.0.jar:/home/runner/.m2/repository/org/apache/ranger/ranger-plugins-common/2.3.0/ranger-plugins-common-2.3.0.jar:/home/runner/.m2/repository/commons-lang/commons-lang/2.6/commons-lang-2.6.jar:/home/runner/.m2/repository/org/codehaus/jackson/jackson-jaxrs/1.9.13/jackson-jaxrs-1.9.13.jar:/home/runner/.m2/repository/org/apache/ranger/ranger-plugins-cred/2.3.0/ranger-plugins-cred-2.3.0.jar:/home/runner/.m2/repository/org/apache/ranger/ranger-plugins-audit/2.3.0/ranger-plugins-audit-2.3.0.jar:/home/runner/.m2/repository/org/eclipse/jetty/jetty-client/9.4.31.v20200723/jetty-client-9.4.31.v20200723.jar:/home/runner/.m2/repository/org/apache/httpcomponents/httpmime/4.5.6/httpmime-4.5.6.jar:/home/runner/.m2/repository/org/apache/httpcomponents/httpcore-nio/4.4.6/httpcore-nio-4.4.6.jar:/home/runner/.m2/repository/org/apache/httpcomponents/httpasyncclient/4.1.3/httpasyncclient-4.1.3.jar:/home/runner/.m2/repository/com/carrotsearch/hppc/0.8.0/hppc-0.8.0.jar:/home/runner/.m2/repository/org/apache/orc/orc-core/1.5.8/orc-core-1.5.8.jar:/home/runner/.m2/repository/net/java/dev/jna/jna/5.2.0/jna-5.2.0.jar:/home/runner/.m2/repository/net/java/dev/jna/jna-platform/5.2.0/jna-platform-5.2.0.jar:/home/runner/.m2/repository/com/kstruct/gethostname4j/0.0.2/gethostname4j-0.0.2.jar:/home/runner/.m2/repository/org/apache/ranger/ranger-plugin-classloader/2.3.0/ranger-plugin-classloader-2.3.0.jar:/home/runner/.m2/repository/org/apache/hadoop/hadoop-minikdc/3.3.4/hadoop-minikdc-3.3.4.jar:/home/runner/.m2/repository/org/apache/kerby/kerb-simplekdc/1.0.1/kerb-simplekdc-1.0.1.jar:/home/runner/.m2/repository/org/apache/kerby/kerb-client/1.0.1/kerb-client-1.0.1.jar:/home/runner/.m2/repository/org/apache/kerby/kerby-config/1.0.1/kerby-config-1.0.1.jar:/home/runner/.m2/repository/org/apache/kerby/kerb-common/1.0.1/kerb-common-1.0.1.jar:/home/runner/.m2/repository/org/apache/kerby/kerb-crypto/1.0.1/kerb-crypto-1.0.1.jar:/home/runner/.m2/repository/org/apache/kerby/kerb-util/1.0.1/kerb-util-1.0.1.jar:/home/runner/.m2/repository/org/apache/kerby/token-provider/1.0.1/token-provider-1.0.1.jar:/home/runner/.m2/repository/org/apache/kerby/kerb-admin/1.0.1/kerb-admin-1.0.1.jar:/home/runner/.m2/repository/org/apache/kerby/kerb-server/1.0.1/kerb-server-1.0.1.jar:/home/runner/.m2/repository/org/apache/kerby/kerb-identity/1.0.1/kerb-identity-1.0.1.jar:/home/runner/.m2/repository/org/apache/kerby/kerby-xdr/1.0.1/kerby-xdr-1.0.1.jar:/home/runner/.m2/repository/org/apache/ozone/ozone-s3gateway/1.3.0-SNAPSHOT/ozone-s3gateway-1.3.0-SNAPSHOT.jar:/home/runner/.m2/repository/org/javassist/javassist/3.21.0-GA/javassist-3.21.0-GA.jar:/home/runner/.m2/repository/org/jboss/weld/servlet/weld-servlet/2.4.7.Final/weld-servlet-2.4.7.Final.jar:/home/runner/.m2/repository/org/glassfish/jersey/containers/jersey-container-servlet-core/2.34/jersey-container-servlet-core-2.34.jar:/home/runner/.m2/repository/org/glassfish/hk2/external/jakarta.inject/2.6.1/jakarta.inject-2.6.1.jar:/home/runner/.m2/repository/org/glassfish/jersey/core/jersey-common/2.34/jersey-common-2.34.jar:/home/runner/.m2/repository/jakarta/ws/rs/jakarta.ws.rs-api/2.1.6/jakarta.ws.rs-api-2.1.6.jar:/home/runner/.m2/repository/org/glassfish/jersey/ext/cdi/jersey-cdi1x/2.34/jersey-cdi1x-2.34.jar:/home/runner/.m2/repository/org/glassfish/jersey/inject/jersey-hk2/2.34/jersey-hk2-2.34.jar:/home/runner/.m2/repository/org/glassfish/hk2/hk2-locator/2.6.1/hk2-locator-2.6.1.jar:/home/runner/.m2/repository/org/glassfish/jersey/media/jersey-media-jaxb/2.34/jersey-media-jaxb-2.34.jar:/home/runner/.m2/repository/org/glassfish/hk2/osgi-resource-locator/1.0.3/osgi-resource-locator-1.0.3.jar:/home/runner/.m2/repository/org/glassfish/hk2/hk2-api/2.5.0/hk2-api-2.5.0.jar:/home/runner/.m2/repository/org/glassfish/hk2/hk2-utils/2.5.0/hk2-utils-2.5.0.jar:/home/runner/.m2/repository/org/glassfish/hk2/external/aopalliance-repackaged/2.5.0/aopalliance-repackaged-2.5.0.jar:/home/runner/.m2/repository/com/fasterxml/jackson/dataformat/jackson-dataformat-xml/2.13.4/jackson-dataformat-xml-2.13.4.jar:/home/runner/.m2/repository/com/fasterxml/jackson/core/jackson-core/2.13.4/jackson-core-2.13.4.jar:/home/runner/.m2/repository/org/codehaus/woodstox/stax2-api/4.2.1/stax2-api-4.2.1.jar:/home/runner/.m2/repository/com/fasterxml/woodstox/woodstox-core/5.4.0/woodstox-core-5.4.0.jar:/home/runner/.m2/repository/com/fasterxml/jackson/module/jackson-module-jaxb-annotations/2.13.4/jackson-module-jaxb-annotations-2.13.4.jar:/home/runner/.m2/repository/jakarta/xml/bind/jakarta.xml.bind-api/2.3.3/jakarta.xml.bind-api-2.3.3.jar:/home/runner/.m2/repository/jakarta/activation/jakarta.activation-api/1.2.1/jakarta.activation-api-1.2.1.jar:/home/runner/.m2/repository/javax/enterprise/cdi-api/1.2/cdi-api-1.2.jar:/home/runner/.m2/repository/javax/el/javax.el-api/3.0.0/javax.el-api-3.0.0.jar:/home/runner/.m2/repository/javax/interceptor/javax.interceptor-api/1.2/javax.interceptor-api-1.2.jar:/home/runner/.m2/repository/javax/inject/javax.inject/1/javax.inject-1.jar:/home/runner/.m2/repository/javax/xml/bind/jaxb-api/2.3.0/jaxb-api-2.3.0.jar:/home/runner/.m2/repository/org/glassfish/jaxb/jaxb-runtime/2.3.0.1/jaxb-runtime-2.3.0.1.jar:/home/runner/.m2/repository/org/glassfish/jaxb/jaxb-core/2.3.0.1/jaxb-core-2.3.0.1.jar:/home/runner/.m2/repository/org/glassfish/jaxb/txw2/2.3.0.1/txw2-2.3.0.1.jar:/home/runner/.m2/repository/com/sun/istack/istack-commons-runtime/3.0.5/istack-commons-runtime-3.0.5.jar:/home/runner/.m2/repository/org/jvnet/staxex/stax-ex/1.7.8/stax-ex-1.7.8.jar:/home/runner/.m2/repository/com/sun/xml/fastinfoset/FastInfoset/1.2.13/FastInfoset-1.2.13.jar:/home/runner/.m2/repository/javax/activation/activation/1.1.1/activation-1.1.1.jar:/home/runner/.m2/repository/io/grpc/grpc-protobuf/1.48.1/grpc-protobuf-1.48.1.jar:/home/runner/.m2/repository/io/grpc/grpc-api/1.48.1/grpc-api-1.48.1.jar:/home/runner/.m2/repository/io/grpc/grpc-context/1.48.1/grpc-context-1.48.1.jar:/home/runner/.m2/repository/com/google/api/grpc/proto-google-common-protos/2.9.0/proto-google-common-protos-2.9.0.jar:/home/runner/.m2/repository/io/grpc/grpc-protobuf-lite/1.48.1/grpc-protobuf-lite-1.48.1.jar:/home/runner/.m2/repository/io/grpc/grpc-stub/1.48.1/grpc-stub-1.48.1.jar:/home/runner/.m2/repository/io/netty/netty-transport/4.1.79.Final/netty-transport-4.1.79.Final.jar:/home/runner/.m2/repository/io/netty/netty-resolver/4.1.79.Final/netty-resolver-4.1.79.Final.jar:/home/runner/.m2/repository/org/apache/ozone/ozone-csi/1.3.0-SNAPSHOT/ozone-csi-1.3.0-SNAPSHOT.jar:/home/runner/.m2/repository/com/google/protobuf/protobuf-java-util/3.19.2/protobuf-java-util-3.19.2.jar:/home/runner/.m2/repository/com/google/code/gson/gson/2.9.0/gson-2.9.0.jar:/home/runner/.m2/repository/org/apache/ozone/hdds-config/1.3.0-SNAPSHOT/hdds-config-1.3.0-SNAPSHOT.jar:/home/runner/.m2/repository/io/netty/netty-transport-native-epoll/4.1.79.Final/netty-transport-native-epoll-4.1.79.Final-linux-x86_64.jar:/home/runner/.m2/repository/io/netty/netty-transport-classes-epoll/4.1.79.Final/netty-transport-classes-epoll-4.1.79.Final.jar:/home/runner/.m2/repository/io/netty/netty-transport-native-unix-common/4.1.79.Final/netty-transport-native-unix-common-4.1.79.Final.jar:/home/runner/.m2/repository/org/slf4j/slf4j-reload4j/1.7.36/slf4j-reload4j-1.7.36.jar:/home/runner/.m2/repository/org/apache/ozone/ozone-recon/1.3.0-SNAPSHOT/ozone-recon-1.3.0-SNAPSHOT.jar:/home/runner/.m2/repository/org/apache/ozone/ozone-reconcodegen/1.3.0-SNAPSHOT/ozone-reconcodegen-1.3.0-SNAPSHOT.jar:/home/runner/.m2/repository/com/google/inject/extensions/guice-multibindings/4.0/guice-multibindings-4.0.jar:/home/runner/.m2/repository/com/google/inject/guice/4.0/guice-4.0.jar:/home/runner/.m2/repository/aopalliance/aopalliance/1.0/aopalliance-1.0.jar:/home/runner/.m2/repository/com/google/inject/extensions/guice-assistedinject/4.0/guice-assistedinject-4.0.jar:/home/runner/.m2/repository/com/google/inject/extensions/guice-servlet/4.0/guice-servlet-4.0.jar:/home/runner/.m2/repository/org/glassfish/jersey/containers/jersey-container-servlet/2.34/jersey-container-servlet-2.34.jar:/home/runner/.m2/repository/org/glassfish/hk2/guice-bridge/2.5.0/guice-bridge-2.5.0.jar:/home/runner/.m2/repository/org/glassfish/jersey/core/jersey-server/2.34/jersey-server-2.34.jar:/home/runner/.m2/repository/org/glassfish/jersey/core/jersey-client/2.34/jersey-client-2.34.jar:/home/runner/.m2/repository/jakarta/annotation/jakarta.annotation-api/1.3.5/jakarta.annotation-api-1.3.5.jar:/home/runner/.m2/repository/jakarta/validation/jakarta.validation-api/2.0.2/jakarta.validation-api-2.0.2.jar:/home/runner/.m2/repository/org/glassfish/jersey/media/jersey-media-json-jackson/2.34/jersey-media-json-jackson-2.34.jar:/home/runner/.m2/repository/org/glassfish/jersey/ext/jersey-entity-filtering/2.34/jersey-entity-filtering-2.34.jar:/home/runner/.m2/repository/org/jooq/jooq/3.11.10/jooq-3.11.10.jar:/home/runner/.m2/repository/org/jooq/jooq-meta/3.11.10/jooq-meta-3.11.10.jar:/home/runner/.m2/repository/org/jooq/jooq-codegen/3.11.10/jooq-codegen-3.11.10.jar:/home/runner/.m2/repository/com/jolbox/bonecp/0.8.0.RELEASE/bonecp-0.8.0.RELEASE.jar:/home/runner/.m2/repository/org/apache/derby/derby/10.14.2.0/derby-10.14.2.0.jar:/home/runner/.m2/repository/org/xerial/sqlite-jdbc/3.25.2/sqlite-jdbc-3.25.2.jar:/home/runner/.m2/repository/org/springframework/spring-jdbc/5.3.23/spring-jdbc-5.3.23.jar:/home/runner/.m2/repository/org/springframework/spring-beans/5.3.23/spring-beans-5.3.23.jar:/home/runner/.m2/repository/org/springframework/spring-core/5.3.23/spring-core-5.3.23.jar:/home/runner/.m2/repository/org/springframework/spring-jcl/5.3.23/spring-jcl-5.3.23.jar:/home/runner/.m2/repository/org/springframework/spring-tx/5.3.23/spring-tx-5.3.23.jar:/home/runner/.m2/repository/org/apache/ozone/ozone-client/1.3.0-SNAPSHOT/ozone-client-1.3.0-SNAPSHOT.jar:/home/runner/.m2/repository/org/apache/ozone/hdds-erasurecode/1.3.0-SNAPSHOT/hdds-erasurecode-1.3.0-SNAPSHOT.jar:/home/runner/.m2/repository/org/apache/ozone/ozone-filesystem/1.3.0-SNAPSHOT/ozone-filesystem-1.3.0-SNAPSHOT.jar:/home/runner/.m2/repository/org/apache/ozone/ozone-filesystem-common/1.3.0-SNAPSHOT/ozone-filesystem-common-1.3.0-SNAPSHOT.jar:/home/runner/.m2/repository/org/apache/ozone/ozone-tools/1.3.0-SNAPSHOT/ozone-tools-1.3.0-SNAPSHOT.jar:/home/runner/.m2/repository/org/apache/ratis/ratis-tools/2.4.0/ratis-tools-2.4.0.jar:/home/runner/.m2/repository/com/amazonaws/aws-java-sdk-core/1.12.261/aws-java-sdk-core-1.12.261.jar:/home/runner/.m2/repository/org/apache/httpcomponents/httpclient/4.5.13/httpclient-4.5.13.jar:/home/runner/.m2/repository/org/apache/httpcomponents/httpcore/4.4.13/httpcore-4.4.13.jar:/home/runner/.m2/repository/software/amazon/ion/ion-java/1.0.2/ion-java-1.0.2.jar:/home/runner/.m2/repository/com/fasterxml/jackson/dataformat/jackson-dataformat-cbor/2.13.4/jackson-dataformat-cbor-2.13.4.jar:/home/runner/.m2/repository/joda-time/joda-time/2.8.1/joda-time-2.8.1.jar:/home/runner/.m2/repository/com/amazonaws/aws-java-sdk-s3/1.12.261/aws-java-sdk-s3-1.12.261.jar:/home/runner/.m2/repository/com/amazonaws/aws-java-sdk-kms/1.12.261/aws-java-sdk-kms-1.12.261.jar:/home/runner/.m2/repository/com/amazonaws/jmespath-java/1.12.261/jmespath-java-1.12.261.jar:/home/runner/.m2/repository/org/kohsuke/metainf-services/metainf-services/1.8/metainf-services-1.8.jar:/home/runner/.m2/repository/org/apache/ozone/hdds-tools/1.3.0-SNAPSHOT/hdds-tools-1.3.0-SNAPSHOT.jar:/home/runner/.m2/repository/commons-cli/commons-cli/1.2/commons-cli-1.2.jar:/home/runner/.m2/repository/org/apache/commons/commons-lang3/3.7/commons-lang3-3.7.jar:/home/runner/.m2/repository/org/apache/ozone/ozone-manager/1.3.0-SNAPSHOT/ozone-manager-1.3.0-SNAPSHOT-tests.jar:/home/runner/.m2/repository/org/apache/ozone/hdds-common/1.3.0-SNAPSHOT/hdds-common-1.3.0-SNAPSHOT-tests.jar:/home/runner/.m2/repository/org/apache/ozone/hdds-hadoop-dependency-client/1.3.0-SNAPSHOT/hdds-hadoop-dependency-client-1.3.0-SNAPSHOT.jar:/home/runner/.m2/repository/info/picocli/picocli/4.6.1/picocli-4.6.1.jar:/home/runner/.m2/repository/com/fasterxml/jackson/core/jackson-annotations/2.13.4/jackson-annotations-2.13.4.jar:/home/runner/.m2/repository/com/fasterxml/jackson/datatype/jackson-datatype-jsr310/2.13.4/jackson-datatype-jsr310-2.13.4.jar:/home/runner/.m2/repository/org/apache/ozone/hdds-annotation-processing/1.3.0-SNAPSHOT/hdds-annotation-processing-1.3.0-SNAPSHOT.jar:/home/runner/.m2/repository/javax/annotation/javax.annotation-api/1.2/javax.annotation-api-1.2.jar:/home/runner/.m2/repository/org/apache/ratis/ratis-server/2.4.0/ratis-server-2.4.0.jar:/home/runner/.m2/repository/org/apache/ratis/ratis-client/2.4.0/ratis-client-2.4.0.jar:/home/runner/.m2/repository/org/apache/ratis/ratis-server-api/2.4.0/ratis-server-api-2.4.0.jar:/home/runner/.m2/repository/org/apache/ratis/ratis-metrics/2.4.0/ratis-metrics-2.4.0.jar:/home/runner/.m2/repository/org/apache/ratis/ratis-netty/2.4.0/ratis-netty-2.4.0.jar:/home/runner/.m2/repository/org/apache/ratis/ratis-grpc/2.4.0/ratis-grpc-2.4.0.jar:/home/runner/.m2/repository/org/apache/logging/log4j/log4j-api/2.17.1/log4j-api-2.17.1.jar:/home/runner/.m2/repository/org/apache/commons/commons-pool2/2.6.0/commons-pool2-2.6.0.jar:/home/runner/.m2/repository/org/bouncycastle/bcpkix-jdk15on/1.67/bcpkix-jdk15on-1.67.jar:/home/runner/.m2/repository/commons-validator/commons-validator/1.6/commons-validator-1.6.jar:/home/runner/.m2/repository/commons-beanutils/commons-beanutils/1.9.4/commons-beanutils-1.9.4.jar:/home/runner/.m2/repository/commons-digester/commons-digester/1.8.1/commons-digester-1.8.1.jar:/home/runner/.m2/repository/commons-collections/commons-collections/3.2.2/commons-collections-3.2.2.jar:/home/runner/.m2/repository/io/jaegertracing/jaeger-client/1.6.0/jaeger-client-1.6.0.jar:/home/runner/.m2/repository/io/jaegertracing/jaeger-thrift/1.6.0/jaeger-thrift-1.6.0.jar:/home/runner/.m2/repository/org/apache/thrift/libthrift/0.14.1/libthrift-0.14.1.jar:/home/runner/.m2/repository/io/jaegertracing/jaeger-core/1.6.0/jaeger-core-1.6.0.jar:/home/runner/.m2/repository/io/jaegertracing/jaeger-tracerresolver/1.6.0/jaeger-tracerresolver-1.6.0.jar:/home/runner/.m2/repository/io/opentracing/contrib/opentracing-tracerresolver/0.1.8/opentracing-tracerresolver-0.1.8.jar:/home/runner/.m2/repository/org/jetbrains/kotlin/kotlin-stdlib/1.6.21/kotlin-stdlib-1.6.21.jar:/home/runner/.m2/repository/org/jetbrains/annotations/13.0/annotations-13.0.jar:/home/runner/.m2/repository/io/opentracing/opentracing-util/0.33.0/opentracing-util-0.33.0.jar:/home/runner/.m2/repository/io/opentracing/opentracing-api/0.33.0/opentracing-api-0.33.0.jar:/home/runner/.m2/repository/io/opentracing/opentracing-noop/0.33.0/opentracing-noop-0.33.0.jar:/home/runner/.m2/repository/org/yaml/snakeyaml/1.33/snakeyaml-1.33.jar:/home/runner/.m2/repository/org/apache/ozone/hdds-interface-admin/1.3.0-SNAPSHOT/hdds-interface-admin-1.3.0-SNAPSHOT.jar:/home/runner/.m2/repository/junit/junit/4.13.1/junit-4.13.1.jar:/home/runner/.m2/repository/org/hamcrest/hamcrest-core/1.3/hamcrest-core-1.3.jar:/home/runner/.m2/repository/org/junit/jupiter/junit-jupiter-api/5.8.2/junit-jupiter-api-5.8.2.jar:/home/runner/.m2/repository/org/opentest4j/opentest4j/1.2.0/opentest4j-1.2.0.jar:/home/runner/.m2/repository/org/junit/platform/junit-platform-commons/1.8.2/junit-platform-commons-1.8.2.jar:/home/runner/.m2/repository/org/apiguardian/apiguardian-api/1.1.2/apiguardian-api-1.1.2.jar:/home/runner/.m2/repository/org/junit/jupiter/junit-jupiter-params/5.8.2/junit-jupiter-params-5.8.2.jar:/home/runner/.m2/repository/org/junit/jupiter/junit-jupiter-migrationsupport/5.8.2/junit-jupiter-migrationsupport-5.8.2.jar:/home/runner/.m2/repository/org/junit/jupiter/junit-jupiter-engine/5.8.2/junit-jupiter-engine-5.8.2.jar:/home/runner/.m2/repository/org/junit/platform/junit-platform-engine/1.8.2/junit-platform-engine-1.8.2.jar:/home/runner/.m2/repository/org/junit/vintage/junit-vintage-engine/5.8.2/junit-vintage-engine-5.8.2.jar:/home/runner/.m2/repository/org/junit/platform/junit-platform-launcher/1.8.2/junit-platform-launcher-1.8.2.jar:/home/runner/.m2/repository/org/mockito/mockito-core/2.28.2/mockito-core-2.28.2.jar:/home/runner/.m2/repository/net/bytebuddy/byte-buddy/1.9.10/byte-buddy-1.9.10.jar:/home/runner/.m2/repository/net/bytebuddy/byte-buddy-agent/1.9.10/byte-buddy-agent-1.9.10.jar:/home/runner/.m2/repository/org/objenesis/objenesis/1.0/objenesis-1.0.jar:/home/runner/.m2/repository/org/apache/hadoop/hadoop-kms/3.3.4/hadoop-kms-3.3.4.jar:/home/runner/.m2/repository/org/apache/hadoop/hadoop-auth/3.3.4/hadoop-auth-3.3.4.jar:/home/runner/.m2/repository/com/nimbusds/nimbus-jose-jwt/9.8.1/nimbus-jose-jwt-9.8.1.jar:/home/runner/.m2/repository/com/github/stephenc/jcip/jcip-annotations/1.0-1/jcip-annotations-1.0-1.jar:/home/runner/.m2/repository/net/minidev/json-smart/2.4.7/json-smart-2.4.7.jar:/home/runner/.m2/repository/net/minidev/accessors-smart/2.4.7/accessors-smart-2.4.7.jar:/home/runner/.m2/repository/org/ow2/asm/asm/5.0.4/asm-5.0.4.jar:/home/runner/.m2/repository/org/apache/zookeeper/zookeeper/3.5.6/zookeeper-3.5.6.jar:/home/runner/.m2/repository/org/apache/zookeeper/zookeeper-jute/3.5.6/zookeeper-jute-3.5.6.jar:/home/runner/.m2/repository/org/apache/yetus/audience-annotations/0.5.0/audience-annotations-0.5.0.jar:/home/runner/.m2/repository/org/apache/curator/curator-framework/4.2.0/curator-framework-4.2.0.jar:/home/runner/.m2/repository/org/apache/hadoop/thirdparty/hadoop-shaded-guava/1.1.1/hadoop-shaded-guava-1.1.1.jar:/home/runner/.m2/repository/com/sun/jersey/jersey-core/1.19/jersey-core-1.19.jar:/home/runner/.m2/repository/javax/ws/rs/jsr311-api/1.1.1/jsr311-api-1.1.1.jar:/home/runner/.m2/repository/com/sun/jersey/jersey-server/1.19/jersey-server-1.19.jar:/home/runner/.m2/repository/javax/servlet/javax.servlet-api/3.1.0/javax.servlet-api-3.1.0.jar:/home/runner/.m2/repository/org/eclipse/jetty/jetty-server/9.4.49.v20220914/jetty-server-9.4.49.v20220914.jar:/home/runner/.m2/repository/org/eclipse/jetty/jetty-http/9.4.49.v20220914/jetty-http-9.4.49.v20220914.jar:/home/runner/.m2/repository/org/eclipse/jetty/jetty-io/9.4.49.v20220914/jetty-io-9.4.49.v20220914.jar:/home/runner/.m2/repository/org/eclipse/jetty/jetty-webapp/9.4.49.v20220914/jetty-webapp-9.4.49.v20220914.jar:/home/runner/.m2/repository/org/eclipse/jetty/jetty-xml/9.4.49.v20220914/jetty-xml-9.4.49.v20220914.jar:/home/runner/.m2/repository/org/apache/hadoop/hadoop-common/3.3.4/hadoop-common-3.3.4.jar:/home/runner/.m2/repository/org/apache/commons/commons-math3/3.1.1/commons-math3-3.1.1.jar:/home/runner/.m2/repository/commons-net/commons-net/3.6/commons-net-3.6.jar:/home/runner/.m2/repository/com/sun/jersey/jersey-servlet/1.19/jersey-servlet-1.19.jar:/home/runner/.m2/repository/com/sun/jersey/jersey-json/1.19/jersey-json-1.19.jar:/home/runner/.m2/repository/org/codehaus/jettison/jettison/1.1/jettison-1.1.jar:/home/runner/.m2/repository/com/sun/xml/bind/jaxb-impl/2.2.3-1/jaxb-impl-2.2.3-1.jar:/home/runner/.m2/repository/org/codehaus/jackson/jackson-xc/1.9.2/jackson-xc-1.9.2.jar:/home/runner/.m2/repository/com/google/re2j/re2j/1.1/re2j-1.1.jar:/home/runner/.m2/repository/com/jcraft/jsch/0.1.54/jsch-0.1.54.jar:/home/runner/.m2/repository/org/apache/curator/curator-client/4.2.0/curator-client-4.2.0.jar:/home/runner/.m2/repository/org/apache/curator/curator-recipes/4.2.0/curator-recipes-4.2.0.jar:/home/runner/.m2/repository/org/apache/kerby/kerb-core/1.0.1/kerb-core-1.0.1.jar:/home/runner/.m2/repository/org/apache/kerby/kerby-pkix/1.0.1/kerby-pkix-1.0.1.jar:/home/runner/.m2/repository/org/apache/kerby/kerby-asn1/1.0.1/kerby-asn1-1.0.1.jar:/home/runner/.m2/repository/org/apache/kerby/kerby-util/1.0.1/kerby-util-1.0.1.jar:/home/runner/.m2/repository/dnsjava/dnsjava/2.1.7/dnsjava-2.1.7.jar:/home/runner/.m2/repository/org/xerial/snappy/snappy-java/1.1.8.2/snappy-java-1.1.8.2.jar:/home/runner/.m2/repository/org/eclipse/jetty/jetty-util/9.4.49.v20220914/jetty-util-9.4.49.v20220914.jar:/home/runner/.m2/repository/com/fasterxml/jackson/core/jackson-databind/2.13.4.2/jackson-databind-2.13.4.2.jar:/home/runner/.m2/repository/org/apache/hadoop/hadoop-kms/3.3.4/hadoop-kms-3.3.4-tests.jar:/home/runner/.m2/repository/org/apache/ozone/hdds-server-scm/1.3.0-SNAPSHOT/hdds-server-scm-1.3.0-SNAPSHOT-tests.jar:/home/runner/.m2/repository/org/apache/ozone/hdds-container-service/1.3.0-SNAPSHOT/hdds-container-service-1.3.0-SNAPSHOT-tests.jar:/home/runner/.m2/repository/commons-codec/commons-codec/1.15/commons-codec-1.15.jar:/home/runner/.m2/repository/io/netty/netty-codec/4.1.79.Final/netty-codec-4.1.79.Final.jar:/home/runner/.m2/repository/io/netty/netty-handler/4.1.79.Final/netty-handler-4.1.79.Final.jar:/home/runner/.m2/repository/org/apache/ozone/hdds-hadoop-dependency-test/1.3.0-SNAPSHOT/hdds-hadoop-dependency-test-1.3.0-SNAPSHOT.jar:/home/runner/.m2/repository/org/apache/hadoop/hadoop-common/3.3.4/hadoop-common-3.3.4-tests.jar:/home/runner/.m2/repository/org/apache/hadoop/hadoop-hdfs/3.3.4/hadoop-hdfs-3.3.4-tests.jar:/home/runner/.m2/repository/org/assertj/assertj-core/3.12.2/assertj-core-3.12.2.jar:/home/runner/.m2/repository/org/apache/hadoop/hadoop-distcp/3.3.4/hadoop-distcp-3.3.4.jar:/home/runner/.m2/repository/org/apache/hadoop/hadoop-mapreduce-client-jobclient/3.3.4/hadoop-mapreduce-client-jobclient-3.3.4.jar:/home/runner/.m2/repository/org/apache/hadoop/hadoop-mapreduce-client-common/3.3.4/hadoop-mapreduce-client-common-3.3.4.jar:/home/runner/.m2/repository/org/apache/hadoop/hadoop-yarn-common/3.3.4/hadoop-yarn-common-3.3.4.jar:/home/runner/.m2/repository/org/apache/hadoop/hadoop-yarn-api/3.3.4/hadoop-yarn-api-3.3.4.jar:/home/runner/.m2/repository/com/sun/jersey/contribs/jersey-guice/1.19/jersey-guice-1.19.jar:/home/runner/.m2/repository/com/fasterxml/jackson/jaxrs/jackson-jaxrs-json-provider/2.13.4/jackson-jaxrs-json-provider-2.13.4.jar:/home/runner/.m2/repository/com/fasterxml/jackson/jaxrs/jackson-jaxrs-base/2.13.4/jackson-jaxrs-base-2.13.4.jar:/home/runner/.m2/repository/org/apache/hadoop/hadoop-yarn-client/3.3.4/hadoop-yarn-client-3.3.4.jar:/home/runner/.m2/repository/org/eclipse/jetty/websocket/websocket-client/9.4.43.v20210629/websocket-client-9.4.43.v20210629.jar:/home/runner/.m2/repository/org/eclipse/jetty/websocket/websocket-common/9.4.43.v20210629/websocket-common-9.4.43.v20210629.jar:/home/runner/.m2/repository/org/eclipse/jetty/websocket/websocket-api/9.4.43.v20210629/websocket-api-9.4.43.v20210629.jar:/home/runner/.m2/repository/org/jline/jline/3.9.0/jline-3.9.0.jar:/home/runner/.m2/repository/org/apache/hadoop/hadoop-mapreduce-client-core/3.3.4/hadoop-mapreduce-client-core-3.3.4.jar:/home/runner/.m2/repository/org/apache/avro/avro/1.7.7/avro-1.7.7.jar:/home/runner/.m2/repository/org/codehaus/jackson/jackson-core-asl/1.9.13/jackson-core-asl-1.9.13.jar:/home/runner/.m2/repository/org/codehaus/jackson/jackson-mapper-asl/1.9.13/jackson-mapper-asl-1.9.13.jar:/home/runner/.m2/repository/com/thoughtworks/paranamer/paranamer/2.3/paranamer-2.3.jar:/home/runner/.m2/repository/org/apache/hadoop/hadoop-annotations/3.3.4/hadoop-annotations-3.3.4.jar:/usr/lib/jvm/temurin-8-jdk-amd64/jre/../lib/tools.jar:/home/runner/.m2/repository/io/netty/netty/3.10.6.Final/netty-3.10.6.Final.jar:/home/runner/.m2/repository/org/apache/hadoop/hadoop-distcp/3.3.4/hadoop-distcp-3.3.4-tests.jar:/home/runner/.m2/repository/org/slf4j/jul-to-slf4j/1.7.36/jul-to-slf4j-1.7.36.jar:/home/runner/.m2/repository/org/apache/ratis/ratis-common/2.4.0/ratis-common-2.4.0.jar:/home/runner/.m2/repository/org/apache/ratis/ratis-thirdparty-misc/1.0.2/ratis-thirdparty-misc-1.0.2.jar:/home/runner/.m2/repository/org/apache/ratis/ratis-proto/2.4.0/ratis-proto-2.4.0.jar:"/>
    <property name="sun.cpu.endian" value="little"/>
    <property name="user.home" value="/home/runner"/>
    <property name="user.language" value="en"/>
    <property name="java.specification.vendor" value="Oracle Corporation"/>
    <property name="java.home" value="/usr/lib/jvm/temurin-8-jdk-amd64/jre"/>
    <property name="java.security.krb5.conf" value="/home/runner/work/ozone/ozone/hadoop-ozone/integration-test/target/test-classes/krb5.conf"/>
    <property name="basedir" value="/home/runner/work/ozone/ozone/hadoop-ozone/integration-test"/>
    <property name="file.separator" value="/"/>
    <property name="line.separator" value="&#10;"/>
    <property name="java.vm.specification.vendor" value="Oracle Corporation"/>
    <property name="java.specification.name" value="Java Platform API Specification"/>
    <property name="java.awt.graphicsenv" value="sun.awt.X11GraphicsEnvironment"/>
    <property name="skip.installnpx" value="true"/>
    <property name="surefire.real.class.path" value="/home/runner/work/ozone/ozone/hadoop-ozone/integration-test/target/surefire/surefirebooter7444661515269361583.jar:/home/runner/.m2/repository/org/jacoco/org.jacoco.agent/0.8.5/org.jacoco.agent-0.8.5-runtime.jar"/>
    <property name="hadoop.log.dir" value="/home/runner/work/ozone/ozone/hadoop-ozone/integration-test/target/log"/>
    <property name="sun.boot.class.path" value="/usr/lib/jvm/temurin-8-jdk-amd64/jre/lib/resources.jar:/usr/lib/jvm/temurin-8-jdk-amd64/jre/lib/rt.jar:/usr/lib/jvm/temurin-8-jdk-amd64/jre/lib/sunrsasign.jar:/usr/lib/jvm/temurin-8-jdk-amd64/jre/lib/jsse.jar:/usr/lib/jvm/temurin-8-jdk-amd64/jre/lib/jce.jar:/usr/lib/jvm/temurin-8-jdk-amd64/jre/lib/charsets.jar:/usr/lib/jvm/temurin-8-jdk-amd64/jre/lib/jfr.jar:/usr/lib/jvm/temurin-8-jdk-amd64/jre/classes"/>
    <property name="sun.management.compiler" value="HotSpot 64-Bit Tiered Compilers"/>
    <property name="skip.npx" value="true"/>
    <property name="java.runtime.version" value="1.8.0_345-b01"/>
    <property name="java.net.preferIPv4Stack" value="true"/>
    <property name="user.name" value="runner"/>
    <property name="path.separator" value=":"/>
    <property name="java.security.egd" value="file:///dev/urandom"/>
    <property name="os.version" value="5.15.0-1022-azure"/>
    <property name="java.endorsed.dirs" value="/usr/lib/jvm/temurin-8-jdk-amd64/jre/lib/endorsed"/>
    <property name="java.runtime.name" value="OpenJDK Runtime Environment"/>
    <property name="file.encoding" value="UTF-8"/>
    <property name="java.vm.name" value="OpenJDK 64-Bit Server VM"/>
    <property name="test.build.webapps" value=""/>
    <property name="localRepository" value="/home/runner/.m2/repository"/>
    <property name="jetty.git.hash" value="4231a3b2e4cb8548a412a789936d640a97b1aa0a"/>
    <property name="java.vendor.url.bug" value="https://github.com/adoptium/adoptium-support/issues"/>
    <property name="java.io.tmpdir" value="/tmp"/>
    <property name="require.test.libhadoop" value=""/>
    <property name="java.version" value="1.8.0_345"/>
    <property name="user.dir" value="/home/runner/work/ozone/ozone/hadoop-ozone/integration-test"/>
    <property name="os.arch" value="amd64"/>
    <property name="java.vm.specification.name" value="Java Virtual Machine Specification"/>
    <property name="test.build.classes" value="/home/runner/work/ozone/ozone/hadoop-ozone/integration-test/target/test-classes"/>
    <property name="java.awt.printerjob" value="sun.print.PSPrinterJob"/>
    <property name="sun.os.patch.level" value="unknown"/>
    <property name="org.apache.ratis.thirdparty.io.netty.allocator.useCacheForAllThreads" value="false"/>
    <property name="hadoop.tmp.dir" value="/home/runner/work/ozone/ozone/hadoop-ozone/integration-test/target/tmp"/>
    <property name="java.library.path" value="/usr/java/packages/lib/amd64:/usr/lib64:/lib64:/lib:/usr/lib"/>
    <property name="java.vm.info" value="mixed mode"/>
    <property name="java.vendor" value="Temurin"/>
    <property name="java.vm.version" value="25.345-b01"/>
    <property name="java.ext.dirs" value="/usr/lib/jvm/temurin-8-jdk-amd64/jre/lib/ext:/usr/java/packages/lib/ext"/>
    <property name="sun.io.unicode.encoding" value="UnicodeLittle"/>
    <property name="java.class.version" value="52.0"/>
  </properties>
  <testcase name="testMultiPartCompleteUpload" classname="org.apache.hadoop.ozone.om.TestObjectStoreWithLegacyFS" time="1.539">
    <system-out><![CDATA[2022-11-15 18:21:18,457 [main] WARN  server.ServerUtils (ServerUtils.java:getScmDbDir(148)) - ozone.scm.db.dirs is not configured. We recommend adding this setting. Falling back to ozone.metadata.dirs instead.
2022-11-15 18:21:18,578 [main] WARN  server.ServerUtils (ServerUtils.java:getScmDbDir(148)) - ozone.scm.db.dirs is not configured. We recommend adding this setting. Falling back to ozone.metadata.dirs instead.
2022-11-15 18:21:18,582 [main] INFO  ha.SCMHANodeDetails (SCMHANodeDetails.java:loadSCMHAConfig(209)) - ServiceID for StorageContainerManager is null
2022-11-15 18:21:18,602 [main] WARN  ha.SCMHANodeDetails (SCMHANodeDetails.java:validateSCMHAConfig(182)) - Invalid config ozone.scm.ratis.enable. The config was not specified, but the default value true conflicts with the expected config value false. Falling back to the expected value. Current State of SCM: SCM is running in Non-HA without Ratis Ratis SCM -> Non Ratis SCM or Non HA SCM -> HA SCM is not supported
2022-11-15 18:21:18,607 [main] INFO  ha.SCMHANodeDetails (SCMHANodeDetails.java:loadSCMHAConfig(214)) - ozone.scm.default.service.id is not defined, falling back to ozone.scm.service.ids to find serviceID for StorageContainerManager if it is HA enabled cluster
2022-11-15 18:21:19,210 [main] WARN  utils.HAUtils (HAUtils.java:getMetaDir(342)) - ozone.scm.db.dirs is not configured. We recommend adding this setting. Falling back to ozone.metadata.dirs instead.
2022-11-15 18:21:19,362 [main] WARN  db.DBStoreBuilder (DBStoreBuilder.java:applyDBDefinition(144)) - ozone.scm.db.dirs is not configured. We recommend adding this setting. Falling back to ozone.metadata.dirs instead.
2022-11-15 18:21:19,701 [main] INFO  net.NodeSchemaLoader (NodeSchemaLoader.java:loadSchemaFromFile(129)) - Loading schema from [jar:file:/home/runner/.m2/repository/org/apache/ozone/hdds-common/1.3.0-SNAPSHOT/hdds-common-1.3.0-SNAPSHOT.jar!/network-topology-default.xml]
2022-11-15 18:21:19,703 [main] INFO  net.NodeSchemaLoader (NodeSchemaLoader.java:loadSchema(176)) - Loading network topology layer schema file
2022-11-15 18:21:19,757 [main] INFO  metrics.MetricRegistries (MetricRegistriesLoader.java:load(64)) - Loaded MetricRegistries class org.apache.ratis.metrics.impl.MetricRegistriesImpl
2022-11-15 18:21:19,765 [main] INFO  upgrade.AbstractLayoutVersionManager (AbstractLayoutVersionManager.java:init(83)) - Initializing Layout version manager with metadata layout = DATANODE_SCHEMA_V3 (version = 4), software layout = DATANODE_SCHEMA_V3 (version = 4)
2022-11-15 18:21:20,090 [main] INFO  reflections.Reflections (Reflections.java:scan(232)) - Reflections took 224 ms to scan 7 urls, producing 139 keys and 336 values 
2022-11-15 18:21:20,187 [main] INFO  ha.SequenceIdGenerator (SequenceIdGenerator.java:upgradeToSequenceId(349)) - upgrade localId to 109611004723200000
2022-11-15 18:21:20,188 [main] INFO  ha.SequenceIdGenerator (SequenceIdGenerator.java:upgradeToSequenceId(359)) - upgrade delTxnId to 0
2022-11-15 18:21:20,191 [main] INFO  ha.SequenceIdGenerator (SequenceIdGenerator.java:upgradeToSequenceId(376)) - upgrade containerId to 0
2022-11-15 18:21:20,193 [main] INFO  ha.SequenceIdGenerator (SequenceIdGenerator.java:<init>(220)) - Init the HA SequenceIdGenerator.
2022-11-15 18:21:20,233 [main] WARN  server.ServerUtils (ServerUtils.java:sanitizeUserArgs(73)) - ozone.scm.stale.node.interval value = 300000 is larger than max = 100000 based on the key value of ozone.scm.heartbeat.thread.interval, reset to the max value 100000.
2022-11-15 18:21:20,233 [main] WARN  server.ServerUtils (ServerUtils.java:sanitizeUserArgs(73)) - ozone.scm.stale.node.interval value = 300000 is larger than max = 100000 based on the key value of ozone.scm.heartbeat.thread.interval, reset to the max value 100000.
2022-11-15 18:21:20,239 [main] INFO  node.SCMNodeManager (SCMNodeManager.java:<init>(149)) - Entering startup safe mode.
2022-11-15 18:21:20,304 [main] INFO  algorithms.ContainerPlacementPolicyFactory (ContainerPlacementPolicyFactory.java:getPolicyInternal(86)) - Create container placement policy of type org.apache.hadoop.hdds.scm.container.placement.algorithms.SCMContainerPlacementRandom
2022-11-15 18:21:20,307 [main] INFO  algorithms.ContainerPlacementPolicyFactory (ContainerPlacementPolicyFactory.java:getPolicyInternal(86)) - Create container placement policy of type org.apache.hadoop.hdds.scm.container.placement.algorithms.SCMContainerPlacementRackScatter
2022-11-15 18:21:20,317 [main] INFO  pipeline.PipelineStateManagerImpl (PipelineStateManagerImpl.java:initialize(78)) - No pipeline exists in current db
2022-11-15 18:21:20,366 [main] INFO  algorithms.LeaderChoosePolicyFactory (LeaderChoosePolicyFactory.java:getPolicy(57)) - Create leader choose policy of type org.apache.hadoop.hdds.scm.pipeline.leader.choose.algorithms.MinLeaderCountChoosePolicy
2022-11-15 18:21:20,366 [main] INFO  algorithms.ContainerPlacementPolicyFactory (ContainerPlacementPolicyFactory.java:getPolicyInternal(86)) - Create container placement policy of type org.apache.hadoop.hdds.scm.container.placement.algorithms.SCMContainerPlacementRackScatter
2022-11-15 18:21:20,372 [main] INFO  ha.SCMServiceManager (SCMServiceManager.java:register(42)) - Registering service BackgroundPipelineCreator.
2022-11-15 18:21:20,372 [main] INFO  pipeline.BackgroundPipelineCreator (BackgroundPipelineCreator.java:start(124)) - Starting RatisPipelineUtilsThread.
2022-11-15 18:21:20,376 [main] INFO  BackgroundPipelineScrubber (BackgroundSCMService.java:start(68)) - Starting BackgroundPipelineScrubber Service.
2022-11-15 18:21:20,380 [main] INFO  ha.SCMServiceManager (SCMServiceManager.java:register(42)) - Registering service BackgroundPipelineScrubber.
2022-11-15 18:21:20,387 [main] INFO  ExpiredContainerReplicaOpScrubber (BackgroundSCMService.java:start(68)) - Starting ExpiredContainerReplicaOpScrubber Service.
2022-11-15 18:21:20,396 [main] INFO  ha.SCMServiceManager (SCMServiceManager.java:register(42)) - Registering service ExpiredContainerReplicaOpScrubber.
2022-11-15 18:21:20,439 [main] INFO  algorithms.PipelineChoosePolicyFactory (PipelineChoosePolicyFactory.java:createPipelineChoosePolicyFromClass(73)) - Create pipeline choose policy of type org.apache.hadoop.hdds.scm.pipeline.choose.algorithms.RandomPipelineChoosePolicy
2022-11-15 18:21:20,459 [main] INFO  ha.SCMServiceManager (SCMServiceManager.java:register(42)) - Registering service SCMBlockDeletingService.
2022-11-15 18:21:20,507 [main] INFO  replication.ReplicationManager (ReplicationManager.java:start(239)) - Starting Replication Monitor Thread.
2022-11-15 18:21:20,515 [main] INFO  ha.SCMServiceManager (SCMServiceManager.java:register(42)) - Registering service ReplicationManager.
2022-11-15 18:21:20,520 [ReplicationMonitor] INFO  replication.ReplicationManager (ReplicationManager.java:processAll(308)) - Replication Manager is not ready to run until 3000ms after safemode exit
2022-11-15 18:21:20,524 [main] INFO  safemode.ContainerSafeModeRule (ContainerSafeModeRule.java:<init>(89)) - containers with one replica threshold count 0
2022-11-15 18:21:20,528 [main] INFO  safemode.HealthyPipelineSafeModeRule (HealthyPipelineSafeModeRule.java:initializeRule(169)) - Total pipeline count is 0, healthy pipeline threshold count is 1
2022-11-15 18:21:20,530 [main] INFO  safemode.OneReplicaPipelineSafeModeRule (OneReplicaPipelineSafeModeRule.java:initializeRule(180)) - Total pipeline count is 0, pipeline's with at least one datanode reported threshold count is 0
2022-11-15 18:21:20,885 [main] INFO  audit.AuditLogger (AuditLogger.java:refreshDebugCmdSet(126)) - Refresh DebugCmdSet for SCMAudit to [].
2022-11-15 18:21:20,920 [main] INFO  ipc.CallQueueManager (CallQueueManager.java:<init>(90)) - Using callQueue: class java.util.concurrent.LinkedBlockingQueue, queueCapacity: 2000, scheduler: class org.apache.hadoop.ipc.DefaultRpcScheduler, ipcBackoff: false.
2022-11-15 18:21:20,965 [Socket Reader #1 for port 0] INFO  ipc.Server (Server.java:run(1273)) - Starting Socket Reader #1 for port 0
2022-11-15 18:21:21,031 [Listener at 0.0.0.0/37623] INFO  audit.AuditLogger (AuditLogger.java:refreshDebugCmdSet(126)) - Refresh DebugCmdSet for SCMAudit to [].
2022-11-15 18:21:21,037 [Listener at 0.0.0.0/37623] INFO  ipc.CallQueueManager (CallQueueManager.java:<init>(90)) - Using callQueue: class java.util.concurrent.LinkedBlockingQueue, queueCapacity: 2000, scheduler: class org.apache.hadoop.ipc.DefaultRpcScheduler, ipcBackoff: false.
2022-11-15 18:21:21,040 [Socket Reader #1 for port 0] INFO  ipc.Server (Server.java:run(1273)) - Starting Socket Reader #1 for port 0
2022-11-15 18:21:21,078 [Listener at 0.0.0.0/38741] INFO  audit.AuditLogger (AuditLogger.java:refreshDebugCmdSet(126)) - Refresh DebugCmdSet for SCMAudit to [].
2022-11-15 18:21:21,091 [Listener at 0.0.0.0/38741] INFO  ipc.CallQueueManager (CallQueueManager.java:<init>(90)) - Using callQueue: class java.util.concurrent.LinkedBlockingQueue, queueCapacity: 2000, scheduler: class org.apache.hadoop.ipc.DefaultRpcScheduler, ipcBackoff: false.
2022-11-15 18:21:21,093 [Socket Reader #1 for port 0] INFO  ipc.Server (Server.java:run(1273)) - Starting Socket Reader #1 for port 0
2022-11-15 18:21:21,138 [Listener at 0.0.0.0/44129] INFO  ha.SCMServiceManager (SCMServiceManager.java:register(42)) - Registering service ContainerBalancer.
2022-11-15 18:21:21,141 [Listener at 0.0.0.0/44129] INFO  server.StorageContainerManager (StorageContainerManager.java:<init>(416)) - 
Container Balancer status:
Key                            Value
Running                        true
Container Balancer Configuration values:
Key                                                Value
Threshold                                          10
Max Datanodes to Involve per Iteration(percent)    20
Max Size to Move per Iteration                     500GB
Max Size Entering Target per Iteration             26GB
Max Size Leaving Source per Iteration              26GB

2022-11-15 18:21:21,141 [Listener at 0.0.0.0/44129] WARN  events.EventQueue (EventQueue.java:fireEvent(216)) - No event handler registered for event TypedEvent{payloadType=SafeModeStatus, name='Safe mode status'}
2022-11-15 18:21:21,143 [Listener at 0.0.0.0/44129] INFO  ha.SCMContext (SCMContext.java:updateSafeModeStatus(228)) - Update SafeModeStatus from SafeModeStatus{safeModeStatus=true, preCheckPassed=false} to SafeModeStatus{safeModeStatus=true, preCheckPassed=false}.
2022-11-15 18:21:21,148 [Listener at 0.0.0.0/44129] INFO  server.StorageContainerManager (StorageContainerManager.java:start(1454)) - StorageContainerLocationProtocol RPC server is listening at /0.0.0.0:44129
2022-11-15 18:21:21,231 [Listener at 0.0.0.0/44129] WARN  impl.MetricsConfig (MetricsConfig.java:loadFirst(136)) - Cannot locate configuration: tried hadoop-metrics2-storagecontainermanager.properties,hadoop-metrics2.properties
2022-11-15 18:21:21,244 [Listener at 0.0.0.0/44129] INFO  impl.MetricsSystemImpl (MetricsSystemImpl.java:startTimer(378)) - Scheduled Metric snapshot period at 10 second(s).
2022-11-15 18:21:21,244 [Listener at 0.0.0.0/44129] INFO  impl.MetricsSystemImpl (MetricsSystemImpl.java:start(191)) - StorageContainerManager metrics system started
2022-11-15 18:21:21,610 [Listener at 0.0.0.0/44129] INFO  server.SCMClientProtocolServer (SCMClientProtocolServer.java:start(170)) - RPC server for Client  is listening at /0.0.0.0:44129
2022-11-15 18:21:21,611 [IPC Server Responder] INFO  ipc.Server (Server.java:run(1512)) - IPC Server Responder: starting
2022-11-15 18:21:21,613 [IPC Server listener on 0] INFO  ipc.Server (Server.java:run(1352)) - IPC Server listener on 0: starting
2022-11-15 18:21:21,618 [Listener at 0.0.0.0/44129] INFO  server.StorageContainerManager (StorageContainerManager.java:start(1469)) - ScmBlockLocationProtocol RPC server is listening at /0.0.0.0:38741
2022-11-15 18:21:21,619 [Listener at 0.0.0.0/44129] INFO  server.SCMBlockProtocolServer (SCMBlockProtocolServer.java:start(152)) - RPC server for Block Protocol is listening at /0.0.0.0:38741
2022-11-15 18:21:21,620 [IPC Server Responder] INFO  ipc.Server (Server.java:run(1512)) - IPC Server Responder: starting
2022-11-15 18:21:21,621 [IPC Server listener on 0] INFO  ipc.Server (Server.java:run(1352)) - IPC Server listener on 0: starting
2022-11-15 18:21:21,625 [Listener at 0.0.0.0/44129] INFO  server.SCMDatanodeProtocolServer (SCMDatanodeProtocolServer.java:start(186)) - ScmDatanodeProtocol RPC server for DataNodes is listening at /0.0.0.0:37623
2022-11-15 18:21:21,627 [IPC Server Responder] INFO  ipc.Server (Server.java:run(1512)) - IPC Server Responder: starting
2022-11-15 18:21:21,627 [IPC Server listener on 0] INFO  ipc.Server (Server.java:run(1352)) - IPC Server listener on 0: starting
2022-11-15 18:21:21,646 [org.apache.hadoop.util.JvmPauseMonitor$Monitor@1885905b] INFO  util.JvmPauseMonitor (JvmPauseMonitor.java:run(188)) - Starting JVM pause monitor
2022-11-15 18:21:21,668 [Listener at 0.0.0.0/44129] INFO  http.BaseHttpServer (BaseHttpServer.java:newHttpServer2BuilderForOzone(213)) - Starting Web-server for scm at: http://0.0.0.0:0
2022-11-15 18:21:21,668 [Listener at 0.0.0.0/44129] INFO  http.BaseHttpServer (BaseHttpServer.java:<init>(108)) - Hadoop Security Enabled: false Ozone Security Enabled: false Ozone HTTP Security Enabled: false 
2022-11-15 18:21:21,701 [Listener at 0.0.0.0/44129] INFO  util.log (Log.java:initialized(170)) - Logging initialized @4814ms to org.eclipse.jetty.util.log.Slf4jLog
2022-11-15 18:21:21,821 [Listener at 0.0.0.0/44129] WARN  server.AuthenticationFilter (AuthenticationFilter.java:constructSecretProvider(240)) - Unable to initialize FileSignerSecretProvider, falling back to use random secrets. Reason: Could not read signature secret file: /home/runner/hadoop-http-auth-signature-secret
2022-11-15 18:21:21,831 [Listener at 0.0.0.0/44129] WARN  http.HttpRequestLog (HttpRequestLog.java:getRequestLog(103)) - Jetty request log can only be enabled using Log4j
2022-11-15 18:21:21,838 [Listener at 0.0.0.0/44129] INFO  http.HttpServer2 (HttpServer2.java:addGlobalFilter(1031)) - Added global filter 'safety' (class=org.apache.hadoop.hdds.server.http.HttpServer2$QuotingInputFilter)
2022-11-15 18:21:21,840 [Listener at 0.0.0.0/44129] INFO  http.HttpServer2 (HttpServer2.java:addFilter(1007)) - Added filter static_user_filter (class=org.apache.hadoop.http.lib.StaticUserWebFilter$StaticUserFilter) to context scm
2022-11-15 18:21:21,841 [Listener at 0.0.0.0/44129] INFO  http.HttpServer2 (HttpServer2.java:addFilter(1015)) - Added filter static_user_filter (class=org.apache.hadoop.http.lib.StaticUserWebFilter$StaticUserFilter) to context logs
2022-11-15 18:21:21,841 [Listener at 0.0.0.0/44129] INFO  http.HttpServer2 (HttpServer2.java:addFilter(1015)) - Added filter static_user_filter (class=org.apache.hadoop.http.lib.StaticUserWebFilter$StaticUserFilter) to context static
2022-11-15 18:21:21,890 [Listener at 0.0.0.0/44129] INFO  http.HttpServer2 (HttpServer2.java:bindListener(1250)) - Jetty bound to port 35483
2022-11-15 18:21:21,892 [Listener at 0.0.0.0/44129] INFO  server.Server (Server.java:doStart(375)) - jetty-9.4.49.v20220914; built: 2022-09-14T01:07:36.601Z; git: 4231a3b2e4cb8548a412a789936d640a97b1aa0a; jvm 1.8.0_345-b01
2022-11-15 18:21:21,937 [Listener at 0.0.0.0/44129] INFO  server.session (DefaultSessionIdManager.java:doStart(334)) - DefaultSessionIdManager workerName=node0
2022-11-15 18:21:21,937 [Listener at 0.0.0.0/44129] INFO  server.session (DefaultSessionIdManager.java:doStart(339)) - No SessionScavenger set, using defaults
2022-11-15 18:21:21,940 [Listener at 0.0.0.0/44129] INFO  server.session (HouseKeeper.java:startScavenging(132)) - node0 Scavenging every 660000ms
2022-11-15 18:21:21,959 [Listener at 0.0.0.0/44129] INFO  handler.ContextHandler (ContextHandler.java:doStart(921)) - Started o.e.j.s.ServletContextHandler@6a6e410c{logs,/logs,file:///home/runner/work/ozone/ozone/hadoop-ozone/integration-test/target/log,AVAILABLE}
2022-11-15 18:21:21,960 [Listener at 0.0.0.0/44129] INFO  handler.ContextHandler (ContextHandler.java:doStart(921)) - Started o.e.j.s.ServletContextHandler@cc91fe3{static,/static,file:///home/runner/work/ozone/ozone/hadoop-ozone/integration-test/target/test-classes/webapps/static,AVAILABLE}
2022-11-15 18:21:22,016 [Listener at 0.0.0.0/44129] INFO  handler.ContextHandler (ContextHandler.java:doStart(921)) - Started o.e.j.w.WebAppContext@5f01361e{scm,/,file:///home/runner/work/ozone/ozone/hadoop-ozone/integration-test/target/test-classes/webapps/scm/,AVAILABLE}{file:/home/runner/work/ozone/ozone/hadoop-ozone/integration-test/target/test-classes/webapps/scm}
2022-11-15 18:21:22,029 [Listener at 0.0.0.0/44129] INFO  server.AbstractConnector (AbstractConnector.java:doStart(333)) - Started ServerConnector@279ebd94{HTTP/1.1, (http/1.1)}{0.0.0.0:35483}
2022-11-15 18:21:22,029 [Listener at 0.0.0.0/44129] INFO  server.Server (Server.java:doStart(415)) - Started @5142ms
2022-11-15 18:21:22,033 [Listener at 0.0.0.0/44129] INFO  impl.MetricsSinkAdapter (MetricsSinkAdapter.java:start(204)) - Sink prometheus started
2022-11-15 18:21:22,034 [Listener at 0.0.0.0/44129] INFO  impl.MetricsSystemImpl (MetricsSystemImpl.java:registerSink(305)) - Registered sink prometheus
2022-11-15 18:21:22,035 [Listener at 0.0.0.0/44129] INFO  http.BaseHttpServer (BaseHttpServer.java:updateConnectorAddress(333)) - HTTP server of scm listening at http://0.0.0.0:35483
2022-11-15 18:21:22,037 [Listener at 0.0.0.0/44129] WARN  server.ServerUtils (ServerUtils.java:getDBPath(225)) - ozone.om.db.dirs is not configured. We recommend adding this setting. Falling back to ozone.metadata.dirs instead.
2022-11-15 18:21:22,107 [Listener at 0.0.0.0/44129] INFO  audit.AuditLogger (AuditLogger.java:refreshDebugCmdSet(126)) - Refresh DebugCmdSet for OMAudit to [].
2022-11-15 18:21:22,202 [Listener at 0.0.0.0/44129] INFO  ha.OMHANodeDetails (OMHANodeDetails.java:loadOMHAConfig(115)) - ozone.om.internal.service.id is not defined, falling back to ozone.om.service.ids to find serviceID for OzoneManager if it is HA enabled cluster
2022-11-15 18:21:22,206 [Listener at 0.0.0.0/44129] INFO  ha.OMHANodeDetails (OMHANodeDetails.java:loadOMHAConfig(226)) - Configuration does not have ozone.om.address set. Falling back to the default OM address /127.0.0.1:0
2022-11-15 18:21:22,206 [Listener at 0.0.0.0/44129] INFO  ha.OMHANodeDetails (OMHANodeDetails.java:getOMNodeDetailsForNonHA(254)) - OM Service ID is not set. Setting it to the default ID: omServiceIdDefault
2022-11-15 18:21:22,207 [Listener at 0.0.0.0/44129] INFO  ha.OMHANodeDetails (OMHANodeDetails.java:getOMNodeDetailsForNonHA(261)) - OM Node ID is not set. Setting it to the default ID: om1
2022-11-15 18:21:22,211 [Listener at 0.0.0.0/44129] WARN  server.ServerUtils (ServerUtils.java:getDBPath(225)) - ozone.om.db.dirs is not configured. We recommend adding this setting. Falling back to ozone.metadata.dirs instead.
2022-11-15 18:21:22,213 [Listener at 0.0.0.0/44129] INFO  upgrade.AbstractLayoutVersionManager (AbstractLayoutVersionManager.java:init(83)) - Initializing Layout version manager with metadata layout = MULTITENANCY_SCHEMA (version = 3), software layout = MULTITENANCY_SCHEMA (version = 3)
2022-11-15 18:21:22,377 [Listener at 0.0.0.0/44129] INFO  reflections.Reflections (Reflections.java:scan(232)) - Reflections took 159 ms to scan 2 urls, producing 154 keys and 428 values [using 2 cores]
2022-11-15 18:21:22,386 [Listener at 0.0.0.0/44129] INFO  upgrade.OMLayoutVersionManager (OMLayoutVersionManager.java:lambda$0(115)) - Skipping Upgrade Action MockOmUpgradeAction since it has been finalized.
2022-11-15 18:21:22,388 [Listener at 0.0.0.0/44129] WARN  server.ServerUtils (ServerUtils.java:getDBPath(225)) - ozone.om.db.dirs is not configured. We recommend adding this setting. Falling back to ozone.metadata.dirs instead.
2022-11-15 18:21:22,588 [Listener at 0.0.0.0/44129] INFO  proxy.SCMBlockLocationFailoverProxyProvider (SCMBlockLocationFailoverProxyProvider.java:<init>(114)) - Created block location fail-over proxy with 1 nodes: [nodeId=scmNodeId,nodeAddress=/0.0.0.0:38741]
2022-11-15 18:21:22,631 [Listener at 0.0.0.0/44129] INFO  proxy.SCMBlockLocationFailoverProxyProvider (SCMBlockLocationFailoverProxyProvider.java:<init>(114)) - Created block location fail-over proxy with 1 nodes: [nodeId=scmNodeId,nodeAddress=/0.0.0.0:38741]
2022-11-15 18:21:22,887 [Listener at 0.0.0.0/44129] WARN  server.ServerUtils (ServerUtils.java:getDBPath(225)) - ozone.om.db.dirs is not configured. We recommend adding this setting. Falling back to ozone.metadata.dirs instead.
2022-11-15 18:21:22,894 [Listener at 0.0.0.0/44129] INFO  codec.OmKeyInfoCodec (OmKeyInfoCodec.java:<init>(49)) - OmKeyInfoCodec ignorePipeline = true
2022-11-15 18:21:22,895 [Listener at 0.0.0.0/44129] INFO  codec.RepeatedOmKeyInfoCodec (RepeatedOmKeyInfoCodec.java:<init>(41)) - RepeatedOmKeyInfoCodec ignorePipeline = true
2022-11-15 18:21:23,103 [Listener at 0.0.0.0/44129] INFO  om.OzoneManager (OzoneManager.java:instantiateServices(715)) - S3 Multi-Tenancy is disabled
2022-11-15 18:21:23,196 [Listener at 0.0.0.0/44129] INFO  om.OzoneManager (OzoneManager.java:addS3GVolumeToDB(4394)) - Created Volume s3v With Owner runner required for S3Gateway operations.
2022-11-15 18:21:23,285 [Listener at 0.0.0.0/44129] WARN  server.ServerUtils (ServerUtils.java:getDefaultRatisDirectory(237)) - Storage directory for Ratis is not configured. It is a good idea to map this to an SSD disk. Falling back to ozone.metadata.dirs
2022-11-15 18:21:23,287 [Listener at 0.0.0.0/44129] WARN  utils.OzoneManagerRatisUtils (OzoneManagerRatisUtils.java:getOMRatisSnapshotDirectory(434)) - ozone.om.ratis.snapshot.dir is not configured. Falling back to ozone.metadata.dirs config
2022-11-15 18:21:23,314 [Listener at 0.0.0.0/44129] WARN  server.ServerUtils (ServerUtils.java:getDefaultRatisDirectory(237)) - Storage directory for Ratis is not configured. It is a good idea to map this to an SSD disk. Falling back to ozone.metadata.dirs
2022-11-15 18:21:23,354 [Listener at 0.0.0.0/44129] INFO  ratis.OzoneManagerRatisServer (OzoneManagerRatisServer.java:<init>(160)) - Instantiating OM Ratis server with groupID: omServiceIdDefault and peers: localhost:9872
2022-11-15 18:21:23,368 [Listener at 0.0.0.0/44129] INFO  ratis.OzoneManagerStateMachine (OzoneManagerStateMachine.java:loadSnapshotInfoFromDB(636)) - LastAppliedIndex is set from TransactionInfo from OM DB as (t:0, i:~)
2022-11-15 18:21:23,440 [Listener at 0.0.0.0/44129] INFO  server.RaftServer (ConfUtils.java:logGet(46)) - raft.rpc.type = GRPC (default)
2022-11-15 18:21:23,552 [Listener at 0.0.0.0/44129] INFO  grpc.GrpcConfigKeys (ConfUtils.java:logFallback(53)) - raft.grpc.admin.host = null (fallback to raft.grpc.server.host)
2022-11-15 18:21:23,554 [Listener at 0.0.0.0/44129] INFO  grpc.GrpcConfigKeys (ConfUtils.java:logFallback(53)) - raft.grpc.admin.port = 9872 (fallback to raft.grpc.server.port)
2022-11-15 18:21:23,555 [Listener at 0.0.0.0/44129] INFO  grpc.GrpcConfigKeys (ConfUtils.java:logFallback(53)) - raft.grpc.client.host = null (fallback to raft.grpc.server.host)
2022-11-15 18:21:23,555 [Listener at 0.0.0.0/44129] INFO  grpc.GrpcConfigKeys (ConfUtils.java:logFallback(53)) - raft.grpc.client.port = 9872 (fallback to raft.grpc.server.port)
2022-11-15 18:21:23,556 [Listener at 0.0.0.0/44129] INFO  grpc.GrpcConfigKeys (ConfUtils.java:logGet(46)) - raft.grpc.server.host = null (default)
2022-11-15 18:21:23,556 [Listener at 0.0.0.0/44129] INFO  grpc.GrpcConfigKeys (ConfUtils.java:logGet(46)) - raft.grpc.server.port = 9872 (custom)
2022-11-15 18:21:23,557 [Listener at 0.0.0.0/44129] INFO  server.GrpcService (ConfUtils.java:logGet(46)) - raft.grpc.message.size.max = 33554432 (custom)
2022-11-15 18:21:23,558 [Listener at 0.0.0.0/44129] INFO  server.RaftServerConfigKeys (ConfUtils.java:logGet(46)) - raft.server.log.appender.buffer.byte-limit = 33554432 (custom)
2022-11-15 18:21:23,559 [Listener at 0.0.0.0/44129] INFO  server.GrpcService (ConfUtils.java:logGet(46)) - raft.grpc.flow.control.window = 1MB (=1048576) (default)
2022-11-15 18:21:23,560 [Listener at 0.0.0.0/44129] INFO  server.RaftServerConfigKeys (ConfUtils.java:logGet(46)) - raft.server.rpc.request.timeout = 3000ms (default)
2022-11-15 18:21:23,579 [Listener at 0.0.0.0/44129] INFO  grpc.GrpcConfigKeys (ConfUtils.java:logGet(46)) - raft.grpc.server.heartbeat.channel = true (default)
2022-11-15 18:21:23,586 [Listener at 0.0.0.0/44129] INFO  grpc.GrpcConfigKeys (ConfUtils.java:logGet(46)) - raft.grpc.server.async.request.thread.pool.cached = true (default)
2022-11-15 18:21:23,587 [Listener at 0.0.0.0/44129] INFO  grpc.GrpcConfigKeys (ConfUtils.java:logGet(46)) - raft.grpc.server.async.request.thread.pool.size = 32 (default)
2022-11-15 18:21:23,951 [Listener at 0.0.0.0/44129] INFO  impl.DataStreamServerImpl (ConfUtils.java:logGet(46)) - raft.datastream.type = DISABLED (default)
2022-11-15 18:21:23,957 [Listener at 0.0.0.0/44129] INFO  server.RaftServerConfigKeys (ConfUtils.java:logGet(46)) - raft.server.threadpool.proxy.cached = true (default)
2022-11-15 18:21:23,958 [Listener at 0.0.0.0/44129] INFO  server.RaftServerConfigKeys (ConfUtils.java:logGet(46)) - raft.server.threadpool.proxy.size = 0 (default)
2022-11-15 18:21:23,960 [Listener at 0.0.0.0/44129] INFO  server.RaftServerConfigKeys (ConfUtils.java:logGet(46)) - raft.server.rpc.slowness.timeout = 120s (custom)
2022-11-15 18:21:23,960 [Listener at 0.0.0.0/44129] INFO  server.RaftServerConfigKeys (ConfUtils.java:logGet(46)) - raft.server.leaderelection.leader.step-down.wait-time = 10s (default)
2022-11-15 18:21:23,964 [Listener at 0.0.0.0/44129] INFO  server.RaftServerConfigKeys (ConfUtils.java:logGet(46)) - raft.server.storage.dir = [/home/runner/work/ozone/ozone/hadoop-ozone/integration-test/target/test-dir/MiniOzoneClusterImpl-bc2a9663-e8fe-49bf-acf5-f2772c60d6ae/ozone-meta/ratis] (custom)
2022-11-15 18:21:23,977 [Listener at 0.0.0.0/44129] INFO  server.RaftServer (RaftServerProxy.java:addNew(96)) - om1: addNew group-C5BA1605619E:[om1|rpc:localhost:9872|priority:0|startupRole:FOLLOWER] returns group-C5BA1605619E:java.util.concurrent.CompletableFuture@37a1ac0[Not completed]
2022-11-15 18:21:23,977 [Listener at 0.0.0.0/44129] INFO  om.OzoneManager (OzoneManager.java:initializeRatisServer(1977)) - OzoneManager Ratis server initialized at port 9872
2022-11-15 18:21:24,014 [Listener at 0.0.0.0/44129] INFO  om.OzoneManager (OzoneManager.java:getRpcServer(1104)) - Creating RPC Server
2022-11-15 18:21:24,029 [pool-55-thread-1] INFO  server.RaftServer$Division (RaftServerImpl.java:<init>(195)) - om1: new RaftServerImpl for group-C5BA1605619E:[om1|rpc:localhost:9872|priority:0|startupRole:FOLLOWER] with OzoneManagerStateMachine:uninitialized
2022-11-15 18:21:24,034 [pool-55-thread-1] INFO  server.RaftServerConfigKeys (ConfUtils.java:logGet(46)) - raft.server.rpc.timeout.min = 1s (custom)
2022-11-15 18:21:24,035 [pool-55-thread-1] INFO  server.RaftServerConfigKeys (ConfUtils.java:logGet(46)) - raft.server.rpc.timeout.max = 1200ms (custom)
2022-11-15 18:21:24,035 [pool-55-thread-1] INFO  server.RaftServerConfigKeys (ConfUtils.java:logGet(46)) - raft.server.rpc.sleep.time = 25ms (default)
2022-11-15 18:21:24,035 [pool-55-thread-1] INFO  server.RaftServerConfigKeys (ConfUtils.java:logGet(46)) - raft.server.rpc.slowness.timeout = 120s (custom)
2022-11-15 18:21:24,035 [pool-55-thread-1] INFO  server.RaftServerConfigKeys (ConfUtils.java:logGet(46)) - raft.server.leaderelection.leader.step-down.wait-time = 10s (default)
2022-11-15 18:21:24,035 [pool-55-thread-1] INFO  server.RaftServerConfigKeys (ConfUtils.java:logGet(46)) - raft.server.sleep.deviation.threshold = 300ms (default)
2022-11-15 18:21:24,049 [pool-55-thread-1] INFO  server.RaftServer$Division (ServerState.java:<init>(118)) - om1@group-C5BA1605619E: ConfigurationManager, init=-1: peers:[om1|rpc:localhost:9872|priority:0|startupRole:FOLLOWER]|listeners:[], old=null, confs=<EMPTY_MAP>
2022-11-15 18:21:24,051 [pool-55-thread-1] INFO  server.RaftServerConfigKeys (ConfUtils.java:logGet(46)) - raft.server.storage.dir = [/home/runner/work/ozone/ozone/hadoop-ozone/integration-test/target/test-dir/MiniOzoneClusterImpl-bc2a9663-e8fe-49bf-acf5-f2772c60d6ae/ozone-meta/ratis] (custom)
2022-11-15 18:21:24,074 [pool-55-thread-1] INFO  server.RaftServerConfigKeys (ConfUtils.java:logGet(46)) - raft.server.log.corruption.policy = EXCEPTION (default)
2022-11-15 18:21:24,074 [pool-55-thread-1] INFO  server.RaftServerConfigKeys (ConfUtils.java:logGet(46)) - raft.server.storage.free-space.min = 0MB (=0) (default)
2022-11-15 18:21:24,101 [pool-55-thread-1] INFO  server.RaftServerConfigKeys (ConfUtils.java:logGet(46)) - raft.server.notification.no-leader.timeout = 120s (custom)
2022-11-15 18:21:24,108 [pool-55-thread-1] INFO  server.RaftServerConfigKeys (ConfUtils.java:logGet(46)) - raft.server.retrycache.expirytime = 300s (custom)
2022-11-15 18:21:24,109 [pool-55-thread-1] INFO  server.RaftServerConfigKeys (ConfUtils.java:logGet(46)) - raft.server.retrycache.statistics.expirytime = 100μs (default)
2022-11-15 18:21:24,344 [pool-55-thread-1] INFO  server.RaftServerConfigKeys (ConfUtils.java:logGet(46)) - raft.server.log.appender.install.snapshot.enabled = false (custom)
2022-11-15 18:21:24,345 [pool-55-thread-1] INFO  server.RaftServerConfigKeys (ConfUtils.java:logGet(46)) - raft.server.threadpool.server.cached = true (default)
2022-11-15 18:21:24,346 [pool-55-thread-1] INFO  server.RaftServerConfigKeys (ConfUtils.java:logGet(46)) - raft.server.threadpool.server.size = 0 (default)
2022-11-15 18:21:24,347 [pool-55-thread-1] INFO  server.RaftServerConfigKeys (ConfUtils.java:logGet(46)) - raft.server.threadpool.client.cached = true (default)
2022-11-15 18:21:24,347 [pool-55-thread-1] INFO  server.RaftServerConfigKeys (ConfUtils.java:logGet(46)) - raft.server.threadpool.client.size = 0 (default)
2022-11-15 18:21:24,843 [Listener at 0.0.0.0/44129] INFO  reflections.Reflections (Reflections.java:scan(232)) - Reflections took 735 ms to scan 19 urls, producing 67 keys and 4329 values [using 2 cores]
2022-11-15 18:21:25,058 [Listener at 0.0.0.0/44129] INFO  ipc.CallQueueManager (CallQueueManager.java:<init>(90)) - Using callQueue: class java.util.concurrent.LinkedBlockingQueue, queueCapacity: 2000, scheduler: class org.apache.hadoop.ipc.DefaultRpcScheduler, ipcBackoff: false.
2022-11-15 18:21:25,060 [Socket Reader #1 for port 0] INFO  ipc.Server (Server.java:run(1273)) - Starting Socket Reader #1 for port 0
2022-11-15 18:21:25,101 [Listener at 127.0.0.1/39199] INFO  impl.MetricsSystemImpl (MetricsSystemImpl.java:init(158)) - OzoneManager metrics system started (again)
2022-11-15 18:21:25,121 [Listener at 127.0.0.1/39199] INFO  om.OzoneManager (OzoneManager.java:start(1484)) - OzoneManager RPC server is listening at localhost/127.0.0.1:39199
2022-11-15 18:21:25,121 [Listener at 127.0.0.1/39199] INFO  ratis.OzoneManagerRatisServer (OzoneManagerRatisServer.java:start(555)) - Starting OzoneManagerRatisServer om1 at port 9872
2022-11-15 18:21:25,125 [om1-impl-thread1] INFO  storage.RaftStorageDirectory (RaftStorageDirectoryImpl.java:analyzeStorage(137)) - The storage directory /home/runner/work/ozone/ozone/hadoop-ozone/integration-test/target/test-dir/MiniOzoneClusterImpl-bc2a9663-e8fe-49bf-acf5-f2772c60d6ae/ozone-meta/ratis/bf265839-605b-3f16-9796-c5ba1605619e does not exist. Creating ...
2022-11-15 18:21:25,130 [om1-impl-thread1] INFO  storage.RaftStorageDirectory (RaftStorageDirectoryImpl.java:tryLock(231)) - Lock on /home/runner/work/ozone/ozone/hadoop-ozone/integration-test/target/test-dir/MiniOzoneClusterImpl-bc2a9663-e8fe-49bf-acf5-f2772c60d6ae/ozone-meta/ratis/bf265839-605b-3f16-9796-c5ba1605619e/in_use.lock acquired by nodename 5062@fv-az457-133
2022-11-15 18:21:25,136 [om1-impl-thread1] INFO  storage.RaftStorage (RaftStorageImpl.java:format(96)) - Storage directory /home/runner/work/ozone/ozone/hadoop-ozone/integration-test/target/test-dir/MiniOzoneClusterImpl-bc2a9663-e8fe-49bf-acf5-f2772c60d6ae/ozone-meta/ratis/bf265839-605b-3f16-9796-c5ba1605619e has been successfully formatted.
2022-11-15 18:21:25,139 [om1-impl-thread1] INFO  server.RaftServerConfigKeys (ConfUtils.java:logGet(46)) - raft.server.log.use.memory = false (default)
2022-11-15 18:21:25,148 [om1-impl-thread1] INFO  server.RaftServerConfigKeys (ConfUtils.java:logGet(46)) - raft.server.log.purge.gap = 1000000 (custom)
2022-11-15 18:21:25,148 [om1-impl-thread1] INFO  server.RaftServerConfigKeys (ConfUtils.java:logGet(46)) - raft.server.log.appender.buffer.byte-limit = 33554432 (custom)
2022-11-15 18:21:25,150 [om1-impl-thread1] INFO  server.RaftServerConfigKeys (ConfUtils.java:logGet(46)) - raft.server.log.statemachine.data.read.timeout = 1000ms (default)
2022-11-15 18:21:25,151 [om1-impl-thread1] INFO  server.RaftServerConfigKeys (ConfUtils.java:logGet(46)) - raft.server.log.purge.preservation.log.num = 0 (default)
2022-11-15 18:21:25,154 [om1-impl-thread1] INFO  server.RaftServerConfigKeys (ConfUtils.java:logGet(46)) - raft.server.log.segment.size.max = 4194304 (custom)
2022-11-15 18:21:25,161 [om1-impl-thread1] INFO  server.RaftServerConfigKeys (ConfUtils.java:logGet(46)) - raft.server.log.segment.cache.num.max = 2 (custom)
2022-11-15 18:21:25,161 [om1-impl-thread1] INFO  server.RaftServerConfigKeys (ConfUtils.java:logGet(46)) - raft.server.log.segment.cache.size.max = 200MB (=209715200) (default)
2022-11-15 18:21:25,309 [om1-impl-thread1] INFO  segmented.SegmentedRaftLogWorker (SegmentedRaftLogWorker.java:<init>(191)) - new om1@group-C5BA1605619E-SegmentedRaftLogWorker for RaftStorageImpl:Storage Directory /home/runner/work/ozone/ozone/hadoop-ozone/integration-test/target/test-dir/MiniOzoneClusterImpl-bc2a9663-e8fe-49bf-acf5-f2772c60d6ae/ozone-meta/ratis/bf265839-605b-3f16-9796-c5ba1605619e
2022-11-15 18:21:25,310 [om1-impl-thread1] INFO  server.RaftServerConfigKeys (ConfUtils.java:logGet(46)) - raft.server.log.queue.byte-limit = 64MB (=67108864) (default)
2022-11-15 18:21:25,310 [om1-impl-thread1] INFO  server.RaftServerConfigKeys (ConfUtils.java:logGet(46)) - raft.server.log.queue.element-limit = 4096 (default)
2022-11-15 18:21:25,312 [om1-impl-thread1] INFO  server.RaftServerConfigKeys (ConfUtils.java:logGet(46)) - raft.server.log.segment.size.max = 4194304 (custom)
2022-11-15 18:21:25,314 [om1-impl-thread1] INFO  server.RaftServerConfigKeys (ConfUtils.java:logGet(46)) - raft.server.log.preallocated.size = 4194304 (custom)
2022-11-15 18:21:25,315 [om1-impl-thread1] INFO  server.RaftServerConfigKeys (ConfUtils.java:logGet(46)) - raft.server.log.force.sync.num = 128 (default)
2022-11-15 18:21:25,316 [om1-impl-thread1] INFO  server.RaftServerConfigKeys (ConfUtils.java:logGet(46)) - raft.server.log.statemachine.data.sync = true (default)
2022-11-15 18:21:25,316 [om1-impl-thread1] INFO  server.RaftServerConfigKeys (ConfUtils.java:logGet(46)) - raft.server.log.statemachine.data.sync.timeout = 10s (default)
2022-11-15 18:21:25,317 [om1-impl-thread1] INFO  server.RaftServerConfigKeys (ConfUtils.java:logGet(46)) - raft.server.log.statemachine.data.sync.timeout.retry = -1 (default)
2022-11-15 18:21:25,331 [om1-impl-thread1] INFO  server.RaftServerConfigKeys (ConfUtils.java:logGet(46)) - raft.server.log.write.buffer.size = 64KB (=65536) (default)
2022-11-15 18:21:25,332 [om1-impl-thread1] INFO  server.RaftServerConfigKeys (ConfUtils.java:logGet(46)) - raft.server.log.unsafe-flush.enabled = false (default)
2022-11-15 18:21:25,333 [om1-impl-thread1] INFO  server.RaftServerConfigKeys (ConfUtils.java:logGet(46)) - raft.server.log.async-flush.enabled = false (default)
2022-11-15 18:21:25,333 [om1-impl-thread1] INFO  server.RaftServerConfigKeys (ConfUtils.java:logGet(46)) - raft.server.log.statemachine.data.caching.enabled = false (default)
2022-11-15 18:21:25,341 [om1-impl-thread1] INFO  segmented.SegmentedRaftLogWorker (SegmentedRaftLogWorker.java:lambda$new$0(136)) - om1@group-C5BA1605619E-SegmentedRaftLogWorker: flushIndex: setUnconditionally 0 -> -1
2022-11-15 18:21:25,342 [om1-impl-thread1] INFO  segmented.SegmentedRaftLogWorker (SegmentedRaftLogWorker.java:lambda$new$0(136)) - om1@group-C5BA1605619E-SegmentedRaftLogWorker: safeCacheEvictIndex: setUnconditionally 0 -> -1
2022-11-15 18:21:25,343 [om1-impl-thread1] INFO  server.RaftServer$Division (RaftServerImpl.java:start(334)) - om1@group-C5BA1605619E: start as a follower, conf=-1: peers:[om1|rpc:localhost:9872|priority:0|startupRole:FOLLOWER]|listeners:[], old=null
2022-11-15 18:21:25,348 [om1-impl-thread1] INFO  server.RaftServer$Division (RaftServerImpl.java:setRole(321)) - om1@group-C5BA1605619E: changes role from      null to FOLLOWER at term 0 for startAsFollower
2022-11-15 18:21:25,350 [om1-impl-thread1] INFO  impl.RoleInfo (RoleInfo.java:updateAndGet(139)) - om1: start om1@group-C5BA1605619E-FollowerState
2022-11-15 18:21:25,351 [om1-impl-thread1] INFO  util.JmxRegister (JmxRegister.java:tryRegister(44)) - Successfully registered JMX Bean with object name Ratis:service=RaftServer,group=group-C5BA1605619E,id=om1
2022-11-15 18:21:25,353 [om1-impl-thread1] INFO  server.RaftServerConfigKeys (ConfUtils.java:logGet(46)) - raft.server.snapshot.auto.trigger.enabled = true (custom)
2022-11-15 18:21:25,354 [om1-impl-thread1] INFO  server.RaftServerConfigKeys (ConfUtils.java:logGet(46)) - raft.server.snapshot.auto.trigger.threshold = 400000 (default)
2022-11-15 18:21:25,354 [om1-impl-thread1] INFO  server.RaftServerConfigKeys (ConfUtils.java:logGet(46)) - raft.server.snapshot.retention.file.num = -1 (default)
2022-11-15 18:21:25,355 [om1-impl-thread1] INFO  server.RaftServerConfigKeys (ConfUtils.java:logGet(46)) - raft.server.log.purge.upto.snapshot.index = true (custom)
2022-11-15 18:21:25,359 [om1@group-C5BA1605619E-FollowerState] INFO  server.RaftServerConfigKeys (ConfUtils.java:logFallback(53)) - raft.server.rpc.first-election.timeout.min = 1s (fallback to raft.server.rpc.timeout.min)
2022-11-15 18:21:25,359 [om1@group-C5BA1605619E-FollowerState] INFO  server.RaftServerConfigKeys (ConfUtils.java:logFallback(53)) - raft.server.rpc.first-election.timeout.max = 1200ms (fallback to raft.server.rpc.timeout.max)
2022-11-15 18:21:25,362 [Listener at 127.0.0.1/39199] INFO  server.RaftServer (RaftServerProxy.java:startImpl(393)) - om1: start RPC server
2022-11-15 18:21:25,441 [Listener at 127.0.0.1/39199] INFO  server.GrpcService (GrpcService.java:startImpl(270)) - om1: GrpcService started, listening on 9872
2022-11-15 18:21:25,443 [Listener at 127.0.0.1/39199] INFO  om.OzoneManager (OzoneManager.java:start(1500)) - Version File has different layout version (3) than OM DB (null). That is expected if this OM has never been finalized to a newer layout version.
2022-11-15 18:21:25,446 [JvmPauseMonitor0] INFO  util.JvmPauseMonitor (JvmPauseMonitor.java:run(105)) - JvmPauseMonitor-om1: Started
2022-11-15 18:21:25,464 [Listener at 127.0.0.1/39199] INFO  http.BaseHttpServer (BaseHttpServer.java:newHttpServer2BuilderForOzone(213)) - Starting Web-server for ozoneManager at: http://0.0.0.0:0
2022-11-15 18:21:25,464 [Listener at 127.0.0.1/39199] INFO  http.BaseHttpServer (BaseHttpServer.java:<init>(108)) - Hadoop Security Enabled: false Ozone Security Enabled: false Ozone HTTP Security Enabled: false 
2022-11-15 18:21:25,466 [Listener at 127.0.0.1/39199] WARN  server.AuthenticationFilter (AuthenticationFilter.java:constructSecretProvider(240)) - Unable to initialize FileSignerSecretProvider, falling back to use random secrets. Reason: Could not read signature secret file: /home/runner/hadoop-http-auth-signature-secret
2022-11-15 18:21:25,467 [Listener at 127.0.0.1/39199] WARN  http.HttpRequestLog (HttpRequestLog.java:getRequestLog(103)) - Jetty request log can only be enabled using Log4j
2022-11-15 18:21:25,469 [Listener at 127.0.0.1/39199] INFO  http.HttpServer2 (HttpServer2.java:addGlobalFilter(1031)) - Added global filter 'safety' (class=org.apache.hadoop.hdds.server.http.HttpServer2$QuotingInputFilter)
2022-11-15 18:21:25,470 [Listener at 127.0.0.1/39199] INFO  http.HttpServer2 (HttpServer2.java:addFilter(1007)) - Added filter static_user_filter (class=org.apache.hadoop.http.lib.StaticUserWebFilter$StaticUserFilter) to context ozoneManager
2022-11-15 18:21:25,470 [Listener at 127.0.0.1/39199] INFO  http.HttpServer2 (HttpServer2.java:addFilter(1015)) - Added filter static_user_filter (class=org.apache.hadoop.http.lib.StaticUserWebFilter$StaticUserFilter) to context static
2022-11-15 18:21:25,470 [Listener at 127.0.0.1/39199] INFO  http.HttpServer2 (HttpServer2.java:addFilter(1015)) - Added filter static_user_filter (class=org.apache.hadoop.http.lib.StaticUserWebFilter$StaticUserFilter) to context logs
2022-11-15 18:21:25,479 [Listener at 127.0.0.1/39199] INFO  http.HttpServer2 (HttpServer2.java:bindListener(1250)) - Jetty bound to port 42963
2022-11-15 18:21:25,479 [Listener at 127.0.0.1/39199] INFO  server.Server (Server.java:doStart(375)) - jetty-9.4.49.v20220914; built: 2022-09-14T01:07:36.601Z; git: 4231a3b2e4cb8548a412a789936d640a97b1aa0a; jvm 1.8.0_345-b01
2022-11-15 18:21:25,515 [Listener at 127.0.0.1/39199] INFO  server.session (DefaultSessionIdManager.java:doStart(334)) - DefaultSessionIdManager workerName=node0
2022-11-15 18:21:25,515 [Listener at 127.0.0.1/39199] INFO  server.session (DefaultSessionIdManager.java:doStart(339)) - No SessionScavenger set, using defaults
2022-11-15 18:21:25,515 [Listener at 127.0.0.1/39199] INFO  server.session (HouseKeeper.java:startScavenging(132)) - node0 Scavenging every 600000ms
2022-11-15 18:21:25,519 [Listener at 127.0.0.1/39199] INFO  handler.ContextHandler (ContextHandler.java:doStart(921)) - Started o.e.j.s.ServletContextHandler@5a85526b{logs,/logs,file:///home/runner/work/ozone/ozone/hadoop-ozone/integration-test/target/log,AVAILABLE}
2022-11-15 18:21:25,520 [Listener at 127.0.0.1/39199] INFO  handler.ContextHandler (ContextHandler.java:doStart(921)) - Started o.e.j.s.ServletContextHandler@1319b8b9{static,/static,file:///home/runner/work/ozone/ozone/hadoop-ozone/integration-test/target/test-classes/webapps/static,AVAILABLE}
2022-11-15 18:21:25,524 [Listener at 127.0.0.1/39199] INFO  handler.ContextHandler (ContextHandler.java:doStart(921)) - Started o.e.j.w.WebAppContext@14d428d8{ozoneManager,/,file:///home/runner/work/ozone/ozone/hadoop-ozone/integration-test/target/test-classes/webapps/ozoneManager/,AVAILABLE}{file:/home/runner/work/ozone/ozone/hadoop-ozone/integration-test/target/test-classes/webapps/ozoneManager}
2022-11-15 18:21:25,527 [Listener at 127.0.0.1/39199] INFO  server.AbstractConnector (AbstractConnector.java:doStart(333)) - Started ServerConnector@736f0d1b{HTTP/1.1, (http/1.1)}{0.0.0.0:42963}
2022-11-15 18:21:25,527 [Listener at 127.0.0.1/39199] INFO  server.Server (Server.java:doStart(415)) - Started @8640ms
2022-11-15 18:21:25,527 [Listener at 127.0.0.1/39199] WARN  impl.MetricsSystemImpl (MetricsSystemImpl.java:register(279)) - Sink prometheus already exists!
2022-11-15 18:21:25,528 [Listener at 127.0.0.1/39199] INFO  http.BaseHttpServer (BaseHttpServer.java:updateConnectorAddress(333)) - HTTP server of ozoneManager listening at http://0.0.0.0:42963
2022-11-15 18:21:25,532 [IPC Server Responder] INFO  ipc.Server (Server.java:run(1512)) - IPC Server Responder: starting
2022-11-15 18:21:25,535 [IPC Server listener on 0] INFO  ipc.Server (Server.java:run(1352)) - IPC Server listener on 0: starting
2022-11-15 18:21:25,607 [Listener at 127.0.0.1/39199] INFO  om.OzoneManager (OzoneManager.java:startTrashEmptier(1921)) - Trash Interval set to 0. Files deleted won't move to trash
2022-11-15 18:21:25,614 [org.apache.hadoop.util.JvmPauseMonitor$Monitor@4257255f] INFO  util.JvmPauseMonitor (JvmPauseMonitor.java:run(188)) - Starting JVM pause monitor
2022-11-15 18:21:25,804 [Listener at 127.0.0.1/39199] WARN  impl.MetricRegistriesImpl (MetricRegistriesImpl.java:addReporterRegistration(111)) - New reporters are added after registries were created. Some metrics will be missing from the reporter. Please add reporter before adding any new registry.
2022-11-15 18:21:25,804 [Listener at 127.0.0.1/39199] WARN  impl.MetricRegistriesImpl (MetricRegistriesImpl.java:addReporterRegistration(111)) - New reporters are added after registries were created. Some metrics will be missing from the reporter. Please add reporter before adding any new registry.
2022-11-15 18:21:25,804 [Listener at 127.0.0.1/39199] INFO  impl.MetricsSystemImpl (MetricsSystemImpl.java:init(158)) - HddsDatanode metrics system started (again)
2022-11-15 18:21:25,825 [Listener at 127.0.0.1/39199] INFO  ozone.HddsDatanodeService (HddsDatanodeService.java:start(236)) - HddsDatanodeService host:fv-az457-133.3faczmgjfduuxnksfsdf43hgfa.dx.internal.cloudapp.net ip:10.1.1.61
2022-11-15 18:21:25,864 [Listener at 127.0.0.1/39199] INFO  upgrade.AbstractLayoutVersionManager (AbstractLayoutVersionManager.java:init(83)) - Initializing Layout version manager with metadata layout = DATANODE_SCHEMA_V3 (version = 4), software layout = DATANODE_SCHEMA_V3 (version = 4)
2022-11-15 18:21:25,937 [Listener at 127.0.0.1/39199] INFO  reflections.Reflections (Reflections.java:scan(232)) - Reflections took 64 ms to scan 7 urls, producing 139 keys and 336 values 
2022-11-15 18:21:25,946 [Listener at 127.0.0.1/39199] INFO  statemachine.DatanodeStateMachine (DatanodeStateMachine.java:getEndPointTaskThreadPoolSize(245)) - Datanode State Machine Task Thread Pool size 2
2022-11-15 18:21:26,023 [Listener at 127.0.0.1/39199] INFO  volume.HddsVolume (HddsVolume.java:<init>(117)) - Creating HddsVolume: /home/runner/work/ozone/ozone/hadoop-ozone/integration-test/target/test-dir/MiniOzoneClusterImpl-bc2a9663-e8fe-49bf-acf5-f2772c60d6ae/datanode-0/data-0/containers/hdds of storage type : DISK capacity : 9223372036854775807
2022-11-15 18:21:26,026 [Listener at 127.0.0.1/39199] INFO  volume.MutableVolumeSet (MutableVolumeSet.java:initializeVolumeSet(174)) - Added Volume : /home/runner/work/ozone/ozone/hadoop-ozone/integration-test/target/test-dir/MiniOzoneClusterImpl-bc2a9663-e8fe-49bf-acf5-f2772c60d6ae/datanode-0/data-0/containers/hdds to VolumeSet
2022-11-15 18:21:26,027 [Listener at 127.0.0.1/39199] INFO  volume.ThrottledAsyncChecker (ThrottledAsyncChecker.java:schedule(141)) - Scheduling a check for /home/runner/work/ozone/ozone/hadoop-ozone/integration-test/target/test-dir/MiniOzoneClusterImpl-bc2a9663-e8fe-49bf-acf5-f2772c60d6ae/datanode-0/data-0/containers/hdds
2022-11-15 18:21:26,049 [Listener at 127.0.0.1/39199] INFO  volume.StorageVolumeChecker (StorageVolumeChecker.java:checkAllVolumes(202)) - Scheduled health check for volume /home/runner/work/ozone/ozone/hadoop-ozone/integration-test/target/test-dir/MiniOzoneClusterImpl-bc2a9663-e8fe-49bf-acf5-f2772c60d6ae/datanode-0/data-0/containers/hdds
2022-11-15 18:21:26,071 [Listener at 127.0.0.1/39199] INFO  volume.MutableVolumeSet (MutableVolumeSet.java:initializeVolumeSet(174)) - Added Volume : /home/runner/work/ozone/ozone/hadoop-ozone/integration-test/target/test-dir/MiniOzoneClusterImpl-bc2a9663-e8fe-49bf-acf5-f2772c60d6ae/datanode-0/data/ratis to VolumeSet
2022-11-15 18:21:26,071 [Listener at 127.0.0.1/39199] INFO  volume.ThrottledAsyncChecker (ThrottledAsyncChecker.java:schedule(141)) - Scheduling a check for /home/runner/work/ozone/ozone/hadoop-ozone/integration-test/target/test-dir/MiniOzoneClusterImpl-bc2a9663-e8fe-49bf-acf5-f2772c60d6ae/datanode-0/data/ratis
2022-11-15 18:21:26,072 [Listener at 127.0.0.1/39199] INFO  volume.StorageVolumeChecker (StorageVolumeChecker.java:checkAllVolumes(202)) - Scheduled health check for volume /home/runner/work/ozone/ozone/hadoop-ozone/integration-test/target/test-dir/MiniOzoneClusterImpl-bc2a9663-e8fe-49bf-acf5-f2772c60d6ae/datanode-0/data/ratis
2022-11-15 18:21:26,101 [Thread-136] INFO  ozoneimpl.ContainerReader (ContainerReader.java:readVolume(175)) - Finish verifying containers on volume /home/runner/work/ozone/ozone/hadoop-ozone/integration-test/target/test-dir/MiniOzoneClusterImpl-bc2a9663-e8fe-49bf-acf5-f2772c60d6ae/datanode-0/data-0/containers/hdds
2022-11-15 18:21:26,101 [Listener at 127.0.0.1/39199] INFO  ozoneimpl.OzoneContainer (OzoneContainer.java:buildContainerSet(300)) - Build ContainerSet costs 0s
2022-11-15 18:21:26,157 [Listener at 127.0.0.1/39199] INFO  audit.AuditLogger (AuditLogger.java:refreshDebugCmdSet(126)) - Refresh DebugCmdSet for DNAudit to [].
2022-11-15 18:21:26,192 [Listener at 127.0.0.1/39199] INFO  server.RaftServer (ConfUtils.java:logGet(46)) - raft.rpc.type = GRPC (default)
2022-11-15 18:21:26,193 [Listener at 127.0.0.1/39199] INFO  grpc.GrpcConfigKeys (ConfUtils.java:logFallback(53)) - raft.grpc.admin.host = null (fallback to raft.grpc.server.host)
2022-11-15 18:21:26,193 [Listener at 127.0.0.1/39199] INFO  grpc.GrpcConfigKeys (ConfUtils.java:logGet(46)) - raft.grpc.admin.port = 0 (custom)
2022-11-15 18:21:26,194 [Listener at 127.0.0.1/39199] INFO  grpc.GrpcConfigKeys (ConfUtils.java:logFallback(53)) - raft.grpc.client.host = null (fallback to raft.grpc.server.host)
2022-11-15 18:21:26,194 [Listener at 127.0.0.1/39199] INFO  grpc.GrpcConfigKeys (ConfUtils.java:logGet(46)) - raft.grpc.client.port = 0 (custom)
2022-11-15 18:21:26,195 [Listener at 127.0.0.1/39199] INFO  grpc.GrpcConfigKeys (ConfUtils.java:logGet(46)) - raft.grpc.server.host = null (default)
2022-11-15 18:21:26,195 [Listener at 127.0.0.1/39199] INFO  grpc.GrpcConfigKeys (ConfUtils.java:logGet(46)) - raft.grpc.server.port = 0 (default)
2022-11-15 18:21:26,196 [Listener at 127.0.0.1/39199] INFO  server.GrpcService (ConfUtils.java:logGet(46)) - raft.grpc.message.size.max = 32MB (=33554432) (custom)
2022-11-15 18:21:26,196 [Listener at 127.0.0.1/39199] INFO  server.RaftServerConfigKeys (ConfUtils.java:logGet(46)) - raft.server.log.appender.buffer.byte-limit = 33554432 (custom)
2022-11-15 18:21:26,196 [Listener at 127.0.0.1/39199] INFO  server.GrpcService (ConfUtils.java:logGet(46)) - raft.grpc.flow.control.window = 5MB (=5242880) (custom)
2022-11-15 18:21:26,197 [Listener at 127.0.0.1/39199] INFO  server.RaftServerConfigKeys (ConfUtils.java:logGet(46)) - raft.server.rpc.request.timeout = 60s (custom)
2022-11-15 18:21:26,198 [Listener at 127.0.0.1/39199] INFO  grpc.GrpcConfigKeys (ConfUtils.java:logGet(46)) - raft.grpc.server.heartbeat.channel = true (default)
2022-11-15 18:21:26,200 [Listener at 127.0.0.1/39199] INFO  grpc.GrpcConfigKeys (ConfUtils.java:logGet(46)) - raft.grpc.server.async.request.thread.pool.cached = true (default)
2022-11-15 18:21:26,201 [Listener at 127.0.0.1/39199] INFO  grpc.GrpcConfigKeys (ConfUtils.java:logGet(46)) - raft.grpc.server.async.request.thread.pool.size = 32 (default)
2022-11-15 18:21:26,202 [Listener at 127.0.0.1/39199] INFO  impl.DataStreamServerImpl (ConfUtils.java:logGet(46)) - raft.datastream.type = DISABLED (default)
2022-11-15 18:21:26,206 [Listener at 127.0.0.1/39199] INFO  server.RaftServerConfigKeys (ConfUtils.java:logGet(46)) - raft.server.threadpool.proxy.cached = true (default)
2022-11-15 18:21:26,206 [Listener at 127.0.0.1/39199] INFO  server.RaftServerConfigKeys (ConfUtils.java:logGet(46)) - raft.server.threadpool.proxy.size = 0 (default)
2022-11-15 18:21:26,207 [Listener at 127.0.0.1/39199] INFO  server.RaftServerConfigKeys (ConfUtils.java:logGet(46)) - raft.server.rpc.slowness.timeout = 300s (custom)
2022-11-15 18:21:26,207 [Listener at 127.0.0.1/39199] INFO  server.RaftServerConfigKeys (ConfUtils.java:logGet(46)) - raft.server.leaderelection.leader.step-down.wait-time = 10s (default)
2022-11-15 18:21:26,207 [Listener at 127.0.0.1/39199] INFO  server.RaftServerConfigKeys (ConfUtils.java:logGet(46)) - raft.server.storage.dir = [/home/runner/work/ozone/ozone/hadoop-ozone/integration-test/target/test-dir/MiniOzoneClusterImpl-bc2a9663-e8fe-49bf-acf5-f2772c60d6ae/datanode-0/data/ratis] (custom)
2022-11-15 18:21:26,234 [Listener at 127.0.0.1/39199] INFO  server.XceiverServerGrpc (XceiverServerGrpc.java:<init>(132)) - GrpcServer channel type EpollServerSocketChannel
2022-11-15 18:21:26,323 [Listener at 127.0.0.1/39199] INFO  http.BaseHttpServer (BaseHttpServer.java:newHttpServer2BuilderForOzone(213)) - Starting Web-server for hddsDatanode at: http://0.0.0.0:0
2022-11-15 18:21:26,323 [Listener at 127.0.0.1/39199] INFO  http.BaseHttpServer (BaseHttpServer.java:<init>(108)) - Hadoop Security Enabled: false Ozone Security Enabled: false Ozone HTTP Security Enabled: false 
2022-11-15 18:21:26,325 [Listener at 127.0.0.1/39199] WARN  server.AuthenticationFilter (AuthenticationFilter.java:constructSecretProvider(240)) - Unable to initialize FileSignerSecretProvider, falling back to use random secrets. Reason: Could not read signature secret file: /home/runner/hadoop-http-auth-signature-secret
2022-11-15 18:21:26,327 [Listener at 127.0.0.1/39199] WARN  http.HttpRequestLog (HttpRequestLog.java:getRequestLog(103)) - Jetty request log can only be enabled using Log4j
2022-11-15 18:21:26,331 [Listener at 127.0.0.1/39199] INFO  http.HttpServer2 (HttpServer2.java:addGlobalFilter(1031)) - Added global filter 'safety' (class=org.apache.hadoop.hdds.server.http.HttpServer2$QuotingInputFilter)
2022-11-15 18:21:26,332 [Listener at 127.0.0.1/39199] INFO  http.HttpServer2 (HttpServer2.java:addFilter(1007)) - Added filter static_user_filter (class=org.apache.hadoop.http.lib.StaticUserWebFilter$StaticUserFilter) to context hddsDatanode
2022-11-15 18:21:26,332 [Listener at 127.0.0.1/39199] INFO  http.HttpServer2 (HttpServer2.java:addFilter(1015)) - Added filter static_user_filter (class=org.apache.hadoop.http.lib.StaticUserWebFilter$StaticUserFilter) to context logs
2022-11-15 18:21:26,332 [Listener at 127.0.0.1/39199] INFO  http.HttpServer2 (HttpServer2.java:addFilter(1015)) - Added filter static_user_filter (class=org.apache.hadoop.http.lib.StaticUserWebFilter$StaticUserFilter) to context static
2022-11-15 18:21:26,335 [Listener at 127.0.0.1/39199] INFO  http.HttpServer2 (HttpServer2.java:bindListener(1250)) - Jetty bound to port 39563
2022-11-15 18:21:26,335 [Listener at 127.0.0.1/39199] INFO  server.Server (Server.java:doStart(375)) - jetty-9.4.49.v20220914; built: 2022-09-14T01:07:36.601Z; git: 4231a3b2e4cb8548a412a789936d640a97b1aa0a; jvm 1.8.0_345-b01
2022-11-15 18:21:26,337 [Listener at 127.0.0.1/39199] INFO  server.session (DefaultSessionIdManager.java:doStart(334)) - DefaultSessionIdManager workerName=node0
2022-11-15 18:21:26,338 [Listener at 127.0.0.1/39199] INFO  server.session (DefaultSessionIdManager.java:doStart(339)) - No SessionScavenger set, using defaults
2022-11-15 18:21:26,338 [Listener at 127.0.0.1/39199] INFO  server.session (HouseKeeper.java:startScavenging(132)) - node0 Scavenging every 660000ms
2022-11-15 18:21:26,340 [Listener at 127.0.0.1/39199] INFO  handler.ContextHandler (ContextHandler.java:doStart(921)) - Started o.e.j.s.ServletContextHandler@41ee228b{logs,/logs,file:///home/runner/work/ozone/ozone/hadoop-ozone/integration-test/target/log,AVAILABLE}
2022-11-15 18:21:26,340 [Listener at 127.0.0.1/39199] INFO  handler.ContextHandler (ContextHandler.java:doStart(921)) - Started o.e.j.s.ServletContextHandler@319041da{static,/static,jar:file:/home/runner/.m2/repository/org/apache/ozone/hdds-container-service/1.3.0-SNAPSHOT/hdds-container-service-1.3.0-SNAPSHOT.jar!/webapps/static,AVAILABLE}
2022-11-15 18:21:26,559 [om1@group-C5BA1605619E-FollowerState] INFO  impl.FollowerState (FollowerState.java:run(143)) - om1@group-C5BA1605619E-FollowerState: change to CANDIDATE, lastRpcElapsedTime:1208855477ns, electionTimeout:1198ms
2022-11-15 18:21:26,560 [om1@group-C5BA1605619E-FollowerState] INFO  impl.RoleInfo (RoleInfo.java:shutdownFollowerState(110)) - om1: shutdown om1@group-C5BA1605619E-FollowerState
2022-11-15 18:21:26,560 [om1@group-C5BA1605619E-FollowerState] INFO  server.RaftServer$Division (RaftServerImpl.java:setRole(321)) - om1@group-C5BA1605619E: changes role from  FOLLOWER to CANDIDATE at term 0 for changeToCandidate
2022-11-15 18:21:26,563 [om1@group-C5BA1605619E-FollowerState] INFO  server.RaftServerConfigKeys (ConfUtils.java:logGet(46)) - raft.server.leaderelection.pre-vote = false (custom)
2022-11-15 18:21:26,563 [om1@group-C5BA1605619E-FollowerState] INFO  impl.RoleInfo (RoleInfo.java:updateAndGet(139)) - om1: start om1@group-C5BA1605619E-LeaderElection1
2022-11-15 18:21:26,585 [om1@group-C5BA1605619E-LeaderElection1] INFO  impl.LeaderElection (LeaderElection.java:askForVotes(312)) - om1@group-C5BA1605619E-LeaderElection1 ELECTION round 0: submit vote requests at term 1 for -1: peers:[om1|rpc:localhost:9872|priority:0|startupRole:FOLLOWER]|listeners:[], old=null
2022-11-15 18:21:26,587 [om1@group-C5BA1605619E-LeaderElection1] INFO  impl.LeaderElection (LeaderElection.java:askForVotes(314)) - om1@group-C5BA1605619E-LeaderElection1 ELECTION round 0: result PASSED (term=1)
2022-11-15 18:21:26,587 [om1@group-C5BA1605619E-LeaderElection1] INFO  impl.RoleInfo (RoleInfo.java:shutdownLeaderElection(130)) - om1: shutdown om1@group-C5BA1605619E-LeaderElection1
2022-11-15 18:21:26,588 [om1@group-C5BA1605619E-LeaderElection1] INFO  server.RaftServer$Division (RaftServerImpl.java:setRole(321)) - om1@group-C5BA1605619E: changes role from CANDIDATE to LEADER at term 1 for changeToLeader
2022-11-15 18:21:26,588 [om1@group-C5BA1605619E-LeaderElection1] INFO  server.RaftServer$Division (ServerState.java:setLeader(313)) - om1@group-C5BA1605619E: change Leader from null to om1 at term 1 for becomeLeader, leader elected after 2487ms
2022-11-15 18:21:26,599 [Listener at 127.0.0.1/39199] INFO  handler.ContextHandler (ContextHandler.java:doStart(921)) - Started o.e.j.w.WebAppContext@958fec{hddsDatanode,/,file:///tmp/jetty-0_0_0_0-39563-hdds-container-service-1_3_0-SNAPSHOT_jar-_-any-2299488720204878883/webapp/,AVAILABLE}{jar:file:/home/runner/.m2/repository/org/apache/ozone/hdds-container-service/1.3.0-SNAPSHOT/hdds-container-service-1.3.0-SNAPSHOT.jar!/webapps/hddsDatanode}
2022-11-15 18:21:26,602 [Listener at 127.0.0.1/39199] INFO  server.AbstractConnector (AbstractConnector.java:doStart(333)) - Started ServerConnector@65b2582{HTTP/1.1, (http/1.1)}{0.0.0.0:39563}
2022-11-15 18:21:26,602 [Listener at 127.0.0.1/39199] INFO  server.Server (Server.java:doStart(415)) - Started @9715ms
2022-11-15 18:21:26,602 [Listener at 127.0.0.1/39199] WARN  impl.MetricsSystemImpl (MetricsSystemImpl.java:register(279)) - Sink prometheus already exists!
2022-11-15 18:21:26,603 [Listener at 127.0.0.1/39199] INFO  http.BaseHttpServer (BaseHttpServer.java:updateConnectorAddress(333)) - HTTP server of hddsDatanode listening at http://0.0.0.0:39563
2022-11-15 18:21:26,603 [om1@group-C5BA1605619E-LeaderElection1] INFO  server.RaftServerConfigKeys (ConfUtils.java:logGet(46)) - raft.server.staging.catchup.gap = 1000 (default)
2022-11-15 18:21:26,607 [Listener at 127.0.0.1/39199] WARN  impl.MetricRegistriesImpl (MetricRegistriesImpl.java:addReporterRegistration(111)) - New reporters are added after registries were created. Some metrics will be missing from the reporter. Please add reporter before adding any new registry.
2022-11-15 18:21:26,607 [Listener at 127.0.0.1/39199] WARN  impl.MetricRegistriesImpl (MetricRegistriesImpl.java:addReporterRegistration(111)) - New reporters are added after registries were created. Some metrics will be missing from the reporter. Please add reporter before adding any new registry.
2022-11-15 18:21:26,607 [Listener at 127.0.0.1/39199] INFO  impl.MetricsSystemImpl (MetricsSystemImpl.java:init(158)) - HddsDatanode metrics system started (again)
2022-11-15 18:21:26,614 [om1@group-C5BA1605619E-LeaderElection1] INFO  server.RaftServerConfigKeys (ConfUtils.java:logGet(46)) - raft.server.write.element-limit = 4096 (default)
2022-11-15 18:21:26,613 [Datanode State Machine Daemon Thread] INFO  statemachine.DatanodeStateMachine (DatanodeStateMachine.java:lambda$startDaemon$0(505)) - Ozone container server started.
2022-11-15 18:21:26,617 [om1@group-C5BA1605619E-LeaderElection1] INFO  server.RaftServerConfigKeys (ConfUtils.java:logGet(46)) - raft.server.write.byte-limit = 64MB (=67108864) (default)
2022-11-15 18:21:26,627 [Listener at 127.0.0.1/39199] INFO  ozone.HddsDatanodeService (HddsDatanodeService.java:start(236)) - HddsDatanodeService host:fv-az457-133.3faczmgjfduuxnksfsdf43hgfa.dx.internal.cloudapp.net ip:10.1.1.61
2022-11-15 18:21:26,632 [om1@group-C5BA1605619E-LeaderElection1] INFO  server.RaftServerConfigKeys (ConfUtils.java:logGet(46)) - raft.server.watch.timeout = 10s (default)
2022-11-15 18:21:26,632 [om1@group-C5BA1605619E-LeaderElection1] INFO  server.RaftServerConfigKeys (ConfUtils.java:logGet(46)) - raft.server.watch.timeout.denomination = 1s (default)
2022-11-15 18:21:26,634 [om1@group-C5BA1605619E-LeaderElection1] INFO  server.RaftServerConfigKeys (ConfUtils.java:logGet(46)) - raft.server.watch.element-limit = 65536 (default)
2022-11-15 18:21:26,645 [om1@group-C5BA1605619E-LeaderElection1] INFO  server.RaftServerConfigKeys (ConfUtils.java:logGet(46)) - raft.server.write.element-limit = 4096 (default)
2022-11-15 18:21:26,647 [org.apache.hadoop.util.JvmPauseMonitor$Monitor@b4c5c5e] INFO  util.JvmPauseMonitor (JvmPauseMonitor.java:run(188)) - Starting JVM pause monitor
2022-11-15 18:21:26,655 [Listener at 127.0.0.1/39199] INFO  upgrade.AbstractLayoutVersionManager (AbstractLayoutVersionManager.java:init(83)) - Initializing Layout version manager with metadata layout = DATANODE_SCHEMA_V3 (version = 4), software layout = DATANODE_SCHEMA_V3 (version = 4)
2022-11-15 18:21:26,660 [om1@group-C5BA1605619E-LeaderElection1] INFO  server.RaftServerConfigKeys (ConfUtils.java:logGet(46)) - raft.server.write.follower.gap.ratio.max = -1.0 (default)
2022-11-15 18:21:26,664 [om1@group-C5BA1605619E-LeaderElection1] INFO  impl.RoleInfo (RoleInfo.java:updateAndGet(139)) - om1: start om1@group-C5BA1605619E-LeaderStateImpl
2022-11-15 18:21:26,708 [Listener at 127.0.0.1/39199] INFO  reflections.Reflections (Reflections.java:scan(232)) - Reflections took 52 ms to scan 7 urls, producing 139 keys and 336 values 
2022-11-15 18:21:26,710 [Listener at 127.0.0.1/39199] INFO  statemachine.DatanodeStateMachine (DatanodeStateMachine.java:getEndPointTaskThreadPoolSize(245)) - Datanode State Machine Task Thread Pool size 2
2022-11-15 18:21:26,712 [Listener at 127.0.0.1/39199] INFO  volume.HddsVolume (HddsVolume.java:<init>(117)) - Creating HddsVolume: /home/runner/work/ozone/ozone/hadoop-ozone/integration-test/target/test-dir/MiniOzoneClusterImpl-bc2a9663-e8fe-49bf-acf5-f2772c60d6ae/datanode-1/data-0/containers/hdds of storage type : DISK capacity : 9223372036854775807
2022-11-15 18:21:26,713 [Listener at 127.0.0.1/39199] INFO  volume.MutableVolumeSet (MutableVolumeSet.java:initializeVolumeSet(174)) - Added Volume : /home/runner/work/ozone/ozone/hadoop-ozone/integration-test/target/test-dir/MiniOzoneClusterImpl-bc2a9663-e8fe-49bf-acf5-f2772c60d6ae/datanode-1/data-0/containers/hdds to VolumeSet
2022-11-15 18:21:26,713 [Listener at 127.0.0.1/39199] INFO  volume.ThrottledAsyncChecker (ThrottledAsyncChecker.java:schedule(141)) - Scheduling a check for /home/runner/work/ozone/ozone/hadoop-ozone/integration-test/target/test-dir/MiniOzoneClusterImpl-bc2a9663-e8fe-49bf-acf5-f2772c60d6ae/datanode-1/data-0/containers/hdds
2022-11-15 18:21:26,719 [Listener at 127.0.0.1/39199] INFO  volume.StorageVolumeChecker (StorageVolumeChecker.java:checkAllVolumes(202)) - Scheduled health check for volume /home/runner/work/ozone/ozone/hadoop-ozone/integration-test/target/test-dir/MiniOzoneClusterImpl-bc2a9663-e8fe-49bf-acf5-f2772c60d6ae/datanode-1/data-0/containers/hdds
2022-11-15 18:21:26,734 [Listener at 127.0.0.1/39199] INFO  volume.MutableVolumeSet (MutableVolumeSet.java:initializeVolumeSet(174)) - Added Volume : /home/runner/work/ozone/ozone/hadoop-ozone/integration-test/target/test-dir/MiniOzoneClusterImpl-bc2a9663-e8fe-49bf-acf5-f2772c60d6ae/datanode-1/data/ratis to VolumeSet
2022-11-15 18:21:26,734 [Listener at 127.0.0.1/39199] INFO  volume.ThrottledAsyncChecker (ThrottledAsyncChecker.java:schedule(141)) - Scheduling a check for /home/runner/work/ozone/ozone/hadoop-ozone/integration-test/target/test-dir/MiniOzoneClusterImpl-bc2a9663-e8fe-49bf-acf5-f2772c60d6ae/datanode-1/data/ratis
2022-11-15 18:21:26,734 [Listener at 127.0.0.1/39199] INFO  volume.StorageVolumeChecker (StorageVolumeChecker.java:checkAllVolumes(202)) - Scheduled health check for volume /home/runner/work/ozone/ozone/hadoop-ozone/integration-test/target/test-dir/MiniOzoneClusterImpl-bc2a9663-e8fe-49bf-acf5-f2772c60d6ae/datanode-1/data/ratis
2022-11-15 18:21:26,748 [Thread-151] INFO  ozoneimpl.ContainerReader (ContainerReader.java:readVolume(175)) - Finish verifying containers on volume /home/runner/work/ozone/ozone/hadoop-ozone/integration-test/target/test-dir/MiniOzoneClusterImpl-bc2a9663-e8fe-49bf-acf5-f2772c60d6ae/datanode-1/data-0/containers/hdds
2022-11-15 18:21:26,753 [Listener at 127.0.0.1/39199] INFO  ozoneimpl.OzoneContainer (OzoneContainer.java:buildContainerSet(300)) - Build ContainerSet costs 0s
2022-11-15 18:21:26,757 [Listener at 127.0.0.1/39199] INFO  server.RaftServer (ConfUtils.java:logGet(46)) - raft.rpc.type = GRPC (default)
2022-11-15 18:21:26,757 [Listener at 127.0.0.1/39199] INFO  grpc.GrpcConfigKeys (ConfUtils.java:logFallback(53)) - raft.grpc.admin.host = null (fallback to raft.grpc.server.host)
2022-11-15 18:21:26,757 [Listener at 127.0.0.1/39199] INFO  grpc.GrpcConfigKeys (ConfUtils.java:logGet(46)) - raft.grpc.admin.port = 0 (custom)
2022-11-15 18:21:26,757 [Listener at 127.0.0.1/39199] INFO  grpc.GrpcConfigKeys (ConfUtils.java:logFallback(53)) - raft.grpc.client.host = null (fallback to raft.grpc.server.host)
2022-11-15 18:21:26,757 [Listener at 127.0.0.1/39199] INFO  grpc.GrpcConfigKeys (ConfUtils.java:logGet(46)) - raft.grpc.client.port = 0 (custom)
2022-11-15 18:21:26,757 [Listener at 127.0.0.1/39199] INFO  grpc.GrpcConfigKeys (ConfUtils.java:logGet(46)) - raft.grpc.server.host = null (default)
2022-11-15 18:21:26,758 [Listener at 127.0.0.1/39199] INFO  grpc.GrpcConfigKeys (ConfUtils.java:logGet(46)) - raft.grpc.server.port = 0 (default)
2022-11-15 18:21:26,758 [Listener at 127.0.0.1/39199] INFO  server.GrpcService (ConfUtils.java:logGet(46)) - raft.grpc.message.size.max = 32MB (=33554432) (custom)
2022-11-15 18:21:26,758 [Listener at 127.0.0.1/39199] INFO  server.RaftServerConfigKeys (ConfUtils.java:logGet(46)) - raft.server.log.appender.buffer.byte-limit = 33554432 (custom)
2022-11-15 18:21:26,758 [Listener at 127.0.0.1/39199] INFO  server.GrpcService (ConfUtils.java:logGet(46)) - raft.grpc.flow.control.window = 5MB (=5242880) (custom)
2022-11-15 18:21:26,758 [Listener at 127.0.0.1/39199] INFO  server.RaftServerConfigKeys (ConfUtils.java:logGet(46)) - raft.server.rpc.request.timeout = 60s (custom)
2022-11-15 18:21:26,758 [Listener at 127.0.0.1/39199] INFO  grpc.GrpcConfigKeys (ConfUtils.java:logGet(46)) - raft.grpc.server.heartbeat.channel = true (default)
2022-11-15 18:21:26,758 [Listener at 127.0.0.1/39199] INFO  grpc.GrpcConfigKeys (ConfUtils.java:logGet(46)) - raft.grpc.server.async.request.thread.pool.cached = true (default)
2022-11-15 18:21:26,758 [Listener at 127.0.0.1/39199] INFO  grpc.GrpcConfigKeys (ConfUtils.java:logGet(46)) - raft.grpc.server.async.request.thread.pool.size = 32 (default)
2022-11-15 18:21:26,765 [Listener at 127.0.0.1/39199] INFO  impl.DataStreamServerImpl (ConfUtils.java:logGet(46)) - raft.datastream.type = DISABLED (default)
2022-11-15 18:21:26,766 [Listener at 127.0.0.1/39199] INFO  server.RaftServerConfigKeys (ConfUtils.java:logGet(46)) - raft.server.threadpool.proxy.cached = true (default)
2022-11-15 18:21:26,766 [Listener at 127.0.0.1/39199] INFO  server.RaftServerConfigKeys (ConfUtils.java:logGet(46)) - raft.server.threadpool.proxy.size = 0 (default)
2022-11-15 18:21:26,766 [Listener at 127.0.0.1/39199] INFO  server.RaftServerConfigKeys (ConfUtils.java:logGet(46)) - raft.server.rpc.slowness.timeout = 300s (custom)
2022-11-15 18:21:26,769 [Listener at 127.0.0.1/39199] INFO  server.RaftServerConfigKeys (ConfUtils.java:logGet(46)) - raft.server.leaderelection.leader.step-down.wait-time = 10s (default)
2022-11-15 18:21:26,770 [Listener at 127.0.0.1/39199] INFO  server.RaftServerConfigKeys (ConfUtils.java:logGet(46)) - raft.server.storage.dir = [/home/runner/work/ozone/ozone/hadoop-ozone/integration-test/target/test-dir/MiniOzoneClusterImpl-bc2a9663-e8fe-49bf-acf5-f2772c60d6ae/datanode-1/data/ratis] (custom)
2022-11-15 18:21:26,777 [Listener at 127.0.0.1/39199] INFO  server.XceiverServerGrpc (XceiverServerGrpc.java:<init>(132)) - GrpcServer channel type EpollServerSocketChannel
2022-11-15 18:21:26,778 [om1@group-C5BA1605619E-LeaderElection1] INFO  segmented.SegmentedRaftLogWorker (SegmentedRaftLogWorker.java:startLogSegment(452)) - om1@group-C5BA1605619E-SegmentedRaftLogWorker: Starting segment from index:0
2022-11-15 18:21:26,810 [Listener at 127.0.0.1/39199] INFO  http.BaseHttpServer (BaseHttpServer.java:newHttpServer2BuilderForOzone(213)) - Starting Web-server for hddsDatanode at: http://0.0.0.0:0
2022-11-15 18:21:26,810 [Listener at 127.0.0.1/39199] INFO  http.BaseHttpServer (BaseHttpServer.java:<init>(108)) - Hadoop Security Enabled: false Ozone Security Enabled: false Ozone HTTP Security Enabled: false 
2022-11-15 18:21:26,812 [Listener at 127.0.0.1/39199] WARN  server.AuthenticationFilter (AuthenticationFilter.java:constructSecretProvider(240)) - Unable to initialize FileSignerSecretProvider, falling back to use random secrets. Reason: Could not read signature secret file: /home/runner/hadoop-http-auth-signature-secret
2022-11-15 18:21:26,817 [Listener at 127.0.0.1/39199] WARN  http.HttpRequestLog (HttpRequestLog.java:getRequestLog(103)) - Jetty request log can only be enabled using Log4j
2022-11-15 18:21:26,818 [Listener at 127.0.0.1/39199] INFO  http.HttpServer2 (HttpServer2.java:addGlobalFilter(1031)) - Added global filter 'safety' (class=org.apache.hadoop.hdds.server.http.HttpServer2$QuotingInputFilter)
2022-11-15 18:21:26,819 [Listener at 127.0.0.1/39199] INFO  http.HttpServer2 (HttpServer2.java:addFilter(1007)) - Added filter static_user_filter (class=org.apache.hadoop.http.lib.StaticUserWebFilter$StaticUserFilter) to context hddsDatanode
2022-11-15 18:21:26,819 [Listener at 127.0.0.1/39199] INFO  http.HttpServer2 (HttpServer2.java:addFilter(1015)) - Added filter static_user_filter (class=org.apache.hadoop.http.lib.StaticUserWebFilter$StaticUserFilter) to context logs
2022-11-15 18:21:26,819 [Listener at 127.0.0.1/39199] INFO  http.HttpServer2 (HttpServer2.java:addFilter(1015)) - Added filter static_user_filter (class=org.apache.hadoop.http.lib.StaticUserWebFilter$StaticUserFilter) to context static
2022-11-15 18:21:26,820 [Listener at 127.0.0.1/39199] INFO  http.HttpServer2 (HttpServer2.java:bindListener(1250)) - Jetty bound to port 41215
2022-11-15 18:21:26,820 [Listener at 127.0.0.1/39199] INFO  server.Server (Server.java:doStart(375)) - jetty-9.4.49.v20220914; built: 2022-09-14T01:07:36.601Z; git: 4231a3b2e4cb8548a412a789936d640a97b1aa0a; jvm 1.8.0_345-b01
2022-11-15 18:21:26,862 [Datanode State Machine Task Thread - 0] INFO  datanode.InitDatanodeState (InitDatanodeState.java:persistContainerDatanodeDetails(138)) - DatanodeDetails is persisted to /home/runner/work/ozone/ozone/hadoop-ozone/integration-test/target/test-dir/MiniOzoneClusterImpl-bc2a9663-e8fe-49bf-acf5-f2772c60d6ae/datanode-0/meta/datanode.id
2022-11-15 18:21:26,880 [Listener at 127.0.0.1/39199] INFO  server.session (DefaultSessionIdManager.java:doStart(334)) - DefaultSessionIdManager workerName=node0
2022-11-15 18:21:26,881 [Listener at 127.0.0.1/39199] INFO  server.session (DefaultSessionIdManager.java:doStart(339)) - No SessionScavenger set, using defaults
2022-11-15 18:21:26,881 [Listener at 127.0.0.1/39199] INFO  server.session (HouseKeeper.java:startScavenging(132)) - node0 Scavenging every 600000ms
2022-11-15 18:21:26,889 [Listener at 127.0.0.1/39199] INFO  handler.ContextHandler (ContextHandler.java:doStart(921)) - Started o.e.j.s.ServletContextHandler@1e5975db{logs,/logs,file:///home/runner/work/ozone/ozone/hadoop-ozone/integration-test/target/log,AVAILABLE}
2022-11-15 18:21:26,889 [Listener at 127.0.0.1/39199] INFO  handler.ContextHandler (ContextHandler.java:doStart(921)) - Started o.e.j.s.ServletContextHandler@84a9f40{static,/static,jar:file:/home/runner/.m2/repository/org/apache/ozone/hdds-container-service/1.3.0-SNAPSHOT/hdds-container-service-1.3.0-SNAPSHOT.jar!/webapps/static,AVAILABLE}
2022-11-15 18:21:26,928 [om1@group-C5BA1605619E-LeaderElection1] INFO  server.RaftServer$Division (ServerState.java:setRaftConf(430)) - om1@group-C5BA1605619E: set configuration 0: peers:[om1|rpc:localhost:9872|admin:|client:|dataStream:|priority:0|startupRole:FOLLOWER]|listeners:[], old=null
2022-11-15 18:21:27,011 [om1@group-C5BA1605619E-SegmentedRaftLogWorker] INFO  segmented.SegmentedRaftLogWorker (SegmentedRaftLogWorker.java:execute(656)) - om1@group-C5BA1605619E-SegmentedRaftLogWorker: created new log segment /home/runner/work/ozone/ozone/hadoop-ozone/integration-test/target/test-dir/MiniOzoneClusterImpl-bc2a9663-e8fe-49bf-acf5-f2772c60d6ae/ozone-meta/ratis/bf265839-605b-3f16-9796-c5ba1605619e/current/log_inprogress_0
2022-11-15 18:21:27,146 [Listener at 127.0.0.1/39199] INFO  handler.ContextHandler (ContextHandler.java:doStart(921)) - Started o.e.j.w.WebAppContext@3aaede52{hddsDatanode,/,file:///tmp/jetty-0_0_0_0-41215-hdds-container-service-1_3_0-SNAPSHOT_jar-_-any-1160778898421774532/webapp/,AVAILABLE}{jar:file:/home/runner/.m2/repository/org/apache/ozone/hdds-container-service/1.3.0-SNAPSHOT/hdds-container-service-1.3.0-SNAPSHOT.jar!/webapps/hddsDatanode}
2022-11-15 18:21:27,150 [Listener at 127.0.0.1/39199] INFO  server.AbstractConnector (AbstractConnector.java:doStart(333)) - Started ServerConnector@18f80e28{HTTP/1.1, (http/1.1)}{0.0.0.0:41215}
2022-11-15 18:21:27,151 [Listener at 127.0.0.1/39199] INFO  server.Server (Server.java:doStart(415)) - Started @10264ms
2022-11-15 18:21:27,151 [Listener at 127.0.0.1/39199] WARN  impl.MetricsSystemImpl (MetricsSystemImpl.java:register(279)) - Sink prometheus already exists!
2022-11-15 18:21:27,152 [Listener at 127.0.0.1/39199] INFO  http.BaseHttpServer (BaseHttpServer.java:updateConnectorAddress(333)) - HTTP server of hddsDatanode listening at http://0.0.0.0:41215
2022-11-15 18:21:27,157 [Listener at 127.0.0.1/39199] WARN  impl.MetricRegistriesImpl (MetricRegistriesImpl.java:addReporterRegistration(111)) - New reporters are added after registries were created. Some metrics will be missing from the reporter. Please add reporter before adding any new registry.
2022-11-15 18:21:27,157 [Listener at 127.0.0.1/39199] WARN  impl.MetricRegistriesImpl (MetricRegistriesImpl.java:addReporterRegistration(111)) - New reporters are added after registries were created. Some metrics will be missing from the reporter. Please add reporter before adding any new registry.
2022-11-15 18:21:27,157 [Listener at 127.0.0.1/39199] INFO  impl.MetricsSystemImpl (MetricsSystemImpl.java:init(158)) - HddsDatanode metrics system started (again)
2022-11-15 18:21:27,163 [Datanode State Machine Daemon Thread] INFO  statemachine.DatanodeStateMachine (DatanodeStateMachine.java:lambda$startDaemon$0(505)) - Ozone container server started.
2022-11-15 18:21:27,188 [Listener at 127.0.0.1/39199] INFO  ozone.HddsDatanodeService (HddsDatanodeService.java:start(236)) - HddsDatanodeService host:fv-az457-133.3faczmgjfduuxnksfsdf43hgfa.dx.internal.cloudapp.net ip:10.1.1.61
2022-11-15 18:21:27,181 [om1@group-C5BA1605619E-StateMachineUpdater] INFO  ratis.OzoneManagerStateMachine (OzoneManagerStateMachine.java:notifyConfigurationChanged(192)) - Received Configuration change notification from Ratis. New Peer list:
[id: "om1"
address: "localhost:9872"
startupRole: FOLLOWER
]
2022-11-15 18:21:27,214 [org.apache.hadoop.util.JvmPauseMonitor$Monitor@487a7b86] INFO  util.JvmPauseMonitor (JvmPauseMonitor.java:run(188)) - Starting JVM pause monitor
2022-11-15 18:21:27,233 [Datanode State Machine Task Thread - 0] INFO  datanode.InitDatanodeState (InitDatanodeState.java:persistContainerDatanodeDetails(138)) - DatanodeDetails is persisted to /home/runner/work/ozone/ozone/hadoop-ozone/integration-test/target/test-dir/MiniOzoneClusterImpl-bc2a9663-e8fe-49bf-acf5-f2772c60d6ae/datanode-1/meta/datanode.id
2022-11-15 18:21:27,243 [Listener at 127.0.0.1/39199] INFO  upgrade.AbstractLayoutVersionManager (AbstractLayoutVersionManager.java:init(83)) - Initializing Layout version manager with metadata layout = DATANODE_SCHEMA_V3 (version = 4), software layout = DATANODE_SCHEMA_V3 (version = 4)
2022-11-15 18:21:27,299 [Listener at 127.0.0.1/39199] INFO  reflections.Reflections (Reflections.java:scan(232)) - Reflections took 54 ms to scan 7 urls, producing 139 keys and 336 values 
2022-11-15 18:21:27,300 [Listener at 127.0.0.1/39199] INFO  statemachine.DatanodeStateMachine (DatanodeStateMachine.java:getEndPointTaskThreadPoolSize(245)) - Datanode State Machine Task Thread Pool size 2
2022-11-15 18:21:27,303 [Listener at 127.0.0.1/39199] INFO  volume.HddsVolume (HddsVolume.java:<init>(117)) - Creating HddsVolume: /home/runner/work/ozone/ozone/hadoop-ozone/integration-test/target/test-dir/MiniOzoneClusterImpl-bc2a9663-e8fe-49bf-acf5-f2772c60d6ae/datanode-2/data-0/containers/hdds of storage type : DISK capacity : 9223372036854775807
2022-11-15 18:21:27,303 [Listener at 127.0.0.1/39199] INFO  volume.MutableVolumeSet (MutableVolumeSet.java:initializeVolumeSet(174)) - Added Volume : /home/runner/work/ozone/ozone/hadoop-ozone/integration-test/target/test-dir/MiniOzoneClusterImpl-bc2a9663-e8fe-49bf-acf5-f2772c60d6ae/datanode-2/data-0/containers/hdds to VolumeSet
2022-11-15 18:21:27,303 [Listener at 127.0.0.1/39199] INFO  volume.ThrottledAsyncChecker (ThrottledAsyncChecker.java:schedule(141)) - Scheduling a check for /home/runner/work/ozone/ozone/hadoop-ozone/integration-test/target/test-dir/MiniOzoneClusterImpl-bc2a9663-e8fe-49bf-acf5-f2772c60d6ae/datanode-2/data-0/containers/hdds
2022-11-15 18:21:27,304 [Listener at 127.0.0.1/39199] INFO  volume.StorageVolumeChecker (StorageVolumeChecker.java:checkAllVolumes(202)) - Scheduled health check for volume /home/runner/work/ozone/ozone/hadoop-ozone/integration-test/target/test-dir/MiniOzoneClusterImpl-bc2a9663-e8fe-49bf-acf5-f2772c60d6ae/datanode-2/data-0/containers/hdds
2022-11-15 18:21:27,318 [Listener at 127.0.0.1/39199] INFO  volume.MutableVolumeSet (MutableVolumeSet.java:initializeVolumeSet(174)) - Added Volume : /home/runner/work/ozone/ozone/hadoop-ozone/integration-test/target/test-dir/MiniOzoneClusterImpl-bc2a9663-e8fe-49bf-acf5-f2772c60d6ae/datanode-2/data/ratis to VolumeSet
2022-11-15 18:21:27,318 [Listener at 127.0.0.1/39199] INFO  volume.ThrottledAsyncChecker (ThrottledAsyncChecker.java:schedule(141)) - Scheduling a check for /home/runner/work/ozone/ozone/hadoop-ozone/integration-test/target/test-dir/MiniOzoneClusterImpl-bc2a9663-e8fe-49bf-acf5-f2772c60d6ae/datanode-2/data/ratis
2022-11-15 18:21:27,318 [Listener at 127.0.0.1/39199] INFO  volume.StorageVolumeChecker (StorageVolumeChecker.java:checkAllVolumes(202)) - Scheduled health check for volume /home/runner/work/ozone/ozone/hadoop-ozone/integration-test/target/test-dir/MiniOzoneClusterImpl-bc2a9663-e8fe-49bf-acf5-f2772c60d6ae/datanode-2/data/ratis
2022-11-15 18:21:27,331 [Thread-164] INFO  ozoneimpl.ContainerReader (ContainerReader.java:readVolume(175)) - Finish verifying containers on volume /home/runner/work/ozone/ozone/hadoop-ozone/integration-test/target/test-dir/MiniOzoneClusterImpl-bc2a9663-e8fe-49bf-acf5-f2772c60d6ae/datanode-2/data-0/containers/hdds
2022-11-15 18:21:27,331 [Listener at 127.0.0.1/39199] INFO  ozoneimpl.OzoneContainer (OzoneContainer.java:buildContainerSet(300)) - Build ContainerSet costs 0s
2022-11-15 18:21:27,334 [Listener at 127.0.0.1/39199] INFO  server.RaftServer (ConfUtils.java:logGet(46)) - raft.rpc.type = GRPC (default)
2022-11-15 18:21:27,335 [Listener at 127.0.0.1/39199] INFO  grpc.GrpcConfigKeys (ConfUtils.java:logFallback(53)) - raft.grpc.admin.host = null (fallback to raft.grpc.server.host)
2022-11-15 18:21:27,335 [Listener at 127.0.0.1/39199] INFO  grpc.GrpcConfigKeys (ConfUtils.java:logGet(46)) - raft.grpc.admin.port = 0 (custom)
2022-11-15 18:21:27,335 [Listener at 127.0.0.1/39199] INFO  grpc.GrpcConfigKeys (ConfUtils.java:logFallback(53)) - raft.grpc.client.host = null (fallback to raft.grpc.server.host)
2022-11-15 18:21:27,335 [Listener at 127.0.0.1/39199] INFO  grpc.GrpcConfigKeys (ConfUtils.java:logGet(46)) - raft.grpc.client.port = 0 (custom)
2022-11-15 18:21:27,335 [Listener at 127.0.0.1/39199] INFO  grpc.GrpcConfigKeys (ConfUtils.java:logGet(46)) - raft.grpc.server.host = null (default)
2022-11-15 18:21:27,335 [Listener at 127.0.0.1/39199] INFO  grpc.GrpcConfigKeys (ConfUtils.java:logGet(46)) - raft.grpc.server.port = 0 (default)
2022-11-15 18:21:27,335 [Listener at 127.0.0.1/39199] INFO  server.GrpcService (ConfUtils.java:logGet(46)) - raft.grpc.message.size.max = 32MB (=33554432) (custom)
2022-11-15 18:21:27,336 [Listener at 127.0.0.1/39199] INFO  server.RaftServerConfigKeys (ConfUtils.java:logGet(46)) - raft.server.log.appender.buffer.byte-limit = 33554432 (custom)
2022-11-15 18:21:27,336 [Listener at 127.0.0.1/39199] INFO  server.GrpcService (ConfUtils.java:logGet(46)) - raft.grpc.flow.control.window = 5MB (=5242880) (custom)
2022-11-15 18:21:27,336 [Listener at 127.0.0.1/39199] INFO  server.RaftServerConfigKeys (ConfUtils.java:logGet(46)) - raft.server.rpc.request.timeout = 60s (custom)
2022-11-15 18:21:27,336 [Listener at 127.0.0.1/39199] INFO  grpc.GrpcConfigKeys (ConfUtils.java:logGet(46)) - raft.grpc.server.heartbeat.channel = true (default)
2022-11-15 18:21:27,336 [Listener at 127.0.0.1/39199] INFO  grpc.GrpcConfigKeys (ConfUtils.java:logGet(46)) - raft.grpc.server.async.request.thread.pool.cached = true (default)
2022-11-15 18:21:27,336 [Listener at 127.0.0.1/39199] INFO  grpc.GrpcConfigKeys (ConfUtils.java:logGet(46)) - raft.grpc.server.async.request.thread.pool.size = 32 (default)
2022-11-15 18:21:27,344 [Listener at 127.0.0.1/39199] INFO  impl.DataStreamServerImpl (ConfUtils.java:logGet(46)) - raft.datastream.type = DISABLED (default)
2022-11-15 18:21:27,345 [Listener at 127.0.0.1/39199] INFO  server.RaftServerConfigKeys (ConfUtils.java:logGet(46)) - raft.server.threadpool.proxy.cached = true (default)
2022-11-15 18:21:27,345 [Listener at 127.0.0.1/39199] INFO  server.RaftServerConfigKeys (ConfUtils.java:logGet(46)) - raft.server.threadpool.proxy.size = 0 (default)
2022-11-15 18:21:27,345 [Listener at 127.0.0.1/39199] INFO  server.RaftServerConfigKeys (ConfUtils.java:logGet(46)) - raft.server.rpc.slowness.timeout = 300s (custom)
2022-11-15 18:21:27,345 [Listener at 127.0.0.1/39199] INFO  server.RaftServerConfigKeys (ConfUtils.java:logGet(46)) - raft.server.leaderelection.leader.step-down.wait-time = 10s (default)
2022-11-15 18:21:27,345 [Listener at 127.0.0.1/39199] INFO  server.RaftServerConfigKeys (ConfUtils.java:logGet(46)) - raft.server.storage.dir = [/home/runner/work/ozone/ozone/hadoop-ozone/integration-test/target/test-dir/MiniOzoneClusterImpl-bc2a9663-e8fe-49bf-acf5-f2772c60d6ae/datanode-2/data/ratis] (custom)
2022-11-15 18:21:27,354 [Listener at 127.0.0.1/39199] INFO  server.XceiverServerGrpc (XceiverServerGrpc.java:<init>(132)) - GrpcServer channel type EpollServerSocketChannel
2022-11-15 18:21:27,363 [Listener at 127.0.0.1/39199] INFO  http.BaseHttpServer (BaseHttpServer.java:newHttpServer2BuilderForOzone(213)) - Starting Web-server for hddsDatanode at: http://0.0.0.0:0
2022-11-15 18:21:27,364 [Listener at 127.0.0.1/39199] INFO  http.BaseHttpServer (BaseHttpServer.java:<init>(108)) - Hadoop Security Enabled: false Ozone Security Enabled: false Ozone HTTP Security Enabled: false 
2022-11-15 18:21:27,365 [Listener at 127.0.0.1/39199] WARN  server.AuthenticationFilter (AuthenticationFilter.java:constructSecretProvider(240)) - Unable to initialize FileSignerSecretProvider, falling back to use random secrets. Reason: Could not read signature secret file: /home/runner/hadoop-http-auth-signature-secret
2022-11-15 18:21:27,368 [Listener at 127.0.0.1/39199] WARN  http.HttpRequestLog (HttpRequestLog.java:getRequestLog(103)) - Jetty request log can only be enabled using Log4j
2022-11-15 18:21:27,370 [Listener at 127.0.0.1/39199] INFO  http.HttpServer2 (HttpServer2.java:addGlobalFilter(1031)) - Added global filter 'safety' (class=org.apache.hadoop.hdds.server.http.HttpServer2$QuotingInputFilter)
2022-11-15 18:21:27,370 [Listener at 127.0.0.1/39199] INFO  http.HttpServer2 (HttpServer2.java:addFilter(1007)) - Added filter static_user_filter (class=org.apache.hadoop.http.lib.StaticUserWebFilter$StaticUserFilter) to context hddsDatanode
2022-11-15 18:21:27,371 [Listener at 127.0.0.1/39199] INFO  http.HttpServer2 (HttpServer2.java:addFilter(1015)) - Added filter static_user_filter (class=org.apache.hadoop.http.lib.StaticUserWebFilter$StaticUserFilter) to context logs
2022-11-15 18:21:27,371 [Listener at 127.0.0.1/39199] INFO  http.HttpServer2 (HttpServer2.java:addFilter(1015)) - Added filter static_user_filter (class=org.apache.hadoop.http.lib.StaticUserWebFilter$StaticUserFilter) to context static
2022-11-15 18:21:27,371 [Listener at 127.0.0.1/39199] INFO  http.HttpServer2 (HttpServer2.java:bindListener(1250)) - Jetty bound to port 40349
2022-11-15 18:21:27,371 [Listener at 127.0.0.1/39199] INFO  server.Server (Server.java:doStart(375)) - jetty-9.4.49.v20220914; built: 2022-09-14T01:07:36.601Z; git: 4231a3b2e4cb8548a412a789936d640a97b1aa0a; jvm 1.8.0_345-b01
2022-11-15 18:21:27,401 [Listener at 127.0.0.1/39199] INFO  server.session (DefaultSessionIdManager.java:doStart(334)) - DefaultSessionIdManager workerName=node0
2022-11-15 18:21:27,401 [Listener at 127.0.0.1/39199] INFO  server.session (DefaultSessionIdManager.java:doStart(339)) - No SessionScavenger set, using defaults
2022-11-15 18:21:27,402 [Listener at 127.0.0.1/39199] INFO  server.session (HouseKeeper.java:startScavenging(132)) - node0 Scavenging every 660000ms
2022-11-15 18:21:27,405 [Listener at 127.0.0.1/39199] INFO  handler.ContextHandler (ContextHandler.java:doStart(921)) - Started o.e.j.s.ServletContextHandler@4b6e7dc9{logs,/logs,file:///home/runner/work/ozone/ozone/hadoop-ozone/integration-test/target/log,AVAILABLE}
2022-11-15 18:21:27,405 [Listener at 127.0.0.1/39199] INFO  handler.ContextHandler (ContextHandler.java:doStart(921)) - Started o.e.j.s.ServletContextHandler@b7694aa{static,/static,jar:file:/home/runner/.m2/repository/org/apache/ozone/hdds-container-service/1.3.0-SNAPSHOT/hdds-container-service-1.3.0-SNAPSHOT.jar!/webapps/static,AVAILABLE}
2022-11-15 18:21:27,620 [Listener at 127.0.0.1/39199] INFO  handler.ContextHandler (ContextHandler.java:doStart(921)) - Started o.e.j.w.WebAppContext@428551db{hddsDatanode,/,file:///tmp/jetty-0_0_0_0-40349-hdds-container-service-1_3_0-SNAPSHOT_jar-_-any-1019623119322304002/webapp/,AVAILABLE}{jar:file:/home/runner/.m2/repository/org/apache/ozone/hdds-container-service/1.3.0-SNAPSHOT/hdds-container-service-1.3.0-SNAPSHOT.jar!/webapps/hddsDatanode}
2022-11-15 18:21:27,622 [Listener at 127.0.0.1/39199] INFO  server.AbstractConnector (AbstractConnector.java:doStart(333)) - Started ServerConnector@7ef622f7{HTTP/1.1, (http/1.1)}{0.0.0.0:40349}
2022-11-15 18:21:27,622 [Listener at 127.0.0.1/39199] INFO  server.Server (Server.java:doStart(415)) - Started @10736ms
2022-11-15 18:21:27,622 [Listener at 127.0.0.1/39199] WARN  impl.MetricsSystemImpl (MetricsSystemImpl.java:register(279)) - Sink prometheus already exists!
2022-11-15 18:21:27,623 [Listener at 127.0.0.1/39199] INFO  http.BaseHttpServer (BaseHttpServer.java:updateConnectorAddress(333)) - HTTP server of hddsDatanode listening at http://0.0.0.0:40349
2022-11-15 18:21:27,625 [Listener at 127.0.0.1/39199] INFO  ozone.MiniOzoneClusterImpl (MiniOzoneClusterImpl.java:lambda$waitForClusterToBeReady$0(216)) - Waiting for nodes to be ready. Got 0 of 3 DN Heartbeats.
2022-11-15 18:21:27,626 [Listener at 127.0.0.1/39199] INFO  ozone.MiniOzoneClusterImpl (MiniOzoneClusterImpl.java:lambda$waitForClusterToBeReady$0(219)) - Waiting for cluster to exit safe mode
2022-11-15 18:21:27,626 [Listener at 127.0.0.1/39199] INFO  ozone.MiniOzoneClusterImpl (MiniOzoneClusterImpl.java:lambda$waitForClusterToBeReady$0(221)) - SCM became leader
2022-11-15 18:21:27,626 [Datanode State Machine Daemon Thread] INFO  statemachine.DatanodeStateMachine (DatanodeStateMachine.java:lambda$startDaemon$0(505)) - Ozone container server started.
2022-11-15 18:21:27,629 [org.apache.hadoop.util.JvmPauseMonitor$Monitor@7f5205d4] INFO  util.JvmPauseMonitor (JvmPauseMonitor.java:run(188)) - Starting JVM pause monitor
2022-11-15 18:21:27,631 [Datanode State Machine Task Thread - 0] INFO  datanode.InitDatanodeState (InitDatanodeState.java:persistContainerDatanodeDetails(138)) - DatanodeDetails is persisted to /home/runner/work/ozone/ozone/hadoop-ozone/integration-test/target/test-dir/MiniOzoneClusterImpl-bc2a9663-e8fe-49bf-acf5-f2772c60d6ae/datanode-2/meta/datanode.id
2022-11-15 18:21:28,626 [Listener at 127.0.0.1/39199] INFO  ozone.MiniOzoneClusterImpl (MiniOzoneClusterImpl.java:lambda$waitForClusterToBeReady$0(216)) - Waiting for nodes to be ready. Got 0 of 3 DN Heartbeats.
2022-11-15 18:21:28,626 [Listener at 127.0.0.1/39199] INFO  ozone.MiniOzoneClusterImpl (MiniOzoneClusterImpl.java:lambda$waitForClusterToBeReady$0(219)) - Waiting for cluster to exit safe mode
2022-11-15 18:21:28,626 [Listener at 127.0.0.1/39199] INFO  ozone.MiniOzoneClusterImpl (MiniOzoneClusterImpl.java:lambda$waitForClusterToBeReady$0(221)) - SCM became leader
2022-11-15 18:21:28,811 [EndpointStateMachine task thread for /0.0.0.0:37623 - 0 ] INFO  utils.DatanodeStoreCache (DatanodeStoreCache.java:addDB(58)) - Added db /home/runner/work/ozone/ozone/hadoop-ozone/integration-test/target/test-dir/MiniOzoneClusterImpl-bc2a9663-e8fe-49bf-acf5-f2772c60d6ae/datanode-0/data-0/containers/hdds/bc2a9663-e8fe-49bf-acf5-f2772c60d6ae/DS-30c90b4b-f5ea-4602-9841-d56cfa24528a/container.db to cache
2022-11-15 18:21:28,811 [EndpointStateMachine task thread for /0.0.0.0:37623 - 0 ] INFO  volume.HddsVolume (HddsVolume.java:createDbStore(307)) - SchemaV3 db is created and loaded at /home/runner/work/ozone/ozone/hadoop-ozone/integration-test/target/test-dir/MiniOzoneClusterImpl-bc2a9663-e8fe-49bf-acf5-f2772c60d6ae/datanode-0/data-0/containers/hdds/bc2a9663-e8fe-49bf-acf5-f2772c60d6ae/DS-30c90b4b-f5ea-4602-9841-d56cfa24528a/container.db for volume DS-30c90b4b-f5ea-4602-9841-d56cfa24528a
2022-11-15 18:21:28,812 [EndpointStateMachine task thread for /0.0.0.0:37623 - 0 ] INFO  ozoneimpl.OzoneContainer (OzoneContainer.java:start(378)) - Attempting to start container services.
2022-11-15 18:21:28,814 [EndpointStateMachine task thread for /0.0.0.0:37623 - 0 ] INFO  ozoneimpl.OzoneContainer (OzoneContainer.java:startContainerScrub(313)) - Background container scanner has been disabled.
2022-11-15 18:21:28,816 [EndpointStateMachine task thread for /0.0.0.0:37623 - 0 ] INFO  replication.ReplicationServer (ReplicationServer.java:start(111)) - ReplicationServer is started using port 45799
2022-11-15 18:21:28,819 [EndpointStateMachine task thread for /0.0.0.0:37623 - 0 ] INFO  ratis.XceiverServerRatis (XceiverServerRatis.java:start(481)) - Starting XceiverServerRatis 102b5bcc-b995-4bd1-8be0-687abca2c396
2022-11-15 18:21:28,827 [EndpointStateMachine task thread for /0.0.0.0:37623 - 0 ] INFO  server.RaftServer (RaftServerProxy.java:startImpl(393)) - 102b5bcc-b995-4bd1-8be0-687abca2c396: start RPC server
2022-11-15 18:21:28,834 [EndpointStateMachine task thread for /0.0.0.0:37623 - 0 ] INFO  server.GrpcService (GrpcService.java:startImpl(270)) - 102b5bcc-b995-4bd1-8be0-687abca2c396: GrpcService started, listening on 33239
2022-11-15 18:21:28,835 [EndpointStateMachine task thread for /0.0.0.0:37623 - 0 ] INFO  ratis.XceiverServerRatis (XceiverServerRatis.java:getRealPort(502)) - XceiverServerRatis 102b5bcc-b995-4bd1-8be0-687abca2c396 is started using port 33239 for RATIS
2022-11-15 18:21:28,835 [EndpointStateMachine task thread for /0.0.0.0:37623 - 0 ] INFO  ratis.XceiverServerRatis (XceiverServerRatis.java:getRealPort(502)) - XceiverServerRatis 102b5bcc-b995-4bd1-8be0-687abca2c396 is started using port 33239 for RATIS_ADMIN
2022-11-15 18:21:28,835 [EndpointStateMachine task thread for /0.0.0.0:37623 - 0 ] INFO  ratis.XceiverServerRatis (XceiverServerRatis.java:getRealPort(502)) - XceiverServerRatis 102b5bcc-b995-4bd1-8be0-687abca2c396 is started using port 33239 for RATIS_SERVER
2022-11-15 18:21:28,835 [JvmPauseMonitor1] INFO  util.JvmPauseMonitor (JvmPauseMonitor.java:run(105)) - JvmPauseMonitor-102b5bcc-b995-4bd1-8be0-687abca2c396: Started
2022-11-15 18:21:28,842 [EndpointStateMachine task thread for /0.0.0.0:37623 - 0 ] INFO  server.XceiverServerGrpc (XceiverServerGrpc.java:start(180)) - XceiverServerGrpc 102b5bcc-b995-4bd1-8be0-687abca2c396 is started using port 43779
2022-11-15 18:21:29,262 [EndpointStateMachine task thread for /0.0.0.0:37623 - 0 ] INFO  utils.DatanodeStoreCache (DatanodeStoreCache.java:addDB(58)) - Added db /home/runner/work/ozone/ozone/hadoop-ozone/integration-test/target/test-dir/MiniOzoneClusterImpl-bc2a9663-e8fe-49bf-acf5-f2772c60d6ae/datanode-1/data-0/containers/hdds/bc2a9663-e8fe-49bf-acf5-f2772c60d6ae/DS-507ca509-1d32-4349-86b4-47cdf8154c8d/container.db to cache
2022-11-15 18:21:29,263 [EndpointStateMachine task thread for /0.0.0.0:37623 - 0 ] INFO  volume.HddsVolume (HddsVolume.java:createDbStore(307)) - SchemaV3 db is created and loaded at /home/runner/work/ozone/ozone/hadoop-ozone/integration-test/target/test-dir/MiniOzoneClusterImpl-bc2a9663-e8fe-49bf-acf5-f2772c60d6ae/datanode-1/data-0/containers/hdds/bc2a9663-e8fe-49bf-acf5-f2772c60d6ae/DS-507ca509-1d32-4349-86b4-47cdf8154c8d/container.db for volume DS-507ca509-1d32-4349-86b4-47cdf8154c8d
2022-11-15 18:21:29,264 [EndpointStateMachine task thread for /0.0.0.0:37623 - 0 ] INFO  ozoneimpl.OzoneContainer (OzoneContainer.java:start(378)) - Attempting to start container services.
2022-11-15 18:21:29,265 [EndpointStateMachine task thread for /0.0.0.0:37623 - 0 ] INFO  ozoneimpl.OzoneContainer (OzoneContainer.java:startContainerScrub(313)) - Background container scanner has been disabled.
2022-11-15 18:21:29,267 [EndpointStateMachine task thread for /0.0.0.0:37623 - 0 ] INFO  replication.ReplicationServer (ReplicationServer.java:start(111)) - ReplicationServer is started using port 44471
2022-11-15 18:21:29,268 [EndpointStateMachine task thread for /0.0.0.0:37623 - 0 ] INFO  ratis.XceiverServerRatis (XceiverServerRatis.java:start(481)) - Starting XceiverServerRatis ca6bba15-9e85-456d-ac33-d34a4bb4c823
2022-11-15 18:21:29,269 [EndpointStateMachine task thread for /0.0.0.0:37623 - 0 ] INFO  server.RaftServer (RaftServerProxy.java:startImpl(393)) - ca6bba15-9e85-456d-ac33-d34a4bb4c823: start RPC server
2022-11-15 18:21:29,271 [EndpointStateMachine task thread for /0.0.0.0:37623 - 0 ] INFO  server.GrpcService (GrpcService.java:startImpl(270)) - ca6bba15-9e85-456d-ac33-d34a4bb4c823: GrpcService started, listening on 42929
2022-11-15 18:21:29,271 [EndpointStateMachine task thread for /0.0.0.0:37623 - 0 ] INFO  ratis.XceiverServerRatis (XceiverServerRatis.java:getRealPort(502)) - XceiverServerRatis ca6bba15-9e85-456d-ac33-d34a4bb4c823 is started using port 42929 for RATIS
2022-11-15 18:21:29,271 [JvmPauseMonitor2] INFO  util.JvmPauseMonitor (JvmPauseMonitor.java:run(105)) - JvmPauseMonitor-ca6bba15-9e85-456d-ac33-d34a4bb4c823: Started
2022-11-15 18:21:29,271 [EndpointStateMachine task thread for /0.0.0.0:37623 - 0 ] INFO  ratis.XceiverServerRatis (XceiverServerRatis.java:getRealPort(502)) - XceiverServerRatis ca6bba15-9e85-456d-ac33-d34a4bb4c823 is started using port 42929 for RATIS_ADMIN
2022-11-15 18:21:29,272 [EndpointStateMachine task thread for /0.0.0.0:37623 - 0 ] INFO  ratis.XceiverServerRatis (XceiverServerRatis.java:getRealPort(502)) - XceiverServerRatis ca6bba15-9e85-456d-ac33-d34a4bb4c823 is started using port 42929 for RATIS_SERVER
2022-11-15 18:21:29,274 [EndpointStateMachine task thread for /0.0.0.0:37623 - 0 ] INFO  server.XceiverServerGrpc (XceiverServerGrpc.java:start(180)) - XceiverServerGrpc ca6bba15-9e85-456d-ac33-d34a4bb4c823 is started using port 40613
2022-11-15 18:21:29,627 [Listener at 127.0.0.1/39199] INFO  ozone.MiniOzoneClusterImpl (MiniOzoneClusterImpl.java:lambda$waitForClusterToBeReady$0(216)) - Waiting for nodes to be ready. Got 0 of 3 DN Heartbeats.
2022-11-15 18:21:29,627 [Listener at 127.0.0.1/39199] INFO  ozone.MiniOzoneClusterImpl (MiniOzoneClusterImpl.java:lambda$waitForClusterToBeReady$0(219)) - Waiting for cluster to exit safe mode
2022-11-15 18:21:29,627 [Listener at 127.0.0.1/39199] INFO  ozone.MiniOzoneClusterImpl (MiniOzoneClusterImpl.java:lambda$waitForClusterToBeReady$0(221)) - SCM became leader
2022-11-15 18:21:29,666 [EndpointStateMachine task thread for /0.0.0.0:37623 - 0 ] INFO  utils.DatanodeStoreCache (DatanodeStoreCache.java:addDB(58)) - Added db /home/runner/work/ozone/ozone/hadoop-ozone/integration-test/target/test-dir/MiniOzoneClusterImpl-bc2a9663-e8fe-49bf-acf5-f2772c60d6ae/datanode-2/data-0/containers/hdds/bc2a9663-e8fe-49bf-acf5-f2772c60d6ae/DS-1f886083-d421-49b3-b8d0-c477bc545c37/container.db to cache
2022-11-15 18:21:29,666 [EndpointStateMachine task thread for /0.0.0.0:37623 - 0 ] INFO  volume.HddsVolume (HddsVolume.java:createDbStore(307)) - SchemaV3 db is created and loaded at /home/runner/work/ozone/ozone/hadoop-ozone/integration-test/target/test-dir/MiniOzoneClusterImpl-bc2a9663-e8fe-49bf-acf5-f2772c60d6ae/datanode-2/data-0/containers/hdds/bc2a9663-e8fe-49bf-acf5-f2772c60d6ae/DS-1f886083-d421-49b3-b8d0-c477bc545c37/container.db for volume DS-1f886083-d421-49b3-b8d0-c477bc545c37
2022-11-15 18:21:29,666 [EndpointStateMachine task thread for /0.0.0.0:37623 - 0 ] INFO  ozoneimpl.OzoneContainer (OzoneContainer.java:start(378)) - Attempting to start container services.
2022-11-15 18:21:29,666 [EndpointStateMachine task thread for /0.0.0.0:37623 - 0 ] INFO  ozoneimpl.OzoneContainer (OzoneContainer.java:startContainerScrub(313)) - Background container scanner has been disabled.
2022-11-15 18:21:29,668 [EndpointStateMachine task thread for /0.0.0.0:37623 - 0 ] INFO  replication.ReplicationServer (ReplicationServer.java:start(111)) - ReplicationServer is started using port 33637
2022-11-15 18:21:29,669 [EndpointStateMachine task thread for /0.0.0.0:37623 - 0 ] INFO  ratis.XceiverServerRatis (XceiverServerRatis.java:start(481)) - Starting XceiverServerRatis 76038e5c-cf0d-4f1c-877c-bdd5a6b00a56
2022-11-15 18:21:29,684 [EndpointStateMachine task thread for /0.0.0.0:37623 - 0 ] INFO  server.RaftServer (RaftServerProxy.java:startImpl(393)) - 76038e5c-cf0d-4f1c-877c-bdd5a6b00a56: start RPC server
2022-11-15 18:21:29,692 [EndpointStateMachine task thread for /0.0.0.0:37623 - 0 ] INFO  server.GrpcService (GrpcService.java:startImpl(270)) - 76038e5c-cf0d-4f1c-877c-bdd5a6b00a56: GrpcService started, listening on 39161
2022-11-15 18:21:29,693 [EndpointStateMachine task thread for /0.0.0.0:37623 - 0 ] INFO  ratis.XceiverServerRatis (XceiverServerRatis.java:getRealPort(502)) - XceiverServerRatis 76038e5c-cf0d-4f1c-877c-bdd5a6b00a56 is started using port 39161 for RATIS
2022-11-15 18:21:29,693 [EndpointStateMachine task thread for /0.0.0.0:37623 - 0 ] INFO  ratis.XceiverServerRatis (XceiverServerRatis.java:getRealPort(502)) - XceiverServerRatis 76038e5c-cf0d-4f1c-877c-bdd5a6b00a56 is started using port 39161 for RATIS_ADMIN
2022-11-15 18:21:29,693 [EndpointStateMachine task thread for /0.0.0.0:37623 - 0 ] INFO  ratis.XceiverServerRatis (XceiverServerRatis.java:getRealPort(502)) - XceiverServerRatis 76038e5c-cf0d-4f1c-877c-bdd5a6b00a56 is started using port 39161 for RATIS_SERVER
2022-11-15 18:21:29,693 [JvmPauseMonitor3] INFO  util.JvmPauseMonitor (JvmPauseMonitor.java:run(105)) - JvmPauseMonitor-76038e5c-cf0d-4f1c-877c-bdd5a6b00a56: Started
2022-11-15 18:21:29,698 [EndpointStateMachine task thread for /0.0.0.0:37623 - 0 ] INFO  server.XceiverServerGrpc (XceiverServerGrpc.java:start(180)) - XceiverServerGrpc 76038e5c-cf0d-4f1c-877c-bdd5a6b00a56 is started using port 40177
2022-11-15 18:21:30,627 [Listener at 127.0.0.1/39199] INFO  ozone.MiniOzoneClusterImpl (MiniOzoneClusterImpl.java:lambda$waitForClusterToBeReady$0(216)) - Waiting for nodes to be ready. Got 0 of 3 DN Heartbeats.
2022-11-15 18:21:30,628 [Listener at 127.0.0.1/39199] INFO  ozone.MiniOzoneClusterImpl (MiniOzoneClusterImpl.java:lambda$waitForClusterToBeReady$0(219)) - Waiting for cluster to exit safe mode
2022-11-15 18:21:30,628 [Listener at 127.0.0.1/39199] INFO  ozone.MiniOzoneClusterImpl (MiniOzoneClusterImpl.java:lambda$waitForClusterToBeReady$0(221)) - SCM became leader
2022-11-15 18:21:30,688 [IPC Server handler 0 on default port 37623] INFO  net.NetworkTopologyImpl (NetworkTopologyImpl.java:add(112)) - Added a new node: /default-rack/102b5bcc-b995-4bd1-8be0-687abca2c396
2022-11-15 18:21:30,690 [IPC Server handler 0 on default port 37623] INFO  node.SCMNodeManager (SCMNodeManager.java:register(397)) - Registered Data node : 102b5bcc-b995-4bd1-8be0-687abca2c396{ip: 10.1.1.61, host: fv-az457-133.3faczmgjfduuxnksfsdf43hgfa.dx.internal.cloudapp.net, ports: [REPLICATION=45799, RATIS=33239, RATIS_ADMIN=33239, RATIS_SERVER=33239, STANDALONE=43779], networkLocation: /default-rack, certSerialId: null, persistedOpState: null, persistedOpStateExpiryEpochSec: 0}
2022-11-15 18:21:30,695 [EventQueue-NodeRegistrationContainerReportForContainerSafeModeRule] INFO  safemode.SCMSafeModeManager (SCMSafeModeManager.java:validateSafeModeExitRules(204)) - ContainerSafeModeRule rule is successfully validated
2022-11-15 18:21:30,696 [EventQueue-NodeRegistrationContainerReportForDataNodeSafeModeRule] INFO  safemode.SCMSafeModeManager (DataNodeSafeModeRule.java:process(71)) - SCM in safe mode. 1 DataNodes registered, 3 required.
2022-11-15 18:21:30,695 [EventQueue-NewNodeForNewNodeHandler] INFO  pipeline.BackgroundPipelineCreator (BackgroundPipelineCreator.java:notifyEventTriggered(276)) - trigger a one-shot run on RatisPipelineUtilsThread.
2022-11-15 18:21:30,696 [EventQueue-PipelineReportForOneReplicaPipelineSafeModeRule] INFO  safemode.SCMSafeModeManager (SCMSafeModeManager.java:validateSafeModeExitRules(204)) - AtleastOneDatanodeReportedRule rule is successfully validated
2022-11-15 18:21:30,708 [RatisPipelineUtilsThread - 0] INFO  pipeline.RatisPipelineProvider (RatisPipelineProvider.java:lambda$create$0(195)) - Sending CreatePipelineCommand for pipeline:PipelineID=1cb63804-797d-41a2-b90e-f438b830bfe6 to datanode:102b5bcc-b995-4bd1-8be0-687abca2c396
2022-11-15 18:21:30,730 [RatisPipelineUtilsThread - 0] INFO  pipeline.PipelineStateManagerImpl (PipelineStateManagerImpl.java:addPipeline(103)) - Created pipeline Pipeline[ Id: 1cb63804-797d-41a2-b90e-f438b830bfe6, Nodes: 102b5bcc-b995-4bd1-8be0-687abca2c396{ip: 10.1.1.61, host: fv-az457-133.3faczmgjfduuxnksfsdf43hgfa.dx.internal.cloudapp.net, ports: [REPLICATION=45799, RATIS=33239, RATIS_ADMIN=33239, RATIS_SERVER=33239, STANDALONE=43779], networkLocation: /default-rack, certSerialId: null, persistedOpState: IN_SERVICE, persistedOpStateExpiryEpochSec: 0}, ReplicationConfig: RATIS/ONE, State:ALLOCATED, leaderId:, CreationTimestamp2022-11-15T18:21:30.705Z[Etc/UTC]].
2022-11-15 18:21:31,217 [IPC Server handler 1 on default port 37623] INFO  net.NetworkTopologyImpl (NetworkTopologyImpl.java:add(112)) - Added a new node: /default-rack/ca6bba15-9e85-456d-ac33-d34a4bb4c823
2022-11-15 18:21:31,217 [IPC Server handler 1 on default port 37623] INFO  node.SCMNodeManager (SCMNodeManager.java:register(397)) - Registered Data node : ca6bba15-9e85-456d-ac33-d34a4bb4c823{ip: 10.1.1.61, host: fv-az457-133.3faczmgjfduuxnksfsdf43hgfa.dx.internal.cloudapp.net, ports: [REPLICATION=44471, RATIS=42929, RATIS_ADMIN=42929, RATIS_SERVER=42929, STANDALONE=40613], networkLocation: /default-rack, certSerialId: null, persistedOpState: null, persistedOpStateExpiryEpochSec: 0}
2022-11-15 18:21:31,220 [EventQueue-NewNodeForNewNodeHandler] INFO  pipeline.BackgroundPipelineCreator (BackgroundPipelineCreator.java:notifyEventTriggered(276)) - trigger a one-shot run on RatisPipelineUtilsThread.
2022-11-15 18:21:31,221 [EventQueue-NodeRegistrationContainerReportForDataNodeSafeModeRule] INFO  safemode.SCMSafeModeManager (DataNodeSafeModeRule.java:process(71)) - SCM in safe mode. 2 DataNodes registered, 3 required.
2022-11-15 18:21:31,227 [RatisPipelineUtilsThread - 0] INFO  pipeline.RatisPipelineProvider (RatisPipelineProvider.java:lambda$create$0(195)) - Sending CreatePipelineCommand for pipeline:PipelineID=f66ccc86-2103-4aba-b6e6-a84fbd4dc2a8 to datanode:ca6bba15-9e85-456d-ac33-d34a4bb4c823
2022-11-15 18:21:31,230 [RatisPipelineUtilsThread - 0] INFO  pipeline.PipelineStateManagerImpl (PipelineStateManagerImpl.java:addPipeline(103)) - Created pipeline Pipeline[ Id: f66ccc86-2103-4aba-b6e6-a84fbd4dc2a8, Nodes: ca6bba15-9e85-456d-ac33-d34a4bb4c823{ip: 10.1.1.61, host: fv-az457-133.3faczmgjfduuxnksfsdf43hgfa.dx.internal.cloudapp.net, ports: [REPLICATION=44471, RATIS=42929, RATIS_ADMIN=42929, RATIS_SERVER=42929, STANDALONE=40613], networkLocation: /default-rack, certSerialId: null, persistedOpState: IN_SERVICE, persistedOpStateExpiryEpochSec: 0}, ReplicationConfig: RATIS/ONE, State:ALLOCATED, leaderId:, CreationTimestamp2022-11-15T18:21:31.227Z[Etc/UTC]].
2022-11-15 18:21:31,628 [Listener at 127.0.0.1/39199] INFO  ozone.MiniOzoneClusterImpl (MiniOzoneClusterImpl.java:lambda$waitForClusterToBeReady$0(216)) - Waiting for nodes to be ready. Got 2 of 3 DN Heartbeats.
2022-11-15 18:21:31,628 [Listener at 127.0.0.1/39199] INFO  ozone.MiniOzoneClusterImpl (MiniOzoneClusterImpl.java:lambda$waitForClusterToBeReady$0(219)) - Waiting for cluster to exit safe mode
2022-11-15 18:21:31,628 [Listener at 127.0.0.1/39199] INFO  ozone.MiniOzoneClusterImpl (MiniOzoneClusterImpl.java:lambda$waitForClusterToBeReady$0(221)) - SCM became leader
2022-11-15 18:21:31,632 [IPC Server handler 5 on default port 37623] INFO  net.NetworkTopologyImpl (NetworkTopologyImpl.java:add(112)) - Added a new node: /default-rack/76038e5c-cf0d-4f1c-877c-bdd5a6b00a56
2022-11-15 18:21:31,634 [IPC Server handler 5 on default port 37623] INFO  node.SCMNodeManager (SCMNodeManager.java:register(397)) - Registered Data node : 76038e5c-cf0d-4f1c-877c-bdd5a6b00a56{ip: 10.1.1.61, host: fv-az457-133.3faczmgjfduuxnksfsdf43hgfa.dx.internal.cloudapp.net, ports: [REPLICATION=33637, RATIS=39161, RATIS_ADMIN=39161, RATIS_SERVER=39161, STANDALONE=40177], networkLocation: /default-rack, certSerialId: null, persistedOpState: null, persistedOpStateExpiryEpochSec: 0}
2022-11-15 18:21:31,635 [EventQueue-NewNodeForNewNodeHandler] INFO  pipeline.BackgroundPipelineCreator (BackgroundPipelineCreator.java:notifyEventTriggered(276)) - trigger a one-shot run on RatisPipelineUtilsThread.
2022-11-15 18:21:31,635 [EventQueue-NodeRegistrationContainerReportForDataNodeSafeModeRule] INFO  safemode.SCMSafeModeManager (DataNodeSafeModeRule.java:process(71)) - SCM in safe mode. 3 DataNodes registered, 3 required.
2022-11-15 18:21:31,635 [EventQueue-NodeRegistrationContainerReportForDataNodeSafeModeRule] INFO  safemode.SCMSafeModeManager (SCMSafeModeManager.java:validateSafeModeExitRules(204)) - DataNodeSafeModeRule rule is successfully validated
2022-11-15 18:21:31,635 [EventQueue-NodeRegistrationContainerReportForDataNodeSafeModeRule] INFO  safemode.SCMSafeModeManager (SCMSafeModeManager.java:completePreCheck(233)) - All SCM safe mode pre check rules have passed
2022-11-15 18:21:31,635 [EventQueue-NodeRegistrationContainerReportForDataNodeSafeModeRule] WARN  events.EventQueue (EventQueue.java:fireEvent(216)) - No event handler registered for event TypedEvent{payloadType=SafeModeStatus, name='Safe mode status'}
2022-11-15 18:21:31,635 [EventQueue-NodeRegistrationContainerReportForDataNodeSafeModeRule] INFO  ha.SCMContext (SCMContext.java:updateSafeModeStatus(228)) - Update SafeModeStatus from SafeModeStatus{safeModeStatus=true, preCheckPassed=false} to SafeModeStatus{safeModeStatus=true, preCheckPassed=true}.
2022-11-15 18:21:31,635 [EventQueue-NodeRegistrationContainerReportForDataNodeSafeModeRule] INFO  pipeline.BackgroundPipelineCreator (BackgroundPipelineCreator.java:notifyEventTriggered(276)) - trigger a one-shot run on RatisPipelineUtilsThread.
2022-11-15 18:21:31,636 [RatisPipelineUtilsThread - 0] INFO  pipeline.RatisPipelineProvider (RatisPipelineProvider.java:lambda$create$0(195)) - Sending CreatePipelineCommand for pipeline:PipelineID=3627e606-a111-4b95-94f1-0f711087ad53 to datanode:76038e5c-cf0d-4f1c-877c-bdd5a6b00a56
2022-11-15 18:21:31,637 [RatisPipelineUtilsThread - 0] INFO  pipeline.PipelineStateManagerImpl (PipelineStateManagerImpl.java:addPipeline(103)) - Created pipeline Pipeline[ Id: 3627e606-a111-4b95-94f1-0f711087ad53, Nodes: 76038e5c-cf0d-4f1c-877c-bdd5a6b00a56{ip: 10.1.1.61, host: fv-az457-133.3faczmgjfduuxnksfsdf43hgfa.dx.internal.cloudapp.net, ports: [REPLICATION=33637, RATIS=39161, RATIS_ADMIN=39161, RATIS_SERVER=39161, STANDALONE=40177], networkLocation: /default-rack, certSerialId: null, persistedOpState: IN_SERVICE, persistedOpStateExpiryEpochSec: 0}, ReplicationConfig: RATIS/ONE, State:ALLOCATED, leaderId:, CreationTimestamp2022-11-15T18:21:31.635Z[Etc/UTC]].
2022-11-15 18:21:31,642 [RatisPipelineUtilsThread - 0] INFO  pipeline.RatisPipelineProvider (RatisPipelineProvider.java:lambda$create$0(195)) - Sending CreatePipelineCommand for pipeline:PipelineID=2566966d-a466-4574-ac18-66279094a956 to datanode:76038e5c-cf0d-4f1c-877c-bdd5a6b00a56
2022-11-15 18:21:31,642 [RatisPipelineUtilsThread - 0] INFO  pipeline.RatisPipelineProvider (RatisPipelineProvider.java:lambda$create$0(195)) - Sending CreatePipelineCommand for pipeline:PipelineID=2566966d-a466-4574-ac18-66279094a956 to datanode:102b5bcc-b995-4bd1-8be0-687abca2c396
2022-11-15 18:21:31,642 [RatisPipelineUtilsThread - 0] INFO  pipeline.RatisPipelineProvider (RatisPipelineProvider.java:lambda$create$0(195)) - Sending CreatePipelineCommand for pipeline:PipelineID=2566966d-a466-4574-ac18-66279094a956 to datanode:ca6bba15-9e85-456d-ac33-d34a4bb4c823
2022-11-15 18:21:31,643 [RatisPipelineUtilsThread - 0] INFO  pipeline.PipelineStateManagerImpl (PipelineStateManagerImpl.java:addPipeline(103)) - Created pipeline Pipeline[ Id: 2566966d-a466-4574-ac18-66279094a956, Nodes: 76038e5c-cf0d-4f1c-877c-bdd5a6b00a56{ip: 10.1.1.61, host: fv-az457-133.3faczmgjfduuxnksfsdf43hgfa.dx.internal.cloudapp.net, ports: [REPLICATION=33637, RATIS=39161, RATIS_ADMIN=39161, RATIS_SERVER=39161, STANDALONE=40177], networkLocation: /default-rack, certSerialId: null, persistedOpState: IN_SERVICE, persistedOpStateExpiryEpochSec: 0}102b5bcc-b995-4bd1-8be0-687abca2c396{ip: 10.1.1.61, host: fv-az457-133.3faczmgjfduuxnksfsdf43hgfa.dx.internal.cloudapp.net, ports: [REPLICATION=45799, RATIS=33239, RATIS_ADMIN=33239, RATIS_SERVER=33239, STANDALONE=43779], networkLocation: /default-rack, certSerialId: null, persistedOpState: IN_SERVICE, persistedOpStateExpiryEpochSec: 0}ca6bba15-9e85-456d-ac33-d34a4bb4c823{ip: 10.1.1.61, host: fv-az457-133.3faczmgjfduuxnksfsdf43hgfa.dx.internal.cloudapp.net, ports: [REPLICATION=44471, RATIS=42929, RATIS_ADMIN=42929, RATIS_SERVER=42929, STANDALONE=40613], networkLocation: /default-rack, certSerialId: null, persistedOpState: IN_SERVICE, persistedOpStateExpiryEpochSec: 0}, ReplicationConfig: RATIS/THREE, State:ALLOCATED, leaderId:, CreationTimestamp2022-11-15T18:21:31.642Z[Etc/UTC]].
2022-11-15 18:21:31,647 [RatisPipelineUtilsThread - 0] INFO  pipeline.RatisPipelineProvider (RatisPipelineProvider.java:lambda$create$0(195)) - Sending CreatePipelineCommand for pipeline:PipelineID=c650ed07-cf72-4b54-af46-dc3795364c49 to datanode:ca6bba15-9e85-456d-ac33-d34a4bb4c823
2022-11-15 18:21:31,648 [RatisPipelineUtilsThread - 0] INFO  pipeline.RatisPipelineProvider (RatisPipelineProvider.java:lambda$create$0(195)) - Sending CreatePipelineCommand for pipeline:PipelineID=c650ed07-cf72-4b54-af46-dc3795364c49 to datanode:76038e5c-cf0d-4f1c-877c-bdd5a6b00a56
2022-11-15 18:21:31,649 [RatisPipelineUtilsThread - 0] INFO  pipeline.RatisPipelineProvider (RatisPipelineProvider.java:lambda$create$0(195)) - Sending CreatePipelineCommand for pipeline:PipelineID=c650ed07-cf72-4b54-af46-dc3795364c49 to datanode:102b5bcc-b995-4bd1-8be0-687abca2c396
2022-11-15 18:21:31,651 [RatisPipelineUtilsThread - 0] INFO  pipeline.PipelineStateManagerImpl (PipelineStateManagerImpl.java:addPipeline(103)) - Created pipeline Pipeline[ Id: c650ed07-cf72-4b54-af46-dc3795364c49, Nodes: ca6bba15-9e85-456d-ac33-d34a4bb4c823{ip: 10.1.1.61, host: fv-az457-133.3faczmgjfduuxnksfsdf43hgfa.dx.internal.cloudapp.net, ports: [REPLICATION=44471, RATIS=42929, RATIS_ADMIN=42929, RATIS_SERVER=42929, STANDALONE=40613], networkLocation: /default-rack, certSerialId: null, persistedOpState: IN_SERVICE, persistedOpStateExpiryEpochSec: 0}76038e5c-cf0d-4f1c-877c-bdd5a6b00a56{ip: 10.1.1.61, host: fv-az457-133.3faczmgjfduuxnksfsdf43hgfa.dx.internal.cloudapp.net, ports: [REPLICATION=33637, RATIS=39161, RATIS_ADMIN=39161, RATIS_SERVER=39161, STANDALONE=40177], networkLocation: /default-rack, certSerialId: null, persistedOpState: IN_SERVICE, persistedOpStateExpiryEpochSec: 0}102b5bcc-b995-4bd1-8be0-687abca2c396{ip: 10.1.1.61, host: fv-az457-133.3faczmgjfduuxnksfsdf43hgfa.dx.internal.cloudapp.net, ports: [REPLICATION=45799, RATIS=33239, RATIS_ADMIN=33239, RATIS_SERVER=33239, STANDALONE=43779], networkLocation: /default-rack, certSerialId: null, persistedOpState: IN_SERVICE, persistedOpStateExpiryEpochSec: 0}, ReplicationConfig: RATIS/THREE, State:ALLOCATED, leaderId:, CreationTimestamp2022-11-15T18:21:31.647Z[Etc/UTC]].
2022-11-15 18:21:31,651 [RatisPipelineUtilsThread - 0] INFO  pipeline.PipelineManagerImpl (PipelineManagerImpl.java:recordMetricsForPipeline(826)) - Pipeline: PipelineID=c650ed07-cf72-4b54-af46-dc3795364c49 contains same datanodes as previous pipelines: PipelineID=2566966d-a466-4574-ac18-66279094a956 nodeIds: ca6bba15-9e85-456d-ac33-d34a4bb4c823, 76038e5c-cf0d-4f1c-877c-bdd5a6b00a56, 102b5bcc-b995-4bd1-8be0-687abca2c396
2022-11-15 18:21:32,629 [Listener at 127.0.0.1/39199] INFO  ozone.MiniOzoneClusterImpl (MiniOzoneClusterImpl.java:lambda$waitForClusterToBeReady$0(216)) - Nodes are ready. Got 3 of 3 DN Heartbeats.
2022-11-15 18:21:32,630 [Listener at 127.0.0.1/39199] INFO  ozone.MiniOzoneClusterImpl (MiniOzoneClusterImpl.java:lambda$waitForClusterToBeReady$0(219)) - Waiting for cluster to exit safe mode
2022-11-15 18:21:32,630 [Listener at 127.0.0.1/39199] INFO  ozone.MiniOzoneClusterImpl (MiniOzoneClusterImpl.java:lambda$waitForClusterToBeReady$0(221)) - SCM became leader
2022-11-15 18:21:33,630 [Listener at 127.0.0.1/39199] INFO  ozone.MiniOzoneClusterImpl (MiniOzoneClusterImpl.java:lambda$waitForClusterToBeReady$0(216)) - Nodes are ready. Got 3 of 3 DN Heartbeats.
2022-11-15 18:21:33,630 [Listener at 127.0.0.1/39199] INFO  ozone.MiniOzoneClusterImpl (MiniOzoneClusterImpl.java:lambda$waitForClusterToBeReady$0(219)) - Waiting for cluster to exit safe mode
2022-11-15 18:21:33,630 [Listener at 127.0.0.1/39199] INFO  ozone.MiniOzoneClusterImpl (MiniOzoneClusterImpl.java:lambda$waitForClusterToBeReady$0(221)) - SCM became leader
2022-11-15 18:21:33,684 [Command processor thread] INFO  server.RaftServer (RaftServerProxy.java:addNew(96)) - 102b5bcc-b995-4bd1-8be0-687abca2c396: addNew group-F438B830BFE6:[102b5bcc-b995-4bd1-8be0-687abca2c396|rpc:10.1.1.61:33239|priority:1|startupRole:FOLLOWER] returns group-F438B830BFE6:java.util.concurrent.CompletableFuture@4745b2f2[Not completed]
2022-11-15 18:21:33,698 [pool-72-thread-1] INFO  server.RaftServer$Division (RaftServerImpl.java:<init>(195)) - 102b5bcc-b995-4bd1-8be0-687abca2c396: new RaftServerImpl for group-F438B830BFE6:[102b5bcc-b995-4bd1-8be0-687abca2c396|rpc:10.1.1.61:33239|priority:1|startupRole:FOLLOWER] with ContainerStateMachine:uninitialized
2022-11-15 18:21:33,698 [pool-72-thread-1] INFO  server.RaftServerConfigKeys (ConfUtils.java:logGet(46)) - raft.server.rpc.timeout.min = 5s (custom)
2022-11-15 18:21:33,698 [pool-72-thread-1] INFO  server.RaftServerConfigKeys (ConfUtils.java:logGet(46)) - raft.server.rpc.timeout.max = 5200ms (custom)
2022-11-15 18:21:33,699 [pool-72-thread-1] INFO  server.RaftServerConfigKeys (ConfUtils.java:logGet(46)) - raft.server.rpc.sleep.time = 25ms (default)
2022-11-15 18:21:33,699 [pool-72-thread-1] INFO  server.RaftServerConfigKeys (ConfUtils.java:logGet(46)) - raft.server.rpc.slowness.timeout = 300s (custom)
2022-11-15 18:21:33,699 [pool-72-thread-1] INFO  server.RaftServerConfigKeys (ConfUtils.java:logGet(46)) - raft.server.leaderelection.leader.step-down.wait-time = 10s (default)
2022-11-15 18:21:33,699 [pool-72-thread-1] INFO  server.RaftServerConfigKeys (ConfUtils.java:logGet(46)) - raft.server.sleep.deviation.threshold = 300ms (default)
2022-11-15 18:21:33,699 [pool-72-thread-1] INFO  server.RaftServer$Division (ServerState.java:<init>(118)) - 102b5bcc-b995-4bd1-8be0-687abca2c396@group-F438B830BFE6: ConfigurationManager, init=-1: peers:[102b5bcc-b995-4bd1-8be0-687abca2c396|rpc:10.1.1.61:33239|priority:1|startupRole:FOLLOWER]|listeners:[], old=null, confs=<EMPTY_MAP>
2022-11-15 18:21:33,699 [pool-72-thread-1] INFO  server.RaftServerConfigKeys (ConfUtils.java:logGet(46)) - raft.server.storage.dir = [/home/runner/work/ozone/ozone/hadoop-ozone/integration-test/target/test-dir/MiniOzoneClusterImpl-bc2a9663-e8fe-49bf-acf5-f2772c60d6ae/datanode-0/data/ratis] (custom)
2022-11-15 18:21:33,699 [pool-72-thread-1] INFO  server.RaftServerConfigKeys (ConfUtils.java:logGet(46)) - raft.server.log.corruption.policy = EXCEPTION (default)
2022-11-15 18:21:33,699 [pool-72-thread-1] INFO  server.RaftServerConfigKeys (ConfUtils.java:logGet(46)) - raft.server.storage.free-space.min = 0MB (=0) (default)
2022-11-15 18:21:33,699 [pool-72-thread-1] INFO  server.RaftServerConfigKeys (ConfUtils.java:logGet(46)) - raft.server.notification.no-leader.timeout = 300s (custom)
2022-11-15 18:21:33,699 [pool-72-thread-1] INFO  server.RaftServerConfigKeys (ConfUtils.java:logGet(46)) - raft.server.retrycache.expirytime = 600000ms (custom)
2022-11-15 18:21:33,699 [pool-72-thread-1] INFO  server.RaftServerConfigKeys (ConfUtils.java:logGet(46)) - raft.server.retrycache.statistics.expirytime = 100μs (default)
2022-11-15 18:21:33,702 [pool-72-thread-1] INFO  server.RaftServerConfigKeys (ConfUtils.java:logGet(46)) - raft.server.log.appender.install.snapshot.enabled = false (custom)
2022-11-15 18:21:33,702 [pool-72-thread-1] INFO  server.RaftServerConfigKeys (ConfUtils.java:logGet(46)) - raft.server.threadpool.server.cached = true (default)
2022-11-15 18:21:33,702 [pool-72-thread-1] INFO  server.RaftServerConfigKeys (ConfUtils.java:logGet(46)) - raft.server.threadpool.server.size = 0 (default)
2022-11-15 18:21:33,702 [pool-72-thread-1] INFO  server.RaftServerConfigKeys (ConfUtils.java:logGet(46)) - raft.server.threadpool.client.cached = true (default)
2022-11-15 18:21:33,702 [pool-72-thread-1] INFO  server.RaftServerConfigKeys (ConfUtils.java:logGet(46)) - raft.server.threadpool.client.size = 0 (default)
2022-11-15 18:21:33,702 [pool-72-thread-1] INFO  storage.RaftStorageDirectory (RaftStorageDirectoryImpl.java:analyzeStorage(137)) - The storage directory /home/runner/work/ozone/ozone/hadoop-ozone/integration-test/target/test-dir/MiniOzoneClusterImpl-bc2a9663-e8fe-49bf-acf5-f2772c60d6ae/datanode-0/data/ratis/1cb63804-797d-41a2-b90e-f438b830bfe6 does not exist. Creating ...
2022-11-15 18:21:33,704 [pool-72-thread-1] INFO  storage.RaftStorageDirectory (RaftStorageDirectoryImpl.java:tryLock(231)) - Lock on /home/runner/work/ozone/ozone/hadoop-ozone/integration-test/target/test-dir/MiniOzoneClusterImpl-bc2a9663-e8fe-49bf-acf5-f2772c60d6ae/datanode-0/data/ratis/1cb63804-797d-41a2-b90e-f438b830bfe6/in_use.lock acquired by nodename 5062@fv-az457-133
2022-11-15 18:21:33,707 [pool-72-thread-1] INFO  storage.RaftStorage (RaftStorageImpl.java:format(96)) - Storage directory /home/runner/work/ozone/ozone/hadoop-ozone/integration-test/target/test-dir/MiniOzoneClusterImpl-bc2a9663-e8fe-49bf-acf5-f2772c60d6ae/datanode-0/data/ratis/1cb63804-797d-41a2-b90e-f438b830bfe6 has been successfully formatted.
2022-11-15 18:21:33,713 [pool-72-thread-1] INFO  ratis.ContainerStateMachine (ContainerStateMachine.java:loadSnapshot(236)) - group-F438B830BFE6: The snapshot info is null. Setting the last applied indexto:(t:0, i:~)
2022-11-15 18:21:33,713 [pool-72-thread-1] INFO  server.RaftServerConfigKeys (ConfUtils.java:logGet(46)) - raft.server.log.use.memory = false (default)
2022-11-15 18:21:33,719 [pool-72-thread-1] INFO  server.RaftServerConfigKeys (ConfUtils.java:logGet(46)) - raft.server.log.purge.gap = 1000000 (custom)
2022-11-15 18:21:33,719 [pool-72-thread-1] INFO  server.RaftServerConfigKeys (ConfUtils.java:logGet(46)) - raft.server.log.appender.buffer.byte-limit = 33554432 (custom)
2022-11-15 18:21:33,720 [pool-72-thread-1] INFO  server.RaftServerConfigKeys (ConfUtils.java:logGet(46)) - raft.server.log.statemachine.data.read.timeout = 1000ms (default)
2022-11-15 18:21:33,725 [pool-72-thread-1] INFO  server.RaftServerConfigKeys (ConfUtils.java:logGet(46)) - raft.server.log.purge.preservation.log.num = 0 (default)
2022-11-15 18:21:33,725 [pool-72-thread-1] INFO  server.RaftServerConfigKeys (ConfUtils.java:logGet(46)) - raft.server.log.segment.size.max = 1048576 (custom)
2022-11-15 18:21:33,727 [pool-72-thread-1] INFO  server.RaftServerConfigKeys (ConfUtils.java:logGet(46)) - raft.server.log.segment.cache.num.max = 2 (custom)
2022-11-15 18:21:33,727 [pool-72-thread-1] INFO  server.RaftServerConfigKeys (ConfUtils.java:logGet(46)) - raft.server.log.segment.cache.size.max = 200MB (=209715200) (default)
2022-11-15 18:21:33,727 [pool-72-thread-1] INFO  segmented.SegmentedRaftLogWorker (SegmentedRaftLogWorker.java:<init>(191)) - new 102b5bcc-b995-4bd1-8be0-687abca2c396@group-F438B830BFE6-SegmentedRaftLogWorker for RaftStorageImpl:Storage Directory /home/runner/work/ozone/ozone/hadoop-ozone/integration-test/target/test-dir/MiniOzoneClusterImpl-bc2a9663-e8fe-49bf-acf5-f2772c60d6ae/datanode-0/data/ratis/1cb63804-797d-41a2-b90e-f438b830bfe6
2022-11-15 18:21:33,727 [pool-72-thread-1] INFO  server.RaftServerConfigKeys (ConfUtils.java:logGet(46)) - raft.server.log.queue.byte-limit = 4294967296 (custom)
2022-11-15 18:21:33,727 [pool-72-thread-1] INFO  server.RaftServerConfigKeys (ConfUtils.java:logGet(46)) - raft.server.log.queue.element-limit = 1024 (custom)
2022-11-15 18:21:33,727 [pool-72-thread-1] INFO  server.RaftServerConfigKeys (ConfUtils.java:logGet(46)) - raft.server.log.segment.size.max = 1048576 (custom)
2022-11-15 18:21:33,727 [pool-72-thread-1] INFO  server.RaftServerConfigKeys (ConfUtils.java:logGet(46)) - raft.server.log.preallocated.size = 16384 (custom)
2022-11-15 18:21:33,727 [pool-72-thread-1] INFO  server.RaftServerConfigKeys (ConfUtils.java:logGet(46)) - raft.server.log.force.sync.num = 128 (default)
2022-11-15 18:21:33,727 [pool-72-thread-1] INFO  server.RaftServerConfigKeys (ConfUtils.java:logGet(46)) - raft.server.log.statemachine.data.sync = true (default)
2022-11-15 18:21:33,728 [pool-72-thread-1] INFO  server.RaftServerConfigKeys (ConfUtils.java:logGet(46)) - raft.server.log.statemachine.data.sync.timeout = 10s (default)
2022-11-15 18:21:33,728 [pool-72-thread-1] INFO  server.RaftServerConfigKeys (ConfUtils.java:logGet(46)) - raft.server.log.statemachine.data.sync.timeout.retry = -1 (default)
2022-11-15 18:21:33,733 [pool-72-thread-1] INFO  server.RaftServerConfigKeys (ConfUtils.java:logGet(46)) - raft.server.log.write.buffer.size = 1048576 (custom)
2022-11-15 18:21:33,736 [pool-72-thread-1] INFO  server.RaftServerConfigKeys (ConfUtils.java:logGet(46)) - raft.server.log.unsafe-flush.enabled = false (default)
2022-11-15 18:21:33,737 [pool-72-thread-1] INFO  server.RaftServerConfigKeys (ConfUtils.java:logGet(46)) - raft.server.log.async-flush.enabled = false (default)
2022-11-15 18:21:33,737 [pool-72-thread-1] INFO  server.RaftServerConfigKeys (ConfUtils.java:logGet(46)) - raft.server.log.statemachine.data.caching.enabled = true (custom)
2022-11-15 18:21:33,737 [pool-72-thread-1] INFO  segmented.SegmentedRaftLogWorker (SegmentedRaftLogWorker.java:lambda$new$0(136)) - 102b5bcc-b995-4bd1-8be0-687abca2c396@group-F438B830BFE6-SegmentedRaftLogWorker: flushIndex: setUnconditionally 0 -> -1
2022-11-15 18:21:33,737 [pool-72-thread-1] INFO  segmented.SegmentedRaftLogWorker (SegmentedRaftLogWorker.java:lambda$new$0(136)) - 102b5bcc-b995-4bd1-8be0-687abca2c396@group-F438B830BFE6-SegmentedRaftLogWorker: safeCacheEvictIndex: setUnconditionally 0 -> -1
2022-11-15 18:21:33,741 [pool-72-thread-1] INFO  server.RaftServer$Division (RaftServerImpl.java:start(334)) - 102b5bcc-b995-4bd1-8be0-687abca2c396@group-F438B830BFE6: start as a follower, conf=-1: peers:[102b5bcc-b995-4bd1-8be0-687abca2c396|rpc:10.1.1.61:33239|priority:1|startupRole:FOLLOWER]|listeners:[], old=null
2022-11-15 18:21:33,741 [pool-72-thread-1] INFO  server.RaftServer$Division (RaftServerImpl.java:setRole(321)) - 102b5bcc-b995-4bd1-8be0-687abca2c396@group-F438B830BFE6: changes role from      null to FOLLOWER at term 0 for startAsFollower
2022-11-15 18:21:33,741 [pool-72-thread-1] INFO  impl.RoleInfo (RoleInfo.java:updateAndGet(139)) - 102b5bcc-b995-4bd1-8be0-687abca2c396: start 102b5bcc-b995-4bd1-8be0-687abca2c396@group-F438B830BFE6-FollowerState
2022-11-15 18:21:33,745 [pool-72-thread-1] INFO  util.JmxRegister (JmxRegister.java:tryRegister(44)) - Successfully registered JMX Bean with object name Ratis:service=RaftServer,group=group-F438B830BFE6,id=102b5bcc-b995-4bd1-8be0-687abca2c396
2022-11-15 18:21:33,745 [pool-72-thread-1] INFO  server.RaftServerConfigKeys (ConfUtils.java:logGet(46)) - raft.server.snapshot.auto.trigger.enabled = true (custom)
2022-11-15 18:21:33,745 [pool-72-thread-1] INFO  server.RaftServerConfigKeys (ConfUtils.java:logGet(46)) - raft.server.snapshot.auto.trigger.threshold = 10000 (custom)
2022-11-15 18:21:33,745 [pool-72-thread-1] INFO  server.RaftServerConfigKeys (ConfUtils.java:logGet(46)) - raft.server.snapshot.retention.file.num = 5 (custom)
2022-11-15 18:21:33,745 [pool-72-thread-1] INFO  server.RaftServerConfigKeys (ConfUtils.java:logGet(46)) - raft.server.log.purge.upto.snapshot.index = false (default)
2022-11-15 18:21:33,746 [EventQueue-PipelineReportForPipelineReportHandler] INFO  pipeline.PipelineManagerImpl (PipelineManagerImpl.java:openPipeline(367)) - Pipeline Pipeline[ Id: 1cb63804-797d-41a2-b90e-f438b830bfe6, Nodes: 102b5bcc-b995-4bd1-8be0-687abca2c396{ip: 10.1.1.61, host: fv-az457-133.3faczmgjfduuxnksfsdf43hgfa.dx.internal.cloudapp.net, ports: [REPLICATION=45799, RATIS=33239, RATIS_ADMIN=33239, RATIS_SERVER=33239, STANDALONE=43779], networkLocation: /default-rack, certSerialId: null, persistedOpState: IN_SERVICE, persistedOpStateExpiryEpochSec: 0}, ReplicationConfig: RATIS/ONE, State:ALLOCATED, leaderId:102b5bcc-b995-4bd1-8be0-687abca2c396, CreationTimestamp2022-11-15T18:21:30.705Z[Etc/UTC]] moved to OPEN state
2022-11-15 18:21:33,757 [102b5bcc-b995-4bd1-8be0-687abca2c396@group-F438B830BFE6-FollowerState] INFO  server.RaftServerConfigKeys (ConfUtils.java:logFallback(53)) - raft.server.rpc.first-election.timeout.min = 5s (fallback to raft.server.rpc.timeout.min)
2022-11-15 18:21:33,757 [102b5bcc-b995-4bd1-8be0-687abca2c396@group-F438B830BFE6-FollowerState] INFO  server.RaftServerConfigKeys (ConfUtils.java:logFallback(53)) - raft.server.rpc.first-election.timeout.max = 5200ms (fallback to raft.server.rpc.timeout.max)
2022-11-15 18:21:33,757 [EventQueue-OpenPipelineForHealthyPipelineSafeModeRule] INFO  safemode.SCMSafeModeManager (HealthyPipelineSafeModeRule.java:process(137)) - SCM in safe mode. Healthy pipelines reported count is 0, required healthy pipeline reported count is 1
2022-11-15 18:21:33,761 [Command processor thread] INFO  ratis.XceiverServerRatis (XceiverServerRatis.java:addGroup(765)) - Created group PipelineID=1cb63804-797d-41a2-b90e-f438b830bfe6
2022-11-15 18:21:33,762 [Command processor thread] INFO  commandhandler.CreatePipelineCommandHandler (CreatePipelineCommandHandler.java:handle(113)) - Created Pipeline RATIS ONE PipelineID=1cb63804-797d-41a2-b90e-f438b830bfe6.
2022-11-15 18:21:33,762 [Command processor thread] INFO  server.RaftServer (RaftServerProxy.java:addNew(96)) - 102b5bcc-b995-4bd1-8be0-687abca2c396: addNew group-66279094A956:[102b5bcc-b995-4bd1-8be0-687abca2c396|rpc:10.1.1.61:33239|priority:0|startupRole:FOLLOWER, 76038e5c-cf0d-4f1c-877c-bdd5a6b00a56|rpc:10.1.1.61:39161|priority:1|startupRole:FOLLOWER, ca6bba15-9e85-456d-ac33-d34a4bb4c823|rpc:10.1.1.61:42929|priority:0|startupRole:FOLLOWER] returns group-66279094A956:java.util.concurrent.CompletableFuture@40cb19f[Not completed]
2022-11-15 18:21:33,763 [pool-72-thread-1] INFO  server.RaftServer$Division (RaftServerImpl.java:<init>(195)) - 102b5bcc-b995-4bd1-8be0-687abca2c396: new RaftServerImpl for group-66279094A956:[102b5bcc-b995-4bd1-8be0-687abca2c396|rpc:10.1.1.61:33239|priority:0|startupRole:FOLLOWER, 76038e5c-cf0d-4f1c-877c-bdd5a6b00a56|rpc:10.1.1.61:39161|priority:1|startupRole:FOLLOWER, ca6bba15-9e85-456d-ac33-d34a4bb4c823|rpc:10.1.1.61:42929|priority:0|startupRole:FOLLOWER] with ContainerStateMachine:uninitialized
2022-11-15 18:21:33,763 [pool-72-thread-1] INFO  server.RaftServerConfigKeys (ConfUtils.java:logGet(46)) - raft.server.rpc.timeout.min = 5s (custom)
2022-11-15 18:21:33,763 [pool-72-thread-1] INFO  server.RaftServerConfigKeys (ConfUtils.java:logGet(46)) - raft.server.rpc.timeout.max = 5200ms (custom)
2022-11-15 18:21:33,763 [pool-72-thread-1] INFO  server.RaftServerConfigKeys (ConfUtils.java:logGet(46)) - raft.server.rpc.sleep.time = 25ms (default)
2022-11-15 18:21:33,764 [pool-72-thread-1] INFO  server.RaftServerConfigKeys (ConfUtils.java:logGet(46)) - raft.server.rpc.slowness.timeout = 300s (custom)
2022-11-15 18:21:33,764 [pool-72-thread-1] INFO  server.RaftServerConfigKeys (ConfUtils.java:logGet(46)) - raft.server.leaderelection.leader.step-down.wait-time = 10s (default)
2022-11-15 18:21:33,764 [pool-72-thread-1] INFO  server.RaftServerConfigKeys (ConfUtils.java:logGet(46)) - raft.server.sleep.deviation.threshold = 300ms (default)
2022-11-15 18:21:33,764 [pool-72-thread-1] INFO  server.RaftServer$Division (ServerState.java:<init>(118)) - 102b5bcc-b995-4bd1-8be0-687abca2c396@group-66279094A956: ConfigurationManager, init=-1: peers:[102b5bcc-b995-4bd1-8be0-687abca2c396|rpc:10.1.1.61:33239|priority:0|startupRole:FOLLOWER, 76038e5c-cf0d-4f1c-877c-bdd5a6b00a56|rpc:10.1.1.61:39161|priority:1|startupRole:FOLLOWER, ca6bba15-9e85-456d-ac33-d34a4bb4c823|rpc:10.1.1.61:42929|priority:0|startupRole:FOLLOWER]|listeners:[], old=null, confs=<EMPTY_MAP>
2022-11-15 18:21:33,764 [pool-72-thread-1] INFO  server.RaftServerConfigKeys (ConfUtils.java:logGet(46)) - raft.server.storage.dir = [/home/runner/work/ozone/ozone/hadoop-ozone/integration-test/target/test-dir/MiniOzoneClusterImpl-bc2a9663-e8fe-49bf-acf5-f2772c60d6ae/datanode-0/data/ratis] (custom)
2022-11-15 18:21:33,764 [pool-72-thread-1] INFO  server.RaftServerConfigKeys (ConfUtils.java:logGet(46)) - raft.server.log.corruption.policy = EXCEPTION (default)
2022-11-15 18:21:33,764 [pool-72-thread-1] INFO  server.RaftServerConfigKeys (ConfUtils.java:logGet(46)) - raft.server.storage.free-space.min = 0MB (=0) (default)
2022-11-15 18:21:33,764 [pool-72-thread-1] INFO  server.RaftServerConfigKeys (ConfUtils.java:logGet(46)) - raft.server.notification.no-leader.timeout = 300s (custom)
2022-11-15 18:21:33,764 [pool-72-thread-1] INFO  server.RaftServerConfigKeys (ConfUtils.java:logGet(46)) - raft.server.retrycache.expirytime = 600000ms (custom)
2022-11-15 18:21:33,764 [pool-72-thread-1] INFO  server.RaftServerConfigKeys (ConfUtils.java:logGet(46)) - raft.server.retrycache.statistics.expirytime = 100μs (default)
2022-11-15 18:21:33,766 [pool-72-thread-1] INFO  server.RaftServerConfigKeys (ConfUtils.java:logGet(46)) - raft.server.log.appender.install.snapshot.enabled = false (custom)
2022-11-15 18:21:33,766 [pool-72-thread-1] INFO  server.RaftServerConfigKeys (ConfUtils.java:logGet(46)) - raft.server.threadpool.server.cached = true (default)
2022-11-15 18:21:33,766 [pool-72-thread-1] INFO  server.RaftServerConfigKeys (ConfUtils.java:logGet(46)) - raft.server.threadpool.server.size = 0 (default)
2022-11-15 18:21:33,766 [pool-72-thread-1] INFO  server.RaftServerConfigKeys (ConfUtils.java:logGet(46)) - raft.server.threadpool.client.cached = true (default)
2022-11-15 18:21:33,766 [pool-72-thread-1] INFO  server.RaftServerConfigKeys (ConfUtils.java:logGet(46)) - raft.server.threadpool.client.size = 0 (default)
2022-11-15 18:21:33,766 [pool-72-thread-1] INFO  storage.RaftStorageDirectory (RaftStorageDirectoryImpl.java:analyzeStorage(137)) - The storage directory /home/runner/work/ozone/ozone/hadoop-ozone/integration-test/target/test-dir/MiniOzoneClusterImpl-bc2a9663-e8fe-49bf-acf5-f2772c60d6ae/datanode-0/data/ratis/2566966d-a466-4574-ac18-66279094a956 does not exist. Creating ...
2022-11-15 18:21:33,768 [pool-72-thread-1] INFO  storage.RaftStorageDirectory (RaftStorageDirectoryImpl.java:tryLock(231)) - Lock on /home/runner/work/ozone/ozone/hadoop-ozone/integration-test/target/test-dir/MiniOzoneClusterImpl-bc2a9663-e8fe-49bf-acf5-f2772c60d6ae/datanode-0/data/ratis/2566966d-a466-4574-ac18-66279094a956/in_use.lock acquired by nodename 5062@fv-az457-133
2022-11-15 18:21:33,769 [pool-72-thread-1] INFO  storage.RaftStorage (RaftStorageImpl.java:format(96)) - Storage directory /home/runner/work/ozone/ozone/hadoop-ozone/integration-test/target/test-dir/MiniOzoneClusterImpl-bc2a9663-e8fe-49bf-acf5-f2772c60d6ae/datanode-0/data/ratis/2566966d-a466-4574-ac18-66279094a956 has been successfully formatted.
2022-11-15 18:21:33,769 [pool-72-thread-1] INFO  ratis.ContainerStateMachine (ContainerStateMachine.java:loadSnapshot(236)) - group-66279094A956: The snapshot info is null. Setting the last applied indexto:(t:0, i:~)
2022-11-15 18:21:33,770 [pool-72-thread-1] INFO  server.RaftServerConfigKeys (ConfUtils.java:logGet(46)) - raft.server.log.use.memory = false (default)
2022-11-15 18:21:33,770 [pool-72-thread-1] INFO  server.RaftServerConfigKeys (ConfUtils.java:logGet(46)) - raft.server.log.purge.gap = 1000000 (custom)
2022-11-15 18:21:33,770 [pool-72-thread-1] INFO  server.RaftServerConfigKeys (ConfUtils.java:logGet(46)) - raft.server.log.appender.buffer.byte-limit = 33554432 (custom)
2022-11-15 18:21:33,770 [pool-72-thread-1] INFO  server.RaftServerConfigKeys (ConfUtils.java:logGet(46)) - raft.server.log.statemachine.data.read.timeout = 1000ms (default)
2022-11-15 18:21:33,770 [pool-72-thread-1] INFO  server.RaftServerConfigKeys (ConfUtils.java:logGet(46)) - raft.server.log.purge.preservation.log.num = 0 (default)
2022-11-15 18:21:33,770 [pool-72-thread-1] INFO  server.RaftServerConfigKeys (ConfUtils.java:logGet(46)) - raft.server.log.segment.size.max = 1048576 (custom)
2022-11-15 18:21:33,772 [EventQueue-OpenPipelineForHealthyPipelineSafeModeRule] INFO  safemode.SCMSafeModeManager (HealthyPipelineSafeModeRule.java:process(137)) - SCM in safe mode. Healthy pipelines reported count is 0, required healthy pipeline reported count is 1
2022-11-15 18:21:33,773 [pool-72-thread-1] INFO  server.RaftServerConfigKeys (ConfUtils.java:logGet(46)) - raft.server.log.segment.cache.num.max = 2 (custom)
2022-11-15 18:21:33,773 [pool-72-thread-1] INFO  server.RaftServerConfigKeys (ConfUtils.java:logGet(46)) - raft.server.log.segment.cache.size.max = 200MB (=209715200) (default)
2022-11-15 18:21:33,773 [pool-72-thread-1] INFO  segmented.SegmentedRaftLogWorker (SegmentedRaftLogWorker.java:<init>(191)) - new 102b5bcc-b995-4bd1-8be0-687abca2c396@group-66279094A956-SegmentedRaftLogWorker for RaftStorageImpl:Storage Directory /home/runner/work/ozone/ozone/hadoop-ozone/integration-test/target/test-dir/MiniOzoneClusterImpl-bc2a9663-e8fe-49bf-acf5-f2772c60d6ae/datanode-0/data/ratis/2566966d-a466-4574-ac18-66279094a956
2022-11-15 18:21:33,773 [pool-72-thread-1] INFO  server.RaftServerConfigKeys (ConfUtils.java:logGet(46)) - raft.server.log.queue.byte-limit = 4294967296 (custom)
2022-11-15 18:21:33,773 [pool-72-thread-1] INFO  server.RaftServerConfigKeys (ConfUtils.java:logGet(46)) - raft.server.log.queue.element-limit = 1024 (custom)
2022-11-15 18:21:33,773 [pool-72-thread-1] INFO  server.RaftServerConfigKeys (ConfUtils.java:logGet(46)) - raft.server.log.segment.size.max = 1048576 (custom)
2022-11-15 18:21:33,773 [pool-72-thread-1] INFO  server.RaftServerConfigKeys (ConfUtils.java:logGet(46)) - raft.server.log.preallocated.size = 16384 (custom)
2022-11-15 18:21:33,774 [pool-72-thread-1] INFO  server.RaftServerConfigKeys (ConfUtils.java:logGet(46)) - raft.server.log.force.sync.num = 128 (default)
2022-11-15 18:21:33,774 [pool-72-thread-1] INFO  server.RaftServerConfigKeys (ConfUtils.java:logGet(46)) - raft.server.log.statemachine.data.sync = true (default)
2022-11-15 18:21:33,774 [pool-72-thread-1] INFO  server.RaftServerConfigKeys (ConfUtils.java:logGet(46)) - raft.server.log.statemachine.data.sync.timeout = 10s (default)
2022-11-15 18:21:33,774 [pool-72-thread-1] INFO  server.RaftServerConfigKeys (ConfUtils.java:logGet(46)) - raft.server.log.statemachine.data.sync.timeout.retry = -1 (default)
2022-11-15 18:21:33,775 [pool-72-thread-1] INFO  server.RaftServerConfigKeys (ConfUtils.java:logGet(46)) - raft.server.log.write.buffer.size = 1048576 (custom)
2022-11-15 18:21:33,776 [pool-72-thread-1] INFO  server.RaftServerConfigKeys (ConfUtils.java:logGet(46)) - raft.server.log.unsafe-flush.enabled = false (default)
2022-11-15 18:21:33,776 [pool-72-thread-1] INFO  server.RaftServerConfigKeys (ConfUtils.java:logGet(46)) - raft.server.log.async-flush.enabled = false (default)
2022-11-15 18:21:33,776 [pool-72-thread-1] INFO  server.RaftServerConfigKeys (ConfUtils.java:logGet(46)) - raft.server.log.statemachine.data.caching.enabled = true (custom)
2022-11-15 18:21:33,776 [pool-72-thread-1] INFO  segmented.SegmentedRaftLogWorker (SegmentedRaftLogWorker.java:lambda$new$0(136)) - 102b5bcc-b995-4bd1-8be0-687abca2c396@group-66279094A956-SegmentedRaftLogWorker: flushIndex: setUnconditionally 0 -> -1
2022-11-15 18:21:33,776 [pool-72-thread-1] INFO  segmented.SegmentedRaftLogWorker (SegmentedRaftLogWorker.java:lambda$new$0(136)) - 102b5bcc-b995-4bd1-8be0-687abca2c396@group-66279094A956-SegmentedRaftLogWorker: safeCacheEvictIndex: setUnconditionally 0 -> -1
2022-11-15 18:21:33,777 [pool-72-thread-1] INFO  server.RaftServer$Division (RaftServerImpl.java:start(334)) - 102b5bcc-b995-4bd1-8be0-687abca2c396@group-66279094A956: start as a follower, conf=-1: peers:[102b5bcc-b995-4bd1-8be0-687abca2c396|rpc:10.1.1.61:33239|priority:0|startupRole:FOLLOWER, 76038e5c-cf0d-4f1c-877c-bdd5a6b00a56|rpc:10.1.1.61:39161|priority:1|startupRole:FOLLOWER, ca6bba15-9e85-456d-ac33-d34a4bb4c823|rpc:10.1.1.61:42929|priority:0|startupRole:FOLLOWER]|listeners:[], old=null
2022-11-15 18:21:33,777 [pool-72-thread-1] INFO  server.RaftServer$Division (RaftServerImpl.java:setRole(321)) - 102b5bcc-b995-4bd1-8be0-687abca2c396@group-66279094A956: changes role from      null to FOLLOWER at term 0 for startAsFollower
2022-11-15 18:21:33,777 [pool-72-thread-1] INFO  impl.RoleInfo (RoleInfo.java:updateAndGet(139)) - 102b5bcc-b995-4bd1-8be0-687abca2c396: start 102b5bcc-b995-4bd1-8be0-687abca2c396@group-66279094A956-FollowerState
2022-11-15 18:21:33,777 [pool-72-thread-1] INFO  util.JmxRegister (JmxRegister.java:tryRegister(44)) - Successfully registered JMX Bean with object name Ratis:service=RaftServer,group=group-66279094A956,id=102b5bcc-b995-4bd1-8be0-687abca2c396
2022-11-15 18:21:33,777 [pool-72-thread-1] INFO  server.RaftServerConfigKeys (ConfUtils.java:logGet(46)) - raft.server.snapshot.auto.trigger.enabled = true (custom)
2022-11-15 18:21:33,777 [pool-72-thread-1] INFO  server.RaftServerConfigKeys (ConfUtils.java:logGet(46)) - raft.server.snapshot.auto.trigger.threshold = 10000 (custom)
2022-11-15 18:21:33,777 [pool-72-thread-1] INFO  server.RaftServerConfigKeys (ConfUtils.java:logGet(46)) - raft.server.snapshot.retention.file.num = 5 (custom)
2022-11-15 18:21:33,777 [pool-72-thread-1] INFO  server.RaftServerConfigKeys (ConfUtils.java:logGet(46)) - raft.server.log.purge.upto.snapshot.index = false (default)
2022-11-15 18:21:33,778 [102b5bcc-b995-4bd1-8be0-687abca2c396@group-66279094A956-FollowerState] INFO  server.RaftServerConfigKeys (ConfUtils.java:logFallback(53)) - raft.server.rpc.first-election.timeout.min = 5s (fallback to raft.server.rpc.timeout.min)
2022-11-15 18:21:33,778 [102b5bcc-b995-4bd1-8be0-687abca2c396@group-66279094A956-FollowerState] INFO  server.RaftServerConfigKeys (ConfUtils.java:logFallback(53)) - raft.server.rpc.first-election.timeout.max = 5200ms (fallback to raft.server.rpc.timeout.max)
2022-11-15 18:21:33,778 [Command processor thread] INFO  ratis.XceiverServerRatis (XceiverServerRatis.java:addGroup(765)) - Created group PipelineID=2566966d-a466-4574-ac18-66279094a956
2022-11-15 18:21:34,216 [Command processor thread] INFO  server.RaftServer (RaftServerProxy.java:addNew(96)) - ca6bba15-9e85-456d-ac33-d34a4bb4c823: addNew group-A84FBD4DC2A8:[ca6bba15-9e85-456d-ac33-d34a4bb4c823|rpc:10.1.1.61:42929|priority:1|startupRole:FOLLOWER] returns group-A84FBD4DC2A8:java.util.concurrent.CompletableFuture@4fb1ab38[Not completed]
2022-11-15 18:21:34,225 [pool-94-thread-1] INFO  server.RaftServer$Division (RaftServerImpl.java:<init>(195)) - ca6bba15-9e85-456d-ac33-d34a4bb4c823: new RaftServerImpl for group-A84FBD4DC2A8:[ca6bba15-9e85-456d-ac33-d34a4bb4c823|rpc:10.1.1.61:42929|priority:1|startupRole:FOLLOWER] with ContainerStateMachine:uninitialized
2022-11-15 18:21:34,225 [pool-94-thread-1] INFO  server.RaftServerConfigKeys (ConfUtils.java:logGet(46)) - raft.server.rpc.timeout.min = 5s (custom)
2022-11-15 18:21:34,225 [pool-94-thread-1] INFO  server.RaftServerConfigKeys (ConfUtils.java:logGet(46)) - raft.server.rpc.timeout.max = 5200ms (custom)
2022-11-15 18:21:34,225 [pool-94-thread-1] INFO  server.RaftServerConfigKeys (ConfUtils.java:logGet(46)) - raft.server.rpc.sleep.time = 25ms (default)
2022-11-15 18:21:34,225 [pool-94-thread-1] INFO  server.RaftServerConfigKeys (ConfUtils.java:logGet(46)) - raft.server.rpc.slowness.timeout = 300s (custom)
2022-11-15 18:21:34,225 [pool-94-thread-1] INFO  server.RaftServerConfigKeys (ConfUtils.java:logGet(46)) - raft.server.leaderelection.leader.step-down.wait-time = 10s (default)
2022-11-15 18:21:34,225 [pool-94-thread-1] INFO  server.RaftServerConfigKeys (ConfUtils.java:logGet(46)) - raft.server.sleep.deviation.threshold = 300ms (default)
2022-11-15 18:21:34,225 [pool-94-thread-1] INFO  server.RaftServer$Division (ServerState.java:<init>(118)) - ca6bba15-9e85-456d-ac33-d34a4bb4c823@group-A84FBD4DC2A8: ConfigurationManager, init=-1: peers:[ca6bba15-9e85-456d-ac33-d34a4bb4c823|rpc:10.1.1.61:42929|priority:1|startupRole:FOLLOWER]|listeners:[], old=null, confs=<EMPTY_MAP>
2022-11-15 18:21:34,225 [pool-94-thread-1] INFO  server.RaftServerConfigKeys (ConfUtils.java:logGet(46)) - raft.server.storage.dir = [/home/runner/work/ozone/ozone/hadoop-ozone/integration-test/target/test-dir/MiniOzoneClusterImpl-bc2a9663-e8fe-49bf-acf5-f2772c60d6ae/datanode-1/data/ratis] (custom)
2022-11-15 18:21:34,225 [pool-94-thread-1] INFO  server.RaftServerConfigKeys (ConfUtils.java:logGet(46)) - raft.server.log.corruption.policy = EXCEPTION (default)
2022-11-15 18:21:34,226 [pool-94-thread-1] INFO  server.RaftServerConfigKeys (ConfUtils.java:logGet(46)) - raft.server.storage.free-space.min = 0MB (=0) (default)
2022-11-15 18:21:34,226 [pool-94-thread-1] INFO  server.RaftServerConfigKeys (ConfUtils.java:logGet(46)) - raft.server.notification.no-leader.timeout = 300s (custom)
2022-11-15 18:21:34,226 [pool-94-thread-1] INFO  server.RaftServerConfigKeys (ConfUtils.java:logGet(46)) - raft.server.retrycache.expirytime = 600000ms (custom)
2022-11-15 18:21:34,226 [pool-94-thread-1] INFO  server.RaftServerConfigKeys (ConfUtils.java:logGet(46)) - raft.server.retrycache.statistics.expirytime = 100μs (default)
2022-11-15 18:21:34,227 [pool-94-thread-1] INFO  server.RaftServerConfigKeys (ConfUtils.java:logGet(46)) - raft.server.log.appender.install.snapshot.enabled = false (custom)
2022-11-15 18:21:34,228 [pool-94-thread-1] INFO  server.RaftServerConfigKeys (ConfUtils.java:logGet(46)) - raft.server.threadpool.server.cached = true (default)
2022-11-15 18:21:34,228 [pool-94-thread-1] INFO  server.RaftServerConfigKeys (ConfUtils.java:logGet(46)) - raft.server.threadpool.server.size = 0 (default)
2022-11-15 18:21:34,228 [pool-94-thread-1] INFO  server.RaftServerConfigKeys (ConfUtils.java:logGet(46)) - raft.server.threadpool.client.cached = true (default)
2022-11-15 18:21:34,228 [pool-94-thread-1] INFO  server.RaftServerConfigKeys (ConfUtils.java:logGet(46)) - raft.server.threadpool.client.size = 0 (default)
2022-11-15 18:21:34,228 [pool-94-thread-1] INFO  storage.RaftStorageDirectory (RaftStorageDirectoryImpl.java:analyzeStorage(137)) - The storage directory /home/runner/work/ozone/ozone/hadoop-ozone/integration-test/target/test-dir/MiniOzoneClusterImpl-bc2a9663-e8fe-49bf-acf5-f2772c60d6ae/datanode-1/data/ratis/f66ccc86-2103-4aba-b6e6-a84fbd4dc2a8 does not exist. Creating ...
2022-11-15 18:21:34,234 [pool-94-thread-1] INFO  storage.RaftStorageDirectory (RaftStorageDirectoryImpl.java:tryLock(231)) - Lock on /home/runner/work/ozone/ozone/hadoop-ozone/integration-test/target/test-dir/MiniOzoneClusterImpl-bc2a9663-e8fe-49bf-acf5-f2772c60d6ae/datanode-1/data/ratis/f66ccc86-2103-4aba-b6e6-a84fbd4dc2a8/in_use.lock acquired by nodename 5062@fv-az457-133
2022-11-15 18:21:34,235 [pool-94-thread-1] INFO  storage.RaftStorage (RaftStorageImpl.java:format(96)) - Storage directory /home/runner/work/ozone/ozone/hadoop-ozone/integration-test/target/test-dir/MiniOzoneClusterImpl-bc2a9663-e8fe-49bf-acf5-f2772c60d6ae/datanode-1/data/ratis/f66ccc86-2103-4aba-b6e6-a84fbd4dc2a8 has been successfully formatted.
2022-11-15 18:21:34,241 [EventQueue-PipelineReportForPipelineReportHandler] INFO  pipeline.PipelineManagerImpl (PipelineManagerImpl.java:openPipeline(367)) - Pipeline Pipeline[ Id: f66ccc86-2103-4aba-b6e6-a84fbd4dc2a8, Nodes: ca6bba15-9e85-456d-ac33-d34a4bb4c823{ip: 10.1.1.61, host: fv-az457-133.3faczmgjfduuxnksfsdf43hgfa.dx.internal.cloudapp.net, ports: [REPLICATION=44471, RATIS=42929, RATIS_ADMIN=42929, RATIS_SERVER=42929, STANDALONE=40613], networkLocation: /default-rack, certSerialId: null, persistedOpState: IN_SERVICE, persistedOpStateExpiryEpochSec: 0}, ReplicationConfig: RATIS/ONE, State:ALLOCATED, leaderId:ca6bba15-9e85-456d-ac33-d34a4bb4c823, CreationTimestamp2022-11-15T18:21:31.227Z[Etc/UTC]] moved to OPEN state
2022-11-15 18:21:34,241 [EventQueue-OpenPipelineForHealthyPipelineSafeModeRule] INFO  safemode.SCMSafeModeManager (HealthyPipelineSafeModeRule.java:process(137)) - SCM in safe mode. Healthy pipelines reported count is 0, required healthy pipeline reported count is 1
2022-11-15 18:21:34,243 [pool-94-thread-1] INFO  ratis.ContainerStateMachine (ContainerStateMachine.java:loadSnapshot(236)) - group-A84FBD4DC2A8: The snapshot info is null. Setting the last applied indexto:(t:0, i:~)
2022-11-15 18:21:34,245 [pool-94-thread-1] INFO  server.RaftServerConfigKeys (ConfUtils.java:logGet(46)) - raft.server.log.use.memory = false (default)
2022-11-15 18:21:34,246 [pool-94-thread-1] INFO  server.RaftServerConfigKeys (ConfUtils.java:logGet(46)) - raft.server.log.purge.gap = 1000000 (custom)
2022-11-15 18:21:34,246 [pool-94-thread-1] INFO  server.RaftServerConfigKeys (ConfUtils.java:logGet(46)) - raft.server.log.appender.buffer.byte-limit = 33554432 (custom)
2022-11-15 18:21:34,246 [pool-94-thread-1] INFO  server.RaftServerConfigKeys (ConfUtils.java:logGet(46)) - raft.server.log.statemachine.data.read.timeout = 1000ms (default)
2022-11-15 18:21:34,246 [pool-94-thread-1] INFO  server.RaftServerConfigKeys (ConfUtils.java:logGet(46)) - raft.server.log.purge.preservation.log.num = 0 (default)
2022-11-15 18:21:34,246 [pool-94-thread-1] INFO  server.RaftServerConfigKeys (ConfUtils.java:logGet(46)) - raft.server.log.segment.size.max = 1048576 (custom)
2022-11-15 18:21:34,247 [pool-94-thread-1] INFO  server.RaftServerConfigKeys (ConfUtils.java:logGet(46)) - raft.server.log.segment.cache.num.max = 2 (custom)
2022-11-15 18:21:34,247 [pool-94-thread-1] INFO  server.RaftServerConfigKeys (ConfUtils.java:logGet(46)) - raft.server.log.segment.cache.size.max = 200MB (=209715200) (default)
2022-11-15 18:21:34,250 [pool-94-thread-1] INFO  segmented.SegmentedRaftLogWorker (SegmentedRaftLogWorker.java:<init>(191)) - new ca6bba15-9e85-456d-ac33-d34a4bb4c823@group-A84FBD4DC2A8-SegmentedRaftLogWorker for RaftStorageImpl:Storage Directory /home/runner/work/ozone/ozone/hadoop-ozone/integration-test/target/test-dir/MiniOzoneClusterImpl-bc2a9663-e8fe-49bf-acf5-f2772c60d6ae/datanode-1/data/ratis/f66ccc86-2103-4aba-b6e6-a84fbd4dc2a8
2022-11-15 18:21:34,250 [pool-94-thread-1] INFO  server.RaftServerConfigKeys (ConfUtils.java:logGet(46)) - raft.server.log.queue.byte-limit = 4294967296 (custom)
2022-11-15 18:21:34,250 [pool-94-thread-1] INFO  server.RaftServerConfigKeys (ConfUtils.java:logGet(46)) - raft.server.log.queue.element-limit = 1024 (custom)
2022-11-15 18:21:34,250 [pool-94-thread-1] INFO  server.RaftServerConfigKeys (ConfUtils.java:logGet(46)) - raft.server.log.segment.size.max = 1048576 (custom)
2022-11-15 18:21:34,250 [pool-94-thread-1] INFO  server.RaftServerConfigKeys (ConfUtils.java:logGet(46)) - raft.server.log.preallocated.size = 16384 (custom)
2022-11-15 18:21:34,250 [pool-94-thread-1] INFO  server.RaftServerConfigKeys (ConfUtils.java:logGet(46)) - raft.server.log.force.sync.num = 128 (default)
2022-11-15 18:21:34,250 [pool-94-thread-1] INFO  server.RaftServerConfigKeys (ConfUtils.java:logGet(46)) - raft.server.log.statemachine.data.sync = true (default)
2022-11-15 18:21:34,250 [pool-94-thread-1] INFO  server.RaftServerConfigKeys (ConfUtils.java:logGet(46)) - raft.server.log.statemachine.data.sync.timeout = 10s (default)
2022-11-15 18:21:34,250 [pool-94-thread-1] INFO  server.RaftServerConfigKeys (ConfUtils.java:logGet(46)) - raft.server.log.statemachine.data.sync.timeout.retry = -1 (default)
2022-11-15 18:21:34,254 [pool-94-thread-1] INFO  server.RaftServerConfigKeys (ConfUtils.java:logGet(46)) - raft.server.log.write.buffer.size = 1048576 (custom)
2022-11-15 18:21:34,256 [pool-94-thread-1] INFO  server.RaftServerConfigKeys (ConfUtils.java:logGet(46)) - raft.server.log.unsafe-flush.enabled = false (default)
2022-11-15 18:21:34,256 [pool-94-thread-1] INFO  server.RaftServerConfigKeys (ConfUtils.java:logGet(46)) - raft.server.log.async-flush.enabled = false (default)
2022-11-15 18:21:34,257 [pool-94-thread-1] INFO  server.RaftServerConfigKeys (ConfUtils.java:logGet(46)) - raft.server.log.statemachine.data.caching.enabled = true (custom)
2022-11-15 18:21:34,257 [pool-94-thread-1] INFO  segmented.SegmentedRaftLogWorker (SegmentedRaftLogWorker.java:lambda$new$0(136)) - ca6bba15-9e85-456d-ac33-d34a4bb4c823@group-A84FBD4DC2A8-SegmentedRaftLogWorker: flushIndex: setUnconditionally 0 -> -1
2022-11-15 18:21:34,257 [pool-94-thread-1] INFO  segmented.SegmentedRaftLogWorker (SegmentedRaftLogWorker.java:lambda$new$0(136)) - ca6bba15-9e85-456d-ac33-d34a4bb4c823@group-A84FBD4DC2A8-SegmentedRaftLogWorker: safeCacheEvictIndex: setUnconditionally 0 -> -1
2022-11-15 18:21:34,268 [pool-94-thread-1] INFO  server.RaftServer$Division (RaftServerImpl.java:start(334)) - ca6bba15-9e85-456d-ac33-d34a4bb4c823@group-A84FBD4DC2A8: start as a follower, conf=-1: peers:[ca6bba15-9e85-456d-ac33-d34a4bb4c823|rpc:10.1.1.61:42929|priority:1|startupRole:FOLLOWER]|listeners:[], old=null
2022-11-15 18:21:34,269 [pool-94-thread-1] INFO  server.RaftServer$Division (RaftServerImpl.java:setRole(321)) - ca6bba15-9e85-456d-ac33-d34a4bb4c823@group-A84FBD4DC2A8: changes role from      null to FOLLOWER at term 0 for startAsFollower
2022-11-15 18:21:34,269 [pool-94-thread-1] INFO  impl.RoleInfo (RoleInfo.java:updateAndGet(139)) - ca6bba15-9e85-456d-ac33-d34a4bb4c823: start ca6bba15-9e85-456d-ac33-d34a4bb4c823@group-A84FBD4DC2A8-FollowerState
2022-11-15 18:21:34,270 [ca6bba15-9e85-456d-ac33-d34a4bb4c823@group-A84FBD4DC2A8-FollowerState] INFO  server.RaftServerConfigKeys (ConfUtils.java:logFallback(53)) - raft.server.rpc.first-election.timeout.min = 5s (fallback to raft.server.rpc.timeout.min)
2022-11-15 18:21:34,270 [ca6bba15-9e85-456d-ac33-d34a4bb4c823@group-A84FBD4DC2A8-FollowerState] INFO  server.RaftServerConfigKeys (ConfUtils.java:logFallback(53)) - raft.server.rpc.first-election.timeout.max = 5200ms (fallback to raft.server.rpc.timeout.max)
2022-11-15 18:21:34,270 [pool-94-thread-1] INFO  util.JmxRegister (JmxRegister.java:tryRegister(44)) - Successfully registered JMX Bean with object name Ratis:service=RaftServer,group=group-A84FBD4DC2A8,id=ca6bba15-9e85-456d-ac33-d34a4bb4c823
2022-11-15 18:21:34,275 [pool-94-thread-1] INFO  server.RaftServerConfigKeys (ConfUtils.java:logGet(46)) - raft.server.snapshot.auto.trigger.enabled = true (custom)
2022-11-15 18:21:34,275 [pool-94-thread-1] INFO  server.RaftServerConfigKeys (ConfUtils.java:logGet(46)) - raft.server.snapshot.auto.trigger.threshold = 10000 (custom)
2022-11-15 18:21:34,275 [pool-94-thread-1] INFO  server.RaftServerConfigKeys (ConfUtils.java:logGet(46)) - raft.server.snapshot.retention.file.num = 5 (custom)
2022-11-15 18:21:34,275 [pool-94-thread-1] INFO  server.RaftServerConfigKeys (ConfUtils.java:logGet(46)) - raft.server.log.purge.upto.snapshot.index = false (default)
2022-11-15 18:21:34,280 [Command processor thread] INFO  ratis.XceiverServerRatis (XceiverServerRatis.java:addGroup(765)) - Created group PipelineID=f66ccc86-2103-4aba-b6e6-a84fbd4dc2a8
2022-11-15 18:21:34,281 [Command processor thread] INFO  commandhandler.CreatePipelineCommandHandler (CreatePipelineCommandHandler.java:handle(113)) - Created Pipeline RATIS ONE PipelineID=f66ccc86-2103-4aba-b6e6-a84fbd4dc2a8.
2022-11-15 18:21:34,282 [Command processor thread] INFO  server.RaftServer (RaftServerProxy.java:addNew(96)) - ca6bba15-9e85-456d-ac33-d34a4bb4c823: addNew group-66279094A956:[102b5bcc-b995-4bd1-8be0-687abca2c396|rpc:10.1.1.61:33239|priority:0|startupRole:FOLLOWER, 76038e5c-cf0d-4f1c-877c-bdd5a6b00a56|rpc:10.1.1.61:39161|priority:1|startupRole:FOLLOWER, ca6bba15-9e85-456d-ac33-d34a4bb4c823|rpc:10.1.1.61:42929|priority:0|startupRole:FOLLOWER] returns group-66279094A956:java.util.concurrent.CompletableFuture@4b8e2616[Not completed]
2022-11-15 18:21:34,283 [pool-94-thread-1] INFO  server.RaftServer$Division (RaftServerImpl.java:<init>(195)) - ca6bba15-9e85-456d-ac33-d34a4bb4c823: new RaftServerImpl for group-66279094A956:[102b5bcc-b995-4bd1-8be0-687abca2c396|rpc:10.1.1.61:33239|priority:0|startupRole:FOLLOWER, 76038e5c-cf0d-4f1c-877c-bdd5a6b00a56|rpc:10.1.1.61:39161|priority:1|startupRole:FOLLOWER, ca6bba15-9e85-456d-ac33-d34a4bb4c823|rpc:10.1.1.61:42929|priority:0|startupRole:FOLLOWER] with ContainerStateMachine:uninitialized
2022-11-15 18:21:34,283 [pool-94-thread-1] INFO  server.RaftServerConfigKeys (ConfUtils.java:logGet(46)) - raft.server.rpc.timeout.min = 5s (custom)
2022-11-15 18:21:34,283 [pool-94-thread-1] INFO  server.RaftServerConfigKeys (ConfUtils.java:logGet(46)) - raft.server.rpc.timeout.max = 5200ms (custom)
2022-11-15 18:21:34,283 [pool-94-thread-1] INFO  server.RaftServerConfigKeys (ConfUtils.java:logGet(46)) - raft.server.rpc.sleep.time = 25ms (default)
2022-11-15 18:21:34,284 [pool-94-thread-1] INFO  server.RaftServerConfigKeys (ConfUtils.java:logGet(46)) - raft.server.rpc.slowness.timeout = 300s (custom)
2022-11-15 18:21:34,284 [pool-94-thread-1] INFO  server.RaftServerConfigKeys (ConfUtils.java:logGet(46)) - raft.server.leaderelection.leader.step-down.wait-time = 10s (default)
2022-11-15 18:21:34,284 [pool-94-thread-1] INFO  server.RaftServerConfigKeys (ConfUtils.java:logGet(46)) - raft.server.sleep.deviation.threshold = 300ms (default)
2022-11-15 18:21:34,284 [pool-94-thread-1] INFO  server.RaftServer$Division (ServerState.java:<init>(118)) - ca6bba15-9e85-456d-ac33-d34a4bb4c823@group-66279094A956: ConfigurationManager, init=-1: peers:[102b5bcc-b995-4bd1-8be0-687abca2c396|rpc:10.1.1.61:33239|priority:0|startupRole:FOLLOWER, 76038e5c-cf0d-4f1c-877c-bdd5a6b00a56|rpc:10.1.1.61:39161|priority:1|startupRole:FOLLOWER, ca6bba15-9e85-456d-ac33-d34a4bb4c823|rpc:10.1.1.61:42929|priority:0|startupRole:FOLLOWER]|listeners:[], old=null, confs=<EMPTY_MAP>
2022-11-15 18:21:34,284 [pool-94-thread-1] INFO  server.RaftServerConfigKeys (ConfUtils.java:logGet(46)) - raft.server.storage.dir = [/home/runner/work/ozone/ozone/hadoop-ozone/integration-test/target/test-dir/MiniOzoneClusterImpl-bc2a9663-e8fe-49bf-acf5-f2772c60d6ae/datanode-1/data/ratis] (custom)
2022-11-15 18:21:34,284 [pool-94-thread-1] INFO  server.RaftServerConfigKeys (ConfUtils.java:logGet(46)) - raft.server.log.corruption.policy = EXCEPTION (default)
2022-11-15 18:21:34,284 [pool-94-thread-1] INFO  server.RaftServerConfigKeys (ConfUtils.java:logGet(46)) - raft.server.storage.free-space.min = 0MB (=0) (default)
2022-11-15 18:21:34,284 [pool-94-thread-1] INFO  server.RaftServerConfigKeys (ConfUtils.java:logGet(46)) - raft.server.notification.no-leader.timeout = 300s (custom)
2022-11-15 18:21:34,284 [pool-94-thread-1] INFO  server.RaftServerConfigKeys (ConfUtils.java:logGet(46)) - raft.server.retrycache.expirytime = 600000ms (custom)
2022-11-15 18:21:34,284 [pool-94-thread-1] INFO  server.RaftServerConfigKeys (ConfUtils.java:logGet(46)) - raft.server.retrycache.statistics.expirytime = 100μs (default)
2022-11-15 18:21:34,291 [pool-94-thread-1] INFO  server.RaftServerConfigKeys (ConfUtils.java:logGet(46)) - raft.server.log.appender.install.snapshot.enabled = false (custom)
2022-11-15 18:21:34,291 [pool-94-thread-1] INFO  server.RaftServerConfigKeys (ConfUtils.java:logGet(46)) - raft.server.threadpool.server.cached = true (default)
2022-11-15 18:21:34,291 [pool-94-thread-1] INFO  server.RaftServerConfigKeys (ConfUtils.java:logGet(46)) - raft.server.threadpool.server.size = 0 (default)
2022-11-15 18:21:34,291 [pool-94-thread-1] INFO  server.RaftServerConfigKeys (ConfUtils.java:logGet(46)) - raft.server.threadpool.client.cached = true (default)
2022-11-15 18:21:34,291 [pool-94-thread-1] INFO  server.RaftServerConfigKeys (ConfUtils.java:logGet(46)) - raft.server.threadpool.client.size = 0 (default)
2022-11-15 18:21:34,292 [pool-94-thread-1] INFO  storage.RaftStorageDirectory (RaftStorageDirectoryImpl.java:analyzeStorage(137)) - The storage directory /home/runner/work/ozone/ozone/hadoop-ozone/integration-test/target/test-dir/MiniOzoneClusterImpl-bc2a9663-e8fe-49bf-acf5-f2772c60d6ae/datanode-1/data/ratis/2566966d-a466-4574-ac18-66279094a956 does not exist. Creating ...
2022-11-15 18:21:34,293 [pool-94-thread-1] INFO  storage.RaftStorageDirectory (RaftStorageDirectoryImpl.java:tryLock(231)) - Lock on /home/runner/work/ozone/ozone/hadoop-ozone/integration-test/target/test-dir/MiniOzoneClusterImpl-bc2a9663-e8fe-49bf-acf5-f2772c60d6ae/datanode-1/data/ratis/2566966d-a466-4574-ac18-66279094a956/in_use.lock acquired by nodename 5062@fv-az457-133
2022-11-15 18:21:34,294 [pool-94-thread-1] INFO  storage.RaftStorage (RaftStorageImpl.java:format(96)) - Storage directory /home/runner/work/ozone/ozone/hadoop-ozone/integration-test/target/test-dir/MiniOzoneClusterImpl-bc2a9663-e8fe-49bf-acf5-f2772c60d6ae/datanode-1/data/ratis/2566966d-a466-4574-ac18-66279094a956 has been successfully formatted.
2022-11-15 18:21:34,301 [pool-94-thread-1] INFO  ratis.ContainerStateMachine (ContainerStateMachine.java:loadSnapshot(236)) - group-66279094A956: The snapshot info is null. Setting the last applied indexto:(t:0, i:~)
2022-11-15 18:21:34,305 [EventQueue-OpenPipelineForHealthyPipelineSafeModeRule] INFO  safemode.SCMSafeModeManager (HealthyPipelineSafeModeRule.java:process(137)) - SCM in safe mode. Healthy pipelines reported count is 0, required healthy pipeline reported count is 1
2022-11-15 18:21:34,313 [pool-94-thread-1] INFO  server.RaftServerConfigKeys (ConfUtils.java:logGet(46)) - raft.server.log.use.memory = false (default)
2022-11-15 18:21:34,313 [pool-94-thread-1] INFO  server.RaftServerConfigKeys (ConfUtils.java:logGet(46)) - raft.server.log.purge.gap = 1000000 (custom)
2022-11-15 18:21:34,313 [pool-94-thread-1] INFO  server.RaftServerConfigKeys (ConfUtils.java:logGet(46)) - raft.server.log.appender.buffer.byte-limit = 33554432 (custom)
2022-11-15 18:21:34,313 [pool-94-thread-1] INFO  server.RaftServerConfigKeys (ConfUtils.java:logGet(46)) - raft.server.log.statemachine.data.read.timeout = 1000ms (default)
2022-11-15 18:21:34,313 [pool-94-thread-1] INFO  server.RaftServerConfigKeys (ConfUtils.java:logGet(46)) - raft.server.log.purge.preservation.log.num = 0 (default)
2022-11-15 18:21:34,314 [pool-94-thread-1] INFO  server.RaftServerConfigKeys (ConfUtils.java:logGet(46)) - raft.server.log.segment.size.max = 1048576 (custom)
2022-11-15 18:21:34,315 [pool-94-thread-1] INFO  server.RaftServerConfigKeys (ConfUtils.java:logGet(46)) - raft.server.log.segment.cache.num.max = 2 (custom)
2022-11-15 18:21:34,315 [pool-94-thread-1] INFO  server.RaftServerConfigKeys (ConfUtils.java:logGet(46)) - raft.server.log.segment.cache.size.max = 200MB (=209715200) (default)
2022-11-15 18:21:34,315 [pool-94-thread-1] INFO  segmented.SegmentedRaftLogWorker (SegmentedRaftLogWorker.java:<init>(191)) - new ca6bba15-9e85-456d-ac33-d34a4bb4c823@group-66279094A956-SegmentedRaftLogWorker for RaftStorageImpl:Storage Directory /home/runner/work/ozone/ozone/hadoop-ozone/integration-test/target/test-dir/MiniOzoneClusterImpl-bc2a9663-e8fe-49bf-acf5-f2772c60d6ae/datanode-1/data/ratis/2566966d-a466-4574-ac18-66279094a956
2022-11-15 18:21:34,315 [pool-94-thread-1] INFO  server.RaftServerConfigKeys (ConfUtils.java:logGet(46)) - raft.server.log.queue.byte-limit = 4294967296 (custom)
2022-11-15 18:21:34,315 [pool-94-thread-1] INFO  server.RaftServerConfigKeys (ConfUtils.java:logGet(46)) - raft.server.log.queue.element-limit = 1024 (custom)
2022-11-15 18:21:34,315 [pool-94-thread-1] INFO  server.RaftServerConfigKeys (ConfUtils.java:logGet(46)) - raft.server.log.segment.size.max = 1048576 (custom)
2022-11-15 18:21:34,315 [pool-94-thread-1] INFO  server.RaftServerConfigKeys (ConfUtils.java:logGet(46)) - raft.server.log.preallocated.size = 16384 (custom)
2022-11-15 18:21:34,315 [pool-94-thread-1] INFO  server.RaftServerConfigKeys (ConfUtils.java:logGet(46)) - raft.server.log.force.sync.num = 128 (default)
2022-11-15 18:21:34,316 [pool-94-thread-1] INFO  server.RaftServerConfigKeys (ConfUtils.java:logGet(46)) - raft.server.log.statemachine.data.sync = true (default)
2022-11-15 18:21:34,316 [pool-94-thread-1] INFO  server.RaftServerConfigKeys (ConfUtils.java:logGet(46)) - raft.server.log.statemachine.data.sync.timeout = 10s (default)
2022-11-15 18:21:34,316 [pool-94-thread-1] INFO  server.RaftServerConfigKeys (ConfUtils.java:logGet(46)) - raft.server.log.statemachine.data.sync.timeout.retry = -1 (default)
2022-11-15 18:21:34,317 [pool-94-thread-1] INFO  server.RaftServerConfigKeys (ConfUtils.java:logGet(46)) - raft.server.log.write.buffer.size = 1048576 (custom)
2022-11-15 18:21:34,318 [pool-94-thread-1] INFO  server.RaftServerConfigKeys (ConfUtils.java:logGet(46)) - raft.server.log.unsafe-flush.enabled = false (default)
2022-11-15 18:21:34,318 [pool-94-thread-1] INFO  server.RaftServerConfigKeys (ConfUtils.java:logGet(46)) - raft.server.log.async-flush.enabled = false (default)
2022-11-15 18:21:34,318 [pool-94-thread-1] INFO  server.RaftServerConfigKeys (ConfUtils.java:logGet(46)) - raft.server.log.statemachine.data.caching.enabled = true (custom)
2022-11-15 18:21:34,319 [pool-94-thread-1] INFO  segmented.SegmentedRaftLogWorker (SegmentedRaftLogWorker.java:lambda$new$0(136)) - ca6bba15-9e85-456d-ac33-d34a4bb4c823@group-66279094A956-SegmentedRaftLogWorker: flushIndex: setUnconditionally 0 -> -1
2022-11-15 18:21:34,322 [pool-94-thread-1] INFO  segmented.SegmentedRaftLogWorker (SegmentedRaftLogWorker.java:lambda$new$0(136)) - ca6bba15-9e85-456d-ac33-d34a4bb4c823@group-66279094A956-SegmentedRaftLogWorker: safeCacheEvictIndex: setUnconditionally 0 -> -1
2022-11-15 18:21:34,322 [pool-94-thread-1] INFO  server.RaftServer$Division (RaftServerImpl.java:start(334)) - ca6bba15-9e85-456d-ac33-d34a4bb4c823@group-66279094A956: start as a follower, conf=-1: peers:[102b5bcc-b995-4bd1-8be0-687abca2c396|rpc:10.1.1.61:33239|priority:0|startupRole:FOLLOWER, 76038e5c-cf0d-4f1c-877c-bdd5a6b00a56|rpc:10.1.1.61:39161|priority:1|startupRole:FOLLOWER, ca6bba15-9e85-456d-ac33-d34a4bb4c823|rpc:10.1.1.61:42929|priority:0|startupRole:FOLLOWER]|listeners:[], old=null
2022-11-15 18:21:34,322 [pool-94-thread-1] INFO  server.RaftServer$Division (RaftServerImpl.java:setRole(321)) - ca6bba15-9e85-456d-ac33-d34a4bb4c823@group-66279094A956: changes role from      null to FOLLOWER at term 0 for startAsFollower
2022-11-15 18:21:34,322 [pool-94-thread-1] INFO  impl.RoleInfo (RoleInfo.java:updateAndGet(139)) - ca6bba15-9e85-456d-ac33-d34a4bb4c823: start ca6bba15-9e85-456d-ac33-d34a4bb4c823@group-66279094A956-FollowerState
2022-11-15 18:21:34,324 [pool-94-thread-1] INFO  util.JmxRegister (JmxRegister.java:tryRegister(44)) - Successfully registered JMX Bean with object name Ratis:service=RaftServer,group=group-66279094A956,id=ca6bba15-9e85-456d-ac33-d34a4bb4c823
2022-11-15 18:21:34,324 [pool-94-thread-1] INFO  server.RaftServerConfigKeys (ConfUtils.java:logGet(46)) - raft.server.snapshot.auto.trigger.enabled = true (custom)
2022-11-15 18:21:34,324 [pool-94-thread-1] INFO  server.RaftServerConfigKeys (ConfUtils.java:logGet(46)) - raft.server.snapshot.auto.trigger.threshold = 10000 (custom)
2022-11-15 18:21:34,324 [pool-94-thread-1] INFO  server.RaftServerConfigKeys (ConfUtils.java:logGet(46)) - raft.server.snapshot.retention.file.num = 5 (custom)
2022-11-15 18:21:34,325 [pool-94-thread-1] INFO  server.RaftServerConfigKeys (ConfUtils.java:logGet(46)) - raft.server.log.purge.upto.snapshot.index = false (default)
2022-11-15 18:21:34,332 [ca6bba15-9e85-456d-ac33-d34a4bb4c823@group-66279094A956-FollowerState] INFO  server.RaftServerConfigKeys (ConfUtils.java:logFallback(53)) - raft.server.rpc.first-election.timeout.min = 5s (fallback to raft.server.rpc.timeout.min)
2022-11-15 18:21:34,333 [ca6bba15-9e85-456d-ac33-d34a4bb4c823@group-66279094A956-FollowerState] INFO  server.RaftServerConfigKeys (ConfUtils.java:logFallback(53)) - raft.server.rpc.first-election.timeout.max = 5200ms (fallback to raft.server.rpc.timeout.max)
2022-11-15 18:21:34,335 [Command processor thread] INFO  ratis.XceiverServerRatis (XceiverServerRatis.java:addGroup(765)) - Created group PipelineID=2566966d-a466-4574-ac18-66279094a956
2022-11-15 18:21:34,366 [grpc-default-executor-0] INFO  server.RaftServer (RaftServerProxy.java:addNew(96)) - 76038e5c-cf0d-4f1c-877c-bdd5a6b00a56: addNew group-66279094A956:[102b5bcc-b995-4bd1-8be0-687abca2c396|rpc:10.1.1.61:33239|dataStream:|priority:0|startupRole:FOLLOWER, 76038e5c-cf0d-4f1c-877c-bdd5a6b00a56|rpc:10.1.1.61:39161|dataStream:|priority:1|startupRole:FOLLOWER, ca6bba15-9e85-456d-ac33-d34a4bb4c823|rpc:10.1.1.61:42929|dataStream:|priority:0|startupRole:FOLLOWER] returns group-66279094A956:java.util.concurrent.CompletableFuture@72933ea8[Not completed]
2022-11-15 18:21:34,374 [pool-118-thread-1] INFO  server.RaftServer$Division (RaftServerImpl.java:<init>(195)) - 76038e5c-cf0d-4f1c-877c-bdd5a6b00a56: new RaftServerImpl for group-66279094A956:[102b5bcc-b995-4bd1-8be0-687abca2c396|rpc:10.1.1.61:33239|dataStream:|priority:0|startupRole:FOLLOWER, 76038e5c-cf0d-4f1c-877c-bdd5a6b00a56|rpc:10.1.1.61:39161|dataStream:|priority:1|startupRole:FOLLOWER, ca6bba15-9e85-456d-ac33-d34a4bb4c823|rpc:10.1.1.61:42929|dataStream:|priority:0|startupRole:FOLLOWER] with ContainerStateMachine:uninitialized
2022-11-15 18:21:34,374 [pool-118-thread-1] INFO  server.RaftServerConfigKeys (ConfUtils.java:logGet(46)) - raft.server.rpc.timeout.min = 5s (custom)
2022-11-15 18:21:34,380 [pool-118-thread-1] INFO  server.RaftServerConfigKeys (ConfUtils.java:logGet(46)) - raft.server.rpc.timeout.max = 5200ms (custom)
2022-11-15 18:21:34,380 [pool-118-thread-1] INFO  server.RaftServerConfigKeys (ConfUtils.java:logGet(46)) - raft.server.rpc.sleep.time = 25ms (default)
2022-11-15 18:21:34,380 [pool-118-thread-1] INFO  server.RaftServerConfigKeys (ConfUtils.java:logGet(46)) - raft.server.rpc.slowness.timeout = 300s (custom)
2022-11-15 18:21:34,380 [pool-118-thread-1] INFO  server.RaftServerConfigKeys (ConfUtils.java:logGet(46)) - raft.server.leaderelection.leader.step-down.wait-time = 10s (default)
2022-11-15 18:21:34,380 [pool-118-thread-1] INFO  server.RaftServerConfigKeys (ConfUtils.java:logGet(46)) - raft.server.sleep.deviation.threshold = 300ms (default)
2022-11-15 18:21:34,380 [pool-118-thread-1] INFO  server.RaftServer$Division (ServerState.java:<init>(118)) - 76038e5c-cf0d-4f1c-877c-bdd5a6b00a56@group-66279094A956: ConfigurationManager, init=-1: peers:[102b5bcc-b995-4bd1-8be0-687abca2c396|rpc:10.1.1.61:33239|dataStream:|priority:0|startupRole:FOLLOWER, 76038e5c-cf0d-4f1c-877c-bdd5a6b00a56|rpc:10.1.1.61:39161|dataStream:|priority:1|startupRole:FOLLOWER, ca6bba15-9e85-456d-ac33-d34a4bb4c823|rpc:10.1.1.61:42929|dataStream:|priority:0|startupRole:FOLLOWER]|listeners:[], old=null, confs=<EMPTY_MAP>
2022-11-15 18:21:34,380 [pool-118-thread-1] INFO  server.RaftServerConfigKeys (ConfUtils.java:logGet(46)) - raft.server.storage.dir = [/home/runner/work/ozone/ozone/hadoop-ozone/integration-test/target/test-dir/MiniOzoneClusterImpl-bc2a9663-e8fe-49bf-acf5-f2772c60d6ae/datanode-2/data/ratis] (custom)
2022-11-15 18:21:34,381 [pool-118-thread-1] INFO  server.RaftServerConfigKeys (ConfUtils.java:logGet(46)) - raft.server.log.corruption.policy = EXCEPTION (default)
2022-11-15 18:21:34,381 [pool-118-thread-1] INFO  server.RaftServerConfigKeys (ConfUtils.java:logGet(46)) - raft.server.storage.free-space.min = 0MB (=0) (default)
2022-11-15 18:21:34,381 [pool-118-thread-1] INFO  server.RaftServerConfigKeys (ConfUtils.java:logGet(46)) - raft.server.notification.no-leader.timeout = 300s (custom)
2022-11-15 18:21:34,381 [pool-118-thread-1] INFO  server.RaftServerConfigKeys (ConfUtils.java:logGet(46)) - raft.server.retrycache.expirytime = 600000ms (custom)
2022-11-15 18:21:34,381 [pool-118-thread-1] INFO  server.RaftServerConfigKeys (ConfUtils.java:logGet(46)) - raft.server.retrycache.statistics.expirytime = 100μs (default)
2022-11-15 18:21:34,384 [pool-118-thread-1] INFO  server.RaftServerConfigKeys (ConfUtils.java:logGet(46)) - raft.server.log.appender.install.snapshot.enabled = false (custom)
2022-11-15 18:21:34,384 [pool-118-thread-1] INFO  server.RaftServerConfigKeys (ConfUtils.java:logGet(46)) - raft.server.threadpool.server.cached = true (default)
2022-11-15 18:21:34,384 [pool-118-thread-1] INFO  server.RaftServerConfigKeys (ConfUtils.java:logGet(46)) - raft.server.threadpool.server.size = 0 (default)
2022-11-15 18:21:34,384 [pool-118-thread-1] INFO  server.RaftServerConfigKeys (ConfUtils.java:logGet(46)) - raft.server.threadpool.client.cached = true (default)
2022-11-15 18:21:34,384 [pool-118-thread-1] INFO  server.RaftServerConfigKeys (ConfUtils.java:logGet(46)) - raft.server.threadpool.client.size = 0 (default)
2022-11-15 18:21:34,384 [pool-118-thread-1] INFO  storage.RaftStorageDirectory (RaftStorageDirectoryImpl.java:analyzeStorage(137)) - The storage directory /home/runner/work/ozone/ozone/hadoop-ozone/integration-test/target/test-dir/MiniOzoneClusterImpl-bc2a9663-e8fe-49bf-acf5-f2772c60d6ae/datanode-2/data/ratis/2566966d-a466-4574-ac18-66279094a956 does not exist. Creating ...
2022-11-15 18:21:34,385 [pool-118-thread-1] INFO  storage.RaftStorageDirectory (RaftStorageDirectoryImpl.java:tryLock(231)) - Lock on /home/runner/work/ozone/ozone/hadoop-ozone/integration-test/target/test-dir/MiniOzoneClusterImpl-bc2a9663-e8fe-49bf-acf5-f2772c60d6ae/datanode-2/data/ratis/2566966d-a466-4574-ac18-66279094a956/in_use.lock acquired by nodename 5062@fv-az457-133
2022-11-15 18:21:34,386 [pool-118-thread-1] INFO  storage.RaftStorage (RaftStorageImpl.java:format(96)) - Storage directory /home/runner/work/ozone/ozone/hadoop-ozone/integration-test/target/test-dir/MiniOzoneClusterImpl-bc2a9663-e8fe-49bf-acf5-f2772c60d6ae/datanode-2/data/ratis/2566966d-a466-4574-ac18-66279094a956 has been successfully formatted.
2022-11-15 18:21:34,387 [pool-118-thread-1] INFO  ratis.ContainerStateMachine (ContainerStateMachine.java:loadSnapshot(236)) - group-66279094A956: The snapshot info is null. Setting the last applied indexto:(t:0, i:~)
2022-11-15 18:21:34,387 [pool-118-thread-1] INFO  server.RaftServerConfigKeys (ConfUtils.java:logGet(46)) - raft.server.log.use.memory = false (default)
2022-11-15 18:21:34,388 [pool-118-thread-1] INFO  server.RaftServerConfigKeys (ConfUtils.java:logGet(46)) - raft.server.log.purge.gap = 1000000 (custom)
2022-11-15 18:21:34,388 [pool-118-thread-1] INFO  server.RaftServerConfigKeys (ConfUtils.java:logGet(46)) - raft.server.log.appender.buffer.byte-limit = 33554432 (custom)
2022-11-15 18:21:34,388 [pool-118-thread-1] INFO  server.RaftServerConfigKeys (ConfUtils.java:logGet(46)) - raft.server.log.statemachine.data.read.timeout = 1000ms (default)
2022-11-15 18:21:34,388 [pool-118-thread-1] INFO  server.RaftServerConfigKeys (ConfUtils.java:logGet(46)) - raft.server.log.purge.preservation.log.num = 0 (default)
2022-11-15 18:21:34,388 [pool-118-thread-1] INFO  server.RaftServerConfigKeys (ConfUtils.java:logGet(46)) - raft.server.log.segment.size.max = 1048576 (custom)
2022-11-15 18:21:34,394 [pool-118-thread-1] INFO  server.RaftServerConfigKeys (ConfUtils.java:logGet(46)) - raft.server.log.segment.cache.num.max = 2 (custom)
2022-11-15 18:21:34,394 [pool-118-thread-1] INFO  server.RaftServerConfigKeys (ConfUtils.java:logGet(46)) - raft.server.log.segment.cache.size.max = 200MB (=209715200) (default)
2022-11-15 18:21:34,394 [pool-118-thread-1] INFO  segmented.SegmentedRaftLogWorker (SegmentedRaftLogWorker.java:<init>(191)) - new 76038e5c-cf0d-4f1c-877c-bdd5a6b00a56@group-66279094A956-SegmentedRaftLogWorker for RaftStorageImpl:Storage Directory /home/runner/work/ozone/ozone/hadoop-ozone/integration-test/target/test-dir/MiniOzoneClusterImpl-bc2a9663-e8fe-49bf-acf5-f2772c60d6ae/datanode-2/data/ratis/2566966d-a466-4574-ac18-66279094a956
2022-11-15 18:21:34,394 [pool-118-thread-1] INFO  server.RaftServerConfigKeys (ConfUtils.java:logGet(46)) - raft.server.log.queue.byte-limit = 4294967296 (custom)
2022-11-15 18:21:34,394 [pool-118-thread-1] INFO  server.RaftServerConfigKeys (ConfUtils.java:logGet(46)) - raft.server.log.queue.element-limit = 1024 (custom)
2022-11-15 18:21:34,394 [pool-118-thread-1] INFO  server.RaftServerConfigKeys (ConfUtils.java:logGet(46)) - raft.server.log.segment.size.max = 1048576 (custom)
2022-11-15 18:21:34,394 [pool-118-thread-1] INFO  server.RaftServerConfigKeys (ConfUtils.java:logGet(46)) - raft.server.log.preallocated.size = 16384 (custom)
2022-11-15 18:21:34,394 [pool-118-thread-1] INFO  server.RaftServerConfigKeys (ConfUtils.java:logGet(46)) - raft.server.log.force.sync.num = 128 (default)
2022-11-15 18:21:34,394 [pool-118-thread-1] INFO  server.RaftServerConfigKeys (ConfUtils.java:logGet(46)) - raft.server.log.statemachine.data.sync = true (default)
2022-11-15 18:21:34,394 [pool-118-thread-1] INFO  server.RaftServerConfigKeys (ConfUtils.java:logGet(46)) - raft.server.log.statemachine.data.sync.timeout = 10s (default)
2022-11-15 18:21:34,396 [pool-118-thread-1] INFO  server.RaftServerConfigKeys (ConfUtils.java:logGet(46)) - raft.server.log.statemachine.data.sync.timeout.retry = -1 (default)
2022-11-15 18:21:34,398 [pool-118-thread-1] INFO  server.RaftServerConfigKeys (ConfUtils.java:logGet(46)) - raft.server.log.write.buffer.size = 1048576 (custom)
2022-11-15 18:21:34,399 [pool-118-thread-1] INFO  server.RaftServerConfigKeys (ConfUtils.java:logGet(46)) - raft.server.log.unsafe-flush.enabled = false (default)
2022-11-15 18:21:34,399 [pool-118-thread-1] INFO  server.RaftServerConfigKeys (ConfUtils.java:logGet(46)) - raft.server.log.async-flush.enabled = false (default)
2022-11-15 18:21:34,399 [pool-118-thread-1] INFO  server.RaftServerConfigKeys (ConfUtils.java:logGet(46)) - raft.server.log.statemachine.data.caching.enabled = true (custom)
2022-11-15 18:21:34,402 [pool-118-thread-1] INFO  segmented.SegmentedRaftLogWorker (SegmentedRaftLogWorker.java:lambda$new$0(136)) - 76038e5c-cf0d-4f1c-877c-bdd5a6b00a56@group-66279094A956-SegmentedRaftLogWorker: flushIndex: setUnconditionally 0 -> -1
2022-11-15 18:21:34,402 [pool-118-thread-1] INFO  segmented.SegmentedRaftLogWorker (SegmentedRaftLogWorker.java:lambda$new$0(136)) - 76038e5c-cf0d-4f1c-877c-bdd5a6b00a56@group-66279094A956-SegmentedRaftLogWorker: safeCacheEvictIndex: setUnconditionally 0 -> -1
2022-11-15 18:21:34,403 [pool-118-thread-1] INFO  server.RaftServer$Division (RaftServerImpl.java:start(334)) - 76038e5c-cf0d-4f1c-877c-bdd5a6b00a56@group-66279094A956: start as a follower, conf=-1: peers:[102b5bcc-b995-4bd1-8be0-687abca2c396|rpc:10.1.1.61:33239|dataStream:|priority:0|startupRole:FOLLOWER, 76038e5c-cf0d-4f1c-877c-bdd5a6b00a56|rpc:10.1.1.61:39161|dataStream:|priority:1|startupRole:FOLLOWER, ca6bba15-9e85-456d-ac33-d34a4bb4c823|rpc:10.1.1.61:42929|dataStream:|priority:0|startupRole:FOLLOWER]|listeners:[], old=null
2022-11-15 18:21:34,403 [pool-118-thread-1] INFO  server.RaftServer$Division (RaftServerImpl.java:setRole(321)) - 76038e5c-cf0d-4f1c-877c-bdd5a6b00a56@group-66279094A956: changes role from      null to FOLLOWER at term 0 for startAsFollower
2022-11-15 18:21:34,403 [pool-118-thread-1] INFO  impl.RoleInfo (RoleInfo.java:updateAndGet(139)) - 76038e5c-cf0d-4f1c-877c-bdd5a6b00a56: start 76038e5c-cf0d-4f1c-877c-bdd5a6b00a56@group-66279094A956-FollowerState
2022-11-15 18:21:34,404 [76038e5c-cf0d-4f1c-877c-bdd5a6b00a56@group-66279094A956-FollowerState] INFO  server.RaftServerConfigKeys (ConfUtils.java:logFallback(53)) - raft.server.rpc.first-election.timeout.min = 5s (fallback to raft.server.rpc.timeout.min)
2022-11-15 18:21:34,406 [76038e5c-cf0d-4f1c-877c-bdd5a6b00a56@group-66279094A956-FollowerState] INFO  server.RaftServerConfigKeys (ConfUtils.java:logFallback(53)) - raft.server.rpc.first-election.timeout.max = 5200ms (fallback to raft.server.rpc.timeout.max)
2022-11-15 18:21:34,404 [pool-118-thread-1] INFO  util.JmxRegister (JmxRegister.java:tryRegister(44)) - Successfully registered JMX Bean with object name Ratis:service=RaftServer,group=group-66279094A956,id=76038e5c-cf0d-4f1c-877c-bdd5a6b00a56
2022-11-15 18:21:34,407 [pool-118-thread-1] INFO  server.RaftServerConfigKeys (ConfUtils.java:logGet(46)) - raft.server.snapshot.auto.trigger.enabled = true (custom)
2022-11-15 18:21:34,407 [pool-118-thread-1] INFO  server.RaftServerConfigKeys (ConfUtils.java:logGet(46)) - raft.server.snapshot.auto.trigger.threshold = 10000 (custom)
2022-11-15 18:21:34,407 [pool-118-thread-1] INFO  server.RaftServerConfigKeys (ConfUtils.java:logGet(46)) - raft.server.snapshot.retention.file.num = 5 (custom)
2022-11-15 18:21:34,407 [pool-118-thread-1] INFO  server.RaftServerConfigKeys (ConfUtils.java:logGet(46)) - raft.server.log.purge.upto.snapshot.index = false (default)
2022-11-15 18:21:34,570 [Command processor thread] INFO  commandhandler.CreatePipelineCommandHandler (CreatePipelineCommandHandler.java:handle(113)) - Created Pipeline RATIS THREE PipelineID=2566966d-a466-4574-ac18-66279094a956.
2022-11-15 18:21:34,571 [Command processor thread] INFO  commandhandler.CreatePipelineCommandHandler (CreatePipelineCommandHandler.java:handle(113)) - Created Pipeline RATIS THREE PipelineID=2566966d-a466-4574-ac18-66279094a956.
2022-11-15 18:21:34,571 [Command processor thread] INFO  server.RaftServer (RaftServerProxy.java:addNew(96)) - 102b5bcc-b995-4bd1-8be0-687abca2c396: addNew group-DC3795364C49:[102b5bcc-b995-4bd1-8be0-687abca2c396|rpc:10.1.1.61:33239|priority:0|startupRole:FOLLOWER, ca6bba15-9e85-456d-ac33-d34a4bb4c823|rpc:10.1.1.61:42929|priority:1|startupRole:FOLLOWER, 76038e5c-cf0d-4f1c-877c-bdd5a6b00a56|rpc:10.1.1.61:39161|priority:0|startupRole:FOLLOWER] returns group-DC3795364C49:java.util.concurrent.CompletableFuture@7c9f7dd5[Not completed]
2022-11-15 18:21:34,573 [pool-94-thread-1] INFO  server.RaftServer$Division (RaftServerImpl.java:<init>(195)) - ca6bba15-9e85-456d-ac33-d34a4bb4c823: new RaftServerImpl for group-DC3795364C49:[102b5bcc-b995-4bd1-8be0-687abca2c396|rpc:10.1.1.61:33239|priority:0|startupRole:FOLLOWER, ca6bba15-9e85-456d-ac33-d34a4bb4c823|rpc:10.1.1.61:42929|priority:1|startupRole:FOLLOWER, 76038e5c-cf0d-4f1c-877c-bdd5a6b00a56|rpc:10.1.1.61:39161|priority:0|startupRole:FOLLOWER] with ContainerStateMachine:uninitialized
2022-11-15 18:21:34,574 [pool-94-thread-1] INFO  server.RaftServerConfigKeys (ConfUtils.java:logGet(46)) - raft.server.rpc.timeout.min = 5s (custom)
2022-11-15 18:21:34,574 [pool-94-thread-1] INFO  server.RaftServerConfigKeys (ConfUtils.java:logGet(46)) - raft.server.rpc.timeout.max = 5200ms (custom)
2022-11-15 18:21:34,574 [pool-94-thread-1] INFO  server.RaftServerConfigKeys (ConfUtils.java:logGet(46)) - raft.server.rpc.sleep.time = 25ms (default)
2022-11-15 18:21:34,574 [pool-94-thread-1] INFO  server.RaftServerConfigKeys (ConfUtils.java:logGet(46)) - raft.server.rpc.slowness.timeout = 300s (custom)
2022-11-15 18:21:34,574 [pool-94-thread-1] INFO  server.RaftServerConfigKeys (ConfUtils.java:logGet(46)) - raft.server.leaderelection.leader.step-down.wait-time = 10s (default)
2022-11-15 18:21:34,574 [pool-94-thread-1] INFO  server.RaftServerConfigKeys (ConfUtils.java:logGet(46)) - raft.server.sleep.deviation.threshold = 300ms (default)
2022-11-15 18:21:34,574 [pool-94-thread-1] INFO  server.RaftServer$Division (ServerState.java:<init>(118)) - ca6bba15-9e85-456d-ac33-d34a4bb4c823@group-DC3795364C49: ConfigurationManager, init=-1: peers:[102b5bcc-b995-4bd1-8be0-687abca2c396|rpc:10.1.1.61:33239|priority:0|startupRole:FOLLOWER, ca6bba15-9e85-456d-ac33-d34a4bb4c823|rpc:10.1.1.61:42929|priority:1|startupRole:FOLLOWER, 76038e5c-cf0d-4f1c-877c-bdd5a6b00a56|rpc:10.1.1.61:39161|priority:0|startupRole:FOLLOWER]|listeners:[], old=null, confs=<EMPTY_MAP>
2022-11-15 18:21:34,574 [pool-94-thread-1] INFO  server.RaftServerConfigKeys (ConfUtils.java:logGet(46)) - raft.server.storage.dir = [/home/runner/work/ozone/ozone/hadoop-ozone/integration-test/target/test-dir/MiniOzoneClusterImpl-bc2a9663-e8fe-49bf-acf5-f2772c60d6ae/datanode-1/data/ratis] (custom)
2022-11-15 18:21:34,574 [pool-94-thread-1] INFO  server.RaftServerConfigKeys (ConfUtils.java:logGet(46)) - raft.server.log.corruption.policy = EXCEPTION (default)
2022-11-15 18:21:34,575 [pool-94-thread-1] INFO  server.RaftServerConfigKeys (ConfUtils.java:logGet(46)) - raft.server.storage.free-space.min = 0MB (=0) (default)
2022-11-15 18:21:34,576 [pool-94-thread-1] INFO  server.RaftServerConfigKeys (ConfUtils.java:logGet(46)) - raft.server.notification.no-leader.timeout = 300s (custom)
2022-11-15 18:21:34,576 [pool-94-thread-1] INFO  server.RaftServerConfigKeys (ConfUtils.java:logGet(46)) - raft.server.retrycache.expirytime = 600000ms (custom)
2022-11-15 18:21:34,577 [pool-94-thread-1] INFO  server.RaftServerConfigKeys (ConfUtils.java:logGet(46)) - raft.server.retrycache.statistics.expirytime = 100μs (default)
2022-11-15 18:21:34,579 [pool-94-thread-1] INFO  server.RaftServerConfigKeys (ConfUtils.java:logGet(46)) - raft.server.log.appender.install.snapshot.enabled = false (custom)
2022-11-15 18:21:34,571 [Command processor thread] INFO  server.RaftServer (RaftServerProxy.java:addNew(96)) - ca6bba15-9e85-456d-ac33-d34a4bb4c823: addNew group-DC3795364C49:[102b5bcc-b995-4bd1-8be0-687abca2c396|rpc:10.1.1.61:33239|priority:0|startupRole:FOLLOWER, ca6bba15-9e85-456d-ac33-d34a4bb4c823|rpc:10.1.1.61:42929|priority:1|startupRole:FOLLOWER, 76038e5c-cf0d-4f1c-877c-bdd5a6b00a56|rpc:10.1.1.61:39161|priority:0|startupRole:FOLLOWER] returns group-DC3795364C49:java.util.concurrent.CompletableFuture@624a8232[Not completed]
2022-11-15 18:21:34,579 [pool-94-thread-1] INFO  server.RaftServerConfigKeys (ConfUtils.java:logGet(46)) - raft.server.threadpool.server.cached = true (default)
2022-11-15 18:21:34,575 [pool-72-thread-1] INFO  server.RaftServer$Division (RaftServerImpl.java:<init>(195)) - 102b5bcc-b995-4bd1-8be0-687abca2c396: new RaftServerImpl for group-DC3795364C49:[102b5bcc-b995-4bd1-8be0-687abca2c396|rpc:10.1.1.61:33239|priority:0|startupRole:FOLLOWER, ca6bba15-9e85-456d-ac33-d34a4bb4c823|rpc:10.1.1.61:42929|priority:1|startupRole:FOLLOWER, 76038e5c-cf0d-4f1c-877c-bdd5a6b00a56|rpc:10.1.1.61:39161|priority:0|startupRole:FOLLOWER] with ContainerStateMachine:uninitialized
2022-11-15 18:21:34,580 [pool-72-thread-1] INFO  server.RaftServerConfigKeys (ConfUtils.java:logGet(46)) - raft.server.rpc.timeout.min = 5s (custom)
2022-11-15 18:21:34,580 [pool-72-thread-1] INFO  server.RaftServerConfigKeys (ConfUtils.java:logGet(46)) - raft.server.rpc.timeout.max = 5200ms (custom)
2022-11-15 18:21:34,580 [pool-72-thread-1] INFO  server.RaftServerConfigKeys (ConfUtils.java:logGet(46)) - raft.server.rpc.sleep.time = 25ms (default)
2022-11-15 18:21:34,580 [pool-72-thread-1] INFO  server.RaftServerConfigKeys (ConfUtils.java:logGet(46)) - raft.server.rpc.slowness.timeout = 300s (custom)
2022-11-15 18:21:34,580 [pool-72-thread-1] INFO  server.RaftServerConfigKeys (ConfUtils.java:logGet(46)) - raft.server.leaderelection.leader.step-down.wait-time = 10s (default)
2022-11-15 18:21:34,580 [pool-72-thread-1] INFO  server.RaftServerConfigKeys (ConfUtils.java:logGet(46)) - raft.server.sleep.deviation.threshold = 300ms (default)
2022-11-15 18:21:34,580 [pool-72-thread-1] INFO  server.RaftServer$Division (ServerState.java:<init>(118)) - 102b5bcc-b995-4bd1-8be0-687abca2c396@group-DC3795364C49: ConfigurationManager, init=-1: peers:[102b5bcc-b995-4bd1-8be0-687abca2c396|rpc:10.1.1.61:33239|priority:0|startupRole:FOLLOWER, ca6bba15-9e85-456d-ac33-d34a4bb4c823|rpc:10.1.1.61:42929|priority:1|startupRole:FOLLOWER, 76038e5c-cf0d-4f1c-877c-bdd5a6b00a56|rpc:10.1.1.61:39161|priority:0|startupRole:FOLLOWER]|listeners:[], old=null, confs=<EMPTY_MAP>
2022-11-15 18:21:34,581 [pool-72-thread-1] INFO  server.RaftServerConfigKeys (ConfUtils.java:logGet(46)) - raft.server.storage.dir = [/home/runner/work/ozone/ozone/hadoop-ozone/integration-test/target/test-dir/MiniOzoneClusterImpl-bc2a9663-e8fe-49bf-acf5-f2772c60d6ae/datanode-0/data/ratis] (custom)
2022-11-15 18:21:34,581 [pool-72-thread-1] INFO  server.RaftServerConfigKeys (ConfUtils.java:logGet(46)) - raft.server.log.corruption.policy = EXCEPTION (default)
2022-11-15 18:21:34,581 [pool-72-thread-1] INFO  server.RaftServerConfigKeys (ConfUtils.java:logGet(46)) - raft.server.storage.free-space.min = 0MB (=0) (default)
2022-11-15 18:21:34,581 [pool-72-thread-1] INFO  server.RaftServerConfigKeys (ConfUtils.java:logGet(46)) - raft.server.notification.no-leader.timeout = 300s (custom)
2022-11-15 18:21:34,581 [pool-72-thread-1] INFO  server.RaftServerConfigKeys (ConfUtils.java:logGet(46)) - raft.server.retrycache.expirytime = 600000ms (custom)
2022-11-15 18:21:34,581 [pool-72-thread-1] INFO  server.RaftServerConfigKeys (ConfUtils.java:logGet(46)) - raft.server.retrycache.statistics.expirytime = 100μs (default)
2022-11-15 18:21:34,582 [pool-72-thread-1] INFO  server.RaftServerConfigKeys (ConfUtils.java:logGet(46)) - raft.server.log.appender.install.snapshot.enabled = false (custom)
2022-11-15 18:21:34,582 [pool-72-thread-1] INFO  server.RaftServerConfigKeys (ConfUtils.java:logGet(46)) - raft.server.threadpool.server.cached = true (default)
2022-11-15 18:21:34,582 [pool-72-thread-1] INFO  server.RaftServerConfigKeys (ConfUtils.java:logGet(46)) - raft.server.threadpool.server.size = 0 (default)
2022-11-15 18:21:34,582 [pool-72-thread-1] INFO  server.RaftServerConfigKeys (ConfUtils.java:logGet(46)) - raft.server.threadpool.client.cached = true (default)
2022-11-15 18:21:34,582 [pool-72-thread-1] INFO  server.RaftServerConfigKeys (ConfUtils.java:logGet(46)) - raft.server.threadpool.client.size = 0 (default)
2022-11-15 18:21:34,583 [pool-72-thread-1] INFO  storage.RaftStorageDirectory (RaftStorageDirectoryImpl.java:analyzeStorage(137)) - The storage directory /home/runner/work/ozone/ozone/hadoop-ozone/integration-test/target/test-dir/MiniOzoneClusterImpl-bc2a9663-e8fe-49bf-acf5-f2772c60d6ae/datanode-0/data/ratis/c650ed07-cf72-4b54-af46-dc3795364c49 does not exist. Creating ...
2022-11-15 18:21:34,580 [pool-94-thread-1] INFO  server.RaftServerConfigKeys (ConfUtils.java:logGet(46)) - raft.server.threadpool.server.size = 0 (default)
2022-11-15 18:21:34,584 [pool-94-thread-1] INFO  server.RaftServerConfigKeys (ConfUtils.java:logGet(46)) - raft.server.threadpool.client.cached = true (default)
2022-11-15 18:21:34,584 [pool-94-thread-1] INFO  server.RaftServerConfigKeys (ConfUtils.java:logGet(46)) - raft.server.threadpool.client.size = 0 (default)
2022-11-15 18:21:34,584 [pool-94-thread-1] INFO  storage.RaftStorageDirectory (RaftStorageDirectoryImpl.java:analyzeStorage(137)) - The storage directory /home/runner/work/ozone/ozone/hadoop-ozone/integration-test/target/test-dir/MiniOzoneClusterImpl-bc2a9663-e8fe-49bf-acf5-f2772c60d6ae/datanode-1/data/ratis/c650ed07-cf72-4b54-af46-dc3795364c49 does not exist. Creating ...
2022-11-15 18:21:34,584 [pool-72-thread-1] INFO  storage.RaftStorageDirectory (RaftStorageDirectoryImpl.java:tryLock(231)) - Lock on /home/runner/work/ozone/ozone/hadoop-ozone/integration-test/target/test-dir/MiniOzoneClusterImpl-bc2a9663-e8fe-49bf-acf5-f2772c60d6ae/datanode-0/data/ratis/c650ed07-cf72-4b54-af46-dc3795364c49/in_use.lock acquired by nodename 5062@fv-az457-133
2022-11-15 18:21:34,585 [pool-94-thread-1] INFO  storage.RaftStorageDirectory (RaftStorageDirectoryImpl.java:tryLock(231)) - Lock on /home/runner/work/ozone/ozone/hadoop-ozone/integration-test/target/test-dir/MiniOzoneClusterImpl-bc2a9663-e8fe-49bf-acf5-f2772c60d6ae/datanode-1/data/ratis/c650ed07-cf72-4b54-af46-dc3795364c49/in_use.lock acquired by nodename 5062@fv-az457-133
2022-11-15 18:21:34,586 [pool-72-thread-1] INFO  storage.RaftStorage (RaftStorageImpl.java:format(96)) - Storage directory /home/runner/work/ozone/ozone/hadoop-ozone/integration-test/target/test-dir/MiniOzoneClusterImpl-bc2a9663-e8fe-49bf-acf5-f2772c60d6ae/datanode-0/data/ratis/c650ed07-cf72-4b54-af46-dc3795364c49 has been successfully formatted.
2022-11-15 18:21:34,586 [pool-72-thread-1] INFO  ratis.ContainerStateMachine (ContainerStateMachine.java:loadSnapshot(236)) - group-DC3795364C49: The snapshot info is null. Setting the last applied indexto:(t:0, i:~)
2022-11-15 18:21:34,586 [pool-72-thread-1] INFO  server.RaftServerConfigKeys (ConfUtils.java:logGet(46)) - raft.server.log.use.memory = false (default)
2022-11-15 18:21:34,587 [pool-72-thread-1] INFO  server.RaftServerConfigKeys (ConfUtils.java:logGet(46)) - raft.server.log.purge.gap = 1000000 (custom)
2022-11-15 18:21:34,587 [pool-72-thread-1] INFO  server.RaftServerConfigKeys (ConfUtils.java:logGet(46)) - raft.server.log.appender.buffer.byte-limit = 33554432 (custom)
2022-11-15 18:21:34,587 [pool-72-thread-1] INFO  server.RaftServerConfigKeys (ConfUtils.java:logGet(46)) - raft.server.log.statemachine.data.read.timeout = 1000ms (default)
2022-11-15 18:21:34,587 [pool-72-thread-1] INFO  server.RaftServerConfigKeys (ConfUtils.java:logGet(46)) - raft.server.log.purge.preservation.log.num = 0 (default)
2022-11-15 18:21:34,588 [pool-72-thread-1] INFO  server.RaftServerConfigKeys (ConfUtils.java:logGet(46)) - raft.server.log.segment.size.max = 1048576 (custom)
2022-11-15 18:21:34,588 [pool-72-thread-1] INFO  server.RaftServerConfigKeys (ConfUtils.java:logGet(46)) - raft.server.log.segment.cache.num.max = 2 (custom)
2022-11-15 18:21:34,588 [pool-72-thread-1] INFO  server.RaftServerConfigKeys (ConfUtils.java:logGet(46)) - raft.server.log.segment.cache.size.max = 200MB (=209715200) (default)
2022-11-15 18:21:34,588 [pool-72-thread-1] INFO  segmented.SegmentedRaftLogWorker (SegmentedRaftLogWorker.java:<init>(191)) - new 102b5bcc-b995-4bd1-8be0-687abca2c396@group-DC3795364C49-SegmentedRaftLogWorker for RaftStorageImpl:Storage Directory /home/runner/work/ozone/ozone/hadoop-ozone/integration-test/target/test-dir/MiniOzoneClusterImpl-bc2a9663-e8fe-49bf-acf5-f2772c60d6ae/datanode-0/data/ratis/c650ed07-cf72-4b54-af46-dc3795364c49
2022-11-15 18:21:34,589 [pool-72-thread-1] INFO  server.RaftServerConfigKeys (ConfUtils.java:logGet(46)) - raft.server.log.queue.byte-limit = 4294967296 (custom)
2022-11-15 18:21:34,589 [pool-72-thread-1] INFO  server.RaftServerConfigKeys (ConfUtils.java:logGet(46)) - raft.server.log.queue.element-limit = 1024 (custom)
2022-11-15 18:21:34,589 [pool-72-thread-1] INFO  server.RaftServerConfigKeys (ConfUtils.java:logGet(46)) - raft.server.log.segment.size.max = 1048576 (custom)
2022-11-15 18:21:34,589 [pool-72-thread-1] INFO  server.RaftServerConfigKeys (ConfUtils.java:logGet(46)) - raft.server.log.preallocated.size = 16384 (custom)
2022-11-15 18:21:34,589 [pool-72-thread-1] INFO  server.RaftServerConfigKeys (ConfUtils.java:logGet(46)) - raft.server.log.force.sync.num = 128 (default)
2022-11-15 18:21:34,589 [pool-72-thread-1] INFO  server.RaftServerConfigKeys (ConfUtils.java:logGet(46)) - raft.server.log.statemachine.data.sync = true (default)
2022-11-15 18:21:34,589 [pool-72-thread-1] INFO  server.RaftServerConfigKeys (ConfUtils.java:logGet(46)) - raft.server.log.statemachine.data.sync.timeout = 10s (default)
2022-11-15 18:21:34,589 [pool-72-thread-1] INFO  server.RaftServerConfigKeys (ConfUtils.java:logGet(46)) - raft.server.log.statemachine.data.sync.timeout.retry = -1 (default)
2022-11-15 18:21:34,590 [pool-72-thread-1] INFO  server.RaftServerConfigKeys (ConfUtils.java:logGet(46)) - raft.server.log.write.buffer.size = 1048576 (custom)
2022-11-15 18:21:34,591 [pool-72-thread-1] INFO  server.RaftServerConfigKeys (ConfUtils.java:logGet(46)) - raft.server.log.unsafe-flush.enabled = false (default)
2022-11-15 18:21:34,591 [pool-72-thread-1] INFO  server.RaftServerConfigKeys (ConfUtils.java:logGet(46)) - raft.server.log.async-flush.enabled = false (default)
2022-11-15 18:21:34,591 [pool-72-thread-1] INFO  server.RaftServerConfigKeys (ConfUtils.java:logGet(46)) - raft.server.log.statemachine.data.caching.enabled = true (custom)
2022-11-15 18:21:34,591 [pool-72-thread-1] INFO  segmented.SegmentedRaftLogWorker (SegmentedRaftLogWorker.java:lambda$new$0(136)) - 102b5bcc-b995-4bd1-8be0-687abca2c396@group-DC3795364C49-SegmentedRaftLogWorker: flushIndex: setUnconditionally 0 -> -1
2022-11-15 18:21:34,591 [pool-72-thread-1] INFO  segmented.SegmentedRaftLogWorker (SegmentedRaftLogWorker.java:lambda$new$0(136)) - 102b5bcc-b995-4bd1-8be0-687abca2c396@group-DC3795364C49-SegmentedRaftLogWorker: safeCacheEvictIndex: setUnconditionally 0 -> -1
2022-11-15 18:21:34,592 [pool-72-thread-1] INFO  server.RaftServer$Division (RaftServerImpl.java:start(334)) - 102b5bcc-b995-4bd1-8be0-687abca2c396@group-DC3795364C49: start as a follower, conf=-1: peers:[102b5bcc-b995-4bd1-8be0-687abca2c396|rpc:10.1.1.61:33239|priority:0|startupRole:FOLLOWER, ca6bba15-9e85-456d-ac33-d34a4bb4c823|rpc:10.1.1.61:42929|priority:1|startupRole:FOLLOWER, 76038e5c-cf0d-4f1c-877c-bdd5a6b00a56|rpc:10.1.1.61:39161|priority:0|startupRole:FOLLOWER]|listeners:[], old=null
2022-11-15 18:21:34,598 [pool-72-thread-1] INFO  server.RaftServer$Division (RaftServerImpl.java:setRole(321)) - 102b5bcc-b995-4bd1-8be0-687abca2c396@group-DC3795364C49: changes role from      null to FOLLOWER at term 0 for startAsFollower
2022-11-15 18:21:34,598 [pool-72-thread-1] INFO  impl.RoleInfo (RoleInfo.java:updateAndGet(139)) - 102b5bcc-b995-4bd1-8be0-687abca2c396: start 102b5bcc-b995-4bd1-8be0-687abca2c396@group-DC3795364C49-FollowerState
2022-11-15 18:21:34,598 [pool-72-thread-1] INFO  util.JmxRegister (JmxRegister.java:tryRegister(44)) - Successfully registered JMX Bean with object name Ratis:service=RaftServer,group=group-DC3795364C49,id=102b5bcc-b995-4bd1-8be0-687abca2c396
2022-11-15 18:21:34,598 [pool-72-thread-1] INFO  server.RaftServerConfigKeys (ConfUtils.java:logGet(46)) - raft.server.snapshot.auto.trigger.enabled = true (custom)
2022-11-15 18:21:34,600 [pool-72-thread-1] INFO  server.RaftServerConfigKeys (ConfUtils.java:logGet(46)) - raft.server.snapshot.auto.trigger.threshold = 10000 (custom)
2022-11-15 18:21:34,600 [pool-72-thread-1] INFO  server.RaftServerConfigKeys (ConfUtils.java:logGet(46)) - raft.server.snapshot.retention.file.num = 5 (custom)
2022-11-15 18:21:34,600 [pool-72-thread-1] INFO  server.RaftServerConfigKeys (ConfUtils.java:logGet(46)) - raft.server.log.purge.upto.snapshot.index = false (default)
2022-11-15 18:21:34,599 [EventQueue-OpenPipelineForHealthyPipelineSafeModeRule] INFO  safemode.SCMSafeModeManager (HealthyPipelineSafeModeRule.java:process(137)) - SCM in safe mode. Healthy pipelines reported count is 0, required healthy pipeline reported count is 1
2022-11-15 18:21:34,599 [pool-94-thread-1] INFO  storage.RaftStorage (RaftStorageImpl.java:format(96)) - Storage directory /home/runner/work/ozone/ozone/hadoop-ozone/integration-test/target/test-dir/MiniOzoneClusterImpl-bc2a9663-e8fe-49bf-acf5-f2772c60d6ae/datanode-1/data/ratis/c650ed07-cf72-4b54-af46-dc3795364c49 has been successfully formatted.
2022-11-15 18:21:34,604 [pool-94-thread-1] INFO  ratis.ContainerStateMachine (ContainerStateMachine.java:loadSnapshot(236)) - group-DC3795364C49: The snapshot info is null. Setting the last applied indexto:(t:0, i:~)
2022-11-15 18:21:34,604 [pool-94-thread-1] INFO  server.RaftServerConfigKeys (ConfUtils.java:logGet(46)) - raft.server.log.use.memory = false (default)
2022-11-15 18:21:34,604 [pool-94-thread-1] INFO  server.RaftServerConfigKeys (ConfUtils.java:logGet(46)) - raft.server.log.purge.gap = 1000000 (custom)
2022-11-15 18:21:34,605 [pool-94-thread-1] INFO  server.RaftServerConfigKeys (ConfUtils.java:logGet(46)) - raft.server.log.appender.buffer.byte-limit = 33554432 (custom)
2022-11-15 18:21:34,605 [pool-94-thread-1] INFO  server.RaftServerConfigKeys (ConfUtils.java:logGet(46)) - raft.server.log.statemachine.data.read.timeout = 1000ms (default)
2022-11-15 18:21:34,605 [pool-94-thread-1] INFO  server.RaftServerConfigKeys (ConfUtils.java:logGet(46)) - raft.server.log.purge.preservation.log.num = 0 (default)
2022-11-15 18:21:34,605 [pool-94-thread-1] INFO  server.RaftServerConfigKeys (ConfUtils.java:logGet(46)) - raft.server.log.segment.size.max = 1048576 (custom)
2022-11-15 18:21:34,606 [pool-94-thread-1] INFO  server.RaftServerConfigKeys (ConfUtils.java:logGet(46)) - raft.server.log.segment.cache.num.max = 2 (custom)
2022-11-15 18:21:34,606 [pool-94-thread-1] INFO  server.RaftServerConfigKeys (ConfUtils.java:logGet(46)) - raft.server.log.segment.cache.size.max = 200MB (=209715200) (default)
2022-11-15 18:21:34,606 [pool-94-thread-1] INFO  segmented.SegmentedRaftLogWorker (SegmentedRaftLogWorker.java:<init>(191)) - new ca6bba15-9e85-456d-ac33-d34a4bb4c823@group-DC3795364C49-SegmentedRaftLogWorker for RaftStorageImpl:Storage Directory /home/runner/work/ozone/ozone/hadoop-ozone/integration-test/target/test-dir/MiniOzoneClusterImpl-bc2a9663-e8fe-49bf-acf5-f2772c60d6ae/datanode-1/data/ratis/c650ed07-cf72-4b54-af46-dc3795364c49
2022-11-15 18:21:34,607 [pool-94-thread-1] INFO  server.RaftServerConfigKeys (ConfUtils.java:logGet(46)) - raft.server.log.queue.byte-limit = 4294967296 (custom)
2022-11-15 18:21:34,607 [pool-94-thread-1] INFO  server.RaftServerConfigKeys (ConfUtils.java:logGet(46)) - raft.server.log.queue.element-limit = 1024 (custom)
2022-11-15 18:21:34,607 [pool-94-thread-1] INFO  server.RaftServerConfigKeys (ConfUtils.java:logGet(46)) - raft.server.log.segment.size.max = 1048576 (custom)
2022-11-15 18:21:34,607 [pool-94-thread-1] INFO  server.RaftServerConfigKeys (ConfUtils.java:logGet(46)) - raft.server.log.preallocated.size = 16384 (custom)
2022-11-15 18:21:34,607 [pool-94-thread-1] INFO  server.RaftServerConfigKeys (ConfUtils.java:logGet(46)) - raft.server.log.force.sync.num = 128 (default)
2022-11-15 18:21:34,607 [pool-94-thread-1] INFO  server.RaftServerConfigKeys (ConfUtils.java:logGet(46)) - raft.server.log.statemachine.data.sync = true (default)
2022-11-15 18:21:34,607 [pool-94-thread-1] INFO  server.RaftServerConfigKeys (ConfUtils.java:logGet(46)) - raft.server.log.statemachine.data.sync.timeout = 10s (default)
2022-11-15 18:21:34,607 [pool-94-thread-1] INFO  server.RaftServerConfigKeys (ConfUtils.java:logGet(46)) - raft.server.log.statemachine.data.sync.timeout.retry = -1 (default)
2022-11-15 18:21:34,606 [102b5bcc-b995-4bd1-8be0-687abca2c396@group-DC3795364C49-FollowerState] INFO  server.RaftServerConfigKeys (ConfUtils.java:logFallback(53)) - raft.server.rpc.first-election.timeout.min = 5s (fallback to raft.server.rpc.timeout.min)
2022-11-15 18:21:34,607 [102b5bcc-b995-4bd1-8be0-687abca2c396@group-DC3795364C49-FollowerState] INFO  server.RaftServerConfigKeys (ConfUtils.java:logFallback(53)) - raft.server.rpc.first-election.timeout.max = 5200ms (fallback to raft.server.rpc.timeout.max)
2022-11-15 18:21:34,608 [pool-94-thread-1] INFO  server.RaftServerConfigKeys (ConfUtils.java:logGet(46)) - raft.server.log.write.buffer.size = 1048576 (custom)
2022-11-15 18:21:34,616 [Command processor thread] INFO  ratis.XceiverServerRatis (XceiverServerRatis.java:addGroup(765)) - Created group PipelineID=c650ed07-cf72-4b54-af46-dc3795364c49
2022-11-15 18:21:34,619 [pool-94-thread-1] INFO  server.RaftServerConfigKeys (ConfUtils.java:logGet(46)) - raft.server.log.unsafe-flush.enabled = false (default)
2022-11-15 18:21:34,619 [pool-94-thread-1] INFO  server.RaftServerConfigKeys (ConfUtils.java:logGet(46)) - raft.server.log.async-flush.enabled = false (default)
2022-11-15 18:21:34,619 [pool-94-thread-1] INFO  server.RaftServerConfigKeys (ConfUtils.java:logGet(46)) - raft.server.log.statemachine.data.caching.enabled = true (custom)
2022-11-15 18:21:34,619 [pool-94-thread-1] INFO  segmented.SegmentedRaftLogWorker (SegmentedRaftLogWorker.java:lambda$new$0(136)) - ca6bba15-9e85-456d-ac33-d34a4bb4c823@group-DC3795364C49-SegmentedRaftLogWorker: flushIndex: setUnconditionally 0 -> -1
2022-11-15 18:21:34,619 [pool-94-thread-1] INFO  segmented.SegmentedRaftLogWorker (SegmentedRaftLogWorker.java:lambda$new$0(136)) - ca6bba15-9e85-456d-ac33-d34a4bb4c823@group-DC3795364C49-SegmentedRaftLogWorker: safeCacheEvictIndex: setUnconditionally 0 -> -1
2022-11-15 18:21:34,623 [pool-94-thread-1] INFO  server.RaftServer$Division (RaftServerImpl.java:start(334)) - ca6bba15-9e85-456d-ac33-d34a4bb4c823@group-DC3795364C49: start as a follower, conf=-1: peers:[102b5bcc-b995-4bd1-8be0-687abca2c396|rpc:10.1.1.61:33239|priority:0|startupRole:FOLLOWER, ca6bba15-9e85-456d-ac33-d34a4bb4c823|rpc:10.1.1.61:42929|priority:1|startupRole:FOLLOWER, 76038e5c-cf0d-4f1c-877c-bdd5a6b00a56|rpc:10.1.1.61:39161|priority:0|startupRole:FOLLOWER]|listeners:[], old=null
2022-11-15 18:21:34,623 [pool-94-thread-1] INFO  server.RaftServer$Division (RaftServerImpl.java:setRole(321)) - ca6bba15-9e85-456d-ac33-d34a4bb4c823@group-DC3795364C49: changes role from      null to FOLLOWER at term 0 for startAsFollower
2022-11-15 18:21:34,624 [pool-94-thread-1] INFO  impl.RoleInfo (RoleInfo.java:updateAndGet(139)) - ca6bba15-9e85-456d-ac33-d34a4bb4c823: start ca6bba15-9e85-456d-ac33-d34a4bb4c823@group-DC3795364C49-FollowerState
2022-11-15 18:21:34,624 [pool-94-thread-1] INFO  util.JmxRegister (JmxRegister.java:tryRegister(44)) - Successfully registered JMX Bean with object name Ratis:service=RaftServer,group=group-DC3795364C49,id=ca6bba15-9e85-456d-ac33-d34a4bb4c823
2022-11-15 18:21:34,624 [pool-94-thread-1] INFO  server.RaftServerConfigKeys (ConfUtils.java:logGet(46)) - raft.server.snapshot.auto.trigger.enabled = true (custom)
2022-11-15 18:21:34,624 [pool-94-thread-1] INFO  server.RaftServerConfigKeys (ConfUtils.java:logGet(46)) - raft.server.snapshot.auto.trigger.threshold = 10000 (custom)
2022-11-15 18:21:34,624 [pool-94-thread-1] INFO  server.RaftServerConfigKeys (ConfUtils.java:logGet(46)) - raft.server.snapshot.retention.file.num = 5 (custom)
2022-11-15 18:21:34,624 [pool-94-thread-1] INFO  server.RaftServerConfigKeys (ConfUtils.java:logGet(46)) - raft.server.log.purge.upto.snapshot.index = false (default)
2022-11-15 18:21:34,626 [ca6bba15-9e85-456d-ac33-d34a4bb4c823@group-DC3795364C49-FollowerState] INFO  server.RaftServerConfigKeys (ConfUtils.java:logFallback(53)) - raft.server.rpc.first-election.timeout.min = 5s (fallback to raft.server.rpc.timeout.min)
2022-11-15 18:21:34,627 [ca6bba15-9e85-456d-ac33-d34a4bb4c823@group-DC3795364C49-FollowerState] INFO  server.RaftServerConfigKeys (ConfUtils.java:logFallback(53)) - raft.server.rpc.first-election.timeout.max = 5200ms (fallback to raft.server.rpc.timeout.max)
2022-11-15 18:21:34,631 [Listener at 127.0.0.1/39199] INFO  ozone.MiniOzoneClusterImpl (MiniOzoneClusterImpl.java:lambda$waitForClusterToBeReady$0(216)) - Nodes are ready. Got 3 of 3 DN Heartbeats.
2022-11-15 18:21:34,633 [Listener at 127.0.0.1/39199] INFO  ozone.MiniOzoneClusterImpl (MiniOzoneClusterImpl.java:lambda$waitForClusterToBeReady$0(219)) - Waiting for cluster to exit safe mode
2022-11-15 18:21:34,633 [Listener at 127.0.0.1/39199] INFO  ozone.MiniOzoneClusterImpl (MiniOzoneClusterImpl.java:lambda$waitForClusterToBeReady$0(221)) - SCM became leader
2022-11-15 18:21:34,638 [EventQueue-OpenPipelineForHealthyPipelineSafeModeRule] INFO  safemode.SCMSafeModeManager (HealthyPipelineSafeModeRule.java:process(137)) - SCM in safe mode. Healthy pipelines reported count is 0, required healthy pipeline reported count is 1
2022-11-15 18:21:34,628 [Command processor thread] INFO  ratis.XceiverServerRatis (XceiverServerRatis.java:addGroup(765)) - Created group PipelineID=c650ed07-cf72-4b54-af46-dc3795364c49
2022-11-15 18:21:34,631 [pool-118-thread-1] INFO  server.RaftServer$Division (RaftServerImpl.java:<init>(195)) - 76038e5c-cf0d-4f1c-877c-bdd5a6b00a56: new RaftServerImpl for group-0F711087AD53:[76038e5c-cf0d-4f1c-877c-bdd5a6b00a56|rpc:10.1.1.61:39161|priority:1|startupRole:FOLLOWER] with ContainerStateMachine:uninitialized
2022-11-15 18:21:34,638 [pool-118-thread-1] INFO  server.RaftServerConfigKeys (ConfUtils.java:logGet(46)) - raft.server.rpc.timeout.min = 5s (custom)
2022-11-15 18:21:34,638 [pool-118-thread-1] INFO  server.RaftServerConfigKeys (ConfUtils.java:logGet(46)) - raft.server.rpc.timeout.max = 5200ms (custom)
2022-11-15 18:21:34,638 [pool-118-thread-1] INFO  server.RaftServerConfigKeys (ConfUtils.java:logGet(46)) - raft.server.rpc.sleep.time = 25ms (default)
2022-11-15 18:21:34,638 [pool-118-thread-1] INFO  server.RaftServerConfigKeys (ConfUtils.java:logGet(46)) - raft.server.rpc.slowness.timeout = 300s (custom)
2022-11-15 18:21:34,638 [pool-118-thread-1] INFO  server.RaftServerConfigKeys (ConfUtils.java:logGet(46)) - raft.server.leaderelection.leader.step-down.wait-time = 10s (default)
2022-11-15 18:21:34,638 [pool-118-thread-1] INFO  server.RaftServerConfigKeys (ConfUtils.java:logGet(46)) - raft.server.sleep.deviation.threshold = 300ms (default)
2022-11-15 18:21:34,638 [pool-118-thread-1] INFO  server.RaftServer$Division (ServerState.java:<init>(118)) - 76038e5c-cf0d-4f1c-877c-bdd5a6b00a56@group-0F711087AD53: ConfigurationManager, init=-1: peers:[76038e5c-cf0d-4f1c-877c-bdd5a6b00a56|rpc:10.1.1.61:39161|priority:1|startupRole:FOLLOWER]|listeners:[], old=null, confs=<EMPTY_MAP>
2022-11-15 18:21:34,638 [pool-118-thread-1] INFO  server.RaftServerConfigKeys (ConfUtils.java:logGet(46)) - raft.server.storage.dir = [/home/runner/work/ozone/ozone/hadoop-ozone/integration-test/target/test-dir/MiniOzoneClusterImpl-bc2a9663-e8fe-49bf-acf5-f2772c60d6ae/datanode-2/data/ratis] (custom)
2022-11-15 18:21:34,639 [pool-118-thread-1] INFO  server.RaftServerConfigKeys (ConfUtils.java:logGet(46)) - raft.server.log.corruption.policy = EXCEPTION (default)
2022-11-15 18:21:34,639 [pool-118-thread-1] INFO  server.RaftServerConfigKeys (ConfUtils.java:logGet(46)) - raft.server.storage.free-space.min = 0MB (=0) (default)
2022-11-15 18:21:34,639 [pool-118-thread-1] INFO  server.RaftServerConfigKeys (ConfUtils.java:logGet(46)) - raft.server.notification.no-leader.timeout = 300s (custom)
2022-11-15 18:21:34,639 [pool-118-thread-1] INFO  server.RaftServerConfigKeys (ConfUtils.java:logGet(46)) - raft.server.retrycache.expirytime = 600000ms (custom)
2022-11-15 18:21:34,639 [pool-118-thread-1] INFO  server.RaftServerConfigKeys (ConfUtils.java:logGet(46)) - raft.server.retrycache.statistics.expirytime = 100μs (default)
2022-11-15 18:21:34,629 [Command processor thread] INFO  server.RaftServer (RaftServerProxy.java:addNew(96)) - 76038e5c-cf0d-4f1c-877c-bdd5a6b00a56: addNew group-0F711087AD53:[76038e5c-cf0d-4f1c-877c-bdd5a6b00a56|rpc:10.1.1.61:39161|priority:1|startupRole:FOLLOWER] returns group-0F711087AD53:java.util.concurrent.CompletableFuture@4db92648[Not completed]
2022-11-15 18:21:34,641 [pool-118-thread-1] INFO  server.RaftServerConfigKeys (ConfUtils.java:logGet(46)) - raft.server.log.appender.install.snapshot.enabled = false (custom)
2022-11-15 18:21:34,641 [pool-118-thread-1] INFO  server.RaftServerConfigKeys (ConfUtils.java:logGet(46)) - raft.server.threadpool.server.cached = true (default)
2022-11-15 18:21:34,641 [pool-118-thread-1] INFO  server.RaftServerConfigKeys (ConfUtils.java:logGet(46)) - raft.server.threadpool.server.size = 0 (default)
2022-11-15 18:21:34,643 [pool-118-thread-1] INFO  server.RaftServerConfigKeys (ConfUtils.java:logGet(46)) - raft.server.threadpool.client.cached = true (default)
2022-11-15 18:21:34,643 [pool-118-thread-1] INFO  server.RaftServerConfigKeys (ConfUtils.java:logGet(46)) - raft.server.threadpool.client.size = 0 (default)
2022-11-15 18:21:34,643 [pool-118-thread-1] INFO  storage.RaftStorageDirectory (RaftStorageDirectoryImpl.java:analyzeStorage(137)) - The storage directory /home/runner/work/ozone/ozone/hadoop-ozone/integration-test/target/test-dir/MiniOzoneClusterImpl-bc2a9663-e8fe-49bf-acf5-f2772c60d6ae/datanode-2/data/ratis/3627e606-a111-4b95-94f1-0f711087ad53 does not exist. Creating ...
2022-11-15 18:21:34,646 [pool-118-thread-1] INFO  storage.RaftStorageDirectory (RaftStorageDirectoryImpl.java:tryLock(231)) - Lock on /home/runner/work/ozone/ozone/hadoop-ozone/integration-test/target/test-dir/MiniOzoneClusterImpl-bc2a9663-e8fe-49bf-acf5-f2772c60d6ae/datanode-2/data/ratis/3627e606-a111-4b95-94f1-0f711087ad53/in_use.lock acquired by nodename 5062@fv-az457-133
2022-11-15 18:21:34,651 [pool-118-thread-1] INFO  storage.RaftStorage (RaftStorageImpl.java:format(96)) - Storage directory /home/runner/work/ozone/ozone/hadoop-ozone/integration-test/target/test-dir/MiniOzoneClusterImpl-bc2a9663-e8fe-49bf-acf5-f2772c60d6ae/datanode-2/data/ratis/3627e606-a111-4b95-94f1-0f711087ad53 has been successfully formatted.
2022-11-15 18:21:34,660 [pool-118-thread-1] INFO  ratis.ContainerStateMachine (ContainerStateMachine.java:loadSnapshot(236)) - group-0F711087AD53: The snapshot info is null. Setting the last applied indexto:(t:0, i:~)
2022-11-15 18:21:34,660 [pool-118-thread-1] INFO  server.RaftServerConfigKeys (ConfUtils.java:logGet(46)) - raft.server.log.use.memory = false (default)
2022-11-15 18:21:34,660 [pool-118-thread-1] INFO  server.RaftServerConfigKeys (ConfUtils.java:logGet(46)) - raft.server.log.purge.gap = 1000000 (custom)
2022-11-15 18:21:34,660 [pool-118-thread-1] INFO  server.RaftServerConfigKeys (ConfUtils.java:logGet(46)) - raft.server.log.appender.buffer.byte-limit = 33554432 (custom)
2022-11-15 18:21:34,661 [pool-118-thread-1] INFO  server.RaftServerConfigKeys (ConfUtils.java:logGet(46)) - raft.server.log.statemachine.data.read.timeout = 1000ms (default)
2022-11-15 18:21:34,661 [pool-118-thread-1] INFO  server.RaftServerConfigKeys (ConfUtils.java:logGet(46)) - raft.server.log.purge.preservation.log.num = 0 (default)
2022-11-15 18:21:34,661 [pool-118-thread-1] INFO  server.RaftServerConfigKeys (ConfUtils.java:logGet(46)) - raft.server.log.segment.size.max = 1048576 (custom)
2022-11-15 18:21:34,662 [EventQueue-PipelineReportForPipelineReportHandler] INFO  pipeline.PipelineManagerImpl (PipelineManagerImpl.java:openPipeline(367)) - Pipeline Pipeline[ Id: 3627e606-a111-4b95-94f1-0f711087ad53, Nodes: 76038e5c-cf0d-4f1c-877c-bdd5a6b00a56{ip: 10.1.1.61, host: fv-az457-133.3faczmgjfduuxnksfsdf43hgfa.dx.internal.cloudapp.net, ports: [REPLICATION=33637, RATIS=39161, RATIS_ADMIN=39161, RATIS_SERVER=39161, STANDALONE=40177], networkLocation: /default-rack, certSerialId: null, persistedOpState: IN_SERVICE, persistedOpStateExpiryEpochSec: 0}, ReplicationConfig: RATIS/ONE, State:ALLOCATED, leaderId:76038e5c-cf0d-4f1c-877c-bdd5a6b00a56, CreationTimestamp2022-11-15T18:21:31.635Z[Etc/UTC]] moved to OPEN state
2022-11-15 18:21:34,663 [EventQueue-OpenPipelineForHealthyPipelineSafeModeRule] INFO  safemode.SCMSafeModeManager (HealthyPipelineSafeModeRule.java:process(137)) - SCM in safe mode. Healthy pipelines reported count is 0, required healthy pipeline reported count is 1
2022-11-15 18:21:34,663 [pool-118-thread-1] INFO  server.RaftServerConfigKeys (ConfUtils.java:logGet(46)) - raft.server.log.segment.cache.num.max = 2 (custom)
2022-11-15 18:21:34,671 [pool-118-thread-1] INFO  server.RaftServerConfigKeys (ConfUtils.java:logGet(46)) - raft.server.log.segment.cache.size.max = 200MB (=209715200) (default)
2022-11-15 18:21:34,671 [pool-118-thread-1] INFO  segmented.SegmentedRaftLogWorker (SegmentedRaftLogWorker.java:<init>(191)) - new 76038e5c-cf0d-4f1c-877c-bdd5a6b00a56@group-0F711087AD53-SegmentedRaftLogWorker for RaftStorageImpl:Storage Directory /home/runner/work/ozone/ozone/hadoop-ozone/integration-test/target/test-dir/MiniOzoneClusterImpl-bc2a9663-e8fe-49bf-acf5-f2772c60d6ae/datanode-2/data/ratis/3627e606-a111-4b95-94f1-0f711087ad53
2022-11-15 18:21:34,671 [pool-118-thread-1] INFO  server.RaftServerConfigKeys (ConfUtils.java:logGet(46)) - raft.server.log.queue.byte-limit = 4294967296 (custom)
2022-11-15 18:21:34,671 [pool-118-thread-1] INFO  server.RaftServerConfigKeys (ConfUtils.java:logGet(46)) - raft.server.log.queue.element-limit = 1024 (custom)
2022-11-15 18:21:34,671 [pool-118-thread-1] INFO  server.RaftServerConfigKeys (ConfUtils.java:logGet(46)) - raft.server.log.segment.size.max = 1048576 (custom)
2022-11-15 18:21:34,671 [pool-118-thread-1] INFO  server.RaftServerConfigKeys (ConfUtils.java:logGet(46)) - raft.server.log.preallocated.size = 16384 (custom)
2022-11-15 18:21:34,671 [pool-118-thread-1] INFO  server.RaftServerConfigKeys (ConfUtils.java:logGet(46)) - raft.server.log.force.sync.num = 128 (default)
2022-11-15 18:21:34,671 [pool-118-thread-1] INFO  server.RaftServerConfigKeys (ConfUtils.java:logGet(46)) - raft.server.log.statemachine.data.sync = true (default)
2022-11-15 18:21:34,671 [pool-118-thread-1] INFO  server.RaftServerConfigKeys (ConfUtils.java:logGet(46)) - raft.server.log.statemachine.data.sync.timeout = 10s (default)
2022-11-15 18:21:34,671 [pool-118-thread-1] INFO  server.RaftServerConfigKeys (ConfUtils.java:logGet(46)) - raft.server.log.statemachine.data.sync.timeout.retry = -1 (default)
2022-11-15 18:21:34,672 [pool-118-thread-1] INFO  server.RaftServerConfigKeys (ConfUtils.java:logGet(46)) - raft.server.log.write.buffer.size = 1048576 (custom)
2022-11-15 18:21:34,673 [pool-118-thread-1] INFO  server.RaftServerConfigKeys (ConfUtils.java:logGet(46)) - raft.server.log.unsafe-flush.enabled = false (default)
2022-11-15 18:21:34,673 [pool-118-thread-1] INFO  server.RaftServerConfigKeys (ConfUtils.java:logGet(46)) - raft.server.log.async-flush.enabled = false (default)
2022-11-15 18:21:34,673 [pool-118-thread-1] INFO  server.RaftServerConfigKeys (ConfUtils.java:logGet(46)) - raft.server.log.statemachine.data.caching.enabled = true (custom)
2022-11-15 18:21:34,673 [pool-118-thread-1] INFO  segmented.SegmentedRaftLogWorker (SegmentedRaftLogWorker.java:lambda$new$0(136)) - 76038e5c-cf0d-4f1c-877c-bdd5a6b00a56@group-0F711087AD53-SegmentedRaftLogWorker: flushIndex: setUnconditionally 0 -> -1
2022-11-15 18:21:34,673 [pool-118-thread-1] INFO  segmented.SegmentedRaftLogWorker (SegmentedRaftLogWorker.java:lambda$new$0(136)) - 76038e5c-cf0d-4f1c-877c-bdd5a6b00a56@group-0F711087AD53-SegmentedRaftLogWorker: safeCacheEvictIndex: setUnconditionally 0 -> -1
2022-11-15 18:21:34,675 [pool-118-thread-1] INFO  server.RaftServer$Division (RaftServerImpl.java:start(334)) - 76038e5c-cf0d-4f1c-877c-bdd5a6b00a56@group-0F711087AD53: start as a follower, conf=-1: peers:[76038e5c-cf0d-4f1c-877c-bdd5a6b00a56|rpc:10.1.1.61:39161|priority:1|startupRole:FOLLOWER]|listeners:[], old=null
2022-11-15 18:21:34,675 [pool-118-thread-1] INFO  server.RaftServer$Division (RaftServerImpl.java:setRole(321)) - 76038e5c-cf0d-4f1c-877c-bdd5a6b00a56@group-0F711087AD53: changes role from      null to FOLLOWER at term 0 for startAsFollower
2022-11-15 18:21:34,676 [pool-118-thread-1] INFO  impl.RoleInfo (RoleInfo.java:updateAndGet(139)) - 76038e5c-cf0d-4f1c-877c-bdd5a6b00a56: start 76038e5c-cf0d-4f1c-877c-bdd5a6b00a56@group-0F711087AD53-FollowerState
2022-11-15 18:21:34,676 [pool-118-thread-1] INFO  util.JmxRegister (JmxRegister.java:tryRegister(44)) - Successfully registered JMX Bean with object name Ratis:service=RaftServer,group=group-0F711087AD53,id=76038e5c-cf0d-4f1c-877c-bdd5a6b00a56
2022-11-15 18:21:34,676 [pool-118-thread-1] INFO  server.RaftServerConfigKeys (ConfUtils.java:logGet(46)) - raft.server.snapshot.auto.trigger.enabled = true (custom)
2022-11-15 18:21:34,676 [pool-118-thread-1] INFO  server.RaftServerConfigKeys (ConfUtils.java:logGet(46)) - raft.server.snapshot.auto.trigger.threshold = 10000 (custom)
2022-11-15 18:21:34,676 [pool-118-thread-1] INFO  server.RaftServerConfigKeys (ConfUtils.java:logGet(46)) - raft.server.snapshot.retention.file.num = 5 (custom)
2022-11-15 18:21:34,676 [pool-118-thread-1] INFO  server.RaftServerConfigKeys (ConfUtils.java:logGet(46)) - raft.server.log.purge.upto.snapshot.index = false (default)
2022-11-15 18:21:34,677 [76038e5c-cf0d-4f1c-877c-bdd5a6b00a56@group-0F711087AD53-FollowerState] INFO  server.RaftServerConfigKeys (ConfUtils.java:logFallback(53)) - raft.server.rpc.first-election.timeout.min = 5s (fallback to raft.server.rpc.timeout.min)
2022-11-15 18:21:34,677 [76038e5c-cf0d-4f1c-877c-bdd5a6b00a56@group-0F711087AD53-FollowerState] INFO  server.RaftServerConfigKeys (ConfUtils.java:logFallback(53)) - raft.server.rpc.first-election.timeout.max = 5200ms (fallback to raft.server.rpc.timeout.max)
2022-11-15 18:21:34,677 [Command processor thread] INFO  ratis.XceiverServerRatis (XceiverServerRatis.java:addGroup(765)) - Created group PipelineID=3627e606-a111-4b95-94f1-0f711087ad53
2022-11-15 18:21:34,677 [Command processor thread] INFO  commandhandler.CreatePipelineCommandHandler (CreatePipelineCommandHandler.java:handle(113)) - Created Pipeline RATIS ONE PipelineID=3627e606-a111-4b95-94f1-0f711087ad53.
2022-11-15 18:21:34,678 [Command processor thread] INFO  server.RaftServer (RaftServerProxy.java:addNew(96)) - 76038e5c-cf0d-4f1c-877c-bdd5a6b00a56: addNew group-DC3795364C49:[102b5bcc-b995-4bd1-8be0-687abca2c396|rpc:10.1.1.61:33239|priority:0|startupRole:FOLLOWER, ca6bba15-9e85-456d-ac33-d34a4bb4c823|rpc:10.1.1.61:42929|priority:1|startupRole:FOLLOWER, 76038e5c-cf0d-4f1c-877c-bdd5a6b00a56|rpc:10.1.1.61:39161|priority:0|startupRole:FOLLOWER] returns group-DC3795364C49:java.util.concurrent.CompletableFuture@437ec18f[Not completed]
2022-11-15 18:21:34,687 [pool-118-thread-1] INFO  server.RaftServer$Division (RaftServerImpl.java:<init>(195)) - 76038e5c-cf0d-4f1c-877c-bdd5a6b00a56: new RaftServerImpl for group-DC3795364C49:[102b5bcc-b995-4bd1-8be0-687abca2c396|rpc:10.1.1.61:33239|priority:0|startupRole:FOLLOWER, ca6bba15-9e85-456d-ac33-d34a4bb4c823|rpc:10.1.1.61:42929|priority:1|startupRole:FOLLOWER, 76038e5c-cf0d-4f1c-877c-bdd5a6b00a56|rpc:10.1.1.61:39161|priority:0|startupRole:FOLLOWER] with ContainerStateMachine:uninitialized
2022-11-15 18:21:34,687 [pool-118-thread-1] INFO  server.RaftServerConfigKeys (ConfUtils.java:logGet(46)) - raft.server.rpc.timeout.min = 5s (custom)
2022-11-15 18:21:34,687 [pool-118-thread-1] INFO  server.RaftServerConfigKeys (ConfUtils.java:logGet(46)) - raft.server.rpc.timeout.max = 5200ms (custom)
2022-11-15 18:21:34,687 [pool-118-thread-1] INFO  server.RaftServerConfigKeys (ConfUtils.java:logGet(46)) - raft.server.rpc.sleep.time = 25ms (default)
2022-11-15 18:21:34,688 [pool-118-thread-1] INFO  server.RaftServerConfigKeys (ConfUtils.java:logGet(46)) - raft.server.rpc.slowness.timeout = 300s (custom)
2022-11-15 18:21:34,688 [pool-118-thread-1] INFO  server.RaftServerConfigKeys (ConfUtils.java:logGet(46)) - raft.server.leaderelection.leader.step-down.wait-time = 10s (default)
2022-11-15 18:21:34,688 [pool-118-thread-1] INFO  server.RaftServerConfigKeys (ConfUtils.java:logGet(46)) - raft.server.sleep.deviation.threshold = 300ms (default)
2022-11-15 18:21:34,688 [pool-118-thread-1] INFO  server.RaftServer$Division (ServerState.java:<init>(118)) - 76038e5c-cf0d-4f1c-877c-bdd5a6b00a56@group-DC3795364C49: ConfigurationManager, init=-1: peers:[102b5bcc-b995-4bd1-8be0-687abca2c396|rpc:10.1.1.61:33239|priority:0|startupRole:FOLLOWER, ca6bba15-9e85-456d-ac33-d34a4bb4c823|rpc:10.1.1.61:42929|priority:1|startupRole:FOLLOWER, 76038e5c-cf0d-4f1c-877c-bdd5a6b00a56|rpc:10.1.1.61:39161|priority:0|startupRole:FOLLOWER]|listeners:[], old=null, confs=<EMPTY_MAP>
2022-11-15 18:21:34,688 [pool-118-thread-1] INFO  server.RaftServerConfigKeys (ConfUtils.java:logGet(46)) - raft.server.storage.dir = [/home/runner/work/ozone/ozone/hadoop-ozone/integration-test/target/test-dir/MiniOzoneClusterImpl-bc2a9663-e8fe-49bf-acf5-f2772c60d6ae/datanode-2/data/ratis] (custom)
2022-11-15 18:21:34,688 [pool-118-thread-1] INFO  server.RaftServerConfigKeys (ConfUtils.java:logGet(46)) - raft.server.log.corruption.policy = EXCEPTION (default)
2022-11-15 18:21:34,688 [pool-118-thread-1] INFO  server.RaftServerConfigKeys (ConfUtils.java:logGet(46)) - raft.server.storage.free-space.min = 0MB (=0) (default)
2022-11-15 18:21:34,688 [pool-118-thread-1] INFO  server.RaftServerConfigKeys (ConfUtils.java:logGet(46)) - raft.server.notification.no-leader.timeout = 300s (custom)
2022-11-15 18:21:34,688 [pool-118-thread-1] INFO  server.RaftServerConfigKeys (ConfUtils.java:logGet(46)) - raft.server.retrycache.expirytime = 600000ms (custom)
2022-11-15 18:21:34,688 [pool-118-thread-1] INFO  server.RaftServerConfigKeys (ConfUtils.java:logGet(46)) - raft.server.retrycache.statistics.expirytime = 100μs (default)
2022-11-15 18:21:34,695 [pool-118-thread-1] INFO  server.RaftServerConfigKeys (ConfUtils.java:logGet(46)) - raft.server.log.appender.install.snapshot.enabled = false (custom)
2022-11-15 18:21:34,695 [pool-118-thread-1] INFO  server.RaftServerConfigKeys (ConfUtils.java:logGet(46)) - raft.server.threadpool.server.cached = true (default)
2022-11-15 18:21:34,695 [pool-118-thread-1] INFO  server.RaftServerConfigKeys (ConfUtils.java:logGet(46)) - raft.server.threadpool.server.size = 0 (default)
2022-11-15 18:21:34,695 [pool-118-thread-1] INFO  server.RaftServerConfigKeys (ConfUtils.java:logGet(46)) - raft.server.threadpool.client.cached = true (default)
2022-11-15 18:21:34,695 [pool-118-thread-1] INFO  server.RaftServerConfigKeys (ConfUtils.java:logGet(46)) - raft.server.threadpool.client.size = 0 (default)
2022-11-15 18:21:34,696 [pool-118-thread-1] INFO  storage.RaftStorageDirectory (RaftStorageDirectoryImpl.java:analyzeStorage(137)) - The storage directory /home/runner/work/ozone/ozone/hadoop-ozone/integration-test/target/test-dir/MiniOzoneClusterImpl-bc2a9663-e8fe-49bf-acf5-f2772c60d6ae/datanode-2/data/ratis/c650ed07-cf72-4b54-af46-dc3795364c49 does not exist. Creating ...
2022-11-15 18:21:34,697 [pool-118-thread-1] INFO  storage.RaftStorageDirectory (RaftStorageDirectoryImpl.java:tryLock(231)) - Lock on /home/runner/work/ozone/ozone/hadoop-ozone/integration-test/target/test-dir/MiniOzoneClusterImpl-bc2a9663-e8fe-49bf-acf5-f2772c60d6ae/datanode-2/data/ratis/c650ed07-cf72-4b54-af46-dc3795364c49/in_use.lock acquired by nodename 5062@fv-az457-133
2022-11-15 18:21:34,705 [pool-118-thread-1] INFO  storage.RaftStorage (RaftStorageImpl.java:format(96)) - Storage directory /home/runner/work/ozone/ozone/hadoop-ozone/integration-test/target/test-dir/MiniOzoneClusterImpl-bc2a9663-e8fe-49bf-acf5-f2772c60d6ae/datanode-2/data/ratis/c650ed07-cf72-4b54-af46-dc3795364c49 has been successfully formatted.
2022-11-15 18:21:34,705 [pool-118-thread-1] INFO  ratis.ContainerStateMachine (ContainerStateMachine.java:loadSnapshot(236)) - group-DC3795364C49: The snapshot info is null. Setting the last applied indexto:(t:0, i:~)
2022-11-15 18:21:34,705 [pool-118-thread-1] INFO  server.RaftServerConfigKeys (ConfUtils.java:logGet(46)) - raft.server.log.use.memory = false (default)
2022-11-15 18:21:34,705 [pool-118-thread-1] INFO  server.RaftServerConfigKeys (ConfUtils.java:logGet(46)) - raft.server.log.purge.gap = 1000000 (custom)
2022-11-15 18:21:34,705 [pool-118-thread-1] INFO  server.RaftServerConfigKeys (ConfUtils.java:logGet(46)) - raft.server.log.appender.buffer.byte-limit = 33554432 (custom)
2022-11-15 18:21:34,705 [pool-118-thread-1] INFO  server.RaftServerConfigKeys (ConfUtils.java:logGet(46)) - raft.server.log.statemachine.data.read.timeout = 1000ms (default)
2022-11-15 18:21:34,705 [pool-118-thread-1] INFO  server.RaftServerConfigKeys (ConfUtils.java:logGet(46)) - raft.server.log.purge.preservation.log.num = 0 (default)
2022-11-15 18:21:34,706 [pool-118-thread-1] INFO  server.RaftServerConfigKeys (ConfUtils.java:logGet(46)) - raft.server.log.segment.size.max = 1048576 (custom)
2022-11-15 18:21:34,707 [pool-118-thread-1] INFO  server.RaftServerConfigKeys (ConfUtils.java:logGet(46)) - raft.server.log.segment.cache.num.max = 2 (custom)
2022-11-15 18:21:34,707 [pool-118-thread-1] INFO  server.RaftServerConfigKeys (ConfUtils.java:logGet(46)) - raft.server.log.segment.cache.size.max = 200MB (=209715200) (default)
2022-11-15 18:21:34,708 [pool-118-thread-1] INFO  segmented.SegmentedRaftLogWorker (SegmentedRaftLogWorker.java:<init>(191)) - new 76038e5c-cf0d-4f1c-877c-bdd5a6b00a56@group-DC3795364C49-SegmentedRaftLogWorker for RaftStorageImpl:Storage Directory /home/runner/work/ozone/ozone/hadoop-ozone/integration-test/target/test-dir/MiniOzoneClusterImpl-bc2a9663-e8fe-49bf-acf5-f2772c60d6ae/datanode-2/data/ratis/c650ed07-cf72-4b54-af46-dc3795364c49
2022-11-15 18:21:34,708 [pool-118-thread-1] INFO  server.RaftServerConfigKeys (ConfUtils.java:logGet(46)) - raft.server.log.queue.byte-limit = 4294967296 (custom)
2022-11-15 18:21:34,708 [pool-118-thread-1] INFO  server.RaftServerConfigKeys (ConfUtils.java:logGet(46)) - raft.server.log.queue.element-limit = 1024 (custom)
2022-11-15 18:21:34,708 [pool-118-thread-1] INFO  server.RaftServerConfigKeys (ConfUtils.java:logGet(46)) - raft.server.log.segment.size.max = 1048576 (custom)
2022-11-15 18:21:34,708 [pool-118-thread-1] INFO  server.RaftServerConfigKeys (ConfUtils.java:logGet(46)) - raft.server.log.preallocated.size = 16384 (custom)
2022-11-15 18:21:34,708 [pool-118-thread-1] INFO  server.RaftServerConfigKeys (ConfUtils.java:logGet(46)) - raft.server.log.force.sync.num = 128 (default)
2022-11-15 18:21:34,709 [EventQueue-OpenPipelineForHealthyPipelineSafeModeRule] INFO  safemode.SCMSafeModeManager (HealthyPipelineSafeModeRule.java:process(137)) - SCM in safe mode. Healthy pipelines reported count is 0, required healthy pipeline reported count is 1
2022-11-15 18:21:34,715 [pool-118-thread-1] INFO  server.RaftServerConfigKeys (ConfUtils.java:logGet(46)) - raft.server.log.statemachine.data.sync = true (default)
2022-11-15 18:21:34,720 [pool-118-thread-1] INFO  server.RaftServerConfigKeys (ConfUtils.java:logGet(46)) - raft.server.log.statemachine.data.sync.timeout = 10s (default)
2022-11-15 18:21:34,720 [pool-118-thread-1] INFO  server.RaftServerConfigKeys (ConfUtils.java:logGet(46)) - raft.server.log.statemachine.data.sync.timeout.retry = -1 (default)
2022-11-15 18:21:34,723 [pool-118-thread-1] INFO  server.RaftServerConfigKeys (ConfUtils.java:logGet(46)) - raft.server.log.write.buffer.size = 1048576 (custom)
2022-11-15 18:21:34,725 [pool-118-thread-1] INFO  server.RaftServerConfigKeys (ConfUtils.java:logGet(46)) - raft.server.log.unsafe-flush.enabled = false (default)
2022-11-15 18:21:34,725 [pool-118-thread-1] INFO  server.RaftServerConfigKeys (ConfUtils.java:logGet(46)) - raft.server.log.async-flush.enabled = false (default)
2022-11-15 18:21:34,725 [pool-118-thread-1] INFO  server.RaftServerConfigKeys (ConfUtils.java:logGet(46)) - raft.server.log.statemachine.data.caching.enabled = true (custom)
2022-11-15 18:21:34,729 [pool-118-thread-1] INFO  segmented.SegmentedRaftLogWorker (SegmentedRaftLogWorker.java:lambda$new$0(136)) - 76038e5c-cf0d-4f1c-877c-bdd5a6b00a56@group-DC3795364C49-SegmentedRaftLogWorker: flushIndex: setUnconditionally 0 -> -1
2022-11-15 18:21:34,731 [pool-118-thread-1] INFO  segmented.SegmentedRaftLogWorker (SegmentedRaftLogWorker.java:lambda$new$0(136)) - 76038e5c-cf0d-4f1c-877c-bdd5a6b00a56@group-DC3795364C49-SegmentedRaftLogWorker: safeCacheEvictIndex: setUnconditionally 0 -> -1
2022-11-15 18:21:34,731 [pool-118-thread-1] INFO  server.RaftServer$Division (RaftServerImpl.java:start(334)) - 76038e5c-cf0d-4f1c-877c-bdd5a6b00a56@group-DC3795364C49: start as a follower, conf=-1: peers:[102b5bcc-b995-4bd1-8be0-687abca2c396|rpc:10.1.1.61:33239|priority:0|startupRole:FOLLOWER, ca6bba15-9e85-456d-ac33-d34a4bb4c823|rpc:10.1.1.61:42929|priority:1|startupRole:FOLLOWER, 76038e5c-cf0d-4f1c-877c-bdd5a6b00a56|rpc:10.1.1.61:39161|priority:0|startupRole:FOLLOWER]|listeners:[], old=null
2022-11-15 18:21:34,731 [pool-118-thread-1] INFO  server.RaftServer$Division (RaftServerImpl.java:setRole(321)) - 76038e5c-cf0d-4f1c-877c-bdd5a6b00a56@group-DC3795364C49: changes role from      null to FOLLOWER at term 0 for startAsFollower
2022-11-15 18:21:34,731 [pool-118-thread-1] INFO  impl.RoleInfo (RoleInfo.java:updateAndGet(139)) - 76038e5c-cf0d-4f1c-877c-bdd5a6b00a56: start 76038e5c-cf0d-4f1c-877c-bdd5a6b00a56@group-DC3795364C49-FollowerState
2022-11-15 18:21:34,731 [pool-118-thread-1] INFO  util.JmxRegister (JmxRegister.java:tryRegister(44)) - Successfully registered JMX Bean with object name Ratis:service=RaftServer,group=group-DC3795364C49,id=76038e5c-cf0d-4f1c-877c-bdd5a6b00a56
2022-11-15 18:21:34,731 [pool-118-thread-1] INFO  server.RaftServerConfigKeys (ConfUtils.java:logGet(46)) - raft.server.snapshot.auto.trigger.enabled = true (custom)
2022-11-15 18:21:34,732 [pool-118-thread-1] INFO  server.RaftServerConfigKeys (ConfUtils.java:logGet(46)) - raft.server.snapshot.auto.trigger.threshold = 10000 (custom)
2022-11-15 18:21:34,733 [pool-118-thread-1] INFO  server.RaftServerConfigKeys (ConfUtils.java:logGet(46)) - raft.server.snapshot.retention.file.num = 5 (custom)
2022-11-15 18:21:34,733 [pool-118-thread-1] INFO  server.RaftServerConfigKeys (ConfUtils.java:logGet(46)) - raft.server.log.purge.upto.snapshot.index = false (default)
2022-11-15 18:21:34,735 [Command processor thread] INFO  ratis.XceiverServerRatis (XceiverServerRatis.java:addGroup(765)) - Created group PipelineID=c650ed07-cf72-4b54-af46-dc3795364c49
2022-11-15 18:21:34,743 [76038e5c-cf0d-4f1c-877c-bdd5a6b00a56@group-DC3795364C49-FollowerState] INFO  server.RaftServerConfigKeys (ConfUtils.java:logFallback(53)) - raft.server.rpc.first-election.timeout.min = 5s (fallback to raft.server.rpc.timeout.min)
2022-11-15 18:21:34,743 [76038e5c-cf0d-4f1c-877c-bdd5a6b00a56@group-DC3795364C49-FollowerState] INFO  server.RaftServerConfigKeys (ConfUtils.java:logFallback(53)) - raft.server.rpc.first-election.timeout.max = 5200ms (fallback to raft.server.rpc.timeout.max)
2022-11-15 18:21:34,790 [Command processor thread] INFO  commandhandler.CreatePipelineCommandHandler (CreatePipelineCommandHandler.java:handle(113)) - Created Pipeline RATIS THREE PipelineID=c650ed07-cf72-4b54-af46-dc3795364c49.
2022-11-15 18:21:34,808 [Command processor thread] INFO  commandhandler.CreatePipelineCommandHandler (CreatePipelineCommandHandler.java:handle(113)) - Created Pipeline RATIS THREE PipelineID=c650ed07-cf72-4b54-af46-dc3795364c49.
2022-11-15 18:21:34,826 [Command processor thread] INFO  commandhandler.CreatePipelineCommandHandler (CreatePipelineCommandHandler.java:handle(113)) - Created Pipeline RATIS THREE PipelineID=c650ed07-cf72-4b54-af46-dc3795364c49.
2022-11-15 18:21:35,633 [Listener at 127.0.0.1/39199] INFO  ozone.MiniOzoneClusterImpl (MiniOzoneClusterImpl.java:lambda$waitForClusterToBeReady$0(216)) - Nodes are ready. Got 3 of 3 DN Heartbeats.
2022-11-15 18:21:35,633 [Listener at 127.0.0.1/39199] INFO  ozone.MiniOzoneClusterImpl (MiniOzoneClusterImpl.java:lambda$waitForClusterToBeReady$0(219)) - Waiting for cluster to exit safe mode
2022-11-15 18:21:35,633 [Listener at 127.0.0.1/39199] INFO  ozone.MiniOzoneClusterImpl (MiniOzoneClusterImpl.java:lambda$waitForClusterToBeReady$0(221)) - SCM became leader
2022-11-15 18:21:36,633 [Listener at 127.0.0.1/39199] INFO  ozone.MiniOzoneClusterImpl (MiniOzoneClusterImpl.java:lambda$waitForClusterToBeReady$0(216)) - Nodes are ready. Got 3 of 3 DN Heartbeats.
2022-11-15 18:21:36,634 [Listener at 127.0.0.1/39199] INFO  ozone.MiniOzoneClusterImpl (MiniOzoneClusterImpl.java:lambda$waitForClusterToBeReady$0(219)) - Waiting for cluster to exit safe mode
2022-11-15 18:21:36,634 [Listener at 127.0.0.1/39199] INFO  ozone.MiniOzoneClusterImpl (MiniOzoneClusterImpl.java:lambda$waitForClusterToBeReady$0(221)) - SCM became leader
2022-11-15 18:21:37,638 [Listener at 127.0.0.1/39199] INFO  ozone.MiniOzoneClusterImpl (MiniOzoneClusterImpl.java:lambda$waitForClusterToBeReady$0(216)) - Nodes are ready. Got 3 of 3 DN Heartbeats.
2022-11-15 18:21:37,638 [Listener at 127.0.0.1/39199] INFO  ozone.MiniOzoneClusterImpl (MiniOzoneClusterImpl.java:lambda$waitForClusterToBeReady$0(219)) - Waiting for cluster to exit safe mode
2022-11-15 18:21:37,638 [Listener at 127.0.0.1/39199] INFO  ozone.MiniOzoneClusterImpl (MiniOzoneClusterImpl.java:lambda$waitForClusterToBeReady$0(221)) - SCM became leader
2022-11-15 18:21:38,638 [Listener at 127.0.0.1/39199] INFO  ozone.MiniOzoneClusterImpl (MiniOzoneClusterImpl.java:lambda$waitForClusterToBeReady$0(216)) - Nodes are ready. Got 3 of 3 DN Heartbeats.
2022-11-15 18:21:38,638 [Listener at 127.0.0.1/39199] INFO  ozone.MiniOzoneClusterImpl (MiniOzoneClusterImpl.java:lambda$waitForClusterToBeReady$0(219)) - Waiting for cluster to exit safe mode
2022-11-15 18:21:38,638 [Listener at 127.0.0.1/39199] INFO  ozone.MiniOzoneClusterImpl (MiniOzoneClusterImpl.java:lambda$waitForClusterToBeReady$0(221)) - SCM became leader
2022-11-15 18:21:38,852 [102b5bcc-b995-4bd1-8be0-687abca2c396@group-F438B830BFE6-FollowerState] INFO  impl.FollowerState (FollowerState.java:run(143)) - 102b5bcc-b995-4bd1-8be0-687abca2c396@group-F438B830BFE6-FollowerState: change to CANDIDATE, lastRpcElapsedTime:5110826146ns, electionTimeout:5095ms
2022-11-15 18:21:38,852 [102b5bcc-b995-4bd1-8be0-687abca2c396@group-F438B830BFE6-FollowerState] INFO  impl.RoleInfo (RoleInfo.java:shutdownFollowerState(110)) - 102b5bcc-b995-4bd1-8be0-687abca2c396: shutdown 102b5bcc-b995-4bd1-8be0-687abca2c396@group-F438B830BFE6-FollowerState
2022-11-15 18:21:38,852 [102b5bcc-b995-4bd1-8be0-687abca2c396@group-F438B830BFE6-FollowerState] INFO  server.RaftServer$Division (RaftServerImpl.java:setRole(321)) - 102b5bcc-b995-4bd1-8be0-687abca2c396@group-F438B830BFE6: changes role from  FOLLOWER to CANDIDATE at term 0 for changeToCandidate
2022-11-15 18:21:38,853 [102b5bcc-b995-4bd1-8be0-687abca2c396@group-F438B830BFE6-FollowerState] INFO  server.RaftServerConfigKeys (ConfUtils.java:logGet(46)) - raft.server.leaderelection.pre-vote = false (custom)
2022-11-15 18:21:38,853 [102b5bcc-b995-4bd1-8be0-687abca2c396@group-F438B830BFE6-FollowerState] INFO  impl.RoleInfo (RoleInfo.java:updateAndGet(139)) - 102b5bcc-b995-4bd1-8be0-687abca2c396: start 102b5bcc-b995-4bd1-8be0-687abca2c396@group-F438B830BFE6-LeaderElection2
2022-11-15 18:21:38,857 [102b5bcc-b995-4bd1-8be0-687abca2c396@group-F438B830BFE6-LeaderElection2] INFO  impl.LeaderElection (LeaderElection.java:askForVotes(312)) - 102b5bcc-b995-4bd1-8be0-687abca2c396@group-F438B830BFE6-LeaderElection2 ELECTION round 0: submit vote requests at term 1 for -1: peers:[102b5bcc-b995-4bd1-8be0-687abca2c396|rpc:10.1.1.61:33239|priority:1|startupRole:FOLLOWER]|listeners:[], old=null
2022-11-15 18:21:38,857 [102b5bcc-b995-4bd1-8be0-687abca2c396@group-F438B830BFE6-LeaderElection2] INFO  impl.LeaderElection (LeaderElection.java:askForVotes(314)) - 102b5bcc-b995-4bd1-8be0-687abca2c396@group-F438B830BFE6-LeaderElection2 ELECTION round 0: result PASSED (term=1)
2022-11-15 18:21:38,857 [102b5bcc-b995-4bd1-8be0-687abca2c396@group-F438B830BFE6-LeaderElection2] INFO  impl.RoleInfo (RoleInfo.java:shutdownLeaderElection(130)) - 102b5bcc-b995-4bd1-8be0-687abca2c396: shutdown 102b5bcc-b995-4bd1-8be0-687abca2c396@group-F438B830BFE6-LeaderElection2
2022-11-15 18:21:38,857 [102b5bcc-b995-4bd1-8be0-687abca2c396@group-F438B830BFE6-LeaderElection2] INFO  server.RaftServer$Division (RaftServerImpl.java:setRole(321)) - 102b5bcc-b995-4bd1-8be0-687abca2c396@group-F438B830BFE6: changes role from CANDIDATE to LEADER at term 1 for changeToLeader
2022-11-15 18:21:38,857 [102b5bcc-b995-4bd1-8be0-687abca2c396@group-F438B830BFE6-LeaderElection2] INFO  ratis.XceiverServerRatis (XceiverServerRatis.java:handleLeaderChangedNotification(863)) - Leader change notification received for group: group-F438B830BFE6 with new leaderId: 102b5bcc-b995-4bd1-8be0-687abca2c396
2022-11-15 18:21:38,858 [102b5bcc-b995-4bd1-8be0-687abca2c396@group-F438B830BFE6-LeaderElection2] INFO  server.RaftServer$Division (ServerState.java:setLeader(313)) - 102b5bcc-b995-4bd1-8be0-687abca2c396@group-F438B830BFE6: change Leader from null to 102b5bcc-b995-4bd1-8be0-687abca2c396 at term 1 for becomeLeader, leader elected after 5158ms
2022-11-15 18:21:38,858 [102b5bcc-b995-4bd1-8be0-687abca2c396@group-F438B830BFE6-LeaderElection2] INFO  server.RaftServerConfigKeys (ConfUtils.java:logGet(46)) - raft.server.staging.catchup.gap = 1000 (default)
2022-11-15 18:21:38,858 [102b5bcc-b995-4bd1-8be0-687abca2c396@group-F438B830BFE6-LeaderElection2] INFO  server.RaftServerConfigKeys (ConfUtils.java:logGet(46)) - raft.server.write.element-limit = 1024 (custom)
2022-11-15 18:21:38,858 [102b5bcc-b995-4bd1-8be0-687abca2c396@group-F438B830BFE6-LeaderElection2] INFO  server.RaftServerConfigKeys (ConfUtils.java:logGet(46)) - raft.server.write.byte-limit = 1024 M (=1073741824) (custom)
2022-11-15 18:21:38,859 [102b5bcc-b995-4bd1-8be0-687abca2c396@group-F438B830BFE6-LeaderElection2] INFO  server.RaftServerConfigKeys (ConfUtils.java:logGet(46)) - raft.server.watch.timeout = 180s (custom)
2022-11-15 18:21:38,859 [102b5bcc-b995-4bd1-8be0-687abca2c396@group-F438B830BFE6-LeaderElection2] INFO  server.RaftServerConfigKeys (ConfUtils.java:logGet(46)) - raft.server.watch.timeout.denomination = 1s (default)
2022-11-15 18:21:38,859 [102b5bcc-b995-4bd1-8be0-687abca2c396@group-F438B830BFE6-LeaderElection2] INFO  server.RaftServerConfigKeys (ConfUtils.java:logGet(46)) - raft.server.watch.element-limit = 65536 (default)
2022-11-15 18:21:38,859 [102b5bcc-b995-4bd1-8be0-687abca2c396@group-F438B830BFE6-LeaderElection2] INFO  server.RaftServerConfigKeys (ConfUtils.java:logGet(46)) - raft.server.write.element-limit = 1024 (custom)
2022-11-15 18:21:38,860 [102b5bcc-b995-4bd1-8be0-687abca2c396@group-F438B830BFE6-LeaderElection2] INFO  server.RaftServerConfigKeys (ConfUtils.java:logGet(46)) - raft.server.write.follower.gap.ratio.max = -1.0 (default)
2022-11-15 18:21:38,860 [102b5bcc-b995-4bd1-8be0-687abca2c396@group-F438B830BFE6-LeaderElection2] INFO  impl.RoleInfo (RoleInfo.java:updateAndGet(139)) - 102b5bcc-b995-4bd1-8be0-687abca2c396: start 102b5bcc-b995-4bd1-8be0-687abca2c396@group-F438B830BFE6-LeaderStateImpl
2022-11-15 18:21:38,860 [102b5bcc-b995-4bd1-8be0-687abca2c396@group-F438B830BFE6-LeaderElection2] INFO  segmented.SegmentedRaftLogWorker (SegmentedRaftLogWorker.java:startLogSegment(452)) - 102b5bcc-b995-4bd1-8be0-687abca2c396@group-F438B830BFE6-SegmentedRaftLogWorker: Starting segment from index:0
2022-11-15 18:21:38,861 [EventQueue-OpenPipelineForHealthyPipelineSafeModeRule] INFO  safemode.SCMSafeModeManager (HealthyPipelineSafeModeRule.java:process(137)) - SCM in safe mode. Healthy pipelines reported count is 0, required healthy pipeline reported count is 1
2022-11-15 18:21:38,865 [102b5bcc-b995-4bd1-8be0-687abca2c396@group-F438B830BFE6-LeaderElection2] INFO  server.RaftServer$Division (ServerState.java:setRaftConf(430)) - 102b5bcc-b995-4bd1-8be0-687abca2c396@group-F438B830BFE6: set configuration 0: peers:[102b5bcc-b995-4bd1-8be0-687abca2c396|rpc:10.1.1.61:33239|dataStream:|priority:1|startupRole:FOLLOWER]|listeners:[], old=null
2022-11-15 18:21:38,865 [102b5bcc-b995-4bd1-8be0-687abca2c396@group-F438B830BFE6-SegmentedRaftLogWorker] INFO  segmented.SegmentedRaftLogWorker (SegmentedRaftLogWorker.java:execute(656)) - 102b5bcc-b995-4bd1-8be0-687abca2c396@group-F438B830BFE6-SegmentedRaftLogWorker: created new log segment /home/runner/work/ozone/ozone/hadoop-ozone/integration-test/target/test-dir/MiniOzoneClusterImpl-bc2a9663-e8fe-49bf-acf5-f2772c60d6ae/datanode-0/data/ratis/1cb63804-797d-41a2-b90e-f438b830bfe6/current/log_inprogress_0
2022-11-15 18:21:38,877 [102b5bcc-b995-4bd1-8be0-687abca2c396@group-66279094A956-FollowerState] INFO  impl.FollowerState (FollowerState.java:run(143)) - 102b5bcc-b995-4bd1-8be0-687abca2c396@group-66279094A956-FollowerState: change to CANDIDATE, lastRpcElapsedTime:5100731538ns, electionTimeout:5099ms
2022-11-15 18:21:38,878 [102b5bcc-b995-4bd1-8be0-687abca2c396@group-66279094A956-FollowerState] INFO  impl.RoleInfo (RoleInfo.java:shutdownFollowerState(110)) - 102b5bcc-b995-4bd1-8be0-687abca2c396: shutdown 102b5bcc-b995-4bd1-8be0-687abca2c396@group-66279094A956-FollowerState
2022-11-15 18:21:38,879 [102b5bcc-b995-4bd1-8be0-687abca2c396@group-66279094A956-FollowerState] INFO  server.RaftServer$Division (RaftServerImpl.java:setRole(321)) - 102b5bcc-b995-4bd1-8be0-687abca2c396@group-66279094A956: changes role from  FOLLOWER to CANDIDATE at term 0 for changeToCandidate
2022-11-15 18:21:38,879 [102b5bcc-b995-4bd1-8be0-687abca2c396@group-66279094A956-FollowerState] INFO  server.RaftServerConfigKeys (ConfUtils.java:logGet(46)) - raft.server.leaderelection.pre-vote = false (custom)
2022-11-15 18:21:38,879 [102b5bcc-b995-4bd1-8be0-687abca2c396@group-66279094A956-FollowerState] INFO  impl.RoleInfo (RoleInfo.java:updateAndGet(139)) - 102b5bcc-b995-4bd1-8be0-687abca2c396: start 102b5bcc-b995-4bd1-8be0-687abca2c396@group-66279094A956-LeaderElection3
2022-11-15 18:21:38,885 [102b5bcc-b995-4bd1-8be0-687abca2c396@group-66279094A956-LeaderElection3] INFO  impl.LeaderElection (LeaderElection.java:askForVotes(312)) - 102b5bcc-b995-4bd1-8be0-687abca2c396@group-66279094A956-LeaderElection3 ELECTION round 0: submit vote requests at term 1 for -1: peers:[102b5bcc-b995-4bd1-8be0-687abca2c396|rpc:10.1.1.61:33239|priority:0|startupRole:FOLLOWER, 76038e5c-cf0d-4f1c-877c-bdd5a6b00a56|rpc:10.1.1.61:39161|priority:1|startupRole:FOLLOWER, ca6bba15-9e85-456d-ac33-d34a4bb4c823|rpc:10.1.1.61:42929|priority:0|startupRole:FOLLOWER]|listeners:[], old=null
2022-11-15 18:21:38,892 [102b5bcc-b995-4bd1-8be0-687abca2c396@group-66279094A956-LeaderElection3] INFO  server.RaftServerConfigKeys (ConfUtils.java:logFallback(53)) - raft.server.rpc.first-election.timeout.min = 5s (fallback to raft.server.rpc.timeout.min)
2022-11-15 18:21:38,892 [102b5bcc-b995-4bd1-8be0-687abca2c396@group-66279094A956-LeaderElection3] INFO  server.RaftServerConfigKeys (ConfUtils.java:logFallback(53)) - raft.server.rpc.first-election.timeout.max = 5200ms (fallback to raft.server.rpc.timeout.max)
2022-11-15 18:21:38,892 [102b5bcc-b995-4bd1-8be0-687abca2c396@group-66279094A956-LeaderElection3-1] INFO  server.GrpcServerProtocolClient (GrpcServerProtocolClient.java:<init>(63)) - Build channel for 76038e5c-cf0d-4f1c-877c-bdd5a6b00a56
2022-11-15 18:21:38,895 [102b5bcc-b995-4bd1-8be0-687abca2c396@group-66279094A956-LeaderElection3-2] INFO  server.GrpcServerProtocolClient (GrpcServerProtocolClient.java:<init>(63)) - Build channel for ca6bba15-9e85-456d-ac33-d34a4bb4c823
2022-11-15 18:21:38,925 [grpc-default-executor-1] INFO  server.RaftServer$Division (RaftServerImpl.java:requestVote(1218)) - 76038e5c-cf0d-4f1c-877c-bdd5a6b00a56@group-66279094A956: receive requestVote(ELECTION, 102b5bcc-b995-4bd1-8be0-687abca2c396, group-66279094A956, 1, (t:0, i:0))
2022-11-15 18:21:38,928 [grpc-default-executor-1] INFO  impl.VoteContext (VoteContext.java:log(48)) - 76038e5c-cf0d-4f1c-877c-bdd5a6b00a56@group-66279094A956-FOLLOWER: reject ELECTION from 102b5bcc-b995-4bd1-8be0-687abca2c396: our priority 1 > candidate's priority 0
2022-11-15 18:21:38,929 [grpc-default-executor-0] INFO  server.RaftServer$Division (RaftServerImpl.java:requestVote(1218)) - ca6bba15-9e85-456d-ac33-d34a4bb4c823@group-66279094A956: receive requestVote(ELECTION, 102b5bcc-b995-4bd1-8be0-687abca2c396, group-66279094A956, 1, (t:0, i:0))
2022-11-15 18:21:38,929 [grpc-default-executor-1] INFO  server.RaftServer$Division (RaftServerImpl.java:setRole(321)) - 76038e5c-cf0d-4f1c-877c-bdd5a6b00a56@group-66279094A956: changes role from  FOLLOWER to FOLLOWER at term 1 for candidate:102b5bcc-b995-4bd1-8be0-687abca2c396
2022-11-15 18:21:38,929 [grpc-default-executor-1] INFO  impl.RoleInfo (RoleInfo.java:shutdownFollowerState(110)) - 76038e5c-cf0d-4f1c-877c-bdd5a6b00a56: shutdown 76038e5c-cf0d-4f1c-877c-bdd5a6b00a56@group-66279094A956-FollowerState
2022-11-15 18:21:38,929 [grpc-default-executor-0] INFO  impl.VoteContext (VoteContext.java:log(48)) - ca6bba15-9e85-456d-ac33-d34a4bb4c823@group-66279094A956-FOLLOWER: accept ELECTION from 102b5bcc-b995-4bd1-8be0-687abca2c396: our priority 0 <= candidate's priority 0
2022-11-15 18:21:38,930 [grpc-default-executor-0] INFO  server.RaftServer$Division (RaftServerImpl.java:setRole(321)) - ca6bba15-9e85-456d-ac33-d34a4bb4c823@group-66279094A956: changes role from  FOLLOWER to FOLLOWER at term 1 for candidate:102b5bcc-b995-4bd1-8be0-687abca2c396
2022-11-15 18:21:38,930 [grpc-default-executor-0] INFO  impl.RoleInfo (RoleInfo.java:shutdownFollowerState(110)) - ca6bba15-9e85-456d-ac33-d34a4bb4c823: shutdown ca6bba15-9e85-456d-ac33-d34a4bb4c823@group-66279094A956-FollowerState
2022-11-15 18:21:38,929 [76038e5c-cf0d-4f1c-877c-bdd5a6b00a56@group-66279094A956-FollowerState] INFO  impl.FollowerState (FollowerState.java:run(152)) - 76038e5c-cf0d-4f1c-877c-bdd5a6b00a56@group-66279094A956-FollowerState was interrupted
2022-11-15 18:21:38,930 [grpc-default-executor-1] INFO  impl.RoleInfo (RoleInfo.java:updateAndGet(139)) - 76038e5c-cf0d-4f1c-877c-bdd5a6b00a56: start 76038e5c-cf0d-4f1c-877c-bdd5a6b00a56@group-66279094A956-FollowerState
2022-11-15 18:21:38,932 [ca6bba15-9e85-456d-ac33-d34a4bb4c823@group-66279094A956-FollowerState] INFO  impl.FollowerState (FollowerState.java:run(152)) - ca6bba15-9e85-456d-ac33-d34a4bb4c823@group-66279094A956-FollowerState was interrupted
2022-11-15 18:21:38,932 [grpc-default-executor-0] INFO  impl.RoleInfo (RoleInfo.java:updateAndGet(139)) - ca6bba15-9e85-456d-ac33-d34a4bb4c823: start ca6bba15-9e85-456d-ac33-d34a4bb4c823@group-66279094A956-FollowerState
2022-11-15 18:21:38,934 [76038e5c-cf0d-4f1c-877c-bdd5a6b00a56@group-66279094A956-FollowerState] INFO  server.RaftServerConfigKeys (ConfUtils.java:logFallback(53)) - raft.server.rpc.first-election.timeout.min = 5s (fallback to raft.server.rpc.timeout.min)
2022-11-15 18:21:38,934 [76038e5c-cf0d-4f1c-877c-bdd5a6b00a56@group-66279094A956-FollowerState] INFO  server.RaftServerConfigKeys (ConfUtils.java:logFallback(53)) - raft.server.rpc.first-election.timeout.max = 5200ms (fallback to raft.server.rpc.timeout.max)
2022-11-15 18:21:38,935 [ca6bba15-9e85-456d-ac33-d34a4bb4c823@group-66279094A956-FollowerState] INFO  server.RaftServerConfigKeys (ConfUtils.java:logFallback(53)) - raft.server.rpc.first-election.timeout.min = 5s (fallback to raft.server.rpc.timeout.min)
2022-11-15 18:21:38,935 [ca6bba15-9e85-456d-ac33-d34a4bb4c823@group-66279094A956-FollowerState] INFO  server.RaftServerConfigKeys (ConfUtils.java:logFallback(53)) - raft.server.rpc.first-election.timeout.max = 5200ms (fallback to raft.server.rpc.timeout.max)
2022-11-15 18:21:38,940 [grpc-default-executor-1] INFO  server.RaftServer$Division (RaftServerImpl.java:requestVote(1251)) - 76038e5c-cf0d-4f1c-877c-bdd5a6b00a56@group-66279094A956 replies to ELECTION vote request: 102b5bcc-b995-4bd1-8be0-687abca2c396<-76038e5c-cf0d-4f1c-877c-bdd5a6b00a56#0:FAIL-t1. Peer's state: 76038e5c-cf0d-4f1c-877c-bdd5a6b00a56@group-66279094A956:t1, leader=null, voted=null, raftlog=Memoized:76038e5c-cf0d-4f1c-877c-bdd5a6b00a56@group-66279094A956-SegmentedRaftLog:OPENED:c-1, conf=-1: peers:[102b5bcc-b995-4bd1-8be0-687abca2c396|rpc:10.1.1.61:33239|dataStream:|priority:0|startupRole:FOLLOWER, 76038e5c-cf0d-4f1c-877c-bdd5a6b00a56|rpc:10.1.1.61:39161|dataStream:|priority:1|startupRole:FOLLOWER, ca6bba15-9e85-456d-ac33-d34a4bb4c823|rpc:10.1.1.61:42929|dataStream:|priority:0|startupRole:FOLLOWER]|listeners:[], old=null
2022-11-15 18:21:38,946 [102b5bcc-b995-4bd1-8be0-687abca2c396@group-66279094A956-LeaderElection3] INFO  impl.LeaderElection (LeaderElection.java:logAndReturn(90)) - 102b5bcc-b995-4bd1-8be0-687abca2c396@group-66279094A956-LeaderElection3: ELECTION REJECTED received 1 response(s) and 0 exception(s):
2022-11-15 18:21:38,946 [102b5bcc-b995-4bd1-8be0-687abca2c396@group-66279094A956-LeaderElection3] INFO  impl.LeaderElection (LeaderElection.java:logAndReturn(94)) -   Response 0: 102b5bcc-b995-4bd1-8be0-687abca2c396<-76038e5c-cf0d-4f1c-877c-bdd5a6b00a56#0:FAIL-t1
2022-11-15 18:21:38,946 [102b5bcc-b995-4bd1-8be0-687abca2c396@group-66279094A956-LeaderElection3] INFO  impl.LeaderElection (LeaderElection.java:askForVotes(314)) - 102b5bcc-b995-4bd1-8be0-687abca2c396@group-66279094A956-LeaderElection3 ELECTION round 0: result REJECTED
2022-11-15 18:21:38,946 [102b5bcc-b995-4bd1-8be0-687abca2c396@group-66279094A956-LeaderElection3] INFO  server.RaftServer$Division (RaftServerImpl.java:setRole(321)) - 102b5bcc-b995-4bd1-8be0-687abca2c396@group-66279094A956: changes role from CANDIDATE to FOLLOWER at term 1 for REJECTED
2022-11-15 18:21:38,946 [102b5bcc-b995-4bd1-8be0-687abca2c396@group-66279094A956-LeaderElection3] INFO  impl.RoleInfo (RoleInfo.java:shutdownLeaderElection(130)) - 102b5bcc-b995-4bd1-8be0-687abca2c396: shutdown 102b5bcc-b995-4bd1-8be0-687abca2c396@group-66279094A956-LeaderElection3
2022-11-15 18:21:38,946 [102b5bcc-b995-4bd1-8be0-687abca2c396@group-66279094A956-LeaderElection3] INFO  impl.RoleInfo (RoleInfo.java:updateAndGet(139)) - 102b5bcc-b995-4bd1-8be0-687abca2c396: start 102b5bcc-b995-4bd1-8be0-687abca2c396@group-66279094A956-FollowerState
2022-11-15 18:21:38,957 [102b5bcc-b995-4bd1-8be0-687abca2c396@group-66279094A956-FollowerState] INFO  server.RaftServerConfigKeys (ConfUtils.java:logFallback(53)) - raft.server.rpc.first-election.timeout.min = 5s (fallback to raft.server.rpc.timeout.min)
2022-11-15 18:21:38,958 [grpc-default-executor-0] INFO  server.RaftServer$Division (RaftServerImpl.java:requestVote(1251)) - ca6bba15-9e85-456d-ac33-d34a4bb4c823@group-66279094A956 replies to ELECTION vote request: 102b5bcc-b995-4bd1-8be0-687abca2c396<-ca6bba15-9e85-456d-ac33-d34a4bb4c823#0:OK-t1. Peer's state: ca6bba15-9e85-456d-ac33-d34a4bb4c823@group-66279094A956:t1, leader=null, voted=102b5bcc-b995-4bd1-8be0-687abca2c396, raftlog=Memoized:ca6bba15-9e85-456d-ac33-d34a4bb4c823@group-66279094A956-SegmentedRaftLog:OPENED:c-1, conf=-1: peers:[102b5bcc-b995-4bd1-8be0-687abca2c396|rpc:10.1.1.61:33239|priority:0|startupRole:FOLLOWER, 76038e5c-cf0d-4f1c-877c-bdd5a6b00a56|rpc:10.1.1.61:39161|priority:1|startupRole:FOLLOWER, ca6bba15-9e85-456d-ac33-d34a4bb4c823|rpc:10.1.1.61:42929|priority:0|startupRole:FOLLOWER]|listeners:[], old=null
2022-11-15 18:21:38,962 [102b5bcc-b995-4bd1-8be0-687abca2c396@group-66279094A956-FollowerState] INFO  server.RaftServerConfigKeys (ConfUtils.java:logFallback(53)) - raft.server.rpc.first-election.timeout.max = 5200ms (fallback to raft.server.rpc.timeout.max)
2022-11-15 18:21:39,468 [ca6bba15-9e85-456d-ac33-d34a4bb4c823@group-A84FBD4DC2A8-FollowerState] INFO  impl.FollowerState (FollowerState.java:run(143)) - ca6bba15-9e85-456d-ac33-d34a4bb4c823@group-A84FBD4DC2A8-FollowerState: change to CANDIDATE, lastRpcElapsedTime:5198934962ns, electionTimeout:5197ms
2022-11-15 18:21:39,469 [ca6bba15-9e85-456d-ac33-d34a4bb4c823@group-A84FBD4DC2A8-FollowerState] INFO  impl.RoleInfo (RoleInfo.java:shutdownFollowerState(110)) - ca6bba15-9e85-456d-ac33-d34a4bb4c823: shutdown ca6bba15-9e85-456d-ac33-d34a4bb4c823@group-A84FBD4DC2A8-FollowerState
2022-11-15 18:21:39,469 [ca6bba15-9e85-456d-ac33-d34a4bb4c823@group-A84FBD4DC2A8-FollowerState] INFO  server.RaftServer$Division (RaftServerImpl.java:setRole(321)) - ca6bba15-9e85-456d-ac33-d34a4bb4c823@group-A84FBD4DC2A8: changes role from  FOLLOWER to CANDIDATE at term 0 for changeToCandidate
2022-11-15 18:21:39,470 [ca6bba15-9e85-456d-ac33-d34a4bb4c823@group-A84FBD4DC2A8-FollowerState] INFO  server.RaftServerConfigKeys (ConfUtils.java:logGet(46)) - raft.server.leaderelection.pre-vote = false (custom)
2022-11-15 18:21:39,470 [ca6bba15-9e85-456d-ac33-d34a4bb4c823@group-A84FBD4DC2A8-FollowerState] INFO  impl.RoleInfo (RoleInfo.java:updateAndGet(139)) - ca6bba15-9e85-456d-ac33-d34a4bb4c823: start ca6bba15-9e85-456d-ac33-d34a4bb4c823@group-A84FBD4DC2A8-LeaderElection4
2022-11-15 18:21:39,474 [ca6bba15-9e85-456d-ac33-d34a4bb4c823@group-A84FBD4DC2A8-LeaderElection4] INFO  impl.LeaderElection (LeaderElection.java:askForVotes(312)) - ca6bba15-9e85-456d-ac33-d34a4bb4c823@group-A84FBD4DC2A8-LeaderElection4 ELECTION round 0: submit vote requests at term 1 for -1: peers:[ca6bba15-9e85-456d-ac33-d34a4bb4c823|rpc:10.1.1.61:42929|priority:1|startupRole:FOLLOWER]|listeners:[], old=null
2022-11-15 18:21:39,475 [ca6bba15-9e85-456d-ac33-d34a4bb4c823@group-A84FBD4DC2A8-LeaderElection4] INFO  impl.LeaderElection (LeaderElection.java:askForVotes(314)) - ca6bba15-9e85-456d-ac33-d34a4bb4c823@group-A84FBD4DC2A8-LeaderElection4 ELECTION round 0: result PASSED (term=1)
2022-11-15 18:21:39,475 [ca6bba15-9e85-456d-ac33-d34a4bb4c823@group-A84FBD4DC2A8-LeaderElection4] INFO  impl.RoleInfo (RoleInfo.java:shutdownLeaderElection(130)) - ca6bba15-9e85-456d-ac33-d34a4bb4c823: shutdown ca6bba15-9e85-456d-ac33-d34a4bb4c823@group-A84FBD4DC2A8-LeaderElection4
2022-11-15 18:21:39,475 [ca6bba15-9e85-456d-ac33-d34a4bb4c823@group-A84FBD4DC2A8-LeaderElection4] INFO  server.RaftServer$Division (RaftServerImpl.java:setRole(321)) - ca6bba15-9e85-456d-ac33-d34a4bb4c823@group-A84FBD4DC2A8: changes role from CANDIDATE to LEADER at term 1 for changeToLeader
2022-11-15 18:21:39,475 [ca6bba15-9e85-456d-ac33-d34a4bb4c823@group-A84FBD4DC2A8-LeaderElection4] INFO  ratis.XceiverServerRatis (XceiverServerRatis.java:handleLeaderChangedNotification(863)) - Leader change notification received for group: group-A84FBD4DC2A8 with new leaderId: ca6bba15-9e85-456d-ac33-d34a4bb4c823
2022-11-15 18:21:39,475 [ca6bba15-9e85-456d-ac33-d34a4bb4c823@group-A84FBD4DC2A8-LeaderElection4] INFO  server.RaftServer$Division (ServerState.java:setLeader(313)) - ca6bba15-9e85-456d-ac33-d34a4bb4c823@group-A84FBD4DC2A8: change Leader from null to ca6bba15-9e85-456d-ac33-d34a4bb4c823 at term 1 for becomeLeader, leader elected after 5249ms
2022-11-15 18:21:39,476 [ca6bba15-9e85-456d-ac33-d34a4bb4c823@group-A84FBD4DC2A8-LeaderElection4] INFO  server.RaftServerConfigKeys (ConfUtils.java:logGet(46)) - raft.server.staging.catchup.gap = 1000 (default)
2022-11-15 18:21:39,476 [ca6bba15-9e85-456d-ac33-d34a4bb4c823@group-A84FBD4DC2A8-LeaderElection4] INFO  server.RaftServerConfigKeys (ConfUtils.java:logGet(46)) - raft.server.write.element-limit = 1024 (custom)
2022-11-15 18:21:39,476 [ca6bba15-9e85-456d-ac33-d34a4bb4c823@group-A84FBD4DC2A8-LeaderElection4] INFO  server.RaftServerConfigKeys (ConfUtils.java:logGet(46)) - raft.server.write.byte-limit = 1024 M (=1073741824) (custom)
2022-11-15 18:21:39,477 [ca6bba15-9e85-456d-ac33-d34a4bb4c823@group-A84FBD4DC2A8-LeaderElection4] INFO  server.RaftServerConfigKeys (ConfUtils.java:logGet(46)) - raft.server.watch.timeout = 180s (custom)
2022-11-15 18:21:39,477 [ca6bba15-9e85-456d-ac33-d34a4bb4c823@group-A84FBD4DC2A8-LeaderElection4] INFO  server.RaftServerConfigKeys (ConfUtils.java:logGet(46)) - raft.server.watch.timeout.denomination = 1s (default)
2022-11-15 18:21:39,477 [ca6bba15-9e85-456d-ac33-d34a4bb4c823@group-A84FBD4DC2A8-LeaderElection4] INFO  server.RaftServerConfigKeys (ConfUtils.java:logGet(46)) - raft.server.watch.element-limit = 65536 (default)
2022-11-15 18:21:39,477 [ca6bba15-9e85-456d-ac33-d34a4bb4c823@group-A84FBD4DC2A8-LeaderElection4] INFO  server.RaftServerConfigKeys (ConfUtils.java:logGet(46)) - raft.server.write.element-limit = 1024 (custom)
2022-11-15 18:21:39,477 [ca6bba15-9e85-456d-ac33-d34a4bb4c823@group-A84FBD4DC2A8-LeaderElection4] INFO  server.RaftServerConfigKeys (ConfUtils.java:logGet(46)) - raft.server.write.follower.gap.ratio.max = -1.0 (default)
2022-11-15 18:21:39,477 [ca6bba15-9e85-456d-ac33-d34a4bb4c823@group-A84FBD4DC2A8-LeaderElection4] INFO  impl.RoleInfo (RoleInfo.java:updateAndGet(139)) - ca6bba15-9e85-456d-ac33-d34a4bb4c823: start ca6bba15-9e85-456d-ac33-d34a4bb4c823@group-A84FBD4DC2A8-LeaderStateImpl
2022-11-15 18:21:39,477 [ca6bba15-9e85-456d-ac33-d34a4bb4c823@group-A84FBD4DC2A8-LeaderElection4] INFO  segmented.SegmentedRaftLogWorker (SegmentedRaftLogWorker.java:startLogSegment(452)) - ca6bba15-9e85-456d-ac33-d34a4bb4c823@group-A84FBD4DC2A8-SegmentedRaftLogWorker: Starting segment from index:0
2022-11-15 18:21:39,481 [ca6bba15-9e85-456d-ac33-d34a4bb4c823@group-A84FBD4DC2A8-LeaderElection4] INFO  server.RaftServer$Division (ServerState.java:setRaftConf(430)) - ca6bba15-9e85-456d-ac33-d34a4bb4c823@group-A84FBD4DC2A8: set configuration 0: peers:[ca6bba15-9e85-456d-ac33-d34a4bb4c823|rpc:10.1.1.61:42929|dataStream:|priority:1|startupRole:FOLLOWER]|listeners:[], old=null
2022-11-15 18:21:39,482 [ca6bba15-9e85-456d-ac33-d34a4bb4c823@group-A84FBD4DC2A8-SegmentedRaftLogWorker] INFO  segmented.SegmentedRaftLogWorker (SegmentedRaftLogWorker.java:execute(656)) - ca6bba15-9e85-456d-ac33-d34a4bb4c823@group-A84FBD4DC2A8-SegmentedRaftLogWorker: created new log segment /home/runner/work/ozone/ozone/hadoop-ozone/integration-test/target/test-dir/MiniOzoneClusterImpl-bc2a9663-e8fe-49bf-acf5-f2772c60d6ae/datanode-1/data/ratis/f66ccc86-2103-4aba-b6e6-a84fbd4dc2a8/current/log_inprogress_0
2022-11-15 18:21:39,483 [EventQueue-OpenPipelineForHealthyPipelineSafeModeRule] INFO  safemode.SCMSafeModeManager (HealthyPipelineSafeModeRule.java:process(137)) - SCM in safe mode. Healthy pipelines reported count is 0, required healthy pipeline reported count is 1
2022-11-15 18:21:39,638 [ca6bba15-9e85-456d-ac33-d34a4bb4c823@group-DC3795364C49-FollowerState] INFO  impl.FollowerState (FollowerState.java:run(143)) - ca6bba15-9e85-456d-ac33-d34a4bb4c823@group-DC3795364C49-FollowerState: change to CANDIDATE, lastRpcElapsedTime:5014609440ns, electionTimeout:5005ms
2022-11-15 18:21:39,639 [ca6bba15-9e85-456d-ac33-d34a4bb4c823@group-DC3795364C49-FollowerState] INFO  impl.RoleInfo (RoleInfo.java:shutdownFollowerState(110)) - ca6bba15-9e85-456d-ac33-d34a4bb4c823: shutdown ca6bba15-9e85-456d-ac33-d34a4bb4c823@group-DC3795364C49-FollowerState
2022-11-15 18:21:39,639 [ca6bba15-9e85-456d-ac33-d34a4bb4c823@group-DC3795364C49-FollowerState] INFO  server.RaftServer$Division (RaftServerImpl.java:setRole(321)) - ca6bba15-9e85-456d-ac33-d34a4bb4c823@group-DC3795364C49: changes role from  FOLLOWER to CANDIDATE at term 0 for changeToCandidate
2022-11-15 18:21:39,639 [Listener at 127.0.0.1/39199] INFO  ozone.MiniOzoneClusterImpl (MiniOzoneClusterImpl.java:lambda$waitForClusterToBeReady$0(216)) - Nodes are ready. Got 3 of 3 DN Heartbeats.
2022-11-15 18:21:39,639 [Listener at 127.0.0.1/39199] INFO  ozone.MiniOzoneClusterImpl (MiniOzoneClusterImpl.java:lambda$waitForClusterToBeReady$0(219)) - Waiting for cluster to exit safe mode
2022-11-15 18:21:39,639 [Listener at 127.0.0.1/39199] INFO  ozone.MiniOzoneClusterImpl (MiniOzoneClusterImpl.java:lambda$waitForClusterToBeReady$0(221)) - SCM became leader
2022-11-15 18:21:39,641 [ca6bba15-9e85-456d-ac33-d34a4bb4c823@group-DC3795364C49-FollowerState] INFO  server.RaftServerConfigKeys (ConfUtils.java:logGet(46)) - raft.server.leaderelection.pre-vote = false (custom)
2022-11-15 18:21:39,641 [ca6bba15-9e85-456d-ac33-d34a4bb4c823@group-DC3795364C49-FollowerState] INFO  impl.RoleInfo (RoleInfo.java:updateAndGet(139)) - ca6bba15-9e85-456d-ac33-d34a4bb4c823: start ca6bba15-9e85-456d-ac33-d34a4bb4c823@group-DC3795364C49-LeaderElection5
2022-11-15 18:21:39,650 [ca6bba15-9e85-456d-ac33-d34a4bb4c823@group-DC3795364C49-LeaderElection5] INFO  impl.LeaderElection (LeaderElection.java:askForVotes(312)) - ca6bba15-9e85-456d-ac33-d34a4bb4c823@group-DC3795364C49-LeaderElection5 ELECTION round 0: submit vote requests at term 1 for -1: peers:[102b5bcc-b995-4bd1-8be0-687abca2c396|rpc:10.1.1.61:33239|priority:0|startupRole:FOLLOWER, ca6bba15-9e85-456d-ac33-d34a4bb4c823|rpc:10.1.1.61:42929|priority:1|startupRole:FOLLOWER, 76038e5c-cf0d-4f1c-877c-bdd5a6b00a56|rpc:10.1.1.61:39161|priority:0|startupRole:FOLLOWER]|listeners:[], old=null
2022-11-15 18:21:39,651 [ca6bba15-9e85-456d-ac33-d34a4bb4c823@group-DC3795364C49-LeaderElection5] INFO  server.RaftServerConfigKeys (ConfUtils.java:logFallback(53)) - raft.server.rpc.first-election.timeout.min = 5s (fallback to raft.server.rpc.timeout.min)
2022-11-15 18:21:39,651 [ca6bba15-9e85-456d-ac33-d34a4bb4c823@group-DC3795364C49-LeaderElection5] INFO  server.RaftServerConfigKeys (ConfUtils.java:logFallback(53)) - raft.server.rpc.first-election.timeout.max = 5200ms (fallback to raft.server.rpc.timeout.max)
2022-11-15 18:21:39,652 [ca6bba15-9e85-456d-ac33-d34a4bb4c823@group-DC3795364C49-LeaderElection5-1] INFO  server.GrpcServerProtocolClient (GrpcServerProtocolClient.java:<init>(63)) - Build channel for 102b5bcc-b995-4bd1-8be0-687abca2c396
2022-11-15 18:21:39,652 [ca6bba15-9e85-456d-ac33-d34a4bb4c823@group-DC3795364C49-LeaderElection5-2] INFO  server.GrpcServerProtocolClient (GrpcServerProtocolClient.java:<init>(63)) - Build channel for 76038e5c-cf0d-4f1c-877c-bdd5a6b00a56
2022-11-15 18:21:39,678 [grpc-default-executor-0] INFO  server.RaftServer$Division (RaftServerImpl.java:requestVote(1218)) - 76038e5c-cf0d-4f1c-877c-bdd5a6b00a56@group-DC3795364C49: receive requestVote(ELECTION, ca6bba15-9e85-456d-ac33-d34a4bb4c823, group-DC3795364C49, 1, (t:0, i:0))
2022-11-15 18:21:39,679 [grpc-default-executor-0] INFO  impl.VoteContext (VoteContext.java:log(48)) - 76038e5c-cf0d-4f1c-877c-bdd5a6b00a56@group-DC3795364C49-FOLLOWER: accept ELECTION from ca6bba15-9e85-456d-ac33-d34a4bb4c823: our priority 0 <= candidate's priority 1
2022-11-15 18:21:39,679 [grpc-default-executor-0] INFO  server.RaftServer$Division (RaftServerImpl.java:setRole(321)) - 76038e5c-cf0d-4f1c-877c-bdd5a6b00a56@group-DC3795364C49: changes role from  FOLLOWER to FOLLOWER at term 1 for candidate:ca6bba15-9e85-456d-ac33-d34a4bb4c823
2022-11-15 18:21:39,679 [grpc-default-executor-0] INFO  impl.RoleInfo (RoleInfo.java:shutdownFollowerState(110)) - 76038e5c-cf0d-4f1c-877c-bdd5a6b00a56: shutdown 76038e5c-cf0d-4f1c-877c-bdd5a6b00a56@group-DC3795364C49-FollowerState
2022-11-15 18:21:39,679 [grpc-default-executor-0] INFO  impl.RoleInfo (RoleInfo.java:updateAndGet(139)) - 76038e5c-cf0d-4f1c-877c-bdd5a6b00a56: start 76038e5c-cf0d-4f1c-877c-bdd5a6b00a56@group-DC3795364C49-FollowerState
2022-11-15 18:21:39,679 [76038e5c-cf0d-4f1c-877c-bdd5a6b00a56@group-DC3795364C49-FollowerState] INFO  impl.FollowerState (FollowerState.java:run(152)) - 76038e5c-cf0d-4f1c-877c-bdd5a6b00a56@group-DC3795364C49-FollowerState was interrupted
2022-11-15 18:21:39,683 [76038e5c-cf0d-4f1c-877c-bdd5a6b00a56@group-DC3795364C49-FollowerState] INFO  server.RaftServerConfigKeys (ConfUtils.java:logFallback(53)) - raft.server.rpc.first-election.timeout.min = 5s (fallback to raft.server.rpc.timeout.min)
2022-11-15 18:21:39,683 [76038e5c-cf0d-4f1c-877c-bdd5a6b00a56@group-DC3795364C49-FollowerState] INFO  server.RaftServerConfigKeys (ConfUtils.java:logFallback(53)) - raft.server.rpc.first-election.timeout.max = 5200ms (fallback to raft.server.rpc.timeout.max)
2022-11-15 18:21:39,684 [grpc-default-executor-0] INFO  server.RaftServer$Division (RaftServerImpl.java:requestVote(1251)) - 76038e5c-cf0d-4f1c-877c-bdd5a6b00a56@group-DC3795364C49 replies to ELECTION vote request: ca6bba15-9e85-456d-ac33-d34a4bb4c823<-76038e5c-cf0d-4f1c-877c-bdd5a6b00a56#0:OK-t1. Peer's state: 76038e5c-cf0d-4f1c-877c-bdd5a6b00a56@group-DC3795364C49:t1, leader=null, voted=ca6bba15-9e85-456d-ac33-d34a4bb4c823, raftlog=Memoized:76038e5c-cf0d-4f1c-877c-bdd5a6b00a56@group-DC3795364C49-SegmentedRaftLog:OPENED:c-1, conf=-1: peers:[102b5bcc-b995-4bd1-8be0-687abca2c396|rpc:10.1.1.61:33239|priority:0|startupRole:FOLLOWER, ca6bba15-9e85-456d-ac33-d34a4bb4c823|rpc:10.1.1.61:42929|priority:1|startupRole:FOLLOWER, 76038e5c-cf0d-4f1c-877c-bdd5a6b00a56|rpc:10.1.1.61:39161|priority:0|startupRole:FOLLOWER]|listeners:[], old=null
2022-11-15 18:21:39,688 [grpc-default-executor-1] INFO  server.RaftServer$Division (RaftServerImpl.java:requestVote(1218)) - 102b5bcc-b995-4bd1-8be0-687abca2c396@group-DC3795364C49: receive requestVote(ELECTION, ca6bba15-9e85-456d-ac33-d34a4bb4c823, group-DC3795364C49, 1, (t:0, i:0))
2022-11-15 18:21:39,689 [grpc-default-executor-1] INFO  impl.VoteContext (VoteContext.java:log(48)) - 102b5bcc-b995-4bd1-8be0-687abca2c396@group-DC3795364C49-FOLLOWER: accept ELECTION from ca6bba15-9e85-456d-ac33-d34a4bb4c823: our priority 0 <= candidate's priority 1
2022-11-15 18:21:39,689 [grpc-default-executor-1] INFO  server.RaftServer$Division (RaftServerImpl.java:setRole(321)) - 102b5bcc-b995-4bd1-8be0-687abca2c396@group-DC3795364C49: changes role from  FOLLOWER to FOLLOWER at term 1 for candidate:ca6bba15-9e85-456d-ac33-d34a4bb4c823
2022-11-15 18:21:39,689 [grpc-default-executor-1] INFO  impl.RoleInfo (RoleInfo.java:shutdownFollowerState(110)) - 102b5bcc-b995-4bd1-8be0-687abca2c396: shutdown 102b5bcc-b995-4bd1-8be0-687abca2c396@group-DC3795364C49-FollowerState
2022-11-15 18:21:39,689 [grpc-default-executor-1] INFO  impl.RoleInfo (RoleInfo.java:updateAndGet(139)) - 102b5bcc-b995-4bd1-8be0-687abca2c396: start 102b5bcc-b995-4bd1-8be0-687abca2c396@group-DC3795364C49-FollowerState
2022-11-15 18:21:39,689 [102b5bcc-b995-4bd1-8be0-687abca2c396@group-DC3795364C49-FollowerState] INFO  impl.FollowerState (FollowerState.java:run(152)) - 102b5bcc-b995-4bd1-8be0-687abca2c396@group-DC3795364C49-FollowerState was interrupted
2022-11-15 18:21:39,689 [ca6bba15-9e85-456d-ac33-d34a4bb4c823@group-DC3795364C49-LeaderElection5] INFO  impl.LeaderElection (LeaderElection.java:logAndReturn(90)) - ca6bba15-9e85-456d-ac33-d34a4bb4c823@group-DC3795364C49-LeaderElection5: ELECTION PASSED received 1 response(s) and 0 exception(s):
2022-11-15 18:21:39,700 [ca6bba15-9e85-456d-ac33-d34a4bb4c823@group-DC3795364C49-LeaderElection5] INFO  impl.LeaderElection (LeaderElection.java:logAndReturn(94)) -   Response 0: ca6bba15-9e85-456d-ac33-d34a4bb4c823<-76038e5c-cf0d-4f1c-877c-bdd5a6b00a56#0:OK-t1
2022-11-15 18:21:39,700 [ca6bba15-9e85-456d-ac33-d34a4bb4c823@group-DC3795364C49-LeaderElection5] INFO  impl.LeaderElection (LeaderElection.java:askForVotes(314)) - ca6bba15-9e85-456d-ac33-d34a4bb4c823@group-DC3795364C49-LeaderElection5 ELECTION round 0: result PASSED
2022-11-15 18:21:39,700 [ca6bba15-9e85-456d-ac33-d34a4bb4c823@group-DC3795364C49-LeaderElection5] INFO  impl.RoleInfo (RoleInfo.java:shutdownLeaderElection(130)) - ca6bba15-9e85-456d-ac33-d34a4bb4c823: shutdown ca6bba15-9e85-456d-ac33-d34a4bb4c823@group-DC3795364C49-LeaderElection5
2022-11-15 18:21:39,700 [ca6bba15-9e85-456d-ac33-d34a4bb4c823@group-DC3795364C49-LeaderElection5] INFO  server.RaftServer$Division (RaftServerImpl.java:setRole(321)) - ca6bba15-9e85-456d-ac33-d34a4bb4c823@group-DC3795364C49: changes role from CANDIDATE to LEADER at term 1 for changeToLeader
2022-11-15 18:21:39,700 [ca6bba15-9e85-456d-ac33-d34a4bb4c823@group-DC3795364C49-LeaderElection5] INFO  ratis.XceiverServerRatis (XceiverServerRatis.java:handleLeaderChangedNotification(863)) - Leader change notification received for group: group-DC3795364C49 with new leaderId: ca6bba15-9e85-456d-ac33-d34a4bb4c823
2022-11-15 18:21:39,703 [ca6bba15-9e85-456d-ac33-d34a4bb4c823@group-DC3795364C49-LeaderElection5] INFO  server.RaftServer$Division (ServerState.java:setLeader(313)) - ca6bba15-9e85-456d-ac33-d34a4bb4c823@group-DC3795364C49: change Leader from null to ca6bba15-9e85-456d-ac33-d34a4bb4c823 at term 1 for becomeLeader, leader elected after 5123ms
2022-11-15 18:21:39,703 [ca6bba15-9e85-456d-ac33-d34a4bb4c823@group-DC3795364C49-LeaderElection5] INFO  server.RaftServerConfigKeys (ConfUtils.java:logGet(46)) - raft.server.staging.catchup.gap = 1000 (default)
2022-11-15 18:21:39,703 [102b5bcc-b995-4bd1-8be0-687abca2c396@group-DC3795364C49-FollowerState] INFO  server.RaftServerConfigKeys (ConfUtils.java:logFallback(53)) - raft.server.rpc.first-election.timeout.min = 5s (fallback to raft.server.rpc.timeout.min)
2022-11-15 18:21:39,703 [102b5bcc-b995-4bd1-8be0-687abca2c396@group-DC3795364C49-FollowerState] INFO  server.RaftServerConfigKeys (ConfUtils.java:logFallback(53)) - raft.server.rpc.first-election.timeout.max = 5200ms (fallback to raft.server.rpc.timeout.max)
2022-11-15 18:21:39,703 [ca6bba15-9e85-456d-ac33-d34a4bb4c823@group-DC3795364C49-LeaderElection5] INFO  server.RaftServerConfigKeys (ConfUtils.java:logGet(46)) - raft.server.write.element-limit = 1024 (custom)
2022-11-15 18:21:39,704 [ca6bba15-9e85-456d-ac33-d34a4bb4c823@group-DC3795364C49-LeaderElection5] INFO  server.RaftServerConfigKeys (ConfUtils.java:logGet(46)) - raft.server.write.byte-limit = 1024 M (=1073741824) (custom)
2022-11-15 18:21:39,705 [ca6bba15-9e85-456d-ac33-d34a4bb4c823@group-DC3795364C49-LeaderElection5] INFO  server.RaftServerConfigKeys (ConfUtils.java:logGet(46)) - raft.server.watch.timeout = 180s (custom)
2022-11-15 18:21:39,705 [ca6bba15-9e85-456d-ac33-d34a4bb4c823@group-DC3795364C49-LeaderElection5] INFO  server.RaftServerConfigKeys (ConfUtils.java:logGet(46)) - raft.server.watch.timeout.denomination = 1s (default)
2022-11-15 18:21:39,705 [ca6bba15-9e85-456d-ac33-d34a4bb4c823@group-DC3795364C49-LeaderElection5] INFO  server.RaftServerConfigKeys (ConfUtils.java:logGet(46)) - raft.server.watch.element-limit = 65536 (default)
2022-11-15 18:21:39,705 [ca6bba15-9e85-456d-ac33-d34a4bb4c823@group-DC3795364C49-LeaderElection5] INFO  server.RaftServerConfigKeys (ConfUtils.java:logGet(46)) - raft.server.write.element-limit = 1024 (custom)
2022-11-15 18:21:39,705 [ca6bba15-9e85-456d-ac33-d34a4bb4c823@group-DC3795364C49-LeaderElection5] INFO  server.RaftServerConfigKeys (ConfUtils.java:logGet(46)) - raft.server.write.follower.gap.ratio.max = -1.0 (default)
2022-11-15 18:21:39,705 [EventQueue-PipelineReportForPipelineReportHandler] INFO  pipeline.PipelineManagerImpl (PipelineManagerImpl.java:openPipeline(367)) - Pipeline Pipeline[ Id: c650ed07-cf72-4b54-af46-dc3795364c49, Nodes: ca6bba15-9e85-456d-ac33-d34a4bb4c823{ip: 10.1.1.61, host: fv-az457-133.3faczmgjfduuxnksfsdf43hgfa.dx.internal.cloudapp.net, ports: [REPLICATION=44471, RATIS=42929, RATIS_ADMIN=42929, RATIS_SERVER=42929, STANDALONE=40613], networkLocation: /default-rack, certSerialId: null, persistedOpState: IN_SERVICE, persistedOpStateExpiryEpochSec: 0}76038e5c-cf0d-4f1c-877c-bdd5a6b00a56{ip: 10.1.1.61, host: fv-az457-133.3faczmgjfduuxnksfsdf43hgfa.dx.internal.cloudapp.net, ports: [REPLICATION=33637, RATIS=39161, RATIS_ADMIN=39161, RATIS_SERVER=39161, STANDALONE=40177], networkLocation: /default-rack, certSerialId: null, persistedOpState: IN_SERVICE, persistedOpStateExpiryEpochSec: 0}102b5bcc-b995-4bd1-8be0-687abca2c396{ip: 10.1.1.61, host: fv-az457-133.3faczmgjfduuxnksfsdf43hgfa.dx.internal.cloudapp.net, ports: [REPLICATION=45799, RATIS=33239, RATIS_ADMIN=33239, RATIS_SERVER=33239, STANDALONE=43779], networkLocation: /default-rack, certSerialId: null, persistedOpState: IN_SERVICE, persistedOpStateExpiryEpochSec: 0}, ReplicationConfig: RATIS/THREE, State:ALLOCATED, leaderId:ca6bba15-9e85-456d-ac33-d34a4bb4c823, CreationTimestamp2022-11-15T18:21:31.647Z[Etc/UTC]] moved to OPEN state
2022-11-15 18:21:39,706 [EventQueue-OpenPipelineForHealthyPipelineSafeModeRule] INFO  safemode.SCMSafeModeManager (HealthyPipelineSafeModeRule.java:process(137)) - SCM in safe mode. Healthy pipelines reported count is 0, required healthy pipeline reported count is 1
2022-11-15 18:21:39,707 [EventQueue-OpenPipelineForHealthyPipelineSafeModeRule] INFO  safemode.SCMSafeModeManager (HealthyPipelineSafeModeRule.java:process(137)) - SCM in safe mode. Healthy pipelines reported count is 1, required healthy pipeline reported count is 1
2022-11-15 18:21:39,707 [EventQueue-OpenPipelineForHealthyPipelineSafeModeRule] INFO  safemode.SCMSafeModeManager (SCMSafeModeManager.java:validateSafeModeExitRules(204)) - HealthyPipelineSafeModeRule rule is successfully validated
2022-11-15 18:21:39,707 [EventQueue-OpenPipelineForHealthyPipelineSafeModeRule] INFO  safemode.SCMSafeModeManager (SCMSafeModeManager.java:validateSafeModeExitRules(219)) - ScmSafeModeManager, all rules are successfully validated
2022-11-15 18:21:39,707 [EventQueue-OpenPipelineForHealthyPipelineSafeModeRule] INFO  safemode.SCMSafeModeManager (SCMSafeModeManager.java:exitSafeMode(248)) - SCM exiting safe mode.
2022-11-15 18:21:39,707 [EventQueue-OpenPipelineForHealthyPipelineSafeModeRule] WARN  events.EventQueue (EventQueue.java:fireEvent(216)) - No event handler registered for event TypedEvent{payloadType=SafeModeStatus, name='Safe mode status'}
2022-11-15 18:21:39,707 [EventQueue-OpenPipelineForHealthyPipelineSafeModeRule] INFO  ha.SCMContext (SCMContext.java:updateSafeModeStatus(228)) - Update SafeModeStatus from SafeModeStatus{safeModeStatus=true, preCheckPassed=true} to SafeModeStatus{safeModeStatus=false, preCheckPassed=true}.
2022-11-15 18:21:39,707 [EventQueue-OpenPipelineForHealthyPipelineSafeModeRule] INFO  pipeline.BackgroundPipelineCreator (BackgroundPipelineCreator.java:notifyStatusChanged(254)) - Service BackgroundPipelineCreator transitions to RUNNING.
2022-11-15 18:21:39,707 [EventQueue-OpenPipelineForHealthyPipelineSafeModeRule] INFO  BackgroundPipelineScrubber (BackgroundSCMService.java:notifyStatusChanged(82)) - Service BackgroundPipelineScrubber transitions to RUNNING.
2022-11-15 18:21:39,707 [EventQueue-OpenPipelineForHealthyPipelineSafeModeRule] INFO  ExpiredContainerReplicaOpScrubber (BackgroundSCMService.java:notifyStatusChanged(82)) - Service ExpiredContainerReplicaOpScrubber transitions to RUNNING.
2022-11-15 18:21:39,707 [EventQueue-OpenPipelineForHealthyPipelineSafeModeRule] INFO  replication.ReplicationManager (ReplicationManager.java:notifyStatusChanged(814)) - Service ReplicationManager transitions to RUNNING.
2022-11-15 18:21:39,703 [grpc-default-executor-1] INFO  server.RaftServer$Division (RaftServerImpl.java:requestVote(1251)) - 102b5bcc-b995-4bd1-8be0-687abca2c396@group-DC3795364C49 replies to ELECTION vote request: ca6bba15-9e85-456d-ac33-d34a4bb4c823<-102b5bcc-b995-4bd1-8be0-687abca2c396#0:OK-t1. Peer's state: 102b5bcc-b995-4bd1-8be0-687abca2c396@group-DC3795364C49:t1, leader=null, voted=ca6bba15-9e85-456d-ac33-d34a4bb4c823, raftlog=Memoized:102b5bcc-b995-4bd1-8be0-687abca2c396@group-DC3795364C49-SegmentedRaftLog:OPENED:c-1, conf=-1: peers:[102b5bcc-b995-4bd1-8be0-687abca2c396|rpc:10.1.1.61:33239|priority:0|startupRole:FOLLOWER, ca6bba15-9e85-456d-ac33-d34a4bb4c823|rpc:10.1.1.61:42929|priority:1|startupRole:FOLLOWER, 76038e5c-cf0d-4f1c-877c-bdd5a6b00a56|rpc:10.1.1.61:39161|priority:0|startupRole:FOLLOWER]|listeners:[], old=null
2022-11-15 18:21:39,715 [EventQueue-OpenPipelineForHealthyPipelineSafeModeRule] WARN  balancer.ContainerBalancer (ContainerBalancer.java:shouldRun(131)) - Could not find persisted configuration for ContainerBalancer when checking if ContainerBalancer should run. ContainerBalancer should not run now.
2022-11-15 18:21:39,725 [ca6bba15-9e85-456d-ac33-d34a4bb4c823@group-DC3795364C49-LeaderElection5] INFO  server.RaftServerConfigKeys (ConfUtils.java:logGet(46)) - raft.server.log.appender.snapshot.chunk.size.max = 16MB (=16777216) (default)
2022-11-15 18:21:39,727 [ca6bba15-9e85-456d-ac33-d34a4bb4c823@group-DC3795364C49-LeaderElection5] INFO  server.RaftServerConfigKeys (ConfUtils.java:logGet(46)) - raft.server.log.appender.buffer.byte-limit = 33554432 (custom)
2022-11-15 18:21:39,727 [ca6bba15-9e85-456d-ac33-d34a4bb4c823@group-DC3795364C49-LeaderElection5] INFO  server.RaftServerConfigKeys (ConfUtils.java:logGet(46)) - raft.server.log.appender.buffer.element-limit = 1 (custom)
2022-11-15 18:21:39,731 [ca6bba15-9e85-456d-ac33-d34a4bb4c823@group-DC3795364C49-LeaderElection5] INFO  grpc.GrpcConfigKeys (ConfUtils.java:logGet(46)) - raft.grpc.server.leader.outstanding.appends.max = 128 (default)
2022-11-15 18:21:39,731 [ca6bba15-9e85-456d-ac33-d34a4bb4c823@group-DC3795364C49-LeaderElection5] INFO  server.RaftServerConfigKeys (ConfUtils.java:logGet(46)) - raft.server.rpc.request.timeout = 60s (custom)
2022-11-15 18:21:39,731 [ca6bba15-9e85-456d-ac33-d34a4bb4c823@group-DC3795364C49-LeaderElection5] INFO  server.RaftServerConfigKeys (ConfUtils.java:logGet(46)) - raft.server.log.appender.install.snapshot.enabled = false (custom)
2022-11-15 18:21:39,731 [ca6bba15-9e85-456d-ac33-d34a4bb4c823@group-DC3795364C49-LeaderElection5] INFO  grpc.GrpcConfigKeys (ConfUtils.java:logGet(46)) - raft.grpc.server.heartbeat.channel = true (default)
2022-11-15 18:21:39,731 [ca6bba15-9e85-456d-ac33-d34a4bb4c823@group-DC3795364C49-LeaderElection5] INFO  server.RaftServerConfigKeys (ConfUtils.java:logGet(46)) - raft.server.log.appender.wait-time.min = 10ms (default)
2022-11-15 18:21:39,737 [ca6bba15-9e85-456d-ac33-d34a4bb4c823@group-DC3795364C49-LeaderElection5] INFO  server.RaftServerConfigKeys (ConfUtils.java:logGet(46)) - raft.server.log.appender.snapshot.chunk.size.max = 16MB (=16777216) (default)
2022-11-15 18:21:39,737 [ca6bba15-9e85-456d-ac33-d34a4bb4c823@group-DC3795364C49-LeaderElection5] INFO  server.RaftServerConfigKeys (ConfUtils.java:logGet(46)) - raft.server.log.appender.buffer.byte-limit = 33554432 (custom)
2022-11-15 18:21:39,737 [ca6bba15-9e85-456d-ac33-d34a4bb4c823@group-DC3795364C49-LeaderElection5] INFO  server.RaftServerConfigKeys (ConfUtils.java:logGet(46)) - raft.server.log.appender.buffer.element-limit = 1 (custom)
2022-11-15 18:21:39,740 [ca6bba15-9e85-456d-ac33-d34a4bb4c823@group-DC3795364C49-LeaderElection5] INFO  grpc.GrpcConfigKeys (ConfUtils.java:logGet(46)) - raft.grpc.server.leader.outstanding.appends.max = 128 (default)
2022-11-15 18:21:39,740 [ca6bba15-9e85-456d-ac33-d34a4bb4c823@group-DC3795364C49-LeaderElection5] INFO  server.RaftServerConfigKeys (ConfUtils.java:logGet(46)) - raft.server.rpc.request.timeout = 60s (custom)
2022-11-15 18:21:39,740 [ca6bba15-9e85-456d-ac33-d34a4bb4c823@group-DC3795364C49-LeaderElection5] INFO  server.RaftServerConfigKeys (ConfUtils.java:logGet(46)) - raft.server.log.appender.install.snapshot.enabled = false (custom)
2022-11-15 18:21:39,740 [ca6bba15-9e85-456d-ac33-d34a4bb4c823@group-DC3795364C49-LeaderElection5] INFO  grpc.GrpcConfigKeys (ConfUtils.java:logGet(46)) - raft.grpc.server.heartbeat.channel = true (default)
2022-11-15 18:21:39,741 [ca6bba15-9e85-456d-ac33-d34a4bb4c823@group-DC3795364C49-LeaderElection5] INFO  server.RaftServerConfigKeys (ConfUtils.java:logGet(46)) - raft.server.log.appender.wait-time.min = 10ms (default)
2022-11-15 18:21:39,742 [ca6bba15-9e85-456d-ac33-d34a4bb4c823@group-DC3795364C49-LeaderElection5] INFO  impl.RoleInfo (RoleInfo.java:updateAndGet(139)) - ca6bba15-9e85-456d-ac33-d34a4bb4c823: start ca6bba15-9e85-456d-ac33-d34a4bb4c823@group-DC3795364C49-LeaderStateImpl
2022-11-15 18:21:39,743 [ca6bba15-9e85-456d-ac33-d34a4bb4c823@group-DC3795364C49-LeaderElection5] INFO  segmented.SegmentedRaftLogWorker (SegmentedRaftLogWorker.java:startLogSegment(452)) - ca6bba15-9e85-456d-ac33-d34a4bb4c823@group-DC3795364C49-SegmentedRaftLogWorker: Starting segment from index:0
2022-11-15 18:21:39,745 [ca6bba15-9e85-456d-ac33-d34a4bb4c823@group-DC3795364C49-SegmentedRaftLogWorker] INFO  segmented.SegmentedRaftLogWorker (SegmentedRaftLogWorker.java:execute(656)) - ca6bba15-9e85-456d-ac33-d34a4bb4c823@group-DC3795364C49-SegmentedRaftLogWorker: created new log segment /home/runner/work/ozone/ozone/hadoop-ozone/integration-test/target/test-dir/MiniOzoneClusterImpl-bc2a9663-e8fe-49bf-acf5-f2772c60d6ae/datanode-1/data/ratis/c650ed07-cf72-4b54-af46-dc3795364c49/current/log_inprogress_0
2022-11-15 18:21:39,762 [ca6bba15-9e85-456d-ac33-d34a4bb4c823@group-DC3795364C49-LeaderElection5] INFO  server.RaftServer$Division (ServerState.java:setRaftConf(430)) - ca6bba15-9e85-456d-ac33-d34a4bb4c823@group-DC3795364C49: set configuration 0: peers:[102b5bcc-b995-4bd1-8be0-687abca2c396|rpc:10.1.1.61:33239|dataStream:|priority:0|startupRole:FOLLOWER, ca6bba15-9e85-456d-ac33-d34a4bb4c823|rpc:10.1.1.61:42929|dataStream:|priority:1|startupRole:FOLLOWER, 76038e5c-cf0d-4f1c-877c-bdd5a6b00a56|rpc:10.1.1.61:39161|dataStream:|priority:0|startupRole:FOLLOWER]|listeners:[], old=null
2022-11-15 18:21:39,802 [102b5bcc-b995-4bd1-8be0-687abca2c396-server-thread1] INFO  ratis.XceiverServerRatis (XceiverServerRatis.java:handleLeaderChangedNotification(863)) - Leader change notification received for group: group-DC3795364C49 with new leaderId: ca6bba15-9e85-456d-ac33-d34a4bb4c823
2022-11-15 18:21:39,802 [102b5bcc-b995-4bd1-8be0-687abca2c396-server-thread1] INFO  server.RaftServer$Division (ServerState.java:setLeader(313)) - 102b5bcc-b995-4bd1-8be0-687abca2c396@group-DC3795364C49: change Leader from null to ca6bba15-9e85-456d-ac33-d34a4bb4c823 at term 1 for appendEntries, leader elected after 5220ms
2022-11-15 18:21:39,813 [76038e5c-cf0d-4f1c-877c-bdd5a6b00a56-server-thread1] INFO  ratis.XceiverServerRatis (XceiverServerRatis.java:handleLeaderChangedNotification(863)) - Leader change notification received for group: group-DC3795364C49 with new leaderId: ca6bba15-9e85-456d-ac33-d34a4bb4c823
2022-11-15 18:21:39,817 [76038e5c-cf0d-4f1c-877c-bdd5a6b00a56-server-thread1] INFO  server.RaftServer$Division (ServerState.java:setLeader(313)) - 76038e5c-cf0d-4f1c-877c-bdd5a6b00a56@group-DC3795364C49: change Leader from null to ca6bba15-9e85-456d-ac33-d34a4bb4c823 at term 1 for appendEntries, leader elected after 5124ms
2022-11-15 18:21:39,827 [76038e5c-cf0d-4f1c-877c-bdd5a6b00a56-server-thread1] INFO  server.RaftServer$Division (ServerState.java:setRaftConf(430)) - 76038e5c-cf0d-4f1c-877c-bdd5a6b00a56@group-DC3795364C49: set configuration 0: peers:[102b5bcc-b995-4bd1-8be0-687abca2c396|rpc:10.1.1.61:33239|dataStream:|priority:0|startupRole:FOLLOWER, ca6bba15-9e85-456d-ac33-d34a4bb4c823|rpc:10.1.1.61:42929|dataStream:|priority:1|startupRole:FOLLOWER, 76038e5c-cf0d-4f1c-877c-bdd5a6b00a56|rpc:10.1.1.61:39161|dataStream:|priority:0|startupRole:FOLLOWER]|listeners:[], old=null
2022-11-15 18:21:39,827 [76038e5c-cf0d-4f1c-877c-bdd5a6b00a56-server-thread1] INFO  segmented.SegmentedRaftLogWorker (SegmentedRaftLogWorker.java:startLogSegment(452)) - 76038e5c-cf0d-4f1c-877c-bdd5a6b00a56@group-DC3795364C49-SegmentedRaftLogWorker: Starting segment from index:0
2022-11-15 18:21:39,830 [76038e5c-cf0d-4f1c-877c-bdd5a6b00a56@group-DC3795364C49-SegmentedRaftLogWorker] INFO  segmented.SegmentedRaftLogWorker (SegmentedRaftLogWorker.java:execute(656)) - 76038e5c-cf0d-4f1c-877c-bdd5a6b00a56@group-DC3795364C49-SegmentedRaftLogWorker: created new log segment /home/runner/work/ozone/ozone/hadoop-ozone/integration-test/target/test-dir/MiniOzoneClusterImpl-bc2a9663-e8fe-49bf-acf5-f2772c60d6ae/datanode-2/data/ratis/c650ed07-cf72-4b54-af46-dc3795364c49/current/log_inprogress_0
2022-11-15 18:21:39,830 [102b5bcc-b995-4bd1-8be0-687abca2c396-server-thread3] INFO  server.RaftServer$Division (ServerState.java:setRaftConf(430)) - 102b5bcc-b995-4bd1-8be0-687abca2c396@group-DC3795364C49: set configuration 0: peers:[102b5bcc-b995-4bd1-8be0-687abca2c396|rpc:10.1.1.61:33239|dataStream:|priority:0|startupRole:FOLLOWER, ca6bba15-9e85-456d-ac33-d34a4bb4c823|rpc:10.1.1.61:42929|dataStream:|priority:1|startupRole:FOLLOWER, 76038e5c-cf0d-4f1c-877c-bdd5a6b00a56|rpc:10.1.1.61:39161|dataStream:|priority:0|startupRole:FOLLOWER]|listeners:[], old=null
2022-11-15 18:21:39,832 [102b5bcc-b995-4bd1-8be0-687abca2c396-server-thread3] INFO  segmented.SegmentedRaftLogWorker (SegmentedRaftLogWorker.java:startLogSegment(452)) - 102b5bcc-b995-4bd1-8be0-687abca2c396@group-DC3795364C49-SegmentedRaftLogWorker: Starting segment from index:0
2022-11-15 18:21:39,835 [102b5bcc-b995-4bd1-8be0-687abca2c396@group-DC3795364C49-SegmentedRaftLogWorker] INFO  segmented.SegmentedRaftLogWorker (SegmentedRaftLogWorker.java:execute(656)) - 102b5bcc-b995-4bd1-8be0-687abca2c396@group-DC3795364C49-SegmentedRaftLogWorker: created new log segment /home/runner/work/ozone/ozone/hadoop-ozone/integration-test/target/test-dir/MiniOzoneClusterImpl-bc2a9663-e8fe-49bf-acf5-f2772c60d6ae/datanode-0/data/ratis/c650ed07-cf72-4b54-af46-dc3795364c49/current/log_inprogress_0
2022-11-15 18:21:39,844 [76038e5c-cf0d-4f1c-877c-bdd5a6b00a56@group-0F711087AD53-FollowerState] INFO  impl.FollowerState (FollowerState.java:run(143)) - 76038e5c-cf0d-4f1c-877c-bdd5a6b00a56@group-0F711087AD53-FollowerState: change to CANDIDATE, lastRpcElapsedTime:5168607604ns, electionTimeout:5167ms
2022-11-15 18:21:39,844 [76038e5c-cf0d-4f1c-877c-bdd5a6b00a56@group-0F711087AD53-FollowerState] INFO  impl.RoleInfo (RoleInfo.java:shutdownFollowerState(110)) - 76038e5c-cf0d-4f1c-877c-bdd5a6b00a56: shutdown 76038e5c-cf0d-4f1c-877c-bdd5a6b00a56@group-0F711087AD53-FollowerState
2022-11-15 18:21:39,844 [76038e5c-cf0d-4f1c-877c-bdd5a6b00a56@group-0F711087AD53-FollowerState] INFO  server.RaftServer$Division (RaftServerImpl.java:setRole(321)) - 76038e5c-cf0d-4f1c-877c-bdd5a6b00a56@group-0F711087AD53: changes role from  FOLLOWER to CANDIDATE at term 0 for changeToCandidate
2022-11-15 18:21:39,845 [76038e5c-cf0d-4f1c-877c-bdd5a6b00a56@group-0F711087AD53-FollowerState] INFO  server.RaftServerConfigKeys (ConfUtils.java:logGet(46)) - raft.server.leaderelection.pre-vote = false (custom)
2022-11-15 18:21:39,845 [76038e5c-cf0d-4f1c-877c-bdd5a6b00a56@group-0F711087AD53-FollowerState] INFO  impl.RoleInfo (RoleInfo.java:updateAndGet(139)) - 76038e5c-cf0d-4f1c-877c-bdd5a6b00a56: start 76038e5c-cf0d-4f1c-877c-bdd5a6b00a56@group-0F711087AD53-LeaderElection6
2022-11-15 18:21:39,851 [76038e5c-cf0d-4f1c-877c-bdd5a6b00a56@group-0F711087AD53-LeaderElection6] INFO  impl.LeaderElection (LeaderElection.java:askForVotes(312)) - 76038e5c-cf0d-4f1c-877c-bdd5a6b00a56@group-0F711087AD53-LeaderElection6 ELECTION round 0: submit vote requests at term 1 for -1: peers:[76038e5c-cf0d-4f1c-877c-bdd5a6b00a56|rpc:10.1.1.61:39161|priority:1|startupRole:FOLLOWER]|listeners:[], old=null
2022-11-15 18:21:39,851 [76038e5c-cf0d-4f1c-877c-bdd5a6b00a56@group-0F711087AD53-LeaderElection6] INFO  impl.LeaderElection (LeaderElection.java:askForVotes(314)) - 76038e5c-cf0d-4f1c-877c-bdd5a6b00a56@group-0F711087AD53-LeaderElection6 ELECTION round 0: result PASSED (term=1)
2022-11-15 18:21:39,851 [76038e5c-cf0d-4f1c-877c-bdd5a6b00a56@group-0F711087AD53-LeaderElection6] INFO  impl.RoleInfo (RoleInfo.java:shutdownLeaderElection(130)) - 76038e5c-cf0d-4f1c-877c-bdd5a6b00a56: shutdown 76038e5c-cf0d-4f1c-877c-bdd5a6b00a56@group-0F711087AD53-LeaderElection6
2022-11-15 18:21:39,851 [76038e5c-cf0d-4f1c-877c-bdd5a6b00a56@group-0F711087AD53-LeaderElection6] INFO  server.RaftServer$Division (RaftServerImpl.java:setRole(321)) - 76038e5c-cf0d-4f1c-877c-bdd5a6b00a56@group-0F711087AD53: changes role from CANDIDATE to LEADER at term 1 for changeToLeader
2022-11-15 18:21:39,851 [76038e5c-cf0d-4f1c-877c-bdd5a6b00a56@group-0F711087AD53-LeaderElection6] INFO  ratis.XceiverServerRatis (XceiverServerRatis.java:handleLeaderChangedNotification(863)) - Leader change notification received for group: group-0F711087AD53 with new leaderId: 76038e5c-cf0d-4f1c-877c-bdd5a6b00a56
2022-11-15 18:21:39,853 [76038e5c-cf0d-4f1c-877c-bdd5a6b00a56@group-0F711087AD53-LeaderElection6] INFO  server.RaftServer$Division (ServerState.java:setLeader(313)) - 76038e5c-cf0d-4f1c-877c-bdd5a6b00a56@group-0F711087AD53: change Leader from null to 76038e5c-cf0d-4f1c-877c-bdd5a6b00a56 at term 1 for becomeLeader, leader elected after 5212ms
2022-11-15 18:21:39,855 [76038e5c-cf0d-4f1c-877c-bdd5a6b00a56@group-0F711087AD53-LeaderElection6] INFO  server.RaftServerConfigKeys (ConfUtils.java:logGet(46)) - raft.server.staging.catchup.gap = 1000 (default)
2022-11-15 18:21:39,858 [76038e5c-cf0d-4f1c-877c-bdd5a6b00a56@group-0F711087AD53-LeaderElection6] INFO  server.RaftServerConfigKeys (ConfUtils.java:logGet(46)) - raft.server.write.element-limit = 1024 (custom)
2022-11-15 18:21:39,858 [76038e5c-cf0d-4f1c-877c-bdd5a6b00a56@group-0F711087AD53-LeaderElection6] INFO  server.RaftServerConfigKeys (ConfUtils.java:logGet(46)) - raft.server.write.byte-limit = 1024 M (=1073741824) (custom)
2022-11-15 18:21:39,858 [76038e5c-cf0d-4f1c-877c-bdd5a6b00a56@group-0F711087AD53-LeaderElection6] INFO  server.RaftServerConfigKeys (ConfUtils.java:logGet(46)) - raft.server.watch.timeout = 180s (custom)
2022-11-15 18:21:39,858 [76038e5c-cf0d-4f1c-877c-bdd5a6b00a56@group-0F711087AD53-LeaderElection6] INFO  server.RaftServerConfigKeys (ConfUtils.java:logGet(46)) - raft.server.watch.timeout.denomination = 1s (default)
2022-11-15 18:21:39,864 [76038e5c-cf0d-4f1c-877c-bdd5a6b00a56@group-0F711087AD53-LeaderElection6] INFO  server.RaftServerConfigKeys (ConfUtils.java:logGet(46)) - raft.server.watch.element-limit = 65536 (default)
2022-11-15 18:21:39,865 [76038e5c-cf0d-4f1c-877c-bdd5a6b00a56@group-0F711087AD53-LeaderElection6] INFO  server.RaftServerConfigKeys (ConfUtils.java:logGet(46)) - raft.server.write.element-limit = 1024 (custom)
2022-11-15 18:21:39,865 [76038e5c-cf0d-4f1c-877c-bdd5a6b00a56@group-0F711087AD53-LeaderElection6] INFO  server.RaftServerConfigKeys (ConfUtils.java:logGet(46)) - raft.server.write.follower.gap.ratio.max = -1.0 (default)
2022-11-15 18:21:39,889 [76038e5c-cf0d-4f1c-877c-bdd5a6b00a56@group-0F711087AD53-LeaderElection6] INFO  impl.RoleInfo (RoleInfo.java:updateAndGet(139)) - 76038e5c-cf0d-4f1c-877c-bdd5a6b00a56: start 76038e5c-cf0d-4f1c-877c-bdd5a6b00a56@group-0F711087AD53-LeaderStateImpl
2022-11-15 18:21:39,892 [76038e5c-cf0d-4f1c-877c-bdd5a6b00a56@group-0F711087AD53-LeaderElection6] INFO  segmented.SegmentedRaftLogWorker (SegmentedRaftLogWorker.java:startLogSegment(452)) - 76038e5c-cf0d-4f1c-877c-bdd5a6b00a56@group-0F711087AD53-SegmentedRaftLogWorker: Starting segment from index:0
2022-11-15 18:21:39,894 [76038e5c-cf0d-4f1c-877c-bdd5a6b00a56@group-0F711087AD53-SegmentedRaftLogWorker] INFO  segmented.SegmentedRaftLogWorker (SegmentedRaftLogWorker.java:execute(656)) - 76038e5c-cf0d-4f1c-877c-bdd5a6b00a56@group-0F711087AD53-SegmentedRaftLogWorker: created new log segment /home/runner/work/ozone/ozone/hadoop-ozone/integration-test/target/test-dir/MiniOzoneClusterImpl-bc2a9663-e8fe-49bf-acf5-f2772c60d6ae/datanode-2/data/ratis/3627e606-a111-4b95-94f1-0f711087ad53/current/log_inprogress_0
2022-11-15 18:21:39,895 [76038e5c-cf0d-4f1c-877c-bdd5a6b00a56@group-0F711087AD53-LeaderElection6] INFO  server.RaftServer$Division (ServerState.java:setRaftConf(430)) - 76038e5c-cf0d-4f1c-877c-bdd5a6b00a56@group-0F711087AD53: set configuration 0: peers:[76038e5c-cf0d-4f1c-877c-bdd5a6b00a56|rpc:10.1.1.61:39161|dataStream:|priority:1|startupRole:FOLLOWER]|listeners:[], old=null
2022-11-15 18:21:40,639 [Listener at 127.0.0.1/39199] INFO  ozone.MiniOzoneClusterImpl (MiniOzoneClusterImpl.java:lambda$waitForClusterToBeReady$0(216)) - Nodes are ready. Got 3 of 3 DN Heartbeats.
2022-11-15 18:21:40,640 [Listener at 127.0.0.1/39199] INFO  ozone.MiniOzoneClusterImpl (MiniOzoneClusterImpl.java:lambda$waitForClusterToBeReady$0(219)) - Cluster exits safe mode
2022-11-15 18:21:40,640 [Listener at 127.0.0.1/39199] INFO  ozone.MiniOzoneClusterImpl (MiniOzoneClusterImpl.java:lambda$waitForClusterToBeReady$0(221)) - SCM became leader
2022-11-15 18:21:41,210 [Time-limited test] INFO  rpc.RpcClient (RpcClient.java:createVolume(472)) - Creating Volume: pdkrncwilt, with user21129 as owner and space quota set to -1 bytes, counts quota set to -1
2022-11-15 18:21:41,295 [OM StateMachine ApplyTransaction Thread - 0] INFO  volume.OMVolumeCreateRequest (OMVolumeCreateRequest.java:validateAndUpdateCache(195)) - created volume:pdkrncwilt for user:user21129
2022-11-15 18:21:41,330 [Time-limited test] INFO  rpc.RpcClient (RpcClient.java:createBucket(691)) - Creating Bucket: pdkrncwilt/wdjseytalv, with bucket layout OBJECT_STORE, runner as owner, Versioning false, Storage Type set to DISK and Encryption set to false 
2022-11-15 18:21:41,349 [OM StateMachine ApplyTransaction Thread - 0] INFO  bucket.OMBucketCreateRequest (OMBucketCreateRequest.java:validateAndUpdateCache(260)) - created bucket: wdjseytalv of layout OBJECT_STORE in volume: pdkrncwilt
2022-11-15 18:21:41,380 [Time-limited test] INFO  rpc.RpcClient (RpcClient.java:createBucket(691)) - Creating Bucket: pdkrncwilt/9ba57161-c19f-4cfd-8d5b-09ecd64f0394, with bucket layout OBJECT_STORE, runner as owner, Versioning false, Storage Type set to DISK and Encryption set to false 
2022-11-15 18:21:41,385 [OM StateMachine ApplyTransaction Thread - 0] INFO  bucket.OMBucketCreateRequest (OMBucketCreateRequest.java:validateAndUpdateCache(260)) - created bucket: 9ba57161-c19f-4cfd-8d5b-09ecd64f0394 of layout OBJECT_STORE in volume: pdkrncwilt
2022-11-15 18:21:41,495 [IPC Server handler 1 on default port 38741] INFO  ha.SequenceIdGenerator (SequenceIdGenerator.java:getNextId(128)) - Allocate a batch for containerId, change lastId from 0 to 1000.
2022-11-15 18:21:41,515 [IPC Server handler 1 on default port 38741] WARN  ha.SequenceIdGenerator (SequenceIdGenerator.java:allocateBatch(237)) - Failed to allocate a batch for localId, expected lastId is 0, actual lastId is 109611004723200000.
2022-11-15 18:21:41,515 [IPC Server handler 1 on default port 38741] INFO  ha.SequenceIdGenerator (SequenceIdGenerator.java:getNextId(128)) - Allocate a batch for localId, change lastId from 109611004723200000 to 109611004723201000.
2022-11-15 18:21:41,578 [Time-limited test] INFO  impl.MetricsSystemImpl (MetricsSystemImpl.java:init(158)) - XceiverClientMetrics metrics system started (again)
2022-11-15 18:21:41,981 [OM StateMachine ApplyTransaction Thread - 0] INFO  key.OMKeyRequest (OMKeyRequest.java:wrapUncommittedBlocksAsPseudoKey(832)) - Detect allocated but uncommitted blocks [{blockID={containerID=2, localID=109611004723200002}, length=4194304, offset=0, token=null, pipeline=null, createVersion=0, partNumber=0}] in key abc/def/mpu-key1/.
2022-11-15 18:21:42,013 [Time-limited test] INFO  rpc.RpcClient (RpcClient.java:createBucket(691)) - Creating Bucket: pdkrncwilt/c334e21e-aeb6-4d41-80c9-bd4494c914b4, with bucket layout LEGACY, runner as owner, Versioning false, Storage Type set to DISK and Encryption set to false 
2022-11-15 18:21:42,017 [OM StateMachine ApplyTransaction Thread - 0] INFO  bucket.OMBucketCreateRequest (OMBucketCreateRequest.java:validateAndUpdateCache(260)) - created bucket: c334e21e-aeb6-4d41-80c9-bd4494c914b4 of layout LEGACY in volume: pdkrncwilt
2022-11-15 18:21:42,152 [OM StateMachine ApplyTransaction Thread - 0] INFO  key.OMKeyRequest (OMKeyRequest.java:wrapUncommittedBlocksAsPseudoKey(832)) - Detect allocated but uncommitted blocks [{blockID={containerID=4, localID=109611004723200004}, length=4194304, offset=0, token=null, pipeline=null, createVersion=0, partNumber=0}] in key abc/def/mpu-key1/newKey-1.
18:21:42.162 [OM StateMachine ApplyTransaction Thread - 0] ERROR OMAudit - user=runner | ip=127.0.0.1 | op=COMPLETE_MULTIPART_UPLOAD {volume=pdkrncwilt, bucket=c334e21e-aeb6-4d41-80c9-bd4494c914b4, key=abc/def/mpu-key1, dataSize=0, replicationType=NONE, replicationFactor=ZERO, multipartList=[partNumber: 1 partName: "/pdkrncwilt/c334e21e-aeb6-4d41-80c9-bd4494c914b4/abc/def/mpu-key1-f268ba01-8afa-4929-8f48-f9461d671ea2-109349208196448260-1" ]} | ret=FAILURE
org.apache.hadoop.ozone.om.exceptions.OMException: Can not Complete MPU for file: abc/def/mpu-key1 as there is already directory in the given path
	at org.apache.hadoop.ozone.om.request.s3.multipart.S3MultipartUploadCompleteRequest.checkDirectoryAlreadyExists(S3MultipartUploadCompleteRequest.java:327) ~[ozone-manager-1.3.0-SNAPSHOT.jar:?]
	at org.apache.hadoop.ozone.om.request.s3.multipart.S3MultipartUploadCompleteRequest.validateAndUpdateCache(S3MultipartUploadCompleteRequest.java:171) ~[ozone-manager-1.3.0-SNAPSHOT.jar:?]
	at org.apache.hadoop.ozone.protocolPB.OzoneManagerRequestHandler.handleWriteRequest(OzoneManagerRequestHandler.java:311) ~[ozone-manager-1.3.0-SNAPSHOT.jar:?]
	at org.apache.hadoop.ozone.om.ratis.OzoneManagerStateMachine.runCommand(OzoneManagerStateMachine.java:533) ~[ozone-manager-1.3.0-SNAPSHOT.jar:?]
	at org.apache.hadoop.ozone.om.ratis.OzoneManagerStateMachine.lambda$1(OzoneManagerStateMachine.java:324) ~[ozone-manager-1.3.0-SNAPSHOT.jar:?]
	at java.util.concurrent.CompletableFuture$AsyncSupply.run(CompletableFuture.java:1604) [?:1.8.0_345]
	at java.util.concurrent.ThreadPoolExecutor.runWorker(ThreadPoolExecutor.java:1149) [?:1.8.0_345]
	at java.util.concurrent.ThreadPoolExecutor$Worker.run(ThreadPoolExecutor.java:624) [?:1.8.0_345]
	at java.lang.Thread.run(Thread.java:750) [?:1.8.0_345]
2022-11-15 18:21:42,178 [OM StateMachine ApplyTransaction Thread - 0] ERROR multipart.S3MultipartUploadCompleteRequest (S3MultipartUploadCompleteRequest.java:logResult(356)) - MultipartUpload Complete request failed for Key: abc/def/mpu-key1 in Volume/Bucket pdkrncwilt/c334e21e-aeb6-4d41-80c9-bd4494c914b4
NOT_A_FILE org.apache.hadoop.ozone.om.exceptions.OMException: Can not Complete MPU for file: abc/def/mpu-key1 as there is already directory in the given path
	at org.apache.hadoop.ozone.om.request.s3.multipart.S3MultipartUploadCompleteRequest.checkDirectoryAlreadyExists(S3MultipartUploadCompleteRequest.java:327)
	at org.apache.hadoop.ozone.om.request.s3.multipart.S3MultipartUploadCompleteRequest.validateAndUpdateCache(S3MultipartUploadCompleteRequest.java:171)
	at org.apache.hadoop.ozone.protocolPB.OzoneManagerRequestHandler.handleWriteRequest(OzoneManagerRequestHandler.java:311)
	at org.apache.hadoop.ozone.om.ratis.OzoneManagerStateMachine.runCommand(OzoneManagerStateMachine.java:533)
	at org.apache.hadoop.ozone.om.ratis.OzoneManagerStateMachine.lambda$1(OzoneManagerStateMachine.java:324)
	at java.util.concurrent.CompletableFuture$AsyncSupply.run(CompletableFuture.java:1604)
	at java.util.concurrent.ThreadPoolExecutor.runWorker(ThreadPoolExecutor.java:1149)
	at java.util.concurrent.ThreadPoolExecutor$Worker.run(ThreadPoolExecutor.java:624)
	at java.lang.Thread.run(Thread.java:750)
]]></system-out>
  </testcase>
  <testcase name="testFlatKeyStructureWithOBS" classname="org.apache.hadoop.ozone.om.TestObjectStoreWithLegacyFS" time="0.095">
    <failure type="java.lang.AssertionError"><![CDATA[java.lang.AssertionError
	at org.junit.Assert.fail(Assert.java:87)
	at org.junit.Assert.assertTrue(Assert.java:42)
	at org.junit.Assert.assertTrue(Assert.java:53)
	at org.apache.hadoop.ozone.om.TestObjectStoreWithLegacyFS.assertKeyCount(TestObjectStoreWithLegacyFS.java:160)
	at org.apache.hadoop.ozone.om.TestObjectStoreWithLegacyFS.lambda$testFlatKeyStructureWithOBS$1(TestObjectStoreWithLegacyFS.java:141)
	at org.apache.ozone.test.GenericTestUtils.waitFor(GenericTestUtils.java:214)
	at org.apache.hadoop.ozone.om.TestObjectStoreWithLegacyFS.testFlatKeyStructureWithOBS(TestObjectStoreWithLegacyFS.java:141)
	at sun.reflect.NativeMethodAccessorImpl.invoke0(Native Method)
	at sun.reflect.NativeMethodAccessorImpl.invoke(NativeMethodAccessorImpl.java:62)
	at sun.reflect.DelegatingMethodAccessorImpl.invoke(DelegatingMethodAccessorImpl.java:43)
	at java.lang.reflect.Method.invoke(Method.java:498)
	at org.junit.runners.model.FrameworkMethod$1.runReflectiveCall(FrameworkMethod.java:59)
	at org.junit.internal.runners.model.ReflectiveCallable.run(ReflectiveCallable.java:12)
	at org.junit.runners.model.FrameworkMethod.invokeExplosively(FrameworkMethod.java:56)
	at org.junit.internal.runners.statements.InvokeMethod.evaluate(InvokeMethod.java:17)
	at org.junit.internal.runners.statements.RunBefores.evaluate(RunBefores.java:26)
	at org.junit.internal.runners.statements.FailOnTimeout$CallableStatement.call(FailOnTimeout.java:288)
	at org.junit.internal.runners.statements.FailOnTimeout$CallableStatement.call(FailOnTimeout.java:282)
	at java.util.concurrent.FutureTask.run(FutureTask.java:266)
	at java.lang.Thread.run(Thread.java:750)
]]></failure>
    <system-out><![CDATA[2022-11-15 18:21:42,226 [Time-limited test] INFO  rpc.RpcClient (RpcClient.java:createVolume(472)) - Creating Volume: blwncjjtyr, with user00655 as owner and space quota set to -1 bytes, counts quota set to -1
2022-11-15 18:21:42,230 [OM StateMachine ApplyTransaction Thread - 0] INFO  volume.OMVolumeCreateRequest (OMVolumeCreateRequest.java:validateAndUpdateCache(195)) - created volume:blwncjjtyr for user:user00655
2022-11-15 18:21:42,234 [Time-limited test] INFO  rpc.RpcClient (RpcClient.java:createBucket(691)) - Creating Bucket: blwncjjtyr/xgwystlebw, with bucket layout OBJECT_STORE, runner as owner, Versioning false, Storage Type set to DISK and Encryption set to false 
2022-11-15 18:21:42,238 [OM StateMachine ApplyTransaction Thread - 0] INFO  bucket.OMBucketCreateRequest (OMBucketCreateRequest.java:validateAndUpdateCache(260)) - created bucket: xgwystlebw of layout OBJECT_STORE in volume: blwncjjtyr
2022-11-15 18:21:42,266 [OM StateMachine ApplyTransaction Thread - 0] INFO  key.OMKeyRequest (OMKeyRequest.java:wrapUncommittedBlocksAsPseudoKey(832)) - Detect allocated but uncommitted blocks [{blockID={containerID=2, localID=109611004723200005}, length=4194304, offset=0, token=null, pipeline=null, createVersion=0, partNumber=0}] in key dir1/dir2/dir3/key-1.
]]></system-out>
  </testcase>
</testsuite>