<?xml version="1.0" encoding="UTF-8"?>
<testsuite xmlns:xsi="http://www.w3.org/2001/XMLSchema-instance" xsi:noNamespaceSchemaLocation="https://maven.apache.org/surefire/maven-surefire-plugin/xsd/surefire-test-report.xsd" name="org.apache.hadoop.ozone.client.rpc.TestBlockOutputStreamWithFailures" time="659.615" tests="5" errors="1" skipped="0" failures="0">
  <properties>
    <property name="awt.toolkit" value="sun.awt.X11.XToolkit"/>
    <property name="file.encoding.pkg" value="sun.io"/>
    <property name="java.specification.version" value="1.8"/>
    <property name="sun.cpu.isalist" value=""/>
    <property name="sun.jnu.encoding" value="UTF-8"/>
    <property name="java.class.path" value="/home/runner/work/ozone/ozone/hadoop-ozone/integration-test/target/test-classes:/home/runner/work/ozone/ozone/hadoop-ozone/integration-test/target/classes:/home/runner/.m2/repository/org/apache/ozone/ozone-common/1.2.0-SNAPSHOT/ozone-common-1.2.0-SNAPSHOT.jar:/home/runner/.m2/repository/org/apache/commons/commons-compress/1.21/commons-compress-1.21.jar:/home/runner/.m2/repository/org/apache/ozone/hdds-common/1.2.0-SNAPSHOT/hdds-common-1.2.0-SNAPSHOT.jar:/home/runner/.m2/repository/org/apache/ozone/hdds-client/1.2.0-SNAPSHOT/hdds-client-1.2.0-SNAPSHOT.jar:/home/runner/.m2/repository/org/apache/ozone/ozone-interface-client/1.2.0-SNAPSHOT/ozone-interface-client-1.2.0-SNAPSHOT.jar:/home/runner/.m2/repository/org/apache/ozone/hdds-server-framework/1.2.0-SNAPSHOT/hdds-server-framework-1.2.0-SNAPSHOT.jar:/home/runner/.m2/repository/org/apache/ozone/hdds-interface-server/1.2.0-SNAPSHOT/hdds-interface-server-1.2.0-SNAPSHOT.jar:/home/runner/.m2/repository/org/eclipse/jetty/jetty-servlet/9.4.43.v20210629/jetty-servlet-9.4.43.v20210629.jar:/home/runner/.m2/repository/org/eclipse/jetty/jetty-security/9.4.43.v20210629/jetty-security-9.4.43.v20210629.jar:/home/runner/.m2/repository/org/rocksdb/rocksdbjni/6.20.3/rocksdbjni-6.20.3.jar:/home/runner/.m2/repository/io/prometheus/simpleclient_dropwizard/0.7.0/simpleclient_dropwizard-0.7.0.jar:/home/runner/.m2/repository/io/prometheus/simpleclient/0.7.0/simpleclient-0.7.0.jar:/home/runner/.m2/repository/io/prometheus/simpleclient_common/0.7.0/simpleclient_common-0.7.0.jar:/home/runner/.m2/repository/com/fasterxml/jackson/datatype/jackson-datatype-jsr310/2.12.1/jackson-datatype-jsr310-2.12.1.jar:/home/runner/.m2/repository/org/apache/ozone/hdds-test-utils/1.2.0-SNAPSHOT/hdds-test-utils-1.2.0-SNAPSHOT.jar:/home/runner/.m2/repository/com/google/guava/guava/30.1.1-jre/guava-30.1.1-jre.jar:/home/runner/.m2/repository/com/google/guava/failureaccess/1.0.1/failureaccess-1.0.1.jar:/home/runner/.m2/repository/com/google/guava/listenablefuture/9999.0-empty-to-avoid-conflict-with-guava/listenablefuture-9999.0-empty-to-avoid-conflict-with-guava.jar:/home/runner/.m2/repository/com/google/code/findbugs/jsr305/3.0.0/jsr305-3.0.0.jar:/home/runner/.m2/repository/org/checkerframework/checker-qual/3.8.0/checker-qual-3.8.0.jar:/home/runner/.m2/repository/com/google/errorprone/error_prone_annotations/2.2.0/error_prone_annotations-2.2.0.jar:/home/runner/.m2/repository/com/google/j2objc/j2objc-annotations/1.3/j2objc-annotations-1.3.jar:/home/runner/.m2/repository/commons-io/commons-io/2.11.0/commons-io-2.11.0.jar:/home/runner/.m2/repository/commons-logging/commons-logging/1.2/commons-logging-1.2.jar:/home/runner/.m2/repository/log4j/log4j/1.2.17/log4j-1.2.17.jar:/home/runner/.m2/repository/org/slf4j/slf4j-api/1.7.30/slf4j-api-1.7.30.jar:/home/runner/.m2/repository/org/apache/ozone/hdds-server-scm/1.2.0-SNAPSHOT/hdds-server-scm-1.2.0-SNAPSHOT.jar:/home/runner/.m2/repository/org/apache/ozone/hdds-container-service/1.2.0-SNAPSHOT/hdds-container-service-1.2.0-SNAPSHOT.jar:/home/runner/.m2/repository/org/apache/ozone/hdds-hadoop-dependency-server/1.2.0-SNAPSHOT/hdds-hadoop-dependency-server-1.2.0-SNAPSHOT.jar:/home/runner/.m2/repository/org/apache/hadoop/hadoop-hdfs/3.3.1/hadoop-hdfs-3.3.1.jar:/home/runner/.m2/repository/io/dropwizard/metrics/metrics-core/3.2.4/metrics-core-3.2.4.jar:/home/runner/.m2/repository/org/apache/hadoop/hadoop-hdfs-client/3.3.1/hadoop-hdfs-client-3.3.1.jar:/home/runner/.m2/repository/org/bouncycastle/bcprov-jdk15on/1.67/bcprov-jdk15on-1.67.jar:/home/runner/.m2/repository/com/google/protobuf/protobuf-java/2.5.0/protobuf-java-2.5.0.jar:/home/runner/.m2/repository/org/apache/ozone/ozone-manager/1.2.0-SNAPSHOT/ozone-manager-1.2.0-SNAPSHOT.jar:/home/runner/.m2/repository/org/aspectj/aspectjrt/1.9.7/aspectjrt-1.9.7.jar:/home/runner/.m2/repository/org/aspectj/aspectjweaver/1.9.7/aspectjweaver-1.9.7.jar:/home/runner/.m2/repository/org/apache/ozone/hdds-interface-client/1.2.0-SNAPSHOT/hdds-interface-client-1.2.0-SNAPSHOT.jar:/home/runner/.m2/repository/org/apache/hadoop/thirdparty/hadoop-shaded-protobuf_3_7/1.1.1/hadoop-shaded-protobuf_3_7-1.1.1.jar:/home/runner/.m2/repository/org/apache/ozone/ozone-interface-storage/1.2.0-SNAPSHOT/ozone-interface-storage-1.2.0-SNAPSHOT.jar:/home/runner/.m2/repository/org/reflections/reflections/0.9.11/reflections-0.9.11.jar:/home/runner/.m2/repository/org/apache/hadoop/hadoop-minikdc/3.3.1/hadoop-minikdc-3.3.1.jar:/home/runner/.m2/repository/org/apache/kerby/kerb-simplekdc/1.0.1/kerb-simplekdc-1.0.1.jar:/home/runner/.m2/repository/org/apache/kerby/kerb-client/1.0.1/kerb-client-1.0.1.jar:/home/runner/.m2/repository/org/apache/kerby/kerby-config/1.0.1/kerby-config-1.0.1.jar:/home/runner/.m2/repository/org/apache/kerby/kerb-common/1.0.1/kerb-common-1.0.1.jar:/home/runner/.m2/repository/org/apache/kerby/kerb-crypto/1.0.1/kerb-crypto-1.0.1.jar:/home/runner/.m2/repository/org/apache/kerby/kerb-util/1.0.1/kerb-util-1.0.1.jar:/home/runner/.m2/repository/org/apache/kerby/token-provider/1.0.1/token-provider-1.0.1.jar:/home/runner/.m2/repository/org/apache/kerby/kerb-admin/1.0.1/kerb-admin-1.0.1.jar:/home/runner/.m2/repository/org/apache/kerby/kerb-server/1.0.1/kerb-server-1.0.1.jar:/home/runner/.m2/repository/org/apache/kerby/kerb-identity/1.0.1/kerb-identity-1.0.1.jar:/home/runner/.m2/repository/org/apache/kerby/kerby-xdr/1.0.1/kerby-xdr-1.0.1.jar:/home/runner/.m2/repository/org/slf4j/slf4j-log4j12/1.7.30/slf4j-log4j12-1.7.30.jar:/home/runner/.m2/repository/org/apache/ozone/ozone-s3gateway/1.2.0-SNAPSHOT/ozone-s3gateway-1.2.0-SNAPSHOT.jar:/home/runner/.m2/repository/org/javassist/javassist/3.21.0-GA/javassist-3.21.0-GA.jar:/home/runner/.m2/repository/org/jboss/weld/servlet/weld-servlet/2.4.7.Final/weld-servlet-2.4.7.Final.jar:/home/runner/.m2/repository/org/glassfish/jersey/containers/jersey-container-servlet-core/2.33/jersey-container-servlet-core-2.33.jar:/home/runner/.m2/repository/org/glassfish/hk2/external/jakarta.inject/2.6.1/jakarta.inject-2.6.1.jar:/home/runner/.m2/repository/org/glassfish/jersey/core/jersey-common/2.33/jersey-common-2.33.jar:/home/runner/.m2/repository/jakarta/ws/rs/jakarta.ws.rs-api/2.1.6/jakarta.ws.rs-api-2.1.6.jar:/home/runner/.m2/repository/org/glassfish/jersey/ext/cdi/jersey-cdi1x/2.33/jersey-cdi1x-2.33.jar:/home/runner/.m2/repository/org/glassfish/jersey/inject/jersey-hk2/2.33/jersey-hk2-2.33.jar:/home/runner/.m2/repository/org/glassfish/hk2/hk2-locator/2.6.1/hk2-locator-2.6.1.jar:/home/runner/.m2/repository/org/glassfish/jersey/media/jersey-media-jaxb/2.33/jersey-media-jaxb-2.33.jar:/home/runner/.m2/repository/org/glassfish/hk2/osgi-resource-locator/1.0.3/osgi-resource-locator-1.0.3.jar:/home/runner/.m2/repository/org/glassfish/hk2/hk2-api/2.5.0/hk2-api-2.5.0.jar:/home/runner/.m2/repository/org/glassfish/hk2/hk2-utils/2.5.0/hk2-utils-2.5.0.jar:/home/runner/.m2/repository/org/glassfish/hk2/external/aopalliance-repackaged/2.5.0/aopalliance-repackaged-2.5.0.jar:/home/runner/.m2/repository/com/fasterxml/jackson/dataformat/jackson-dataformat-xml/2.12.1/jackson-dataformat-xml-2.12.1.jar:/home/runner/.m2/repository/com/fasterxml/jackson/core/jackson-core/2.12.1/jackson-core-2.12.1.jar:/home/runner/.m2/repository/com/fasterxml/jackson/module/jackson-module-jaxb-annotations/2.12.1/jackson-module-jaxb-annotations-2.12.1.jar:/home/runner/.m2/repository/jakarta/xml/bind/jakarta.xml.bind-api/2.3.2/jakarta.xml.bind-api-2.3.2.jar:/home/runner/.m2/repository/org/codehaus/woodstox/stax2-api/3.1.4/stax2-api-3.1.4.jar:/home/runner/.m2/repository/com/fasterxml/woodstox/woodstox-core/5.0.3/woodstox-core-5.0.3.jar:/home/runner/.m2/repository/javax/enterprise/cdi-api/1.2/cdi-api-1.2.jar:/home/runner/.m2/repository/javax/el/javax.el-api/3.0.0/javax.el-api-3.0.0.jar:/home/runner/.m2/repository/javax/interceptor/javax.interceptor-api/1.2/javax.interceptor-api-1.2.jar:/home/runner/.m2/repository/javax/inject/javax.inject/1/javax.inject-1.jar:/home/runner/.m2/repository/javax/xml/bind/jaxb-api/2.3.0/jaxb-api-2.3.0.jar:/home/runner/.m2/repository/org/glassfish/jaxb/jaxb-runtime/2.3.0.1/jaxb-runtime-2.3.0.1.jar:/home/runner/.m2/repository/org/glassfish/jaxb/jaxb-core/2.3.0.1/jaxb-core-2.3.0.1.jar:/home/runner/.m2/repository/org/glassfish/jaxb/txw2/2.3.0.1/txw2-2.3.0.1.jar:/home/runner/.m2/repository/com/sun/istack/istack-commons-runtime/3.0.5/istack-commons-runtime-3.0.5.jar:/home/runner/.m2/repository/org/jvnet/staxex/stax-ex/1.7.8/stax-ex-1.7.8.jar:/home/runner/.m2/repository/com/sun/xml/fastinfoset/FastInfoset/1.2.13/FastInfoset-1.2.13.jar:/home/runner/.m2/repository/javax/activation/activation/1.1.1/activation-1.1.1.jar:/home/runner/.m2/repository/org/apache/ozone/ozone-csi/1.2.0-SNAPSHOT/ozone-csi-1.2.0-SNAPSHOT.jar:/home/runner/.m2/repository/com/google/protobuf/protobuf-java-util/3.12.0/protobuf-java-util-3.12.0.jar:/home/runner/.m2/repository/com/google/code/gson/gson/2.2.4/gson-2.2.4.jar:/home/runner/.m2/repository/org/apache/ozone/hdds-config/1.2.0-SNAPSHOT/hdds-config-1.2.0-SNAPSHOT.jar:/home/runner/.m2/repository/io/grpc/grpc-netty/1.33.0/grpc-netty-1.33.0.jar:/home/runner/.m2/repository/io/grpc/grpc-core/1.33.0/grpc-core-1.33.0.jar:/home/runner/.m2/repository/com/google/android/annotations/4.1.1.4/annotations-4.1.1.4.jar:/home/runner/.m2/repository/io/netty/netty-codec-http2/4.1.63.Final/netty-codec-http2-4.1.63.Final.jar:/home/runner/.m2/repository/io/netty/netty-codec-http/4.1.63.Final/netty-codec-http-4.1.63.Final.jar:/home/runner/.m2/repository/io/netty/netty-handler-proxy/4.1.63.Final/netty-handler-proxy-4.1.63.Final.jar:/home/runner/.m2/repository/io/netty/netty-codec-socks/4.1.63.Final/netty-codec-socks-4.1.63.Final.jar:/home/runner/.m2/repository/io/perfmark/perfmark-api/0.19.0/perfmark-api-0.19.0.jar:/home/runner/.m2/repository/org/codehaus/mojo/animal-sniffer-annotations/1.18/animal-sniffer-annotations-1.18.jar:/home/runner/.m2/repository/io/netty/netty-transport-native-epoll/4.1.63.Final/netty-transport-native-epoll-4.1.63.Final.jar:/home/runner/.m2/repository/io/netty/netty-common/4.1.63.Final/netty-common-4.1.63.Final.jar:/home/runner/.m2/repository/io/netty/netty-buffer/4.1.63.Final/netty-buffer-4.1.63.Final.jar:/home/runner/.m2/repository/io/netty/netty-transport-native-unix-common/4.1.63.Final/netty-transport-native-unix-common-4.1.63.Final.jar:/home/runner/.m2/repository/io/grpc/grpc-protobuf/1.33.0/grpc-protobuf-1.33.0.jar:/home/runner/.m2/repository/io/grpc/grpc-api/1.33.0/grpc-api-1.33.0.jar:/home/runner/.m2/repository/io/grpc/grpc-context/1.33.0/grpc-context-1.33.0.jar:/home/runner/.m2/repository/com/google/api/grpc/proto-google-common-protos/1.17.0/proto-google-common-protos-1.17.0.jar:/home/runner/.m2/repository/io/grpc/grpc-protobuf-lite/1.33.0/grpc-protobuf-lite-1.33.0.jar:/home/runner/.m2/repository/io/grpc/grpc-stub/1.33.0/grpc-stub-1.33.0.jar:/home/runner/.m2/repository/org/apache/ozone/ozone-recon/1.2.0-SNAPSHOT/ozone-recon-1.2.0-SNAPSHOT.jar:/home/runner/.m2/repository/org/apache/ozone/ozone-reconcodegen/1.2.0-SNAPSHOT/ozone-reconcodegen-1.2.0-SNAPSHOT.jar:/home/runner/.m2/repository/com/google/inject/extensions/guice-multibindings/4.0/guice-multibindings-4.0.jar:/home/runner/.m2/repository/com/google/inject/guice/4.0/guice-4.0.jar:/home/runner/.m2/repository/aopalliance/aopalliance/1.0/aopalliance-1.0.jar:/home/runner/.m2/repository/com/google/inject/extensions/guice-assistedinject/4.0/guice-assistedinject-4.0.jar:/home/runner/.m2/repository/com/google/inject/extensions/guice-servlet/4.0/guice-servlet-4.0.jar:/home/runner/.m2/repository/org/glassfish/jersey/containers/jersey-container-servlet/2.33/jersey-container-servlet-2.33.jar:/home/runner/.m2/repository/org/glassfish/hk2/guice-bridge/2.5.0/guice-bridge-2.5.0.jar:/home/runner/.m2/repository/org/glassfish/jersey/core/jersey-server/2.33/jersey-server-2.33.jar:/home/runner/.m2/repository/org/glassfish/jersey/core/jersey-client/2.33/jersey-client-2.33.jar:/home/runner/.m2/repository/jakarta/annotation/jakarta.annotation-api/1.3.5/jakarta.annotation-api-1.3.5.jar:/home/runner/.m2/repository/jakarta/validation/jakarta.validation-api/2.0.2/jakarta.validation-api-2.0.2.jar:/home/runner/.m2/repository/org/glassfish/jersey/media/jersey-media-json-jackson/2.33/jersey-media-json-jackson-2.33.jar:/home/runner/.m2/repository/org/glassfish/jersey/ext/jersey-entity-filtering/2.33/jersey-entity-filtering-2.33.jar:/home/runner/.m2/repository/org/jooq/jooq/3.11.10/jooq-3.11.10.jar:/home/runner/.m2/repository/org/jooq/jooq-meta/3.11.10/jooq-meta-3.11.10.jar:/home/runner/.m2/repository/org/jooq/jooq-codegen/3.11.10/jooq-codegen-3.11.10.jar:/home/runner/.m2/repository/com/jolbox/bonecp/0.8.0.RELEASE/bonecp-0.8.0.RELEASE.jar:/home/runner/.m2/repository/org/apache/derby/derby/10.14.2.0/derby-10.14.2.0.jar:/home/runner/.m2/repository/org/xerial/sqlite-jdbc/3.25.2/sqlite-jdbc-3.25.2.jar:/home/runner/.m2/repository/org/springframework/spring-jdbc/5.2.17.RELEASE/spring-jdbc-5.2.17.RELEASE.jar:/home/runner/.m2/repository/org/springframework/spring-beans/5.2.17.RELEASE/spring-beans-5.2.17.RELEASE.jar:/home/runner/.m2/repository/org/springframework/spring-core/5.2.17.RELEASE/spring-core-5.2.17.RELEASE.jar:/home/runner/.m2/repository/org/springframework/spring-jcl/5.2.17.RELEASE/spring-jcl-5.2.17.RELEASE.jar:/home/runner/.m2/repository/org/springframework/spring-tx/5.2.17.RELEASE/spring-tx-5.2.17.RELEASE.jar:/home/runner/.m2/repository/org/apache/ozone/ozone-client/1.2.0-SNAPSHOT/ozone-client-1.2.0-SNAPSHOT.jar:/home/runner/.m2/repository/org/apache/ozone/ozone-filesystem/1.2.0-SNAPSHOT/ozone-filesystem-1.2.0-SNAPSHOT.jar:/home/runner/.m2/repository/org/apache/ozone/ozone-filesystem-common/1.2.0-SNAPSHOT/ozone-filesystem-common-1.2.0-SNAPSHOT.jar:/home/runner/.m2/repository/org/apache/ozone/ozone-tools/1.2.0-SNAPSHOT/ozone-tools-1.2.0-SNAPSHOT.jar:/home/runner/.m2/repository/org/apache/ratis/ratis-tools/2.2.0/ratis-tools-2.2.0.jar:/home/runner/.m2/repository/com/amazonaws/aws-java-sdk-core/1.11.1034/aws-java-sdk-core-1.11.1034.jar:/home/runner/.m2/repository/org/apache/httpcomponents/httpclient/4.5.13/httpclient-4.5.13.jar:/home/runner/.m2/repository/org/apache/httpcomponents/httpcore/4.4.13/httpcore-4.4.13.jar:/home/runner/.m2/repository/software/amazon/ion/ion-java/1.0.2/ion-java-1.0.2.jar:/home/runner/.m2/repository/com/fasterxml/jackson/dataformat/jackson-dataformat-cbor/2.12.1/jackson-dataformat-cbor-2.12.1.jar:/home/runner/.m2/repository/joda-time/joda-time/2.8.1/joda-time-2.8.1.jar:/home/runner/.m2/repository/com/amazonaws/aws-java-sdk-s3/1.11.1034/aws-java-sdk-s3-1.11.1034.jar:/home/runner/.m2/repository/com/amazonaws/aws-java-sdk-kms/1.11.1034/aws-java-sdk-kms-1.11.1034.jar:/home/runner/.m2/repository/com/amazonaws/jmespath-java/1.11.1034/jmespath-java-1.11.1034.jar:/home/runner/.m2/repository/org/kohsuke/metainf-services/metainf-services/1.8/metainf-services-1.8.jar:/home/runner/.m2/repository/org/apache/ozone/hdds-tools/1.2.0-SNAPSHOT/hdds-tools-1.2.0-SNAPSHOT.jar:/home/runner/.m2/repository/commons-cli/commons-cli/1.2/commons-cli-1.2.jar:/home/runner/.m2/repository/org/apache/commons/commons-lang3/3.7/commons-lang3-3.7.jar:/home/runner/.m2/repository/org/apache/ozone/ozone-manager/1.2.0-SNAPSHOT/ozone-manager-1.2.0-SNAPSHOT-tests.jar:/home/runner/.m2/repository/org/apache/ozone/hdds-common/1.2.0-SNAPSHOT/hdds-common-1.2.0-SNAPSHOT-tests.jar:/home/runner/.m2/repository/org/apache/ozone/hdds-hadoop-dependency-client/1.2.0-SNAPSHOT/hdds-hadoop-dependency-client-1.2.0-SNAPSHOT.jar:/home/runner/.m2/repository/info/picocli/picocli/4.6.1/picocli-4.6.1.jar:/home/runner/.m2/repository/com/fasterxml/jackson/core/jackson-annotations/2.12.1/jackson-annotations-2.12.1.jar:/home/runner/.m2/repository/javax/annotation/javax.annotation-api/1.2/javax.annotation-api-1.2.jar:/home/runner/.m2/repository/org/apache/ratis/ratis-server/2.2.0/ratis-server-2.2.0.jar:/home/runner/.m2/repository/org/apache/ratis/ratis-client/2.2.0/ratis-client-2.2.0.jar:/home/runner/.m2/repository/org/apache/ratis/ratis-server-api/2.2.0/ratis-server-api-2.2.0.jar:/home/runner/.m2/repository/org/apache/ratis/ratis-metrics/2.2.0/ratis-metrics-2.2.0.jar:/home/runner/.m2/repository/org/apache/ratis/ratis-netty/2.2.0/ratis-netty-2.2.0.jar:/home/runner/.m2/repository/org/apache/ratis/ratis-grpc/2.2.0/ratis-grpc-2.2.0.jar:/home/runner/.m2/repository/org/apache/logging/log4j/log4j-api/2.13.3/log4j-api-2.13.3.jar:/home/runner/.m2/repository/org/apache/logging/log4j/log4j-core/2.13.3/log4j-core-2.13.3.jar:/home/runner/.m2/repository/com/lmax/disruptor/3.4.2/disruptor-3.4.2.jar:/home/runner/.m2/repository/org/apache/commons/commons-pool2/2.6.0/commons-pool2-2.6.0.jar:/home/runner/.m2/repository/org/bouncycastle/bcpkix-jdk15on/1.67/bcpkix-jdk15on-1.67.jar:/home/runner/.m2/repository/commons-validator/commons-validator/1.6/commons-validator-1.6.jar:/home/runner/.m2/repository/commons-beanutils/commons-beanutils/1.9.4/commons-beanutils-1.9.4.jar:/home/runner/.m2/repository/commons-digester/commons-digester/1.8.1/commons-digester-1.8.1.jar:/home/runner/.m2/repository/commons-collections/commons-collections/3.2.2/commons-collections-3.2.2.jar:/home/runner/.m2/repository/io/jaegertracing/jaeger-client/1.6.0/jaeger-client-1.6.0.jar:/home/runner/.m2/repository/io/jaegertracing/jaeger-thrift/1.6.0/jaeger-thrift-1.6.0.jar:/home/runner/.m2/repository/org/apache/thrift/libthrift/0.14.1/libthrift-0.14.1.jar:/home/runner/.m2/repository/com/squareup/okhttp3/okhttp/4.9.0/okhttp-4.9.0.jar:/home/runner/.m2/repository/com/squareup/okio/okio/2.8.0/okio-2.8.0.jar:/home/runner/.m2/repository/io/jaegertracing/jaeger-core/1.6.0/jaeger-core-1.6.0.jar:/home/runner/.m2/repository/io/jaegertracing/jaeger-tracerresolver/1.6.0/jaeger-tracerresolver-1.6.0.jar:/home/runner/.m2/repository/io/opentracing/contrib/opentracing-tracerresolver/0.1.8/opentracing-tracerresolver-0.1.8.jar:/home/runner/.m2/repository/org/jetbrains/kotlin/kotlin-stdlib/1.4.31/kotlin-stdlib-1.4.31.jar:/home/runner/.m2/repository/org/jetbrains/kotlin/kotlin-stdlib-common/1.4.31/kotlin-stdlib-common-1.4.31.jar:/home/runner/.m2/repository/org/jetbrains/annotations/13.0/annotations-13.0.jar:/home/runner/.m2/repository/io/opentracing/opentracing-util/0.33.0/opentracing-util-0.33.0.jar:/home/runner/.m2/repository/io/opentracing/opentracing-api/0.33.0/opentracing-api-0.33.0.jar:/home/runner/.m2/repository/io/opentracing/opentracing-noop/0.33.0/opentracing-noop-0.33.0.jar:/home/runner/.m2/repository/org/yaml/snakeyaml/1.26/snakeyaml-1.26.jar:/home/runner/.m2/repository/org/apache/ozone/hdds-interface-admin/1.2.0-SNAPSHOT/hdds-interface-admin-1.2.0-SNAPSHOT.jar:/home/runner/.m2/repository/junit/junit/4.13.1/junit-4.13.1.jar:/home/runner/.m2/repository/org/hamcrest/hamcrest-core/1.3/hamcrest-core-1.3.jar:/home/runner/.m2/repository/org/junit/jupiter/junit-jupiter-api/5.7.0/junit-jupiter-api-5.7.0.jar:/home/runner/.m2/repository/org/apiguardian/apiguardian-api/1.1.0/apiguardian-api-1.1.0.jar:/home/runner/.m2/repository/org/opentest4j/opentest4j/1.2.0/opentest4j-1.2.0.jar:/home/runner/.m2/repository/org/junit/platform/junit-platform-commons/1.7.0/junit-platform-commons-1.7.0.jar:/home/runner/.m2/repository/org/junit/jupiter/junit-jupiter-engine/5.7.0/junit-jupiter-engine-5.7.0.jar:/home/runner/.m2/repository/org/junit/platform/junit-platform-engine/1.7.0/junit-platform-engine-1.7.0.jar:/home/runner/.m2/repository/org/junit/vintage/junit-vintage-engine/5.7.0/junit-vintage-engine-5.7.0.jar:/home/runner/.m2/repository/org/junit/platform/junit-platform-launcher/1.7.0/junit-platform-launcher-1.7.0.jar:/home/runner/.m2/repository/org/openjdk/jmh/jmh-core/1.19/jmh-core-1.19.jar:/home/runner/.m2/repository/net/sf/jopt-simple/jopt-simple/4.6/jopt-simple-4.6.jar:/home/runner/.m2/repository/org/apache/commons/commons-math3/3.1.1/commons-math3-3.1.1.jar:/home/runner/.m2/repository/org/openjdk/jmh/jmh-generator-annprocess/1.19/jmh-generator-annprocess-1.19.jar:/home/runner/.m2/repository/org/mockito/mockito-core/2.28.2/mockito-core-2.28.2.jar:/home/runner/.m2/repository/net/bytebuddy/byte-buddy/1.9.10/byte-buddy-1.9.10.jar:/home/runner/.m2/repository/net/bytebuddy/byte-buddy-agent/1.9.10/byte-buddy-agent-1.9.10.jar:/home/runner/.m2/repository/org/objenesis/objenesis/1.0/objenesis-1.0.jar:/home/runner/.m2/repository/org/apache/hadoop/hadoop-kms/3.3.1/hadoop-kms-3.3.1.jar:/home/runner/.m2/repository/org/apache/hadoop/hadoop-auth/3.3.1/hadoop-auth-3.3.1.jar:/home/runner/.m2/repository/com/nimbusds/nimbus-jose-jwt/7.9/nimbus-jose-jwt-7.9.jar:/home/runner/.m2/repository/com/github/stephenc/jcip/jcip-annotations/1.0-1/jcip-annotations-1.0-1.jar:/home/runner/.m2/repository/net/minidev/json-smart/2.3.1/json-smart-2.3.1.jar:/home/runner/.m2/repository/net/minidev/accessors-smart/2.3.1/accessors-smart-2.3.1.jar:/home/runner/.m2/repository/org/ow2/asm/asm/5.0.4/asm-5.0.4.jar:/home/runner/.m2/repository/org/apache/zookeeper/zookeeper/3.5.6/zookeeper-3.5.6.jar:/home/runner/.m2/repository/org/apache/zookeeper/zookeeper-jute/3.5.6/zookeeper-jute-3.5.6.jar:/home/runner/.m2/repository/org/apache/yetus/audience-annotations/0.5.0/audience-annotations-0.5.0.jar:/home/runner/.m2/repository/org/apache/curator/curator-framework/4.2.0/curator-framework-4.2.0.jar:/home/runner/.m2/repository/org/apache/hadoop/thirdparty/hadoop-shaded-guava/1.1.1/hadoop-shaded-guava-1.1.1.jar:/home/runner/.m2/repository/com/sun/jersey/jersey-core/1.19/jersey-core-1.19.jar:/home/runner/.m2/repository/javax/ws/rs/jsr311-api/1.1.1/jsr311-api-1.1.1.jar:/home/runner/.m2/repository/com/sun/jersey/jersey-server/1.19/jersey-server-1.19.jar:/home/runner/.m2/repository/javax/servlet/javax.servlet-api/3.1.0/javax.servlet-api-3.1.0.jar:/home/runner/.m2/repository/org/eclipse/jetty/jetty-server/9.4.43.v20210629/jetty-server-9.4.43.v20210629.jar:/home/runner/.m2/repository/org/eclipse/jetty/jetty-http/9.4.43.v20210629/jetty-http-9.4.43.v20210629.jar:/home/runner/.m2/repository/org/eclipse/jetty/jetty-io/9.4.43.v20210629/jetty-io-9.4.43.v20210629.jar:/home/runner/.m2/repository/org/eclipse/jetty/jetty-webapp/9.4.43.v20210629/jetty-webapp-9.4.43.v20210629.jar:/home/runner/.m2/repository/org/eclipse/jetty/jetty-xml/9.4.43.v20210629/jetty-xml-9.4.43.v20210629.jar:/home/runner/.m2/repository/org/apache/hadoop/hadoop-common/3.3.1/hadoop-common-3.3.1.jar:/home/runner/.m2/repository/commons-net/commons-net/3.6/commons-net-3.6.jar:/home/runner/.m2/repository/jakarta/activation/jakarta.activation-api/1.2.1/jakarta.activation-api-1.2.1.jar:/home/runner/.m2/repository/com/sun/jersey/jersey-servlet/1.19/jersey-servlet-1.19.jar:/home/runner/.m2/repository/com/sun/jersey/jersey-json/1.19/jersey-json-1.19.jar:/home/runner/.m2/repository/org/codehaus/jettison/jettison/1.1/jettison-1.1.jar:/home/runner/.m2/repository/com/sun/xml/bind/jaxb-impl/2.2.3-1/jaxb-impl-2.2.3-1.jar:/home/runner/.m2/repository/org/codehaus/jackson/jackson-jaxrs/1.9.2/jackson-jaxrs-1.9.2.jar:/home/runner/.m2/repository/org/codehaus/jackson/jackson-xc/1.9.2/jackson-xc-1.9.2.jar:/home/runner/.m2/repository/org/apache/commons/commons-configuration2/2.1.1/commons-configuration2-2.1.1.jar:/home/runner/.m2/repository/org/apache/commons/commons-text/1.4/commons-text-1.4.jar:/home/runner/.m2/repository/com/google/re2j/re2j/1.1/re2j-1.1.jar:/home/runner/.m2/repository/com/jcraft/jsch/0.1.54/jsch-0.1.54.jar:/home/runner/.m2/repository/org/apache/curator/curator-client/4.2.0/curator-client-4.2.0.jar:/home/runner/.m2/repository/org/apache/curator/curator-recipes/4.2.0/curator-recipes-4.2.0.jar:/home/runner/.m2/repository/org/apache/kerby/kerb-core/1.0.1/kerb-core-1.0.1.jar:/home/runner/.m2/repository/org/apache/kerby/kerby-pkix/1.0.1/kerby-pkix-1.0.1.jar:/home/runner/.m2/repository/org/apache/kerby/kerby-asn1/1.0.1/kerby-asn1-1.0.1.jar:/home/runner/.m2/repository/org/apache/kerby/kerby-util/1.0.1/kerby-util-1.0.1.jar:/home/runner/.m2/repository/dnsjava/dnsjava/2.1.7/dnsjava-2.1.7.jar:/home/runner/.m2/repository/org/xerial/snappy/snappy-java/1.1.8.2/snappy-java-1.1.8.2.jar:/home/runner/.m2/repository/org/slf4j/jul-to-slf4j/1.7.30/jul-to-slf4j-1.7.30.jar:/home/runner/.m2/repository/org/eclipse/jetty/jetty-util/9.4.43.v20210629/jetty-util-9.4.43.v20210629.jar:/home/runner/.m2/repository/com/fasterxml/jackson/core/jackson-databind/2.12.1/jackson-databind-2.12.1.jar:/home/runner/.m2/repository/org/apache/hadoop/hadoop-kms/3.3.1/hadoop-kms-3.3.1-tests.jar:/home/runner/.m2/repository/org/apache/ozone/hdds-server-scm/1.2.0-SNAPSHOT/hdds-server-scm-1.2.0-SNAPSHOT-tests.jar:/home/runner/.m2/repository/org/apache/ozone/hdds-container-service/1.2.0-SNAPSHOT/hdds-container-service-1.2.0-SNAPSHOT-tests.jar:/home/runner/.m2/repository/commons-codec/commons-codec/1.11/commons-codec-1.11.jar:/home/runner/.m2/repository/io/netty/netty-transport/4.1.63.Final/netty-transport-4.1.63.Final.jar:/home/runner/.m2/repository/io/netty/netty-resolver/4.1.63.Final/netty-resolver-4.1.63.Final.jar:/home/runner/.m2/repository/io/netty/netty-codec/4.1.63.Final/netty-codec-4.1.63.Final.jar:/home/runner/.m2/repository/io/netty/netty-handler/4.1.63.Final/netty-handler-4.1.63.Final.jar:/home/runner/.m2/repository/org/apache/ozone/hdds-hadoop-dependency-test/1.2.0-SNAPSHOT/hdds-hadoop-dependency-test-1.2.0-SNAPSHOT.jar:/home/runner/.m2/repository/org/apache/hadoop/hadoop-common/3.3.1/hadoop-common-3.3.1-tests.jar:/home/runner/.m2/repository/org/assertj/assertj-core/3.12.2/assertj-core-3.12.2.jar:/home/runner/.m2/repository/org/apache/hadoop/hadoop-hdfs/3.3.1/hadoop-hdfs-3.3.1-tests.jar:/home/runner/.m2/repository/org/eclipse/jetty/jetty-util-ajax/9.4.43.v20210629/jetty-util-ajax-9.4.43.v20210629.jar:/home/runner/.m2/repository/commons-daemon/commons-daemon/1.0.13/commons-daemon-1.0.13.jar:/home/runner/.m2/repository/io/netty/netty/3.10.6.Final/netty-3.10.6.Final.jar:/home/runner/.m2/repository/io/netty/netty-all/4.1.63.Final/netty-all-4.1.63.Final.jar:/home/runner/.m2/repository/org/apache/htrace/htrace-core4/4.1.0-incubating/htrace-core4-4.1.0-incubating.jar:/home/runner/.m2/repository/org/fusesource/leveldbjni/leveldbjni-all/1.8/leveldbjni-all-1.8.jar:/home/runner/.m2/repository/org/apache/hadoop/hadoop-distcp/3.3.1/hadoop-distcp-3.3.1.jar:/home/runner/.m2/repository/org/apache/hadoop/hadoop-mapreduce-client-jobclient/3.3.1/hadoop-mapreduce-client-jobclient-3.3.1.jar:/home/runner/.m2/repository/org/apache/hadoop/hadoop-mapreduce-client-common/3.3.1/hadoop-mapreduce-client-common-3.3.1.jar:/home/runner/.m2/repository/org/apache/hadoop/hadoop-yarn-common/3.3.1/hadoop-yarn-common-3.3.1.jar:/home/runner/.m2/repository/org/apache/hadoop/hadoop-yarn-api/3.3.1/hadoop-yarn-api-3.3.1.jar:/home/runner/.m2/repository/com/sun/jersey/jersey-client/1.19/jersey-client-1.19.jar:/home/runner/.m2/repository/com/sun/jersey/contribs/jersey-guice/1.19/jersey-guice-1.19.jar:/home/runner/.m2/repository/com/fasterxml/jackson/jaxrs/jackson-jaxrs-json-provider/2.12.1/jackson-jaxrs-json-provider-2.12.1.jar:/home/runner/.m2/repository/com/fasterxml/jackson/jaxrs/jackson-jaxrs-base/2.12.1/jackson-jaxrs-base-2.12.1.jar:/home/runner/.m2/repository/org/apache/hadoop/hadoop-yarn-client/3.3.1/hadoop-yarn-client-3.3.1.jar:/home/runner/.m2/repository/org/eclipse/jetty/websocket/websocket-client/9.4.40.v20210413/websocket-client-9.4.40.v20210413.jar:/home/runner/.m2/repository/org/eclipse/jetty/jetty-client/9.4.40.v20210413/jetty-client-9.4.40.v20210413.jar:/home/runner/.m2/repository/org/eclipse/jetty/websocket/websocket-common/9.4.40.v20210413/websocket-common-9.4.40.v20210413.jar:/home/runner/.m2/repository/org/eclipse/jetty/websocket/websocket-api/9.4.40.v20210413/websocket-api-9.4.40.v20210413.jar:/home/runner/.m2/repository/org/jline/jline/3.9.0/jline-3.9.0.jar:/home/runner/.m2/repository/org/apache/hadoop/hadoop-mapreduce-client-core/3.3.1/hadoop-mapreduce-client-core-3.3.1.jar:/home/runner/.m2/repository/org/apache/avro/avro/1.7.7/avro-1.7.7.jar:/home/runner/.m2/repository/org/codehaus/jackson/jackson-core-asl/1.9.13/jackson-core-asl-1.9.13.jar:/home/runner/.m2/repository/org/codehaus/jackson/jackson-mapper-asl/1.9.13/jackson-mapper-asl-1.9.13.jar:/home/runner/.m2/repository/com/thoughtworks/paranamer/paranamer/2.3/paranamer-2.3.jar:/home/runner/.m2/repository/org/apache/hadoop/hadoop-annotations/3.3.1/hadoop-annotations-3.3.1.jar:/usr/lib/jvm/adoptopenjdk-8-hotspot-amd64/jre/../lib/tools.jar:/home/runner/.m2/repository/org/apache/hadoop/hadoop-distcp/3.3.1/hadoop-distcp-3.3.1-tests.jar:/home/runner/.m2/repository/org/apache/ratis/ratis-common/2.2.0/ratis-common-2.2.0.jar:/home/runner/.m2/repository/org/apache/ratis/ratis-thirdparty-misc/0.7.0/ratis-thirdparty-misc-0.7.0.jar:/home/runner/.m2/repository/org/apache/ratis/ratis-proto/2.2.0/ratis-proto-2.2.0.jar:"/>
    <property name="java.vm.vendor" value="AdoptOpenJDK"/>
    <property name="sun.arch.data.model" value="64"/>
    <property name="test.build.dir" value="/home/runner/work/ozone/ozone/hadoop-ozone/integration-test/target/test-dir"/>
    <property name="test.cache.data" value=""/>
    <property name="java.vendor.url" value="https://adoptopenjdk.net/"/>
    <property name="user.timezone" value=""/>
    <property name="java.vm.specification.version" value="1.8"/>
    <property name="os.name" value="Linux"/>
    <property name="test.build.data" value="/home/runner/work/ozone/ozone/hadoop-ozone/integration-test/target/test-dir"/>
    <property name="sun.java.launcher" value="SUN_STANDARD"/>
    <property name="sun.boot.library.path" value="/usr/lib/jvm/adoptopenjdk-8-hotspot-amd64/jre/lib/amd64"/>
    <property name="sun.java.command" value="/home/runner/work/ozone/ozone/hadoop-ozone/integration-test/target/surefire/surefirebooter4572884065578290276.jar /home/runner/work/ozone/ozone/hadoop-ozone/integration-test/target/surefire 2021-10-28T00-55-13_443-jvmRun1 surefire7119441859243679984tmp surefire_267099342637811237592tmp"/>
    <property name="surefire.test.class.path" value="/home/runner/work/ozone/ozone/hadoop-ozone/integration-test/target/test-classes:/home/runner/work/ozone/ozone/hadoop-ozone/integration-test/target/classes:/home/runner/.m2/repository/org/apache/ozone/ozone-common/1.2.0-SNAPSHOT/ozone-common-1.2.0-SNAPSHOT.jar:/home/runner/.m2/repository/org/apache/commons/commons-compress/1.21/commons-compress-1.21.jar:/home/runner/.m2/repository/org/apache/ozone/hdds-common/1.2.0-SNAPSHOT/hdds-common-1.2.0-SNAPSHOT.jar:/home/runner/.m2/repository/org/apache/ozone/hdds-client/1.2.0-SNAPSHOT/hdds-client-1.2.0-SNAPSHOT.jar:/home/runner/.m2/repository/org/apache/ozone/ozone-interface-client/1.2.0-SNAPSHOT/ozone-interface-client-1.2.0-SNAPSHOT.jar:/home/runner/.m2/repository/org/apache/ozone/hdds-server-framework/1.2.0-SNAPSHOT/hdds-server-framework-1.2.0-SNAPSHOT.jar:/home/runner/.m2/repository/org/apache/ozone/hdds-interface-server/1.2.0-SNAPSHOT/hdds-interface-server-1.2.0-SNAPSHOT.jar:/home/runner/.m2/repository/org/eclipse/jetty/jetty-servlet/9.4.43.v20210629/jetty-servlet-9.4.43.v20210629.jar:/home/runner/.m2/repository/org/eclipse/jetty/jetty-security/9.4.43.v20210629/jetty-security-9.4.43.v20210629.jar:/home/runner/.m2/repository/org/rocksdb/rocksdbjni/6.20.3/rocksdbjni-6.20.3.jar:/home/runner/.m2/repository/io/prometheus/simpleclient_dropwizard/0.7.0/simpleclient_dropwizard-0.7.0.jar:/home/runner/.m2/repository/io/prometheus/simpleclient/0.7.0/simpleclient-0.7.0.jar:/home/runner/.m2/repository/io/prometheus/simpleclient_common/0.7.0/simpleclient_common-0.7.0.jar:/home/runner/.m2/repository/com/fasterxml/jackson/datatype/jackson-datatype-jsr310/2.12.1/jackson-datatype-jsr310-2.12.1.jar:/home/runner/.m2/repository/org/apache/ozone/hdds-test-utils/1.2.0-SNAPSHOT/hdds-test-utils-1.2.0-SNAPSHOT.jar:/home/runner/.m2/repository/com/google/guava/guava/30.1.1-jre/guava-30.1.1-jre.jar:/home/runner/.m2/repository/com/google/guava/failureaccess/1.0.1/failureaccess-1.0.1.jar:/home/runner/.m2/repository/com/google/guava/listenablefuture/9999.0-empty-to-avoid-conflict-with-guava/listenablefuture-9999.0-empty-to-avoid-conflict-with-guava.jar:/home/runner/.m2/repository/com/google/code/findbugs/jsr305/3.0.0/jsr305-3.0.0.jar:/home/runner/.m2/repository/org/checkerframework/checker-qual/3.8.0/checker-qual-3.8.0.jar:/home/runner/.m2/repository/com/google/errorprone/error_prone_annotations/2.2.0/error_prone_annotations-2.2.0.jar:/home/runner/.m2/repository/com/google/j2objc/j2objc-annotations/1.3/j2objc-annotations-1.3.jar:/home/runner/.m2/repository/commons-io/commons-io/2.11.0/commons-io-2.11.0.jar:/home/runner/.m2/repository/commons-logging/commons-logging/1.2/commons-logging-1.2.jar:/home/runner/.m2/repository/log4j/log4j/1.2.17/log4j-1.2.17.jar:/home/runner/.m2/repository/org/slf4j/slf4j-api/1.7.30/slf4j-api-1.7.30.jar:/home/runner/.m2/repository/org/apache/ozone/hdds-server-scm/1.2.0-SNAPSHOT/hdds-server-scm-1.2.0-SNAPSHOT.jar:/home/runner/.m2/repository/org/apache/ozone/hdds-container-service/1.2.0-SNAPSHOT/hdds-container-service-1.2.0-SNAPSHOT.jar:/home/runner/.m2/repository/org/apache/ozone/hdds-hadoop-dependency-server/1.2.0-SNAPSHOT/hdds-hadoop-dependency-server-1.2.0-SNAPSHOT.jar:/home/runner/.m2/repository/org/apache/hadoop/hadoop-hdfs/3.3.1/hadoop-hdfs-3.3.1.jar:/home/runner/.m2/repository/io/dropwizard/metrics/metrics-core/3.2.4/metrics-core-3.2.4.jar:/home/runner/.m2/repository/org/apache/hadoop/hadoop-hdfs-client/3.3.1/hadoop-hdfs-client-3.3.1.jar:/home/runner/.m2/repository/org/bouncycastle/bcprov-jdk15on/1.67/bcprov-jdk15on-1.67.jar:/home/runner/.m2/repository/com/google/protobuf/protobuf-java/2.5.0/protobuf-java-2.5.0.jar:/home/runner/.m2/repository/org/apache/ozone/ozone-manager/1.2.0-SNAPSHOT/ozone-manager-1.2.0-SNAPSHOT.jar:/home/runner/.m2/repository/org/aspectj/aspectjrt/1.9.7/aspectjrt-1.9.7.jar:/home/runner/.m2/repository/org/aspectj/aspectjweaver/1.9.7/aspectjweaver-1.9.7.jar:/home/runner/.m2/repository/org/apache/ozone/hdds-interface-client/1.2.0-SNAPSHOT/hdds-interface-client-1.2.0-SNAPSHOT.jar:/home/runner/.m2/repository/org/apache/hadoop/thirdparty/hadoop-shaded-protobuf_3_7/1.1.1/hadoop-shaded-protobuf_3_7-1.1.1.jar:/home/runner/.m2/repository/org/apache/ozone/ozone-interface-storage/1.2.0-SNAPSHOT/ozone-interface-storage-1.2.0-SNAPSHOT.jar:/home/runner/.m2/repository/org/reflections/reflections/0.9.11/reflections-0.9.11.jar:/home/runner/.m2/repository/org/apache/hadoop/hadoop-minikdc/3.3.1/hadoop-minikdc-3.3.1.jar:/home/runner/.m2/repository/org/apache/kerby/kerb-simplekdc/1.0.1/kerb-simplekdc-1.0.1.jar:/home/runner/.m2/repository/org/apache/kerby/kerb-client/1.0.1/kerb-client-1.0.1.jar:/home/runner/.m2/repository/org/apache/kerby/kerby-config/1.0.1/kerby-config-1.0.1.jar:/home/runner/.m2/repository/org/apache/kerby/kerb-common/1.0.1/kerb-common-1.0.1.jar:/home/runner/.m2/repository/org/apache/kerby/kerb-crypto/1.0.1/kerb-crypto-1.0.1.jar:/home/runner/.m2/repository/org/apache/kerby/kerb-util/1.0.1/kerb-util-1.0.1.jar:/home/runner/.m2/repository/org/apache/kerby/token-provider/1.0.1/token-provider-1.0.1.jar:/home/runner/.m2/repository/org/apache/kerby/kerb-admin/1.0.1/kerb-admin-1.0.1.jar:/home/runner/.m2/repository/org/apache/kerby/kerb-server/1.0.1/kerb-server-1.0.1.jar:/home/runner/.m2/repository/org/apache/kerby/kerb-identity/1.0.1/kerb-identity-1.0.1.jar:/home/runner/.m2/repository/org/apache/kerby/kerby-xdr/1.0.1/kerby-xdr-1.0.1.jar:/home/runner/.m2/repository/org/slf4j/slf4j-log4j12/1.7.30/slf4j-log4j12-1.7.30.jar:/home/runner/.m2/repository/org/apache/ozone/ozone-s3gateway/1.2.0-SNAPSHOT/ozone-s3gateway-1.2.0-SNAPSHOT.jar:/home/runner/.m2/repository/org/javassist/javassist/3.21.0-GA/javassist-3.21.0-GA.jar:/home/runner/.m2/repository/org/jboss/weld/servlet/weld-servlet/2.4.7.Final/weld-servlet-2.4.7.Final.jar:/home/runner/.m2/repository/org/glassfish/jersey/containers/jersey-container-servlet-core/2.33/jersey-container-servlet-core-2.33.jar:/home/runner/.m2/repository/org/glassfish/hk2/external/jakarta.inject/2.6.1/jakarta.inject-2.6.1.jar:/home/runner/.m2/repository/org/glassfish/jersey/core/jersey-common/2.33/jersey-common-2.33.jar:/home/runner/.m2/repository/jakarta/ws/rs/jakarta.ws.rs-api/2.1.6/jakarta.ws.rs-api-2.1.6.jar:/home/runner/.m2/repository/org/glassfish/jersey/ext/cdi/jersey-cdi1x/2.33/jersey-cdi1x-2.33.jar:/home/runner/.m2/repository/org/glassfish/jersey/inject/jersey-hk2/2.33/jersey-hk2-2.33.jar:/home/runner/.m2/repository/org/glassfish/hk2/hk2-locator/2.6.1/hk2-locator-2.6.1.jar:/home/runner/.m2/repository/org/glassfish/jersey/media/jersey-media-jaxb/2.33/jersey-media-jaxb-2.33.jar:/home/runner/.m2/repository/org/glassfish/hk2/osgi-resource-locator/1.0.3/osgi-resource-locator-1.0.3.jar:/home/runner/.m2/repository/org/glassfish/hk2/hk2-api/2.5.0/hk2-api-2.5.0.jar:/home/runner/.m2/repository/org/glassfish/hk2/hk2-utils/2.5.0/hk2-utils-2.5.0.jar:/home/runner/.m2/repository/org/glassfish/hk2/external/aopalliance-repackaged/2.5.0/aopalliance-repackaged-2.5.0.jar:/home/runner/.m2/repository/com/fasterxml/jackson/dataformat/jackson-dataformat-xml/2.12.1/jackson-dataformat-xml-2.12.1.jar:/home/runner/.m2/repository/com/fasterxml/jackson/core/jackson-core/2.12.1/jackson-core-2.12.1.jar:/home/runner/.m2/repository/com/fasterxml/jackson/module/jackson-module-jaxb-annotations/2.12.1/jackson-module-jaxb-annotations-2.12.1.jar:/home/runner/.m2/repository/jakarta/xml/bind/jakarta.xml.bind-api/2.3.2/jakarta.xml.bind-api-2.3.2.jar:/home/runner/.m2/repository/org/codehaus/woodstox/stax2-api/3.1.4/stax2-api-3.1.4.jar:/home/runner/.m2/repository/com/fasterxml/woodstox/woodstox-core/5.0.3/woodstox-core-5.0.3.jar:/home/runner/.m2/repository/javax/enterprise/cdi-api/1.2/cdi-api-1.2.jar:/home/runner/.m2/repository/javax/el/javax.el-api/3.0.0/javax.el-api-3.0.0.jar:/home/runner/.m2/repository/javax/interceptor/javax.interceptor-api/1.2/javax.interceptor-api-1.2.jar:/home/runner/.m2/repository/javax/inject/javax.inject/1/javax.inject-1.jar:/home/runner/.m2/repository/javax/xml/bind/jaxb-api/2.3.0/jaxb-api-2.3.0.jar:/home/runner/.m2/repository/org/glassfish/jaxb/jaxb-runtime/2.3.0.1/jaxb-runtime-2.3.0.1.jar:/home/runner/.m2/repository/org/glassfish/jaxb/jaxb-core/2.3.0.1/jaxb-core-2.3.0.1.jar:/home/runner/.m2/repository/org/glassfish/jaxb/txw2/2.3.0.1/txw2-2.3.0.1.jar:/home/runner/.m2/repository/com/sun/istack/istack-commons-runtime/3.0.5/istack-commons-runtime-3.0.5.jar:/home/runner/.m2/repository/org/jvnet/staxex/stax-ex/1.7.8/stax-ex-1.7.8.jar:/home/runner/.m2/repository/com/sun/xml/fastinfoset/FastInfoset/1.2.13/FastInfoset-1.2.13.jar:/home/runner/.m2/repository/javax/activation/activation/1.1.1/activation-1.1.1.jar:/home/runner/.m2/repository/org/apache/ozone/ozone-csi/1.2.0-SNAPSHOT/ozone-csi-1.2.0-SNAPSHOT.jar:/home/runner/.m2/repository/com/google/protobuf/protobuf-java-util/3.12.0/protobuf-java-util-3.12.0.jar:/home/runner/.m2/repository/com/google/code/gson/gson/2.2.4/gson-2.2.4.jar:/home/runner/.m2/repository/org/apache/ozone/hdds-config/1.2.0-SNAPSHOT/hdds-config-1.2.0-SNAPSHOT.jar:/home/runner/.m2/repository/io/grpc/grpc-netty/1.33.0/grpc-netty-1.33.0.jar:/home/runner/.m2/repository/io/grpc/grpc-core/1.33.0/grpc-core-1.33.0.jar:/home/runner/.m2/repository/com/google/android/annotations/4.1.1.4/annotations-4.1.1.4.jar:/home/runner/.m2/repository/io/netty/netty-codec-http2/4.1.63.Final/netty-codec-http2-4.1.63.Final.jar:/home/runner/.m2/repository/io/netty/netty-codec-http/4.1.63.Final/netty-codec-http-4.1.63.Final.jar:/home/runner/.m2/repository/io/netty/netty-handler-proxy/4.1.63.Final/netty-handler-proxy-4.1.63.Final.jar:/home/runner/.m2/repository/io/netty/netty-codec-socks/4.1.63.Final/netty-codec-socks-4.1.63.Final.jar:/home/runner/.m2/repository/io/perfmark/perfmark-api/0.19.0/perfmark-api-0.19.0.jar:/home/runner/.m2/repository/org/codehaus/mojo/animal-sniffer-annotations/1.18/animal-sniffer-annotations-1.18.jar:/home/runner/.m2/repository/io/netty/netty-transport-native-epoll/4.1.63.Final/netty-transport-native-epoll-4.1.63.Final.jar:/home/runner/.m2/repository/io/netty/netty-common/4.1.63.Final/netty-common-4.1.63.Final.jar:/home/runner/.m2/repository/io/netty/netty-buffer/4.1.63.Final/netty-buffer-4.1.63.Final.jar:/home/runner/.m2/repository/io/netty/netty-transport-native-unix-common/4.1.63.Final/netty-transport-native-unix-common-4.1.63.Final.jar:/home/runner/.m2/repository/io/grpc/grpc-protobuf/1.33.0/grpc-protobuf-1.33.0.jar:/home/runner/.m2/repository/io/grpc/grpc-api/1.33.0/grpc-api-1.33.0.jar:/home/runner/.m2/repository/io/grpc/grpc-context/1.33.0/grpc-context-1.33.0.jar:/home/runner/.m2/repository/com/google/api/grpc/proto-google-common-protos/1.17.0/proto-google-common-protos-1.17.0.jar:/home/runner/.m2/repository/io/grpc/grpc-protobuf-lite/1.33.0/grpc-protobuf-lite-1.33.0.jar:/home/runner/.m2/repository/io/grpc/grpc-stub/1.33.0/grpc-stub-1.33.0.jar:/home/runner/.m2/repository/org/apache/ozone/ozone-recon/1.2.0-SNAPSHOT/ozone-recon-1.2.0-SNAPSHOT.jar:/home/runner/.m2/repository/org/apache/ozone/ozone-reconcodegen/1.2.0-SNAPSHOT/ozone-reconcodegen-1.2.0-SNAPSHOT.jar:/home/runner/.m2/repository/com/google/inject/extensions/guice-multibindings/4.0/guice-multibindings-4.0.jar:/home/runner/.m2/repository/com/google/inject/guice/4.0/guice-4.0.jar:/home/runner/.m2/repository/aopalliance/aopalliance/1.0/aopalliance-1.0.jar:/home/runner/.m2/repository/com/google/inject/extensions/guice-assistedinject/4.0/guice-assistedinject-4.0.jar:/home/runner/.m2/repository/com/google/inject/extensions/guice-servlet/4.0/guice-servlet-4.0.jar:/home/runner/.m2/repository/org/glassfish/jersey/containers/jersey-container-servlet/2.33/jersey-container-servlet-2.33.jar:/home/runner/.m2/repository/org/glassfish/hk2/guice-bridge/2.5.0/guice-bridge-2.5.0.jar:/home/runner/.m2/repository/org/glassfish/jersey/core/jersey-server/2.33/jersey-server-2.33.jar:/home/runner/.m2/repository/org/glassfish/jersey/core/jersey-client/2.33/jersey-client-2.33.jar:/home/runner/.m2/repository/jakarta/annotation/jakarta.annotation-api/1.3.5/jakarta.annotation-api-1.3.5.jar:/home/runner/.m2/repository/jakarta/validation/jakarta.validation-api/2.0.2/jakarta.validation-api-2.0.2.jar:/home/runner/.m2/repository/org/glassfish/jersey/media/jersey-media-json-jackson/2.33/jersey-media-json-jackson-2.33.jar:/home/runner/.m2/repository/org/glassfish/jersey/ext/jersey-entity-filtering/2.33/jersey-entity-filtering-2.33.jar:/home/runner/.m2/repository/org/jooq/jooq/3.11.10/jooq-3.11.10.jar:/home/runner/.m2/repository/org/jooq/jooq-meta/3.11.10/jooq-meta-3.11.10.jar:/home/runner/.m2/repository/org/jooq/jooq-codegen/3.11.10/jooq-codegen-3.11.10.jar:/home/runner/.m2/repository/com/jolbox/bonecp/0.8.0.RELEASE/bonecp-0.8.0.RELEASE.jar:/home/runner/.m2/repository/org/apache/derby/derby/10.14.2.0/derby-10.14.2.0.jar:/home/runner/.m2/repository/org/xerial/sqlite-jdbc/3.25.2/sqlite-jdbc-3.25.2.jar:/home/runner/.m2/repository/org/springframework/spring-jdbc/5.2.17.RELEASE/spring-jdbc-5.2.17.RELEASE.jar:/home/runner/.m2/repository/org/springframework/spring-beans/5.2.17.RELEASE/spring-beans-5.2.17.RELEASE.jar:/home/runner/.m2/repository/org/springframework/spring-core/5.2.17.RELEASE/spring-core-5.2.17.RELEASE.jar:/home/runner/.m2/repository/org/springframework/spring-jcl/5.2.17.RELEASE/spring-jcl-5.2.17.RELEASE.jar:/home/runner/.m2/repository/org/springframework/spring-tx/5.2.17.RELEASE/spring-tx-5.2.17.RELEASE.jar:/home/runner/.m2/repository/org/apache/ozone/ozone-client/1.2.0-SNAPSHOT/ozone-client-1.2.0-SNAPSHOT.jar:/home/runner/.m2/repository/org/apache/ozone/ozone-filesystem/1.2.0-SNAPSHOT/ozone-filesystem-1.2.0-SNAPSHOT.jar:/home/runner/.m2/repository/org/apache/ozone/ozone-filesystem-common/1.2.0-SNAPSHOT/ozone-filesystem-common-1.2.0-SNAPSHOT.jar:/home/runner/.m2/repository/org/apache/ozone/ozone-tools/1.2.0-SNAPSHOT/ozone-tools-1.2.0-SNAPSHOT.jar:/home/runner/.m2/repository/org/apache/ratis/ratis-tools/2.2.0/ratis-tools-2.2.0.jar:/home/runner/.m2/repository/com/amazonaws/aws-java-sdk-core/1.11.1034/aws-java-sdk-core-1.11.1034.jar:/home/runner/.m2/repository/org/apache/httpcomponents/httpclient/4.5.13/httpclient-4.5.13.jar:/home/runner/.m2/repository/org/apache/httpcomponents/httpcore/4.4.13/httpcore-4.4.13.jar:/home/runner/.m2/repository/software/amazon/ion/ion-java/1.0.2/ion-java-1.0.2.jar:/home/runner/.m2/repository/com/fasterxml/jackson/dataformat/jackson-dataformat-cbor/2.12.1/jackson-dataformat-cbor-2.12.1.jar:/home/runner/.m2/repository/joda-time/joda-time/2.8.1/joda-time-2.8.1.jar:/home/runner/.m2/repository/com/amazonaws/aws-java-sdk-s3/1.11.1034/aws-java-sdk-s3-1.11.1034.jar:/home/runner/.m2/repository/com/amazonaws/aws-java-sdk-kms/1.11.1034/aws-java-sdk-kms-1.11.1034.jar:/home/runner/.m2/repository/com/amazonaws/jmespath-java/1.11.1034/jmespath-java-1.11.1034.jar:/home/runner/.m2/repository/org/kohsuke/metainf-services/metainf-services/1.8/metainf-services-1.8.jar:/home/runner/.m2/repository/org/apache/ozone/hdds-tools/1.2.0-SNAPSHOT/hdds-tools-1.2.0-SNAPSHOT.jar:/home/runner/.m2/repository/commons-cli/commons-cli/1.2/commons-cli-1.2.jar:/home/runner/.m2/repository/org/apache/commons/commons-lang3/3.7/commons-lang3-3.7.jar:/home/runner/.m2/repository/org/apache/ozone/ozone-manager/1.2.0-SNAPSHOT/ozone-manager-1.2.0-SNAPSHOT-tests.jar:/home/runner/.m2/repository/org/apache/ozone/hdds-common/1.2.0-SNAPSHOT/hdds-common-1.2.0-SNAPSHOT-tests.jar:/home/runner/.m2/repository/org/apache/ozone/hdds-hadoop-dependency-client/1.2.0-SNAPSHOT/hdds-hadoop-dependency-client-1.2.0-SNAPSHOT.jar:/home/runner/.m2/repository/info/picocli/picocli/4.6.1/picocli-4.6.1.jar:/home/runner/.m2/repository/com/fasterxml/jackson/core/jackson-annotations/2.12.1/jackson-annotations-2.12.1.jar:/home/runner/.m2/repository/javax/annotation/javax.annotation-api/1.2/javax.annotation-api-1.2.jar:/home/runner/.m2/repository/org/apache/ratis/ratis-server/2.2.0/ratis-server-2.2.0.jar:/home/runner/.m2/repository/org/apache/ratis/ratis-client/2.2.0/ratis-client-2.2.0.jar:/home/runner/.m2/repository/org/apache/ratis/ratis-server-api/2.2.0/ratis-server-api-2.2.0.jar:/home/runner/.m2/repository/org/apache/ratis/ratis-metrics/2.2.0/ratis-metrics-2.2.0.jar:/home/runner/.m2/repository/org/apache/ratis/ratis-netty/2.2.0/ratis-netty-2.2.0.jar:/home/runner/.m2/repository/org/apache/ratis/ratis-grpc/2.2.0/ratis-grpc-2.2.0.jar:/home/runner/.m2/repository/org/apache/logging/log4j/log4j-api/2.13.3/log4j-api-2.13.3.jar:/home/runner/.m2/repository/org/apache/logging/log4j/log4j-core/2.13.3/log4j-core-2.13.3.jar:/home/runner/.m2/repository/com/lmax/disruptor/3.4.2/disruptor-3.4.2.jar:/home/runner/.m2/repository/org/apache/commons/commons-pool2/2.6.0/commons-pool2-2.6.0.jar:/home/runner/.m2/repository/org/bouncycastle/bcpkix-jdk15on/1.67/bcpkix-jdk15on-1.67.jar:/home/runner/.m2/repository/commons-validator/commons-validator/1.6/commons-validator-1.6.jar:/home/runner/.m2/repository/commons-beanutils/commons-beanutils/1.9.4/commons-beanutils-1.9.4.jar:/home/runner/.m2/repository/commons-digester/commons-digester/1.8.1/commons-digester-1.8.1.jar:/home/runner/.m2/repository/commons-collections/commons-collections/3.2.2/commons-collections-3.2.2.jar:/home/runner/.m2/repository/io/jaegertracing/jaeger-client/1.6.0/jaeger-client-1.6.0.jar:/home/runner/.m2/repository/io/jaegertracing/jaeger-thrift/1.6.0/jaeger-thrift-1.6.0.jar:/home/runner/.m2/repository/org/apache/thrift/libthrift/0.14.1/libthrift-0.14.1.jar:/home/runner/.m2/repository/com/squareup/okhttp3/okhttp/4.9.0/okhttp-4.9.0.jar:/home/runner/.m2/repository/com/squareup/okio/okio/2.8.0/okio-2.8.0.jar:/home/runner/.m2/repository/io/jaegertracing/jaeger-core/1.6.0/jaeger-core-1.6.0.jar:/home/runner/.m2/repository/io/jaegertracing/jaeger-tracerresolver/1.6.0/jaeger-tracerresolver-1.6.0.jar:/home/runner/.m2/repository/io/opentracing/contrib/opentracing-tracerresolver/0.1.8/opentracing-tracerresolver-0.1.8.jar:/home/runner/.m2/repository/org/jetbrains/kotlin/kotlin-stdlib/1.4.31/kotlin-stdlib-1.4.31.jar:/home/runner/.m2/repository/org/jetbrains/kotlin/kotlin-stdlib-common/1.4.31/kotlin-stdlib-common-1.4.31.jar:/home/runner/.m2/repository/org/jetbrains/annotations/13.0/annotations-13.0.jar:/home/runner/.m2/repository/io/opentracing/opentracing-util/0.33.0/opentracing-util-0.33.0.jar:/home/runner/.m2/repository/io/opentracing/opentracing-api/0.33.0/opentracing-api-0.33.0.jar:/home/runner/.m2/repository/io/opentracing/opentracing-noop/0.33.0/opentracing-noop-0.33.0.jar:/home/runner/.m2/repository/org/yaml/snakeyaml/1.26/snakeyaml-1.26.jar:/home/runner/.m2/repository/org/apache/ozone/hdds-interface-admin/1.2.0-SNAPSHOT/hdds-interface-admin-1.2.0-SNAPSHOT.jar:/home/runner/.m2/repository/junit/junit/4.13.1/junit-4.13.1.jar:/home/runner/.m2/repository/org/hamcrest/hamcrest-core/1.3/hamcrest-core-1.3.jar:/home/runner/.m2/repository/org/junit/jupiter/junit-jupiter-api/5.7.0/junit-jupiter-api-5.7.0.jar:/home/runner/.m2/repository/org/apiguardian/apiguardian-api/1.1.0/apiguardian-api-1.1.0.jar:/home/runner/.m2/repository/org/opentest4j/opentest4j/1.2.0/opentest4j-1.2.0.jar:/home/runner/.m2/repository/org/junit/platform/junit-platform-commons/1.7.0/junit-platform-commons-1.7.0.jar:/home/runner/.m2/repository/org/junit/jupiter/junit-jupiter-engine/5.7.0/junit-jupiter-engine-5.7.0.jar:/home/runner/.m2/repository/org/junit/platform/junit-platform-engine/1.7.0/junit-platform-engine-1.7.0.jar:/home/runner/.m2/repository/org/junit/vintage/junit-vintage-engine/5.7.0/junit-vintage-engine-5.7.0.jar:/home/runner/.m2/repository/org/junit/platform/junit-platform-launcher/1.7.0/junit-platform-launcher-1.7.0.jar:/home/runner/.m2/repository/org/openjdk/jmh/jmh-core/1.19/jmh-core-1.19.jar:/home/runner/.m2/repository/net/sf/jopt-simple/jopt-simple/4.6/jopt-simple-4.6.jar:/home/runner/.m2/repository/org/apache/commons/commons-math3/3.1.1/commons-math3-3.1.1.jar:/home/runner/.m2/repository/org/openjdk/jmh/jmh-generator-annprocess/1.19/jmh-generator-annprocess-1.19.jar:/home/runner/.m2/repository/org/mockito/mockito-core/2.28.2/mockito-core-2.28.2.jar:/home/runner/.m2/repository/net/bytebuddy/byte-buddy/1.9.10/byte-buddy-1.9.10.jar:/home/runner/.m2/repository/net/bytebuddy/byte-buddy-agent/1.9.10/byte-buddy-agent-1.9.10.jar:/home/runner/.m2/repository/org/objenesis/objenesis/1.0/objenesis-1.0.jar:/home/runner/.m2/repository/org/apache/hadoop/hadoop-kms/3.3.1/hadoop-kms-3.3.1.jar:/home/runner/.m2/repository/org/apache/hadoop/hadoop-auth/3.3.1/hadoop-auth-3.3.1.jar:/home/runner/.m2/repository/com/nimbusds/nimbus-jose-jwt/7.9/nimbus-jose-jwt-7.9.jar:/home/runner/.m2/repository/com/github/stephenc/jcip/jcip-annotations/1.0-1/jcip-annotations-1.0-1.jar:/home/runner/.m2/repository/net/minidev/json-smart/2.3.1/json-smart-2.3.1.jar:/home/runner/.m2/repository/net/minidev/accessors-smart/2.3.1/accessors-smart-2.3.1.jar:/home/runner/.m2/repository/org/ow2/asm/asm/5.0.4/asm-5.0.4.jar:/home/runner/.m2/repository/org/apache/zookeeper/zookeeper/3.5.6/zookeeper-3.5.6.jar:/home/runner/.m2/repository/org/apache/zookeeper/zookeeper-jute/3.5.6/zookeeper-jute-3.5.6.jar:/home/runner/.m2/repository/org/apache/yetus/audience-annotations/0.5.0/audience-annotations-0.5.0.jar:/home/runner/.m2/repository/org/apache/curator/curator-framework/4.2.0/curator-framework-4.2.0.jar:/home/runner/.m2/repository/org/apache/hadoop/thirdparty/hadoop-shaded-guava/1.1.1/hadoop-shaded-guava-1.1.1.jar:/home/runner/.m2/repository/com/sun/jersey/jersey-core/1.19/jersey-core-1.19.jar:/home/runner/.m2/repository/javax/ws/rs/jsr311-api/1.1.1/jsr311-api-1.1.1.jar:/home/runner/.m2/repository/com/sun/jersey/jersey-server/1.19/jersey-server-1.19.jar:/home/runner/.m2/repository/javax/servlet/javax.servlet-api/3.1.0/javax.servlet-api-3.1.0.jar:/home/runner/.m2/repository/org/eclipse/jetty/jetty-server/9.4.43.v20210629/jetty-server-9.4.43.v20210629.jar:/home/runner/.m2/repository/org/eclipse/jetty/jetty-http/9.4.43.v20210629/jetty-http-9.4.43.v20210629.jar:/home/runner/.m2/repository/org/eclipse/jetty/jetty-io/9.4.43.v20210629/jetty-io-9.4.43.v20210629.jar:/home/runner/.m2/repository/org/eclipse/jetty/jetty-webapp/9.4.43.v20210629/jetty-webapp-9.4.43.v20210629.jar:/home/runner/.m2/repository/org/eclipse/jetty/jetty-xml/9.4.43.v20210629/jetty-xml-9.4.43.v20210629.jar:/home/runner/.m2/repository/org/apache/hadoop/hadoop-common/3.3.1/hadoop-common-3.3.1.jar:/home/runner/.m2/repository/commons-net/commons-net/3.6/commons-net-3.6.jar:/home/runner/.m2/repository/jakarta/activation/jakarta.activation-api/1.2.1/jakarta.activation-api-1.2.1.jar:/home/runner/.m2/repository/com/sun/jersey/jersey-servlet/1.19/jersey-servlet-1.19.jar:/home/runner/.m2/repository/com/sun/jersey/jersey-json/1.19/jersey-json-1.19.jar:/home/runner/.m2/repository/org/codehaus/jettison/jettison/1.1/jettison-1.1.jar:/home/runner/.m2/repository/com/sun/xml/bind/jaxb-impl/2.2.3-1/jaxb-impl-2.2.3-1.jar:/home/runner/.m2/repository/org/codehaus/jackson/jackson-jaxrs/1.9.2/jackson-jaxrs-1.9.2.jar:/home/runner/.m2/repository/org/codehaus/jackson/jackson-xc/1.9.2/jackson-xc-1.9.2.jar:/home/runner/.m2/repository/org/apache/commons/commons-configuration2/2.1.1/commons-configuration2-2.1.1.jar:/home/runner/.m2/repository/org/apache/commons/commons-text/1.4/commons-text-1.4.jar:/home/runner/.m2/repository/com/google/re2j/re2j/1.1/re2j-1.1.jar:/home/runner/.m2/repository/com/jcraft/jsch/0.1.54/jsch-0.1.54.jar:/home/runner/.m2/repository/org/apache/curator/curator-client/4.2.0/curator-client-4.2.0.jar:/home/runner/.m2/repository/org/apache/curator/curator-recipes/4.2.0/curator-recipes-4.2.0.jar:/home/runner/.m2/repository/org/apache/kerby/kerb-core/1.0.1/kerb-core-1.0.1.jar:/home/runner/.m2/repository/org/apache/kerby/kerby-pkix/1.0.1/kerby-pkix-1.0.1.jar:/home/runner/.m2/repository/org/apache/kerby/kerby-asn1/1.0.1/kerby-asn1-1.0.1.jar:/home/runner/.m2/repository/org/apache/kerby/kerby-util/1.0.1/kerby-util-1.0.1.jar:/home/runner/.m2/repository/dnsjava/dnsjava/2.1.7/dnsjava-2.1.7.jar:/home/runner/.m2/repository/org/xerial/snappy/snappy-java/1.1.8.2/snappy-java-1.1.8.2.jar:/home/runner/.m2/repository/org/slf4j/jul-to-slf4j/1.7.30/jul-to-slf4j-1.7.30.jar:/home/runner/.m2/repository/org/eclipse/jetty/jetty-util/9.4.43.v20210629/jetty-util-9.4.43.v20210629.jar:/home/runner/.m2/repository/com/fasterxml/jackson/core/jackson-databind/2.12.1/jackson-databind-2.12.1.jar:/home/runner/.m2/repository/org/apache/hadoop/hadoop-kms/3.3.1/hadoop-kms-3.3.1-tests.jar:/home/runner/.m2/repository/org/apache/ozone/hdds-server-scm/1.2.0-SNAPSHOT/hdds-server-scm-1.2.0-SNAPSHOT-tests.jar:/home/runner/.m2/repository/org/apache/ozone/hdds-container-service/1.2.0-SNAPSHOT/hdds-container-service-1.2.0-SNAPSHOT-tests.jar:/home/runner/.m2/repository/commons-codec/commons-codec/1.11/commons-codec-1.11.jar:/home/runner/.m2/repository/io/netty/netty-transport/4.1.63.Final/netty-transport-4.1.63.Final.jar:/home/runner/.m2/repository/io/netty/netty-resolver/4.1.63.Final/netty-resolver-4.1.63.Final.jar:/home/runner/.m2/repository/io/netty/netty-codec/4.1.63.Final/netty-codec-4.1.63.Final.jar:/home/runner/.m2/repository/io/netty/netty-handler/4.1.63.Final/netty-handler-4.1.63.Final.jar:/home/runner/.m2/repository/org/apache/ozone/hdds-hadoop-dependency-test/1.2.0-SNAPSHOT/hdds-hadoop-dependency-test-1.2.0-SNAPSHOT.jar:/home/runner/.m2/repository/org/apache/hadoop/hadoop-common/3.3.1/hadoop-common-3.3.1-tests.jar:/home/runner/.m2/repository/org/assertj/assertj-core/3.12.2/assertj-core-3.12.2.jar:/home/runner/.m2/repository/org/apache/hadoop/hadoop-hdfs/3.3.1/hadoop-hdfs-3.3.1-tests.jar:/home/runner/.m2/repository/org/eclipse/jetty/jetty-util-ajax/9.4.43.v20210629/jetty-util-ajax-9.4.43.v20210629.jar:/home/runner/.m2/repository/commons-daemon/commons-daemon/1.0.13/commons-daemon-1.0.13.jar:/home/runner/.m2/repository/io/netty/netty/3.10.6.Final/netty-3.10.6.Final.jar:/home/runner/.m2/repository/io/netty/netty-all/4.1.63.Final/netty-all-4.1.63.Final.jar:/home/runner/.m2/repository/org/apache/htrace/htrace-core4/4.1.0-incubating/htrace-core4-4.1.0-incubating.jar:/home/runner/.m2/repository/org/fusesource/leveldbjni/leveldbjni-all/1.8/leveldbjni-all-1.8.jar:/home/runner/.m2/repository/org/apache/hadoop/hadoop-distcp/3.3.1/hadoop-distcp-3.3.1.jar:/home/runner/.m2/repository/org/apache/hadoop/hadoop-mapreduce-client-jobclient/3.3.1/hadoop-mapreduce-client-jobclient-3.3.1.jar:/home/runner/.m2/repository/org/apache/hadoop/hadoop-mapreduce-client-common/3.3.1/hadoop-mapreduce-client-common-3.3.1.jar:/home/runner/.m2/repository/org/apache/hadoop/hadoop-yarn-common/3.3.1/hadoop-yarn-common-3.3.1.jar:/home/runner/.m2/repository/org/apache/hadoop/hadoop-yarn-api/3.3.1/hadoop-yarn-api-3.3.1.jar:/home/runner/.m2/repository/com/sun/jersey/jersey-client/1.19/jersey-client-1.19.jar:/home/runner/.m2/repository/com/sun/jersey/contribs/jersey-guice/1.19/jersey-guice-1.19.jar:/home/runner/.m2/repository/com/fasterxml/jackson/jaxrs/jackson-jaxrs-json-provider/2.12.1/jackson-jaxrs-json-provider-2.12.1.jar:/home/runner/.m2/repository/com/fasterxml/jackson/jaxrs/jackson-jaxrs-base/2.12.1/jackson-jaxrs-base-2.12.1.jar:/home/runner/.m2/repository/org/apache/hadoop/hadoop-yarn-client/3.3.1/hadoop-yarn-client-3.3.1.jar:/home/runner/.m2/repository/org/eclipse/jetty/websocket/websocket-client/9.4.40.v20210413/websocket-client-9.4.40.v20210413.jar:/home/runner/.m2/repository/org/eclipse/jetty/jetty-client/9.4.40.v20210413/jetty-client-9.4.40.v20210413.jar:/home/runner/.m2/repository/org/eclipse/jetty/websocket/websocket-common/9.4.40.v20210413/websocket-common-9.4.40.v20210413.jar:/home/runner/.m2/repository/org/eclipse/jetty/websocket/websocket-api/9.4.40.v20210413/websocket-api-9.4.40.v20210413.jar:/home/runner/.m2/repository/org/jline/jline/3.9.0/jline-3.9.0.jar:/home/runner/.m2/repository/org/apache/hadoop/hadoop-mapreduce-client-core/3.3.1/hadoop-mapreduce-client-core-3.3.1.jar:/home/runner/.m2/repository/org/apache/avro/avro/1.7.7/avro-1.7.7.jar:/home/runner/.m2/repository/org/codehaus/jackson/jackson-core-asl/1.9.13/jackson-core-asl-1.9.13.jar:/home/runner/.m2/repository/org/codehaus/jackson/jackson-mapper-asl/1.9.13/jackson-mapper-asl-1.9.13.jar:/home/runner/.m2/repository/com/thoughtworks/paranamer/paranamer/2.3/paranamer-2.3.jar:/home/runner/.m2/repository/org/apache/hadoop/hadoop-annotations/3.3.1/hadoop-annotations-3.3.1.jar:/usr/lib/jvm/adoptopenjdk-8-hotspot-amd64/jre/../lib/tools.jar:/home/runner/.m2/repository/org/apache/hadoop/hadoop-distcp/3.3.1/hadoop-distcp-3.3.1-tests.jar:/home/runner/.m2/repository/org/apache/ratis/ratis-common/2.2.0/ratis-common-2.2.0.jar:/home/runner/.m2/repository/org/apache/ratis/ratis-thirdparty-misc/0.7.0/ratis-thirdparty-misc-0.7.0.jar:/home/runner/.m2/repository/org/apache/ratis/ratis-proto/2.2.0/ratis-proto-2.2.0.jar:"/>
    <property name="sun.cpu.endian" value="little"/>
    <property name="user.home" value="/home/runner"/>
    <property name="user.language" value="en"/>
    <property name="java.specification.vendor" value="Oracle Corporation"/>
    <property name="java.home" value="/usr/lib/jvm/adoptopenjdk-8-hotspot-amd64/jre"/>
    <property name="java.security.krb5.conf" value="/home/runner/work/ozone/ozone/hadoop-ozone/integration-test/target/test-classes/krb5.conf"/>
    <property name="basedir" value="/home/runner/work/ozone/ozone/hadoop-ozone/integration-test"/>
    <property name="file.separator" value="/"/>
    <property name="line.separator" value="&#10;"/>
    <property name="java.vm.specification.vendor" value="Oracle Corporation"/>
    <property name="java.specification.name" value="Java Platform API Specification"/>
    <property name="java.awt.graphicsenv" value="sun.awt.X11GraphicsEnvironment"/>
    <property name="skip.installnpx" value="true"/>
    <property name="surefire.real.class.path" value="/home/runner/work/ozone/ozone/hadoop-ozone/integration-test/target/surefire/surefirebooter4572884065578290276.jar:/home/runner/.m2/repository/org/jacoco/org.jacoco.agent/0.8.5/org.jacoco.agent-0.8.5-runtime.jar"/>
    <property name="hadoop.log.dir" value="/home/runner/work/ozone/ozone/hadoop-ozone/integration-test/target/log"/>
    <property name="sun.boot.class.path" value="/usr/lib/jvm/adoptopenjdk-8-hotspot-amd64/jre/lib/resources.jar:/usr/lib/jvm/adoptopenjdk-8-hotspot-amd64/jre/lib/rt.jar:/usr/lib/jvm/adoptopenjdk-8-hotspot-amd64/jre/lib/sunrsasign.jar:/usr/lib/jvm/adoptopenjdk-8-hotspot-amd64/jre/lib/jsse.jar:/usr/lib/jvm/adoptopenjdk-8-hotspot-amd64/jre/lib/jce.jar:/usr/lib/jvm/adoptopenjdk-8-hotspot-amd64/jre/lib/charsets.jar:/usr/lib/jvm/adoptopenjdk-8-hotspot-amd64/jre/lib/jfr.jar:/usr/lib/jvm/adoptopenjdk-8-hotspot-amd64/jre/classes"/>
    <property name="sun.management.compiler" value="HotSpot 64-Bit Tiered Compilers"/>
    <property name="skip.npx" value="true"/>
    <property name="java.runtime.version" value="1.8.0_292-b10"/>
    <property name="java.net.preferIPv4Stack" value="true"/>
    <property name="user.name" value="runner"/>
    <property name="path.separator" value=":"/>
    <property name="java.security.egd" value="file:///dev/urandom"/>
    <property name="os.version" value="5.4.0-1061-azure"/>
    <property name="java.endorsed.dirs" value="/usr/lib/jvm/adoptopenjdk-8-hotspot-amd64/jre/lib/endorsed"/>
    <property name="java.runtime.name" value="OpenJDK Runtime Environment"/>
    <property name="file.encoding" value="UTF-8"/>
    <property name="java.vm.name" value="OpenJDK 64-Bit Server VM"/>
    <property name="test.build.webapps" value=""/>
    <property name="localRepository" value="/home/runner/.m2/repository"/>
    <property name="java.vendor.url.bug" value="https://github.com/AdoptOpenJDK/openjdk-support/issues"/>
    <property name="java.io.tmpdir" value="/tmp"/>
    <property name="require.test.libhadoop" value=""/>
    <property name="java.version" value="1.8.0_292"/>
    <property name="user.dir" value="/home/runner/work/ozone/ozone/hadoop-ozone/integration-test"/>
    <property name="os.arch" value="amd64"/>
    <property name="java.vm.specification.name" value="Java Virtual Machine Specification"/>
    <property name="test.build.classes" value="/home/runner/work/ozone/ozone/hadoop-ozone/integration-test/target/test-classes"/>
    <property name="java.awt.printerjob" value="sun.print.PSPrinterJob"/>
    <property name="sun.os.patch.level" value="unknown"/>
    <property name="hadoop.tmp.dir" value="/home/runner/work/ozone/ozone/hadoop-ozone/integration-test/target/tmp"/>
    <property name="java.library.path" value="/usr/java/packages/lib/amd64:/usr/lib64:/lib64:/lib:/usr/lib"/>
    <property name="java.vm.info" value="mixed mode"/>
    <property name="java.vendor" value="AdoptOpenJDK"/>
    <property name="java.vm.version" value="25.292-b10"/>
    <property name="java.ext.dirs" value="/usr/lib/jvm/adoptopenjdk-8-hotspot-amd64/jre/lib/ext:/usr/java/packages/lib/ext"/>
    <property name="sun.io.unicode.encoding" value="UnicodeLittle"/>
    <property name="java.class.version" value="52.0"/>
  </properties>
  <testcase name="test2DatanodesFailure" classname="org.apache.hadoop.ozone.client.rpc.TestBlockOutputStreamWithFailures" time="74.414"/>
  <testcase name="testDatanodeFailureWithPreAllocation" classname="org.apache.hadoop.ozone.client.rpc.TestBlockOutputStreamWithFailures" time="99.752"/>
  <testcase name="testDatanodeFailureWithSingleNodeRatis" classname="org.apache.hadoop.ozone.client.rpc.TestBlockOutputStreamWithFailures" time="300.076">
    <error message="test timed out after 300 seconds" type="org.junit.runners.model.TestTimedOutException">org.junit.runners.model.TestTimedOutException: test timed out after 300 seconds
	at java.lang.Object.wait(Native Method)
	at java.util.concurrent.ForkJoinTask.externalAwaitDone(ForkJoinTask.java:334)
	at java.util.concurrent.ForkJoinTask.doInvoke(ForkJoinTask.java:405)
	at java.util.concurrent.ForkJoinTask.invoke(ForkJoinTask.java:734)
	at java.util.stream.ForEachOps$ForEachOp.evaluateParallel(ForEachOps.java:159)
	at java.util.stream.ForEachOps$ForEachOp$OfRef.evaluateParallel(ForEachOps.java:173)
	at java.util.stream.AbstractPipeline.evaluate(AbstractPipeline.java:233)
	at java.util.stream.ReferencePipeline.forEach(ReferencePipeline.java:485)
	at java.util.stream.ReferencePipeline$Head.forEach(ReferencePipeline.java:650)
	at org.apache.hadoop.ozone.MiniOzoneClusterImpl.stopDatanodes(MiniOzoneClusterImpl.java:529)
	at org.apache.hadoop.ozone.MiniOzoneClusterImpl.stop(MiniOzoneClusterImpl.java:470)
	at org.apache.hadoop.ozone.MiniOzoneClusterImpl.shutdown(MiniOzoneClusterImpl.java:457)
	at org.apache.hadoop.ozone.client.rpc.TestBlockOutputStreamWithFailures.shutdown(TestBlockOutputStreamWithFailures.java:159)
	at sun.reflect.NativeMethodAccessorImpl.invoke0(Native Method)
	at sun.reflect.NativeMethodAccessorImpl.invoke(NativeMethodAccessorImpl.java:62)
	at sun.reflect.DelegatingMethodAccessorImpl.invoke(DelegatingMethodAccessorImpl.java:43)
	at java.lang.reflect.Method.invoke(Method.java:498)
	at org.junit.runners.model.FrameworkMethod$1.runReflectiveCall(FrameworkMethod.java:59)
	at org.junit.internal.runners.model.ReflectiveCallable.run(ReflectiveCallable.java:12)
	at org.junit.runners.model.FrameworkMethod.invokeExplosively(FrameworkMethod.java:56)
	at org.junit.internal.runners.statements.RunAfters.invokeMethod(RunAfters.java:46)
	at org.junit.internal.runners.statements.RunAfters.evaluate(RunAfters.java:33)
	at org.junit.internal.runners.statements.FailOnTimeout$CallableStatement.call(FailOnTimeout.java:288)
	at org.junit.internal.runners.statements.FailOnTimeout$CallableStatement.call(FailOnTimeout.java:282)
	at java.util.concurrent.FutureTask.run(FutureTask.java:266)
	at java.lang.Thread.run(Thread.java:748)
</error>
    <system-out><![CDATA[2021-10-28 01:49:12,579 [Time-limited test] WARN  server.ServerUtils (ServerUtils.java:getScmDbDir(148)) - ozone.scm.db.dirs is not configured. We recommend adding this setting. Falling back to ozone.metadata.dirs instead.
2021-10-28 01:49:12,601 [Time-limited test] INFO  ha.SCMHANodeDetails (SCMHANodeDetails.java:loadSCMHAConfig(157)) - ServiceID for StorageContainerManager is null
2021-10-28 01:49:12,601 [Time-limited test] INFO  ha.SCMHANodeDetails (SCMHANodeDetails.java:loadSCMHAConfig(162)) - ozone.scm.default.service.id is not defined, falling back to ozone.scm.service.ids to find serviceID for StorageContainerManager if it is HA enabled cluster
2021-10-28 01:49:12,601 [Time-limited test] WARN  server.ServerUtils (ServerUtils.java:getScmDbDir(148)) - ozone.scm.db.dirs is not configured. We recommend adding this setting. Falling back to ozone.metadata.dirs instead.
2021-10-28 01:49:12,602 [Time-limited test] INFO  upgrade.AbstractLayoutVersionManager (AbstractLayoutVersionManager.java:init(79)) - Initializing Layout version manager with metadata layout = SCM_HA (version = 2), software layout = SCM_HA (version = 2)
2021-10-28 01:49:12,709 [Time-limited test] INFO  reflections.Reflections (Reflections.java:scan(232)) - Reflections took 106 ms to scan 7 urls, producing 119 keys and 279 values 
2021-10-28 01:49:12,716 [Time-limited test] WARN  utils.HAUtils (HAUtils.java:getMetaDir(342)) - ozone.scm.db.dirs is not configured. We recommend adding this setting. Falling back to ozone.metadata.dirs instead.
2021-10-28 01:49:12,731 [Time-limited test] WARN  db.DBStoreBuilder (DBStoreBuilder.java:applyDBDefinition(145)) - ozone.scm.db.dirs is not configured. We recommend adding this setting. Falling back to ozone.metadata.dirs instead.
2021-10-28 01:49:13,142 [Time-limited test] INFO  net.NodeSchemaLoader (NodeSchemaLoader.java:loadSchemaFromFile(129)) - Loading schema from [jar:file:/home/runner/.m2/repository/org/apache/ozone/hdds-common/1.2.0-SNAPSHOT/hdds-common-1.2.0-SNAPSHOT.jar!/network-topology-default.xml]
2021-10-28 01:49:13,157 [Time-limited test] INFO  net.NodeSchemaLoader (NodeSchemaLoader.java:loadSchema(176)) - Loading network topology layer schema file
2021-10-28 01:49:13,179 [Time-limited test] WARN  impl.MetricRegistriesImpl (MetricRegistriesImpl.java:addReporterRegistration(111)) - New reporters are added after registries were created. Some metrics will be missing from the reporter. Please add reporter before adding any new registry.
2021-10-28 01:49:13,180 [Time-limited test] WARN  impl.MetricRegistriesImpl (MetricRegistriesImpl.java:addReporterRegistration(111)) - New reporters are added after registries were created. Some metrics will be missing from the reporter. Please add reporter before adding any new registry.
2021-10-28 01:49:13,180 [Time-limited test] INFO  ha.SequenceIdGenerator (SequenceIdGenerator.java:upgradeToSequenceId(347)) - upgrade localId to 107544261427200000
2021-10-28 01:49:13,180 [Time-limited test] INFO  ha.SequenceIdGenerator (SequenceIdGenerator.java:upgradeToSequenceId(357)) - upgrade delTxnId to 0
2021-10-28 01:49:13,187 [Time-limited test] INFO  ha.SequenceIdGenerator (SequenceIdGenerator.java:upgradeToSequenceId(371)) - upgrade containerId to 0
2021-10-28 01:49:13,187 [Time-limited test] INFO  ha.SequenceIdGenerator (SequenceIdGenerator.java:<init>(218)) - Init the HA SequenceIdGenerator.
2021-10-28 01:49:13,188 [Time-limited test] WARN  server.ServerUtils (ServerUtils.java:sanitizeUserArgs(67)) - ozone.scm.dead.node.interval value = 10000 is smaller than min = 20000 based on the key value of ozone.scm.stale.node.interval, reset to the min value 20000.
2021-10-28 01:49:13,253 [Time-limited test] INFO  node.SCMNodeManager (SCMNodeManager.java:<init>(144)) - Entering startup safe mode.
2021-10-28 01:49:13,253 [Time-limited test] INFO  algorithms.ContainerPlacementPolicyFactory (ContainerPlacementPolicyFactory.java:getPolicy(60)) - Create container placement policy of type org.apache.hadoop.hdds.scm.container.placement.algorithms.SCMContainerPlacementRandom
2021-10-28 01:49:13,254 [Time-limited test] INFO  pipeline.PipelineStateManagerImpl (PipelineStateManagerImpl.java:initialize(78)) - No pipeline exists in current db
2021-10-28 01:49:13,254 [Time-limited test] INFO  algorithms.LeaderChoosePolicyFactory (LeaderChoosePolicyFactory.java:getPolicy(57)) - Create leader choose policy of type org.apache.hadoop.hdds.scm.pipeline.leader.choose.algorithms.MinLeaderCountChoosePolicy
2021-10-28 01:49:13,254 [Time-limited test] INFO  ha.SCMServiceManager (SCMServiceManager.java:register(43)) - Registering service BackgroundPipelineCreator.
2021-10-28 01:49:13,254 [Time-limited test] INFO  pipeline.BackgroundPipelineCreator (BackgroundPipelineCreator.java:start(130)) - Starting RatisPipelineUtilsThread.
2021-10-28 01:49:13,268 [Time-limited test] INFO  algorithms.PipelineChoosePolicyFactory (PipelineChoosePolicyFactory.java:createPipelineChoosePolicyFromClass(73)) - Create pipeline choose policy of type org.apache.hadoop.hdds.scm.pipeline.choose.algorithms.RandomPipelineChoosePolicy
2021-10-28 01:49:13,268 [Time-limited test] INFO  ha.SCMServiceManager (SCMServiceManager.java:register(43)) - Registering service SCMBlockDeletingService.
2021-10-28 01:49:13,268 [Time-limited test] INFO  ha.SCMServiceManager (SCMServiceManager.java:register(43)) - Registering service ReplicationManager.
2021-10-28 01:49:13,268 [Time-limited test] INFO  container.ReplicationManager (ReplicationManager.java:start(319)) - Starting Replication Monitor Thread.
2021-10-28 01:49:13,295 [Time-limited test] INFO  safemode.ContainerSafeModeRule (ContainerSafeModeRule.java:<init>(89)) - containers with one replica threshold count 0
2021-10-28 01:49:13,296 [Time-limited test] INFO  safemode.HealthyPipelineSafeModeRule (HealthyPipelineSafeModeRule.java:initializeRule(156)) - Total pipeline count is 0, healthy pipeline threshold count is 1
2021-10-28 01:49:13,296 [Time-limited test] INFO  safemode.OneReplicaPipelineSafeModeRule (OneReplicaPipelineSafeModeRule.java:initializeRule(180)) - Total pipeline count is 0, pipeline's with at least one datanode reported threshold count is 0
2021-10-28 01:49:13,315 [Time-limited test] INFO  ipc.CallQueueManager (CallQueueManager.java:<init>(90)) - Using callQueue: class java.util.concurrent.LinkedBlockingQueue, queueCapacity: 2000, scheduler: class org.apache.hadoop.ipc.DefaultRpcScheduler, ipcBackoff: false.
2021-10-28 01:49:13,319 [Socket Reader #1 for port 0] INFO  ipc.Server (Server.java:run(1265)) - Starting Socket Reader #1 for port 0
2021-10-28 01:49:13,367 [ReplicationMonitor] INFO  container.ReplicationManager (ReplicationManager.java:processAll(371)) - Replication Monitor Thread took 0 milliseconds for processing 0 containers.
2021-10-28 01:49:13,392 [Listener at 0.0.0.0/37905] INFO  ipc.CallQueueManager (CallQueueManager.java:<init>(90)) - Using callQueue: class java.util.concurrent.LinkedBlockingQueue, queueCapacity: 2000, scheduler: class org.apache.hadoop.ipc.DefaultRpcScheduler, ipcBackoff: false.
2021-10-28 01:49:13,416 [Socket Reader #1 for port 0] INFO  ipc.Server (Server.java:run(1265)) - Starting Socket Reader #1 for port 0
2021-10-28 01:49:13,420 [Listener at 0.0.0.0/41595] INFO  ipc.CallQueueManager (CallQueueManager.java:<init>(90)) - Using callQueue: class java.util.concurrent.LinkedBlockingQueue, queueCapacity: 2000, scheduler: class org.apache.hadoop.ipc.DefaultRpcScheduler, ipcBackoff: false.
2021-10-28 01:49:13,428 [Socket Reader #1 for port 0] INFO  ipc.Server (Server.java:run(1265)) - Starting Socket Reader #1 for port 0
2021-10-28 01:49:13,516 [Listener at 0.0.0.0/37815] INFO  algorithms.ContainerPlacementPolicyFactory (ContainerPlacementPolicyFactory.java:getPolicy(60)) - Create container placement policy of type org.apache.hadoop.hdds.scm.container.placement.algorithms.SCMContainerPlacementRandom
2021-10-28 01:49:13,517 [Listener at 0.0.0.0/37815] INFO  server.StorageContainerManager (StorageContainerManager.java:<init>(388)) - 
Container Balancer status:
Key                            Value
Running                        false
Container Balancer Configuration values:
Key                                                Value
Threshold                                          0.1
Max Datanodes to Involve per Iteration(ratio)      0.2
Max Size to Move per Iteration                     32212254720B

2021-10-28 01:49:13,520 [Listener at 0.0.0.0/37815] WARN  events.EventQueue (EventQueue.java:fireEvent(194)) - No event handler registered for event TypedEvent{payloadType=SafeModeStatus, name='Safe mode status'}
2021-10-28 01:49:13,520 [Listener at 0.0.0.0/37815] INFO  ha.SCMContext (SCMContext.java:updateSafeModeStatus(205)) - Update SafeModeStatus from SafeModeStatus{safeModeStatus=true, preCheckPassed=false} to SafeModeStatus{safeModeStatus=true, preCheckPassed=false}.
2021-10-28 01:49:13,520 [Listener at 0.0.0.0/37815] INFO  server.StorageContainerManager (StorageContainerManager.java:start(1303)) - StorageContainerLocationProtocol RPC server is listening at /0.0.0.0:37815
2021-10-28 01:49:13,522 [Listener at 0.0.0.0/37815] WARN  impl.MetricsConfig (MetricsConfig.java:loadFirst(136)) - Cannot locate configuration: tried hadoop-metrics2-storagecontainermanager.properties,hadoop-metrics2.properties
2021-10-28 01:49:13,523 [Listener at 0.0.0.0/37815] INFO  impl.MetricsSystemImpl (MetricsSystemImpl.java:startTimer(378)) - Scheduled Metric snapshot period at 10 second(s).
2021-10-28 01:49:13,523 [Listener at 0.0.0.0/37815] INFO  impl.MetricsSystemImpl (MetricsSystemImpl.java:start(191)) - StorageContainerManager metrics system started
2021-10-28 01:49:13,567 [Listener at 0.0.0.0/37815] INFO  impl.MetricsSinkAdapter (MetricsSinkAdapter.java:start(204)) - Sink prometheus started
2021-10-28 01:49:13,567 [Listener at 0.0.0.0/37815] INFO  impl.MetricsSystemImpl (MetricsSystemImpl.java:registerSink(305)) - Registered sink prometheus
2021-10-28 01:49:13,621 [Listener at 0.0.0.0/37815] INFO  server.SCMClientProtocolServer (SCMClientProtocolServer.java:start(164)) - RPC server for Client  is listening at /0.0.0.0:37815
2021-10-28 01:49:13,635 [IPC Server Responder] INFO  ipc.Server (Server.java:run(1507)) - IPC Server Responder: starting
2021-10-28 01:49:13,646 [IPC Server listener on 0] INFO  ipc.Server (Server.java:run(1344)) - IPC Server listener on 0: starting
2021-10-28 01:49:13,649 [Listener at 0.0.0.0/37815] INFO  server.StorageContainerManager (StorageContainerManager.java:start(1318)) - ScmBlockLocationProtocol RPC server is listening at /0.0.0.0:41595
2021-10-28 01:49:13,649 [Listener at 0.0.0.0/37815] INFO  server.SCMBlockProtocolServer (SCMBlockProtocolServer.java:start(151)) - RPC server for Block Protocol is listening at /0.0.0.0:41595
2021-10-28 01:49:13,650 [IPC Server Responder] INFO  ipc.Server (Server.java:run(1507)) - IPC Server Responder: starting
2021-10-28 01:49:13,651 [IPC Server listener on 0] INFO  ipc.Server (Server.java:run(1344)) - IPC Server listener on 0: starting
2021-10-28 01:49:13,828 [Listener at 0.0.0.0/37815] INFO  server.StorageContainerManager (StorageContainerManager.java:start(1324)) - ScmDatanodeProtocl RPC server is listening at /0.0.0.0:37905
2021-10-28 01:49:13,828 [Listener at 0.0.0.0/37815] INFO  server.SCMDatanodeProtocolServer (SCMDatanodeProtocolServer.java:start(181)) - RPC server for DataNodes is listening at /0.0.0.0:37905
2021-10-28 01:49:13,829 [IPC Server Responder] INFO  ipc.Server (Server.java:run(1507)) - IPC Server Responder: starting
2021-10-28 01:49:13,829 [IPC Server listener on 0] INFO  ipc.Server (Server.java:run(1344)) - IPC Server listener on 0: starting
2021-10-28 01:49:13,875 [Listener at 0.0.0.0/37815] INFO  http.BaseHttpServer (BaseHttpServer.java:newHttpServer2BuilderForOzone(209)) - Starting Web-server for scm at: http://0.0.0.0:0
2021-10-28 01:49:13,875 [Listener at 0.0.0.0/37815] INFO  http.BaseHttpServer (BaseHttpServer.java:<init>(107)) - Hadoop Security Enabled: false Ozone Security Enabled: false Ozone HTTP Security Enabled: false 
2021-10-28 01:49:13,876 [Listener at 0.0.0.0/37815] INFO  server.AuthenticationFilter (AuthenticationFilter.java:constructSecretProvider(240)) - Unable to initialize FileSignerSecretProvider, falling back to use random secrets.
2021-10-28 01:49:13,899 [Listener at 0.0.0.0/37815] WARN  http.HttpRequestLog (HttpRequestLog.java:getRequestLog(103)) - Jetty request log can only be enabled using Log4j
2021-10-28 01:49:13,900 [Listener at 0.0.0.0/37815] INFO  http.HttpServer2 (HttpServer2.java:addGlobalFilter(1030)) - Added global filter 'safety' (class=org.apache.hadoop.hdds.server.http.HttpServer2$QuotingInputFilter)
2021-10-28 01:49:13,900 [Listener at 0.0.0.0/37815] INFO  http.HttpServer2 (HttpServer2.java:addFilter(1006)) - Added filter static_user_filter (class=org.apache.hadoop.http.lib.StaticUserWebFilter$StaticUserFilter) to context scm
2021-10-28 01:49:13,900 [Listener at 0.0.0.0/37815] INFO  http.HttpServer2 (HttpServer2.java:addFilter(1014)) - Added filter static_user_filter (class=org.apache.hadoop.http.lib.StaticUserWebFilter$StaticUserFilter) to context logs
2021-10-28 01:49:13,900 [Listener at 0.0.0.0/37815] INFO  http.HttpServer2 (HttpServer2.java:addFilter(1014)) - Added filter static_user_filter (class=org.apache.hadoop.http.lib.StaticUserWebFilter$StaticUserFilter) to context static
2021-10-28 01:49:13,901 [Listener at 0.0.0.0/37815] INFO  http.HttpServer2 (HttpServer2.java:bindListener(1249)) - Jetty bound to port 44019
2021-10-28 01:49:13,901 [Listener at 0.0.0.0/37815] INFO  server.Server (Server.java:doStart(375)) - jetty-9.4.43.v20210629; built: 2021-06-30T11:07:22.254Z; git: 526006ecfa3af7f1a27ef3a288e2bef7ea9dd7e8; jvm 1.8.0_292-b10
2021-10-28 01:49:13,915 [Listener at 0.0.0.0/37815] INFO  server.session (DefaultSessionIdManager.java:doStart(334)) - DefaultSessionIdManager workerName=node0
2021-10-28 01:49:13,915 [Listener at 0.0.0.0/37815] INFO  server.session (DefaultSessionIdManager.java:doStart(339)) - No SessionScavenger set, using defaults
2021-10-28 01:49:13,915 [Listener at 0.0.0.0/37815] INFO  server.session (HouseKeeper.java:startScavenging(132)) - node0 Scavenging every 600000ms
2021-10-28 01:49:13,916 [Listener at 0.0.0.0/37815] INFO  handler.ContextHandler (ContextHandler.java:doStart(915)) - Started o.e.j.s.ServletContextHandler@49e15244{logs,/logs,file:///home/runner/work/ozone/ozone/hadoop-ozone/integration-test/target/log,AVAILABLE}
2021-10-28 01:49:13,916 [Listener at 0.0.0.0/37815] INFO  handler.ContextHandler (ContextHandler.java:doStart(915)) - Started o.e.j.s.ServletContextHandler@53ed7d63{static,/static,file:///home/runner/work/ozone/ozone/hadoop-ozone/integration-test/target/test-classes/webapps/static,AVAILABLE}
2021-10-28 01:49:13,919 [Listener at 0.0.0.0/37815] INFO  handler.ContextHandler (ContextHandler.java:doStart(915)) - Started o.e.j.w.WebAppContext@5661901d{scm,/,file:///home/runner/work/ozone/ozone/hadoop-ozone/integration-test/target/test-classes/webapps/scm/,AVAILABLE}{file:/home/runner/work/ozone/ozone/hadoop-ozone/integration-test/target/test-classes/webapps/scm}
2021-10-28 01:49:13,929 [org.apache.hadoop.util.JvmPauseMonitor$Monitor@5c81f599] INFO  util.JvmPauseMonitor (JvmPauseMonitor.java:run(188)) - Starting JVM pause monitor
2021-10-28 01:49:13,955 [Listener at 0.0.0.0/37815] INFO  server.AbstractConnector (AbstractConnector.java:doStart(331)) - Started ServerConnector@3a9f0bd7{HTTP/1.1, (http/1.1)}{0.0.0.0:44019}
2021-10-28 01:49:13,955 [Listener at 0.0.0.0/37815] INFO  server.Server (Server.java:doStart(415)) - Started @176523ms
2021-10-28 01:49:13,955 [Listener at 0.0.0.0/37815] WARN  impl.MetricsSystemImpl (MetricsSystemImpl.java:register(279)) - Sink prometheus already exists!
2021-10-28 01:49:13,957 [Listener at 0.0.0.0/37815] INFO  http.BaseHttpServer (BaseHttpServer.java:updateConnectorAddress(329)) - HTTP server of scm listening at http://0.0.0.0:44019
2021-10-28 01:49:13,957 [Listener at 0.0.0.0/37815] WARN  server.ServerUtils (ServerUtils.java:getDBPath(225)) - ozone.om.db.dirs is not configured. We recommend adding this setting. Falling back to ozone.metadata.dirs instead.
2021-10-28 01:49:13,966 [Listener at 0.0.0.0/37815] INFO  ha.OMHANodeDetails (OMHANodeDetails.java:loadOMHAConfig(112)) - ozone.om.internal.service.id is not defined, falling back to ozone.om.service.ids to find serviceID for OzoneManager if it is HA enabled cluster
2021-10-28 01:49:13,967 [Listener at 0.0.0.0/37815] INFO  ha.OMHANodeDetails (OMHANodeDetails.java:loadOMHAConfig(219)) - Configuration does not have ozone.om.address set. Falling back to the default OM address /127.0.0.1:0
2021-10-28 01:49:13,967 [Listener at 0.0.0.0/37815] INFO  ha.OMHANodeDetails (OMHANodeDetails.java:getOMNodeDetails(247)) - OM Service ID is not set. Setting it to the default ID: omServiceIdDefault
2021-10-28 01:49:13,967 [Listener at 0.0.0.0/37815] INFO  ha.OMHANodeDetails (OMHANodeDetails.java:getOMNodeDetails(254)) - OM Node ID is not set. Setting it to the default ID: om1
2021-10-28 01:49:13,967 [Listener at 0.0.0.0/37815] WARN  server.ServerUtils (ServerUtils.java:getDBPath(225)) - ozone.om.db.dirs is not configured. We recommend adding this setting. Falling back to ozone.metadata.dirs instead.
2021-10-28 01:49:13,967 [Listener at 0.0.0.0/37815] INFO  upgrade.AbstractLayoutVersionManager (AbstractLayoutVersionManager.java:init(79)) - Initializing Layout version manager with metadata layout = INITIAL_VERSION (version = 0), software layout = INITIAL_VERSION (version = 0)
2021-10-28 01:49:14,105 [Listener at 0.0.0.0/37815] INFO  reflections.Reflections (Reflections.java:scan(232)) - Reflections took 137 ms to scan 2 urls, producing 131 keys and 342 values [using 2 cores]
2021-10-28 01:49:14,106 [Listener at 0.0.0.0/37815] INFO  upgrade.OMLayoutVersionManager (OMLayoutVersionManager.java:lambda$0(115)) - Skipping Upgrade Action MockOmUpgradeAction since it has been finalized.
2021-10-28 01:49:14,106 [Listener at 0.0.0.0/37815] WARN  server.ServerUtils (ServerUtils.java:getDBPath(225)) - ozone.om.db.dirs is not configured. We recommend adding this setting. Falling back to ozone.metadata.dirs instead.
2021-10-28 01:49:14,281 [Listener at 0.0.0.0/37815] WARN  server.ServerUtils (ServerUtils.java:getDBPath(225)) - ozone.om.db.dirs is not configured. We recommend adding this setting. Falling back to ozone.metadata.dirs instead.
2021-10-28 01:49:14,292 [Listener at 0.0.0.0/37815] INFO  codec.OmKeyInfoCodec (OmKeyInfoCodec.java:<init>(51)) - OmKeyInfoCodec ignorePipeline = true
2021-10-28 01:49:14,300 [Listener at 0.0.0.0/37815] INFO  codec.RepeatedOmKeyInfoCodec (RepeatedOmKeyInfoCodec.java:<init>(42)) - RepeatedOmKeyInfoCodec ignorePipeline = true
2021-10-28 01:49:14,648 [Listener at 0.0.0.0/37815] INFO  om.OzoneManager (OzoneManager.java:addS3GVolumeToDB(3393)) - Created Volume s3v With Owner runner required for S3Gateway operations.
2021-10-28 01:49:14,648 [Listener at 0.0.0.0/37815] WARN  server.ServerUtils (ServerUtils.java:getDefaultRatisDirectory(237)) - Storage directory for Ratis is not configured. It is a good idea to map this to an SSD disk. Falling back to ozone.metadata.dirs
2021-10-28 01:49:14,649 [Listener at 0.0.0.0/37815] WARN  utils.OzoneManagerRatisUtils (OzoneManagerRatisUtils.java:getOMRatisSnapshotDirectory(435)) - ozone.om.ratis.snapshot.dir is not configured. Falling back to ozone.metadata.dirs config
2021-10-28 01:49:14,676 [Listener at 0.0.0.0/37815] WARN  impl.MetricRegistriesImpl (MetricRegistriesImpl.java:addReporterRegistration(111)) - New reporters are added after registries were created. Some metrics will be missing from the reporter. Please add reporter before adding any new registry.
2021-10-28 01:49:14,676 [Listener at 0.0.0.0/37815] WARN  impl.MetricRegistriesImpl (MetricRegistriesImpl.java:addReporterRegistration(111)) - New reporters are added after registries were created. Some metrics will be missing from the reporter. Please add reporter before adding any new registry.
2021-10-28 01:49:14,676 [Listener at 0.0.0.0/37815] WARN  server.ServerUtils (ServerUtils.java:getDefaultRatisDirectory(237)) - Storage directory for Ratis is not configured. It is a good idea to map this to an SSD disk. Falling back to ozone.metadata.dirs
2021-10-28 01:49:14,679 [Listener at 0.0.0.0/37815] INFO  ratis.OzoneManagerRatisServer (OzoneManagerRatisServer.java:<init>(159)) - Instantiating OM Ratis server with groupID: omServiceIdDefault and peers: localhost:9872
2021-10-28 01:49:14,722 [Listener at 0.0.0.0/37815] INFO  ratis.OzoneManagerStateMachine (OzoneManagerStateMachine.java:loadSnapshotInfoFromDB(605)) - LastAppliedIndex is set from TransactionInfo from OM DB as (t:0, i:~)
2021-10-28 01:49:14,732 [Listener at 0.0.0.0/37815] INFO  server.RaftServer (ConfUtils.java:logGet(44)) - raft.rpc.type = GRPC (default)
2021-10-28 01:49:14,732 [Listener at 0.0.0.0/37815] INFO  grpc.GrpcFactory (GrpcFactory.java:checkPooledByteBufAllocatorUseCacheForAllThreads(48)) - PERFORMANCE WARNING: useCacheForAllThreads is true that may cause Netty to create a lot garbage objects and, as a result, trigger GC.
	It is recommended to disable useCacheForAllThreads by setting -Dorg.apache.ratis.thirdparty.io.netty.allocator.useCacheForAllThreads=false in command line.
2021-10-28 01:49:14,736 [Listener at 0.0.0.0/37815] INFO  grpc.GrpcConfigKeys (ConfUtils.java:logGet(44)) - raft.grpc.admin.port = -1 (default)
2021-10-28 01:49:14,736 [Listener at 0.0.0.0/37815] INFO  grpc.GrpcConfigKeys (ConfUtils.java:logGet(44)) - raft.grpc.server.port = 9872 (custom)
2021-10-28 01:49:14,736 [Listener at 0.0.0.0/37815] INFO  grpc.GrpcConfigKeys (ConfUtils.java:logGet(44)) - raft.grpc.client.port = -1 (default)
2021-10-28 01:49:14,736 [Listener at 0.0.0.0/37815] INFO  grpc.GrpcConfigKeys (ConfUtils.java:logGet(44)) - raft.grpc.server.port = 9872 (custom)
2021-10-28 01:49:14,736 [Listener at 0.0.0.0/37815] INFO  grpc.GrpcConfigKeys (ConfUtils.java:logGet(44)) - raft.grpc.server.port = 9872 (custom)
2021-10-28 01:49:14,736 [Listener at 0.0.0.0/37815] INFO  server.GrpcService (ConfUtils.java:logGet(44)) - raft.grpc.message.size.max = 33554432 (custom)
2021-10-28 01:49:14,736 [Listener at 0.0.0.0/37815] INFO  server.RaftServerConfigKeys (ConfUtils.java:logGet(44)) - raft.server.log.appender.buffer.byte-limit = 33554432 (custom)
2021-10-28 01:49:14,736 [Listener at 0.0.0.0/37815] INFO  server.GrpcService (ConfUtils.java:logGet(44)) - raft.grpc.flow.control.window = 1MB (=1048576) (default)
2021-10-28 01:49:14,736 [Listener at 0.0.0.0/37815] INFO  server.RaftServerConfigKeys (ConfUtils.java:logGet(44)) - raft.server.rpc.request.timeout = 3000ms (default)
2021-10-28 01:49:14,738 [Listener at 0.0.0.0/37815] INFO  impl.DataStreamServerImpl (ConfUtils.java:logGet(44)) - raft.datastream.type = DISABLED (default)
2021-10-28 01:49:14,746 [Listener at 0.0.0.0/37815] INFO  server.RaftServerConfigKeys (ConfUtils.java:logGet(44)) - raft.server.rpc.slowness.timeout = 120s (custom)
2021-10-28 01:49:14,746 [Listener at 0.0.0.0/37815] INFO  server.RaftServerConfigKeys (ConfUtils.java:logGet(44)) - raft.server.leaderelection.leader.step-down.wait-time = 10s (default)
2021-10-28 01:49:14,747 [Listener at 0.0.0.0/37815] INFO  server.RaftServerConfigKeys (ConfUtils.java:logGet(44)) - raft.server.storage.dir = [/home/runner/work/ozone/ozone/hadoop-ozone/integration-test/target/test-dir/MiniOzoneClusterImpl-0566475b-15f3-492a-9b28-f78457f271af/ozone-meta/ratis] (custom)
2021-10-28 01:49:14,755 [Listener at 0.0.0.0/37815] INFO  server.RaftServer (RaftServerProxy.java:addNew(95)) - om1: addNew group-C5BA1605619E:[om1|rpc:localhost:9872|priority:0] returns group-C5BA1605619E:java.util.concurrent.CompletableFuture@251bc653[Not completed]
2021-10-28 01:49:14,755 [Listener at 0.0.0.0/37815] INFO  om.OzoneManager (OzoneManager.java:initializeRatisServer(1592)) - OzoneManager Ratis server initialized at port 9872
2021-10-28 01:49:14,755 [pool-492-thread-1] INFO  server.RaftServer$Division (RaftServerImpl.java:<init>(184)) - om1: new RaftServerImpl for group-C5BA1605619E:[om1|rpc:localhost:9872|priority:0] with OzoneManagerStateMachine:uninitialized
2021-10-28 01:49:14,788 [Listener at 0.0.0.0/37815] INFO  ipc.CallQueueManager (CallQueueManager.java:<init>(90)) - Using callQueue: class java.util.concurrent.LinkedBlockingQueue, queueCapacity: 2000, scheduler: class org.apache.hadoop.ipc.DefaultRpcScheduler, ipcBackoff: false.
2021-10-28 01:49:14,823 [Socket Reader #1 for port 0] INFO  ipc.Server (Server.java:run(1265)) - Starting Socket Reader #1 for port 0
2021-10-28 01:49:14,855 [pool-492-thread-1] INFO  server.RaftServerConfigKeys (ConfUtils.java:logGet(44)) - raft.server.rpc.timeout.min = 1s (custom)
2021-10-28 01:49:14,855 [pool-492-thread-1] INFO  server.RaftServerConfigKeys (ConfUtils.java:logGet(44)) - raft.server.rpc.timeout.max = 1200ms (custom)
2021-10-28 01:49:14,855 [pool-492-thread-1] INFO  server.RaftServerConfigKeys (ConfUtils.java:logGet(44)) - raft.server.rpc.sleep.time = 25ms (default)
2021-10-28 01:49:14,855 [pool-492-thread-1] INFO  server.RaftServerConfigKeys (ConfUtils.java:logGet(44)) - raft.server.rpc.slowness.timeout = 120s (custom)
2021-10-28 01:49:14,856 [pool-492-thread-1] INFO  server.RaftServerConfigKeys (ConfUtils.java:logGet(44)) - raft.server.leaderelection.leader.step-down.wait-time = 10s (default)
2021-10-28 01:49:14,856 [pool-492-thread-1] INFO  server.RaftServerConfigKeys (ConfUtils.java:logGet(44)) - raft.server.sleep.deviation.threshold = 300ms (default)
2021-10-28 01:49:14,856 [pool-492-thread-1] INFO  server.RaftServerConfigKeys (ConfUtils.java:logGet(44)) - raft.server.log.appender.install.snapshot.enabled = false (custom)
2021-10-28 01:49:14,856 [pool-492-thread-1] INFO  server.RaftServer$Division (ServerState.java:<init>(105)) - om1@group-C5BA1605619E: ConfigurationManager, init=-1: [om1|rpc:localhost:9872|priority:0], old=null, confs=<EMPTY_MAP>
2021-10-28 01:49:14,856 [pool-492-thread-1] INFO  server.RaftServerConfigKeys (ConfUtils.java:logGet(44)) - raft.server.storage.dir = [/home/runner/work/ozone/ozone/hadoop-ozone/integration-test/target/test-dir/MiniOzoneClusterImpl-0566475b-15f3-492a-9b28-f78457f271af/ozone-meta/ratis] (custom)
2021-10-28 01:49:14,856 [pool-492-thread-1] INFO  server.RaftServerConfigKeys (ConfUtils.java:logGet(44)) - raft.server.log.corruption.policy = EXCEPTION (default)
2021-10-28 01:49:14,856 [pool-492-thread-1] INFO  server.RaftServerConfigKeys (ConfUtils.java:logGet(44)) - raft.server.storage.free-space.min = 0MB (=0) (default)
2021-10-28 01:49:14,856 [pool-492-thread-1] INFO  storage.RaftStorageDirectory (RaftStorageDirectoryImpl.java:analyzeStorage(135)) - The storage directory /home/runner/work/ozone/ozone/hadoop-ozone/integration-test/target/test-dir/MiniOzoneClusterImpl-0566475b-15f3-492a-9b28-f78457f271af/ozone-meta/ratis/bf265839-605b-3f16-9796-c5ba1605619e does not exist. Creating ...
2021-10-28 01:49:14,857 [pool-492-thread-1] INFO  storage.RaftStorageDirectory (RaftStorageDirectoryImpl.java:tryLock(230)) - Lock on /home/runner/work/ozone/ozone/hadoop-ozone/integration-test/target/test-dir/MiniOzoneClusterImpl-0566475b-15f3-492a-9b28-f78457f271af/ozone-meta/ratis/bf265839-605b-3f16-9796-c5ba1605619e/in_use.lock acquired by nodename 734@fv-az270-135
2021-10-28 01:49:14,870 [pool-492-thread-1] INFO  storage.RaftStorage (RaftStorageImpl.java:format(89)) - Storage directory /home/runner/work/ozone/ozone/hadoop-ozone/integration-test/target/test-dir/MiniOzoneClusterImpl-0566475b-15f3-492a-9b28-f78457f271af/ozone-meta/ratis/bf265839-605b-3f16-9796-c5ba1605619e has been successfully formatted.
2021-10-28 01:49:14,870 [pool-492-thread-1] INFO  server.RaftServerConfigKeys (ConfUtils.java:logGet(44)) - raft.server.notification.no-leader.timeout = 120s (custom)
2021-10-28 01:49:14,870 [pool-492-thread-1] INFO  server.RaftServerConfigKeys (ConfUtils.java:logGet(44)) - raft.server.log.use.memory = false (default)
2021-10-28 01:49:14,870 [pool-492-thread-1] INFO  server.RaftServerConfigKeys (ConfUtils.java:logGet(44)) - raft.server.log.purge.gap = 1000000 (custom)
2021-10-28 01:49:14,870 [pool-492-thread-1] INFO  server.RaftServerConfigKeys (ConfUtils.java:logGet(44)) - raft.server.log.appender.buffer.byte-limit = 33554432 (custom)
2021-10-28 01:49:14,870 [pool-492-thread-1] INFO  server.RaftServerConfigKeys (ConfUtils.java:logGet(44)) - raft.server.log.segment.size.max = 4194304 (custom)
2021-10-28 01:49:14,871 [pool-492-thread-1] INFO  server.RaftServerConfigKeys (ConfUtils.java:logGet(44)) - raft.server.log.segment.cache.num.max = 2 (custom)
2021-10-28 01:49:14,871 [pool-492-thread-1] INFO  server.RaftServerConfigKeys (ConfUtils.java:logGet(44)) - raft.server.log.segment.cache.size.max = 200MB (=209715200) (default)
2021-10-28 01:49:14,871 [pool-492-thread-1] INFO  segmented.SegmentedRaftLogWorker (SegmentedRaftLogWorker.java:<init>(182)) - new om1@group-C5BA1605619E-SegmentedRaftLogWorker for RaftStorageImpl:Storage Directory /home/runner/work/ozone/ozone/hadoop-ozone/integration-test/target/test-dir/MiniOzoneClusterImpl-0566475b-15f3-492a-9b28-f78457f271af/ozone-meta/ratis/bf265839-605b-3f16-9796-c5ba1605619e
2021-10-28 01:49:14,871 [pool-492-thread-1] INFO  server.RaftServerConfigKeys (ConfUtils.java:logGet(44)) - raft.server.log.queue.byte-limit = 64MB (=67108864) (default)
2021-10-28 01:49:14,871 [pool-492-thread-1] INFO  server.RaftServerConfigKeys (ConfUtils.java:logGet(44)) - raft.server.log.queue.element-limit = 4096 (default)
2021-10-28 01:49:14,871 [pool-492-thread-1] INFO  server.RaftServerConfigKeys (ConfUtils.java:logGet(44)) - raft.server.log.segment.size.max = 4194304 (custom)
2021-10-28 01:49:14,871 [pool-492-thread-1] INFO  server.RaftServerConfigKeys (ConfUtils.java:logGet(44)) - raft.server.log.preallocated.size = 4194304 (custom)
2021-10-28 01:49:14,871 [pool-492-thread-1] INFO  server.RaftServerConfigKeys (ConfUtils.java:logGet(44)) - raft.server.log.force.sync.num = 128 (default)
2021-10-28 01:49:14,871 [pool-492-thread-1] INFO  server.RaftServerConfigKeys (ConfUtils.java:logGet(44)) - raft.server.log.statemachine.data.sync = true (default)
2021-10-28 01:49:14,871 [pool-492-thread-1] INFO  server.RaftServerConfigKeys (ConfUtils.java:logGet(44)) - raft.server.log.statemachine.data.sync.timeout = 10s (default)
2021-10-28 01:49:14,871 [pool-492-thread-1] INFO  server.RaftServerConfigKeys (ConfUtils.java:logGet(44)) - raft.server.log.statemachine.data.sync.timeout.retry = -1 (default)
2021-10-28 01:49:14,872 [pool-492-thread-1] INFO  server.RaftServerConfigKeys (ConfUtils.java:logGet(44)) - raft.server.log.write.buffer.size = 64KB (=65536) (default)
2021-10-28 01:49:14,872 [pool-492-thread-1] INFO  server.RaftServerConfigKeys (ConfUtils.java:logGet(44)) - raft.server.log.statemachine.data.caching.enabled = false (default)
2021-10-28 01:49:14,872 [pool-492-thread-1] INFO  segmented.SegmentedRaftLogWorker (SegmentedRaftLogWorker.java:lambda$new$0(133)) - om1@group-C5BA1605619E-SegmentedRaftLogWorker: flushIndex: setUnconditionally 0 -> -1
2021-10-28 01:49:14,872 [pool-492-thread-1] INFO  segmented.SegmentedRaftLogWorker (SegmentedRaftLogWorker.java:lambda$new$0(133)) - om1@group-C5BA1605619E-SegmentedRaftLogWorker: safeCacheEvictIndex: setUnconditionally 0 -> -1
2021-10-28 01:49:14,893 [Listener at 127.0.0.1/46475] INFO  om.OzoneManager (OzoneManager.java:initFSOLayout(3599)) - Configured ozone.om.metadata.layout=SIMPLE and disabled optimized OM FS operations
2021-10-28 01:49:14,894 [pool-492-thread-1] INFO  server.RaftServerConfigKeys (ConfUtils.java:logGet(44)) - raft.server.snapshot.auto.trigger.enabled = true (custom)
2021-10-28 01:49:14,895 [pool-492-thread-1] INFO  server.RaftServerConfigKeys (ConfUtils.java:logGet(44)) - raft.server.snapshot.auto.trigger.threshold = 400000 (default)
2021-10-28 01:49:14,895 [pool-492-thread-1] INFO  server.RaftServerConfigKeys (ConfUtils.java:logGet(44)) - raft.server.snapshot.retention.file.num = -1 (default)
2021-10-28 01:49:14,895 [pool-492-thread-1] INFO  server.RaftServerConfigKeys (ConfUtils.java:logGet(44)) - raft.server.log.purge.upto.snapshot.index = true (custom)
2021-10-28 01:49:14,895 [pool-492-thread-1] INFO  server.RaftServerConfigKeys (ConfUtils.java:logGet(44)) - raft.server.retrycache.expirytime = 300s (custom)
2021-10-28 01:49:14,895 [pool-492-thread-1] INFO  server.RaftServerConfigKeys (ConfUtils.java:logGet(44)) - raft.server.retrycache.statistics.expirytime = 100μs (default)
2021-10-28 01:49:14,897 [Listener at 127.0.0.1/46475] INFO  impl.MetricsSystemImpl (MetricsSystemImpl.java:init(158)) - OzoneManager metrics system started (again)
2021-10-28 01:49:14,930 [Listener at 127.0.0.1/46475] INFO  om.OzoneManager (OzoneManager.java:start(1288)) - OzoneManager RPC server is listening at localhost/127.0.0.1:46475
2021-10-28 01:49:14,931 [Listener at 127.0.0.1/46475] INFO  ratis.OzoneManagerRatisServer (OzoneManagerRatisServer.java:start(520)) - Starting OzoneManagerRatisServer om1 at port 9872
2021-10-28 01:49:14,931 [Listener at 127.0.0.1/46475] INFO  server.RaftServer$Division (RaftServerImpl.java:start(301)) - om1@group-C5BA1605619E: start as a follower, conf=-1: [om1|rpc:localhost:9872|priority:0], old=null
2021-10-28 01:49:14,931 [Listener at 127.0.0.1/46475] INFO  server.RaftServer$Division (RaftServerImpl.java:setRole(290)) - om1@group-C5BA1605619E: changes role from      null to FOLLOWER at term 0 for startAsFollower
2021-10-28 01:49:14,931 [Listener at 127.0.0.1/46475] INFO  impl.RoleInfo (RoleInfo.java:updateAndGet(130)) - om1: start om1@group-C5BA1605619E-FollowerState
2021-10-28 01:49:14,931 [Listener at 127.0.0.1/46475] INFO  util.JmxRegister (JmxRegister.java:tryRegister(44)) - Successfully registered JMX Bean with object name Ratis:service=RaftServer,group=group-C5BA1605619E,id=om1
2021-10-28 01:49:14,932 [Listener at 127.0.0.1/46475] INFO  server.RaftServer (RaftServerProxy.java:lambda$start$5(374)) - om1: start RPC server
2021-10-28 01:49:14,933 [Listener at 127.0.0.1/46475] INFO  server.GrpcService (GrpcService.java:startImpl(253)) - om1: GrpcService started, listening on 9872
2021-10-28 01:49:14,933 [Listener at 127.0.0.1/46475] INFO  om.OzoneManager (OzoneManager.java:start(1306)) - Version File has different layout version (0) than OM DB (null). That is expected if this OM has never been finalized to a newer layout version.
2021-10-28 01:49:14,934 [org.apache.ratis.util.JvmPauseMonitor$$Lambda$531/277938555@3742e488] INFO  util.JvmPauseMonitor (JvmPauseMonitor.java:run(103)) - JvmPauseMonitor-om1: Started
2021-10-28 01:49:14,979 [Listener at 127.0.0.1/46475] INFO  http.BaseHttpServer (BaseHttpServer.java:newHttpServer2BuilderForOzone(209)) - Starting Web-server for ozoneManager at: http://0.0.0.0:0
2021-10-28 01:49:14,980 [Listener at 127.0.0.1/46475] INFO  http.BaseHttpServer (BaseHttpServer.java:<init>(107)) - Hadoop Security Enabled: false Ozone Security Enabled: false Ozone HTTP Security Enabled: false 
2021-10-28 01:49:14,989 [Listener at 127.0.0.1/46475] INFO  server.AuthenticationFilter (AuthenticationFilter.java:constructSecretProvider(240)) - Unable to initialize FileSignerSecretProvider, falling back to use random secrets.
2021-10-28 01:49:14,989 [Listener at 127.0.0.1/46475] WARN  http.HttpRequestLog (HttpRequestLog.java:getRequestLog(103)) - Jetty request log can only be enabled using Log4j
2021-10-28 01:49:14,990 [Listener at 127.0.0.1/46475] INFO  http.HttpServer2 (HttpServer2.java:addGlobalFilter(1030)) - Added global filter 'safety' (class=org.apache.hadoop.hdds.server.http.HttpServer2$QuotingInputFilter)
2021-10-28 01:49:14,990 [Listener at 127.0.0.1/46475] INFO  http.HttpServer2 (HttpServer2.java:addFilter(1006)) - Added filter static_user_filter (class=org.apache.hadoop.http.lib.StaticUserWebFilter$StaticUserFilter) to context ozoneManager
2021-10-28 01:49:14,990 [Listener at 127.0.0.1/46475] INFO  http.HttpServer2 (HttpServer2.java:addFilter(1014)) - Added filter static_user_filter (class=org.apache.hadoop.http.lib.StaticUserWebFilter$StaticUserFilter) to context logs
2021-10-28 01:49:14,990 [Listener at 127.0.0.1/46475] INFO  http.HttpServer2 (HttpServer2.java:addFilter(1014)) - Added filter static_user_filter (class=org.apache.hadoop.http.lib.StaticUserWebFilter$StaticUserFilter) to context static
2021-10-28 01:49:14,991 [Listener at 127.0.0.1/46475] INFO  http.HttpServer2 (HttpServer2.java:bindListener(1249)) - Jetty bound to port 36231
2021-10-28 01:49:14,991 [Listener at 127.0.0.1/46475] INFO  server.Server (Server.java:doStart(375)) - jetty-9.4.43.v20210629; built: 2021-06-30T11:07:22.254Z; git: 526006ecfa3af7f1a27ef3a288e2bef7ea9dd7e8; jvm 1.8.0_292-b10
2021-10-28 01:49:14,992 [Listener at 127.0.0.1/46475] INFO  server.session (DefaultSessionIdManager.java:doStart(334)) - DefaultSessionIdManager workerName=node0
2021-10-28 01:49:14,992 [Listener at 127.0.0.1/46475] INFO  server.session (DefaultSessionIdManager.java:doStart(339)) - No SessionScavenger set, using defaults
2021-10-28 01:49:14,995 [Listener at 127.0.0.1/46475] INFO  server.session (HouseKeeper.java:startScavenging(132)) - node0 Scavenging every 600000ms
2021-10-28 01:49:14,995 [Listener at 127.0.0.1/46475] INFO  handler.ContextHandler (ContextHandler.java:doStart(915)) - Started o.e.j.s.ServletContextHandler@1148e271{logs,/logs,file:///home/runner/work/ozone/ozone/hadoop-ozone/integration-test/target/log,AVAILABLE}
2021-10-28 01:49:14,996 [Listener at 127.0.0.1/46475] INFO  handler.ContextHandler (ContextHandler.java:doStart(915)) - Started o.e.j.s.ServletContextHandler@6b02ce4e{static,/static,file:///home/runner/work/ozone/ozone/hadoop-ozone/integration-test/target/test-classes/webapps/static,AVAILABLE}
2021-10-28 01:49:14,998 [Listener at 127.0.0.1/46475] INFO  handler.ContextHandler (ContextHandler.java:doStart(915)) - Started o.e.j.w.WebAppContext@1d651ef1{ozoneManager,/,file:///home/runner/work/ozone/ozone/hadoop-ozone/integration-test/target/test-classes/webapps/ozoneManager/,AVAILABLE}{file:/home/runner/work/ozone/ozone/hadoop-ozone/integration-test/target/test-classes/webapps/ozoneManager}
2021-10-28 01:49:15,069 [Listener at 127.0.0.1/46475] INFO  server.AbstractConnector (AbstractConnector.java:doStart(331)) - Started ServerConnector@50b36663{HTTP/1.1, (http/1.1)}{0.0.0.0:36231}
2021-10-28 01:49:15,069 [Listener at 127.0.0.1/46475] INFO  server.Server (Server.java:doStart(415)) - Started @177637ms
2021-10-28 01:49:15,069 [Listener at 127.0.0.1/46475] WARN  impl.MetricsSystemImpl (MetricsSystemImpl.java:register(279)) - Sink prometheus already exists!
2021-10-28 01:49:15,070 [Listener at 127.0.0.1/46475] INFO  http.BaseHttpServer (BaseHttpServer.java:updateConnectorAddress(329)) - HTTP server of ozoneManager listening at http://0.0.0.0:36231
2021-10-28 01:49:15,095 [IPC Server Responder] INFO  ipc.Server (Server.java:run(1507)) - IPC Server Responder: starting
2021-10-28 01:49:15,103 [IPC Server listener on 0] INFO  ipc.Server (Server.java:run(1344)) - IPC Server listener on 0: starting
2021-10-28 01:49:15,106 [Listener at 127.0.0.1/46475] INFO  om.OzoneManager (OzoneManager.java:startTrashEmptier(1550)) - Trash Interval set to 0. Files deleted will not move to trash
2021-10-28 01:49:15,175 [org.apache.hadoop.util.JvmPauseMonitor$Monitor@394fb640] INFO  util.JvmPauseMonitor (JvmPauseMonitor.java:run(188)) - Starting JVM pause monitor
2021-10-28 01:49:15,242 [Listener at 127.0.0.1/46475] WARN  impl.MetricRegistriesImpl (MetricRegistriesImpl.java:addReporterRegistration(111)) - New reporters are added after registries were created. Some metrics will be missing from the reporter. Please add reporter before adding any new registry.
2021-10-28 01:49:15,247 [Listener at 127.0.0.1/46475] WARN  impl.MetricRegistriesImpl (MetricRegistriesImpl.java:addReporterRegistration(111)) - New reporters are added after registries were created. Some metrics will be missing from the reporter. Please add reporter before adding any new registry.
2021-10-28 01:49:15,247 [Listener at 127.0.0.1/46475] INFO  impl.MetricsSystemImpl (MetricsSystemImpl.java:init(158)) - HddsDatanode metrics system started (again)
2021-10-28 01:49:15,279 [Listener at 127.0.0.1/46475] INFO  ozone.HddsDatanodeService (HddsDatanodeService.java:start(234)) - HddsDatanodeService host:fv-az270-135.tacnzluakwdehk1hpragurqkma.bx.internal.cloudapp.net ip:10.1.0.29
2021-10-28 01:49:15,369 [Listener at 127.0.0.1/46475] INFO  upgrade.AbstractLayoutVersionManager (AbstractLayoutVersionManager.java:init(79)) - Initializing Layout version manager with metadata layout = SCM_HA (version = 2), software layout = SCM_HA (version = 2)
2021-10-28 01:49:15,448 [Listener at 127.0.0.1/46475] INFO  reflections.Reflections (Reflections.java:scan(232)) - Reflections took 76 ms to scan 7 urls, producing 119 keys and 279 values 
2021-10-28 01:49:15,451 [Listener at 127.0.0.1/46475] INFO  statemachine.DatanodeStateMachine (DatanodeStateMachine.java:getEndPointTaskThreadPoolSize(219)) - Datanode State Machine Task Thread Pool size 2
2021-10-28 01:49:15,452 [Listener at 127.0.0.1/46475] INFO  volume.HddsVolume (HddsVolume.java:<init>(120)) - Creating HddsVolume: /home/runner/work/ozone/ozone/hadoop-ozone/integration-test/target/test-dir/MiniOzoneClusterImpl-0566475b-15f3-492a-9b28-f78457f271af/datanode-0/data-0/containers/hdds of storage type : DISK capacity : 9223372036854775807
2021-10-28 01:49:15,458 [Listener at 127.0.0.1/46475] INFO  volume.MutableVolumeSet (MutableVolumeSet.java:initializeVolumeSet(168)) - Added Volume : /home/runner/work/ozone/ozone/hadoop-ozone/integration-test/target/test-dir/MiniOzoneClusterImpl-0566475b-15f3-492a-9b28-f78457f271af/datanode-0/data-0/containers/hdds to VolumeSet
2021-10-28 01:49:15,459 [Listener at 127.0.0.1/46475] INFO  volume.ThrottledAsyncChecker (ThrottledAsyncChecker.java:schedule(141)) - Scheduling a check for /home/runner/work/ozone/ozone/hadoop-ozone/integration-test/target/test-dir/MiniOzoneClusterImpl-0566475b-15f3-492a-9b28-f78457f271af/datanode-0/data-0/containers/hdds
2021-10-28 01:49:15,461 [Listener at 127.0.0.1/46475] INFO  volume.StorageVolumeChecker (StorageVolumeChecker.java:checkAllVolumes(202)) - Scheduled health check for volume /home/runner/work/ozone/ozone/hadoop-ozone/integration-test/target/test-dir/MiniOzoneClusterImpl-0566475b-15f3-492a-9b28-f78457f271af/datanode-0/data-0/containers/hdds
2021-10-28 01:49:15,498 [Listener at 127.0.0.1/46475] INFO  volume.MutableVolumeSet (MutableVolumeSet.java:initializeVolumeSet(168)) - Added Volume : /home/runner/work/ozone/ozone/hadoop-ozone/integration-test/target/test-dir/MiniOzoneClusterImpl-0566475b-15f3-492a-9b28-f78457f271af/datanode-0/data/ratis to VolumeSet
2021-10-28 01:49:15,498 [Listener at 127.0.0.1/46475] INFO  volume.ThrottledAsyncChecker (ThrottledAsyncChecker.java:schedule(141)) - Scheduling a check for /home/runner/work/ozone/ozone/hadoop-ozone/integration-test/target/test-dir/MiniOzoneClusterImpl-0566475b-15f3-492a-9b28-f78457f271af/datanode-0/data/ratis
2021-10-28 01:49:15,498 [Listener at 127.0.0.1/46475] INFO  volume.StorageVolumeChecker (StorageVolumeChecker.java:checkAllVolumes(202)) - Scheduled health check for volume /home/runner/work/ozone/ozone/hadoop-ozone/integration-test/target/test-dir/MiniOzoneClusterImpl-0566475b-15f3-492a-9b28-f78457f271af/datanode-0/data/ratis
2021-10-28 01:49:15,523 [Thread-1331] INFO  ozoneimpl.ContainerReader (ContainerReader.java:readVolume(172)) - Finish verifying containers on volume /home/runner/work/ozone/ozone/hadoop-ozone/integration-test/target/test-dir/MiniOzoneClusterImpl-0566475b-15f3-492a-9b28-f78457f271af/datanode-0/data-0/containers/hdds
2021-10-28 01:49:15,523 [Listener at 127.0.0.1/46475] INFO  ozoneimpl.OzoneContainer (OzoneContainer.java:buildContainerSet(236)) - Build ContainerSet costs 0s
2021-10-28 01:49:15,526 [Listener at 127.0.0.1/46475] INFO  server.RaftServer (ConfUtils.java:logGet(44)) - raft.rpc.type = GRPC (default)
2021-10-28 01:49:15,526 [Listener at 127.0.0.1/46475] INFO  grpc.GrpcFactory (GrpcFactory.java:checkPooledByteBufAllocatorUseCacheForAllThreads(48)) - PERFORMANCE WARNING: useCacheForAllThreads is true that may cause Netty to create a lot garbage objects and, as a result, trigger GC.
	It is recommended to disable useCacheForAllThreads by setting -Dorg.apache.ratis.thirdparty.io.netty.allocator.useCacheForAllThreads=false in command line.
2021-10-28 01:49:15,526 [Listener at 127.0.0.1/46475] INFO  grpc.GrpcConfigKeys (ConfUtils.java:logGet(44)) - raft.grpc.admin.port = 0 (custom)
2021-10-28 01:49:15,526 [Listener at 127.0.0.1/46475] INFO  grpc.GrpcConfigKeys (ConfUtils.java:logGet(44)) - raft.grpc.client.port = 0 (custom)
2021-10-28 01:49:15,526 [Listener at 127.0.0.1/46475] INFO  grpc.GrpcConfigKeys (ConfUtils.java:logGet(44)) - raft.grpc.server.port = 0 (default)
2021-10-28 01:49:15,526 [Listener at 127.0.0.1/46475] INFO  server.GrpcService (ConfUtils.java:logGet(44)) - raft.grpc.message.size.max = 32MB (=33554432) (custom)
2021-10-28 01:49:15,526 [Listener at 127.0.0.1/46475] INFO  server.RaftServerConfigKeys (ConfUtils.java:logGet(44)) - raft.server.log.appender.buffer.byte-limit = 33554432 (custom)
2021-10-28 01:49:15,526 [Listener at 127.0.0.1/46475] INFO  server.GrpcService (ConfUtils.java:logGet(44)) - raft.grpc.flow.control.window = 5MB (=5242880) (custom)
2021-10-28 01:49:15,526 [Listener at 127.0.0.1/46475] INFO  server.RaftServerConfigKeys (ConfUtils.java:logGet(44)) - raft.server.rpc.request.timeout = 3000ms (default)
2021-10-28 01:49:15,528 [Listener at 127.0.0.1/46475] INFO  impl.DataStreamServerImpl (ConfUtils.java:logGet(44)) - raft.datastream.type = DISABLED (default)
2021-10-28 01:49:15,528 [Listener at 127.0.0.1/46475] INFO  server.RaftServerConfigKeys (ConfUtils.java:logGet(44)) - raft.server.rpc.slowness.timeout = 300000ms (custom)
2021-10-28 01:49:15,528 [Listener at 127.0.0.1/46475] INFO  server.RaftServerConfigKeys (ConfUtils.java:logGet(44)) - raft.server.leaderelection.leader.step-down.wait-time = 10s (default)
2021-10-28 01:49:15,528 [Listener at 127.0.0.1/46475] INFO  server.RaftServerConfigKeys (ConfUtils.java:logGet(44)) - raft.server.storage.dir = [/home/runner/work/ozone/ozone/hadoop-ozone/integration-test/target/test-dir/MiniOzoneClusterImpl-0566475b-15f3-492a-9b28-f78457f271af/datanode-0/data/ratis] (custom)
2021-10-28 01:49:15,587 [Listener at 127.0.0.1/46475] INFO  http.BaseHttpServer (BaseHttpServer.java:newHttpServer2BuilderForOzone(209)) - Starting Web-server for hddsDatanode at: http://0.0.0.0:0
2021-10-28 01:49:15,587 [Listener at 127.0.0.1/46475] INFO  http.BaseHttpServer (BaseHttpServer.java:<init>(107)) - Hadoop Security Enabled: false Ozone Security Enabled: false Ozone HTTP Security Enabled: false 
2021-10-28 01:49:15,595 [Listener at 127.0.0.1/46475] INFO  server.AuthenticationFilter (AuthenticationFilter.java:constructSecretProvider(240)) - Unable to initialize FileSignerSecretProvider, falling back to use random secrets.
2021-10-28 01:49:15,609 [Listener at 127.0.0.1/46475] WARN  http.HttpRequestLog (HttpRequestLog.java:getRequestLog(103)) - Jetty request log can only be enabled using Log4j
2021-10-28 01:49:15,610 [Listener at 127.0.0.1/46475] INFO  http.HttpServer2 (HttpServer2.java:addGlobalFilter(1030)) - Added global filter 'safety' (class=org.apache.hadoop.hdds.server.http.HttpServer2$QuotingInputFilter)
2021-10-28 01:49:15,611 [Listener at 127.0.0.1/46475] INFO  http.HttpServer2 (HttpServer2.java:addFilter(1006)) - Added filter static_user_filter (class=org.apache.hadoop.http.lib.StaticUserWebFilter$StaticUserFilter) to context hddsDatanode
2021-10-28 01:49:15,615 [Listener at 127.0.0.1/46475] INFO  http.HttpServer2 (HttpServer2.java:addFilter(1014)) - Added filter static_user_filter (class=org.apache.hadoop.http.lib.StaticUserWebFilter$StaticUserFilter) to context static
2021-10-28 01:49:15,615 [Listener at 127.0.0.1/46475] INFO  http.HttpServer2 (HttpServer2.java:addFilter(1014)) - Added filter static_user_filter (class=org.apache.hadoop.http.lib.StaticUserWebFilter$StaticUserFilter) to context logs
2021-10-28 01:49:15,616 [Listener at 127.0.0.1/46475] INFO  http.HttpServer2 (HttpServer2.java:bindListener(1249)) - Jetty bound to port 38303
2021-10-28 01:49:15,619 [Listener at 127.0.0.1/46475] INFO  server.Server (Server.java:doStart(375)) - jetty-9.4.43.v20210629; built: 2021-06-30T11:07:22.254Z; git: 526006ecfa3af7f1a27ef3a288e2bef7ea9dd7e8; jvm 1.8.0_292-b10
2021-10-28 01:49:15,634 [Listener at 127.0.0.1/46475] INFO  server.session (DefaultSessionIdManager.java:doStart(334)) - DefaultSessionIdManager workerName=node0
2021-10-28 01:49:15,634 [Listener at 127.0.0.1/46475] INFO  server.session (DefaultSessionIdManager.java:doStart(339)) - No SessionScavenger set, using defaults
2021-10-28 01:49:15,634 [Listener at 127.0.0.1/46475] INFO  server.session (HouseKeeper.java:startScavenging(132)) - node0 Scavenging every 660000ms
2021-10-28 01:49:15,644 [Listener at 127.0.0.1/46475] INFO  handler.ContextHandler (ContextHandler.java:doStart(915)) - Started o.e.j.s.ServletContextHandler@72d2f634{logs,/logs,file:///home/runner/work/ozone/ozone/hadoop-ozone/integration-test/target/log,AVAILABLE}
2021-10-28 01:49:15,644 [Listener at 127.0.0.1/46475] INFO  handler.ContextHandler (ContextHandler.java:doStart(915)) - Started o.e.j.s.ServletContextHandler@154c72d8{static,/static,jar:file:/home/runner/.m2/repository/org/apache/ozone/hdds-container-service/1.2.0-SNAPSHOT/hdds-container-service-1.2.0-SNAPSHOT.jar!/webapps/static,AVAILABLE}
2021-10-28 01:49:15,770 [Listener at 127.0.0.1/46475] INFO  handler.ContextHandler (ContextHandler.java:doStart(915)) - Started o.e.j.w.WebAppContext@60c94374{hddsDatanode,/,file:///tmp/jetty-0_0_0_0-38303-hdds-container-service-1_2_0-SNAPSHOT_jar-_-any-726127658310367882/webapp/,AVAILABLE}{jar:file:/home/runner/.m2/repository/org/apache/ozone/hdds-container-service/1.2.0-SNAPSHOT/hdds-container-service-1.2.0-SNAPSHOT.jar!/webapps/hddsDatanode}
2021-10-28 01:49:15,806 [Listener at 127.0.0.1/46475] INFO  server.AbstractConnector (AbstractConnector.java:doStart(331)) - Started ServerConnector@5589bcbb{HTTP/1.1, (http/1.1)}{0.0.0.0:38303}
2021-10-28 01:49:15,806 [Listener at 127.0.0.1/46475] INFO  server.Server (Server.java:doStart(415)) - Started @178374ms
2021-10-28 01:49:15,806 [Listener at 127.0.0.1/46475] WARN  impl.MetricsSystemImpl (MetricsSystemImpl.java:register(279)) - Sink prometheus already exists!
2021-10-28 01:49:15,815 [Listener at 127.0.0.1/46475] INFO  http.BaseHttpServer (BaseHttpServer.java:updateConnectorAddress(329)) - HTTP server of hddsDatanode listening at http://0.0.0.0:38303
2021-10-28 01:49:15,817 [Listener at 127.0.0.1/46475] WARN  impl.MetricRegistriesImpl (MetricRegistriesImpl.java:addReporterRegistration(111)) - New reporters are added after registries were created. Some metrics will be missing from the reporter. Please add reporter before adding any new registry.
2021-10-28 01:49:15,817 [Listener at 127.0.0.1/46475] WARN  impl.MetricRegistriesImpl (MetricRegistriesImpl.java:addReporterRegistration(111)) - New reporters are added after registries were created. Some metrics will be missing from the reporter. Please add reporter before adding any new registry.
2021-10-28 01:49:15,817 [Listener at 127.0.0.1/46475] INFO  impl.MetricsSystemImpl (MetricsSystemImpl.java:init(158)) - HddsDatanode metrics system started (again)
2021-10-28 01:49:15,826 [Datanode State Machine Daemon Thread] INFO  statemachine.DatanodeStateMachine (DatanodeStateMachine.java:lambda$startDaemon$0(467)) - Ozone container server started.
2021-10-28 01:49:15,935 [Listener at 127.0.0.1/46475] INFO  ozone.HddsDatanodeService (HddsDatanodeService.java:start(234)) - HddsDatanodeService host:fv-az270-135.tacnzluakwdehk1hpragurqkma.bx.internal.cloudapp.net ip:10.1.0.29
2021-10-28 01:49:15,963 [org.apache.hadoop.util.JvmPauseMonitor$Monitor@41b73d1d] INFO  util.JvmPauseMonitor (JvmPauseMonitor.java:run(188)) - Starting JVM pause monitor
2021-10-28 01:49:16,015 [om1@group-C5BA1605619E-FollowerState] INFO  impl.FollowerState (FollowerState.java:run(134)) - om1@group-C5BA1605619E-FollowerState: change to CANDIDATE, lastRpcElapsedTime:1084018599ns, electionTimeout:1083ms
2021-10-28 01:49:16,015 [om1@group-C5BA1605619E-FollowerState] INFO  impl.RoleInfo (RoleInfo.java:shutdownFollowerState(108)) - om1: shutdown om1@group-C5BA1605619E-FollowerState
2021-10-28 01:49:16,015 [om1@group-C5BA1605619E-FollowerState] INFO  server.RaftServer$Division (RaftServerImpl.java:setRole(290)) - om1@group-C5BA1605619E: changes role from  FOLLOWER to CANDIDATE at term 0 for changeToCandidate
2021-10-28 01:49:16,015 [om1@group-C5BA1605619E-FollowerState] INFO  server.RaftServerConfigKeys (ConfUtils.java:logGet(44)) - raft.server.leaderelection.pre-vote = false (custom)
2021-10-28 01:49:16,016 [om1@group-C5BA1605619E-FollowerState] INFO  impl.RoleInfo (RoleInfo.java:updateAndGet(130)) - om1: start om1@group-C5BA1605619E-LeaderElection53
2021-10-28 01:49:16,019 [Listener at 127.0.0.1/46475] INFO  upgrade.AbstractLayoutVersionManager (AbstractLayoutVersionManager.java:init(79)) - Initializing Layout version manager with metadata layout = SCM_HA (version = 2), software layout = SCM_HA (version = 2)
2021-10-28 01:49:16,035 [Datanode State Machine Task Thread - 0] INFO  datanode.InitDatanodeState (InitDatanodeState.java:persistContainerDatanodeDetails(145)) - DatanodeDetails is persisted to /home/runner/work/ozone/ozone/hadoop-ozone/integration-test/target/test-dir/MiniOzoneClusterImpl-0566475b-15f3-492a-9b28-f78457f271af/datanode-0/meta/datanode.id
2021-10-28 01:49:16,093 [om1@group-C5BA1605619E-LeaderElection53] INFO  impl.LeaderElection (LeaderElection.java:askForVotes(306)) - om1@group-C5BA1605619E-LeaderElection53 ELECTION round 0: submit vote requests at term 1 for -1: [om1|rpc:localhost:9872|priority:0], old=null
2021-10-28 01:49:16,094 [om1@group-C5BA1605619E-LeaderElection53] INFO  impl.LeaderElection (LeaderElection.java:askForVotes(308)) - om1@group-C5BA1605619E-LeaderElection53 ELECTION round 0: result PASSED (term=1)
2021-10-28 01:49:16,094 [om1@group-C5BA1605619E-LeaderElection53] INFO  impl.RoleInfo (RoleInfo.java:shutdownLeaderElection(121)) - om1: shutdown om1@group-C5BA1605619E-LeaderElection53
2021-10-28 01:49:16,094 [om1@group-C5BA1605619E-LeaderElection53] INFO  server.RaftServer$Division (RaftServerImpl.java:setRole(290)) - om1@group-C5BA1605619E: changes role from CANDIDATE to LEADER at term 1 for changeToLeader
2021-10-28 01:49:16,094 [om1@group-C5BA1605619E-LeaderElection53] INFO  server.RaftServer$Division (ServerState.java:setLeader(285)) - om1@group-C5BA1605619E: change Leader from null to om1 at term 1 for becomeLeader, leader elected after 1223ms
2021-10-28 01:49:16,094 [om1@group-C5BA1605619E-LeaderElection53] INFO  server.RaftServerConfigKeys (ConfUtils.java:logGet(44)) - raft.server.staging.catchup.gap = 1000 (default)
2021-10-28 01:49:16,094 [om1@group-C5BA1605619E-LeaderElection53] INFO  server.RaftServerConfigKeys (ConfUtils.java:logGet(44)) - raft.server.write.element-limit = 4096 (default)
2021-10-28 01:49:16,094 [om1@group-C5BA1605619E-LeaderElection53] INFO  server.RaftServerConfigKeys (ConfUtils.java:logGet(44)) - raft.server.write.byte-limit = 64MB (=67108864) (default)
2021-10-28 01:49:16,095 [om1@group-C5BA1605619E-LeaderElection53] INFO  server.RaftServerConfigKeys (ConfUtils.java:logGet(44)) - raft.server.watch.timeout = 10s (default)
2021-10-28 01:49:16,095 [om1@group-C5BA1605619E-LeaderElection53] INFO  server.RaftServerConfigKeys (ConfUtils.java:logGet(44)) - raft.server.watch.timeout.denomination = 1s (default)
2021-10-28 01:49:16,095 [om1@group-C5BA1605619E-LeaderElection53] INFO  server.RaftServerConfigKeys (ConfUtils.java:logGet(44)) - raft.server.watch.element-limit = 65536 (default)
2021-10-28 01:49:16,099 [om1@group-C5BA1605619E-LeaderElection53] INFO  server.RaftServerConfigKeys (ConfUtils.java:logGet(44)) - raft.server.write.element-limit = 4096 (default)
2021-10-28 01:49:16,099 [om1@group-C5BA1605619E-LeaderElection53] INFO  server.RaftServerConfigKeys (ConfUtils.java:logGet(44)) - raft.server.write.follower.gap.ratio.max = -1.0 (default)
2021-10-28 01:49:16,099 [om1@group-C5BA1605619E-LeaderElection53] INFO  impl.RoleInfo (RoleInfo.java:updateAndGet(130)) - om1: start om1@group-C5BA1605619E-LeaderStateImpl
2021-10-28 01:49:16,099 [om1@group-C5BA1605619E-LeaderElection53] INFO  segmented.SegmentedRaftLogWorker (SegmentedRaftLogWorker.java:startLogSegment(394)) - om1@group-C5BA1605619E-SegmentedRaftLogWorker: Starting segment from index:0
2021-10-28 01:49:16,109 [om1@group-C5BA1605619E-SegmentedRaftLogWorker] INFO  segmented.SegmentedRaftLogWorker (SegmentedRaftLogWorker.java:execute(601)) - om1@group-C5BA1605619E-SegmentedRaftLogWorker: created new log segment /home/runner/work/ozone/ozone/hadoop-ozone/integration-test/target/test-dir/MiniOzoneClusterImpl-0566475b-15f3-492a-9b28-f78457f271af/ozone-meta/ratis/bf265839-605b-3f16-9796-c5ba1605619e/current/log_inprogress_0
2021-10-28 01:49:16,143 [om1@group-C5BA1605619E-LeaderElection53] INFO  server.RaftServer$Division (ServerState.java:setRaftConf(387)) - om1@group-C5BA1605619E: set configuration 0: [om1|rpc:localhost:9872|admin:|client:|dataStream:|priority:0], old=null
2021-10-28 01:49:16,148 [om1@group-C5BA1605619E-StateMachineUpdater] INFO  ratis.OzoneManagerStateMachine (OzoneManagerStateMachine.java:notifyConfigurationChanged(188)) - Received Configuration change notification from Ratis. New Peer list:
[id: "om1"
address: "localhost:9872"
]
2021-10-28 01:49:16,150 [Listener at 127.0.0.1/46475] INFO  reflections.Reflections (Reflections.java:scan(232)) - Reflections took 130 ms to scan 7 urls, producing 119 keys and 279 values 
2021-10-28 01:49:16,152 [Listener at 127.0.0.1/46475] INFO  statemachine.DatanodeStateMachine (DatanodeStateMachine.java:getEndPointTaskThreadPoolSize(219)) - Datanode State Machine Task Thread Pool size 2
2021-10-28 01:49:16,160 [Listener at 127.0.0.1/46475] INFO  volume.HddsVolume (HddsVolume.java:<init>(120)) - Creating HddsVolume: /home/runner/work/ozone/ozone/hadoop-ozone/integration-test/target/test-dir/MiniOzoneClusterImpl-0566475b-15f3-492a-9b28-f78457f271af/datanode-1/data-0/containers/hdds of storage type : DISK capacity : 9223372036854775807
2021-10-28 01:49:16,160 [Listener at 127.0.0.1/46475] INFO  volume.MutableVolumeSet (MutableVolumeSet.java:initializeVolumeSet(168)) - Added Volume : /home/runner/work/ozone/ozone/hadoop-ozone/integration-test/target/test-dir/MiniOzoneClusterImpl-0566475b-15f3-492a-9b28-f78457f271af/datanode-1/data-0/containers/hdds to VolumeSet
2021-10-28 01:49:16,161 [Listener at 127.0.0.1/46475] INFO  volume.ThrottledAsyncChecker (ThrottledAsyncChecker.java:schedule(141)) - Scheduling a check for /home/runner/work/ozone/ozone/hadoop-ozone/integration-test/target/test-dir/MiniOzoneClusterImpl-0566475b-15f3-492a-9b28-f78457f271af/datanode-1/data-0/containers/hdds
2021-10-28 01:49:16,161 [Listener at 127.0.0.1/46475] INFO  volume.StorageVolumeChecker (StorageVolumeChecker.java:checkAllVolumes(202)) - Scheduled health check for volume /home/runner/work/ozone/ozone/hadoop-ozone/integration-test/target/test-dir/MiniOzoneClusterImpl-0566475b-15f3-492a-9b28-f78457f271af/datanode-1/data-0/containers/hdds
2021-10-28 01:49:16,208 [Listener at 127.0.0.1/46475] INFO  volume.MutableVolumeSet (MutableVolumeSet.java:initializeVolumeSet(168)) - Added Volume : /home/runner/work/ozone/ozone/hadoop-ozone/integration-test/target/test-dir/MiniOzoneClusterImpl-0566475b-15f3-492a-9b28-f78457f271af/datanode-1/data/ratis to VolumeSet
2021-10-28 01:49:16,209 [Listener at 127.0.0.1/46475] INFO  volume.ThrottledAsyncChecker (ThrottledAsyncChecker.java:schedule(141)) - Scheduling a check for /home/runner/work/ozone/ozone/hadoop-ozone/integration-test/target/test-dir/MiniOzoneClusterImpl-0566475b-15f3-492a-9b28-f78457f271af/datanode-1/data/ratis
2021-10-28 01:49:16,209 [Listener at 127.0.0.1/46475] INFO  volume.StorageVolumeChecker (StorageVolumeChecker.java:checkAllVolumes(202)) - Scheduled health check for volume /home/runner/work/ozone/ozone/hadoop-ozone/integration-test/target/test-dir/MiniOzoneClusterImpl-0566475b-15f3-492a-9b28-f78457f271af/datanode-1/data/ratis
2021-10-28 01:49:16,227 [Thread-1345] INFO  ozoneimpl.ContainerReader (ContainerReader.java:readVolume(172)) - Finish verifying containers on volume /home/runner/work/ozone/ozone/hadoop-ozone/integration-test/target/test-dir/MiniOzoneClusterImpl-0566475b-15f3-492a-9b28-f78457f271af/datanode-1/data-0/containers/hdds
2021-10-28 01:49:16,227 [Listener at 127.0.0.1/46475] INFO  ozoneimpl.OzoneContainer (OzoneContainer.java:buildContainerSet(236)) - Build ContainerSet costs 0s
2021-10-28 01:49:16,229 [Listener at 127.0.0.1/46475] INFO  server.RaftServer (ConfUtils.java:logGet(44)) - raft.rpc.type = GRPC (default)
2021-10-28 01:49:16,229 [Listener at 127.0.0.1/46475] INFO  grpc.GrpcFactory (GrpcFactory.java:checkPooledByteBufAllocatorUseCacheForAllThreads(48)) - PERFORMANCE WARNING: useCacheForAllThreads is true that may cause Netty to create a lot garbage objects and, as a result, trigger GC.
	It is recommended to disable useCacheForAllThreads by setting -Dorg.apache.ratis.thirdparty.io.netty.allocator.useCacheForAllThreads=false in command line.
2021-10-28 01:49:16,229 [Listener at 127.0.0.1/46475] INFO  grpc.GrpcConfigKeys (ConfUtils.java:logGet(44)) - raft.grpc.admin.port = 0 (custom)
2021-10-28 01:49:16,229 [Listener at 127.0.0.1/46475] INFO  grpc.GrpcConfigKeys (ConfUtils.java:logGet(44)) - raft.grpc.client.port = 0 (custom)
2021-10-28 01:49:16,229 [Listener at 127.0.0.1/46475] INFO  grpc.GrpcConfigKeys (ConfUtils.java:logGet(44)) - raft.grpc.server.port = 0 (default)
2021-10-28 01:49:16,230 [Listener at 127.0.0.1/46475] INFO  server.GrpcService (ConfUtils.java:logGet(44)) - raft.grpc.message.size.max = 32MB (=33554432) (custom)
2021-10-28 01:49:16,230 [Listener at 127.0.0.1/46475] INFO  server.RaftServerConfigKeys (ConfUtils.java:logGet(44)) - raft.server.log.appender.buffer.byte-limit = 33554432 (custom)
2021-10-28 01:49:16,230 [Listener at 127.0.0.1/46475] INFO  server.GrpcService (ConfUtils.java:logGet(44)) - raft.grpc.flow.control.window = 5MB (=5242880) (custom)
2021-10-28 01:49:16,230 [Listener at 127.0.0.1/46475] INFO  server.RaftServerConfigKeys (ConfUtils.java:logGet(44)) - raft.server.rpc.request.timeout = 3000ms (default)
2021-10-28 01:49:16,231 [Listener at 127.0.0.1/46475] INFO  impl.DataStreamServerImpl (ConfUtils.java:logGet(44)) - raft.datastream.type = DISABLED (default)
2021-10-28 01:49:16,231 [Listener at 127.0.0.1/46475] INFO  server.RaftServerConfigKeys (ConfUtils.java:logGet(44)) - raft.server.rpc.slowness.timeout = 300000ms (custom)
2021-10-28 01:49:16,231 [Listener at 127.0.0.1/46475] INFO  server.RaftServerConfigKeys (ConfUtils.java:logGet(44)) - raft.server.leaderelection.leader.step-down.wait-time = 10s (default)
2021-10-28 01:49:16,231 [Listener at 127.0.0.1/46475] INFO  server.RaftServerConfigKeys (ConfUtils.java:logGet(44)) - raft.server.storage.dir = [/home/runner/work/ozone/ozone/hadoop-ozone/integration-test/target/test-dir/MiniOzoneClusterImpl-0566475b-15f3-492a-9b28-f78457f271af/datanode-1/data/ratis] (custom)
2021-10-28 01:49:16,234 [Listener at 127.0.0.1/46475] INFO  http.BaseHttpServer (BaseHttpServer.java:newHttpServer2BuilderForOzone(209)) - Starting Web-server for hddsDatanode at: http://0.0.0.0:0
2021-10-28 01:49:16,234 [Listener at 127.0.0.1/46475] INFO  http.BaseHttpServer (BaseHttpServer.java:<init>(107)) - Hadoop Security Enabled: false Ozone Security Enabled: false Ozone HTTP Security Enabled: false 
2021-10-28 01:49:16,235 [Listener at 127.0.0.1/46475] INFO  server.AuthenticationFilter (AuthenticationFilter.java:constructSecretProvider(240)) - Unable to initialize FileSignerSecretProvider, falling back to use random secrets.
2021-10-28 01:49:16,275 [Listener at 127.0.0.1/46475] WARN  http.HttpRequestLog (HttpRequestLog.java:getRequestLog(103)) - Jetty request log can only be enabled using Log4j
2021-10-28 01:49:16,276 [Listener at 127.0.0.1/46475] INFO  http.HttpServer2 (HttpServer2.java:addGlobalFilter(1030)) - Added global filter 'safety' (class=org.apache.hadoop.hdds.server.http.HttpServer2$QuotingInputFilter)
2021-10-28 01:49:16,277 [Listener at 127.0.0.1/46475] INFO  http.HttpServer2 (HttpServer2.java:addFilter(1006)) - Added filter static_user_filter (class=org.apache.hadoop.http.lib.StaticUserWebFilter$StaticUserFilter) to context hddsDatanode
2021-10-28 01:49:16,277 [Listener at 127.0.0.1/46475] INFO  http.HttpServer2 (HttpServer2.java:addFilter(1014)) - Added filter static_user_filter (class=org.apache.hadoop.http.lib.StaticUserWebFilter$StaticUserFilter) to context logs
2021-10-28 01:49:16,277 [Listener at 127.0.0.1/46475] INFO  http.HttpServer2 (HttpServer2.java:addFilter(1014)) - Added filter static_user_filter (class=org.apache.hadoop.http.lib.StaticUserWebFilter$StaticUserFilter) to context static
2021-10-28 01:49:16,277 [Listener at 127.0.0.1/46475] INFO  http.HttpServer2 (HttpServer2.java:bindListener(1249)) - Jetty bound to port 44181
2021-10-28 01:49:16,277 [Listener at 127.0.0.1/46475] INFO  server.Server (Server.java:doStart(375)) - jetty-9.4.43.v20210629; built: 2021-06-30T11:07:22.254Z; git: 526006ecfa3af7f1a27ef3a288e2bef7ea9dd7e8; jvm 1.8.0_292-b10
2021-10-28 01:49:16,410 [Listener at 127.0.0.1/46475] INFO  server.session (DefaultSessionIdManager.java:doStart(334)) - DefaultSessionIdManager workerName=node0
2021-10-28 01:49:16,410 [Listener at 127.0.0.1/46475] INFO  server.session (DefaultSessionIdManager.java:doStart(339)) - No SessionScavenger set, using defaults
2021-10-28 01:49:16,410 [Listener at 127.0.0.1/46475] INFO  server.session (HouseKeeper.java:startScavenging(132)) - node0 Scavenging every 660000ms
2021-10-28 01:49:16,414 [Listener at 127.0.0.1/46475] INFO  handler.ContextHandler (ContextHandler.java:doStart(915)) - Started o.e.j.s.ServletContextHandler@573f999{logs,/logs,file:///home/runner/work/ozone/ozone/hadoop-ozone/integration-test/target/log,AVAILABLE}
2021-10-28 01:49:16,414 [Listener at 127.0.0.1/46475] INFO  handler.ContextHandler (ContextHandler.java:doStart(915)) - Started o.e.j.s.ServletContextHandler@3c658f8f{static,/static,jar:file:/home/runner/.m2/repository/org/apache/ozone/hdds-container-service/1.2.0-SNAPSHOT/hdds-container-service-1.2.0-SNAPSHOT.jar!/webapps/static,AVAILABLE}
2021-10-28 01:49:16,608 [Listener at 127.0.0.1/46475] INFO  handler.ContextHandler (ContextHandler.java:doStart(915)) - Started o.e.j.w.WebAppContext@3eb2cd8b{hddsDatanode,/,file:///tmp/jetty-0_0_0_0-44181-hdds-container-service-1_2_0-SNAPSHOT_jar-_-any-1092511892108912542/webapp/,AVAILABLE}{jar:file:/home/runner/.m2/repository/org/apache/ozone/hdds-container-service/1.2.0-SNAPSHOT/hdds-container-service-1.2.0-SNAPSHOT.jar!/webapps/hddsDatanode}
2021-10-28 01:49:16,631 [Listener at 127.0.0.1/46475] INFO  server.AbstractConnector (AbstractConnector.java:doStart(331)) - Started ServerConnector@5a5e12a5{HTTP/1.1, (http/1.1)}{0.0.0.0:44181}
2021-10-28 01:49:16,631 [Listener at 127.0.0.1/46475] INFO  server.Server (Server.java:doStart(415)) - Started @179199ms
2021-10-28 01:49:16,632 [Listener at 127.0.0.1/46475] WARN  impl.MetricsSystemImpl (MetricsSystemImpl.java:register(279)) - Sink prometheus already exists!
2021-10-28 01:49:16,652 [Listener at 127.0.0.1/46475] INFO  http.BaseHttpServer (BaseHttpServer.java:updateConnectorAddress(329)) - HTTP server of hddsDatanode listening at http://0.0.0.0:44181
2021-10-28 01:49:16,653 [Listener at 127.0.0.1/46475] WARN  impl.MetricRegistriesImpl (MetricRegistriesImpl.java:addReporterRegistration(111)) - New reporters are added after registries were created. Some metrics will be missing from the reporter. Please add reporter before adding any new registry.
2021-10-28 01:49:16,653 [Listener at 127.0.0.1/46475] WARN  impl.MetricRegistriesImpl (MetricRegistriesImpl.java:addReporterRegistration(111)) - New reporters are added after registries were created. Some metrics will be missing from the reporter. Please add reporter before adding any new registry.
2021-10-28 01:49:16,653 [Listener at 127.0.0.1/46475] INFO  impl.MetricsSystemImpl (MetricsSystemImpl.java:init(158)) - HddsDatanode metrics system started (again)
2021-10-28 01:49:16,670 [Datanode State Machine Daemon Thread] INFO  statemachine.DatanodeStateMachine (DatanodeStateMachine.java:lambda$startDaemon$0(467)) - Ozone container server started.
2021-10-28 01:49:16,684 [Listener at 127.0.0.1/46475] INFO  ozone.HddsDatanodeService (HddsDatanodeService.java:start(234)) - HddsDatanodeService host:fv-az270-135.tacnzluakwdehk1hpragurqkma.bx.internal.cloudapp.net ip:10.1.0.29
2021-10-28 01:49:16,758 [org.apache.hadoop.util.JvmPauseMonitor$Monitor@1410611e] INFO  util.JvmPauseMonitor (JvmPauseMonitor.java:run(188)) - Starting JVM pause monitor
2021-10-28 01:49:16,785 [Datanode State Machine Task Thread - 0] INFO  datanode.InitDatanodeState (InitDatanodeState.java:persistContainerDatanodeDetails(145)) - DatanodeDetails is persisted to /home/runner/work/ozone/ozone/hadoop-ozone/integration-test/target/test-dir/MiniOzoneClusterImpl-0566475b-15f3-492a-9b28-f78457f271af/datanode-1/meta/datanode.id
2021-10-28 01:49:16,811 [Listener at 127.0.0.1/46475] INFO  upgrade.AbstractLayoutVersionManager (AbstractLayoutVersionManager.java:init(79)) - Initializing Layout version manager with metadata layout = SCM_HA (version = 2), software layout = SCM_HA (version = 2)
2021-10-28 01:49:17,155 [Listener at 127.0.0.1/46475] INFO  reflections.Reflections (Reflections.java:scan(232)) - Reflections took 299 ms to scan 7 urls, producing 119 keys and 279 values 
2021-10-28 01:49:17,159 [Listener at 127.0.0.1/46475] INFO  statemachine.DatanodeStateMachine (DatanodeStateMachine.java:getEndPointTaskThreadPoolSize(219)) - Datanode State Machine Task Thread Pool size 2
2021-10-28 01:49:17,196 [Listener at 127.0.0.1/46475] INFO  volume.HddsVolume (HddsVolume.java:<init>(120)) - Creating HddsVolume: /home/runner/work/ozone/ozone/hadoop-ozone/integration-test/target/test-dir/MiniOzoneClusterImpl-0566475b-15f3-492a-9b28-f78457f271af/datanode-2/data-0/containers/hdds of storage type : DISK capacity : 9223372036854775807
2021-10-28 01:49:17,196 [Listener at 127.0.0.1/46475] INFO  volume.MutableVolumeSet (MutableVolumeSet.java:initializeVolumeSet(168)) - Added Volume : /home/runner/work/ozone/ozone/hadoop-ozone/integration-test/target/test-dir/MiniOzoneClusterImpl-0566475b-15f3-492a-9b28-f78457f271af/datanode-2/data-0/containers/hdds to VolumeSet
2021-10-28 01:49:17,196 [Listener at 127.0.0.1/46475] INFO  volume.ThrottledAsyncChecker (ThrottledAsyncChecker.java:schedule(141)) - Scheduling a check for /home/runner/work/ozone/ozone/hadoop-ozone/integration-test/target/test-dir/MiniOzoneClusterImpl-0566475b-15f3-492a-9b28-f78457f271af/datanode-2/data-0/containers/hdds
2021-10-28 01:49:17,227 [Listener at 127.0.0.1/46475] INFO  volume.StorageVolumeChecker (StorageVolumeChecker.java:checkAllVolumes(202)) - Scheduled health check for volume /home/runner/work/ozone/ozone/hadoop-ozone/integration-test/target/test-dir/MiniOzoneClusterImpl-0566475b-15f3-492a-9b28-f78457f271af/datanode-2/data-0/containers/hdds
2021-10-28 01:49:17,245 [Listener at 127.0.0.1/46475] INFO  volume.MutableVolumeSet (MutableVolumeSet.java:initializeVolumeSet(168)) - Added Volume : /home/runner/work/ozone/ozone/hadoop-ozone/integration-test/target/test-dir/MiniOzoneClusterImpl-0566475b-15f3-492a-9b28-f78457f271af/datanode-2/data/ratis to VolumeSet
2021-10-28 01:49:17,245 [Listener at 127.0.0.1/46475] INFO  volume.ThrottledAsyncChecker (ThrottledAsyncChecker.java:schedule(141)) - Scheduling a check for /home/runner/work/ozone/ozone/hadoop-ozone/integration-test/target/test-dir/MiniOzoneClusterImpl-0566475b-15f3-492a-9b28-f78457f271af/datanode-2/data/ratis
2021-10-28 01:49:17,246 [Listener at 127.0.0.1/46475] INFO  volume.StorageVolumeChecker (StorageVolumeChecker.java:checkAllVolumes(202)) - Scheduled health check for volume /home/runner/work/ozone/ozone/hadoop-ozone/integration-test/target/test-dir/MiniOzoneClusterImpl-0566475b-15f3-492a-9b28-f78457f271af/datanode-2/data/ratis
2021-10-28 01:49:17,272 [Thread-1357] INFO  ozoneimpl.ContainerReader (ContainerReader.java:readVolume(172)) - Finish verifying containers on volume /home/runner/work/ozone/ozone/hadoop-ozone/integration-test/target/test-dir/MiniOzoneClusterImpl-0566475b-15f3-492a-9b28-f78457f271af/datanode-2/data-0/containers/hdds
2021-10-28 01:49:17,273 [Listener at 127.0.0.1/46475] INFO  ozoneimpl.OzoneContainer (OzoneContainer.java:buildContainerSet(236)) - Build ContainerSet costs 0s
2021-10-28 01:49:17,274 [Listener at 127.0.0.1/46475] INFO  server.RaftServer (ConfUtils.java:logGet(44)) - raft.rpc.type = GRPC (default)
2021-10-28 01:49:17,274 [Listener at 127.0.0.1/46475] INFO  grpc.GrpcFactory (GrpcFactory.java:checkPooledByteBufAllocatorUseCacheForAllThreads(48)) - PERFORMANCE WARNING: useCacheForAllThreads is true that may cause Netty to create a lot garbage objects and, as a result, trigger GC.
	It is recommended to disable useCacheForAllThreads by setting -Dorg.apache.ratis.thirdparty.io.netty.allocator.useCacheForAllThreads=false in command line.
2021-10-28 01:49:17,275 [Listener at 127.0.0.1/46475] INFO  grpc.GrpcConfigKeys (ConfUtils.java:logGet(44)) - raft.grpc.admin.port = 0 (custom)
2021-10-28 01:49:17,275 [Listener at 127.0.0.1/46475] INFO  grpc.GrpcConfigKeys (ConfUtils.java:logGet(44)) - raft.grpc.client.port = 0 (custom)
2021-10-28 01:49:17,275 [Listener at 127.0.0.1/46475] INFO  grpc.GrpcConfigKeys (ConfUtils.java:logGet(44)) - raft.grpc.server.port = 0 (default)
2021-10-28 01:49:17,275 [Listener at 127.0.0.1/46475] INFO  server.GrpcService (ConfUtils.java:logGet(44)) - raft.grpc.message.size.max = 32MB (=33554432) (custom)
2021-10-28 01:49:17,275 [Listener at 127.0.0.1/46475] INFO  server.RaftServerConfigKeys (ConfUtils.java:logGet(44)) - raft.server.log.appender.buffer.byte-limit = 33554432 (custom)
2021-10-28 01:49:17,275 [Listener at 127.0.0.1/46475] INFO  server.GrpcService (ConfUtils.java:logGet(44)) - raft.grpc.flow.control.window = 5MB (=5242880) (custom)
2021-10-28 01:49:17,275 [Listener at 127.0.0.1/46475] INFO  server.RaftServerConfigKeys (ConfUtils.java:logGet(44)) - raft.server.rpc.request.timeout = 3000ms (default)
2021-10-28 01:49:17,276 [Listener at 127.0.0.1/46475] INFO  impl.DataStreamServerImpl (ConfUtils.java:logGet(44)) - raft.datastream.type = DISABLED (default)
2021-10-28 01:49:17,276 [Listener at 127.0.0.1/46475] INFO  server.RaftServerConfigKeys (ConfUtils.java:logGet(44)) - raft.server.rpc.slowness.timeout = 300000ms (custom)
2021-10-28 01:49:17,277 [Listener at 127.0.0.1/46475] INFO  server.RaftServerConfigKeys (ConfUtils.java:logGet(44)) - raft.server.leaderelection.leader.step-down.wait-time = 10s (default)
2021-10-28 01:49:17,277 [Listener at 127.0.0.1/46475] INFO  server.RaftServerConfigKeys (ConfUtils.java:logGet(44)) - raft.server.storage.dir = [/home/runner/work/ozone/ozone/hadoop-ozone/integration-test/target/test-dir/MiniOzoneClusterImpl-0566475b-15f3-492a-9b28-f78457f271af/datanode-2/data/ratis] (custom)
2021-10-28 01:49:17,289 [Listener at 127.0.0.1/46475] INFO  http.BaseHttpServer (BaseHttpServer.java:newHttpServer2BuilderForOzone(209)) - Starting Web-server for hddsDatanode at: http://0.0.0.0:0
2021-10-28 01:49:17,289 [Listener at 127.0.0.1/46475] INFO  http.BaseHttpServer (BaseHttpServer.java:<init>(107)) - Hadoop Security Enabled: false Ozone Security Enabled: false Ozone HTTP Security Enabled: false 
2021-10-28 01:49:17,295 [Listener at 127.0.0.1/46475] INFO  server.AuthenticationFilter (AuthenticationFilter.java:constructSecretProvider(240)) - Unable to initialize FileSignerSecretProvider, falling back to use random secrets.
2021-10-28 01:49:17,296 [Listener at 127.0.0.1/46475] WARN  http.HttpRequestLog (HttpRequestLog.java:getRequestLog(103)) - Jetty request log can only be enabled using Log4j
2021-10-28 01:49:17,296 [Listener at 127.0.0.1/46475] INFO  http.HttpServer2 (HttpServer2.java:addGlobalFilter(1030)) - Added global filter 'safety' (class=org.apache.hadoop.hdds.server.http.HttpServer2$QuotingInputFilter)
2021-10-28 01:49:17,297 [Listener at 127.0.0.1/46475] INFO  http.HttpServer2 (HttpServer2.java:addFilter(1006)) - Added filter static_user_filter (class=org.apache.hadoop.http.lib.StaticUserWebFilter$StaticUserFilter) to context hddsDatanode
2021-10-28 01:49:17,297 [Listener at 127.0.0.1/46475] INFO  http.HttpServer2 (HttpServer2.java:addFilter(1014)) - Added filter static_user_filter (class=org.apache.hadoop.http.lib.StaticUserWebFilter$StaticUserFilter) to context static
2021-10-28 01:49:17,297 [Listener at 127.0.0.1/46475] INFO  http.HttpServer2 (HttpServer2.java:addFilter(1014)) - Added filter static_user_filter (class=org.apache.hadoop.http.lib.StaticUserWebFilter$StaticUserFilter) to context logs
2021-10-28 01:49:17,297 [Listener at 127.0.0.1/46475] INFO  http.HttpServer2 (HttpServer2.java:bindListener(1249)) - Jetty bound to port 32793
2021-10-28 01:49:17,297 [Listener at 127.0.0.1/46475] INFO  server.Server (Server.java:doStart(375)) - jetty-9.4.43.v20210629; built: 2021-06-30T11:07:22.254Z; git: 526006ecfa3af7f1a27ef3a288e2bef7ea9dd7e8; jvm 1.8.0_292-b10
2021-10-28 01:49:17,361 [Listener at 127.0.0.1/46475] INFO  server.session (DefaultSessionIdManager.java:doStart(334)) - DefaultSessionIdManager workerName=node0
2021-10-28 01:49:17,361 [Listener at 127.0.0.1/46475] INFO  server.session (DefaultSessionIdManager.java:doStart(339)) - No SessionScavenger set, using defaults
2021-10-28 01:49:17,361 [Listener at 127.0.0.1/46475] INFO  server.session (HouseKeeper.java:startScavenging(132)) - node0 Scavenging every 600000ms
2021-10-28 01:49:17,362 [Listener at 127.0.0.1/46475] INFO  handler.ContextHandler (ContextHandler.java:doStart(915)) - Started o.e.j.s.ServletContextHandler@58fec44a{logs,/logs,file:///home/runner/work/ozone/ozone/hadoop-ozone/integration-test/target/log,AVAILABLE}
2021-10-28 01:49:17,362 [Listener at 127.0.0.1/46475] INFO  handler.ContextHandler (ContextHandler.java:doStart(915)) - Started o.e.j.s.ServletContextHandler@7a7b3b19{static,/static,jar:file:/home/runner/.m2/repository/org/apache/ozone/hdds-container-service/1.2.0-SNAPSHOT/hdds-container-service-1.2.0-SNAPSHOT.jar!/webapps/static,AVAILABLE}
2021-10-28 01:49:17,464 [Listener at 127.0.0.1/46475] INFO  handler.ContextHandler (ContextHandler.java:doStart(915)) - Started o.e.j.w.WebAppContext@6e45ad10{hddsDatanode,/,file:///tmp/jetty-0_0_0_0-32793-hdds-container-service-1_2_0-SNAPSHOT_jar-_-any-4727047660830491967/webapp/,AVAILABLE}{jar:file:/home/runner/.m2/repository/org/apache/ozone/hdds-container-service/1.2.0-SNAPSHOT/hdds-container-service-1.2.0-SNAPSHOT.jar!/webapps/hddsDatanode}
2021-10-28 01:49:17,495 [Listener at 127.0.0.1/46475] INFO  server.AbstractConnector (AbstractConnector.java:doStart(331)) - Started ServerConnector@32d6f4ad{HTTP/1.1, (http/1.1)}{0.0.0.0:32793}
2021-10-28 01:49:17,495 [Listener at 127.0.0.1/46475] INFO  server.Server (Server.java:doStart(415)) - Started @180063ms
2021-10-28 01:49:17,495 [Listener at 127.0.0.1/46475] WARN  impl.MetricsSystemImpl (MetricsSystemImpl.java:register(279)) - Sink prometheus already exists!
2021-10-28 01:49:17,496 [Listener at 127.0.0.1/46475] INFO  http.BaseHttpServer (BaseHttpServer.java:updateConnectorAddress(329)) - HTTP server of hddsDatanode listening at http://0.0.0.0:32793
2021-10-28 01:49:17,507 [Listener at 127.0.0.1/46475] WARN  impl.MetricRegistriesImpl (MetricRegistriesImpl.java:addReporterRegistration(111)) - New reporters are added after registries were created. Some metrics will be missing from the reporter. Please add reporter before adding any new registry.
2021-10-28 01:49:17,507 [Listener at 127.0.0.1/46475] WARN  impl.MetricRegistriesImpl (MetricRegistriesImpl.java:addReporterRegistration(111)) - New reporters are added after registries were created. Some metrics will be missing from the reporter. Please add reporter before adding any new registry.
2021-10-28 01:49:17,507 [Listener at 127.0.0.1/46475] INFO  impl.MetricsSystemImpl (MetricsSystemImpl.java:init(158)) - HddsDatanode metrics system started (again)
2021-10-28 01:49:17,515 [Datanode State Machine Daemon Thread] INFO  statemachine.DatanodeStateMachine (DatanodeStateMachine.java:lambda$startDaemon$0(467)) - Ozone container server started.
2021-10-28 01:49:17,531 [org.apache.hadoop.util.JvmPauseMonitor$Monitor@7d334a7d] INFO  util.JvmPauseMonitor (JvmPauseMonitor.java:run(188)) - Starting JVM pause monitor
2021-10-28 01:49:17,540 [Datanode State Machine Task Thread - 0] INFO  datanode.InitDatanodeState (InitDatanodeState.java:persistContainerDatanodeDetails(145)) - DatanodeDetails is persisted to /home/runner/work/ozone/ozone/hadoop-ozone/integration-test/target/test-dir/MiniOzoneClusterImpl-0566475b-15f3-492a-9b28-f78457f271af/datanode-2/meta/datanode.id
2021-10-28 01:49:17,554 [Listener at 127.0.0.1/46475] INFO  ozone.HddsDatanodeService (HddsDatanodeService.java:start(234)) - HddsDatanodeService host:fv-az270-135.tacnzluakwdehk1hpragurqkma.bx.internal.cloudapp.net ip:10.1.0.29
2021-10-28 01:49:17,628 [Listener at 127.0.0.1/46475] INFO  upgrade.AbstractLayoutVersionManager (AbstractLayoutVersionManager.java:init(79)) - Initializing Layout version manager with metadata layout = SCM_HA (version = 2), software layout = SCM_HA (version = 2)
2021-10-28 01:49:17,724 [Listener at 127.0.0.1/46475] INFO  reflections.Reflections (Reflections.java:scan(232)) - Reflections took 95 ms to scan 7 urls, producing 119 keys and 279 values 
2021-10-28 01:49:17,726 [Listener at 127.0.0.1/46475] INFO  statemachine.DatanodeStateMachine (DatanodeStateMachine.java:getEndPointTaskThreadPoolSize(219)) - Datanode State Machine Task Thread Pool size 2
2021-10-28 01:49:17,727 [Listener at 127.0.0.1/46475] INFO  volume.HddsVolume (HddsVolume.java:<init>(120)) - Creating HddsVolume: /home/runner/work/ozone/ozone/hadoop-ozone/integration-test/target/test-dir/MiniOzoneClusterImpl-0566475b-15f3-492a-9b28-f78457f271af/datanode-3/data-0/containers/hdds of storage type : DISK capacity : 9223372036854775807
2021-10-28 01:49:17,727 [Listener at 127.0.0.1/46475] INFO  volume.MutableVolumeSet (MutableVolumeSet.java:initializeVolumeSet(168)) - Added Volume : /home/runner/work/ozone/ozone/hadoop-ozone/integration-test/target/test-dir/MiniOzoneClusterImpl-0566475b-15f3-492a-9b28-f78457f271af/datanode-3/data-0/containers/hdds to VolumeSet
2021-10-28 01:49:17,728 [Listener at 127.0.0.1/46475] INFO  volume.ThrottledAsyncChecker (ThrottledAsyncChecker.java:schedule(141)) - Scheduling a check for /home/runner/work/ozone/ozone/hadoop-ozone/integration-test/target/test-dir/MiniOzoneClusterImpl-0566475b-15f3-492a-9b28-f78457f271af/datanode-3/data-0/containers/hdds
2021-10-28 01:49:17,771 [Listener at 127.0.0.1/46475] INFO  volume.StorageVolumeChecker (StorageVolumeChecker.java:checkAllVolumes(202)) - Scheduled health check for volume /home/runner/work/ozone/ozone/hadoop-ozone/integration-test/target/test-dir/MiniOzoneClusterImpl-0566475b-15f3-492a-9b28-f78457f271af/datanode-3/data-0/containers/hdds
2021-10-28 01:49:17,821 [Listener at 127.0.0.1/46475] INFO  volume.MutableVolumeSet (MutableVolumeSet.java:initializeVolumeSet(168)) - Added Volume : /home/runner/work/ozone/ozone/hadoop-ozone/integration-test/target/test-dir/MiniOzoneClusterImpl-0566475b-15f3-492a-9b28-f78457f271af/datanode-3/data/ratis to VolumeSet
2021-10-28 01:49:17,821 [Listener at 127.0.0.1/46475] INFO  volume.ThrottledAsyncChecker (ThrottledAsyncChecker.java:schedule(141)) - Scheduling a check for /home/runner/work/ozone/ozone/hadoop-ozone/integration-test/target/test-dir/MiniOzoneClusterImpl-0566475b-15f3-492a-9b28-f78457f271af/datanode-3/data/ratis
2021-10-28 01:49:17,821 [Listener at 127.0.0.1/46475] INFO  volume.StorageVolumeChecker (StorageVolumeChecker.java:checkAllVolumes(202)) - Scheduled health check for volume /home/runner/work/ozone/ozone/hadoop-ozone/integration-test/target/test-dir/MiniOzoneClusterImpl-0566475b-15f3-492a-9b28-f78457f271af/datanode-3/data/ratis
2021-10-28 01:49:17,869 [Thread-1369] INFO  ozoneimpl.ContainerReader (ContainerReader.java:readVolume(172)) - Finish verifying containers on volume /home/runner/work/ozone/ozone/hadoop-ozone/integration-test/target/test-dir/MiniOzoneClusterImpl-0566475b-15f3-492a-9b28-f78457f271af/datanode-3/data-0/containers/hdds
2021-10-28 01:49:17,869 [Listener at 127.0.0.1/46475] INFO  ozoneimpl.OzoneContainer (OzoneContainer.java:buildContainerSet(236)) - Build ContainerSet costs 0s
2021-10-28 01:49:17,870 [Listener at 127.0.0.1/46475] INFO  server.RaftServer (ConfUtils.java:logGet(44)) - raft.rpc.type = GRPC (default)
2021-10-28 01:49:17,871 [Listener at 127.0.0.1/46475] INFO  grpc.GrpcFactory (GrpcFactory.java:checkPooledByteBufAllocatorUseCacheForAllThreads(48)) - PERFORMANCE WARNING: useCacheForAllThreads is true that may cause Netty to create a lot garbage objects and, as a result, trigger GC.
	It is recommended to disable useCacheForAllThreads by setting -Dorg.apache.ratis.thirdparty.io.netty.allocator.useCacheForAllThreads=false in command line.
2021-10-28 01:49:17,871 [Listener at 127.0.0.1/46475] INFO  grpc.GrpcConfigKeys (ConfUtils.java:logGet(44)) - raft.grpc.admin.port = 0 (custom)
2021-10-28 01:49:17,871 [Listener at 127.0.0.1/46475] INFO  grpc.GrpcConfigKeys (ConfUtils.java:logGet(44)) - raft.grpc.client.port = 0 (custom)
2021-10-28 01:49:17,871 [Listener at 127.0.0.1/46475] INFO  grpc.GrpcConfigKeys (ConfUtils.java:logGet(44)) - raft.grpc.server.port = 0 (default)
2021-10-28 01:49:17,871 [Listener at 127.0.0.1/46475] INFO  server.GrpcService (ConfUtils.java:logGet(44)) - raft.grpc.message.size.max = 32MB (=33554432) (custom)
2021-10-28 01:49:17,871 [Listener at 127.0.0.1/46475] INFO  server.RaftServerConfigKeys (ConfUtils.java:logGet(44)) - raft.server.log.appender.buffer.byte-limit = 33554432 (custom)
2021-10-28 01:49:17,874 [Listener at 127.0.0.1/46475] INFO  server.GrpcService (ConfUtils.java:logGet(44)) - raft.grpc.flow.control.window = 5MB (=5242880) (custom)
2021-10-28 01:49:17,874 [Listener at 127.0.0.1/46475] INFO  server.RaftServerConfigKeys (ConfUtils.java:logGet(44)) - raft.server.rpc.request.timeout = 3000ms (default)
2021-10-28 01:49:17,875 [Listener at 127.0.0.1/46475] INFO  impl.DataStreamServerImpl (ConfUtils.java:logGet(44)) - raft.datastream.type = DISABLED (default)
2021-10-28 01:49:17,875 [Listener at 127.0.0.1/46475] INFO  server.RaftServerConfigKeys (ConfUtils.java:logGet(44)) - raft.server.rpc.slowness.timeout = 300000ms (custom)
2021-10-28 01:49:17,875 [Listener at 127.0.0.1/46475] INFO  server.RaftServerConfigKeys (ConfUtils.java:logGet(44)) - raft.server.leaderelection.leader.step-down.wait-time = 10s (default)
2021-10-28 01:49:17,875 [Listener at 127.0.0.1/46475] INFO  server.RaftServerConfigKeys (ConfUtils.java:logGet(44)) - raft.server.storage.dir = [/home/runner/work/ozone/ozone/hadoop-ozone/integration-test/target/test-dir/MiniOzoneClusterImpl-0566475b-15f3-492a-9b28-f78457f271af/datanode-3/data/ratis] (custom)
2021-10-28 01:49:17,879 [Listener at 127.0.0.1/46475] INFO  http.BaseHttpServer (BaseHttpServer.java:newHttpServer2BuilderForOzone(209)) - Starting Web-server for hddsDatanode at: http://0.0.0.0:0
2021-10-28 01:49:17,879 [Listener at 127.0.0.1/46475] INFO  http.BaseHttpServer (BaseHttpServer.java:<init>(107)) - Hadoop Security Enabled: false Ozone Security Enabled: false Ozone HTTP Security Enabled: false 
2021-10-28 01:49:17,880 [Listener at 127.0.0.1/46475] INFO  server.AuthenticationFilter (AuthenticationFilter.java:constructSecretProvider(240)) - Unable to initialize FileSignerSecretProvider, falling back to use random secrets.
2021-10-28 01:49:17,880 [Listener at 127.0.0.1/46475] WARN  http.HttpRequestLog (HttpRequestLog.java:getRequestLog(103)) - Jetty request log can only be enabled using Log4j
2021-10-28 01:49:17,881 [Listener at 127.0.0.1/46475] INFO  http.HttpServer2 (HttpServer2.java:addGlobalFilter(1030)) - Added global filter 'safety' (class=org.apache.hadoop.hdds.server.http.HttpServer2$QuotingInputFilter)
2021-10-28 01:49:17,881 [Listener at 127.0.0.1/46475] INFO  http.HttpServer2 (HttpServer2.java:addFilter(1006)) - Added filter static_user_filter (class=org.apache.hadoop.http.lib.StaticUserWebFilter$StaticUserFilter) to context hddsDatanode
2021-10-28 01:49:17,881 [Listener at 127.0.0.1/46475] INFO  http.HttpServer2 (HttpServer2.java:addFilter(1014)) - Added filter static_user_filter (class=org.apache.hadoop.http.lib.StaticUserWebFilter$StaticUserFilter) to context static
2021-10-28 01:49:17,882 [Listener at 127.0.0.1/46475] INFO  http.HttpServer2 (HttpServer2.java:addFilter(1014)) - Added filter static_user_filter (class=org.apache.hadoop.http.lib.StaticUserWebFilter$StaticUserFilter) to context logs
2021-10-28 01:49:17,882 [Listener at 127.0.0.1/46475] INFO  http.HttpServer2 (HttpServer2.java:bindListener(1249)) - Jetty bound to port 45727
2021-10-28 01:49:17,882 [Listener at 127.0.0.1/46475] INFO  server.Server (Server.java:doStart(375)) - jetty-9.4.43.v20210629; built: 2021-06-30T11:07:22.254Z; git: 526006ecfa3af7f1a27ef3a288e2bef7ea9dd7e8; jvm 1.8.0_292-b10
2021-10-28 01:49:17,979 [Listener at 127.0.0.1/46475] INFO  server.session (DefaultSessionIdManager.java:doStart(334)) - DefaultSessionIdManager workerName=node0
2021-10-28 01:49:17,979 [Listener at 127.0.0.1/46475] INFO  server.session (DefaultSessionIdManager.java:doStart(339)) - No SessionScavenger set, using defaults
2021-10-28 01:49:17,980 [Listener at 127.0.0.1/46475] INFO  server.session (HouseKeeper.java:startScavenging(132)) - node0 Scavenging every 600000ms
2021-10-28 01:49:17,981 [Listener at 127.0.0.1/46475] INFO  handler.ContextHandler (ContextHandler.java:doStart(915)) - Started o.e.j.s.ServletContextHandler@31fd8f92{logs,/logs,file:///home/runner/work/ozone/ozone/hadoop-ozone/integration-test/target/log,AVAILABLE}
2021-10-28 01:49:17,981 [Listener at 127.0.0.1/46475] INFO  handler.ContextHandler (ContextHandler.java:doStart(915)) - Started o.e.j.s.ServletContextHandler@2805de0c{static,/static,jar:file:/home/runner/.m2/repository/org/apache/ozone/hdds-container-service/1.2.0-SNAPSHOT/hdds-container-service-1.2.0-SNAPSHOT.jar!/webapps/static,AVAILABLE}
2021-10-28 01:49:18,064 [EndpointStateMachine task thread for /0.0.0.0:37905 - 0 ] INFO  ozoneimpl.OzoneContainer (OzoneContainer.java:start(304)) - Attempting to start container services.
2021-10-28 01:49:18,064 [EndpointStateMachine task thread for /0.0.0.0:37905 - 0 ] INFO  ozoneimpl.OzoneContainer (OzoneContainer.java:startContainerScrub(249)) - Background container scanner has been disabled.
2021-10-28 01:49:18,065 [EndpointStateMachine task thread for /0.0.0.0:37905 - 0 ] INFO  replication.ReplicationServer (ReplicationServer.java:start(107)) - ReplicationServer is started using port 33957
2021-10-28 01:49:18,066 [EndpointStateMachine task thread for /0.0.0.0:37905 - 0 ] INFO  ratis.XceiverServerRatis (XceiverServerRatis.java:start(484)) - Starting XceiverServerRatis 253ef487-fc9a-46cf-a18f-fb890cfa9c45
2021-10-28 01:49:18,071 [EndpointStateMachine task thread for /0.0.0.0:37905 - 0 ] INFO  server.RaftServer (RaftServerProxy.java:lambda$start$5(374)) - 253ef487-fc9a-46cf-a18f-fb890cfa9c45: start RPC server
2021-10-28 01:49:18,079 [EndpointStateMachine task thread for /0.0.0.0:37905 - 0 ] INFO  server.GrpcService (GrpcService.java:startImpl(253)) - 253ef487-fc9a-46cf-a18f-fb890cfa9c45: GrpcService started, listening on 46847
2021-10-28 01:49:18,095 [EndpointStateMachine task thread for /0.0.0.0:37905 - 0 ] INFO  ratis.XceiverServerRatis (XceiverServerRatis.java:getRealPort(505)) - XceiverServerRatis 253ef487-fc9a-46cf-a18f-fb890cfa9c45 is started using port 46847 for RATIS
2021-10-28 01:49:18,095 [EndpointStateMachine task thread for /0.0.0.0:37905 - 0 ] INFO  ratis.XceiverServerRatis (XceiverServerRatis.java:getRealPort(505)) - XceiverServerRatis 253ef487-fc9a-46cf-a18f-fb890cfa9c45 is started using port 46847 for RATIS_ADMIN
2021-10-28 01:49:18,095 [EndpointStateMachine task thread for /0.0.0.0:37905 - 0 ] INFO  ratis.XceiverServerRatis (XceiverServerRatis.java:getRealPort(505)) - XceiverServerRatis 253ef487-fc9a-46cf-a18f-fb890cfa9c45 is started using port 46847 for RATIS_SERVER
2021-10-28 01:49:18,101 [EndpointStateMachine task thread for /0.0.0.0:37905 - 0 ] INFO  server.XceiverServerGrpc (XceiverServerGrpc.java:start(135)) - XceiverServerGrpc 253ef487-fc9a-46cf-a18f-fb890cfa9c45 is started using port 44157
2021-10-28 01:49:18,144 [org.apache.ratis.util.JvmPauseMonitor$$Lambda$531/277938555@64387fbe] INFO  util.JvmPauseMonitor (JvmPauseMonitor.java:run(103)) - JvmPauseMonitor-253ef487-fc9a-46cf-a18f-fb890cfa9c45: Started
2021-10-28 01:49:18,176 [Listener at 127.0.0.1/46475] INFO  handler.ContextHandler (ContextHandler.java:doStart(915)) - Started o.e.j.w.WebAppContext@7bc49fba{hddsDatanode,/,file:///tmp/jetty-0_0_0_0-45727-hdds-container-service-1_2_0-SNAPSHOT_jar-_-any-725344172858838571/webapp/,AVAILABLE}{jar:file:/home/runner/.m2/repository/org/apache/ozone/hdds-container-service/1.2.0-SNAPSHOT/hdds-container-service-1.2.0-SNAPSHOT.jar!/webapps/hddsDatanode}
2021-10-28 01:49:18,187 [Listener at 127.0.0.1/46475] INFO  server.AbstractConnector (AbstractConnector.java:doStart(331)) - Started ServerConnector@2594467{HTTP/1.1, (http/1.1)}{0.0.0.0:45727}
2021-10-28 01:49:18,187 [Listener at 127.0.0.1/46475] INFO  server.Server (Server.java:doStart(415)) - Started @180755ms
2021-10-28 01:49:18,187 [Listener at 127.0.0.1/46475] WARN  impl.MetricsSystemImpl (MetricsSystemImpl.java:register(279)) - Sink prometheus already exists!
2021-10-28 01:49:18,195 [Listener at 127.0.0.1/46475] INFO  http.BaseHttpServer (BaseHttpServer.java:updateConnectorAddress(329)) - HTTP server of hddsDatanode listening at http://0.0.0.0:45727
2021-10-28 01:49:18,203 [Listener at 127.0.0.1/46475] WARN  impl.MetricRegistriesImpl (MetricRegistriesImpl.java:addReporterRegistration(111)) - New reporters are added after registries were created. Some metrics will be missing from the reporter. Please add reporter before adding any new registry.
2021-10-28 01:49:18,203 [Listener at 127.0.0.1/46475] WARN  impl.MetricRegistriesImpl (MetricRegistriesImpl.java:addReporterRegistration(111)) - New reporters are added after registries were created. Some metrics will be missing from the reporter. Please add reporter before adding any new registry.
2021-10-28 01:49:18,203 [Listener at 127.0.0.1/46475] INFO  impl.MetricsSystemImpl (MetricsSystemImpl.java:init(158)) - HddsDatanode metrics system started (again)
2021-10-28 01:49:18,206 [Datanode State Machine Daemon Thread] INFO  statemachine.DatanodeStateMachine (DatanodeStateMachine.java:lambda$startDaemon$0(467)) - Ozone container server started.
2021-10-28 01:49:18,223 [org.apache.hadoop.util.JvmPauseMonitor$Monitor@d0b2ddc] INFO  util.JvmPauseMonitor (JvmPauseMonitor.java:run(188)) - Starting JVM pause monitor
2021-10-28 01:49:18,237 [Datanode State Machine Task Thread - 0] INFO  datanode.InitDatanodeState (InitDatanodeState.java:persistContainerDatanodeDetails(145)) - DatanodeDetails is persisted to /home/runner/work/ozone/ozone/hadoop-ozone/integration-test/target/test-dir/MiniOzoneClusterImpl-0566475b-15f3-492a-9b28-f78457f271af/datanode-3/meta/datanode.id
2021-10-28 01:49:18,316 [Listener at 127.0.0.1/46475] INFO  ozone.HddsDatanodeService (HddsDatanodeService.java:start(234)) - HddsDatanodeService host:fv-az270-135.tacnzluakwdehk1hpragurqkma.bx.internal.cloudapp.net ip:10.1.0.29
2021-10-28 01:49:18,390 [Listener at 127.0.0.1/46475] INFO  upgrade.AbstractLayoutVersionManager (AbstractLayoutVersionManager.java:init(79)) - Initializing Layout version manager with metadata layout = SCM_HA (version = 2), software layout = SCM_HA (version = 2)
2021-10-28 01:49:18,524 [Listener at 127.0.0.1/46475] INFO  reflections.Reflections (Reflections.java:scan(232)) - Reflections took 132 ms to scan 7 urls, producing 119 keys and 279 values 
2021-10-28 01:49:18,528 [Listener at 127.0.0.1/46475] INFO  statemachine.DatanodeStateMachine (DatanodeStateMachine.java:getEndPointTaskThreadPoolSize(219)) - Datanode State Machine Task Thread Pool size 2
2021-10-28 01:49:18,532 [Listener at 127.0.0.1/46475] INFO  volume.HddsVolume (HddsVolume.java:<init>(120)) - Creating HddsVolume: /home/runner/work/ozone/ozone/hadoop-ozone/integration-test/target/test-dir/MiniOzoneClusterImpl-0566475b-15f3-492a-9b28-f78457f271af/datanode-4/data-0/containers/hdds of storage type : DISK capacity : 9223372036854775807
2021-10-28 01:49:18,532 [Listener at 127.0.0.1/46475] INFO  volume.MutableVolumeSet (MutableVolumeSet.java:initializeVolumeSet(168)) - Added Volume : /home/runner/work/ozone/ozone/hadoop-ozone/integration-test/target/test-dir/MiniOzoneClusterImpl-0566475b-15f3-492a-9b28-f78457f271af/datanode-4/data-0/containers/hdds to VolumeSet
2021-10-28 01:49:18,532 [Listener at 127.0.0.1/46475] INFO  volume.ThrottledAsyncChecker (ThrottledAsyncChecker.java:schedule(141)) - Scheduling a check for /home/runner/work/ozone/ozone/hadoop-ozone/integration-test/target/test-dir/MiniOzoneClusterImpl-0566475b-15f3-492a-9b28-f78457f271af/datanode-4/data-0/containers/hdds
2021-10-28 01:49:18,537 [Listener at 127.0.0.1/46475] INFO  volume.StorageVolumeChecker (StorageVolumeChecker.java:checkAllVolumes(202)) - Scheduled health check for volume /home/runner/work/ozone/ozone/hadoop-ozone/integration-test/target/test-dir/MiniOzoneClusterImpl-0566475b-15f3-492a-9b28-f78457f271af/datanode-4/data-0/containers/hdds
2021-10-28 01:49:18,565 [Listener at 127.0.0.1/46475] INFO  volume.MutableVolumeSet (MutableVolumeSet.java:initializeVolumeSet(168)) - Added Volume : /home/runner/work/ozone/ozone/hadoop-ozone/integration-test/target/test-dir/MiniOzoneClusterImpl-0566475b-15f3-492a-9b28-f78457f271af/datanode-4/data/ratis to VolumeSet
2021-10-28 01:49:18,565 [Listener at 127.0.0.1/46475] INFO  volume.ThrottledAsyncChecker (ThrottledAsyncChecker.java:schedule(141)) - Scheduling a check for /home/runner/work/ozone/ozone/hadoop-ozone/integration-test/target/test-dir/MiniOzoneClusterImpl-0566475b-15f3-492a-9b28-f78457f271af/datanode-4/data/ratis
2021-10-28 01:49:18,565 [Listener at 127.0.0.1/46475] INFO  volume.StorageVolumeChecker (StorageVolumeChecker.java:checkAllVolumes(202)) - Scheduled health check for volume /home/runner/work/ozone/ozone/hadoop-ozone/integration-test/target/test-dir/MiniOzoneClusterImpl-0566475b-15f3-492a-9b28-f78457f271af/datanode-4/data/ratis
2021-10-28 01:49:18,605 [Thread-1385] INFO  ozoneimpl.ContainerReader (ContainerReader.java:readVolume(172)) - Finish verifying containers on volume /home/runner/work/ozone/ozone/hadoop-ozone/integration-test/target/test-dir/MiniOzoneClusterImpl-0566475b-15f3-492a-9b28-f78457f271af/datanode-4/data-0/containers/hdds
2021-10-28 01:49:18,605 [Listener at 127.0.0.1/46475] INFO  ozoneimpl.OzoneContainer (OzoneContainer.java:buildContainerSet(236)) - Build ContainerSet costs 0s
2021-10-28 01:49:18,607 [Listener at 127.0.0.1/46475] INFO  server.RaftServer (ConfUtils.java:logGet(44)) - raft.rpc.type = GRPC (default)
2021-10-28 01:49:18,607 [Listener at 127.0.0.1/46475] INFO  grpc.GrpcFactory (GrpcFactory.java:checkPooledByteBufAllocatorUseCacheForAllThreads(48)) - PERFORMANCE WARNING: useCacheForAllThreads is true that may cause Netty to create a lot garbage objects and, as a result, trigger GC.
	It is recommended to disable useCacheForAllThreads by setting -Dorg.apache.ratis.thirdparty.io.netty.allocator.useCacheForAllThreads=false in command line.
2021-10-28 01:49:18,607 [Listener at 127.0.0.1/46475] INFO  grpc.GrpcConfigKeys (ConfUtils.java:logGet(44)) - raft.grpc.admin.port = 0 (custom)
2021-10-28 01:49:18,608 [Listener at 127.0.0.1/46475] INFO  grpc.GrpcConfigKeys (ConfUtils.java:logGet(44)) - raft.grpc.client.port = 0 (custom)
2021-10-28 01:49:18,608 [Listener at 127.0.0.1/46475] INFO  grpc.GrpcConfigKeys (ConfUtils.java:logGet(44)) - raft.grpc.server.port = 0 (default)
2021-10-28 01:49:18,608 [Listener at 127.0.0.1/46475] INFO  server.GrpcService (ConfUtils.java:logGet(44)) - raft.grpc.message.size.max = 32MB (=33554432) (custom)
2021-10-28 01:49:18,609 [Listener at 127.0.0.1/46475] INFO  server.RaftServerConfigKeys (ConfUtils.java:logGet(44)) - raft.server.log.appender.buffer.byte-limit = 33554432 (custom)
2021-10-28 01:49:18,609 [Listener at 127.0.0.1/46475] INFO  server.GrpcService (ConfUtils.java:logGet(44)) - raft.grpc.flow.control.window = 5MB (=5242880) (custom)
2021-10-28 01:49:18,609 [Listener at 127.0.0.1/46475] INFO  server.RaftServerConfigKeys (ConfUtils.java:logGet(44)) - raft.server.rpc.request.timeout = 3000ms (default)
2021-10-28 01:49:18,610 [Listener at 127.0.0.1/46475] INFO  impl.DataStreamServerImpl (ConfUtils.java:logGet(44)) - raft.datastream.type = DISABLED (default)
2021-10-28 01:49:18,610 [Listener at 127.0.0.1/46475] INFO  server.RaftServerConfigKeys (ConfUtils.java:logGet(44)) - raft.server.rpc.slowness.timeout = 300000ms (custom)
2021-10-28 01:49:18,610 [Listener at 127.0.0.1/46475] INFO  server.RaftServerConfigKeys (ConfUtils.java:logGet(44)) - raft.server.leaderelection.leader.step-down.wait-time = 10s (default)
2021-10-28 01:49:18,610 [Listener at 127.0.0.1/46475] INFO  server.RaftServerConfigKeys (ConfUtils.java:logGet(44)) - raft.server.storage.dir = [/home/runner/work/ozone/ozone/hadoop-ozone/integration-test/target/test-dir/MiniOzoneClusterImpl-0566475b-15f3-492a-9b28-f78457f271af/datanode-4/data/ratis] (custom)
2021-10-28 01:49:18,627 [Listener at 127.0.0.1/46475] INFO  http.BaseHttpServer (BaseHttpServer.java:newHttpServer2BuilderForOzone(209)) - Starting Web-server for hddsDatanode at: http://0.0.0.0:0
2021-10-28 01:49:18,627 [Listener at 127.0.0.1/46475] INFO  http.BaseHttpServer (BaseHttpServer.java:<init>(107)) - Hadoop Security Enabled: false Ozone Security Enabled: false Ozone HTTP Security Enabled: false 
2021-10-28 01:49:18,628 [Listener at 127.0.0.1/46475] INFO  server.AuthenticationFilter (AuthenticationFilter.java:constructSecretProvider(240)) - Unable to initialize FileSignerSecretProvider, falling back to use random secrets.
2021-10-28 01:49:18,645 [Listener at 127.0.0.1/46475] WARN  http.HttpRequestLog (HttpRequestLog.java:getRequestLog(103)) - Jetty request log can only be enabled using Log4j
2021-10-28 01:49:18,645 [Listener at 127.0.0.1/46475] INFO  http.HttpServer2 (HttpServer2.java:addGlobalFilter(1030)) - Added global filter 'safety' (class=org.apache.hadoop.hdds.server.http.HttpServer2$QuotingInputFilter)
2021-10-28 01:49:18,646 [Listener at 127.0.0.1/46475] INFO  http.HttpServer2 (HttpServer2.java:addFilter(1006)) - Added filter static_user_filter (class=org.apache.hadoop.http.lib.StaticUserWebFilter$StaticUserFilter) to context hddsDatanode
2021-10-28 01:49:18,646 [Listener at 127.0.0.1/46475] INFO  http.HttpServer2 (HttpServer2.java:addFilter(1014)) - Added filter static_user_filter (class=org.apache.hadoop.http.lib.StaticUserWebFilter$StaticUserFilter) to context static
2021-10-28 01:49:18,646 [Listener at 127.0.0.1/46475] INFO  http.HttpServer2 (HttpServer2.java:addFilter(1014)) - Added filter static_user_filter (class=org.apache.hadoop.http.lib.StaticUserWebFilter$StaticUserFilter) to context logs
2021-10-28 01:49:18,646 [Listener at 127.0.0.1/46475] INFO  http.HttpServer2 (HttpServer2.java:bindListener(1249)) - Jetty bound to port 41023
2021-10-28 01:49:18,646 [Listener at 127.0.0.1/46475] INFO  server.Server (Server.java:doStart(375)) - jetty-9.4.43.v20210629; built: 2021-06-30T11:07:22.254Z; git: 526006ecfa3af7f1a27ef3a288e2bef7ea9dd7e8; jvm 1.8.0_292-b10
2021-10-28 01:49:18,650 [Listener at 127.0.0.1/46475] INFO  server.session (DefaultSessionIdManager.java:doStart(334)) - DefaultSessionIdManager workerName=node0
2021-10-28 01:49:18,651 [Listener at 127.0.0.1/46475] INFO  server.session (DefaultSessionIdManager.java:doStart(339)) - No SessionScavenger set, using defaults
2021-10-28 01:49:18,651 [Listener at 127.0.0.1/46475] INFO  server.session (HouseKeeper.java:startScavenging(132)) - node0 Scavenging every 600000ms
2021-10-28 01:49:18,657 [Listener at 127.0.0.1/46475] INFO  handler.ContextHandler (ContextHandler.java:doStart(915)) - Started o.e.j.s.ServletContextHandler@6260094c{logs,/logs,file:///home/runner/work/ozone/ozone/hadoop-ozone/integration-test/target/log,AVAILABLE}
2021-10-28 01:49:18,658 [Listener at 127.0.0.1/46475] INFO  handler.ContextHandler (ContextHandler.java:doStart(915)) - Started o.e.j.s.ServletContextHandler@6311cae6{static,/static,jar:file:/home/runner/.m2/repository/org/apache/ozone/hdds-container-service/1.2.0-SNAPSHOT/hdds-container-service-1.2.0-SNAPSHOT.jar!/webapps/static,AVAILABLE}
2021-10-28 01:49:18,755 [Listener at 127.0.0.1/46475] INFO  handler.ContextHandler (ContextHandler.java:doStart(915)) - Started o.e.j.w.WebAppContext@179a6102{hddsDatanode,/,file:///tmp/jetty-0_0_0_0-41023-hdds-container-service-1_2_0-SNAPSHOT_jar-_-any-6258013892342540817/webapp/,AVAILABLE}{jar:file:/home/runner/.m2/repository/org/apache/ozone/hdds-container-service/1.2.0-SNAPSHOT/hdds-container-service-1.2.0-SNAPSHOT.jar!/webapps/hddsDatanode}
2021-10-28 01:49:18,783 [Listener at 127.0.0.1/46475] INFO  server.AbstractConnector (AbstractConnector.java:doStart(331)) - Started ServerConnector@42c9223c{HTTP/1.1, (http/1.1)}{0.0.0.0:41023}
2021-10-28 01:49:18,789 [Listener at 127.0.0.1/46475] INFO  server.Server (Server.java:doStart(415)) - Started @181356ms
2021-10-28 01:49:18,791 [Listener at 127.0.0.1/46475] WARN  impl.MetricsSystemImpl (MetricsSystemImpl.java:register(279)) - Sink prometheus already exists!
2021-10-28 01:49:18,792 [Listener at 127.0.0.1/46475] INFO  http.BaseHttpServer (BaseHttpServer.java:updateConnectorAddress(329)) - HTTP server of hddsDatanode listening at http://0.0.0.0:41023
2021-10-28 01:49:18,803 [Listener at 127.0.0.1/46475] WARN  impl.MetricRegistriesImpl (MetricRegistriesImpl.java:addReporterRegistration(111)) - New reporters are added after registries were created. Some metrics will be missing from the reporter. Please add reporter before adding any new registry.
2021-10-28 01:49:18,803 [Listener at 127.0.0.1/46475] WARN  impl.MetricRegistriesImpl (MetricRegistriesImpl.java:addReporterRegistration(111)) - New reporters are added after registries were created. Some metrics will be missing from the reporter. Please add reporter before adding any new registry.
2021-10-28 01:49:18,803 [Listener at 127.0.0.1/46475] INFO  impl.MetricsSystemImpl (MetricsSystemImpl.java:init(158)) - HddsDatanode metrics system started (again)
2021-10-28 01:49:18,812 [Datanode State Machine Daemon Thread] INFO  statemachine.DatanodeStateMachine (DatanodeStateMachine.java:lambda$startDaemon$0(467)) - Ozone container server started.
2021-10-28 01:49:18,854 [EndpointStateMachine task thread for /0.0.0.0:37905 - 0 ] INFO  ozoneimpl.OzoneContainer (OzoneContainer.java:start(304)) - Attempting to start container services.
2021-10-28 01:49:18,854 [EndpointStateMachine task thread for /0.0.0.0:37905 - 0 ] INFO  ozoneimpl.OzoneContainer (OzoneContainer.java:startContainerScrub(249)) - Background container scanner has been disabled.
2021-10-28 01:49:18,857 [EndpointStateMachine task thread for /0.0.0.0:37905 - 0 ] INFO  replication.ReplicationServer (ReplicationServer.java:start(107)) - ReplicationServer is started using port 43661
2021-10-28 01:49:18,858 [EndpointStateMachine task thread for /0.0.0.0:37905 - 0 ] INFO  ratis.XceiverServerRatis (XceiverServerRatis.java:start(484)) - Starting XceiverServerRatis 167d9434-a89e-4891-b1b1-bac4f9f29552
2021-10-28 01:49:18,863 [org.apache.hadoop.util.JvmPauseMonitor$Monitor@438d02ca] INFO  util.JvmPauseMonitor (JvmPauseMonitor.java:run(188)) - Starting JVM pause monitor
2021-10-28 01:49:18,892 [EndpointStateMachine task thread for /0.0.0.0:37905 - 0 ] INFO  server.RaftServer (RaftServerProxy.java:lambda$start$5(374)) - 167d9434-a89e-4891-b1b1-bac4f9f29552: start RPC server
2021-10-28 01:49:18,899 [EndpointStateMachine task thread for /0.0.0.0:37905 - 0 ] INFO  server.GrpcService (GrpcService.java:startImpl(253)) - 167d9434-a89e-4891-b1b1-bac4f9f29552: GrpcService started, listening on 32839
2021-10-28 01:49:18,905 [EndpointStateMachine task thread for /0.0.0.0:37905 - 0 ] INFO  ratis.XceiverServerRatis (XceiverServerRatis.java:getRealPort(505)) - XceiverServerRatis 167d9434-a89e-4891-b1b1-bac4f9f29552 is started using port 32839 for RATIS
2021-10-28 01:49:18,906 [EndpointStateMachine task thread for /0.0.0.0:37905 - 0 ] INFO  ratis.XceiverServerRatis (XceiverServerRatis.java:getRealPort(505)) - XceiverServerRatis 167d9434-a89e-4891-b1b1-bac4f9f29552 is started using port 32839 for RATIS_ADMIN
2021-10-28 01:49:18,906 [EndpointStateMachine task thread for /0.0.0.0:37905 - 0 ] INFO  ratis.XceiverServerRatis (XceiverServerRatis.java:getRealPort(505)) - XceiverServerRatis 167d9434-a89e-4891-b1b1-bac4f9f29552 is started using port 32839 for RATIS_SERVER
2021-10-28 01:49:18,907 [Listener at 127.0.0.1/46475] INFO  ozone.HddsDatanodeService (HddsDatanodeService.java:start(234)) - HddsDatanodeService host:fv-az270-135.tacnzluakwdehk1hpragurqkma.bx.internal.cloudapp.net ip:10.1.0.29
2021-10-28 01:49:18,907 [Datanode State Machine Task Thread - 0] INFO  datanode.InitDatanodeState (InitDatanodeState.java:persistContainerDatanodeDetails(145)) - DatanodeDetails is persisted to /home/runner/work/ozone/ozone/hadoop-ozone/integration-test/target/test-dir/MiniOzoneClusterImpl-0566475b-15f3-492a-9b28-f78457f271af/datanode-4/meta/datanode.id
2021-10-28 01:49:18,908 [EndpointStateMachine task thread for /0.0.0.0:37905 - 0 ] INFO  server.XceiverServerGrpc (XceiverServerGrpc.java:start(135)) - XceiverServerGrpc 167d9434-a89e-4891-b1b1-bac4f9f29552 is started using port 40527
2021-10-28 01:49:18,915 [org.apache.ratis.util.JvmPauseMonitor$$Lambda$531/277938555@732c71f1] INFO  util.JvmPauseMonitor (JvmPauseMonitor.java:run(103)) - JvmPauseMonitor-167d9434-a89e-4891-b1b1-bac4f9f29552: Started
2021-10-28 01:49:18,986 [Listener at 127.0.0.1/46475] INFO  upgrade.AbstractLayoutVersionManager (AbstractLayoutVersionManager.java:init(79)) - Initializing Layout version manager with metadata layout = SCM_HA (version = 2), software layout = SCM_HA (version = 2)
2021-10-28 01:49:19,198 [Listener at 127.0.0.1/46475] INFO  reflections.Reflections (Reflections.java:scan(232)) - Reflections took 211 ms to scan 7 urls, producing 119 keys and 279 values 
2021-10-28 01:49:19,204 [Listener at 127.0.0.1/46475] INFO  statemachine.DatanodeStateMachine (DatanodeStateMachine.java:getEndPointTaskThreadPoolSize(219)) - Datanode State Machine Task Thread Pool size 2
2021-10-28 01:49:19,206 [Listener at 127.0.0.1/46475] INFO  volume.HddsVolume (HddsVolume.java:<init>(120)) - Creating HddsVolume: /home/runner/work/ozone/ozone/hadoop-ozone/integration-test/target/test-dir/MiniOzoneClusterImpl-0566475b-15f3-492a-9b28-f78457f271af/datanode-5/data-0/containers/hdds of storage type : DISK capacity : 9223372036854775807
2021-10-28 01:49:19,206 [Listener at 127.0.0.1/46475] INFO  volume.MutableVolumeSet (MutableVolumeSet.java:initializeVolumeSet(168)) - Added Volume : /home/runner/work/ozone/ozone/hadoop-ozone/integration-test/target/test-dir/MiniOzoneClusterImpl-0566475b-15f3-492a-9b28-f78457f271af/datanode-5/data-0/containers/hdds to VolumeSet
2021-10-28 01:49:19,206 [Listener at 127.0.0.1/46475] INFO  volume.ThrottledAsyncChecker (ThrottledAsyncChecker.java:schedule(141)) - Scheduling a check for /home/runner/work/ozone/ozone/hadoop-ozone/integration-test/target/test-dir/MiniOzoneClusterImpl-0566475b-15f3-492a-9b28-f78457f271af/datanode-5/data-0/containers/hdds
2021-10-28 01:49:19,231 [Listener at 127.0.0.1/46475] INFO  volume.StorageVolumeChecker (StorageVolumeChecker.java:checkAllVolumes(202)) - Scheduled health check for volume /home/runner/work/ozone/ozone/hadoop-ozone/integration-test/target/test-dir/MiniOzoneClusterImpl-0566475b-15f3-492a-9b28-f78457f271af/datanode-5/data-0/containers/hdds
2021-10-28 01:49:19,255 [Listener at 127.0.0.1/46475] INFO  volume.MutableVolumeSet (MutableVolumeSet.java:initializeVolumeSet(168)) - Added Volume : /home/runner/work/ozone/ozone/hadoop-ozone/integration-test/target/test-dir/MiniOzoneClusterImpl-0566475b-15f3-492a-9b28-f78457f271af/datanode-5/data/ratis to VolumeSet
2021-10-28 01:49:19,255 [Listener at 127.0.0.1/46475] INFO  volume.ThrottledAsyncChecker (ThrottledAsyncChecker.java:schedule(141)) - Scheduling a check for /home/runner/work/ozone/ozone/hadoop-ozone/integration-test/target/test-dir/MiniOzoneClusterImpl-0566475b-15f3-492a-9b28-f78457f271af/datanode-5/data/ratis
2021-10-28 01:49:19,256 [Listener at 127.0.0.1/46475] INFO  volume.StorageVolumeChecker (StorageVolumeChecker.java:checkAllVolumes(202)) - Scheduled health check for volume /home/runner/work/ozone/ozone/hadoop-ozone/integration-test/target/test-dir/MiniOzoneClusterImpl-0566475b-15f3-492a-9b28-f78457f271af/datanode-5/data/ratis
2021-10-28 01:49:19,274 [Thread-1400] INFO  ozoneimpl.ContainerReader (ContainerReader.java:readVolume(172)) - Finish verifying containers on volume /home/runner/work/ozone/ozone/hadoop-ozone/integration-test/target/test-dir/MiniOzoneClusterImpl-0566475b-15f3-492a-9b28-f78457f271af/datanode-5/data-0/containers/hdds
2021-10-28 01:49:19,274 [Listener at 127.0.0.1/46475] INFO  ozoneimpl.OzoneContainer (OzoneContainer.java:buildContainerSet(236)) - Build ContainerSet costs 0s
2021-10-28 01:49:19,275 [Listener at 127.0.0.1/46475] INFO  server.RaftServer (ConfUtils.java:logGet(44)) - raft.rpc.type = GRPC (default)
2021-10-28 01:49:19,276 [Listener at 127.0.0.1/46475] INFO  grpc.GrpcFactory (GrpcFactory.java:checkPooledByteBufAllocatorUseCacheForAllThreads(48)) - PERFORMANCE WARNING: useCacheForAllThreads is true that may cause Netty to create a lot garbage objects and, as a result, trigger GC.
	It is recommended to disable useCacheForAllThreads by setting -Dorg.apache.ratis.thirdparty.io.netty.allocator.useCacheForAllThreads=false in command line.
2021-10-28 01:49:19,276 [Listener at 127.0.0.1/46475] INFO  grpc.GrpcConfigKeys (ConfUtils.java:logGet(44)) - raft.grpc.admin.port = 0 (custom)
2021-10-28 01:49:19,276 [Listener at 127.0.0.1/46475] INFO  grpc.GrpcConfigKeys (ConfUtils.java:logGet(44)) - raft.grpc.client.port = 0 (custom)
2021-10-28 01:49:19,276 [Listener at 127.0.0.1/46475] INFO  grpc.GrpcConfigKeys (ConfUtils.java:logGet(44)) - raft.grpc.server.port = 0 (default)
2021-10-28 01:49:19,276 [Listener at 127.0.0.1/46475] INFO  server.GrpcService (ConfUtils.java:logGet(44)) - raft.grpc.message.size.max = 32MB (=33554432) (custom)
2021-10-28 01:49:19,276 [Listener at 127.0.0.1/46475] INFO  server.RaftServerConfigKeys (ConfUtils.java:logGet(44)) - raft.server.log.appender.buffer.byte-limit = 33554432 (custom)
2021-10-28 01:49:19,276 [Listener at 127.0.0.1/46475] INFO  server.GrpcService (ConfUtils.java:logGet(44)) - raft.grpc.flow.control.window = 5MB (=5242880) (custom)
2021-10-28 01:49:19,276 [Listener at 127.0.0.1/46475] INFO  server.RaftServerConfigKeys (ConfUtils.java:logGet(44)) - raft.server.rpc.request.timeout = 3000ms (default)
2021-10-28 01:49:19,277 [Listener at 127.0.0.1/46475] INFO  impl.DataStreamServerImpl (ConfUtils.java:logGet(44)) - raft.datastream.type = DISABLED (default)
2021-10-28 01:49:19,277 [Listener at 127.0.0.1/46475] INFO  server.RaftServerConfigKeys (ConfUtils.java:logGet(44)) - raft.server.rpc.slowness.timeout = 300000ms (custom)
2021-10-28 01:49:19,277 [Listener at 127.0.0.1/46475] INFO  server.RaftServerConfigKeys (ConfUtils.java:logGet(44)) - raft.server.leaderelection.leader.step-down.wait-time = 10s (default)
2021-10-28 01:49:19,277 [Listener at 127.0.0.1/46475] INFO  server.RaftServerConfigKeys (ConfUtils.java:logGet(44)) - raft.server.storage.dir = [/home/runner/work/ozone/ozone/hadoop-ozone/integration-test/target/test-dir/MiniOzoneClusterImpl-0566475b-15f3-492a-9b28-f78457f271af/datanode-5/data/ratis] (custom)
2021-10-28 01:49:19,305 [Listener at 127.0.0.1/46475] INFO  http.BaseHttpServer (BaseHttpServer.java:newHttpServer2BuilderForOzone(209)) - Starting Web-server for hddsDatanode at: http://0.0.0.0:0
2021-10-28 01:49:19,306 [Listener at 127.0.0.1/46475] INFO  http.BaseHttpServer (BaseHttpServer.java:<init>(107)) - Hadoop Security Enabled: false Ozone Security Enabled: false Ozone HTTP Security Enabled: false 
2021-10-28 01:49:19,306 [Listener at 127.0.0.1/46475] INFO  server.AuthenticationFilter (AuthenticationFilter.java:constructSecretProvider(240)) - Unable to initialize FileSignerSecretProvider, falling back to use random secrets.
2021-10-28 01:49:19,320 [Listener at 127.0.0.1/46475] WARN  http.HttpRequestLog (HttpRequestLog.java:getRequestLog(103)) - Jetty request log can only be enabled using Log4j
2021-10-28 01:49:19,321 [Listener at 127.0.0.1/46475] INFO  http.HttpServer2 (HttpServer2.java:addGlobalFilter(1030)) - Added global filter 'safety' (class=org.apache.hadoop.hdds.server.http.HttpServer2$QuotingInputFilter)
2021-10-28 01:49:19,321 [Listener at 127.0.0.1/46475] INFO  http.HttpServer2 (HttpServer2.java:addFilter(1006)) - Added filter static_user_filter (class=org.apache.hadoop.http.lib.StaticUserWebFilter$StaticUserFilter) to context hddsDatanode
2021-10-28 01:49:19,321 [Listener at 127.0.0.1/46475] INFO  http.HttpServer2 (HttpServer2.java:addFilter(1014)) - Added filter static_user_filter (class=org.apache.hadoop.http.lib.StaticUserWebFilter$StaticUserFilter) to context static
2021-10-28 01:49:19,321 [Listener at 127.0.0.1/46475] INFO  http.HttpServer2 (HttpServer2.java:addFilter(1014)) - Added filter static_user_filter (class=org.apache.hadoop.http.lib.StaticUserWebFilter$StaticUserFilter) to context logs
2021-10-28 01:49:19,322 [Listener at 127.0.0.1/46475] INFO  http.HttpServer2 (HttpServer2.java:bindListener(1249)) - Jetty bound to port 41875
2021-10-28 01:49:19,322 [Listener at 127.0.0.1/46475] INFO  server.Server (Server.java:doStart(375)) - jetty-9.4.43.v20210629; built: 2021-06-30T11:07:22.254Z; git: 526006ecfa3af7f1a27ef3a288e2bef7ea9dd7e8; jvm 1.8.0_292-b10
2021-10-28 01:49:19,384 [Listener at 127.0.0.1/46475] INFO  server.session (DefaultSessionIdManager.java:doStart(334)) - DefaultSessionIdManager workerName=node0
2021-10-28 01:49:19,384 [Listener at 127.0.0.1/46475] INFO  server.session (DefaultSessionIdManager.java:doStart(339)) - No SessionScavenger set, using defaults
2021-10-28 01:49:19,385 [Listener at 127.0.0.1/46475] INFO  server.session (HouseKeeper.java:startScavenging(132)) - node0 Scavenging every 600000ms
2021-10-28 01:49:19,385 [Listener at 127.0.0.1/46475] INFO  handler.ContextHandler (ContextHandler.java:doStart(915)) - Started o.e.j.s.ServletContextHandler@4553572c{logs,/logs,file:///home/runner/work/ozone/ozone/hadoop-ozone/integration-test/target/log,AVAILABLE}
2021-10-28 01:49:19,386 [Listener at 127.0.0.1/46475] INFO  handler.ContextHandler (ContextHandler.java:doStart(915)) - Started o.e.j.s.ServletContextHandler@4acb9549{static,/static,jar:file:/home/runner/.m2/repository/org/apache/ozone/hdds-container-service/1.2.0-SNAPSHOT/hdds-container-service-1.2.0-SNAPSHOT.jar!/webapps/static,AVAILABLE}
2021-10-28 01:49:19,574 [EndpointStateMachine task thread for /0.0.0.0:37905 - 0 ] INFO  ozoneimpl.OzoneContainer (OzoneContainer.java:start(304)) - Attempting to start container services.
2021-10-28 01:49:19,574 [EndpointStateMachine task thread for /0.0.0.0:37905 - 0 ] INFO  ozoneimpl.OzoneContainer (OzoneContainer.java:startContainerScrub(249)) - Background container scanner has been disabled.
2021-10-28 01:49:19,583 [EndpointStateMachine task thread for /0.0.0.0:37905 - 0 ] INFO  replication.ReplicationServer (ReplicationServer.java:start(107)) - ReplicationServer is started using port 33787
2021-10-28 01:49:19,595 [EndpointStateMachine task thread for /0.0.0.0:37905 - 0 ] INFO  ratis.XceiverServerRatis (XceiverServerRatis.java:start(484)) - Starting XceiverServerRatis 3bba12ea-eb97-4cb8-a72d-96cb4f92f88e
2021-10-28 01:49:19,627 [EndpointStateMachine task thread for /0.0.0.0:37905 - 0 ] INFO  server.RaftServer (RaftServerProxy.java:lambda$start$5(374)) - 3bba12ea-eb97-4cb8-a72d-96cb4f92f88e: start RPC server
2021-10-28 01:49:19,650 [EndpointStateMachine task thread for /0.0.0.0:37905 - 0 ] INFO  server.GrpcService (GrpcService.java:startImpl(253)) - 3bba12ea-eb97-4cb8-a72d-96cb4f92f88e: GrpcService started, listening on 33133
2021-10-28 01:49:19,659 [Listener at 127.0.0.1/46475] INFO  handler.ContextHandler (ContextHandler.java:doStart(915)) - Started o.e.j.w.WebAppContext@56b4a25{hddsDatanode,/,file:///tmp/jetty-0_0_0_0-41875-hdds-container-service-1_2_0-SNAPSHOT_jar-_-any-6635292728384267214/webapp/,AVAILABLE}{jar:file:/home/runner/.m2/repository/org/apache/ozone/hdds-container-service/1.2.0-SNAPSHOT/hdds-container-service-1.2.0-SNAPSHOT.jar!/webapps/hddsDatanode}
2021-10-28 01:49:19,675 [org.apache.ratis.util.JvmPauseMonitor$$Lambda$531/277938555@35290e0e] INFO  util.JvmPauseMonitor (JvmPauseMonitor.java:run(103)) - JvmPauseMonitor-3bba12ea-eb97-4cb8-a72d-96cb4f92f88e: Started
2021-10-28 01:49:19,675 [EndpointStateMachine task thread for /0.0.0.0:37905 - 0 ] INFO  ratis.XceiverServerRatis (XceiverServerRatis.java:getRealPort(505)) - XceiverServerRatis 3bba12ea-eb97-4cb8-a72d-96cb4f92f88e is started using port 33133 for RATIS
2021-10-28 01:49:19,676 [EndpointStateMachine task thread for /0.0.0.0:37905 - 0 ] INFO  ratis.XceiverServerRatis (XceiverServerRatis.java:getRealPort(505)) - XceiverServerRatis 3bba12ea-eb97-4cb8-a72d-96cb4f92f88e is started using port 33133 for RATIS_ADMIN
2021-10-28 01:49:19,676 [EndpointStateMachine task thread for /0.0.0.0:37905 - 0 ] INFO  ratis.XceiverServerRatis (XceiverServerRatis.java:getRealPort(505)) - XceiverServerRatis 3bba12ea-eb97-4cb8-a72d-96cb4f92f88e is started using port 33133 for RATIS_SERVER
2021-10-28 01:49:19,719 [EndpointStateMachine task thread for /0.0.0.0:37905 - 0 ] INFO  server.XceiverServerGrpc (XceiverServerGrpc.java:start(135)) - XceiverServerGrpc 3bba12ea-eb97-4cb8-a72d-96cb4f92f88e is started using port 42261
2021-10-28 01:49:19,719 [Listener at 127.0.0.1/46475] INFO  server.AbstractConnector (AbstractConnector.java:doStart(331)) - Started ServerConnector@1034662f{HTTP/1.1, (http/1.1)}{0.0.0.0:41875}
2021-10-28 01:49:19,720 [Listener at 127.0.0.1/46475] INFO  server.Server (Server.java:doStart(415)) - Started @182287ms
2021-10-28 01:49:19,756 [Listener at 127.0.0.1/46475] WARN  impl.MetricsSystemImpl (MetricsSystemImpl.java:register(279)) - Sink prometheus already exists!
2021-10-28 01:49:19,757 [Listener at 127.0.0.1/46475] INFO  http.BaseHttpServer (BaseHttpServer.java:updateConnectorAddress(329)) - HTTP server of hddsDatanode listening at http://0.0.0.0:41875
2021-10-28 01:49:19,757 [Listener at 127.0.0.1/46475] WARN  impl.MetricRegistriesImpl (MetricRegistriesImpl.java:addReporterRegistration(111)) - New reporters are added after registries were created. Some metrics will be missing from the reporter. Please add reporter before adding any new registry.
2021-10-28 01:49:19,757 [Listener at 127.0.0.1/46475] WARN  impl.MetricRegistriesImpl (MetricRegistriesImpl.java:addReporterRegistration(111)) - New reporters are added after registries were created. Some metrics will be missing from the reporter. Please add reporter before adding any new registry.
2021-10-28 01:49:19,757 [Listener at 127.0.0.1/46475] INFO  impl.MetricsSystemImpl (MetricsSystemImpl.java:init(158)) - HddsDatanode metrics system started (again)
2021-10-28 01:49:19,771 [Datanode State Machine Daemon Thread] INFO  statemachine.DatanodeStateMachine (DatanodeStateMachine.java:lambda$startDaemon$0(467)) - Ozone container server started.
2021-10-28 01:49:19,803 [org.apache.hadoop.util.JvmPauseMonitor$Monitor@2b459739] INFO  util.JvmPauseMonitor (JvmPauseMonitor.java:run(188)) - Starting JVM pause monitor
2021-10-28 01:49:19,825 [Datanode State Machine Task Thread - 0] INFO  datanode.InitDatanodeState (InitDatanodeState.java:persistContainerDatanodeDetails(145)) - DatanodeDetails is persisted to /home/runner/work/ozone/ozone/hadoop-ozone/integration-test/target/test-dir/MiniOzoneClusterImpl-0566475b-15f3-492a-9b28-f78457f271af/datanode-5/meta/datanode.id
2021-10-28 01:49:19,840 [Listener at 127.0.0.1/46475] INFO  ozone.HddsDatanodeService (HddsDatanodeService.java:start(234)) - HddsDatanodeService host:fv-az270-135.tacnzluakwdehk1hpragurqkma.bx.internal.cloudapp.net ip:10.1.0.29
2021-10-28 01:49:19,907 [Listener at 127.0.0.1/46475] INFO  upgrade.AbstractLayoutVersionManager (AbstractLayoutVersionManager.java:init(79)) - Initializing Layout version manager with metadata layout = SCM_HA (version = 2), software layout = SCM_HA (version = 2)
2021-10-28 01:49:19,972 [IPC Server handler 5 on default port 37905] INFO  net.NetworkTopologyImpl (NetworkTopologyImpl.java:add(112)) - Added a new node: /default-rack/253ef487-fc9a-46cf-a18f-fb890cfa9c45
2021-10-28 01:49:19,972 [IPC Server handler 5 on default port 37905] INFO  node.SCMNodeManager (SCMNodeManager.java:register(389)) - Registered Data node : 253ef487-fc9a-46cf-a18f-fb890cfa9c45{ip: 10.1.0.29, host: fv-az270-135.tacnzluakwdehk1hpragurqkma.bx.internal.cloudapp.net, ports: [REPLICATION=33957, RATIS=46847, RATIS_ADMIN=46847, RATIS_SERVER=46847, STANDALONE=44157], networkLocation: /default-rack, certSerialId: null, persistedOpState: null, persistedOpStateExpiryEpochSec: 0}
2021-10-28 01:49:19,979 [EventQueue-NodeRegistrationContainerReportForContainerSafeModeRule] INFO  safemode.SCMSafeModeManager (SCMSafeModeManager.java:validateSafeModeExitRules(204)) - ContainerSafeModeRule rule is successfully validated
2021-10-28 01:49:19,979 [EventQueue-NodeRegistrationContainerReportForDataNodeSafeModeRule] INFO  safemode.SCMSafeModeManager (DataNodeSafeModeRule.java:process(71)) - SCM in safe mode. 1 DataNodes registered, 3 required.
2021-10-28 01:49:20,012 [EventQueue-NewNodeForNewNodeHandler] INFO  pipeline.BackgroundPipelineCreator (BackgroundPipelineCreator.java:notifyEventTriggered(285)) - trigger a one-shot run on RatisPipelineUtilsThread.
2021-10-28 01:49:20,012 [EventQueue-PipelineReportForOneReplicaPipelineSafeModeRule] INFO  safemode.SCMSafeModeManager (SCMSafeModeManager.java:validateSafeModeExitRules(204)) - AtleastOneDatanodeReportedRule rule is successfully validated
2021-10-28 01:49:20,013 [RatisPipelineUtilsThread - 0] INFO  pipeline.RatisPipelineProvider (RatisPipelineProvider.java:lambda$create$0(183)) - Sending CreatePipelineCommand for pipeline:PipelineID=8f2252ff-5744-45ed-88bc-6bf915904876 to datanode:253ef487-fc9a-46cf-a18f-fb890cfa9c45
2021-10-28 01:49:20,015 [RatisPipelineUtilsThread - 0] INFO  pipeline.PipelineStateManagerImpl (PipelineStateManagerImpl.java:addPipeline(101)) - Created pipeline Pipeline[ Id: 8f2252ff-5744-45ed-88bc-6bf915904876, Nodes: 253ef487-fc9a-46cf-a18f-fb890cfa9c45{ip: 10.1.0.29, host: fv-az270-135.tacnzluakwdehk1hpragurqkma.bx.internal.cloudapp.net, ports: [REPLICATION=33957, RATIS=46847, RATIS_ADMIN=46847, RATIS_SERVER=46847, STANDALONE=44157], networkLocation: /default-rack, certSerialId: null, persistedOpState: IN_SERVICE, persistedOpStateExpiryEpochSec: 0}, ReplicationConfig: RATIS/ONE, State:ALLOCATED, leaderId:, CreationTimestamp2021-10-28T01:49:20.013Z[Etc/UTC]].
2021-10-28 01:49:20,130 [Listener at 127.0.0.1/46475] INFO  reflections.Reflections (Reflections.java:scan(232)) - Reflections took 219 ms to scan 7 urls, producing 119 keys and 279 values 
2021-10-28 01:49:20,131 [Listener at 127.0.0.1/46475] INFO  statemachine.DatanodeStateMachine (DatanodeStateMachine.java:getEndPointTaskThreadPoolSize(219)) - Datanode State Machine Task Thread Pool size 2
2021-10-28 01:49:20,164 [Listener at 127.0.0.1/46475] INFO  volume.HddsVolume (HddsVolume.java:<init>(120)) - Creating HddsVolume: /home/runner/work/ozone/ozone/hadoop-ozone/integration-test/target/test-dir/MiniOzoneClusterImpl-0566475b-15f3-492a-9b28-f78457f271af/datanode-6/data-0/containers/hdds of storage type : DISK capacity : 9223372036854775807
2021-10-28 01:49:20,164 [Listener at 127.0.0.1/46475] INFO  volume.MutableVolumeSet (MutableVolumeSet.java:initializeVolumeSet(168)) - Added Volume : /home/runner/work/ozone/ozone/hadoop-ozone/integration-test/target/test-dir/MiniOzoneClusterImpl-0566475b-15f3-492a-9b28-f78457f271af/datanode-6/data-0/containers/hdds to VolumeSet
2021-10-28 01:49:20,164 [Listener at 127.0.0.1/46475] INFO  volume.ThrottledAsyncChecker (ThrottledAsyncChecker.java:schedule(141)) - Scheduling a check for /home/runner/work/ozone/ozone/hadoop-ozone/integration-test/target/test-dir/MiniOzoneClusterImpl-0566475b-15f3-492a-9b28-f78457f271af/datanode-6/data-0/containers/hdds
2021-10-28 01:49:20,172 [Listener at 127.0.0.1/46475] INFO  volume.StorageVolumeChecker (StorageVolumeChecker.java:checkAllVolumes(202)) - Scheduled health check for volume /home/runner/work/ozone/ozone/hadoop-ozone/integration-test/target/test-dir/MiniOzoneClusterImpl-0566475b-15f3-492a-9b28-f78457f271af/datanode-6/data-0/containers/hdds
2021-10-28 01:49:20,200 [Listener at 127.0.0.1/46475] INFO  volume.MutableVolumeSet (MutableVolumeSet.java:initializeVolumeSet(168)) - Added Volume : /home/runner/work/ozone/ozone/hadoop-ozone/integration-test/target/test-dir/MiniOzoneClusterImpl-0566475b-15f3-492a-9b28-f78457f271af/datanode-6/data/ratis to VolumeSet
2021-10-28 01:49:20,201 [Listener at 127.0.0.1/46475] INFO  volume.ThrottledAsyncChecker (ThrottledAsyncChecker.java:schedule(141)) - Scheduling a check for /home/runner/work/ozone/ozone/hadoop-ozone/integration-test/target/test-dir/MiniOzoneClusterImpl-0566475b-15f3-492a-9b28-f78457f271af/datanode-6/data/ratis
2021-10-28 01:49:20,201 [Listener at 127.0.0.1/46475] INFO  volume.StorageVolumeChecker (StorageVolumeChecker.java:checkAllVolumes(202)) - Scheduled health check for volume /home/runner/work/ozone/ozone/hadoop-ozone/integration-test/target/test-dir/MiniOzoneClusterImpl-0566475b-15f3-492a-9b28-f78457f271af/datanode-6/data/ratis
2021-10-28 01:49:20,225 [Thread-1422] INFO  ozoneimpl.ContainerReader (ContainerReader.java:readVolume(172)) - Finish verifying containers on volume /home/runner/work/ozone/ozone/hadoop-ozone/integration-test/target/test-dir/MiniOzoneClusterImpl-0566475b-15f3-492a-9b28-f78457f271af/datanode-6/data-0/containers/hdds
2021-10-28 01:49:20,225 [Listener at 127.0.0.1/46475] INFO  ozoneimpl.OzoneContainer (OzoneContainer.java:buildContainerSet(236)) - Build ContainerSet costs 0s
2021-10-28 01:49:20,227 [Listener at 127.0.0.1/46475] INFO  server.RaftServer (ConfUtils.java:logGet(44)) - raft.rpc.type = GRPC (default)
2021-10-28 01:49:20,227 [Listener at 127.0.0.1/46475] INFO  grpc.GrpcFactory (GrpcFactory.java:checkPooledByteBufAllocatorUseCacheForAllThreads(48)) - PERFORMANCE WARNING: useCacheForAllThreads is true that may cause Netty to create a lot garbage objects and, as a result, trigger GC.
	It is recommended to disable useCacheForAllThreads by setting -Dorg.apache.ratis.thirdparty.io.netty.allocator.useCacheForAllThreads=false in command line.
2021-10-28 01:49:20,227 [Listener at 127.0.0.1/46475] INFO  grpc.GrpcConfigKeys (ConfUtils.java:logGet(44)) - raft.grpc.admin.port = 0 (custom)
2021-10-28 01:49:20,227 [Listener at 127.0.0.1/46475] INFO  grpc.GrpcConfigKeys (ConfUtils.java:logGet(44)) - raft.grpc.client.port = 0 (custom)
2021-10-28 01:49:20,227 [Listener at 127.0.0.1/46475] INFO  grpc.GrpcConfigKeys (ConfUtils.java:logGet(44)) - raft.grpc.server.port = 0 (default)
2021-10-28 01:49:20,227 [Listener at 127.0.0.1/46475] INFO  server.GrpcService (ConfUtils.java:logGet(44)) - raft.grpc.message.size.max = 32MB (=33554432) (custom)
2021-10-28 01:49:20,227 [Listener at 127.0.0.1/46475] INFO  server.RaftServerConfigKeys (ConfUtils.java:logGet(44)) - raft.server.log.appender.buffer.byte-limit = 33554432 (custom)
2021-10-28 01:49:20,228 [Listener at 127.0.0.1/46475] INFO  server.GrpcService (ConfUtils.java:logGet(44)) - raft.grpc.flow.control.window = 5MB (=5242880) (custom)
2021-10-28 01:49:20,228 [Listener at 127.0.0.1/46475] INFO  server.RaftServerConfigKeys (ConfUtils.java:logGet(44)) - raft.server.rpc.request.timeout = 3000ms (default)
2021-10-28 01:49:20,229 [Listener at 127.0.0.1/46475] INFO  impl.DataStreamServerImpl (ConfUtils.java:logGet(44)) - raft.datastream.type = DISABLED (default)
2021-10-28 01:49:20,229 [Listener at 127.0.0.1/46475] INFO  server.RaftServerConfigKeys (ConfUtils.java:logGet(44)) - raft.server.rpc.slowness.timeout = 300000ms (custom)
2021-10-28 01:49:20,229 [Listener at 127.0.0.1/46475] INFO  server.RaftServerConfigKeys (ConfUtils.java:logGet(44)) - raft.server.leaderelection.leader.step-down.wait-time = 10s (default)
2021-10-28 01:49:20,229 [Listener at 127.0.0.1/46475] INFO  server.RaftServerConfigKeys (ConfUtils.java:logGet(44)) - raft.server.storage.dir = [/home/runner/work/ozone/ozone/hadoop-ozone/integration-test/target/test-dir/MiniOzoneClusterImpl-0566475b-15f3-492a-9b28-f78457f271af/datanode-6/data/ratis] (custom)
2021-10-28 01:49:20,251 [Listener at 127.0.0.1/46475] INFO  http.BaseHttpServer (BaseHttpServer.java:newHttpServer2BuilderForOzone(209)) - Starting Web-server for hddsDatanode at: http://0.0.0.0:0
2021-10-28 01:49:20,251 [Listener at 127.0.0.1/46475] INFO  http.BaseHttpServer (BaseHttpServer.java:<init>(107)) - Hadoop Security Enabled: false Ozone Security Enabled: false Ozone HTTP Security Enabled: false 
2021-10-28 01:49:20,252 [Listener at 127.0.0.1/46475] INFO  server.AuthenticationFilter (AuthenticationFilter.java:constructSecretProvider(240)) - Unable to initialize FileSignerSecretProvider, falling back to use random secrets.
2021-10-28 01:49:20,268 [Listener at 127.0.0.1/46475] WARN  http.HttpRequestLog (HttpRequestLog.java:getRequestLog(103)) - Jetty request log can only be enabled using Log4j
2021-10-28 01:49:20,269 [EndpointStateMachine task thread for /0.0.0.0:37905 - 0 ] INFO  ozoneimpl.OzoneContainer (OzoneContainer.java:start(304)) - Attempting to start container services.
2021-10-28 01:49:20,270 [EndpointStateMachine task thread for /0.0.0.0:37905 - 0 ] INFO  ozoneimpl.OzoneContainer (OzoneContainer.java:startContainerScrub(249)) - Background container scanner has been disabled.
2021-10-28 01:49:20,271 [EndpointStateMachine task thread for /0.0.0.0:37905 - 0 ] INFO  replication.ReplicationServer (ReplicationServer.java:start(107)) - ReplicationServer is started using port 39677
2021-10-28 01:49:20,269 [Listener at 127.0.0.1/46475] INFO  http.HttpServer2 (HttpServer2.java:addGlobalFilter(1030)) - Added global filter 'safety' (class=org.apache.hadoop.hdds.server.http.HttpServer2$QuotingInputFilter)
2021-10-28 01:49:20,306 [Listener at 127.0.0.1/46475] INFO  http.HttpServer2 (HttpServer2.java:addFilter(1006)) - Added filter static_user_filter (class=org.apache.hadoop.http.lib.StaticUserWebFilter$StaticUserFilter) to context hddsDatanode
2021-10-28 01:49:20,306 [Listener at 127.0.0.1/46475] INFO  http.HttpServer2 (HttpServer2.java:addFilter(1014)) - Added filter static_user_filter (class=org.apache.hadoop.http.lib.StaticUserWebFilter$StaticUserFilter) to context logs
2021-10-28 01:49:20,306 [Listener at 127.0.0.1/46475] INFO  http.HttpServer2 (HttpServer2.java:addFilter(1014)) - Added filter static_user_filter (class=org.apache.hadoop.http.lib.StaticUserWebFilter$StaticUserFilter) to context static
2021-10-28 01:49:20,306 [Listener at 127.0.0.1/46475] INFO  http.HttpServer2 (HttpServer2.java:bindListener(1249)) - Jetty bound to port 41103
2021-10-28 01:49:20,306 [Listener at 127.0.0.1/46475] INFO  server.Server (Server.java:doStart(375)) - jetty-9.4.43.v20210629; built: 2021-06-30T11:07:22.254Z; git: 526006ecfa3af7f1a27ef3a288e2bef7ea9dd7e8; jvm 1.8.0_292-b10
2021-10-28 01:49:20,305 [EndpointStateMachine task thread for /0.0.0.0:37905 - 0 ] INFO  ratis.XceiverServerRatis (XceiverServerRatis.java:start(484)) - Starting XceiverServerRatis 850b4870-9ae5-4bfa-bbd2-f1f242dff33d
2021-10-28 01:49:20,315 [Listener at 127.0.0.1/46475] INFO  server.session (DefaultSessionIdManager.java:doStart(334)) - DefaultSessionIdManager workerName=node0
2021-10-28 01:49:20,315 [Listener at 127.0.0.1/46475] INFO  server.session (DefaultSessionIdManager.java:doStart(339)) - No SessionScavenger set, using defaults
2021-10-28 01:49:20,315 [Listener at 127.0.0.1/46475] INFO  server.session (HouseKeeper.java:startScavenging(132)) - node0 Scavenging every 600000ms
2021-10-28 01:49:20,323 [Listener at 127.0.0.1/46475] INFO  handler.ContextHandler (ContextHandler.java:doStart(915)) - Started o.e.j.s.ServletContextHandler@7103f01{logs,/logs,file:///home/runner/work/ozone/ozone/hadoop-ozone/integration-test/target/log,AVAILABLE}
2021-10-28 01:49:20,324 [Listener at 127.0.0.1/46475] INFO  handler.ContextHandler (ContextHandler.java:doStart(915)) - Started o.e.j.s.ServletContextHandler@1f1dd29c{static,/static,jar:file:/home/runner/.m2/repository/org/apache/ozone/hdds-container-service/1.2.0-SNAPSHOT/hdds-container-service-1.2.0-SNAPSHOT.jar!/webapps/static,AVAILABLE}
2021-10-28 01:49:20,365 [EndpointStateMachine task thread for /0.0.0.0:37905 - 0 ] INFO  server.RaftServer (RaftServerProxy.java:lambda$start$5(374)) - 850b4870-9ae5-4bfa-bbd2-f1f242dff33d: start RPC server
2021-10-28 01:49:20,365 [EndpointStateMachine task thread for /0.0.0.0:37905 - 0 ] INFO  server.GrpcService (GrpcService.java:startImpl(253)) - 850b4870-9ae5-4bfa-bbd2-f1f242dff33d: GrpcService started, listening on 35637
2021-10-28 01:49:20,375 [EndpointStateMachine task thread for /0.0.0.0:37905 - 0 ] INFO  ratis.XceiverServerRatis (XceiverServerRatis.java:getRealPort(505)) - XceiverServerRatis 850b4870-9ae5-4bfa-bbd2-f1f242dff33d is started using port 35637 for RATIS
2021-10-28 01:49:20,375 [EndpointStateMachine task thread for /0.0.0.0:37905 - 0 ] INFO  ratis.XceiverServerRatis (XceiverServerRatis.java:getRealPort(505)) - XceiverServerRatis 850b4870-9ae5-4bfa-bbd2-f1f242dff33d is started using port 35637 for RATIS_ADMIN
2021-10-28 01:49:20,375 [EndpointStateMachine task thread for /0.0.0.0:37905 - 0 ] INFO  ratis.XceiverServerRatis (XceiverServerRatis.java:getRealPort(505)) - XceiverServerRatis 850b4870-9ae5-4bfa-bbd2-f1f242dff33d is started using port 35637 for RATIS_SERVER
2021-10-28 01:49:20,375 [EndpointStateMachine task thread for /0.0.0.0:37905 - 0 ] INFO  server.XceiverServerGrpc (XceiverServerGrpc.java:start(135)) - XceiverServerGrpc 850b4870-9ae5-4bfa-bbd2-f1f242dff33d is started using port 41253
2021-10-28 01:49:20,439 [org.apache.ratis.util.JvmPauseMonitor$$Lambda$531/277938555@276267] INFO  util.JvmPauseMonitor (JvmPauseMonitor.java:run(103)) - JvmPauseMonitor-850b4870-9ae5-4bfa-bbd2-f1f242dff33d: Started
2021-10-28 01:49:20,520 [Listener at 127.0.0.1/46475] INFO  handler.ContextHandler (ContextHandler.java:doStart(915)) - Started o.e.j.w.WebAppContext@835ca76{hddsDatanode,/,file:///tmp/jetty-0_0_0_0-41103-hdds-container-service-1_2_0-SNAPSHOT_jar-_-any-3278822181107622137/webapp/,AVAILABLE}{jar:file:/home/runner/.m2/repository/org/apache/ozone/hdds-container-service/1.2.0-SNAPSHOT/hdds-container-service-1.2.0-SNAPSHOT.jar!/webapps/hddsDatanode}
2021-10-28 01:49:20,546 [Listener at 127.0.0.1/46475] INFO  server.AbstractConnector (AbstractConnector.java:doStart(331)) - Started ServerConnector@7e7c6fc{HTTP/1.1, (http/1.1)}{0.0.0.0:41103}
2021-10-28 01:49:20,546 [Listener at 127.0.0.1/46475] INFO  server.Server (Server.java:doStart(415)) - Started @183114ms
2021-10-28 01:49:20,546 [Listener at 127.0.0.1/46475] WARN  impl.MetricsSystemImpl (MetricsSystemImpl.java:register(279)) - Sink prometheus already exists!
2021-10-28 01:49:20,547 [Listener at 127.0.0.1/46475] INFO  http.BaseHttpServer (BaseHttpServer.java:updateConnectorAddress(329)) - HTTP server of hddsDatanode listening at http://0.0.0.0:41103
2021-10-28 01:49:20,567 [Listener at 127.0.0.1/46475] INFO  ozone.MiniOzoneClusterImpl (MiniOzoneClusterImpl.java:lambda$waitForClusterToBeReady$0(235)) - Waiting for nodes to be ready. Got 1 of 7 DN Heartbeats.
2021-10-28 01:49:20,567 [Listener at 127.0.0.1/46475] INFO  ozone.MiniOzoneClusterImpl (MiniOzoneClusterImpl.java:lambda$waitForClusterToBeReady$0(238)) - Waiting for cluster to exit safe mode
2021-10-28 01:49:20,567 [Listener at 127.0.0.1/46475] INFO  ozone.MiniOzoneClusterImpl (MiniOzoneClusterImpl.java:lambda$waitForClusterToBeReady$0(240)) - SCM became leader
2021-10-28 01:49:20,567 [Datanode State Machine Daemon Thread] INFO  statemachine.DatanodeStateMachine (DatanodeStateMachine.java:lambda$startDaemon$0(467)) - Ozone container server started.
2021-10-28 01:49:20,593 [org.apache.hadoop.util.JvmPauseMonitor$Monitor@3148bf51] INFO  util.JvmPauseMonitor (JvmPauseMonitor.java:run(188)) - Starting JVM pause monitor
2021-10-28 01:49:20,620 [Datanode State Machine Task Thread - 0] INFO  datanode.InitDatanodeState (InitDatanodeState.java:persistContainerDatanodeDetails(145)) - DatanodeDetails is persisted to /home/runner/work/ozone/ozone/hadoop-ozone/integration-test/target/test-dir/MiniOzoneClusterImpl-0566475b-15f3-492a-9b28-f78457f271af/datanode-6/meta/datanode.id
2021-10-28 01:49:20,760 [IPC Server handler 0 on default port 37905] INFO  net.NetworkTopologyImpl (NetworkTopologyImpl.java:add(112)) - Added a new node: /default-rack/167d9434-a89e-4891-b1b1-bac4f9f29552
2021-10-28 01:49:20,760 [IPC Server handler 0 on default port 37905] INFO  node.SCMNodeManager (SCMNodeManager.java:register(389)) - Registered Data node : 167d9434-a89e-4891-b1b1-bac4f9f29552{ip: 10.1.0.29, host: fv-az270-135.tacnzluakwdehk1hpragurqkma.bx.internal.cloudapp.net, ports: [REPLICATION=43661, RATIS=32839, RATIS_ADMIN=32839, RATIS_SERVER=32839, STANDALONE=40527], networkLocation: /default-rack, certSerialId: null, persistedOpState: null, persistedOpStateExpiryEpochSec: 0}
2021-10-28 01:49:20,761 [EventQueue-NewNodeForNewNodeHandler] INFO  pipeline.BackgroundPipelineCreator (BackgroundPipelineCreator.java:notifyEventTriggered(285)) - trigger a one-shot run on RatisPipelineUtilsThread.
2021-10-28 01:49:20,795 [RatisPipelineUtilsThread - 0] INFO  pipeline.RatisPipelineProvider (RatisPipelineProvider.java:lambda$create$0(183)) - Sending CreatePipelineCommand for pipeline:PipelineID=2f4116b9-c803-4b24-85d7-356a7e5a79f8 to datanode:167d9434-a89e-4891-b1b1-bac4f9f29552
2021-10-28 01:49:20,796 [RatisPipelineUtilsThread - 0] INFO  pipeline.PipelineStateManagerImpl (PipelineStateManagerImpl.java:addPipeline(101)) - Created pipeline Pipeline[ Id: 2f4116b9-c803-4b24-85d7-356a7e5a79f8, Nodes: 167d9434-a89e-4891-b1b1-bac4f9f29552{ip: 10.1.0.29, host: fv-az270-135.tacnzluakwdehk1hpragurqkma.bx.internal.cloudapp.net, ports: [REPLICATION=43661, RATIS=32839, RATIS_ADMIN=32839, RATIS_SERVER=32839, STANDALONE=40527], networkLocation: /default-rack, certSerialId: null, persistedOpState: IN_SERVICE, persistedOpStateExpiryEpochSec: 0}, ReplicationConfig: RATIS/ONE, State:ALLOCATED, leaderId:, CreationTimestamp2021-10-28T01:49:20.795Z[Etc/UTC]].
2021-10-28 01:49:20,796 [EventQueue-NodeRegistrationContainerReportForDataNodeSafeModeRule] INFO  safemode.SCMSafeModeManager (DataNodeSafeModeRule.java:process(71)) - SCM in safe mode. 2 DataNodes registered, 3 required.
2021-10-28 01:49:20,881 [EndpointStateMachine task thread for /0.0.0.0:37905 - 0 ] INFO  ozoneimpl.OzoneContainer (OzoneContainer.java:start(304)) - Attempting to start container services.
2021-10-28 01:49:20,881 [EndpointStateMachine task thread for /0.0.0.0:37905 - 0 ] INFO  ozoneimpl.OzoneContainer (OzoneContainer.java:startContainerScrub(249)) - Background container scanner has been disabled.
2021-10-28 01:49:20,882 [EndpointStateMachine task thread for /0.0.0.0:37905 - 0 ] INFO  replication.ReplicationServer (ReplicationServer.java:start(107)) - ReplicationServer is started using port 42689
2021-10-28 01:49:20,894 [EndpointStateMachine task thread for /0.0.0.0:37905 - 0 ] INFO  ratis.XceiverServerRatis (XceiverServerRatis.java:start(484)) - Starting XceiverServerRatis 43ee2308-4bff-4c12-a476-7906f102dfb0
2021-10-28 01:49:20,952 [EndpointStateMachine task thread for /0.0.0.0:37905 - 0 ] INFO  server.RaftServer (RaftServerProxy.java:lambda$start$5(374)) - 43ee2308-4bff-4c12-a476-7906f102dfb0: start RPC server
2021-10-28 01:49:20,953 [EndpointStateMachine task thread for /0.0.0.0:37905 - 0 ] INFO  server.GrpcService (GrpcService.java:startImpl(253)) - 43ee2308-4bff-4c12-a476-7906f102dfb0: GrpcService started, listening on 33053
2021-10-28 01:49:20,953 [EndpointStateMachine task thread for /0.0.0.0:37905 - 0 ] INFO  ratis.XceiverServerRatis (XceiverServerRatis.java:getRealPort(505)) - XceiverServerRatis 43ee2308-4bff-4c12-a476-7906f102dfb0 is started using port 33053 for RATIS
2021-10-28 01:49:20,953 [EndpointStateMachine task thread for /0.0.0.0:37905 - 0 ] INFO  ratis.XceiverServerRatis (XceiverServerRatis.java:getRealPort(505)) - XceiverServerRatis 43ee2308-4bff-4c12-a476-7906f102dfb0 is started using port 33053 for RATIS_ADMIN
2021-10-28 01:49:20,953 [EndpointStateMachine task thread for /0.0.0.0:37905 - 0 ] INFO  ratis.XceiverServerRatis (XceiverServerRatis.java:getRealPort(505)) - XceiverServerRatis 43ee2308-4bff-4c12-a476-7906f102dfb0 is started using port 33053 for RATIS_SERVER
2021-10-28 01:49:20,954 [EndpointStateMachine task thread for /0.0.0.0:37905 - 0 ] INFO  server.XceiverServerGrpc (XceiverServerGrpc.java:start(135)) - XceiverServerGrpc 43ee2308-4bff-4c12-a476-7906f102dfb0 is started using port 35333
2021-10-28 01:49:20,991 [org.apache.ratis.util.JvmPauseMonitor$$Lambda$531/277938555@28fa9baf] INFO  util.JvmPauseMonitor (JvmPauseMonitor.java:run(103)) - JvmPauseMonitor-43ee2308-4bff-4c12-a476-7906f102dfb0: Started
2021-10-28 01:49:21,540 [IPC Server handler 0 on default port 37905] INFO  net.NetworkTopologyImpl (NetworkTopologyImpl.java:add(112)) - Added a new node: /default-rack/3bba12ea-eb97-4cb8-a72d-96cb4f92f88e
2021-10-28 01:49:21,540 [IPC Server handler 0 on default port 37905] INFO  node.SCMNodeManager (SCMNodeManager.java:register(389)) - Registered Data node : 3bba12ea-eb97-4cb8-a72d-96cb4f92f88e{ip: 10.1.0.29, host: fv-az270-135.tacnzluakwdehk1hpragurqkma.bx.internal.cloudapp.net, ports: [REPLICATION=33787, RATIS=33133, RATIS_ADMIN=33133, RATIS_SERVER=33133, STANDALONE=42261], networkLocation: /default-rack, certSerialId: null, persistedOpState: null, persistedOpStateExpiryEpochSec: 0}
2021-10-28 01:49:21,541 [EventQueue-NewNodeForNewNodeHandler] INFO  pipeline.BackgroundPipelineCreator (BackgroundPipelineCreator.java:notifyEventTriggered(285)) - trigger a one-shot run on RatisPipelineUtilsThread.
2021-10-28 01:49:21,547 [EventQueue-NodeRegistrationContainerReportForDataNodeSafeModeRule] INFO  safemode.SCMSafeModeManager (DataNodeSafeModeRule.java:process(71)) - SCM in safe mode. 3 DataNodes registered, 3 required.
2021-10-28 01:49:21,547 [EventQueue-NodeRegistrationContainerReportForDataNodeSafeModeRule] INFO  safemode.SCMSafeModeManager (SCMSafeModeManager.java:validateSafeModeExitRules(204)) - DataNodeSafeModeRule rule is successfully validated
2021-10-28 01:49:21,547 [EventQueue-NodeRegistrationContainerReportForDataNodeSafeModeRule] INFO  safemode.SCMSafeModeManager (SCMSafeModeManager.java:completePreCheck(233)) - All SCM safe mode pre check rules have passed
2021-10-28 01:49:21,547 [EventQueue-NodeRegistrationContainerReportForDataNodeSafeModeRule] WARN  events.EventQueue (EventQueue.java:fireEvent(194)) - No event handler registered for event TypedEvent{payloadType=SafeModeStatus, name='Safe mode status'}
2021-10-28 01:49:21,547 [EventQueue-NodeRegistrationContainerReportForDataNodeSafeModeRule] INFO  ha.SCMContext (SCMContext.java:updateSafeModeStatus(205)) - Update SafeModeStatus from SafeModeStatus{safeModeStatus=true, preCheckPassed=false} to SafeModeStatus{safeModeStatus=true, preCheckPassed=true}.
2021-10-28 01:49:21,547 [EventQueue-NodeRegistrationContainerReportForDataNodeSafeModeRule] INFO  pipeline.BackgroundPipelineCreator (BackgroundPipelineCreator.java:notifyEventTriggered(285)) - trigger a one-shot run on RatisPipelineUtilsThread.
2021-10-28 01:49:21,548 [RatisPipelineUtilsThread - 0] INFO  pipeline.RatisPipelineProvider (RatisPipelineProvider.java:lambda$create$0(183)) - Sending CreatePipelineCommand for pipeline:PipelineID=678a5660-1538-431c-90b9-ea576df61a38 to datanode:3bba12ea-eb97-4cb8-a72d-96cb4f92f88e
2021-10-28 01:49:21,548 [RatisPipelineUtilsThread - 0] INFO  pipeline.PipelineStateManagerImpl (PipelineStateManagerImpl.java:addPipeline(101)) - Created pipeline Pipeline[ Id: 678a5660-1538-431c-90b9-ea576df61a38, Nodes: 3bba12ea-eb97-4cb8-a72d-96cb4f92f88e{ip: 10.1.0.29, host: fv-az270-135.tacnzluakwdehk1hpragurqkma.bx.internal.cloudapp.net, ports: [REPLICATION=33787, RATIS=33133, RATIS_ADMIN=33133, RATIS_SERVER=33133, STANDALONE=42261], networkLocation: /default-rack, certSerialId: null, persistedOpState: IN_SERVICE, persistedOpStateExpiryEpochSec: 0}, ReplicationConfig: RATIS/ONE, State:ALLOCATED, leaderId:, CreationTimestamp2021-10-28T01:49:21.548Z[Etc/UTC]].
2021-10-28 01:49:21,548 [RatisPipelineUtilsThread - 0] INFO  pipeline.RatisPipelineProvider (RatisPipelineProvider.java:lambda$create$0(183)) - Sending CreatePipelineCommand for pipeline:PipelineID=1e12f81b-9515-4629-add1-7330c24fe1e2 to datanode:3bba12ea-eb97-4cb8-a72d-96cb4f92f88e
2021-10-28 01:49:21,549 [RatisPipelineUtilsThread - 0] INFO  pipeline.RatisPipelineProvider (RatisPipelineProvider.java:lambda$create$0(183)) - Sending CreatePipelineCommand for pipeline:PipelineID=1e12f81b-9515-4629-add1-7330c24fe1e2 to datanode:167d9434-a89e-4891-b1b1-bac4f9f29552
2021-10-28 01:49:21,549 [RatisPipelineUtilsThread - 0] INFO  pipeline.RatisPipelineProvider (RatisPipelineProvider.java:lambda$create$0(183)) - Sending CreatePipelineCommand for pipeline:PipelineID=1e12f81b-9515-4629-add1-7330c24fe1e2 to datanode:253ef487-fc9a-46cf-a18f-fb890cfa9c45
2021-10-28 01:49:21,549 [RatisPipelineUtilsThread - 0] INFO  pipeline.PipelineStateManagerImpl (PipelineStateManagerImpl.java:addPipeline(101)) - Created pipeline Pipeline[ Id: 1e12f81b-9515-4629-add1-7330c24fe1e2, Nodes: 3bba12ea-eb97-4cb8-a72d-96cb4f92f88e{ip: 10.1.0.29, host: fv-az270-135.tacnzluakwdehk1hpragurqkma.bx.internal.cloudapp.net, ports: [REPLICATION=33787, RATIS=33133, RATIS_ADMIN=33133, RATIS_SERVER=33133, STANDALONE=42261], networkLocation: /default-rack, certSerialId: null, persistedOpState: IN_SERVICE, persistedOpStateExpiryEpochSec: 0}167d9434-a89e-4891-b1b1-bac4f9f29552{ip: 10.1.0.29, host: fv-az270-135.tacnzluakwdehk1hpragurqkma.bx.internal.cloudapp.net, ports: [REPLICATION=43661, RATIS=32839, RATIS_ADMIN=32839, RATIS_SERVER=32839, STANDALONE=40527], networkLocation: /default-rack, certSerialId: null, persistedOpState: IN_SERVICE, persistedOpStateExpiryEpochSec: 0}253ef487-fc9a-46cf-a18f-fb890cfa9c45{ip: 10.1.0.29, host: fv-az270-135.tacnzluakwdehk1hpragurqkma.bx.internal.cloudapp.net, ports: [REPLICATION=33957, RATIS=46847, RATIS_ADMIN=46847, RATIS_SERVER=46847, STANDALONE=44157], networkLocation: /default-rack, certSerialId: null, persistedOpState: IN_SERVICE, persistedOpStateExpiryEpochSec: 0}, ReplicationConfig: RATIS/THREE, State:ALLOCATED, leaderId:, CreationTimestamp2021-10-28T01:49:21.548Z[Etc/UTC]].
2021-10-28 01:49:21,549 [RatisPipelineUtilsThread - 0] INFO  pipeline.RatisPipelineProvider (RatisPipelineProvider.java:lambda$create$0(183)) - Sending CreatePipelineCommand for pipeline:PipelineID=1e7b1cb3-9b09-404d-9c06-e918c9fd5e21 to datanode:167d9434-a89e-4891-b1b1-bac4f9f29552
2021-10-28 01:49:21,549 [RatisPipelineUtilsThread - 0] INFO  pipeline.RatisPipelineProvider (RatisPipelineProvider.java:lambda$create$0(183)) - Sending CreatePipelineCommand for pipeline:PipelineID=1e7b1cb3-9b09-404d-9c06-e918c9fd5e21 to datanode:3bba12ea-eb97-4cb8-a72d-96cb4f92f88e
2021-10-28 01:49:21,549 [RatisPipelineUtilsThread - 0] INFO  pipeline.RatisPipelineProvider (RatisPipelineProvider.java:lambda$create$0(183)) - Sending CreatePipelineCommand for pipeline:PipelineID=1e7b1cb3-9b09-404d-9c06-e918c9fd5e21 to datanode:253ef487-fc9a-46cf-a18f-fb890cfa9c45
2021-10-28 01:49:21,550 [RatisPipelineUtilsThread - 0] INFO  pipeline.PipelineStateManagerImpl (PipelineStateManagerImpl.java:addPipeline(101)) - Created pipeline Pipeline[ Id: 1e7b1cb3-9b09-404d-9c06-e918c9fd5e21, Nodes: 167d9434-a89e-4891-b1b1-bac4f9f29552{ip: 10.1.0.29, host: fv-az270-135.tacnzluakwdehk1hpragurqkma.bx.internal.cloudapp.net, ports: [REPLICATION=43661, RATIS=32839, RATIS_ADMIN=32839, RATIS_SERVER=32839, STANDALONE=40527], networkLocation: /default-rack, certSerialId: null, persistedOpState: IN_SERVICE, persistedOpStateExpiryEpochSec: 0}3bba12ea-eb97-4cb8-a72d-96cb4f92f88e{ip: 10.1.0.29, host: fv-az270-135.tacnzluakwdehk1hpragurqkma.bx.internal.cloudapp.net, ports: [REPLICATION=33787, RATIS=33133, RATIS_ADMIN=33133, RATIS_SERVER=33133, STANDALONE=42261], networkLocation: /default-rack, certSerialId: null, persistedOpState: IN_SERVICE, persistedOpStateExpiryEpochSec: 0}253ef487-fc9a-46cf-a18f-fb890cfa9c45{ip: 10.1.0.29, host: fv-az270-135.tacnzluakwdehk1hpragurqkma.bx.internal.cloudapp.net, ports: [REPLICATION=33957, RATIS=46847, RATIS_ADMIN=46847, RATIS_SERVER=46847, STANDALONE=44157], networkLocation: /default-rack, certSerialId: null, persistedOpState: IN_SERVICE, persistedOpStateExpiryEpochSec: 0}, ReplicationConfig: RATIS/THREE, State:ALLOCATED, leaderId:, CreationTimestamp2021-10-28T01:49:21.549Z[Etc/UTC]].
2021-10-28 01:49:21,550 [RatisPipelineUtilsThread - 0] INFO  pipeline.PipelineManagerImpl (PipelineManagerImpl.java:recordMetricsForPipeline(620)) - Pipeline: PipelineID=1e7b1cb3-9b09-404d-9c06-e918c9fd5e21 contains same datanodes as previous pipelines: PipelineID=1e12f81b-9515-4629-add1-7330c24fe1e2 nodeIds: 167d9434-a89e-4891-b1b1-bac4f9f29552, 3bba12ea-eb97-4cb8-a72d-96cb4f92f88e, 253ef487-fc9a-46cf-a18f-fb890cfa9c45
2021-10-28 01:49:21,571 [Listener at 127.0.0.1/46475] INFO  ozone.MiniOzoneClusterImpl (MiniOzoneClusterImpl.java:lambda$waitForClusterToBeReady$0(235)) - Waiting for nodes to be ready. Got 3 of 7 DN Heartbeats.
2021-10-28 01:49:21,571 [Listener at 127.0.0.1/46475] INFO  ozone.MiniOzoneClusterImpl (MiniOzoneClusterImpl.java:lambda$waitForClusterToBeReady$0(238)) - Waiting for cluster to exit safe mode
2021-10-28 01:49:21,571 [Listener at 127.0.0.1/46475] INFO  ozone.MiniOzoneClusterImpl (MiniOzoneClusterImpl.java:lambda$waitForClusterToBeReady$0(240)) - SCM became leader
2021-10-28 01:49:21,841 [EndpointStateMachine task thread for /0.0.0.0:37905 - 0 ] INFO  ozoneimpl.OzoneContainer (OzoneContainer.java:start(304)) - Attempting to start container services.
2021-10-28 01:49:21,842 [EndpointStateMachine task thread for /0.0.0.0:37905 - 0 ] INFO  ozoneimpl.OzoneContainer (OzoneContainer.java:startContainerScrub(249)) - Background container scanner has been disabled.
2021-10-28 01:49:21,842 [EndpointStateMachine task thread for /0.0.0.0:37905 - 0 ] INFO  replication.ReplicationServer (ReplicationServer.java:start(107)) - ReplicationServer is started using port 42011
2021-10-28 01:49:21,883 [EndpointStateMachine task thread for /0.0.0.0:37905 - 0 ] INFO  ratis.XceiverServerRatis (XceiverServerRatis.java:start(484)) - Starting XceiverServerRatis 31d6ae09-1bf4-4ff4-9532-94f29ed1392e
2021-10-28 01:49:21,894 [EndpointStateMachine task thread for /0.0.0.0:37905 - 0 ] INFO  server.RaftServer (RaftServerProxy.java:lambda$start$5(374)) - 31d6ae09-1bf4-4ff4-9532-94f29ed1392e: start RPC server
2021-10-28 01:49:21,894 [EndpointStateMachine task thread for /0.0.0.0:37905 - 0 ] INFO  server.GrpcService (GrpcService.java:startImpl(253)) - 31d6ae09-1bf4-4ff4-9532-94f29ed1392e: GrpcService started, listening on 44047
2021-10-28 01:49:21,895 [EndpointStateMachine task thread for /0.0.0.0:37905 - 0 ] INFO  ratis.XceiverServerRatis (XceiverServerRatis.java:getRealPort(505)) - XceiverServerRatis 31d6ae09-1bf4-4ff4-9532-94f29ed1392e is started using port 44047 for RATIS
2021-10-28 01:49:21,895 [EndpointStateMachine task thread for /0.0.0.0:37905 - 0 ] INFO  ratis.XceiverServerRatis (XceiverServerRatis.java:getRealPort(505)) - XceiverServerRatis 31d6ae09-1bf4-4ff4-9532-94f29ed1392e is started using port 44047 for RATIS_ADMIN
2021-10-28 01:49:21,895 [EndpointStateMachine task thread for /0.0.0.0:37905 - 0 ] INFO  ratis.XceiverServerRatis (XceiverServerRatis.java:getRealPort(505)) - XceiverServerRatis 31d6ae09-1bf4-4ff4-9532-94f29ed1392e is started using port 44047 for RATIS_SERVER
2021-10-28 01:49:21,895 [EndpointStateMachine task thread for /0.0.0.0:37905 - 0 ] INFO  server.XceiverServerGrpc (XceiverServerGrpc.java:start(135)) - XceiverServerGrpc 31d6ae09-1bf4-4ff4-9532-94f29ed1392e is started using port 32823
2021-10-28 01:49:21,939 [org.apache.ratis.util.JvmPauseMonitor$$Lambda$531/277938555@2c5db24] INFO  util.JvmPauseMonitor (JvmPauseMonitor.java:run(103)) - JvmPauseMonitor-31d6ae09-1bf4-4ff4-9532-94f29ed1392e: Started
2021-10-28 01:49:22,228 [IPC Server handler 0 on default port 37905] INFO  net.NetworkTopologyImpl (NetworkTopologyImpl.java:add(112)) - Added a new node: /default-rack/850b4870-9ae5-4bfa-bbd2-f1f242dff33d
2021-10-28 01:49:22,228 [IPC Server handler 0 on default port 37905] INFO  node.SCMNodeManager (SCMNodeManager.java:register(389)) - Registered Data node : 850b4870-9ae5-4bfa-bbd2-f1f242dff33d{ip: 10.1.0.29, host: fv-az270-135.tacnzluakwdehk1hpragurqkma.bx.internal.cloudapp.net, ports: [REPLICATION=39677, RATIS=35637, RATIS_ADMIN=35637, RATIS_SERVER=35637, STANDALONE=41253], networkLocation: /default-rack, certSerialId: null, persistedOpState: null, persistedOpStateExpiryEpochSec: 0}
2021-10-28 01:49:22,229 [EventQueue-NewNodeForNewNodeHandler] INFO  pipeline.BackgroundPipelineCreator (BackgroundPipelineCreator.java:notifyEventTriggered(285)) - trigger a one-shot run on RatisPipelineUtilsThread.
2021-10-28 01:49:22,229 [RatisPipelineUtilsThread - 0] INFO  pipeline.RatisPipelineProvider (RatisPipelineProvider.java:lambda$create$0(183)) - Sending CreatePipelineCommand for pipeline:PipelineID=912ce479-1254-4f62-8658-887d28601a48 to datanode:850b4870-9ae5-4bfa-bbd2-f1f242dff33d
2021-10-28 01:49:22,230 [RatisPipelineUtilsThread - 0] INFO  pipeline.PipelineStateManagerImpl (PipelineStateManagerImpl.java:addPipeline(101)) - Created pipeline Pipeline[ Id: 912ce479-1254-4f62-8658-887d28601a48, Nodes: 850b4870-9ae5-4bfa-bbd2-f1f242dff33d{ip: 10.1.0.29, host: fv-az270-135.tacnzluakwdehk1hpragurqkma.bx.internal.cloudapp.net, ports: [REPLICATION=39677, RATIS=35637, RATIS_ADMIN=35637, RATIS_SERVER=35637, STANDALONE=41253], networkLocation: /default-rack, certSerialId: null, persistedOpState: IN_SERVICE, persistedOpStateExpiryEpochSec: 0}, ReplicationConfig: RATIS/ONE, State:ALLOCATED, leaderId:, CreationTimestamp2021-10-28T01:49:22.229Z[Etc/UTC]].
2021-10-28 01:49:22,575 [Listener at 127.0.0.1/46475] INFO  ozone.MiniOzoneClusterImpl (MiniOzoneClusterImpl.java:lambda$waitForClusterToBeReady$0(235)) - Waiting for nodes to be ready. Got 4 of 7 DN Heartbeats.
2021-10-28 01:49:22,575 [Listener at 127.0.0.1/46475] INFO  ozone.MiniOzoneClusterImpl (MiniOzoneClusterImpl.java:lambda$waitForClusterToBeReady$0(238)) - Waiting for cluster to exit safe mode
2021-10-28 01:49:22,575 [Listener at 127.0.0.1/46475] INFO  ozone.MiniOzoneClusterImpl (MiniOzoneClusterImpl.java:lambda$waitForClusterToBeReady$0(240)) - SCM became leader
2021-10-28 01:49:22,601 [EndpointStateMachine task thread for /0.0.0.0:37905 - 0 ] INFO  ozoneimpl.OzoneContainer (OzoneContainer.java:start(304)) - Attempting to start container services.
2021-10-28 01:49:22,601 [EndpointStateMachine task thread for /0.0.0.0:37905 - 0 ] INFO  ozoneimpl.OzoneContainer (OzoneContainer.java:startContainerScrub(249)) - Background container scanner has been disabled.
2021-10-28 01:49:22,605 [EndpointStateMachine task thread for /0.0.0.0:37905 - 0 ] INFO  replication.ReplicationServer (ReplicationServer.java:start(107)) - ReplicationServer is started using port 41683
2021-10-28 01:49:22,605 [EndpointStateMachine task thread for /0.0.0.0:37905 - 0 ] INFO  ratis.XceiverServerRatis (XceiverServerRatis.java:start(484)) - Starting XceiverServerRatis 6d544018-2462-4d7b-9c06-1f628f7d4bb3
2021-10-28 01:49:22,661 [EndpointStateMachine task thread for /0.0.0.0:37905 - 0 ] INFO  server.RaftServer (RaftServerProxy.java:lambda$start$5(374)) - 6d544018-2462-4d7b-9c06-1f628f7d4bb3: start RPC server
2021-10-28 01:49:22,665 [EndpointStateMachine task thread for /0.0.0.0:37905 - 0 ] INFO  server.GrpcService (GrpcService.java:startImpl(253)) - 6d544018-2462-4d7b-9c06-1f628f7d4bb3: GrpcService started, listening on 46225
2021-10-28 01:49:22,665 [EndpointStateMachine task thread for /0.0.0.0:37905 - 0 ] INFO  ratis.XceiverServerRatis (XceiverServerRatis.java:getRealPort(505)) - XceiverServerRatis 6d544018-2462-4d7b-9c06-1f628f7d4bb3 is started using port 46225 for RATIS
2021-10-28 01:49:22,665 [EndpointStateMachine task thread for /0.0.0.0:37905 - 0 ] INFO  ratis.XceiverServerRatis (XceiverServerRatis.java:getRealPort(505)) - XceiverServerRatis 6d544018-2462-4d7b-9c06-1f628f7d4bb3 is started using port 46225 for RATIS_ADMIN
2021-10-28 01:49:22,665 [EndpointStateMachine task thread for /0.0.0.0:37905 - 0 ] INFO  ratis.XceiverServerRatis (XceiverServerRatis.java:getRealPort(505)) - XceiverServerRatis 6d544018-2462-4d7b-9c06-1f628f7d4bb3 is started using port 46225 for RATIS_SERVER
2021-10-28 01:49:22,665 [org.apache.ratis.util.JvmPauseMonitor$$Lambda$531/277938555@24f9f3bf] INFO  util.JvmPauseMonitor (JvmPauseMonitor.java:run(103)) - JvmPauseMonitor-6d544018-2462-4d7b-9c06-1f628f7d4bb3: Started
2021-10-28 01:49:22,671 [EndpointStateMachine task thread for /0.0.0.0:37905 - 0 ] INFO  server.XceiverServerGrpc (XceiverServerGrpc.java:start(135)) - XceiverServerGrpc 6d544018-2462-4d7b-9c06-1f628f7d4bb3 is started using port 33603
2021-10-28 01:49:22,866 [IPC Server handler 5 on default port 37905] INFO  net.NetworkTopologyImpl (NetworkTopologyImpl.java:add(112)) - Added a new node: /default-rack/43ee2308-4bff-4c12-a476-7906f102dfb0
2021-10-28 01:49:22,866 [IPC Server handler 5 on default port 37905] INFO  node.SCMNodeManager (SCMNodeManager.java:register(389)) - Registered Data node : 43ee2308-4bff-4c12-a476-7906f102dfb0{ip: 10.1.0.29, host: fv-az270-135.tacnzluakwdehk1hpragurqkma.bx.internal.cloudapp.net, ports: [REPLICATION=42689, RATIS=33053, RATIS_ADMIN=33053, RATIS_SERVER=33053, STANDALONE=35333], networkLocation: /default-rack, certSerialId: null, persistedOpState: null, persistedOpStateExpiryEpochSec: 0}
2021-10-28 01:49:22,866 [EventQueue-NewNodeForNewNodeHandler] INFO  pipeline.BackgroundPipelineCreator (BackgroundPipelineCreator.java:notifyEventTriggered(285)) - trigger a one-shot run on RatisPipelineUtilsThread.
2021-10-28 01:49:22,867 [RatisPipelineUtilsThread - 0] INFO  pipeline.RatisPipelineProvider (RatisPipelineProvider.java:lambda$create$0(183)) - Sending CreatePipelineCommand for pipeline:PipelineID=6051f0ed-a979-43e1-b3d7-616a459d8117 to datanode:43ee2308-4bff-4c12-a476-7906f102dfb0
2021-10-28 01:49:22,867 [RatisPipelineUtilsThread - 0] INFO  pipeline.PipelineStateManagerImpl (PipelineStateManagerImpl.java:addPipeline(101)) - Created pipeline Pipeline[ Id: 6051f0ed-a979-43e1-b3d7-616a459d8117, Nodes: 43ee2308-4bff-4c12-a476-7906f102dfb0{ip: 10.1.0.29, host: fv-az270-135.tacnzluakwdehk1hpragurqkma.bx.internal.cloudapp.net, ports: [REPLICATION=42689, RATIS=33053, RATIS_ADMIN=33053, RATIS_SERVER=33053, STANDALONE=35333], networkLocation: /default-rack, certSerialId: null, persistedOpState: IN_SERVICE, persistedOpStateExpiryEpochSec: 0}, ReplicationConfig: RATIS/ONE, State:ALLOCATED, leaderId:, CreationTimestamp2021-10-28T01:49:22.866Z[Etc/UTC]].
2021-10-28 01:49:22,973 [Command processor thread] INFO  server.RaftServer (RaftServerProxy.java:addNew(95)) - 253ef487-fc9a-46cf-a18f-fb890cfa9c45: addNew group-6BF915904876:[253ef487-fc9a-46cf-a18f-fb890cfa9c45|rpc:10.1.0.29:46847|priority:1] returns group-6BF915904876:java.util.concurrent.CompletableFuture@33886cf7[Not completed]
2021-10-28 01:49:23,004 [pool-505-thread-1] INFO  server.RaftServer$Division (RaftServerImpl.java:<init>(184)) - 253ef487-fc9a-46cf-a18f-fb890cfa9c45: new RaftServerImpl for group-6BF915904876:[253ef487-fc9a-46cf-a18f-fb890cfa9c45|rpc:10.1.0.29:46847|priority:1] with ContainerStateMachine:uninitialized
2021-10-28 01:49:23,020 [pool-505-thread-1] INFO  server.RaftServerConfigKeys (ConfUtils.java:logGet(44)) - raft.server.rpc.timeout.min = 5s (custom)
2021-10-28 01:49:23,020 [pool-505-thread-1] INFO  server.RaftServerConfigKeys (ConfUtils.java:logGet(44)) - raft.server.rpc.timeout.max = 5200ms (custom)
2021-10-28 01:49:23,020 [pool-505-thread-1] INFO  server.RaftServerConfigKeys (ConfUtils.java:logGet(44)) - raft.server.rpc.sleep.time = 25ms (default)
2021-10-28 01:49:23,020 [pool-505-thread-1] INFO  server.RaftServerConfigKeys (ConfUtils.java:logGet(44)) - raft.server.rpc.slowness.timeout = 300000ms (custom)
2021-10-28 01:49:23,020 [pool-505-thread-1] INFO  server.RaftServerConfigKeys (ConfUtils.java:logGet(44)) - raft.server.leaderelection.leader.step-down.wait-time = 10s (default)
2021-10-28 01:49:23,020 [pool-505-thread-1] INFO  server.RaftServerConfigKeys (ConfUtils.java:logGet(44)) - raft.server.sleep.deviation.threshold = 300ms (default)
2021-10-28 01:49:23,020 [pool-505-thread-1] INFO  server.RaftServerConfigKeys (ConfUtils.java:logGet(44)) - raft.server.log.appender.install.snapshot.enabled = false (custom)
2021-10-28 01:49:23,023 [pool-505-thread-1] INFO  server.RaftServer$Division (ServerState.java:<init>(105)) - 253ef487-fc9a-46cf-a18f-fb890cfa9c45@group-6BF915904876: ConfigurationManager, init=-1: [253ef487-fc9a-46cf-a18f-fb890cfa9c45|rpc:10.1.0.29:46847|priority:1], old=null, confs=<EMPTY_MAP>
2021-10-28 01:49:23,023 [pool-505-thread-1] INFO  server.RaftServerConfigKeys (ConfUtils.java:logGet(44)) - raft.server.storage.dir = [/home/runner/work/ozone/ozone/hadoop-ozone/integration-test/target/test-dir/MiniOzoneClusterImpl-0566475b-15f3-492a-9b28-f78457f271af/datanode-0/data/ratis] (custom)
2021-10-28 01:49:23,024 [pool-505-thread-1] INFO  server.RaftServerConfigKeys (ConfUtils.java:logGet(44)) - raft.server.log.corruption.policy = EXCEPTION (default)
2021-10-28 01:49:23,024 [pool-505-thread-1] INFO  server.RaftServerConfigKeys (ConfUtils.java:logGet(44)) - raft.server.storage.free-space.min = 0MB (=0) (default)
2021-10-28 01:49:23,024 [pool-505-thread-1] INFO  storage.RaftStorageDirectory (RaftStorageDirectoryImpl.java:analyzeStorage(135)) - The storage directory /home/runner/work/ozone/ozone/hadoop-ozone/integration-test/target/test-dir/MiniOzoneClusterImpl-0566475b-15f3-492a-9b28-f78457f271af/datanode-0/data/ratis/8f2252ff-5744-45ed-88bc-6bf915904876 does not exist. Creating ...
2021-10-28 01:49:23,036 [pool-505-thread-1] INFO  storage.RaftStorageDirectory (RaftStorageDirectoryImpl.java:tryLock(230)) - Lock on /home/runner/work/ozone/ozone/hadoop-ozone/integration-test/target/test-dir/MiniOzoneClusterImpl-0566475b-15f3-492a-9b28-f78457f271af/datanode-0/data/ratis/8f2252ff-5744-45ed-88bc-6bf915904876/in_use.lock acquired by nodename 734@fv-az270-135
2021-10-28 01:49:23,053 [pool-505-thread-1] INFO  storage.RaftStorage (RaftStorageImpl.java:format(89)) - Storage directory /home/runner/work/ozone/ozone/hadoop-ozone/integration-test/target/test-dir/MiniOzoneClusterImpl-0566475b-15f3-492a-9b28-f78457f271af/datanode-0/data/ratis/8f2252ff-5744-45ed-88bc-6bf915904876 has been successfully formatted.
2021-10-28 01:49:23,071 [pool-505-thread-1] INFO  ratis.ContainerStateMachine (ContainerStateMachine.java:loadSnapshot(224)) - group-6BF915904876: The snapshot info is null. Setting the last applied indexto:(t:0, i:~)
2021-10-28 01:49:23,071 [pool-505-thread-1] INFO  server.RaftServerConfigKeys (ConfUtils.java:logGet(44)) - raft.server.notification.no-leader.timeout = 300000ms (custom)
2021-10-28 01:49:23,071 [pool-505-thread-1] INFO  server.RaftServerConfigKeys (ConfUtils.java:logGet(44)) - raft.server.log.use.memory = false (default)
2021-10-28 01:49:23,071 [pool-505-thread-1] INFO  server.RaftServerConfigKeys (ConfUtils.java:logGet(44)) - raft.server.log.purge.gap = 1000000 (custom)
2021-10-28 01:49:23,071 [pool-505-thread-1] INFO  server.RaftServerConfigKeys (ConfUtils.java:logGet(44)) - raft.server.log.appender.buffer.byte-limit = 33554432 (custom)
2021-10-28 01:49:23,072 [pool-505-thread-1] INFO  server.RaftServerConfigKeys (ConfUtils.java:logGet(44)) - raft.server.log.segment.size.max = 1048576 (custom)
2021-10-28 01:49:23,072 [pool-505-thread-1] INFO  server.RaftServerConfigKeys (ConfUtils.java:logGet(44)) - raft.server.log.segment.cache.num.max = 2 (custom)
2021-10-28 01:49:23,072 [pool-505-thread-1] INFO  server.RaftServerConfigKeys (ConfUtils.java:logGet(44)) - raft.server.log.segment.cache.size.max = 200MB (=209715200) (default)
2021-10-28 01:49:23,072 [pool-505-thread-1] INFO  segmented.SegmentedRaftLogWorker (SegmentedRaftLogWorker.java:<init>(182)) - new 253ef487-fc9a-46cf-a18f-fb890cfa9c45@group-6BF915904876-SegmentedRaftLogWorker for RaftStorageImpl:Storage Directory /home/runner/work/ozone/ozone/hadoop-ozone/integration-test/target/test-dir/MiniOzoneClusterImpl-0566475b-15f3-492a-9b28-f78457f271af/datanode-0/data/ratis/8f2252ff-5744-45ed-88bc-6bf915904876
2021-10-28 01:49:23,072 [pool-505-thread-1] INFO  server.RaftServerConfigKeys (ConfUtils.java:logGet(44)) - raft.server.log.queue.byte-limit = 2147483647 (custom)
2021-10-28 01:49:23,072 [pool-505-thread-1] INFO  server.RaftServerConfigKeys (ConfUtils.java:logGet(44)) - raft.server.log.queue.element-limit = 1024 (custom)
2021-10-28 01:49:23,072 [pool-505-thread-1] INFO  server.RaftServerConfigKeys (ConfUtils.java:logGet(44)) - raft.server.log.segment.size.max = 1048576 (custom)
2021-10-28 01:49:23,072 [pool-505-thread-1] INFO  server.RaftServerConfigKeys (ConfUtils.java:logGet(44)) - raft.server.log.preallocated.size = 16384 (custom)
2021-10-28 01:49:23,072 [pool-505-thread-1] INFO  server.RaftServerConfigKeys (ConfUtils.java:logGet(44)) - raft.server.log.force.sync.num = 128 (default)
2021-10-28 01:49:23,072 [pool-505-thread-1] INFO  server.RaftServerConfigKeys (ConfUtils.java:logGet(44)) - raft.server.log.statemachine.data.sync = true (default)
2021-10-28 01:49:23,072 [pool-505-thread-1] INFO  server.RaftServerConfigKeys (ConfUtils.java:logGet(44)) - raft.server.log.statemachine.data.sync.timeout = 10s (default)
2021-10-28 01:49:23,072 [pool-505-thread-1] INFO  server.RaftServerConfigKeys (ConfUtils.java:logGet(44)) - raft.server.log.statemachine.data.sync.timeout.retry = -1 (default)
2021-10-28 01:49:23,073 [pool-505-thread-1] INFO  server.RaftServerConfigKeys (ConfUtils.java:logGet(44)) - raft.server.log.write.buffer.size = 1048576 (custom)
2021-10-28 01:49:23,074 [EventQueue-PipelineReportForPipelineReportHandler] INFO  pipeline.PipelineManagerImpl (PipelineManagerImpl.java:openPipeline(289)) - Pipeline Pipeline[ Id: 8f2252ff-5744-45ed-88bc-6bf915904876, Nodes: 253ef487-fc9a-46cf-a18f-fb890cfa9c45{ip: 10.1.0.29, host: fv-az270-135.tacnzluakwdehk1hpragurqkma.bx.internal.cloudapp.net, ports: [REPLICATION=33957, RATIS=46847, RATIS_ADMIN=46847, RATIS_SERVER=46847, STANDALONE=44157], networkLocation: /default-rack, certSerialId: null, persistedOpState: IN_SERVICE, persistedOpStateExpiryEpochSec: 0}, ReplicationConfig: RATIS/ONE, State:ALLOCATED, leaderId:253ef487-fc9a-46cf-a18f-fb890cfa9c45, CreationTimestamp2021-10-28T01:49:20.013Z[Etc/UTC]] moved to OPEN state
2021-10-28 01:49:23,099 [pool-505-thread-1] INFO  server.RaftServerConfigKeys (ConfUtils.java:logGet(44)) - raft.server.log.statemachine.data.caching.enabled = true (custom)
2021-10-28 01:49:23,099 [pool-505-thread-1] INFO  segmented.SegmentedRaftLogWorker (SegmentedRaftLogWorker.java:lambda$new$0(133)) - 253ef487-fc9a-46cf-a18f-fb890cfa9c45@group-6BF915904876-SegmentedRaftLogWorker: flushIndex: setUnconditionally 0 -> -1
2021-10-28 01:49:23,099 [pool-505-thread-1] INFO  segmented.SegmentedRaftLogWorker (SegmentedRaftLogWorker.java:lambda$new$0(133)) - 253ef487-fc9a-46cf-a18f-fb890cfa9c45@group-6BF915904876-SegmentedRaftLogWorker: safeCacheEvictIndex: setUnconditionally 0 -> -1
2021-10-28 01:49:23,108 [EventQueue-OpenPipelineForHealthyPipelineSafeModeRule] INFO  safemode.SCMSafeModeManager (HealthyPipelineSafeModeRule.java:process(124)) - SCM in safe mode. Healthy pipelines reported count is 0, required healthy pipeline reported count is 1
2021-10-28 01:49:23,108 [pool-505-thread-1] INFO  server.RaftServerConfigKeys (ConfUtils.java:logGet(44)) - raft.server.snapshot.auto.trigger.enabled = true (custom)
2021-10-28 01:49:23,108 [pool-505-thread-1] INFO  server.RaftServerConfigKeys (ConfUtils.java:logGet(44)) - raft.server.snapshot.auto.trigger.threshold = 10000 (custom)
2021-10-28 01:49:23,108 [pool-505-thread-1] INFO  server.RaftServerConfigKeys (ConfUtils.java:logGet(44)) - raft.server.snapshot.retention.file.num = 5 (custom)
2021-10-28 01:49:23,108 [pool-505-thread-1] INFO  server.RaftServerConfigKeys (ConfUtils.java:logGet(44)) - raft.server.log.purge.upto.snapshot.index = false (default)
2021-10-28 01:49:23,108 [pool-505-thread-1] INFO  server.RaftServerConfigKeys (ConfUtils.java:logGet(44)) - raft.server.retrycache.expirytime = 600000ms (custom)
2021-10-28 01:49:23,108 [pool-505-thread-1] INFO  server.RaftServerConfigKeys (ConfUtils.java:logGet(44)) - raft.server.retrycache.statistics.expirytime = 100μs (default)
2021-10-28 01:49:23,110 [pool-505-thread-1] INFO  server.RaftServer$Division (RaftServerImpl.java:start(301)) - 253ef487-fc9a-46cf-a18f-fb890cfa9c45@group-6BF915904876: start as a follower, conf=-1: [253ef487-fc9a-46cf-a18f-fb890cfa9c45|rpc:10.1.0.29:46847|priority:1], old=null
2021-10-28 01:49:23,110 [pool-505-thread-1] INFO  server.RaftServer$Division (RaftServerImpl.java:setRole(290)) - 253ef487-fc9a-46cf-a18f-fb890cfa9c45@group-6BF915904876: changes role from      null to FOLLOWER at term 0 for startAsFollower
2021-10-28 01:49:23,110 [pool-505-thread-1] INFO  impl.RoleInfo (RoleInfo.java:updateAndGet(130)) - 253ef487-fc9a-46cf-a18f-fb890cfa9c45: start 253ef487-fc9a-46cf-a18f-fb890cfa9c45@group-6BF915904876-FollowerState
2021-10-28 01:49:23,129 [pool-505-thread-1] INFO  util.JmxRegister (JmxRegister.java:tryRegister(44)) - Successfully registered JMX Bean with object name Ratis:service=RaftServer,group=group-6BF915904876,id=253ef487-fc9a-46cf-a18f-fb890cfa9c45
2021-10-28 01:49:23,130 [Command processor thread] INFO  ratis.XceiverServerRatis (XceiverServerRatis.java:addGroup(768)) - Created group PipelineID=8f2252ff-5744-45ed-88bc-6bf915904876
2021-10-28 01:49:23,130 [Command processor thread] INFO  commandhandler.CreatePipelineCommandHandler (CreatePipelineCommandHandler.java:handle(106)) - Created Pipeline RATIS ONE PipelineID=8f2252ff-5744-45ed-88bc-6bf915904876.
2021-10-28 01:49:23,130 [Command processor thread] INFO  server.RaftServer (RaftServerProxy.java:addNew(95)) - 253ef487-fc9a-46cf-a18f-fb890cfa9c45: addNew group-7330C24FE1E2:[3bba12ea-eb97-4cb8-a72d-96cb4f92f88e|rpc:10.1.0.29:33133|priority:0, 253ef487-fc9a-46cf-a18f-fb890cfa9c45|rpc:10.1.0.29:46847|priority:0, 167d9434-a89e-4891-b1b1-bac4f9f29552|rpc:10.1.0.29:32839|priority:1] returns group-7330C24FE1E2:java.util.concurrent.CompletableFuture@37b7ee5e[Not completed]
2021-10-28 01:49:23,132 [pool-505-thread-1] INFO  server.RaftServer$Division (RaftServerImpl.java:<init>(184)) - 253ef487-fc9a-46cf-a18f-fb890cfa9c45: new RaftServerImpl for group-7330C24FE1E2:[3bba12ea-eb97-4cb8-a72d-96cb4f92f88e|rpc:10.1.0.29:33133|priority:0, 253ef487-fc9a-46cf-a18f-fb890cfa9c45|rpc:10.1.0.29:46847|priority:0, 167d9434-a89e-4891-b1b1-bac4f9f29552|rpc:10.1.0.29:32839|priority:1] with ContainerStateMachine:uninitialized
2021-10-28 01:49:23,132 [pool-505-thread-1] INFO  server.RaftServerConfigKeys (ConfUtils.java:logGet(44)) - raft.server.rpc.timeout.min = 5s (custom)
2021-10-28 01:49:23,132 [pool-505-thread-1] INFO  server.RaftServerConfigKeys (ConfUtils.java:logGet(44)) - raft.server.rpc.timeout.max = 5200ms (custom)
2021-10-28 01:49:23,132 [pool-505-thread-1] INFO  server.RaftServerConfigKeys (ConfUtils.java:logGet(44)) - raft.server.rpc.sleep.time = 25ms (default)
2021-10-28 01:49:23,132 [pool-505-thread-1] INFO  server.RaftServerConfigKeys (ConfUtils.java:logGet(44)) - raft.server.rpc.slowness.timeout = 300000ms (custom)
2021-10-28 01:49:23,132 [pool-505-thread-1] INFO  server.RaftServerConfigKeys (ConfUtils.java:logGet(44)) - raft.server.leaderelection.leader.step-down.wait-time = 10s (default)
2021-10-28 01:49:23,132 [pool-505-thread-1] INFO  server.RaftServerConfigKeys (ConfUtils.java:logGet(44)) - raft.server.sleep.deviation.threshold = 300ms (default)
2021-10-28 01:49:23,132 [pool-505-thread-1] INFO  server.RaftServerConfigKeys (ConfUtils.java:logGet(44)) - raft.server.log.appender.install.snapshot.enabled = false (custom)
2021-10-28 01:49:23,132 [pool-505-thread-1] INFO  server.RaftServer$Division (ServerState.java:<init>(105)) - 253ef487-fc9a-46cf-a18f-fb890cfa9c45@group-7330C24FE1E2: ConfigurationManager, init=-1: [3bba12ea-eb97-4cb8-a72d-96cb4f92f88e|rpc:10.1.0.29:33133|priority:0, 253ef487-fc9a-46cf-a18f-fb890cfa9c45|rpc:10.1.0.29:46847|priority:0, 167d9434-a89e-4891-b1b1-bac4f9f29552|rpc:10.1.0.29:32839|priority:1], old=null, confs=<EMPTY_MAP>
2021-10-28 01:49:23,132 [pool-505-thread-1] INFO  server.RaftServerConfigKeys (ConfUtils.java:logGet(44)) - raft.server.storage.dir = [/home/runner/work/ozone/ozone/hadoop-ozone/integration-test/target/test-dir/MiniOzoneClusterImpl-0566475b-15f3-492a-9b28-f78457f271af/datanode-0/data/ratis] (custom)
2021-10-28 01:49:23,132 [pool-505-thread-1] INFO  server.RaftServerConfigKeys (ConfUtils.java:logGet(44)) - raft.server.log.corruption.policy = EXCEPTION (default)
2021-10-28 01:49:23,132 [pool-505-thread-1] INFO  server.RaftServerConfigKeys (ConfUtils.java:logGet(44)) - raft.server.storage.free-space.min = 0MB (=0) (default)
2021-10-28 01:49:23,132 [pool-505-thread-1] INFO  storage.RaftStorageDirectory (RaftStorageDirectoryImpl.java:analyzeStorage(135)) - The storage directory /home/runner/work/ozone/ozone/hadoop-ozone/integration-test/target/test-dir/MiniOzoneClusterImpl-0566475b-15f3-492a-9b28-f78457f271af/datanode-0/data/ratis/1e12f81b-9515-4629-add1-7330c24fe1e2 does not exist. Creating ...
2021-10-28 01:49:23,134 [pool-505-thread-1] INFO  storage.RaftStorageDirectory (RaftStorageDirectoryImpl.java:tryLock(230)) - Lock on /home/runner/work/ozone/ozone/hadoop-ozone/integration-test/target/test-dir/MiniOzoneClusterImpl-0566475b-15f3-492a-9b28-f78457f271af/datanode-0/data/ratis/1e12f81b-9515-4629-add1-7330c24fe1e2/in_use.lock acquired by nodename 734@fv-az270-135
2021-10-28 01:49:23,151 [pool-505-thread-1] INFO  storage.RaftStorage (RaftStorageImpl.java:format(89)) - Storage directory /home/runner/work/ozone/ozone/hadoop-ozone/integration-test/target/test-dir/MiniOzoneClusterImpl-0566475b-15f3-492a-9b28-f78457f271af/datanode-0/data/ratis/1e12f81b-9515-4629-add1-7330c24fe1e2 has been successfully formatted.
2021-10-28 01:49:23,152 [pool-505-thread-1] INFO  ratis.ContainerStateMachine (ContainerStateMachine.java:loadSnapshot(224)) - group-7330C24FE1E2: The snapshot info is null. Setting the last applied indexto:(t:0, i:~)
2021-10-28 01:49:23,152 [pool-505-thread-1] INFO  server.RaftServerConfigKeys (ConfUtils.java:logGet(44)) - raft.server.notification.no-leader.timeout = 300000ms (custom)
2021-10-28 01:49:23,152 [pool-505-thread-1] INFO  server.RaftServerConfigKeys (ConfUtils.java:logGet(44)) - raft.server.log.use.memory = false (default)
2021-10-28 01:49:23,152 [pool-505-thread-1] INFO  server.RaftServerConfigKeys (ConfUtils.java:logGet(44)) - raft.server.log.purge.gap = 1000000 (custom)
2021-10-28 01:49:23,152 [pool-505-thread-1] INFO  server.RaftServerConfigKeys (ConfUtils.java:logGet(44)) - raft.server.log.appender.buffer.byte-limit = 33554432 (custom)
2021-10-28 01:49:23,152 [pool-505-thread-1] INFO  server.RaftServerConfigKeys (ConfUtils.java:logGet(44)) - raft.server.log.segment.size.max = 1048576 (custom)
2021-10-28 01:49:23,153 [EventQueue-OpenPipelineForHealthyPipelineSafeModeRule] INFO  safemode.SCMSafeModeManager (HealthyPipelineSafeModeRule.java:process(124)) - SCM in safe mode. Healthy pipelines reported count is 0, required healthy pipeline reported count is 1
2021-10-28 01:49:23,153 [pool-505-thread-1] INFO  server.RaftServerConfigKeys (ConfUtils.java:logGet(44)) - raft.server.log.segment.cache.num.max = 2 (custom)
2021-10-28 01:49:23,153 [pool-505-thread-1] INFO  server.RaftServerConfigKeys (ConfUtils.java:logGet(44)) - raft.server.log.segment.cache.size.max = 200MB (=209715200) (default)
2021-10-28 01:49:23,154 [pool-505-thread-1] INFO  segmented.SegmentedRaftLogWorker (SegmentedRaftLogWorker.java:<init>(182)) - new 253ef487-fc9a-46cf-a18f-fb890cfa9c45@group-7330C24FE1E2-SegmentedRaftLogWorker for RaftStorageImpl:Storage Directory /home/runner/work/ozone/ozone/hadoop-ozone/integration-test/target/test-dir/MiniOzoneClusterImpl-0566475b-15f3-492a-9b28-f78457f271af/datanode-0/data/ratis/1e12f81b-9515-4629-add1-7330c24fe1e2
2021-10-28 01:49:23,154 [pool-505-thread-1] INFO  server.RaftServerConfigKeys (ConfUtils.java:logGet(44)) - raft.server.log.queue.byte-limit = 2147483647 (custom)
2021-10-28 01:49:23,154 [pool-505-thread-1] INFO  server.RaftServerConfigKeys (ConfUtils.java:logGet(44)) - raft.server.log.queue.element-limit = 1024 (custom)
2021-10-28 01:49:23,154 [pool-505-thread-1] INFO  server.RaftServerConfigKeys (ConfUtils.java:logGet(44)) - raft.server.log.segment.size.max = 1048576 (custom)
2021-10-28 01:49:23,154 [pool-505-thread-1] INFO  server.RaftServerConfigKeys (ConfUtils.java:logGet(44)) - raft.server.log.preallocated.size = 16384 (custom)
2021-10-28 01:49:23,154 [pool-505-thread-1] INFO  server.RaftServerConfigKeys (ConfUtils.java:logGet(44)) - raft.server.log.force.sync.num = 128 (default)
2021-10-28 01:49:23,154 [pool-505-thread-1] INFO  server.RaftServerConfigKeys (ConfUtils.java:logGet(44)) - raft.server.log.statemachine.data.sync = true (default)
2021-10-28 01:49:23,156 [pool-505-thread-1] INFO  server.RaftServerConfigKeys (ConfUtils.java:logGet(44)) - raft.server.log.statemachine.data.sync.timeout = 10s (default)
2021-10-28 01:49:23,156 [pool-505-thread-1] INFO  server.RaftServerConfigKeys (ConfUtils.java:logGet(44)) - raft.server.log.statemachine.data.sync.timeout.retry = -1 (default)
2021-10-28 01:49:23,157 [pool-505-thread-1] INFO  server.RaftServerConfigKeys (ConfUtils.java:logGet(44)) - raft.server.log.write.buffer.size = 1048576 (custom)
2021-10-28 01:49:23,159 [pool-505-thread-1] INFO  server.RaftServerConfigKeys (ConfUtils.java:logGet(44)) - raft.server.log.statemachine.data.caching.enabled = true (custom)
2021-10-28 01:49:23,159 [pool-505-thread-1] INFO  segmented.SegmentedRaftLogWorker (SegmentedRaftLogWorker.java:lambda$new$0(133)) - 253ef487-fc9a-46cf-a18f-fb890cfa9c45@group-7330C24FE1E2-SegmentedRaftLogWorker: flushIndex: setUnconditionally 0 -> -1
2021-10-28 01:49:23,159 [pool-505-thread-1] INFO  segmented.SegmentedRaftLogWorker (SegmentedRaftLogWorker.java:lambda$new$0(133)) - 253ef487-fc9a-46cf-a18f-fb890cfa9c45@group-7330C24FE1E2-SegmentedRaftLogWorker: safeCacheEvictIndex: setUnconditionally 0 -> -1
2021-10-28 01:49:23,206 [pool-505-thread-1] INFO  server.RaftServerConfigKeys (ConfUtils.java:logGet(44)) - raft.server.snapshot.auto.trigger.enabled = true (custom)
2021-10-28 01:49:23,206 [pool-505-thread-1] INFO  server.RaftServerConfigKeys (ConfUtils.java:logGet(44)) - raft.server.snapshot.auto.trigger.threshold = 10000 (custom)
2021-10-28 01:49:23,206 [pool-505-thread-1] INFO  server.RaftServerConfigKeys (ConfUtils.java:logGet(44)) - raft.server.snapshot.retention.file.num = 5 (custom)
2021-10-28 01:49:23,206 [pool-505-thread-1] INFO  server.RaftServerConfigKeys (ConfUtils.java:logGet(44)) - raft.server.log.purge.upto.snapshot.index = false (default)
2021-10-28 01:49:23,206 [pool-505-thread-1] INFO  server.RaftServerConfigKeys (ConfUtils.java:logGet(44)) - raft.server.retrycache.expirytime = 600000ms (custom)
2021-10-28 01:49:23,206 [pool-505-thread-1] INFO  server.RaftServerConfigKeys (ConfUtils.java:logGet(44)) - raft.server.retrycache.statistics.expirytime = 100μs (default)
2021-10-28 01:49:23,208 [pool-505-thread-1] INFO  server.RaftServer$Division (RaftServerImpl.java:start(301)) - 253ef487-fc9a-46cf-a18f-fb890cfa9c45@group-7330C24FE1E2: start as a follower, conf=-1: [3bba12ea-eb97-4cb8-a72d-96cb4f92f88e|rpc:10.1.0.29:33133|priority:0, 253ef487-fc9a-46cf-a18f-fb890cfa9c45|rpc:10.1.0.29:46847|priority:0, 167d9434-a89e-4891-b1b1-bac4f9f29552|rpc:10.1.0.29:32839|priority:1], old=null
2021-10-28 01:49:23,208 [pool-505-thread-1] INFO  server.RaftServer$Division (RaftServerImpl.java:setRole(290)) - 253ef487-fc9a-46cf-a18f-fb890cfa9c45@group-7330C24FE1E2: changes role from      null to FOLLOWER at term 0 for startAsFollower
2021-10-28 01:49:23,208 [pool-505-thread-1] INFO  impl.RoleInfo (RoleInfo.java:updateAndGet(130)) - 253ef487-fc9a-46cf-a18f-fb890cfa9c45: start 253ef487-fc9a-46cf-a18f-fb890cfa9c45@group-7330C24FE1E2-FollowerState
2021-10-28 01:49:23,208 [pool-505-thread-1] INFO  util.JmxRegister (JmxRegister.java:tryRegister(44)) - Successfully registered JMX Bean with object name Ratis:service=RaftServer,group=group-7330C24FE1E2,id=253ef487-fc9a-46cf-a18f-fb890cfa9c45
2021-10-28 01:49:23,213 [Command processor thread] INFO  ratis.XceiverServerRatis (XceiverServerRatis.java:addGroup(768)) - Created group PipelineID=1e12f81b-9515-4629-add1-7330c24fe1e2
2021-10-28 01:49:23,308 [grpc-default-executor-0] INFO  server.RaftServer (RaftServerProxy.java:addNew(95)) - 3bba12ea-eb97-4cb8-a72d-96cb4f92f88e: addNew group-7330C24FE1E2:[3bba12ea-eb97-4cb8-a72d-96cb4f92f88e|rpc:10.1.0.29:33133|dataStream:|priority:0, 253ef487-fc9a-46cf-a18f-fb890cfa9c45|rpc:10.1.0.29:46847|dataStream:|priority:0, 167d9434-a89e-4891-b1b1-bac4f9f29552|rpc:10.1.0.29:32839|dataStream:|priority:1] returns group-7330C24FE1E2:java.util.concurrent.CompletableFuture@3e9491be[Not completed]
2021-10-28 01:49:23,309 [pool-543-thread-1] INFO  server.RaftServer$Division (RaftServerImpl.java:<init>(184)) - 3bba12ea-eb97-4cb8-a72d-96cb4f92f88e: new RaftServerImpl for group-7330C24FE1E2:[3bba12ea-eb97-4cb8-a72d-96cb4f92f88e|rpc:10.1.0.29:33133|dataStream:|priority:0, 253ef487-fc9a-46cf-a18f-fb890cfa9c45|rpc:10.1.0.29:46847|dataStream:|priority:0, 167d9434-a89e-4891-b1b1-bac4f9f29552|rpc:10.1.0.29:32839|dataStream:|priority:1] with ContainerStateMachine:uninitialized
2021-10-28 01:49:23,309 [pool-543-thread-1] INFO  server.RaftServerConfigKeys (ConfUtils.java:logGet(44)) - raft.server.rpc.timeout.min = 5s (custom)
2021-10-28 01:49:23,309 [pool-543-thread-1] INFO  server.RaftServerConfigKeys (ConfUtils.java:logGet(44)) - raft.server.rpc.timeout.max = 5200ms (custom)
2021-10-28 01:49:23,315 [pool-543-thread-1] INFO  server.RaftServerConfigKeys (ConfUtils.java:logGet(44)) - raft.server.rpc.sleep.time = 25ms (default)
2021-10-28 01:49:23,315 [pool-543-thread-1] INFO  server.RaftServerConfigKeys (ConfUtils.java:logGet(44)) - raft.server.rpc.slowness.timeout = 300000ms (custom)
2021-10-28 01:49:23,315 [pool-543-thread-1] INFO  server.RaftServerConfigKeys (ConfUtils.java:logGet(44)) - raft.server.leaderelection.leader.step-down.wait-time = 10s (default)
2021-10-28 01:49:23,315 [pool-543-thread-1] INFO  server.RaftServerConfigKeys (ConfUtils.java:logGet(44)) - raft.server.sleep.deviation.threshold = 300ms (default)
2021-10-28 01:49:23,315 [pool-543-thread-1] INFO  server.RaftServerConfigKeys (ConfUtils.java:logGet(44)) - raft.server.log.appender.install.snapshot.enabled = false (custom)
2021-10-28 01:49:23,315 [pool-543-thread-1] INFO  server.RaftServer$Division (ServerState.java:<init>(105)) - 3bba12ea-eb97-4cb8-a72d-96cb4f92f88e@group-7330C24FE1E2: ConfigurationManager, init=-1: [3bba12ea-eb97-4cb8-a72d-96cb4f92f88e|rpc:10.1.0.29:33133|dataStream:|priority:0, 253ef487-fc9a-46cf-a18f-fb890cfa9c45|rpc:10.1.0.29:46847|dataStream:|priority:0, 167d9434-a89e-4891-b1b1-bac4f9f29552|rpc:10.1.0.29:32839|dataStream:|priority:1], old=null, confs=<EMPTY_MAP>
2021-10-28 01:49:23,318 [pool-543-thread-1] INFO  server.RaftServerConfigKeys (ConfUtils.java:logGet(44)) - raft.server.storage.dir = [/home/runner/work/ozone/ozone/hadoop-ozone/integration-test/target/test-dir/MiniOzoneClusterImpl-0566475b-15f3-492a-9b28-f78457f271af/datanode-2/data/ratis] (custom)
2021-10-28 01:49:23,318 [pool-543-thread-1] INFO  server.RaftServerConfigKeys (ConfUtils.java:logGet(44)) - raft.server.log.corruption.policy = EXCEPTION (default)
2021-10-28 01:49:23,318 [pool-543-thread-1] INFO  server.RaftServerConfigKeys (ConfUtils.java:logGet(44)) - raft.server.storage.free-space.min = 0MB (=0) (default)
2021-10-28 01:49:23,318 [pool-543-thread-1] INFO  storage.RaftStorageDirectory (RaftStorageDirectoryImpl.java:analyzeStorage(135)) - The storage directory /home/runner/work/ozone/ozone/hadoop-ozone/integration-test/target/test-dir/MiniOzoneClusterImpl-0566475b-15f3-492a-9b28-f78457f271af/datanode-2/data/ratis/1e12f81b-9515-4629-add1-7330c24fe1e2 does not exist. Creating ...
2021-10-28 01:49:23,347 [pool-543-thread-1] INFO  storage.RaftStorageDirectory (RaftStorageDirectoryImpl.java:tryLock(230)) - Lock on /home/runner/work/ozone/ozone/hadoop-ozone/integration-test/target/test-dir/MiniOzoneClusterImpl-0566475b-15f3-492a-9b28-f78457f271af/datanode-2/data/ratis/1e12f81b-9515-4629-add1-7330c24fe1e2/in_use.lock acquired by nodename 734@fv-az270-135
2021-10-28 01:49:23,353 [pool-543-thread-1] INFO  storage.RaftStorage (RaftStorageImpl.java:format(89)) - Storage directory /home/runner/work/ozone/ozone/hadoop-ozone/integration-test/target/test-dir/MiniOzoneClusterImpl-0566475b-15f3-492a-9b28-f78457f271af/datanode-2/data/ratis/1e12f81b-9515-4629-add1-7330c24fe1e2 has been successfully formatted.
2021-10-28 01:49:23,353 [pool-543-thread-1] INFO  ratis.ContainerStateMachine (ContainerStateMachine.java:loadSnapshot(224)) - group-7330C24FE1E2: The snapshot info is null. Setting the last applied indexto:(t:0, i:~)
2021-10-28 01:49:23,395 [pool-543-thread-1] INFO  server.RaftServerConfigKeys (ConfUtils.java:logGet(44)) - raft.server.notification.no-leader.timeout = 300000ms (custom)
2021-10-28 01:49:23,395 [pool-543-thread-1] INFO  server.RaftServerConfigKeys (ConfUtils.java:logGet(44)) - raft.server.log.use.memory = false (default)
2021-10-28 01:49:23,395 [pool-543-thread-1] INFO  server.RaftServerConfigKeys (ConfUtils.java:logGet(44)) - raft.server.log.purge.gap = 1000000 (custom)
2021-10-28 01:49:23,395 [pool-543-thread-1] INFO  server.RaftServerConfigKeys (ConfUtils.java:logGet(44)) - raft.server.log.appender.buffer.byte-limit = 33554432 (custom)
2021-10-28 01:49:23,395 [pool-543-thread-1] INFO  server.RaftServerConfigKeys (ConfUtils.java:logGet(44)) - raft.server.log.segment.size.max = 1048576 (custom)
2021-10-28 01:49:23,396 [pool-543-thread-1] INFO  server.RaftServerConfigKeys (ConfUtils.java:logGet(44)) - raft.server.log.segment.cache.num.max = 2 (custom)
2021-10-28 01:49:23,396 [pool-543-thread-1] INFO  server.RaftServerConfigKeys (ConfUtils.java:logGet(44)) - raft.server.log.segment.cache.size.max = 200MB (=209715200) (default)
2021-10-28 01:49:23,396 [pool-543-thread-1] INFO  segmented.SegmentedRaftLogWorker (SegmentedRaftLogWorker.java:<init>(182)) - new 3bba12ea-eb97-4cb8-a72d-96cb4f92f88e@group-7330C24FE1E2-SegmentedRaftLogWorker for RaftStorageImpl:Storage Directory /home/runner/work/ozone/ozone/hadoop-ozone/integration-test/target/test-dir/MiniOzoneClusterImpl-0566475b-15f3-492a-9b28-f78457f271af/datanode-2/data/ratis/1e12f81b-9515-4629-add1-7330c24fe1e2
2021-10-28 01:49:23,396 [pool-543-thread-1] INFO  server.RaftServerConfigKeys (ConfUtils.java:logGet(44)) - raft.server.log.queue.byte-limit = 2147483647 (custom)
2021-10-28 01:49:23,396 [pool-543-thread-1] INFO  server.RaftServerConfigKeys (ConfUtils.java:logGet(44)) - raft.server.log.queue.element-limit = 1024 (custom)
2021-10-28 01:49:23,396 [pool-543-thread-1] INFO  server.RaftServerConfigKeys (ConfUtils.java:logGet(44)) - raft.server.log.segment.size.max = 1048576 (custom)
2021-10-28 01:49:23,396 [pool-543-thread-1] INFO  server.RaftServerConfigKeys (ConfUtils.java:logGet(44)) - raft.server.log.preallocated.size = 16384 (custom)
2021-10-28 01:49:23,396 [pool-543-thread-1] INFO  server.RaftServerConfigKeys (ConfUtils.java:logGet(44)) - raft.server.log.force.sync.num = 128 (default)
2021-10-28 01:49:23,396 [pool-543-thread-1] INFO  server.RaftServerConfigKeys (ConfUtils.java:logGet(44)) - raft.server.log.statemachine.data.sync = true (default)
2021-10-28 01:49:23,396 [pool-543-thread-1] INFO  server.RaftServerConfigKeys (ConfUtils.java:logGet(44)) - raft.server.log.statemachine.data.sync.timeout = 10s (default)
2021-10-28 01:49:23,396 [pool-543-thread-1] INFO  server.RaftServerConfigKeys (ConfUtils.java:logGet(44)) - raft.server.log.statemachine.data.sync.timeout.retry = -1 (default)
2021-10-28 01:49:23,397 [pool-543-thread-1] INFO  server.RaftServerConfigKeys (ConfUtils.java:logGet(44)) - raft.server.log.write.buffer.size = 1048576 (custom)
2021-10-28 01:49:23,397 [pool-543-thread-1] INFO  server.RaftServerConfigKeys (ConfUtils.java:logGet(44)) - raft.server.log.statemachine.data.caching.enabled = true (custom)
2021-10-28 01:49:23,398 [pool-543-thread-1] INFO  segmented.SegmentedRaftLogWorker (SegmentedRaftLogWorker.java:lambda$new$0(133)) - 3bba12ea-eb97-4cb8-a72d-96cb4f92f88e@group-7330C24FE1E2-SegmentedRaftLogWorker: flushIndex: setUnconditionally 0 -> -1
2021-10-28 01:49:23,398 [pool-543-thread-1] INFO  segmented.SegmentedRaftLogWorker (SegmentedRaftLogWorker.java:lambda$new$0(133)) - 3bba12ea-eb97-4cb8-a72d-96cb4f92f88e@group-7330C24FE1E2-SegmentedRaftLogWorker: safeCacheEvictIndex: setUnconditionally 0 -> -1
2021-10-28 01:49:23,419 [pool-543-thread-1] INFO  server.RaftServerConfigKeys (ConfUtils.java:logGet(44)) - raft.server.snapshot.auto.trigger.enabled = true (custom)
2021-10-28 01:49:23,419 [pool-543-thread-1] INFO  server.RaftServerConfigKeys (ConfUtils.java:logGet(44)) - raft.server.snapshot.auto.trigger.threshold = 10000 (custom)
2021-10-28 01:49:23,419 [pool-543-thread-1] INFO  server.RaftServerConfigKeys (ConfUtils.java:logGet(44)) - raft.server.snapshot.retention.file.num = 5 (custom)
2021-10-28 01:49:23,419 [pool-543-thread-1] INFO  server.RaftServerConfigKeys (ConfUtils.java:logGet(44)) - raft.server.log.purge.upto.snapshot.index = false (default)
2021-10-28 01:49:23,419 [pool-543-thread-1] INFO  server.RaftServerConfigKeys (ConfUtils.java:logGet(44)) - raft.server.retrycache.expirytime = 600000ms (custom)
2021-10-28 01:49:23,419 [pool-543-thread-1] INFO  server.RaftServerConfigKeys (ConfUtils.java:logGet(44)) - raft.server.retrycache.statistics.expirytime = 100μs (default)
2021-10-28 01:49:23,421 [pool-543-thread-1] INFO  server.RaftServer$Division (RaftServerImpl.java:start(301)) - 3bba12ea-eb97-4cb8-a72d-96cb4f92f88e@group-7330C24FE1E2: start as a follower, conf=-1: [3bba12ea-eb97-4cb8-a72d-96cb4f92f88e|rpc:10.1.0.29:33133|dataStream:|priority:0, 253ef487-fc9a-46cf-a18f-fb890cfa9c45|rpc:10.1.0.29:46847|dataStream:|priority:0, 167d9434-a89e-4891-b1b1-bac4f9f29552|rpc:10.1.0.29:32839|dataStream:|priority:1], old=null
2021-10-28 01:49:23,421 [pool-543-thread-1] INFO  server.RaftServer$Division (RaftServerImpl.java:setRole(290)) - 3bba12ea-eb97-4cb8-a72d-96cb4f92f88e@group-7330C24FE1E2: changes role from      null to FOLLOWER at term 0 for startAsFollower
2021-10-28 01:49:23,421 [pool-543-thread-1] INFO  impl.RoleInfo (RoleInfo.java:updateAndGet(130)) - 3bba12ea-eb97-4cb8-a72d-96cb4f92f88e: start 3bba12ea-eb97-4cb8-a72d-96cb4f92f88e@group-7330C24FE1E2-FollowerState
2021-10-28 01:49:23,429 [pool-543-thread-1] INFO  util.JmxRegister (JmxRegister.java:tryRegister(44)) - Successfully registered JMX Bean with object name Ratis:service=RaftServer,group=group-7330C24FE1E2,id=3bba12ea-eb97-4cb8-a72d-96cb4f92f88e
2021-10-28 01:49:23,516 [grpc-default-executor-0] INFO  server.RaftServer (RaftServerProxy.java:addNew(95)) - 167d9434-a89e-4891-b1b1-bac4f9f29552: addNew group-7330C24FE1E2:[3bba12ea-eb97-4cb8-a72d-96cb4f92f88e|rpc:10.1.0.29:33133|dataStream:|priority:0, 253ef487-fc9a-46cf-a18f-fb890cfa9c45|rpc:10.1.0.29:46847|dataStream:|priority:0, 167d9434-a89e-4891-b1b1-bac4f9f29552|rpc:10.1.0.29:32839|dataStream:|priority:1] returns group-7330C24FE1E2:java.util.concurrent.CompletableFuture@556cde5a[Not completed]
2021-10-28 01:49:23,611 [pool-524-thread-1] INFO  server.RaftServer$Division (RaftServerImpl.java:<init>(184)) - 167d9434-a89e-4891-b1b1-bac4f9f29552: new RaftServerImpl for group-7330C24FE1E2:[3bba12ea-eb97-4cb8-a72d-96cb4f92f88e|rpc:10.1.0.29:33133|dataStream:|priority:0, 253ef487-fc9a-46cf-a18f-fb890cfa9c45|rpc:10.1.0.29:46847|dataStream:|priority:0, 167d9434-a89e-4891-b1b1-bac4f9f29552|rpc:10.1.0.29:32839|dataStream:|priority:1] with ContainerStateMachine:uninitialized
2021-10-28 01:49:23,611 [pool-524-thread-1] INFO  server.RaftServerConfigKeys (ConfUtils.java:logGet(44)) - raft.server.rpc.timeout.min = 5s (custom)
2021-10-28 01:49:23,611 [pool-524-thread-1] INFO  server.RaftServerConfigKeys (ConfUtils.java:logGet(44)) - raft.server.rpc.timeout.max = 5200ms (custom)
2021-10-28 01:49:23,611 [pool-524-thread-1] INFO  server.RaftServerConfigKeys (ConfUtils.java:logGet(44)) - raft.server.rpc.sleep.time = 25ms (default)
2021-10-28 01:49:23,611 [pool-524-thread-1] INFO  server.RaftServerConfigKeys (ConfUtils.java:logGet(44)) - raft.server.rpc.slowness.timeout = 300000ms (custom)
2021-10-28 01:49:23,611 [pool-524-thread-1] INFO  server.RaftServerConfigKeys (ConfUtils.java:logGet(44)) - raft.server.leaderelection.leader.step-down.wait-time = 10s (default)
2021-10-28 01:49:23,611 [pool-524-thread-1] INFO  server.RaftServerConfigKeys (ConfUtils.java:logGet(44)) - raft.server.sleep.deviation.threshold = 300ms (default)
2021-10-28 01:49:23,611 [pool-524-thread-1] INFO  server.RaftServerConfigKeys (ConfUtils.java:logGet(44)) - raft.server.log.appender.install.snapshot.enabled = false (custom)
2021-10-28 01:49:23,611 [pool-524-thread-1] INFO  server.RaftServer$Division (ServerState.java:<init>(105)) - 167d9434-a89e-4891-b1b1-bac4f9f29552@group-7330C24FE1E2: ConfigurationManager, init=-1: [3bba12ea-eb97-4cb8-a72d-96cb4f92f88e|rpc:10.1.0.29:33133|dataStream:|priority:0, 253ef487-fc9a-46cf-a18f-fb890cfa9c45|rpc:10.1.0.29:46847|dataStream:|priority:0, 167d9434-a89e-4891-b1b1-bac4f9f29552|rpc:10.1.0.29:32839|dataStream:|priority:1], old=null, confs=<EMPTY_MAP>
2021-10-28 01:49:23,611 [pool-524-thread-1] INFO  server.RaftServerConfigKeys (ConfUtils.java:logGet(44)) - raft.server.storage.dir = [/home/runner/work/ozone/ozone/hadoop-ozone/integration-test/target/test-dir/MiniOzoneClusterImpl-0566475b-15f3-492a-9b28-f78457f271af/datanode-1/data/ratis] (custom)
2021-10-28 01:49:23,612 [pool-524-thread-1] INFO  server.RaftServerConfigKeys (ConfUtils.java:logGet(44)) - raft.server.log.corruption.policy = EXCEPTION (default)
2021-10-28 01:49:23,612 [pool-524-thread-1] INFO  server.RaftServerConfigKeys (ConfUtils.java:logGet(44)) - raft.server.storage.free-space.min = 0MB (=0) (default)
2021-10-28 01:49:23,612 [pool-524-thread-1] INFO  storage.RaftStorageDirectory (RaftStorageDirectoryImpl.java:analyzeStorage(135)) - The storage directory /home/runner/work/ozone/ozone/hadoop-ozone/integration-test/target/test-dir/MiniOzoneClusterImpl-0566475b-15f3-492a-9b28-f78457f271af/datanode-1/data/ratis/1e12f81b-9515-4629-add1-7330c24fe1e2 does not exist. Creating ...
2021-10-28 01:49:23,613 [pool-524-thread-1] INFO  storage.RaftStorageDirectory (RaftStorageDirectoryImpl.java:tryLock(230)) - Lock on /home/runner/work/ozone/ozone/hadoop-ozone/integration-test/target/test-dir/MiniOzoneClusterImpl-0566475b-15f3-492a-9b28-f78457f271af/datanode-1/data/ratis/1e12f81b-9515-4629-add1-7330c24fe1e2/in_use.lock acquired by nodename 734@fv-az270-135
2021-10-28 01:49:23,621 [Listener at 127.0.0.1/46475] INFO  ozone.MiniOzoneClusterImpl (MiniOzoneClusterImpl.java:lambda$waitForClusterToBeReady$0(235)) - Waiting for nodes to be ready. Got 5 of 7 DN Heartbeats.
2021-10-28 01:49:23,621 [Listener at 127.0.0.1/46475] INFO  ozone.MiniOzoneClusterImpl (MiniOzoneClusterImpl.java:lambda$waitForClusterToBeReady$0(238)) - Waiting for cluster to exit safe mode
2021-10-28 01:49:23,621 [Listener at 127.0.0.1/46475] INFO  ozone.MiniOzoneClusterImpl (MiniOzoneClusterImpl.java:lambda$waitForClusterToBeReady$0(240)) - SCM became leader
2021-10-28 01:49:23,634 [pool-524-thread-1] INFO  storage.RaftStorage (RaftStorageImpl.java:format(89)) - Storage directory /home/runner/work/ozone/ozone/hadoop-ozone/integration-test/target/test-dir/MiniOzoneClusterImpl-0566475b-15f3-492a-9b28-f78457f271af/datanode-1/data/ratis/1e12f81b-9515-4629-add1-7330c24fe1e2 has been successfully formatted.
2021-10-28 01:49:23,635 [pool-524-thread-1] INFO  ratis.ContainerStateMachine (ContainerStateMachine.java:loadSnapshot(224)) - group-7330C24FE1E2: The snapshot info is null. Setting the last applied indexto:(t:0, i:~)
2021-10-28 01:49:23,636 [pool-524-thread-1] INFO  server.RaftServerConfigKeys (ConfUtils.java:logGet(44)) - raft.server.notification.no-leader.timeout = 300000ms (custom)
2021-10-28 01:49:23,636 [pool-524-thread-1] INFO  server.RaftServerConfigKeys (ConfUtils.java:logGet(44)) - raft.server.log.use.memory = false (default)
2021-10-28 01:49:23,636 [pool-524-thread-1] INFO  server.RaftServerConfigKeys (ConfUtils.java:logGet(44)) - raft.server.log.purge.gap = 1000000 (custom)
2021-10-28 01:49:23,636 [pool-524-thread-1] INFO  server.RaftServerConfigKeys (ConfUtils.java:logGet(44)) - raft.server.log.appender.buffer.byte-limit = 33554432 (custom)
2021-10-28 01:49:23,636 [pool-524-thread-1] INFO  server.RaftServerConfigKeys (ConfUtils.java:logGet(44)) - raft.server.log.segment.size.max = 1048576 (custom)
2021-10-28 01:49:23,636 [pool-524-thread-1] INFO  server.RaftServerConfigKeys (ConfUtils.java:logGet(44)) - raft.server.log.segment.cache.num.max = 2 (custom)
2021-10-28 01:49:23,636 [pool-524-thread-1] INFO  server.RaftServerConfigKeys (ConfUtils.java:logGet(44)) - raft.server.log.segment.cache.size.max = 200MB (=209715200) (default)
2021-10-28 01:49:23,636 [pool-524-thread-1] INFO  segmented.SegmentedRaftLogWorker (SegmentedRaftLogWorker.java:<init>(182)) - new 167d9434-a89e-4891-b1b1-bac4f9f29552@group-7330C24FE1E2-SegmentedRaftLogWorker for RaftStorageImpl:Storage Directory /home/runner/work/ozone/ozone/hadoop-ozone/integration-test/target/test-dir/MiniOzoneClusterImpl-0566475b-15f3-492a-9b28-f78457f271af/datanode-1/data/ratis/1e12f81b-9515-4629-add1-7330c24fe1e2
2021-10-28 01:49:23,636 [pool-524-thread-1] INFO  server.RaftServerConfigKeys (ConfUtils.java:logGet(44)) - raft.server.log.queue.byte-limit = 2147483647 (custom)
2021-10-28 01:49:23,636 [pool-524-thread-1] INFO  server.RaftServerConfigKeys (ConfUtils.java:logGet(44)) - raft.server.log.queue.element-limit = 1024 (custom)
2021-10-28 01:49:23,636 [pool-524-thread-1] INFO  server.RaftServerConfigKeys (ConfUtils.java:logGet(44)) - raft.server.log.segment.size.max = 1048576 (custom)
2021-10-28 01:49:23,636 [pool-524-thread-1] INFO  server.RaftServerConfigKeys (ConfUtils.java:logGet(44)) - raft.server.log.preallocated.size = 16384 (custom)
2021-10-28 01:49:23,636 [pool-524-thread-1] INFO  server.RaftServerConfigKeys (ConfUtils.java:logGet(44)) - raft.server.log.force.sync.num = 128 (default)
2021-10-28 01:49:23,637 [pool-524-thread-1] INFO  server.RaftServerConfigKeys (ConfUtils.java:logGet(44)) - raft.server.log.statemachine.data.sync = true (default)
2021-10-28 01:49:23,637 [pool-524-thread-1] INFO  server.RaftServerConfigKeys (ConfUtils.java:logGet(44)) - raft.server.log.statemachine.data.sync.timeout = 10s (default)
2021-10-28 01:49:23,637 [pool-524-thread-1] INFO  server.RaftServerConfigKeys (ConfUtils.java:logGet(44)) - raft.server.log.statemachine.data.sync.timeout.retry = -1 (default)
2021-10-28 01:49:23,638 [pool-524-thread-1] INFO  server.RaftServerConfigKeys (ConfUtils.java:logGet(44)) - raft.server.log.write.buffer.size = 1048576 (custom)
2021-10-28 01:49:23,638 [pool-524-thread-1] INFO  server.RaftServerConfigKeys (ConfUtils.java:logGet(44)) - raft.server.log.statemachine.data.caching.enabled = true (custom)
2021-10-28 01:49:23,639 [pool-524-thread-1] INFO  segmented.SegmentedRaftLogWorker (SegmentedRaftLogWorker.java:lambda$new$0(133)) - 167d9434-a89e-4891-b1b1-bac4f9f29552@group-7330C24FE1E2-SegmentedRaftLogWorker: flushIndex: setUnconditionally 0 -> -1
2021-10-28 01:49:23,639 [pool-524-thread-1] INFO  segmented.SegmentedRaftLogWorker (SegmentedRaftLogWorker.java:lambda$new$0(133)) - 167d9434-a89e-4891-b1b1-bac4f9f29552@group-7330C24FE1E2-SegmentedRaftLogWorker: safeCacheEvictIndex: setUnconditionally 0 -> -1
2021-10-28 01:49:23,643 [pool-524-thread-1] INFO  server.RaftServerConfigKeys (ConfUtils.java:logGet(44)) - raft.server.snapshot.auto.trigger.enabled = true (custom)
2021-10-28 01:49:23,643 [pool-524-thread-1] INFO  server.RaftServerConfigKeys (ConfUtils.java:logGet(44)) - raft.server.snapshot.auto.trigger.threshold = 10000 (custom)
2021-10-28 01:49:23,643 [pool-524-thread-1] INFO  server.RaftServerConfigKeys (ConfUtils.java:logGet(44)) - raft.server.snapshot.retention.file.num = 5 (custom)
2021-10-28 01:49:23,643 [pool-524-thread-1] INFO  server.RaftServerConfigKeys (ConfUtils.java:logGet(44)) - raft.server.log.purge.upto.snapshot.index = false (default)
2021-10-28 01:49:23,643 [pool-524-thread-1] INFO  server.RaftServerConfigKeys (ConfUtils.java:logGet(44)) - raft.server.retrycache.expirytime = 600000ms (custom)
2021-10-28 01:49:23,643 [pool-524-thread-1] INFO  server.RaftServerConfigKeys (ConfUtils.java:logGet(44)) - raft.server.retrycache.statistics.expirytime = 100μs (default)
2021-10-28 01:49:23,645 [pool-524-thread-1] INFO  server.RaftServer$Division (RaftServerImpl.java:start(301)) - 167d9434-a89e-4891-b1b1-bac4f9f29552@group-7330C24FE1E2: start as a follower, conf=-1: [3bba12ea-eb97-4cb8-a72d-96cb4f92f88e|rpc:10.1.0.29:33133|dataStream:|priority:0, 253ef487-fc9a-46cf-a18f-fb890cfa9c45|rpc:10.1.0.29:46847|dataStream:|priority:0, 167d9434-a89e-4891-b1b1-bac4f9f29552|rpc:10.1.0.29:32839|dataStream:|priority:1], old=null
2021-10-28 01:49:23,645 [pool-524-thread-1] INFO  server.RaftServer$Division (RaftServerImpl.java:setRole(290)) - 167d9434-a89e-4891-b1b1-bac4f9f29552@group-7330C24FE1E2: changes role from      null to FOLLOWER at term 0 for startAsFollower
2021-10-28 01:49:23,645 [pool-524-thread-1] INFO  impl.RoleInfo (RoleInfo.java:updateAndGet(130)) - 167d9434-a89e-4891-b1b1-bac4f9f29552: start 167d9434-a89e-4891-b1b1-bac4f9f29552@group-7330C24FE1E2-FollowerState
2021-10-28 01:49:23,649 [pool-524-thread-1] INFO  util.JmxRegister (JmxRegister.java:tryRegister(44)) - Successfully registered JMX Bean with object name Ratis:service=RaftServer,group=group-7330C24FE1E2,id=167d9434-a89e-4891-b1b1-bac4f9f29552
2021-10-28 01:49:23,713 [Command processor thread] INFO  commandhandler.CreatePipelineCommandHandler (CreatePipelineCommandHandler.java:handle(106)) - Created Pipeline RATIS THREE PipelineID=1e12f81b-9515-4629-add1-7330c24fe1e2.
2021-10-28 01:49:23,714 [Command processor thread] INFO  server.RaftServer (RaftServerProxy.java:addNew(95)) - 253ef487-fc9a-46cf-a18f-fb890cfa9c45: addNew group-E918C9FD5E21:[3bba12ea-eb97-4cb8-a72d-96cb4f92f88e|rpc:10.1.0.29:33133|priority:1, 253ef487-fc9a-46cf-a18f-fb890cfa9c45|rpc:10.1.0.29:46847|priority:0, 167d9434-a89e-4891-b1b1-bac4f9f29552|rpc:10.1.0.29:32839|priority:0] returns group-E918C9FD5E21:java.util.concurrent.CompletableFuture@1ef24776[Not completed]
2021-10-28 01:49:23,714 [pool-505-thread-1] INFO  server.RaftServer$Division (RaftServerImpl.java:<init>(184)) - 253ef487-fc9a-46cf-a18f-fb890cfa9c45: new RaftServerImpl for group-E918C9FD5E21:[3bba12ea-eb97-4cb8-a72d-96cb4f92f88e|rpc:10.1.0.29:33133|priority:1, 253ef487-fc9a-46cf-a18f-fb890cfa9c45|rpc:10.1.0.29:46847|priority:0, 167d9434-a89e-4891-b1b1-bac4f9f29552|rpc:10.1.0.29:32839|priority:0] with ContainerStateMachine:uninitialized
2021-10-28 01:49:23,714 [pool-505-thread-1] INFO  server.RaftServerConfigKeys (ConfUtils.java:logGet(44)) - raft.server.rpc.timeout.min = 5s (custom)
2021-10-28 01:49:23,714 [pool-505-thread-1] INFO  server.RaftServerConfigKeys (ConfUtils.java:logGet(44)) - raft.server.rpc.timeout.max = 5200ms (custom)
2021-10-28 01:49:23,715 [pool-505-thread-1] INFO  server.RaftServerConfigKeys (ConfUtils.java:logGet(44)) - raft.server.rpc.sleep.time = 25ms (default)
2021-10-28 01:49:23,715 [pool-505-thread-1] INFO  server.RaftServerConfigKeys (ConfUtils.java:logGet(44)) - raft.server.rpc.slowness.timeout = 300000ms (custom)
2021-10-28 01:49:23,715 [pool-505-thread-1] INFO  server.RaftServerConfigKeys (ConfUtils.java:logGet(44)) - raft.server.leaderelection.leader.step-down.wait-time = 10s (default)
2021-10-28 01:49:23,715 [pool-505-thread-1] INFO  server.RaftServerConfigKeys (ConfUtils.java:logGet(44)) - raft.server.sleep.deviation.threshold = 300ms (default)
2021-10-28 01:49:23,715 [pool-505-thread-1] INFO  server.RaftServerConfigKeys (ConfUtils.java:logGet(44)) - raft.server.log.appender.install.snapshot.enabled = false (custom)
2021-10-28 01:49:23,715 [pool-505-thread-1] INFO  server.RaftServer$Division (ServerState.java:<init>(105)) - 253ef487-fc9a-46cf-a18f-fb890cfa9c45@group-E918C9FD5E21: ConfigurationManager, init=-1: [3bba12ea-eb97-4cb8-a72d-96cb4f92f88e|rpc:10.1.0.29:33133|priority:1, 253ef487-fc9a-46cf-a18f-fb890cfa9c45|rpc:10.1.0.29:46847|priority:0, 167d9434-a89e-4891-b1b1-bac4f9f29552|rpc:10.1.0.29:32839|priority:0], old=null, confs=<EMPTY_MAP>
2021-10-28 01:49:23,715 [pool-505-thread-1] INFO  server.RaftServerConfigKeys (ConfUtils.java:logGet(44)) - raft.server.storage.dir = [/home/runner/work/ozone/ozone/hadoop-ozone/integration-test/target/test-dir/MiniOzoneClusterImpl-0566475b-15f3-492a-9b28-f78457f271af/datanode-0/data/ratis] (custom)
2021-10-28 01:49:23,715 [pool-505-thread-1] INFO  server.RaftServerConfigKeys (ConfUtils.java:logGet(44)) - raft.server.log.corruption.policy = EXCEPTION (default)
2021-10-28 01:49:23,715 [pool-505-thread-1] INFO  server.RaftServerConfigKeys (ConfUtils.java:logGet(44)) - raft.server.storage.free-space.min = 0MB (=0) (default)
2021-10-28 01:49:23,715 [pool-505-thread-1] INFO  storage.RaftStorageDirectory (RaftStorageDirectoryImpl.java:analyzeStorage(135)) - The storage directory /home/runner/work/ozone/ozone/hadoop-ozone/integration-test/target/test-dir/MiniOzoneClusterImpl-0566475b-15f3-492a-9b28-f78457f271af/datanode-0/data/ratis/1e7b1cb3-9b09-404d-9c06-e918c9fd5e21 does not exist. Creating ...
2021-10-28 01:49:23,724 [pool-505-thread-1] INFO  storage.RaftStorageDirectory (RaftStorageDirectoryImpl.java:tryLock(230)) - Lock on /home/runner/work/ozone/ozone/hadoop-ozone/integration-test/target/test-dir/MiniOzoneClusterImpl-0566475b-15f3-492a-9b28-f78457f271af/datanode-0/data/ratis/1e7b1cb3-9b09-404d-9c06-e918c9fd5e21/in_use.lock acquired by nodename 734@fv-az270-135
2021-10-28 01:49:23,740 [pool-505-thread-1] INFO  storage.RaftStorage (RaftStorageImpl.java:format(89)) - Storage directory /home/runner/work/ozone/ozone/hadoop-ozone/integration-test/target/test-dir/MiniOzoneClusterImpl-0566475b-15f3-492a-9b28-f78457f271af/datanode-0/data/ratis/1e7b1cb3-9b09-404d-9c06-e918c9fd5e21 has been successfully formatted.
2021-10-28 01:49:23,740 [pool-505-thread-1] INFO  ratis.ContainerStateMachine (ContainerStateMachine.java:loadSnapshot(224)) - group-E918C9FD5E21: The snapshot info is null. Setting the last applied indexto:(t:0, i:~)
2021-10-28 01:49:23,743 [EventQueue-OpenPipelineForHealthyPipelineSafeModeRule] INFO  safemode.SCMSafeModeManager (HealthyPipelineSafeModeRule.java:process(124)) - SCM in safe mode. Healthy pipelines reported count is 0, required healthy pipeline reported count is 1
2021-10-28 01:49:23,746 [pool-505-thread-1] INFO  server.RaftServerConfigKeys (ConfUtils.java:logGet(44)) - raft.server.notification.no-leader.timeout = 300000ms (custom)
2021-10-28 01:49:23,746 [pool-505-thread-1] INFO  server.RaftServerConfigKeys (ConfUtils.java:logGet(44)) - raft.server.log.use.memory = false (default)
2021-10-28 01:49:23,746 [pool-505-thread-1] INFO  server.RaftServerConfigKeys (ConfUtils.java:logGet(44)) - raft.server.log.purge.gap = 1000000 (custom)
2021-10-28 01:49:23,746 [pool-505-thread-1] INFO  server.RaftServerConfigKeys (ConfUtils.java:logGet(44)) - raft.server.log.appender.buffer.byte-limit = 33554432 (custom)
2021-10-28 01:49:23,746 [pool-505-thread-1] INFO  server.RaftServerConfigKeys (ConfUtils.java:logGet(44)) - raft.server.log.segment.size.max = 1048576 (custom)
2021-10-28 01:49:23,746 [pool-505-thread-1] INFO  server.RaftServerConfigKeys (ConfUtils.java:logGet(44)) - raft.server.log.segment.cache.num.max = 2 (custom)
2021-10-28 01:49:23,746 [pool-505-thread-1] INFO  server.RaftServerConfigKeys (ConfUtils.java:logGet(44)) - raft.server.log.segment.cache.size.max = 200MB (=209715200) (default)
2021-10-28 01:49:23,747 [pool-505-thread-1] INFO  segmented.SegmentedRaftLogWorker (SegmentedRaftLogWorker.java:<init>(182)) - new 253ef487-fc9a-46cf-a18f-fb890cfa9c45@group-E918C9FD5E21-SegmentedRaftLogWorker for RaftStorageImpl:Storage Directory /home/runner/work/ozone/ozone/hadoop-ozone/integration-test/target/test-dir/MiniOzoneClusterImpl-0566475b-15f3-492a-9b28-f78457f271af/datanode-0/data/ratis/1e7b1cb3-9b09-404d-9c06-e918c9fd5e21
2021-10-28 01:49:23,747 [pool-505-thread-1] INFO  server.RaftServerConfigKeys (ConfUtils.java:logGet(44)) - raft.server.log.queue.byte-limit = 2147483647 (custom)
2021-10-28 01:49:23,747 [pool-505-thread-1] INFO  server.RaftServerConfigKeys (ConfUtils.java:logGet(44)) - raft.server.log.queue.element-limit = 1024 (custom)
2021-10-28 01:49:23,747 [pool-505-thread-1] INFO  server.RaftServerConfigKeys (ConfUtils.java:logGet(44)) - raft.server.log.segment.size.max = 1048576 (custom)
2021-10-28 01:49:23,747 [pool-505-thread-1] INFO  server.RaftServerConfigKeys (ConfUtils.java:logGet(44)) - raft.server.log.preallocated.size = 16384 (custom)
2021-10-28 01:49:23,747 [pool-505-thread-1] INFO  server.RaftServerConfigKeys (ConfUtils.java:logGet(44)) - raft.server.log.force.sync.num = 128 (default)
2021-10-28 01:49:23,747 [pool-505-thread-1] INFO  server.RaftServerConfigKeys (ConfUtils.java:logGet(44)) - raft.server.log.statemachine.data.sync = true (default)
2021-10-28 01:49:23,747 [pool-505-thread-1] INFO  server.RaftServerConfigKeys (ConfUtils.java:logGet(44)) - raft.server.log.statemachine.data.sync.timeout = 10s (default)
2021-10-28 01:49:23,747 [pool-505-thread-1] INFO  server.RaftServerConfigKeys (ConfUtils.java:logGet(44)) - raft.server.log.statemachine.data.sync.timeout.retry = -1 (default)
2021-10-28 01:49:23,748 [pool-505-thread-1] INFO  server.RaftServerConfigKeys (ConfUtils.java:logGet(44)) - raft.server.log.write.buffer.size = 1048576 (custom)
2021-10-28 01:49:23,748 [pool-505-thread-1] INFO  server.RaftServerConfigKeys (ConfUtils.java:logGet(44)) - raft.server.log.statemachine.data.caching.enabled = true (custom)
2021-10-28 01:49:23,748 [pool-505-thread-1] INFO  segmented.SegmentedRaftLogWorker (SegmentedRaftLogWorker.java:lambda$new$0(133)) - 253ef487-fc9a-46cf-a18f-fb890cfa9c45@group-E918C9FD5E21-SegmentedRaftLogWorker: flushIndex: setUnconditionally 0 -> -1
2021-10-28 01:49:23,748 [pool-505-thread-1] INFO  segmented.SegmentedRaftLogWorker (SegmentedRaftLogWorker.java:lambda$new$0(133)) - 253ef487-fc9a-46cf-a18f-fb890cfa9c45@group-E918C9FD5E21-SegmentedRaftLogWorker: safeCacheEvictIndex: setUnconditionally 0 -> -1
2021-10-28 01:49:23,773 [pool-505-thread-1] INFO  server.RaftServerConfigKeys (ConfUtils.java:logGet(44)) - raft.server.snapshot.auto.trigger.enabled = true (custom)
2021-10-28 01:49:23,773 [pool-505-thread-1] INFO  server.RaftServerConfigKeys (ConfUtils.java:logGet(44)) - raft.server.snapshot.auto.trigger.threshold = 10000 (custom)
2021-10-28 01:49:23,773 [pool-505-thread-1] INFO  server.RaftServerConfigKeys (ConfUtils.java:logGet(44)) - raft.server.snapshot.retention.file.num = 5 (custom)
2021-10-28 01:49:23,773 [pool-505-thread-1] INFO  server.RaftServerConfigKeys (ConfUtils.java:logGet(44)) - raft.server.log.purge.upto.snapshot.index = false (default)
2021-10-28 01:49:23,773 [pool-524-thread-1] INFO  server.RaftServer$Division (RaftServerImpl.java:<init>(184)) - 167d9434-a89e-4891-b1b1-bac4f9f29552: new RaftServerImpl for group-356A7E5A79F8:[167d9434-a89e-4891-b1b1-bac4f9f29552|rpc:10.1.0.29:32839|priority:1] with ContainerStateMachine:uninitialized
2021-10-28 01:49:23,774 [pool-524-thread-1] INFO  server.RaftServerConfigKeys (ConfUtils.java:logGet(44)) - raft.server.rpc.timeout.min = 5s (custom)
2021-10-28 01:49:23,774 [pool-524-thread-1] INFO  server.RaftServerConfigKeys (ConfUtils.java:logGet(44)) - raft.server.rpc.timeout.max = 5200ms (custom)
2021-10-28 01:49:23,774 [pool-524-thread-1] INFO  server.RaftServerConfigKeys (ConfUtils.java:logGet(44)) - raft.server.rpc.sleep.time = 25ms (default)
2021-10-28 01:49:23,774 [pool-524-thread-1] INFO  server.RaftServerConfigKeys (ConfUtils.java:logGet(44)) - raft.server.rpc.slowness.timeout = 300000ms (custom)
2021-10-28 01:49:23,774 [pool-524-thread-1] INFO  server.RaftServerConfigKeys (ConfUtils.java:logGet(44)) - raft.server.leaderelection.leader.step-down.wait-time = 10s (default)
2021-10-28 01:49:23,774 [pool-524-thread-1] INFO  server.RaftServerConfigKeys (ConfUtils.java:logGet(44)) - raft.server.sleep.deviation.threshold = 300ms (default)
2021-10-28 01:49:23,774 [pool-524-thread-1] INFO  server.RaftServerConfigKeys (ConfUtils.java:logGet(44)) - raft.server.log.appender.install.snapshot.enabled = false (custom)
2021-10-28 01:49:23,774 [pool-524-thread-1] INFO  server.RaftServer$Division (ServerState.java:<init>(105)) - 167d9434-a89e-4891-b1b1-bac4f9f29552@group-356A7E5A79F8: ConfigurationManager, init=-1: [167d9434-a89e-4891-b1b1-bac4f9f29552|rpc:10.1.0.29:32839|priority:1], old=null, confs=<EMPTY_MAP>
2021-10-28 01:49:23,774 [pool-524-thread-1] INFO  server.RaftServerConfigKeys (ConfUtils.java:logGet(44)) - raft.server.storage.dir = [/home/runner/work/ozone/ozone/hadoop-ozone/integration-test/target/test-dir/MiniOzoneClusterImpl-0566475b-15f3-492a-9b28-f78457f271af/datanode-1/data/ratis] (custom)
2021-10-28 01:49:23,774 [pool-524-thread-1] INFO  server.RaftServerConfigKeys (ConfUtils.java:logGet(44)) - raft.server.log.corruption.policy = EXCEPTION (default)
2021-10-28 01:49:23,775 [pool-524-thread-1] INFO  server.RaftServerConfigKeys (ConfUtils.java:logGet(44)) - raft.server.storage.free-space.min = 0MB (=0) (default)
2021-10-28 01:49:23,775 [pool-524-thread-1] INFO  storage.RaftStorageDirectory (RaftStorageDirectoryImpl.java:analyzeStorage(135)) - The storage directory /home/runner/work/ozone/ozone/hadoop-ozone/integration-test/target/test-dir/MiniOzoneClusterImpl-0566475b-15f3-492a-9b28-f78457f271af/datanode-1/data/ratis/2f4116b9-c803-4b24-85d7-356a7e5a79f8 does not exist. Creating ...
2021-10-28 01:49:23,773 [Command processor thread] INFO  server.RaftServer (RaftServerProxy.java:addNew(95)) - 167d9434-a89e-4891-b1b1-bac4f9f29552: addNew group-356A7E5A79F8:[167d9434-a89e-4891-b1b1-bac4f9f29552|rpc:10.1.0.29:32839|priority:1] returns group-356A7E5A79F8:java.util.concurrent.CompletableFuture@368280d8[Not completed]
2021-10-28 01:49:23,775 [pool-505-thread-1] INFO  server.RaftServerConfigKeys (ConfUtils.java:logGet(44)) - raft.server.retrycache.expirytime = 600000ms (custom)
2021-10-28 01:49:23,775 [pool-505-thread-1] INFO  server.RaftServerConfigKeys (ConfUtils.java:logGet(44)) - raft.server.retrycache.statistics.expirytime = 100μs (default)
2021-10-28 01:49:23,776 [pool-524-thread-1] INFO  storage.RaftStorageDirectory (RaftStorageDirectoryImpl.java:tryLock(230)) - Lock on /home/runner/work/ozone/ozone/hadoop-ozone/integration-test/target/test-dir/MiniOzoneClusterImpl-0566475b-15f3-492a-9b28-f78457f271af/datanode-1/data/ratis/2f4116b9-c803-4b24-85d7-356a7e5a79f8/in_use.lock acquired by nodename 734@fv-az270-135
2021-10-28 01:49:23,777 [pool-505-thread-1] INFO  server.RaftServer$Division (RaftServerImpl.java:start(301)) - 253ef487-fc9a-46cf-a18f-fb890cfa9c45@group-E918C9FD5E21: start as a follower, conf=-1: [3bba12ea-eb97-4cb8-a72d-96cb4f92f88e|rpc:10.1.0.29:33133|priority:1, 253ef487-fc9a-46cf-a18f-fb890cfa9c45|rpc:10.1.0.29:46847|priority:0, 167d9434-a89e-4891-b1b1-bac4f9f29552|rpc:10.1.0.29:32839|priority:0], old=null
2021-10-28 01:49:23,777 [pool-505-thread-1] INFO  server.RaftServer$Division (RaftServerImpl.java:setRole(290)) - 253ef487-fc9a-46cf-a18f-fb890cfa9c45@group-E918C9FD5E21: changes role from      null to FOLLOWER at term 0 for startAsFollower
2021-10-28 01:49:23,777 [pool-505-thread-1] INFO  impl.RoleInfo (RoleInfo.java:updateAndGet(130)) - 253ef487-fc9a-46cf-a18f-fb890cfa9c45: start 253ef487-fc9a-46cf-a18f-fb890cfa9c45@group-E918C9FD5E21-FollowerState
2021-10-28 01:49:23,783 [pool-505-thread-1] INFO  util.JmxRegister (JmxRegister.java:tryRegister(44)) - Successfully registered JMX Bean with object name Ratis:service=RaftServer,group=group-E918C9FD5E21,id=253ef487-fc9a-46cf-a18f-fb890cfa9c45
2021-10-28 01:49:23,784 [Command processor thread] INFO  ratis.XceiverServerRatis (XceiverServerRatis.java:addGroup(768)) - Created group PipelineID=1e7b1cb3-9b09-404d-9c06-e918c9fd5e21
2021-10-28 01:49:23,804 [IPC Server handler 9 on default port 37905] INFO  net.NetworkTopologyImpl (NetworkTopologyImpl.java:add(112)) - Added a new node: /default-rack/31d6ae09-1bf4-4ff4-9532-94f29ed1392e
2021-10-28 01:49:23,804 [IPC Server handler 9 on default port 37905] INFO  node.SCMNodeManager (SCMNodeManager.java:register(389)) - Registered Data node : 31d6ae09-1bf4-4ff4-9532-94f29ed1392e{ip: 10.1.0.29, host: fv-az270-135.tacnzluakwdehk1hpragurqkma.bx.internal.cloudapp.net, ports: [REPLICATION=42011, RATIS=44047, RATIS_ADMIN=44047, RATIS_SERVER=44047, STANDALONE=32823], networkLocation: /default-rack, certSerialId: null, persistedOpState: null, persistedOpStateExpiryEpochSec: 0}
2021-10-28 01:49:23,805 [EventQueue-NewNodeForNewNodeHandler] INFO  pipeline.BackgroundPipelineCreator (BackgroundPipelineCreator.java:notifyEventTriggered(285)) - trigger a one-shot run on RatisPipelineUtilsThread.
2021-10-28 01:49:23,805 [RatisPipelineUtilsThread - 0] INFO  pipeline.RatisPipelineProvider (RatisPipelineProvider.java:lambda$create$0(183)) - Sending CreatePipelineCommand for pipeline:PipelineID=572f35b9-4513-420d-a747-712dc6ef7fc6 to datanode:31d6ae09-1bf4-4ff4-9532-94f29ed1392e
2021-10-28 01:49:23,805 [RatisPipelineUtilsThread - 0] INFO  pipeline.PipelineStateManagerImpl (PipelineStateManagerImpl.java:addPipeline(101)) - Created pipeline Pipeline[ Id: 572f35b9-4513-420d-a747-712dc6ef7fc6, Nodes: 31d6ae09-1bf4-4ff4-9532-94f29ed1392e{ip: 10.1.0.29, host: fv-az270-135.tacnzluakwdehk1hpragurqkma.bx.internal.cloudapp.net, ports: [REPLICATION=42011, RATIS=44047, RATIS_ADMIN=44047, RATIS_SERVER=44047, STANDALONE=32823], networkLocation: /default-rack, certSerialId: null, persistedOpState: IN_SERVICE, persistedOpStateExpiryEpochSec: 0}, ReplicationConfig: RATIS/ONE, State:ALLOCATED, leaderId:, CreationTimestamp2021-10-28T01:49:23.805Z[Etc/UTC]].
2021-10-28 01:49:23,806 [RatisPipelineUtilsThread - 0] INFO  pipeline.RatisPipelineProvider (RatisPipelineProvider.java:lambda$create$0(183)) - Sending CreatePipelineCommand for pipeline:PipelineID=b21a688c-33a3-4df7-a4a3-cdfd84d3b5c4 to datanode:850b4870-9ae5-4bfa-bbd2-f1f242dff33d
2021-10-28 01:49:23,806 [RatisPipelineUtilsThread - 0] INFO  pipeline.RatisPipelineProvider (RatisPipelineProvider.java:lambda$create$0(183)) - Sending CreatePipelineCommand for pipeline:PipelineID=b21a688c-33a3-4df7-a4a3-cdfd84d3b5c4 to datanode:43ee2308-4bff-4c12-a476-7906f102dfb0
2021-10-28 01:49:23,806 [RatisPipelineUtilsThread - 0] INFO  pipeline.RatisPipelineProvider (RatisPipelineProvider.java:lambda$create$0(183)) - Sending CreatePipelineCommand for pipeline:PipelineID=b21a688c-33a3-4df7-a4a3-cdfd84d3b5c4 to datanode:31d6ae09-1bf4-4ff4-9532-94f29ed1392e
2021-10-28 01:49:23,806 [RatisPipelineUtilsThread - 0] INFO  pipeline.PipelineStateManagerImpl (PipelineStateManagerImpl.java:addPipeline(101)) - Created pipeline Pipeline[ Id: b21a688c-33a3-4df7-a4a3-cdfd84d3b5c4, Nodes: 850b4870-9ae5-4bfa-bbd2-f1f242dff33d{ip: 10.1.0.29, host: fv-az270-135.tacnzluakwdehk1hpragurqkma.bx.internal.cloudapp.net, ports: [REPLICATION=39677, RATIS=35637, RATIS_ADMIN=35637, RATIS_SERVER=35637, STANDALONE=41253], networkLocation: /default-rack, certSerialId: null, persistedOpState: IN_SERVICE, persistedOpStateExpiryEpochSec: 0}43ee2308-4bff-4c12-a476-7906f102dfb0{ip: 10.1.0.29, host: fv-az270-135.tacnzluakwdehk1hpragurqkma.bx.internal.cloudapp.net, ports: [REPLICATION=42689, RATIS=33053, RATIS_ADMIN=33053, RATIS_SERVER=33053, STANDALONE=35333], networkLocation: /default-rack, certSerialId: null, persistedOpState: IN_SERVICE, persistedOpStateExpiryEpochSec: 0}31d6ae09-1bf4-4ff4-9532-94f29ed1392e{ip: 10.1.0.29, host: fv-az270-135.tacnzluakwdehk1hpragurqkma.bx.internal.cloudapp.net, ports: [REPLICATION=42011, RATIS=44047, RATIS_ADMIN=44047, RATIS_SERVER=44047, STANDALONE=32823], networkLocation: /default-rack, certSerialId: null, persistedOpState: IN_SERVICE, persistedOpStateExpiryEpochSec: 0}, ReplicationConfig: RATIS/THREE, State:ALLOCATED, leaderId:, CreationTimestamp2021-10-28T01:49:23.806Z[Etc/UTC]].
2021-10-28 01:49:23,807 [RatisPipelineUtilsThread - 0] INFO  pipeline.RatisPipelineProvider (RatisPipelineProvider.java:lambda$create$0(183)) - Sending CreatePipelineCommand for pipeline:PipelineID=6cf808e4-8713-4a6a-bdd0-0b92e8633d8e to datanode:850b4870-9ae5-4bfa-bbd2-f1f242dff33d
2021-10-28 01:49:23,807 [RatisPipelineUtilsThread - 0] INFO  pipeline.RatisPipelineProvider (RatisPipelineProvider.java:lambda$create$0(183)) - Sending CreatePipelineCommand for pipeline:PipelineID=6cf808e4-8713-4a6a-bdd0-0b92e8633d8e to datanode:43ee2308-4bff-4c12-a476-7906f102dfb0
2021-10-28 01:49:23,807 [RatisPipelineUtilsThread - 0] INFO  pipeline.RatisPipelineProvider (RatisPipelineProvider.java:lambda$create$0(183)) - Sending CreatePipelineCommand for pipeline:PipelineID=6cf808e4-8713-4a6a-bdd0-0b92e8633d8e to datanode:31d6ae09-1bf4-4ff4-9532-94f29ed1392e
2021-10-28 01:49:23,807 [RatisPipelineUtilsThread - 0] INFO  pipeline.PipelineStateManagerImpl (PipelineStateManagerImpl.java:addPipeline(101)) - Created pipeline Pipeline[ Id: 6cf808e4-8713-4a6a-bdd0-0b92e8633d8e, Nodes: 850b4870-9ae5-4bfa-bbd2-f1f242dff33d{ip: 10.1.0.29, host: fv-az270-135.tacnzluakwdehk1hpragurqkma.bx.internal.cloudapp.net, ports: [REPLICATION=39677, RATIS=35637, RATIS_ADMIN=35637, RATIS_SERVER=35637, STANDALONE=41253], networkLocation: /default-rack, certSerialId: null, persistedOpState: IN_SERVICE, persistedOpStateExpiryEpochSec: 0}43ee2308-4bff-4c12-a476-7906f102dfb0{ip: 10.1.0.29, host: fv-az270-135.tacnzluakwdehk1hpragurqkma.bx.internal.cloudapp.net, ports: [REPLICATION=42689, RATIS=33053, RATIS_ADMIN=33053, RATIS_SERVER=33053, STANDALONE=35333], networkLocation: /default-rack, certSerialId: null, persistedOpState: IN_SERVICE, persistedOpStateExpiryEpochSec: 0}31d6ae09-1bf4-4ff4-9532-94f29ed1392e{ip: 10.1.0.29, host: fv-az270-135.tacnzluakwdehk1hpragurqkma.bx.internal.cloudapp.net, ports: [REPLICATION=42011, RATIS=44047, RATIS_ADMIN=44047, RATIS_SERVER=44047, STANDALONE=32823], networkLocation: /default-rack, certSerialId: null, persistedOpState: IN_SERVICE, persistedOpStateExpiryEpochSec: 0}, ReplicationConfig: RATIS/THREE, State:ALLOCATED, leaderId:, CreationTimestamp2021-10-28T01:49:23.807Z[Etc/UTC]].
2021-10-28 01:49:23,808 [RatisPipelineUtilsThread - 0] INFO  pipeline.PipelineManagerImpl (PipelineManagerImpl.java:recordMetricsForPipeline(620)) - Pipeline: PipelineID=6cf808e4-8713-4a6a-bdd0-0b92e8633d8e contains same datanodes as previous pipelines: PipelineID=b21a688c-33a3-4df7-a4a3-cdfd84d3b5c4 nodeIds: 850b4870-9ae5-4bfa-bbd2-f1f242dff33d, 43ee2308-4bff-4c12-a476-7906f102dfb0, 31d6ae09-1bf4-4ff4-9532-94f29ed1392e
2021-10-28 01:49:23,808 [pool-524-thread-1] INFO  storage.RaftStorage (RaftStorageImpl.java:format(89)) - Storage directory /home/runner/work/ozone/ozone/hadoop-ozone/integration-test/target/test-dir/MiniOzoneClusterImpl-0566475b-15f3-492a-9b28-f78457f271af/datanode-1/data/ratis/2f4116b9-c803-4b24-85d7-356a7e5a79f8 has been successfully formatted.
2021-10-28 01:49:23,830 [pool-524-thread-1] INFO  ratis.ContainerStateMachine (ContainerStateMachine.java:loadSnapshot(224)) - group-356A7E5A79F8: The snapshot info is null. Setting the last applied indexto:(t:0, i:~)
2021-10-28 01:49:23,830 [pool-524-thread-1] INFO  server.RaftServerConfigKeys (ConfUtils.java:logGet(44)) - raft.server.notification.no-leader.timeout = 300000ms (custom)
2021-10-28 01:49:23,830 [pool-524-thread-1] INFO  server.RaftServerConfigKeys (ConfUtils.java:logGet(44)) - raft.server.log.use.memory = false (default)
2021-10-28 01:49:23,830 [pool-524-thread-1] INFO  server.RaftServerConfigKeys (ConfUtils.java:logGet(44)) - raft.server.log.purge.gap = 1000000 (custom)
2021-10-28 01:49:23,830 [pool-524-thread-1] INFO  server.RaftServerConfigKeys (ConfUtils.java:logGet(44)) - raft.server.log.appender.buffer.byte-limit = 33554432 (custom)
2021-10-28 01:49:23,830 [pool-524-thread-1] INFO  server.RaftServerConfigKeys (ConfUtils.java:logGet(44)) - raft.server.log.segment.size.max = 1048576 (custom)
2021-10-28 01:49:23,831 [pool-524-thread-1] INFO  server.RaftServerConfigKeys (ConfUtils.java:logGet(44)) - raft.server.log.segment.cache.num.max = 2 (custom)
2021-10-28 01:49:23,831 [pool-524-thread-1] INFO  server.RaftServerConfigKeys (ConfUtils.java:logGet(44)) - raft.server.log.segment.cache.size.max = 200MB (=209715200) (default)
2021-10-28 01:49:23,831 [pool-524-thread-1] INFO  segmented.SegmentedRaftLogWorker (SegmentedRaftLogWorker.java:<init>(182)) - new 167d9434-a89e-4891-b1b1-bac4f9f29552@group-356A7E5A79F8-SegmentedRaftLogWorker for RaftStorageImpl:Storage Directory /home/runner/work/ozone/ozone/hadoop-ozone/integration-test/target/test-dir/MiniOzoneClusterImpl-0566475b-15f3-492a-9b28-f78457f271af/datanode-1/data/ratis/2f4116b9-c803-4b24-85d7-356a7e5a79f8
2021-10-28 01:49:23,831 [pool-524-thread-1] INFO  server.RaftServerConfigKeys (ConfUtils.java:logGet(44)) - raft.server.log.queue.byte-limit = 2147483647 (custom)
2021-10-28 01:49:23,831 [pool-524-thread-1] INFO  server.RaftServerConfigKeys (ConfUtils.java:logGet(44)) - raft.server.log.queue.element-limit = 1024 (custom)
2021-10-28 01:49:23,831 [pool-524-thread-1] INFO  server.RaftServerConfigKeys (ConfUtils.java:logGet(44)) - raft.server.log.segment.size.max = 1048576 (custom)
2021-10-28 01:49:23,831 [pool-524-thread-1] INFO  server.RaftServerConfigKeys (ConfUtils.java:logGet(44)) - raft.server.log.preallocated.size = 16384 (custom)
2021-10-28 01:49:23,831 [pool-524-thread-1] INFO  server.RaftServerConfigKeys (ConfUtils.java:logGet(44)) - raft.server.log.force.sync.num = 128 (default)
2021-10-28 01:49:23,831 [pool-524-thread-1] INFO  server.RaftServerConfigKeys (ConfUtils.java:logGet(44)) - raft.server.log.statemachine.data.sync = true (default)
2021-10-28 01:49:23,831 [pool-524-thread-1] INFO  server.RaftServerConfigKeys (ConfUtils.java:logGet(44)) - raft.server.log.statemachine.data.sync.timeout = 10s (default)
2021-10-28 01:49:23,831 [pool-524-thread-1] INFO  server.RaftServerConfigKeys (ConfUtils.java:logGet(44)) - raft.server.log.statemachine.data.sync.timeout.retry = -1 (default)
2021-10-28 01:49:23,832 [grpc-default-executor-0] INFO  server.RaftServer (RaftServerProxy.java:addNew(95)) - 167d9434-a89e-4891-b1b1-bac4f9f29552: addNew group-E918C9FD5E21:[3bba12ea-eb97-4cb8-a72d-96cb4f92f88e|rpc:10.1.0.29:33133|dataStream:|priority:1, 253ef487-fc9a-46cf-a18f-fb890cfa9c45|rpc:10.1.0.29:46847|dataStream:|priority:0, 167d9434-a89e-4891-b1b1-bac4f9f29552|rpc:10.1.0.29:32839|dataStream:|priority:0] returns group-E918C9FD5E21:java.util.concurrent.CompletableFuture@278ff49b[Not completed]
2021-10-28 01:49:23,832 [pool-524-thread-1] INFO  server.RaftServerConfigKeys (ConfUtils.java:logGet(44)) - raft.server.log.write.buffer.size = 1048576 (custom)
2021-10-28 01:49:23,833 [pool-524-thread-1] INFO  server.RaftServerConfigKeys (ConfUtils.java:logGet(44)) - raft.server.log.statemachine.data.caching.enabled = true (custom)
2021-10-28 01:49:23,833 [pool-524-thread-1] INFO  segmented.SegmentedRaftLogWorker (SegmentedRaftLogWorker.java:lambda$new$0(133)) - 167d9434-a89e-4891-b1b1-bac4f9f29552@group-356A7E5A79F8-SegmentedRaftLogWorker: flushIndex: setUnconditionally 0 -> -1
2021-10-28 01:49:23,833 [pool-524-thread-1] INFO  segmented.SegmentedRaftLogWorker (SegmentedRaftLogWorker.java:lambda$new$0(133)) - 167d9434-a89e-4891-b1b1-bac4f9f29552@group-356A7E5A79F8-SegmentedRaftLogWorker: safeCacheEvictIndex: setUnconditionally 0 -> -1
2021-10-28 01:49:23,834 [EventQueue-PipelineReportForPipelineReportHandler] INFO  pipeline.PipelineManagerImpl (PipelineManagerImpl.java:openPipeline(289)) - Pipeline Pipeline[ Id: 2f4116b9-c803-4b24-85d7-356a7e5a79f8, Nodes: 167d9434-a89e-4891-b1b1-bac4f9f29552{ip: 10.1.0.29, host: fv-az270-135.tacnzluakwdehk1hpragurqkma.bx.internal.cloudapp.net, ports: [REPLICATION=43661, RATIS=32839, RATIS_ADMIN=32839, RATIS_SERVER=32839, STANDALONE=40527], networkLocation: /default-rack, certSerialId: null, persistedOpState: IN_SERVICE, persistedOpStateExpiryEpochSec: 0}, ReplicationConfig: RATIS/ONE, State:ALLOCATED, leaderId:167d9434-a89e-4891-b1b1-bac4f9f29552, CreationTimestamp2021-10-28T01:49:20.795Z[Etc/UTC]] moved to OPEN state
2021-10-28 01:49:23,834 [EventQueue-OpenPipelineForHealthyPipelineSafeModeRule] INFO  safemode.SCMSafeModeManager (HealthyPipelineSafeModeRule.java:process(124)) - SCM in safe mode. Healthy pipelines reported count is 0, required healthy pipeline reported count is 1
2021-10-28 01:49:23,855 [pool-524-thread-1] INFO  server.RaftServerConfigKeys (ConfUtils.java:logGet(44)) - raft.server.snapshot.auto.trigger.enabled = true (custom)
2021-10-28 01:49:23,855 [pool-524-thread-1] INFO  server.RaftServerConfigKeys (ConfUtils.java:logGet(44)) - raft.server.snapshot.auto.trigger.threshold = 10000 (custom)
2021-10-28 01:49:23,855 [pool-524-thread-1] INFO  server.RaftServerConfigKeys (ConfUtils.java:logGet(44)) - raft.server.snapshot.retention.file.num = 5 (custom)
2021-10-28 01:49:23,855 [pool-524-thread-1] INFO  server.RaftServerConfigKeys (ConfUtils.java:logGet(44)) - raft.server.log.purge.upto.snapshot.index = false (default)
2021-10-28 01:49:23,855 [pool-524-thread-1] INFO  server.RaftServerConfigKeys (ConfUtils.java:logGet(44)) - raft.server.retrycache.expirytime = 600000ms (custom)
2021-10-28 01:49:23,855 [pool-524-thread-1] INFO  server.RaftServerConfigKeys (ConfUtils.java:logGet(44)) - raft.server.retrycache.statistics.expirytime = 100μs (default)
2021-10-28 01:49:23,857 [pool-524-thread-1] INFO  server.RaftServer$Division (RaftServerImpl.java:<init>(184)) - 167d9434-a89e-4891-b1b1-bac4f9f29552: new RaftServerImpl for group-E918C9FD5E21:[3bba12ea-eb97-4cb8-a72d-96cb4f92f88e|rpc:10.1.0.29:33133|dataStream:|priority:1, 253ef487-fc9a-46cf-a18f-fb890cfa9c45|rpc:10.1.0.29:46847|dataStream:|priority:0, 167d9434-a89e-4891-b1b1-bac4f9f29552|rpc:10.1.0.29:32839|dataStream:|priority:0] with ContainerStateMachine:uninitialized
2021-10-28 01:49:23,857 [pool-524-thread-1] INFO  server.RaftServerConfigKeys (ConfUtils.java:logGet(44)) - raft.server.rpc.timeout.min = 5s (custom)
2021-10-28 01:49:23,857 [pool-524-thread-1] INFO  server.RaftServerConfigKeys (ConfUtils.java:logGet(44)) - raft.server.rpc.timeout.max = 5200ms (custom)
2021-10-28 01:49:23,857 [pool-524-thread-1] INFO  server.RaftServerConfigKeys (ConfUtils.java:logGet(44)) - raft.server.rpc.sleep.time = 25ms (default)
2021-10-28 01:49:23,857 [pool-524-thread-1] INFO  server.RaftServerConfigKeys (ConfUtils.java:logGet(44)) - raft.server.rpc.slowness.timeout = 300000ms (custom)
2021-10-28 01:49:23,857 [pool-524-thread-1] INFO  server.RaftServerConfigKeys (ConfUtils.java:logGet(44)) - raft.server.leaderelection.leader.step-down.wait-time = 10s (default)
2021-10-28 01:49:23,858 [pool-524-thread-1] INFO  server.RaftServerConfigKeys (ConfUtils.java:logGet(44)) - raft.server.sleep.deviation.threshold = 300ms (default)
2021-10-28 01:49:23,858 [pool-524-thread-1] INFO  server.RaftServerConfigKeys (ConfUtils.java:logGet(44)) - raft.server.log.appender.install.snapshot.enabled = false (custom)
2021-10-28 01:49:23,858 [pool-524-thread-1] INFO  server.RaftServer$Division (ServerState.java:<init>(105)) - 167d9434-a89e-4891-b1b1-bac4f9f29552@group-E918C9FD5E21: ConfigurationManager, init=-1: [3bba12ea-eb97-4cb8-a72d-96cb4f92f88e|rpc:10.1.0.29:33133|dataStream:|priority:1, 253ef487-fc9a-46cf-a18f-fb890cfa9c45|rpc:10.1.0.29:46847|dataStream:|priority:0, 167d9434-a89e-4891-b1b1-bac4f9f29552|rpc:10.1.0.29:32839|dataStream:|priority:0], old=null, confs=<EMPTY_MAP>
2021-10-28 01:49:23,858 [pool-524-thread-1] INFO  server.RaftServerConfigKeys (ConfUtils.java:logGet(44)) - raft.server.storage.dir = [/home/runner/work/ozone/ozone/hadoop-ozone/integration-test/target/test-dir/MiniOzoneClusterImpl-0566475b-15f3-492a-9b28-f78457f271af/datanode-1/data/ratis] (custom)
2021-10-28 01:49:23,858 [pool-524-thread-1] INFO  server.RaftServerConfigKeys (ConfUtils.java:logGet(44)) - raft.server.log.corruption.policy = EXCEPTION (default)
2021-10-28 01:49:23,858 [pool-524-thread-1] INFO  server.RaftServerConfigKeys (ConfUtils.java:logGet(44)) - raft.server.storage.free-space.min = 0MB (=0) (default)
2021-10-28 01:49:23,858 [pool-524-thread-1] INFO  storage.RaftStorageDirectory (RaftStorageDirectoryImpl.java:analyzeStorage(135)) - The storage directory /home/runner/work/ozone/ozone/hadoop-ozone/integration-test/target/test-dir/MiniOzoneClusterImpl-0566475b-15f3-492a-9b28-f78457f271af/datanode-1/data/ratis/1e7b1cb3-9b09-404d-9c06-e918c9fd5e21 does not exist. Creating ...
2021-10-28 01:49:23,865 [pool-524-thread-1] INFO  storage.RaftStorageDirectory (RaftStorageDirectoryImpl.java:tryLock(230)) - Lock on /home/runner/work/ozone/ozone/hadoop-ozone/integration-test/target/test-dir/MiniOzoneClusterImpl-0566475b-15f3-492a-9b28-f78457f271af/datanode-1/data/ratis/1e7b1cb3-9b09-404d-9c06-e918c9fd5e21/in_use.lock acquired by nodename 734@fv-az270-135
2021-10-28 01:49:23,867 [pool-524-thread-1] INFO  storage.RaftStorage (RaftStorageImpl.java:format(89)) - Storage directory /home/runner/work/ozone/ozone/hadoop-ozone/integration-test/target/test-dir/MiniOzoneClusterImpl-0566475b-15f3-492a-9b28-f78457f271af/datanode-1/data/ratis/1e7b1cb3-9b09-404d-9c06-e918c9fd5e21 has been successfully formatted.
2021-10-28 01:49:23,867 [pool-524-thread-1] INFO  ratis.ContainerStateMachine (ContainerStateMachine.java:loadSnapshot(224)) - group-E918C9FD5E21: The snapshot info is null. Setting the last applied indexto:(t:0, i:~)
2021-10-28 01:49:23,867 [pool-524-thread-1] INFO  server.RaftServerConfigKeys (ConfUtils.java:logGet(44)) - raft.server.notification.no-leader.timeout = 300000ms (custom)
2021-10-28 01:49:23,867 [pool-524-thread-1] INFO  server.RaftServerConfigKeys (ConfUtils.java:logGet(44)) - raft.server.log.use.memory = false (default)
2021-10-28 01:49:23,867 [pool-524-thread-1] INFO  server.RaftServerConfigKeys (ConfUtils.java:logGet(44)) - raft.server.log.purge.gap = 1000000 (custom)
2021-10-28 01:49:23,867 [pool-524-thread-1] INFO  server.RaftServerConfigKeys (ConfUtils.java:logGet(44)) - raft.server.log.appender.buffer.byte-limit = 33554432 (custom)
2021-10-28 01:49:23,868 [pool-524-thread-1] INFO  server.RaftServerConfigKeys (ConfUtils.java:logGet(44)) - raft.server.log.segment.size.max = 1048576 (custom)
2021-10-28 01:49:23,868 [pool-524-thread-1] INFO  server.RaftServerConfigKeys (ConfUtils.java:logGet(44)) - raft.server.log.segment.cache.num.max = 2 (custom)
2021-10-28 01:49:23,868 [pool-524-thread-1] INFO  server.RaftServerConfigKeys (ConfUtils.java:logGet(44)) - raft.server.log.segment.cache.size.max = 200MB (=209715200) (default)
2021-10-28 01:49:23,868 [pool-524-thread-1] INFO  segmented.SegmentedRaftLogWorker (SegmentedRaftLogWorker.java:<init>(182)) - new 167d9434-a89e-4891-b1b1-bac4f9f29552@group-E918C9FD5E21-SegmentedRaftLogWorker for RaftStorageImpl:Storage Directory /home/runner/work/ozone/ozone/hadoop-ozone/integration-test/target/test-dir/MiniOzoneClusterImpl-0566475b-15f3-492a-9b28-f78457f271af/datanode-1/data/ratis/1e7b1cb3-9b09-404d-9c06-e918c9fd5e21
2021-10-28 01:49:23,868 [pool-524-thread-1] INFO  server.RaftServerConfigKeys (ConfUtils.java:logGet(44)) - raft.server.log.queue.byte-limit = 2147483647 (custom)
2021-10-28 01:49:23,868 [pool-524-thread-1] INFO  server.RaftServerConfigKeys (ConfUtils.java:logGet(44)) - raft.server.log.queue.element-limit = 1024 (custom)
2021-10-28 01:49:23,868 [pool-524-thread-1] INFO  server.RaftServerConfigKeys (ConfUtils.java:logGet(44)) - raft.server.log.segment.size.max = 1048576 (custom)
2021-10-28 01:49:23,868 [pool-524-thread-1] INFO  server.RaftServerConfigKeys (ConfUtils.java:logGet(44)) - raft.server.log.preallocated.size = 16384 (custom)
2021-10-28 01:49:23,868 [pool-524-thread-1] INFO  server.RaftServerConfigKeys (ConfUtils.java:logGet(44)) - raft.server.log.force.sync.num = 128 (default)
2021-10-28 01:49:23,868 [pool-524-thread-1] INFO  server.RaftServerConfigKeys (ConfUtils.java:logGet(44)) - raft.server.log.statemachine.data.sync = true (default)
2021-10-28 01:49:23,868 [pool-524-thread-1] INFO  server.RaftServerConfigKeys (ConfUtils.java:logGet(44)) - raft.server.log.statemachine.data.sync.timeout = 10s (default)
2021-10-28 01:49:23,868 [pool-524-thread-1] INFO  server.RaftServerConfigKeys (ConfUtils.java:logGet(44)) - raft.server.log.statemachine.data.sync.timeout.retry = -1 (default)
2021-10-28 01:49:23,869 [pool-524-thread-1] INFO  server.RaftServerConfigKeys (ConfUtils.java:logGet(44)) - raft.server.log.write.buffer.size = 1048576 (custom)
2021-10-28 01:49:23,870 [pool-524-thread-1] INFO  server.RaftServerConfigKeys (ConfUtils.java:logGet(44)) - raft.server.log.statemachine.data.caching.enabled = true (custom)
2021-10-28 01:49:23,870 [pool-524-thread-1] INFO  segmented.SegmentedRaftLogWorker (SegmentedRaftLogWorker.java:lambda$new$0(133)) - 167d9434-a89e-4891-b1b1-bac4f9f29552@group-E918C9FD5E21-SegmentedRaftLogWorker: flushIndex: setUnconditionally 0 -> -1
2021-10-28 01:49:23,870 [pool-524-thread-1] INFO  segmented.SegmentedRaftLogWorker (SegmentedRaftLogWorker.java:lambda$new$0(133)) - 167d9434-a89e-4891-b1b1-bac4f9f29552@group-E918C9FD5E21-SegmentedRaftLogWorker: safeCacheEvictIndex: setUnconditionally 0 -> -1
2021-10-28 01:49:23,871 [EventQueue-OpenPipelineForHealthyPipelineSafeModeRule] INFO  safemode.SCMSafeModeManager (HealthyPipelineSafeModeRule.java:process(124)) - SCM in safe mode. Healthy pipelines reported count is 0, required healthy pipeline reported count is 1
2021-10-28 01:49:23,891 [pool-524-thread-1] INFO  server.RaftServerConfigKeys (ConfUtils.java:logGet(44)) - raft.server.snapshot.auto.trigger.enabled = true (custom)
2021-10-28 01:49:23,891 [pool-524-thread-1] INFO  server.RaftServerConfigKeys (ConfUtils.java:logGet(44)) - raft.server.snapshot.auto.trigger.threshold = 10000 (custom)
2021-10-28 01:49:23,891 [pool-524-thread-1] INFO  server.RaftServerConfigKeys (ConfUtils.java:logGet(44)) - raft.server.snapshot.retention.file.num = 5 (custom)
2021-10-28 01:49:23,891 [pool-524-thread-1] INFO  server.RaftServerConfigKeys (ConfUtils.java:logGet(44)) - raft.server.log.purge.upto.snapshot.index = false (default)
2021-10-28 01:49:23,891 [pool-524-thread-1] INFO  server.RaftServerConfigKeys (ConfUtils.java:logGet(44)) - raft.server.retrycache.expirytime = 600000ms (custom)
2021-10-28 01:49:23,891 [pool-524-thread-1] INFO  server.RaftServerConfigKeys (ConfUtils.java:logGet(44)) - raft.server.retrycache.statistics.expirytime = 100μs (default)
2021-10-28 01:49:23,893 [pool-524-thread-1] INFO  server.RaftServer$Division (RaftServerImpl.java:start(301)) - 167d9434-a89e-4891-b1b1-bac4f9f29552@group-356A7E5A79F8: start as a follower, conf=-1: [167d9434-a89e-4891-b1b1-bac4f9f29552|rpc:10.1.0.29:32839|priority:1], old=null
2021-10-28 01:49:23,893 [pool-524-thread-1] INFO  server.RaftServer$Division (RaftServerImpl.java:setRole(290)) - 167d9434-a89e-4891-b1b1-bac4f9f29552@group-356A7E5A79F8: changes role from      null to FOLLOWER at term 0 for startAsFollower
2021-10-28 01:49:23,893 [pool-524-thread-1] INFO  impl.RoleInfo (RoleInfo.java:updateAndGet(130)) - 167d9434-a89e-4891-b1b1-bac4f9f29552: start 167d9434-a89e-4891-b1b1-bac4f9f29552@group-356A7E5A79F8-FollowerState
2021-10-28 01:49:23,911 [pool-524-thread-1] INFO  util.JmxRegister (JmxRegister.java:tryRegister(44)) - Successfully registered JMX Bean with object name Ratis:service=RaftServer,group=group-356A7E5A79F8,id=167d9434-a89e-4891-b1b1-bac4f9f29552
2021-10-28 01:49:23,947 [pool-524-thread-1] INFO  server.RaftServer$Division (RaftServerImpl.java:start(301)) - 167d9434-a89e-4891-b1b1-bac4f9f29552@group-E918C9FD5E21: start as a follower, conf=-1: [3bba12ea-eb97-4cb8-a72d-96cb4f92f88e|rpc:10.1.0.29:33133|dataStream:|priority:1, 253ef487-fc9a-46cf-a18f-fb890cfa9c45|rpc:10.1.0.29:46847|dataStream:|priority:0, 167d9434-a89e-4891-b1b1-bac4f9f29552|rpc:10.1.0.29:32839|dataStream:|priority:0], old=null
2021-10-28 01:49:23,947 [pool-524-thread-1] INFO  server.RaftServer$Division (RaftServerImpl.java:setRole(290)) - 167d9434-a89e-4891-b1b1-bac4f9f29552@group-E918C9FD5E21: changes role from      null to FOLLOWER at term 0 for startAsFollower
2021-10-28 01:49:23,947 [pool-524-thread-1] INFO  impl.RoleInfo (RoleInfo.java:updateAndGet(130)) - 167d9434-a89e-4891-b1b1-bac4f9f29552: start 167d9434-a89e-4891-b1b1-bac4f9f29552@group-E918C9FD5E21-FollowerState
2021-10-28 01:49:23,947 [Command processor thread] INFO  ratis.XceiverServerRatis (XceiverServerRatis.java:addGroup(768)) - Created group PipelineID=2f4116b9-c803-4b24-85d7-356a7e5a79f8
2021-10-28 01:49:23,947 [Command processor thread] INFO  commandhandler.CreatePipelineCommandHandler (CreatePipelineCommandHandler.java:handle(106)) - Created Pipeline RATIS ONE PipelineID=2f4116b9-c803-4b24-85d7-356a7e5a79f8.
2021-10-28 01:49:23,955 [pool-524-thread-1] INFO  util.JmxRegister (JmxRegister.java:tryRegister(44)) - Successfully registered JMX Bean with object name Ratis:service=RaftServer,group=group-E918C9FD5E21,id=167d9434-a89e-4891-b1b1-bac4f9f29552
2021-10-28 01:49:24,013 [grpc-default-executor-0] INFO  server.RaftServer (RaftServerProxy.java:addNew(95)) - 3bba12ea-eb97-4cb8-a72d-96cb4f92f88e: addNew group-E918C9FD5E21:[3bba12ea-eb97-4cb8-a72d-96cb4f92f88e|rpc:10.1.0.29:33133|dataStream:|priority:1, 253ef487-fc9a-46cf-a18f-fb890cfa9c45|rpc:10.1.0.29:46847|dataStream:|priority:0, 167d9434-a89e-4891-b1b1-bac4f9f29552|rpc:10.1.0.29:32839|dataStream:|priority:0] returns group-E918C9FD5E21:java.util.concurrent.CompletableFuture@418a05f3[Not completed]
2021-10-28 01:49:24,014 [pool-543-thread-1] INFO  server.RaftServer$Division (RaftServerImpl.java:<init>(184)) - 3bba12ea-eb97-4cb8-a72d-96cb4f92f88e: new RaftServerImpl for group-E918C9FD5E21:[3bba12ea-eb97-4cb8-a72d-96cb4f92f88e|rpc:10.1.0.29:33133|dataStream:|priority:1, 253ef487-fc9a-46cf-a18f-fb890cfa9c45|rpc:10.1.0.29:46847|dataStream:|priority:0, 167d9434-a89e-4891-b1b1-bac4f9f29552|rpc:10.1.0.29:32839|dataStream:|priority:0] with ContainerStateMachine:uninitialized
2021-10-28 01:49:24,014 [pool-543-thread-1] INFO  server.RaftServerConfigKeys (ConfUtils.java:logGet(44)) - raft.server.rpc.timeout.min = 5s (custom)
2021-10-28 01:49:24,014 [pool-543-thread-1] INFO  server.RaftServerConfigKeys (ConfUtils.java:logGet(44)) - raft.server.rpc.timeout.max = 5200ms (custom)
2021-10-28 01:49:24,014 [pool-543-thread-1] INFO  server.RaftServerConfigKeys (ConfUtils.java:logGet(44)) - raft.server.rpc.sleep.time = 25ms (default)
2021-10-28 01:49:24,014 [pool-543-thread-1] INFO  server.RaftServerConfigKeys (ConfUtils.java:logGet(44)) - raft.server.rpc.slowness.timeout = 300000ms (custom)
2021-10-28 01:49:24,014 [pool-543-thread-1] INFO  server.RaftServerConfigKeys (ConfUtils.java:logGet(44)) - raft.server.leaderelection.leader.step-down.wait-time = 10s (default)
2021-10-28 01:49:24,014 [pool-543-thread-1] INFO  server.RaftServerConfigKeys (ConfUtils.java:logGet(44)) - raft.server.sleep.deviation.threshold = 300ms (default)
2021-10-28 01:49:24,014 [pool-543-thread-1] INFO  server.RaftServerConfigKeys (ConfUtils.java:logGet(44)) - raft.server.log.appender.install.snapshot.enabled = false (custom)
2021-10-28 01:49:24,014 [pool-543-thread-1] INFO  server.RaftServer$Division (ServerState.java:<init>(105)) - 3bba12ea-eb97-4cb8-a72d-96cb4f92f88e@group-E918C9FD5E21: ConfigurationManager, init=-1: [3bba12ea-eb97-4cb8-a72d-96cb4f92f88e|rpc:10.1.0.29:33133|dataStream:|priority:1, 253ef487-fc9a-46cf-a18f-fb890cfa9c45|rpc:10.1.0.29:46847|dataStream:|priority:0, 167d9434-a89e-4891-b1b1-bac4f9f29552|rpc:10.1.0.29:32839|dataStream:|priority:0], old=null, confs=<EMPTY_MAP>
2021-10-28 01:49:24,015 [pool-543-thread-1] INFO  server.RaftServerConfigKeys (ConfUtils.java:logGet(44)) - raft.server.storage.dir = [/home/runner/work/ozone/ozone/hadoop-ozone/integration-test/target/test-dir/MiniOzoneClusterImpl-0566475b-15f3-492a-9b28-f78457f271af/datanode-2/data/ratis] (custom)
2021-10-28 01:49:24,015 [pool-543-thread-1] INFO  server.RaftServerConfigKeys (ConfUtils.java:logGet(44)) - raft.server.log.corruption.policy = EXCEPTION (default)
2021-10-28 01:49:24,015 [pool-543-thread-1] INFO  server.RaftServerConfigKeys (ConfUtils.java:logGet(44)) - raft.server.storage.free-space.min = 0MB (=0) (default)
2021-10-28 01:49:24,015 [pool-543-thread-1] INFO  storage.RaftStorageDirectory (RaftStorageDirectoryImpl.java:analyzeStorage(135)) - The storage directory /home/runner/work/ozone/ozone/hadoop-ozone/integration-test/target/test-dir/MiniOzoneClusterImpl-0566475b-15f3-492a-9b28-f78457f271af/datanode-2/data/ratis/1e7b1cb3-9b09-404d-9c06-e918c9fd5e21 does not exist. Creating ...
2021-10-28 01:49:24,020 [pool-543-thread-1] INFO  storage.RaftStorageDirectory (RaftStorageDirectoryImpl.java:tryLock(230)) - Lock on /home/runner/work/ozone/ozone/hadoop-ozone/integration-test/target/test-dir/MiniOzoneClusterImpl-0566475b-15f3-492a-9b28-f78457f271af/datanode-2/data/ratis/1e7b1cb3-9b09-404d-9c06-e918c9fd5e21/in_use.lock acquired by nodename 734@fv-az270-135
2021-10-28 01:49:24,022 [pool-543-thread-1] INFO  storage.RaftStorage (RaftStorageImpl.java:format(89)) - Storage directory /home/runner/work/ozone/ozone/hadoop-ozone/integration-test/target/test-dir/MiniOzoneClusterImpl-0566475b-15f3-492a-9b28-f78457f271af/datanode-2/data/ratis/1e7b1cb3-9b09-404d-9c06-e918c9fd5e21 has been successfully formatted.
2021-10-28 01:49:24,022 [pool-543-thread-1] INFO  ratis.ContainerStateMachine (ContainerStateMachine.java:loadSnapshot(224)) - group-E918C9FD5E21: The snapshot info is null. Setting the last applied indexto:(t:0, i:~)
2021-10-28 01:49:24,023 [pool-543-thread-1] INFO  server.RaftServerConfigKeys (ConfUtils.java:logGet(44)) - raft.server.notification.no-leader.timeout = 300000ms (custom)
2021-10-28 01:49:24,023 [pool-543-thread-1] INFO  server.RaftServerConfigKeys (ConfUtils.java:logGet(44)) - raft.server.log.use.memory = false (default)
2021-10-28 01:49:24,023 [pool-543-thread-1] INFO  server.RaftServerConfigKeys (ConfUtils.java:logGet(44)) - raft.server.log.purge.gap = 1000000 (custom)
2021-10-28 01:49:24,023 [pool-543-thread-1] INFO  server.RaftServerConfigKeys (ConfUtils.java:logGet(44)) - raft.server.log.appender.buffer.byte-limit = 33554432 (custom)
2021-10-28 01:49:24,023 [pool-543-thread-1] INFO  server.RaftServerConfigKeys (ConfUtils.java:logGet(44)) - raft.server.log.segment.size.max = 1048576 (custom)
2021-10-28 01:49:24,024 [pool-543-thread-1] INFO  server.RaftServerConfigKeys (ConfUtils.java:logGet(44)) - raft.server.log.segment.cache.num.max = 2 (custom)
2021-10-28 01:49:24,024 [pool-543-thread-1] INFO  server.RaftServerConfigKeys (ConfUtils.java:logGet(44)) - raft.server.log.segment.cache.size.max = 200MB (=209715200) (default)
2021-10-28 01:49:24,024 [pool-543-thread-1] INFO  segmented.SegmentedRaftLogWorker (SegmentedRaftLogWorker.java:<init>(182)) - new 3bba12ea-eb97-4cb8-a72d-96cb4f92f88e@group-E918C9FD5E21-SegmentedRaftLogWorker for RaftStorageImpl:Storage Directory /home/runner/work/ozone/ozone/hadoop-ozone/integration-test/target/test-dir/MiniOzoneClusterImpl-0566475b-15f3-492a-9b28-f78457f271af/datanode-2/data/ratis/1e7b1cb3-9b09-404d-9c06-e918c9fd5e21
2021-10-28 01:49:24,024 [pool-543-thread-1] INFO  server.RaftServerConfigKeys (ConfUtils.java:logGet(44)) - raft.server.log.queue.byte-limit = 2147483647 (custom)
2021-10-28 01:49:24,024 [pool-543-thread-1] INFO  server.RaftServerConfigKeys (ConfUtils.java:logGet(44)) - raft.server.log.queue.element-limit = 1024 (custom)
2021-10-28 01:49:24,024 [pool-543-thread-1] INFO  server.RaftServerConfigKeys (ConfUtils.java:logGet(44)) - raft.server.log.segment.size.max = 1048576 (custom)
2021-10-28 01:49:24,024 [pool-543-thread-1] INFO  server.RaftServerConfigKeys (ConfUtils.java:logGet(44)) - raft.server.log.preallocated.size = 16384 (custom)
2021-10-28 01:49:24,024 [pool-543-thread-1] INFO  server.RaftServerConfigKeys (ConfUtils.java:logGet(44)) - raft.server.log.force.sync.num = 128 (default)
2021-10-28 01:49:24,024 [pool-543-thread-1] INFO  server.RaftServerConfigKeys (ConfUtils.java:logGet(44)) - raft.server.log.statemachine.data.sync = true (default)
2021-10-28 01:49:24,024 [pool-543-thread-1] INFO  server.RaftServerConfigKeys (ConfUtils.java:logGet(44)) - raft.server.log.statemachine.data.sync.timeout = 10s (default)
2021-10-28 01:49:24,024 [pool-543-thread-1] INFO  server.RaftServerConfigKeys (ConfUtils.java:logGet(44)) - raft.server.log.statemachine.data.sync.timeout.retry = -1 (default)
2021-10-28 01:49:24,025 [pool-543-thread-1] INFO  server.RaftServerConfigKeys (ConfUtils.java:logGet(44)) - raft.server.log.write.buffer.size = 1048576 (custom)
2021-10-28 01:49:24,027 [pool-543-thread-1] INFO  server.RaftServerConfigKeys (ConfUtils.java:logGet(44)) - raft.server.log.statemachine.data.caching.enabled = true (custom)
2021-10-28 01:49:24,027 [pool-543-thread-1] INFO  segmented.SegmentedRaftLogWorker (SegmentedRaftLogWorker.java:lambda$new$0(133)) - 3bba12ea-eb97-4cb8-a72d-96cb4f92f88e@group-E918C9FD5E21-SegmentedRaftLogWorker: flushIndex: setUnconditionally 0 -> -1
2021-10-28 01:49:24,051 [pool-543-thread-1] INFO  segmented.SegmentedRaftLogWorker (SegmentedRaftLogWorker.java:lambda$new$0(133)) - 3bba12ea-eb97-4cb8-a72d-96cb4f92f88e@group-E918C9FD5E21-SegmentedRaftLogWorker: safeCacheEvictIndex: setUnconditionally 0 -> -1
2021-10-28 01:49:24,059 [pool-543-thread-1] INFO  server.RaftServerConfigKeys (ConfUtils.java:logGet(44)) - raft.server.snapshot.auto.trigger.enabled = true (custom)
2021-10-28 01:49:24,059 [pool-543-thread-1] INFO  server.RaftServerConfigKeys (ConfUtils.java:logGet(44)) - raft.server.snapshot.auto.trigger.threshold = 10000 (custom)
2021-10-28 01:49:24,059 [pool-543-thread-1] INFO  server.RaftServerConfigKeys (ConfUtils.java:logGet(44)) - raft.server.snapshot.retention.file.num = 5 (custom)
2021-10-28 01:49:24,059 [pool-543-thread-1] INFO  server.RaftServerConfigKeys (ConfUtils.java:logGet(44)) - raft.server.log.purge.upto.snapshot.index = false (default)
2021-10-28 01:49:24,059 [pool-543-thread-1] INFO  server.RaftServerConfigKeys (ConfUtils.java:logGet(44)) - raft.server.retrycache.expirytime = 600000ms (custom)
2021-10-28 01:49:24,059 [pool-543-thread-1] INFO  server.RaftServerConfigKeys (ConfUtils.java:logGet(44)) - raft.server.retrycache.statistics.expirytime = 100μs (default)
2021-10-28 01:49:24,061 [pool-543-thread-1] INFO  server.RaftServer$Division (RaftServerImpl.java:start(301)) - 3bba12ea-eb97-4cb8-a72d-96cb4f92f88e@group-E918C9FD5E21: start as a follower, conf=-1: [3bba12ea-eb97-4cb8-a72d-96cb4f92f88e|rpc:10.1.0.29:33133|dataStream:|priority:1, 253ef487-fc9a-46cf-a18f-fb890cfa9c45|rpc:10.1.0.29:46847|dataStream:|priority:0, 167d9434-a89e-4891-b1b1-bac4f9f29552|rpc:10.1.0.29:32839|dataStream:|priority:0], old=null
2021-10-28 01:49:24,061 [pool-543-thread-1] INFO  server.RaftServer$Division (RaftServerImpl.java:setRole(290)) - 3bba12ea-eb97-4cb8-a72d-96cb4f92f88e@group-E918C9FD5E21: changes role from      null to FOLLOWER at term 0 for startAsFollower
2021-10-28 01:49:24,061 [pool-543-thread-1] INFO  impl.RoleInfo (RoleInfo.java:updateAndGet(130)) - 3bba12ea-eb97-4cb8-a72d-96cb4f92f88e: start 3bba12ea-eb97-4cb8-a72d-96cb4f92f88e@group-E918C9FD5E21-FollowerState
2021-10-28 01:49:24,078 [pool-543-thread-1] INFO  util.JmxRegister (JmxRegister.java:tryRegister(44)) - Successfully registered JMX Bean with object name Ratis:service=RaftServer,group=group-E918C9FD5E21,id=3bba12ea-eb97-4cb8-a72d-96cb4f92f88e
2021-10-28 01:49:24,131 [Command processor thread] INFO  commandhandler.CreatePipelineCommandHandler (CreatePipelineCommandHandler.java:handle(106)) - Created Pipeline RATIS THREE PipelineID=1e7b1cb3-9b09-404d-9c06-e918c9fd5e21.
2021-10-28 01:49:24,535 [Command processor thread] INFO  server.RaftServer (RaftServerProxy.java:addNew(95)) - 3bba12ea-eb97-4cb8-a72d-96cb4f92f88e: addNew group-EA576DF61A38:[3bba12ea-eb97-4cb8-a72d-96cb4f92f88e|rpc:10.1.0.29:33133|priority:1] returns group-EA576DF61A38:java.util.concurrent.CompletableFuture@fc8daae[Not completed]
2021-10-28 01:49:24,536 [pool-543-thread-1] INFO  server.RaftServer$Division (RaftServerImpl.java:<init>(184)) - 3bba12ea-eb97-4cb8-a72d-96cb4f92f88e: new RaftServerImpl for group-EA576DF61A38:[3bba12ea-eb97-4cb8-a72d-96cb4f92f88e|rpc:10.1.0.29:33133|priority:1] with ContainerStateMachine:uninitialized
2021-10-28 01:49:24,536 [pool-543-thread-1] INFO  server.RaftServerConfigKeys (ConfUtils.java:logGet(44)) - raft.server.rpc.timeout.min = 5s (custom)
2021-10-28 01:49:24,536 [pool-543-thread-1] INFO  server.RaftServerConfigKeys (ConfUtils.java:logGet(44)) - raft.server.rpc.timeout.max = 5200ms (custom)
2021-10-28 01:49:24,536 [pool-543-thread-1] INFO  server.RaftServerConfigKeys (ConfUtils.java:logGet(44)) - raft.server.rpc.sleep.time = 25ms (default)
2021-10-28 01:49:24,536 [pool-543-thread-1] INFO  server.RaftServerConfigKeys (ConfUtils.java:logGet(44)) - raft.server.rpc.slowness.timeout = 300000ms (custom)
2021-10-28 01:49:24,536 [pool-543-thread-1] INFO  server.RaftServerConfigKeys (ConfUtils.java:logGet(44)) - raft.server.leaderelection.leader.step-down.wait-time = 10s (default)
2021-10-28 01:49:24,536 [pool-543-thread-1] INFO  server.RaftServerConfigKeys (ConfUtils.java:logGet(44)) - raft.server.sleep.deviation.threshold = 300ms (default)
2021-10-28 01:49:24,536 [pool-543-thread-1] INFO  server.RaftServerConfigKeys (ConfUtils.java:logGet(44)) - raft.server.log.appender.install.snapshot.enabled = false (custom)
2021-10-28 01:49:24,536 [pool-543-thread-1] INFO  server.RaftServer$Division (ServerState.java:<init>(105)) - 3bba12ea-eb97-4cb8-a72d-96cb4f92f88e@group-EA576DF61A38: ConfigurationManager, init=-1: [3bba12ea-eb97-4cb8-a72d-96cb4f92f88e|rpc:10.1.0.29:33133|priority:1], old=null, confs=<EMPTY_MAP>
2021-10-28 01:49:24,536 [pool-543-thread-1] INFO  server.RaftServerConfigKeys (ConfUtils.java:logGet(44)) - raft.server.storage.dir = [/home/runner/work/ozone/ozone/hadoop-ozone/integration-test/target/test-dir/MiniOzoneClusterImpl-0566475b-15f3-492a-9b28-f78457f271af/datanode-2/data/ratis] (custom)
2021-10-28 01:49:24,536 [pool-543-thread-1] INFO  server.RaftServerConfigKeys (ConfUtils.java:logGet(44)) - raft.server.log.corruption.policy = EXCEPTION (default)
2021-10-28 01:49:24,536 [pool-543-thread-1] INFO  server.RaftServerConfigKeys (ConfUtils.java:logGet(44)) - raft.server.storage.free-space.min = 0MB (=0) (default)
2021-10-28 01:49:24,536 [pool-543-thread-1] INFO  storage.RaftStorageDirectory (RaftStorageDirectoryImpl.java:analyzeStorage(135)) - The storage directory /home/runner/work/ozone/ozone/hadoop-ozone/integration-test/target/test-dir/MiniOzoneClusterImpl-0566475b-15f3-492a-9b28-f78457f271af/datanode-2/data/ratis/678a5660-1538-431c-90b9-ea576df61a38 does not exist. Creating ...
2021-10-28 01:49:24,542 [pool-543-thread-1] INFO  storage.RaftStorageDirectory (RaftStorageDirectoryImpl.java:tryLock(230)) - Lock on /home/runner/work/ozone/ozone/hadoop-ozone/integration-test/target/test-dir/MiniOzoneClusterImpl-0566475b-15f3-492a-9b28-f78457f271af/datanode-2/data/ratis/678a5660-1538-431c-90b9-ea576df61a38/in_use.lock acquired by nodename 734@fv-az270-135
2021-10-28 01:49:24,547 [pool-543-thread-1] INFO  storage.RaftStorage (RaftStorageImpl.java:format(89)) - Storage directory /home/runner/work/ozone/ozone/hadoop-ozone/integration-test/target/test-dir/MiniOzoneClusterImpl-0566475b-15f3-492a-9b28-f78457f271af/datanode-2/data/ratis/678a5660-1538-431c-90b9-ea576df61a38 has been successfully formatted.
2021-10-28 01:49:24,548 [EventQueue-PipelineReportForPipelineReportHandler] INFO  pipeline.PipelineManagerImpl (PipelineManagerImpl.java:openPipeline(289)) - Pipeline Pipeline[ Id: 678a5660-1538-431c-90b9-ea576df61a38, Nodes: 3bba12ea-eb97-4cb8-a72d-96cb4f92f88e{ip: 10.1.0.29, host: fv-az270-135.tacnzluakwdehk1hpragurqkma.bx.internal.cloudapp.net, ports: [REPLICATION=33787, RATIS=33133, RATIS_ADMIN=33133, RATIS_SERVER=33133, STANDALONE=42261], networkLocation: /default-rack, certSerialId: null, persistedOpState: IN_SERVICE, persistedOpStateExpiryEpochSec: 0}, ReplicationConfig: RATIS/ONE, State:ALLOCATED, leaderId:3bba12ea-eb97-4cb8-a72d-96cb4f92f88e, CreationTimestamp2021-10-28T01:49:21.548Z[Etc/UTC]] moved to OPEN state
2021-10-28 01:49:24,548 [pool-543-thread-1] INFO  ratis.ContainerStateMachine (ContainerStateMachine.java:loadSnapshot(224)) - group-EA576DF61A38: The snapshot info is null. Setting the last applied indexto:(t:0, i:~)
2021-10-28 01:49:24,549 [pool-543-thread-1] INFO  server.RaftServerConfigKeys (ConfUtils.java:logGet(44)) - raft.server.notification.no-leader.timeout = 300000ms (custom)
2021-10-28 01:49:24,549 [EventQueue-OpenPipelineForHealthyPipelineSafeModeRule] INFO  safemode.SCMSafeModeManager (HealthyPipelineSafeModeRule.java:process(124)) - SCM in safe mode. Healthy pipelines reported count is 0, required healthy pipeline reported count is 1
2021-10-28 01:49:24,549 [pool-543-thread-1] INFO  server.RaftServerConfigKeys (ConfUtils.java:logGet(44)) - raft.server.log.use.memory = false (default)
2021-10-28 01:49:24,549 [pool-543-thread-1] INFO  server.RaftServerConfigKeys (ConfUtils.java:logGet(44)) - raft.server.log.purge.gap = 1000000 (custom)
2021-10-28 01:49:24,549 [pool-543-thread-1] INFO  server.RaftServerConfigKeys (ConfUtils.java:logGet(44)) - raft.server.log.appender.buffer.byte-limit = 33554432 (custom)
2021-10-28 01:49:24,550 [pool-543-thread-1] INFO  server.RaftServerConfigKeys (ConfUtils.java:logGet(44)) - raft.server.log.segment.size.max = 1048576 (custom)
2021-10-28 01:49:24,550 [pool-543-thread-1] INFO  server.RaftServerConfigKeys (ConfUtils.java:logGet(44)) - raft.server.log.segment.cache.num.max = 2 (custom)
2021-10-28 01:49:24,550 [pool-543-thread-1] INFO  server.RaftServerConfigKeys (ConfUtils.java:logGet(44)) - raft.server.log.segment.cache.size.max = 200MB (=209715200) (default)
2021-10-28 01:49:24,550 [pool-543-thread-1] INFO  segmented.SegmentedRaftLogWorker (SegmentedRaftLogWorker.java:<init>(182)) - new 3bba12ea-eb97-4cb8-a72d-96cb4f92f88e@group-EA576DF61A38-SegmentedRaftLogWorker for RaftStorageImpl:Storage Directory /home/runner/work/ozone/ozone/hadoop-ozone/integration-test/target/test-dir/MiniOzoneClusterImpl-0566475b-15f3-492a-9b28-f78457f271af/datanode-2/data/ratis/678a5660-1538-431c-90b9-ea576df61a38
2021-10-28 01:49:24,550 [pool-543-thread-1] INFO  server.RaftServerConfigKeys (ConfUtils.java:logGet(44)) - raft.server.log.queue.byte-limit = 2147483647 (custom)
2021-10-28 01:49:24,550 [pool-543-thread-1] INFO  server.RaftServerConfigKeys (ConfUtils.java:logGet(44)) - raft.server.log.queue.element-limit = 1024 (custom)
2021-10-28 01:49:24,550 [pool-543-thread-1] INFO  server.RaftServerConfigKeys (ConfUtils.java:logGet(44)) - raft.server.log.segment.size.max = 1048576 (custom)
2021-10-28 01:49:24,551 [pool-543-thread-1] INFO  server.RaftServerConfigKeys (ConfUtils.java:logGet(44)) - raft.server.log.preallocated.size = 16384 (custom)
2021-10-28 01:49:24,563 [pool-543-thread-1] INFO  server.RaftServerConfigKeys (ConfUtils.java:logGet(44)) - raft.server.log.force.sync.num = 128 (default)
2021-10-28 01:49:24,563 [pool-543-thread-1] INFO  server.RaftServerConfigKeys (ConfUtils.java:logGet(44)) - raft.server.log.statemachine.data.sync = true (default)
2021-10-28 01:49:24,563 [pool-543-thread-1] INFO  server.RaftServerConfigKeys (ConfUtils.java:logGet(44)) - raft.server.log.statemachine.data.sync.timeout = 10s (default)
2021-10-28 01:49:24,563 [pool-543-thread-1] INFO  server.RaftServerConfigKeys (ConfUtils.java:logGet(44)) - raft.server.log.statemachine.data.sync.timeout.retry = -1 (default)
2021-10-28 01:49:24,564 [pool-543-thread-1] INFO  server.RaftServerConfigKeys (ConfUtils.java:logGet(44)) - raft.server.log.write.buffer.size = 1048576 (custom)
2021-10-28 01:49:24,564 [pool-543-thread-1] INFO  server.RaftServerConfigKeys (ConfUtils.java:logGet(44)) - raft.server.log.statemachine.data.caching.enabled = true (custom)
2021-10-28 01:49:24,565 [pool-543-thread-1] INFO  segmented.SegmentedRaftLogWorker (SegmentedRaftLogWorker.java:lambda$new$0(133)) - 3bba12ea-eb97-4cb8-a72d-96cb4f92f88e@group-EA576DF61A38-SegmentedRaftLogWorker: flushIndex: setUnconditionally 0 -> -1
2021-10-28 01:49:24,565 [pool-543-thread-1] INFO  segmented.SegmentedRaftLogWorker (SegmentedRaftLogWorker.java:lambda$new$0(133)) - 3bba12ea-eb97-4cb8-a72d-96cb4f92f88e@group-EA576DF61A38-SegmentedRaftLogWorker: safeCacheEvictIndex: setUnconditionally 0 -> -1
2021-10-28 01:49:24,567 [pool-543-thread-1] INFO  server.RaftServerConfigKeys (ConfUtils.java:logGet(44)) - raft.server.snapshot.auto.trigger.enabled = true (custom)
2021-10-28 01:49:24,567 [pool-543-thread-1] INFO  server.RaftServerConfigKeys (ConfUtils.java:logGet(44)) - raft.server.snapshot.auto.trigger.threshold = 10000 (custom)
2021-10-28 01:49:24,567 [pool-543-thread-1] INFO  server.RaftServerConfigKeys (ConfUtils.java:logGet(44)) - raft.server.snapshot.retention.file.num = 5 (custom)
2021-10-28 01:49:24,567 [pool-543-thread-1] INFO  server.RaftServerConfigKeys (ConfUtils.java:logGet(44)) - raft.server.log.purge.upto.snapshot.index = false (default)
2021-10-28 01:49:24,567 [pool-543-thread-1] INFO  server.RaftServerConfigKeys (ConfUtils.java:logGet(44)) - raft.server.retrycache.expirytime = 600000ms (custom)
2021-10-28 01:49:24,567 [pool-543-thread-1] INFO  server.RaftServerConfigKeys (ConfUtils.java:logGet(44)) - raft.server.retrycache.statistics.expirytime = 100μs (default)
2021-10-28 01:49:24,569 [pool-543-thread-1] INFO  server.RaftServer$Division (RaftServerImpl.java:start(301)) - 3bba12ea-eb97-4cb8-a72d-96cb4f92f88e@group-EA576DF61A38: start as a follower, conf=-1: [3bba12ea-eb97-4cb8-a72d-96cb4f92f88e|rpc:10.1.0.29:33133|priority:1], old=null
2021-10-28 01:49:24,569 [pool-543-thread-1] INFO  server.RaftServer$Division (RaftServerImpl.java:setRole(290)) - 3bba12ea-eb97-4cb8-a72d-96cb4f92f88e@group-EA576DF61A38: changes role from      null to FOLLOWER at term 0 for startAsFollower
2021-10-28 01:49:24,569 [pool-543-thread-1] INFO  impl.RoleInfo (RoleInfo.java:updateAndGet(130)) - 3bba12ea-eb97-4cb8-a72d-96cb4f92f88e: start 3bba12ea-eb97-4cb8-a72d-96cb4f92f88e@group-EA576DF61A38-FollowerState
2021-10-28 01:49:24,574 [pool-543-thread-1] INFO  util.JmxRegister (JmxRegister.java:tryRegister(44)) - Successfully registered JMX Bean with object name Ratis:service=RaftServer,group=group-EA576DF61A38,id=3bba12ea-eb97-4cb8-a72d-96cb4f92f88e
2021-10-28 01:49:24,580 [Command processor thread] INFO  ratis.XceiverServerRatis (XceiverServerRatis.java:addGroup(768)) - Created group PipelineID=678a5660-1538-431c-90b9-ea576df61a38
2021-10-28 01:49:24,580 [Command processor thread] INFO  commandhandler.CreatePipelineCommandHandler (CreatePipelineCommandHandler.java:handle(106)) - Created Pipeline RATIS ONE PipelineID=678a5660-1538-431c-90b9-ea576df61a38.
2021-10-28 01:49:24,593 [IPC Server handler 7 on default port 37905] INFO  net.NetworkTopologyImpl (NetworkTopologyImpl.java:add(112)) - Added a new node: /default-rack/6d544018-2462-4d7b-9c06-1f628f7d4bb3
2021-10-28 01:49:24,594 [IPC Server handler 7 on default port 37905] INFO  node.SCMNodeManager (SCMNodeManager.java:register(389)) - Registered Data node : 6d544018-2462-4d7b-9c06-1f628f7d4bb3{ip: 10.1.0.29, host: fv-az270-135.tacnzluakwdehk1hpragurqkma.bx.internal.cloudapp.net, ports: [REPLICATION=41683, RATIS=46225, RATIS_ADMIN=46225, RATIS_SERVER=46225, STANDALONE=33603], networkLocation: /default-rack, certSerialId: null, persistedOpState: null, persistedOpStateExpiryEpochSec: 0}
2021-10-28 01:49:24,594 [EventQueue-NewNodeForNewNodeHandler] INFO  pipeline.BackgroundPipelineCreator (BackgroundPipelineCreator.java:notifyEventTriggered(285)) - trigger a one-shot run on RatisPipelineUtilsThread.
2021-10-28 01:49:24,594 [RatisPipelineUtilsThread - 0] INFO  pipeline.RatisPipelineProvider (RatisPipelineProvider.java:lambda$create$0(183)) - Sending CreatePipelineCommand for pipeline:PipelineID=f9ac2680-f782-496d-9a98-3b8b63793b5a to datanode:6d544018-2462-4d7b-9c06-1f628f7d4bb3
2021-10-28 01:49:24,595 [RatisPipelineUtilsThread - 0] INFO  pipeline.PipelineStateManagerImpl (PipelineStateManagerImpl.java:addPipeline(101)) - Created pipeline Pipeline[ Id: f9ac2680-f782-496d-9a98-3b8b63793b5a, Nodes: 6d544018-2462-4d7b-9c06-1f628f7d4bb3{ip: 10.1.0.29, host: fv-az270-135.tacnzluakwdehk1hpragurqkma.bx.internal.cloudapp.net, ports: [REPLICATION=41683, RATIS=46225, RATIS_ADMIN=46225, RATIS_SERVER=46225, STANDALONE=33603], networkLocation: /default-rack, certSerialId: null, persistedOpState: IN_SERVICE, persistedOpStateExpiryEpochSec: 0}, ReplicationConfig: RATIS/ONE, State:ALLOCATED, leaderId:, CreationTimestamp2021-10-28T01:49:24.594Z[Etc/UTC]].
2021-10-28 01:49:24,623 [Listener at 127.0.0.1/46475] INFO  ozone.MiniOzoneClusterImpl (MiniOzoneClusterImpl.java:lambda$waitForClusterToBeReady$0(235)) - Nodes are ready. Got 7 of 7 DN Heartbeats.
2021-10-28 01:49:24,623 [Listener at 127.0.0.1/46475] INFO  ozone.MiniOzoneClusterImpl (MiniOzoneClusterImpl.java:lambda$waitForClusterToBeReady$0(238)) - Waiting for cluster to exit safe mode
2021-10-28 01:49:24,623 [Listener at 127.0.0.1/46475] INFO  ozone.MiniOzoneClusterImpl (MiniOzoneClusterImpl.java:lambda$waitForClusterToBeReady$0(240)) - SCM became leader
2021-10-28 01:49:25,229 [Command processor thread] INFO  server.RaftServer (RaftServerProxy.java:addNew(95)) - 850b4870-9ae5-4bfa-bbd2-f1f242dff33d: addNew group-887D28601A48:[850b4870-9ae5-4bfa-bbd2-f1f242dff33d|rpc:10.1.0.29:35637|priority:1] returns group-887D28601A48:java.util.concurrent.CompletableFuture@32418779[Not completed]
2021-10-28 01:49:25,231 [pool-562-thread-1] INFO  server.RaftServer$Division (RaftServerImpl.java:<init>(184)) - 850b4870-9ae5-4bfa-bbd2-f1f242dff33d: new RaftServerImpl for group-887D28601A48:[850b4870-9ae5-4bfa-bbd2-f1f242dff33d|rpc:10.1.0.29:35637|priority:1] with ContainerStateMachine:uninitialized
2021-10-28 01:49:25,231 [pool-562-thread-1] INFO  server.RaftServerConfigKeys (ConfUtils.java:logGet(44)) - raft.server.rpc.timeout.min = 5s (custom)
2021-10-28 01:49:25,232 [pool-562-thread-1] INFO  server.RaftServerConfigKeys (ConfUtils.java:logGet(44)) - raft.server.rpc.timeout.max = 5200ms (custom)
2021-10-28 01:49:25,232 [pool-562-thread-1] INFO  server.RaftServerConfigKeys (ConfUtils.java:logGet(44)) - raft.server.rpc.sleep.time = 25ms (default)
2021-10-28 01:49:25,232 [pool-562-thread-1] INFO  server.RaftServerConfigKeys (ConfUtils.java:logGet(44)) - raft.server.rpc.slowness.timeout = 300000ms (custom)
2021-10-28 01:49:25,232 [pool-562-thread-1] INFO  server.RaftServerConfigKeys (ConfUtils.java:logGet(44)) - raft.server.leaderelection.leader.step-down.wait-time = 10s (default)
2021-10-28 01:49:25,232 [pool-562-thread-1] INFO  server.RaftServerConfigKeys (ConfUtils.java:logGet(44)) - raft.server.sleep.deviation.threshold = 300ms (default)
2021-10-28 01:49:25,232 [pool-562-thread-1] INFO  server.RaftServerConfigKeys (ConfUtils.java:logGet(44)) - raft.server.log.appender.install.snapshot.enabled = false (custom)
2021-10-28 01:49:25,232 [pool-562-thread-1] INFO  server.RaftServer$Division (ServerState.java:<init>(105)) - 850b4870-9ae5-4bfa-bbd2-f1f242dff33d@group-887D28601A48: ConfigurationManager, init=-1: [850b4870-9ae5-4bfa-bbd2-f1f242dff33d|rpc:10.1.0.29:35637|priority:1], old=null, confs=<EMPTY_MAP>
2021-10-28 01:49:25,232 [pool-562-thread-1] INFO  server.RaftServerConfigKeys (ConfUtils.java:logGet(44)) - raft.server.storage.dir = [/home/runner/work/ozone/ozone/hadoop-ozone/integration-test/target/test-dir/MiniOzoneClusterImpl-0566475b-15f3-492a-9b28-f78457f271af/datanode-3/data/ratis] (custom)
2021-10-28 01:49:25,232 [pool-562-thread-1] INFO  server.RaftServerConfigKeys (ConfUtils.java:logGet(44)) - raft.server.log.corruption.policy = EXCEPTION (default)
2021-10-28 01:49:25,232 [pool-562-thread-1] INFO  server.RaftServerConfigKeys (ConfUtils.java:logGet(44)) - raft.server.storage.free-space.min = 0MB (=0) (default)
2021-10-28 01:49:25,233 [pool-562-thread-1] INFO  storage.RaftStorageDirectory (RaftStorageDirectoryImpl.java:analyzeStorage(135)) - The storage directory /home/runner/work/ozone/ozone/hadoop-ozone/integration-test/target/test-dir/MiniOzoneClusterImpl-0566475b-15f3-492a-9b28-f78457f271af/datanode-3/data/ratis/912ce479-1254-4f62-8658-887d28601a48 does not exist. Creating ...
2021-10-28 01:49:25,251 [pool-562-thread-1] INFO  storage.RaftStorageDirectory (RaftStorageDirectoryImpl.java:tryLock(230)) - Lock on /home/runner/work/ozone/ozone/hadoop-ozone/integration-test/target/test-dir/MiniOzoneClusterImpl-0566475b-15f3-492a-9b28-f78457f271af/datanode-3/data/ratis/912ce479-1254-4f62-8658-887d28601a48/in_use.lock acquired by nodename 734@fv-az270-135
2021-10-28 01:49:25,254 [pool-562-thread-1] INFO  storage.RaftStorage (RaftStorageImpl.java:format(89)) - Storage directory /home/runner/work/ozone/ozone/hadoop-ozone/integration-test/target/test-dir/MiniOzoneClusterImpl-0566475b-15f3-492a-9b28-f78457f271af/datanode-3/data/ratis/912ce479-1254-4f62-8658-887d28601a48 has been successfully formatted.
2021-10-28 01:49:25,294 [pool-562-thread-1] INFO  ratis.ContainerStateMachine (ContainerStateMachine.java:loadSnapshot(224)) - group-887D28601A48: The snapshot info is null. Setting the last applied indexto:(t:0, i:~)
2021-10-28 01:49:25,295 [pool-562-thread-1] INFO  server.RaftServerConfigKeys (ConfUtils.java:logGet(44)) - raft.server.notification.no-leader.timeout = 300000ms (custom)
2021-10-28 01:49:25,295 [pool-562-thread-1] INFO  server.RaftServerConfigKeys (ConfUtils.java:logGet(44)) - raft.server.log.use.memory = false (default)
2021-10-28 01:49:25,295 [pool-562-thread-1] INFO  server.RaftServerConfigKeys (ConfUtils.java:logGet(44)) - raft.server.log.purge.gap = 1000000 (custom)
2021-10-28 01:49:25,295 [pool-562-thread-1] INFO  server.RaftServerConfigKeys (ConfUtils.java:logGet(44)) - raft.server.log.appender.buffer.byte-limit = 33554432 (custom)
2021-10-28 01:49:25,296 [EventQueue-PipelineReportForPipelineReportHandler] INFO  pipeline.PipelineManagerImpl (PipelineManagerImpl.java:openPipeline(289)) - Pipeline Pipeline[ Id: 912ce479-1254-4f62-8658-887d28601a48, Nodes: 850b4870-9ae5-4bfa-bbd2-f1f242dff33d{ip: 10.1.0.29, host: fv-az270-135.tacnzluakwdehk1hpragurqkma.bx.internal.cloudapp.net, ports: [REPLICATION=39677, RATIS=35637, RATIS_ADMIN=35637, RATIS_SERVER=35637, STANDALONE=41253], networkLocation: /default-rack, certSerialId: null, persistedOpState: IN_SERVICE, persistedOpStateExpiryEpochSec: 0}, ReplicationConfig: RATIS/ONE, State:ALLOCATED, leaderId:850b4870-9ae5-4bfa-bbd2-f1f242dff33d, CreationTimestamp2021-10-28T01:49:22.229Z[Etc/UTC]] moved to OPEN state
2021-10-28 01:49:25,296 [pool-562-thread-1] INFO  server.RaftServerConfigKeys (ConfUtils.java:logGet(44)) - raft.server.log.segment.size.max = 1048576 (custom)
2021-10-28 01:49:25,297 [EventQueue-OpenPipelineForHealthyPipelineSafeModeRule] INFO  safemode.SCMSafeModeManager (HealthyPipelineSafeModeRule.java:process(124)) - SCM in safe mode. Healthy pipelines reported count is 0, required healthy pipeline reported count is 1
2021-10-28 01:49:25,297 [pool-562-thread-1] INFO  server.RaftServerConfigKeys (ConfUtils.java:logGet(44)) - raft.server.log.segment.cache.num.max = 2 (custom)
2021-10-28 01:49:25,297 [pool-562-thread-1] INFO  server.RaftServerConfigKeys (ConfUtils.java:logGet(44)) - raft.server.log.segment.cache.size.max = 200MB (=209715200) (default)
2021-10-28 01:49:25,297 [pool-562-thread-1] INFO  segmented.SegmentedRaftLogWorker (SegmentedRaftLogWorker.java:<init>(182)) - new 850b4870-9ae5-4bfa-bbd2-f1f242dff33d@group-887D28601A48-SegmentedRaftLogWorker for RaftStorageImpl:Storage Directory /home/runner/work/ozone/ozone/hadoop-ozone/integration-test/target/test-dir/MiniOzoneClusterImpl-0566475b-15f3-492a-9b28-f78457f271af/datanode-3/data/ratis/912ce479-1254-4f62-8658-887d28601a48
2021-10-28 01:49:25,297 [pool-562-thread-1] INFO  server.RaftServerConfigKeys (ConfUtils.java:logGet(44)) - raft.server.log.queue.byte-limit = 2147483647 (custom)
2021-10-28 01:49:25,298 [pool-562-thread-1] INFO  server.RaftServerConfigKeys (ConfUtils.java:logGet(44)) - raft.server.log.queue.element-limit = 1024 (custom)
2021-10-28 01:49:25,298 [pool-562-thread-1] INFO  server.RaftServerConfigKeys (ConfUtils.java:logGet(44)) - raft.server.log.segment.size.max = 1048576 (custom)
2021-10-28 01:49:25,298 [pool-562-thread-1] INFO  server.RaftServerConfigKeys (ConfUtils.java:logGet(44)) - raft.server.log.preallocated.size = 16384 (custom)
2021-10-28 01:49:25,298 [pool-562-thread-1] INFO  server.RaftServerConfigKeys (ConfUtils.java:logGet(44)) - raft.server.log.force.sync.num = 128 (default)
2021-10-28 01:49:25,298 [pool-562-thread-1] INFO  server.RaftServerConfigKeys (ConfUtils.java:logGet(44)) - raft.server.log.statemachine.data.sync = true (default)
2021-10-28 01:49:25,298 [pool-562-thread-1] INFO  server.RaftServerConfigKeys (ConfUtils.java:logGet(44)) - raft.server.log.statemachine.data.sync.timeout = 10s (default)
2021-10-28 01:49:25,298 [pool-562-thread-1] INFO  server.RaftServerConfigKeys (ConfUtils.java:logGet(44)) - raft.server.log.statemachine.data.sync.timeout.retry = -1 (default)
2021-10-28 01:49:25,311 [pool-562-thread-1] INFO  server.RaftServerConfigKeys (ConfUtils.java:logGet(44)) - raft.server.log.write.buffer.size = 1048576 (custom)
2021-10-28 01:49:25,312 [pool-562-thread-1] INFO  server.RaftServerConfigKeys (ConfUtils.java:logGet(44)) - raft.server.log.statemachine.data.caching.enabled = true (custom)
2021-10-28 01:49:25,312 [pool-562-thread-1] INFO  segmented.SegmentedRaftLogWorker (SegmentedRaftLogWorker.java:lambda$new$0(133)) - 850b4870-9ae5-4bfa-bbd2-f1f242dff33d@group-887D28601A48-SegmentedRaftLogWorker: flushIndex: setUnconditionally 0 -> -1
2021-10-28 01:49:25,312 [pool-562-thread-1] INFO  segmented.SegmentedRaftLogWorker (SegmentedRaftLogWorker.java:lambda$new$0(133)) - 850b4870-9ae5-4bfa-bbd2-f1f242dff33d@group-887D28601A48-SegmentedRaftLogWorker: safeCacheEvictIndex: setUnconditionally 0 -> -1
2021-10-28 01:49:25,323 [pool-562-thread-1] INFO  server.RaftServerConfigKeys (ConfUtils.java:logGet(44)) - raft.server.snapshot.auto.trigger.enabled = true (custom)
2021-10-28 01:49:25,323 [pool-562-thread-1] INFO  server.RaftServerConfigKeys (ConfUtils.java:logGet(44)) - raft.server.snapshot.auto.trigger.threshold = 10000 (custom)
2021-10-28 01:49:25,323 [pool-562-thread-1] INFO  server.RaftServerConfigKeys (ConfUtils.java:logGet(44)) - raft.server.snapshot.retention.file.num = 5 (custom)
2021-10-28 01:49:25,323 [pool-562-thread-1] INFO  server.RaftServerConfigKeys (ConfUtils.java:logGet(44)) - raft.server.log.purge.upto.snapshot.index = false (default)
2021-10-28 01:49:25,323 [pool-562-thread-1] INFO  server.RaftServerConfigKeys (ConfUtils.java:logGet(44)) - raft.server.retrycache.expirytime = 600000ms (custom)
2021-10-28 01:49:25,323 [pool-562-thread-1] INFO  server.RaftServerConfigKeys (ConfUtils.java:logGet(44)) - raft.server.retrycache.statistics.expirytime = 100μs (default)
2021-10-28 01:49:25,325 [pool-562-thread-1] INFO  server.RaftServer$Division (RaftServerImpl.java:start(301)) - 850b4870-9ae5-4bfa-bbd2-f1f242dff33d@group-887D28601A48: start as a follower, conf=-1: [850b4870-9ae5-4bfa-bbd2-f1f242dff33d|rpc:10.1.0.29:35637|priority:1], old=null
2021-10-28 01:49:25,325 [pool-562-thread-1] INFO  server.RaftServer$Division (RaftServerImpl.java:setRole(290)) - 850b4870-9ae5-4bfa-bbd2-f1f242dff33d@group-887D28601A48: changes role from      null to FOLLOWER at term 0 for startAsFollower
2021-10-28 01:49:25,325 [pool-562-thread-1] INFO  impl.RoleInfo (RoleInfo.java:updateAndGet(130)) - 850b4870-9ae5-4bfa-bbd2-f1f242dff33d: start 850b4870-9ae5-4bfa-bbd2-f1f242dff33d@group-887D28601A48-FollowerState
2021-10-28 01:49:25,326 [pool-562-thread-1] INFO  util.JmxRegister (JmxRegister.java:tryRegister(44)) - Successfully registered JMX Bean with object name Ratis:service=RaftServer,group=group-887D28601A48,id=850b4870-9ae5-4bfa-bbd2-f1f242dff33d
2021-10-28 01:49:25,327 [Command processor thread] INFO  ratis.XceiverServerRatis (XceiverServerRatis.java:addGroup(768)) - Created group PipelineID=912ce479-1254-4f62-8658-887d28601a48
2021-10-28 01:49:25,327 [Command processor thread] INFO  commandhandler.CreatePipelineCommandHandler (CreatePipelineCommandHandler.java:handle(106)) - Created Pipeline RATIS ONE PipelineID=912ce479-1254-4f62-8658-887d28601a48.
2021-10-28 01:49:25,327 [Command processor thread] INFO  server.RaftServer (RaftServerProxy.java:addNew(95)) - 850b4870-9ae5-4bfa-bbd2-f1f242dff33d: addNew group-CDFD84D3B5C4:[850b4870-9ae5-4bfa-bbd2-f1f242dff33d|rpc:10.1.0.29:35637|priority:0, 31d6ae09-1bf4-4ff4-9532-94f29ed1392e|rpc:10.1.0.29:44047|priority:1, 43ee2308-4bff-4c12-a476-7906f102dfb0|rpc:10.1.0.29:33053|priority:0] returns group-CDFD84D3B5C4:java.util.concurrent.CompletableFuture@367e15e9[Not completed]
2021-10-28 01:49:25,332 [pool-562-thread-1] INFO  server.RaftServer$Division (RaftServerImpl.java:<init>(184)) - 850b4870-9ae5-4bfa-bbd2-f1f242dff33d: new RaftServerImpl for group-CDFD84D3B5C4:[850b4870-9ae5-4bfa-bbd2-f1f242dff33d|rpc:10.1.0.29:35637|priority:0, 31d6ae09-1bf4-4ff4-9532-94f29ed1392e|rpc:10.1.0.29:44047|priority:1, 43ee2308-4bff-4c12-a476-7906f102dfb0|rpc:10.1.0.29:33053|priority:0] with ContainerStateMachine:uninitialized
2021-10-28 01:49:25,332 [pool-562-thread-1] INFO  server.RaftServerConfigKeys (ConfUtils.java:logGet(44)) - raft.server.rpc.timeout.min = 5s (custom)
2021-10-28 01:49:25,332 [pool-562-thread-1] INFO  server.RaftServerConfigKeys (ConfUtils.java:logGet(44)) - raft.server.rpc.timeout.max = 5200ms (custom)
2021-10-28 01:49:25,332 [pool-562-thread-1] INFO  server.RaftServerConfigKeys (ConfUtils.java:logGet(44)) - raft.server.rpc.sleep.time = 25ms (default)
2021-10-28 01:49:25,332 [pool-562-thread-1] INFO  server.RaftServerConfigKeys (ConfUtils.java:logGet(44)) - raft.server.rpc.slowness.timeout = 300000ms (custom)
2021-10-28 01:49:25,332 [pool-562-thread-1] INFO  server.RaftServerConfigKeys (ConfUtils.java:logGet(44)) - raft.server.leaderelection.leader.step-down.wait-time = 10s (default)
2021-10-28 01:49:25,332 [pool-562-thread-1] INFO  server.RaftServerConfigKeys (ConfUtils.java:logGet(44)) - raft.server.sleep.deviation.threshold = 300ms (default)
2021-10-28 01:49:25,332 [pool-562-thread-1] INFO  server.RaftServerConfigKeys (ConfUtils.java:logGet(44)) - raft.server.log.appender.install.snapshot.enabled = false (custom)
2021-10-28 01:49:25,332 [pool-562-thread-1] INFO  server.RaftServer$Division (ServerState.java:<init>(105)) - 850b4870-9ae5-4bfa-bbd2-f1f242dff33d@group-CDFD84D3B5C4: ConfigurationManager, init=-1: [850b4870-9ae5-4bfa-bbd2-f1f242dff33d|rpc:10.1.0.29:35637|priority:0, 31d6ae09-1bf4-4ff4-9532-94f29ed1392e|rpc:10.1.0.29:44047|priority:1, 43ee2308-4bff-4c12-a476-7906f102dfb0|rpc:10.1.0.29:33053|priority:0], old=null, confs=<EMPTY_MAP>
2021-10-28 01:49:25,332 [pool-562-thread-1] INFO  server.RaftServerConfigKeys (ConfUtils.java:logGet(44)) - raft.server.storage.dir = [/home/runner/work/ozone/ozone/hadoop-ozone/integration-test/target/test-dir/MiniOzoneClusterImpl-0566475b-15f3-492a-9b28-f78457f271af/datanode-3/data/ratis] (custom)
2021-10-28 01:49:25,332 [pool-562-thread-1] INFO  server.RaftServerConfigKeys (ConfUtils.java:logGet(44)) - raft.server.log.corruption.policy = EXCEPTION (default)
2021-10-28 01:49:25,332 [pool-562-thread-1] INFO  server.RaftServerConfigKeys (ConfUtils.java:logGet(44)) - raft.server.storage.free-space.min = 0MB (=0) (default)
2021-10-28 01:49:25,332 [pool-562-thread-1] INFO  storage.RaftStorageDirectory (RaftStorageDirectoryImpl.java:analyzeStorage(135)) - The storage directory /home/runner/work/ozone/ozone/hadoop-ozone/integration-test/target/test-dir/MiniOzoneClusterImpl-0566475b-15f3-492a-9b28-f78457f271af/datanode-3/data/ratis/b21a688c-33a3-4df7-a4a3-cdfd84d3b5c4 does not exist. Creating ...
2021-10-28 01:49:25,337 [pool-562-thread-1] INFO  storage.RaftStorageDirectory (RaftStorageDirectoryImpl.java:tryLock(230)) - Lock on /home/runner/work/ozone/ozone/hadoop-ozone/integration-test/target/test-dir/MiniOzoneClusterImpl-0566475b-15f3-492a-9b28-f78457f271af/datanode-3/data/ratis/b21a688c-33a3-4df7-a4a3-cdfd84d3b5c4/in_use.lock acquired by nodename 734@fv-az270-135
2021-10-28 01:49:25,374 [pool-562-thread-1] INFO  storage.RaftStorage (RaftStorageImpl.java:format(89)) - Storage directory /home/runner/work/ozone/ozone/hadoop-ozone/integration-test/target/test-dir/MiniOzoneClusterImpl-0566475b-15f3-492a-9b28-f78457f271af/datanode-3/data/ratis/b21a688c-33a3-4df7-a4a3-cdfd84d3b5c4 has been successfully formatted.
2021-10-28 01:49:25,374 [pool-562-thread-1] INFO  ratis.ContainerStateMachine (ContainerStateMachine.java:loadSnapshot(224)) - group-CDFD84D3B5C4: The snapshot info is null. Setting the last applied indexto:(t:0, i:~)
2021-10-28 01:49:25,374 [pool-562-thread-1] INFO  server.RaftServerConfigKeys (ConfUtils.java:logGet(44)) - raft.server.notification.no-leader.timeout = 300000ms (custom)
2021-10-28 01:49:25,374 [pool-562-thread-1] INFO  server.RaftServerConfigKeys (ConfUtils.java:logGet(44)) - raft.server.log.use.memory = false (default)
2021-10-28 01:49:25,374 [pool-562-thread-1] INFO  server.RaftServerConfigKeys (ConfUtils.java:logGet(44)) - raft.server.log.purge.gap = 1000000 (custom)
2021-10-28 01:49:25,374 [pool-562-thread-1] INFO  server.RaftServerConfigKeys (ConfUtils.java:logGet(44)) - raft.server.log.appender.buffer.byte-limit = 33554432 (custom)
2021-10-28 01:49:25,375 [pool-562-thread-1] INFO  server.RaftServerConfigKeys (ConfUtils.java:logGet(44)) - raft.server.log.segment.size.max = 1048576 (custom)
2021-10-28 01:49:25,375 [pool-562-thread-1] INFO  server.RaftServerConfigKeys (ConfUtils.java:logGet(44)) - raft.server.log.segment.cache.num.max = 2 (custom)
2021-10-28 01:49:25,375 [pool-562-thread-1] INFO  server.RaftServerConfigKeys (ConfUtils.java:logGet(44)) - raft.server.log.segment.cache.size.max = 200MB (=209715200) (default)
2021-10-28 01:49:25,375 [pool-562-thread-1] INFO  segmented.SegmentedRaftLogWorker (SegmentedRaftLogWorker.java:<init>(182)) - new 850b4870-9ae5-4bfa-bbd2-f1f242dff33d@group-CDFD84D3B5C4-SegmentedRaftLogWorker for RaftStorageImpl:Storage Directory /home/runner/work/ozone/ozone/hadoop-ozone/integration-test/target/test-dir/MiniOzoneClusterImpl-0566475b-15f3-492a-9b28-f78457f271af/datanode-3/data/ratis/b21a688c-33a3-4df7-a4a3-cdfd84d3b5c4
2021-10-28 01:49:25,375 [pool-562-thread-1] INFO  server.RaftServerConfigKeys (ConfUtils.java:logGet(44)) - raft.server.log.queue.byte-limit = 2147483647 (custom)
2021-10-28 01:49:25,375 [pool-562-thread-1] INFO  server.RaftServerConfigKeys (ConfUtils.java:logGet(44)) - raft.server.log.queue.element-limit = 1024 (custom)
2021-10-28 01:49:25,375 [pool-562-thread-1] INFO  server.RaftServerConfigKeys (ConfUtils.java:logGet(44)) - raft.server.log.segment.size.max = 1048576 (custom)
2021-10-28 01:49:25,375 [pool-562-thread-1] INFO  server.RaftServerConfigKeys (ConfUtils.java:logGet(44)) - raft.server.log.preallocated.size = 16384 (custom)
2021-10-28 01:49:25,376 [pool-562-thread-1] INFO  server.RaftServerConfigKeys (ConfUtils.java:logGet(44)) - raft.server.log.force.sync.num = 128 (default)
2021-10-28 01:49:25,376 [pool-562-thread-1] INFO  server.RaftServerConfigKeys (ConfUtils.java:logGet(44)) - raft.server.log.statemachine.data.sync = true (default)
2021-10-28 01:49:25,376 [pool-562-thread-1] INFO  server.RaftServerConfigKeys (ConfUtils.java:logGet(44)) - raft.server.log.statemachine.data.sync.timeout = 10s (default)
2021-10-28 01:49:25,376 [pool-562-thread-1] INFO  server.RaftServerConfigKeys (ConfUtils.java:logGet(44)) - raft.server.log.statemachine.data.sync.timeout.retry = -1 (default)
2021-10-28 01:49:25,377 [pool-562-thread-1] INFO  server.RaftServerConfigKeys (ConfUtils.java:logGet(44)) - raft.server.log.write.buffer.size = 1048576 (custom)
2021-10-28 01:49:25,377 [pool-562-thread-1] INFO  server.RaftServerConfigKeys (ConfUtils.java:logGet(44)) - raft.server.log.statemachine.data.caching.enabled = true (custom)
2021-10-28 01:49:25,377 [pool-562-thread-1] INFO  segmented.SegmentedRaftLogWorker (SegmentedRaftLogWorker.java:lambda$new$0(133)) - 850b4870-9ae5-4bfa-bbd2-f1f242dff33d@group-CDFD84D3B5C4-SegmentedRaftLogWorker: flushIndex: setUnconditionally 0 -> -1
2021-10-28 01:49:25,377 [pool-562-thread-1] INFO  segmented.SegmentedRaftLogWorker (SegmentedRaftLogWorker.java:lambda$new$0(133)) - 850b4870-9ae5-4bfa-bbd2-f1f242dff33d@group-CDFD84D3B5C4-SegmentedRaftLogWorker: safeCacheEvictIndex: setUnconditionally 0 -> -1
2021-10-28 01:49:25,378 [pool-562-thread-1] INFO  server.RaftServerConfigKeys (ConfUtils.java:logGet(44)) - raft.server.snapshot.auto.trigger.enabled = true (custom)
2021-10-28 01:49:25,378 [pool-562-thread-1] INFO  server.RaftServerConfigKeys (ConfUtils.java:logGet(44)) - raft.server.snapshot.auto.trigger.threshold = 10000 (custom)
2021-10-28 01:49:25,378 [pool-562-thread-1] INFO  server.RaftServerConfigKeys (ConfUtils.java:logGet(44)) - raft.server.snapshot.retention.file.num = 5 (custom)
2021-10-28 01:49:25,378 [pool-562-thread-1] INFO  server.RaftServerConfigKeys (ConfUtils.java:logGet(44)) - raft.server.log.purge.upto.snapshot.index = false (default)
2021-10-28 01:49:25,378 [pool-562-thread-1] INFO  server.RaftServerConfigKeys (ConfUtils.java:logGet(44)) - raft.server.retrycache.expirytime = 600000ms (custom)
2021-10-28 01:49:25,378 [pool-562-thread-1] INFO  server.RaftServerConfigKeys (ConfUtils.java:logGet(44)) - raft.server.retrycache.statistics.expirytime = 100μs (default)
2021-10-28 01:49:25,380 [pool-562-thread-1] INFO  server.RaftServer$Division (RaftServerImpl.java:start(301)) - 850b4870-9ae5-4bfa-bbd2-f1f242dff33d@group-CDFD84D3B5C4: start as a follower, conf=-1: [850b4870-9ae5-4bfa-bbd2-f1f242dff33d|rpc:10.1.0.29:35637|priority:0, 31d6ae09-1bf4-4ff4-9532-94f29ed1392e|rpc:10.1.0.29:44047|priority:1, 43ee2308-4bff-4c12-a476-7906f102dfb0|rpc:10.1.0.29:33053|priority:0], old=null
2021-10-28 01:49:25,380 [pool-562-thread-1] INFO  server.RaftServer$Division (RaftServerImpl.java:setRole(290)) - 850b4870-9ae5-4bfa-bbd2-f1f242dff33d@group-CDFD84D3B5C4: changes role from      null to FOLLOWER at term 0 for startAsFollower
2021-10-28 01:49:25,380 [pool-562-thread-1] INFO  impl.RoleInfo (RoleInfo.java:updateAndGet(130)) - 850b4870-9ae5-4bfa-bbd2-f1f242dff33d: start 850b4870-9ae5-4bfa-bbd2-f1f242dff33d@group-CDFD84D3B5C4-FollowerState
2021-10-28 01:49:25,380 [pool-562-thread-1] INFO  util.JmxRegister (JmxRegister.java:tryRegister(44)) - Successfully registered JMX Bean with object name Ratis:service=RaftServer,group=group-CDFD84D3B5C4,id=850b4870-9ae5-4bfa-bbd2-f1f242dff33d
2021-10-28 01:49:25,381 [Command processor thread] INFO  ratis.XceiverServerRatis (XceiverServerRatis.java:addGroup(768)) - Created group PipelineID=b21a688c-33a3-4df7-a4a3-cdfd84d3b5c4
2021-10-28 01:49:25,407 [grpc-default-executor-0] INFO  server.RaftServer (RaftServerProxy.java:addNew(95)) - 43ee2308-4bff-4c12-a476-7906f102dfb0: addNew group-CDFD84D3B5C4:[850b4870-9ae5-4bfa-bbd2-f1f242dff33d|rpc:10.1.0.29:35637|dataStream:|priority:0, 31d6ae09-1bf4-4ff4-9532-94f29ed1392e|rpc:10.1.0.29:44047|dataStream:|priority:1, 43ee2308-4bff-4c12-a476-7906f102dfb0|rpc:10.1.0.29:33053|dataStream:|priority:0] returns group-CDFD84D3B5C4:java.util.concurrent.CompletableFuture@2a08bc0e[Not completed]
2021-10-28 01:49:25,471 [EventQueue-OpenPipelineForHealthyPipelineSafeModeRule] INFO  safemode.SCMSafeModeManager (HealthyPipelineSafeModeRule.java:process(124)) - SCM in safe mode. Healthy pipelines reported count is 0, required healthy pipeline reported count is 1
2021-10-28 01:49:25,472 [pool-581-thread-1] INFO  server.RaftServer$Division (RaftServerImpl.java:<init>(184)) - 43ee2308-4bff-4c12-a476-7906f102dfb0: new RaftServerImpl for group-CDFD84D3B5C4:[850b4870-9ae5-4bfa-bbd2-f1f242dff33d|rpc:10.1.0.29:35637|dataStream:|priority:0, 31d6ae09-1bf4-4ff4-9532-94f29ed1392e|rpc:10.1.0.29:44047|dataStream:|priority:1, 43ee2308-4bff-4c12-a476-7906f102dfb0|rpc:10.1.0.29:33053|dataStream:|priority:0] with ContainerStateMachine:uninitialized
2021-10-28 01:49:25,472 [pool-581-thread-1] INFO  server.RaftServerConfigKeys (ConfUtils.java:logGet(44)) - raft.server.rpc.timeout.min = 5s (custom)
2021-10-28 01:49:25,472 [pool-581-thread-1] INFO  server.RaftServerConfigKeys (ConfUtils.java:logGet(44)) - raft.server.rpc.timeout.max = 5200ms (custom)
2021-10-28 01:49:25,472 [pool-581-thread-1] INFO  server.RaftServerConfigKeys (ConfUtils.java:logGet(44)) - raft.server.rpc.sleep.time = 25ms (default)
2021-10-28 01:49:25,472 [pool-581-thread-1] INFO  server.RaftServerConfigKeys (ConfUtils.java:logGet(44)) - raft.server.rpc.slowness.timeout = 300000ms (custom)
2021-10-28 01:49:25,472 [pool-581-thread-1] INFO  server.RaftServerConfigKeys (ConfUtils.java:logGet(44)) - raft.server.leaderelection.leader.step-down.wait-time = 10s (default)
2021-10-28 01:49:25,472 [pool-581-thread-1] INFO  server.RaftServerConfigKeys (ConfUtils.java:logGet(44)) - raft.server.sleep.deviation.threshold = 300ms (default)
2021-10-28 01:49:25,472 [pool-581-thread-1] INFO  server.RaftServerConfigKeys (ConfUtils.java:logGet(44)) - raft.server.log.appender.install.snapshot.enabled = false (custom)
2021-10-28 01:49:25,473 [pool-581-thread-1] INFO  server.RaftServer$Division (ServerState.java:<init>(105)) - 43ee2308-4bff-4c12-a476-7906f102dfb0@group-CDFD84D3B5C4: ConfigurationManager, init=-1: [850b4870-9ae5-4bfa-bbd2-f1f242dff33d|rpc:10.1.0.29:35637|dataStream:|priority:0, 31d6ae09-1bf4-4ff4-9532-94f29ed1392e|rpc:10.1.0.29:44047|dataStream:|priority:1, 43ee2308-4bff-4c12-a476-7906f102dfb0|rpc:10.1.0.29:33053|dataStream:|priority:0], old=null, confs=<EMPTY_MAP>
2021-10-28 01:49:25,473 [pool-581-thread-1] INFO  server.RaftServerConfigKeys (ConfUtils.java:logGet(44)) - raft.server.storage.dir = [/home/runner/work/ozone/ozone/hadoop-ozone/integration-test/target/test-dir/MiniOzoneClusterImpl-0566475b-15f3-492a-9b28-f78457f271af/datanode-4/data/ratis] (custom)
2021-10-28 01:49:25,473 [pool-581-thread-1] INFO  server.RaftServerConfigKeys (ConfUtils.java:logGet(44)) - raft.server.log.corruption.policy = EXCEPTION (default)
2021-10-28 01:49:25,473 [pool-581-thread-1] INFO  server.RaftServerConfigKeys (ConfUtils.java:logGet(44)) - raft.server.storage.free-space.min = 0MB (=0) (default)
2021-10-28 01:49:25,473 [pool-581-thread-1] INFO  storage.RaftStorageDirectory (RaftStorageDirectoryImpl.java:analyzeStorage(135)) - The storage directory /home/runner/work/ozone/ozone/hadoop-ozone/integration-test/target/test-dir/MiniOzoneClusterImpl-0566475b-15f3-492a-9b28-f78457f271af/datanode-4/data/ratis/b21a688c-33a3-4df7-a4a3-cdfd84d3b5c4 does not exist. Creating ...
2021-10-28 01:49:25,476 [pool-581-thread-1] INFO  storage.RaftStorageDirectory (RaftStorageDirectoryImpl.java:tryLock(230)) - Lock on /home/runner/work/ozone/ozone/hadoop-ozone/integration-test/target/test-dir/MiniOzoneClusterImpl-0566475b-15f3-492a-9b28-f78457f271af/datanode-4/data/ratis/b21a688c-33a3-4df7-a4a3-cdfd84d3b5c4/in_use.lock acquired by nodename 734@fv-az270-135
2021-10-28 01:49:25,480 [pool-581-thread-1] INFO  storage.RaftStorage (RaftStorageImpl.java:format(89)) - Storage directory /home/runner/work/ozone/ozone/hadoop-ozone/integration-test/target/test-dir/MiniOzoneClusterImpl-0566475b-15f3-492a-9b28-f78457f271af/datanode-4/data/ratis/b21a688c-33a3-4df7-a4a3-cdfd84d3b5c4 has been successfully formatted.
2021-10-28 01:49:25,486 [pool-581-thread-1] INFO  ratis.ContainerStateMachine (ContainerStateMachine.java:loadSnapshot(224)) - group-CDFD84D3B5C4: The snapshot info is null. Setting the last applied indexto:(t:0, i:~)
2021-10-28 01:49:25,486 [pool-581-thread-1] INFO  server.RaftServerConfigKeys (ConfUtils.java:logGet(44)) - raft.server.notification.no-leader.timeout = 300000ms (custom)
2021-10-28 01:49:25,486 [pool-581-thread-1] INFO  server.RaftServerConfigKeys (ConfUtils.java:logGet(44)) - raft.server.log.use.memory = false (default)
2021-10-28 01:49:25,486 [pool-581-thread-1] INFO  server.RaftServerConfigKeys (ConfUtils.java:logGet(44)) - raft.server.log.purge.gap = 1000000 (custom)
2021-10-28 01:49:25,486 [pool-581-thread-1] INFO  server.RaftServerConfigKeys (ConfUtils.java:logGet(44)) - raft.server.log.appender.buffer.byte-limit = 33554432 (custom)
2021-10-28 01:49:25,486 [pool-581-thread-1] INFO  server.RaftServerConfigKeys (ConfUtils.java:logGet(44)) - raft.server.log.segment.size.max = 1048576 (custom)
2021-10-28 01:49:25,487 [pool-581-thread-1] INFO  server.RaftServerConfigKeys (ConfUtils.java:logGet(44)) - raft.server.log.segment.cache.num.max = 2 (custom)
2021-10-28 01:49:25,487 [pool-581-thread-1] INFO  server.RaftServerConfigKeys (ConfUtils.java:logGet(44)) - raft.server.log.segment.cache.size.max = 200MB (=209715200) (default)
2021-10-28 01:49:25,487 [pool-581-thread-1] INFO  segmented.SegmentedRaftLogWorker (SegmentedRaftLogWorker.java:<init>(182)) - new 43ee2308-4bff-4c12-a476-7906f102dfb0@group-CDFD84D3B5C4-SegmentedRaftLogWorker for RaftStorageImpl:Storage Directory /home/runner/work/ozone/ozone/hadoop-ozone/integration-test/target/test-dir/MiniOzoneClusterImpl-0566475b-15f3-492a-9b28-f78457f271af/datanode-4/data/ratis/b21a688c-33a3-4df7-a4a3-cdfd84d3b5c4
2021-10-28 01:49:25,487 [pool-581-thread-1] INFO  server.RaftServerConfigKeys (ConfUtils.java:logGet(44)) - raft.server.log.queue.byte-limit = 2147483647 (custom)
2021-10-28 01:49:25,487 [pool-581-thread-1] INFO  server.RaftServerConfigKeys (ConfUtils.java:logGet(44)) - raft.server.log.queue.element-limit = 1024 (custom)
2021-10-28 01:49:25,487 [pool-581-thread-1] INFO  server.RaftServerConfigKeys (ConfUtils.java:logGet(44)) - raft.server.log.segment.size.max = 1048576 (custom)
2021-10-28 01:49:25,487 [pool-581-thread-1] INFO  server.RaftServerConfigKeys (ConfUtils.java:logGet(44)) - raft.server.log.preallocated.size = 16384 (custom)
2021-10-28 01:49:25,487 [pool-581-thread-1] INFO  server.RaftServerConfigKeys (ConfUtils.java:logGet(44)) - raft.server.log.force.sync.num = 128 (default)
2021-10-28 01:49:25,487 [pool-581-thread-1] INFO  server.RaftServerConfigKeys (ConfUtils.java:logGet(44)) - raft.server.log.statemachine.data.sync = true (default)
2021-10-28 01:49:25,487 [pool-581-thread-1] INFO  server.RaftServerConfigKeys (ConfUtils.java:logGet(44)) - raft.server.log.statemachine.data.sync.timeout = 10s (default)
2021-10-28 01:49:25,487 [pool-581-thread-1] INFO  server.RaftServerConfigKeys (ConfUtils.java:logGet(44)) - raft.server.log.statemachine.data.sync.timeout.retry = -1 (default)
2021-10-28 01:49:25,488 [pool-581-thread-1] INFO  server.RaftServerConfigKeys (ConfUtils.java:logGet(44)) - raft.server.log.write.buffer.size = 1048576 (custom)
2021-10-28 01:49:25,488 [pool-581-thread-1] INFO  server.RaftServerConfigKeys (ConfUtils.java:logGet(44)) - raft.server.log.statemachine.data.caching.enabled = true (custom)
2021-10-28 01:49:25,488 [pool-581-thread-1] INFO  segmented.SegmentedRaftLogWorker (SegmentedRaftLogWorker.java:lambda$new$0(133)) - 43ee2308-4bff-4c12-a476-7906f102dfb0@group-CDFD84D3B5C4-SegmentedRaftLogWorker: flushIndex: setUnconditionally 0 -> -1
2021-10-28 01:49:25,488 [pool-581-thread-1] INFO  segmented.SegmentedRaftLogWorker (SegmentedRaftLogWorker.java:lambda$new$0(133)) - 43ee2308-4bff-4c12-a476-7906f102dfb0@group-CDFD84D3B5C4-SegmentedRaftLogWorker: safeCacheEvictIndex: setUnconditionally 0 -> -1
2021-10-28 01:49:25,491 [pool-581-thread-1] INFO  server.RaftServerConfigKeys (ConfUtils.java:logGet(44)) - raft.server.snapshot.auto.trigger.enabled = true (custom)
2021-10-28 01:49:25,491 [pool-581-thread-1] INFO  server.RaftServerConfigKeys (ConfUtils.java:logGet(44)) - raft.server.snapshot.auto.trigger.threshold = 10000 (custom)
2021-10-28 01:49:25,491 [pool-581-thread-1] INFO  server.RaftServerConfigKeys (ConfUtils.java:logGet(44)) - raft.server.snapshot.retention.file.num = 5 (custom)
2021-10-28 01:49:25,491 [pool-581-thread-1] INFO  server.RaftServerConfigKeys (ConfUtils.java:logGet(44)) - raft.server.log.purge.upto.snapshot.index = false (default)
2021-10-28 01:49:25,491 [pool-581-thread-1] INFO  server.RaftServerConfigKeys (ConfUtils.java:logGet(44)) - raft.server.retrycache.expirytime = 600000ms (custom)
2021-10-28 01:49:25,491 [pool-581-thread-1] INFO  server.RaftServerConfigKeys (ConfUtils.java:logGet(44)) - raft.server.retrycache.statistics.expirytime = 100μs (default)
2021-10-28 01:49:25,493 [pool-581-thread-1] INFO  server.RaftServer$Division (RaftServerImpl.java:start(301)) - 43ee2308-4bff-4c12-a476-7906f102dfb0@group-CDFD84D3B5C4: start as a follower, conf=-1: [850b4870-9ae5-4bfa-bbd2-f1f242dff33d|rpc:10.1.0.29:35637|dataStream:|priority:0, 31d6ae09-1bf4-4ff4-9532-94f29ed1392e|rpc:10.1.0.29:44047|dataStream:|priority:1, 43ee2308-4bff-4c12-a476-7906f102dfb0|rpc:10.1.0.29:33053|dataStream:|priority:0], old=null
2021-10-28 01:49:25,493 [pool-581-thread-1] INFO  server.RaftServer$Division (RaftServerImpl.java:setRole(290)) - 43ee2308-4bff-4c12-a476-7906f102dfb0@group-CDFD84D3B5C4: changes role from      null to FOLLOWER at term 0 for startAsFollower
2021-10-28 01:49:25,493 [pool-581-thread-1] INFO  impl.RoleInfo (RoleInfo.java:updateAndGet(130)) - 43ee2308-4bff-4c12-a476-7906f102dfb0: start 43ee2308-4bff-4c12-a476-7906f102dfb0@group-CDFD84D3B5C4-FollowerState
2021-10-28 01:49:25,507 [pool-581-thread-1] INFO  util.JmxRegister (JmxRegister.java:tryRegister(44)) - Successfully registered JMX Bean with object name Ratis:service=RaftServer,group=group-CDFD84D3B5C4,id=43ee2308-4bff-4c12-a476-7906f102dfb0
2021-10-28 01:49:25,587 [grpc-default-executor-0] INFO  server.RaftServer (RaftServerProxy.java:addNew(95)) - 31d6ae09-1bf4-4ff4-9532-94f29ed1392e: addNew group-CDFD84D3B5C4:[850b4870-9ae5-4bfa-bbd2-f1f242dff33d|rpc:10.1.0.29:35637|dataStream:|priority:0, 31d6ae09-1bf4-4ff4-9532-94f29ed1392e|rpc:10.1.0.29:44047|dataStream:|priority:1, 43ee2308-4bff-4c12-a476-7906f102dfb0|rpc:10.1.0.29:33053|dataStream:|priority:0] returns group-CDFD84D3B5C4:java.util.concurrent.CompletableFuture@512aff3e[Not completed]
2021-10-28 01:49:25,588 [pool-600-thread-1] INFO  server.RaftServer$Division (RaftServerImpl.java:<init>(184)) - 31d6ae09-1bf4-4ff4-9532-94f29ed1392e: new RaftServerImpl for group-CDFD84D3B5C4:[850b4870-9ae5-4bfa-bbd2-f1f242dff33d|rpc:10.1.0.29:35637|dataStream:|priority:0, 31d6ae09-1bf4-4ff4-9532-94f29ed1392e|rpc:10.1.0.29:44047|dataStream:|priority:1, 43ee2308-4bff-4c12-a476-7906f102dfb0|rpc:10.1.0.29:33053|dataStream:|priority:0] with ContainerStateMachine:uninitialized
2021-10-28 01:49:25,588 [pool-600-thread-1] INFO  server.RaftServerConfigKeys (ConfUtils.java:logGet(44)) - raft.server.rpc.timeout.min = 5s (custom)
2021-10-28 01:49:25,588 [pool-600-thread-1] INFO  server.RaftServerConfigKeys (ConfUtils.java:logGet(44)) - raft.server.rpc.timeout.max = 5200ms (custom)
2021-10-28 01:49:25,589 [pool-600-thread-1] INFO  server.RaftServerConfigKeys (ConfUtils.java:logGet(44)) - raft.server.rpc.sleep.time = 25ms (default)
2021-10-28 01:49:25,589 [pool-600-thread-1] INFO  server.RaftServerConfigKeys (ConfUtils.java:logGet(44)) - raft.server.rpc.slowness.timeout = 300000ms (custom)
2021-10-28 01:49:25,589 [pool-600-thread-1] INFO  server.RaftServerConfigKeys (ConfUtils.java:logGet(44)) - raft.server.leaderelection.leader.step-down.wait-time = 10s (default)
2021-10-28 01:49:25,589 [pool-600-thread-1] INFO  server.RaftServerConfigKeys (ConfUtils.java:logGet(44)) - raft.server.sleep.deviation.threshold = 300ms (default)
2021-10-28 01:49:25,589 [pool-600-thread-1] INFO  server.RaftServerConfigKeys (ConfUtils.java:logGet(44)) - raft.server.log.appender.install.snapshot.enabled = false (custom)
2021-10-28 01:49:25,589 [pool-600-thread-1] INFO  server.RaftServer$Division (ServerState.java:<init>(105)) - 31d6ae09-1bf4-4ff4-9532-94f29ed1392e@group-CDFD84D3B5C4: ConfigurationManager, init=-1: [850b4870-9ae5-4bfa-bbd2-f1f242dff33d|rpc:10.1.0.29:35637|dataStream:|priority:0, 31d6ae09-1bf4-4ff4-9532-94f29ed1392e|rpc:10.1.0.29:44047|dataStream:|priority:1, 43ee2308-4bff-4c12-a476-7906f102dfb0|rpc:10.1.0.29:33053|dataStream:|priority:0], old=null, confs=<EMPTY_MAP>
2021-10-28 01:49:25,589 [pool-600-thread-1] INFO  server.RaftServerConfigKeys (ConfUtils.java:logGet(44)) - raft.server.storage.dir = [/home/runner/work/ozone/ozone/hadoop-ozone/integration-test/target/test-dir/MiniOzoneClusterImpl-0566475b-15f3-492a-9b28-f78457f271af/datanode-5/data/ratis] (custom)
2021-10-28 01:49:25,589 [pool-600-thread-1] INFO  server.RaftServerConfigKeys (ConfUtils.java:logGet(44)) - raft.server.log.corruption.policy = EXCEPTION (default)
2021-10-28 01:49:25,589 [pool-600-thread-1] INFO  server.RaftServerConfigKeys (ConfUtils.java:logGet(44)) - raft.server.storage.free-space.min = 0MB (=0) (default)
2021-10-28 01:49:25,589 [pool-600-thread-1] INFO  storage.RaftStorageDirectory (RaftStorageDirectoryImpl.java:analyzeStorage(135)) - The storage directory /home/runner/work/ozone/ozone/hadoop-ozone/integration-test/target/test-dir/MiniOzoneClusterImpl-0566475b-15f3-492a-9b28-f78457f271af/datanode-5/data/ratis/b21a688c-33a3-4df7-a4a3-cdfd84d3b5c4 does not exist. Creating ...
2021-10-28 01:49:25,591 [pool-600-thread-1] INFO  storage.RaftStorageDirectory (RaftStorageDirectoryImpl.java:tryLock(230)) - Lock on /home/runner/work/ozone/ozone/hadoop-ozone/integration-test/target/test-dir/MiniOzoneClusterImpl-0566475b-15f3-492a-9b28-f78457f271af/datanode-5/data/ratis/b21a688c-33a3-4df7-a4a3-cdfd84d3b5c4/in_use.lock acquired by nodename 734@fv-az270-135
2021-10-28 01:49:25,623 [pool-600-thread-1] INFO  storage.RaftStorage (RaftStorageImpl.java:format(89)) - Storage directory /home/runner/work/ozone/ozone/hadoop-ozone/integration-test/target/test-dir/MiniOzoneClusterImpl-0566475b-15f3-492a-9b28-f78457f271af/datanode-5/data/ratis/b21a688c-33a3-4df7-a4a3-cdfd84d3b5c4 has been successfully formatted.
2021-10-28 01:49:25,627 [Listener at 127.0.0.1/46475] INFO  ozone.MiniOzoneClusterImpl (MiniOzoneClusterImpl.java:lambda$waitForClusterToBeReady$0(235)) - Nodes are ready. Got 7 of 7 DN Heartbeats.
2021-10-28 01:49:25,627 [Listener at 127.0.0.1/46475] INFO  ozone.MiniOzoneClusterImpl (MiniOzoneClusterImpl.java:lambda$waitForClusterToBeReady$0(238)) - Waiting for cluster to exit safe mode
2021-10-28 01:49:25,627 [Listener at 127.0.0.1/46475] INFO  ozone.MiniOzoneClusterImpl (MiniOzoneClusterImpl.java:lambda$waitForClusterToBeReady$0(240)) - SCM became leader
2021-10-28 01:49:25,629 [pool-600-thread-1] INFO  ratis.ContainerStateMachine (ContainerStateMachine.java:loadSnapshot(224)) - group-CDFD84D3B5C4: The snapshot info is null. Setting the last applied indexto:(t:0, i:~)
2021-10-28 01:49:25,639 [pool-600-thread-1] INFO  server.RaftServerConfigKeys (ConfUtils.java:logGet(44)) - raft.server.notification.no-leader.timeout = 300000ms (custom)
2021-10-28 01:49:25,639 [pool-600-thread-1] INFO  server.RaftServerConfigKeys (ConfUtils.java:logGet(44)) - raft.server.log.use.memory = false (default)
2021-10-28 01:49:25,639 [pool-600-thread-1] INFO  server.RaftServerConfigKeys (ConfUtils.java:logGet(44)) - raft.server.log.purge.gap = 1000000 (custom)
2021-10-28 01:49:25,639 [pool-600-thread-1] INFO  server.RaftServerConfigKeys (ConfUtils.java:logGet(44)) - raft.server.log.appender.buffer.byte-limit = 33554432 (custom)
2021-10-28 01:49:25,640 [pool-600-thread-1] INFO  server.RaftServerConfigKeys (ConfUtils.java:logGet(44)) - raft.server.log.segment.size.max = 1048576 (custom)
2021-10-28 01:49:25,640 [pool-600-thread-1] INFO  server.RaftServerConfigKeys (ConfUtils.java:logGet(44)) - raft.server.log.segment.cache.num.max = 2 (custom)
2021-10-28 01:49:25,640 [pool-600-thread-1] INFO  server.RaftServerConfigKeys (ConfUtils.java:logGet(44)) - raft.server.log.segment.cache.size.max = 200MB (=209715200) (default)
2021-10-28 01:49:25,640 [pool-600-thread-1] INFO  segmented.SegmentedRaftLogWorker (SegmentedRaftLogWorker.java:<init>(182)) - new 31d6ae09-1bf4-4ff4-9532-94f29ed1392e@group-CDFD84D3B5C4-SegmentedRaftLogWorker for RaftStorageImpl:Storage Directory /home/runner/work/ozone/ozone/hadoop-ozone/integration-test/target/test-dir/MiniOzoneClusterImpl-0566475b-15f3-492a-9b28-f78457f271af/datanode-5/data/ratis/b21a688c-33a3-4df7-a4a3-cdfd84d3b5c4
2021-10-28 01:49:25,640 [pool-600-thread-1] INFO  server.RaftServerConfigKeys (ConfUtils.java:logGet(44)) - raft.server.log.queue.byte-limit = 2147483647 (custom)
2021-10-28 01:49:25,640 [pool-600-thread-1] INFO  server.RaftServerConfigKeys (ConfUtils.java:logGet(44)) - raft.server.log.queue.element-limit = 1024 (custom)
2021-10-28 01:49:25,640 [pool-600-thread-1] INFO  server.RaftServerConfigKeys (ConfUtils.java:logGet(44)) - raft.server.log.segment.size.max = 1048576 (custom)
2021-10-28 01:49:25,640 [pool-600-thread-1] INFO  server.RaftServerConfigKeys (ConfUtils.java:logGet(44)) - raft.server.log.preallocated.size = 16384 (custom)
2021-10-28 01:49:25,640 [pool-600-thread-1] INFO  server.RaftServerConfigKeys (ConfUtils.java:logGet(44)) - raft.server.log.force.sync.num = 128 (default)
2021-10-28 01:49:25,640 [pool-600-thread-1] INFO  server.RaftServerConfigKeys (ConfUtils.java:logGet(44)) - raft.server.log.statemachine.data.sync = true (default)
2021-10-28 01:49:25,641 [pool-600-thread-1] INFO  server.RaftServerConfigKeys (ConfUtils.java:logGet(44)) - raft.server.log.statemachine.data.sync.timeout = 10s (default)
2021-10-28 01:49:25,641 [pool-600-thread-1] INFO  server.RaftServerConfigKeys (ConfUtils.java:logGet(44)) - raft.server.log.statemachine.data.sync.timeout.retry = -1 (default)
2021-10-28 01:49:25,642 [pool-600-thread-1] INFO  server.RaftServerConfigKeys (ConfUtils.java:logGet(44)) - raft.server.log.write.buffer.size = 1048576 (custom)
2021-10-28 01:49:25,642 [pool-600-thread-1] INFO  server.RaftServerConfigKeys (ConfUtils.java:logGet(44)) - raft.server.log.statemachine.data.caching.enabled = true (custom)
2021-10-28 01:49:25,642 [pool-600-thread-1] INFO  segmented.SegmentedRaftLogWorker (SegmentedRaftLogWorker.java:lambda$new$0(133)) - 31d6ae09-1bf4-4ff4-9532-94f29ed1392e@group-CDFD84D3B5C4-SegmentedRaftLogWorker: flushIndex: setUnconditionally 0 -> -1
2021-10-28 01:49:25,644 [pool-600-thread-1] INFO  segmented.SegmentedRaftLogWorker (SegmentedRaftLogWorker.java:lambda$new$0(133)) - 31d6ae09-1bf4-4ff4-9532-94f29ed1392e@group-CDFD84D3B5C4-SegmentedRaftLogWorker: safeCacheEvictIndex: setUnconditionally 0 -> -1
2021-10-28 01:49:25,650 [pool-600-thread-1] INFO  server.RaftServerConfigKeys (ConfUtils.java:logGet(44)) - raft.server.snapshot.auto.trigger.enabled = true (custom)
2021-10-28 01:49:25,650 [pool-600-thread-1] INFO  server.RaftServerConfigKeys (ConfUtils.java:logGet(44)) - raft.server.snapshot.auto.trigger.threshold = 10000 (custom)
2021-10-28 01:49:25,650 [pool-600-thread-1] INFO  server.RaftServerConfigKeys (ConfUtils.java:logGet(44)) - raft.server.snapshot.retention.file.num = 5 (custom)
2021-10-28 01:49:25,650 [pool-600-thread-1] INFO  server.RaftServerConfigKeys (ConfUtils.java:logGet(44)) - raft.server.log.purge.upto.snapshot.index = false (default)
2021-10-28 01:49:25,650 [pool-600-thread-1] INFO  server.RaftServerConfigKeys (ConfUtils.java:logGet(44)) - raft.server.retrycache.expirytime = 600000ms (custom)
2021-10-28 01:49:25,650 [pool-600-thread-1] INFO  server.RaftServerConfigKeys (ConfUtils.java:logGet(44)) - raft.server.retrycache.statistics.expirytime = 100μs (default)
2021-10-28 01:49:25,652 [pool-600-thread-1] INFO  server.RaftServer$Division (RaftServerImpl.java:start(301)) - 31d6ae09-1bf4-4ff4-9532-94f29ed1392e@group-CDFD84D3B5C4: start as a follower, conf=-1: [850b4870-9ae5-4bfa-bbd2-f1f242dff33d|rpc:10.1.0.29:35637|dataStream:|priority:0, 31d6ae09-1bf4-4ff4-9532-94f29ed1392e|rpc:10.1.0.29:44047|dataStream:|priority:1, 43ee2308-4bff-4c12-a476-7906f102dfb0|rpc:10.1.0.29:33053|dataStream:|priority:0], old=null
2021-10-28 01:49:25,652 [pool-600-thread-1] INFO  server.RaftServer$Division (RaftServerImpl.java:setRole(290)) - 31d6ae09-1bf4-4ff4-9532-94f29ed1392e@group-CDFD84D3B5C4: changes role from      null to FOLLOWER at term 0 for startAsFollower
2021-10-28 01:49:25,652 [pool-600-thread-1] INFO  impl.RoleInfo (RoleInfo.java:updateAndGet(130)) - 31d6ae09-1bf4-4ff4-9532-94f29ed1392e: start 31d6ae09-1bf4-4ff4-9532-94f29ed1392e@group-CDFD84D3B5C4-FollowerState
2021-10-28 01:49:25,656 [pool-600-thread-1] INFO  util.JmxRegister (JmxRegister.java:tryRegister(44)) - Successfully registered JMX Bean with object name Ratis:service=RaftServer,group=group-CDFD84D3B5C4,id=31d6ae09-1bf4-4ff4-9532-94f29ed1392e
2021-10-28 01:49:25,729 [Command processor thread] INFO  commandhandler.CreatePipelineCommandHandler (CreatePipelineCommandHandler.java:handle(106)) - Created Pipeline RATIS THREE PipelineID=b21a688c-33a3-4df7-a4a3-cdfd84d3b5c4.
2021-10-28 01:49:25,729 [Command processor thread] INFO  server.RaftServer (RaftServerProxy.java:addNew(95)) - 850b4870-9ae5-4bfa-bbd2-f1f242dff33d: addNew group-0B92E8633D8E:[850b4870-9ae5-4bfa-bbd2-f1f242dff33d|rpc:10.1.0.29:35637|priority:1, 31d6ae09-1bf4-4ff4-9532-94f29ed1392e|rpc:10.1.0.29:44047|priority:0, 43ee2308-4bff-4c12-a476-7906f102dfb0|rpc:10.1.0.29:33053|priority:0] returns group-0B92E8633D8E:java.util.concurrent.CompletableFuture@1713e73c[Not completed]
2021-10-28 01:49:25,730 [pool-562-thread-1] INFO  server.RaftServer$Division (RaftServerImpl.java:<init>(184)) - 850b4870-9ae5-4bfa-bbd2-f1f242dff33d: new RaftServerImpl for group-0B92E8633D8E:[850b4870-9ae5-4bfa-bbd2-f1f242dff33d|rpc:10.1.0.29:35637|priority:1, 31d6ae09-1bf4-4ff4-9532-94f29ed1392e|rpc:10.1.0.29:44047|priority:0, 43ee2308-4bff-4c12-a476-7906f102dfb0|rpc:10.1.0.29:33053|priority:0] with ContainerStateMachine:uninitialized
2021-10-28 01:49:25,730 [pool-562-thread-1] INFO  server.RaftServerConfigKeys (ConfUtils.java:logGet(44)) - raft.server.rpc.timeout.min = 5s (custom)
2021-10-28 01:49:25,730 [pool-562-thread-1] INFO  server.RaftServerConfigKeys (ConfUtils.java:logGet(44)) - raft.server.rpc.timeout.max = 5200ms (custom)
2021-10-28 01:49:25,730 [pool-562-thread-1] INFO  server.RaftServerConfigKeys (ConfUtils.java:logGet(44)) - raft.server.rpc.sleep.time = 25ms (default)
2021-10-28 01:49:25,730 [pool-562-thread-1] INFO  server.RaftServerConfigKeys (ConfUtils.java:logGet(44)) - raft.server.rpc.slowness.timeout = 300000ms (custom)
2021-10-28 01:49:25,730 [pool-562-thread-1] INFO  server.RaftServerConfigKeys (ConfUtils.java:logGet(44)) - raft.server.leaderelection.leader.step-down.wait-time = 10s (default)
2021-10-28 01:49:25,730 [pool-562-thread-1] INFO  server.RaftServerConfigKeys (ConfUtils.java:logGet(44)) - raft.server.sleep.deviation.threshold = 300ms (default)
2021-10-28 01:49:25,730 [pool-562-thread-1] INFO  server.RaftServerConfigKeys (ConfUtils.java:logGet(44)) - raft.server.log.appender.install.snapshot.enabled = false (custom)
2021-10-28 01:49:25,731 [pool-562-thread-1] INFO  server.RaftServer$Division (ServerState.java:<init>(105)) - 850b4870-9ae5-4bfa-bbd2-f1f242dff33d@group-0B92E8633D8E: ConfigurationManager, init=-1: [850b4870-9ae5-4bfa-bbd2-f1f242dff33d|rpc:10.1.0.29:35637|priority:1, 31d6ae09-1bf4-4ff4-9532-94f29ed1392e|rpc:10.1.0.29:44047|priority:0, 43ee2308-4bff-4c12-a476-7906f102dfb0|rpc:10.1.0.29:33053|priority:0], old=null, confs=<EMPTY_MAP>
2021-10-28 01:49:25,731 [pool-562-thread-1] INFO  server.RaftServerConfigKeys (ConfUtils.java:logGet(44)) - raft.server.storage.dir = [/home/runner/work/ozone/ozone/hadoop-ozone/integration-test/target/test-dir/MiniOzoneClusterImpl-0566475b-15f3-492a-9b28-f78457f271af/datanode-3/data/ratis] (custom)
2021-10-28 01:49:25,731 [pool-562-thread-1] INFO  server.RaftServerConfigKeys (ConfUtils.java:logGet(44)) - raft.server.log.corruption.policy = EXCEPTION (default)
2021-10-28 01:49:25,731 [pool-562-thread-1] INFO  server.RaftServerConfigKeys (ConfUtils.java:logGet(44)) - raft.server.storage.free-space.min = 0MB (=0) (default)
2021-10-28 01:49:25,731 [pool-562-thread-1] INFO  storage.RaftStorageDirectory (RaftStorageDirectoryImpl.java:analyzeStorage(135)) - The storage directory /home/runner/work/ozone/ozone/hadoop-ozone/integration-test/target/test-dir/MiniOzoneClusterImpl-0566475b-15f3-492a-9b28-f78457f271af/datanode-3/data/ratis/6cf808e4-8713-4a6a-bdd0-0b92e8633d8e does not exist. Creating ...
2021-10-28 01:49:25,733 [pool-562-thread-1] INFO  storage.RaftStorageDirectory (RaftStorageDirectoryImpl.java:tryLock(230)) - Lock on /home/runner/work/ozone/ozone/hadoop-ozone/integration-test/target/test-dir/MiniOzoneClusterImpl-0566475b-15f3-492a-9b28-f78457f271af/datanode-3/data/ratis/6cf808e4-8713-4a6a-bdd0-0b92e8633d8e/in_use.lock acquired by nodename 734@fv-az270-135
2021-10-28 01:49:25,734 [pool-562-thread-1] INFO  storage.RaftStorage (RaftStorageImpl.java:format(89)) - Storage directory /home/runner/work/ozone/ozone/hadoop-ozone/integration-test/target/test-dir/MiniOzoneClusterImpl-0566475b-15f3-492a-9b28-f78457f271af/datanode-3/data/ratis/6cf808e4-8713-4a6a-bdd0-0b92e8633d8e has been successfully formatted.
2021-10-28 01:49:25,734 [pool-562-thread-1] INFO  ratis.ContainerStateMachine (ContainerStateMachine.java:loadSnapshot(224)) - group-0B92E8633D8E: The snapshot info is null. Setting the last applied indexto:(t:0, i:~)
2021-10-28 01:49:25,735 [EventQueue-OpenPipelineForHealthyPipelineSafeModeRule] INFO  safemode.SCMSafeModeManager (HealthyPipelineSafeModeRule.java:process(124)) - SCM in safe mode. Healthy pipelines reported count is 0, required healthy pipeline reported count is 1
2021-10-28 01:49:25,736 [pool-562-thread-1] INFO  server.RaftServerConfigKeys (ConfUtils.java:logGet(44)) - raft.server.notification.no-leader.timeout = 300000ms (custom)
2021-10-28 01:49:25,736 [pool-562-thread-1] INFO  server.RaftServerConfigKeys (ConfUtils.java:logGet(44)) - raft.server.log.use.memory = false (default)
2021-10-28 01:49:25,737 [pool-562-thread-1] INFO  server.RaftServerConfigKeys (ConfUtils.java:logGet(44)) - raft.server.log.purge.gap = 1000000 (custom)
2021-10-28 01:49:25,737 [pool-562-thread-1] INFO  server.RaftServerConfigKeys (ConfUtils.java:logGet(44)) - raft.server.log.appender.buffer.byte-limit = 33554432 (custom)
2021-10-28 01:49:25,737 [pool-562-thread-1] INFO  server.RaftServerConfigKeys (ConfUtils.java:logGet(44)) - raft.server.log.segment.size.max = 1048576 (custom)
2021-10-28 01:49:25,737 [pool-562-thread-1] INFO  server.RaftServerConfigKeys (ConfUtils.java:logGet(44)) - raft.server.log.segment.cache.num.max = 2 (custom)
2021-10-28 01:49:25,743 [pool-562-thread-1] INFO  server.RaftServerConfigKeys (ConfUtils.java:logGet(44)) - raft.server.log.segment.cache.size.max = 200MB (=209715200) (default)
2021-10-28 01:49:25,743 [pool-562-thread-1] INFO  segmented.SegmentedRaftLogWorker (SegmentedRaftLogWorker.java:<init>(182)) - new 850b4870-9ae5-4bfa-bbd2-f1f242dff33d@group-0B92E8633D8E-SegmentedRaftLogWorker for RaftStorageImpl:Storage Directory /home/runner/work/ozone/ozone/hadoop-ozone/integration-test/target/test-dir/MiniOzoneClusterImpl-0566475b-15f3-492a-9b28-f78457f271af/datanode-3/data/ratis/6cf808e4-8713-4a6a-bdd0-0b92e8633d8e
2021-10-28 01:49:25,743 [pool-562-thread-1] INFO  server.RaftServerConfigKeys (ConfUtils.java:logGet(44)) - raft.server.log.queue.byte-limit = 2147483647 (custom)
2021-10-28 01:49:25,743 [pool-562-thread-1] INFO  server.RaftServerConfigKeys (ConfUtils.java:logGet(44)) - raft.server.log.queue.element-limit = 1024 (custom)
2021-10-28 01:49:25,743 [pool-562-thread-1] INFO  server.RaftServerConfigKeys (ConfUtils.java:logGet(44)) - raft.server.log.segment.size.max = 1048576 (custom)
2021-10-28 01:49:25,743 [pool-562-thread-1] INFO  server.RaftServerConfigKeys (ConfUtils.java:logGet(44)) - raft.server.log.preallocated.size = 16384 (custom)
2021-10-28 01:49:25,743 [pool-562-thread-1] INFO  server.RaftServerConfigKeys (ConfUtils.java:logGet(44)) - raft.server.log.force.sync.num = 128 (default)
2021-10-28 01:49:25,743 [pool-562-thread-1] INFO  server.RaftServerConfigKeys (ConfUtils.java:logGet(44)) - raft.server.log.statemachine.data.sync = true (default)
2021-10-28 01:49:25,743 [pool-562-thread-1] INFO  server.RaftServerConfigKeys (ConfUtils.java:logGet(44)) - raft.server.log.statemachine.data.sync.timeout = 10s (default)
2021-10-28 01:49:25,744 [pool-562-thread-1] INFO  server.RaftServerConfigKeys (ConfUtils.java:logGet(44)) - raft.server.log.statemachine.data.sync.timeout.retry = -1 (default)
2021-10-28 01:49:25,745 [pool-562-thread-1] INFO  server.RaftServerConfigKeys (ConfUtils.java:logGet(44)) - raft.server.log.write.buffer.size = 1048576 (custom)
2021-10-28 01:49:25,745 [pool-562-thread-1] INFO  server.RaftServerConfigKeys (ConfUtils.java:logGet(44)) - raft.server.log.statemachine.data.caching.enabled = true (custom)
2021-10-28 01:49:25,746 [pool-562-thread-1] INFO  segmented.SegmentedRaftLogWorker (SegmentedRaftLogWorker.java:lambda$new$0(133)) - 850b4870-9ae5-4bfa-bbd2-f1f242dff33d@group-0B92E8633D8E-SegmentedRaftLogWorker: flushIndex: setUnconditionally 0 -> -1
2021-10-28 01:49:25,746 [pool-562-thread-1] INFO  segmented.SegmentedRaftLogWorker (SegmentedRaftLogWorker.java:lambda$new$0(133)) - 850b4870-9ae5-4bfa-bbd2-f1f242dff33d@group-0B92E8633D8E-SegmentedRaftLogWorker: safeCacheEvictIndex: setUnconditionally 0 -> -1
2021-10-28 01:49:25,746 [pool-562-thread-1] INFO  server.RaftServerConfigKeys (ConfUtils.java:logGet(44)) - raft.server.snapshot.auto.trigger.enabled = true (custom)
2021-10-28 01:49:25,746 [pool-562-thread-1] INFO  server.RaftServerConfigKeys (ConfUtils.java:logGet(44)) - raft.server.snapshot.auto.trigger.threshold = 10000 (custom)
2021-10-28 01:49:25,746 [pool-562-thread-1] INFO  server.RaftServerConfigKeys (ConfUtils.java:logGet(44)) - raft.server.snapshot.retention.file.num = 5 (custom)
2021-10-28 01:49:25,746 [pool-562-thread-1] INFO  server.RaftServerConfigKeys (ConfUtils.java:logGet(44)) - raft.server.log.purge.upto.snapshot.index = false (default)
2021-10-28 01:49:25,746 [pool-562-thread-1] INFO  server.RaftServerConfigKeys (ConfUtils.java:logGet(44)) - raft.server.retrycache.expirytime = 600000ms (custom)
2021-10-28 01:49:25,746 [pool-562-thread-1] INFO  server.RaftServerConfigKeys (ConfUtils.java:logGet(44)) - raft.server.retrycache.statistics.expirytime = 100μs (default)
2021-10-28 01:49:25,748 [pool-562-thread-1] INFO  server.RaftServer$Division (RaftServerImpl.java:start(301)) - 850b4870-9ae5-4bfa-bbd2-f1f242dff33d@group-0B92E8633D8E: start as a follower, conf=-1: [850b4870-9ae5-4bfa-bbd2-f1f242dff33d|rpc:10.1.0.29:35637|priority:1, 31d6ae09-1bf4-4ff4-9532-94f29ed1392e|rpc:10.1.0.29:44047|priority:0, 43ee2308-4bff-4c12-a476-7906f102dfb0|rpc:10.1.0.29:33053|priority:0], old=null
2021-10-28 01:49:25,748 [pool-562-thread-1] INFO  server.RaftServer$Division (RaftServerImpl.java:setRole(290)) - 850b4870-9ae5-4bfa-bbd2-f1f242dff33d@group-0B92E8633D8E: changes role from      null to FOLLOWER at term 0 for startAsFollower
2021-10-28 01:49:25,748 [pool-562-thread-1] INFO  impl.RoleInfo (RoleInfo.java:updateAndGet(130)) - 850b4870-9ae5-4bfa-bbd2-f1f242dff33d: start 850b4870-9ae5-4bfa-bbd2-f1f242dff33d@group-0B92E8633D8E-FollowerState
2021-10-28 01:49:25,748 [pool-562-thread-1] INFO  util.JmxRegister (JmxRegister.java:tryRegister(44)) - Successfully registered JMX Bean with object name Ratis:service=RaftServer,group=group-0B92E8633D8E,id=850b4870-9ae5-4bfa-bbd2-f1f242dff33d
2021-10-28 01:49:25,752 [Command processor thread] INFO  ratis.XceiverServerRatis (XceiverServerRatis.java:addGroup(768)) - Created group PipelineID=6cf808e4-8713-4a6a-bdd0-0b92e8633d8e
2021-10-28 01:49:25,770 [grpc-default-executor-0] INFO  server.RaftServer (RaftServerProxy.java:addNew(95)) - 43ee2308-4bff-4c12-a476-7906f102dfb0: addNew group-0B92E8633D8E:[850b4870-9ae5-4bfa-bbd2-f1f242dff33d|rpc:10.1.0.29:35637|dataStream:|priority:1, 31d6ae09-1bf4-4ff4-9532-94f29ed1392e|rpc:10.1.0.29:44047|dataStream:|priority:0, 43ee2308-4bff-4c12-a476-7906f102dfb0|rpc:10.1.0.29:33053|dataStream:|priority:0] returns group-0B92E8633D8E:java.util.concurrent.CompletableFuture@3851ee1e[Not completed]
2021-10-28 01:49:25,771 [pool-581-thread-1] INFO  server.RaftServer$Division (RaftServerImpl.java:<init>(184)) - 43ee2308-4bff-4c12-a476-7906f102dfb0: new RaftServerImpl for group-0B92E8633D8E:[850b4870-9ae5-4bfa-bbd2-f1f242dff33d|rpc:10.1.0.29:35637|dataStream:|priority:1, 31d6ae09-1bf4-4ff4-9532-94f29ed1392e|rpc:10.1.0.29:44047|dataStream:|priority:0, 43ee2308-4bff-4c12-a476-7906f102dfb0|rpc:10.1.0.29:33053|dataStream:|priority:0] with ContainerStateMachine:uninitialized
2021-10-28 01:49:25,771 [pool-581-thread-1] INFO  server.RaftServerConfigKeys (ConfUtils.java:logGet(44)) - raft.server.rpc.timeout.min = 5s (custom)
2021-10-28 01:49:25,771 [pool-581-thread-1] INFO  server.RaftServerConfigKeys (ConfUtils.java:logGet(44)) - raft.server.rpc.timeout.max = 5200ms (custom)
2021-10-28 01:49:25,771 [pool-581-thread-1] INFO  server.RaftServerConfigKeys (ConfUtils.java:logGet(44)) - raft.server.rpc.sleep.time = 25ms (default)
2021-10-28 01:49:25,771 [pool-581-thread-1] INFO  server.RaftServerConfigKeys (ConfUtils.java:logGet(44)) - raft.server.rpc.slowness.timeout = 300000ms (custom)
2021-10-28 01:49:25,771 [pool-581-thread-1] INFO  server.RaftServerConfigKeys (ConfUtils.java:logGet(44)) - raft.server.leaderelection.leader.step-down.wait-time = 10s (default)
2021-10-28 01:49:25,771 [pool-581-thread-1] INFO  server.RaftServerConfigKeys (ConfUtils.java:logGet(44)) - raft.server.sleep.deviation.threshold = 300ms (default)
2021-10-28 01:49:25,771 [pool-581-thread-1] INFO  server.RaftServerConfigKeys (ConfUtils.java:logGet(44)) - raft.server.log.appender.install.snapshot.enabled = false (custom)
2021-10-28 01:49:25,771 [pool-581-thread-1] INFO  server.RaftServer$Division (ServerState.java:<init>(105)) - 43ee2308-4bff-4c12-a476-7906f102dfb0@group-0B92E8633D8E: ConfigurationManager, init=-1: [850b4870-9ae5-4bfa-bbd2-f1f242dff33d|rpc:10.1.0.29:35637|dataStream:|priority:1, 31d6ae09-1bf4-4ff4-9532-94f29ed1392e|rpc:10.1.0.29:44047|dataStream:|priority:0, 43ee2308-4bff-4c12-a476-7906f102dfb0|rpc:10.1.0.29:33053|dataStream:|priority:0], old=null, confs=<EMPTY_MAP>
2021-10-28 01:49:25,771 [pool-581-thread-1] INFO  server.RaftServerConfigKeys (ConfUtils.java:logGet(44)) - raft.server.storage.dir = [/home/runner/work/ozone/ozone/hadoop-ozone/integration-test/target/test-dir/MiniOzoneClusterImpl-0566475b-15f3-492a-9b28-f78457f271af/datanode-4/data/ratis] (custom)
2021-10-28 01:49:25,771 [pool-581-thread-1] INFO  server.RaftServerConfigKeys (ConfUtils.java:logGet(44)) - raft.server.log.corruption.policy = EXCEPTION (default)
2021-10-28 01:49:25,771 [pool-581-thread-1] INFO  server.RaftServerConfigKeys (ConfUtils.java:logGet(44)) - raft.server.storage.free-space.min = 0MB (=0) (default)
2021-10-28 01:49:25,772 [pool-581-thread-1] INFO  storage.RaftStorageDirectory (RaftStorageDirectoryImpl.java:analyzeStorage(135)) - The storage directory /home/runner/work/ozone/ozone/hadoop-ozone/integration-test/target/test-dir/MiniOzoneClusterImpl-0566475b-15f3-492a-9b28-f78457f271af/datanode-4/data/ratis/6cf808e4-8713-4a6a-bdd0-0b92e8633d8e does not exist. Creating ...
2021-10-28 01:49:25,773 [pool-581-thread-1] INFO  storage.RaftStorageDirectory (RaftStorageDirectoryImpl.java:tryLock(230)) - Lock on /home/runner/work/ozone/ozone/hadoop-ozone/integration-test/target/test-dir/MiniOzoneClusterImpl-0566475b-15f3-492a-9b28-f78457f271af/datanode-4/data/ratis/6cf808e4-8713-4a6a-bdd0-0b92e8633d8e/in_use.lock acquired by nodename 734@fv-az270-135
2021-10-28 01:49:25,775 [pool-581-thread-1] INFO  storage.RaftStorage (RaftStorageImpl.java:format(89)) - Storage directory /home/runner/work/ozone/ozone/hadoop-ozone/integration-test/target/test-dir/MiniOzoneClusterImpl-0566475b-15f3-492a-9b28-f78457f271af/datanode-4/data/ratis/6cf808e4-8713-4a6a-bdd0-0b92e8633d8e has been successfully formatted.
2021-10-28 01:49:25,775 [pool-581-thread-1] INFO  ratis.ContainerStateMachine (ContainerStateMachine.java:loadSnapshot(224)) - group-0B92E8633D8E: The snapshot info is null. Setting the last applied indexto:(t:0, i:~)
2021-10-28 01:49:25,775 [pool-581-thread-1] INFO  server.RaftServerConfigKeys (ConfUtils.java:logGet(44)) - raft.server.notification.no-leader.timeout = 300000ms (custom)
2021-10-28 01:49:25,775 [pool-581-thread-1] INFO  server.RaftServerConfigKeys (ConfUtils.java:logGet(44)) - raft.server.log.use.memory = false (default)
2021-10-28 01:49:25,775 [pool-581-thread-1] INFO  server.RaftServerConfigKeys (ConfUtils.java:logGet(44)) - raft.server.log.purge.gap = 1000000 (custom)
2021-10-28 01:49:25,776 [pool-581-thread-1] INFO  server.RaftServerConfigKeys (ConfUtils.java:logGet(44)) - raft.server.log.appender.buffer.byte-limit = 33554432 (custom)
2021-10-28 01:49:25,776 [pool-581-thread-1] INFO  server.RaftServerConfigKeys (ConfUtils.java:logGet(44)) - raft.server.log.segment.size.max = 1048576 (custom)
2021-10-28 01:49:25,776 [pool-581-thread-1] INFO  server.RaftServerConfigKeys (ConfUtils.java:logGet(44)) - raft.server.log.segment.cache.num.max = 2 (custom)
2021-10-28 01:49:25,776 [pool-581-thread-1] INFO  server.RaftServerConfigKeys (ConfUtils.java:logGet(44)) - raft.server.log.segment.cache.size.max = 200MB (=209715200) (default)
2021-10-28 01:49:25,776 [pool-581-thread-1] INFO  segmented.SegmentedRaftLogWorker (SegmentedRaftLogWorker.java:<init>(182)) - new 43ee2308-4bff-4c12-a476-7906f102dfb0@group-0B92E8633D8E-SegmentedRaftLogWorker for RaftStorageImpl:Storage Directory /home/runner/work/ozone/ozone/hadoop-ozone/integration-test/target/test-dir/MiniOzoneClusterImpl-0566475b-15f3-492a-9b28-f78457f271af/datanode-4/data/ratis/6cf808e4-8713-4a6a-bdd0-0b92e8633d8e
2021-10-28 01:49:25,776 [pool-581-thread-1] INFO  server.RaftServerConfigKeys (ConfUtils.java:logGet(44)) - raft.server.log.queue.byte-limit = 2147483647 (custom)
2021-10-28 01:49:25,776 [pool-581-thread-1] INFO  server.RaftServerConfigKeys (ConfUtils.java:logGet(44)) - raft.server.log.queue.element-limit = 1024 (custom)
2021-10-28 01:49:25,776 [pool-581-thread-1] INFO  server.RaftServerConfigKeys (ConfUtils.java:logGet(44)) - raft.server.log.segment.size.max = 1048576 (custom)
2021-10-28 01:49:25,776 [pool-581-thread-1] INFO  server.RaftServerConfigKeys (ConfUtils.java:logGet(44)) - raft.server.log.preallocated.size = 16384 (custom)
2021-10-28 01:49:25,776 [pool-581-thread-1] INFO  server.RaftServerConfigKeys (ConfUtils.java:logGet(44)) - raft.server.log.force.sync.num = 128 (default)
2021-10-28 01:49:25,776 [pool-581-thread-1] INFO  server.RaftServerConfigKeys (ConfUtils.java:logGet(44)) - raft.server.log.statemachine.data.sync = true (default)
2021-10-28 01:49:25,777 [pool-581-thread-1] INFO  server.RaftServerConfigKeys (ConfUtils.java:logGet(44)) - raft.server.log.statemachine.data.sync.timeout = 10s (default)
2021-10-28 01:49:25,777 [pool-581-thread-1] INFO  server.RaftServerConfigKeys (ConfUtils.java:logGet(44)) - raft.server.log.statemachine.data.sync.timeout.retry = -1 (default)
2021-10-28 01:49:25,783 [pool-581-thread-1] INFO  server.RaftServerConfigKeys (ConfUtils.java:logGet(44)) - raft.server.log.write.buffer.size = 1048576 (custom)
2021-10-28 01:49:25,783 [pool-581-thread-1] INFO  server.RaftServerConfigKeys (ConfUtils.java:logGet(44)) - raft.server.log.statemachine.data.caching.enabled = true (custom)
2021-10-28 01:49:25,784 [pool-581-thread-1] INFO  segmented.SegmentedRaftLogWorker (SegmentedRaftLogWorker.java:lambda$new$0(133)) - 43ee2308-4bff-4c12-a476-7906f102dfb0@group-0B92E8633D8E-SegmentedRaftLogWorker: flushIndex: setUnconditionally 0 -> -1
2021-10-28 01:49:25,784 [pool-581-thread-1] INFO  segmented.SegmentedRaftLogWorker (SegmentedRaftLogWorker.java:lambda$new$0(133)) - 43ee2308-4bff-4c12-a476-7906f102dfb0@group-0B92E8633D8E-SegmentedRaftLogWorker: safeCacheEvictIndex: setUnconditionally 0 -> -1
2021-10-28 01:49:25,791 [pool-581-thread-1] INFO  server.RaftServerConfigKeys (ConfUtils.java:logGet(44)) - raft.server.snapshot.auto.trigger.enabled = true (custom)
2021-10-28 01:49:25,791 [pool-581-thread-1] INFO  server.RaftServerConfigKeys (ConfUtils.java:logGet(44)) - raft.server.snapshot.auto.trigger.threshold = 10000 (custom)
2021-10-28 01:49:25,791 [pool-581-thread-1] INFO  server.RaftServerConfigKeys (ConfUtils.java:logGet(44)) - raft.server.snapshot.retention.file.num = 5 (custom)
2021-10-28 01:49:25,791 [pool-581-thread-1] INFO  server.RaftServerConfigKeys (ConfUtils.java:logGet(44)) - raft.server.log.purge.upto.snapshot.index = false (default)
2021-10-28 01:49:25,791 [pool-581-thread-1] INFO  server.RaftServerConfigKeys (ConfUtils.java:logGet(44)) - raft.server.retrycache.expirytime = 600000ms (custom)
2021-10-28 01:49:25,791 [pool-581-thread-1] INFO  server.RaftServerConfigKeys (ConfUtils.java:logGet(44)) - raft.server.retrycache.statistics.expirytime = 100μs (default)
2021-10-28 01:49:25,793 [pool-581-thread-1] INFO  server.RaftServer$Division (RaftServerImpl.java:start(301)) - 43ee2308-4bff-4c12-a476-7906f102dfb0@group-0B92E8633D8E: start as a follower, conf=-1: [850b4870-9ae5-4bfa-bbd2-f1f242dff33d|rpc:10.1.0.29:35637|dataStream:|priority:1, 31d6ae09-1bf4-4ff4-9532-94f29ed1392e|rpc:10.1.0.29:44047|dataStream:|priority:0, 43ee2308-4bff-4c12-a476-7906f102dfb0|rpc:10.1.0.29:33053|dataStream:|priority:0], old=null
2021-10-28 01:49:25,793 [pool-581-thread-1] INFO  server.RaftServer$Division (RaftServerImpl.java:setRole(290)) - 43ee2308-4bff-4c12-a476-7906f102dfb0@group-0B92E8633D8E: changes role from      null to FOLLOWER at term 0 for startAsFollower
2021-10-28 01:49:25,795 [pool-581-thread-1] INFO  impl.RoleInfo (RoleInfo.java:updateAndGet(130)) - 43ee2308-4bff-4c12-a476-7906f102dfb0: start 43ee2308-4bff-4c12-a476-7906f102dfb0@group-0B92E8633D8E-FollowerState
2021-10-28 01:49:25,807 [pool-581-thread-1] INFO  util.JmxRegister (JmxRegister.java:tryRegister(44)) - Successfully registered JMX Bean with object name Ratis:service=RaftServer,group=group-0B92E8633D8E,id=43ee2308-4bff-4c12-a476-7906f102dfb0
2021-10-28 01:49:25,863 [Command processor thread] INFO  server.RaftServer (RaftServerProxy.java:addNew(95)) - 43ee2308-4bff-4c12-a476-7906f102dfb0: addNew group-616A459D8117:[43ee2308-4bff-4c12-a476-7906f102dfb0|rpc:10.1.0.29:33053|priority:1] returns group-616A459D8117:java.util.concurrent.CompletableFuture@6a550ae0[Not completed]
2021-10-28 01:49:25,883 [pool-581-thread-1] INFO  server.RaftServer$Division (RaftServerImpl.java:<init>(184)) - 43ee2308-4bff-4c12-a476-7906f102dfb0: new RaftServerImpl for group-616A459D8117:[43ee2308-4bff-4c12-a476-7906f102dfb0|rpc:10.1.0.29:33053|priority:1] with ContainerStateMachine:uninitialized
2021-10-28 01:49:25,883 [pool-581-thread-1] INFO  server.RaftServerConfigKeys (ConfUtils.java:logGet(44)) - raft.server.rpc.timeout.min = 5s (custom)
2021-10-28 01:49:25,883 [pool-581-thread-1] INFO  server.RaftServerConfigKeys (ConfUtils.java:logGet(44)) - raft.server.rpc.timeout.max = 5200ms (custom)
2021-10-28 01:49:25,883 [pool-581-thread-1] INFO  server.RaftServerConfigKeys (ConfUtils.java:logGet(44)) - raft.server.rpc.sleep.time = 25ms (default)
2021-10-28 01:49:25,883 [pool-581-thread-1] INFO  server.RaftServerConfigKeys (ConfUtils.java:logGet(44)) - raft.server.rpc.slowness.timeout = 300000ms (custom)
2021-10-28 01:49:25,883 [pool-581-thread-1] INFO  server.RaftServerConfigKeys (ConfUtils.java:logGet(44)) - raft.server.leaderelection.leader.step-down.wait-time = 10s (default)
2021-10-28 01:49:25,883 [pool-581-thread-1] INFO  server.RaftServerConfigKeys (ConfUtils.java:logGet(44)) - raft.server.sleep.deviation.threshold = 300ms (default)
2021-10-28 01:49:25,883 [pool-581-thread-1] INFO  server.RaftServerConfigKeys (ConfUtils.java:logGet(44)) - raft.server.log.appender.install.snapshot.enabled = false (custom)
2021-10-28 01:49:25,883 [pool-581-thread-1] INFO  server.RaftServer$Division (ServerState.java:<init>(105)) - 43ee2308-4bff-4c12-a476-7906f102dfb0@group-616A459D8117: ConfigurationManager, init=-1: [43ee2308-4bff-4c12-a476-7906f102dfb0|rpc:10.1.0.29:33053|priority:1], old=null, confs=<EMPTY_MAP>
2021-10-28 01:49:25,883 [pool-581-thread-1] INFO  server.RaftServerConfigKeys (ConfUtils.java:logGet(44)) - raft.server.storage.dir = [/home/runner/work/ozone/ozone/hadoop-ozone/integration-test/target/test-dir/MiniOzoneClusterImpl-0566475b-15f3-492a-9b28-f78457f271af/datanode-4/data/ratis] (custom)
2021-10-28 01:49:25,884 [pool-581-thread-1] INFO  server.RaftServerConfigKeys (ConfUtils.java:logGet(44)) - raft.server.log.corruption.policy = EXCEPTION (default)
2021-10-28 01:49:25,884 [pool-581-thread-1] INFO  server.RaftServerConfigKeys (ConfUtils.java:logGet(44)) - raft.server.storage.free-space.min = 0MB (=0) (default)
2021-10-28 01:49:25,884 [pool-581-thread-1] INFO  storage.RaftStorageDirectory (RaftStorageDirectoryImpl.java:analyzeStorage(135)) - The storage directory /home/runner/work/ozone/ozone/hadoop-ozone/integration-test/target/test-dir/MiniOzoneClusterImpl-0566475b-15f3-492a-9b28-f78457f271af/datanode-4/data/ratis/6051f0ed-a979-43e1-b3d7-616a459d8117 does not exist. Creating ...
2021-10-28 01:49:25,895 [pool-581-thread-1] INFO  storage.RaftStorageDirectory (RaftStorageDirectoryImpl.java:tryLock(230)) - Lock on /home/runner/work/ozone/ozone/hadoop-ozone/integration-test/target/test-dir/MiniOzoneClusterImpl-0566475b-15f3-492a-9b28-f78457f271af/datanode-4/data/ratis/6051f0ed-a979-43e1-b3d7-616a459d8117/in_use.lock acquired by nodename 734@fv-az270-135
2021-10-28 01:49:25,903 [pool-581-thread-1] INFO  storage.RaftStorage (RaftStorageImpl.java:format(89)) - Storage directory /home/runner/work/ozone/ozone/hadoop-ozone/integration-test/target/test-dir/MiniOzoneClusterImpl-0566475b-15f3-492a-9b28-f78457f271af/datanode-4/data/ratis/6051f0ed-a979-43e1-b3d7-616a459d8117 has been successfully formatted.
2021-10-28 01:49:25,903 [pool-581-thread-1] INFO  ratis.ContainerStateMachine (ContainerStateMachine.java:loadSnapshot(224)) - group-616A459D8117: The snapshot info is null. Setting the last applied indexto:(t:0, i:~)
2021-10-28 01:49:25,943 [pool-581-thread-1] INFO  server.RaftServerConfigKeys (ConfUtils.java:logGet(44)) - raft.server.notification.no-leader.timeout = 300000ms (custom)
2021-10-28 01:49:25,943 [pool-581-thread-1] INFO  server.RaftServerConfigKeys (ConfUtils.java:logGet(44)) - raft.server.log.use.memory = false (default)
2021-10-28 01:49:25,943 [pool-581-thread-1] INFO  server.RaftServerConfigKeys (ConfUtils.java:logGet(44)) - raft.server.log.purge.gap = 1000000 (custom)
2021-10-28 01:49:25,943 [pool-581-thread-1] INFO  server.RaftServerConfigKeys (ConfUtils.java:logGet(44)) - raft.server.log.appender.buffer.byte-limit = 33554432 (custom)
2021-10-28 01:49:25,944 [pool-581-thread-1] INFO  server.RaftServerConfigKeys (ConfUtils.java:logGet(44)) - raft.server.log.segment.size.max = 1048576 (custom)
2021-10-28 01:49:25,944 [pool-581-thread-1] INFO  server.RaftServerConfigKeys (ConfUtils.java:logGet(44)) - raft.server.log.segment.cache.num.max = 2 (custom)
2021-10-28 01:49:25,944 [pool-581-thread-1] INFO  server.RaftServerConfigKeys (ConfUtils.java:logGet(44)) - raft.server.log.segment.cache.size.max = 200MB (=209715200) (default)
2021-10-28 01:49:25,944 [pool-581-thread-1] INFO  segmented.SegmentedRaftLogWorker (SegmentedRaftLogWorker.java:<init>(182)) - new 43ee2308-4bff-4c12-a476-7906f102dfb0@group-616A459D8117-SegmentedRaftLogWorker for RaftStorageImpl:Storage Directory /home/runner/work/ozone/ozone/hadoop-ozone/integration-test/target/test-dir/MiniOzoneClusterImpl-0566475b-15f3-492a-9b28-f78457f271af/datanode-4/data/ratis/6051f0ed-a979-43e1-b3d7-616a459d8117
2021-10-28 01:49:25,944 [pool-581-thread-1] INFO  server.RaftServerConfigKeys (ConfUtils.java:logGet(44)) - raft.server.log.queue.byte-limit = 2147483647 (custom)
2021-10-28 01:49:25,944 [pool-581-thread-1] INFO  server.RaftServerConfigKeys (ConfUtils.java:logGet(44)) - raft.server.log.queue.element-limit = 1024 (custom)
2021-10-28 01:49:25,944 [pool-581-thread-1] INFO  server.RaftServerConfigKeys (ConfUtils.java:logGet(44)) - raft.server.log.segment.size.max = 1048576 (custom)
2021-10-28 01:49:25,944 [pool-581-thread-1] INFO  server.RaftServerConfigKeys (ConfUtils.java:logGet(44)) - raft.server.log.preallocated.size = 16384 (custom)
2021-10-28 01:49:25,944 [pool-581-thread-1] INFO  server.RaftServerConfigKeys (ConfUtils.java:logGet(44)) - raft.server.log.force.sync.num = 128 (default)
2021-10-28 01:49:25,944 [pool-581-thread-1] INFO  server.RaftServerConfigKeys (ConfUtils.java:logGet(44)) - raft.server.log.statemachine.data.sync = true (default)
2021-10-28 01:49:25,944 [pool-581-thread-1] INFO  server.RaftServerConfigKeys (ConfUtils.java:logGet(44)) - raft.server.log.statemachine.data.sync.timeout = 10s (default)
2021-10-28 01:49:25,944 [pool-581-thread-1] INFO  server.RaftServerConfigKeys (ConfUtils.java:logGet(44)) - raft.server.log.statemachine.data.sync.timeout.retry = -1 (default)
2021-10-28 01:49:25,945 [pool-581-thread-1] INFO  server.RaftServerConfigKeys (ConfUtils.java:logGet(44)) - raft.server.log.write.buffer.size = 1048576 (custom)
2021-10-28 01:49:25,946 [pool-581-thread-1] INFO  server.RaftServerConfigKeys (ConfUtils.java:logGet(44)) - raft.server.log.statemachine.data.caching.enabled = true (custom)
2021-10-28 01:49:25,946 [pool-581-thread-1] INFO  segmented.SegmentedRaftLogWorker (SegmentedRaftLogWorker.java:lambda$new$0(133)) - 43ee2308-4bff-4c12-a476-7906f102dfb0@group-616A459D8117-SegmentedRaftLogWorker: flushIndex: setUnconditionally 0 -> -1
2021-10-28 01:49:25,946 [pool-581-thread-1] INFO  segmented.SegmentedRaftLogWorker (SegmentedRaftLogWorker.java:lambda$new$0(133)) - 43ee2308-4bff-4c12-a476-7906f102dfb0@group-616A459D8117-SegmentedRaftLogWorker: safeCacheEvictIndex: setUnconditionally 0 -> -1
2021-10-28 01:49:25,947 [EventQueue-PipelineReportForPipelineReportHandler] INFO  pipeline.PipelineManagerImpl (PipelineManagerImpl.java:openPipeline(289)) - Pipeline Pipeline[ Id: 6051f0ed-a979-43e1-b3d7-616a459d8117, Nodes: 43ee2308-4bff-4c12-a476-7906f102dfb0{ip: 10.1.0.29, host: fv-az270-135.tacnzluakwdehk1hpragurqkma.bx.internal.cloudapp.net, ports: [REPLICATION=42689, RATIS=33053, RATIS_ADMIN=33053, RATIS_SERVER=33053, STANDALONE=35333], networkLocation: /default-rack, certSerialId: null, persistedOpState: IN_SERVICE, persistedOpStateExpiryEpochSec: 0}, ReplicationConfig: RATIS/ONE, State:ALLOCATED, leaderId:43ee2308-4bff-4c12-a476-7906f102dfb0, CreationTimestamp2021-10-28T01:49:22.866Z[Etc/UTC]] moved to OPEN state
2021-10-28 01:49:25,954 [EventQueue-OpenPipelineForHealthyPipelineSafeModeRule] INFO  safemode.SCMSafeModeManager (HealthyPipelineSafeModeRule.java:process(124)) - SCM in safe mode. Healthy pipelines reported count is 0, required healthy pipeline reported count is 1
2021-10-28 01:49:25,960 [grpc-default-executor-0] INFO  server.RaftServer (RaftServerProxy.java:addNew(95)) - 31d6ae09-1bf4-4ff4-9532-94f29ed1392e: addNew group-0B92E8633D8E:[850b4870-9ae5-4bfa-bbd2-f1f242dff33d|rpc:10.1.0.29:35637|dataStream:|priority:1, 31d6ae09-1bf4-4ff4-9532-94f29ed1392e|rpc:10.1.0.29:44047|dataStream:|priority:0, 43ee2308-4bff-4c12-a476-7906f102dfb0|rpc:10.1.0.29:33053|dataStream:|priority:0] returns group-0B92E8633D8E:java.util.concurrent.CompletableFuture@730106dd[Not completed]
2021-10-28 01:49:25,960 [pool-581-thread-1] INFO  server.RaftServerConfigKeys (ConfUtils.java:logGet(44)) - raft.server.snapshot.auto.trigger.enabled = true (custom)
2021-10-28 01:49:25,960 [pool-581-thread-1] INFO  server.RaftServerConfigKeys (ConfUtils.java:logGet(44)) - raft.server.snapshot.auto.trigger.threshold = 10000 (custom)
2021-10-28 01:49:25,960 [pool-600-thread-1] INFO  server.RaftServer$Division (RaftServerImpl.java:<init>(184)) - 31d6ae09-1bf4-4ff4-9532-94f29ed1392e: new RaftServerImpl for group-0B92E8633D8E:[850b4870-9ae5-4bfa-bbd2-f1f242dff33d|rpc:10.1.0.29:35637|dataStream:|priority:1, 31d6ae09-1bf4-4ff4-9532-94f29ed1392e|rpc:10.1.0.29:44047|dataStream:|priority:0, 43ee2308-4bff-4c12-a476-7906f102dfb0|rpc:10.1.0.29:33053|dataStream:|priority:0] with ContainerStateMachine:uninitialized
2021-10-28 01:49:25,960 [pool-600-thread-1] INFO  server.RaftServerConfigKeys (ConfUtils.java:logGet(44)) - raft.server.rpc.timeout.min = 5s (custom)
2021-10-28 01:49:25,960 [pool-600-thread-1] INFO  server.RaftServerConfigKeys (ConfUtils.java:logGet(44)) - raft.server.rpc.timeout.max = 5200ms (custom)
2021-10-28 01:49:25,960 [pool-600-thread-1] INFO  server.RaftServerConfigKeys (ConfUtils.java:logGet(44)) - raft.server.rpc.sleep.time = 25ms (default)
2021-10-28 01:49:25,961 [pool-600-thread-1] INFO  server.RaftServerConfigKeys (ConfUtils.java:logGet(44)) - raft.server.rpc.slowness.timeout = 300000ms (custom)
2021-10-28 01:49:25,961 [pool-600-thread-1] INFO  server.RaftServerConfigKeys (ConfUtils.java:logGet(44)) - raft.server.leaderelection.leader.step-down.wait-time = 10s (default)
2021-10-28 01:49:25,961 [pool-600-thread-1] INFO  server.RaftServerConfigKeys (ConfUtils.java:logGet(44)) - raft.server.sleep.deviation.threshold = 300ms (default)
2021-10-28 01:49:25,961 [pool-600-thread-1] INFO  server.RaftServerConfigKeys (ConfUtils.java:logGet(44)) - raft.server.log.appender.install.snapshot.enabled = false (custom)
2021-10-28 01:49:25,961 [pool-600-thread-1] INFO  server.RaftServer$Division (ServerState.java:<init>(105)) - 31d6ae09-1bf4-4ff4-9532-94f29ed1392e@group-0B92E8633D8E: ConfigurationManager, init=-1: [850b4870-9ae5-4bfa-bbd2-f1f242dff33d|rpc:10.1.0.29:35637|dataStream:|priority:1, 31d6ae09-1bf4-4ff4-9532-94f29ed1392e|rpc:10.1.0.29:44047|dataStream:|priority:0, 43ee2308-4bff-4c12-a476-7906f102dfb0|rpc:10.1.0.29:33053|dataStream:|priority:0], old=null, confs=<EMPTY_MAP>
2021-10-28 01:49:25,961 [pool-600-thread-1] INFO  server.RaftServerConfigKeys (ConfUtils.java:logGet(44)) - raft.server.storage.dir = [/home/runner/work/ozone/ozone/hadoop-ozone/integration-test/target/test-dir/MiniOzoneClusterImpl-0566475b-15f3-492a-9b28-f78457f271af/datanode-5/data/ratis] (custom)
2021-10-28 01:49:25,961 [pool-600-thread-1] INFO  server.RaftServerConfigKeys (ConfUtils.java:logGet(44)) - raft.server.log.corruption.policy = EXCEPTION (default)
2021-10-28 01:49:25,961 [pool-600-thread-1] INFO  server.RaftServerConfigKeys (ConfUtils.java:logGet(44)) - raft.server.storage.free-space.min = 0MB (=0) (default)
2021-10-28 01:49:25,961 [pool-600-thread-1] INFO  storage.RaftStorageDirectory (RaftStorageDirectoryImpl.java:analyzeStorage(135)) - The storage directory /home/runner/work/ozone/ozone/hadoop-ozone/integration-test/target/test-dir/MiniOzoneClusterImpl-0566475b-15f3-492a-9b28-f78457f271af/datanode-5/data/ratis/6cf808e4-8713-4a6a-bdd0-0b92e8633d8e does not exist. Creating ...
2021-10-28 01:49:25,960 [pool-581-thread-1] INFO  server.RaftServerConfigKeys (ConfUtils.java:logGet(44)) - raft.server.snapshot.retention.file.num = 5 (custom)
2021-10-28 01:49:25,962 [pool-581-thread-1] INFO  server.RaftServerConfigKeys (ConfUtils.java:logGet(44)) - raft.server.log.purge.upto.snapshot.index = false (default)
2021-10-28 01:49:25,962 [pool-581-thread-1] INFO  server.RaftServerConfigKeys (ConfUtils.java:logGet(44)) - raft.server.retrycache.expirytime = 600000ms (custom)
2021-10-28 01:49:25,962 [pool-581-thread-1] INFO  server.RaftServerConfigKeys (ConfUtils.java:logGet(44)) - raft.server.retrycache.statistics.expirytime = 100μs (default)
2021-10-28 01:49:25,963 [pool-581-thread-1] INFO  server.RaftServer$Division (RaftServerImpl.java:start(301)) - 43ee2308-4bff-4c12-a476-7906f102dfb0@group-616A459D8117: start as a follower, conf=-1: [43ee2308-4bff-4c12-a476-7906f102dfb0|rpc:10.1.0.29:33053|priority:1], old=null
2021-10-28 01:49:25,963 [pool-581-thread-1] INFO  server.RaftServer$Division (RaftServerImpl.java:setRole(290)) - 43ee2308-4bff-4c12-a476-7906f102dfb0@group-616A459D8117: changes role from      null to FOLLOWER at term 0 for startAsFollower
2021-10-28 01:49:25,963 [pool-581-thread-1] INFO  impl.RoleInfo (RoleInfo.java:updateAndGet(130)) - 43ee2308-4bff-4c12-a476-7906f102dfb0: start 43ee2308-4bff-4c12-a476-7906f102dfb0@group-616A459D8117-FollowerState
2021-10-28 01:49:25,969 [pool-600-thread-1] INFO  storage.RaftStorageDirectory (RaftStorageDirectoryImpl.java:tryLock(230)) - Lock on /home/runner/work/ozone/ozone/hadoop-ozone/integration-test/target/test-dir/MiniOzoneClusterImpl-0566475b-15f3-492a-9b28-f78457f271af/datanode-5/data/ratis/6cf808e4-8713-4a6a-bdd0-0b92e8633d8e/in_use.lock acquired by nodename 734@fv-az270-135
2021-10-28 01:49:25,969 [pool-600-thread-1] INFO  storage.RaftStorage (RaftStorageImpl.java:format(89)) - Storage directory /home/runner/work/ozone/ozone/hadoop-ozone/integration-test/target/test-dir/MiniOzoneClusterImpl-0566475b-15f3-492a-9b28-f78457f271af/datanode-5/data/ratis/6cf808e4-8713-4a6a-bdd0-0b92e8633d8e has been successfully formatted.
2021-10-28 01:49:25,993 [pool-600-thread-1] INFO  ratis.ContainerStateMachine (ContainerStateMachine.java:loadSnapshot(224)) - group-0B92E8633D8E: The snapshot info is null. Setting the last applied indexto:(t:0, i:~)
2021-10-28 01:49:25,994 [pool-600-thread-1] INFO  server.RaftServerConfigKeys (ConfUtils.java:logGet(44)) - raft.server.notification.no-leader.timeout = 300000ms (custom)
2021-10-28 01:49:25,994 [pool-600-thread-1] INFO  server.RaftServerConfigKeys (ConfUtils.java:logGet(44)) - raft.server.log.use.memory = false (default)
2021-10-28 01:49:25,994 [pool-600-thread-1] INFO  server.RaftServerConfigKeys (ConfUtils.java:logGet(44)) - raft.server.log.purge.gap = 1000000 (custom)
2021-10-28 01:49:25,994 [pool-600-thread-1] INFO  server.RaftServerConfigKeys (ConfUtils.java:logGet(44)) - raft.server.log.appender.buffer.byte-limit = 33554432 (custom)
2021-10-28 01:49:25,994 [pool-600-thread-1] INFO  server.RaftServerConfigKeys (ConfUtils.java:logGet(44)) - raft.server.log.segment.size.max = 1048576 (custom)
2021-10-28 01:49:25,995 [pool-600-thread-1] INFO  server.RaftServerConfigKeys (ConfUtils.java:logGet(44)) - raft.server.log.segment.cache.num.max = 2 (custom)
2021-10-28 01:49:25,993 [pool-581-thread-1] INFO  util.JmxRegister (JmxRegister.java:tryRegister(44)) - Successfully registered JMX Bean with object name Ratis:service=RaftServer,group=group-616A459D8117,id=43ee2308-4bff-4c12-a476-7906f102dfb0
2021-10-28 01:49:25,995 [pool-600-thread-1] INFO  server.RaftServerConfigKeys (ConfUtils.java:logGet(44)) - raft.server.log.segment.cache.size.max = 200MB (=209715200) (default)
2021-10-28 01:49:25,996 [pool-600-thread-1] INFO  segmented.SegmentedRaftLogWorker (SegmentedRaftLogWorker.java:<init>(182)) - new 31d6ae09-1bf4-4ff4-9532-94f29ed1392e@group-0B92E8633D8E-SegmentedRaftLogWorker for RaftStorageImpl:Storage Directory /home/runner/work/ozone/ozone/hadoop-ozone/integration-test/target/test-dir/MiniOzoneClusterImpl-0566475b-15f3-492a-9b28-f78457f271af/datanode-5/data/ratis/6cf808e4-8713-4a6a-bdd0-0b92e8633d8e
2021-10-28 01:49:25,996 [pool-600-thread-1] INFO  server.RaftServerConfigKeys (ConfUtils.java:logGet(44)) - raft.server.log.queue.byte-limit = 2147483647 (custom)
2021-10-28 01:49:25,996 [pool-600-thread-1] INFO  server.RaftServerConfigKeys (ConfUtils.java:logGet(44)) - raft.server.log.queue.element-limit = 1024 (custom)
2021-10-28 01:49:25,996 [pool-600-thread-1] INFO  server.RaftServerConfigKeys (ConfUtils.java:logGet(44)) - raft.server.log.segment.size.max = 1048576 (custom)
2021-10-28 01:49:25,996 [pool-600-thread-1] INFO  server.RaftServerConfigKeys (ConfUtils.java:logGet(44)) - raft.server.log.preallocated.size = 16384 (custom)
2021-10-28 01:49:25,996 [pool-600-thread-1] INFO  server.RaftServerConfigKeys (ConfUtils.java:logGet(44)) - raft.server.log.force.sync.num = 128 (default)
2021-10-28 01:49:25,996 [pool-600-thread-1] INFO  server.RaftServerConfigKeys (ConfUtils.java:logGet(44)) - raft.server.log.statemachine.data.sync = true (default)
2021-10-28 01:49:25,996 [pool-600-thread-1] INFO  server.RaftServerConfigKeys (ConfUtils.java:logGet(44)) - raft.server.log.statemachine.data.sync.timeout = 10s (default)
2021-10-28 01:49:25,996 [pool-600-thread-1] INFO  server.RaftServerConfigKeys (ConfUtils.java:logGet(44)) - raft.server.log.statemachine.data.sync.timeout.retry = -1 (default)
2021-10-28 01:49:26,011 [Command processor thread] INFO  ratis.XceiverServerRatis (XceiverServerRatis.java:addGroup(768)) - Created group PipelineID=6051f0ed-a979-43e1-b3d7-616a459d8117
2021-10-28 01:49:26,011 [Command processor thread] INFO  commandhandler.CreatePipelineCommandHandler (CreatePipelineCommandHandler.java:handle(106)) - Created Pipeline RATIS ONE PipelineID=6051f0ed-a979-43e1-b3d7-616a459d8117.
2021-10-28 01:49:26,012 [pool-600-thread-1] INFO  server.RaftServerConfigKeys (ConfUtils.java:logGet(44)) - raft.server.log.write.buffer.size = 1048576 (custom)
2021-10-28 01:49:26,013 [pool-600-thread-1] INFO  server.RaftServerConfigKeys (ConfUtils.java:logGet(44)) - raft.server.log.statemachine.data.caching.enabled = true (custom)
2021-10-28 01:49:26,013 [pool-600-thread-1] INFO  segmented.SegmentedRaftLogWorker (SegmentedRaftLogWorker.java:lambda$new$0(133)) - 31d6ae09-1bf4-4ff4-9532-94f29ed1392e@group-0B92E8633D8E-SegmentedRaftLogWorker: flushIndex: setUnconditionally 0 -> -1
2021-10-28 01:49:26,013 [pool-600-thread-1] INFO  segmented.SegmentedRaftLogWorker (SegmentedRaftLogWorker.java:lambda$new$0(133)) - 31d6ae09-1bf4-4ff4-9532-94f29ed1392e@group-0B92E8633D8E-SegmentedRaftLogWorker: safeCacheEvictIndex: setUnconditionally 0 -> -1
2021-10-28 01:49:26,016 [pool-600-thread-1] INFO  server.RaftServerConfigKeys (ConfUtils.java:logGet(44)) - raft.server.snapshot.auto.trigger.enabled = true (custom)
2021-10-28 01:49:26,016 [pool-600-thread-1] INFO  server.RaftServerConfigKeys (ConfUtils.java:logGet(44)) - raft.server.snapshot.auto.trigger.threshold = 10000 (custom)
2021-10-28 01:49:26,016 [pool-600-thread-1] INFO  server.RaftServerConfigKeys (ConfUtils.java:logGet(44)) - raft.server.snapshot.retention.file.num = 5 (custom)
2021-10-28 01:49:26,016 [pool-600-thread-1] INFO  server.RaftServerConfigKeys (ConfUtils.java:logGet(44)) - raft.server.log.purge.upto.snapshot.index = false (default)
2021-10-28 01:49:26,016 [pool-600-thread-1] INFO  server.RaftServerConfigKeys (ConfUtils.java:logGet(44)) - raft.server.retrycache.expirytime = 600000ms (custom)
2021-10-28 01:49:26,016 [pool-600-thread-1] INFO  server.RaftServerConfigKeys (ConfUtils.java:logGet(44)) - raft.server.retrycache.statistics.expirytime = 100μs (default)
2021-10-28 01:49:26,018 [pool-600-thread-1] INFO  server.RaftServer$Division (RaftServerImpl.java:start(301)) - 31d6ae09-1bf4-4ff4-9532-94f29ed1392e@group-0B92E8633D8E: start as a follower, conf=-1: [850b4870-9ae5-4bfa-bbd2-f1f242dff33d|rpc:10.1.0.29:35637|dataStream:|priority:1, 31d6ae09-1bf4-4ff4-9532-94f29ed1392e|rpc:10.1.0.29:44047|dataStream:|priority:0, 43ee2308-4bff-4c12-a476-7906f102dfb0|rpc:10.1.0.29:33053|dataStream:|priority:0], old=null
2021-10-28 01:49:26,018 [pool-600-thread-1] INFO  server.RaftServer$Division (RaftServerImpl.java:setRole(290)) - 31d6ae09-1bf4-4ff4-9532-94f29ed1392e@group-0B92E8633D8E: changes role from      null to FOLLOWER at term 0 for startAsFollower
2021-10-28 01:49:26,018 [pool-600-thread-1] INFO  impl.RoleInfo (RoleInfo.java:updateAndGet(130)) - 31d6ae09-1bf4-4ff4-9532-94f29ed1392e: start 31d6ae09-1bf4-4ff4-9532-94f29ed1392e@group-0B92E8633D8E-FollowerState
2021-10-28 01:49:26,043 [pool-600-thread-1] INFO  util.JmxRegister (JmxRegister.java:tryRegister(44)) - Successfully registered JMX Bean with object name Ratis:service=RaftServer,group=group-0B92E8633D8E,id=31d6ae09-1bf4-4ff4-9532-94f29ed1392e
2021-10-28 01:49:26,078 [Command processor thread] INFO  commandhandler.CreatePipelineCommandHandler (CreatePipelineCommandHandler.java:handle(106)) - Created Pipeline RATIS THREE PipelineID=6cf808e4-8713-4a6a-bdd0-0b92e8633d8e.
2021-10-28 01:49:26,627 [Listener at 127.0.0.1/46475] INFO  ozone.MiniOzoneClusterImpl (MiniOzoneClusterImpl.java:lambda$waitForClusterToBeReady$0(235)) - Nodes are ready. Got 7 of 7 DN Heartbeats.
2021-10-28 01:49:26,628 [Listener at 127.0.0.1/46475] INFO  ozone.MiniOzoneClusterImpl (MiniOzoneClusterImpl.java:lambda$waitForClusterToBeReady$0(238)) - Waiting for cluster to exit safe mode
2021-10-28 01:49:26,628 [Listener at 127.0.0.1/46475] INFO  ozone.MiniOzoneClusterImpl (MiniOzoneClusterImpl.java:lambda$waitForClusterToBeReady$0(240)) - SCM became leader
2021-10-28 01:49:26,803 [Command processor thread] INFO  server.RaftServer (RaftServerProxy.java:addNew(95)) - 31d6ae09-1bf4-4ff4-9532-94f29ed1392e: addNew group-712DC6EF7FC6:[31d6ae09-1bf4-4ff4-9532-94f29ed1392e|rpc:10.1.0.29:44047|priority:1] returns group-712DC6EF7FC6:java.util.concurrent.CompletableFuture@4798221e[Not completed]
2021-10-28 01:49:26,804 [pool-600-thread-1] INFO  server.RaftServer$Division (RaftServerImpl.java:<init>(184)) - 31d6ae09-1bf4-4ff4-9532-94f29ed1392e: new RaftServerImpl for group-712DC6EF7FC6:[31d6ae09-1bf4-4ff4-9532-94f29ed1392e|rpc:10.1.0.29:44047|priority:1] with ContainerStateMachine:uninitialized
2021-10-28 01:49:26,804 [pool-600-thread-1] INFO  server.RaftServerConfigKeys (ConfUtils.java:logGet(44)) - raft.server.rpc.timeout.min = 5s (custom)
2021-10-28 01:49:26,804 [pool-600-thread-1] INFO  server.RaftServerConfigKeys (ConfUtils.java:logGet(44)) - raft.server.rpc.timeout.max = 5200ms (custom)
2021-10-28 01:49:26,804 [pool-600-thread-1] INFO  server.RaftServerConfigKeys (ConfUtils.java:logGet(44)) - raft.server.rpc.sleep.time = 25ms (default)
2021-10-28 01:49:26,804 [pool-600-thread-1] INFO  server.RaftServerConfigKeys (ConfUtils.java:logGet(44)) - raft.server.rpc.slowness.timeout = 300000ms (custom)
2021-10-28 01:49:26,804 [pool-600-thread-1] INFO  server.RaftServerConfigKeys (ConfUtils.java:logGet(44)) - raft.server.leaderelection.leader.step-down.wait-time = 10s (default)
2021-10-28 01:49:26,804 [pool-600-thread-1] INFO  server.RaftServerConfigKeys (ConfUtils.java:logGet(44)) - raft.server.sleep.deviation.threshold = 300ms (default)
2021-10-28 01:49:26,804 [pool-600-thread-1] INFO  server.RaftServerConfigKeys (ConfUtils.java:logGet(44)) - raft.server.log.appender.install.snapshot.enabled = false (custom)
2021-10-28 01:49:26,805 [pool-600-thread-1] INFO  server.RaftServer$Division (ServerState.java:<init>(105)) - 31d6ae09-1bf4-4ff4-9532-94f29ed1392e@group-712DC6EF7FC6: ConfigurationManager, init=-1: [31d6ae09-1bf4-4ff4-9532-94f29ed1392e|rpc:10.1.0.29:44047|priority:1], old=null, confs=<EMPTY_MAP>
2021-10-28 01:49:26,805 [pool-600-thread-1] INFO  server.RaftServerConfigKeys (ConfUtils.java:logGet(44)) - raft.server.storage.dir = [/home/runner/work/ozone/ozone/hadoop-ozone/integration-test/target/test-dir/MiniOzoneClusterImpl-0566475b-15f3-492a-9b28-f78457f271af/datanode-5/data/ratis] (custom)
2021-10-28 01:49:26,805 [pool-600-thread-1] INFO  server.RaftServerConfigKeys (ConfUtils.java:logGet(44)) - raft.server.log.corruption.policy = EXCEPTION (default)
2021-10-28 01:49:26,805 [pool-600-thread-1] INFO  server.RaftServerConfigKeys (ConfUtils.java:logGet(44)) - raft.server.storage.free-space.min = 0MB (=0) (default)
2021-10-28 01:49:26,805 [pool-600-thread-1] INFO  storage.RaftStorageDirectory (RaftStorageDirectoryImpl.java:analyzeStorage(135)) - The storage directory /home/runner/work/ozone/ozone/hadoop-ozone/integration-test/target/test-dir/MiniOzoneClusterImpl-0566475b-15f3-492a-9b28-f78457f271af/datanode-5/data/ratis/572f35b9-4513-420d-a747-712dc6ef7fc6 does not exist. Creating ...
2021-10-28 01:49:26,807 [pool-600-thread-1] INFO  storage.RaftStorageDirectory (RaftStorageDirectoryImpl.java:tryLock(230)) - Lock on /home/runner/work/ozone/ozone/hadoop-ozone/integration-test/target/test-dir/MiniOzoneClusterImpl-0566475b-15f3-492a-9b28-f78457f271af/datanode-5/data/ratis/572f35b9-4513-420d-a747-712dc6ef7fc6/in_use.lock acquired by nodename 734@fv-az270-135
2021-10-28 01:49:26,818 [pool-600-thread-1] INFO  storage.RaftStorage (RaftStorageImpl.java:format(89)) - Storage directory /home/runner/work/ozone/ozone/hadoop-ozone/integration-test/target/test-dir/MiniOzoneClusterImpl-0566475b-15f3-492a-9b28-f78457f271af/datanode-5/data/ratis/572f35b9-4513-420d-a747-712dc6ef7fc6 has been successfully formatted.
2021-10-28 01:49:26,818 [pool-600-thread-1] INFO  ratis.ContainerStateMachine (ContainerStateMachine.java:loadSnapshot(224)) - group-712DC6EF7FC6: The snapshot info is null. Setting the last applied indexto:(t:0, i:~)
2021-10-28 01:49:26,819 [pool-600-thread-1] INFO  server.RaftServerConfigKeys (ConfUtils.java:logGet(44)) - raft.server.notification.no-leader.timeout = 300000ms (custom)
2021-10-28 01:49:26,819 [pool-600-thread-1] INFO  server.RaftServerConfigKeys (ConfUtils.java:logGet(44)) - raft.server.log.use.memory = false (default)
2021-10-28 01:49:26,819 [pool-600-thread-1] INFO  server.RaftServerConfigKeys (ConfUtils.java:logGet(44)) - raft.server.log.purge.gap = 1000000 (custom)
2021-10-28 01:49:26,819 [pool-600-thread-1] INFO  server.RaftServerConfigKeys (ConfUtils.java:logGet(44)) - raft.server.log.appender.buffer.byte-limit = 33554432 (custom)
2021-10-28 01:49:26,819 [pool-600-thread-1] INFO  server.RaftServerConfigKeys (ConfUtils.java:logGet(44)) - raft.server.log.segment.size.max = 1048576 (custom)
2021-10-28 01:49:26,819 [pool-600-thread-1] INFO  server.RaftServerConfigKeys (ConfUtils.java:logGet(44)) - raft.server.log.segment.cache.num.max = 2 (custom)
2021-10-28 01:49:26,820 [pool-600-thread-1] INFO  server.RaftServerConfigKeys (ConfUtils.java:logGet(44)) - raft.server.log.segment.cache.size.max = 200MB (=209715200) (default)
2021-10-28 01:49:26,820 [pool-600-thread-1] INFO  segmented.SegmentedRaftLogWorker (SegmentedRaftLogWorker.java:<init>(182)) - new 31d6ae09-1bf4-4ff4-9532-94f29ed1392e@group-712DC6EF7FC6-SegmentedRaftLogWorker for RaftStorageImpl:Storage Directory /home/runner/work/ozone/ozone/hadoop-ozone/integration-test/target/test-dir/MiniOzoneClusterImpl-0566475b-15f3-492a-9b28-f78457f271af/datanode-5/data/ratis/572f35b9-4513-420d-a747-712dc6ef7fc6
2021-10-28 01:49:26,820 [pool-600-thread-1] INFO  server.RaftServerConfigKeys (ConfUtils.java:logGet(44)) - raft.server.log.queue.byte-limit = 2147483647 (custom)
2021-10-28 01:49:26,820 [pool-600-thread-1] INFO  server.RaftServerConfigKeys (ConfUtils.java:logGet(44)) - raft.server.log.queue.element-limit = 1024 (custom)
2021-10-28 01:49:26,820 [pool-600-thread-1] INFO  server.RaftServerConfigKeys (ConfUtils.java:logGet(44)) - raft.server.log.segment.size.max = 1048576 (custom)
2021-10-28 01:49:26,820 [pool-600-thread-1] INFO  server.RaftServerConfigKeys (ConfUtils.java:logGet(44)) - raft.server.log.preallocated.size = 16384 (custom)
2021-10-28 01:49:26,820 [pool-600-thread-1] INFO  server.RaftServerConfigKeys (ConfUtils.java:logGet(44)) - raft.server.log.force.sync.num = 128 (default)
2021-10-28 01:49:26,820 [pool-600-thread-1] INFO  server.RaftServerConfigKeys (ConfUtils.java:logGet(44)) - raft.server.log.statemachine.data.sync = true (default)
2021-10-28 01:49:26,820 [pool-600-thread-1] INFO  server.RaftServerConfigKeys (ConfUtils.java:logGet(44)) - raft.server.log.statemachine.data.sync.timeout = 10s (default)
2021-10-28 01:49:26,820 [pool-600-thread-1] INFO  server.RaftServerConfigKeys (ConfUtils.java:logGet(44)) - raft.server.log.statemachine.data.sync.timeout.retry = -1 (default)
2021-10-28 01:49:26,821 [pool-600-thread-1] INFO  server.RaftServerConfigKeys (ConfUtils.java:logGet(44)) - raft.server.log.write.buffer.size = 1048576 (custom)
2021-10-28 01:49:26,822 [pool-600-thread-1] INFO  server.RaftServerConfigKeys (ConfUtils.java:logGet(44)) - raft.server.log.statemachine.data.caching.enabled = true (custom)
2021-10-28 01:49:26,822 [pool-600-thread-1] INFO  segmented.SegmentedRaftLogWorker (SegmentedRaftLogWorker.java:lambda$new$0(133)) - 31d6ae09-1bf4-4ff4-9532-94f29ed1392e@group-712DC6EF7FC6-SegmentedRaftLogWorker: flushIndex: setUnconditionally 0 -> -1
2021-10-28 01:49:26,822 [pool-600-thread-1] INFO  segmented.SegmentedRaftLogWorker (SegmentedRaftLogWorker.java:lambda$new$0(133)) - 31d6ae09-1bf4-4ff4-9532-94f29ed1392e@group-712DC6EF7FC6-SegmentedRaftLogWorker: safeCacheEvictIndex: setUnconditionally 0 -> -1
2021-10-28 01:49:26,835 [pool-600-thread-1] INFO  server.RaftServerConfigKeys (ConfUtils.java:logGet(44)) - raft.server.snapshot.auto.trigger.enabled = true (custom)
2021-10-28 01:49:26,835 [pool-600-thread-1] INFO  server.RaftServerConfigKeys (ConfUtils.java:logGet(44)) - raft.server.snapshot.auto.trigger.threshold = 10000 (custom)
2021-10-28 01:49:26,835 [pool-600-thread-1] INFO  server.RaftServerConfigKeys (ConfUtils.java:logGet(44)) - raft.server.snapshot.retention.file.num = 5 (custom)
2021-10-28 01:49:26,835 [pool-600-thread-1] INFO  server.RaftServerConfigKeys (ConfUtils.java:logGet(44)) - raft.server.log.purge.upto.snapshot.index = false (default)
2021-10-28 01:49:26,835 [pool-600-thread-1] INFO  server.RaftServerConfigKeys (ConfUtils.java:logGet(44)) - raft.server.retrycache.expirytime = 600000ms (custom)
2021-10-28 01:49:26,835 [pool-600-thread-1] INFO  server.RaftServerConfigKeys (ConfUtils.java:logGet(44)) - raft.server.retrycache.statistics.expirytime = 100μs (default)
2021-10-28 01:49:26,837 [pool-600-thread-1] INFO  server.RaftServer$Division (RaftServerImpl.java:start(301)) - 31d6ae09-1bf4-4ff4-9532-94f29ed1392e@group-712DC6EF7FC6: start as a follower, conf=-1: [31d6ae09-1bf4-4ff4-9532-94f29ed1392e|rpc:10.1.0.29:44047|priority:1], old=null
2021-10-28 01:49:26,837 [pool-600-thread-1] INFO  server.RaftServer$Division (RaftServerImpl.java:setRole(290)) - 31d6ae09-1bf4-4ff4-9532-94f29ed1392e@group-712DC6EF7FC6: changes role from      null to FOLLOWER at term 0 for startAsFollower
2021-10-28 01:49:26,837 [pool-600-thread-1] INFO  impl.RoleInfo (RoleInfo.java:updateAndGet(130)) - 31d6ae09-1bf4-4ff4-9532-94f29ed1392e: start 31d6ae09-1bf4-4ff4-9532-94f29ed1392e@group-712DC6EF7FC6-FollowerState
2021-10-28 01:49:26,839 [pool-600-thread-1] INFO  util.JmxRegister (JmxRegister.java:tryRegister(44)) - Successfully registered JMX Bean with object name Ratis:service=RaftServer,group=group-712DC6EF7FC6,id=31d6ae09-1bf4-4ff4-9532-94f29ed1392e
2021-10-28 01:49:26,840 [Command processor thread] INFO  ratis.XceiverServerRatis (XceiverServerRatis.java:addGroup(768)) - Created group PipelineID=572f35b9-4513-420d-a747-712dc6ef7fc6
2021-10-28 01:49:26,840 [Command processor thread] INFO  commandhandler.CreatePipelineCommandHandler (CreatePipelineCommandHandler.java:handle(106)) - Created Pipeline RATIS ONE PipelineID=572f35b9-4513-420d-a747-712dc6ef7fc6.
2021-10-28 01:49:26,841 [EventQueue-PipelineReportForPipelineReportHandler] INFO  pipeline.PipelineManagerImpl (PipelineManagerImpl.java:openPipeline(289)) - Pipeline Pipeline[ Id: 572f35b9-4513-420d-a747-712dc6ef7fc6, Nodes: 31d6ae09-1bf4-4ff4-9532-94f29ed1392e{ip: 10.1.0.29, host: fv-az270-135.tacnzluakwdehk1hpragurqkma.bx.internal.cloudapp.net, ports: [REPLICATION=42011, RATIS=44047, RATIS_ADMIN=44047, RATIS_SERVER=44047, STANDALONE=32823], networkLocation: /default-rack, certSerialId: null, persistedOpState: IN_SERVICE, persistedOpStateExpiryEpochSec: 0}, ReplicationConfig: RATIS/ONE, State:ALLOCATED, leaderId:31d6ae09-1bf4-4ff4-9532-94f29ed1392e, CreationTimestamp2021-10-28T01:49:23.805Z[Etc/UTC]] moved to OPEN state
2021-10-28 01:49:26,842 [EventQueue-OpenPipelineForHealthyPipelineSafeModeRule] INFO  safemode.SCMSafeModeManager (HealthyPipelineSafeModeRule.java:process(124)) - SCM in safe mode. Healthy pipelines reported count is 0, required healthy pipeline reported count is 1
2021-10-28 01:49:27,594 [Command processor thread] INFO  server.RaftServer (RaftServerProxy.java:addNew(95)) - 6d544018-2462-4d7b-9c06-1f628f7d4bb3: addNew group-3B8B63793B5A:[6d544018-2462-4d7b-9c06-1f628f7d4bb3|rpc:10.1.0.29:46225|priority:1] returns group-3B8B63793B5A:java.util.concurrent.CompletableFuture@686a0dba[Not completed]
2021-10-28 01:49:27,595 [pool-619-thread-1] INFO  server.RaftServer$Division (RaftServerImpl.java:<init>(184)) - 6d544018-2462-4d7b-9c06-1f628f7d4bb3: new RaftServerImpl for group-3B8B63793B5A:[6d544018-2462-4d7b-9c06-1f628f7d4bb3|rpc:10.1.0.29:46225|priority:1] with ContainerStateMachine:uninitialized
2021-10-28 01:49:27,595 [pool-619-thread-1] INFO  server.RaftServerConfigKeys (ConfUtils.java:logGet(44)) - raft.server.rpc.timeout.min = 5s (custom)
2021-10-28 01:49:27,595 [pool-619-thread-1] INFO  server.RaftServerConfigKeys (ConfUtils.java:logGet(44)) - raft.server.rpc.timeout.max = 5200ms (custom)
2021-10-28 01:49:27,595 [pool-619-thread-1] INFO  server.RaftServerConfigKeys (ConfUtils.java:logGet(44)) - raft.server.rpc.sleep.time = 25ms (default)
2021-10-28 01:49:27,595 [pool-619-thread-1] INFO  server.RaftServerConfigKeys (ConfUtils.java:logGet(44)) - raft.server.rpc.slowness.timeout = 300000ms (custom)
2021-10-28 01:49:27,595 [pool-619-thread-1] INFO  server.RaftServerConfigKeys (ConfUtils.java:logGet(44)) - raft.server.leaderelection.leader.step-down.wait-time = 10s (default)
2021-10-28 01:49:27,595 [pool-619-thread-1] INFO  server.RaftServerConfigKeys (ConfUtils.java:logGet(44)) - raft.server.sleep.deviation.threshold = 300ms (default)
2021-10-28 01:49:27,595 [pool-619-thread-1] INFO  server.RaftServerConfigKeys (ConfUtils.java:logGet(44)) - raft.server.log.appender.install.snapshot.enabled = false (custom)
2021-10-28 01:49:27,595 [pool-619-thread-1] INFO  server.RaftServer$Division (ServerState.java:<init>(105)) - 6d544018-2462-4d7b-9c06-1f628f7d4bb3@group-3B8B63793B5A: ConfigurationManager, init=-1: [6d544018-2462-4d7b-9c06-1f628f7d4bb3|rpc:10.1.0.29:46225|priority:1], old=null, confs=<EMPTY_MAP>
2021-10-28 01:49:27,595 [pool-619-thread-1] INFO  server.RaftServerConfigKeys (ConfUtils.java:logGet(44)) - raft.server.storage.dir = [/home/runner/work/ozone/ozone/hadoop-ozone/integration-test/target/test-dir/MiniOzoneClusterImpl-0566475b-15f3-492a-9b28-f78457f271af/datanode-6/data/ratis] (custom)
2021-10-28 01:49:27,595 [pool-619-thread-1] INFO  server.RaftServerConfigKeys (ConfUtils.java:logGet(44)) - raft.server.log.corruption.policy = EXCEPTION (default)
2021-10-28 01:49:27,596 [pool-619-thread-1] INFO  server.RaftServerConfigKeys (ConfUtils.java:logGet(44)) - raft.server.storage.free-space.min = 0MB (=0) (default)
2021-10-28 01:49:27,596 [pool-619-thread-1] INFO  storage.RaftStorageDirectory (RaftStorageDirectoryImpl.java:analyzeStorage(135)) - The storage directory /home/runner/work/ozone/ozone/hadoop-ozone/integration-test/target/test-dir/MiniOzoneClusterImpl-0566475b-15f3-492a-9b28-f78457f271af/datanode-6/data/ratis/f9ac2680-f782-496d-9a98-3b8b63793b5a does not exist. Creating ...
2021-10-28 01:49:27,627 [pool-619-thread-1] INFO  storage.RaftStorageDirectory (RaftStorageDirectoryImpl.java:tryLock(230)) - Lock on /home/runner/work/ozone/ozone/hadoop-ozone/integration-test/target/test-dir/MiniOzoneClusterImpl-0566475b-15f3-492a-9b28-f78457f271af/datanode-6/data/ratis/f9ac2680-f782-496d-9a98-3b8b63793b5a/in_use.lock acquired by nodename 734@fv-az270-135
2021-10-28 01:49:27,628 [Listener at 127.0.0.1/46475] INFO  ozone.MiniOzoneClusterImpl (MiniOzoneClusterImpl.java:lambda$waitForClusterToBeReady$0(235)) - Nodes are ready. Got 7 of 7 DN Heartbeats.
2021-10-28 01:49:27,631 [Listener at 127.0.0.1/46475] INFO  ozone.MiniOzoneClusterImpl (MiniOzoneClusterImpl.java:lambda$waitForClusterToBeReady$0(238)) - Waiting for cluster to exit safe mode
2021-10-28 01:49:27,631 [Listener at 127.0.0.1/46475] INFO  ozone.MiniOzoneClusterImpl (MiniOzoneClusterImpl.java:lambda$waitForClusterToBeReady$0(240)) - SCM became leader
2021-10-28 01:49:27,656 [pool-619-thread-1] INFO  storage.RaftStorage (RaftStorageImpl.java:format(89)) - Storage directory /home/runner/work/ozone/ozone/hadoop-ozone/integration-test/target/test-dir/MiniOzoneClusterImpl-0566475b-15f3-492a-9b28-f78457f271af/datanode-6/data/ratis/f9ac2680-f782-496d-9a98-3b8b63793b5a has been successfully formatted.
2021-10-28 01:49:27,664 [pool-619-thread-1] INFO  ratis.ContainerStateMachine (ContainerStateMachine.java:loadSnapshot(224)) - group-3B8B63793B5A: The snapshot info is null. Setting the last applied indexto:(t:0, i:~)
2021-10-28 01:49:27,664 [pool-619-thread-1] INFO  server.RaftServerConfigKeys (ConfUtils.java:logGet(44)) - raft.server.notification.no-leader.timeout = 300000ms (custom)
2021-10-28 01:49:27,664 [pool-619-thread-1] INFO  server.RaftServerConfigKeys (ConfUtils.java:logGet(44)) - raft.server.log.use.memory = false (default)
2021-10-28 01:49:27,664 [pool-619-thread-1] INFO  server.RaftServerConfigKeys (ConfUtils.java:logGet(44)) - raft.server.log.purge.gap = 1000000 (custom)
2021-10-28 01:49:27,664 [pool-619-thread-1] INFO  server.RaftServerConfigKeys (ConfUtils.java:logGet(44)) - raft.server.log.appender.buffer.byte-limit = 33554432 (custom)
2021-10-28 01:49:27,664 [pool-619-thread-1] INFO  server.RaftServerConfigKeys (ConfUtils.java:logGet(44)) - raft.server.log.segment.size.max = 1048576 (custom)
2021-10-28 01:49:27,665 [pool-619-thread-1] INFO  server.RaftServerConfigKeys (ConfUtils.java:logGet(44)) - raft.server.log.segment.cache.num.max = 2 (custom)
2021-10-28 01:49:27,665 [pool-619-thread-1] INFO  server.RaftServerConfigKeys (ConfUtils.java:logGet(44)) - raft.server.log.segment.cache.size.max = 200MB (=209715200) (default)
2021-10-28 01:49:27,665 [pool-619-thread-1] INFO  segmented.SegmentedRaftLogWorker (SegmentedRaftLogWorker.java:<init>(182)) - new 6d544018-2462-4d7b-9c06-1f628f7d4bb3@group-3B8B63793B5A-SegmentedRaftLogWorker for RaftStorageImpl:Storage Directory /home/runner/work/ozone/ozone/hadoop-ozone/integration-test/target/test-dir/MiniOzoneClusterImpl-0566475b-15f3-492a-9b28-f78457f271af/datanode-6/data/ratis/f9ac2680-f782-496d-9a98-3b8b63793b5a
2021-10-28 01:49:27,665 [pool-619-thread-1] INFO  server.RaftServerConfigKeys (ConfUtils.java:logGet(44)) - raft.server.log.queue.byte-limit = 2147483647 (custom)
2021-10-28 01:49:27,665 [pool-619-thread-1] INFO  server.RaftServerConfigKeys (ConfUtils.java:logGet(44)) - raft.server.log.queue.element-limit = 1024 (custom)
2021-10-28 01:49:27,665 [pool-619-thread-1] INFO  server.RaftServerConfigKeys (ConfUtils.java:logGet(44)) - raft.server.log.segment.size.max = 1048576 (custom)
2021-10-28 01:49:27,665 [pool-619-thread-1] INFO  server.RaftServerConfigKeys (ConfUtils.java:logGet(44)) - raft.server.log.preallocated.size = 16384 (custom)
2021-10-28 01:49:27,665 [pool-619-thread-1] INFO  server.RaftServerConfigKeys (ConfUtils.java:logGet(44)) - raft.server.log.force.sync.num = 128 (default)
2021-10-28 01:49:27,665 [pool-619-thread-1] INFO  server.RaftServerConfigKeys (ConfUtils.java:logGet(44)) - raft.server.log.statemachine.data.sync = true (default)
2021-10-28 01:49:27,665 [pool-619-thread-1] INFO  server.RaftServerConfigKeys (ConfUtils.java:logGet(44)) - raft.server.log.statemachine.data.sync.timeout = 10s (default)
2021-10-28 01:49:27,665 [pool-619-thread-1] INFO  server.RaftServerConfigKeys (ConfUtils.java:logGet(44)) - raft.server.log.statemachine.data.sync.timeout.retry = -1 (default)
2021-10-28 01:49:27,666 [EventQueue-PipelineReportForPipelineReportHandler] INFO  pipeline.PipelineManagerImpl (PipelineManagerImpl.java:openPipeline(289)) - Pipeline Pipeline[ Id: f9ac2680-f782-496d-9a98-3b8b63793b5a, Nodes: 6d544018-2462-4d7b-9c06-1f628f7d4bb3{ip: 10.1.0.29, host: fv-az270-135.tacnzluakwdehk1hpragurqkma.bx.internal.cloudapp.net, ports: [REPLICATION=41683, RATIS=46225, RATIS_ADMIN=46225, RATIS_SERVER=46225, STANDALONE=33603], networkLocation: /default-rack, certSerialId: null, persistedOpState: IN_SERVICE, persistedOpStateExpiryEpochSec: 0}, ReplicationConfig: RATIS/ONE, State:ALLOCATED, leaderId:6d544018-2462-4d7b-9c06-1f628f7d4bb3, CreationTimestamp2021-10-28T01:49:24.594Z[Etc/UTC]] moved to OPEN state
2021-10-28 01:49:27,666 [pool-619-thread-1] INFO  server.RaftServerConfigKeys (ConfUtils.java:logGet(44)) - raft.server.log.write.buffer.size = 1048576 (custom)
2021-10-28 01:49:27,666 [EventQueue-OpenPipelineForHealthyPipelineSafeModeRule] INFO  safemode.SCMSafeModeManager (HealthyPipelineSafeModeRule.java:process(124)) - SCM in safe mode. Healthy pipelines reported count is 0, required healthy pipeline reported count is 1
2021-10-28 01:49:27,667 [pool-619-thread-1] INFO  server.RaftServerConfigKeys (ConfUtils.java:logGet(44)) - raft.server.log.statemachine.data.caching.enabled = true (custom)
2021-10-28 01:49:27,667 [pool-619-thread-1] INFO  segmented.SegmentedRaftLogWorker (SegmentedRaftLogWorker.java:lambda$new$0(133)) - 6d544018-2462-4d7b-9c06-1f628f7d4bb3@group-3B8B63793B5A-SegmentedRaftLogWorker: flushIndex: setUnconditionally 0 -> -1
2021-10-28 01:49:27,667 [pool-619-thread-1] INFO  segmented.SegmentedRaftLogWorker (SegmentedRaftLogWorker.java:lambda$new$0(133)) - 6d544018-2462-4d7b-9c06-1f628f7d4bb3@group-3B8B63793B5A-SegmentedRaftLogWorker: safeCacheEvictIndex: setUnconditionally 0 -> -1
2021-10-28 01:49:27,667 [pool-619-thread-1] INFO  server.RaftServerConfigKeys (ConfUtils.java:logGet(44)) - raft.server.snapshot.auto.trigger.enabled = true (custom)
2021-10-28 01:49:27,675 [pool-619-thread-1] INFO  server.RaftServerConfigKeys (ConfUtils.java:logGet(44)) - raft.server.snapshot.auto.trigger.threshold = 10000 (custom)
2021-10-28 01:49:27,679 [pool-619-thread-1] INFO  server.RaftServerConfigKeys (ConfUtils.java:logGet(44)) - raft.server.snapshot.retention.file.num = 5 (custom)
2021-10-28 01:49:27,681 [pool-619-thread-1] INFO  server.RaftServerConfigKeys (ConfUtils.java:logGet(44)) - raft.server.log.purge.upto.snapshot.index = false (default)
2021-10-28 01:49:27,681 [pool-619-thread-1] INFO  server.RaftServerConfigKeys (ConfUtils.java:logGet(44)) - raft.server.retrycache.expirytime = 600000ms (custom)
2021-10-28 01:49:27,681 [pool-619-thread-1] INFO  server.RaftServerConfigKeys (ConfUtils.java:logGet(44)) - raft.server.retrycache.statistics.expirytime = 100μs (default)
2021-10-28 01:49:27,683 [pool-619-thread-1] INFO  server.RaftServer$Division (RaftServerImpl.java:start(301)) - 6d544018-2462-4d7b-9c06-1f628f7d4bb3@group-3B8B63793B5A: start as a follower, conf=-1: [6d544018-2462-4d7b-9c06-1f628f7d4bb3|rpc:10.1.0.29:46225|priority:1], old=null
2021-10-28 01:49:27,683 [pool-619-thread-1] INFO  server.RaftServer$Division (RaftServerImpl.java:setRole(290)) - 6d544018-2462-4d7b-9c06-1f628f7d4bb3@group-3B8B63793B5A: changes role from      null to FOLLOWER at term 0 for startAsFollower
2021-10-28 01:49:27,683 [pool-619-thread-1] INFO  impl.RoleInfo (RoleInfo.java:updateAndGet(130)) - 6d544018-2462-4d7b-9c06-1f628f7d4bb3: start 6d544018-2462-4d7b-9c06-1f628f7d4bb3@group-3B8B63793B5A-FollowerState
2021-10-28 01:49:27,686 [pool-619-thread-1] INFO  util.JmxRegister (JmxRegister.java:tryRegister(44)) - Successfully registered JMX Bean with object name Ratis:service=RaftServer,group=group-3B8B63793B5A,id=6d544018-2462-4d7b-9c06-1f628f7d4bb3
2021-10-28 01:49:27,687 [Command processor thread] INFO  ratis.XceiverServerRatis (XceiverServerRatis.java:addGroup(768)) - Created group PipelineID=f9ac2680-f782-496d-9a98-3b8b63793b5a
2021-10-28 01:49:27,687 [Command processor thread] INFO  commandhandler.CreatePipelineCommandHandler (CreatePipelineCommandHandler.java:handle(106)) - Created Pipeline RATIS ONE PipelineID=f9ac2680-f782-496d-9a98-3b8b63793b5a.
2021-10-28 01:49:28,246 [253ef487-fc9a-46cf-a18f-fb890cfa9c45@group-7330C24FE1E2-FollowerState] INFO  impl.FollowerState (FollowerState.java:run(134)) - 253ef487-fc9a-46cf-a18f-fb890cfa9c45@group-7330C24FE1E2-FollowerState: change to CANDIDATE, lastRpcElapsedTime:5038128923ns, electionTimeout:5037ms
2021-10-28 01:49:28,246 [253ef487-fc9a-46cf-a18f-fb890cfa9c45@group-7330C24FE1E2-FollowerState] INFO  impl.RoleInfo (RoleInfo.java:shutdownFollowerState(108)) - 253ef487-fc9a-46cf-a18f-fb890cfa9c45: shutdown 253ef487-fc9a-46cf-a18f-fb890cfa9c45@group-7330C24FE1E2-FollowerState
2021-10-28 01:49:28,247 [253ef487-fc9a-46cf-a18f-fb890cfa9c45@group-7330C24FE1E2-FollowerState] INFO  server.RaftServer$Division (RaftServerImpl.java:setRole(290)) - 253ef487-fc9a-46cf-a18f-fb890cfa9c45@group-7330C24FE1E2: changes role from  FOLLOWER to CANDIDATE at term 0 for changeToCandidate
2021-10-28 01:49:28,248 [253ef487-fc9a-46cf-a18f-fb890cfa9c45@group-7330C24FE1E2-FollowerState] INFO  server.RaftServerConfigKeys (ConfUtils.java:logGet(44)) - raft.server.leaderelection.pre-vote = false (custom)
2021-10-28 01:49:28,248 [253ef487-fc9a-46cf-a18f-fb890cfa9c45@group-7330C24FE1E2-FollowerState] INFO  impl.RoleInfo (RoleInfo.java:updateAndGet(130)) - 253ef487-fc9a-46cf-a18f-fb890cfa9c45: start 253ef487-fc9a-46cf-a18f-fb890cfa9c45@group-7330C24FE1E2-LeaderElection54
2021-10-28 01:49:28,318 [253ef487-fc9a-46cf-a18f-fb890cfa9c45@group-6BF915904876-FollowerState] INFO  impl.FollowerState (FollowerState.java:run(134)) - 253ef487-fc9a-46cf-a18f-fb890cfa9c45@group-6BF915904876-FollowerState: change to CANDIDATE, lastRpcElapsedTime:5208023249ns, electionTimeout:5187ms
2021-10-28 01:49:28,318 [253ef487-fc9a-46cf-a18f-fb890cfa9c45@group-6BF915904876-FollowerState] INFO  impl.RoleInfo (RoleInfo.java:shutdownFollowerState(108)) - 253ef487-fc9a-46cf-a18f-fb890cfa9c45: shutdown 253ef487-fc9a-46cf-a18f-fb890cfa9c45@group-6BF915904876-FollowerState
2021-10-28 01:49:28,318 [253ef487-fc9a-46cf-a18f-fb890cfa9c45@group-6BF915904876-FollowerState] INFO  server.RaftServer$Division (RaftServerImpl.java:setRole(290)) - 253ef487-fc9a-46cf-a18f-fb890cfa9c45@group-6BF915904876: changes role from  FOLLOWER to CANDIDATE at term 0 for changeToCandidate
2021-10-28 01:49:28,318 [253ef487-fc9a-46cf-a18f-fb890cfa9c45@group-6BF915904876-FollowerState] INFO  server.RaftServerConfigKeys (ConfUtils.java:logGet(44)) - raft.server.leaderelection.pre-vote = false (custom)
2021-10-28 01:49:28,318 [253ef487-fc9a-46cf-a18f-fb890cfa9c45@group-6BF915904876-FollowerState] INFO  impl.RoleInfo (RoleInfo.java:updateAndGet(130)) - 253ef487-fc9a-46cf-a18f-fb890cfa9c45: start 253ef487-fc9a-46cf-a18f-fb890cfa9c45@group-6BF915904876-LeaderElection55
2021-10-28 01:49:28,321 [253ef487-fc9a-46cf-a18f-fb890cfa9c45@group-7330C24FE1E2-LeaderElection54] INFO  impl.LeaderElection (LeaderElection.java:askForVotes(306)) - 253ef487-fc9a-46cf-a18f-fb890cfa9c45@group-7330C24FE1E2-LeaderElection54 ELECTION round 0: submit vote requests at term 1 for -1: [3bba12ea-eb97-4cb8-a72d-96cb4f92f88e|rpc:10.1.0.29:33133|priority:0, 253ef487-fc9a-46cf-a18f-fb890cfa9c45|rpc:10.1.0.29:46847|priority:0, 167d9434-a89e-4891-b1b1-bac4f9f29552|rpc:10.1.0.29:32839|priority:1], old=null
2021-10-28 01:49:28,357 [253ef487-fc9a-46cf-a18f-fb890cfa9c45@group-6BF915904876-LeaderElection55] INFO  impl.LeaderElection (LeaderElection.java:askForVotes(306)) - 253ef487-fc9a-46cf-a18f-fb890cfa9c45@group-6BF915904876-LeaderElection55 ELECTION round 0: submit vote requests at term 1 for -1: [253ef487-fc9a-46cf-a18f-fb890cfa9c45|rpc:10.1.0.29:46847|priority:1], old=null
2021-10-28 01:49:28,357 [253ef487-fc9a-46cf-a18f-fb890cfa9c45@group-6BF915904876-LeaderElection55] INFO  impl.LeaderElection (LeaderElection.java:askForVotes(308)) - 253ef487-fc9a-46cf-a18f-fb890cfa9c45@group-6BF915904876-LeaderElection55 ELECTION round 0: result PASSED (term=1)
2021-10-28 01:49:28,357 [253ef487-fc9a-46cf-a18f-fb890cfa9c45@group-6BF915904876-LeaderElection55] INFO  impl.RoleInfo (RoleInfo.java:shutdownLeaderElection(121)) - 253ef487-fc9a-46cf-a18f-fb890cfa9c45: shutdown 253ef487-fc9a-46cf-a18f-fb890cfa9c45@group-6BF915904876-LeaderElection55
2021-10-28 01:49:28,357 [253ef487-fc9a-46cf-a18f-fb890cfa9c45@group-6BF915904876-LeaderElection55] INFO  server.RaftServer$Division (RaftServerImpl.java:setRole(290)) - 253ef487-fc9a-46cf-a18f-fb890cfa9c45@group-6BF915904876: changes role from CANDIDATE to LEADER at term 1 for changeToLeader
2021-10-28 01:49:28,357 [253ef487-fc9a-46cf-a18f-fb890cfa9c45@group-6BF915904876-LeaderElection55] INFO  ratis.XceiverServerRatis (XceiverServerRatis.java:handleLeaderChangedNotification(866)) - Leader change notification received for group: group-6BF915904876 with new leaderId: 253ef487-fc9a-46cf-a18f-fb890cfa9c45
2021-10-28 01:49:28,357 [253ef487-fc9a-46cf-a18f-fb890cfa9c45@group-6BF915904876-LeaderElection55] INFO  server.RaftServer$Division (ServerState.java:setLeader(285)) - 253ef487-fc9a-46cf-a18f-fb890cfa9c45@group-6BF915904876: change Leader from null to 253ef487-fc9a-46cf-a18f-fb890cfa9c45 at term 1 for becomeLeader, leader elected after 5285ms
2021-10-28 01:49:28,357 [253ef487-fc9a-46cf-a18f-fb890cfa9c45@group-6BF915904876-LeaderElection55] INFO  server.RaftServerConfigKeys (ConfUtils.java:logGet(44)) - raft.server.staging.catchup.gap = 1000 (default)
2021-10-28 01:49:28,357 [253ef487-fc9a-46cf-a18f-fb890cfa9c45@group-6BF915904876-LeaderElection55] INFO  server.RaftServerConfigKeys (ConfUtils.java:logGet(44)) - raft.server.write.element-limit = 1024 (custom)
2021-10-28 01:49:28,357 [253ef487-fc9a-46cf-a18f-fb890cfa9c45@group-6BF915904876-LeaderElection55] INFO  server.RaftServerConfigKeys (ConfUtils.java:logGet(44)) - raft.server.write.byte-limit = 1024 M (=1073741824) (custom)
2021-10-28 01:49:28,358 [253ef487-fc9a-46cf-a18f-fb890cfa9c45@group-6BF915904876-LeaderElection55] INFO  server.RaftServerConfigKeys (ConfUtils.java:logGet(44)) - raft.server.watch.timeout = 3000ms (custom)
2021-10-28 01:49:28,358 [253ef487-fc9a-46cf-a18f-fb890cfa9c45@group-6BF915904876-LeaderElection55] INFO  server.RaftServerConfigKeys (ConfUtils.java:logGet(44)) - raft.server.watch.timeout.denomination = 1s (default)
2021-10-28 01:49:28,358 [253ef487-fc9a-46cf-a18f-fb890cfa9c45@group-6BF915904876-LeaderElection55] INFO  server.RaftServerConfigKeys (ConfUtils.java:logGet(44)) - raft.server.watch.element-limit = 65536 (default)
2021-10-28 01:49:28,358 [253ef487-fc9a-46cf-a18f-fb890cfa9c45@group-6BF915904876-LeaderElection55] INFO  server.RaftServerConfigKeys (ConfUtils.java:logGet(44)) - raft.server.write.element-limit = 1024 (custom)
2021-10-28 01:49:28,358 [253ef487-fc9a-46cf-a18f-fb890cfa9c45@group-6BF915904876-LeaderElection55] INFO  server.RaftServerConfigKeys (ConfUtils.java:logGet(44)) - raft.server.write.follower.gap.ratio.max = -1.0 (default)
2021-10-28 01:49:28,358 [253ef487-fc9a-46cf-a18f-fb890cfa9c45@group-6BF915904876-LeaderElection55] INFO  impl.RoleInfo (RoleInfo.java:updateAndGet(130)) - 253ef487-fc9a-46cf-a18f-fb890cfa9c45: start 253ef487-fc9a-46cf-a18f-fb890cfa9c45@group-6BF915904876-LeaderStateImpl
2021-10-28 01:49:28,358 [253ef487-fc9a-46cf-a18f-fb890cfa9c45@group-6BF915904876-LeaderElection55] INFO  segmented.SegmentedRaftLogWorker (SegmentedRaftLogWorker.java:startLogSegment(394)) - 253ef487-fc9a-46cf-a18f-fb890cfa9c45@group-6BF915904876-SegmentedRaftLogWorker: Starting segment from index:0
2021-10-28 01:49:28,367 [EventQueue-OpenPipelineForHealthyPipelineSafeModeRule] INFO  safemode.SCMSafeModeManager (HealthyPipelineSafeModeRule.java:process(124)) - SCM in safe mode. Healthy pipelines reported count is 0, required healthy pipeline reported count is 1
2021-10-28 01:49:28,380 [grpc-default-executor-0] INFO  server.RaftServer$Division (RaftServerImpl.java:requestVote(1046)) - 3bba12ea-eb97-4cb8-a72d-96cb4f92f88e@group-7330C24FE1E2: receive requestVote(ELECTION, 253ef487-fc9a-46cf-a18f-fb890cfa9c45, group-7330C24FE1E2, 1, (t:0, i:0))
2021-10-28 01:49:28,380 [grpc-default-executor-0] INFO  impl.VoteContext (VoteContext.java:log(48)) - 3bba12ea-eb97-4cb8-a72d-96cb4f92f88e@group-7330C24FE1E2-FOLLOWER: accept ELECTION from 253ef487-fc9a-46cf-a18f-fb890cfa9c45: our priority 0 <= candidate's priority 0
2021-10-28 01:49:28,380 [grpc-default-executor-0] INFO  server.RaftServer$Division (RaftServerImpl.java:setRole(290)) - 3bba12ea-eb97-4cb8-a72d-96cb4f92f88e@group-7330C24FE1E2: changes role from  FOLLOWER to FOLLOWER at term 1 for candidate:253ef487-fc9a-46cf-a18f-fb890cfa9c45
2021-10-28 01:49:28,381 [grpc-default-executor-0] INFO  impl.RoleInfo (RoleInfo.java:shutdownFollowerState(108)) - 3bba12ea-eb97-4cb8-a72d-96cb4f92f88e: shutdown 3bba12ea-eb97-4cb8-a72d-96cb4f92f88e@group-7330C24FE1E2-FollowerState
2021-10-28 01:49:28,381 [grpc-default-executor-0] INFO  impl.RoleInfo (RoleInfo.java:updateAndGet(130)) - 3bba12ea-eb97-4cb8-a72d-96cb4f92f88e: start 3bba12ea-eb97-4cb8-a72d-96cb4f92f88e@group-7330C24FE1E2-FollowerState
2021-10-28 01:49:28,381 [3bba12ea-eb97-4cb8-a72d-96cb4f92f88e@group-7330C24FE1E2-FollowerState] INFO  impl.FollowerState (FollowerState.java:run(143)) - 3bba12ea-eb97-4cb8-a72d-96cb4f92f88e@group-7330C24FE1E2-FollowerState was interrupted: {}
java.lang.InterruptedException: sleep interrupted
	at java.lang.Thread.sleep(Native Method)
	at java.lang.Thread.sleep(Thread.java:340)
	at java.util.concurrent.TimeUnit.sleep(TimeUnit.java:386)
	at org.apache.ratis.util.TimeDuration.sleep(TimeDuration.java:324)
	at org.apache.ratis.util.TimeDuration.sleep(TimeDuration.java:309)
	at org.apache.ratis.server.impl.FollowerState.run(FollowerState.java:118)
2021-10-28 01:49:28,387 [253ef487-fc9a-46cf-a18f-fb890cfa9c45@group-6BF915904876-SegmentedRaftLogWorker] INFO  segmented.SegmentedRaftLogWorker (SegmentedRaftLogWorker.java:execute(601)) - 253ef487-fc9a-46cf-a18f-fb890cfa9c45@group-6BF915904876-SegmentedRaftLogWorker: created new log segment /home/runner/work/ozone/ozone/hadoop-ozone/integration-test/target/test-dir/MiniOzoneClusterImpl-0566475b-15f3-492a-9b28-f78457f271af/datanode-0/data/ratis/8f2252ff-5744-45ed-88bc-6bf915904876/current/log_inprogress_0
2021-10-28 01:49:28,407 [grpc-default-executor-0] INFO  server.RaftServer$Division (RaftServerImpl.java:requestVote(1078)) - 3bba12ea-eb97-4cb8-a72d-96cb4f92f88e@group-7330C24FE1E2 replies to ELECTION vote request: 253ef487-fc9a-46cf-a18f-fb890cfa9c45<-3bba12ea-eb97-4cb8-a72d-96cb4f92f88e#0:OK-t1. Peer's state: 3bba12ea-eb97-4cb8-a72d-96cb4f92f88e@group-7330C24FE1E2:t1, leader=null, voted=253ef487-fc9a-46cf-a18f-fb890cfa9c45, raftlog=3bba12ea-eb97-4cb8-a72d-96cb4f92f88e@group-7330C24FE1E2-SegmentedRaftLog:OPENED:c-1, conf=-1: [3bba12ea-eb97-4cb8-a72d-96cb4f92f88e|rpc:10.1.0.29:33133|dataStream:|priority:0, 253ef487-fc9a-46cf-a18f-fb890cfa9c45|rpc:10.1.0.29:46847|dataStream:|priority:0, 167d9434-a89e-4891-b1b1-bac4f9f29552|rpc:10.1.0.29:32839|dataStream:|priority:1], old=null
2021-10-28 01:49:28,412 [grpc-default-executor-0] INFO  server.RaftServer$Division (RaftServerImpl.java:requestVote(1046)) - 167d9434-a89e-4891-b1b1-bac4f9f29552@group-7330C24FE1E2: receive requestVote(ELECTION, 253ef487-fc9a-46cf-a18f-fb890cfa9c45, group-7330C24FE1E2, 1, (t:0, i:0))
2021-10-28 01:49:28,412 [grpc-default-executor-0] INFO  impl.VoteContext (VoteContext.java:log(48)) - 167d9434-a89e-4891-b1b1-bac4f9f29552@group-7330C24FE1E2-FOLLOWER: reject ELECTION from 253ef487-fc9a-46cf-a18f-fb890cfa9c45: our priority 1 > candidate's priority 0
2021-10-28 01:49:28,412 [grpc-default-executor-0] INFO  server.RaftServer$Division (RaftServerImpl.java:setRole(290)) - 167d9434-a89e-4891-b1b1-bac4f9f29552@group-7330C24FE1E2: changes role from  FOLLOWER to FOLLOWER at term 1 for candidate:253ef487-fc9a-46cf-a18f-fb890cfa9c45
2021-10-28 01:49:28,412 [grpc-default-executor-0] INFO  impl.RoleInfo (RoleInfo.java:shutdownFollowerState(108)) - 167d9434-a89e-4891-b1b1-bac4f9f29552: shutdown 167d9434-a89e-4891-b1b1-bac4f9f29552@group-7330C24FE1E2-FollowerState
2021-10-28 01:49:28,436 [253ef487-fc9a-46cf-a18f-fb890cfa9c45@group-6BF915904876-LeaderElection55] INFO  server.RaftServer$Division (ServerState.java:setRaftConf(387)) - 253ef487-fc9a-46cf-a18f-fb890cfa9c45@group-6BF915904876: set configuration 0: [253ef487-fc9a-46cf-a18f-fb890cfa9c45|rpc:10.1.0.29:46847|dataStream:|priority:1], old=null
2021-10-28 01:49:28,465 [grpc-default-executor-0] INFO  impl.RoleInfo (RoleInfo.java:updateAndGet(130)) - 167d9434-a89e-4891-b1b1-bac4f9f29552: start 167d9434-a89e-4891-b1b1-bac4f9f29552@group-7330C24FE1E2-FollowerState
2021-10-28 01:49:28,465 [167d9434-a89e-4891-b1b1-bac4f9f29552@group-7330C24FE1E2-FollowerState] INFO  impl.FollowerState (FollowerState.java:run(143)) - 167d9434-a89e-4891-b1b1-bac4f9f29552@group-7330C24FE1E2-FollowerState was interrupted: {}
java.lang.InterruptedException: sleep interrupted
	at java.lang.Thread.sleep(Native Method)
	at java.lang.Thread.sleep(Thread.java:340)
	at java.util.concurrent.TimeUnit.sleep(TimeUnit.java:386)
	at org.apache.ratis.util.TimeDuration.sleep(TimeDuration.java:324)
	at org.apache.ratis.util.TimeDuration.sleep(TimeDuration.java:309)
	at org.apache.ratis.server.impl.FollowerState.run(FollowerState.java:118)
2021-10-28 01:49:28,510 [grpc-default-executor-0] INFO  server.RaftServer$Division (RaftServerImpl.java:requestVote(1078)) - 167d9434-a89e-4891-b1b1-bac4f9f29552@group-7330C24FE1E2 replies to ELECTION vote request: 253ef487-fc9a-46cf-a18f-fb890cfa9c45<-167d9434-a89e-4891-b1b1-bac4f9f29552#0:FAIL-t1. Peer's state: 167d9434-a89e-4891-b1b1-bac4f9f29552@group-7330C24FE1E2:t1, leader=null, voted=null, raftlog=167d9434-a89e-4891-b1b1-bac4f9f29552@group-7330C24FE1E2-SegmentedRaftLog:OPENED:c-1, conf=-1: [3bba12ea-eb97-4cb8-a72d-96cb4f92f88e|rpc:10.1.0.29:33133|dataStream:|priority:0, 253ef487-fc9a-46cf-a18f-fb890cfa9c45|rpc:10.1.0.29:46847|dataStream:|priority:0, 167d9434-a89e-4891-b1b1-bac4f9f29552|rpc:10.1.0.29:32839|dataStream:|priority:1], old=null
2021-10-28 01:49:28,520 [253ef487-fc9a-46cf-a18f-fb890cfa9c45@group-7330C24FE1E2-LeaderElection54] INFO  impl.LeaderElection (LeaderElection.java:logAndReturn(89)) - 253ef487-fc9a-46cf-a18f-fb890cfa9c45@group-7330C24FE1E2-LeaderElection54: ELECTION REJECTED received 2 response(s) and 0 exception(s):
2021-10-28 01:49:28,520 [253ef487-fc9a-46cf-a18f-fb890cfa9c45@group-7330C24FE1E2-LeaderElection54] INFO  impl.LeaderElection (LeaderElection.java:logAndReturn(93)) -   Response 0: 253ef487-fc9a-46cf-a18f-fb890cfa9c45<-3bba12ea-eb97-4cb8-a72d-96cb4f92f88e#0:OK-t1
2021-10-28 01:49:28,520 [253ef487-fc9a-46cf-a18f-fb890cfa9c45@group-7330C24FE1E2-LeaderElection54] INFO  impl.LeaderElection (LeaderElection.java:logAndReturn(93)) -   Response 1: 253ef487-fc9a-46cf-a18f-fb890cfa9c45<-167d9434-a89e-4891-b1b1-bac4f9f29552#0:FAIL-t1
2021-10-28 01:49:28,520 [253ef487-fc9a-46cf-a18f-fb890cfa9c45@group-7330C24FE1E2-LeaderElection54] INFO  impl.LeaderElection (LeaderElection.java:askForVotes(308)) - 253ef487-fc9a-46cf-a18f-fb890cfa9c45@group-7330C24FE1E2-LeaderElection54 ELECTION round 0: result REJECTED
2021-10-28 01:49:28,520 [253ef487-fc9a-46cf-a18f-fb890cfa9c45@group-7330C24FE1E2-LeaderElection54] INFO  server.RaftServer$Division (RaftServerImpl.java:setRole(290)) - 253ef487-fc9a-46cf-a18f-fb890cfa9c45@group-7330C24FE1E2: changes role from CANDIDATE to FOLLOWER at term 1 for REJECTED
2021-10-28 01:49:28,520 [253ef487-fc9a-46cf-a18f-fb890cfa9c45@group-7330C24FE1E2-LeaderElection54] INFO  impl.RoleInfo (RoleInfo.java:shutdownLeaderElection(121)) - 253ef487-fc9a-46cf-a18f-fb890cfa9c45: shutdown 253ef487-fc9a-46cf-a18f-fb890cfa9c45@group-7330C24FE1E2-LeaderElection54
2021-10-28 01:49:28,520 [253ef487-fc9a-46cf-a18f-fb890cfa9c45@group-7330C24FE1E2-LeaderElection54] INFO  impl.RoleInfo (RoleInfo.java:updateAndGet(130)) - 253ef487-fc9a-46cf-a18f-fb890cfa9c45: start 253ef487-fc9a-46cf-a18f-fb890cfa9c45@group-7330C24FE1E2-FollowerState
2021-10-28 01:49:28,631 [Listener at 127.0.0.1/46475] INFO  ozone.MiniOzoneClusterImpl (MiniOzoneClusterImpl.java:lambda$waitForClusterToBeReady$0(235)) - Nodes are ready. Got 7 of 7 DN Heartbeats.
2021-10-28 01:49:28,631 [Listener at 127.0.0.1/46475] INFO  ozone.MiniOzoneClusterImpl (MiniOzoneClusterImpl.java:lambda$waitForClusterToBeReady$0(238)) - Waiting for cluster to exit safe mode
2021-10-28 01:49:28,632 [Listener at 127.0.0.1/46475] INFO  ozone.MiniOzoneClusterImpl (MiniOzoneClusterImpl.java:lambda$waitForClusterToBeReady$0(240)) - SCM became leader
2021-10-28 01:49:28,814 [253ef487-fc9a-46cf-a18f-fb890cfa9c45@group-E918C9FD5E21-FollowerState] INFO  impl.FollowerState (FollowerState.java:run(134)) - 253ef487-fc9a-46cf-a18f-fb890cfa9c45@group-E918C9FD5E21-FollowerState: change to CANDIDATE, lastRpcElapsedTime:5036844534ns, electionTimeout:5030ms
2021-10-28 01:49:28,814 [253ef487-fc9a-46cf-a18f-fb890cfa9c45@group-E918C9FD5E21-FollowerState] INFO  impl.RoleInfo (RoleInfo.java:shutdownFollowerState(108)) - 253ef487-fc9a-46cf-a18f-fb890cfa9c45: shutdown 253ef487-fc9a-46cf-a18f-fb890cfa9c45@group-E918C9FD5E21-FollowerState
2021-10-28 01:49:28,814 [253ef487-fc9a-46cf-a18f-fb890cfa9c45@group-E918C9FD5E21-FollowerState] INFO  server.RaftServer$Division (RaftServerImpl.java:setRole(290)) - 253ef487-fc9a-46cf-a18f-fb890cfa9c45@group-E918C9FD5E21: changes role from  FOLLOWER to CANDIDATE at term 0 for changeToCandidate
2021-10-28 01:49:28,814 [253ef487-fc9a-46cf-a18f-fb890cfa9c45@group-E918C9FD5E21-FollowerState] INFO  server.RaftServerConfigKeys (ConfUtils.java:logGet(44)) - raft.server.leaderelection.pre-vote = false (custom)
2021-10-28 01:49:28,814 [253ef487-fc9a-46cf-a18f-fb890cfa9c45@group-E918C9FD5E21-FollowerState] INFO  impl.RoleInfo (RoleInfo.java:updateAndGet(130)) - 253ef487-fc9a-46cf-a18f-fb890cfa9c45: start 253ef487-fc9a-46cf-a18f-fb890cfa9c45@group-E918C9FD5E21-LeaderElection56
2021-10-28 01:49:28,882 [253ef487-fc9a-46cf-a18f-fb890cfa9c45@group-E918C9FD5E21-LeaderElection56] INFO  impl.LeaderElection (LeaderElection.java:askForVotes(306)) - 253ef487-fc9a-46cf-a18f-fb890cfa9c45@group-E918C9FD5E21-LeaderElection56 ELECTION round 0: submit vote requests at term 1 for -1: [3bba12ea-eb97-4cb8-a72d-96cb4f92f88e|rpc:10.1.0.29:33133|priority:1, 253ef487-fc9a-46cf-a18f-fb890cfa9c45|rpc:10.1.0.29:46847|priority:0, 167d9434-a89e-4891-b1b1-bac4f9f29552|rpc:10.1.0.29:32839|priority:0], old=null
2021-10-28 01:49:28,907 [grpc-default-executor-0] INFO  server.RaftServer$Division (RaftServerImpl.java:requestVote(1046)) - 3bba12ea-eb97-4cb8-a72d-96cb4f92f88e@group-E918C9FD5E21: receive requestVote(ELECTION, 253ef487-fc9a-46cf-a18f-fb890cfa9c45, group-E918C9FD5E21, 1, (t:0, i:0))
2021-10-28 01:49:28,907 [grpc-default-executor-0] INFO  impl.VoteContext (VoteContext.java:log(48)) - 3bba12ea-eb97-4cb8-a72d-96cb4f92f88e@group-E918C9FD5E21-FOLLOWER: reject ELECTION from 253ef487-fc9a-46cf-a18f-fb890cfa9c45: our priority 1 > candidate's priority 0
2021-10-28 01:49:28,907 [grpc-default-executor-0] INFO  server.RaftServer$Division (RaftServerImpl.java:setRole(290)) - 3bba12ea-eb97-4cb8-a72d-96cb4f92f88e@group-E918C9FD5E21: changes role from  FOLLOWER to FOLLOWER at term 1 for candidate:253ef487-fc9a-46cf-a18f-fb890cfa9c45
2021-10-28 01:49:28,908 [grpc-default-executor-0] INFO  impl.RoleInfo (RoleInfo.java:shutdownFollowerState(108)) - 3bba12ea-eb97-4cb8-a72d-96cb4f92f88e: shutdown 3bba12ea-eb97-4cb8-a72d-96cb4f92f88e@group-E918C9FD5E21-FollowerState
2021-10-28 01:49:28,908 [grpc-default-executor-0] INFO  impl.RoleInfo (RoleInfo.java:updateAndGet(130)) - 3bba12ea-eb97-4cb8-a72d-96cb4f92f88e: start 3bba12ea-eb97-4cb8-a72d-96cb4f92f88e@group-E918C9FD5E21-FollowerState
2021-10-28 01:49:28,909 [3bba12ea-eb97-4cb8-a72d-96cb4f92f88e@group-E918C9FD5E21-FollowerState] INFO  impl.FollowerState (FollowerState.java:run(143)) - 3bba12ea-eb97-4cb8-a72d-96cb4f92f88e@group-E918C9FD5E21-FollowerState was interrupted: {}
java.lang.InterruptedException: sleep interrupted
	at java.lang.Thread.sleep(Native Method)
	at java.lang.Thread.sleep(Thread.java:340)
	at java.util.concurrent.TimeUnit.sleep(TimeUnit.java:386)
	at org.apache.ratis.util.TimeDuration.sleep(TimeDuration.java:324)
	at org.apache.ratis.util.TimeDuration.sleep(TimeDuration.java:309)
	at org.apache.ratis.server.impl.FollowerState.run(FollowerState.java:118)
2021-10-28 01:49:28,918 [grpc-default-executor-0] INFO  server.RaftServer$Division (RaftServerImpl.java:requestVote(1078)) - 3bba12ea-eb97-4cb8-a72d-96cb4f92f88e@group-E918C9FD5E21 replies to ELECTION vote request: 253ef487-fc9a-46cf-a18f-fb890cfa9c45<-3bba12ea-eb97-4cb8-a72d-96cb4f92f88e#0:FAIL-t1. Peer's state: 3bba12ea-eb97-4cb8-a72d-96cb4f92f88e@group-E918C9FD5E21:t1, leader=null, voted=null, raftlog=3bba12ea-eb97-4cb8-a72d-96cb4f92f88e@group-E918C9FD5E21-SegmentedRaftLog:OPENED:c-1, conf=-1: [3bba12ea-eb97-4cb8-a72d-96cb4f92f88e|rpc:10.1.0.29:33133|dataStream:|priority:1, 253ef487-fc9a-46cf-a18f-fb890cfa9c45|rpc:10.1.0.29:46847|dataStream:|priority:0, 167d9434-a89e-4891-b1b1-bac4f9f29552|rpc:10.1.0.29:32839|dataStream:|priority:0], old=null
2021-10-28 01:49:28,923 [253ef487-fc9a-46cf-a18f-fb890cfa9c45@group-E918C9FD5E21-LeaderElection56] INFO  impl.LeaderElection (LeaderElection.java:logAndReturn(89)) - 253ef487-fc9a-46cf-a18f-fb890cfa9c45@group-E918C9FD5E21-LeaderElection56: ELECTION REJECTED received 1 response(s) and 0 exception(s):
2021-10-28 01:49:28,923 [253ef487-fc9a-46cf-a18f-fb890cfa9c45@group-E918C9FD5E21-LeaderElection56] INFO  impl.LeaderElection (LeaderElection.java:logAndReturn(93)) -   Response 0: 253ef487-fc9a-46cf-a18f-fb890cfa9c45<-3bba12ea-eb97-4cb8-a72d-96cb4f92f88e#0:FAIL-t1
2021-10-28 01:49:28,923 [253ef487-fc9a-46cf-a18f-fb890cfa9c45@group-E918C9FD5E21-LeaderElection56] INFO  impl.LeaderElection (LeaderElection.java:askForVotes(308)) - 253ef487-fc9a-46cf-a18f-fb890cfa9c45@group-E918C9FD5E21-LeaderElection56 ELECTION round 0: result REJECTED
2021-10-28 01:49:28,923 [253ef487-fc9a-46cf-a18f-fb890cfa9c45@group-E918C9FD5E21-LeaderElection56] INFO  server.RaftServer$Division (RaftServerImpl.java:setRole(290)) - 253ef487-fc9a-46cf-a18f-fb890cfa9c45@group-E918C9FD5E21: changes role from CANDIDATE to FOLLOWER at term 1 for REJECTED
2021-10-28 01:49:28,923 [253ef487-fc9a-46cf-a18f-fb890cfa9c45@group-E918C9FD5E21-LeaderElection56] INFO  impl.RoleInfo (RoleInfo.java:shutdownLeaderElection(121)) - 253ef487-fc9a-46cf-a18f-fb890cfa9c45: shutdown 253ef487-fc9a-46cf-a18f-fb890cfa9c45@group-E918C9FD5E21-LeaderElection56
2021-10-28 01:49:28,923 [253ef487-fc9a-46cf-a18f-fb890cfa9c45@group-E918C9FD5E21-LeaderElection56] INFO  impl.RoleInfo (RoleInfo.java:updateAndGet(130)) - 253ef487-fc9a-46cf-a18f-fb890cfa9c45: start 253ef487-fc9a-46cf-a18f-fb890cfa9c45@group-E918C9FD5E21-FollowerState
2021-10-28 01:49:28,927 [167d9434-a89e-4891-b1b1-bac4f9f29552@group-356A7E5A79F8-FollowerState] INFO  impl.FollowerState (FollowerState.java:run(134)) - 167d9434-a89e-4891-b1b1-bac4f9f29552@group-356A7E5A79F8-FollowerState: change to CANDIDATE, lastRpcElapsedTime:5033998955ns, electionTimeout:5015ms
2021-10-28 01:49:28,927 [167d9434-a89e-4891-b1b1-bac4f9f29552@group-356A7E5A79F8-FollowerState] INFO  impl.RoleInfo (RoleInfo.java:shutdownFollowerState(108)) - 167d9434-a89e-4891-b1b1-bac4f9f29552: shutdown 167d9434-a89e-4891-b1b1-bac4f9f29552@group-356A7E5A79F8-FollowerState
2021-10-28 01:49:28,927 [167d9434-a89e-4891-b1b1-bac4f9f29552@group-356A7E5A79F8-FollowerState] INFO  server.RaftServer$Division (RaftServerImpl.java:setRole(290)) - 167d9434-a89e-4891-b1b1-bac4f9f29552@group-356A7E5A79F8: changes role from  FOLLOWER to CANDIDATE at term 0 for changeToCandidate
2021-10-28 01:49:28,961 [grpc-default-executor-0] INFO  server.RaftServer$Division (RaftServerImpl.java:requestVote(1046)) - 167d9434-a89e-4891-b1b1-bac4f9f29552@group-E918C9FD5E21: receive requestVote(ELECTION, 253ef487-fc9a-46cf-a18f-fb890cfa9c45, group-E918C9FD5E21, 1, (t:0, i:0))
2021-10-28 01:49:28,961 [grpc-default-executor-0] INFO  impl.VoteContext (VoteContext.java:log(48)) - 167d9434-a89e-4891-b1b1-bac4f9f29552@group-E918C9FD5E21-FOLLOWER: accept ELECTION from 253ef487-fc9a-46cf-a18f-fb890cfa9c45: our priority 0 <= candidate's priority 0
2021-10-28 01:49:28,961 [grpc-default-executor-0] INFO  server.RaftServer$Division (RaftServerImpl.java:setRole(290)) - 167d9434-a89e-4891-b1b1-bac4f9f29552@group-E918C9FD5E21: changes role from  FOLLOWER to FOLLOWER at term 1 for candidate:253ef487-fc9a-46cf-a18f-fb890cfa9c45
2021-10-28 01:49:28,961 [grpc-default-executor-0] INFO  impl.RoleInfo (RoleInfo.java:shutdownFollowerState(108)) - 167d9434-a89e-4891-b1b1-bac4f9f29552: shutdown 167d9434-a89e-4891-b1b1-bac4f9f29552@group-E918C9FD5E21-FollowerState
2021-10-28 01:49:28,961 [grpc-default-executor-0] INFO  impl.RoleInfo (RoleInfo.java:updateAndGet(130)) - 167d9434-a89e-4891-b1b1-bac4f9f29552: start 167d9434-a89e-4891-b1b1-bac4f9f29552@group-E918C9FD5E21-FollowerState
2021-10-28 01:49:28,961 [167d9434-a89e-4891-b1b1-bac4f9f29552@group-E918C9FD5E21-FollowerState] INFO  impl.FollowerState (FollowerState.java:run(143)) - 167d9434-a89e-4891-b1b1-bac4f9f29552@group-E918C9FD5E21-FollowerState was interrupted: {}
java.lang.InterruptedException: sleep interrupted
	at java.lang.Thread.sleep(Native Method)
	at java.lang.Thread.sleep(Thread.java:340)
	at java.util.concurrent.TimeUnit.sleep(TimeUnit.java:386)
	at org.apache.ratis.util.TimeDuration.sleep(TimeDuration.java:324)
	at org.apache.ratis.util.TimeDuration.sleep(TimeDuration.java:309)
	at org.apache.ratis.server.impl.FollowerState.run(FollowerState.java:118)
2021-10-28 01:49:28,970 [167d9434-a89e-4891-b1b1-bac4f9f29552@group-356A7E5A79F8-FollowerState] INFO  server.RaftServerConfigKeys (ConfUtils.java:logGet(44)) - raft.server.leaderelection.pre-vote = false (custom)
2021-10-28 01:49:28,970 [167d9434-a89e-4891-b1b1-bac4f9f29552@group-356A7E5A79F8-FollowerState] INFO  impl.RoleInfo (RoleInfo.java:updateAndGet(130)) - 167d9434-a89e-4891-b1b1-bac4f9f29552: start 167d9434-a89e-4891-b1b1-bac4f9f29552@group-356A7E5A79F8-LeaderElection57
2021-10-28 01:49:28,971 [grpc-default-executor-0] INFO  server.RaftServer$Division (RaftServerImpl.java:requestVote(1078)) - 167d9434-a89e-4891-b1b1-bac4f9f29552@group-E918C9FD5E21 replies to ELECTION vote request: 253ef487-fc9a-46cf-a18f-fb890cfa9c45<-167d9434-a89e-4891-b1b1-bac4f9f29552#0:OK-t1. Peer's state: 167d9434-a89e-4891-b1b1-bac4f9f29552@group-E918C9FD5E21:t1, leader=null, voted=253ef487-fc9a-46cf-a18f-fb890cfa9c45, raftlog=167d9434-a89e-4891-b1b1-bac4f9f29552@group-E918C9FD5E21-SegmentedRaftLog:OPENED:c-1, conf=-1: [3bba12ea-eb97-4cb8-a72d-96cb4f92f88e|rpc:10.1.0.29:33133|dataStream:|priority:1, 253ef487-fc9a-46cf-a18f-fb890cfa9c45|rpc:10.1.0.29:46847|dataStream:|priority:0, 167d9434-a89e-4891-b1b1-bac4f9f29552|rpc:10.1.0.29:32839|dataStream:|priority:0], old=null
2021-10-28 01:49:29,036 [167d9434-a89e-4891-b1b1-bac4f9f29552@group-356A7E5A79F8-LeaderElection57] INFO  impl.LeaderElection (LeaderElection.java:askForVotes(306)) - 167d9434-a89e-4891-b1b1-bac4f9f29552@group-356A7E5A79F8-LeaderElection57 ELECTION round 0: submit vote requests at term 1 for -1: [167d9434-a89e-4891-b1b1-bac4f9f29552|rpc:10.1.0.29:32839|priority:1], old=null
2021-10-28 01:49:29,036 [167d9434-a89e-4891-b1b1-bac4f9f29552@group-356A7E5A79F8-LeaderElection57] INFO  impl.LeaderElection (LeaderElection.java:askForVotes(308)) - 167d9434-a89e-4891-b1b1-bac4f9f29552@group-356A7E5A79F8-LeaderElection57 ELECTION round 0: result PASSED (term=1)
2021-10-28 01:49:29,036 [167d9434-a89e-4891-b1b1-bac4f9f29552@group-356A7E5A79F8-LeaderElection57] INFO  impl.RoleInfo (RoleInfo.java:shutdownLeaderElection(121)) - 167d9434-a89e-4891-b1b1-bac4f9f29552: shutdown 167d9434-a89e-4891-b1b1-bac4f9f29552@group-356A7E5A79F8-LeaderElection57
2021-10-28 01:49:29,036 [167d9434-a89e-4891-b1b1-bac4f9f29552@group-356A7E5A79F8-LeaderElection57] INFO  server.RaftServer$Division (RaftServerImpl.java:setRole(290)) - 167d9434-a89e-4891-b1b1-bac4f9f29552@group-356A7E5A79F8: changes role from CANDIDATE to LEADER at term 1 for changeToLeader
2021-10-28 01:49:29,036 [167d9434-a89e-4891-b1b1-bac4f9f29552@group-356A7E5A79F8-LeaderElection57] INFO  ratis.XceiverServerRatis (XceiverServerRatis.java:handleLeaderChangedNotification(866)) - Leader change notification received for group: group-356A7E5A79F8 with new leaderId: 167d9434-a89e-4891-b1b1-bac4f9f29552
2021-10-28 01:49:29,036 [167d9434-a89e-4891-b1b1-bac4f9f29552@group-356A7E5A79F8-LeaderElection57] INFO  server.RaftServer$Division (ServerState.java:setLeader(285)) - 167d9434-a89e-4891-b1b1-bac4f9f29552@group-356A7E5A79F8: change Leader from null to 167d9434-a89e-4891-b1b1-bac4f9f29552 at term 1 for becomeLeader, leader elected after 5206ms
2021-10-28 01:49:29,036 [167d9434-a89e-4891-b1b1-bac4f9f29552@group-356A7E5A79F8-LeaderElection57] INFO  server.RaftServerConfigKeys (ConfUtils.java:logGet(44)) - raft.server.staging.catchup.gap = 1000 (default)
2021-10-28 01:49:29,036 [167d9434-a89e-4891-b1b1-bac4f9f29552@group-356A7E5A79F8-LeaderElection57] INFO  server.RaftServerConfigKeys (ConfUtils.java:logGet(44)) - raft.server.write.element-limit = 1024 (custom)
2021-10-28 01:49:29,036 [167d9434-a89e-4891-b1b1-bac4f9f29552@group-356A7E5A79F8-LeaderElection57] INFO  server.RaftServerConfigKeys (ConfUtils.java:logGet(44)) - raft.server.write.byte-limit = 1024 M (=1073741824) (custom)
2021-10-28 01:49:29,037 [167d9434-a89e-4891-b1b1-bac4f9f29552@group-356A7E5A79F8-LeaderElection57] INFO  server.RaftServerConfigKeys (ConfUtils.java:logGet(44)) - raft.server.watch.timeout = 3000ms (custom)
2021-10-28 01:49:29,037 [167d9434-a89e-4891-b1b1-bac4f9f29552@group-356A7E5A79F8-LeaderElection57] INFO  server.RaftServerConfigKeys (ConfUtils.java:logGet(44)) - raft.server.watch.timeout.denomination = 1s (default)
2021-10-28 01:49:29,037 [167d9434-a89e-4891-b1b1-bac4f9f29552@group-356A7E5A79F8-LeaderElection57] INFO  server.RaftServerConfigKeys (ConfUtils.java:logGet(44)) - raft.server.watch.element-limit = 65536 (default)
2021-10-28 01:49:29,037 [167d9434-a89e-4891-b1b1-bac4f9f29552@group-356A7E5A79F8-LeaderElection57] INFO  server.RaftServerConfigKeys (ConfUtils.java:logGet(44)) - raft.server.write.element-limit = 1024 (custom)
2021-10-28 01:49:29,037 [167d9434-a89e-4891-b1b1-bac4f9f29552@group-356A7E5A79F8-LeaderElection57] INFO  server.RaftServerConfigKeys (ConfUtils.java:logGet(44)) - raft.server.write.follower.gap.ratio.max = -1.0 (default)
2021-10-28 01:49:29,037 [167d9434-a89e-4891-b1b1-bac4f9f29552@group-356A7E5A79F8-LeaderElection57] INFO  impl.RoleInfo (RoleInfo.java:updateAndGet(130)) - 167d9434-a89e-4891-b1b1-bac4f9f29552: start 167d9434-a89e-4891-b1b1-bac4f9f29552@group-356A7E5A79F8-LeaderStateImpl
2021-10-28 01:49:29,037 [167d9434-a89e-4891-b1b1-bac4f9f29552@group-356A7E5A79F8-LeaderElection57] INFO  segmented.SegmentedRaftLogWorker (SegmentedRaftLogWorker.java:startLogSegment(394)) - 167d9434-a89e-4891-b1b1-bac4f9f29552@group-356A7E5A79F8-SegmentedRaftLogWorker: Starting segment from index:0
2021-10-28 01:49:29,038 [EventQueue-OpenPipelineForHealthyPipelineSafeModeRule] INFO  safemode.SCMSafeModeManager (HealthyPipelineSafeModeRule.java:process(124)) - SCM in safe mode. Healthy pipelines reported count is 0, required healthy pipeline reported count is 1
2021-10-28 01:49:29,062 [167d9434-a89e-4891-b1b1-bac4f9f29552@group-356A7E5A79F8-SegmentedRaftLogWorker] INFO  segmented.SegmentedRaftLogWorker (SegmentedRaftLogWorker.java:execute(601)) - 167d9434-a89e-4891-b1b1-bac4f9f29552@group-356A7E5A79F8-SegmentedRaftLogWorker: created new log segment /home/runner/work/ozone/ozone/hadoop-ozone/integration-test/target/test-dir/MiniOzoneClusterImpl-0566475b-15f3-492a-9b28-f78457f271af/datanode-1/data/ratis/2f4116b9-c803-4b24-85d7-356a7e5a79f8/current/log_inprogress_0
2021-10-28 01:49:29,062 [167d9434-a89e-4891-b1b1-bac4f9f29552@group-356A7E5A79F8-LeaderElection57] INFO  server.RaftServer$Division (ServerState.java:setRaftConf(387)) - 167d9434-a89e-4891-b1b1-bac4f9f29552@group-356A7E5A79F8: set configuration 0: [167d9434-a89e-4891-b1b1-bac4f9f29552|rpc:10.1.0.29:32839|dataStream:|priority:1], old=null
2021-10-28 01:49:29,632 [Listener at 127.0.0.1/46475] INFO  ozone.MiniOzoneClusterImpl (MiniOzoneClusterImpl.java:lambda$waitForClusterToBeReady$0(235)) - Nodes are ready. Got 7 of 7 DN Heartbeats.
2021-10-28 01:49:29,632 [Listener at 127.0.0.1/46475] INFO  ozone.MiniOzoneClusterImpl (MiniOzoneClusterImpl.java:lambda$waitForClusterToBeReady$0(238)) - Waiting for cluster to exit safe mode
2021-10-28 01:49:29,632 [Listener at 127.0.0.1/46475] INFO  ozone.MiniOzoneClusterImpl (MiniOzoneClusterImpl.java:lambda$waitForClusterToBeReady$0(240)) - SCM became leader
2021-10-28 01:49:29,692 [3bba12ea-eb97-4cb8-a72d-96cb4f92f88e@group-EA576DF61A38-FollowerState] INFO  impl.FollowerState (FollowerState.java:run(134)) - 3bba12ea-eb97-4cb8-a72d-96cb4f92f88e@group-EA576DF61A38-FollowerState: change to CANDIDATE, lastRpcElapsedTime:5122885749ns, electionTimeout:5099ms
2021-10-28 01:49:29,692 [3bba12ea-eb97-4cb8-a72d-96cb4f92f88e@group-EA576DF61A38-FollowerState] INFO  impl.RoleInfo (RoleInfo.java:shutdownFollowerState(108)) - 3bba12ea-eb97-4cb8-a72d-96cb4f92f88e: shutdown 3bba12ea-eb97-4cb8-a72d-96cb4f92f88e@group-EA576DF61A38-FollowerState
2021-10-28 01:49:29,692 [3bba12ea-eb97-4cb8-a72d-96cb4f92f88e@group-EA576DF61A38-FollowerState] INFO  server.RaftServer$Division (RaftServerImpl.java:setRole(290)) - 3bba12ea-eb97-4cb8-a72d-96cb4f92f88e@group-EA576DF61A38: changes role from  FOLLOWER to CANDIDATE at term 0 for changeToCandidate
2021-10-28 01:49:29,694 [3bba12ea-eb97-4cb8-a72d-96cb4f92f88e@group-EA576DF61A38-FollowerState] INFO  server.RaftServerConfigKeys (ConfUtils.java:logGet(44)) - raft.server.leaderelection.pre-vote = false (custom)
2021-10-28 01:49:29,694 [3bba12ea-eb97-4cb8-a72d-96cb4f92f88e@group-EA576DF61A38-FollowerState] INFO  impl.RoleInfo (RoleInfo.java:updateAndGet(130)) - 3bba12ea-eb97-4cb8-a72d-96cb4f92f88e: start 3bba12ea-eb97-4cb8-a72d-96cb4f92f88e@group-EA576DF61A38-LeaderElection58
2021-10-28 01:49:29,739 [3bba12ea-eb97-4cb8-a72d-96cb4f92f88e@group-EA576DF61A38-LeaderElection58] INFO  impl.LeaderElection (LeaderElection.java:askForVotes(306)) - 3bba12ea-eb97-4cb8-a72d-96cb4f92f88e@group-EA576DF61A38-LeaderElection58 ELECTION round 0: submit vote requests at term 1 for -1: [3bba12ea-eb97-4cb8-a72d-96cb4f92f88e|rpc:10.1.0.29:33133|priority:1], old=null
2021-10-28 01:49:29,739 [3bba12ea-eb97-4cb8-a72d-96cb4f92f88e@group-EA576DF61A38-LeaderElection58] INFO  impl.LeaderElection (LeaderElection.java:askForVotes(308)) - 3bba12ea-eb97-4cb8-a72d-96cb4f92f88e@group-EA576DF61A38-LeaderElection58 ELECTION round 0: result PASSED (term=1)
2021-10-28 01:49:29,740 [3bba12ea-eb97-4cb8-a72d-96cb4f92f88e@group-EA576DF61A38-LeaderElection58] INFO  impl.RoleInfo (RoleInfo.java:shutdownLeaderElection(121)) - 3bba12ea-eb97-4cb8-a72d-96cb4f92f88e: shutdown 3bba12ea-eb97-4cb8-a72d-96cb4f92f88e@group-EA576DF61A38-LeaderElection58
2021-10-28 01:49:29,740 [3bba12ea-eb97-4cb8-a72d-96cb4f92f88e@group-EA576DF61A38-LeaderElection58] INFO  server.RaftServer$Division (RaftServerImpl.java:setRole(290)) - 3bba12ea-eb97-4cb8-a72d-96cb4f92f88e@group-EA576DF61A38: changes role from CANDIDATE to LEADER at term 1 for changeToLeader
2021-10-28 01:49:29,741 [3bba12ea-eb97-4cb8-a72d-96cb4f92f88e@group-EA576DF61A38-LeaderElection58] INFO  ratis.XceiverServerRatis (XceiverServerRatis.java:handleLeaderChangedNotification(866)) - Leader change notification received for group: group-EA576DF61A38 with new leaderId: 3bba12ea-eb97-4cb8-a72d-96cb4f92f88e
2021-10-28 01:49:29,748 [EventQueue-OpenPipelineForHealthyPipelineSafeModeRule] INFO  safemode.SCMSafeModeManager (HealthyPipelineSafeModeRule.java:process(124)) - SCM in safe mode. Healthy pipelines reported count is 0, required healthy pipeline reported count is 1
2021-10-28 01:49:29,748 [3bba12ea-eb97-4cb8-a72d-96cb4f92f88e@group-EA576DF61A38-LeaderElection58] INFO  server.RaftServer$Division (ServerState.java:setLeader(285)) - 3bba12ea-eb97-4cb8-a72d-96cb4f92f88e@group-EA576DF61A38: change Leader from null to 3bba12ea-eb97-4cb8-a72d-96cb4f92f88e at term 1 for becomeLeader, leader elected after 5192ms
2021-10-28 01:49:29,748 [3bba12ea-eb97-4cb8-a72d-96cb4f92f88e@group-EA576DF61A38-LeaderElection58] INFO  server.RaftServerConfigKeys (ConfUtils.java:logGet(44)) - raft.server.staging.catchup.gap = 1000 (default)
2021-10-28 01:49:29,748 [3bba12ea-eb97-4cb8-a72d-96cb4f92f88e@group-EA576DF61A38-LeaderElection58] INFO  server.RaftServerConfigKeys (ConfUtils.java:logGet(44)) - raft.server.write.element-limit = 1024 (custom)
2021-10-28 01:49:29,749 [3bba12ea-eb97-4cb8-a72d-96cb4f92f88e@group-EA576DF61A38-LeaderElection58] INFO  server.RaftServerConfigKeys (ConfUtils.java:logGet(44)) - raft.server.write.byte-limit = 1024 M (=1073741824) (custom)
2021-10-28 01:49:29,749 [3bba12ea-eb97-4cb8-a72d-96cb4f92f88e@group-EA576DF61A38-LeaderElection58] INFO  server.RaftServerConfigKeys (ConfUtils.java:logGet(44)) - raft.server.watch.timeout = 3000ms (custom)
2021-10-28 01:49:29,751 [3bba12ea-eb97-4cb8-a72d-96cb4f92f88e@group-EA576DF61A38-LeaderElection58] INFO  server.RaftServerConfigKeys (ConfUtils.java:logGet(44)) - raft.server.watch.timeout.denomination = 1s (default)
2021-10-28 01:49:29,751 [3bba12ea-eb97-4cb8-a72d-96cb4f92f88e@group-EA576DF61A38-LeaderElection58] INFO  server.RaftServerConfigKeys (ConfUtils.java:logGet(44)) - raft.server.watch.element-limit = 65536 (default)
2021-10-28 01:49:29,751 [3bba12ea-eb97-4cb8-a72d-96cb4f92f88e@group-EA576DF61A38-LeaderElection58] INFO  server.RaftServerConfigKeys (ConfUtils.java:logGet(44)) - raft.server.write.element-limit = 1024 (custom)
2021-10-28 01:49:29,751 [3bba12ea-eb97-4cb8-a72d-96cb4f92f88e@group-EA576DF61A38-LeaderElection58] INFO  server.RaftServerConfigKeys (ConfUtils.java:logGet(44)) - raft.server.write.follower.gap.ratio.max = -1.0 (default)
2021-10-28 01:49:29,751 [3bba12ea-eb97-4cb8-a72d-96cb4f92f88e@group-EA576DF61A38-LeaderElection58] INFO  impl.RoleInfo (RoleInfo.java:updateAndGet(130)) - 3bba12ea-eb97-4cb8-a72d-96cb4f92f88e: start 3bba12ea-eb97-4cb8-a72d-96cb4f92f88e@group-EA576DF61A38-LeaderStateImpl
2021-10-28 01:49:29,752 [3bba12ea-eb97-4cb8-a72d-96cb4f92f88e@group-EA576DF61A38-LeaderElection58] INFO  segmented.SegmentedRaftLogWorker (SegmentedRaftLogWorker.java:startLogSegment(394)) - 3bba12ea-eb97-4cb8-a72d-96cb4f92f88e@group-EA576DF61A38-SegmentedRaftLogWorker: Starting segment from index:0
2021-10-28 01:49:29,760 [3bba12ea-eb97-4cb8-a72d-96cb4f92f88e@group-EA576DF61A38-LeaderElection58] INFO  server.RaftServer$Division (ServerState.java:setRaftConf(387)) - 3bba12ea-eb97-4cb8-a72d-96cb4f92f88e@group-EA576DF61A38: set configuration 0: [3bba12ea-eb97-4cb8-a72d-96cb4f92f88e|rpc:10.1.0.29:33133|dataStream:|priority:1], old=null
2021-10-28 01:49:29,775 [3bba12ea-eb97-4cb8-a72d-96cb4f92f88e@group-EA576DF61A38-SegmentedRaftLogWorker] INFO  segmented.SegmentedRaftLogWorker (SegmentedRaftLogWorker.java:execute(601)) - 3bba12ea-eb97-4cb8-a72d-96cb4f92f88e@group-EA576DF61A38-SegmentedRaftLogWorker: created new log segment /home/runner/work/ozone/ozone/hadoop-ozone/integration-test/target/test-dir/MiniOzoneClusterImpl-0566475b-15f3-492a-9b28-f78457f271af/datanode-2/data/ratis/678a5660-1538-431c-90b9-ea576df61a38/current/log_inprogress_0
2021-10-28 01:49:30,358 [850b4870-9ae5-4bfa-bbd2-f1f242dff33d@group-887D28601A48-FollowerState] INFO  impl.FollowerState (FollowerState.java:run(134)) - 850b4870-9ae5-4bfa-bbd2-f1f242dff33d@group-887D28601A48-FollowerState: change to CANDIDATE, lastRpcElapsedTime:5032629044ns, electionTimeout:5031ms
2021-10-28 01:49:30,358 [850b4870-9ae5-4bfa-bbd2-f1f242dff33d@group-887D28601A48-FollowerState] INFO  impl.RoleInfo (RoleInfo.java:shutdownFollowerState(108)) - 850b4870-9ae5-4bfa-bbd2-f1f242dff33d: shutdown 850b4870-9ae5-4bfa-bbd2-f1f242dff33d@group-887D28601A48-FollowerState
2021-10-28 01:49:30,358 [850b4870-9ae5-4bfa-bbd2-f1f242dff33d@group-887D28601A48-FollowerState] INFO  server.RaftServer$Division (RaftServerImpl.java:setRole(290)) - 850b4870-9ae5-4bfa-bbd2-f1f242dff33d@group-887D28601A48: changes role from  FOLLOWER to CANDIDATE at term 0 for changeToCandidate
2021-10-28 01:49:30,360 [850b4870-9ae5-4bfa-bbd2-f1f242dff33d@group-887D28601A48-FollowerState] INFO  server.RaftServerConfigKeys (ConfUtils.java:logGet(44)) - raft.server.leaderelection.pre-vote = false (custom)
2021-10-28 01:49:30,360 [850b4870-9ae5-4bfa-bbd2-f1f242dff33d@group-887D28601A48-FollowerState] INFO  impl.RoleInfo (RoleInfo.java:updateAndGet(130)) - 850b4870-9ae5-4bfa-bbd2-f1f242dff33d: start 850b4870-9ae5-4bfa-bbd2-f1f242dff33d@group-887D28601A48-LeaderElection59
2021-10-28 01:49:30,393 [850b4870-9ae5-4bfa-bbd2-f1f242dff33d@group-CDFD84D3B5C4-FollowerState] INFO  impl.FollowerState (FollowerState.java:run(134)) - 850b4870-9ae5-4bfa-bbd2-f1f242dff33d@group-CDFD84D3B5C4-FollowerState: change to CANDIDATE, lastRpcElapsedTime:5013095133ns, electionTimeout:5012ms
2021-10-28 01:49:30,393 [850b4870-9ae5-4bfa-bbd2-f1f242dff33d@group-CDFD84D3B5C4-FollowerState] INFO  impl.RoleInfo (RoleInfo.java:shutdownFollowerState(108)) - 850b4870-9ae5-4bfa-bbd2-f1f242dff33d: shutdown 850b4870-9ae5-4bfa-bbd2-f1f242dff33d@group-CDFD84D3B5C4-FollowerState
2021-10-28 01:49:30,393 [850b4870-9ae5-4bfa-bbd2-f1f242dff33d@group-CDFD84D3B5C4-FollowerState] INFO  server.RaftServer$Division (RaftServerImpl.java:setRole(290)) - 850b4870-9ae5-4bfa-bbd2-f1f242dff33d@group-CDFD84D3B5C4: changes role from  FOLLOWER to CANDIDATE at term 0 for changeToCandidate
2021-10-28 01:49:30,393 [850b4870-9ae5-4bfa-bbd2-f1f242dff33d@group-CDFD84D3B5C4-FollowerState] INFO  server.RaftServerConfigKeys (ConfUtils.java:logGet(44)) - raft.server.leaderelection.pre-vote = false (custom)
2021-10-28 01:49:30,393 [850b4870-9ae5-4bfa-bbd2-f1f242dff33d@group-CDFD84D3B5C4-FollowerState] INFO  impl.RoleInfo (RoleInfo.java:updateAndGet(130)) - 850b4870-9ae5-4bfa-bbd2-f1f242dff33d: start 850b4870-9ae5-4bfa-bbd2-f1f242dff33d@group-CDFD84D3B5C4-LeaderElection60
2021-10-28 01:49:30,397 [850b4870-9ae5-4bfa-bbd2-f1f242dff33d@group-887D28601A48-LeaderElection59] INFO  impl.LeaderElection (LeaderElection.java:askForVotes(306)) - 850b4870-9ae5-4bfa-bbd2-f1f242dff33d@group-887D28601A48-LeaderElection59 ELECTION round 0: submit vote requests at term 1 for -1: [850b4870-9ae5-4bfa-bbd2-f1f242dff33d|rpc:10.1.0.29:35637|priority:1], old=null
2021-10-28 01:49:30,397 [850b4870-9ae5-4bfa-bbd2-f1f242dff33d@group-887D28601A48-LeaderElection59] INFO  impl.LeaderElection (LeaderElection.java:askForVotes(308)) - 850b4870-9ae5-4bfa-bbd2-f1f242dff33d@group-887D28601A48-LeaderElection59 ELECTION round 0: result PASSED (term=1)
2021-10-28 01:49:30,397 [850b4870-9ae5-4bfa-bbd2-f1f242dff33d@group-887D28601A48-LeaderElection59] INFO  impl.RoleInfo (RoleInfo.java:shutdownLeaderElection(121)) - 850b4870-9ae5-4bfa-bbd2-f1f242dff33d: shutdown 850b4870-9ae5-4bfa-bbd2-f1f242dff33d@group-887D28601A48-LeaderElection59
2021-10-28 01:49:30,397 [850b4870-9ae5-4bfa-bbd2-f1f242dff33d@group-887D28601A48-LeaderElection59] INFO  server.RaftServer$Division (RaftServerImpl.java:setRole(290)) - 850b4870-9ae5-4bfa-bbd2-f1f242dff33d@group-887D28601A48: changes role from CANDIDATE to LEADER at term 1 for changeToLeader
2021-10-28 01:49:30,397 [850b4870-9ae5-4bfa-bbd2-f1f242dff33d@group-887D28601A48-LeaderElection59] INFO  ratis.XceiverServerRatis (XceiverServerRatis.java:handleLeaderChangedNotification(866)) - Leader change notification received for group: group-887D28601A48 with new leaderId: 850b4870-9ae5-4bfa-bbd2-f1f242dff33d
2021-10-28 01:49:30,447 [850b4870-9ae5-4bfa-bbd2-f1f242dff33d@group-887D28601A48-LeaderElection59] INFO  server.RaftServer$Division (ServerState.java:setLeader(285)) - 850b4870-9ae5-4bfa-bbd2-f1f242dff33d@group-887D28601A48: change Leader from null to 850b4870-9ae5-4bfa-bbd2-f1f242dff33d at term 1 for becomeLeader, leader elected after 5102ms
2021-10-28 01:49:30,447 [850b4870-9ae5-4bfa-bbd2-f1f242dff33d@group-887D28601A48-LeaderElection59] INFO  server.RaftServerConfigKeys (ConfUtils.java:logGet(44)) - raft.server.staging.catchup.gap = 1000 (default)
2021-10-28 01:49:30,448 [850b4870-9ae5-4bfa-bbd2-f1f242dff33d@group-887D28601A48-LeaderElection59] INFO  server.RaftServerConfigKeys (ConfUtils.java:logGet(44)) - raft.server.write.element-limit = 1024 (custom)
2021-10-28 01:49:30,448 [850b4870-9ae5-4bfa-bbd2-f1f242dff33d@group-887D28601A48-LeaderElection59] INFO  server.RaftServerConfigKeys (ConfUtils.java:logGet(44)) - raft.server.write.byte-limit = 1024 M (=1073741824) (custom)
2021-10-28 01:49:30,448 [850b4870-9ae5-4bfa-bbd2-f1f242dff33d@group-887D28601A48-LeaderElection59] INFO  server.RaftServerConfigKeys (ConfUtils.java:logGet(44)) - raft.server.watch.timeout = 3000ms (custom)
2021-10-28 01:49:30,448 [850b4870-9ae5-4bfa-bbd2-f1f242dff33d@group-887D28601A48-LeaderElection59] INFO  server.RaftServerConfigKeys (ConfUtils.java:logGet(44)) - raft.server.watch.timeout.denomination = 1s (default)
2021-10-28 01:49:30,448 [850b4870-9ae5-4bfa-bbd2-f1f242dff33d@group-887D28601A48-LeaderElection59] INFO  server.RaftServerConfigKeys (ConfUtils.java:logGet(44)) - raft.server.watch.element-limit = 65536 (default)
2021-10-28 01:49:30,448 [850b4870-9ae5-4bfa-bbd2-f1f242dff33d@group-887D28601A48-LeaderElection59] INFO  server.RaftServerConfigKeys (ConfUtils.java:logGet(44)) - raft.server.write.element-limit = 1024 (custom)
2021-10-28 01:49:30,448 [850b4870-9ae5-4bfa-bbd2-f1f242dff33d@group-887D28601A48-LeaderElection59] INFO  server.RaftServerConfigKeys (ConfUtils.java:logGet(44)) - raft.server.write.follower.gap.ratio.max = -1.0 (default)
2021-10-28 01:49:30,448 [850b4870-9ae5-4bfa-bbd2-f1f242dff33d@group-887D28601A48-LeaderElection59] INFO  impl.RoleInfo (RoleInfo.java:updateAndGet(130)) - 850b4870-9ae5-4bfa-bbd2-f1f242dff33d: start 850b4870-9ae5-4bfa-bbd2-f1f242dff33d@group-887D28601A48-LeaderStateImpl
2021-10-28 01:49:30,449 [850b4870-9ae5-4bfa-bbd2-f1f242dff33d@group-887D28601A48-LeaderElection59] INFO  segmented.SegmentedRaftLogWorker (SegmentedRaftLogWorker.java:startLogSegment(394)) - 850b4870-9ae5-4bfa-bbd2-f1f242dff33d@group-887D28601A48-SegmentedRaftLogWorker: Starting segment from index:0
2021-10-28 01:49:30,451 [EventQueue-OpenPipelineForHealthyPipelineSafeModeRule] INFO  safemode.SCMSafeModeManager (HealthyPipelineSafeModeRule.java:process(124)) - SCM in safe mode. Healthy pipelines reported count is 0, required healthy pipeline reported count is 1
2021-10-28 01:49:30,451 [850b4870-9ae5-4bfa-bbd2-f1f242dff33d@group-887D28601A48-SegmentedRaftLogWorker] INFO  segmented.SegmentedRaftLogWorker (SegmentedRaftLogWorker.java:execute(601)) - 850b4870-9ae5-4bfa-bbd2-f1f242dff33d@group-887D28601A48-SegmentedRaftLogWorker: created new log segment /home/runner/work/ozone/ozone/hadoop-ozone/integration-test/target/test-dir/MiniOzoneClusterImpl-0566475b-15f3-492a-9b28-f78457f271af/datanode-3/data/ratis/912ce479-1254-4f62-8658-887d28601a48/current/log_inprogress_0
2021-10-28 01:49:30,461 [850b4870-9ae5-4bfa-bbd2-f1f242dff33d@group-887D28601A48-LeaderElection59] INFO  server.RaftServer$Division (ServerState.java:setRaftConf(387)) - 850b4870-9ae5-4bfa-bbd2-f1f242dff33d@group-887D28601A48: set configuration 0: [850b4870-9ae5-4bfa-bbd2-f1f242dff33d|rpc:10.1.0.29:35637|dataStream:|priority:1], old=null
2021-10-28 01:49:30,466 [850b4870-9ae5-4bfa-bbd2-f1f242dff33d@group-CDFD84D3B5C4-LeaderElection60] INFO  impl.LeaderElection (LeaderElection.java:askForVotes(306)) - 850b4870-9ae5-4bfa-bbd2-f1f242dff33d@group-CDFD84D3B5C4-LeaderElection60 ELECTION round 0: submit vote requests at term 1 for -1: [850b4870-9ae5-4bfa-bbd2-f1f242dff33d|rpc:10.1.0.29:35637|priority:0, 31d6ae09-1bf4-4ff4-9532-94f29ed1392e|rpc:10.1.0.29:44047|priority:1, 43ee2308-4bff-4c12-a476-7906f102dfb0|rpc:10.1.0.29:33053|priority:0], old=null
2021-10-28 01:49:30,500 [grpc-default-executor-0] INFO  server.RaftServer$Division (RaftServerImpl.java:requestVote(1046)) - 31d6ae09-1bf4-4ff4-9532-94f29ed1392e@group-CDFD84D3B5C4: receive requestVote(ELECTION, 850b4870-9ae5-4bfa-bbd2-f1f242dff33d, group-CDFD84D3B5C4, 1, (t:0, i:0))
2021-10-28 01:49:30,500 [grpc-default-executor-0] INFO  impl.VoteContext (VoteContext.java:log(48)) - 31d6ae09-1bf4-4ff4-9532-94f29ed1392e@group-CDFD84D3B5C4-FOLLOWER: reject ELECTION from 850b4870-9ae5-4bfa-bbd2-f1f242dff33d: our priority 1 > candidate's priority 0
2021-10-28 01:49:30,500 [grpc-default-executor-0] INFO  server.RaftServer$Division (RaftServerImpl.java:setRole(290)) - 31d6ae09-1bf4-4ff4-9532-94f29ed1392e@group-CDFD84D3B5C4: changes role from  FOLLOWER to FOLLOWER at term 1 for candidate:850b4870-9ae5-4bfa-bbd2-f1f242dff33d
2021-10-28 01:49:30,500 [grpc-default-executor-0] INFO  impl.RoleInfo (RoleInfo.java:shutdownFollowerState(108)) - 31d6ae09-1bf4-4ff4-9532-94f29ed1392e: shutdown 31d6ae09-1bf4-4ff4-9532-94f29ed1392e@group-CDFD84D3B5C4-FollowerState
2021-10-28 01:49:30,500 [grpc-default-executor-0] INFO  impl.RoleInfo (RoleInfo.java:updateAndGet(130)) - 31d6ae09-1bf4-4ff4-9532-94f29ed1392e: start 31d6ae09-1bf4-4ff4-9532-94f29ed1392e@group-CDFD84D3B5C4-FollowerState
2021-10-28 01:49:30,501 [31d6ae09-1bf4-4ff4-9532-94f29ed1392e@group-CDFD84D3B5C4-FollowerState] INFO  impl.FollowerState (FollowerState.java:run(143)) - 31d6ae09-1bf4-4ff4-9532-94f29ed1392e@group-CDFD84D3B5C4-FollowerState was interrupted: {}
java.lang.InterruptedException: sleep interrupted
	at java.lang.Thread.sleep(Native Method)
	at java.lang.Thread.sleep(Thread.java:340)
	at java.util.concurrent.TimeUnit.sleep(TimeUnit.java:386)
	at org.apache.ratis.util.TimeDuration.sleep(TimeDuration.java:324)
	at org.apache.ratis.util.TimeDuration.sleep(TimeDuration.java:309)
	at org.apache.ratis.server.impl.FollowerState.run(FollowerState.java:118)
2021-10-28 01:49:30,541 [grpc-default-executor-0] INFO  server.RaftServer$Division (RaftServerImpl.java:requestVote(1078)) - 31d6ae09-1bf4-4ff4-9532-94f29ed1392e@group-CDFD84D3B5C4 replies to ELECTION vote request: 850b4870-9ae5-4bfa-bbd2-f1f242dff33d<-31d6ae09-1bf4-4ff4-9532-94f29ed1392e#0:FAIL-t1. Peer's state: 31d6ae09-1bf4-4ff4-9532-94f29ed1392e@group-CDFD84D3B5C4:t1, leader=null, voted=null, raftlog=31d6ae09-1bf4-4ff4-9532-94f29ed1392e@group-CDFD84D3B5C4-SegmentedRaftLog:OPENED:c-1, conf=-1: [850b4870-9ae5-4bfa-bbd2-f1f242dff33d|rpc:10.1.0.29:35637|dataStream:|priority:0, 31d6ae09-1bf4-4ff4-9532-94f29ed1392e|rpc:10.1.0.29:44047|dataStream:|priority:1, 43ee2308-4bff-4c12-a476-7906f102dfb0|rpc:10.1.0.29:33053|dataStream:|priority:0], old=null
2021-10-28 01:49:30,544 [850b4870-9ae5-4bfa-bbd2-f1f242dff33d@group-CDFD84D3B5C4-LeaderElection60] INFO  impl.LeaderElection (LeaderElection.java:logAndReturn(89)) - 850b4870-9ae5-4bfa-bbd2-f1f242dff33d@group-CDFD84D3B5C4-LeaderElection60: ELECTION REJECTED received 1 response(s) and 0 exception(s):
2021-10-28 01:49:30,544 [850b4870-9ae5-4bfa-bbd2-f1f242dff33d@group-CDFD84D3B5C4-LeaderElection60] INFO  impl.LeaderElection (LeaderElection.java:logAndReturn(93)) -   Response 0: 850b4870-9ae5-4bfa-bbd2-f1f242dff33d<-31d6ae09-1bf4-4ff4-9532-94f29ed1392e#0:FAIL-t1
2021-10-28 01:49:30,544 [850b4870-9ae5-4bfa-bbd2-f1f242dff33d@group-CDFD84D3B5C4-LeaderElection60] INFO  impl.LeaderElection (LeaderElection.java:askForVotes(308)) - 850b4870-9ae5-4bfa-bbd2-f1f242dff33d@group-CDFD84D3B5C4-LeaderElection60 ELECTION round 0: result REJECTED
2021-10-28 01:49:30,544 [850b4870-9ae5-4bfa-bbd2-f1f242dff33d@group-CDFD84D3B5C4-LeaderElection60] INFO  server.RaftServer$Division (RaftServerImpl.java:setRole(290)) - 850b4870-9ae5-4bfa-bbd2-f1f242dff33d@group-CDFD84D3B5C4: changes role from CANDIDATE to FOLLOWER at term 1 for REJECTED
2021-10-28 01:49:30,544 [850b4870-9ae5-4bfa-bbd2-f1f242dff33d@group-CDFD84D3B5C4-LeaderElection60] INFO  impl.RoleInfo (RoleInfo.java:shutdownLeaderElection(121)) - 850b4870-9ae5-4bfa-bbd2-f1f242dff33d: shutdown 850b4870-9ae5-4bfa-bbd2-f1f242dff33d@group-CDFD84D3B5C4-LeaderElection60
2021-10-28 01:49:30,544 [850b4870-9ae5-4bfa-bbd2-f1f242dff33d@group-CDFD84D3B5C4-LeaderElection60] INFO  impl.RoleInfo (RoleInfo.java:updateAndGet(130)) - 850b4870-9ae5-4bfa-bbd2-f1f242dff33d: start 850b4870-9ae5-4bfa-bbd2-f1f242dff33d@group-CDFD84D3B5C4-FollowerState
2021-10-28 01:49:30,548 [grpc-default-executor-0] INFO  server.RaftServer$Division (RaftServerImpl.java:requestVote(1046)) - 43ee2308-4bff-4c12-a476-7906f102dfb0@group-CDFD84D3B5C4: receive requestVote(ELECTION, 850b4870-9ae5-4bfa-bbd2-f1f242dff33d, group-CDFD84D3B5C4, 1, (t:0, i:0))
2021-10-28 01:49:30,548 [grpc-default-executor-0] INFO  impl.VoteContext (VoteContext.java:log(48)) - 43ee2308-4bff-4c12-a476-7906f102dfb0@group-CDFD84D3B5C4-FOLLOWER: accept ELECTION from 850b4870-9ae5-4bfa-bbd2-f1f242dff33d: our priority 0 <= candidate's priority 0
2021-10-28 01:49:30,548 [grpc-default-executor-0] INFO  server.RaftServer$Division (RaftServerImpl.java:setRole(290)) - 43ee2308-4bff-4c12-a476-7906f102dfb0@group-CDFD84D3B5C4: changes role from  FOLLOWER to FOLLOWER at term 1 for candidate:850b4870-9ae5-4bfa-bbd2-f1f242dff33d
2021-10-28 01:49:30,548 [grpc-default-executor-0] INFO  impl.RoleInfo (RoleInfo.java:shutdownFollowerState(108)) - 43ee2308-4bff-4c12-a476-7906f102dfb0: shutdown 43ee2308-4bff-4c12-a476-7906f102dfb0@group-CDFD84D3B5C4-FollowerState
2021-10-28 01:49:30,549 [grpc-default-executor-0] INFO  impl.RoleInfo (RoleInfo.java:updateAndGet(130)) - 43ee2308-4bff-4c12-a476-7906f102dfb0: start 43ee2308-4bff-4c12-a476-7906f102dfb0@group-CDFD84D3B5C4-FollowerState
2021-10-28 01:49:30,552 [43ee2308-4bff-4c12-a476-7906f102dfb0@group-CDFD84D3B5C4-FollowerState] INFO  impl.FollowerState (FollowerState.java:run(143)) - 43ee2308-4bff-4c12-a476-7906f102dfb0@group-CDFD84D3B5C4-FollowerState was interrupted: {}
java.lang.InterruptedException: sleep interrupted
	at java.lang.Thread.sleep(Native Method)
	at java.lang.Thread.sleep(Thread.java:340)
	at java.util.concurrent.TimeUnit.sleep(TimeUnit.java:386)
	at org.apache.ratis.util.TimeDuration.sleep(TimeDuration.java:324)
	at org.apache.ratis.util.TimeDuration.sleep(TimeDuration.java:309)
	at org.apache.ratis.server.impl.FollowerState.run(FollowerState.java:118)
2021-10-28 01:49:30,595 [grpc-default-executor-0] INFO  server.RaftServer$Division (RaftServerImpl.java:requestVote(1078)) - 43ee2308-4bff-4c12-a476-7906f102dfb0@group-CDFD84D3B5C4 replies to ELECTION vote request: 850b4870-9ae5-4bfa-bbd2-f1f242dff33d<-43ee2308-4bff-4c12-a476-7906f102dfb0#0:OK-t1. Peer's state: 43ee2308-4bff-4c12-a476-7906f102dfb0@group-CDFD84D3B5C4:t1, leader=null, voted=850b4870-9ae5-4bfa-bbd2-f1f242dff33d, raftlog=43ee2308-4bff-4c12-a476-7906f102dfb0@group-CDFD84D3B5C4-SegmentedRaftLog:OPENED:c-1, conf=-1: [850b4870-9ae5-4bfa-bbd2-f1f242dff33d|rpc:10.1.0.29:35637|dataStream:|priority:0, 31d6ae09-1bf4-4ff4-9532-94f29ed1392e|rpc:10.1.0.29:44047|dataStream:|priority:1, 43ee2308-4bff-4c12-a476-7906f102dfb0|rpc:10.1.0.29:33053|dataStream:|priority:0], old=null
2021-10-28 01:49:30,632 [Listener at 127.0.0.1/46475] INFO  ozone.MiniOzoneClusterImpl (MiniOzoneClusterImpl.java:lambda$waitForClusterToBeReady$0(235)) - Nodes are ready. Got 7 of 7 DN Heartbeats.
2021-10-28 01:49:30,632 [Listener at 127.0.0.1/46475] INFO  ozone.MiniOzoneClusterImpl (MiniOzoneClusterImpl.java:lambda$waitForClusterToBeReady$0(238)) - Waiting for cluster to exit safe mode
2021-10-28 01:49:30,632 [Listener at 127.0.0.1/46475] INFO  ozone.MiniOzoneClusterImpl (MiniOzoneClusterImpl.java:lambda$waitForClusterToBeReady$0(240)) - SCM became leader
2021-10-28 01:49:30,756 [850b4870-9ae5-4bfa-bbd2-f1f242dff33d@group-0B92E8633D8E-FollowerState] INFO  impl.FollowerState (FollowerState.java:run(134)) - 850b4870-9ae5-4bfa-bbd2-f1f242dff33d@group-0B92E8633D8E-FollowerState: change to CANDIDATE, lastRpcElapsedTime:5008530243ns, electionTimeout:5007ms
2021-10-28 01:49:30,756 [850b4870-9ae5-4bfa-bbd2-f1f242dff33d@group-0B92E8633D8E-FollowerState] INFO  impl.RoleInfo (RoleInfo.java:shutdownFollowerState(108)) - 850b4870-9ae5-4bfa-bbd2-f1f242dff33d: shutdown 850b4870-9ae5-4bfa-bbd2-f1f242dff33d@group-0B92E8633D8E-FollowerState
2021-10-28 01:49:30,757 [850b4870-9ae5-4bfa-bbd2-f1f242dff33d@group-0B92E8633D8E-FollowerState] INFO  server.RaftServer$Division (RaftServerImpl.java:setRole(290)) - 850b4870-9ae5-4bfa-bbd2-f1f242dff33d@group-0B92E8633D8E: changes role from  FOLLOWER to CANDIDATE at term 0 for changeToCandidate
2021-10-28 01:49:30,757 [850b4870-9ae5-4bfa-bbd2-f1f242dff33d@group-0B92E8633D8E-FollowerState] INFO  server.RaftServerConfigKeys (ConfUtils.java:logGet(44)) - raft.server.leaderelection.pre-vote = false (custom)
2021-10-28 01:49:30,757 [850b4870-9ae5-4bfa-bbd2-f1f242dff33d@group-0B92E8633D8E-FollowerState] INFO  impl.RoleInfo (RoleInfo.java:updateAndGet(130)) - 850b4870-9ae5-4bfa-bbd2-f1f242dff33d: start 850b4870-9ae5-4bfa-bbd2-f1f242dff33d@group-0B92E8633D8E-LeaderElection61
2021-10-28 01:49:30,801 [850b4870-9ae5-4bfa-bbd2-f1f242dff33d@group-0B92E8633D8E-LeaderElection61] INFO  impl.LeaderElection (LeaderElection.java:askForVotes(306)) - 850b4870-9ae5-4bfa-bbd2-f1f242dff33d@group-0B92E8633D8E-LeaderElection61 ELECTION round 0: submit vote requests at term 1 for -1: [850b4870-9ae5-4bfa-bbd2-f1f242dff33d|rpc:10.1.0.29:35637|priority:1, 31d6ae09-1bf4-4ff4-9532-94f29ed1392e|rpc:10.1.0.29:44047|priority:0, 43ee2308-4bff-4c12-a476-7906f102dfb0|rpc:10.1.0.29:33053|priority:0], old=null
2021-10-28 01:49:30,825 [grpc-default-executor-0] INFO  server.RaftServer$Division (RaftServerImpl.java:requestVote(1046)) - 31d6ae09-1bf4-4ff4-9532-94f29ed1392e@group-0B92E8633D8E: receive requestVote(ELECTION, 850b4870-9ae5-4bfa-bbd2-f1f242dff33d, group-0B92E8633D8E, 1, (t:0, i:0))
2021-10-28 01:49:30,826 [grpc-default-executor-0] INFO  impl.VoteContext (VoteContext.java:log(48)) - 31d6ae09-1bf4-4ff4-9532-94f29ed1392e@group-0B92E8633D8E-FOLLOWER: accept ELECTION from 850b4870-9ae5-4bfa-bbd2-f1f242dff33d: our priority 0 <= candidate's priority 1
2021-10-28 01:49:30,826 [grpc-default-executor-0] INFO  server.RaftServer$Division (RaftServerImpl.java:setRole(290)) - 31d6ae09-1bf4-4ff4-9532-94f29ed1392e@group-0B92E8633D8E: changes role from  FOLLOWER to FOLLOWER at term 1 for candidate:850b4870-9ae5-4bfa-bbd2-f1f242dff33d
2021-10-28 01:49:30,826 [grpc-default-executor-0] INFO  impl.RoleInfo (RoleInfo.java:shutdownFollowerState(108)) - 31d6ae09-1bf4-4ff4-9532-94f29ed1392e: shutdown 31d6ae09-1bf4-4ff4-9532-94f29ed1392e@group-0B92E8633D8E-FollowerState
2021-10-28 01:49:30,836 [grpc-default-executor-2] INFO  server.RaftServer$Division (RaftServerImpl.java:requestVote(1046)) - 43ee2308-4bff-4c12-a476-7906f102dfb0@group-0B92E8633D8E: receive requestVote(ELECTION, 850b4870-9ae5-4bfa-bbd2-f1f242dff33d, group-0B92E8633D8E, 1, (t:0, i:0))
2021-10-28 01:49:30,837 [grpc-default-executor-2] INFO  impl.VoteContext (VoteContext.java:log(48)) - 43ee2308-4bff-4c12-a476-7906f102dfb0@group-0B92E8633D8E-FOLLOWER: accept ELECTION from 850b4870-9ae5-4bfa-bbd2-f1f242dff33d: our priority 0 <= candidate's priority 1
2021-10-28 01:49:30,837 [grpc-default-executor-2] INFO  server.RaftServer$Division (RaftServerImpl.java:setRole(290)) - 43ee2308-4bff-4c12-a476-7906f102dfb0@group-0B92E8633D8E: changes role from  FOLLOWER to FOLLOWER at term 1 for candidate:850b4870-9ae5-4bfa-bbd2-f1f242dff33d
2021-10-28 01:49:30,837 [grpc-default-executor-2] INFO  impl.RoleInfo (RoleInfo.java:shutdownFollowerState(108)) - 43ee2308-4bff-4c12-a476-7906f102dfb0: shutdown 43ee2308-4bff-4c12-a476-7906f102dfb0@group-0B92E8633D8E-FollowerState
2021-10-28 01:49:30,837 [grpc-default-executor-2] INFO  impl.RoleInfo (RoleInfo.java:updateAndGet(130)) - 43ee2308-4bff-4c12-a476-7906f102dfb0: start 43ee2308-4bff-4c12-a476-7906f102dfb0@group-0B92E8633D8E-FollowerState
2021-10-28 01:49:30,837 [43ee2308-4bff-4c12-a476-7906f102dfb0@group-0B92E8633D8E-FollowerState] INFO  impl.FollowerState (FollowerState.java:run(143)) - 43ee2308-4bff-4c12-a476-7906f102dfb0@group-0B92E8633D8E-FollowerState was interrupted: {}
java.lang.InterruptedException: sleep interrupted
	at java.lang.Thread.sleep(Native Method)
	at java.lang.Thread.sleep(Thread.java:340)
	at java.util.concurrent.TimeUnit.sleep(TimeUnit.java:386)
	at org.apache.ratis.util.TimeDuration.sleep(TimeDuration.java:324)
	at org.apache.ratis.util.TimeDuration.sleep(TimeDuration.java:309)
	at org.apache.ratis.server.impl.FollowerState.run(FollowerState.java:118)
2021-10-28 01:49:30,855 [grpc-default-executor-2] INFO  server.RaftServer$Division (RaftServerImpl.java:requestVote(1078)) - 43ee2308-4bff-4c12-a476-7906f102dfb0@group-0B92E8633D8E replies to ELECTION vote request: 850b4870-9ae5-4bfa-bbd2-f1f242dff33d<-43ee2308-4bff-4c12-a476-7906f102dfb0#0:OK-t1. Peer's state: 43ee2308-4bff-4c12-a476-7906f102dfb0@group-0B92E8633D8E:t1, leader=null, voted=850b4870-9ae5-4bfa-bbd2-f1f242dff33d, raftlog=43ee2308-4bff-4c12-a476-7906f102dfb0@group-0B92E8633D8E-SegmentedRaftLog:OPENED:c-1, conf=-1: [850b4870-9ae5-4bfa-bbd2-f1f242dff33d|rpc:10.1.0.29:35637|dataStream:|priority:1, 31d6ae09-1bf4-4ff4-9532-94f29ed1392e|rpc:10.1.0.29:44047|dataStream:|priority:0, 43ee2308-4bff-4c12-a476-7906f102dfb0|rpc:10.1.0.29:33053|dataStream:|priority:0], old=null
2021-10-28 01:49:30,858 [850b4870-9ae5-4bfa-bbd2-f1f242dff33d@group-0B92E8633D8E-LeaderElection61] INFO  impl.LeaderElection (LeaderElection.java:logAndReturn(89)) - 850b4870-9ae5-4bfa-bbd2-f1f242dff33d@group-0B92E8633D8E-LeaderElection61: ELECTION PASSED received 1 response(s) and 0 exception(s):
2021-10-28 01:49:30,858 [850b4870-9ae5-4bfa-bbd2-f1f242dff33d@group-0B92E8633D8E-LeaderElection61] INFO  impl.LeaderElection (LeaderElection.java:logAndReturn(93)) -   Response 0: 850b4870-9ae5-4bfa-bbd2-f1f242dff33d<-43ee2308-4bff-4c12-a476-7906f102dfb0#0:OK-t1
2021-10-28 01:49:30,858 [850b4870-9ae5-4bfa-bbd2-f1f242dff33d@group-0B92E8633D8E-LeaderElection61] INFO  impl.LeaderElection (LeaderElection.java:askForVotes(308)) - 850b4870-9ae5-4bfa-bbd2-f1f242dff33d@group-0B92E8633D8E-LeaderElection61 ELECTION round 0: result PASSED
2021-10-28 01:49:30,858 [850b4870-9ae5-4bfa-bbd2-f1f242dff33d@group-0B92E8633D8E-LeaderElection61] INFO  impl.RoleInfo (RoleInfo.java:shutdownLeaderElection(121)) - 850b4870-9ae5-4bfa-bbd2-f1f242dff33d: shutdown 850b4870-9ae5-4bfa-bbd2-f1f242dff33d@group-0B92E8633D8E-LeaderElection61
2021-10-28 01:49:30,858 [850b4870-9ae5-4bfa-bbd2-f1f242dff33d@group-0B92E8633D8E-LeaderElection61] INFO  server.RaftServer$Division (RaftServerImpl.java:setRole(290)) - 850b4870-9ae5-4bfa-bbd2-f1f242dff33d@group-0B92E8633D8E: changes role from CANDIDATE to LEADER at term 1 for changeToLeader
2021-10-28 01:49:30,858 [850b4870-9ae5-4bfa-bbd2-f1f242dff33d@group-0B92E8633D8E-LeaderElection61] INFO  ratis.XceiverServerRatis (XceiverServerRatis.java:handleLeaderChangedNotification(866)) - Leader change notification received for group: group-0B92E8633D8E with new leaderId: 850b4870-9ae5-4bfa-bbd2-f1f242dff33d
2021-10-28 01:49:30,858 [850b4870-9ae5-4bfa-bbd2-f1f242dff33d@group-0B92E8633D8E-LeaderElection61] INFO  server.RaftServer$Division (ServerState.java:setLeader(285)) - 850b4870-9ae5-4bfa-bbd2-f1f242dff33d@group-0B92E8633D8E: change Leader from null to 850b4870-9ae5-4bfa-bbd2-f1f242dff33d at term 1 for becomeLeader, leader elected after 5121ms
2021-10-28 01:49:30,858 [850b4870-9ae5-4bfa-bbd2-f1f242dff33d@group-0B92E8633D8E-LeaderElection61] INFO  server.RaftServerConfigKeys (ConfUtils.java:logGet(44)) - raft.server.staging.catchup.gap = 1000 (default)
2021-10-28 01:49:30,859 [850b4870-9ae5-4bfa-bbd2-f1f242dff33d@group-0B92E8633D8E-LeaderElection61] INFO  server.RaftServerConfigKeys (ConfUtils.java:logGet(44)) - raft.server.write.element-limit = 1024 (custom)
2021-10-28 01:49:30,859 [850b4870-9ae5-4bfa-bbd2-f1f242dff33d@group-0B92E8633D8E-LeaderElection61] INFO  server.RaftServerConfigKeys (ConfUtils.java:logGet(44)) - raft.server.write.byte-limit = 1024 M (=1073741824) (custom)
2021-10-28 01:49:30,859 [850b4870-9ae5-4bfa-bbd2-f1f242dff33d@group-0B92E8633D8E-LeaderElection61] INFO  server.RaftServerConfigKeys (ConfUtils.java:logGet(44)) - raft.server.watch.timeout = 3000ms (custom)
2021-10-28 01:49:30,859 [850b4870-9ae5-4bfa-bbd2-f1f242dff33d@group-0B92E8633D8E-LeaderElection61] INFO  server.RaftServerConfigKeys (ConfUtils.java:logGet(44)) - raft.server.watch.timeout.denomination = 1s (default)
2021-10-28 01:49:30,859 [850b4870-9ae5-4bfa-bbd2-f1f242dff33d@group-0B92E8633D8E-LeaderElection61] INFO  server.RaftServerConfigKeys (ConfUtils.java:logGet(44)) - raft.server.watch.element-limit = 65536 (default)
2021-10-28 01:49:30,859 [850b4870-9ae5-4bfa-bbd2-f1f242dff33d@group-0B92E8633D8E-LeaderElection61] INFO  server.RaftServerConfigKeys (ConfUtils.java:logGet(44)) - raft.server.write.element-limit = 1024 (custom)
2021-10-28 01:49:30,859 [850b4870-9ae5-4bfa-bbd2-f1f242dff33d@group-0B92E8633D8E-LeaderElection61] INFO  server.RaftServerConfigKeys (ConfUtils.java:logGet(44)) - raft.server.write.follower.gap.ratio.max = -1.0 (default)
2021-10-28 01:49:30,859 [850b4870-9ae5-4bfa-bbd2-f1f242dff33d@group-0B92E8633D8E-LeaderElection61] INFO  server.RaftServerConfigKeys (ConfUtils.java:logGet(44)) - raft.server.log.appender.snapshot.chunk.size.max = 16MB (=16777216) (default)
2021-10-28 01:49:30,859 [850b4870-9ae5-4bfa-bbd2-f1f242dff33d@group-0B92E8633D8E-LeaderElection61] INFO  server.RaftServerConfigKeys (ConfUtils.java:logGet(44)) - raft.server.log.appender.buffer.byte-limit = 33554432 (custom)
2021-10-28 01:49:30,860 [850b4870-9ae5-4bfa-bbd2-f1f242dff33d@group-0B92E8633D8E-LeaderElection61] INFO  server.RaftServerConfigKeys (ConfUtils.java:logGet(44)) - raft.server.log.appender.buffer.element-limit = 1 (custom)
2021-10-28 01:49:30,860 [850b4870-9ae5-4bfa-bbd2-f1f242dff33d@group-0B92E8633D8E-LeaderElection61] INFO  grpc.GrpcConfigKeys (ConfUtils.java:logGet(44)) - raft.grpc.server.leader.outstanding.appends.max = 128 (default)
2021-10-28 01:49:30,860 [850b4870-9ae5-4bfa-bbd2-f1f242dff33d@group-0B92E8633D8E-LeaderElection61] INFO  server.RaftServerConfigKeys (ConfUtils.java:logGet(44)) - raft.server.rpc.request.timeout = 3000ms (default)
2021-10-28 01:49:30,860 [850b4870-9ae5-4bfa-bbd2-f1f242dff33d@group-0B92E8633D8E-LeaderElection61] INFO  server.RaftServerConfigKeys (ConfUtils.java:logGet(44)) - raft.server.log.appender.install.snapshot.enabled = false (custom)
2021-10-28 01:49:30,861 [850b4870-9ae5-4bfa-bbd2-f1f242dff33d@group-0B92E8633D8E-LeaderElection61] INFO  server.RaftServerConfigKeys (ConfUtils.java:logGet(44)) - raft.server.log.appender.snapshot.chunk.size.max = 16MB (=16777216) (default)
2021-10-28 01:49:30,861 [850b4870-9ae5-4bfa-bbd2-f1f242dff33d@group-0B92E8633D8E-LeaderElection61] INFO  server.RaftServerConfigKeys (ConfUtils.java:logGet(44)) - raft.server.log.appender.buffer.byte-limit = 33554432 (custom)
2021-10-28 01:49:30,861 [850b4870-9ae5-4bfa-bbd2-f1f242dff33d@group-0B92E8633D8E-LeaderElection61] INFO  server.RaftServerConfigKeys (ConfUtils.java:logGet(44)) - raft.server.log.appender.buffer.element-limit = 1 (custom)
2021-10-28 01:49:30,861 [850b4870-9ae5-4bfa-bbd2-f1f242dff33d@group-0B92E8633D8E-LeaderElection61] INFO  grpc.GrpcConfigKeys (ConfUtils.java:logGet(44)) - raft.grpc.server.leader.outstanding.appends.max = 128 (default)
2021-10-28 01:49:30,861 [850b4870-9ae5-4bfa-bbd2-f1f242dff33d@group-0B92E8633D8E-LeaderElection61] INFO  server.RaftServerConfigKeys (ConfUtils.java:logGet(44)) - raft.server.rpc.request.timeout = 3000ms (default)
2021-10-28 01:49:30,861 [850b4870-9ae5-4bfa-bbd2-f1f242dff33d@group-0B92E8633D8E-LeaderElection61] INFO  server.RaftServerConfigKeys (ConfUtils.java:logGet(44)) - raft.server.log.appender.install.snapshot.enabled = false (custom)
2021-10-28 01:49:30,862 [850b4870-9ae5-4bfa-bbd2-f1f242dff33d@group-0B92E8633D8E-LeaderElection61] INFO  impl.RoleInfo (RoleInfo.java:updateAndGet(130)) - 850b4870-9ae5-4bfa-bbd2-f1f242dff33d: start 850b4870-9ae5-4bfa-bbd2-f1f242dff33d@group-0B92E8633D8E-LeaderStateImpl
2021-10-28 01:49:30,862 [850b4870-9ae5-4bfa-bbd2-f1f242dff33d@group-0B92E8633D8E-LeaderElection61] INFO  segmented.SegmentedRaftLogWorker (SegmentedRaftLogWorker.java:startLogSegment(394)) - 850b4870-9ae5-4bfa-bbd2-f1f242dff33d@group-0B92E8633D8E-SegmentedRaftLogWorker: Starting segment from index:0
2021-10-28 01:49:30,868 [EventQueue-PipelineReportForPipelineReportHandler] INFO  pipeline.PipelineManagerImpl (PipelineManagerImpl.java:openPipeline(289)) - Pipeline Pipeline[ Id: 6cf808e4-8713-4a6a-bdd0-0b92e8633d8e, Nodes: 850b4870-9ae5-4bfa-bbd2-f1f242dff33d{ip: 10.1.0.29, host: fv-az270-135.tacnzluakwdehk1hpragurqkma.bx.internal.cloudapp.net, ports: [REPLICATION=39677, RATIS=35637, RATIS_ADMIN=35637, RATIS_SERVER=35637, STANDALONE=41253], networkLocation: /default-rack, certSerialId: null, persistedOpState: IN_SERVICE, persistedOpStateExpiryEpochSec: 0}43ee2308-4bff-4c12-a476-7906f102dfb0{ip: 10.1.0.29, host: fv-az270-135.tacnzluakwdehk1hpragurqkma.bx.internal.cloudapp.net, ports: [REPLICATION=42689, RATIS=33053, RATIS_ADMIN=33053, RATIS_SERVER=33053, STANDALONE=35333], networkLocation: /default-rack, certSerialId: null, persistedOpState: IN_SERVICE, persistedOpStateExpiryEpochSec: 0}31d6ae09-1bf4-4ff4-9532-94f29ed1392e{ip: 10.1.0.29, host: fv-az270-135.tacnzluakwdehk1hpragurqkma.bx.internal.cloudapp.net, ports: [REPLICATION=42011, RATIS=44047, RATIS_ADMIN=44047, RATIS_SERVER=44047, STANDALONE=32823], networkLocation: /default-rack, certSerialId: null, persistedOpState: IN_SERVICE, persistedOpStateExpiryEpochSec: 0}, ReplicationConfig: RATIS/THREE, State:ALLOCATED, leaderId:850b4870-9ae5-4bfa-bbd2-f1f242dff33d, CreationTimestamp2021-10-28T01:49:23.807Z[Etc/UTC]] moved to OPEN state
2021-10-28 01:49:30,868 [EventQueue-OpenPipelineForHealthyPipelineSafeModeRule] INFO  safemode.SCMSafeModeManager (HealthyPipelineSafeModeRule.java:process(124)) - SCM in safe mode. Healthy pipelines reported count is 1, required healthy pipeline reported count is 1
2021-10-28 01:49:30,868 [EventQueue-OpenPipelineForHealthyPipelineSafeModeRule] INFO  safemode.SCMSafeModeManager (SCMSafeModeManager.java:validateSafeModeExitRules(204)) - HealthyPipelineSafeModeRule rule is successfully validated
2021-10-28 01:49:30,868 [EventQueue-OpenPipelineForHealthyPipelineSafeModeRule] INFO  safemode.SCMSafeModeManager (SCMSafeModeManager.java:validateSafeModeExitRules(219)) - ScmSafeModeManager, all rules are successfully validated
2021-10-28 01:49:30,868 [EventQueue-OpenPipelineForHealthyPipelineSafeModeRule] INFO  safemode.SCMSafeModeManager (SCMSafeModeManager.java:exitSafeMode(248)) - SCM exiting safe mode.
2021-10-28 01:49:30,868 [EventQueue-OpenPipelineForHealthyPipelineSafeModeRule] WARN  events.EventQueue (EventQueue.java:fireEvent(194)) - No event handler registered for event TypedEvent{payloadType=SafeModeStatus, name='Safe mode status'}
2021-10-28 01:49:30,868 [EventQueue-OpenPipelineForHealthyPipelineSafeModeRule] INFO  ha.SCMContext (SCMContext.java:updateSafeModeStatus(205)) - Update SafeModeStatus from SafeModeStatus{safeModeStatus=true, preCheckPassed=true} to SafeModeStatus{safeModeStatus=false, preCheckPassed=true}.
2021-10-28 01:49:30,868 [EventQueue-OpenPipelineForHealthyPipelineSafeModeRule] INFO  pipeline.BackgroundPipelineCreator (BackgroundPipelineCreator.java:notifyStatusChanged(264)) - Service BackgroundPipelineCreator transitions to RUNNING.
2021-10-28 01:49:30,868 [EventQueue-OpenPipelineForHealthyPipelineSafeModeRule] INFO  container.ReplicationManager (ReplicationManager.java:notifyStatusChanged(1746)) - Service ReplicationManager transitions to RUNNING.
2021-10-28 01:49:30,869 [850b4870-9ae5-4bfa-bbd2-f1f242dff33d@group-0B92E8633D8E-SegmentedRaftLogWorker] INFO  segmented.SegmentedRaftLogWorker (SegmentedRaftLogWorker.java:execute(601)) - 850b4870-9ae5-4bfa-bbd2-f1f242dff33d@group-0B92E8633D8E-SegmentedRaftLogWorker: created new log segment /home/runner/work/ozone/ozone/hadoop-ozone/integration-test/target/test-dir/MiniOzoneClusterImpl-0566475b-15f3-492a-9b28-f78457f271af/datanode-3/data/ratis/6cf808e4-8713-4a6a-bdd0-0b92e8633d8e/current/log_inprogress_0
2021-10-28 01:49:30,895 [grpc-default-executor-0] INFO  impl.RoleInfo (RoleInfo.java:updateAndGet(130)) - 31d6ae09-1bf4-4ff4-9532-94f29ed1392e: start 31d6ae09-1bf4-4ff4-9532-94f29ed1392e@group-0B92E8633D8E-FollowerState
2021-10-28 01:49:30,902 [850b4870-9ae5-4bfa-bbd2-f1f242dff33d@group-0B92E8633D8E-LeaderElection61] INFO  server.RaftServer$Division (ServerState.java:setRaftConf(387)) - 850b4870-9ae5-4bfa-bbd2-f1f242dff33d@group-0B92E8633D8E: set configuration 0: [850b4870-9ae5-4bfa-bbd2-f1f242dff33d|rpc:10.1.0.29:35637|dataStream:|priority:1, 31d6ae09-1bf4-4ff4-9532-94f29ed1392e|rpc:10.1.0.29:44047|dataStream:|priority:0, 43ee2308-4bff-4c12-a476-7906f102dfb0|rpc:10.1.0.29:33053|dataStream:|priority:0], old=null
2021-10-28 01:49:30,911 [31d6ae09-1bf4-4ff4-9532-94f29ed1392e@group-0B92E8633D8E-FollowerState] INFO  impl.FollowerState (FollowerState.java:run(143)) - 31d6ae09-1bf4-4ff4-9532-94f29ed1392e@group-0B92E8633D8E-FollowerState was interrupted: {}
java.lang.InterruptedException: sleep interrupted
	at java.lang.Thread.sleep(Native Method)
	at java.lang.Thread.sleep(Thread.java:340)
	at java.util.concurrent.TimeUnit.sleep(TimeUnit.java:386)
	at org.apache.ratis.util.TimeDuration.sleep(TimeDuration.java:324)
	at org.apache.ratis.util.TimeDuration.sleep(TimeDuration.java:309)
	at org.apache.ratis.server.impl.FollowerState.run(FollowerState.java:118)
2021-10-28 01:49:30,923 [grpc-default-executor-0] INFO  server.RaftServer$Division (RaftServerImpl.java:requestVote(1078)) - 31d6ae09-1bf4-4ff4-9532-94f29ed1392e@group-0B92E8633D8E replies to ELECTION vote request: 850b4870-9ae5-4bfa-bbd2-f1f242dff33d<-31d6ae09-1bf4-4ff4-9532-94f29ed1392e#0:OK-t1. Peer's state: 31d6ae09-1bf4-4ff4-9532-94f29ed1392e@group-0B92E8633D8E:t1, leader=null, voted=850b4870-9ae5-4bfa-bbd2-f1f242dff33d, raftlog=31d6ae09-1bf4-4ff4-9532-94f29ed1392e@group-0B92E8633D8E-SegmentedRaftLog:OPENED:c-1, conf=-1: [850b4870-9ae5-4bfa-bbd2-f1f242dff33d|rpc:10.1.0.29:35637|dataStream:|priority:1, 31d6ae09-1bf4-4ff4-9532-94f29ed1392e|rpc:10.1.0.29:44047|dataStream:|priority:0, 43ee2308-4bff-4c12-a476-7906f102dfb0|rpc:10.1.0.29:33053|dataStream:|priority:0], old=null
2021-10-28 01:49:30,932 [grpc-default-executor-0] INFO  ratis.XceiverServerRatis (XceiverServerRatis.java:handleLeaderChangedNotification(866)) - Leader change notification received for group: group-0B92E8633D8E with new leaderId: 850b4870-9ae5-4bfa-bbd2-f1f242dff33d
2021-10-28 01:49:30,932 [grpc-default-executor-0] INFO  server.RaftServer$Division (ServerState.java:setLeader(285)) - 43ee2308-4bff-4c12-a476-7906f102dfb0@group-0B92E8633D8E: change Leader from null to 850b4870-9ae5-4bfa-bbd2-f1f242dff33d at term 1 for appendEntries, leader elected after 5156ms
2021-10-28 01:49:30,966 [grpc-default-executor-0] INFO  ratis.XceiverServerRatis (XceiverServerRatis.java:handleLeaderChangedNotification(866)) - Leader change notification received for group: group-0B92E8633D8E with new leaderId: 850b4870-9ae5-4bfa-bbd2-f1f242dff33d
2021-10-28 01:49:30,966 [grpc-default-executor-0] INFO  server.RaftServer$Division (ServerState.java:setLeader(285)) - 31d6ae09-1bf4-4ff4-9532-94f29ed1392e@group-0B92E8633D8E: change Leader from null to 850b4870-9ae5-4bfa-bbd2-f1f242dff33d at term 1 for appendEntries, leader elected after 4972ms
2021-10-28 01:49:31,006 [grpc-default-executor-0] INFO  server.RaftServer$Division (ServerState.java:setRaftConf(387)) - 31d6ae09-1bf4-4ff4-9532-94f29ed1392e@group-0B92E8633D8E: set configuration 0: [850b4870-9ae5-4bfa-bbd2-f1f242dff33d|rpc:10.1.0.29:35637|dataStream:|priority:1, 31d6ae09-1bf4-4ff4-9532-94f29ed1392e|rpc:10.1.0.29:44047|dataStream:|priority:0, 43ee2308-4bff-4c12-a476-7906f102dfb0|rpc:10.1.0.29:33053|dataStream:|priority:0], old=null
2021-10-28 01:49:31,006 [grpc-default-executor-0] INFO  segmented.SegmentedRaftLogWorker (SegmentedRaftLogWorker.java:startLogSegment(394)) - 31d6ae09-1bf4-4ff4-9532-94f29ed1392e@group-0B92E8633D8E-SegmentedRaftLogWorker: Starting segment from index:0
2021-10-28 01:49:31,007 [grpc-default-executor-3] INFO  server.RaftServer$Division (ServerState.java:setRaftConf(387)) - 43ee2308-4bff-4c12-a476-7906f102dfb0@group-0B92E8633D8E: set configuration 0: [850b4870-9ae5-4bfa-bbd2-f1f242dff33d|rpc:10.1.0.29:35637|dataStream:|priority:1, 31d6ae09-1bf4-4ff4-9532-94f29ed1392e|rpc:10.1.0.29:44047|dataStream:|priority:0, 43ee2308-4bff-4c12-a476-7906f102dfb0|rpc:10.1.0.29:33053|dataStream:|priority:0], old=null
2021-10-28 01:49:31,007 [grpc-default-executor-3] INFO  segmented.SegmentedRaftLogWorker (SegmentedRaftLogWorker.java:startLogSegment(394)) - 43ee2308-4bff-4c12-a476-7906f102dfb0@group-0B92E8633D8E-SegmentedRaftLogWorker: Starting segment from index:0
2021-10-28 01:49:31,023 [43ee2308-4bff-4c12-a476-7906f102dfb0@group-616A459D8117-FollowerState] INFO  impl.FollowerState (FollowerState.java:run(134)) - 43ee2308-4bff-4c12-a476-7906f102dfb0@group-616A459D8117-FollowerState: change to CANDIDATE, lastRpcElapsedTime:5059494797ns, electionTimeout:5025ms
2021-10-28 01:49:31,023 [43ee2308-4bff-4c12-a476-7906f102dfb0@group-616A459D8117-FollowerState] INFO  impl.RoleInfo (RoleInfo.java:shutdownFollowerState(108)) - 43ee2308-4bff-4c12-a476-7906f102dfb0: shutdown 43ee2308-4bff-4c12-a476-7906f102dfb0@group-616A459D8117-FollowerState
2021-10-28 01:49:31,023 [43ee2308-4bff-4c12-a476-7906f102dfb0@group-616A459D8117-FollowerState] INFO  server.RaftServer$Division (RaftServerImpl.java:setRole(290)) - 43ee2308-4bff-4c12-a476-7906f102dfb0@group-616A459D8117: changes role from  FOLLOWER to CANDIDATE at term 0 for changeToCandidate
2021-10-28 01:49:31,030 [31d6ae09-1bf4-4ff4-9532-94f29ed1392e@group-0B92E8633D8E-SegmentedRaftLogWorker] INFO  segmented.SegmentedRaftLogWorker (SegmentedRaftLogWorker.java:execute(601)) - 31d6ae09-1bf4-4ff4-9532-94f29ed1392e@group-0B92E8633D8E-SegmentedRaftLogWorker: created new log segment /home/runner/work/ozone/ozone/hadoop-ozone/integration-test/target/test-dir/MiniOzoneClusterImpl-0566475b-15f3-492a-9b28-f78457f271af/datanode-5/data/ratis/6cf808e4-8713-4a6a-bdd0-0b92e8633d8e/current/log_inprogress_0
2021-10-28 01:49:31,031 [43ee2308-4bff-4c12-a476-7906f102dfb0@group-0B92E8633D8E-SegmentedRaftLogWorker] INFO  segmented.SegmentedRaftLogWorker (SegmentedRaftLogWorker.java:execute(601)) - 43ee2308-4bff-4c12-a476-7906f102dfb0@group-0B92E8633D8E-SegmentedRaftLogWorker: created new log segment /home/runner/work/ozone/ozone/hadoop-ozone/integration-test/target/test-dir/MiniOzoneClusterImpl-0566475b-15f3-492a-9b28-f78457f271af/datanode-4/data/ratis/6cf808e4-8713-4a6a-bdd0-0b92e8633d8e/current/log_inprogress_0
2021-10-28 01:49:31,048 [43ee2308-4bff-4c12-a476-7906f102dfb0@group-616A459D8117-FollowerState] INFO  server.RaftServerConfigKeys (ConfUtils.java:logGet(44)) - raft.server.leaderelection.pre-vote = false (custom)
2021-10-28 01:49:31,048 [43ee2308-4bff-4c12-a476-7906f102dfb0@group-616A459D8117-FollowerState] INFO  impl.RoleInfo (RoleInfo.java:updateAndGet(130)) - 43ee2308-4bff-4c12-a476-7906f102dfb0: start 43ee2308-4bff-4c12-a476-7906f102dfb0@group-616A459D8117-LeaderElection62
2021-10-28 01:49:31,082 [43ee2308-4bff-4c12-a476-7906f102dfb0@group-616A459D8117-LeaderElection62] INFO  impl.LeaderElection (LeaderElection.java:askForVotes(306)) - 43ee2308-4bff-4c12-a476-7906f102dfb0@group-616A459D8117-LeaderElection62 ELECTION round 0: submit vote requests at term 1 for -1: [43ee2308-4bff-4c12-a476-7906f102dfb0|rpc:10.1.0.29:33053|priority:1], old=null
2021-10-28 01:49:31,082 [43ee2308-4bff-4c12-a476-7906f102dfb0@group-616A459D8117-LeaderElection62] INFO  impl.LeaderElection (LeaderElection.java:askForVotes(308)) - 43ee2308-4bff-4c12-a476-7906f102dfb0@group-616A459D8117-LeaderElection62 ELECTION round 0: result PASSED (term=1)
2021-10-28 01:49:31,082 [43ee2308-4bff-4c12-a476-7906f102dfb0@group-616A459D8117-LeaderElection62] INFO  impl.RoleInfo (RoleInfo.java:shutdownLeaderElection(121)) - 43ee2308-4bff-4c12-a476-7906f102dfb0: shutdown 43ee2308-4bff-4c12-a476-7906f102dfb0@group-616A459D8117-LeaderElection62
2021-10-28 01:49:31,082 [43ee2308-4bff-4c12-a476-7906f102dfb0@group-616A459D8117-LeaderElection62] INFO  server.RaftServer$Division (RaftServerImpl.java:setRole(290)) - 43ee2308-4bff-4c12-a476-7906f102dfb0@group-616A459D8117: changes role from CANDIDATE to LEADER at term 1 for changeToLeader
2021-10-28 01:49:31,082 [43ee2308-4bff-4c12-a476-7906f102dfb0@group-616A459D8117-LeaderElection62] INFO  ratis.XceiverServerRatis (XceiverServerRatis.java:handleLeaderChangedNotification(866)) - Leader change notification received for group: group-616A459D8117 with new leaderId: 43ee2308-4bff-4c12-a476-7906f102dfb0
2021-10-28 01:49:31,085 [43ee2308-4bff-4c12-a476-7906f102dfb0@group-616A459D8117-LeaderElection62] INFO  server.RaftServer$Division (ServerState.java:setLeader(285)) - 43ee2308-4bff-4c12-a476-7906f102dfb0@group-616A459D8117: change Leader from null to 43ee2308-4bff-4c12-a476-7906f102dfb0 at term 1 for becomeLeader, leader elected after 5138ms
2021-10-28 01:49:31,085 [43ee2308-4bff-4c12-a476-7906f102dfb0@group-616A459D8117-LeaderElection62] INFO  server.RaftServerConfigKeys (ConfUtils.java:logGet(44)) - raft.server.staging.catchup.gap = 1000 (default)
2021-10-28 01:49:31,086 [43ee2308-4bff-4c12-a476-7906f102dfb0@group-616A459D8117-LeaderElection62] INFO  server.RaftServerConfigKeys (ConfUtils.java:logGet(44)) - raft.server.write.element-limit = 1024 (custom)
2021-10-28 01:49:31,086 [43ee2308-4bff-4c12-a476-7906f102dfb0@group-616A459D8117-LeaderElection62] INFO  server.RaftServerConfigKeys (ConfUtils.java:logGet(44)) - raft.server.write.byte-limit = 1024 M (=1073741824) (custom)
2021-10-28 01:49:31,088 [43ee2308-4bff-4c12-a476-7906f102dfb0@group-616A459D8117-LeaderElection62] INFO  server.RaftServerConfigKeys (ConfUtils.java:logGet(44)) - raft.server.watch.timeout = 3000ms (custom)
2021-10-28 01:49:31,088 [43ee2308-4bff-4c12-a476-7906f102dfb0@group-616A459D8117-LeaderElection62] INFO  server.RaftServerConfigKeys (ConfUtils.java:logGet(44)) - raft.server.watch.timeout.denomination = 1s (default)
2021-10-28 01:49:31,088 [43ee2308-4bff-4c12-a476-7906f102dfb0@group-616A459D8117-LeaderElection62] INFO  server.RaftServerConfigKeys (ConfUtils.java:logGet(44)) - raft.server.watch.element-limit = 65536 (default)
2021-10-28 01:49:31,088 [43ee2308-4bff-4c12-a476-7906f102dfb0@group-616A459D8117-LeaderElection62] INFO  server.RaftServerConfigKeys (ConfUtils.java:logGet(44)) - raft.server.write.element-limit = 1024 (custom)
2021-10-28 01:49:31,088 [43ee2308-4bff-4c12-a476-7906f102dfb0@group-616A459D8117-LeaderElection62] INFO  server.RaftServerConfigKeys (ConfUtils.java:logGet(44)) - raft.server.write.follower.gap.ratio.max = -1.0 (default)
2021-10-28 01:49:31,088 [43ee2308-4bff-4c12-a476-7906f102dfb0@group-616A459D8117-LeaderElection62] INFO  impl.RoleInfo (RoleInfo.java:updateAndGet(130)) - 43ee2308-4bff-4c12-a476-7906f102dfb0: start 43ee2308-4bff-4c12-a476-7906f102dfb0@group-616A459D8117-LeaderStateImpl
2021-10-28 01:49:31,089 [43ee2308-4bff-4c12-a476-7906f102dfb0@group-616A459D8117-LeaderElection62] INFO  segmented.SegmentedRaftLogWorker (SegmentedRaftLogWorker.java:startLogSegment(394)) - 43ee2308-4bff-4c12-a476-7906f102dfb0@group-616A459D8117-SegmentedRaftLogWorker: Starting segment from index:0
2021-10-28 01:49:31,092 [43ee2308-4bff-4c12-a476-7906f102dfb0@group-616A459D8117-SegmentedRaftLogWorker] INFO  segmented.SegmentedRaftLogWorker (SegmentedRaftLogWorker.java:execute(601)) - 43ee2308-4bff-4c12-a476-7906f102dfb0@group-616A459D8117-SegmentedRaftLogWorker: created new log segment /home/runner/work/ozone/ozone/hadoop-ozone/integration-test/target/test-dir/MiniOzoneClusterImpl-0566475b-15f3-492a-9b28-f78457f271af/datanode-4/data/ratis/6051f0ed-a979-43e1-b3d7-616a459d8117/current/log_inprogress_0
2021-10-28 01:49:31,156 [43ee2308-4bff-4c12-a476-7906f102dfb0@group-616A459D8117-LeaderElection62] INFO  server.RaftServer$Division (ServerState.java:setRaftConf(387)) - 43ee2308-4bff-4c12-a476-7906f102dfb0@group-616A459D8117: set configuration 0: [43ee2308-4bff-4c12-a476-7906f102dfb0|rpc:10.1.0.29:33053|dataStream:|priority:1], old=null
2021-10-28 01:49:31,633 [Listener at 127.0.0.1/46475] INFO  ozone.MiniOzoneClusterImpl (MiniOzoneClusterImpl.java:lambda$waitForClusterToBeReady$0(235)) - Nodes are ready. Got 7 of 7 DN Heartbeats.
2021-10-28 01:49:31,633 [Listener at 127.0.0.1/46475] INFO  ozone.MiniOzoneClusterImpl (MiniOzoneClusterImpl.java:lambda$waitForClusterToBeReady$0(238)) - Cluster exits safe mode
2021-10-28 01:49:31,633 [Listener at 127.0.0.1/46475] INFO  ozone.MiniOzoneClusterImpl (MiniOzoneClusterImpl.java:lambda$waitForClusterToBeReady$0(240)) - SCM became leader
2021-10-28 01:49:31,660 [Listener at 127.0.0.1/46475] INFO  rpc.RpcClient (RpcClient.java:createVolume(342)) - Creating Volume: testblockoutputstream, with runner as owner and space quota set to -1 bytes, counts quota set to -1
2021-10-28 01:49:31,676 [OM StateMachine ApplyTransaction Thread - 0] INFO  volume.OMVolumeCreateRequest (OMVolumeCreateRequest.java:validateAndUpdateCache(195)) - created volume:testblockoutputstream for user:runner
2021-10-28 01:49:31,731 [Listener at 127.0.0.1/46475] INFO  rpc.RpcClient (RpcClient.java:createBucket(502)) - Creating Bucket: testblockoutputstream/testblockoutputstream, with Versioning false and Storage Type set to DISK and Encryption set to false 
2021-10-28 01:49:31,817 [IPC Server handler 14 on default port 41595] INFO  ha.SequenceIdGenerator (SequenceIdGenerator.java:getNextId(127)) - Allocate a batch for containerId, change lastId from 0 to 1000.
2021-10-28 01:49:31,817 [IPC Server handler 14 on default port 41595] WARN  ha.SequenceIdGenerator (SequenceIdGenerator.java:allocateBatch(235)) - Failed to allocate a batch for localId, expected lastId is 0, actual lastId is 107544261427200000.
2021-10-28 01:49:31,818 [IPC Server handler 14 on default port 41595] INFO  ha.SequenceIdGenerator (SequenceIdGenerator.java:getNextId(127)) - Allocate a batch for localId, change lastId from 107544261427200000 to 107544261427201000.
2021-10-28 01:49:31,974 [31d6ae09-1bf4-4ff4-9532-94f29ed1392e@group-712DC6EF7FC6-FollowerState] INFO  impl.FollowerState (FollowerState.java:run(134)) - 31d6ae09-1bf4-4ff4-9532-94f29ed1392e@group-712DC6EF7FC6-FollowerState: change to CANDIDATE, lastRpcElapsedTime:5137028282ns, electionTimeout:5134ms
2021-10-28 01:49:31,974 [31d6ae09-1bf4-4ff4-9532-94f29ed1392e@group-712DC6EF7FC6-FollowerState] INFO  impl.RoleInfo (RoleInfo.java:shutdownFollowerState(108)) - 31d6ae09-1bf4-4ff4-9532-94f29ed1392e: shutdown 31d6ae09-1bf4-4ff4-9532-94f29ed1392e@group-712DC6EF7FC6-FollowerState
2021-10-28 01:49:31,974 [31d6ae09-1bf4-4ff4-9532-94f29ed1392e@group-712DC6EF7FC6-FollowerState] INFO  server.RaftServer$Division (RaftServerImpl.java:setRole(290)) - 31d6ae09-1bf4-4ff4-9532-94f29ed1392e@group-712DC6EF7FC6: changes role from  FOLLOWER to CANDIDATE at term 0 for changeToCandidate
2021-10-28 01:49:31,975 [31d6ae09-1bf4-4ff4-9532-94f29ed1392e@group-712DC6EF7FC6-FollowerState] INFO  server.RaftServerConfigKeys (ConfUtils.java:logGet(44)) - raft.server.leaderelection.pre-vote = false (custom)
2021-10-28 01:49:31,975 [31d6ae09-1bf4-4ff4-9532-94f29ed1392e@group-712DC6EF7FC6-FollowerState] INFO  impl.RoleInfo (RoleInfo.java:updateAndGet(130)) - 31d6ae09-1bf4-4ff4-9532-94f29ed1392e: start 31d6ae09-1bf4-4ff4-9532-94f29ed1392e@group-712DC6EF7FC6-LeaderElection63
2021-10-28 01:49:32,038 [31d6ae09-1bf4-4ff4-9532-94f29ed1392e@group-712DC6EF7FC6-LeaderElection63] INFO  impl.LeaderElection (LeaderElection.java:askForVotes(306)) - 31d6ae09-1bf4-4ff4-9532-94f29ed1392e@group-712DC6EF7FC6-LeaderElection63 ELECTION round 0: submit vote requests at term 1 for -1: [31d6ae09-1bf4-4ff4-9532-94f29ed1392e|rpc:10.1.0.29:44047|priority:1], old=null
2021-10-28 01:49:32,039 [31d6ae09-1bf4-4ff4-9532-94f29ed1392e@group-712DC6EF7FC6-LeaderElection63] INFO  impl.LeaderElection (LeaderElection.java:askForVotes(308)) - 31d6ae09-1bf4-4ff4-9532-94f29ed1392e@group-712DC6EF7FC6-LeaderElection63 ELECTION round 0: result PASSED (term=1)
2021-10-28 01:49:32,039 [31d6ae09-1bf4-4ff4-9532-94f29ed1392e@group-712DC6EF7FC6-LeaderElection63] INFO  impl.RoleInfo (RoleInfo.java:shutdownLeaderElection(121)) - 31d6ae09-1bf4-4ff4-9532-94f29ed1392e: shutdown 31d6ae09-1bf4-4ff4-9532-94f29ed1392e@group-712DC6EF7FC6-LeaderElection63
2021-10-28 01:49:32,039 [31d6ae09-1bf4-4ff4-9532-94f29ed1392e@group-712DC6EF7FC6-LeaderElection63] INFO  server.RaftServer$Division (RaftServerImpl.java:setRole(290)) - 31d6ae09-1bf4-4ff4-9532-94f29ed1392e@group-712DC6EF7FC6: changes role from CANDIDATE to LEADER at term 1 for changeToLeader
2021-10-28 01:49:32,039 [31d6ae09-1bf4-4ff4-9532-94f29ed1392e@group-712DC6EF7FC6-LeaderElection63] INFO  ratis.XceiverServerRatis (XceiverServerRatis.java:handleLeaderChangedNotification(866)) - Leader change notification received for group: group-712DC6EF7FC6 with new leaderId: 31d6ae09-1bf4-4ff4-9532-94f29ed1392e
2021-10-28 01:49:32,039 [31d6ae09-1bf4-4ff4-9532-94f29ed1392e@group-712DC6EF7FC6-LeaderElection63] INFO  server.RaftServer$Division (ServerState.java:setLeader(285)) - 31d6ae09-1bf4-4ff4-9532-94f29ed1392e@group-712DC6EF7FC6: change Leader from null to 31d6ae09-1bf4-4ff4-9532-94f29ed1392e at term 1 for becomeLeader, leader elected after 5220ms
2021-10-28 01:49:32,039 [31d6ae09-1bf4-4ff4-9532-94f29ed1392e@group-712DC6EF7FC6-LeaderElection63] INFO  server.RaftServerConfigKeys (ConfUtils.java:logGet(44)) - raft.server.staging.catchup.gap = 1000 (default)
2021-10-28 01:49:32,040 [31d6ae09-1bf4-4ff4-9532-94f29ed1392e@group-712DC6EF7FC6-LeaderElection63] INFO  server.RaftServerConfigKeys (ConfUtils.java:logGet(44)) - raft.server.write.element-limit = 1024 (custom)
2021-10-28 01:49:32,040 [31d6ae09-1bf4-4ff4-9532-94f29ed1392e@group-712DC6EF7FC6-LeaderElection63] INFO  server.RaftServerConfigKeys (ConfUtils.java:logGet(44)) - raft.server.write.byte-limit = 1024 M (=1073741824) (custom)
2021-10-28 01:49:32,040 [31d6ae09-1bf4-4ff4-9532-94f29ed1392e@group-712DC6EF7FC6-LeaderElection63] INFO  server.RaftServerConfigKeys (ConfUtils.java:logGet(44)) - raft.server.watch.timeout = 3000ms (custom)
2021-10-28 01:49:32,041 [31d6ae09-1bf4-4ff4-9532-94f29ed1392e@group-712DC6EF7FC6-LeaderElection63] INFO  server.RaftServerConfigKeys (ConfUtils.java:logGet(44)) - raft.server.watch.timeout.denomination = 1s (default)
2021-10-28 01:49:32,041 [31d6ae09-1bf4-4ff4-9532-94f29ed1392e@group-712DC6EF7FC6-LeaderElection63] INFO  server.RaftServerConfigKeys (ConfUtils.java:logGet(44)) - raft.server.watch.element-limit = 65536 (default)
2021-10-28 01:49:32,041 [31d6ae09-1bf4-4ff4-9532-94f29ed1392e@group-712DC6EF7FC6-LeaderElection63] INFO  server.RaftServerConfigKeys (ConfUtils.java:logGet(44)) - raft.server.write.element-limit = 1024 (custom)
2021-10-28 01:49:32,041 [31d6ae09-1bf4-4ff4-9532-94f29ed1392e@group-712DC6EF7FC6-LeaderElection63] INFO  server.RaftServerConfigKeys (ConfUtils.java:logGet(44)) - raft.server.write.follower.gap.ratio.max = -1.0 (default)
2021-10-28 01:49:32,041 [31d6ae09-1bf4-4ff4-9532-94f29ed1392e@group-712DC6EF7FC6-LeaderElection63] INFO  impl.RoleInfo (RoleInfo.java:updateAndGet(130)) - 31d6ae09-1bf4-4ff4-9532-94f29ed1392e: start 31d6ae09-1bf4-4ff4-9532-94f29ed1392e@group-712DC6EF7FC6-LeaderStateImpl
2021-10-28 01:49:32,041 [31d6ae09-1bf4-4ff4-9532-94f29ed1392e@group-712DC6EF7FC6-LeaderElection63] INFO  segmented.SegmentedRaftLogWorker (SegmentedRaftLogWorker.java:startLogSegment(394)) - 31d6ae09-1bf4-4ff4-9532-94f29ed1392e@group-712DC6EF7FC6-SegmentedRaftLogWorker: Starting segment from index:0
2021-10-28 01:49:32,049 [31d6ae09-1bf4-4ff4-9532-94f29ed1392e@group-712DC6EF7FC6-SegmentedRaftLogWorker] INFO  segmented.SegmentedRaftLogWorker (SegmentedRaftLogWorker.java:execute(601)) - 31d6ae09-1bf4-4ff4-9532-94f29ed1392e@group-712DC6EF7FC6-SegmentedRaftLogWorker: created new log segment /home/runner/work/ozone/ozone/hadoop-ozone/integration-test/target/test-dir/MiniOzoneClusterImpl-0566475b-15f3-492a-9b28-f78457f271af/datanode-5/data/ratis/572f35b9-4513-420d-a747-712dc6ef7fc6/current/log_inprogress_0
2021-10-28 01:49:32,075 [31d6ae09-1bf4-4ff4-9532-94f29ed1392e@group-712DC6EF7FC6-LeaderElection63] INFO  server.RaftServer$Division (ServerState.java:setRaftConf(387)) - 31d6ae09-1bf4-4ff4-9532-94f29ed1392e@group-712DC6EF7FC6: set configuration 0: [31d6ae09-1bf4-4ff4-9532-94f29ed1392e|rpc:10.1.0.29:44047|dataStream:|priority:1], old=null
2021-10-28 01:49:32,717 [6d544018-2462-4d7b-9c06-1f628f7d4bb3@group-3B8B63793B5A-FollowerState] INFO  impl.FollowerState (FollowerState.java:run(134)) - 6d544018-2462-4d7b-9c06-1f628f7d4bb3@group-3B8B63793B5A-FollowerState: change to CANDIDATE, lastRpcElapsedTime:5034661227ns, electionTimeout:5030ms
2021-10-28 01:49:32,718 [6d544018-2462-4d7b-9c06-1f628f7d4bb3@group-3B8B63793B5A-FollowerState] INFO  impl.RoleInfo (RoleInfo.java:shutdownFollowerState(108)) - 6d544018-2462-4d7b-9c06-1f628f7d4bb3: shutdown 6d544018-2462-4d7b-9c06-1f628f7d4bb3@group-3B8B63793B5A-FollowerState
2021-10-28 01:49:32,718 [6d544018-2462-4d7b-9c06-1f628f7d4bb3@group-3B8B63793B5A-FollowerState] INFO  server.RaftServer$Division (RaftServerImpl.java:setRole(290)) - 6d544018-2462-4d7b-9c06-1f628f7d4bb3@group-3B8B63793B5A: changes role from  FOLLOWER to CANDIDATE at term 0 for changeToCandidate
2021-10-28 01:49:32,719 [6d544018-2462-4d7b-9c06-1f628f7d4bb3@group-3B8B63793B5A-FollowerState] INFO  server.RaftServerConfigKeys (ConfUtils.java:logGet(44)) - raft.server.leaderelection.pre-vote = false (custom)
2021-10-28 01:49:32,720 [6d544018-2462-4d7b-9c06-1f628f7d4bb3@group-3B8B63793B5A-FollowerState] INFO  impl.RoleInfo (RoleInfo.java:updateAndGet(130)) - 6d544018-2462-4d7b-9c06-1f628f7d4bb3: start 6d544018-2462-4d7b-9c06-1f628f7d4bb3@group-3B8B63793B5A-LeaderElection64
2021-10-28 01:49:32,762 [6d544018-2462-4d7b-9c06-1f628f7d4bb3@group-3B8B63793B5A-LeaderElection64] INFO  impl.LeaderElection (LeaderElection.java:askForVotes(306)) - 6d544018-2462-4d7b-9c06-1f628f7d4bb3@group-3B8B63793B5A-LeaderElection64 ELECTION round 0: submit vote requests at term 1 for -1: [6d544018-2462-4d7b-9c06-1f628f7d4bb3|rpc:10.1.0.29:46225|priority:1], old=null
2021-10-28 01:49:32,762 [6d544018-2462-4d7b-9c06-1f628f7d4bb3@group-3B8B63793B5A-LeaderElection64] INFO  impl.LeaderElection (LeaderElection.java:askForVotes(308)) - 6d544018-2462-4d7b-9c06-1f628f7d4bb3@group-3B8B63793B5A-LeaderElection64 ELECTION round 0: result PASSED (term=1)
2021-10-28 01:49:32,762 [6d544018-2462-4d7b-9c06-1f628f7d4bb3@group-3B8B63793B5A-LeaderElection64] INFO  impl.RoleInfo (RoleInfo.java:shutdownLeaderElection(121)) - 6d544018-2462-4d7b-9c06-1f628f7d4bb3: shutdown 6d544018-2462-4d7b-9c06-1f628f7d4bb3@group-3B8B63793B5A-LeaderElection64
2021-10-28 01:49:32,762 [6d544018-2462-4d7b-9c06-1f628f7d4bb3@group-3B8B63793B5A-LeaderElection64] INFO  server.RaftServer$Division (RaftServerImpl.java:setRole(290)) - 6d544018-2462-4d7b-9c06-1f628f7d4bb3@group-3B8B63793B5A: changes role from CANDIDATE to LEADER at term 1 for changeToLeader
2021-10-28 01:49:32,763 [6d544018-2462-4d7b-9c06-1f628f7d4bb3@group-3B8B63793B5A-LeaderElection64] INFO  ratis.XceiverServerRatis (XceiverServerRatis.java:handleLeaderChangedNotification(866)) - Leader change notification received for group: group-3B8B63793B5A with new leaderId: 6d544018-2462-4d7b-9c06-1f628f7d4bb3
2021-10-28 01:49:32,764 [6d544018-2462-4d7b-9c06-1f628f7d4bb3@group-3B8B63793B5A-LeaderElection64] INFO  server.RaftServer$Division (ServerState.java:setLeader(285)) - 6d544018-2462-4d7b-9c06-1f628f7d4bb3@group-3B8B63793B5A: change Leader from null to 6d544018-2462-4d7b-9c06-1f628f7d4bb3 at term 1 for becomeLeader, leader elected after 5098ms
2021-10-28 01:49:32,765 [6d544018-2462-4d7b-9c06-1f628f7d4bb3@group-3B8B63793B5A-LeaderElection64] INFO  server.RaftServerConfigKeys (ConfUtils.java:logGet(44)) - raft.server.staging.catchup.gap = 1000 (default)
2021-10-28 01:49:32,765 [6d544018-2462-4d7b-9c06-1f628f7d4bb3@group-3B8B63793B5A-LeaderElection64] INFO  server.RaftServerConfigKeys (ConfUtils.java:logGet(44)) - raft.server.write.element-limit = 1024 (custom)
2021-10-28 01:49:32,765 [6d544018-2462-4d7b-9c06-1f628f7d4bb3@group-3B8B63793B5A-LeaderElection64] INFO  server.RaftServerConfigKeys (ConfUtils.java:logGet(44)) - raft.server.write.byte-limit = 1024 M (=1073741824) (custom)
2021-10-28 01:49:32,765 [6d544018-2462-4d7b-9c06-1f628f7d4bb3@group-3B8B63793B5A-LeaderElection64] INFO  server.RaftServerConfigKeys (ConfUtils.java:logGet(44)) - raft.server.watch.timeout = 3000ms (custom)
2021-10-28 01:49:32,769 [6d544018-2462-4d7b-9c06-1f628f7d4bb3@group-3B8B63793B5A-LeaderElection64] INFO  server.RaftServerConfigKeys (ConfUtils.java:logGet(44)) - raft.server.watch.timeout.denomination = 1s (default)
2021-10-28 01:49:32,771 [6d544018-2462-4d7b-9c06-1f628f7d4bb3@group-3B8B63793B5A-LeaderElection64] INFO  server.RaftServerConfigKeys (ConfUtils.java:logGet(44)) - raft.server.watch.element-limit = 65536 (default)
2021-10-28 01:49:32,771 [6d544018-2462-4d7b-9c06-1f628f7d4bb3@group-3B8B63793B5A-LeaderElection64] INFO  server.RaftServerConfigKeys (ConfUtils.java:logGet(44)) - raft.server.write.element-limit = 1024 (custom)
2021-10-28 01:49:32,772 [6d544018-2462-4d7b-9c06-1f628f7d4bb3@group-3B8B63793B5A-LeaderElection64] INFO  server.RaftServerConfigKeys (ConfUtils.java:logGet(44)) - raft.server.write.follower.gap.ratio.max = -1.0 (default)
2021-10-28 01:49:32,772 [6d544018-2462-4d7b-9c06-1f628f7d4bb3@group-3B8B63793B5A-LeaderElection64] INFO  impl.RoleInfo (RoleInfo.java:updateAndGet(130)) - 6d544018-2462-4d7b-9c06-1f628f7d4bb3: start 6d544018-2462-4d7b-9c06-1f628f7d4bb3@group-3B8B63793B5A-LeaderStateImpl
2021-10-28 01:49:32,772 [6d544018-2462-4d7b-9c06-1f628f7d4bb3@group-3B8B63793B5A-LeaderElection64] INFO  segmented.SegmentedRaftLogWorker (SegmentedRaftLogWorker.java:startLogSegment(394)) - 6d544018-2462-4d7b-9c06-1f628f7d4bb3@group-3B8B63793B5A-SegmentedRaftLogWorker: Starting segment from index:0
2021-10-28 01:49:32,782 [6d544018-2462-4d7b-9c06-1f628f7d4bb3@group-3B8B63793B5A-SegmentedRaftLogWorker] INFO  segmented.SegmentedRaftLogWorker (SegmentedRaftLogWorker.java:execute(601)) - 6d544018-2462-4d7b-9c06-1f628f7d4bb3@group-3B8B63793B5A-SegmentedRaftLogWorker: created new log segment /home/runner/work/ozone/ozone/hadoop-ozone/integration-test/target/test-dir/MiniOzoneClusterImpl-0566475b-15f3-492a-9b28-f78457f271af/datanode-6/data/ratis/f9ac2680-f782-496d-9a98-3b8b63793b5a/current/log_inprogress_0
2021-10-28 01:49:32,799 [6d544018-2462-4d7b-9c06-1f628f7d4bb3@group-3B8B63793B5A-LeaderElection64] INFO  server.RaftServer$Division (ServerState.java:setRaftConf(387)) - 6d544018-2462-4d7b-9c06-1f628f7d4bb3@group-3B8B63793B5A: set configuration 0: [6d544018-2462-4d7b-9c06-1f628f7d4bb3|rpc:10.1.0.29:46225|dataStream:|priority:1], old=null
2021-10-28 01:49:33,459 [3bba12ea-eb97-4cb8-a72d-96cb4f92f88e@group-7330C24FE1E2-FollowerState] INFO  impl.FollowerState (FollowerState.java:run(134)) - 3bba12ea-eb97-4cb8-a72d-96cb4f92f88e@group-7330C24FE1E2-FollowerState: change to CANDIDATE, lastRpcElapsedTime:5052118295ns, electionTimeout:5043ms
2021-10-28 01:49:33,460 [3bba12ea-eb97-4cb8-a72d-96cb4f92f88e@group-7330C24FE1E2-FollowerState] INFO  impl.RoleInfo (RoleInfo.java:shutdownFollowerState(108)) - 3bba12ea-eb97-4cb8-a72d-96cb4f92f88e: shutdown 3bba12ea-eb97-4cb8-a72d-96cb4f92f88e@group-7330C24FE1E2-FollowerState
2021-10-28 01:49:33,460 [3bba12ea-eb97-4cb8-a72d-96cb4f92f88e@group-7330C24FE1E2-FollowerState] INFO  server.RaftServer$Division (RaftServerImpl.java:setRole(290)) - 3bba12ea-eb97-4cb8-a72d-96cb4f92f88e@group-7330C24FE1E2: changes role from  FOLLOWER to CANDIDATE at term 1 for changeToCandidate
2021-10-28 01:49:33,460 [3bba12ea-eb97-4cb8-a72d-96cb4f92f88e@group-7330C24FE1E2-FollowerState] INFO  server.RaftServerConfigKeys (ConfUtils.java:logGet(44)) - raft.server.leaderelection.pre-vote = false (custom)
2021-10-28 01:49:33,460 [3bba12ea-eb97-4cb8-a72d-96cb4f92f88e@group-7330C24FE1E2-FollowerState] INFO  impl.RoleInfo (RoleInfo.java:updateAndGet(130)) - 3bba12ea-eb97-4cb8-a72d-96cb4f92f88e: start 3bba12ea-eb97-4cb8-a72d-96cb4f92f88e@group-7330C24FE1E2-LeaderElection65
2021-10-28 01:49:33,521 [3bba12ea-eb97-4cb8-a72d-96cb4f92f88e@group-7330C24FE1E2-LeaderElection65] INFO  impl.LeaderElection (LeaderElection.java:askForVotes(306)) - 3bba12ea-eb97-4cb8-a72d-96cb4f92f88e@group-7330C24FE1E2-LeaderElection65 ELECTION round 0: submit vote requests at term 2 for -1: [3bba12ea-eb97-4cb8-a72d-96cb4f92f88e|rpc:10.1.0.29:33133|dataStream:|priority:0, 253ef487-fc9a-46cf-a18f-fb890cfa9c45|rpc:10.1.0.29:46847|dataStream:|priority:0, 167d9434-a89e-4891-b1b1-bac4f9f29552|rpc:10.1.0.29:32839|dataStream:|priority:1], old=null
2021-10-28 01:49:33,542 [grpc-default-executor-3] INFO  server.RaftServer$Division (RaftServerImpl.java:requestVote(1046)) - 253ef487-fc9a-46cf-a18f-fb890cfa9c45@group-7330C24FE1E2: receive requestVote(ELECTION, 3bba12ea-eb97-4cb8-a72d-96cb4f92f88e, group-7330C24FE1E2, 2, (t:0, i:0))
2021-10-28 01:49:33,542 [grpc-default-executor-3] INFO  impl.VoteContext (VoteContext.java:log(48)) - 253ef487-fc9a-46cf-a18f-fb890cfa9c45@group-7330C24FE1E2-FOLLOWER: accept ELECTION from 3bba12ea-eb97-4cb8-a72d-96cb4f92f88e: our priority 0 <= candidate's priority 0
2021-10-28 01:49:33,542 [grpc-default-executor-3] INFO  server.RaftServer$Division (RaftServerImpl.java:setRole(290)) - 253ef487-fc9a-46cf-a18f-fb890cfa9c45@group-7330C24FE1E2: changes role from  FOLLOWER to FOLLOWER at term 2 for candidate:3bba12ea-eb97-4cb8-a72d-96cb4f92f88e
2021-10-28 01:49:33,542 [grpc-default-executor-3] INFO  impl.RoleInfo (RoleInfo.java:shutdownFollowerState(108)) - 253ef487-fc9a-46cf-a18f-fb890cfa9c45: shutdown 253ef487-fc9a-46cf-a18f-fb890cfa9c45@group-7330C24FE1E2-FollowerState
2021-10-28 01:49:33,542 [grpc-default-executor-3] INFO  impl.RoleInfo (RoleInfo.java:updateAndGet(130)) - 253ef487-fc9a-46cf-a18f-fb890cfa9c45: start 253ef487-fc9a-46cf-a18f-fb890cfa9c45@group-7330C24FE1E2-FollowerState
2021-10-28 01:49:33,542 [253ef487-fc9a-46cf-a18f-fb890cfa9c45@group-7330C24FE1E2-FollowerState] INFO  impl.FollowerState (FollowerState.java:run(143)) - 253ef487-fc9a-46cf-a18f-fb890cfa9c45@group-7330C24FE1E2-FollowerState was interrupted: {}
java.lang.InterruptedException: sleep interrupted
	at java.lang.Thread.sleep(Native Method)
	at java.lang.Thread.sleep(Thread.java:340)
	at java.util.concurrent.TimeUnit.sleep(TimeUnit.java:386)
	at org.apache.ratis.util.TimeDuration.sleep(TimeDuration.java:324)
	at org.apache.ratis.util.TimeDuration.sleep(TimeDuration.java:309)
	at org.apache.ratis.server.impl.FollowerState.run(FollowerState.java:118)
2021-10-28 01:49:33,569 [grpc-default-executor-3] INFO  server.RaftServer$Division (RaftServerImpl.java:requestVote(1078)) - 253ef487-fc9a-46cf-a18f-fb890cfa9c45@group-7330C24FE1E2 replies to ELECTION vote request: 3bba12ea-eb97-4cb8-a72d-96cb4f92f88e<-253ef487-fc9a-46cf-a18f-fb890cfa9c45#0:OK-t2. Peer's state: 253ef487-fc9a-46cf-a18f-fb890cfa9c45@group-7330C24FE1E2:t2, leader=null, voted=3bba12ea-eb97-4cb8-a72d-96cb4f92f88e, raftlog=253ef487-fc9a-46cf-a18f-fb890cfa9c45@group-7330C24FE1E2-SegmentedRaftLog:OPENED:c-1, conf=-1: [3bba12ea-eb97-4cb8-a72d-96cb4f92f88e|rpc:10.1.0.29:33133|priority:0, 253ef487-fc9a-46cf-a18f-fb890cfa9c45|rpc:10.1.0.29:46847|priority:0, 167d9434-a89e-4891-b1b1-bac4f9f29552|rpc:10.1.0.29:32839|priority:1], old=null
2021-10-28 01:49:33,603 [grpc-default-executor-3] INFO  server.RaftServer$Division (RaftServerImpl.java:requestVote(1046)) - 167d9434-a89e-4891-b1b1-bac4f9f29552@group-7330C24FE1E2: receive requestVote(ELECTION, 3bba12ea-eb97-4cb8-a72d-96cb4f92f88e, group-7330C24FE1E2, 2, (t:0, i:0))
2021-10-28 01:49:33,604 [grpc-default-executor-3] INFO  impl.VoteContext (VoteContext.java:log(48)) - 167d9434-a89e-4891-b1b1-bac4f9f29552@group-7330C24FE1E2-FOLLOWER: reject ELECTION from 3bba12ea-eb97-4cb8-a72d-96cb4f92f88e: our priority 1 > candidate's priority 0
2021-10-28 01:49:33,604 [grpc-default-executor-3] INFO  server.RaftServer$Division (RaftServerImpl.java:setRole(290)) - 167d9434-a89e-4891-b1b1-bac4f9f29552@group-7330C24FE1E2: changes role from  FOLLOWER to FOLLOWER at term 2 for candidate:3bba12ea-eb97-4cb8-a72d-96cb4f92f88e
2021-10-28 01:49:33,604 [grpc-default-executor-3] INFO  impl.RoleInfo (RoleInfo.java:shutdownFollowerState(108)) - 167d9434-a89e-4891-b1b1-bac4f9f29552: shutdown 167d9434-a89e-4891-b1b1-bac4f9f29552@group-7330C24FE1E2-FollowerState
2021-10-28 01:49:33,604 [grpc-default-executor-3] INFO  impl.RoleInfo (RoleInfo.java:updateAndGet(130)) - 167d9434-a89e-4891-b1b1-bac4f9f29552: start 167d9434-a89e-4891-b1b1-bac4f9f29552@group-7330C24FE1E2-FollowerState
2021-10-28 01:49:33,604 [167d9434-a89e-4891-b1b1-bac4f9f29552@group-7330C24FE1E2-FollowerState] INFO  impl.FollowerState (FollowerState.java:run(143)) - 167d9434-a89e-4891-b1b1-bac4f9f29552@group-7330C24FE1E2-FollowerState was interrupted: {}
java.lang.InterruptedException: sleep interrupted
	at java.lang.Thread.sleep(Native Method)
	at java.lang.Thread.sleep(Thread.java:340)
	at java.util.concurrent.TimeUnit.sleep(TimeUnit.java:386)
	at org.apache.ratis.util.TimeDuration.sleep(TimeDuration.java:324)
	at org.apache.ratis.util.TimeDuration.sleep(TimeDuration.java:309)
	at org.apache.ratis.server.impl.FollowerState.run(FollowerState.java:118)
2021-10-28 01:49:33,628 [grpc-default-executor-3] INFO  server.RaftServer$Division (RaftServerImpl.java:requestVote(1078)) - 167d9434-a89e-4891-b1b1-bac4f9f29552@group-7330C24FE1E2 replies to ELECTION vote request: 3bba12ea-eb97-4cb8-a72d-96cb4f92f88e<-167d9434-a89e-4891-b1b1-bac4f9f29552#0:FAIL-t2. Peer's state: 167d9434-a89e-4891-b1b1-bac4f9f29552@group-7330C24FE1E2:t2, leader=null, voted=null, raftlog=167d9434-a89e-4891-b1b1-bac4f9f29552@group-7330C24FE1E2-SegmentedRaftLog:OPENED:c-1, conf=-1: [3bba12ea-eb97-4cb8-a72d-96cb4f92f88e|rpc:10.1.0.29:33133|dataStream:|priority:0, 253ef487-fc9a-46cf-a18f-fb890cfa9c45|rpc:10.1.0.29:46847|dataStream:|priority:0, 167d9434-a89e-4891-b1b1-bac4f9f29552|rpc:10.1.0.29:32839|dataStream:|priority:1], old=null
2021-10-28 01:49:33,630 [3bba12ea-eb97-4cb8-a72d-96cb4f92f88e@group-7330C24FE1E2-LeaderElection65] INFO  impl.LeaderElection (LeaderElection.java:logAndReturn(89)) - 3bba12ea-eb97-4cb8-a72d-96cb4f92f88e@group-7330C24FE1E2-LeaderElection65: ELECTION REJECTED received 2 response(s) and 0 exception(s):
2021-10-28 01:49:33,630 [3bba12ea-eb97-4cb8-a72d-96cb4f92f88e@group-7330C24FE1E2-LeaderElection65] INFO  impl.LeaderElection (LeaderElection.java:logAndReturn(93)) -   Response 0: 3bba12ea-eb97-4cb8-a72d-96cb4f92f88e<-253ef487-fc9a-46cf-a18f-fb890cfa9c45#0:OK-t2
2021-10-28 01:49:33,630 [3bba12ea-eb97-4cb8-a72d-96cb4f92f88e@group-7330C24FE1E2-LeaderElection65] INFO  impl.LeaderElection (LeaderElection.java:logAndReturn(93)) -   Response 1: 3bba12ea-eb97-4cb8-a72d-96cb4f92f88e<-167d9434-a89e-4891-b1b1-bac4f9f29552#0:FAIL-t2
2021-10-28 01:49:33,630 [3bba12ea-eb97-4cb8-a72d-96cb4f92f88e@group-7330C24FE1E2-LeaderElection65] INFO  impl.LeaderElection (LeaderElection.java:askForVotes(308)) - 3bba12ea-eb97-4cb8-a72d-96cb4f92f88e@group-7330C24FE1E2-LeaderElection65 ELECTION round 0: result REJECTED
2021-10-28 01:49:33,630 [3bba12ea-eb97-4cb8-a72d-96cb4f92f88e@group-7330C24FE1E2-LeaderElection65] INFO  server.RaftServer$Division (RaftServerImpl.java:setRole(290)) - 3bba12ea-eb97-4cb8-a72d-96cb4f92f88e@group-7330C24FE1E2: changes role from CANDIDATE to FOLLOWER at term 2 for REJECTED
2021-10-28 01:49:33,630 [3bba12ea-eb97-4cb8-a72d-96cb4f92f88e@group-7330C24FE1E2-LeaderElection65] INFO  impl.RoleInfo (RoleInfo.java:shutdownLeaderElection(121)) - 3bba12ea-eb97-4cb8-a72d-96cb4f92f88e: shutdown 3bba12ea-eb97-4cb8-a72d-96cb4f92f88e@group-7330C24FE1E2-LeaderElection65
2021-10-28 01:49:33,630 [3bba12ea-eb97-4cb8-a72d-96cb4f92f88e@group-7330C24FE1E2-LeaderElection65] INFO  impl.RoleInfo (RoleInfo.java:updateAndGet(130)) - 3bba12ea-eb97-4cb8-a72d-96cb4f92f88e: start 3bba12ea-eb97-4cb8-a72d-96cb4f92f88e@group-7330C24FE1E2-FollowerState
2021-10-28 01:49:33,987 [3bba12ea-eb97-4cb8-a72d-96cb4f92f88e@group-E918C9FD5E21-FollowerState] INFO  impl.FollowerState (FollowerState.java:run(134)) - 3bba12ea-eb97-4cb8-a72d-96cb4f92f88e@group-E918C9FD5E21-FollowerState: change to CANDIDATE, lastRpcElapsedTime:5079822601ns, electionTimeout:5028ms
2021-10-28 01:49:33,988 [3bba12ea-eb97-4cb8-a72d-96cb4f92f88e@group-E918C9FD5E21-FollowerState] INFO  impl.RoleInfo (RoleInfo.java:shutdownFollowerState(108)) - 3bba12ea-eb97-4cb8-a72d-96cb4f92f88e: shutdown 3bba12ea-eb97-4cb8-a72d-96cb4f92f88e@group-E918C9FD5E21-FollowerState
2021-10-28 01:49:33,988 [3bba12ea-eb97-4cb8-a72d-96cb4f92f88e@group-E918C9FD5E21-FollowerState] INFO  server.RaftServer$Division (RaftServerImpl.java:setRole(290)) - 3bba12ea-eb97-4cb8-a72d-96cb4f92f88e@group-E918C9FD5E21: changes role from  FOLLOWER to CANDIDATE at term 1 for changeToCandidate
2021-10-28 01:49:33,988 [3bba12ea-eb97-4cb8-a72d-96cb4f92f88e@group-E918C9FD5E21-FollowerState] INFO  server.RaftServerConfigKeys (ConfUtils.java:logGet(44)) - raft.server.leaderelection.pre-vote = false (custom)
2021-10-28 01:49:33,988 [3bba12ea-eb97-4cb8-a72d-96cb4f92f88e@group-E918C9FD5E21-FollowerState] INFO  impl.RoleInfo (RoleInfo.java:updateAndGet(130)) - 3bba12ea-eb97-4cb8-a72d-96cb4f92f88e: start 3bba12ea-eb97-4cb8-a72d-96cb4f92f88e@group-E918C9FD5E21-LeaderElection66
2021-10-28 01:49:34,045 [3bba12ea-eb97-4cb8-a72d-96cb4f92f88e@group-E918C9FD5E21-LeaderElection66] INFO  impl.LeaderElection (LeaderElection.java:askForVotes(306)) - 3bba12ea-eb97-4cb8-a72d-96cb4f92f88e@group-E918C9FD5E21-LeaderElection66 ELECTION round 0: submit vote requests at term 2 for -1: [3bba12ea-eb97-4cb8-a72d-96cb4f92f88e|rpc:10.1.0.29:33133|dataStream:|priority:1, 253ef487-fc9a-46cf-a18f-fb890cfa9c45|rpc:10.1.0.29:46847|dataStream:|priority:0, 167d9434-a89e-4891-b1b1-bac4f9f29552|rpc:10.1.0.29:32839|dataStream:|priority:0], old=null
2021-10-28 01:49:34,055 [grpc-default-executor-3] INFO  server.RaftServer$Division (RaftServerImpl.java:requestVote(1046)) - 253ef487-fc9a-46cf-a18f-fb890cfa9c45@group-E918C9FD5E21: receive requestVote(ELECTION, 3bba12ea-eb97-4cb8-a72d-96cb4f92f88e, group-E918C9FD5E21, 2, (t:0, i:0))
2021-10-28 01:49:34,055 [grpc-default-executor-3] INFO  impl.VoteContext (VoteContext.java:log(48)) - 253ef487-fc9a-46cf-a18f-fb890cfa9c45@group-E918C9FD5E21-FOLLOWER: accept ELECTION from 3bba12ea-eb97-4cb8-a72d-96cb4f92f88e: our priority 0 <= candidate's priority 1
2021-10-28 01:49:34,055 [grpc-default-executor-3] INFO  server.RaftServer$Division (RaftServerImpl.java:setRole(290)) - 253ef487-fc9a-46cf-a18f-fb890cfa9c45@group-E918C9FD5E21: changes role from  FOLLOWER to FOLLOWER at term 2 for candidate:3bba12ea-eb97-4cb8-a72d-96cb4f92f88e
2021-10-28 01:49:34,055 [grpc-default-executor-3] INFO  impl.RoleInfo (RoleInfo.java:shutdownFollowerState(108)) - 253ef487-fc9a-46cf-a18f-fb890cfa9c45: shutdown 253ef487-fc9a-46cf-a18f-fb890cfa9c45@group-E918C9FD5E21-FollowerState
2021-10-28 01:49:34,055 [253ef487-fc9a-46cf-a18f-fb890cfa9c45@group-E918C9FD5E21-FollowerState] INFO  impl.FollowerState (FollowerState.java:run(127)) - 253ef487-fc9a-46cf-a18f-fb890cfa9c45@group-E918C9FD5E21-FollowerState: Stopping now (isRunning? false, isFollower? true)
2021-10-28 01:49:34,059 [grpc-default-executor-3] INFO  impl.RoleInfo (RoleInfo.java:updateAndGet(130)) - 253ef487-fc9a-46cf-a18f-fb890cfa9c45: start 253ef487-fc9a-46cf-a18f-fb890cfa9c45@group-E918C9FD5E21-FollowerState
2021-10-28 01:49:34,063 [grpc-default-executor-3] INFO  server.RaftServer$Division (RaftServerImpl.java:requestVote(1078)) - 253ef487-fc9a-46cf-a18f-fb890cfa9c45@group-E918C9FD5E21 replies to ELECTION vote request: 3bba12ea-eb97-4cb8-a72d-96cb4f92f88e<-253ef487-fc9a-46cf-a18f-fb890cfa9c45#0:OK-t2. Peer's state: 253ef487-fc9a-46cf-a18f-fb890cfa9c45@group-E918C9FD5E21:t2, leader=null, voted=3bba12ea-eb97-4cb8-a72d-96cb4f92f88e, raftlog=253ef487-fc9a-46cf-a18f-fb890cfa9c45@group-E918C9FD5E21-SegmentedRaftLog:OPENED:c-1, conf=-1: [3bba12ea-eb97-4cb8-a72d-96cb4f92f88e|rpc:10.1.0.29:33133|priority:1, 253ef487-fc9a-46cf-a18f-fb890cfa9c45|rpc:10.1.0.29:46847|priority:0, 167d9434-a89e-4891-b1b1-bac4f9f29552|rpc:10.1.0.29:32839|priority:0], old=null
2021-10-28 01:49:34,067 [3bba12ea-eb97-4cb8-a72d-96cb4f92f88e@group-E918C9FD5E21-LeaderElection66] INFO  impl.LeaderElection (LeaderElection.java:logAndReturn(89)) - 3bba12ea-eb97-4cb8-a72d-96cb4f92f88e@group-E918C9FD5E21-LeaderElection66: ELECTION PASSED received 1 response(s) and 0 exception(s):
2021-10-28 01:49:34,068 [3bba12ea-eb97-4cb8-a72d-96cb4f92f88e@group-E918C9FD5E21-LeaderElection66] INFO  impl.LeaderElection (LeaderElection.java:logAndReturn(93)) -   Response 0: 3bba12ea-eb97-4cb8-a72d-96cb4f92f88e<-253ef487-fc9a-46cf-a18f-fb890cfa9c45#0:OK-t2
2021-10-28 01:49:34,068 [3bba12ea-eb97-4cb8-a72d-96cb4f92f88e@group-E918C9FD5E21-LeaderElection66] INFO  impl.LeaderElection (LeaderElection.java:askForVotes(308)) - 3bba12ea-eb97-4cb8-a72d-96cb4f92f88e@group-E918C9FD5E21-LeaderElection66 ELECTION round 0: result PASSED
2021-10-28 01:49:34,068 [3bba12ea-eb97-4cb8-a72d-96cb4f92f88e@group-E918C9FD5E21-LeaderElection66] INFO  impl.RoleInfo (RoleInfo.java:shutdownLeaderElection(121)) - 3bba12ea-eb97-4cb8-a72d-96cb4f92f88e: shutdown 3bba12ea-eb97-4cb8-a72d-96cb4f92f88e@group-E918C9FD5E21-LeaderElection66
2021-10-28 01:49:34,068 [3bba12ea-eb97-4cb8-a72d-96cb4f92f88e@group-E918C9FD5E21-LeaderElection66] INFO  server.RaftServer$Division (RaftServerImpl.java:setRole(290)) - 3bba12ea-eb97-4cb8-a72d-96cb4f92f88e@group-E918C9FD5E21: changes role from CANDIDATE to LEADER at term 2 for changeToLeader
2021-10-28 01:49:34,068 [3bba12ea-eb97-4cb8-a72d-96cb4f92f88e@group-E918C9FD5E21-LeaderElection66] INFO  ratis.XceiverServerRatis (XceiverServerRatis.java:handleLeaderChangedNotification(866)) - Leader change notification received for group: group-E918C9FD5E21 with new leaderId: 3bba12ea-eb97-4cb8-a72d-96cb4f92f88e
2021-10-28 01:49:34,068 [3bba12ea-eb97-4cb8-a72d-96cb4f92f88e@group-E918C9FD5E21-LeaderElection66] INFO  server.RaftServer$Division (ServerState.java:setLeader(285)) - 3bba12ea-eb97-4cb8-a72d-96cb4f92f88e@group-E918C9FD5E21: change Leader from null to 3bba12ea-eb97-4cb8-a72d-96cb4f92f88e at term 2 for becomeLeader, leader elected after 10045ms
2021-10-28 01:49:34,068 [3bba12ea-eb97-4cb8-a72d-96cb4f92f88e@group-E918C9FD5E21-LeaderElection66] INFO  server.RaftServerConfigKeys (ConfUtils.java:logGet(44)) - raft.server.staging.catchup.gap = 1000 (default)
2021-10-28 01:49:34,068 [3bba12ea-eb97-4cb8-a72d-96cb4f92f88e@group-E918C9FD5E21-LeaderElection66] INFO  server.RaftServerConfigKeys (ConfUtils.java:logGet(44)) - raft.server.write.element-limit = 1024 (custom)
2021-10-28 01:49:34,068 [3bba12ea-eb97-4cb8-a72d-96cb4f92f88e@group-E918C9FD5E21-LeaderElection66] INFO  server.RaftServerConfigKeys (ConfUtils.java:logGet(44)) - raft.server.write.byte-limit = 1024 M (=1073741824) (custom)
2021-10-28 01:49:34,069 [3bba12ea-eb97-4cb8-a72d-96cb4f92f88e@group-E918C9FD5E21-LeaderElection66] INFO  server.RaftServerConfigKeys (ConfUtils.java:logGet(44)) - raft.server.watch.timeout = 3000ms (custom)
2021-10-28 01:49:34,069 [3bba12ea-eb97-4cb8-a72d-96cb4f92f88e@group-E918C9FD5E21-LeaderElection66] INFO  server.RaftServerConfigKeys (ConfUtils.java:logGet(44)) - raft.server.watch.timeout.denomination = 1s (default)
2021-10-28 01:49:34,069 [3bba12ea-eb97-4cb8-a72d-96cb4f92f88e@group-E918C9FD5E21-LeaderElection66] INFO  server.RaftServerConfigKeys (ConfUtils.java:logGet(44)) - raft.server.watch.element-limit = 65536 (default)
2021-10-28 01:49:34,069 [3bba12ea-eb97-4cb8-a72d-96cb4f92f88e@group-E918C9FD5E21-LeaderElection66] INFO  server.RaftServerConfigKeys (ConfUtils.java:logGet(44)) - raft.server.write.element-limit = 1024 (custom)
2021-10-28 01:49:34,069 [3bba12ea-eb97-4cb8-a72d-96cb4f92f88e@group-E918C9FD5E21-LeaderElection66] INFO  server.RaftServerConfigKeys (ConfUtils.java:logGet(44)) - raft.server.write.follower.gap.ratio.max = -1.0 (default)
2021-10-28 01:49:34,069 [3bba12ea-eb97-4cb8-a72d-96cb4f92f88e@group-E918C9FD5E21-LeaderElection66] INFO  server.RaftServerConfigKeys (ConfUtils.java:logGet(44)) - raft.server.log.appender.snapshot.chunk.size.max = 16MB (=16777216) (default)
2021-10-28 01:49:34,069 [3bba12ea-eb97-4cb8-a72d-96cb4f92f88e@group-E918C9FD5E21-LeaderElection66] INFO  server.RaftServerConfigKeys (ConfUtils.java:logGet(44)) - raft.server.log.appender.buffer.byte-limit = 33554432 (custom)
2021-10-28 01:49:34,069 [3bba12ea-eb97-4cb8-a72d-96cb4f92f88e@group-E918C9FD5E21-LeaderElection66] INFO  server.RaftServerConfigKeys (ConfUtils.java:logGet(44)) - raft.server.log.appender.buffer.element-limit = 1 (custom)
2021-10-28 01:49:34,069 [3bba12ea-eb97-4cb8-a72d-96cb4f92f88e@group-E918C9FD5E21-LeaderElection66] INFO  grpc.GrpcConfigKeys (ConfUtils.java:logGet(44)) - raft.grpc.server.leader.outstanding.appends.max = 128 (default)
2021-10-28 01:49:34,069 [3bba12ea-eb97-4cb8-a72d-96cb4f92f88e@group-E918C9FD5E21-LeaderElection66] INFO  server.RaftServerConfigKeys (ConfUtils.java:logGet(44)) - raft.server.rpc.request.timeout = 3000ms (default)
2021-10-28 01:49:34,069 [3bba12ea-eb97-4cb8-a72d-96cb4f92f88e@group-E918C9FD5E21-LeaderElection66] INFO  server.RaftServerConfigKeys (ConfUtils.java:logGet(44)) - raft.server.log.appender.install.snapshot.enabled = false (custom)
2021-10-28 01:49:34,070 [3bba12ea-eb97-4cb8-a72d-96cb4f92f88e@group-E918C9FD5E21-LeaderElection66] INFO  server.RaftServerConfigKeys (ConfUtils.java:logGet(44)) - raft.server.log.appender.snapshot.chunk.size.max = 16MB (=16777216) (default)
2021-10-28 01:49:34,070 [3bba12ea-eb97-4cb8-a72d-96cb4f92f88e@group-E918C9FD5E21-LeaderElection66] INFO  server.RaftServerConfigKeys (ConfUtils.java:logGet(44)) - raft.server.log.appender.buffer.byte-limit = 33554432 (custom)
2021-10-28 01:49:34,070 [3bba12ea-eb97-4cb8-a72d-96cb4f92f88e@group-E918C9FD5E21-LeaderElection66] INFO  server.RaftServerConfigKeys (ConfUtils.java:logGet(44)) - raft.server.log.appender.buffer.element-limit = 1 (custom)
2021-10-28 01:49:34,071 [3bba12ea-eb97-4cb8-a72d-96cb4f92f88e@group-E918C9FD5E21-LeaderElection66] INFO  grpc.GrpcConfigKeys (ConfUtils.java:logGet(44)) - raft.grpc.server.leader.outstanding.appends.max = 128 (default)
2021-10-28 01:49:34,071 [3bba12ea-eb97-4cb8-a72d-96cb4f92f88e@group-E918C9FD5E21-LeaderElection66] INFO  server.RaftServerConfigKeys (ConfUtils.java:logGet(44)) - raft.server.rpc.request.timeout = 3000ms (default)
2021-10-28 01:49:34,071 [3bba12ea-eb97-4cb8-a72d-96cb4f92f88e@group-E918C9FD5E21-LeaderElection66] INFO  server.RaftServerConfigKeys (ConfUtils.java:logGet(44)) - raft.server.log.appender.install.snapshot.enabled = false (custom)
2021-10-28 01:49:34,072 [EventQueue-PipelineReportForPipelineReportHandler] INFO  pipeline.PipelineManagerImpl (PipelineManagerImpl.java:openPipeline(289)) - Pipeline Pipeline[ Id: 1e7b1cb3-9b09-404d-9c06-e918c9fd5e21, Nodes: 167d9434-a89e-4891-b1b1-bac4f9f29552{ip: 10.1.0.29, host: fv-az270-135.tacnzluakwdehk1hpragurqkma.bx.internal.cloudapp.net, ports: [REPLICATION=43661, RATIS=32839, RATIS_ADMIN=32839, RATIS_SERVER=32839, STANDALONE=40527], networkLocation: /default-rack, certSerialId: null, persistedOpState: IN_SERVICE, persistedOpStateExpiryEpochSec: 0}3bba12ea-eb97-4cb8-a72d-96cb4f92f88e{ip: 10.1.0.29, host: fv-az270-135.tacnzluakwdehk1hpragurqkma.bx.internal.cloudapp.net, ports: [REPLICATION=33787, RATIS=33133, RATIS_ADMIN=33133, RATIS_SERVER=33133, STANDALONE=42261], networkLocation: /default-rack, certSerialId: null, persistedOpState: IN_SERVICE, persistedOpStateExpiryEpochSec: 0}253ef487-fc9a-46cf-a18f-fb890cfa9c45{ip: 10.1.0.29, host: fv-az270-135.tacnzluakwdehk1hpragurqkma.bx.internal.cloudapp.net, ports: [REPLICATION=33957, RATIS=46847, RATIS_ADMIN=46847, RATIS_SERVER=46847, STANDALONE=44157], networkLocation: /default-rack, certSerialId: null, persistedOpState: IN_SERVICE, persistedOpStateExpiryEpochSec: 0}, ReplicationConfig: RATIS/THREE, State:ALLOCATED, leaderId:3bba12ea-eb97-4cb8-a72d-96cb4f92f88e, CreationTimestamp2021-10-28T01:49:21.549Z[Etc/UTC]] moved to OPEN state
2021-10-28 01:49:34,072 [3bba12ea-eb97-4cb8-a72d-96cb4f92f88e@group-E918C9FD5E21-LeaderElection66] INFO  impl.RoleInfo (RoleInfo.java:updateAndGet(130)) - 3bba12ea-eb97-4cb8-a72d-96cb4f92f88e: start 3bba12ea-eb97-4cb8-a72d-96cb4f92f88e@group-E918C9FD5E21-LeaderStateImpl
2021-10-28 01:49:34,072 [3bba12ea-eb97-4cb8-a72d-96cb4f92f88e@group-E918C9FD5E21-LeaderElection66] INFO  segmented.SegmentedRaftLogWorker (SegmentedRaftLogWorker.java:startLogSegment(394)) - 3bba12ea-eb97-4cb8-a72d-96cb4f92f88e@group-E918C9FD5E21-SegmentedRaftLogWorker: Starting segment from index:0
2021-10-28 01:49:34,074 [3bba12ea-eb97-4cb8-a72d-96cb4f92f88e@group-E918C9FD5E21-SegmentedRaftLogWorker] INFO  segmented.SegmentedRaftLogWorker (SegmentedRaftLogWorker.java:execute(601)) - 3bba12ea-eb97-4cb8-a72d-96cb4f92f88e@group-E918C9FD5E21-SegmentedRaftLogWorker: created new log segment /home/runner/work/ozone/ozone/hadoop-ozone/integration-test/target/test-dir/MiniOzoneClusterImpl-0566475b-15f3-492a-9b28-f78457f271af/datanode-2/data/ratis/1e7b1cb3-9b09-404d-9c06-e918c9fd5e21/current/log_inprogress_0
2021-10-28 01:49:34,078 [grpc-default-executor-3] INFO  server.RaftServer$Division (RaftServerImpl.java:requestVote(1046)) - 167d9434-a89e-4891-b1b1-bac4f9f29552@group-E918C9FD5E21: receive requestVote(ELECTION, 3bba12ea-eb97-4cb8-a72d-96cb4f92f88e, group-E918C9FD5E21, 2, (t:0, i:0))
2021-10-28 01:49:34,127 [grpc-default-executor-3] INFO  impl.VoteContext (VoteContext.java:log(48)) - 167d9434-a89e-4891-b1b1-bac4f9f29552@group-E918C9FD5E21-FOLLOWER: accept ELECTION from 3bba12ea-eb97-4cb8-a72d-96cb4f92f88e: our priority 0 <= candidate's priority 1
2021-10-28 01:49:34,127 [grpc-default-executor-3] INFO  server.RaftServer$Division (RaftServerImpl.java:setRole(290)) - 167d9434-a89e-4891-b1b1-bac4f9f29552@group-E918C9FD5E21: changes role from  FOLLOWER to FOLLOWER at term 2 for candidate:3bba12ea-eb97-4cb8-a72d-96cb4f92f88e
2021-10-28 01:49:34,127 [grpc-default-executor-3] INFO  impl.RoleInfo (RoleInfo.java:shutdownFollowerState(108)) - 167d9434-a89e-4891-b1b1-bac4f9f29552: shutdown 167d9434-a89e-4891-b1b1-bac4f9f29552@group-E918C9FD5E21-FollowerState
2021-10-28 01:49:34,127 [grpc-default-executor-3] INFO  impl.RoleInfo (RoleInfo.java:updateAndGet(130)) - 167d9434-a89e-4891-b1b1-bac4f9f29552: start 167d9434-a89e-4891-b1b1-bac4f9f29552@group-E918C9FD5E21-FollowerState
2021-10-28 01:49:34,127 [167d9434-a89e-4891-b1b1-bac4f9f29552@group-E918C9FD5E21-FollowerState] INFO  impl.FollowerState (FollowerState.java:run(143)) - 167d9434-a89e-4891-b1b1-bac4f9f29552@group-E918C9FD5E21-FollowerState was interrupted: {}
java.lang.InterruptedException: sleep interrupted
	at java.lang.Thread.sleep(Native Method)
	at java.lang.Thread.sleep(Thread.java:340)
	at java.util.concurrent.TimeUnit.sleep(TimeUnit.java:386)
	at org.apache.ratis.util.TimeDuration.sleep(TimeDuration.java:324)
	at org.apache.ratis.util.TimeDuration.sleep(TimeDuration.java:309)
	at org.apache.ratis.server.impl.FollowerState.run(FollowerState.java:118)
2021-10-28 01:49:34,141 [grpc-default-executor-3] INFO  server.RaftServer$Division (RaftServerImpl.java:requestVote(1078)) - 167d9434-a89e-4891-b1b1-bac4f9f29552@group-E918C9FD5E21 replies to ELECTION vote request: 3bba12ea-eb97-4cb8-a72d-96cb4f92f88e<-167d9434-a89e-4891-b1b1-bac4f9f29552#0:OK-t2. Peer's state: 167d9434-a89e-4891-b1b1-bac4f9f29552@group-E918C9FD5E21:t2, leader=null, voted=3bba12ea-eb97-4cb8-a72d-96cb4f92f88e, raftlog=167d9434-a89e-4891-b1b1-bac4f9f29552@group-E918C9FD5E21-SegmentedRaftLog:OPENED:c-1, conf=-1: [3bba12ea-eb97-4cb8-a72d-96cb4f92f88e|rpc:10.1.0.29:33133|dataStream:|priority:1, 253ef487-fc9a-46cf-a18f-fb890cfa9c45|rpc:10.1.0.29:46847|dataStream:|priority:0, 167d9434-a89e-4891-b1b1-bac4f9f29552|rpc:10.1.0.29:32839|dataStream:|priority:0], old=null
2021-10-28 01:49:34,156 [3bba12ea-eb97-4cb8-a72d-96cb4f92f88e@group-E918C9FD5E21-LeaderElection66] INFO  server.RaftServer$Division (ServerState.java:setRaftConf(387)) - 3bba12ea-eb97-4cb8-a72d-96cb4f92f88e@group-E918C9FD5E21: set configuration 0: [3bba12ea-eb97-4cb8-a72d-96cb4f92f88e|rpc:10.1.0.29:33133|dataStream:|priority:1, 253ef487-fc9a-46cf-a18f-fb890cfa9c45|rpc:10.1.0.29:46847|dataStream:|priority:0, 167d9434-a89e-4891-b1b1-bac4f9f29552|rpc:10.1.0.29:32839|dataStream:|priority:0], old=null
2021-10-28 01:49:34,163 [grpc-default-executor-3] INFO  ratis.XceiverServerRatis (XceiverServerRatis.java:handleLeaderChangedNotification(866)) - Leader change notification received for group: group-E918C9FD5E21 with new leaderId: 3bba12ea-eb97-4cb8-a72d-96cb4f92f88e
2021-10-28 01:49:34,163 [grpc-default-executor-3] INFO  server.RaftServer$Division (ServerState.java:setLeader(285)) - 167d9434-a89e-4891-b1b1-bac4f9f29552@group-E918C9FD5E21: change Leader from null to 3bba12ea-eb97-4cb8-a72d-96cb4f92f88e at term 2 for appendEntries, leader elected after 10295ms
2021-10-28 01:49:34,180 [grpc-default-executor-2] INFO  ratis.XceiverServerRatis (XceiverServerRatis.java:handleLeaderChangedNotification(866)) - Leader change notification received for group: group-E918C9FD5E21 with new leaderId: 3bba12ea-eb97-4cb8-a72d-96cb4f92f88e
2021-10-28 01:49:34,180 [grpc-default-executor-2] INFO  server.RaftServer$Division (ServerState.java:setLeader(285)) - 253ef487-fc9a-46cf-a18f-fb890cfa9c45@group-E918C9FD5E21: change Leader from null to 3bba12ea-eb97-4cb8-a72d-96cb4f92f88e at term 2 for appendEntries, leader elected after 10434ms
2021-10-28 01:49:34,214 [grpc-default-executor-3] INFO  server.RaftServer$Division (ServerState.java:setRaftConf(387)) - 167d9434-a89e-4891-b1b1-bac4f9f29552@group-E918C9FD5E21: set configuration 0: [3bba12ea-eb97-4cb8-a72d-96cb4f92f88e|rpc:10.1.0.29:33133|dataStream:|priority:1, 253ef487-fc9a-46cf-a18f-fb890cfa9c45|rpc:10.1.0.29:46847|dataStream:|priority:0, 167d9434-a89e-4891-b1b1-bac4f9f29552|rpc:10.1.0.29:32839|dataStream:|priority:0], old=null
2021-10-28 01:49:34,215 [grpc-default-executor-3] INFO  segmented.SegmentedRaftLogWorker (SegmentedRaftLogWorker.java:startLogSegment(394)) - 167d9434-a89e-4891-b1b1-bac4f9f29552@group-E918C9FD5E21-SegmentedRaftLogWorker: Starting segment from index:0
2021-10-28 01:49:34,224 [grpc-default-executor-2] INFO  server.RaftServer$Division (ServerState.java:setRaftConf(387)) - 253ef487-fc9a-46cf-a18f-fb890cfa9c45@group-E918C9FD5E21: set configuration 0: [3bba12ea-eb97-4cb8-a72d-96cb4f92f88e|rpc:10.1.0.29:33133|dataStream:|priority:1, 253ef487-fc9a-46cf-a18f-fb890cfa9c45|rpc:10.1.0.29:46847|dataStream:|priority:0, 167d9434-a89e-4891-b1b1-bac4f9f29552|rpc:10.1.0.29:32839|dataStream:|priority:0], old=null
2021-10-28 01:49:34,225 [grpc-default-executor-2] INFO  segmented.SegmentedRaftLogWorker (SegmentedRaftLogWorker.java:startLogSegment(394)) - 253ef487-fc9a-46cf-a18f-fb890cfa9c45@group-E918C9FD5E21-SegmentedRaftLogWorker: Starting segment from index:0
2021-10-28 01:49:34,229 [253ef487-fc9a-46cf-a18f-fb890cfa9c45@group-E918C9FD5E21-SegmentedRaftLogWorker] INFO  segmented.SegmentedRaftLogWorker (SegmentedRaftLogWorker.java:execute(601)) - 253ef487-fc9a-46cf-a18f-fb890cfa9c45@group-E918C9FD5E21-SegmentedRaftLogWorker: created new log segment /home/runner/work/ozone/ozone/hadoop-ozone/integration-test/target/test-dir/MiniOzoneClusterImpl-0566475b-15f3-492a-9b28-f78457f271af/datanode-0/data/ratis/1e7b1cb3-9b09-404d-9c06-e918c9fd5e21/current/log_inprogress_0
2021-10-28 01:49:34,265 [167d9434-a89e-4891-b1b1-bac4f9f29552@group-E918C9FD5E21-SegmentedRaftLogWorker] INFO  segmented.SegmentedRaftLogWorker (SegmentedRaftLogWorker.java:execute(601)) - 167d9434-a89e-4891-b1b1-bac4f9f29552@group-E918C9FD5E21-SegmentedRaftLogWorker: created new log segment /home/runner/work/ozone/ozone/hadoop-ozone/integration-test/target/test-dir/MiniOzoneClusterImpl-0566475b-15f3-492a-9b28-f78457f271af/datanode-1/data/ratis/1e7b1cb3-9b09-404d-9c06-e918c9fd5e21/current/log_inprogress_0
2021-10-28 01:49:35,560 [850b4870-9ae5-4bfa-bbd2-f1f242dff33d@group-CDFD84D3B5C4-FollowerState] INFO  impl.FollowerState (FollowerState.java:run(134)) - 850b4870-9ae5-4bfa-bbd2-f1f242dff33d@group-CDFD84D3B5C4-FollowerState: change to CANDIDATE, lastRpcElapsedTime:5015962917ns, electionTimeout:5013ms
2021-10-28 01:49:35,560 [850b4870-9ae5-4bfa-bbd2-f1f242dff33d@group-CDFD84D3B5C4-FollowerState] INFO  impl.RoleInfo (RoleInfo.java:shutdownFollowerState(108)) - 850b4870-9ae5-4bfa-bbd2-f1f242dff33d: shutdown 850b4870-9ae5-4bfa-bbd2-f1f242dff33d@group-CDFD84D3B5C4-FollowerState
2021-10-28 01:49:35,560 [850b4870-9ae5-4bfa-bbd2-f1f242dff33d@group-CDFD84D3B5C4-FollowerState] INFO  server.RaftServer$Division (RaftServerImpl.java:setRole(290)) - 850b4870-9ae5-4bfa-bbd2-f1f242dff33d@group-CDFD84D3B5C4: changes role from  FOLLOWER to CANDIDATE at term 1 for changeToCandidate
2021-10-28 01:49:35,560 [850b4870-9ae5-4bfa-bbd2-f1f242dff33d@group-CDFD84D3B5C4-FollowerState] INFO  server.RaftServerConfigKeys (ConfUtils.java:logGet(44)) - raft.server.leaderelection.pre-vote = false (custom)
2021-10-28 01:49:35,561 [850b4870-9ae5-4bfa-bbd2-f1f242dff33d@group-CDFD84D3B5C4-FollowerState] INFO  impl.RoleInfo (RoleInfo.java:updateAndGet(130)) - 850b4870-9ae5-4bfa-bbd2-f1f242dff33d: start 850b4870-9ae5-4bfa-bbd2-f1f242dff33d@group-CDFD84D3B5C4-LeaderElection67
2021-10-28 01:49:35,579 [850b4870-9ae5-4bfa-bbd2-f1f242dff33d@group-CDFD84D3B5C4-LeaderElection67] INFO  impl.LeaderElection (LeaderElection.java:askForVotes(306)) - 850b4870-9ae5-4bfa-bbd2-f1f242dff33d@group-CDFD84D3B5C4-LeaderElection67 ELECTION round 0: submit vote requests at term 2 for -1: [850b4870-9ae5-4bfa-bbd2-f1f242dff33d|rpc:10.1.0.29:35637|priority:0, 31d6ae09-1bf4-4ff4-9532-94f29ed1392e|rpc:10.1.0.29:44047|priority:1, 43ee2308-4bff-4c12-a476-7906f102dfb0|rpc:10.1.0.29:33053|priority:0], old=null
2021-10-28 01:49:35,583 [31d6ae09-1bf4-4ff4-9532-94f29ed1392e@group-CDFD84D3B5C4-FollowerState] INFO  impl.FollowerState (FollowerState.java:run(134)) - 31d6ae09-1bf4-4ff4-9532-94f29ed1392e@group-CDFD84D3B5C4-FollowerState: change to CANDIDATE, lastRpcElapsedTime:5082887362ns, electionTimeout:5037ms
2021-10-28 01:49:35,584 [31d6ae09-1bf4-4ff4-9532-94f29ed1392e@group-CDFD84D3B5C4-FollowerState] INFO  impl.RoleInfo (RoleInfo.java:shutdownFollowerState(108)) - 31d6ae09-1bf4-4ff4-9532-94f29ed1392e: shutdown 31d6ae09-1bf4-4ff4-9532-94f29ed1392e@group-CDFD84D3B5C4-FollowerState
2021-10-28 01:49:35,584 [31d6ae09-1bf4-4ff4-9532-94f29ed1392e@group-CDFD84D3B5C4-FollowerState] INFO  server.RaftServer$Division (RaftServerImpl.java:setRole(290)) - 31d6ae09-1bf4-4ff4-9532-94f29ed1392e@group-CDFD84D3B5C4: changes role from  FOLLOWER to CANDIDATE at term 1 for changeToCandidate
2021-10-28 01:49:35,586 [31d6ae09-1bf4-4ff4-9532-94f29ed1392e@group-CDFD84D3B5C4-FollowerState] INFO  server.RaftServerConfigKeys (ConfUtils.java:logGet(44)) - raft.server.leaderelection.pre-vote = false (custom)
2021-10-28 01:49:35,586 [31d6ae09-1bf4-4ff4-9532-94f29ed1392e@group-CDFD84D3B5C4-FollowerState] INFO  impl.RoleInfo (RoleInfo.java:updateAndGet(130)) - 31d6ae09-1bf4-4ff4-9532-94f29ed1392e: start 31d6ae09-1bf4-4ff4-9532-94f29ed1392e@group-CDFD84D3B5C4-LeaderElection68
2021-10-28 01:49:35,588 [grpc-default-executor-3] INFO  server.RaftServer$Division (RaftServerImpl.java:requestVote(1046)) - 43ee2308-4bff-4c12-a476-7906f102dfb0@group-CDFD84D3B5C4: receive requestVote(ELECTION, 850b4870-9ae5-4bfa-bbd2-f1f242dff33d, group-CDFD84D3B5C4, 2, (t:0, i:0))
2021-10-28 01:49:35,588 [grpc-default-executor-3] INFO  impl.VoteContext (VoteContext.java:log(48)) - 43ee2308-4bff-4c12-a476-7906f102dfb0@group-CDFD84D3B5C4-FOLLOWER: accept ELECTION from 850b4870-9ae5-4bfa-bbd2-f1f242dff33d: our priority 0 <= candidate's priority 0
2021-10-28 01:49:35,588 [grpc-default-executor-3] INFO  server.RaftServer$Division (RaftServerImpl.java:setRole(290)) - 43ee2308-4bff-4c12-a476-7906f102dfb0@group-CDFD84D3B5C4: changes role from  FOLLOWER to FOLLOWER at term 2 for candidate:850b4870-9ae5-4bfa-bbd2-f1f242dff33d
2021-10-28 01:49:35,588 [grpc-default-executor-3] INFO  impl.RoleInfo (RoleInfo.java:shutdownFollowerState(108)) - 43ee2308-4bff-4c12-a476-7906f102dfb0: shutdown 43ee2308-4bff-4c12-a476-7906f102dfb0@group-CDFD84D3B5C4-FollowerState
2021-10-28 01:49:35,588 [grpc-default-executor-2] INFO  server.RaftServer$Division (RaftServerImpl.java:requestVote(1046)) - 31d6ae09-1bf4-4ff4-9532-94f29ed1392e@group-CDFD84D3B5C4: receive requestVote(ELECTION, 850b4870-9ae5-4bfa-bbd2-f1f242dff33d, group-CDFD84D3B5C4, 2, (t:0, i:0))
2021-10-28 01:49:35,588 [grpc-default-executor-3] INFO  impl.RoleInfo (RoleInfo.java:updateAndGet(130)) - 43ee2308-4bff-4c12-a476-7906f102dfb0: start 43ee2308-4bff-4c12-a476-7906f102dfb0@group-CDFD84D3B5C4-FollowerState
2021-10-28 01:49:35,611 [grpc-default-executor-2] INFO  impl.VoteContext (VoteContext.java:log(48)) - 31d6ae09-1bf4-4ff4-9532-94f29ed1392e@group-CDFD84D3B5C4-CANDIDATE: reject ELECTION from 850b4870-9ae5-4bfa-bbd2-f1f242dff33d: our priority 1 > candidate's priority 0
2021-10-28 01:49:35,611 [grpc-default-executor-3] INFO  server.RaftServer$Division (RaftServerImpl.java:requestVote(1078)) - 43ee2308-4bff-4c12-a476-7906f102dfb0@group-CDFD84D3B5C4 replies to ELECTION vote request: 850b4870-9ae5-4bfa-bbd2-f1f242dff33d<-43ee2308-4bff-4c12-a476-7906f102dfb0#0:OK-t2. Peer's state: 43ee2308-4bff-4c12-a476-7906f102dfb0@group-CDFD84D3B5C4:t2, leader=null, voted=850b4870-9ae5-4bfa-bbd2-f1f242dff33d, raftlog=43ee2308-4bff-4c12-a476-7906f102dfb0@group-CDFD84D3B5C4-SegmentedRaftLog:OPENED:c-1, conf=-1: [850b4870-9ae5-4bfa-bbd2-f1f242dff33d|rpc:10.1.0.29:35637|dataStream:|priority:0, 31d6ae09-1bf4-4ff4-9532-94f29ed1392e|rpc:10.1.0.29:44047|dataStream:|priority:1, 43ee2308-4bff-4c12-a476-7906f102dfb0|rpc:10.1.0.29:33053|dataStream:|priority:0], old=null
2021-10-28 01:49:35,611 [grpc-default-executor-2] INFO  server.RaftServer$Division (RaftServerImpl.java:setRole(290)) - 31d6ae09-1bf4-4ff4-9532-94f29ed1392e@group-CDFD84D3B5C4: changes role from CANDIDATE to FOLLOWER at term 2 for candidate:850b4870-9ae5-4bfa-bbd2-f1f242dff33d
2021-10-28 01:49:35,614 [grpc-default-executor-2] INFO  impl.RoleInfo (RoleInfo.java:shutdownLeaderElection(121)) - 31d6ae09-1bf4-4ff4-9532-94f29ed1392e: shutdown 31d6ae09-1bf4-4ff4-9532-94f29ed1392e@group-CDFD84D3B5C4-LeaderElection68
2021-10-28 01:49:35,614 [grpc-default-executor-2] INFO  impl.RoleInfo (RoleInfo.java:updateAndGet(130)) - 31d6ae09-1bf4-4ff4-9532-94f29ed1392e: start 31d6ae09-1bf4-4ff4-9532-94f29ed1392e@group-CDFD84D3B5C4-FollowerState
2021-10-28 01:49:35,634 [43ee2308-4bff-4c12-a476-7906f102dfb0@group-CDFD84D3B5C4-FollowerState] INFO  impl.FollowerState (FollowerState.java:run(143)) - 43ee2308-4bff-4c12-a476-7906f102dfb0@group-CDFD84D3B5C4-FollowerState was interrupted: {}
java.lang.InterruptedException: sleep interrupted
	at java.lang.Thread.sleep(Native Method)
	at java.lang.Thread.sleep(Thread.java:340)
	at java.util.concurrent.TimeUnit.sleep(TimeUnit.java:386)
	at org.apache.ratis.util.TimeDuration.sleep(TimeDuration.java:324)
	at org.apache.ratis.util.TimeDuration.sleep(TimeDuration.java:309)
	at org.apache.ratis.server.impl.FollowerState.run(FollowerState.java:118)
2021-10-28 01:49:35,639 [grpc-default-executor-2] INFO  server.RaftServer$Division (RaftServerImpl.java:requestVote(1078)) - 31d6ae09-1bf4-4ff4-9532-94f29ed1392e@group-CDFD84D3B5C4 replies to ELECTION vote request: 850b4870-9ae5-4bfa-bbd2-f1f242dff33d<-31d6ae09-1bf4-4ff4-9532-94f29ed1392e#0:FAIL-t2. Peer's state: 31d6ae09-1bf4-4ff4-9532-94f29ed1392e@group-CDFD84D3B5C4:t2, leader=null, voted=null, raftlog=31d6ae09-1bf4-4ff4-9532-94f29ed1392e@group-CDFD84D3B5C4-SegmentedRaftLog:OPENED:c-1, conf=-1: [850b4870-9ae5-4bfa-bbd2-f1f242dff33d|rpc:10.1.0.29:35637|dataStream:|priority:0, 31d6ae09-1bf4-4ff4-9532-94f29ed1392e|rpc:10.1.0.29:44047|dataStream:|priority:1, 43ee2308-4bff-4c12-a476-7906f102dfb0|rpc:10.1.0.29:33053|dataStream:|priority:0], old=null
2021-10-28 01:49:35,643 [850b4870-9ae5-4bfa-bbd2-f1f242dff33d@group-CDFD84D3B5C4-LeaderElection67] INFO  impl.LeaderElection (LeaderElection.java:logAndReturn(89)) - 850b4870-9ae5-4bfa-bbd2-f1f242dff33d@group-CDFD84D3B5C4-LeaderElection67: ELECTION REJECTED received 2 response(s) and 0 exception(s):
2021-10-28 01:49:35,643 [850b4870-9ae5-4bfa-bbd2-f1f242dff33d@group-CDFD84D3B5C4-LeaderElection67] INFO  impl.LeaderElection (LeaderElection.java:logAndReturn(93)) -   Response 0: 850b4870-9ae5-4bfa-bbd2-f1f242dff33d<-31d6ae09-1bf4-4ff4-9532-94f29ed1392e#0:FAIL-t2
2021-10-28 01:49:35,643 [850b4870-9ae5-4bfa-bbd2-f1f242dff33d@group-CDFD84D3B5C4-LeaderElection67] INFO  impl.LeaderElection (LeaderElection.java:logAndReturn(93)) -   Response 1: 850b4870-9ae5-4bfa-bbd2-f1f242dff33d<-43ee2308-4bff-4c12-a476-7906f102dfb0#0:OK-t2
2021-10-28 01:49:35,643 [850b4870-9ae5-4bfa-bbd2-f1f242dff33d@group-CDFD84D3B5C4-LeaderElection67] INFO  impl.LeaderElection (LeaderElection.java:askForVotes(308)) - 850b4870-9ae5-4bfa-bbd2-f1f242dff33d@group-CDFD84D3B5C4-LeaderElection67 ELECTION round 0: result REJECTED
2021-10-28 01:49:35,644 [850b4870-9ae5-4bfa-bbd2-f1f242dff33d@group-CDFD84D3B5C4-LeaderElection67] INFO  server.RaftServer$Division (RaftServerImpl.java:setRole(290)) - 850b4870-9ae5-4bfa-bbd2-f1f242dff33d@group-CDFD84D3B5C4: changes role from CANDIDATE to FOLLOWER at term 2 for REJECTED
2021-10-28 01:49:35,644 [850b4870-9ae5-4bfa-bbd2-f1f242dff33d@group-CDFD84D3B5C4-LeaderElection67] INFO  impl.RoleInfo (RoleInfo.java:shutdownLeaderElection(121)) - 850b4870-9ae5-4bfa-bbd2-f1f242dff33d: shutdown 850b4870-9ae5-4bfa-bbd2-f1f242dff33d@group-CDFD84D3B5C4-LeaderElection67
2021-10-28 01:49:35,644 [850b4870-9ae5-4bfa-bbd2-f1f242dff33d@group-CDFD84D3B5C4-LeaderElection67] INFO  impl.RoleInfo (RoleInfo.java:updateAndGet(130)) - 850b4870-9ae5-4bfa-bbd2-f1f242dff33d: start 850b4870-9ae5-4bfa-bbd2-f1f242dff33d@group-CDFD84D3B5C4-FollowerState
2021-10-28 01:49:38,689 [3bba12ea-eb97-4cb8-a72d-96cb4f92f88e@group-7330C24FE1E2-FollowerState] INFO  impl.FollowerState (FollowerState.java:run(134)) - 3bba12ea-eb97-4cb8-a72d-96cb4f92f88e@group-7330C24FE1E2-FollowerState: change to CANDIDATE, lastRpcElapsedTime:5059262042ns, electionTimeout:5051ms
2021-10-28 01:49:38,689 [3bba12ea-eb97-4cb8-a72d-96cb4f92f88e@group-7330C24FE1E2-FollowerState] INFO  impl.RoleInfo (RoleInfo.java:shutdownFollowerState(108)) - 3bba12ea-eb97-4cb8-a72d-96cb4f92f88e: shutdown 3bba12ea-eb97-4cb8-a72d-96cb4f92f88e@group-7330C24FE1E2-FollowerState
2021-10-28 01:49:38,689 [3bba12ea-eb97-4cb8-a72d-96cb4f92f88e@group-7330C24FE1E2-FollowerState] INFO  server.RaftServer$Division (RaftServerImpl.java:setRole(290)) - 3bba12ea-eb97-4cb8-a72d-96cb4f92f88e@group-7330C24FE1E2: changes role from  FOLLOWER to CANDIDATE at term 2 for changeToCandidate
2021-10-28 01:49:38,689 [3bba12ea-eb97-4cb8-a72d-96cb4f92f88e@group-7330C24FE1E2-FollowerState] INFO  server.RaftServerConfigKeys (ConfUtils.java:logGet(44)) - raft.server.leaderelection.pre-vote = false (custom)
2021-10-28 01:49:38,689 [3bba12ea-eb97-4cb8-a72d-96cb4f92f88e@group-7330C24FE1E2-FollowerState] INFO  impl.RoleInfo (RoleInfo.java:updateAndGet(130)) - 3bba12ea-eb97-4cb8-a72d-96cb4f92f88e: start 3bba12ea-eb97-4cb8-a72d-96cb4f92f88e@group-7330C24FE1E2-LeaderElection69
2021-10-28 01:49:38,700 [3bba12ea-eb97-4cb8-a72d-96cb4f92f88e@group-7330C24FE1E2-LeaderElection69] INFO  impl.LeaderElection (LeaderElection.java:askForVotes(306)) - 3bba12ea-eb97-4cb8-a72d-96cb4f92f88e@group-7330C24FE1E2-LeaderElection69 ELECTION round 0: submit vote requests at term 3 for -1: [3bba12ea-eb97-4cb8-a72d-96cb4f92f88e|rpc:10.1.0.29:33133|dataStream:|priority:0, 253ef487-fc9a-46cf-a18f-fb890cfa9c45|rpc:10.1.0.29:46847|dataStream:|priority:0, 167d9434-a89e-4891-b1b1-bac4f9f29552|rpc:10.1.0.29:32839|dataStream:|priority:1], old=null
2021-10-28 01:49:38,734 [grpc-default-executor-3] INFO  server.RaftServer$Division (RaftServerImpl.java:requestVote(1046)) - 167d9434-a89e-4891-b1b1-bac4f9f29552@group-7330C24FE1E2: receive requestVote(ELECTION, 3bba12ea-eb97-4cb8-a72d-96cb4f92f88e, group-7330C24FE1E2, 3, (t:0, i:0))
2021-10-28 01:49:38,735 [grpc-default-executor-3] INFO  impl.VoteContext (VoteContext.java:log(48)) - 167d9434-a89e-4891-b1b1-bac4f9f29552@group-7330C24FE1E2-FOLLOWER: reject ELECTION from 3bba12ea-eb97-4cb8-a72d-96cb4f92f88e: our priority 1 > candidate's priority 0
2021-10-28 01:49:38,735 [grpc-default-executor-3] INFO  server.RaftServer$Division (RaftServerImpl.java:setRole(290)) - 167d9434-a89e-4891-b1b1-bac4f9f29552@group-7330C24FE1E2: changes role from  FOLLOWER to FOLLOWER at term 3 for candidate:3bba12ea-eb97-4cb8-a72d-96cb4f92f88e
2021-10-28 01:49:38,735 [grpc-default-executor-3] INFO  impl.RoleInfo (RoleInfo.java:shutdownFollowerState(108)) - 167d9434-a89e-4891-b1b1-bac4f9f29552: shutdown 167d9434-a89e-4891-b1b1-bac4f9f29552@group-7330C24FE1E2-FollowerState
2021-10-28 01:49:38,736 [grpc-default-executor-3] INFO  impl.RoleInfo (RoleInfo.java:updateAndGet(130)) - 167d9434-a89e-4891-b1b1-bac4f9f29552: start 167d9434-a89e-4891-b1b1-bac4f9f29552@group-7330C24FE1E2-FollowerState
2021-10-28 01:49:38,737 [167d9434-a89e-4891-b1b1-bac4f9f29552@group-7330C24FE1E2-FollowerState] INFO  impl.FollowerState (FollowerState.java:run(143)) - 167d9434-a89e-4891-b1b1-bac4f9f29552@group-7330C24FE1E2-FollowerState was interrupted: {}
java.lang.InterruptedException: sleep interrupted
	at java.lang.Thread.sleep(Native Method)
	at java.lang.Thread.sleep(Thread.java:340)
	at java.util.concurrent.TimeUnit.sleep(TimeUnit.java:386)
	at org.apache.ratis.util.TimeDuration.sleep(TimeDuration.java:324)
	at org.apache.ratis.util.TimeDuration.sleep(TimeDuration.java:309)
	at org.apache.ratis.server.impl.FollowerState.run(FollowerState.java:118)
2021-10-28 01:49:38,745 [grpc-default-executor-2] INFO  server.RaftServer$Division (RaftServerImpl.java:requestVote(1046)) - 253ef487-fc9a-46cf-a18f-fb890cfa9c45@group-7330C24FE1E2: receive requestVote(ELECTION, 3bba12ea-eb97-4cb8-a72d-96cb4f92f88e, group-7330C24FE1E2, 3, (t:0, i:0))
2021-10-28 01:49:38,745 [grpc-default-executor-2] INFO  impl.VoteContext (VoteContext.java:log(48)) - 253ef487-fc9a-46cf-a18f-fb890cfa9c45@group-7330C24FE1E2-FOLLOWER: accept ELECTION from 3bba12ea-eb97-4cb8-a72d-96cb4f92f88e: our priority 0 <= candidate's priority 0
2021-10-28 01:49:38,745 [grpc-default-executor-2] INFO  server.RaftServer$Division (RaftServerImpl.java:setRole(290)) - 253ef487-fc9a-46cf-a18f-fb890cfa9c45@group-7330C24FE1E2: changes role from  FOLLOWER to FOLLOWER at term 3 for candidate:3bba12ea-eb97-4cb8-a72d-96cb4f92f88e
2021-10-28 01:49:38,745 [grpc-default-executor-2] INFO  impl.RoleInfo (RoleInfo.java:shutdownFollowerState(108)) - 253ef487-fc9a-46cf-a18f-fb890cfa9c45: shutdown 253ef487-fc9a-46cf-a18f-fb890cfa9c45@group-7330C24FE1E2-FollowerState
2021-10-28 01:49:38,757 [grpc-default-executor-2] INFO  impl.RoleInfo (RoleInfo.java:updateAndGet(130)) - 253ef487-fc9a-46cf-a18f-fb890cfa9c45: start 253ef487-fc9a-46cf-a18f-fb890cfa9c45@group-7330C24FE1E2-FollowerState
2021-10-28 01:49:38,767 [253ef487-fc9a-46cf-a18f-fb890cfa9c45@group-7330C24FE1E2-FollowerState] INFO  impl.FollowerState (FollowerState.java:run(143)) - 253ef487-fc9a-46cf-a18f-fb890cfa9c45@group-7330C24FE1E2-FollowerState was interrupted: {}
java.lang.InterruptedException: sleep interrupted
	at java.lang.Thread.sleep(Native Method)
	at java.lang.Thread.sleep(Thread.java:340)
	at java.util.concurrent.TimeUnit.sleep(TimeUnit.java:386)
	at org.apache.ratis.util.TimeDuration.sleep(TimeDuration.java:324)
	at org.apache.ratis.util.TimeDuration.sleep(TimeDuration.java:309)
	at org.apache.ratis.server.impl.FollowerState.run(FollowerState.java:118)
2021-10-28 01:49:38,776 [grpc-default-executor-3] INFO  server.RaftServer$Division (RaftServerImpl.java:requestVote(1078)) - 167d9434-a89e-4891-b1b1-bac4f9f29552@group-7330C24FE1E2 replies to ELECTION vote request: 3bba12ea-eb97-4cb8-a72d-96cb4f92f88e<-167d9434-a89e-4891-b1b1-bac4f9f29552#0:FAIL-t3. Peer's state: 167d9434-a89e-4891-b1b1-bac4f9f29552@group-7330C24FE1E2:t3, leader=null, voted=null, raftlog=167d9434-a89e-4891-b1b1-bac4f9f29552@group-7330C24FE1E2-SegmentedRaftLog:OPENED:c-1, conf=-1: [3bba12ea-eb97-4cb8-a72d-96cb4f92f88e|rpc:10.1.0.29:33133|dataStream:|priority:0, 253ef487-fc9a-46cf-a18f-fb890cfa9c45|rpc:10.1.0.29:46847|dataStream:|priority:0, 167d9434-a89e-4891-b1b1-bac4f9f29552|rpc:10.1.0.29:32839|dataStream:|priority:1], old=null
2021-10-28 01:49:38,778 [grpc-default-executor-2] INFO  server.RaftServer$Division (RaftServerImpl.java:requestVote(1078)) - 253ef487-fc9a-46cf-a18f-fb890cfa9c45@group-7330C24FE1E2 replies to ELECTION vote request: 3bba12ea-eb97-4cb8-a72d-96cb4f92f88e<-253ef487-fc9a-46cf-a18f-fb890cfa9c45#0:OK-t3. Peer's state: 253ef487-fc9a-46cf-a18f-fb890cfa9c45@group-7330C24FE1E2:t3, leader=null, voted=3bba12ea-eb97-4cb8-a72d-96cb4f92f88e, raftlog=253ef487-fc9a-46cf-a18f-fb890cfa9c45@group-7330C24FE1E2-SegmentedRaftLog:OPENED:c-1, conf=-1: [3bba12ea-eb97-4cb8-a72d-96cb4f92f88e|rpc:10.1.0.29:33133|priority:0, 253ef487-fc9a-46cf-a18f-fb890cfa9c45|rpc:10.1.0.29:46847|priority:0, 167d9434-a89e-4891-b1b1-bac4f9f29552|rpc:10.1.0.29:32839|priority:1], old=null
2021-10-28 01:49:38,778 [3bba12ea-eb97-4cb8-a72d-96cb4f92f88e@group-7330C24FE1E2-LeaderElection69] INFO  impl.LeaderElection (LeaderElection.java:logAndReturn(89)) - 3bba12ea-eb97-4cb8-a72d-96cb4f92f88e@group-7330C24FE1E2-LeaderElection69: ELECTION REJECTED received 1 response(s) and 0 exception(s):
2021-10-28 01:49:38,778 [3bba12ea-eb97-4cb8-a72d-96cb4f92f88e@group-7330C24FE1E2-LeaderElection69] INFO  impl.LeaderElection (LeaderElection.java:logAndReturn(93)) -   Response 0: 3bba12ea-eb97-4cb8-a72d-96cb4f92f88e<-167d9434-a89e-4891-b1b1-bac4f9f29552#0:FAIL-t3
2021-10-28 01:49:38,778 [3bba12ea-eb97-4cb8-a72d-96cb4f92f88e@group-7330C24FE1E2-LeaderElection69] INFO  impl.LeaderElection (LeaderElection.java:askForVotes(308)) - 3bba12ea-eb97-4cb8-a72d-96cb4f92f88e@group-7330C24FE1E2-LeaderElection69 ELECTION round 0: result REJECTED
2021-10-28 01:49:38,778 [3bba12ea-eb97-4cb8-a72d-96cb4f92f88e@group-7330C24FE1E2-LeaderElection69] INFO  server.RaftServer$Division (RaftServerImpl.java:setRole(290)) - 3bba12ea-eb97-4cb8-a72d-96cb4f92f88e@group-7330C24FE1E2: changes role from CANDIDATE to FOLLOWER at term 3 for REJECTED
2021-10-28 01:49:38,778 [3bba12ea-eb97-4cb8-a72d-96cb4f92f88e@group-7330C24FE1E2-LeaderElection69] INFO  impl.RoleInfo (RoleInfo.java:shutdownLeaderElection(121)) - 3bba12ea-eb97-4cb8-a72d-96cb4f92f88e: shutdown 3bba12ea-eb97-4cb8-a72d-96cb4f92f88e@group-7330C24FE1E2-LeaderElection69
2021-10-28 01:49:38,778 [3bba12ea-eb97-4cb8-a72d-96cb4f92f88e@group-7330C24FE1E2-LeaderElection69] INFO  impl.RoleInfo (RoleInfo.java:updateAndGet(130)) - 3bba12ea-eb97-4cb8-a72d-96cb4f92f88e: start 3bba12ea-eb97-4cb8-a72d-96cb4f92f88e@group-7330C24FE1E2-FollowerState
2021-10-28 01:49:40,669 [43ee2308-4bff-4c12-a476-7906f102dfb0@group-CDFD84D3B5C4-FollowerState] INFO  impl.FollowerState (FollowerState.java:run(134)) - 43ee2308-4bff-4c12-a476-7906f102dfb0@group-CDFD84D3B5C4-FollowerState: change to CANDIDATE, lastRpcElapsedTime:5057549000ns, electionTimeout:5027ms
2021-10-28 01:49:40,669 [43ee2308-4bff-4c12-a476-7906f102dfb0@group-CDFD84D3B5C4-FollowerState] INFO  impl.RoleInfo (RoleInfo.java:shutdownFollowerState(108)) - 43ee2308-4bff-4c12-a476-7906f102dfb0: shutdown 43ee2308-4bff-4c12-a476-7906f102dfb0@group-CDFD84D3B5C4-FollowerState
2021-10-28 01:49:40,669 [43ee2308-4bff-4c12-a476-7906f102dfb0@group-CDFD84D3B5C4-FollowerState] INFO  server.RaftServer$Division (RaftServerImpl.java:setRole(290)) - 43ee2308-4bff-4c12-a476-7906f102dfb0@group-CDFD84D3B5C4: changes role from  FOLLOWER to CANDIDATE at term 2 for changeToCandidate
2021-10-28 01:49:40,669 [43ee2308-4bff-4c12-a476-7906f102dfb0@group-CDFD84D3B5C4-FollowerState] INFO  server.RaftServerConfigKeys (ConfUtils.java:logGet(44)) - raft.server.leaderelection.pre-vote = false (custom)
2021-10-28 01:49:40,669 [43ee2308-4bff-4c12-a476-7906f102dfb0@group-CDFD84D3B5C4-FollowerState] INFO  impl.RoleInfo (RoleInfo.java:updateAndGet(130)) - 43ee2308-4bff-4c12-a476-7906f102dfb0: start 43ee2308-4bff-4c12-a476-7906f102dfb0@group-CDFD84D3B5C4-LeaderElection70
2021-10-28 01:49:40,706 [850b4870-9ae5-4bfa-bbd2-f1f242dff33d@group-CDFD84D3B5C4-FollowerState] INFO  impl.FollowerState (FollowerState.java:run(134)) - 850b4870-9ae5-4bfa-bbd2-f1f242dff33d@group-CDFD84D3B5C4-FollowerState: change to CANDIDATE, lastRpcElapsedTime:5062520006ns, electionTimeout:5047ms
2021-10-28 01:49:40,706 [850b4870-9ae5-4bfa-bbd2-f1f242dff33d@group-CDFD84D3B5C4-FollowerState] INFO  impl.RoleInfo (RoleInfo.java:shutdownFollowerState(108)) - 850b4870-9ae5-4bfa-bbd2-f1f242dff33d: shutdown 850b4870-9ae5-4bfa-bbd2-f1f242dff33d@group-CDFD84D3B5C4-FollowerState
2021-10-28 01:49:40,706 [850b4870-9ae5-4bfa-bbd2-f1f242dff33d@group-CDFD84D3B5C4-FollowerState] INFO  server.RaftServer$Division (RaftServerImpl.java:setRole(290)) - 850b4870-9ae5-4bfa-bbd2-f1f242dff33d@group-CDFD84D3B5C4: changes role from  FOLLOWER to CANDIDATE at term 2 for changeToCandidate
2021-10-28 01:49:40,706 [850b4870-9ae5-4bfa-bbd2-f1f242dff33d@group-CDFD84D3B5C4-FollowerState] INFO  server.RaftServerConfigKeys (ConfUtils.java:logGet(44)) - raft.server.leaderelection.pre-vote = false (custom)
2021-10-28 01:49:40,706 [850b4870-9ae5-4bfa-bbd2-f1f242dff33d@group-CDFD84D3B5C4-FollowerState] INFO  impl.RoleInfo (RoleInfo.java:updateAndGet(130)) - 850b4870-9ae5-4bfa-bbd2-f1f242dff33d: start 850b4870-9ae5-4bfa-bbd2-f1f242dff33d@group-CDFD84D3B5C4-LeaderElection71
2021-10-28 01:49:40,739 [43ee2308-4bff-4c12-a476-7906f102dfb0@group-CDFD84D3B5C4-LeaderElection70] INFO  impl.LeaderElection (LeaderElection.java:askForVotes(306)) - 43ee2308-4bff-4c12-a476-7906f102dfb0@group-CDFD84D3B5C4-LeaderElection70 ELECTION round 0: submit vote requests at term 3 for -1: [850b4870-9ae5-4bfa-bbd2-f1f242dff33d|rpc:10.1.0.29:35637|dataStream:|priority:0, 31d6ae09-1bf4-4ff4-9532-94f29ed1392e|rpc:10.1.0.29:44047|dataStream:|priority:1, 43ee2308-4bff-4c12-a476-7906f102dfb0|rpc:10.1.0.29:33053|dataStream:|priority:0], old=null
2021-10-28 01:49:40,741 [850b4870-9ae5-4bfa-bbd2-f1f242dff33d@group-CDFD84D3B5C4-LeaderElection71] INFO  impl.LeaderElection (LeaderElection.java:askForVotes(306)) - 850b4870-9ae5-4bfa-bbd2-f1f242dff33d@group-CDFD84D3B5C4-LeaderElection71 ELECTION round 0: submit vote requests at term 3 for -1: [850b4870-9ae5-4bfa-bbd2-f1f242dff33d|rpc:10.1.0.29:35637|priority:0, 31d6ae09-1bf4-4ff4-9532-94f29ed1392e|rpc:10.1.0.29:44047|priority:1, 43ee2308-4bff-4c12-a476-7906f102dfb0|rpc:10.1.0.29:33053|priority:0], old=null
2021-10-28 01:49:40,762 [grpc-default-executor-2] INFO  server.RaftServer$Division (RaftServerImpl.java:requestVote(1046)) - 31d6ae09-1bf4-4ff4-9532-94f29ed1392e@group-CDFD84D3B5C4: receive requestVote(ELECTION, 850b4870-9ae5-4bfa-bbd2-f1f242dff33d, group-CDFD84D3B5C4, 3, (t:0, i:0))
2021-10-28 01:49:40,762 [grpc-default-executor-2] INFO  impl.VoteContext (VoteContext.java:log(48)) - 31d6ae09-1bf4-4ff4-9532-94f29ed1392e@group-CDFD84D3B5C4-FOLLOWER: reject ELECTION from 850b4870-9ae5-4bfa-bbd2-f1f242dff33d: our priority 1 > candidate's priority 0
2021-10-28 01:49:40,763 [grpc-default-executor-2] INFO  server.RaftServer$Division (RaftServerImpl.java:setRole(290)) - 31d6ae09-1bf4-4ff4-9532-94f29ed1392e@group-CDFD84D3B5C4: changes role from  FOLLOWER to FOLLOWER at term 3 for candidate:850b4870-9ae5-4bfa-bbd2-f1f242dff33d
2021-10-28 01:49:40,763 [grpc-default-executor-2] INFO  impl.RoleInfo (RoleInfo.java:shutdownFollowerState(108)) - 31d6ae09-1bf4-4ff4-9532-94f29ed1392e: shutdown 31d6ae09-1bf4-4ff4-9532-94f29ed1392e@group-CDFD84D3B5C4-FollowerState
2021-10-28 01:49:40,764 [grpc-default-executor-3] INFO  server.RaftServer$Division (RaftServerImpl.java:requestVote(1046)) - 850b4870-9ae5-4bfa-bbd2-f1f242dff33d@group-CDFD84D3B5C4: receive requestVote(ELECTION, 43ee2308-4bff-4c12-a476-7906f102dfb0, group-CDFD84D3B5C4, 3, (t:0, i:0))
2021-10-28 01:49:40,764 [grpc-default-executor-3] INFO  impl.VoteContext (VoteContext.java:log(48)) - 850b4870-9ae5-4bfa-bbd2-f1f242dff33d@group-CDFD84D3B5C4-CANDIDATE: reject ELECTION from 43ee2308-4bff-4c12-a476-7906f102dfb0: already has voted for 850b4870-9ae5-4bfa-bbd2-f1f242dff33d at current term 3
2021-10-28 01:49:40,764 [grpc-default-executor-3] INFO  server.RaftServer$Division (RaftServerImpl.java:requestVote(1078)) - 850b4870-9ae5-4bfa-bbd2-f1f242dff33d@group-CDFD84D3B5C4 replies to ELECTION vote request: 43ee2308-4bff-4c12-a476-7906f102dfb0<-850b4870-9ae5-4bfa-bbd2-f1f242dff33d#0:FAIL-t3. Peer's state: 850b4870-9ae5-4bfa-bbd2-f1f242dff33d@group-CDFD84D3B5C4:t3, leader=null, voted=850b4870-9ae5-4bfa-bbd2-f1f242dff33d, raftlog=850b4870-9ae5-4bfa-bbd2-f1f242dff33d@group-CDFD84D3B5C4-SegmentedRaftLog:OPENED:c-1, conf=-1: [850b4870-9ae5-4bfa-bbd2-f1f242dff33d|rpc:10.1.0.29:35637|priority:0, 31d6ae09-1bf4-4ff4-9532-94f29ed1392e|rpc:10.1.0.29:44047|priority:1, 43ee2308-4bff-4c12-a476-7906f102dfb0|rpc:10.1.0.29:33053|priority:0], old=null
2021-10-28 01:49:40,765 [grpc-default-executor-3] INFO  server.RaftServer$Division (RaftServerImpl.java:requestVote(1046)) - 43ee2308-4bff-4c12-a476-7906f102dfb0@group-CDFD84D3B5C4: receive requestVote(ELECTION, 850b4870-9ae5-4bfa-bbd2-f1f242dff33d, group-CDFD84D3B5C4, 3, (t:0, i:0))
2021-10-28 01:49:40,766 [grpc-default-executor-3] INFO  impl.VoteContext (VoteContext.java:log(48)) - 43ee2308-4bff-4c12-a476-7906f102dfb0@group-CDFD84D3B5C4-CANDIDATE: reject ELECTION from 850b4870-9ae5-4bfa-bbd2-f1f242dff33d: already has voted for 43ee2308-4bff-4c12-a476-7906f102dfb0 at current term 3
2021-10-28 01:49:40,766 [grpc-default-executor-3] INFO  server.RaftServer$Division (RaftServerImpl.java:requestVote(1078)) - 43ee2308-4bff-4c12-a476-7906f102dfb0@group-CDFD84D3B5C4 replies to ELECTION vote request: 850b4870-9ae5-4bfa-bbd2-f1f242dff33d<-43ee2308-4bff-4c12-a476-7906f102dfb0#0:FAIL-t3. Peer's state: 43ee2308-4bff-4c12-a476-7906f102dfb0@group-CDFD84D3B5C4:t3, leader=null, voted=43ee2308-4bff-4c12-a476-7906f102dfb0, raftlog=43ee2308-4bff-4c12-a476-7906f102dfb0@group-CDFD84D3B5C4-SegmentedRaftLog:OPENED:c-1, conf=-1: [850b4870-9ae5-4bfa-bbd2-f1f242dff33d|rpc:10.1.0.29:35637|dataStream:|priority:0, 31d6ae09-1bf4-4ff4-9532-94f29ed1392e|rpc:10.1.0.29:44047|dataStream:|priority:1, 43ee2308-4bff-4c12-a476-7906f102dfb0|rpc:10.1.0.29:33053|dataStream:|priority:0], old=null
2021-10-28 01:49:40,771 [grpc-default-executor-2] INFO  impl.RoleInfo (RoleInfo.java:updateAndGet(130)) - 31d6ae09-1bf4-4ff4-9532-94f29ed1392e: start 31d6ae09-1bf4-4ff4-9532-94f29ed1392e@group-CDFD84D3B5C4-FollowerState
2021-10-28 01:49:40,771 [31d6ae09-1bf4-4ff4-9532-94f29ed1392e@group-CDFD84D3B5C4-FollowerState] INFO  impl.FollowerState (FollowerState.java:run(143)) - 31d6ae09-1bf4-4ff4-9532-94f29ed1392e@group-CDFD84D3B5C4-FollowerState was interrupted: {}
java.lang.InterruptedException: sleep interrupted
	at java.lang.Thread.sleep(Native Method)
	at java.lang.Thread.sleep(Thread.java:340)
	at java.util.concurrent.TimeUnit.sleep(TimeUnit.java:386)
	at org.apache.ratis.util.TimeDuration.sleep(TimeDuration.java:324)
	at org.apache.ratis.util.TimeDuration.sleep(TimeDuration.java:309)
	at org.apache.ratis.server.impl.FollowerState.run(FollowerState.java:118)
2021-10-28 01:49:40,812 [grpc-default-executor-2] INFO  server.RaftServer$Division (RaftServerImpl.java:requestVote(1078)) - 31d6ae09-1bf4-4ff4-9532-94f29ed1392e@group-CDFD84D3B5C4 replies to ELECTION vote request: 850b4870-9ae5-4bfa-bbd2-f1f242dff33d<-31d6ae09-1bf4-4ff4-9532-94f29ed1392e#0:FAIL-t3. Peer's state: 31d6ae09-1bf4-4ff4-9532-94f29ed1392e@group-CDFD84D3B5C4:t3, leader=null, voted=null, raftlog=31d6ae09-1bf4-4ff4-9532-94f29ed1392e@group-CDFD84D3B5C4-SegmentedRaftLog:OPENED:c-1, conf=-1: [850b4870-9ae5-4bfa-bbd2-f1f242dff33d|rpc:10.1.0.29:35637|dataStream:|priority:0, 31d6ae09-1bf4-4ff4-9532-94f29ed1392e|rpc:10.1.0.29:44047|dataStream:|priority:1, 43ee2308-4bff-4c12-a476-7906f102dfb0|rpc:10.1.0.29:33053|dataStream:|priority:0], old=null
2021-10-28 01:49:40,850 [850b4870-9ae5-4bfa-bbd2-f1f242dff33d@group-CDFD84D3B5C4-LeaderElection71] INFO  impl.LeaderElection (LeaderElection.java:logAndReturn(89)) - 850b4870-9ae5-4bfa-bbd2-f1f242dff33d@group-CDFD84D3B5C4-LeaderElection71: ELECTION REJECTED received 2 response(s) and 0 exception(s):
2021-10-28 01:49:40,850 [850b4870-9ae5-4bfa-bbd2-f1f242dff33d@group-CDFD84D3B5C4-LeaderElection71] INFO  impl.LeaderElection (LeaderElection.java:logAndReturn(93)) -   Response 0: 850b4870-9ae5-4bfa-bbd2-f1f242dff33d<-31d6ae09-1bf4-4ff4-9532-94f29ed1392e#0:FAIL-t3
2021-10-28 01:49:40,850 [850b4870-9ae5-4bfa-bbd2-f1f242dff33d@group-CDFD84D3B5C4-LeaderElection71] INFO  impl.LeaderElection (LeaderElection.java:logAndReturn(93)) -   Response 1: 850b4870-9ae5-4bfa-bbd2-f1f242dff33d<-43ee2308-4bff-4c12-a476-7906f102dfb0#0:FAIL-t3
2021-10-28 01:49:40,850 [850b4870-9ae5-4bfa-bbd2-f1f242dff33d@group-CDFD84D3B5C4-LeaderElection71] INFO  impl.LeaderElection (LeaderElection.java:askForVotes(308)) - 850b4870-9ae5-4bfa-bbd2-f1f242dff33d@group-CDFD84D3B5C4-LeaderElection71 ELECTION round 0: result REJECTED
2021-10-28 01:49:40,851 [850b4870-9ae5-4bfa-bbd2-f1f242dff33d@group-CDFD84D3B5C4-LeaderElection71] INFO  server.RaftServer$Division (RaftServerImpl.java:setRole(290)) - 850b4870-9ae5-4bfa-bbd2-f1f242dff33d@group-CDFD84D3B5C4: changes role from CANDIDATE to FOLLOWER at term 3 for REJECTED
2021-10-28 01:49:40,851 [850b4870-9ae5-4bfa-bbd2-f1f242dff33d@group-CDFD84D3B5C4-LeaderElection71] INFO  impl.RoleInfo (RoleInfo.java:shutdownLeaderElection(121)) - 850b4870-9ae5-4bfa-bbd2-f1f242dff33d: shutdown 850b4870-9ae5-4bfa-bbd2-f1f242dff33d@group-CDFD84D3B5C4-LeaderElection71
2021-10-28 01:49:40,851 [850b4870-9ae5-4bfa-bbd2-f1f242dff33d@group-CDFD84D3B5C4-LeaderElection71] INFO  impl.RoleInfo (RoleInfo.java:updateAndGet(130)) - 850b4870-9ae5-4bfa-bbd2-f1f242dff33d: start 850b4870-9ae5-4bfa-bbd2-f1f242dff33d@group-CDFD84D3B5C4-FollowerState
2021-10-28 01:49:40,852 [grpc-default-executor-2] INFO  server.RaftServer$Division (RaftServerImpl.java:requestVote(1046)) - 31d6ae09-1bf4-4ff4-9532-94f29ed1392e@group-CDFD84D3B5C4: receive requestVote(ELECTION, 43ee2308-4bff-4c12-a476-7906f102dfb0, group-CDFD84D3B5C4, 3, (t:0, i:0))
2021-10-28 01:49:40,852 [grpc-default-executor-2] INFO  impl.VoteContext (VoteContext.java:log(48)) - 31d6ae09-1bf4-4ff4-9532-94f29ed1392e@group-CDFD84D3B5C4-FOLLOWER: reject ELECTION from 43ee2308-4bff-4c12-a476-7906f102dfb0: our priority 1 > candidate's priority 0
2021-10-28 01:49:40,852 [grpc-default-executor-2] INFO  server.RaftServer$Division (RaftServerImpl.java:setRole(290)) - 31d6ae09-1bf4-4ff4-9532-94f29ed1392e@group-CDFD84D3B5C4: changes role from  FOLLOWER to FOLLOWER at term 3 for candidate:43ee2308-4bff-4c12-a476-7906f102dfb0
2021-10-28 01:49:40,852 [grpc-default-executor-2] INFO  impl.RoleInfo (RoleInfo.java:shutdownFollowerState(108)) - 31d6ae09-1bf4-4ff4-9532-94f29ed1392e: shutdown 31d6ae09-1bf4-4ff4-9532-94f29ed1392e@group-CDFD84D3B5C4-FollowerState
2021-10-28 01:49:40,856 [grpc-default-executor-2] INFO  impl.RoleInfo (RoleInfo.java:updateAndGet(130)) - 31d6ae09-1bf4-4ff4-9532-94f29ed1392e: start 31d6ae09-1bf4-4ff4-9532-94f29ed1392e@group-CDFD84D3B5C4-FollowerState
2021-10-28 01:49:40,856 [grpc-default-executor-2] INFO  server.RaftServer$Division (RaftServerImpl.java:requestVote(1078)) - 31d6ae09-1bf4-4ff4-9532-94f29ed1392e@group-CDFD84D3B5C4 replies to ELECTION vote request: 43ee2308-4bff-4c12-a476-7906f102dfb0<-31d6ae09-1bf4-4ff4-9532-94f29ed1392e#0:FAIL-t3. Peer's state: 31d6ae09-1bf4-4ff4-9532-94f29ed1392e@group-CDFD84D3B5C4:t3, leader=null, voted=null, raftlog=31d6ae09-1bf4-4ff4-9532-94f29ed1392e@group-CDFD84D3B5C4-SegmentedRaftLog:OPENED:c-1, conf=-1: [850b4870-9ae5-4bfa-bbd2-f1f242dff33d|rpc:10.1.0.29:35637|dataStream:|priority:0, 31d6ae09-1bf4-4ff4-9532-94f29ed1392e|rpc:10.1.0.29:44047|dataStream:|priority:1, 43ee2308-4bff-4c12-a476-7906f102dfb0|rpc:10.1.0.29:33053|dataStream:|priority:0], old=null
2021-10-28 01:49:40,864 [43ee2308-4bff-4c12-a476-7906f102dfb0@group-CDFD84D3B5C4-LeaderElection70] INFO  impl.LeaderElection (LeaderElection.java:logAndReturn(89)) - 43ee2308-4bff-4c12-a476-7906f102dfb0@group-CDFD84D3B5C4-LeaderElection70: ELECTION REJECTED received 2 response(s) and 0 exception(s):
2021-10-28 01:49:40,864 [43ee2308-4bff-4c12-a476-7906f102dfb0@group-CDFD84D3B5C4-LeaderElection70] INFO  impl.LeaderElection (LeaderElection.java:logAndReturn(93)) -   Response 0: 43ee2308-4bff-4c12-a476-7906f102dfb0<-850b4870-9ae5-4bfa-bbd2-f1f242dff33d#0:FAIL-t3
2021-10-28 01:49:40,864 [43ee2308-4bff-4c12-a476-7906f102dfb0@group-CDFD84D3B5C4-LeaderElection70] INFO  impl.LeaderElection (LeaderElection.java:logAndReturn(93)) -   Response 1: 43ee2308-4bff-4c12-a476-7906f102dfb0<-31d6ae09-1bf4-4ff4-9532-94f29ed1392e#0:FAIL-t3
2021-10-28 01:49:40,864 [43ee2308-4bff-4c12-a476-7906f102dfb0@group-CDFD84D3B5C4-LeaderElection70] INFO  impl.LeaderElection (LeaderElection.java:askForVotes(308)) - 43ee2308-4bff-4c12-a476-7906f102dfb0@group-CDFD84D3B5C4-LeaderElection70 ELECTION round 0: result REJECTED
2021-10-28 01:49:40,864 [43ee2308-4bff-4c12-a476-7906f102dfb0@group-CDFD84D3B5C4-LeaderElection70] INFO  server.RaftServer$Division (RaftServerImpl.java:setRole(290)) - 43ee2308-4bff-4c12-a476-7906f102dfb0@group-CDFD84D3B5C4: changes role from CANDIDATE to FOLLOWER at term 3 for REJECTED
2021-10-28 01:49:40,864 [43ee2308-4bff-4c12-a476-7906f102dfb0@group-CDFD84D3B5C4-LeaderElection70] INFO  impl.RoleInfo (RoleInfo.java:shutdownLeaderElection(121)) - 43ee2308-4bff-4c12-a476-7906f102dfb0: shutdown 43ee2308-4bff-4c12-a476-7906f102dfb0@group-CDFD84D3B5C4-LeaderElection70
2021-10-28 01:49:40,865 [43ee2308-4bff-4c12-a476-7906f102dfb0@group-CDFD84D3B5C4-LeaderElection70] INFO  impl.RoleInfo (RoleInfo.java:updateAndGet(130)) - 43ee2308-4bff-4c12-a476-7906f102dfb0: start 43ee2308-4bff-4c12-a476-7906f102dfb0@group-CDFD84D3B5C4-FollowerState
2021-10-28 01:49:43,856 [167d9434-a89e-4891-b1b1-bac4f9f29552@group-7330C24FE1E2-FollowerState] INFO  impl.FollowerState (FollowerState.java:run(134)) - 167d9434-a89e-4891-b1b1-bac4f9f29552@group-7330C24FE1E2-FollowerState: change to CANDIDATE, lastRpcElapsedTime:5119630585ns, electionTimeout:5076ms
2021-10-28 01:49:43,856 [167d9434-a89e-4891-b1b1-bac4f9f29552@group-7330C24FE1E2-FollowerState] INFO  impl.RoleInfo (RoleInfo.java:shutdownFollowerState(108)) - 167d9434-a89e-4891-b1b1-bac4f9f29552: shutdown 167d9434-a89e-4891-b1b1-bac4f9f29552@group-7330C24FE1E2-FollowerState
2021-10-28 01:49:43,856 [167d9434-a89e-4891-b1b1-bac4f9f29552@group-7330C24FE1E2-FollowerState] INFO  server.RaftServer$Division (RaftServerImpl.java:setRole(290)) - 167d9434-a89e-4891-b1b1-bac4f9f29552@group-7330C24FE1E2: changes role from  FOLLOWER to CANDIDATE at term 3 for changeToCandidate
2021-10-28 01:49:43,857 [167d9434-a89e-4891-b1b1-bac4f9f29552@group-7330C24FE1E2-FollowerState] INFO  server.RaftServerConfigKeys (ConfUtils.java:logGet(44)) - raft.server.leaderelection.pre-vote = false (custom)
2021-10-28 01:49:43,857 [167d9434-a89e-4891-b1b1-bac4f9f29552@group-7330C24FE1E2-FollowerState] INFO  impl.RoleInfo (RoleInfo.java:updateAndGet(130)) - 167d9434-a89e-4891-b1b1-bac4f9f29552: start 167d9434-a89e-4891-b1b1-bac4f9f29552@group-7330C24FE1E2-LeaderElection72
2021-10-28 01:49:43,899 [167d9434-a89e-4891-b1b1-bac4f9f29552@group-7330C24FE1E2-LeaderElection72] INFO  impl.LeaderElection (LeaderElection.java:askForVotes(306)) - 167d9434-a89e-4891-b1b1-bac4f9f29552@group-7330C24FE1E2-LeaderElection72 ELECTION round 0: submit vote requests at term 4 for -1: [3bba12ea-eb97-4cb8-a72d-96cb4f92f88e|rpc:10.1.0.29:33133|dataStream:|priority:0, 253ef487-fc9a-46cf-a18f-fb890cfa9c45|rpc:10.1.0.29:46847|dataStream:|priority:0, 167d9434-a89e-4891-b1b1-bac4f9f29552|rpc:10.1.0.29:32839|dataStream:|priority:1], old=null
2021-10-28 01:49:43,941 [grpc-default-executor-2] INFO  server.RaftServer$Division (RaftServerImpl.java:requestVote(1046)) - 3bba12ea-eb97-4cb8-a72d-96cb4f92f88e@group-7330C24FE1E2: receive requestVote(ELECTION, 167d9434-a89e-4891-b1b1-bac4f9f29552, group-7330C24FE1E2, 4, (t:0, i:0))
2021-10-28 01:49:43,941 [grpc-default-executor-2] INFO  impl.VoteContext (VoteContext.java:log(48)) - 3bba12ea-eb97-4cb8-a72d-96cb4f92f88e@group-7330C24FE1E2-FOLLOWER: accept ELECTION from 167d9434-a89e-4891-b1b1-bac4f9f29552: our priority 0 <= candidate's priority 1
2021-10-28 01:49:43,941 [grpc-default-executor-2] INFO  server.RaftServer$Division (RaftServerImpl.java:setRole(290)) - 3bba12ea-eb97-4cb8-a72d-96cb4f92f88e@group-7330C24FE1E2: changes role from  FOLLOWER to FOLLOWER at term 4 for candidate:167d9434-a89e-4891-b1b1-bac4f9f29552
2021-10-28 01:49:43,941 [grpc-default-executor-2] INFO  impl.RoleInfo (RoleInfo.java:shutdownFollowerState(108)) - 3bba12ea-eb97-4cb8-a72d-96cb4f92f88e: shutdown 3bba12ea-eb97-4cb8-a72d-96cb4f92f88e@group-7330C24FE1E2-FollowerState
2021-10-28 01:49:43,941 [grpc-default-executor-2] INFO  impl.RoleInfo (RoleInfo.java:updateAndGet(130)) - 3bba12ea-eb97-4cb8-a72d-96cb4f92f88e: start 3bba12ea-eb97-4cb8-a72d-96cb4f92f88e@group-7330C24FE1E2-FollowerState
2021-10-28 01:49:43,941 [3bba12ea-eb97-4cb8-a72d-96cb4f92f88e@group-7330C24FE1E2-FollowerState] INFO  impl.FollowerState (FollowerState.java:run(143)) - 3bba12ea-eb97-4cb8-a72d-96cb4f92f88e@group-7330C24FE1E2-FollowerState was interrupted: {}
java.lang.InterruptedException: sleep interrupted
	at java.lang.Thread.sleep(Native Method)
	at java.lang.Thread.sleep(Thread.java:340)
	at java.util.concurrent.TimeUnit.sleep(TimeUnit.java:386)
	at org.apache.ratis.util.TimeDuration.sleep(TimeDuration.java:324)
	at org.apache.ratis.util.TimeDuration.sleep(TimeDuration.java:309)
	at org.apache.ratis.server.impl.FollowerState.run(FollowerState.java:118)
2021-10-28 01:49:43,946 [grpc-default-executor-3] INFO  server.RaftServer$Division (RaftServerImpl.java:requestVote(1046)) - 253ef487-fc9a-46cf-a18f-fb890cfa9c45@group-7330C24FE1E2: receive requestVote(ELECTION, 167d9434-a89e-4891-b1b1-bac4f9f29552, group-7330C24FE1E2, 4, (t:0, i:0))
2021-10-28 01:49:43,946 [grpc-default-executor-3] INFO  impl.VoteContext (VoteContext.java:log(48)) - 253ef487-fc9a-46cf-a18f-fb890cfa9c45@group-7330C24FE1E2-FOLLOWER: accept ELECTION from 167d9434-a89e-4891-b1b1-bac4f9f29552: our priority 0 <= candidate's priority 1
2021-10-28 01:49:43,946 [grpc-default-executor-3] INFO  server.RaftServer$Division (RaftServerImpl.java:setRole(290)) - 253ef487-fc9a-46cf-a18f-fb890cfa9c45@group-7330C24FE1E2: changes role from  FOLLOWER to FOLLOWER at term 4 for candidate:167d9434-a89e-4891-b1b1-bac4f9f29552
2021-10-28 01:49:43,946 [grpc-default-executor-3] INFO  impl.RoleInfo (RoleInfo.java:shutdownFollowerState(108)) - 253ef487-fc9a-46cf-a18f-fb890cfa9c45: shutdown 253ef487-fc9a-46cf-a18f-fb890cfa9c45@group-7330C24FE1E2-FollowerState
2021-10-28 01:49:43,956 [grpc-default-executor-3] INFO  impl.RoleInfo (RoleInfo.java:updateAndGet(130)) - 253ef487-fc9a-46cf-a18f-fb890cfa9c45: start 253ef487-fc9a-46cf-a18f-fb890cfa9c45@group-7330C24FE1E2-FollowerState
2021-10-28 01:49:43,956 [253ef487-fc9a-46cf-a18f-fb890cfa9c45@group-7330C24FE1E2-FollowerState] INFO  impl.FollowerState (FollowerState.java:run(143)) - 253ef487-fc9a-46cf-a18f-fb890cfa9c45@group-7330C24FE1E2-FollowerState was interrupted: {}
java.lang.InterruptedException: sleep interrupted
	at java.lang.Thread.sleep(Native Method)
	at java.lang.Thread.sleep(Thread.java:340)
	at java.util.concurrent.TimeUnit.sleep(TimeUnit.java:386)
	at org.apache.ratis.util.TimeDuration.sleep(TimeDuration.java:324)
	at org.apache.ratis.util.TimeDuration.sleep(TimeDuration.java:309)
	at org.apache.ratis.server.impl.FollowerState.run(FollowerState.java:118)
2021-10-28 01:49:43,958 [grpc-default-executor-2] INFO  server.RaftServer$Division (RaftServerImpl.java:requestVote(1078)) - 3bba12ea-eb97-4cb8-a72d-96cb4f92f88e@group-7330C24FE1E2 replies to ELECTION vote request: 167d9434-a89e-4891-b1b1-bac4f9f29552<-3bba12ea-eb97-4cb8-a72d-96cb4f92f88e#0:OK-t4. Peer's state: 3bba12ea-eb97-4cb8-a72d-96cb4f92f88e@group-7330C24FE1E2:t4, leader=null, voted=167d9434-a89e-4891-b1b1-bac4f9f29552, raftlog=3bba12ea-eb97-4cb8-a72d-96cb4f92f88e@group-7330C24FE1E2-SegmentedRaftLog:OPENED:c-1, conf=-1: [3bba12ea-eb97-4cb8-a72d-96cb4f92f88e|rpc:10.1.0.29:33133|dataStream:|priority:0, 253ef487-fc9a-46cf-a18f-fb890cfa9c45|rpc:10.1.0.29:46847|dataStream:|priority:0, 167d9434-a89e-4891-b1b1-bac4f9f29552|rpc:10.1.0.29:32839|dataStream:|priority:1], old=null
2021-10-28 01:49:43,993 [167d9434-a89e-4891-b1b1-bac4f9f29552@group-7330C24FE1E2-LeaderElection72] INFO  impl.LeaderElection (LeaderElection.java:logAndReturn(89)) - 167d9434-a89e-4891-b1b1-bac4f9f29552@group-7330C24FE1E2-LeaderElection72: ELECTION PASSED received 1 response(s) and 0 exception(s):
2021-10-28 01:49:43,993 [167d9434-a89e-4891-b1b1-bac4f9f29552@group-7330C24FE1E2-LeaderElection72] INFO  impl.LeaderElection (LeaderElection.java:logAndReturn(93)) -   Response 0: 167d9434-a89e-4891-b1b1-bac4f9f29552<-3bba12ea-eb97-4cb8-a72d-96cb4f92f88e#0:OK-t4
2021-10-28 01:49:43,993 [167d9434-a89e-4891-b1b1-bac4f9f29552@group-7330C24FE1E2-LeaderElection72] INFO  impl.LeaderElection (LeaderElection.java:askForVotes(308)) - 167d9434-a89e-4891-b1b1-bac4f9f29552@group-7330C24FE1E2-LeaderElection72 ELECTION round 0: result PASSED
2021-10-28 01:49:43,993 [167d9434-a89e-4891-b1b1-bac4f9f29552@group-7330C24FE1E2-LeaderElection72] INFO  impl.RoleInfo (RoleInfo.java:shutdownLeaderElection(121)) - 167d9434-a89e-4891-b1b1-bac4f9f29552: shutdown 167d9434-a89e-4891-b1b1-bac4f9f29552@group-7330C24FE1E2-LeaderElection72
2021-10-28 01:49:43,993 [167d9434-a89e-4891-b1b1-bac4f9f29552@group-7330C24FE1E2-LeaderElection72] INFO  server.RaftServer$Division (RaftServerImpl.java:setRole(290)) - 167d9434-a89e-4891-b1b1-bac4f9f29552@group-7330C24FE1E2: changes role from CANDIDATE to LEADER at term 4 for changeToLeader
2021-10-28 01:49:43,993 [167d9434-a89e-4891-b1b1-bac4f9f29552@group-7330C24FE1E2-LeaderElection72] INFO  ratis.XceiverServerRatis (XceiverServerRatis.java:handleLeaderChangedNotification(866)) - Leader change notification received for group: group-7330C24FE1E2 with new leaderId: 167d9434-a89e-4891-b1b1-bac4f9f29552
2021-10-28 01:49:43,993 [167d9434-a89e-4891-b1b1-bac4f9f29552@group-7330C24FE1E2-LeaderElection72] INFO  server.RaftServer$Division (ServerState.java:setLeader(285)) - 167d9434-a89e-4891-b1b1-bac4f9f29552@group-7330C24FE1E2: change Leader from null to 167d9434-a89e-4891-b1b1-bac4f9f29552 at term 4 for becomeLeader, leader elected after 20357ms
2021-10-28 01:49:43,993 [167d9434-a89e-4891-b1b1-bac4f9f29552@group-7330C24FE1E2-LeaderElection72] INFO  server.RaftServerConfigKeys (ConfUtils.java:logGet(44)) - raft.server.staging.catchup.gap = 1000 (default)
2021-10-28 01:49:43,994 [167d9434-a89e-4891-b1b1-bac4f9f29552@group-7330C24FE1E2-LeaderElection72] INFO  server.RaftServerConfigKeys (ConfUtils.java:logGet(44)) - raft.server.write.element-limit = 1024 (custom)
2021-10-28 01:49:43,994 [167d9434-a89e-4891-b1b1-bac4f9f29552@group-7330C24FE1E2-LeaderElection72] INFO  server.RaftServerConfigKeys (ConfUtils.java:logGet(44)) - raft.server.write.byte-limit = 1024 M (=1073741824) (custom)
2021-10-28 01:49:43,994 [167d9434-a89e-4891-b1b1-bac4f9f29552@group-7330C24FE1E2-LeaderElection72] INFO  server.RaftServerConfigKeys (ConfUtils.java:logGet(44)) - raft.server.watch.timeout = 3000ms (custom)
2021-10-28 01:49:43,995 [167d9434-a89e-4891-b1b1-bac4f9f29552@group-7330C24FE1E2-LeaderElection72] INFO  server.RaftServerConfigKeys (ConfUtils.java:logGet(44)) - raft.server.watch.timeout.denomination = 1s (default)
2021-10-28 01:49:43,995 [167d9434-a89e-4891-b1b1-bac4f9f29552@group-7330C24FE1E2-LeaderElection72] INFO  server.RaftServerConfigKeys (ConfUtils.java:logGet(44)) - raft.server.watch.element-limit = 65536 (default)
2021-10-28 01:49:43,995 [167d9434-a89e-4891-b1b1-bac4f9f29552@group-7330C24FE1E2-LeaderElection72] INFO  server.RaftServerConfigKeys (ConfUtils.java:logGet(44)) - raft.server.write.element-limit = 1024 (custom)
2021-10-28 01:49:43,995 [167d9434-a89e-4891-b1b1-bac4f9f29552@group-7330C24FE1E2-LeaderElection72] INFO  server.RaftServerConfigKeys (ConfUtils.java:logGet(44)) - raft.server.write.follower.gap.ratio.max = -1.0 (default)
2021-10-28 01:49:43,995 [167d9434-a89e-4891-b1b1-bac4f9f29552@group-7330C24FE1E2-LeaderElection72] INFO  server.RaftServerConfigKeys (ConfUtils.java:logGet(44)) - raft.server.log.appender.snapshot.chunk.size.max = 16MB (=16777216) (default)
2021-10-28 01:49:43,995 [167d9434-a89e-4891-b1b1-bac4f9f29552@group-7330C24FE1E2-LeaderElection72] INFO  server.RaftServerConfigKeys (ConfUtils.java:logGet(44)) - raft.server.log.appender.buffer.byte-limit = 33554432 (custom)
2021-10-28 01:49:43,995 [167d9434-a89e-4891-b1b1-bac4f9f29552@group-7330C24FE1E2-LeaderElection72] INFO  server.RaftServerConfigKeys (ConfUtils.java:logGet(44)) - raft.server.log.appender.buffer.element-limit = 1 (custom)
2021-10-28 01:49:43,995 [167d9434-a89e-4891-b1b1-bac4f9f29552@group-7330C24FE1E2-LeaderElection72] INFO  grpc.GrpcConfigKeys (ConfUtils.java:logGet(44)) - raft.grpc.server.leader.outstanding.appends.max = 128 (default)
2021-10-28 01:49:43,995 [167d9434-a89e-4891-b1b1-bac4f9f29552@group-7330C24FE1E2-LeaderElection72] INFO  server.RaftServerConfigKeys (ConfUtils.java:logGet(44)) - raft.server.rpc.request.timeout = 3000ms (default)
2021-10-28 01:49:43,995 [167d9434-a89e-4891-b1b1-bac4f9f29552@group-7330C24FE1E2-LeaderElection72] INFO  server.RaftServerConfigKeys (ConfUtils.java:logGet(44)) - raft.server.log.appender.install.snapshot.enabled = false (custom)
2021-10-28 01:49:43,996 [167d9434-a89e-4891-b1b1-bac4f9f29552@group-7330C24FE1E2-LeaderElection72] INFO  server.RaftServerConfigKeys (ConfUtils.java:logGet(44)) - raft.server.log.appender.snapshot.chunk.size.max = 16MB (=16777216) (default)
2021-10-28 01:49:43,996 [167d9434-a89e-4891-b1b1-bac4f9f29552@group-7330C24FE1E2-LeaderElection72] INFO  server.RaftServerConfigKeys (ConfUtils.java:logGet(44)) - raft.server.log.appender.buffer.byte-limit = 33554432 (custom)
2021-10-28 01:49:43,997 [grpc-default-executor-3] INFO  server.RaftServer$Division (RaftServerImpl.java:requestVote(1078)) - 253ef487-fc9a-46cf-a18f-fb890cfa9c45@group-7330C24FE1E2 replies to ELECTION vote request: 167d9434-a89e-4891-b1b1-bac4f9f29552<-253ef487-fc9a-46cf-a18f-fb890cfa9c45#0:OK-t4. Peer's state: 253ef487-fc9a-46cf-a18f-fb890cfa9c45@group-7330C24FE1E2:t4, leader=null, voted=167d9434-a89e-4891-b1b1-bac4f9f29552, raftlog=253ef487-fc9a-46cf-a18f-fb890cfa9c45@group-7330C24FE1E2-SegmentedRaftLog:OPENED:c-1, conf=-1: [3bba12ea-eb97-4cb8-a72d-96cb4f92f88e|rpc:10.1.0.29:33133|priority:0, 253ef487-fc9a-46cf-a18f-fb890cfa9c45|rpc:10.1.0.29:46847|priority:0, 167d9434-a89e-4891-b1b1-bac4f9f29552|rpc:10.1.0.29:32839|priority:1], old=null
2021-10-28 01:49:43,998 [167d9434-a89e-4891-b1b1-bac4f9f29552@group-7330C24FE1E2-LeaderElection72] INFO  server.RaftServerConfigKeys (ConfUtils.java:logGet(44)) - raft.server.log.appender.buffer.element-limit = 1 (custom)
2021-10-28 01:49:43,998 [167d9434-a89e-4891-b1b1-bac4f9f29552@group-7330C24FE1E2-LeaderElection72] INFO  grpc.GrpcConfigKeys (ConfUtils.java:logGet(44)) - raft.grpc.server.leader.outstanding.appends.max = 128 (default)
2021-10-28 01:49:43,998 [167d9434-a89e-4891-b1b1-bac4f9f29552@group-7330C24FE1E2-LeaderElection72] INFO  server.RaftServerConfigKeys (ConfUtils.java:logGet(44)) - raft.server.rpc.request.timeout = 3000ms (default)
2021-10-28 01:49:43,998 [167d9434-a89e-4891-b1b1-bac4f9f29552@group-7330C24FE1E2-LeaderElection72] INFO  server.RaftServerConfigKeys (ConfUtils.java:logGet(44)) - raft.server.log.appender.install.snapshot.enabled = false (custom)
2021-10-28 01:49:44,000 [167d9434-a89e-4891-b1b1-bac4f9f29552@group-7330C24FE1E2-LeaderElection72] INFO  impl.RoleInfo (RoleInfo.java:updateAndGet(130)) - 167d9434-a89e-4891-b1b1-bac4f9f29552: start 167d9434-a89e-4891-b1b1-bac4f9f29552@group-7330C24FE1E2-LeaderStateImpl
2021-10-28 01:49:44,000 [167d9434-a89e-4891-b1b1-bac4f9f29552@group-7330C24FE1E2-LeaderElection72] INFO  segmented.SegmentedRaftLogWorker (SegmentedRaftLogWorker.java:startLogSegment(394)) - 167d9434-a89e-4891-b1b1-bac4f9f29552@group-7330C24FE1E2-SegmentedRaftLogWorker: Starting segment from index:0
2021-10-28 01:49:44,020 [EventQueue-PipelineReportForPipelineReportHandler] INFO  pipeline.PipelineManagerImpl (PipelineManagerImpl.java:openPipeline(289)) - Pipeline Pipeline[ Id: 1e12f81b-9515-4629-add1-7330c24fe1e2, Nodes: 3bba12ea-eb97-4cb8-a72d-96cb4f92f88e{ip: 10.1.0.29, host: fv-az270-135.tacnzluakwdehk1hpragurqkma.bx.internal.cloudapp.net, ports: [REPLICATION=33787, RATIS=33133, RATIS_ADMIN=33133, RATIS_SERVER=33133, STANDALONE=42261], networkLocation: /default-rack, certSerialId: null, persistedOpState: IN_SERVICE, persistedOpStateExpiryEpochSec: 0}167d9434-a89e-4891-b1b1-bac4f9f29552{ip: 10.1.0.29, host: fv-az270-135.tacnzluakwdehk1hpragurqkma.bx.internal.cloudapp.net, ports: [REPLICATION=43661, RATIS=32839, RATIS_ADMIN=32839, RATIS_SERVER=32839, STANDALONE=40527], networkLocation: /default-rack, certSerialId: null, persistedOpState: IN_SERVICE, persistedOpStateExpiryEpochSec: 0}253ef487-fc9a-46cf-a18f-fb890cfa9c45{ip: 10.1.0.29, host: fv-az270-135.tacnzluakwdehk1hpragurqkma.bx.internal.cloudapp.net, ports: [REPLICATION=33957, RATIS=46847, RATIS_ADMIN=46847, RATIS_SERVER=46847, STANDALONE=44157], networkLocation: /default-rack, certSerialId: null, persistedOpState: IN_SERVICE, persistedOpStateExpiryEpochSec: 0}, ReplicationConfig: RATIS/THREE, State:ALLOCATED, leaderId:167d9434-a89e-4891-b1b1-bac4f9f29552, CreationTimestamp2021-10-28T01:49:21.548Z[Etc/UTC]] moved to OPEN state
2021-10-28 01:49:44,021 [167d9434-a89e-4891-b1b1-bac4f9f29552@group-7330C24FE1E2-SegmentedRaftLogWorker] INFO  segmented.SegmentedRaftLogWorker (SegmentedRaftLogWorker.java:execute(601)) - 167d9434-a89e-4891-b1b1-bac4f9f29552@group-7330C24FE1E2-SegmentedRaftLogWorker: created new log segment /home/runner/work/ozone/ozone/hadoop-ozone/integration-test/target/test-dir/MiniOzoneClusterImpl-0566475b-15f3-492a-9b28-f78457f271af/datanode-1/data/ratis/1e12f81b-9515-4629-add1-7330c24fe1e2/current/log_inprogress_0
2021-10-28 01:49:44,041 [grpc-default-executor-2] INFO  ratis.XceiverServerRatis (XceiverServerRatis.java:handleLeaderChangedNotification(866)) - Leader change notification received for group: group-7330C24FE1E2 with new leaderId: 167d9434-a89e-4891-b1b1-bac4f9f29552
2021-10-28 01:49:44,041 [grpc-default-executor-2] INFO  server.RaftServer$Division (ServerState.java:setLeader(285)) - 3bba12ea-eb97-4cb8-a72d-96cb4f92f88e@group-7330C24FE1E2: change Leader from null to 167d9434-a89e-4891-b1b1-bac4f9f29552 at term 4 for appendEntries, leader elected after 20645ms
2021-10-28 01:49:44,043 [grpc-default-executor-0] INFO  ratis.XceiverServerRatis (XceiverServerRatis.java:handleLeaderChangedNotification(866)) - Leader change notification received for group: group-7330C24FE1E2 with new leaderId: 167d9434-a89e-4891-b1b1-bac4f9f29552
2021-10-28 01:49:44,043 [grpc-default-executor-0] INFO  server.RaftServer$Division (ServerState.java:setLeader(285)) - 253ef487-fc9a-46cf-a18f-fb890cfa9c45@group-7330C24FE1E2: change Leader from null to 167d9434-a89e-4891-b1b1-bac4f9f29552 at term 4 for appendEntries, leader elected after 20891ms
2021-10-28 01:49:44,100 [167d9434-a89e-4891-b1b1-bac4f9f29552@group-7330C24FE1E2-LeaderElection72] INFO  server.RaftServer$Division (ServerState.java:setRaftConf(387)) - 167d9434-a89e-4891-b1b1-bac4f9f29552@group-7330C24FE1E2: set configuration 0: [3bba12ea-eb97-4cb8-a72d-96cb4f92f88e|rpc:10.1.0.29:33133|dataStream:|priority:0, 253ef487-fc9a-46cf-a18f-fb890cfa9c45|rpc:10.1.0.29:46847|dataStream:|priority:0, 167d9434-a89e-4891-b1b1-bac4f9f29552|rpc:10.1.0.29:32839|dataStream:|priority:1], old=null
2021-10-28 01:49:44,101 [grpc-default-executor-2] INFO  server.RaftServer$Division (ServerState.java:setRaftConf(387)) - 3bba12ea-eb97-4cb8-a72d-96cb4f92f88e@group-7330C24FE1E2: set configuration 0: [3bba12ea-eb97-4cb8-a72d-96cb4f92f88e|rpc:10.1.0.29:33133|dataStream:|priority:0, 253ef487-fc9a-46cf-a18f-fb890cfa9c45|rpc:10.1.0.29:46847|dataStream:|priority:0, 167d9434-a89e-4891-b1b1-bac4f9f29552|rpc:10.1.0.29:32839|dataStream:|priority:1], old=null
2021-10-28 01:49:44,101 [grpc-default-executor-2] INFO  segmented.SegmentedRaftLogWorker (SegmentedRaftLogWorker.java:startLogSegment(394)) - 3bba12ea-eb97-4cb8-a72d-96cb4f92f88e@group-7330C24FE1E2-SegmentedRaftLogWorker: Starting segment from index:0
2021-10-28 01:49:44,106 [3bba12ea-eb97-4cb8-a72d-96cb4f92f88e@group-7330C24FE1E2-SegmentedRaftLogWorker] INFO  segmented.SegmentedRaftLogWorker (SegmentedRaftLogWorker.java:execute(601)) - 3bba12ea-eb97-4cb8-a72d-96cb4f92f88e@group-7330C24FE1E2-SegmentedRaftLogWorker: created new log segment /home/runner/work/ozone/ozone/hadoop-ozone/integration-test/target/test-dir/MiniOzoneClusterImpl-0566475b-15f3-492a-9b28-f78457f271af/datanode-2/data/ratis/1e12f81b-9515-4629-add1-7330c24fe1e2/current/log_inprogress_0
2021-10-28 01:49:44,151 [grpc-default-executor-2] INFO  server.RaftServer$Division (ServerState.java:setRaftConf(387)) - 253ef487-fc9a-46cf-a18f-fb890cfa9c45@group-7330C24FE1E2: set configuration 0: [3bba12ea-eb97-4cb8-a72d-96cb4f92f88e|rpc:10.1.0.29:33133|dataStream:|priority:0, 253ef487-fc9a-46cf-a18f-fb890cfa9c45|rpc:10.1.0.29:46847|dataStream:|priority:0, 167d9434-a89e-4891-b1b1-bac4f9f29552|rpc:10.1.0.29:32839|dataStream:|priority:1], old=null
2021-10-28 01:49:44,155 [grpc-default-executor-2] INFO  segmented.SegmentedRaftLogWorker (SegmentedRaftLogWorker.java:startLogSegment(394)) - 253ef487-fc9a-46cf-a18f-fb890cfa9c45@group-7330C24FE1E2-SegmentedRaftLogWorker: Starting segment from index:0
2021-10-28 01:49:44,158 [253ef487-fc9a-46cf-a18f-fb890cfa9c45@group-7330C24FE1E2-SegmentedRaftLogWorker] INFO  segmented.SegmentedRaftLogWorker (SegmentedRaftLogWorker.java:execute(601)) - 253ef487-fc9a-46cf-a18f-fb890cfa9c45@group-7330C24FE1E2-SegmentedRaftLogWorker: created new log segment /home/runner/work/ozone/ozone/hadoop-ozone/integration-test/target/test-dir/MiniOzoneClusterImpl-0566475b-15f3-492a-9b28-f78457f271af/datanode-0/data/ratis/1e12f81b-9515-4629-add1-7330c24fe1e2/current/log_inprogress_0
2021-10-28 01:49:45,961 [31d6ae09-1bf4-4ff4-9532-94f29ed1392e@group-CDFD84D3B5C4-FollowerState] INFO  impl.FollowerState (FollowerState.java:run(134)) - 31d6ae09-1bf4-4ff4-9532-94f29ed1392e@group-CDFD84D3B5C4-FollowerState: change to CANDIDATE, lastRpcElapsedTime:5104579015ns, electionTimeout:5073ms
2021-10-28 01:49:45,961 [31d6ae09-1bf4-4ff4-9532-94f29ed1392e@group-CDFD84D3B5C4-FollowerState] INFO  impl.RoleInfo (RoleInfo.java:shutdownFollowerState(108)) - 31d6ae09-1bf4-4ff4-9532-94f29ed1392e: shutdown 31d6ae09-1bf4-4ff4-9532-94f29ed1392e@group-CDFD84D3B5C4-FollowerState
2021-10-28 01:49:45,961 [31d6ae09-1bf4-4ff4-9532-94f29ed1392e@group-CDFD84D3B5C4-FollowerState] INFO  server.RaftServer$Division (RaftServerImpl.java:setRole(290)) - 31d6ae09-1bf4-4ff4-9532-94f29ed1392e@group-CDFD84D3B5C4: changes role from  FOLLOWER to CANDIDATE at term 3 for changeToCandidate
2021-10-28 01:49:45,961 [31d6ae09-1bf4-4ff4-9532-94f29ed1392e@group-CDFD84D3B5C4-FollowerState] INFO  server.RaftServerConfigKeys (ConfUtils.java:logGet(44)) - raft.server.leaderelection.pre-vote = false (custom)
2021-10-28 01:49:45,961 [31d6ae09-1bf4-4ff4-9532-94f29ed1392e@group-CDFD84D3B5C4-FollowerState] INFO  impl.RoleInfo (RoleInfo.java:updateAndGet(130)) - 31d6ae09-1bf4-4ff4-9532-94f29ed1392e: start 31d6ae09-1bf4-4ff4-9532-94f29ed1392e@group-CDFD84D3B5C4-LeaderElection73
2021-10-28 01:49:46,005 [31d6ae09-1bf4-4ff4-9532-94f29ed1392e@group-CDFD84D3B5C4-LeaderElection73] INFO  impl.LeaderElection (LeaderElection.java:askForVotes(306)) - 31d6ae09-1bf4-4ff4-9532-94f29ed1392e@group-CDFD84D3B5C4-LeaderElection73 ELECTION round 0: submit vote requests at term 4 for -1: [850b4870-9ae5-4bfa-bbd2-f1f242dff33d|rpc:10.1.0.29:35637|dataStream:|priority:0, 31d6ae09-1bf4-4ff4-9532-94f29ed1392e|rpc:10.1.0.29:44047|dataStream:|priority:1, 43ee2308-4bff-4c12-a476-7906f102dfb0|rpc:10.1.0.29:33053|dataStream:|priority:0], old=null
2021-10-28 01:49:46,010 [43ee2308-4bff-4c12-a476-7906f102dfb0@group-CDFD84D3B5C4-FollowerState] INFO  impl.FollowerState (FollowerState.java:run(134)) - 43ee2308-4bff-4c12-a476-7906f102dfb0@group-CDFD84D3B5C4-FollowerState: change to CANDIDATE, lastRpcElapsedTime:5145571552ns, electionTimeout:5127ms
2021-10-28 01:49:46,010 [43ee2308-4bff-4c12-a476-7906f102dfb0@group-CDFD84D3B5C4-FollowerState] INFO  impl.RoleInfo (RoleInfo.java:shutdownFollowerState(108)) - 43ee2308-4bff-4c12-a476-7906f102dfb0: shutdown 43ee2308-4bff-4c12-a476-7906f102dfb0@group-CDFD84D3B5C4-FollowerState
2021-10-28 01:49:46,010 [43ee2308-4bff-4c12-a476-7906f102dfb0@group-CDFD84D3B5C4-FollowerState] INFO  server.RaftServer$Division (RaftServerImpl.java:setRole(290)) - 43ee2308-4bff-4c12-a476-7906f102dfb0@group-CDFD84D3B5C4: changes role from  FOLLOWER to CANDIDATE at term 3 for changeToCandidate
2021-10-28 01:49:46,035 [43ee2308-4bff-4c12-a476-7906f102dfb0@group-CDFD84D3B5C4-FollowerState] INFO  server.RaftServerConfigKeys (ConfUtils.java:logGet(44)) - raft.server.leaderelection.pre-vote = false (custom)
2021-10-28 01:49:46,035 [43ee2308-4bff-4c12-a476-7906f102dfb0@group-CDFD84D3B5C4-FollowerState] INFO  impl.RoleInfo (RoleInfo.java:updateAndGet(130)) - 43ee2308-4bff-4c12-a476-7906f102dfb0: start 43ee2308-4bff-4c12-a476-7906f102dfb0@group-CDFD84D3B5C4-LeaderElection74
2021-10-28 01:49:46,044 [grpc-default-executor-2] INFO  server.RaftServer$Division (RaftServerImpl.java:requestVote(1046)) - 43ee2308-4bff-4c12-a476-7906f102dfb0@group-CDFD84D3B5C4: receive requestVote(ELECTION, 31d6ae09-1bf4-4ff4-9532-94f29ed1392e, group-CDFD84D3B5C4, 4, (t:0, i:0))
2021-10-28 01:49:46,044 [grpc-default-executor-2] INFO  impl.VoteContext (VoteContext.java:log(48)) - 43ee2308-4bff-4c12-a476-7906f102dfb0@group-CDFD84D3B5C4-CANDIDATE: accept ELECTION from 31d6ae09-1bf4-4ff4-9532-94f29ed1392e: our priority 0 <= candidate's priority 1
2021-10-28 01:49:46,044 [grpc-default-executor-2] INFO  server.RaftServer$Division (RaftServerImpl.java:setRole(290)) - 43ee2308-4bff-4c12-a476-7906f102dfb0@group-CDFD84D3B5C4: changes role from CANDIDATE to FOLLOWER at term 4 for candidate:31d6ae09-1bf4-4ff4-9532-94f29ed1392e
2021-10-28 01:49:46,044 [grpc-default-executor-2] INFO  impl.RoleInfo (RoleInfo.java:shutdownLeaderElection(121)) - 43ee2308-4bff-4c12-a476-7906f102dfb0: shutdown 43ee2308-4bff-4c12-a476-7906f102dfb0@group-CDFD84D3B5C4-LeaderElection74
2021-10-28 01:49:46,045 [grpc-default-executor-2] INFO  impl.RoleInfo (RoleInfo.java:updateAndGet(130)) - 43ee2308-4bff-4c12-a476-7906f102dfb0: start 43ee2308-4bff-4c12-a476-7906f102dfb0@group-CDFD84D3B5C4-FollowerState
2021-10-28 01:49:46,046 [grpc-default-executor-2] INFO  server.RaftServer$Division (RaftServerImpl.java:requestVote(1078)) - 43ee2308-4bff-4c12-a476-7906f102dfb0@group-CDFD84D3B5C4 replies to ELECTION vote request: 31d6ae09-1bf4-4ff4-9532-94f29ed1392e<-43ee2308-4bff-4c12-a476-7906f102dfb0#0:OK-t4. Peer's state: 43ee2308-4bff-4c12-a476-7906f102dfb0@group-CDFD84D3B5C4:t4, leader=null, voted=31d6ae09-1bf4-4ff4-9532-94f29ed1392e, raftlog=43ee2308-4bff-4c12-a476-7906f102dfb0@group-CDFD84D3B5C4-SegmentedRaftLog:OPENED:c-1, conf=-1: [850b4870-9ae5-4bfa-bbd2-f1f242dff33d|rpc:10.1.0.29:35637|dataStream:|priority:0, 31d6ae09-1bf4-4ff4-9532-94f29ed1392e|rpc:10.1.0.29:44047|dataStream:|priority:1, 43ee2308-4bff-4c12-a476-7906f102dfb0|rpc:10.1.0.29:33053|dataStream:|priority:0], old=null
2021-10-28 01:49:46,075 [43ee2308-4bff-4c12-a476-7906f102dfb0@group-CDFD84D3B5C4-LeaderElection74] INFO  impl.LeaderElection (LeaderElection.java:run(230)) - 43ee2308-4bff-4c12-a476-7906f102dfb0@group-CDFD84D3B5C4-LeaderElection74: skip running since this is already CLOSING
2021-10-28 01:49:46,075 [850b4870-9ae5-4bfa-bbd2-f1f242dff33d@group-CDFD84D3B5C4-FollowerState] INFO  impl.FollowerState (FollowerState.java:run(134)) - 850b4870-9ae5-4bfa-bbd2-f1f242dff33d@group-CDFD84D3B5C4-FollowerState: change to CANDIDATE, lastRpcElapsedTime:5224690048ns, electionTimeout:5154ms
2021-10-28 01:49:46,075 [850b4870-9ae5-4bfa-bbd2-f1f242dff33d@group-CDFD84D3B5C4-FollowerState] INFO  impl.RoleInfo (RoleInfo.java:shutdownFollowerState(108)) - 850b4870-9ae5-4bfa-bbd2-f1f242dff33d: shutdown 850b4870-9ae5-4bfa-bbd2-f1f242dff33d@group-CDFD84D3B5C4-FollowerState
2021-10-28 01:49:46,075 [850b4870-9ae5-4bfa-bbd2-f1f242dff33d@group-CDFD84D3B5C4-FollowerState] INFO  server.RaftServer$Division (RaftServerImpl.java:setRole(290)) - 850b4870-9ae5-4bfa-bbd2-f1f242dff33d@group-CDFD84D3B5C4: changes role from  FOLLOWER to CANDIDATE at term 3 for changeToCandidate
2021-10-28 01:49:46,076 [850b4870-9ae5-4bfa-bbd2-f1f242dff33d@group-CDFD84D3B5C4-FollowerState] INFO  server.RaftServerConfigKeys (ConfUtils.java:logGet(44)) - raft.server.leaderelection.pre-vote = false (custom)
2021-10-28 01:49:46,076 [850b4870-9ae5-4bfa-bbd2-f1f242dff33d@group-CDFD84D3B5C4-FollowerState] INFO  impl.RoleInfo (RoleInfo.java:updateAndGet(130)) - 850b4870-9ae5-4bfa-bbd2-f1f242dff33d: start 850b4870-9ae5-4bfa-bbd2-f1f242dff33d@group-CDFD84D3B5C4-LeaderElection75
2021-10-28 01:49:46,086 [31d6ae09-1bf4-4ff4-9532-94f29ed1392e@group-CDFD84D3B5C4-LeaderElection73] INFO  impl.LeaderElection (LeaderElection.java:logAndReturn(89)) - 31d6ae09-1bf4-4ff4-9532-94f29ed1392e@group-CDFD84D3B5C4-LeaderElection73: ELECTION PASSED received 1 response(s) and 0 exception(s):
2021-10-28 01:49:46,086 [31d6ae09-1bf4-4ff4-9532-94f29ed1392e@group-CDFD84D3B5C4-LeaderElection73] INFO  impl.LeaderElection (LeaderElection.java:logAndReturn(93)) -   Response 0: 31d6ae09-1bf4-4ff4-9532-94f29ed1392e<-43ee2308-4bff-4c12-a476-7906f102dfb0#0:OK-t4
2021-10-28 01:49:46,086 [31d6ae09-1bf4-4ff4-9532-94f29ed1392e@group-CDFD84D3B5C4-LeaderElection73] INFO  impl.LeaderElection (LeaderElection.java:askForVotes(308)) - 31d6ae09-1bf4-4ff4-9532-94f29ed1392e@group-CDFD84D3B5C4-LeaderElection73 ELECTION round 0: result PASSED
2021-10-28 01:49:46,086 [31d6ae09-1bf4-4ff4-9532-94f29ed1392e@group-CDFD84D3B5C4-LeaderElection73] INFO  impl.RoleInfo (RoleInfo.java:shutdownLeaderElection(121)) - 31d6ae09-1bf4-4ff4-9532-94f29ed1392e: shutdown 31d6ae09-1bf4-4ff4-9532-94f29ed1392e@group-CDFD84D3B5C4-LeaderElection73
2021-10-28 01:49:46,086 [31d6ae09-1bf4-4ff4-9532-94f29ed1392e@group-CDFD84D3B5C4-LeaderElection73] INFO  server.RaftServer$Division (RaftServerImpl.java:setRole(290)) - 31d6ae09-1bf4-4ff4-9532-94f29ed1392e@group-CDFD84D3B5C4: changes role from CANDIDATE to LEADER at term 4 for changeToLeader
2021-10-28 01:49:46,086 [31d6ae09-1bf4-4ff4-9532-94f29ed1392e@group-CDFD84D3B5C4-LeaderElection73] INFO  ratis.XceiverServerRatis (XceiverServerRatis.java:handleLeaderChangedNotification(866)) - Leader change notification received for group: group-CDFD84D3B5C4 with new leaderId: 31d6ae09-1bf4-4ff4-9532-94f29ed1392e
2021-10-28 01:49:46,086 [31d6ae09-1bf4-4ff4-9532-94f29ed1392e@group-CDFD84D3B5C4-LeaderElection73] INFO  server.RaftServer$Division (ServerState.java:setLeader(285)) - 31d6ae09-1bf4-4ff4-9532-94f29ed1392e@group-CDFD84D3B5C4: change Leader from null to 31d6ae09-1bf4-4ff4-9532-94f29ed1392e at term 4 for becomeLeader, leader elected after 20446ms
2021-10-28 01:49:46,086 [31d6ae09-1bf4-4ff4-9532-94f29ed1392e@group-CDFD84D3B5C4-LeaderElection73] INFO  server.RaftServerConfigKeys (ConfUtils.java:logGet(44)) - raft.server.staging.catchup.gap = 1000 (default)
2021-10-28 01:49:46,086 [31d6ae09-1bf4-4ff4-9532-94f29ed1392e@group-CDFD84D3B5C4-LeaderElection73] INFO  server.RaftServerConfigKeys (ConfUtils.java:logGet(44)) - raft.server.write.element-limit = 1024 (custom)
2021-10-28 01:49:46,086 [31d6ae09-1bf4-4ff4-9532-94f29ed1392e@group-CDFD84D3B5C4-LeaderElection73] INFO  server.RaftServerConfigKeys (ConfUtils.java:logGet(44)) - raft.server.write.byte-limit = 1024 M (=1073741824) (custom)
2021-10-28 01:49:46,087 [31d6ae09-1bf4-4ff4-9532-94f29ed1392e@group-CDFD84D3B5C4-LeaderElection73] INFO  server.RaftServerConfigKeys (ConfUtils.java:logGet(44)) - raft.server.watch.timeout = 3000ms (custom)
2021-10-28 01:49:46,087 [31d6ae09-1bf4-4ff4-9532-94f29ed1392e@group-CDFD84D3B5C4-LeaderElection73] INFO  server.RaftServerConfigKeys (ConfUtils.java:logGet(44)) - raft.server.watch.timeout.denomination = 1s (default)
2021-10-28 01:49:46,087 [31d6ae09-1bf4-4ff4-9532-94f29ed1392e@group-CDFD84D3B5C4-LeaderElection73] INFO  server.RaftServerConfigKeys (ConfUtils.java:logGet(44)) - raft.server.watch.element-limit = 65536 (default)
2021-10-28 01:49:46,087 [31d6ae09-1bf4-4ff4-9532-94f29ed1392e@group-CDFD84D3B5C4-LeaderElection73] INFO  server.RaftServerConfigKeys (ConfUtils.java:logGet(44)) - raft.server.write.element-limit = 1024 (custom)
2021-10-28 01:49:46,087 [31d6ae09-1bf4-4ff4-9532-94f29ed1392e@group-CDFD84D3B5C4-LeaderElection73] INFO  server.RaftServerConfigKeys (ConfUtils.java:logGet(44)) - raft.server.write.follower.gap.ratio.max = -1.0 (default)
2021-10-28 01:49:46,087 [31d6ae09-1bf4-4ff4-9532-94f29ed1392e@group-CDFD84D3B5C4-LeaderElection73] INFO  server.RaftServerConfigKeys (ConfUtils.java:logGet(44)) - raft.server.log.appender.snapshot.chunk.size.max = 16MB (=16777216) (default)
2021-10-28 01:49:46,087 [31d6ae09-1bf4-4ff4-9532-94f29ed1392e@group-CDFD84D3B5C4-LeaderElection73] INFO  server.RaftServerConfigKeys (ConfUtils.java:logGet(44)) - raft.server.log.appender.buffer.byte-limit = 33554432 (custom)
2021-10-28 01:49:46,087 [31d6ae09-1bf4-4ff4-9532-94f29ed1392e@group-CDFD84D3B5C4-LeaderElection73] INFO  server.RaftServerConfigKeys (ConfUtils.java:logGet(44)) - raft.server.log.appender.buffer.element-limit = 1 (custom)
2021-10-28 01:49:46,087 [31d6ae09-1bf4-4ff4-9532-94f29ed1392e@group-CDFD84D3B5C4-LeaderElection73] INFO  grpc.GrpcConfigKeys (ConfUtils.java:logGet(44)) - raft.grpc.server.leader.outstanding.appends.max = 128 (default)
2021-10-28 01:49:46,087 [31d6ae09-1bf4-4ff4-9532-94f29ed1392e@group-CDFD84D3B5C4-LeaderElection73] INFO  server.RaftServerConfigKeys (ConfUtils.java:logGet(44)) - raft.server.rpc.request.timeout = 3000ms (default)
2021-10-28 01:49:46,087 [31d6ae09-1bf4-4ff4-9532-94f29ed1392e@group-CDFD84D3B5C4-LeaderElection73] INFO  server.RaftServerConfigKeys (ConfUtils.java:logGet(44)) - raft.server.log.appender.install.snapshot.enabled = false (custom)
2021-10-28 01:49:46,088 [31d6ae09-1bf4-4ff4-9532-94f29ed1392e@group-CDFD84D3B5C4-LeaderElection73] INFO  server.RaftServerConfigKeys (ConfUtils.java:logGet(44)) - raft.server.log.appender.snapshot.chunk.size.max = 16MB (=16777216) (default)
2021-10-28 01:49:46,088 [31d6ae09-1bf4-4ff4-9532-94f29ed1392e@group-CDFD84D3B5C4-LeaderElection73] INFO  server.RaftServerConfigKeys (ConfUtils.java:logGet(44)) - raft.server.log.appender.buffer.byte-limit = 33554432 (custom)
2021-10-28 01:49:46,089 [31d6ae09-1bf4-4ff4-9532-94f29ed1392e@group-CDFD84D3B5C4-LeaderElection73] INFO  server.RaftServerConfigKeys (ConfUtils.java:logGet(44)) - raft.server.log.appender.buffer.element-limit = 1 (custom)
2021-10-28 01:49:46,089 [31d6ae09-1bf4-4ff4-9532-94f29ed1392e@group-CDFD84D3B5C4-LeaderElection73] INFO  grpc.GrpcConfigKeys (ConfUtils.java:logGet(44)) - raft.grpc.server.leader.outstanding.appends.max = 128 (default)
2021-10-28 01:49:46,089 [31d6ae09-1bf4-4ff4-9532-94f29ed1392e@group-CDFD84D3B5C4-LeaderElection73] INFO  server.RaftServerConfigKeys (ConfUtils.java:logGet(44)) - raft.server.rpc.request.timeout = 3000ms (default)
2021-10-28 01:49:46,089 [31d6ae09-1bf4-4ff4-9532-94f29ed1392e@group-CDFD84D3B5C4-LeaderElection73] INFO  server.RaftServerConfigKeys (ConfUtils.java:logGet(44)) - raft.server.log.appender.install.snapshot.enabled = false (custom)
2021-10-28 01:49:46,090 [31d6ae09-1bf4-4ff4-9532-94f29ed1392e@group-CDFD84D3B5C4-LeaderElection73] INFO  impl.RoleInfo (RoleInfo.java:updateAndGet(130)) - 31d6ae09-1bf4-4ff4-9532-94f29ed1392e: start 31d6ae09-1bf4-4ff4-9532-94f29ed1392e@group-CDFD84D3B5C4-LeaderStateImpl
2021-10-28 01:49:46,090 [31d6ae09-1bf4-4ff4-9532-94f29ed1392e@group-CDFD84D3B5C4-LeaderElection73] INFO  segmented.SegmentedRaftLogWorker (SegmentedRaftLogWorker.java:startLogSegment(394)) - 31d6ae09-1bf4-4ff4-9532-94f29ed1392e@group-CDFD84D3B5C4-SegmentedRaftLogWorker: Starting segment from index:0
2021-10-28 01:49:46,095 [31d6ae09-1bf4-4ff4-9532-94f29ed1392e@group-CDFD84D3B5C4-SegmentedRaftLogWorker] INFO  segmented.SegmentedRaftLogWorker (SegmentedRaftLogWorker.java:execute(601)) - 31d6ae09-1bf4-4ff4-9532-94f29ed1392e@group-CDFD84D3B5C4-SegmentedRaftLogWorker: created new log segment /home/runner/work/ozone/ozone/hadoop-ozone/integration-test/target/test-dir/MiniOzoneClusterImpl-0566475b-15f3-492a-9b28-f78457f271af/datanode-5/data/ratis/b21a688c-33a3-4df7-a4a3-cdfd84d3b5c4/current/log_inprogress_0
2021-10-28 01:49:46,117 [grpc-default-executor-0] INFO  ratis.XceiverServerRatis (XceiverServerRatis.java:handleLeaderChangedNotification(866)) - Leader change notification received for group: group-CDFD84D3B5C4 with new leaderId: 31d6ae09-1bf4-4ff4-9532-94f29ed1392e
2021-10-28 01:49:46,117 [grpc-default-executor-0] INFO  server.RaftServer$Division (ServerState.java:setLeader(285)) - 43ee2308-4bff-4c12-a476-7906f102dfb0@group-CDFD84D3B5C4: change Leader from null to 31d6ae09-1bf4-4ff4-9532-94f29ed1392e at term 4 for appendEntries, leader elected after 20631ms
2021-10-28 01:49:46,128 [grpc-default-executor-0] INFO  server.RaftServer$Division (ServerState.java:setRaftConf(387)) - 43ee2308-4bff-4c12-a476-7906f102dfb0@group-CDFD84D3B5C4: set configuration 0: [850b4870-9ae5-4bfa-bbd2-f1f242dff33d|rpc:10.1.0.29:35637|dataStream:|priority:0, 31d6ae09-1bf4-4ff4-9532-94f29ed1392e|rpc:10.1.0.29:44047|dataStream:|priority:1, 43ee2308-4bff-4c12-a476-7906f102dfb0|rpc:10.1.0.29:33053|dataStream:|priority:0], old=null
2021-10-28 01:49:46,129 [grpc-default-executor-0] INFO  segmented.SegmentedRaftLogWorker (SegmentedRaftLogWorker.java:startLogSegment(394)) - 43ee2308-4bff-4c12-a476-7906f102dfb0@group-CDFD84D3B5C4-SegmentedRaftLogWorker: Starting segment from index:0
2021-10-28 01:49:46,130 [43ee2308-4bff-4c12-a476-7906f102dfb0@group-CDFD84D3B5C4-SegmentedRaftLogWorker] INFO  segmented.SegmentedRaftLogWorker (SegmentedRaftLogWorker.java:execute(601)) - 43ee2308-4bff-4c12-a476-7906f102dfb0@group-CDFD84D3B5C4-SegmentedRaftLogWorker: created new log segment /home/runner/work/ozone/ozone/hadoop-ozone/integration-test/target/test-dir/MiniOzoneClusterImpl-0566475b-15f3-492a-9b28-f78457f271af/datanode-4/data/ratis/b21a688c-33a3-4df7-a4a3-cdfd84d3b5c4/current/log_inprogress_0
2021-10-28 01:49:46,165 [grpc-default-executor-0] INFO  server.RaftServer$Division (RaftServerImpl.java:requestVote(1046)) - 850b4870-9ae5-4bfa-bbd2-f1f242dff33d@group-CDFD84D3B5C4: receive requestVote(ELECTION, 31d6ae09-1bf4-4ff4-9532-94f29ed1392e, group-CDFD84D3B5C4, 4, (t:0, i:0))
2021-10-28 01:49:46,180 [850b4870-9ae5-4bfa-bbd2-f1f242dff33d@group-CDFD84D3B5C4-LeaderElection75] INFO  impl.LeaderElection (LeaderElection.java:askForVotes(306)) - 850b4870-9ae5-4bfa-bbd2-f1f242dff33d@group-CDFD84D3B5C4-LeaderElection75 ELECTION round 0: submit vote requests at term 4 for -1: [850b4870-9ae5-4bfa-bbd2-f1f242dff33d|rpc:10.1.0.29:35637|priority:0, 31d6ae09-1bf4-4ff4-9532-94f29ed1392e|rpc:10.1.0.29:44047|priority:1, 43ee2308-4bff-4c12-a476-7906f102dfb0|rpc:10.1.0.29:33053|priority:0], old=null
2021-10-28 01:49:46,180 [grpc-default-executor-0] INFO  impl.VoteContext (VoteContext.java:log(48)) - 850b4870-9ae5-4bfa-bbd2-f1f242dff33d@group-CDFD84D3B5C4-CANDIDATE: reject ELECTION from 31d6ae09-1bf4-4ff4-9532-94f29ed1392e: already has voted for 850b4870-9ae5-4bfa-bbd2-f1f242dff33d at current term 4
2021-10-28 01:49:46,180 [grpc-default-executor-0] INFO  server.RaftServer$Division (RaftServerImpl.java:requestVote(1078)) - 850b4870-9ae5-4bfa-bbd2-f1f242dff33d@group-CDFD84D3B5C4 replies to ELECTION vote request: 31d6ae09-1bf4-4ff4-9532-94f29ed1392e<-850b4870-9ae5-4bfa-bbd2-f1f242dff33d#0:FAIL-t4. Peer's state: 850b4870-9ae5-4bfa-bbd2-f1f242dff33d@group-CDFD84D3B5C4:t4, leader=null, voted=850b4870-9ae5-4bfa-bbd2-f1f242dff33d, raftlog=850b4870-9ae5-4bfa-bbd2-f1f242dff33d@group-CDFD84D3B5C4-SegmentedRaftLog:OPENED:c-1, conf=-1: [850b4870-9ae5-4bfa-bbd2-f1f242dff33d|rpc:10.1.0.29:35637|priority:0, 31d6ae09-1bf4-4ff4-9532-94f29ed1392e|rpc:10.1.0.29:44047|priority:1, 43ee2308-4bff-4c12-a476-7906f102dfb0|rpc:10.1.0.29:33053|priority:0], old=null
2021-10-28 01:49:46,184 [grpc-default-executor-0] INFO  server.RaftServer$Division (RaftServerImpl.java:requestVote(1046)) - 31d6ae09-1bf4-4ff4-9532-94f29ed1392e@group-CDFD84D3B5C4: receive requestVote(ELECTION, 850b4870-9ae5-4bfa-bbd2-f1f242dff33d, group-CDFD84D3B5C4, 4, (t:0, i:0))
2021-10-28 01:49:46,185 [31d6ae09-1bf4-4ff4-9532-94f29ed1392e@group-CDFD84D3B5C4-LeaderElection73] INFO  server.RaftServer$Division (ServerState.java:setRaftConf(387)) - 31d6ae09-1bf4-4ff4-9532-94f29ed1392e@group-CDFD84D3B5C4: set configuration 0: [850b4870-9ae5-4bfa-bbd2-f1f242dff33d|rpc:10.1.0.29:35637|dataStream:|priority:0, 31d6ae09-1bf4-4ff4-9532-94f29ed1392e|rpc:10.1.0.29:44047|dataStream:|priority:1, 43ee2308-4bff-4c12-a476-7906f102dfb0|rpc:10.1.0.29:33053|dataStream:|priority:0], old=null
2021-10-28 01:49:46,185 [grpc-default-executor-0] INFO  impl.VoteContext (VoteContext.java:log(48)) - 31d6ae09-1bf4-4ff4-9532-94f29ed1392e@group-CDFD84D3B5C4-LEADER: reject ELECTION from 850b4870-9ae5-4bfa-bbd2-f1f242dff33d: already has voted for 31d6ae09-1bf4-4ff4-9532-94f29ed1392e at current term 4
2021-10-28 01:49:46,186 [grpc-default-executor-0] INFO  server.RaftServer$Division (RaftServerImpl.java:requestVote(1078)) - 31d6ae09-1bf4-4ff4-9532-94f29ed1392e@group-CDFD84D3B5C4 replies to ELECTION vote request: 850b4870-9ae5-4bfa-bbd2-f1f242dff33d<-31d6ae09-1bf4-4ff4-9532-94f29ed1392e#0:FAIL-t4. Peer's state: 31d6ae09-1bf4-4ff4-9532-94f29ed1392e@group-CDFD84D3B5C4:t4, leader=31d6ae09-1bf4-4ff4-9532-94f29ed1392e, voted=31d6ae09-1bf4-4ff4-9532-94f29ed1392e, raftlog=31d6ae09-1bf4-4ff4-9532-94f29ed1392e@group-CDFD84D3B5C4-SegmentedRaftLog:OPENED:c-1, conf=0: [850b4870-9ae5-4bfa-bbd2-f1f242dff33d|rpc:10.1.0.29:35637|dataStream:|priority:0, 31d6ae09-1bf4-4ff4-9532-94f29ed1392e|rpc:10.1.0.29:44047|dataStream:|priority:1, 43ee2308-4bff-4c12-a476-7906f102dfb0|rpc:10.1.0.29:33053|dataStream:|priority:0], old=null
2021-10-28 01:49:46,210 [grpc-default-executor-2] INFO  server.RaftServer$Division (RaftServerImpl.java:requestVote(1046)) - 43ee2308-4bff-4c12-a476-7906f102dfb0@group-CDFD84D3B5C4: receive requestVote(ELECTION, 850b4870-9ae5-4bfa-bbd2-f1f242dff33d, group-CDFD84D3B5C4, 4, (t:0, i:0))
2021-10-28 01:49:46,210 [grpc-default-executor-2] INFO  impl.VoteContext (VoteContext.java:log(48)) - 43ee2308-4bff-4c12-a476-7906f102dfb0@group-CDFD84D3B5C4-FOLLOWER: reject ELECTION from 850b4870-9ae5-4bfa-bbd2-f1f242dff33d: already has voted for 31d6ae09-1bf4-4ff4-9532-94f29ed1392e at current term 4
2021-10-28 01:49:46,210 [grpc-default-executor-2] INFO  server.RaftServer$Division (RaftServerImpl.java:requestVote(1078)) - 43ee2308-4bff-4c12-a476-7906f102dfb0@group-CDFD84D3B5C4 replies to ELECTION vote request: 850b4870-9ae5-4bfa-bbd2-f1f242dff33d<-43ee2308-4bff-4c12-a476-7906f102dfb0#0:FAIL-t4. Peer's state: 43ee2308-4bff-4c12-a476-7906f102dfb0@group-CDFD84D3B5C4:t4, leader=31d6ae09-1bf4-4ff4-9532-94f29ed1392e, voted=31d6ae09-1bf4-4ff4-9532-94f29ed1392e, raftlog=43ee2308-4bff-4c12-a476-7906f102dfb0@group-CDFD84D3B5C4-SegmentedRaftLog:OPENED:c-1, conf=0: [850b4870-9ae5-4bfa-bbd2-f1f242dff33d|rpc:10.1.0.29:35637|dataStream:|priority:0, 31d6ae09-1bf4-4ff4-9532-94f29ed1392e|rpc:10.1.0.29:44047|dataStream:|priority:1, 43ee2308-4bff-4c12-a476-7906f102dfb0|rpc:10.1.0.29:33053|dataStream:|priority:0], old=null
2021-10-28 01:49:46,248 [850b4870-9ae5-4bfa-bbd2-f1f242dff33d@group-CDFD84D3B5C4-LeaderElection75] INFO  impl.LeaderElection (LeaderElection.java:logAndReturn(89)) - 850b4870-9ae5-4bfa-bbd2-f1f242dff33d@group-CDFD84D3B5C4-LeaderElection75: ELECTION REJECTED received 2 response(s) and 0 exception(s):
2021-10-28 01:49:46,248 [850b4870-9ae5-4bfa-bbd2-f1f242dff33d@group-CDFD84D3B5C4-LeaderElection75] INFO  impl.LeaderElection (LeaderElection.java:logAndReturn(93)) -   Response 0: 850b4870-9ae5-4bfa-bbd2-f1f242dff33d<-31d6ae09-1bf4-4ff4-9532-94f29ed1392e#0:FAIL-t4
2021-10-28 01:49:46,248 [850b4870-9ae5-4bfa-bbd2-f1f242dff33d@group-CDFD84D3B5C4-LeaderElection75] INFO  impl.LeaderElection (LeaderElection.java:logAndReturn(93)) -   Response 1: 850b4870-9ae5-4bfa-bbd2-f1f242dff33d<-43ee2308-4bff-4c12-a476-7906f102dfb0#0:FAIL-t4
2021-10-28 01:49:46,248 [850b4870-9ae5-4bfa-bbd2-f1f242dff33d@group-CDFD84D3B5C4-LeaderElection75] INFO  impl.LeaderElection (LeaderElection.java:askForVotes(308)) - 850b4870-9ae5-4bfa-bbd2-f1f242dff33d@group-CDFD84D3B5C4-LeaderElection75 ELECTION round 0: result REJECTED
2021-10-28 01:49:46,248 [850b4870-9ae5-4bfa-bbd2-f1f242dff33d@group-CDFD84D3B5C4-LeaderElection75] INFO  server.RaftServer$Division (RaftServerImpl.java:setRole(290)) - 850b4870-9ae5-4bfa-bbd2-f1f242dff33d@group-CDFD84D3B5C4: changes role from CANDIDATE to FOLLOWER at term 4 for REJECTED
2021-10-28 01:49:46,248 [850b4870-9ae5-4bfa-bbd2-f1f242dff33d@group-CDFD84D3B5C4-LeaderElection75] INFO  impl.RoleInfo (RoleInfo.java:shutdownLeaderElection(121)) - 850b4870-9ae5-4bfa-bbd2-f1f242dff33d: shutdown 850b4870-9ae5-4bfa-bbd2-f1f242dff33d@group-CDFD84D3B5C4-LeaderElection75
2021-10-28 01:49:46,248 [850b4870-9ae5-4bfa-bbd2-f1f242dff33d@group-CDFD84D3B5C4-LeaderElection75] INFO  impl.RoleInfo (RoleInfo.java:updateAndGet(130)) - 850b4870-9ae5-4bfa-bbd2-f1f242dff33d: start 850b4870-9ae5-4bfa-bbd2-f1f242dff33d@group-CDFD84D3B5C4-FollowerState
2021-10-28 01:49:46,268 [grpc-default-executor-3] INFO  ratis.XceiverServerRatis (XceiverServerRatis.java:handleLeaderChangedNotification(866)) - Leader change notification received for group: group-CDFD84D3B5C4 with new leaderId: 31d6ae09-1bf4-4ff4-9532-94f29ed1392e
2021-10-28 01:49:46,268 [grpc-default-executor-3] INFO  server.RaftServer$Division (ServerState.java:setLeader(285)) - 850b4870-9ae5-4bfa-bbd2-f1f242dff33d@group-CDFD84D3B5C4: change Leader from null to 31d6ae09-1bf4-4ff4-9532-94f29ed1392e at term 4 for appendEntries, leader elected after 20894ms
2021-10-28 01:49:46,281 [grpc-default-executor-3] INFO  server.RaftServer$Division (ServerState.java:setRaftConf(387)) - 850b4870-9ae5-4bfa-bbd2-f1f242dff33d@group-CDFD84D3B5C4: set configuration 0: [850b4870-9ae5-4bfa-bbd2-f1f242dff33d|rpc:10.1.0.29:35637|dataStream:|priority:0, 31d6ae09-1bf4-4ff4-9532-94f29ed1392e|rpc:10.1.0.29:44047|dataStream:|priority:1, 43ee2308-4bff-4c12-a476-7906f102dfb0|rpc:10.1.0.29:33053|dataStream:|priority:0], old=null
2021-10-28 01:49:46,281 [grpc-default-executor-3] INFO  segmented.SegmentedRaftLogWorker (SegmentedRaftLogWorker.java:startLogSegment(394)) - 850b4870-9ae5-4bfa-bbd2-f1f242dff33d@group-CDFD84D3B5C4-SegmentedRaftLogWorker: Starting segment from index:0
2021-10-28 01:49:46,288 [850b4870-9ae5-4bfa-bbd2-f1f242dff33d@group-CDFD84D3B5C4-SegmentedRaftLogWorker] INFO  segmented.SegmentedRaftLogWorker (SegmentedRaftLogWorker.java:execute(601)) - 850b4870-9ae5-4bfa-bbd2-f1f242dff33d@group-CDFD84D3B5C4-SegmentedRaftLogWorker: created new log segment /home/runner/work/ozone/ozone/hadoop-ozone/integration-test/target/test-dir/MiniOzoneClusterImpl-0566475b-15f3-492a-9b28-f78457f271af/datanode-3/data/ratis/b21a688c-33a3-4df7-a4a3-cdfd84d3b5c4/current/log_inprogress_0
2021-10-28 01:49:48,025 [Listener at 127.0.0.1/46475] INFO  ozoneimpl.OzoneContainer (OzoneContainer.java:stop(325)) - Attempting to stop container services.
2021-10-28 01:49:48,026 [Listener at 127.0.0.1/46475] INFO  server.RaftServer (RaftServerProxy.java:lambda$close$6(391)) - 31d6ae09-1bf4-4ff4-9532-94f29ed1392e: close
2021-10-28 01:49:48,026 [Listener at 127.0.0.1/46475] INFO  server.RaftServer$Division (RaftServerImpl.java:lambda$close$4(412)) - 31d6ae09-1bf4-4ff4-9532-94f29ed1392e@group-0B92E8633D8E: shutdown
2021-10-28 01:49:48,026 [Listener at 127.0.0.1/46475] INFO  util.JmxRegister (JmxRegister.java:unregister(73)) - Successfully un-registered JMX Bean with object name Ratis:service=RaftServer,group=group-0B92E8633D8E,id=31d6ae09-1bf4-4ff4-9532-94f29ed1392e
2021-10-28 01:49:48,026 [Listener at 127.0.0.1/46475] INFO  impl.RoleInfo (RoleInfo.java:shutdownFollowerState(108)) - 31d6ae09-1bf4-4ff4-9532-94f29ed1392e: shutdown 31d6ae09-1bf4-4ff4-9532-94f29ed1392e@group-0B92E8633D8E-FollowerState
2021-10-28 01:49:48,026 [Listener at 127.0.0.1/46475] INFO  impl.StateMachineUpdater (StateMachineUpdater.java:stopAndJoin(149)) - 31d6ae09-1bf4-4ff4-9532-94f29ed1392e@group-0B92E8633D8E-StateMachineUpdater: set stopIndex = 0
2021-10-28 01:49:48,026 [31d6ae09-1bf4-4ff4-9532-94f29ed1392e@group-0B92E8633D8E-FollowerState] INFO  impl.FollowerState (FollowerState.java:run(143)) - 31d6ae09-1bf4-4ff4-9532-94f29ed1392e@group-0B92E8633D8E-FollowerState was interrupted: {}
java.lang.InterruptedException: sleep interrupted
	at java.lang.Thread.sleep(Native Method)
	at java.lang.Thread.sleep(Thread.java:340)
	at java.util.concurrent.TimeUnit.sleep(TimeUnit.java:386)
	at org.apache.ratis.util.TimeDuration.sleep(TimeDuration.java:324)
	at org.apache.ratis.util.TimeDuration.sleep(TimeDuration.java:309)
	at org.apache.ratis.server.impl.FollowerState.run(FollowerState.java:118)
2021-10-28 01:49:48,027 [31d6ae09-1bf4-4ff4-9532-94f29ed1392e@group-0B92E8633D8E-StateMachineUpdater] INFO  ratis.ContainerStateMachine (ContainerStateMachine.java:takeSnapshot(292)) - group-0B92E8633D8E: Taking a snapshot at:(t:1, i:0) file /home/runner/work/ozone/ozone/hadoop-ozone/integration-test/target/test-dir/MiniOzoneClusterImpl-0566475b-15f3-492a-9b28-f78457f271af/datanode-5/data/ratis/6cf808e4-8713-4a6a-bdd0-0b92e8633d8e/sm/snapshot.1_0
2021-10-28 01:49:48,028 [31d6ae09-1bf4-4ff4-9532-94f29ed1392e@group-0B92E8633D8E-StateMachineUpdater] INFO  ratis.ContainerStateMachine (ContainerStateMachine.java:takeSnapshot(303)) - group-0B92E8633D8E: Finished taking a snapshot at:(t:1, i:0) file:/home/runner/work/ozone/ozone/hadoop-ozone/integration-test/target/test-dir/MiniOzoneClusterImpl-0566475b-15f3-492a-9b28-f78457f271af/datanode-5/data/ratis/6cf808e4-8713-4a6a-bdd0-0b92e8633d8e/sm/snapshot.1_0 took: 1 ms
2021-10-28 01:49:48,028 [31d6ae09-1bf4-4ff4-9532-94f29ed1392e@group-0B92E8633D8E-StateMachineUpdater] INFO  impl.StateMachineUpdater (StateMachineUpdater.java:takeSnapshot(281)) - 31d6ae09-1bf4-4ff4-9532-94f29ed1392e@group-0B92E8633D8E-StateMachineUpdater: Took a snapshot at index 0
2021-10-28 01:49:48,028 [31d6ae09-1bf4-4ff4-9532-94f29ed1392e@group-0B92E8633D8E-StateMachineUpdater] INFO  impl.StateMachineUpdater (StateMachineUpdater.java:lambda$new$0(89)) - 31d6ae09-1bf4-4ff4-9532-94f29ed1392e@group-0B92E8633D8E-StateMachineUpdater: snapshotIndex: updateIncreasingly -1 -> 0
2021-10-28 01:49:48,029 [Listener at 127.0.0.1/46475] INFO  server.RaftServer$Division (ServerState.java:close(419)) - 31d6ae09-1bf4-4ff4-9532-94f29ed1392e@group-0B92E8633D8E: closes. applyIndex: 0
2021-10-28 01:49:48,029 [31d6ae09-1bf4-4ff4-9532-94f29ed1392e@group-0B92E8633D8E-SegmentedRaftLogWorker] INFO  segmented.SegmentedRaftLogWorker (SegmentedRaftLogWorker.java:run(327)) - 31d6ae09-1bf4-4ff4-9532-94f29ed1392e@group-0B92E8633D8E-SegmentedRaftLogWorker was interrupted, exiting. There are 0 tasks remaining in the queue.
2021-10-28 01:49:48,031 [Listener at 127.0.0.1/46475] INFO  segmented.SegmentedRaftLogWorker (SegmentedRaftLogWorker.java:close(237)) - 31d6ae09-1bf4-4ff4-9532-94f29ed1392e@group-0B92E8633D8E-SegmentedRaftLogWorker close()
2021-10-28 01:49:48,033 [Listener at 127.0.0.1/46475] INFO  server.RaftServer$Division (RaftServerImpl.java:lambda$close$4(412)) - 31d6ae09-1bf4-4ff4-9532-94f29ed1392e@group-CDFD84D3B5C4: shutdown
2021-10-28 01:49:48,033 [Listener at 127.0.0.1/46475] INFO  util.JmxRegister (JmxRegister.java:unregister(73)) - Successfully un-registered JMX Bean with object name Ratis:service=RaftServer,group=group-CDFD84D3B5C4,id=31d6ae09-1bf4-4ff4-9532-94f29ed1392e
2021-10-28 01:49:48,033 [Listener at 127.0.0.1/46475] INFO  impl.RoleInfo (RoleInfo.java:shutdownLeaderState(91)) - 31d6ae09-1bf4-4ff4-9532-94f29ed1392e: shutdown 31d6ae09-1bf4-4ff4-9532-94f29ed1392e@group-CDFD84D3B5C4-LeaderStateImpl
2021-10-28 01:49:48,033 [Listener at 127.0.0.1/46475] INFO  impl.PendingRequests (PendingRequests.java:sendNotLeaderResponses(282)) - 31d6ae09-1bf4-4ff4-9532-94f29ed1392e@group-CDFD84D3B5C4-PendingRequests: sendNotLeaderResponses
2021-10-28 01:49:48,036 [Listener at 127.0.0.1/46475] INFO  impl.StateMachineUpdater (StateMachineUpdater.java:stopAndJoin(149)) - 31d6ae09-1bf4-4ff4-9532-94f29ed1392e@group-CDFD84D3B5C4-StateMachineUpdater: set stopIndex = 0
2021-10-28 01:49:48,037 [31d6ae09-1bf4-4ff4-9532-94f29ed1392e@group-CDFD84D3B5C4-StateMachineUpdater] INFO  ratis.ContainerStateMachine (ContainerStateMachine.java:takeSnapshot(292)) - group-CDFD84D3B5C4: Taking a snapshot at:(t:4, i:0) file /home/runner/work/ozone/ozone/hadoop-ozone/integration-test/target/test-dir/MiniOzoneClusterImpl-0566475b-15f3-492a-9b28-f78457f271af/datanode-5/data/ratis/b21a688c-33a3-4df7-a4a3-cdfd84d3b5c4/sm/snapshot.4_0
2021-10-28 01:49:48,039 [31d6ae09-1bf4-4ff4-9532-94f29ed1392e@group-CDFD84D3B5C4-StateMachineUpdater] INFO  ratis.ContainerStateMachine (ContainerStateMachine.java:takeSnapshot(303)) - group-CDFD84D3B5C4: Finished taking a snapshot at:(t:4, i:0) file:/home/runner/work/ozone/ozone/hadoop-ozone/integration-test/target/test-dir/MiniOzoneClusterImpl-0566475b-15f3-492a-9b28-f78457f271af/datanode-5/data/ratis/b21a688c-33a3-4df7-a4a3-cdfd84d3b5c4/sm/snapshot.4_0 took: 2 ms
2021-10-28 01:49:48,039 [31d6ae09-1bf4-4ff4-9532-94f29ed1392e@group-CDFD84D3B5C4-StateMachineUpdater] INFO  impl.StateMachineUpdater (StateMachineUpdater.java:takeSnapshot(281)) - 31d6ae09-1bf4-4ff4-9532-94f29ed1392e@group-CDFD84D3B5C4-StateMachineUpdater: Took a snapshot at index 0
2021-10-28 01:49:48,039 [31d6ae09-1bf4-4ff4-9532-94f29ed1392e@group-CDFD84D3B5C4-StateMachineUpdater] INFO  impl.StateMachineUpdater (StateMachineUpdater.java:lambda$new$0(89)) - 31d6ae09-1bf4-4ff4-9532-94f29ed1392e@group-CDFD84D3B5C4-StateMachineUpdater: snapshotIndex: updateIncreasingly -1 -> 0
2021-10-28 01:49:48,040 [Listener at 127.0.0.1/46475] INFO  server.RaftServer$Division (ServerState.java:close(419)) - 31d6ae09-1bf4-4ff4-9532-94f29ed1392e@group-CDFD84D3B5C4: closes. applyIndex: 0
2021-10-28 01:49:48,040 [31d6ae09-1bf4-4ff4-9532-94f29ed1392e@group-CDFD84D3B5C4-SegmentedRaftLogWorker] INFO  segmented.SegmentedRaftLogWorker (SegmentedRaftLogWorker.java:run(327)) - 31d6ae09-1bf4-4ff4-9532-94f29ed1392e@group-CDFD84D3B5C4-SegmentedRaftLogWorker was interrupted, exiting. There are 0 tasks remaining in the queue.
2021-10-28 01:49:48,041 [Listener at 127.0.0.1/46475] INFO  segmented.SegmentedRaftLogWorker (SegmentedRaftLogWorker.java:close(237)) - 31d6ae09-1bf4-4ff4-9532-94f29ed1392e@group-CDFD84D3B5C4-SegmentedRaftLogWorker close()
2021-10-28 01:49:48,042 [Listener at 127.0.0.1/46475] INFO  server.RaftServer$Division (RaftServerImpl.java:lambda$close$4(412)) - 31d6ae09-1bf4-4ff4-9532-94f29ed1392e@group-712DC6EF7FC6: shutdown
2021-10-28 01:49:48,042 [Listener at 127.0.0.1/46475] INFO  util.JmxRegister (JmxRegister.java:unregister(73)) - Successfully un-registered JMX Bean with object name Ratis:service=RaftServer,group=group-712DC6EF7FC6,id=31d6ae09-1bf4-4ff4-9532-94f29ed1392e
2021-10-28 01:49:48,042 [Listener at 127.0.0.1/46475] INFO  impl.RoleInfo (RoleInfo.java:shutdownLeaderState(91)) - 31d6ae09-1bf4-4ff4-9532-94f29ed1392e: shutdown 31d6ae09-1bf4-4ff4-9532-94f29ed1392e@group-712DC6EF7FC6-LeaderStateImpl
2021-10-28 01:49:48,043 [Listener at 127.0.0.1/46475] INFO  impl.PendingRequests (PendingRequests.java:sendNotLeaderResponses(282)) - 31d6ae09-1bf4-4ff4-9532-94f29ed1392e@group-712DC6EF7FC6-PendingRequests: sendNotLeaderResponses
2021-10-28 01:49:48,051 [Listener at 127.0.0.1/46475] INFO  impl.StateMachineUpdater (StateMachineUpdater.java:stopAndJoin(149)) - 31d6ae09-1bf4-4ff4-9532-94f29ed1392e@group-712DC6EF7FC6-StateMachineUpdater: set stopIndex = 11
2021-10-28 01:49:48,052 [31d6ae09-1bf4-4ff4-9532-94f29ed1392e@group-712DC6EF7FC6-StateMachineUpdater] INFO  ratis.ContainerStateMachine (ContainerStateMachine.java:takeSnapshot(292)) - group-712DC6EF7FC6: Taking a snapshot at:(t:1, i:11) file /home/runner/work/ozone/ozone/hadoop-ozone/integration-test/target/test-dir/MiniOzoneClusterImpl-0566475b-15f3-492a-9b28-f78457f271af/datanode-5/data/ratis/572f35b9-4513-420d-a747-712dc6ef7fc6/sm/snapshot.1_11
2021-10-28 01:49:48,056 [31d6ae09-1bf4-4ff4-9532-94f29ed1392e@group-712DC6EF7FC6-StateMachineUpdater] INFO  ratis.ContainerStateMachine (ContainerStateMachine.java:takeSnapshot(303)) - group-712DC6EF7FC6: Finished taking a snapshot at:(t:1, i:11) file:/home/runner/work/ozone/ozone/hadoop-ozone/integration-test/target/test-dir/MiniOzoneClusterImpl-0566475b-15f3-492a-9b28-f78457f271af/datanode-5/data/ratis/572f35b9-4513-420d-a747-712dc6ef7fc6/sm/snapshot.1_11 took: 4 ms
2021-10-28 01:49:48,056 [31d6ae09-1bf4-4ff4-9532-94f29ed1392e@group-712DC6EF7FC6-StateMachineUpdater] INFO  impl.StateMachineUpdater (StateMachineUpdater.java:takeSnapshot(281)) - 31d6ae09-1bf4-4ff4-9532-94f29ed1392e@group-712DC6EF7FC6-StateMachineUpdater: Took a snapshot at index 11
2021-10-28 01:49:48,056 [31d6ae09-1bf4-4ff4-9532-94f29ed1392e@group-712DC6EF7FC6-StateMachineUpdater] INFO  impl.StateMachineUpdater (StateMachineUpdater.java:lambda$new$0(89)) - 31d6ae09-1bf4-4ff4-9532-94f29ed1392e@group-712DC6EF7FC6-StateMachineUpdater: snapshotIndex: updateIncreasingly -1 -> 11
2021-10-28 01:49:48,056 [Listener at 127.0.0.1/46475] INFO  server.RaftServer$Division (ServerState.java:close(419)) - 31d6ae09-1bf4-4ff4-9532-94f29ed1392e@group-712DC6EF7FC6: closes. applyIndex: 11
2021-10-28 01:49:48,057 [31d6ae09-1bf4-4ff4-9532-94f29ed1392e@group-712DC6EF7FC6-SegmentedRaftLogWorker] INFO  segmented.SegmentedRaftLogWorker (SegmentedRaftLogWorker.java:run(327)) - 31d6ae09-1bf4-4ff4-9532-94f29ed1392e@group-712DC6EF7FC6-SegmentedRaftLogWorker was interrupted, exiting. There are 0 tasks remaining in the queue.
2021-10-28 01:49:48,058 [Listener at 127.0.0.1/46475] INFO  segmented.SegmentedRaftLogWorker (SegmentedRaftLogWorker.java:close(237)) - 31d6ae09-1bf4-4ff4-9532-94f29ed1392e@group-712DC6EF7FC6-SegmentedRaftLogWorker close()
2021-10-28 01:49:48,060 [Listener at 127.0.0.1/46475] INFO  server.GrpcService (GrpcService.java:closeImpl(262)) - 31d6ae09-1bf4-4ff4-9532-94f29ed1392e: shutdown server with port 44047 now
2021-10-28 01:49:48,068 [grpc-default-executor-0] WARN  server.GrpcLogAppender (LogUtils.java:warn(122)) - 850b4870-9ae5-4bfa-bbd2-f1f242dff33d@group-0B92E8633D8E->31d6ae09-1bf4-4ff4-9532-94f29ed1392e-AppendLogResponseHandler: Failed appendEntries: org.apache.ratis.thirdparty.io.grpc.StatusRuntimeException: CANCELLED: HTTP/2 error code: CANCEL
Received Rst Stream
2021-10-28 01:49:48,068 [grpc-default-executor-0] WARN  server.GrpcLogAppender (GrpcLogAppender.java:resetClient(110)) - 850b4870-9ae5-4bfa-bbd2-f1f242dff33d@group-0B92E8633D8E->31d6ae09-1bf4-4ff4-9532-94f29ed1392e-GrpcLogAppender: Leader has not got in touch with Follower 850b4870-9ae5-4bfa-bbd2-f1f242dff33d@group-0B92E8633D8E->31d6ae09-1bf4-4ff4-9532-94f29ed1392e(c0,m0,n1, attendVote=true, lastRpcSendTime=1803, lastRpcResponseTime=1791) yet, just keep nextIndex unchanged and retry.
2021-10-28 01:49:48,086 [31d6ae09-1bf4-4ff4-9532-94f29ed1392e@group-CDFD84D3B5C4->43ee2308-4bff-4c12-a476-7906f102dfb0-GrpcLogAppender-LogAppenderDaemon] WARN  server.GrpcLogAppender (GrpcLogAppender.java:mayWait(177)) - 31d6ae09-1bf4-4ff4-9532-94f29ed1392e@group-CDFD84D3B5C4->43ee2308-4bff-4c12-a476-7906f102dfb0-GrpcLogAppender: Wait interrupted by java.lang.InterruptedException
2021-10-28 01:49:48,091 [31d6ae09-1bf4-4ff4-9532-94f29ed1392e@group-CDFD84D3B5C4->850b4870-9ae5-4bfa-bbd2-f1f242dff33d-GrpcLogAppender-LogAppenderDaemon] WARN  server.GrpcLogAppender (GrpcLogAppender.java:mayWait(177)) - 31d6ae09-1bf4-4ff4-9532-94f29ed1392e@group-CDFD84D3B5C4->850b4870-9ae5-4bfa-bbd2-f1f242dff33d-GrpcLogAppender: Wait interrupted by java.lang.InterruptedException
2021-10-28 01:49:48,091 [grpc-default-executor-3] INFO  server.GrpcServerProtocolService (GrpcServerProtocolService.java:onCompleted(140)) - 43ee2308-4bff-4c12-a476-7906f102dfb0: Completed APPEND_ENTRIES, lastRequest: 31d6ae09-1bf4-4ff4-9532-94f29ed1392e->43ee2308-4bff-4c12-a476-7906f102dfb0#1-t4,previous=(t:0, i:0),leaderCommit=-1,initializing? true,entries: size=1, first=(t:4, i:0), CONFIGURATIONENTRY
2021-10-28 01:49:48,094 [grpc-default-executor-3] INFO  server.GrpcServerProtocolService (GrpcServerProtocolService.java:onCompleted(140)) - 850b4870-9ae5-4bfa-bbd2-f1f242dff33d: Completed APPEND_ENTRIES, lastRequest: 31d6ae09-1bf4-4ff4-9532-94f29ed1392e->850b4870-9ae5-4bfa-bbd2-f1f242dff33d#1-t4,previous=(t:0, i:0),leaderCommit=0,initializing? true,entries: size=1, first=(t:4, i:0), CONFIGURATIONENTRY
2021-10-28 01:49:48,096 [grpc-default-executor-1] INFO  server.GrpcLogAppender (GrpcLogAppender.java:onCompleted(346)) - 31d6ae09-1bf4-4ff4-9532-94f29ed1392e@group-CDFD84D3B5C4->43ee2308-4bff-4c12-a476-7906f102dfb0-AppendLogResponseHandler: follower responses appendEntries COMPLETED
2021-10-28 01:49:48,096 [grpc-default-executor-1] WARN  server.GrpcLogAppender (GrpcLogAppender.java:resetClient(116)) - 31d6ae09-1bf4-4ff4-9532-94f29ed1392e@group-CDFD84D3B5C4->43ee2308-4bff-4c12-a476-7906f102dfb0-GrpcLogAppender: Failed to getClient for 43ee2308-4bff-4c12-a476-7906f102dfb0
org.apache.ratis.protocol.exceptions.AlreadyClosedException: 31d6ae09-1bf4-4ff4-9532-94f29ed1392e is already CLOSED
	at org.apache.ratis.util.PeerProxyMap$PeerAndProxy.getProxy(PeerProxyMap.java:60)
	at org.apache.ratis.util.PeerProxyMap.getProxy(PeerProxyMap.java:114)
	at org.apache.ratis.grpc.server.GrpcLogAppender.getClient(GrpcLogAppender.java:95)
	at org.apache.ratis.grpc.server.GrpcLogAppender.resetClient(GrpcLogAppender.java:100)
	at org.apache.ratis.grpc.server.GrpcLogAppender.access$500(GrpcLogAppender.java:53)
	at org.apache.ratis.grpc.server.GrpcLogAppender$AppendLogResponseHandler.onCompleted(GrpcLogAppender.java:347)
	at org.apache.ratis.thirdparty.io.grpc.stub.ClientCalls$StreamObserverToCallListenerAdapter.onClose(ClientCalls.java:476)
	at org.apache.ratis.thirdparty.io.grpc.internal.ClientCallImpl.closeObserver(ClientCallImpl.java:616)
	at org.apache.ratis.thirdparty.io.grpc.internal.ClientCallImpl.access$300(ClientCallImpl.java:69)
	at org.apache.ratis.thirdparty.io.grpc.internal.ClientCallImpl$ClientStreamListenerImpl$1StreamClosed.runInternal(ClientCallImpl.java:802)
	at org.apache.ratis.thirdparty.io.grpc.internal.ClientCallImpl$ClientStreamListenerImpl$1StreamClosed.runInContext(ClientCallImpl.java:781)
	at org.apache.ratis.thirdparty.io.grpc.internal.ContextRunnable.run(ContextRunnable.java:37)
	at org.apache.ratis.thirdparty.io.grpc.internal.SerializingExecutor.run(SerializingExecutor.java:123)
	at java.util.concurrent.ThreadPoolExecutor.runWorker(ThreadPoolExecutor.java:1149)
	at java.util.concurrent.ThreadPoolExecutor$Worker.run(ThreadPoolExecutor.java:624)
	at java.lang.Thread.run(Thread.java:748)
2021-10-28 01:49:48,100 [Listener at 127.0.0.1/46475] INFO  server.GrpcService (GrpcService.java:closeImpl(271)) - 31d6ae09-1bf4-4ff4-9532-94f29ed1392e: shutdown server with port 44047 successfully
2021-10-28 01:49:48,100 [org.apache.ratis.util.JvmPauseMonitor$$Lambda$531/277938555@2c5db24] INFO  util.JvmPauseMonitor (JvmPauseMonitor.java:run(109)) - JvmPauseMonitor-31d6ae09-1bf4-4ff4-9532-94f29ed1392e: Stopped
2021-10-28 01:49:48,102 [grpc-default-executor-2] WARN  server.GrpcServerProtocolService (LogUtils.java:warn(122)) - 31d6ae09-1bf4-4ff4-9532-94f29ed1392e: installSnapshot onError, lastRequest: 850b4870-9ae5-4bfa-bbd2-f1f242dff33d->31d6ae09-1bf4-4ff4-9532-94f29ed1392e#1-t1,previous=(t:0, i:0),leaderCommit=0,initializing? true,entries: size=1, first=(t:1, i:0), CONFIGURATIONENTRY: org.apache.ratis.thirdparty.io.grpc.StatusRuntimeException: CANCELLED: client cancelled
2021-10-28 01:49:48,108 [Listener at 127.0.0.1/46475] INFO  utils.BackgroundService (BackgroundService.java:shutdown(132)) - Shutting down service BlockDeletingService
2021-10-28 01:49:48,131 [grpc-default-executor-3] INFO  server.GrpcLogAppender (GrpcLogAppender.java:onCompleted(346)) - 31d6ae09-1bf4-4ff4-9532-94f29ed1392e@group-CDFD84D3B5C4->850b4870-9ae5-4bfa-bbd2-f1f242dff33d-AppendLogResponseHandler: follower responses appendEntries COMPLETED
2021-10-28 01:49:48,131 [grpc-default-executor-3] WARN  server.GrpcLogAppender (GrpcLogAppender.java:resetClient(116)) - 31d6ae09-1bf4-4ff4-9532-94f29ed1392e@group-CDFD84D3B5C4->850b4870-9ae5-4bfa-bbd2-f1f242dff33d-GrpcLogAppender: Failed to getClient for 850b4870-9ae5-4bfa-bbd2-f1f242dff33d
org.apache.ratis.protocol.exceptions.AlreadyClosedException: 31d6ae09-1bf4-4ff4-9532-94f29ed1392e is already CLOSED
	at org.apache.ratis.util.PeerProxyMap$PeerAndProxy.getProxy(PeerProxyMap.java:60)
	at org.apache.ratis.util.PeerProxyMap.getProxy(PeerProxyMap.java:114)
	at org.apache.ratis.grpc.server.GrpcLogAppender.getClient(GrpcLogAppender.java:95)
	at org.apache.ratis.grpc.server.GrpcLogAppender.resetClient(GrpcLogAppender.java:100)
	at org.apache.ratis.grpc.server.GrpcLogAppender.access$500(GrpcLogAppender.java:53)
	at org.apache.ratis.grpc.server.GrpcLogAppender$AppendLogResponseHandler.onCompleted(GrpcLogAppender.java:347)
	at org.apache.ratis.thirdparty.io.grpc.stub.ClientCalls$StreamObserverToCallListenerAdapter.onClose(ClientCalls.java:476)
	at org.apache.ratis.thirdparty.io.grpc.internal.ClientCallImpl.closeObserver(ClientCallImpl.java:616)
	at org.apache.ratis.thirdparty.io.grpc.internal.ClientCallImpl.access$300(ClientCallImpl.java:69)
	at org.apache.ratis.thirdparty.io.grpc.internal.ClientCallImpl$ClientStreamListenerImpl$1StreamClosed.runInternal(ClientCallImpl.java:802)
	at org.apache.ratis.thirdparty.io.grpc.internal.ClientCallImpl$ClientStreamListenerImpl$1StreamClosed.runInContext(ClientCallImpl.java:781)
	at org.apache.ratis.thirdparty.io.grpc.internal.ContextRunnable.run(ContextRunnable.java:37)
	at org.apache.ratis.thirdparty.io.grpc.internal.SerializingExecutor.run(SerializingExecutor.java:123)
	at java.util.concurrent.ThreadPoolExecutor.runWorker(ThreadPoolExecutor.java:1149)
	at java.util.concurrent.ThreadPoolExecutor$Worker.run(ThreadPoolExecutor.java:624)
	at java.lang.Thread.run(Thread.java:748)
2021-10-28 01:49:48,778 [grpc-default-executor-2] WARN  server.GrpcLogAppender (LogUtils.java:warn(122)) - 850b4870-9ae5-4bfa-bbd2-f1f242dff33d@group-0B92E8633D8E->31d6ae09-1bf4-4ff4-9532-94f29ed1392e-AppendLogResponseHandler: Failed appendEntries: org.apache.ratis.thirdparty.io.grpc.StatusRuntimeException: UNAVAILABLE: io exception
2021-10-28 01:49:48,778 [grpc-default-executor-2] WARN  server.GrpcLogAppender (GrpcLogAppender.java:resetClient(110)) - 850b4870-9ae5-4bfa-bbd2-f1f242dff33d@group-0B92E8633D8E->31d6ae09-1bf4-4ff4-9532-94f29ed1392e-GrpcLogAppender: Leader has not got in touch with Follower 850b4870-9ae5-4bfa-bbd2-f1f242dff33d@group-0B92E8633D8E->31d6ae09-1bf4-4ff4-9532-94f29ed1392e(c0,m0,n1, attendVote=true, lastRpcSendTime=1, lastRpcResponseTime=2501) yet, just keep nextIndex unchanged and retry.
2021-10-28 01:49:51,153 [Listener at 127.0.0.1/46475] INFO  statemachine.DatanodeStateMachine (DatanodeStateMachine.java:stopDaemon(526)) - Ozone container server stopped.
2021-10-28 01:49:51,153 [Listener at 127.0.0.1/46475] INFO  handler.ContextHandler (ContextHandler.java:doStop(1153)) - Stopped o.e.j.w.WebAppContext@56b4a25{hddsDatanode,/,null,STOPPED}{jar:file:/home/runner/.m2/repository/org/apache/ozone/hdds-container-service/1.2.0-SNAPSHOT/hdds-container-service-1.2.0-SNAPSHOT.jar!/webapps/hddsDatanode}
2021-10-28 01:49:51,154 [Listener at 127.0.0.1/46475] INFO  server.AbstractConnector (AbstractConnector.java:doStop(381)) - Stopped ServerConnector@1034662f{HTTP/1.1, (http/1.1)}{0.0.0.0:0}
2021-10-28 01:49:51,154 [Listener at 127.0.0.1/46475] INFO  server.session (HouseKeeper.java:stopScavenging(149)) - node0 Stopped scavenging
2021-10-28 01:49:51,154 [Listener at 127.0.0.1/46475] INFO  handler.ContextHandler (ContextHandler.java:doStop(1153)) - Stopped o.e.j.s.ServletContextHandler@4acb9549{static,/static,jar:file:/home/runner/.m2/repository/org/apache/ozone/hdds-container-service/1.2.0-SNAPSHOT/hdds-container-service-1.2.0-SNAPSHOT.jar!/webapps/static,STOPPED}
2021-10-28 01:49:51,154 [Listener at 127.0.0.1/46475] INFO  handler.ContextHandler (ContextHandler.java:doStop(1153)) - Stopped o.e.j.s.ServletContextHandler@4553572c{logs,/logs,file:///home/runner/work/ozone/ozone/hadoop-ozone/integration-test/target/log,STOPPED}
2021-10-28 01:49:51,287 [grpc-default-executor-3] WARN  server.GrpcLogAppender (LogUtils.java:warn(122)) - 850b4870-9ae5-4bfa-bbd2-f1f242dff33d@group-0B92E8633D8E->31d6ae09-1bf4-4ff4-9532-94f29ed1392e-AppendLogResponseHandler: Failed appendEntries: org.apache.ratis.thirdparty.io.grpc.StatusRuntimeException: UNAVAILABLE: io exception
2021-10-28 01:49:51,288 [grpc-default-executor-3] WARN  server.GrpcLogAppender (GrpcLogAppender.java:resetClient(110)) - 850b4870-9ae5-4bfa-bbd2-f1f242dff33d@group-0B92E8633D8E->31d6ae09-1bf4-4ff4-9532-94f29ed1392e-GrpcLogAppender: Leader has not got in touch with Follower 850b4870-9ae5-4bfa-bbd2-f1f242dff33d@group-0B92E8633D8E->31d6ae09-1bf4-4ff4-9532-94f29ed1392e(c0,m0,n1, attendVote=true, lastRpcSendTime=2510, lastRpcResponseTime=5011) yet, just keep nextIndex unchanged and retry.
2021-10-28 01:49:52,871 [EventQueue-StaleNodeForStaleNodeHandler] INFO  node.StaleNodeHandler (StaleNodeHandler.java:onMessage(58)) - Datanode 31d6ae09-1bf4-4ff4-9532-94f29ed1392e{ip: 10.1.0.29, host: fv-az270-135.tacnzluakwdehk1hpragurqkma.bx.internal.cloudapp.net, ports: [REPLICATION=42011, RATIS=44047, RATIS_ADMIN=44047, RATIS_SERVER=44047, STANDALONE=32823], networkLocation: /default-rack, certSerialId: null, persistedOpState: IN_SERVICE, persistedOpStateExpiryEpochSec: 0} moved to stale state. Finalizing its pipelines [PipelineID=6cf808e4-8713-4a6a-bdd0-0b92e8633d8e, PipelineID=572f35b9-4513-420d-a747-712dc6ef7fc6, PipelineID=b21a688c-33a3-4df7-a4a3-cdfd84d3b5c4]
2021-10-28 01:49:52,871 [EventQueue-StaleNodeForStaleNodeHandler] INFO  pipeline.PipelineManagerImpl (PipelineManagerImpl.java:closePipeline(349)) - Pipeline Pipeline[ Id: 6cf808e4-8713-4a6a-bdd0-0b92e8633d8e, Nodes: 850b4870-9ae5-4bfa-bbd2-f1f242dff33d{ip: 10.1.0.29, host: fv-az270-135.tacnzluakwdehk1hpragurqkma.bx.internal.cloudapp.net, ports: [REPLICATION=39677, RATIS=35637, RATIS_ADMIN=35637, RATIS_SERVER=35637, STANDALONE=41253], networkLocation: /default-rack, certSerialId: null, persistedOpState: IN_SERVICE, persistedOpStateExpiryEpochSec: 0}43ee2308-4bff-4c12-a476-7906f102dfb0{ip: 10.1.0.29, host: fv-az270-135.tacnzluakwdehk1hpragurqkma.bx.internal.cloudapp.net, ports: [REPLICATION=42689, RATIS=33053, RATIS_ADMIN=33053, RATIS_SERVER=33053, STANDALONE=35333], networkLocation: /default-rack, certSerialId: null, persistedOpState: IN_SERVICE, persistedOpStateExpiryEpochSec: 0}31d6ae09-1bf4-4ff4-9532-94f29ed1392e{ip: 10.1.0.29, host: fv-az270-135.tacnzluakwdehk1hpragurqkma.bx.internal.cloudapp.net, ports: [REPLICATION=42011, RATIS=44047, RATIS_ADMIN=44047, RATIS_SERVER=44047, STANDALONE=32823], networkLocation: /default-rack, certSerialId: null, persistedOpState: IN_SERVICE, persistedOpStateExpiryEpochSec: 0}, ReplicationConfig: RATIS/THREE, State:OPEN, leaderId:850b4870-9ae5-4bfa-bbd2-f1f242dff33d, CreationTimestamp2021-10-28T01:49:23.807Z[Etc/UTC]] moved to CLOSED state
2021-10-28 01:49:52,872 [EventQueue-StaleNodeForStaleNodeHandler] INFO  pipeline.PipelineManagerImpl (PipelineManagerImpl.java:closePipeline(349)) - Pipeline Pipeline[ Id: 572f35b9-4513-420d-a747-712dc6ef7fc6, Nodes: 31d6ae09-1bf4-4ff4-9532-94f29ed1392e{ip: 10.1.0.29, host: fv-az270-135.tacnzluakwdehk1hpragurqkma.bx.internal.cloudapp.net, ports: [REPLICATION=42011, RATIS=44047, RATIS_ADMIN=44047, RATIS_SERVER=44047, STANDALONE=32823], networkLocation: /default-rack, certSerialId: null, persistedOpState: IN_SERVICE, persistedOpStateExpiryEpochSec: 0}, ReplicationConfig: RATIS/ONE, State:OPEN, leaderId:31d6ae09-1bf4-4ff4-9532-94f29ed1392e, CreationTimestamp2021-10-28T01:49:23.805Z[Etc/UTC]] moved to CLOSED state
2021-10-28 01:49:52,872 [EventQueue-StaleNodeForStaleNodeHandler] INFO  pipeline.PipelineManagerImpl (PipelineManagerImpl.java:closePipeline(349)) - Pipeline Pipeline[ Id: b21a688c-33a3-4df7-a4a3-cdfd84d3b5c4, Nodes: 850b4870-9ae5-4bfa-bbd2-f1f242dff33d{ip: 10.1.0.29, host: fv-az270-135.tacnzluakwdehk1hpragurqkma.bx.internal.cloudapp.net, ports: [REPLICATION=39677, RATIS=35637, RATIS_ADMIN=35637, RATIS_SERVER=35637, STANDALONE=41253], networkLocation: /default-rack, certSerialId: null, persistedOpState: IN_SERVICE, persistedOpStateExpiryEpochSec: 0}43ee2308-4bff-4c12-a476-7906f102dfb0{ip: 10.1.0.29, host: fv-az270-135.tacnzluakwdehk1hpragurqkma.bx.internal.cloudapp.net, ports: [REPLICATION=42689, RATIS=33053, RATIS_ADMIN=33053, RATIS_SERVER=33053, STANDALONE=35333], networkLocation: /default-rack, certSerialId: null, persistedOpState: IN_SERVICE, persistedOpStateExpiryEpochSec: 0}31d6ae09-1bf4-4ff4-9532-94f29ed1392e{ip: 10.1.0.29, host: fv-az270-135.tacnzluakwdehk1hpragurqkma.bx.internal.cloudapp.net, ports: [REPLICATION=42011, RATIS=44047, RATIS_ADMIN=44047, RATIS_SERVER=44047, STANDALONE=32823], networkLocation: /default-rack, certSerialId: null, persistedOpState: IN_SERVICE, persistedOpStateExpiryEpochSec: 0}, ReplicationConfig: RATIS/THREE, State:ALLOCATED, leaderId:, CreationTimestamp2021-10-28T01:49:23.806Z[Etc/UTC]] moved to CLOSED state
2021-10-28 01:49:52,873 [EventQueue-CloseContainerForCloseContainerEventHandler] INFO  container.CloseContainerEventHandler (CloseContainerEventHandler.java:onMessage(69)) - Close container Event triggered for container : #1
2021-10-28 01:49:53,795 [grpc-default-executor-2] WARN  server.GrpcLogAppender (LogUtils.java:warn(122)) - 850b4870-9ae5-4bfa-bbd2-f1f242dff33d@group-0B92E8633D8E->31d6ae09-1bf4-4ff4-9532-94f29ed1392e-AppendLogResponseHandler: Failed appendEntries: org.apache.ratis.thirdparty.io.grpc.StatusRuntimeException: UNAVAILABLE: io exception
2021-10-28 01:49:53,796 [grpc-default-executor-2] WARN  server.GrpcLogAppender (GrpcLogAppender.java:resetClient(110)) - 850b4870-9ae5-4bfa-bbd2-f1f242dff33d@group-0B92E8633D8E->31d6ae09-1bf4-4ff4-9532-94f29ed1392e-GrpcLogAppender: Leader has not got in touch with Follower 850b4870-9ae5-4bfa-bbd2-f1f242dff33d@group-0B92E8633D8E->31d6ae09-1bf4-4ff4-9532-94f29ed1392e(c0,m0,n1, attendVote=true, lastRpcSendTime=2507, lastRpcResponseTime=7519) yet, just keep nextIndex unchanged and retry.
2021-10-28 01:49:56,143 [43ee2308-4bff-4c12-a476-7906f102dfb0@group-CDFD84D3B5C4-FollowerState] INFO  impl.FollowerState (FollowerState.java:run(134)) - 43ee2308-4bff-4c12-a476-7906f102dfb0@group-CDFD84D3B5C4-FollowerState: change to CANDIDATE, lastRpcElapsedTime:9961727947ns, electionTimeout:5082ms
2021-10-28 01:49:56,144 [43ee2308-4bff-4c12-a476-7906f102dfb0@group-CDFD84D3B5C4-FollowerState] INFO  impl.RoleInfo (RoleInfo.java:shutdownFollowerState(108)) - 43ee2308-4bff-4c12-a476-7906f102dfb0: shutdown 43ee2308-4bff-4c12-a476-7906f102dfb0@group-CDFD84D3B5C4-FollowerState
2021-10-28 01:49:56,144 [43ee2308-4bff-4c12-a476-7906f102dfb0@group-CDFD84D3B5C4-FollowerState] INFO  server.RaftServer$Division (RaftServerImpl.java:setRole(290)) - 43ee2308-4bff-4c12-a476-7906f102dfb0@group-CDFD84D3B5C4: changes role from  FOLLOWER to CANDIDATE at term 4 for changeToCandidate
2021-10-28 01:49:56,144 [43ee2308-4bff-4c12-a476-7906f102dfb0@group-CDFD84D3B5C4-FollowerState] INFO  server.RaftServerConfigKeys (ConfUtils.java:logGet(44)) - raft.server.leaderelection.pre-vote = false (custom)
2021-10-28 01:49:56,144 [43ee2308-4bff-4c12-a476-7906f102dfb0@group-CDFD84D3B5C4-FollowerState] INFO  impl.RoleInfo (RoleInfo.java:updateAndGet(130)) - 43ee2308-4bff-4c12-a476-7906f102dfb0: start 43ee2308-4bff-4c12-a476-7906f102dfb0@group-CDFD84D3B5C4-LeaderElection76
2021-10-28 01:49:56,169 [43ee2308-4bff-4c12-a476-7906f102dfb0@group-CDFD84D3B5C4-LeaderElection76] INFO  server.RaftServer$Division (ServerState.java:setLeader(285)) - 43ee2308-4bff-4c12-a476-7906f102dfb0@group-CDFD84D3B5C4: change Leader from 31d6ae09-1bf4-4ff4-9532-94f29ed1392e to null at term 4 for ELECTION
2021-10-28 01:49:56,176 [43ee2308-4bff-4c12-a476-7906f102dfb0@group-CDFD84D3B5C4-LeaderElection76] INFO  impl.LeaderElection (LeaderElection.java:askForVotes(306)) - 43ee2308-4bff-4c12-a476-7906f102dfb0@group-CDFD84D3B5C4-LeaderElection76 ELECTION round 0: submit vote requests at term 5 for 0: [850b4870-9ae5-4bfa-bbd2-f1f242dff33d|rpc:10.1.0.29:35637|dataStream:|priority:0, 31d6ae09-1bf4-4ff4-9532-94f29ed1392e|rpc:10.1.0.29:44047|dataStream:|priority:1, 43ee2308-4bff-4c12-a476-7906f102dfb0|rpc:10.1.0.29:33053|dataStream:|priority:0], old=null
2021-10-28 01:49:56,187 [grpc-default-executor-3] INFO  server.RaftServer$Division (RaftServerImpl.java:requestVote(1046)) - 850b4870-9ae5-4bfa-bbd2-f1f242dff33d@group-CDFD84D3B5C4: receive requestVote(ELECTION, 43ee2308-4bff-4c12-a476-7906f102dfb0, group-CDFD84D3B5C4, 5, (t:4, i:0))
2021-10-28 01:49:56,187 [grpc-default-executor-3] INFO  impl.VoteContext (VoteContext.java:log(48)) - 850b4870-9ae5-4bfa-bbd2-f1f242dff33d@group-CDFD84D3B5C4-FOLLOWER: accept ELECTION from 43ee2308-4bff-4c12-a476-7906f102dfb0: our priority 0 <= candidate's priority 0
2021-10-28 01:49:56,187 [grpc-default-executor-3] INFO  server.RaftServer$Division (ServerState.java:setLeader(285)) - 850b4870-9ae5-4bfa-bbd2-f1f242dff33d@group-CDFD84D3B5C4: change Leader from 31d6ae09-1bf4-4ff4-9532-94f29ed1392e to null at term 5 for updateCurrentTerm
2021-10-28 01:49:56,188 [grpc-default-executor-3] INFO  server.RaftServer$Division (RaftServerImpl.java:setRole(290)) - 850b4870-9ae5-4bfa-bbd2-f1f242dff33d@group-CDFD84D3B5C4: changes role from  FOLLOWER to FOLLOWER at term 5 for candidate:43ee2308-4bff-4c12-a476-7906f102dfb0
2021-10-28 01:49:56,188 [grpc-default-executor-3] INFO  impl.RoleInfo (RoleInfo.java:shutdownFollowerState(108)) - 850b4870-9ae5-4bfa-bbd2-f1f242dff33d: shutdown 850b4870-9ae5-4bfa-bbd2-f1f242dff33d@group-CDFD84D3B5C4-FollowerState
2021-10-28 01:49:56,197 [grpc-default-executor-3] INFO  impl.RoleInfo (RoleInfo.java:updateAndGet(130)) - 850b4870-9ae5-4bfa-bbd2-f1f242dff33d: start 850b4870-9ae5-4bfa-bbd2-f1f242dff33d@group-CDFD84D3B5C4-FollowerState
2021-10-28 01:49:56,198 [850b4870-9ae5-4bfa-bbd2-f1f242dff33d@group-CDFD84D3B5C4-FollowerState] INFO  impl.FollowerState (FollowerState.java:run(143)) - 850b4870-9ae5-4bfa-bbd2-f1f242dff33d@group-CDFD84D3B5C4-FollowerState was interrupted: {}
java.lang.InterruptedException: sleep interrupted
	at java.lang.Thread.sleep(Native Method)
	at java.lang.Thread.sleep(Thread.java:340)
	at java.util.concurrent.TimeUnit.sleep(TimeUnit.java:386)
	at org.apache.ratis.util.TimeDuration.sleep(TimeDuration.java:324)
	at org.apache.ratis.util.TimeDuration.sleep(TimeDuration.java:309)
	at org.apache.ratis.server.impl.FollowerState.run(FollowerState.java:118)
2021-10-28 01:49:56,227 [43ee2308-4bff-4c12-a476-7906f102dfb0@group-CDFD84D3B5C4-LeaderElection76] INFO  impl.LeaderElection (LogUtils.java:infoOrTrace(137)) - 43ee2308-4bff-4c12-a476-7906f102dfb0@group-CDFD84D3B5C4-LeaderElection76 got exception when requesting votes: java.util.concurrent.ExecutionException: org.apache.ratis.thirdparty.io.grpc.StatusRuntimeException: UNAVAILABLE: io exception
2021-10-28 01:49:56,227 [grpc-default-executor-3] INFO  server.RaftServer$Division (RaftServerImpl.java:requestVote(1078)) - 850b4870-9ae5-4bfa-bbd2-f1f242dff33d@group-CDFD84D3B5C4 replies to ELECTION vote request: 43ee2308-4bff-4c12-a476-7906f102dfb0<-850b4870-9ae5-4bfa-bbd2-f1f242dff33d#0:OK-t5. Peer's state: 850b4870-9ae5-4bfa-bbd2-f1f242dff33d@group-CDFD84D3B5C4:t5, leader=null, voted=43ee2308-4bff-4c12-a476-7906f102dfb0, raftlog=850b4870-9ae5-4bfa-bbd2-f1f242dff33d@group-CDFD84D3B5C4-SegmentedRaftLog:OPENED:c0, conf=0: [850b4870-9ae5-4bfa-bbd2-f1f242dff33d|rpc:10.1.0.29:35637|dataStream:|priority:0, 31d6ae09-1bf4-4ff4-9532-94f29ed1392e|rpc:10.1.0.29:44047|dataStream:|priority:1, 43ee2308-4bff-4c12-a476-7906f102dfb0|rpc:10.1.0.29:33053|dataStream:|priority:0], old=null
2021-10-28 01:49:56,228 [43ee2308-4bff-4c12-a476-7906f102dfb0@group-CDFD84D3B5C4-LeaderElection76] INFO  impl.LeaderElection (LeaderElection.java:logAndReturn(89)) - 43ee2308-4bff-4c12-a476-7906f102dfb0@group-CDFD84D3B5C4-LeaderElection76: ELECTION PASSED received 1 response(s) and 1 exception(s):
2021-10-28 01:49:56,228 [43ee2308-4bff-4c12-a476-7906f102dfb0@group-CDFD84D3B5C4-LeaderElection76] INFO  impl.LeaderElection (LeaderElection.java:logAndReturn(93)) -   Response 0: 43ee2308-4bff-4c12-a476-7906f102dfb0<-850b4870-9ae5-4bfa-bbd2-f1f242dff33d#0:OK-t5
2021-10-28 01:49:56,228 [43ee2308-4bff-4c12-a476-7906f102dfb0@group-CDFD84D3B5C4-LeaderElection76] INFO  impl.LeaderElection (LogUtils.java:infoOrTrace(137)) -   Exception 1: java.util.concurrent.ExecutionException: org.apache.ratis.thirdparty.io.grpc.StatusRuntimeException: UNAVAILABLE: io exception
2021-10-28 01:49:56,228 [43ee2308-4bff-4c12-a476-7906f102dfb0@group-CDFD84D3B5C4-LeaderElection76] INFO  impl.LeaderElection (LeaderElection.java:askForVotes(308)) - 43ee2308-4bff-4c12-a476-7906f102dfb0@group-CDFD84D3B5C4-LeaderElection76 ELECTION round 0: result PASSED
2021-10-28 01:49:56,229 [43ee2308-4bff-4c12-a476-7906f102dfb0@group-CDFD84D3B5C4-LeaderElection76] INFO  impl.RoleInfo (RoleInfo.java:shutdownLeaderElection(121)) - 43ee2308-4bff-4c12-a476-7906f102dfb0: shutdown 43ee2308-4bff-4c12-a476-7906f102dfb0@group-CDFD84D3B5C4-LeaderElection76
2021-10-28 01:49:56,229 [43ee2308-4bff-4c12-a476-7906f102dfb0@group-CDFD84D3B5C4-LeaderElection76] INFO  server.RaftServer$Division (RaftServerImpl.java:setRole(290)) - 43ee2308-4bff-4c12-a476-7906f102dfb0@group-CDFD84D3B5C4: changes role from CANDIDATE to LEADER at term 5 for changeToLeader
2021-10-28 01:49:56,229 [43ee2308-4bff-4c12-a476-7906f102dfb0@group-CDFD84D3B5C4-LeaderElection76] INFO  ratis.XceiverServerRatis (XceiverServerRatis.java:handleLeaderChangedNotification(866)) - Leader change notification received for group: group-CDFD84D3B5C4 with new leaderId: 43ee2308-4bff-4c12-a476-7906f102dfb0
2021-10-28 01:49:56,229 [43ee2308-4bff-4c12-a476-7906f102dfb0@group-CDFD84D3B5C4-LeaderElection76] INFO  server.RaftServer$Division (ServerState.java:setLeader(285)) - 43ee2308-4bff-4c12-a476-7906f102dfb0@group-CDFD84D3B5C4: change Leader from null to 43ee2308-4bff-4c12-a476-7906f102dfb0 at term 5 for becomeLeader, leader elected after 59ms
2021-10-28 01:49:56,229 [43ee2308-4bff-4c12-a476-7906f102dfb0@group-CDFD84D3B5C4-LeaderElection76] INFO  server.RaftServerConfigKeys (ConfUtils.java:logGet(44)) - raft.server.staging.catchup.gap = 1000 (default)
2021-10-28 01:49:56,229 [43ee2308-4bff-4c12-a476-7906f102dfb0@group-CDFD84D3B5C4-LeaderElection76] INFO  server.RaftServerConfigKeys (ConfUtils.java:logGet(44)) - raft.server.write.element-limit = 1024 (custom)
2021-10-28 01:49:56,229 [43ee2308-4bff-4c12-a476-7906f102dfb0@group-CDFD84D3B5C4-LeaderElection76] INFO  server.RaftServerConfigKeys (ConfUtils.java:logGet(44)) - raft.server.write.byte-limit = 1024 M (=1073741824) (custom)
2021-10-28 01:49:56,229 [43ee2308-4bff-4c12-a476-7906f102dfb0@group-CDFD84D3B5C4-LeaderElection76] INFO  server.RaftServerConfigKeys (ConfUtils.java:logGet(44)) - raft.server.watch.timeout = 3000ms (custom)
2021-10-28 01:49:56,230 [43ee2308-4bff-4c12-a476-7906f102dfb0@group-CDFD84D3B5C4-LeaderElection76] INFO  server.RaftServerConfigKeys (ConfUtils.java:logGet(44)) - raft.server.watch.timeout.denomination = 1s (default)
2021-10-28 01:49:56,230 [43ee2308-4bff-4c12-a476-7906f102dfb0@group-CDFD84D3B5C4-LeaderElection76] INFO  server.RaftServerConfigKeys (ConfUtils.java:logGet(44)) - raft.server.watch.element-limit = 65536 (default)
2021-10-28 01:49:56,230 [43ee2308-4bff-4c12-a476-7906f102dfb0@group-CDFD84D3B5C4-LeaderElection76] INFO  server.RaftServerConfigKeys (ConfUtils.java:logGet(44)) - raft.server.write.element-limit = 1024 (custom)
2021-10-28 01:49:56,230 [43ee2308-4bff-4c12-a476-7906f102dfb0@group-CDFD84D3B5C4-LeaderElection76] INFO  server.RaftServerConfigKeys (ConfUtils.java:logGet(44)) - raft.server.write.follower.gap.ratio.max = -1.0 (default)
2021-10-28 01:49:56,230 [43ee2308-4bff-4c12-a476-7906f102dfb0@group-CDFD84D3B5C4-LeaderElection76] INFO  server.RaftServerConfigKeys (ConfUtils.java:logGet(44)) - raft.server.log.appender.snapshot.chunk.size.max = 16MB (=16777216) (default)
2021-10-28 01:49:56,230 [43ee2308-4bff-4c12-a476-7906f102dfb0@group-CDFD84D3B5C4-LeaderElection76] INFO  server.RaftServerConfigKeys (ConfUtils.java:logGet(44)) - raft.server.log.appender.buffer.byte-limit = 33554432 (custom)
2021-10-28 01:49:56,230 [43ee2308-4bff-4c12-a476-7906f102dfb0@group-CDFD84D3B5C4-LeaderElection76] INFO  server.RaftServerConfigKeys (ConfUtils.java:logGet(44)) - raft.server.log.appender.buffer.element-limit = 1 (custom)
2021-10-28 01:49:56,230 [43ee2308-4bff-4c12-a476-7906f102dfb0@group-CDFD84D3B5C4-LeaderElection76] INFO  grpc.GrpcConfigKeys (ConfUtils.java:logGet(44)) - raft.grpc.server.leader.outstanding.appends.max = 128 (default)
2021-10-28 01:49:56,230 [43ee2308-4bff-4c12-a476-7906f102dfb0@group-CDFD84D3B5C4-LeaderElection76] INFO  server.RaftServerConfigKeys (ConfUtils.java:logGet(44)) - raft.server.rpc.request.timeout = 3000ms (default)
2021-10-28 01:49:56,230 [43ee2308-4bff-4c12-a476-7906f102dfb0@group-CDFD84D3B5C4-LeaderElection76] INFO  server.RaftServerConfigKeys (ConfUtils.java:logGet(44)) - raft.server.log.appender.install.snapshot.enabled = false (custom)
2021-10-28 01:49:56,235 [43ee2308-4bff-4c12-a476-7906f102dfb0@group-CDFD84D3B5C4-LeaderElection76] INFO  server.RaftServerConfigKeys (ConfUtils.java:logGet(44)) - raft.server.log.appender.snapshot.chunk.size.max = 16MB (=16777216) (default)
2021-10-28 01:49:56,241 [43ee2308-4bff-4c12-a476-7906f102dfb0@group-CDFD84D3B5C4-LeaderElection76] INFO  server.RaftServerConfigKeys (ConfUtils.java:logGet(44)) - raft.server.log.appender.buffer.byte-limit = 33554432 (custom)
2021-10-28 01:49:56,241 [43ee2308-4bff-4c12-a476-7906f102dfb0@group-CDFD84D3B5C4-LeaderElection76] INFO  server.RaftServerConfigKeys (ConfUtils.java:logGet(44)) - raft.server.log.appender.buffer.element-limit = 1 (custom)
2021-10-28 01:49:56,241 [43ee2308-4bff-4c12-a476-7906f102dfb0@group-CDFD84D3B5C4-LeaderElection76] INFO  grpc.GrpcConfigKeys (ConfUtils.java:logGet(44)) - raft.grpc.server.leader.outstanding.appends.max = 128 (default)
2021-10-28 01:49:56,245 [43ee2308-4bff-4c12-a476-7906f102dfb0@group-CDFD84D3B5C4-LeaderElection76] INFO  server.RaftServerConfigKeys (ConfUtils.java:logGet(44)) - raft.server.rpc.request.timeout = 3000ms (default)
2021-10-28 01:49:56,245 [43ee2308-4bff-4c12-a476-7906f102dfb0@group-CDFD84D3B5C4-LeaderElection76] INFO  server.RaftServerConfigKeys (ConfUtils.java:logGet(44)) - raft.server.log.appender.install.snapshot.enabled = false (custom)
2021-10-28 01:49:56,246 [43ee2308-4bff-4c12-a476-7906f102dfb0@group-CDFD84D3B5C4-LeaderElection76] INFO  impl.RoleInfo (RoleInfo.java:updateAndGet(130)) - 43ee2308-4bff-4c12-a476-7906f102dfb0: start 43ee2308-4bff-4c12-a476-7906f102dfb0@group-CDFD84D3B5C4-LeaderStateImpl
2021-10-28 01:49:56,247 [43ee2308-4bff-4c12-a476-7906f102dfb0@group-CDFD84D3B5C4-LeaderElection76] INFO  segmented.SegmentedRaftLogWorker (SegmentedRaftLogWorker.java:rollLogSegment(399)) - 43ee2308-4bff-4c12-a476-7906f102dfb0@group-CDFD84D3B5C4-SegmentedRaftLogWorker: Rolling segment log-0_0 to index:0
2021-10-28 01:49:56,273 [43ee2308-4bff-4c12-a476-7906f102dfb0@group-CDFD84D3B5C4-SegmentedRaftLogWorker] INFO  segmented.SegmentedRaftLogWorker (SegmentedRaftLogWorker.java:execute(558)) - 43ee2308-4bff-4c12-a476-7906f102dfb0@group-CDFD84D3B5C4-SegmentedRaftLogWorker: Rolled log segment from /home/runner/work/ozone/ozone/hadoop-ozone/integration-test/target/test-dir/MiniOzoneClusterImpl-0566475b-15f3-492a-9b28-f78457f271af/datanode-4/data/ratis/b21a688c-33a3-4df7-a4a3-cdfd84d3b5c4/current/log_inprogress_0 to /home/runner/work/ozone/ozone/hadoop-ozone/integration-test/target/test-dir/MiniOzoneClusterImpl-0566475b-15f3-492a-9b28-f78457f271af/datanode-4/data/ratis/b21a688c-33a3-4df7-a4a3-cdfd84d3b5c4/current/log_0-0
2021-10-28 01:49:56,275 [43ee2308-4bff-4c12-a476-7906f102dfb0@group-CDFD84D3B5C4-SegmentedRaftLogWorker] INFO  segmented.SegmentedRaftLogWorker (SegmentedRaftLogWorker.java:execute(601)) - 43ee2308-4bff-4c12-a476-7906f102dfb0@group-CDFD84D3B5C4-SegmentedRaftLogWorker: created new log segment /home/runner/work/ozone/ozone/hadoop-ozone/integration-test/target/test-dir/MiniOzoneClusterImpl-0566475b-15f3-492a-9b28-f78457f271af/datanode-4/data/ratis/b21a688c-33a3-4df7-a4a3-cdfd84d3b5c4/current/log_inprogress_1
2021-10-28 01:49:56,309 [grpc-default-executor-0] WARN  server.GrpcLogAppender (LogUtils.java:warn(122)) - 850b4870-9ae5-4bfa-bbd2-f1f242dff33d@group-0B92E8633D8E->31d6ae09-1bf4-4ff4-9532-94f29ed1392e-AppendLogResponseHandler: Failed appendEntries: org.apache.ratis.thirdparty.io.grpc.StatusRuntimeException: UNAVAILABLE: io exception
2021-10-28 01:49:56,310 [grpc-default-executor-0] WARN  server.GrpcLogAppender (GrpcLogAppender.java:resetClient(110)) - 850b4870-9ae5-4bfa-bbd2-f1f242dff33d@group-0B92E8633D8E->31d6ae09-1bf4-4ff4-9532-94f29ed1392e-GrpcLogAppender: Leader has not got in touch with Follower 850b4870-9ae5-4bfa-bbd2-f1f242dff33d@group-0B92E8633D8E->31d6ae09-1bf4-4ff4-9532-94f29ed1392e(c0,m0,n1, attendVote=true, lastRpcSendTime=2513, lastRpcResponseTime=10034) yet, just keep nextIndex unchanged and retry.
2021-10-28 01:49:56,356 [grpc-default-executor-3] WARN  server.GrpcLogAppender (LogUtils.java:warn(122)) - 43ee2308-4bff-4c12-a476-7906f102dfb0@group-CDFD84D3B5C4->31d6ae09-1bf4-4ff4-9532-94f29ed1392e-AppendLogResponseHandler: Failed appendEntries: org.apache.ratis.thirdparty.io.grpc.StatusRuntimeException: UNAVAILABLE: io exception
2021-10-28 01:49:56,363 [43ee2308-4bff-4c12-a476-7906f102dfb0@group-CDFD84D3B5C4-LeaderElection76] INFO  server.RaftServer$Division (ServerState.java:setRaftConf(387)) - 43ee2308-4bff-4c12-a476-7906f102dfb0@group-CDFD84D3B5C4: set configuration 1: [850b4870-9ae5-4bfa-bbd2-f1f242dff33d|rpc:10.1.0.29:35637|dataStream:|priority:0, 31d6ae09-1bf4-4ff4-9532-94f29ed1392e|rpc:10.1.0.29:44047|dataStream:|priority:1, 43ee2308-4bff-4c12-a476-7906f102dfb0|rpc:10.1.0.29:33053|dataStream:|priority:0], old=null
2021-10-28 01:49:56,364 [grpc-default-executor-3] WARN  server.GrpcLogAppender (GrpcLogAppender.java:resetClient(110)) - 43ee2308-4bff-4c12-a476-7906f102dfb0@group-CDFD84D3B5C4->31d6ae09-1bf4-4ff4-9532-94f29ed1392e-GrpcLogAppender: Leader has not got in touch with Follower 43ee2308-4bff-4c12-a476-7906f102dfb0@group-CDFD84D3B5C4->31d6ae09-1bf4-4ff4-9532-94f29ed1392e(c-1,m0,n2, attendVote=true, lastRpcSendTime=8, lastRpcResponseTime=5334) yet, just keep nextIndex unchanged and retry.
2021-10-28 01:49:56,371 [grpc-default-executor-3] INFO  ratis.XceiverServerRatis (XceiverServerRatis.java:handleLeaderChangedNotification(866)) - Leader change notification received for group: group-CDFD84D3B5C4 with new leaderId: 43ee2308-4bff-4c12-a476-7906f102dfb0
2021-10-28 01:49:56,371 [grpc-default-executor-3] INFO  server.RaftServer$Division (ServerState.java:setLeader(285)) - 850b4870-9ae5-4bfa-bbd2-f1f242dff33d@group-CDFD84D3B5C4: change Leader from null to 43ee2308-4bff-4c12-a476-7906f102dfb0 at term 5 for appendEntries, leader elected after 183ms
2021-10-28 01:49:56,396 [grpc-default-executor-3] INFO  server.RaftServer$Division (ServerState.java:setRaftConf(387)) - 850b4870-9ae5-4bfa-bbd2-f1f242dff33d@group-CDFD84D3B5C4: set configuration 1: [850b4870-9ae5-4bfa-bbd2-f1f242dff33d|rpc:10.1.0.29:35637|dataStream:|priority:0, 31d6ae09-1bf4-4ff4-9532-94f29ed1392e|rpc:10.1.0.29:44047|dataStream:|priority:1, 43ee2308-4bff-4c12-a476-7906f102dfb0|rpc:10.1.0.29:33053|dataStream:|priority:0], old=null
2021-10-28 01:49:56,396 [grpc-default-executor-3] INFO  segmented.SegmentedRaftLogWorker (SegmentedRaftLogWorker.java:rollLogSegment(399)) - 850b4870-9ae5-4bfa-bbd2-f1f242dff33d@group-CDFD84D3B5C4-SegmentedRaftLogWorker: Rolling segment log-0_0 to index:0
2021-10-28 01:49:56,397 [850b4870-9ae5-4bfa-bbd2-f1f242dff33d@group-CDFD84D3B5C4-SegmentedRaftLogWorker] INFO  segmented.SegmentedRaftLogWorker (SegmentedRaftLogWorker.java:execute(558)) - 850b4870-9ae5-4bfa-bbd2-f1f242dff33d@group-CDFD84D3B5C4-SegmentedRaftLogWorker: Rolled log segment from /home/runner/work/ozone/ozone/hadoop-ozone/integration-test/target/test-dir/MiniOzoneClusterImpl-0566475b-15f3-492a-9b28-f78457f271af/datanode-3/data/ratis/b21a688c-33a3-4df7-a4a3-cdfd84d3b5c4/current/log_inprogress_0 to /home/runner/work/ozone/ozone/hadoop-ozone/integration-test/target/test-dir/MiniOzoneClusterImpl-0566475b-15f3-492a-9b28-f78457f271af/datanode-3/data/ratis/b21a688c-33a3-4df7-a4a3-cdfd84d3b5c4/current/log_0-0
2021-10-28 01:49:56,398 [850b4870-9ae5-4bfa-bbd2-f1f242dff33d@group-CDFD84D3B5C4-SegmentedRaftLogWorker] INFO  segmented.SegmentedRaftLogWorker (SegmentedRaftLogWorker.java:execute(601)) - 850b4870-9ae5-4bfa-bbd2-f1f242dff33d@group-CDFD84D3B5C4-SegmentedRaftLogWorker: created new log segment /home/runner/work/ozone/ozone/hadoop-ozone/integration-test/target/test-dir/MiniOzoneClusterImpl-0566475b-15f3-492a-9b28-f78457f271af/datanode-3/data/ratis/b21a688c-33a3-4df7-a4a3-cdfd84d3b5c4/current/log_inprogress_1
2021-10-28 01:49:56,443 [grpc-default-executor-3] WARN  server.GrpcLogAppender (LogUtils.java:warn(122)) - 43ee2308-4bff-4c12-a476-7906f102dfb0@group-CDFD84D3B5C4->31d6ae09-1bf4-4ff4-9532-94f29ed1392e-AppendLogResponseHandler: Failed appendEntries: org.apache.ratis.thirdparty.io.grpc.StatusRuntimeException: UNAVAILABLE: io exception
2021-10-28 01:49:56,444 [grpc-default-executor-3] WARN  server.GrpcLogAppender (GrpcLogAppender.java:resetClient(110)) - 43ee2308-4bff-4c12-a476-7906f102dfb0@group-CDFD84D3B5C4->31d6ae09-1bf4-4ff4-9532-94f29ed1392e-GrpcLogAppender: Leader has not got in touch with Follower 43ee2308-4bff-4c12-a476-7906f102dfb0@group-CDFD84D3B5C4->31d6ae09-1bf4-4ff4-9532-94f29ed1392e(c-1,m0,n3, attendVote=true, lastRpcSendTime=0, lastRpcResponseTime=5414) yet, just keep nextIndex unchanged and retry.
2021-10-28 01:49:58,895 [grpc-default-executor-0] WARN  server.GrpcLogAppender (LogUtils.java:warn(122)) - 850b4870-9ae5-4bfa-bbd2-f1f242dff33d@group-0B92E8633D8E->31d6ae09-1bf4-4ff4-9532-94f29ed1392e-AppendLogResponseHandler: Failed appendEntries: org.apache.ratis.thirdparty.io.grpc.StatusRuntimeException: UNAVAILABLE: io exception
2021-10-28 01:49:58,896 [grpc-default-executor-0] WARN  server.GrpcLogAppender (GrpcLogAppender.java:resetClient(110)) - 850b4870-9ae5-4bfa-bbd2-f1f242dff33d@group-0B92E8633D8E->31d6ae09-1bf4-4ff4-9532-94f29ed1392e-GrpcLogAppender: Leader has not got in touch with Follower 850b4870-9ae5-4bfa-bbd2-f1f242dff33d@group-0B92E8633D8E->31d6ae09-1bf4-4ff4-9532-94f29ed1392e(c0,m0,n1, attendVote=true, lastRpcSendTime=2, lastRpcResponseTime=12619) yet, just keep nextIndex unchanged and retry.
2021-10-28 01:49:58,961 [grpc-default-executor-3] WARN  server.GrpcLogAppender (LogUtils.java:warn(122)) - 43ee2308-4bff-4c12-a476-7906f102dfb0@group-CDFD84D3B5C4->31d6ae09-1bf4-4ff4-9532-94f29ed1392e-AppendLogResponseHandler: Failed appendEntries: org.apache.ratis.thirdparty.io.grpc.StatusRuntimeException: UNAVAILABLE: io exception
2021-10-28 01:49:58,962 [grpc-default-executor-3] WARN  server.GrpcLogAppender (GrpcLogAppender.java:resetClient(110)) - 43ee2308-4bff-4c12-a476-7906f102dfb0@group-CDFD84D3B5C4->31d6ae09-1bf4-4ff4-9532-94f29ed1392e-GrpcLogAppender: Leader has not got in touch with Follower 43ee2308-4bff-4c12-a476-7906f102dfb0@group-CDFD84D3B5C4->31d6ae09-1bf4-4ff4-9532-94f29ed1392e(c-1,m0,n3, attendVote=true, lastRpcSendTime=2518, lastRpcResponseTime=7931) yet, just keep nextIndex unchanged and retry.
2021-10-28 01:50:01,403 [grpc-default-executor-2] WARN  server.GrpcLogAppender (LogUtils.java:warn(122)) - 850b4870-9ae5-4bfa-bbd2-f1f242dff33d@group-0B92E8633D8E->31d6ae09-1bf4-4ff4-9532-94f29ed1392e-AppendLogResponseHandler: Failed appendEntries: org.apache.ratis.thirdparty.io.grpc.StatusRuntimeException: UNAVAILABLE: io exception
2021-10-28 01:50:01,412 [grpc-default-executor-2] WARN  server.GrpcLogAppender (GrpcLogAppender.java:resetClient(110)) - 850b4870-9ae5-4bfa-bbd2-f1f242dff33d@group-0B92E8633D8E->31d6ae09-1bf4-4ff4-9532-94f29ed1392e-GrpcLogAppender: Leader has not got in touch with Follower 850b4870-9ae5-4bfa-bbd2-f1f242dff33d@group-0B92E8633D8E->31d6ae09-1bf4-4ff4-9532-94f29ed1392e(c0,m0,n1, attendVote=true, lastRpcSendTime=2518, lastRpcResponseTime=15135) yet, just keep nextIndex unchanged and retry.
2021-10-28 01:50:01,522 [grpc-default-executor-3] WARN  server.GrpcLogAppender (LogUtils.java:warn(122)) - 43ee2308-4bff-4c12-a476-7906f102dfb0@group-CDFD84D3B5C4->31d6ae09-1bf4-4ff4-9532-94f29ed1392e-AppendLogResponseHandler: Failed appendEntries: org.apache.ratis.thirdparty.io.grpc.StatusRuntimeException: UNAVAILABLE: io exception
2021-10-28 01:50:01,523 [grpc-default-executor-3] WARN  server.GrpcLogAppender (GrpcLogAppender.java:resetClient(110)) - 43ee2308-4bff-4c12-a476-7906f102dfb0@group-CDFD84D3B5C4->31d6ae09-1bf4-4ff4-9532-94f29ed1392e-GrpcLogAppender: Leader has not got in touch with Follower 43ee2308-4bff-4c12-a476-7906f102dfb0@group-CDFD84D3B5C4->31d6ae09-1bf4-4ff4-9532-94f29ed1392e(c-1,m0,n3, attendVote=true, lastRpcSendTime=3, lastRpcResponseTime=10493) yet, just keep nextIndex unchanged and retry.
2021-10-28 01:50:02,971 [EventQueue-DeadNodeForDeadNodeHandler] INFO  node.DeadNodeHandler (DeadNodeHandler.java:onMessage(80)) - A dead datanode is detected. 31d6ae09-1bf4-4ff4-9532-94f29ed1392e{ip: 10.1.0.29, host: fv-az270-135.tacnzluakwdehk1hpragurqkma.bx.internal.cloudapp.net, ports: [REPLICATION=42011, RATIS=44047, RATIS_ADMIN=44047, RATIS_SERVER=44047, STANDALONE=32823], networkLocation: /default-rack, certSerialId: null, persistedOpState: IN_SERVICE, persistedOpStateExpiryEpochSec: 0}
2021-10-28 01:50:02,971 [EventQueue-DeadNodeForDeadNodeHandler] INFO  pipeline.RatisPipelineProvider (RatisPipelineProvider.java:lambda$close$1(222)) - Send pipeline:PipelineID=6cf808e4-8713-4a6a-bdd0-0b92e8633d8e close command to datanode 850b4870-9ae5-4bfa-bbd2-f1f242dff33d
2021-10-28 01:50:02,972 [EventQueue-DeadNodeForDeadNodeHandler] INFO  pipeline.RatisPipelineProvider (RatisPipelineProvider.java:lambda$close$1(222)) - Send pipeline:PipelineID=6cf808e4-8713-4a6a-bdd0-0b92e8633d8e close command to datanode 43ee2308-4bff-4c12-a476-7906f102dfb0
2021-10-28 01:50:02,972 [EventQueue-DeadNodeForDeadNodeHandler] INFO  pipeline.RatisPipelineProvider (RatisPipelineProvider.java:lambda$close$1(222)) - Send pipeline:PipelineID=6cf808e4-8713-4a6a-bdd0-0b92e8633d8e close command to datanode 31d6ae09-1bf4-4ff4-9532-94f29ed1392e
2021-10-28 01:50:02,977 [EventQueue-DeadNodeForDeadNodeHandler] INFO  pipeline.PipelineStateManagerImpl (PipelineStateManagerImpl.java:removePipeline(223)) - Pipeline Pipeline[ Id: 6cf808e4-8713-4a6a-bdd0-0b92e8633d8e, Nodes: 850b4870-9ae5-4bfa-bbd2-f1f242dff33d{ip: 10.1.0.29, host: fv-az270-135.tacnzluakwdehk1hpragurqkma.bx.internal.cloudapp.net, ports: [REPLICATION=39677, RATIS=35637, RATIS_ADMIN=35637, RATIS_SERVER=35637, STANDALONE=41253], networkLocation: /default-rack, certSerialId: null, persistedOpState: IN_SERVICE, persistedOpStateExpiryEpochSec: 0}43ee2308-4bff-4c12-a476-7906f102dfb0{ip: 10.1.0.29, host: fv-az270-135.tacnzluakwdehk1hpragurqkma.bx.internal.cloudapp.net, ports: [REPLICATION=42689, RATIS=33053, RATIS_ADMIN=33053, RATIS_SERVER=33053, STANDALONE=35333], networkLocation: /default-rack, certSerialId: null, persistedOpState: IN_SERVICE, persistedOpStateExpiryEpochSec: 0}31d6ae09-1bf4-4ff4-9532-94f29ed1392e{ip: 10.1.0.29, host: fv-az270-135.tacnzluakwdehk1hpragurqkma.bx.internal.cloudapp.net, ports: [REPLICATION=42011, RATIS=44047, RATIS_ADMIN=44047, RATIS_SERVER=44047, STANDALONE=32823], networkLocation: /default-rack, certSerialId: null, persistedOpState: IN_SERVICE, persistedOpStateExpiryEpochSec: 0}, ReplicationConfig: RATIS/THREE, State:CLOSED, leaderId:850b4870-9ae5-4bfa-bbd2-f1f242dff33d, CreationTimestamp2021-10-28T01:49:23.807Z[Etc/UTC]] removed.
2021-10-28 01:50:02,977 [EventQueue-DeadNodeForDeadNodeHandler] INFO  pipeline.RatisPipelineProvider (RatisPipelineProvider.java:lambda$close$1(222)) - Send pipeline:PipelineID=572f35b9-4513-420d-a747-712dc6ef7fc6 close command to datanode 31d6ae09-1bf4-4ff4-9532-94f29ed1392e
2021-10-28 01:50:02,977 [EventQueue-DeadNodeForDeadNodeHandler] INFO  pipeline.PipelineStateManagerImpl (PipelineStateManagerImpl.java:removePipeline(223)) - Pipeline Pipeline[ Id: 572f35b9-4513-420d-a747-712dc6ef7fc6, Nodes: 31d6ae09-1bf4-4ff4-9532-94f29ed1392e{ip: 10.1.0.29, host: fv-az270-135.tacnzluakwdehk1hpragurqkma.bx.internal.cloudapp.net, ports: [REPLICATION=42011, RATIS=44047, RATIS_ADMIN=44047, RATIS_SERVER=44047, STANDALONE=32823], networkLocation: /default-rack, certSerialId: null, persistedOpState: IN_SERVICE, persistedOpStateExpiryEpochSec: 0}, ReplicationConfig: RATIS/ONE, State:CLOSED, leaderId:31d6ae09-1bf4-4ff4-9532-94f29ed1392e, CreationTimestamp2021-10-28T01:49:23.805Z[Etc/UTC]] removed.
2021-10-28 01:50:02,977 [EventQueue-DeadNodeForDeadNodeHandler] INFO  pipeline.RatisPipelineProvider (RatisPipelineProvider.java:lambda$close$1(222)) - Send pipeline:PipelineID=b21a688c-33a3-4df7-a4a3-cdfd84d3b5c4 close command to datanode 850b4870-9ae5-4bfa-bbd2-f1f242dff33d
2021-10-28 01:50:02,977 [EventQueue-DeadNodeForDeadNodeHandler] INFO  pipeline.RatisPipelineProvider (RatisPipelineProvider.java:lambda$close$1(222)) - Send pipeline:PipelineID=b21a688c-33a3-4df7-a4a3-cdfd84d3b5c4 close command to datanode 43ee2308-4bff-4c12-a476-7906f102dfb0
2021-10-28 01:50:02,977 [EventQueue-DeadNodeForDeadNodeHandler] INFO  pipeline.RatisPipelineProvider (RatisPipelineProvider.java:lambda$close$1(222)) - Send pipeline:PipelineID=b21a688c-33a3-4df7-a4a3-cdfd84d3b5c4 close command to datanode 31d6ae09-1bf4-4ff4-9532-94f29ed1392e
2021-10-28 01:50:02,977 [EventQueue-DeadNodeForDeadNodeHandler] INFO  pipeline.PipelineStateManagerImpl (PipelineStateManagerImpl.java:removePipeline(223)) - Pipeline Pipeline[ Id: b21a688c-33a3-4df7-a4a3-cdfd84d3b5c4, Nodes: 850b4870-9ae5-4bfa-bbd2-f1f242dff33d{ip: 10.1.0.29, host: fv-az270-135.tacnzluakwdehk1hpragurqkma.bx.internal.cloudapp.net, ports: [REPLICATION=39677, RATIS=35637, RATIS_ADMIN=35637, RATIS_SERVER=35637, STANDALONE=41253], networkLocation: /default-rack, certSerialId: null, persistedOpState: IN_SERVICE, persistedOpStateExpiryEpochSec: 0}43ee2308-4bff-4c12-a476-7906f102dfb0{ip: 10.1.0.29, host: fv-az270-135.tacnzluakwdehk1hpragurqkma.bx.internal.cloudapp.net, ports: [REPLICATION=42689, RATIS=33053, RATIS_ADMIN=33053, RATIS_SERVER=33053, STANDALONE=35333], networkLocation: /default-rack, certSerialId: null, persistedOpState: IN_SERVICE, persistedOpStateExpiryEpochSec: 0}31d6ae09-1bf4-4ff4-9532-94f29ed1392e{ip: 10.1.0.29, host: fv-az270-135.tacnzluakwdehk1hpragurqkma.bx.internal.cloudapp.net, ports: [REPLICATION=42011, RATIS=44047, RATIS_ADMIN=44047, RATIS_SERVER=44047, STANDALONE=32823], networkLocation: /default-rack, certSerialId: null, persistedOpState: IN_SERVICE, persistedOpStateExpiryEpochSec: 0}, ReplicationConfig: RATIS/THREE, State:CLOSED, leaderId:43ee2308-4bff-4c12-a476-7906f102dfb0, CreationTimestamp2021-10-28T01:49:23.806Z[Etc/UTC]] removed.
2021-10-28 01:50:02,977 [EventQueue-DeadNodeForDeadNodeHandler] INFO  net.NetworkTopologyImpl (NetworkTopologyImpl.java:remove(137)) - Removed a node: /default-rack/31d6ae09-1bf4-4ff4-9532-94f29ed1392e
2021-10-28 01:50:03,933 [grpc-default-executor-2] WARN  server.GrpcLogAppender (LogUtils.java:warn(122)) - 850b4870-9ae5-4bfa-bbd2-f1f242dff33d@group-0B92E8633D8E->31d6ae09-1bf4-4ff4-9532-94f29ed1392e-AppendLogResponseHandler: Failed appendEntries: org.apache.ratis.thirdparty.io.grpc.StatusRuntimeException: UNAVAILABLE: io exception
2021-10-28 01:50:03,934 [grpc-default-executor-2] WARN  server.GrpcLogAppender (GrpcLogAppender.java:resetClient(110)) - 850b4870-9ae5-4bfa-bbd2-f1f242dff33d@group-0B92E8633D8E->31d6ae09-1bf4-4ff4-9532-94f29ed1392e-GrpcLogAppender: Leader has not got in touch with Follower 850b4870-9ae5-4bfa-bbd2-f1f242dff33d@group-0B92E8633D8E->31d6ae09-1bf4-4ff4-9532-94f29ed1392e(c0,m0,n1, attendVote=true, lastRpcSendTime=2518, lastRpcResponseTime=17657) yet, just keep nextIndex unchanged and retry.
2021-10-28 01:50:04,030 [grpc-default-executor-2] WARN  server.GrpcLogAppender (LogUtils.java:warn(122)) - 43ee2308-4bff-4c12-a476-7906f102dfb0@group-CDFD84D3B5C4->31d6ae09-1bf4-4ff4-9532-94f29ed1392e-AppendLogResponseHandler: Failed appendEntries: org.apache.ratis.thirdparty.io.grpc.StatusRuntimeException: UNAVAILABLE: io exception
2021-10-28 01:50:04,030 [grpc-default-executor-2] WARN  server.GrpcLogAppender (GrpcLogAppender.java:resetClient(110)) - 43ee2308-4bff-4c12-a476-7906f102dfb0@group-CDFD84D3B5C4->31d6ae09-1bf4-4ff4-9532-94f29ed1392e-GrpcLogAppender: Leader has not got in touch with Follower 43ee2308-4bff-4c12-a476-7906f102dfb0@group-CDFD84D3B5C4->31d6ae09-1bf4-4ff4-9532-94f29ed1392e(c-1,m0,n3, attendVote=true, lastRpcSendTime=2510, lastRpcResponseTime=13000) yet, just keep nextIndex unchanged and retry.
2021-10-28 01:50:04,267 [Command processor thread] INFO  server.RaftServer (RaftServerProxy.java:remove(106)) - 43ee2308-4bff-4c12-a476-7906f102dfb0: remove  FOLLOWER 43ee2308-4bff-4c12-a476-7906f102dfb0@group-0B92E8633D8E:t1, leader=850b4870-9ae5-4bfa-bbd2-f1f242dff33d, voted=850b4870-9ae5-4bfa-bbd2-f1f242dff33d, raftlog=43ee2308-4bff-4c12-a476-7906f102dfb0@group-0B92E8633D8E-SegmentedRaftLog:OPENED:c0, conf=0: [850b4870-9ae5-4bfa-bbd2-f1f242dff33d|rpc:10.1.0.29:35637|dataStream:|priority:1, 31d6ae09-1bf4-4ff4-9532-94f29ed1392e|rpc:10.1.0.29:44047|dataStream:|priority:0, 43ee2308-4bff-4c12-a476-7906f102dfb0|rpc:10.1.0.29:33053|dataStream:|priority:0], old=null RUNNING
2021-10-28 01:50:04,267 [Command processor thread] INFO  server.RaftServer$Division (RaftServerImpl.java:lambda$close$4(412)) - 43ee2308-4bff-4c12-a476-7906f102dfb0@group-0B92E8633D8E: shutdown
2021-10-28 01:50:04,267 [Command processor thread] INFO  util.JmxRegister (JmxRegister.java:unregister(73)) - Successfully un-registered JMX Bean with object name Ratis:service=RaftServer,group=group-0B92E8633D8E,id=43ee2308-4bff-4c12-a476-7906f102dfb0
2021-10-28 01:50:04,267 [Command processor thread] INFO  impl.RoleInfo (RoleInfo.java:shutdownFollowerState(108)) - 43ee2308-4bff-4c12-a476-7906f102dfb0: shutdown 43ee2308-4bff-4c12-a476-7906f102dfb0@group-0B92E8633D8E-FollowerState
2021-10-28 01:50:04,267 [Command processor thread] INFO  impl.StateMachineUpdater (StateMachineUpdater.java:stopAndJoin(149)) - 43ee2308-4bff-4c12-a476-7906f102dfb0@group-0B92E8633D8E-StateMachineUpdater: set stopIndex = 0
2021-10-28 01:50:04,268 [43ee2308-4bff-4c12-a476-7906f102dfb0@group-0B92E8633D8E-FollowerState] INFO  impl.FollowerState (FollowerState.java:run(143)) - 43ee2308-4bff-4c12-a476-7906f102dfb0@group-0B92E8633D8E-FollowerState was interrupted: {}
java.lang.InterruptedException: sleep interrupted
	at java.lang.Thread.sleep(Native Method)
	at java.lang.Thread.sleep(Thread.java:340)
	at java.util.concurrent.TimeUnit.sleep(TimeUnit.java:386)
	at org.apache.ratis.util.TimeDuration.sleep(TimeDuration.java:324)
	at org.apache.ratis.util.TimeDuration.sleep(TimeDuration.java:309)
	at org.apache.ratis.server.impl.FollowerState.run(FollowerState.java:118)
2021-10-28 01:50:04,268 [43ee2308-4bff-4c12-a476-7906f102dfb0@group-0B92E8633D8E-StateMachineUpdater] INFO  ratis.ContainerStateMachine (ContainerStateMachine.java:takeSnapshot(292)) - group-0B92E8633D8E: Taking a snapshot at:(t:1, i:0) file /home/runner/work/ozone/ozone/hadoop-ozone/integration-test/target/test-dir/MiniOzoneClusterImpl-0566475b-15f3-492a-9b28-f78457f271af/datanode-4/data/ratis/6cf808e4-8713-4a6a-bdd0-0b92e8633d8e/sm/snapshot.1_0
2021-10-28 01:50:04,270 [43ee2308-4bff-4c12-a476-7906f102dfb0@group-0B92E8633D8E-StateMachineUpdater] INFO  ratis.ContainerStateMachine (ContainerStateMachine.java:takeSnapshot(303)) - group-0B92E8633D8E: Finished taking a snapshot at:(t:1, i:0) file:/home/runner/work/ozone/ozone/hadoop-ozone/integration-test/target/test-dir/MiniOzoneClusterImpl-0566475b-15f3-492a-9b28-f78457f271af/datanode-4/data/ratis/6cf808e4-8713-4a6a-bdd0-0b92e8633d8e/sm/snapshot.1_0 took: 2 ms
2021-10-28 01:50:04,270 [43ee2308-4bff-4c12-a476-7906f102dfb0@group-0B92E8633D8E-StateMachineUpdater] INFO  impl.StateMachineUpdater (StateMachineUpdater.java:takeSnapshot(281)) - 43ee2308-4bff-4c12-a476-7906f102dfb0@group-0B92E8633D8E-StateMachineUpdater: Took a snapshot at index 0
2021-10-28 01:50:04,270 [43ee2308-4bff-4c12-a476-7906f102dfb0@group-0B92E8633D8E-StateMachineUpdater] INFO  impl.StateMachineUpdater (StateMachineUpdater.java:lambda$new$0(89)) - 43ee2308-4bff-4c12-a476-7906f102dfb0@group-0B92E8633D8E-StateMachineUpdater: snapshotIndex: updateIncreasingly -1 -> 0
2021-10-28 01:50:04,270 [Command processor thread] INFO  server.RaftServer$Division (ServerState.java:close(419)) - 43ee2308-4bff-4c12-a476-7906f102dfb0@group-0B92E8633D8E: closes. applyIndex: 0
2021-10-28 01:50:04,271 [43ee2308-4bff-4c12-a476-7906f102dfb0@group-0B92E8633D8E-SegmentedRaftLogWorker] INFO  segmented.SegmentedRaftLogWorker (SegmentedRaftLogWorker.java:run(327)) - 43ee2308-4bff-4c12-a476-7906f102dfb0@group-0B92E8633D8E-SegmentedRaftLogWorker was interrupted, exiting. There are 0 tasks remaining in the queue.
2021-10-28 01:50:04,272 [Command processor thread] INFO  segmented.SegmentedRaftLogWorker (SegmentedRaftLogWorker.java:close(237)) - 43ee2308-4bff-4c12-a476-7906f102dfb0@group-0B92E8633D8E-SegmentedRaftLogWorker close()
2021-10-28 01:50:04,275 [Command processor thread] INFO  server.RaftServer$Division (RaftServerImpl.java:groupRemove(382)) - 43ee2308-4bff-4c12-a476-7906f102dfb0@group-0B92E8633D8E: Succeed to remove RaftStorageDirectory Storage Directory /home/runner/work/ozone/ozone/hadoop-ozone/integration-test/target/test-dir/MiniOzoneClusterImpl-0566475b-15f3-492a-9b28-f78457f271af/datanode-4/data/ratis/6cf808e4-8713-4a6a-bdd0-0b92e8633d8e
2021-10-28 01:50:04,275 [Command processor thread] INFO  commandhandler.ClosePipelineCommandHandler (ClosePipelineCommandHandler.java:handle(78)) - Close Pipeline PipelineID=6cf808e4-8713-4a6a-bdd0-0b92e8633d8e command on datanode 43ee2308-4bff-4c12-a476-7906f102dfb0.
2021-10-28 01:50:04,275 [Command processor thread] INFO  server.RaftServer (RaftServerProxy.java:remove(106)) - 43ee2308-4bff-4c12-a476-7906f102dfb0: remove    LEADER 43ee2308-4bff-4c12-a476-7906f102dfb0@group-CDFD84D3B5C4:t5, leader=43ee2308-4bff-4c12-a476-7906f102dfb0, voted=43ee2308-4bff-4c12-a476-7906f102dfb0, raftlog=43ee2308-4bff-4c12-a476-7906f102dfb0@group-CDFD84D3B5C4-SegmentedRaftLog:OPENED:c2, conf=1: [850b4870-9ae5-4bfa-bbd2-f1f242dff33d|rpc:10.1.0.29:35637|dataStream:|priority:0, 31d6ae09-1bf4-4ff4-9532-94f29ed1392e|rpc:10.1.0.29:44047|dataStream:|priority:1, 43ee2308-4bff-4c12-a476-7906f102dfb0|rpc:10.1.0.29:33053|dataStream:|priority:0], old=null RUNNING
2021-10-28 01:50:04,275 [Command processor thread] INFO  server.RaftServer$Division (RaftServerImpl.java:lambda$close$4(412)) - 43ee2308-4bff-4c12-a476-7906f102dfb0@group-CDFD84D3B5C4: shutdown
2021-10-28 01:50:04,276 [Command processor thread] INFO  util.JmxRegister (JmxRegister.java:unregister(73)) - Successfully un-registered JMX Bean with object name Ratis:service=RaftServer,group=group-CDFD84D3B5C4,id=43ee2308-4bff-4c12-a476-7906f102dfb0
2021-10-28 01:50:04,276 [Command processor thread] INFO  impl.RoleInfo (RoleInfo.java:shutdownLeaderState(91)) - 43ee2308-4bff-4c12-a476-7906f102dfb0: shutdown 43ee2308-4bff-4c12-a476-7906f102dfb0@group-CDFD84D3B5C4-LeaderStateImpl
2021-10-28 01:50:04,279 [Command processor thread] INFO  impl.PendingRequests (PendingRequests.java:sendNotLeaderResponses(282)) - 43ee2308-4bff-4c12-a476-7906f102dfb0@group-CDFD84D3B5C4-PendingRequests: sendNotLeaderResponses
2021-10-28 01:50:04,286 [Command processor thread] INFO  impl.StateMachineUpdater (StateMachineUpdater.java:stopAndJoin(149)) - 43ee2308-4bff-4c12-a476-7906f102dfb0@group-CDFD84D3B5C4-StateMachineUpdater: set stopIndex = 2
2021-10-28 01:50:04,286 [43ee2308-4bff-4c12-a476-7906f102dfb0@group-CDFD84D3B5C4-StateMachineUpdater] INFO  ratis.ContainerStateMachine (ContainerStateMachine.java:takeSnapshot(292)) - group-CDFD84D3B5C4: Taking a snapshot at:(t:5, i:2) file /home/runner/work/ozone/ozone/hadoop-ozone/integration-test/target/test-dir/MiniOzoneClusterImpl-0566475b-15f3-492a-9b28-f78457f271af/datanode-4/data/ratis/b21a688c-33a3-4df7-a4a3-cdfd84d3b5c4/sm/snapshot.5_2
2021-10-28 01:50:04,295 [43ee2308-4bff-4c12-a476-7906f102dfb0@group-CDFD84D3B5C4-StateMachineUpdater] INFO  ratis.ContainerStateMachine (ContainerStateMachine.java:takeSnapshot(303)) - group-CDFD84D3B5C4: Finished taking a snapshot at:(t:5, i:2) file:/home/runner/work/ozone/ozone/hadoop-ozone/integration-test/target/test-dir/MiniOzoneClusterImpl-0566475b-15f3-492a-9b28-f78457f271af/datanode-4/data/ratis/b21a688c-33a3-4df7-a4a3-cdfd84d3b5c4/sm/snapshot.5_2 took: 9 ms
2021-10-28 01:50:04,295 [43ee2308-4bff-4c12-a476-7906f102dfb0@group-CDFD84D3B5C4-StateMachineUpdater] INFO  impl.StateMachineUpdater (StateMachineUpdater.java:takeSnapshot(281)) - 43ee2308-4bff-4c12-a476-7906f102dfb0@group-CDFD84D3B5C4-StateMachineUpdater: Took a snapshot at index 2
2021-10-28 01:50:04,295 [43ee2308-4bff-4c12-a476-7906f102dfb0@group-CDFD84D3B5C4-StateMachineUpdater] INFO  impl.StateMachineUpdater (StateMachineUpdater.java:lambda$new$0(89)) - 43ee2308-4bff-4c12-a476-7906f102dfb0@group-CDFD84D3B5C4-StateMachineUpdater: snapshotIndex: updateIncreasingly -1 -> 2
2021-10-28 01:50:04,295 [Command processor thread] INFO  server.RaftServer$Division (ServerState.java:close(419)) - 43ee2308-4bff-4c12-a476-7906f102dfb0@group-CDFD84D3B5C4: closes. applyIndex: 2
2021-10-28 01:50:04,296 [43ee2308-4bff-4c12-a476-7906f102dfb0@group-CDFD84D3B5C4-SegmentedRaftLogWorker] INFO  segmented.SegmentedRaftLogWorker (SegmentedRaftLogWorker.java:run(327)) - 43ee2308-4bff-4c12-a476-7906f102dfb0@group-CDFD84D3B5C4-SegmentedRaftLogWorker was interrupted, exiting. There are 0 tasks remaining in the queue.
2021-10-28 01:50:04,300 [Command processor thread] INFO  segmented.SegmentedRaftLogWorker (SegmentedRaftLogWorker.java:close(237)) - 43ee2308-4bff-4c12-a476-7906f102dfb0@group-CDFD84D3B5C4-SegmentedRaftLogWorker close()
2021-10-28 01:50:04,301 [43ee2308-4bff-4c12-a476-7906f102dfb0@group-CDFD84D3B5C4->850b4870-9ae5-4bfa-bbd2-f1f242dff33d-GrpcLogAppender-LogAppenderDaemon] WARN  server.GrpcLogAppender (GrpcLogAppender.java:mayWait(177)) - 43ee2308-4bff-4c12-a476-7906f102dfb0@group-CDFD84D3B5C4->850b4870-9ae5-4bfa-bbd2-f1f242dff33d-GrpcLogAppender: Wait interrupted by java.lang.InterruptedException
2021-10-28 01:50:04,302 [Command processor thread] INFO  server.RaftServer$Division (RaftServerImpl.java:groupRemove(382)) - 43ee2308-4bff-4c12-a476-7906f102dfb0@group-CDFD84D3B5C4: Succeed to remove RaftStorageDirectory Storage Directory /home/runner/work/ozone/ozone/hadoop-ozone/integration-test/target/test-dir/MiniOzoneClusterImpl-0566475b-15f3-492a-9b28-f78457f271af/datanode-4/data/ratis/b21a688c-33a3-4df7-a4a3-cdfd84d3b5c4
2021-10-28 01:50:04,331 [Command processor thread] INFO  commandhandler.ClosePipelineCommandHandler (ClosePipelineCommandHandler.java:handle(78)) - Close Pipeline PipelineID=b21a688c-33a3-4df7-a4a3-cdfd84d3b5c4 command on datanode 43ee2308-4bff-4c12-a476-7906f102dfb0.
2021-10-28 01:50:04,335 [grpc-default-executor-3] INFO  server.GrpcServerProtocolService (GrpcServerProtocolService.java:onCompleted(140)) - 850b4870-9ae5-4bfa-bbd2-f1f242dff33d: Completed APPEND_ENTRIES, lastRequest: 43ee2308-4bff-4c12-a476-7906f102dfb0->850b4870-9ae5-4bfa-bbd2-f1f242dff33d#2-t5,previous=(t:5, i:1),leaderCommit=1,initializing? true,entries: size=1, first=(t:5, i:2), METADATAENTRY(c:1)
2021-10-28 01:50:04,336 [grpc-default-executor-2] INFO  server.GrpcLogAppender (GrpcLogAppender.java:onCompleted(346)) - 43ee2308-4bff-4c12-a476-7906f102dfb0@group-CDFD84D3B5C4->850b4870-9ae5-4bfa-bbd2-f1f242dff33d-AppendLogResponseHandler: follower responses appendEntries COMPLETED
2021-10-28 01:50:04,336 [grpc-default-executor-2] INFO  leader.FollowerInfo (FollowerInfoImpl.java:lambda$new$0(47)) - 43ee2308-4bff-4c12-a476-7906f102dfb0@group-CDFD84D3B5C4->850b4870-9ae5-4bfa-bbd2-f1f242dff33d: nextIndex: updateUnconditionally 3 -> 2
2021-10-28 01:50:05,951 [Command processor thread] INFO  server.RaftServer (RaftServerProxy.java:remove(106)) - 850b4870-9ae5-4bfa-bbd2-f1f242dff33d: remove    LEADER 850b4870-9ae5-4bfa-bbd2-f1f242dff33d@group-0B92E8633D8E:t1, leader=850b4870-9ae5-4bfa-bbd2-f1f242dff33d, voted=850b4870-9ae5-4bfa-bbd2-f1f242dff33d, raftlog=850b4870-9ae5-4bfa-bbd2-f1f242dff33d@group-0B92E8633D8E-SegmentedRaftLog:OPENED:c0, conf=0: [850b4870-9ae5-4bfa-bbd2-f1f242dff33d|rpc:10.1.0.29:35637|dataStream:|priority:1, 31d6ae09-1bf4-4ff4-9532-94f29ed1392e|rpc:10.1.0.29:44047|dataStream:|priority:0, 43ee2308-4bff-4c12-a476-7906f102dfb0|rpc:10.1.0.29:33053|dataStream:|priority:0], old=null RUNNING
2021-10-28 01:50:05,952 [Command processor thread] INFO  server.RaftServer$Division (RaftServerImpl.java:lambda$close$4(412)) - 850b4870-9ae5-4bfa-bbd2-f1f242dff33d@group-0B92E8633D8E: shutdown
2021-10-28 01:50:05,952 [Command processor thread] INFO  util.JmxRegister (JmxRegister.java:unregister(73)) - Successfully un-registered JMX Bean with object name Ratis:service=RaftServer,group=group-0B92E8633D8E,id=850b4870-9ae5-4bfa-bbd2-f1f242dff33d
2021-10-28 01:50:05,952 [Command processor thread] INFO  impl.RoleInfo (RoleInfo.java:shutdownLeaderState(91)) - 850b4870-9ae5-4bfa-bbd2-f1f242dff33d: shutdown 850b4870-9ae5-4bfa-bbd2-f1f242dff33d@group-0B92E8633D8E-LeaderStateImpl
2021-10-28 01:50:05,952 [Command processor thread] INFO  impl.PendingRequests (PendingRequests.java:sendNotLeaderResponses(282)) - 850b4870-9ae5-4bfa-bbd2-f1f242dff33d@group-0B92E8633D8E-PendingRequests: sendNotLeaderResponses
2021-10-28 01:50:05,952 [Command processor thread] INFO  impl.StateMachineUpdater (StateMachineUpdater.java:stopAndJoin(149)) - 850b4870-9ae5-4bfa-bbd2-f1f242dff33d@group-0B92E8633D8E-StateMachineUpdater: set stopIndex = 0
2021-10-28 01:50:05,953 [850b4870-9ae5-4bfa-bbd2-f1f242dff33d@group-0B92E8633D8E->43ee2308-4bff-4c12-a476-7906f102dfb0-GrpcLogAppender-LogAppenderDaemon] WARN  server.GrpcLogAppender (GrpcLogAppender.java:mayWait(177)) - 850b4870-9ae5-4bfa-bbd2-f1f242dff33d@group-0B92E8633D8E->43ee2308-4bff-4c12-a476-7906f102dfb0-GrpcLogAppender: Wait interrupted by java.lang.InterruptedException
2021-10-28 01:50:05,953 [850b4870-9ae5-4bfa-bbd2-f1f242dff33d@group-0B92E8633D8E-StateMachineUpdater] INFO  ratis.ContainerStateMachine (ContainerStateMachine.java:takeSnapshot(292)) - group-0B92E8633D8E: Taking a snapshot at:(t:1, i:0) file /home/runner/work/ozone/ozone/hadoop-ozone/integration-test/target/test-dir/MiniOzoneClusterImpl-0566475b-15f3-492a-9b28-f78457f271af/datanode-3/data/ratis/6cf808e4-8713-4a6a-bdd0-0b92e8633d8e/sm/snapshot.1_0
2021-10-28 01:50:05,953 [grpc-default-executor-3] INFO  server.GrpcServerProtocolService (GrpcServerProtocolService.java:onCompleted(140)) - 43ee2308-4bff-4c12-a476-7906f102dfb0: Completed APPEND_ENTRIES, lastRequest: 850b4870-9ae5-4bfa-bbd2-f1f242dff33d->43ee2308-4bff-4c12-a476-7906f102dfb0#1-t1,previous=(t:0, i:0),leaderCommit=0,initializing? true,entries: size=1, first=(t:1, i:0), CONFIGURATIONENTRY
2021-10-28 01:50:05,954 [grpc-default-executor-2] INFO  server.GrpcLogAppender (GrpcLogAppender.java:onCompleted(346)) - 850b4870-9ae5-4bfa-bbd2-f1f242dff33d@group-0B92E8633D8E->43ee2308-4bff-4c12-a476-7906f102dfb0-AppendLogResponseHandler: follower responses appendEntries COMPLETED
2021-10-28 01:50:05,954 [grpc-default-executor-2] INFO  leader.FollowerInfo (FollowerInfoImpl.java:lambda$new$0(47)) - 850b4870-9ae5-4bfa-bbd2-f1f242dff33d@group-0B92E8633D8E->43ee2308-4bff-4c12-a476-7906f102dfb0: nextIndex: updateUnconditionally 1 -> 0
2021-10-28 01:50:05,955 [850b4870-9ae5-4bfa-bbd2-f1f242dff33d@group-0B92E8633D8E-StateMachineUpdater] INFO  ratis.ContainerStateMachine (ContainerStateMachine.java:takeSnapshot(303)) - group-0B92E8633D8E: Finished taking a snapshot at:(t:1, i:0) file:/home/runner/work/ozone/ozone/hadoop-ozone/integration-test/target/test-dir/MiniOzoneClusterImpl-0566475b-15f3-492a-9b28-f78457f271af/datanode-3/data/ratis/6cf808e4-8713-4a6a-bdd0-0b92e8633d8e/sm/snapshot.1_0 took: 2 ms
2021-10-28 01:50:05,955 [850b4870-9ae5-4bfa-bbd2-f1f242dff33d@group-0B92E8633D8E-StateMachineUpdater] INFO  impl.StateMachineUpdater (StateMachineUpdater.java:takeSnapshot(281)) - 850b4870-9ae5-4bfa-bbd2-f1f242dff33d@group-0B92E8633D8E-StateMachineUpdater: Took a snapshot at index 0
2021-10-28 01:50:05,955 [850b4870-9ae5-4bfa-bbd2-f1f242dff33d@group-0B92E8633D8E-StateMachineUpdater] INFO  impl.StateMachineUpdater (StateMachineUpdater.java:lambda$new$0(89)) - 850b4870-9ae5-4bfa-bbd2-f1f242dff33d@group-0B92E8633D8E-StateMachineUpdater: snapshotIndex: updateIncreasingly -1 -> 0
2021-10-28 01:50:05,959 [Command processor thread] INFO  server.RaftServer$Division (ServerState.java:close(419)) - 850b4870-9ae5-4bfa-bbd2-f1f242dff33d@group-0B92E8633D8E: closes. applyIndex: 0
2021-10-28 01:50:05,959 [850b4870-9ae5-4bfa-bbd2-f1f242dff33d@group-0B92E8633D8E-SegmentedRaftLogWorker] INFO  segmented.SegmentedRaftLogWorker (SegmentedRaftLogWorker.java:run(327)) - 850b4870-9ae5-4bfa-bbd2-f1f242dff33d@group-0B92E8633D8E-SegmentedRaftLogWorker was interrupted, exiting. There are 0 tasks remaining in the queue.
2021-10-28 01:50:05,964 [Command processor thread] INFO  segmented.SegmentedRaftLogWorker (SegmentedRaftLogWorker.java:close(237)) - 850b4870-9ae5-4bfa-bbd2-f1f242dff33d@group-0B92E8633D8E-SegmentedRaftLogWorker close()
2021-10-28 01:50:05,966 [Command processor thread] INFO  server.RaftServer$Division (RaftServerImpl.java:groupRemove(382)) - 850b4870-9ae5-4bfa-bbd2-f1f242dff33d@group-0B92E8633D8E: Succeed to remove RaftStorageDirectory Storage Directory /home/runner/work/ozone/ozone/hadoop-ozone/integration-test/target/test-dir/MiniOzoneClusterImpl-0566475b-15f3-492a-9b28-f78457f271af/datanode-3/data/ratis/6cf808e4-8713-4a6a-bdd0-0b92e8633d8e
2021-10-28 01:50:05,967 [Command processor thread] INFO  commandhandler.ClosePipelineCommandHandler (ClosePipelineCommandHandler.java:handle(78)) - Close Pipeline PipelineID=6cf808e4-8713-4a6a-bdd0-0b92e8633d8e command on datanode 850b4870-9ae5-4bfa-bbd2-f1f242dff33d.
2021-10-28 01:50:05,967 [Command processor thread] INFO  server.RaftServer (RaftServerProxy.java:remove(106)) - 850b4870-9ae5-4bfa-bbd2-f1f242dff33d: remove  FOLLOWER 850b4870-9ae5-4bfa-bbd2-f1f242dff33d@group-CDFD84D3B5C4:t5, leader=43ee2308-4bff-4c12-a476-7906f102dfb0, voted=43ee2308-4bff-4c12-a476-7906f102dfb0, raftlog=850b4870-9ae5-4bfa-bbd2-f1f242dff33d@group-CDFD84D3B5C4-SegmentedRaftLog:OPENED:c2, conf=1: [850b4870-9ae5-4bfa-bbd2-f1f242dff33d|rpc:10.1.0.29:35637|dataStream:|priority:0, 31d6ae09-1bf4-4ff4-9532-94f29ed1392e|rpc:10.1.0.29:44047|dataStream:|priority:1, 43ee2308-4bff-4c12-a476-7906f102dfb0|rpc:10.1.0.29:33053|dataStream:|priority:0], old=null RUNNING
2021-10-28 01:50:05,967 [Command processor thread] INFO  server.RaftServer$Division (RaftServerImpl.java:lambda$close$4(412)) - 850b4870-9ae5-4bfa-bbd2-f1f242dff33d@group-CDFD84D3B5C4: shutdown
2021-10-28 01:50:05,967 [Command processor thread] INFO  util.JmxRegister (JmxRegister.java:unregister(73)) - Successfully un-registered JMX Bean with object name Ratis:service=RaftServer,group=group-CDFD84D3B5C4,id=850b4870-9ae5-4bfa-bbd2-f1f242dff33d
2021-10-28 01:50:05,967 [Command processor thread] INFO  impl.RoleInfo (RoleInfo.java:shutdownFollowerState(108)) - 850b4870-9ae5-4bfa-bbd2-f1f242dff33d: shutdown 850b4870-9ae5-4bfa-bbd2-f1f242dff33d@group-CDFD84D3B5C4-FollowerState
2021-10-28 01:50:05,967 [850b4870-9ae5-4bfa-bbd2-f1f242dff33d@group-CDFD84D3B5C4-FollowerState] INFO  impl.FollowerState (FollowerState.java:run(143)) - 850b4870-9ae5-4bfa-bbd2-f1f242dff33d@group-CDFD84D3B5C4-FollowerState was interrupted: {}
java.lang.InterruptedException: sleep interrupted
	at java.lang.Thread.sleep(Native Method)
	at java.lang.Thread.sleep(Thread.java:340)
	at java.util.concurrent.TimeUnit.sleep(TimeUnit.java:386)
	at org.apache.ratis.util.TimeDuration.sleep(TimeDuration.java:324)
	at org.apache.ratis.util.TimeDuration.sleep(TimeDuration.java:309)
	at org.apache.ratis.server.impl.FollowerState.run(FollowerState.java:118)
2021-10-28 01:50:05,967 [850b4870-9ae5-4bfa-bbd2-f1f242dff33d@group-CDFD84D3B5C4-StateMachineUpdater] INFO  ratis.ContainerStateMachine (ContainerStateMachine.java:takeSnapshot(292)) - group-CDFD84D3B5C4: Taking a snapshot at:(t:5, i:2) file /home/runner/work/ozone/ozone/hadoop-ozone/integration-test/target/test-dir/MiniOzoneClusterImpl-0566475b-15f3-492a-9b28-f78457f271af/datanode-3/data/ratis/b21a688c-33a3-4df7-a4a3-cdfd84d3b5c4/sm/snapshot.5_2
2021-10-28 01:50:05,989 [850b4870-9ae5-4bfa-bbd2-f1f242dff33d@group-0B92E8633D8E->31d6ae09-1bf4-4ff4-9532-94f29ed1392e-GrpcLogAppender-LogAppenderDaemon] ERROR leader.LogAppenderDaemon (LogAppenderDaemon.java:run(86)) - 850b4870-9ae5-4bfa-bbd2-f1f242dff33d@group-0B92E8633D8E->31d6ae09-1bf4-4ff4-9532-94f29ed1392e-GrpcLogAppender-LogAppenderDaemon failed
java.lang.IllegalArgumentException: 850b4870-9ae5-4bfa-bbd2-f1f242dff33d@group-0B92E8633D8E-SegmentedRaftLog is expected to be opened but it is CLOSED
	at org.apache.ratis.util.OpenCloseState.assertOpen(OpenCloseState.java:63)
	at org.apache.ratis.server.raftlog.RaftLogBase.checkLogState(RaftLogBase.java:107)
	at org.apache.ratis.server.raftlog.segmented.SegmentedRaftLog.getLastEntryTermIndex(SegmentedRaftLog.java:339)
	at org.apache.ratis.server.raftlog.RaftLog.getNextIndex(RaftLog.java:83)
	at org.apache.ratis.server.leader.LogAppenderBase.newAppendEntriesRequest(LogAppenderBase.java:138)
	at org.apache.ratis.grpc.server.GrpcLogAppender.appendLog(GrpcLogAppender.java:213)
	at org.apache.ratis.grpc.server.GrpcLogAppender.run(GrpcLogAppender.java:147)
	at org.apache.ratis.server.leader.LogAppenderDaemon.run(LogAppenderDaemon.java:77)
	at java.lang.Thread.run(Thread.java:748)
Caused by: org.apache.ratis.util.OpenCloseState$CloseTrace: Close 850b4870-9ae5-4bfa-bbd2-f1f242dff33d@group-0B92E8633D8E-SegmentedRaftLog
	at org.apache.ratis.util.OpenCloseState.lambda$close$1(OpenCloseState.java:109)
	at java.util.concurrent.atomic.AtomicReference.getAndUpdate(AtomicReference.java:160)
	at org.apache.ratis.util.OpenCloseState.close(OpenCloseState.java:109)
	at org.apache.ratis.server.raftlog.RaftLogBase.close(RaftLogBase.java:356)
	at org.apache.ratis.server.raftlog.segmented.SegmentedRaftLog.close(SegmentedRaftLog.java:505)
	at org.apache.ratis.server.impl.ServerState.close(ServerState.java:421)
	at org.apache.ratis.server.impl.RaftServerImpl.lambda$close$4(RaftServerImpl.java:434)
	at org.apache.ratis.util.LifeCycle.lambda$checkStateAndClose$4(LifeCycle.java:299)
	at org.apache.ratis.util.LifeCycle.checkStateAndClose(LifeCycle.java:319)
	at org.apache.ratis.util.LifeCycle.checkStateAndClose(LifeCycle.java:297)
	at org.apache.ratis.server.impl.RaftServerImpl.close(RaftServerImpl.java:411)
	at org.apache.ratis.server.impl.RaftServerImpl.groupRemove(RaftServerImpl.java:376)
	at org.apache.ratis.server.impl.RaftServerProxy.lambda$groupRemoveAsync$14(RaftServerProxy.java:507)
	at java.util.concurrent.CompletableFuture.uniApply(CompletableFuture.java:616)
	at java.util.concurrent.CompletableFuture.uniApplyStage(CompletableFuture.java:628)
	at java.util.concurrent.CompletableFuture.thenApply(CompletableFuture.java:1996)
	at org.apache.ratis.server.impl.RaftServerProxy.groupRemoveAsync(RaftServerProxy.java:506)
	at org.apache.ratis.server.impl.RaftServerProxy.groupManagementAsync(RaftServerProxy.java:460)
	at org.apache.ratis.server.impl.RaftServerProxy.groupManagement(RaftServerProxy.java:440)
	at org.apache.hadoop.ozone.container.common.transport.server.ratis.XceiverServerRatis.removeGroup(XceiverServerRatis.java:784)
	at org.apache.hadoop.ozone.container.common.statemachine.commandhandler.ClosePipelineCommandHandler.handle(ClosePipelineCommandHandler.java:77)
	at org.apache.hadoop.ozone.container.common.statemachine.commandhandler.CommandDispatcher.handle(CommandDispatcher.java:99)
	at org.apache.hadoop.ozone.container.common.statemachine.DatanodeStateMachine.lambda$initCommandHandlerThread$2(DatanodeStateMachine.java:567)
	... 1 more
2021-10-28 01:50:05,993 [Command processor thread] INFO  impl.StateMachineUpdater (StateMachineUpdater.java:stopAndJoin(149)) - 850b4870-9ae5-4bfa-bbd2-f1f242dff33d@group-CDFD84D3B5C4-StateMachineUpdater: set stopIndex = 2
2021-10-28 01:50:06,029 [850b4870-9ae5-4bfa-bbd2-f1f242dff33d@group-CDFD84D3B5C4-StateMachineUpdater] INFO  ratis.ContainerStateMachine (ContainerStateMachine.java:takeSnapshot(303)) - group-CDFD84D3B5C4: Finished taking a snapshot at:(t:5, i:2) file:/home/runner/work/ozone/ozone/hadoop-ozone/integration-test/target/test-dir/MiniOzoneClusterImpl-0566475b-15f3-492a-9b28-f78457f271af/datanode-3/data/ratis/b21a688c-33a3-4df7-a4a3-cdfd84d3b5c4/sm/snapshot.5_2 took: 62 ms
2021-10-28 01:50:06,029 [850b4870-9ae5-4bfa-bbd2-f1f242dff33d@group-CDFD84D3B5C4-StateMachineUpdater] INFO  impl.StateMachineUpdater (StateMachineUpdater.java:takeSnapshot(281)) - 850b4870-9ae5-4bfa-bbd2-f1f242dff33d@group-CDFD84D3B5C4-StateMachineUpdater: Took a snapshot at index 2
2021-10-28 01:50:06,029 [850b4870-9ae5-4bfa-bbd2-f1f242dff33d@group-CDFD84D3B5C4-StateMachineUpdater] INFO  impl.StateMachineUpdater (StateMachineUpdater.java:lambda$new$0(89)) - 850b4870-9ae5-4bfa-bbd2-f1f242dff33d@group-CDFD84D3B5C4-StateMachineUpdater: snapshotIndex: updateIncreasingly -1 -> 2
2021-10-28 01:50:06,029 [Command processor thread] INFO  server.RaftServer$Division (ServerState.java:close(419)) - 850b4870-9ae5-4bfa-bbd2-f1f242dff33d@group-CDFD84D3B5C4: closes. applyIndex: 2
2021-10-28 01:50:06,029 [850b4870-9ae5-4bfa-bbd2-f1f242dff33d@group-CDFD84D3B5C4-SegmentedRaftLogWorker] INFO  segmented.SegmentedRaftLogWorker (SegmentedRaftLogWorker.java:run(327)) - 850b4870-9ae5-4bfa-bbd2-f1f242dff33d@group-CDFD84D3B5C4-SegmentedRaftLogWorker was interrupted, exiting. There are 0 tasks remaining in the queue.
2021-10-28 01:50:06,030 [Command processor thread] INFO  segmented.SegmentedRaftLogWorker (SegmentedRaftLogWorker.java:close(237)) - 850b4870-9ae5-4bfa-bbd2-f1f242dff33d@group-CDFD84D3B5C4-SegmentedRaftLogWorker close()
2021-10-28 01:50:06,032 [Command processor thread] INFO  server.RaftServer$Division (RaftServerImpl.java:groupRemove(382)) - 850b4870-9ae5-4bfa-bbd2-f1f242dff33d@group-CDFD84D3B5C4: Succeed to remove RaftStorageDirectory Storage Directory /home/runner/work/ozone/ozone/hadoop-ozone/integration-test/target/test-dir/MiniOzoneClusterImpl-0566475b-15f3-492a-9b28-f78457f271af/datanode-3/data/ratis/b21a688c-33a3-4df7-a4a3-cdfd84d3b5c4
2021-10-28 01:50:06,033 [Command processor thread] INFO  commandhandler.ClosePipelineCommandHandler (ClosePipelineCommandHandler.java:handle(78)) - Close Pipeline PipelineID=b21a688c-33a3-4df7-a4a3-cdfd84d3b5c4 command on datanode 850b4870-9ae5-4bfa-bbd2-f1f242dff33d.
2021-10-28 01:50:25,710 [Listener at 127.0.0.1/46475] WARN  io.KeyOutputStream (KeyOutputStream.java:handleException(310)) - Encountered exception java.io.IOException: Unexpected Storage Container Exception: java.util.concurrent.CompletionException: Failed to write chunk 107544261427200001_chunk_6 into block conID: 1 locID: 107544261427200001 bcsId: 9 on the pipeline Pipeline[ Id: 572f35b9-4513-420d-a747-712dc6ef7fc6, Nodes: 31d6ae09-1bf4-4ff4-9532-94f29ed1392e{ip: 10.1.0.29, host: fv-az270-135.tacnzluakwdehk1hpragurqkma.bx.internal.cloudapp.net, ports: [REPLICATION=42011, RATIS=44047, RATIS_ADMIN=44047, RATIS_SERVER=44047, STANDALONE=32823], networkLocation: /default-rack, certSerialId: null, persistedOpState: IN_SERVICE, persistedOpStateExpiryEpochSec: 0}, ReplicationConfig: RATIS/ONE, State:OPEN, leaderId:31d6ae09-1bf4-4ff4-9532-94f29ed1392e, CreationTimestamp2021-10-28T01:49:23.805Z[Etc/UTC]]. The last committed block length is 450, uncommitted data length is 350 retry count 0
2021-10-28 01:50:26,540 [Listener at 127.0.0.1/46475] WARN  impl.MetricRegistriesImpl (MetricRegistriesImpl.java:addReporterRegistration(111)) - New reporters are added after registries were created. Some metrics will be missing from the reporter. Please add reporter before adding any new registry.
2021-10-28 01:50:26,541 [Listener at 127.0.0.1/46475] WARN  impl.MetricRegistriesImpl (MetricRegistriesImpl.java:addReporterRegistration(111)) - New reporters are added after registries were created. Some metrics will be missing from the reporter. Please add reporter before adding any new registry.
2021-10-28 01:50:26,541 [Listener at 127.0.0.1/46475] INFO  impl.MetricsSystemImpl (MetricsSystemImpl.java:init(158)) - HddsDatanode metrics system started (again)
2021-10-28 01:50:26,637 [Listener at 127.0.0.1/46475] INFO  ozone.HddsDatanodeService (HddsDatanodeService.java:start(234)) - HddsDatanodeService host:fv-az270-135.tacnzluakwdehk1hpragurqkma.bx.internal.cloudapp.net ip:10.1.0.29
2021-10-28 01:50:26,695 [Listener at 127.0.0.1/46475] INFO  upgrade.AbstractLayoutVersionManager (AbstractLayoutVersionManager.java:init(79)) - Initializing Layout version manager with metadata layout = SCM_HA (version = 2), software layout = SCM_HA (version = 2)
2021-10-28 01:50:26,786 [Listener at 127.0.0.1/46475] INFO  reflections.Reflections (Reflections.java:scan(232)) - Reflections took 90 ms to scan 7 urls, producing 119 keys and 279 values 
2021-10-28 01:50:26,812 [Listener at 127.0.0.1/46475] INFO  statemachine.DatanodeStateMachine (DatanodeStateMachine.java:getEndPointTaskThreadPoolSize(219)) - Datanode State Machine Task Thread Pool size 2
2021-10-28 01:50:26,859 [Listener at 127.0.0.1/46475] INFO  volume.HddsVolume (HddsVolume.java:<init>(120)) - Creating HddsVolume: /home/runner/work/ozone/ozone/hadoop-ozone/integration-test/target/test-dir/MiniOzoneClusterImpl-0566475b-15f3-492a-9b28-f78457f271af/datanode-5/data-0/containers/hdds of storage type : DISK capacity : 9223372036854775807
2021-10-28 01:50:26,860 [Listener at 127.0.0.1/46475] INFO  volume.MutableVolumeSet (MutableVolumeSet.java:initializeVolumeSet(168)) - Added Volume : /home/runner/work/ozone/ozone/hadoop-ozone/integration-test/target/test-dir/MiniOzoneClusterImpl-0566475b-15f3-492a-9b28-f78457f271af/datanode-5/data-0/containers/hdds to VolumeSet
2021-10-28 01:50:26,860 [Listener at 127.0.0.1/46475] INFO  volume.ThrottledAsyncChecker (ThrottledAsyncChecker.java:schedule(141)) - Scheduling a check for /home/runner/work/ozone/ozone/hadoop-ozone/integration-test/target/test-dir/MiniOzoneClusterImpl-0566475b-15f3-492a-9b28-f78457f271af/datanode-5/data-0/containers/hdds
2021-10-28 01:50:26,862 [Listener at 127.0.0.1/46475] INFO  volume.StorageVolumeChecker (StorageVolumeChecker.java:checkAllVolumes(202)) - Scheduled health check for volume /home/runner/work/ozone/ozone/hadoop-ozone/integration-test/target/test-dir/MiniOzoneClusterImpl-0566475b-15f3-492a-9b28-f78457f271af/datanode-5/data-0/containers/hdds
2021-10-28 01:50:26,898 [Listener at 127.0.0.1/46475] INFO  volume.MutableVolumeSet (MutableVolumeSet.java:initializeVolumeSet(168)) - Added Volume : /home/runner/work/ozone/ozone/hadoop-ozone/integration-test/target/test-dir/MiniOzoneClusterImpl-0566475b-15f3-492a-9b28-f78457f271af/datanode-5/data/ratis to VolumeSet
2021-10-28 01:50:26,904 [Listener at 127.0.0.1/46475] INFO  volume.ThrottledAsyncChecker (ThrottledAsyncChecker.java:schedule(141)) - Scheduling a check for /home/runner/work/ozone/ozone/hadoop-ozone/integration-test/target/test-dir/MiniOzoneClusterImpl-0566475b-15f3-492a-9b28-f78457f271af/datanode-5/data/ratis
2021-10-28 01:50:26,904 [Listener at 127.0.0.1/46475] INFO  volume.StorageVolumeChecker (StorageVolumeChecker.java:checkAllVolumes(202)) - Scheduled health check for volume /home/runner/work/ozone/ozone/hadoop-ozone/integration-test/target/test-dir/MiniOzoneClusterImpl-0566475b-15f3-492a-9b28-f78457f271af/datanode-5/data/ratis
2021-10-28 01:50:26,997 [Thread-1762] INFO  ozoneimpl.ContainerReader (ContainerReader.java:readVolume(142)) - Start to verify containers on volume /home/runner/work/ozone/ozone/hadoop-ozone/integration-test/target/test-dir/MiniOzoneClusterImpl-0566475b-15f3-492a-9b28-f78457f271af/datanode-5/data-0/containers/hdds
2021-10-28 01:50:27,133 [Thread-1762] INFO  ozoneimpl.ContainerReader (ContainerReader.java:readVolume(172)) - Finish verifying containers on volume /home/runner/work/ozone/ozone/hadoop-ozone/integration-test/target/test-dir/MiniOzoneClusterImpl-0566475b-15f3-492a-9b28-f78457f271af/datanode-5/data-0/containers/hdds
2021-10-28 01:50:27,133 [Listener at 127.0.0.1/46475] INFO  ozoneimpl.OzoneContainer (OzoneContainer.java:buildContainerSet(236)) - Build ContainerSet costs 0s
2021-10-28 01:50:27,135 [Listener at 127.0.0.1/46475] INFO  server.RaftServer (ConfUtils.java:logGet(44)) - raft.rpc.type = GRPC (default)
2021-10-28 01:50:27,135 [Listener at 127.0.0.1/46475] INFO  grpc.GrpcFactory (GrpcFactory.java:checkPooledByteBufAllocatorUseCacheForAllThreads(48)) - PERFORMANCE WARNING: useCacheForAllThreads is true that may cause Netty to create a lot garbage objects and, as a result, trigger GC.
	It is recommended to disable useCacheForAllThreads by setting -Dorg.apache.ratis.thirdparty.io.netty.allocator.useCacheForAllThreads=false in command line.
2021-10-28 01:50:27,135 [Listener at 127.0.0.1/46475] INFO  grpc.GrpcConfigKeys (ConfUtils.java:logGet(44)) - raft.grpc.admin.port = 44047 (custom)
2021-10-28 01:50:27,136 [Listener at 127.0.0.1/46475] INFO  grpc.GrpcConfigKeys (ConfUtils.java:logGet(44)) - raft.grpc.client.port = 44047 (custom)
2021-10-28 01:50:27,136 [Listener at 127.0.0.1/46475] INFO  grpc.GrpcConfigKeys (ConfUtils.java:logGet(44)) - raft.grpc.server.port = 44047 (custom)
2021-10-28 01:50:27,136 [Listener at 127.0.0.1/46475] INFO  server.GrpcService (ConfUtils.java:logGet(44)) - raft.grpc.message.size.max = 32MB (=33554432) (custom)
2021-10-28 01:50:27,136 [Listener at 127.0.0.1/46475] INFO  server.RaftServerConfigKeys (ConfUtils.java:logGet(44)) - raft.server.log.appender.buffer.byte-limit = 33554432 (custom)
2021-10-28 01:50:27,136 [Listener at 127.0.0.1/46475] INFO  server.GrpcService (ConfUtils.java:logGet(44)) - raft.grpc.flow.control.window = 5MB (=5242880) (custom)
2021-10-28 01:50:27,136 [Listener at 127.0.0.1/46475] INFO  server.RaftServerConfigKeys (ConfUtils.java:logGet(44)) - raft.server.rpc.request.timeout = 3000ms (default)
2021-10-28 01:50:27,137 [Listener at 127.0.0.1/46475] INFO  impl.DataStreamServerImpl (ConfUtils.java:logGet(44)) - raft.datastream.type = DISABLED (default)
2021-10-28 01:50:27,138 [Listener at 127.0.0.1/46475] INFO  server.RaftServerConfigKeys (ConfUtils.java:logGet(44)) - raft.server.rpc.slowness.timeout = 300000ms (custom)
2021-10-28 01:50:27,138 [Listener at 127.0.0.1/46475] INFO  server.RaftServerConfigKeys (ConfUtils.java:logGet(44)) - raft.server.leaderelection.leader.step-down.wait-time = 10s (default)
2021-10-28 01:50:27,138 [Listener at 127.0.0.1/46475] INFO  server.RaftServerConfigKeys (ConfUtils.java:logGet(44)) - raft.server.storage.dir = [/home/runner/work/ozone/ozone/hadoop-ozone/integration-test/target/test-dir/MiniOzoneClusterImpl-0566475b-15f3-492a-9b28-f78457f271af/datanode-5/data/ratis] (custom)
2021-10-28 01:50:27,147 [Listener at 127.0.0.1/46475] INFO  server.RaftServer (RaftServerProxy.java:lambda$null$1(235)) - 31d6ae09-1bf4-4ff4-9532-94f29ed1392e: found a subdirectory /home/runner/work/ozone/ozone/hadoop-ozone/integration-test/target/test-dir/MiniOzoneClusterImpl-0566475b-15f3-492a-9b28-f78457f271af/datanode-5/data/ratis/6cf808e4-8713-4a6a-bdd0-0b92e8633d8e
2021-10-28 01:50:27,148 [Listener at 127.0.0.1/46475] INFO  server.RaftServer (RaftServerProxy.java:addNew(95)) - 31d6ae09-1bf4-4ff4-9532-94f29ed1392e: addNew group-0B92E8633D8E:[] returns group-0B92E8633D8E:java.util.concurrent.CompletableFuture@25f468d2[Not completed]
2021-10-28 01:50:27,148 [Listener at 127.0.0.1/46475] INFO  server.RaftServer (RaftServerProxy.java:lambda$null$1(235)) - 31d6ae09-1bf4-4ff4-9532-94f29ed1392e: found a subdirectory /home/runner/work/ozone/ozone/hadoop-ozone/integration-test/target/test-dir/MiniOzoneClusterImpl-0566475b-15f3-492a-9b28-f78457f271af/datanode-5/data/ratis/572f35b9-4513-420d-a747-712dc6ef7fc6
2021-10-28 01:50:27,149 [Listener at 127.0.0.1/46475] INFO  server.RaftServer (RaftServerProxy.java:addNew(95)) - 31d6ae09-1bf4-4ff4-9532-94f29ed1392e: addNew group-712DC6EF7FC6:[] returns group-712DC6EF7FC6:java.util.concurrent.CompletableFuture@3e3f1e97[Not completed]
2021-10-28 01:50:27,149 [Listener at 127.0.0.1/46475] INFO  server.RaftServer (RaftServerProxy.java:lambda$null$1(235)) - 31d6ae09-1bf4-4ff4-9532-94f29ed1392e: found a subdirectory /home/runner/work/ozone/ozone/hadoop-ozone/integration-test/target/test-dir/MiniOzoneClusterImpl-0566475b-15f3-492a-9b28-f78457f271af/datanode-5/data/ratis/b21a688c-33a3-4df7-a4a3-cdfd84d3b5c4
2021-10-28 01:50:27,150 [Listener at 127.0.0.1/46475] INFO  server.RaftServer (RaftServerProxy.java:addNew(95)) - 31d6ae09-1bf4-4ff4-9532-94f29ed1392e: addNew group-CDFD84D3B5C4:[] returns group-CDFD84D3B5C4:java.util.concurrent.CompletableFuture@59bee2dd[Not completed]
2021-10-28 01:50:27,159 [pool-671-thread-1] INFO  server.RaftServer$Division (RaftServerImpl.java:<init>(184)) - 31d6ae09-1bf4-4ff4-9532-94f29ed1392e: new RaftServerImpl for group-0B92E8633D8E:[] with ContainerStateMachine:uninitialized
2021-10-28 01:50:27,161 [Listener at 127.0.0.1/46475] INFO  http.BaseHttpServer (BaseHttpServer.java:newHttpServer2BuilderForOzone(209)) - Starting Web-server for hddsDatanode at: http://0.0.0.0:41875
2021-10-28 01:50:27,161 [Listener at 127.0.0.1/46475] INFO  http.BaseHttpServer (BaseHttpServer.java:<init>(107)) - Hadoop Security Enabled: false Ozone Security Enabled: false Ozone HTTP Security Enabled: false 
2021-10-28 01:50:27,162 [Listener at 127.0.0.1/46475] INFO  server.AuthenticationFilter (AuthenticationFilter.java:constructSecretProvider(240)) - Unable to initialize FileSignerSecretProvider, falling back to use random secrets.
2021-10-28 01:50:27,164 [Listener at 127.0.0.1/46475] WARN  http.HttpRequestLog (HttpRequestLog.java:getRequestLog(103)) - Jetty request log can only be enabled using Log4j
2021-10-28 01:50:27,165 [Listener at 127.0.0.1/46475] INFO  http.HttpServer2 (HttpServer2.java:addGlobalFilter(1030)) - Added global filter 'safety' (class=org.apache.hadoop.hdds.server.http.HttpServer2$QuotingInputFilter)
2021-10-28 01:50:27,165 [Listener at 127.0.0.1/46475] INFO  http.HttpServer2 (HttpServer2.java:addFilter(1006)) - Added filter static_user_filter (class=org.apache.hadoop.http.lib.StaticUserWebFilter$StaticUserFilter) to context hddsDatanode
2021-10-28 01:50:27,166 [Listener at 127.0.0.1/46475] INFO  http.HttpServer2 (HttpServer2.java:addFilter(1014)) - Added filter static_user_filter (class=org.apache.hadoop.http.lib.StaticUserWebFilter$StaticUserFilter) to context logs
2021-10-28 01:50:27,166 [Listener at 127.0.0.1/46475] INFO  http.HttpServer2 (HttpServer2.java:addFilter(1014)) - Added filter static_user_filter (class=org.apache.hadoop.http.lib.StaticUserWebFilter$StaticUserFilter) to context static
2021-10-28 01:50:27,167 [Listener at 127.0.0.1/46475] INFO  http.HttpServer2 (HttpServer2.java:bindListener(1249)) - Jetty bound to port 41875
2021-10-28 01:50:27,167 [Listener at 127.0.0.1/46475] INFO  server.Server (Server.java:doStart(375)) - jetty-9.4.43.v20210629; built: 2021-06-30T11:07:22.254Z; git: 526006ecfa3af7f1a27ef3a288e2bef7ea9dd7e8; jvm 1.8.0_292-b10
2021-10-28 01:50:27,168 [Listener at 127.0.0.1/46475] INFO  server.session (DefaultSessionIdManager.java:doStart(334)) - DefaultSessionIdManager workerName=node0
2021-10-28 01:50:27,169 [Listener at 127.0.0.1/46475] INFO  server.session (DefaultSessionIdManager.java:doStart(339)) - No SessionScavenger set, using defaults
2021-10-28 01:50:27,169 [Listener at 127.0.0.1/46475] INFO  server.session (HouseKeeper.java:startScavenging(132)) - node0 Scavenging every 600000ms
2021-10-28 01:50:27,169 [Listener at 127.0.0.1/46475] INFO  handler.ContextHandler (ContextHandler.java:doStart(915)) - Started o.e.j.s.ServletContextHandler@63f7ee42{logs,/logs,file:///home/runner/work/ozone/ozone/hadoop-ozone/integration-test/target/log,AVAILABLE}
2021-10-28 01:50:27,170 [Listener at 127.0.0.1/46475] INFO  handler.ContextHandler (ContextHandler.java:doStart(915)) - Started o.e.j.s.ServletContextHandler@78958ca9{static,/static,jar:file:/home/runner/.m2/repository/org/apache/ozone/hdds-container-service/1.2.0-SNAPSHOT/hdds-container-service-1.2.0-SNAPSHOT.jar!/webapps/static,AVAILABLE}
2021-10-28 01:50:27,195 [pool-671-thread-1] INFO  server.RaftServerConfigKeys (ConfUtils.java:logGet(44)) - raft.server.rpc.timeout.min = 5s (custom)
2021-10-28 01:50:27,195 [pool-671-thread-1] INFO  server.RaftServerConfigKeys (ConfUtils.java:logGet(44)) - raft.server.rpc.timeout.max = 5200ms (custom)
2021-10-28 01:50:27,195 [pool-671-thread-1] INFO  server.RaftServerConfigKeys (ConfUtils.java:logGet(44)) - raft.server.rpc.sleep.time = 25ms (default)
2021-10-28 01:50:27,195 [pool-671-thread-1] INFO  server.RaftServerConfigKeys (ConfUtils.java:logGet(44)) - raft.server.rpc.slowness.timeout = 300000ms (custom)
2021-10-28 01:50:27,195 [pool-671-thread-1] INFO  server.RaftServerConfigKeys (ConfUtils.java:logGet(44)) - raft.server.leaderelection.leader.step-down.wait-time = 10s (default)
2021-10-28 01:50:27,195 [pool-671-thread-1] INFO  server.RaftServerConfigKeys (ConfUtils.java:logGet(44)) - raft.server.sleep.deviation.threshold = 300ms (default)
2021-10-28 01:50:27,195 [pool-671-thread-1] INFO  server.RaftServerConfigKeys (ConfUtils.java:logGet(44)) - raft.server.log.appender.install.snapshot.enabled = false (custom)
2021-10-28 01:50:27,196 [pool-671-thread-1] INFO  server.RaftServer$Division (ServerState.java:<init>(105)) - 31d6ae09-1bf4-4ff4-9532-94f29ed1392e@group-0B92E8633D8E: ConfigurationManager, init=-1: [], old=null, confs=<EMPTY_MAP>
2021-10-28 01:50:27,196 [pool-671-thread-1] INFO  server.RaftServerConfigKeys (ConfUtils.java:logGet(44)) - raft.server.storage.dir = [/home/runner/work/ozone/ozone/hadoop-ozone/integration-test/target/test-dir/MiniOzoneClusterImpl-0566475b-15f3-492a-9b28-f78457f271af/datanode-5/data/ratis] (custom)
2021-10-28 01:50:27,196 [pool-671-thread-1] INFO  server.RaftServerConfigKeys (ConfUtils.java:logGet(44)) - raft.server.log.corruption.policy = EXCEPTION (default)
2021-10-28 01:50:27,196 [pool-671-thread-1] INFO  server.RaftServerConfigKeys (ConfUtils.java:logGet(44)) - raft.server.storage.free-space.min = 0MB (=0) (default)
2021-10-28 01:50:27,197 [pool-671-thread-1] INFO  storage.RaftStorageDirectory (RaftStorageDirectoryImpl.java:tryLock(230)) - Lock on /home/runner/work/ozone/ozone/hadoop-ozone/integration-test/target/test-dir/MiniOzoneClusterImpl-0566475b-15f3-492a-9b28-f78457f271af/datanode-5/data/ratis/6cf808e4-8713-4a6a-bdd0-0b92e8633d8e/in_use.lock acquired by nodename 734@fv-az270-135
2021-10-28 01:50:27,197 [pool-671-thread-1] INFO  storage.RaftStorage (RaftStorageImpl.java:analyzeAndRecoverStorage(110)) - Read RaftStorageMetadata{term=1, votedFor=850b4870-9ae5-4bfa-bbd2-f1f242dff33d} from /home/runner/work/ozone/ozone/hadoop-ozone/integration-test/target/test-dir/MiniOzoneClusterImpl-0566475b-15f3-492a-9b28-f78457f271af/datanode-5/data/ratis/6cf808e4-8713-4a6a-bdd0-0b92e8633d8e/current/raft-meta
2021-10-28 01:50:27,199 [pool-671-thread-1] INFO  ratis.ContainerStateMachine (ContainerStateMachine.java:loadSnapshot(233)) - group-0B92E8633D8E: Setting the last applied index to (t:1, i:0)
2021-10-28 01:50:27,199 [pool-671-thread-1] INFO  server.RaftServer$Division (ServerState.java:setRaftConf(387)) - 31d6ae09-1bf4-4ff4-9532-94f29ed1392e@group-0B92E8633D8E: set configuration 0: [850b4870-9ae5-4bfa-bbd2-f1f242dff33d|rpc:10.1.0.29:35637|dataStream:|priority:1, 31d6ae09-1bf4-4ff4-9532-94f29ed1392e|rpc:10.1.0.29:44047|dataStream:|priority:0, 43ee2308-4bff-4c12-a476-7906f102dfb0|rpc:10.1.0.29:33053|dataStream:|priority:0], old=null
2021-10-28 01:50:27,199 [pool-671-thread-1] INFO  server.RaftServerConfigKeys (ConfUtils.java:logGet(44)) - raft.server.notification.no-leader.timeout = 300000ms (custom)
2021-10-28 01:50:27,199 [pool-671-thread-1] INFO  server.RaftServerConfigKeys (ConfUtils.java:logGet(44)) - raft.server.log.use.memory = false (default)
2021-10-28 01:50:27,199 [pool-671-thread-1] INFO  server.RaftServerConfigKeys (ConfUtils.java:logGet(44)) - raft.server.log.purge.gap = 1000000 (custom)
2021-10-28 01:50:27,200 [pool-671-thread-1] INFO  server.RaftServerConfigKeys (ConfUtils.java:logGet(44)) - raft.server.log.appender.buffer.byte-limit = 33554432 (custom)
2021-10-28 01:50:27,200 [pool-671-thread-1] INFO  server.RaftServerConfigKeys (ConfUtils.java:logGet(44)) - raft.server.log.segment.size.max = 1048576 (custom)
2021-10-28 01:50:27,200 [pool-671-thread-1] INFO  server.RaftServerConfigKeys (ConfUtils.java:logGet(44)) - raft.server.log.segment.cache.num.max = 2 (custom)
2021-10-28 01:50:27,203 [pool-671-thread-1] INFO  server.RaftServerConfigKeys (ConfUtils.java:logGet(44)) - raft.server.log.segment.cache.size.max = 200MB (=209715200) (default)
2021-10-28 01:50:27,203 [pool-671-thread-1] INFO  segmented.SegmentedRaftLogWorker (SegmentedRaftLogWorker.java:<init>(182)) - new 31d6ae09-1bf4-4ff4-9532-94f29ed1392e@group-0B92E8633D8E-SegmentedRaftLogWorker for RaftStorageImpl:Storage Directory /home/runner/work/ozone/ozone/hadoop-ozone/integration-test/target/test-dir/MiniOzoneClusterImpl-0566475b-15f3-492a-9b28-f78457f271af/datanode-5/data/ratis/6cf808e4-8713-4a6a-bdd0-0b92e8633d8e
2021-10-28 01:50:27,203 [pool-671-thread-1] INFO  server.RaftServerConfigKeys (ConfUtils.java:logGet(44)) - raft.server.log.queue.byte-limit = 2147483647 (custom)
2021-10-28 01:50:27,203 [pool-671-thread-1] INFO  server.RaftServerConfigKeys (ConfUtils.java:logGet(44)) - raft.server.log.queue.element-limit = 1024 (custom)
2021-10-28 01:50:27,203 [pool-671-thread-1] INFO  server.RaftServerConfigKeys (ConfUtils.java:logGet(44)) - raft.server.log.segment.size.max = 1048576 (custom)
2021-10-28 01:50:27,203 [pool-671-thread-1] INFO  server.RaftServerConfigKeys (ConfUtils.java:logGet(44)) - raft.server.log.preallocated.size = 16384 (custom)
2021-10-28 01:50:27,204 [pool-671-thread-1] INFO  server.RaftServerConfigKeys (ConfUtils.java:logGet(44)) - raft.server.log.force.sync.num = 128 (default)
2021-10-28 01:50:27,204 [pool-671-thread-1] INFO  server.RaftServerConfigKeys (ConfUtils.java:logGet(44)) - raft.server.log.statemachine.data.sync = true (default)
2021-10-28 01:50:27,204 [pool-671-thread-1] INFO  server.RaftServerConfigKeys (ConfUtils.java:logGet(44)) - raft.server.log.statemachine.data.sync.timeout = 10s (default)
2021-10-28 01:50:27,204 [pool-671-thread-1] INFO  server.RaftServerConfigKeys (ConfUtils.java:logGet(44)) - raft.server.log.statemachine.data.sync.timeout.retry = -1 (default)
2021-10-28 01:50:27,205 [pool-671-thread-1] INFO  server.RaftServerConfigKeys (ConfUtils.java:logGet(44)) - raft.server.log.write.buffer.size = 1048576 (custom)
2021-10-28 01:50:27,205 [pool-671-thread-1] INFO  server.RaftServerConfigKeys (ConfUtils.java:logGet(44)) - raft.server.log.statemachine.data.caching.enabled = true (custom)
2021-10-28 01:50:27,208 [pool-671-thread-1] INFO  server.RaftServer$Division (ServerState.java:setRaftConf(387)) - 31d6ae09-1bf4-4ff4-9532-94f29ed1392e@group-0B92E8633D8E: set configuration 0: [850b4870-9ae5-4bfa-bbd2-f1f242dff33d|rpc:10.1.0.29:35637|dataStream:|priority:1, 31d6ae09-1bf4-4ff4-9532-94f29ed1392e|rpc:10.1.0.29:44047|dataStream:|priority:0, 43ee2308-4bff-4c12-a476-7906f102dfb0|rpc:10.1.0.29:33053|dataStream:|priority:0], old=null
2021-10-28 01:50:27,210 [pool-671-thread-1] INFO  segmented.LogSegment (LogSegment.java:loadSegment(173)) - Successfully read 1 entries from segment file /home/runner/work/ozone/ozone/hadoop-ozone/integration-test/target/test-dir/MiniOzoneClusterImpl-0566475b-15f3-492a-9b28-f78457f271af/datanode-5/data/ratis/6cf808e4-8713-4a6a-bdd0-0b92e8633d8e/current/log_inprogress_0
2021-10-28 01:50:27,210 [pool-671-thread-1] INFO  segmented.SegmentedRaftLogWorker (SegmentedRaftLogWorker.java:lambda$new$0(133)) - 31d6ae09-1bf4-4ff4-9532-94f29ed1392e@group-0B92E8633D8E-SegmentedRaftLogWorker: flushIndex: setUnconditionally 0 -> 0
2021-10-28 01:50:27,210 [pool-671-thread-1] INFO  segmented.SegmentedRaftLogWorker (SegmentedRaftLogWorker.java:lambda$new$0(133)) - 31d6ae09-1bf4-4ff4-9532-94f29ed1392e@group-0B92E8633D8E-SegmentedRaftLogWorker: safeCacheEvictIndex: setUnconditionally 0 -> -1
2021-10-28 01:50:27,226 [pool-671-thread-1] INFO  server.RaftServerConfigKeys (ConfUtils.java:logGet(44)) - raft.server.snapshot.auto.trigger.enabled = true (custom)
2021-10-28 01:50:27,227 [pool-671-thread-1] INFO  server.RaftServerConfigKeys (ConfUtils.java:logGet(44)) - raft.server.snapshot.auto.trigger.threshold = 10000 (custom)
2021-10-28 01:50:27,227 [pool-671-thread-1] INFO  server.RaftServerConfigKeys (ConfUtils.java:logGet(44)) - raft.server.snapshot.retention.file.num = 5 (custom)
2021-10-28 01:50:27,227 [pool-671-thread-1] INFO  server.RaftServerConfigKeys (ConfUtils.java:logGet(44)) - raft.server.log.purge.upto.snapshot.index = false (default)
2021-10-28 01:50:27,239 [pool-671-thread-1] INFO  server.RaftServerConfigKeys (ConfUtils.java:logGet(44)) - raft.server.retrycache.expirytime = 600000ms (custom)
2021-10-28 01:50:27,239 [pool-671-thread-1] INFO  server.RaftServerConfigKeys (ConfUtils.java:logGet(44)) - raft.server.retrycache.statistics.expirytime = 100μs (default)
2021-10-28 01:50:27,245 [pool-671-thread-1] INFO  server.RaftServer$Division (RaftServerImpl.java:<init>(184)) - 31d6ae09-1bf4-4ff4-9532-94f29ed1392e: new RaftServerImpl for group-712DC6EF7FC6:[] with ContainerStateMachine:uninitialized
2021-10-28 01:50:27,245 [pool-671-thread-1] INFO  server.RaftServerConfigKeys (ConfUtils.java:logGet(44)) - raft.server.rpc.timeout.min = 5s (custom)
2021-10-28 01:50:27,245 [pool-671-thread-1] INFO  server.RaftServerConfigKeys (ConfUtils.java:logGet(44)) - raft.server.rpc.timeout.max = 5200ms (custom)
2021-10-28 01:50:27,245 [pool-671-thread-1] INFO  server.RaftServerConfigKeys (ConfUtils.java:logGet(44)) - raft.server.rpc.sleep.time = 25ms (default)
2021-10-28 01:50:27,245 [pool-671-thread-1] INFO  server.RaftServerConfigKeys (ConfUtils.java:logGet(44)) - raft.server.rpc.slowness.timeout = 300000ms (custom)
2021-10-28 01:50:27,245 [pool-671-thread-1] INFO  server.RaftServerConfigKeys (ConfUtils.java:logGet(44)) - raft.server.leaderelection.leader.step-down.wait-time = 10s (default)
2021-10-28 01:50:27,245 [pool-671-thread-1] INFO  server.RaftServerConfigKeys (ConfUtils.java:logGet(44)) - raft.server.sleep.deviation.threshold = 300ms (default)
2021-10-28 01:50:27,245 [pool-671-thread-1] INFO  server.RaftServerConfigKeys (ConfUtils.java:logGet(44)) - raft.server.log.appender.install.snapshot.enabled = false (custom)
2021-10-28 01:50:27,245 [pool-671-thread-1] INFO  server.RaftServer$Division (ServerState.java:<init>(105)) - 31d6ae09-1bf4-4ff4-9532-94f29ed1392e@group-712DC6EF7FC6: ConfigurationManager, init=-1: [], old=null, confs=<EMPTY_MAP>
2021-10-28 01:50:27,246 [pool-671-thread-1] INFO  server.RaftServerConfigKeys (ConfUtils.java:logGet(44)) - raft.server.storage.dir = [/home/runner/work/ozone/ozone/hadoop-ozone/integration-test/target/test-dir/MiniOzoneClusterImpl-0566475b-15f3-492a-9b28-f78457f271af/datanode-5/data/ratis] (custom)
2021-10-28 01:50:27,246 [pool-671-thread-1] INFO  server.RaftServerConfigKeys (ConfUtils.java:logGet(44)) - raft.server.log.corruption.policy = EXCEPTION (default)
2021-10-28 01:50:27,246 [pool-671-thread-1] INFO  server.RaftServerConfigKeys (ConfUtils.java:logGet(44)) - raft.server.storage.free-space.min = 0MB (=0) (default)
2021-10-28 01:50:27,252 [pool-671-thread-1] INFO  storage.RaftStorageDirectory (RaftStorageDirectoryImpl.java:tryLock(230)) - Lock on /home/runner/work/ozone/ozone/hadoop-ozone/integration-test/target/test-dir/MiniOzoneClusterImpl-0566475b-15f3-492a-9b28-f78457f271af/datanode-5/data/ratis/572f35b9-4513-420d-a747-712dc6ef7fc6/in_use.lock acquired by nodename 734@fv-az270-135
2021-10-28 01:50:27,252 [pool-671-thread-1] INFO  storage.RaftStorage (RaftStorageImpl.java:analyzeAndRecoverStorage(110)) - Read RaftStorageMetadata{term=1, votedFor=31d6ae09-1bf4-4ff4-9532-94f29ed1392e} from /home/runner/work/ozone/ozone/hadoop-ozone/integration-test/target/test-dir/MiniOzoneClusterImpl-0566475b-15f3-492a-9b28-f78457f271af/datanode-5/data/ratis/572f35b9-4513-420d-a747-712dc6ef7fc6/current/raft-meta
2021-10-28 01:50:27,252 [pool-671-thread-1] INFO  ratis.ContainerStateMachine (ContainerStateMachine.java:loadSnapshot(233)) - group-712DC6EF7FC6: Setting the last applied index to (t:1, i:11)
2021-10-28 01:50:27,253 [pool-671-thread-1] INFO  server.RaftServer$Division (ServerState.java:setRaftConf(387)) - 31d6ae09-1bf4-4ff4-9532-94f29ed1392e@group-712DC6EF7FC6: set configuration 0: [31d6ae09-1bf4-4ff4-9532-94f29ed1392e|rpc:10.1.0.29:44047|dataStream:|priority:1], old=null
2021-10-28 01:50:27,253 [pool-671-thread-1] INFO  server.RaftServerConfigKeys (ConfUtils.java:logGet(44)) - raft.server.notification.no-leader.timeout = 300000ms (custom)
2021-10-28 01:50:27,253 [pool-671-thread-1] INFO  server.RaftServerConfigKeys (ConfUtils.java:logGet(44)) - raft.server.log.use.memory = false (default)
2021-10-28 01:50:27,253 [pool-671-thread-1] INFO  server.RaftServerConfigKeys (ConfUtils.java:logGet(44)) - raft.server.log.purge.gap = 1000000 (custom)
2021-10-28 01:50:27,253 [pool-671-thread-1] INFO  server.RaftServerConfigKeys (ConfUtils.java:logGet(44)) - raft.server.log.appender.buffer.byte-limit = 33554432 (custom)
2021-10-28 01:50:27,253 [pool-671-thread-1] INFO  server.RaftServerConfigKeys (ConfUtils.java:logGet(44)) - raft.server.log.segment.size.max = 1048576 (custom)
2021-10-28 01:50:27,254 [pool-671-thread-1] INFO  server.RaftServerConfigKeys (ConfUtils.java:logGet(44)) - raft.server.log.segment.cache.num.max = 2 (custom)
2021-10-28 01:50:27,282 [pool-671-thread-1] INFO  server.RaftServerConfigKeys (ConfUtils.java:logGet(44)) - raft.server.log.segment.cache.size.max = 200MB (=209715200) (default)
2021-10-28 01:50:27,287 [pool-671-thread-1] INFO  segmented.SegmentedRaftLogWorker (SegmentedRaftLogWorker.java:<init>(182)) - new 31d6ae09-1bf4-4ff4-9532-94f29ed1392e@group-712DC6EF7FC6-SegmentedRaftLogWorker for RaftStorageImpl:Storage Directory /home/runner/work/ozone/ozone/hadoop-ozone/integration-test/target/test-dir/MiniOzoneClusterImpl-0566475b-15f3-492a-9b28-f78457f271af/datanode-5/data/ratis/572f35b9-4513-420d-a747-712dc6ef7fc6
2021-10-28 01:50:27,287 [pool-671-thread-1] INFO  server.RaftServerConfigKeys (ConfUtils.java:logGet(44)) - raft.server.log.queue.byte-limit = 2147483647 (custom)
2021-10-28 01:50:27,287 [pool-671-thread-1] INFO  server.RaftServerConfigKeys (ConfUtils.java:logGet(44)) - raft.server.log.queue.element-limit = 1024 (custom)
2021-10-28 01:50:27,287 [pool-671-thread-1] INFO  server.RaftServerConfigKeys (ConfUtils.java:logGet(44)) - raft.server.log.segment.size.max = 1048576 (custom)
2021-10-28 01:50:27,287 [pool-671-thread-1] INFO  server.RaftServerConfigKeys (ConfUtils.java:logGet(44)) - raft.server.log.preallocated.size = 16384 (custom)
2021-10-28 01:50:27,287 [pool-671-thread-1] INFO  server.RaftServerConfigKeys (ConfUtils.java:logGet(44)) - raft.server.log.force.sync.num = 128 (default)
2021-10-28 01:50:27,287 [pool-671-thread-1] INFO  server.RaftServerConfigKeys (ConfUtils.java:logGet(44)) - raft.server.log.statemachine.data.sync = true (default)
2021-10-28 01:50:27,288 [pool-671-thread-1] INFO  server.RaftServerConfigKeys (ConfUtils.java:logGet(44)) - raft.server.log.statemachine.data.sync.timeout = 10s (default)
2021-10-28 01:50:27,288 [pool-671-thread-1] INFO  server.RaftServerConfigKeys (ConfUtils.java:logGet(44)) - raft.server.log.statemachine.data.sync.timeout.retry = -1 (default)
2021-10-28 01:50:27,289 [pool-671-thread-1] INFO  server.RaftServerConfigKeys (ConfUtils.java:logGet(44)) - raft.server.log.write.buffer.size = 1048576 (custom)
2021-10-28 01:50:27,289 [pool-671-thread-1] INFO  server.RaftServerConfigKeys (ConfUtils.java:logGet(44)) - raft.server.log.statemachine.data.caching.enabled = true (custom)
2021-10-28 01:50:27,290 [pool-671-thread-1] INFO  server.RaftServer$Division (ServerState.java:setRaftConf(387)) - 31d6ae09-1bf4-4ff4-9532-94f29ed1392e@group-712DC6EF7FC6: set configuration 0: [31d6ae09-1bf4-4ff4-9532-94f29ed1392e|rpc:10.1.0.29:44047|dataStream:|priority:1], old=null
2021-10-28 01:50:27,291 [pool-671-thread-1] INFO  segmented.LogSegment (LogSegment.java:loadSegment(173)) - Successfully read 12 entries from segment file /home/runner/work/ozone/ozone/hadoop-ozone/integration-test/target/test-dir/MiniOzoneClusterImpl-0566475b-15f3-492a-9b28-f78457f271af/datanode-5/data/ratis/572f35b9-4513-420d-a747-712dc6ef7fc6/current/log_inprogress_0
2021-10-28 01:50:27,291 [pool-671-thread-1] INFO  segmented.SegmentedRaftLogWorker (SegmentedRaftLogWorker.java:lambda$new$0(133)) - 31d6ae09-1bf4-4ff4-9532-94f29ed1392e@group-712DC6EF7FC6-SegmentedRaftLogWorker: flushIndex: setUnconditionally 0 -> 11
2021-10-28 01:50:27,291 [pool-671-thread-1] INFO  segmented.SegmentedRaftLogWorker (SegmentedRaftLogWorker.java:lambda$new$0(133)) - 31d6ae09-1bf4-4ff4-9532-94f29ed1392e@group-712DC6EF7FC6-SegmentedRaftLogWorker: safeCacheEvictIndex: setUnconditionally 0 -> -1
2021-10-28 01:50:27,300 [pool-671-thread-1] INFO  raftlog.RaftLog (RaftLogBase.java:lambda$new$0(53)) - 31d6ae09-1bf4-4ff4-9532-94f29ed1392e@group-712DC6EF7FC6-SegmentedRaftLog: commitIndex: updateToMax old=11, new=9, updated? false
2021-10-28 01:50:27,300 [pool-671-thread-1] INFO  server.RaftServerConfigKeys (ConfUtils.java:logGet(44)) - raft.server.snapshot.auto.trigger.enabled = true (custom)
2021-10-28 01:50:27,300 [pool-671-thread-1] INFO  server.RaftServerConfigKeys (ConfUtils.java:logGet(44)) - raft.server.snapshot.auto.trigger.threshold = 10000 (custom)
2021-10-28 01:50:27,300 [pool-671-thread-1] INFO  server.RaftServerConfigKeys (ConfUtils.java:logGet(44)) - raft.server.snapshot.retention.file.num = 5 (custom)
2021-10-28 01:50:27,300 [pool-671-thread-1] INFO  server.RaftServerConfigKeys (ConfUtils.java:logGet(44)) - raft.server.log.purge.upto.snapshot.index = false (default)
2021-10-28 01:50:27,300 [pool-671-thread-1] INFO  server.RaftServerConfigKeys (ConfUtils.java:logGet(44)) - raft.server.retrycache.expirytime = 600000ms (custom)
2021-10-28 01:50:27,300 [pool-671-thread-1] INFO  server.RaftServerConfigKeys (ConfUtils.java:logGet(44)) - raft.server.retrycache.statistics.expirytime = 100μs (default)
2021-10-28 01:50:27,303 [pool-671-thread-1] INFO  server.RaftServer$Division (RaftServerImpl.java:<init>(184)) - 31d6ae09-1bf4-4ff4-9532-94f29ed1392e: new RaftServerImpl for group-CDFD84D3B5C4:[] with ContainerStateMachine:uninitialized
2021-10-28 01:50:27,303 [pool-671-thread-1] INFO  server.RaftServerConfigKeys (ConfUtils.java:logGet(44)) - raft.server.rpc.timeout.min = 5s (custom)
2021-10-28 01:50:27,303 [pool-671-thread-1] INFO  server.RaftServerConfigKeys (ConfUtils.java:logGet(44)) - raft.server.rpc.timeout.max = 5200ms (custom)
2021-10-28 01:50:27,303 [pool-671-thread-1] INFO  server.RaftServerConfigKeys (ConfUtils.java:logGet(44)) - raft.server.rpc.sleep.time = 25ms (default)
2021-10-28 01:50:27,303 [pool-671-thread-1] INFO  server.RaftServerConfigKeys (ConfUtils.java:logGet(44)) - raft.server.rpc.slowness.timeout = 300000ms (custom)
2021-10-28 01:50:27,303 [pool-671-thread-1] INFO  server.RaftServerConfigKeys (ConfUtils.java:logGet(44)) - raft.server.leaderelection.leader.step-down.wait-time = 10s (default)
2021-10-28 01:50:27,303 [pool-671-thread-1] INFO  server.RaftServerConfigKeys (ConfUtils.java:logGet(44)) - raft.server.sleep.deviation.threshold = 300ms (default)
2021-10-28 01:50:27,303 [pool-671-thread-1] INFO  server.RaftServerConfigKeys (ConfUtils.java:logGet(44)) - raft.server.log.appender.install.snapshot.enabled = false (custom)
2021-10-28 01:50:27,303 [pool-671-thread-1] INFO  server.RaftServer$Division (ServerState.java:<init>(105)) - 31d6ae09-1bf4-4ff4-9532-94f29ed1392e@group-CDFD84D3B5C4: ConfigurationManager, init=-1: [], old=null, confs=<EMPTY_MAP>
2021-10-28 01:50:27,304 [pool-671-thread-1] INFO  server.RaftServerConfigKeys (ConfUtils.java:logGet(44)) - raft.server.storage.dir = [/home/runner/work/ozone/ozone/hadoop-ozone/integration-test/target/test-dir/MiniOzoneClusterImpl-0566475b-15f3-492a-9b28-f78457f271af/datanode-5/data/ratis] (custom)
2021-10-28 01:50:27,304 [pool-671-thread-1] INFO  server.RaftServerConfigKeys (ConfUtils.java:logGet(44)) - raft.server.log.corruption.policy = EXCEPTION (default)
2021-10-28 01:50:27,304 [pool-671-thread-1] INFO  server.RaftServerConfigKeys (ConfUtils.java:logGet(44)) - raft.server.storage.free-space.min = 0MB (=0) (default)
2021-10-28 01:50:27,319 [pool-671-thread-1] INFO  storage.RaftStorageDirectory (RaftStorageDirectoryImpl.java:tryLock(230)) - Lock on /home/runner/work/ozone/ozone/hadoop-ozone/integration-test/target/test-dir/MiniOzoneClusterImpl-0566475b-15f3-492a-9b28-f78457f271af/datanode-5/data/ratis/b21a688c-33a3-4df7-a4a3-cdfd84d3b5c4/in_use.lock acquired by nodename 734@fv-az270-135
2021-10-28 01:50:27,324 [pool-671-thread-1] INFO  storage.RaftStorage (RaftStorageImpl.java:analyzeAndRecoverStorage(110)) - Read RaftStorageMetadata{term=4, votedFor=31d6ae09-1bf4-4ff4-9532-94f29ed1392e} from /home/runner/work/ozone/ozone/hadoop-ozone/integration-test/target/test-dir/MiniOzoneClusterImpl-0566475b-15f3-492a-9b28-f78457f271af/datanode-5/data/ratis/b21a688c-33a3-4df7-a4a3-cdfd84d3b5c4/current/raft-meta
2021-10-28 01:50:27,327 [pool-671-thread-1] INFO  ratis.ContainerStateMachine (ContainerStateMachine.java:loadSnapshot(233)) - group-CDFD84D3B5C4: Setting the last applied index to (t:4, i:0)
2021-10-28 01:50:27,330 [pool-671-thread-1] INFO  server.RaftServer$Division (ServerState.java:setRaftConf(387)) - 31d6ae09-1bf4-4ff4-9532-94f29ed1392e@group-CDFD84D3B5C4: set configuration 0: [850b4870-9ae5-4bfa-bbd2-f1f242dff33d|rpc:10.1.0.29:35637|dataStream:|priority:0, 31d6ae09-1bf4-4ff4-9532-94f29ed1392e|rpc:10.1.0.29:44047|dataStream:|priority:1, 43ee2308-4bff-4c12-a476-7906f102dfb0|rpc:10.1.0.29:33053|dataStream:|priority:0], old=null
2021-10-28 01:50:27,331 [pool-671-thread-1] INFO  server.RaftServerConfigKeys (ConfUtils.java:logGet(44)) - raft.server.notification.no-leader.timeout = 300000ms (custom)
2021-10-28 01:50:27,331 [pool-671-thread-1] INFO  server.RaftServerConfigKeys (ConfUtils.java:logGet(44)) - raft.server.log.use.memory = false (default)
2021-10-28 01:50:27,332 [pool-671-thread-1] INFO  server.RaftServerConfigKeys (ConfUtils.java:logGet(44)) - raft.server.log.purge.gap = 1000000 (custom)
2021-10-28 01:50:27,332 [pool-671-thread-1] INFO  server.RaftServerConfigKeys (ConfUtils.java:logGet(44)) - raft.server.log.appender.buffer.byte-limit = 33554432 (custom)
2021-10-28 01:50:27,332 [pool-671-thread-1] INFO  server.RaftServerConfigKeys (ConfUtils.java:logGet(44)) - raft.server.log.segment.size.max = 1048576 (custom)
2021-10-28 01:50:27,332 [pool-671-thread-1] INFO  server.RaftServerConfigKeys (ConfUtils.java:logGet(44)) - raft.server.log.segment.cache.num.max = 2 (custom)
2021-10-28 01:50:27,332 [pool-671-thread-1] INFO  server.RaftServerConfigKeys (ConfUtils.java:logGet(44)) - raft.server.log.segment.cache.size.max = 200MB (=209715200) (default)
2021-10-28 01:50:27,332 [pool-671-thread-1] INFO  segmented.SegmentedRaftLogWorker (SegmentedRaftLogWorker.java:<init>(182)) - new 31d6ae09-1bf4-4ff4-9532-94f29ed1392e@group-CDFD84D3B5C4-SegmentedRaftLogWorker for RaftStorageImpl:Storage Directory /home/runner/work/ozone/ozone/hadoop-ozone/integration-test/target/test-dir/MiniOzoneClusterImpl-0566475b-15f3-492a-9b28-f78457f271af/datanode-5/data/ratis/b21a688c-33a3-4df7-a4a3-cdfd84d3b5c4
2021-10-28 01:50:27,332 [pool-671-thread-1] INFO  server.RaftServerConfigKeys (ConfUtils.java:logGet(44)) - raft.server.log.queue.byte-limit = 2147483647 (custom)
2021-10-28 01:50:27,332 [pool-671-thread-1] INFO  server.RaftServerConfigKeys (ConfUtils.java:logGet(44)) - raft.server.log.queue.element-limit = 1024 (custom)
2021-10-28 01:50:27,332 [pool-671-thread-1] INFO  server.RaftServerConfigKeys (ConfUtils.java:logGet(44)) - raft.server.log.segment.size.max = 1048576 (custom)
2021-10-28 01:50:27,332 [pool-671-thread-1] INFO  server.RaftServerConfigKeys (ConfUtils.java:logGet(44)) - raft.server.log.preallocated.size = 16384 (custom)
2021-10-28 01:50:27,332 [pool-671-thread-1] INFO  server.RaftServerConfigKeys (ConfUtils.java:logGet(44)) - raft.server.log.force.sync.num = 128 (default)
2021-10-28 01:50:27,333 [pool-671-thread-1] INFO  server.RaftServerConfigKeys (ConfUtils.java:logGet(44)) - raft.server.log.statemachine.data.sync = true (default)
2021-10-28 01:50:27,333 [pool-671-thread-1] INFO  server.RaftServerConfigKeys (ConfUtils.java:logGet(44)) - raft.server.log.statemachine.data.sync.timeout = 10s (default)
2021-10-28 01:50:27,333 [pool-671-thread-1] INFO  server.RaftServerConfigKeys (ConfUtils.java:logGet(44)) - raft.server.log.statemachine.data.sync.timeout.retry = -1 (default)
2021-10-28 01:50:27,335 [pool-671-thread-1] INFO  server.RaftServerConfigKeys (ConfUtils.java:logGet(44)) - raft.server.log.write.buffer.size = 1048576 (custom)
2021-10-28 01:50:27,336 [pool-671-thread-1] INFO  server.RaftServerConfigKeys (ConfUtils.java:logGet(44)) - raft.server.log.statemachine.data.caching.enabled = true (custom)
2021-10-28 01:50:27,353 [pool-671-thread-1] INFO  server.RaftServer$Division (ServerState.java:setRaftConf(387)) - 31d6ae09-1bf4-4ff4-9532-94f29ed1392e@group-CDFD84D3B5C4: set configuration 0: [850b4870-9ae5-4bfa-bbd2-f1f242dff33d|rpc:10.1.0.29:35637|dataStream:|priority:0, 31d6ae09-1bf4-4ff4-9532-94f29ed1392e|rpc:10.1.0.29:44047|dataStream:|priority:1, 43ee2308-4bff-4c12-a476-7906f102dfb0|rpc:10.1.0.29:33053|dataStream:|priority:0], old=null
2021-10-28 01:50:27,367 [pool-671-thread-1] INFO  segmented.LogSegment (LogSegment.java:loadSegment(173)) - Successfully read 1 entries from segment file /home/runner/work/ozone/ozone/hadoop-ozone/integration-test/target/test-dir/MiniOzoneClusterImpl-0566475b-15f3-492a-9b28-f78457f271af/datanode-5/data/ratis/b21a688c-33a3-4df7-a4a3-cdfd84d3b5c4/current/log_inprogress_0
2021-10-28 01:50:27,379 [pool-671-thread-1] INFO  segmented.SegmentedRaftLogWorker (SegmentedRaftLogWorker.java:lambda$new$0(133)) - 31d6ae09-1bf4-4ff4-9532-94f29ed1392e@group-CDFD84D3B5C4-SegmentedRaftLogWorker: flushIndex: setUnconditionally 0 -> 0
2021-10-28 01:50:27,380 [pool-671-thread-1] INFO  segmented.SegmentedRaftLogWorker (SegmentedRaftLogWorker.java:lambda$new$0(133)) - 31d6ae09-1bf4-4ff4-9532-94f29ed1392e@group-CDFD84D3B5C4-SegmentedRaftLogWorker: safeCacheEvictIndex: setUnconditionally 0 -> -1
2021-10-28 01:50:27,388 [pool-671-thread-1] INFO  server.RaftServerConfigKeys (ConfUtils.java:logGet(44)) - raft.server.snapshot.auto.trigger.enabled = true (custom)
2021-10-28 01:50:27,388 [pool-671-thread-1] INFO  server.RaftServerConfigKeys (ConfUtils.java:logGet(44)) - raft.server.snapshot.auto.trigger.threshold = 10000 (custom)
2021-10-28 01:50:27,388 [pool-671-thread-1] INFO  server.RaftServerConfigKeys (ConfUtils.java:logGet(44)) - raft.server.snapshot.retention.file.num = 5 (custom)
2021-10-28 01:50:27,388 [pool-671-thread-1] INFO  server.RaftServerConfigKeys (ConfUtils.java:logGet(44)) - raft.server.log.purge.upto.snapshot.index = false (default)
2021-10-28 01:50:27,389 [pool-671-thread-1] INFO  server.RaftServerConfigKeys (ConfUtils.java:logGet(44)) - raft.server.retrycache.expirytime = 600000ms (custom)
2021-10-28 01:50:27,396 [pool-671-thread-1] INFO  server.RaftServerConfigKeys (ConfUtils.java:logGet(44)) - raft.server.retrycache.statistics.expirytime = 100μs (default)
2021-10-28 01:50:27,464 [Listener at 127.0.0.1/46475] INFO  handler.ContextHandler (ContextHandler.java:doStart(915)) - Started o.e.j.w.WebAppContext@51d5d07e{hddsDatanode,/,file:///tmp/jetty-0_0_0_0-41875-hdds-container-service-1_2_0-SNAPSHOT_jar-_-any-1604509507926987586/webapp/,AVAILABLE}{jar:file:/home/runner/.m2/repository/org/apache/ozone/hdds-container-service/1.2.0-SNAPSHOT/hdds-container-service-1.2.0-SNAPSHOT.jar!/webapps/hddsDatanode}
2021-10-28 01:50:27,468 [Listener at 127.0.0.1/46475] INFO  server.AbstractConnector (AbstractConnector.java:doStart(331)) - Started ServerConnector@7f4c3713{HTTP/1.1, (http/1.1)}{0.0.0.0:41875}
2021-10-28 01:50:27,468 [Listener at 127.0.0.1/46475] INFO  server.Server (Server.java:doStart(415)) - Started @250035ms
2021-10-28 01:50:27,468 [Listener at 127.0.0.1/46475] WARN  impl.MetricsSystemImpl (MetricsSystemImpl.java:register(279)) - Sink prometheus already exists!
2021-10-28 01:50:27,468 [Listener at 127.0.0.1/46475] INFO  http.BaseHttpServer (BaseHttpServer.java:updateConnectorAddress(329)) - HTTP server of hddsDatanode listening at http://0.0.0.0:41875
2021-10-28 01:50:27,469 [Listener at 127.0.0.1/46475] INFO  ozone.MiniOzoneClusterImpl (MiniOzoneClusterImpl.java:lambda$waitForClusterToBeReady$0(235)) - Waiting for nodes to be ready. Got 6 of 7 DN Heartbeats.
2021-10-28 01:50:27,469 [Listener at 127.0.0.1/46475] INFO  ozone.MiniOzoneClusterImpl (MiniOzoneClusterImpl.java:lambda$waitForClusterToBeReady$0(238)) - Cluster exits safe mode
2021-10-28 01:50:27,469 [Listener at 127.0.0.1/46475] INFO  ozone.MiniOzoneClusterImpl (MiniOzoneClusterImpl.java:lambda$waitForClusterToBeReady$0(240)) - SCM became leader
2021-10-28 01:50:27,470 [Datanode State Machine Daemon Thread] INFO  statemachine.DatanodeStateMachine (DatanodeStateMachine.java:lambda$startDaemon$0(467)) - Ozone container server started.
2021-10-28 01:50:27,480 [org.apache.hadoop.util.JvmPauseMonitor$Monitor@9cd8ce] INFO  util.JvmPauseMonitor (JvmPauseMonitor.java:run(188)) - Starting JVM pause monitor
2021-10-28 01:50:28,469 [Listener at 127.0.0.1/46475] INFO  ozone.MiniOzoneClusterImpl (MiniOzoneClusterImpl.java:lambda$waitForClusterToBeReady$0(235)) - Waiting for nodes to be ready. Got 6 of 7 DN Heartbeats.
2021-10-28 01:50:28,469 [Listener at 127.0.0.1/46475] INFO  ozone.MiniOzoneClusterImpl (MiniOzoneClusterImpl.java:lambda$waitForClusterToBeReady$0(238)) - Cluster exits safe mode
2021-10-28 01:50:28,469 [Listener at 127.0.0.1/46475] INFO  ozone.MiniOzoneClusterImpl (MiniOzoneClusterImpl.java:lambda$waitForClusterToBeReady$0(240)) - SCM became leader
2021-10-28 01:50:29,470 [Listener at 127.0.0.1/46475] INFO  ozone.MiniOzoneClusterImpl (MiniOzoneClusterImpl.java:lambda$waitForClusterToBeReady$0(235)) - Waiting for nodes to be ready. Got 6 of 7 DN Heartbeats.
2021-10-28 01:50:29,470 [Listener at 127.0.0.1/46475] INFO  ozone.MiniOzoneClusterImpl (MiniOzoneClusterImpl.java:lambda$waitForClusterToBeReady$0(238)) - Cluster exits safe mode
2021-10-28 01:50:29,470 [Listener at 127.0.0.1/46475] INFO  ozone.MiniOzoneClusterImpl (MiniOzoneClusterImpl.java:lambda$waitForClusterToBeReady$0(240)) - SCM became leader
2021-10-28 01:50:29,494 [EndpointStateMachine task thread for /0.0.0.0:37905 - 0 ] INFO  ozoneimpl.OzoneContainer (OzoneContainer.java:start(304)) - Attempting to start container services.
2021-10-28 01:50:29,494 [EndpointStateMachine task thread for /0.0.0.0:37905 - 0 ] INFO  ozoneimpl.OzoneContainer (OzoneContainer.java:startContainerScrub(249)) - Background container scanner has been disabled.
2021-10-28 01:50:29,495 [EndpointStateMachine task thread for /0.0.0.0:37905 - 0 ] INFO  replication.ReplicationServer (ReplicationServer.java:start(107)) - ReplicationServer is started using port 40421
2021-10-28 01:50:29,495 [EndpointStateMachine task thread for /0.0.0.0:37905 - 0 ] INFO  ratis.XceiverServerRatis (XceiverServerRatis.java:start(484)) - Starting XceiverServerRatis 31d6ae09-1bf4-4ff4-9532-94f29ed1392e
2021-10-28 01:50:29,495 [EndpointStateMachine task thread for /0.0.0.0:37905 - 0 ] INFO  server.RaftServer$Division (RaftServerImpl.java:start(301)) - 31d6ae09-1bf4-4ff4-9532-94f29ed1392e@group-712DC6EF7FC6: start as a follower, conf=0: [31d6ae09-1bf4-4ff4-9532-94f29ed1392e|rpc:10.1.0.29:44047|dataStream:|priority:1], old=null
2021-10-28 01:50:29,496 [EndpointStateMachine task thread for /0.0.0.0:37905 - 0 ] INFO  server.RaftServer$Division (RaftServerImpl.java:setRole(290)) - 31d6ae09-1bf4-4ff4-9532-94f29ed1392e@group-712DC6EF7FC6: changes role from      null to FOLLOWER at term 1 for startAsFollower
2021-10-28 01:50:29,496 [EndpointStateMachine task thread for /0.0.0.0:37905 - 0 ] INFO  impl.RoleInfo (RoleInfo.java:updateAndGet(130)) - 31d6ae09-1bf4-4ff4-9532-94f29ed1392e: start 31d6ae09-1bf4-4ff4-9532-94f29ed1392e@group-712DC6EF7FC6-FollowerState
2021-10-28 01:50:29,496 [ForkJoinPool.commonPool-worker-0] INFO  server.RaftServer$Division (RaftServerImpl.java:start(301)) - 31d6ae09-1bf4-4ff4-9532-94f29ed1392e@group-0B92E8633D8E: start as a follower, conf=0: [850b4870-9ae5-4bfa-bbd2-f1f242dff33d|rpc:10.1.0.29:35637|dataStream:|priority:1, 31d6ae09-1bf4-4ff4-9532-94f29ed1392e|rpc:10.1.0.29:44047|dataStream:|priority:0, 43ee2308-4bff-4c12-a476-7906f102dfb0|rpc:10.1.0.29:33053|dataStream:|priority:0], old=null
2021-10-28 01:50:29,496 [ForkJoinPool.commonPool-worker-0] INFO  server.RaftServer$Division (RaftServerImpl.java:setRole(290)) - 31d6ae09-1bf4-4ff4-9532-94f29ed1392e@group-0B92E8633D8E: changes role from      null to FOLLOWER at term 1 for startAsFollower
2021-10-28 01:50:29,496 [EndpointStateMachine task thread for /0.0.0.0:37905 - 0 ] INFO  util.JmxRegister (JmxRegister.java:tryRegister(44)) - Successfully registered JMX Bean with object name Ratis:service=RaftServer,group=group-712DC6EF7FC6,id=31d6ae09-1bf4-4ff4-9532-94f29ed1392e
2021-10-28 01:50:29,499 [EndpointStateMachine task thread for /0.0.0.0:37905 - 0 ] INFO  server.RaftServer$Division (RaftServerImpl.java:start(301)) - 31d6ae09-1bf4-4ff4-9532-94f29ed1392e@group-CDFD84D3B5C4: start as a follower, conf=0: [850b4870-9ae5-4bfa-bbd2-f1f242dff33d|rpc:10.1.0.29:35637|dataStream:|priority:0, 31d6ae09-1bf4-4ff4-9532-94f29ed1392e|rpc:10.1.0.29:44047|dataStream:|priority:1, 43ee2308-4bff-4c12-a476-7906f102dfb0|rpc:10.1.0.29:33053|dataStream:|priority:0], old=null
2021-10-28 01:50:29,499 [EndpointStateMachine task thread for /0.0.0.0:37905 - 0 ] INFO  server.RaftServer$Division (RaftServerImpl.java:setRole(290)) - 31d6ae09-1bf4-4ff4-9532-94f29ed1392e@group-CDFD84D3B5C4: changes role from      null to FOLLOWER at term 4 for startAsFollower
2021-10-28 01:50:29,499 [EndpointStateMachine task thread for /0.0.0.0:37905 - 0 ] INFO  impl.RoleInfo (RoleInfo.java:updateAndGet(130)) - 31d6ae09-1bf4-4ff4-9532-94f29ed1392e: start 31d6ae09-1bf4-4ff4-9532-94f29ed1392e@group-CDFD84D3B5C4-FollowerState
2021-10-28 01:50:29,506 [EndpointStateMachine task thread for /0.0.0.0:37905 - 0 ] INFO  util.JmxRegister (JmxRegister.java:tryRegister(44)) - Successfully registered JMX Bean with object name Ratis:service=RaftServer,group=group-CDFD84D3B5C4,id=31d6ae09-1bf4-4ff4-9532-94f29ed1392e
2021-10-28 01:50:29,507 [ForkJoinPool.commonPool-worker-0] INFO  impl.RoleInfo (RoleInfo.java:updateAndGet(130)) - 31d6ae09-1bf4-4ff4-9532-94f29ed1392e: start 31d6ae09-1bf4-4ff4-9532-94f29ed1392e@group-0B92E8633D8E-FollowerState
2021-10-28 01:50:29,508 [ForkJoinPool.commonPool-worker-0] INFO  util.JmxRegister (JmxRegister.java:tryRegister(44)) - Successfully registered JMX Bean with object name Ratis:service=RaftServer,group=group-0B92E8633D8E,id=31d6ae09-1bf4-4ff4-9532-94f29ed1392e
2021-10-28 01:50:29,508 [EndpointStateMachine task thread for /0.0.0.0:37905 - 0 ] INFO  server.RaftServer (RaftServerProxy.java:lambda$start$5(374)) - 31d6ae09-1bf4-4ff4-9532-94f29ed1392e: start RPC server
2021-10-28 01:50:29,509 [EndpointStateMachine task thread for /0.0.0.0:37905 - 0 ] INFO  server.GrpcService (GrpcService.java:startImpl(253)) - 31d6ae09-1bf4-4ff4-9532-94f29ed1392e: GrpcService started, listening on 44047
2021-10-28 01:50:29,510 [EndpointStateMachine task thread for /0.0.0.0:37905 - 0 ] INFO  ratis.XceiverServerRatis (XceiverServerRatis.java:getRealPort(505)) - XceiverServerRatis 31d6ae09-1bf4-4ff4-9532-94f29ed1392e is started using port 44047 for RATIS
2021-10-28 01:50:29,510 [EndpointStateMachine task thread for /0.0.0.0:37905 - 0 ] INFO  ratis.XceiverServerRatis (XceiverServerRatis.java:getRealPort(505)) - XceiverServerRatis 31d6ae09-1bf4-4ff4-9532-94f29ed1392e is started using port 44047 for RATIS_ADMIN
2021-10-28 01:50:29,510 [EndpointStateMachine task thread for /0.0.0.0:37905 - 0 ] INFO  ratis.XceiverServerRatis (XceiverServerRatis.java:getRealPort(505)) - XceiverServerRatis 31d6ae09-1bf4-4ff4-9532-94f29ed1392e is started using port 44047 for RATIS_SERVER
2021-10-28 01:50:29,511 [org.apache.ratis.util.JvmPauseMonitor$$Lambda$531/277938555@206d9e2e] INFO  util.JvmPauseMonitor (JvmPauseMonitor.java:run(103)) - JvmPauseMonitor-31d6ae09-1bf4-4ff4-9532-94f29ed1392e: Started
2021-10-28 01:50:30,470 [Listener at 127.0.0.1/46475] INFO  ozone.MiniOzoneClusterImpl (MiniOzoneClusterImpl.java:lambda$waitForClusterToBeReady$0(235)) - Waiting for nodes to be ready. Got 6 of 7 DN Heartbeats.
2021-10-28 01:50:30,470 [Listener at 127.0.0.1/46475] INFO  ozone.MiniOzoneClusterImpl (MiniOzoneClusterImpl.java:lambda$waitForClusterToBeReady$0(238)) - Cluster exits safe mode
2021-10-28 01:50:30,470 [Listener at 127.0.0.1/46475] INFO  ozone.MiniOzoneClusterImpl (MiniOzoneClusterImpl.java:lambda$waitForClusterToBeReady$0(240)) - SCM became leader
2021-10-28 01:50:31,470 [Listener at 127.0.0.1/46475] INFO  ozone.MiniOzoneClusterImpl (MiniOzoneClusterImpl.java:lambda$waitForClusterToBeReady$0(235)) - Waiting for nodes to be ready. Got 6 of 7 DN Heartbeats.
2021-10-28 01:50:31,471 [Listener at 127.0.0.1/46475] INFO  ozone.MiniOzoneClusterImpl (MiniOzoneClusterImpl.java:lambda$waitForClusterToBeReady$0(238)) - Cluster exits safe mode
2021-10-28 01:50:31,471 [Listener at 127.0.0.1/46475] INFO  ozone.MiniOzoneClusterImpl (MiniOzoneClusterImpl.java:lambda$waitForClusterToBeReady$0(240)) - SCM became leader
2021-10-28 01:50:31,486 [EventQueue-PipelineReportForPipelineReportHandler] INFO  pipeline.PipelineReportHandler (PipelineReportHandler.java:processPipelineReport(113)) - Reported pipeline PipelineID=6cf808e4-8713-4a6a-bdd0-0b92e8633d8e is not found
2021-10-28 01:50:31,486 [EventQueue-PipelineReportForPipelineReportHandler] INFO  pipeline.PipelineReportHandler (PipelineReportHandler.java:processPipelineReport(113)) - Reported pipeline PipelineID=572f35b9-4513-420d-a747-712dc6ef7fc6 is not found
2021-10-28 01:50:31,486 [EventQueue-PipelineReportForPipelineReportHandler] INFO  pipeline.PipelineReportHandler (PipelineReportHandler.java:processPipelineReport(113)) - Reported pipeline PipelineID=b21a688c-33a3-4df7-a4a3-cdfd84d3b5c4 is not found
2021-10-28 01:50:32,471 [Listener at 127.0.0.1/46475] INFO  ozone.MiniOzoneClusterImpl (MiniOzoneClusterImpl.java:lambda$waitForClusterToBeReady$0(235)) - Waiting for nodes to be ready. Got 6 of 7 DN Heartbeats.
2021-10-28 01:50:32,471 [Listener at 127.0.0.1/46475] INFO  ozone.MiniOzoneClusterImpl (MiniOzoneClusterImpl.java:lambda$waitForClusterToBeReady$0(238)) - Cluster exits safe mode
2021-10-28 01:50:32,471 [Listener at 127.0.0.1/46475] INFO  ozone.MiniOzoneClusterImpl (MiniOzoneClusterImpl.java:lambda$waitForClusterToBeReady$0(240)) - SCM became leader
2021-10-28 01:50:33,471 [Listener at 127.0.0.1/46475] INFO  ozone.MiniOzoneClusterImpl (MiniOzoneClusterImpl.java:lambda$waitForClusterToBeReady$0(235)) - Waiting for nodes to be ready. Got 6 of 7 DN Heartbeats.
2021-10-28 01:50:33,472 [Listener at 127.0.0.1/46475] INFO  ozone.MiniOzoneClusterImpl (MiniOzoneClusterImpl.java:lambda$waitForClusterToBeReady$0(238)) - Cluster exits safe mode
2021-10-28 01:50:33,472 [Listener at 127.0.0.1/46475] INFO  ozone.MiniOzoneClusterImpl (MiniOzoneClusterImpl.java:lambda$waitForClusterToBeReady$0(240)) - SCM became leader
2021-10-28 01:50:33,531 [EventQueue-HealthyReadonlyNodeForHealthyReadOnlyNodeHandler] INFO  node.HealthyReadOnlyNodeHandler (HealthyReadOnlyNodeHandler.java:onMessage(58)) - Datanode 31d6ae09-1bf4-4ff4-9532-94f29ed1392e{ip: 10.1.0.29, host: fv-az270-135.tacnzluakwdehk1hpragurqkma.bx.internal.cloudapp.net, ports: [REPLICATION=42011, RATIS=44047, RATIS_ADMIN=44047, RATIS_SERVER=44047, STANDALONE=32823], networkLocation: /default-rack, certSerialId: null, persistedOpState: IN_SERVICE, persistedOpStateExpiryEpochSec: 0} moved to HEALTHY READONLY state.
2021-10-28 01:50:33,531 [EventQueue-HealthyReadonlyNodeForHealthyReadOnlyNodeHandler] INFO  net.NetworkTopologyImpl (NetworkTopologyImpl.java:add(112)) - Added a new node: /default-rack/31d6ae09-1bf4-4ff4-9532-94f29ed1392e
2021-10-28 01:50:33,635 [EventQueue-HealthyReadonlyToHealthyNodeForReadOnlyHealthyToHealthyNodeHandler] INFO  node.ReadOnlyHealthyToHealthyNodeHandler (ReadOnlyHealthyToHealthyNodeHandler.java:onMessage(51)) - Datanode 31d6ae09-1bf4-4ff4-9532-94f29ed1392e{ip: 10.1.0.29, host: fv-az270-135.tacnzluakwdehk1hpragurqkma.bx.internal.cloudapp.net, ports: [REPLICATION=42011, RATIS=44047, RATIS_ADMIN=44047, RATIS_SERVER=44047, STANDALONE=32823], networkLocation: /default-rack, certSerialId: null, persistedOpState: IN_SERVICE, persistedOpStateExpiryEpochSec: 0} moved to HEALTHY state.
2021-10-28 01:50:33,636 [EventQueue-HealthyReadonlyToHealthyNodeForReadOnlyHealthyToHealthyNodeHandler] INFO  pipeline.BackgroundPipelineCreator (BackgroundPipelineCreator.java:notifyEventTriggered(285)) - trigger a one-shot run on RatisPipelineUtilsThread.
2021-10-28 01:50:33,663 [RatisPipelineUtilsThread - 0] INFO  pipeline.RatisPipelineProvider (RatisPipelineProvider.java:lambda$create$0(183)) - Sending CreatePipelineCommand for pipeline:PipelineID=c99917bc-e8a7-4f12-abad-58a76e034b32 to datanode:31d6ae09-1bf4-4ff4-9532-94f29ed1392e
2021-10-28 01:50:33,663 [RatisPipelineUtilsThread - 0] INFO  pipeline.PipelineStateManagerImpl (PipelineStateManagerImpl.java:addPipeline(101)) - Created pipeline Pipeline[ Id: c99917bc-e8a7-4f12-abad-58a76e034b32, Nodes: 31d6ae09-1bf4-4ff4-9532-94f29ed1392e{ip: 10.1.0.29, host: fv-az270-135.tacnzluakwdehk1hpragurqkma.bx.internal.cloudapp.net, ports: [REPLICATION=42011, RATIS=44047, RATIS_ADMIN=44047, RATIS_SERVER=44047, STANDALONE=32823], networkLocation: /default-rack, certSerialId: null, persistedOpState: IN_SERVICE, persistedOpStateExpiryEpochSec: 0}, ReplicationConfig: RATIS/ONE, State:ALLOCATED, leaderId:, CreationTimestamp2021-10-28T01:50:33.663Z[Etc/UTC]].
2021-10-28 01:50:33,664 [RatisPipelineUtilsThread - 0] INFO  pipeline.RatisPipelineProvider (RatisPipelineProvider.java:lambda$create$0(183)) - Sending CreatePipelineCommand for pipeline:PipelineID=ce064907-5aa2-46cd-bdeb-ec3451d81b3e to datanode:31d6ae09-1bf4-4ff4-9532-94f29ed1392e
2021-10-28 01:50:33,664 [RatisPipelineUtilsThread - 0] INFO  pipeline.RatisPipelineProvider (RatisPipelineProvider.java:lambda$create$0(183)) - Sending CreatePipelineCommand for pipeline:PipelineID=ce064907-5aa2-46cd-bdeb-ec3451d81b3e to datanode:850b4870-9ae5-4bfa-bbd2-f1f242dff33d
2021-10-28 01:50:33,664 [RatisPipelineUtilsThread - 0] INFO  pipeline.RatisPipelineProvider (RatisPipelineProvider.java:lambda$create$0(183)) - Sending CreatePipelineCommand for pipeline:PipelineID=ce064907-5aa2-46cd-bdeb-ec3451d81b3e to datanode:43ee2308-4bff-4c12-a476-7906f102dfb0
2021-10-28 01:50:33,664 [RatisPipelineUtilsThread - 0] INFO  pipeline.PipelineStateManagerImpl (PipelineStateManagerImpl.java:addPipeline(101)) - Created pipeline Pipeline[ Id: ce064907-5aa2-46cd-bdeb-ec3451d81b3e, Nodes: 31d6ae09-1bf4-4ff4-9532-94f29ed1392e{ip: 10.1.0.29, host: fv-az270-135.tacnzluakwdehk1hpragurqkma.bx.internal.cloudapp.net, ports: [REPLICATION=42011, RATIS=44047, RATIS_ADMIN=44047, RATIS_SERVER=44047, STANDALONE=32823], networkLocation: /default-rack, certSerialId: null, persistedOpState: IN_SERVICE, persistedOpStateExpiryEpochSec: 0}850b4870-9ae5-4bfa-bbd2-f1f242dff33d{ip: 10.1.0.29, host: fv-az270-135.tacnzluakwdehk1hpragurqkma.bx.internal.cloudapp.net, ports: [REPLICATION=39677, RATIS=35637, RATIS_ADMIN=35637, RATIS_SERVER=35637, STANDALONE=41253], networkLocation: /default-rack, certSerialId: null, persistedOpState: IN_SERVICE, persistedOpStateExpiryEpochSec: 0}43ee2308-4bff-4c12-a476-7906f102dfb0{ip: 10.1.0.29, host: fv-az270-135.tacnzluakwdehk1hpragurqkma.bx.internal.cloudapp.net, ports: [REPLICATION=42689, RATIS=33053, RATIS_ADMIN=33053, RATIS_SERVER=33053, STANDALONE=35333], networkLocation: /default-rack, certSerialId: null, persistedOpState: IN_SERVICE, persistedOpStateExpiryEpochSec: 0}, ReplicationConfig: RATIS/THREE, State:ALLOCATED, leaderId:, CreationTimestamp2021-10-28T01:50:33.664Z[Etc/UTC]].
2021-10-28 01:50:33,665 [RatisPipelineUtilsThread - 0] INFO  pipeline.RatisPipelineProvider (RatisPipelineProvider.java:lambda$create$0(183)) - Sending CreatePipelineCommand for pipeline:PipelineID=29aa6e73-0aa4-4063-ad5a-28d3060bbd8c to datanode:6d544018-2462-4d7b-9c06-1f628f7d4bb3
2021-10-28 01:50:33,665 [RatisPipelineUtilsThread - 0] INFO  pipeline.RatisPipelineProvider (RatisPipelineProvider.java:lambda$create$0(183)) - Sending CreatePipelineCommand for pipeline:PipelineID=29aa6e73-0aa4-4063-ad5a-28d3060bbd8c to datanode:850b4870-9ae5-4bfa-bbd2-f1f242dff33d
2021-10-28 01:50:33,665 [RatisPipelineUtilsThread - 0] INFO  pipeline.RatisPipelineProvider (RatisPipelineProvider.java:lambda$create$0(183)) - Sending CreatePipelineCommand for pipeline:PipelineID=29aa6e73-0aa4-4063-ad5a-28d3060bbd8c to datanode:43ee2308-4bff-4c12-a476-7906f102dfb0
2021-10-28 01:50:33,665 [RatisPipelineUtilsThread - 0] INFO  pipeline.PipelineStateManagerImpl (PipelineStateManagerImpl.java:addPipeline(101)) - Created pipeline Pipeline[ Id: 29aa6e73-0aa4-4063-ad5a-28d3060bbd8c, Nodes: 6d544018-2462-4d7b-9c06-1f628f7d4bb3{ip: 10.1.0.29, host: fv-az270-135.tacnzluakwdehk1hpragurqkma.bx.internal.cloudapp.net, ports: [REPLICATION=41683, RATIS=46225, RATIS_ADMIN=46225, RATIS_SERVER=46225, STANDALONE=33603], networkLocation: /default-rack, certSerialId: null, persistedOpState: IN_SERVICE, persistedOpStateExpiryEpochSec: 0}850b4870-9ae5-4bfa-bbd2-f1f242dff33d{ip: 10.1.0.29, host: fv-az270-135.tacnzluakwdehk1hpragurqkma.bx.internal.cloudapp.net, ports: [REPLICATION=39677, RATIS=35637, RATIS_ADMIN=35637, RATIS_SERVER=35637, STANDALONE=41253], networkLocation: /default-rack, certSerialId: null, persistedOpState: IN_SERVICE, persistedOpStateExpiryEpochSec: 0}43ee2308-4bff-4c12-a476-7906f102dfb0{ip: 10.1.0.29, host: fv-az270-135.tacnzluakwdehk1hpragurqkma.bx.internal.cloudapp.net, ports: [REPLICATION=42689, RATIS=33053, RATIS_ADMIN=33053, RATIS_SERVER=33053, STANDALONE=35333], networkLocation: /default-rack, certSerialId: null, persistedOpState: IN_SERVICE, persistedOpStateExpiryEpochSec: 0}, ReplicationConfig: RATIS/THREE, State:ALLOCATED, leaderId:, CreationTimestamp2021-10-28T01:50:33.665Z[Etc/UTC]].
2021-10-28 01:50:34,472 [Listener at 127.0.0.1/46475] INFO  ozone.MiniOzoneClusterImpl (MiniOzoneClusterImpl.java:lambda$waitForClusterToBeReady$0(235)) - Nodes are ready. Got 7 of 7 DN Heartbeats.
2021-10-28 01:50:34,472 [Listener at 127.0.0.1/46475] INFO  ozone.MiniOzoneClusterImpl (MiniOzoneClusterImpl.java:lambda$waitForClusterToBeReady$0(238)) - Cluster exits safe mode
2021-10-28 01:50:34,472 [Listener at 127.0.0.1/46475] INFO  ozone.MiniOzoneClusterImpl (MiniOzoneClusterImpl.java:lambda$waitForClusterToBeReady$0(240)) - SCM became leader
2021-10-28 01:50:34,515 [Command processor thread] INFO  server.RaftServer (RaftServerProxy.java:remove(106)) - 31d6ae09-1bf4-4ff4-9532-94f29ed1392e: remove  FOLLOWER 31d6ae09-1bf4-4ff4-9532-94f29ed1392e@group-0B92E8633D8E:t1, leader=null, voted=850b4870-9ae5-4bfa-bbd2-f1f242dff33d, raftlog=31d6ae09-1bf4-4ff4-9532-94f29ed1392e@group-0B92E8633D8E-SegmentedRaftLog:OPENED:c0, conf=0: [850b4870-9ae5-4bfa-bbd2-f1f242dff33d|rpc:10.1.0.29:35637|dataStream:|priority:1, 31d6ae09-1bf4-4ff4-9532-94f29ed1392e|rpc:10.1.0.29:44047|dataStream:|priority:0, 43ee2308-4bff-4c12-a476-7906f102dfb0|rpc:10.1.0.29:33053|dataStream:|priority:0], old=null RUNNING
2021-10-28 01:50:34,515 [Command processor thread] INFO  server.RaftServer$Division (RaftServerImpl.java:lambda$close$4(412)) - 31d6ae09-1bf4-4ff4-9532-94f29ed1392e@group-0B92E8633D8E: shutdown
2021-10-28 01:50:34,516 [Command processor thread] INFO  util.JmxRegister (JmxRegister.java:unregister(73)) - Successfully un-registered JMX Bean with object name Ratis:service=RaftServer,group=group-0B92E8633D8E,id=31d6ae09-1bf4-4ff4-9532-94f29ed1392e
2021-10-28 01:50:34,516 [Command processor thread] INFO  impl.RoleInfo (RoleInfo.java:shutdownFollowerState(108)) - 31d6ae09-1bf4-4ff4-9532-94f29ed1392e: shutdown 31d6ae09-1bf4-4ff4-9532-94f29ed1392e@group-0B92E8633D8E-FollowerState
2021-10-28 01:50:34,550 [Command processor thread] INFO  impl.StateMachineUpdater (StateMachineUpdater.java:stopAndJoin(149)) - 31d6ae09-1bf4-4ff4-9532-94f29ed1392e@group-0B92E8633D8E-StateMachineUpdater: set stopIndex = 0
2021-10-28 01:50:34,551 [Command processor thread] INFO  server.RaftServer$Division (ServerState.java:close(419)) - 31d6ae09-1bf4-4ff4-9532-94f29ed1392e@group-0B92E8633D8E: closes. applyIndex: 0
2021-10-28 01:50:34,551 [31d6ae09-1bf4-4ff4-9532-94f29ed1392e@group-0B92E8633D8E-SegmentedRaftLogWorker] INFO  segmented.SegmentedRaftLogWorker (SegmentedRaftLogWorker.java:run(327)) - 31d6ae09-1bf4-4ff4-9532-94f29ed1392e@group-0B92E8633D8E-SegmentedRaftLogWorker was interrupted, exiting. There are 0 tasks remaining in the queue.
2021-10-28 01:50:34,560 [31d6ae09-1bf4-4ff4-9532-94f29ed1392e@group-712DC6EF7FC6-FollowerState] INFO  impl.FollowerState (FollowerState.java:run(134)) - 31d6ae09-1bf4-4ff4-9532-94f29ed1392e@group-712DC6EF7FC6-FollowerState: change to CANDIDATE, lastRpcElapsedTime:5064584209ns, electionTimeout:5063ms
2021-10-28 01:50:34,560 [Command processor thread] INFO  segmented.SegmentedRaftLogWorker (SegmentedRaftLogWorker.java:close(237)) - 31d6ae09-1bf4-4ff4-9532-94f29ed1392e@group-0B92E8633D8E-SegmentedRaftLogWorker close()
2021-10-28 01:50:34,560 [31d6ae09-1bf4-4ff4-9532-94f29ed1392e@group-712DC6EF7FC6-FollowerState] INFO  impl.RoleInfo (RoleInfo.java:shutdownFollowerState(108)) - 31d6ae09-1bf4-4ff4-9532-94f29ed1392e: shutdown 31d6ae09-1bf4-4ff4-9532-94f29ed1392e@group-712DC6EF7FC6-FollowerState
2021-10-28 01:50:34,593 [31d6ae09-1bf4-4ff4-9532-94f29ed1392e@group-712DC6EF7FC6-FollowerState] INFO  server.RaftServer$Division (RaftServerImpl.java:setRole(290)) - 31d6ae09-1bf4-4ff4-9532-94f29ed1392e@group-712DC6EF7FC6: changes role from  FOLLOWER to CANDIDATE at term 1 for changeToCandidate
2021-10-28 01:50:34,593 [31d6ae09-1bf4-4ff4-9532-94f29ed1392e@group-712DC6EF7FC6-FollowerState] INFO  server.RaftServerConfigKeys (ConfUtils.java:logGet(44)) - raft.server.leaderelection.pre-vote = false (custom)
2021-10-28 01:50:34,593 [31d6ae09-1bf4-4ff4-9532-94f29ed1392e@group-712DC6EF7FC6-FollowerState] INFO  impl.RoleInfo (RoleInfo.java:updateAndGet(130)) - 31d6ae09-1bf4-4ff4-9532-94f29ed1392e: start 31d6ae09-1bf4-4ff4-9532-94f29ed1392e@group-712DC6EF7FC6-LeaderElection77
2021-10-28 01:50:34,567 [31d6ae09-1bf4-4ff4-9532-94f29ed1392e@group-0B92E8633D8E-FollowerState] INFO  impl.FollowerState (FollowerState.java:run(143)) - 31d6ae09-1bf4-4ff4-9532-94f29ed1392e@group-0B92E8633D8E-FollowerState was interrupted: {}
java.lang.InterruptedException: sleep interrupted
	at java.lang.Thread.sleep(Native Method)
	at java.lang.Thread.sleep(Thread.java:340)
	at java.util.concurrent.TimeUnit.sleep(TimeUnit.java:386)
	at org.apache.ratis.util.TimeDuration.sleep(TimeDuration.java:324)
	at org.apache.ratis.util.TimeDuration.sleep(TimeDuration.java:309)
	at org.apache.ratis.server.impl.FollowerState.run(FollowerState.java:118)
2021-10-28 01:50:34,564 [Command processor thread] INFO  server.RaftServer$Division (RaftServerImpl.java:groupRemove(382)) - 31d6ae09-1bf4-4ff4-9532-94f29ed1392e@group-0B92E8633D8E: Succeed to remove RaftStorageDirectory Storage Directory /home/runner/work/ozone/ozone/hadoop-ozone/integration-test/target/test-dir/MiniOzoneClusterImpl-0566475b-15f3-492a-9b28-f78457f271af/datanode-5/data/ratis/6cf808e4-8713-4a6a-bdd0-0b92e8633d8e
2021-10-28 01:50:34,593 [Command processor thread] INFO  commandhandler.ClosePipelineCommandHandler (ClosePipelineCommandHandler.java:handle(78)) - Close Pipeline PipelineID=6cf808e4-8713-4a6a-bdd0-0b92e8633d8e command on datanode 31d6ae09-1bf4-4ff4-9532-94f29ed1392e.
2021-10-28 01:50:34,593 [Command processor thread] INFO  server.RaftServer (RaftServerProxy.java:remove(106)) - 31d6ae09-1bf4-4ff4-9532-94f29ed1392e: remove CANDIDATE 31d6ae09-1bf4-4ff4-9532-94f29ed1392e@group-712DC6EF7FC6:t1, leader=null, voted=31d6ae09-1bf4-4ff4-9532-94f29ed1392e, raftlog=31d6ae09-1bf4-4ff4-9532-94f29ed1392e@group-712DC6EF7FC6-SegmentedRaftLog:OPENED:c11, conf=0: [31d6ae09-1bf4-4ff4-9532-94f29ed1392e|rpc:10.1.0.29:44047|dataStream:|priority:1], old=null RUNNING
2021-10-28 01:50:34,593 [Command processor thread] INFO  server.RaftServer$Division (RaftServerImpl.java:lambda$close$4(412)) - 31d6ae09-1bf4-4ff4-9532-94f29ed1392e@group-712DC6EF7FC6: shutdown
2021-10-28 01:50:34,594 [Command processor thread] INFO  util.JmxRegister (JmxRegister.java:unregister(73)) - Successfully un-registered JMX Bean with object name Ratis:service=RaftServer,group=group-712DC6EF7FC6,id=31d6ae09-1bf4-4ff4-9532-94f29ed1392e
2021-10-28 01:50:34,594 [Command processor thread] INFO  impl.RoleInfo (RoleInfo.java:shutdownLeaderElection(121)) - 31d6ae09-1bf4-4ff4-9532-94f29ed1392e: shutdown 31d6ae09-1bf4-4ff4-9532-94f29ed1392e@group-712DC6EF7FC6-LeaderElection77
2021-10-28 01:50:34,594 [Command processor thread] INFO  impl.StateMachineUpdater (StateMachineUpdater.java:stopAndJoin(149)) - 31d6ae09-1bf4-4ff4-9532-94f29ed1392e@group-712DC6EF7FC6-StateMachineUpdater: set stopIndex = 11
2021-10-28 01:50:34,594 [Command processor thread] INFO  server.RaftServer$Division (ServerState.java:close(419)) - 31d6ae09-1bf4-4ff4-9532-94f29ed1392e@group-712DC6EF7FC6: closes. applyIndex: 11
2021-10-28 01:50:34,633 [31d6ae09-1bf4-4ff4-9532-94f29ed1392e@group-712DC6EF7FC6-SegmentedRaftLogWorker] INFO  segmented.SegmentedRaftLogWorker (SegmentedRaftLogWorker.java:run(327)) - 31d6ae09-1bf4-4ff4-9532-94f29ed1392e@group-712DC6EF7FC6-SegmentedRaftLogWorker was interrupted, exiting. There are 0 tasks remaining in the queue.
2021-10-28 01:50:34,657 [31d6ae09-1bf4-4ff4-9532-94f29ed1392e@group-712DC6EF7FC6-LeaderElection77] INFO  impl.LeaderElection (LeaderElection.java:run(230)) - 31d6ae09-1bf4-4ff4-9532-94f29ed1392e@group-712DC6EF7FC6-LeaderElection77: skip running since this is already CLOSING
2021-10-28 01:50:34,687 [Command processor thread] INFO  segmented.SegmentedRaftLogWorker (SegmentedRaftLogWorker.java:close(237)) - 31d6ae09-1bf4-4ff4-9532-94f29ed1392e@group-712DC6EF7FC6-SegmentedRaftLogWorker close()
2021-10-28 01:50:34,704 [31d6ae09-1bf4-4ff4-9532-94f29ed1392e@group-CDFD84D3B5C4-FollowerState] INFO  impl.FollowerState (FollowerState.java:run(134)) - 31d6ae09-1bf4-4ff4-9532-94f29ed1392e@group-CDFD84D3B5C4-FollowerState: change to CANDIDATE, lastRpcElapsedTime:5205720519ns, electionTimeout:5197ms
2021-10-28 01:50:34,705 [31d6ae09-1bf4-4ff4-9532-94f29ed1392e@group-CDFD84D3B5C4-FollowerState] INFO  impl.RoleInfo (RoleInfo.java:shutdownFollowerState(108)) - 31d6ae09-1bf4-4ff4-9532-94f29ed1392e: shutdown 31d6ae09-1bf4-4ff4-9532-94f29ed1392e@group-CDFD84D3B5C4-FollowerState
2021-10-28 01:50:34,705 [31d6ae09-1bf4-4ff4-9532-94f29ed1392e@group-CDFD84D3B5C4-FollowerState] INFO  server.RaftServer$Division (RaftServerImpl.java:setRole(290)) - 31d6ae09-1bf4-4ff4-9532-94f29ed1392e@group-CDFD84D3B5C4: changes role from  FOLLOWER to CANDIDATE at term 4 for changeToCandidate
2021-10-28 01:50:34,705 [31d6ae09-1bf4-4ff4-9532-94f29ed1392e@group-CDFD84D3B5C4-FollowerState] INFO  server.RaftServerConfigKeys (ConfUtils.java:logGet(44)) - raft.server.leaderelection.pre-vote = false (custom)
2021-10-28 01:50:34,705 [31d6ae09-1bf4-4ff4-9532-94f29ed1392e@group-CDFD84D3B5C4-FollowerState] INFO  impl.RoleInfo (RoleInfo.java:updateAndGet(130)) - 31d6ae09-1bf4-4ff4-9532-94f29ed1392e: start 31d6ae09-1bf4-4ff4-9532-94f29ed1392e@group-CDFD84D3B5C4-LeaderElection78
2021-10-28 01:50:34,868 [Command processor thread] INFO  keyvalue.KeyValueContainer (KeyValueContainer.java:flushAndSyncDB(397)) - Container 1 is synced with bcsId 9.
2021-10-28 01:50:34,868 [Command processor thread] INFO  keyvalue.KeyValueContainer (KeyValueContainer.java:flushAndSyncDB(397)) - Container 1 is synced with bcsId 9.
2021-10-28 01:50:34,868 [31d6ae09-1bf4-4ff4-9532-94f29ed1392e@group-CDFD84D3B5C4-LeaderElection78] INFO  impl.LeaderElection (LeaderElection.java:askForVotes(306)) - 31d6ae09-1bf4-4ff4-9532-94f29ed1392e@group-CDFD84D3B5C4-LeaderElection78 ELECTION round 0: submit vote requests at term 5 for 0: [850b4870-9ae5-4bfa-bbd2-f1f242dff33d|rpc:10.1.0.29:35637|dataStream:|priority:0, 31d6ae09-1bf4-4ff4-9532-94f29ed1392e|rpc:10.1.0.29:44047|dataStream:|priority:1, 43ee2308-4bff-4c12-a476-7906f102dfb0|rpc:10.1.0.29:33053|dataStream:|priority:0], old=null
2021-10-28 01:50:34,888 [Command processor thread] INFO  server.RaftServer$Division (RaftServerImpl.java:groupRemove(382)) - 31d6ae09-1bf4-4ff4-9532-94f29ed1392e@group-712DC6EF7FC6: Succeed to remove RaftStorageDirectory Storage Directory /home/runner/work/ozone/ozone/hadoop-ozone/integration-test/target/test-dir/MiniOzoneClusterImpl-0566475b-15f3-492a-9b28-f78457f271af/datanode-5/data/ratis/572f35b9-4513-420d-a747-712dc6ef7fc6
2021-10-28 01:50:34,888 [Command processor thread] INFO  commandhandler.ClosePipelineCommandHandler (ClosePipelineCommandHandler.java:handle(78)) - Close Pipeline PipelineID=572f35b9-4513-420d-a747-712dc6ef7fc6 command on datanode 31d6ae09-1bf4-4ff4-9532-94f29ed1392e.
2021-10-28 01:50:34,888 [Command processor thread] INFO  server.RaftServer (RaftServerProxy.java:remove(106)) - 31d6ae09-1bf4-4ff4-9532-94f29ed1392e: remove CANDIDATE 31d6ae09-1bf4-4ff4-9532-94f29ed1392e@group-CDFD84D3B5C4:t5, leader=null, voted=31d6ae09-1bf4-4ff4-9532-94f29ed1392e, raftlog=31d6ae09-1bf4-4ff4-9532-94f29ed1392e@group-CDFD84D3B5C4-SegmentedRaftLog:OPENED:c0, conf=0: [850b4870-9ae5-4bfa-bbd2-f1f242dff33d|rpc:10.1.0.29:35637|dataStream:|priority:0, 31d6ae09-1bf4-4ff4-9532-94f29ed1392e|rpc:10.1.0.29:44047|dataStream:|priority:1, 43ee2308-4bff-4c12-a476-7906f102dfb0|rpc:10.1.0.29:33053|dataStream:|priority:0], old=null RUNNING
2021-10-28 01:50:34,888 [Command processor thread] INFO  server.RaftServer$Division (RaftServerImpl.java:lambda$close$4(412)) - 31d6ae09-1bf4-4ff4-9532-94f29ed1392e@group-CDFD84D3B5C4: shutdown
2021-10-28 01:50:34,888 [Command processor thread] INFO  util.JmxRegister (JmxRegister.java:unregister(73)) - Successfully un-registered JMX Bean with object name Ratis:service=RaftServer,group=group-CDFD84D3B5C4,id=31d6ae09-1bf4-4ff4-9532-94f29ed1392e
2021-10-28 01:50:34,888 [Command processor thread] INFO  impl.RoleInfo (RoleInfo.java:shutdownLeaderElection(121)) - 31d6ae09-1bf4-4ff4-9532-94f29ed1392e: shutdown 31d6ae09-1bf4-4ff4-9532-94f29ed1392e@group-CDFD84D3B5C4-LeaderElection78
2021-10-28 01:50:34,888 [Command processor thread] INFO  impl.StateMachineUpdater (StateMachineUpdater.java:stopAndJoin(149)) - 31d6ae09-1bf4-4ff4-9532-94f29ed1392e@group-CDFD84D3B5C4-StateMachineUpdater: set stopIndex = 0
2021-10-28 01:50:34,934 [grpc-default-executor-1] WARN  server.GrpcServerProtocolService (LogUtils.java:warn(124)) - 43ee2308-4bff-4c12-a476-7906f102dfb0: Failed requestVote 31d6ae09-1bf4-4ff4-9532-94f29ed1392e->43ee2308-4bff-4c12-a476-7906f102dfb0#0
org.apache.ratis.protocol.exceptions.GroupMismatchException: 43ee2308-4bff-4c12-a476-7906f102dfb0: group-CDFD84D3B5C4 not found.
	at org.apache.ratis.server.impl.RaftServerProxy$ImplMap.get(RaftServerProxy.java:147)
	at org.apache.ratis.server.impl.RaftServerProxy.getImplFuture(RaftServerProxy.java:339)
	at org.apache.ratis.server.impl.RaftServerProxy.getImpl(RaftServerProxy.java:348)
	at org.apache.ratis.server.impl.RaftServerProxy.getImpl(RaftServerProxy.java:343)
	at org.apache.ratis.server.impl.RaftServerProxy.requestVote(RaftServerProxy.java:548)
	at org.apache.ratis.grpc.server.GrpcServerProtocolService.requestVote(GrpcServerProtocolService.java:172)
	at org.apache.ratis.proto.grpc.RaftServerProtocolServiceGrpc$MethodHandlers.invoke(RaftServerProtocolServiceGrpc.java:394)
	at org.apache.ratis.thirdparty.io.grpc.stub.ServerCalls$UnaryServerCallHandler$UnaryServerCallListener.onHalfClose(ServerCalls.java:182)
	at org.apache.ratis.thirdparty.io.grpc.PartialForwardingServerCallListener.onHalfClose(PartialForwardingServerCallListener.java:35)
	at org.apache.ratis.thirdparty.io.grpc.ForwardingServerCallListener.onHalfClose(ForwardingServerCallListener.java:23)
	at org.apache.ratis.thirdparty.io.grpc.internal.ServerCallImpl$ServerStreamListenerImpl.halfClosed(ServerCallImpl.java:331)
	at org.apache.ratis.thirdparty.io.grpc.internal.ServerImpl$JumpToApplicationThreadServerStreamListener$1HalfClosed.runInContext(ServerImpl.java:814)
	at org.apache.ratis.thirdparty.io.grpc.internal.ContextRunnable.run(ContextRunnable.java:37)
	at org.apache.ratis.thirdparty.io.grpc.internal.SerializingExecutor.run(SerializingExecutor.java:123)
	at java.util.concurrent.ThreadPoolExecutor.runWorker(ThreadPoolExecutor.java:1149)
	at java.util.concurrent.ThreadPoolExecutor$Worker.run(ThreadPoolExecutor.java:624)
	at java.lang.Thread.run(Thread.java:748)
2021-10-28 01:50:34,939 [Command processor thread] INFO  server.RaftServer$Division (ServerState.java:close(419)) - 31d6ae09-1bf4-4ff4-9532-94f29ed1392e@group-CDFD84D3B5C4: closes. applyIndex: 0
2021-10-28 01:50:34,939 [31d6ae09-1bf4-4ff4-9532-94f29ed1392e@group-CDFD84D3B5C4-SegmentedRaftLogWorker] INFO  segmented.SegmentedRaftLogWorker (SegmentedRaftLogWorker.java:run(327)) - 31d6ae09-1bf4-4ff4-9532-94f29ed1392e@group-CDFD84D3B5C4-SegmentedRaftLogWorker was interrupted, exiting. There are 0 tasks remaining in the queue.
2021-10-28 01:50:34,941 [EventQueue-IncrementalContainerReportForIncrementalContainerReportHandler] INFO  container.IncrementalContainerReportHandler (AbstractContainerReportHandler.java:updateContainerState(216)) - Moving container #1 to QUASI_CLOSED state, datanode 31d6ae09-1bf4-4ff4-9532-94f29ed1392e{ip: 10.1.0.29, host: fv-az270-135.tacnzluakwdehk1hpragurqkma.bx.internal.cloudapp.net, ports: [REPLICATION=42011, RATIS=44047, RATIS_ADMIN=44047, RATIS_SERVER=44047, STANDALONE=32823], networkLocation: /default-rack, certSerialId: null, persistedOpState: IN_SERVICE, persistedOpStateExpiryEpochSec: 0} reported QUASI_CLOSED replica.
2021-10-28 01:50:34,951 [Command processor thread] INFO  segmented.SegmentedRaftLogWorker (SegmentedRaftLogWorker.java:close(237)) - 31d6ae09-1bf4-4ff4-9532-94f29ed1392e@group-CDFD84D3B5C4-SegmentedRaftLogWorker close()
2021-10-28 01:50:34,972 [31d6ae09-1bf4-4ff4-9532-94f29ed1392e@group-CDFD84D3B5C4-LeaderElection78] INFO  impl.LeaderElection (LogUtils.java:infoOrTrace(137)) - 31d6ae09-1bf4-4ff4-9532-94f29ed1392e@group-CDFD84D3B5C4-LeaderElection78 got exception when requesting votes: java.util.concurrent.ExecutionException: org.apache.ratis.thirdparty.io.grpc.StatusRuntimeException: INTERNAL: 43ee2308-4bff-4c12-a476-7906f102dfb0: group-CDFD84D3B5C4 not found.
2021-10-28 01:50:34,972 [31d6ae09-1bf4-4ff4-9532-94f29ed1392e@group-CDFD84D3B5C4-LeaderElection78] INFO  impl.LeaderElection (LeaderElection.java:logAndReturn(89)) - 31d6ae09-1bf4-4ff4-9532-94f29ed1392e@group-CDFD84D3B5C4-LeaderElection78: ELECTION REJECTED received 0 response(s) and 1 exception(s):
2021-10-28 01:50:34,972 [31d6ae09-1bf4-4ff4-9532-94f29ed1392e@group-CDFD84D3B5C4-LeaderElection78] INFO  impl.LeaderElection (LogUtils.java:infoOrTrace(137)) -   Exception 0: java.util.concurrent.ExecutionException: org.apache.ratis.thirdparty.io.grpc.StatusRuntimeException: INTERNAL: 43ee2308-4bff-4c12-a476-7906f102dfb0: group-CDFD84D3B5C4 not found.
2021-10-28 01:50:34,972 [31d6ae09-1bf4-4ff4-9532-94f29ed1392e@group-CDFD84D3B5C4-LeaderElection78] INFO  impl.LeaderElection (LeaderElection.java:askForVotes(308)) - 31d6ae09-1bf4-4ff4-9532-94f29ed1392e@group-CDFD84D3B5C4-LeaderElection78 ELECTION round 0: result REJECTED
2021-10-28 01:50:35,000 [Command processor thread] INFO  server.RaftServer$Division (RaftServerImpl.java:groupRemove(382)) - 31d6ae09-1bf4-4ff4-9532-94f29ed1392e@group-CDFD84D3B5C4: Succeed to remove RaftStorageDirectory Storage Directory /home/runner/work/ozone/ozone/hadoop-ozone/integration-test/target/test-dir/MiniOzoneClusterImpl-0566475b-15f3-492a-9b28-f78457f271af/datanode-5/data/ratis/b21a688c-33a3-4df7-a4a3-cdfd84d3b5c4
2021-10-28 01:50:35,001 [Command processor thread] INFO  commandhandler.ClosePipelineCommandHandler (ClosePipelineCommandHandler.java:handle(78)) - Close Pipeline PipelineID=b21a688c-33a3-4df7-a4a3-cdfd84d3b5c4 command on datanode 31d6ae09-1bf4-4ff4-9532-94f29ed1392e.
2021-10-28 01:50:35,001 [Command processor thread] INFO  server.RaftServer (RaftServerProxy.java:addNew(95)) - 31d6ae09-1bf4-4ff4-9532-94f29ed1392e: addNew group-58A76E034B32:[31d6ae09-1bf4-4ff4-9532-94f29ed1392e|rpc:10.1.0.29:44047|priority:1] returns group-58A76E034B32:java.util.concurrent.CompletableFuture@7f5aebf4[Not completed]
2021-10-28 01:50:35,007 [pool-671-thread-1] INFO  server.RaftServer$Division (RaftServerImpl.java:<init>(184)) - 31d6ae09-1bf4-4ff4-9532-94f29ed1392e: new RaftServerImpl for group-58A76E034B32:[31d6ae09-1bf4-4ff4-9532-94f29ed1392e|rpc:10.1.0.29:44047|priority:1] with ContainerStateMachine:uninitialized
2021-10-28 01:50:35,007 [pool-671-thread-1] INFO  server.RaftServerConfigKeys (ConfUtils.java:logGet(44)) - raft.server.rpc.timeout.min = 5s (custom)
2021-10-28 01:50:35,007 [pool-671-thread-1] INFO  server.RaftServerConfigKeys (ConfUtils.java:logGet(44)) - raft.server.rpc.timeout.max = 5200ms (custom)
2021-10-28 01:50:35,007 [pool-671-thread-1] INFO  server.RaftServerConfigKeys (ConfUtils.java:logGet(44)) - raft.server.rpc.sleep.time = 25ms (default)
2021-10-28 01:50:35,008 [pool-671-thread-1] INFO  server.RaftServerConfigKeys (ConfUtils.java:logGet(44)) - raft.server.rpc.slowness.timeout = 300000ms (custom)
2021-10-28 01:50:35,008 [pool-671-thread-1] INFO  server.RaftServerConfigKeys (ConfUtils.java:logGet(44)) - raft.server.leaderelection.leader.step-down.wait-time = 10s (default)
2021-10-28 01:50:35,008 [pool-671-thread-1] INFO  server.RaftServerConfigKeys (ConfUtils.java:logGet(44)) - raft.server.sleep.deviation.threshold = 300ms (default)
2021-10-28 01:50:35,008 [pool-671-thread-1] INFO  server.RaftServerConfigKeys (ConfUtils.java:logGet(44)) - raft.server.log.appender.install.snapshot.enabled = false (custom)
2021-10-28 01:50:35,008 [pool-671-thread-1] INFO  server.RaftServer$Division (ServerState.java:<init>(105)) - 31d6ae09-1bf4-4ff4-9532-94f29ed1392e@group-58A76E034B32: ConfigurationManager, init=-1: [31d6ae09-1bf4-4ff4-9532-94f29ed1392e|rpc:10.1.0.29:44047|priority:1], old=null, confs=<EMPTY_MAP>
2021-10-28 01:50:35,008 [pool-671-thread-1] INFO  server.RaftServerConfigKeys (ConfUtils.java:logGet(44)) - raft.server.storage.dir = [/home/runner/work/ozone/ozone/hadoop-ozone/integration-test/target/test-dir/MiniOzoneClusterImpl-0566475b-15f3-492a-9b28-f78457f271af/datanode-5/data/ratis] (custom)
2021-10-28 01:50:35,008 [pool-671-thread-1] INFO  server.RaftServerConfigKeys (ConfUtils.java:logGet(44)) - raft.server.log.corruption.policy = EXCEPTION (default)
2021-10-28 01:50:35,008 [pool-671-thread-1] INFO  server.RaftServerConfigKeys (ConfUtils.java:logGet(44)) - raft.server.storage.free-space.min = 0MB (=0) (default)
2021-10-28 01:50:35,008 [pool-671-thread-1] INFO  storage.RaftStorageDirectory (RaftStorageDirectoryImpl.java:analyzeStorage(135)) - The storage directory /home/runner/work/ozone/ozone/hadoop-ozone/integration-test/target/test-dir/MiniOzoneClusterImpl-0566475b-15f3-492a-9b28-f78457f271af/datanode-5/data/ratis/c99917bc-e8a7-4f12-abad-58a76e034b32 does not exist. Creating ...
2021-10-28 01:50:35,011 [grpc-default-executor-3] WARN  server.GrpcServerProtocolService (LogUtils.java:warn(124)) - 850b4870-9ae5-4bfa-bbd2-f1f242dff33d: Failed requestVote 31d6ae09-1bf4-4ff4-9532-94f29ed1392e->850b4870-9ae5-4bfa-bbd2-f1f242dff33d#0
org.apache.ratis.protocol.exceptions.GroupMismatchException: 850b4870-9ae5-4bfa-bbd2-f1f242dff33d: group-CDFD84D3B5C4 not found.
	at org.apache.ratis.server.impl.RaftServerProxy$ImplMap.get(RaftServerProxy.java:147)
	at org.apache.ratis.server.impl.RaftServerProxy.getImplFuture(RaftServerProxy.java:339)
	at org.apache.ratis.server.impl.RaftServerProxy.getImpl(RaftServerProxy.java:348)
	at org.apache.ratis.server.impl.RaftServerProxy.getImpl(RaftServerProxy.java:343)
	at org.apache.ratis.server.impl.RaftServerProxy.requestVote(RaftServerProxy.java:548)
	at org.apache.ratis.grpc.server.GrpcServerProtocolService.requestVote(GrpcServerProtocolService.java:172)
	at org.apache.ratis.proto.grpc.RaftServerProtocolServiceGrpc$MethodHandlers.invoke(RaftServerProtocolServiceGrpc.java:394)
	at org.apache.ratis.thirdparty.io.grpc.stub.ServerCalls$UnaryServerCallHandler$UnaryServerCallListener.onHalfClose(ServerCalls.java:182)
	at org.apache.ratis.thirdparty.io.grpc.PartialForwardingServerCallListener.onHalfClose(PartialForwardingServerCallListener.java:35)
	at org.apache.ratis.thirdparty.io.grpc.ForwardingServerCallListener.onHalfClose(ForwardingServerCallListener.java:23)
	at org.apache.ratis.thirdparty.io.grpc.internal.ServerCallImpl$ServerStreamListenerImpl.halfClosed(ServerCallImpl.java:331)
	at org.apache.ratis.thirdparty.io.grpc.internal.ServerImpl$JumpToApplicationThreadServerStreamListener$1HalfClosed.runInContext(ServerImpl.java:814)
	at org.apache.ratis.thirdparty.io.grpc.internal.ContextRunnable.run(ContextRunnable.java:37)
	at org.apache.ratis.thirdparty.io.grpc.internal.SerializingExecutor.run(SerializingExecutor.java:123)
	at java.util.concurrent.ThreadPoolExecutor.runWorker(ThreadPoolExecutor.java:1149)
	at java.util.concurrent.ThreadPoolExecutor$Worker.run(ThreadPoolExecutor.java:624)
	at java.lang.Thread.run(Thread.java:748)
2021-10-28 01:50:35,012 [Listener at 127.0.0.1/46475] INFO  ozone.MiniOzoneClusterImpl (MiniOzoneClusterImpl.java:shutdown(453)) - Shutting down the Mini Ozone Cluster
2021-10-28 01:50:35,013 [Listener at 127.0.0.1/46475] INFO  ozone.MiniOzoneClusterImpl (MiniOzoneClusterImpl.java:stop(468)) - Stopping the Mini Ozone Cluster
2021-10-28 01:50:35,013 [Listener at 127.0.0.1/46475] INFO  ozone.MiniOzoneClusterImpl (MiniOzoneClusterImpl.java:stopOM(550)) - Stopping the OzoneManager
2021-10-28 01:50:35,013 [Listener at 127.0.0.1/46475] INFO  om.OzoneManager (OzoneManager.java:stop(1651)) - Stopping Ozone Manager
2021-10-28 01:50:35,013 [Listener at 127.0.0.1/46475] INFO  ipc.Server (Server.java:stop(3414)) - Stopping server on 46475
2021-10-28 01:50:35,013 [pool-671-thread-1] INFO  storage.RaftStorageDirectory (RaftStorageDirectoryImpl.java:tryLock(230)) - Lock on /home/runner/work/ozone/ozone/hadoop-ozone/integration-test/target/test-dir/MiniOzoneClusterImpl-0566475b-15f3-492a-9b28-f78457f271af/datanode-5/data/ratis/c99917bc-e8a7-4f12-abad-58a76e034b32/in_use.lock acquired by nodename 734@fv-az270-135
2021-10-28 01:50:35,031 [IPC Server listener on 0] INFO  ipc.Server (Server.java:run(1376)) - Stopping IPC Server listener on 0
2021-10-28 01:50:35,031 [IPC Server Responder] INFO  ipc.Server (Server.java:run(1512)) - Stopping IPC Server Responder
2021-10-28 01:50:35,032 [Listener at 127.0.0.1/46475] INFO  server.RaftServer (RaftServerProxy.java:lambda$close$6(391)) - om1: close
2021-10-28 01:50:35,032 [Listener at 127.0.0.1/46475] INFO  server.RaftServer$Division (RaftServerImpl.java:lambda$close$4(412)) - om1@group-C5BA1605619E: shutdown
2021-10-28 01:50:35,032 [Listener at 127.0.0.1/46475] INFO  util.JmxRegister (JmxRegister.java:unregister(73)) - Successfully un-registered JMX Bean with object name Ratis:service=RaftServer,group=group-C5BA1605619E,id=om1
2021-10-28 01:50:35,032 [Listener at 127.0.0.1/46475] INFO  impl.RoleInfo (RoleInfo.java:shutdownLeaderState(91)) - om1: shutdown om1@group-C5BA1605619E-LeaderStateImpl
2021-10-28 01:50:35,032 [Listener at 127.0.0.1/46475] INFO  impl.PendingRequests (PendingRequests.java:sendNotLeaderResponses(282)) - om1@group-C5BA1605619E-PendingRequests: sendNotLeaderResponses
2021-10-28 01:50:35,056 [Listener at 127.0.0.1/46475] INFO  impl.StateMachineUpdater (StateMachineUpdater.java:stopAndJoin(149)) - om1@group-C5BA1605619E-StateMachineUpdater: set stopIndex = 10
2021-10-28 01:50:35,057 [om1@group-C5BA1605619E-StateMachineUpdater] INFO  ratis.OzoneManagerStateMachine (OzoneManagerStateMachine.java:takeSnapshot(417)) - Current Snapshot Index (t:1, i:10)
2021-10-28 01:50:35,057 [om1@group-C5BA1605619E-StateMachineUpdater] INFO  impl.StateMachineUpdater (StateMachineUpdater.java:takeSnapshot(281)) - om1@group-C5BA1605619E-StateMachineUpdater: Took a snapshot at index 10
2021-10-28 01:50:35,057 [om1@group-C5BA1605619E-StateMachineUpdater] INFO  impl.StateMachineUpdater (StateMachineUpdater.java:lambda$new$0(89)) - om1@group-C5BA1605619E-StateMachineUpdater: snapshotIndex: updateIncreasingly -1 -> 10
2021-10-28 01:50:35,057 [om1@group-C5BA1605619E-StateMachineUpdater] INFO  ratis.OzoneManagerStateMachine (OzoneManagerStateMachine.java:close(471)) - StateMachine has shutdown. Shutdown OzoneManager if not already shutdown.
2021-10-28 01:50:35,057 [Listener at 127.0.0.1/46475] INFO  server.RaftServer$Division (ServerState.java:close(419)) - om1@group-C5BA1605619E: closes. applyIndex: 10
2021-10-28 01:50:35,058 [om1@group-C5BA1605619E-SegmentedRaftLogWorker] INFO  segmented.SegmentedRaftLogWorker (SegmentedRaftLogWorker.java:run(327)) - om1@group-C5BA1605619E-SegmentedRaftLogWorker was interrupted, exiting. There are 0 tasks remaining in the queue.
2021-10-28 01:50:35,058 [Listener at 127.0.0.1/46475] INFO  segmented.SegmentedRaftLogWorker (SegmentedRaftLogWorker.java:close(237)) - om1@group-C5BA1605619E-SegmentedRaftLogWorker close()
2021-10-28 01:50:35,063 [Listener at 127.0.0.1/46475] INFO  server.GrpcService (GrpcService.java:closeImpl(262)) - om1: shutdown server with port 9872 now
2021-10-28 01:50:35,063 [Listener at 127.0.0.1/46475] INFO  server.GrpcService (GrpcService.java:closeImpl(271)) - om1: shutdown server with port 9872 successfully
2021-10-28 01:50:35,079 [pool-671-thread-1] INFO  storage.RaftStorage (RaftStorageImpl.java:format(89)) - Storage directory /home/runner/work/ozone/ozone/hadoop-ozone/integration-test/target/test-dir/MiniOzoneClusterImpl-0566475b-15f3-492a-9b28-f78457f271af/datanode-5/data/ratis/c99917bc-e8a7-4f12-abad-58a76e034b32 has been successfully formatted.
2021-10-28 01:50:35,080 [pool-671-thread-1] INFO  ratis.ContainerStateMachine (ContainerStateMachine.java:loadSnapshot(224)) - group-58A76E034B32: The snapshot info is null. Setting the last applied indexto:(t:0, i:~)
2021-10-28 01:50:35,080 [pool-671-thread-1] INFO  server.RaftServerConfigKeys (ConfUtils.java:logGet(44)) - raft.server.notification.no-leader.timeout = 300000ms (custom)
2021-10-28 01:50:35,080 [pool-671-thread-1] INFO  server.RaftServerConfigKeys (ConfUtils.java:logGet(44)) - raft.server.log.use.memory = false (default)
2021-10-28 01:50:35,080 [pool-671-thread-1] INFO  server.RaftServerConfigKeys (ConfUtils.java:logGet(44)) - raft.server.log.purge.gap = 1000000 (custom)
2021-10-28 01:50:35,080 [pool-671-thread-1] INFO  server.RaftServerConfigKeys (ConfUtils.java:logGet(44)) - raft.server.log.appender.buffer.byte-limit = 33554432 (custom)
2021-10-28 01:50:35,080 [pool-671-thread-1] INFO  server.RaftServerConfigKeys (ConfUtils.java:logGet(44)) - raft.server.log.segment.size.max = 1048576 (custom)
2021-10-28 01:50:35,081 [pool-671-thread-1] INFO  server.RaftServerConfigKeys (ConfUtils.java:logGet(44)) - raft.server.log.segment.cache.num.max = 2 (custom)
2021-10-28 01:50:35,081 [pool-671-thread-1] INFO  server.RaftServerConfigKeys (ConfUtils.java:logGet(44)) - raft.server.log.segment.cache.size.max = 200MB (=209715200) (default)
2021-10-28 01:50:35,081 [pool-671-thread-1] INFO  segmented.SegmentedRaftLogWorker (SegmentedRaftLogWorker.java:<init>(182)) - new 31d6ae09-1bf4-4ff4-9532-94f29ed1392e@group-58A76E034B32-SegmentedRaftLogWorker for RaftStorageImpl:Storage Directory /home/runner/work/ozone/ozone/hadoop-ozone/integration-test/target/test-dir/MiniOzoneClusterImpl-0566475b-15f3-492a-9b28-f78457f271af/datanode-5/data/ratis/c99917bc-e8a7-4f12-abad-58a76e034b32
2021-10-28 01:50:35,081 [pool-671-thread-1] INFO  server.RaftServerConfigKeys (ConfUtils.java:logGet(44)) - raft.server.log.queue.byte-limit = 2147483647 (custom)
2021-10-28 01:50:35,081 [pool-671-thread-1] INFO  server.RaftServerConfigKeys (ConfUtils.java:logGet(44)) - raft.server.log.queue.element-limit = 1024 (custom)
2021-10-28 01:50:35,081 [pool-671-thread-1] INFO  server.RaftServerConfigKeys (ConfUtils.java:logGet(44)) - raft.server.log.segment.size.max = 1048576 (custom)
2021-10-28 01:50:35,081 [pool-671-thread-1] INFO  server.RaftServerConfigKeys (ConfUtils.java:logGet(44)) - raft.server.log.preallocated.size = 16384 (custom)
2021-10-28 01:50:35,081 [pool-671-thread-1] INFO  server.RaftServerConfigKeys (ConfUtils.java:logGet(44)) - raft.server.log.force.sync.num = 128 (default)
2021-10-28 01:50:35,081 [pool-671-thread-1] INFO  server.RaftServerConfigKeys (ConfUtils.java:logGet(44)) - raft.server.log.statemachine.data.sync = true (default)
2021-10-28 01:50:35,081 [pool-671-thread-1] INFO  server.RaftServerConfigKeys (ConfUtils.java:logGet(44)) - raft.server.log.statemachine.data.sync.timeout = 10s (default)
2021-10-28 01:50:35,081 [pool-671-thread-1] INFO  server.RaftServerConfigKeys (ConfUtils.java:logGet(44)) - raft.server.log.statemachine.data.sync.timeout.retry = -1 (default)
2021-10-28 01:50:35,082 [pool-671-thread-1] INFO  server.RaftServerConfigKeys (ConfUtils.java:logGet(44)) - raft.server.log.write.buffer.size = 1048576 (custom)
2021-10-28 01:50:35,083 [pool-671-thread-1] INFO  server.RaftServerConfigKeys (ConfUtils.java:logGet(44)) - raft.server.log.statemachine.data.caching.enabled = true (custom)
2021-10-28 01:50:35,083 [pool-671-thread-1] INFO  segmented.SegmentedRaftLogWorker (SegmentedRaftLogWorker.java:lambda$new$0(133)) - 31d6ae09-1bf4-4ff4-9532-94f29ed1392e@group-58A76E034B32-SegmentedRaftLogWorker: flushIndex: setUnconditionally 0 -> -1
2021-10-28 01:50:35,083 [pool-671-thread-1] INFO  segmented.SegmentedRaftLogWorker (SegmentedRaftLogWorker.java:lambda$new$0(133)) - 31d6ae09-1bf4-4ff4-9532-94f29ed1392e@group-58A76E034B32-SegmentedRaftLogWorker: safeCacheEvictIndex: setUnconditionally 0 -> -1
2021-10-28 01:50:35,090 [EventQueue-PipelineReportForPipelineReportHandler] INFO  pipeline.PipelineManagerImpl (PipelineManagerImpl.java:openPipeline(289)) - Pipeline Pipeline[ Id: c99917bc-e8a7-4f12-abad-58a76e034b32, Nodes: 31d6ae09-1bf4-4ff4-9532-94f29ed1392e{ip: 10.1.0.29, host: fv-az270-135.tacnzluakwdehk1hpragurqkma.bx.internal.cloudapp.net, ports: [REPLICATION=42011, RATIS=44047, RATIS_ADMIN=44047, RATIS_SERVER=44047, STANDALONE=32823], networkLocation: /default-rack, certSerialId: null, persistedOpState: IN_SERVICE, persistedOpStateExpiryEpochSec: 0}, ReplicationConfig: RATIS/ONE, State:ALLOCATED, leaderId:31d6ae09-1bf4-4ff4-9532-94f29ed1392e, CreationTimestamp2021-10-28T01:50:33.663Z[Etc/UTC]] moved to OPEN state
2021-10-28 01:50:35,091 [org.apache.ratis.util.JvmPauseMonitor$$Lambda$531/277938555@3742e488] INFO  util.JvmPauseMonitor (JvmPauseMonitor.java:run(109)) - JvmPauseMonitor-om1: Stopped
2021-10-28 01:50:35,091 [Listener at 127.0.0.1/46475] INFO  ratis.OzoneManagerDoubleBuffer (OzoneManagerDoubleBuffer.java:stop(437)) - Stopping OMDoubleBuffer flush thread
2021-10-28 01:50:35,091 [OMDoubleBufferFlushThread] INFO  ratis.OzoneManagerDoubleBuffer (OzoneManagerDoubleBuffer.java:flushTransactions(356)) - OMDoubleBuffer flush thread OMDoubleBufferFlushThread is interrupted and will exit. OMDoubleBufferFlushThread
2021-10-28 01:50:35,095 [Listener at 127.0.0.1/46475] INFO  utils.BackgroundService (BackgroundService.java:shutdown(132)) - Shutting down service KeyDeletingService
2021-10-28 01:50:35,095 [Listener at 127.0.0.1/46475] INFO  utils.BackgroundService (BackgroundService.java:shutdown(132)) - Shutting down service DirectoryDeletingService
2021-10-28 01:50:35,121 [pool-671-thread-1] INFO  server.RaftServerConfigKeys (ConfUtils.java:logGet(44)) - raft.server.snapshot.auto.trigger.enabled = true (custom)
2021-10-28 01:50:35,121 [pool-671-thread-1] INFO  server.RaftServerConfigKeys (ConfUtils.java:logGet(44)) - raft.server.snapshot.auto.trigger.threshold = 10000 (custom)
2021-10-28 01:50:35,121 [pool-671-thread-1] INFO  server.RaftServerConfigKeys (ConfUtils.java:logGet(44)) - raft.server.snapshot.retention.file.num = 5 (custom)
2021-10-28 01:50:35,121 [pool-671-thread-1] INFO  server.RaftServerConfigKeys (ConfUtils.java:logGet(44)) - raft.server.log.purge.upto.snapshot.index = false (default)
2021-10-28 01:50:35,121 [pool-671-thread-1] INFO  server.RaftServerConfigKeys (ConfUtils.java:logGet(44)) - raft.server.retrycache.expirytime = 600000ms (custom)
2021-10-28 01:50:35,121 [pool-671-thread-1] INFO  server.RaftServerConfigKeys (ConfUtils.java:logGet(44)) - raft.server.retrycache.statistics.expirytime = 100μs (default)
2021-10-28 01:50:35,123 [pool-671-thread-1] INFO  server.RaftServer$Division (RaftServerImpl.java:start(301)) - 31d6ae09-1bf4-4ff4-9532-94f29ed1392e@group-58A76E034B32: start as a follower, conf=-1: [31d6ae09-1bf4-4ff4-9532-94f29ed1392e|rpc:10.1.0.29:44047|priority:1], old=null
2021-10-28 01:50:35,123 [pool-671-thread-1] INFO  server.RaftServer$Division (RaftServerImpl.java:setRole(290)) - 31d6ae09-1bf4-4ff4-9532-94f29ed1392e@group-58A76E034B32: changes role from      null to FOLLOWER at term 0 for startAsFollower
2021-10-28 01:50:35,124 [pool-671-thread-1] INFO  impl.RoleInfo (RoleInfo.java:updateAndGet(130)) - 31d6ae09-1bf4-4ff4-9532-94f29ed1392e: start 31d6ae09-1bf4-4ff4-9532-94f29ed1392e@group-58A76E034B32-FollowerState
2021-10-28 01:50:35,124 [Listener at 127.0.0.1/46475] INFO  handler.ContextHandler (ContextHandler.java:doStop(1153)) - Stopped o.e.j.w.WebAppContext@1d651ef1{ozoneManager,/,null,STOPPED}{file:/home/runner/work/ozone/ozone/hadoop-ozone/integration-test/target/test-classes/webapps/ozoneManager}
2021-10-28 01:50:35,125 [Listener at 127.0.0.1/46475] INFO  server.AbstractConnector (AbstractConnector.java:doStop(381)) - Stopped ServerConnector@50b36663{HTTP/1.1, (http/1.1)}{0.0.0.0:0}
2021-10-28 01:50:35,125 [Listener at 127.0.0.1/46475] INFO  server.session (HouseKeeper.java:stopScavenging(149)) - node0 Stopped scavenging
2021-10-28 01:50:35,127 [Listener at 127.0.0.1/46475] INFO  handler.ContextHandler (ContextHandler.java:doStop(1153)) - Stopped o.e.j.s.ServletContextHandler@6b02ce4e{static,/static,file:///home/runner/work/ozone/ozone/hadoop-ozone/integration-test/target/test-classes/webapps/static,STOPPED}
2021-10-28 01:50:35,127 [Listener at 127.0.0.1/46475] INFO  handler.ContextHandler (ContextHandler.java:doStop(1153)) - Stopped o.e.j.s.ServletContextHandler@1148e271{logs,/logs,file:///home/runner/work/ozone/ozone/hadoop-ozone/integration-test/target/log,STOPPED}
2021-10-28 01:50:35,127 [pool-671-thread-1] INFO  util.JmxRegister (JmxRegister.java:tryRegister(44)) - Successfully registered JMX Bean with object name Ratis:service=RaftServer,group=group-58A76E034B32,id=31d6ae09-1bf4-4ff4-9532-94f29ed1392e
2021-10-28 01:50:35,167 [Listener at 127.0.0.1/46475] INFO  ozone.MiniOzoneClusterImpl (MiniOzoneClusterImpl.java:stopDatanodes(527)) - Stopping the HddsDatanodes
2021-10-28 01:50:35,167 [Command processor thread] INFO  ratis.XceiverServerRatis (XceiverServerRatis.java:addGroup(768)) - Created group PipelineID=c99917bc-e8a7-4f12-abad-58a76e034b32
2021-10-28 01:50:35,175 [Command processor thread] INFO  commandhandler.CreatePipelineCommandHandler (CreatePipelineCommandHandler.java:handle(106)) - Created Pipeline RATIS ONE PipelineID=c99917bc-e8a7-4f12-abad-58a76e034b32.
2021-10-28 01:50:35,175 [Command processor thread] INFO  server.RaftServer (RaftServerProxy.java:addNew(95)) - 31d6ae09-1bf4-4ff4-9532-94f29ed1392e: addNew group-EC3451D81B3E:[850b4870-9ae5-4bfa-bbd2-f1f242dff33d|rpc:10.1.0.29:35637|priority:0, 31d6ae09-1bf4-4ff4-9532-94f29ed1392e|rpc:10.1.0.29:44047|priority:1, 43ee2308-4bff-4c12-a476-7906f102dfb0|rpc:10.1.0.29:33053|priority:0] returns group-EC3451D81B3E:java.util.concurrent.CompletableFuture@167f0577[Not completed]
2021-10-28 01:50:35,176 [pool-671-thread-1] INFO  server.RaftServer$Division (RaftServerImpl.java:<init>(184)) - 31d6ae09-1bf4-4ff4-9532-94f29ed1392e: new RaftServerImpl for group-EC3451D81B3E:[850b4870-9ae5-4bfa-bbd2-f1f242dff33d|rpc:10.1.0.29:35637|priority:0, 31d6ae09-1bf4-4ff4-9532-94f29ed1392e|rpc:10.1.0.29:44047|priority:1, 43ee2308-4bff-4c12-a476-7906f102dfb0|rpc:10.1.0.29:33053|priority:0] with ContainerStateMachine:uninitialized
2021-10-28 01:50:35,176 [pool-671-thread-1] INFO  server.RaftServerConfigKeys (ConfUtils.java:logGet(44)) - raft.server.rpc.timeout.min = 5s (custom)
2021-10-28 01:50:35,176 [pool-671-thread-1] INFO  server.RaftServerConfigKeys (ConfUtils.java:logGet(44)) - raft.server.rpc.timeout.max = 5200ms (custom)
2021-10-28 01:50:35,176 [pool-671-thread-1] INFO  server.RaftServerConfigKeys (ConfUtils.java:logGet(44)) - raft.server.rpc.sleep.time = 25ms (default)
2021-10-28 01:50:35,176 [pool-671-thread-1] INFO  server.RaftServerConfigKeys (ConfUtils.java:logGet(44)) - raft.server.rpc.slowness.timeout = 300000ms (custom)
2021-10-28 01:50:35,176 [pool-671-thread-1] INFO  server.RaftServerConfigKeys (ConfUtils.java:logGet(44)) - raft.server.leaderelection.leader.step-down.wait-time = 10s (default)
2021-10-28 01:50:35,176 [pool-671-thread-1] INFO  server.RaftServerConfigKeys (ConfUtils.java:logGet(44)) - raft.server.sleep.deviation.threshold = 300ms (default)
2021-10-28 01:50:35,176 [pool-671-thread-1] INFO  server.RaftServerConfigKeys (ConfUtils.java:logGet(44)) - raft.server.log.appender.install.snapshot.enabled = false (custom)
2021-10-28 01:50:35,176 [pool-671-thread-1] INFO  server.RaftServer$Division (ServerState.java:<init>(105)) - 31d6ae09-1bf4-4ff4-9532-94f29ed1392e@group-EC3451D81B3E: ConfigurationManager, init=-1: [850b4870-9ae5-4bfa-bbd2-f1f242dff33d|rpc:10.1.0.29:35637|priority:0, 31d6ae09-1bf4-4ff4-9532-94f29ed1392e|rpc:10.1.0.29:44047|priority:1, 43ee2308-4bff-4c12-a476-7906f102dfb0|rpc:10.1.0.29:33053|priority:0], old=null, confs=<EMPTY_MAP>
2021-10-28 01:50:35,177 [pool-671-thread-1] INFO  server.RaftServerConfigKeys (ConfUtils.java:logGet(44)) - raft.server.storage.dir = [/home/runner/work/ozone/ozone/hadoop-ozone/integration-test/target/test-dir/MiniOzoneClusterImpl-0566475b-15f3-492a-9b28-f78457f271af/datanode-5/data/ratis] (custom)
2021-10-28 01:50:35,177 [pool-671-thread-1] INFO  server.RaftServerConfigKeys (ConfUtils.java:logGet(44)) - raft.server.log.corruption.policy = EXCEPTION (default)
2021-10-28 01:50:35,177 [pool-671-thread-1] INFO  server.RaftServerConfigKeys (ConfUtils.java:logGet(44)) - raft.server.storage.free-space.min = 0MB (=0) (default)
2021-10-28 01:50:35,177 [pool-671-thread-1] INFO  storage.RaftStorageDirectory (RaftStorageDirectoryImpl.java:analyzeStorage(135)) - The storage directory /home/runner/work/ozone/ozone/hadoop-ozone/integration-test/target/test-dir/MiniOzoneClusterImpl-0566475b-15f3-492a-9b28-f78457f271af/datanode-5/data/ratis/ce064907-5aa2-46cd-bdeb-ec3451d81b3e does not exist. Creating ...
2021-10-28 01:50:35,179 [pool-671-thread-1] INFO  storage.RaftStorageDirectory (RaftStorageDirectoryImpl.java:tryLock(230)) - Lock on /home/runner/work/ozone/ozone/hadoop-ozone/integration-test/target/test-dir/MiniOzoneClusterImpl-0566475b-15f3-492a-9b28-f78457f271af/datanode-5/data/ratis/ce064907-5aa2-46cd-bdeb-ec3451d81b3e/in_use.lock acquired by nodename 734@fv-az270-135
2021-10-28 01:50:35,181 [pool-671-thread-1] INFO  storage.RaftStorage (RaftStorageImpl.java:format(89)) - Storage directory /home/runner/work/ozone/ozone/hadoop-ozone/integration-test/target/test-dir/MiniOzoneClusterImpl-0566475b-15f3-492a-9b28-f78457f271af/datanode-5/data/ratis/ce064907-5aa2-46cd-bdeb-ec3451d81b3e has been successfully formatted.
2021-10-28 01:50:35,181 [pool-671-thread-1] INFO  ratis.ContainerStateMachine (ContainerStateMachine.java:loadSnapshot(224)) - group-EC3451D81B3E: The snapshot info is null. Setting the last applied indexto:(t:0, i:~)
2021-10-28 01:50:35,182 [pool-671-thread-1] INFO  server.RaftServerConfigKeys (ConfUtils.java:logGet(44)) - raft.server.notification.no-leader.timeout = 300000ms (custom)
2021-10-28 01:50:35,182 [pool-671-thread-1] INFO  server.RaftServerConfigKeys (ConfUtils.java:logGet(44)) - raft.server.log.use.memory = false (default)
2021-10-28 01:50:35,182 [pool-671-thread-1] INFO  server.RaftServerConfigKeys (ConfUtils.java:logGet(44)) - raft.server.log.purge.gap = 1000000 (custom)
2021-10-28 01:50:35,182 [pool-671-thread-1] INFO  server.RaftServerConfigKeys (ConfUtils.java:logGet(44)) - raft.server.log.appender.buffer.byte-limit = 33554432 (custom)
2021-10-28 01:50:35,183 [pool-671-thread-1] INFO  server.RaftServerConfigKeys (ConfUtils.java:logGet(44)) - raft.server.log.segment.size.max = 1048576 (custom)
2021-10-28 01:50:35,184 [pool-671-thread-1] INFO  server.RaftServerConfigKeys (ConfUtils.java:logGet(44)) - raft.server.log.segment.cache.num.max = 2 (custom)
2021-10-28 01:50:35,184 [pool-671-thread-1] INFO  server.RaftServerConfigKeys (ConfUtils.java:logGet(44)) - raft.server.log.segment.cache.size.max = 200MB (=209715200) (default)
2021-10-28 01:50:35,184 [pool-671-thread-1] INFO  segmented.SegmentedRaftLogWorker (SegmentedRaftLogWorker.java:<init>(182)) - new 31d6ae09-1bf4-4ff4-9532-94f29ed1392e@group-EC3451D81B3E-SegmentedRaftLogWorker for RaftStorageImpl:Storage Directory /home/runner/work/ozone/ozone/hadoop-ozone/integration-test/target/test-dir/MiniOzoneClusterImpl-0566475b-15f3-492a-9b28-f78457f271af/datanode-5/data/ratis/ce064907-5aa2-46cd-bdeb-ec3451d81b3e
2021-10-28 01:50:35,184 [pool-671-thread-1] INFO  server.RaftServerConfigKeys (ConfUtils.java:logGet(44)) - raft.server.log.queue.byte-limit = 2147483647 (custom)
2021-10-28 01:50:35,184 [pool-671-thread-1] INFO  server.RaftServerConfigKeys (ConfUtils.java:logGet(44)) - raft.server.log.queue.element-limit = 1024 (custom)
2021-10-28 01:50:35,184 [pool-671-thread-1] INFO  server.RaftServerConfigKeys (ConfUtils.java:logGet(44)) - raft.server.log.segment.size.max = 1048576 (custom)
2021-10-28 01:50:35,185 [pool-671-thread-1] INFO  server.RaftServerConfigKeys (ConfUtils.java:logGet(44)) - raft.server.log.preallocated.size = 16384 (custom)
2021-10-28 01:50:35,185 [pool-671-thread-1] INFO  server.RaftServerConfigKeys (ConfUtils.java:logGet(44)) - raft.server.log.force.sync.num = 128 (default)
2021-10-28 01:50:35,185 [pool-671-thread-1] INFO  server.RaftServerConfigKeys (ConfUtils.java:logGet(44)) - raft.server.log.statemachine.data.sync = true (default)
2021-10-28 01:50:35,185 [pool-671-thread-1] INFO  server.RaftServerConfigKeys (ConfUtils.java:logGet(44)) - raft.server.log.statemachine.data.sync.timeout = 10s (default)
2021-10-28 01:50:35,185 [pool-671-thread-1] INFO  server.RaftServerConfigKeys (ConfUtils.java:logGet(44)) - raft.server.log.statemachine.data.sync.timeout.retry = -1 (default)
2021-10-28 01:50:35,186 [pool-671-thread-1] INFO  server.RaftServerConfigKeys (ConfUtils.java:logGet(44)) - raft.server.log.write.buffer.size = 1048576 (custom)
2021-10-28 01:50:35,187 [pool-671-thread-1] INFO  server.RaftServerConfigKeys (ConfUtils.java:logGet(44)) - raft.server.log.statemachine.data.caching.enabled = true (custom)
2021-10-28 01:50:35,203 [pool-671-thread-1] INFO  segmented.SegmentedRaftLogWorker (SegmentedRaftLogWorker.java:lambda$new$0(133)) - 31d6ae09-1bf4-4ff4-9532-94f29ed1392e@group-EC3451D81B3E-SegmentedRaftLogWorker: flushIndex: setUnconditionally 0 -> -1
2021-10-28 01:50:35,203 [pool-671-thread-1] INFO  segmented.SegmentedRaftLogWorker (SegmentedRaftLogWorker.java:lambda$new$0(133)) - 31d6ae09-1bf4-4ff4-9532-94f29ed1392e@group-EC3451D81B3E-SegmentedRaftLogWorker: safeCacheEvictIndex: setUnconditionally 0 -> -1
2021-10-28 01:50:35,216 [pool-671-thread-1] INFO  server.RaftServerConfigKeys (ConfUtils.java:logGet(44)) - raft.server.snapshot.auto.trigger.enabled = true (custom)
2021-10-28 01:50:35,217 [pool-671-thread-1] INFO  server.RaftServerConfigKeys (ConfUtils.java:logGet(44)) - raft.server.snapshot.auto.trigger.threshold = 10000 (custom)
2021-10-28 01:50:35,217 [pool-671-thread-1] INFO  server.RaftServerConfigKeys (ConfUtils.java:logGet(44)) - raft.server.snapshot.retention.file.num = 5 (custom)
2021-10-28 01:50:35,217 [pool-671-thread-1] INFO  server.RaftServerConfigKeys (ConfUtils.java:logGet(44)) - raft.server.log.purge.upto.snapshot.index = false (default)
2021-10-28 01:50:35,217 [pool-671-thread-1] INFO  server.RaftServerConfigKeys (ConfUtils.java:logGet(44)) - raft.server.retrycache.expirytime = 600000ms (custom)
2021-10-28 01:50:35,217 [pool-671-thread-1] INFO  server.RaftServerConfigKeys (ConfUtils.java:logGet(44)) - raft.server.retrycache.statistics.expirytime = 100μs (default)
2021-10-28 01:50:35,218 [pool-671-thread-1] INFO  server.RaftServer$Division (RaftServerImpl.java:start(301)) - 31d6ae09-1bf4-4ff4-9532-94f29ed1392e@group-EC3451D81B3E: start as a follower, conf=-1: [850b4870-9ae5-4bfa-bbd2-f1f242dff33d|rpc:10.1.0.29:35637|priority:0, 31d6ae09-1bf4-4ff4-9532-94f29ed1392e|rpc:10.1.0.29:44047|priority:1, 43ee2308-4bff-4c12-a476-7906f102dfb0|rpc:10.1.0.29:33053|priority:0], old=null
2021-10-28 01:50:35,219 [pool-671-thread-1] INFO  server.RaftServer$Division (RaftServerImpl.java:setRole(290)) - 31d6ae09-1bf4-4ff4-9532-94f29ed1392e@group-EC3451D81B3E: changes role from      null to FOLLOWER at term 0 for startAsFollower
2021-10-28 01:50:35,219 [pool-671-thread-1] INFO  impl.RoleInfo (RoleInfo.java:updateAndGet(130)) - 31d6ae09-1bf4-4ff4-9532-94f29ed1392e: start 31d6ae09-1bf4-4ff4-9532-94f29ed1392e@group-EC3451D81B3E-FollowerState
2021-10-28 01:50:35,247 [pool-671-thread-1] INFO  util.JmxRegister (JmxRegister.java:tryRegister(44)) - Successfully registered JMX Bean with object name Ratis:service=RaftServer,group=group-EC3451D81B3E,id=31d6ae09-1bf4-4ff4-9532-94f29ed1392e
2021-10-28 01:50:35,251 [Command processor thread] INFO  ratis.XceiverServerRatis (XceiverServerRatis.java:addGroup(768)) - Created group PipelineID=ce064907-5aa2-46cd-bdeb-ec3451d81b3e
2021-10-28 01:50:35,259 [grpc-default-executor-1] INFO  server.RaftServer (RaftServerProxy.java:addNew(95)) - 850b4870-9ae5-4bfa-bbd2-f1f242dff33d: addNew group-EC3451D81B3E:[850b4870-9ae5-4bfa-bbd2-f1f242dff33d|rpc:10.1.0.29:35637|dataStream:|priority:0, 31d6ae09-1bf4-4ff4-9532-94f29ed1392e|rpc:10.1.0.29:44047|dataStream:|priority:1, 43ee2308-4bff-4c12-a476-7906f102dfb0|rpc:10.1.0.29:33053|dataStream:|priority:0] returns group-EC3451D81B3E:java.util.concurrent.CompletableFuture@3fe5d199[Not completed]
2021-10-28 01:50:35,260 [pool-562-thread-1] INFO  server.RaftServer$Division (RaftServerImpl.java:<init>(184)) - 850b4870-9ae5-4bfa-bbd2-f1f242dff33d: new RaftServerImpl for group-EC3451D81B3E:[850b4870-9ae5-4bfa-bbd2-f1f242dff33d|rpc:10.1.0.29:35637|dataStream:|priority:0, 31d6ae09-1bf4-4ff4-9532-94f29ed1392e|rpc:10.1.0.29:44047|dataStream:|priority:1, 43ee2308-4bff-4c12-a476-7906f102dfb0|rpc:10.1.0.29:33053|dataStream:|priority:0] with ContainerStateMachine:uninitialized
2021-10-28 01:50:35,260 [pool-562-thread-1] INFO  server.RaftServerConfigKeys (ConfUtils.java:logGet(44)) - raft.server.rpc.timeout.min = 5s (custom)
2021-10-28 01:50:35,260 [pool-562-thread-1] INFO  server.RaftServerConfigKeys (ConfUtils.java:logGet(44)) - raft.server.rpc.timeout.max = 5200ms (custom)
2021-10-28 01:50:35,260 [pool-562-thread-1] INFO  server.RaftServerConfigKeys (ConfUtils.java:logGet(44)) - raft.server.rpc.sleep.time = 25ms (default)
2021-10-28 01:50:35,260 [pool-562-thread-1] INFO  server.RaftServerConfigKeys (ConfUtils.java:logGet(44)) - raft.server.rpc.slowness.timeout = 300000ms (custom)
2021-10-28 01:50:35,260 [pool-562-thread-1] INFO  server.RaftServerConfigKeys (ConfUtils.java:logGet(44)) - raft.server.leaderelection.leader.step-down.wait-time = 10s (default)
2021-10-28 01:50:35,260 [pool-562-thread-1] INFO  server.RaftServerConfigKeys (ConfUtils.java:logGet(44)) - raft.server.sleep.deviation.threshold = 300ms (default)
2021-10-28 01:50:35,260 [pool-562-thread-1] INFO  server.RaftServerConfigKeys (ConfUtils.java:logGet(44)) - raft.server.log.appender.install.snapshot.enabled = false (custom)
2021-10-28 01:50:35,260 [pool-562-thread-1] INFO  server.RaftServer$Division (ServerState.java:<init>(105)) - 850b4870-9ae5-4bfa-bbd2-f1f242dff33d@group-EC3451D81B3E: ConfigurationManager, init=-1: [850b4870-9ae5-4bfa-bbd2-f1f242dff33d|rpc:10.1.0.29:35637|dataStream:|priority:0, 31d6ae09-1bf4-4ff4-9532-94f29ed1392e|rpc:10.1.0.29:44047|dataStream:|priority:1, 43ee2308-4bff-4c12-a476-7906f102dfb0|rpc:10.1.0.29:33053|dataStream:|priority:0], old=null, confs=<EMPTY_MAP>
2021-10-28 01:50:35,261 [pool-562-thread-1] INFO  server.RaftServerConfigKeys (ConfUtils.java:logGet(44)) - raft.server.storage.dir = [/home/runner/work/ozone/ozone/hadoop-ozone/integration-test/target/test-dir/MiniOzoneClusterImpl-0566475b-15f3-492a-9b28-f78457f271af/datanode-3/data/ratis] (custom)
2021-10-28 01:50:35,261 [pool-562-thread-1] INFO  server.RaftServerConfigKeys (ConfUtils.java:logGet(44)) - raft.server.log.corruption.policy = EXCEPTION (default)
2021-10-28 01:50:35,261 [pool-562-thread-1] INFO  server.RaftServerConfigKeys (ConfUtils.java:logGet(44)) - raft.server.storage.free-space.min = 0MB (=0) (default)
2021-10-28 01:50:35,261 [pool-562-thread-1] INFO  storage.RaftStorageDirectory (RaftStorageDirectoryImpl.java:analyzeStorage(135)) - The storage directory /home/runner/work/ozone/ozone/hadoop-ozone/integration-test/target/test-dir/MiniOzoneClusterImpl-0566475b-15f3-492a-9b28-f78457f271af/datanode-3/data/ratis/ce064907-5aa2-46cd-bdeb-ec3451d81b3e does not exist. Creating ...
2021-10-28 01:50:35,263 [pool-562-thread-1] INFO  storage.RaftStorageDirectory (RaftStorageDirectoryImpl.java:tryLock(230)) - Lock on /home/runner/work/ozone/ozone/hadoop-ozone/integration-test/target/test-dir/MiniOzoneClusterImpl-0566475b-15f3-492a-9b28-f78457f271af/datanode-3/data/ratis/ce064907-5aa2-46cd-bdeb-ec3451d81b3e/in_use.lock acquired by nodename 734@fv-az270-135
2021-10-28 01:50:35,264 [pool-562-thread-1] INFO  storage.RaftStorage (RaftStorageImpl.java:format(89)) - Storage directory /home/runner/work/ozone/ozone/hadoop-ozone/integration-test/target/test-dir/MiniOzoneClusterImpl-0566475b-15f3-492a-9b28-f78457f271af/datanode-3/data/ratis/ce064907-5aa2-46cd-bdeb-ec3451d81b3e has been successfully formatted.
2021-10-28 01:50:35,265 [pool-562-thread-1] INFO  ratis.ContainerStateMachine (ContainerStateMachine.java:loadSnapshot(224)) - group-EC3451D81B3E: The snapshot info is null. Setting the last applied indexto:(t:0, i:~)
2021-10-28 01:50:35,265 [pool-562-thread-1] INFO  server.RaftServerConfigKeys (ConfUtils.java:logGet(44)) - raft.server.notification.no-leader.timeout = 300000ms (custom)
2021-10-28 01:50:35,265 [pool-562-thread-1] INFO  server.RaftServerConfigKeys (ConfUtils.java:logGet(44)) - raft.server.log.use.memory = false (default)
2021-10-28 01:50:35,265 [pool-562-thread-1] INFO  server.RaftServerConfigKeys (ConfUtils.java:logGet(44)) - raft.server.log.purge.gap = 1000000 (custom)
2021-10-28 01:50:35,265 [pool-562-thread-1] INFO  server.RaftServerConfigKeys (ConfUtils.java:logGet(44)) - raft.server.log.appender.buffer.byte-limit = 33554432 (custom)
2021-10-28 01:50:35,265 [pool-562-thread-1] INFO  server.RaftServerConfigKeys (ConfUtils.java:logGet(44)) - raft.server.log.segment.size.max = 1048576 (custom)
2021-10-28 01:50:35,266 [pool-562-thread-1] INFO  server.RaftServerConfigKeys (ConfUtils.java:logGet(44)) - raft.server.log.segment.cache.num.max = 2 (custom)
2021-10-28 01:50:35,266 [pool-562-thread-1] INFO  server.RaftServerConfigKeys (ConfUtils.java:logGet(44)) - raft.server.log.segment.cache.size.max = 200MB (=209715200) (default)
2021-10-28 01:50:35,266 [pool-562-thread-1] INFO  segmented.SegmentedRaftLogWorker (SegmentedRaftLogWorker.java:<init>(182)) - new 850b4870-9ae5-4bfa-bbd2-f1f242dff33d@group-EC3451D81B3E-SegmentedRaftLogWorker for RaftStorageImpl:Storage Directory /home/runner/work/ozone/ozone/hadoop-ozone/integration-test/target/test-dir/MiniOzoneClusterImpl-0566475b-15f3-492a-9b28-f78457f271af/datanode-3/data/ratis/ce064907-5aa2-46cd-bdeb-ec3451d81b3e
2021-10-28 01:50:35,266 [pool-562-thread-1] INFO  server.RaftServerConfigKeys (ConfUtils.java:logGet(44)) - raft.server.log.queue.byte-limit = 2147483647 (custom)
2021-10-28 01:50:35,266 [pool-562-thread-1] INFO  server.RaftServerConfigKeys (ConfUtils.java:logGet(44)) - raft.server.log.queue.element-limit = 1024 (custom)
2021-10-28 01:50:35,266 [pool-562-thread-1] INFO  server.RaftServerConfigKeys (ConfUtils.java:logGet(44)) - raft.server.log.segment.size.max = 1048576 (custom)
2021-10-28 01:50:35,266 [pool-562-thread-1] INFO  server.RaftServerConfigKeys (ConfUtils.java:logGet(44)) - raft.server.log.preallocated.size = 16384 (custom)
2021-10-28 01:50:35,266 [pool-562-thread-1] INFO  server.RaftServerConfigKeys (ConfUtils.java:logGet(44)) - raft.server.log.force.sync.num = 128 (default)
2021-10-28 01:50:35,266 [pool-562-thread-1] INFO  server.RaftServerConfigKeys (ConfUtils.java:logGet(44)) - raft.server.log.statemachine.data.sync = true (default)
2021-10-28 01:50:35,266 [pool-562-thread-1] INFO  server.RaftServerConfigKeys (ConfUtils.java:logGet(44)) - raft.server.log.statemachine.data.sync.timeout = 10s (default)
2021-10-28 01:50:35,266 [pool-562-thread-1] INFO  server.RaftServerConfigKeys (ConfUtils.java:logGet(44)) - raft.server.log.statemachine.data.sync.timeout.retry = -1 (default)
2021-10-28 01:50:35,268 [pool-562-thread-1] INFO  server.RaftServerConfigKeys (ConfUtils.java:logGet(44)) - raft.server.log.write.buffer.size = 1048576 (custom)
2021-10-28 01:50:35,269 [pool-562-thread-1] INFO  server.RaftServerConfigKeys (ConfUtils.java:logGet(44)) - raft.server.log.statemachine.data.caching.enabled = true (custom)
2021-10-28 01:50:35,269 [pool-562-thread-1] INFO  segmented.SegmentedRaftLogWorker (SegmentedRaftLogWorker.java:lambda$new$0(133)) - 850b4870-9ae5-4bfa-bbd2-f1f242dff33d@group-EC3451D81B3E-SegmentedRaftLogWorker: flushIndex: setUnconditionally 0 -> -1
2021-10-28 01:50:35,269 [pool-562-thread-1] INFO  segmented.SegmentedRaftLogWorker (SegmentedRaftLogWorker.java:lambda$new$0(133)) - 850b4870-9ae5-4bfa-bbd2-f1f242dff33d@group-EC3451D81B3E-SegmentedRaftLogWorker: safeCacheEvictIndex: setUnconditionally 0 -> -1
2021-10-28 01:50:35,275 [pool-562-thread-1] INFO  server.RaftServerConfigKeys (ConfUtils.java:logGet(44)) - raft.server.snapshot.auto.trigger.enabled = true (custom)
2021-10-28 01:50:35,275 [pool-562-thread-1] INFO  server.RaftServerConfigKeys (ConfUtils.java:logGet(44)) - raft.server.snapshot.auto.trigger.threshold = 10000 (custom)
2021-10-28 01:50:35,275 [pool-562-thread-1] INFO  server.RaftServerConfigKeys (ConfUtils.java:logGet(44)) - raft.server.snapshot.retention.file.num = 5 (custom)
2021-10-28 01:50:35,275 [pool-562-thread-1] INFO  server.RaftServerConfigKeys (ConfUtils.java:logGet(44)) - raft.server.log.purge.upto.snapshot.index = false (default)
2021-10-28 01:50:35,275 [pool-562-thread-1] INFO  server.RaftServerConfigKeys (ConfUtils.java:logGet(44)) - raft.server.retrycache.expirytime = 600000ms (custom)
2021-10-28 01:50:35,275 [pool-562-thread-1] INFO  server.RaftServerConfigKeys (ConfUtils.java:logGet(44)) - raft.server.retrycache.statistics.expirytime = 100μs (default)
2021-10-28 01:50:35,277 [pool-562-thread-1] INFO  server.RaftServer$Division (RaftServerImpl.java:start(301)) - 850b4870-9ae5-4bfa-bbd2-f1f242dff33d@group-EC3451D81B3E: start as a follower, conf=-1: [850b4870-9ae5-4bfa-bbd2-f1f242dff33d|rpc:10.1.0.29:35637|dataStream:|priority:0, 31d6ae09-1bf4-4ff4-9532-94f29ed1392e|rpc:10.1.0.29:44047|dataStream:|priority:1, 43ee2308-4bff-4c12-a476-7906f102dfb0|rpc:10.1.0.29:33053|dataStream:|priority:0], old=null
2021-10-28 01:50:35,277 [pool-562-thread-1] INFO  server.RaftServer$Division (RaftServerImpl.java:setRole(290)) - 850b4870-9ae5-4bfa-bbd2-f1f242dff33d@group-EC3451D81B3E: changes role from      null to FOLLOWER at term 0 for startAsFollower
2021-10-28 01:50:35,277 [pool-562-thread-1] INFO  impl.RoleInfo (RoleInfo.java:updateAndGet(130)) - 850b4870-9ae5-4bfa-bbd2-f1f242dff33d: start 850b4870-9ae5-4bfa-bbd2-f1f242dff33d@group-EC3451D81B3E-FollowerState
2021-10-28 01:50:35,287 [pool-562-thread-1] INFO  util.JmxRegister (JmxRegister.java:tryRegister(44)) - Successfully registered JMX Bean with object name Ratis:service=RaftServer,group=group-EC3451D81B3E,id=850b4870-9ae5-4bfa-bbd2-f1f242dff33d
2021-10-28 01:50:35,395 [grpc-default-executor-1] INFO  server.RaftServer (RaftServerProxy.java:addNew(95)) - 43ee2308-4bff-4c12-a476-7906f102dfb0: addNew group-EC3451D81B3E:[850b4870-9ae5-4bfa-bbd2-f1f242dff33d|rpc:10.1.0.29:35637|dataStream:|priority:0, 31d6ae09-1bf4-4ff4-9532-94f29ed1392e|rpc:10.1.0.29:44047|dataStream:|priority:1, 43ee2308-4bff-4c12-a476-7906f102dfb0|rpc:10.1.0.29:33053|dataStream:|priority:0] returns group-EC3451D81B3E:java.util.concurrent.CompletableFuture@1cc9941[Not completed]
2021-10-28 01:50:35,396 [pool-581-thread-1] INFO  server.RaftServer$Division (RaftServerImpl.java:<init>(184)) - 43ee2308-4bff-4c12-a476-7906f102dfb0: new RaftServerImpl for group-EC3451D81B3E:[850b4870-9ae5-4bfa-bbd2-f1f242dff33d|rpc:10.1.0.29:35637|dataStream:|priority:0, 31d6ae09-1bf4-4ff4-9532-94f29ed1392e|rpc:10.1.0.29:44047|dataStream:|priority:1, 43ee2308-4bff-4c12-a476-7906f102dfb0|rpc:10.1.0.29:33053|dataStream:|priority:0] with ContainerStateMachine:uninitialized
2021-10-28 01:50:35,396 [pool-581-thread-1] INFO  server.RaftServerConfigKeys (ConfUtils.java:logGet(44)) - raft.server.rpc.timeout.min = 5s (custom)
2021-10-28 01:50:35,396 [pool-581-thread-1] INFO  server.RaftServerConfigKeys (ConfUtils.java:logGet(44)) - raft.server.rpc.timeout.max = 5200ms (custom)
2021-10-28 01:50:35,396 [pool-581-thread-1] INFO  server.RaftServerConfigKeys (ConfUtils.java:logGet(44)) - raft.server.rpc.sleep.time = 25ms (default)
2021-10-28 01:50:35,396 [pool-581-thread-1] INFO  server.RaftServerConfigKeys (ConfUtils.java:logGet(44)) - raft.server.rpc.slowness.timeout = 300000ms (custom)
2021-10-28 01:50:35,396 [pool-581-thread-1] INFO  server.RaftServerConfigKeys (ConfUtils.java:logGet(44)) - raft.server.leaderelection.leader.step-down.wait-time = 10s (default)
2021-10-28 01:50:35,396 [pool-581-thread-1] INFO  server.RaftServerConfigKeys (ConfUtils.java:logGet(44)) - raft.server.sleep.deviation.threshold = 300ms (default)
2021-10-28 01:50:35,396 [pool-581-thread-1] INFO  server.RaftServerConfigKeys (ConfUtils.java:logGet(44)) - raft.server.log.appender.install.snapshot.enabled = false (custom)
2021-10-28 01:50:35,396 [pool-581-thread-1] INFO  server.RaftServer$Division (ServerState.java:<init>(105)) - 43ee2308-4bff-4c12-a476-7906f102dfb0@group-EC3451D81B3E: ConfigurationManager, init=-1: [850b4870-9ae5-4bfa-bbd2-f1f242dff33d|rpc:10.1.0.29:35637|dataStream:|priority:0, 31d6ae09-1bf4-4ff4-9532-94f29ed1392e|rpc:10.1.0.29:44047|dataStream:|priority:1, 43ee2308-4bff-4c12-a476-7906f102dfb0|rpc:10.1.0.29:33053|dataStream:|priority:0], old=null, confs=<EMPTY_MAP>
2021-10-28 01:50:35,396 [pool-581-thread-1] INFO  server.RaftServerConfigKeys (ConfUtils.java:logGet(44)) - raft.server.storage.dir = [/home/runner/work/ozone/ozone/hadoop-ozone/integration-test/target/test-dir/MiniOzoneClusterImpl-0566475b-15f3-492a-9b28-f78457f271af/datanode-4/data/ratis] (custom)
2021-10-28 01:50:35,396 [pool-581-thread-1] INFO  server.RaftServerConfigKeys (ConfUtils.java:logGet(44)) - raft.server.log.corruption.policy = EXCEPTION (default)
2021-10-28 01:50:35,396 [pool-581-thread-1] INFO  server.RaftServerConfigKeys (ConfUtils.java:logGet(44)) - raft.server.storage.free-space.min = 0MB (=0) (default)
2021-10-28 01:50:35,396 [pool-581-thread-1] INFO  storage.RaftStorageDirectory (RaftStorageDirectoryImpl.java:analyzeStorage(135)) - The storage directory /home/runner/work/ozone/ozone/hadoop-ozone/integration-test/target/test-dir/MiniOzoneClusterImpl-0566475b-15f3-492a-9b28-f78457f271af/datanode-4/data/ratis/ce064907-5aa2-46cd-bdeb-ec3451d81b3e does not exist. Creating ...
2021-10-28 01:50:35,398 [pool-581-thread-1] INFO  storage.RaftStorageDirectory (RaftStorageDirectoryImpl.java:tryLock(230)) - Lock on /home/runner/work/ozone/ozone/hadoop-ozone/integration-test/target/test-dir/MiniOzoneClusterImpl-0566475b-15f3-492a-9b28-f78457f271af/datanode-4/data/ratis/ce064907-5aa2-46cd-bdeb-ec3451d81b3e/in_use.lock acquired by nodename 734@fv-az270-135
2021-10-28 01:50:35,399 [pool-581-thread-1] INFO  storage.RaftStorage (RaftStorageImpl.java:format(89)) - Storage directory /home/runner/work/ozone/ozone/hadoop-ozone/integration-test/target/test-dir/MiniOzoneClusterImpl-0566475b-15f3-492a-9b28-f78457f271af/datanode-4/data/ratis/ce064907-5aa2-46cd-bdeb-ec3451d81b3e has been successfully formatted.
2021-10-28 01:50:35,399 [pool-581-thread-1] INFO  ratis.ContainerStateMachine (ContainerStateMachine.java:loadSnapshot(224)) - group-EC3451D81B3E: The snapshot info is null. Setting the last applied indexto:(t:0, i:~)
2021-10-28 01:50:35,399 [pool-581-thread-1] INFO  server.RaftServerConfigKeys (ConfUtils.java:logGet(44)) - raft.server.notification.no-leader.timeout = 300000ms (custom)
2021-10-28 01:50:35,400 [pool-581-thread-1] INFO  server.RaftServerConfigKeys (ConfUtils.java:logGet(44)) - raft.server.log.use.memory = false (default)
2021-10-28 01:50:35,400 [pool-581-thread-1] INFO  server.RaftServerConfigKeys (ConfUtils.java:logGet(44)) - raft.server.log.purge.gap = 1000000 (custom)
2021-10-28 01:50:35,400 [pool-581-thread-1] INFO  server.RaftServerConfigKeys (ConfUtils.java:logGet(44)) - raft.server.log.appender.buffer.byte-limit = 33554432 (custom)
2021-10-28 01:50:35,400 [pool-581-thread-1] INFO  server.RaftServerConfigKeys (ConfUtils.java:logGet(44)) - raft.server.log.segment.size.max = 1048576 (custom)
2021-10-28 01:50:35,400 [pool-581-thread-1] INFO  server.RaftServerConfigKeys (ConfUtils.java:logGet(44)) - raft.server.log.segment.cache.num.max = 2 (custom)
2021-10-28 01:50:35,401 [pool-581-thread-1] INFO  server.RaftServerConfigKeys (ConfUtils.java:logGet(44)) - raft.server.log.segment.cache.size.max = 200MB (=209715200) (default)
2021-10-28 01:50:35,401 [pool-581-thread-1] INFO  segmented.SegmentedRaftLogWorker (SegmentedRaftLogWorker.java:<init>(182)) - new 43ee2308-4bff-4c12-a476-7906f102dfb0@group-EC3451D81B3E-SegmentedRaftLogWorker for RaftStorageImpl:Storage Directory /home/runner/work/ozone/ozone/hadoop-ozone/integration-test/target/test-dir/MiniOzoneClusterImpl-0566475b-15f3-492a-9b28-f78457f271af/datanode-4/data/ratis/ce064907-5aa2-46cd-bdeb-ec3451d81b3e
2021-10-28 01:50:35,401 [pool-581-thread-1] INFO  server.RaftServerConfigKeys (ConfUtils.java:logGet(44)) - raft.server.log.queue.byte-limit = 2147483647 (custom)
2021-10-28 01:50:35,401 [pool-581-thread-1] INFO  server.RaftServerConfigKeys (ConfUtils.java:logGet(44)) - raft.server.log.queue.element-limit = 1024 (custom)
2021-10-28 01:50:35,401 [pool-581-thread-1] INFO  server.RaftServerConfigKeys (ConfUtils.java:logGet(44)) - raft.server.log.segment.size.max = 1048576 (custom)
2021-10-28 01:50:35,401 [pool-581-thread-1] INFO  server.RaftServerConfigKeys (ConfUtils.java:logGet(44)) - raft.server.log.preallocated.size = 16384 (custom)
2021-10-28 01:50:35,401 [pool-581-thread-1] INFO  server.RaftServerConfigKeys (ConfUtils.java:logGet(44)) - raft.server.log.force.sync.num = 128 (default)
2021-10-28 01:50:35,401 [pool-581-thread-1] INFO  server.RaftServerConfigKeys (ConfUtils.java:logGet(44)) - raft.server.log.statemachine.data.sync = true (default)
2021-10-28 01:50:35,401 [pool-581-thread-1] INFO  server.RaftServerConfigKeys (ConfUtils.java:logGet(44)) - raft.server.log.statemachine.data.sync.timeout = 10s (default)
2021-10-28 01:50:35,401 [pool-581-thread-1] INFO  server.RaftServerConfigKeys (ConfUtils.java:logGet(44)) - raft.server.log.statemachine.data.sync.timeout.retry = -1 (default)
2021-10-28 01:50:35,402 [pool-581-thread-1] INFO  server.RaftServerConfigKeys (ConfUtils.java:logGet(44)) - raft.server.log.write.buffer.size = 1048576 (custom)
2021-10-28 01:50:35,402 [pool-581-thread-1] INFO  server.RaftServerConfigKeys (ConfUtils.java:logGet(44)) - raft.server.log.statemachine.data.caching.enabled = true (custom)
2021-10-28 01:50:35,403 [pool-581-thread-1] INFO  segmented.SegmentedRaftLogWorker (SegmentedRaftLogWorker.java:lambda$new$0(133)) - 43ee2308-4bff-4c12-a476-7906f102dfb0@group-EC3451D81B3E-SegmentedRaftLogWorker: flushIndex: setUnconditionally 0 -> -1
2021-10-28 01:50:35,403 [pool-581-thread-1] INFO  segmented.SegmentedRaftLogWorker (SegmentedRaftLogWorker.java:lambda$new$0(133)) - 43ee2308-4bff-4c12-a476-7906f102dfb0@group-EC3451D81B3E-SegmentedRaftLogWorker: safeCacheEvictIndex: setUnconditionally 0 -> -1
2021-10-28 01:50:35,411 [pool-581-thread-1] INFO  server.RaftServerConfigKeys (ConfUtils.java:logGet(44)) - raft.server.snapshot.auto.trigger.enabled = true (custom)
2021-10-28 01:50:35,411 [pool-581-thread-1] INFO  server.RaftServerConfigKeys (ConfUtils.java:logGet(44)) - raft.server.snapshot.auto.trigger.threshold = 10000 (custom)
2021-10-28 01:50:35,415 [pool-581-thread-1] INFO  server.RaftServerConfigKeys (ConfUtils.java:logGet(44)) - raft.server.snapshot.retention.file.num = 5 (custom)
2021-10-28 01:50:35,415 [pool-581-thread-1] INFO  server.RaftServerConfigKeys (ConfUtils.java:logGet(44)) - raft.server.log.purge.upto.snapshot.index = false (default)
2021-10-28 01:50:35,415 [pool-581-thread-1] INFO  server.RaftServerConfigKeys (ConfUtils.java:logGet(44)) - raft.server.retrycache.expirytime = 600000ms (custom)
2021-10-28 01:50:35,415 [pool-581-thread-1] INFO  server.RaftServerConfigKeys (ConfUtils.java:logGet(44)) - raft.server.retrycache.statistics.expirytime = 100μs (default)
2021-10-28 01:50:35,421 [pool-581-thread-1] INFO  server.RaftServer$Division (RaftServerImpl.java:start(301)) - 43ee2308-4bff-4c12-a476-7906f102dfb0@group-EC3451D81B3E: start as a follower, conf=-1: [850b4870-9ae5-4bfa-bbd2-f1f242dff33d|rpc:10.1.0.29:35637|dataStream:|priority:0, 31d6ae09-1bf4-4ff4-9532-94f29ed1392e|rpc:10.1.0.29:44047|dataStream:|priority:1, 43ee2308-4bff-4c12-a476-7906f102dfb0|rpc:10.1.0.29:33053|dataStream:|priority:0], old=null
2021-10-28 01:50:35,422 [pool-581-thread-1] INFO  server.RaftServer$Division (RaftServerImpl.java:setRole(290)) - 43ee2308-4bff-4c12-a476-7906f102dfb0@group-EC3451D81B3E: changes role from      null to FOLLOWER at term 0 for startAsFollower
2021-10-28 01:50:35,422 [pool-581-thread-1] INFO  impl.RoleInfo (RoleInfo.java:updateAndGet(130)) - 43ee2308-4bff-4c12-a476-7906f102dfb0: start 43ee2308-4bff-4c12-a476-7906f102dfb0@group-EC3451D81B3E-FollowerState
2021-10-28 01:50:35,431 [pool-581-thread-1] INFO  util.JmxRegister (JmxRegister.java:tryRegister(44)) - Successfully registered JMX Bean with object name Ratis:service=RaftServer,group=group-EC3451D81B3E,id=43ee2308-4bff-4c12-a476-7906f102dfb0
2021-10-28 01:50:35,455 [Command processor thread] INFO  commandhandler.CreatePipelineCommandHandler (CreatePipelineCommandHandler.java:handle(106)) - Created Pipeline RATIS THREE PipelineID=ce064907-5aa2-46cd-bdeb-ec3451d81b3e.
2021-10-28 01:50:35,983 [Command processor thread] INFO  server.RaftServer (RaftServerProxy.java:addNew(95)) - 850b4870-9ae5-4bfa-bbd2-f1f242dff33d: addNew group-28D3060BBD8C:[6d544018-2462-4d7b-9c06-1f628f7d4bb3|rpc:10.1.0.29:46225|priority:0, 850b4870-9ae5-4bfa-bbd2-f1f242dff33d|rpc:10.1.0.29:35637|priority:1, 43ee2308-4bff-4c12-a476-7906f102dfb0|rpc:10.1.0.29:33053|priority:0] returns group-28D3060BBD8C:java.util.concurrent.CompletableFuture@f8ee880[Not completed]
2021-10-28 01:50:35,985 [pool-562-thread-1] INFO  server.RaftServer$Division (RaftServerImpl.java:<init>(184)) - 850b4870-9ae5-4bfa-bbd2-f1f242dff33d: new RaftServerImpl for group-28D3060BBD8C:[6d544018-2462-4d7b-9c06-1f628f7d4bb3|rpc:10.1.0.29:46225|priority:0, 850b4870-9ae5-4bfa-bbd2-f1f242dff33d|rpc:10.1.0.29:35637|priority:1, 43ee2308-4bff-4c12-a476-7906f102dfb0|rpc:10.1.0.29:33053|priority:0] with ContainerStateMachine:uninitialized
2021-10-28 01:50:35,985 [pool-562-thread-1] INFO  server.RaftServerConfigKeys (ConfUtils.java:logGet(44)) - raft.server.rpc.timeout.min = 5s (custom)
2021-10-28 01:50:35,985 [pool-562-thread-1] INFO  server.RaftServerConfigKeys (ConfUtils.java:logGet(44)) - raft.server.rpc.timeout.max = 5200ms (custom)
2021-10-28 01:50:35,985 [pool-562-thread-1] INFO  server.RaftServerConfigKeys (ConfUtils.java:logGet(44)) - raft.server.rpc.sleep.time = 25ms (default)
2021-10-28 01:50:35,985 [pool-562-thread-1] INFO  server.RaftServerConfigKeys (ConfUtils.java:logGet(44)) - raft.server.rpc.slowness.timeout = 300000ms (custom)
2021-10-28 01:50:35,985 [pool-562-thread-1] INFO  server.RaftServerConfigKeys (ConfUtils.java:logGet(44)) - raft.server.leaderelection.leader.step-down.wait-time = 10s (default)
2021-10-28 01:50:35,985 [pool-562-thread-1] INFO  server.RaftServerConfigKeys (ConfUtils.java:logGet(44)) - raft.server.sleep.deviation.threshold = 300ms (default)
2021-10-28 01:50:35,985 [pool-562-thread-1] INFO  server.RaftServerConfigKeys (ConfUtils.java:logGet(44)) - raft.server.log.appender.install.snapshot.enabled = false (custom)
2021-10-28 01:50:35,985 [pool-562-thread-1] INFO  server.RaftServer$Division (ServerState.java:<init>(105)) - 850b4870-9ae5-4bfa-bbd2-f1f242dff33d@group-28D3060BBD8C: ConfigurationManager, init=-1: [6d544018-2462-4d7b-9c06-1f628f7d4bb3|rpc:10.1.0.29:46225|priority:0, 850b4870-9ae5-4bfa-bbd2-f1f242dff33d|rpc:10.1.0.29:35637|priority:1, 43ee2308-4bff-4c12-a476-7906f102dfb0|rpc:10.1.0.29:33053|priority:0], old=null, confs=<EMPTY_MAP>
2021-10-28 01:50:35,985 [pool-562-thread-1] INFO  server.RaftServerConfigKeys (ConfUtils.java:logGet(44)) - raft.server.storage.dir = [/home/runner/work/ozone/ozone/hadoop-ozone/integration-test/target/test-dir/MiniOzoneClusterImpl-0566475b-15f3-492a-9b28-f78457f271af/datanode-3/data/ratis] (custom)
2021-10-28 01:50:35,985 [pool-562-thread-1] INFO  server.RaftServerConfigKeys (ConfUtils.java:logGet(44)) - raft.server.log.corruption.policy = EXCEPTION (default)
2021-10-28 01:50:35,985 [pool-562-thread-1] INFO  server.RaftServerConfigKeys (ConfUtils.java:logGet(44)) - raft.server.storage.free-space.min = 0MB (=0) (default)
2021-10-28 01:50:35,986 [pool-562-thread-1] INFO  storage.RaftStorageDirectory (RaftStorageDirectoryImpl.java:analyzeStorage(135)) - The storage directory /home/runner/work/ozone/ozone/hadoop-ozone/integration-test/target/test-dir/MiniOzoneClusterImpl-0566475b-15f3-492a-9b28-f78457f271af/datanode-3/data/ratis/29aa6e73-0aa4-4063-ad5a-28d3060bbd8c does not exist. Creating ...
2021-10-28 01:50:36,007 [pool-562-thread-1] INFO  storage.RaftStorageDirectory (RaftStorageDirectoryImpl.java:tryLock(230)) - Lock on /home/runner/work/ozone/ozone/hadoop-ozone/integration-test/target/test-dir/MiniOzoneClusterImpl-0566475b-15f3-492a-9b28-f78457f271af/datanode-3/data/ratis/29aa6e73-0aa4-4063-ad5a-28d3060bbd8c/in_use.lock acquired by nodename 734@fv-az270-135
2021-10-28 01:50:36,068 [pool-562-thread-1] INFO  storage.RaftStorage (RaftStorageImpl.java:format(89)) - Storage directory /home/runner/work/ozone/ozone/hadoop-ozone/integration-test/target/test-dir/MiniOzoneClusterImpl-0566475b-15f3-492a-9b28-f78457f271af/datanode-3/data/ratis/29aa6e73-0aa4-4063-ad5a-28d3060bbd8c has been successfully formatted.
2021-10-28 01:50:36,068 [pool-562-thread-1] INFO  ratis.ContainerStateMachine (ContainerStateMachine.java:loadSnapshot(224)) - group-28D3060BBD8C: The snapshot info is null. Setting the last applied indexto:(t:0, i:~)
2021-10-28 01:50:36,068 [pool-562-thread-1] INFO  server.RaftServerConfigKeys (ConfUtils.java:logGet(44)) - raft.server.notification.no-leader.timeout = 300000ms (custom)
2021-10-28 01:50:36,068 [pool-562-thread-1] INFO  server.RaftServerConfigKeys (ConfUtils.java:logGet(44)) - raft.server.log.use.memory = false (default)
2021-10-28 01:50:36,068 [pool-562-thread-1] INFO  server.RaftServerConfigKeys (ConfUtils.java:logGet(44)) - raft.server.log.purge.gap = 1000000 (custom)
2021-10-28 01:50:36,069 [pool-562-thread-1] INFO  server.RaftServerConfigKeys (ConfUtils.java:logGet(44)) - raft.server.log.appender.buffer.byte-limit = 33554432 (custom)
2021-10-28 01:50:36,069 [pool-562-thread-1] INFO  server.RaftServerConfigKeys (ConfUtils.java:logGet(44)) - raft.server.log.segment.size.max = 1048576 (custom)
2021-10-28 01:50:36,069 [pool-562-thread-1] INFO  server.RaftServerConfigKeys (ConfUtils.java:logGet(44)) - raft.server.log.segment.cache.num.max = 2 (custom)
2021-10-28 01:50:36,069 [pool-562-thread-1] INFO  server.RaftServerConfigKeys (ConfUtils.java:logGet(44)) - raft.server.log.segment.cache.size.max = 200MB (=209715200) (default)
2021-10-28 01:50:36,069 [pool-562-thread-1] INFO  segmented.SegmentedRaftLogWorker (SegmentedRaftLogWorker.java:<init>(182)) - new 850b4870-9ae5-4bfa-bbd2-f1f242dff33d@group-28D3060BBD8C-SegmentedRaftLogWorker for RaftStorageImpl:Storage Directory /home/runner/work/ozone/ozone/hadoop-ozone/integration-test/target/test-dir/MiniOzoneClusterImpl-0566475b-15f3-492a-9b28-f78457f271af/datanode-3/data/ratis/29aa6e73-0aa4-4063-ad5a-28d3060bbd8c
2021-10-28 01:50:36,069 [pool-562-thread-1] INFO  server.RaftServerConfigKeys (ConfUtils.java:logGet(44)) - raft.server.log.queue.byte-limit = 2147483647 (custom)
2021-10-28 01:50:36,069 [pool-562-thread-1] INFO  server.RaftServerConfigKeys (ConfUtils.java:logGet(44)) - raft.server.log.queue.element-limit = 1024 (custom)
2021-10-28 01:50:36,069 [pool-562-thread-1] INFO  server.RaftServerConfigKeys (ConfUtils.java:logGet(44)) - raft.server.log.segment.size.max = 1048576 (custom)
2021-10-28 01:50:36,069 [pool-562-thread-1] INFO  server.RaftServerConfigKeys (ConfUtils.java:logGet(44)) - raft.server.log.preallocated.size = 16384 (custom)
2021-10-28 01:50:36,069 [pool-562-thread-1] INFO  server.RaftServerConfigKeys (ConfUtils.java:logGet(44)) - raft.server.log.force.sync.num = 128 (default)
2021-10-28 01:50:36,070 [pool-562-thread-1] INFO  server.RaftServerConfigKeys (ConfUtils.java:logGet(44)) - raft.server.log.statemachine.data.sync = true (default)
2021-10-28 01:50:36,070 [pool-562-thread-1] INFO  server.RaftServerConfigKeys (ConfUtils.java:logGet(44)) - raft.server.log.statemachine.data.sync.timeout = 10s (default)
2021-10-28 01:50:36,070 [pool-562-thread-1] INFO  server.RaftServerConfigKeys (ConfUtils.java:logGet(44)) - raft.server.log.statemachine.data.sync.timeout.retry = -1 (default)
2021-10-28 01:50:36,072 [pool-562-thread-1] INFO  server.RaftServerConfigKeys (ConfUtils.java:logGet(44)) - raft.server.log.write.buffer.size = 1048576 (custom)
2021-10-28 01:50:36,074 [pool-562-thread-1] INFO  server.RaftServerConfigKeys (ConfUtils.java:logGet(44)) - raft.server.log.statemachine.data.caching.enabled = true (custom)
2021-10-28 01:50:36,074 [pool-562-thread-1] INFO  segmented.SegmentedRaftLogWorker (SegmentedRaftLogWorker.java:lambda$new$0(133)) - 850b4870-9ae5-4bfa-bbd2-f1f242dff33d@group-28D3060BBD8C-SegmentedRaftLogWorker: flushIndex: setUnconditionally 0 -> -1
2021-10-28 01:50:36,074 [pool-562-thread-1] INFO  segmented.SegmentedRaftLogWorker (SegmentedRaftLogWorker.java:lambda$new$0(133)) - 850b4870-9ae5-4bfa-bbd2-f1f242dff33d@group-28D3060BBD8C-SegmentedRaftLogWorker: safeCacheEvictIndex: setUnconditionally 0 -> -1
2021-10-28 01:50:36,122 [Command processor thread] INFO  server.RaftServer (RaftServerProxy.java:addNew(95)) - 6d544018-2462-4d7b-9c06-1f628f7d4bb3: addNew group-28D3060BBD8C:[6d544018-2462-4d7b-9c06-1f628f7d4bb3|rpc:10.1.0.29:46225|priority:0, 850b4870-9ae5-4bfa-bbd2-f1f242dff33d|rpc:10.1.0.29:35637|priority:1, 43ee2308-4bff-4c12-a476-7906f102dfb0|rpc:10.1.0.29:33053|priority:0] returns group-28D3060BBD8C:java.util.concurrent.CompletableFuture@6c55846f[Not completed]
2021-10-28 01:50:36,122 [pool-562-thread-1] INFO  server.RaftServerConfigKeys (ConfUtils.java:logGet(44)) - raft.server.snapshot.auto.trigger.enabled = true (custom)
2021-10-28 01:50:36,143 [pool-562-thread-1] INFO  server.RaftServerConfigKeys (ConfUtils.java:logGet(44)) - raft.server.snapshot.auto.trigger.threshold = 10000 (custom)
2021-10-28 01:50:36,143 [pool-562-thread-1] INFO  server.RaftServerConfigKeys (ConfUtils.java:logGet(44)) - raft.server.snapshot.retention.file.num = 5 (custom)
2021-10-28 01:50:36,143 [pool-562-thread-1] INFO  server.RaftServerConfigKeys (ConfUtils.java:logGet(44)) - raft.server.log.purge.upto.snapshot.index = false (default)
2021-10-28 01:50:36,143 [pool-562-thread-1] INFO  server.RaftServerConfigKeys (ConfUtils.java:logGet(44)) - raft.server.retrycache.expirytime = 600000ms (custom)
2021-10-28 01:50:36,143 [pool-562-thread-1] INFO  server.RaftServerConfigKeys (ConfUtils.java:logGet(44)) - raft.server.retrycache.statistics.expirytime = 100μs (default)
2021-10-28 01:50:36,144 [pool-562-thread-1] INFO  server.RaftServer$Division (RaftServerImpl.java:start(301)) - 850b4870-9ae5-4bfa-bbd2-f1f242dff33d@group-28D3060BBD8C: start as a follower, conf=-1: [6d544018-2462-4d7b-9c06-1f628f7d4bb3|rpc:10.1.0.29:46225|priority:0, 850b4870-9ae5-4bfa-bbd2-f1f242dff33d|rpc:10.1.0.29:35637|priority:1, 43ee2308-4bff-4c12-a476-7906f102dfb0|rpc:10.1.0.29:33053|priority:0], old=null
2021-10-28 01:50:36,145 [pool-562-thread-1] INFO  server.RaftServer$Division (RaftServerImpl.java:setRole(290)) - 850b4870-9ae5-4bfa-bbd2-f1f242dff33d@group-28D3060BBD8C: changes role from      null to FOLLOWER at term 0 for startAsFollower
2021-10-28 01:50:36,145 [pool-562-thread-1] INFO  impl.RoleInfo (RoleInfo.java:updateAndGet(130)) - 850b4870-9ae5-4bfa-bbd2-f1f242dff33d: start 850b4870-9ae5-4bfa-bbd2-f1f242dff33d@group-28D3060BBD8C-FollowerState
2021-10-28 01:50:36,137 [pool-619-thread-1] INFO  server.RaftServer$Division (RaftServerImpl.java:<init>(184)) - 6d544018-2462-4d7b-9c06-1f628f7d4bb3: new RaftServerImpl for group-28D3060BBD8C:[6d544018-2462-4d7b-9c06-1f628f7d4bb3|rpc:10.1.0.29:46225|priority:0, 850b4870-9ae5-4bfa-bbd2-f1f242dff33d|rpc:10.1.0.29:35637|priority:1, 43ee2308-4bff-4c12-a476-7906f102dfb0|rpc:10.1.0.29:33053|priority:0] with ContainerStateMachine:uninitialized
2021-10-28 01:50:36,145 [pool-619-thread-1] INFO  server.RaftServerConfigKeys (ConfUtils.java:logGet(44)) - raft.server.rpc.timeout.min = 5s (custom)
2021-10-28 01:50:36,145 [pool-619-thread-1] INFO  server.RaftServerConfigKeys (ConfUtils.java:logGet(44)) - raft.server.rpc.timeout.max = 5200ms (custom)
2021-10-28 01:50:36,145 [pool-619-thread-1] INFO  server.RaftServerConfigKeys (ConfUtils.java:logGet(44)) - raft.server.rpc.sleep.time = 25ms (default)
2021-10-28 01:50:36,145 [pool-619-thread-1] INFO  server.RaftServerConfigKeys (ConfUtils.java:logGet(44)) - raft.server.rpc.slowness.timeout = 300000ms (custom)
2021-10-28 01:50:36,145 [pool-619-thread-1] INFO  server.RaftServerConfigKeys (ConfUtils.java:logGet(44)) - raft.server.leaderelection.leader.step-down.wait-time = 10s (default)
2021-10-28 01:50:36,145 [pool-619-thread-1] INFO  server.RaftServerConfigKeys (ConfUtils.java:logGet(44)) - raft.server.sleep.deviation.threshold = 300ms (default)
2021-10-28 01:50:36,145 [pool-619-thread-1] INFO  server.RaftServerConfigKeys (ConfUtils.java:logGet(44)) - raft.server.log.appender.install.snapshot.enabled = false (custom)
2021-10-28 01:50:36,145 [pool-619-thread-1] INFO  server.RaftServer$Division (ServerState.java:<init>(105)) - 6d544018-2462-4d7b-9c06-1f628f7d4bb3@group-28D3060BBD8C: ConfigurationManager, init=-1: [6d544018-2462-4d7b-9c06-1f628f7d4bb3|rpc:10.1.0.29:46225|priority:0, 850b4870-9ae5-4bfa-bbd2-f1f242dff33d|rpc:10.1.0.29:35637|priority:1, 43ee2308-4bff-4c12-a476-7906f102dfb0|rpc:10.1.0.29:33053|priority:0], old=null, confs=<EMPTY_MAP>
2021-10-28 01:50:36,145 [pool-619-thread-1] INFO  server.RaftServerConfigKeys (ConfUtils.java:logGet(44)) - raft.server.storage.dir = [/home/runner/work/ozone/ozone/hadoop-ozone/integration-test/target/test-dir/MiniOzoneClusterImpl-0566475b-15f3-492a-9b28-f78457f271af/datanode-6/data/ratis] (custom)
2021-10-28 01:50:36,145 [pool-619-thread-1] INFO  server.RaftServerConfigKeys (ConfUtils.java:logGet(44)) - raft.server.log.corruption.policy = EXCEPTION (default)
2021-10-28 01:50:36,145 [pool-619-thread-1] INFO  server.RaftServerConfigKeys (ConfUtils.java:logGet(44)) - raft.server.storage.free-space.min = 0MB (=0) (default)
2021-10-28 01:50:36,145 [pool-619-thread-1] INFO  storage.RaftStorageDirectory (RaftStorageDirectoryImpl.java:analyzeStorage(135)) - The storage directory /home/runner/work/ozone/ozone/hadoop-ozone/integration-test/target/test-dir/MiniOzoneClusterImpl-0566475b-15f3-492a-9b28-f78457f271af/datanode-6/data/ratis/29aa6e73-0aa4-4063-ad5a-28d3060bbd8c does not exist. Creating ...
2021-10-28 01:50:36,146 [pool-619-thread-1] INFO  storage.RaftStorageDirectory (RaftStorageDirectoryImpl.java:tryLock(230)) - Lock on /home/runner/work/ozone/ozone/hadoop-ozone/integration-test/target/test-dir/MiniOzoneClusterImpl-0566475b-15f3-492a-9b28-f78457f271af/datanode-6/data/ratis/29aa6e73-0aa4-4063-ad5a-28d3060bbd8c/in_use.lock acquired by nodename 734@fv-az270-135
2021-10-28 01:50:36,148 [pool-619-thread-1] INFO  storage.RaftStorage (RaftStorageImpl.java:format(89)) - Storage directory /home/runner/work/ozone/ozone/hadoop-ozone/integration-test/target/test-dir/MiniOzoneClusterImpl-0566475b-15f3-492a-9b28-f78457f271af/datanode-6/data/ratis/29aa6e73-0aa4-4063-ad5a-28d3060bbd8c has been successfully formatted.
2021-10-28 01:50:36,155 [pool-562-thread-1] INFO  util.JmxRegister (JmxRegister.java:tryRegister(44)) - Successfully registered JMX Bean with object name Ratis:service=RaftServer,group=group-28D3060BBD8C,id=850b4870-9ae5-4bfa-bbd2-f1f242dff33d
2021-10-28 01:50:36,156 [Command processor thread] INFO  ratis.XceiverServerRatis (XceiverServerRatis.java:addGroup(768)) - Created group PipelineID=29aa6e73-0aa4-4063-ad5a-28d3060bbd8c
2021-10-28 01:50:36,159 [pool-619-thread-1] INFO  ratis.ContainerStateMachine (ContainerStateMachine.java:loadSnapshot(224)) - group-28D3060BBD8C: The snapshot info is null. Setting the last applied indexto:(t:0, i:~)
2021-10-28 01:50:36,159 [pool-619-thread-1] INFO  server.RaftServerConfigKeys (ConfUtils.java:logGet(44)) - raft.server.notification.no-leader.timeout = 300000ms (custom)
2021-10-28 01:50:36,159 [pool-619-thread-1] INFO  server.RaftServerConfigKeys (ConfUtils.java:logGet(44)) - raft.server.log.use.memory = false (default)
2021-10-28 01:50:36,159 [pool-619-thread-1] INFO  server.RaftServerConfigKeys (ConfUtils.java:logGet(44)) - raft.server.log.purge.gap = 1000000 (custom)
2021-10-28 01:50:36,159 [pool-619-thread-1] INFO  server.RaftServerConfigKeys (ConfUtils.java:logGet(44)) - raft.server.log.appender.buffer.byte-limit = 33554432 (custom)
2021-10-28 01:50:36,160 [pool-619-thread-1] INFO  server.RaftServerConfigKeys (ConfUtils.java:logGet(44)) - raft.server.log.segment.size.max = 1048576 (custom)
2021-10-28 01:50:36,160 [pool-619-thread-1] INFO  server.RaftServerConfigKeys (ConfUtils.java:logGet(44)) - raft.server.log.segment.cache.num.max = 2 (custom)
2021-10-28 01:50:36,160 [pool-619-thread-1] INFO  server.RaftServerConfigKeys (ConfUtils.java:logGet(44)) - raft.server.log.segment.cache.size.max = 200MB (=209715200) (default)
2021-10-28 01:50:36,160 [pool-619-thread-1] INFO  segmented.SegmentedRaftLogWorker (SegmentedRaftLogWorker.java:<init>(182)) - new 6d544018-2462-4d7b-9c06-1f628f7d4bb3@group-28D3060BBD8C-SegmentedRaftLogWorker for RaftStorageImpl:Storage Directory /home/runner/work/ozone/ozone/hadoop-ozone/integration-test/target/test-dir/MiniOzoneClusterImpl-0566475b-15f3-492a-9b28-f78457f271af/datanode-6/data/ratis/29aa6e73-0aa4-4063-ad5a-28d3060bbd8c
2021-10-28 01:50:36,160 [pool-619-thread-1] INFO  server.RaftServerConfigKeys (ConfUtils.java:logGet(44)) - raft.server.log.queue.byte-limit = 2147483647 (custom)
2021-10-28 01:50:36,160 [pool-619-thread-1] INFO  server.RaftServerConfigKeys (ConfUtils.java:logGet(44)) - raft.server.log.queue.element-limit = 1024 (custom)
2021-10-28 01:50:36,160 [pool-619-thread-1] INFO  server.RaftServerConfigKeys (ConfUtils.java:logGet(44)) - raft.server.log.segment.size.max = 1048576 (custom)
2021-10-28 01:50:36,160 [pool-619-thread-1] INFO  server.RaftServerConfigKeys (ConfUtils.java:logGet(44)) - raft.server.log.preallocated.size = 16384 (custom)
2021-10-28 01:50:36,160 [pool-619-thread-1] INFO  server.RaftServerConfigKeys (ConfUtils.java:logGet(44)) - raft.server.log.force.sync.num = 128 (default)
2021-10-28 01:50:36,160 [pool-619-thread-1] INFO  server.RaftServerConfigKeys (ConfUtils.java:logGet(44)) - raft.server.log.statemachine.data.sync = true (default)
2021-10-28 01:50:36,160 [pool-619-thread-1] INFO  server.RaftServerConfigKeys (ConfUtils.java:logGet(44)) - raft.server.log.statemachine.data.sync.timeout = 10s (default)
2021-10-28 01:50:36,160 [pool-619-thread-1] INFO  server.RaftServerConfigKeys (ConfUtils.java:logGet(44)) - raft.server.log.statemachine.data.sync.timeout.retry = -1 (default)
2021-10-28 01:50:36,161 [pool-619-thread-1] INFO  server.RaftServerConfigKeys (ConfUtils.java:logGet(44)) - raft.server.log.write.buffer.size = 1048576 (custom)
2021-10-28 01:50:36,162 [pool-619-thread-1] INFO  server.RaftServerConfigKeys (ConfUtils.java:logGet(44)) - raft.server.log.statemachine.data.caching.enabled = true (custom)
2021-10-28 01:50:36,162 [pool-619-thread-1] INFO  segmented.SegmentedRaftLogWorker (SegmentedRaftLogWorker.java:lambda$new$0(133)) - 6d544018-2462-4d7b-9c06-1f628f7d4bb3@group-28D3060BBD8C-SegmentedRaftLogWorker: flushIndex: setUnconditionally 0 -> -1
2021-10-28 01:50:36,162 [pool-619-thread-1] INFO  segmented.SegmentedRaftLogWorker (SegmentedRaftLogWorker.java:lambda$new$0(133)) - 6d544018-2462-4d7b-9c06-1f628f7d4bb3@group-28D3060BBD8C-SegmentedRaftLogWorker: safeCacheEvictIndex: setUnconditionally 0 -> -1
2021-10-28 01:50:36,163 [pool-619-thread-1] INFO  server.RaftServerConfigKeys (ConfUtils.java:logGet(44)) - raft.server.snapshot.auto.trigger.enabled = true (custom)
2021-10-28 01:50:36,163 [pool-619-thread-1] INFO  server.RaftServerConfigKeys (ConfUtils.java:logGet(44)) - raft.server.snapshot.auto.trigger.threshold = 10000 (custom)
2021-10-28 01:50:36,163 [pool-619-thread-1] INFO  server.RaftServerConfigKeys (ConfUtils.java:logGet(44)) - raft.server.snapshot.retention.file.num = 5 (custom)
2021-10-28 01:50:36,163 [pool-619-thread-1] INFO  server.RaftServerConfigKeys (ConfUtils.java:logGet(44)) - raft.server.log.purge.upto.snapshot.index = false (default)
2021-10-28 01:50:36,163 [pool-619-thread-1] INFO  server.RaftServerConfigKeys (ConfUtils.java:logGet(44)) - raft.server.retrycache.expirytime = 600000ms (custom)
2021-10-28 01:50:36,163 [pool-619-thread-1] INFO  server.RaftServerConfigKeys (ConfUtils.java:logGet(44)) - raft.server.retrycache.statistics.expirytime = 100μs (default)
2021-10-28 01:50:36,164 [pool-619-thread-1] INFO  server.RaftServer$Division (RaftServerImpl.java:start(301)) - 6d544018-2462-4d7b-9c06-1f628f7d4bb3@group-28D3060BBD8C: start as a follower, conf=-1: [6d544018-2462-4d7b-9c06-1f628f7d4bb3|rpc:10.1.0.29:46225|priority:0, 850b4870-9ae5-4bfa-bbd2-f1f242dff33d|rpc:10.1.0.29:35637|priority:1, 43ee2308-4bff-4c12-a476-7906f102dfb0|rpc:10.1.0.29:33053|priority:0], old=null
2021-10-28 01:50:36,164 [pool-619-thread-1] INFO  server.RaftServer$Division (RaftServerImpl.java:setRole(290)) - 6d544018-2462-4d7b-9c06-1f628f7d4bb3@group-28D3060BBD8C: changes role from      null to FOLLOWER at term 0 for startAsFollower
2021-10-28 01:50:36,164 [pool-619-thread-1] INFO  impl.RoleInfo (RoleInfo.java:updateAndGet(130)) - 6d544018-2462-4d7b-9c06-1f628f7d4bb3: start 6d544018-2462-4d7b-9c06-1f628f7d4bb3@group-28D3060BBD8C-FollowerState
2021-10-28 01:50:36,165 [pool-619-thread-1] INFO  util.JmxRegister (JmxRegister.java:tryRegister(44)) - Successfully registered JMX Bean with object name Ratis:service=RaftServer,group=group-28D3060BBD8C,id=6d544018-2462-4d7b-9c06-1f628f7d4bb3
2021-10-28 01:50:36,167 [Command processor thread] INFO  ratis.XceiverServerRatis (XceiverServerRatis.java:addGroup(768)) - Created group PipelineID=29aa6e73-0aa4-4063-ad5a-28d3060bbd8c
2021-10-28 01:50:36,365 [grpc-default-executor-3] INFO  server.RaftServer (RaftServerProxy.java:addNew(95)) - 43ee2308-4bff-4c12-a476-7906f102dfb0: addNew group-28D3060BBD8C:[6d544018-2462-4d7b-9c06-1f628f7d4bb3|rpc:10.1.0.29:46225|dataStream:|priority:0, 850b4870-9ae5-4bfa-bbd2-f1f242dff33d|rpc:10.1.0.29:35637|dataStream:|priority:1, 43ee2308-4bff-4c12-a476-7906f102dfb0|rpc:10.1.0.29:33053|dataStream:|priority:0] returns group-28D3060BBD8C:java.util.concurrent.CompletableFuture@2b073156[Not completed]
2021-10-28 01:50:36,366 [pool-581-thread-1] INFO  server.RaftServer$Division (RaftServerImpl.java:<init>(184)) - 43ee2308-4bff-4c12-a476-7906f102dfb0: new RaftServerImpl for group-28D3060BBD8C:[6d544018-2462-4d7b-9c06-1f628f7d4bb3|rpc:10.1.0.29:46225|dataStream:|priority:0, 850b4870-9ae5-4bfa-bbd2-f1f242dff33d|rpc:10.1.0.29:35637|dataStream:|priority:1, 43ee2308-4bff-4c12-a476-7906f102dfb0|rpc:10.1.0.29:33053|dataStream:|priority:0] with ContainerStateMachine:uninitialized
2021-10-28 01:50:36,366 [pool-581-thread-1] INFO  server.RaftServerConfigKeys (ConfUtils.java:logGet(44)) - raft.server.rpc.timeout.min = 5s (custom)
2021-10-28 01:50:36,366 [pool-581-thread-1] INFO  server.RaftServerConfigKeys (ConfUtils.java:logGet(44)) - raft.server.rpc.timeout.max = 5200ms (custom)
2021-10-28 01:50:36,366 [pool-581-thread-1] INFO  server.RaftServerConfigKeys (ConfUtils.java:logGet(44)) - raft.server.rpc.sleep.time = 25ms (default)
2021-10-28 01:50:36,366 [pool-581-thread-1] INFO  server.RaftServerConfigKeys (ConfUtils.java:logGet(44)) - raft.server.rpc.slowness.timeout = 300000ms (custom)
2021-10-28 01:50:36,366 [pool-581-thread-1] INFO  server.RaftServerConfigKeys (ConfUtils.java:logGet(44)) - raft.server.leaderelection.leader.step-down.wait-time = 10s (default)
2021-10-28 01:50:36,366 [pool-581-thread-1] INFO  server.RaftServerConfigKeys (ConfUtils.java:logGet(44)) - raft.server.sleep.deviation.threshold = 300ms (default)
2021-10-28 01:50:36,366 [pool-581-thread-1] INFO  server.RaftServerConfigKeys (ConfUtils.java:logGet(44)) - raft.server.log.appender.install.snapshot.enabled = false (custom)
2021-10-28 01:50:36,367 [pool-581-thread-1] INFO  server.RaftServer$Division (ServerState.java:<init>(105)) - 43ee2308-4bff-4c12-a476-7906f102dfb0@group-28D3060BBD8C: ConfigurationManager, init=-1: [6d544018-2462-4d7b-9c06-1f628f7d4bb3|rpc:10.1.0.29:46225|dataStream:|priority:0, 850b4870-9ae5-4bfa-bbd2-f1f242dff33d|rpc:10.1.0.29:35637|dataStream:|priority:1, 43ee2308-4bff-4c12-a476-7906f102dfb0|rpc:10.1.0.29:33053|dataStream:|priority:0], old=null, confs=<EMPTY_MAP>
2021-10-28 01:50:36,367 [pool-581-thread-1] INFO  server.RaftServerConfigKeys (ConfUtils.java:logGet(44)) - raft.server.storage.dir = [/home/runner/work/ozone/ozone/hadoop-ozone/integration-test/target/test-dir/MiniOzoneClusterImpl-0566475b-15f3-492a-9b28-f78457f271af/datanode-4/data/ratis] (custom)
2021-10-28 01:50:36,367 [pool-581-thread-1] INFO  server.RaftServerConfigKeys (ConfUtils.java:logGet(44)) - raft.server.log.corruption.policy = EXCEPTION (default)
2021-10-28 01:50:36,367 [pool-581-thread-1] INFO  server.RaftServerConfigKeys (ConfUtils.java:logGet(44)) - raft.server.storage.free-space.min = 0MB (=0) (default)
2021-10-28 01:50:36,371 [pool-581-thread-1] INFO  storage.RaftStorageDirectory (RaftStorageDirectoryImpl.java:analyzeStorage(135)) - The storage directory /home/runner/work/ozone/ozone/hadoop-ozone/integration-test/target/test-dir/MiniOzoneClusterImpl-0566475b-15f3-492a-9b28-f78457f271af/datanode-4/data/ratis/29aa6e73-0aa4-4063-ad5a-28d3060bbd8c does not exist. Creating ...
2021-10-28 01:50:36,373 [pool-581-thread-1] INFO  storage.RaftStorageDirectory (RaftStorageDirectoryImpl.java:tryLock(230)) - Lock on /home/runner/work/ozone/ozone/hadoop-ozone/integration-test/target/test-dir/MiniOzoneClusterImpl-0566475b-15f3-492a-9b28-f78457f271af/datanode-4/data/ratis/29aa6e73-0aa4-4063-ad5a-28d3060bbd8c/in_use.lock acquired by nodename 734@fv-az270-135
2021-10-28 01:50:36,374 [pool-581-thread-1] INFO  storage.RaftStorage (RaftStorageImpl.java:format(89)) - Storage directory /home/runner/work/ozone/ozone/hadoop-ozone/integration-test/target/test-dir/MiniOzoneClusterImpl-0566475b-15f3-492a-9b28-f78457f271af/datanode-4/data/ratis/29aa6e73-0aa4-4063-ad5a-28d3060bbd8c has been successfully formatted.
2021-10-28 01:50:36,375 [pool-581-thread-1] INFO  ratis.ContainerStateMachine (ContainerStateMachine.java:loadSnapshot(224)) - group-28D3060BBD8C: The snapshot info is null. Setting the last applied indexto:(t:0, i:~)
2021-10-28 01:50:36,375 [pool-581-thread-1] INFO  server.RaftServerConfigKeys (ConfUtils.java:logGet(44)) - raft.server.notification.no-leader.timeout = 300000ms (custom)
2021-10-28 01:50:36,375 [pool-581-thread-1] INFO  server.RaftServerConfigKeys (ConfUtils.java:logGet(44)) - raft.server.log.use.memory = false (default)
2021-10-28 01:50:36,375 [pool-581-thread-1] INFO  server.RaftServerConfigKeys (ConfUtils.java:logGet(44)) - raft.server.log.purge.gap = 1000000 (custom)
2021-10-28 01:50:36,375 [pool-581-thread-1] INFO  server.RaftServerConfigKeys (ConfUtils.java:logGet(44)) - raft.server.log.appender.buffer.byte-limit = 33554432 (custom)
2021-10-28 01:50:36,375 [pool-581-thread-1] INFO  server.RaftServerConfigKeys (ConfUtils.java:logGet(44)) - raft.server.log.segment.size.max = 1048576 (custom)
2021-10-28 01:50:36,376 [pool-581-thread-1] INFO  server.RaftServerConfigKeys (ConfUtils.java:logGet(44)) - raft.server.log.segment.cache.num.max = 2 (custom)
2021-10-28 01:50:36,376 [pool-581-thread-1] INFO  server.RaftServerConfigKeys (ConfUtils.java:logGet(44)) - raft.server.log.segment.cache.size.max = 200MB (=209715200) (default)
2021-10-28 01:50:36,376 [pool-581-thread-1] INFO  segmented.SegmentedRaftLogWorker (SegmentedRaftLogWorker.java:<init>(182)) - new 43ee2308-4bff-4c12-a476-7906f102dfb0@group-28D3060BBD8C-SegmentedRaftLogWorker for RaftStorageImpl:Storage Directory /home/runner/work/ozone/ozone/hadoop-ozone/integration-test/target/test-dir/MiniOzoneClusterImpl-0566475b-15f3-492a-9b28-f78457f271af/datanode-4/data/ratis/29aa6e73-0aa4-4063-ad5a-28d3060bbd8c
2021-10-28 01:50:36,376 [pool-581-thread-1] INFO  server.RaftServerConfigKeys (ConfUtils.java:logGet(44)) - raft.server.log.queue.byte-limit = 2147483647 (custom)
2021-10-28 01:50:36,376 [pool-581-thread-1] INFO  server.RaftServerConfigKeys (ConfUtils.java:logGet(44)) - raft.server.log.queue.element-limit = 1024 (custom)
2021-10-28 01:50:36,376 [pool-581-thread-1] INFO  server.RaftServerConfigKeys (ConfUtils.java:logGet(44)) - raft.server.log.segment.size.max = 1048576 (custom)
2021-10-28 01:50:36,376 [pool-581-thread-1] INFO  server.RaftServerConfigKeys (ConfUtils.java:logGet(44)) - raft.server.log.preallocated.size = 16384 (custom)
2021-10-28 01:50:36,376 [pool-581-thread-1] INFO  server.RaftServerConfigKeys (ConfUtils.java:logGet(44)) - raft.server.log.force.sync.num = 128 (default)
2021-10-28 01:50:36,376 [pool-581-thread-1] INFO  server.RaftServerConfigKeys (ConfUtils.java:logGet(44)) - raft.server.log.statemachine.data.sync = true (default)
2021-10-28 01:50:36,376 [pool-581-thread-1] INFO  server.RaftServerConfigKeys (ConfUtils.java:logGet(44)) - raft.server.log.statemachine.data.sync.timeout = 10s (default)
2021-10-28 01:50:36,376 [pool-581-thread-1] INFO  server.RaftServerConfigKeys (ConfUtils.java:logGet(44)) - raft.server.log.statemachine.data.sync.timeout.retry = -1 (default)
2021-10-28 01:50:36,377 [pool-581-thread-1] INFO  server.RaftServerConfigKeys (ConfUtils.java:logGet(44)) - raft.server.log.write.buffer.size = 1048576 (custom)
2021-10-28 01:50:36,377 [pool-581-thread-1] INFO  server.RaftServerConfigKeys (ConfUtils.java:logGet(44)) - raft.server.log.statemachine.data.caching.enabled = true (custom)
2021-10-28 01:50:36,377 [pool-581-thread-1] INFO  segmented.SegmentedRaftLogWorker (SegmentedRaftLogWorker.java:lambda$new$0(133)) - 43ee2308-4bff-4c12-a476-7906f102dfb0@group-28D3060BBD8C-SegmentedRaftLogWorker: flushIndex: setUnconditionally 0 -> -1
2021-10-28 01:50:36,378 [pool-581-thread-1] INFO  segmented.SegmentedRaftLogWorker (SegmentedRaftLogWorker.java:lambda$new$0(133)) - 43ee2308-4bff-4c12-a476-7906f102dfb0@group-28D3060BBD8C-SegmentedRaftLogWorker: safeCacheEvictIndex: setUnconditionally 0 -> -1
2021-10-28 01:50:36,401 [pool-581-thread-1] INFO  server.RaftServerConfigKeys (ConfUtils.java:logGet(44)) - raft.server.snapshot.auto.trigger.enabled = true (custom)
2021-10-28 01:50:36,401 [pool-581-thread-1] INFO  server.RaftServerConfigKeys (ConfUtils.java:logGet(44)) - raft.server.snapshot.auto.trigger.threshold = 10000 (custom)
2021-10-28 01:50:36,401 [pool-581-thread-1] INFO  server.RaftServerConfigKeys (ConfUtils.java:logGet(44)) - raft.server.snapshot.retention.file.num = 5 (custom)
2021-10-28 01:50:36,401 [pool-581-thread-1] INFO  server.RaftServerConfigKeys (ConfUtils.java:logGet(44)) - raft.server.log.purge.upto.snapshot.index = false (default)
2021-10-28 01:50:36,401 [pool-581-thread-1] INFO  server.RaftServerConfigKeys (ConfUtils.java:logGet(44)) - raft.server.retrycache.expirytime = 600000ms (custom)
2021-10-28 01:50:36,401 [pool-581-thread-1] INFO  server.RaftServerConfigKeys (ConfUtils.java:logGet(44)) - raft.server.retrycache.statistics.expirytime = 100μs (default)
2021-10-28 01:50:36,403 [pool-581-thread-1] INFO  server.RaftServer$Division (RaftServerImpl.java:start(301)) - 43ee2308-4bff-4c12-a476-7906f102dfb0@group-28D3060BBD8C: start as a follower, conf=-1: [6d544018-2462-4d7b-9c06-1f628f7d4bb3|rpc:10.1.0.29:46225|dataStream:|priority:0, 850b4870-9ae5-4bfa-bbd2-f1f242dff33d|rpc:10.1.0.29:35637|dataStream:|priority:1, 43ee2308-4bff-4c12-a476-7906f102dfb0|rpc:10.1.0.29:33053|dataStream:|priority:0], old=null
2021-10-28 01:50:36,403 [pool-581-thread-1] INFO  server.RaftServer$Division (RaftServerImpl.java:setRole(290)) - 43ee2308-4bff-4c12-a476-7906f102dfb0@group-28D3060BBD8C: changes role from      null to FOLLOWER at term 0 for startAsFollower
2021-10-28 01:50:36,403 [pool-581-thread-1] INFO  impl.RoleInfo (RoleInfo.java:updateAndGet(130)) - 43ee2308-4bff-4c12-a476-7906f102dfb0: start 43ee2308-4bff-4c12-a476-7906f102dfb0@group-28D3060BBD8C-FollowerState
2021-10-28 01:50:36,421 [pool-581-thread-1] INFO  util.JmxRegister (JmxRegister.java:tryRegister(44)) - Successfully registered JMX Bean with object name Ratis:service=RaftServer,group=group-28D3060BBD8C,id=43ee2308-4bff-4c12-a476-7906f102dfb0
2021-10-28 01:50:36,477 [Command processor thread] INFO  commandhandler.CreatePipelineCommandHandler (CreatePipelineCommandHandler.java:handle(106)) - Created Pipeline RATIS THREE PipelineID=29aa6e73-0aa4-4063-ad5a-28d3060bbd8c.
2021-10-28 01:50:40,171 [Listener at 127.0.0.1/46475] INFO  ozoneimpl.OzoneContainer (OzoneContainer.java:stop(325)) - Attempting to stop container services.
2021-10-28 01:50:40,175 [ForkJoinPool.commonPool-worker-1] INFO  ozoneimpl.OzoneContainer (OzoneContainer.java:stop(325)) - Attempting to stop container services.
2021-10-28 01:50:40,175 [Listener at 127.0.0.1/46475] INFO  server.RaftServer (RaftServerProxy.java:lambda$close$6(391)) - 43ee2308-4bff-4c12-a476-7906f102dfb0: close
2021-10-28 01:50:40,175 [Listener at 127.0.0.1/46475] INFO  server.RaftServer$Division (RaftServerImpl.java:lambda$close$4(412)) - 43ee2308-4bff-4c12-a476-7906f102dfb0@group-28D3060BBD8C: shutdown
2021-10-28 01:50:40,176 [Listener at 127.0.0.1/46475] INFO  util.JmxRegister (JmxRegister.java:unregister(73)) - Successfully un-registered JMX Bean with object name Ratis:service=RaftServer,group=group-28D3060BBD8C,id=43ee2308-4bff-4c12-a476-7906f102dfb0
2021-10-28 01:50:40,176 [Listener at 127.0.0.1/46475] INFO  impl.RoleInfo (RoleInfo.java:shutdownFollowerState(108)) - 43ee2308-4bff-4c12-a476-7906f102dfb0: shutdown 43ee2308-4bff-4c12-a476-7906f102dfb0@group-28D3060BBD8C-FollowerState
2021-10-28 01:50:40,176 [ForkJoinPool.commonPool-worker-1] INFO  server.RaftServer (RaftServerProxy.java:lambda$close$6(391)) - 167d9434-a89e-4891-b1b1-bac4f9f29552: close
2021-10-28 01:50:40,176 [ForkJoinPool.commonPool-worker-1] INFO  server.RaftServer$Division (RaftServerImpl.java:lambda$close$4(412)) - 167d9434-a89e-4891-b1b1-bac4f9f29552@group-356A7E5A79F8: shutdown
2021-10-28 01:50:40,176 [ForkJoinPool.commonPool-worker-1] INFO  util.JmxRegister (JmxRegister.java:unregister(73)) - Successfully un-registered JMX Bean with object name Ratis:service=RaftServer,group=group-356A7E5A79F8,id=167d9434-a89e-4891-b1b1-bac4f9f29552
2021-10-28 01:50:40,176 [ForkJoinPool.commonPool-worker-1] INFO  impl.RoleInfo (RoleInfo.java:shutdownLeaderState(91)) - 167d9434-a89e-4891-b1b1-bac4f9f29552: shutdown 167d9434-a89e-4891-b1b1-bac4f9f29552@group-356A7E5A79F8-LeaderStateImpl
2021-10-28 01:50:40,176 [ForkJoinPool.commonPool-worker-1] INFO  impl.PendingRequests (PendingRequests.java:sendNotLeaderResponses(282)) - 167d9434-a89e-4891-b1b1-bac4f9f29552@group-356A7E5A79F8-PendingRequests: sendNotLeaderResponses
2021-10-28 01:50:40,177 [ForkJoinPool.commonPool-worker-1] INFO  impl.StateMachineUpdater (StateMachineUpdater.java:stopAndJoin(149)) - 167d9434-a89e-4891-b1b1-bac4f9f29552@group-356A7E5A79F8-StateMachineUpdater: set stopIndex = 0
2021-10-28 01:50:40,177 [43ee2308-4bff-4c12-a476-7906f102dfb0@group-28D3060BBD8C-FollowerState] INFO  impl.FollowerState (FollowerState.java:run(143)) - 43ee2308-4bff-4c12-a476-7906f102dfb0@group-28D3060BBD8C-FollowerState was interrupted: {}
java.lang.InterruptedException: sleep interrupted
	at java.lang.Thread.sleep(Native Method)
	at java.lang.Thread.sleep(Thread.java:340)
	at java.util.concurrent.TimeUnit.sleep(TimeUnit.java:386)
	at org.apache.ratis.util.TimeDuration.sleep(TimeDuration.java:324)
	at org.apache.ratis.util.TimeDuration.sleep(TimeDuration.java:309)
	at org.apache.ratis.server.impl.FollowerState.run(FollowerState.java:118)
2021-10-28 01:50:40,177 [167d9434-a89e-4891-b1b1-bac4f9f29552@group-356A7E5A79F8-StateMachineUpdater] INFO  ratis.ContainerStateMachine (ContainerStateMachine.java:takeSnapshot(292)) - group-356A7E5A79F8: Taking a snapshot at:(t:1, i:0) file /home/runner/work/ozone/ozone/hadoop-ozone/integration-test/target/test-dir/MiniOzoneClusterImpl-0566475b-15f3-492a-9b28-f78457f271af/datanode-1/data/ratis/2f4116b9-c803-4b24-85d7-356a7e5a79f8/sm/snapshot.1_0
2021-10-28 01:50:40,176 [Listener at 127.0.0.1/46475] INFO  impl.StateMachineUpdater (StateMachineUpdater.java:stopAndJoin(149)) - 43ee2308-4bff-4c12-a476-7906f102dfb0@group-28D3060BBD8C-StateMachineUpdater: set stopIndex = -1
2021-10-28 01:50:40,208 [Listener at 127.0.0.1/46475] INFO  server.RaftServer$Division (ServerState.java:close(419)) - 43ee2308-4bff-4c12-a476-7906f102dfb0@group-28D3060BBD8C: closes. applyIndex: -1
2021-10-28 01:50:40,208 [167d9434-a89e-4891-b1b1-bac4f9f29552@group-356A7E5A79F8-StateMachineUpdater] INFO  ratis.ContainerStateMachine (ContainerStateMachine.java:takeSnapshot(303)) - group-356A7E5A79F8: Finished taking a snapshot at:(t:1, i:0) file:/home/runner/work/ozone/ozone/hadoop-ozone/integration-test/target/test-dir/MiniOzoneClusterImpl-0566475b-15f3-492a-9b28-f78457f271af/datanode-1/data/ratis/2f4116b9-c803-4b24-85d7-356a7e5a79f8/sm/snapshot.1_0 took: 30 ms
2021-10-28 01:50:40,209 [167d9434-a89e-4891-b1b1-bac4f9f29552@group-356A7E5A79F8-StateMachineUpdater] INFO  impl.StateMachineUpdater (StateMachineUpdater.java:takeSnapshot(281)) - 167d9434-a89e-4891-b1b1-bac4f9f29552@group-356A7E5A79F8-StateMachineUpdater: Took a snapshot at index 0
2021-10-28 01:50:40,209 [167d9434-a89e-4891-b1b1-bac4f9f29552@group-356A7E5A79F8-StateMachineUpdater] INFO  impl.StateMachineUpdater (StateMachineUpdater.java:lambda$new$0(89)) - 167d9434-a89e-4891-b1b1-bac4f9f29552@group-356A7E5A79F8-StateMachineUpdater: snapshotIndex: updateIncreasingly -1 -> 0
2021-10-28 01:50:40,209 [ForkJoinPool.commonPool-worker-1] INFO  server.RaftServer$Division (ServerState.java:close(419)) - 167d9434-a89e-4891-b1b1-bac4f9f29552@group-356A7E5A79F8: closes. applyIndex: 0
2021-10-28 01:50:40,209 [167d9434-a89e-4891-b1b1-bac4f9f29552@group-356A7E5A79F8-SegmentedRaftLogWorker] INFO  segmented.SegmentedRaftLogWorker (SegmentedRaftLogWorker.java:run(327)) - 167d9434-a89e-4891-b1b1-bac4f9f29552@group-356A7E5A79F8-SegmentedRaftLogWorker was interrupted, exiting. There are 0 tasks remaining in the queue.
2021-10-28 01:50:40,209 [43ee2308-4bff-4c12-a476-7906f102dfb0@group-28D3060BBD8C-SegmentedRaftLogWorker] INFO  segmented.SegmentedRaftLogWorker (SegmentedRaftLogWorker.java:run(327)) - 43ee2308-4bff-4c12-a476-7906f102dfb0@group-28D3060BBD8C-SegmentedRaftLogWorker was interrupted, exiting. There are 0 tasks remaining in the queue.
2021-10-28 01:50:40,209 [31d6ae09-1bf4-4ff4-9532-94f29ed1392e@group-58A76E034B32-FollowerState] INFO  impl.FollowerState (FollowerState.java:run(134)) - 31d6ae09-1bf4-4ff4-9532-94f29ed1392e@group-58A76E034B32-FollowerState: change to CANDIDATE, lastRpcElapsedTime:5085615315ns, electionTimeout:5080ms
2021-10-28 01:50:40,210 [ForkJoinPool.commonPool-worker-1] INFO  segmented.SegmentedRaftLogWorker (SegmentedRaftLogWorker.java:close(237)) - 167d9434-a89e-4891-b1b1-bac4f9f29552@group-356A7E5A79F8-SegmentedRaftLogWorker close()
2021-10-28 01:50:40,210 [Listener at 127.0.0.1/46475] INFO  segmented.SegmentedRaftLogWorker (SegmentedRaftLogWorker.java:close(237)) - 43ee2308-4bff-4c12-a476-7906f102dfb0@group-28D3060BBD8C-SegmentedRaftLogWorker close()
2021-10-28 01:50:40,210 [31d6ae09-1bf4-4ff4-9532-94f29ed1392e@group-58A76E034B32-FollowerState] INFO  impl.RoleInfo (RoleInfo.java:shutdownFollowerState(108)) - 31d6ae09-1bf4-4ff4-9532-94f29ed1392e: shutdown 31d6ae09-1bf4-4ff4-9532-94f29ed1392e@group-58A76E034B32-FollowerState
2021-10-28 01:50:40,227 [31d6ae09-1bf4-4ff4-9532-94f29ed1392e@group-58A76E034B32-FollowerState] INFO  server.RaftServer$Division (RaftServerImpl.java:setRole(290)) - 31d6ae09-1bf4-4ff4-9532-94f29ed1392e@group-58A76E034B32: changes role from  FOLLOWER to CANDIDATE at term 0 for changeToCandidate
2021-10-28 01:50:40,227 [31d6ae09-1bf4-4ff4-9532-94f29ed1392e@group-58A76E034B32-FollowerState] INFO  server.RaftServerConfigKeys (ConfUtils.java:logGet(44)) - raft.server.leaderelection.pre-vote = false (custom)
2021-10-28 01:50:40,227 [31d6ae09-1bf4-4ff4-9532-94f29ed1392e@group-58A76E034B32-FollowerState] INFO  impl.RoleInfo (RoleInfo.java:updateAndGet(130)) - 31d6ae09-1bf4-4ff4-9532-94f29ed1392e: start 31d6ae09-1bf4-4ff4-9532-94f29ed1392e@group-58A76E034B32-LeaderElection79
2021-10-28 01:50:40,211 [ForkJoinPool.commonPool-worker-1] INFO  server.RaftServer$Division (RaftServerImpl.java:lambda$close$4(412)) - 167d9434-a89e-4891-b1b1-bac4f9f29552@group-7330C24FE1E2: shutdown
2021-10-28 01:50:40,227 [ForkJoinPool.commonPool-worker-1] INFO  util.JmxRegister (JmxRegister.java:unregister(73)) - Successfully un-registered JMX Bean with object name Ratis:service=RaftServer,group=group-7330C24FE1E2,id=167d9434-a89e-4891-b1b1-bac4f9f29552
2021-10-28 01:50:40,228 [ForkJoinPool.commonPool-worker-1] INFO  impl.RoleInfo (RoleInfo.java:shutdownLeaderState(91)) - 167d9434-a89e-4891-b1b1-bac4f9f29552: shutdown 167d9434-a89e-4891-b1b1-bac4f9f29552@group-7330C24FE1E2-LeaderStateImpl
2021-10-28 01:50:40,231 [grpc-default-executor-3] INFO  server.GrpcServerProtocolService (GrpcServerProtocolService.java:onCompleted(140)) - 253ef487-fc9a-46cf-a18f-fb890cfa9c45: Completed APPEND_ENTRIES, lastRequest: 167d9434-a89e-4891-b1b1-bac4f9f29552->253ef487-fc9a-46cf-a18f-fb890cfa9c45#1-t4,previous=(t:0, i:0),leaderCommit=-1,initializing? true,entries: size=1, first=(t:4, i:0), CONFIGURATIONENTRY
2021-10-28 01:50:40,232 [grpc-default-executor-1] INFO  server.GrpcLogAppender (GrpcLogAppender.java:onCompleted(346)) - 167d9434-a89e-4891-b1b1-bac4f9f29552@group-7330C24FE1E2->253ef487-fc9a-46cf-a18f-fb890cfa9c45-AppendLogResponseHandler: follower responses appendEntries COMPLETED
2021-10-28 01:50:40,232 [grpc-default-executor-1] INFO  leader.FollowerInfo (FollowerInfoImpl.java:lambda$new$0(47)) - 167d9434-a89e-4891-b1b1-bac4f9f29552@group-7330C24FE1E2->253ef487-fc9a-46cf-a18f-fb890cfa9c45: nextIndex: updateUnconditionally 1 -> 0
2021-10-28 01:50:40,244 [ForkJoinPool.commonPool-worker-1] INFO  impl.PendingRequests (PendingRequests.java:sendNotLeaderResponses(282)) - 167d9434-a89e-4891-b1b1-bac4f9f29552@group-7330C24FE1E2-PendingRequests: sendNotLeaderResponses
2021-10-28 01:50:40,245 [ForkJoinPool.commonPool-worker-1] INFO  impl.StateMachineUpdater (StateMachineUpdater.java:stopAndJoin(149)) - 167d9434-a89e-4891-b1b1-bac4f9f29552@group-7330C24FE1E2-StateMachineUpdater: set stopIndex = 0
2021-10-28 01:50:40,245 [167d9434-a89e-4891-b1b1-bac4f9f29552@group-7330C24FE1E2-StateMachineUpdater] INFO  ratis.ContainerStateMachine (ContainerStateMachine.java:takeSnapshot(292)) - group-7330C24FE1E2: Taking a snapshot at:(t:4, i:0) file /home/runner/work/ozone/ozone/hadoop-ozone/integration-test/target/test-dir/MiniOzoneClusterImpl-0566475b-15f3-492a-9b28-f78457f271af/datanode-1/data/ratis/1e12f81b-9515-4629-add1-7330c24fe1e2/sm/snapshot.4_0
2021-10-28 01:50:40,246 [Listener at 127.0.0.1/46475] INFO  server.RaftServer$Division (RaftServerImpl.java:lambda$close$4(412)) - 43ee2308-4bff-4c12-a476-7906f102dfb0@group-616A459D8117: shutdown
2021-10-28 01:50:40,246 [Listener at 127.0.0.1/46475] INFO  util.JmxRegister (JmxRegister.java:unregister(73)) - Successfully un-registered JMX Bean with object name Ratis:service=RaftServer,group=group-616A459D8117,id=43ee2308-4bff-4c12-a476-7906f102dfb0
2021-10-28 01:50:40,246 [Listener at 127.0.0.1/46475] INFO  impl.RoleInfo (RoleInfo.java:shutdownLeaderState(91)) - 43ee2308-4bff-4c12-a476-7906f102dfb0: shutdown 43ee2308-4bff-4c12-a476-7906f102dfb0@group-616A459D8117-LeaderStateImpl
2021-10-28 01:50:40,247 [Listener at 127.0.0.1/46475] INFO  impl.PendingRequests (PendingRequests.java:sendNotLeaderResponses(282)) - 43ee2308-4bff-4c12-a476-7906f102dfb0@group-616A459D8117-PendingRequests: sendNotLeaderResponses
2021-10-28 01:50:40,247 [Listener at 127.0.0.1/46475] INFO  impl.StateMachineUpdater (StateMachineUpdater.java:stopAndJoin(149)) - 43ee2308-4bff-4c12-a476-7906f102dfb0@group-616A459D8117-StateMachineUpdater: set stopIndex = 0
2021-10-28 01:50:40,248 [43ee2308-4bff-4c12-a476-7906f102dfb0@group-616A459D8117-StateMachineUpdater] INFO  ratis.ContainerStateMachine (ContainerStateMachine.java:takeSnapshot(292)) - group-616A459D8117: Taking a snapshot at:(t:1, i:0) file /home/runner/work/ozone/ozone/hadoop-ozone/integration-test/target/test-dir/MiniOzoneClusterImpl-0566475b-15f3-492a-9b28-f78457f271af/datanode-4/data/ratis/6051f0ed-a979-43e1-b3d7-616a459d8117/sm/snapshot.1_0
2021-10-28 01:50:40,249 [43ee2308-4bff-4c12-a476-7906f102dfb0@group-616A459D8117-StateMachineUpdater] INFO  ratis.ContainerStateMachine (ContainerStateMachine.java:takeSnapshot(303)) - group-616A459D8117: Finished taking a snapshot at:(t:1, i:0) file:/home/runner/work/ozone/ozone/hadoop-ozone/integration-test/target/test-dir/MiniOzoneClusterImpl-0566475b-15f3-492a-9b28-f78457f271af/datanode-4/data/ratis/6051f0ed-a979-43e1-b3d7-616a459d8117/sm/snapshot.1_0 took: 1 ms
2021-10-28 01:50:40,249 [43ee2308-4bff-4c12-a476-7906f102dfb0@group-616A459D8117-StateMachineUpdater] INFO  impl.StateMachineUpdater (StateMachineUpdater.java:takeSnapshot(281)) - 43ee2308-4bff-4c12-a476-7906f102dfb0@group-616A459D8117-StateMachineUpdater: Took a snapshot at index 0
2021-10-28 01:50:40,249 [43ee2308-4bff-4c12-a476-7906f102dfb0@group-616A459D8117-StateMachineUpdater] INFO  impl.StateMachineUpdater (StateMachineUpdater.java:lambda$new$0(89)) - 43ee2308-4bff-4c12-a476-7906f102dfb0@group-616A459D8117-StateMachineUpdater: snapshotIndex: updateIncreasingly -1 -> 0
2021-10-28 01:50:40,252 [Listener at 127.0.0.1/46475] INFO  server.RaftServer$Division (ServerState.java:close(419)) - 43ee2308-4bff-4c12-a476-7906f102dfb0@group-616A459D8117: closes. applyIndex: 0
2021-10-28 01:50:40,252 [43ee2308-4bff-4c12-a476-7906f102dfb0@group-616A459D8117-SegmentedRaftLogWorker] INFO  segmented.SegmentedRaftLogWorker (SegmentedRaftLogWorker.java:run(327)) - 43ee2308-4bff-4c12-a476-7906f102dfb0@group-616A459D8117-SegmentedRaftLogWorker was interrupted, exiting. There are 0 tasks remaining in the queue.
2021-10-28 01:50:40,253 [Listener at 127.0.0.1/46475] INFO  segmented.SegmentedRaftLogWorker (SegmentedRaftLogWorker.java:close(237)) - 43ee2308-4bff-4c12-a476-7906f102dfb0@group-616A459D8117-SegmentedRaftLogWorker close()
2021-10-28 01:50:40,272 [Listener at 127.0.0.1/46475] INFO  server.RaftServer$Division (RaftServerImpl.java:lambda$close$4(412)) - 43ee2308-4bff-4c12-a476-7906f102dfb0@group-EC3451D81B3E: shutdown
2021-10-28 01:50:40,272 [Listener at 127.0.0.1/46475] INFO  util.JmxRegister (JmxRegister.java:unregister(73)) - Successfully un-registered JMX Bean with object name Ratis:service=RaftServer,group=group-EC3451D81B3E,id=43ee2308-4bff-4c12-a476-7906f102dfb0
2021-10-28 01:50:40,272 [Listener at 127.0.0.1/46475] INFO  impl.RoleInfo (RoleInfo.java:shutdownFollowerState(108)) - 43ee2308-4bff-4c12-a476-7906f102dfb0: shutdown 43ee2308-4bff-4c12-a476-7906f102dfb0@group-EC3451D81B3E-FollowerState
2021-10-28 01:50:40,272 [Listener at 127.0.0.1/46475] INFO  impl.StateMachineUpdater (StateMachineUpdater.java:stopAndJoin(149)) - 43ee2308-4bff-4c12-a476-7906f102dfb0@group-EC3451D81B3E-StateMachineUpdater: set stopIndex = -1
2021-10-28 01:50:40,272 [43ee2308-4bff-4c12-a476-7906f102dfb0@group-EC3451D81B3E-FollowerState] INFO  impl.FollowerState (FollowerState.java:run(143)) - 43ee2308-4bff-4c12-a476-7906f102dfb0@group-EC3451D81B3E-FollowerState was interrupted: {}
java.lang.InterruptedException: sleep interrupted
	at java.lang.Thread.sleep(Native Method)
	at java.lang.Thread.sleep(Thread.java:340)
	at java.util.concurrent.TimeUnit.sleep(TimeUnit.java:386)
	at org.apache.ratis.util.TimeDuration.sleep(TimeDuration.java:324)
	at org.apache.ratis.util.TimeDuration.sleep(TimeDuration.java:309)
	at org.apache.ratis.server.impl.FollowerState.run(FollowerState.java:118)
2021-10-28 01:50:40,273 [Listener at 127.0.0.1/46475] INFO  server.RaftServer$Division (ServerState.java:close(419)) - 43ee2308-4bff-4c12-a476-7906f102dfb0@group-EC3451D81B3E: closes. applyIndex: -1
2021-10-28 01:50:40,273 [43ee2308-4bff-4c12-a476-7906f102dfb0@group-EC3451D81B3E-SegmentedRaftLogWorker] INFO  segmented.SegmentedRaftLogWorker (SegmentedRaftLogWorker.java:run(327)) - 43ee2308-4bff-4c12-a476-7906f102dfb0@group-EC3451D81B3E-SegmentedRaftLogWorker was interrupted, exiting. There are 0 tasks remaining in the queue.
2021-10-28 01:50:40,273 [Listener at 127.0.0.1/46475] INFO  segmented.SegmentedRaftLogWorker (SegmentedRaftLogWorker.java:close(237)) - 43ee2308-4bff-4c12-a476-7906f102dfb0@group-EC3451D81B3E-SegmentedRaftLogWorker close()
2021-10-28 01:50:40,293 [Listener at 127.0.0.1/46475] INFO  server.GrpcService (GrpcService.java:closeImpl(262)) - 43ee2308-4bff-4c12-a476-7906f102dfb0: shutdown server with port 33053 now
2021-10-28 01:50:40,294 [31d6ae09-1bf4-4ff4-9532-94f29ed1392e@group-58A76E034B32-LeaderElection79] INFO  impl.LeaderElection (LeaderElection.java:askForVotes(306)) - 31d6ae09-1bf4-4ff4-9532-94f29ed1392e@group-58A76E034B32-LeaderElection79 ELECTION round 0: submit vote requests at term 1 for -1: [31d6ae09-1bf4-4ff4-9532-94f29ed1392e|rpc:10.1.0.29:44047|priority:1], old=null
2021-10-28 01:50:40,294 [31d6ae09-1bf4-4ff4-9532-94f29ed1392e@group-58A76E034B32-LeaderElection79] INFO  impl.LeaderElection (LeaderElection.java:askForVotes(308)) - 31d6ae09-1bf4-4ff4-9532-94f29ed1392e@group-58A76E034B32-LeaderElection79 ELECTION round 0: result PASSED (term=1)
2021-10-28 01:50:40,294 [31d6ae09-1bf4-4ff4-9532-94f29ed1392e@group-58A76E034B32-LeaderElection79] INFO  impl.RoleInfo (RoleInfo.java:shutdownLeaderElection(121)) - 31d6ae09-1bf4-4ff4-9532-94f29ed1392e: shutdown 31d6ae09-1bf4-4ff4-9532-94f29ed1392e@group-58A76E034B32-LeaderElection79
2021-10-28 01:50:40,294 [31d6ae09-1bf4-4ff4-9532-94f29ed1392e@group-58A76E034B32-LeaderElection79] INFO  server.RaftServer$Division (RaftServerImpl.java:setRole(290)) - 31d6ae09-1bf4-4ff4-9532-94f29ed1392e@group-58A76E034B32: changes role from CANDIDATE to LEADER at term 1 for changeToLeader
2021-10-28 01:50:40,294 [31d6ae09-1bf4-4ff4-9532-94f29ed1392e@group-58A76E034B32-LeaderElection79] INFO  ratis.XceiverServerRatis (XceiverServerRatis.java:handleLeaderChangedNotification(866)) - Leader change notification received for group: group-58A76E034B32 with new leaderId: 31d6ae09-1bf4-4ff4-9532-94f29ed1392e
2021-10-28 01:50:40,294 [31d6ae09-1bf4-4ff4-9532-94f29ed1392e@group-58A76E034B32-LeaderElection79] INFO  server.RaftServer$Division (ServerState.java:setLeader(285)) - 31d6ae09-1bf4-4ff4-9532-94f29ed1392e@group-58A76E034B32: change Leader from null to 31d6ae09-1bf4-4ff4-9532-94f29ed1392e at term 1 for becomeLeader, leader elected after 5214ms
2021-10-28 01:50:40,295 [31d6ae09-1bf4-4ff4-9532-94f29ed1392e@group-58A76E034B32-LeaderElection79] INFO  server.RaftServerConfigKeys (ConfUtils.java:logGet(44)) - raft.server.staging.catchup.gap = 1000 (default)
2021-10-28 01:50:40,295 [31d6ae09-1bf4-4ff4-9532-94f29ed1392e@group-58A76E034B32-LeaderElection79] INFO  server.RaftServerConfigKeys (ConfUtils.java:logGet(44)) - raft.server.write.element-limit = 1024 (custom)
2021-10-28 01:50:40,295 [31d6ae09-1bf4-4ff4-9532-94f29ed1392e@group-58A76E034B32-LeaderElection79] INFO  server.RaftServerConfigKeys (ConfUtils.java:logGet(44)) - raft.server.write.byte-limit = 1024 M (=1073741824) (custom)
2021-10-28 01:50:40,295 [31d6ae09-1bf4-4ff4-9532-94f29ed1392e@group-58A76E034B32-LeaderElection79] INFO  server.RaftServerConfigKeys (ConfUtils.java:logGet(44)) - raft.server.watch.timeout = 3000ms (custom)
2021-10-28 01:50:40,295 [31d6ae09-1bf4-4ff4-9532-94f29ed1392e@group-58A76E034B32-LeaderElection79] INFO  server.RaftServerConfigKeys (ConfUtils.java:logGet(44)) - raft.server.watch.timeout.denomination = 1s (default)
2021-10-28 01:50:40,295 [31d6ae09-1bf4-4ff4-9532-94f29ed1392e@group-58A76E034B32-LeaderElection79] INFO  server.RaftServerConfigKeys (ConfUtils.java:logGet(44)) - raft.server.watch.element-limit = 65536 (default)
2021-10-28 01:50:40,295 [31d6ae09-1bf4-4ff4-9532-94f29ed1392e@group-58A76E034B32-LeaderElection79] INFO  server.RaftServerConfigKeys (ConfUtils.java:logGet(44)) - raft.server.write.element-limit = 1024 (custom)
2021-10-28 01:50:40,295 [31d6ae09-1bf4-4ff4-9532-94f29ed1392e@group-58A76E034B32-LeaderElection79] INFO  server.RaftServerConfigKeys (ConfUtils.java:logGet(44)) - raft.server.write.follower.gap.ratio.max = -1.0 (default)
2021-10-28 01:50:40,295 [31d6ae09-1bf4-4ff4-9532-94f29ed1392e@group-58A76E034B32-LeaderElection79] INFO  impl.RoleInfo (RoleInfo.java:updateAndGet(130)) - 31d6ae09-1bf4-4ff4-9532-94f29ed1392e: start 31d6ae09-1bf4-4ff4-9532-94f29ed1392e@group-58A76E034B32-LeaderStateImpl
2021-10-28 01:50:40,296 [31d6ae09-1bf4-4ff4-9532-94f29ed1392e@group-58A76E034B32-LeaderElection79] INFO  segmented.SegmentedRaftLogWorker (SegmentedRaftLogWorker.java:startLogSegment(394)) - 31d6ae09-1bf4-4ff4-9532-94f29ed1392e@group-58A76E034B32-SegmentedRaftLogWorker: Starting segment from index:0
2021-10-28 01:50:40,297 [167d9434-a89e-4891-b1b1-bac4f9f29552@group-7330C24FE1E2-StateMachineUpdater] INFO  ratis.ContainerStateMachine (ContainerStateMachine.java:takeSnapshot(303)) - group-7330C24FE1E2: Finished taking a snapshot at:(t:4, i:0) file:/home/runner/work/ozone/ozone/hadoop-ozone/integration-test/target/test-dir/MiniOzoneClusterImpl-0566475b-15f3-492a-9b28-f78457f271af/datanode-1/data/ratis/1e12f81b-9515-4629-add1-7330c24fe1e2/sm/snapshot.4_0 took: 52 ms
2021-10-28 01:50:40,297 [167d9434-a89e-4891-b1b1-bac4f9f29552@group-7330C24FE1E2->3bba12ea-eb97-4cb8-a72d-96cb4f92f88e-GrpcLogAppender-LogAppenderDaemon] WARN  server.GrpcLogAppender (GrpcLogAppender.java:mayWait(177)) - 167d9434-a89e-4891-b1b1-bac4f9f29552@group-7330C24FE1E2->3bba12ea-eb97-4cb8-a72d-96cb4f92f88e-GrpcLogAppender: Wait interrupted by java.lang.InterruptedException
2021-10-28 01:50:40,297 [167d9434-a89e-4891-b1b1-bac4f9f29552@group-7330C24FE1E2-StateMachineUpdater] INFO  impl.StateMachineUpdater (StateMachineUpdater.java:takeSnapshot(281)) - 167d9434-a89e-4891-b1b1-bac4f9f29552@group-7330C24FE1E2-StateMachineUpdater: Took a snapshot at index 0
2021-10-28 01:50:40,297 [167d9434-a89e-4891-b1b1-bac4f9f29552@group-7330C24FE1E2-StateMachineUpdater] INFO  impl.StateMachineUpdater (StateMachineUpdater.java:lambda$new$0(89)) - 167d9434-a89e-4891-b1b1-bac4f9f29552@group-7330C24FE1E2-StateMachineUpdater: snapshotIndex: updateIncreasingly -1 -> 0
2021-10-28 01:50:40,299 [ForkJoinPool.commonPool-worker-1] INFO  server.RaftServer$Division (ServerState.java:close(419)) - 167d9434-a89e-4891-b1b1-bac4f9f29552@group-7330C24FE1E2: closes. applyIndex: 0
2021-10-28 01:50:40,299 [167d9434-a89e-4891-b1b1-bac4f9f29552@group-7330C24FE1E2-SegmentedRaftLogWorker] INFO  segmented.SegmentedRaftLogWorker (SegmentedRaftLogWorker.java:run(327)) - 167d9434-a89e-4891-b1b1-bac4f9f29552@group-7330C24FE1E2-SegmentedRaftLogWorker was interrupted, exiting. There are 0 tasks remaining in the queue.
2021-10-28 01:50:40,301 [31d6ae09-1bf4-4ff4-9532-94f29ed1392e@group-58A76E034B32-SegmentedRaftLogWorker] INFO  segmented.SegmentedRaftLogWorker (SegmentedRaftLogWorker.java:execute(601)) - 31d6ae09-1bf4-4ff4-9532-94f29ed1392e@group-58A76E034B32-SegmentedRaftLogWorker: created new log segment /home/runner/work/ozone/ozone/hadoop-ozone/integration-test/target/test-dir/MiniOzoneClusterImpl-0566475b-15f3-492a-9b28-f78457f271af/datanode-5/data/ratis/c99917bc-e8a7-4f12-abad-58a76e034b32/current/log_inprogress_0
2021-10-28 01:50:40,303 [ForkJoinPool.commonPool-worker-1] INFO  segmented.SegmentedRaftLogWorker (SegmentedRaftLogWorker.java:close(237)) - 167d9434-a89e-4891-b1b1-bac4f9f29552@group-7330C24FE1E2-SegmentedRaftLogWorker close()
2021-10-28 01:50:40,310 [grpc-default-executor-3] INFO  server.GrpcServerProtocolService (GrpcServerProtocolService.java:onCompleted(140)) - 3bba12ea-eb97-4cb8-a72d-96cb4f92f88e: Completed APPEND_ENTRIES, lastRequest: 167d9434-a89e-4891-b1b1-bac4f9f29552->3bba12ea-eb97-4cb8-a72d-96cb4f92f88e#1-t4,previous=(t:0, i:0),leaderCommit=-1,initializing? true,entries: size=1, first=(t:4, i:0), CONFIGURATIONENTRY
2021-10-28 01:50:40,311 [grpc-default-executor-1] INFO  server.GrpcLogAppender (GrpcLogAppender.java:onCompleted(346)) - 167d9434-a89e-4891-b1b1-bac4f9f29552@group-7330C24FE1E2->3bba12ea-eb97-4cb8-a72d-96cb4f92f88e-AppendLogResponseHandler: follower responses appendEntries COMPLETED
2021-10-28 01:50:40,311 [grpc-default-executor-1] INFO  leader.FollowerInfo (FollowerInfoImpl.java:lambda$new$0(47)) - 167d9434-a89e-4891-b1b1-bac4f9f29552@group-7330C24FE1E2->3bba12ea-eb97-4cb8-a72d-96cb4f92f88e: nextIndex: updateUnconditionally 1 -> 0
2021-10-28 01:50:40,316 [ForkJoinPool.commonPool-worker-1] INFO  server.RaftServer$Division (RaftServerImpl.java:lambda$close$4(412)) - 167d9434-a89e-4891-b1b1-bac4f9f29552@group-E918C9FD5E21: shutdown
2021-10-28 01:50:40,317 [ForkJoinPool.commonPool-worker-1] INFO  util.JmxRegister (JmxRegister.java:unregister(73)) - Successfully un-registered JMX Bean with object name Ratis:service=RaftServer,group=group-E918C9FD5E21,id=167d9434-a89e-4891-b1b1-bac4f9f29552
2021-10-28 01:50:40,317 [ForkJoinPool.commonPool-worker-1] INFO  impl.RoleInfo (RoleInfo.java:shutdownFollowerState(108)) - 167d9434-a89e-4891-b1b1-bac4f9f29552: shutdown 167d9434-a89e-4891-b1b1-bac4f9f29552@group-E918C9FD5E21-FollowerState
2021-10-28 01:50:40,317 [ForkJoinPool.commonPool-worker-1] INFO  impl.StateMachineUpdater (StateMachineUpdater.java:stopAndJoin(149)) - 167d9434-a89e-4891-b1b1-bac4f9f29552@group-E918C9FD5E21-StateMachineUpdater: set stopIndex = 0
2021-10-28 01:50:40,317 [Listener at 127.0.0.1/46475] INFO  server.GrpcService (GrpcService.java:closeImpl(271)) - 43ee2308-4bff-4c12-a476-7906f102dfb0: shutdown server with port 33053 successfully
2021-10-28 01:50:40,317 [167d9434-a89e-4891-b1b1-bac4f9f29552@group-E918C9FD5E21-FollowerState] INFO  impl.FollowerState (FollowerState.java:run(143)) - 167d9434-a89e-4891-b1b1-bac4f9f29552@group-E918C9FD5E21-FollowerState was interrupted: {}
java.lang.InterruptedException: sleep interrupted
	at java.lang.Thread.sleep(Native Method)
	at java.lang.Thread.sleep(Thread.java:340)
	at java.util.concurrent.TimeUnit.sleep(TimeUnit.java:386)
	at org.apache.ratis.util.TimeDuration.sleep(TimeDuration.java:324)
	at org.apache.ratis.util.TimeDuration.sleep(TimeDuration.java:309)
	at org.apache.ratis.server.impl.FollowerState.run(FollowerState.java:118)
2021-10-28 01:50:40,317 [31d6ae09-1bf4-4ff4-9532-94f29ed1392e@group-58A76E034B32-LeaderElection79] INFO  server.RaftServer$Division (ServerState.java:setRaftConf(387)) - 31d6ae09-1bf4-4ff4-9532-94f29ed1392e@group-58A76E034B32: set configuration 0: [31d6ae09-1bf4-4ff4-9532-94f29ed1392e|rpc:10.1.0.29:44047|dataStream:|priority:1], old=null
2021-10-28 01:50:40,341 [org.apache.ratis.util.JvmPauseMonitor$$Lambda$531/277938555@28fa9baf] INFO  util.JvmPauseMonitor (JvmPauseMonitor.java:run(109)) - JvmPauseMonitor-43ee2308-4bff-4c12-a476-7906f102dfb0: Stopped
2021-10-28 01:50:40,342 [167d9434-a89e-4891-b1b1-bac4f9f29552@group-E918C9FD5E21-StateMachineUpdater] INFO  ratis.ContainerStateMachine (ContainerStateMachine.java:takeSnapshot(292)) - group-E918C9FD5E21: Taking a snapshot at:(t:2, i:0) file /home/runner/work/ozone/ozone/hadoop-ozone/integration-test/target/test-dir/MiniOzoneClusterImpl-0566475b-15f3-492a-9b28-f78457f271af/datanode-1/data/ratis/1e7b1cb3-9b09-404d-9c06-e918c9fd5e21/sm/snapshot.2_0
2021-10-28 01:50:40,344 [Listener at 127.0.0.1/46475] INFO  utils.BackgroundService (BackgroundService.java:shutdown(132)) - Shutting down service BlockDeletingService
2021-10-28 01:50:40,350 [850b4870-9ae5-4bfa-bbd2-f1f242dff33d@group-EC3451D81B3E-FollowerState] INFO  impl.FollowerState (FollowerState.java:run(134)) - 850b4870-9ae5-4bfa-bbd2-f1f242dff33d@group-EC3451D81B3E-FollowerState: change to CANDIDATE, lastRpcElapsedTime:5072773221ns, electionTimeout:5062ms
2021-10-28 01:50:40,350 [850b4870-9ae5-4bfa-bbd2-f1f242dff33d@group-EC3451D81B3E-FollowerState] INFO  impl.RoleInfo (RoleInfo.java:shutdownFollowerState(108)) - 850b4870-9ae5-4bfa-bbd2-f1f242dff33d: shutdown 850b4870-9ae5-4bfa-bbd2-f1f242dff33d@group-EC3451D81B3E-FollowerState
2021-10-28 01:50:40,350 [850b4870-9ae5-4bfa-bbd2-f1f242dff33d@group-EC3451D81B3E-FollowerState] INFO  server.RaftServer$Division (RaftServerImpl.java:setRole(290)) - 850b4870-9ae5-4bfa-bbd2-f1f242dff33d@group-EC3451D81B3E: changes role from  FOLLOWER to CANDIDATE at term 0 for changeToCandidate
2021-10-28 01:50:40,350 [850b4870-9ae5-4bfa-bbd2-f1f242dff33d@group-EC3451D81B3E-FollowerState] INFO  server.RaftServerConfigKeys (ConfUtils.java:logGet(44)) - raft.server.leaderelection.pre-vote = false (custom)
2021-10-28 01:50:40,350 [850b4870-9ae5-4bfa-bbd2-f1f242dff33d@group-EC3451D81B3E-FollowerState] INFO  impl.RoleInfo (RoleInfo.java:updateAndGet(130)) - 850b4870-9ae5-4bfa-bbd2-f1f242dff33d: start 850b4870-9ae5-4bfa-bbd2-f1f242dff33d@group-EC3451D81B3E-LeaderElection80
2021-10-28 01:50:40,369 [167d9434-a89e-4891-b1b1-bac4f9f29552@group-E918C9FD5E21-StateMachineUpdater] INFO  ratis.ContainerStateMachine (ContainerStateMachine.java:takeSnapshot(303)) - group-E918C9FD5E21: Finished taking a snapshot at:(t:2, i:0) file:/home/runner/work/ozone/ozone/hadoop-ozone/integration-test/target/test-dir/MiniOzoneClusterImpl-0566475b-15f3-492a-9b28-f78457f271af/datanode-1/data/ratis/1e7b1cb3-9b09-404d-9c06-e918c9fd5e21/sm/snapshot.2_0 took: 27 ms
2021-10-28 01:50:40,369 [167d9434-a89e-4891-b1b1-bac4f9f29552@group-E918C9FD5E21-StateMachineUpdater] INFO  impl.StateMachineUpdater (StateMachineUpdater.java:takeSnapshot(281)) - 167d9434-a89e-4891-b1b1-bac4f9f29552@group-E918C9FD5E21-StateMachineUpdater: Took a snapshot at index 0
2021-10-28 01:50:40,369 [167d9434-a89e-4891-b1b1-bac4f9f29552@group-E918C9FD5E21-StateMachineUpdater] INFO  impl.StateMachineUpdater (StateMachineUpdater.java:lambda$new$0(89)) - 167d9434-a89e-4891-b1b1-bac4f9f29552@group-E918C9FD5E21-StateMachineUpdater: snapshotIndex: updateIncreasingly -1 -> 0
2021-10-28 01:50:40,371 [ForkJoinPool.commonPool-worker-1] INFO  server.RaftServer$Division (ServerState.java:close(419)) - 167d9434-a89e-4891-b1b1-bac4f9f29552@group-E918C9FD5E21: closes. applyIndex: 0
2021-10-28 01:50:40,371 [167d9434-a89e-4891-b1b1-bac4f9f29552@group-E918C9FD5E21-SegmentedRaftLogWorker] INFO  segmented.SegmentedRaftLogWorker (SegmentedRaftLogWorker.java:run(327)) - 167d9434-a89e-4891-b1b1-bac4f9f29552@group-E918C9FD5E21-SegmentedRaftLogWorker was interrupted, exiting. There are 0 tasks remaining in the queue.
2021-10-28 01:50:40,372 [ForkJoinPool.commonPool-worker-1] INFO  segmented.SegmentedRaftLogWorker (SegmentedRaftLogWorker.java:close(237)) - 167d9434-a89e-4891-b1b1-bac4f9f29552@group-E918C9FD5E21-SegmentedRaftLogWorker close()
2021-10-28 01:50:40,380 [ForkJoinPool.commonPool-worker-1] INFO  server.GrpcService (GrpcService.java:closeImpl(262)) - 167d9434-a89e-4891-b1b1-bac4f9f29552: shutdown server with port 32839 now
2021-10-28 01:50:40,388 [850b4870-9ae5-4bfa-bbd2-f1f242dff33d@group-EC3451D81B3E-LeaderElection80] INFO  impl.LeaderElection (LeaderElection.java:askForVotes(306)) - 850b4870-9ae5-4bfa-bbd2-f1f242dff33d@group-EC3451D81B3E-LeaderElection80 ELECTION round 0: submit vote requests at term 1 for -1: [850b4870-9ae5-4bfa-bbd2-f1f242dff33d|rpc:10.1.0.29:35637|dataStream:|priority:0, 31d6ae09-1bf4-4ff4-9532-94f29ed1392e|rpc:10.1.0.29:44047|dataStream:|priority:1, 43ee2308-4bff-4c12-a476-7906f102dfb0|rpc:10.1.0.29:33053|dataStream:|priority:0], old=null
2021-10-28 01:50:40,401 [31d6ae09-1bf4-4ff4-9532-94f29ed1392e@group-EC3451D81B3E-FollowerState] INFO  impl.FollowerState (FollowerState.java:run(134)) - 31d6ae09-1bf4-4ff4-9532-94f29ed1392e@group-EC3451D81B3E-FollowerState: change to CANDIDATE, lastRpcElapsedTime:5182101967ns, electionTimeout:5153ms
2021-10-28 01:50:40,401 [31d6ae09-1bf4-4ff4-9532-94f29ed1392e@group-EC3451D81B3E-FollowerState] INFO  impl.RoleInfo (RoleInfo.java:shutdownFollowerState(108)) - 31d6ae09-1bf4-4ff4-9532-94f29ed1392e: shutdown 31d6ae09-1bf4-4ff4-9532-94f29ed1392e@group-EC3451D81B3E-FollowerState
2021-10-28 01:50:40,402 [31d6ae09-1bf4-4ff4-9532-94f29ed1392e@group-EC3451D81B3E-FollowerState] INFO  server.RaftServer$Division (RaftServerImpl.java:setRole(290)) - 31d6ae09-1bf4-4ff4-9532-94f29ed1392e@group-EC3451D81B3E: changes role from  FOLLOWER to CANDIDATE at term 0 for changeToCandidate
2021-10-28 01:50:40,402 [31d6ae09-1bf4-4ff4-9532-94f29ed1392e@group-EC3451D81B3E-FollowerState] INFO  server.RaftServerConfigKeys (ConfUtils.java:logGet(44)) - raft.server.leaderelection.pre-vote = false (custom)
2021-10-28 01:50:40,402 [31d6ae09-1bf4-4ff4-9532-94f29ed1392e@group-EC3451D81B3E-FollowerState] INFO  impl.RoleInfo (RoleInfo.java:updateAndGet(130)) - 31d6ae09-1bf4-4ff4-9532-94f29ed1392e: start 31d6ae09-1bf4-4ff4-9532-94f29ed1392e@group-EC3451D81B3E-LeaderElection81
2021-10-28 01:50:40,427 [ForkJoinPool.commonPool-worker-1] INFO  server.GrpcService (GrpcService.java:closeImpl(271)) - 167d9434-a89e-4891-b1b1-bac4f9f29552: shutdown server with port 32839 successfully
2021-10-28 01:50:40,427 [grpc-default-executor-1] WARN  server.GrpcServerProtocolService (LogUtils.java:warn(122)) - 167d9434-a89e-4891-b1b1-bac4f9f29552: installSnapshot onError, lastRequest: 3bba12ea-eb97-4cb8-a72d-96cb4f92f88e->167d9434-a89e-4891-b1b1-bac4f9f29552#1-t2,previous=(t:0, i:0),leaderCommit=-1,initializing? true,entries: size=1, first=(t:2, i:0), CONFIGURATIONENTRY: org.apache.ratis.thirdparty.io.grpc.StatusRuntimeException: CANCELLED: client cancelled
2021-10-28 01:50:40,440 [850b4870-9ae5-4bfa-bbd2-f1f242dff33d@group-EC3451D81B3E-LeaderElection80] INFO  impl.LeaderElection (LogUtils.java:infoOrTrace(137)) - 850b4870-9ae5-4bfa-bbd2-f1f242dff33d@group-EC3451D81B3E-LeaderElection80 got exception when requesting votes: java.util.concurrent.ExecutionException: org.apache.ratis.thirdparty.io.grpc.StatusRuntimeException: UNAVAILABLE: io exception
2021-10-28 01:50:40,451 [org.apache.ratis.util.JvmPauseMonitor$$Lambda$531/277938555@732c71f1] INFO  util.JvmPauseMonitor (JvmPauseMonitor.java:run(109)) - JvmPauseMonitor-167d9434-a89e-4891-b1b1-bac4f9f29552: Stopped
2021-10-28 01:50:40,461 [grpc-default-executor-5] WARN  server.GrpcLogAppender (LogUtils.java:warn(122)) - 3bba12ea-eb97-4cb8-a72d-96cb4f92f88e@group-E918C9FD5E21->167d9434-a89e-4891-b1b1-bac4f9f29552-AppendLogResponseHandler: Failed appendEntries: org.apache.ratis.thirdparty.io.grpc.StatusRuntimeException: CANCELLED: HTTP/2 error code: CANCEL
Received Rst Stream
2021-10-28 01:50:40,462 [grpc-default-executor-5] WARN  server.GrpcLogAppender (GrpcLogAppender.java:resetClient(110)) - 3bba12ea-eb97-4cb8-a72d-96cb4f92f88e@group-E918C9FD5E21->167d9434-a89e-4891-b1b1-bac4f9f29552-GrpcLogAppender: Leader has not got in touch with Follower 3bba12ea-eb97-4cb8-a72d-96cb4f92f88e@group-E918C9FD5E21->167d9434-a89e-4891-b1b1-bac4f9f29552(c0,m0,n1, attendVote=true, lastRpcSendTime=550, lastRpcResponseTime=539) yet, just keep nextIndex unchanged and retry.
2021-10-28 01:50:40,500 [grpc-default-executor-1] INFO  server.RaftServer$Division (RaftServerImpl.java:requestVote(1046)) - 31d6ae09-1bf4-4ff4-9532-94f29ed1392e@group-EC3451D81B3E: receive requestVote(ELECTION, 850b4870-9ae5-4bfa-bbd2-f1f242dff33d, group-EC3451D81B3E, 1, (t:0, i:0))
2021-10-28 01:50:40,503 [31d6ae09-1bf4-4ff4-9532-94f29ed1392e@group-EC3451D81B3E-LeaderElection81] INFO  impl.LeaderElection (LeaderElection.java:askForVotes(306)) - 31d6ae09-1bf4-4ff4-9532-94f29ed1392e@group-EC3451D81B3E-LeaderElection81 ELECTION round 0: submit vote requests at term 1 for -1: [850b4870-9ae5-4bfa-bbd2-f1f242dff33d|rpc:10.1.0.29:35637|priority:0, 31d6ae09-1bf4-4ff4-9532-94f29ed1392e|rpc:10.1.0.29:44047|priority:1, 43ee2308-4bff-4c12-a476-7906f102dfb0|rpc:10.1.0.29:33053|priority:0], old=null
2021-10-28 01:50:40,503 [grpc-default-executor-1] INFO  impl.VoteContext (VoteContext.java:log(48)) - 31d6ae09-1bf4-4ff4-9532-94f29ed1392e@group-EC3451D81B3E-CANDIDATE: reject ELECTION from 850b4870-9ae5-4bfa-bbd2-f1f242dff33d: already has voted for 31d6ae09-1bf4-4ff4-9532-94f29ed1392e at current term 1
2021-10-28 01:50:40,503 [grpc-default-executor-1] INFO  server.RaftServer$Division (RaftServerImpl.java:requestVote(1078)) - 31d6ae09-1bf4-4ff4-9532-94f29ed1392e@group-EC3451D81B3E replies to ELECTION vote request: 850b4870-9ae5-4bfa-bbd2-f1f242dff33d<-31d6ae09-1bf4-4ff4-9532-94f29ed1392e#0:FAIL-t1. Peer's state: 31d6ae09-1bf4-4ff4-9532-94f29ed1392e@group-EC3451D81B3E:t1, leader=null, voted=31d6ae09-1bf4-4ff4-9532-94f29ed1392e, raftlog=31d6ae09-1bf4-4ff4-9532-94f29ed1392e@group-EC3451D81B3E-SegmentedRaftLog:OPENED:c-1, conf=-1: [850b4870-9ae5-4bfa-bbd2-f1f242dff33d|rpc:10.1.0.29:35637|priority:0, 31d6ae09-1bf4-4ff4-9532-94f29ed1392e|rpc:10.1.0.29:44047|priority:1, 43ee2308-4bff-4c12-a476-7906f102dfb0|rpc:10.1.0.29:33053|priority:0], old=null
2021-10-28 01:50:40,513 [ForkJoinPool.commonPool-worker-1] INFO  utils.BackgroundService (BackgroundService.java:shutdown(132)) - Shutting down service BlockDeletingService
2021-10-28 01:50:40,540 [grpc-default-executor-1] INFO  server.RaftServer$Division (RaftServerImpl.java:requestVote(1046)) - 850b4870-9ae5-4bfa-bbd2-f1f242dff33d@group-EC3451D81B3E: receive requestVote(ELECTION, 31d6ae09-1bf4-4ff4-9532-94f29ed1392e, group-EC3451D81B3E, 1, (t:0, i:0))
2021-10-28 01:50:40,540 [grpc-default-executor-1] INFO  impl.VoteContext (VoteContext.java:log(48)) - 850b4870-9ae5-4bfa-bbd2-f1f242dff33d@group-EC3451D81B3E-CANDIDATE: reject ELECTION from 31d6ae09-1bf4-4ff4-9532-94f29ed1392e: already has voted for 850b4870-9ae5-4bfa-bbd2-f1f242dff33d at current term 1
2021-10-28 01:50:40,540 [grpc-default-executor-1] INFO  server.RaftServer$Division (RaftServerImpl.java:requestVote(1078)) - 850b4870-9ae5-4bfa-bbd2-f1f242dff33d@group-EC3451D81B3E replies to ELECTION vote request: 31d6ae09-1bf4-4ff4-9532-94f29ed1392e<-850b4870-9ae5-4bfa-bbd2-f1f242dff33d#0:FAIL-t1. Peer's state: 850b4870-9ae5-4bfa-bbd2-f1f242dff33d@group-EC3451D81B3E:t1, leader=null, voted=850b4870-9ae5-4bfa-bbd2-f1f242dff33d, raftlog=850b4870-9ae5-4bfa-bbd2-f1f242dff33d@group-EC3451D81B3E-SegmentedRaftLog:OPENED:c-1, conf=-1: [850b4870-9ae5-4bfa-bbd2-f1f242dff33d|rpc:10.1.0.29:35637|dataStream:|priority:0, 31d6ae09-1bf4-4ff4-9532-94f29ed1392e|rpc:10.1.0.29:44047|dataStream:|priority:1, 43ee2308-4bff-4c12-a476-7906f102dfb0|rpc:10.1.0.29:33053|dataStream:|priority:0], old=null
2021-10-28 01:50:40,576 [850b4870-9ae5-4bfa-bbd2-f1f242dff33d@group-EC3451D81B3E-LeaderElection80] INFO  impl.LeaderElection (LeaderElection.java:logAndReturn(89)) - 850b4870-9ae5-4bfa-bbd2-f1f242dff33d@group-EC3451D81B3E-LeaderElection80: ELECTION REJECTED received 1 response(s) and 1 exception(s):
2021-10-28 01:50:40,576 [850b4870-9ae5-4bfa-bbd2-f1f242dff33d@group-EC3451D81B3E-LeaderElection80] INFO  impl.LeaderElection (LeaderElection.java:logAndReturn(93)) -   Response 0: 850b4870-9ae5-4bfa-bbd2-f1f242dff33d<-31d6ae09-1bf4-4ff4-9532-94f29ed1392e#0:FAIL-t1
2021-10-28 01:50:40,576 [850b4870-9ae5-4bfa-bbd2-f1f242dff33d@group-EC3451D81B3E-LeaderElection80] INFO  impl.LeaderElection (LogUtils.java:infoOrTrace(137)) -   Exception 1: java.util.concurrent.ExecutionException: org.apache.ratis.thirdparty.io.grpc.StatusRuntimeException: UNAVAILABLE: io exception
2021-10-28 01:50:40,576 [850b4870-9ae5-4bfa-bbd2-f1f242dff33d@group-EC3451D81B3E-LeaderElection80] INFO  impl.LeaderElection (LeaderElection.java:askForVotes(308)) - 850b4870-9ae5-4bfa-bbd2-f1f242dff33d@group-EC3451D81B3E-LeaderElection80 ELECTION round 0: result REJECTED
2021-10-28 01:50:40,576 [850b4870-9ae5-4bfa-bbd2-f1f242dff33d@group-EC3451D81B3E-LeaderElection80] INFO  server.RaftServer$Division (RaftServerImpl.java:setRole(290)) - 850b4870-9ae5-4bfa-bbd2-f1f242dff33d@group-EC3451D81B3E: changes role from CANDIDATE to FOLLOWER at term 1 for REJECTED
2021-10-28 01:50:40,576 [850b4870-9ae5-4bfa-bbd2-f1f242dff33d@group-EC3451D81B3E-LeaderElection80] INFO  impl.RoleInfo (RoleInfo.java:shutdownLeaderElection(121)) - 850b4870-9ae5-4bfa-bbd2-f1f242dff33d: shutdown 850b4870-9ae5-4bfa-bbd2-f1f242dff33d@group-EC3451D81B3E-LeaderElection80
2021-10-28 01:50:40,576 [850b4870-9ae5-4bfa-bbd2-f1f242dff33d@group-EC3451D81B3E-LeaderElection80] INFO  impl.RoleInfo (RoleInfo.java:updateAndGet(130)) - 850b4870-9ae5-4bfa-bbd2-f1f242dff33d: start 850b4870-9ae5-4bfa-bbd2-f1f242dff33d@group-EC3451D81B3E-FollowerState
2021-10-28 01:50:40,648 [31d6ae09-1bf4-4ff4-9532-94f29ed1392e@group-EC3451D81B3E-LeaderElection81] INFO  impl.LeaderElection (LogUtils.java:infoOrTrace(137)) - 31d6ae09-1bf4-4ff4-9532-94f29ed1392e@group-EC3451D81B3E-LeaderElection81 got exception when requesting votes: java.util.concurrent.ExecutionException: org.apache.ratis.thirdparty.io.grpc.StatusRuntimeException: UNAVAILABLE: io exception
2021-10-28 01:50:40,648 [31d6ae09-1bf4-4ff4-9532-94f29ed1392e@group-EC3451D81B3E-LeaderElection81] INFO  impl.LeaderElection (LeaderElection.java:logAndReturn(89)) - 31d6ae09-1bf4-4ff4-9532-94f29ed1392e@group-EC3451D81B3E-LeaderElection81: ELECTION REJECTED received 1 response(s) and 1 exception(s):
2021-10-28 01:50:40,648 [31d6ae09-1bf4-4ff4-9532-94f29ed1392e@group-EC3451D81B3E-LeaderElection81] INFO  impl.LeaderElection (LeaderElection.java:logAndReturn(93)) -   Response 0: 31d6ae09-1bf4-4ff4-9532-94f29ed1392e<-850b4870-9ae5-4bfa-bbd2-f1f242dff33d#0:FAIL-t1
2021-10-28 01:50:40,648 [31d6ae09-1bf4-4ff4-9532-94f29ed1392e@group-EC3451D81B3E-LeaderElection81] INFO  impl.LeaderElection (LogUtils.java:infoOrTrace(137)) -   Exception 1: java.util.concurrent.ExecutionException: org.apache.ratis.thirdparty.io.grpc.StatusRuntimeException: UNAVAILABLE: io exception
2021-10-28 01:50:40,648 [31d6ae09-1bf4-4ff4-9532-94f29ed1392e@group-EC3451D81B3E-LeaderElection81] INFO  impl.LeaderElection (LeaderElection.java:askForVotes(308)) - 31d6ae09-1bf4-4ff4-9532-94f29ed1392e@group-EC3451D81B3E-LeaderElection81 ELECTION round 0: result REJECTED
2021-10-28 01:50:40,648 [31d6ae09-1bf4-4ff4-9532-94f29ed1392e@group-EC3451D81B3E-LeaderElection81] INFO  server.RaftServer$Division (RaftServerImpl.java:setRole(290)) - 31d6ae09-1bf4-4ff4-9532-94f29ed1392e@group-EC3451D81B3E: changes role from CANDIDATE to FOLLOWER at term 1 for REJECTED
2021-10-28 01:50:40,648 [31d6ae09-1bf4-4ff4-9532-94f29ed1392e@group-EC3451D81B3E-LeaderElection81] INFO  impl.RoleInfo (RoleInfo.java:shutdownLeaderElection(121)) - 31d6ae09-1bf4-4ff4-9532-94f29ed1392e: shutdown 31d6ae09-1bf4-4ff4-9532-94f29ed1392e@group-EC3451D81B3E-LeaderElection81
2021-10-28 01:50:40,648 [31d6ae09-1bf4-4ff4-9532-94f29ed1392e@group-EC3451D81B3E-LeaderElection81] INFO  impl.RoleInfo (RoleInfo.java:updateAndGet(130)) - 31d6ae09-1bf4-4ff4-9532-94f29ed1392e: start 31d6ae09-1bf4-4ff4-9532-94f29ed1392e@group-EC3451D81B3E-FollowerState
2021-10-28 01:50:41,230 [6d544018-2462-4d7b-9c06-1f628f7d4bb3@group-28D3060BBD8C-FollowerState] INFO  impl.FollowerState (FollowerState.java:run(134)) - 6d544018-2462-4d7b-9c06-1f628f7d4bb3@group-28D3060BBD8C-FollowerState: change to CANDIDATE, lastRpcElapsedTime:5066015390ns, electionTimeout:5065ms
2021-10-28 01:50:41,231 [6d544018-2462-4d7b-9c06-1f628f7d4bb3@group-28D3060BBD8C-FollowerState] INFO  impl.RoleInfo (RoleInfo.java:shutdownFollowerState(108)) - 6d544018-2462-4d7b-9c06-1f628f7d4bb3: shutdown 6d544018-2462-4d7b-9c06-1f628f7d4bb3@group-28D3060BBD8C-FollowerState
2021-10-28 01:50:41,231 [6d544018-2462-4d7b-9c06-1f628f7d4bb3@group-28D3060BBD8C-FollowerState] INFO  server.RaftServer$Division (RaftServerImpl.java:setRole(290)) - 6d544018-2462-4d7b-9c06-1f628f7d4bb3@group-28D3060BBD8C: changes role from  FOLLOWER to CANDIDATE at term 0 for changeToCandidate
2021-10-28 01:50:41,231 [6d544018-2462-4d7b-9c06-1f628f7d4bb3@group-28D3060BBD8C-FollowerState] INFO  server.RaftServerConfigKeys (ConfUtils.java:logGet(44)) - raft.server.leaderelection.pre-vote = false (custom)
2021-10-28 01:50:41,231 [6d544018-2462-4d7b-9c06-1f628f7d4bb3@group-28D3060BBD8C-FollowerState] INFO  impl.RoleInfo (RoleInfo.java:updateAndGet(130)) - 6d544018-2462-4d7b-9c06-1f628f7d4bb3: start 6d544018-2462-4d7b-9c06-1f628f7d4bb3@group-28D3060BBD8C-LeaderElection82
2021-10-28 01:50:41,247 [850b4870-9ae5-4bfa-bbd2-f1f242dff33d@group-28D3060BBD8C-FollowerState] INFO  impl.FollowerState (FollowerState.java:run(134)) - 850b4870-9ae5-4bfa-bbd2-f1f242dff33d@group-28D3060BBD8C-FollowerState: change to CANDIDATE, lastRpcElapsedTime:5102630249ns, electionTimeout:5092ms
2021-10-28 01:50:41,247 [850b4870-9ae5-4bfa-bbd2-f1f242dff33d@group-28D3060BBD8C-FollowerState] INFO  impl.RoleInfo (RoleInfo.java:shutdownFollowerState(108)) - 850b4870-9ae5-4bfa-bbd2-f1f242dff33d: shutdown 850b4870-9ae5-4bfa-bbd2-f1f242dff33d@group-28D3060BBD8C-FollowerState
2021-10-28 01:50:41,248 [850b4870-9ae5-4bfa-bbd2-f1f242dff33d@group-28D3060BBD8C-FollowerState] INFO  server.RaftServer$Division (RaftServerImpl.java:setRole(290)) - 850b4870-9ae5-4bfa-bbd2-f1f242dff33d@group-28D3060BBD8C: changes role from  FOLLOWER to CANDIDATE at term 0 for changeToCandidate
2021-10-28 01:50:41,248 [850b4870-9ae5-4bfa-bbd2-f1f242dff33d@group-28D3060BBD8C-FollowerState] INFO  server.RaftServerConfigKeys (ConfUtils.java:logGet(44)) - raft.server.leaderelection.pre-vote = false (custom)
2021-10-28 01:50:41,248 [850b4870-9ae5-4bfa-bbd2-f1f242dff33d@group-28D3060BBD8C-FollowerState] INFO  impl.RoleInfo (RoleInfo.java:updateAndGet(130)) - 850b4870-9ae5-4bfa-bbd2-f1f242dff33d: start 850b4870-9ae5-4bfa-bbd2-f1f242dff33d@group-28D3060BBD8C-LeaderElection83
2021-10-28 01:50:41,292 [850b4870-9ae5-4bfa-bbd2-f1f242dff33d@group-28D3060BBD8C-LeaderElection83] INFO  impl.LeaderElection (LeaderElection.java:askForVotes(306)) - 850b4870-9ae5-4bfa-bbd2-f1f242dff33d@group-28D3060BBD8C-LeaderElection83 ELECTION round 0: submit vote requests at term 1 for -1: [6d544018-2462-4d7b-9c06-1f628f7d4bb3|rpc:10.1.0.29:46225|priority:0, 850b4870-9ae5-4bfa-bbd2-f1f242dff33d|rpc:10.1.0.29:35637|priority:1, 43ee2308-4bff-4c12-a476-7906f102dfb0|rpc:10.1.0.29:33053|priority:0], old=null
2021-10-28 01:50:41,316 [6d544018-2462-4d7b-9c06-1f628f7d4bb3@group-28D3060BBD8C-LeaderElection82] INFO  impl.LeaderElection (LeaderElection.java:askForVotes(306)) - 6d544018-2462-4d7b-9c06-1f628f7d4bb3@group-28D3060BBD8C-LeaderElection82 ELECTION round 0: submit vote requests at term 1 for -1: [6d544018-2462-4d7b-9c06-1f628f7d4bb3|rpc:10.1.0.29:46225|priority:0, 850b4870-9ae5-4bfa-bbd2-f1f242dff33d|rpc:10.1.0.29:35637|priority:1, 43ee2308-4bff-4c12-a476-7906f102dfb0|rpc:10.1.0.29:33053|priority:0], old=null
2021-10-28 01:50:41,332 [grpc-default-executor-1] INFO  server.RaftServer$Division (RaftServerImpl.java:requestVote(1046)) - 6d544018-2462-4d7b-9c06-1f628f7d4bb3@group-28D3060BBD8C: receive requestVote(ELECTION, 850b4870-9ae5-4bfa-bbd2-f1f242dff33d, group-28D3060BBD8C, 1, (t:0, i:0))
2021-10-28 01:50:41,332 [grpc-default-executor-1] INFO  impl.VoteContext (VoteContext.java:log(48)) - 6d544018-2462-4d7b-9c06-1f628f7d4bb3@group-28D3060BBD8C-CANDIDATE: reject ELECTION from 850b4870-9ae5-4bfa-bbd2-f1f242dff33d: already has voted for 6d544018-2462-4d7b-9c06-1f628f7d4bb3 at current term 1
2021-10-28 01:50:41,332 [grpc-default-executor-1] INFO  server.RaftServer$Division (RaftServerImpl.java:requestVote(1078)) - 6d544018-2462-4d7b-9c06-1f628f7d4bb3@group-28D3060BBD8C replies to ELECTION vote request: 850b4870-9ae5-4bfa-bbd2-f1f242dff33d<-6d544018-2462-4d7b-9c06-1f628f7d4bb3#0:FAIL-t1. Peer's state: 6d544018-2462-4d7b-9c06-1f628f7d4bb3@group-28D3060BBD8C:t1, leader=null, voted=6d544018-2462-4d7b-9c06-1f628f7d4bb3, raftlog=6d544018-2462-4d7b-9c06-1f628f7d4bb3@group-28D3060BBD8C-SegmentedRaftLog:OPENED:c-1, conf=-1: [6d544018-2462-4d7b-9c06-1f628f7d4bb3|rpc:10.1.0.29:46225|priority:0, 850b4870-9ae5-4bfa-bbd2-f1f242dff33d|rpc:10.1.0.29:35637|priority:1, 43ee2308-4bff-4c12-a476-7906f102dfb0|rpc:10.1.0.29:33053|priority:0], old=null
2021-10-28 01:50:41,363 [850b4870-9ae5-4bfa-bbd2-f1f242dff33d@group-28D3060BBD8C-LeaderElection83] INFO  impl.LeaderElection (LogUtils.java:infoOrTrace(137)) - 850b4870-9ae5-4bfa-bbd2-f1f242dff33d@group-28D3060BBD8C-LeaderElection83 got exception when requesting votes: java.util.concurrent.ExecutionException: org.apache.ratis.thirdparty.io.grpc.StatusRuntimeException: UNAVAILABLE: io exception
2021-10-28 01:50:41,368 [grpc-default-executor-1] INFO  server.RaftServer$Division (RaftServerImpl.java:requestVote(1046)) - 850b4870-9ae5-4bfa-bbd2-f1f242dff33d@group-28D3060BBD8C: receive requestVote(ELECTION, 6d544018-2462-4d7b-9c06-1f628f7d4bb3, group-28D3060BBD8C, 1, (t:0, i:0))
2021-10-28 01:50:41,368 [grpc-default-executor-1] INFO  impl.VoteContext (VoteContext.java:log(48)) - 850b4870-9ae5-4bfa-bbd2-f1f242dff33d@group-28D3060BBD8C-CANDIDATE: reject ELECTION from 6d544018-2462-4d7b-9c06-1f628f7d4bb3: already has voted for 850b4870-9ae5-4bfa-bbd2-f1f242dff33d at current term 1
2021-10-28 01:50:41,368 [grpc-default-executor-1] INFO  server.RaftServer$Division (RaftServerImpl.java:requestVote(1078)) - 850b4870-9ae5-4bfa-bbd2-f1f242dff33d@group-28D3060BBD8C replies to ELECTION vote request: 6d544018-2462-4d7b-9c06-1f628f7d4bb3<-850b4870-9ae5-4bfa-bbd2-f1f242dff33d#0:FAIL-t1. Peer's state: 850b4870-9ae5-4bfa-bbd2-f1f242dff33d@group-28D3060BBD8C:t1, leader=null, voted=850b4870-9ae5-4bfa-bbd2-f1f242dff33d, raftlog=850b4870-9ae5-4bfa-bbd2-f1f242dff33d@group-28D3060BBD8C-SegmentedRaftLog:OPENED:c-1, conf=-1: [6d544018-2462-4d7b-9c06-1f628f7d4bb3|rpc:10.1.0.29:46225|priority:0, 850b4870-9ae5-4bfa-bbd2-f1f242dff33d|rpc:10.1.0.29:35637|priority:1, 43ee2308-4bff-4c12-a476-7906f102dfb0|rpc:10.1.0.29:33053|priority:0], old=null
2021-10-28 01:50:41,369 [6d544018-2462-4d7b-9c06-1f628f7d4bb3@group-28D3060BBD8C-LeaderElection82] INFO  impl.LeaderElection (LeaderElection.java:logAndReturn(89)) - 6d544018-2462-4d7b-9c06-1f628f7d4bb3@group-28D3060BBD8C-LeaderElection82: ELECTION REJECTED received 1 response(s) and 0 exception(s):
2021-10-28 01:50:41,369 [6d544018-2462-4d7b-9c06-1f628f7d4bb3@group-28D3060BBD8C-LeaderElection82] INFO  impl.LeaderElection (LeaderElection.java:logAndReturn(93)) -   Response 0: 6d544018-2462-4d7b-9c06-1f628f7d4bb3<-850b4870-9ae5-4bfa-bbd2-f1f242dff33d#0:FAIL-t1
2021-10-28 01:50:41,369 [6d544018-2462-4d7b-9c06-1f628f7d4bb3@group-28D3060BBD8C-LeaderElection82] INFO  impl.LeaderElection (LeaderElection.java:askForVotes(308)) - 6d544018-2462-4d7b-9c06-1f628f7d4bb3@group-28D3060BBD8C-LeaderElection82 ELECTION round 0: result REJECTED
2021-10-28 01:50:41,369 [6d544018-2462-4d7b-9c06-1f628f7d4bb3@group-28D3060BBD8C-LeaderElection82] INFO  server.RaftServer$Division (RaftServerImpl.java:setRole(290)) - 6d544018-2462-4d7b-9c06-1f628f7d4bb3@group-28D3060BBD8C: changes role from CANDIDATE to FOLLOWER at term 1 for REJECTED
2021-10-28 01:50:41,369 [6d544018-2462-4d7b-9c06-1f628f7d4bb3@group-28D3060BBD8C-LeaderElection82] INFO  impl.RoleInfo (RoleInfo.java:shutdownLeaderElection(121)) - 6d544018-2462-4d7b-9c06-1f628f7d4bb3: shutdown 6d544018-2462-4d7b-9c06-1f628f7d4bb3@group-28D3060BBD8C-LeaderElection82
2021-10-28 01:50:41,370 [6d544018-2462-4d7b-9c06-1f628f7d4bb3@group-28D3060BBD8C-LeaderElection82] INFO  impl.RoleInfo (RoleInfo.java:updateAndGet(130)) - 6d544018-2462-4d7b-9c06-1f628f7d4bb3: start 6d544018-2462-4d7b-9c06-1f628f7d4bb3@group-28D3060BBD8C-FollowerState
2021-10-28 01:50:41,391 [850b4870-9ae5-4bfa-bbd2-f1f242dff33d@group-28D3060BBD8C-LeaderElection83] INFO  impl.LeaderElection (LeaderElection.java:logAndReturn(89)) - 850b4870-9ae5-4bfa-bbd2-f1f242dff33d@group-28D3060BBD8C-LeaderElection83: ELECTION REJECTED received 1 response(s) and 1 exception(s):
2021-10-28 01:50:41,391 [850b4870-9ae5-4bfa-bbd2-f1f242dff33d@group-28D3060BBD8C-LeaderElection83] INFO  impl.LeaderElection (LeaderElection.java:logAndReturn(93)) -   Response 0: 850b4870-9ae5-4bfa-bbd2-f1f242dff33d<-6d544018-2462-4d7b-9c06-1f628f7d4bb3#0:FAIL-t1
2021-10-28 01:50:41,391 [850b4870-9ae5-4bfa-bbd2-f1f242dff33d@group-28D3060BBD8C-LeaderElection83] INFO  impl.LeaderElection (LogUtils.java:infoOrTrace(137)) -   Exception 1: java.util.concurrent.ExecutionException: org.apache.ratis.thirdparty.io.grpc.StatusRuntimeException: UNAVAILABLE: io exception
2021-10-28 01:50:41,391 [850b4870-9ae5-4bfa-bbd2-f1f242dff33d@group-28D3060BBD8C-LeaderElection83] INFO  impl.LeaderElection (LeaderElection.java:askForVotes(308)) - 850b4870-9ae5-4bfa-bbd2-f1f242dff33d@group-28D3060BBD8C-LeaderElection83 ELECTION round 0: result REJECTED
2021-10-28 01:50:41,391 [850b4870-9ae5-4bfa-bbd2-f1f242dff33d@group-28D3060BBD8C-LeaderElection83] INFO  server.RaftServer$Division (RaftServerImpl.java:setRole(290)) - 850b4870-9ae5-4bfa-bbd2-f1f242dff33d@group-28D3060BBD8C: changes role from CANDIDATE to FOLLOWER at term 1 for REJECTED
2021-10-28 01:50:41,391 [850b4870-9ae5-4bfa-bbd2-f1f242dff33d@group-28D3060BBD8C-LeaderElection83] INFO  impl.RoleInfo (RoleInfo.java:shutdownLeaderElection(121)) - 850b4870-9ae5-4bfa-bbd2-f1f242dff33d: shutdown 850b4870-9ae5-4bfa-bbd2-f1f242dff33d@group-28D3060BBD8C-LeaderElection83
2021-10-28 01:50:41,391 [850b4870-9ae5-4bfa-bbd2-f1f242dff33d@group-28D3060BBD8C-LeaderElection83] INFO  impl.RoleInfo (RoleInfo.java:updateAndGet(130)) - 850b4870-9ae5-4bfa-bbd2-f1f242dff33d: start 850b4870-9ae5-4bfa-bbd2-f1f242dff33d@group-28D3060BBD8C-FollowerState
2021-10-28 01:50:42,423 [grpc-default-executor-5] WARN  server.GrpcLogAppender (LogUtils.java:warn(122)) - 3bba12ea-eb97-4cb8-a72d-96cb4f92f88e@group-E918C9FD5E21->167d9434-a89e-4891-b1b1-bac4f9f29552-AppendLogResponseHandler: Failed appendEntries: org.apache.ratis.thirdparty.io.grpc.StatusRuntimeException: UNAVAILABLE: io exception
2021-10-28 01:50:42,424 [grpc-default-executor-5] WARN  server.GrpcLogAppender (GrpcLogAppender.java:resetClient(110)) - 3bba12ea-eb97-4cb8-a72d-96cb4f92f88e@group-E918C9FD5E21->167d9434-a89e-4891-b1b1-bac4f9f29552-GrpcLogAppender: Leader has not got in touch with Follower 3bba12ea-eb97-4cb8-a72d-96cb4f92f88e@group-E918C9FD5E21->167d9434-a89e-4891-b1b1-bac4f9f29552(c0,m0,n1, attendVote=true, lastRpcSendTime=1, lastRpcResponseTime=2502) yet, just keep nextIndex unchanged and retry.
2021-10-28 01:50:43,381 [Listener at 127.0.0.1/46475] INFO  statemachine.DatanodeStateMachine (DatanodeStateMachine.java:stopDaemon(526)) - Ozone container server stopped.
2021-10-28 01:50:43,382 [Listener at 127.0.0.1/46475] INFO  handler.ContextHandler (ContextHandler.java:doStop(1153)) - Stopped o.e.j.w.WebAppContext@179a6102{hddsDatanode,/,null,STOPPED}{jar:file:/home/runner/.m2/repository/org/apache/ozone/hdds-container-service/1.2.0-SNAPSHOT/hdds-container-service-1.2.0-SNAPSHOT.jar!/webapps/hddsDatanode}
2021-10-28 01:50:43,383 [Listener at 127.0.0.1/46475] INFO  server.AbstractConnector (AbstractConnector.java:doStop(381)) - Stopped ServerConnector@42c9223c{HTTP/1.1, (http/1.1)}{0.0.0.0:0}
2021-10-28 01:50:43,383 [Listener at 127.0.0.1/46475] INFO  server.session (HouseKeeper.java:stopScavenging(149)) - node0 Stopped scavenging
2021-10-28 01:50:43,383 [Listener at 127.0.0.1/46475] INFO  handler.ContextHandler (ContextHandler.java:doStop(1153)) - Stopped o.e.j.s.ServletContextHandler@6311cae6{static,/static,jar:file:/home/runner/.m2/repository/org/apache/ozone/hdds-container-service/1.2.0-SNAPSHOT/hdds-container-service-1.2.0-SNAPSHOT.jar!/webapps/static,STOPPED}
2021-10-28 01:50:43,383 [Listener at 127.0.0.1/46475] INFO  handler.ContextHandler (ContextHandler.java:doStop(1153)) - Stopped o.e.j.s.ServletContextHandler@6260094c{logs,/logs,file:///home/runner/work/ozone/ozone/hadoop-ozone/integration-test/target/log,STOPPED}
2021-10-28 01:50:43,628 [ForkJoinPool.commonPool-worker-1] INFO  statemachine.DatanodeStateMachine (DatanodeStateMachine.java:stopDaemon(526)) - Ozone container server stopped.
2021-10-28 01:50:43,759 [ForkJoinPool.commonPool-worker-1] INFO  handler.ContextHandler (ContextHandler.java:doStop(1153)) - Stopped o.e.j.w.WebAppContext@3eb2cd8b{hddsDatanode,/,null,STOPPED}{jar:file:/home/runner/.m2/repository/org/apache/ozone/hdds-container-service/1.2.0-SNAPSHOT/hdds-container-service-1.2.0-SNAPSHOT.jar!/webapps/hddsDatanode}
2021-10-28 01:50:43,760 [ForkJoinPool.commonPool-worker-1] INFO  server.AbstractConnector (AbstractConnector.java:doStop(381)) - Stopped ServerConnector@5a5e12a5{HTTP/1.1, (http/1.1)}{0.0.0.0:0}
2021-10-28 01:50:43,760 [ForkJoinPool.commonPool-worker-1] INFO  server.session (HouseKeeper.java:stopScavenging(149)) - node0 Stopped scavenging
2021-10-28 01:50:43,772 [ForkJoinPool.commonPool-worker-1] INFO  handler.ContextHandler (ContextHandler.java:doStop(1153)) - Stopped o.e.j.s.ServletContextHandler@3c658f8f{static,/static,jar:file:/home/runner/.m2/repository/org/apache/ozone/hdds-container-service/1.2.0-SNAPSHOT/hdds-container-service-1.2.0-SNAPSHOT.jar!/webapps/static,STOPPED}
2021-10-28 01:50:43,773 [ForkJoinPool.commonPool-worker-1] INFO  handler.ContextHandler (ContextHandler.java:doStop(1153)) - Stopped o.e.j.s.ServletContextHandler@573f999{logs,/logs,file:///home/runner/work/ozone/ozone/hadoop-ozone/integration-test/target/log,STOPPED}
2021-10-28 01:50:44,395 [EventQueue-StaleNodeForStaleNodeHandler] INFO  node.StaleNodeHandler (StaleNodeHandler.java:onMessage(58)) - Datanode 43ee2308-4bff-4c12-a476-7906f102dfb0{ip: 10.1.0.29, host: fv-az270-135.tacnzluakwdehk1hpragurqkma.bx.internal.cloudapp.net, ports: [REPLICATION=42689, RATIS=33053, RATIS_ADMIN=33053, RATIS_SERVER=33053, STANDALONE=35333], networkLocation: /default-rack, certSerialId: null, persistedOpState: IN_SERVICE, persistedOpStateExpiryEpochSec: 0} moved to stale state. Finalizing its pipelines [PipelineID=29aa6e73-0aa4-4063-ad5a-28d3060bbd8c, PipelineID=6051f0ed-a979-43e1-b3d7-616a459d8117, PipelineID=ce064907-5aa2-46cd-bdeb-ec3451d81b3e]
2021-10-28 01:50:44,395 [EventQueue-StaleNodeForStaleNodeHandler] INFO  pipeline.PipelineManagerImpl (PipelineManagerImpl.java:closePipeline(349)) - Pipeline Pipeline[ Id: 29aa6e73-0aa4-4063-ad5a-28d3060bbd8c, Nodes: 6d544018-2462-4d7b-9c06-1f628f7d4bb3{ip: 10.1.0.29, host: fv-az270-135.tacnzluakwdehk1hpragurqkma.bx.internal.cloudapp.net, ports: [REPLICATION=41683, RATIS=46225, RATIS_ADMIN=46225, RATIS_SERVER=46225, STANDALONE=33603], networkLocation: /default-rack, certSerialId: null, persistedOpState: IN_SERVICE, persistedOpStateExpiryEpochSec: 0}850b4870-9ae5-4bfa-bbd2-f1f242dff33d{ip: 10.1.0.29, host: fv-az270-135.tacnzluakwdehk1hpragurqkma.bx.internal.cloudapp.net, ports: [REPLICATION=39677, RATIS=35637, RATIS_ADMIN=35637, RATIS_SERVER=35637, STANDALONE=41253], networkLocation: /default-rack, certSerialId: null, persistedOpState: IN_SERVICE, persistedOpStateExpiryEpochSec: 0}43ee2308-4bff-4c12-a476-7906f102dfb0{ip: 10.1.0.29, host: fv-az270-135.tacnzluakwdehk1hpragurqkma.bx.internal.cloudapp.net, ports: [REPLICATION=42689, RATIS=33053, RATIS_ADMIN=33053, RATIS_SERVER=33053, STANDALONE=35333], networkLocation: /default-rack, certSerialId: null, persistedOpState: IN_SERVICE, persistedOpStateExpiryEpochSec: 0}, ReplicationConfig: RATIS/THREE, State:ALLOCATED, leaderId:, CreationTimestamp2021-10-28T01:50:33.665Z[Etc/UTC]] moved to CLOSED state
2021-10-28 01:50:44,396 [EventQueue-StaleNodeForStaleNodeHandler] INFO  pipeline.PipelineManagerImpl (PipelineManagerImpl.java:closePipeline(349)) - Pipeline Pipeline[ Id: 6051f0ed-a979-43e1-b3d7-616a459d8117, Nodes: 43ee2308-4bff-4c12-a476-7906f102dfb0{ip: 10.1.0.29, host: fv-az270-135.tacnzluakwdehk1hpragurqkma.bx.internal.cloudapp.net, ports: [REPLICATION=42689, RATIS=33053, RATIS_ADMIN=33053, RATIS_SERVER=33053, STANDALONE=35333], networkLocation: /default-rack, certSerialId: null, persistedOpState: IN_SERVICE, persistedOpStateExpiryEpochSec: 0}, ReplicationConfig: RATIS/ONE, State:OPEN, leaderId:43ee2308-4bff-4c12-a476-7906f102dfb0, CreationTimestamp2021-10-28T01:49:22.866Z[Etc/UTC]] moved to CLOSED state
2021-10-28 01:50:44,396 [EventQueue-StaleNodeForStaleNodeHandler] INFO  pipeline.PipelineManagerImpl (PipelineManagerImpl.java:closePipeline(349)) - Pipeline Pipeline[ Id: ce064907-5aa2-46cd-bdeb-ec3451d81b3e, Nodes: 31d6ae09-1bf4-4ff4-9532-94f29ed1392e{ip: 10.1.0.29, host: fv-az270-135.tacnzluakwdehk1hpragurqkma.bx.internal.cloudapp.net, ports: [REPLICATION=42011, RATIS=44047, RATIS_ADMIN=44047, RATIS_SERVER=44047, STANDALONE=32823], networkLocation: /default-rack, certSerialId: null, persistedOpState: IN_SERVICE, persistedOpStateExpiryEpochSec: 0}850b4870-9ae5-4bfa-bbd2-f1f242dff33d{ip: 10.1.0.29, host: fv-az270-135.tacnzluakwdehk1hpragurqkma.bx.internal.cloudapp.net, ports: [REPLICATION=39677, RATIS=35637, RATIS_ADMIN=35637, RATIS_SERVER=35637, STANDALONE=41253], networkLocation: /default-rack, certSerialId: null, persistedOpState: IN_SERVICE, persistedOpStateExpiryEpochSec: 0}43ee2308-4bff-4c12-a476-7906f102dfb0{ip: 10.1.0.29, host: fv-az270-135.tacnzluakwdehk1hpragurqkma.bx.internal.cloudapp.net, ports: [REPLICATION=42689, RATIS=33053, RATIS_ADMIN=33053, RATIS_SERVER=33053, STANDALONE=35333], networkLocation: /default-rack, certSerialId: null, persistedOpState: IN_SERVICE, persistedOpStateExpiryEpochSec: 0}, ReplicationConfig: RATIS/THREE, State:ALLOCATED, leaderId:, CreationTimestamp2021-10-28T01:50:33.664Z[Etc/UTC]] moved to CLOSED state
2021-10-28 01:50:44,926 [grpc-default-executor-1] WARN  server.GrpcLogAppender (LogUtils.java:warn(122)) - 3bba12ea-eb97-4cb8-a72d-96cb4f92f88e@group-E918C9FD5E21->167d9434-a89e-4891-b1b1-bac4f9f29552-AppendLogResponseHandler: Failed appendEntries: org.apache.ratis.thirdparty.io.grpc.StatusRuntimeException: UNAVAILABLE: io exception
2021-10-28 01:50:44,927 [grpc-default-executor-1] WARN  server.GrpcLogAppender (GrpcLogAppender.java:resetClient(110)) - 3bba12ea-eb97-4cb8-a72d-96cb4f92f88e@group-E918C9FD5E21->167d9434-a89e-4891-b1b1-bac4f9f29552-GrpcLogAppender: Leader has not got in touch with Follower 3bba12ea-eb97-4cb8-a72d-96cb4f92f88e@group-E918C9FD5E21->167d9434-a89e-4891-b1b1-bac4f9f29552(c0,m0,n1, attendVote=true, lastRpcSendTime=3, lastRpcResponseTime=5005) yet, just keep nextIndex unchanged and retry.
2021-10-28 01:50:45,099 [EventQueue-StaleNodeForStaleNodeHandler] INFO  node.StaleNodeHandler (StaleNodeHandler.java:onMessage(58)) - Datanode 167d9434-a89e-4891-b1b1-bac4f9f29552{ip: 10.1.0.29, host: fv-az270-135.tacnzluakwdehk1hpragurqkma.bx.internal.cloudapp.net, ports: [REPLICATION=43661, RATIS=32839, RATIS_ADMIN=32839, RATIS_SERVER=32839, STANDALONE=40527], networkLocation: /default-rack, certSerialId: null, persistedOpState: IN_SERVICE, persistedOpStateExpiryEpochSec: 0} moved to stale state. Finalizing its pipelines [PipelineID=2f4116b9-c803-4b24-85d7-356a7e5a79f8, PipelineID=1e12f81b-9515-4629-add1-7330c24fe1e2, PipelineID=1e7b1cb3-9b09-404d-9c06-e918c9fd5e21]
2021-10-28 01:50:45,100 [EventQueue-StaleNodeForStaleNodeHandler] INFO  pipeline.PipelineManagerImpl (PipelineManagerImpl.java:closePipeline(349)) - Pipeline Pipeline[ Id: 2f4116b9-c803-4b24-85d7-356a7e5a79f8, Nodes: 167d9434-a89e-4891-b1b1-bac4f9f29552{ip: 10.1.0.29, host: fv-az270-135.tacnzluakwdehk1hpragurqkma.bx.internal.cloudapp.net, ports: [REPLICATION=43661, RATIS=32839, RATIS_ADMIN=32839, RATIS_SERVER=32839, STANDALONE=40527], networkLocation: /default-rack, certSerialId: null, persistedOpState: IN_SERVICE, persistedOpStateExpiryEpochSec: 0}, ReplicationConfig: RATIS/ONE, State:OPEN, leaderId:167d9434-a89e-4891-b1b1-bac4f9f29552, CreationTimestamp2021-10-28T01:49:20.795Z[Etc/UTC]] moved to CLOSED state
2021-10-28 01:50:45,100 [EventQueue-StaleNodeForStaleNodeHandler] INFO  pipeline.PipelineManagerImpl (PipelineManagerImpl.java:closePipeline(349)) - Pipeline Pipeline[ Id: 1e12f81b-9515-4629-add1-7330c24fe1e2, Nodes: 3bba12ea-eb97-4cb8-a72d-96cb4f92f88e{ip: 10.1.0.29, host: fv-az270-135.tacnzluakwdehk1hpragurqkma.bx.internal.cloudapp.net, ports: [REPLICATION=33787, RATIS=33133, RATIS_ADMIN=33133, RATIS_SERVER=33133, STANDALONE=42261], networkLocation: /default-rack, certSerialId: null, persistedOpState: IN_SERVICE, persistedOpStateExpiryEpochSec: 0}167d9434-a89e-4891-b1b1-bac4f9f29552{ip: 10.1.0.29, host: fv-az270-135.tacnzluakwdehk1hpragurqkma.bx.internal.cloudapp.net, ports: [REPLICATION=43661, RATIS=32839, RATIS_ADMIN=32839, RATIS_SERVER=32839, STANDALONE=40527], networkLocation: /default-rack, certSerialId: null, persistedOpState: IN_SERVICE, persistedOpStateExpiryEpochSec: 0}253ef487-fc9a-46cf-a18f-fb890cfa9c45{ip: 10.1.0.29, host: fv-az270-135.tacnzluakwdehk1hpragurqkma.bx.internal.cloudapp.net, ports: [REPLICATION=33957, RATIS=46847, RATIS_ADMIN=46847, RATIS_SERVER=46847, STANDALONE=44157], networkLocation: /default-rack, certSerialId: null, persistedOpState: IN_SERVICE, persistedOpStateExpiryEpochSec: 0}, ReplicationConfig: RATIS/THREE, State:OPEN, leaderId:167d9434-a89e-4891-b1b1-bac4f9f29552, CreationTimestamp2021-10-28T01:49:21.548Z[Etc/UTC]] moved to CLOSED state
2021-10-28 01:50:45,100 [EventQueue-StaleNodeForStaleNodeHandler] INFO  pipeline.PipelineManagerImpl (PipelineManagerImpl.java:closePipeline(349)) - Pipeline Pipeline[ Id: 1e7b1cb3-9b09-404d-9c06-e918c9fd5e21, Nodes: 167d9434-a89e-4891-b1b1-bac4f9f29552{ip: 10.1.0.29, host: fv-az270-135.tacnzluakwdehk1hpragurqkma.bx.internal.cloudapp.net, ports: [REPLICATION=43661, RATIS=32839, RATIS_ADMIN=32839, RATIS_SERVER=32839, STANDALONE=40527], networkLocation: /default-rack, certSerialId: null, persistedOpState: IN_SERVICE, persistedOpStateExpiryEpochSec: 0}3bba12ea-eb97-4cb8-a72d-96cb4f92f88e{ip: 10.1.0.29, host: fv-az270-135.tacnzluakwdehk1hpragurqkma.bx.internal.cloudapp.net, ports: [REPLICATION=33787, RATIS=33133, RATIS_ADMIN=33133, RATIS_SERVER=33133, STANDALONE=42261], networkLocation: /default-rack, certSerialId: null, persistedOpState: IN_SERVICE, persistedOpStateExpiryEpochSec: 0}253ef487-fc9a-46cf-a18f-fb890cfa9c45{ip: 10.1.0.29, host: fv-az270-135.tacnzluakwdehk1hpragurqkma.bx.internal.cloudapp.net, ports: [REPLICATION=33957, RATIS=46847, RATIS_ADMIN=46847, RATIS_SERVER=46847, STANDALONE=44157], networkLocation: /default-rack, certSerialId: null, persistedOpState: IN_SERVICE, persistedOpStateExpiryEpochSec: 0}, ReplicationConfig: RATIS/THREE, State:OPEN, leaderId:3bba12ea-eb97-4cb8-a72d-96cb4f92f88e, CreationTimestamp2021-10-28T01:49:21.549Z[Etc/UTC]] moved to CLOSED state
2021-10-28 01:50:45,210 [253ef487-fc9a-46cf-a18f-fb890cfa9c45@group-7330C24FE1E2-FollowerState] INFO  impl.FollowerState (FollowerState.java:run(134)) - 253ef487-fc9a-46cf-a18f-fb890cfa9c45@group-7330C24FE1E2-FollowerState: change to CANDIDATE, lastRpcElapsedTime:5358570576ns, electionTimeout:5191ms
2021-10-28 01:50:45,210 [253ef487-fc9a-46cf-a18f-fb890cfa9c45@group-7330C24FE1E2-FollowerState] INFO  impl.RoleInfo (RoleInfo.java:shutdownFollowerState(108)) - 253ef487-fc9a-46cf-a18f-fb890cfa9c45: shutdown 253ef487-fc9a-46cf-a18f-fb890cfa9c45@group-7330C24FE1E2-FollowerState
2021-10-28 01:50:45,210 [253ef487-fc9a-46cf-a18f-fb890cfa9c45@group-7330C24FE1E2-FollowerState] INFO  server.RaftServer$Division (RaftServerImpl.java:setRole(290)) - 253ef487-fc9a-46cf-a18f-fb890cfa9c45@group-7330C24FE1E2: changes role from  FOLLOWER to CANDIDATE at term 4 for changeToCandidate
2021-10-28 01:50:45,210 [253ef487-fc9a-46cf-a18f-fb890cfa9c45@group-7330C24FE1E2-FollowerState] INFO  server.RaftServerConfigKeys (ConfUtils.java:logGet(44)) - raft.server.leaderelection.pre-vote = false (custom)
2021-10-28 01:50:45,210 [253ef487-fc9a-46cf-a18f-fb890cfa9c45@group-7330C24FE1E2-FollowerState] INFO  impl.RoleInfo (RoleInfo.java:updateAndGet(130)) - 253ef487-fc9a-46cf-a18f-fb890cfa9c45: start 253ef487-fc9a-46cf-a18f-fb890cfa9c45@group-7330C24FE1E2-LeaderElection84
2021-10-28 01:50:45,251 [253ef487-fc9a-46cf-a18f-fb890cfa9c45@group-7330C24FE1E2-LeaderElection84] INFO  server.RaftServer$Division (ServerState.java:setLeader(285)) - 253ef487-fc9a-46cf-a18f-fb890cfa9c45@group-7330C24FE1E2: change Leader from 167d9434-a89e-4891-b1b1-bac4f9f29552 to null at term 4 for ELECTION
2021-10-28 01:50:45,261 [253ef487-fc9a-46cf-a18f-fb890cfa9c45@group-7330C24FE1E2-LeaderElection84] INFO  impl.LeaderElection (LeaderElection.java:askForVotes(306)) - 253ef487-fc9a-46cf-a18f-fb890cfa9c45@group-7330C24FE1E2-LeaderElection84 ELECTION round 0: submit vote requests at term 5 for 0: [3bba12ea-eb97-4cb8-a72d-96cb4f92f88e|rpc:10.1.0.29:33133|dataStream:|priority:0, 253ef487-fc9a-46cf-a18f-fb890cfa9c45|rpc:10.1.0.29:46847|dataStream:|priority:0, 167d9434-a89e-4891-b1b1-bac4f9f29552|rpc:10.1.0.29:32839|dataStream:|priority:1], old=null
2021-10-28 01:50:45,263 [3bba12ea-eb97-4cb8-a72d-96cb4f92f88e@group-7330C24FE1E2-FollowerState] INFO  impl.FollowerState (FollowerState.java:run(134)) - 3bba12ea-eb97-4cb8-a72d-96cb4f92f88e@group-7330C24FE1E2-FollowerState: change to CANDIDATE, lastRpcElapsedTime:5578600151ns, electionTimeout:5161ms
2021-10-28 01:50:45,263 [3bba12ea-eb97-4cb8-a72d-96cb4f92f88e@group-7330C24FE1E2-FollowerState] INFO  impl.RoleInfo (RoleInfo.java:shutdownFollowerState(108)) - 3bba12ea-eb97-4cb8-a72d-96cb4f92f88e: shutdown 3bba12ea-eb97-4cb8-a72d-96cb4f92f88e@group-7330C24FE1E2-FollowerState
2021-10-28 01:50:45,263 [3bba12ea-eb97-4cb8-a72d-96cb4f92f88e@group-7330C24FE1E2-FollowerState] INFO  server.RaftServer$Division (RaftServerImpl.java:setRole(290)) - 3bba12ea-eb97-4cb8-a72d-96cb4f92f88e@group-7330C24FE1E2: changes role from  FOLLOWER to CANDIDATE at term 4 for changeToCandidate
2021-10-28 01:50:45,290 [3bba12ea-eb97-4cb8-a72d-96cb4f92f88e@group-7330C24FE1E2-FollowerState] INFO  server.RaftServerConfigKeys (ConfUtils.java:logGet(44)) - raft.server.leaderelection.pre-vote = false (custom)
2021-10-28 01:50:45,291 [3bba12ea-eb97-4cb8-a72d-96cb4f92f88e@group-7330C24FE1E2-FollowerState] INFO  impl.RoleInfo (RoleInfo.java:updateAndGet(130)) - 3bba12ea-eb97-4cb8-a72d-96cb4f92f88e: start 3bba12ea-eb97-4cb8-a72d-96cb4f92f88e@group-7330C24FE1E2-LeaderElection85
2021-10-28 01:50:45,306 [grpc-default-executor-1] INFO  server.RaftServer$Division (RaftServerImpl.java:requestVote(1046)) - 3bba12ea-eb97-4cb8-a72d-96cb4f92f88e@group-7330C24FE1E2: receive requestVote(ELECTION, 253ef487-fc9a-46cf-a18f-fb890cfa9c45, group-7330C24FE1E2, 5, (t:4, i:0))
2021-10-28 01:50:45,323 [grpc-default-executor-1] INFO  impl.VoteContext (VoteContext.java:log(48)) - 3bba12ea-eb97-4cb8-a72d-96cb4f92f88e@group-7330C24FE1E2-CANDIDATE: accept ELECTION from 253ef487-fc9a-46cf-a18f-fb890cfa9c45: our priority 0 <= candidate's priority 0
2021-10-28 01:50:45,323 [grpc-default-executor-1] INFO  server.RaftServer$Division (ServerState.java:setLeader(285)) - 3bba12ea-eb97-4cb8-a72d-96cb4f92f88e@group-7330C24FE1E2: change Leader from 167d9434-a89e-4891-b1b1-bac4f9f29552 to null at term 5 for updateCurrentTerm
2021-10-28 01:50:45,323 [grpc-default-executor-1] INFO  server.RaftServer$Division (RaftServerImpl.java:setRole(290)) - 3bba12ea-eb97-4cb8-a72d-96cb4f92f88e@group-7330C24FE1E2: changes role from CANDIDATE to FOLLOWER at term 5 for candidate:253ef487-fc9a-46cf-a18f-fb890cfa9c45
2021-10-28 01:50:45,323 [grpc-default-executor-1] INFO  impl.RoleInfo (RoleInfo.java:shutdownLeaderElection(121)) - 3bba12ea-eb97-4cb8-a72d-96cb4f92f88e: shutdown 3bba12ea-eb97-4cb8-a72d-96cb4f92f88e@group-7330C24FE1E2-LeaderElection85
2021-10-28 01:50:45,323 [grpc-default-executor-1] INFO  impl.RoleInfo (RoleInfo.java:updateAndGet(130)) - 3bba12ea-eb97-4cb8-a72d-96cb4f92f88e: start 3bba12ea-eb97-4cb8-a72d-96cb4f92f88e@group-7330C24FE1E2-FollowerState
2021-10-28 01:50:45,331 [3bba12ea-eb97-4cb8-a72d-96cb4f92f88e@group-7330C24FE1E2-LeaderElection85] INFO  impl.LeaderElection (LeaderElection.java:run(230)) - 3bba12ea-eb97-4cb8-a72d-96cb4f92f88e@group-7330C24FE1E2-LeaderElection85: skip running since this is already CLOSING
2021-10-28 01:50:45,359 [grpc-default-executor-1] INFO  server.RaftServer$Division (RaftServerImpl.java:requestVote(1078)) - 3bba12ea-eb97-4cb8-a72d-96cb4f92f88e@group-7330C24FE1E2 replies to ELECTION vote request: 253ef487-fc9a-46cf-a18f-fb890cfa9c45<-3bba12ea-eb97-4cb8-a72d-96cb4f92f88e#0:OK-t5. Peer's state: 3bba12ea-eb97-4cb8-a72d-96cb4f92f88e@group-7330C24FE1E2:t5, leader=null, voted=253ef487-fc9a-46cf-a18f-fb890cfa9c45, raftlog=3bba12ea-eb97-4cb8-a72d-96cb4f92f88e@group-7330C24FE1E2-SegmentedRaftLog:OPENED:c0, conf=0: [3bba12ea-eb97-4cb8-a72d-96cb4f92f88e|rpc:10.1.0.29:33133|dataStream:|priority:0, 253ef487-fc9a-46cf-a18f-fb890cfa9c45|rpc:10.1.0.29:46847|dataStream:|priority:0, 167d9434-a89e-4891-b1b1-bac4f9f29552|rpc:10.1.0.29:32839|dataStream:|priority:1], old=null
2021-10-28 01:50:45,359 [253ef487-fc9a-46cf-a18f-fb890cfa9c45@group-7330C24FE1E2-LeaderElection84] INFO  impl.LeaderElection (LogUtils.java:infoOrTrace(137)) - 253ef487-fc9a-46cf-a18f-fb890cfa9c45@group-7330C24FE1E2-LeaderElection84 got exception when requesting votes: java.util.concurrent.ExecutionException: org.apache.ratis.thirdparty.io.grpc.StatusRuntimeException: UNAVAILABLE: io exception
2021-10-28 01:50:45,364 [253ef487-fc9a-46cf-a18f-fb890cfa9c45@group-7330C24FE1E2-LeaderElection84] INFO  impl.LeaderElection (LeaderElection.java:logAndReturn(89)) - 253ef487-fc9a-46cf-a18f-fb890cfa9c45@group-7330C24FE1E2-LeaderElection84: ELECTION PASSED received 1 response(s) and 1 exception(s):
2021-10-28 01:50:45,365 [253ef487-fc9a-46cf-a18f-fb890cfa9c45@group-7330C24FE1E2-LeaderElection84] INFO  impl.LeaderElection (LeaderElection.java:logAndReturn(93)) -   Response 0: 253ef487-fc9a-46cf-a18f-fb890cfa9c45<-3bba12ea-eb97-4cb8-a72d-96cb4f92f88e#0:OK-t5
2021-10-28 01:50:45,365 [253ef487-fc9a-46cf-a18f-fb890cfa9c45@group-7330C24FE1E2-LeaderElection84] INFO  impl.LeaderElection (LogUtils.java:infoOrTrace(137)) -   Exception 1: java.util.concurrent.ExecutionException: org.apache.ratis.thirdparty.io.grpc.StatusRuntimeException: UNAVAILABLE: io exception
2021-10-28 01:50:45,365 [253ef487-fc9a-46cf-a18f-fb890cfa9c45@group-7330C24FE1E2-LeaderElection84] INFO  impl.LeaderElection (LeaderElection.java:askForVotes(308)) - 253ef487-fc9a-46cf-a18f-fb890cfa9c45@group-7330C24FE1E2-LeaderElection84 ELECTION round 0: result PASSED
2021-10-28 01:50:45,365 [253ef487-fc9a-46cf-a18f-fb890cfa9c45@group-7330C24FE1E2-LeaderElection84] INFO  impl.RoleInfo (RoleInfo.java:shutdownLeaderElection(121)) - 253ef487-fc9a-46cf-a18f-fb890cfa9c45: shutdown 253ef487-fc9a-46cf-a18f-fb890cfa9c45@group-7330C24FE1E2-LeaderElection84
2021-10-28 01:50:45,365 [253ef487-fc9a-46cf-a18f-fb890cfa9c45@group-7330C24FE1E2-LeaderElection84] INFO  server.RaftServer$Division (RaftServerImpl.java:setRole(290)) - 253ef487-fc9a-46cf-a18f-fb890cfa9c45@group-7330C24FE1E2: changes role from CANDIDATE to LEADER at term 5 for changeToLeader
2021-10-28 01:50:45,365 [253ef487-fc9a-46cf-a18f-fb890cfa9c45@group-7330C24FE1E2-LeaderElection84] INFO  ratis.XceiverServerRatis (XceiverServerRatis.java:handleLeaderChangedNotification(866)) - Leader change notification received for group: group-7330C24FE1E2 with new leaderId: 253ef487-fc9a-46cf-a18f-fb890cfa9c45
2021-10-28 01:50:45,365 [253ef487-fc9a-46cf-a18f-fb890cfa9c45@group-7330C24FE1E2-LeaderElection84] INFO  server.RaftServer$Division (ServerState.java:setLeader(285)) - 253ef487-fc9a-46cf-a18f-fb890cfa9c45@group-7330C24FE1E2: change Leader from null to 253ef487-fc9a-46cf-a18f-fb890cfa9c45 at term 5 for becomeLeader, leader elected after 113ms
2021-10-28 01:50:45,365 [253ef487-fc9a-46cf-a18f-fb890cfa9c45@group-7330C24FE1E2-LeaderElection84] INFO  server.RaftServerConfigKeys (ConfUtils.java:logGet(44)) - raft.server.staging.catchup.gap = 1000 (default)
2021-10-28 01:50:45,365 [253ef487-fc9a-46cf-a18f-fb890cfa9c45@group-7330C24FE1E2-LeaderElection84] INFO  server.RaftServerConfigKeys (ConfUtils.java:logGet(44)) - raft.server.write.element-limit = 1024 (custom)
2021-10-28 01:50:45,365 [253ef487-fc9a-46cf-a18f-fb890cfa9c45@group-7330C24FE1E2-LeaderElection84] INFO  server.RaftServerConfigKeys (ConfUtils.java:logGet(44)) - raft.server.write.byte-limit = 1024 M (=1073741824) (custom)
2021-10-28 01:50:45,365 [253ef487-fc9a-46cf-a18f-fb890cfa9c45@group-7330C24FE1E2-LeaderElection84] INFO  server.RaftServerConfigKeys (ConfUtils.java:logGet(44)) - raft.server.watch.timeout = 3000ms (custom)
2021-10-28 01:50:45,366 [253ef487-fc9a-46cf-a18f-fb890cfa9c45@group-7330C24FE1E2-LeaderElection84] INFO  server.RaftServerConfigKeys (ConfUtils.java:logGet(44)) - raft.server.watch.timeout.denomination = 1s (default)
2021-10-28 01:50:45,366 [253ef487-fc9a-46cf-a18f-fb890cfa9c45@group-7330C24FE1E2-LeaderElection84] INFO  server.RaftServerConfigKeys (ConfUtils.java:logGet(44)) - raft.server.watch.element-limit = 65536 (default)
2021-10-28 01:50:45,366 [253ef487-fc9a-46cf-a18f-fb890cfa9c45@group-7330C24FE1E2-LeaderElection84] INFO  server.RaftServerConfigKeys (ConfUtils.java:logGet(44)) - raft.server.write.element-limit = 1024 (custom)
2021-10-28 01:50:45,366 [253ef487-fc9a-46cf-a18f-fb890cfa9c45@group-7330C24FE1E2-LeaderElection84] INFO  server.RaftServerConfigKeys (ConfUtils.java:logGet(44)) - raft.server.write.follower.gap.ratio.max = -1.0 (default)
2021-10-28 01:50:45,366 [253ef487-fc9a-46cf-a18f-fb890cfa9c45@group-7330C24FE1E2-LeaderElection84] INFO  server.RaftServerConfigKeys (ConfUtils.java:logGet(44)) - raft.server.log.appender.snapshot.chunk.size.max = 16MB (=16777216) (default)
2021-10-28 01:50:45,366 [253ef487-fc9a-46cf-a18f-fb890cfa9c45@group-7330C24FE1E2-LeaderElection84] INFO  server.RaftServerConfigKeys (ConfUtils.java:logGet(44)) - raft.server.log.appender.buffer.byte-limit = 33554432 (custom)
2021-10-28 01:50:45,366 [253ef487-fc9a-46cf-a18f-fb890cfa9c45@group-7330C24FE1E2-LeaderElection84] INFO  server.RaftServerConfigKeys (ConfUtils.java:logGet(44)) - raft.server.log.appender.buffer.element-limit = 1 (custom)
2021-10-28 01:50:45,366 [253ef487-fc9a-46cf-a18f-fb890cfa9c45@group-7330C24FE1E2-LeaderElection84] INFO  grpc.GrpcConfigKeys (ConfUtils.java:logGet(44)) - raft.grpc.server.leader.outstanding.appends.max = 128 (default)
2021-10-28 01:50:45,366 [253ef487-fc9a-46cf-a18f-fb890cfa9c45@group-7330C24FE1E2-LeaderElection84] INFO  server.RaftServerConfigKeys (ConfUtils.java:logGet(44)) - raft.server.rpc.request.timeout = 3000ms (default)
2021-10-28 01:50:45,366 [253ef487-fc9a-46cf-a18f-fb890cfa9c45@group-7330C24FE1E2-LeaderElection84] INFO  server.RaftServerConfigKeys (ConfUtils.java:logGet(44)) - raft.server.log.appender.install.snapshot.enabled = false (custom)
2021-10-28 01:50:45,368 [253ef487-fc9a-46cf-a18f-fb890cfa9c45@group-7330C24FE1E2-LeaderElection84] INFO  server.RaftServerConfigKeys (ConfUtils.java:logGet(44)) - raft.server.log.appender.snapshot.chunk.size.max = 16MB (=16777216) (default)
2021-10-28 01:50:45,368 [253ef487-fc9a-46cf-a18f-fb890cfa9c45@group-7330C24FE1E2-LeaderElection84] INFO  server.RaftServerConfigKeys (ConfUtils.java:logGet(44)) - raft.server.log.appender.buffer.byte-limit = 33554432 (custom)
2021-10-28 01:50:45,368 [253ef487-fc9a-46cf-a18f-fb890cfa9c45@group-7330C24FE1E2-LeaderElection84] INFO  server.RaftServerConfigKeys (ConfUtils.java:logGet(44)) - raft.server.log.appender.buffer.element-limit = 1 (custom)
2021-10-28 01:50:45,368 [253ef487-fc9a-46cf-a18f-fb890cfa9c45@group-7330C24FE1E2-LeaderElection84] INFO  grpc.GrpcConfigKeys (ConfUtils.java:logGet(44)) - raft.grpc.server.leader.outstanding.appends.max = 128 (default)
2021-10-28 01:50:45,368 [253ef487-fc9a-46cf-a18f-fb890cfa9c45@group-7330C24FE1E2-LeaderElection84] INFO  server.RaftServerConfigKeys (ConfUtils.java:logGet(44)) - raft.server.rpc.request.timeout = 3000ms (default)
2021-10-28 01:50:45,368 [253ef487-fc9a-46cf-a18f-fb890cfa9c45@group-7330C24FE1E2-LeaderElection84] INFO  server.RaftServerConfigKeys (ConfUtils.java:logGet(44)) - raft.server.log.appender.install.snapshot.enabled = false (custom)
2021-10-28 01:50:45,369 [253ef487-fc9a-46cf-a18f-fb890cfa9c45@group-7330C24FE1E2-LeaderElection84] INFO  impl.RoleInfo (RoleInfo.java:updateAndGet(130)) - 253ef487-fc9a-46cf-a18f-fb890cfa9c45: start 253ef487-fc9a-46cf-a18f-fb890cfa9c45@group-7330C24FE1E2-LeaderStateImpl
2021-10-28 01:50:45,369 [253ef487-fc9a-46cf-a18f-fb890cfa9c45@group-7330C24FE1E2-LeaderElection84] INFO  segmented.SegmentedRaftLogWorker (SegmentedRaftLogWorker.java:rollLogSegment(399)) - 253ef487-fc9a-46cf-a18f-fb890cfa9c45@group-7330C24FE1E2-SegmentedRaftLogWorker: Rolling segment log-0_0 to index:0
2021-10-28 01:50:45,370 [253ef487-fc9a-46cf-a18f-fb890cfa9c45@group-7330C24FE1E2-SegmentedRaftLogWorker] INFO  segmented.SegmentedRaftLogWorker (SegmentedRaftLogWorker.java:execute(558)) - 253ef487-fc9a-46cf-a18f-fb890cfa9c45@group-7330C24FE1E2-SegmentedRaftLogWorker: Rolled log segment from /home/runner/work/ozone/ozone/hadoop-ozone/integration-test/target/test-dir/MiniOzoneClusterImpl-0566475b-15f3-492a-9b28-f78457f271af/datanode-0/data/ratis/1e12f81b-9515-4629-add1-7330c24fe1e2/current/log_inprogress_0 to /home/runner/work/ozone/ozone/hadoop-ozone/integration-test/target/test-dir/MiniOzoneClusterImpl-0566475b-15f3-492a-9b28-f78457f271af/datanode-0/data/ratis/1e12f81b-9515-4629-add1-7330c24fe1e2/current/log_0-0
2021-10-28 01:50:45,375 [253ef487-fc9a-46cf-a18f-fb890cfa9c45@group-7330C24FE1E2-SegmentedRaftLogWorker] INFO  segmented.SegmentedRaftLogWorker (SegmentedRaftLogWorker.java:execute(601)) - 253ef487-fc9a-46cf-a18f-fb890cfa9c45@group-7330C24FE1E2-SegmentedRaftLogWorker: created new log segment /home/runner/work/ozone/ozone/hadoop-ozone/integration-test/target/test-dir/MiniOzoneClusterImpl-0566475b-15f3-492a-9b28-f78457f271af/datanode-0/data/ratis/1e12f81b-9515-4629-add1-7330c24fe1e2/current/log_inprogress_1
2021-10-28 01:50:45,455 [grpc-default-executor-1] WARN  server.GrpcLogAppender (LogUtils.java:warn(122)) - 253ef487-fc9a-46cf-a18f-fb890cfa9c45@group-7330C24FE1E2->167d9434-a89e-4891-b1b1-bac4f9f29552-AppendLogResponseHandler: Failed appendEntries: org.apache.ratis.thirdparty.io.grpc.StatusRuntimeException: UNAVAILABLE: io exception
2021-10-28 01:50:45,456 [grpc-default-executor-1] WARN  server.GrpcLogAppender (GrpcLogAppender.java:resetClient(110)) - 253ef487-fc9a-46cf-a18f-fb890cfa9c45@group-7330C24FE1E2->167d9434-a89e-4891-b1b1-bac4f9f29552-GrpcLogAppender: Leader has not got in touch with Follower 253ef487-fc9a-46cf-a18f-fb890cfa9c45@group-7330C24FE1E2->167d9434-a89e-4891-b1b1-bac4f9f29552(c-1,m0,n1, attendVote=true, lastRpcSendTime=5290, lastRpcResponseTime=5290) yet, just keep nextIndex unchanged and retry.
2021-10-28 01:50:45,458 [grpc-default-executor-1] WARN  server.GrpcLogAppender (LogUtils.java:warn(122)) - 253ef487-fc9a-46cf-a18f-fb890cfa9c45@group-7330C24FE1E2->167d9434-a89e-4891-b1b1-bac4f9f29552-AppendLogResponseHandler: Failed appendEntries: org.apache.ratis.thirdparty.io.grpc.StatusRuntimeException: UNAVAILABLE: io exception
2021-10-28 01:50:45,459 [grpc-default-executor-1] WARN  server.GrpcLogAppender (GrpcLogAppender.java:resetClient(110)) - 253ef487-fc9a-46cf-a18f-fb890cfa9c45@group-7330C24FE1E2->167d9434-a89e-4891-b1b1-bac4f9f29552-GrpcLogAppender: Leader has not got in touch with Follower 253ef487-fc9a-46cf-a18f-fb890cfa9c45@group-7330C24FE1E2->167d9434-a89e-4891-b1b1-bac4f9f29552(c-1,m0,n2, attendVote=true, lastRpcSendTime=2, lastRpcResponseTime=5292) yet, just keep nextIndex unchanged and retry.
2021-10-28 01:50:45,466 [253ef487-fc9a-46cf-a18f-fb890cfa9c45@group-7330C24FE1E2-LeaderElection84] INFO  server.RaftServer$Division (ServerState.java:setRaftConf(387)) - 253ef487-fc9a-46cf-a18f-fb890cfa9c45@group-7330C24FE1E2: set configuration 1: [3bba12ea-eb97-4cb8-a72d-96cb4f92f88e|rpc:10.1.0.29:33133|dataStream:|priority:0, 253ef487-fc9a-46cf-a18f-fb890cfa9c45|rpc:10.1.0.29:46847|dataStream:|priority:0, 167d9434-a89e-4891-b1b1-bac4f9f29552|rpc:10.1.0.29:32839|dataStream:|priority:1], old=null
2021-10-28 01:50:45,468 [grpc-default-executor-5] INFO  ratis.XceiverServerRatis (XceiverServerRatis.java:handleLeaderChangedNotification(866)) - Leader change notification received for group: group-7330C24FE1E2 with new leaderId: 253ef487-fc9a-46cf-a18f-fb890cfa9c45
2021-10-28 01:50:45,468 [grpc-default-executor-5] INFO  server.RaftServer$Division (ServerState.java:setLeader(285)) - 3bba12ea-eb97-4cb8-a72d-96cb4f92f88e@group-7330C24FE1E2: change Leader from null to 253ef487-fc9a-46cf-a18f-fb890cfa9c45 at term 5 for appendEntries, leader elected after 144ms
2021-10-28 01:50:45,475 [grpc-default-executor-5] INFO  server.RaftServer$Division (ServerState.java:setRaftConf(387)) - 3bba12ea-eb97-4cb8-a72d-96cb4f92f88e@group-7330C24FE1E2: set configuration 1: [3bba12ea-eb97-4cb8-a72d-96cb4f92f88e|rpc:10.1.0.29:33133|dataStream:|priority:0, 253ef487-fc9a-46cf-a18f-fb890cfa9c45|rpc:10.1.0.29:46847|dataStream:|priority:0, 167d9434-a89e-4891-b1b1-bac4f9f29552|rpc:10.1.0.29:32839|dataStream:|priority:1], old=null
2021-10-28 01:50:45,475 [grpc-default-executor-5] INFO  segmented.SegmentedRaftLogWorker (SegmentedRaftLogWorker.java:rollLogSegment(399)) - 3bba12ea-eb97-4cb8-a72d-96cb4f92f88e@group-7330C24FE1E2-SegmentedRaftLogWorker: Rolling segment log-0_0 to index:0
2021-10-28 01:50:45,540 [3bba12ea-eb97-4cb8-a72d-96cb4f92f88e@group-7330C24FE1E2-SegmentedRaftLogWorker] INFO  segmented.SegmentedRaftLogWorker (SegmentedRaftLogWorker.java:execute(558)) - 3bba12ea-eb97-4cb8-a72d-96cb4f92f88e@group-7330C24FE1E2-SegmentedRaftLogWorker: Rolled log segment from /home/runner/work/ozone/ozone/hadoop-ozone/integration-test/target/test-dir/MiniOzoneClusterImpl-0566475b-15f3-492a-9b28-f78457f271af/datanode-2/data/ratis/1e12f81b-9515-4629-add1-7330c24fe1e2/current/log_inprogress_0 to /home/runner/work/ozone/ozone/hadoop-ozone/integration-test/target/test-dir/MiniOzoneClusterImpl-0566475b-15f3-492a-9b28-f78457f271af/datanode-2/data/ratis/1e12f81b-9515-4629-add1-7330c24fe1e2/current/log_0-0
2021-10-28 01:50:45,546 [3bba12ea-eb97-4cb8-a72d-96cb4f92f88e@group-7330C24FE1E2-SegmentedRaftLogWorker] INFO  segmented.SegmentedRaftLogWorker (SegmentedRaftLogWorker.java:execute(601)) - 3bba12ea-eb97-4cb8-a72d-96cb4f92f88e@group-7330C24FE1E2-SegmentedRaftLogWorker: created new log segment /home/runner/work/ozone/ozone/hadoop-ozone/integration-test/target/test-dir/MiniOzoneClusterImpl-0566475b-15f3-492a-9b28-f78457f271af/datanode-2/data/ratis/1e12f81b-9515-4629-add1-7330c24fe1e2/current/log_inprogress_1
2021-10-28 01:50:45,579 [grpc-default-executor-5] WARN  server.GrpcLogAppender (LogUtils.java:warn(122)) - 253ef487-fc9a-46cf-a18f-fb890cfa9c45@group-7330C24FE1E2->167d9434-a89e-4891-b1b1-bac4f9f29552-AppendLogResponseHandler: Failed appendEntries: org.apache.ratis.thirdparty.io.grpc.StatusRuntimeException: UNAVAILABLE: io exception
2021-10-28 01:50:45,580 [grpc-default-executor-5] WARN  server.GrpcLogAppender (GrpcLogAppender.java:resetClient(110)) - 253ef487-fc9a-46cf-a18f-fb890cfa9c45@group-7330C24FE1E2->167d9434-a89e-4891-b1b1-bac4f9f29552-GrpcLogAppender: Leader has not got in touch with Follower 253ef487-fc9a-46cf-a18f-fb890cfa9c45@group-7330C24FE1E2->167d9434-a89e-4891-b1b1-bac4f9f29552(c-1,m0,n3, attendVote=true, lastRpcSendTime=0, lastRpcResponseTime=5414) yet, just keep nextIndex unchanged and retry.
2021-10-28 01:50:45,730 [850b4870-9ae5-4bfa-bbd2-f1f242dff33d@group-EC3451D81B3E-FollowerState] INFO  impl.FollowerState (FollowerState.java:run(134)) - 850b4870-9ae5-4bfa-bbd2-f1f242dff33d@group-EC3451D81B3E-FollowerState: change to CANDIDATE, lastRpcElapsedTime:5153774532ns, electionTimeout:5114ms
2021-10-28 01:50:45,730 [850b4870-9ae5-4bfa-bbd2-f1f242dff33d@group-EC3451D81B3E-FollowerState] INFO  impl.RoleInfo (RoleInfo.java:shutdownFollowerState(108)) - 850b4870-9ae5-4bfa-bbd2-f1f242dff33d: shutdown 850b4870-9ae5-4bfa-bbd2-f1f242dff33d@group-EC3451D81B3E-FollowerState
2021-10-28 01:50:45,730 [850b4870-9ae5-4bfa-bbd2-f1f242dff33d@group-EC3451D81B3E-FollowerState] INFO  server.RaftServer$Division (RaftServerImpl.java:setRole(290)) - 850b4870-9ae5-4bfa-bbd2-f1f242dff33d@group-EC3451D81B3E: changes role from  FOLLOWER to CANDIDATE at term 1 for changeToCandidate
2021-10-28 01:50:45,730 [850b4870-9ae5-4bfa-bbd2-f1f242dff33d@group-EC3451D81B3E-FollowerState] INFO  server.RaftServerConfigKeys (ConfUtils.java:logGet(44)) - raft.server.leaderelection.pre-vote = false (custom)
2021-10-28 01:50:45,730 [850b4870-9ae5-4bfa-bbd2-f1f242dff33d@group-EC3451D81B3E-FollowerState] INFO  impl.RoleInfo (RoleInfo.java:updateAndGet(130)) - 850b4870-9ae5-4bfa-bbd2-f1f242dff33d: start 850b4870-9ae5-4bfa-bbd2-f1f242dff33d@group-EC3451D81B3E-LeaderElection86
2021-10-28 01:50:45,750 [31d6ae09-1bf4-4ff4-9532-94f29ed1392e@group-EC3451D81B3E-FollowerState] INFO  impl.FollowerState (FollowerState.java:run(134)) - 31d6ae09-1bf4-4ff4-9532-94f29ed1392e@group-EC3451D81B3E-FollowerState: change to CANDIDATE, lastRpcElapsedTime:5101364698ns, electionTimeout:5066ms
2021-10-28 01:50:45,750 [31d6ae09-1bf4-4ff4-9532-94f29ed1392e@group-EC3451D81B3E-FollowerState] INFO  impl.RoleInfo (RoleInfo.java:shutdownFollowerState(108)) - 31d6ae09-1bf4-4ff4-9532-94f29ed1392e: shutdown 31d6ae09-1bf4-4ff4-9532-94f29ed1392e@group-EC3451D81B3E-FollowerState
2021-10-28 01:50:45,750 [31d6ae09-1bf4-4ff4-9532-94f29ed1392e@group-EC3451D81B3E-FollowerState] INFO  server.RaftServer$Division (RaftServerImpl.java:setRole(290)) - 31d6ae09-1bf4-4ff4-9532-94f29ed1392e@group-EC3451D81B3E: changes role from  FOLLOWER to CANDIDATE at term 1 for changeToCandidate
2021-10-28 01:50:45,804 [31d6ae09-1bf4-4ff4-9532-94f29ed1392e@group-EC3451D81B3E-FollowerState] INFO  server.RaftServerConfigKeys (ConfUtils.java:logGet(44)) - raft.server.leaderelection.pre-vote = false (custom)
2021-10-28 01:50:45,804 [31d6ae09-1bf4-4ff4-9532-94f29ed1392e@group-EC3451D81B3E-FollowerState] INFO  impl.RoleInfo (RoleInfo.java:updateAndGet(130)) - 31d6ae09-1bf4-4ff4-9532-94f29ed1392e: start 31d6ae09-1bf4-4ff4-9532-94f29ed1392e@group-EC3451D81B3E-LeaderElection87
2021-10-28 01:50:45,807 [850b4870-9ae5-4bfa-bbd2-f1f242dff33d@group-EC3451D81B3E-LeaderElection86] INFO  impl.LeaderElection (LeaderElection.java:askForVotes(306)) - 850b4870-9ae5-4bfa-bbd2-f1f242dff33d@group-EC3451D81B3E-LeaderElection86 ELECTION round 0: submit vote requests at term 2 for -1: [850b4870-9ae5-4bfa-bbd2-f1f242dff33d|rpc:10.1.0.29:35637|dataStream:|priority:0, 31d6ae09-1bf4-4ff4-9532-94f29ed1392e|rpc:10.1.0.29:44047|dataStream:|priority:1, 43ee2308-4bff-4c12-a476-7906f102dfb0|rpc:10.1.0.29:33053|dataStream:|priority:0], old=null
2021-10-28 01:50:45,812 [31d6ae09-1bf4-4ff4-9532-94f29ed1392e@group-EC3451D81B3E-LeaderElection87] INFO  impl.LeaderElection (LeaderElection.java:askForVotes(306)) - 31d6ae09-1bf4-4ff4-9532-94f29ed1392e@group-EC3451D81B3E-LeaderElection87 ELECTION round 0: submit vote requests at term 2 for -1: [850b4870-9ae5-4bfa-bbd2-f1f242dff33d|rpc:10.1.0.29:35637|priority:0, 31d6ae09-1bf4-4ff4-9532-94f29ed1392e|rpc:10.1.0.29:44047|priority:1, 43ee2308-4bff-4c12-a476-7906f102dfb0|rpc:10.1.0.29:33053|priority:0], old=null
2021-10-28 01:50:45,845 [grpc-default-executor-5] INFO  server.RaftServer$Division (RaftServerImpl.java:requestVote(1046)) - 31d6ae09-1bf4-4ff4-9532-94f29ed1392e@group-EC3451D81B3E: receive requestVote(ELECTION, 850b4870-9ae5-4bfa-bbd2-f1f242dff33d, group-EC3451D81B3E, 2, (t:0, i:0))
2021-10-28 01:50:45,846 [grpc-default-executor-5] INFO  impl.VoteContext (VoteContext.java:log(48)) - 31d6ae09-1bf4-4ff4-9532-94f29ed1392e@group-EC3451D81B3E-CANDIDATE: reject ELECTION from 850b4870-9ae5-4bfa-bbd2-f1f242dff33d: already has voted for 31d6ae09-1bf4-4ff4-9532-94f29ed1392e at current term 2
2021-10-28 01:50:45,846 [grpc-default-executor-5] INFO  server.RaftServer$Division (RaftServerImpl.java:requestVote(1078)) - 31d6ae09-1bf4-4ff4-9532-94f29ed1392e@group-EC3451D81B3E replies to ELECTION vote request: 850b4870-9ae5-4bfa-bbd2-f1f242dff33d<-31d6ae09-1bf4-4ff4-9532-94f29ed1392e#0:FAIL-t2. Peer's state: 31d6ae09-1bf4-4ff4-9532-94f29ed1392e@group-EC3451D81B3E:t2, leader=null, voted=31d6ae09-1bf4-4ff4-9532-94f29ed1392e, raftlog=31d6ae09-1bf4-4ff4-9532-94f29ed1392e@group-EC3451D81B3E-SegmentedRaftLog:OPENED:c-1, conf=-1: [850b4870-9ae5-4bfa-bbd2-f1f242dff33d|rpc:10.1.0.29:35637|priority:0, 31d6ae09-1bf4-4ff4-9532-94f29ed1392e|rpc:10.1.0.29:44047|priority:1, 43ee2308-4bff-4c12-a476-7906f102dfb0|rpc:10.1.0.29:33053|priority:0], old=null
2021-10-28 01:50:45,874 [850b4870-9ae5-4bfa-bbd2-f1f242dff33d@group-EC3451D81B3E-LeaderElection86] INFO  impl.LeaderElection (LogUtils.java:infoOrTrace(137)) - 850b4870-9ae5-4bfa-bbd2-f1f242dff33d@group-EC3451D81B3E-LeaderElection86 got exception when requesting votes: java.util.concurrent.ExecutionException: org.apache.ratis.thirdparty.io.grpc.StatusRuntimeException: UNAVAILABLE: io exception
2021-10-28 01:50:45,915 [grpc-default-executor-5] INFO  server.RaftServer$Division (RaftServerImpl.java:requestVote(1046)) - 850b4870-9ae5-4bfa-bbd2-f1f242dff33d@group-EC3451D81B3E: receive requestVote(ELECTION, 31d6ae09-1bf4-4ff4-9532-94f29ed1392e, group-EC3451D81B3E, 2, (t:0, i:0))
2021-10-28 01:50:45,915 [grpc-default-executor-5] INFO  impl.VoteContext (VoteContext.java:log(48)) - 850b4870-9ae5-4bfa-bbd2-f1f242dff33d@group-EC3451D81B3E-CANDIDATE: reject ELECTION from 31d6ae09-1bf4-4ff4-9532-94f29ed1392e: already has voted for 850b4870-9ae5-4bfa-bbd2-f1f242dff33d at current term 2
2021-10-28 01:50:45,915 [grpc-default-executor-5] INFO  server.RaftServer$Division (RaftServerImpl.java:requestVote(1078)) - 850b4870-9ae5-4bfa-bbd2-f1f242dff33d@group-EC3451D81B3E replies to ELECTION vote request: 31d6ae09-1bf4-4ff4-9532-94f29ed1392e<-850b4870-9ae5-4bfa-bbd2-f1f242dff33d#0:FAIL-t2. Peer's state: 850b4870-9ae5-4bfa-bbd2-f1f242dff33d@group-EC3451D81B3E:t2, leader=null, voted=850b4870-9ae5-4bfa-bbd2-f1f242dff33d, raftlog=850b4870-9ae5-4bfa-bbd2-f1f242dff33d@group-EC3451D81B3E-SegmentedRaftLog:OPENED:c-1, conf=-1: [850b4870-9ae5-4bfa-bbd2-f1f242dff33d|rpc:10.1.0.29:35637|dataStream:|priority:0, 31d6ae09-1bf4-4ff4-9532-94f29ed1392e|rpc:10.1.0.29:44047|dataStream:|priority:1, 43ee2308-4bff-4c12-a476-7906f102dfb0|rpc:10.1.0.29:33053|dataStream:|priority:0], old=null
2021-10-28 01:50:45,926 [850b4870-9ae5-4bfa-bbd2-f1f242dff33d@group-EC3451D81B3E-LeaderElection86] INFO  impl.LeaderElection (LeaderElection.java:logAndReturn(89)) - 850b4870-9ae5-4bfa-bbd2-f1f242dff33d@group-EC3451D81B3E-LeaderElection86: ELECTION REJECTED received 1 response(s) and 1 exception(s):
2021-10-28 01:50:45,926 [850b4870-9ae5-4bfa-bbd2-f1f242dff33d@group-EC3451D81B3E-LeaderElection86] INFO  impl.LeaderElection (LeaderElection.java:logAndReturn(93)) -   Response 0: 850b4870-9ae5-4bfa-bbd2-f1f242dff33d<-31d6ae09-1bf4-4ff4-9532-94f29ed1392e#0:FAIL-t2
2021-10-28 01:50:45,926 [850b4870-9ae5-4bfa-bbd2-f1f242dff33d@group-EC3451D81B3E-LeaderElection86] INFO  impl.LeaderElection (LogUtils.java:infoOrTrace(137)) -   Exception 1: java.util.concurrent.ExecutionException: org.apache.ratis.thirdparty.io.grpc.StatusRuntimeException: UNAVAILABLE: io exception
2021-10-28 01:50:45,927 [850b4870-9ae5-4bfa-bbd2-f1f242dff33d@group-EC3451D81B3E-LeaderElection86] INFO  impl.LeaderElection (LeaderElection.java:askForVotes(308)) - 850b4870-9ae5-4bfa-bbd2-f1f242dff33d@group-EC3451D81B3E-LeaderElection86 ELECTION round 0: result REJECTED
2021-10-28 01:50:45,927 [850b4870-9ae5-4bfa-bbd2-f1f242dff33d@group-EC3451D81B3E-LeaderElection86] INFO  server.RaftServer$Division (RaftServerImpl.java:setRole(290)) - 850b4870-9ae5-4bfa-bbd2-f1f242dff33d@group-EC3451D81B3E: changes role from CANDIDATE to FOLLOWER at term 2 for REJECTED
2021-10-28 01:50:45,927 [850b4870-9ae5-4bfa-bbd2-f1f242dff33d@group-EC3451D81B3E-LeaderElection86] INFO  impl.RoleInfo (RoleInfo.java:shutdownLeaderElection(121)) - 850b4870-9ae5-4bfa-bbd2-f1f242dff33d: shutdown 850b4870-9ae5-4bfa-bbd2-f1f242dff33d@group-EC3451D81B3E-LeaderElection86
2021-10-28 01:50:45,927 [850b4870-9ae5-4bfa-bbd2-f1f242dff33d@group-EC3451D81B3E-LeaderElection86] INFO  impl.RoleInfo (RoleInfo.java:updateAndGet(130)) - 850b4870-9ae5-4bfa-bbd2-f1f242dff33d: start 850b4870-9ae5-4bfa-bbd2-f1f242dff33d@group-EC3451D81B3E-FollowerState
2021-10-28 01:50:45,947 [31d6ae09-1bf4-4ff4-9532-94f29ed1392e@group-EC3451D81B3E-LeaderElection87] INFO  impl.LeaderElection (LogUtils.java:infoOrTrace(137)) - 31d6ae09-1bf4-4ff4-9532-94f29ed1392e@group-EC3451D81B3E-LeaderElection87 got exception when requesting votes: java.util.concurrent.ExecutionException: org.apache.ratis.thirdparty.io.grpc.StatusRuntimeException: UNAVAILABLE: io exception
2021-10-28 01:50:45,947 [31d6ae09-1bf4-4ff4-9532-94f29ed1392e@group-EC3451D81B3E-LeaderElection87] INFO  impl.LeaderElection (LeaderElection.java:logAndReturn(89)) - 31d6ae09-1bf4-4ff4-9532-94f29ed1392e@group-EC3451D81B3E-LeaderElection87: ELECTION REJECTED received 1 response(s) and 1 exception(s):
2021-10-28 01:50:45,947 [31d6ae09-1bf4-4ff4-9532-94f29ed1392e@group-EC3451D81B3E-LeaderElection87] INFO  impl.LeaderElection (LeaderElection.java:logAndReturn(93)) -   Response 0: 31d6ae09-1bf4-4ff4-9532-94f29ed1392e<-850b4870-9ae5-4bfa-bbd2-f1f242dff33d#0:FAIL-t2
2021-10-28 01:50:45,947 [31d6ae09-1bf4-4ff4-9532-94f29ed1392e@group-EC3451D81B3E-LeaderElection87] INFO  impl.LeaderElection (LogUtils.java:infoOrTrace(137)) -   Exception 1: java.util.concurrent.ExecutionException: org.apache.ratis.thirdparty.io.grpc.StatusRuntimeException: UNAVAILABLE: io exception
2021-10-28 01:50:45,947 [31d6ae09-1bf4-4ff4-9532-94f29ed1392e@group-EC3451D81B3E-LeaderElection87] INFO  impl.LeaderElection (LeaderElection.java:askForVotes(308)) - 31d6ae09-1bf4-4ff4-9532-94f29ed1392e@group-EC3451D81B3E-LeaderElection87 ELECTION round 0: result REJECTED
2021-10-28 01:50:45,947 [31d6ae09-1bf4-4ff4-9532-94f29ed1392e@group-EC3451D81B3E-LeaderElection87] INFO  server.RaftServer$Division (RaftServerImpl.java:setRole(290)) - 31d6ae09-1bf4-4ff4-9532-94f29ed1392e@group-EC3451D81B3E: changes role from CANDIDATE to FOLLOWER at term 2 for REJECTED
2021-10-28 01:50:45,947 [31d6ae09-1bf4-4ff4-9532-94f29ed1392e@group-EC3451D81B3E-LeaderElection87] INFO  impl.RoleInfo (RoleInfo.java:shutdownLeaderElection(121)) - 31d6ae09-1bf4-4ff4-9532-94f29ed1392e: shutdown 31d6ae09-1bf4-4ff4-9532-94f29ed1392e@group-EC3451D81B3E-LeaderElection87
2021-10-28 01:50:45,947 [31d6ae09-1bf4-4ff4-9532-94f29ed1392e@group-EC3451D81B3E-LeaderElection87] INFO  impl.RoleInfo (RoleInfo.java:updateAndGet(130)) - 31d6ae09-1bf4-4ff4-9532-94f29ed1392e: start 31d6ae09-1bf4-4ff4-9532-94f29ed1392e@group-EC3451D81B3E-FollowerState
2021-10-28 01:50:46,494 [6d544018-2462-4d7b-9c06-1f628f7d4bb3@group-28D3060BBD8C-FollowerState] INFO  impl.FollowerState (FollowerState.java:run(134)) - 6d544018-2462-4d7b-9c06-1f628f7d4bb3@group-28D3060BBD8C-FollowerState: change to CANDIDATE, lastRpcElapsedTime:5124298801ns, electionTimeout:5117ms
2021-10-28 01:50:46,494 [6d544018-2462-4d7b-9c06-1f628f7d4bb3@group-28D3060BBD8C-FollowerState] INFO  impl.RoleInfo (RoleInfo.java:shutdownFollowerState(108)) - 6d544018-2462-4d7b-9c06-1f628f7d4bb3: shutdown 6d544018-2462-4d7b-9c06-1f628f7d4bb3@group-28D3060BBD8C-FollowerState
2021-10-28 01:50:46,494 [6d544018-2462-4d7b-9c06-1f628f7d4bb3@group-28D3060BBD8C-FollowerState] INFO  server.RaftServer$Division (RaftServerImpl.java:setRole(290)) - 6d544018-2462-4d7b-9c06-1f628f7d4bb3@group-28D3060BBD8C: changes role from  FOLLOWER to CANDIDATE at term 1 for changeToCandidate
2021-10-28 01:50:46,494 [6d544018-2462-4d7b-9c06-1f628f7d4bb3@group-28D3060BBD8C-FollowerState] INFO  server.RaftServerConfigKeys (ConfUtils.java:logGet(44)) - raft.server.leaderelection.pre-vote = false (custom)
2021-10-28 01:50:46,494 [6d544018-2462-4d7b-9c06-1f628f7d4bb3@group-28D3060BBD8C-FollowerState] INFO  impl.RoleInfo (RoleInfo.java:updateAndGet(130)) - 6d544018-2462-4d7b-9c06-1f628f7d4bb3: start 6d544018-2462-4d7b-9c06-1f628f7d4bb3@group-28D3060BBD8C-LeaderElection88
2021-10-28 01:50:46,584 [850b4870-9ae5-4bfa-bbd2-f1f242dff33d@group-28D3060BBD8C-FollowerState] INFO  impl.FollowerState (FollowerState.java:run(134)) - 850b4870-9ae5-4bfa-bbd2-f1f242dff33d@group-28D3060BBD8C-FollowerState: change to CANDIDATE, lastRpcElapsedTime:5192899232ns, electionTimeout:5135ms
2021-10-28 01:50:46,585 [850b4870-9ae5-4bfa-bbd2-f1f242dff33d@group-28D3060BBD8C-FollowerState] INFO  impl.RoleInfo (RoleInfo.java:shutdownFollowerState(108)) - 850b4870-9ae5-4bfa-bbd2-f1f242dff33d: shutdown 850b4870-9ae5-4bfa-bbd2-f1f242dff33d@group-28D3060BBD8C-FollowerState
2021-10-28 01:50:46,585 [850b4870-9ae5-4bfa-bbd2-f1f242dff33d@group-28D3060BBD8C-FollowerState] INFO  server.RaftServer$Division (RaftServerImpl.java:setRole(290)) - 850b4870-9ae5-4bfa-bbd2-f1f242dff33d@group-28D3060BBD8C: changes role from  FOLLOWER to CANDIDATE at term 1 for changeToCandidate
2021-10-28 01:50:46,585 [850b4870-9ae5-4bfa-bbd2-f1f242dff33d@group-28D3060BBD8C-FollowerState] INFO  server.RaftServerConfigKeys (ConfUtils.java:logGet(44)) - raft.server.leaderelection.pre-vote = false (custom)
2021-10-28 01:50:46,585 [850b4870-9ae5-4bfa-bbd2-f1f242dff33d@group-28D3060BBD8C-FollowerState] INFO  impl.RoleInfo (RoleInfo.java:updateAndGet(130)) - 850b4870-9ae5-4bfa-bbd2-f1f242dff33d: start 850b4870-9ae5-4bfa-bbd2-f1f242dff33d@group-28D3060BBD8C-LeaderElection89
2021-10-28 01:50:46,593 [6d544018-2462-4d7b-9c06-1f628f7d4bb3@group-28D3060BBD8C-LeaderElection88] INFO  impl.LeaderElection (LeaderElection.java:askForVotes(306)) - 6d544018-2462-4d7b-9c06-1f628f7d4bb3@group-28D3060BBD8C-LeaderElection88 ELECTION round 0: submit vote requests at term 2 for -1: [6d544018-2462-4d7b-9c06-1f628f7d4bb3|rpc:10.1.0.29:46225|priority:0, 850b4870-9ae5-4bfa-bbd2-f1f242dff33d|rpc:10.1.0.29:35637|priority:1, 43ee2308-4bff-4c12-a476-7906f102dfb0|rpc:10.1.0.29:33053|priority:0], old=null
2021-10-28 01:50:46,619 [850b4870-9ae5-4bfa-bbd2-f1f242dff33d@group-28D3060BBD8C-LeaderElection89] INFO  impl.LeaderElection (LeaderElection.java:askForVotes(306)) - 850b4870-9ae5-4bfa-bbd2-f1f242dff33d@group-28D3060BBD8C-LeaderElection89 ELECTION round 0: submit vote requests at term 2 for -1: [6d544018-2462-4d7b-9c06-1f628f7d4bb3|rpc:10.1.0.29:46225|priority:0, 850b4870-9ae5-4bfa-bbd2-f1f242dff33d|rpc:10.1.0.29:35637|priority:1, 43ee2308-4bff-4c12-a476-7906f102dfb0|rpc:10.1.0.29:33053|priority:0], old=null
2021-10-28 01:50:46,627 [grpc-default-executor-5] INFO  server.RaftServer$Division (RaftServerImpl.java:requestVote(1046)) - 850b4870-9ae5-4bfa-bbd2-f1f242dff33d@group-28D3060BBD8C: receive requestVote(ELECTION, 6d544018-2462-4d7b-9c06-1f628f7d4bb3, group-28D3060BBD8C, 2, (t:0, i:0))
2021-10-28 01:50:46,627 [grpc-default-executor-5] INFO  impl.VoteContext (VoteContext.java:log(48)) - 850b4870-9ae5-4bfa-bbd2-f1f242dff33d@group-28D3060BBD8C-CANDIDATE: reject ELECTION from 6d544018-2462-4d7b-9c06-1f628f7d4bb3: already has voted for 850b4870-9ae5-4bfa-bbd2-f1f242dff33d at current term 2
2021-10-28 01:50:46,628 [grpc-default-executor-5] INFO  server.RaftServer$Division (RaftServerImpl.java:requestVote(1078)) - 850b4870-9ae5-4bfa-bbd2-f1f242dff33d@group-28D3060BBD8C replies to ELECTION vote request: 6d544018-2462-4d7b-9c06-1f628f7d4bb3<-850b4870-9ae5-4bfa-bbd2-f1f242dff33d#0:FAIL-t2. Peer's state: 850b4870-9ae5-4bfa-bbd2-f1f242dff33d@group-28D3060BBD8C:t2, leader=null, voted=850b4870-9ae5-4bfa-bbd2-f1f242dff33d, raftlog=850b4870-9ae5-4bfa-bbd2-f1f242dff33d@group-28D3060BBD8C-SegmentedRaftLog:OPENED:c-1, conf=-1: [6d544018-2462-4d7b-9c06-1f628f7d4bb3|rpc:10.1.0.29:46225|priority:0, 850b4870-9ae5-4bfa-bbd2-f1f242dff33d|rpc:10.1.0.29:35637|priority:1, 43ee2308-4bff-4c12-a476-7906f102dfb0|rpc:10.1.0.29:33053|priority:0], old=null
2021-10-28 01:50:46,663 [6d544018-2462-4d7b-9c06-1f628f7d4bb3@group-28D3060BBD8C-LeaderElection88] INFO  impl.LeaderElection (LeaderElection.java:logAndReturn(89)) - 6d544018-2462-4d7b-9c06-1f628f7d4bb3@group-28D3060BBD8C-LeaderElection88: ELECTION REJECTED received 1 response(s) and 0 exception(s):
2021-10-28 01:50:46,663 [6d544018-2462-4d7b-9c06-1f628f7d4bb3@group-28D3060BBD8C-LeaderElection88] INFO  impl.LeaderElection (LeaderElection.java:logAndReturn(93)) -   Response 0: 6d544018-2462-4d7b-9c06-1f628f7d4bb3<-850b4870-9ae5-4bfa-bbd2-f1f242dff33d#0:FAIL-t2
2021-10-28 01:50:46,663 [6d544018-2462-4d7b-9c06-1f628f7d4bb3@group-28D3060BBD8C-LeaderElection88] INFO  impl.LeaderElection (LeaderElection.java:askForVotes(308)) - 6d544018-2462-4d7b-9c06-1f628f7d4bb3@group-28D3060BBD8C-LeaderElection88 ELECTION round 0: result REJECTED
2021-10-28 01:50:46,663 [6d544018-2462-4d7b-9c06-1f628f7d4bb3@group-28D3060BBD8C-LeaderElection88] INFO  server.RaftServer$Division (RaftServerImpl.java:setRole(290)) - 6d544018-2462-4d7b-9c06-1f628f7d4bb3@group-28D3060BBD8C: changes role from CANDIDATE to FOLLOWER at term 2 for REJECTED
2021-10-28 01:50:46,663 [6d544018-2462-4d7b-9c06-1f628f7d4bb3@group-28D3060BBD8C-LeaderElection88] INFO  impl.RoleInfo (RoleInfo.java:shutdownLeaderElection(121)) - 6d544018-2462-4d7b-9c06-1f628f7d4bb3: shutdown 6d544018-2462-4d7b-9c06-1f628f7d4bb3@group-28D3060BBD8C-LeaderElection88
2021-10-28 01:50:46,663 [6d544018-2462-4d7b-9c06-1f628f7d4bb3@group-28D3060BBD8C-LeaderElection88] INFO  impl.RoleInfo (RoleInfo.java:updateAndGet(130)) - 6d544018-2462-4d7b-9c06-1f628f7d4bb3: start 6d544018-2462-4d7b-9c06-1f628f7d4bb3@group-28D3060BBD8C-FollowerState
2021-10-28 01:50:46,680 [grpc-default-executor-5] INFO  server.RaftServer$Division (RaftServerImpl.java:requestVote(1046)) - 6d544018-2462-4d7b-9c06-1f628f7d4bb3@group-28D3060BBD8C: receive requestVote(ELECTION, 850b4870-9ae5-4bfa-bbd2-f1f242dff33d, group-28D3060BBD8C, 2, (t:0, i:0))
2021-10-28 01:50:46,680 [grpc-default-executor-5] INFO  impl.VoteContext (VoteContext.java:log(48)) - 6d544018-2462-4d7b-9c06-1f628f7d4bb3@group-28D3060BBD8C-FOLLOWER: reject ELECTION from 850b4870-9ae5-4bfa-bbd2-f1f242dff33d: already has voted for 6d544018-2462-4d7b-9c06-1f628f7d4bb3 at current term 2
2021-10-28 01:50:46,680 [grpc-default-executor-5] INFO  server.RaftServer$Division (RaftServerImpl.java:requestVote(1078)) - 6d544018-2462-4d7b-9c06-1f628f7d4bb3@group-28D3060BBD8C replies to ELECTION vote request: 850b4870-9ae5-4bfa-bbd2-f1f242dff33d<-6d544018-2462-4d7b-9c06-1f628f7d4bb3#0:FAIL-t2. Peer's state: 6d544018-2462-4d7b-9c06-1f628f7d4bb3@group-28D3060BBD8C:t2, leader=null, voted=6d544018-2462-4d7b-9c06-1f628f7d4bb3, raftlog=6d544018-2462-4d7b-9c06-1f628f7d4bb3@group-28D3060BBD8C-SegmentedRaftLog:OPENED:c-1, conf=-1: [6d544018-2462-4d7b-9c06-1f628f7d4bb3|rpc:10.1.0.29:46225|priority:0, 850b4870-9ae5-4bfa-bbd2-f1f242dff33d|rpc:10.1.0.29:35637|priority:1, 43ee2308-4bff-4c12-a476-7906f102dfb0|rpc:10.1.0.29:33053|priority:0], old=null
2021-10-28 01:50:46,697 [850b4870-9ae5-4bfa-bbd2-f1f242dff33d@group-28D3060BBD8C-LeaderElection89] INFO  impl.LeaderElection (LogUtils.java:infoOrTrace(137)) - 850b4870-9ae5-4bfa-bbd2-f1f242dff33d@group-28D3060BBD8C-LeaderElection89 got exception when requesting votes: java.util.concurrent.ExecutionException: org.apache.ratis.thirdparty.io.grpc.StatusRuntimeException: UNAVAILABLE: io exception
2021-10-28 01:50:46,698 [850b4870-9ae5-4bfa-bbd2-f1f242dff33d@group-28D3060BBD8C-LeaderElection89] INFO  impl.LeaderElection (LeaderElection.java:logAndReturn(89)) - 850b4870-9ae5-4bfa-bbd2-f1f242dff33d@group-28D3060BBD8C-LeaderElection89: ELECTION REJECTED received 1 response(s) and 1 exception(s):
2021-10-28 01:50:46,698 [850b4870-9ae5-4bfa-bbd2-f1f242dff33d@group-28D3060BBD8C-LeaderElection89] INFO  impl.LeaderElection (LeaderElection.java:logAndReturn(93)) -   Response 0: 850b4870-9ae5-4bfa-bbd2-f1f242dff33d<-6d544018-2462-4d7b-9c06-1f628f7d4bb3#0:FAIL-t2
2021-10-28 01:50:46,698 [850b4870-9ae5-4bfa-bbd2-f1f242dff33d@group-28D3060BBD8C-LeaderElection89] INFO  impl.LeaderElection (LogUtils.java:infoOrTrace(137)) -   Exception 1: java.util.concurrent.ExecutionException: org.apache.ratis.thirdparty.io.grpc.StatusRuntimeException: UNAVAILABLE: io exception
2021-10-28 01:50:46,698 [850b4870-9ae5-4bfa-bbd2-f1f242dff33d@group-28D3060BBD8C-LeaderElection89] INFO  impl.LeaderElection (LeaderElection.java:askForVotes(308)) - 850b4870-9ae5-4bfa-bbd2-f1f242dff33d@group-28D3060BBD8C-LeaderElection89 ELECTION round 0: result REJECTED
2021-10-28 01:50:46,698 [850b4870-9ae5-4bfa-bbd2-f1f242dff33d@group-28D3060BBD8C-LeaderElection89] INFO  server.RaftServer$Division (RaftServerImpl.java:setRole(290)) - 850b4870-9ae5-4bfa-bbd2-f1f242dff33d@group-28D3060BBD8C: changes role from CANDIDATE to FOLLOWER at term 2 for REJECTED
2021-10-28 01:50:46,698 [850b4870-9ae5-4bfa-bbd2-f1f242dff33d@group-28D3060BBD8C-LeaderElection89] INFO  impl.RoleInfo (RoleInfo.java:shutdownLeaderElection(121)) - 850b4870-9ae5-4bfa-bbd2-f1f242dff33d: shutdown 850b4870-9ae5-4bfa-bbd2-f1f242dff33d@group-28D3060BBD8C-LeaderElection89
2021-10-28 01:50:46,698 [850b4870-9ae5-4bfa-bbd2-f1f242dff33d@group-28D3060BBD8C-LeaderElection89] INFO  impl.RoleInfo (RoleInfo.java:updateAndGet(130)) - 850b4870-9ae5-4bfa-bbd2-f1f242dff33d: start 850b4870-9ae5-4bfa-bbd2-f1f242dff33d@group-28D3060BBD8C-FollowerState
2021-10-28 01:50:47,431 [grpc-default-executor-5] WARN  server.GrpcLogAppender (LogUtils.java:warn(122)) - 3bba12ea-eb97-4cb8-a72d-96cb4f92f88e@group-E918C9FD5E21->167d9434-a89e-4891-b1b1-bac4f9f29552-AppendLogResponseHandler: Failed appendEntries: org.apache.ratis.thirdparty.io.grpc.StatusRuntimeException: UNAVAILABLE: io exception
2021-10-28 01:50:47,432 [grpc-default-executor-5] WARN  server.GrpcLogAppender (GrpcLogAppender.java:resetClient(110)) - 3bba12ea-eb97-4cb8-a72d-96cb4f92f88e@group-E918C9FD5E21->167d9434-a89e-4891-b1b1-bac4f9f29552-GrpcLogAppender: Leader has not got in touch with Follower 3bba12ea-eb97-4cb8-a72d-96cb4f92f88e@group-E918C9FD5E21->167d9434-a89e-4891-b1b1-bac4f9f29552(c0,m0,n1, attendVote=true, lastRpcSendTime=0, lastRpcResponseTime=7510) yet, just keep nextIndex unchanged and retry.
2021-10-28 01:50:48,083 [grpc-default-executor-5] WARN  server.GrpcLogAppender (LogUtils.java:warn(122)) - 253ef487-fc9a-46cf-a18f-fb890cfa9c45@group-7330C24FE1E2->167d9434-a89e-4891-b1b1-bac4f9f29552-AppendLogResponseHandler: Failed appendEntries: org.apache.ratis.thirdparty.io.grpc.StatusRuntimeException: UNAVAILABLE: io exception
2021-10-28 01:50:48,084 [grpc-default-executor-5] WARN  server.GrpcLogAppender (GrpcLogAppender.java:resetClient(110)) - 253ef487-fc9a-46cf-a18f-fb890cfa9c45@group-7330C24FE1E2->167d9434-a89e-4891-b1b1-bac4f9f29552-GrpcLogAppender: Leader has not got in touch with Follower 253ef487-fc9a-46cf-a18f-fb890cfa9c45@group-7330C24FE1E2->167d9434-a89e-4891-b1b1-bac4f9f29552(c-1,m0,n3, attendVote=true, lastRpcSendTime=0, lastRpcResponseTime=7918) yet, just keep nextIndex unchanged and retry.
2021-10-28 01:50:48,389 [Listener at 127.0.0.1/46475] INFO  ozoneimpl.OzoneContainer (OzoneContainer.java:stop(325)) - Attempting to stop container services.
2021-10-28 01:50:48,389 [Listener at 127.0.0.1/46475] INFO  server.RaftServer (RaftServerProxy.java:lambda$close$6(391)) - 253ef487-fc9a-46cf-a18f-fb890cfa9c45: close
2021-10-28 01:50:48,389 [Listener at 127.0.0.1/46475] INFO  server.RaftServer$Division (RaftServerImpl.java:lambda$close$4(412)) - 253ef487-fc9a-46cf-a18f-fb890cfa9c45@group-6BF915904876: shutdown
2021-10-28 01:50:48,390 [Listener at 127.0.0.1/46475] INFO  util.JmxRegister (JmxRegister.java:unregister(73)) - Successfully un-registered JMX Bean with object name Ratis:service=RaftServer,group=group-6BF915904876,id=253ef487-fc9a-46cf-a18f-fb890cfa9c45
2021-10-28 01:50:48,390 [Listener at 127.0.0.1/46475] INFO  impl.RoleInfo (RoleInfo.java:shutdownLeaderState(91)) - 253ef487-fc9a-46cf-a18f-fb890cfa9c45: shutdown 253ef487-fc9a-46cf-a18f-fb890cfa9c45@group-6BF915904876-LeaderStateImpl
2021-10-28 01:50:48,390 [Listener at 127.0.0.1/46475] INFO  impl.PendingRequests (PendingRequests.java:sendNotLeaderResponses(282)) - 253ef487-fc9a-46cf-a18f-fb890cfa9c45@group-6BF915904876-PendingRequests: sendNotLeaderResponses
2021-10-28 01:50:48,391 [Listener at 127.0.0.1/46475] INFO  impl.StateMachineUpdater (StateMachineUpdater.java:stopAndJoin(149)) - 253ef487-fc9a-46cf-a18f-fb890cfa9c45@group-6BF915904876-StateMachineUpdater: set stopIndex = 0
2021-10-28 01:50:48,391 [253ef487-fc9a-46cf-a18f-fb890cfa9c45@group-6BF915904876-StateMachineUpdater] INFO  ratis.ContainerStateMachine (ContainerStateMachine.java:takeSnapshot(292)) - group-6BF915904876: Taking a snapshot at:(t:1, i:0) file /home/runner/work/ozone/ozone/hadoop-ozone/integration-test/target/test-dir/MiniOzoneClusterImpl-0566475b-15f3-492a-9b28-f78457f271af/datanode-0/data/ratis/8f2252ff-5744-45ed-88bc-6bf915904876/sm/snapshot.1_0
2021-10-28 01:50:48,393 [253ef487-fc9a-46cf-a18f-fb890cfa9c45@group-6BF915904876-StateMachineUpdater] INFO  ratis.ContainerStateMachine (ContainerStateMachine.java:takeSnapshot(303)) - group-6BF915904876: Finished taking a snapshot at:(t:1, i:0) file:/home/runner/work/ozone/ozone/hadoop-ozone/integration-test/target/test-dir/MiniOzoneClusterImpl-0566475b-15f3-492a-9b28-f78457f271af/datanode-0/data/ratis/8f2252ff-5744-45ed-88bc-6bf915904876/sm/snapshot.1_0 took: 2 ms
2021-10-28 01:50:48,393 [253ef487-fc9a-46cf-a18f-fb890cfa9c45@group-6BF915904876-StateMachineUpdater] INFO  impl.StateMachineUpdater (StateMachineUpdater.java:takeSnapshot(281)) - 253ef487-fc9a-46cf-a18f-fb890cfa9c45@group-6BF915904876-StateMachineUpdater: Took a snapshot at index 0
2021-10-28 01:50:48,393 [253ef487-fc9a-46cf-a18f-fb890cfa9c45@group-6BF915904876-StateMachineUpdater] INFO  impl.StateMachineUpdater (StateMachineUpdater.java:lambda$new$0(89)) - 253ef487-fc9a-46cf-a18f-fb890cfa9c45@group-6BF915904876-StateMachineUpdater: snapshotIndex: updateIncreasingly -1 -> 0
2021-10-28 01:50:48,396 [Listener at 127.0.0.1/46475] INFO  server.RaftServer$Division (ServerState.java:close(419)) - 253ef487-fc9a-46cf-a18f-fb890cfa9c45@group-6BF915904876: closes. applyIndex: 0
2021-10-28 01:50:48,396 [253ef487-fc9a-46cf-a18f-fb890cfa9c45@group-6BF915904876-SegmentedRaftLogWorker] INFO  segmented.SegmentedRaftLogWorker (SegmentedRaftLogWorker.java:run(327)) - 253ef487-fc9a-46cf-a18f-fb890cfa9c45@group-6BF915904876-SegmentedRaftLogWorker was interrupted, exiting. There are 0 tasks remaining in the queue.
2021-10-28 01:50:48,400 [Listener at 127.0.0.1/46475] INFO  segmented.SegmentedRaftLogWorker (SegmentedRaftLogWorker.java:close(237)) - 253ef487-fc9a-46cf-a18f-fb890cfa9c45@group-6BF915904876-SegmentedRaftLogWorker close()
2021-10-28 01:50:48,405 [Listener at 127.0.0.1/46475] INFO  server.RaftServer$Division (RaftServerImpl.java:lambda$close$4(412)) - 253ef487-fc9a-46cf-a18f-fb890cfa9c45@group-7330C24FE1E2: shutdown
2021-10-28 01:50:48,405 [Listener at 127.0.0.1/46475] INFO  util.JmxRegister (JmxRegister.java:unregister(73)) - Successfully un-registered JMX Bean with object name Ratis:service=RaftServer,group=group-7330C24FE1E2,id=253ef487-fc9a-46cf-a18f-fb890cfa9c45
2021-10-28 01:50:48,405 [Listener at 127.0.0.1/46475] INFO  impl.RoleInfo (RoleInfo.java:shutdownLeaderState(91)) - 253ef487-fc9a-46cf-a18f-fb890cfa9c45: shutdown 253ef487-fc9a-46cf-a18f-fb890cfa9c45@group-7330C24FE1E2-LeaderStateImpl
2021-10-28 01:50:48,405 [Listener at 127.0.0.1/46475] INFO  impl.PendingRequests (PendingRequests.java:sendNotLeaderResponses(282)) - 253ef487-fc9a-46cf-a18f-fb890cfa9c45@group-7330C24FE1E2-PendingRequests: sendNotLeaderResponses
2021-10-28 01:50:48,405 [253ef487-fc9a-46cf-a18f-fb890cfa9c45@group-7330C24FE1E2->3bba12ea-eb97-4cb8-a72d-96cb4f92f88e-GrpcLogAppender-LogAppenderDaemon] WARN  server.GrpcLogAppender (GrpcLogAppender.java:mayWait(177)) - 253ef487-fc9a-46cf-a18f-fb890cfa9c45@group-7330C24FE1E2->3bba12ea-eb97-4cb8-a72d-96cb4f92f88e-GrpcLogAppender: Wait interrupted by java.lang.InterruptedException
2021-10-28 01:50:48,407 [grpc-default-executor-5] INFO  server.GrpcServerProtocolService (GrpcServerProtocolService.java:onCompleted(140)) - 3bba12ea-eb97-4cb8-a72d-96cb4f92f88e: Completed APPEND_ENTRIES, lastRequest: 253ef487-fc9a-46cf-a18f-fb890cfa9c45->3bba12ea-eb97-4cb8-a72d-96cb4f92f88e#2-t5,previous=(t:5, i:1),leaderCommit=1,initializing? true,entries: size=1, first=(t:5, i:2), METADATAENTRY(c:1)
2021-10-28 01:50:48,412 [Listener at 127.0.0.1/46475] INFO  impl.StateMachineUpdater (StateMachineUpdater.java:stopAndJoin(149)) - 253ef487-fc9a-46cf-a18f-fb890cfa9c45@group-7330C24FE1E2-StateMachineUpdater: set stopIndex = 2
2021-10-28 01:50:48,413 [253ef487-fc9a-46cf-a18f-fb890cfa9c45@group-7330C24FE1E2-StateMachineUpdater] INFO  ratis.ContainerStateMachine (ContainerStateMachine.java:takeSnapshot(292)) - group-7330C24FE1E2: Taking a snapshot at:(t:5, i:2) file /home/runner/work/ozone/ozone/hadoop-ozone/integration-test/target/test-dir/MiniOzoneClusterImpl-0566475b-15f3-492a-9b28-f78457f271af/datanode-0/data/ratis/1e12f81b-9515-4629-add1-7330c24fe1e2/sm/snapshot.5_2
2021-10-28 01:50:48,414 [253ef487-fc9a-46cf-a18f-fb890cfa9c45@group-7330C24FE1E2-StateMachineUpdater] INFO  ratis.ContainerStateMachine (ContainerStateMachine.java:takeSnapshot(303)) - group-7330C24FE1E2: Finished taking a snapshot at:(t:5, i:2) file:/home/runner/work/ozone/ozone/hadoop-ozone/integration-test/target/test-dir/MiniOzoneClusterImpl-0566475b-15f3-492a-9b28-f78457f271af/datanode-0/data/ratis/1e12f81b-9515-4629-add1-7330c24fe1e2/sm/snapshot.5_2 took: 1 ms
2021-10-28 01:50:48,414 [253ef487-fc9a-46cf-a18f-fb890cfa9c45@group-7330C24FE1E2-StateMachineUpdater] INFO  impl.StateMachineUpdater (StateMachineUpdater.java:takeSnapshot(281)) - 253ef487-fc9a-46cf-a18f-fb890cfa9c45@group-7330C24FE1E2-StateMachineUpdater: Took a snapshot at index 2
2021-10-28 01:50:48,414 [253ef487-fc9a-46cf-a18f-fb890cfa9c45@group-7330C24FE1E2-StateMachineUpdater] INFO  impl.StateMachineUpdater (StateMachineUpdater.java:lambda$new$0(89)) - 253ef487-fc9a-46cf-a18f-fb890cfa9c45@group-7330C24FE1E2-StateMachineUpdater: snapshotIndex: updateIncreasingly -1 -> 2
2021-10-28 01:50:48,417 [Listener at 127.0.0.1/46475] INFO  server.RaftServer$Division (ServerState.java:close(419)) - 253ef487-fc9a-46cf-a18f-fb890cfa9c45@group-7330C24FE1E2: closes. applyIndex: 2
2021-10-28 01:50:48,424 [253ef487-fc9a-46cf-a18f-fb890cfa9c45@group-7330C24FE1E2-SegmentedRaftLogWorker] INFO  segmented.SegmentedRaftLogWorker (SegmentedRaftLogWorker.java:run(327)) - 253ef487-fc9a-46cf-a18f-fb890cfa9c45@group-7330C24FE1E2-SegmentedRaftLogWorker was interrupted, exiting. There are 0 tasks remaining in the queue.
2021-10-28 01:50:48,425 [253ef487-fc9a-46cf-a18f-fb890cfa9c45@group-7330C24FE1E2->167d9434-a89e-4891-b1b1-bac4f9f29552-GrpcLogAppender-LogAppenderDaemon] ERROR leader.LogAppenderDaemon (LogAppenderDaemon.java:run(86)) - 253ef487-fc9a-46cf-a18f-fb890cfa9c45@group-7330C24FE1E2->167d9434-a89e-4891-b1b1-bac4f9f29552-GrpcLogAppender-LogAppenderDaemon failed
java.lang.IllegalArgumentException: 253ef487-fc9a-46cf-a18f-fb890cfa9c45@group-7330C24FE1E2-SegmentedRaftLog is expected to be opened but it is CLOSED
	at org.apache.ratis.util.OpenCloseState.assertOpen(OpenCloseState.java:63)
	at org.apache.ratis.server.raftlog.RaftLogBase.checkLogState(RaftLogBase.java:107)
	at org.apache.ratis.server.raftlog.segmented.SegmentedRaftLog.getLastEntryTermIndex(SegmentedRaftLog.java:339)
	at org.apache.ratis.server.raftlog.RaftLog.getNextIndex(RaftLog.java:83)
	at org.apache.ratis.server.leader.LogAppenderBase.newAppendEntriesRequest(LogAppenderBase.java:138)
	at org.apache.ratis.grpc.server.GrpcLogAppender.appendLog(GrpcLogAppender.java:213)
	at org.apache.ratis.grpc.server.GrpcLogAppender.run(GrpcLogAppender.java:147)
	at org.apache.ratis.server.leader.LogAppenderDaemon.run(LogAppenderDaemon.java:77)
	at java.lang.Thread.run(Thread.java:748)
Caused by: org.apache.ratis.util.OpenCloseState$CloseTrace: Close 253ef487-fc9a-46cf-a18f-fb890cfa9c45@group-7330C24FE1E2-SegmentedRaftLog
	at org.apache.ratis.util.OpenCloseState.lambda$close$1(OpenCloseState.java:109)
	at java.util.concurrent.atomic.AtomicReference.getAndUpdate(AtomicReference.java:160)
	at org.apache.ratis.util.OpenCloseState.close(OpenCloseState.java:109)
	at org.apache.ratis.server.raftlog.RaftLogBase.close(RaftLogBase.java:356)
	at org.apache.ratis.server.raftlog.segmented.SegmentedRaftLog.close(SegmentedRaftLog.java:505)
	at org.apache.ratis.server.impl.ServerState.close(ServerState.java:421)
	at org.apache.ratis.server.impl.RaftServerImpl.lambda$close$4(RaftServerImpl.java:434)
	at org.apache.ratis.util.LifeCycle.lambda$checkStateAndClose$4(LifeCycle.java:299)
	at org.apache.ratis.util.LifeCycle.checkStateAndClose(LifeCycle.java:319)
	at org.apache.ratis.util.LifeCycle.checkStateAndClose(LifeCycle.java:297)
	at org.apache.ratis.server.impl.RaftServerImpl.close(RaftServerImpl.java:411)
	at org.apache.ratis.server.impl.RaftServerProxy$ImplMap.close(RaftServerProxy.java:129)
	at org.apache.ratis.server.impl.RaftServerProxy$ImplMap.lambda$close$0(RaftServerProxy.java:117)
	at java.util.stream.ForEachOps$ForEachOp$OfRef.accept(ForEachOps.java:183)
	at java.util.concurrent.ConcurrentHashMap$EntrySpliterator.forEachRemaining(ConcurrentHashMap.java:3606)
	at java.util.stream.AbstractPipeline.copyInto(AbstractPipeline.java:482)
	at java.util.stream.ForEachOps$ForEachTask.compute(ForEachOps.java:290)
	at java.util.concurrent.CountedCompleter.exec(CountedCompleter.java:731)
	at java.util.concurrent.ForkJoinTask.doExec(ForkJoinTask.java:289)
	at java.util.concurrent.ForkJoinPool.helpComplete(ForkJoinPool.java:1870)
	at java.util.concurrent.ForkJoinPool.externalHelpComplete(ForkJoinPool.java:2467)
	at java.util.concurrent.ForkJoinTask.externalAwaitDone(ForkJoinTask.java:324)
	at java.util.concurrent.ForkJoinTask.doInvoke(ForkJoinTask.java:405)
	at java.util.concurrent.ForkJoinTask.invoke(ForkJoinTask.java:734)
	at java.util.stream.ForEachOps$ForEachOp.evaluateParallel(ForEachOps.java:159)
	at java.util.stream.ForEachOps$ForEachOp$OfRef.evaluateParallel(ForEachOps.java:173)
	at java.util.stream.AbstractPipeline.evaluate(AbstractPipeline.java:233)
	at java.util.stream.ReferencePipeline.forEach(ReferencePipeline.java:485)
	at java.util.stream.ReferencePipeline$Head.forEach(ReferencePipeline.java:650)
	at org.apache.ratis.server.impl.RaftServerProxy$ImplMap.close(RaftServerProxy.java:117)
	at org.apache.ratis.server.impl.RaftServerProxy.lambda$close$6(RaftServerProxy.java:392)
	at org.apache.ratis.util.LifeCycle.lambda$checkStateAndClose$4(LifeCycle.java:299)
	at org.apache.ratis.util.LifeCycle.checkStateAndClose(LifeCycle.java:319)
	at org.apache.ratis.util.LifeCycle.checkStateAndClose(LifeCycle.java:297)
	at org.apache.ratis.server.impl.RaftServerProxy.close(RaftServerProxy.java:390)
	at org.apache.hadoop.ozone.container.common.transport.server.ratis.XceiverServerRatis.stop(XceiverServerRatis.java:516)
	at org.apache.hadoop.ozone.container.ozoneimpl.OzoneContainer.stop(OzoneContainer.java:328)
	at org.apache.hadoop.ozone.container.common.statemachine.DatanodeStateMachine.close(DatanodeStateMachine.java:380)
	at org.apache.hadoop.ozone.container.common.statemachine.DatanodeStateMachine.stopDaemon(DatanodeStateMachine.java:525)
	at org.apache.hadoop.ozone.HddsDatanodeService.stop(HddsDatanodeService.java:587)
	at org.apache.hadoop.ozone.MiniOzoneClusterImpl.stopDatanode(MiniOzoneClusterImpl.java:535)
	at java.util.stream.ForEachOps$ForEachOp$OfRef.accept(ForEachOps.java:183)
	at java.util.ArrayList$ArrayListSpliterator.forEachRemaining(ArrayList.java:1384)
	at java.util.stream.AbstractPipeline.copyInto(AbstractPipeline.java:482)
	at java.util.stream.ForEachOps$ForEachTask.compute(ForEachOps.java:290)
	at java.util.concurrent.CountedCompleter.exec(CountedCompleter.java:731)
	at java.util.concurrent.ForkJoinTask.doExec(ForkJoinTask.java:289)
	at java.util.concurrent.ForkJoinPool$WorkQueue.pollAndExecCC(ForkJoinPool.java:1190)
	at java.util.concurrent.ForkJoinPool.helpComplete(ForkJoinPool.java:1879)
	at java.util.concurrent.ForkJoinPool.externalHelpComplete(ForkJoinPool.java:2467)
	at java.util.concurrent.ForkJoinTask.externalAwaitDone(ForkJoinTask.java:324)
	at java.util.concurrent.ForkJoinTask.doInvoke(ForkJoinTask.java:405)
	at java.util.concurrent.ForkJoinTask.invoke(ForkJoinTask.java:734)
	at java.util.stream.ForEachOps$ForEachOp.evaluateParallel(ForEachOps.java:159)
	at java.util.stream.ForEachOps$ForEachOp$OfRef.evaluateParallel(ForEachOps.java:173)
	at java.util.stream.AbstractPipeline.evaluate(AbstractPipeline.java:233)
	at java.util.stream.ReferencePipeline.forEach(ReferencePipeline.java:485)
	at java.util.stream.ReferencePipeline$Head.forEach(ReferencePipeline.java:650)
	at org.apache.hadoop.ozone.MiniOzoneClusterImpl.stopDatanodes(MiniOzoneClusterImpl.java:529)
	at org.apache.hadoop.ozone.MiniOzoneClusterImpl.stop(MiniOzoneClusterImpl.java:470)
	at org.apache.hadoop.ozone.MiniOzoneClusterImpl.shutdown(MiniOzoneClusterImpl.java:457)
	at org.apache.hadoop.ozone.client.rpc.TestBlockOutputStreamWithFailures.shutdown(TestBlockOutputStreamWithFailures.java:159)
	at sun.reflect.NativeMethodAccessorImpl.invoke0(Native Method)
	at sun.reflect.NativeMethodAccessorImpl.invoke(NativeMethodAccessorImpl.java:62)
	at sun.reflect.DelegatingMethodAccessorImpl.invoke(DelegatingMethodAccessorImpl.java:43)
	at java.lang.reflect.Method.invoke(Method.java:498)
	at org.junit.runners.model.FrameworkMethod$1.runReflectiveCall(FrameworkMethod.java:59)
	at org.junit.internal.runners.model.ReflectiveCallable.run(ReflectiveCallable.java:12)
	at org.junit.runners.model.FrameworkMethod.invokeExplosively(FrameworkMethod.java:56)
	at org.junit.internal.runners.statements.RunAfters.invokeMethod(RunAfters.java:46)
	at org.junit.internal.runners.statements.RunAfters.evaluate(RunAfters.java:33)
	at org.junit.internal.runners.statements.FailOnTimeout$CallableStatement.call(FailOnTimeout.java:288)
	at org.junit.internal.runners.statements.FailOnTimeout$CallableStatement.call(FailOnTimeout.java:282)
	at java.util.concurrent.FutureTask.run(FutureTask.java:266)
	... 1 more
2021-10-28 01:50:48,426 [Listener at 127.0.0.1/46475] INFO  segmented.SegmentedRaftLogWorker (SegmentedRaftLogWorker.java:close(237)) - 253ef487-fc9a-46cf-a18f-fb890cfa9c45@group-7330C24FE1E2-SegmentedRaftLogWorker close()
2021-10-28 01:50:48,428 [Listener at 127.0.0.1/46475] INFO  server.RaftServer$Division (RaftServerImpl.java:lambda$close$4(412)) - 253ef487-fc9a-46cf-a18f-fb890cfa9c45@group-E918C9FD5E21: shutdown
2021-10-28 01:50:48,428 [Listener at 127.0.0.1/46475] INFO  util.JmxRegister (JmxRegister.java:unregister(73)) - Successfully un-registered JMX Bean with object name Ratis:service=RaftServer,group=group-E918C9FD5E21,id=253ef487-fc9a-46cf-a18f-fb890cfa9c45
2021-10-28 01:50:48,428 [Listener at 127.0.0.1/46475] INFO  impl.RoleInfo (RoleInfo.java:shutdownFollowerState(108)) - 253ef487-fc9a-46cf-a18f-fb890cfa9c45: shutdown 253ef487-fc9a-46cf-a18f-fb890cfa9c45@group-E918C9FD5E21-FollowerState
2021-10-28 01:50:48,428 [253ef487-fc9a-46cf-a18f-fb890cfa9c45@group-E918C9FD5E21-FollowerState] INFO  impl.FollowerState (FollowerState.java:run(143)) - 253ef487-fc9a-46cf-a18f-fb890cfa9c45@group-E918C9FD5E21-FollowerState was interrupted: {}
java.lang.InterruptedException: sleep interrupted
	at java.lang.Thread.sleep(Native Method)
	at java.lang.Thread.sleep(Thread.java:340)
	at java.util.concurrent.TimeUnit.sleep(TimeUnit.java:386)
	at org.apache.ratis.util.TimeDuration.sleep(TimeDuration.java:324)
	at org.apache.ratis.util.TimeDuration.sleep(TimeDuration.java:309)
	at org.apache.ratis.server.impl.FollowerState.run(FollowerState.java:118)
2021-10-28 01:50:48,428 [253ef487-fc9a-46cf-a18f-fb890cfa9c45@group-E918C9FD5E21-StateMachineUpdater] INFO  ratis.ContainerStateMachine (ContainerStateMachine.java:takeSnapshot(292)) - group-E918C9FD5E21: Taking a snapshot at:(t:2, i:0) file /home/runner/work/ozone/ozone/hadoop-ozone/integration-test/target/test-dir/MiniOzoneClusterImpl-0566475b-15f3-492a-9b28-f78457f271af/datanode-0/data/ratis/1e7b1cb3-9b09-404d-9c06-e918c9fd5e21/sm/snapshot.2_0
2021-10-28 01:50:48,429 [Listener at 127.0.0.1/46475] INFO  impl.StateMachineUpdater (StateMachineUpdater.java:stopAndJoin(149)) - 253ef487-fc9a-46cf-a18f-fb890cfa9c45@group-E918C9FD5E21-StateMachineUpdater: set stopIndex = 0
2021-10-28 01:50:48,430 [253ef487-fc9a-46cf-a18f-fb890cfa9c45@group-E918C9FD5E21-StateMachineUpdater] INFO  ratis.ContainerStateMachine (ContainerStateMachine.java:takeSnapshot(303)) - group-E918C9FD5E21: Finished taking a snapshot at:(t:2, i:0) file:/home/runner/work/ozone/ozone/hadoop-ozone/integration-test/target/test-dir/MiniOzoneClusterImpl-0566475b-15f3-492a-9b28-f78457f271af/datanode-0/data/ratis/1e7b1cb3-9b09-404d-9c06-e918c9fd5e21/sm/snapshot.2_0 took: 1 ms
2021-10-28 01:50:48,430 [253ef487-fc9a-46cf-a18f-fb890cfa9c45@group-E918C9FD5E21-StateMachineUpdater] INFO  impl.StateMachineUpdater (StateMachineUpdater.java:takeSnapshot(281)) - 253ef487-fc9a-46cf-a18f-fb890cfa9c45@group-E918C9FD5E21-StateMachineUpdater: Took a snapshot at index 0
2021-10-28 01:50:48,430 [253ef487-fc9a-46cf-a18f-fb890cfa9c45@group-E918C9FD5E21-StateMachineUpdater] INFO  impl.StateMachineUpdater (StateMachineUpdater.java:lambda$new$0(89)) - 253ef487-fc9a-46cf-a18f-fb890cfa9c45@group-E918C9FD5E21-StateMachineUpdater: snapshotIndex: updateIncreasingly -1 -> 0
2021-10-28 01:50:48,431 [Listener at 127.0.0.1/46475] INFO  server.RaftServer$Division (ServerState.java:close(419)) - 253ef487-fc9a-46cf-a18f-fb890cfa9c45@group-E918C9FD5E21: closes. applyIndex: 0
2021-10-28 01:50:48,431 [253ef487-fc9a-46cf-a18f-fb890cfa9c45@group-E918C9FD5E21-SegmentedRaftLogWorker] INFO  segmented.SegmentedRaftLogWorker (SegmentedRaftLogWorker.java:run(327)) - 253ef487-fc9a-46cf-a18f-fb890cfa9c45@group-E918C9FD5E21-SegmentedRaftLogWorker was interrupted, exiting. There are 0 tasks remaining in the queue.
2021-10-28 01:50:48,431 [Listener at 127.0.0.1/46475] INFO  segmented.SegmentedRaftLogWorker (SegmentedRaftLogWorker.java:close(237)) - 253ef487-fc9a-46cf-a18f-fb890cfa9c45@group-E918C9FD5E21-SegmentedRaftLogWorker close()
2021-10-28 01:50:48,434 [Listener at 127.0.0.1/46475] INFO  server.GrpcService (GrpcService.java:closeImpl(262)) - 253ef487-fc9a-46cf-a18f-fb890cfa9c45: shutdown server with port 46847 now
2021-10-28 01:50:48,444 [grpc-default-executor-1] WARN  server.GrpcServerProtocolService (LogUtils.java:warn(122)) - 253ef487-fc9a-46cf-a18f-fb890cfa9c45: installSnapshot onError, lastRequest: 3bba12ea-eb97-4cb8-a72d-96cb4f92f88e->253ef487-fc9a-46cf-a18f-fb890cfa9c45#1-t2,previous=(t:0, i:0),leaderCommit=0,initializing? true,entries: size=1, first=(t:2, i:0), CONFIGURATIONENTRY: org.apache.ratis.thirdparty.io.grpc.StatusRuntimeException: CANCELLED: client cancelled
2021-10-28 01:50:48,452 [grpc-default-executor-1] INFO  server.GrpcLogAppender (GrpcLogAppender.java:onCompleted(346)) - 253ef487-fc9a-46cf-a18f-fb890cfa9c45@group-7330C24FE1E2->3bba12ea-eb97-4cb8-a72d-96cb4f92f88e-AppendLogResponseHandler: follower responses appendEntries COMPLETED
2021-10-28 01:50:48,466 [grpc-default-executor-2] WARN  server.GrpcLogAppender (LogUtils.java:warn(122)) - 3bba12ea-eb97-4cb8-a72d-96cb4f92f88e@group-E918C9FD5E21->253ef487-fc9a-46cf-a18f-fb890cfa9c45-AppendLogResponseHandler: Failed appendEntries: org.apache.ratis.thirdparty.io.grpc.StatusRuntimeException: CANCELLED: HTTP/2 error code: CANCEL
Received Rst Stream
2021-10-28 01:50:48,466 [grpc-default-executor-2] WARN  server.GrpcLogAppender (GrpcLogAppender.java:resetClient(110)) - 3bba12ea-eb97-4cb8-a72d-96cb4f92f88e@group-E918C9FD5E21->253ef487-fc9a-46cf-a18f-fb890cfa9c45-GrpcLogAppender: Leader has not got in touch with Follower 3bba12ea-eb97-4cb8-a72d-96cb4f92f88e@group-E918C9FD5E21->253ef487-fc9a-46cf-a18f-fb890cfa9c45(c0,m0,n1, attendVote=true, lastRpcSendTime=1041, lastRpcResponseTime=1028) yet, just keep nextIndex unchanged and retry.
2021-10-28 01:50:48,483 [Listener at 127.0.0.1/46475] INFO  server.GrpcService (GrpcService.java:closeImpl(271)) - 253ef487-fc9a-46cf-a18f-fb890cfa9c45: shutdown server with port 46847 successfully
2021-10-28 01:50:48,483 [org.apache.ratis.util.JvmPauseMonitor$$Lambda$531/277938555@64387fbe] INFO  util.JvmPauseMonitor (JvmPauseMonitor.java:run(109)) - JvmPauseMonitor-253ef487-fc9a-46cf-a18f-fb890cfa9c45: Stopped
2021-10-28 01:50:48,483 [grpc-default-executor-1] WARN  server.GrpcLogAppender (GrpcLogAppender.java:resetClient(116)) - 253ef487-fc9a-46cf-a18f-fb890cfa9c45@group-7330C24FE1E2->3bba12ea-eb97-4cb8-a72d-96cb4f92f88e-GrpcLogAppender: Failed to getClient for 3bba12ea-eb97-4cb8-a72d-96cb4f92f88e
org.apache.ratis.protocol.exceptions.AlreadyClosedException: 253ef487-fc9a-46cf-a18f-fb890cfa9c45 is already CLOSED
	at org.apache.ratis.util.PeerProxyMap$PeerAndProxy.getProxy(PeerProxyMap.java:60)
	at org.apache.ratis.util.PeerProxyMap.getProxy(PeerProxyMap.java:114)
	at org.apache.ratis.grpc.server.GrpcLogAppender.getClient(GrpcLogAppender.java:95)
	at org.apache.ratis.grpc.server.GrpcLogAppender.resetClient(GrpcLogAppender.java:100)
	at org.apache.ratis.grpc.server.GrpcLogAppender.access$500(GrpcLogAppender.java:53)
	at org.apache.ratis.grpc.server.GrpcLogAppender$AppendLogResponseHandler.onCompleted(GrpcLogAppender.java:347)
	at org.apache.ratis.thirdparty.io.grpc.stub.ClientCalls$StreamObserverToCallListenerAdapter.onClose(ClientCalls.java:476)
	at org.apache.ratis.thirdparty.io.grpc.internal.ClientCallImpl.closeObserver(ClientCallImpl.java:616)
	at org.apache.ratis.thirdparty.io.grpc.internal.ClientCallImpl.access$300(ClientCallImpl.java:69)
	at org.apache.ratis.thirdparty.io.grpc.internal.ClientCallImpl$ClientStreamListenerImpl$1StreamClosed.runInternal(ClientCallImpl.java:802)
	at org.apache.ratis.thirdparty.io.grpc.internal.ClientCallImpl$ClientStreamListenerImpl$1StreamClosed.runInContext(ClientCallImpl.java:781)
	at org.apache.ratis.thirdparty.io.grpc.internal.ContextRunnable.run(ContextRunnable.java:37)
	at org.apache.ratis.thirdparty.io.grpc.internal.SerializingExecutor.run(SerializingExecutor.java:123)
	at java.util.concurrent.ThreadPoolExecutor.runWorker(ThreadPoolExecutor.java:1149)
	at java.util.concurrent.ThreadPoolExecutor$Worker.run(ThreadPoolExecutor.java:624)
	at java.lang.Thread.run(Thread.java:748)
2021-10-28 01:50:48,484 [Listener at 127.0.0.1/46475] INFO  utils.BackgroundService (BackgroundService.java:shutdown(132)) - Shutting down service BlockDeletingService
2021-10-28 01:50:48,791 [ForkJoinPool.commonPool-worker-1] INFO  ozoneimpl.OzoneContainer (OzoneContainer.java:stop(325)) - Attempting to stop container services.
2021-10-28 01:50:48,793 [ForkJoinPool.commonPool-worker-1] INFO  server.RaftServer (RaftServerProxy.java:lambda$close$6(391)) - 3bba12ea-eb97-4cb8-a72d-96cb4f92f88e: close
2021-10-28 01:50:48,794 [ForkJoinPool.commonPool-worker-1] INFO  server.RaftServer$Division (RaftServerImpl.java:lambda$close$4(412)) - 3bba12ea-eb97-4cb8-a72d-96cb4f92f88e@group-7330C24FE1E2: shutdown
2021-10-28 01:50:48,794 [ForkJoinPool.commonPool-worker-1] INFO  util.JmxRegister (JmxRegister.java:unregister(73)) - Successfully un-registered JMX Bean with object name Ratis:service=RaftServer,group=group-7330C24FE1E2,id=3bba12ea-eb97-4cb8-a72d-96cb4f92f88e
2021-10-28 01:50:48,794 [ForkJoinPool.commonPool-worker-1] INFO  impl.RoleInfo (RoleInfo.java:shutdownFollowerState(108)) - 3bba12ea-eb97-4cb8-a72d-96cb4f92f88e: shutdown 3bba12ea-eb97-4cb8-a72d-96cb4f92f88e@group-7330C24FE1E2-FollowerState
2021-10-28 01:50:48,794 [ForkJoinPool.commonPool-worker-1] INFO  impl.StateMachineUpdater (StateMachineUpdater.java:stopAndJoin(149)) - 3bba12ea-eb97-4cb8-a72d-96cb4f92f88e@group-7330C24FE1E2-StateMachineUpdater: set stopIndex = 2
2021-10-28 01:50:48,794 [3bba12ea-eb97-4cb8-a72d-96cb4f92f88e@group-7330C24FE1E2-FollowerState] INFO  impl.FollowerState (FollowerState.java:run(143)) - 3bba12ea-eb97-4cb8-a72d-96cb4f92f88e@group-7330C24FE1E2-FollowerState was interrupted: {}
java.lang.InterruptedException: sleep interrupted
	at java.lang.Thread.sleep(Native Method)
	at java.lang.Thread.sleep(Thread.java:340)
	at java.util.concurrent.TimeUnit.sleep(TimeUnit.java:386)
	at org.apache.ratis.util.TimeDuration.sleep(TimeDuration.java:324)
	at org.apache.ratis.util.TimeDuration.sleep(TimeDuration.java:309)
	at org.apache.ratis.server.impl.FollowerState.run(FollowerState.java:118)
2021-10-28 01:50:48,794 [3bba12ea-eb97-4cb8-a72d-96cb4f92f88e@group-7330C24FE1E2-StateMachineUpdater] INFO  ratis.ContainerStateMachine (ContainerStateMachine.java:takeSnapshot(292)) - group-7330C24FE1E2: Taking a snapshot at:(t:5, i:2) file /home/runner/work/ozone/ozone/hadoop-ozone/integration-test/target/test-dir/MiniOzoneClusterImpl-0566475b-15f3-492a-9b28-f78457f271af/datanode-2/data/ratis/1e12f81b-9515-4629-add1-7330c24fe1e2/sm/snapshot.5_2
2021-10-28 01:50:48,798 [3bba12ea-eb97-4cb8-a72d-96cb4f92f88e@group-7330C24FE1E2-StateMachineUpdater] INFO  ratis.ContainerStateMachine (ContainerStateMachine.java:takeSnapshot(303)) - group-7330C24FE1E2: Finished taking a snapshot at:(t:5, i:2) file:/home/runner/work/ozone/ozone/hadoop-ozone/integration-test/target/test-dir/MiniOzoneClusterImpl-0566475b-15f3-492a-9b28-f78457f271af/datanode-2/data/ratis/1e12f81b-9515-4629-add1-7330c24fe1e2/sm/snapshot.5_2 took: 4 ms
2021-10-28 01:50:48,798 [3bba12ea-eb97-4cb8-a72d-96cb4f92f88e@group-7330C24FE1E2-StateMachineUpdater] INFO  impl.StateMachineUpdater (StateMachineUpdater.java:takeSnapshot(281)) - 3bba12ea-eb97-4cb8-a72d-96cb4f92f88e@group-7330C24FE1E2-StateMachineUpdater: Took a snapshot at index 2
2021-10-28 01:50:48,798 [3bba12ea-eb97-4cb8-a72d-96cb4f92f88e@group-7330C24FE1E2-StateMachineUpdater] INFO  impl.StateMachineUpdater (StateMachineUpdater.java:lambda$new$0(89)) - 3bba12ea-eb97-4cb8-a72d-96cb4f92f88e@group-7330C24FE1E2-StateMachineUpdater: snapshotIndex: updateIncreasingly -1 -> 2
2021-10-28 01:50:48,798 [ForkJoinPool.commonPool-worker-1] INFO  server.RaftServer$Division (ServerState.java:close(419)) - 3bba12ea-eb97-4cb8-a72d-96cb4f92f88e@group-7330C24FE1E2: closes. applyIndex: 2
2021-10-28 01:50:48,799 [3bba12ea-eb97-4cb8-a72d-96cb4f92f88e@group-7330C24FE1E2-SegmentedRaftLogWorker] INFO  segmented.SegmentedRaftLogWorker (SegmentedRaftLogWorker.java:run(327)) - 3bba12ea-eb97-4cb8-a72d-96cb4f92f88e@group-7330C24FE1E2-SegmentedRaftLogWorker was interrupted, exiting. There are 0 tasks remaining in the queue.
2021-10-28 01:50:48,800 [ForkJoinPool.commonPool-worker-1] INFO  segmented.SegmentedRaftLogWorker (SegmentedRaftLogWorker.java:close(237)) - 3bba12ea-eb97-4cb8-a72d-96cb4f92f88e@group-7330C24FE1E2-SegmentedRaftLogWorker close()
2021-10-28 01:50:48,800 [ForkJoinPool.commonPool-worker-1] INFO  server.RaftServer$Division (RaftServerImpl.java:lambda$close$4(412)) - 3bba12ea-eb97-4cb8-a72d-96cb4f92f88e@group-E918C9FD5E21: shutdown
2021-10-28 01:50:48,800 [ForkJoinPool.commonPool-worker-1] INFO  util.JmxRegister (JmxRegister.java:unregister(73)) - Successfully un-registered JMX Bean with object name Ratis:service=RaftServer,group=group-E918C9FD5E21,id=3bba12ea-eb97-4cb8-a72d-96cb4f92f88e
2021-10-28 01:50:48,800 [ForkJoinPool.commonPool-worker-1] INFO  impl.RoleInfo (RoleInfo.java:shutdownLeaderState(91)) - 3bba12ea-eb97-4cb8-a72d-96cb4f92f88e: shutdown 3bba12ea-eb97-4cb8-a72d-96cb4f92f88e@group-E918C9FD5E21-LeaderStateImpl
2021-10-28 01:50:48,800 [ForkJoinPool.commonPool-worker-1] INFO  impl.PendingRequests (PendingRequests.java:sendNotLeaderResponses(282)) - 3bba12ea-eb97-4cb8-a72d-96cb4f92f88e@group-E918C9FD5E21-PendingRequests: sendNotLeaderResponses
2021-10-28 01:50:48,801 [3bba12ea-eb97-4cb8-a72d-96cb4f92f88e@group-E918C9FD5E21-StateMachineUpdater] INFO  ratis.ContainerStateMachine (ContainerStateMachine.java:takeSnapshot(292)) - group-E918C9FD5E21: Taking a snapshot at:(t:2, i:0) file /home/runner/work/ozone/ozone/hadoop-ozone/integration-test/target/test-dir/MiniOzoneClusterImpl-0566475b-15f3-492a-9b28-f78457f271af/datanode-2/data/ratis/1e7b1cb3-9b09-404d-9c06-e918c9fd5e21/sm/snapshot.2_0
2021-10-28 01:50:48,801 [ForkJoinPool.commonPool-worker-1] INFO  impl.StateMachineUpdater (StateMachineUpdater.java:stopAndJoin(149)) - 3bba12ea-eb97-4cb8-a72d-96cb4f92f88e@group-E918C9FD5E21-StateMachineUpdater: set stopIndex = 0
2021-10-28 01:50:48,802 [3bba12ea-eb97-4cb8-a72d-96cb4f92f88e@group-E918C9FD5E21-StateMachineUpdater] INFO  ratis.ContainerStateMachine (ContainerStateMachine.java:takeSnapshot(303)) - group-E918C9FD5E21: Finished taking a snapshot at:(t:2, i:0) file:/home/runner/work/ozone/ozone/hadoop-ozone/integration-test/target/test-dir/MiniOzoneClusterImpl-0566475b-15f3-492a-9b28-f78457f271af/datanode-2/data/ratis/1e7b1cb3-9b09-404d-9c06-e918c9fd5e21/sm/snapshot.2_0 took: 1 ms
2021-10-28 01:50:48,802 [3bba12ea-eb97-4cb8-a72d-96cb4f92f88e@group-E918C9FD5E21-StateMachineUpdater] INFO  impl.StateMachineUpdater (StateMachineUpdater.java:takeSnapshot(281)) - 3bba12ea-eb97-4cb8-a72d-96cb4f92f88e@group-E918C9FD5E21-StateMachineUpdater: Took a snapshot at index 0
2021-10-28 01:50:48,802 [3bba12ea-eb97-4cb8-a72d-96cb4f92f88e@group-E918C9FD5E21-StateMachineUpdater] INFO  impl.StateMachineUpdater (StateMachineUpdater.java:lambda$new$0(89)) - 3bba12ea-eb97-4cb8-a72d-96cb4f92f88e@group-E918C9FD5E21-StateMachineUpdater: snapshotIndex: updateIncreasingly -1 -> 0
2021-10-28 01:50:48,803 [ForkJoinPool.commonPool-worker-1] INFO  server.RaftServer$Division (ServerState.java:close(419)) - 3bba12ea-eb97-4cb8-a72d-96cb4f92f88e@group-E918C9FD5E21: closes. applyIndex: 0
2021-10-28 01:50:48,807 [3bba12ea-eb97-4cb8-a72d-96cb4f92f88e@group-E918C9FD5E21->253ef487-fc9a-46cf-a18f-fb890cfa9c45-GrpcLogAppender-LogAppenderDaemon] ERROR leader.LogAppenderDaemon (LogAppenderDaemon.java:run(86)) - 3bba12ea-eb97-4cb8-a72d-96cb4f92f88e@group-E918C9FD5E21->253ef487-fc9a-46cf-a18f-fb890cfa9c45-GrpcLogAppender-LogAppenderDaemon failed
java.lang.IllegalArgumentException: 3bba12ea-eb97-4cb8-a72d-96cb4f92f88e@group-E918C9FD5E21-SegmentedRaftLog is expected to be opened but it is CLOSED
	at org.apache.ratis.util.OpenCloseState.assertOpen(OpenCloseState.java:63)
	at org.apache.ratis.server.raftlog.RaftLogBase.checkLogState(RaftLogBase.java:107)
	at org.apache.ratis.server.raftlog.segmented.SegmentedRaftLog.getLastEntryTermIndex(SegmentedRaftLog.java:339)
	at org.apache.ratis.server.raftlog.RaftLog.getNextIndex(RaftLog.java:83)
	at org.apache.ratis.server.leader.LogAppenderBase.newAppendEntriesRequest(LogAppenderBase.java:138)
	at org.apache.ratis.grpc.server.GrpcLogAppender.appendLog(GrpcLogAppender.java:213)
	at org.apache.ratis.grpc.server.GrpcLogAppender.run(GrpcLogAppender.java:147)
	at org.apache.ratis.server.leader.LogAppenderDaemon.run(LogAppenderDaemon.java:77)
	at java.lang.Thread.run(Thread.java:748)
Caused by: org.apache.ratis.util.OpenCloseState$CloseTrace: Close 3bba12ea-eb97-4cb8-a72d-96cb4f92f88e@group-E918C9FD5E21-SegmentedRaftLog
	at org.apache.ratis.util.OpenCloseState.lambda$close$1(OpenCloseState.java:109)
	at java.util.concurrent.atomic.AtomicReference.getAndUpdate(AtomicReference.java:160)
	at org.apache.ratis.util.OpenCloseState.close(OpenCloseState.java:109)
	at org.apache.ratis.server.raftlog.RaftLogBase.close(RaftLogBase.java:356)
	at org.apache.ratis.server.raftlog.segmented.SegmentedRaftLog.close(SegmentedRaftLog.java:505)
	at org.apache.ratis.server.impl.ServerState.close(ServerState.java:421)
	at org.apache.ratis.server.impl.RaftServerImpl.lambda$close$4(RaftServerImpl.java:434)
	at org.apache.ratis.util.LifeCycle.lambda$checkStateAndClose$4(LifeCycle.java:299)
	at org.apache.ratis.util.LifeCycle.checkStateAndClose(LifeCycle.java:319)
	at org.apache.ratis.util.LifeCycle.checkStateAndClose(LifeCycle.java:297)
	at org.apache.ratis.server.impl.RaftServerImpl.close(RaftServerImpl.java:411)
	at org.apache.ratis.server.impl.RaftServerProxy$ImplMap.close(RaftServerProxy.java:129)
	at org.apache.ratis.server.impl.RaftServerProxy$ImplMap.lambda$close$0(RaftServerProxy.java:117)
	at java.util.stream.ForEachOps$ForEachOp$OfRef.accept(ForEachOps.java:183)
	at java.util.concurrent.ConcurrentHashMap$EntrySpliterator.forEachRemaining(ConcurrentHashMap.java:3606)
	at java.util.stream.AbstractPipeline.copyInto(AbstractPipeline.java:482)
	at java.util.stream.ForEachOps$ForEachTask.compute(ForEachOps.java:290)
	at java.util.concurrent.CountedCompleter.exec(CountedCompleter.java:731)
	at java.util.concurrent.ForkJoinTask.doExec(ForkJoinTask.java:289)
	at java.util.concurrent.ForkJoinPool.helpComplete(ForkJoinPool.java:1870)
	at java.util.concurrent.ForkJoinPool.awaitJoin(ForkJoinPool.java:2045)
	at java.util.concurrent.ForkJoinTask.doInvoke(ForkJoinTask.java:404)
	at java.util.concurrent.ForkJoinTask.invoke(ForkJoinTask.java:734)
	at java.util.stream.ForEachOps$ForEachOp.evaluateParallel(ForEachOps.java:159)
	at java.util.stream.ForEachOps$ForEachOp$OfRef.evaluateParallel(ForEachOps.java:173)
	at java.util.stream.AbstractPipeline.evaluate(AbstractPipeline.java:233)
	at java.util.stream.ReferencePipeline.forEach(ReferencePipeline.java:485)
	at java.util.stream.ReferencePipeline$Head.forEach(ReferencePipeline.java:650)
	at org.apache.ratis.server.impl.RaftServerProxy$ImplMap.close(RaftServerProxy.java:117)
	at org.apache.ratis.server.impl.RaftServerProxy.lambda$close$6(RaftServerProxy.java:392)
	at org.apache.ratis.util.LifeCycle.lambda$checkStateAndClose$4(LifeCycle.java:299)
	at org.apache.ratis.util.LifeCycle.checkStateAndClose(LifeCycle.java:319)
	at org.apache.ratis.util.LifeCycle.checkStateAndClose(LifeCycle.java:297)
	at org.apache.ratis.server.impl.RaftServerProxy.close(RaftServerProxy.java:390)
	at org.apache.hadoop.ozone.container.common.transport.server.ratis.XceiverServerRatis.stop(XceiverServerRatis.java:516)
	at org.apache.hadoop.ozone.container.ozoneimpl.OzoneContainer.stop(OzoneContainer.java:328)
	at org.apache.hadoop.ozone.container.common.statemachine.DatanodeStateMachine.close(DatanodeStateMachine.java:380)
	at org.apache.hadoop.ozone.container.common.statemachine.DatanodeStateMachine.stopDaemon(DatanodeStateMachine.java:525)
	at org.apache.hadoop.ozone.HddsDatanodeService.stop(HddsDatanodeService.java:587)
	at org.apache.hadoop.ozone.MiniOzoneClusterImpl.stopDatanode(MiniOzoneClusterImpl.java:535)
	at java.util.stream.ForEachOps$ForEachOp$OfRef.accept(ForEachOps.java:183)
	at java.util.ArrayList$ArrayListSpliterator.forEachRemaining(ArrayList.java:1384)
	at java.util.stream.AbstractPipeline.copyInto(AbstractPipeline.java:482)
	at java.util.stream.ForEachOps$ForEachTask.compute(ForEachOps.java:290)
	at java.util.concurrent.CountedCompleter.exec(CountedCompleter.java:731)
	at java.util.concurrent.ForkJoinTask.doExec(ForkJoinTask.java:289)
	at java.util.concurrent.ForkJoinPool$WorkQueue.execLocalTasks(ForkJoinPool.java:1040)
	at java.util.concurrent.ForkJoinPool$WorkQueue.runTask(ForkJoinPool.java:1058)
	at java.util.concurrent.ForkJoinPool.runWorker(ForkJoinPool.java:1692)
	at java.util.concurrent.ForkJoinWorkerThread.run(ForkJoinWorkerThread.java:175)
2021-10-28 01:50:48,807 [3bba12ea-eb97-4cb8-a72d-96cb4f92f88e@group-E918C9FD5E21-SegmentedRaftLogWorker] INFO  segmented.SegmentedRaftLogWorker (SegmentedRaftLogWorker.java:run(327)) - 3bba12ea-eb97-4cb8-a72d-96cb4f92f88e@group-E918C9FD5E21-SegmentedRaftLogWorker was interrupted, exiting. There are 0 tasks remaining in the queue.
2021-10-28 01:50:48,820 [ForkJoinPool.commonPool-worker-1] INFO  segmented.SegmentedRaftLogWorker (SegmentedRaftLogWorker.java:close(237)) - 3bba12ea-eb97-4cb8-a72d-96cb4f92f88e@group-E918C9FD5E21-SegmentedRaftLogWorker close()
2021-10-28 01:50:48,820 [ForkJoinPool.commonPool-worker-1] INFO  server.RaftServer$Division (RaftServerImpl.java:lambda$close$4(412)) - 3bba12ea-eb97-4cb8-a72d-96cb4f92f88e@group-EA576DF61A38: shutdown
2021-10-28 01:50:48,820 [ForkJoinPool.commonPool-worker-1] INFO  util.JmxRegister (JmxRegister.java:unregister(73)) - Successfully un-registered JMX Bean with object name Ratis:service=RaftServer,group=group-EA576DF61A38,id=3bba12ea-eb97-4cb8-a72d-96cb4f92f88e
2021-10-28 01:50:48,821 [ForkJoinPool.commonPool-worker-1] INFO  impl.RoleInfo (RoleInfo.java:shutdownLeaderState(91)) - 3bba12ea-eb97-4cb8-a72d-96cb4f92f88e: shutdown 3bba12ea-eb97-4cb8-a72d-96cb4f92f88e@group-EA576DF61A38-LeaderStateImpl
2021-10-28 01:50:48,821 [ForkJoinPool.commonPool-worker-1] INFO  impl.PendingRequests (PendingRequests.java:sendNotLeaderResponses(282)) - 3bba12ea-eb97-4cb8-a72d-96cb4f92f88e@group-EA576DF61A38-PendingRequests: sendNotLeaderResponses
2021-10-28 01:50:48,822 [3bba12ea-eb97-4cb8-a72d-96cb4f92f88e@group-EA576DF61A38-StateMachineUpdater] INFO  ratis.ContainerStateMachine (ContainerStateMachine.java:takeSnapshot(292)) - group-EA576DF61A38: Taking a snapshot at:(t:1, i:0) file /home/runner/work/ozone/ozone/hadoop-ozone/integration-test/target/test-dir/MiniOzoneClusterImpl-0566475b-15f3-492a-9b28-f78457f271af/datanode-2/data/ratis/678a5660-1538-431c-90b9-ea576df61a38/sm/snapshot.1_0
2021-10-28 01:50:48,822 [ForkJoinPool.commonPool-worker-1] INFO  impl.StateMachineUpdater (StateMachineUpdater.java:stopAndJoin(149)) - 3bba12ea-eb97-4cb8-a72d-96cb4f92f88e@group-EA576DF61A38-StateMachineUpdater: set stopIndex = 0
2021-10-28 01:50:48,831 [3bba12ea-eb97-4cb8-a72d-96cb4f92f88e@group-EA576DF61A38-StateMachineUpdater] INFO  ratis.ContainerStateMachine (ContainerStateMachine.java:takeSnapshot(303)) - group-EA576DF61A38: Finished taking a snapshot at:(t:1, i:0) file:/home/runner/work/ozone/ozone/hadoop-ozone/integration-test/target/test-dir/MiniOzoneClusterImpl-0566475b-15f3-492a-9b28-f78457f271af/datanode-2/data/ratis/678a5660-1538-431c-90b9-ea576df61a38/sm/snapshot.1_0 took: 10 ms
2021-10-28 01:50:48,839 [3bba12ea-eb97-4cb8-a72d-96cb4f92f88e@group-EA576DF61A38-StateMachineUpdater] INFO  impl.StateMachineUpdater (StateMachineUpdater.java:takeSnapshot(281)) - 3bba12ea-eb97-4cb8-a72d-96cb4f92f88e@group-EA576DF61A38-StateMachineUpdater: Took a snapshot at index 0
2021-10-28 01:50:48,839 [3bba12ea-eb97-4cb8-a72d-96cb4f92f88e@group-EA576DF61A38-StateMachineUpdater] INFO  impl.StateMachineUpdater (StateMachineUpdater.java:lambda$new$0(89)) - 3bba12ea-eb97-4cb8-a72d-96cb4f92f88e@group-EA576DF61A38-StateMachineUpdater: snapshotIndex: updateIncreasingly -1 -> 0
2021-10-28 01:50:48,839 [ForkJoinPool.commonPool-worker-1] INFO  server.RaftServer$Division (ServerState.java:close(419)) - 3bba12ea-eb97-4cb8-a72d-96cb4f92f88e@group-EA576DF61A38: closes. applyIndex: 0
2021-10-28 01:50:48,840 [3bba12ea-eb97-4cb8-a72d-96cb4f92f88e@group-EA576DF61A38-SegmentedRaftLogWorker] INFO  segmented.SegmentedRaftLogWorker (SegmentedRaftLogWorker.java:run(327)) - 3bba12ea-eb97-4cb8-a72d-96cb4f92f88e@group-EA576DF61A38-SegmentedRaftLogWorker was interrupted, exiting. There are 0 tasks remaining in the queue.
2021-10-28 01:50:48,840 [ForkJoinPool.commonPool-worker-1] INFO  segmented.SegmentedRaftLogWorker (SegmentedRaftLogWorker.java:close(237)) - 3bba12ea-eb97-4cb8-a72d-96cb4f92f88e@group-EA576DF61A38-SegmentedRaftLogWorker close()
2021-10-28 01:50:48,840 [ForkJoinPool.commonPool-worker-1] INFO  server.GrpcService (GrpcService.java:closeImpl(262)) - 3bba12ea-eb97-4cb8-a72d-96cb4f92f88e: shutdown server with port 33133 now
2021-10-28 01:50:48,844 [3bba12ea-eb97-4cb8-a72d-96cb4f92f88e@group-E918C9FD5E21->167d9434-a89e-4891-b1b1-bac4f9f29552-GrpcLogAppender-LogAppenderDaemon] ERROR leader.LogAppenderDaemon (LogAppenderDaemon.java:run(86)) - 3bba12ea-eb97-4cb8-a72d-96cb4f92f88e@group-E918C9FD5E21->167d9434-a89e-4891-b1b1-bac4f9f29552-GrpcLogAppender-LogAppenderDaemon failed
java.lang.IllegalArgumentException: 3bba12ea-eb97-4cb8-a72d-96cb4f92f88e@group-E918C9FD5E21-SegmentedRaftLog is expected to be opened but it is CLOSED
	at org.apache.ratis.util.OpenCloseState.assertOpen(OpenCloseState.java:63)
	at org.apache.ratis.server.raftlog.RaftLogBase.checkLogState(RaftLogBase.java:107)
	at org.apache.ratis.server.raftlog.segmented.SegmentedRaftLog.getLastEntryTermIndex(SegmentedRaftLog.java:339)
	at org.apache.ratis.server.raftlog.RaftLog.getNextIndex(RaftLog.java:83)
	at org.apache.ratis.server.leader.LogAppenderBase.newAppendEntriesRequest(LogAppenderBase.java:138)
	at org.apache.ratis.grpc.server.GrpcLogAppender.appendLog(GrpcLogAppender.java:213)
	at org.apache.ratis.grpc.server.GrpcLogAppender.run(GrpcLogAppender.java:147)
	at org.apache.ratis.server.leader.LogAppenderDaemon.run(LogAppenderDaemon.java:77)
	at java.lang.Thread.run(Thread.java:748)
Caused by: org.apache.ratis.util.OpenCloseState$CloseTrace: Close 3bba12ea-eb97-4cb8-a72d-96cb4f92f88e@group-E918C9FD5E21-SegmentedRaftLog
	at org.apache.ratis.util.OpenCloseState.lambda$close$1(OpenCloseState.java:109)
	at java.util.concurrent.atomic.AtomicReference.getAndUpdate(AtomicReference.java:160)
	at org.apache.ratis.util.OpenCloseState.close(OpenCloseState.java:109)
	at org.apache.ratis.server.raftlog.RaftLogBase.close(RaftLogBase.java:356)
	at org.apache.ratis.server.raftlog.segmented.SegmentedRaftLog.close(SegmentedRaftLog.java:505)
	at org.apache.ratis.server.impl.ServerState.close(ServerState.java:421)
	at org.apache.ratis.server.impl.RaftServerImpl.lambda$close$4(RaftServerImpl.java:434)
	at org.apache.ratis.util.LifeCycle.lambda$checkStateAndClose$4(LifeCycle.java:299)
	at org.apache.ratis.util.LifeCycle.checkStateAndClose(LifeCycle.java:319)
	at org.apache.ratis.util.LifeCycle.checkStateAndClose(LifeCycle.java:297)
	at org.apache.ratis.server.impl.RaftServerImpl.close(RaftServerImpl.java:411)
	at org.apache.ratis.server.impl.RaftServerProxy$ImplMap.close(RaftServerProxy.java:129)
	at org.apache.ratis.server.impl.RaftServerProxy$ImplMap.lambda$close$0(RaftServerProxy.java:117)
	at java.util.stream.ForEachOps$ForEachOp$OfRef.accept(ForEachOps.java:183)
	at java.util.concurrent.ConcurrentHashMap$EntrySpliterator.forEachRemaining(ConcurrentHashMap.java:3606)
	at java.util.stream.AbstractPipeline.copyInto(AbstractPipeline.java:482)
	at java.util.stream.ForEachOps$ForEachTask.compute(ForEachOps.java:290)
	at java.util.concurrent.CountedCompleter.exec(CountedCompleter.java:731)
	at java.util.concurrent.ForkJoinTask.doExec(ForkJoinTask.java:289)
	at java.util.concurrent.ForkJoinPool.helpComplete(ForkJoinPool.java:1870)
	at java.util.concurrent.ForkJoinPool.awaitJoin(ForkJoinPool.java:2045)
	at java.util.concurrent.ForkJoinTask.doInvoke(ForkJoinTask.java:404)
	at java.util.concurrent.ForkJoinTask.invoke(ForkJoinTask.java:734)
	at java.util.stream.ForEachOps$ForEachOp.evaluateParallel(ForEachOps.java:159)
	at java.util.stream.ForEachOps$ForEachOp$OfRef.evaluateParallel(ForEachOps.java:173)
	at java.util.stream.AbstractPipeline.evaluate(AbstractPipeline.java:233)
	at java.util.stream.ReferencePipeline.forEach(ReferencePipeline.java:485)
	at java.util.stream.ReferencePipeline$Head.forEach(ReferencePipeline.java:650)
	at org.apache.ratis.server.impl.RaftServerProxy$ImplMap.close(RaftServerProxy.java:117)
	at org.apache.ratis.server.impl.RaftServerProxy.lambda$close$6(RaftServerProxy.java:392)
	at org.apache.ratis.util.LifeCycle.lambda$checkStateAndClose$4(LifeCycle.java:299)
	at org.apache.ratis.util.LifeCycle.checkStateAndClose(LifeCycle.java:319)
	at org.apache.ratis.util.LifeCycle.checkStateAndClose(LifeCycle.java:297)
	at org.apache.ratis.server.impl.RaftServerProxy.close(RaftServerProxy.java:390)
	at org.apache.hadoop.ozone.container.common.transport.server.ratis.XceiverServerRatis.stop(XceiverServerRatis.java:516)
	at org.apache.hadoop.ozone.container.ozoneimpl.OzoneContainer.stop(OzoneContainer.java:328)
	at org.apache.hadoop.ozone.container.common.statemachine.DatanodeStateMachine.close(DatanodeStateMachine.java:380)
	at org.apache.hadoop.ozone.container.common.statemachine.DatanodeStateMachine.stopDaemon(DatanodeStateMachine.java:525)
	at org.apache.hadoop.ozone.HddsDatanodeService.stop(HddsDatanodeService.java:587)
	at org.apache.hadoop.ozone.MiniOzoneClusterImpl.stopDatanode(MiniOzoneClusterImpl.java:535)
	at java.util.stream.ForEachOps$ForEachOp$OfRef.accept(ForEachOps.java:183)
	at java.util.ArrayList$ArrayListSpliterator.forEachRemaining(ArrayList.java:1384)
	at java.util.stream.AbstractPipeline.copyInto(AbstractPipeline.java:482)
	at java.util.stream.ForEachOps$ForEachTask.compute(ForEachOps.java:290)
	at java.util.concurrent.CountedCompleter.exec(CountedCompleter.java:731)
	at java.util.concurrent.ForkJoinTask.doExec(ForkJoinTask.java:289)
	at java.util.concurrent.ForkJoinPool$WorkQueue.execLocalTasks(ForkJoinPool.java:1040)
	at java.util.concurrent.ForkJoinPool$WorkQueue.runTask(ForkJoinPool.java:1058)
	at java.util.concurrent.ForkJoinPool.runWorker(ForkJoinPool.java:1692)
	at java.util.concurrent.ForkJoinWorkerThread.run(ForkJoinWorkerThread.java:175)
2021-10-28 01:50:48,856 [ForkJoinPool.commonPool-worker-1] INFO  server.GrpcService (GrpcService.java:closeImpl(271)) - 3bba12ea-eb97-4cb8-a72d-96cb4f92f88e: shutdown server with port 33133 successfully
2021-10-28 01:50:48,856 [org.apache.ratis.util.JvmPauseMonitor$$Lambda$531/277938555@35290e0e] INFO  util.JvmPauseMonitor (JvmPauseMonitor.java:run(109)) - JvmPauseMonitor-3bba12ea-eb97-4cb8-a72d-96cb4f92f88e: Stopped
2021-10-28 01:50:48,885 [ForkJoinPool.commonPool-worker-1] INFO  utils.BackgroundService (BackgroundService.java:shutdown(132)) - Shutting down service BlockDeletingService
2021-10-28 01:50:50,995 [850b4870-9ae5-4bfa-bbd2-f1f242dff33d@group-EC3451D81B3E-FollowerState] INFO  impl.FollowerState (FollowerState.java:run(134)) - 850b4870-9ae5-4bfa-bbd2-f1f242dff33d@group-EC3451D81B3E-FollowerState: change to CANDIDATE, lastRpcElapsedTime:5067878149ns, electionTimeout:5055ms
2021-10-28 01:50:50,995 [850b4870-9ae5-4bfa-bbd2-f1f242dff33d@group-EC3451D81B3E-FollowerState] INFO  impl.RoleInfo (RoleInfo.java:shutdownFollowerState(108)) - 850b4870-9ae5-4bfa-bbd2-f1f242dff33d: shutdown 850b4870-9ae5-4bfa-bbd2-f1f242dff33d@group-EC3451D81B3E-FollowerState
2021-10-28 01:50:50,995 [850b4870-9ae5-4bfa-bbd2-f1f242dff33d@group-EC3451D81B3E-FollowerState] INFO  server.RaftServer$Division (RaftServerImpl.java:setRole(290)) - 850b4870-9ae5-4bfa-bbd2-f1f242dff33d@group-EC3451D81B3E: changes role from  FOLLOWER to CANDIDATE at term 2 for changeToCandidate
2021-10-28 01:50:50,995 [850b4870-9ae5-4bfa-bbd2-f1f242dff33d@group-EC3451D81B3E-FollowerState] INFO  server.RaftServerConfigKeys (ConfUtils.java:logGet(44)) - raft.server.leaderelection.pre-vote = false (custom)
2021-10-28 01:50:50,995 [850b4870-9ae5-4bfa-bbd2-f1f242dff33d@group-EC3451D81B3E-FollowerState] INFO  impl.RoleInfo (RoleInfo.java:updateAndGet(130)) - 850b4870-9ae5-4bfa-bbd2-f1f242dff33d: start 850b4870-9ae5-4bfa-bbd2-f1f242dff33d@group-EC3451D81B3E-LeaderElection90
2021-10-28 01:50:51,010 [850b4870-9ae5-4bfa-bbd2-f1f242dff33d@group-EC3451D81B3E-LeaderElection90] INFO  impl.LeaderElection (LeaderElection.java:askForVotes(306)) - 850b4870-9ae5-4bfa-bbd2-f1f242dff33d@group-EC3451D81B3E-LeaderElection90 ELECTION round 0: submit vote requests at term 3 for -1: [850b4870-9ae5-4bfa-bbd2-f1f242dff33d|rpc:10.1.0.29:35637|dataStream:|priority:0, 31d6ae09-1bf4-4ff4-9532-94f29ed1392e|rpc:10.1.0.29:44047|dataStream:|priority:1, 43ee2308-4bff-4c12-a476-7906f102dfb0|rpc:10.1.0.29:33053|dataStream:|priority:0], old=null
2021-10-28 01:50:51,025 [31d6ae09-1bf4-4ff4-9532-94f29ed1392e@group-EC3451D81B3E-FollowerState] INFO  impl.FollowerState (FollowerState.java:run(134)) - 31d6ae09-1bf4-4ff4-9532-94f29ed1392e@group-EC3451D81B3E-FollowerState: change to CANDIDATE, lastRpcElapsedTime:5077905667ns, electionTimeout:5032ms
2021-10-28 01:50:51,025 [31d6ae09-1bf4-4ff4-9532-94f29ed1392e@group-EC3451D81B3E-FollowerState] INFO  impl.RoleInfo (RoleInfo.java:shutdownFollowerState(108)) - 31d6ae09-1bf4-4ff4-9532-94f29ed1392e: shutdown 31d6ae09-1bf4-4ff4-9532-94f29ed1392e@group-EC3451D81B3E-FollowerState
2021-10-28 01:50:51,025 [31d6ae09-1bf4-4ff4-9532-94f29ed1392e@group-EC3451D81B3E-FollowerState] INFO  server.RaftServer$Division (RaftServerImpl.java:setRole(290)) - 31d6ae09-1bf4-4ff4-9532-94f29ed1392e@group-EC3451D81B3E: changes role from  FOLLOWER to CANDIDATE at term 2 for changeToCandidate
2021-10-28 01:50:51,044 [31d6ae09-1bf4-4ff4-9532-94f29ed1392e@group-EC3451D81B3E-FollowerState] INFO  server.RaftServerConfigKeys (ConfUtils.java:logGet(44)) - raft.server.leaderelection.pre-vote = false (custom)
2021-10-28 01:50:51,044 [31d6ae09-1bf4-4ff4-9532-94f29ed1392e@group-EC3451D81B3E-FollowerState] INFO  impl.RoleInfo (RoleInfo.java:updateAndGet(130)) - 31d6ae09-1bf4-4ff4-9532-94f29ed1392e: start 31d6ae09-1bf4-4ff4-9532-94f29ed1392e@group-EC3451D81B3E-LeaderElection91
2021-10-28 01:50:51,044 [grpc-default-executor-1] INFO  server.RaftServer$Division (RaftServerImpl.java:requestVote(1046)) - 31d6ae09-1bf4-4ff4-9532-94f29ed1392e@group-EC3451D81B3E: receive requestVote(ELECTION, 850b4870-9ae5-4bfa-bbd2-f1f242dff33d, group-EC3451D81B3E, 3, (t:0, i:0))
2021-10-28 01:50:51,075 [grpc-default-executor-1] INFO  impl.VoteContext (VoteContext.java:log(48)) - 31d6ae09-1bf4-4ff4-9532-94f29ed1392e@group-EC3451D81B3E-CANDIDATE: reject ELECTION from 850b4870-9ae5-4bfa-bbd2-f1f242dff33d: our priority 1 > candidate's priority 0
2021-10-28 01:50:51,075 [850b4870-9ae5-4bfa-bbd2-f1f242dff33d@group-EC3451D81B3E-LeaderElection90] INFO  impl.LeaderElection (LogUtils.java:infoOrTrace(137)) - 850b4870-9ae5-4bfa-bbd2-f1f242dff33d@group-EC3451D81B3E-LeaderElection90 got exception when requesting votes: java.util.concurrent.ExecutionException: org.apache.ratis.thirdparty.io.grpc.StatusRuntimeException: UNAVAILABLE: io exception
2021-10-28 01:50:51,075 [grpc-default-executor-1] INFO  server.RaftServer$Division (RaftServerImpl.java:setRole(290)) - 31d6ae09-1bf4-4ff4-9532-94f29ed1392e@group-EC3451D81B3E: changes role from CANDIDATE to FOLLOWER at term 3 for candidate:850b4870-9ae5-4bfa-bbd2-f1f242dff33d
2021-10-28 01:50:51,075 [grpc-default-executor-1] INFO  impl.RoleInfo (RoleInfo.java:shutdownLeaderElection(121)) - 31d6ae09-1bf4-4ff4-9532-94f29ed1392e: shutdown 31d6ae09-1bf4-4ff4-9532-94f29ed1392e@group-EC3451D81B3E-LeaderElection91
2021-10-28 01:50:51,075 [grpc-default-executor-1] INFO  impl.RoleInfo (RoleInfo.java:updateAndGet(130)) - 31d6ae09-1bf4-4ff4-9532-94f29ed1392e: start 31d6ae09-1bf4-4ff4-9532-94f29ed1392e@group-EC3451D81B3E-FollowerState
2021-10-28 01:50:51,082 [grpc-default-executor-1] INFO  server.RaftServer$Division (RaftServerImpl.java:requestVote(1078)) - 31d6ae09-1bf4-4ff4-9532-94f29ed1392e@group-EC3451D81B3E replies to ELECTION vote request: 850b4870-9ae5-4bfa-bbd2-f1f242dff33d<-31d6ae09-1bf4-4ff4-9532-94f29ed1392e#0:FAIL-t3. Peer's state: 31d6ae09-1bf4-4ff4-9532-94f29ed1392e@group-EC3451D81B3E:t3, leader=null, voted=null, raftlog=31d6ae09-1bf4-4ff4-9532-94f29ed1392e@group-EC3451D81B3E-SegmentedRaftLog:OPENED:c-1, conf=-1: [850b4870-9ae5-4bfa-bbd2-f1f242dff33d|rpc:10.1.0.29:35637|priority:0, 31d6ae09-1bf4-4ff4-9532-94f29ed1392e|rpc:10.1.0.29:44047|priority:1, 43ee2308-4bff-4c12-a476-7906f102dfb0|rpc:10.1.0.29:33053|priority:0], old=null
2021-10-28 01:50:51,083 [850b4870-9ae5-4bfa-bbd2-f1f242dff33d@group-EC3451D81B3E-LeaderElection90] INFO  impl.LeaderElection (LeaderElection.java:logAndReturn(89)) - 850b4870-9ae5-4bfa-bbd2-f1f242dff33d@group-EC3451D81B3E-LeaderElection90: ELECTION REJECTED received 1 response(s) and 1 exception(s):
2021-10-28 01:50:51,083 [850b4870-9ae5-4bfa-bbd2-f1f242dff33d@group-EC3451D81B3E-LeaderElection90] INFO  impl.LeaderElection (LeaderElection.java:logAndReturn(93)) -   Response 0: 850b4870-9ae5-4bfa-bbd2-f1f242dff33d<-31d6ae09-1bf4-4ff4-9532-94f29ed1392e#0:FAIL-t3
2021-10-28 01:50:51,083 [850b4870-9ae5-4bfa-bbd2-f1f242dff33d@group-EC3451D81B3E-LeaderElection90] INFO  impl.LeaderElection (LogUtils.java:infoOrTrace(137)) -   Exception 1: java.util.concurrent.ExecutionException: org.apache.ratis.thirdparty.io.grpc.StatusRuntimeException: UNAVAILABLE: io exception
2021-10-28 01:50:51,084 [850b4870-9ae5-4bfa-bbd2-f1f242dff33d@group-EC3451D81B3E-LeaderElection90] INFO  impl.LeaderElection (LeaderElection.java:askForVotes(308)) - 850b4870-9ae5-4bfa-bbd2-f1f242dff33d@group-EC3451D81B3E-LeaderElection90 ELECTION round 0: result REJECTED
2021-10-28 01:50:51,084 [850b4870-9ae5-4bfa-bbd2-f1f242dff33d@group-EC3451D81B3E-LeaderElection90] INFO  server.RaftServer$Division (RaftServerImpl.java:setRole(290)) - 850b4870-9ae5-4bfa-bbd2-f1f242dff33d@group-EC3451D81B3E: changes role from CANDIDATE to FOLLOWER at term 3 for REJECTED
2021-10-28 01:50:51,084 [850b4870-9ae5-4bfa-bbd2-f1f242dff33d@group-EC3451D81B3E-LeaderElection90] INFO  impl.RoleInfo (RoleInfo.java:shutdownLeaderElection(121)) - 850b4870-9ae5-4bfa-bbd2-f1f242dff33d: shutdown 850b4870-9ae5-4bfa-bbd2-f1f242dff33d@group-EC3451D81B3E-LeaderElection90
2021-10-28 01:50:51,084 [850b4870-9ae5-4bfa-bbd2-f1f242dff33d@group-EC3451D81B3E-LeaderElection90] INFO  impl.RoleInfo (RoleInfo.java:updateAndGet(130)) - 850b4870-9ae5-4bfa-bbd2-f1f242dff33d: start 850b4870-9ae5-4bfa-bbd2-f1f242dff33d@group-EC3451D81B3E-FollowerState
2021-10-28 01:50:51,528 [Listener at 127.0.0.1/46475] INFO  statemachine.DatanodeStateMachine (DatanodeStateMachine.java:stopDaemon(526)) - Ozone container server stopped.
2021-10-28 01:50:51,529 [Listener at 127.0.0.1/46475] INFO  handler.ContextHandler (ContextHandler.java:doStop(1153)) - Stopped o.e.j.w.WebAppContext@60c94374{hddsDatanode,/,null,STOPPED}{jar:file:/home/runner/.m2/repository/org/apache/ozone/hdds-container-service/1.2.0-SNAPSHOT/hdds-container-service-1.2.0-SNAPSHOT.jar!/webapps/hddsDatanode}
2021-10-28 01:50:51,543 [Listener at 127.0.0.1/46475] INFO  server.AbstractConnector (AbstractConnector.java:doStop(381)) - Stopped ServerConnector@5589bcbb{HTTP/1.1, (http/1.1)}{0.0.0.0:0}
2021-10-28 01:50:51,543 [Listener at 127.0.0.1/46475] INFO  server.session (HouseKeeper.java:stopScavenging(149)) - node0 Stopped scavenging
2021-10-28 01:50:51,543 [Listener at 127.0.0.1/46475] INFO  handler.ContextHandler (ContextHandler.java:doStop(1153)) - Stopped o.e.j.s.ServletContextHandler@154c72d8{static,/static,jar:file:/home/runner/.m2/repository/org/apache/ozone/hdds-container-service/1.2.0-SNAPSHOT/hdds-container-service-1.2.0-SNAPSHOT.jar!/webapps/static,STOPPED}
2021-10-28 01:50:51,544 [Listener at 127.0.0.1/46475] INFO  handler.ContextHandler (ContextHandler.java:doStop(1153)) - Stopped o.e.j.s.ServletContextHandler@72d2f634{logs,/logs,file:///home/runner/work/ozone/ozone/hadoop-ozone/integration-test/target/log,STOPPED}
2021-10-28 01:50:51,709 [6d544018-2462-4d7b-9c06-1f628f7d4bb3@group-28D3060BBD8C-FollowerState] INFO  impl.FollowerState (FollowerState.java:run(134)) - 6d544018-2462-4d7b-9c06-1f628f7d4bb3@group-28D3060BBD8C-FollowerState: change to CANDIDATE, lastRpcElapsedTime:5046277305ns, electionTimeout:5042ms
2021-10-28 01:50:51,709 [6d544018-2462-4d7b-9c06-1f628f7d4bb3@group-28D3060BBD8C-FollowerState] INFO  impl.RoleInfo (RoleInfo.java:shutdownFollowerState(108)) - 6d544018-2462-4d7b-9c06-1f628f7d4bb3: shutdown 6d544018-2462-4d7b-9c06-1f628f7d4bb3@group-28D3060BBD8C-FollowerState
2021-10-28 01:50:51,710 [6d544018-2462-4d7b-9c06-1f628f7d4bb3@group-28D3060BBD8C-FollowerState] INFO  server.RaftServer$Division (RaftServerImpl.java:setRole(290)) - 6d544018-2462-4d7b-9c06-1f628f7d4bb3@group-28D3060BBD8C: changes role from  FOLLOWER to CANDIDATE at term 2 for changeToCandidate
2021-10-28 01:50:51,710 [6d544018-2462-4d7b-9c06-1f628f7d4bb3@group-28D3060BBD8C-FollowerState] INFO  server.RaftServerConfigKeys (ConfUtils.java:logGet(44)) - raft.server.leaderelection.pre-vote = false (custom)
2021-10-28 01:50:51,710 [6d544018-2462-4d7b-9c06-1f628f7d4bb3@group-28D3060BBD8C-FollowerState] INFO  impl.RoleInfo (RoleInfo.java:updateAndGet(130)) - 6d544018-2462-4d7b-9c06-1f628f7d4bb3: start 6d544018-2462-4d7b-9c06-1f628f7d4bb3@group-28D3060BBD8C-LeaderElection92
2021-10-28 01:50:51,729 [850b4870-9ae5-4bfa-bbd2-f1f242dff33d@group-28D3060BBD8C-FollowerState] INFO  impl.FollowerState (FollowerState.java:run(134)) - 850b4870-9ae5-4bfa-bbd2-f1f242dff33d@group-28D3060BBD8C-FollowerState: change to CANDIDATE, lastRpcElapsedTime:5031084368ns, electionTimeout:5010ms
2021-10-28 01:50:51,729 [850b4870-9ae5-4bfa-bbd2-f1f242dff33d@group-28D3060BBD8C-FollowerState] INFO  impl.RoleInfo (RoleInfo.java:shutdownFollowerState(108)) - 850b4870-9ae5-4bfa-bbd2-f1f242dff33d: shutdown 850b4870-9ae5-4bfa-bbd2-f1f242dff33d@group-28D3060BBD8C-FollowerState
2021-10-28 01:50:51,730 [850b4870-9ae5-4bfa-bbd2-f1f242dff33d@group-28D3060BBD8C-FollowerState] INFO  server.RaftServer$Division (RaftServerImpl.java:setRole(290)) - 850b4870-9ae5-4bfa-bbd2-f1f242dff33d@group-28D3060BBD8C: changes role from  FOLLOWER to CANDIDATE at term 2 for changeToCandidate
2021-10-28 01:50:51,772 [850b4870-9ae5-4bfa-bbd2-f1f242dff33d@group-28D3060BBD8C-FollowerState] INFO  server.RaftServerConfigKeys (ConfUtils.java:logGet(44)) - raft.server.leaderelection.pre-vote = false (custom)
2021-10-28 01:50:51,772 [850b4870-9ae5-4bfa-bbd2-f1f242dff33d@group-28D3060BBD8C-FollowerState] INFO  impl.RoleInfo (RoleInfo.java:updateAndGet(130)) - 850b4870-9ae5-4bfa-bbd2-f1f242dff33d: start 850b4870-9ae5-4bfa-bbd2-f1f242dff33d@group-28D3060BBD8C-LeaderElection93
2021-10-28 01:50:51,807 [6d544018-2462-4d7b-9c06-1f628f7d4bb3@group-28D3060BBD8C-LeaderElection92] INFO  impl.LeaderElection (LeaderElection.java:askForVotes(306)) - 6d544018-2462-4d7b-9c06-1f628f7d4bb3@group-28D3060BBD8C-LeaderElection92 ELECTION round 0: submit vote requests at term 3 for -1: [6d544018-2462-4d7b-9c06-1f628f7d4bb3|rpc:10.1.0.29:46225|priority:0, 850b4870-9ae5-4bfa-bbd2-f1f242dff33d|rpc:10.1.0.29:35637|priority:1, 43ee2308-4bff-4c12-a476-7906f102dfb0|rpc:10.1.0.29:33053|priority:0], old=null
2021-10-28 01:50:51,808 [6d544018-2462-4d7b-9c06-1f628f7d4bb3@group-28D3060BBD8C-LeaderElection92] INFO  impl.LeaderElection (LogUtils.java:infoOrTrace(137)) - 6d544018-2462-4d7b-9c06-1f628f7d4bb3@group-28D3060BBD8C-LeaderElection92 got exception when requesting votes: java.util.concurrent.ExecutionException: org.apache.ratis.thirdparty.io.grpc.StatusRuntimeException: UNAVAILABLE: io exception
2021-10-28 01:50:51,809 [grpc-default-executor-1] INFO  server.RaftServer$Division (RaftServerImpl.java:requestVote(1046)) - 850b4870-9ae5-4bfa-bbd2-f1f242dff33d@group-28D3060BBD8C: receive requestVote(ELECTION, 6d544018-2462-4d7b-9c06-1f628f7d4bb3, group-28D3060BBD8C, 3, (t:0, i:0))
2021-10-28 01:50:51,809 [850b4870-9ae5-4bfa-bbd2-f1f242dff33d@group-28D3060BBD8C-LeaderElection93] INFO  impl.LeaderElection (LeaderElection.java:askForVotes(306)) - 850b4870-9ae5-4bfa-bbd2-f1f242dff33d@group-28D3060BBD8C-LeaderElection93 ELECTION round 0: submit vote requests at term 3 for -1: [6d544018-2462-4d7b-9c06-1f628f7d4bb3|rpc:10.1.0.29:46225|priority:0, 850b4870-9ae5-4bfa-bbd2-f1f242dff33d|rpc:10.1.0.29:35637|priority:1, 43ee2308-4bff-4c12-a476-7906f102dfb0|rpc:10.1.0.29:33053|priority:0], old=null
2021-10-28 01:50:51,810 [grpc-default-executor-1] INFO  impl.VoteContext (VoteContext.java:log(48)) - 850b4870-9ae5-4bfa-bbd2-f1f242dff33d@group-28D3060BBD8C-CANDIDATE: reject ELECTION from 6d544018-2462-4d7b-9c06-1f628f7d4bb3: already has voted for 850b4870-9ae5-4bfa-bbd2-f1f242dff33d at current term 3
2021-10-28 01:50:51,810 [grpc-default-executor-1] INFO  server.RaftServer$Division (RaftServerImpl.java:requestVote(1078)) - 850b4870-9ae5-4bfa-bbd2-f1f242dff33d@group-28D3060BBD8C replies to ELECTION vote request: 6d544018-2462-4d7b-9c06-1f628f7d4bb3<-850b4870-9ae5-4bfa-bbd2-f1f242dff33d#0:FAIL-t3. Peer's state: 850b4870-9ae5-4bfa-bbd2-f1f242dff33d@group-28D3060BBD8C:t3, leader=null, voted=850b4870-9ae5-4bfa-bbd2-f1f242dff33d, raftlog=850b4870-9ae5-4bfa-bbd2-f1f242dff33d@group-28D3060BBD8C-SegmentedRaftLog:OPENED:c-1, conf=-1: [6d544018-2462-4d7b-9c06-1f628f7d4bb3|rpc:10.1.0.29:46225|priority:0, 850b4870-9ae5-4bfa-bbd2-f1f242dff33d|rpc:10.1.0.29:35637|priority:1, 43ee2308-4bff-4c12-a476-7906f102dfb0|rpc:10.1.0.29:33053|priority:0], old=null
2021-10-28 01:50:51,811 [850b4870-9ae5-4bfa-bbd2-f1f242dff33d@group-28D3060BBD8C-LeaderElection93] INFO  impl.LeaderElection (LogUtils.java:infoOrTrace(137)) - 850b4870-9ae5-4bfa-bbd2-f1f242dff33d@group-28D3060BBD8C-LeaderElection93 got exception when requesting votes: java.util.concurrent.ExecutionException: org.apache.ratis.thirdparty.io.grpc.StatusRuntimeException: UNAVAILABLE: io exception
2021-10-28 01:50:51,811 [6d544018-2462-4d7b-9c06-1f628f7d4bb3@group-28D3060BBD8C-LeaderElection92] INFO  impl.LeaderElection (LeaderElection.java:logAndReturn(89)) - 6d544018-2462-4d7b-9c06-1f628f7d4bb3@group-28D3060BBD8C-LeaderElection92: ELECTION REJECTED received 1 response(s) and 1 exception(s):
2021-10-28 01:50:51,811 [6d544018-2462-4d7b-9c06-1f628f7d4bb3@group-28D3060BBD8C-LeaderElection92] INFO  impl.LeaderElection (LeaderElection.java:logAndReturn(93)) -   Response 0: 6d544018-2462-4d7b-9c06-1f628f7d4bb3<-850b4870-9ae5-4bfa-bbd2-f1f242dff33d#0:FAIL-t3
2021-10-28 01:50:51,811 [6d544018-2462-4d7b-9c06-1f628f7d4bb3@group-28D3060BBD8C-LeaderElection92] INFO  impl.LeaderElection (LogUtils.java:infoOrTrace(137)) -   Exception 1: java.util.concurrent.ExecutionException: org.apache.ratis.thirdparty.io.grpc.StatusRuntimeException: UNAVAILABLE: io exception
2021-10-28 01:50:51,811 [6d544018-2462-4d7b-9c06-1f628f7d4bb3@group-28D3060BBD8C-LeaderElection92] INFO  impl.LeaderElection (LeaderElection.java:askForVotes(308)) - 6d544018-2462-4d7b-9c06-1f628f7d4bb3@group-28D3060BBD8C-LeaderElection92 ELECTION round 0: result REJECTED
2021-10-28 01:50:51,811 [6d544018-2462-4d7b-9c06-1f628f7d4bb3@group-28D3060BBD8C-LeaderElection92] INFO  server.RaftServer$Division (RaftServerImpl.java:setRole(290)) - 6d544018-2462-4d7b-9c06-1f628f7d4bb3@group-28D3060BBD8C: changes role from CANDIDATE to FOLLOWER at term 3 for REJECTED
2021-10-28 01:50:51,811 [6d544018-2462-4d7b-9c06-1f628f7d4bb3@group-28D3060BBD8C-LeaderElection92] INFO  impl.RoleInfo (RoleInfo.java:shutdownLeaderElection(121)) - 6d544018-2462-4d7b-9c06-1f628f7d4bb3: shutdown 6d544018-2462-4d7b-9c06-1f628f7d4bb3@group-28D3060BBD8C-LeaderElection92
2021-10-28 01:50:51,811 [6d544018-2462-4d7b-9c06-1f628f7d4bb3@group-28D3060BBD8C-LeaderElection92] INFO  impl.RoleInfo (RoleInfo.java:updateAndGet(130)) - 6d544018-2462-4d7b-9c06-1f628f7d4bb3: start 6d544018-2462-4d7b-9c06-1f628f7d4bb3@group-28D3060BBD8C-FollowerState
2021-10-28 01:50:51,812 [grpc-default-executor-1] INFO  server.RaftServer$Division (RaftServerImpl.java:requestVote(1046)) - 6d544018-2462-4d7b-9c06-1f628f7d4bb3@group-28D3060BBD8C: receive requestVote(ELECTION, 850b4870-9ae5-4bfa-bbd2-f1f242dff33d, group-28D3060BBD8C, 3, (t:0, i:0))
2021-10-28 01:50:51,824 [grpc-default-executor-1] INFO  impl.VoteContext (VoteContext.java:log(48)) - 6d544018-2462-4d7b-9c06-1f628f7d4bb3@group-28D3060BBD8C-FOLLOWER: reject ELECTION from 850b4870-9ae5-4bfa-bbd2-f1f242dff33d: already has voted for 6d544018-2462-4d7b-9c06-1f628f7d4bb3 at current term 3
2021-10-28 01:50:51,824 [grpc-default-executor-1] INFO  server.RaftServer$Division (RaftServerImpl.java:requestVote(1078)) - 6d544018-2462-4d7b-9c06-1f628f7d4bb3@group-28D3060BBD8C replies to ELECTION vote request: 850b4870-9ae5-4bfa-bbd2-f1f242dff33d<-6d544018-2462-4d7b-9c06-1f628f7d4bb3#0:FAIL-t3. Peer's state: 6d544018-2462-4d7b-9c06-1f628f7d4bb3@group-28D3060BBD8C:t3, leader=null, voted=6d544018-2462-4d7b-9c06-1f628f7d4bb3, raftlog=6d544018-2462-4d7b-9c06-1f628f7d4bb3@group-28D3060BBD8C-SegmentedRaftLog:OPENED:c-1, conf=-1: [6d544018-2462-4d7b-9c06-1f628f7d4bb3|rpc:10.1.0.29:46225|priority:0, 850b4870-9ae5-4bfa-bbd2-f1f242dff33d|rpc:10.1.0.29:35637|priority:1, 43ee2308-4bff-4c12-a476-7906f102dfb0|rpc:10.1.0.29:33053|priority:0], old=null
2021-10-28 01:50:51,825 [850b4870-9ae5-4bfa-bbd2-f1f242dff33d@group-28D3060BBD8C-LeaderElection93] INFO  impl.LeaderElection (LeaderElection.java:logAndReturn(89)) - 850b4870-9ae5-4bfa-bbd2-f1f242dff33d@group-28D3060BBD8C-LeaderElection93: ELECTION REJECTED received 1 response(s) and 1 exception(s):
2021-10-28 01:50:51,825 [850b4870-9ae5-4bfa-bbd2-f1f242dff33d@group-28D3060BBD8C-LeaderElection93] INFO  impl.LeaderElection (LeaderElection.java:logAndReturn(93)) -   Response 0: 850b4870-9ae5-4bfa-bbd2-f1f242dff33d<-6d544018-2462-4d7b-9c06-1f628f7d4bb3#0:FAIL-t3
2021-10-28 01:50:51,825 [850b4870-9ae5-4bfa-bbd2-f1f242dff33d@group-28D3060BBD8C-LeaderElection93] INFO  impl.LeaderElection (LogUtils.java:infoOrTrace(137)) -   Exception 1: java.util.concurrent.ExecutionException: org.apache.ratis.thirdparty.io.grpc.StatusRuntimeException: UNAVAILABLE: io exception
2021-10-28 01:50:51,825 [850b4870-9ae5-4bfa-bbd2-f1f242dff33d@group-28D3060BBD8C-LeaderElection93] INFO  impl.LeaderElection (LeaderElection.java:askForVotes(308)) - 850b4870-9ae5-4bfa-bbd2-f1f242dff33d@group-28D3060BBD8C-LeaderElection93 ELECTION round 0: result REJECTED
2021-10-28 01:50:51,825 [850b4870-9ae5-4bfa-bbd2-f1f242dff33d@group-28D3060BBD8C-LeaderElection93] INFO  server.RaftServer$Division (RaftServerImpl.java:setRole(290)) - 850b4870-9ae5-4bfa-bbd2-f1f242dff33d@group-28D3060BBD8C: changes role from CANDIDATE to FOLLOWER at term 3 for REJECTED
2021-10-28 01:50:51,825 [850b4870-9ae5-4bfa-bbd2-f1f242dff33d@group-28D3060BBD8C-LeaderElection93] INFO  impl.RoleInfo (RoleInfo.java:shutdownLeaderElection(121)) - 850b4870-9ae5-4bfa-bbd2-f1f242dff33d: shutdown 850b4870-9ae5-4bfa-bbd2-f1f242dff33d@group-28D3060BBD8C-LeaderElection93
2021-10-28 01:50:51,825 [850b4870-9ae5-4bfa-bbd2-f1f242dff33d@group-28D3060BBD8C-LeaderElection93] INFO  impl.RoleInfo (RoleInfo.java:updateAndGet(130)) - 850b4870-9ae5-4bfa-bbd2-f1f242dff33d: start 850b4870-9ae5-4bfa-bbd2-f1f242dff33d@group-28D3060BBD8C-FollowerState
2021-10-28 01:50:51,927 [ForkJoinPool.commonPool-worker-1] INFO  statemachine.DatanodeStateMachine (DatanodeStateMachine.java:stopDaemon(526)) - Ozone container server stopped.
2021-10-28 01:50:51,948 [ForkJoinPool.commonPool-worker-1] INFO  handler.ContextHandler (ContextHandler.java:doStop(1153)) - Stopped o.e.j.w.WebAppContext@6e45ad10{hddsDatanode,/,null,STOPPED}{jar:file:/home/runner/.m2/repository/org/apache/ozone/hdds-container-service/1.2.0-SNAPSHOT/hdds-container-service-1.2.0-SNAPSHOT.jar!/webapps/hddsDatanode}
2021-10-28 01:50:51,959 [ForkJoinPool.commonPool-worker-1] INFO  server.AbstractConnector (AbstractConnector.java:doStop(381)) - Stopped ServerConnector@32d6f4ad{HTTP/1.1, (http/1.1)}{0.0.0.0:0}
2021-10-28 01:50:51,959 [ForkJoinPool.commonPool-worker-1] INFO  server.session (HouseKeeper.java:stopScavenging(149)) - node0 Stopped scavenging
2021-10-28 01:50:51,963 [ForkJoinPool.commonPool-worker-1] INFO  handler.ContextHandler (ContextHandler.java:doStop(1153)) - Stopped o.e.j.s.ServletContextHandler@7a7b3b19{static,/static,jar:file:/home/runner/.m2/repository/org/apache/ozone/hdds-container-service/1.2.0-SNAPSHOT/hdds-container-service-1.2.0-SNAPSHOT.jar!/webapps/static,STOPPED}
2021-10-28 01:50:51,964 [ForkJoinPool.commonPool-worker-1] INFO  handler.ContextHandler (ContextHandler.java:doStop(1153)) - Stopped o.e.j.s.ServletContextHandler@58fec44a{logs,/logs,file:///home/runner/work/ozone/ozone/hadoop-ozone/integration-test/target/log,STOPPED}
2021-10-28 01:50:52,535 [EventQueue-StaleNodeForStaleNodeHandler] INFO  node.StaleNodeHandler (StaleNodeHandler.java:onMessage(58)) - Datanode 253ef487-fc9a-46cf-a18f-fb890cfa9c45{ip: 10.1.0.29, host: fv-az270-135.tacnzluakwdehk1hpragurqkma.bx.internal.cloudapp.net, ports: [REPLICATION=33957, RATIS=46847, RATIS_ADMIN=46847, RATIS_SERVER=46847, STANDALONE=44157], networkLocation: /default-rack, certSerialId: null, persistedOpState: IN_SERVICE, persistedOpStateExpiryEpochSec: 0} moved to stale state. Finalizing its pipelines [PipelineID=8f2252ff-5744-45ed-88bc-6bf915904876, PipelineID=1e12f81b-9515-4629-add1-7330c24fe1e2, PipelineID=1e7b1cb3-9b09-404d-9c06-e918c9fd5e21]
2021-10-28 01:50:52,536 [EventQueue-StaleNodeForStaleNodeHandler] INFO  pipeline.PipelineManagerImpl (PipelineManagerImpl.java:closePipeline(349)) - Pipeline Pipeline[ Id: 8f2252ff-5744-45ed-88bc-6bf915904876, Nodes: 253ef487-fc9a-46cf-a18f-fb890cfa9c45{ip: 10.1.0.29, host: fv-az270-135.tacnzluakwdehk1hpragurqkma.bx.internal.cloudapp.net, ports: [REPLICATION=33957, RATIS=46847, RATIS_ADMIN=46847, RATIS_SERVER=46847, STANDALONE=44157], networkLocation: /default-rack, certSerialId: null, persistedOpState: IN_SERVICE, persistedOpStateExpiryEpochSec: 0}, ReplicationConfig: RATIS/ONE, State:OPEN, leaderId:253ef487-fc9a-46cf-a18f-fb890cfa9c45, CreationTimestamp2021-10-28T01:49:20.013Z[Etc/UTC]] moved to CLOSED state
2021-10-28 01:50:53,251 [EventQueue-StaleNodeForStaleNodeHandler] INFO  node.StaleNodeHandler (StaleNodeHandler.java:onMessage(58)) - Datanode 3bba12ea-eb97-4cb8-a72d-96cb4f92f88e{ip: 10.1.0.29, host: fv-az270-135.tacnzluakwdehk1hpragurqkma.bx.internal.cloudapp.net, ports: [REPLICATION=33787, RATIS=33133, RATIS_ADMIN=33133, RATIS_SERVER=33133, STANDALONE=42261], networkLocation: /default-rack, certSerialId: null, persistedOpState: IN_SERVICE, persistedOpStateExpiryEpochSec: 0} moved to stale state. Finalizing its pipelines [PipelineID=1e12f81b-9515-4629-add1-7330c24fe1e2, PipelineID=678a5660-1538-431c-90b9-ea576df61a38, PipelineID=1e7b1cb3-9b09-404d-9c06-e918c9fd5e21]
2021-10-28 01:50:53,252 [EventQueue-StaleNodeForStaleNodeHandler] INFO  pipeline.PipelineManagerImpl (PipelineManagerImpl.java:closePipeline(349)) - Pipeline Pipeline[ Id: 678a5660-1538-431c-90b9-ea576df61a38, Nodes: 3bba12ea-eb97-4cb8-a72d-96cb4f92f88e{ip: 10.1.0.29, host: fv-az270-135.tacnzluakwdehk1hpragurqkma.bx.internal.cloudapp.net, ports: [REPLICATION=33787, RATIS=33133, RATIS_ADMIN=33133, RATIS_SERVER=33133, STANDALONE=42261], networkLocation: /default-rack, certSerialId: null, persistedOpState: IN_SERVICE, persistedOpStateExpiryEpochSec: 0}, ReplicationConfig: RATIS/ONE, State:OPEN, leaderId:3bba12ea-eb97-4cb8-a72d-96cb4f92f88e, CreationTimestamp2021-10-28T01:49:21.548Z[Etc/UTC]] moved to CLOSED state
2021-10-28 01:50:54,358 [EventQueue-DeadNodeForDeadNodeHandler] INFO  node.DeadNodeHandler (DeadNodeHandler.java:onMessage(80)) - A dead datanode is detected. 43ee2308-4bff-4c12-a476-7906f102dfb0{ip: 10.1.0.29, host: fv-az270-135.tacnzluakwdehk1hpragurqkma.bx.internal.cloudapp.net, ports: [REPLICATION=42689, RATIS=33053, RATIS_ADMIN=33053, RATIS_SERVER=33053, STANDALONE=35333], networkLocation: /default-rack, certSerialId: null, persistedOpState: IN_SERVICE, persistedOpStateExpiryEpochSec: 0}
2021-10-28 01:50:54,359 [EventQueue-DeadNodeForDeadNodeHandler] INFO  pipeline.RatisPipelineProvider (RatisPipelineProvider.java:lambda$close$1(222)) - Send pipeline:PipelineID=29aa6e73-0aa4-4063-ad5a-28d3060bbd8c close command to datanode 6d544018-2462-4d7b-9c06-1f628f7d4bb3
2021-10-28 01:50:54,359 [EventQueue-DeadNodeForDeadNodeHandler] INFO  pipeline.RatisPipelineProvider (RatisPipelineProvider.java:lambda$close$1(222)) - Send pipeline:PipelineID=29aa6e73-0aa4-4063-ad5a-28d3060bbd8c close command to datanode 850b4870-9ae5-4bfa-bbd2-f1f242dff33d
2021-10-28 01:50:54,359 [EventQueue-DeadNodeForDeadNodeHandler] INFO  pipeline.RatisPipelineProvider (RatisPipelineProvider.java:lambda$close$1(222)) - Send pipeline:PipelineID=29aa6e73-0aa4-4063-ad5a-28d3060bbd8c close command to datanode 43ee2308-4bff-4c12-a476-7906f102dfb0
2021-10-28 01:50:54,359 [EventQueue-DeadNodeForDeadNodeHandler] INFO  pipeline.PipelineStateManagerImpl (PipelineStateManagerImpl.java:removePipeline(223)) - Pipeline Pipeline[ Id: 29aa6e73-0aa4-4063-ad5a-28d3060bbd8c, Nodes: 6d544018-2462-4d7b-9c06-1f628f7d4bb3{ip: 10.1.0.29, host: fv-az270-135.tacnzluakwdehk1hpragurqkma.bx.internal.cloudapp.net, ports: [REPLICATION=41683, RATIS=46225, RATIS_ADMIN=46225, RATIS_SERVER=46225, STANDALONE=33603], networkLocation: /default-rack, certSerialId: null, persistedOpState: IN_SERVICE, persistedOpStateExpiryEpochSec: 0}850b4870-9ae5-4bfa-bbd2-f1f242dff33d{ip: 10.1.0.29, host: fv-az270-135.tacnzluakwdehk1hpragurqkma.bx.internal.cloudapp.net, ports: [REPLICATION=39677, RATIS=35637, RATIS_ADMIN=35637, RATIS_SERVER=35637, STANDALONE=41253], networkLocation: /default-rack, certSerialId: null, persistedOpState: IN_SERVICE, persistedOpStateExpiryEpochSec: 0}43ee2308-4bff-4c12-a476-7906f102dfb0{ip: 10.1.0.29, host: fv-az270-135.tacnzluakwdehk1hpragurqkma.bx.internal.cloudapp.net, ports: [REPLICATION=42689, RATIS=33053, RATIS_ADMIN=33053, RATIS_SERVER=33053, STANDALONE=35333], networkLocation: /default-rack, certSerialId: null, persistedOpState: IN_SERVICE, persistedOpStateExpiryEpochSec: 0}, ReplicationConfig: RATIS/THREE, State:CLOSED, leaderId:, CreationTimestamp2021-10-28T01:50:33.665Z[Etc/UTC]] removed.
2021-10-28 01:50:54,359 [EventQueue-DeadNodeForDeadNodeHandler] INFO  pipeline.RatisPipelineProvider (RatisPipelineProvider.java:lambda$close$1(222)) - Send pipeline:PipelineID=6051f0ed-a979-43e1-b3d7-616a459d8117 close command to datanode 43ee2308-4bff-4c12-a476-7906f102dfb0
2021-10-28 01:50:54,359 [EventQueue-DeadNodeForDeadNodeHandler] INFO  pipeline.PipelineStateManagerImpl (PipelineStateManagerImpl.java:removePipeline(223)) - Pipeline Pipeline[ Id: 6051f0ed-a979-43e1-b3d7-616a459d8117, Nodes: 43ee2308-4bff-4c12-a476-7906f102dfb0{ip: 10.1.0.29, host: fv-az270-135.tacnzluakwdehk1hpragurqkma.bx.internal.cloudapp.net, ports: [REPLICATION=42689, RATIS=33053, RATIS_ADMIN=33053, RATIS_SERVER=33053, STANDALONE=35333], networkLocation: /default-rack, certSerialId: null, persistedOpState: IN_SERVICE, persistedOpStateExpiryEpochSec: 0}, ReplicationConfig: RATIS/ONE, State:CLOSED, leaderId:43ee2308-4bff-4c12-a476-7906f102dfb0, CreationTimestamp2021-10-28T01:49:22.866Z[Etc/UTC]] removed.
2021-10-28 01:50:54,359 [EventQueue-DeadNodeForDeadNodeHandler] INFO  pipeline.RatisPipelineProvider (RatisPipelineProvider.java:lambda$close$1(222)) - Send pipeline:PipelineID=ce064907-5aa2-46cd-bdeb-ec3451d81b3e close command to datanode 31d6ae09-1bf4-4ff4-9532-94f29ed1392e
2021-10-28 01:50:54,359 [EventQueue-DeadNodeForDeadNodeHandler] INFO  pipeline.RatisPipelineProvider (RatisPipelineProvider.java:lambda$close$1(222)) - Send pipeline:PipelineID=ce064907-5aa2-46cd-bdeb-ec3451d81b3e close command to datanode 850b4870-9ae5-4bfa-bbd2-f1f242dff33d
2021-10-28 01:50:54,360 [EventQueue-DeadNodeForDeadNodeHandler] INFO  pipeline.RatisPipelineProvider (RatisPipelineProvider.java:lambda$close$1(222)) - Send pipeline:PipelineID=ce064907-5aa2-46cd-bdeb-ec3451d81b3e close command to datanode 43ee2308-4bff-4c12-a476-7906f102dfb0
2021-10-28 01:50:54,360 [EventQueue-DeadNodeForDeadNodeHandler] INFO  pipeline.PipelineStateManagerImpl (PipelineStateManagerImpl.java:removePipeline(223)) - Pipeline Pipeline[ Id: ce064907-5aa2-46cd-bdeb-ec3451d81b3e, Nodes: 31d6ae09-1bf4-4ff4-9532-94f29ed1392e{ip: 10.1.0.29, host: fv-az270-135.tacnzluakwdehk1hpragurqkma.bx.internal.cloudapp.net, ports: [REPLICATION=42011, RATIS=44047, RATIS_ADMIN=44047, RATIS_SERVER=44047, STANDALONE=32823], networkLocation: /default-rack, certSerialId: null, persistedOpState: IN_SERVICE, persistedOpStateExpiryEpochSec: 0}850b4870-9ae5-4bfa-bbd2-f1f242dff33d{ip: 10.1.0.29, host: fv-az270-135.tacnzluakwdehk1hpragurqkma.bx.internal.cloudapp.net, ports: [REPLICATION=39677, RATIS=35637, RATIS_ADMIN=35637, RATIS_SERVER=35637, STANDALONE=41253], networkLocation: /default-rack, certSerialId: null, persistedOpState: IN_SERVICE, persistedOpStateExpiryEpochSec: 0}43ee2308-4bff-4c12-a476-7906f102dfb0{ip: 10.1.0.29, host: fv-az270-135.tacnzluakwdehk1hpragurqkma.bx.internal.cloudapp.net, ports: [REPLICATION=42689, RATIS=33053, RATIS_ADMIN=33053, RATIS_SERVER=33053, STANDALONE=35333], networkLocation: /default-rack, certSerialId: null, persistedOpState: IN_SERVICE, persistedOpStateExpiryEpochSec: 0}, ReplicationConfig: RATIS/THREE, State:CLOSED, leaderId:, CreationTimestamp2021-10-28T01:50:33.664Z[Etc/UTC]] removed.
2021-10-28 01:50:54,360 [EventQueue-DeadNodeForDeadNodeHandler] INFO  net.NetworkTopologyImpl (NetworkTopologyImpl.java:remove(137)) - Removed a node: /default-rack/43ee2308-4bff-4c12-a476-7906f102dfb0
2021-10-28 01:50:55,159 [EventQueue-DeadNodeForDeadNodeHandler] INFO  node.DeadNodeHandler (DeadNodeHandler.java:onMessage(80)) - A dead datanode is detected. 167d9434-a89e-4891-b1b1-bac4f9f29552{ip: 10.1.0.29, host: fv-az270-135.tacnzluakwdehk1hpragurqkma.bx.internal.cloudapp.net, ports: [REPLICATION=43661, RATIS=32839, RATIS_ADMIN=32839, RATIS_SERVER=32839, STANDALONE=40527], networkLocation: /default-rack, certSerialId: null, persistedOpState: IN_SERVICE, persistedOpStateExpiryEpochSec: 0}
2021-10-28 01:50:55,160 [EventQueue-DeadNodeForDeadNodeHandler] INFO  pipeline.RatisPipelineProvider (RatisPipelineProvider.java:lambda$close$1(222)) - Send pipeline:PipelineID=2f4116b9-c803-4b24-85d7-356a7e5a79f8 close command to datanode 167d9434-a89e-4891-b1b1-bac4f9f29552
2021-10-28 01:50:55,160 [EventQueue-DeadNodeForDeadNodeHandler] INFO  pipeline.PipelineStateManagerImpl (PipelineStateManagerImpl.java:removePipeline(223)) - Pipeline Pipeline[ Id: 2f4116b9-c803-4b24-85d7-356a7e5a79f8, Nodes: 167d9434-a89e-4891-b1b1-bac4f9f29552{ip: 10.1.0.29, host: fv-az270-135.tacnzluakwdehk1hpragurqkma.bx.internal.cloudapp.net, ports: [REPLICATION=43661, RATIS=32839, RATIS_ADMIN=32839, RATIS_SERVER=32839, STANDALONE=40527], networkLocation: /default-rack, certSerialId: null, persistedOpState: IN_SERVICE, persistedOpStateExpiryEpochSec: 0}, ReplicationConfig: RATIS/ONE, State:CLOSED, leaderId:167d9434-a89e-4891-b1b1-bac4f9f29552, CreationTimestamp2021-10-28T01:49:20.795Z[Etc/UTC]] removed.
2021-10-28 01:50:55,160 [EventQueue-DeadNodeForDeadNodeHandler] INFO  pipeline.RatisPipelineProvider (RatisPipelineProvider.java:lambda$close$1(222)) - Send pipeline:PipelineID=1e12f81b-9515-4629-add1-7330c24fe1e2 close command to datanode 3bba12ea-eb97-4cb8-a72d-96cb4f92f88e
2021-10-28 01:50:55,160 [EventQueue-DeadNodeForDeadNodeHandler] INFO  pipeline.RatisPipelineProvider (RatisPipelineProvider.java:lambda$close$1(222)) - Send pipeline:PipelineID=1e12f81b-9515-4629-add1-7330c24fe1e2 close command to datanode 167d9434-a89e-4891-b1b1-bac4f9f29552
2021-10-28 01:50:55,160 [EventQueue-DeadNodeForDeadNodeHandler] INFO  pipeline.RatisPipelineProvider (RatisPipelineProvider.java:lambda$close$1(222)) - Send pipeline:PipelineID=1e12f81b-9515-4629-add1-7330c24fe1e2 close command to datanode 253ef487-fc9a-46cf-a18f-fb890cfa9c45
2021-10-28 01:50:55,160 [EventQueue-DeadNodeForDeadNodeHandler] INFO  pipeline.PipelineStateManagerImpl (PipelineStateManagerImpl.java:removePipeline(223)) - Pipeline Pipeline[ Id: 1e12f81b-9515-4629-add1-7330c24fe1e2, Nodes: 3bba12ea-eb97-4cb8-a72d-96cb4f92f88e{ip: 10.1.0.29, host: fv-az270-135.tacnzluakwdehk1hpragurqkma.bx.internal.cloudapp.net, ports: [REPLICATION=33787, RATIS=33133, RATIS_ADMIN=33133, RATIS_SERVER=33133, STANDALONE=42261], networkLocation: /default-rack, certSerialId: null, persistedOpState: IN_SERVICE, persistedOpStateExpiryEpochSec: 0}167d9434-a89e-4891-b1b1-bac4f9f29552{ip: 10.1.0.29, host: fv-az270-135.tacnzluakwdehk1hpragurqkma.bx.internal.cloudapp.net, ports: [REPLICATION=43661, RATIS=32839, RATIS_ADMIN=32839, RATIS_SERVER=32839, STANDALONE=40527], networkLocation: /default-rack, certSerialId: null, persistedOpState: IN_SERVICE, persistedOpStateExpiryEpochSec: 0}253ef487-fc9a-46cf-a18f-fb890cfa9c45{ip: 10.1.0.29, host: fv-az270-135.tacnzluakwdehk1hpragurqkma.bx.internal.cloudapp.net, ports: [REPLICATION=33957, RATIS=46847, RATIS_ADMIN=46847, RATIS_SERVER=46847, STANDALONE=44157], networkLocation: /default-rack, certSerialId: null, persistedOpState: IN_SERVICE, persistedOpStateExpiryEpochSec: 0}, ReplicationConfig: RATIS/THREE, State:CLOSED, leaderId:167d9434-a89e-4891-b1b1-bac4f9f29552, CreationTimestamp2021-10-28T01:49:21.548Z[Etc/UTC]] removed.
2021-10-28 01:50:55,160 [EventQueue-DeadNodeForDeadNodeHandler] INFO  pipeline.RatisPipelineProvider (RatisPipelineProvider.java:lambda$close$1(222)) - Send pipeline:PipelineID=1e7b1cb3-9b09-404d-9c06-e918c9fd5e21 close command to datanode 167d9434-a89e-4891-b1b1-bac4f9f29552
2021-10-28 01:50:55,160 [EventQueue-DeadNodeForDeadNodeHandler] INFO  pipeline.RatisPipelineProvider (RatisPipelineProvider.java:lambda$close$1(222)) - Send pipeline:PipelineID=1e7b1cb3-9b09-404d-9c06-e918c9fd5e21 close command to datanode 3bba12ea-eb97-4cb8-a72d-96cb4f92f88e
2021-10-28 01:50:55,161 [EventQueue-DeadNodeForDeadNodeHandler] INFO  pipeline.RatisPipelineProvider (RatisPipelineProvider.java:lambda$close$1(222)) - Send pipeline:PipelineID=1e7b1cb3-9b09-404d-9c06-e918c9fd5e21 close command to datanode 253ef487-fc9a-46cf-a18f-fb890cfa9c45
2021-10-28 01:50:55,161 [EventQueue-DeadNodeForDeadNodeHandler] INFO  pipeline.PipelineStateManagerImpl (PipelineStateManagerImpl.java:removePipeline(223)) - Pipeline Pipeline[ Id: 1e7b1cb3-9b09-404d-9c06-e918c9fd5e21, Nodes: 167d9434-a89e-4891-b1b1-bac4f9f29552{ip: 10.1.0.29, host: fv-az270-135.tacnzluakwdehk1hpragurqkma.bx.internal.cloudapp.net, ports: [REPLICATION=43661, RATIS=32839, RATIS_ADMIN=32839, RATIS_SERVER=32839, STANDALONE=40527], networkLocation: /default-rack, certSerialId: null, persistedOpState: IN_SERVICE, persistedOpStateExpiryEpochSec: 0}3bba12ea-eb97-4cb8-a72d-96cb4f92f88e{ip: 10.1.0.29, host: fv-az270-135.tacnzluakwdehk1hpragurqkma.bx.internal.cloudapp.net, ports: [REPLICATION=33787, RATIS=33133, RATIS_ADMIN=33133, RATIS_SERVER=33133, STANDALONE=42261], networkLocation: /default-rack, certSerialId: null, persistedOpState: IN_SERVICE, persistedOpStateExpiryEpochSec: 0}253ef487-fc9a-46cf-a18f-fb890cfa9c45{ip: 10.1.0.29, host: fv-az270-135.tacnzluakwdehk1hpragurqkma.bx.internal.cloudapp.net, ports: [REPLICATION=33957, RATIS=46847, RATIS_ADMIN=46847, RATIS_SERVER=46847, STANDALONE=44157], networkLocation: /default-rack, certSerialId: null, persistedOpState: IN_SERVICE, persistedOpStateExpiryEpochSec: 0}, ReplicationConfig: RATIS/THREE, State:CLOSED, leaderId:3bba12ea-eb97-4cb8-a72d-96cb4f92f88e, CreationTimestamp2021-10-28T01:49:21.549Z[Etc/UTC]] removed.
2021-10-28 01:50:55,161 [EventQueue-DeadNodeForDeadNodeHandler] INFO  net.NetworkTopologyImpl (NetworkTopologyImpl.java:remove(137)) - Removed a node: /default-rack/167d9434-a89e-4891-b1b1-bac4f9f29552
2021-10-28 01:50:56,166 [850b4870-9ae5-4bfa-bbd2-f1f242dff33d@group-EC3451D81B3E-FollowerState] INFO  impl.FollowerState (FollowerState.java:run(134)) - 850b4870-9ae5-4bfa-bbd2-f1f242dff33d@group-EC3451D81B3E-FollowerState: change to CANDIDATE, lastRpcElapsedTime:5082522470ns, electionTimeout:5055ms
2021-10-28 01:50:56,166 [850b4870-9ae5-4bfa-bbd2-f1f242dff33d@group-EC3451D81B3E-FollowerState] INFO  impl.RoleInfo (RoleInfo.java:shutdownFollowerState(108)) - 850b4870-9ae5-4bfa-bbd2-f1f242dff33d: shutdown 850b4870-9ae5-4bfa-bbd2-f1f242dff33d@group-EC3451D81B3E-FollowerState
2021-10-28 01:50:56,166 [850b4870-9ae5-4bfa-bbd2-f1f242dff33d@group-EC3451D81B3E-FollowerState] INFO  server.RaftServer$Division (RaftServerImpl.java:setRole(290)) - 850b4870-9ae5-4bfa-bbd2-f1f242dff33d@group-EC3451D81B3E: changes role from  FOLLOWER to CANDIDATE at term 3 for changeToCandidate
2021-10-28 01:50:56,166 [850b4870-9ae5-4bfa-bbd2-f1f242dff33d@group-EC3451D81B3E-FollowerState] INFO  server.RaftServerConfigKeys (ConfUtils.java:logGet(44)) - raft.server.leaderelection.pre-vote = false (custom)
2021-10-28 01:50:56,167 [850b4870-9ae5-4bfa-bbd2-f1f242dff33d@group-EC3451D81B3E-FollowerState] INFO  impl.RoleInfo (RoleInfo.java:updateAndGet(130)) - 850b4870-9ae5-4bfa-bbd2-f1f242dff33d: start 850b4870-9ae5-4bfa-bbd2-f1f242dff33d@group-EC3451D81B3E-LeaderElection94
2021-10-28 01:50:56,212 [850b4870-9ae5-4bfa-bbd2-f1f242dff33d@group-EC3451D81B3E-LeaderElection94] INFO  impl.LeaderElection (LeaderElection.java:askForVotes(306)) - 850b4870-9ae5-4bfa-bbd2-f1f242dff33d@group-EC3451D81B3E-LeaderElection94 ELECTION round 0: submit vote requests at term 4 for -1: [850b4870-9ae5-4bfa-bbd2-f1f242dff33d|rpc:10.1.0.29:35637|dataStream:|priority:0, 31d6ae09-1bf4-4ff4-9532-94f29ed1392e|rpc:10.1.0.29:44047|dataStream:|priority:1, 43ee2308-4bff-4c12-a476-7906f102dfb0|rpc:10.1.0.29:33053|dataStream:|priority:0], old=null
2021-10-28 01:50:56,245 [31d6ae09-1bf4-4ff4-9532-94f29ed1392e@group-EC3451D81B3E-FollowerState] INFO  impl.FollowerState (FollowerState.java:run(134)) - 31d6ae09-1bf4-4ff4-9532-94f29ed1392e@group-EC3451D81B3E-FollowerState: change to CANDIDATE, lastRpcElapsedTime:5169632241ns, electionTimeout:5142ms
2021-10-28 01:50:56,245 [31d6ae09-1bf4-4ff4-9532-94f29ed1392e@group-EC3451D81B3E-FollowerState] INFO  impl.RoleInfo (RoleInfo.java:shutdownFollowerState(108)) - 31d6ae09-1bf4-4ff4-9532-94f29ed1392e: shutdown 31d6ae09-1bf4-4ff4-9532-94f29ed1392e@group-EC3451D81B3E-FollowerState
2021-10-28 01:50:56,245 [31d6ae09-1bf4-4ff4-9532-94f29ed1392e@group-EC3451D81B3E-FollowerState] INFO  server.RaftServer$Division (RaftServerImpl.java:setRole(290)) - 31d6ae09-1bf4-4ff4-9532-94f29ed1392e@group-EC3451D81B3E: changes role from  FOLLOWER to CANDIDATE at term 3 for changeToCandidate
2021-10-28 01:50:56,255 [grpc-default-executor-1] INFO  server.RaftServer$Division (RaftServerImpl.java:requestVote(1046)) - 31d6ae09-1bf4-4ff4-9532-94f29ed1392e@group-EC3451D81B3E: receive requestVote(ELECTION, 850b4870-9ae5-4bfa-bbd2-f1f242dff33d, group-EC3451D81B3E, 4, (t:0, i:0))
2021-10-28 01:50:56,266 [31d6ae09-1bf4-4ff4-9532-94f29ed1392e@group-EC3451D81B3E-FollowerState] INFO  server.RaftServerConfigKeys (ConfUtils.java:logGet(44)) - raft.server.leaderelection.pre-vote = false (custom)
2021-10-28 01:50:56,266 [31d6ae09-1bf4-4ff4-9532-94f29ed1392e@group-EC3451D81B3E-FollowerState] INFO  impl.RoleInfo (RoleInfo.java:updateAndGet(130)) - 31d6ae09-1bf4-4ff4-9532-94f29ed1392e: start 31d6ae09-1bf4-4ff4-9532-94f29ed1392e@group-EC3451D81B3E-LeaderElection95
2021-10-28 01:50:56,295 [grpc-default-executor-1] INFO  impl.VoteContext (VoteContext.java:log(48)) - 31d6ae09-1bf4-4ff4-9532-94f29ed1392e@group-EC3451D81B3E-CANDIDATE: reject ELECTION from 850b4870-9ae5-4bfa-bbd2-f1f242dff33d: our priority 1 > candidate's priority 0
2021-10-28 01:50:56,295 [grpc-default-executor-1] INFO  server.RaftServer$Division (RaftServerImpl.java:setRole(290)) - 31d6ae09-1bf4-4ff4-9532-94f29ed1392e@group-EC3451D81B3E: changes role from CANDIDATE to FOLLOWER at term 4 for candidate:850b4870-9ae5-4bfa-bbd2-f1f242dff33d
2021-10-28 01:50:56,295 [grpc-default-executor-1] INFO  impl.RoleInfo (RoleInfo.java:shutdownLeaderElection(121)) - 31d6ae09-1bf4-4ff4-9532-94f29ed1392e: shutdown 31d6ae09-1bf4-4ff4-9532-94f29ed1392e@group-EC3451D81B3E-LeaderElection95
2021-10-28 01:50:56,295 [850b4870-9ae5-4bfa-bbd2-f1f242dff33d@group-EC3451D81B3E-LeaderElection94] INFO  impl.LeaderElection (LogUtils.java:infoOrTrace(137)) - 850b4870-9ae5-4bfa-bbd2-f1f242dff33d@group-EC3451D81B3E-LeaderElection94 got exception when requesting votes: java.util.concurrent.ExecutionException: org.apache.ratis.thirdparty.io.grpc.StatusRuntimeException: UNAVAILABLE: io exception
2021-10-28 01:50:56,295 [grpc-default-executor-1] INFO  impl.RoleInfo (RoleInfo.java:updateAndGet(130)) - 31d6ae09-1bf4-4ff4-9532-94f29ed1392e: start 31d6ae09-1bf4-4ff4-9532-94f29ed1392e@group-EC3451D81B3E-FollowerState
2021-10-28 01:50:56,298 [grpc-default-executor-1] INFO  server.RaftServer$Division (RaftServerImpl.java:requestVote(1078)) - 31d6ae09-1bf4-4ff4-9532-94f29ed1392e@group-EC3451D81B3E replies to ELECTION vote request: 850b4870-9ae5-4bfa-bbd2-f1f242dff33d<-31d6ae09-1bf4-4ff4-9532-94f29ed1392e#0:FAIL-t4. Peer's state: 31d6ae09-1bf4-4ff4-9532-94f29ed1392e@group-EC3451D81B3E:t4, leader=null, voted=null, raftlog=31d6ae09-1bf4-4ff4-9532-94f29ed1392e@group-EC3451D81B3E-SegmentedRaftLog:OPENED:c-1, conf=-1: [850b4870-9ae5-4bfa-bbd2-f1f242dff33d|rpc:10.1.0.29:35637|priority:0, 31d6ae09-1bf4-4ff4-9532-94f29ed1392e|rpc:10.1.0.29:44047|priority:1, 43ee2308-4bff-4c12-a476-7906f102dfb0|rpc:10.1.0.29:33053|priority:0], old=null
2021-10-28 01:50:56,305 [850b4870-9ae5-4bfa-bbd2-f1f242dff33d@group-EC3451D81B3E-LeaderElection94] INFO  impl.LeaderElection (LeaderElection.java:logAndReturn(89)) - 850b4870-9ae5-4bfa-bbd2-f1f242dff33d@group-EC3451D81B3E-LeaderElection94: ELECTION REJECTED received 1 response(s) and 1 exception(s):
2021-10-28 01:50:56,305 [850b4870-9ae5-4bfa-bbd2-f1f242dff33d@group-EC3451D81B3E-LeaderElection94] INFO  impl.LeaderElection (LeaderElection.java:logAndReturn(93)) -   Response 0: 850b4870-9ae5-4bfa-bbd2-f1f242dff33d<-31d6ae09-1bf4-4ff4-9532-94f29ed1392e#0:FAIL-t4
2021-10-28 01:50:56,305 [850b4870-9ae5-4bfa-bbd2-f1f242dff33d@group-EC3451D81B3E-LeaderElection94] INFO  impl.LeaderElection (LogUtils.java:infoOrTrace(137)) -   Exception 1: java.util.concurrent.ExecutionException: org.apache.ratis.thirdparty.io.grpc.StatusRuntimeException: UNAVAILABLE: io exception
2021-10-28 01:50:56,305 [850b4870-9ae5-4bfa-bbd2-f1f242dff33d@group-EC3451D81B3E-LeaderElection94] INFO  impl.LeaderElection (LeaderElection.java:askForVotes(308)) - 850b4870-9ae5-4bfa-bbd2-f1f242dff33d@group-EC3451D81B3E-LeaderElection94 ELECTION round 0: result REJECTED
2021-10-28 01:50:56,305 [850b4870-9ae5-4bfa-bbd2-f1f242dff33d@group-EC3451D81B3E-LeaderElection94] INFO  server.RaftServer$Division (RaftServerImpl.java:setRole(290)) - 850b4870-9ae5-4bfa-bbd2-f1f242dff33d@group-EC3451D81B3E: changes role from CANDIDATE to FOLLOWER at term 4 for REJECTED
2021-10-28 01:50:56,305 [850b4870-9ae5-4bfa-bbd2-f1f242dff33d@group-EC3451D81B3E-LeaderElection94] INFO  impl.RoleInfo (RoleInfo.java:shutdownLeaderElection(121)) - 850b4870-9ae5-4bfa-bbd2-f1f242dff33d: shutdown 850b4870-9ae5-4bfa-bbd2-f1f242dff33d@group-EC3451D81B3E-LeaderElection94
2021-10-28 01:50:56,305 [850b4870-9ae5-4bfa-bbd2-f1f242dff33d@group-EC3451D81B3E-LeaderElection94] INFO  impl.RoleInfo (RoleInfo.java:updateAndGet(130)) - 850b4870-9ae5-4bfa-bbd2-f1f242dff33d: start 850b4870-9ae5-4bfa-bbd2-f1f242dff33d@group-EC3451D81B3E-FollowerState
2021-10-28 01:50:56,307 [Command processor thread] INFO  server.RaftServer (RaftServerProxy.java:remove(106)) - 31d6ae09-1bf4-4ff4-9532-94f29ed1392e: remove  FOLLOWER 31d6ae09-1bf4-4ff4-9532-94f29ed1392e@group-EC3451D81B3E:t4, leader=null, voted=null, raftlog=31d6ae09-1bf4-4ff4-9532-94f29ed1392e@group-EC3451D81B3E-SegmentedRaftLog:OPENED:c-1, conf=-1: [850b4870-9ae5-4bfa-bbd2-f1f242dff33d|rpc:10.1.0.29:35637|priority:0, 31d6ae09-1bf4-4ff4-9532-94f29ed1392e|rpc:10.1.0.29:44047|priority:1, 43ee2308-4bff-4c12-a476-7906f102dfb0|rpc:10.1.0.29:33053|priority:0], old=null RUNNING
2021-10-28 01:50:56,307 [Command processor thread] INFO  server.RaftServer$Division (RaftServerImpl.java:lambda$close$4(412)) - 31d6ae09-1bf4-4ff4-9532-94f29ed1392e@group-EC3451D81B3E: shutdown
2021-10-28 01:50:56,307 [Command processor thread] INFO  util.JmxRegister (JmxRegister.java:unregister(73)) - Successfully un-registered JMX Bean with object name Ratis:service=RaftServer,group=group-EC3451D81B3E,id=31d6ae09-1bf4-4ff4-9532-94f29ed1392e
2021-10-28 01:50:56,307 [Command processor thread] INFO  impl.RoleInfo (RoleInfo.java:shutdownFollowerState(108)) - 31d6ae09-1bf4-4ff4-9532-94f29ed1392e: shutdown 31d6ae09-1bf4-4ff4-9532-94f29ed1392e@group-EC3451D81B3E-FollowerState
2021-10-28 01:50:56,331 [Command processor thread] INFO  impl.StateMachineUpdater (StateMachineUpdater.java:stopAndJoin(149)) - 31d6ae09-1bf4-4ff4-9532-94f29ed1392e@group-EC3451D81B3E-StateMachineUpdater: set stopIndex = -1
2021-10-28 01:50:56,335 [Command processor thread] INFO  server.RaftServer$Division (ServerState.java:close(419)) - 31d6ae09-1bf4-4ff4-9532-94f29ed1392e@group-EC3451D81B3E: closes. applyIndex: -1
2021-10-28 01:50:56,335 [31d6ae09-1bf4-4ff4-9532-94f29ed1392e@group-EC3451D81B3E-SegmentedRaftLogWorker] INFO  segmented.SegmentedRaftLogWorker (SegmentedRaftLogWorker.java:run(327)) - 31d6ae09-1bf4-4ff4-9532-94f29ed1392e@group-EC3451D81B3E-SegmentedRaftLogWorker was interrupted, exiting. There are 0 tasks remaining in the queue.
2021-10-28 01:50:56,335 [Command processor thread] INFO  segmented.SegmentedRaftLogWorker (SegmentedRaftLogWorker.java:close(237)) - 31d6ae09-1bf4-4ff4-9532-94f29ed1392e@group-EC3451D81B3E-SegmentedRaftLogWorker close()
2021-10-28 01:50:56,336 [Command processor thread] INFO  server.RaftServer$Division (RaftServerImpl.java:groupRemove(382)) - 31d6ae09-1bf4-4ff4-9532-94f29ed1392e@group-EC3451D81B3E: Succeed to remove RaftStorageDirectory Storage Directory /home/runner/work/ozone/ozone/hadoop-ozone/integration-test/target/test-dir/MiniOzoneClusterImpl-0566475b-15f3-492a-9b28-f78457f271af/datanode-5/data/ratis/ce064907-5aa2-46cd-bdeb-ec3451d81b3e
2021-10-28 01:50:56,337 [Command processor thread] INFO  commandhandler.ClosePipelineCommandHandler (ClosePipelineCommandHandler.java:handle(78)) - Close Pipeline PipelineID=ce064907-5aa2-46cd-bdeb-ec3451d81b3e command on datanode 31d6ae09-1bf4-4ff4-9532-94f29ed1392e.
2021-10-28 01:50:56,555 [Listener at 127.0.0.1/46475] INFO  ozoneimpl.OzoneContainer (OzoneContainer.java:stop(325)) - Attempting to stop container services.
2021-10-28 01:50:56,559 [Listener at 127.0.0.1/46475] INFO  server.RaftServer (RaftServerProxy.java:lambda$close$6(391)) - 6d544018-2462-4d7b-9c06-1f628f7d4bb3: close
2021-10-28 01:50:56,559 [Listener at 127.0.0.1/46475] INFO  server.RaftServer$Division (RaftServerImpl.java:lambda$close$4(412)) - 6d544018-2462-4d7b-9c06-1f628f7d4bb3@group-28D3060BBD8C: shutdown
2021-10-28 01:50:56,559 [Listener at 127.0.0.1/46475] INFO  util.JmxRegister (JmxRegister.java:unregister(73)) - Successfully un-registered JMX Bean with object name Ratis:service=RaftServer,group=group-28D3060BBD8C,id=6d544018-2462-4d7b-9c06-1f628f7d4bb3
2021-10-28 01:50:56,567 [Listener at 127.0.0.1/46475] INFO  impl.RoleInfo (RoleInfo.java:shutdownFollowerState(108)) - 6d544018-2462-4d7b-9c06-1f628f7d4bb3: shutdown 6d544018-2462-4d7b-9c06-1f628f7d4bb3@group-28D3060BBD8C-FollowerState
2021-10-28 01:50:56,567 [Listener at 127.0.0.1/46475] INFO  impl.StateMachineUpdater (StateMachineUpdater.java:stopAndJoin(149)) - 6d544018-2462-4d7b-9c06-1f628f7d4bb3@group-28D3060BBD8C-StateMachineUpdater: set stopIndex = -1
2021-10-28 01:50:56,567 [6d544018-2462-4d7b-9c06-1f628f7d4bb3@group-28D3060BBD8C-FollowerState] INFO  impl.FollowerState (FollowerState.java:run(143)) - 6d544018-2462-4d7b-9c06-1f628f7d4bb3@group-28D3060BBD8C-FollowerState was interrupted: {}
java.lang.InterruptedException: sleep interrupted
	at java.lang.Thread.sleep(Native Method)
	at java.lang.Thread.sleep(Thread.java:340)
	at java.util.concurrent.TimeUnit.sleep(TimeUnit.java:386)
	at org.apache.ratis.util.TimeDuration.sleep(TimeDuration.java:324)
	at org.apache.ratis.util.TimeDuration.sleep(TimeDuration.java:309)
	at org.apache.ratis.server.impl.FollowerState.run(FollowerState.java:118)
2021-10-28 01:50:56,583 [Listener at 127.0.0.1/46475] INFO  server.RaftServer$Division (ServerState.java:close(419)) - 6d544018-2462-4d7b-9c06-1f628f7d4bb3@group-28D3060BBD8C: closes. applyIndex: -1
2021-10-28 01:50:56,584 [6d544018-2462-4d7b-9c06-1f628f7d4bb3@group-28D3060BBD8C-SegmentedRaftLogWorker] INFO  segmented.SegmentedRaftLogWorker (SegmentedRaftLogWorker.java:run(327)) - 6d544018-2462-4d7b-9c06-1f628f7d4bb3@group-28D3060BBD8C-SegmentedRaftLogWorker was interrupted, exiting. There are 0 tasks remaining in the queue.
2021-10-28 01:50:56,584 [Listener at 127.0.0.1/46475] INFO  segmented.SegmentedRaftLogWorker (SegmentedRaftLogWorker.java:close(237)) - 6d544018-2462-4d7b-9c06-1f628f7d4bb3@group-28D3060BBD8C-SegmentedRaftLogWorker close()
2021-10-28 01:50:56,588 [Listener at 127.0.0.1/46475] INFO  server.RaftServer$Division (RaftServerImpl.java:lambda$close$4(412)) - 6d544018-2462-4d7b-9c06-1f628f7d4bb3@group-3B8B63793B5A: shutdown
2021-10-28 01:50:56,588 [Listener at 127.0.0.1/46475] INFO  util.JmxRegister (JmxRegister.java:unregister(73)) - Successfully un-registered JMX Bean with object name Ratis:service=RaftServer,group=group-3B8B63793B5A,id=6d544018-2462-4d7b-9c06-1f628f7d4bb3
2021-10-28 01:50:56,589 [Listener at 127.0.0.1/46475] INFO  impl.RoleInfo (RoleInfo.java:shutdownLeaderState(91)) - 6d544018-2462-4d7b-9c06-1f628f7d4bb3: shutdown 6d544018-2462-4d7b-9c06-1f628f7d4bb3@group-3B8B63793B5A-LeaderStateImpl
2021-10-28 01:50:56,589 [Listener at 127.0.0.1/46475] INFO  impl.PendingRequests (PendingRequests.java:sendNotLeaderResponses(282)) - 6d544018-2462-4d7b-9c06-1f628f7d4bb3@group-3B8B63793B5A-PendingRequests: sendNotLeaderResponses
2021-10-28 01:50:56,622 [Listener at 127.0.0.1/46475] INFO  impl.StateMachineUpdater (StateMachineUpdater.java:stopAndJoin(149)) - 6d544018-2462-4d7b-9c06-1f628f7d4bb3@group-3B8B63793B5A-StateMachineUpdater: set stopIndex = 13
2021-10-28 01:50:56,622 [6d544018-2462-4d7b-9c06-1f628f7d4bb3@group-3B8B63793B5A-StateMachineUpdater] INFO  ratis.ContainerStateMachine (ContainerStateMachine.java:takeSnapshot(292)) - group-3B8B63793B5A: Taking a snapshot at:(t:1, i:13) file /home/runner/work/ozone/ozone/hadoop-ozone/integration-test/target/test-dir/MiniOzoneClusterImpl-0566475b-15f3-492a-9b28-f78457f271af/datanode-6/data/ratis/f9ac2680-f782-496d-9a98-3b8b63793b5a/sm/snapshot.1_13
2021-10-28 01:50:56,625 [6d544018-2462-4d7b-9c06-1f628f7d4bb3@group-3B8B63793B5A-StateMachineUpdater] INFO  ratis.ContainerStateMachine (ContainerStateMachine.java:takeSnapshot(303)) - group-3B8B63793B5A: Finished taking a snapshot at:(t:1, i:13) file:/home/runner/work/ozone/ozone/hadoop-ozone/integration-test/target/test-dir/MiniOzoneClusterImpl-0566475b-15f3-492a-9b28-f78457f271af/datanode-6/data/ratis/f9ac2680-f782-496d-9a98-3b8b63793b5a/sm/snapshot.1_13 took: 3 ms
2021-10-28 01:50:56,625 [6d544018-2462-4d7b-9c06-1f628f7d4bb3@group-3B8B63793B5A-StateMachineUpdater] INFO  impl.StateMachineUpdater (StateMachineUpdater.java:takeSnapshot(281)) - 6d544018-2462-4d7b-9c06-1f628f7d4bb3@group-3B8B63793B5A-StateMachineUpdater: Took a snapshot at index 13
2021-10-28 01:50:56,625 [6d544018-2462-4d7b-9c06-1f628f7d4bb3@group-3B8B63793B5A-StateMachineUpdater] INFO  impl.StateMachineUpdater (StateMachineUpdater.java:lambda$new$0(89)) - 6d544018-2462-4d7b-9c06-1f628f7d4bb3@group-3B8B63793B5A-StateMachineUpdater: snapshotIndex: updateIncreasingly -1 -> 13
2021-10-28 01:50:56,626 [Listener at 127.0.0.1/46475] INFO  server.RaftServer$Division (ServerState.java:close(419)) - 6d544018-2462-4d7b-9c06-1f628f7d4bb3@group-3B8B63793B5A: closes. applyIndex: 13
2021-10-28 01:50:56,626 [6d544018-2462-4d7b-9c06-1f628f7d4bb3@group-3B8B63793B5A-SegmentedRaftLogWorker] INFO  segmented.SegmentedRaftLogWorker (SegmentedRaftLogWorker.java:run(327)) - 6d544018-2462-4d7b-9c06-1f628f7d4bb3@group-3B8B63793B5A-SegmentedRaftLogWorker was interrupted, exiting. There are 0 tasks remaining in the queue.
2021-10-28 01:50:56,626 [Listener at 127.0.0.1/46475] INFO  segmented.SegmentedRaftLogWorker (SegmentedRaftLogWorker.java:close(237)) - 6d544018-2462-4d7b-9c06-1f628f7d4bb3@group-3B8B63793B5A-SegmentedRaftLogWorker close()
2021-10-28 01:50:56,626 [Listener at 127.0.0.1/46475] INFO  server.GrpcService (GrpcService.java:closeImpl(262)) - 6d544018-2462-4d7b-9c06-1f628f7d4bb3: shutdown server with port 46225 now
2021-10-28 01:50:56,661 [Listener at 127.0.0.1/46475] INFO  server.GrpcService (GrpcService.java:closeImpl(271)) - 6d544018-2462-4d7b-9c06-1f628f7d4bb3: shutdown server with port 46225 successfully
2021-10-28 01:50:56,661 [org.apache.ratis.util.JvmPauseMonitor$$Lambda$531/277938555@24f9f3bf] INFO  util.JvmPauseMonitor (JvmPauseMonitor.java:run(109)) - JvmPauseMonitor-6d544018-2462-4d7b-9c06-1f628f7d4bb3: Stopped
2021-10-28 01:50:56,671 [Listener at 127.0.0.1/46475] INFO  utils.BackgroundService (BackgroundService.java:shutdown(132)) - Shutting down service BlockDeletingService
2021-10-28 01:50:56,961 [850b4870-9ae5-4bfa-bbd2-f1f242dff33d@group-28D3060BBD8C-FollowerState] INFO  impl.FollowerState (FollowerState.java:run(134)) - 850b4870-9ae5-4bfa-bbd2-f1f242dff33d@group-28D3060BBD8C-FollowerState: change to CANDIDATE, lastRpcElapsedTime:5135947952ns, electionTimeout:5134ms
2021-10-28 01:50:56,961 [850b4870-9ae5-4bfa-bbd2-f1f242dff33d@group-28D3060BBD8C-FollowerState] INFO  impl.RoleInfo (RoleInfo.java:shutdownFollowerState(108)) - 850b4870-9ae5-4bfa-bbd2-f1f242dff33d: shutdown 850b4870-9ae5-4bfa-bbd2-f1f242dff33d@group-28D3060BBD8C-FollowerState
2021-10-28 01:50:56,961 [850b4870-9ae5-4bfa-bbd2-f1f242dff33d@group-28D3060BBD8C-FollowerState] INFO  server.RaftServer$Division (RaftServerImpl.java:setRole(290)) - 850b4870-9ae5-4bfa-bbd2-f1f242dff33d@group-28D3060BBD8C: changes role from  FOLLOWER to CANDIDATE at term 3 for changeToCandidate
2021-10-28 01:50:56,961 [850b4870-9ae5-4bfa-bbd2-f1f242dff33d@group-28D3060BBD8C-FollowerState] INFO  server.RaftServerConfigKeys (ConfUtils.java:logGet(44)) - raft.server.leaderelection.pre-vote = false (custom)
2021-10-28 01:50:56,961 [850b4870-9ae5-4bfa-bbd2-f1f242dff33d@group-28D3060BBD8C-FollowerState] INFO  impl.RoleInfo (RoleInfo.java:updateAndGet(130)) - 850b4870-9ae5-4bfa-bbd2-f1f242dff33d: start 850b4870-9ae5-4bfa-bbd2-f1f242dff33d@group-28D3060BBD8C-LeaderElection96
2021-10-28 01:50:57,019 [ForkJoinPool.commonPool-worker-1] INFO  ozoneimpl.OzoneContainer (OzoneContainer.java:stop(325)) - Attempting to stop container services.
2021-10-28 01:50:57,020 [ForkJoinPool.commonPool-worker-1] INFO  server.RaftServer (RaftServerProxy.java:lambda$close$6(391)) - 850b4870-9ae5-4bfa-bbd2-f1f242dff33d: close
2021-10-28 01:50:57,020 [ForkJoinPool.commonPool-worker-1] INFO  server.RaftServer$Division (RaftServerImpl.java:lambda$close$4(412)) - 850b4870-9ae5-4bfa-bbd2-f1f242dff33d@group-28D3060BBD8C: shutdown
2021-10-28 01:50:57,020 [ForkJoinPool.commonPool-worker-1] INFO  util.JmxRegister (JmxRegister.java:unregister(73)) - Successfully un-registered JMX Bean with object name Ratis:service=RaftServer,group=group-28D3060BBD8C,id=850b4870-9ae5-4bfa-bbd2-f1f242dff33d
2021-10-28 01:50:57,020 [ForkJoinPool.commonPool-worker-1] INFO  impl.RoleInfo (RoleInfo.java:shutdownLeaderElection(121)) - 850b4870-9ae5-4bfa-bbd2-f1f242dff33d: shutdown 850b4870-9ae5-4bfa-bbd2-f1f242dff33d@group-28D3060BBD8C-LeaderElection96
2021-10-28 01:50:57,020 [ForkJoinPool.commonPool-worker-1] INFO  impl.StateMachineUpdater (StateMachineUpdater.java:stopAndJoin(149)) - 850b4870-9ae5-4bfa-bbd2-f1f242dff33d@group-28D3060BBD8C-StateMachineUpdater: set stopIndex = -1
2021-10-28 01:50:57,020 [ForkJoinPool.commonPool-worker-1] INFO  server.RaftServer$Division (ServerState.java:close(419)) - 850b4870-9ae5-4bfa-bbd2-f1f242dff33d@group-28D3060BBD8C: closes. applyIndex: -1
2021-10-28 01:50:57,021 [850b4870-9ae5-4bfa-bbd2-f1f242dff33d@group-28D3060BBD8C-SegmentedRaftLogWorker] INFO  segmented.SegmentedRaftLogWorker (SegmentedRaftLogWorker.java:run(327)) - 850b4870-9ae5-4bfa-bbd2-f1f242dff33d@group-28D3060BBD8C-SegmentedRaftLogWorker was interrupted, exiting. There are 0 tasks remaining in the queue.
2021-10-28 01:50:57,021 [ForkJoinPool.commonPool-worker-1] INFO  segmented.SegmentedRaftLogWorker (SegmentedRaftLogWorker.java:close(237)) - 850b4870-9ae5-4bfa-bbd2-f1f242dff33d@group-28D3060BBD8C-SegmentedRaftLogWorker close()
2021-10-28 01:50:57,021 [850b4870-9ae5-4bfa-bbd2-f1f242dff33d@group-28D3060BBD8C-LeaderElection96] INFO  impl.LeaderElection (LeaderElection.java:run(230)) - 850b4870-9ae5-4bfa-bbd2-f1f242dff33d@group-28D3060BBD8C-LeaderElection96: skip running since this is already CLOSING
2021-10-28 01:50:57,022 [ForkJoinPool.commonPool-worker-1] INFO  server.RaftServer$Division (RaftServerImpl.java:lambda$close$4(412)) - 850b4870-9ae5-4bfa-bbd2-f1f242dff33d@group-EC3451D81B3E: shutdown
2021-10-28 01:50:57,044 [ForkJoinPool.commonPool-worker-1] INFO  util.JmxRegister (JmxRegister.java:unregister(73)) - Successfully un-registered JMX Bean with object name Ratis:service=RaftServer,group=group-EC3451D81B3E,id=850b4870-9ae5-4bfa-bbd2-f1f242dff33d
2021-10-28 01:50:57,044 [ForkJoinPool.commonPool-worker-1] INFO  impl.RoleInfo (RoleInfo.java:shutdownFollowerState(108)) - 850b4870-9ae5-4bfa-bbd2-f1f242dff33d: shutdown 850b4870-9ae5-4bfa-bbd2-f1f242dff33d@group-EC3451D81B3E-FollowerState
2021-10-28 01:50:57,044 [ForkJoinPool.commonPool-worker-1] INFO  impl.StateMachineUpdater (StateMachineUpdater.java:stopAndJoin(149)) - 850b4870-9ae5-4bfa-bbd2-f1f242dff33d@group-EC3451D81B3E-StateMachineUpdater: set stopIndex = -1
2021-10-28 01:50:57,044 [850b4870-9ae5-4bfa-bbd2-f1f242dff33d@group-EC3451D81B3E-FollowerState] INFO  impl.FollowerState (FollowerState.java:run(143)) - 850b4870-9ae5-4bfa-bbd2-f1f242dff33d@group-EC3451D81B3E-FollowerState was interrupted: {}
java.lang.InterruptedException: sleep interrupted
	at java.lang.Thread.sleep(Native Method)
	at java.lang.Thread.sleep(Thread.java:340)
	at java.util.concurrent.TimeUnit.sleep(TimeUnit.java:386)
	at org.apache.ratis.util.TimeDuration.sleep(TimeDuration.java:324)
	at org.apache.ratis.util.TimeDuration.sleep(TimeDuration.java:309)
	at org.apache.ratis.server.impl.FollowerState.run(FollowerState.java:118)
2021-10-28 01:50:57,087 [ForkJoinPool.commonPool-worker-1] INFO  server.RaftServer$Division (ServerState.java:close(419)) - 850b4870-9ae5-4bfa-bbd2-f1f242dff33d@group-EC3451D81B3E: closes. applyIndex: -1
2021-10-28 01:50:57,087 [850b4870-9ae5-4bfa-bbd2-f1f242dff33d@group-EC3451D81B3E-SegmentedRaftLogWorker] INFO  segmented.SegmentedRaftLogWorker (SegmentedRaftLogWorker.java:run(327)) - 850b4870-9ae5-4bfa-bbd2-f1f242dff33d@group-EC3451D81B3E-SegmentedRaftLogWorker was interrupted, exiting. There are 0 tasks remaining in the queue.
2021-10-28 01:50:57,087 [ForkJoinPool.commonPool-worker-1] INFO  segmented.SegmentedRaftLogWorker (SegmentedRaftLogWorker.java:close(237)) - 850b4870-9ae5-4bfa-bbd2-f1f242dff33d@group-EC3451D81B3E-SegmentedRaftLogWorker close()
2021-10-28 01:50:57,093 [ForkJoinPool.commonPool-worker-1] INFO  server.RaftServer$Division (RaftServerImpl.java:lambda$close$4(412)) - 850b4870-9ae5-4bfa-bbd2-f1f242dff33d@group-887D28601A48: shutdown
2021-10-28 01:50:57,093 [ForkJoinPool.commonPool-worker-1] INFO  util.JmxRegister (JmxRegister.java:unregister(73)) - Successfully un-registered JMX Bean with object name Ratis:service=RaftServer,group=group-887D28601A48,id=850b4870-9ae5-4bfa-bbd2-f1f242dff33d
2021-10-28 01:50:57,093 [ForkJoinPool.commonPool-worker-1] INFO  impl.RoleInfo (RoleInfo.java:shutdownLeaderState(91)) - 850b4870-9ae5-4bfa-bbd2-f1f242dff33d: shutdown 850b4870-9ae5-4bfa-bbd2-f1f242dff33d@group-887D28601A48-LeaderStateImpl
2021-10-28 01:50:57,093 [ForkJoinPool.commonPool-worker-1] INFO  impl.PendingRequests (PendingRequests.java:sendNotLeaderResponses(282)) - 850b4870-9ae5-4bfa-bbd2-f1f242dff33d@group-887D28601A48-PendingRequests: sendNotLeaderResponses
2021-10-28 01:50:57,094 [ForkJoinPool.commonPool-worker-1] INFO  impl.StateMachineUpdater (StateMachineUpdater.java:stopAndJoin(149)) - 850b4870-9ae5-4bfa-bbd2-f1f242dff33d@group-887D28601A48-StateMachineUpdater: set stopIndex = 0
2021-10-28 01:50:57,094 [850b4870-9ae5-4bfa-bbd2-f1f242dff33d@group-887D28601A48-StateMachineUpdater] INFO  ratis.ContainerStateMachine (ContainerStateMachine.java:takeSnapshot(292)) - group-887D28601A48: Taking a snapshot at:(t:1, i:0) file /home/runner/work/ozone/ozone/hadoop-ozone/integration-test/target/test-dir/MiniOzoneClusterImpl-0566475b-15f3-492a-9b28-f78457f271af/datanode-3/data/ratis/912ce479-1254-4f62-8658-887d28601a48/sm/snapshot.1_0
2021-10-28 01:50:57,095 [850b4870-9ae5-4bfa-bbd2-f1f242dff33d@group-887D28601A48-StateMachineUpdater] INFO  ratis.ContainerStateMachine (ContainerStateMachine.java:takeSnapshot(303)) - group-887D28601A48: Finished taking a snapshot at:(t:1, i:0) file:/home/runner/work/ozone/ozone/hadoop-ozone/integration-test/target/test-dir/MiniOzoneClusterImpl-0566475b-15f3-492a-9b28-f78457f271af/datanode-3/data/ratis/912ce479-1254-4f62-8658-887d28601a48/sm/snapshot.1_0 took: 2 ms
2021-10-28 01:50:57,096 [850b4870-9ae5-4bfa-bbd2-f1f242dff33d@group-887D28601A48-StateMachineUpdater] INFO  impl.StateMachineUpdater (StateMachineUpdater.java:takeSnapshot(281)) - 850b4870-9ae5-4bfa-bbd2-f1f242dff33d@group-887D28601A48-StateMachineUpdater: Took a snapshot at index 0
2021-10-28 01:50:57,096 [850b4870-9ae5-4bfa-bbd2-f1f242dff33d@group-887D28601A48-StateMachineUpdater] INFO  impl.StateMachineUpdater (StateMachineUpdater.java:lambda$new$0(89)) - 850b4870-9ae5-4bfa-bbd2-f1f242dff33d@group-887D28601A48-StateMachineUpdater: snapshotIndex: updateIncreasingly -1 -> 0
2021-10-28 01:50:57,097 [ForkJoinPool.commonPool-worker-1] INFO  server.RaftServer$Division (ServerState.java:close(419)) - 850b4870-9ae5-4bfa-bbd2-f1f242dff33d@group-887D28601A48: closes. applyIndex: 0
2021-10-28 01:50:57,099 [850b4870-9ae5-4bfa-bbd2-f1f242dff33d@group-887D28601A48-SegmentedRaftLogWorker] INFO  segmented.SegmentedRaftLogWorker (SegmentedRaftLogWorker.java:run(327)) - 850b4870-9ae5-4bfa-bbd2-f1f242dff33d@group-887D28601A48-SegmentedRaftLogWorker was interrupted, exiting. There are 0 tasks remaining in the queue.
2021-10-28 01:50:57,099 [ForkJoinPool.commonPool-worker-1] INFO  segmented.SegmentedRaftLogWorker (SegmentedRaftLogWorker.java:close(237)) - 850b4870-9ae5-4bfa-bbd2-f1f242dff33d@group-887D28601A48-SegmentedRaftLogWorker close()
2021-10-28 01:50:57,099 [ForkJoinPool.commonPool-worker-1] INFO  server.GrpcService (GrpcService.java:closeImpl(262)) - 850b4870-9ae5-4bfa-bbd2-f1f242dff33d: shutdown server with port 35637 now
2021-10-28 01:50:57,115 [ForkJoinPool.commonPool-worker-1] INFO  server.GrpcService (GrpcService.java:closeImpl(271)) - 850b4870-9ae5-4bfa-bbd2-f1f242dff33d: shutdown server with port 35637 successfully
2021-10-28 01:50:57,115 [org.apache.ratis.util.JvmPauseMonitor$$Lambda$531/277938555@276267] INFO  util.JvmPauseMonitor (JvmPauseMonitor.java:run(109)) - JvmPauseMonitor-850b4870-9ae5-4bfa-bbd2-f1f242dff33d: Stopped
2021-10-28 01:50:57,157 [ForkJoinPool.commonPool-worker-1] INFO  utils.BackgroundService (BackgroundService.java:shutdown(132)) - Shutting down service BlockDeletingService
2021-10-28 01:50:59,723 [Listener at 127.0.0.1/46475] INFO  statemachine.DatanodeStateMachine (DatanodeStateMachine.java:stopDaemon(526)) - Ozone container server stopped.
2021-10-28 01:50:59,724 [Listener at 127.0.0.1/46475] INFO  handler.ContextHandler (ContextHandler.java:doStop(1153)) - Stopped o.e.j.w.WebAppContext@835ca76{hddsDatanode,/,null,STOPPED}{jar:file:/home/runner/.m2/repository/org/apache/ozone/hdds-container-service/1.2.0-SNAPSHOT/hdds-container-service-1.2.0-SNAPSHOT.jar!/webapps/hddsDatanode}
2021-10-28 01:50:59,728 [Listener at 127.0.0.1/46475] INFO  server.AbstractConnector (AbstractConnector.java:doStop(381)) - Stopped ServerConnector@7e7c6fc{HTTP/1.1, (http/1.1)}{0.0.0.0:0}
2021-10-28 01:50:59,728 [Listener at 127.0.0.1/46475] INFO  server.session (HouseKeeper.java:stopScavenging(149)) - node0 Stopped scavenging
2021-10-28 01:50:59,729 [Listener at 127.0.0.1/46475] INFO  handler.ContextHandler (ContextHandler.java:doStop(1153)) - Stopped o.e.j.s.ServletContextHandler@1f1dd29c{static,/static,jar:file:/home/runner/.m2/repository/org/apache/ozone/hdds-container-service/1.2.0-SNAPSHOT/hdds-container-service-1.2.0-SNAPSHOT.jar!/webapps/static,STOPPED}
2021-10-28 01:50:59,729 [Listener at 127.0.0.1/46475] INFO  handler.ContextHandler (ContextHandler.java:doStop(1153)) - Stopped o.e.j.s.ServletContextHandler@7103f01{logs,/logs,file:///home/runner/work/ozone/ozone/hadoop-ozone/integration-test/target/log,STOPPED}
2021-10-28 01:51:00,219 [ForkJoinPool.commonPool-worker-1] INFO  statemachine.DatanodeStateMachine (DatanodeStateMachine.java:stopDaemon(526)) - Ozone container server stopped.
2021-10-28 01:51:00,224 [ForkJoinPool.commonPool-worker-1] INFO  handler.ContextHandler (ContextHandler.java:doStop(1153)) - Stopped o.e.j.w.WebAppContext@7bc49fba{hddsDatanode,/,null,STOPPED}{jar:file:/home/runner/.m2/repository/org/apache/ozone/hdds-container-service/1.2.0-SNAPSHOT/hdds-container-service-1.2.0-SNAPSHOT.jar!/webapps/hddsDatanode}
2021-10-28 01:51:00,259 [ForkJoinPool.commonPool-worker-1] INFO  server.AbstractConnector (AbstractConnector.java:doStop(381)) - Stopped ServerConnector@2594467{HTTP/1.1, (http/1.1)}{0.0.0.0:0}
2021-10-28 01:51:00,259 [ForkJoinPool.commonPool-worker-1] INFO  server.session (HouseKeeper.java:stopScavenging(149)) - node0 Stopped scavenging
2021-10-28 01:51:00,263 [ForkJoinPool.commonPool-worker-1] INFO  handler.ContextHandler (ContextHandler.java:doStop(1153)) - Stopped o.e.j.s.ServletContextHandler@2805de0c{static,/static,jar:file:/home/runner/.m2/repository/org/apache/ozone/hdds-container-service/1.2.0-SNAPSHOT/hdds-container-service-1.2.0-SNAPSHOT.jar!/webapps/static,STOPPED}
2021-10-28 01:51:00,265 [ForkJoinPool.commonPool-worker-1] INFO  handler.ContextHandler (ContextHandler.java:doStop(1153)) - Stopped o.e.j.s.ServletContextHandler@31fd8f92{logs,/logs,file:///home/runner/work/ozone/ozone/hadoop-ozone/integration-test/target/log,STOPPED}
2021-10-28 01:51:01,104 [EventQueue-StaleNodeForStaleNodeHandler] INFO  node.StaleNodeHandler (StaleNodeHandler.java:onMessage(58)) - Datanode 850b4870-9ae5-4bfa-bbd2-f1f242dff33d{ip: 10.1.0.29, host: fv-az270-135.tacnzluakwdehk1hpragurqkma.bx.internal.cloudapp.net, ports: [REPLICATION=39677, RATIS=35637, RATIS_ADMIN=35637, RATIS_SERVER=35637, STANDALONE=41253], networkLocation: /default-rack, certSerialId: null, persistedOpState: IN_SERVICE, persistedOpStateExpiryEpochSec: 0} moved to stale state. Finalizing its pipelines [PipelineID=912ce479-1254-4f62-8658-887d28601a48]
2021-10-28 01:51:01,105 [EventQueue-StaleNodeForStaleNodeHandler] INFO  pipeline.PipelineManagerImpl (PipelineManagerImpl.java:closePipeline(349)) - Pipeline Pipeline[ Id: 912ce479-1254-4f62-8658-887d28601a48, Nodes: 850b4870-9ae5-4bfa-bbd2-f1f242dff33d{ip: 10.1.0.29, host: fv-az270-135.tacnzluakwdehk1hpragurqkma.bx.internal.cloudapp.net, ports: [REPLICATION=39677, RATIS=35637, RATIS_ADMIN=35637, RATIS_SERVER=35637, STANDALONE=41253], networkLocation: /default-rack, certSerialId: null, persistedOpState: IN_SERVICE, persistedOpStateExpiryEpochSec: 0}, ReplicationConfig: RATIS/ONE, State:OPEN, leaderId:850b4870-9ae5-4bfa-bbd2-f1f242dff33d, CreationTimestamp2021-10-28T01:49:22.229Z[Etc/UTC]] moved to CLOSED state
2021-10-28 01:51:01,215 [EventQueue-StaleNodeForStaleNodeHandler] INFO  node.StaleNodeHandler (StaleNodeHandler.java:onMessage(58)) - Datanode 6d544018-2462-4d7b-9c06-1f628f7d4bb3{ip: 10.1.0.29, host: fv-az270-135.tacnzluakwdehk1hpragurqkma.bx.internal.cloudapp.net, ports: [REPLICATION=41683, RATIS=46225, RATIS_ADMIN=46225, RATIS_SERVER=46225, STANDALONE=33603], networkLocation: /default-rack, certSerialId: null, persistedOpState: IN_SERVICE, persistedOpStateExpiryEpochSec: 0} moved to stale state. Finalizing its pipelines [PipelineID=f9ac2680-f782-496d-9a98-3b8b63793b5a]
2021-10-28 01:51:01,216 [EventQueue-StaleNodeForStaleNodeHandler] INFO  pipeline.PipelineManagerImpl (PipelineManagerImpl.java:closePipeline(349)) - Pipeline Pipeline[ Id: f9ac2680-f782-496d-9a98-3b8b63793b5a, Nodes: 6d544018-2462-4d7b-9c06-1f628f7d4bb3{ip: 10.1.0.29, host: fv-az270-135.tacnzluakwdehk1hpragurqkma.bx.internal.cloudapp.net, ports: [REPLICATION=41683, RATIS=46225, RATIS_ADMIN=46225, RATIS_SERVER=46225, STANDALONE=33603], networkLocation: /default-rack, certSerialId: null, persistedOpState: IN_SERVICE, persistedOpStateExpiryEpochSec: 0}, ReplicationConfig: RATIS/ONE, State:OPEN, leaderId:6d544018-2462-4d7b-9c06-1f628f7d4bb3, CreationTimestamp2021-10-28T01:49:24.594Z[Etc/UTC]] moved to CLOSED state
2021-10-28 01:51:01,216 [EventQueue-CloseContainerForCloseContainerEventHandler] INFO  container.CloseContainerEventHandler (CloseContainerEventHandler.java:onMessage(69)) - Close container Event triggered for container : #2
2021-10-28 01:51:02,534 [EventQueue-DeadNodeForDeadNodeHandler] INFO  node.DeadNodeHandler (DeadNodeHandler.java:onMessage(80)) - A dead datanode is detected. 253ef487-fc9a-46cf-a18f-fb890cfa9c45{ip: 10.1.0.29, host: fv-az270-135.tacnzluakwdehk1hpragurqkma.bx.internal.cloudapp.net, ports: [REPLICATION=33957, RATIS=46847, RATIS_ADMIN=46847, RATIS_SERVER=46847, STANDALONE=44157], networkLocation: /default-rack, certSerialId: null, persistedOpState: IN_SERVICE, persistedOpStateExpiryEpochSec: 0}
2021-10-28 01:51:02,535 [EventQueue-DeadNodeForDeadNodeHandler] INFO  pipeline.RatisPipelineProvider (RatisPipelineProvider.java:lambda$close$1(222)) - Send pipeline:PipelineID=8f2252ff-5744-45ed-88bc-6bf915904876 close command to datanode 253ef487-fc9a-46cf-a18f-fb890cfa9c45
2021-10-28 01:51:02,535 [EventQueue-DeadNodeForDeadNodeHandler] INFO  pipeline.PipelineStateManagerImpl (PipelineStateManagerImpl.java:removePipeline(223)) - Pipeline Pipeline[ Id: 8f2252ff-5744-45ed-88bc-6bf915904876, Nodes: 253ef487-fc9a-46cf-a18f-fb890cfa9c45{ip: 10.1.0.29, host: fv-az270-135.tacnzluakwdehk1hpragurqkma.bx.internal.cloudapp.net, ports: [REPLICATION=33957, RATIS=46847, RATIS_ADMIN=46847, RATIS_SERVER=46847, STANDALONE=44157], networkLocation: /default-rack, certSerialId: null, persistedOpState: IN_SERVICE, persistedOpStateExpiryEpochSec: 0}, ReplicationConfig: RATIS/ONE, State:CLOSED, leaderId:253ef487-fc9a-46cf-a18f-fb890cfa9c45, CreationTimestamp2021-10-28T01:49:20.013Z[Etc/UTC]] removed.
2021-10-28 01:51:02,535 [EventQueue-DeadNodeForDeadNodeHandler] INFO  net.NetworkTopologyImpl (NetworkTopologyImpl.java:remove(137)) - Removed a node: /default-rack/253ef487-fc9a-46cf-a18f-fb890cfa9c45
2021-10-28 01:51:03,236 [EventQueue-DeadNodeForDeadNodeHandler] INFO  node.DeadNodeHandler (DeadNodeHandler.java:onMessage(80)) - A dead datanode is detected. 3bba12ea-eb97-4cb8-a72d-96cb4f92f88e{ip: 10.1.0.29, host: fv-az270-135.tacnzluakwdehk1hpragurqkma.bx.internal.cloudapp.net, ports: [REPLICATION=33787, RATIS=33133, RATIS_ADMIN=33133, RATIS_SERVER=33133, STANDALONE=42261], networkLocation: /default-rack, certSerialId: null, persistedOpState: IN_SERVICE, persistedOpStateExpiryEpochSec: 0}
2021-10-28 01:51:03,236 [EventQueue-DeadNodeForDeadNodeHandler] INFO  pipeline.RatisPipelineProvider (RatisPipelineProvider.java:lambda$close$1(222)) - Send pipeline:PipelineID=678a5660-1538-431c-90b9-ea576df61a38 close command to datanode 3bba12ea-eb97-4cb8-a72d-96cb4f92f88e
2021-10-28 01:51:03,237 [EventQueue-DeadNodeForDeadNodeHandler] INFO  pipeline.PipelineStateManagerImpl (PipelineStateManagerImpl.java:removePipeline(223)) - Pipeline Pipeline[ Id: 678a5660-1538-431c-90b9-ea576df61a38, Nodes: 3bba12ea-eb97-4cb8-a72d-96cb4f92f88e{ip: 10.1.0.29, host: fv-az270-135.tacnzluakwdehk1hpragurqkma.bx.internal.cloudapp.net, ports: [REPLICATION=33787, RATIS=33133, RATIS_ADMIN=33133, RATIS_SERVER=33133, STANDALONE=42261], networkLocation: /default-rack, certSerialId: null, persistedOpState: IN_SERVICE, persistedOpStateExpiryEpochSec: 0}, ReplicationConfig: RATIS/ONE, State:CLOSED, leaderId:3bba12ea-eb97-4cb8-a72d-96cb4f92f88e, CreationTimestamp2021-10-28T01:49:21.548Z[Etc/UTC]] removed.
2021-10-28 01:51:03,237 [EventQueue-DeadNodeForDeadNodeHandler] INFO  net.NetworkTopologyImpl (NetworkTopologyImpl.java:remove(137)) - Removed a node: /default-rack/3bba12ea-eb97-4cb8-a72d-96cb4f92f88e
2021-10-28 01:51:04,736 [Listener at 127.0.0.1/46475] INFO  ozoneimpl.OzoneContainer (OzoneContainer.java:stop(325)) - Attempting to stop container services.
2021-10-28 01:51:04,739 [Listener at 127.0.0.1/46475] INFO  server.RaftServer (RaftServerProxy.java:lambda$close$6(391)) - 31d6ae09-1bf4-4ff4-9532-94f29ed1392e: close
2021-10-28 01:51:04,739 [Listener at 127.0.0.1/46475] INFO  server.RaftServer$Division (RaftServerImpl.java:lambda$close$4(412)) - 31d6ae09-1bf4-4ff4-9532-94f29ed1392e@group-58A76E034B32: shutdown
2021-10-28 01:51:04,739 [Listener at 127.0.0.1/46475] INFO  util.JmxRegister (JmxRegister.java:unregister(73)) - Successfully un-registered JMX Bean with object name Ratis:service=RaftServer,group=group-58A76E034B32,id=31d6ae09-1bf4-4ff4-9532-94f29ed1392e
2021-10-28 01:51:04,740 [Listener at 127.0.0.1/46475] INFO  impl.RoleInfo (RoleInfo.java:shutdownLeaderState(91)) - 31d6ae09-1bf4-4ff4-9532-94f29ed1392e: shutdown 31d6ae09-1bf4-4ff4-9532-94f29ed1392e@group-58A76E034B32-LeaderStateImpl
2021-10-28 01:51:04,740 [Listener at 127.0.0.1/46475] INFO  impl.PendingRequests (PendingRequests.java:sendNotLeaderResponses(282)) - 31d6ae09-1bf4-4ff4-9532-94f29ed1392e@group-58A76E034B32-PendingRequests: sendNotLeaderResponses
2021-10-28 01:51:04,740 [Listener at 127.0.0.1/46475] INFO  impl.StateMachineUpdater (StateMachineUpdater.java:stopAndJoin(149)) - 31d6ae09-1bf4-4ff4-9532-94f29ed1392e@group-58A76E034B32-StateMachineUpdater: set stopIndex = 0
2021-10-28 01:51:04,741 [31d6ae09-1bf4-4ff4-9532-94f29ed1392e@group-58A76E034B32-StateMachineUpdater] INFO  ratis.ContainerStateMachine (ContainerStateMachine.java:takeSnapshot(292)) - group-58A76E034B32: Taking a snapshot at:(t:1, i:0) file /home/runner/work/ozone/ozone/hadoop-ozone/integration-test/target/test-dir/MiniOzoneClusterImpl-0566475b-15f3-492a-9b28-f78457f271af/datanode-5/data/ratis/c99917bc-e8a7-4f12-abad-58a76e034b32/sm/snapshot.1_0
2021-10-28 01:51:04,744 [31d6ae09-1bf4-4ff4-9532-94f29ed1392e@group-58A76E034B32-StateMachineUpdater] INFO  ratis.ContainerStateMachine (ContainerStateMachine.java:takeSnapshot(303)) - group-58A76E034B32: Finished taking a snapshot at:(t:1, i:0) file:/home/runner/work/ozone/ozone/hadoop-ozone/integration-test/target/test-dir/MiniOzoneClusterImpl-0566475b-15f3-492a-9b28-f78457f271af/datanode-5/data/ratis/c99917bc-e8a7-4f12-abad-58a76e034b32/sm/snapshot.1_0 took: 3 ms
2021-10-28 01:51:04,744 [31d6ae09-1bf4-4ff4-9532-94f29ed1392e@group-58A76E034B32-StateMachineUpdater] INFO  impl.StateMachineUpdater (StateMachineUpdater.java:takeSnapshot(281)) - 31d6ae09-1bf4-4ff4-9532-94f29ed1392e@group-58A76E034B32-StateMachineUpdater: Took a snapshot at index 0
2021-10-28 01:51:04,744 [31d6ae09-1bf4-4ff4-9532-94f29ed1392e@group-58A76E034B32-StateMachineUpdater] INFO  impl.StateMachineUpdater (StateMachineUpdater.java:lambda$new$0(89)) - 31d6ae09-1bf4-4ff4-9532-94f29ed1392e@group-58A76E034B32-StateMachineUpdater: snapshotIndex: updateIncreasingly -1 -> 0
2021-10-28 01:51:04,750 [Listener at 127.0.0.1/46475] INFO  server.RaftServer$Division (ServerState.java:close(419)) - 31d6ae09-1bf4-4ff4-9532-94f29ed1392e@group-58A76E034B32: closes. applyIndex: 0
2021-10-28 01:51:04,750 [31d6ae09-1bf4-4ff4-9532-94f29ed1392e@group-58A76E034B32-SegmentedRaftLogWorker] INFO  segmented.SegmentedRaftLogWorker (SegmentedRaftLogWorker.java:run(327)) - 31d6ae09-1bf4-4ff4-9532-94f29ed1392e@group-58A76E034B32-SegmentedRaftLogWorker was interrupted, exiting. There are 0 tasks remaining in the queue.
2021-10-28 01:51:04,799 [Listener at 127.0.0.1/46475] INFO  segmented.SegmentedRaftLogWorker (SegmentedRaftLogWorker.java:close(237)) - 31d6ae09-1bf4-4ff4-9532-94f29ed1392e@group-58A76E034B32-SegmentedRaftLogWorker close()
2021-10-28 01:51:04,800 [Listener at 127.0.0.1/46475] INFO  server.GrpcService (GrpcService.java:closeImpl(262)) - 31d6ae09-1bf4-4ff4-9532-94f29ed1392e: shutdown server with port 44047 now
2021-10-28 01:51:04,808 [Listener at 127.0.0.1/46475] INFO  server.GrpcService (GrpcService.java:closeImpl(271)) - 31d6ae09-1bf4-4ff4-9532-94f29ed1392e: shutdown server with port 44047 successfully
2021-10-28 01:51:04,808 [org.apache.ratis.util.JvmPauseMonitor$$Lambda$531/277938555@206d9e2e] INFO  util.JvmPauseMonitor (JvmPauseMonitor.java:run(109)) - JvmPauseMonitor-31d6ae09-1bf4-4ff4-9532-94f29ed1392e: Stopped
2021-10-28 01:51:04,831 [Listener at 127.0.0.1/46475] INFO  utils.BackgroundService (BackgroundService.java:shutdown(132)) - Shutting down service BlockDeletingService
2021-10-28 01:51:07,855 [Listener at 127.0.0.1/46475] INFO  statemachine.DatanodeStateMachine (DatanodeStateMachine.java:stopDaemon(526)) - Ozone container server stopped.
2021-10-28 01:51:07,856 [Listener at 127.0.0.1/46475] INFO  handler.ContextHandler (ContextHandler.java:doStop(1153)) - Stopped o.e.j.w.WebAppContext@51d5d07e{hddsDatanode,/,null,STOPPED}{jar:file:/home/runner/.m2/repository/org/apache/ozone/hdds-container-service/1.2.0-SNAPSHOT/hdds-container-service-1.2.0-SNAPSHOT.jar!/webapps/hddsDatanode}
2021-10-28 01:51:07,859 [Listener at 127.0.0.1/46475] INFO  server.AbstractConnector (AbstractConnector.java:doStop(381)) - Stopped ServerConnector@7f4c3713{HTTP/1.1, (http/1.1)}{0.0.0.0:41875}
2021-10-28 01:51:07,860 [Listener at 127.0.0.1/46475] INFO  server.session (HouseKeeper.java:stopScavenging(149)) - node0 Stopped scavenging
2021-10-28 01:51:07,860 [Listener at 127.0.0.1/46475] INFO  handler.ContextHandler (ContextHandler.java:doStop(1153)) - Stopped o.e.j.s.ServletContextHandler@78958ca9{static,/static,jar:file:/home/runner/.m2/repository/org/apache/ozone/hdds-container-service/1.2.0-SNAPSHOT/hdds-container-service-1.2.0-SNAPSHOT.jar!/webapps/static,STOPPED}
2021-10-28 01:51:07,860 [Listener at 127.0.0.1/46475] INFO  handler.ContextHandler (ContextHandler.java:doStop(1153)) - Stopped o.e.j.s.ServletContextHandler@63f7ee42{logs,/logs,file:///home/runner/work/ozone/ozone/hadoop-ozone/integration-test/target/log,STOPPED}
2021-10-28 01:51:09,379 [EventQueue-StaleNodeForStaleNodeHandler] INFO  node.StaleNodeHandler (StaleNodeHandler.java:onMessage(58)) - Datanode 31d6ae09-1bf4-4ff4-9532-94f29ed1392e{ip: 10.1.0.29, host: fv-az270-135.tacnzluakwdehk1hpragurqkma.bx.internal.cloudapp.net, ports: [REPLICATION=42011, RATIS=44047, RATIS_ADMIN=44047, RATIS_SERVER=44047, STANDALONE=32823], networkLocation: /default-rack, certSerialId: null, persistedOpState: IN_SERVICE, persistedOpStateExpiryEpochSec: 0} moved to stale state. Finalizing its pipelines [PipelineID=c99917bc-e8a7-4f12-abad-58a76e034b32]
2021-10-28 01:51:09,380 [EventQueue-StaleNodeForStaleNodeHandler] INFO  pipeline.PipelineManagerImpl (PipelineManagerImpl.java:closePipeline(349)) - Pipeline Pipeline[ Id: c99917bc-e8a7-4f12-abad-58a76e034b32, Nodes: 31d6ae09-1bf4-4ff4-9532-94f29ed1392e{ip: 10.1.0.29, host: fv-az270-135.tacnzluakwdehk1hpragurqkma.bx.internal.cloudapp.net, ports: [REPLICATION=42011, RATIS=44047, RATIS_ADMIN=44047, RATIS_SERVER=44047, STANDALONE=32823], networkLocation: /default-rack, certSerialId: null, persistedOpState: IN_SERVICE, persistedOpStateExpiryEpochSec: 0}, ReplicationConfig: RATIS/ONE, State:OPEN, leaderId:31d6ae09-1bf4-4ff4-9532-94f29ed1392e, CreationTimestamp2021-10-28T01:50:33.663Z[Etc/UTC]] moved to CLOSED state
2021-10-28 01:51:11,090 [EventQueue-DeadNodeForDeadNodeHandler] INFO  node.DeadNodeHandler (DeadNodeHandler.java:onMessage(80)) - A dead datanode is detected. 850b4870-9ae5-4bfa-bbd2-f1f242dff33d{ip: 10.1.0.29, host: fv-az270-135.tacnzluakwdehk1hpragurqkma.bx.internal.cloudapp.net, ports: [REPLICATION=39677, RATIS=35637, RATIS_ADMIN=35637, RATIS_SERVER=35637, STANDALONE=41253], networkLocation: /default-rack, certSerialId: null, persistedOpState: IN_SERVICE, persistedOpStateExpiryEpochSec: 0}
2021-10-28 01:51:11,091 [EventQueue-DeadNodeForDeadNodeHandler] INFO  pipeline.RatisPipelineProvider (RatisPipelineProvider.java:lambda$close$1(222)) - Send pipeline:PipelineID=912ce479-1254-4f62-8658-887d28601a48 close command to datanode 850b4870-9ae5-4bfa-bbd2-f1f242dff33d
2021-10-28 01:51:11,091 [EventQueue-DeadNodeForDeadNodeHandler] INFO  pipeline.PipelineStateManagerImpl (PipelineStateManagerImpl.java:removePipeline(223)) - Pipeline Pipeline[ Id: 912ce479-1254-4f62-8658-887d28601a48, Nodes: 850b4870-9ae5-4bfa-bbd2-f1f242dff33d{ip: 10.1.0.29, host: fv-az270-135.tacnzluakwdehk1hpragurqkma.bx.internal.cloudapp.net, ports: [REPLICATION=39677, RATIS=35637, RATIS_ADMIN=35637, RATIS_SERVER=35637, STANDALONE=41253], networkLocation: /default-rack, certSerialId: null, persistedOpState: IN_SERVICE, persistedOpStateExpiryEpochSec: 0}, ReplicationConfig: RATIS/ONE, State:CLOSED, leaderId:850b4870-9ae5-4bfa-bbd2-f1f242dff33d, CreationTimestamp2021-10-28T01:49:22.229Z[Etc/UTC]] removed.
2021-10-28 01:51:11,091 [EventQueue-DeadNodeForDeadNodeHandler] INFO  net.NetworkTopologyImpl (NetworkTopologyImpl.java:remove(137)) - Removed a node: /default-rack/850b4870-9ae5-4bfa-bbd2-f1f242dff33d
2021-10-28 01:51:11,190 [EventQueue-DeadNodeForDeadNodeHandler] INFO  node.DeadNodeHandler (DeadNodeHandler.java:onMessage(80)) - A dead datanode is detected. 6d544018-2462-4d7b-9c06-1f628f7d4bb3{ip: 10.1.0.29, host: fv-az270-135.tacnzluakwdehk1hpragurqkma.bx.internal.cloudapp.net, ports: [REPLICATION=41683, RATIS=46225, RATIS_ADMIN=46225, RATIS_SERVER=46225, STANDALONE=33603], networkLocation: /default-rack, certSerialId: null, persistedOpState: IN_SERVICE, persistedOpStateExpiryEpochSec: 0}
2021-10-28 01:51:11,190 [EventQueue-DeadNodeForDeadNodeHandler] INFO  pipeline.RatisPipelineProvider (RatisPipelineProvider.java:lambda$close$1(222)) - Send pipeline:PipelineID=f9ac2680-f782-496d-9a98-3b8b63793b5a close command to datanode 6d544018-2462-4d7b-9c06-1f628f7d4bb3
2021-10-28 01:51:11,190 [EventQueue-DeadNodeForDeadNodeHandler] INFO  pipeline.PipelineStateManagerImpl (PipelineStateManagerImpl.java:removePipeline(223)) - Pipeline Pipeline[ Id: f9ac2680-f782-496d-9a98-3b8b63793b5a, Nodes: 6d544018-2462-4d7b-9c06-1f628f7d4bb3{ip: 10.1.0.29, host: fv-az270-135.tacnzluakwdehk1hpragurqkma.bx.internal.cloudapp.net, ports: [REPLICATION=41683, RATIS=46225, RATIS_ADMIN=46225, RATIS_SERVER=46225, STANDALONE=33603], networkLocation: /default-rack, certSerialId: null, persistedOpState: IN_SERVICE, persistedOpStateExpiryEpochSec: 0}, ReplicationConfig: RATIS/ONE, State:CLOSED, leaderId:6d544018-2462-4d7b-9c06-1f628f7d4bb3, CreationTimestamp2021-10-28T01:49:24.594Z[Etc/UTC]] removed.
2021-10-28 01:51:11,191 [EventQueue-DeadNodeForDeadNodeHandler] INFO  net.NetworkTopologyImpl (NetworkTopologyImpl.java:remove(137)) - Removed a node: /default-rack/6d544018-2462-4d7b-9c06-1f628f7d4bb3
2021-10-28 01:51:19,355 [EventQueue-DeadNodeForDeadNodeHandler] INFO  node.DeadNodeHandler (DeadNodeHandler.java:onMessage(80)) - A dead datanode is detected. 31d6ae09-1bf4-4ff4-9532-94f29ed1392e{ip: 10.1.0.29, host: fv-az270-135.tacnzluakwdehk1hpragurqkma.bx.internal.cloudapp.net, ports: [REPLICATION=42011, RATIS=44047, RATIS_ADMIN=44047, RATIS_SERVER=44047, STANDALONE=32823], networkLocation: /default-rack, certSerialId: null, persistedOpState: IN_SERVICE, persistedOpStateExpiryEpochSec: 0}
2021-10-28 01:51:19,356 [EventQueue-DeadNodeForDeadNodeHandler] INFO  pipeline.RatisPipelineProvider (RatisPipelineProvider.java:lambda$close$1(222)) - Send pipeline:PipelineID=c99917bc-e8a7-4f12-abad-58a76e034b32 close command to datanode 31d6ae09-1bf4-4ff4-9532-94f29ed1392e
2021-10-28 01:51:19,356 [EventQueue-DeadNodeForDeadNodeHandler] INFO  pipeline.PipelineStateManagerImpl (PipelineStateManagerImpl.java:removePipeline(223)) - Pipeline Pipeline[ Id: c99917bc-e8a7-4f12-abad-58a76e034b32, Nodes: 31d6ae09-1bf4-4ff4-9532-94f29ed1392e{ip: 10.1.0.29, host: fv-az270-135.tacnzluakwdehk1hpragurqkma.bx.internal.cloudapp.net, ports: [REPLICATION=42011, RATIS=44047, RATIS_ADMIN=44047, RATIS_SERVER=44047, STANDALONE=32823], networkLocation: /default-rack, certSerialId: null, persistedOpState: IN_SERVICE, persistedOpStateExpiryEpochSec: 0}, ReplicationConfig: RATIS/ONE, State:CLOSED, leaderId:31d6ae09-1bf4-4ff4-9532-94f29ed1392e, CreationTimestamp2021-10-28T01:50:33.663Z[Etc/UTC]] removed.
2021-10-28 01:51:19,356 [EventQueue-DeadNodeForDeadNodeHandler] INFO  net.NetworkTopologyImpl (NetworkTopologyImpl.java:remove(137)) - Removed a node: /default-rack/31d6ae09-1bf4-4ff4-9532-94f29ed1392e
2021-10-28 01:52:33,668 [RatisPipelineUtilsThread - 0] ERROR scm.SCMCommonPlacementPolicy (SCMCommonPlacementPolicy.java:filterNodesWithSpace(171)) - Unable to find enough nodes that meet the space requirement of 1073741824 bytes for metadata and 5368709120 bytes for data in healthy node set. Required 3. Found 0.
]]></system-out>
    <system-err><![CDATA[Oct 28, 2021 1:49:23 AM org.apache.ratis.thirdparty.io.grpc.internal.ManagedChannelOrphanWrapper$ManagedChannelReference cleanQueue
SEVERE: *~*~*~ Channel ManagedChannelImpl{logId=520, target=10.1.0.29:33007} was not shutdown properly!!! ~*~*~*
    Make sure to call shutdown()/shutdownNow() and wait until awaitTermination() returns true.
java.lang.RuntimeException: ManagedChannel allocation site
	at org.apache.ratis.thirdparty.io.grpc.internal.ManagedChannelOrphanWrapper$ManagedChannelReference.<init>(ManagedChannelOrphanWrapper.java:93)
	at org.apache.ratis.thirdparty.io.grpc.internal.ManagedChannelOrphanWrapper.<init>(ManagedChannelOrphanWrapper.java:53)
	at org.apache.ratis.thirdparty.io.grpc.internal.ManagedChannelOrphanWrapper.<init>(ManagedChannelOrphanWrapper.java:44)
	at org.apache.ratis.thirdparty.io.grpc.internal.ManagedChannelImplBuilder.build(ManagedChannelImplBuilder.java:596)
	at org.apache.ratis.thirdparty.io.grpc.ForwardingChannelBuilder.build(ForwardingChannelBuilder.java:255)
	at org.apache.hadoop.hdds.scm.XceiverClientGrpc.connectToDatanode(XceiverClientGrpc.java:193)
	at org.apache.hadoop.hdds.scm.XceiverClientGrpc.connect(XceiverClientGrpc.java:142)
	at org.apache.hadoop.hdds.scm.XceiverClientManager$2.call(XceiverClientManager.java:237)
	at org.apache.hadoop.hdds.scm.XceiverClientManager$2.call(XceiverClientManager.java:221)
	at com.google.common.cache.LocalCache$LocalManualCache$1.load(LocalCache.java:4864)
	at com.google.common.cache.LocalCache$LoadingValueReference.loadFuture(LocalCache.java:3529)
	at com.google.common.cache.LocalCache$Segment.loadSync(LocalCache.java:2278)
	at com.google.common.cache.LocalCache$Segment.lockedGetOrLoad(LocalCache.java:2155)
	at com.google.common.cache.LocalCache$Segment.get(LocalCache.java:2045)
	at com.google.common.cache.LocalCache.get(LocalCache.java:3962)
	at com.google.common.cache.LocalCache$LocalManualCache.get(LocalCache.java:4859)
	at org.apache.hadoop.hdds.scm.XceiverClientManager.getClient(XceiverClientManager.java:221)
	at org.apache.hadoop.hdds.scm.XceiverClientManager.acquireClient(XceiverClientManager.java:165)
	at org.apache.hadoop.hdds.scm.XceiverClientManager.acquireClientForReadData(XceiverClientManager.java:154)
	at org.apache.hadoop.hdds.scm.storage.BlockInputStream.acquireClient(BlockInputStream.java:235)
	at org.apache.hadoop.hdds.scm.storage.BlockInputStream.getChunkInfos(BlockInputStream.java:209)
	at org.apache.hadoop.hdds.scm.storage.BlockInputStream.initialize(BlockInputStream.java:147)
	at org.apache.hadoop.hdds.scm.storage.BlockInputStream.readWithStrategy(BlockInputStream.java:294)
	at org.apache.hadoop.hdds.scm.storage.BlockInputStream.read(BlockInputStream.java:277)
	at org.apache.hadoop.hdds.scm.storage.ByteArrayReader.readFromBlock(ByteArrayReader.java:57)
	at org.apache.hadoop.ozone.client.io.KeyInputStream.readWithStrategy(KeyInputStream.java:262)
	at org.apache.hadoop.ozone.client.io.KeyInputStream.read(KeyInputStream.java:230)
	at org.apache.hadoop.ozone.client.io.OzoneInputStream.read(OzoneInputStream.java:55)
	at java.io.InputStream.read(InputStream.java:101)
	at org.apache.hadoop.ozone.container.TestHelper.validateData(TestHelper.java:146)
	at org.apache.hadoop.ozone.client.rpc.TestBlockOutputStreamWithFailures.validateData(TestBlockOutputStreamWithFailures.java:874)
	at org.apache.hadoop.ozone.client.rpc.TestBlockOutputStreamWithFailures.testDatanodeFailureWithPreAllocation(TestBlockOutputStreamWithFailures.java:857)
	at sun.reflect.NativeMethodAccessorImpl.invoke0(Native Method)
	at sun.reflect.NativeMethodAccessorImpl.invoke(NativeMethodAccessorImpl.java:62)
	at sun.reflect.DelegatingMethodAccessorImpl.invoke(DelegatingMethodAccessorImpl.java:43)
	at java.lang.reflect.Method.invoke(Method.java:498)
	at org.junit.runners.model.FrameworkMethod$1.runReflectiveCall(FrameworkMethod.java:59)
	at org.junit.internal.runners.model.ReflectiveCallable.run(ReflectiveCallable.java:12)
	at org.junit.runners.model.FrameworkMethod.invokeExplosively(FrameworkMethod.java:56)
	at org.junit.internal.runners.statements.InvokeMethod.evaluate(InvokeMethod.java:17)
	at org.junit.internal.runners.statements.RunBefores.evaluate(RunBefores.java:26)
	at org.junit.internal.runners.statements.RunAfters.evaluate(RunAfters.java:27)
	at org.junit.internal.runners.statements.FailOnTimeout$CallableStatement.call(FailOnTimeout.java:288)
	at org.junit.internal.runners.statements.FailOnTimeout$CallableStatement.call(FailOnTimeout.java:282)
	at java.util.concurrent.FutureTask.run(FutureTask.java:266)
	at java.lang.Thread.run(Thread.java:748)

Oct 28, 2021 1:49:23 AM org.apache.ratis.thirdparty.io.grpc.internal.ManagedChannelOrphanWrapper$ManagedChannelReference cleanQueue
SEVERE: *~*~*~ Channel ManagedChannelImpl{logId=500, target=10.1.0.29:40979} was not shutdown properly!!! ~*~*~*
    Make sure to call shutdown()/shutdownNow() and wait until awaitTermination() returns true.
java.lang.RuntimeException: ManagedChannel allocation site
	at org.apache.ratis.thirdparty.io.grpc.internal.ManagedChannelOrphanWrapper$ManagedChannelReference.<init>(ManagedChannelOrphanWrapper.java:93)
	at org.apache.ratis.thirdparty.io.grpc.internal.ManagedChannelOrphanWrapper.<init>(ManagedChannelOrphanWrapper.java:53)
	at org.apache.ratis.thirdparty.io.grpc.internal.ManagedChannelOrphanWrapper.<init>(ManagedChannelOrphanWrapper.java:44)
	at org.apache.ratis.thirdparty.io.grpc.internal.ManagedChannelImplBuilder.build(ManagedChannelImplBuilder.java:596)
	at org.apache.ratis.thirdparty.io.grpc.ForwardingChannelBuilder.build(ForwardingChannelBuilder.java:255)
	at org.apache.ratis.grpc.client.GrpcClientProtocolClient.buildChannel(GrpcClientProtocolClient.java:159)
	at org.apache.ratis.grpc.client.GrpcClientProtocolClient.<init>(GrpcClientProtocolClient.java:111)
	at org.apache.ratis.grpc.client.GrpcClientRpc.lambda$new$0(GrpcClientRpc.java:57)
	at org.apache.ratis.util.PeerProxyMap$PeerAndProxy.lambda$getProxy$0(PeerProxyMap.java:63)
	at org.apache.ratis.util.LifeCycle.startAndTransition(LifeCycle.java:270)
	at org.apache.ratis.util.PeerProxyMap$PeerAndProxy.getProxy(PeerProxyMap.java:62)
	at org.apache.ratis.util.PeerProxyMap.getProxy(PeerProxyMap.java:114)
	at org.apache.ratis.grpc.client.GrpcClientRpc.sendRequestAsync(GrpcClientRpc.java:67)
	at org.apache.ratis.client.impl.OrderedAsync.sendRequest(OrderedAsync.java:236)
	at org.apache.ratis.client.impl.OrderedAsync.sendRequestWithRetry(OrderedAsync.java:189)
	at org.apache.ratis.util.SlidingWindow$Client.sendOrDelayRequest(SlidingWindow.java:280)
	at org.apache.ratis.util.SlidingWindow$Client.submitNewRequest(SlidingWindow.java:259)
	at org.apache.ratis.client.impl.OrderedAsync.send(OrderedAsync.java:170)
	at org.apache.ratis.client.impl.OrderedAsync.newInstance(OrderedAsync.java:118)
	at org.apache.ratis.client.impl.RaftClientImpl.lambda$new$0(RaftClientImpl.java:162)
	at org.apache.ratis.util.MemoizedSupplier.get(MemoizedSupplier.java:62)
	at org.apache.ratis.client.impl.RaftClientImpl.getOrderedAsync(RaftClientImpl.java:215)
	at org.apache.ratis.client.impl.AsyncImpl.send(AsyncImpl.java:41)
	at org.apache.ratis.client.impl.AsyncImpl.send(AsyncImpl.java:46)
	at org.apache.hadoop.hdds.scm.XceiverClientRatis.lambda$sendRequestAsync$3(XceiverClientRatis.java:225)
	at org.apache.hadoop.hdds.tracing.TracingUtil.executeInNewSpan(TracingUtil.java:159)
	at org.apache.hadoop.hdds.scm.XceiverClientRatis.sendRequestAsync(XceiverClientRatis.java:210)
	at org.apache.hadoop.hdds.scm.XceiverClientRatis.sendCommandAsync(XceiverClientRatis.java:306)
	at org.apache.hadoop.hdds.scm.storage.ContainerProtocolCalls.writeChunkAsync(ContainerProtocolCalls.java:305)
	at org.apache.hadoop.hdds.scm.storage.BlockOutputStream.writeChunkToContainer(BlockOutputStream.java:658)
	at org.apache.hadoop.hdds.scm.storage.BlockOutputStream.writeChunk(BlockOutputStream.java:502)
	at org.apache.hadoop.hdds.scm.storage.BlockOutputStream.writeOnRetry(BlockOutputStream.java:306)
	at org.apache.hadoop.ozone.client.io.BlockOutputStreamEntry.writeOnRetry(BlockOutputStreamEntry.java:123)
	at org.apache.hadoop.ozone.client.io.KeyOutputStream.writeToOutputStream(KeyOutputStream.java:253)
	at org.apache.hadoop.ozone.client.io.KeyOutputStream.handleWrite(KeyOutputStream.java:233)
	at org.apache.hadoop.ozone.client.io.KeyOutputStream.handleRetry(KeyOutputStream.java:415)
	at org.apache.hadoop.ozone.client.io.KeyOutputStream.handleException(KeyOutputStream.java:360)
	at org.apache.hadoop.ozone.client.io.KeyOutputStream.handleFlushOrClose(KeyOutputStream.java:471)
	at org.apache.hadoop.ozone.client.io.KeyOutputStream.handleWrite(KeyOutputStream.java:237)
	at org.apache.hadoop.ozone.client.io.KeyOutputStream.write(KeyOutputStream.java:213)
	at org.apache.hadoop.ozone.client.io.OzoneOutputStream.write(OzoneOutputStream.java:50)
	at java.io.OutputStream.write(OutputStream.java:75)
	at org.apache.hadoop.ozone.client.rpc.TestBlockOutputStreamWithFailures.testDatanodeFailureWithPreAllocation(TestBlockOutputStreamWithFailures.java:835)
	at sun.reflect.NativeMethodAccessorImpl.invoke0(Native Method)
	at sun.reflect.NativeMethodAccessorImpl.invoke(NativeMethodAccessorImpl.java:62)
	at sun.reflect.DelegatingMethodAccessorImpl.invoke(DelegatingMethodAccessorImpl.java:43)
	at java.lang.reflect.Method.invoke(Method.java:498)
	at org.junit.runners.model.FrameworkMethod$1.runReflectiveCall(FrameworkMethod.java:59)
	at org.junit.internal.runners.model.ReflectiveCallable.run(ReflectiveCallable.java:12)
	at org.junit.runners.model.FrameworkMethod.invokeExplosively(FrameworkMethod.java:56)
	at org.junit.internal.runners.statements.InvokeMethod.evaluate(InvokeMethod.java:17)
	at org.junit.internal.runners.statements.RunBefores.evaluate(RunBefores.java:26)
	at org.junit.internal.runners.statements.RunAfters.evaluate(RunAfters.java:27)
	at org.junit.internal.runners.statements.FailOnTimeout$CallableStatement.call(FailOnTimeout.java:288)
	at org.junit.internal.runners.statements.FailOnTimeout$CallableStatement.call(FailOnTimeout.java:282)
	at java.util.concurrent.FutureTask.run(FutureTask.java:266)
	at java.lang.Thread.run(Thread.java:748)

Oct 28, 2021 1:49:23 AM org.apache.ratis.thirdparty.io.grpc.internal.ManagedChannelOrphanWrapper$ManagedChannelReference cleanQueue
SEVERE: *~*~*~ Channel ManagedChannelImpl{logId=244, target=10.1.0.29:44471} was not shutdown properly!!! ~*~*~*
    Make sure to call shutdown()/shutdownNow() and wait until awaitTermination() returns true.
java.lang.RuntimeException: ManagedChannel allocation site
	at org.apache.ratis.thirdparty.io.grpc.internal.ManagedChannelOrphanWrapper$ManagedChannelReference.<init>(ManagedChannelOrphanWrapper.java:93)
	at org.apache.ratis.thirdparty.io.grpc.internal.ManagedChannelOrphanWrapper.<init>(ManagedChannelOrphanWrapper.java:53)
	at org.apache.ratis.thirdparty.io.grpc.internal.ManagedChannelOrphanWrapper.<init>(ManagedChannelOrphanWrapper.java:44)
	at org.apache.ratis.thirdparty.io.grpc.internal.ManagedChannelImplBuilder.build(ManagedChannelImplBuilder.java:596)
	at org.apache.ratis.thirdparty.io.grpc.ForwardingChannelBuilder.build(ForwardingChannelBuilder.java:255)
	at org.apache.hadoop.hdds.scm.XceiverClientGrpc.connectToDatanode(XceiverClientGrpc.java:193)
	at org.apache.hadoop.hdds.scm.XceiverClientGrpc.connect(XceiverClientGrpc.java:142)
	at org.apache.hadoop.hdds.scm.XceiverClientManager$2.call(XceiverClientManager.java:237)
	at org.apache.hadoop.hdds.scm.XceiverClientManager$2.call(XceiverClientManager.java:221)
	at com.google.common.cache.LocalCache$LocalManualCache$1.load(LocalCache.java:4864)
	at com.google.common.cache.LocalCache$LoadingValueReference.loadFuture(LocalCache.java:3529)
	at com.google.common.cache.LocalCache$Segment.loadSync(LocalCache.java:2278)
	at com.google.common.cache.LocalCache$Segment.lockedGetOrLoad(LocalCache.java:2155)
	at com.google.common.cache.LocalCache$Segment.get(LocalCache.java:2045)
	at com.google.common.cache.LocalCache.get(LocalCache.java:3962)
	at com.google.common.cache.LocalCache$LocalManualCache.get(LocalCache.java:4859)
	at org.apache.hadoop.hdds.scm.XceiverClientManager.getClient(XceiverClientManager.java:221)
	at org.apache.hadoop.hdds.scm.XceiverClientManager.acquireClient(XceiverClientManager.java:165)
	at org.apache.hadoop.hdds.scm.XceiverClientManager.acquireClientForReadData(XceiverClientManager.java:154)
	at org.apache.hadoop.hdds.scm.storage.BlockInputStream.acquireClient(BlockInputStream.java:235)
	at org.apache.hadoop.hdds.scm.storage.BlockInputStream.getChunkInfos(BlockInputStream.java:209)
	at org.apache.hadoop.hdds.scm.storage.BlockInputStream.initialize(BlockInputStream.java:147)
	at org.apache.hadoop.hdds.scm.storage.BlockInputStream.readWithStrategy(BlockInputStream.java:294)
	at org.apache.hadoop.hdds.scm.storage.BlockInputStream.read(BlockInputStream.java:277)
	at org.apache.hadoop.hdds.scm.storage.ByteArrayReader.readFromBlock(ByteArrayReader.java:57)
	at org.apache.hadoop.ozone.client.io.KeyInputStream.readWithStrategy(KeyInputStream.java:262)
	at org.apache.hadoop.ozone.client.io.KeyInputStream.read(KeyInputStream.java:230)
	at org.apache.hadoop.ozone.client.io.OzoneInputStream.read(OzoneInputStream.java:55)
	at java.io.InputStream.read(InputStream.java:101)
	at org.apache.hadoop.ozone.container.TestHelper.validateData(TestHelper.java:146)
	at org.apache.hadoop.ozone.client.rpc.TestBlockOutputStreamWithFailures.validateData(TestBlockOutputStreamWithFailures.java:874)
	at org.apache.hadoop.ozone.client.rpc.TestBlockOutputStreamWithFailures.test2DatanodesFailure(TestBlockOutputStreamWithFailures.java:448)
	at sun.reflect.NativeMethodAccessorImpl.invoke0(Native Method)
	at sun.reflect.NativeMethodAccessorImpl.invoke(NativeMethodAccessorImpl.java:62)
	at sun.reflect.DelegatingMethodAccessorImpl.invoke(DelegatingMethodAccessorImpl.java:43)
	at java.lang.reflect.Method.invoke(Method.java:498)
	at org.junit.runners.model.FrameworkMethod$1.runReflectiveCall(FrameworkMethod.java:59)
	at org.junit.internal.runners.model.ReflectiveCallable.run(ReflectiveCallable.java:12)
	at org.junit.runners.model.FrameworkMethod.invokeExplosively(FrameworkMethod.java:56)
	at org.junit.internal.runners.statements.InvokeMethod.evaluate(InvokeMethod.java:17)
	at org.junit.internal.runners.statements.RunBefores.evaluate(RunBefores.java:26)
	at org.junit.internal.runners.statements.RunAfters.evaluate(RunAfters.java:27)
	at org.junit.internal.runners.statements.FailOnTimeout$CallableStatement.call(FailOnTimeout.java:288)
	at org.junit.internal.runners.statements.FailOnTimeout$CallableStatement.call(FailOnTimeout.java:282)
	at java.util.concurrent.FutureTask.run(FutureTask.java:266)
	at java.lang.Thread.run(Thread.java:748)

Oct 28, 2021 1:49:23 AM org.apache.ratis.thirdparty.io.grpc.internal.ManagedChannelOrphanWrapper$ManagedChannelReference cleanQueue
SEVERE: *~*~*~ Channel ManagedChannelImpl{logId=525, target=10.1.0.29:33259} was not shutdown properly!!! ~*~*~*
    Make sure to call shutdown()/shutdownNow() and wait until awaitTermination() returns true.
java.lang.RuntimeException: ManagedChannel allocation site
	at org.apache.ratis.thirdparty.io.grpc.internal.ManagedChannelOrphanWrapper$ManagedChannelReference.<init>(ManagedChannelOrphanWrapper.java:93)
	at org.apache.ratis.thirdparty.io.grpc.internal.ManagedChannelOrphanWrapper.<init>(ManagedChannelOrphanWrapper.java:53)
	at org.apache.ratis.thirdparty.io.grpc.internal.ManagedChannelOrphanWrapper.<init>(ManagedChannelOrphanWrapper.java:44)
	at org.apache.ratis.thirdparty.io.grpc.internal.ManagedChannelImplBuilder.build(ManagedChannelImplBuilder.java:596)
	at org.apache.ratis.thirdparty.io.grpc.ForwardingChannelBuilder.build(ForwardingChannelBuilder.java:255)
	at org.apache.hadoop.hdds.scm.XceiverClientGrpc.connectToDatanode(XceiverClientGrpc.java:193)
	at org.apache.hadoop.hdds.scm.XceiverClientGrpc.connect(XceiverClientGrpc.java:142)
	at org.apache.hadoop.hdds.scm.XceiverClientManager$2.call(XceiverClientManager.java:237)
	at org.apache.hadoop.hdds.scm.XceiverClientManager$2.call(XceiverClientManager.java:221)
	at com.google.common.cache.LocalCache$LocalManualCache$1.load(LocalCache.java:4864)
	at com.google.common.cache.LocalCache$LoadingValueReference.loadFuture(LocalCache.java:3529)
	at com.google.common.cache.LocalCache$Segment.loadSync(LocalCache.java:2278)
	at com.google.common.cache.LocalCache$Segment.lockedGetOrLoad(LocalCache.java:2155)
	at com.google.common.cache.LocalCache$Segment.get(LocalCache.java:2045)
	at com.google.common.cache.LocalCache.get(LocalCache.java:3962)
	at com.google.common.cache.LocalCache$LocalManualCache.get(LocalCache.java:4859)
	at org.apache.hadoop.hdds.scm.XceiverClientManager.getClient(XceiverClientManager.java:221)
	at org.apache.hadoop.hdds.scm.XceiverClientManager.acquireClient(XceiverClientManager.java:165)
	at org.apache.hadoop.hdds.scm.XceiverClientManager.acquireClientForReadData(XceiverClientManager.java:154)
	at org.apache.hadoop.hdds.scm.storage.BlockInputStream.acquireClient(BlockInputStream.java:235)
	at org.apache.hadoop.hdds.scm.storage.BlockInputStream.getChunkInfos(BlockInputStream.java:209)
	at org.apache.hadoop.hdds.scm.storage.BlockInputStream.initialize(BlockInputStream.java:147)
	at org.apache.hadoop.hdds.scm.storage.BlockInputStream.readWithStrategy(BlockInputStream.java:294)
	at org.apache.hadoop.hdds.scm.storage.BlockInputStream.read(BlockInputStream.java:277)
	at org.apache.hadoop.hdds.scm.storage.ByteArrayReader.readFromBlock(ByteArrayReader.java:57)
	at org.apache.hadoop.ozone.client.io.KeyInputStream.readWithStrategy(KeyInputStream.java:262)
	at org.apache.hadoop.ozone.client.io.KeyInputStream.read(KeyInputStream.java:230)
	at org.apache.hadoop.ozone.client.io.OzoneInputStream.read(OzoneInputStream.java:55)
	at java.io.InputStream.read(InputStream.java:101)
	at org.apache.hadoop.ozone.container.TestHelper.validateData(TestHelper.java:146)
	at org.apache.hadoop.ozone.client.rpc.TestBlockOutputStreamWithFailures.validateData(TestBlockOutputStreamWithFailures.java:874)
	at org.apache.hadoop.ozone.client.rpc.TestBlockOutputStreamWithFailures.testDatanodeFailureWithPreAllocation(TestBlockOutputStreamWithFailures.java:857)
	at sun.reflect.NativeMethodAccessorImpl.invoke0(Native Method)
	at sun.reflect.NativeMethodAccessorImpl.invoke(NativeMethodAccessorImpl.java:62)
	at sun.reflect.DelegatingMethodAccessorImpl.invoke(DelegatingMethodAccessorImpl.java:43)
	at java.lang.reflect.Method.invoke(Method.java:498)
	at org.junit.runners.model.FrameworkMethod$1.runReflectiveCall(FrameworkMethod.java:59)
	at org.junit.internal.runners.model.ReflectiveCallable.run(ReflectiveCallable.java:12)
	at org.junit.runners.model.FrameworkMethod.invokeExplosively(FrameworkMethod.java:56)
	at org.junit.internal.runners.statements.InvokeMethod.evaluate(InvokeMethod.java:17)
	at org.junit.internal.runners.statements.RunBefores.evaluate(RunBefores.java:26)
	at org.junit.internal.runners.statements.RunAfters.evaluate(RunAfters.java:27)
	at org.junit.internal.runners.statements.FailOnTimeout$CallableStatement.call(FailOnTimeout.java:288)
	at org.junit.internal.runners.statements.FailOnTimeout$CallableStatement.call(FailOnTimeout.java:282)
	at java.util.concurrent.FutureTask.run(FutureTask.java:266)
	at java.lang.Thread.run(Thread.java:748)

Oct 28, 2021 1:49:23 AM org.apache.ratis.thirdparty.io.grpc.internal.ManagedChannelOrphanWrapper$ManagedChannelReference cleanQueue
SEVERE: *~*~*~ Channel ManagedChannelImpl{logId=238, target=10.1.0.29:41705} was not shutdown properly!!! ~*~*~*
    Make sure to call shutdown()/shutdownNow() and wait until awaitTermination() returns true.
java.lang.RuntimeException: ManagedChannel allocation site
	at org.apache.ratis.thirdparty.io.grpc.internal.ManagedChannelOrphanWrapper$ManagedChannelReference.<init>(ManagedChannelOrphanWrapper.java:93)
	at org.apache.ratis.thirdparty.io.grpc.internal.ManagedChannelOrphanWrapper.<init>(ManagedChannelOrphanWrapper.java:53)
	at org.apache.ratis.thirdparty.io.grpc.internal.ManagedChannelOrphanWrapper.<init>(ManagedChannelOrphanWrapper.java:44)
	at org.apache.ratis.thirdparty.io.grpc.internal.ManagedChannelImplBuilder.build(ManagedChannelImplBuilder.java:596)
	at org.apache.ratis.thirdparty.io.grpc.ForwardingChannelBuilder.build(ForwardingChannelBuilder.java:255)
	at org.apache.ratis.grpc.client.GrpcClientProtocolClient.buildChannel(GrpcClientProtocolClient.java:159)
	at org.apache.ratis.grpc.client.GrpcClientProtocolClient.<init>(GrpcClientProtocolClient.java:111)
	at org.apache.ratis.grpc.client.GrpcClientRpc.lambda$new$0(GrpcClientRpc.java:57)
	at org.apache.ratis.util.PeerProxyMap$PeerAndProxy.lambda$getProxy$0(PeerProxyMap.java:63)
	at org.apache.ratis.util.LifeCycle.startAndTransition(LifeCycle.java:270)
	at org.apache.ratis.util.PeerProxyMap$PeerAndProxy.getProxy(PeerProxyMap.java:62)
	at org.apache.ratis.util.PeerProxyMap.getProxy(PeerProxyMap.java:114)
	at org.apache.ratis.grpc.client.GrpcClientRpc.sendRequestAsync(GrpcClientRpc.java:67)
	at org.apache.ratis.client.impl.OrderedAsync.sendRequest(OrderedAsync.java:236)
	at org.apache.ratis.client.impl.OrderedAsync.sendRequestWithRetry(OrderedAsync.java:189)
	at org.apache.ratis.util.SlidingWindow$Client.sendOrDelayRequest(SlidingWindow.java:280)
	at org.apache.ratis.util.SlidingWindow$Client.submitNewRequest(SlidingWindow.java:259)
	at org.apache.ratis.client.impl.OrderedAsync.send(OrderedAsync.java:170)
	at org.apache.ratis.client.impl.OrderedAsync.newInstance(OrderedAsync.java:118)
	at org.apache.ratis.client.impl.RaftClientImpl.lambda$new$0(RaftClientImpl.java:162)
	at org.apache.ratis.util.MemoizedSupplier.get(MemoizedSupplier.java:62)
	at org.apache.ratis.client.impl.RaftClientImpl.getOrderedAsync(RaftClientImpl.java:215)
	at org.apache.ratis.client.impl.AsyncImpl.send(AsyncImpl.java:41)
	at org.apache.ratis.client.impl.AsyncImpl.send(AsyncImpl.java:46)
	at org.apache.hadoop.hdds.scm.XceiverClientRatis.lambda$sendRequestAsync$3(XceiverClientRatis.java:225)
	at org.apache.hadoop.hdds.tracing.TracingUtil.executeInNewSpan(TracingUtil.java:159)
	at org.apache.hadoop.hdds.scm.XceiverClientRatis.sendRequestAsync(XceiverClientRatis.java:210)
	at org.apache.hadoop.hdds.scm.XceiverClientRatis.sendCommandAsync(XceiverClientRatis.java:306)
	at org.apache.hadoop.hdds.scm.storage.ContainerProtocolCalls.writeChunkAsync(ContainerProtocolCalls.java:305)
	at org.apache.hadoop.hdds.scm.storage.BlockOutputStream.writeChunkToContainer(BlockOutputStream.java:658)
	at org.apache.hadoop.hdds.scm.storage.BlockOutputStream.writeChunk(BlockOutputStream.java:502)
	at org.apache.hadoop.hdds.scm.storage.BlockOutputStream.writeOnRetry(BlockOutputStream.java:306)
	at org.apache.hadoop.ozone.client.io.BlockOutputStreamEntry.writeOnRetry(BlockOutputStreamEntry.java:123)
	at org.apache.hadoop.ozone.client.io.KeyOutputStream.writeToOutputStream(KeyOutputStream.java:253)
	at org.apache.hadoop.ozone.client.io.KeyOutputStream.handleWrite(KeyOutputStream.java:233)
	at org.apache.hadoop.ozone.client.io.KeyOutputStream.handleRetry(KeyOutputStream.java:415)
	at org.apache.hadoop.ozone.client.io.KeyOutputStream.handleException(KeyOutputStream.java:360)
	at org.apache.hadoop.ozone.client.io.KeyOutputStream.handleFlushOrClose(KeyOutputStream.java:471)
	at org.apache.hadoop.ozone.client.io.KeyOutputStream.handleWrite(KeyOutputStream.java:237)
	at org.apache.hadoop.ozone.client.io.KeyOutputStream.write(KeyOutputStream.java:213)
	at org.apache.hadoop.ozone.client.io.OzoneOutputStream.write(OzoneOutputStream.java:50)
	at java.io.OutputStream.write(OutputStream.java:75)
	at org.apache.hadoop.ozone.client.rpc.TestBlockOutputStreamWithFailures.test2DatanodesFailure(TestBlockOutputStreamWithFailures.java:414)
	at sun.reflect.NativeMethodAccessorImpl.invoke0(Native Method)
	at sun.reflect.NativeMethodAccessorImpl.invoke(NativeMethodAccessorImpl.java:62)
	at sun.reflect.DelegatingMethodAccessorImpl.invoke(DelegatingMethodAccessorImpl.java:43)
	at java.lang.reflect.Method.invoke(Method.java:498)
	at org.junit.runners.model.FrameworkMethod$1.runReflectiveCall(FrameworkMethod.java:59)
	at org.junit.internal.runners.model.ReflectiveCallable.run(ReflectiveCallable.java:12)
	at org.junit.runners.model.FrameworkMethod.invokeExplosively(FrameworkMethod.java:56)
	at org.junit.internal.runners.statements.InvokeMethod.evaluate(InvokeMethod.java:17)
	at org.junit.internal.runners.statements.RunBefores.evaluate(RunBefores.java:26)
	at org.junit.internal.runners.statements.RunAfters.evaluate(RunAfters.java:27)
	at org.junit.internal.runners.statements.FailOnTimeout$CallableStatement.call(FailOnTimeout.java:288)
	at org.junit.internal.runners.statements.FailOnTimeout$CallableStatement.call(FailOnTimeout.java:282)
	at java.util.concurrent.FutureTask.run(FutureTask.java:266)
	at java.lang.Thread.run(Thread.java:748)

]]></system-err>
  </testcase>
  <testcase name="testWatchForCommitDatanodeFailure" classname="org.apache.hadoop.ozone.client.rpc.TestBlockOutputStreamWithFailures" time="85.007"/>
  <testcase name="testContainerClose" classname="org.apache.hadoop.ozone.client.rpc.TestBlockOutputStreamWithFailures" time="100.36"/>
</testsuite>