<?xml version="1.0" encoding="UTF-8"?>
<testsuite xmlns:xsi="http://www.w3.org/2001/XMLSchema-instance" xsi:noNamespaceSchemaLocation="https://maven.apache.org/surefire/maven-surefire-plugin/xsd/surefire-test-report-3.0.xsd" version="3.0" name="org.apache.hadoop.ozone.client.rpc.TestWatchForCommit" time="72.883" tests="2" errors="0" skipped="0" failures="0">
  <properties>
    <property name="java.specification.version" value="17"/>
    <property name="sun.jnu.encoding" value="UTF-8"/>
    <property name="gradle.enterprise.listener.surefire.forkId" value="1"/>
    <property name="java.class.path" value="/home/runner/work/ozone/ozone/hadoop-ozone/integration-test/target/test-classes:/home/runner/work/ozone/ozone/hadoop-ozone/integration-test/target/classes:/home/runner/work/ozone/ozone/hadoop-ozone/common/target/classes:/home/runner/.m2/repository/io/grpc/grpc-netty/1.58.0/grpc-netty-1.58.0.jar:/home/runner/.m2/repository/io/grpc/grpc-core/1.58.0/grpc-core-1.58.0.jar:/home/runner/.m2/repository/com/google/android/annotations/4.1.1.4/annotations-4.1.1.4.jar:/home/runner/.m2/repository/org/codehaus/mojo/animal-sniffer-annotations/1.23/animal-sniffer-annotations-1.23.jar:/home/runner/.m2/repository/io/grpc/grpc-context/1.58.0/grpc-context-1.58.0.jar:/home/runner/.m2/repository/io/grpc/grpc-util/1.58.0/grpc-util-1.58.0.jar:/home/runner/.m2/repository/com/google/errorprone/error_prone_annotations/2.2.0/error_prone_annotations-2.2.0.jar:/home/runner/.m2/repository/io/perfmark/perfmark-api/0.26.0/perfmark-api-0.26.0.jar:/home/runner/.m2/repository/io/netty/netty-codec-http2/4.1.100.Final/netty-codec-http2-4.1.100.Final.jar:/home/runner/.m2/repository/io/netty/netty-common/4.1.100.Final/netty-common-4.1.100.Final.jar:/home/runner/.m2/repository/io/netty/netty-buffer/4.1.100.Final/netty-buffer-4.1.100.Final.jar:/home/runner/.m2/repository/io/netty/netty-codec-http/4.1.100.Final/netty-codec-http-4.1.100.Final.jar:/home/runner/.m2/repository/io/netty/netty-handler-proxy/4.1.100.Final/netty-handler-proxy-4.1.100.Final.jar:/home/runner/.m2/repository/io/netty/netty-codec-socks/4.1.100.Final/netty-codec-socks-4.1.100.Final.jar:/home/runner/.m2/repository/io/netty/netty-tcnative-boringssl-static/2.0.61.Final/netty-tcnative-boringssl-static-2.0.61.Final.jar:/home/runner/.m2/repository/io/netty/netty-tcnative-classes/2.0.61.Final/netty-tcnative-classes-2.0.61.Final.jar:/home/runner/.m2/repository/io/netty/netty-tcnative-boringssl-static/2.0.61.Final/netty-tcnative-boringssl-static-2.0.61.Final-linux-x86_64.jar:/home/runner/.m2/repository/io/netty/netty-tcnative-boringssl-static/2.0.61.Final/netty-tcnative-boringssl-static-2.0.61.Final-linux-aarch_64.jar:/home/runner/.m2/repository/io/netty/netty-tcnative-boringssl-static/2.0.61.Final/netty-tcnative-boringssl-static-2.0.61.Final-osx-x86_64.jar:/home/runner/.m2/repository/io/netty/netty-tcnative-boringssl-static/2.0.61.Final/netty-tcnative-boringssl-static-2.0.61.Final-osx-aarch_64.jar:/home/runner/.m2/repository/io/netty/netty-tcnative-boringssl-static/2.0.61.Final/netty-tcnative-boringssl-static-2.0.61.Final-windows-x86_64.jar:/home/runner/.m2/repository/org/apache/commons/commons-compress/1.26.0/commons-compress-1.26.0.jar:/home/runner/work/ozone/ozone/hadoop-hdds/common/target/classes:/home/runner/work/ozone/ozone/hadoop-hdds/client/target/classes:/home/runner/work/ozone/ozone/hadoop-ozone/interface-client/target/classes:/home/runner/.m2/repository/org/apache/hadoop/hadoop-hdfs-client/3.3.6/hadoop-hdfs-client-3.3.6.jar:/home/runner/.m2/repository/com/squareup/okhttp3/okhttp/4.12.0/okhttp-4.12.0.jar:/home/runner/.m2/repository/com/squareup/okio/okio/3.6.0/okio-3.6.0.jar:/home/runner/.m2/repository/com/squareup/okio/okio-jvm/3.6.0/okio-jvm-3.6.0.jar:/home/runner/.m2/repository/org/jetbrains/kotlin/kotlin-stdlib-jdk8/1.9.22/kotlin-stdlib-jdk8-1.9.22.jar:/home/runner/.m2/repository/org/jetbrains/kotlin/kotlin-stdlib-jdk7/1.9.22/kotlin-stdlib-jdk7-1.9.22.jar:/home/runner/.m2/repository/org/jetbrains/kotlin/kotlin-stdlib-common/1.9.22/kotlin-stdlib-common-1.9.22.jar:/home/runner/work/ozone/ozone/hadoop-hdds/test-utils/target/classes:/home/runner/.m2/repository/org/assertj/assertj-core/3.12.2/assertj-core-3.12.2.jar:/home/runner/.m2/repository/com/google/guava/guava/32.0.0-jre/guava-32.0.0-jre.jar:/home/runner/.m2/repository/com/google/guava/failureaccess/1.0.1/failureaccess-1.0.1.jar:/home/runner/.m2/repository/com/google/guava/listenablefuture/9999.0-empty-to-avoid-conflict-with-guava/listenablefuture-9999.0-empty-to-avoid-conflict-with-guava.jar:/home/runner/.m2/repository/org/checkerframework/checker-qual/3.33.0/checker-qual-3.33.0.jar:/home/runner/.m2/repository/com/google/j2objc/j2objc-annotations/2.8/j2objc-annotations-2.8.jar:/home/runner/.m2/repository/commons-io/commons-io/2.16.1/commons-io-2.16.1.jar:/home/runner/.m2/repository/commons-logging/commons-logging/1.2/commons-logging-1.2.jar:/home/runner/.m2/repository/org/junit/jupiter/junit-jupiter-api/5.10.2/junit-jupiter-api-5.10.2.jar:/home/runner/.m2/repository/org/opentest4j/opentest4j/1.3.0/opentest4j-1.3.0.jar:/home/runner/.m2/repository/org/junit/platform/junit-platform-commons/1.10.2/junit-platform-commons-1.10.2.jar:/home/runner/.m2/repository/ch/qos/reload4j/reload4j/1.2.25/reload4j-1.2.25.jar:/home/runner/.m2/repository/jakarta/annotation/jakarta.annotation-api/2.1.1/jakarta.annotation-api-2.1.1.jar:/home/runner/.m2/repository/org/slf4j/slf4j-api/2.0.12/slf4j-api-2.0.12.jar:/home/runner/.m2/repository/org/apache/logging/log4j/log4j-api/2.17.1/log4j-api-2.17.1.jar:/home/runner/work/ozone/ozone/hadoop-hdds/server-scm/target/classes:/home/runner/.m2/repository/com/google/protobuf/protobuf-java/2.5.0/protobuf-java-2.5.0.jar:/home/runner/work/ozone/ozone/hadoop-hdds/container-service/target/classes:/home/runner/work/ozone/ozone/hadoop-hdds/hadoop-dependency-server/target/classes:/home/runner/.m2/repository/com/nimbusds/nimbus-jose-jwt/9.37.2/nimbus-jose-jwt-9.37.2.jar:/home/runner/.m2/repository/com/github/stephenc/jcip/jcip-annotations/1.0-1/jcip-annotations-1.0-1.jar:/home/runner/.m2/repository/org/apache/hadoop/hadoop-hdfs/3.3.6/hadoop-hdfs-3.3.6.jar:/home/runner/.m2/repository/commons-daemon/commons-daemon/1.3.4/commons-daemon-1.3.4.jar:/home/runner/.m2/repository/org/xerial/snappy/snappy-java/1.1.10.5/snappy-java-1.1.10.5.jar:/home/runner/work/ozone/ozone/hadoop-hdds/framework/target/classes:/home/runner/.m2/repository/org/bouncycastle/bcprov-jdk18on/1.77/bcprov-jdk18on-1.77.jar:/home/runner/.m2/repository/io/dropwizard/metrics/metrics-core/3.2.4/metrics-core-3.2.4.jar:/home/runner/.m2/repository/org/apache/commons/commons-text/1.11.0/commons-text-1.11.0.jar:/home/runner/work/ozone/ozone/hadoop-hdds/framework/target/test-classes:/home/runner/work/ozone/ozone/hadoop-hdds/interface-server/target/classes:/home/runner/work/ozone/ozone/hadoop-hdds/interface-admin/target/classes:/home/runner/work/ozone/ozone/hadoop-hdds/managed-rocksdb/target/classes:/home/runner/.m2/repository/org/rocksdb/rocksdbjni/7.7.3/rocksdbjni-7.7.3.jar:/home/runner/.m2/repository/org/slf4j/slf4j-reload4j/2.0.12/slf4j-reload4j-2.0.12.jar:/home/runner/.m2/repository/org/apache/commons/commons-configuration2/2.10.1/commons-configuration2-2.10.1.jar:/home/runner/.m2/repository/commons-fileupload/commons-fileupload/1.5/commons-fileupload-1.5.jar:/home/runner/.m2/repository/org/apache/logging/log4j/log4j-core/2.17.1/log4j-core-2.17.1.jar:/home/runner/.m2/repository/com/lmax/disruptor/3.4.4/disruptor-3.4.4.jar:/home/runner/.m2/repository/org/eclipse/jetty/jetty-util/9.4.53.v20231009/jetty-util-9.4.53.v20231009.jar:/home/runner/.m2/repository/org/eclipse/jetty/jetty-server/9.4.53.v20231009/jetty-server-9.4.53.v20231009.jar:/home/runner/.m2/repository/org/eclipse/jetty/jetty-http/9.4.53.v20231009/jetty-http-9.4.53.v20231009.jar:/home/runner/.m2/repository/org/eclipse/jetty/jetty-io/9.4.53.v20231009/jetty-io-9.4.53.v20231009.jar:/home/runner/.m2/repository/org/eclipse/jetty/jetty-servlet/9.4.53.v20231009/jetty-servlet-9.4.53.v20231009.jar:/home/runner/.m2/repository/org/eclipse/jetty/jetty-security/9.4.53.v20231009/jetty-security-9.4.53.v20231009.jar:/home/runner/.m2/repository/org/eclipse/jetty/jetty-util-ajax/9.4.53.v20231009/jetty-util-ajax-9.4.53.v20231009.jar:/home/runner/.m2/repository/org/eclipse/jetty/jetty-webapp/9.4.53.v20231009/jetty-webapp-9.4.53.v20231009.jar:/home/runner/.m2/repository/org/eclipse/jetty/jetty-xml/9.4.53.v20231009/jetty-xml-9.4.53.v20231009.jar:/home/runner/.m2/repository/org/apache/ratis/ratis-server/3.0.1/ratis-server-3.0.1.jar:/home/runner/.m2/repository/org/apache/ratis/ratis-thirdparty-misc/1.0.5/ratis-thirdparty-misc-1.0.5.jar:/home/runner/.m2/repository/org/apache/ratis/ratis-proto/3.0.1/ratis-proto-3.0.1.jar:/home/runner/.m2/repository/org/apache/ratis/ratis-common/3.0.1/ratis-common-3.0.1.jar:/home/runner/.m2/repository/org/apache/ratis/ratis-client/3.0.1/ratis-client-3.0.1.jar:/home/runner/.m2/repository/org/apache/ratis/ratis-server-api/3.0.1/ratis-server-api-3.0.1.jar:/home/runner/.m2/repository/org/apache/ratis/ratis-metrics-api/3.0.1/ratis-metrics-api-3.0.1.jar:/home/runner/.m2/repository/org/apache/ratis/ratis-metrics-dropwizard3/3.0.1/ratis-metrics-dropwizard3-3.0.1.jar:/home/runner/.m2/repository/io/prometheus/simpleclient_dropwizard/0.16.0/simpleclient_dropwizard-0.16.0.jar:/home/runner/.m2/repository/io/prometheus/simpleclient/0.16.0/simpleclient-0.16.0.jar:/home/runner/.m2/repository/io/prometheus/simpleclient_common/0.16.0/simpleclient_common-0.16.0.jar:/home/runner/.m2/repository/com/fasterxml/jackson/datatype/jackson-datatype-jsr310/2.16.1/jackson-datatype-jsr310-2.16.1.jar:/home/runner/.m2/repository/com/fasterxml/jackson/core/jackson-core/2.16.1/jackson-core-2.16.1.jar:/home/runner/work/ozone/ozone/hadoop-hdds/rocksdb-checkpoint-differ/target/classes:/home/runner/.m2/repository/org/jgrapht/jgrapht-core/1.4.0/jgrapht-core-1.4.0.jar:/home/runner/.m2/repository/org/jheaps/jheaps/0.11/jheaps-0.11.jar:/home/runner/.m2/repository/org/jgrapht/jgrapht-ext/1.4.0/jgrapht-ext-1.4.0.jar:/home/runner/.m2/repository/com/github/vlsi/mxgraph/jgraphx/3.9.8.1/jgraphx-3.9.8.1.jar:/home/runner/work/ozone/ozone/hadoop-ozone/ozone-manager/target/classes:/home/runner/.m2/repository/org/aspectj/aspectjrt/1.9.7/aspectjrt-1.9.7.jar:/home/runner/.m2/repository/org/aspectj/aspectjweaver/1.9.7/aspectjweaver-1.9.7.jar:/home/runner/work/ozone/ozone/hadoop-hdds/interface-client/target/classes:/home/runner/.m2/repository/org/apache/hadoop/thirdparty/hadoop-shaded-protobuf_3_7/1.1.1/hadoop-shaded-protobuf_3_7-1.1.1.jar:/home/runner/work/ozone/ozone/hadoop-ozone/interface-storage/target/classes:/home/runner/.m2/repository/org/reflections/reflections/0.10.2/reflections-0.10.2.jar:/home/runner/.m2/repository/com/sun/jersey/jersey-client/1.19.4/jersey-client-1.19.4.jar:/home/runner/.m2/repository/org/codehaus/jackson/jackson-core-asl/1.9.13/jackson-core-asl-1.9.13.jar:/home/runner/.m2/repository/org/codehaus/jackson/jackson-mapper-asl/1.9.13/jackson-mapper-asl-1.9.13.jar:/home/runner/.m2/repository/org/codehaus/jackson/jackson-jaxrs/1.9.13/jackson-jaxrs-1.9.13.jar:/home/runner/.m2/repository/org/apache/ranger/ranger-intg/2.3.0/ranger-intg-2.3.0.jar:/home/runner/.m2/repository/org/apache/ranger/ranger-plugins-common/2.3.0/ranger-plugins-common-2.3.0.jar:/home/runner/.m2/repository/commons-lang/commons-lang/2.6/commons-lang-2.6.jar:/home/runner/.m2/repository/org/apache/ranger/ranger-plugins-cred/2.3.0/ranger-plugins-cred-2.3.0.jar:/home/runner/.m2/repository/org/apache/ranger/ranger-plugins-audit/2.3.0/ranger-plugins-audit-2.3.0.jar:/home/runner/.m2/repository/org/eclipse/jetty/jetty-client/9.4.53.v20231009/jetty-client-9.4.53.v20231009.jar:/home/runner/.m2/repository/org/apache/httpcomponents/httpmime/4.5.6/httpmime-4.5.6.jar:/home/runner/.m2/repository/org/apache/httpcomponents/httpcore-nio/4.4.16/httpcore-nio-4.4.16.jar:/home/runner/.m2/repository/org/apache/httpcomponents/httpasyncclient/4.1.3/httpasyncclient-4.1.3.jar:/home/runner/.m2/repository/com/carrotsearch/hppc/0.8.0/hppc-0.8.0.jar:/home/runner/.m2/repository/org/apache/orc/orc-core/1.5.8/orc-core-1.5.8.jar:/home/runner/.m2/repository/net/java/dev/jna/jna/5.2.0/jna-5.2.0.jar:/home/runner/.m2/repository/net/java/dev/jna/jna-platform/5.2.0/jna-platform-5.2.0.jar:/home/runner/.m2/repository/com/kstruct/gethostname4j/0.0.2/gethostname4j-0.0.2.jar:/home/runner/.m2/repository/org/apache/ranger/ranger-plugin-classloader/2.3.0/ranger-plugin-classloader-2.3.0.jar:/home/runner/work/ozone/ozone/hadoop-hdds/rocks-native/target/classes:/home/runner/.m2/repository/org/apache/hadoop/hadoop-minikdc/3.3.6/hadoop-minikdc-3.3.6.jar:/home/runner/.m2/repository/org/apache/kerby/kerb-simplekdc/1.0.1/kerb-simplekdc-1.0.1.jar:/home/runner/.m2/repository/org/apache/kerby/kerb-client/1.0.1/kerb-client-1.0.1.jar:/home/runner/.m2/repository/org/apache/kerby/kerby-config/1.0.1/kerby-config-1.0.1.jar:/home/runner/.m2/repository/org/apache/kerby/kerb-common/1.0.1/kerb-common-1.0.1.jar:/home/runner/.m2/repository/org/apache/kerby/kerb-crypto/1.0.1/kerb-crypto-1.0.1.jar:/home/runner/.m2/repository/org/apache/kerby/kerb-util/1.0.1/kerb-util-1.0.1.jar:/home/runner/.m2/repository/org/apache/kerby/token-provider/1.0.1/token-provider-1.0.1.jar:/home/runner/.m2/repository/org/apache/kerby/kerb-admin/1.0.1/kerb-admin-1.0.1.jar:/home/runner/.m2/repository/org/apache/kerby/kerb-server/1.0.1/kerb-server-1.0.1.jar:/home/runner/.m2/repository/org/apache/kerby/kerb-identity/1.0.1/kerb-identity-1.0.1.jar:/home/runner/.m2/repository/org/apache/kerby/kerby-xdr/1.0.1/kerby-xdr-1.0.1.jar:/home/runner/.m2/repository/junit/junit/4.13.2/junit-4.13.2.jar:/home/runner/.m2/repository/org/hamcrest/hamcrest-core/1.3/hamcrest-core-1.3.jar:/home/runner/work/ozone/ozone/hadoop-ozone/s3gateway/target/classes:/home/runner/.m2/repository/org/javassist/javassist/3.30.2-GA/javassist-3.30.2-GA.jar:/home/runner/.m2/repository/org/jboss/weld/servlet/weld-servlet-shaded/3.1.9.Final/weld-servlet-shaded-3.1.9.Final.jar:/home/runner/.m2/repository/org/glassfish/jersey/containers/jersey-container-servlet-core/2.42/jersey-container-servlet-core-2.42.jar:/home/runner/.m2/repository/org/glassfish/hk2/external/jakarta.inject/2.6.1/jakarta.inject-2.6.1.jar:/home/runner/.m2/repository/org/glassfish/jersey/core/jersey-common/2.42/jersey-common-2.42.jar:/home/runner/.m2/repository/jakarta/ws/rs/jakarta.ws.rs-api/2.1.6/jakarta.ws.rs-api-2.1.6.jar:/home/runner/.m2/repository/org/glassfish/jersey/ext/cdi/jersey-cdi1x/2.42/jersey-cdi1x-2.42.jar:/home/runner/.m2/repository/org/glassfish/jersey/inject/jersey-hk2/2.42/jersey-hk2-2.42.jar:/home/runner/.m2/repository/org/glassfish/hk2/hk2-locator/2.6.1/hk2-locator-2.6.1.jar:/home/runner/.m2/repository/org/glassfish/jersey/media/jersey-media-jaxb/2.42/jersey-media-jaxb-2.42.jar:/home/runner/.m2/repository/org/glassfish/hk2/osgi-resource-locator/1.0.3/osgi-resource-locator-1.0.3.jar:/home/runner/.m2/repository/org/glassfish/hk2/hk2-api/2.6.1/hk2-api-2.6.1.jar:/home/runner/.m2/repository/org/glassfish/hk2/hk2-utils/2.6.1/hk2-utils-2.6.1.jar:/home/runner/.m2/repository/org/glassfish/hk2/external/aopalliance-repackaged/2.6.1/aopalliance-repackaged-2.6.1.jar:/home/runner/.m2/repository/com/fasterxml/jackson/dataformat/jackson-dataformat-xml/2.16.1/jackson-dataformat-xml-2.16.1.jar:/home/runner/.m2/repository/org/codehaus/woodstox/stax2-api/4.2.2/stax2-api-4.2.2.jar:/home/runner/.m2/repository/com/fasterxml/woodstox/woodstox-core/5.4.0/woodstox-core-5.4.0.jar:/home/runner/.m2/repository/com/fasterxml/jackson/module/jackson-module-jaxb-annotations/2.16.1/jackson-module-jaxb-annotations-2.16.1.jar:/home/runner/.m2/repository/javax/enterprise/cdi-api/2.0/cdi-api-2.0.jar:/home/runner/.m2/repository/javax/el/javax.el-api/3.0.0/javax.el-api-3.0.0.jar:/home/runner/.m2/repository/javax/interceptor/javax.interceptor-api/1.2/javax.interceptor-api-1.2.jar:/home/runner/.m2/repository/javax/inject/javax.inject/1/javax.inject-1.jar:/home/runner/.m2/repository/jakarta/xml/bind/jakarta.xml.bind-api/2.3.3/jakarta.xml.bind-api-2.3.3.jar:/home/runner/.m2/repository/org/glassfish/jaxb/jaxb-runtime/2.3.9/jaxb-runtime-2.3.9.jar:/home/runner/.m2/repository/org/glassfish/jaxb/txw2/2.3.9/txw2-2.3.9.jar:/home/runner/.m2/repository/com/sun/istack/istack-commons-runtime/3.0.12/istack-commons-runtime-3.0.12.jar:/home/runner/.m2/repository/com/sun/activation/jakarta.activation/1.2.2/jakarta.activation-1.2.2.jar:/home/runner/.m2/repository/jakarta/activation/jakarta.activation-api/1.2.2/jakarta.activation-api-1.2.2.jar:/home/runner/.m2/repository/io/grpc/grpc-protobuf/1.58.0/grpc-protobuf-1.58.0.jar:/home/runner/.m2/repository/com/google/api/grpc/proto-google-common-protos/2.22.0/proto-google-common-protos-2.22.0.jar:/home/runner/.m2/repository/io/grpc/grpc-protobuf-lite/1.58.0/grpc-protobuf-lite-1.58.0.jar:/home/runner/.m2/repository/io/grpc/grpc-stub/1.58.0/grpc-stub-1.58.0.jar:/home/runner/.m2/repository/io/netty/netty-transport/4.1.100.Final/netty-transport-4.1.100.Final.jar:/home/runner/.m2/repository/io/netty/netty-resolver/4.1.100.Final/netty-resolver-4.1.100.Final.jar:/home/runner/work/ozone/ozone/hadoop-ozone/csi/target/classes:/home/runner/.m2/repository/com/google/protobuf/protobuf-java-util/3.19.6/protobuf-java-util-3.19.6.jar:/home/runner/.m2/repository/com/google/code/gson/gson/2.10.1/gson-2.10.1.jar:/home/runner/work/ozone/ozone/hadoop-hdds/config/target/classes:/home/runner/.m2/repository/io/netty/netty-transport-native-epoll/4.1.100.Final/netty-transport-native-epoll-4.1.100.Final-linux-x86_64.jar:/home/runner/.m2/repository/io/netty/netty-transport-classes-epoll/4.1.100.Final/netty-transport-classes-epoll-4.1.100.Final.jar:/home/runner/.m2/repository/io/netty/netty-transport-native-unix-common/4.1.100.Final/netty-transport-native-unix-common-4.1.100.Final.jar:/home/runner/work/ozone/ozone/hadoop-ozone/recon/target/classes:/home/runner/work/ozone/ozone/hadoop-ozone/recon-codegen/target/classes:/home/runner/.m2/repository/com/google/inject/guice/6.0.0/guice-6.0.0.jar:/home/runner/.m2/repository/jakarta/inject/jakarta.inject-api/2.0.1/jakarta.inject-api-2.0.1.jar:/home/runner/.m2/repository/aopalliance/aopalliance/1.0/aopalliance-1.0.jar:/home/runner/.m2/repository/com/google/inject/extensions/guice-assistedinject/6.0.0/guice-assistedinject-6.0.0.jar:/home/runner/.m2/repository/com/google/inject/extensions/guice-servlet/6.0.0/guice-servlet-6.0.0.jar:/home/runner/.m2/repository/org/glassfish/jersey/containers/jersey-container-servlet/2.42/jersey-container-servlet-2.42.jar:/home/runner/.m2/repository/org/glassfish/hk2/guice-bridge/2.6.1/guice-bridge-2.6.1.jar:/home/runner/.m2/repository/org/glassfish/jersey/core/jersey-server/2.42/jersey-server-2.42.jar:/home/runner/.m2/repository/org/glassfish/jersey/core/jersey-client/2.42/jersey-client-2.42.jar:/home/runner/.m2/repository/jakarta/validation/jakarta.validation-api/2.0.2/jakarta.validation-api-2.0.2.jar:/home/runner/.m2/repository/org/glassfish/jersey/media/jersey-media-json-jackson/2.42/jersey-media-json-jackson-2.42.jar:/home/runner/.m2/repository/org/glassfish/jersey/ext/jersey-entity-filtering/2.42/jersey-entity-filtering-2.42.jar:/home/runner/.m2/repository/org/jooq/jooq/3.11.10/jooq-3.11.10.jar:/home/runner/.m2/repository/org/jooq/jooq-meta/3.11.10/jooq-meta-3.11.10.jar:/home/runner/.m2/repository/org/jooq/jooq-codegen/3.11.10/jooq-codegen-3.11.10.jar:/home/runner/.m2/repository/com/jolbox/bonecp/0.8.0.RELEASE/bonecp-0.8.0.RELEASE.jar:/home/runner/.m2/repository/org/apache/derby/derby/10.14.2.0/derby-10.14.2.0.jar:/home/runner/.m2/repository/org/xerial/sqlite-jdbc/3.44.1.0/sqlite-jdbc-3.44.1.0.jar:/home/runner/.m2/repository/org/springframework/spring-jdbc/5.3.27/spring-jdbc-5.3.27.jar:/home/runner/.m2/repository/org/springframework/spring-beans/5.3.27/spring-beans-5.3.27.jar:/home/runner/.m2/repository/org/springframework/spring-core/5.3.27/spring-core-5.3.27.jar:/home/runner/.m2/repository/org/springframework/spring-tx/5.3.27/spring-tx-5.3.27.jar:/home/runner/work/ozone/ozone/hadoop-ozone/client/target/classes:/home/runner/work/ozone/ozone/hadoop-hdds/erasurecode/target/classes:/home/runner/work/ozone/ozone/hadoop-ozone/ozonefs/target/classes:/home/runner/work/ozone/ozone/hadoop-ozone/ozonefs-common/target/classes:/home/runner/work/ozone/ozone/hadoop-ozone/tools/target/classes:/home/runner/.m2/repository/com/amazonaws/aws-java-sdk-core/1.12.661/aws-java-sdk-core-1.12.661.jar:/home/runner/.m2/repository/org/apache/httpcomponents/httpclient/4.5.14/httpclient-4.5.14.jar:/home/runner/.m2/repository/org/apache/httpcomponents/httpcore/4.4.16/httpcore-4.4.16.jar:/home/runner/.m2/repository/com/fasterxml/jackson/dataformat/jackson-dataformat-cbor/2.16.1/jackson-dataformat-cbor-2.16.1.jar:/home/runner/.m2/repository/joda-time/joda-time/2.12.7/joda-time-2.12.7.jar:/home/runner/.m2/repository/com/amazonaws/aws-java-sdk-s3/1.12.661/aws-java-sdk-s3-1.12.661.jar:/home/runner/.m2/repository/com/amazonaws/aws-java-sdk-kms/1.12.661/aws-java-sdk-kms-1.12.661.jar:/home/runner/.m2/repository/com/amazonaws/jmespath-java/1.12.661/jmespath-java-1.12.661.jar:/home/runner/.m2/repository/org/kohsuke/metainf-services/metainf-services/1.11/metainf-services-1.11.jar:/home/runner/work/ozone/ozone/hadoop-hdds/tools/target/classes:/home/runner/.m2/repository/org/apache/ratis/ratis-tools/3.0.1/ratis-tools-3.0.1.jar:/home/runner/.m2/repository/commons-cli/commons-cli/1.6.0/commons-cli-1.6.0.jar:/home/runner/.m2/repository/org/apache/commons/commons-lang3/3.14.0/commons-lang3-3.14.0.jar:/home/runner/work/ozone/ozone/hadoop-ozone/ozone-manager/target/test-classes:/home/runner/work/ozone/ozone/hadoop-hdds/common/target/test-classes:/home/runner/work/ozone/ozone/hadoop-hdds/hadoop-dependency-client/target/classes:/home/runner/.m2/repository/info/picocli/picocli/4.7.5/picocli-4.7.5.jar:/home/runner/.m2/repository/com/fasterxml/jackson/core/jackson-annotations/2.16.1/jackson-annotations-2.16.1.jar:/home/runner/work/ozone/ozone/hadoop-hdds/annotations/target/classes:/home/runner/.m2/repository/javax/annotation/javax.annotation-api/1.3.2/javax.annotation-api-1.3.2.jar:/home/runner/.m2/repository/org/apache/ratis/ratis-netty/3.0.1/ratis-netty-3.0.1.jar:/home/runner/.m2/repository/org/apache/ratis/ratis-grpc/3.0.1/ratis-grpc-3.0.1.jar:/home/runner/.m2/repository/org/bouncycastle/bcpkix-jdk18on/1.77/bcpkix-jdk18on-1.77.jar:/home/runner/.m2/repository/org/bouncycastle/bcutil-jdk18on/1.77/bcutil-jdk18on-1.77.jar:/home/runner/.m2/repository/commons-validator/commons-validator/1.6/commons-validator-1.6.jar:/home/runner/.m2/repository/commons-beanutils/commons-beanutils/1.9.4/commons-beanutils-1.9.4.jar:/home/runner/.m2/repository/commons-digester/commons-digester/1.8.1/commons-digester-1.8.1.jar:/home/runner/.m2/repository/commons-collections/commons-collections/3.2.2/commons-collections-3.2.2.jar:/home/runner/.m2/repository/io/jaegertracing/jaeger-client/1.8.1/jaeger-client-1.8.1.jar:/home/runner/.m2/repository/io/jaegertracing/jaeger-thrift/1.8.1/jaeger-thrift-1.8.1.jar:/home/runner/.m2/repository/org/apache/thrift/libthrift/0.15.0/libthrift-0.15.0.jar:/home/runner/.m2/repository/io/jaegertracing/jaeger-core/1.8.1/jaeger-core-1.8.1.jar:/home/runner/.m2/repository/io/jaegertracing/jaeger-tracerresolver/1.8.1/jaeger-tracerresolver-1.8.1.jar:/home/runner/.m2/repository/io/opentracing/contrib/opentracing-tracerresolver/0.1.8/opentracing-tracerresolver-0.1.8.jar:/home/runner/.m2/repository/org/jetbrains/kotlin/kotlin-stdlib/1.9.22/kotlin-stdlib-1.9.22.jar:/home/runner/.m2/repository/org/jetbrains/annotations/13.0/annotations-13.0.jar:/home/runner/.m2/repository/io/opentracing/opentracing-util/0.33.0/opentracing-util-0.33.0.jar:/home/runner/.m2/repository/io/opentracing/opentracing-api/0.33.0/opentracing-api-0.33.0.jar:/home/runner/.m2/repository/io/opentracing/opentracing-noop/0.33.0/opentracing-noop-0.33.0.jar:/home/runner/.m2/repository/org/yaml/snakeyaml/2.0/snakeyaml-2.0.jar:/home/runner/.m2/repository/io/grpc/grpc-api/1.58.0/grpc-api-1.58.0.jar:/home/runner/.m2/repository/org/junit/platform/junit-platform-launcher/1.10.2/junit-platform-launcher-1.10.2.jar:/home/runner/.m2/repository/org/junit/platform/junit-platform-engine/1.10.2/junit-platform-engine-1.10.2.jar:/home/runner/.m2/repository/org/apiguardian/apiguardian-api/1.1.2/apiguardian-api-1.1.2.jar:/home/runner/.m2/repository/org/apache/hadoop/hadoop-kms/3.3.6/hadoop-kms-3.3.6.jar:/home/runner/.m2/repository/org/apache/hadoop/hadoop-auth/3.3.6/hadoop-auth-3.3.6.jar:/home/runner/.m2/repository/org/apache/zookeeper/zookeeper/3.8.4/zookeeper-3.8.4.jar:/home/runner/.m2/repository/org/apache/zookeeper/zookeeper-jute/3.8.4/zookeeper-jute-3.8.4.jar:/home/runner/.m2/repository/org/apache/yetus/audience-annotations/0.12.0/audience-annotations-0.12.0.jar:/home/runner/.m2/repository/org/apache/curator/curator-framework/4.2.0/curator-framework-4.2.0.jar:/home/runner/.m2/repository/org/apache/hadoop/thirdparty/hadoop-shaded-guava/1.2.0/hadoop-shaded-guava-1.2.0.jar:/home/runner/.m2/repository/com/sun/jersey/jersey-core/1.19.4/jersey-core-1.19.4.jar:/home/runner/.m2/repository/javax/ws/rs/jsr311-api/1.1.1/jsr311-api-1.1.1.jar:/home/runner/.m2/repository/com/sun/jersey/jersey-server/1.19.4/jersey-server-1.19.4.jar:/home/runner/.m2/repository/javax/servlet/javax.servlet-api/3.1.0/javax.servlet-api-3.1.0.jar:/home/runner/.m2/repository/org/apache/hadoop/hadoop-common/3.3.6/hadoop-common-3.3.6.jar:/home/runner/.m2/repository/org/apache/commons/commons-math3/3.6.1/commons-math3-3.6.1.jar:/home/runner/.m2/repository/commons-net/commons-net/3.10.0/commons-net-3.10.0.jar:/home/runner/.m2/repository/com/sun/jersey/jersey-servlet/1.19.4/jersey-servlet-1.19.4.jar:/home/runner/.m2/repository/com/github/pjfanning/jersey-json/1.20/jersey-json-1.20.jar:/home/runner/.m2/repository/org/codehaus/jettison/jettison/1.1/jettison-1.1.jar:/home/runner/.m2/repository/com/sun/xml/bind/jaxb-impl/2.2.3-1/jaxb-impl-2.2.3-1.jar:/home/runner/.m2/repository/com/google/re2j/re2j/1.7/re2j-1.7.jar:/home/runner/.m2/repository/com/jcraft/jsch/0.1.55/jsch-0.1.55.jar:/home/runner/.m2/repository/org/apache/curator/curator-client/4.2.0/curator-client-4.2.0.jar:/home/runner/.m2/repository/org/apache/curator/curator-recipes/5.2.0/curator-recipes-5.2.0.jar:/home/runner/.m2/repository/com/google/code/findbugs/jsr305/3.0.2/jsr305-3.0.2.jar:/home/runner/.m2/repository/org/apache/kerby/kerb-core/1.0.1/kerb-core-1.0.1.jar:/home/runner/.m2/repository/org/apache/kerby/kerby-pkix/1.0.1/kerby-pkix-1.0.1.jar:/home/runner/.m2/repository/org/apache/kerby/kerby-asn1/1.0.1/kerby-asn1-1.0.1.jar:/home/runner/.m2/repository/org/apache/kerby/kerby-util/1.0.1/kerby-util-1.0.1.jar:/home/runner/.m2/repository/dnsjava/dnsjava/2.1.7/dnsjava-2.1.7.jar:/home/runner/.m2/repository/com/fasterxml/jackson/core/jackson-databind/2.16.1/jackson-databind-2.16.1.jar:/home/runner/.m2/repository/org/apache/hadoop/hadoop-kms/3.3.6/hadoop-kms-3.3.6-tests.jar:/home/runner/work/ozone/ozone/hadoop-hdds/server-scm/target/test-classes:/home/runner/work/ozone/ozone/hadoop-hdds/container-service/target/test-classes:/home/runner/.m2/repository/com/github/luben/zstd-jni/1.5.6-2/zstd-jni-1.5.6-2.jar:/home/runner/.m2/repository/commons-codec/commons-codec/1.15/commons-codec-1.15.jar:/home/runner/.m2/repository/io/netty/netty-codec/4.1.100.Final/netty-codec-4.1.100.Final.jar:/home/runner/.m2/repository/io/netty/netty-handler/4.1.100.Final/netty-handler-4.1.100.Final.jar:/home/runner/work/ozone/ozone/hadoop-hdds/hadoop-dependency-test/target/classes:/home/runner/.m2/repository/org/apache/hadoop/hadoop-common/3.3.6/hadoop-common-3.3.6-tests.jar:/home/runner/.m2/repository/org/apache/hadoop/hadoop-hdfs/3.3.6/hadoop-hdfs-3.3.6-tests.jar:/home/runner/.m2/repository/org/junit/jupiter/junit-jupiter-engine/5.10.2/junit-jupiter-engine-5.10.2.jar:/home/runner/.m2/repository/org/junit/jupiter/junit-jupiter-params/5.10.2/junit-jupiter-params-5.10.2.jar:/home/runner/.m2/repository/org/mockito/mockito-core/4.11.0/mockito-core-4.11.0.jar:/home/runner/.m2/repository/net/bytebuddy/byte-buddy/1.12.19/byte-buddy-1.12.19.jar:/home/runner/.m2/repository/net/bytebuddy/byte-buddy-agent/1.12.19/byte-buddy-agent-1.12.19.jar:/home/runner/.m2/repository/org/objenesis/objenesis/3.3/objenesis-3.3.jar:/home/runner/.m2/repository/org/mockito/mockito-inline/4.11.0/mockito-inline-4.11.0.jar:/home/runner/.m2/repository/org/mockito/mockito-junit-jupiter/4.11.0/mockito-junit-jupiter-4.11.0.jar:/home/runner/.m2/repository/org/apache/hadoop/hadoop-distcp/3.3.6/hadoop-distcp-3.3.6.jar:/home/runner/.m2/repository/org/apache/hadoop/hadoop-mapreduce-client-jobclient/3.3.6/hadoop-mapreduce-client-jobclient-3.3.6.jar:/home/runner/.m2/repository/org/apache/hadoop/hadoop-mapreduce-client-common/3.3.6/hadoop-mapreduce-client-common-3.3.6.jar:/home/runner/.m2/repository/org/apache/hadoop/hadoop-yarn-common/3.3.6/hadoop-yarn-common-3.3.6.jar:/home/runner/.m2/repository/org/apache/hadoop/hadoop-yarn-api/3.3.6/hadoop-yarn-api-3.3.6.jar:/home/runner/.m2/repository/javax/xml/bind/jaxb-api/2.2.11/jaxb-api-2.2.11.jar:/home/runner/.m2/repository/com/sun/jersey/contribs/jersey-guice/1.19.4/jersey-guice-1.19.4.jar:/home/runner/.m2/repository/com/fasterxml/jackson/jaxrs/jackson-jaxrs-json-provider/2.16.1/jackson-jaxrs-json-provider-2.16.1.jar:/home/runner/.m2/repository/com/fasterxml/jackson/jaxrs/jackson-jaxrs-base/2.16.1/jackson-jaxrs-base-2.16.1.jar:/home/runner/.m2/repository/org/apache/hadoop/hadoop-yarn-client/3.3.6/hadoop-yarn-client-3.3.6.jar:/home/runner/.m2/repository/org/eclipse/jetty/websocket/websocket-client/9.4.51.v20230217/websocket-client-9.4.51.v20230217.jar:/home/runner/.m2/repository/org/eclipse/jetty/websocket/websocket-common/9.4.51.v20230217/websocket-common-9.4.51.v20230217.jar:/home/runner/.m2/repository/org/eclipse/jetty/websocket/websocket-api/9.4.51.v20230217/websocket-api-9.4.51.v20230217.jar:/home/runner/.m2/repository/org/jline/jline/3.9.0/jline-3.9.0.jar:/home/runner/.m2/repository/org/apache/hadoop/hadoop-mapreduce-client-core/3.3.6/hadoop-mapreduce-client-core-3.3.6.jar:/home/runner/.m2/repository/org/apache/avro/avro/1.7.7/avro-1.7.7.jar:/home/runner/.m2/repository/com/thoughtworks/paranamer/paranamer/2.3/paranamer-2.3.jar:/home/runner/.m2/repository/org/apache/hadoop/hadoop-annotations/3.3.6/hadoop-annotations-3.3.6.jar:/home/runner/.m2/repository/io/netty/netty/3.10.6.Final/netty-3.10.6.Final.jar:/home/runner/.m2/repository/org/apache/hadoop/hadoop-distcp/3.3.6/hadoop-distcp-3.3.6-tests.jar:/home/runner/.m2/repository/org/hamcrest/hamcrest/2.2/hamcrest-2.2.jar:/home/runner/.m2/repository/org/slf4j/jul-to-slf4j/2.0.12/jul-to-slf4j-2.0.12.jar:/home/runner/work/ozone/ozone/hadoop-ozone/integration-test/target/gradle-enterprise/test-listeners.jar:"/>
    <property name="java.vm.vendor" value="Eclipse Adoptium"/>
    <property name="sun.arch.data.model" value="64"/>
    <property name="test.build.dir" value="/home/runner/work/ozone/ozone/hadoop-ozone/integration-test/target/test-dir"/>
    <property name="test.cache.data" value=""/>
    <property name="java.vendor.url" value="https://adoptium.net/"/>
    <property name="user.timezone" value="Etc/UTC"/>
    <property name="maven-surefire-plugin.argLineAccessArgs" value=" --add-opens java.management/com.sun.jmx.mbeanserver=ALL-UNNAMED --add-exports java.management/com.sun.jmx.mbeanserver=ALL-UNNAMED --add-opens java.base/java.nio=ALL-UNNAMED --add-opens java.base/java.lang=ALL-UNNAMED --add-opens java.base/java.lang.reflect=ALL-UNNAMED"/>
    <property name="java.vm.specification.version" value="17"/>
    <property name="os.name" value="Linux"/>
    <property name="test.build.data" value="/home/runner/work/ozone/ozone/hadoop-ozone/integration-test/target/test-dir"/>
    <property name="sun.java.launcher" value="SUN_STANDARD"/>
    <property name="sun.boot.library.path" value="/usr/lib/jvm/temurin-17-jdk-amd64/lib"/>
    <property name="sun.java.command" value="/home/runner/work/ozone/ozone/hadoop-ozone/integration-test/target/surefire/surefirebooter7722242750774049953.jar /home/runner/work/ozone/ozone/hadoop-ozone/integration-test/target/surefire 2024-04-25T19-16-38_483-jvmRun1 surefire15651942278063785518tmp surefire_54405263788349533292tmp"/>
    <property name="jdk.debug" value="release"/>
    <property name="native.lib.tmp.dir" value="/tmp"/>
    <property name="surefire.test.class.path" value="/home/runner/work/ozone/ozone/hadoop-ozone/integration-test/target/test-classes:/home/runner/work/ozone/ozone/hadoop-ozone/integration-test/target/classes:/home/runner/work/ozone/ozone/hadoop-ozone/common/target/classes:/home/runner/.m2/repository/io/grpc/grpc-netty/1.58.0/grpc-netty-1.58.0.jar:/home/runner/.m2/repository/io/grpc/grpc-core/1.58.0/grpc-core-1.58.0.jar:/home/runner/.m2/repository/com/google/android/annotations/4.1.1.4/annotations-4.1.1.4.jar:/home/runner/.m2/repository/org/codehaus/mojo/animal-sniffer-annotations/1.23/animal-sniffer-annotations-1.23.jar:/home/runner/.m2/repository/io/grpc/grpc-context/1.58.0/grpc-context-1.58.0.jar:/home/runner/.m2/repository/io/grpc/grpc-util/1.58.0/grpc-util-1.58.0.jar:/home/runner/.m2/repository/com/google/errorprone/error_prone_annotations/2.2.0/error_prone_annotations-2.2.0.jar:/home/runner/.m2/repository/io/perfmark/perfmark-api/0.26.0/perfmark-api-0.26.0.jar:/home/runner/.m2/repository/io/netty/netty-codec-http2/4.1.100.Final/netty-codec-http2-4.1.100.Final.jar:/home/runner/.m2/repository/io/netty/netty-common/4.1.100.Final/netty-common-4.1.100.Final.jar:/home/runner/.m2/repository/io/netty/netty-buffer/4.1.100.Final/netty-buffer-4.1.100.Final.jar:/home/runner/.m2/repository/io/netty/netty-codec-http/4.1.100.Final/netty-codec-http-4.1.100.Final.jar:/home/runner/.m2/repository/io/netty/netty-handler-proxy/4.1.100.Final/netty-handler-proxy-4.1.100.Final.jar:/home/runner/.m2/repository/io/netty/netty-codec-socks/4.1.100.Final/netty-codec-socks-4.1.100.Final.jar:/home/runner/.m2/repository/io/netty/netty-tcnative-boringssl-static/2.0.61.Final/netty-tcnative-boringssl-static-2.0.61.Final.jar:/home/runner/.m2/repository/io/netty/netty-tcnative-classes/2.0.61.Final/netty-tcnative-classes-2.0.61.Final.jar:/home/runner/.m2/repository/io/netty/netty-tcnative-boringssl-static/2.0.61.Final/netty-tcnative-boringssl-static-2.0.61.Final-linux-x86_64.jar:/home/runner/.m2/repository/io/netty/netty-tcnative-boringssl-static/2.0.61.Final/netty-tcnative-boringssl-static-2.0.61.Final-linux-aarch_64.jar:/home/runner/.m2/repository/io/netty/netty-tcnative-boringssl-static/2.0.61.Final/netty-tcnative-boringssl-static-2.0.61.Final-osx-x86_64.jar:/home/runner/.m2/repository/io/netty/netty-tcnative-boringssl-static/2.0.61.Final/netty-tcnative-boringssl-static-2.0.61.Final-osx-aarch_64.jar:/home/runner/.m2/repository/io/netty/netty-tcnative-boringssl-static/2.0.61.Final/netty-tcnative-boringssl-static-2.0.61.Final-windows-x86_64.jar:/home/runner/.m2/repository/org/apache/commons/commons-compress/1.26.0/commons-compress-1.26.0.jar:/home/runner/work/ozone/ozone/hadoop-hdds/common/target/classes:/home/runner/work/ozone/ozone/hadoop-hdds/client/target/classes:/home/runner/work/ozone/ozone/hadoop-ozone/interface-client/target/classes:/home/runner/.m2/repository/org/apache/hadoop/hadoop-hdfs-client/3.3.6/hadoop-hdfs-client-3.3.6.jar:/home/runner/.m2/repository/com/squareup/okhttp3/okhttp/4.12.0/okhttp-4.12.0.jar:/home/runner/.m2/repository/com/squareup/okio/okio/3.6.0/okio-3.6.0.jar:/home/runner/.m2/repository/com/squareup/okio/okio-jvm/3.6.0/okio-jvm-3.6.0.jar:/home/runner/.m2/repository/org/jetbrains/kotlin/kotlin-stdlib-jdk8/1.9.22/kotlin-stdlib-jdk8-1.9.22.jar:/home/runner/.m2/repository/org/jetbrains/kotlin/kotlin-stdlib-jdk7/1.9.22/kotlin-stdlib-jdk7-1.9.22.jar:/home/runner/.m2/repository/org/jetbrains/kotlin/kotlin-stdlib-common/1.9.22/kotlin-stdlib-common-1.9.22.jar:/home/runner/work/ozone/ozone/hadoop-hdds/test-utils/target/classes:/home/runner/.m2/repository/org/assertj/assertj-core/3.12.2/assertj-core-3.12.2.jar:/home/runner/.m2/repository/com/google/guava/guava/32.0.0-jre/guava-32.0.0-jre.jar:/home/runner/.m2/repository/com/google/guava/failureaccess/1.0.1/failureaccess-1.0.1.jar:/home/runner/.m2/repository/com/google/guava/listenablefuture/9999.0-empty-to-avoid-conflict-with-guava/listenablefuture-9999.0-empty-to-avoid-conflict-with-guava.jar:/home/runner/.m2/repository/org/checkerframework/checker-qual/3.33.0/checker-qual-3.33.0.jar:/home/runner/.m2/repository/com/google/j2objc/j2objc-annotations/2.8/j2objc-annotations-2.8.jar:/home/runner/.m2/repository/commons-io/commons-io/2.16.1/commons-io-2.16.1.jar:/home/runner/.m2/repository/commons-logging/commons-logging/1.2/commons-logging-1.2.jar:/home/runner/.m2/repository/org/junit/jupiter/junit-jupiter-api/5.10.2/junit-jupiter-api-5.10.2.jar:/home/runner/.m2/repository/org/opentest4j/opentest4j/1.3.0/opentest4j-1.3.0.jar:/home/runner/.m2/repository/org/junit/platform/junit-platform-commons/1.10.2/junit-platform-commons-1.10.2.jar:/home/runner/.m2/repository/ch/qos/reload4j/reload4j/1.2.25/reload4j-1.2.25.jar:/home/runner/.m2/repository/jakarta/annotation/jakarta.annotation-api/2.1.1/jakarta.annotation-api-2.1.1.jar:/home/runner/.m2/repository/org/slf4j/slf4j-api/2.0.12/slf4j-api-2.0.12.jar:/home/runner/.m2/repository/org/apache/logging/log4j/log4j-api/2.17.1/log4j-api-2.17.1.jar:/home/runner/work/ozone/ozone/hadoop-hdds/server-scm/target/classes:/home/runner/.m2/repository/com/google/protobuf/protobuf-java/2.5.0/protobuf-java-2.5.0.jar:/home/runner/work/ozone/ozone/hadoop-hdds/container-service/target/classes:/home/runner/work/ozone/ozone/hadoop-hdds/hadoop-dependency-server/target/classes:/home/runner/.m2/repository/com/nimbusds/nimbus-jose-jwt/9.37.2/nimbus-jose-jwt-9.37.2.jar:/home/runner/.m2/repository/com/github/stephenc/jcip/jcip-annotations/1.0-1/jcip-annotations-1.0-1.jar:/home/runner/.m2/repository/org/apache/hadoop/hadoop-hdfs/3.3.6/hadoop-hdfs-3.3.6.jar:/home/runner/.m2/repository/commons-daemon/commons-daemon/1.3.4/commons-daemon-1.3.4.jar:/home/runner/.m2/repository/org/xerial/snappy/snappy-java/1.1.10.5/snappy-java-1.1.10.5.jar:/home/runner/work/ozone/ozone/hadoop-hdds/framework/target/classes:/home/runner/.m2/repository/org/bouncycastle/bcprov-jdk18on/1.77/bcprov-jdk18on-1.77.jar:/home/runner/.m2/repository/io/dropwizard/metrics/metrics-core/3.2.4/metrics-core-3.2.4.jar:/home/runner/.m2/repository/org/apache/commons/commons-text/1.11.0/commons-text-1.11.0.jar:/home/runner/work/ozone/ozone/hadoop-hdds/framework/target/test-classes:/home/runner/work/ozone/ozone/hadoop-hdds/interface-server/target/classes:/home/runner/work/ozone/ozone/hadoop-hdds/interface-admin/target/classes:/home/runner/work/ozone/ozone/hadoop-hdds/managed-rocksdb/target/classes:/home/runner/.m2/repository/org/rocksdb/rocksdbjni/7.7.3/rocksdbjni-7.7.3.jar:/home/runner/.m2/repository/org/slf4j/slf4j-reload4j/2.0.12/slf4j-reload4j-2.0.12.jar:/home/runner/.m2/repository/org/apache/commons/commons-configuration2/2.10.1/commons-configuration2-2.10.1.jar:/home/runner/.m2/repository/commons-fileupload/commons-fileupload/1.5/commons-fileupload-1.5.jar:/home/runner/.m2/repository/org/apache/logging/log4j/log4j-core/2.17.1/log4j-core-2.17.1.jar:/home/runner/.m2/repository/com/lmax/disruptor/3.4.4/disruptor-3.4.4.jar:/home/runner/.m2/repository/org/eclipse/jetty/jetty-util/9.4.53.v20231009/jetty-util-9.4.53.v20231009.jar:/home/runner/.m2/repository/org/eclipse/jetty/jetty-server/9.4.53.v20231009/jetty-server-9.4.53.v20231009.jar:/home/runner/.m2/repository/org/eclipse/jetty/jetty-http/9.4.53.v20231009/jetty-http-9.4.53.v20231009.jar:/home/runner/.m2/repository/org/eclipse/jetty/jetty-io/9.4.53.v20231009/jetty-io-9.4.53.v20231009.jar:/home/runner/.m2/repository/org/eclipse/jetty/jetty-servlet/9.4.53.v20231009/jetty-servlet-9.4.53.v20231009.jar:/home/runner/.m2/repository/org/eclipse/jetty/jetty-security/9.4.53.v20231009/jetty-security-9.4.53.v20231009.jar:/home/runner/.m2/repository/org/eclipse/jetty/jetty-util-ajax/9.4.53.v20231009/jetty-util-ajax-9.4.53.v20231009.jar:/home/runner/.m2/repository/org/eclipse/jetty/jetty-webapp/9.4.53.v20231009/jetty-webapp-9.4.53.v20231009.jar:/home/runner/.m2/repository/org/eclipse/jetty/jetty-xml/9.4.53.v20231009/jetty-xml-9.4.53.v20231009.jar:/home/runner/.m2/repository/org/apache/ratis/ratis-server/3.0.1/ratis-server-3.0.1.jar:/home/runner/.m2/repository/org/apache/ratis/ratis-thirdparty-misc/1.0.5/ratis-thirdparty-misc-1.0.5.jar:/home/runner/.m2/repository/org/apache/ratis/ratis-proto/3.0.1/ratis-proto-3.0.1.jar:/home/runner/.m2/repository/org/apache/ratis/ratis-common/3.0.1/ratis-common-3.0.1.jar:/home/runner/.m2/repository/org/apache/ratis/ratis-client/3.0.1/ratis-client-3.0.1.jar:/home/runner/.m2/repository/org/apache/ratis/ratis-server-api/3.0.1/ratis-server-api-3.0.1.jar:/home/runner/.m2/repository/org/apache/ratis/ratis-metrics-api/3.0.1/ratis-metrics-api-3.0.1.jar:/home/runner/.m2/repository/org/apache/ratis/ratis-metrics-dropwizard3/3.0.1/ratis-metrics-dropwizard3-3.0.1.jar:/home/runner/.m2/repository/io/prometheus/simpleclient_dropwizard/0.16.0/simpleclient_dropwizard-0.16.0.jar:/home/runner/.m2/repository/io/prometheus/simpleclient/0.16.0/simpleclient-0.16.0.jar:/home/runner/.m2/repository/io/prometheus/simpleclient_common/0.16.0/simpleclient_common-0.16.0.jar:/home/runner/.m2/repository/com/fasterxml/jackson/datatype/jackson-datatype-jsr310/2.16.1/jackson-datatype-jsr310-2.16.1.jar:/home/runner/.m2/repository/com/fasterxml/jackson/core/jackson-core/2.16.1/jackson-core-2.16.1.jar:/home/runner/work/ozone/ozone/hadoop-hdds/rocksdb-checkpoint-differ/target/classes:/home/runner/.m2/repository/org/jgrapht/jgrapht-core/1.4.0/jgrapht-core-1.4.0.jar:/home/runner/.m2/repository/org/jheaps/jheaps/0.11/jheaps-0.11.jar:/home/runner/.m2/repository/org/jgrapht/jgrapht-ext/1.4.0/jgrapht-ext-1.4.0.jar:/home/runner/.m2/repository/com/github/vlsi/mxgraph/jgraphx/3.9.8.1/jgraphx-3.9.8.1.jar:/home/runner/work/ozone/ozone/hadoop-ozone/ozone-manager/target/classes:/home/runner/.m2/repository/org/aspectj/aspectjrt/1.9.7/aspectjrt-1.9.7.jar:/home/runner/.m2/repository/org/aspectj/aspectjweaver/1.9.7/aspectjweaver-1.9.7.jar:/home/runner/work/ozone/ozone/hadoop-hdds/interface-client/target/classes:/home/runner/.m2/repository/org/apache/hadoop/thirdparty/hadoop-shaded-protobuf_3_7/1.1.1/hadoop-shaded-protobuf_3_7-1.1.1.jar:/home/runner/work/ozone/ozone/hadoop-ozone/interface-storage/target/classes:/home/runner/.m2/repository/org/reflections/reflections/0.10.2/reflections-0.10.2.jar:/home/runner/.m2/repository/com/sun/jersey/jersey-client/1.19.4/jersey-client-1.19.4.jar:/home/runner/.m2/repository/org/codehaus/jackson/jackson-core-asl/1.9.13/jackson-core-asl-1.9.13.jar:/home/runner/.m2/repository/org/codehaus/jackson/jackson-mapper-asl/1.9.13/jackson-mapper-asl-1.9.13.jar:/home/runner/.m2/repository/org/codehaus/jackson/jackson-jaxrs/1.9.13/jackson-jaxrs-1.9.13.jar:/home/runner/.m2/repository/org/apache/ranger/ranger-intg/2.3.0/ranger-intg-2.3.0.jar:/home/runner/.m2/repository/org/apache/ranger/ranger-plugins-common/2.3.0/ranger-plugins-common-2.3.0.jar:/home/runner/.m2/repository/commons-lang/commons-lang/2.6/commons-lang-2.6.jar:/home/runner/.m2/repository/org/apache/ranger/ranger-plugins-cred/2.3.0/ranger-plugins-cred-2.3.0.jar:/home/runner/.m2/repository/org/apache/ranger/ranger-plugins-audit/2.3.0/ranger-plugins-audit-2.3.0.jar:/home/runner/.m2/repository/org/eclipse/jetty/jetty-client/9.4.53.v20231009/jetty-client-9.4.53.v20231009.jar:/home/runner/.m2/repository/org/apache/httpcomponents/httpmime/4.5.6/httpmime-4.5.6.jar:/home/runner/.m2/repository/org/apache/httpcomponents/httpcore-nio/4.4.16/httpcore-nio-4.4.16.jar:/home/runner/.m2/repository/org/apache/httpcomponents/httpasyncclient/4.1.3/httpasyncclient-4.1.3.jar:/home/runner/.m2/repository/com/carrotsearch/hppc/0.8.0/hppc-0.8.0.jar:/home/runner/.m2/repository/org/apache/orc/orc-core/1.5.8/orc-core-1.5.8.jar:/home/runner/.m2/repository/net/java/dev/jna/jna/5.2.0/jna-5.2.0.jar:/home/runner/.m2/repository/net/java/dev/jna/jna-platform/5.2.0/jna-platform-5.2.0.jar:/home/runner/.m2/repository/com/kstruct/gethostname4j/0.0.2/gethostname4j-0.0.2.jar:/home/runner/.m2/repository/org/apache/ranger/ranger-plugin-classloader/2.3.0/ranger-plugin-classloader-2.3.0.jar:/home/runner/work/ozone/ozone/hadoop-hdds/rocks-native/target/classes:/home/runner/.m2/repository/org/apache/hadoop/hadoop-minikdc/3.3.6/hadoop-minikdc-3.3.6.jar:/home/runner/.m2/repository/org/apache/kerby/kerb-simplekdc/1.0.1/kerb-simplekdc-1.0.1.jar:/home/runner/.m2/repository/org/apache/kerby/kerb-client/1.0.1/kerb-client-1.0.1.jar:/home/runner/.m2/repository/org/apache/kerby/kerby-config/1.0.1/kerby-config-1.0.1.jar:/home/runner/.m2/repository/org/apache/kerby/kerb-common/1.0.1/kerb-common-1.0.1.jar:/home/runner/.m2/repository/org/apache/kerby/kerb-crypto/1.0.1/kerb-crypto-1.0.1.jar:/home/runner/.m2/repository/org/apache/kerby/kerb-util/1.0.1/kerb-util-1.0.1.jar:/home/runner/.m2/repository/org/apache/kerby/token-provider/1.0.1/token-provider-1.0.1.jar:/home/runner/.m2/repository/org/apache/kerby/kerb-admin/1.0.1/kerb-admin-1.0.1.jar:/home/runner/.m2/repository/org/apache/kerby/kerb-server/1.0.1/kerb-server-1.0.1.jar:/home/runner/.m2/repository/org/apache/kerby/kerb-identity/1.0.1/kerb-identity-1.0.1.jar:/home/runner/.m2/repository/org/apache/kerby/kerby-xdr/1.0.1/kerby-xdr-1.0.1.jar:/home/runner/.m2/repository/junit/junit/4.13.2/junit-4.13.2.jar:/home/runner/.m2/repository/org/hamcrest/hamcrest-core/1.3/hamcrest-core-1.3.jar:/home/runner/work/ozone/ozone/hadoop-ozone/s3gateway/target/classes:/home/runner/.m2/repository/org/javassist/javassist/3.30.2-GA/javassist-3.30.2-GA.jar:/home/runner/.m2/repository/org/jboss/weld/servlet/weld-servlet-shaded/3.1.9.Final/weld-servlet-shaded-3.1.9.Final.jar:/home/runner/.m2/repository/org/glassfish/jersey/containers/jersey-container-servlet-core/2.42/jersey-container-servlet-core-2.42.jar:/home/runner/.m2/repository/org/glassfish/hk2/external/jakarta.inject/2.6.1/jakarta.inject-2.6.1.jar:/home/runner/.m2/repository/org/glassfish/jersey/core/jersey-common/2.42/jersey-common-2.42.jar:/home/runner/.m2/repository/jakarta/ws/rs/jakarta.ws.rs-api/2.1.6/jakarta.ws.rs-api-2.1.6.jar:/home/runner/.m2/repository/org/glassfish/jersey/ext/cdi/jersey-cdi1x/2.42/jersey-cdi1x-2.42.jar:/home/runner/.m2/repository/org/glassfish/jersey/inject/jersey-hk2/2.42/jersey-hk2-2.42.jar:/home/runner/.m2/repository/org/glassfish/hk2/hk2-locator/2.6.1/hk2-locator-2.6.1.jar:/home/runner/.m2/repository/org/glassfish/jersey/media/jersey-media-jaxb/2.42/jersey-media-jaxb-2.42.jar:/home/runner/.m2/repository/org/glassfish/hk2/osgi-resource-locator/1.0.3/osgi-resource-locator-1.0.3.jar:/home/runner/.m2/repository/org/glassfish/hk2/hk2-api/2.6.1/hk2-api-2.6.1.jar:/home/runner/.m2/repository/org/glassfish/hk2/hk2-utils/2.6.1/hk2-utils-2.6.1.jar:/home/runner/.m2/repository/org/glassfish/hk2/external/aopalliance-repackaged/2.6.1/aopalliance-repackaged-2.6.1.jar:/home/runner/.m2/repository/com/fasterxml/jackson/dataformat/jackson-dataformat-xml/2.16.1/jackson-dataformat-xml-2.16.1.jar:/home/runner/.m2/repository/org/codehaus/woodstox/stax2-api/4.2.2/stax2-api-4.2.2.jar:/home/runner/.m2/repository/com/fasterxml/woodstox/woodstox-core/5.4.0/woodstox-core-5.4.0.jar:/home/runner/.m2/repository/com/fasterxml/jackson/module/jackson-module-jaxb-annotations/2.16.1/jackson-module-jaxb-annotations-2.16.1.jar:/home/runner/.m2/repository/javax/enterprise/cdi-api/2.0/cdi-api-2.0.jar:/home/runner/.m2/repository/javax/el/javax.el-api/3.0.0/javax.el-api-3.0.0.jar:/home/runner/.m2/repository/javax/interceptor/javax.interceptor-api/1.2/javax.interceptor-api-1.2.jar:/home/runner/.m2/repository/javax/inject/javax.inject/1/javax.inject-1.jar:/home/runner/.m2/repository/jakarta/xml/bind/jakarta.xml.bind-api/2.3.3/jakarta.xml.bind-api-2.3.3.jar:/home/runner/.m2/repository/org/glassfish/jaxb/jaxb-runtime/2.3.9/jaxb-runtime-2.3.9.jar:/home/runner/.m2/repository/org/glassfish/jaxb/txw2/2.3.9/txw2-2.3.9.jar:/home/runner/.m2/repository/com/sun/istack/istack-commons-runtime/3.0.12/istack-commons-runtime-3.0.12.jar:/home/runner/.m2/repository/com/sun/activation/jakarta.activation/1.2.2/jakarta.activation-1.2.2.jar:/home/runner/.m2/repository/jakarta/activation/jakarta.activation-api/1.2.2/jakarta.activation-api-1.2.2.jar:/home/runner/.m2/repository/io/grpc/grpc-protobuf/1.58.0/grpc-protobuf-1.58.0.jar:/home/runner/.m2/repository/com/google/api/grpc/proto-google-common-protos/2.22.0/proto-google-common-protos-2.22.0.jar:/home/runner/.m2/repository/io/grpc/grpc-protobuf-lite/1.58.0/grpc-protobuf-lite-1.58.0.jar:/home/runner/.m2/repository/io/grpc/grpc-stub/1.58.0/grpc-stub-1.58.0.jar:/home/runner/.m2/repository/io/netty/netty-transport/4.1.100.Final/netty-transport-4.1.100.Final.jar:/home/runner/.m2/repository/io/netty/netty-resolver/4.1.100.Final/netty-resolver-4.1.100.Final.jar:/home/runner/work/ozone/ozone/hadoop-ozone/csi/target/classes:/home/runner/.m2/repository/com/google/protobuf/protobuf-java-util/3.19.6/protobuf-java-util-3.19.6.jar:/home/runner/.m2/repository/com/google/code/gson/gson/2.10.1/gson-2.10.1.jar:/home/runner/work/ozone/ozone/hadoop-hdds/config/target/classes:/home/runner/.m2/repository/io/netty/netty-transport-native-epoll/4.1.100.Final/netty-transport-native-epoll-4.1.100.Final-linux-x86_64.jar:/home/runner/.m2/repository/io/netty/netty-transport-classes-epoll/4.1.100.Final/netty-transport-classes-epoll-4.1.100.Final.jar:/home/runner/.m2/repository/io/netty/netty-transport-native-unix-common/4.1.100.Final/netty-transport-native-unix-common-4.1.100.Final.jar:/home/runner/work/ozone/ozone/hadoop-ozone/recon/target/classes:/home/runner/work/ozone/ozone/hadoop-ozone/recon-codegen/target/classes:/home/runner/.m2/repository/com/google/inject/guice/6.0.0/guice-6.0.0.jar:/home/runner/.m2/repository/jakarta/inject/jakarta.inject-api/2.0.1/jakarta.inject-api-2.0.1.jar:/home/runner/.m2/repository/aopalliance/aopalliance/1.0/aopalliance-1.0.jar:/home/runner/.m2/repository/com/google/inject/extensions/guice-assistedinject/6.0.0/guice-assistedinject-6.0.0.jar:/home/runner/.m2/repository/com/google/inject/extensions/guice-servlet/6.0.0/guice-servlet-6.0.0.jar:/home/runner/.m2/repository/org/glassfish/jersey/containers/jersey-container-servlet/2.42/jersey-container-servlet-2.42.jar:/home/runner/.m2/repository/org/glassfish/hk2/guice-bridge/2.6.1/guice-bridge-2.6.1.jar:/home/runner/.m2/repository/org/glassfish/jersey/core/jersey-server/2.42/jersey-server-2.42.jar:/home/runner/.m2/repository/org/glassfish/jersey/core/jersey-client/2.42/jersey-client-2.42.jar:/home/runner/.m2/repository/jakarta/validation/jakarta.validation-api/2.0.2/jakarta.validation-api-2.0.2.jar:/home/runner/.m2/repository/org/glassfish/jersey/media/jersey-media-json-jackson/2.42/jersey-media-json-jackson-2.42.jar:/home/runner/.m2/repository/org/glassfish/jersey/ext/jersey-entity-filtering/2.42/jersey-entity-filtering-2.42.jar:/home/runner/.m2/repository/org/jooq/jooq/3.11.10/jooq-3.11.10.jar:/home/runner/.m2/repository/org/jooq/jooq-meta/3.11.10/jooq-meta-3.11.10.jar:/home/runner/.m2/repository/org/jooq/jooq-codegen/3.11.10/jooq-codegen-3.11.10.jar:/home/runner/.m2/repository/com/jolbox/bonecp/0.8.0.RELEASE/bonecp-0.8.0.RELEASE.jar:/home/runner/.m2/repository/org/apache/derby/derby/10.14.2.0/derby-10.14.2.0.jar:/home/runner/.m2/repository/org/xerial/sqlite-jdbc/3.44.1.0/sqlite-jdbc-3.44.1.0.jar:/home/runner/.m2/repository/org/springframework/spring-jdbc/5.3.27/spring-jdbc-5.3.27.jar:/home/runner/.m2/repository/org/springframework/spring-beans/5.3.27/spring-beans-5.3.27.jar:/home/runner/.m2/repository/org/springframework/spring-core/5.3.27/spring-core-5.3.27.jar:/home/runner/.m2/repository/org/springframework/spring-tx/5.3.27/spring-tx-5.3.27.jar:/home/runner/work/ozone/ozone/hadoop-ozone/client/target/classes:/home/runner/work/ozone/ozone/hadoop-hdds/erasurecode/target/classes:/home/runner/work/ozone/ozone/hadoop-ozone/ozonefs/target/classes:/home/runner/work/ozone/ozone/hadoop-ozone/ozonefs-common/target/classes:/home/runner/work/ozone/ozone/hadoop-ozone/tools/target/classes:/home/runner/.m2/repository/com/amazonaws/aws-java-sdk-core/1.12.661/aws-java-sdk-core-1.12.661.jar:/home/runner/.m2/repository/org/apache/httpcomponents/httpclient/4.5.14/httpclient-4.5.14.jar:/home/runner/.m2/repository/org/apache/httpcomponents/httpcore/4.4.16/httpcore-4.4.16.jar:/home/runner/.m2/repository/com/fasterxml/jackson/dataformat/jackson-dataformat-cbor/2.16.1/jackson-dataformat-cbor-2.16.1.jar:/home/runner/.m2/repository/joda-time/joda-time/2.12.7/joda-time-2.12.7.jar:/home/runner/.m2/repository/com/amazonaws/aws-java-sdk-s3/1.12.661/aws-java-sdk-s3-1.12.661.jar:/home/runner/.m2/repository/com/amazonaws/aws-java-sdk-kms/1.12.661/aws-java-sdk-kms-1.12.661.jar:/home/runner/.m2/repository/com/amazonaws/jmespath-java/1.12.661/jmespath-java-1.12.661.jar:/home/runner/.m2/repository/org/kohsuke/metainf-services/metainf-services/1.11/metainf-services-1.11.jar:/home/runner/work/ozone/ozone/hadoop-hdds/tools/target/classes:/home/runner/.m2/repository/org/apache/ratis/ratis-tools/3.0.1/ratis-tools-3.0.1.jar:/home/runner/.m2/repository/commons-cli/commons-cli/1.6.0/commons-cli-1.6.0.jar:/home/runner/.m2/repository/org/apache/commons/commons-lang3/3.14.0/commons-lang3-3.14.0.jar:/home/runner/work/ozone/ozone/hadoop-ozone/ozone-manager/target/test-classes:/home/runner/work/ozone/ozone/hadoop-hdds/common/target/test-classes:/home/runner/work/ozone/ozone/hadoop-hdds/hadoop-dependency-client/target/classes:/home/runner/.m2/repository/info/picocli/picocli/4.7.5/picocli-4.7.5.jar:/home/runner/.m2/repository/com/fasterxml/jackson/core/jackson-annotations/2.16.1/jackson-annotations-2.16.1.jar:/home/runner/work/ozone/ozone/hadoop-hdds/annotations/target/classes:/home/runner/.m2/repository/javax/annotation/javax.annotation-api/1.3.2/javax.annotation-api-1.3.2.jar:/home/runner/.m2/repository/org/apache/ratis/ratis-netty/3.0.1/ratis-netty-3.0.1.jar:/home/runner/.m2/repository/org/apache/ratis/ratis-grpc/3.0.1/ratis-grpc-3.0.1.jar:/home/runner/.m2/repository/org/bouncycastle/bcpkix-jdk18on/1.77/bcpkix-jdk18on-1.77.jar:/home/runner/.m2/repository/org/bouncycastle/bcutil-jdk18on/1.77/bcutil-jdk18on-1.77.jar:/home/runner/.m2/repository/commons-validator/commons-validator/1.6/commons-validator-1.6.jar:/home/runner/.m2/repository/commons-beanutils/commons-beanutils/1.9.4/commons-beanutils-1.9.4.jar:/home/runner/.m2/repository/commons-digester/commons-digester/1.8.1/commons-digester-1.8.1.jar:/home/runner/.m2/repository/commons-collections/commons-collections/3.2.2/commons-collections-3.2.2.jar:/home/runner/.m2/repository/io/jaegertracing/jaeger-client/1.8.1/jaeger-client-1.8.1.jar:/home/runner/.m2/repository/io/jaegertracing/jaeger-thrift/1.8.1/jaeger-thrift-1.8.1.jar:/home/runner/.m2/repository/org/apache/thrift/libthrift/0.15.0/libthrift-0.15.0.jar:/home/runner/.m2/repository/io/jaegertracing/jaeger-core/1.8.1/jaeger-core-1.8.1.jar:/home/runner/.m2/repository/io/jaegertracing/jaeger-tracerresolver/1.8.1/jaeger-tracerresolver-1.8.1.jar:/home/runner/.m2/repository/io/opentracing/contrib/opentracing-tracerresolver/0.1.8/opentracing-tracerresolver-0.1.8.jar:/home/runner/.m2/repository/org/jetbrains/kotlin/kotlin-stdlib/1.9.22/kotlin-stdlib-1.9.22.jar:/home/runner/.m2/repository/org/jetbrains/annotations/13.0/annotations-13.0.jar:/home/runner/.m2/repository/io/opentracing/opentracing-util/0.33.0/opentracing-util-0.33.0.jar:/home/runner/.m2/repository/io/opentracing/opentracing-api/0.33.0/opentracing-api-0.33.0.jar:/home/runner/.m2/repository/io/opentracing/opentracing-noop/0.33.0/opentracing-noop-0.33.0.jar:/home/runner/.m2/repository/org/yaml/snakeyaml/2.0/snakeyaml-2.0.jar:/home/runner/.m2/repository/io/grpc/grpc-api/1.58.0/grpc-api-1.58.0.jar:/home/runner/.m2/repository/org/junit/platform/junit-platform-launcher/1.10.2/junit-platform-launcher-1.10.2.jar:/home/runner/.m2/repository/org/junit/platform/junit-platform-engine/1.10.2/junit-platform-engine-1.10.2.jar:/home/runner/.m2/repository/org/apiguardian/apiguardian-api/1.1.2/apiguardian-api-1.1.2.jar:/home/runner/.m2/repository/org/apache/hadoop/hadoop-kms/3.3.6/hadoop-kms-3.3.6.jar:/home/runner/.m2/repository/org/apache/hadoop/hadoop-auth/3.3.6/hadoop-auth-3.3.6.jar:/home/runner/.m2/repository/org/apache/zookeeper/zookeeper/3.8.4/zookeeper-3.8.4.jar:/home/runner/.m2/repository/org/apache/zookeeper/zookeeper-jute/3.8.4/zookeeper-jute-3.8.4.jar:/home/runner/.m2/repository/org/apache/yetus/audience-annotations/0.12.0/audience-annotations-0.12.0.jar:/home/runner/.m2/repository/org/apache/curator/curator-framework/4.2.0/curator-framework-4.2.0.jar:/home/runner/.m2/repository/org/apache/hadoop/thirdparty/hadoop-shaded-guava/1.2.0/hadoop-shaded-guava-1.2.0.jar:/home/runner/.m2/repository/com/sun/jersey/jersey-core/1.19.4/jersey-core-1.19.4.jar:/home/runner/.m2/repository/javax/ws/rs/jsr311-api/1.1.1/jsr311-api-1.1.1.jar:/home/runner/.m2/repository/com/sun/jersey/jersey-server/1.19.4/jersey-server-1.19.4.jar:/home/runner/.m2/repository/javax/servlet/javax.servlet-api/3.1.0/javax.servlet-api-3.1.0.jar:/home/runner/.m2/repository/org/apache/hadoop/hadoop-common/3.3.6/hadoop-common-3.3.6.jar:/home/runner/.m2/repository/org/apache/commons/commons-math3/3.6.1/commons-math3-3.6.1.jar:/home/runner/.m2/repository/commons-net/commons-net/3.10.0/commons-net-3.10.0.jar:/home/runner/.m2/repository/com/sun/jersey/jersey-servlet/1.19.4/jersey-servlet-1.19.4.jar:/home/runner/.m2/repository/com/github/pjfanning/jersey-json/1.20/jersey-json-1.20.jar:/home/runner/.m2/repository/org/codehaus/jettison/jettison/1.1/jettison-1.1.jar:/home/runner/.m2/repository/com/sun/xml/bind/jaxb-impl/2.2.3-1/jaxb-impl-2.2.3-1.jar:/home/runner/.m2/repository/com/google/re2j/re2j/1.7/re2j-1.7.jar:/home/runner/.m2/repository/com/jcraft/jsch/0.1.55/jsch-0.1.55.jar:/home/runner/.m2/repository/org/apache/curator/curator-client/4.2.0/curator-client-4.2.0.jar:/home/runner/.m2/repository/org/apache/curator/curator-recipes/5.2.0/curator-recipes-5.2.0.jar:/home/runner/.m2/repository/com/google/code/findbugs/jsr305/3.0.2/jsr305-3.0.2.jar:/home/runner/.m2/repository/org/apache/kerby/kerb-core/1.0.1/kerb-core-1.0.1.jar:/home/runner/.m2/repository/org/apache/kerby/kerby-pkix/1.0.1/kerby-pkix-1.0.1.jar:/home/runner/.m2/repository/org/apache/kerby/kerby-asn1/1.0.1/kerby-asn1-1.0.1.jar:/home/runner/.m2/repository/org/apache/kerby/kerby-util/1.0.1/kerby-util-1.0.1.jar:/home/runner/.m2/repository/dnsjava/dnsjava/2.1.7/dnsjava-2.1.7.jar:/home/runner/.m2/repository/com/fasterxml/jackson/core/jackson-databind/2.16.1/jackson-databind-2.16.1.jar:/home/runner/.m2/repository/org/apache/hadoop/hadoop-kms/3.3.6/hadoop-kms-3.3.6-tests.jar:/home/runner/work/ozone/ozone/hadoop-hdds/server-scm/target/test-classes:/home/runner/work/ozone/ozone/hadoop-hdds/container-service/target/test-classes:/home/runner/.m2/repository/com/github/luben/zstd-jni/1.5.6-2/zstd-jni-1.5.6-2.jar:/home/runner/.m2/repository/commons-codec/commons-codec/1.15/commons-codec-1.15.jar:/home/runner/.m2/repository/io/netty/netty-codec/4.1.100.Final/netty-codec-4.1.100.Final.jar:/home/runner/.m2/repository/io/netty/netty-handler/4.1.100.Final/netty-handler-4.1.100.Final.jar:/home/runner/work/ozone/ozone/hadoop-hdds/hadoop-dependency-test/target/classes:/home/runner/.m2/repository/org/apache/hadoop/hadoop-common/3.3.6/hadoop-common-3.3.6-tests.jar:/home/runner/.m2/repository/org/apache/hadoop/hadoop-hdfs/3.3.6/hadoop-hdfs-3.3.6-tests.jar:/home/runner/.m2/repository/org/junit/jupiter/junit-jupiter-engine/5.10.2/junit-jupiter-engine-5.10.2.jar:/home/runner/.m2/repository/org/junit/jupiter/junit-jupiter-params/5.10.2/junit-jupiter-params-5.10.2.jar:/home/runner/.m2/repository/org/mockito/mockito-core/4.11.0/mockito-core-4.11.0.jar:/home/runner/.m2/repository/net/bytebuddy/byte-buddy/1.12.19/byte-buddy-1.12.19.jar:/home/runner/.m2/repository/net/bytebuddy/byte-buddy-agent/1.12.19/byte-buddy-agent-1.12.19.jar:/home/runner/.m2/repository/org/objenesis/objenesis/3.3/objenesis-3.3.jar:/home/runner/.m2/repository/org/mockito/mockito-inline/4.11.0/mockito-inline-4.11.0.jar:/home/runner/.m2/repository/org/mockito/mockito-junit-jupiter/4.11.0/mockito-junit-jupiter-4.11.0.jar:/home/runner/.m2/repository/org/apache/hadoop/hadoop-distcp/3.3.6/hadoop-distcp-3.3.6.jar:/home/runner/.m2/repository/org/apache/hadoop/hadoop-mapreduce-client-jobclient/3.3.6/hadoop-mapreduce-client-jobclient-3.3.6.jar:/home/runner/.m2/repository/org/apache/hadoop/hadoop-mapreduce-client-common/3.3.6/hadoop-mapreduce-client-common-3.3.6.jar:/home/runner/.m2/repository/org/apache/hadoop/hadoop-yarn-common/3.3.6/hadoop-yarn-common-3.3.6.jar:/home/runner/.m2/repository/org/apache/hadoop/hadoop-yarn-api/3.3.6/hadoop-yarn-api-3.3.6.jar:/home/runner/.m2/repository/javax/xml/bind/jaxb-api/2.2.11/jaxb-api-2.2.11.jar:/home/runner/.m2/repository/com/sun/jersey/contribs/jersey-guice/1.19.4/jersey-guice-1.19.4.jar:/home/runner/.m2/repository/com/fasterxml/jackson/jaxrs/jackson-jaxrs-json-provider/2.16.1/jackson-jaxrs-json-provider-2.16.1.jar:/home/runner/.m2/repository/com/fasterxml/jackson/jaxrs/jackson-jaxrs-base/2.16.1/jackson-jaxrs-base-2.16.1.jar:/home/runner/.m2/repository/org/apache/hadoop/hadoop-yarn-client/3.3.6/hadoop-yarn-client-3.3.6.jar:/home/runner/.m2/repository/org/eclipse/jetty/websocket/websocket-client/9.4.51.v20230217/websocket-client-9.4.51.v20230217.jar:/home/runner/.m2/repository/org/eclipse/jetty/websocket/websocket-common/9.4.51.v20230217/websocket-common-9.4.51.v20230217.jar:/home/runner/.m2/repository/org/eclipse/jetty/websocket/websocket-api/9.4.51.v20230217/websocket-api-9.4.51.v20230217.jar:/home/runner/.m2/repository/org/jline/jline/3.9.0/jline-3.9.0.jar:/home/runner/.m2/repository/org/apache/hadoop/hadoop-mapreduce-client-core/3.3.6/hadoop-mapreduce-client-core-3.3.6.jar:/home/runner/.m2/repository/org/apache/avro/avro/1.7.7/avro-1.7.7.jar:/home/runner/.m2/repository/com/thoughtworks/paranamer/paranamer/2.3/paranamer-2.3.jar:/home/runner/.m2/repository/org/apache/hadoop/hadoop-annotations/3.3.6/hadoop-annotations-3.3.6.jar:/home/runner/.m2/repository/io/netty/netty/3.10.6.Final/netty-3.10.6.Final.jar:/home/runner/.m2/repository/org/apache/hadoop/hadoop-distcp/3.3.6/hadoop-distcp-3.3.6-tests.jar:/home/runner/.m2/repository/org/hamcrest/hamcrest/2.2/hamcrest-2.2.jar:/home/runner/.m2/repository/org/slf4j/jul-to-slf4j/2.0.12/jul-to-slf4j-2.0.12.jar:/home/runner/work/ozone/ozone/hadoop-ozone/integration-test/target/gradle-enterprise/test-listeners.jar:"/>
    <property name="sun.cpu.endian" value="little"/>
    <property name="user.home" value="/home/runner"/>
    <property name="user.language" value="en"/>
    <property name="java.specification.vendor" value="Oracle Corporation"/>
    <property name="java.version.date" value="2024-01-16"/>
    <property name="java.home" value="/usr/lib/jvm/temurin-17-jdk-amd64"/>
    <property name="java.security.krb5.conf" value="/home/runner/work/ozone/ozone/hadoop-ozone/integration-test/target/test-classes/krb5.conf"/>
    <property name="file.separator" value="/"/>
    <property name="basedir" value="/home/runner/work/ozone/ozone/hadoop-ozone/integration-test"/>
    <property name="java.vm.compressedOopsMode" value="Zero based"/>
    <property name="line.separator" value="&#10;"/>
    <property name="java.vm.specification.vendor" value="Oracle Corporation"/>
    <property name="java.specification.name" value="Java Platform API Specification"/>
    <property name="skip.installnpx" value="true"/>
    <property name="surefire.fork.timeout" value="3600"/>
    <property name="surefire.real.class.path" value="/home/runner/work/ozone/ozone/hadoop-ozone/integration-test/target/surefire/surefirebooter7722242750774049953.jar"/>
    <property name="hadoop.log.dir" value="/home/runner/work/ozone/ozone/hadoop-ozone/integration-test/target/log"/>
    <property name="sun.management.compiler" value="HotSpot 64-Bit Tiered Compilers"/>
    <property name="java.runtime.version" value="17.0.10+7"/>
    <property name="skip.npx" value="true"/>
    <property name="user.name" value="runner"/>
    <property name="java.net.preferIPv4Stack" value="true"/>
    <property name="path.separator" value=":"/>
    <property name="java.security.egd" value="file:///dev/urandom"/>
    <property name="os.version" value="5.15.0-1061-azure"/>
    <property name="java.runtime.name" value="OpenJDK Runtime Environment"/>
    <property name="com.gradle.maven.scan.extension.test.listener.junitplatform.NestedExecutionSafeDelegatingTestExecutionListener" value="1a7ca7a3"/>
    <property name="file.encoding" value="UTF-8"/>
    <property name="java.vm.name" value="OpenJDK 64-Bit Server VM"/>
    <property name="java.vendor.version" value="Temurin-17.0.10+7"/>
    <property name="test.build.webapps" value=""/>
    <property name="gradle.enterprise.listener.port" value="39385"/>
    <property name="localRepository" value="/home/runner/.m2/repository"/>
    <property name="java.vendor.url.bug" value="https://github.com/adoptium/adoptium-support/issues"/>
    <property name="jetty.git.hash" value="27bde00a0b95a1d5bbee0eae7984f891d2d0f8c9"/>
    <property name="java.io.tmpdir" value="/tmp"/>
    <property name="require.test.libhadoop" value=""/>
    <property name="java.version" value="17.0.10"/>
    <property name="surefire.rerunFailingTestsCount" value="5"/>
    <property name="user.dir" value="/home/runner/work/ozone/ozone/hadoop-ozone/integration-test"/>
    <property name="os.arch" value="amd64"/>
    <property name="java.vm.specification.name" value="Java Virtual Machine Specification"/>
    <property name="test.build.classes" value="/home/runner/work/ozone/ozone/hadoop-ozone/integration-test/target/test-classes"/>
    <property name="org.apache.ratis.thirdparty.io.netty.allocator.useCacheForAllThreads" value="false"/>
    <property name="native.encoding" value="UTF-8"/>
    <property name="hadoop.tmp.dir" value="/home/runner/work/ozone/ozone/hadoop-ozone/integration-test/target/tmp"/>
    <property name="java.library.path" value="/usr/java/packages/lib:/usr/lib64:/lib64:/lib:/usr/lib"/>
    <property name="java.vm.info" value="mixed mode, sharing"/>
    <property name="java.vendor" value="Eclipse Adoptium"/>
    <property name="java.vm.version" value="17.0.10+7"/>
    <property name="sun.io.unicode.encoding" value="UnicodeLittle"/>
    <property name="java.class.version" value="61.0"/>
  </properties>
  <testcase name="testWatchForCommitWithKeyWrite" classname="org.apache.hadoop.ozone.client.rpc.TestWatchForCommit" time="49.108"/>
  <testcase name="testWatchForCommitForRetryfailure" classname="org.apache.hadoop.ozone.client.rpc.TestWatchForCommit" time="46.633">
    <flakyFailure type="java.lang.AssertionError">
      <stackTrace><![CDATA[java.lang.AssertionError: 

Expecting:
 <"org.apache.ratis.protocol.exceptions.RaftRetryFailureException: Failed RaftClientRequest:client-7B9BF390C688->feac95e6-d772-4287-b681-0d01f32bbe53@group-E118F02A43E4, cid=47, seq=null, Watch-MAJORITY_COMMITTED(81), null for 3 attempts with RequestTypeDependentRetryPolicy{WRITE->ExceptionDependentRetry(maxAttempts=2147483647; defaultPolicy=MultipleLinearRandomRetry[5x5s, 5x10s, 5x15s, 5x20s, 5x25s, 10x60s]; map={org.apache.ratis.protocol.exceptions.GroupMismatchException->NoRetry, org.apache.ratis.protocol.exceptions.NotReplicatedException->NoRetry, org.apache.ratis.protocol.exceptions.ResourceUnavailableException->org.apache.ratis.retry.ExponentialBackoffRetry@ada1d5f, org.apache.ratis.protocol.exceptions.StateMachineException->NoRetry, org.apache.ratis.protocol.exceptions.TimeoutIOException->org.apache.ratis.retry.ExponentialBackoffRetry@ada1d5f}), WATCH->ExceptionDependentRetry(maxAttempts=2147483647; defaultPolicy=MultipleLinearRandomRetry[5x5s, 5x10s, 5x15s, 5x20s, 5x25s, 10x60s]; map={org.apache.ratis.protocol.exceptions.GroupMismatchException->NoRetry, org.apache.ratis.protocol.exceptions.NotReplicatedException->NoRetry, org.apache.ratis.protocol.exceptions.ResourceUnavailableException->org.apache.ratis.retry.ExponentialBackoffRetry@ada1d5f, org.apache.ratis.protocol.exceptions.StateMachineException->NoRetry, org.apache.ratis.protocol.exceptions.TimeoutIOException->NoRetry})}">
not to contain:
 <"Watch-MAJORITY_COMMITTED">

	at org.apache.hadoop.ozone.client.rpc.TestWatchForCommit.testWatchForCommitForRetryfailure(TestWatchForCommit.java:295)
	at java.base/java.lang.reflect.Method.invoke(Method.java:568)
	at java.base/java.util.ArrayList.forEach(ArrayList.java:1511)
	at java.base/java.util.ArrayList.forEach(ArrayList.java:1511)
]]></stackTrace>
      <system-out><![CDATA[2024-04-25 19:24:48,400 [main] WARN  server.ServerUtils (ServerUtils.java:getScmDbDir(143)) - ozone.scm.db.dirs is not configured. We recommend adding this setting. Falling back to ozone.metadata.dirs instead.
2024-04-25 19:24:48,403 [main] WARN  server.ServerUtils (ServerUtils.java:getScmDbDir(143)) - ozone.scm.db.dirs is not configured. We recommend adding this setting. Falling back to ozone.metadata.dirs instead.
2024-04-25 19:24:48,404 [main] INFO  ha.SCMHANodeDetails (SCMHANodeDetails.java:loadSCMHAConfig(207)) - ServiceID for StorageContainerManager is null
2024-04-25 19:24:48,404 [main] INFO  ha.SCMHANodeDetails (SCMHANodeDetails.java:loadSCMHAConfig(212)) - ozone.scm.default.service.id is not defined, falling back to ozone.scm.service.ids to find serviceID for StorageContainerManager if it is HA enabled cluster
2024-04-25 19:24:48,405 [main] WARN  utils.HAUtils (HAUtils.java:getMetaDir(339)) - ozone.scm.db.dirs is not configured. We recommend adding this setting. Falling back to ozone.metadata.dirs instead.
2024-04-25 19:24:48,405 [main] WARN  db.DBStoreBuilder (DBStoreBuilder.java:applyDBDefinition(171)) - ozone.scm.db.dirs is not configured. We recommend adding this setting. Falling back to ozone.metadata.dirs instead.
2024-04-25 19:24:48,503 [main] INFO  net.NodeSchemaLoader (NodeSchemaLoader.java:loadSchemaFromFile(129)) - Loading schema from [file:/home/runner/work/ozone/ozone/hadoop-hdds/common/target/classes/network-topology-default.xml]
2024-04-25 19:24:48,503 [main] INFO  net.NodeSchemaLoader (NodeSchemaLoader.java:loadSchema(176)) - Loading network topology layer schema file
2024-04-25 19:24:48,506 [main] INFO  upgrade.AbstractLayoutVersionManager (AbstractLayoutVersionManager.java:init(83)) - Initializing Layout version manager with metadata layout = HADOOP_PRC_PORTS_IN_DATANODEDETAILS (version = 7), software layout = HADOOP_PRC_PORTS_IN_DATANODEDETAILS (version = 7)
2024-04-25 19:24:48,507 [main] INFO  ha.SequenceIdGenerator (SequenceIdGenerator.java:upgradeToSequenceId(370)) - upgrade localId to 113750153625600000
2024-04-25 19:24:48,507 [main] INFO  ha.SequenceIdGenerator (SequenceIdGenerator.java:upgradeToSequenceId(380)) - upgrade delTxnId to 0
2024-04-25 19:24:48,508 [main] INFO  ha.SequenceIdGenerator (SequenceIdGenerator.java:upgradeToSequenceId(397)) - upgrade containerId to 0
2024-04-25 19:24:48,509 [main] INFO  ha.SequenceIdGenerator (SequenceIdGenerator.java:upgradeToCertificateSequenceId(444)) - upgrade CertificateId to 2
2024-04-25 19:24:48,509 [main] INFO  ha.SequenceIdGenerator (SequenceIdGenerator.java:<init>(241)) - Init the HA SequenceIdGenerator.
2024-04-25 19:24:48,510 [main] INFO  node.SCMNodeManager (SCMNodeManager.java:<init>(177)) - Entering startup safe mode.
2024-04-25 19:24:48,510 [main] INFO  algorithms.ContainerPlacementPolicyFactory (ContainerPlacementPolicyFactory.java:getPolicyInternal(86)) - Create container placement policy of type org.apache.hadoop.hdds.scm.container.placement.algorithms.SCMContainerPlacementRackAware
2024-04-25 19:24:48,511 [main] INFO  algorithms.ContainerPlacementPolicyFactory (ContainerPlacementPolicyFactory.java:getPolicyInternal(86)) - Create container placement policy of type org.apache.hadoop.hdds.scm.container.placement.algorithms.SCMContainerPlacementRackScatter
2024-04-25 19:24:48,511 [main] INFO  pipeline.PipelineStateManagerImpl (PipelineStateManagerImpl.java:initialize(78)) - No pipeline exists in current db
2024-04-25 19:24:48,511 [main] INFO  algorithms.LeaderChoosePolicyFactory (LeaderChoosePolicyFactory.java:getPolicy(57)) - Create leader choose policy of type org.apache.hadoop.hdds.scm.pipeline.leader.choose.algorithms.MinLeaderCountChoosePolicy
2024-04-25 19:24:48,511 [main] INFO  algorithms.ContainerPlacementPolicyFactory (ContainerPlacementPolicyFactory.java:getPolicyInternal(86)) - Create container placement policy of type org.apache.hadoop.hdds.scm.container.placement.algorithms.SCMContainerPlacementRackScatter
2024-04-25 19:24:48,511 [main] INFO  ha.SCMServiceManager (SCMServiceManager.java:register(42)) - Registering service BackgroundPipelineCreator.
2024-04-25 19:24:48,511 [main] INFO  pipeline.BackgroundPipelineCreator (BackgroundPipelineCreator.java:start(127)) - Starting RatisPipelineUtilsThread.
2024-04-25 19:24:48,512 [main] INFO  BackgroundPipelineScrubber (BackgroundSCMService.java:start(65)) - Starting BackgroundPipelineScrubber Service.
2024-04-25 19:24:48,512 [main] INFO  ha.SCMServiceManager (SCMServiceManager.java:register(42)) - Registering service BackgroundPipelineScrubber.
2024-04-25 19:24:48,512 [main] INFO  ExpiredContainerReplicaOpScrubber (BackgroundSCMService.java:start(65)) - Starting ExpiredContainerReplicaOpScrubber Service.
2024-04-25 19:24:48,512 [main] INFO  ha.SCMServiceManager (SCMServiceManager.java:register(42)) - Registering service ExpiredContainerReplicaOpScrubber.
2024-04-25 19:24:48,517 [main] INFO  algorithms.PipelineChoosePolicyFactory (PipelineChoosePolicyFactory.java:createPipelineChoosePolicyFromClass(80)) - Create pipeline choose policy of type org.apache.hadoop.hdds.scm.pipeline.choose.algorithms.RandomPipelineChoosePolicy
2024-04-25 19:24:48,517 [main] INFO  algorithms.PipelineChoosePolicyFactory (PipelineChoosePolicyFactory.java:createPipelineChoosePolicyFromClass(80)) - Create pipeline choose policy of type org.apache.hadoop.hdds.scm.pipeline.choose.algorithms.RandomPipelineChoosePolicy
2024-04-25 19:24:48,518 [main] INFO  ha.SCMServiceManager (SCMServiceManager.java:register(42)) - Registering service SCMBlockDeletingService.
2024-04-25 19:24:48,519 [main] INFO  replication.ReplicationManager (ReplicationManager.java:start(295)) - Starting Replication Monitor Thread.
2024-04-25 19:24:48,520 [main] INFO  ha.SCMServiceManager (SCMServiceManager.java:register(42)) - Registering service ReplicationManager.
2024-04-25 19:24:48,520 [main] INFO  safemode.ContainerSafeModeRule (ContainerSafeModeRule.java:<init>(91)) - containers with one replica threshold count 0
2024-04-25 19:24:48,520 [main] INFO  safemode.HealthyPipelineSafeModeRule (HealthyPipelineSafeModeRule.java:initializeRule(176)) - Total pipeline count is 0, healthy pipeline threshold count is 1
2024-04-25 19:24:48,521 [ReplicationMonitor] INFO  replication.ReplicationManager (ReplicationManager.java:processAll(371)) - Replication Manager is not ready to run until 3000ms after safemode exit
2024-04-25 19:24:48,521 [main] INFO  safemode.OneReplicaPipelineSafeModeRule (OneReplicaPipelineSafeModeRule.java:initializeRule(193)) - Total pipeline count is 0, pipeline's with at least one datanode reported threshold count is 0
2024-04-25 19:24:48,522 [main] INFO  server.StorageContainerManager (StorageContainerManager.java:<init>(440)) - SCM start with adminUsers: [runner]
2024-04-25 19:24:48,523 [main] INFO  ipc.CallQueueManager (CallQueueManager.java:<init>(90)) - Using callQueue: class java.util.concurrent.LinkedBlockingQueue, queueCapacity: 10000, scheduler: class org.apache.hadoop.ipc.DefaultRpcScheduler, ipcBackoff: false.
2024-04-25 19:24:48,523 [main] INFO  ipc.Server (Server.java:<init>(1287)) - Listener at 0.0.0.0:15091
2024-04-25 19:24:48,523 [Socket Reader #1 for port 15091] INFO  ipc.Server (Server.java:run(1323)) - Starting Socket Reader #1 for port 15091
2024-04-25 19:24:48,524 [main] INFO  ipc.CallQueueManager (CallQueueManager.java:<init>(90)) - Using callQueue: class java.util.concurrent.LinkedBlockingQueue, queueCapacity: 10000, scheduler: class org.apache.hadoop.ipc.DefaultRpcScheduler, ipcBackoff: false.
2024-04-25 19:24:48,524 [main] INFO  ipc.Server (Server.java:<init>(1287)) - Listener at 0.0.0.0:15090
2024-04-25 19:24:48,525 [Socket Reader #1 for port 15090] INFO  ipc.Server (Server.java:run(1323)) - Starting Socket Reader #1 for port 15090
2024-04-25 19:24:48,526 [main] INFO  ipc.CallQueueManager (CallQueueManager.java:<init>(90)) - Using callQueue: class java.util.concurrent.LinkedBlockingQueue, queueCapacity: 10000, scheduler: class org.apache.hadoop.ipc.DefaultRpcScheduler, ipcBackoff: false.
2024-04-25 19:24:48,526 [main] INFO  ipc.Server (Server.java:<init>(1287)) - Listener at 0.0.0.0:15089
2024-04-25 19:24:48,526 [Socket Reader #1 for port 15089] INFO  ipc.Server (Server.java:run(1323)) - Starting Socket Reader #1 for port 15089
2024-04-25 19:24:48,530 [main] INFO  ha.SCMServiceManager (SCMServiceManager.java:register(42)) - Registering service ContainerBalancer.
2024-04-25 19:24:48,530 [main] INFO  ha.SCMContext (SCMContext.java:updateSafeModeStatus(225)) - Update SafeModeStatus from SafeModeStatus{safeModeStatus=true, preCheckPassed=false} to SafeModeStatus{safeModeStatus=true, preCheckPassed=false}.
2024-04-25 19:24:48,530 [main] INFO  server.StorageContainerManager (StorageContainerManager.java:start(1545)) - StorageContainerLocationProtocol RPC server is listening at /0.0.0.0:15089
2024-04-25 19:24:48,532 [main] WARN  impl.MetricsConfig (MetricsConfig.java:loadFirst(136)) - Cannot locate configuration: tried hadoop-metrics2-storagecontainermanager.properties,hadoop-metrics2.properties
2024-04-25 19:24:48,533 [main] INFO  impl.MetricsSystemImpl (MetricsSystemImpl.java:startTimer(378)) - Scheduled Metric snapshot period at 10 second(s).
2024-04-25 19:24:48,533 [main] INFO  impl.MetricsSystemImpl (MetricsSystemImpl.java:start(191)) - StorageContainerManager metrics system started
2024-04-25 19:24:48,540 [main] INFO  impl.MetricsSinkAdapter (MetricsSinkAdapter.java:start(204)) - Sink prometheus started
2024-04-25 19:24:48,541 [main] INFO  impl.MetricsSystemImpl (MetricsSystemImpl.java:registerSink(305)) - Registered sink prometheus
2024-04-25 19:24:48,566 [main] INFO  server.SCMClientProtocolServer (SCMClientProtocolServer.java:start(204)) - RPC server for Client  is listening at /0.0.0.0:15089
2024-04-25 19:24:48,567 [IPC Server Responder] INFO  ipc.Server (Server.java:run(1562)) - IPC Server Responder: starting
2024-04-25 19:24:48,567 [IPC Server listener on 15089] INFO  ipc.Server (Server.java:run(1402)) - IPC Server listener on 15089: starting
2024-04-25 19:24:48,590 [main] INFO  server.StorageContainerManager (StorageContainerManager.java:start(1558)) - ScmBlockLocationProtocol RPC server is listening at /0.0.0.0:15090
2024-04-25 19:24:48,590 [main] INFO  server.SCMBlockProtocolServer (SCMBlockProtocolServer.java:start(162)) - RPC server for Block Protocol is listening at /0.0.0.0:15090
2024-04-25 19:24:48,590 [IPC Server Responder] INFO  ipc.Server (Server.java:run(1562)) - IPC Server Responder: starting
2024-04-25 19:24:48,590 [IPC Server listener on 15090] INFO  ipc.Server (Server.java:run(1402)) - IPC Server listener on 15090: starting
2024-04-25 19:24:48,602 [main] INFO  server.SCMDatanodeProtocolServer (SCMDatanodeProtocolServer.java:start(194)) - ScmDatanodeProtocol RPC server for DataNodes is listening at /0.0.0.0:15091
2024-04-25 19:24:48,602 [IPC Server Responder] INFO  ipc.Server (Server.java:run(1562)) - IPC Server Responder: starting
2024-04-25 19:24:48,604 [IPC Server listener on 15091] INFO  ipc.Server (Server.java:run(1402)) - IPC Server listener on 15091: starting
2024-04-25 19:24:48,615 [JvmPauseMonitor11] INFO  util.JvmPauseMonitor (JvmPauseMonitor.java:run(146)) - JvmPauseMonitor-d6c5a227-28c4-4364-9fd6-281ff6033338: Started
2024-04-25 19:24:48,615 [main] INFO  http.BaseHttpServer (BaseHttpServer.java:newHttpServer2BuilderForOzone(223)) - Starting Web-server for scm at: http://0.0.0.0:15092
2024-04-25 19:24:48,616 [main] INFO  http.BaseHttpServer (BaseHttpServer.java:<init>(110)) - Hadoop Security Enabled: false Ozone Security Enabled: false Ozone HTTP Security Enabled: false 
2024-04-25 19:24:48,618 [main] WARN  server.AuthenticationFilter (AuthenticationFilter.java:constructSecretProvider(240)) - Unable to initialize FileSignerSecretProvider, falling back to use random secrets. Reason: Could not read signature secret file: /home/runner/hadoop-http-auth-signature-secret
2024-04-25 19:24:48,619 [main] INFO  http.HttpRequestLog (HttpRequestLog.java:getRequestLog(86)) - Http request log for http.requests.scm is not defined
2024-04-25 19:24:48,620 [main] INFO  http.HttpServer2 (HttpServer2.java:addGlobalFilter(1036)) - Added global filter 'safety' (class=org.apache.hadoop.hdds.server.http.HttpServer2$QuotingInputFilter)
2024-04-25 19:24:48,621 [main] INFO  http.HttpServer2 (HttpServer2.java:addFilter(1012)) - Added filter static_user_filter (class=org.apache.hadoop.http.lib.StaticUserWebFilter$StaticUserFilter) to context scm
2024-04-25 19:24:48,622 [main] INFO  http.HttpServer2 (HttpServer2.java:addFilter(1020)) - Added filter static_user_filter (class=org.apache.hadoop.http.lib.StaticUserWebFilter$StaticUserFilter) to context logs
2024-04-25 19:24:48,622 [main] INFO  http.HttpServer2 (HttpServer2.java:addFilter(1020)) - Added filter static_user_filter (class=org.apache.hadoop.http.lib.StaticUserWebFilter$StaticUserFilter) to context static
2024-04-25 19:24:48,623 [main] INFO  http.BaseHttpServer (BaseHttpServer.java:<init>(189)) - HTTP server of scm uses base directory /home/runner/work/ozone/ozone/hadoop-ozone/integration-test/target/test-dir/MiniOzoneClusterImpl-d2e81863-a659-4dd2-bdb8-fa97662d499c/ozone-meta/webserver
2024-04-25 19:24:48,623 [main] INFO  http.HttpServer2 (HttpServer2.java:bindListener(1236)) - Jetty bound to port 15092
2024-04-25 19:24:48,623 [main] INFO  server.Server (Server.java:doStart(375)) - jetty-9.4.53.v20231009; built: 2023-10-09T12:29:09.265Z; git: 27bde00a0b95a1d5bbee0eae7984f891d2d0f8c9; jvm 17.0.10+7
2024-04-25 19:24:48,625 [main] INFO  server.session (DefaultSessionIdManager.java:doStart(334)) - DefaultSessionIdManager workerName=node0
2024-04-25 19:24:48,625 [main] INFO  server.session (DefaultSessionIdManager.java:doStart(339)) - No SessionScavenger set, using defaults
2024-04-25 19:24:48,625 [main] INFO  server.session (HouseKeeper.java:startScavenging(132)) - node0 Scavenging every 600000ms
2024-04-25 19:24:48,626 [main] INFO  handler.ContextHandler (ContextHandler.java:doStart(921)) - Started o.e.j.s.ServletContextHandler@2cb6c8a6{logs,/logs,file:///home/runner/work/ozone/ozone/hadoop-ozone/integration-test/target/log,AVAILABLE}
2024-04-25 19:24:48,627 [main] INFO  handler.ContextHandler (ContextHandler.java:doStart(921)) - Started o.e.j.s.ServletContextHandler@685a8158{static,/static,file:///home/runner/work/ozone/ozone/hadoop-ozone/integration-test/target/test-classes/webapps/static,AVAILABLE}
2024-04-25 19:24:48,632 [main] INFO  handler.ContextHandler (ContextHandler.java:doStart(921)) - Started o.e.j.w.WebAppContext@4cc3e43d{scm,/,file:///home/runner/work/ozone/ozone/hadoop-ozone/integration-test/target/test-classes/webapps/scm/,AVAILABLE}{file:/home/runner/work/ozone/ozone/hadoop-ozone/integration-test/target/test-classes/webapps/scm}
2024-04-25 19:24:48,633 [main] INFO  server.AbstractConnector (AbstractConnector.java:doStart(333)) - Started ServerConnector@924c964{HTTP/1.1, (http/1.1)}{0.0.0.0:15092}
2024-04-25 19:24:48,634 [main] INFO  server.Server (Server.java:doStart(415)) - Started @50346ms
2024-04-25 19:24:48,634 [main] WARN  impl.MetricsSystemImpl (MetricsSystemImpl.java:register(279)) - Sink prometheus already exists!
2024-04-25 19:24:48,635 [main] INFO  http.BaseHttpServer (BaseHttpServer.java:updateConnectorAddress(354)) - HTTP server of scm listening at http://0.0.0.0:15092
2024-04-25 19:24:48,635 [main] WARN  server.ServerUtils (ServerUtils.java:getDBPath(299)) - ozone.om.db.dirs is not configured. We recommend adding this setting. Falling back to ozone.metadata.dirs instead.
2024-04-25 19:24:48,637 [main] INFO  ha.OMHANodeDetails (OMHANodeDetails.java:loadOMHAConfig(115)) - ozone.om.internal.service.id is not defined, falling back to ozone.om.service.ids to find serviceID for OzoneManager if it is HA enabled cluster
2024-04-25 19:24:48,638 [main] INFO  ha.OMHANodeDetails (OMHANodeDetails.java:loadOMHAConfig(226)) - Configuration does not have ozone.om.address set. Falling back to the default OM address /127.0.0.1:15093
2024-04-25 19:24:48,638 [main] INFO  ha.OMHANodeDetails (OMHANodeDetails.java:getOMNodeDetailsForNonHA(254)) - OM Service ID is not set. Setting it to the default ID: omServiceIdDefault
2024-04-25 19:24:48,638 [main] INFO  ha.OMHANodeDetails (OMHANodeDetails.java:getOMNodeDetailsForNonHA(261)) - OM Node ID is not set. Setting it to the default ID: om1
2024-04-25 19:24:48,639 [main] WARN  server.ServerUtils (ServerUtils.java:getDBPath(299)) - ozone.om.db.dirs is not configured. We recommend adding this setting. Falling back to ozone.metadata.dirs instead.
2024-04-25 19:24:48,640 [main] INFO  upgrade.AbstractLayoutVersionManager (AbstractLayoutVersionManager.java:init(83)) - Initializing Layout version manager with metadata layout = QUOTA (version = 6), software layout = QUOTA (version = 6)
2024-04-25 19:24:48,670 [main] INFO  reflections.Reflections (Reflections.java:scan(219)) - Reflections took 29 ms to scan 2 urls, producing 188 keys and 545 values
2024-04-25 19:24:48,670 [main] INFO  upgrade.OMLayoutVersionManager (OMLayoutVersionManager.java:lambda$0(113)) - Skipping Upgrade Action QuotaRepairUpgradeAction since it has been finalized.
2024-04-25 19:24:48,671 [main] INFO  upgrade.OMLayoutVersionManager (OMLayoutVersionManager.java:lambda$0(113)) - Skipping Upgrade Action MockOmUpgradeAction since it has been finalized.
2024-04-25 19:24:48,671 [main] WARN  server.ServerUtils (ServerUtils.java:getDBPath(299)) - ozone.om.db.dirs is not configured. We recommend adding this setting. Falling back to ozone.metadata.dirs instead.
2024-04-25 19:24:48,672 [main] INFO  proxy.SCMBlockLocationFailoverProxyProvider (SCMBlockLocationFailoverProxyProvider.java:<init>(115)) - Created block location fail-over proxy with 1 nodes: [nodeId=scmNodeId,nodeAddress=/0.0.0.0:15090]
2024-04-25 19:24:48,674 [main] INFO  proxy.SCMBlockLocationFailoverProxyProvider (SCMBlockLocationFailoverProxyProvider.java:<init>(115)) - Created block location fail-over proxy with 1 nodes: [nodeId=scmNodeId,nodeAddress=/0.0.0.0:15090]
2024-04-25 19:24:48,678 [main] INFO  om.OzoneManager (OzoneManager.java:<init>(677)) - OM start with adminUsers: [runner]
2024-04-25 19:24:48,678 [main] WARN  server.ServerUtils (ServerUtils.java:getDBPath(299)) - ozone.om.db.dirs is not configured. We recommend adding this setting. Falling back to ozone.metadata.dirs instead.
2024-04-25 19:24:48,679 [main] INFO  helpers.OmKeyInfo (OmKeyInfo.java:getCodec(71)) - OmKeyInfo.getCodec ignorePipeline = true
2024-04-25 19:24:48,848 [main] INFO  om.OzoneManager (OzoneManager.java:instantiateServices(811)) - S3 Multi-Tenancy is disabled
2024-04-25 19:24:48,849 [main] INFO  om.OmSnapshotManager (OmSnapshotManager.java:<init>(179)) - Ozone filesystem snapshot feature is enabled.
2024-04-25 19:24:48,849 [main] WARN  server.ServerUtils (ServerUtils.java:getDBPath(299)) - ozone.om.snapshot.diff.db.dir is not configured. We recommend adding this setting. Falling back to ozone.metadata.dirs instead.
2024-04-25 19:24:48,865 [main] INFO  utils.NativeLibraryLoader (NativeLibraryLoader.java:loadLibrary(111)) - Loading Library: ozone_rocksdb_tools
2024-04-25 19:24:48,867 [main] ERROR snapshot.SnapshotDiffManager (SnapshotDiffManager.java:initNativeLibraryForEfficientDiff(287)) - Native Library for raw sst file reading loading failed.
org.apache.hadoop.hdds.utils.NativeLibraryNotLoadedException: Unable to load library ozone_rocksdb_tools from both java.library.path & resource file libozone_rocksdb_tools.so from jar.
	at org.apache.hadoop.hdds.utils.db.managed.ManagedRawSSTFileReader.loadLibrary(ManagedRawSSTFileReader.java:40)
	at org.apache.hadoop.ozone.om.snapshot.SnapshotDiffManager.initNativeLibraryForEfficientDiff(SnapshotDiffManager.java:285)
	at org.apache.hadoop.ozone.om.snapshot.SnapshotDiffManager.<init>(SnapshotDiffManager.java:259)
	at org.apache.hadoop.ozone.om.OmSnapshotManager.<init>(OmSnapshotManager.java:286)
	at org.apache.hadoop.ozone.om.OzoneManager.instantiateServices(OzoneManager.java:863)
	at org.apache.hadoop.ozone.om.OzoneManager.<init>(OzoneManager.java:687)
	at org.apache.hadoop.ozone.om.OzoneManager.createOm(OzoneManager.java:774)
	at org.apache.hadoop.ozone.MiniOzoneClusterImpl$Builder.createOM(MiniOzoneClusterImpl.java:689)
	at org.apache.hadoop.ozone.MiniOzoneClusterImpl$Builder.createAndStartSingleOM(MiniOzoneClusterImpl.java:673)
	at org.apache.hadoop.ozone.MiniOzoneClusterImpl$Builder.build(MiniOzoneClusterImpl.java:535)
	at org.apache.hadoop.ozone.client.rpc.TestWatchForCommit.init(TestWatchForCommit.java:154)
	at java.base/jdk.internal.reflect.NativeMethodAccessorImpl.invoke0(Native Method)
	at java.base/jdk.internal.reflect.NativeMethodAccessorImpl.invoke(NativeMethodAccessorImpl.java:77)
	at java.base/jdk.internal.reflect.DelegatingMethodAccessorImpl.invoke(DelegatingMethodAccessorImpl.java:43)
	at java.base/java.lang.reflect.Method.invoke(Method.java:568)
	at org.junit.platform.commons.util.ReflectionUtils.invokeMethod(ReflectionUtils.java:728)
	at org.junit.jupiter.engine.execution.MethodInvocation.proceed(MethodInvocation.java:60)
	at org.junit.jupiter.engine.execution.InvocationInterceptorChain$ValidatingInvocation.proceed(InvocationInterceptorChain.java:131)
	at org.junit.jupiter.engine.extension.TimeoutExtension.intercept(TimeoutExtension.java:156)
	at org.junit.jupiter.engine.extension.TimeoutExtension.interceptLifecycleMethod(TimeoutExtension.java:128)
	at org.junit.jupiter.engine.extension.TimeoutExtension.interceptBeforeEachMethod(TimeoutExtension.java:78)
	at org.junit.jupiter.engine.execution.InterceptingExecutableInvoker$ReflectiveInterceptorCall.lambda$ofVoidMethod$0(InterceptingExecutableInvoker.java:103)
	at org.junit.jupiter.engine.execution.InterceptingExecutableInvoker.lambda$invoke$0(InterceptingExecutableInvoker.java:93)
	at org.junit.jupiter.engine.execution.InvocationInterceptorChain$InterceptedInvocation.proceed(InvocationInterceptorChain.java:106)
	at org.junit.jupiter.engine.execution.InvocationInterceptorChain.proceed(InvocationInterceptorChain.java:64)
	at org.junit.jupiter.engine.execution.InvocationInterceptorChain.chainAndInvoke(InvocationInterceptorChain.java:45)
	at org.junit.jupiter.engine.execution.InvocationInterceptorChain.invoke(InvocationInterceptorChain.java:37)
	at org.junit.jupiter.engine.execution.InterceptingExecutableInvoker.invoke(InterceptingExecutableInvoker.java:92)
	at org.junit.jupiter.engine.execution.InterceptingExecutableInvoker.invoke(InterceptingExecutableInvoker.java:86)
	at org.junit.jupiter.engine.descriptor.ClassBasedTestDescriptor.invokeMethodInExtensionContext(ClassBasedTestDescriptor.java:521)
	at org.junit.jupiter.engine.descriptor.ClassBasedTestDescriptor.lambda$synthesizeBeforeEachMethodAdapter$23(ClassBasedTestDescriptor.java:506)
	at org.junit.jupiter.engine.descriptor.TestMethodTestDescriptor.lambda$invokeBeforeEachMethods$3(TestMethodTestDescriptor.java:175)
	at org.junit.jupiter.engine.descriptor.TestMethodTestDescriptor.lambda$invokeBeforeMethodsOrCallbacksUntilExceptionOccurs$6(TestMethodTestDescriptor.java:203)
	at org.junit.platform.engine.support.hierarchical.ThrowableCollector.execute(ThrowableCollector.java:73)
	at org.junit.jupiter.engine.descriptor.TestMethodTestDescriptor.invokeBeforeMethodsOrCallbacksUntilExceptionOccurs(TestMethodTestDescriptor.java:203)
	at org.junit.jupiter.engine.descriptor.TestMethodTestDescriptor.invokeBeforeEachMethods(TestMethodTestDescriptor.java:172)
	at org.junit.jupiter.engine.descriptor.TestMethodTestDescriptor.execute(TestMethodTestDescriptor.java:135)
	at org.junit.jupiter.engine.descriptor.TestMethodTestDescriptor.execute(TestMethodTestDescriptor.java:69)
	at org.junit.platform.engine.support.hierarchical.NodeTestTask.lambda$executeRecursively$6(NodeTestTask.java:151)
	at org.junit.platform.engine.support.hierarchical.ThrowableCollector.execute(ThrowableCollector.java:73)
	at org.junit.platform.engine.support.hierarchical.NodeTestTask.lambda$executeRecursively$8(NodeTestTask.java:141)
	at org.junit.platform.engine.support.hierarchical.Node.around(Node.java:137)
	at org.junit.platform.engine.support.hierarchical.NodeTestTask.lambda$executeRecursively$9(NodeTestTask.java:139)
	at org.junit.platform.engine.support.hierarchical.ThrowableCollector.execute(ThrowableCollector.java:73)
	at org.junit.platform.engine.support.hierarchical.NodeTestTask.executeRecursively(NodeTestTask.java:138)
	at org.junit.platform.engine.support.hierarchical.NodeTestTask.execute(NodeTestTask.java:95)
	at java.base/java.util.ArrayList.forEach(ArrayList.java:1511)
	at org.junit.platform.engine.support.hierarchical.SameThreadHierarchicalTestExecutorService.invokeAll(SameThreadHierarchicalTestExecutorService.java:41)
	at org.junit.platform.engine.support.hierarchical.NodeTestTask.lambda$executeRecursively$6(NodeTestTask.java:155)
	at org.junit.platform.engine.support.hierarchical.ThrowableCollector.execute(ThrowableCollector.java:73)
	at org.junit.platform.engine.support.hierarchical.NodeTestTask.lambda$executeRecursively$8(NodeTestTask.java:141)
	at org.junit.platform.engine.support.hierarchical.Node.around(Node.java:137)
	at org.junit.platform.engine.support.hierarchical.NodeTestTask.lambda$executeRecursively$9(NodeTestTask.java:139)
	at org.junit.platform.engine.support.hierarchical.ThrowableCollector.execute(ThrowableCollector.java:73)
	at org.junit.platform.engine.support.hierarchical.NodeTestTask.executeRecursively(NodeTestTask.java:138)
	at org.junit.platform.engine.support.hierarchical.NodeTestTask.execute(NodeTestTask.java:95)
	at java.base/java.util.ArrayList.forEach(ArrayList.java:1511)
	at org.junit.platform.engine.support.hierarchical.SameThreadHierarchicalTestExecutorService.invokeAll(SameThreadHierarchicalTestExecutorService.java:41)
	at org.junit.platform.engine.support.hierarchical.NodeTestTask.lambda$executeRecursively$6(NodeTestTask.java:155)
	at org.junit.platform.engine.support.hierarchical.ThrowableCollector.execute(ThrowableCollector.java:73)
	at org.junit.platform.engine.support.hierarchical.NodeTestTask.lambda$executeRecursively$8(NodeTestTask.java:141)
	at org.junit.platform.engine.support.hierarchical.Node.around(Node.java:137)
	at org.junit.platform.engine.support.hierarchical.NodeTestTask.lambda$executeRecursively$9(NodeTestTask.java:139)
	at org.junit.platform.engine.support.hierarchical.ThrowableCollector.execute(ThrowableCollector.java:73)
	at org.junit.platform.engine.support.hierarchical.NodeTestTask.executeRecursively(NodeTestTask.java:138)
	at org.junit.platform.engine.support.hierarchical.NodeTestTask.execute(NodeTestTask.java:95)
	at org.junit.platform.engine.support.hierarchical.SameThreadHierarchicalTestExecutorService.submit(SameThreadHierarchicalTestExecutorService.java:35)
	at org.junit.platform.engine.support.hierarchical.HierarchicalTestExecutor.execute(HierarchicalTestExecutor.java:57)
	at org.junit.platform.engine.support.hierarchical.HierarchicalTestEngine.execute(HierarchicalTestEngine.java:54)
	at org.junit.platform.launcher.core.EngineExecutionOrchestrator.execute(EngineExecutionOrchestrator.java:198)
	at org.junit.platform.launcher.core.EngineExecutionOrchestrator.execute(EngineExecutionOrchestrator.java:169)
	at org.junit.platform.launcher.core.EngineExecutionOrchestrator.execute(EngineExecutionOrchestrator.java:93)
	at org.junit.platform.launcher.core.EngineExecutionOrchestrator.lambda$execute$0(EngineExecutionOrchestrator.java:58)
	at org.junit.platform.launcher.core.EngineExecutionOrchestrator.withInterceptedStreams(EngineExecutionOrchestrator.java:141)
	at org.junit.platform.launcher.core.EngineExecutionOrchestrator.execute(EngineExecutionOrchestrator.java:57)
	at org.junit.platform.launcher.core.DefaultLauncher.execute(DefaultLauncher.java:103)
	at org.junit.platform.launcher.core.DefaultLauncher.execute(DefaultLauncher.java:85)
	at org.junit.platform.launcher.core.DelegatingLauncher.execute(DelegatingLauncher.java:47)
	at org.junit.platform.launcher.core.SessionPerRequestLauncher.execute(SessionPerRequestLauncher.java:63)
	at org.apache.maven.surefire.junitplatform.JUnitPlatformProvider.invokeAllTests(JUnitPlatformProvider.java:154)
	at org.apache.maven.surefire.junitplatform.JUnitPlatformProvider.invoke(JUnitPlatformProvider.java:123)
	at org.apache.maven.surefire.booter.ForkedBooter.runSuitesInProcess(ForkedBooter.java:377)
	at org.apache.maven.surefire.booter.ForkedBooter.execute(ForkedBooter.java:138)
	at org.apache.maven.surefire.booter.ForkedBooter.run(ForkedBooter.java:465)
	at org.apache.maven.surefire.booter.ForkedBooter.main(ForkedBooter.java:451)
2024-04-25 19:24:48,869 [main] INFO  om.OzoneManager (OzoneManager.java:addS3GVolumeToDB(4463)) - Created Volume s3v With Owner runner required for S3Gateway operations.
2024-04-25 19:24:48,869 [main] WARN  server.ServerUtils (ServerUtils.java:getDefaultRatisDirectory(311)) - Storage directory for Ratis is not configured. It is a good idea to map this to an SSD disk. Falling back to ozone.metadata.dirs
2024-04-25 19:24:48,869 [main] WARN  utils.OzoneManagerRatisUtils (OzoneManagerRatisUtils.java:getOMRatisSnapshotDirectory(476)) - ozone.om.ratis.snapshot.dir is not configured. Falling back to ozone.metadata.dirs config
2024-04-25 19:24:48,870 [main] WARN  server.ServerUtils (ServerUtils.java:getDefaultRatisDirectory(311)) - Storage directory for Ratis is not configured. It is a good idea to map this to an SSD disk. Falling back to ozone.metadata.dirs
2024-04-25 19:24:48,871 [main] INFO  ratis.OzoneManagerRatisServer (OzoneManagerRatisServer.java:<init>(167)) - Instantiating OM Ratis server with groupID: omServiceIdDefault and peers: localhost:15096
2024-04-25 19:24:48,871 [main] INFO  ratis.OzoneManagerStateMachine (OzoneManagerStateMachine.java:loadSnapshotInfoFromDB(589)) - TransactionInfo not found in OM DB.
2024-04-25 19:24:48,872 [main] INFO  server.RaftServer (ConfUtils.java:logGet(46)) - raft.rpc.type = GRPC (default)
2024-04-25 19:24:48,872 [main] INFO  grpc.GrpcConfigKeys (ConfUtils.java:logFallback(53)) - raft.grpc.admin.host = null (fallback to raft.grpc.server.host)
2024-04-25 19:24:48,872 [main] INFO  grpc.GrpcConfigKeys (ConfUtils.java:logFallback(53)) - raft.grpc.admin.port = 15096 (fallback to raft.grpc.server.port)
2024-04-25 19:24:48,872 [main] INFO  grpc.GrpcConfigKeys (ConfUtils.java:logFallback(53)) - raft.grpc.client.host = null (fallback to raft.grpc.server.host)
2024-04-25 19:24:48,872 [main] INFO  grpc.GrpcConfigKeys (ConfUtils.java:logFallback(53)) - raft.grpc.client.port = 15096 (fallback to raft.grpc.server.port)
2024-04-25 19:24:48,872 [main] INFO  grpc.GrpcConfigKeys (ConfUtils.java:logGet(46)) - raft.grpc.server.host = null (default)
2024-04-25 19:24:48,872 [main] INFO  grpc.GrpcConfigKeys (ConfUtils.java:logGet(46)) - raft.grpc.server.port = 15096 (custom)
2024-04-25 19:24:48,873 [main] INFO  server.GrpcService (ConfUtils.java:logGet(46)) - raft.grpc.message.size.max = 4194304 (custom)
2024-04-25 19:24:48,873 [main] INFO  server.RaftServerConfigKeys (ConfUtils.java:logGet(46)) - raft.server.log.appender.buffer.byte-limit = 4194304 (custom)
2024-04-25 19:24:48,873 [main] INFO  server.GrpcService (ConfUtils.java:logGet(46)) - raft.grpc.flow.control.window = 1MB (=1048576) (default)
2024-04-25 19:24:48,873 [main] INFO  server.RaftServerConfigKeys (ConfUtils.java:logGet(46)) - raft.server.rpc.request.timeout = 3000ms (default)
2024-04-25 19:24:48,873 [main] INFO  grpc.GrpcConfigKeys (ConfUtils.java:logGet(46)) - raft.grpc.server.heartbeat.channel = true (default)
2024-04-25 19:24:48,873 [main] INFO  grpc.GrpcConfigKeys (ConfUtils.java:logGet(46)) - raft.grpc.server.async.request.thread.pool.cached = true (default)
2024-04-25 19:24:48,873 [main] INFO  grpc.GrpcConfigKeys (ConfUtils.java:logGet(46)) - raft.grpc.server.async.request.thread.pool.size = 32 (default)
2024-04-25 19:24:48,875 [main] INFO  impl.DataStreamServerImpl (ConfUtils.java:logGet(46)) - raft.datastream.type = DISABLED (default)
2024-04-25 19:24:48,875 [main] INFO  server.RaftServerConfigKeys (ConfUtils.java:logGet(46)) - raft.server.sleep.deviation.threshold = 300ms (default)
2024-04-25 19:24:48,875 [main] INFO  server.RaftServerConfigKeys (ConfUtils.java:logGet(46)) - raft.server.close.threshold = 60s (default)
2024-04-25 19:24:48,875 [main] INFO  server.RaftServerConfigKeys (ConfUtils.java:logGet(46)) - raft.server.leaderelection.leader.step-down.wait-time = 10s (default)
2024-04-25 19:24:48,875 [main] INFO  server.RaftServerConfigKeys (ConfUtils.java:logGet(46)) - raft.server.storage.dir = [/home/runner/work/ozone/ozone/hadoop-ozone/integration-test/target/test-dir/MiniOzoneClusterImpl-d2e81863-a659-4dd2-bdb8-fa97662d499c/ozone-meta/ratis] (custom)
2024-04-25 19:24:48,875 [main] INFO  server.RaftServerConfigKeys (ConfUtils.java:logGet(46)) - raft.server.threadpool.proxy.cached = true (default)
2024-04-25 19:24:48,875 [main] INFO  server.RaftServerConfigKeys (ConfUtils.java:logGet(46)) - raft.server.threadpool.proxy.size = 0 (default)
2024-04-25 19:24:48,876 [main] INFO  server.RaftServer (RaftServerProxy.java:addNew(100)) - om1: addNew group-C5BA1605619E:[om1|localhost:15096] returns group-C5BA1605619E:java.util.concurrent.CompletableFuture@44971269[Not completed]
2024-04-25 19:24:48,876 [main] INFO  om.OzoneManager (OzoneManager.java:initializeRatisServer(2168)) - OzoneManager Ratis server initialized at port 15096
2024-04-25 19:24:48,876 [main] INFO  om.OzoneManager (OzoneManager.java:getRpcServer(1227)) - Creating RPC Server
2024-04-25 19:24:48,877 [om1-groupManagement] INFO  server.RaftServer$Division (RaftServerImpl.java:<init>(256)) - om1: new RaftServerImpl for group-C5BA1605619E:[om1|localhost:15096] with OzoneManagerStateMachine:uninitialized
2024-04-25 19:24:48,877 [om1-groupManagement] INFO  server.RaftServerConfigKeys (ConfUtils.java:logGet(46)) - raft.server.rpc.timeout.min = 1s (custom)
2024-04-25 19:24:48,877 [om1-groupManagement] INFO  server.RaftServerConfigKeys (ConfUtils.java:logGet(46)) - raft.server.rpc.timeout.max = 1200ms (custom)
2024-04-25 19:24:48,877 [om1-groupManagement] INFO  server.RaftServerConfigKeys (ConfUtils.java:logGet(46)) - raft.server.rpc.sleep.time = 25ms (default)
2024-04-25 19:24:48,877 [om1-groupManagement] INFO  server.RaftServerConfigKeys (ConfUtils.java:logGet(46)) - raft.server.rpc.slowness.timeout = 120s (custom)
2024-04-25 19:24:48,877 [om1-groupManagement] INFO  server.RaftServerConfigKeys (ConfUtils.java:logGet(46)) - raft.server.leaderelection.leader.step-down.wait-time = 10s (default)
2024-04-25 19:24:48,877 [om1-groupManagement] INFO  server.RaftServerConfigKeys (ConfUtils.java:logGet(46)) - raft.server.leaderelection.member.majority-add = false (default)
2024-04-25 19:24:48,877 [om1-groupManagement] INFO  server.RaftServerConfigKeys (ConfUtils.java:logGet(46)) - raft.server.sleep.deviation.threshold = 300ms (default)
2024-04-25 19:24:48,877 [om1-groupManagement] INFO  server.RaftServer$Division (ServerState.java:<init>(113)) - om1@group-C5BA1605619E: ConfigurationManager, init=-1: peers:[om1|localhost:15096]|listeners:[], old=null, confs=<EMPTY_MAP>
2024-04-25 19:24:48,877 [om1-groupManagement] INFO  server.RaftServerConfigKeys (ConfUtils.java:logGet(46)) - raft.server.notification.no-leader.timeout = 120s (custom)
2024-04-25 19:24:48,877 [om1-groupManagement] INFO  server.RaftServerConfigKeys (ConfUtils.java:logGet(46)) - raft.server.read.timeout = 10s (default)
2024-04-25 19:24:48,878 [om1-groupManagement] INFO  server.RaftServerConfigKeys (ConfUtils.java:logGet(46)) - raft.server.retrycache.expirytime = 300s (custom)
2024-04-25 19:24:48,878 [om1-groupManagement] INFO  server.RaftServerConfigKeys (ConfUtils.java:logGet(46)) - raft.server.retrycache.statistics.expirytime = 100ms (default)
2024-04-25 19:24:48,878 [om1-groupManagement] INFO  server.RaftServerConfigKeys (ConfUtils.java:logGet(46)) - raft.server.read.option = DEFAULT (default)
2024-04-25 19:24:48,878 [om1-groupManagement] INFO  server.RaftServerConfigKeys (ConfUtils.java:logGet(46)) - raft.server.read.read-after-write-consistent.write-index-cache.expiry-time = 60s (default)
2024-04-25 19:24:48,878 [om1-groupManagement] INFO  server.RaftServerConfigKeys (ConfUtils.java:logGet(46)) - raft.server.rpc.request.timeout = 3000ms (default)
2024-04-25 19:24:48,879 [om1-groupManagement] INFO  server.RaftServerConfigKeys (ConfUtils.java:logGet(46)) - raft.server.log.appender.install.snapshot.enabled = false (custom)
2024-04-25 19:24:48,879 [om1-groupManagement] INFO  server.RaftServerConfigKeys (ConfUtils.java:logGet(46)) - raft.server.threadpool.server.cached = true (default)
2024-04-25 19:24:48,879 [om1-groupManagement] INFO  server.RaftServerConfigKeys (ConfUtils.java:logGet(46)) - raft.server.threadpool.server.size = 0 (default)
2024-04-25 19:24:48,879 [om1-groupManagement] INFO  server.RaftServerConfigKeys (ConfUtils.java:logGet(46)) - raft.server.threadpool.client.cached = true (default)
2024-04-25 19:24:48,879 [om1-groupManagement] INFO  server.RaftServerConfigKeys (ConfUtils.java:logGet(46)) - raft.server.threadpool.client.size = 0 (default)
2024-04-25 19:24:49,207 [main] INFO  reflections.Reflections (Reflections.java:scan(219)) - Reflections took 330 ms to scan 20 urls, producing 58 keys and 6545 values
2024-04-25 19:24:49,209 [main] INFO  ipc.CallQueueManager (CallQueueManager.java:<init>(90)) - Using callQueue: class java.util.concurrent.LinkedBlockingQueue, queueCapacity: 2000, scheduler: class org.apache.hadoop.ipc.DefaultRpcScheduler, ipcBackoff: false.
2024-04-25 19:24:49,210 [main] INFO  ipc.Server (Server.java:<init>(1287)) - Listener at 127.0.0.1:15093
2024-04-25 19:24:49,211 [Socket Reader #1 for port 15093] INFO  ipc.Server (Server.java:run(1323)) - Starting Socket Reader #1 for port 15093
2024-04-25 19:24:49,232 [main] INFO  impl.MetricsSystemImpl (MetricsSystemImpl.java:init(158)) - OzoneManager metrics system started (again)
2024-04-25 19:24:49,243 [main] INFO  om.OzoneManager (OzoneManager.java:start(1649)) - OzoneManager RPC server is listening at localhost/127.0.0.1:15093
2024-04-25 19:24:49,244 [main] INFO  ratis.OzoneManagerRatisServer (OzoneManagerRatisServer.java:start(588)) - Starting OzoneManagerRatisServer om1 at port 15096
2024-04-25 19:24:49,244 [om1-impl-thread1] INFO  server.RaftServerConfigKeys (ConfUtils.java:logGet(46)) - raft.server.storage.free-space.min = 0MB (=0) (default)
2024-04-25 19:24:49,244 [om1-impl-thread1] INFO  server.RaftServerConfigKeys (ConfUtils.java:logGet(46)) - raft.server.log.corruption.policy = EXCEPTION (default)
2024-04-25 19:24:49,244 [om1-impl-thread1] INFO  server.RaftServerConfigKeys (ConfUtils.java:logGet(46)) - raft.server.storage.dir = [/home/runner/work/ozone/ozone/hadoop-ozone/integration-test/target/test-dir/MiniOzoneClusterImpl-d2e81863-a659-4dd2-bdb8-fa97662d499c/ozone-meta/ratis] (custom)
2024-04-25 19:24:49,244 [om1-impl-thread1] INFO  storage.RaftStorageDirectory (RaftStorageDirectoryImpl.java:analyzeStorage(138)) - The storage directory /home/runner/work/ozone/ozone/hadoop-ozone/integration-test/target/test-dir/MiniOzoneClusterImpl-d2e81863-a659-4dd2-bdb8-fa97662d499c/ozone-meta/ratis/bf265839-605b-3f16-9796-c5ba1605619e does not exist. Creating ...
2024-04-25 19:24:49,246 [om1-impl-thread1] INFO  storage.RaftStorageDirectory (RaftStorageDirectoryImpl.java:tryLock(228)) - Lock on /home/runner/work/ozone/ozone/hadoop-ozone/integration-test/target/test-dir/MiniOzoneClusterImpl-d2e81863-a659-4dd2-bdb8-fa97662d499c/ozone-meta/ratis/bf265839-605b-3f16-9796-c5ba1605619e/in_use.lock acquired by nodename 21201@fv-az524-255
2024-04-25 19:24:49,247 [om1-impl-thread1] INFO  storage.RaftStorage (RaftStorageImpl.java:format(99)) - Storage directory /home/runner/work/ozone/ozone/hadoop-ozone/integration-test/target/test-dir/MiniOzoneClusterImpl-d2e81863-a659-4dd2-bdb8-fa97662d499c/ozone-meta/ratis/bf265839-605b-3f16-9796-c5ba1605619e has been successfully formatted.
2024-04-25 19:24:49,247 [om1-impl-thread1] WARN  util.FileUtils (LogUtils.java:supplyAndLog(63)) - Failed to Files.newInputStream /home/runner/work/ozone/ozone/hadoop-ozone/integration-test/target/test-dir/MiniOzoneClusterImpl-d2e81863-a659-4dd2-bdb8-fa97662d499c/ozone-meta/ratis/bf265839-605b-3f16-9796-c5ba1605619e/current/raft-meta.conf with options []: java.nio.file.NoSuchFileException: /home/runner/work/ozone/ozone/hadoop-ozone/integration-test/target/test-dir/MiniOzoneClusterImpl-d2e81863-a659-4dd2-bdb8-fa97662d499c/ozone-meta/ratis/bf265839-605b-3f16-9796-c5ba1605619e/current/raft-meta.conf
2024-04-25 19:24:49,248 [om1-impl-thread1] INFO  server.RaftServerConfigKeys (ConfUtils.java:logGet(46)) - raft.server.log.use.memory = false (default)
2024-04-25 19:24:49,248 [om1-impl-thread1] INFO  server.RaftServerConfigKeys (ConfUtils.java:logGet(46)) - raft.server.log.purge.gap = 1000000 (custom)
2024-04-25 19:24:49,248 [om1-impl-thread1] INFO  server.RaftServerConfigKeys (ConfUtils.java:logGet(46)) - raft.server.log.appender.buffer.byte-limit = 4194304 (custom)
2024-04-25 19:24:49,248 [om1-impl-thread1] INFO  server.RaftServerConfigKeys (ConfUtils.java:logGet(46)) - raft.server.log.statemachine.data.read.timeout = 1000ms (default)
2024-04-25 19:24:49,248 [om1-impl-thread1] INFO  server.RaftServerConfigKeys (ConfUtils.java:logGet(46)) - raft.server.log.purge.preservation.log.num = 0 (default)
2024-04-25 19:24:49,248 [om1-impl-thread1] INFO  server.RaftServerConfigKeys (ConfUtils.java:logGet(46)) - raft.server.log.segment.size.max = 4194304 (custom)
2024-04-25 19:24:49,249 [om1-impl-thread1] INFO  server.RaftServerConfigKeys (ConfUtils.java:logGet(46)) - raft.server.log.segment.cache.num.max = 2 (custom)
2024-04-25 19:24:49,249 [om1-impl-thread1] INFO  server.RaftServerConfigKeys (ConfUtils.java:logGet(46)) - raft.server.log.segment.cache.size.max = 200MB (=209715200) (default)
2024-04-25 19:24:49,249 [om1-impl-thread1] INFO  server.RaftServerConfigKeys (ConfUtils.java:logGet(46)) - raft.server.log.appender.buffer.byte-limit = 4194304 (custom)
2024-04-25 19:24:49,249 [om1-impl-thread1] INFO  util.AwaitToRun (AwaitToRun.java:start(81)) - Thread[om1@group-C5BA1605619E-cacheEviction-AwaitToRun,5,main] started
2024-04-25 19:24:49,249 [om1-impl-thread1] INFO  segmented.SegmentedRaftLogWorker (SegmentedRaftLogWorker.java:<init>(182)) - new om1@group-C5BA1605619E-SegmentedRaftLogWorker for RaftStorageImpl:Storage Directory /home/runner/work/ozone/ozone/hadoop-ozone/integration-test/target/test-dir/MiniOzoneClusterImpl-d2e81863-a659-4dd2-bdb8-fa97662d499c/ozone-meta/ratis/bf265839-605b-3f16-9796-c5ba1605619e
2024-04-25 19:24:49,249 [om1-impl-thread1] INFO  server.RaftServerConfigKeys (ConfUtils.java:logGet(46)) - raft.server.log.queue.byte-limit = 64MB (=67108864) (default)
2024-04-25 19:24:49,249 [om1-impl-thread1] INFO  server.RaftServerConfigKeys (ConfUtils.java:logGet(46)) - raft.server.log.queue.element-limit = 4096 (default)
2024-04-25 19:24:49,249 [om1-impl-thread1] INFO  server.RaftServerConfigKeys (ConfUtils.java:logGet(46)) - raft.server.log.segment.size.max = 4194304 (custom)
2024-04-25 19:24:49,249 [om1-impl-thread1] INFO  server.RaftServerConfigKeys (ConfUtils.java:logGet(46)) - raft.server.log.preallocated.size = 4194304 (custom)
2024-04-25 19:24:49,249 [om1-impl-thread1] INFO  server.RaftServerConfigKeys (ConfUtils.java:logGet(46)) - raft.server.log.force.sync.num = 128 (default)
2024-04-25 19:24:49,249 [om1-impl-thread1] INFO  server.RaftServerConfigKeys (ConfUtils.java:logGet(46)) - raft.server.log.statemachine.data.sync = true (default)
2024-04-25 19:24:49,250 [om1-impl-thread1] INFO  server.RaftServerConfigKeys (ConfUtils.java:logGet(46)) - raft.server.log.statemachine.data.sync.timeout = 10s (default)
2024-04-25 19:24:49,250 [om1-impl-thread1] INFO  server.RaftServerConfigKeys (ConfUtils.java:logGet(46)) - raft.server.log.statemachine.data.sync.timeout.retry = -1 (default)
2024-04-25 19:24:49,250 [om1-impl-thread1] INFO  server.RaftServerConfigKeys (ConfUtils.java:logGet(46)) - raft.server.log.write.buffer.size = 4194312 (custom)
2024-04-25 19:24:49,251 [om1-impl-thread1] INFO  server.RaftServerConfigKeys (ConfUtils.java:logGet(46)) - raft.server.log.appender.buffer.byte-limit = 4194304 (custom)
2024-04-25 19:24:49,251 [om1-impl-thread1] INFO  server.RaftServerConfigKeys (ConfUtils.java:logGet(46)) - raft.server.log.unsafe-flush.enabled = false (default)
2024-04-25 19:24:49,251 [om1-impl-thread1] INFO  server.RaftServerConfigKeys (ConfUtils.java:logGet(46)) - raft.server.log.async-flush.enabled = false (default)
2024-04-25 19:24:49,251 [om1-impl-thread1] INFO  server.RaftServerConfigKeys (ConfUtils.java:logGet(46)) - raft.server.log.statemachine.data.caching.enabled = false (default)
2024-04-25 19:24:49,251 [om1-impl-thread1] INFO  segmented.SegmentedRaftLogWorker (SegmentedRaftLogWorker.java:lambda$new$0(134)) - om1@group-C5BA1605619E-SegmentedRaftLogWorker: flushIndex: setUnconditionally 0 -> -1
2024-04-25 19:24:49,251 [om1-impl-thread1] INFO  segmented.SegmentedRaftLogWorker (SegmentedRaftLogWorker.java:lambda$new$0(134)) - om1@group-C5BA1605619E-SegmentedRaftLogWorker: safeCacheEvictIndex: setUnconditionally 0 -> -1
2024-04-25 19:24:49,251 [om1-impl-thread1] INFO  server.RaftServer$Division (RaftServerImpl.java:start(396)) - om1@group-C5BA1605619E: start as a follower, conf=-1: peers:[om1|localhost:15096]|listeners:[], old=null
2024-04-25 19:24:49,252 [om1-impl-thread1] INFO  server.RaftServer$Division (RaftServerImpl.java:setRole(383)) - om1@group-C5BA1605619E: changes role from      null to FOLLOWER at term 0 for startAsFollower
2024-04-25 19:24:49,252 [om1-impl-thread1] INFO  impl.RoleInfo (RoleInfo.java:updateAndGet(139)) - om1: start om1@group-C5BA1605619E-FollowerState
2024-04-25 19:24:49,252 [om1-impl-thread1] INFO  util.JmxRegister (JmxRegister.java:tryRegister(44)) - Successfully registered JMX Bean with object name Ratis:service=RaftServer,group=group-C5BA1605619E,id=om1
2024-04-25 19:24:49,252 [om1@group-C5BA1605619E-FollowerState] INFO  server.RaftServerConfigKeys (ConfUtils.java:logFallback(53)) - raft.server.rpc.first-election.timeout.min = 1s (fallback to raft.server.rpc.timeout.min)
2024-04-25 19:24:49,252 [om1-impl-thread1] INFO  server.RaftServerConfigKeys (ConfUtils.java:logGet(46)) - raft.server.snapshot.trigger-when-stop.enabled = true (default)
2024-04-25 19:24:49,252 [om1-impl-thread1] INFO  server.RaftServerConfigKeys (ConfUtils.java:logGet(46)) - raft.server.snapshot.auto.trigger.enabled = true (custom)
2024-04-25 19:24:49,252 [om1-impl-thread1] INFO  server.RaftServerConfigKeys (ConfUtils.java:logGet(46)) - raft.server.snapshot.auto.trigger.threshold = 400000 (default)
2024-04-25 19:24:49,252 [om1-impl-thread1] INFO  server.RaftServerConfigKeys (ConfUtils.java:logGet(46)) - raft.server.snapshot.retention.file.num = -1 (default)
2024-04-25 19:24:49,253 [om1-impl-thread1] INFO  server.RaftServerConfigKeys (ConfUtils.java:logGet(46)) - raft.server.log.purge.upto.snapshot.index = true (custom)
2024-04-25 19:24:49,252 [om1@group-C5BA1605619E-FollowerState] INFO  server.RaftServerConfigKeys (ConfUtils.java:logFallback(53)) - raft.server.rpc.first-election.timeout.max = 1200ms (fallback to raft.server.rpc.timeout.max)
2024-04-25 19:24:49,253 [main] INFO  server.RaftServer (RaftServerProxy.java:startImpl(406)) - om1: start RPC server
2024-04-25 19:24:49,254 [main] INFO  server.GrpcService (GrpcService.java:startImpl(302)) - om1: GrpcService started, listening on 15096
2024-04-25 19:24:49,256 [main] INFO  om.OzoneManager (OzoneManager.java:start(1665)) - Version File has different layout version (6) than OM DB (null). That is expected if this OM has never been finalized to a newer layout version.
2024-04-25 19:24:49,257 [JvmPauseMonitor12] INFO  util.JvmPauseMonitor (JvmPauseMonitor.java:run(146)) - JvmPauseMonitor-om1: Started
2024-04-25 19:24:49,265 [main] INFO  client.ScmTopologyClient (ScmTopologyClient.java:start(72)) - Initial network topology fetched from SCM: /.
2024-04-25 19:24:49,266 [main] INFO  net.NodeSchemaLoader (NodeSchemaLoader.java:loadSchemaFromFile(129)) - Loading schema from [file:/home/runner/work/ozone/ozone/hadoop-hdds/common/target/classes/network-topology-default.xml]
2024-04-25 19:24:49,266 [main] INFO  net.NodeSchemaLoader (NodeSchemaLoader.java:loadSchema(176)) - Loading network topology layer schema file
2024-04-25 19:24:49,272 [main] INFO  http.BaseHttpServer (BaseHttpServer.java:newHttpServer2BuilderForOzone(223)) - Starting Web-server for ozoneManager at: http://0.0.0.0:15094
2024-04-25 19:24:49,272 [main] INFO  http.BaseHttpServer (BaseHttpServer.java:<init>(110)) - Hadoop Security Enabled: false Ozone Security Enabled: false Ozone HTTP Security Enabled: false 
2024-04-25 19:24:49,273 [main] WARN  server.AuthenticationFilter (AuthenticationFilter.java:constructSecretProvider(240)) - Unable to initialize FileSignerSecretProvider, falling back to use random secrets. Reason: Could not read signature secret file: /home/runner/hadoop-http-auth-signature-secret
2024-04-25 19:24:49,274 [main] INFO  http.HttpRequestLog (HttpRequestLog.java:getRequestLog(86)) - Http request log for http.requests.ozoneManager is not defined
2024-04-25 19:24:49,275 [main] INFO  http.HttpServer2 (HttpServer2.java:addGlobalFilter(1036)) - Added global filter 'safety' (class=org.apache.hadoop.hdds.server.http.HttpServer2$QuotingInputFilter)
2024-04-25 19:24:49,276 [main] INFO  http.HttpServer2 (HttpServer2.java:addFilter(1012)) - Added filter static_user_filter (class=org.apache.hadoop.http.lib.StaticUserWebFilter$StaticUserFilter) to context ozoneManager
2024-04-25 19:24:49,276 [main] INFO  http.HttpServer2 (HttpServer2.java:addFilter(1020)) - Added filter static_user_filter (class=org.apache.hadoop.http.lib.StaticUserWebFilter$StaticUserFilter) to context static
2024-04-25 19:24:49,276 [main] INFO  http.HttpServer2 (HttpServer2.java:addFilter(1020)) - Added filter static_user_filter (class=org.apache.hadoop.http.lib.StaticUserWebFilter$StaticUserFilter) to context logs
2024-04-25 19:24:49,277 [main] INFO  http.BaseHttpServer (BaseHttpServer.java:<init>(189)) - HTTP server of ozoneManager uses base directory /home/runner/work/ozone/ozone/hadoop-ozone/integration-test/target/test-dir/MiniOzoneClusterImpl-d2e81863-a659-4dd2-bdb8-fa97662d499c/ozone-meta/webserver
2024-04-25 19:24:49,277 [main] INFO  http.HttpServer2 (HttpServer2.java:bindListener(1236)) - Jetty bound to port 15094
2024-04-25 19:24:49,277 [main] INFO  server.Server (Server.java:doStart(375)) - jetty-9.4.53.v20231009; built: 2023-10-09T12:29:09.265Z; git: 27bde00a0b95a1d5bbee0eae7984f891d2d0f8c9; jvm 17.0.10+7
2024-04-25 19:24:49,292 [main] INFO  server.session (DefaultSessionIdManager.java:doStart(334)) - DefaultSessionIdManager workerName=node0
2024-04-25 19:24:49,293 [main] INFO  server.session (DefaultSessionIdManager.java:doStart(339)) - No SessionScavenger set, using defaults
2024-04-25 19:24:49,293 [main] INFO  server.session (HouseKeeper.java:startScavenging(132)) - node0 Scavenging every 600000ms
2024-04-25 19:24:49,294 [main] INFO  handler.ContextHandler (ContextHandler.java:doStart(921)) - Started o.e.j.s.ServletContextHandler@9a56d2b{logs,/logs,file:///home/runner/work/ozone/ozone/hadoop-ozone/integration-test/target/log,AVAILABLE}
2024-04-25 19:24:49,296 [main] INFO  handler.ContextHandler (ContextHandler.java:doStart(921)) - Started o.e.j.s.ServletContextHandler@3d376d9b{static,/static,file:///home/runner/work/ozone/ozone/hadoop-ozone/integration-test/target/test-classes/webapps/static,AVAILABLE}
2024-04-25 19:24:49,302 [main] INFO  handler.ContextHandler (ContextHandler.java:doStart(921)) - Started o.e.j.w.WebAppContext@3f6aaa7{ozoneManager,/,file:///home/runner/work/ozone/ozone/hadoop-ozone/integration-test/target/test-classes/webapps/ozoneManager/,AVAILABLE}{file:/home/runner/work/ozone/ozone/hadoop-ozone/integration-test/target/test-classes/webapps/ozoneManager}
2024-04-25 19:24:49,303 [main] INFO  server.AbstractConnector (AbstractConnector.java:doStart(333)) - Started ServerConnector@76ce2e7{HTTP/1.1, (http/1.1)}{0.0.0.0:15094}
2024-04-25 19:24:49,303 [main] INFO  server.Server (Server.java:doStart(415)) - Started @51015ms
2024-04-25 19:24:49,303 [main] WARN  impl.MetricsSystemImpl (MetricsSystemImpl.java:register(279)) - Sink prometheus already exists!
2024-04-25 19:24:49,303 [main] INFO  http.BaseHttpServer (BaseHttpServer.java:updateConnectorAddress(354)) - HTTP server of ozoneManager listening at http://0.0.0.0:15094
2024-04-25 19:24:49,304 [IPC Server Responder] INFO  ipc.Server (Server.java:run(1562)) - IPC Server Responder: starting
2024-04-25 19:24:49,304 [IPC Server listener on 15093] INFO  ipc.Server (Server.java:run(1402)) - IPC Server listener on 15093: starting
2024-04-25 19:24:49,306 [main] INFO  om.OzoneManager (OzoneManager.java:startTrashEmptier(2121)) - Trash Interval set to 0. Files deleted won't move to trash
2024-04-25 19:24:49,332 [main] WARN  dropwizard3.Dm3MetricRegistriesImpl (Dm3MetricRegistriesImpl.java:addReporterRegistration(113)) - New reporters are added after registries were created. Some metrics will be missing from the reporter. Please add reporter before adding any new registry.
2024-04-25 19:24:49,333 [main] WARN  dropwizard3.Dm3MetricRegistriesImpl (Dm3MetricRegistriesImpl.java:addReporterRegistration(113)) - New reporters are added after registries were created. Some metrics will be missing from the reporter. Please add reporter before adding any new registry.
2024-04-25 19:24:49,333 [main] INFO  impl.MetricsSystemImpl (MetricsSystemImpl.java:init(158)) - HddsDatanode metrics system started (again)
2024-04-25 19:24:49,346 [main] INFO  ozone.HddsDatanodeService (HddsDatanodeService.java:start(240)) - HddsDatanodeService host:fv-az524-255.igxe211viwkezmo5lnqk45pdag.ex.internal.cloudapp.net ip:10.1.0.10
2024-04-25 19:24:49,369 [main] INFO  upgrade.AbstractLayoutVersionManager (AbstractLayoutVersionManager.java:init(83)) - Initializing Layout version manager with metadata layout = HADOOP_PRC_PORTS_IN_DATANODEDETAILS (version = 7), software layout = HADOOP_PRC_PORTS_IN_DATANODEDETAILS (version = 7)
2024-04-25 19:24:49,369 [main] INFO  statemachine.DatanodeStateMachine (DatanodeStateMachine.java:getEndPointTaskThreadPoolSize(299)) - Datanode State Machine Task Thread Pool size 2
2024-04-25 19:24:49,371 [main] INFO  volume.HddsVolume (HddsVolume.java:<init>(126)) - Creating HddsVolume: /home/runner/work/ozone/ozone/hadoop-ozone/integration-test/target/test-dir/MiniOzoneClusterImpl-d2e81863-a659-4dd2-bdb8-fa97662d499c/ozone-meta/datanode-1/data-0/hdds of storage type : DISK capacity : 9223372036854775807
2024-04-25 19:24:49,371 [main] INFO  volume.MutableVolumeSet (MutableVolumeSet.java:initializeVolumeSet(173)) - Added Volume : /home/runner/work/ozone/ozone/hadoop-ozone/integration-test/target/test-dir/MiniOzoneClusterImpl-d2e81863-a659-4dd2-bdb8-fa97662d499c/ozone-meta/datanode-1/data-0/hdds to VolumeSet
2024-04-25 19:24:49,372 [main] INFO  volume.MutableVolumeSet (MutableVolumeSet.java:initializeVolumeSet(173)) - Added Volume : /home/runner/work/ozone/ozone/hadoop-ozone/integration-test/target/test-dir/MiniOzoneClusterImpl-d2e81863-a659-4dd2-bdb8-fa97662d499c/ozone-meta/datanode-1/ratis to VolumeSet
2024-04-25 19:24:49,373 [main] INFO  ozoneimpl.OzoneContainer (HddsVolumeUtil.java:loadAllHddsVolumeDbStore(103)) - Load 1 volumes DbStore cost: 0ms
2024-04-25 19:24:49,376 [main] INFO  server.RaftServer (ConfUtils.java:logGet(46)) - raft.rpc.type = GRPC (default)
2024-04-25 19:24:49,376 [main] INFO  grpc.GrpcConfigKeys (ConfUtils.java:logFallback(53)) - raft.grpc.admin.host = null (fallback to raft.grpc.server.host)
2024-04-25 19:24:49,376 [main] INFO  grpc.GrpcConfigKeys (ConfUtils.java:logGet(46)) - raft.grpc.admin.port = 15102 (custom)
2024-04-25 19:24:49,376 [main] INFO  grpc.GrpcConfigKeys (ConfUtils.java:logFallback(53)) - raft.grpc.client.host = null (fallback to raft.grpc.server.host)
2024-04-25 19:24:49,376 [main] INFO  grpc.GrpcConfigKeys (ConfUtils.java:logGet(46)) - raft.grpc.client.port = 15101 (custom)
2024-04-25 19:24:49,376 [main] INFO  grpc.GrpcConfigKeys (ConfUtils.java:logGet(46)) - raft.grpc.server.host = null (default)
2024-04-25 19:24:49,377 [main] INFO  grpc.GrpcConfigKeys (ConfUtils.java:logGet(46)) - raft.grpc.server.port = 15103 (custom)
2024-04-25 19:24:49,377 [main] INFO  server.GrpcService (ConfUtils.java:logGet(46)) - raft.grpc.message.size.max = 32MB (=33554432) (custom)
2024-04-25 19:24:49,377 [main] INFO  server.RaftServerConfigKeys (ConfUtils.java:logGet(46)) - raft.server.log.appender.buffer.byte-limit = 8388608 (custom)
2024-04-25 19:24:49,377 [main] INFO  server.GrpcService (ConfUtils.java:logGet(46)) - raft.grpc.flow.control.window = 5MB (=5242880) (custom)
2024-04-25 19:24:49,377 [main] INFO  server.RaftServerConfigKeys (ConfUtils.java:logGet(46)) - raft.server.rpc.request.timeout = 3000ms (default)
2024-04-25 19:24:49,377 [main] INFO  grpc.GrpcConfigKeys (ConfUtils.java:logGet(46)) - raft.grpc.server.heartbeat.channel = true (default)
2024-04-25 19:24:49,377 [main] INFO  grpc.GrpcConfigKeys (ConfUtils.java:logGet(46)) - raft.grpc.server.async.request.thread.pool.cached = true (default)
2024-04-25 19:24:49,378 [main] INFO  grpc.GrpcConfigKeys (ConfUtils.java:logGet(46)) - raft.grpc.server.async.request.thread.pool.size = 32 (default)
2024-04-25 19:24:49,380 [main] INFO  impl.DataStreamServerImpl (ConfUtils.java:logGet(46)) - raft.datastream.type = NETTY (custom)
2024-04-25 19:24:49,380 [main] INFO  server.RaftServerConfigKeys (ConfUtils.java:logGet(46)) - raft.server.data-stream.async.request.thread.pool.cached = false (default)
2024-04-25 19:24:49,381 [main] INFO  server.RaftServerConfigKeys (ConfUtils.java:logGet(46)) - raft.server.data-stream.async.request.thread.pool.size = 20 (custom)
2024-04-25 19:24:49,381 [main] INFO  server.RaftServerConfigKeys (ConfUtils.java:logGet(46)) - raft.server.data-stream.async.write.thread.pool.size = 16 (default)
2024-04-25 19:24:49,381 [main] INFO  netty.NettyConfigKeys$DataStream (ConfUtils.java:logGet(46)) - raft.netty.dataStream.server.channel.inactive.grace-period = 10min (default)
2024-04-25 19:24:49,381 [main] INFO  server.RaftServerConfigKeys (ConfUtils.java:logGet(46)) - raft.server.data-stream.client.pool.size = 10 (default)
2024-04-25 19:24:49,381 [main] INFO  netty.NettyConfigKeys$DataStream (ConfUtils.java:logGet(46)) - raft.netty.dataStream.server.use-epoll = true (default)
2024-04-25 19:24:49,381 [main] INFO  netty.NettyConfigKeys$DataStream (ConfUtils.java:logGet(46)) - raft.netty.dataStream.server.boss-group.size = 0 (default)
2024-04-25 19:24:49,381 [main] INFO  netty.NettyUtils (NettyUtils.java:newEventLoopGroup(69)) - Create EpollEventLoopGroup for d4ca1bb3-9736-40b0-a02f-f5392a2e7e43-NettyServerStreamRpc-bossGroup; Thread size is 0.
2024-04-25 19:24:49,382 [main] INFO  netty.NettyConfigKeys$DataStream (ConfUtils.java:logGet(46)) - raft.netty.dataStream.server.worker-group.size = 0 (default)
2024-04-25 19:24:49,382 [main] INFO  netty.NettyUtils (NettyUtils.java:newEventLoopGroup(69)) - Create EpollEventLoopGroup for d4ca1bb3-9736-40b0-a02f-f5392a2e7e43-NettyServerStreamRpc-workerGroup; Thread size is 0.
2024-04-25 19:24:49,382 [main] INFO  netty.NettyConfigKeys$DataStream (ConfUtils.java:logGet(46)) - raft.netty.dataStream.server.tls.conf = null (default)
2024-04-25 19:24:49,383 [main] INFO  netty.NettyConfigKeys$DataStream (ConfUtils.java:logGet(46)) - raft.netty.dataStream.host = null (default)
2024-04-25 19:24:49,383 [main] INFO  netty.NettyConfigKeys$DataStream (ConfUtils.java:logGet(46)) - raft.netty.dataStream.port = 15104 (custom)
2024-04-25 19:24:49,383 [main] INFO  server.RaftServerConfigKeys (ConfUtils.java:logGet(46)) - raft.server.sleep.deviation.threshold = 300ms (default)
2024-04-25 19:24:49,383 [main] INFO  server.RaftServerConfigKeys (ConfUtils.java:logGet(46)) - raft.server.close.threshold = 60s (default)
2024-04-25 19:24:49,384 [main] INFO  server.RaftServerConfigKeys (ConfUtils.java:logGet(46)) - raft.server.leaderelection.leader.step-down.wait-time = 10s (default)
2024-04-25 19:24:49,384 [main] INFO  server.RaftServerConfigKeys (ConfUtils.java:logGet(46)) - raft.server.storage.dir = [/home/runner/work/ozone/ozone/hadoop-ozone/integration-test/target/test-dir/MiniOzoneClusterImpl-d2e81863-a659-4dd2-bdb8-fa97662d499c/ozone-meta/datanode-1/ratis] (custom)
2024-04-25 19:24:49,384 [main] INFO  server.RaftServerConfigKeys (ConfUtils.java:logGet(46)) - raft.server.threadpool.proxy.cached = true (default)
2024-04-25 19:24:49,384 [main] INFO  server.RaftServerConfigKeys (ConfUtils.java:logGet(46)) - raft.server.threadpool.proxy.size = 0 (default)
2024-04-25 19:24:49,385 [d4ca1bb3-9736-40b0-a02f-f5392a2e7e43-NettyServerStreamRpc-bossGroup--thread1] INFO  logging.LoggingHandler (AbstractInternalLogger.java:log(148)) - [id: 0xd0482ee4] REGISTERED
2024-04-25 19:24:49,385 [d4ca1bb3-9736-40b0-a02f-f5392a2e7e43-NettyServerStreamRpc-bossGroup--thread1] INFO  logging.LoggingHandler (AbstractInternalLogger.java:log(148)) - [id: 0xd0482ee4] BIND: 0.0.0.0/0.0.0.0:15104
2024-04-25 19:24:49,385 [d4ca1bb3-9736-40b0-a02f-f5392a2e7e43-NettyServerStreamRpc-bossGroup--thread1] INFO  logging.LoggingHandler (AbstractInternalLogger.java:log(148)) - [id: 0xd0482ee4, L:/0.0.0.0:15104] ACTIVE
2024-04-25 19:24:49,386 [d4ca1bb3-9736-40b0-a02f-f5392a2e7e43-impl-thread1] INFO  server.RaftServer (RaftServerProxy.java:initGroupDir(264)) - d4ca1bb3-9736-40b0-a02f-f5392a2e7e43: found a subdirectory /home/runner/work/ozone/ozone/hadoop-ozone/integration-test/target/test-dir/MiniOzoneClusterImpl-d2e81863-a659-4dd2-bdb8-fa97662d499c/ozone-meta/datanode-1/ratis/tmp
2024-04-25 19:24:49,386 [d4ca1bb3-9736-40b0-a02f-f5392a2e7e43-impl-thread1] INFO  server.RaftServer (RaftServerProxy.java:initGroupDir(269)) - d4ca1bb3-9736-40b0-a02f-f5392a2e7e43: The directory /home/runner/work/ozone/ozone/hadoop-ozone/integration-test/target/test-dir/MiniOzoneClusterImpl-d2e81863-a659-4dd2-bdb8-fa97662d499c/ozone-meta/datanode-1/ratis/tmp is not a group directory; ignoring it. 
2024-04-25 19:24:49,387 [main] INFO  replication.ReplicationServer (ReplicationServer.java:<init>(86)) - Initializing replication server with thread count = 10 queue length = 4096
2024-04-25 19:24:49,387 [main] INFO  server.XceiverServerGrpc (XceiverServerGrpc.java:<init>(141)) - GrpcServer channel type EpollServerSocketChannel
2024-04-25 19:24:49,389 [main] INFO  replication.ReplicationSupervisor (ReplicationSupervisor.java:build(157)) - Initializing replication supervisor with thread count = 10
2024-04-25 19:24:49,389 [main] INFO  replication.ReplicationSupervisor (ReplicationSupervisor.java:nodeStateUpdated(312)) - Node state updated to IN_SERVICE, scaling executor pool size to 10
2024-04-25 19:24:49,391 [main] INFO  http.BaseHttpServer (BaseHttpServer.java:newHttpServer2BuilderForOzone(223)) - Starting Web-server for hddsDatanode at: http://0.0.0.0:15098
2024-04-25 19:24:49,391 [main] INFO  http.BaseHttpServer (BaseHttpServer.java:<init>(110)) - Hadoop Security Enabled: false Ozone Security Enabled: false Ozone HTTP Security Enabled: false 
2024-04-25 19:24:49,393 [main] WARN  server.AuthenticationFilter (AuthenticationFilter.java:constructSecretProvider(240)) - Unable to initialize FileSignerSecretProvider, falling back to use random secrets. Reason: Could not read signature secret file: /home/runner/hadoop-http-auth-signature-secret
2024-04-25 19:24:49,393 [main] INFO  http.HttpRequestLog (HttpRequestLog.java:getRequestLog(86)) - Http request log for http.requests.hddsDatanode is not defined
2024-04-25 19:24:49,394 [main] INFO  http.HttpServer2 (HttpServer2.java:addGlobalFilter(1036)) - Added global filter 'safety' (class=org.apache.hadoop.hdds.server.http.HttpServer2$QuotingInputFilter)
2024-04-25 19:24:49,395 [main] INFO  http.HttpServer2 (HttpServer2.java:addFilter(1012)) - Added filter static_user_filter (class=org.apache.hadoop.http.lib.StaticUserWebFilter$StaticUserFilter) to context hddsDatanode
2024-04-25 19:24:49,395 [main] INFO  http.HttpServer2 (HttpServer2.java:addFilter(1020)) - Added filter static_user_filter (class=org.apache.hadoop.http.lib.StaticUserWebFilter$StaticUserFilter) to context logs
2024-04-25 19:24:49,396 [main] INFO  http.HttpServer2 (HttpServer2.java:addFilter(1020)) - Added filter static_user_filter (class=org.apache.hadoop.http.lib.StaticUserWebFilter$StaticUserFilter) to context static
2024-04-25 19:24:49,396 [main] INFO  http.BaseHttpServer (BaseHttpServer.java:<init>(189)) - HTTP server of hddsDatanode uses base directory /home/runner/work/ozone/ozone/hadoop-ozone/integration-test/target/test-dir/MiniOzoneClusterImpl-d2e81863-a659-4dd2-bdb8-fa97662d499c/ozone-meta/datanode-1/meta/webserver
2024-04-25 19:24:49,397 [main] INFO  http.HttpServer2 (HttpServer2.java:bindListener(1236)) - Jetty bound to port 15098
2024-04-25 19:24:49,397 [main] INFO  server.Server (Server.java:doStart(375)) - jetty-9.4.53.v20231009; built: 2023-10-09T12:29:09.265Z; git: 27bde00a0b95a1d5bbee0eae7984f891d2d0f8c9; jvm 17.0.10+7
2024-04-25 19:24:49,400 [main] INFO  server.session (DefaultSessionIdManager.java:doStart(334)) - DefaultSessionIdManager workerName=node0
2024-04-25 19:24:49,401 [main] INFO  server.session (DefaultSessionIdManager.java:doStart(339)) - No SessionScavenger set, using defaults
2024-04-25 19:24:49,401 [main] INFO  server.session (HouseKeeper.java:startScavenging(132)) - node0 Scavenging every 600000ms
2024-04-25 19:24:49,401 [main] INFO  handler.ContextHandler (ContextHandler.java:doStart(921)) - Started o.e.j.s.ServletContextHandler@2c720867{logs,/logs,file:///home/runner/work/ozone/ozone/hadoop-ozone/integration-test/target/log,AVAILABLE}
2024-04-25 19:24:49,402 [main] INFO  handler.ContextHandler (ContextHandler.java:doStart(921)) - Started o.e.j.s.ServletContextHandler@28394e41{static,/static,file:///home/runner/work/ozone/ozone/hadoop-hdds/container-service/target/classes/webapps/static,AVAILABLE}
2024-04-25 19:24:49,405 [main] INFO  handler.ContextHandler (ContextHandler.java:doStart(921)) - Started o.e.j.w.WebAppContext@6a19bc2e{hddsDatanode,/,file:///home/runner/work/ozone/ozone/hadoop-hdds/container-service/target/classes/webapps/hddsDatanode/,AVAILABLE}{file:/home/runner/work/ozone/ozone/hadoop-hdds/container-service/target/classes/webapps/hddsDatanode}
2024-04-25 19:24:49,406 [main] INFO  server.AbstractConnector (AbstractConnector.java:doStart(333)) - Started ServerConnector@533d1f8c{HTTP/1.1, (http/1.1)}{0.0.0.0:15098}
2024-04-25 19:24:49,406 [main] INFO  server.Server (Server.java:doStart(415)) - Started @51119ms
2024-04-25 19:24:49,406 [main] WARN  impl.MetricsSystemImpl (MetricsSystemImpl.java:register(279)) - Sink prometheus already exists!
2024-04-25 19:24:49,407 [main] INFO  http.BaseHttpServer (BaseHttpServer.java:updateConnectorAddress(354)) - HTTP server of hddsDatanode listening at http://0.0.0.0:15098
2024-04-25 19:24:49,407 [main] INFO  ipc.CallQueueManager (CallQueueManager.java:<init>(90)) - Using callQueue: class java.util.concurrent.LinkedBlockingQueue, queueCapacity: 100, scheduler: class org.apache.hadoop.ipc.DefaultRpcScheduler, ipcBackoff: false.
2024-04-25 19:24:49,408 [main] INFO  ipc.Server (Server.java:<init>(1287)) - Listener at 0.0.0.0:15099
2024-04-25 19:24:49,408 [Socket Reader #1 for port 15099] INFO  ipc.Server (Server.java:run(1323)) - Starting Socket Reader #1 for port 15099
2024-04-25 19:24:49,413 [main] INFO  ozone.HddsDatanodeService (HddsDatanodeService.java:start(327)) - Datanode start with admins: [runner]
2024-04-25 19:24:49,413 [main] INFO  ozone.HddsDatanodeClientProtocolServer (HddsDatanodeClientProtocolServer.java:start(77)) - RPC server for Client /0.0.0.0:15099
2024-04-25 19:24:49,415 [IPC Server Responder] INFO  ipc.Server (Server.java:run(1562)) - IPC Server Responder: starting
2024-04-25 19:24:49,417 [IPC Server listener on 15099] INFO  ipc.Server (Server.java:run(1402)) - IPC Server listener on 15099: starting
2024-04-25 19:24:49,417 [d4ca1bb3-9736-40b0-a02f-f5392a2e7e43-DatanodeStateMachineDaemonThread] INFO  statemachine.DatanodeStateMachine (DatanodeStateMachine.java:lambda$startDaemon$1(555)) - Ozone container server started.
2024-04-25 19:24:49,417 [main] WARN  dropwizard3.Dm3MetricRegistriesImpl (Dm3MetricRegistriesImpl.java:addReporterRegistration(113)) - New reporters are added after registries were created. Some metrics will be missing from the reporter. Please add reporter before adding any new registry.
2024-04-25 19:24:49,418 [main] WARN  dropwizard3.Dm3MetricRegistriesImpl (Dm3MetricRegistriesImpl.java:addReporterRegistration(113)) - New reporters are added after registries were created. Some metrics will be missing from the reporter. Please add reporter before adding any new registry.
2024-04-25 19:24:49,418 [main] INFO  impl.MetricsSystemImpl (MetricsSystemImpl.java:init(158)) - HddsDatanode metrics system started (again)
2024-04-25 19:24:49,420 [d4ca1bb3-9736-40b0-a02f-f5392a2e7e43-DatanodeStateMachineTaskThread-0] INFO  datanode.InitDatanodeState (InitDatanodeState.java:persistContainerDatanodeDetails(139)) - DatanodeDetails is persisted to /home/runner/work/ozone/ozone/hadoop-ozone/integration-test/target/test-dir/MiniOzoneClusterImpl-d2e81863-a659-4dd2-bdb8-fa97662d499c/ozone-meta/datanode-1/meta/datanode.id
2024-04-25 19:24:49,430 [main] INFO  ozone.HddsDatanodeService (HddsDatanodeService.java:start(240)) - HddsDatanodeService host:fv-az524-255.igxe211viwkezmo5lnqk45pdag.ex.internal.cloudapp.net ip:10.1.0.10
2024-04-25 19:24:49,447 [main] INFO  upgrade.AbstractLayoutVersionManager (AbstractLayoutVersionManager.java:init(83)) - Initializing Layout version manager with metadata layout = HADOOP_PRC_PORTS_IN_DATANODEDETAILS (version = 7), software layout = HADOOP_PRC_PORTS_IN_DATANODEDETAILS (version = 7)
2024-04-25 19:24:49,448 [main] INFO  statemachine.DatanodeStateMachine (DatanodeStateMachine.java:getEndPointTaskThreadPoolSize(299)) - Datanode State Machine Task Thread Pool size 2
2024-04-25 19:24:49,450 [main] INFO  volume.HddsVolume (HddsVolume.java:<init>(126)) - Creating HddsVolume: /home/runner/work/ozone/ozone/hadoop-ozone/integration-test/target/test-dir/MiniOzoneClusterImpl-d2e81863-a659-4dd2-bdb8-fa97662d499c/ozone-meta/datanode-2/data-0/hdds of storage type : DISK capacity : 9223372036854775807
2024-04-25 19:24:49,450 [main] INFO  volume.MutableVolumeSet (MutableVolumeSet.java:initializeVolumeSet(173)) - Added Volume : /home/runner/work/ozone/ozone/hadoop-ozone/integration-test/target/test-dir/MiniOzoneClusterImpl-d2e81863-a659-4dd2-bdb8-fa97662d499c/ozone-meta/datanode-2/data-0/hdds to VolumeSet
2024-04-25 19:24:49,451 [main] INFO  volume.MutableVolumeSet (MutableVolumeSet.java:initializeVolumeSet(173)) - Added Volume : /home/runner/work/ozone/ozone/hadoop-ozone/integration-test/target/test-dir/MiniOzoneClusterImpl-d2e81863-a659-4dd2-bdb8-fa97662d499c/ozone-meta/datanode-2/ratis to VolumeSet
2024-04-25 19:24:49,452 [main] INFO  ozoneimpl.OzoneContainer (HddsVolumeUtil.java:loadAllHddsVolumeDbStore(103)) - Load 1 volumes DbStore cost: 0ms
2024-04-25 19:24:49,454 [main] INFO  server.RaftServer (ConfUtils.java:logGet(46)) - raft.rpc.type = GRPC (default)
2024-04-25 19:24:49,455 [main] INFO  grpc.GrpcConfigKeys (ConfUtils.java:logFallback(53)) - raft.grpc.admin.host = null (fallback to raft.grpc.server.host)
2024-04-25 19:24:49,455 [main] INFO  grpc.GrpcConfigKeys (ConfUtils.java:logGet(46)) - raft.grpc.admin.port = 15111 (custom)
2024-04-25 19:24:49,455 [main] INFO  grpc.GrpcConfigKeys (ConfUtils.java:logFallback(53)) - raft.grpc.client.host = null (fallback to raft.grpc.server.host)
2024-04-25 19:24:49,456 [main] INFO  grpc.GrpcConfigKeys (ConfUtils.java:logGet(46)) - raft.grpc.client.port = 15110 (custom)
2024-04-25 19:24:49,456 [main] INFO  grpc.GrpcConfigKeys (ConfUtils.java:logGet(46)) - raft.grpc.server.host = null (default)
2024-04-25 19:24:49,456 [main] INFO  grpc.GrpcConfigKeys (ConfUtils.java:logGet(46)) - raft.grpc.server.port = 15112 (custom)
2024-04-25 19:24:49,456 [main] INFO  server.GrpcService (ConfUtils.java:logGet(46)) - raft.grpc.message.size.max = 32MB (=33554432) (custom)
2024-04-25 19:24:49,456 [main] INFO  server.RaftServerConfigKeys (ConfUtils.java:logGet(46)) - raft.server.log.appender.buffer.byte-limit = 8388608 (custom)
2024-04-25 19:24:49,456 [main] INFO  server.GrpcService (ConfUtils.java:logGet(46)) - raft.grpc.flow.control.window = 5MB (=5242880) (custom)
2024-04-25 19:24:49,456 [main] INFO  server.RaftServerConfigKeys (ConfUtils.java:logGet(46)) - raft.server.rpc.request.timeout = 3000ms (default)
2024-04-25 19:24:49,457 [main] INFO  grpc.GrpcConfigKeys (ConfUtils.java:logGet(46)) - raft.grpc.server.heartbeat.channel = true (default)
2024-04-25 19:24:49,457 [main] INFO  grpc.GrpcConfigKeys (ConfUtils.java:logGet(46)) - raft.grpc.server.async.request.thread.pool.cached = true (default)
2024-04-25 19:24:49,457 [main] INFO  grpc.GrpcConfigKeys (ConfUtils.java:logGet(46)) - raft.grpc.server.async.request.thread.pool.size = 32 (default)
2024-04-25 19:24:49,459 [main] INFO  impl.DataStreamServerImpl (ConfUtils.java:logGet(46)) - raft.datastream.type = NETTY (custom)
2024-04-25 19:24:49,459 [main] INFO  server.RaftServerConfigKeys (ConfUtils.java:logGet(46)) - raft.server.data-stream.async.request.thread.pool.cached = false (default)
2024-04-25 19:24:49,459 [main] INFO  server.RaftServerConfigKeys (ConfUtils.java:logGet(46)) - raft.server.data-stream.async.request.thread.pool.size = 20 (custom)
2024-04-25 19:24:49,459 [main] INFO  server.RaftServerConfigKeys (ConfUtils.java:logGet(46)) - raft.server.data-stream.async.write.thread.pool.size = 16 (default)
2024-04-25 19:24:49,460 [main] INFO  netty.NettyConfigKeys$DataStream (ConfUtils.java:logGet(46)) - raft.netty.dataStream.server.channel.inactive.grace-period = 10min (default)
2024-04-25 19:24:49,460 [main] INFO  server.RaftServerConfigKeys (ConfUtils.java:logGet(46)) - raft.server.data-stream.client.pool.size = 10 (default)
2024-04-25 19:24:49,460 [main] INFO  netty.NettyConfigKeys$DataStream (ConfUtils.java:logGet(46)) - raft.netty.dataStream.server.use-epoll = true (default)
2024-04-25 19:24:49,460 [main] INFO  netty.NettyConfigKeys$DataStream (ConfUtils.java:logGet(46)) - raft.netty.dataStream.server.boss-group.size = 0 (default)
2024-04-25 19:24:49,460 [main] INFO  netty.NettyUtils (NettyUtils.java:newEventLoopGroup(69)) - Create EpollEventLoopGroup for feac95e6-d772-4287-b681-0d01f32bbe53-NettyServerStreamRpc-bossGroup; Thread size is 0.
2024-04-25 19:24:49,461 [main] INFO  netty.NettyConfigKeys$DataStream (ConfUtils.java:logGet(46)) - raft.netty.dataStream.server.worker-group.size = 0 (default)
2024-04-25 19:24:49,461 [main] INFO  netty.NettyUtils (NettyUtils.java:newEventLoopGroup(69)) - Create EpollEventLoopGroup for feac95e6-d772-4287-b681-0d01f32bbe53-NettyServerStreamRpc-workerGroup; Thread size is 0.
2024-04-25 19:24:49,461 [main] INFO  netty.NettyConfigKeys$DataStream (ConfUtils.java:logGet(46)) - raft.netty.dataStream.server.tls.conf = null (default)
2024-04-25 19:24:49,462 [main] INFO  netty.NettyConfigKeys$DataStream (ConfUtils.java:logGet(46)) - raft.netty.dataStream.host = null (default)
2024-04-25 19:24:49,462 [main] INFO  netty.NettyConfigKeys$DataStream (ConfUtils.java:logGet(46)) - raft.netty.dataStream.port = 15113 (custom)
2024-04-25 19:24:49,462 [main] INFO  server.RaftServerConfigKeys (ConfUtils.java:logGet(46)) - raft.server.sleep.deviation.threshold = 300ms (default)
2024-04-25 19:24:49,462 [main] INFO  server.RaftServerConfigKeys (ConfUtils.java:logGet(46)) - raft.server.close.threshold = 60s (default)
2024-04-25 19:24:49,463 [main] INFO  server.RaftServerConfigKeys (ConfUtils.java:logGet(46)) - raft.server.leaderelection.leader.step-down.wait-time = 10s (default)
2024-04-25 19:24:49,463 [main] INFO  server.RaftServerConfigKeys (ConfUtils.java:logGet(46)) - raft.server.storage.dir = [/home/runner/work/ozone/ozone/hadoop-ozone/integration-test/target/test-dir/MiniOzoneClusterImpl-d2e81863-a659-4dd2-bdb8-fa97662d499c/ozone-meta/datanode-2/ratis] (custom)
2024-04-25 19:24:49,463 [main] INFO  server.RaftServerConfigKeys (ConfUtils.java:logGet(46)) - raft.server.threadpool.proxy.cached = true (default)
2024-04-25 19:24:49,463 [main] INFO  server.RaftServerConfigKeys (ConfUtils.java:logGet(46)) - raft.server.threadpool.proxy.size = 0 (default)
2024-04-25 19:24:49,464 [feac95e6-d772-4287-b681-0d01f32bbe53-NettyServerStreamRpc-bossGroup--thread1] INFO  logging.LoggingHandler (AbstractInternalLogger.java:log(148)) - [id: 0xd6380200] REGISTERED
2024-04-25 19:24:49,464 [feac95e6-d772-4287-b681-0d01f32bbe53-NettyServerStreamRpc-bossGroup--thread1] INFO  logging.LoggingHandler (AbstractInternalLogger.java:log(148)) - [id: 0xd6380200] BIND: 0.0.0.0/0.0.0.0:15113
2024-04-25 19:24:49,464 [feac95e6-d772-4287-b681-0d01f32bbe53-NettyServerStreamRpc-bossGroup--thread1] INFO  logging.LoggingHandler (AbstractInternalLogger.java:log(148)) - [id: 0xd6380200, L:/0.0.0.0:15113] ACTIVE
2024-04-25 19:24:49,468 [feac95e6-d772-4287-b681-0d01f32bbe53-impl-thread1] INFO  server.RaftServer (RaftServerProxy.java:initGroupDir(264)) - feac95e6-d772-4287-b681-0d01f32bbe53: found a subdirectory /home/runner/work/ozone/ozone/hadoop-ozone/integration-test/target/test-dir/MiniOzoneClusterImpl-d2e81863-a659-4dd2-bdb8-fa97662d499c/ozone-meta/datanode-2/ratis/tmp
2024-04-25 19:24:49,468 [feac95e6-d772-4287-b681-0d01f32bbe53-impl-thread1] INFO  server.RaftServer (RaftServerProxy.java:initGroupDir(269)) - feac95e6-d772-4287-b681-0d01f32bbe53: The directory /home/runner/work/ozone/ozone/hadoop-ozone/integration-test/target/test-dir/MiniOzoneClusterImpl-d2e81863-a659-4dd2-bdb8-fa97662d499c/ozone-meta/datanode-2/ratis/tmp is not a group directory; ignoring it. 
2024-04-25 19:24:49,469 [main] INFO  replication.ReplicationServer (ReplicationServer.java:<init>(86)) - Initializing replication server with thread count = 10 queue length = 4096
2024-04-25 19:24:49,470 [main] INFO  server.XceiverServerGrpc (XceiverServerGrpc.java:<init>(141)) - GrpcServer channel type EpollServerSocketChannel
2024-04-25 19:24:49,472 [main] INFO  replication.ReplicationSupervisor (ReplicationSupervisor.java:build(157)) - Initializing replication supervisor with thread count = 10
2024-04-25 19:24:49,472 [main] INFO  replication.ReplicationSupervisor (ReplicationSupervisor.java:nodeStateUpdated(312)) - Node state updated to IN_SERVICE, scaling executor pool size to 10
2024-04-25 19:24:49,474 [main] INFO  http.BaseHttpServer (BaseHttpServer.java:newHttpServer2BuilderForOzone(223)) - Starting Web-server for hddsDatanode at: http://0.0.0.0:15107
2024-04-25 19:24:49,475 [main] INFO  http.BaseHttpServer (BaseHttpServer.java:<init>(110)) - Hadoop Security Enabled: false Ozone Security Enabled: false Ozone HTTP Security Enabled: false 
2024-04-25 19:24:49,476 [main] WARN  server.AuthenticationFilter (AuthenticationFilter.java:constructSecretProvider(240)) - Unable to initialize FileSignerSecretProvider, falling back to use random secrets. Reason: Could not read signature secret file: /home/runner/hadoop-http-auth-signature-secret
2024-04-25 19:24:49,477 [main] INFO  http.HttpRequestLog (HttpRequestLog.java:getRequestLog(86)) - Http request log for http.requests.hddsDatanode is not defined
2024-04-25 19:24:49,478 [main] INFO  http.HttpServer2 (HttpServer2.java:addGlobalFilter(1036)) - Added global filter 'safety' (class=org.apache.hadoop.hdds.server.http.HttpServer2$QuotingInputFilter)
2024-04-25 19:24:49,479 [main] INFO  http.HttpServer2 (HttpServer2.java:addFilter(1012)) - Added filter static_user_filter (class=org.apache.hadoop.http.lib.StaticUserWebFilter$StaticUserFilter) to context hddsDatanode
2024-04-25 19:24:49,479 [main] INFO  http.HttpServer2 (HttpServer2.java:addFilter(1020)) - Added filter static_user_filter (class=org.apache.hadoop.http.lib.StaticUserWebFilter$StaticUserFilter) to context static
2024-04-25 19:24:49,479 [main] INFO  http.HttpServer2 (HttpServer2.java:addFilter(1020)) - Added filter static_user_filter (class=org.apache.hadoop.http.lib.StaticUserWebFilter$StaticUserFilter) to context logs
2024-04-25 19:24:49,480 [main] INFO  http.BaseHttpServer (BaseHttpServer.java:<init>(189)) - HTTP server of hddsDatanode uses base directory /home/runner/work/ozone/ozone/hadoop-ozone/integration-test/target/test-dir/MiniOzoneClusterImpl-d2e81863-a659-4dd2-bdb8-fa97662d499c/ozone-meta/datanode-2/meta/webserver
2024-04-25 19:24:49,480 [main] INFO  http.HttpServer2 (HttpServer2.java:bindListener(1236)) - Jetty bound to port 15107
2024-04-25 19:24:49,480 [main] INFO  server.Server (Server.java:doStart(375)) - jetty-9.4.53.v20231009; built: 2023-10-09T12:29:09.265Z; git: 27bde00a0b95a1d5bbee0eae7984f891d2d0f8c9; jvm 17.0.10+7
2024-04-25 19:24:49,482 [main] INFO  server.session (DefaultSessionIdManager.java:doStart(334)) - DefaultSessionIdManager workerName=node0
2024-04-25 19:24:49,482 [main] INFO  server.session (DefaultSessionIdManager.java:doStart(339)) - No SessionScavenger set, using defaults
2024-04-25 19:24:49,482 [main] INFO  server.session (HouseKeeper.java:startScavenging(132)) - node0 Scavenging every 660000ms
2024-04-25 19:24:49,483 [main] INFO  handler.ContextHandler (ContextHandler.java:doStart(921)) - Started o.e.j.s.ServletContextHandler@3ecf180{logs,/logs,file:///home/runner/work/ozone/ozone/hadoop-ozone/integration-test/target/log,AVAILABLE}
2024-04-25 19:24:49,483 [main] INFO  handler.ContextHandler (ContextHandler.java:doStart(921)) - Started o.e.j.s.ServletContextHandler@3de6799f{static,/static,file:///home/runner/work/ozone/ozone/hadoop-hdds/container-service/target/classes/webapps/static,AVAILABLE}
2024-04-25 19:24:49,487 [main] INFO  handler.ContextHandler (ContextHandler.java:doStart(921)) - Started o.e.j.w.WebAppContext@7b01900f{hddsDatanode,/,file:///home/runner/work/ozone/ozone/hadoop-hdds/container-service/target/classes/webapps/hddsDatanode/,AVAILABLE}{file:/home/runner/work/ozone/ozone/hadoop-hdds/container-service/target/classes/webapps/hddsDatanode}
2024-04-25 19:24:49,487 [main] INFO  server.AbstractConnector (AbstractConnector.java:doStart(333)) - Started ServerConnector@2b0a0c83{HTTP/1.1, (http/1.1)}{0.0.0.0:15107}
2024-04-25 19:24:49,488 [main] INFO  server.Server (Server.java:doStart(415)) - Started @51201ms
2024-04-25 19:24:49,488 [main] WARN  impl.MetricsSystemImpl (MetricsSystemImpl.java:register(279)) - Sink prometheus already exists!
2024-04-25 19:24:49,489 [main] INFO  http.BaseHttpServer (BaseHttpServer.java:updateConnectorAddress(354)) - HTTP server of hddsDatanode listening at http://0.0.0.0:15107
2024-04-25 19:24:49,489 [main] INFO  ipc.CallQueueManager (CallQueueManager.java:<init>(90)) - Using callQueue: class java.util.concurrent.LinkedBlockingQueue, queueCapacity: 100, scheduler: class org.apache.hadoop.ipc.DefaultRpcScheduler, ipcBackoff: false.
2024-04-25 19:24:49,490 [main] INFO  ipc.Server (Server.java:<init>(1287)) - Listener at 0.0.0.0:15108
2024-04-25 19:24:49,490 [Socket Reader #1 for port 15108] INFO  ipc.Server (Server.java:run(1323)) - Starting Socket Reader #1 for port 15108
2024-04-25 19:24:49,504 [main] INFO  ozone.HddsDatanodeService (HddsDatanodeService.java:start(327)) - Datanode start with admins: [runner]
2024-04-25 19:24:49,504 [main] INFO  ozone.HddsDatanodeClientProtocolServer (HddsDatanodeClientProtocolServer.java:start(77)) - RPC server for Client /0.0.0.0:15108
2024-04-25 19:24:49,506 [IPC Server Responder] INFO  ipc.Server (Server.java:run(1562)) - IPC Server Responder: starting
2024-04-25 19:24:49,507 [IPC Server listener on 15108] INFO  ipc.Server (Server.java:run(1402)) - IPC Server listener on 15108: starting
2024-04-25 19:24:49,511 [main] WARN  dropwizard3.Dm3MetricRegistriesImpl (Dm3MetricRegistriesImpl.java:addReporterRegistration(113)) - New reporters are added after registries were created. Some metrics will be missing from the reporter. Please add reporter before adding any new registry.
2024-04-25 19:24:49,511 [main] WARN  dropwizard3.Dm3MetricRegistriesImpl (Dm3MetricRegistriesImpl.java:addReporterRegistration(113)) - New reporters are added after registries were created. Some metrics will be missing from the reporter. Please add reporter before adding any new registry.
2024-04-25 19:24:49,511 [main] INFO  impl.MetricsSystemImpl (MetricsSystemImpl.java:init(158)) - HddsDatanode metrics system started (again)
2024-04-25 19:24:49,512 [feac95e6-d772-4287-b681-0d01f32bbe53-DatanodeStateMachineDaemonThread] INFO  statemachine.DatanodeStateMachine (DatanodeStateMachine.java:lambda$startDaemon$1(555)) - Ozone container server started.
2024-04-25 19:24:49,522 [main] INFO  ozone.HddsDatanodeService (HddsDatanodeService.java:start(240)) - HddsDatanodeService host:fv-az524-255.igxe211viwkezmo5lnqk45pdag.ex.internal.cloudapp.net ip:10.1.0.10
2024-04-25 19:24:49,523 [feac95e6-d772-4287-b681-0d01f32bbe53-DatanodeStateMachineTaskThread-0] INFO  datanode.InitDatanodeState (InitDatanodeState.java:persistContainerDatanodeDetails(139)) - DatanodeDetails is persisted to /home/runner/work/ozone/ozone/hadoop-ozone/integration-test/target/test-dir/MiniOzoneClusterImpl-d2e81863-a659-4dd2-bdb8-fa97662d499c/ozone-meta/datanode-2/meta/datanode.id
2024-04-25 19:24:49,543 [main] INFO  upgrade.AbstractLayoutVersionManager (AbstractLayoutVersionManager.java:init(83)) - Initializing Layout version manager with metadata layout = HADOOP_PRC_PORTS_IN_DATANODEDETAILS (version = 7), software layout = HADOOP_PRC_PORTS_IN_DATANODEDETAILS (version = 7)
2024-04-25 19:24:49,544 [main] INFO  statemachine.DatanodeStateMachine (DatanodeStateMachine.java:getEndPointTaskThreadPoolSize(299)) - Datanode State Machine Task Thread Pool size 2
2024-04-25 19:24:49,546 [main] INFO  volume.HddsVolume (HddsVolume.java:<init>(126)) - Creating HddsVolume: /home/runner/work/ozone/ozone/hadoop-ozone/integration-test/target/test-dir/MiniOzoneClusterImpl-d2e81863-a659-4dd2-bdb8-fa97662d499c/ozone-meta/datanode-3/data-0/hdds of storage type : DISK capacity : 9223372036854775807
2024-04-25 19:24:49,546 [main] INFO  volume.MutableVolumeSet (MutableVolumeSet.java:initializeVolumeSet(173)) - Added Volume : /home/runner/work/ozone/ozone/hadoop-ozone/integration-test/target/test-dir/MiniOzoneClusterImpl-d2e81863-a659-4dd2-bdb8-fa97662d499c/ozone-meta/datanode-3/data-0/hdds to VolumeSet
2024-04-25 19:24:49,547 [main] INFO  volume.MutableVolumeSet (MutableVolumeSet.java:initializeVolumeSet(173)) - Added Volume : /home/runner/work/ozone/ozone/hadoop-ozone/integration-test/target/test-dir/MiniOzoneClusterImpl-d2e81863-a659-4dd2-bdb8-fa97662d499c/ozone-meta/datanode-3/ratis to VolumeSet
2024-04-25 19:24:49,547 [main] INFO  ozoneimpl.OzoneContainer (HddsVolumeUtil.java:loadAllHddsVolumeDbStore(103)) - Load 1 volumes DbStore cost: 0ms
2024-04-25 19:24:49,550 [main] INFO  server.RaftServer (ConfUtils.java:logGet(46)) - raft.rpc.type = GRPC (default)
2024-04-25 19:24:49,550 [main] INFO  grpc.GrpcConfigKeys (ConfUtils.java:logFallback(53)) - raft.grpc.admin.host = null (fallback to raft.grpc.server.host)
2024-04-25 19:24:49,550 [main] INFO  grpc.GrpcConfigKeys (ConfUtils.java:logGet(46)) - raft.grpc.admin.port = 15120 (custom)
2024-04-25 19:24:49,550 [main] INFO  grpc.GrpcConfigKeys (ConfUtils.java:logFallback(53)) - raft.grpc.client.host = null (fallback to raft.grpc.server.host)
2024-04-25 19:24:49,550 [main] INFO  grpc.GrpcConfigKeys (ConfUtils.java:logGet(46)) - raft.grpc.client.port = 15119 (custom)
2024-04-25 19:24:49,550 [main] INFO  grpc.GrpcConfigKeys (ConfUtils.java:logGet(46)) - raft.grpc.server.host = null (default)
2024-04-25 19:24:49,551 [main] INFO  grpc.GrpcConfigKeys (ConfUtils.java:logGet(46)) - raft.grpc.server.port = 15121 (custom)
2024-04-25 19:24:49,551 [main] INFO  server.GrpcService (ConfUtils.java:logGet(46)) - raft.grpc.message.size.max = 32MB (=33554432) (custom)
2024-04-25 19:24:49,551 [main] INFO  server.RaftServerConfigKeys (ConfUtils.java:logGet(46)) - raft.server.log.appender.buffer.byte-limit = 8388608 (custom)
2024-04-25 19:24:49,551 [main] INFO  server.GrpcService (ConfUtils.java:logGet(46)) - raft.grpc.flow.control.window = 5MB (=5242880) (custom)
2024-04-25 19:24:49,551 [main] INFO  server.RaftServerConfigKeys (ConfUtils.java:logGet(46)) - raft.server.rpc.request.timeout = 3000ms (default)
2024-04-25 19:24:49,551 [main] INFO  grpc.GrpcConfigKeys (ConfUtils.java:logGet(46)) - raft.grpc.server.heartbeat.channel = true (default)
2024-04-25 19:24:49,551 [main] INFO  grpc.GrpcConfigKeys (ConfUtils.java:logGet(46)) - raft.grpc.server.async.request.thread.pool.cached = true (default)
2024-04-25 19:24:49,552 [main] INFO  grpc.GrpcConfigKeys (ConfUtils.java:logGet(46)) - raft.grpc.server.async.request.thread.pool.size = 32 (default)
2024-04-25 19:24:49,554 [main] INFO  impl.DataStreamServerImpl (ConfUtils.java:logGet(46)) - raft.datastream.type = NETTY (custom)
2024-04-25 19:24:49,554 [main] INFO  server.RaftServerConfigKeys (ConfUtils.java:logGet(46)) - raft.server.data-stream.async.request.thread.pool.cached = false (default)
2024-04-25 19:24:49,554 [main] INFO  server.RaftServerConfigKeys (ConfUtils.java:logGet(46)) - raft.server.data-stream.async.request.thread.pool.size = 20 (custom)
2024-04-25 19:24:49,555 [main] INFO  server.RaftServerConfigKeys (ConfUtils.java:logGet(46)) - raft.server.data-stream.async.write.thread.pool.size = 16 (default)
2024-04-25 19:24:49,555 [main] INFO  netty.NettyConfigKeys$DataStream (ConfUtils.java:logGet(46)) - raft.netty.dataStream.server.channel.inactive.grace-period = 10min (default)
2024-04-25 19:24:49,555 [main] INFO  server.RaftServerConfigKeys (ConfUtils.java:logGet(46)) - raft.server.data-stream.client.pool.size = 10 (default)
2024-04-25 19:24:49,555 [main] INFO  netty.NettyConfigKeys$DataStream (ConfUtils.java:logGet(46)) - raft.netty.dataStream.server.use-epoll = true (default)
2024-04-25 19:24:49,555 [main] INFO  netty.NettyConfigKeys$DataStream (ConfUtils.java:logGet(46)) - raft.netty.dataStream.server.boss-group.size = 0 (default)
2024-04-25 19:24:49,555 [main] INFO  netty.NettyUtils (NettyUtils.java:newEventLoopGroup(69)) - Create EpollEventLoopGroup for 1d17c780-3c0c-42fc-a5ed-76046c58c935-NettyServerStreamRpc-bossGroup; Thread size is 0.
2024-04-25 19:24:49,556 [main] INFO  netty.NettyConfigKeys$DataStream (ConfUtils.java:logGet(46)) - raft.netty.dataStream.server.worker-group.size = 0 (default)
2024-04-25 19:24:49,556 [main] INFO  netty.NettyUtils (NettyUtils.java:newEventLoopGroup(69)) - Create EpollEventLoopGroup for 1d17c780-3c0c-42fc-a5ed-76046c58c935-NettyServerStreamRpc-workerGroup; Thread size is 0.
2024-04-25 19:24:49,556 [main] INFO  netty.NettyConfigKeys$DataStream (ConfUtils.java:logGet(46)) - raft.netty.dataStream.server.tls.conf = null (default)
2024-04-25 19:24:49,556 [main] INFO  netty.NettyConfigKeys$DataStream (ConfUtils.java:logGet(46)) - raft.netty.dataStream.host = null (default)
2024-04-25 19:24:49,557 [main] INFO  netty.NettyConfigKeys$DataStream (ConfUtils.java:logGet(46)) - raft.netty.dataStream.port = 15122 (custom)
2024-04-25 19:24:49,557 [main] INFO  server.RaftServerConfigKeys (ConfUtils.java:logGet(46)) - raft.server.sleep.deviation.threshold = 300ms (default)
2024-04-25 19:24:49,557 [main] INFO  server.RaftServerConfigKeys (ConfUtils.java:logGet(46)) - raft.server.close.threshold = 60s (default)
2024-04-25 19:24:49,557 [main] INFO  server.RaftServerConfigKeys (ConfUtils.java:logGet(46)) - raft.server.leaderelection.leader.step-down.wait-time = 10s (default)
2024-04-25 19:24:49,558 [main] INFO  server.RaftServerConfigKeys (ConfUtils.java:logGet(46)) - raft.server.storage.dir = [/home/runner/work/ozone/ozone/hadoop-ozone/integration-test/target/test-dir/MiniOzoneClusterImpl-d2e81863-a659-4dd2-bdb8-fa97662d499c/ozone-meta/datanode-3/ratis] (custom)
2024-04-25 19:24:49,558 [main] INFO  server.RaftServerConfigKeys (ConfUtils.java:logGet(46)) - raft.server.threadpool.proxy.cached = true (default)
2024-04-25 19:24:49,558 [main] INFO  server.RaftServerConfigKeys (ConfUtils.java:logGet(46)) - raft.server.threadpool.proxy.size = 0 (default)
2024-04-25 19:24:49,558 [1d17c780-3c0c-42fc-a5ed-76046c58c935-impl-thread1] INFO  server.RaftServer (RaftServerProxy.java:initGroupDir(264)) - 1d17c780-3c0c-42fc-a5ed-76046c58c935: found a subdirectory /home/runner/work/ozone/ozone/hadoop-ozone/integration-test/target/test-dir/MiniOzoneClusterImpl-d2e81863-a659-4dd2-bdb8-fa97662d499c/ozone-meta/datanode-3/ratis/tmp
2024-04-25 19:24:49,558 [1d17c780-3c0c-42fc-a5ed-76046c58c935-NettyServerStreamRpc-bossGroup--thread1] INFO  logging.LoggingHandler (AbstractInternalLogger.java:log(148)) - [id: 0xc800d76a] REGISTERED
2024-04-25 19:24:49,558 [1d17c780-3c0c-42fc-a5ed-76046c58c935-impl-thread1] INFO  server.RaftServer (RaftServerProxy.java:initGroupDir(269)) - 1d17c780-3c0c-42fc-a5ed-76046c58c935: The directory /home/runner/work/ozone/ozone/hadoop-ozone/integration-test/target/test-dir/MiniOzoneClusterImpl-d2e81863-a659-4dd2-bdb8-fa97662d499c/ozone-meta/datanode-3/ratis/tmp is not a group directory; ignoring it. 
2024-04-25 19:24:49,559 [main] INFO  replication.ReplicationServer (ReplicationServer.java:<init>(86)) - Initializing replication server with thread count = 10 queue length = 4096
2024-04-25 19:24:49,559 [1d17c780-3c0c-42fc-a5ed-76046c58c935-NettyServerStreamRpc-bossGroup--thread1] INFO  logging.LoggingHandler (AbstractInternalLogger.java:log(148)) - [id: 0xc800d76a] BIND: 0.0.0.0/0.0.0.0:15122
2024-04-25 19:24:49,560 [1d17c780-3c0c-42fc-a5ed-76046c58c935-NettyServerStreamRpc-bossGroup--thread1] INFO  logging.LoggingHandler (AbstractInternalLogger.java:log(148)) - [id: 0xc800d76a, L:/0.0.0.0:15122] ACTIVE
2024-04-25 19:24:49,560 [main] INFO  server.XceiverServerGrpc (XceiverServerGrpc.java:<init>(141)) - GrpcServer channel type EpollServerSocketChannel
2024-04-25 19:24:49,562 [main] INFO  replication.ReplicationSupervisor (ReplicationSupervisor.java:build(157)) - Initializing replication supervisor with thread count = 10
2024-04-25 19:24:49,562 [main] INFO  replication.ReplicationSupervisor (ReplicationSupervisor.java:nodeStateUpdated(312)) - Node state updated to IN_SERVICE, scaling executor pool size to 10
2024-04-25 19:24:49,565 [main] INFO  http.BaseHttpServer (BaseHttpServer.java:newHttpServer2BuilderForOzone(223)) - Starting Web-server for hddsDatanode at: http://0.0.0.0:15116
2024-04-25 19:24:49,565 [main] INFO  http.BaseHttpServer (BaseHttpServer.java:<init>(110)) - Hadoop Security Enabled: false Ozone Security Enabled: false Ozone HTTP Security Enabled: false 
2024-04-25 19:24:49,566 [main] WARN  server.AuthenticationFilter (AuthenticationFilter.java:constructSecretProvider(240)) - Unable to initialize FileSignerSecretProvider, falling back to use random secrets. Reason: Could not read signature secret file: /home/runner/hadoop-http-auth-signature-secret
2024-04-25 19:24:49,568 [main] INFO  http.HttpRequestLog (HttpRequestLog.java:getRequestLog(86)) - Http request log for http.requests.hddsDatanode is not defined
2024-04-25 19:24:49,569 [main] INFO  http.HttpServer2 (HttpServer2.java:addGlobalFilter(1036)) - Added global filter 'safety' (class=org.apache.hadoop.hdds.server.http.HttpServer2$QuotingInputFilter)
2024-04-25 19:24:49,570 [main] INFO  http.HttpServer2 (HttpServer2.java:addFilter(1012)) - Added filter static_user_filter (class=org.apache.hadoop.http.lib.StaticUserWebFilter$StaticUserFilter) to context hddsDatanode
2024-04-25 19:24:49,570 [main] INFO  http.HttpServer2 (HttpServer2.java:addFilter(1020)) - Added filter static_user_filter (class=org.apache.hadoop.http.lib.StaticUserWebFilter$StaticUserFilter) to context static
2024-04-25 19:24:49,571 [main] INFO  http.HttpServer2 (HttpServer2.java:addFilter(1020)) - Added filter static_user_filter (class=org.apache.hadoop.http.lib.StaticUserWebFilter$StaticUserFilter) to context logs
2024-04-25 19:24:49,571 [main] INFO  http.BaseHttpServer (BaseHttpServer.java:<init>(189)) - HTTP server of hddsDatanode uses base directory /home/runner/work/ozone/ozone/hadoop-ozone/integration-test/target/test-dir/MiniOzoneClusterImpl-d2e81863-a659-4dd2-bdb8-fa97662d499c/ozone-meta/datanode-3/meta/webserver
2024-04-25 19:24:49,572 [main] INFO  http.HttpServer2 (HttpServer2.java:bindListener(1236)) - Jetty bound to port 15116
2024-04-25 19:24:49,572 [main] INFO  server.Server (Server.java:doStart(375)) - jetty-9.4.53.v20231009; built: 2023-10-09T12:29:09.265Z; git: 27bde00a0b95a1d5bbee0eae7984f891d2d0f8c9; jvm 17.0.10+7
2024-04-25 19:24:49,573 [main] INFO  server.session (DefaultSessionIdManager.java:doStart(334)) - DefaultSessionIdManager workerName=node0
2024-04-25 19:24:49,573 [main] INFO  server.session (DefaultSessionIdManager.java:doStart(339)) - No SessionScavenger set, using defaults
2024-04-25 19:24:49,574 [main] INFO  server.session (HouseKeeper.java:startScavenging(132)) - node0 Scavenging every 600000ms
2024-04-25 19:24:49,575 [main] INFO  handler.ContextHandler (ContextHandler.java:doStart(921)) - Started o.e.j.s.ServletContextHandler@740639ba{logs,/logs,file:///home/runner/work/ozone/ozone/hadoop-ozone/integration-test/target/log,AVAILABLE}
2024-04-25 19:24:49,575 [main] INFO  handler.ContextHandler (ContextHandler.java:doStart(921)) - Started o.e.j.s.ServletContextHandler@563d89de{static,/static,file:///home/runner/work/ozone/ozone/hadoop-hdds/container-service/target/classes/webapps/static,AVAILABLE}
2024-04-25 19:24:49,580 [main] INFO  handler.ContextHandler (ContextHandler.java:doStart(921)) - Started o.e.j.w.WebAppContext@6aa4a749{hddsDatanode,/,file:///home/runner/work/ozone/ozone/hadoop-hdds/container-service/target/classes/webapps/hddsDatanode/,AVAILABLE}{file:/home/runner/work/ozone/ozone/hadoop-hdds/container-service/target/classes/webapps/hddsDatanode}
2024-04-25 19:24:49,583 [main] INFO  server.AbstractConnector (AbstractConnector.java:doStart(333)) - Started ServerConnector@46b5b238{HTTP/1.1, (http/1.1)}{0.0.0.0:15116}
2024-04-25 19:24:49,583 [main] INFO  server.Server (Server.java:doStart(415)) - Started @51296ms
2024-04-25 19:24:49,583 [main] WARN  impl.MetricsSystemImpl (MetricsSystemImpl.java:register(279)) - Sink prometheus already exists!
2024-04-25 19:24:49,584 [main] INFO  http.BaseHttpServer (BaseHttpServer.java:updateConnectorAddress(354)) - HTTP server of hddsDatanode listening at http://0.0.0.0:15116
2024-04-25 19:24:49,584 [main] INFO  ipc.CallQueueManager (CallQueueManager.java:<init>(90)) - Using callQueue: class java.util.concurrent.LinkedBlockingQueue, queueCapacity: 100, scheduler: class org.apache.hadoop.ipc.DefaultRpcScheduler, ipcBackoff: false.
2024-04-25 19:24:49,585 [main] INFO  ipc.Server (Server.java:<init>(1287)) - Listener at 0.0.0.0:15117
2024-04-25 19:24:49,585 [Socket Reader #1 for port 15117] INFO  ipc.Server (Server.java:run(1323)) - Starting Socket Reader #1 for port 15117
2024-04-25 19:24:49,587 [main] INFO  ozone.HddsDatanodeService (HddsDatanodeService.java:start(327)) - Datanode start with admins: [runner]
2024-04-25 19:24:49,587 [main] INFO  ozone.HddsDatanodeClientProtocolServer (HddsDatanodeClientProtocolServer.java:start(77)) - RPC server for Client /0.0.0.0:15117
2024-04-25 19:24:49,587 [IPC Server Responder] INFO  ipc.Server (Server.java:run(1562)) - IPC Server Responder: starting
2024-04-25 19:24:49,588 [IPC Server listener on 15117] INFO  ipc.Server (Server.java:run(1402)) - IPC Server listener on 15117: starting
2024-04-25 19:24:49,588 [1d17c780-3c0c-42fc-a5ed-76046c58c935-DatanodeStateMachineDaemonThread] INFO  statemachine.DatanodeStateMachine (DatanodeStateMachine.java:lambda$startDaemon$1(555)) - Ozone container server started.
2024-04-25 19:24:49,589 [main] WARN  dropwizard3.Dm3MetricRegistriesImpl (Dm3MetricRegistriesImpl.java:addReporterRegistration(113)) - New reporters are added after registries were created. Some metrics will be missing from the reporter. Please add reporter before adding any new registry.
2024-04-25 19:24:49,589 [main] WARN  dropwizard3.Dm3MetricRegistriesImpl (Dm3MetricRegistriesImpl.java:addReporterRegistration(113)) - New reporters are added after registries were created. Some metrics will be missing from the reporter. Please add reporter before adding any new registry.
2024-04-25 19:24:49,589 [main] INFO  impl.MetricsSystemImpl (MetricsSystemImpl.java:init(158)) - HddsDatanode metrics system started (again)
2024-04-25 19:24:49,591 [1d17c780-3c0c-42fc-a5ed-76046c58c935-DatanodeStateMachineTaskThread-0] INFO  datanode.InitDatanodeState (InitDatanodeState.java:persistContainerDatanodeDetails(139)) - DatanodeDetails is persisted to /home/runner/work/ozone/ozone/hadoop-ozone/integration-test/target/test-dir/MiniOzoneClusterImpl-d2e81863-a659-4dd2-bdb8-fa97662d499c/ozone-meta/datanode-3/meta/datanode.id
2024-04-25 19:24:49,599 [main] INFO  ozone.HddsDatanodeService (HddsDatanodeService.java:start(240)) - HddsDatanodeService host:fv-az524-255.igxe211viwkezmo5lnqk45pdag.ex.internal.cloudapp.net ip:10.1.0.10
2024-04-25 19:24:49,616 [main] INFO  upgrade.AbstractLayoutVersionManager (AbstractLayoutVersionManager.java:init(83)) - Initializing Layout version manager with metadata layout = HADOOP_PRC_PORTS_IN_DATANODEDETAILS (version = 7), software layout = HADOOP_PRC_PORTS_IN_DATANODEDETAILS (version = 7)
2024-04-25 19:24:49,617 [main] INFO  statemachine.DatanodeStateMachine (DatanodeStateMachine.java:getEndPointTaskThreadPoolSize(299)) - Datanode State Machine Task Thread Pool size 2
2024-04-25 19:24:49,618 [main] INFO  volume.HddsVolume (HddsVolume.java:<init>(126)) - Creating HddsVolume: /home/runner/work/ozone/ozone/hadoop-ozone/integration-test/target/test-dir/MiniOzoneClusterImpl-d2e81863-a659-4dd2-bdb8-fa97662d499c/ozone-meta/datanode-4/data-0/hdds of storage type : DISK capacity : 9223372036854775807
2024-04-25 19:24:49,619 [main] INFO  volume.MutableVolumeSet (MutableVolumeSet.java:initializeVolumeSet(173)) - Added Volume : /home/runner/work/ozone/ozone/hadoop-ozone/integration-test/target/test-dir/MiniOzoneClusterImpl-d2e81863-a659-4dd2-bdb8-fa97662d499c/ozone-meta/datanode-4/data-0/hdds to VolumeSet
2024-04-25 19:24:49,619 [main] INFO  volume.MutableVolumeSet (MutableVolumeSet.java:initializeVolumeSet(173)) - Added Volume : /home/runner/work/ozone/ozone/hadoop-ozone/integration-test/target/test-dir/MiniOzoneClusterImpl-d2e81863-a659-4dd2-bdb8-fa97662d499c/ozone-meta/datanode-4/ratis to VolumeSet
2024-04-25 19:24:49,620 [main] INFO  ozoneimpl.OzoneContainer (HddsVolumeUtil.java:loadAllHddsVolumeDbStore(103)) - Load 1 volumes DbStore cost: 0ms
2024-04-25 19:24:49,622 [main] INFO  server.RaftServer (ConfUtils.java:logGet(46)) - raft.rpc.type = GRPC (default)
2024-04-25 19:24:49,622 [main] INFO  grpc.GrpcConfigKeys (ConfUtils.java:logFallback(53)) - raft.grpc.admin.host = null (fallback to raft.grpc.server.host)
2024-04-25 19:24:49,622 [main] INFO  grpc.GrpcConfigKeys (ConfUtils.java:logGet(46)) - raft.grpc.admin.port = 15129 (custom)
2024-04-25 19:24:49,622 [main] INFO  grpc.GrpcConfigKeys (ConfUtils.java:logFallback(53)) - raft.grpc.client.host = null (fallback to raft.grpc.server.host)
2024-04-25 19:24:49,622 [main] INFO  grpc.GrpcConfigKeys (ConfUtils.java:logGet(46)) - raft.grpc.client.port = 15128 (custom)
2024-04-25 19:24:49,622 [main] INFO  grpc.GrpcConfigKeys (ConfUtils.java:logGet(46)) - raft.grpc.server.host = null (default)
2024-04-25 19:24:49,623 [main] INFO  grpc.GrpcConfigKeys (ConfUtils.java:logGet(46)) - raft.grpc.server.port = 15130 (custom)
2024-04-25 19:24:49,623 [main] INFO  server.GrpcService (ConfUtils.java:logGet(46)) - raft.grpc.message.size.max = 32MB (=33554432) (custom)
2024-04-25 19:24:49,623 [main] INFO  server.RaftServerConfigKeys (ConfUtils.java:logGet(46)) - raft.server.log.appender.buffer.byte-limit = 8388608 (custom)
2024-04-25 19:24:49,623 [main] INFO  server.GrpcService (ConfUtils.java:logGet(46)) - raft.grpc.flow.control.window = 5MB (=5242880) (custom)
2024-04-25 19:24:49,623 [main] INFO  server.RaftServerConfigKeys (ConfUtils.java:logGet(46)) - raft.server.rpc.request.timeout = 3000ms (default)
2024-04-25 19:24:49,623 [main] INFO  grpc.GrpcConfigKeys (ConfUtils.java:logGet(46)) - raft.grpc.server.heartbeat.channel = true (default)
2024-04-25 19:24:49,623 [main] INFO  grpc.GrpcConfigKeys (ConfUtils.java:logGet(46)) - raft.grpc.server.async.request.thread.pool.cached = true (default)
2024-04-25 19:24:49,624 [main] INFO  grpc.GrpcConfigKeys (ConfUtils.java:logGet(46)) - raft.grpc.server.async.request.thread.pool.size = 32 (default)
2024-04-25 19:24:49,625 [main] INFO  impl.DataStreamServerImpl (ConfUtils.java:logGet(46)) - raft.datastream.type = NETTY (custom)
2024-04-25 19:24:49,626 [main] INFO  server.RaftServerConfigKeys (ConfUtils.java:logGet(46)) - raft.server.data-stream.async.request.thread.pool.cached = false (default)
2024-04-25 19:24:49,626 [main] INFO  server.RaftServerConfigKeys (ConfUtils.java:logGet(46)) - raft.server.data-stream.async.request.thread.pool.size = 20 (custom)
2024-04-25 19:24:49,626 [main] INFO  server.RaftServerConfigKeys (ConfUtils.java:logGet(46)) - raft.server.data-stream.async.write.thread.pool.size = 16 (default)
2024-04-25 19:24:49,626 [main] INFO  netty.NettyConfigKeys$DataStream (ConfUtils.java:logGet(46)) - raft.netty.dataStream.server.channel.inactive.grace-period = 10min (default)
2024-04-25 19:24:49,626 [main] INFO  server.RaftServerConfigKeys (ConfUtils.java:logGet(46)) - raft.server.data-stream.client.pool.size = 10 (default)
2024-04-25 19:24:49,626 [main] INFO  netty.NettyConfigKeys$DataStream (ConfUtils.java:logGet(46)) - raft.netty.dataStream.server.use-epoll = true (default)
2024-04-25 19:24:49,626 [main] INFO  netty.NettyConfigKeys$DataStream (ConfUtils.java:logGet(46)) - raft.netty.dataStream.server.boss-group.size = 0 (default)
2024-04-25 19:24:49,626 [main] INFO  netty.NettyUtils (NettyUtils.java:newEventLoopGroup(69)) - Create EpollEventLoopGroup for b2172664-c1c5-4da6-8eba-635cc9cc8385-NettyServerStreamRpc-bossGroup; Thread size is 0.
2024-04-25 19:24:49,627 [main] INFO  netty.NettyConfigKeys$DataStream (ConfUtils.java:logGet(46)) - raft.netty.dataStream.server.worker-group.size = 0 (default)
2024-04-25 19:24:49,627 [main] INFO  netty.NettyUtils (NettyUtils.java:newEventLoopGroup(69)) - Create EpollEventLoopGroup for b2172664-c1c5-4da6-8eba-635cc9cc8385-NettyServerStreamRpc-workerGroup; Thread size is 0.
2024-04-25 19:24:49,627 [main] INFO  netty.NettyConfigKeys$DataStream (ConfUtils.java:logGet(46)) - raft.netty.dataStream.server.tls.conf = null (default)
2024-04-25 19:24:49,627 [main] INFO  netty.NettyConfigKeys$DataStream (ConfUtils.java:logGet(46)) - raft.netty.dataStream.host = null (default)
2024-04-25 19:24:49,627 [main] INFO  netty.NettyConfigKeys$DataStream (ConfUtils.java:logGet(46)) - raft.netty.dataStream.port = 15131 (custom)
2024-04-25 19:24:49,628 [main] INFO  server.RaftServerConfigKeys (ConfUtils.java:logGet(46)) - raft.server.sleep.deviation.threshold = 300ms (default)
2024-04-25 19:24:49,628 [main] INFO  server.RaftServerConfigKeys (ConfUtils.java:logGet(46)) - raft.server.close.threshold = 60s (default)
2024-04-25 19:24:49,628 [main] INFO  server.RaftServerConfigKeys (ConfUtils.java:logGet(46)) - raft.server.leaderelection.leader.step-down.wait-time = 10s (default)
2024-04-25 19:24:49,628 [main] INFO  server.RaftServerConfigKeys (ConfUtils.java:logGet(46)) - raft.server.storage.dir = [/home/runner/work/ozone/ozone/hadoop-ozone/integration-test/target/test-dir/MiniOzoneClusterImpl-d2e81863-a659-4dd2-bdb8-fa97662d499c/ozone-meta/datanode-4/ratis] (custom)
2024-04-25 19:24:49,628 [main] INFO  server.RaftServerConfigKeys (ConfUtils.java:logGet(46)) - raft.server.threadpool.proxy.cached = true (default)
2024-04-25 19:24:49,628 [main] INFO  server.RaftServerConfigKeys (ConfUtils.java:logGet(46)) - raft.server.threadpool.proxy.size = 0 (default)
2024-04-25 19:24:49,628 [b2172664-c1c5-4da6-8eba-635cc9cc8385-NettyServerStreamRpc-bossGroup--thread1] INFO  logging.LoggingHandler (AbstractInternalLogger.java:log(148)) - [id: 0x80f90110] REGISTERED
2024-04-25 19:24:49,629 [b2172664-c1c5-4da6-8eba-635cc9cc8385-NettyServerStreamRpc-bossGroup--thread1] INFO  logging.LoggingHandler (AbstractInternalLogger.java:log(148)) - [id: 0x80f90110] BIND: 0.0.0.0/0.0.0.0:15131
2024-04-25 19:24:49,629 [b2172664-c1c5-4da6-8eba-635cc9cc8385-impl-thread1] INFO  server.RaftServer (RaftServerProxy.java:initGroupDir(264)) - b2172664-c1c5-4da6-8eba-635cc9cc8385: found a subdirectory /home/runner/work/ozone/ozone/hadoop-ozone/integration-test/target/test-dir/MiniOzoneClusterImpl-d2e81863-a659-4dd2-bdb8-fa97662d499c/ozone-meta/datanode-4/ratis/tmp
2024-04-25 19:24:49,629 [b2172664-c1c5-4da6-8eba-635cc9cc8385-impl-thread1] INFO  server.RaftServer (RaftServerProxy.java:initGroupDir(269)) - b2172664-c1c5-4da6-8eba-635cc9cc8385: The directory /home/runner/work/ozone/ozone/hadoop-ozone/integration-test/target/test-dir/MiniOzoneClusterImpl-d2e81863-a659-4dd2-bdb8-fa97662d499c/ozone-meta/datanode-4/ratis/tmp is not a group directory; ignoring it. 
2024-04-25 19:24:49,629 [b2172664-c1c5-4da6-8eba-635cc9cc8385-NettyServerStreamRpc-bossGroup--thread1] INFO  logging.LoggingHandler (AbstractInternalLogger.java:log(148)) - [id: 0x80f90110, L:/0.0.0.0:15131] ACTIVE
2024-04-25 19:24:49,629 [main] INFO  replication.ReplicationServer (ReplicationServer.java:<init>(86)) - Initializing replication server with thread count = 10 queue length = 4096
2024-04-25 19:24:49,630 [main] INFO  server.XceiverServerGrpc (XceiverServerGrpc.java:<init>(141)) - GrpcServer channel type EpollServerSocketChannel
2024-04-25 19:24:49,632 [main] INFO  replication.ReplicationSupervisor (ReplicationSupervisor.java:build(157)) - Initializing replication supervisor with thread count = 10
2024-04-25 19:24:49,632 [main] INFO  replication.ReplicationSupervisor (ReplicationSupervisor.java:nodeStateUpdated(312)) - Node state updated to IN_SERVICE, scaling executor pool size to 10
2024-04-25 19:24:49,634 [main] INFO  http.BaseHttpServer (BaseHttpServer.java:newHttpServer2BuilderForOzone(223)) - Starting Web-server for hddsDatanode at: http://0.0.0.0:15125
2024-04-25 19:24:49,634 [main] INFO  http.BaseHttpServer (BaseHttpServer.java:<init>(110)) - Hadoop Security Enabled: false Ozone Security Enabled: false Ozone HTTP Security Enabled: false 
2024-04-25 19:24:49,635 [main] WARN  server.AuthenticationFilter (AuthenticationFilter.java:constructSecretProvider(240)) - Unable to initialize FileSignerSecretProvider, falling back to use random secrets. Reason: Could not read signature secret file: /home/runner/hadoop-http-auth-signature-secret
2024-04-25 19:24:49,635 [main] INFO  http.HttpRequestLog (HttpRequestLog.java:getRequestLog(86)) - Http request log for http.requests.hddsDatanode is not defined
2024-04-25 19:24:49,636 [main] INFO  http.HttpServer2 (HttpServer2.java:addGlobalFilter(1036)) - Added global filter 'safety' (class=org.apache.hadoop.hdds.server.http.HttpServer2$QuotingInputFilter)
2024-04-25 19:24:49,637 [main] INFO  http.HttpServer2 (HttpServer2.java:addFilter(1012)) - Added filter static_user_filter (class=org.apache.hadoop.http.lib.StaticUserWebFilter$StaticUserFilter) to context hddsDatanode
2024-04-25 19:24:49,637 [main] INFO  http.HttpServer2 (HttpServer2.java:addFilter(1020)) - Added filter static_user_filter (class=org.apache.hadoop.http.lib.StaticUserWebFilter$StaticUserFilter) to context static
2024-04-25 19:24:49,637 [main] INFO  http.HttpServer2 (HttpServer2.java:addFilter(1020)) - Added filter static_user_filter (class=org.apache.hadoop.http.lib.StaticUserWebFilter$StaticUserFilter) to context logs
2024-04-25 19:24:49,638 [main] INFO  http.BaseHttpServer (BaseHttpServer.java:<init>(189)) - HTTP server of hddsDatanode uses base directory /home/runner/work/ozone/ozone/hadoop-ozone/integration-test/target/test-dir/MiniOzoneClusterImpl-d2e81863-a659-4dd2-bdb8-fa97662d499c/ozone-meta/datanode-4/meta/webserver
2024-04-25 19:24:49,638 [main] INFO  http.HttpServer2 (HttpServer2.java:bindListener(1236)) - Jetty bound to port 15125
2024-04-25 19:24:49,638 [main] INFO  server.Server (Server.java:doStart(375)) - jetty-9.4.53.v20231009; built: 2023-10-09T12:29:09.265Z; git: 27bde00a0b95a1d5bbee0eae7984f891d2d0f8c9; jvm 17.0.10+7
2024-04-25 19:24:49,641 [main] INFO  server.session (DefaultSessionIdManager.java:doStart(334)) - DefaultSessionIdManager workerName=node0
2024-04-25 19:24:49,641 [main] INFO  server.session (DefaultSessionIdManager.java:doStart(339)) - No SessionScavenger set, using defaults
2024-04-25 19:24:49,642 [main] INFO  server.session (HouseKeeper.java:startScavenging(132)) - node0 Scavenging every 660000ms
2024-04-25 19:24:49,642 [main] INFO  handler.ContextHandler (ContextHandler.java:doStart(921)) - Started o.e.j.s.ServletContextHandler@7bd6393d{logs,/logs,file:///home/runner/work/ozone/ozone/hadoop-ozone/integration-test/target/log,AVAILABLE}
2024-04-25 19:24:49,643 [main] INFO  handler.ContextHandler (ContextHandler.java:doStart(921)) - Started o.e.j.s.ServletContextHandler@7c03a3f5{static,/static,file:///home/runner/work/ozone/ozone/hadoop-hdds/container-service/target/classes/webapps/static,AVAILABLE}
2024-04-25 19:24:49,646 [main] INFO  handler.ContextHandler (ContextHandler.java:doStart(921)) - Started o.e.j.w.WebAppContext@249b8966{hddsDatanode,/,file:///home/runner/work/ozone/ozone/hadoop-hdds/container-service/target/classes/webapps/hddsDatanode/,AVAILABLE}{file:/home/runner/work/ozone/ozone/hadoop-hdds/container-service/target/classes/webapps/hddsDatanode}
2024-04-25 19:24:49,648 [main] INFO  server.AbstractConnector (AbstractConnector.java:doStart(333)) - Started ServerConnector@71139676{HTTP/1.1, (http/1.1)}{0.0.0.0:15125}
2024-04-25 19:24:49,648 [main] INFO  server.Server (Server.java:doStart(415)) - Started @51361ms
2024-04-25 19:24:49,649 [main] WARN  impl.MetricsSystemImpl (MetricsSystemImpl.java:register(279)) - Sink prometheus already exists!
2024-04-25 19:24:49,649 [main] INFO  http.BaseHttpServer (BaseHttpServer.java:updateConnectorAddress(354)) - HTTP server of hddsDatanode listening at http://0.0.0.0:15125
2024-04-25 19:24:49,650 [main] INFO  ipc.CallQueueManager (CallQueueManager.java:<init>(90)) - Using callQueue: class java.util.concurrent.LinkedBlockingQueue, queueCapacity: 100, scheduler: class org.apache.hadoop.ipc.DefaultRpcScheduler, ipcBackoff: false.
2024-04-25 19:24:49,650 [main] INFO  ipc.Server (Server.java:<init>(1287)) - Listener at 0.0.0.0:15126
2024-04-25 19:24:49,651 [Socket Reader #1 for port 15126] INFO  ipc.Server (Server.java:run(1323)) - Starting Socket Reader #1 for port 15126
2024-04-25 19:24:49,652 [main] INFO  ozone.HddsDatanodeService (HddsDatanodeService.java:start(327)) - Datanode start with admins: [runner]
2024-04-25 19:24:49,652 [main] INFO  ozone.HddsDatanodeClientProtocolServer (HddsDatanodeClientProtocolServer.java:start(77)) - RPC server for Client /0.0.0.0:15126
2024-04-25 19:24:49,653 [IPC Server Responder] INFO  ipc.Server (Server.java:run(1562)) - IPC Server Responder: starting
2024-04-25 19:24:49,653 [IPC Server listener on 15126] INFO  ipc.Server (Server.java:run(1402)) - IPC Server listener on 15126: starting
2024-04-25 19:24:49,653 [b2172664-c1c5-4da6-8eba-635cc9cc8385-DatanodeStateMachineDaemonThread] INFO  statemachine.DatanodeStateMachine (DatanodeStateMachine.java:lambda$startDaemon$1(555)) - Ozone container server started.
2024-04-25 19:24:49,654 [main] WARN  dropwizard3.Dm3MetricRegistriesImpl (Dm3MetricRegistriesImpl.java:addReporterRegistration(113)) - New reporters are added after registries were created. Some metrics will be missing from the reporter. Please add reporter before adding any new registry.
2024-04-25 19:24:49,654 [main] WARN  dropwizard3.Dm3MetricRegistriesImpl (Dm3MetricRegistriesImpl.java:addReporterRegistration(113)) - New reporters are added after registries were created. Some metrics will be missing from the reporter. Please add reporter before adding any new registry.
2024-04-25 19:24:49,654 [main] INFO  impl.MetricsSystemImpl (MetricsSystemImpl.java:init(158)) - HddsDatanode metrics system started (again)
2024-04-25 19:24:49,656 [b2172664-c1c5-4da6-8eba-635cc9cc8385-DatanodeStateMachineTaskThread-0] INFO  datanode.InitDatanodeState (InitDatanodeState.java:persistContainerDatanodeDetails(139)) - DatanodeDetails is persisted to /home/runner/work/ozone/ozone/hadoop-ozone/integration-test/target/test-dir/MiniOzoneClusterImpl-d2e81863-a659-4dd2-bdb8-fa97662d499c/ozone-meta/datanode-4/meta/datanode.id
2024-04-25 19:24:49,664 [main] INFO  ozone.HddsDatanodeService (HddsDatanodeService.java:start(240)) - HddsDatanodeService host:fv-az524-255.igxe211viwkezmo5lnqk45pdag.ex.internal.cloudapp.net ip:10.1.0.10
2024-04-25 19:24:49,684 [main] INFO  upgrade.AbstractLayoutVersionManager (AbstractLayoutVersionManager.java:init(83)) - Initializing Layout version manager with metadata layout = HADOOP_PRC_PORTS_IN_DATANODEDETAILS (version = 7), software layout = HADOOP_PRC_PORTS_IN_DATANODEDETAILS (version = 7)
2024-04-25 19:24:49,686 [main] INFO  statemachine.DatanodeStateMachine (DatanodeStateMachine.java:getEndPointTaskThreadPoolSize(299)) - Datanode State Machine Task Thread Pool size 2
2024-04-25 19:24:49,687 [main] INFO  volume.HddsVolume (HddsVolume.java:<init>(126)) - Creating HddsVolume: /home/runner/work/ozone/ozone/hadoop-ozone/integration-test/target/test-dir/MiniOzoneClusterImpl-d2e81863-a659-4dd2-bdb8-fa97662d499c/ozone-meta/datanode-5/data-0/hdds of storage type : DISK capacity : 9223372036854775807
2024-04-25 19:24:49,687 [main] INFO  volume.MutableVolumeSet (MutableVolumeSet.java:initializeVolumeSet(173)) - Added Volume : /home/runner/work/ozone/ozone/hadoop-ozone/integration-test/target/test-dir/MiniOzoneClusterImpl-d2e81863-a659-4dd2-bdb8-fa97662d499c/ozone-meta/datanode-5/data-0/hdds to VolumeSet
2024-04-25 19:24:49,688 [main] INFO  volume.MutableVolumeSet (MutableVolumeSet.java:initializeVolumeSet(173)) - Added Volume : /home/runner/work/ozone/ozone/hadoop-ozone/integration-test/target/test-dir/MiniOzoneClusterImpl-d2e81863-a659-4dd2-bdb8-fa97662d499c/ozone-meta/datanode-5/ratis to VolumeSet
2024-04-25 19:24:49,688 [main] INFO  ozoneimpl.OzoneContainer (HddsVolumeUtil.java:loadAllHddsVolumeDbStore(103)) - Load 1 volumes DbStore cost: 0ms
2024-04-25 19:24:49,691 [main] INFO  server.RaftServer (ConfUtils.java:logGet(46)) - raft.rpc.type = GRPC (default)
2024-04-25 19:24:49,691 [main] INFO  grpc.GrpcConfigKeys (ConfUtils.java:logFallback(53)) - raft.grpc.admin.host = null (fallback to raft.grpc.server.host)
2024-04-25 19:24:49,691 [main] INFO  grpc.GrpcConfigKeys (ConfUtils.java:logGet(46)) - raft.grpc.admin.port = 15138 (custom)
2024-04-25 19:24:49,691 [main] INFO  grpc.GrpcConfigKeys (ConfUtils.java:logFallback(53)) - raft.grpc.client.host = null (fallback to raft.grpc.server.host)
2024-04-25 19:24:49,692 [main] INFO  grpc.GrpcConfigKeys (ConfUtils.java:logGet(46)) - raft.grpc.client.port = 15137 (custom)
2024-04-25 19:24:49,692 [main] INFO  grpc.GrpcConfigKeys (ConfUtils.java:logGet(46)) - raft.grpc.server.host = null (default)
2024-04-25 19:24:49,692 [main] INFO  grpc.GrpcConfigKeys (ConfUtils.java:logGet(46)) - raft.grpc.server.port = 15139 (custom)
2024-04-25 19:24:49,692 [main] INFO  server.GrpcService (ConfUtils.java:logGet(46)) - raft.grpc.message.size.max = 32MB (=33554432) (custom)
2024-04-25 19:24:49,692 [main] INFO  server.RaftServerConfigKeys (ConfUtils.java:logGet(46)) - raft.server.log.appender.buffer.byte-limit = 8388608 (custom)
2024-04-25 19:24:49,692 [main] INFO  server.GrpcService (ConfUtils.java:logGet(46)) - raft.grpc.flow.control.window = 5MB (=5242880) (custom)
2024-04-25 19:24:49,692 [main] INFO  server.RaftServerConfigKeys (ConfUtils.java:logGet(46)) - raft.server.rpc.request.timeout = 3000ms (default)
2024-04-25 19:24:49,692 [main] INFO  grpc.GrpcConfigKeys (ConfUtils.java:logGet(46)) - raft.grpc.server.heartbeat.channel = true (default)
2024-04-25 19:24:49,692 [main] INFO  grpc.GrpcConfigKeys (ConfUtils.java:logGet(46)) - raft.grpc.server.async.request.thread.pool.cached = true (default)
2024-04-25 19:24:49,693 [main] INFO  grpc.GrpcConfigKeys (ConfUtils.java:logGet(46)) - raft.grpc.server.async.request.thread.pool.size = 32 (default)
2024-04-25 19:24:49,694 [main] INFO  impl.DataStreamServerImpl (ConfUtils.java:logGet(46)) - raft.datastream.type = NETTY (custom)
2024-04-25 19:24:49,695 [main] INFO  server.RaftServerConfigKeys (ConfUtils.java:logGet(46)) - raft.server.data-stream.async.request.thread.pool.cached = false (default)
2024-04-25 19:24:49,695 [main] INFO  server.RaftServerConfigKeys (ConfUtils.java:logGet(46)) - raft.server.data-stream.async.request.thread.pool.size = 20 (custom)
2024-04-25 19:24:49,695 [main] INFO  server.RaftServerConfigKeys (ConfUtils.java:logGet(46)) - raft.server.data-stream.async.write.thread.pool.size = 16 (default)
2024-04-25 19:24:49,695 [main] INFO  netty.NettyConfigKeys$DataStream (ConfUtils.java:logGet(46)) - raft.netty.dataStream.server.channel.inactive.grace-period = 10min (default)
2024-04-25 19:24:49,695 [main] INFO  server.RaftServerConfigKeys (ConfUtils.java:logGet(46)) - raft.server.data-stream.client.pool.size = 10 (default)
2024-04-25 19:24:49,695 [main] INFO  netty.NettyConfigKeys$DataStream (ConfUtils.java:logGet(46)) - raft.netty.dataStream.server.use-epoll = true (default)
2024-04-25 19:24:49,695 [main] INFO  netty.NettyConfigKeys$DataStream (ConfUtils.java:logGet(46)) - raft.netty.dataStream.server.boss-group.size = 0 (default)
2024-04-25 19:24:49,695 [main] INFO  netty.NettyUtils (NettyUtils.java:newEventLoopGroup(69)) - Create EpollEventLoopGroup for 957dcc0f-940f-48bb-84e1-bf54d09bb8cf-NettyServerStreamRpc-bossGroup; Thread size is 0.
2024-04-25 19:24:49,696 [main] INFO  netty.NettyConfigKeys$DataStream (ConfUtils.java:logGet(46)) - raft.netty.dataStream.server.worker-group.size = 0 (default)
2024-04-25 19:24:49,696 [main] INFO  netty.NettyUtils (NettyUtils.java:newEventLoopGroup(69)) - Create EpollEventLoopGroup for 957dcc0f-940f-48bb-84e1-bf54d09bb8cf-NettyServerStreamRpc-workerGroup; Thread size is 0.
2024-04-25 19:24:49,696 [main] INFO  netty.NettyConfigKeys$DataStream (ConfUtils.java:logGet(46)) - raft.netty.dataStream.server.tls.conf = null (default)
2024-04-25 19:24:49,696 [main] INFO  netty.NettyConfigKeys$DataStream (ConfUtils.java:logGet(46)) - raft.netty.dataStream.host = null (default)
2024-04-25 19:24:49,696 [main] INFO  netty.NettyConfigKeys$DataStream (ConfUtils.java:logGet(46)) - raft.netty.dataStream.port = 15140 (custom)
2024-04-25 19:24:49,697 [main] INFO  server.RaftServerConfigKeys (ConfUtils.java:logGet(46)) - raft.server.sleep.deviation.threshold = 300ms (default)
2024-04-25 19:24:49,697 [main] INFO  server.RaftServerConfigKeys (ConfUtils.java:logGet(46)) - raft.server.close.threshold = 60s (default)
2024-04-25 19:24:49,697 [main] INFO  server.RaftServerConfigKeys (ConfUtils.java:logGet(46)) - raft.server.leaderelection.leader.step-down.wait-time = 10s (default)
2024-04-25 19:24:49,697 [main] INFO  server.RaftServerConfigKeys (ConfUtils.java:logGet(46)) - raft.server.storage.dir = [/home/runner/work/ozone/ozone/hadoop-ozone/integration-test/target/test-dir/MiniOzoneClusterImpl-d2e81863-a659-4dd2-bdb8-fa97662d499c/ozone-meta/datanode-5/ratis] (custom)
2024-04-25 19:24:49,697 [main] INFO  server.RaftServerConfigKeys (ConfUtils.java:logGet(46)) - raft.server.threadpool.proxy.cached = true (default)
2024-04-25 19:24:49,697 [main] INFO  server.RaftServerConfigKeys (ConfUtils.java:logGet(46)) - raft.server.threadpool.proxy.size = 0 (default)
2024-04-25 19:24:49,698 [957dcc0f-940f-48bb-84e1-bf54d09bb8cf-impl-thread1] INFO  server.RaftServer (RaftServerProxy.java:initGroupDir(264)) - 957dcc0f-940f-48bb-84e1-bf54d09bb8cf: found a subdirectory /home/runner/work/ozone/ozone/hadoop-ozone/integration-test/target/test-dir/MiniOzoneClusterImpl-d2e81863-a659-4dd2-bdb8-fa97662d499c/ozone-meta/datanode-5/ratis/tmp
2024-04-25 19:24:49,698 [957dcc0f-940f-48bb-84e1-bf54d09bb8cf-impl-thread1] INFO  server.RaftServer (RaftServerProxy.java:initGroupDir(269)) - 957dcc0f-940f-48bb-84e1-bf54d09bb8cf: The directory /home/runner/work/ozone/ozone/hadoop-ozone/integration-test/target/test-dir/MiniOzoneClusterImpl-d2e81863-a659-4dd2-bdb8-fa97662d499c/ozone-meta/datanode-5/ratis/tmp is not a group directory; ignoring it. 
2024-04-25 19:24:49,698 [main] INFO  replication.ReplicationServer (ReplicationServer.java:<init>(86)) - Initializing replication server with thread count = 10 queue length = 4096
2024-04-25 19:24:49,698 [957dcc0f-940f-48bb-84e1-bf54d09bb8cf-NettyServerStreamRpc-bossGroup--thread1] INFO  logging.LoggingHandler (AbstractInternalLogger.java:log(148)) - [id: 0x31fa46ad] REGISTERED
2024-04-25 19:24:49,699 [957dcc0f-940f-48bb-84e1-bf54d09bb8cf-NettyServerStreamRpc-bossGroup--thread1] INFO  logging.LoggingHandler (AbstractInternalLogger.java:log(148)) - [id: 0x31fa46ad] BIND: 0.0.0.0/0.0.0.0:15140
2024-04-25 19:24:49,699 [957dcc0f-940f-48bb-84e1-bf54d09bb8cf-NettyServerStreamRpc-bossGroup--thread1] INFO  logging.LoggingHandler (AbstractInternalLogger.java:log(148)) - [id: 0x31fa46ad, L:/0.0.0.0:15140] ACTIVE
2024-04-25 19:24:49,699 [main] INFO  server.XceiverServerGrpc (XceiverServerGrpc.java:<init>(141)) - GrpcServer channel type EpollServerSocketChannel
2024-04-25 19:24:49,701 [main] INFO  replication.ReplicationSupervisor (ReplicationSupervisor.java:build(157)) - Initializing replication supervisor with thread count = 10
2024-04-25 19:24:49,701 [main] INFO  replication.ReplicationSupervisor (ReplicationSupervisor.java:nodeStateUpdated(312)) - Node state updated to IN_SERVICE, scaling executor pool size to 10
2024-04-25 19:24:49,703 [main] INFO  http.BaseHttpServer (BaseHttpServer.java:newHttpServer2BuilderForOzone(223)) - Starting Web-server for hddsDatanode at: http://0.0.0.0:15134
2024-04-25 19:24:49,703 [main] INFO  http.BaseHttpServer (BaseHttpServer.java:<init>(110)) - Hadoop Security Enabled: false Ozone Security Enabled: false Ozone HTTP Security Enabled: false 
2024-04-25 19:24:49,704 [main] WARN  server.AuthenticationFilter (AuthenticationFilter.java:constructSecretProvider(240)) - Unable to initialize FileSignerSecretProvider, falling back to use random secrets. Reason: Could not read signature secret file: /home/runner/hadoop-http-auth-signature-secret
2024-04-25 19:24:49,704 [main] INFO  http.HttpRequestLog (HttpRequestLog.java:getRequestLog(86)) - Http request log for http.requests.hddsDatanode is not defined
2024-04-25 19:24:49,706 [main] INFO  http.HttpServer2 (HttpServer2.java:addGlobalFilter(1036)) - Added global filter 'safety' (class=org.apache.hadoop.hdds.server.http.HttpServer2$QuotingInputFilter)
2024-04-25 19:24:49,706 [main] INFO  http.HttpServer2 (HttpServer2.java:addFilter(1012)) - Added filter static_user_filter (class=org.apache.hadoop.http.lib.StaticUserWebFilter$StaticUserFilter) to context hddsDatanode
2024-04-25 19:24:49,706 [main] INFO  http.HttpServer2 (HttpServer2.java:addFilter(1020)) - Added filter static_user_filter (class=org.apache.hadoop.http.lib.StaticUserWebFilter$StaticUserFilter) to context logs
2024-04-25 19:24:49,706 [main] INFO  http.HttpServer2 (HttpServer2.java:addFilter(1020)) - Added filter static_user_filter (class=org.apache.hadoop.http.lib.StaticUserWebFilter$StaticUserFilter) to context static
2024-04-25 19:24:49,707 [main] INFO  http.BaseHttpServer (BaseHttpServer.java:<init>(189)) - HTTP server of hddsDatanode uses base directory /home/runner/work/ozone/ozone/hadoop-ozone/integration-test/target/test-dir/MiniOzoneClusterImpl-d2e81863-a659-4dd2-bdb8-fa97662d499c/ozone-meta/datanode-5/meta/webserver
2024-04-25 19:24:49,707 [main] INFO  http.HttpServer2 (HttpServer2.java:bindListener(1236)) - Jetty bound to port 15134
2024-04-25 19:24:49,707 [main] INFO  server.Server (Server.java:doStart(375)) - jetty-9.4.53.v20231009; built: 2023-10-09T12:29:09.265Z; git: 27bde00a0b95a1d5bbee0eae7984f891d2d0f8c9; jvm 17.0.10+7
2024-04-25 19:24:49,716 [main] INFO  server.session (DefaultSessionIdManager.java:doStart(334)) - DefaultSessionIdManager workerName=node0
2024-04-25 19:24:49,716 [main] INFO  server.session (DefaultSessionIdManager.java:doStart(339)) - No SessionScavenger set, using defaults
2024-04-25 19:24:49,716 [main] INFO  server.session (HouseKeeper.java:startScavenging(132)) - node0 Scavenging every 660000ms
2024-04-25 19:24:49,717 [main] INFO  handler.ContextHandler (ContextHandler.java:doStart(921)) - Started o.e.j.s.ServletContextHandler@6586b4e3{logs,/logs,file:///home/runner/work/ozone/ozone/hadoop-ozone/integration-test/target/log,AVAILABLE}
2024-04-25 19:24:49,717 [main] INFO  handler.ContextHandler (ContextHandler.java:doStart(921)) - Started o.e.j.s.ServletContextHandler@4f9d220b{static,/static,file:///home/runner/work/ozone/ozone/hadoop-hdds/container-service/target/classes/webapps/static,AVAILABLE}
2024-04-25 19:24:49,720 [main] INFO  handler.ContextHandler (ContextHandler.java:doStart(921)) - Started o.e.j.w.WebAppContext@787aa9f1{hddsDatanode,/,file:///home/runner/work/ozone/ozone/hadoop-hdds/container-service/target/classes/webapps/hddsDatanode/,AVAILABLE}{file:/home/runner/work/ozone/ozone/hadoop-hdds/container-service/target/classes/webapps/hddsDatanode}
2024-04-25 19:24:49,720 [main] INFO  server.AbstractConnector (AbstractConnector.java:doStart(333)) - Started ServerConnector@62ca9413{HTTP/1.1, (http/1.1)}{0.0.0.0:15134}
2024-04-25 19:24:49,721 [main] INFO  server.Server (Server.java:doStart(415)) - Started @51433ms
2024-04-25 19:24:49,721 [main] WARN  impl.MetricsSystemImpl (MetricsSystemImpl.java:register(279)) - Sink prometheus already exists!
2024-04-25 19:24:49,721 [main] INFO  http.BaseHttpServer (BaseHttpServer.java:updateConnectorAddress(354)) - HTTP server of hddsDatanode listening at http://0.0.0.0:15134
2024-04-25 19:24:49,721 [main] INFO  ipc.CallQueueManager (CallQueueManager.java:<init>(90)) - Using callQueue: class java.util.concurrent.LinkedBlockingQueue, queueCapacity: 100, scheduler: class org.apache.hadoop.ipc.DefaultRpcScheduler, ipcBackoff: false.
2024-04-25 19:24:49,722 [main] INFO  ipc.Server (Server.java:<init>(1287)) - Listener at 0.0.0.0:15135
2024-04-25 19:24:49,722 [Socket Reader #1 for port 15135] INFO  ipc.Server (Server.java:run(1323)) - Starting Socket Reader #1 for port 15135
2024-04-25 19:24:49,723 [main] INFO  ozone.HddsDatanodeService (HddsDatanodeService.java:start(327)) - Datanode start with admins: [runner]
2024-04-25 19:24:49,723 [main] INFO  ozone.HddsDatanodeClientProtocolServer (HddsDatanodeClientProtocolServer.java:start(77)) - RPC server for Client /0.0.0.0:15135
2024-04-25 19:24:49,723 [IPC Server Responder] INFO  ipc.Server (Server.java:run(1562)) - IPC Server Responder: starting
2024-04-25 19:24:49,724 [IPC Server listener on 15135] INFO  ipc.Server (Server.java:run(1402)) - IPC Server listener on 15135: starting
2024-04-25 19:24:49,724 [957dcc0f-940f-48bb-84e1-bf54d09bb8cf-DatanodeStateMachineDaemonThread] INFO  statemachine.DatanodeStateMachine (DatanodeStateMachine.java:lambda$startDaemon$1(555)) - Ozone container server started.
2024-04-25 19:24:49,724 [main] WARN  dropwizard3.Dm3MetricRegistriesImpl (Dm3MetricRegistriesImpl.java:addReporterRegistration(113)) - New reporters are added after registries were created. Some metrics will be missing from the reporter. Please add reporter before adding any new registry.
2024-04-25 19:24:49,724 [main] WARN  dropwizard3.Dm3MetricRegistriesImpl (Dm3MetricRegistriesImpl.java:addReporterRegistration(113)) - New reporters are added after registries were created. Some metrics will be missing from the reporter. Please add reporter before adding any new registry.
2024-04-25 19:24:49,724 [main] INFO  impl.MetricsSystemImpl (MetricsSystemImpl.java:init(158)) - HddsDatanode metrics system started (again)
2024-04-25 19:24:49,730 [957dcc0f-940f-48bb-84e1-bf54d09bb8cf-DatanodeStateMachineTaskThread-0] INFO  datanode.InitDatanodeState (InitDatanodeState.java:persistContainerDatanodeDetails(139)) - DatanodeDetails is persisted to /home/runner/work/ozone/ozone/hadoop-ozone/integration-test/target/test-dir/MiniOzoneClusterImpl-d2e81863-a659-4dd2-bdb8-fa97662d499c/ozone-meta/datanode-5/meta/datanode.id
2024-04-25 19:24:49,735 [main] INFO  ozone.HddsDatanodeService (HddsDatanodeService.java:start(240)) - HddsDatanodeService host:fv-az524-255.igxe211viwkezmo5lnqk45pdag.ex.internal.cloudapp.net ip:10.1.0.10
2024-04-25 19:24:49,752 [main] INFO  upgrade.AbstractLayoutVersionManager (AbstractLayoutVersionManager.java:init(83)) - Initializing Layout version manager with metadata layout = HADOOP_PRC_PORTS_IN_DATANODEDETAILS (version = 7), software layout = HADOOP_PRC_PORTS_IN_DATANODEDETAILS (version = 7)
2024-04-25 19:24:49,752 [main] INFO  statemachine.DatanodeStateMachine (DatanodeStateMachine.java:getEndPointTaskThreadPoolSize(299)) - Datanode State Machine Task Thread Pool size 2
2024-04-25 19:24:49,754 [main] INFO  volume.HddsVolume (HddsVolume.java:<init>(126)) - Creating HddsVolume: /home/runner/work/ozone/ozone/hadoop-ozone/integration-test/target/test-dir/MiniOzoneClusterImpl-d2e81863-a659-4dd2-bdb8-fa97662d499c/ozone-meta/datanode-6/data-0/hdds of storage type : DISK capacity : 9223372036854775807
2024-04-25 19:24:49,754 [main] INFO  volume.MutableVolumeSet (MutableVolumeSet.java:initializeVolumeSet(173)) - Added Volume : /home/runner/work/ozone/ozone/hadoop-ozone/integration-test/target/test-dir/MiniOzoneClusterImpl-d2e81863-a659-4dd2-bdb8-fa97662d499c/ozone-meta/datanode-6/data-0/hdds to VolumeSet
2024-04-25 19:24:49,755 [main] INFO  volume.MutableVolumeSet (MutableVolumeSet.java:initializeVolumeSet(173)) - Added Volume : /home/runner/work/ozone/ozone/hadoop-ozone/integration-test/target/test-dir/MiniOzoneClusterImpl-d2e81863-a659-4dd2-bdb8-fa97662d499c/ozone-meta/datanode-6/ratis to VolumeSet
2024-04-25 19:24:49,755 [main] INFO  ozoneimpl.OzoneContainer (HddsVolumeUtil.java:loadAllHddsVolumeDbStore(103)) - Load 1 volumes DbStore cost: 0ms
2024-04-25 19:24:49,758 [main] INFO  server.RaftServer (ConfUtils.java:logGet(46)) - raft.rpc.type = GRPC (default)
2024-04-25 19:24:49,758 [main] INFO  grpc.GrpcConfigKeys (ConfUtils.java:logFallback(53)) - raft.grpc.admin.host = null (fallback to raft.grpc.server.host)
2024-04-25 19:24:49,758 [main] INFO  grpc.GrpcConfigKeys (ConfUtils.java:logGet(46)) - raft.grpc.admin.port = 15147 (custom)
2024-04-25 19:24:49,758 [main] INFO  grpc.GrpcConfigKeys (ConfUtils.java:logFallback(53)) - raft.grpc.client.host = null (fallback to raft.grpc.server.host)
2024-04-25 19:24:49,758 [main] INFO  grpc.GrpcConfigKeys (ConfUtils.java:logGet(46)) - raft.grpc.client.port = 15146 (custom)
2024-04-25 19:24:49,759 [main] INFO  grpc.GrpcConfigKeys (ConfUtils.java:logGet(46)) - raft.grpc.server.host = null (default)
2024-04-25 19:24:49,759 [main] INFO  grpc.GrpcConfigKeys (ConfUtils.java:logGet(46)) - raft.grpc.server.port = 15148 (custom)
2024-04-25 19:24:49,759 [main] INFO  server.GrpcService (ConfUtils.java:logGet(46)) - raft.grpc.message.size.max = 32MB (=33554432) (custom)
2024-04-25 19:24:49,759 [main] INFO  server.RaftServerConfigKeys (ConfUtils.java:logGet(46)) - raft.server.log.appender.buffer.byte-limit = 8388608 (custom)
2024-04-25 19:24:49,759 [main] INFO  server.GrpcService (ConfUtils.java:logGet(46)) - raft.grpc.flow.control.window = 5MB (=5242880) (custom)
2024-04-25 19:24:49,759 [main] INFO  server.RaftServerConfigKeys (ConfUtils.java:logGet(46)) - raft.server.rpc.request.timeout = 3000ms (default)
2024-04-25 19:24:49,759 [main] INFO  grpc.GrpcConfigKeys (ConfUtils.java:logGet(46)) - raft.grpc.server.heartbeat.channel = true (default)
2024-04-25 19:24:49,760 [main] INFO  grpc.GrpcConfigKeys (ConfUtils.java:logGet(46)) - raft.grpc.server.async.request.thread.pool.cached = true (default)
2024-04-25 19:24:49,760 [main] INFO  grpc.GrpcConfigKeys (ConfUtils.java:logGet(46)) - raft.grpc.server.async.request.thread.pool.size = 32 (default)
2024-04-25 19:24:49,765 [main] INFO  impl.DataStreamServerImpl (ConfUtils.java:logGet(46)) - raft.datastream.type = NETTY (custom)
2024-04-25 19:24:49,766 [main] INFO  server.RaftServerConfigKeys (ConfUtils.java:logGet(46)) - raft.server.data-stream.async.request.thread.pool.cached = false (default)
2024-04-25 19:24:49,766 [main] INFO  server.RaftServerConfigKeys (ConfUtils.java:logGet(46)) - raft.server.data-stream.async.request.thread.pool.size = 20 (custom)
2024-04-25 19:24:49,766 [main] INFO  server.RaftServerConfigKeys (ConfUtils.java:logGet(46)) - raft.server.data-stream.async.write.thread.pool.size = 16 (default)
2024-04-25 19:24:49,766 [main] INFO  netty.NettyConfigKeys$DataStream (ConfUtils.java:logGet(46)) - raft.netty.dataStream.server.channel.inactive.grace-period = 10min (default)
2024-04-25 19:24:49,767 [main] INFO  server.RaftServerConfigKeys (ConfUtils.java:logGet(46)) - raft.server.data-stream.client.pool.size = 10 (default)
2024-04-25 19:24:49,767 [main] INFO  netty.NettyConfigKeys$DataStream (ConfUtils.java:logGet(46)) - raft.netty.dataStream.server.use-epoll = true (default)
2024-04-25 19:24:49,767 [main] INFO  netty.NettyConfigKeys$DataStream (ConfUtils.java:logGet(46)) - raft.netty.dataStream.server.boss-group.size = 0 (default)
2024-04-25 19:24:49,767 [main] INFO  netty.NettyUtils (NettyUtils.java:newEventLoopGroup(69)) - Create EpollEventLoopGroup for cedf47e1-7aa2-45e6-80d0-c614de566771-NettyServerStreamRpc-bossGroup; Thread size is 0.
2024-04-25 19:24:49,768 [main] INFO  netty.NettyConfigKeys$DataStream (ConfUtils.java:logGet(46)) - raft.netty.dataStream.server.worker-group.size = 0 (default)
2024-04-25 19:24:49,768 [main] INFO  netty.NettyUtils (NettyUtils.java:newEventLoopGroup(69)) - Create EpollEventLoopGroup for cedf47e1-7aa2-45e6-80d0-c614de566771-NettyServerStreamRpc-workerGroup; Thread size is 0.
2024-04-25 19:24:49,768 [main] INFO  netty.NettyConfigKeys$DataStream (ConfUtils.java:logGet(46)) - raft.netty.dataStream.server.tls.conf = null (default)
2024-04-25 19:24:49,768 [main] INFO  netty.NettyConfigKeys$DataStream (ConfUtils.java:logGet(46)) - raft.netty.dataStream.host = null (default)
2024-04-25 19:24:49,768 [main] INFO  netty.NettyConfigKeys$DataStream (ConfUtils.java:logGet(46)) - raft.netty.dataStream.port = 15149 (custom)
2024-04-25 19:24:49,769 [main] INFO  server.RaftServerConfigKeys (ConfUtils.java:logGet(46)) - raft.server.sleep.deviation.threshold = 300ms (default)
2024-04-25 19:24:49,769 [main] INFO  server.RaftServerConfigKeys (ConfUtils.java:logGet(46)) - raft.server.close.threshold = 60s (default)
2024-04-25 19:24:49,769 [main] INFO  server.RaftServerConfigKeys (ConfUtils.java:logGet(46)) - raft.server.leaderelection.leader.step-down.wait-time = 10s (default)
2024-04-25 19:24:49,770 [main] INFO  server.RaftServerConfigKeys (ConfUtils.java:logGet(46)) - raft.server.storage.dir = [/home/runner/work/ozone/ozone/hadoop-ozone/integration-test/target/test-dir/MiniOzoneClusterImpl-d2e81863-a659-4dd2-bdb8-fa97662d499c/ozone-meta/datanode-6/ratis] (custom)
2024-04-25 19:24:49,770 [main] INFO  server.RaftServerConfigKeys (ConfUtils.java:logGet(46)) - raft.server.threadpool.proxy.cached = true (default)
2024-04-25 19:24:49,770 [main] INFO  server.RaftServerConfigKeys (ConfUtils.java:logGet(46)) - raft.server.threadpool.proxy.size = 0 (default)
2024-04-25 19:24:49,771 [cedf47e1-7aa2-45e6-80d0-c614de566771-NettyServerStreamRpc-bossGroup--thread1] INFO  logging.LoggingHandler (AbstractInternalLogger.java:log(148)) - [id: 0xd2419efc] REGISTERED
2024-04-25 19:24:49,771 [cedf47e1-7aa2-45e6-80d0-c614de566771-NettyServerStreamRpc-bossGroup--thread1] INFO  logging.LoggingHandler (AbstractInternalLogger.java:log(148)) - [id: 0xd2419efc] BIND: 0.0.0.0/0.0.0.0:15149
2024-04-25 19:24:49,772 [cedf47e1-7aa2-45e6-80d0-c614de566771-NettyServerStreamRpc-bossGroup--thread1] INFO  logging.LoggingHandler (AbstractInternalLogger.java:log(148)) - [id: 0xd2419efc, L:/0.0.0.0:15149] ACTIVE
2024-04-25 19:24:49,780 [cedf47e1-7aa2-45e6-80d0-c614de566771-impl-thread1] INFO  server.RaftServer (RaftServerProxy.java:initGroupDir(264)) - cedf47e1-7aa2-45e6-80d0-c614de566771: found a subdirectory /home/runner/work/ozone/ozone/hadoop-ozone/integration-test/target/test-dir/MiniOzoneClusterImpl-d2e81863-a659-4dd2-bdb8-fa97662d499c/ozone-meta/datanode-6/ratis/tmp
2024-04-25 19:24:49,780 [cedf47e1-7aa2-45e6-80d0-c614de566771-impl-thread1] INFO  server.RaftServer (RaftServerProxy.java:initGroupDir(269)) - cedf47e1-7aa2-45e6-80d0-c614de566771: The directory /home/runner/work/ozone/ozone/hadoop-ozone/integration-test/target/test-dir/MiniOzoneClusterImpl-d2e81863-a659-4dd2-bdb8-fa97662d499c/ozone-meta/datanode-6/ratis/tmp is not a group directory; ignoring it. 
2024-04-25 19:24:49,780 [main] INFO  replication.ReplicationServer (ReplicationServer.java:<init>(86)) - Initializing replication server with thread count = 10 queue length = 4096
2024-04-25 19:24:49,782 [main] INFO  server.XceiverServerGrpc (XceiverServerGrpc.java:<init>(141)) - GrpcServer channel type EpollServerSocketChannel
2024-04-25 19:24:49,783 [main] INFO  replication.ReplicationSupervisor (ReplicationSupervisor.java:build(157)) - Initializing replication supervisor with thread count = 10
2024-04-25 19:24:49,783 [main] INFO  replication.ReplicationSupervisor (ReplicationSupervisor.java:nodeStateUpdated(312)) - Node state updated to IN_SERVICE, scaling executor pool size to 10
2024-04-25 19:24:49,785 [main] INFO  http.BaseHttpServer (BaseHttpServer.java:newHttpServer2BuilderForOzone(223)) - Starting Web-server for hddsDatanode at: http://0.0.0.0:15143
2024-04-25 19:24:49,786 [main] INFO  http.BaseHttpServer (BaseHttpServer.java:<init>(110)) - Hadoop Security Enabled: false Ozone Security Enabled: false Ozone HTTP Security Enabled: false 
2024-04-25 19:24:49,787 [main] WARN  server.AuthenticationFilter (AuthenticationFilter.java:constructSecretProvider(240)) - Unable to initialize FileSignerSecretProvider, falling back to use random secrets. Reason: Could not read signature secret file: /home/runner/hadoop-http-auth-signature-secret
2024-04-25 19:24:49,788 [main] INFO  http.HttpRequestLog (HttpRequestLog.java:getRequestLog(86)) - Http request log for http.requests.hddsDatanode is not defined
2024-04-25 19:24:49,789 [main] INFO  http.HttpServer2 (HttpServer2.java:addGlobalFilter(1036)) - Added global filter 'safety' (class=org.apache.hadoop.hdds.server.http.HttpServer2$QuotingInputFilter)
2024-04-25 19:24:49,789 [main] INFO  http.HttpServer2 (HttpServer2.java:addFilter(1012)) - Added filter static_user_filter (class=org.apache.hadoop.http.lib.StaticUserWebFilter$StaticUserFilter) to context hddsDatanode
2024-04-25 19:24:49,789 [main] INFO  http.HttpServer2 (HttpServer2.java:addFilter(1020)) - Added filter static_user_filter (class=org.apache.hadoop.http.lib.StaticUserWebFilter$StaticUserFilter) to context logs
2024-04-25 19:24:49,790 [main] INFO  http.HttpServer2 (HttpServer2.java:addFilter(1020)) - Added filter static_user_filter (class=org.apache.hadoop.http.lib.StaticUserWebFilter$StaticUserFilter) to context static
2024-04-25 19:24:49,792 [main] INFO  http.BaseHttpServer (BaseHttpServer.java:<init>(189)) - HTTP server of hddsDatanode uses base directory /home/runner/work/ozone/ozone/hadoop-ozone/integration-test/target/test-dir/MiniOzoneClusterImpl-d2e81863-a659-4dd2-bdb8-fa97662d499c/ozone-meta/datanode-6/meta/webserver
2024-04-25 19:24:49,792 [main] INFO  http.HttpServer2 (HttpServer2.java:bindListener(1236)) - Jetty bound to port 15143
2024-04-25 19:24:49,792 [main] INFO  server.Server (Server.java:doStart(375)) - jetty-9.4.53.v20231009; built: 2023-10-09T12:29:09.265Z; git: 27bde00a0b95a1d5bbee0eae7984f891d2d0f8c9; jvm 17.0.10+7
2024-04-25 19:24:49,796 [main] INFO  server.session (DefaultSessionIdManager.java:doStart(334)) - DefaultSessionIdManager workerName=node0
2024-04-25 19:24:49,796 [main] INFO  server.session (DefaultSessionIdManager.java:doStart(339)) - No SessionScavenger set, using defaults
2024-04-25 19:24:49,796 [main] INFO  server.session (HouseKeeper.java:startScavenging(132)) - node0 Scavenging every 660000ms
2024-04-25 19:24:49,797 [main] INFO  handler.ContextHandler (ContextHandler.java:doStart(921)) - Started o.e.j.s.ServletContextHandler@782cd00{logs,/logs,file:///home/runner/work/ozone/ozone/hadoop-ozone/integration-test/target/log,AVAILABLE}
2024-04-25 19:24:49,797 [main] INFO  handler.ContextHandler (ContextHandler.java:doStart(921)) - Started o.e.j.s.ServletContextHandler@4a182dea{static,/static,file:///home/runner/work/ozone/ozone/hadoop-hdds/container-service/target/classes/webapps/static,AVAILABLE}
2024-04-25 19:24:49,802 [main] INFO  handler.ContextHandler (ContextHandler.java:doStart(921)) - Started o.e.j.w.WebAppContext@3f6edaf8{hddsDatanode,/,file:///home/runner/work/ozone/ozone/hadoop-hdds/container-service/target/classes/webapps/hddsDatanode/,AVAILABLE}{file:/home/runner/work/ozone/ozone/hadoop-hdds/container-service/target/classes/webapps/hddsDatanode}
2024-04-25 19:24:49,802 [main] INFO  server.AbstractConnector (AbstractConnector.java:doStart(333)) - Started ServerConnector@532a48d4{HTTP/1.1, (http/1.1)}{0.0.0.0:15143}
2024-04-25 19:24:49,802 [main] INFO  server.Server (Server.java:doStart(415)) - Started @51515ms
2024-04-25 19:24:49,802 [main] WARN  impl.MetricsSystemImpl (MetricsSystemImpl.java:register(279)) - Sink prometheus already exists!
2024-04-25 19:24:49,803 [main] INFO  http.BaseHttpServer (BaseHttpServer.java:updateConnectorAddress(354)) - HTTP server of hddsDatanode listening at http://0.0.0.0:15143
2024-04-25 19:24:49,804 [main] INFO  ipc.CallQueueManager (CallQueueManager.java:<init>(90)) - Using callQueue: class java.util.concurrent.LinkedBlockingQueue, queueCapacity: 100, scheduler: class org.apache.hadoop.ipc.DefaultRpcScheduler, ipcBackoff: false.
2024-04-25 19:24:49,804 [main] INFO  ipc.Server (Server.java:<init>(1287)) - Listener at 0.0.0.0:15144
2024-04-25 19:24:49,804 [Socket Reader #1 for port 15144] INFO  ipc.Server (Server.java:run(1323)) - Starting Socket Reader #1 for port 15144
2024-04-25 19:24:49,809 [main] INFO  ozone.HddsDatanodeService (HddsDatanodeService.java:start(327)) - Datanode start with admins: [runner]
2024-04-25 19:24:49,809 [main] INFO  ozone.HddsDatanodeClientProtocolServer (HddsDatanodeClientProtocolServer.java:start(77)) - RPC server for Client /0.0.0.0:15144
2024-04-25 19:24:49,809 [IPC Server Responder] INFO  ipc.Server (Server.java:run(1562)) - IPC Server Responder: starting
2024-04-25 19:24:49,812 [IPC Server listener on 15144] INFO  ipc.Server (Server.java:run(1402)) - IPC Server listener on 15144: starting
2024-04-25 19:24:49,816 [cedf47e1-7aa2-45e6-80d0-c614de566771-DatanodeStateMachineDaemonThread] INFO  statemachine.DatanodeStateMachine (DatanodeStateMachine.java:lambda$startDaemon$1(555)) - Ozone container server started.
2024-04-25 19:24:49,816 [main] WARN  dropwizard3.Dm3MetricRegistriesImpl (Dm3MetricRegistriesImpl.java:addReporterRegistration(113)) - New reporters are added after registries were created. Some metrics will be missing from the reporter. Please add reporter before adding any new registry.
2024-04-25 19:24:49,816 [main] WARN  dropwizard3.Dm3MetricRegistriesImpl (Dm3MetricRegistriesImpl.java:addReporterRegistration(113)) - New reporters are added after registries were created. Some metrics will be missing from the reporter. Please add reporter before adding any new registry.
2024-04-25 19:24:49,816 [main] INFO  impl.MetricsSystemImpl (MetricsSystemImpl.java:init(158)) - HddsDatanode metrics system started (again)
2024-04-25 19:24:49,826 [cedf47e1-7aa2-45e6-80d0-c614de566771-DatanodeStateMachineTaskThread-0] INFO  datanode.InitDatanodeState (InitDatanodeState.java:persistContainerDatanodeDetails(139)) - DatanodeDetails is persisted to /home/runner/work/ozone/ozone/hadoop-ozone/integration-test/target/test-dir/MiniOzoneClusterImpl-d2e81863-a659-4dd2-bdb8-fa97662d499c/ozone-meta/datanode-6/meta/datanode.id
2024-04-25 19:24:49,826 [main] INFO  ozone.HddsDatanodeService (HddsDatanodeService.java:start(240)) - HddsDatanodeService host:fv-az524-255.igxe211viwkezmo5lnqk45pdag.ex.internal.cloudapp.net ip:10.1.0.10
2024-04-25 19:24:49,850 [main] INFO  upgrade.AbstractLayoutVersionManager (AbstractLayoutVersionManager.java:init(83)) - Initializing Layout version manager with metadata layout = HADOOP_PRC_PORTS_IN_DATANODEDETAILS (version = 7), software layout = HADOOP_PRC_PORTS_IN_DATANODEDETAILS (version = 7)
2024-04-25 19:24:49,851 [main] INFO  statemachine.DatanodeStateMachine (DatanodeStateMachine.java:getEndPointTaskThreadPoolSize(299)) - Datanode State Machine Task Thread Pool size 2
2024-04-25 19:24:49,852 [main] INFO  volume.HddsVolume (HddsVolume.java:<init>(126)) - Creating HddsVolume: /home/runner/work/ozone/ozone/hadoop-ozone/integration-test/target/test-dir/MiniOzoneClusterImpl-d2e81863-a659-4dd2-bdb8-fa97662d499c/ozone-meta/datanode-7/data-0/hdds of storage type : DISK capacity : 9223372036854775807
2024-04-25 19:24:49,852 [main] INFO  volume.MutableVolumeSet (MutableVolumeSet.java:initializeVolumeSet(173)) - Added Volume : /home/runner/work/ozone/ozone/hadoop-ozone/integration-test/target/test-dir/MiniOzoneClusterImpl-d2e81863-a659-4dd2-bdb8-fa97662d499c/ozone-meta/datanode-7/data-0/hdds to VolumeSet
2024-04-25 19:24:49,853 [main] INFO  volume.MutableVolumeSet (MutableVolumeSet.java:initializeVolumeSet(173)) - Added Volume : /home/runner/work/ozone/ozone/hadoop-ozone/integration-test/target/test-dir/MiniOzoneClusterImpl-d2e81863-a659-4dd2-bdb8-fa97662d499c/ozone-meta/datanode-7/ratis to VolumeSet
2024-04-25 19:24:49,853 [main] INFO  ozoneimpl.OzoneContainer (HddsVolumeUtil.java:loadAllHddsVolumeDbStore(103)) - Load 1 volumes DbStore cost: 0ms
2024-04-25 19:24:49,856 [main] INFO  server.RaftServer (ConfUtils.java:logGet(46)) - raft.rpc.type = GRPC (default)
2024-04-25 19:24:49,856 [main] INFO  grpc.GrpcConfigKeys (ConfUtils.java:logFallback(53)) - raft.grpc.admin.host = null (fallback to raft.grpc.server.host)
2024-04-25 19:24:49,856 [main] INFO  grpc.GrpcConfigKeys (ConfUtils.java:logGet(46)) - raft.grpc.admin.port = 15156 (custom)
2024-04-25 19:24:49,856 [main] INFO  grpc.GrpcConfigKeys (ConfUtils.java:logFallback(53)) - raft.grpc.client.host = null (fallback to raft.grpc.server.host)
2024-04-25 19:24:49,857 [main] INFO  grpc.GrpcConfigKeys (ConfUtils.java:logGet(46)) - raft.grpc.client.port = 15155 (custom)
2024-04-25 19:24:49,857 [main] INFO  grpc.GrpcConfigKeys (ConfUtils.java:logGet(46)) - raft.grpc.server.host = null (default)
2024-04-25 19:24:49,857 [main] INFO  grpc.GrpcConfigKeys (ConfUtils.java:logGet(46)) - raft.grpc.server.port = 15157 (custom)
2024-04-25 19:24:49,857 [main] INFO  server.GrpcService (ConfUtils.java:logGet(46)) - raft.grpc.message.size.max = 32MB (=33554432) (custom)
2024-04-25 19:24:49,857 [main] INFO  server.RaftServerConfigKeys (ConfUtils.java:logGet(46)) - raft.server.log.appender.buffer.byte-limit = 8388608 (custom)
2024-04-25 19:24:49,857 [main] INFO  server.GrpcService (ConfUtils.java:logGet(46)) - raft.grpc.flow.control.window = 5MB (=5242880) (custom)
2024-04-25 19:24:49,857 [main] INFO  server.RaftServerConfigKeys (ConfUtils.java:logGet(46)) - raft.server.rpc.request.timeout = 3000ms (default)
2024-04-25 19:24:49,857 [main] INFO  grpc.GrpcConfigKeys (ConfUtils.java:logGet(46)) - raft.grpc.server.heartbeat.channel = true (default)
2024-04-25 19:24:49,857 [main] INFO  grpc.GrpcConfigKeys (ConfUtils.java:logGet(46)) - raft.grpc.server.async.request.thread.pool.cached = true (default)
2024-04-25 19:24:49,857 [main] INFO  grpc.GrpcConfigKeys (ConfUtils.java:logGet(46)) - raft.grpc.server.async.request.thread.pool.size = 32 (default)
2024-04-25 19:24:49,859 [main] INFO  impl.DataStreamServerImpl (ConfUtils.java:logGet(46)) - raft.datastream.type = NETTY (custom)
2024-04-25 19:24:49,860 [main] INFO  server.RaftServerConfigKeys (ConfUtils.java:logGet(46)) - raft.server.data-stream.async.request.thread.pool.cached = false (default)
2024-04-25 19:24:49,860 [main] INFO  server.RaftServerConfigKeys (ConfUtils.java:logGet(46)) - raft.server.data-stream.async.request.thread.pool.size = 20 (custom)
2024-04-25 19:24:49,860 [main] INFO  server.RaftServerConfigKeys (ConfUtils.java:logGet(46)) - raft.server.data-stream.async.write.thread.pool.size = 16 (default)
2024-04-25 19:24:49,860 [main] INFO  netty.NettyConfigKeys$DataStream (ConfUtils.java:logGet(46)) - raft.netty.dataStream.server.channel.inactive.grace-period = 10min (default)
2024-04-25 19:24:49,860 [main] INFO  server.RaftServerConfigKeys (ConfUtils.java:logGet(46)) - raft.server.data-stream.client.pool.size = 10 (default)
2024-04-25 19:24:49,861 [main] INFO  netty.NettyConfigKeys$DataStream (ConfUtils.java:logGet(46)) - raft.netty.dataStream.server.use-epoll = true (default)
2024-04-25 19:24:49,861 [main] INFO  netty.NettyConfigKeys$DataStream (ConfUtils.java:logGet(46)) - raft.netty.dataStream.server.boss-group.size = 0 (default)
2024-04-25 19:24:49,861 [main] INFO  netty.NettyUtils (NettyUtils.java:newEventLoopGroup(69)) - Create EpollEventLoopGroup for 40fb7397-672b-4299-ac41-723a71166d77-NettyServerStreamRpc-bossGroup; Thread size is 0.
2024-04-25 19:24:49,861 [main] INFO  netty.NettyConfigKeys$DataStream (ConfUtils.java:logGet(46)) - raft.netty.dataStream.server.worker-group.size = 0 (default)
2024-04-25 19:24:49,861 [main] INFO  netty.NettyUtils (NettyUtils.java:newEventLoopGroup(69)) - Create EpollEventLoopGroup for 40fb7397-672b-4299-ac41-723a71166d77-NettyServerStreamRpc-workerGroup; Thread size is 0.
2024-04-25 19:24:49,861 [main] INFO  netty.NettyConfigKeys$DataStream (ConfUtils.java:logGet(46)) - raft.netty.dataStream.server.tls.conf = null (default)
2024-04-25 19:24:49,862 [main] INFO  netty.NettyConfigKeys$DataStream (ConfUtils.java:logGet(46)) - raft.netty.dataStream.host = null (default)
2024-04-25 19:24:49,862 [main] INFO  netty.NettyConfigKeys$DataStream (ConfUtils.java:logGet(46)) - raft.netty.dataStream.port = 15158 (custom)
2024-04-25 19:24:49,867 [main] INFO  server.RaftServerConfigKeys (ConfUtils.java:logGet(46)) - raft.server.sleep.deviation.threshold = 300ms (default)
2024-04-25 19:24:49,867 [40fb7397-672b-4299-ac41-723a71166d77-NettyServerStreamRpc-bossGroup--thread1] INFO  logging.LoggingHandler (AbstractInternalLogger.java:log(148)) - [id: 0xc93cc131] REGISTERED
2024-04-25 19:24:49,867 [40fb7397-672b-4299-ac41-723a71166d77-NettyServerStreamRpc-bossGroup--thread1] INFO  logging.LoggingHandler (AbstractInternalLogger.java:log(148)) - [id: 0xc93cc131] BIND: 0.0.0.0/0.0.0.0:15158
2024-04-25 19:24:49,867 [40fb7397-672b-4299-ac41-723a71166d77-NettyServerStreamRpc-bossGroup--thread1] INFO  logging.LoggingHandler (AbstractInternalLogger.java:log(148)) - [id: 0xc93cc131, L:/0.0.0.0:15158] ACTIVE
2024-04-25 19:24:49,867 [main] INFO  server.RaftServerConfigKeys (ConfUtils.java:logGet(46)) - raft.server.close.threshold = 60s (default)
2024-04-25 19:24:49,868 [main] INFO  server.RaftServerConfigKeys (ConfUtils.java:logGet(46)) - raft.server.leaderelection.leader.step-down.wait-time = 10s (default)
2024-04-25 19:24:49,868 [main] INFO  server.RaftServerConfigKeys (ConfUtils.java:logGet(46)) - raft.server.storage.dir = [/home/runner/work/ozone/ozone/hadoop-ozone/integration-test/target/test-dir/MiniOzoneClusterImpl-d2e81863-a659-4dd2-bdb8-fa97662d499c/ozone-meta/datanode-7/ratis] (custom)
2024-04-25 19:24:49,868 [main] INFO  server.RaftServerConfigKeys (ConfUtils.java:logGet(46)) - raft.server.threadpool.proxy.cached = true (default)
2024-04-25 19:24:49,868 [main] INFO  server.RaftServerConfigKeys (ConfUtils.java:logGet(46)) - raft.server.threadpool.proxy.size = 0 (default)
2024-04-25 19:24:49,870 [40fb7397-672b-4299-ac41-723a71166d77-impl-thread1] INFO  server.RaftServer (RaftServerProxy.java:initGroupDir(264)) - 40fb7397-672b-4299-ac41-723a71166d77: found a subdirectory /home/runner/work/ozone/ozone/hadoop-ozone/integration-test/target/test-dir/MiniOzoneClusterImpl-d2e81863-a659-4dd2-bdb8-fa97662d499c/ozone-meta/datanode-7/ratis/tmp
2024-04-25 19:24:49,871 [40fb7397-672b-4299-ac41-723a71166d77-impl-thread1] INFO  server.RaftServer (RaftServerProxy.java:initGroupDir(269)) - 40fb7397-672b-4299-ac41-723a71166d77: The directory /home/runner/work/ozone/ozone/hadoop-ozone/integration-test/target/test-dir/MiniOzoneClusterImpl-d2e81863-a659-4dd2-bdb8-fa97662d499c/ozone-meta/datanode-7/ratis/tmp is not a group directory; ignoring it. 
2024-04-25 19:24:49,871 [main] INFO  replication.ReplicationServer (ReplicationServer.java:<init>(86)) - Initializing replication server with thread count = 10 queue length = 4096
2024-04-25 19:24:49,873 [main] INFO  server.XceiverServerGrpc (XceiverServerGrpc.java:<init>(141)) - GrpcServer channel type EpollServerSocketChannel
2024-04-25 19:24:49,874 [main] INFO  replication.ReplicationSupervisor (ReplicationSupervisor.java:build(157)) - Initializing replication supervisor with thread count = 10
2024-04-25 19:24:49,874 [main] INFO  replication.ReplicationSupervisor (ReplicationSupervisor.java:nodeStateUpdated(312)) - Node state updated to IN_SERVICE, scaling executor pool size to 10
2024-04-25 19:24:49,876 [main] INFO  http.BaseHttpServer (BaseHttpServer.java:newHttpServer2BuilderForOzone(223)) - Starting Web-server for hddsDatanode at: http://0.0.0.0:15152
2024-04-25 19:24:49,876 [main] INFO  http.BaseHttpServer (BaseHttpServer.java:<init>(110)) - Hadoop Security Enabled: false Ozone Security Enabled: false Ozone HTTP Security Enabled: false 
2024-04-25 19:24:49,878 [main] WARN  server.AuthenticationFilter (AuthenticationFilter.java:constructSecretProvider(240)) - Unable to initialize FileSignerSecretProvider, falling back to use random secrets. Reason: Could not read signature secret file: /home/runner/hadoop-http-auth-signature-secret
2024-04-25 19:24:49,878 [main] INFO  http.HttpRequestLog (HttpRequestLog.java:getRequestLog(86)) - Http request log for http.requests.hddsDatanode is not defined
2024-04-25 19:24:49,879 [main] INFO  http.HttpServer2 (HttpServer2.java:addGlobalFilter(1036)) - Added global filter 'safety' (class=org.apache.hadoop.hdds.server.http.HttpServer2$QuotingInputFilter)
2024-04-25 19:24:49,879 [main] INFO  http.HttpServer2 (HttpServer2.java:addFilter(1012)) - Added filter static_user_filter (class=org.apache.hadoop.http.lib.StaticUserWebFilter$StaticUserFilter) to context hddsDatanode
2024-04-25 19:24:49,880 [main] INFO  http.HttpServer2 (HttpServer2.java:addFilter(1020)) - Added filter static_user_filter (class=org.apache.hadoop.http.lib.StaticUserWebFilter$StaticUserFilter) to context logs
2024-04-25 19:24:49,880 [main] INFO  http.HttpServer2 (HttpServer2.java:addFilter(1020)) - Added filter static_user_filter (class=org.apache.hadoop.http.lib.StaticUserWebFilter$StaticUserFilter) to context static
2024-04-25 19:24:49,880 [main] INFO  http.BaseHttpServer (BaseHttpServer.java:<init>(189)) - HTTP server of hddsDatanode uses base directory /home/runner/work/ozone/ozone/hadoop-ozone/integration-test/target/test-dir/MiniOzoneClusterImpl-d2e81863-a659-4dd2-bdb8-fa97662d499c/ozone-meta/datanode-7/meta/webserver
2024-04-25 19:24:49,880 [main] INFO  http.HttpServer2 (HttpServer2.java:bindListener(1236)) - Jetty bound to port 15152
2024-04-25 19:24:49,881 [main] INFO  server.Server (Server.java:doStart(375)) - jetty-9.4.53.v20231009; built: 2023-10-09T12:29:09.265Z; git: 27bde00a0b95a1d5bbee0eae7984f891d2d0f8c9; jvm 17.0.10+7
2024-04-25 19:24:49,882 [main] INFO  server.session (DefaultSessionIdManager.java:doStart(334)) - DefaultSessionIdManager workerName=node0
2024-04-25 19:24:49,882 [main] INFO  server.session (DefaultSessionIdManager.java:doStart(339)) - No SessionScavenger set, using defaults
2024-04-25 19:24:49,882 [main] INFO  server.session (HouseKeeper.java:startScavenging(132)) - node0 Scavenging every 660000ms
2024-04-25 19:24:49,883 [main] INFO  handler.ContextHandler (ContextHandler.java:doStart(921)) - Started o.e.j.s.ServletContextHandler@6577771{logs,/logs,file:///home/runner/work/ozone/ozone/hadoop-ozone/integration-test/target/log,AVAILABLE}
2024-04-25 19:24:49,883 [main] INFO  handler.ContextHandler (ContextHandler.java:doStart(921)) - Started o.e.j.s.ServletContextHandler@2161cc6f{static,/static,file:///home/runner/work/ozone/ozone/hadoop-hdds/container-service/target/classes/webapps/static,AVAILABLE}
2024-04-25 19:24:49,886 [main] INFO  handler.ContextHandler (ContextHandler.java:doStart(921)) - Started o.e.j.w.WebAppContext@238ef0cc{hddsDatanode,/,file:///home/runner/work/ozone/ozone/hadoop-hdds/container-service/target/classes/webapps/hddsDatanode/,AVAILABLE}{file:/home/runner/work/ozone/ozone/hadoop-hdds/container-service/target/classes/webapps/hddsDatanode}
2024-04-25 19:24:49,887 [main] INFO  server.AbstractConnector (AbstractConnector.java:doStart(333)) - Started ServerConnector@2229079d{HTTP/1.1, (http/1.1)}{0.0.0.0:15152}
2024-04-25 19:24:49,887 [main] INFO  server.Server (Server.java:doStart(415)) - Started @51599ms
2024-04-25 19:24:49,887 [main] WARN  impl.MetricsSystemImpl (MetricsSystemImpl.java:register(279)) - Sink prometheus already exists!
2024-04-25 19:24:49,887 [main] INFO  http.BaseHttpServer (BaseHttpServer.java:updateConnectorAddress(354)) - HTTP server of hddsDatanode listening at http://0.0.0.0:15152
2024-04-25 19:24:49,888 [main] INFO  ipc.CallQueueManager (CallQueueManager.java:<init>(90)) - Using callQueue: class java.util.concurrent.LinkedBlockingQueue, queueCapacity: 100, scheduler: class org.apache.hadoop.ipc.DefaultRpcScheduler, ipcBackoff: false.
2024-04-25 19:24:49,888 [main] INFO  ipc.Server (Server.java:<init>(1287)) - Listener at 0.0.0.0:15153
2024-04-25 19:24:49,888 [Socket Reader #1 for port 15153] INFO  ipc.Server (Server.java:run(1323)) - Starting Socket Reader #1 for port 15153
2024-04-25 19:24:49,889 [main] INFO  ozone.HddsDatanodeService (HddsDatanodeService.java:start(327)) - Datanode start with admins: [runner]
2024-04-25 19:24:49,889 [main] INFO  ozone.HddsDatanodeClientProtocolServer (HddsDatanodeClientProtocolServer.java:start(77)) - RPC server for Client /0.0.0.0:15153
2024-04-25 19:24:49,890 [IPC Server Responder] INFO  ipc.Server (Server.java:run(1562)) - IPC Server Responder: starting
2024-04-25 19:24:49,890 [IPC Server listener on 15153] INFO  ipc.Server (Server.java:run(1402)) - IPC Server listener on 15153: starting
2024-04-25 19:24:49,890 [40fb7397-672b-4299-ac41-723a71166d77-DatanodeStateMachineDaemonThread] INFO  statemachine.DatanodeStateMachine (DatanodeStateMachine.java:lambda$startDaemon$1(555)) - Ozone container server started.
2024-04-25 19:24:49,890 [main] WARN  dropwizard3.Dm3MetricRegistriesImpl (Dm3MetricRegistriesImpl.java:addReporterRegistration(113)) - New reporters are added after registries were created. Some metrics will be missing from the reporter. Please add reporter before adding any new registry.
2024-04-25 19:24:49,890 [main] WARN  dropwizard3.Dm3MetricRegistriesImpl (Dm3MetricRegistriesImpl.java:addReporterRegistration(113)) - New reporters are added after registries were created. Some metrics will be missing from the reporter. Please add reporter before adding any new registry.
2024-04-25 19:24:49,890 [main] INFO  impl.MetricsSystemImpl (MetricsSystemImpl.java:init(158)) - HddsDatanode metrics system started (again)
2024-04-25 19:24:49,893 [40fb7397-672b-4299-ac41-723a71166d77-DatanodeStateMachineTaskThread-0] INFO  datanode.InitDatanodeState (InitDatanodeState.java:persistContainerDatanodeDetails(139)) - DatanodeDetails is persisted to /home/runner/work/ozone/ozone/hadoop-ozone/integration-test/target/test-dir/MiniOzoneClusterImpl-d2e81863-a659-4dd2-bdb8-fa97662d499c/ozone-meta/datanode-7/meta/datanode.id
2024-04-25 19:24:49,899 [main] INFO  ozone.HddsDatanodeService (HddsDatanodeService.java:start(240)) - HddsDatanodeService host:fv-az524-255.igxe211viwkezmo5lnqk45pdag.ex.internal.cloudapp.net ip:10.1.0.10
2024-04-25 19:24:49,913 [main] INFO  upgrade.AbstractLayoutVersionManager (AbstractLayoutVersionManager.java:init(83)) - Initializing Layout version manager with metadata layout = HADOOP_PRC_PORTS_IN_DATANODEDETAILS (version = 7), software layout = HADOOP_PRC_PORTS_IN_DATANODEDETAILS (version = 7)
2024-04-25 19:24:49,913 [main] INFO  statemachine.DatanodeStateMachine (DatanodeStateMachine.java:getEndPointTaskThreadPoolSize(299)) - Datanode State Machine Task Thread Pool size 2
2024-04-25 19:24:49,914 [main] INFO  volume.HddsVolume (HddsVolume.java:<init>(126)) - Creating HddsVolume: /home/runner/work/ozone/ozone/hadoop-ozone/integration-test/target/test-dir/MiniOzoneClusterImpl-d2e81863-a659-4dd2-bdb8-fa97662d499c/ozone-meta/datanode-8/data-0/hdds of storage type : DISK capacity : 9223372036854775807
2024-04-25 19:24:49,915 [main] INFO  volume.MutableVolumeSet (MutableVolumeSet.java:initializeVolumeSet(173)) - Added Volume : /home/runner/work/ozone/ozone/hadoop-ozone/integration-test/target/test-dir/MiniOzoneClusterImpl-d2e81863-a659-4dd2-bdb8-fa97662d499c/ozone-meta/datanode-8/data-0/hdds to VolumeSet
2024-04-25 19:24:49,915 [main] INFO  volume.MutableVolumeSet (MutableVolumeSet.java:initializeVolumeSet(173)) - Added Volume : /home/runner/work/ozone/ozone/hadoop-ozone/integration-test/target/test-dir/MiniOzoneClusterImpl-d2e81863-a659-4dd2-bdb8-fa97662d499c/ozone-meta/datanode-8/ratis to VolumeSet
2024-04-25 19:24:49,916 [main] INFO  ozoneimpl.OzoneContainer (HddsVolumeUtil.java:loadAllHddsVolumeDbStore(103)) - Load 1 volumes DbStore cost: 0ms
2024-04-25 19:24:49,917 [main] INFO  server.RaftServer (ConfUtils.java:logGet(46)) - raft.rpc.type = GRPC (default)
2024-04-25 19:24:49,918 [main] INFO  grpc.GrpcConfigKeys (ConfUtils.java:logFallback(53)) - raft.grpc.admin.host = null (fallback to raft.grpc.server.host)
2024-04-25 19:24:49,918 [main] INFO  grpc.GrpcConfigKeys (ConfUtils.java:logGet(46)) - raft.grpc.admin.port = 15165 (custom)
2024-04-25 19:24:49,918 [main] INFO  grpc.GrpcConfigKeys (ConfUtils.java:logFallback(53)) - raft.grpc.client.host = null (fallback to raft.grpc.server.host)
2024-04-25 19:24:49,918 [main] INFO  grpc.GrpcConfigKeys (ConfUtils.java:logGet(46)) - raft.grpc.client.port = 15164 (custom)
2024-04-25 19:24:49,918 [main] INFO  grpc.GrpcConfigKeys (ConfUtils.java:logGet(46)) - raft.grpc.server.host = null (default)
2024-04-25 19:24:49,918 [main] INFO  grpc.GrpcConfigKeys (ConfUtils.java:logGet(46)) - raft.grpc.server.port = 15166 (custom)
2024-04-25 19:24:49,918 [main] INFO  server.GrpcService (ConfUtils.java:logGet(46)) - raft.grpc.message.size.max = 32MB (=33554432) (custom)
2024-04-25 19:24:49,918 [main] INFO  server.RaftServerConfigKeys (ConfUtils.java:logGet(46)) - raft.server.log.appender.buffer.byte-limit = 8388608 (custom)
2024-04-25 19:24:49,918 [main] INFO  server.GrpcService (ConfUtils.java:logGet(46)) - raft.grpc.flow.control.window = 5MB (=5242880) (custom)
2024-04-25 19:24:49,919 [main] INFO  server.RaftServerConfigKeys (ConfUtils.java:logGet(46)) - raft.server.rpc.request.timeout = 3000ms (default)
2024-04-25 19:24:49,919 [main] INFO  grpc.GrpcConfigKeys (ConfUtils.java:logGet(46)) - raft.grpc.server.heartbeat.channel = true (default)
2024-04-25 19:24:49,919 [main] INFO  grpc.GrpcConfigKeys (ConfUtils.java:logGet(46)) - raft.grpc.server.async.request.thread.pool.cached = true (default)
2024-04-25 19:24:49,919 [main] INFO  grpc.GrpcConfigKeys (ConfUtils.java:logGet(46)) - raft.grpc.server.async.request.thread.pool.size = 32 (default)
2024-04-25 19:24:49,920 [main] INFO  impl.DataStreamServerImpl (ConfUtils.java:logGet(46)) - raft.datastream.type = NETTY (custom)
2024-04-25 19:24:49,921 [main] INFO  server.RaftServerConfigKeys (ConfUtils.java:logGet(46)) - raft.server.data-stream.async.request.thread.pool.cached = false (default)
2024-04-25 19:24:49,921 [main] INFO  server.RaftServerConfigKeys (ConfUtils.java:logGet(46)) - raft.server.data-stream.async.request.thread.pool.size = 20 (custom)
2024-04-25 19:24:49,921 [main] INFO  server.RaftServerConfigKeys (ConfUtils.java:logGet(46)) - raft.server.data-stream.async.write.thread.pool.size = 16 (default)
2024-04-25 19:24:49,921 [main] INFO  netty.NettyConfigKeys$DataStream (ConfUtils.java:logGet(46)) - raft.netty.dataStream.server.channel.inactive.grace-period = 10min (default)
2024-04-25 19:24:49,921 [main] INFO  server.RaftServerConfigKeys (ConfUtils.java:logGet(46)) - raft.server.data-stream.client.pool.size = 10 (default)
2024-04-25 19:24:49,921 [main] INFO  netty.NettyConfigKeys$DataStream (ConfUtils.java:logGet(46)) - raft.netty.dataStream.server.use-epoll = true (default)
2024-04-25 19:24:49,921 [main] INFO  netty.NettyConfigKeys$DataStream (ConfUtils.java:logGet(46)) - raft.netty.dataStream.server.boss-group.size = 0 (default)
2024-04-25 19:24:49,921 [main] INFO  netty.NettyUtils (NettyUtils.java:newEventLoopGroup(69)) - Create EpollEventLoopGroup for abc2c581-a768-4c7c-b49a-008e591603b4-NettyServerStreamRpc-bossGroup; Thread size is 0.
2024-04-25 19:24:49,922 [main] INFO  netty.NettyConfigKeys$DataStream (ConfUtils.java:logGet(46)) - raft.netty.dataStream.server.worker-group.size = 0 (default)
2024-04-25 19:24:49,922 [main] INFO  netty.NettyUtils (NettyUtils.java:newEventLoopGroup(69)) - Create EpollEventLoopGroup for abc2c581-a768-4c7c-b49a-008e591603b4-NettyServerStreamRpc-workerGroup; Thread size is 0.
2024-04-25 19:24:49,922 [main] INFO  netty.NettyConfigKeys$DataStream (ConfUtils.java:logGet(46)) - raft.netty.dataStream.server.tls.conf = null (default)
2024-04-25 19:24:49,922 [main] INFO  netty.NettyConfigKeys$DataStream (ConfUtils.java:logGet(46)) - raft.netty.dataStream.host = null (default)
2024-04-25 19:24:49,922 [main] INFO  netty.NettyConfigKeys$DataStream (ConfUtils.java:logGet(46)) - raft.netty.dataStream.port = 15167 (custom)
2024-04-25 19:24:49,923 [main] INFO  server.RaftServerConfigKeys (ConfUtils.java:logGet(46)) - raft.server.sleep.deviation.threshold = 300ms (default)
2024-04-25 19:24:49,923 [main] INFO  server.RaftServerConfigKeys (ConfUtils.java:logGet(46)) - raft.server.close.threshold = 60s (default)
2024-04-25 19:24:49,923 [main] INFO  server.RaftServerConfigKeys (ConfUtils.java:logGet(46)) - raft.server.leaderelection.leader.step-down.wait-time = 10s (default)
2024-04-25 19:24:49,923 [abc2c581-a768-4c7c-b49a-008e591603b4-NettyServerStreamRpc-bossGroup--thread1] INFO  logging.LoggingHandler (AbstractInternalLogger.java:log(148)) - [id: 0x25b01c75] REGISTERED
2024-04-25 19:24:49,923 [main] INFO  server.RaftServerConfigKeys (ConfUtils.java:logGet(46)) - raft.server.storage.dir = [/home/runner/work/ozone/ozone/hadoop-ozone/integration-test/target/test-dir/MiniOzoneClusterImpl-d2e81863-a659-4dd2-bdb8-fa97662d499c/ozone-meta/datanode-8/ratis] (custom)
2024-04-25 19:24:49,923 [main] INFO  server.RaftServerConfigKeys (ConfUtils.java:logGet(46)) - raft.server.threadpool.proxy.cached = true (default)
2024-04-25 19:24:49,923 [main] INFO  server.RaftServerConfigKeys (ConfUtils.java:logGet(46)) - raft.server.threadpool.proxy.size = 0 (default)
2024-04-25 19:24:49,923 [abc2c581-a768-4c7c-b49a-008e591603b4-NettyServerStreamRpc-bossGroup--thread1] INFO  logging.LoggingHandler (AbstractInternalLogger.java:log(148)) - [id: 0x25b01c75] BIND: 0.0.0.0/0.0.0.0:15167
2024-04-25 19:24:49,924 [abc2c581-a768-4c7c-b49a-008e591603b4-NettyServerStreamRpc-bossGroup--thread1] INFO  logging.LoggingHandler (AbstractInternalLogger.java:log(148)) - [id: 0x25b01c75, L:/0.0.0.0:15167] ACTIVE
2024-04-25 19:24:49,924 [abc2c581-a768-4c7c-b49a-008e591603b4-impl-thread1] INFO  server.RaftServer (RaftServerProxy.java:initGroupDir(264)) - abc2c581-a768-4c7c-b49a-008e591603b4: found a subdirectory /home/runner/work/ozone/ozone/hadoop-ozone/integration-test/target/test-dir/MiniOzoneClusterImpl-d2e81863-a659-4dd2-bdb8-fa97662d499c/ozone-meta/datanode-8/ratis/tmp
2024-04-25 19:24:49,924 [abc2c581-a768-4c7c-b49a-008e591603b4-impl-thread1] INFO  server.RaftServer (RaftServerProxy.java:initGroupDir(269)) - abc2c581-a768-4c7c-b49a-008e591603b4: The directory /home/runner/work/ozone/ozone/hadoop-ozone/integration-test/target/test-dir/MiniOzoneClusterImpl-d2e81863-a659-4dd2-bdb8-fa97662d499c/ozone-meta/datanode-8/ratis/tmp is not a group directory; ignoring it. 
2024-04-25 19:24:49,924 [main] INFO  replication.ReplicationServer (ReplicationServer.java:<init>(86)) - Initializing replication server with thread count = 10 queue length = 4096
2024-04-25 19:24:49,925 [main] INFO  server.XceiverServerGrpc (XceiverServerGrpc.java:<init>(141)) - GrpcServer channel type EpollServerSocketChannel
2024-04-25 19:24:49,926 [main] INFO  replication.ReplicationSupervisor (ReplicationSupervisor.java:build(157)) - Initializing replication supervisor with thread count = 10
2024-04-25 19:24:49,926 [main] INFO  replication.ReplicationSupervisor (ReplicationSupervisor.java:nodeStateUpdated(312)) - Node state updated to IN_SERVICE, scaling executor pool size to 10
2024-04-25 19:24:49,927 [main] INFO  http.BaseHttpServer (BaseHttpServer.java:newHttpServer2BuilderForOzone(223)) - Starting Web-server for hddsDatanode at: http://0.0.0.0:15161
2024-04-25 19:24:49,927 [main] INFO  http.BaseHttpServer (BaseHttpServer.java:<init>(110)) - Hadoop Security Enabled: false Ozone Security Enabled: false Ozone HTTP Security Enabled: false 
2024-04-25 19:24:49,928 [main] WARN  server.AuthenticationFilter (AuthenticationFilter.java:constructSecretProvider(240)) - Unable to initialize FileSignerSecretProvider, falling back to use random secrets. Reason: Could not read signature secret file: /home/runner/hadoop-http-auth-signature-secret
2024-04-25 19:24:49,929 [main] INFO  http.HttpRequestLog (HttpRequestLog.java:getRequestLog(86)) - Http request log for http.requests.hddsDatanode is not defined
2024-04-25 19:24:49,930 [main] INFO  http.HttpServer2 (HttpServer2.java:addGlobalFilter(1036)) - Added global filter 'safety' (class=org.apache.hadoop.hdds.server.http.HttpServer2$QuotingInputFilter)
2024-04-25 19:24:49,930 [main] INFO  http.HttpServer2 (HttpServer2.java:addFilter(1012)) - Added filter static_user_filter (class=org.apache.hadoop.http.lib.StaticUserWebFilter$StaticUserFilter) to context hddsDatanode
2024-04-25 19:24:49,930 [main] INFO  http.HttpServer2 (HttpServer2.java:addFilter(1020)) - Added filter static_user_filter (class=org.apache.hadoop.http.lib.StaticUserWebFilter$StaticUserFilter) to context logs
2024-04-25 19:24:49,930 [main] INFO  http.HttpServer2 (HttpServer2.java:addFilter(1020)) - Added filter static_user_filter (class=org.apache.hadoop.http.lib.StaticUserWebFilter$StaticUserFilter) to context static
2024-04-25 19:24:49,931 [main] INFO  http.BaseHttpServer (BaseHttpServer.java:<init>(189)) - HTTP server of hddsDatanode uses base directory /home/runner/work/ozone/ozone/hadoop-ozone/integration-test/target/test-dir/MiniOzoneClusterImpl-d2e81863-a659-4dd2-bdb8-fa97662d499c/ozone-meta/datanode-8/meta/webserver
2024-04-25 19:24:49,931 [main] INFO  http.HttpServer2 (HttpServer2.java:bindListener(1236)) - Jetty bound to port 15161
2024-04-25 19:24:49,931 [main] INFO  server.Server (Server.java:doStart(375)) - jetty-9.4.53.v20231009; built: 2023-10-09T12:29:09.265Z; git: 27bde00a0b95a1d5bbee0eae7984f891d2d0f8c9; jvm 17.0.10+7
2024-04-25 19:24:49,932 [main] INFO  server.session (DefaultSessionIdManager.java:doStart(334)) - DefaultSessionIdManager workerName=node0
2024-04-25 19:24:49,933 [main] INFO  server.session (DefaultSessionIdManager.java:doStart(339)) - No SessionScavenger set, using defaults
2024-04-25 19:24:49,933 [main] INFO  server.session (HouseKeeper.java:startScavenging(132)) - node0 Scavenging every 600000ms
2024-04-25 19:24:49,933 [main] INFO  handler.ContextHandler (ContextHandler.java:doStart(921)) - Started o.e.j.s.ServletContextHandler@45a9dc8e{logs,/logs,file:///home/runner/work/ozone/ozone/hadoop-ozone/integration-test/target/log,AVAILABLE}
2024-04-25 19:24:49,933 [main] INFO  handler.ContextHandler (ContextHandler.java:doStart(921)) - Started o.e.j.s.ServletContextHandler@16de7a51{static,/static,file:///home/runner/work/ozone/ozone/hadoop-hdds/container-service/target/classes/webapps/static,AVAILABLE}
2024-04-25 19:24:49,937 [main] INFO  handler.ContextHandler (ContextHandler.java:doStart(921)) - Started o.e.j.w.WebAppContext@9aa9e4a{hddsDatanode,/,file:///home/runner/work/ozone/ozone/hadoop-hdds/container-service/target/classes/webapps/hddsDatanode/,AVAILABLE}{file:/home/runner/work/ozone/ozone/hadoop-hdds/container-service/target/classes/webapps/hddsDatanode}
2024-04-25 19:24:49,937 [main] INFO  server.AbstractConnector (AbstractConnector.java:doStart(333)) - Started ServerConnector@3fcd5561{HTTP/1.1, (http/1.1)}{0.0.0.0:15161}
2024-04-25 19:24:49,937 [main] INFO  server.Server (Server.java:doStart(415)) - Started @51650ms
2024-04-25 19:24:49,937 [main] WARN  impl.MetricsSystemImpl (MetricsSystemImpl.java:register(279)) - Sink prometheus already exists!
2024-04-25 19:24:49,938 [main] INFO  http.BaseHttpServer (BaseHttpServer.java:updateConnectorAddress(354)) - HTTP server of hddsDatanode listening at http://0.0.0.0:15161
2024-04-25 19:24:49,938 [main] INFO  ipc.CallQueueManager (CallQueueManager.java:<init>(90)) - Using callQueue: class java.util.concurrent.LinkedBlockingQueue, queueCapacity: 100, scheduler: class org.apache.hadoop.ipc.DefaultRpcScheduler, ipcBackoff: false.
2024-04-25 19:24:49,938 [main] INFO  ipc.Server (Server.java:<init>(1287)) - Listener at 0.0.0.0:15162
2024-04-25 19:24:49,939 [Socket Reader #1 for port 15162] INFO  ipc.Server (Server.java:run(1323)) - Starting Socket Reader #1 for port 15162
2024-04-25 19:24:49,941 [main] INFO  ozone.HddsDatanodeService (HddsDatanodeService.java:start(327)) - Datanode start with admins: [runner]
2024-04-25 19:24:49,941 [main] INFO  ozone.HddsDatanodeClientProtocolServer (HddsDatanodeClientProtocolServer.java:start(77)) - RPC server for Client /0.0.0.0:15162
2024-04-25 19:24:49,941 [IPC Server Responder] INFO  ipc.Server (Server.java:run(1562)) - IPC Server Responder: starting
2024-04-25 19:24:49,941 [IPC Server listener on 15162] INFO  ipc.Server (Server.java:run(1402)) - IPC Server listener on 15162: starting
2024-04-25 19:24:49,941 [abc2c581-a768-4c7c-b49a-008e591603b4-DatanodeStateMachineDaemonThread] INFO  statemachine.DatanodeStateMachine (DatanodeStateMachine.java:lambda$startDaemon$1(555)) - Ozone container server started.
2024-04-25 19:24:49,941 [main] WARN  dropwizard3.Dm3MetricRegistriesImpl (Dm3MetricRegistriesImpl.java:addReporterRegistration(113)) - New reporters are added after registries were created. Some metrics will be missing from the reporter. Please add reporter before adding any new registry.
2024-04-25 19:24:49,941 [main] WARN  dropwizard3.Dm3MetricRegistriesImpl (Dm3MetricRegistriesImpl.java:addReporterRegistration(113)) - New reporters are added after registries were created. Some metrics will be missing from the reporter. Please add reporter before adding any new registry.
2024-04-25 19:24:49,942 [main] INFO  impl.MetricsSystemImpl (MetricsSystemImpl.java:init(158)) - HddsDatanode metrics system started (again)
2024-04-25 19:24:49,954 [abc2c581-a768-4c7c-b49a-008e591603b4-DatanodeStateMachineTaskThread-0] INFO  datanode.InitDatanodeState (InitDatanodeState.java:persistContainerDatanodeDetails(139)) - DatanodeDetails is persisted to /home/runner/work/ozone/ozone/hadoop-ozone/integration-test/target/test-dir/MiniOzoneClusterImpl-d2e81863-a659-4dd2-bdb8-fa97662d499c/ozone-meta/datanode-8/meta/datanode.id
2024-04-25 19:24:49,955 [main] INFO  ozone.HddsDatanodeService (HddsDatanodeService.java:start(240)) - HddsDatanodeService host:fv-az524-255.igxe211viwkezmo5lnqk45pdag.ex.internal.cloudapp.net ip:10.1.0.10
2024-04-25 19:24:49,976 [main] INFO  upgrade.AbstractLayoutVersionManager (AbstractLayoutVersionManager.java:init(83)) - Initializing Layout version manager with metadata layout = HADOOP_PRC_PORTS_IN_DATANODEDETAILS (version = 7), software layout = HADOOP_PRC_PORTS_IN_DATANODEDETAILS (version = 7)
2024-04-25 19:24:49,976 [main] INFO  statemachine.DatanodeStateMachine (DatanodeStateMachine.java:getEndPointTaskThreadPoolSize(299)) - Datanode State Machine Task Thread Pool size 2
2024-04-25 19:24:49,978 [main] INFO  volume.HddsVolume (HddsVolume.java:<init>(126)) - Creating HddsVolume: /home/runner/work/ozone/ozone/hadoop-ozone/integration-test/target/test-dir/MiniOzoneClusterImpl-d2e81863-a659-4dd2-bdb8-fa97662d499c/ozone-meta/datanode-9/data-0/hdds of storage type : DISK capacity : 9223372036854775807
2024-04-25 19:24:49,978 [main] INFO  volume.MutableVolumeSet (MutableVolumeSet.java:initializeVolumeSet(173)) - Added Volume : /home/runner/work/ozone/ozone/hadoop-ozone/integration-test/target/test-dir/MiniOzoneClusterImpl-d2e81863-a659-4dd2-bdb8-fa97662d499c/ozone-meta/datanode-9/data-0/hdds to VolumeSet
2024-04-25 19:24:49,979 [main] INFO  volume.MutableVolumeSet (MutableVolumeSet.java:initializeVolumeSet(173)) - Added Volume : /home/runner/work/ozone/ozone/hadoop-ozone/integration-test/target/test-dir/MiniOzoneClusterImpl-d2e81863-a659-4dd2-bdb8-fa97662d499c/ozone-meta/datanode-9/ratis to VolumeSet
2024-04-25 19:24:49,979 [main] INFO  ozoneimpl.OzoneContainer (HddsVolumeUtil.java:loadAllHddsVolumeDbStore(103)) - Load 1 volumes DbStore cost: 0ms
2024-04-25 19:24:49,987 [main] INFO  server.RaftServer (ConfUtils.java:logGet(46)) - raft.rpc.type = GRPC (default)
2024-04-25 19:24:49,987 [main] INFO  grpc.GrpcConfigKeys (ConfUtils.java:logFallback(53)) - raft.grpc.admin.host = null (fallback to raft.grpc.server.host)
2024-04-25 19:24:49,987 [main] INFO  grpc.GrpcConfigKeys (ConfUtils.java:logGet(46)) - raft.grpc.admin.port = 15174 (custom)
2024-04-25 19:24:49,987 [main] INFO  grpc.GrpcConfigKeys (ConfUtils.java:logFallback(53)) - raft.grpc.client.host = null (fallback to raft.grpc.server.host)
2024-04-25 19:24:49,988 [main] INFO  grpc.GrpcConfigKeys (ConfUtils.java:logGet(46)) - raft.grpc.client.port = 15173 (custom)
2024-04-25 19:24:49,988 [main] INFO  grpc.GrpcConfigKeys (ConfUtils.java:logGet(46)) - raft.grpc.server.host = null (default)
2024-04-25 19:24:49,988 [main] INFO  grpc.GrpcConfigKeys (ConfUtils.java:logGet(46)) - raft.grpc.server.port = 15175 (custom)
2024-04-25 19:24:49,988 [main] INFO  server.GrpcService (ConfUtils.java:logGet(46)) - raft.grpc.message.size.max = 32MB (=33554432) (custom)
2024-04-25 19:24:49,988 [main] INFO  server.RaftServerConfigKeys (ConfUtils.java:logGet(46)) - raft.server.log.appender.buffer.byte-limit = 8388608 (custom)
2024-04-25 19:24:49,988 [main] INFO  server.GrpcService (ConfUtils.java:logGet(46)) - raft.grpc.flow.control.window = 5MB (=5242880) (custom)
2024-04-25 19:24:49,988 [main] INFO  server.RaftServerConfigKeys (ConfUtils.java:logGet(46)) - raft.server.rpc.request.timeout = 3000ms (default)
2024-04-25 19:24:49,988 [main] INFO  grpc.GrpcConfigKeys (ConfUtils.java:logGet(46)) - raft.grpc.server.heartbeat.channel = true (default)
2024-04-25 19:24:49,988 [main] INFO  grpc.GrpcConfigKeys (ConfUtils.java:logGet(46)) - raft.grpc.server.async.request.thread.pool.cached = true (default)
2024-04-25 19:24:49,989 [main] INFO  grpc.GrpcConfigKeys (ConfUtils.java:logGet(46)) - raft.grpc.server.async.request.thread.pool.size = 32 (default)
2024-04-25 19:24:49,990 [main] INFO  impl.DataStreamServerImpl (ConfUtils.java:logGet(46)) - raft.datastream.type = NETTY (custom)
2024-04-25 19:24:49,991 [main] INFO  server.RaftServerConfigKeys (ConfUtils.java:logGet(46)) - raft.server.data-stream.async.request.thread.pool.cached = false (default)
2024-04-25 19:24:49,991 [main] INFO  server.RaftServerConfigKeys (ConfUtils.java:logGet(46)) - raft.server.data-stream.async.request.thread.pool.size = 20 (custom)
2024-04-25 19:24:49,991 [main] INFO  server.RaftServerConfigKeys (ConfUtils.java:logGet(46)) - raft.server.data-stream.async.write.thread.pool.size = 16 (default)
2024-04-25 19:24:49,991 [main] INFO  netty.NettyConfigKeys$DataStream (ConfUtils.java:logGet(46)) - raft.netty.dataStream.server.channel.inactive.grace-period = 10min (default)
2024-04-25 19:24:49,992 [main] INFO  server.RaftServerConfigKeys (ConfUtils.java:logGet(46)) - raft.server.data-stream.client.pool.size = 10 (default)
2024-04-25 19:24:49,992 [main] INFO  netty.NettyConfigKeys$DataStream (ConfUtils.java:logGet(46)) - raft.netty.dataStream.server.use-epoll = true (default)
2024-04-25 19:24:49,992 [main] INFO  netty.NettyConfigKeys$DataStream (ConfUtils.java:logGet(46)) - raft.netty.dataStream.server.boss-group.size = 0 (default)
2024-04-25 19:24:49,992 [main] INFO  netty.NettyUtils (NettyUtils.java:newEventLoopGroup(69)) - Create EpollEventLoopGroup for 959cbd0f-a729-48cd-9832-a6c885e061f0-NettyServerStreamRpc-bossGroup; Thread size is 0.
2024-04-25 19:24:49,993 [main] INFO  netty.NettyConfigKeys$DataStream (ConfUtils.java:logGet(46)) - raft.netty.dataStream.server.worker-group.size = 0 (default)
2024-04-25 19:24:49,993 [main] INFO  netty.NettyUtils (NettyUtils.java:newEventLoopGroup(69)) - Create EpollEventLoopGroup for 959cbd0f-a729-48cd-9832-a6c885e061f0-NettyServerStreamRpc-workerGroup; Thread size is 0.
2024-04-25 19:24:49,993 [main] INFO  netty.NettyConfigKeys$DataStream (ConfUtils.java:logGet(46)) - raft.netty.dataStream.server.tls.conf = null (default)
2024-04-25 19:24:49,993 [main] INFO  netty.NettyConfigKeys$DataStream (ConfUtils.java:logGet(46)) - raft.netty.dataStream.host = null (default)
2024-04-25 19:24:49,993 [main] INFO  netty.NettyConfigKeys$DataStream (ConfUtils.java:logGet(46)) - raft.netty.dataStream.port = 15176 (custom)
2024-04-25 19:24:49,994 [main] INFO  server.RaftServerConfigKeys (ConfUtils.java:logGet(46)) - raft.server.sleep.deviation.threshold = 300ms (default)
2024-04-25 19:24:49,994 [main] INFO  server.RaftServerConfigKeys (ConfUtils.java:logGet(46)) - raft.server.close.threshold = 60s (default)
2024-04-25 19:24:49,994 [main] INFO  server.RaftServerConfigKeys (ConfUtils.java:logGet(46)) - raft.server.leaderelection.leader.step-down.wait-time = 10s (default)
2024-04-25 19:24:49,994 [main] INFO  server.RaftServerConfigKeys (ConfUtils.java:logGet(46)) - raft.server.storage.dir = [/home/runner/work/ozone/ozone/hadoop-ozone/integration-test/target/test-dir/MiniOzoneClusterImpl-d2e81863-a659-4dd2-bdb8-fa97662d499c/ozone-meta/datanode-9/ratis] (custom)
2024-04-25 19:24:49,994 [main] INFO  server.RaftServerConfigKeys (ConfUtils.java:logGet(46)) - raft.server.threadpool.proxy.cached = true (default)
2024-04-25 19:24:49,995 [main] INFO  server.RaftServerConfigKeys (ConfUtils.java:logGet(46)) - raft.server.threadpool.proxy.size = 0 (default)
2024-04-25 19:24:49,995 [959cbd0f-a729-48cd-9832-a6c885e061f0-NettyServerStreamRpc-bossGroup--thread1] INFO  logging.LoggingHandler (AbstractInternalLogger.java:log(148)) - [id: 0x10db8637] REGISTERED
2024-04-25 19:24:49,995 [959cbd0f-a729-48cd-9832-a6c885e061f0-NettyServerStreamRpc-bossGroup--thread1] INFO  logging.LoggingHandler (AbstractInternalLogger.java:log(148)) - [id: 0x10db8637] BIND: 0.0.0.0/0.0.0.0:15176
2024-04-25 19:24:49,995 [959cbd0f-a729-48cd-9832-a6c885e061f0-NettyServerStreamRpc-bossGroup--thread1] INFO  logging.LoggingHandler (AbstractInternalLogger.java:log(148)) - [id: 0x10db8637, L:/0.0.0.0:15176] ACTIVE
2024-04-25 19:24:49,996 [959cbd0f-a729-48cd-9832-a6c885e061f0-impl-thread1] INFO  server.RaftServer (RaftServerProxy.java:initGroupDir(264)) - 959cbd0f-a729-48cd-9832-a6c885e061f0: found a subdirectory /home/runner/work/ozone/ozone/hadoop-ozone/integration-test/target/test-dir/MiniOzoneClusterImpl-d2e81863-a659-4dd2-bdb8-fa97662d499c/ozone-meta/datanode-9/ratis/tmp
2024-04-25 19:24:49,996 [959cbd0f-a729-48cd-9832-a6c885e061f0-impl-thread1] INFO  server.RaftServer (RaftServerProxy.java:initGroupDir(269)) - 959cbd0f-a729-48cd-9832-a6c885e061f0: The directory /home/runner/work/ozone/ozone/hadoop-ozone/integration-test/target/test-dir/MiniOzoneClusterImpl-d2e81863-a659-4dd2-bdb8-fa97662d499c/ozone-meta/datanode-9/ratis/tmp is not a group directory; ignoring it. 
2024-04-25 19:24:49,996 [main] INFO  replication.ReplicationServer (ReplicationServer.java:<init>(86)) - Initializing replication server with thread count = 10 queue length = 4096
2024-04-25 19:24:49,997 [main] INFO  server.XceiverServerGrpc (XceiverServerGrpc.java:<init>(141)) - GrpcServer channel type EpollServerSocketChannel
2024-04-25 19:24:49,998 [main] INFO  replication.ReplicationSupervisor (ReplicationSupervisor.java:build(157)) - Initializing replication supervisor with thread count = 10
2024-04-25 19:24:49,998 [main] INFO  replication.ReplicationSupervisor (ReplicationSupervisor.java:nodeStateUpdated(312)) - Node state updated to IN_SERVICE, scaling executor pool size to 10
2024-04-25 19:24:50,001 [main] INFO  http.BaseHttpServer (BaseHttpServer.java:newHttpServer2BuilderForOzone(223)) - Starting Web-server for hddsDatanode at: http://0.0.0.0:15170
2024-04-25 19:24:50,001 [main] INFO  http.BaseHttpServer (BaseHttpServer.java:<init>(110)) - Hadoop Security Enabled: false Ozone Security Enabled: false Ozone HTTP Security Enabled: false 
2024-04-25 19:24:50,002 [main] WARN  server.AuthenticationFilter (AuthenticationFilter.java:constructSecretProvider(240)) - Unable to initialize FileSignerSecretProvider, falling back to use random secrets. Reason: Could not read signature secret file: /home/runner/hadoop-http-auth-signature-secret
2024-04-25 19:24:50,002 [main] INFO  http.HttpRequestLog (HttpRequestLog.java:getRequestLog(86)) - Http request log for http.requests.hddsDatanode is not defined
2024-04-25 19:24:50,004 [main] INFO  http.HttpServer2 (HttpServer2.java:addGlobalFilter(1036)) - Added global filter 'safety' (class=org.apache.hadoop.hdds.server.http.HttpServer2$QuotingInputFilter)
2024-04-25 19:24:50,004 [main] INFO  http.HttpServer2 (HttpServer2.java:addFilter(1012)) - Added filter static_user_filter (class=org.apache.hadoop.http.lib.StaticUserWebFilter$StaticUserFilter) to context hddsDatanode
2024-04-25 19:24:50,004 [main] INFO  http.HttpServer2 (HttpServer2.java:addFilter(1020)) - Added filter static_user_filter (class=org.apache.hadoop.http.lib.StaticUserWebFilter$StaticUserFilter) to context logs
2024-04-25 19:24:50,004 [main] INFO  http.HttpServer2 (HttpServer2.java:addFilter(1020)) - Added filter static_user_filter (class=org.apache.hadoop.http.lib.StaticUserWebFilter$StaticUserFilter) to context static
2024-04-25 19:24:50,005 [main] INFO  http.BaseHttpServer (BaseHttpServer.java:<init>(189)) - HTTP server of hddsDatanode uses base directory /home/runner/work/ozone/ozone/hadoop-ozone/integration-test/target/test-dir/MiniOzoneClusterImpl-d2e81863-a659-4dd2-bdb8-fa97662d499c/ozone-meta/datanode-9/meta/webserver
2024-04-25 19:24:50,005 [main] INFO  http.HttpServer2 (HttpServer2.java:bindListener(1236)) - Jetty bound to port 15170
2024-04-25 19:24:50,005 [main] INFO  server.Server (Server.java:doStart(375)) - jetty-9.4.53.v20231009; built: 2023-10-09T12:29:09.265Z; git: 27bde00a0b95a1d5bbee0eae7984f891d2d0f8c9; jvm 17.0.10+7
2024-04-25 19:24:50,006 [main] INFO  server.session (DefaultSessionIdManager.java:doStart(334)) - DefaultSessionIdManager workerName=node0
2024-04-25 19:24:50,006 [main] INFO  server.session (DefaultSessionIdManager.java:doStart(339)) - No SessionScavenger set, using defaults
2024-04-25 19:24:50,006 [main] INFO  server.session (HouseKeeper.java:startScavenging(132)) - node0 Scavenging every 660000ms
2024-04-25 19:24:50,007 [main] INFO  handler.ContextHandler (ContextHandler.java:doStart(921)) - Started o.e.j.s.ServletContextHandler@6f3cbc1f{logs,/logs,file:///home/runner/work/ozone/ozone/hadoop-ozone/integration-test/target/log,AVAILABLE}
2024-04-25 19:24:50,007 [main] INFO  handler.ContextHandler (ContextHandler.java:doStart(921)) - Started o.e.j.s.ServletContextHandler@2331ac37{static,/static,file:///home/runner/work/ozone/ozone/hadoop-hdds/container-service/target/classes/webapps/static,AVAILABLE}
2024-04-25 19:24:50,014 [main] INFO  handler.ContextHandler (ContextHandler.java:doStart(921)) - Started o.e.j.w.WebAppContext@328b60fb{hddsDatanode,/,file:///home/runner/work/ozone/ozone/hadoop-hdds/container-service/target/classes/webapps/hddsDatanode/,AVAILABLE}{file:/home/runner/work/ozone/ozone/hadoop-hdds/container-service/target/classes/webapps/hddsDatanode}
2024-04-25 19:24:50,014 [main] INFO  server.AbstractConnector (AbstractConnector.java:doStart(333)) - Started ServerConnector@669ae2bd{HTTP/1.1, (http/1.1)}{0.0.0.0:15170}
2024-04-25 19:24:50,015 [main] INFO  server.Server (Server.java:doStart(415)) - Started @51727ms
2024-04-25 19:24:50,015 [main] WARN  impl.MetricsSystemImpl (MetricsSystemImpl.java:register(279)) - Sink prometheus already exists!
2024-04-25 19:24:50,015 [main] INFO  http.BaseHttpServer (BaseHttpServer.java:updateConnectorAddress(354)) - HTTP server of hddsDatanode listening at http://0.0.0.0:15170
2024-04-25 19:24:50,016 [main] INFO  ipc.CallQueueManager (CallQueueManager.java:<init>(90)) - Using callQueue: class java.util.concurrent.LinkedBlockingQueue, queueCapacity: 100, scheduler: class org.apache.hadoop.ipc.DefaultRpcScheduler, ipcBackoff: false.
2024-04-25 19:24:50,016 [main] INFO  ipc.Server (Server.java:<init>(1287)) - Listener at 0.0.0.0:15171
2024-04-25 19:24:50,020 [Socket Reader #1 for port 15171] INFO  ipc.Server (Server.java:run(1323)) - Starting Socket Reader #1 for port 15171
2024-04-25 19:24:50,023 [main] INFO  ozone.HddsDatanodeService (HddsDatanodeService.java:start(327)) - Datanode start with admins: [runner]
2024-04-25 19:24:50,024 [main] INFO  ozone.HddsDatanodeClientProtocolServer (HddsDatanodeClientProtocolServer.java:start(77)) - RPC server for Client /0.0.0.0:15171
2024-04-25 19:24:50,024 [IPC Server Responder] INFO  ipc.Server (Server.java:run(1562)) - IPC Server Responder: starting
2024-04-25 19:24:50,024 [IPC Server listener on 15171] INFO  ipc.Server (Server.java:run(1402)) - IPC Server listener on 15171: starting
2024-04-25 19:24:50,025 [main] INFO  ozone.MiniOzoneClusterImpl (MiniOzoneClusterImpl.java:lambda$waitForClusterToBeReady$0(194)) - Waiting for nodes to be ready. Got 0 of 9 DN Heartbeats.
2024-04-25 19:24:50,025 [main] INFO  ozone.MiniOzoneClusterImpl (MiniOzoneClusterImpl.java:lambda$waitForClusterToBeReady$0(197)) - Waiting for cluster to exit safe mode
2024-04-25 19:24:50,025 [main] INFO  ozone.MiniOzoneClusterImpl (MiniOzoneClusterImpl.java:lambda$waitForClusterToBeReady$0(199)) - SCM became leader
2024-04-25 19:24:50,026 [959cbd0f-a729-48cd-9832-a6c885e061f0-DatanodeStateMachineDaemonThread] INFO  statemachine.DatanodeStateMachine (DatanodeStateMachine.java:lambda$startDaemon$1(555)) - Ozone container server started.
2024-04-25 19:24:50,028 [959cbd0f-a729-48cd-9832-a6c885e061f0-DatanodeStateMachineTaskThread-0] INFO  datanode.InitDatanodeState (InitDatanodeState.java:persistContainerDatanodeDetails(139)) - DatanodeDetails is persisted to /home/runner/work/ozone/ozone/hadoop-ozone/integration-test/target/test-dir/MiniOzoneClusterImpl-d2e81863-a659-4dd2-bdb8-fa97662d499c/ozone-meta/datanode-9/meta/datanode.id
2024-04-25 19:24:50,101 [timer6] WARN  server.GrpcLogAppender (LogUtils.java:warn(121)) - 84b0ee42-9102-4ab5-b7b8-59175f7811b2@group-2B43CEBEF710->0aaef9c8-ffdd-461f-a934-a6b57c19488c-AppendLogResponseHandler: Failed appendEntries (Repeated 2 times in the last 5.000s): org.apache.ratis.thirdparty.io.grpc.StatusRuntimeException: CANCELLED: RST_STREAM closed stream. HTTP/2 error code: CANCEL
2024-04-25 19:24:50,101 [timer7] WARN  server.GrpcLogAppender (GrpcLogAppender.java:lambda$resetClient$1(217)) - 84b0ee42-9102-4ab5-b7b8-59175f7811b2@group-2B43CEBEF710->0aaef9c8-ffdd-461f-a934-a6b57c19488c-GrpcLogAppender: Follower failed (request=null, errorCount=2); keep nextIndex (1) unchanged and retry. (Repeated 2 times in the last 5.000s)
2024-04-25 19:24:50,440 [om1@group-C5BA1605619E-FollowerState] INFO  impl.FollowerState (FollowerState.java:run(143)) - om1@group-C5BA1605619E-FollowerState: change to CANDIDATE, lastRpcElapsedTime:1188722863ns, electionTimeout:1187ms
2024-04-25 19:24:50,440 [om1@group-C5BA1605619E-FollowerState] INFO  impl.RoleInfo (RoleInfo.java:shutdownFollowerState(110)) - om1: shutdown om1@group-C5BA1605619E-FollowerState
2024-04-25 19:24:50,441 [om1@group-C5BA1605619E-FollowerState] INFO  server.RaftServer$Division (RaftServerImpl.java:setRole(383)) - om1@group-C5BA1605619E: changes role from  FOLLOWER to CANDIDATE at term 0 for changeToCandidate
2024-04-25 19:24:50,441 [om1@group-C5BA1605619E-FollowerState] INFO  server.RaftServerConfigKeys (ConfUtils.java:logGet(46)) - raft.server.leaderelection.pre-vote = true (default)
2024-04-25 19:24:50,441 [om1@group-C5BA1605619E-FollowerState] INFO  impl.RoleInfo (RoleInfo.java:updateAndGet(139)) - om1: start om1@group-C5BA1605619E-LeaderElection19
2024-04-25 19:24:50,441 [om1@group-C5BA1605619E-LeaderElection19] INFO  impl.LeaderElection (LeaderElection.java:askForVotes(321)) - om1@group-C5BA1605619E-LeaderElection19 PRE_VOTE round 0: submit vote requests at term 0 for -1: peers:[om1|localhost:15096]|listeners:[], old=null
2024-04-25 19:24:50,441 [om1@group-C5BA1605619E-LeaderElection19] INFO  impl.LeaderElection (LeaderElection.java:askForVotes(323)) - om1@group-C5BA1605619E-LeaderElection19 PRE_VOTE round 0: result PASSED (term=0)
2024-04-25 19:24:50,443 [om1@group-C5BA1605619E-LeaderElection19] INFO  impl.LeaderElection (LeaderElection.java:askForVotes(321)) - om1@group-C5BA1605619E-LeaderElection19 ELECTION round 0: submit vote requests at term 1 for -1: peers:[om1|localhost:15096]|listeners:[], old=null
2024-04-25 19:24:50,443 [om1@group-C5BA1605619E-LeaderElection19] INFO  impl.LeaderElection (LeaderElection.java:askForVotes(323)) - om1@group-C5BA1605619E-LeaderElection19 ELECTION round 0: result PASSED (term=1)
2024-04-25 19:24:50,443 [om1@group-C5BA1605619E-LeaderElection19] INFO  impl.RoleInfo (RoleInfo.java:shutdownLeaderElection(130)) - om1: shutdown om1@group-C5BA1605619E-LeaderElection19
2024-04-25 19:24:50,443 [om1@group-C5BA1605619E-LeaderElection19] INFO  server.RaftServer$Division (RaftServerImpl.java:setRole(383)) - om1@group-C5BA1605619E: changes role from CANDIDATE to LEADER at term 1 for changeToLeader
2024-04-25 19:24:50,443 [om1@group-C5BA1605619E-LeaderElection19] INFO  server.RaftServerConfigKeys (ConfUtils.java:logGet(46)) - raft.server.staging.catchup.gap = 1000 (default)
2024-04-25 19:24:50,443 [om1@group-C5BA1605619E-LeaderElection19] INFO  server.RaftServerConfigKeys (ConfUtils.java:logGet(46)) - raft.server.write.element-limit = 4096 (default)
2024-04-25 19:24:50,444 [om1@group-C5BA1605619E-LeaderElection19] INFO  server.RaftServerConfigKeys (ConfUtils.java:logGet(46)) - raft.server.write.byte-limit = 64MB (=67108864) (default)
2024-04-25 19:24:50,444 [om1@group-C5BA1605619E-LeaderElection19] INFO  server.RaftServerConfigKeys (ConfUtils.java:logGet(46)) - raft.server.watch.timeout = 10s (default)
2024-04-25 19:24:50,444 [om1@group-C5BA1605619E-LeaderElection19] INFO  server.RaftServerConfigKeys (ConfUtils.java:logGet(46)) - raft.server.watch.timeout.denomination = 1s (default)
2024-04-25 19:24:50,444 [om1@group-C5BA1605619E-LeaderElection19] INFO  server.RaftServerConfigKeys (ConfUtils.java:logGet(46)) - raft.server.watch.element-limit = 65536 (default)
2024-04-25 19:24:50,444 [om1@group-C5BA1605619E-LeaderElection19] INFO  server.RaftServerConfigKeys (ConfUtils.java:logGet(46)) - raft.server.read.leader.lease.enabled = false (default)
2024-04-25 19:24:50,444 [om1@group-C5BA1605619E-LeaderElection19] INFO  server.RaftServerConfigKeys (ConfUtils.java:logGet(46)) - raft.server.read.leader.lease.timeout.ratio = 0.9 (default)
2024-04-25 19:24:50,444 [om1@group-C5BA1605619E-LeaderElection19] INFO  server.RaftServerConfigKeys (ConfUtils.java:logGet(46)) - raft.server.rpc.timeout.min = 1s (custom)
2024-04-25 19:24:50,444 [om1@group-C5BA1605619E-LeaderElection19] INFO  server.RaftServerConfigKeys (ConfUtils.java:logGet(46)) - raft.server.write.element-limit = 4096 (default)
2024-04-25 19:24:50,444 [om1@group-C5BA1605619E-LeaderElection19] INFO  server.RaftServerConfigKeys (ConfUtils.java:logGet(46)) - raft.server.write.follower.gap.ratio.max = -1.0 (default)
2024-04-25 19:24:50,445 [om1@group-C5BA1605619E-LeaderElection19] INFO  impl.RoleInfo (RoleInfo.java:updateAndGet(139)) - om1: start om1@group-C5BA1605619E-LeaderStateImpl
2024-04-25 19:24:50,445 [om1@group-C5BA1605619E-LeaderElection19] INFO  server.RaftServer$Division (RaftServerImpl.java:setFirstElection(574)) - om1@group-C5BA1605619E: set firstElectionSinceStartup to false for becomeLeader
2024-04-25 19:24:50,445 [om1@group-C5BA1605619E-LeaderElection19] INFO  server.RaftServer$Division (ServerState.java:setLeader(269)) - om1@group-C5BA1605619E: change Leader from null to om1 at term 1 for becomeLeader, leader elected after 1567ms
2024-04-25 19:24:50,445 [om1@group-C5BA1605619E-LeaderElection19] INFO  segmented.SegmentedRaftLogWorker (SegmentedRaftLogWorker.java:startLogSegment(430)) - om1@group-C5BA1605619E-SegmentedRaftLogWorker: Starting segment from index:0
2024-04-25 19:24:50,446 [om1@group-C5BA1605619E-SegmentedRaftLogWorker] INFO  segmented.BufferedWriteChannel (BufferedWriteChannel.java:open(62)) - open log_inprogress_0 at position 0
2024-04-25 19:24:50,446 [om1@group-C5BA1605619E-LeaderElection19] INFO  server.RaftServer$Division (ServerState.java:setRaftConf(386)) - om1@group-C5BA1605619E: set configuration 0: peers:[om1|localhost:15096]|listeners:[], old=null
2024-04-25 19:24:50,452 [om1@group-C5BA1605619E-SegmentedRaftLogWorker] INFO  segmented.SegmentedRaftLogWorker (SegmentedRaftLogWorker.java:execute(634)) - om1@group-C5BA1605619E-SegmentedRaftLogWorker: created new log segment /home/runner/work/ozone/ozone/hadoop-ozone/integration-test/target/test-dir/MiniOzoneClusterImpl-d2e81863-a659-4dd2-bdb8-fa97662d499c/ozone-meta/ratis/bf265839-605b-3f16-9796-c5ba1605619e/current/log_inprogress_0
2024-04-25 19:24:50,455 [om1@group-C5BA1605619E-StateMachineUpdater] INFO  ratis.OzoneManagerStateMachine (OzoneManagerStateMachine.java:notifyConfigurationChanged(212)) - Received Configuration change notification from Ratis. New Peer list:
[id: "om1"
address: "localhost:15096"
startupRole: FOLLOWER
]
2024-04-25 19:24:50,455 [om1@group-C5BA1605619E-StateMachineUpdater] INFO  server.RaftServer$Division (LeaderStateImpl.java:isApplied(320)) - leader is ready since appliedIndex == 0 >= startIndex == 0
2024-04-25 19:24:51,026 [main] INFO  ozone.MiniOzoneClusterImpl (MiniOzoneClusterImpl.java:lambda$waitForClusterToBeReady$0(194)) - Waiting for nodes to be ready. Got 0 of 9 DN Heartbeats.
2024-04-25 19:24:51,026 [main] INFO  ozone.MiniOzoneClusterImpl (MiniOzoneClusterImpl.java:lambda$waitForClusterToBeReady$0(197)) - Waiting for cluster to exit safe mode
2024-04-25 19:24:51,026 [main] INFO  ozone.MiniOzoneClusterImpl (MiniOzoneClusterImpl.java:lambda$waitForClusterToBeReady$0(199)) - SCM became leader
2024-04-25 19:24:51,440 [d4ca1bb3-9736-40b0-a02f-f5392a2e7e43-EndpointStateMachineTaskThread-/0.0.0.0:15091-0 ] INFO  utils.DatanodeStoreCache (DatanodeStoreCache.java:addDB(72)) - Added db /home/runner/work/ozone/ozone/hadoop-ozone/integration-test/target/test-dir/MiniOzoneClusterImpl-d2e81863-a659-4dd2-bdb8-fa97662d499c/ozone-meta/datanode-1/data-0/hdds/d2e81863-a659-4dd2-bdb8-fa97662d499c/DS-a9395903-e5e0-438e-b542-2f174fcc26da/container.db to cache
2024-04-25 19:24:51,440 [d4ca1bb3-9736-40b0-a02f-f5392a2e7e43-EndpointStateMachineTaskThread-/0.0.0.0:15091-0 ] INFO  volume.HddsVolume (HddsVolume.java:createDbStore(437)) - SchemaV3 db is created and loaded at /home/runner/work/ozone/ozone/hadoop-ozone/integration-test/target/test-dir/MiniOzoneClusterImpl-d2e81863-a659-4dd2-bdb8-fa97662d499c/ozone-meta/datanode-1/data-0/hdds/d2e81863-a659-4dd2-bdb8-fa97662d499c/DS-a9395903-e5e0-438e-b542-2f174fcc26da/container.db for volume DS-a9395903-e5e0-438e-b542-2f174fcc26da
2024-04-25 19:24:51,448 [d4ca1bb3-9736-40b0-a02f-f5392a2e7e43-ContainerReader-0] INFO  ozoneimpl.ContainerReader (ContainerReader.java:readVolume(148)) - Start to verify containers on volume /home/runner/work/ozone/ozone/hadoop-ozone/integration-test/target/test-dir/MiniOzoneClusterImpl-d2e81863-a659-4dd2-bdb8-fa97662d499c/ozone-meta/datanode-1/data-0/hdds
2024-04-25 19:24:51,449 [d4ca1bb3-9736-40b0-a02f-f5392a2e7e43-ContainerReader-0] INFO  ozoneimpl.ContainerReader (ContainerReader.java:readVolume(178)) - Finish verifying containers on volume /home/runner/work/ozone/ozone/hadoop-ozone/integration-test/target/test-dir/MiniOzoneClusterImpl-d2e81863-a659-4dd2-bdb8-fa97662d499c/ozone-meta/datanode-1/data-0/hdds
2024-04-25 19:24:51,449 [d4ca1bb3-9736-40b0-a02f-f5392a2e7e43-EndpointStateMachineTaskThread-/0.0.0.0:15091-0 ] INFO  ozoneimpl.OzoneContainer (OzoneContainer.java:buildContainerSet(328)) - Build ContainerSet costs 0s
2024-04-25 19:24:51,449 [d4ca1bb3-9736-40b0-a02f-f5392a2e7e43-EndpointStateMachineTaskThread-/0.0.0.0:15091-0 ] INFO  volume.ThrottledAsyncChecker (ThrottledAsyncChecker.java:schedule(141)) - Scheduling a check for /home/runner/work/ozone/ozone/hadoop-ozone/integration-test/target/test-dir/MiniOzoneClusterImpl-d2e81863-a659-4dd2-bdb8-fa97662d499c/ozone-meta/datanode-1/data-0/hdds
2024-04-25 19:24:51,449 [d4ca1bb3-9736-40b0-a02f-f5392a2e7e43-EndpointStateMachineTaskThread-/0.0.0.0:15091-0 ] INFO  volume.StorageVolumeChecker (StorageVolumeChecker.java:checkAllVolumes(218)) - Scheduled health check for volume /home/runner/work/ozone/ozone/hadoop-ozone/integration-test/target/test-dir/MiniOzoneClusterImpl-d2e81863-a659-4dd2-bdb8-fa97662d499c/ozone-meta/datanode-1/data-0/hdds
2024-04-25 19:24:51,451 [d4ca1bb3-9736-40b0-a02f-f5392a2e7e43-EndpointStateMachineTaskThread-/0.0.0.0:15091-0 ] INFO  volume.ThrottledAsyncChecker (ThrottledAsyncChecker.java:schedule(141)) - Scheduling a check for /home/runner/work/ozone/ozone/hadoop-ozone/integration-test/target/test-dir/MiniOzoneClusterImpl-d2e81863-a659-4dd2-bdb8-fa97662d499c/ozone-meta/datanode-1/ratis
2024-04-25 19:24:51,451 [d4ca1bb3-9736-40b0-a02f-f5392a2e7e43-EndpointStateMachineTaskThread-/0.0.0.0:15091-0 ] INFO  volume.StorageVolumeChecker (StorageVolumeChecker.java:checkAllVolumes(218)) - Scheduled health check for volume /home/runner/work/ozone/ozone/hadoop-ozone/integration-test/target/test-dir/MiniOzoneClusterImpl-d2e81863-a659-4dd2-bdb8-fa97662d499c/ozone-meta/datanode-1/ratis
2024-04-25 19:24:51,452 [d4ca1bb3-9736-40b0-a02f-f5392a2e7e43-EndpointStateMachineTaskThread-/0.0.0.0:15091-0 ] INFO  ozoneimpl.OzoneContainer (OzoneContainer.java:start(459)) - Attempting to start container services.
2024-04-25 19:24:51,452 [ContainerMetadataScanner] INFO  ozoneimpl.AbstractBackgroundContainerScanner (AbstractBackgroundContainerScanner.java:runIteration(87)) - Completed an iteration in 0 minutes. Number of iterations (since the data-node restart) : 1, Number of containers scanned in this iteration : 0, Number of unhealthy containers found in this iteration : 0
2024-04-25 19:24:51,453 [ContainerDataScanner(/home/runner/work/ozone/ozone/hadoop-ozone/integration-test/target/test-dir/MiniOzoneClusterImpl-d2e81863-a659-4dd2-bdb8-fa97662d499c/ozone-meta/datanode-1/data-0/hdds)] INFO  ozoneimpl.AbstractBackgroundContainerScanner (AbstractBackgroundContainerScanner.java:runIteration(87)) - Completed an iteration in 0 minutes. Number of iterations (since the data-node restart) : 1, Number of containers scanned in this iteration : 0, Number of unhealthy containers found in this iteration : 0
2024-04-25 19:24:51,453 [d4ca1bb3-9736-40b0-a02f-f5392a2e7e43-EndpointStateMachineTaskThread-/0.0.0.0:15091-0 ] INFO  replication.ReplicationServer (ReplicationServer.java:start(142)) - ReplicationServer is started using port 15105
2024-04-25 19:24:51,453 [d4ca1bb3-9736-40b0-a02f-f5392a2e7e43-EndpointStateMachineTaskThread-/0.0.0.0:15091-0 ] INFO  ratis.XceiverServerRatis (XceiverServerRatis.java:start(566)) - Starting XceiverServerRatis d4ca1bb3-9736-40b0-a02f-f5392a2e7e43
2024-04-25 19:24:51,454 [d4ca1bb3-9736-40b0-a02f-f5392a2e7e43-EndpointStateMachineTaskThread-/0.0.0.0:15091-0 ] INFO  server.RaftServer (RaftServerProxy.java:startImpl(406)) - d4ca1bb3-9736-40b0-a02f-f5392a2e7e43: start RPC server
2024-04-25 19:24:51,454 [d4ca1bb3-9736-40b0-a02f-f5392a2e7e43-EndpointStateMachineTaskThread-/0.0.0.0:15091-0 ] INFO  server.GrpcService (GrpcService.java:startImpl(302)) - d4ca1bb3-9736-40b0-a02f-f5392a2e7e43: GrpcService started, listening on 15101
2024-04-25 19:24:51,454 [d4ca1bb3-9736-40b0-a02f-f5392a2e7e43-EndpointStateMachineTaskThread-/0.0.0.0:15091-0 ] INFO  server.GrpcService (GrpcService.java:startImpl(302)) - d4ca1bb3-9736-40b0-a02f-f5392a2e7e43: GrpcService started, listening on 15103
2024-04-25 19:24:51,454 [d4ca1bb3-9736-40b0-a02f-f5392a2e7e43-EndpointStateMachineTaskThread-/0.0.0.0:15091-0 ] INFO  server.GrpcService (GrpcService.java:startImpl(302)) - d4ca1bb3-9736-40b0-a02f-f5392a2e7e43: GrpcService started, listening on 15102
2024-04-25 19:24:51,455 [d4ca1bb3-9736-40b0-a02f-f5392a2e7e43-EndpointStateMachineTaskThread-/0.0.0.0:15091-0 ] INFO  ratis.XceiverServerRatis (XceiverServerRatis.java:getRealPort(592)) - XceiverServerRatis d4ca1bb3-9736-40b0-a02f-f5392a2e7e43 is started using port 15101 for RATIS
2024-04-25 19:24:51,455 [d4ca1bb3-9736-40b0-a02f-f5392a2e7e43-EndpointStateMachineTaskThread-/0.0.0.0:15091-0 ] INFO  ratis.XceiverServerRatis (XceiverServerRatis.java:getRealPort(592)) - XceiverServerRatis d4ca1bb3-9736-40b0-a02f-f5392a2e7e43 is started using port 15102 for RATIS_ADMIN
2024-04-25 19:24:51,455 [JvmPauseMonitor13] INFO  util.JvmPauseMonitor (JvmPauseMonitor.java:run(146)) - JvmPauseMonitor-d4ca1bb3-9736-40b0-a02f-f5392a2e7e43: Started
2024-04-25 19:24:51,455 [d4ca1bb3-9736-40b0-a02f-f5392a2e7e43-EndpointStateMachineTaskThread-/0.0.0.0:15091-0 ] INFO  ratis.XceiverServerRatis (XceiverServerRatis.java:getRealPort(592)) - XceiverServerRatis d4ca1bb3-9736-40b0-a02f-f5392a2e7e43 is started using port 15103 for RATIS_SERVER
2024-04-25 19:24:51,455 [d4ca1bb3-9736-40b0-a02f-f5392a2e7e43-EndpointStateMachineTaskThread-/0.0.0.0:15091-0 ] INFO  ratis.XceiverServerRatis (XceiverServerRatis.java:getRealPort(592)) - XceiverServerRatis d4ca1bb3-9736-40b0-a02f-f5392a2e7e43 is started using port 15104 for RATIS_DATASTREAM
2024-04-25 19:24:51,456 [d4ca1bb3-9736-40b0-a02f-f5392a2e7e43-BlockDeletingService#0] INFO  interfaces.ContainerDeletionChoosingPolicyTemplate (ContainerDeletionChoosingPolicyTemplate.java:chooseContainerForBlockDeletion(85)) - Chosen 0/5000 blocks from 0 candidate containers.
2024-04-25 19:24:51,546 [feac95e6-d772-4287-b681-0d01f32bbe53-EndpointStateMachineTaskThread-/0.0.0.0:15091-0 ] INFO  utils.DatanodeStoreCache (DatanodeStoreCache.java:addDB(72)) - Added db /home/runner/work/ozone/ozone/hadoop-ozone/integration-test/target/test-dir/MiniOzoneClusterImpl-d2e81863-a659-4dd2-bdb8-fa97662d499c/ozone-meta/datanode-2/data-0/hdds/d2e81863-a659-4dd2-bdb8-fa97662d499c/DS-21ecf633-5a88-4a13-8678-0248643eed94/container.db to cache
2024-04-25 19:24:51,546 [feac95e6-d772-4287-b681-0d01f32bbe53-EndpointStateMachineTaskThread-/0.0.0.0:15091-0 ] INFO  volume.HddsVolume (HddsVolume.java:createDbStore(437)) - SchemaV3 db is created and loaded at /home/runner/work/ozone/ozone/hadoop-ozone/integration-test/target/test-dir/MiniOzoneClusterImpl-d2e81863-a659-4dd2-bdb8-fa97662d499c/ozone-meta/datanode-2/data-0/hdds/d2e81863-a659-4dd2-bdb8-fa97662d499c/DS-21ecf633-5a88-4a13-8678-0248643eed94/container.db for volume DS-21ecf633-5a88-4a13-8678-0248643eed94
2024-04-25 19:24:51,548 [feac95e6-d772-4287-b681-0d01f32bbe53-ContainerReader-0] INFO  ozoneimpl.ContainerReader (ContainerReader.java:readVolume(148)) - Start to verify containers on volume /home/runner/work/ozone/ozone/hadoop-ozone/integration-test/target/test-dir/MiniOzoneClusterImpl-d2e81863-a659-4dd2-bdb8-fa97662d499c/ozone-meta/datanode-2/data-0/hdds
2024-04-25 19:24:51,548 [feac95e6-d772-4287-b681-0d01f32bbe53-ContainerReader-0] INFO  ozoneimpl.ContainerReader (ContainerReader.java:readVolume(178)) - Finish verifying containers on volume /home/runner/work/ozone/ozone/hadoop-ozone/integration-test/target/test-dir/MiniOzoneClusterImpl-d2e81863-a659-4dd2-bdb8-fa97662d499c/ozone-meta/datanode-2/data-0/hdds
2024-04-25 19:24:51,548 [feac95e6-d772-4287-b681-0d01f32bbe53-EndpointStateMachineTaskThread-/0.0.0.0:15091-0 ] INFO  ozoneimpl.OzoneContainer (OzoneContainer.java:buildContainerSet(328)) - Build ContainerSet costs 0s
2024-04-25 19:24:51,549 [feac95e6-d772-4287-b681-0d01f32bbe53-EndpointStateMachineTaskThread-/0.0.0.0:15091-0 ] INFO  volume.ThrottledAsyncChecker (ThrottledAsyncChecker.java:schedule(141)) - Scheduling a check for /home/runner/work/ozone/ozone/hadoop-ozone/integration-test/target/test-dir/MiniOzoneClusterImpl-d2e81863-a659-4dd2-bdb8-fa97662d499c/ozone-meta/datanode-2/data-0/hdds
2024-04-25 19:24:51,549 [feac95e6-d772-4287-b681-0d01f32bbe53-EndpointStateMachineTaskThread-/0.0.0.0:15091-0 ] INFO  volume.StorageVolumeChecker (StorageVolumeChecker.java:checkAllVolumes(218)) - Scheduled health check for volume /home/runner/work/ozone/ozone/hadoop-ozone/integration-test/target/test-dir/MiniOzoneClusterImpl-d2e81863-a659-4dd2-bdb8-fa97662d499c/ozone-meta/datanode-2/data-0/hdds
2024-04-25 19:24:51,550 [feac95e6-d772-4287-b681-0d01f32bbe53-EndpointStateMachineTaskThread-/0.0.0.0:15091-0 ] INFO  volume.ThrottledAsyncChecker (ThrottledAsyncChecker.java:schedule(141)) - Scheduling a check for /home/runner/work/ozone/ozone/hadoop-ozone/integration-test/target/test-dir/MiniOzoneClusterImpl-d2e81863-a659-4dd2-bdb8-fa97662d499c/ozone-meta/datanode-2/ratis
2024-04-25 19:24:51,550 [feac95e6-d772-4287-b681-0d01f32bbe53-EndpointStateMachineTaskThread-/0.0.0.0:15091-0 ] INFO  volume.StorageVolumeChecker (StorageVolumeChecker.java:checkAllVolumes(218)) - Scheduled health check for volume /home/runner/work/ozone/ozone/hadoop-ozone/integration-test/target/test-dir/MiniOzoneClusterImpl-d2e81863-a659-4dd2-bdb8-fa97662d499c/ozone-meta/datanode-2/ratis
2024-04-25 19:24:51,551 [feac95e6-d772-4287-b681-0d01f32bbe53-EndpointStateMachineTaskThread-/0.0.0.0:15091-0 ] INFO  ozoneimpl.OzoneContainer (OzoneContainer.java:start(459)) - Attempting to start container services.
2024-04-25 19:24:51,551 [feac95e6-d772-4287-b681-0d01f32bbe53-EndpointStateMachineTaskThread-/0.0.0.0:15091-0 ] WARN  ozoneimpl.OnDemandContainerDataScanner (OnDemandContainerDataScanner.java:init(75)) - Trying to initialize on demand scanner a second time on a datanode.
2024-04-25 19:24:51,552 [ContainerMetadataScanner] INFO  ozoneimpl.AbstractBackgroundContainerScanner (AbstractBackgroundContainerScanner.java:runIteration(87)) - Completed an iteration in 0 minutes. Number of iterations (since the data-node restart) : 1, Number of containers scanned in this iteration : 0, Number of unhealthy containers found in this iteration : 0
2024-04-25 19:24:51,552 [ContainerDataScanner(/home/runner/work/ozone/ozone/hadoop-ozone/integration-test/target/test-dir/MiniOzoneClusterImpl-d2e81863-a659-4dd2-bdb8-fa97662d499c/ozone-meta/datanode-2/data-0/hdds)] INFO  ozoneimpl.AbstractBackgroundContainerScanner (AbstractBackgroundContainerScanner.java:runIteration(87)) - Completed an iteration in 0 minutes. Number of iterations (since the data-node restart) : 1, Number of containers scanned in this iteration : 0, Number of unhealthy containers found in this iteration : 0
2024-04-25 19:24:51,552 [feac95e6-d772-4287-b681-0d01f32bbe53-EndpointStateMachineTaskThread-/0.0.0.0:15091-0 ] INFO  replication.ReplicationServer (ReplicationServer.java:start(142)) - ReplicationServer is started using port 15114
2024-04-25 19:24:51,552 [feac95e6-d772-4287-b681-0d01f32bbe53-EndpointStateMachineTaskThread-/0.0.0.0:15091-0 ] INFO  ratis.XceiverServerRatis (XceiverServerRatis.java:start(566)) - Starting XceiverServerRatis feac95e6-d772-4287-b681-0d01f32bbe53
2024-04-25 19:24:51,553 [feac95e6-d772-4287-b681-0d01f32bbe53-EndpointStateMachineTaskThread-/0.0.0.0:15091-0 ] INFO  server.RaftServer (RaftServerProxy.java:startImpl(406)) - feac95e6-d772-4287-b681-0d01f32bbe53: start RPC server
2024-04-25 19:24:51,553 [feac95e6-d772-4287-b681-0d01f32bbe53-EndpointStateMachineTaskThread-/0.0.0.0:15091-0 ] INFO  server.GrpcService (GrpcService.java:startImpl(302)) - feac95e6-d772-4287-b681-0d01f32bbe53: GrpcService started, listening on 15110
2024-04-25 19:24:51,553 [feac95e6-d772-4287-b681-0d01f32bbe53-EndpointStateMachineTaskThread-/0.0.0.0:15091-0 ] INFO  server.GrpcService (GrpcService.java:startImpl(302)) - feac95e6-d772-4287-b681-0d01f32bbe53: GrpcService started, listening on 15112
2024-04-25 19:24:51,554 [feac95e6-d772-4287-b681-0d01f32bbe53-EndpointStateMachineTaskThread-/0.0.0.0:15091-0 ] INFO  server.GrpcService (GrpcService.java:startImpl(302)) - feac95e6-d772-4287-b681-0d01f32bbe53: GrpcService started, listening on 15111
2024-04-25 19:24:51,555 [feac95e6-d772-4287-b681-0d01f32bbe53-EndpointStateMachineTaskThread-/0.0.0.0:15091-0 ] INFO  ratis.XceiverServerRatis (XceiverServerRatis.java:getRealPort(592)) - XceiverServerRatis feac95e6-d772-4287-b681-0d01f32bbe53 is started using port 15110 for RATIS
2024-04-25 19:24:51,555 [feac95e6-d772-4287-b681-0d01f32bbe53-EndpointStateMachineTaskThread-/0.0.0.0:15091-0 ] INFO  ratis.XceiverServerRatis (XceiverServerRatis.java:getRealPort(592)) - XceiverServerRatis feac95e6-d772-4287-b681-0d01f32bbe53 is started using port 15111 for RATIS_ADMIN
2024-04-25 19:24:51,555 [feac95e6-d772-4287-b681-0d01f32bbe53-EndpointStateMachineTaskThread-/0.0.0.0:15091-0 ] INFO  ratis.XceiverServerRatis (XceiverServerRatis.java:getRealPort(592)) - XceiverServerRatis feac95e6-d772-4287-b681-0d01f32bbe53 is started using port 15112 for RATIS_SERVER
2024-04-25 19:24:51,555 [feac95e6-d772-4287-b681-0d01f32bbe53-EndpointStateMachineTaskThread-/0.0.0.0:15091-0 ] INFO  ratis.XceiverServerRatis (XceiverServerRatis.java:getRealPort(592)) - XceiverServerRatis feac95e6-d772-4287-b681-0d01f32bbe53 is started using port 15113 for RATIS_DATASTREAM
2024-04-25 19:24:51,555 [JvmPauseMonitor14] INFO  util.JvmPauseMonitor (JvmPauseMonitor.java:run(146)) - JvmPauseMonitor-feac95e6-d772-4287-b681-0d01f32bbe53: Started
2024-04-25 19:24:51,556 [feac95e6-d772-4287-b681-0d01f32bbe53-BlockDeletingService#0] INFO  interfaces.ContainerDeletionChoosingPolicyTemplate (ContainerDeletionChoosingPolicyTemplate.java:chooseContainerForBlockDeletion(85)) - Chosen 0/5000 blocks from 0 candidate containers.
2024-04-25 19:24:51,610 [1d17c780-3c0c-42fc-a5ed-76046c58c935-EndpointStateMachineTaskThread-/0.0.0.0:15091-0 ] INFO  utils.DatanodeStoreCache (DatanodeStoreCache.java:addDB(72)) - Added db /home/runner/work/ozone/ozone/hadoop-ozone/integration-test/target/test-dir/MiniOzoneClusterImpl-d2e81863-a659-4dd2-bdb8-fa97662d499c/ozone-meta/datanode-3/data-0/hdds/d2e81863-a659-4dd2-bdb8-fa97662d499c/DS-8e8ca3bf-4f25-41dc-9238-2166e3bd4f5f/container.db to cache
2024-04-25 19:24:51,610 [1d17c780-3c0c-42fc-a5ed-76046c58c935-EndpointStateMachineTaskThread-/0.0.0.0:15091-0 ] INFO  volume.HddsVolume (HddsVolume.java:createDbStore(437)) - SchemaV3 db is created and loaded at /home/runner/work/ozone/ozone/hadoop-ozone/integration-test/target/test-dir/MiniOzoneClusterImpl-d2e81863-a659-4dd2-bdb8-fa97662d499c/ozone-meta/datanode-3/data-0/hdds/d2e81863-a659-4dd2-bdb8-fa97662d499c/DS-8e8ca3bf-4f25-41dc-9238-2166e3bd4f5f/container.db for volume DS-8e8ca3bf-4f25-41dc-9238-2166e3bd4f5f
2024-04-25 19:24:51,612 [1d17c780-3c0c-42fc-a5ed-76046c58c935-ContainerReader-0] INFO  ozoneimpl.ContainerReader (ContainerReader.java:readVolume(148)) - Start to verify containers on volume /home/runner/work/ozone/ozone/hadoop-ozone/integration-test/target/test-dir/MiniOzoneClusterImpl-d2e81863-a659-4dd2-bdb8-fa97662d499c/ozone-meta/datanode-3/data-0/hdds
2024-04-25 19:24:51,612 [1d17c780-3c0c-42fc-a5ed-76046c58c935-ContainerReader-0] INFO  ozoneimpl.ContainerReader (ContainerReader.java:readVolume(178)) - Finish verifying containers on volume /home/runner/work/ozone/ozone/hadoop-ozone/integration-test/target/test-dir/MiniOzoneClusterImpl-d2e81863-a659-4dd2-bdb8-fa97662d499c/ozone-meta/datanode-3/data-0/hdds
2024-04-25 19:24:51,613 [1d17c780-3c0c-42fc-a5ed-76046c58c935-EndpointStateMachineTaskThread-/0.0.0.0:15091-0 ] INFO  ozoneimpl.OzoneContainer (OzoneContainer.java:buildContainerSet(328)) - Build ContainerSet costs 0s
2024-04-25 19:24:51,613 [1d17c780-3c0c-42fc-a5ed-76046c58c935-EndpointStateMachineTaskThread-/0.0.0.0:15091-0 ] INFO  volume.ThrottledAsyncChecker (ThrottledAsyncChecker.java:schedule(141)) - Scheduling a check for /home/runner/work/ozone/ozone/hadoop-ozone/integration-test/target/test-dir/MiniOzoneClusterImpl-d2e81863-a659-4dd2-bdb8-fa97662d499c/ozone-meta/datanode-3/data-0/hdds
2024-04-25 19:24:51,613 [1d17c780-3c0c-42fc-a5ed-76046c58c935-EndpointStateMachineTaskThread-/0.0.0.0:15091-0 ] INFO  volume.StorageVolumeChecker (StorageVolumeChecker.java:checkAllVolumes(218)) - Scheduled health check for volume /home/runner/work/ozone/ozone/hadoop-ozone/integration-test/target/test-dir/MiniOzoneClusterImpl-d2e81863-a659-4dd2-bdb8-fa97662d499c/ozone-meta/datanode-3/data-0/hdds
2024-04-25 19:24:51,615 [1d17c780-3c0c-42fc-a5ed-76046c58c935-EndpointStateMachineTaskThread-/0.0.0.0:15091-0 ] INFO  volume.ThrottledAsyncChecker (ThrottledAsyncChecker.java:schedule(141)) - Scheduling a check for /home/runner/work/ozone/ozone/hadoop-ozone/integration-test/target/test-dir/MiniOzoneClusterImpl-d2e81863-a659-4dd2-bdb8-fa97662d499c/ozone-meta/datanode-3/ratis
2024-04-25 19:24:51,615 [1d17c780-3c0c-42fc-a5ed-76046c58c935-EndpointStateMachineTaskThread-/0.0.0.0:15091-0 ] INFO  volume.StorageVolumeChecker (StorageVolumeChecker.java:checkAllVolumes(218)) - Scheduled health check for volume /home/runner/work/ozone/ozone/hadoop-ozone/integration-test/target/test-dir/MiniOzoneClusterImpl-d2e81863-a659-4dd2-bdb8-fa97662d499c/ozone-meta/datanode-3/ratis
2024-04-25 19:24:51,616 [1d17c780-3c0c-42fc-a5ed-76046c58c935-EndpointStateMachineTaskThread-/0.0.0.0:15091-0 ] INFO  ozoneimpl.OzoneContainer (OzoneContainer.java:start(459)) - Attempting to start container services.
2024-04-25 19:24:51,616 [1d17c780-3c0c-42fc-a5ed-76046c58c935-EndpointStateMachineTaskThread-/0.0.0.0:15091-0 ] WARN  ozoneimpl.OnDemandContainerDataScanner (OnDemandContainerDataScanner.java:init(75)) - Trying to initialize on demand scanner a second time on a datanode.
2024-04-25 19:24:51,616 [ContainerMetadataScanner] INFO  ozoneimpl.AbstractBackgroundContainerScanner (AbstractBackgroundContainerScanner.java:runIteration(87)) - Completed an iteration in 0 minutes. Number of iterations (since the data-node restart) : 1, Number of containers scanned in this iteration : 0, Number of unhealthy containers found in this iteration : 0
2024-04-25 19:24:51,616 [ContainerDataScanner(/home/runner/work/ozone/ozone/hadoop-ozone/integration-test/target/test-dir/MiniOzoneClusterImpl-d2e81863-a659-4dd2-bdb8-fa97662d499c/ozone-meta/datanode-3/data-0/hdds)] INFO  ozoneimpl.AbstractBackgroundContainerScanner (AbstractBackgroundContainerScanner.java:runIteration(87)) - Completed an iteration in 0 minutes. Number of iterations (since the data-node restart) : 1, Number of containers scanned in this iteration : 0, Number of unhealthy containers found in this iteration : 0
2024-04-25 19:24:51,617 [1d17c780-3c0c-42fc-a5ed-76046c58c935-EndpointStateMachineTaskThread-/0.0.0.0:15091-0 ] INFO  replication.ReplicationServer (ReplicationServer.java:start(142)) - ReplicationServer is started using port 15123
2024-04-25 19:24:51,617 [1d17c780-3c0c-42fc-a5ed-76046c58c935-EndpointStateMachineTaskThread-/0.0.0.0:15091-0 ] INFO  ratis.XceiverServerRatis (XceiverServerRatis.java:start(566)) - Starting XceiverServerRatis 1d17c780-3c0c-42fc-a5ed-76046c58c935
2024-04-25 19:24:51,617 [1d17c780-3c0c-42fc-a5ed-76046c58c935-EndpointStateMachineTaskThread-/0.0.0.0:15091-0 ] INFO  server.RaftServer (RaftServerProxy.java:startImpl(406)) - 1d17c780-3c0c-42fc-a5ed-76046c58c935: start RPC server
2024-04-25 19:24:51,617 [1d17c780-3c0c-42fc-a5ed-76046c58c935-EndpointStateMachineTaskThread-/0.0.0.0:15091-0 ] INFO  server.GrpcService (GrpcService.java:startImpl(302)) - 1d17c780-3c0c-42fc-a5ed-76046c58c935: GrpcService started, listening on 15119
2024-04-25 19:24:51,618 [1d17c780-3c0c-42fc-a5ed-76046c58c935-EndpointStateMachineTaskThread-/0.0.0.0:15091-0 ] INFO  server.GrpcService (GrpcService.java:startImpl(302)) - 1d17c780-3c0c-42fc-a5ed-76046c58c935: GrpcService started, listening on 15121
2024-04-25 19:24:51,618 [1d17c780-3c0c-42fc-a5ed-76046c58c935-EndpointStateMachineTaskThread-/0.0.0.0:15091-0 ] INFO  server.GrpcService (GrpcService.java:startImpl(302)) - 1d17c780-3c0c-42fc-a5ed-76046c58c935: GrpcService started, listening on 15120
2024-04-25 19:24:51,618 [1d17c780-3c0c-42fc-a5ed-76046c58c935-EndpointStateMachineTaskThread-/0.0.0.0:15091-0 ] INFO  ratis.XceiverServerRatis (XceiverServerRatis.java:getRealPort(592)) - XceiverServerRatis 1d17c780-3c0c-42fc-a5ed-76046c58c935 is started using port 15119 for RATIS
2024-04-25 19:24:51,618 [1d17c780-3c0c-42fc-a5ed-76046c58c935-EndpointStateMachineTaskThread-/0.0.0.0:15091-0 ] INFO  ratis.XceiverServerRatis (XceiverServerRatis.java:getRealPort(592)) - XceiverServerRatis 1d17c780-3c0c-42fc-a5ed-76046c58c935 is started using port 15120 for RATIS_ADMIN
2024-04-25 19:24:51,618 [1d17c780-3c0c-42fc-a5ed-76046c58c935-EndpointStateMachineTaskThread-/0.0.0.0:15091-0 ] INFO  ratis.XceiverServerRatis (XceiverServerRatis.java:getRealPort(592)) - XceiverServerRatis 1d17c780-3c0c-42fc-a5ed-76046c58c935 is started using port 15121 for RATIS_SERVER
2024-04-25 19:24:51,618 [1d17c780-3c0c-42fc-a5ed-76046c58c935-EndpointStateMachineTaskThread-/0.0.0.0:15091-0 ] INFO  ratis.XceiverServerRatis (XceiverServerRatis.java:getRealPort(592)) - XceiverServerRatis 1d17c780-3c0c-42fc-a5ed-76046c58c935 is started using port 15122 for RATIS_DATASTREAM
2024-04-25 19:24:51,618 [JvmPauseMonitor15] INFO  util.JvmPauseMonitor (JvmPauseMonitor.java:run(146)) - JvmPauseMonitor-1d17c780-3c0c-42fc-a5ed-76046c58c935: Started
2024-04-25 19:24:51,619 [1d17c780-3c0c-42fc-a5ed-76046c58c935-BlockDeletingService#0] INFO  interfaces.ContainerDeletionChoosingPolicyTemplate (ContainerDeletionChoosingPolicyTemplate.java:chooseContainerForBlockDeletion(85)) - Chosen 0/5000 blocks from 0 candidate containers.
2024-04-25 19:24:51,674 [b2172664-c1c5-4da6-8eba-635cc9cc8385-EndpointStateMachineTaskThread-/0.0.0.0:15091-0 ] INFO  utils.DatanodeStoreCache (DatanodeStoreCache.java:addDB(72)) - Added db /home/runner/work/ozone/ozone/hadoop-ozone/integration-test/target/test-dir/MiniOzoneClusterImpl-d2e81863-a659-4dd2-bdb8-fa97662d499c/ozone-meta/datanode-4/data-0/hdds/d2e81863-a659-4dd2-bdb8-fa97662d499c/DS-7927d964-c3b8-4f7b-b624-ba2a50619344/container.db to cache
2024-04-25 19:24:51,675 [b2172664-c1c5-4da6-8eba-635cc9cc8385-EndpointStateMachineTaskThread-/0.0.0.0:15091-0 ] INFO  volume.HddsVolume (HddsVolume.java:createDbStore(437)) - SchemaV3 db is created and loaded at /home/runner/work/ozone/ozone/hadoop-ozone/integration-test/target/test-dir/MiniOzoneClusterImpl-d2e81863-a659-4dd2-bdb8-fa97662d499c/ozone-meta/datanode-4/data-0/hdds/d2e81863-a659-4dd2-bdb8-fa97662d499c/DS-7927d964-c3b8-4f7b-b624-ba2a50619344/container.db for volume DS-7927d964-c3b8-4f7b-b624-ba2a50619344
2024-04-25 19:24:51,676 [b2172664-c1c5-4da6-8eba-635cc9cc8385-ContainerReader-0] INFO  ozoneimpl.ContainerReader (ContainerReader.java:readVolume(148)) - Start to verify containers on volume /home/runner/work/ozone/ozone/hadoop-ozone/integration-test/target/test-dir/MiniOzoneClusterImpl-d2e81863-a659-4dd2-bdb8-fa97662d499c/ozone-meta/datanode-4/data-0/hdds
2024-04-25 19:24:51,676 [b2172664-c1c5-4da6-8eba-635cc9cc8385-ContainerReader-0] INFO  ozoneimpl.ContainerReader (ContainerReader.java:readVolume(178)) - Finish verifying containers on volume /home/runner/work/ozone/ozone/hadoop-ozone/integration-test/target/test-dir/MiniOzoneClusterImpl-d2e81863-a659-4dd2-bdb8-fa97662d499c/ozone-meta/datanode-4/data-0/hdds
2024-04-25 19:24:51,677 [b2172664-c1c5-4da6-8eba-635cc9cc8385-EndpointStateMachineTaskThread-/0.0.0.0:15091-0 ] INFO  ozoneimpl.OzoneContainer (OzoneContainer.java:buildContainerSet(328)) - Build ContainerSet costs 0s
2024-04-25 19:24:51,677 [b2172664-c1c5-4da6-8eba-635cc9cc8385-EndpointStateMachineTaskThread-/0.0.0.0:15091-0 ] INFO  volume.ThrottledAsyncChecker (ThrottledAsyncChecker.java:schedule(141)) - Scheduling a check for /home/runner/work/ozone/ozone/hadoop-ozone/integration-test/target/test-dir/MiniOzoneClusterImpl-d2e81863-a659-4dd2-bdb8-fa97662d499c/ozone-meta/datanode-4/data-0/hdds
2024-04-25 19:24:51,678 [b2172664-c1c5-4da6-8eba-635cc9cc8385-EndpointStateMachineTaskThread-/0.0.0.0:15091-0 ] INFO  volume.StorageVolumeChecker (StorageVolumeChecker.java:checkAllVolumes(218)) - Scheduled health check for volume /home/runner/work/ozone/ozone/hadoop-ozone/integration-test/target/test-dir/MiniOzoneClusterImpl-d2e81863-a659-4dd2-bdb8-fa97662d499c/ozone-meta/datanode-4/data-0/hdds
2024-04-25 19:24:51,679 [b2172664-c1c5-4da6-8eba-635cc9cc8385-EndpointStateMachineTaskThread-/0.0.0.0:15091-0 ] INFO  volume.ThrottledAsyncChecker (ThrottledAsyncChecker.java:schedule(141)) - Scheduling a check for /home/runner/work/ozone/ozone/hadoop-ozone/integration-test/target/test-dir/MiniOzoneClusterImpl-d2e81863-a659-4dd2-bdb8-fa97662d499c/ozone-meta/datanode-4/ratis
2024-04-25 19:24:51,679 [b2172664-c1c5-4da6-8eba-635cc9cc8385-EndpointStateMachineTaskThread-/0.0.0.0:15091-0 ] INFO  volume.StorageVolumeChecker (StorageVolumeChecker.java:checkAllVolumes(218)) - Scheduled health check for volume /home/runner/work/ozone/ozone/hadoop-ozone/integration-test/target/test-dir/MiniOzoneClusterImpl-d2e81863-a659-4dd2-bdb8-fa97662d499c/ozone-meta/datanode-4/ratis
2024-04-25 19:24:51,690 [b2172664-c1c5-4da6-8eba-635cc9cc8385-EndpointStateMachineTaskThread-/0.0.0.0:15091-0 ] INFO  ozoneimpl.OzoneContainer (OzoneContainer.java:start(459)) - Attempting to start container services.
2024-04-25 19:24:51,691 [b2172664-c1c5-4da6-8eba-635cc9cc8385-EndpointStateMachineTaskThread-/0.0.0.0:15091-0 ] WARN  ozoneimpl.OnDemandContainerDataScanner (OnDemandContainerDataScanner.java:init(75)) - Trying to initialize on demand scanner a second time on a datanode.
2024-04-25 19:24:51,691 [ContainerMetadataScanner] INFO  ozoneimpl.AbstractBackgroundContainerScanner (AbstractBackgroundContainerScanner.java:runIteration(87)) - Completed an iteration in 0 minutes. Number of iterations (since the data-node restart) : 1, Number of containers scanned in this iteration : 0, Number of unhealthy containers found in this iteration : 0
2024-04-25 19:24:51,691 [ContainerDataScanner(/home/runner/work/ozone/ozone/hadoop-ozone/integration-test/target/test-dir/MiniOzoneClusterImpl-d2e81863-a659-4dd2-bdb8-fa97662d499c/ozone-meta/datanode-4/data-0/hdds)] INFO  ozoneimpl.AbstractBackgroundContainerScanner (AbstractBackgroundContainerScanner.java:runIteration(87)) - Completed an iteration in 0 minutes. Number of iterations (since the data-node restart) : 1, Number of containers scanned in this iteration : 0, Number of unhealthy containers found in this iteration : 0
2024-04-25 19:24:51,692 [b2172664-c1c5-4da6-8eba-635cc9cc8385-EndpointStateMachineTaskThread-/0.0.0.0:15091-0 ] INFO  replication.ReplicationServer (ReplicationServer.java:start(142)) - ReplicationServer is started using port 15132
2024-04-25 19:24:51,692 [b2172664-c1c5-4da6-8eba-635cc9cc8385-EndpointStateMachineTaskThread-/0.0.0.0:15091-0 ] INFO  ratis.XceiverServerRatis (XceiverServerRatis.java:start(566)) - Starting XceiverServerRatis b2172664-c1c5-4da6-8eba-635cc9cc8385
2024-04-25 19:24:51,692 [b2172664-c1c5-4da6-8eba-635cc9cc8385-EndpointStateMachineTaskThread-/0.0.0.0:15091-0 ] INFO  server.RaftServer (RaftServerProxy.java:startImpl(406)) - b2172664-c1c5-4da6-8eba-635cc9cc8385: start RPC server
2024-04-25 19:24:51,693 [b2172664-c1c5-4da6-8eba-635cc9cc8385-EndpointStateMachineTaskThread-/0.0.0.0:15091-0 ] INFO  server.GrpcService (GrpcService.java:startImpl(302)) - b2172664-c1c5-4da6-8eba-635cc9cc8385: GrpcService started, listening on 15128
2024-04-25 19:24:51,693 [b2172664-c1c5-4da6-8eba-635cc9cc8385-EndpointStateMachineTaskThread-/0.0.0.0:15091-0 ] INFO  server.GrpcService (GrpcService.java:startImpl(302)) - b2172664-c1c5-4da6-8eba-635cc9cc8385: GrpcService started, listening on 15130
2024-04-25 19:24:51,693 [b2172664-c1c5-4da6-8eba-635cc9cc8385-EndpointStateMachineTaskThread-/0.0.0.0:15091-0 ] INFO  server.GrpcService (GrpcService.java:startImpl(302)) - b2172664-c1c5-4da6-8eba-635cc9cc8385: GrpcService started, listening on 15129
2024-04-25 19:24:51,693 [b2172664-c1c5-4da6-8eba-635cc9cc8385-EndpointStateMachineTaskThread-/0.0.0.0:15091-0 ] INFO  ratis.XceiverServerRatis (XceiverServerRatis.java:getRealPort(592)) - XceiverServerRatis b2172664-c1c5-4da6-8eba-635cc9cc8385 is started using port 15128 for RATIS
2024-04-25 19:24:51,693 [b2172664-c1c5-4da6-8eba-635cc9cc8385-EndpointStateMachineTaskThread-/0.0.0.0:15091-0 ] INFO  ratis.XceiverServerRatis (XceiverServerRatis.java:getRealPort(592)) - XceiverServerRatis b2172664-c1c5-4da6-8eba-635cc9cc8385 is started using port 15129 for RATIS_ADMIN
2024-04-25 19:24:51,693 [b2172664-c1c5-4da6-8eba-635cc9cc8385-EndpointStateMachineTaskThread-/0.0.0.0:15091-0 ] INFO  ratis.XceiverServerRatis (XceiverServerRatis.java:getRealPort(592)) - XceiverServerRatis b2172664-c1c5-4da6-8eba-635cc9cc8385 is started using port 15130 for RATIS_SERVER
2024-04-25 19:24:51,693 [JvmPauseMonitor16] INFO  util.JvmPauseMonitor (JvmPauseMonitor.java:run(146)) - JvmPauseMonitor-b2172664-c1c5-4da6-8eba-635cc9cc8385: Started
2024-04-25 19:24:51,694 [b2172664-c1c5-4da6-8eba-635cc9cc8385-EndpointStateMachineTaskThread-/0.0.0.0:15091-0 ] INFO  ratis.XceiverServerRatis (XceiverServerRatis.java:getRealPort(592)) - XceiverServerRatis b2172664-c1c5-4da6-8eba-635cc9cc8385 is started using port 15131 for RATIS_DATASTREAM
2024-04-25 19:24:51,694 [b2172664-c1c5-4da6-8eba-635cc9cc8385-BlockDeletingService#0] INFO  interfaces.ContainerDeletionChoosingPolicyTemplate (ContainerDeletionChoosingPolicyTemplate.java:chooseContainerForBlockDeletion(85)) - Chosen 0/5000 blocks from 0 candidate containers.
2024-04-25 19:24:51,752 [957dcc0f-940f-48bb-84e1-bf54d09bb8cf-EndpointStateMachineTaskThread-/0.0.0.0:15091-0 ] INFO  utils.DatanodeStoreCache (DatanodeStoreCache.java:addDB(72)) - Added db /home/runner/work/ozone/ozone/hadoop-ozone/integration-test/target/test-dir/MiniOzoneClusterImpl-d2e81863-a659-4dd2-bdb8-fa97662d499c/ozone-meta/datanode-5/data-0/hdds/d2e81863-a659-4dd2-bdb8-fa97662d499c/DS-fb74b653-00ac-49eb-810d-6a22ca4c528f/container.db to cache
2024-04-25 19:24:51,752 [957dcc0f-940f-48bb-84e1-bf54d09bb8cf-EndpointStateMachineTaskThread-/0.0.0.0:15091-0 ] INFO  volume.HddsVolume (HddsVolume.java:createDbStore(437)) - SchemaV3 db is created and loaded at /home/runner/work/ozone/ozone/hadoop-ozone/integration-test/target/test-dir/MiniOzoneClusterImpl-d2e81863-a659-4dd2-bdb8-fa97662d499c/ozone-meta/datanode-5/data-0/hdds/d2e81863-a659-4dd2-bdb8-fa97662d499c/DS-fb74b653-00ac-49eb-810d-6a22ca4c528f/container.db for volume DS-fb74b653-00ac-49eb-810d-6a22ca4c528f
2024-04-25 19:24:51,754 [957dcc0f-940f-48bb-84e1-bf54d09bb8cf-ContainerReader-0] INFO  ozoneimpl.ContainerReader (ContainerReader.java:readVolume(148)) - Start to verify containers on volume /home/runner/work/ozone/ozone/hadoop-ozone/integration-test/target/test-dir/MiniOzoneClusterImpl-d2e81863-a659-4dd2-bdb8-fa97662d499c/ozone-meta/datanode-5/data-0/hdds
2024-04-25 19:24:51,754 [957dcc0f-940f-48bb-84e1-bf54d09bb8cf-ContainerReader-0] INFO  ozoneimpl.ContainerReader (ContainerReader.java:readVolume(178)) - Finish verifying containers on volume /home/runner/work/ozone/ozone/hadoop-ozone/integration-test/target/test-dir/MiniOzoneClusterImpl-d2e81863-a659-4dd2-bdb8-fa97662d499c/ozone-meta/datanode-5/data-0/hdds
2024-04-25 19:24:51,754 [957dcc0f-940f-48bb-84e1-bf54d09bb8cf-EndpointStateMachineTaskThread-/0.0.0.0:15091-0 ] INFO  ozoneimpl.OzoneContainer (OzoneContainer.java:buildContainerSet(328)) - Build ContainerSet costs 0s
2024-04-25 19:24:51,754 [957dcc0f-940f-48bb-84e1-bf54d09bb8cf-EndpointStateMachineTaskThread-/0.0.0.0:15091-0 ] INFO  volume.ThrottledAsyncChecker (ThrottledAsyncChecker.java:schedule(141)) - Scheduling a check for /home/runner/work/ozone/ozone/hadoop-ozone/integration-test/target/test-dir/MiniOzoneClusterImpl-d2e81863-a659-4dd2-bdb8-fa97662d499c/ozone-meta/datanode-5/data-0/hdds
2024-04-25 19:24:51,755 [957dcc0f-940f-48bb-84e1-bf54d09bb8cf-EndpointStateMachineTaskThread-/0.0.0.0:15091-0 ] INFO  volume.StorageVolumeChecker (StorageVolumeChecker.java:checkAllVolumes(218)) - Scheduled health check for volume /home/runner/work/ozone/ozone/hadoop-ozone/integration-test/target/test-dir/MiniOzoneClusterImpl-d2e81863-a659-4dd2-bdb8-fa97662d499c/ozone-meta/datanode-5/data-0/hdds
2024-04-25 19:24:51,756 [957dcc0f-940f-48bb-84e1-bf54d09bb8cf-EndpointStateMachineTaskThread-/0.0.0.0:15091-0 ] INFO  volume.ThrottledAsyncChecker (ThrottledAsyncChecker.java:schedule(141)) - Scheduling a check for /home/runner/work/ozone/ozone/hadoop-ozone/integration-test/target/test-dir/MiniOzoneClusterImpl-d2e81863-a659-4dd2-bdb8-fa97662d499c/ozone-meta/datanode-5/ratis
2024-04-25 19:24:51,756 [957dcc0f-940f-48bb-84e1-bf54d09bb8cf-EndpointStateMachineTaskThread-/0.0.0.0:15091-0 ] INFO  volume.StorageVolumeChecker (StorageVolumeChecker.java:checkAllVolumes(218)) - Scheduled health check for volume /home/runner/work/ozone/ozone/hadoop-ozone/integration-test/target/test-dir/MiniOzoneClusterImpl-d2e81863-a659-4dd2-bdb8-fa97662d499c/ozone-meta/datanode-5/ratis
2024-04-25 19:24:51,756 [957dcc0f-940f-48bb-84e1-bf54d09bb8cf-EndpointStateMachineTaskThread-/0.0.0.0:15091-0 ] INFO  ozoneimpl.OzoneContainer (OzoneContainer.java:start(459)) - Attempting to start container services.
2024-04-25 19:24:51,757 [957dcc0f-940f-48bb-84e1-bf54d09bb8cf-EndpointStateMachineTaskThread-/0.0.0.0:15091-0 ] WARN  ozoneimpl.OnDemandContainerDataScanner (OnDemandContainerDataScanner.java:init(75)) - Trying to initialize on demand scanner a second time on a datanode.
2024-04-25 19:24:51,757 [ContainerMetadataScanner] INFO  ozoneimpl.AbstractBackgroundContainerScanner (AbstractBackgroundContainerScanner.java:runIteration(87)) - Completed an iteration in 0 minutes. Number of iterations (since the data-node restart) : 1, Number of containers scanned in this iteration : 0, Number of unhealthy containers found in this iteration : 0
2024-04-25 19:24:51,757 [ContainerDataScanner(/home/runner/work/ozone/ozone/hadoop-ozone/integration-test/target/test-dir/MiniOzoneClusterImpl-d2e81863-a659-4dd2-bdb8-fa97662d499c/ozone-meta/datanode-5/data-0/hdds)] INFO  ozoneimpl.AbstractBackgroundContainerScanner (AbstractBackgroundContainerScanner.java:runIteration(87)) - Completed an iteration in 0 minutes. Number of iterations (since the data-node restart) : 1, Number of containers scanned in this iteration : 0, Number of unhealthy containers found in this iteration : 0
2024-04-25 19:24:51,757 [957dcc0f-940f-48bb-84e1-bf54d09bb8cf-EndpointStateMachineTaskThread-/0.0.0.0:15091-0 ] INFO  replication.ReplicationServer (ReplicationServer.java:start(142)) - ReplicationServer is started using port 15141
2024-04-25 19:24:51,757 [957dcc0f-940f-48bb-84e1-bf54d09bb8cf-EndpointStateMachineTaskThread-/0.0.0.0:15091-0 ] INFO  ratis.XceiverServerRatis (XceiverServerRatis.java:start(566)) - Starting XceiverServerRatis 957dcc0f-940f-48bb-84e1-bf54d09bb8cf
2024-04-25 19:24:51,758 [957dcc0f-940f-48bb-84e1-bf54d09bb8cf-EndpointStateMachineTaskThread-/0.0.0.0:15091-0 ] INFO  server.RaftServer (RaftServerProxy.java:startImpl(406)) - 957dcc0f-940f-48bb-84e1-bf54d09bb8cf: start RPC server
2024-04-25 19:24:51,758 [957dcc0f-940f-48bb-84e1-bf54d09bb8cf-EndpointStateMachineTaskThread-/0.0.0.0:15091-0 ] INFO  server.GrpcService (GrpcService.java:startImpl(302)) - 957dcc0f-940f-48bb-84e1-bf54d09bb8cf: GrpcService started, listening on 15137
2024-04-25 19:24:51,759 [957dcc0f-940f-48bb-84e1-bf54d09bb8cf-EndpointStateMachineTaskThread-/0.0.0.0:15091-0 ] INFO  server.GrpcService (GrpcService.java:startImpl(302)) - 957dcc0f-940f-48bb-84e1-bf54d09bb8cf: GrpcService started, listening on 15139
2024-04-25 19:24:51,759 [957dcc0f-940f-48bb-84e1-bf54d09bb8cf-EndpointStateMachineTaskThread-/0.0.0.0:15091-0 ] INFO  server.GrpcService (GrpcService.java:startImpl(302)) - 957dcc0f-940f-48bb-84e1-bf54d09bb8cf: GrpcService started, listening on 15138
2024-04-25 19:24:51,759 [957dcc0f-940f-48bb-84e1-bf54d09bb8cf-EndpointStateMachineTaskThread-/0.0.0.0:15091-0 ] INFO  ratis.XceiverServerRatis (XceiverServerRatis.java:getRealPort(592)) - XceiverServerRatis 957dcc0f-940f-48bb-84e1-bf54d09bb8cf is started using port 15137 for RATIS
2024-04-25 19:24:51,759 [957dcc0f-940f-48bb-84e1-bf54d09bb8cf-EndpointStateMachineTaskThread-/0.0.0.0:15091-0 ] INFO  ratis.XceiverServerRatis (XceiverServerRatis.java:getRealPort(592)) - XceiverServerRatis 957dcc0f-940f-48bb-84e1-bf54d09bb8cf is started using port 15138 for RATIS_ADMIN
2024-04-25 19:24:51,759 [957dcc0f-940f-48bb-84e1-bf54d09bb8cf-EndpointStateMachineTaskThread-/0.0.0.0:15091-0 ] INFO  ratis.XceiverServerRatis (XceiverServerRatis.java:getRealPort(592)) - XceiverServerRatis 957dcc0f-940f-48bb-84e1-bf54d09bb8cf is started using port 15139 for RATIS_SERVER
2024-04-25 19:24:51,759 [957dcc0f-940f-48bb-84e1-bf54d09bb8cf-EndpointStateMachineTaskThread-/0.0.0.0:15091-0 ] INFO  ratis.XceiverServerRatis (XceiverServerRatis.java:getRealPort(592)) - XceiverServerRatis 957dcc0f-940f-48bb-84e1-bf54d09bb8cf is started using port 15140 for RATIS_DATASTREAM
2024-04-25 19:24:51,759 [JvmPauseMonitor17] INFO  util.JvmPauseMonitor (JvmPauseMonitor.java:run(146)) - JvmPauseMonitor-957dcc0f-940f-48bb-84e1-bf54d09bb8cf: Started
2024-04-25 19:24:51,760 [957dcc0f-940f-48bb-84e1-bf54d09bb8cf-BlockDeletingService#0] INFO  interfaces.ContainerDeletionChoosingPolicyTemplate (ContainerDeletionChoosingPolicyTemplate.java:chooseContainerForBlockDeletion(85)) - Chosen 0/5000 blocks from 0 candidate containers.
2024-04-25 19:24:51,841 [cedf47e1-7aa2-45e6-80d0-c614de566771-EndpointStateMachineTaskThread-/0.0.0.0:15091-0 ] INFO  utils.DatanodeStoreCache (DatanodeStoreCache.java:addDB(72)) - Added db /home/runner/work/ozone/ozone/hadoop-ozone/integration-test/target/test-dir/MiniOzoneClusterImpl-d2e81863-a659-4dd2-bdb8-fa97662d499c/ozone-meta/datanode-6/data-0/hdds/d2e81863-a659-4dd2-bdb8-fa97662d499c/DS-95a97b5d-808d-4fbc-bb6b-3cb2e89fd496/container.db to cache
2024-04-25 19:24:51,841 [cedf47e1-7aa2-45e6-80d0-c614de566771-EndpointStateMachineTaskThread-/0.0.0.0:15091-0 ] INFO  volume.HddsVolume (HddsVolume.java:createDbStore(437)) - SchemaV3 db is created and loaded at /home/runner/work/ozone/ozone/hadoop-ozone/integration-test/target/test-dir/MiniOzoneClusterImpl-d2e81863-a659-4dd2-bdb8-fa97662d499c/ozone-meta/datanode-6/data-0/hdds/d2e81863-a659-4dd2-bdb8-fa97662d499c/DS-95a97b5d-808d-4fbc-bb6b-3cb2e89fd496/container.db for volume DS-95a97b5d-808d-4fbc-bb6b-3cb2e89fd496
2024-04-25 19:24:51,843 [cedf47e1-7aa2-45e6-80d0-c614de566771-ContainerReader-0] INFO  ozoneimpl.ContainerReader (ContainerReader.java:readVolume(148)) - Start to verify containers on volume /home/runner/work/ozone/ozone/hadoop-ozone/integration-test/target/test-dir/MiniOzoneClusterImpl-d2e81863-a659-4dd2-bdb8-fa97662d499c/ozone-meta/datanode-6/data-0/hdds
2024-04-25 19:24:51,843 [cedf47e1-7aa2-45e6-80d0-c614de566771-ContainerReader-0] INFO  ozoneimpl.ContainerReader (ContainerReader.java:readVolume(178)) - Finish verifying containers on volume /home/runner/work/ozone/ozone/hadoop-ozone/integration-test/target/test-dir/MiniOzoneClusterImpl-d2e81863-a659-4dd2-bdb8-fa97662d499c/ozone-meta/datanode-6/data-0/hdds
2024-04-25 19:24:51,843 [cedf47e1-7aa2-45e6-80d0-c614de566771-EndpointStateMachineTaskThread-/0.0.0.0:15091-0 ] INFO  ozoneimpl.OzoneContainer (OzoneContainer.java:buildContainerSet(328)) - Build ContainerSet costs 0s
2024-04-25 19:24:51,843 [cedf47e1-7aa2-45e6-80d0-c614de566771-EndpointStateMachineTaskThread-/0.0.0.0:15091-0 ] INFO  volume.ThrottledAsyncChecker (ThrottledAsyncChecker.java:schedule(141)) - Scheduling a check for /home/runner/work/ozone/ozone/hadoop-ozone/integration-test/target/test-dir/MiniOzoneClusterImpl-d2e81863-a659-4dd2-bdb8-fa97662d499c/ozone-meta/datanode-6/data-0/hdds
2024-04-25 19:24:51,844 [cedf47e1-7aa2-45e6-80d0-c614de566771-EndpointStateMachineTaskThread-/0.0.0.0:15091-0 ] INFO  volume.StorageVolumeChecker (StorageVolumeChecker.java:checkAllVolumes(218)) - Scheduled health check for volume /home/runner/work/ozone/ozone/hadoop-ozone/integration-test/target/test-dir/MiniOzoneClusterImpl-d2e81863-a659-4dd2-bdb8-fa97662d499c/ozone-meta/datanode-6/data-0/hdds
2024-04-25 19:24:51,845 [cedf47e1-7aa2-45e6-80d0-c614de566771-EndpointStateMachineTaskThread-/0.0.0.0:15091-0 ] INFO  volume.ThrottledAsyncChecker (ThrottledAsyncChecker.java:schedule(141)) - Scheduling a check for /home/runner/work/ozone/ozone/hadoop-ozone/integration-test/target/test-dir/MiniOzoneClusterImpl-d2e81863-a659-4dd2-bdb8-fa97662d499c/ozone-meta/datanode-6/ratis
2024-04-25 19:24:51,845 [cedf47e1-7aa2-45e6-80d0-c614de566771-EndpointStateMachineTaskThread-/0.0.0.0:15091-0 ] INFO  volume.StorageVolumeChecker (StorageVolumeChecker.java:checkAllVolumes(218)) - Scheduled health check for volume /home/runner/work/ozone/ozone/hadoop-ozone/integration-test/target/test-dir/MiniOzoneClusterImpl-d2e81863-a659-4dd2-bdb8-fa97662d499c/ozone-meta/datanode-6/ratis
2024-04-25 19:24:51,846 [cedf47e1-7aa2-45e6-80d0-c614de566771-EndpointStateMachineTaskThread-/0.0.0.0:15091-0 ] INFO  ozoneimpl.OzoneContainer (OzoneContainer.java:start(459)) - Attempting to start container services.
2024-04-25 19:24:51,846 [cedf47e1-7aa2-45e6-80d0-c614de566771-EndpointStateMachineTaskThread-/0.0.0.0:15091-0 ] WARN  ozoneimpl.OnDemandContainerDataScanner (OnDemandContainerDataScanner.java:init(75)) - Trying to initialize on demand scanner a second time on a datanode.
2024-04-25 19:24:51,846 [ContainerMetadataScanner] INFO  ozoneimpl.AbstractBackgroundContainerScanner (AbstractBackgroundContainerScanner.java:runIteration(87)) - Completed an iteration in 0 minutes. Number of iterations (since the data-node restart) : 1, Number of containers scanned in this iteration : 0, Number of unhealthy containers found in this iteration : 0
2024-04-25 19:24:51,847 [ContainerDataScanner(/home/runner/work/ozone/ozone/hadoop-ozone/integration-test/target/test-dir/MiniOzoneClusterImpl-d2e81863-a659-4dd2-bdb8-fa97662d499c/ozone-meta/datanode-6/data-0/hdds)] INFO  ozoneimpl.AbstractBackgroundContainerScanner (AbstractBackgroundContainerScanner.java:runIteration(87)) - Completed an iteration in 0 minutes. Number of iterations (since the data-node restart) : 1, Number of containers scanned in this iteration : 0, Number of unhealthy containers found in this iteration : 0
2024-04-25 19:24:51,847 [cedf47e1-7aa2-45e6-80d0-c614de566771-EndpointStateMachineTaskThread-/0.0.0.0:15091-0 ] INFO  replication.ReplicationServer (ReplicationServer.java:start(142)) - ReplicationServer is started using port 15150
2024-04-25 19:24:51,847 [cedf47e1-7aa2-45e6-80d0-c614de566771-EndpointStateMachineTaskThread-/0.0.0.0:15091-0 ] INFO  ratis.XceiverServerRatis (XceiverServerRatis.java:start(566)) - Starting XceiverServerRatis cedf47e1-7aa2-45e6-80d0-c614de566771
2024-04-25 19:24:51,847 [cedf47e1-7aa2-45e6-80d0-c614de566771-EndpointStateMachineTaskThread-/0.0.0.0:15091-0 ] INFO  server.RaftServer (RaftServerProxy.java:startImpl(406)) - cedf47e1-7aa2-45e6-80d0-c614de566771: start RPC server
2024-04-25 19:24:51,848 [cedf47e1-7aa2-45e6-80d0-c614de566771-EndpointStateMachineTaskThread-/0.0.0.0:15091-0 ] INFO  server.GrpcService (GrpcService.java:startImpl(302)) - cedf47e1-7aa2-45e6-80d0-c614de566771: GrpcService started, listening on 15146
2024-04-25 19:24:51,848 [cedf47e1-7aa2-45e6-80d0-c614de566771-EndpointStateMachineTaskThread-/0.0.0.0:15091-0 ] INFO  server.GrpcService (GrpcService.java:startImpl(302)) - cedf47e1-7aa2-45e6-80d0-c614de566771: GrpcService started, listening on 15148
2024-04-25 19:24:51,848 [cedf47e1-7aa2-45e6-80d0-c614de566771-EndpointStateMachineTaskThread-/0.0.0.0:15091-0 ] INFO  server.GrpcService (GrpcService.java:startImpl(302)) - cedf47e1-7aa2-45e6-80d0-c614de566771: GrpcService started, listening on 15147
2024-04-25 19:24:51,848 [cedf47e1-7aa2-45e6-80d0-c614de566771-EndpointStateMachineTaskThread-/0.0.0.0:15091-0 ] INFO  ratis.XceiverServerRatis (XceiverServerRatis.java:getRealPort(592)) - XceiverServerRatis cedf47e1-7aa2-45e6-80d0-c614de566771 is started using port 15146 for RATIS
2024-04-25 19:24:51,848 [cedf47e1-7aa2-45e6-80d0-c614de566771-EndpointStateMachineTaskThread-/0.0.0.0:15091-0 ] INFO  ratis.XceiverServerRatis (XceiverServerRatis.java:getRealPort(592)) - XceiverServerRatis cedf47e1-7aa2-45e6-80d0-c614de566771 is started using port 15147 for RATIS_ADMIN
2024-04-25 19:24:51,849 [cedf47e1-7aa2-45e6-80d0-c614de566771-EndpointStateMachineTaskThread-/0.0.0.0:15091-0 ] INFO  ratis.XceiverServerRatis (XceiverServerRatis.java:getRealPort(592)) - XceiverServerRatis cedf47e1-7aa2-45e6-80d0-c614de566771 is started using port 15148 for RATIS_SERVER
2024-04-25 19:24:51,849 [cedf47e1-7aa2-45e6-80d0-c614de566771-EndpointStateMachineTaskThread-/0.0.0.0:15091-0 ] INFO  ratis.XceiverServerRatis (XceiverServerRatis.java:getRealPort(592)) - XceiverServerRatis cedf47e1-7aa2-45e6-80d0-c614de566771 is started using port 15149 for RATIS_DATASTREAM
2024-04-25 19:24:51,848 [JvmPauseMonitor18] INFO  util.JvmPauseMonitor (JvmPauseMonitor.java:run(146)) - JvmPauseMonitor-cedf47e1-7aa2-45e6-80d0-c614de566771: Started
2024-04-25 19:24:51,850 [cedf47e1-7aa2-45e6-80d0-c614de566771-BlockDeletingService#0] INFO  interfaces.ContainerDeletionChoosingPolicyTemplate (ContainerDeletionChoosingPolicyTemplate.java:chooseContainerForBlockDeletion(85)) - Chosen 0/5000 blocks from 0 candidate containers.
2024-04-25 19:24:51,917 [40fb7397-672b-4299-ac41-723a71166d77-EndpointStateMachineTaskThread-/0.0.0.0:15091-0 ] INFO  utils.DatanodeStoreCache (DatanodeStoreCache.java:addDB(72)) - Added db /home/runner/work/ozone/ozone/hadoop-ozone/integration-test/target/test-dir/MiniOzoneClusterImpl-d2e81863-a659-4dd2-bdb8-fa97662d499c/ozone-meta/datanode-7/data-0/hdds/d2e81863-a659-4dd2-bdb8-fa97662d499c/DS-5d316cf3-db81-4a99-b6b0-65728794fd1a/container.db to cache
2024-04-25 19:24:51,917 [40fb7397-672b-4299-ac41-723a71166d77-EndpointStateMachineTaskThread-/0.0.0.0:15091-0 ] INFO  volume.HddsVolume (HddsVolume.java:createDbStore(437)) - SchemaV3 db is created and loaded at /home/runner/work/ozone/ozone/hadoop-ozone/integration-test/target/test-dir/MiniOzoneClusterImpl-d2e81863-a659-4dd2-bdb8-fa97662d499c/ozone-meta/datanode-7/data-0/hdds/d2e81863-a659-4dd2-bdb8-fa97662d499c/DS-5d316cf3-db81-4a99-b6b0-65728794fd1a/container.db for volume DS-5d316cf3-db81-4a99-b6b0-65728794fd1a
2024-04-25 19:24:51,919 [40fb7397-672b-4299-ac41-723a71166d77-ContainerReader-0] INFO  ozoneimpl.ContainerReader (ContainerReader.java:readVolume(148)) - Start to verify containers on volume /home/runner/work/ozone/ozone/hadoop-ozone/integration-test/target/test-dir/MiniOzoneClusterImpl-d2e81863-a659-4dd2-bdb8-fa97662d499c/ozone-meta/datanode-7/data-0/hdds
2024-04-25 19:24:51,919 [40fb7397-672b-4299-ac41-723a71166d77-ContainerReader-0] INFO  ozoneimpl.ContainerReader (ContainerReader.java:readVolume(178)) - Finish verifying containers on volume /home/runner/work/ozone/ozone/hadoop-ozone/integration-test/target/test-dir/MiniOzoneClusterImpl-d2e81863-a659-4dd2-bdb8-fa97662d499c/ozone-meta/datanode-7/data-0/hdds
2024-04-25 19:24:51,919 [40fb7397-672b-4299-ac41-723a71166d77-EndpointStateMachineTaskThread-/0.0.0.0:15091-0 ] INFO  ozoneimpl.OzoneContainer (OzoneContainer.java:buildContainerSet(328)) - Build ContainerSet costs 0s
2024-04-25 19:24:51,919 [40fb7397-672b-4299-ac41-723a71166d77-EndpointStateMachineTaskThread-/0.0.0.0:15091-0 ] INFO  volume.ThrottledAsyncChecker (ThrottledAsyncChecker.java:schedule(141)) - Scheduling a check for /home/runner/work/ozone/ozone/hadoop-ozone/integration-test/target/test-dir/MiniOzoneClusterImpl-d2e81863-a659-4dd2-bdb8-fa97662d499c/ozone-meta/datanode-7/data-0/hdds
2024-04-25 19:24:51,920 [40fb7397-672b-4299-ac41-723a71166d77-EndpointStateMachineTaskThread-/0.0.0.0:15091-0 ] INFO  volume.StorageVolumeChecker (StorageVolumeChecker.java:checkAllVolumes(218)) - Scheduled health check for volume /home/runner/work/ozone/ozone/hadoop-ozone/integration-test/target/test-dir/MiniOzoneClusterImpl-d2e81863-a659-4dd2-bdb8-fa97662d499c/ozone-meta/datanode-7/data-0/hdds
2024-04-25 19:24:51,921 [40fb7397-672b-4299-ac41-723a71166d77-EndpointStateMachineTaskThread-/0.0.0.0:15091-0 ] INFO  volume.ThrottledAsyncChecker (ThrottledAsyncChecker.java:schedule(141)) - Scheduling a check for /home/runner/work/ozone/ozone/hadoop-ozone/integration-test/target/test-dir/MiniOzoneClusterImpl-d2e81863-a659-4dd2-bdb8-fa97662d499c/ozone-meta/datanode-7/ratis
2024-04-25 19:24:51,921 [40fb7397-672b-4299-ac41-723a71166d77-EndpointStateMachineTaskThread-/0.0.0.0:15091-0 ] INFO  volume.StorageVolumeChecker (StorageVolumeChecker.java:checkAllVolumes(218)) - Scheduled health check for volume /home/runner/work/ozone/ozone/hadoop-ozone/integration-test/target/test-dir/MiniOzoneClusterImpl-d2e81863-a659-4dd2-bdb8-fa97662d499c/ozone-meta/datanode-7/ratis
2024-04-25 19:24:51,922 [40fb7397-672b-4299-ac41-723a71166d77-EndpointStateMachineTaskThread-/0.0.0.0:15091-0 ] INFO  ozoneimpl.OzoneContainer (OzoneContainer.java:start(459)) - Attempting to start container services.
2024-04-25 19:24:51,922 [40fb7397-672b-4299-ac41-723a71166d77-EndpointStateMachineTaskThread-/0.0.0.0:15091-0 ] WARN  ozoneimpl.OnDemandContainerDataScanner (OnDemandContainerDataScanner.java:init(75)) - Trying to initialize on demand scanner a second time on a datanode.
2024-04-25 19:24:51,923 [ContainerMetadataScanner] INFO  ozoneimpl.AbstractBackgroundContainerScanner (AbstractBackgroundContainerScanner.java:runIteration(87)) - Completed an iteration in 0 minutes. Number of iterations (since the data-node restart) : 1, Number of containers scanned in this iteration : 0, Number of unhealthy containers found in this iteration : 0
2024-04-25 19:24:51,923 [ContainerDataScanner(/home/runner/work/ozone/ozone/hadoop-ozone/integration-test/target/test-dir/MiniOzoneClusterImpl-d2e81863-a659-4dd2-bdb8-fa97662d499c/ozone-meta/datanode-7/data-0/hdds)] INFO  ozoneimpl.AbstractBackgroundContainerScanner (AbstractBackgroundContainerScanner.java:runIteration(87)) - Completed an iteration in 0 minutes. Number of iterations (since the data-node restart) : 1, Number of containers scanned in this iteration : 0, Number of unhealthy containers found in this iteration : 0
2024-04-25 19:24:51,925 [40fb7397-672b-4299-ac41-723a71166d77-EndpointStateMachineTaskThread-/0.0.0.0:15091-0 ] INFO  replication.ReplicationServer (ReplicationServer.java:start(142)) - ReplicationServer is started using port 15159
2024-04-25 19:24:51,925 [40fb7397-672b-4299-ac41-723a71166d77-EndpointStateMachineTaskThread-/0.0.0.0:15091-0 ] INFO  ratis.XceiverServerRatis (XceiverServerRatis.java:start(566)) - Starting XceiverServerRatis 40fb7397-672b-4299-ac41-723a71166d77
2024-04-25 19:24:51,925 [40fb7397-672b-4299-ac41-723a71166d77-EndpointStateMachineTaskThread-/0.0.0.0:15091-0 ] INFO  server.RaftServer (RaftServerProxy.java:startImpl(406)) - 40fb7397-672b-4299-ac41-723a71166d77: start RPC server
2024-04-25 19:24:51,926 [40fb7397-672b-4299-ac41-723a71166d77-EndpointStateMachineTaskThread-/0.0.0.0:15091-0 ] INFO  server.GrpcService (GrpcService.java:startImpl(302)) - 40fb7397-672b-4299-ac41-723a71166d77: GrpcService started, listening on 15155
2024-04-25 19:24:51,926 [40fb7397-672b-4299-ac41-723a71166d77-EndpointStateMachineTaskThread-/0.0.0.0:15091-0 ] INFO  server.GrpcService (GrpcService.java:startImpl(302)) - 40fb7397-672b-4299-ac41-723a71166d77: GrpcService started, listening on 15157
2024-04-25 19:24:51,926 [40fb7397-672b-4299-ac41-723a71166d77-EndpointStateMachineTaskThread-/0.0.0.0:15091-0 ] INFO  server.GrpcService (GrpcService.java:startImpl(302)) - 40fb7397-672b-4299-ac41-723a71166d77: GrpcService started, listening on 15156
2024-04-25 19:24:51,927 [40fb7397-672b-4299-ac41-723a71166d77-EndpointStateMachineTaskThread-/0.0.0.0:15091-0 ] INFO  ratis.XceiverServerRatis (XceiverServerRatis.java:getRealPort(592)) - XceiverServerRatis 40fb7397-672b-4299-ac41-723a71166d77 is started using port 15155 for RATIS
2024-04-25 19:24:51,927 [40fb7397-672b-4299-ac41-723a71166d77-EndpointStateMachineTaskThread-/0.0.0.0:15091-0 ] INFO  ratis.XceiverServerRatis (XceiverServerRatis.java:getRealPort(592)) - XceiverServerRatis 40fb7397-672b-4299-ac41-723a71166d77 is started using port 15156 for RATIS_ADMIN
2024-04-25 19:24:51,927 [JvmPauseMonitor19] INFO  util.JvmPauseMonitor (JvmPauseMonitor.java:run(146)) - JvmPauseMonitor-40fb7397-672b-4299-ac41-723a71166d77: Started
2024-04-25 19:24:51,927 [40fb7397-672b-4299-ac41-723a71166d77-EndpointStateMachineTaskThread-/0.0.0.0:15091-0 ] INFO  ratis.XceiverServerRatis (XceiverServerRatis.java:getRealPort(592)) - XceiverServerRatis 40fb7397-672b-4299-ac41-723a71166d77 is started using port 15157 for RATIS_SERVER
2024-04-25 19:24:51,927 [40fb7397-672b-4299-ac41-723a71166d77-EndpointStateMachineTaskThread-/0.0.0.0:15091-0 ] INFO  ratis.XceiverServerRatis (XceiverServerRatis.java:getRealPort(592)) - XceiverServerRatis 40fb7397-672b-4299-ac41-723a71166d77 is started using port 15158 for RATIS_DATASTREAM
2024-04-25 19:24:51,928 [40fb7397-672b-4299-ac41-723a71166d77-BlockDeletingService#0] INFO  interfaces.ContainerDeletionChoosingPolicyTemplate (ContainerDeletionChoosingPolicyTemplate.java:chooseContainerForBlockDeletion(85)) - Chosen 0/5000 blocks from 0 candidate containers.
2024-04-25 19:24:51,973 [abc2c581-a768-4c7c-b49a-008e591603b4-EndpointStateMachineTaskThread-/0.0.0.0:15091-0 ] INFO  utils.DatanodeStoreCache (DatanodeStoreCache.java:addDB(72)) - Added db /home/runner/work/ozone/ozone/hadoop-ozone/integration-test/target/test-dir/MiniOzoneClusterImpl-d2e81863-a659-4dd2-bdb8-fa97662d499c/ozone-meta/datanode-8/data-0/hdds/d2e81863-a659-4dd2-bdb8-fa97662d499c/DS-2dd930ad-a319-45ae-9f52-8581b4782f1b/container.db to cache
2024-04-25 19:24:51,973 [abc2c581-a768-4c7c-b49a-008e591603b4-EndpointStateMachineTaskThread-/0.0.0.0:15091-0 ] INFO  volume.HddsVolume (HddsVolume.java:createDbStore(437)) - SchemaV3 db is created and loaded at /home/runner/work/ozone/ozone/hadoop-ozone/integration-test/target/test-dir/MiniOzoneClusterImpl-d2e81863-a659-4dd2-bdb8-fa97662d499c/ozone-meta/datanode-8/data-0/hdds/d2e81863-a659-4dd2-bdb8-fa97662d499c/DS-2dd930ad-a319-45ae-9f52-8581b4782f1b/container.db for volume DS-2dd930ad-a319-45ae-9f52-8581b4782f1b
2024-04-25 19:24:51,975 [abc2c581-a768-4c7c-b49a-008e591603b4-ContainerReader-0] INFO  ozoneimpl.ContainerReader (ContainerReader.java:readVolume(148)) - Start to verify containers on volume /home/runner/work/ozone/ozone/hadoop-ozone/integration-test/target/test-dir/MiniOzoneClusterImpl-d2e81863-a659-4dd2-bdb8-fa97662d499c/ozone-meta/datanode-8/data-0/hdds
2024-04-25 19:24:51,975 [abc2c581-a768-4c7c-b49a-008e591603b4-ContainerReader-0] INFO  ozoneimpl.ContainerReader (ContainerReader.java:readVolume(178)) - Finish verifying containers on volume /home/runner/work/ozone/ozone/hadoop-ozone/integration-test/target/test-dir/MiniOzoneClusterImpl-d2e81863-a659-4dd2-bdb8-fa97662d499c/ozone-meta/datanode-8/data-0/hdds
2024-04-25 19:24:51,975 [abc2c581-a768-4c7c-b49a-008e591603b4-EndpointStateMachineTaskThread-/0.0.0.0:15091-0 ] INFO  ozoneimpl.OzoneContainer (OzoneContainer.java:buildContainerSet(328)) - Build ContainerSet costs 0s
2024-04-25 19:24:51,975 [abc2c581-a768-4c7c-b49a-008e591603b4-EndpointStateMachineTaskThread-/0.0.0.0:15091-0 ] INFO  volume.ThrottledAsyncChecker (ThrottledAsyncChecker.java:schedule(141)) - Scheduling a check for /home/runner/work/ozone/ozone/hadoop-ozone/integration-test/target/test-dir/MiniOzoneClusterImpl-d2e81863-a659-4dd2-bdb8-fa97662d499c/ozone-meta/datanode-8/data-0/hdds
2024-04-25 19:24:51,976 [abc2c581-a768-4c7c-b49a-008e591603b4-EndpointStateMachineTaskThread-/0.0.0.0:15091-0 ] INFO  volume.StorageVolumeChecker (StorageVolumeChecker.java:checkAllVolumes(218)) - Scheduled health check for volume /home/runner/work/ozone/ozone/hadoop-ozone/integration-test/target/test-dir/MiniOzoneClusterImpl-d2e81863-a659-4dd2-bdb8-fa97662d499c/ozone-meta/datanode-8/data-0/hdds
2024-04-25 19:24:51,977 [abc2c581-a768-4c7c-b49a-008e591603b4-EndpointStateMachineTaskThread-/0.0.0.0:15091-0 ] INFO  volume.ThrottledAsyncChecker (ThrottledAsyncChecker.java:schedule(141)) - Scheduling a check for /home/runner/work/ozone/ozone/hadoop-ozone/integration-test/target/test-dir/MiniOzoneClusterImpl-d2e81863-a659-4dd2-bdb8-fa97662d499c/ozone-meta/datanode-8/ratis
2024-04-25 19:24:51,977 [abc2c581-a768-4c7c-b49a-008e591603b4-EndpointStateMachineTaskThread-/0.0.0.0:15091-0 ] INFO  volume.StorageVolumeChecker (StorageVolumeChecker.java:checkAllVolumes(218)) - Scheduled health check for volume /home/runner/work/ozone/ozone/hadoop-ozone/integration-test/target/test-dir/MiniOzoneClusterImpl-d2e81863-a659-4dd2-bdb8-fa97662d499c/ozone-meta/datanode-8/ratis
2024-04-25 19:24:51,977 [abc2c581-a768-4c7c-b49a-008e591603b4-EndpointStateMachineTaskThread-/0.0.0.0:15091-0 ] INFO  ozoneimpl.OzoneContainer (OzoneContainer.java:start(459)) - Attempting to start container services.
2024-04-25 19:24:51,978 [abc2c581-a768-4c7c-b49a-008e591603b4-EndpointStateMachineTaskThread-/0.0.0.0:15091-0 ] WARN  ozoneimpl.OnDemandContainerDataScanner (OnDemandContainerDataScanner.java:init(75)) - Trying to initialize on demand scanner a second time on a datanode.
2024-04-25 19:24:51,978 [ContainerMetadataScanner] INFO  ozoneimpl.AbstractBackgroundContainerScanner (AbstractBackgroundContainerScanner.java:runIteration(87)) - Completed an iteration in 0 minutes. Number of iterations (since the data-node restart) : 1, Number of containers scanned in this iteration : 0, Number of unhealthy containers found in this iteration : 0
2024-04-25 19:24:51,978 [ContainerDataScanner(/home/runner/work/ozone/ozone/hadoop-ozone/integration-test/target/test-dir/MiniOzoneClusterImpl-d2e81863-a659-4dd2-bdb8-fa97662d499c/ozone-meta/datanode-8/data-0/hdds)] INFO  ozoneimpl.AbstractBackgroundContainerScanner (AbstractBackgroundContainerScanner.java:runIteration(87)) - Completed an iteration in 0 minutes. Number of iterations (since the data-node restart) : 1, Number of containers scanned in this iteration : 0, Number of unhealthy containers found in this iteration : 0
2024-04-25 19:24:51,979 [abc2c581-a768-4c7c-b49a-008e591603b4-EndpointStateMachineTaskThread-/0.0.0.0:15091-0 ] INFO  replication.ReplicationServer (ReplicationServer.java:start(142)) - ReplicationServer is started using port 15168
2024-04-25 19:24:51,979 [abc2c581-a768-4c7c-b49a-008e591603b4-EndpointStateMachineTaskThread-/0.0.0.0:15091-0 ] INFO  ratis.XceiverServerRatis (XceiverServerRatis.java:start(566)) - Starting XceiverServerRatis abc2c581-a768-4c7c-b49a-008e591603b4
2024-04-25 19:24:51,979 [abc2c581-a768-4c7c-b49a-008e591603b4-EndpointStateMachineTaskThread-/0.0.0.0:15091-0 ] INFO  server.RaftServer (RaftServerProxy.java:startImpl(406)) - abc2c581-a768-4c7c-b49a-008e591603b4: start RPC server
2024-04-25 19:24:51,980 [abc2c581-a768-4c7c-b49a-008e591603b4-EndpointStateMachineTaskThread-/0.0.0.0:15091-0 ] INFO  server.GrpcService (GrpcService.java:startImpl(302)) - abc2c581-a768-4c7c-b49a-008e591603b4: GrpcService started, listening on 15164
2024-04-25 19:24:51,980 [abc2c581-a768-4c7c-b49a-008e591603b4-EndpointStateMachineTaskThread-/0.0.0.0:15091-0 ] INFO  server.GrpcService (GrpcService.java:startImpl(302)) - abc2c581-a768-4c7c-b49a-008e591603b4: GrpcService started, listening on 15166
2024-04-25 19:24:51,980 [abc2c581-a768-4c7c-b49a-008e591603b4-EndpointStateMachineTaskThread-/0.0.0.0:15091-0 ] INFO  server.GrpcService (GrpcService.java:startImpl(302)) - abc2c581-a768-4c7c-b49a-008e591603b4: GrpcService started, listening on 15165
2024-04-25 19:24:51,980 [abc2c581-a768-4c7c-b49a-008e591603b4-EndpointStateMachineTaskThread-/0.0.0.0:15091-0 ] INFO  ratis.XceiverServerRatis (XceiverServerRatis.java:getRealPort(592)) - XceiverServerRatis abc2c581-a768-4c7c-b49a-008e591603b4 is started using port 15164 for RATIS
2024-04-25 19:24:51,980 [JvmPauseMonitor20] INFO  util.JvmPauseMonitor (JvmPauseMonitor.java:run(146)) - JvmPauseMonitor-abc2c581-a768-4c7c-b49a-008e591603b4: Started
2024-04-25 19:24:51,980 [abc2c581-a768-4c7c-b49a-008e591603b4-EndpointStateMachineTaskThread-/0.0.0.0:15091-0 ] INFO  ratis.XceiverServerRatis (XceiverServerRatis.java:getRealPort(592)) - XceiverServerRatis abc2c581-a768-4c7c-b49a-008e591603b4 is started using port 15165 for RATIS_ADMIN
2024-04-25 19:24:51,981 [abc2c581-a768-4c7c-b49a-008e591603b4-EndpointStateMachineTaskThread-/0.0.0.0:15091-0 ] INFO  ratis.XceiverServerRatis (XceiverServerRatis.java:getRealPort(592)) - XceiverServerRatis abc2c581-a768-4c7c-b49a-008e591603b4 is started using port 15166 for RATIS_SERVER
2024-04-25 19:24:51,981 [abc2c581-a768-4c7c-b49a-008e591603b4-EndpointStateMachineTaskThread-/0.0.0.0:15091-0 ] INFO  ratis.XceiverServerRatis (XceiverServerRatis.java:getRealPort(592)) - XceiverServerRatis abc2c581-a768-4c7c-b49a-008e591603b4 is started using port 15167 for RATIS_DATASTREAM
2024-04-25 19:24:51,984 [abc2c581-a768-4c7c-b49a-008e591603b4-BlockDeletingService#0] INFO  interfaces.ContainerDeletionChoosingPolicyTemplate (ContainerDeletionChoosingPolicyTemplate.java:chooseContainerForBlockDeletion(85)) - Chosen 0/5000 blocks from 0 candidate containers.
2024-04-25 19:24:52,026 [main] INFO  ozone.MiniOzoneClusterImpl (MiniOzoneClusterImpl.java:lambda$waitForClusterToBeReady$0(194)) - Waiting for nodes to be ready. Got 0 of 9 DN Heartbeats.
2024-04-25 19:24:52,026 [main] INFO  ozone.MiniOzoneClusterImpl (MiniOzoneClusterImpl.java:lambda$waitForClusterToBeReady$0(197)) - Waiting for cluster to exit safe mode
2024-04-25 19:24:52,026 [main] INFO  ozone.MiniOzoneClusterImpl (MiniOzoneClusterImpl.java:lambda$waitForClusterToBeReady$0(199)) - SCM became leader
2024-04-25 19:24:52,050 [959cbd0f-a729-48cd-9832-a6c885e061f0-EndpointStateMachineTaskThread-/0.0.0.0:15091-0 ] INFO  utils.DatanodeStoreCache (DatanodeStoreCache.java:addDB(72)) - Added db /home/runner/work/ozone/ozone/hadoop-ozone/integration-test/target/test-dir/MiniOzoneClusterImpl-d2e81863-a659-4dd2-bdb8-fa97662d499c/ozone-meta/datanode-9/data-0/hdds/d2e81863-a659-4dd2-bdb8-fa97662d499c/DS-1ac8abeb-8ac9-4fd1-9900-a1b38005f65c/container.db to cache
2024-04-25 19:24:52,051 [959cbd0f-a729-48cd-9832-a6c885e061f0-EndpointStateMachineTaskThread-/0.0.0.0:15091-0 ] INFO  volume.HddsVolume (HddsVolume.java:createDbStore(437)) - SchemaV3 db is created and loaded at /home/runner/work/ozone/ozone/hadoop-ozone/integration-test/target/test-dir/MiniOzoneClusterImpl-d2e81863-a659-4dd2-bdb8-fa97662d499c/ozone-meta/datanode-9/data-0/hdds/d2e81863-a659-4dd2-bdb8-fa97662d499c/DS-1ac8abeb-8ac9-4fd1-9900-a1b38005f65c/container.db for volume DS-1ac8abeb-8ac9-4fd1-9900-a1b38005f65c
2024-04-25 19:24:52,052 [959cbd0f-a729-48cd-9832-a6c885e061f0-ContainerReader-0] INFO  ozoneimpl.ContainerReader (ContainerReader.java:readVolume(148)) - Start to verify containers on volume /home/runner/work/ozone/ozone/hadoop-ozone/integration-test/target/test-dir/MiniOzoneClusterImpl-d2e81863-a659-4dd2-bdb8-fa97662d499c/ozone-meta/datanode-9/data-0/hdds
2024-04-25 19:24:52,052 [959cbd0f-a729-48cd-9832-a6c885e061f0-ContainerReader-0] INFO  ozoneimpl.ContainerReader (ContainerReader.java:readVolume(178)) - Finish verifying containers on volume /home/runner/work/ozone/ozone/hadoop-ozone/integration-test/target/test-dir/MiniOzoneClusterImpl-d2e81863-a659-4dd2-bdb8-fa97662d499c/ozone-meta/datanode-9/data-0/hdds
2024-04-25 19:24:52,052 [959cbd0f-a729-48cd-9832-a6c885e061f0-EndpointStateMachineTaskThread-/0.0.0.0:15091-0 ] INFO  ozoneimpl.OzoneContainer (OzoneContainer.java:buildContainerSet(328)) - Build ContainerSet costs 0s
2024-04-25 19:24:52,053 [959cbd0f-a729-48cd-9832-a6c885e061f0-EndpointStateMachineTaskThread-/0.0.0.0:15091-0 ] INFO  volume.ThrottledAsyncChecker (ThrottledAsyncChecker.java:schedule(141)) - Scheduling a check for /home/runner/work/ozone/ozone/hadoop-ozone/integration-test/target/test-dir/MiniOzoneClusterImpl-d2e81863-a659-4dd2-bdb8-fa97662d499c/ozone-meta/datanode-9/data-0/hdds
2024-04-25 19:24:52,053 [959cbd0f-a729-48cd-9832-a6c885e061f0-EndpointStateMachineTaskThread-/0.0.0.0:15091-0 ] INFO  volume.StorageVolumeChecker (StorageVolumeChecker.java:checkAllVolumes(218)) - Scheduled health check for volume /home/runner/work/ozone/ozone/hadoop-ozone/integration-test/target/test-dir/MiniOzoneClusterImpl-d2e81863-a659-4dd2-bdb8-fa97662d499c/ozone-meta/datanode-9/data-0/hdds
2024-04-25 19:24:52,054 [959cbd0f-a729-48cd-9832-a6c885e061f0-EndpointStateMachineTaskThread-/0.0.0.0:15091-0 ] INFO  volume.ThrottledAsyncChecker (ThrottledAsyncChecker.java:schedule(141)) - Scheduling a check for /home/runner/work/ozone/ozone/hadoop-ozone/integration-test/target/test-dir/MiniOzoneClusterImpl-d2e81863-a659-4dd2-bdb8-fa97662d499c/ozone-meta/datanode-9/ratis
2024-04-25 19:24:52,054 [959cbd0f-a729-48cd-9832-a6c885e061f0-EndpointStateMachineTaskThread-/0.0.0.0:15091-0 ] INFO  volume.StorageVolumeChecker (StorageVolumeChecker.java:checkAllVolumes(218)) - Scheduled health check for volume /home/runner/work/ozone/ozone/hadoop-ozone/integration-test/target/test-dir/MiniOzoneClusterImpl-d2e81863-a659-4dd2-bdb8-fa97662d499c/ozone-meta/datanode-9/ratis
2024-04-25 19:24:52,055 [959cbd0f-a729-48cd-9832-a6c885e061f0-EndpointStateMachineTaskThread-/0.0.0.0:15091-0 ] INFO  ozoneimpl.OzoneContainer (OzoneContainer.java:start(459)) - Attempting to start container services.
2024-04-25 19:24:52,055 [959cbd0f-a729-48cd-9832-a6c885e061f0-EndpointStateMachineTaskThread-/0.0.0.0:15091-0 ] WARN  ozoneimpl.OnDemandContainerDataScanner (OnDemandContainerDataScanner.java:init(75)) - Trying to initialize on demand scanner a second time on a datanode.
2024-04-25 19:24:52,055 [ContainerMetadataScanner] INFO  ozoneimpl.AbstractBackgroundContainerScanner (AbstractBackgroundContainerScanner.java:runIteration(87)) - Completed an iteration in 0 minutes. Number of iterations (since the data-node restart) : 1, Number of containers scanned in this iteration : 0, Number of unhealthy containers found in this iteration : 0
2024-04-25 19:24:52,056 [ContainerDataScanner(/home/runner/work/ozone/ozone/hadoop-ozone/integration-test/target/test-dir/MiniOzoneClusterImpl-d2e81863-a659-4dd2-bdb8-fa97662d499c/ozone-meta/datanode-9/data-0/hdds)] INFO  ozoneimpl.AbstractBackgroundContainerScanner (AbstractBackgroundContainerScanner.java:runIteration(87)) - Completed an iteration in 0 minutes. Number of iterations (since the data-node restart) : 1, Number of containers scanned in this iteration : 0, Number of unhealthy containers found in this iteration : 0
2024-04-25 19:24:52,056 [959cbd0f-a729-48cd-9832-a6c885e061f0-EndpointStateMachineTaskThread-/0.0.0.0:15091-0 ] INFO  replication.ReplicationServer (ReplicationServer.java:start(142)) - ReplicationServer is started using port 15177
2024-04-25 19:24:52,056 [959cbd0f-a729-48cd-9832-a6c885e061f0-EndpointStateMachineTaskThread-/0.0.0.0:15091-0 ] INFO  ratis.XceiverServerRatis (XceiverServerRatis.java:start(566)) - Starting XceiverServerRatis 959cbd0f-a729-48cd-9832-a6c885e061f0
2024-04-25 19:24:52,057 [959cbd0f-a729-48cd-9832-a6c885e061f0-EndpointStateMachineTaskThread-/0.0.0.0:15091-0 ] INFO  server.RaftServer (RaftServerProxy.java:startImpl(406)) - 959cbd0f-a729-48cd-9832-a6c885e061f0: start RPC server
2024-04-25 19:24:52,057 [959cbd0f-a729-48cd-9832-a6c885e061f0-EndpointStateMachineTaskThread-/0.0.0.0:15091-0 ] INFO  server.GrpcService (GrpcService.java:startImpl(302)) - 959cbd0f-a729-48cd-9832-a6c885e061f0: GrpcService started, listening on 15173
2024-04-25 19:24:52,057 [959cbd0f-a729-48cd-9832-a6c885e061f0-EndpointStateMachineTaskThread-/0.0.0.0:15091-0 ] INFO  server.GrpcService (GrpcService.java:startImpl(302)) - 959cbd0f-a729-48cd-9832-a6c885e061f0: GrpcService started, listening on 15175
2024-04-25 19:24:52,057 [959cbd0f-a729-48cd-9832-a6c885e061f0-EndpointStateMachineTaskThread-/0.0.0.0:15091-0 ] INFO  server.GrpcService (GrpcService.java:startImpl(302)) - 959cbd0f-a729-48cd-9832-a6c885e061f0: GrpcService started, listening on 15174
2024-04-25 19:24:52,058 [959cbd0f-a729-48cd-9832-a6c885e061f0-EndpointStateMachineTaskThread-/0.0.0.0:15091-0 ] INFO  ratis.XceiverServerRatis (XceiverServerRatis.java:getRealPort(592)) - XceiverServerRatis 959cbd0f-a729-48cd-9832-a6c885e061f0 is started using port 15173 for RATIS
2024-04-25 19:24:52,058 [JvmPauseMonitor21] INFO  util.JvmPauseMonitor (JvmPauseMonitor.java:run(146)) - JvmPauseMonitor-959cbd0f-a729-48cd-9832-a6c885e061f0: Started
2024-04-25 19:24:52,058 [959cbd0f-a729-48cd-9832-a6c885e061f0-EndpointStateMachineTaskThread-/0.0.0.0:15091-0 ] INFO  ratis.XceiverServerRatis (XceiverServerRatis.java:getRealPort(592)) - XceiverServerRatis 959cbd0f-a729-48cd-9832-a6c885e061f0 is started using port 15174 for RATIS_ADMIN
2024-04-25 19:24:52,058 [959cbd0f-a729-48cd-9832-a6c885e061f0-EndpointStateMachineTaskThread-/0.0.0.0:15091-0 ] INFO  ratis.XceiverServerRatis (XceiverServerRatis.java:getRealPort(592)) - XceiverServerRatis 959cbd0f-a729-48cd-9832-a6c885e061f0 is started using port 15175 for RATIS_SERVER
2024-04-25 19:24:52,058 [959cbd0f-a729-48cd-9832-a6c885e061f0-EndpointStateMachineTaskThread-/0.0.0.0:15091-0 ] INFO  ratis.XceiverServerRatis (XceiverServerRatis.java:getRealPort(592)) - XceiverServerRatis 959cbd0f-a729-48cd-9832-a6c885e061f0 is started using port 15176 for RATIS_DATASTREAM
2024-04-25 19:24:52,059 [959cbd0f-a729-48cd-9832-a6c885e061f0-BlockDeletingService#0] INFO  interfaces.ContainerDeletionChoosingPolicyTemplate (ContainerDeletionChoosingPolicyTemplate.java:chooseContainerForBlockDeletion(85)) - Chosen 0/5000 blocks from 0 candidate containers.
2024-04-25 19:24:53,027 [main] INFO  ozone.MiniOzoneClusterImpl (MiniOzoneClusterImpl.java:lambda$waitForClusterToBeReady$0(194)) - Waiting for nodes to be ready. Got 0 of 9 DN Heartbeats.
2024-04-25 19:24:53,027 [main] INFO  ozone.MiniOzoneClusterImpl (MiniOzoneClusterImpl.java:lambda$waitForClusterToBeReady$0(197)) - Waiting for cluster to exit safe mode
2024-04-25 19:24:53,027 [main] INFO  ozone.MiniOzoneClusterImpl (MiniOzoneClusterImpl.java:lambda$waitForClusterToBeReady$0(199)) - SCM became leader
2024-04-25 19:24:53,419 [IPC Server handler 6 on default port 15091] INFO  net.NetworkTopologyImpl (NetworkTopologyImpl.java:add(134)) - Added a new node: /default-rack/d4ca1bb3-9736-40b0-a02f-f5392a2e7e43
2024-04-25 19:24:53,419 [IPC Server handler 6 on default port 15091] INFO  node.SCMNodeManager (SCMNodeManager.java:register(421)) - Registered datanode: d4ca1bb3-9736-40b0-a02f-f5392a2e7e43{ip: 127.0.0.1, host: localhost, ports: [HTTP=15098, CLIENT_RPC=15099, REPLICATION=15105, RATIS=15101, RATIS_ADMIN=15102, RATIS_SERVER=15103, RATIS_DATASTREAM=15104, STANDALONE=15100], networkLocation: /default-rack, certSerialId: null, persistedOpState: null, persistedOpStateExpiryEpochSec: 0}
2024-04-25 19:24:53,420 [EventQueue-NewNodeForNewNodeHandler] INFO  pipeline.BackgroundPipelineCreator (BackgroundPipelineCreator.java:notifyEventTriggered(280)) - trigger a one-shot run on RatisPipelineUtilsThread.
2024-04-25 19:24:53,420 [EventQueue-NodeRegistrationContainerReportForContainerSafeModeRule] INFO  safemode.SCMSafeModeManager (SCMSafeModeManager.java:validateSafeModeExitRules(203)) - ContainerSafeModeRule rule is successfully validated
2024-04-25 19:24:53,420 [EventQueue-NodeRegistrationContainerReportForDataNodeSafeModeRule] INFO  safemode.SCMSafeModeManager (DataNodeSafeModeRule.java:process(71)) - SCM in safe mode. 1 DataNodes registered, 3 required.
2024-04-25 19:24:53,420 [RatisPipelineUtilsThread-0] INFO  pipeline.RatisPipelineProvider (RatisPipelineProvider.java:lambda$create$0(205)) - Sending CreatePipelineCommand for pipeline:PipelineID=4c81a5a5-09b5-4a56-9ceb-1b774eb874b5 to datanode:d4ca1bb3-9736-40b0-a02f-f5392a2e7e43
2024-04-25 19:24:53,421 [EventQueue-PipelineReportForOneReplicaPipelineSafeModeRule] INFO  safemode.SCMSafeModeManager (SCMSafeModeManager.java:validateSafeModeExitRules(203)) - AtleastOneDatanodeReportedRule rule is successfully validated
2024-04-25 19:24:53,421 [RatisPipelineUtilsThread-0] INFO  pipeline.BackgroundPipelineCreator (BackgroundPipelineCreator.java:createPipelines(236)) - Created new pipeline Pipeline[ Id: 4c81a5a5-09b5-4a56-9ceb-1b774eb874b5, Nodes: d4ca1bb3-9736-40b0-a02f-f5392a2e7e43(localhost/127.0.0.1), ReplicationConfig: RATIS/ONE, State:ALLOCATED, leaderId:, CreationTimestamp2024-04-25T19:24:53.420824517Z[Etc/UTC]]
2024-04-25 19:24:53,521 [IPC Server handler 8 on default port 15091] INFO  net.NetworkTopologyImpl (NetworkTopologyImpl.java:add(134)) - Added a new node: /default-rack/feac95e6-d772-4287-b681-0d01f32bbe53
2024-04-25 19:24:53,521 [IPC Server handler 8 on default port 15091] INFO  node.SCMNodeManager (SCMNodeManager.java:register(421)) - Registered datanode: feac95e6-d772-4287-b681-0d01f32bbe53{ip: 127.0.0.1, host: localhost, ports: [HTTP=15107, CLIENT_RPC=15108, REPLICATION=15114, RATIS=15110, RATIS_ADMIN=15111, RATIS_SERVER=15112, RATIS_DATASTREAM=15113, STANDALONE=15109], networkLocation: /default-rack, certSerialId: null, persistedOpState: null, persistedOpStateExpiryEpochSec: 0}
2024-04-25 19:24:53,521 [EventQueue-NewNodeForNewNodeHandler] INFO  pipeline.BackgroundPipelineCreator (BackgroundPipelineCreator.java:notifyEventTriggered(280)) - trigger a one-shot run on RatisPipelineUtilsThread.
2024-04-25 19:24:53,522 [EventQueue-NodeRegistrationContainerReportForDataNodeSafeModeRule] INFO  safemode.SCMSafeModeManager (DataNodeSafeModeRule.java:process(71)) - SCM in safe mode. 2 DataNodes registered, 3 required.
2024-04-25 19:24:53,522 [RatisPipelineUtilsThread-0] INFO  pipeline.RatisPipelineProvider (RatisPipelineProvider.java:lambda$create$0(205)) - Sending CreatePipelineCommand for pipeline:PipelineID=f9e8d661-89ee-4ea9-a3b0-3c037e0c2dd8 to datanode:feac95e6-d772-4287-b681-0d01f32bbe53
2024-04-25 19:24:53,523 [RatisPipelineUtilsThread-0] INFO  pipeline.BackgroundPipelineCreator (BackgroundPipelineCreator.java:createPipelines(236)) - Created new pipeline Pipeline[ Id: f9e8d661-89ee-4ea9-a3b0-3c037e0c2dd8, Nodes: feac95e6-d772-4287-b681-0d01f32bbe53(localhost/127.0.0.1), ReplicationConfig: RATIS/ONE, State:ALLOCATED, leaderId:, CreationTimestamp2024-04-25T19:24:53.522501273Z[Etc/UTC]]
2024-04-25 19:24:53,592 [IPC Server handler 7 on default port 15091] INFO  net.NetworkTopologyImpl (NetworkTopologyImpl.java:add(134)) - Added a new node: /default-rack/1d17c780-3c0c-42fc-a5ed-76046c58c935
2024-04-25 19:24:53,592 [IPC Server handler 7 on default port 15091] INFO  node.SCMNodeManager (SCMNodeManager.java:register(421)) - Registered datanode: 1d17c780-3c0c-42fc-a5ed-76046c58c935{ip: 127.0.0.1, host: localhost, ports: [HTTP=15116, CLIENT_RPC=15117, REPLICATION=15123, RATIS=15119, RATIS_ADMIN=15120, RATIS_SERVER=15121, RATIS_DATASTREAM=15122, STANDALONE=15118], networkLocation: /default-rack, certSerialId: null, persistedOpState: null, persistedOpStateExpiryEpochSec: 0}
2024-04-25 19:24:53,592 [EventQueue-NodeRegistrationContainerReportForDataNodeSafeModeRule] INFO  safemode.SCMSafeModeManager (DataNodeSafeModeRule.java:process(71)) - SCM in safe mode. 3 DataNodes registered, 3 required.
2024-04-25 19:24:53,592 [EventQueue-NodeRegistrationContainerReportForDataNodeSafeModeRule] INFO  safemode.SCMSafeModeManager (SCMSafeModeManager.java:validateSafeModeExitRules(203)) - DataNodeSafeModeRule rule is successfully validated
2024-04-25 19:24:53,592 [EventQueue-NodeRegistrationContainerReportForDataNodeSafeModeRule] INFO  safemode.SCMSafeModeManager (SCMSafeModeManager.java:completePreCheck(232)) - All SCM safe mode pre check rules have passed
2024-04-25 19:24:53,592 [EventQueue-NodeRegistrationContainerReportForDataNodeSafeModeRule] INFO  ha.SCMContext (SCMContext.java:updateSafeModeStatus(225)) - Update SafeModeStatus from SafeModeStatus{safeModeStatus=true, preCheckPassed=false} to SafeModeStatus{safeModeStatus=true, preCheckPassed=true}.
2024-04-25 19:24:53,593 [EventQueue-NodeRegistrationContainerReportForDataNodeSafeModeRule] INFO  pipeline.BackgroundPipelineCreator (BackgroundPipelineCreator.java:notifyEventTriggered(280)) - trigger a one-shot run on RatisPipelineUtilsThread.
2024-04-25 19:24:53,593 [EventQueue-NewNodeForNewNodeHandler] INFO  pipeline.BackgroundPipelineCreator (BackgroundPipelineCreator.java:notifyEventTriggered(280)) - trigger a one-shot run on RatisPipelineUtilsThread.
2024-04-25 19:24:53,593 [RatisPipelineUtilsThread-0] INFO  pipeline.RatisPipelineProvider (RatisPipelineProvider.java:lambda$create$0(205)) - Sending CreatePipelineCommand for pipeline:PipelineID=c853f4f3-b2cf-4d91-ae69-6e2ff1006568 to datanode:1d17c780-3c0c-42fc-a5ed-76046c58c935
2024-04-25 19:24:53,594 [RatisPipelineUtilsThread-0] INFO  pipeline.BackgroundPipelineCreator (BackgroundPipelineCreator.java:createPipelines(236)) - Created new pipeline Pipeline[ Id: c853f4f3-b2cf-4d91-ae69-6e2ff1006568, Nodes: 1d17c780-3c0c-42fc-a5ed-76046c58c935(localhost/127.0.0.1), ReplicationConfig: RATIS/ONE, State:ALLOCATED, leaderId:, CreationTimestamp2024-04-25T19:24:53.593414645Z[Etc/UTC]]
2024-04-25 19:24:53,594 [RatisPipelineUtilsThread-0] INFO  pipeline.RatisPipelineProvider (RatisPipelineProvider.java:lambda$create$0(205)) - Sending CreatePipelineCommand for pipeline:PipelineID=eaf83d1d-cabf-4ffa-ba3e-e118f02a43e4 to datanode:feac95e6-d772-4287-b681-0d01f32bbe53
2024-04-25 19:24:53,594 [RatisPipelineUtilsThread-0] INFO  pipeline.RatisPipelineProvider (RatisPipelineProvider.java:lambda$create$0(205)) - Sending CreatePipelineCommand for pipeline:PipelineID=eaf83d1d-cabf-4ffa-ba3e-e118f02a43e4 to datanode:d4ca1bb3-9736-40b0-a02f-f5392a2e7e43
2024-04-25 19:24:53,594 [RatisPipelineUtilsThread-0] INFO  pipeline.RatisPipelineProvider (RatisPipelineProvider.java:lambda$create$0(205)) - Sending CreatePipelineCommand for pipeline:PipelineID=eaf83d1d-cabf-4ffa-ba3e-e118f02a43e4 to datanode:1d17c780-3c0c-42fc-a5ed-76046c58c935
2024-04-25 19:24:53,595 [RatisPipelineUtilsThread-0] INFO  pipeline.BackgroundPipelineCreator (BackgroundPipelineCreator.java:createPipelines(236)) - Created new pipeline Pipeline[ Id: eaf83d1d-cabf-4ffa-ba3e-e118f02a43e4, Nodes: feac95e6-d772-4287-b681-0d01f32bbe53(localhost/127.0.0.1)d4ca1bb3-9736-40b0-a02f-f5392a2e7e43(localhost/127.0.0.1)1d17c780-3c0c-42fc-a5ed-76046c58c935(localhost/127.0.0.1), ReplicationConfig: RATIS/THREE, State:ALLOCATED, leaderId:, CreationTimestamp2024-04-25T19:24:53.594716466Z[Etc/UTC]]
2024-04-25 19:24:53,655 [IPC Server handler 0 on default port 15091] INFO  net.NetworkTopologyImpl (NetworkTopologyImpl.java:add(134)) - Added a new node: /default-rack/b2172664-c1c5-4da6-8eba-635cc9cc8385
2024-04-25 19:24:53,655 [IPC Server handler 0 on default port 15091] INFO  node.SCMNodeManager (SCMNodeManager.java:register(421)) - Registered datanode: b2172664-c1c5-4da6-8eba-635cc9cc8385{ip: 127.0.0.1, host: localhost, ports: [HTTP=15125, CLIENT_RPC=15126, REPLICATION=15132, RATIS=15128, RATIS_ADMIN=15129, RATIS_SERVER=15130, RATIS_DATASTREAM=15131, STANDALONE=15127], networkLocation: /default-rack, certSerialId: null, persistedOpState: null, persistedOpStateExpiryEpochSec: 0}
2024-04-25 19:24:53,655 [EventQueue-NewNodeForNewNodeHandler] INFO  pipeline.BackgroundPipelineCreator (BackgroundPipelineCreator.java:notifyEventTriggered(280)) - trigger a one-shot run on RatisPipelineUtilsThread.
2024-04-25 19:24:53,656 [RatisPipelineUtilsThread-0] INFO  pipeline.RatisPipelineProvider (RatisPipelineProvider.java:lambda$create$0(205)) - Sending CreatePipelineCommand for pipeline:PipelineID=5859b496-42ce-4837-b131-66ebcd3a31e1 to datanode:b2172664-c1c5-4da6-8eba-635cc9cc8385
2024-04-25 19:24:53,657 [RatisPipelineUtilsThread-0] INFO  pipeline.BackgroundPipelineCreator (BackgroundPipelineCreator.java:createPipelines(236)) - Created new pipeline Pipeline[ Id: 5859b496-42ce-4837-b131-66ebcd3a31e1, Nodes: b2172664-c1c5-4da6-8eba-635cc9cc8385(localhost/127.0.0.1), ReplicationConfig: RATIS/ONE, State:ALLOCATED, leaderId:, CreationTimestamp2024-04-25T19:24:53.656326470Z[Etc/UTC]]
2024-04-25 19:24:53,729 [IPC Server handler 1 on default port 15091] INFO  net.NetworkTopologyImpl (NetworkTopologyImpl.java:add(134)) - Added a new node: /default-rack/957dcc0f-940f-48bb-84e1-bf54d09bb8cf
2024-04-25 19:24:53,730 [IPC Server handler 1 on default port 15091] INFO  node.SCMNodeManager (SCMNodeManager.java:register(421)) - Registered datanode: 957dcc0f-940f-48bb-84e1-bf54d09bb8cf{ip: 127.0.0.1, host: localhost, ports: [HTTP=15134, CLIENT_RPC=15135, REPLICATION=15141, RATIS=15137, RATIS_ADMIN=15138, RATIS_SERVER=15139, RATIS_DATASTREAM=15140, STANDALONE=15136], networkLocation: /default-rack, certSerialId: null, persistedOpState: null, persistedOpStateExpiryEpochSec: 0}
2024-04-25 19:24:53,730 [EventQueue-NewNodeForNewNodeHandler] INFO  pipeline.BackgroundPipelineCreator (BackgroundPipelineCreator.java:notifyEventTriggered(280)) - trigger a one-shot run on RatisPipelineUtilsThread.
2024-04-25 19:24:53,730 [RatisPipelineUtilsThread-0] INFO  pipeline.RatisPipelineProvider (RatisPipelineProvider.java:lambda$create$0(205)) - Sending CreatePipelineCommand for pipeline:PipelineID=42041272-ef04-418d-9a3f-85d85cf4d242 to datanode:957dcc0f-940f-48bb-84e1-bf54d09bb8cf
2024-04-25 19:24:53,731 [RatisPipelineUtilsThread-0] INFO  pipeline.BackgroundPipelineCreator (BackgroundPipelineCreator.java:createPipelines(236)) - Created new pipeline Pipeline[ Id: 42041272-ef04-418d-9a3f-85d85cf4d242, Nodes: 957dcc0f-940f-48bb-84e1-bf54d09bb8cf(localhost/127.0.0.1), ReplicationConfig: RATIS/ONE, State:ALLOCATED, leaderId:, CreationTimestamp2024-04-25T19:24:53.730833775Z[Etc/UTC]]
2024-04-25 19:24:53,822 [IPC Server handler 2 on default port 15091] INFO  net.NetworkTopologyImpl (NetworkTopologyImpl.java:add(134)) - Added a new node: /default-rack/cedf47e1-7aa2-45e6-80d0-c614de566771
2024-04-25 19:24:53,822 [IPC Server handler 2 on default port 15091] INFO  node.SCMNodeManager (SCMNodeManager.java:register(421)) - Registered datanode: cedf47e1-7aa2-45e6-80d0-c614de566771{ip: 127.0.0.1, host: localhost, ports: [HTTP=15143, CLIENT_RPC=15144, REPLICATION=15150, RATIS=15146, RATIS_ADMIN=15147, RATIS_SERVER=15148, RATIS_DATASTREAM=15149, STANDALONE=15145], networkLocation: /default-rack, certSerialId: null, persistedOpState: null, persistedOpStateExpiryEpochSec: 0}
2024-04-25 19:24:53,823 [EventQueue-NewNodeForNewNodeHandler] INFO  pipeline.BackgroundPipelineCreator (BackgroundPipelineCreator.java:notifyEventTriggered(280)) - trigger a one-shot run on RatisPipelineUtilsThread.
2024-04-25 19:24:53,823 [RatisPipelineUtilsThread-0] INFO  pipeline.RatisPipelineProvider (RatisPipelineProvider.java:lambda$create$0(205)) - Sending CreatePipelineCommand for pipeline:PipelineID=9dc79712-160a-43a8-a750-d40257e590a6 to datanode:cedf47e1-7aa2-45e6-80d0-c614de566771
2024-04-25 19:24:53,824 [RatisPipelineUtilsThread-0] INFO  pipeline.BackgroundPipelineCreator (BackgroundPipelineCreator.java:createPipelines(236)) - Created new pipeline Pipeline[ Id: 9dc79712-160a-43a8-a750-d40257e590a6, Nodes: cedf47e1-7aa2-45e6-80d0-c614de566771(localhost/127.0.0.1), ReplicationConfig: RATIS/ONE, State:ALLOCATED, leaderId:, CreationTimestamp2024-04-25T19:24:53.823570177Z[Etc/UTC]]
2024-04-25 19:24:53,824 [RatisPipelineUtilsThread-0] INFO  pipeline.RatisPipelineProvider (RatisPipelineProvider.java:lambda$create$0(205)) - Sending CreatePipelineCommand for pipeline:PipelineID=50067c24-8fa3-4690-ab5f-0a078c4fbac5 to datanode:b2172664-c1c5-4da6-8eba-635cc9cc8385
2024-04-25 19:24:53,824 [RatisPipelineUtilsThread-0] INFO  pipeline.RatisPipelineProvider (RatisPipelineProvider.java:lambda$create$0(205)) - Sending CreatePipelineCommand for pipeline:PipelineID=50067c24-8fa3-4690-ab5f-0a078c4fbac5 to datanode:cedf47e1-7aa2-45e6-80d0-c614de566771
2024-04-25 19:24:53,824 [RatisPipelineUtilsThread-0] INFO  pipeline.RatisPipelineProvider (RatisPipelineProvider.java:lambda$create$0(205)) - Sending CreatePipelineCommand for pipeline:PipelineID=50067c24-8fa3-4690-ab5f-0a078c4fbac5 to datanode:957dcc0f-940f-48bb-84e1-bf54d09bb8cf
2024-04-25 19:24:53,825 [RatisPipelineUtilsThread-0] INFO  pipeline.BackgroundPipelineCreator (BackgroundPipelineCreator.java:createPipelines(236)) - Created new pipeline Pipeline[ Id: 50067c24-8fa3-4690-ab5f-0a078c4fbac5, Nodes: b2172664-c1c5-4da6-8eba-635cc9cc8385(localhost/127.0.0.1)cedf47e1-7aa2-45e6-80d0-c614de566771(localhost/127.0.0.1)957dcc0f-940f-48bb-84e1-bf54d09bb8cf(localhost/127.0.0.1), ReplicationConfig: RATIS/THREE, State:ALLOCATED, leaderId:, CreationTimestamp2024-04-25T19:24:53.824682195Z[Etc/UTC]]
2024-04-25 19:24:53,892 [IPC Server handler 3 on default port 15091] INFO  net.NetworkTopologyImpl (NetworkTopologyImpl.java:add(134)) - Added a new node: /default-rack/40fb7397-672b-4299-ac41-723a71166d77
2024-04-25 19:24:53,893 [IPC Server handler 3 on default port 15091] INFO  node.SCMNodeManager (SCMNodeManager.java:register(421)) - Registered datanode: 40fb7397-672b-4299-ac41-723a71166d77{ip: 127.0.0.1, host: localhost, ports: [HTTP=15152, CLIENT_RPC=15153, REPLICATION=15159, RATIS=15155, RATIS_ADMIN=15156, RATIS_SERVER=15157, RATIS_DATASTREAM=15158, STANDALONE=15154], networkLocation: /default-rack, certSerialId: null, persistedOpState: null, persistedOpStateExpiryEpochSec: 0}
2024-04-25 19:24:53,893 [EventQueue-NewNodeForNewNodeHandler] INFO  pipeline.BackgroundPipelineCreator (BackgroundPipelineCreator.java:notifyEventTriggered(280)) - trigger a one-shot run on RatisPipelineUtilsThread.
2024-04-25 19:24:53,893 [RatisPipelineUtilsThread-0] INFO  pipeline.RatisPipelineProvider (RatisPipelineProvider.java:lambda$create$0(205)) - Sending CreatePipelineCommand for pipeline:PipelineID=250f584a-d6d4-4830-a033-72c40c8f5155 to datanode:40fb7397-672b-4299-ac41-723a71166d77
2024-04-25 19:24:53,894 [RatisPipelineUtilsThread-0] INFO  pipeline.BackgroundPipelineCreator (BackgroundPipelineCreator.java:createPipelines(236)) - Created new pipeline Pipeline[ Id: 250f584a-d6d4-4830-a033-72c40c8f5155, Nodes: 40fb7397-672b-4299-ac41-723a71166d77(localhost/127.0.0.1), ReplicationConfig: RATIS/ONE, State:ALLOCATED, leaderId:, CreationTimestamp2024-04-25T19:24:53.893853769Z[Etc/UTC]]
2024-04-25 19:24:53,954 [IPC Server handler 4 on default port 15091] INFO  net.NetworkTopologyImpl (NetworkTopologyImpl.java:add(134)) - Added a new node: /default-rack/abc2c581-a768-4c7c-b49a-008e591603b4
2024-04-25 19:24:53,954 [IPC Server handler 4 on default port 15091] INFO  node.SCMNodeManager (SCMNodeManager.java:register(421)) - Registered datanode: abc2c581-a768-4c7c-b49a-008e591603b4{ip: 127.0.0.1, host: localhost, ports: [HTTP=15161, CLIENT_RPC=15162, REPLICATION=15168, RATIS=15164, RATIS_ADMIN=15165, RATIS_SERVER=15166, RATIS_DATASTREAM=15167, STANDALONE=15163], networkLocation: /default-rack, certSerialId: null, persistedOpState: null, persistedOpStateExpiryEpochSec: 0}
2024-04-25 19:24:53,954 [EventQueue-NewNodeForNewNodeHandler] INFO  pipeline.BackgroundPipelineCreator (BackgroundPipelineCreator.java:notifyEventTriggered(280)) - trigger a one-shot run on RatisPipelineUtilsThread.
2024-04-25 19:24:53,955 [RatisPipelineUtilsThread-0] INFO  pipeline.RatisPipelineProvider (RatisPipelineProvider.java:lambda$create$0(205)) - Sending CreatePipelineCommand for pipeline:PipelineID=986ceb3f-2e42-44eb-ac0f-3c27ff26cfa9 to datanode:abc2c581-a768-4c7c-b49a-008e591603b4
2024-04-25 19:24:53,956 [RatisPipelineUtilsThread-0] INFO  pipeline.BackgroundPipelineCreator (BackgroundPipelineCreator.java:createPipelines(236)) - Created new pipeline Pipeline[ Id: 986ceb3f-2e42-44eb-ac0f-3c27ff26cfa9, Nodes: abc2c581-a768-4c7c-b49a-008e591603b4(localhost/127.0.0.1), ReplicationConfig: RATIS/ONE, State:ALLOCATED, leaderId:, CreationTimestamp2024-04-25T19:24:53.955251096Z[Etc/UTC]]
2024-04-25 19:24:54,027 [IPC Server handler 5 on default port 15091] INFO  net.NetworkTopologyImpl (NetworkTopologyImpl.java:add(134)) - Added a new node: /default-rack/959cbd0f-a729-48cd-9832-a6c885e061f0
2024-04-25 19:24:54,027 [main] INFO  ozone.MiniOzoneClusterImpl (MiniOzoneClusterImpl.java:lambda$waitForClusterToBeReady$0(194)) - Waiting for nodes to be ready. Got 8 of 9 DN Heartbeats.
2024-04-25 19:24:54,028 [main] INFO  ozone.MiniOzoneClusterImpl (MiniOzoneClusterImpl.java:lambda$waitForClusterToBeReady$0(197)) - Waiting for cluster to exit safe mode
2024-04-25 19:24:54,028 [main] INFO  ozone.MiniOzoneClusterImpl (MiniOzoneClusterImpl.java:lambda$waitForClusterToBeReady$0(199)) - SCM became leader
2024-04-25 19:24:54,028 [IPC Server handler 5 on default port 15091] INFO  node.SCMNodeManager (SCMNodeManager.java:register(421)) - Registered datanode: 959cbd0f-a729-48cd-9832-a6c885e061f0{ip: 127.0.0.1, host: localhost, ports: [HTTP=15170, CLIENT_RPC=15171, REPLICATION=15177, RATIS=15173, RATIS_ADMIN=15174, RATIS_SERVER=15175, RATIS_DATASTREAM=15176, STANDALONE=15172], networkLocation: /default-rack, certSerialId: null, persistedOpState: null, persistedOpStateExpiryEpochSec: 0}
2024-04-25 19:24:54,028 [EventQueue-NewNodeForNewNodeHandler] INFO  pipeline.BackgroundPipelineCreator (BackgroundPipelineCreator.java:notifyEventTriggered(280)) - trigger a one-shot run on RatisPipelineUtilsThread.
2024-04-25 19:24:54,029 [RatisPipelineUtilsThread-0] INFO  pipeline.RatisPipelineProvider (RatisPipelineProvider.java:lambda$create$0(205)) - Sending CreatePipelineCommand for pipeline:PipelineID=6f9b0936-e60c-425d-9d8f-f292aa58fe4a to datanode:959cbd0f-a729-48cd-9832-a6c885e061f0
2024-04-25 19:24:54,029 [RatisPipelineUtilsThread-0] INFO  pipeline.BackgroundPipelineCreator (BackgroundPipelineCreator.java:createPipelines(236)) - Created new pipeline Pipeline[ Id: 6f9b0936-e60c-425d-9d8f-f292aa58fe4a, Nodes: 959cbd0f-a729-48cd-9832-a6c885e061f0(localhost/127.0.0.1), ReplicationConfig: RATIS/ONE, State:ALLOCATED, leaderId:, CreationTimestamp2024-04-25T19:24:54.029078025Z[Etc/UTC]]
2024-04-25 19:24:54,030 [RatisPipelineUtilsThread-0] INFO  pipeline.RatisPipelineProvider (RatisPipelineProvider.java:lambda$create$0(205)) - Sending CreatePipelineCommand for pipeline:PipelineID=065f0003-75ed-4d37-a1b3-844c2f4fe16d to datanode:959cbd0f-a729-48cd-9832-a6c885e061f0
2024-04-25 19:24:54,030 [RatisPipelineUtilsThread-0] INFO  pipeline.RatisPipelineProvider (RatisPipelineProvider.java:lambda$create$0(205)) - Sending CreatePipelineCommand for pipeline:PipelineID=065f0003-75ed-4d37-a1b3-844c2f4fe16d to datanode:40fb7397-672b-4299-ac41-723a71166d77
2024-04-25 19:24:54,030 [RatisPipelineUtilsThread-0] INFO  pipeline.RatisPipelineProvider (RatisPipelineProvider.java:lambda$create$0(205)) - Sending CreatePipelineCommand for pipeline:PipelineID=065f0003-75ed-4d37-a1b3-844c2f4fe16d to datanode:abc2c581-a768-4c7c-b49a-008e591603b4
2024-04-25 19:24:54,031 [RatisPipelineUtilsThread-0] INFO  pipeline.BackgroundPipelineCreator (BackgroundPipelineCreator.java:createPipelines(236)) - Created new pipeline Pipeline[ Id: 065f0003-75ed-4d37-a1b3-844c2f4fe16d, Nodes: 959cbd0f-a729-48cd-9832-a6c885e061f0(localhost/127.0.0.1)40fb7397-672b-4299-ac41-723a71166d77(localhost/127.0.0.1)abc2c581-a768-4c7c-b49a-008e591603b4(localhost/127.0.0.1), ReplicationConfig: RATIS/THREE, State:ALLOCATED, leaderId:, CreationTimestamp2024-04-25T19:24:54.030319944Z[Etc/UTC]]
2024-04-25 19:24:55,028 [main] INFO  ozone.MiniOzoneClusterImpl (MiniOzoneClusterImpl.java:lambda$waitForClusterToBeReady$0(194)) - Nodes are ready. Got 9 of 9 DN Heartbeats.
2024-04-25 19:24:55,028 [main] INFO  ozone.MiniOzoneClusterImpl (MiniOzoneClusterImpl.java:lambda$waitForClusterToBeReady$0(197)) - Waiting for cluster to exit safe mode
2024-04-25 19:24:55,028 [main] INFO  ozone.MiniOzoneClusterImpl (MiniOzoneClusterImpl.java:lambda$waitForClusterToBeReady$0(199)) - SCM became leader
2024-04-25 19:24:56,028 [main] INFO  ozone.MiniOzoneClusterImpl (MiniOzoneClusterImpl.java:lambda$waitForClusterToBeReady$0(194)) - Nodes are ready. Got 9 of 9 DN Heartbeats.
2024-04-25 19:24:56,029 [main] INFO  ozone.MiniOzoneClusterImpl (MiniOzoneClusterImpl.java:lambda$waitForClusterToBeReady$0(197)) - Waiting for cluster to exit safe mode
2024-04-25 19:24:56,029 [main] INFO  ozone.MiniOzoneClusterImpl (MiniOzoneClusterImpl.java:lambda$waitForClusterToBeReady$0(199)) - SCM became leader
2024-04-25 19:24:56,419 [d4ca1bb3-9736-40b0-a02f-f5392a2e7e43-PipelineCommandHandlerThread-0] INFO  server.RaftServer (RaftServerProxy.java:addNew(100)) - d4ca1bb3-9736-40b0-a02f-f5392a2e7e43: addNew group-1B774EB874B5:[d4ca1bb3-9736-40b0-a02f-f5392a2e7e43|127.0.0.1:15103] returns group-1B774EB874B5:java.util.concurrent.CompletableFuture@3f170b44[Not completed]
2024-04-25 19:24:56,420 [d4ca1bb3-9736-40b0-a02f-f5392a2e7e43-groupManagement] INFO  server.RaftServer$Division (RaftServerImpl.java:<init>(256)) - d4ca1bb3-9736-40b0-a02f-f5392a2e7e43: new RaftServerImpl for group-1B774EB874B5:[d4ca1bb3-9736-40b0-a02f-f5392a2e7e43|127.0.0.1:15103] with ContainerStateMachine:uninitialized
2024-04-25 19:24:56,420 [d4ca1bb3-9736-40b0-a02f-f5392a2e7e43-groupManagement] INFO  server.RaftServerConfigKeys (ConfUtils.java:logGet(46)) - raft.server.rpc.timeout.min = 5s (custom)
2024-04-25 19:24:56,420 [d4ca1bb3-9736-40b0-a02f-f5392a2e7e43-groupManagement] INFO  server.RaftServerConfigKeys (ConfUtils.java:logGet(46)) - raft.server.rpc.timeout.max = 5200ms (custom)
2024-04-25 19:24:56,420 [d4ca1bb3-9736-40b0-a02f-f5392a2e7e43-groupManagement] INFO  server.RaftServerConfigKeys (ConfUtils.java:logGet(46)) - raft.server.rpc.sleep.time = 25ms (default)
2024-04-25 19:24:56,420 [d4ca1bb3-9736-40b0-a02f-f5392a2e7e43-groupManagement] INFO  server.RaftServerConfigKeys (ConfUtils.java:logGet(46)) - raft.server.rpc.slowness.timeout = 300000ms (custom)
2024-04-25 19:24:56,420 [d4ca1bb3-9736-40b0-a02f-f5392a2e7e43-groupManagement] INFO  server.RaftServerConfigKeys (ConfUtils.java:logGet(46)) - raft.server.leaderelection.leader.step-down.wait-time = 10s (default)
2024-04-25 19:24:56,420 [d4ca1bb3-9736-40b0-a02f-f5392a2e7e43-groupManagement] INFO  server.RaftServerConfigKeys (ConfUtils.java:logGet(46)) - raft.server.leaderelection.member.majority-add = false (default)
2024-04-25 19:24:56,420 [d4ca1bb3-9736-40b0-a02f-f5392a2e7e43-groupManagement] INFO  server.RaftServerConfigKeys (ConfUtils.java:logGet(46)) - raft.server.sleep.deviation.threshold = 300ms (default)
2024-04-25 19:24:56,420 [d4ca1bb3-9736-40b0-a02f-f5392a2e7e43-groupManagement] INFO  server.RaftServer$Division (ServerState.java:<init>(113)) - d4ca1bb3-9736-40b0-a02f-f5392a2e7e43@group-1B774EB874B5: ConfigurationManager, init=-1: peers:[d4ca1bb3-9736-40b0-a02f-f5392a2e7e43|127.0.0.1:15103]|listeners:[], old=null, confs=<EMPTY_MAP>
2024-04-25 19:24:56,421 [d4ca1bb3-9736-40b0-a02f-f5392a2e7e43-groupManagement] INFO  server.RaftServerConfigKeys (ConfUtils.java:logGet(46)) - raft.server.notification.no-leader.timeout = 300000ms (custom)
2024-04-25 19:24:56,421 [d4ca1bb3-9736-40b0-a02f-f5392a2e7e43-groupManagement] INFO  server.RaftServerConfigKeys (ConfUtils.java:logGet(46)) - raft.server.read.timeout = 10s (default)
2024-04-25 19:24:56,421 [d4ca1bb3-9736-40b0-a02f-f5392a2e7e43-groupManagement] INFO  server.RaftServerConfigKeys (ConfUtils.java:logGet(46)) - raft.server.retrycache.expirytime = 600000ms (custom)
2024-04-25 19:24:56,421 [d4ca1bb3-9736-40b0-a02f-f5392a2e7e43-groupManagement] INFO  server.RaftServerConfigKeys (ConfUtils.java:logGet(46)) - raft.server.retrycache.statistics.expirytime = 100ms (default)
2024-04-25 19:24:56,421 [d4ca1bb3-9736-40b0-a02f-f5392a2e7e43-groupManagement] INFO  server.RaftServerConfigKeys (ConfUtils.java:logGet(46)) - raft.server.read.option = DEFAULT (default)
2024-04-25 19:24:56,421 [d4ca1bb3-9736-40b0-a02f-f5392a2e7e43-groupManagement] INFO  server.RaftServerConfigKeys (ConfUtils.java:logGet(46)) - raft.server.read.read-after-write-consistent.write-index-cache.expiry-time = 60s (default)
2024-04-25 19:24:56,423 [d4ca1bb3-9736-40b0-a02f-f5392a2e7e43-groupManagement] INFO  server.RaftServerConfigKeys (ConfUtils.java:logGet(46)) - raft.server.rpc.request.timeout = 3000ms (default)
2024-04-25 19:24:56,423 [d4ca1bb3-9736-40b0-a02f-f5392a2e7e43-groupManagement] INFO  server.RaftServerConfigKeys (ConfUtils.java:logGet(46)) - raft.server.log.appender.install.snapshot.enabled = false (custom)
2024-04-25 19:24:56,423 [d4ca1bb3-9736-40b0-a02f-f5392a2e7e43-groupManagement] INFO  server.RaftServerConfigKeys (ConfUtils.java:logGet(46)) - raft.server.threadpool.server.cached = true (default)
2024-04-25 19:24:56,423 [d4ca1bb3-9736-40b0-a02f-f5392a2e7e43-groupManagement] INFO  server.RaftServerConfigKeys (ConfUtils.java:logGet(46)) - raft.server.threadpool.server.size = 0 (default)
2024-04-25 19:24:56,423 [d4ca1bb3-9736-40b0-a02f-f5392a2e7e43-groupManagement] INFO  server.RaftServerConfigKeys (ConfUtils.java:logGet(46)) - raft.server.threadpool.client.cached = true (default)
2024-04-25 19:24:56,423 [d4ca1bb3-9736-40b0-a02f-f5392a2e7e43-groupManagement] INFO  server.RaftServerConfigKeys (ConfUtils.java:logGet(46)) - raft.server.threadpool.client.size = 0 (default)
2024-04-25 19:24:56,423 [d4ca1bb3-9736-40b0-a02f-f5392a2e7e43-groupManagement] INFO  server.RaftServerConfigKeys (ConfUtils.java:logGet(46)) - raft.server.storage.free-space.min = 0MB (=0) (default)
2024-04-25 19:24:56,424 [d4ca1bb3-9736-40b0-a02f-f5392a2e7e43-groupManagement] INFO  server.RaftServerConfigKeys (ConfUtils.java:logGet(46)) - raft.server.log.corruption.policy = EXCEPTION (default)
2024-04-25 19:24:56,424 [d4ca1bb3-9736-40b0-a02f-f5392a2e7e43-groupManagement] INFO  server.RaftServerConfigKeys (ConfUtils.java:logGet(46)) - raft.server.storage.dir = [/home/runner/work/ozone/ozone/hadoop-ozone/integration-test/target/test-dir/MiniOzoneClusterImpl-d2e81863-a659-4dd2-bdb8-fa97662d499c/ozone-meta/datanode-1/ratis] (custom)
2024-04-25 19:24:56,424 [d4ca1bb3-9736-40b0-a02f-f5392a2e7e43-groupManagement] INFO  storage.RaftStorageDirectory (RaftStorageDirectoryImpl.java:analyzeStorage(138)) - The storage directory /home/runner/work/ozone/ozone/hadoop-ozone/integration-test/target/test-dir/MiniOzoneClusterImpl-d2e81863-a659-4dd2-bdb8-fa97662d499c/ozone-meta/datanode-1/ratis/4c81a5a5-09b5-4a56-9ceb-1b774eb874b5 does not exist. Creating ...
2024-04-25 19:24:56,425 [d4ca1bb3-9736-40b0-a02f-f5392a2e7e43-groupManagement] INFO  storage.RaftStorageDirectory (RaftStorageDirectoryImpl.java:tryLock(228)) - Lock on /home/runner/work/ozone/ozone/hadoop-ozone/integration-test/target/test-dir/MiniOzoneClusterImpl-d2e81863-a659-4dd2-bdb8-fa97662d499c/ozone-meta/datanode-1/ratis/4c81a5a5-09b5-4a56-9ceb-1b774eb874b5/in_use.lock acquired by nodename 21201@fv-az524-255
2024-04-25 19:24:56,426 [d4ca1bb3-9736-40b0-a02f-f5392a2e7e43-groupManagement] INFO  storage.RaftStorage (RaftStorageImpl.java:format(99)) - Storage directory /home/runner/work/ozone/ozone/hadoop-ozone/integration-test/target/test-dir/MiniOzoneClusterImpl-d2e81863-a659-4dd2-bdb8-fa97662d499c/ozone-meta/datanode-1/ratis/4c81a5a5-09b5-4a56-9ceb-1b774eb874b5 has been successfully formatted.
2024-04-25 19:24:56,427 [d4ca1bb3-9736-40b0-a02f-f5392a2e7e43-groupManagement] WARN  util.FileUtils (LogUtils.java:supplyAndLog(63)) - Failed to Files.newInputStream /home/runner/work/ozone/ozone/hadoop-ozone/integration-test/target/test-dir/MiniOzoneClusterImpl-d2e81863-a659-4dd2-bdb8-fa97662d499c/ozone-meta/datanode-1/ratis/4c81a5a5-09b5-4a56-9ceb-1b774eb874b5/current/raft-meta.conf with options []: java.nio.file.NoSuchFileException: /home/runner/work/ozone/ozone/hadoop-ozone/integration-test/target/test-dir/MiniOzoneClusterImpl-d2e81863-a659-4dd2-bdb8-fa97662d499c/ozone-meta/datanode-1/ratis/4c81a5a5-09b5-4a56-9ceb-1b774eb874b5/current/raft-meta.conf
2024-04-25 19:24:56,427 [d4ca1bb3-9736-40b0-a02f-f5392a2e7e43-groupManagement] INFO  ratis.ContainerStateMachine (ContainerStateMachine.java:loadSnapshot(287)) - group-1B774EB874B5: The snapshot info is null. Setting the last applied index to:(t:0, i:~)
2024-04-25 19:24:56,427 [d4ca1bb3-9736-40b0-a02f-f5392a2e7e43-groupManagement] INFO  server.RaftServerConfigKeys (ConfUtils.java:logGet(46)) - raft.server.log.use.memory = false (default)
2024-04-25 19:24:56,427 [d4ca1bb3-9736-40b0-a02f-f5392a2e7e43-groupManagement] INFO  server.RaftServerConfigKeys (ConfUtils.java:logGet(46)) - raft.server.log.purge.gap = 1000000 (custom)
2024-04-25 19:24:56,427 [d4ca1bb3-9736-40b0-a02f-f5392a2e7e43-groupManagement] INFO  server.RaftServerConfigKeys (ConfUtils.java:logGet(46)) - raft.server.log.appender.buffer.byte-limit = 8388608 (custom)
2024-04-25 19:24:56,427 [d4ca1bb3-9736-40b0-a02f-f5392a2e7e43-groupManagement] INFO  server.RaftServerConfigKeys (ConfUtils.java:logGet(46)) - raft.server.log.statemachine.data.read.timeout = 1000ms (default)
2024-04-25 19:24:56,427 [d4ca1bb3-9736-40b0-a02f-f5392a2e7e43-groupManagement] INFO  server.RaftServerConfigKeys (ConfUtils.java:logGet(46)) - raft.server.log.purge.preservation.log.num = 0 (default)
2024-04-25 19:24:56,429 [d4ca1bb3-9736-40b0-a02f-f5392a2e7e43-groupManagement] INFO  server.RaftServerConfigKeys (ConfUtils.java:logGet(46)) - raft.server.log.segment.size.max = 67108864 (custom)
2024-04-25 19:24:56,429 [d4ca1bb3-9736-40b0-a02f-f5392a2e7e43-groupManagement] INFO  server.RaftServerConfigKeys (ConfUtils.java:logGet(46)) - raft.server.log.segment.cache.num.max = 2 (custom)
2024-04-25 19:24:56,429 [d4ca1bb3-9736-40b0-a02f-f5392a2e7e43-groupManagement] INFO  server.RaftServerConfigKeys (ConfUtils.java:logGet(46)) - raft.server.log.segment.cache.size.max = 200MB (=209715200) (default)
2024-04-25 19:24:56,429 [d4ca1bb3-9736-40b0-a02f-f5392a2e7e43-groupManagement] INFO  server.RaftServerConfigKeys (ConfUtils.java:logGet(46)) - raft.server.log.appender.buffer.byte-limit = 8388608 (custom)
2024-04-25 19:24:56,429 [d4ca1bb3-9736-40b0-a02f-f5392a2e7e43-groupManagement] INFO  util.AwaitToRun (AwaitToRun.java:start(81)) - Thread[d4ca1bb3-9736-40b0-a02f-f5392a2e7e43@group-1B774EB874B5-cacheEviction-AwaitToRun,5,main] started
2024-04-25 19:24:56,430 [d4ca1bb3-9736-40b0-a02f-f5392a2e7e43-groupManagement] INFO  segmented.SegmentedRaftLogWorker (SegmentedRaftLogWorker.java:<init>(182)) - new d4ca1bb3-9736-40b0-a02f-f5392a2e7e43@group-1B774EB874B5-SegmentedRaftLogWorker for RaftStorageImpl:Storage Directory /home/runner/work/ozone/ozone/hadoop-ozone/integration-test/target/test-dir/MiniOzoneClusterImpl-d2e81863-a659-4dd2-bdb8-fa97662d499c/ozone-meta/datanode-1/ratis/4c81a5a5-09b5-4a56-9ceb-1b774eb874b5
2024-04-25 19:24:56,430 [d4ca1bb3-9736-40b0-a02f-f5392a2e7e43-groupManagement] INFO  server.RaftServerConfigKeys (ConfUtils.java:logGet(46)) - raft.server.log.queue.byte-limit = 4294967296 (custom)
2024-04-25 19:24:56,430 [d4ca1bb3-9736-40b0-a02f-f5392a2e7e43-groupManagement] INFO  server.RaftServerConfigKeys (ConfUtils.java:logGet(46)) - raft.server.log.queue.element-limit = 1024 (custom)
2024-04-25 19:24:56,430 [d4ca1bb3-9736-40b0-a02f-f5392a2e7e43-groupManagement] INFO  server.RaftServerConfigKeys (ConfUtils.java:logGet(46)) - raft.server.log.segment.size.max = 67108864 (custom)
2024-04-25 19:24:56,430 [d4ca1bb3-9736-40b0-a02f-f5392a2e7e43-groupManagement] INFO  server.RaftServerConfigKeys (ConfUtils.java:logGet(46)) - raft.server.log.preallocated.size = 4194304 (custom)
2024-04-25 19:24:56,430 [d4ca1bb3-9736-40b0-a02f-f5392a2e7e43-groupManagement] INFO  server.RaftServerConfigKeys (ConfUtils.java:logGet(46)) - raft.server.log.force.sync.num = 128 (default)
2024-04-25 19:24:56,430 [d4ca1bb3-9736-40b0-a02f-f5392a2e7e43-groupManagement] INFO  server.RaftServerConfigKeys (ConfUtils.java:logGet(46)) - raft.server.log.statemachine.data.sync = true (default)
2024-04-25 19:24:56,430 [d4ca1bb3-9736-40b0-a02f-f5392a2e7e43-groupManagement] INFO  server.RaftServerConfigKeys (ConfUtils.java:logGet(46)) - raft.server.log.statemachine.data.sync.timeout = 10s (default)
2024-04-25 19:24:56,431 [d4ca1bb3-9736-40b0-a02f-f5392a2e7e43-groupManagement] INFO  server.RaftServerConfigKeys (ConfUtils.java:logGet(46)) - raft.server.log.statemachine.data.sync.timeout.retry = 30 (custom)
2024-04-25 19:24:56,431 [EventQueue-PipelineReportForPipelineReportHandler] INFO  pipeline.PipelineReportHandler (PipelineReportHandler.java:processPipelineReport(136)) - Opened pipeline PipelineID=4c81a5a5-09b5-4a56-9ceb-1b774eb874b5
2024-04-25 19:24:56,431 [d4ca1bb3-9736-40b0-a02f-f5392a2e7e43-groupManagement] INFO  server.RaftServerConfigKeys (ConfUtils.java:logGet(46)) - raft.server.log.write.buffer.size = 8388616 (custom)
2024-04-25 19:24:56,432 [d4ca1bb3-9736-40b0-a02f-f5392a2e7e43-groupManagement] INFO  server.RaftServerConfigKeys (ConfUtils.java:logGet(46)) - raft.server.log.appender.buffer.byte-limit = 8388608 (custom)
2024-04-25 19:24:56,432 [d4ca1bb3-9736-40b0-a02f-f5392a2e7e43-groupManagement] INFO  server.RaftServerConfigKeys (ConfUtils.java:logGet(46)) - raft.server.log.unsafe-flush.enabled = false (default)
2024-04-25 19:24:56,432 [d4ca1bb3-9736-40b0-a02f-f5392a2e7e43-groupManagement] INFO  server.RaftServerConfigKeys (ConfUtils.java:logGet(46)) - raft.server.log.async-flush.enabled = false (default)
2024-04-25 19:24:56,432 [d4ca1bb3-9736-40b0-a02f-f5392a2e7e43-groupManagement] INFO  server.RaftServerConfigKeys (ConfUtils.java:logGet(46)) - raft.server.log.statemachine.data.caching.enabled = true (custom)
2024-04-25 19:24:56,433 [d4ca1bb3-9736-40b0-a02f-f5392a2e7e43-groupManagement] INFO  segmented.SegmentedRaftLogWorker (SegmentedRaftLogWorker.java:lambda$new$0(134)) - d4ca1bb3-9736-40b0-a02f-f5392a2e7e43@group-1B774EB874B5-SegmentedRaftLogWorker: flushIndex: setUnconditionally 0 -> -1
2024-04-25 19:24:56,433 [d4ca1bb3-9736-40b0-a02f-f5392a2e7e43-groupManagement] INFO  segmented.SegmentedRaftLogWorker (SegmentedRaftLogWorker.java:lambda$new$0(134)) - d4ca1bb3-9736-40b0-a02f-f5392a2e7e43@group-1B774EB874B5-SegmentedRaftLogWorker: safeCacheEvictIndex: setUnconditionally 0 -> -1
2024-04-25 19:24:56,433 [d4ca1bb3-9736-40b0-a02f-f5392a2e7e43-groupManagement] INFO  server.RaftServer$Division (RaftServerImpl.java:start(396)) - d4ca1bb3-9736-40b0-a02f-f5392a2e7e43@group-1B774EB874B5: start as a follower, conf=-1: peers:[d4ca1bb3-9736-40b0-a02f-f5392a2e7e43|127.0.0.1:15103]|listeners:[], old=null
2024-04-25 19:24:56,433 [d4ca1bb3-9736-40b0-a02f-f5392a2e7e43-groupManagement] INFO  server.RaftServer$Division (RaftServerImpl.java:setRole(383)) - d4ca1bb3-9736-40b0-a02f-f5392a2e7e43@group-1B774EB874B5: changes role from      null to FOLLOWER at term 0 for startAsFollower
2024-04-25 19:24:56,433 [d4ca1bb3-9736-40b0-a02f-f5392a2e7e43-groupManagement] INFO  impl.RoleInfo (RoleInfo.java:updateAndGet(139)) - d4ca1bb3-9736-40b0-a02f-f5392a2e7e43: start d4ca1bb3-9736-40b0-a02f-f5392a2e7e43@group-1B774EB874B5-FollowerState
2024-04-25 19:24:56,433 [d4ca1bb3-9736-40b0-a02f-f5392a2e7e43@group-1B774EB874B5-FollowerState] INFO  server.RaftServerConfigKeys (ConfUtils.java:logFallback(53)) - raft.server.rpc.first-election.timeout.min = 5s (fallback to raft.server.rpc.timeout.min)
2024-04-25 19:24:56,433 [d4ca1bb3-9736-40b0-a02f-f5392a2e7e43@group-1B774EB874B5-FollowerState] INFO  server.RaftServerConfigKeys (ConfUtils.java:logFallback(53)) - raft.server.rpc.first-election.timeout.max = 5200ms (fallback to raft.server.rpc.timeout.max)
2024-04-25 19:24:56,433 [d4ca1bb3-9736-40b0-a02f-f5392a2e7e43-groupManagement] INFO  util.JmxRegister (JmxRegister.java:tryRegister(44)) - Successfully registered JMX Bean with object name Ratis:service=RaftServer,group=group-1B774EB874B5,id=d4ca1bb3-9736-40b0-a02f-f5392a2e7e43
2024-04-25 19:24:56,434 [d4ca1bb3-9736-40b0-a02f-f5392a2e7e43-groupManagement] INFO  server.RaftServerConfigKeys (ConfUtils.java:logGet(46)) - raft.server.snapshot.trigger-when-stop.enabled = true (default)
2024-04-25 19:24:56,434 [d4ca1bb3-9736-40b0-a02f-f5392a2e7e43-groupManagement] INFO  server.RaftServerConfigKeys (ConfUtils.java:logGet(46)) - raft.server.snapshot.auto.trigger.enabled = true (custom)
2024-04-25 19:24:56,434 [d4ca1bb3-9736-40b0-a02f-f5392a2e7e43-groupManagement] INFO  server.RaftServerConfigKeys (ConfUtils.java:logGet(46)) - raft.server.snapshot.auto.trigger.threshold = 10000 (custom)
2024-04-25 19:24:56,434 [d4ca1bb3-9736-40b0-a02f-f5392a2e7e43-groupManagement] INFO  server.RaftServerConfigKeys (ConfUtils.java:logGet(46)) - raft.server.snapshot.retention.file.num = 5 (custom)
2024-04-25 19:24:56,434 [d4ca1bb3-9736-40b0-a02f-f5392a2e7e43-groupManagement] INFO  server.RaftServerConfigKeys (ConfUtils.java:logGet(46)) - raft.server.log.purge.upto.snapshot.index = false (default)
2024-04-25 19:24:56,435 [d4ca1bb3-9736-40b0-a02f-f5392a2e7e43-PipelineCommandHandlerThread-0] INFO  ratis.XceiverServerRatis (XceiverServerRatis.java:addGroup(864)) - Created group PipelineID=4c81a5a5-09b5-4a56-9ceb-1b774eb874b5
2024-04-25 19:24:56,435 [d4ca1bb3-9736-40b0-a02f-f5392a2e7e43-PipelineCommandHandlerThread-0] INFO  commandhandler.CreatePipelineCommandHandler (CreatePipelineCommandHandler.java:lambda$handle$2(124)) - Created Pipeline RATIS ONE PipelineID=4c81a5a5-09b5-4a56-9ceb-1b774eb874b5.
2024-04-25 19:24:56,435 [d4ca1bb3-9736-40b0-a02f-f5392a2e7e43-PipelineCommandHandlerThread-0] INFO  server.RaftServer (RaftServerProxy.java:addNew(100)) - d4ca1bb3-9736-40b0-a02f-f5392a2e7e43: addNew group-E118F02A43E4:[feac95e6-d772-4287-b681-0d01f32bbe53|127.0.0.1:15112, d4ca1bb3-9736-40b0-a02f-f5392a2e7e43|127.0.0.1:15103, 1d17c780-3c0c-42fc-a5ed-76046c58c935|127.0.0.1:15121] returns group-E118F02A43E4:java.util.concurrent.CompletableFuture@3b28987e[Not completed]
2024-04-25 19:24:56,435 [EventQueue-OpenPipelineForHealthyPipelineSafeModeRule] INFO  safemode.SCMSafeModeManager (HealthyPipelineSafeModeRule.java:process(140)) - SCM in safe mode. Healthy pipelines reported count is 0, required healthy pipeline reported count is 1
2024-04-25 19:24:56,436 [d4ca1bb3-9736-40b0-a02f-f5392a2e7e43-groupManagement] INFO  server.RaftServer$Division (RaftServerImpl.java:<init>(256)) - d4ca1bb3-9736-40b0-a02f-f5392a2e7e43: new RaftServerImpl for group-E118F02A43E4:[feac95e6-d772-4287-b681-0d01f32bbe53|127.0.0.1:15112, d4ca1bb3-9736-40b0-a02f-f5392a2e7e43|127.0.0.1:15103, 1d17c780-3c0c-42fc-a5ed-76046c58c935|127.0.0.1:15121] with ContainerStateMachine:uninitialized
2024-04-25 19:24:56,436 [d4ca1bb3-9736-40b0-a02f-f5392a2e7e43-groupManagement] INFO  server.RaftServerConfigKeys (ConfUtils.java:logGet(46)) - raft.server.rpc.timeout.min = 5s (custom)
2024-04-25 19:24:56,436 [d4ca1bb3-9736-40b0-a02f-f5392a2e7e43-groupManagement] INFO  server.RaftServerConfigKeys (ConfUtils.java:logGet(46)) - raft.server.rpc.timeout.max = 5200ms (custom)
2024-04-25 19:24:56,436 [d4ca1bb3-9736-40b0-a02f-f5392a2e7e43-groupManagement] INFO  server.RaftServerConfigKeys (ConfUtils.java:logGet(46)) - raft.server.rpc.sleep.time = 25ms (default)
2024-04-25 19:24:56,436 [d4ca1bb3-9736-40b0-a02f-f5392a2e7e43-groupManagement] INFO  server.RaftServerConfigKeys (ConfUtils.java:logGet(46)) - raft.server.rpc.slowness.timeout = 300000ms (custom)
2024-04-25 19:24:56,436 [d4ca1bb3-9736-40b0-a02f-f5392a2e7e43-groupManagement] INFO  server.RaftServerConfigKeys (ConfUtils.java:logGet(46)) - raft.server.leaderelection.leader.step-down.wait-time = 10s (default)
2024-04-25 19:24:56,436 [d4ca1bb3-9736-40b0-a02f-f5392a2e7e43-groupManagement] INFO  server.RaftServerConfigKeys (ConfUtils.java:logGet(46)) - raft.server.leaderelection.member.majority-add = false (default)
2024-04-25 19:24:56,436 [d4ca1bb3-9736-40b0-a02f-f5392a2e7e43-groupManagement] INFO  server.RaftServerConfigKeys (ConfUtils.java:logGet(46)) - raft.server.sleep.deviation.threshold = 300ms (default)
2024-04-25 19:24:56,436 [d4ca1bb3-9736-40b0-a02f-f5392a2e7e43-groupManagement] INFO  server.RaftServer$Division (ServerState.java:<init>(113)) - d4ca1bb3-9736-40b0-a02f-f5392a2e7e43@group-E118F02A43E4: ConfigurationManager, init=-1: peers:[feac95e6-d772-4287-b681-0d01f32bbe53|127.0.0.1:15112, d4ca1bb3-9736-40b0-a02f-f5392a2e7e43|127.0.0.1:15103, 1d17c780-3c0c-42fc-a5ed-76046c58c935|127.0.0.1:15121]|listeners:[], old=null, confs=<EMPTY_MAP>
2024-04-25 19:24:56,436 [d4ca1bb3-9736-40b0-a02f-f5392a2e7e43-groupManagement] INFO  server.RaftServerConfigKeys (ConfUtils.java:logGet(46)) - raft.server.notification.no-leader.timeout = 300000ms (custom)
2024-04-25 19:24:56,436 [d4ca1bb3-9736-40b0-a02f-f5392a2e7e43-groupManagement] INFO  server.RaftServerConfigKeys (ConfUtils.java:logGet(46)) - raft.server.read.timeout = 10s (default)
2024-04-25 19:24:56,436 [d4ca1bb3-9736-40b0-a02f-f5392a2e7e43-groupManagement] INFO  server.RaftServerConfigKeys (ConfUtils.java:logGet(46)) - raft.server.retrycache.expirytime = 600000ms (custom)
2024-04-25 19:24:56,436 [d4ca1bb3-9736-40b0-a02f-f5392a2e7e43-groupManagement] INFO  server.RaftServerConfigKeys (ConfUtils.java:logGet(46)) - raft.server.retrycache.statistics.expirytime = 100ms (default)
2024-04-25 19:24:56,437 [d4ca1bb3-9736-40b0-a02f-f5392a2e7e43-groupManagement] INFO  server.RaftServerConfigKeys (ConfUtils.java:logGet(46)) - raft.server.read.option = DEFAULT (default)
2024-04-25 19:24:56,437 [d4ca1bb3-9736-40b0-a02f-f5392a2e7e43-groupManagement] INFO  server.RaftServerConfigKeys (ConfUtils.java:logGet(46)) - raft.server.read.read-after-write-consistent.write-index-cache.expiry-time = 60s (default)
2024-04-25 19:24:56,438 [d4ca1bb3-9736-40b0-a02f-f5392a2e7e43-groupManagement] INFO  server.RaftServerConfigKeys (ConfUtils.java:logGet(46)) - raft.server.rpc.request.timeout = 3000ms (default)
2024-04-25 19:24:56,438 [d4ca1bb3-9736-40b0-a02f-f5392a2e7e43-groupManagement] INFO  server.RaftServerConfigKeys (ConfUtils.java:logGet(46)) - raft.server.log.appender.install.snapshot.enabled = false (custom)
2024-04-25 19:24:56,438 [d4ca1bb3-9736-40b0-a02f-f5392a2e7e43-groupManagement] INFO  server.RaftServerConfigKeys (ConfUtils.java:logGet(46)) - raft.server.threadpool.server.cached = true (default)
2024-04-25 19:24:56,438 [d4ca1bb3-9736-40b0-a02f-f5392a2e7e43-groupManagement] INFO  server.RaftServerConfigKeys (ConfUtils.java:logGet(46)) - raft.server.threadpool.server.size = 0 (default)
2024-04-25 19:24:56,438 [d4ca1bb3-9736-40b0-a02f-f5392a2e7e43-groupManagement] INFO  server.RaftServerConfigKeys (ConfUtils.java:logGet(46)) - raft.server.threadpool.client.cached = true (default)
2024-04-25 19:24:56,438 [d4ca1bb3-9736-40b0-a02f-f5392a2e7e43-groupManagement] INFO  server.RaftServerConfigKeys (ConfUtils.java:logGet(46)) - raft.server.threadpool.client.size = 0 (default)
2024-04-25 19:24:56,439 [d4ca1bb3-9736-40b0-a02f-f5392a2e7e43-groupManagement] INFO  server.RaftServerConfigKeys (ConfUtils.java:logGet(46)) - raft.server.storage.free-space.min = 0MB (=0) (default)
2024-04-25 19:24:56,439 [d4ca1bb3-9736-40b0-a02f-f5392a2e7e43-groupManagement] INFO  server.RaftServerConfigKeys (ConfUtils.java:logGet(46)) - raft.server.log.corruption.policy = EXCEPTION (default)
2024-04-25 19:24:56,439 [d4ca1bb3-9736-40b0-a02f-f5392a2e7e43-groupManagement] INFO  server.RaftServerConfigKeys (ConfUtils.java:logGet(46)) - raft.server.storage.dir = [/home/runner/work/ozone/ozone/hadoop-ozone/integration-test/target/test-dir/MiniOzoneClusterImpl-d2e81863-a659-4dd2-bdb8-fa97662d499c/ozone-meta/datanode-1/ratis] (custom)
2024-04-25 19:24:56,439 [d4ca1bb3-9736-40b0-a02f-f5392a2e7e43-groupManagement] INFO  storage.RaftStorageDirectory (RaftStorageDirectoryImpl.java:analyzeStorage(138)) - The storage directory /home/runner/work/ozone/ozone/hadoop-ozone/integration-test/target/test-dir/MiniOzoneClusterImpl-d2e81863-a659-4dd2-bdb8-fa97662d499c/ozone-meta/datanode-1/ratis/eaf83d1d-cabf-4ffa-ba3e-e118f02a43e4 does not exist. Creating ...
2024-04-25 19:24:56,440 [d4ca1bb3-9736-40b0-a02f-f5392a2e7e43-groupManagement] INFO  storage.RaftStorageDirectory (RaftStorageDirectoryImpl.java:tryLock(228)) - Lock on /home/runner/work/ozone/ozone/hadoop-ozone/integration-test/target/test-dir/MiniOzoneClusterImpl-d2e81863-a659-4dd2-bdb8-fa97662d499c/ozone-meta/datanode-1/ratis/eaf83d1d-cabf-4ffa-ba3e-e118f02a43e4/in_use.lock acquired by nodename 21201@fv-az524-255
2024-04-25 19:24:56,441 [d4ca1bb3-9736-40b0-a02f-f5392a2e7e43-groupManagement] INFO  storage.RaftStorage (RaftStorageImpl.java:format(99)) - Storage directory /home/runner/work/ozone/ozone/hadoop-ozone/integration-test/target/test-dir/MiniOzoneClusterImpl-d2e81863-a659-4dd2-bdb8-fa97662d499c/ozone-meta/datanode-1/ratis/eaf83d1d-cabf-4ffa-ba3e-e118f02a43e4 has been successfully formatted.
2024-04-25 19:24:56,441 [d4ca1bb3-9736-40b0-a02f-f5392a2e7e43-groupManagement] WARN  util.FileUtils (LogUtils.java:supplyAndLog(63)) - Failed to Files.newInputStream /home/runner/work/ozone/ozone/hadoop-ozone/integration-test/target/test-dir/MiniOzoneClusterImpl-d2e81863-a659-4dd2-bdb8-fa97662d499c/ozone-meta/datanode-1/ratis/eaf83d1d-cabf-4ffa-ba3e-e118f02a43e4/current/raft-meta.conf with options []: java.nio.file.NoSuchFileException: /home/runner/work/ozone/ozone/hadoop-ozone/integration-test/target/test-dir/MiniOzoneClusterImpl-d2e81863-a659-4dd2-bdb8-fa97662d499c/ozone-meta/datanode-1/ratis/eaf83d1d-cabf-4ffa-ba3e-e118f02a43e4/current/raft-meta.conf
2024-04-25 19:24:56,441 [d4ca1bb3-9736-40b0-a02f-f5392a2e7e43-groupManagement] INFO  ratis.ContainerStateMachine (ContainerStateMachine.java:loadSnapshot(287)) - group-E118F02A43E4: The snapshot info is null. Setting the last applied index to:(t:0, i:~)
2024-04-25 19:24:56,442 [d4ca1bb3-9736-40b0-a02f-f5392a2e7e43-groupManagement] INFO  server.RaftServerConfigKeys (ConfUtils.java:logGet(46)) - raft.server.log.use.memory = false (default)
2024-04-25 19:24:56,442 [d4ca1bb3-9736-40b0-a02f-f5392a2e7e43-groupManagement] INFO  server.RaftServerConfigKeys (ConfUtils.java:logGet(46)) - raft.server.log.purge.gap = 1000000 (custom)
2024-04-25 19:24:56,442 [d4ca1bb3-9736-40b0-a02f-f5392a2e7e43-groupManagement] INFO  server.RaftServerConfigKeys (ConfUtils.java:logGet(46)) - raft.server.log.appender.buffer.byte-limit = 8388608 (custom)
2024-04-25 19:24:56,442 [d4ca1bb3-9736-40b0-a02f-f5392a2e7e43-groupManagement] INFO  server.RaftServerConfigKeys (ConfUtils.java:logGet(46)) - raft.server.log.statemachine.data.read.timeout = 1000ms (default)
2024-04-25 19:24:56,442 [d4ca1bb3-9736-40b0-a02f-f5392a2e7e43-groupManagement] INFO  server.RaftServerConfigKeys (ConfUtils.java:logGet(46)) - raft.server.log.purge.preservation.log.num = 0 (default)
2024-04-25 19:24:56,443 [EventQueue-OpenPipelineForHealthyPipelineSafeModeRule] INFO  safemode.SCMSafeModeManager (HealthyPipelineSafeModeRule.java:process(140)) - SCM in safe mode. Healthy pipelines reported count is 0, required healthy pipeline reported count is 1
2024-04-25 19:24:56,443 [d4ca1bb3-9736-40b0-a02f-f5392a2e7e43-groupManagement] INFO  server.RaftServerConfigKeys (ConfUtils.java:logGet(46)) - raft.server.log.segment.size.max = 67108864 (custom)
2024-04-25 19:24:56,444 [d4ca1bb3-9736-40b0-a02f-f5392a2e7e43-groupManagement] INFO  server.RaftServerConfigKeys (ConfUtils.java:logGet(46)) - raft.server.log.segment.cache.num.max = 2 (custom)
2024-04-25 19:24:56,444 [d4ca1bb3-9736-40b0-a02f-f5392a2e7e43-groupManagement] INFO  server.RaftServerConfigKeys (ConfUtils.java:logGet(46)) - raft.server.log.segment.cache.size.max = 200MB (=209715200) (default)
2024-04-25 19:24:56,444 [d4ca1bb3-9736-40b0-a02f-f5392a2e7e43-groupManagement] INFO  server.RaftServerConfigKeys (ConfUtils.java:logGet(46)) - raft.server.log.appender.buffer.byte-limit = 8388608 (custom)
2024-04-25 19:24:56,444 [d4ca1bb3-9736-40b0-a02f-f5392a2e7e43-groupManagement] INFO  util.AwaitToRun (AwaitToRun.java:start(81)) - Thread[d4ca1bb3-9736-40b0-a02f-f5392a2e7e43@group-E118F02A43E4-cacheEviction-AwaitToRun,5,main] started
2024-04-25 19:24:56,444 [d4ca1bb3-9736-40b0-a02f-f5392a2e7e43-groupManagement] INFO  segmented.SegmentedRaftLogWorker (SegmentedRaftLogWorker.java:<init>(182)) - new d4ca1bb3-9736-40b0-a02f-f5392a2e7e43@group-E118F02A43E4-SegmentedRaftLogWorker for RaftStorageImpl:Storage Directory /home/runner/work/ozone/ozone/hadoop-ozone/integration-test/target/test-dir/MiniOzoneClusterImpl-d2e81863-a659-4dd2-bdb8-fa97662d499c/ozone-meta/datanode-1/ratis/eaf83d1d-cabf-4ffa-ba3e-e118f02a43e4
2024-04-25 19:24:56,444 [d4ca1bb3-9736-40b0-a02f-f5392a2e7e43-groupManagement] INFO  server.RaftServerConfigKeys (ConfUtils.java:logGet(46)) - raft.server.log.queue.byte-limit = 4294967296 (custom)
2024-04-25 19:24:56,444 [d4ca1bb3-9736-40b0-a02f-f5392a2e7e43-groupManagement] INFO  server.RaftServerConfigKeys (ConfUtils.java:logGet(46)) - raft.server.log.queue.element-limit = 1024 (custom)
2024-04-25 19:24:56,444 [d4ca1bb3-9736-40b0-a02f-f5392a2e7e43-groupManagement] INFO  server.RaftServerConfigKeys (ConfUtils.java:logGet(46)) - raft.server.log.segment.size.max = 67108864 (custom)
2024-04-25 19:24:56,444 [d4ca1bb3-9736-40b0-a02f-f5392a2e7e43-groupManagement] INFO  server.RaftServerConfigKeys (ConfUtils.java:logGet(46)) - raft.server.log.preallocated.size = 4194304 (custom)
2024-04-25 19:24:56,444 [d4ca1bb3-9736-40b0-a02f-f5392a2e7e43-groupManagement] INFO  server.RaftServerConfigKeys (ConfUtils.java:logGet(46)) - raft.server.log.force.sync.num = 128 (default)
2024-04-25 19:24:56,444 [d4ca1bb3-9736-40b0-a02f-f5392a2e7e43-groupManagement] INFO  server.RaftServerConfigKeys (ConfUtils.java:logGet(46)) - raft.server.log.statemachine.data.sync = true (default)
2024-04-25 19:24:56,444 [d4ca1bb3-9736-40b0-a02f-f5392a2e7e43-groupManagement] INFO  server.RaftServerConfigKeys (ConfUtils.java:logGet(46)) - raft.server.log.statemachine.data.sync.timeout = 10s (default)
2024-04-25 19:24:56,445 [d4ca1bb3-9736-40b0-a02f-f5392a2e7e43-groupManagement] INFO  server.RaftServerConfigKeys (ConfUtils.java:logGet(46)) - raft.server.log.statemachine.data.sync.timeout.retry = 30 (custom)
2024-04-25 19:24:56,445 [d4ca1bb3-9736-40b0-a02f-f5392a2e7e43-groupManagement] INFO  server.RaftServerConfigKeys (ConfUtils.java:logGet(46)) - raft.server.log.write.buffer.size = 8388616 (custom)
2024-04-25 19:24:56,446 [d4ca1bb3-9736-40b0-a02f-f5392a2e7e43-groupManagement] INFO  server.RaftServerConfigKeys (ConfUtils.java:logGet(46)) - raft.server.log.appender.buffer.byte-limit = 8388608 (custom)
2024-04-25 19:24:56,447 [d4ca1bb3-9736-40b0-a02f-f5392a2e7e43-groupManagement] INFO  server.RaftServerConfigKeys (ConfUtils.java:logGet(46)) - raft.server.log.unsafe-flush.enabled = false (default)
2024-04-25 19:24:56,447 [d4ca1bb3-9736-40b0-a02f-f5392a2e7e43-groupManagement] INFO  server.RaftServerConfigKeys (ConfUtils.java:logGet(46)) - raft.server.log.async-flush.enabled = false (default)
2024-04-25 19:24:56,447 [d4ca1bb3-9736-40b0-a02f-f5392a2e7e43-groupManagement] INFO  server.RaftServerConfigKeys (ConfUtils.java:logGet(46)) - raft.server.log.statemachine.data.caching.enabled = true (custom)
2024-04-25 19:24:56,447 [d4ca1bb3-9736-40b0-a02f-f5392a2e7e43-groupManagement] INFO  segmented.SegmentedRaftLogWorker (SegmentedRaftLogWorker.java:lambda$new$0(134)) - d4ca1bb3-9736-40b0-a02f-f5392a2e7e43@group-E118F02A43E4-SegmentedRaftLogWorker: flushIndex: setUnconditionally 0 -> -1
2024-04-25 19:24:56,447 [d4ca1bb3-9736-40b0-a02f-f5392a2e7e43-groupManagement] INFO  segmented.SegmentedRaftLogWorker (SegmentedRaftLogWorker.java:lambda$new$0(134)) - d4ca1bb3-9736-40b0-a02f-f5392a2e7e43@group-E118F02A43E4-SegmentedRaftLogWorker: safeCacheEvictIndex: setUnconditionally 0 -> -1
2024-04-25 19:24:56,447 [d4ca1bb3-9736-40b0-a02f-f5392a2e7e43-groupManagement] INFO  server.RaftServer$Division (RaftServerImpl.java:start(396)) - d4ca1bb3-9736-40b0-a02f-f5392a2e7e43@group-E118F02A43E4: start as a follower, conf=-1: peers:[feac95e6-d772-4287-b681-0d01f32bbe53|127.0.0.1:15112, d4ca1bb3-9736-40b0-a02f-f5392a2e7e43|127.0.0.1:15103, 1d17c780-3c0c-42fc-a5ed-76046c58c935|127.0.0.1:15121]|listeners:[], old=null
2024-04-25 19:24:56,447 [d4ca1bb3-9736-40b0-a02f-f5392a2e7e43-groupManagement] INFO  server.RaftServer$Division (RaftServerImpl.java:setRole(383)) - d4ca1bb3-9736-40b0-a02f-f5392a2e7e43@group-E118F02A43E4: changes role from      null to FOLLOWER at term 0 for startAsFollower
2024-04-25 19:24:56,447 [d4ca1bb3-9736-40b0-a02f-f5392a2e7e43-groupManagement] INFO  impl.RoleInfo (RoleInfo.java:updateAndGet(139)) - d4ca1bb3-9736-40b0-a02f-f5392a2e7e43: start d4ca1bb3-9736-40b0-a02f-f5392a2e7e43@group-E118F02A43E4-FollowerState
2024-04-25 19:24:56,447 [d4ca1bb3-9736-40b0-a02f-f5392a2e7e43-groupManagement] INFO  util.JmxRegister (JmxRegister.java:tryRegister(44)) - Successfully registered JMX Bean with object name Ratis:service=RaftServer,group=group-E118F02A43E4,id=d4ca1bb3-9736-40b0-a02f-f5392a2e7e43
2024-04-25 19:24:56,447 [d4ca1bb3-9736-40b0-a02f-f5392a2e7e43@group-E118F02A43E4-FollowerState] INFO  server.RaftServerConfigKeys (ConfUtils.java:logFallback(53)) - raft.server.rpc.first-election.timeout.min = 5s (fallback to raft.server.rpc.timeout.min)
2024-04-25 19:24:56,448 [d4ca1bb3-9736-40b0-a02f-f5392a2e7e43@group-E118F02A43E4-FollowerState] INFO  server.RaftServerConfigKeys (ConfUtils.java:logFallback(53)) - raft.server.rpc.first-election.timeout.max = 5200ms (fallback to raft.server.rpc.timeout.max)
2024-04-25 19:24:56,447 [d4ca1bb3-9736-40b0-a02f-f5392a2e7e43-groupManagement] INFO  server.RaftServerConfigKeys (ConfUtils.java:logGet(46)) - raft.server.snapshot.trigger-when-stop.enabled = true (default)
2024-04-25 19:24:56,448 [d4ca1bb3-9736-40b0-a02f-f5392a2e7e43-groupManagement] INFO  server.RaftServerConfigKeys (ConfUtils.java:logGet(46)) - raft.server.snapshot.auto.trigger.enabled = true (custom)
2024-04-25 19:24:56,448 [d4ca1bb3-9736-40b0-a02f-f5392a2e7e43-groupManagement] INFO  server.RaftServerConfigKeys (ConfUtils.java:logGet(46)) - raft.server.snapshot.auto.trigger.threshold = 10000 (custom)
2024-04-25 19:24:56,448 [d4ca1bb3-9736-40b0-a02f-f5392a2e7e43-groupManagement] INFO  server.RaftServerConfigKeys (ConfUtils.java:logGet(46)) - raft.server.snapshot.retention.file.num = 5 (custom)
2024-04-25 19:24:56,448 [d4ca1bb3-9736-40b0-a02f-f5392a2e7e43-groupManagement] INFO  server.RaftServerConfigKeys (ConfUtils.java:logGet(46)) - raft.server.log.purge.upto.snapshot.index = false (default)
2024-04-25 19:24:56,448 [d4ca1bb3-9736-40b0-a02f-f5392a2e7e43-PipelineCommandHandlerThread-0] INFO  ratis.XceiverServerRatis (XceiverServerRatis.java:addGroup(864)) - Created group PipelineID=eaf83d1d-cabf-4ffa-ba3e-e118f02a43e4
2024-04-25 19:24:56,456 [grpc-default-executor-0] INFO  server.RaftServer (RaftServerProxy.java:addNew(100)) - feac95e6-d772-4287-b681-0d01f32bbe53: addNew group-E118F02A43E4:[feac95e6-d772-4287-b681-0d01f32bbe53|127.0.0.1:15112, d4ca1bb3-9736-40b0-a02f-f5392a2e7e43|127.0.0.1:15103, 1d17c780-3c0c-42fc-a5ed-76046c58c935|127.0.0.1:15121] returns group-E118F02A43E4:java.util.concurrent.CompletableFuture@2c5b4bdb[Not completed]
2024-04-25 19:24:56,456 [feac95e6-d772-4287-b681-0d01f32bbe53-groupManagement] INFO  server.RaftServer$Division (RaftServerImpl.java:<init>(256)) - feac95e6-d772-4287-b681-0d01f32bbe53: new RaftServerImpl for group-E118F02A43E4:[feac95e6-d772-4287-b681-0d01f32bbe53|127.0.0.1:15112, d4ca1bb3-9736-40b0-a02f-f5392a2e7e43|127.0.0.1:15103, 1d17c780-3c0c-42fc-a5ed-76046c58c935|127.0.0.1:15121] with ContainerStateMachine:uninitialized
2024-04-25 19:24:56,456 [feac95e6-d772-4287-b681-0d01f32bbe53-groupManagement] INFO  server.RaftServerConfigKeys (ConfUtils.java:logGet(46)) - raft.server.rpc.timeout.min = 5s (custom)
2024-04-25 19:24:56,456 [feac95e6-d772-4287-b681-0d01f32bbe53-groupManagement] INFO  server.RaftServerConfigKeys (ConfUtils.java:logGet(46)) - raft.server.rpc.timeout.max = 5200ms (custom)
2024-04-25 19:24:56,457 [feac95e6-d772-4287-b681-0d01f32bbe53-groupManagement] INFO  server.RaftServerConfigKeys (ConfUtils.java:logGet(46)) - raft.server.rpc.sleep.time = 25ms (default)
2024-04-25 19:24:56,457 [feac95e6-d772-4287-b681-0d01f32bbe53-groupManagement] INFO  server.RaftServerConfigKeys (ConfUtils.java:logGet(46)) - raft.server.rpc.slowness.timeout = 300000ms (custom)
2024-04-25 19:24:56,457 [feac95e6-d772-4287-b681-0d01f32bbe53-groupManagement] INFO  server.RaftServerConfigKeys (ConfUtils.java:logGet(46)) - raft.server.leaderelection.leader.step-down.wait-time = 10s (default)
2024-04-25 19:24:56,457 [feac95e6-d772-4287-b681-0d01f32bbe53-groupManagement] INFO  server.RaftServerConfigKeys (ConfUtils.java:logGet(46)) - raft.server.leaderelection.member.majority-add = false (default)
2024-04-25 19:24:56,457 [feac95e6-d772-4287-b681-0d01f32bbe53-groupManagement] INFO  server.RaftServerConfigKeys (ConfUtils.java:logGet(46)) - raft.server.sleep.deviation.threshold = 300ms (default)
2024-04-25 19:24:56,457 [feac95e6-d772-4287-b681-0d01f32bbe53-groupManagement] INFO  server.RaftServer$Division (ServerState.java:<init>(113)) - feac95e6-d772-4287-b681-0d01f32bbe53@group-E118F02A43E4: ConfigurationManager, init=-1: peers:[feac95e6-d772-4287-b681-0d01f32bbe53|127.0.0.1:15112, d4ca1bb3-9736-40b0-a02f-f5392a2e7e43|127.0.0.1:15103, 1d17c780-3c0c-42fc-a5ed-76046c58c935|127.0.0.1:15121]|listeners:[], old=null, confs=<EMPTY_MAP>
2024-04-25 19:24:56,457 [feac95e6-d772-4287-b681-0d01f32bbe53-groupManagement] INFO  server.RaftServerConfigKeys (ConfUtils.java:logGet(46)) - raft.server.notification.no-leader.timeout = 300000ms (custom)
2024-04-25 19:24:56,457 [feac95e6-d772-4287-b681-0d01f32bbe53-groupManagement] INFO  server.RaftServerConfigKeys (ConfUtils.java:logGet(46)) - raft.server.read.timeout = 10s (default)
2024-04-25 19:24:56,457 [feac95e6-d772-4287-b681-0d01f32bbe53-groupManagement] INFO  server.RaftServerConfigKeys (ConfUtils.java:logGet(46)) - raft.server.retrycache.expirytime = 600000ms (custom)
2024-04-25 19:24:56,457 [feac95e6-d772-4287-b681-0d01f32bbe53-groupManagement] INFO  server.RaftServerConfigKeys (ConfUtils.java:logGet(46)) - raft.server.retrycache.statistics.expirytime = 100ms (default)
2024-04-25 19:24:56,457 [feac95e6-d772-4287-b681-0d01f32bbe53-groupManagement] INFO  server.RaftServerConfigKeys (ConfUtils.java:logGet(46)) - raft.server.read.option = DEFAULT (default)
2024-04-25 19:24:56,457 [feac95e6-d772-4287-b681-0d01f32bbe53-groupManagement] INFO  server.RaftServerConfigKeys (ConfUtils.java:logGet(46)) - raft.server.read.read-after-write-consistent.write-index-cache.expiry-time = 60s (default)
2024-04-25 19:24:56,461 [feac95e6-d772-4287-b681-0d01f32bbe53-groupManagement] INFO  server.RaftServerConfigKeys (ConfUtils.java:logGet(46)) - raft.server.rpc.request.timeout = 3000ms (default)
2024-04-25 19:24:56,461 [feac95e6-d772-4287-b681-0d01f32bbe53-groupManagement] INFO  server.RaftServerConfigKeys (ConfUtils.java:logGet(46)) - raft.server.log.appender.install.snapshot.enabled = false (custom)
2024-04-25 19:24:56,461 [feac95e6-d772-4287-b681-0d01f32bbe53-groupManagement] INFO  server.RaftServerConfigKeys (ConfUtils.java:logGet(46)) - raft.server.threadpool.server.cached = true (default)
2024-04-25 19:24:56,461 [feac95e6-d772-4287-b681-0d01f32bbe53-groupManagement] INFO  server.RaftServerConfigKeys (ConfUtils.java:logGet(46)) - raft.server.threadpool.server.size = 0 (default)
2024-04-25 19:24:56,461 [feac95e6-d772-4287-b681-0d01f32bbe53-groupManagement] INFO  server.RaftServerConfigKeys (ConfUtils.java:logGet(46)) - raft.server.threadpool.client.cached = true (default)
2024-04-25 19:24:56,461 [feac95e6-d772-4287-b681-0d01f32bbe53-groupManagement] INFO  server.RaftServerConfigKeys (ConfUtils.java:logGet(46)) - raft.server.threadpool.client.size = 0 (default)
2024-04-25 19:24:56,461 [feac95e6-d772-4287-b681-0d01f32bbe53-groupManagement] INFO  server.RaftServerConfigKeys (ConfUtils.java:logGet(46)) - raft.server.storage.free-space.min = 0MB (=0) (default)
2024-04-25 19:24:56,461 [feac95e6-d772-4287-b681-0d01f32bbe53-groupManagement] INFO  server.RaftServerConfigKeys (ConfUtils.java:logGet(46)) - raft.server.log.corruption.policy = EXCEPTION (default)
2024-04-25 19:24:56,461 [feac95e6-d772-4287-b681-0d01f32bbe53-groupManagement] INFO  server.RaftServerConfigKeys (ConfUtils.java:logGet(46)) - raft.server.storage.dir = [/home/runner/work/ozone/ozone/hadoop-ozone/integration-test/target/test-dir/MiniOzoneClusterImpl-d2e81863-a659-4dd2-bdb8-fa97662d499c/ozone-meta/datanode-2/ratis] (custom)
2024-04-25 19:24:56,462 [feac95e6-d772-4287-b681-0d01f32bbe53-groupManagement] INFO  storage.RaftStorageDirectory (RaftStorageDirectoryImpl.java:analyzeStorage(138)) - The storage directory /home/runner/work/ozone/ozone/hadoop-ozone/integration-test/target/test-dir/MiniOzoneClusterImpl-d2e81863-a659-4dd2-bdb8-fa97662d499c/ozone-meta/datanode-2/ratis/eaf83d1d-cabf-4ffa-ba3e-e118f02a43e4 does not exist. Creating ...
2024-04-25 19:24:56,463 [feac95e6-d772-4287-b681-0d01f32bbe53-groupManagement] INFO  storage.RaftStorageDirectory (RaftStorageDirectoryImpl.java:tryLock(228)) - Lock on /home/runner/work/ozone/ozone/hadoop-ozone/integration-test/target/test-dir/MiniOzoneClusterImpl-d2e81863-a659-4dd2-bdb8-fa97662d499c/ozone-meta/datanode-2/ratis/eaf83d1d-cabf-4ffa-ba3e-e118f02a43e4/in_use.lock acquired by nodename 21201@fv-az524-255
2024-04-25 19:24:56,464 [feac95e6-d772-4287-b681-0d01f32bbe53-groupManagement] INFO  storage.RaftStorage (RaftStorageImpl.java:format(99)) - Storage directory /home/runner/work/ozone/ozone/hadoop-ozone/integration-test/target/test-dir/MiniOzoneClusterImpl-d2e81863-a659-4dd2-bdb8-fa97662d499c/ozone-meta/datanode-2/ratis/eaf83d1d-cabf-4ffa-ba3e-e118f02a43e4 has been successfully formatted.
2024-04-25 19:24:56,464 [feac95e6-d772-4287-b681-0d01f32bbe53-groupManagement] WARN  util.FileUtils (LogUtils.java:supplyAndLog(63)) - Failed to Files.newInputStream /home/runner/work/ozone/ozone/hadoop-ozone/integration-test/target/test-dir/MiniOzoneClusterImpl-d2e81863-a659-4dd2-bdb8-fa97662d499c/ozone-meta/datanode-2/ratis/eaf83d1d-cabf-4ffa-ba3e-e118f02a43e4/current/raft-meta.conf with options []: java.nio.file.NoSuchFileException: /home/runner/work/ozone/ozone/hadoop-ozone/integration-test/target/test-dir/MiniOzoneClusterImpl-d2e81863-a659-4dd2-bdb8-fa97662d499c/ozone-meta/datanode-2/ratis/eaf83d1d-cabf-4ffa-ba3e-e118f02a43e4/current/raft-meta.conf
2024-04-25 19:24:56,464 [feac95e6-d772-4287-b681-0d01f32bbe53-groupManagement] INFO  ratis.ContainerStateMachine (ContainerStateMachine.java:loadSnapshot(287)) - group-E118F02A43E4: The snapshot info is null. Setting the last applied index to:(t:0, i:~)
2024-04-25 19:24:56,464 [feac95e6-d772-4287-b681-0d01f32bbe53-groupManagement] INFO  server.RaftServerConfigKeys (ConfUtils.java:logGet(46)) - raft.server.log.use.memory = false (default)
2024-04-25 19:24:56,465 [feac95e6-d772-4287-b681-0d01f32bbe53-groupManagement] INFO  server.RaftServerConfigKeys (ConfUtils.java:logGet(46)) - raft.server.log.purge.gap = 1000000 (custom)
2024-04-25 19:24:56,465 [feac95e6-d772-4287-b681-0d01f32bbe53-groupManagement] INFO  server.RaftServerConfigKeys (ConfUtils.java:logGet(46)) - raft.server.log.appender.buffer.byte-limit = 8388608 (custom)
2024-04-25 19:24:56,465 [feac95e6-d772-4287-b681-0d01f32bbe53-groupManagement] INFO  server.RaftServerConfigKeys (ConfUtils.java:logGet(46)) - raft.server.log.statemachine.data.read.timeout = 1000ms (default)
2024-04-25 19:24:56,465 [feac95e6-d772-4287-b681-0d01f32bbe53-groupManagement] INFO  server.RaftServerConfigKeys (ConfUtils.java:logGet(46)) - raft.server.log.purge.preservation.log.num = 0 (default)
2024-04-25 19:24:56,466 [feac95e6-d772-4287-b681-0d01f32bbe53-groupManagement] INFO  server.RaftServerConfigKeys (ConfUtils.java:logGet(46)) - raft.server.log.segment.size.max = 67108864 (custom)
2024-04-25 19:24:56,467 [feac95e6-d772-4287-b681-0d01f32bbe53-groupManagement] INFO  server.RaftServerConfigKeys (ConfUtils.java:logGet(46)) - raft.server.log.segment.cache.num.max = 2 (custom)
2024-04-25 19:24:56,467 [feac95e6-d772-4287-b681-0d01f32bbe53-groupManagement] INFO  server.RaftServerConfigKeys (ConfUtils.java:logGet(46)) - raft.server.log.segment.cache.size.max = 200MB (=209715200) (default)
2024-04-25 19:24:56,467 [feac95e6-d772-4287-b681-0d01f32bbe53-groupManagement] INFO  server.RaftServerConfigKeys (ConfUtils.java:logGet(46)) - raft.server.log.appender.buffer.byte-limit = 8388608 (custom)
2024-04-25 19:24:56,467 [feac95e6-d772-4287-b681-0d01f32bbe53-groupManagement] INFO  util.AwaitToRun (AwaitToRun.java:start(81)) - Thread[feac95e6-d772-4287-b681-0d01f32bbe53@group-E118F02A43E4-cacheEviction-AwaitToRun,5,main] started
2024-04-25 19:24:56,467 [feac95e6-d772-4287-b681-0d01f32bbe53-groupManagement] INFO  segmented.SegmentedRaftLogWorker (SegmentedRaftLogWorker.java:<init>(182)) - new feac95e6-d772-4287-b681-0d01f32bbe53@group-E118F02A43E4-SegmentedRaftLogWorker for RaftStorageImpl:Storage Directory /home/runner/work/ozone/ozone/hadoop-ozone/integration-test/target/test-dir/MiniOzoneClusterImpl-d2e81863-a659-4dd2-bdb8-fa97662d499c/ozone-meta/datanode-2/ratis/eaf83d1d-cabf-4ffa-ba3e-e118f02a43e4
2024-04-25 19:24:56,467 [feac95e6-d772-4287-b681-0d01f32bbe53-groupManagement] INFO  server.RaftServerConfigKeys (ConfUtils.java:logGet(46)) - raft.server.log.queue.byte-limit = 4294967296 (custom)
2024-04-25 19:24:56,467 [feac95e6-d772-4287-b681-0d01f32bbe53-groupManagement] INFO  server.RaftServerConfigKeys (ConfUtils.java:logGet(46)) - raft.server.log.queue.element-limit = 1024 (custom)
2024-04-25 19:24:56,467 [feac95e6-d772-4287-b681-0d01f32bbe53-groupManagement] INFO  server.RaftServerConfigKeys (ConfUtils.java:logGet(46)) - raft.server.log.segment.size.max = 67108864 (custom)
2024-04-25 19:24:56,467 [feac95e6-d772-4287-b681-0d01f32bbe53-groupManagement] INFO  server.RaftServerConfigKeys (ConfUtils.java:logGet(46)) - raft.server.log.preallocated.size = 4194304 (custom)
2024-04-25 19:24:56,467 [feac95e6-d772-4287-b681-0d01f32bbe53-groupManagement] INFO  server.RaftServerConfigKeys (ConfUtils.java:logGet(46)) - raft.server.log.force.sync.num = 128 (default)
2024-04-25 19:24:56,467 [feac95e6-d772-4287-b681-0d01f32bbe53-groupManagement] INFO  server.RaftServerConfigKeys (ConfUtils.java:logGet(46)) - raft.server.log.statemachine.data.sync = true (default)
2024-04-25 19:24:56,467 [feac95e6-d772-4287-b681-0d01f32bbe53-groupManagement] INFO  server.RaftServerConfigKeys (ConfUtils.java:logGet(46)) - raft.server.log.statemachine.data.sync.timeout = 10s (default)
2024-04-25 19:24:56,467 [feac95e6-d772-4287-b681-0d01f32bbe53-groupManagement] INFO  server.RaftServerConfigKeys (ConfUtils.java:logGet(46)) - raft.server.log.statemachine.data.sync.timeout.retry = 30 (custom)
2024-04-25 19:24:56,468 [feac95e6-d772-4287-b681-0d01f32bbe53-groupManagement] INFO  server.RaftServerConfigKeys (ConfUtils.java:logGet(46)) - raft.server.log.write.buffer.size = 8388616 (custom)
2024-04-25 19:24:56,469 [feac95e6-d772-4287-b681-0d01f32bbe53-groupManagement] INFO  server.RaftServerConfigKeys (ConfUtils.java:logGet(46)) - raft.server.log.appender.buffer.byte-limit = 8388608 (custom)
2024-04-25 19:24:56,469 [feac95e6-d772-4287-b681-0d01f32bbe53-groupManagement] INFO  server.RaftServerConfigKeys (ConfUtils.java:logGet(46)) - raft.server.log.unsafe-flush.enabled = false (default)
2024-04-25 19:24:56,469 [feac95e6-d772-4287-b681-0d01f32bbe53-groupManagement] INFO  server.RaftServerConfigKeys (ConfUtils.java:logGet(46)) - raft.server.log.async-flush.enabled = false (default)
2024-04-25 19:24:56,469 [feac95e6-d772-4287-b681-0d01f32bbe53-groupManagement] INFO  server.RaftServerConfigKeys (ConfUtils.java:logGet(46)) - raft.server.log.statemachine.data.caching.enabled = true (custom)
2024-04-25 19:24:56,469 [feac95e6-d772-4287-b681-0d01f32bbe53-groupManagement] INFO  segmented.SegmentedRaftLogWorker (SegmentedRaftLogWorker.java:lambda$new$0(134)) - feac95e6-d772-4287-b681-0d01f32bbe53@group-E118F02A43E4-SegmentedRaftLogWorker: flushIndex: setUnconditionally 0 -> -1
2024-04-25 19:24:56,469 [feac95e6-d772-4287-b681-0d01f32bbe53-groupManagement] INFO  segmented.SegmentedRaftLogWorker (SegmentedRaftLogWorker.java:lambda$new$0(134)) - feac95e6-d772-4287-b681-0d01f32bbe53@group-E118F02A43E4-SegmentedRaftLogWorker: safeCacheEvictIndex: setUnconditionally 0 -> -1
2024-04-25 19:24:56,470 [feac95e6-d772-4287-b681-0d01f32bbe53-groupManagement] INFO  server.RaftServer$Division (RaftServerImpl.java:start(396)) - feac95e6-d772-4287-b681-0d01f32bbe53@group-E118F02A43E4: start as a follower, conf=-1: peers:[feac95e6-d772-4287-b681-0d01f32bbe53|127.0.0.1:15112, d4ca1bb3-9736-40b0-a02f-f5392a2e7e43|127.0.0.1:15103, 1d17c780-3c0c-42fc-a5ed-76046c58c935|127.0.0.1:15121]|listeners:[], old=null
2024-04-25 19:24:56,470 [feac95e6-d772-4287-b681-0d01f32bbe53-groupManagement] INFO  server.RaftServer$Division (RaftServerImpl.java:setRole(383)) - feac95e6-d772-4287-b681-0d01f32bbe53@group-E118F02A43E4: changes role from      null to FOLLOWER at term 0 for startAsFollower
2024-04-25 19:24:56,470 [feac95e6-d772-4287-b681-0d01f32bbe53-groupManagement] INFO  impl.RoleInfo (RoleInfo.java:updateAndGet(139)) - feac95e6-d772-4287-b681-0d01f32bbe53: start feac95e6-d772-4287-b681-0d01f32bbe53@group-E118F02A43E4-FollowerState
2024-04-25 19:24:56,470 [feac95e6-d772-4287-b681-0d01f32bbe53@group-E118F02A43E4-FollowerState] INFO  server.RaftServerConfigKeys (ConfUtils.java:logFallback(53)) - raft.server.rpc.first-election.timeout.min = 5s (fallback to raft.server.rpc.timeout.min)
2024-04-25 19:24:56,470 [feac95e6-d772-4287-b681-0d01f32bbe53-groupManagement] INFO  util.JmxRegister (JmxRegister.java:tryRegister(44)) - Successfully registered JMX Bean with object name Ratis:service=RaftServer,group=group-E118F02A43E4,id=feac95e6-d772-4287-b681-0d01f32bbe53
2024-04-25 19:24:56,470 [feac95e6-d772-4287-b681-0d01f32bbe53@group-E118F02A43E4-FollowerState] INFO  server.RaftServerConfigKeys (ConfUtils.java:logFallback(53)) - raft.server.rpc.first-election.timeout.max = 5200ms (fallback to raft.server.rpc.timeout.max)
2024-04-25 19:24:56,470 [feac95e6-d772-4287-b681-0d01f32bbe53-groupManagement] INFO  server.RaftServerConfigKeys (ConfUtils.java:logGet(46)) - raft.server.snapshot.trigger-when-stop.enabled = true (default)
2024-04-25 19:24:56,470 [feac95e6-d772-4287-b681-0d01f32bbe53-groupManagement] INFO  server.RaftServerConfigKeys (ConfUtils.java:logGet(46)) - raft.server.snapshot.auto.trigger.enabled = true (custom)
2024-04-25 19:24:56,470 [feac95e6-d772-4287-b681-0d01f32bbe53-groupManagement] INFO  server.RaftServerConfigKeys (ConfUtils.java:logGet(46)) - raft.server.snapshot.auto.trigger.threshold = 10000 (custom)
2024-04-25 19:24:56,470 [feac95e6-d772-4287-b681-0d01f32bbe53-groupManagement] INFO  server.RaftServerConfigKeys (ConfUtils.java:logGet(46)) - raft.server.snapshot.retention.file.num = 5 (custom)
2024-04-25 19:24:56,470 [feac95e6-d772-4287-b681-0d01f32bbe53-groupManagement] INFO  server.RaftServerConfigKeys (ConfUtils.java:logGet(46)) - raft.server.log.purge.upto.snapshot.index = false (default)
2024-04-25 19:24:56,480 [grpc-default-executor-0] INFO  server.RaftServer (RaftServerProxy.java:addNew(100)) - 1d17c780-3c0c-42fc-a5ed-76046c58c935: addNew group-E118F02A43E4:[feac95e6-d772-4287-b681-0d01f32bbe53|127.0.0.1:15112, d4ca1bb3-9736-40b0-a02f-f5392a2e7e43|127.0.0.1:15103, 1d17c780-3c0c-42fc-a5ed-76046c58c935|127.0.0.1:15121] returns group-E118F02A43E4:java.util.concurrent.CompletableFuture@214ed9ed[Not completed]
2024-04-25 19:24:56,481 [1d17c780-3c0c-42fc-a5ed-76046c58c935-groupManagement] INFO  server.RaftServer$Division (RaftServerImpl.java:<init>(256)) - 1d17c780-3c0c-42fc-a5ed-76046c58c935: new RaftServerImpl for group-E118F02A43E4:[feac95e6-d772-4287-b681-0d01f32bbe53|127.0.0.1:15112, d4ca1bb3-9736-40b0-a02f-f5392a2e7e43|127.0.0.1:15103, 1d17c780-3c0c-42fc-a5ed-76046c58c935|127.0.0.1:15121] with ContainerStateMachine:uninitialized
2024-04-25 19:24:56,481 [1d17c780-3c0c-42fc-a5ed-76046c58c935-groupManagement] INFO  server.RaftServerConfigKeys (ConfUtils.java:logGet(46)) - raft.server.rpc.timeout.min = 5s (custom)
2024-04-25 19:24:56,481 [1d17c780-3c0c-42fc-a5ed-76046c58c935-groupManagement] INFO  server.RaftServerConfigKeys (ConfUtils.java:logGet(46)) - raft.server.rpc.timeout.max = 5200ms (custom)
2024-04-25 19:24:56,481 [1d17c780-3c0c-42fc-a5ed-76046c58c935-groupManagement] INFO  server.RaftServerConfigKeys (ConfUtils.java:logGet(46)) - raft.server.rpc.sleep.time = 25ms (default)
2024-04-25 19:24:56,481 [1d17c780-3c0c-42fc-a5ed-76046c58c935-groupManagement] INFO  server.RaftServerConfigKeys (ConfUtils.java:logGet(46)) - raft.server.rpc.slowness.timeout = 300000ms (custom)
2024-04-25 19:24:56,481 [1d17c780-3c0c-42fc-a5ed-76046c58c935-groupManagement] INFO  server.RaftServerConfigKeys (ConfUtils.java:logGet(46)) - raft.server.leaderelection.leader.step-down.wait-time = 10s (default)
2024-04-25 19:24:56,481 [1d17c780-3c0c-42fc-a5ed-76046c58c935-groupManagement] INFO  server.RaftServerConfigKeys (ConfUtils.java:logGet(46)) - raft.server.leaderelection.member.majority-add = false (default)
2024-04-25 19:24:56,481 [1d17c780-3c0c-42fc-a5ed-76046c58c935-groupManagement] INFO  server.RaftServerConfigKeys (ConfUtils.java:logGet(46)) - raft.server.sleep.deviation.threshold = 300ms (default)
2024-04-25 19:24:56,481 [1d17c780-3c0c-42fc-a5ed-76046c58c935-groupManagement] INFO  server.RaftServer$Division (ServerState.java:<init>(113)) - 1d17c780-3c0c-42fc-a5ed-76046c58c935@group-E118F02A43E4: ConfigurationManager, init=-1: peers:[feac95e6-d772-4287-b681-0d01f32bbe53|127.0.0.1:15112, d4ca1bb3-9736-40b0-a02f-f5392a2e7e43|127.0.0.1:15103, 1d17c780-3c0c-42fc-a5ed-76046c58c935|127.0.0.1:15121]|listeners:[], old=null, confs=<EMPTY_MAP>
2024-04-25 19:24:56,481 [1d17c780-3c0c-42fc-a5ed-76046c58c935-groupManagement] INFO  server.RaftServerConfigKeys (ConfUtils.java:logGet(46)) - raft.server.notification.no-leader.timeout = 300000ms (custom)
2024-04-25 19:24:56,481 [1d17c780-3c0c-42fc-a5ed-76046c58c935-groupManagement] INFO  server.RaftServerConfigKeys (ConfUtils.java:logGet(46)) - raft.server.read.timeout = 10s (default)
2024-04-25 19:24:56,481 [1d17c780-3c0c-42fc-a5ed-76046c58c935-groupManagement] INFO  server.RaftServerConfigKeys (ConfUtils.java:logGet(46)) - raft.server.retrycache.expirytime = 600000ms (custom)
2024-04-25 19:24:56,481 [1d17c780-3c0c-42fc-a5ed-76046c58c935-groupManagement] INFO  server.RaftServerConfigKeys (ConfUtils.java:logGet(46)) - raft.server.retrycache.statistics.expirytime = 100ms (default)
2024-04-25 19:24:56,481 [1d17c780-3c0c-42fc-a5ed-76046c58c935-groupManagement] INFO  server.RaftServerConfigKeys (ConfUtils.java:logGet(46)) - raft.server.read.option = DEFAULT (default)
2024-04-25 19:24:56,481 [1d17c780-3c0c-42fc-a5ed-76046c58c935-groupManagement] INFO  server.RaftServerConfigKeys (ConfUtils.java:logGet(46)) - raft.server.read.read-after-write-consistent.write-index-cache.expiry-time = 60s (default)
2024-04-25 19:24:56,483 [1d17c780-3c0c-42fc-a5ed-76046c58c935-groupManagement] INFO  server.RaftServerConfigKeys (ConfUtils.java:logGet(46)) - raft.server.rpc.request.timeout = 3000ms (default)
2024-04-25 19:24:56,484 [1d17c780-3c0c-42fc-a5ed-76046c58c935-groupManagement] INFO  server.RaftServerConfigKeys (ConfUtils.java:logGet(46)) - raft.server.log.appender.install.snapshot.enabled = false (custom)
2024-04-25 19:24:56,484 [1d17c780-3c0c-42fc-a5ed-76046c58c935-groupManagement] INFO  server.RaftServerConfigKeys (ConfUtils.java:logGet(46)) - raft.server.threadpool.server.cached = true (default)
2024-04-25 19:24:56,484 [1d17c780-3c0c-42fc-a5ed-76046c58c935-groupManagement] INFO  server.RaftServerConfigKeys (ConfUtils.java:logGet(46)) - raft.server.threadpool.server.size = 0 (default)
2024-04-25 19:24:56,484 [1d17c780-3c0c-42fc-a5ed-76046c58c935-groupManagement] INFO  server.RaftServerConfigKeys (ConfUtils.java:logGet(46)) - raft.server.threadpool.client.cached = true (default)
2024-04-25 19:24:56,484 [1d17c780-3c0c-42fc-a5ed-76046c58c935-groupManagement] INFO  server.RaftServerConfigKeys (ConfUtils.java:logGet(46)) - raft.server.threadpool.client.size = 0 (default)
2024-04-25 19:24:56,484 [1d17c780-3c0c-42fc-a5ed-76046c58c935-groupManagement] INFO  server.RaftServerConfigKeys (ConfUtils.java:logGet(46)) - raft.server.storage.free-space.min = 0MB (=0) (default)
2024-04-25 19:24:56,484 [1d17c780-3c0c-42fc-a5ed-76046c58c935-groupManagement] INFO  server.RaftServerConfigKeys (ConfUtils.java:logGet(46)) - raft.server.log.corruption.policy = EXCEPTION (default)
2024-04-25 19:24:56,484 [1d17c780-3c0c-42fc-a5ed-76046c58c935-groupManagement] INFO  server.RaftServerConfigKeys (ConfUtils.java:logGet(46)) - raft.server.storage.dir = [/home/runner/work/ozone/ozone/hadoop-ozone/integration-test/target/test-dir/MiniOzoneClusterImpl-d2e81863-a659-4dd2-bdb8-fa97662d499c/ozone-meta/datanode-3/ratis] (custom)
2024-04-25 19:24:56,484 [1d17c780-3c0c-42fc-a5ed-76046c58c935-groupManagement] INFO  storage.RaftStorageDirectory (RaftStorageDirectoryImpl.java:analyzeStorage(138)) - The storage directory /home/runner/work/ozone/ozone/hadoop-ozone/integration-test/target/test-dir/MiniOzoneClusterImpl-d2e81863-a659-4dd2-bdb8-fa97662d499c/ozone-meta/datanode-3/ratis/eaf83d1d-cabf-4ffa-ba3e-e118f02a43e4 does not exist. Creating ...
2024-04-25 19:24:56,485 [1d17c780-3c0c-42fc-a5ed-76046c58c935-groupManagement] INFO  storage.RaftStorageDirectory (RaftStorageDirectoryImpl.java:tryLock(228)) - Lock on /home/runner/work/ozone/ozone/hadoop-ozone/integration-test/target/test-dir/MiniOzoneClusterImpl-d2e81863-a659-4dd2-bdb8-fa97662d499c/ozone-meta/datanode-3/ratis/eaf83d1d-cabf-4ffa-ba3e-e118f02a43e4/in_use.lock acquired by nodename 21201@fv-az524-255
2024-04-25 19:24:56,489 [1d17c780-3c0c-42fc-a5ed-76046c58c935-groupManagement] INFO  storage.RaftStorage (RaftStorageImpl.java:format(99)) - Storage directory /home/runner/work/ozone/ozone/hadoop-ozone/integration-test/target/test-dir/MiniOzoneClusterImpl-d2e81863-a659-4dd2-bdb8-fa97662d499c/ozone-meta/datanode-3/ratis/eaf83d1d-cabf-4ffa-ba3e-e118f02a43e4 has been successfully formatted.
2024-04-25 19:24:56,489 [1d17c780-3c0c-42fc-a5ed-76046c58c935-groupManagement] WARN  util.FileUtils (LogUtils.java:supplyAndLog(63)) - Failed to Files.newInputStream /home/runner/work/ozone/ozone/hadoop-ozone/integration-test/target/test-dir/MiniOzoneClusterImpl-d2e81863-a659-4dd2-bdb8-fa97662d499c/ozone-meta/datanode-3/ratis/eaf83d1d-cabf-4ffa-ba3e-e118f02a43e4/current/raft-meta.conf with options []: java.nio.file.NoSuchFileException: /home/runner/work/ozone/ozone/hadoop-ozone/integration-test/target/test-dir/MiniOzoneClusterImpl-d2e81863-a659-4dd2-bdb8-fa97662d499c/ozone-meta/datanode-3/ratis/eaf83d1d-cabf-4ffa-ba3e-e118f02a43e4/current/raft-meta.conf
2024-04-25 19:24:56,489 [1d17c780-3c0c-42fc-a5ed-76046c58c935-groupManagement] INFO  ratis.ContainerStateMachine (ContainerStateMachine.java:loadSnapshot(287)) - group-E118F02A43E4: The snapshot info is null. Setting the last applied index to:(t:0, i:~)
2024-04-25 19:24:56,489 [1d17c780-3c0c-42fc-a5ed-76046c58c935-groupManagement] INFO  server.RaftServerConfigKeys (ConfUtils.java:logGet(46)) - raft.server.log.use.memory = false (default)
2024-04-25 19:24:56,490 [1d17c780-3c0c-42fc-a5ed-76046c58c935-groupManagement] INFO  server.RaftServerConfigKeys (ConfUtils.java:logGet(46)) - raft.server.log.purge.gap = 1000000 (custom)
2024-04-25 19:24:56,490 [1d17c780-3c0c-42fc-a5ed-76046c58c935-groupManagement] INFO  server.RaftServerConfigKeys (ConfUtils.java:logGet(46)) - raft.server.log.appender.buffer.byte-limit = 8388608 (custom)
2024-04-25 19:24:56,490 [1d17c780-3c0c-42fc-a5ed-76046c58c935-groupManagement] INFO  server.RaftServerConfigKeys (ConfUtils.java:logGet(46)) - raft.server.log.statemachine.data.read.timeout = 1000ms (default)
2024-04-25 19:24:56,490 [1d17c780-3c0c-42fc-a5ed-76046c58c935-groupManagement] INFO  server.RaftServerConfigKeys (ConfUtils.java:logGet(46)) - raft.server.log.purge.preservation.log.num = 0 (default)
2024-04-25 19:24:56,492 [1d17c780-3c0c-42fc-a5ed-76046c58c935-groupManagement] INFO  server.RaftServerConfigKeys (ConfUtils.java:logGet(46)) - raft.server.log.segment.size.max = 67108864 (custom)
2024-04-25 19:24:56,492 [1d17c780-3c0c-42fc-a5ed-76046c58c935-groupManagement] INFO  server.RaftServerConfigKeys (ConfUtils.java:logGet(46)) - raft.server.log.segment.cache.num.max = 2 (custom)
2024-04-25 19:24:56,492 [1d17c780-3c0c-42fc-a5ed-76046c58c935-groupManagement] INFO  server.RaftServerConfigKeys (ConfUtils.java:logGet(46)) - raft.server.log.segment.cache.size.max = 200MB (=209715200) (default)
2024-04-25 19:24:56,492 [1d17c780-3c0c-42fc-a5ed-76046c58c935-groupManagement] INFO  server.RaftServerConfigKeys (ConfUtils.java:logGet(46)) - raft.server.log.appender.buffer.byte-limit = 8388608 (custom)
2024-04-25 19:24:56,493 [1d17c780-3c0c-42fc-a5ed-76046c58c935-groupManagement] INFO  util.AwaitToRun (AwaitToRun.java:start(81)) - Thread[1d17c780-3c0c-42fc-a5ed-76046c58c935@group-E118F02A43E4-cacheEviction-AwaitToRun,5,main] started
2024-04-25 19:24:56,493 [1d17c780-3c0c-42fc-a5ed-76046c58c935-groupManagement] INFO  segmented.SegmentedRaftLogWorker (SegmentedRaftLogWorker.java:<init>(182)) - new 1d17c780-3c0c-42fc-a5ed-76046c58c935@group-E118F02A43E4-SegmentedRaftLogWorker for RaftStorageImpl:Storage Directory /home/runner/work/ozone/ozone/hadoop-ozone/integration-test/target/test-dir/MiniOzoneClusterImpl-d2e81863-a659-4dd2-bdb8-fa97662d499c/ozone-meta/datanode-3/ratis/eaf83d1d-cabf-4ffa-ba3e-e118f02a43e4
2024-04-25 19:24:56,493 [1d17c780-3c0c-42fc-a5ed-76046c58c935-groupManagement] INFO  server.RaftServerConfigKeys (ConfUtils.java:logGet(46)) - raft.server.log.queue.byte-limit = 4294967296 (custom)
2024-04-25 19:24:56,493 [1d17c780-3c0c-42fc-a5ed-76046c58c935-groupManagement] INFO  server.RaftServerConfigKeys (ConfUtils.java:logGet(46)) - raft.server.log.queue.element-limit = 1024 (custom)
2024-04-25 19:24:56,493 [1d17c780-3c0c-42fc-a5ed-76046c58c935-groupManagement] INFO  server.RaftServerConfigKeys (ConfUtils.java:logGet(46)) - raft.server.log.segment.size.max = 67108864 (custom)
2024-04-25 19:24:56,493 [1d17c780-3c0c-42fc-a5ed-76046c58c935-groupManagement] INFO  server.RaftServerConfigKeys (ConfUtils.java:logGet(46)) - raft.server.log.preallocated.size = 4194304 (custom)
2024-04-25 19:24:56,493 [1d17c780-3c0c-42fc-a5ed-76046c58c935-groupManagement] INFO  server.RaftServerConfigKeys (ConfUtils.java:logGet(46)) - raft.server.log.force.sync.num = 128 (default)
2024-04-25 19:24:56,493 [1d17c780-3c0c-42fc-a5ed-76046c58c935-groupManagement] INFO  server.RaftServerConfigKeys (ConfUtils.java:logGet(46)) - raft.server.log.statemachine.data.sync = true (default)
2024-04-25 19:24:56,493 [1d17c780-3c0c-42fc-a5ed-76046c58c935-groupManagement] INFO  server.RaftServerConfigKeys (ConfUtils.java:logGet(46)) - raft.server.log.statemachine.data.sync.timeout = 10s (default)
2024-04-25 19:24:56,494 [1d17c780-3c0c-42fc-a5ed-76046c58c935-groupManagement] INFO  server.RaftServerConfigKeys (ConfUtils.java:logGet(46)) - raft.server.log.statemachine.data.sync.timeout.retry = 30 (custom)
2024-04-25 19:24:56,494 [1d17c780-3c0c-42fc-a5ed-76046c58c935-groupManagement] INFO  server.RaftServerConfigKeys (ConfUtils.java:logGet(46)) - raft.server.log.write.buffer.size = 8388616 (custom)
2024-04-25 19:24:56,496 [1d17c780-3c0c-42fc-a5ed-76046c58c935-groupManagement] INFO  server.RaftServerConfigKeys (ConfUtils.java:logGet(46)) - raft.server.log.appender.buffer.byte-limit = 8388608 (custom)
2024-04-25 19:24:56,496 [1d17c780-3c0c-42fc-a5ed-76046c58c935-groupManagement] INFO  server.RaftServerConfigKeys (ConfUtils.java:logGet(46)) - raft.server.log.unsafe-flush.enabled = false (default)
2024-04-25 19:24:56,496 [1d17c780-3c0c-42fc-a5ed-76046c58c935-groupManagement] INFO  server.RaftServerConfigKeys (ConfUtils.java:logGet(46)) - raft.server.log.async-flush.enabled = false (default)
2024-04-25 19:24:56,496 [1d17c780-3c0c-42fc-a5ed-76046c58c935-groupManagement] INFO  server.RaftServerConfigKeys (ConfUtils.java:logGet(46)) - raft.server.log.statemachine.data.caching.enabled = true (custom)
2024-04-25 19:24:56,496 [1d17c780-3c0c-42fc-a5ed-76046c58c935-groupManagement] INFO  segmented.SegmentedRaftLogWorker (SegmentedRaftLogWorker.java:lambda$new$0(134)) - 1d17c780-3c0c-42fc-a5ed-76046c58c935@group-E118F02A43E4-SegmentedRaftLogWorker: flushIndex: setUnconditionally 0 -> -1
2024-04-25 19:24:56,496 [1d17c780-3c0c-42fc-a5ed-76046c58c935-groupManagement] INFO  segmented.SegmentedRaftLogWorker (SegmentedRaftLogWorker.java:lambda$new$0(134)) - 1d17c780-3c0c-42fc-a5ed-76046c58c935@group-E118F02A43E4-SegmentedRaftLogWorker: safeCacheEvictIndex: setUnconditionally 0 -> -1
2024-04-25 19:24:56,496 [1d17c780-3c0c-42fc-a5ed-76046c58c935-groupManagement] INFO  server.RaftServer$Division (RaftServerImpl.java:start(396)) - 1d17c780-3c0c-42fc-a5ed-76046c58c935@group-E118F02A43E4: start as a follower, conf=-1: peers:[feac95e6-d772-4287-b681-0d01f32bbe53|127.0.0.1:15112, d4ca1bb3-9736-40b0-a02f-f5392a2e7e43|127.0.0.1:15103, 1d17c780-3c0c-42fc-a5ed-76046c58c935|127.0.0.1:15121]|listeners:[], old=null
2024-04-25 19:24:56,497 [1d17c780-3c0c-42fc-a5ed-76046c58c935-groupManagement] INFO  server.RaftServer$Division (RaftServerImpl.java:setRole(383)) - 1d17c780-3c0c-42fc-a5ed-76046c58c935@group-E118F02A43E4: changes role from      null to FOLLOWER at term 0 for startAsFollower
2024-04-25 19:24:56,497 [1d17c780-3c0c-42fc-a5ed-76046c58c935-groupManagement] INFO  impl.RoleInfo (RoleInfo.java:updateAndGet(139)) - 1d17c780-3c0c-42fc-a5ed-76046c58c935: start 1d17c780-3c0c-42fc-a5ed-76046c58c935@group-E118F02A43E4-FollowerState
2024-04-25 19:24:56,497 [1d17c780-3c0c-42fc-a5ed-76046c58c935@group-E118F02A43E4-FollowerState] INFO  server.RaftServerConfigKeys (ConfUtils.java:logFallback(53)) - raft.server.rpc.first-election.timeout.min = 5s (fallback to raft.server.rpc.timeout.min)
2024-04-25 19:24:56,497 [1d17c780-3c0c-42fc-a5ed-76046c58c935@group-E118F02A43E4-FollowerState] INFO  server.RaftServerConfigKeys (ConfUtils.java:logFallback(53)) - raft.server.rpc.first-election.timeout.max = 5200ms (fallback to raft.server.rpc.timeout.max)
2024-04-25 19:24:56,497 [1d17c780-3c0c-42fc-a5ed-76046c58c935-groupManagement] INFO  util.JmxRegister (JmxRegister.java:tryRegister(44)) - Successfully registered JMX Bean with object name Ratis:service=RaftServer,group=group-E118F02A43E4,id=1d17c780-3c0c-42fc-a5ed-76046c58c935
2024-04-25 19:24:56,497 [1d17c780-3c0c-42fc-a5ed-76046c58c935-groupManagement] INFO  server.RaftServerConfigKeys (ConfUtils.java:logGet(46)) - raft.server.snapshot.trigger-when-stop.enabled = true (default)
2024-04-25 19:24:56,497 [1d17c780-3c0c-42fc-a5ed-76046c58c935-groupManagement] INFO  server.RaftServerConfigKeys (ConfUtils.java:logGet(46)) - raft.server.snapshot.auto.trigger.enabled = true (custom)
2024-04-25 19:24:56,498 [1d17c780-3c0c-42fc-a5ed-76046c58c935-groupManagement] INFO  server.RaftServerConfigKeys (ConfUtils.java:logGet(46)) - raft.server.snapshot.auto.trigger.threshold = 10000 (custom)
2024-04-25 19:24:56,498 [1d17c780-3c0c-42fc-a5ed-76046c58c935-groupManagement] INFO  server.RaftServerConfigKeys (ConfUtils.java:logGet(46)) - raft.server.snapshot.retention.file.num = 5 (custom)
2024-04-25 19:24:56,498 [1d17c780-3c0c-42fc-a5ed-76046c58c935-groupManagement] INFO  server.RaftServerConfigKeys (ConfUtils.java:logGet(46)) - raft.server.log.purge.upto.snapshot.index = false (default)
2024-04-25 19:24:56,501 [d4ca1bb3-9736-40b0-a02f-f5392a2e7e43-PipelineCommandHandlerThread-0] INFO  commandhandler.CreatePipelineCommandHandler (CreatePipelineCommandHandler.java:lambda$handle$2(124)) - Created Pipeline RATIS THREE PipelineID=eaf83d1d-cabf-4ffa-ba3e-e118f02a43e4.
2024-04-25 19:24:56,521 [feac95e6-d772-4287-b681-0d01f32bbe53-PipelineCommandHandlerThread-0] INFO  server.RaftServer (RaftServerProxy.java:addNew(100)) - feac95e6-d772-4287-b681-0d01f32bbe53: addNew group-3C037E0C2DD8:[feac95e6-d772-4287-b681-0d01f32bbe53|127.0.0.1:15112] returns group-3C037E0C2DD8:java.util.concurrent.CompletableFuture@30fdd3a5[Not completed]
2024-04-25 19:24:56,522 [feac95e6-d772-4287-b681-0d01f32bbe53-groupManagement] INFO  server.RaftServer$Division (RaftServerImpl.java:<init>(256)) - feac95e6-d772-4287-b681-0d01f32bbe53: new RaftServerImpl for group-3C037E0C2DD8:[feac95e6-d772-4287-b681-0d01f32bbe53|127.0.0.1:15112] with ContainerStateMachine:uninitialized
2024-04-25 19:24:56,522 [feac95e6-d772-4287-b681-0d01f32bbe53-groupManagement] INFO  server.RaftServerConfigKeys (ConfUtils.java:logGet(46)) - raft.server.rpc.timeout.min = 5s (custom)
2024-04-25 19:24:56,522 [feac95e6-d772-4287-b681-0d01f32bbe53-groupManagement] INFO  server.RaftServerConfigKeys (ConfUtils.java:logGet(46)) - raft.server.rpc.timeout.max = 5200ms (custom)
2024-04-25 19:24:56,522 [feac95e6-d772-4287-b681-0d01f32bbe53-groupManagement] INFO  server.RaftServerConfigKeys (ConfUtils.java:logGet(46)) - raft.server.rpc.sleep.time = 25ms (default)
2024-04-25 19:24:56,522 [feac95e6-d772-4287-b681-0d01f32bbe53-groupManagement] INFO  server.RaftServerConfigKeys (ConfUtils.java:logGet(46)) - raft.server.rpc.slowness.timeout = 300000ms (custom)
2024-04-25 19:24:56,522 [feac95e6-d772-4287-b681-0d01f32bbe53-groupManagement] INFO  server.RaftServerConfigKeys (ConfUtils.java:logGet(46)) - raft.server.leaderelection.leader.step-down.wait-time = 10s (default)
2024-04-25 19:24:56,522 [feac95e6-d772-4287-b681-0d01f32bbe53-groupManagement] INFO  server.RaftServerConfigKeys (ConfUtils.java:logGet(46)) - raft.server.leaderelection.member.majority-add = false (default)
2024-04-25 19:24:56,522 [feac95e6-d772-4287-b681-0d01f32bbe53-groupManagement] INFO  server.RaftServerConfigKeys (ConfUtils.java:logGet(46)) - raft.server.sleep.deviation.threshold = 300ms (default)
2024-04-25 19:24:56,522 [feac95e6-d772-4287-b681-0d01f32bbe53-groupManagement] INFO  server.RaftServer$Division (ServerState.java:<init>(113)) - feac95e6-d772-4287-b681-0d01f32bbe53@group-3C037E0C2DD8: ConfigurationManager, init=-1: peers:[feac95e6-d772-4287-b681-0d01f32bbe53|127.0.0.1:15112]|listeners:[], old=null, confs=<EMPTY_MAP>
2024-04-25 19:24:56,522 [feac95e6-d772-4287-b681-0d01f32bbe53-groupManagement] INFO  server.RaftServerConfigKeys (ConfUtils.java:logGet(46)) - raft.server.notification.no-leader.timeout = 300000ms (custom)
2024-04-25 19:24:56,522 [feac95e6-d772-4287-b681-0d01f32bbe53-groupManagement] INFO  server.RaftServerConfigKeys (ConfUtils.java:logGet(46)) - raft.server.read.timeout = 10s (default)
2024-04-25 19:24:56,522 [feac95e6-d772-4287-b681-0d01f32bbe53-groupManagement] INFO  server.RaftServerConfigKeys (ConfUtils.java:logGet(46)) - raft.server.retrycache.expirytime = 600000ms (custom)
2024-04-25 19:24:56,522 [feac95e6-d772-4287-b681-0d01f32bbe53-groupManagement] INFO  server.RaftServerConfigKeys (ConfUtils.java:logGet(46)) - raft.server.retrycache.statistics.expirytime = 100ms (default)
2024-04-25 19:24:56,522 [feac95e6-d772-4287-b681-0d01f32bbe53-groupManagement] INFO  server.RaftServerConfigKeys (ConfUtils.java:logGet(46)) - raft.server.read.option = DEFAULT (default)
2024-04-25 19:24:56,523 [feac95e6-d772-4287-b681-0d01f32bbe53-groupManagement] INFO  server.RaftServerConfigKeys (ConfUtils.java:logGet(46)) - raft.server.read.read-after-write-consistent.write-index-cache.expiry-time = 60s (default)
2024-04-25 19:24:56,526 [feac95e6-d772-4287-b681-0d01f32bbe53-groupManagement] INFO  server.RaftServerConfigKeys (ConfUtils.java:logGet(46)) - raft.server.rpc.request.timeout = 3000ms (default)
2024-04-25 19:24:56,526 [feac95e6-d772-4287-b681-0d01f32bbe53-groupManagement] INFO  server.RaftServerConfigKeys (ConfUtils.java:logGet(46)) - raft.server.log.appender.install.snapshot.enabled = false (custom)
2024-04-25 19:24:56,526 [feac95e6-d772-4287-b681-0d01f32bbe53-groupManagement] INFO  server.RaftServerConfigKeys (ConfUtils.java:logGet(46)) - raft.server.threadpool.server.cached = true (default)
2024-04-25 19:24:56,526 [feac95e6-d772-4287-b681-0d01f32bbe53-groupManagement] INFO  server.RaftServerConfigKeys (ConfUtils.java:logGet(46)) - raft.server.threadpool.server.size = 0 (default)
2024-04-25 19:24:56,526 [feac95e6-d772-4287-b681-0d01f32bbe53-groupManagement] INFO  server.RaftServerConfigKeys (ConfUtils.java:logGet(46)) - raft.server.threadpool.client.cached = true (default)
2024-04-25 19:24:56,526 [feac95e6-d772-4287-b681-0d01f32bbe53-groupManagement] INFO  server.RaftServerConfigKeys (ConfUtils.java:logGet(46)) - raft.server.threadpool.client.size = 0 (default)
2024-04-25 19:24:56,526 [feac95e6-d772-4287-b681-0d01f32bbe53-groupManagement] INFO  server.RaftServerConfigKeys (ConfUtils.java:logGet(46)) - raft.server.storage.free-space.min = 0MB (=0) (default)
2024-04-25 19:24:56,526 [feac95e6-d772-4287-b681-0d01f32bbe53-groupManagement] INFO  server.RaftServerConfigKeys (ConfUtils.java:logGet(46)) - raft.server.log.corruption.policy = EXCEPTION (default)
2024-04-25 19:24:56,527 [feac95e6-d772-4287-b681-0d01f32bbe53-groupManagement] INFO  server.RaftServerConfigKeys (ConfUtils.java:logGet(46)) - raft.server.storage.dir = [/home/runner/work/ozone/ozone/hadoop-ozone/integration-test/target/test-dir/MiniOzoneClusterImpl-d2e81863-a659-4dd2-bdb8-fa97662d499c/ozone-meta/datanode-2/ratis] (custom)
2024-04-25 19:24:56,527 [feac95e6-d772-4287-b681-0d01f32bbe53-groupManagement] INFO  storage.RaftStorageDirectory (RaftStorageDirectoryImpl.java:analyzeStorage(138)) - The storage directory /home/runner/work/ozone/ozone/hadoop-ozone/integration-test/target/test-dir/MiniOzoneClusterImpl-d2e81863-a659-4dd2-bdb8-fa97662d499c/ozone-meta/datanode-2/ratis/f9e8d661-89ee-4ea9-a3b0-3c037e0c2dd8 does not exist. Creating ...
2024-04-25 19:24:56,528 [feac95e6-d772-4287-b681-0d01f32bbe53-groupManagement] INFO  storage.RaftStorageDirectory (RaftStorageDirectoryImpl.java:tryLock(228)) - Lock on /home/runner/work/ozone/ozone/hadoop-ozone/integration-test/target/test-dir/MiniOzoneClusterImpl-d2e81863-a659-4dd2-bdb8-fa97662d499c/ozone-meta/datanode-2/ratis/f9e8d661-89ee-4ea9-a3b0-3c037e0c2dd8/in_use.lock acquired by nodename 21201@fv-az524-255
2024-04-25 19:24:56,529 [feac95e6-d772-4287-b681-0d01f32bbe53-groupManagement] INFO  storage.RaftStorage (RaftStorageImpl.java:format(99)) - Storage directory /home/runner/work/ozone/ozone/hadoop-ozone/integration-test/target/test-dir/MiniOzoneClusterImpl-d2e81863-a659-4dd2-bdb8-fa97662d499c/ozone-meta/datanode-2/ratis/f9e8d661-89ee-4ea9-a3b0-3c037e0c2dd8 has been successfully formatted.
2024-04-25 19:24:56,529 [feac95e6-d772-4287-b681-0d01f32bbe53-groupManagement] WARN  util.FileUtils (LogUtils.java:supplyAndLog(63)) - Failed to Files.newInputStream /home/runner/work/ozone/ozone/hadoop-ozone/integration-test/target/test-dir/MiniOzoneClusterImpl-d2e81863-a659-4dd2-bdb8-fa97662d499c/ozone-meta/datanode-2/ratis/f9e8d661-89ee-4ea9-a3b0-3c037e0c2dd8/current/raft-meta.conf with options []: java.nio.file.NoSuchFileException: /home/runner/work/ozone/ozone/hadoop-ozone/integration-test/target/test-dir/MiniOzoneClusterImpl-d2e81863-a659-4dd2-bdb8-fa97662d499c/ozone-meta/datanode-2/ratis/f9e8d661-89ee-4ea9-a3b0-3c037e0c2dd8/current/raft-meta.conf
2024-04-25 19:24:56,529 [feac95e6-d772-4287-b681-0d01f32bbe53-groupManagement] INFO  ratis.ContainerStateMachine (ContainerStateMachine.java:loadSnapshot(287)) - group-3C037E0C2DD8: The snapshot info is null. Setting the last applied index to:(t:0, i:~)
2024-04-25 19:24:56,529 [feac95e6-d772-4287-b681-0d01f32bbe53-groupManagement] INFO  server.RaftServerConfigKeys (ConfUtils.java:logGet(46)) - raft.server.log.use.memory = false (default)
2024-04-25 19:24:56,529 [feac95e6-d772-4287-b681-0d01f32bbe53-groupManagement] INFO  server.RaftServerConfigKeys (ConfUtils.java:logGet(46)) - raft.server.log.purge.gap = 1000000 (custom)
2024-04-25 19:24:56,530 [feac95e6-d772-4287-b681-0d01f32bbe53-groupManagement] INFO  server.RaftServerConfigKeys (ConfUtils.java:logGet(46)) - raft.server.log.appender.buffer.byte-limit = 8388608 (custom)
2024-04-25 19:24:56,530 [feac95e6-d772-4287-b681-0d01f32bbe53-groupManagement] INFO  server.RaftServerConfigKeys (ConfUtils.java:logGet(46)) - raft.server.log.statemachine.data.read.timeout = 1000ms (default)
2024-04-25 19:24:56,530 [feac95e6-d772-4287-b681-0d01f32bbe53-groupManagement] INFO  server.RaftServerConfigKeys (ConfUtils.java:logGet(46)) - raft.server.log.purge.preservation.log.num = 0 (default)
2024-04-25 19:24:56,531 [feac95e6-d772-4287-b681-0d01f32bbe53-groupManagement] INFO  server.RaftServerConfigKeys (ConfUtils.java:logGet(46)) - raft.server.log.segment.size.max = 67108864 (custom)
2024-04-25 19:24:56,531 [EventQueue-PipelineReportForPipelineReportHandler] INFO  pipeline.PipelineReportHandler (PipelineReportHandler.java:processPipelineReport(136)) - Opened pipeline PipelineID=f9e8d661-89ee-4ea9-a3b0-3c037e0c2dd8
2024-04-25 19:24:56,531 [EventQueue-OpenPipelineForHealthyPipelineSafeModeRule] INFO  safemode.SCMSafeModeManager (HealthyPipelineSafeModeRule.java:process(140)) - SCM in safe mode. Healthy pipelines reported count is 0, required healthy pipeline reported count is 1
2024-04-25 19:24:56,531 [feac95e6-d772-4287-b681-0d01f32bbe53-groupManagement] INFO  server.RaftServerConfigKeys (ConfUtils.java:logGet(46)) - raft.server.log.segment.cache.num.max = 2 (custom)
2024-04-25 19:24:56,532 [feac95e6-d772-4287-b681-0d01f32bbe53-groupManagement] INFO  server.RaftServerConfigKeys (ConfUtils.java:logGet(46)) - raft.server.log.segment.cache.size.max = 200MB (=209715200) (default)
2024-04-25 19:24:56,533 [feac95e6-d772-4287-b681-0d01f32bbe53-groupManagement] INFO  server.RaftServerConfigKeys (ConfUtils.java:logGet(46)) - raft.server.log.appender.buffer.byte-limit = 8388608 (custom)
2024-04-25 19:24:56,533 [feac95e6-d772-4287-b681-0d01f32bbe53-groupManagement] INFO  util.AwaitToRun (AwaitToRun.java:start(81)) - Thread[feac95e6-d772-4287-b681-0d01f32bbe53@group-3C037E0C2DD8-cacheEviction-AwaitToRun,5,main] started
2024-04-25 19:24:56,533 [feac95e6-d772-4287-b681-0d01f32bbe53-groupManagement] INFO  segmented.SegmentedRaftLogWorker (SegmentedRaftLogWorker.java:<init>(182)) - new feac95e6-d772-4287-b681-0d01f32bbe53@group-3C037E0C2DD8-SegmentedRaftLogWorker for RaftStorageImpl:Storage Directory /home/runner/work/ozone/ozone/hadoop-ozone/integration-test/target/test-dir/MiniOzoneClusterImpl-d2e81863-a659-4dd2-bdb8-fa97662d499c/ozone-meta/datanode-2/ratis/f9e8d661-89ee-4ea9-a3b0-3c037e0c2dd8
2024-04-25 19:24:56,533 [feac95e6-d772-4287-b681-0d01f32bbe53-groupManagement] INFO  server.RaftServerConfigKeys (ConfUtils.java:logGet(46)) - raft.server.log.queue.byte-limit = 4294967296 (custom)
2024-04-25 19:24:56,533 [feac95e6-d772-4287-b681-0d01f32bbe53-groupManagement] INFO  server.RaftServerConfigKeys (ConfUtils.java:logGet(46)) - raft.server.log.queue.element-limit = 1024 (custom)
2024-04-25 19:24:56,533 [feac95e6-d772-4287-b681-0d01f32bbe53-groupManagement] INFO  server.RaftServerConfigKeys (ConfUtils.java:logGet(46)) - raft.server.log.segment.size.max = 67108864 (custom)
2024-04-25 19:24:56,533 [feac95e6-d772-4287-b681-0d01f32bbe53-groupManagement] INFO  server.RaftServerConfigKeys (ConfUtils.java:logGet(46)) - raft.server.log.preallocated.size = 4194304 (custom)
2024-04-25 19:24:56,533 [feac95e6-d772-4287-b681-0d01f32bbe53-groupManagement] INFO  server.RaftServerConfigKeys (ConfUtils.java:logGet(46)) - raft.server.log.force.sync.num = 128 (default)
2024-04-25 19:24:56,533 [feac95e6-d772-4287-b681-0d01f32bbe53-groupManagement] INFO  server.RaftServerConfigKeys (ConfUtils.java:logGet(46)) - raft.server.log.statemachine.data.sync = true (default)
2024-04-25 19:24:56,533 [feac95e6-d772-4287-b681-0d01f32bbe53-groupManagement] INFO  server.RaftServerConfigKeys (ConfUtils.java:logGet(46)) - raft.server.log.statemachine.data.sync.timeout = 10s (default)
2024-04-25 19:24:56,533 [feac95e6-d772-4287-b681-0d01f32bbe53-groupManagement] INFO  server.RaftServerConfigKeys (ConfUtils.java:logGet(46)) - raft.server.log.statemachine.data.sync.timeout.retry = 30 (custom)
2024-04-25 19:24:56,534 [feac95e6-d772-4287-b681-0d01f32bbe53-groupManagement] INFO  server.RaftServerConfigKeys (ConfUtils.java:logGet(46)) - raft.server.log.write.buffer.size = 8388616 (custom)
2024-04-25 19:24:56,536 [feac95e6-d772-4287-b681-0d01f32bbe53-groupManagement] INFO  server.RaftServerConfigKeys (ConfUtils.java:logGet(46)) - raft.server.log.appender.buffer.byte-limit = 8388608 (custom)
2024-04-25 19:24:56,536 [feac95e6-d772-4287-b681-0d01f32bbe53-groupManagement] INFO  server.RaftServerConfigKeys (ConfUtils.java:logGet(46)) - raft.server.log.unsafe-flush.enabled = false (default)
2024-04-25 19:24:56,536 [feac95e6-d772-4287-b681-0d01f32bbe53-groupManagement] INFO  server.RaftServerConfigKeys (ConfUtils.java:logGet(46)) - raft.server.log.async-flush.enabled = false (default)
2024-04-25 19:24:56,536 [feac95e6-d772-4287-b681-0d01f32bbe53-groupManagement] INFO  server.RaftServerConfigKeys (ConfUtils.java:logGet(46)) - raft.server.log.statemachine.data.caching.enabled = true (custom)
2024-04-25 19:24:56,536 [feac95e6-d772-4287-b681-0d01f32bbe53-groupManagement] INFO  segmented.SegmentedRaftLogWorker (SegmentedRaftLogWorker.java:lambda$new$0(134)) - feac95e6-d772-4287-b681-0d01f32bbe53@group-3C037E0C2DD8-SegmentedRaftLogWorker: flushIndex: setUnconditionally 0 -> -1
2024-04-25 19:24:56,536 [feac95e6-d772-4287-b681-0d01f32bbe53-groupManagement] INFO  segmented.SegmentedRaftLogWorker (SegmentedRaftLogWorker.java:lambda$new$0(134)) - feac95e6-d772-4287-b681-0d01f32bbe53@group-3C037E0C2DD8-SegmentedRaftLogWorker: safeCacheEvictIndex: setUnconditionally 0 -> -1
2024-04-25 19:24:56,536 [feac95e6-d772-4287-b681-0d01f32bbe53-groupManagement] INFO  server.RaftServer$Division (RaftServerImpl.java:start(396)) - feac95e6-d772-4287-b681-0d01f32bbe53@group-3C037E0C2DD8: start as a follower, conf=-1: peers:[feac95e6-d772-4287-b681-0d01f32bbe53|127.0.0.1:15112]|listeners:[], old=null
2024-04-25 19:24:56,536 [feac95e6-d772-4287-b681-0d01f32bbe53-groupManagement] INFO  server.RaftServer$Division (RaftServerImpl.java:setRole(383)) - feac95e6-d772-4287-b681-0d01f32bbe53@group-3C037E0C2DD8: changes role from      null to FOLLOWER at term 0 for startAsFollower
2024-04-25 19:24:56,536 [feac95e6-d772-4287-b681-0d01f32bbe53-groupManagement] INFO  impl.RoleInfo (RoleInfo.java:updateAndGet(139)) - feac95e6-d772-4287-b681-0d01f32bbe53: start feac95e6-d772-4287-b681-0d01f32bbe53@group-3C037E0C2DD8-FollowerState
2024-04-25 19:24:56,537 [feac95e6-d772-4287-b681-0d01f32bbe53@group-3C037E0C2DD8-FollowerState] INFO  server.RaftServerConfigKeys (ConfUtils.java:logFallback(53)) - raft.server.rpc.first-election.timeout.min = 5s (fallback to raft.server.rpc.timeout.min)
2024-04-25 19:24:56,537 [feac95e6-d772-4287-b681-0d01f32bbe53-groupManagement] INFO  util.JmxRegister (JmxRegister.java:tryRegister(44)) - Successfully registered JMX Bean with object name Ratis:service=RaftServer,group=group-3C037E0C2DD8,id=feac95e6-d772-4287-b681-0d01f32bbe53
2024-04-25 19:24:56,537 [feac95e6-d772-4287-b681-0d01f32bbe53-groupManagement] INFO  server.RaftServerConfigKeys (ConfUtils.java:logGet(46)) - raft.server.snapshot.trigger-when-stop.enabled = true (default)
2024-04-25 19:24:56,537 [feac95e6-d772-4287-b681-0d01f32bbe53-groupManagement] INFO  server.RaftServerConfigKeys (ConfUtils.java:logGet(46)) - raft.server.snapshot.auto.trigger.enabled = true (custom)
2024-04-25 19:24:56,537 [feac95e6-d772-4287-b681-0d01f32bbe53-groupManagement] INFO  server.RaftServerConfigKeys (ConfUtils.java:logGet(46)) - raft.server.snapshot.auto.trigger.threshold = 10000 (custom)
2024-04-25 19:24:56,537 [feac95e6-d772-4287-b681-0d01f32bbe53-groupManagement] INFO  server.RaftServerConfigKeys (ConfUtils.java:logGet(46)) - raft.server.snapshot.retention.file.num = 5 (custom)
2024-04-25 19:24:56,537 [feac95e6-d772-4287-b681-0d01f32bbe53-groupManagement] INFO  server.RaftServerConfigKeys (ConfUtils.java:logGet(46)) - raft.server.log.purge.upto.snapshot.index = false (default)
2024-04-25 19:24:56,538 [feac95e6-d772-4287-b681-0d01f32bbe53@group-3C037E0C2DD8-FollowerState] INFO  server.RaftServerConfigKeys (ConfUtils.java:logFallback(53)) - raft.server.rpc.first-election.timeout.max = 5200ms (fallback to raft.server.rpc.timeout.max)
2024-04-25 19:24:56,538 [feac95e6-d772-4287-b681-0d01f32bbe53-PipelineCommandHandlerThread-0] INFO  ratis.XceiverServerRatis (XceiverServerRatis.java:addGroup(864)) - Created group PipelineID=f9e8d661-89ee-4ea9-a3b0-3c037e0c2dd8
2024-04-25 19:24:56,538 [feac95e6-d772-4287-b681-0d01f32bbe53-PipelineCommandHandlerThread-0] INFO  commandhandler.CreatePipelineCommandHandler (CreatePipelineCommandHandler.java:lambda$handle$2(124)) - Created Pipeline RATIS ONE PipelineID=f9e8d661-89ee-4ea9-a3b0-3c037e0c2dd8.
2024-04-25 19:24:56,591 [1d17c780-3c0c-42fc-a5ed-76046c58c935-PipelineCommandHandlerThread-0] INFO  server.RaftServer (RaftServerProxy.java:addNew(100)) - 1d17c780-3c0c-42fc-a5ed-76046c58c935: addNew group-6E2FF1006568:[1d17c780-3c0c-42fc-a5ed-76046c58c935|127.0.0.1:15121] returns group-6E2FF1006568:java.util.concurrent.CompletableFuture@17a79ce6[Not completed]
2024-04-25 19:24:56,592 [1d17c780-3c0c-42fc-a5ed-76046c58c935-groupManagement] INFO  server.RaftServer$Division (RaftServerImpl.java:<init>(256)) - 1d17c780-3c0c-42fc-a5ed-76046c58c935: new RaftServerImpl for group-6E2FF1006568:[1d17c780-3c0c-42fc-a5ed-76046c58c935|127.0.0.1:15121] with ContainerStateMachine:uninitialized
2024-04-25 19:24:56,592 [1d17c780-3c0c-42fc-a5ed-76046c58c935-groupManagement] INFO  server.RaftServerConfigKeys (ConfUtils.java:logGet(46)) - raft.server.rpc.timeout.min = 5s (custom)
2024-04-25 19:24:56,592 [1d17c780-3c0c-42fc-a5ed-76046c58c935-groupManagement] INFO  server.RaftServerConfigKeys (ConfUtils.java:logGet(46)) - raft.server.rpc.timeout.max = 5200ms (custom)
2024-04-25 19:24:56,592 [1d17c780-3c0c-42fc-a5ed-76046c58c935-groupManagement] INFO  server.RaftServerConfigKeys (ConfUtils.java:logGet(46)) - raft.server.rpc.sleep.time = 25ms (default)
2024-04-25 19:24:56,592 [1d17c780-3c0c-42fc-a5ed-76046c58c935-groupManagement] INFO  server.RaftServerConfigKeys (ConfUtils.java:logGet(46)) - raft.server.rpc.slowness.timeout = 300000ms (custom)
2024-04-25 19:24:56,592 [1d17c780-3c0c-42fc-a5ed-76046c58c935-groupManagement] INFO  server.RaftServerConfigKeys (ConfUtils.java:logGet(46)) - raft.server.leaderelection.leader.step-down.wait-time = 10s (default)
2024-04-25 19:24:56,592 [1d17c780-3c0c-42fc-a5ed-76046c58c935-groupManagement] INFO  server.RaftServerConfigKeys (ConfUtils.java:logGet(46)) - raft.server.leaderelection.member.majority-add = false (default)
2024-04-25 19:24:56,592 [1d17c780-3c0c-42fc-a5ed-76046c58c935-groupManagement] INFO  server.RaftServerConfigKeys (ConfUtils.java:logGet(46)) - raft.server.sleep.deviation.threshold = 300ms (default)
2024-04-25 19:24:56,592 [1d17c780-3c0c-42fc-a5ed-76046c58c935-groupManagement] INFO  server.RaftServer$Division (ServerState.java:<init>(113)) - 1d17c780-3c0c-42fc-a5ed-76046c58c935@group-6E2FF1006568: ConfigurationManager, init=-1: peers:[1d17c780-3c0c-42fc-a5ed-76046c58c935|127.0.0.1:15121]|listeners:[], old=null, confs=<EMPTY_MAP>
2024-04-25 19:24:56,592 [1d17c780-3c0c-42fc-a5ed-76046c58c935-groupManagement] INFO  server.RaftServerConfigKeys (ConfUtils.java:logGet(46)) - raft.server.notification.no-leader.timeout = 300000ms (custom)
2024-04-25 19:24:56,592 [1d17c780-3c0c-42fc-a5ed-76046c58c935-groupManagement] INFO  server.RaftServerConfigKeys (ConfUtils.java:logGet(46)) - raft.server.read.timeout = 10s (default)
2024-04-25 19:24:56,592 [1d17c780-3c0c-42fc-a5ed-76046c58c935-groupManagement] INFO  server.RaftServerConfigKeys (ConfUtils.java:logGet(46)) - raft.server.retrycache.expirytime = 600000ms (custom)
2024-04-25 19:24:56,592 [1d17c780-3c0c-42fc-a5ed-76046c58c935-groupManagement] INFO  server.RaftServerConfigKeys (ConfUtils.java:logGet(46)) - raft.server.retrycache.statistics.expirytime = 100ms (default)
2024-04-25 19:24:56,592 [1d17c780-3c0c-42fc-a5ed-76046c58c935-groupManagement] INFO  server.RaftServerConfigKeys (ConfUtils.java:logGet(46)) - raft.server.read.option = DEFAULT (default)
2024-04-25 19:24:56,593 [1d17c780-3c0c-42fc-a5ed-76046c58c935-groupManagement] INFO  server.RaftServerConfigKeys (ConfUtils.java:logGet(46)) - raft.server.read.read-after-write-consistent.write-index-cache.expiry-time = 60s (default)
2024-04-25 19:24:56,596 [1d17c780-3c0c-42fc-a5ed-76046c58c935-groupManagement] INFO  server.RaftServerConfigKeys (ConfUtils.java:logGet(46)) - raft.server.rpc.request.timeout = 3000ms (default)
2024-04-25 19:24:56,596 [1d17c780-3c0c-42fc-a5ed-76046c58c935-groupManagement] INFO  server.RaftServerConfigKeys (ConfUtils.java:logGet(46)) - raft.server.log.appender.install.snapshot.enabled = false (custom)
2024-04-25 19:24:56,596 [1d17c780-3c0c-42fc-a5ed-76046c58c935-groupManagement] INFO  server.RaftServerConfigKeys (ConfUtils.java:logGet(46)) - raft.server.threadpool.server.cached = true (default)
2024-04-25 19:24:56,596 [1d17c780-3c0c-42fc-a5ed-76046c58c935-groupManagement] INFO  server.RaftServerConfigKeys (ConfUtils.java:logGet(46)) - raft.server.threadpool.server.size = 0 (default)
2024-04-25 19:24:56,596 [1d17c780-3c0c-42fc-a5ed-76046c58c935-groupManagement] INFO  server.RaftServerConfigKeys (ConfUtils.java:logGet(46)) - raft.server.threadpool.client.cached = true (default)
2024-04-25 19:24:56,596 [1d17c780-3c0c-42fc-a5ed-76046c58c935-groupManagement] INFO  server.RaftServerConfigKeys (ConfUtils.java:logGet(46)) - raft.server.threadpool.client.size = 0 (default)
2024-04-25 19:24:56,596 [1d17c780-3c0c-42fc-a5ed-76046c58c935-groupManagement] INFO  server.RaftServerConfigKeys (ConfUtils.java:logGet(46)) - raft.server.storage.free-space.min = 0MB (=0) (default)
2024-04-25 19:24:56,596 [1d17c780-3c0c-42fc-a5ed-76046c58c935-groupManagement] INFO  server.RaftServerConfigKeys (ConfUtils.java:logGet(46)) - raft.server.log.corruption.policy = EXCEPTION (default)
2024-04-25 19:24:56,596 [1d17c780-3c0c-42fc-a5ed-76046c58c935-groupManagement] INFO  server.RaftServerConfigKeys (ConfUtils.java:logGet(46)) - raft.server.storage.dir = [/home/runner/work/ozone/ozone/hadoop-ozone/integration-test/target/test-dir/MiniOzoneClusterImpl-d2e81863-a659-4dd2-bdb8-fa97662d499c/ozone-meta/datanode-3/ratis] (custom)
2024-04-25 19:24:56,597 [1d17c780-3c0c-42fc-a5ed-76046c58c935-groupManagement] INFO  storage.RaftStorageDirectory (RaftStorageDirectoryImpl.java:analyzeStorage(138)) - The storage directory /home/runner/work/ozone/ozone/hadoop-ozone/integration-test/target/test-dir/MiniOzoneClusterImpl-d2e81863-a659-4dd2-bdb8-fa97662d499c/ozone-meta/datanode-3/ratis/c853f4f3-b2cf-4d91-ae69-6e2ff1006568 does not exist. Creating ...
2024-04-25 19:24:56,598 [1d17c780-3c0c-42fc-a5ed-76046c58c935-groupManagement] INFO  storage.RaftStorageDirectory (RaftStorageDirectoryImpl.java:tryLock(228)) - Lock on /home/runner/work/ozone/ozone/hadoop-ozone/integration-test/target/test-dir/MiniOzoneClusterImpl-d2e81863-a659-4dd2-bdb8-fa97662d499c/ozone-meta/datanode-3/ratis/c853f4f3-b2cf-4d91-ae69-6e2ff1006568/in_use.lock acquired by nodename 21201@fv-az524-255
2024-04-25 19:24:56,603 [1d17c780-3c0c-42fc-a5ed-76046c58c935-groupManagement] INFO  storage.RaftStorage (RaftStorageImpl.java:format(99)) - Storage directory /home/runner/work/ozone/ozone/hadoop-ozone/integration-test/target/test-dir/MiniOzoneClusterImpl-d2e81863-a659-4dd2-bdb8-fa97662d499c/ozone-meta/datanode-3/ratis/c853f4f3-b2cf-4d91-ae69-6e2ff1006568 has been successfully formatted.
2024-04-25 19:24:56,604 [1d17c780-3c0c-42fc-a5ed-76046c58c935-groupManagement] WARN  util.FileUtils (LogUtils.java:supplyAndLog(63)) - Failed to Files.newInputStream /home/runner/work/ozone/ozone/hadoop-ozone/integration-test/target/test-dir/MiniOzoneClusterImpl-d2e81863-a659-4dd2-bdb8-fa97662d499c/ozone-meta/datanode-3/ratis/c853f4f3-b2cf-4d91-ae69-6e2ff1006568/current/raft-meta.conf with options []: java.nio.file.NoSuchFileException: /home/runner/work/ozone/ozone/hadoop-ozone/integration-test/target/test-dir/MiniOzoneClusterImpl-d2e81863-a659-4dd2-bdb8-fa97662d499c/ozone-meta/datanode-3/ratis/c853f4f3-b2cf-4d91-ae69-6e2ff1006568/current/raft-meta.conf
2024-04-25 19:24:56,604 [1d17c780-3c0c-42fc-a5ed-76046c58c935-groupManagement] INFO  ratis.ContainerStateMachine (ContainerStateMachine.java:loadSnapshot(287)) - group-6E2FF1006568: The snapshot info is null. Setting the last applied index to:(t:0, i:~)
2024-04-25 19:24:56,604 [1d17c780-3c0c-42fc-a5ed-76046c58c935-groupManagement] INFO  server.RaftServerConfigKeys (ConfUtils.java:logGet(46)) - raft.server.log.use.memory = false (default)
2024-04-25 19:24:56,604 [1d17c780-3c0c-42fc-a5ed-76046c58c935-groupManagement] INFO  server.RaftServerConfigKeys (ConfUtils.java:logGet(46)) - raft.server.log.purge.gap = 1000000 (custom)
2024-04-25 19:24:56,604 [1d17c780-3c0c-42fc-a5ed-76046c58c935-groupManagement] INFO  server.RaftServerConfigKeys (ConfUtils.java:logGet(46)) - raft.server.log.appender.buffer.byte-limit = 8388608 (custom)
2024-04-25 19:24:56,604 [1d17c780-3c0c-42fc-a5ed-76046c58c935-groupManagement] INFO  server.RaftServerConfigKeys (ConfUtils.java:logGet(46)) - raft.server.log.statemachine.data.read.timeout = 1000ms (default)
2024-04-25 19:24:56,604 [1d17c780-3c0c-42fc-a5ed-76046c58c935-groupManagement] INFO  server.RaftServerConfigKeys (ConfUtils.java:logGet(46)) - raft.server.log.purge.preservation.log.num = 0 (default)
2024-04-25 19:24:56,606 [EventQueue-PipelineReportForPipelineReportHandler] INFO  pipeline.PipelineReportHandler (PipelineReportHandler.java:processPipelineReport(136)) - Opened pipeline PipelineID=c853f4f3-b2cf-4d91-ae69-6e2ff1006568
2024-04-25 19:24:56,606 [1d17c780-3c0c-42fc-a5ed-76046c58c935-groupManagement] INFO  server.RaftServerConfigKeys (ConfUtils.java:logGet(46)) - raft.server.log.segment.size.max = 67108864 (custom)
2024-04-25 19:24:56,606 [EventQueue-OpenPipelineForHealthyPipelineSafeModeRule] INFO  safemode.SCMSafeModeManager (HealthyPipelineSafeModeRule.java:process(140)) - SCM in safe mode. Healthy pipelines reported count is 0, required healthy pipeline reported count is 1
2024-04-25 19:24:56,606 [1d17c780-3c0c-42fc-a5ed-76046c58c935-groupManagement] INFO  server.RaftServerConfigKeys (ConfUtils.java:logGet(46)) - raft.server.log.segment.cache.num.max = 2 (custom)
2024-04-25 19:24:56,606 [1d17c780-3c0c-42fc-a5ed-76046c58c935-groupManagement] INFO  server.RaftServerConfigKeys (ConfUtils.java:logGet(46)) - raft.server.log.segment.cache.size.max = 200MB (=209715200) (default)
2024-04-25 19:24:56,606 [1d17c780-3c0c-42fc-a5ed-76046c58c935-groupManagement] INFO  server.RaftServerConfigKeys (ConfUtils.java:logGet(46)) - raft.server.log.appender.buffer.byte-limit = 8388608 (custom)
2024-04-25 19:24:56,607 [1d17c780-3c0c-42fc-a5ed-76046c58c935-groupManagement] INFO  util.AwaitToRun (AwaitToRun.java:start(81)) - Thread[1d17c780-3c0c-42fc-a5ed-76046c58c935@group-6E2FF1006568-cacheEviction-AwaitToRun,5,main] started
2024-04-25 19:24:56,607 [1d17c780-3c0c-42fc-a5ed-76046c58c935-groupManagement] INFO  segmented.SegmentedRaftLogWorker (SegmentedRaftLogWorker.java:<init>(182)) - new 1d17c780-3c0c-42fc-a5ed-76046c58c935@group-6E2FF1006568-SegmentedRaftLogWorker for RaftStorageImpl:Storage Directory /home/runner/work/ozone/ozone/hadoop-ozone/integration-test/target/test-dir/MiniOzoneClusterImpl-d2e81863-a659-4dd2-bdb8-fa97662d499c/ozone-meta/datanode-3/ratis/c853f4f3-b2cf-4d91-ae69-6e2ff1006568
2024-04-25 19:24:56,607 [1d17c780-3c0c-42fc-a5ed-76046c58c935-groupManagement] INFO  server.RaftServerConfigKeys (ConfUtils.java:logGet(46)) - raft.server.log.queue.byte-limit = 4294967296 (custom)
2024-04-25 19:24:56,607 [1d17c780-3c0c-42fc-a5ed-76046c58c935-groupManagement] INFO  server.RaftServerConfigKeys (ConfUtils.java:logGet(46)) - raft.server.log.queue.element-limit = 1024 (custom)
2024-04-25 19:24:56,607 [1d17c780-3c0c-42fc-a5ed-76046c58c935-groupManagement] INFO  server.RaftServerConfigKeys (ConfUtils.java:logGet(46)) - raft.server.log.segment.size.max = 67108864 (custom)
2024-04-25 19:24:56,607 [1d17c780-3c0c-42fc-a5ed-76046c58c935-groupManagement] INFO  server.RaftServerConfigKeys (ConfUtils.java:logGet(46)) - raft.server.log.preallocated.size = 4194304 (custom)
2024-04-25 19:24:56,607 [1d17c780-3c0c-42fc-a5ed-76046c58c935-groupManagement] INFO  server.RaftServerConfigKeys (ConfUtils.java:logGet(46)) - raft.server.log.force.sync.num = 128 (default)
2024-04-25 19:24:56,607 [1d17c780-3c0c-42fc-a5ed-76046c58c935-groupManagement] INFO  server.RaftServerConfigKeys (ConfUtils.java:logGet(46)) - raft.server.log.statemachine.data.sync = true (default)
2024-04-25 19:24:56,607 [1d17c780-3c0c-42fc-a5ed-76046c58c935-groupManagement] INFO  server.RaftServerConfigKeys (ConfUtils.java:logGet(46)) - raft.server.log.statemachine.data.sync.timeout = 10s (default)
2024-04-25 19:24:56,607 [1d17c780-3c0c-42fc-a5ed-76046c58c935-groupManagement] INFO  server.RaftServerConfigKeys (ConfUtils.java:logGet(46)) - raft.server.log.statemachine.data.sync.timeout.retry = 30 (custom)
2024-04-25 19:24:56,608 [1d17c780-3c0c-42fc-a5ed-76046c58c935-groupManagement] INFO  server.RaftServerConfigKeys (ConfUtils.java:logGet(46)) - raft.server.log.write.buffer.size = 8388616 (custom)
2024-04-25 19:24:56,609 [1d17c780-3c0c-42fc-a5ed-76046c58c935-groupManagement] INFO  server.RaftServerConfigKeys (ConfUtils.java:logGet(46)) - raft.server.log.appender.buffer.byte-limit = 8388608 (custom)
2024-04-25 19:24:56,609 [1d17c780-3c0c-42fc-a5ed-76046c58c935-groupManagement] INFO  server.RaftServerConfigKeys (ConfUtils.java:logGet(46)) - raft.server.log.unsafe-flush.enabled = false (default)
2024-04-25 19:24:56,609 [1d17c780-3c0c-42fc-a5ed-76046c58c935-groupManagement] INFO  server.RaftServerConfigKeys (ConfUtils.java:logGet(46)) - raft.server.log.async-flush.enabled = false (default)
2024-04-25 19:24:56,609 [1d17c780-3c0c-42fc-a5ed-76046c58c935-groupManagement] INFO  server.RaftServerConfigKeys (ConfUtils.java:logGet(46)) - raft.server.log.statemachine.data.caching.enabled = true (custom)
2024-04-25 19:24:56,610 [1d17c780-3c0c-42fc-a5ed-76046c58c935-groupManagement] INFO  segmented.SegmentedRaftLogWorker (SegmentedRaftLogWorker.java:lambda$new$0(134)) - 1d17c780-3c0c-42fc-a5ed-76046c58c935@group-6E2FF1006568-SegmentedRaftLogWorker: flushIndex: setUnconditionally 0 -> -1
2024-04-25 19:24:56,610 [1d17c780-3c0c-42fc-a5ed-76046c58c935-groupManagement] INFO  segmented.SegmentedRaftLogWorker (SegmentedRaftLogWorker.java:lambda$new$0(134)) - 1d17c780-3c0c-42fc-a5ed-76046c58c935@group-6E2FF1006568-SegmentedRaftLogWorker: safeCacheEvictIndex: setUnconditionally 0 -> -1
2024-04-25 19:24:56,610 [1d17c780-3c0c-42fc-a5ed-76046c58c935-groupManagement] INFO  server.RaftServer$Division (RaftServerImpl.java:start(396)) - 1d17c780-3c0c-42fc-a5ed-76046c58c935@group-6E2FF1006568: start as a follower, conf=-1: peers:[1d17c780-3c0c-42fc-a5ed-76046c58c935|127.0.0.1:15121]|listeners:[], old=null
2024-04-25 19:24:56,610 [1d17c780-3c0c-42fc-a5ed-76046c58c935-groupManagement] INFO  server.RaftServer$Division (RaftServerImpl.java:setRole(383)) - 1d17c780-3c0c-42fc-a5ed-76046c58c935@group-6E2FF1006568: changes role from      null to FOLLOWER at term 0 for startAsFollower
2024-04-25 19:24:56,610 [1d17c780-3c0c-42fc-a5ed-76046c58c935-groupManagement] INFO  impl.RoleInfo (RoleInfo.java:updateAndGet(139)) - 1d17c780-3c0c-42fc-a5ed-76046c58c935: start 1d17c780-3c0c-42fc-a5ed-76046c58c935@group-6E2FF1006568-FollowerState
2024-04-25 19:24:56,610 [1d17c780-3c0c-42fc-a5ed-76046c58c935-groupManagement] INFO  util.JmxRegister (JmxRegister.java:tryRegister(44)) - Successfully registered JMX Bean with object name Ratis:service=RaftServer,group=group-6E2FF1006568,id=1d17c780-3c0c-42fc-a5ed-76046c58c935
2024-04-25 19:24:56,610 [1d17c780-3c0c-42fc-a5ed-76046c58c935-groupManagement] INFO  server.RaftServerConfigKeys (ConfUtils.java:logGet(46)) - raft.server.snapshot.trigger-when-stop.enabled = true (default)
2024-04-25 19:24:56,610 [1d17c780-3c0c-42fc-a5ed-76046c58c935@group-6E2FF1006568-FollowerState] INFO  server.RaftServerConfigKeys (ConfUtils.java:logFallback(53)) - raft.server.rpc.first-election.timeout.min = 5s (fallback to raft.server.rpc.timeout.min)
2024-04-25 19:24:56,611 [1d17c780-3c0c-42fc-a5ed-76046c58c935-groupManagement] INFO  server.RaftServerConfigKeys (ConfUtils.java:logGet(46)) - raft.server.snapshot.auto.trigger.enabled = true (custom)
2024-04-25 19:24:56,611 [1d17c780-3c0c-42fc-a5ed-76046c58c935-groupManagement] INFO  server.RaftServerConfigKeys (ConfUtils.java:logGet(46)) - raft.server.snapshot.auto.trigger.threshold = 10000 (custom)
2024-04-25 19:24:56,611 [1d17c780-3c0c-42fc-a5ed-76046c58c935-groupManagement] INFO  server.RaftServerConfigKeys (ConfUtils.java:logGet(46)) - raft.server.snapshot.retention.file.num = 5 (custom)
2024-04-25 19:24:56,611 [1d17c780-3c0c-42fc-a5ed-76046c58c935-groupManagement] INFO  server.RaftServerConfigKeys (ConfUtils.java:logGet(46)) - raft.server.log.purge.upto.snapshot.index = false (default)
2024-04-25 19:24:56,611 [1d17c780-3c0c-42fc-a5ed-76046c58c935@group-6E2FF1006568-FollowerState] INFO  server.RaftServerConfigKeys (ConfUtils.java:logFallback(53)) - raft.server.rpc.first-election.timeout.max = 5200ms (fallback to raft.server.rpc.timeout.max)
2024-04-25 19:24:56,612 [1d17c780-3c0c-42fc-a5ed-76046c58c935-PipelineCommandHandlerThread-0] INFO  ratis.XceiverServerRatis (XceiverServerRatis.java:addGroup(864)) - Created group PipelineID=c853f4f3-b2cf-4d91-ae69-6e2ff1006568
2024-04-25 19:24:56,612 [1d17c780-3c0c-42fc-a5ed-76046c58c935-PipelineCommandHandlerThread-0] INFO  commandhandler.CreatePipelineCommandHandler (CreatePipelineCommandHandler.java:lambda$handle$2(124)) - Created Pipeline RATIS ONE PipelineID=c853f4f3-b2cf-4d91-ae69-6e2ff1006568.
2024-04-25 19:24:56,655 [b2172664-c1c5-4da6-8eba-635cc9cc8385-PipelineCommandHandlerThread-0] INFO  server.RaftServer (RaftServerProxy.java:addNew(100)) - b2172664-c1c5-4da6-8eba-635cc9cc8385: addNew group-66EBCD3A31E1:[b2172664-c1c5-4da6-8eba-635cc9cc8385|127.0.0.1:15130] returns group-66EBCD3A31E1:java.util.concurrent.CompletableFuture@32854e0[Not completed]
2024-04-25 19:24:56,656 [b2172664-c1c5-4da6-8eba-635cc9cc8385-groupManagement] INFO  server.RaftServer$Division (RaftServerImpl.java:<init>(256)) - b2172664-c1c5-4da6-8eba-635cc9cc8385: new RaftServerImpl for group-66EBCD3A31E1:[b2172664-c1c5-4da6-8eba-635cc9cc8385|127.0.0.1:15130] with ContainerStateMachine:uninitialized
2024-04-25 19:24:56,656 [b2172664-c1c5-4da6-8eba-635cc9cc8385-groupManagement] INFO  server.RaftServerConfigKeys (ConfUtils.java:logGet(46)) - raft.server.rpc.timeout.min = 5s (custom)
2024-04-25 19:24:56,656 [b2172664-c1c5-4da6-8eba-635cc9cc8385-groupManagement] INFO  server.RaftServerConfigKeys (ConfUtils.java:logGet(46)) - raft.server.rpc.timeout.max = 5200ms (custom)
2024-04-25 19:24:56,656 [b2172664-c1c5-4da6-8eba-635cc9cc8385-groupManagement] INFO  server.RaftServerConfigKeys (ConfUtils.java:logGet(46)) - raft.server.rpc.sleep.time = 25ms (default)
2024-04-25 19:24:56,656 [b2172664-c1c5-4da6-8eba-635cc9cc8385-groupManagement] INFO  server.RaftServerConfigKeys (ConfUtils.java:logGet(46)) - raft.server.rpc.slowness.timeout = 300000ms (custom)
2024-04-25 19:24:56,656 [b2172664-c1c5-4da6-8eba-635cc9cc8385-groupManagement] INFO  server.RaftServerConfigKeys (ConfUtils.java:logGet(46)) - raft.server.leaderelection.leader.step-down.wait-time = 10s (default)
2024-04-25 19:24:56,656 [b2172664-c1c5-4da6-8eba-635cc9cc8385-groupManagement] INFO  server.RaftServerConfigKeys (ConfUtils.java:logGet(46)) - raft.server.leaderelection.member.majority-add = false (default)
2024-04-25 19:24:56,656 [b2172664-c1c5-4da6-8eba-635cc9cc8385-groupManagement] INFO  server.RaftServerConfigKeys (ConfUtils.java:logGet(46)) - raft.server.sleep.deviation.threshold = 300ms (default)
2024-04-25 19:24:56,656 [b2172664-c1c5-4da6-8eba-635cc9cc8385-groupManagement] INFO  server.RaftServer$Division (ServerState.java:<init>(113)) - b2172664-c1c5-4da6-8eba-635cc9cc8385@group-66EBCD3A31E1: ConfigurationManager, init=-1: peers:[b2172664-c1c5-4da6-8eba-635cc9cc8385|127.0.0.1:15130]|listeners:[], old=null, confs=<EMPTY_MAP>
2024-04-25 19:24:56,656 [b2172664-c1c5-4da6-8eba-635cc9cc8385-groupManagement] INFO  server.RaftServerConfigKeys (ConfUtils.java:logGet(46)) - raft.server.notification.no-leader.timeout = 300000ms (custom)
2024-04-25 19:24:56,657 [b2172664-c1c5-4da6-8eba-635cc9cc8385-groupManagement] INFO  server.RaftServerConfigKeys (ConfUtils.java:logGet(46)) - raft.server.read.timeout = 10s (default)
2024-04-25 19:24:56,657 [b2172664-c1c5-4da6-8eba-635cc9cc8385-groupManagement] INFO  server.RaftServerConfigKeys (ConfUtils.java:logGet(46)) - raft.server.retrycache.expirytime = 600000ms (custom)
2024-04-25 19:24:56,657 [b2172664-c1c5-4da6-8eba-635cc9cc8385-groupManagement] INFO  server.RaftServerConfigKeys (ConfUtils.java:logGet(46)) - raft.server.retrycache.statistics.expirytime = 100ms (default)
2024-04-25 19:24:56,657 [b2172664-c1c5-4da6-8eba-635cc9cc8385-groupManagement] INFO  server.RaftServerConfigKeys (ConfUtils.java:logGet(46)) - raft.server.read.option = DEFAULT (default)
2024-04-25 19:24:56,657 [b2172664-c1c5-4da6-8eba-635cc9cc8385-groupManagement] INFO  server.RaftServerConfigKeys (ConfUtils.java:logGet(46)) - raft.server.read.read-after-write-consistent.write-index-cache.expiry-time = 60s (default)
2024-04-25 19:24:56,659 [b2172664-c1c5-4da6-8eba-635cc9cc8385-groupManagement] INFO  server.RaftServerConfigKeys (ConfUtils.java:logGet(46)) - raft.server.rpc.request.timeout = 3000ms (default)
2024-04-25 19:24:56,659 [b2172664-c1c5-4da6-8eba-635cc9cc8385-groupManagement] INFO  server.RaftServerConfigKeys (ConfUtils.java:logGet(46)) - raft.server.log.appender.install.snapshot.enabled = false (custom)
2024-04-25 19:24:56,659 [b2172664-c1c5-4da6-8eba-635cc9cc8385-groupManagement] INFO  server.RaftServerConfigKeys (ConfUtils.java:logGet(46)) - raft.server.threadpool.server.cached = true (default)
2024-04-25 19:24:56,659 [b2172664-c1c5-4da6-8eba-635cc9cc8385-groupManagement] INFO  server.RaftServerConfigKeys (ConfUtils.java:logGet(46)) - raft.server.threadpool.server.size = 0 (default)
2024-04-25 19:24:56,659 [b2172664-c1c5-4da6-8eba-635cc9cc8385-groupManagement] INFO  server.RaftServerConfigKeys (ConfUtils.java:logGet(46)) - raft.server.threadpool.client.cached = true (default)
2024-04-25 19:24:56,659 [b2172664-c1c5-4da6-8eba-635cc9cc8385-groupManagement] INFO  server.RaftServerConfigKeys (ConfUtils.java:logGet(46)) - raft.server.threadpool.client.size = 0 (default)
2024-04-25 19:24:56,659 [b2172664-c1c5-4da6-8eba-635cc9cc8385-groupManagement] INFO  server.RaftServerConfigKeys (ConfUtils.java:logGet(46)) - raft.server.storage.free-space.min = 0MB (=0) (default)
2024-04-25 19:24:56,659 [b2172664-c1c5-4da6-8eba-635cc9cc8385-groupManagement] INFO  server.RaftServerConfigKeys (ConfUtils.java:logGet(46)) - raft.server.log.corruption.policy = EXCEPTION (default)
2024-04-25 19:24:56,659 [b2172664-c1c5-4da6-8eba-635cc9cc8385-groupManagement] INFO  server.RaftServerConfigKeys (ConfUtils.java:logGet(46)) - raft.server.storage.dir = [/home/runner/work/ozone/ozone/hadoop-ozone/integration-test/target/test-dir/MiniOzoneClusterImpl-d2e81863-a659-4dd2-bdb8-fa97662d499c/ozone-meta/datanode-4/ratis] (custom)
2024-04-25 19:24:56,659 [b2172664-c1c5-4da6-8eba-635cc9cc8385-groupManagement] INFO  storage.RaftStorageDirectory (RaftStorageDirectoryImpl.java:analyzeStorage(138)) - The storage directory /home/runner/work/ozone/ozone/hadoop-ozone/integration-test/target/test-dir/MiniOzoneClusterImpl-d2e81863-a659-4dd2-bdb8-fa97662d499c/ozone-meta/datanode-4/ratis/5859b496-42ce-4837-b131-66ebcd3a31e1 does not exist. Creating ...
2024-04-25 19:24:56,660 [b2172664-c1c5-4da6-8eba-635cc9cc8385-groupManagement] INFO  storage.RaftStorageDirectory (RaftStorageDirectoryImpl.java:tryLock(228)) - Lock on /home/runner/work/ozone/ozone/hadoop-ozone/integration-test/target/test-dir/MiniOzoneClusterImpl-d2e81863-a659-4dd2-bdb8-fa97662d499c/ozone-meta/datanode-4/ratis/5859b496-42ce-4837-b131-66ebcd3a31e1/in_use.lock acquired by nodename 21201@fv-az524-255
2024-04-25 19:24:56,661 [b2172664-c1c5-4da6-8eba-635cc9cc8385-groupManagement] INFO  storage.RaftStorage (RaftStorageImpl.java:format(99)) - Storage directory /home/runner/work/ozone/ozone/hadoop-ozone/integration-test/target/test-dir/MiniOzoneClusterImpl-d2e81863-a659-4dd2-bdb8-fa97662d499c/ozone-meta/datanode-4/ratis/5859b496-42ce-4837-b131-66ebcd3a31e1 has been successfully formatted.
2024-04-25 19:24:56,661 [b2172664-c1c5-4da6-8eba-635cc9cc8385-groupManagement] WARN  util.FileUtils (LogUtils.java:supplyAndLog(63)) - Failed to Files.newInputStream /home/runner/work/ozone/ozone/hadoop-ozone/integration-test/target/test-dir/MiniOzoneClusterImpl-d2e81863-a659-4dd2-bdb8-fa97662d499c/ozone-meta/datanode-4/ratis/5859b496-42ce-4837-b131-66ebcd3a31e1/current/raft-meta.conf with options []: java.nio.file.NoSuchFileException: /home/runner/work/ozone/ozone/hadoop-ozone/integration-test/target/test-dir/MiniOzoneClusterImpl-d2e81863-a659-4dd2-bdb8-fa97662d499c/ozone-meta/datanode-4/ratis/5859b496-42ce-4837-b131-66ebcd3a31e1/current/raft-meta.conf
2024-04-25 19:24:56,662 [b2172664-c1c5-4da6-8eba-635cc9cc8385-groupManagement] INFO  ratis.ContainerStateMachine (ContainerStateMachine.java:loadSnapshot(287)) - group-66EBCD3A31E1: The snapshot info is null. Setting the last applied index to:(t:0, i:~)
2024-04-25 19:24:56,662 [b2172664-c1c5-4da6-8eba-635cc9cc8385-groupManagement] INFO  server.RaftServerConfigKeys (ConfUtils.java:logGet(46)) - raft.server.log.use.memory = false (default)
2024-04-25 19:24:56,662 [b2172664-c1c5-4da6-8eba-635cc9cc8385-groupManagement] INFO  server.RaftServerConfigKeys (ConfUtils.java:logGet(46)) - raft.server.log.purge.gap = 1000000 (custom)
2024-04-25 19:24:56,662 [b2172664-c1c5-4da6-8eba-635cc9cc8385-groupManagement] INFO  server.RaftServerConfigKeys (ConfUtils.java:logGet(46)) - raft.server.log.appender.buffer.byte-limit = 8388608 (custom)
2024-04-25 19:24:56,662 [b2172664-c1c5-4da6-8eba-635cc9cc8385-groupManagement] INFO  server.RaftServerConfigKeys (ConfUtils.java:logGet(46)) - raft.server.log.statemachine.data.read.timeout = 1000ms (default)
2024-04-25 19:24:56,662 [b2172664-c1c5-4da6-8eba-635cc9cc8385-groupManagement] INFO  server.RaftServerConfigKeys (ConfUtils.java:logGet(46)) - raft.server.log.purge.preservation.log.num = 0 (default)
2024-04-25 19:24:56,664 [EventQueue-PipelineReportForPipelineReportHandler] INFO  pipeline.PipelineReportHandler (PipelineReportHandler.java:processPipelineReport(136)) - Opened pipeline PipelineID=5859b496-42ce-4837-b131-66ebcd3a31e1
2024-04-25 19:24:56,664 [EventQueue-OpenPipelineForHealthyPipelineSafeModeRule] INFO  safemode.SCMSafeModeManager (HealthyPipelineSafeModeRule.java:process(140)) - SCM in safe mode. Healthy pipelines reported count is 0, required healthy pipeline reported count is 1
2024-04-25 19:24:56,664 [b2172664-c1c5-4da6-8eba-635cc9cc8385-groupManagement] INFO  server.RaftServerConfigKeys (ConfUtils.java:logGet(46)) - raft.server.log.segment.size.max = 67108864 (custom)
2024-04-25 19:24:56,664 [b2172664-c1c5-4da6-8eba-635cc9cc8385-groupManagement] INFO  server.RaftServerConfigKeys (ConfUtils.java:logGet(46)) - raft.server.log.segment.cache.num.max = 2 (custom)
2024-04-25 19:24:56,664 [b2172664-c1c5-4da6-8eba-635cc9cc8385-groupManagement] INFO  server.RaftServerConfigKeys (ConfUtils.java:logGet(46)) - raft.server.log.segment.cache.size.max = 200MB (=209715200) (default)
2024-04-25 19:24:56,664 [b2172664-c1c5-4da6-8eba-635cc9cc8385-groupManagement] INFO  server.RaftServerConfigKeys (ConfUtils.java:logGet(46)) - raft.server.log.appender.buffer.byte-limit = 8388608 (custom)
2024-04-25 19:24:56,665 [b2172664-c1c5-4da6-8eba-635cc9cc8385-groupManagement] INFO  util.AwaitToRun (AwaitToRun.java:start(81)) - Thread[b2172664-c1c5-4da6-8eba-635cc9cc8385@group-66EBCD3A31E1-cacheEviction-AwaitToRun,5,main] started
2024-04-25 19:24:56,665 [b2172664-c1c5-4da6-8eba-635cc9cc8385-groupManagement] INFO  segmented.SegmentedRaftLogWorker (SegmentedRaftLogWorker.java:<init>(182)) - new b2172664-c1c5-4da6-8eba-635cc9cc8385@group-66EBCD3A31E1-SegmentedRaftLogWorker for RaftStorageImpl:Storage Directory /home/runner/work/ozone/ozone/hadoop-ozone/integration-test/target/test-dir/MiniOzoneClusterImpl-d2e81863-a659-4dd2-bdb8-fa97662d499c/ozone-meta/datanode-4/ratis/5859b496-42ce-4837-b131-66ebcd3a31e1
2024-04-25 19:24:56,665 [b2172664-c1c5-4da6-8eba-635cc9cc8385-groupManagement] INFO  server.RaftServerConfigKeys (ConfUtils.java:logGet(46)) - raft.server.log.queue.byte-limit = 4294967296 (custom)
2024-04-25 19:24:56,665 [b2172664-c1c5-4da6-8eba-635cc9cc8385-groupManagement] INFO  server.RaftServerConfigKeys (ConfUtils.java:logGet(46)) - raft.server.log.queue.element-limit = 1024 (custom)
2024-04-25 19:24:56,665 [b2172664-c1c5-4da6-8eba-635cc9cc8385-groupManagement] INFO  server.RaftServerConfigKeys (ConfUtils.java:logGet(46)) - raft.server.log.segment.size.max = 67108864 (custom)
2024-04-25 19:24:56,665 [b2172664-c1c5-4da6-8eba-635cc9cc8385-groupManagement] INFO  server.RaftServerConfigKeys (ConfUtils.java:logGet(46)) - raft.server.log.preallocated.size = 4194304 (custom)
2024-04-25 19:24:56,665 [b2172664-c1c5-4da6-8eba-635cc9cc8385-groupManagement] INFO  server.RaftServerConfigKeys (ConfUtils.java:logGet(46)) - raft.server.log.force.sync.num = 128 (default)
2024-04-25 19:24:56,665 [b2172664-c1c5-4da6-8eba-635cc9cc8385-groupManagement] INFO  server.RaftServerConfigKeys (ConfUtils.java:logGet(46)) - raft.server.log.statemachine.data.sync = true (default)
2024-04-25 19:24:56,665 [b2172664-c1c5-4da6-8eba-635cc9cc8385-groupManagement] INFO  server.RaftServerConfigKeys (ConfUtils.java:logGet(46)) - raft.server.log.statemachine.data.sync.timeout = 10s (default)
2024-04-25 19:24:56,665 [b2172664-c1c5-4da6-8eba-635cc9cc8385-groupManagement] INFO  server.RaftServerConfigKeys (ConfUtils.java:logGet(46)) - raft.server.log.statemachine.data.sync.timeout.retry = 30 (custom)
2024-04-25 19:24:56,665 [b2172664-c1c5-4da6-8eba-635cc9cc8385-groupManagement] INFO  server.RaftServerConfigKeys (ConfUtils.java:logGet(46)) - raft.server.log.write.buffer.size = 8388616 (custom)
2024-04-25 19:24:56,667 [b2172664-c1c5-4da6-8eba-635cc9cc8385-groupManagement] INFO  server.RaftServerConfigKeys (ConfUtils.java:logGet(46)) - raft.server.log.appender.buffer.byte-limit = 8388608 (custom)
2024-04-25 19:24:56,667 [b2172664-c1c5-4da6-8eba-635cc9cc8385-groupManagement] INFO  server.RaftServerConfigKeys (ConfUtils.java:logGet(46)) - raft.server.log.unsafe-flush.enabled = false (default)
2024-04-25 19:24:56,667 [b2172664-c1c5-4da6-8eba-635cc9cc8385-groupManagement] INFO  server.RaftServerConfigKeys (ConfUtils.java:logGet(46)) - raft.server.log.async-flush.enabled = false (default)
2024-04-25 19:24:56,667 [b2172664-c1c5-4da6-8eba-635cc9cc8385-groupManagement] INFO  server.RaftServerConfigKeys (ConfUtils.java:logGet(46)) - raft.server.log.statemachine.data.caching.enabled = true (custom)
2024-04-25 19:24:56,667 [b2172664-c1c5-4da6-8eba-635cc9cc8385-groupManagement] INFO  segmented.SegmentedRaftLogWorker (SegmentedRaftLogWorker.java:lambda$new$0(134)) - b2172664-c1c5-4da6-8eba-635cc9cc8385@group-66EBCD3A31E1-SegmentedRaftLogWorker: flushIndex: setUnconditionally 0 -> -1
2024-04-25 19:24:56,667 [b2172664-c1c5-4da6-8eba-635cc9cc8385-groupManagement] INFO  segmented.SegmentedRaftLogWorker (SegmentedRaftLogWorker.java:lambda$new$0(134)) - b2172664-c1c5-4da6-8eba-635cc9cc8385@group-66EBCD3A31E1-SegmentedRaftLogWorker: safeCacheEvictIndex: setUnconditionally 0 -> -1
2024-04-25 19:24:56,667 [b2172664-c1c5-4da6-8eba-635cc9cc8385-groupManagement] INFO  server.RaftServer$Division (RaftServerImpl.java:start(396)) - b2172664-c1c5-4da6-8eba-635cc9cc8385@group-66EBCD3A31E1: start as a follower, conf=-1: peers:[b2172664-c1c5-4da6-8eba-635cc9cc8385|127.0.0.1:15130]|listeners:[], old=null
2024-04-25 19:24:56,667 [b2172664-c1c5-4da6-8eba-635cc9cc8385-groupManagement] INFO  server.RaftServer$Division (RaftServerImpl.java:setRole(383)) - b2172664-c1c5-4da6-8eba-635cc9cc8385@group-66EBCD3A31E1: changes role from      null to FOLLOWER at term 0 for startAsFollower
2024-04-25 19:24:56,667 [b2172664-c1c5-4da6-8eba-635cc9cc8385-groupManagement] INFO  impl.RoleInfo (RoleInfo.java:updateAndGet(139)) - b2172664-c1c5-4da6-8eba-635cc9cc8385: start b2172664-c1c5-4da6-8eba-635cc9cc8385@group-66EBCD3A31E1-FollowerState
2024-04-25 19:24:56,668 [b2172664-c1c5-4da6-8eba-635cc9cc8385@group-66EBCD3A31E1-FollowerState] INFO  server.RaftServerConfigKeys (ConfUtils.java:logFallback(53)) - raft.server.rpc.first-election.timeout.min = 5s (fallback to raft.server.rpc.timeout.min)
2024-04-25 19:24:56,668 [b2172664-c1c5-4da6-8eba-635cc9cc8385@group-66EBCD3A31E1-FollowerState] INFO  server.RaftServerConfigKeys (ConfUtils.java:logFallback(53)) - raft.server.rpc.first-election.timeout.max = 5200ms (fallback to raft.server.rpc.timeout.max)
2024-04-25 19:24:56,668 [b2172664-c1c5-4da6-8eba-635cc9cc8385-groupManagement] INFO  util.JmxRegister (JmxRegister.java:tryRegister(44)) - Successfully registered JMX Bean with object name Ratis:service=RaftServer,group=group-66EBCD3A31E1,id=b2172664-c1c5-4da6-8eba-635cc9cc8385
2024-04-25 19:24:56,668 [b2172664-c1c5-4da6-8eba-635cc9cc8385-groupManagement] INFO  server.RaftServerConfigKeys (ConfUtils.java:logGet(46)) - raft.server.snapshot.trigger-when-stop.enabled = true (default)
2024-04-25 19:24:56,668 [b2172664-c1c5-4da6-8eba-635cc9cc8385-groupManagement] INFO  server.RaftServerConfigKeys (ConfUtils.java:logGet(46)) - raft.server.snapshot.auto.trigger.enabled = true (custom)
2024-04-25 19:24:56,668 [b2172664-c1c5-4da6-8eba-635cc9cc8385-groupManagement] INFO  server.RaftServerConfigKeys (ConfUtils.java:logGet(46)) - raft.server.snapshot.auto.trigger.threshold = 10000 (custom)
2024-04-25 19:24:56,668 [b2172664-c1c5-4da6-8eba-635cc9cc8385-groupManagement] INFO  server.RaftServerConfigKeys (ConfUtils.java:logGet(46)) - raft.server.snapshot.retention.file.num = 5 (custom)
2024-04-25 19:24:56,668 [b2172664-c1c5-4da6-8eba-635cc9cc8385-groupManagement] INFO  server.RaftServerConfigKeys (ConfUtils.java:logGet(46)) - raft.server.log.purge.upto.snapshot.index = false (default)
2024-04-25 19:24:56,669 [b2172664-c1c5-4da6-8eba-635cc9cc8385-PipelineCommandHandlerThread-0] INFO  ratis.XceiverServerRatis (XceiverServerRatis.java:addGroup(864)) - Created group PipelineID=5859b496-42ce-4837-b131-66ebcd3a31e1
2024-04-25 19:24:56,669 [b2172664-c1c5-4da6-8eba-635cc9cc8385-PipelineCommandHandlerThread-0] INFO  commandhandler.CreatePipelineCommandHandler (CreatePipelineCommandHandler.java:lambda$handle$2(124)) - Created Pipeline RATIS ONE PipelineID=5859b496-42ce-4837-b131-66ebcd3a31e1.
2024-04-25 19:24:56,669 [b2172664-c1c5-4da6-8eba-635cc9cc8385-PipelineCommandHandlerThread-0] INFO  server.RaftServer (RaftServerProxy.java:addNew(100)) - b2172664-c1c5-4da6-8eba-635cc9cc8385: addNew group-0A078C4FBAC5:[957dcc0f-940f-48bb-84e1-bf54d09bb8cf|127.0.0.1:15139, b2172664-c1c5-4da6-8eba-635cc9cc8385|127.0.0.1:15130, cedf47e1-7aa2-45e6-80d0-c614de566771|127.0.0.1:15148] returns group-0A078C4FBAC5:java.util.concurrent.CompletableFuture@717d05d[Not completed]
2024-04-25 19:24:56,670 [b2172664-c1c5-4da6-8eba-635cc9cc8385-groupManagement] INFO  server.RaftServer$Division (RaftServerImpl.java:<init>(256)) - b2172664-c1c5-4da6-8eba-635cc9cc8385: new RaftServerImpl for group-0A078C4FBAC5:[957dcc0f-940f-48bb-84e1-bf54d09bb8cf|127.0.0.1:15139, b2172664-c1c5-4da6-8eba-635cc9cc8385|127.0.0.1:15130, cedf47e1-7aa2-45e6-80d0-c614de566771|127.0.0.1:15148] with ContainerStateMachine:uninitialized
2024-04-25 19:24:56,670 [b2172664-c1c5-4da6-8eba-635cc9cc8385-groupManagement] INFO  server.RaftServerConfigKeys (ConfUtils.java:logGet(46)) - raft.server.rpc.timeout.min = 5s (custom)
2024-04-25 19:24:56,670 [b2172664-c1c5-4da6-8eba-635cc9cc8385-groupManagement] INFO  server.RaftServerConfigKeys (ConfUtils.java:logGet(46)) - raft.server.rpc.timeout.max = 5200ms (custom)
2024-04-25 19:24:56,670 [b2172664-c1c5-4da6-8eba-635cc9cc8385-groupManagement] INFO  server.RaftServerConfigKeys (ConfUtils.java:logGet(46)) - raft.server.rpc.sleep.time = 25ms (default)
2024-04-25 19:24:56,670 [b2172664-c1c5-4da6-8eba-635cc9cc8385-groupManagement] INFO  server.RaftServerConfigKeys (ConfUtils.java:logGet(46)) - raft.server.rpc.slowness.timeout = 300000ms (custom)
2024-04-25 19:24:56,670 [b2172664-c1c5-4da6-8eba-635cc9cc8385-groupManagement] INFO  server.RaftServerConfigKeys (ConfUtils.java:logGet(46)) - raft.server.leaderelection.leader.step-down.wait-time = 10s (default)
2024-04-25 19:24:56,670 [b2172664-c1c5-4da6-8eba-635cc9cc8385-groupManagement] INFO  server.RaftServerConfigKeys (ConfUtils.java:logGet(46)) - raft.server.leaderelection.member.majority-add = false (default)
2024-04-25 19:24:56,670 [b2172664-c1c5-4da6-8eba-635cc9cc8385-groupManagement] INFO  server.RaftServerConfigKeys (ConfUtils.java:logGet(46)) - raft.server.sleep.deviation.threshold = 300ms (default)
2024-04-25 19:24:56,670 [b2172664-c1c5-4da6-8eba-635cc9cc8385-groupManagement] INFO  server.RaftServer$Division (ServerState.java:<init>(113)) - b2172664-c1c5-4da6-8eba-635cc9cc8385@group-0A078C4FBAC5: ConfigurationManager, init=-1: peers:[957dcc0f-940f-48bb-84e1-bf54d09bb8cf|127.0.0.1:15139, b2172664-c1c5-4da6-8eba-635cc9cc8385|127.0.0.1:15130, cedf47e1-7aa2-45e6-80d0-c614de566771|127.0.0.1:15148]|listeners:[], old=null, confs=<EMPTY_MAP>
2024-04-25 19:24:56,670 [b2172664-c1c5-4da6-8eba-635cc9cc8385-groupManagement] INFO  server.RaftServerConfigKeys (ConfUtils.java:logGet(46)) - raft.server.notification.no-leader.timeout = 300000ms (custom)
2024-04-25 19:24:56,671 [b2172664-c1c5-4da6-8eba-635cc9cc8385-groupManagement] INFO  server.RaftServerConfigKeys (ConfUtils.java:logGet(46)) - raft.server.read.timeout = 10s (default)
2024-04-25 19:24:56,671 [b2172664-c1c5-4da6-8eba-635cc9cc8385-groupManagement] INFO  server.RaftServerConfigKeys (ConfUtils.java:logGet(46)) - raft.server.retrycache.expirytime = 600000ms (custom)
2024-04-25 19:24:56,671 [b2172664-c1c5-4da6-8eba-635cc9cc8385-groupManagement] INFO  server.RaftServerConfigKeys (ConfUtils.java:logGet(46)) - raft.server.retrycache.statistics.expirytime = 100ms (default)
2024-04-25 19:24:56,671 [b2172664-c1c5-4da6-8eba-635cc9cc8385-groupManagement] INFO  server.RaftServerConfigKeys (ConfUtils.java:logGet(46)) - raft.server.read.option = DEFAULT (default)
2024-04-25 19:24:56,671 [b2172664-c1c5-4da6-8eba-635cc9cc8385-groupManagement] INFO  server.RaftServerConfigKeys (ConfUtils.java:logGet(46)) - raft.server.read.read-after-write-consistent.write-index-cache.expiry-time = 60s (default)
2024-04-25 19:24:56,673 [b2172664-c1c5-4da6-8eba-635cc9cc8385-groupManagement] INFO  server.RaftServerConfigKeys (ConfUtils.java:logGet(46)) - raft.server.rpc.request.timeout = 3000ms (default)
2024-04-25 19:24:56,673 [b2172664-c1c5-4da6-8eba-635cc9cc8385-groupManagement] INFO  server.RaftServerConfigKeys (ConfUtils.java:logGet(46)) - raft.server.log.appender.install.snapshot.enabled = false (custom)
2024-04-25 19:24:56,673 [b2172664-c1c5-4da6-8eba-635cc9cc8385-groupManagement] INFO  server.RaftServerConfigKeys (ConfUtils.java:logGet(46)) - raft.server.threadpool.server.cached = true (default)
2024-04-25 19:24:56,673 [b2172664-c1c5-4da6-8eba-635cc9cc8385-groupManagement] INFO  server.RaftServerConfigKeys (ConfUtils.java:logGet(46)) - raft.server.threadpool.server.size = 0 (default)
2024-04-25 19:24:56,673 [b2172664-c1c5-4da6-8eba-635cc9cc8385-groupManagement] INFO  server.RaftServerConfigKeys (ConfUtils.java:logGet(46)) - raft.server.threadpool.client.cached = true (default)
2024-04-25 19:24:56,673 [b2172664-c1c5-4da6-8eba-635cc9cc8385-groupManagement] INFO  server.RaftServerConfigKeys (ConfUtils.java:logGet(46)) - raft.server.threadpool.client.size = 0 (default)
2024-04-25 19:24:56,673 [b2172664-c1c5-4da6-8eba-635cc9cc8385-groupManagement] INFO  server.RaftServerConfigKeys (ConfUtils.java:logGet(46)) - raft.server.storage.free-space.min = 0MB (=0) (default)
2024-04-25 19:24:56,673 [b2172664-c1c5-4da6-8eba-635cc9cc8385-groupManagement] INFO  server.RaftServerConfigKeys (ConfUtils.java:logGet(46)) - raft.server.log.corruption.policy = EXCEPTION (default)
2024-04-25 19:24:56,673 [b2172664-c1c5-4da6-8eba-635cc9cc8385-groupManagement] INFO  server.RaftServerConfigKeys (ConfUtils.java:logGet(46)) - raft.server.storage.dir = [/home/runner/work/ozone/ozone/hadoop-ozone/integration-test/target/test-dir/MiniOzoneClusterImpl-d2e81863-a659-4dd2-bdb8-fa97662d499c/ozone-meta/datanode-4/ratis] (custom)
2024-04-25 19:24:56,673 [b2172664-c1c5-4da6-8eba-635cc9cc8385-groupManagement] INFO  storage.RaftStorageDirectory (RaftStorageDirectoryImpl.java:analyzeStorage(138)) - The storage directory /home/runner/work/ozone/ozone/hadoop-ozone/integration-test/target/test-dir/MiniOzoneClusterImpl-d2e81863-a659-4dd2-bdb8-fa97662d499c/ozone-meta/datanode-4/ratis/50067c24-8fa3-4690-ab5f-0a078c4fbac5 does not exist. Creating ...
2024-04-25 19:24:56,674 [b2172664-c1c5-4da6-8eba-635cc9cc8385-groupManagement] INFO  storage.RaftStorageDirectory (RaftStorageDirectoryImpl.java:tryLock(228)) - Lock on /home/runner/work/ozone/ozone/hadoop-ozone/integration-test/target/test-dir/MiniOzoneClusterImpl-d2e81863-a659-4dd2-bdb8-fa97662d499c/ozone-meta/datanode-4/ratis/50067c24-8fa3-4690-ab5f-0a078c4fbac5/in_use.lock acquired by nodename 21201@fv-az524-255
2024-04-25 19:24:56,675 [b2172664-c1c5-4da6-8eba-635cc9cc8385-groupManagement] INFO  storage.RaftStorage (RaftStorageImpl.java:format(99)) - Storage directory /home/runner/work/ozone/ozone/hadoop-ozone/integration-test/target/test-dir/MiniOzoneClusterImpl-d2e81863-a659-4dd2-bdb8-fa97662d499c/ozone-meta/datanode-4/ratis/50067c24-8fa3-4690-ab5f-0a078c4fbac5 has been successfully formatted.
2024-04-25 19:24:56,675 [b2172664-c1c5-4da6-8eba-635cc9cc8385-groupManagement] WARN  util.FileUtils (LogUtils.java:supplyAndLog(63)) - Failed to Files.newInputStream /home/runner/work/ozone/ozone/hadoop-ozone/integration-test/target/test-dir/MiniOzoneClusterImpl-d2e81863-a659-4dd2-bdb8-fa97662d499c/ozone-meta/datanode-4/ratis/50067c24-8fa3-4690-ab5f-0a078c4fbac5/current/raft-meta.conf with options []: java.nio.file.NoSuchFileException: /home/runner/work/ozone/ozone/hadoop-ozone/integration-test/target/test-dir/MiniOzoneClusterImpl-d2e81863-a659-4dd2-bdb8-fa97662d499c/ozone-meta/datanode-4/ratis/50067c24-8fa3-4690-ab5f-0a078c4fbac5/current/raft-meta.conf
2024-04-25 19:24:56,675 [b2172664-c1c5-4da6-8eba-635cc9cc8385-groupManagement] INFO  ratis.ContainerStateMachine (ContainerStateMachine.java:loadSnapshot(287)) - group-0A078C4FBAC5: The snapshot info is null. Setting the last applied index to:(t:0, i:~)
2024-04-25 19:24:56,676 [b2172664-c1c5-4da6-8eba-635cc9cc8385-groupManagement] INFO  server.RaftServerConfigKeys (ConfUtils.java:logGet(46)) - raft.server.log.use.memory = false (default)
2024-04-25 19:24:56,676 [b2172664-c1c5-4da6-8eba-635cc9cc8385-groupManagement] INFO  server.RaftServerConfigKeys (ConfUtils.java:logGet(46)) - raft.server.log.purge.gap = 1000000 (custom)
2024-04-25 19:24:56,676 [b2172664-c1c5-4da6-8eba-635cc9cc8385-groupManagement] INFO  server.RaftServerConfigKeys (ConfUtils.java:logGet(46)) - raft.server.log.appender.buffer.byte-limit = 8388608 (custom)
2024-04-25 19:24:56,676 [b2172664-c1c5-4da6-8eba-635cc9cc8385-groupManagement] INFO  server.RaftServerConfigKeys (ConfUtils.java:logGet(46)) - raft.server.log.statemachine.data.read.timeout = 1000ms (default)
2024-04-25 19:24:56,676 [b2172664-c1c5-4da6-8eba-635cc9cc8385-groupManagement] INFO  server.RaftServerConfigKeys (ConfUtils.java:logGet(46)) - raft.server.log.purge.preservation.log.num = 0 (default)
2024-04-25 19:24:56,676 [EventQueue-OpenPipelineForHealthyPipelineSafeModeRule] INFO  safemode.SCMSafeModeManager (HealthyPipelineSafeModeRule.java:process(140)) - SCM in safe mode. Healthy pipelines reported count is 0, required healthy pipeline reported count is 1
2024-04-25 19:24:56,677 [b2172664-c1c5-4da6-8eba-635cc9cc8385-groupManagement] INFO  server.RaftServerConfigKeys (ConfUtils.java:logGet(46)) - raft.server.log.segment.size.max = 67108864 (custom)
2024-04-25 19:24:56,677 [b2172664-c1c5-4da6-8eba-635cc9cc8385-groupManagement] INFO  server.RaftServerConfigKeys (ConfUtils.java:logGet(46)) - raft.server.log.segment.cache.num.max = 2 (custom)
2024-04-25 19:24:56,677 [b2172664-c1c5-4da6-8eba-635cc9cc8385-groupManagement] INFO  server.RaftServerConfigKeys (ConfUtils.java:logGet(46)) - raft.server.log.segment.cache.size.max = 200MB (=209715200) (default)
2024-04-25 19:24:56,677 [b2172664-c1c5-4da6-8eba-635cc9cc8385-groupManagement] INFO  server.RaftServerConfigKeys (ConfUtils.java:logGet(46)) - raft.server.log.appender.buffer.byte-limit = 8388608 (custom)
2024-04-25 19:24:56,678 [b2172664-c1c5-4da6-8eba-635cc9cc8385-groupManagement] INFO  util.AwaitToRun (AwaitToRun.java:start(81)) - Thread[b2172664-c1c5-4da6-8eba-635cc9cc8385@group-0A078C4FBAC5-cacheEviction-AwaitToRun,5,main] started
2024-04-25 19:24:56,678 [b2172664-c1c5-4da6-8eba-635cc9cc8385-groupManagement] INFO  segmented.SegmentedRaftLogWorker (SegmentedRaftLogWorker.java:<init>(182)) - new b2172664-c1c5-4da6-8eba-635cc9cc8385@group-0A078C4FBAC5-SegmentedRaftLogWorker for RaftStorageImpl:Storage Directory /home/runner/work/ozone/ozone/hadoop-ozone/integration-test/target/test-dir/MiniOzoneClusterImpl-d2e81863-a659-4dd2-bdb8-fa97662d499c/ozone-meta/datanode-4/ratis/50067c24-8fa3-4690-ab5f-0a078c4fbac5
2024-04-25 19:24:56,678 [b2172664-c1c5-4da6-8eba-635cc9cc8385-groupManagement] INFO  server.RaftServerConfigKeys (ConfUtils.java:logGet(46)) - raft.server.log.queue.byte-limit = 4294967296 (custom)
2024-04-25 19:24:56,678 [b2172664-c1c5-4da6-8eba-635cc9cc8385-groupManagement] INFO  server.RaftServerConfigKeys (ConfUtils.java:logGet(46)) - raft.server.log.queue.element-limit = 1024 (custom)
2024-04-25 19:24:56,678 [b2172664-c1c5-4da6-8eba-635cc9cc8385-groupManagement] INFO  server.RaftServerConfigKeys (ConfUtils.java:logGet(46)) - raft.server.log.segment.size.max = 67108864 (custom)
2024-04-25 19:24:56,678 [b2172664-c1c5-4da6-8eba-635cc9cc8385-groupManagement] INFO  server.RaftServerConfigKeys (ConfUtils.java:logGet(46)) - raft.server.log.preallocated.size = 4194304 (custom)
2024-04-25 19:24:56,678 [b2172664-c1c5-4da6-8eba-635cc9cc8385-groupManagement] INFO  server.RaftServerConfigKeys (ConfUtils.java:logGet(46)) - raft.server.log.force.sync.num = 128 (default)
2024-04-25 19:24:56,678 [b2172664-c1c5-4da6-8eba-635cc9cc8385-groupManagement] INFO  server.RaftServerConfigKeys (ConfUtils.java:logGet(46)) - raft.server.log.statemachine.data.sync = true (default)
2024-04-25 19:24:56,678 [b2172664-c1c5-4da6-8eba-635cc9cc8385-groupManagement] INFO  server.RaftServerConfigKeys (ConfUtils.java:logGet(46)) - raft.server.log.statemachine.data.sync.timeout = 10s (default)
2024-04-25 19:24:56,678 [b2172664-c1c5-4da6-8eba-635cc9cc8385-groupManagement] INFO  server.RaftServerConfigKeys (ConfUtils.java:logGet(46)) - raft.server.log.statemachine.data.sync.timeout.retry = 30 (custom)
2024-04-25 19:24:56,678 [b2172664-c1c5-4da6-8eba-635cc9cc8385-groupManagement] INFO  server.RaftServerConfigKeys (ConfUtils.java:logGet(46)) - raft.server.log.write.buffer.size = 8388616 (custom)
2024-04-25 19:24:56,680 [b2172664-c1c5-4da6-8eba-635cc9cc8385-groupManagement] INFO  server.RaftServerConfigKeys (ConfUtils.java:logGet(46)) - raft.server.log.appender.buffer.byte-limit = 8388608 (custom)
2024-04-25 19:24:56,680 [b2172664-c1c5-4da6-8eba-635cc9cc8385-groupManagement] INFO  server.RaftServerConfigKeys (ConfUtils.java:logGet(46)) - raft.server.log.unsafe-flush.enabled = false (default)
2024-04-25 19:24:56,680 [b2172664-c1c5-4da6-8eba-635cc9cc8385-groupManagement] INFO  server.RaftServerConfigKeys (ConfUtils.java:logGet(46)) - raft.server.log.async-flush.enabled = false (default)
2024-04-25 19:24:56,680 [b2172664-c1c5-4da6-8eba-635cc9cc8385-groupManagement] INFO  server.RaftServerConfigKeys (ConfUtils.java:logGet(46)) - raft.server.log.statemachine.data.caching.enabled = true (custom)
2024-04-25 19:24:56,680 [b2172664-c1c5-4da6-8eba-635cc9cc8385-groupManagement] INFO  segmented.SegmentedRaftLogWorker (SegmentedRaftLogWorker.java:lambda$new$0(134)) - b2172664-c1c5-4da6-8eba-635cc9cc8385@group-0A078C4FBAC5-SegmentedRaftLogWorker: flushIndex: setUnconditionally 0 -> -1
2024-04-25 19:24:56,680 [b2172664-c1c5-4da6-8eba-635cc9cc8385-groupManagement] INFO  segmented.SegmentedRaftLogWorker (SegmentedRaftLogWorker.java:lambda$new$0(134)) - b2172664-c1c5-4da6-8eba-635cc9cc8385@group-0A078C4FBAC5-SegmentedRaftLogWorker: safeCacheEvictIndex: setUnconditionally 0 -> -1
2024-04-25 19:24:56,680 [b2172664-c1c5-4da6-8eba-635cc9cc8385-groupManagement] INFO  server.RaftServer$Division (RaftServerImpl.java:start(396)) - b2172664-c1c5-4da6-8eba-635cc9cc8385@group-0A078C4FBAC5: start as a follower, conf=-1: peers:[957dcc0f-940f-48bb-84e1-bf54d09bb8cf|127.0.0.1:15139, b2172664-c1c5-4da6-8eba-635cc9cc8385|127.0.0.1:15130, cedf47e1-7aa2-45e6-80d0-c614de566771|127.0.0.1:15148]|listeners:[], old=null
2024-04-25 19:24:56,680 [b2172664-c1c5-4da6-8eba-635cc9cc8385-groupManagement] INFO  server.RaftServer$Division (RaftServerImpl.java:setRole(383)) - b2172664-c1c5-4da6-8eba-635cc9cc8385@group-0A078C4FBAC5: changes role from      null to FOLLOWER at term 0 for startAsFollower
2024-04-25 19:24:56,680 [b2172664-c1c5-4da6-8eba-635cc9cc8385-groupManagement] INFO  impl.RoleInfo (RoleInfo.java:updateAndGet(139)) - b2172664-c1c5-4da6-8eba-635cc9cc8385: start b2172664-c1c5-4da6-8eba-635cc9cc8385@group-0A078C4FBAC5-FollowerState
2024-04-25 19:24:56,681 [b2172664-c1c5-4da6-8eba-635cc9cc8385-groupManagement] INFO  util.JmxRegister (JmxRegister.java:tryRegister(44)) - Successfully registered JMX Bean with object name Ratis:service=RaftServer,group=group-0A078C4FBAC5,id=b2172664-c1c5-4da6-8eba-635cc9cc8385
2024-04-25 19:24:56,681 [b2172664-c1c5-4da6-8eba-635cc9cc8385@group-0A078C4FBAC5-FollowerState] INFO  server.RaftServerConfigKeys (ConfUtils.java:logFallback(53)) - raft.server.rpc.first-election.timeout.min = 5s (fallback to raft.server.rpc.timeout.min)
2024-04-25 19:24:56,681 [b2172664-c1c5-4da6-8eba-635cc9cc8385-groupManagement] INFO  server.RaftServerConfigKeys (ConfUtils.java:logGet(46)) - raft.server.snapshot.trigger-when-stop.enabled = true (default)
2024-04-25 19:24:56,681 [b2172664-c1c5-4da6-8eba-635cc9cc8385@group-0A078C4FBAC5-FollowerState] INFO  server.RaftServerConfigKeys (ConfUtils.java:logFallback(53)) - raft.server.rpc.first-election.timeout.max = 5200ms (fallback to raft.server.rpc.timeout.max)
2024-04-25 19:24:56,681 [b2172664-c1c5-4da6-8eba-635cc9cc8385-groupManagement] INFO  server.RaftServerConfigKeys (ConfUtils.java:logGet(46)) - raft.server.snapshot.auto.trigger.enabled = true (custom)
2024-04-25 19:24:56,681 [b2172664-c1c5-4da6-8eba-635cc9cc8385-groupManagement] INFO  server.RaftServerConfigKeys (ConfUtils.java:logGet(46)) - raft.server.snapshot.auto.trigger.threshold = 10000 (custom)
2024-04-25 19:24:56,681 [b2172664-c1c5-4da6-8eba-635cc9cc8385-groupManagement] INFO  server.RaftServerConfigKeys (ConfUtils.java:logGet(46)) - raft.server.snapshot.retention.file.num = 5 (custom)
2024-04-25 19:24:56,681 [b2172664-c1c5-4da6-8eba-635cc9cc8385-groupManagement] INFO  server.RaftServerConfigKeys (ConfUtils.java:logGet(46)) - raft.server.log.purge.upto.snapshot.index = false (default)
2024-04-25 19:24:56,682 [b2172664-c1c5-4da6-8eba-635cc9cc8385-PipelineCommandHandlerThread-0] INFO  ratis.XceiverServerRatis (XceiverServerRatis.java:addGroup(864)) - Created group PipelineID=50067c24-8fa3-4690-ab5f-0a078c4fbac5
2024-04-25 19:24:56,695 [grpc-default-executor-0] INFO  server.RaftServer (RaftServerProxy.java:addNew(100)) - cedf47e1-7aa2-45e6-80d0-c614de566771: addNew group-0A078C4FBAC5:[957dcc0f-940f-48bb-84e1-bf54d09bb8cf|127.0.0.1:15139, b2172664-c1c5-4da6-8eba-635cc9cc8385|127.0.0.1:15130, cedf47e1-7aa2-45e6-80d0-c614de566771|127.0.0.1:15148] returns group-0A078C4FBAC5:java.util.concurrent.CompletableFuture@7011e617[Not completed]
2024-04-25 19:24:56,696 [cedf47e1-7aa2-45e6-80d0-c614de566771-groupManagement] INFO  server.RaftServer$Division (RaftServerImpl.java:<init>(256)) - cedf47e1-7aa2-45e6-80d0-c614de566771: new RaftServerImpl for group-0A078C4FBAC5:[957dcc0f-940f-48bb-84e1-bf54d09bb8cf|127.0.0.1:15139, b2172664-c1c5-4da6-8eba-635cc9cc8385|127.0.0.1:15130, cedf47e1-7aa2-45e6-80d0-c614de566771|127.0.0.1:15148] with ContainerStateMachine:uninitialized
2024-04-25 19:24:56,696 [cedf47e1-7aa2-45e6-80d0-c614de566771-groupManagement] INFO  server.RaftServerConfigKeys (ConfUtils.java:logGet(46)) - raft.server.rpc.timeout.min = 5s (custom)
2024-04-25 19:24:56,696 [cedf47e1-7aa2-45e6-80d0-c614de566771-groupManagement] INFO  server.RaftServerConfigKeys (ConfUtils.java:logGet(46)) - raft.server.rpc.timeout.max = 5200ms (custom)
2024-04-25 19:24:56,696 [cedf47e1-7aa2-45e6-80d0-c614de566771-groupManagement] INFO  server.RaftServerConfigKeys (ConfUtils.java:logGet(46)) - raft.server.rpc.sleep.time = 25ms (default)
2024-04-25 19:24:56,696 [cedf47e1-7aa2-45e6-80d0-c614de566771-groupManagement] INFO  server.RaftServerConfigKeys (ConfUtils.java:logGet(46)) - raft.server.rpc.slowness.timeout = 300000ms (custom)
2024-04-25 19:24:56,697 [cedf47e1-7aa2-45e6-80d0-c614de566771-groupManagement] INFO  server.RaftServerConfigKeys (ConfUtils.java:logGet(46)) - raft.server.leaderelection.leader.step-down.wait-time = 10s (default)
2024-04-25 19:24:56,697 [cedf47e1-7aa2-45e6-80d0-c614de566771-groupManagement] INFO  server.RaftServerConfigKeys (ConfUtils.java:logGet(46)) - raft.server.leaderelection.member.majority-add = false (default)
2024-04-25 19:24:56,697 [cedf47e1-7aa2-45e6-80d0-c614de566771-groupManagement] INFO  server.RaftServerConfigKeys (ConfUtils.java:logGet(46)) - raft.server.sleep.deviation.threshold = 300ms (default)
2024-04-25 19:24:56,697 [cedf47e1-7aa2-45e6-80d0-c614de566771-groupManagement] INFO  server.RaftServer$Division (ServerState.java:<init>(113)) - cedf47e1-7aa2-45e6-80d0-c614de566771@group-0A078C4FBAC5: ConfigurationManager, init=-1: peers:[957dcc0f-940f-48bb-84e1-bf54d09bb8cf|127.0.0.1:15139, b2172664-c1c5-4da6-8eba-635cc9cc8385|127.0.0.1:15130, cedf47e1-7aa2-45e6-80d0-c614de566771|127.0.0.1:15148]|listeners:[], old=null, confs=<EMPTY_MAP>
2024-04-25 19:24:56,697 [cedf47e1-7aa2-45e6-80d0-c614de566771-groupManagement] INFO  server.RaftServerConfigKeys (ConfUtils.java:logGet(46)) - raft.server.notification.no-leader.timeout = 300000ms (custom)
2024-04-25 19:24:56,697 [cedf47e1-7aa2-45e6-80d0-c614de566771-groupManagement] INFO  server.RaftServerConfigKeys (ConfUtils.java:logGet(46)) - raft.server.read.timeout = 10s (default)
2024-04-25 19:24:56,697 [cedf47e1-7aa2-45e6-80d0-c614de566771-groupManagement] INFO  server.RaftServerConfigKeys (ConfUtils.java:logGet(46)) - raft.server.retrycache.expirytime = 600000ms (custom)
2024-04-25 19:24:56,697 [cedf47e1-7aa2-45e6-80d0-c614de566771-groupManagement] INFO  server.RaftServerConfigKeys (ConfUtils.java:logGet(46)) - raft.server.retrycache.statistics.expirytime = 100ms (default)
2024-04-25 19:24:56,697 [cedf47e1-7aa2-45e6-80d0-c614de566771-groupManagement] INFO  server.RaftServerConfigKeys (ConfUtils.java:logGet(46)) - raft.server.read.option = DEFAULT (default)
2024-04-25 19:24:56,697 [cedf47e1-7aa2-45e6-80d0-c614de566771-groupManagement] INFO  server.RaftServerConfigKeys (ConfUtils.java:logGet(46)) - raft.server.read.read-after-write-consistent.write-index-cache.expiry-time = 60s (default)
2024-04-25 19:24:56,700 [cedf47e1-7aa2-45e6-80d0-c614de566771-groupManagement] INFO  server.RaftServerConfigKeys (ConfUtils.java:logGet(46)) - raft.server.rpc.request.timeout = 3000ms (default)
2024-04-25 19:24:56,700 [cedf47e1-7aa2-45e6-80d0-c614de566771-groupManagement] INFO  server.RaftServerConfigKeys (ConfUtils.java:logGet(46)) - raft.server.log.appender.install.snapshot.enabled = false (custom)
2024-04-25 19:24:56,700 [cedf47e1-7aa2-45e6-80d0-c614de566771-groupManagement] INFO  server.RaftServerConfigKeys (ConfUtils.java:logGet(46)) - raft.server.threadpool.server.cached = true (default)
2024-04-25 19:24:56,700 [cedf47e1-7aa2-45e6-80d0-c614de566771-groupManagement] INFO  server.RaftServerConfigKeys (ConfUtils.java:logGet(46)) - raft.server.threadpool.server.size = 0 (default)
2024-04-25 19:24:56,701 [cedf47e1-7aa2-45e6-80d0-c614de566771-groupManagement] INFO  server.RaftServerConfigKeys (ConfUtils.java:logGet(46)) - raft.server.threadpool.client.cached = true (default)
2024-04-25 19:24:56,701 [cedf47e1-7aa2-45e6-80d0-c614de566771-groupManagement] INFO  server.RaftServerConfigKeys (ConfUtils.java:logGet(46)) - raft.server.threadpool.client.size = 0 (default)
2024-04-25 19:24:56,701 [cedf47e1-7aa2-45e6-80d0-c614de566771-groupManagement] INFO  server.RaftServerConfigKeys (ConfUtils.java:logGet(46)) - raft.server.storage.free-space.min = 0MB (=0) (default)
2024-04-25 19:24:56,701 [cedf47e1-7aa2-45e6-80d0-c614de566771-groupManagement] INFO  server.RaftServerConfigKeys (ConfUtils.java:logGet(46)) - raft.server.log.corruption.policy = EXCEPTION (default)
2024-04-25 19:24:56,701 [cedf47e1-7aa2-45e6-80d0-c614de566771-groupManagement] INFO  server.RaftServerConfigKeys (ConfUtils.java:logGet(46)) - raft.server.storage.dir = [/home/runner/work/ozone/ozone/hadoop-ozone/integration-test/target/test-dir/MiniOzoneClusterImpl-d2e81863-a659-4dd2-bdb8-fa97662d499c/ozone-meta/datanode-6/ratis] (custom)
2024-04-25 19:24:56,701 [cedf47e1-7aa2-45e6-80d0-c614de566771-groupManagement] INFO  storage.RaftStorageDirectory (RaftStorageDirectoryImpl.java:analyzeStorage(138)) - The storage directory /home/runner/work/ozone/ozone/hadoop-ozone/integration-test/target/test-dir/MiniOzoneClusterImpl-d2e81863-a659-4dd2-bdb8-fa97662d499c/ozone-meta/datanode-6/ratis/50067c24-8fa3-4690-ab5f-0a078c4fbac5 does not exist. Creating ...
2024-04-25 19:24:56,703 [cedf47e1-7aa2-45e6-80d0-c614de566771-groupManagement] INFO  storage.RaftStorageDirectory (RaftStorageDirectoryImpl.java:tryLock(228)) - Lock on /home/runner/work/ozone/ozone/hadoop-ozone/integration-test/target/test-dir/MiniOzoneClusterImpl-d2e81863-a659-4dd2-bdb8-fa97662d499c/ozone-meta/datanode-6/ratis/50067c24-8fa3-4690-ab5f-0a078c4fbac5/in_use.lock acquired by nodename 21201@fv-az524-255
2024-04-25 19:24:56,704 [cedf47e1-7aa2-45e6-80d0-c614de566771-groupManagement] INFO  storage.RaftStorage (RaftStorageImpl.java:format(99)) - Storage directory /home/runner/work/ozone/ozone/hadoop-ozone/integration-test/target/test-dir/MiniOzoneClusterImpl-d2e81863-a659-4dd2-bdb8-fa97662d499c/ozone-meta/datanode-6/ratis/50067c24-8fa3-4690-ab5f-0a078c4fbac5 has been successfully formatted.
2024-04-25 19:24:56,704 [cedf47e1-7aa2-45e6-80d0-c614de566771-groupManagement] WARN  util.FileUtils (LogUtils.java:supplyAndLog(63)) - Failed to Files.newInputStream /home/runner/work/ozone/ozone/hadoop-ozone/integration-test/target/test-dir/MiniOzoneClusterImpl-d2e81863-a659-4dd2-bdb8-fa97662d499c/ozone-meta/datanode-6/ratis/50067c24-8fa3-4690-ab5f-0a078c4fbac5/current/raft-meta.conf with options []: java.nio.file.NoSuchFileException: /home/runner/work/ozone/ozone/hadoop-ozone/integration-test/target/test-dir/MiniOzoneClusterImpl-d2e81863-a659-4dd2-bdb8-fa97662d499c/ozone-meta/datanode-6/ratis/50067c24-8fa3-4690-ab5f-0a078c4fbac5/current/raft-meta.conf
2024-04-25 19:24:56,704 [cedf47e1-7aa2-45e6-80d0-c614de566771-groupManagement] INFO  ratis.ContainerStateMachine (ContainerStateMachine.java:loadSnapshot(287)) - group-0A078C4FBAC5: The snapshot info is null. Setting the last applied index to:(t:0, i:~)
2024-04-25 19:24:56,704 [cedf47e1-7aa2-45e6-80d0-c614de566771-groupManagement] INFO  server.RaftServerConfigKeys (ConfUtils.java:logGet(46)) - raft.server.log.use.memory = false (default)
2024-04-25 19:24:56,704 [cedf47e1-7aa2-45e6-80d0-c614de566771-groupManagement] INFO  server.RaftServerConfigKeys (ConfUtils.java:logGet(46)) - raft.server.log.purge.gap = 1000000 (custom)
2024-04-25 19:24:56,705 [cedf47e1-7aa2-45e6-80d0-c614de566771-groupManagement] INFO  server.RaftServerConfigKeys (ConfUtils.java:logGet(46)) - raft.server.log.appender.buffer.byte-limit = 8388608 (custom)
2024-04-25 19:24:56,705 [cedf47e1-7aa2-45e6-80d0-c614de566771-groupManagement] INFO  server.RaftServerConfigKeys (ConfUtils.java:logGet(46)) - raft.server.log.statemachine.data.read.timeout = 1000ms (default)
2024-04-25 19:24:56,705 [cedf47e1-7aa2-45e6-80d0-c614de566771-groupManagement] INFO  server.RaftServerConfigKeys (ConfUtils.java:logGet(46)) - raft.server.log.purge.preservation.log.num = 0 (default)
2024-04-25 19:24:56,706 [cedf47e1-7aa2-45e6-80d0-c614de566771-groupManagement] INFO  server.RaftServerConfigKeys (ConfUtils.java:logGet(46)) - raft.server.log.segment.size.max = 67108864 (custom)
2024-04-25 19:24:56,707 [cedf47e1-7aa2-45e6-80d0-c614de566771-groupManagement] INFO  server.RaftServerConfigKeys (ConfUtils.java:logGet(46)) - raft.server.log.segment.cache.num.max = 2 (custom)
2024-04-25 19:24:56,707 [cedf47e1-7aa2-45e6-80d0-c614de566771-groupManagement] INFO  server.RaftServerConfigKeys (ConfUtils.java:logGet(46)) - raft.server.log.segment.cache.size.max = 200MB (=209715200) (default)
2024-04-25 19:24:56,707 [cedf47e1-7aa2-45e6-80d0-c614de566771-groupManagement] INFO  server.RaftServerConfigKeys (ConfUtils.java:logGet(46)) - raft.server.log.appender.buffer.byte-limit = 8388608 (custom)
2024-04-25 19:24:56,707 [cedf47e1-7aa2-45e6-80d0-c614de566771-groupManagement] INFO  util.AwaitToRun (AwaitToRun.java:start(81)) - Thread[cedf47e1-7aa2-45e6-80d0-c614de566771@group-0A078C4FBAC5-cacheEviction-AwaitToRun,5,main] started
2024-04-25 19:24:56,707 [cedf47e1-7aa2-45e6-80d0-c614de566771-groupManagement] INFO  segmented.SegmentedRaftLogWorker (SegmentedRaftLogWorker.java:<init>(182)) - new cedf47e1-7aa2-45e6-80d0-c614de566771@group-0A078C4FBAC5-SegmentedRaftLogWorker for RaftStorageImpl:Storage Directory /home/runner/work/ozone/ozone/hadoop-ozone/integration-test/target/test-dir/MiniOzoneClusterImpl-d2e81863-a659-4dd2-bdb8-fa97662d499c/ozone-meta/datanode-6/ratis/50067c24-8fa3-4690-ab5f-0a078c4fbac5
2024-04-25 19:24:56,707 [cedf47e1-7aa2-45e6-80d0-c614de566771-groupManagement] INFO  server.RaftServerConfigKeys (ConfUtils.java:logGet(46)) - raft.server.log.queue.byte-limit = 4294967296 (custom)
2024-04-25 19:24:56,707 [cedf47e1-7aa2-45e6-80d0-c614de566771-groupManagement] INFO  server.RaftServerConfigKeys (ConfUtils.java:logGet(46)) - raft.server.log.queue.element-limit = 1024 (custom)
2024-04-25 19:24:56,707 [cedf47e1-7aa2-45e6-80d0-c614de566771-groupManagement] INFO  server.RaftServerConfigKeys (ConfUtils.java:logGet(46)) - raft.server.log.segment.size.max = 67108864 (custom)
2024-04-25 19:24:56,707 [cedf47e1-7aa2-45e6-80d0-c614de566771-groupManagement] INFO  server.RaftServerConfigKeys (ConfUtils.java:logGet(46)) - raft.server.log.preallocated.size = 4194304 (custom)
2024-04-25 19:24:56,707 [cedf47e1-7aa2-45e6-80d0-c614de566771-groupManagement] INFO  server.RaftServerConfigKeys (ConfUtils.java:logGet(46)) - raft.server.log.force.sync.num = 128 (default)
2024-04-25 19:24:56,708 [cedf47e1-7aa2-45e6-80d0-c614de566771-groupManagement] INFO  server.RaftServerConfigKeys (ConfUtils.java:logGet(46)) - raft.server.log.statemachine.data.sync = true (default)
2024-04-25 19:24:56,708 [cedf47e1-7aa2-45e6-80d0-c614de566771-groupManagement] INFO  server.RaftServerConfigKeys (ConfUtils.java:logGet(46)) - raft.server.log.statemachine.data.sync.timeout = 10s (default)
2024-04-25 19:24:56,708 [cedf47e1-7aa2-45e6-80d0-c614de566771-groupManagement] INFO  server.RaftServerConfigKeys (ConfUtils.java:logGet(46)) - raft.server.log.statemachine.data.sync.timeout.retry = 30 (custom)
2024-04-25 19:24:56,708 [cedf47e1-7aa2-45e6-80d0-c614de566771-groupManagement] INFO  server.RaftServerConfigKeys (ConfUtils.java:logGet(46)) - raft.server.log.write.buffer.size = 8388616 (custom)
2024-04-25 19:24:56,710 [cedf47e1-7aa2-45e6-80d0-c614de566771-groupManagement] INFO  server.RaftServerConfigKeys (ConfUtils.java:logGet(46)) - raft.server.log.appender.buffer.byte-limit = 8388608 (custom)
2024-04-25 19:24:56,710 [cedf47e1-7aa2-45e6-80d0-c614de566771-groupManagement] INFO  server.RaftServerConfigKeys (ConfUtils.java:logGet(46)) - raft.server.log.unsafe-flush.enabled = false (default)
2024-04-25 19:24:56,710 [cedf47e1-7aa2-45e6-80d0-c614de566771-groupManagement] INFO  server.RaftServerConfigKeys (ConfUtils.java:logGet(46)) - raft.server.log.async-flush.enabled = false (default)
2024-04-25 19:24:56,710 [cedf47e1-7aa2-45e6-80d0-c614de566771-groupManagement] INFO  server.RaftServerConfigKeys (ConfUtils.java:logGet(46)) - raft.server.log.statemachine.data.caching.enabled = true (custom)
2024-04-25 19:24:56,710 [cedf47e1-7aa2-45e6-80d0-c614de566771-groupManagement] INFO  segmented.SegmentedRaftLogWorker (SegmentedRaftLogWorker.java:lambda$new$0(134)) - cedf47e1-7aa2-45e6-80d0-c614de566771@group-0A078C4FBAC5-SegmentedRaftLogWorker: flushIndex: setUnconditionally 0 -> -1
2024-04-25 19:24:56,710 [cedf47e1-7aa2-45e6-80d0-c614de566771-groupManagement] INFO  segmented.SegmentedRaftLogWorker (SegmentedRaftLogWorker.java:lambda$new$0(134)) - cedf47e1-7aa2-45e6-80d0-c614de566771@group-0A078C4FBAC5-SegmentedRaftLogWorker: safeCacheEvictIndex: setUnconditionally 0 -> -1
2024-04-25 19:24:56,710 [cedf47e1-7aa2-45e6-80d0-c614de566771-groupManagement] INFO  server.RaftServer$Division (RaftServerImpl.java:start(396)) - cedf47e1-7aa2-45e6-80d0-c614de566771@group-0A078C4FBAC5: start as a follower, conf=-1: peers:[957dcc0f-940f-48bb-84e1-bf54d09bb8cf|127.0.0.1:15139, b2172664-c1c5-4da6-8eba-635cc9cc8385|127.0.0.1:15130, cedf47e1-7aa2-45e6-80d0-c614de566771|127.0.0.1:15148]|listeners:[], old=null
2024-04-25 19:24:56,710 [cedf47e1-7aa2-45e6-80d0-c614de566771-groupManagement] INFO  server.RaftServer$Division (RaftServerImpl.java:setRole(383)) - cedf47e1-7aa2-45e6-80d0-c614de566771@group-0A078C4FBAC5: changes role from      null to FOLLOWER at term 0 for startAsFollower
2024-04-25 19:24:56,711 [cedf47e1-7aa2-45e6-80d0-c614de566771-groupManagement] INFO  impl.RoleInfo (RoleInfo.java:updateAndGet(139)) - cedf47e1-7aa2-45e6-80d0-c614de566771: start cedf47e1-7aa2-45e6-80d0-c614de566771@group-0A078C4FBAC5-FollowerState
2024-04-25 19:24:56,711 [cedf47e1-7aa2-45e6-80d0-c614de566771-groupManagement] INFO  util.JmxRegister (JmxRegister.java:tryRegister(44)) - Successfully registered JMX Bean with object name Ratis:service=RaftServer,group=group-0A078C4FBAC5,id=cedf47e1-7aa2-45e6-80d0-c614de566771
2024-04-25 19:24:56,711 [cedf47e1-7aa2-45e6-80d0-c614de566771@group-0A078C4FBAC5-FollowerState] INFO  server.RaftServerConfigKeys (ConfUtils.java:logFallback(53)) - raft.server.rpc.first-election.timeout.min = 5s (fallback to raft.server.rpc.timeout.min)
2024-04-25 19:24:56,711 [cedf47e1-7aa2-45e6-80d0-c614de566771-groupManagement] INFO  server.RaftServerConfigKeys (ConfUtils.java:logGet(46)) - raft.server.snapshot.trigger-when-stop.enabled = true (default)
2024-04-25 19:24:56,711 [cedf47e1-7aa2-45e6-80d0-c614de566771-groupManagement] INFO  server.RaftServerConfigKeys (ConfUtils.java:logGet(46)) - raft.server.snapshot.auto.trigger.enabled = true (custom)
2024-04-25 19:24:56,711 [cedf47e1-7aa2-45e6-80d0-c614de566771@group-0A078C4FBAC5-FollowerState] INFO  server.RaftServerConfigKeys (ConfUtils.java:logFallback(53)) - raft.server.rpc.first-election.timeout.max = 5200ms (fallback to raft.server.rpc.timeout.max)
2024-04-25 19:24:56,711 [cedf47e1-7aa2-45e6-80d0-c614de566771-groupManagement] INFO  server.RaftServerConfigKeys (ConfUtils.java:logGet(46)) - raft.server.snapshot.auto.trigger.threshold = 10000 (custom)
2024-04-25 19:24:56,711 [cedf47e1-7aa2-45e6-80d0-c614de566771-groupManagement] INFO  server.RaftServerConfigKeys (ConfUtils.java:logGet(46)) - raft.server.snapshot.retention.file.num = 5 (custom)
2024-04-25 19:24:56,711 [cedf47e1-7aa2-45e6-80d0-c614de566771-groupManagement] INFO  server.RaftServerConfigKeys (ConfUtils.java:logGet(46)) - raft.server.log.purge.upto.snapshot.index = false (default)
2024-04-25 19:24:56,720 [grpc-default-executor-0] INFO  server.RaftServer (RaftServerProxy.java:addNew(100)) - 957dcc0f-940f-48bb-84e1-bf54d09bb8cf: addNew group-0A078C4FBAC5:[957dcc0f-940f-48bb-84e1-bf54d09bb8cf|127.0.0.1:15139, b2172664-c1c5-4da6-8eba-635cc9cc8385|127.0.0.1:15130, cedf47e1-7aa2-45e6-80d0-c614de566771|127.0.0.1:15148] returns group-0A078C4FBAC5:java.util.concurrent.CompletableFuture@55229e2a[Not completed]
2024-04-25 19:24:56,721 [957dcc0f-940f-48bb-84e1-bf54d09bb8cf-groupManagement] INFO  server.RaftServer$Division (RaftServerImpl.java:<init>(256)) - 957dcc0f-940f-48bb-84e1-bf54d09bb8cf: new RaftServerImpl for group-0A078C4FBAC5:[957dcc0f-940f-48bb-84e1-bf54d09bb8cf|127.0.0.1:15139, b2172664-c1c5-4da6-8eba-635cc9cc8385|127.0.0.1:15130, cedf47e1-7aa2-45e6-80d0-c614de566771|127.0.0.1:15148] with ContainerStateMachine:uninitialized
2024-04-25 19:24:56,721 [957dcc0f-940f-48bb-84e1-bf54d09bb8cf-groupManagement] INFO  server.RaftServerConfigKeys (ConfUtils.java:logGet(46)) - raft.server.rpc.timeout.min = 5s (custom)
2024-04-25 19:24:56,721 [957dcc0f-940f-48bb-84e1-bf54d09bb8cf-groupManagement] INFO  server.RaftServerConfigKeys (ConfUtils.java:logGet(46)) - raft.server.rpc.timeout.max = 5200ms (custom)
2024-04-25 19:24:56,721 [957dcc0f-940f-48bb-84e1-bf54d09bb8cf-groupManagement] INFO  server.RaftServerConfigKeys (ConfUtils.java:logGet(46)) - raft.server.rpc.sleep.time = 25ms (default)
2024-04-25 19:24:56,721 [957dcc0f-940f-48bb-84e1-bf54d09bb8cf-groupManagement] INFO  server.RaftServerConfigKeys (ConfUtils.java:logGet(46)) - raft.server.rpc.slowness.timeout = 300000ms (custom)
2024-04-25 19:24:56,721 [957dcc0f-940f-48bb-84e1-bf54d09bb8cf-groupManagement] INFO  server.RaftServerConfigKeys (ConfUtils.java:logGet(46)) - raft.server.leaderelection.leader.step-down.wait-time = 10s (default)
2024-04-25 19:24:56,721 [957dcc0f-940f-48bb-84e1-bf54d09bb8cf-groupManagement] INFO  server.RaftServerConfigKeys (ConfUtils.java:logGet(46)) - raft.server.leaderelection.member.majority-add = false (default)
2024-04-25 19:24:56,721 [957dcc0f-940f-48bb-84e1-bf54d09bb8cf-groupManagement] INFO  server.RaftServerConfigKeys (ConfUtils.java:logGet(46)) - raft.server.sleep.deviation.threshold = 300ms (default)
2024-04-25 19:24:56,722 [957dcc0f-940f-48bb-84e1-bf54d09bb8cf-groupManagement] INFO  server.RaftServer$Division (ServerState.java:<init>(113)) - 957dcc0f-940f-48bb-84e1-bf54d09bb8cf@group-0A078C4FBAC5: ConfigurationManager, init=-1: peers:[957dcc0f-940f-48bb-84e1-bf54d09bb8cf|127.0.0.1:15139, b2172664-c1c5-4da6-8eba-635cc9cc8385|127.0.0.1:15130, cedf47e1-7aa2-45e6-80d0-c614de566771|127.0.0.1:15148]|listeners:[], old=null, confs=<EMPTY_MAP>
2024-04-25 19:24:56,722 [957dcc0f-940f-48bb-84e1-bf54d09bb8cf-groupManagement] INFO  server.RaftServerConfigKeys (ConfUtils.java:logGet(46)) - raft.server.notification.no-leader.timeout = 300000ms (custom)
2024-04-25 19:24:56,722 [957dcc0f-940f-48bb-84e1-bf54d09bb8cf-groupManagement] INFO  server.RaftServerConfigKeys (ConfUtils.java:logGet(46)) - raft.server.read.timeout = 10s (default)
2024-04-25 19:24:56,722 [957dcc0f-940f-48bb-84e1-bf54d09bb8cf-groupManagement] INFO  server.RaftServerConfigKeys (ConfUtils.java:logGet(46)) - raft.server.retrycache.expirytime = 600000ms (custom)
2024-04-25 19:24:56,722 [957dcc0f-940f-48bb-84e1-bf54d09bb8cf-groupManagement] INFO  server.RaftServerConfigKeys (ConfUtils.java:logGet(46)) - raft.server.retrycache.statistics.expirytime = 100ms (default)
2024-04-25 19:24:56,722 [957dcc0f-940f-48bb-84e1-bf54d09bb8cf-groupManagement] INFO  server.RaftServerConfigKeys (ConfUtils.java:logGet(46)) - raft.server.read.option = DEFAULT (default)
2024-04-25 19:24:56,722 [957dcc0f-940f-48bb-84e1-bf54d09bb8cf-groupManagement] INFO  server.RaftServerConfigKeys (ConfUtils.java:logGet(46)) - raft.server.read.read-after-write-consistent.write-index-cache.expiry-time = 60s (default)
2024-04-25 19:24:56,724 [957dcc0f-940f-48bb-84e1-bf54d09bb8cf-groupManagement] INFO  server.RaftServerConfigKeys (ConfUtils.java:logGet(46)) - raft.server.rpc.request.timeout = 3000ms (default)
2024-04-25 19:24:56,724 [957dcc0f-940f-48bb-84e1-bf54d09bb8cf-groupManagement] INFO  server.RaftServerConfigKeys (ConfUtils.java:logGet(46)) - raft.server.log.appender.install.snapshot.enabled = false (custom)
2024-04-25 19:24:56,724 [957dcc0f-940f-48bb-84e1-bf54d09bb8cf-groupManagement] INFO  server.RaftServerConfigKeys (ConfUtils.java:logGet(46)) - raft.server.threadpool.server.cached = true (default)
2024-04-25 19:24:56,724 [957dcc0f-940f-48bb-84e1-bf54d09bb8cf-groupManagement] INFO  server.RaftServerConfigKeys (ConfUtils.java:logGet(46)) - raft.server.threadpool.server.size = 0 (default)
2024-04-25 19:24:56,724 [957dcc0f-940f-48bb-84e1-bf54d09bb8cf-groupManagement] INFO  server.RaftServerConfigKeys (ConfUtils.java:logGet(46)) - raft.server.threadpool.client.cached = true (default)
2024-04-25 19:24:56,724 [957dcc0f-940f-48bb-84e1-bf54d09bb8cf-groupManagement] INFO  server.RaftServerConfigKeys (ConfUtils.java:logGet(46)) - raft.server.threadpool.client.size = 0 (default)
2024-04-25 19:24:56,724 [957dcc0f-940f-48bb-84e1-bf54d09bb8cf-groupManagement] INFO  server.RaftServerConfigKeys (ConfUtils.java:logGet(46)) - raft.server.storage.free-space.min = 0MB (=0) (default)
2024-04-25 19:24:56,724 [957dcc0f-940f-48bb-84e1-bf54d09bb8cf-groupManagement] INFO  server.RaftServerConfigKeys (ConfUtils.java:logGet(46)) - raft.server.log.corruption.policy = EXCEPTION (default)
2024-04-25 19:24:56,724 [957dcc0f-940f-48bb-84e1-bf54d09bb8cf-groupManagement] INFO  server.RaftServerConfigKeys (ConfUtils.java:logGet(46)) - raft.server.storage.dir = [/home/runner/work/ozone/ozone/hadoop-ozone/integration-test/target/test-dir/MiniOzoneClusterImpl-d2e81863-a659-4dd2-bdb8-fa97662d499c/ozone-meta/datanode-5/ratis] (custom)
2024-04-25 19:24:56,725 [957dcc0f-940f-48bb-84e1-bf54d09bb8cf-groupManagement] INFO  storage.RaftStorageDirectory (RaftStorageDirectoryImpl.java:analyzeStorage(138)) - The storage directory /home/runner/work/ozone/ozone/hadoop-ozone/integration-test/target/test-dir/MiniOzoneClusterImpl-d2e81863-a659-4dd2-bdb8-fa97662d499c/ozone-meta/datanode-5/ratis/50067c24-8fa3-4690-ab5f-0a078c4fbac5 does not exist. Creating ...
2024-04-25 19:24:56,726 [957dcc0f-940f-48bb-84e1-bf54d09bb8cf-groupManagement] INFO  storage.RaftStorageDirectory (RaftStorageDirectoryImpl.java:tryLock(228)) - Lock on /home/runner/work/ozone/ozone/hadoop-ozone/integration-test/target/test-dir/MiniOzoneClusterImpl-d2e81863-a659-4dd2-bdb8-fa97662d499c/ozone-meta/datanode-5/ratis/50067c24-8fa3-4690-ab5f-0a078c4fbac5/in_use.lock acquired by nodename 21201@fv-az524-255
2024-04-25 19:24:56,727 [957dcc0f-940f-48bb-84e1-bf54d09bb8cf-groupManagement] INFO  storage.RaftStorage (RaftStorageImpl.java:format(99)) - Storage directory /home/runner/work/ozone/ozone/hadoop-ozone/integration-test/target/test-dir/MiniOzoneClusterImpl-d2e81863-a659-4dd2-bdb8-fa97662d499c/ozone-meta/datanode-5/ratis/50067c24-8fa3-4690-ab5f-0a078c4fbac5 has been successfully formatted.
2024-04-25 19:24:56,727 [957dcc0f-940f-48bb-84e1-bf54d09bb8cf-groupManagement] WARN  util.FileUtils (LogUtils.java:supplyAndLog(63)) - Failed to Files.newInputStream /home/runner/work/ozone/ozone/hadoop-ozone/integration-test/target/test-dir/MiniOzoneClusterImpl-d2e81863-a659-4dd2-bdb8-fa97662d499c/ozone-meta/datanode-5/ratis/50067c24-8fa3-4690-ab5f-0a078c4fbac5/current/raft-meta.conf with options []: java.nio.file.NoSuchFileException: /home/runner/work/ozone/ozone/hadoop-ozone/integration-test/target/test-dir/MiniOzoneClusterImpl-d2e81863-a659-4dd2-bdb8-fa97662d499c/ozone-meta/datanode-5/ratis/50067c24-8fa3-4690-ab5f-0a078c4fbac5/current/raft-meta.conf
2024-04-25 19:24:56,728 [957dcc0f-940f-48bb-84e1-bf54d09bb8cf-groupManagement] INFO  ratis.ContainerStateMachine (ContainerStateMachine.java:loadSnapshot(287)) - group-0A078C4FBAC5: The snapshot info is null. Setting the last applied index to:(t:0, i:~)
2024-04-25 19:24:56,728 [957dcc0f-940f-48bb-84e1-bf54d09bb8cf-groupManagement] INFO  server.RaftServerConfigKeys (ConfUtils.java:logGet(46)) - raft.server.log.use.memory = false (default)
2024-04-25 19:24:56,728 [957dcc0f-940f-48bb-84e1-bf54d09bb8cf-groupManagement] INFO  server.RaftServerConfigKeys (ConfUtils.java:logGet(46)) - raft.server.log.purge.gap = 1000000 (custom)
2024-04-25 19:24:56,728 [957dcc0f-940f-48bb-84e1-bf54d09bb8cf-groupManagement] INFO  server.RaftServerConfigKeys (ConfUtils.java:logGet(46)) - raft.server.log.appender.buffer.byte-limit = 8388608 (custom)
2024-04-25 19:24:56,728 [957dcc0f-940f-48bb-84e1-bf54d09bb8cf-groupManagement] INFO  server.RaftServerConfigKeys (ConfUtils.java:logGet(46)) - raft.server.log.statemachine.data.read.timeout = 1000ms (default)
2024-04-25 19:24:56,728 [957dcc0f-940f-48bb-84e1-bf54d09bb8cf-groupManagement] INFO  server.RaftServerConfigKeys (ConfUtils.java:logGet(46)) - raft.server.log.purge.preservation.log.num = 0 (default)
2024-04-25 19:24:56,729 [957dcc0f-940f-48bb-84e1-bf54d09bb8cf-groupManagement] INFO  server.RaftServerConfigKeys (ConfUtils.java:logGet(46)) - raft.server.log.segment.size.max = 67108864 (custom)
2024-04-25 19:24:56,730 [957dcc0f-940f-48bb-84e1-bf54d09bb8cf-groupManagement] INFO  server.RaftServerConfigKeys (ConfUtils.java:logGet(46)) - raft.server.log.segment.cache.num.max = 2 (custom)
2024-04-25 19:24:56,730 [957dcc0f-940f-48bb-84e1-bf54d09bb8cf-groupManagement] INFO  server.RaftServerConfigKeys (ConfUtils.java:logGet(46)) - raft.server.log.segment.cache.size.max = 200MB (=209715200) (default)
2024-04-25 19:24:56,730 [957dcc0f-940f-48bb-84e1-bf54d09bb8cf-groupManagement] INFO  server.RaftServerConfigKeys (ConfUtils.java:logGet(46)) - raft.server.log.appender.buffer.byte-limit = 8388608 (custom)
2024-04-25 19:24:56,730 [957dcc0f-940f-48bb-84e1-bf54d09bb8cf-groupManagement] INFO  util.AwaitToRun (AwaitToRun.java:start(81)) - Thread[957dcc0f-940f-48bb-84e1-bf54d09bb8cf@group-0A078C4FBAC5-cacheEviction-AwaitToRun,5,main] started
2024-04-25 19:24:56,730 [957dcc0f-940f-48bb-84e1-bf54d09bb8cf-groupManagement] INFO  segmented.SegmentedRaftLogWorker (SegmentedRaftLogWorker.java:<init>(182)) - new 957dcc0f-940f-48bb-84e1-bf54d09bb8cf@group-0A078C4FBAC5-SegmentedRaftLogWorker for RaftStorageImpl:Storage Directory /home/runner/work/ozone/ozone/hadoop-ozone/integration-test/target/test-dir/MiniOzoneClusterImpl-d2e81863-a659-4dd2-bdb8-fa97662d499c/ozone-meta/datanode-5/ratis/50067c24-8fa3-4690-ab5f-0a078c4fbac5
2024-04-25 19:24:56,730 [957dcc0f-940f-48bb-84e1-bf54d09bb8cf-groupManagement] INFO  server.RaftServerConfigKeys (ConfUtils.java:logGet(46)) - raft.server.log.queue.byte-limit = 4294967296 (custom)
2024-04-25 19:24:56,730 [957dcc0f-940f-48bb-84e1-bf54d09bb8cf-groupManagement] INFO  server.RaftServerConfigKeys (ConfUtils.java:logGet(46)) - raft.server.log.queue.element-limit = 1024 (custom)
2024-04-25 19:24:56,730 [957dcc0f-940f-48bb-84e1-bf54d09bb8cf-groupManagement] INFO  server.RaftServerConfigKeys (ConfUtils.java:logGet(46)) - raft.server.log.segment.size.max = 67108864 (custom)
2024-04-25 19:24:56,730 [957dcc0f-940f-48bb-84e1-bf54d09bb8cf-groupManagement] INFO  server.RaftServerConfigKeys (ConfUtils.java:logGet(46)) - raft.server.log.preallocated.size = 4194304 (custom)
2024-04-25 19:24:56,731 [957dcc0f-940f-48bb-84e1-bf54d09bb8cf-groupManagement] INFO  server.RaftServerConfigKeys (ConfUtils.java:logGet(46)) - raft.server.log.force.sync.num = 128 (default)
2024-04-25 19:24:56,731 [957dcc0f-940f-48bb-84e1-bf54d09bb8cf-groupManagement] INFO  server.RaftServerConfigKeys (ConfUtils.java:logGet(46)) - raft.server.log.statemachine.data.sync = true (default)
2024-04-25 19:24:56,731 [957dcc0f-940f-48bb-84e1-bf54d09bb8cf-groupManagement] INFO  server.RaftServerConfigKeys (ConfUtils.java:logGet(46)) - raft.server.log.statemachine.data.sync.timeout = 10s (default)
2024-04-25 19:24:56,731 [957dcc0f-940f-48bb-84e1-bf54d09bb8cf-groupManagement] INFO  server.RaftServerConfigKeys (ConfUtils.java:logGet(46)) - raft.server.log.statemachine.data.sync.timeout.retry = 30 (custom)
2024-04-25 19:24:56,731 [957dcc0f-940f-48bb-84e1-bf54d09bb8cf-PipelineCommandHandlerThread-0] INFO  server.RaftServer (RaftServerProxy.java:addNew(100)) - 957dcc0f-940f-48bb-84e1-bf54d09bb8cf: addNew group-85D85CF4D242:[957dcc0f-940f-48bb-84e1-bf54d09bb8cf|127.0.0.1:15139] returns group-85D85CF4D242:java.util.concurrent.CompletableFuture@6b1dc9f7[Not completed]
2024-04-25 19:24:56,731 [957dcc0f-940f-48bb-84e1-bf54d09bb8cf-groupManagement] INFO  server.RaftServerConfigKeys (ConfUtils.java:logGet(46)) - raft.server.log.write.buffer.size = 8388616 (custom)
2024-04-25 19:24:56,733 [957dcc0f-940f-48bb-84e1-bf54d09bb8cf-groupManagement] INFO  server.RaftServerConfigKeys (ConfUtils.java:logGet(46)) - raft.server.log.appender.buffer.byte-limit = 8388608 (custom)
2024-04-25 19:24:56,733 [957dcc0f-940f-48bb-84e1-bf54d09bb8cf-groupManagement] INFO  server.RaftServerConfigKeys (ConfUtils.java:logGet(46)) - raft.server.log.unsafe-flush.enabled = false (default)
2024-04-25 19:24:56,733 [957dcc0f-940f-48bb-84e1-bf54d09bb8cf-groupManagement] INFO  server.RaftServerConfigKeys (ConfUtils.java:logGet(46)) - raft.server.log.async-flush.enabled = false (default)
2024-04-25 19:24:56,733 [957dcc0f-940f-48bb-84e1-bf54d09bb8cf-groupManagement] INFO  server.RaftServerConfigKeys (ConfUtils.java:logGet(46)) - raft.server.log.statemachine.data.caching.enabled = true (custom)
2024-04-25 19:24:56,733 [957dcc0f-940f-48bb-84e1-bf54d09bb8cf-groupManagement] INFO  segmented.SegmentedRaftLogWorker (SegmentedRaftLogWorker.java:lambda$new$0(134)) - 957dcc0f-940f-48bb-84e1-bf54d09bb8cf@group-0A078C4FBAC5-SegmentedRaftLogWorker: flushIndex: setUnconditionally 0 -> -1
2024-04-25 19:24:56,733 [957dcc0f-940f-48bb-84e1-bf54d09bb8cf-groupManagement] INFO  segmented.SegmentedRaftLogWorker (SegmentedRaftLogWorker.java:lambda$new$0(134)) - 957dcc0f-940f-48bb-84e1-bf54d09bb8cf@group-0A078C4FBAC5-SegmentedRaftLogWorker: safeCacheEvictIndex: setUnconditionally 0 -> -1
2024-04-25 19:24:56,733 [957dcc0f-940f-48bb-84e1-bf54d09bb8cf-groupManagement] INFO  server.RaftServer$Division (RaftServerImpl.java:start(396)) - 957dcc0f-940f-48bb-84e1-bf54d09bb8cf@group-0A078C4FBAC5: start as a follower, conf=-1: peers:[957dcc0f-940f-48bb-84e1-bf54d09bb8cf|127.0.0.1:15139, b2172664-c1c5-4da6-8eba-635cc9cc8385|127.0.0.1:15130, cedf47e1-7aa2-45e6-80d0-c614de566771|127.0.0.1:15148]|listeners:[], old=null
2024-04-25 19:24:56,733 [957dcc0f-940f-48bb-84e1-bf54d09bb8cf-groupManagement] INFO  server.RaftServer$Division (RaftServerImpl.java:setRole(383)) - 957dcc0f-940f-48bb-84e1-bf54d09bb8cf@group-0A078C4FBAC5: changes role from      null to FOLLOWER at term 0 for startAsFollower
2024-04-25 19:24:56,734 [957dcc0f-940f-48bb-84e1-bf54d09bb8cf-groupManagement] INFO  impl.RoleInfo (RoleInfo.java:updateAndGet(139)) - 957dcc0f-940f-48bb-84e1-bf54d09bb8cf: start 957dcc0f-940f-48bb-84e1-bf54d09bb8cf@group-0A078C4FBAC5-FollowerState
2024-04-25 19:24:56,734 [957dcc0f-940f-48bb-84e1-bf54d09bb8cf@group-0A078C4FBAC5-FollowerState] INFO  server.RaftServerConfigKeys (ConfUtils.java:logFallback(53)) - raft.server.rpc.first-election.timeout.min = 5s (fallback to raft.server.rpc.timeout.min)
2024-04-25 19:24:56,734 [957dcc0f-940f-48bb-84e1-bf54d09bb8cf-groupManagement] INFO  util.JmxRegister (JmxRegister.java:tryRegister(44)) - Successfully registered JMX Bean with object name Ratis:service=RaftServer,group=group-0A078C4FBAC5,id=957dcc0f-940f-48bb-84e1-bf54d09bb8cf
2024-04-25 19:24:56,734 [957dcc0f-940f-48bb-84e1-bf54d09bb8cf@group-0A078C4FBAC5-FollowerState] INFO  server.RaftServerConfigKeys (ConfUtils.java:logFallback(53)) - raft.server.rpc.first-election.timeout.max = 5200ms (fallback to raft.server.rpc.timeout.max)
2024-04-25 19:24:56,734 [957dcc0f-940f-48bb-84e1-bf54d09bb8cf-groupManagement] INFO  server.RaftServerConfigKeys (ConfUtils.java:logGet(46)) - raft.server.snapshot.trigger-when-stop.enabled = true (default)
2024-04-25 19:24:56,734 [957dcc0f-940f-48bb-84e1-bf54d09bb8cf-groupManagement] INFO  server.RaftServerConfigKeys (ConfUtils.java:logGet(46)) - raft.server.snapshot.auto.trigger.enabled = true (custom)
2024-04-25 19:24:56,734 [957dcc0f-940f-48bb-84e1-bf54d09bb8cf-groupManagement] INFO  server.RaftServerConfigKeys (ConfUtils.java:logGet(46)) - raft.server.snapshot.auto.trigger.threshold = 10000 (custom)
2024-04-25 19:24:56,734 [957dcc0f-940f-48bb-84e1-bf54d09bb8cf-groupManagement] INFO  server.RaftServerConfigKeys (ConfUtils.java:logGet(46)) - raft.server.snapshot.retention.file.num = 5 (custom)
2024-04-25 19:24:56,734 [957dcc0f-940f-48bb-84e1-bf54d09bb8cf-groupManagement] INFO  server.RaftServerConfigKeys (ConfUtils.java:logGet(46)) - raft.server.log.purge.upto.snapshot.index = false (default)
2024-04-25 19:24:56,736 [957dcc0f-940f-48bb-84e1-bf54d09bb8cf-groupManagement] INFO  server.RaftServer$Division (RaftServerImpl.java:<init>(256)) - 957dcc0f-940f-48bb-84e1-bf54d09bb8cf: new RaftServerImpl for group-85D85CF4D242:[957dcc0f-940f-48bb-84e1-bf54d09bb8cf|127.0.0.1:15139] with ContainerStateMachine:uninitialized
2024-04-25 19:24:56,736 [957dcc0f-940f-48bb-84e1-bf54d09bb8cf-groupManagement] INFO  server.RaftServerConfigKeys (ConfUtils.java:logGet(46)) - raft.server.rpc.timeout.min = 5s (custom)
2024-04-25 19:24:56,736 [957dcc0f-940f-48bb-84e1-bf54d09bb8cf-groupManagement] INFO  server.RaftServerConfigKeys (ConfUtils.java:logGet(46)) - raft.server.rpc.timeout.max = 5200ms (custom)
2024-04-25 19:24:56,736 [957dcc0f-940f-48bb-84e1-bf54d09bb8cf-groupManagement] INFO  server.RaftServerConfigKeys (ConfUtils.java:logGet(46)) - raft.server.rpc.sleep.time = 25ms (default)
2024-04-25 19:24:56,736 [957dcc0f-940f-48bb-84e1-bf54d09bb8cf-groupManagement] INFO  server.RaftServerConfigKeys (ConfUtils.java:logGet(46)) - raft.server.rpc.slowness.timeout = 300000ms (custom)
2024-04-25 19:24:56,736 [957dcc0f-940f-48bb-84e1-bf54d09bb8cf-groupManagement] INFO  server.RaftServerConfigKeys (ConfUtils.java:logGet(46)) - raft.server.leaderelection.leader.step-down.wait-time = 10s (default)
2024-04-25 19:24:56,736 [957dcc0f-940f-48bb-84e1-bf54d09bb8cf-groupManagement] INFO  server.RaftServerConfigKeys (ConfUtils.java:logGet(46)) - raft.server.leaderelection.member.majority-add = false (default)
2024-04-25 19:24:56,736 [957dcc0f-940f-48bb-84e1-bf54d09bb8cf-groupManagement] INFO  server.RaftServerConfigKeys (ConfUtils.java:logGet(46)) - raft.server.sleep.deviation.threshold = 300ms (default)
2024-04-25 19:24:56,737 [957dcc0f-940f-48bb-84e1-bf54d09bb8cf-groupManagement] INFO  server.RaftServer$Division (ServerState.java:<init>(113)) - 957dcc0f-940f-48bb-84e1-bf54d09bb8cf@group-85D85CF4D242: ConfigurationManager, init=-1: peers:[957dcc0f-940f-48bb-84e1-bf54d09bb8cf|127.0.0.1:15139]|listeners:[], old=null, confs=<EMPTY_MAP>
2024-04-25 19:24:56,737 [957dcc0f-940f-48bb-84e1-bf54d09bb8cf-groupManagement] INFO  server.RaftServerConfigKeys (ConfUtils.java:logGet(46)) - raft.server.notification.no-leader.timeout = 300000ms (custom)
2024-04-25 19:24:56,737 [957dcc0f-940f-48bb-84e1-bf54d09bb8cf-groupManagement] INFO  server.RaftServerConfigKeys (ConfUtils.java:logGet(46)) - raft.server.read.timeout = 10s (default)
2024-04-25 19:24:56,737 [957dcc0f-940f-48bb-84e1-bf54d09bb8cf-groupManagement] INFO  server.RaftServerConfigKeys (ConfUtils.java:logGet(46)) - raft.server.retrycache.expirytime = 600000ms (custom)
2024-04-25 19:24:56,737 [957dcc0f-940f-48bb-84e1-bf54d09bb8cf-groupManagement] INFO  server.RaftServerConfigKeys (ConfUtils.java:logGet(46)) - raft.server.retrycache.statistics.expirytime = 100ms (default)
2024-04-25 19:24:56,737 [957dcc0f-940f-48bb-84e1-bf54d09bb8cf-groupManagement] INFO  server.RaftServerConfigKeys (ConfUtils.java:logGet(46)) - raft.server.read.option = DEFAULT (default)
2024-04-25 19:24:56,737 [957dcc0f-940f-48bb-84e1-bf54d09bb8cf-groupManagement] INFO  server.RaftServerConfigKeys (ConfUtils.java:logGet(46)) - raft.server.read.read-after-write-consistent.write-index-cache.expiry-time = 60s (default)
2024-04-25 19:24:56,740 [957dcc0f-940f-48bb-84e1-bf54d09bb8cf-groupManagement] INFO  server.RaftServerConfigKeys (ConfUtils.java:logGet(46)) - raft.server.rpc.request.timeout = 3000ms (default)
2024-04-25 19:24:56,740 [957dcc0f-940f-48bb-84e1-bf54d09bb8cf-groupManagement] INFO  server.RaftServerConfigKeys (ConfUtils.java:logGet(46)) - raft.server.log.appender.install.snapshot.enabled = false (custom)
2024-04-25 19:24:56,740 [957dcc0f-940f-48bb-84e1-bf54d09bb8cf-groupManagement] INFO  server.RaftServerConfigKeys (ConfUtils.java:logGet(46)) - raft.server.threadpool.server.cached = true (default)
2024-04-25 19:24:56,740 [957dcc0f-940f-48bb-84e1-bf54d09bb8cf-groupManagement] INFO  server.RaftServerConfigKeys (ConfUtils.java:logGet(46)) - raft.server.threadpool.server.size = 0 (default)
2024-04-25 19:24:56,740 [957dcc0f-940f-48bb-84e1-bf54d09bb8cf-groupManagement] INFO  server.RaftServerConfigKeys (ConfUtils.java:logGet(46)) - raft.server.threadpool.client.cached = true (default)
2024-04-25 19:24:56,740 [957dcc0f-940f-48bb-84e1-bf54d09bb8cf-groupManagement] INFO  server.RaftServerConfigKeys (ConfUtils.java:logGet(46)) - raft.server.threadpool.client.size = 0 (default)
2024-04-25 19:24:56,741 [957dcc0f-940f-48bb-84e1-bf54d09bb8cf-groupManagement] INFO  server.RaftServerConfigKeys (ConfUtils.java:logGet(46)) - raft.server.storage.free-space.min = 0MB (=0) (default)
2024-04-25 19:24:56,741 [957dcc0f-940f-48bb-84e1-bf54d09bb8cf-groupManagement] INFO  server.RaftServerConfigKeys (ConfUtils.java:logGet(46)) - raft.server.log.corruption.policy = EXCEPTION (default)
2024-04-25 19:24:56,741 [957dcc0f-940f-48bb-84e1-bf54d09bb8cf-groupManagement] INFO  server.RaftServerConfigKeys (ConfUtils.java:logGet(46)) - raft.server.storage.dir = [/home/runner/work/ozone/ozone/hadoop-ozone/integration-test/target/test-dir/MiniOzoneClusterImpl-d2e81863-a659-4dd2-bdb8-fa97662d499c/ozone-meta/datanode-5/ratis] (custom)
2024-04-25 19:24:56,741 [957dcc0f-940f-48bb-84e1-bf54d09bb8cf-groupManagement] INFO  storage.RaftStorageDirectory (RaftStorageDirectoryImpl.java:analyzeStorage(138)) - The storage directory /home/runner/work/ozone/ozone/hadoop-ozone/integration-test/target/test-dir/MiniOzoneClusterImpl-d2e81863-a659-4dd2-bdb8-fa97662d499c/ozone-meta/datanode-5/ratis/42041272-ef04-418d-9a3f-85d85cf4d242 does not exist. Creating ...
2024-04-25 19:24:56,742 [957dcc0f-940f-48bb-84e1-bf54d09bb8cf-groupManagement] INFO  storage.RaftStorageDirectory (RaftStorageDirectoryImpl.java:tryLock(228)) - Lock on /home/runner/work/ozone/ozone/hadoop-ozone/integration-test/target/test-dir/MiniOzoneClusterImpl-d2e81863-a659-4dd2-bdb8-fa97662d499c/ozone-meta/datanode-5/ratis/42041272-ef04-418d-9a3f-85d85cf4d242/in_use.lock acquired by nodename 21201@fv-az524-255
2024-04-25 19:24:56,743 [b2172664-c1c5-4da6-8eba-635cc9cc8385-PipelineCommandHandlerThread-0] INFO  commandhandler.CreatePipelineCommandHandler (CreatePipelineCommandHandler.java:lambda$handle$2(124)) - Created Pipeline RATIS THREE PipelineID=50067c24-8fa3-4690-ab5f-0a078c4fbac5.
2024-04-25 19:24:56,743 [957dcc0f-940f-48bb-84e1-bf54d09bb8cf-groupManagement] INFO  storage.RaftStorage (RaftStorageImpl.java:format(99)) - Storage directory /home/runner/work/ozone/ozone/hadoop-ozone/integration-test/target/test-dir/MiniOzoneClusterImpl-d2e81863-a659-4dd2-bdb8-fa97662d499c/ozone-meta/datanode-5/ratis/42041272-ef04-418d-9a3f-85d85cf4d242 has been successfully formatted.
2024-04-25 19:24:56,744 [957dcc0f-940f-48bb-84e1-bf54d09bb8cf-groupManagement] WARN  util.FileUtils (LogUtils.java:supplyAndLog(63)) - Failed to Files.newInputStream /home/runner/work/ozone/ozone/hadoop-ozone/integration-test/target/test-dir/MiniOzoneClusterImpl-d2e81863-a659-4dd2-bdb8-fa97662d499c/ozone-meta/datanode-5/ratis/42041272-ef04-418d-9a3f-85d85cf4d242/current/raft-meta.conf with options []: java.nio.file.NoSuchFileException: /home/runner/work/ozone/ozone/hadoop-ozone/integration-test/target/test-dir/MiniOzoneClusterImpl-d2e81863-a659-4dd2-bdb8-fa97662d499c/ozone-meta/datanode-5/ratis/42041272-ef04-418d-9a3f-85d85cf4d242/current/raft-meta.conf
2024-04-25 19:24:56,744 [957dcc0f-940f-48bb-84e1-bf54d09bb8cf-groupManagement] INFO  ratis.ContainerStateMachine (ContainerStateMachine.java:loadSnapshot(287)) - group-85D85CF4D242: The snapshot info is null. Setting the last applied index to:(t:0, i:~)
2024-04-25 19:24:56,744 [957dcc0f-940f-48bb-84e1-bf54d09bb8cf-groupManagement] INFO  server.RaftServerConfigKeys (ConfUtils.java:logGet(46)) - raft.server.log.use.memory = false (default)
2024-04-25 19:24:56,744 [957dcc0f-940f-48bb-84e1-bf54d09bb8cf-groupManagement] INFO  server.RaftServerConfigKeys (ConfUtils.java:logGet(46)) - raft.server.log.purge.gap = 1000000 (custom)
2024-04-25 19:24:56,744 [957dcc0f-940f-48bb-84e1-bf54d09bb8cf-groupManagement] INFO  server.RaftServerConfigKeys (ConfUtils.java:logGet(46)) - raft.server.log.appender.buffer.byte-limit = 8388608 (custom)
2024-04-25 19:24:56,744 [957dcc0f-940f-48bb-84e1-bf54d09bb8cf-groupManagement] INFO  server.RaftServerConfigKeys (ConfUtils.java:logGet(46)) - raft.server.log.statemachine.data.read.timeout = 1000ms (default)
2024-04-25 19:24:56,744 [957dcc0f-940f-48bb-84e1-bf54d09bb8cf-groupManagement] INFO  server.RaftServerConfigKeys (ConfUtils.java:logGet(46)) - raft.server.log.purge.preservation.log.num = 0 (default)
2024-04-25 19:24:56,746 [EventQueue-PipelineReportForPipelineReportHandler] INFO  pipeline.PipelineReportHandler (PipelineReportHandler.java:processPipelineReport(136)) - Opened pipeline PipelineID=42041272-ef04-418d-9a3f-85d85cf4d242
2024-04-25 19:24:56,746 [EventQueue-OpenPipelineForHealthyPipelineSafeModeRule] INFO  safemode.SCMSafeModeManager (HealthyPipelineSafeModeRule.java:process(140)) - SCM in safe mode. Healthy pipelines reported count is 0, required healthy pipeline reported count is 1
2024-04-25 19:24:56,747 [957dcc0f-940f-48bb-84e1-bf54d09bb8cf-groupManagement] INFO  server.RaftServerConfigKeys (ConfUtils.java:logGet(46)) - raft.server.log.segment.size.max = 67108864 (custom)
2024-04-25 19:24:56,747 [957dcc0f-940f-48bb-84e1-bf54d09bb8cf-groupManagement] INFO  server.RaftServerConfigKeys (ConfUtils.java:logGet(46)) - raft.server.log.segment.cache.num.max = 2 (custom)
2024-04-25 19:24:56,747 [957dcc0f-940f-48bb-84e1-bf54d09bb8cf-groupManagement] INFO  server.RaftServerConfigKeys (ConfUtils.java:logGet(46)) - raft.server.log.segment.cache.size.max = 200MB (=209715200) (default)
2024-04-25 19:24:56,747 [957dcc0f-940f-48bb-84e1-bf54d09bb8cf-groupManagement] INFO  server.RaftServerConfigKeys (ConfUtils.java:logGet(46)) - raft.server.log.appender.buffer.byte-limit = 8388608 (custom)
2024-04-25 19:24:56,747 [957dcc0f-940f-48bb-84e1-bf54d09bb8cf-groupManagement] INFO  util.AwaitToRun (AwaitToRun.java:start(81)) - Thread[957dcc0f-940f-48bb-84e1-bf54d09bb8cf@group-85D85CF4D242-cacheEviction-AwaitToRun,5,main] started
2024-04-25 19:24:56,747 [957dcc0f-940f-48bb-84e1-bf54d09bb8cf-groupManagement] INFO  segmented.SegmentedRaftLogWorker (SegmentedRaftLogWorker.java:<init>(182)) - new 957dcc0f-940f-48bb-84e1-bf54d09bb8cf@group-85D85CF4D242-SegmentedRaftLogWorker for RaftStorageImpl:Storage Directory /home/runner/work/ozone/ozone/hadoop-ozone/integration-test/target/test-dir/MiniOzoneClusterImpl-d2e81863-a659-4dd2-bdb8-fa97662d499c/ozone-meta/datanode-5/ratis/42041272-ef04-418d-9a3f-85d85cf4d242
2024-04-25 19:24:56,748 [957dcc0f-940f-48bb-84e1-bf54d09bb8cf-groupManagement] INFO  server.RaftServerConfigKeys (ConfUtils.java:logGet(46)) - raft.server.log.queue.byte-limit = 4294967296 (custom)
2024-04-25 19:24:56,748 [957dcc0f-940f-48bb-84e1-bf54d09bb8cf-groupManagement] INFO  server.RaftServerConfigKeys (ConfUtils.java:logGet(46)) - raft.server.log.queue.element-limit = 1024 (custom)
2024-04-25 19:24:56,748 [957dcc0f-940f-48bb-84e1-bf54d09bb8cf-groupManagement] INFO  server.RaftServerConfigKeys (ConfUtils.java:logGet(46)) - raft.server.log.segment.size.max = 67108864 (custom)
2024-04-25 19:24:56,748 [957dcc0f-940f-48bb-84e1-bf54d09bb8cf-groupManagement] INFO  server.RaftServerConfigKeys (ConfUtils.java:logGet(46)) - raft.server.log.preallocated.size = 4194304 (custom)
2024-04-25 19:24:56,748 [957dcc0f-940f-48bb-84e1-bf54d09bb8cf-groupManagement] INFO  server.RaftServerConfigKeys (ConfUtils.java:logGet(46)) - raft.server.log.force.sync.num = 128 (default)
2024-04-25 19:24:56,748 [957dcc0f-940f-48bb-84e1-bf54d09bb8cf-groupManagement] INFO  server.RaftServerConfigKeys (ConfUtils.java:logGet(46)) - raft.server.log.statemachine.data.sync = true (default)
2024-04-25 19:24:56,748 [957dcc0f-940f-48bb-84e1-bf54d09bb8cf-groupManagement] INFO  server.RaftServerConfigKeys (ConfUtils.java:logGet(46)) - raft.server.log.statemachine.data.sync.timeout = 10s (default)
2024-04-25 19:24:56,748 [957dcc0f-940f-48bb-84e1-bf54d09bb8cf-groupManagement] INFO  server.RaftServerConfigKeys (ConfUtils.java:logGet(46)) - raft.server.log.statemachine.data.sync.timeout.retry = 30 (custom)
2024-04-25 19:24:56,748 [957dcc0f-940f-48bb-84e1-bf54d09bb8cf-groupManagement] INFO  server.RaftServerConfigKeys (ConfUtils.java:logGet(46)) - raft.server.log.write.buffer.size = 8388616 (custom)
2024-04-25 19:24:56,750 [957dcc0f-940f-48bb-84e1-bf54d09bb8cf-groupManagement] INFO  server.RaftServerConfigKeys (ConfUtils.java:logGet(46)) - raft.server.log.appender.buffer.byte-limit = 8388608 (custom)
2024-04-25 19:24:56,750 [957dcc0f-940f-48bb-84e1-bf54d09bb8cf-groupManagement] INFO  server.RaftServerConfigKeys (ConfUtils.java:logGet(46)) - raft.server.log.unsafe-flush.enabled = false (default)
2024-04-25 19:24:56,750 [957dcc0f-940f-48bb-84e1-bf54d09bb8cf-groupManagement] INFO  server.RaftServerConfigKeys (ConfUtils.java:logGet(46)) - raft.server.log.async-flush.enabled = false (default)
2024-04-25 19:24:56,750 [957dcc0f-940f-48bb-84e1-bf54d09bb8cf-groupManagement] INFO  server.RaftServerConfigKeys (ConfUtils.java:logGet(46)) - raft.server.log.statemachine.data.caching.enabled = true (custom)
2024-04-25 19:24:56,750 [957dcc0f-940f-48bb-84e1-bf54d09bb8cf-groupManagement] INFO  segmented.SegmentedRaftLogWorker (SegmentedRaftLogWorker.java:lambda$new$0(134)) - 957dcc0f-940f-48bb-84e1-bf54d09bb8cf@group-85D85CF4D242-SegmentedRaftLogWorker: flushIndex: setUnconditionally 0 -> -1
2024-04-25 19:24:56,750 [957dcc0f-940f-48bb-84e1-bf54d09bb8cf-groupManagement] INFO  segmented.SegmentedRaftLogWorker (SegmentedRaftLogWorker.java:lambda$new$0(134)) - 957dcc0f-940f-48bb-84e1-bf54d09bb8cf@group-85D85CF4D242-SegmentedRaftLogWorker: safeCacheEvictIndex: setUnconditionally 0 -> -1
2024-04-25 19:24:56,751 [957dcc0f-940f-48bb-84e1-bf54d09bb8cf-groupManagement] INFO  server.RaftServer$Division (RaftServerImpl.java:start(396)) - 957dcc0f-940f-48bb-84e1-bf54d09bb8cf@group-85D85CF4D242: start as a follower, conf=-1: peers:[957dcc0f-940f-48bb-84e1-bf54d09bb8cf|127.0.0.1:15139]|listeners:[], old=null
2024-04-25 19:24:56,751 [957dcc0f-940f-48bb-84e1-bf54d09bb8cf-groupManagement] INFO  server.RaftServer$Division (RaftServerImpl.java:setRole(383)) - 957dcc0f-940f-48bb-84e1-bf54d09bb8cf@group-85D85CF4D242: changes role from      null to FOLLOWER at term 0 for startAsFollower
2024-04-25 19:24:56,751 [957dcc0f-940f-48bb-84e1-bf54d09bb8cf-groupManagement] INFO  impl.RoleInfo (RoleInfo.java:updateAndGet(139)) - 957dcc0f-940f-48bb-84e1-bf54d09bb8cf: start 957dcc0f-940f-48bb-84e1-bf54d09bb8cf@group-85D85CF4D242-FollowerState
2024-04-25 19:24:56,751 [957dcc0f-940f-48bb-84e1-bf54d09bb8cf@group-85D85CF4D242-FollowerState] INFO  server.RaftServerConfigKeys (ConfUtils.java:logFallback(53)) - raft.server.rpc.first-election.timeout.min = 5s (fallback to raft.server.rpc.timeout.min)
2024-04-25 19:24:56,751 [957dcc0f-940f-48bb-84e1-bf54d09bb8cf-groupManagement] INFO  util.JmxRegister (JmxRegister.java:tryRegister(44)) - Successfully registered JMX Bean with object name Ratis:service=RaftServer,group=group-85D85CF4D242,id=957dcc0f-940f-48bb-84e1-bf54d09bb8cf
2024-04-25 19:24:56,751 [957dcc0f-940f-48bb-84e1-bf54d09bb8cf-groupManagement] INFO  server.RaftServerConfigKeys (ConfUtils.java:logGet(46)) - raft.server.snapshot.trigger-when-stop.enabled = true (default)
2024-04-25 19:24:56,751 [957dcc0f-940f-48bb-84e1-bf54d09bb8cf-groupManagement] INFO  server.RaftServerConfigKeys (ConfUtils.java:logGet(46)) - raft.server.snapshot.auto.trigger.enabled = true (custom)
2024-04-25 19:24:56,751 [957dcc0f-940f-48bb-84e1-bf54d09bb8cf-groupManagement] INFO  server.RaftServerConfigKeys (ConfUtils.java:logGet(46)) - raft.server.snapshot.auto.trigger.threshold = 10000 (custom)
2024-04-25 19:24:56,751 [957dcc0f-940f-48bb-84e1-bf54d09bb8cf-groupManagement] INFO  server.RaftServerConfigKeys (ConfUtils.java:logGet(46)) - raft.server.snapshot.retention.file.num = 5 (custom)
2024-04-25 19:24:56,751 [957dcc0f-940f-48bb-84e1-bf54d09bb8cf-groupManagement] INFO  server.RaftServerConfigKeys (ConfUtils.java:logGet(46)) - raft.server.log.purge.upto.snapshot.index = false (default)
2024-04-25 19:24:56,751 [957dcc0f-940f-48bb-84e1-bf54d09bb8cf@group-85D85CF4D242-FollowerState] INFO  server.RaftServerConfigKeys (ConfUtils.java:logFallback(53)) - raft.server.rpc.first-election.timeout.max = 5200ms (fallback to raft.server.rpc.timeout.max)
2024-04-25 19:24:56,752 [957dcc0f-940f-48bb-84e1-bf54d09bb8cf-PipelineCommandHandlerThread-0] INFO  ratis.XceiverServerRatis (XceiverServerRatis.java:addGroup(864)) - Created group PipelineID=42041272-ef04-418d-9a3f-85d85cf4d242
2024-04-25 19:24:56,752 [957dcc0f-940f-48bb-84e1-bf54d09bb8cf-PipelineCommandHandlerThread-0] INFO  commandhandler.CreatePipelineCommandHandler (CreatePipelineCommandHandler.java:lambda$handle$2(124)) - Created Pipeline RATIS ONE PipelineID=42041272-ef04-418d-9a3f-85d85cf4d242.
2024-04-25 19:24:56,822 [cedf47e1-7aa2-45e6-80d0-c614de566771-PipelineCommandHandlerThread-0] INFO  server.RaftServer (RaftServerProxy.java:addNew(100)) - cedf47e1-7aa2-45e6-80d0-c614de566771: addNew group-D40257E590A6:[cedf47e1-7aa2-45e6-80d0-c614de566771|127.0.0.1:15148] returns group-D40257E590A6:java.util.concurrent.CompletableFuture@72955698[Not completed]
2024-04-25 19:24:56,822 [cedf47e1-7aa2-45e6-80d0-c614de566771-groupManagement] INFO  server.RaftServer$Division (RaftServerImpl.java:<init>(256)) - cedf47e1-7aa2-45e6-80d0-c614de566771: new RaftServerImpl for group-D40257E590A6:[cedf47e1-7aa2-45e6-80d0-c614de566771|127.0.0.1:15148] with ContainerStateMachine:uninitialized
2024-04-25 19:24:56,823 [cedf47e1-7aa2-45e6-80d0-c614de566771-groupManagement] INFO  server.RaftServerConfigKeys (ConfUtils.java:logGet(46)) - raft.server.rpc.timeout.min = 5s (custom)
2024-04-25 19:24:56,823 [cedf47e1-7aa2-45e6-80d0-c614de566771-groupManagement] INFO  server.RaftServerConfigKeys (ConfUtils.java:logGet(46)) - raft.server.rpc.timeout.max = 5200ms (custom)
2024-04-25 19:24:56,823 [cedf47e1-7aa2-45e6-80d0-c614de566771-groupManagement] INFO  server.RaftServerConfigKeys (ConfUtils.java:logGet(46)) - raft.server.rpc.sleep.time = 25ms (default)
2024-04-25 19:24:56,823 [cedf47e1-7aa2-45e6-80d0-c614de566771-groupManagement] INFO  server.RaftServerConfigKeys (ConfUtils.java:logGet(46)) - raft.server.rpc.slowness.timeout = 300000ms (custom)
2024-04-25 19:24:56,823 [cedf47e1-7aa2-45e6-80d0-c614de566771-groupManagement] INFO  server.RaftServerConfigKeys (ConfUtils.java:logGet(46)) - raft.server.leaderelection.leader.step-down.wait-time = 10s (default)
2024-04-25 19:24:56,823 [cedf47e1-7aa2-45e6-80d0-c614de566771-groupManagement] INFO  server.RaftServerConfigKeys (ConfUtils.java:logGet(46)) - raft.server.leaderelection.member.majority-add = false (default)
2024-04-25 19:24:56,823 [cedf47e1-7aa2-45e6-80d0-c614de566771-groupManagement] INFO  server.RaftServerConfigKeys (ConfUtils.java:logGet(46)) - raft.server.sleep.deviation.threshold = 300ms (default)
2024-04-25 19:24:56,823 [cedf47e1-7aa2-45e6-80d0-c614de566771-groupManagement] INFO  server.RaftServer$Division (ServerState.java:<init>(113)) - cedf47e1-7aa2-45e6-80d0-c614de566771@group-D40257E590A6: ConfigurationManager, init=-1: peers:[cedf47e1-7aa2-45e6-80d0-c614de566771|127.0.0.1:15148]|listeners:[], old=null, confs=<EMPTY_MAP>
2024-04-25 19:24:56,823 [cedf47e1-7aa2-45e6-80d0-c614de566771-groupManagement] INFO  server.RaftServerConfigKeys (ConfUtils.java:logGet(46)) - raft.server.notification.no-leader.timeout = 300000ms (custom)
2024-04-25 19:24:56,823 [cedf47e1-7aa2-45e6-80d0-c614de566771-groupManagement] INFO  server.RaftServerConfigKeys (ConfUtils.java:logGet(46)) - raft.server.read.timeout = 10s (default)
2024-04-25 19:24:56,823 [cedf47e1-7aa2-45e6-80d0-c614de566771-groupManagement] INFO  server.RaftServerConfigKeys (ConfUtils.java:logGet(46)) - raft.server.retrycache.expirytime = 600000ms (custom)
2024-04-25 19:24:56,823 [cedf47e1-7aa2-45e6-80d0-c614de566771-groupManagement] INFO  server.RaftServerConfigKeys (ConfUtils.java:logGet(46)) - raft.server.retrycache.statistics.expirytime = 100ms (default)
2024-04-25 19:24:56,823 [cedf47e1-7aa2-45e6-80d0-c614de566771-groupManagement] INFO  server.RaftServerConfigKeys (ConfUtils.java:logGet(46)) - raft.server.read.option = DEFAULT (default)
2024-04-25 19:24:56,823 [cedf47e1-7aa2-45e6-80d0-c614de566771-groupManagement] INFO  server.RaftServerConfigKeys (ConfUtils.java:logGet(46)) - raft.server.read.read-after-write-consistent.write-index-cache.expiry-time = 60s (default)
2024-04-25 19:24:56,826 [cedf47e1-7aa2-45e6-80d0-c614de566771-groupManagement] INFO  server.RaftServerConfigKeys (ConfUtils.java:logGet(46)) - raft.server.rpc.request.timeout = 3000ms (default)
2024-04-25 19:24:56,826 [cedf47e1-7aa2-45e6-80d0-c614de566771-groupManagement] INFO  server.RaftServerConfigKeys (ConfUtils.java:logGet(46)) - raft.server.log.appender.install.snapshot.enabled = false (custom)
2024-04-25 19:24:56,826 [cedf47e1-7aa2-45e6-80d0-c614de566771-groupManagement] INFO  server.RaftServerConfigKeys (ConfUtils.java:logGet(46)) - raft.server.threadpool.server.cached = true (default)
2024-04-25 19:24:56,826 [cedf47e1-7aa2-45e6-80d0-c614de566771-groupManagement] INFO  server.RaftServerConfigKeys (ConfUtils.java:logGet(46)) - raft.server.threadpool.server.size = 0 (default)
2024-04-25 19:24:56,826 [cedf47e1-7aa2-45e6-80d0-c614de566771-groupManagement] INFO  server.RaftServerConfigKeys (ConfUtils.java:logGet(46)) - raft.server.threadpool.client.cached = true (default)
2024-04-25 19:24:56,826 [cedf47e1-7aa2-45e6-80d0-c614de566771-groupManagement] INFO  server.RaftServerConfigKeys (ConfUtils.java:logGet(46)) - raft.server.threadpool.client.size = 0 (default)
2024-04-25 19:24:56,827 [cedf47e1-7aa2-45e6-80d0-c614de566771-groupManagement] INFO  server.RaftServerConfigKeys (ConfUtils.java:logGet(46)) - raft.server.storage.free-space.min = 0MB (=0) (default)
2024-04-25 19:24:56,827 [cedf47e1-7aa2-45e6-80d0-c614de566771-groupManagement] INFO  server.RaftServerConfigKeys (ConfUtils.java:logGet(46)) - raft.server.log.corruption.policy = EXCEPTION (default)
2024-04-25 19:24:56,827 [cedf47e1-7aa2-45e6-80d0-c614de566771-groupManagement] INFO  server.RaftServerConfigKeys (ConfUtils.java:logGet(46)) - raft.server.storage.dir = [/home/runner/work/ozone/ozone/hadoop-ozone/integration-test/target/test-dir/MiniOzoneClusterImpl-d2e81863-a659-4dd2-bdb8-fa97662d499c/ozone-meta/datanode-6/ratis] (custom)
2024-04-25 19:24:56,827 [cedf47e1-7aa2-45e6-80d0-c614de566771-groupManagement] INFO  storage.RaftStorageDirectory (RaftStorageDirectoryImpl.java:analyzeStorage(138)) - The storage directory /home/runner/work/ozone/ozone/hadoop-ozone/integration-test/target/test-dir/MiniOzoneClusterImpl-d2e81863-a659-4dd2-bdb8-fa97662d499c/ozone-meta/datanode-6/ratis/9dc79712-160a-43a8-a750-d40257e590a6 does not exist. Creating ...
2024-04-25 19:24:56,828 [cedf47e1-7aa2-45e6-80d0-c614de566771-groupManagement] INFO  storage.RaftStorageDirectory (RaftStorageDirectoryImpl.java:tryLock(228)) - Lock on /home/runner/work/ozone/ozone/hadoop-ozone/integration-test/target/test-dir/MiniOzoneClusterImpl-d2e81863-a659-4dd2-bdb8-fa97662d499c/ozone-meta/datanode-6/ratis/9dc79712-160a-43a8-a750-d40257e590a6/in_use.lock acquired by nodename 21201@fv-az524-255
2024-04-25 19:24:56,829 [cedf47e1-7aa2-45e6-80d0-c614de566771-groupManagement] INFO  storage.RaftStorage (RaftStorageImpl.java:format(99)) - Storage directory /home/runner/work/ozone/ozone/hadoop-ozone/integration-test/target/test-dir/MiniOzoneClusterImpl-d2e81863-a659-4dd2-bdb8-fa97662d499c/ozone-meta/datanode-6/ratis/9dc79712-160a-43a8-a750-d40257e590a6 has been successfully formatted.
2024-04-25 19:24:56,829 [cedf47e1-7aa2-45e6-80d0-c614de566771-groupManagement] WARN  util.FileUtils (LogUtils.java:supplyAndLog(63)) - Failed to Files.newInputStream /home/runner/work/ozone/ozone/hadoop-ozone/integration-test/target/test-dir/MiniOzoneClusterImpl-d2e81863-a659-4dd2-bdb8-fa97662d499c/ozone-meta/datanode-6/ratis/9dc79712-160a-43a8-a750-d40257e590a6/current/raft-meta.conf with options []: java.nio.file.NoSuchFileException: /home/runner/work/ozone/ozone/hadoop-ozone/integration-test/target/test-dir/MiniOzoneClusterImpl-d2e81863-a659-4dd2-bdb8-fa97662d499c/ozone-meta/datanode-6/ratis/9dc79712-160a-43a8-a750-d40257e590a6/current/raft-meta.conf
2024-04-25 19:24:56,830 [cedf47e1-7aa2-45e6-80d0-c614de566771-groupManagement] INFO  ratis.ContainerStateMachine (ContainerStateMachine.java:loadSnapshot(287)) - group-D40257E590A6: The snapshot info is null. Setting the last applied index to:(t:0, i:~)
2024-04-25 19:24:56,830 [cedf47e1-7aa2-45e6-80d0-c614de566771-groupManagement] INFO  server.RaftServerConfigKeys (ConfUtils.java:logGet(46)) - raft.server.log.use.memory = false (default)
2024-04-25 19:24:56,830 [cedf47e1-7aa2-45e6-80d0-c614de566771-groupManagement] INFO  server.RaftServerConfigKeys (ConfUtils.java:logGet(46)) - raft.server.log.purge.gap = 1000000 (custom)
2024-04-25 19:24:56,830 [cedf47e1-7aa2-45e6-80d0-c614de566771-groupManagement] INFO  server.RaftServerConfigKeys (ConfUtils.java:logGet(46)) - raft.server.log.appender.buffer.byte-limit = 8388608 (custom)
2024-04-25 19:24:56,830 [cedf47e1-7aa2-45e6-80d0-c614de566771-groupManagement] INFO  server.RaftServerConfigKeys (ConfUtils.java:logGet(46)) - raft.server.log.statemachine.data.read.timeout = 1000ms (default)
2024-04-25 19:24:56,830 [cedf47e1-7aa2-45e6-80d0-c614de566771-groupManagement] INFO  server.RaftServerConfigKeys (ConfUtils.java:logGet(46)) - raft.server.log.purge.preservation.log.num = 0 (default)
2024-04-25 19:24:56,831 [EventQueue-PipelineReportForPipelineReportHandler] INFO  pipeline.PipelineReportHandler (PipelineReportHandler.java:processPipelineReport(136)) - Opened pipeline PipelineID=9dc79712-160a-43a8-a750-d40257e590a6
2024-04-25 19:24:56,831 [EventQueue-OpenPipelineForHealthyPipelineSafeModeRule] INFO  safemode.SCMSafeModeManager (HealthyPipelineSafeModeRule.java:process(140)) - SCM in safe mode. Healthy pipelines reported count is 0, required healthy pipeline reported count is 1
2024-04-25 19:24:56,832 [cedf47e1-7aa2-45e6-80d0-c614de566771-groupManagement] INFO  server.RaftServerConfigKeys (ConfUtils.java:logGet(46)) - raft.server.log.segment.size.max = 67108864 (custom)
2024-04-25 19:24:56,832 [cedf47e1-7aa2-45e6-80d0-c614de566771-groupManagement] INFO  server.RaftServerConfigKeys (ConfUtils.java:logGet(46)) - raft.server.log.segment.cache.num.max = 2 (custom)
2024-04-25 19:24:56,832 [cedf47e1-7aa2-45e6-80d0-c614de566771-groupManagement] INFO  server.RaftServerConfigKeys (ConfUtils.java:logGet(46)) - raft.server.log.segment.cache.size.max = 200MB (=209715200) (default)
2024-04-25 19:24:56,832 [cedf47e1-7aa2-45e6-80d0-c614de566771-groupManagement] INFO  server.RaftServerConfigKeys (ConfUtils.java:logGet(46)) - raft.server.log.appender.buffer.byte-limit = 8388608 (custom)
2024-04-25 19:24:56,832 [cedf47e1-7aa2-45e6-80d0-c614de566771-groupManagement] INFO  util.AwaitToRun (AwaitToRun.java:start(81)) - Thread[cedf47e1-7aa2-45e6-80d0-c614de566771@group-D40257E590A6-cacheEviction-AwaitToRun,5,main] started
2024-04-25 19:24:56,832 [cedf47e1-7aa2-45e6-80d0-c614de566771-groupManagement] INFO  segmented.SegmentedRaftLogWorker (SegmentedRaftLogWorker.java:<init>(182)) - new cedf47e1-7aa2-45e6-80d0-c614de566771@group-D40257E590A6-SegmentedRaftLogWorker for RaftStorageImpl:Storage Directory /home/runner/work/ozone/ozone/hadoop-ozone/integration-test/target/test-dir/MiniOzoneClusterImpl-d2e81863-a659-4dd2-bdb8-fa97662d499c/ozone-meta/datanode-6/ratis/9dc79712-160a-43a8-a750-d40257e590a6
2024-04-25 19:24:56,832 [cedf47e1-7aa2-45e6-80d0-c614de566771-groupManagement] INFO  server.RaftServerConfigKeys (ConfUtils.java:logGet(46)) - raft.server.log.queue.byte-limit = 4294967296 (custom)
2024-04-25 19:24:56,832 [cedf47e1-7aa2-45e6-80d0-c614de566771-groupManagement] INFO  server.RaftServerConfigKeys (ConfUtils.java:logGet(46)) - raft.server.log.queue.element-limit = 1024 (custom)
2024-04-25 19:24:56,832 [cedf47e1-7aa2-45e6-80d0-c614de566771-groupManagement] INFO  server.RaftServerConfigKeys (ConfUtils.java:logGet(46)) - raft.server.log.segment.size.max = 67108864 (custom)
2024-04-25 19:24:56,832 [cedf47e1-7aa2-45e6-80d0-c614de566771-groupManagement] INFO  server.RaftServerConfigKeys (ConfUtils.java:logGet(46)) - raft.server.log.preallocated.size = 4194304 (custom)
2024-04-25 19:24:56,833 [cedf47e1-7aa2-45e6-80d0-c614de566771-groupManagement] INFO  server.RaftServerConfigKeys (ConfUtils.java:logGet(46)) - raft.server.log.force.sync.num = 128 (default)
2024-04-25 19:24:56,833 [cedf47e1-7aa2-45e6-80d0-c614de566771-groupManagement] INFO  server.RaftServerConfigKeys (ConfUtils.java:logGet(46)) - raft.server.log.statemachine.data.sync = true (default)
2024-04-25 19:24:56,833 [cedf47e1-7aa2-45e6-80d0-c614de566771-groupManagement] INFO  server.RaftServerConfigKeys (ConfUtils.java:logGet(46)) - raft.server.log.statemachine.data.sync.timeout = 10s (default)
2024-04-25 19:24:56,833 [cedf47e1-7aa2-45e6-80d0-c614de566771-groupManagement] INFO  server.RaftServerConfigKeys (ConfUtils.java:logGet(46)) - raft.server.log.statemachine.data.sync.timeout.retry = 30 (custom)
2024-04-25 19:24:56,833 [cedf47e1-7aa2-45e6-80d0-c614de566771-groupManagement] INFO  server.RaftServerConfigKeys (ConfUtils.java:logGet(46)) - raft.server.log.write.buffer.size = 8388616 (custom)
2024-04-25 19:24:56,834 [cedf47e1-7aa2-45e6-80d0-c614de566771-groupManagement] INFO  server.RaftServerConfigKeys (ConfUtils.java:logGet(46)) - raft.server.log.appender.buffer.byte-limit = 8388608 (custom)
2024-04-25 19:24:56,834 [cedf47e1-7aa2-45e6-80d0-c614de566771-groupManagement] INFO  server.RaftServerConfigKeys (ConfUtils.java:logGet(46)) - raft.server.log.unsafe-flush.enabled = false (default)
2024-04-25 19:24:56,834 [cedf47e1-7aa2-45e6-80d0-c614de566771-groupManagement] INFO  server.RaftServerConfigKeys (ConfUtils.java:logGet(46)) - raft.server.log.async-flush.enabled = false (default)
2024-04-25 19:24:56,834 [cedf47e1-7aa2-45e6-80d0-c614de566771-groupManagement] INFO  server.RaftServerConfigKeys (ConfUtils.java:logGet(46)) - raft.server.log.statemachine.data.caching.enabled = true (custom)
2024-04-25 19:24:56,835 [cedf47e1-7aa2-45e6-80d0-c614de566771-groupManagement] INFO  segmented.SegmentedRaftLogWorker (SegmentedRaftLogWorker.java:lambda$new$0(134)) - cedf47e1-7aa2-45e6-80d0-c614de566771@group-D40257E590A6-SegmentedRaftLogWorker: flushIndex: setUnconditionally 0 -> -1
2024-04-25 19:24:56,835 [cedf47e1-7aa2-45e6-80d0-c614de566771-groupManagement] INFO  segmented.SegmentedRaftLogWorker (SegmentedRaftLogWorker.java:lambda$new$0(134)) - cedf47e1-7aa2-45e6-80d0-c614de566771@group-D40257E590A6-SegmentedRaftLogWorker: safeCacheEvictIndex: setUnconditionally 0 -> -1
2024-04-25 19:24:56,835 [cedf47e1-7aa2-45e6-80d0-c614de566771-groupManagement] INFO  server.RaftServer$Division (RaftServerImpl.java:start(396)) - cedf47e1-7aa2-45e6-80d0-c614de566771@group-D40257E590A6: start as a follower, conf=-1: peers:[cedf47e1-7aa2-45e6-80d0-c614de566771|127.0.0.1:15148]|listeners:[], old=null
2024-04-25 19:24:56,835 [cedf47e1-7aa2-45e6-80d0-c614de566771-groupManagement] INFO  server.RaftServer$Division (RaftServerImpl.java:setRole(383)) - cedf47e1-7aa2-45e6-80d0-c614de566771@group-D40257E590A6: changes role from      null to FOLLOWER at term 0 for startAsFollower
2024-04-25 19:24:56,835 [cedf47e1-7aa2-45e6-80d0-c614de566771-groupManagement] INFO  impl.RoleInfo (RoleInfo.java:updateAndGet(139)) - cedf47e1-7aa2-45e6-80d0-c614de566771: start cedf47e1-7aa2-45e6-80d0-c614de566771@group-D40257E590A6-FollowerState
2024-04-25 19:24:56,835 [cedf47e1-7aa2-45e6-80d0-c614de566771@group-D40257E590A6-FollowerState] INFO  server.RaftServerConfigKeys (ConfUtils.java:logFallback(53)) - raft.server.rpc.first-election.timeout.min = 5s (fallback to raft.server.rpc.timeout.min)
2024-04-25 19:24:56,835 [cedf47e1-7aa2-45e6-80d0-c614de566771-groupManagement] INFO  util.JmxRegister (JmxRegister.java:tryRegister(44)) - Successfully registered JMX Bean with object name Ratis:service=RaftServer,group=group-D40257E590A6,id=cedf47e1-7aa2-45e6-80d0-c614de566771
2024-04-25 19:24:56,835 [cedf47e1-7aa2-45e6-80d0-c614de566771-groupManagement] INFO  server.RaftServerConfigKeys (ConfUtils.java:logGet(46)) - raft.server.snapshot.trigger-when-stop.enabled = true (default)
2024-04-25 19:24:56,836 [cedf47e1-7aa2-45e6-80d0-c614de566771-groupManagement] INFO  server.RaftServerConfigKeys (ConfUtils.java:logGet(46)) - raft.server.snapshot.auto.trigger.enabled = true (custom)
2024-04-25 19:24:56,836 [cedf47e1-7aa2-45e6-80d0-c614de566771-groupManagement] INFO  server.RaftServerConfigKeys (ConfUtils.java:logGet(46)) - raft.server.snapshot.auto.trigger.threshold = 10000 (custom)
2024-04-25 19:24:56,836 [cedf47e1-7aa2-45e6-80d0-c614de566771-groupManagement] INFO  server.RaftServerConfigKeys (ConfUtils.java:logGet(46)) - raft.server.snapshot.retention.file.num = 5 (custom)
2024-04-25 19:24:56,836 [cedf47e1-7aa2-45e6-80d0-c614de566771-groupManagement] INFO  server.RaftServerConfigKeys (ConfUtils.java:logGet(46)) - raft.server.log.purge.upto.snapshot.index = false (default)
2024-04-25 19:24:56,836 [cedf47e1-7aa2-45e6-80d0-c614de566771@group-D40257E590A6-FollowerState] INFO  server.RaftServerConfigKeys (ConfUtils.java:logFallback(53)) - raft.server.rpc.first-election.timeout.max = 5200ms (fallback to raft.server.rpc.timeout.max)
2024-04-25 19:24:56,837 [cedf47e1-7aa2-45e6-80d0-c614de566771-PipelineCommandHandlerThread-0] INFO  ratis.XceiverServerRatis (XceiverServerRatis.java:addGroup(864)) - Created group PipelineID=9dc79712-160a-43a8-a750-d40257e590a6
2024-04-25 19:24:56,837 [cedf47e1-7aa2-45e6-80d0-c614de566771-PipelineCommandHandlerThread-0] INFO  commandhandler.CreatePipelineCommandHandler (CreatePipelineCommandHandler.java:lambda$handle$2(124)) - Created Pipeline RATIS ONE PipelineID=9dc79712-160a-43a8-a750-d40257e590a6.
2024-04-25 19:24:56,892 [40fb7397-672b-4299-ac41-723a71166d77-PipelineCommandHandlerThread-0] INFO  server.RaftServer (RaftServerProxy.java:addNew(100)) - 40fb7397-672b-4299-ac41-723a71166d77: addNew group-72C40C8F5155:[40fb7397-672b-4299-ac41-723a71166d77|127.0.0.1:15157] returns group-72C40C8F5155:java.util.concurrent.CompletableFuture@43d49f5c[Not completed]
2024-04-25 19:24:56,893 [40fb7397-672b-4299-ac41-723a71166d77-groupManagement] INFO  server.RaftServer$Division (RaftServerImpl.java:<init>(256)) - 40fb7397-672b-4299-ac41-723a71166d77: new RaftServerImpl for group-72C40C8F5155:[40fb7397-672b-4299-ac41-723a71166d77|127.0.0.1:15157] with ContainerStateMachine:uninitialized
2024-04-25 19:24:56,893 [40fb7397-672b-4299-ac41-723a71166d77-groupManagement] INFO  server.RaftServerConfigKeys (ConfUtils.java:logGet(46)) - raft.server.rpc.timeout.min = 5s (custom)
2024-04-25 19:24:56,893 [40fb7397-672b-4299-ac41-723a71166d77-groupManagement] INFO  server.RaftServerConfigKeys (ConfUtils.java:logGet(46)) - raft.server.rpc.timeout.max = 5200ms (custom)
2024-04-25 19:24:56,893 [40fb7397-672b-4299-ac41-723a71166d77-groupManagement] INFO  server.RaftServerConfigKeys (ConfUtils.java:logGet(46)) - raft.server.rpc.sleep.time = 25ms (default)
2024-04-25 19:24:56,893 [40fb7397-672b-4299-ac41-723a71166d77-groupManagement] INFO  server.RaftServerConfigKeys (ConfUtils.java:logGet(46)) - raft.server.rpc.slowness.timeout = 300000ms (custom)
2024-04-25 19:24:56,893 [40fb7397-672b-4299-ac41-723a71166d77-groupManagement] INFO  server.RaftServerConfigKeys (ConfUtils.java:logGet(46)) - raft.server.leaderelection.leader.step-down.wait-time = 10s (default)
2024-04-25 19:24:56,893 [40fb7397-672b-4299-ac41-723a71166d77-groupManagement] INFO  server.RaftServerConfigKeys (ConfUtils.java:logGet(46)) - raft.server.leaderelection.member.majority-add = false (default)
2024-04-25 19:24:56,893 [40fb7397-672b-4299-ac41-723a71166d77-groupManagement] INFO  server.RaftServerConfigKeys (ConfUtils.java:logGet(46)) - raft.server.sleep.deviation.threshold = 300ms (default)
2024-04-25 19:24:56,893 [40fb7397-672b-4299-ac41-723a71166d77-groupManagement] INFO  server.RaftServer$Division (ServerState.java:<init>(113)) - 40fb7397-672b-4299-ac41-723a71166d77@group-72C40C8F5155: ConfigurationManager, init=-1: peers:[40fb7397-672b-4299-ac41-723a71166d77|127.0.0.1:15157]|listeners:[], old=null, confs=<EMPTY_MAP>
2024-04-25 19:24:56,893 [40fb7397-672b-4299-ac41-723a71166d77-groupManagement] INFO  server.RaftServerConfigKeys (ConfUtils.java:logGet(46)) - raft.server.notification.no-leader.timeout = 300000ms (custom)
2024-04-25 19:24:56,893 [40fb7397-672b-4299-ac41-723a71166d77-groupManagement] INFO  server.RaftServerConfigKeys (ConfUtils.java:logGet(46)) - raft.server.read.timeout = 10s (default)
2024-04-25 19:24:56,893 [40fb7397-672b-4299-ac41-723a71166d77-groupManagement] INFO  server.RaftServerConfigKeys (ConfUtils.java:logGet(46)) - raft.server.retrycache.expirytime = 600000ms (custom)
2024-04-25 19:24:56,893 [40fb7397-672b-4299-ac41-723a71166d77-groupManagement] INFO  server.RaftServerConfigKeys (ConfUtils.java:logGet(46)) - raft.server.retrycache.statistics.expirytime = 100ms (default)
2024-04-25 19:24:56,893 [40fb7397-672b-4299-ac41-723a71166d77-groupManagement] INFO  server.RaftServerConfigKeys (ConfUtils.java:logGet(46)) - raft.server.read.option = DEFAULT (default)
2024-04-25 19:24:56,894 [40fb7397-672b-4299-ac41-723a71166d77-groupManagement] INFO  server.RaftServerConfigKeys (ConfUtils.java:logGet(46)) - raft.server.read.read-after-write-consistent.write-index-cache.expiry-time = 60s (default)
2024-04-25 19:24:56,896 [40fb7397-672b-4299-ac41-723a71166d77-groupManagement] INFO  server.RaftServerConfigKeys (ConfUtils.java:logGet(46)) - raft.server.rpc.request.timeout = 3000ms (default)
2024-04-25 19:24:56,896 [40fb7397-672b-4299-ac41-723a71166d77-groupManagement] INFO  server.RaftServerConfigKeys (ConfUtils.java:logGet(46)) - raft.server.log.appender.install.snapshot.enabled = false (custom)
2024-04-25 19:24:56,896 [40fb7397-672b-4299-ac41-723a71166d77-groupManagement] INFO  server.RaftServerConfigKeys (ConfUtils.java:logGet(46)) - raft.server.threadpool.server.cached = true (default)
2024-04-25 19:24:56,896 [40fb7397-672b-4299-ac41-723a71166d77-groupManagement] INFO  server.RaftServerConfigKeys (ConfUtils.java:logGet(46)) - raft.server.threadpool.server.size = 0 (default)
2024-04-25 19:24:56,896 [40fb7397-672b-4299-ac41-723a71166d77-groupManagement] INFO  server.RaftServerConfigKeys (ConfUtils.java:logGet(46)) - raft.server.threadpool.client.cached = true (default)
2024-04-25 19:24:56,896 [40fb7397-672b-4299-ac41-723a71166d77-groupManagement] INFO  server.RaftServerConfigKeys (ConfUtils.java:logGet(46)) - raft.server.threadpool.client.size = 0 (default)
2024-04-25 19:24:56,896 [40fb7397-672b-4299-ac41-723a71166d77-groupManagement] INFO  server.RaftServerConfigKeys (ConfUtils.java:logGet(46)) - raft.server.storage.free-space.min = 0MB (=0) (default)
2024-04-25 19:24:56,896 [40fb7397-672b-4299-ac41-723a71166d77-groupManagement] INFO  server.RaftServerConfigKeys (ConfUtils.java:logGet(46)) - raft.server.log.corruption.policy = EXCEPTION (default)
2024-04-25 19:24:56,896 [40fb7397-672b-4299-ac41-723a71166d77-groupManagement] INFO  server.RaftServerConfigKeys (ConfUtils.java:logGet(46)) - raft.server.storage.dir = [/home/runner/work/ozone/ozone/hadoop-ozone/integration-test/target/test-dir/MiniOzoneClusterImpl-d2e81863-a659-4dd2-bdb8-fa97662d499c/ozone-meta/datanode-7/ratis] (custom)
2024-04-25 19:24:56,897 [40fb7397-672b-4299-ac41-723a71166d77-groupManagement] INFO  storage.RaftStorageDirectory (RaftStorageDirectoryImpl.java:analyzeStorage(138)) - The storage directory /home/runner/work/ozone/ozone/hadoop-ozone/integration-test/target/test-dir/MiniOzoneClusterImpl-d2e81863-a659-4dd2-bdb8-fa97662d499c/ozone-meta/datanode-7/ratis/250f584a-d6d4-4830-a033-72c40c8f5155 does not exist. Creating ...
2024-04-25 19:24:56,898 [40fb7397-672b-4299-ac41-723a71166d77-groupManagement] INFO  storage.RaftStorageDirectory (RaftStorageDirectoryImpl.java:tryLock(228)) - Lock on /home/runner/work/ozone/ozone/hadoop-ozone/integration-test/target/test-dir/MiniOzoneClusterImpl-d2e81863-a659-4dd2-bdb8-fa97662d499c/ozone-meta/datanode-7/ratis/250f584a-d6d4-4830-a033-72c40c8f5155/in_use.lock acquired by nodename 21201@fv-az524-255
2024-04-25 19:24:56,899 [40fb7397-672b-4299-ac41-723a71166d77-groupManagement] INFO  storage.RaftStorage (RaftStorageImpl.java:format(99)) - Storage directory /home/runner/work/ozone/ozone/hadoop-ozone/integration-test/target/test-dir/MiniOzoneClusterImpl-d2e81863-a659-4dd2-bdb8-fa97662d499c/ozone-meta/datanode-7/ratis/250f584a-d6d4-4830-a033-72c40c8f5155 has been successfully formatted.
2024-04-25 19:24:56,899 [40fb7397-672b-4299-ac41-723a71166d77-groupManagement] WARN  util.FileUtils (LogUtils.java:supplyAndLog(63)) - Failed to Files.newInputStream /home/runner/work/ozone/ozone/hadoop-ozone/integration-test/target/test-dir/MiniOzoneClusterImpl-d2e81863-a659-4dd2-bdb8-fa97662d499c/ozone-meta/datanode-7/ratis/250f584a-d6d4-4830-a033-72c40c8f5155/current/raft-meta.conf with options []: java.nio.file.NoSuchFileException: /home/runner/work/ozone/ozone/hadoop-ozone/integration-test/target/test-dir/MiniOzoneClusterImpl-d2e81863-a659-4dd2-bdb8-fa97662d499c/ozone-meta/datanode-7/ratis/250f584a-d6d4-4830-a033-72c40c8f5155/current/raft-meta.conf
2024-04-25 19:24:56,899 [40fb7397-672b-4299-ac41-723a71166d77-groupManagement] INFO  ratis.ContainerStateMachine (ContainerStateMachine.java:loadSnapshot(287)) - group-72C40C8F5155: The snapshot info is null. Setting the last applied index to:(t:0, i:~)
2024-04-25 19:24:56,899 [40fb7397-672b-4299-ac41-723a71166d77-groupManagement] INFO  server.RaftServerConfigKeys (ConfUtils.java:logGet(46)) - raft.server.log.use.memory = false (default)
2024-04-25 19:24:56,899 [40fb7397-672b-4299-ac41-723a71166d77-groupManagement] INFO  server.RaftServerConfigKeys (ConfUtils.java:logGet(46)) - raft.server.log.purge.gap = 1000000 (custom)
2024-04-25 19:24:56,900 [40fb7397-672b-4299-ac41-723a71166d77-groupManagement] INFO  server.RaftServerConfigKeys (ConfUtils.java:logGet(46)) - raft.server.log.appender.buffer.byte-limit = 8388608 (custom)
2024-04-25 19:24:56,900 [40fb7397-672b-4299-ac41-723a71166d77-groupManagement] INFO  server.RaftServerConfigKeys (ConfUtils.java:logGet(46)) - raft.server.log.statemachine.data.read.timeout = 1000ms (default)
2024-04-25 19:24:56,900 [40fb7397-672b-4299-ac41-723a71166d77-groupManagement] INFO  server.RaftServerConfigKeys (ConfUtils.java:logGet(46)) - raft.server.log.purge.preservation.log.num = 0 (default)
2024-04-25 19:24:56,901 [40fb7397-672b-4299-ac41-723a71166d77-groupManagement] INFO  server.RaftServerConfigKeys (ConfUtils.java:logGet(46)) - raft.server.log.segment.size.max = 67108864 (custom)
2024-04-25 19:24:56,901 [EventQueue-PipelineReportForPipelineReportHandler] INFO  pipeline.PipelineReportHandler (PipelineReportHandler.java:processPipelineReport(136)) - Opened pipeline PipelineID=250f584a-d6d4-4830-a033-72c40c8f5155
2024-04-25 19:24:56,901 [EventQueue-OpenPipelineForHealthyPipelineSafeModeRule] INFO  safemode.SCMSafeModeManager (HealthyPipelineSafeModeRule.java:process(140)) - SCM in safe mode. Healthy pipelines reported count is 0, required healthy pipeline reported count is 1
2024-04-25 19:24:56,901 [40fb7397-672b-4299-ac41-723a71166d77-groupManagement] INFO  server.RaftServerConfigKeys (ConfUtils.java:logGet(46)) - raft.server.log.segment.cache.num.max = 2 (custom)
2024-04-25 19:24:56,901 [40fb7397-672b-4299-ac41-723a71166d77-groupManagement] INFO  server.RaftServerConfigKeys (ConfUtils.java:logGet(46)) - raft.server.log.segment.cache.size.max = 200MB (=209715200) (default)
2024-04-25 19:24:56,901 [40fb7397-672b-4299-ac41-723a71166d77-groupManagement] INFO  server.RaftServerConfigKeys (ConfUtils.java:logGet(46)) - raft.server.log.appender.buffer.byte-limit = 8388608 (custom)
2024-04-25 19:24:56,902 [40fb7397-672b-4299-ac41-723a71166d77-groupManagement] INFO  util.AwaitToRun (AwaitToRun.java:start(81)) - Thread[40fb7397-672b-4299-ac41-723a71166d77@group-72C40C8F5155-cacheEviction-AwaitToRun,5,main] started
2024-04-25 19:24:56,902 [40fb7397-672b-4299-ac41-723a71166d77-groupManagement] INFO  segmented.SegmentedRaftLogWorker (SegmentedRaftLogWorker.java:<init>(182)) - new 40fb7397-672b-4299-ac41-723a71166d77@group-72C40C8F5155-SegmentedRaftLogWorker for RaftStorageImpl:Storage Directory /home/runner/work/ozone/ozone/hadoop-ozone/integration-test/target/test-dir/MiniOzoneClusterImpl-d2e81863-a659-4dd2-bdb8-fa97662d499c/ozone-meta/datanode-7/ratis/250f584a-d6d4-4830-a033-72c40c8f5155
2024-04-25 19:24:56,902 [40fb7397-672b-4299-ac41-723a71166d77-groupManagement] INFO  server.RaftServerConfigKeys (ConfUtils.java:logGet(46)) - raft.server.log.queue.byte-limit = 4294967296 (custom)
2024-04-25 19:24:56,902 [40fb7397-672b-4299-ac41-723a71166d77-groupManagement] INFO  server.RaftServerConfigKeys (ConfUtils.java:logGet(46)) - raft.server.log.queue.element-limit = 1024 (custom)
2024-04-25 19:24:56,902 [40fb7397-672b-4299-ac41-723a71166d77-groupManagement] INFO  server.RaftServerConfigKeys (ConfUtils.java:logGet(46)) - raft.server.log.segment.size.max = 67108864 (custom)
2024-04-25 19:24:56,902 [40fb7397-672b-4299-ac41-723a71166d77-groupManagement] INFO  server.RaftServerConfigKeys (ConfUtils.java:logGet(46)) - raft.server.log.preallocated.size = 4194304 (custom)
2024-04-25 19:24:56,902 [40fb7397-672b-4299-ac41-723a71166d77-groupManagement] INFO  server.RaftServerConfigKeys (ConfUtils.java:logGet(46)) - raft.server.log.force.sync.num = 128 (default)
2024-04-25 19:24:56,902 [40fb7397-672b-4299-ac41-723a71166d77-groupManagement] INFO  server.RaftServerConfigKeys (ConfUtils.java:logGet(46)) - raft.server.log.statemachine.data.sync = true (default)
2024-04-25 19:24:56,902 [40fb7397-672b-4299-ac41-723a71166d77-groupManagement] INFO  server.RaftServerConfigKeys (ConfUtils.java:logGet(46)) - raft.server.log.statemachine.data.sync.timeout = 10s (default)
2024-04-25 19:24:56,902 [40fb7397-672b-4299-ac41-723a71166d77-groupManagement] INFO  server.RaftServerConfigKeys (ConfUtils.java:logGet(46)) - raft.server.log.statemachine.data.sync.timeout.retry = 30 (custom)
2024-04-25 19:24:56,903 [40fb7397-672b-4299-ac41-723a71166d77-groupManagement] INFO  server.RaftServerConfigKeys (ConfUtils.java:logGet(46)) - raft.server.log.write.buffer.size = 8388616 (custom)
2024-04-25 19:24:56,904 [40fb7397-672b-4299-ac41-723a71166d77-groupManagement] INFO  server.RaftServerConfigKeys (ConfUtils.java:logGet(46)) - raft.server.log.appender.buffer.byte-limit = 8388608 (custom)
2024-04-25 19:24:56,904 [40fb7397-672b-4299-ac41-723a71166d77-groupManagement] INFO  server.RaftServerConfigKeys (ConfUtils.java:logGet(46)) - raft.server.log.unsafe-flush.enabled = false (default)
2024-04-25 19:24:56,904 [40fb7397-672b-4299-ac41-723a71166d77-groupManagement] INFO  server.RaftServerConfigKeys (ConfUtils.java:logGet(46)) - raft.server.log.async-flush.enabled = false (default)
2024-04-25 19:24:56,904 [40fb7397-672b-4299-ac41-723a71166d77-groupManagement] INFO  server.RaftServerConfigKeys (ConfUtils.java:logGet(46)) - raft.server.log.statemachine.data.caching.enabled = true (custom)
2024-04-25 19:24:56,904 [40fb7397-672b-4299-ac41-723a71166d77-groupManagement] INFO  segmented.SegmentedRaftLogWorker (SegmentedRaftLogWorker.java:lambda$new$0(134)) - 40fb7397-672b-4299-ac41-723a71166d77@group-72C40C8F5155-SegmentedRaftLogWorker: flushIndex: setUnconditionally 0 -> -1
2024-04-25 19:24:56,904 [40fb7397-672b-4299-ac41-723a71166d77-groupManagement] INFO  segmented.SegmentedRaftLogWorker (SegmentedRaftLogWorker.java:lambda$new$0(134)) - 40fb7397-672b-4299-ac41-723a71166d77@group-72C40C8F5155-SegmentedRaftLogWorker: safeCacheEvictIndex: setUnconditionally 0 -> -1
2024-04-25 19:24:56,905 [40fb7397-672b-4299-ac41-723a71166d77-groupManagement] INFO  server.RaftServer$Division (RaftServerImpl.java:start(396)) - 40fb7397-672b-4299-ac41-723a71166d77@group-72C40C8F5155: start as a follower, conf=-1: peers:[40fb7397-672b-4299-ac41-723a71166d77|127.0.0.1:15157]|listeners:[], old=null
2024-04-25 19:24:56,905 [40fb7397-672b-4299-ac41-723a71166d77-groupManagement] INFO  server.RaftServer$Division (RaftServerImpl.java:setRole(383)) - 40fb7397-672b-4299-ac41-723a71166d77@group-72C40C8F5155: changes role from      null to FOLLOWER at term 0 for startAsFollower
2024-04-25 19:24:56,905 [40fb7397-672b-4299-ac41-723a71166d77-groupManagement] INFO  impl.RoleInfo (RoleInfo.java:updateAndGet(139)) - 40fb7397-672b-4299-ac41-723a71166d77: start 40fb7397-672b-4299-ac41-723a71166d77@group-72C40C8F5155-FollowerState
2024-04-25 19:24:56,905 [40fb7397-672b-4299-ac41-723a71166d77-groupManagement] INFO  util.JmxRegister (JmxRegister.java:tryRegister(44)) - Successfully registered JMX Bean with object name Ratis:service=RaftServer,group=group-72C40C8F5155,id=40fb7397-672b-4299-ac41-723a71166d77
2024-04-25 19:24:56,905 [40fb7397-672b-4299-ac41-723a71166d77@group-72C40C8F5155-FollowerState] INFO  server.RaftServerConfigKeys (ConfUtils.java:logFallback(53)) - raft.server.rpc.first-election.timeout.min = 5s (fallback to raft.server.rpc.timeout.min)
2024-04-25 19:24:56,905 [40fb7397-672b-4299-ac41-723a71166d77-groupManagement] INFO  server.RaftServerConfigKeys (ConfUtils.java:logGet(46)) - raft.server.snapshot.trigger-when-stop.enabled = true (default)
2024-04-25 19:24:56,905 [40fb7397-672b-4299-ac41-723a71166d77-groupManagement] INFO  server.RaftServerConfigKeys (ConfUtils.java:logGet(46)) - raft.server.snapshot.auto.trigger.enabled = true (custom)
2024-04-25 19:24:56,905 [40fb7397-672b-4299-ac41-723a71166d77@group-72C40C8F5155-FollowerState] INFO  server.RaftServerConfigKeys (ConfUtils.java:logFallback(53)) - raft.server.rpc.first-election.timeout.max = 5200ms (fallback to raft.server.rpc.timeout.max)
2024-04-25 19:24:56,905 [40fb7397-672b-4299-ac41-723a71166d77-groupManagement] INFO  server.RaftServerConfigKeys (ConfUtils.java:logGet(46)) - raft.server.snapshot.auto.trigger.threshold = 10000 (custom)
2024-04-25 19:24:56,905 [40fb7397-672b-4299-ac41-723a71166d77-groupManagement] INFO  server.RaftServerConfigKeys (ConfUtils.java:logGet(46)) - raft.server.snapshot.retention.file.num = 5 (custom)
2024-04-25 19:24:56,906 [40fb7397-672b-4299-ac41-723a71166d77-groupManagement] INFO  server.RaftServerConfigKeys (ConfUtils.java:logGet(46)) - raft.server.log.purge.upto.snapshot.index = false (default)
2024-04-25 19:24:56,907 [40fb7397-672b-4299-ac41-723a71166d77-PipelineCommandHandlerThread-0] INFO  ratis.XceiverServerRatis (XceiverServerRatis.java:addGroup(864)) - Created group PipelineID=250f584a-d6d4-4830-a033-72c40c8f5155
2024-04-25 19:24:56,907 [40fb7397-672b-4299-ac41-723a71166d77-PipelineCommandHandlerThread-0] INFO  commandhandler.CreatePipelineCommandHandler (CreatePipelineCommandHandler.java:lambda$handle$2(124)) - Created Pipeline RATIS ONE PipelineID=250f584a-d6d4-4830-a033-72c40c8f5155.
2024-04-25 19:24:56,907 [40fb7397-672b-4299-ac41-723a71166d77-PipelineCommandHandlerThread-0] INFO  server.RaftServer (RaftServerProxy.java:addNew(100)) - 40fb7397-672b-4299-ac41-723a71166d77: addNew group-844C2F4FE16D:[abc2c581-a768-4c7c-b49a-008e591603b4|127.0.0.1:15166, 959cbd0f-a729-48cd-9832-a6c885e061f0|127.0.0.1:15175, 40fb7397-672b-4299-ac41-723a71166d77|127.0.0.1:15157] returns group-844C2F4FE16D:java.util.concurrent.CompletableFuture@47eb13fe[Not completed]
2024-04-25 19:24:56,908 [40fb7397-672b-4299-ac41-723a71166d77-groupManagement] INFO  server.RaftServer$Division (RaftServerImpl.java:<init>(256)) - 40fb7397-672b-4299-ac41-723a71166d77: new RaftServerImpl for group-844C2F4FE16D:[abc2c581-a768-4c7c-b49a-008e591603b4|127.0.0.1:15166, 959cbd0f-a729-48cd-9832-a6c885e061f0|127.0.0.1:15175, 40fb7397-672b-4299-ac41-723a71166d77|127.0.0.1:15157] with ContainerStateMachine:uninitialized
2024-04-25 19:24:56,908 [40fb7397-672b-4299-ac41-723a71166d77-groupManagement] INFO  server.RaftServerConfigKeys (ConfUtils.java:logGet(46)) - raft.server.rpc.timeout.min = 5s (custom)
2024-04-25 19:24:56,908 [40fb7397-672b-4299-ac41-723a71166d77-groupManagement] INFO  server.RaftServerConfigKeys (ConfUtils.java:logGet(46)) - raft.server.rpc.timeout.max = 5200ms (custom)
2024-04-25 19:24:56,908 [40fb7397-672b-4299-ac41-723a71166d77-groupManagement] INFO  server.RaftServerConfigKeys (ConfUtils.java:logGet(46)) - raft.server.rpc.sleep.time = 25ms (default)
2024-04-25 19:24:56,908 [40fb7397-672b-4299-ac41-723a71166d77-groupManagement] INFO  server.RaftServerConfigKeys (ConfUtils.java:logGet(46)) - raft.server.rpc.slowness.timeout = 300000ms (custom)
2024-04-25 19:24:56,908 [40fb7397-672b-4299-ac41-723a71166d77-groupManagement] INFO  server.RaftServerConfigKeys (ConfUtils.java:logGet(46)) - raft.server.leaderelection.leader.step-down.wait-time = 10s (default)
2024-04-25 19:24:56,908 [40fb7397-672b-4299-ac41-723a71166d77-groupManagement] INFO  server.RaftServerConfigKeys (ConfUtils.java:logGet(46)) - raft.server.leaderelection.member.majority-add = false (default)
2024-04-25 19:24:56,908 [40fb7397-672b-4299-ac41-723a71166d77-groupManagement] INFO  server.RaftServerConfigKeys (ConfUtils.java:logGet(46)) - raft.server.sleep.deviation.threshold = 300ms (default)
2024-04-25 19:24:56,909 [40fb7397-672b-4299-ac41-723a71166d77-groupManagement] INFO  server.RaftServer$Division (ServerState.java:<init>(113)) - 40fb7397-672b-4299-ac41-723a71166d77@group-844C2F4FE16D: ConfigurationManager, init=-1: peers:[abc2c581-a768-4c7c-b49a-008e591603b4|127.0.0.1:15166, 959cbd0f-a729-48cd-9832-a6c885e061f0|127.0.0.1:15175, 40fb7397-672b-4299-ac41-723a71166d77|127.0.0.1:15157]|listeners:[], old=null, confs=<EMPTY_MAP>
2024-04-25 19:24:56,909 [40fb7397-672b-4299-ac41-723a71166d77-groupManagement] INFO  server.RaftServerConfigKeys (ConfUtils.java:logGet(46)) - raft.server.notification.no-leader.timeout = 300000ms (custom)
2024-04-25 19:24:56,909 [40fb7397-672b-4299-ac41-723a71166d77-groupManagement] INFO  server.RaftServerConfigKeys (ConfUtils.java:logGet(46)) - raft.server.read.timeout = 10s (default)
2024-04-25 19:24:56,909 [40fb7397-672b-4299-ac41-723a71166d77-groupManagement] INFO  server.RaftServerConfigKeys (ConfUtils.java:logGet(46)) - raft.server.retrycache.expirytime = 600000ms (custom)
2024-04-25 19:24:56,909 [40fb7397-672b-4299-ac41-723a71166d77-groupManagement] INFO  server.RaftServerConfigKeys (ConfUtils.java:logGet(46)) - raft.server.retrycache.statistics.expirytime = 100ms (default)
2024-04-25 19:24:56,909 [40fb7397-672b-4299-ac41-723a71166d77-groupManagement] INFO  server.RaftServerConfigKeys (ConfUtils.java:logGet(46)) - raft.server.read.option = DEFAULT (default)
2024-04-25 19:24:56,909 [40fb7397-672b-4299-ac41-723a71166d77-groupManagement] INFO  server.RaftServerConfigKeys (ConfUtils.java:logGet(46)) - raft.server.read.read-after-write-consistent.write-index-cache.expiry-time = 60s (default)
2024-04-25 19:24:56,912 [40fb7397-672b-4299-ac41-723a71166d77-groupManagement] INFO  server.RaftServerConfigKeys (ConfUtils.java:logGet(46)) - raft.server.rpc.request.timeout = 3000ms (default)
2024-04-25 19:24:56,912 [40fb7397-672b-4299-ac41-723a71166d77-groupManagement] INFO  server.RaftServerConfigKeys (ConfUtils.java:logGet(46)) - raft.server.log.appender.install.snapshot.enabled = false (custom)
2024-04-25 19:24:56,912 [40fb7397-672b-4299-ac41-723a71166d77-groupManagement] INFO  server.RaftServerConfigKeys (ConfUtils.java:logGet(46)) - raft.server.threadpool.server.cached = true (default)
2024-04-25 19:24:56,912 [40fb7397-672b-4299-ac41-723a71166d77-groupManagement] INFO  server.RaftServerConfigKeys (ConfUtils.java:logGet(46)) - raft.server.threadpool.server.size = 0 (default)
2024-04-25 19:24:56,912 [40fb7397-672b-4299-ac41-723a71166d77-groupManagement] INFO  server.RaftServerConfigKeys (ConfUtils.java:logGet(46)) - raft.server.threadpool.client.cached = true (default)
2024-04-25 19:24:56,912 [40fb7397-672b-4299-ac41-723a71166d77-groupManagement] INFO  server.RaftServerConfigKeys (ConfUtils.java:logGet(46)) - raft.server.threadpool.client.size = 0 (default)
2024-04-25 19:24:56,912 [40fb7397-672b-4299-ac41-723a71166d77-groupManagement] INFO  server.RaftServerConfigKeys (ConfUtils.java:logGet(46)) - raft.server.storage.free-space.min = 0MB (=0) (default)
2024-04-25 19:24:56,912 [40fb7397-672b-4299-ac41-723a71166d77-groupManagement] INFO  server.RaftServerConfigKeys (ConfUtils.java:logGet(46)) - raft.server.log.corruption.policy = EXCEPTION (default)
2024-04-25 19:24:56,912 [40fb7397-672b-4299-ac41-723a71166d77-groupManagement] INFO  server.RaftServerConfigKeys (ConfUtils.java:logGet(46)) - raft.server.storage.dir = [/home/runner/work/ozone/ozone/hadoop-ozone/integration-test/target/test-dir/MiniOzoneClusterImpl-d2e81863-a659-4dd2-bdb8-fa97662d499c/ozone-meta/datanode-7/ratis] (custom)
2024-04-25 19:24:56,912 [40fb7397-672b-4299-ac41-723a71166d77-groupManagement] INFO  storage.RaftStorageDirectory (RaftStorageDirectoryImpl.java:analyzeStorage(138)) - The storage directory /home/runner/work/ozone/ozone/hadoop-ozone/integration-test/target/test-dir/MiniOzoneClusterImpl-d2e81863-a659-4dd2-bdb8-fa97662d499c/ozone-meta/datanode-7/ratis/065f0003-75ed-4d37-a1b3-844c2f4fe16d does not exist. Creating ...
2024-04-25 19:24:56,913 [40fb7397-672b-4299-ac41-723a71166d77-groupManagement] INFO  storage.RaftStorageDirectory (RaftStorageDirectoryImpl.java:tryLock(228)) - Lock on /home/runner/work/ozone/ozone/hadoop-ozone/integration-test/target/test-dir/MiniOzoneClusterImpl-d2e81863-a659-4dd2-bdb8-fa97662d499c/ozone-meta/datanode-7/ratis/065f0003-75ed-4d37-a1b3-844c2f4fe16d/in_use.lock acquired by nodename 21201@fv-az524-255
2024-04-25 19:24:56,914 [40fb7397-672b-4299-ac41-723a71166d77-groupManagement] INFO  storage.RaftStorage (RaftStorageImpl.java:format(99)) - Storage directory /home/runner/work/ozone/ozone/hadoop-ozone/integration-test/target/test-dir/MiniOzoneClusterImpl-d2e81863-a659-4dd2-bdb8-fa97662d499c/ozone-meta/datanode-7/ratis/065f0003-75ed-4d37-a1b3-844c2f4fe16d has been successfully formatted.
2024-04-25 19:24:56,914 [40fb7397-672b-4299-ac41-723a71166d77-groupManagement] WARN  util.FileUtils (LogUtils.java:supplyAndLog(63)) - Failed to Files.newInputStream /home/runner/work/ozone/ozone/hadoop-ozone/integration-test/target/test-dir/MiniOzoneClusterImpl-d2e81863-a659-4dd2-bdb8-fa97662d499c/ozone-meta/datanode-7/ratis/065f0003-75ed-4d37-a1b3-844c2f4fe16d/current/raft-meta.conf with options []: java.nio.file.NoSuchFileException: /home/runner/work/ozone/ozone/hadoop-ozone/integration-test/target/test-dir/MiniOzoneClusterImpl-d2e81863-a659-4dd2-bdb8-fa97662d499c/ozone-meta/datanode-7/ratis/065f0003-75ed-4d37-a1b3-844c2f4fe16d/current/raft-meta.conf
2024-04-25 19:24:56,915 [40fb7397-672b-4299-ac41-723a71166d77-groupManagement] INFO  ratis.ContainerStateMachine (ContainerStateMachine.java:loadSnapshot(287)) - group-844C2F4FE16D: The snapshot info is null. Setting the last applied index to:(t:0, i:~)
2024-04-25 19:24:56,915 [40fb7397-672b-4299-ac41-723a71166d77-groupManagement] INFO  server.RaftServerConfigKeys (ConfUtils.java:logGet(46)) - raft.server.log.use.memory = false (default)
2024-04-25 19:24:56,915 [40fb7397-672b-4299-ac41-723a71166d77-groupManagement] INFO  server.RaftServerConfigKeys (ConfUtils.java:logGet(46)) - raft.server.log.purge.gap = 1000000 (custom)
2024-04-25 19:24:56,915 [40fb7397-672b-4299-ac41-723a71166d77-groupManagement] INFO  server.RaftServerConfigKeys (ConfUtils.java:logGet(46)) - raft.server.log.appender.buffer.byte-limit = 8388608 (custom)
2024-04-25 19:24:56,915 [40fb7397-672b-4299-ac41-723a71166d77-groupManagement] INFO  server.RaftServerConfigKeys (ConfUtils.java:logGet(46)) - raft.server.log.statemachine.data.read.timeout = 1000ms (default)
2024-04-25 19:24:56,915 [40fb7397-672b-4299-ac41-723a71166d77-groupManagement] INFO  server.RaftServerConfigKeys (ConfUtils.java:logGet(46)) - raft.server.log.purge.preservation.log.num = 0 (default)
2024-04-25 19:24:56,916 [EventQueue-OpenPipelineForHealthyPipelineSafeModeRule] INFO  safemode.SCMSafeModeManager (HealthyPipelineSafeModeRule.java:process(140)) - SCM in safe mode. Healthy pipelines reported count is 0, required healthy pipeline reported count is 1
2024-04-25 19:24:56,917 [40fb7397-672b-4299-ac41-723a71166d77-groupManagement] INFO  server.RaftServerConfigKeys (ConfUtils.java:logGet(46)) - raft.server.log.segment.size.max = 67108864 (custom)
2024-04-25 19:24:56,917 [40fb7397-672b-4299-ac41-723a71166d77-groupManagement] INFO  server.RaftServerConfigKeys (ConfUtils.java:logGet(46)) - raft.server.log.segment.cache.num.max = 2 (custom)
2024-04-25 19:24:56,917 [40fb7397-672b-4299-ac41-723a71166d77-groupManagement] INFO  server.RaftServerConfigKeys (ConfUtils.java:logGet(46)) - raft.server.log.segment.cache.size.max = 200MB (=209715200) (default)
2024-04-25 19:24:56,917 [40fb7397-672b-4299-ac41-723a71166d77-groupManagement] INFO  server.RaftServerConfigKeys (ConfUtils.java:logGet(46)) - raft.server.log.appender.buffer.byte-limit = 8388608 (custom)
2024-04-25 19:24:56,917 [40fb7397-672b-4299-ac41-723a71166d77-groupManagement] INFO  util.AwaitToRun (AwaitToRun.java:start(81)) - Thread[40fb7397-672b-4299-ac41-723a71166d77@group-844C2F4FE16D-cacheEviction-AwaitToRun,5,main] started
2024-04-25 19:24:56,917 [40fb7397-672b-4299-ac41-723a71166d77-groupManagement] INFO  segmented.SegmentedRaftLogWorker (SegmentedRaftLogWorker.java:<init>(182)) - new 40fb7397-672b-4299-ac41-723a71166d77@group-844C2F4FE16D-SegmentedRaftLogWorker for RaftStorageImpl:Storage Directory /home/runner/work/ozone/ozone/hadoop-ozone/integration-test/target/test-dir/MiniOzoneClusterImpl-d2e81863-a659-4dd2-bdb8-fa97662d499c/ozone-meta/datanode-7/ratis/065f0003-75ed-4d37-a1b3-844c2f4fe16d
2024-04-25 19:24:56,917 [40fb7397-672b-4299-ac41-723a71166d77-groupManagement] INFO  server.RaftServerConfigKeys (ConfUtils.java:logGet(46)) - raft.server.log.queue.byte-limit = 4294967296 (custom)
2024-04-25 19:24:56,917 [40fb7397-672b-4299-ac41-723a71166d77-groupManagement] INFO  server.RaftServerConfigKeys (ConfUtils.java:logGet(46)) - raft.server.log.queue.element-limit = 1024 (custom)
2024-04-25 19:24:56,917 [40fb7397-672b-4299-ac41-723a71166d77-groupManagement] INFO  server.RaftServerConfigKeys (ConfUtils.java:logGet(46)) - raft.server.log.segment.size.max = 67108864 (custom)
2024-04-25 19:24:56,917 [40fb7397-672b-4299-ac41-723a71166d77-groupManagement] INFO  server.RaftServerConfigKeys (ConfUtils.java:logGet(46)) - raft.server.log.preallocated.size = 4194304 (custom)
2024-04-25 19:24:56,917 [40fb7397-672b-4299-ac41-723a71166d77-groupManagement] INFO  server.RaftServerConfigKeys (ConfUtils.java:logGet(46)) - raft.server.log.force.sync.num = 128 (default)
2024-04-25 19:24:56,918 [40fb7397-672b-4299-ac41-723a71166d77-groupManagement] INFO  server.RaftServerConfigKeys (ConfUtils.java:logGet(46)) - raft.server.log.statemachine.data.sync = true (default)
2024-04-25 19:24:56,918 [40fb7397-672b-4299-ac41-723a71166d77-groupManagement] INFO  server.RaftServerConfigKeys (ConfUtils.java:logGet(46)) - raft.server.log.statemachine.data.sync.timeout = 10s (default)
2024-04-25 19:24:56,918 [40fb7397-672b-4299-ac41-723a71166d77-groupManagement] INFO  server.RaftServerConfigKeys (ConfUtils.java:logGet(46)) - raft.server.log.statemachine.data.sync.timeout.retry = 30 (custom)
2024-04-25 19:24:56,918 [40fb7397-672b-4299-ac41-723a71166d77-groupManagement] INFO  server.RaftServerConfigKeys (ConfUtils.java:logGet(46)) - raft.server.log.write.buffer.size = 8388616 (custom)
2024-04-25 19:24:56,919 [40fb7397-672b-4299-ac41-723a71166d77-groupManagement] INFO  server.RaftServerConfigKeys (ConfUtils.java:logGet(46)) - raft.server.log.appender.buffer.byte-limit = 8388608 (custom)
2024-04-25 19:24:56,919 [40fb7397-672b-4299-ac41-723a71166d77-groupManagement] INFO  server.RaftServerConfigKeys (ConfUtils.java:logGet(46)) - raft.server.log.unsafe-flush.enabled = false (default)
2024-04-25 19:24:56,919 [40fb7397-672b-4299-ac41-723a71166d77-groupManagement] INFO  server.RaftServerConfigKeys (ConfUtils.java:logGet(46)) - raft.server.log.async-flush.enabled = false (default)
2024-04-25 19:24:56,919 [40fb7397-672b-4299-ac41-723a71166d77-groupManagement] INFO  server.RaftServerConfigKeys (ConfUtils.java:logGet(46)) - raft.server.log.statemachine.data.caching.enabled = true (custom)
2024-04-25 19:24:56,920 [40fb7397-672b-4299-ac41-723a71166d77-groupManagement] INFO  segmented.SegmentedRaftLogWorker (SegmentedRaftLogWorker.java:lambda$new$0(134)) - 40fb7397-672b-4299-ac41-723a71166d77@group-844C2F4FE16D-SegmentedRaftLogWorker: flushIndex: setUnconditionally 0 -> -1
2024-04-25 19:24:56,920 [40fb7397-672b-4299-ac41-723a71166d77-groupManagement] INFO  segmented.SegmentedRaftLogWorker (SegmentedRaftLogWorker.java:lambda$new$0(134)) - 40fb7397-672b-4299-ac41-723a71166d77@group-844C2F4FE16D-SegmentedRaftLogWorker: safeCacheEvictIndex: setUnconditionally 0 -> -1
2024-04-25 19:24:56,928 [40fb7397-672b-4299-ac41-723a71166d77-groupManagement] INFO  server.RaftServer$Division (RaftServerImpl.java:start(396)) - 40fb7397-672b-4299-ac41-723a71166d77@group-844C2F4FE16D: start as a follower, conf=-1: peers:[abc2c581-a768-4c7c-b49a-008e591603b4|127.0.0.1:15166, 959cbd0f-a729-48cd-9832-a6c885e061f0|127.0.0.1:15175, 40fb7397-672b-4299-ac41-723a71166d77|127.0.0.1:15157]|listeners:[], old=null
2024-04-25 19:24:56,928 [40fb7397-672b-4299-ac41-723a71166d77-groupManagement] INFO  server.RaftServer$Division (RaftServerImpl.java:setRole(383)) - 40fb7397-672b-4299-ac41-723a71166d77@group-844C2F4FE16D: changes role from      null to FOLLOWER at term 0 for startAsFollower
2024-04-25 19:24:56,928 [40fb7397-672b-4299-ac41-723a71166d77-groupManagement] INFO  impl.RoleInfo (RoleInfo.java:updateAndGet(139)) - 40fb7397-672b-4299-ac41-723a71166d77: start 40fb7397-672b-4299-ac41-723a71166d77@group-844C2F4FE16D-FollowerState
2024-04-25 19:24:56,928 [40fb7397-672b-4299-ac41-723a71166d77-groupManagement] INFO  util.JmxRegister (JmxRegister.java:tryRegister(44)) - Successfully registered JMX Bean with object name Ratis:service=RaftServer,group=group-844C2F4FE16D,id=40fb7397-672b-4299-ac41-723a71166d77
2024-04-25 19:24:56,928 [40fb7397-672b-4299-ac41-723a71166d77-groupManagement] INFO  server.RaftServerConfigKeys (ConfUtils.java:logGet(46)) - raft.server.snapshot.trigger-when-stop.enabled = true (default)
2024-04-25 19:24:56,928 [40fb7397-672b-4299-ac41-723a71166d77-groupManagement] INFO  server.RaftServerConfigKeys (ConfUtils.java:logGet(46)) - raft.server.snapshot.auto.trigger.enabled = true (custom)
2024-04-25 19:24:56,928 [40fb7397-672b-4299-ac41-723a71166d77@group-844C2F4FE16D-FollowerState] INFO  server.RaftServerConfigKeys (ConfUtils.java:logFallback(53)) - raft.server.rpc.first-election.timeout.min = 5s (fallback to raft.server.rpc.timeout.min)
2024-04-25 19:24:56,928 [40fb7397-672b-4299-ac41-723a71166d77-groupManagement] INFO  server.RaftServerConfigKeys (ConfUtils.java:logGet(46)) - raft.server.snapshot.auto.trigger.threshold = 10000 (custom)
2024-04-25 19:24:56,928 [40fb7397-672b-4299-ac41-723a71166d77@group-844C2F4FE16D-FollowerState] INFO  server.RaftServerConfigKeys (ConfUtils.java:logFallback(53)) - raft.server.rpc.first-election.timeout.max = 5200ms (fallback to raft.server.rpc.timeout.max)
2024-04-25 19:24:56,928 [40fb7397-672b-4299-ac41-723a71166d77-groupManagement] INFO  server.RaftServerConfigKeys (ConfUtils.java:logGet(46)) - raft.server.snapshot.retention.file.num = 5 (custom)
2024-04-25 19:24:56,929 [40fb7397-672b-4299-ac41-723a71166d77-groupManagement] INFO  server.RaftServerConfigKeys (ConfUtils.java:logGet(46)) - raft.server.log.purge.upto.snapshot.index = false (default)
2024-04-25 19:24:56,929 [40fb7397-672b-4299-ac41-723a71166d77-PipelineCommandHandlerThread-0] INFO  ratis.XceiverServerRatis (XceiverServerRatis.java:addGroup(864)) - Created group PipelineID=065f0003-75ed-4d37-a1b3-844c2f4fe16d
2024-04-25 19:24:56,936 [grpc-default-executor-0] INFO  server.RaftServer (RaftServerProxy.java:addNew(100)) - 959cbd0f-a729-48cd-9832-a6c885e061f0: addNew group-844C2F4FE16D:[abc2c581-a768-4c7c-b49a-008e591603b4|127.0.0.1:15166, 959cbd0f-a729-48cd-9832-a6c885e061f0|127.0.0.1:15175, 40fb7397-672b-4299-ac41-723a71166d77|127.0.0.1:15157] returns group-844C2F4FE16D:java.util.concurrent.CompletableFuture@1afa8abd[Not completed]
2024-04-25 19:24:56,937 [959cbd0f-a729-48cd-9832-a6c885e061f0-groupManagement] INFO  server.RaftServer$Division (RaftServerImpl.java:<init>(256)) - 959cbd0f-a729-48cd-9832-a6c885e061f0: new RaftServerImpl for group-844C2F4FE16D:[abc2c581-a768-4c7c-b49a-008e591603b4|127.0.0.1:15166, 959cbd0f-a729-48cd-9832-a6c885e061f0|127.0.0.1:15175, 40fb7397-672b-4299-ac41-723a71166d77|127.0.0.1:15157] with ContainerStateMachine:uninitialized
2024-04-25 19:24:56,937 [959cbd0f-a729-48cd-9832-a6c885e061f0-groupManagement] INFO  server.RaftServerConfigKeys (ConfUtils.java:logGet(46)) - raft.server.rpc.timeout.min = 5s (custom)
2024-04-25 19:24:56,937 [959cbd0f-a729-48cd-9832-a6c885e061f0-groupManagement] INFO  server.RaftServerConfigKeys (ConfUtils.java:logGet(46)) - raft.server.rpc.timeout.max = 5200ms (custom)
2024-04-25 19:24:56,937 [959cbd0f-a729-48cd-9832-a6c885e061f0-groupManagement] INFO  server.RaftServerConfigKeys (ConfUtils.java:logGet(46)) - raft.server.rpc.sleep.time = 25ms (default)
2024-04-25 19:24:56,937 [959cbd0f-a729-48cd-9832-a6c885e061f0-groupManagement] INFO  server.RaftServerConfigKeys (ConfUtils.java:logGet(46)) - raft.server.rpc.slowness.timeout = 300000ms (custom)
2024-04-25 19:24:56,937 [959cbd0f-a729-48cd-9832-a6c885e061f0-groupManagement] INFO  server.RaftServerConfigKeys (ConfUtils.java:logGet(46)) - raft.server.leaderelection.leader.step-down.wait-time = 10s (default)
2024-04-25 19:24:56,937 [959cbd0f-a729-48cd-9832-a6c885e061f0-groupManagement] INFO  server.RaftServerConfigKeys (ConfUtils.java:logGet(46)) - raft.server.leaderelection.member.majority-add = false (default)
2024-04-25 19:24:56,937 [959cbd0f-a729-48cd-9832-a6c885e061f0-groupManagement] INFO  server.RaftServerConfigKeys (ConfUtils.java:logGet(46)) - raft.server.sleep.deviation.threshold = 300ms (default)
2024-04-25 19:24:56,937 [959cbd0f-a729-48cd-9832-a6c885e061f0-groupManagement] INFO  server.RaftServer$Division (ServerState.java:<init>(113)) - 959cbd0f-a729-48cd-9832-a6c885e061f0@group-844C2F4FE16D: ConfigurationManager, init=-1: peers:[abc2c581-a768-4c7c-b49a-008e591603b4|127.0.0.1:15166, 959cbd0f-a729-48cd-9832-a6c885e061f0|127.0.0.1:15175, 40fb7397-672b-4299-ac41-723a71166d77|127.0.0.1:15157]|listeners:[], old=null, confs=<EMPTY_MAP>
2024-04-25 19:24:56,937 [959cbd0f-a729-48cd-9832-a6c885e061f0-groupManagement] INFO  server.RaftServerConfigKeys (ConfUtils.java:logGet(46)) - raft.server.notification.no-leader.timeout = 300000ms (custom)
2024-04-25 19:24:56,937 [959cbd0f-a729-48cd-9832-a6c885e061f0-groupManagement] INFO  server.RaftServerConfigKeys (ConfUtils.java:logGet(46)) - raft.server.read.timeout = 10s (default)
2024-04-25 19:24:56,938 [959cbd0f-a729-48cd-9832-a6c885e061f0-groupManagement] INFO  server.RaftServerConfigKeys (ConfUtils.java:logGet(46)) - raft.server.retrycache.expirytime = 600000ms (custom)
2024-04-25 19:24:56,938 [959cbd0f-a729-48cd-9832-a6c885e061f0-groupManagement] INFO  server.RaftServerConfigKeys (ConfUtils.java:logGet(46)) - raft.server.retrycache.statistics.expirytime = 100ms (default)
2024-04-25 19:24:56,938 [959cbd0f-a729-48cd-9832-a6c885e061f0-groupManagement] INFO  server.RaftServerConfigKeys (ConfUtils.java:logGet(46)) - raft.server.read.option = DEFAULT (default)
2024-04-25 19:24:56,938 [959cbd0f-a729-48cd-9832-a6c885e061f0-groupManagement] INFO  server.RaftServerConfigKeys (ConfUtils.java:logGet(46)) - raft.server.read.read-after-write-consistent.write-index-cache.expiry-time = 60s (default)
2024-04-25 19:24:56,940 [959cbd0f-a729-48cd-9832-a6c885e061f0-groupManagement] INFO  server.RaftServerConfigKeys (ConfUtils.java:logGet(46)) - raft.server.rpc.request.timeout = 3000ms (default)
2024-04-25 19:24:56,940 [959cbd0f-a729-48cd-9832-a6c885e061f0-groupManagement] INFO  server.RaftServerConfigKeys (ConfUtils.java:logGet(46)) - raft.server.log.appender.install.snapshot.enabled = false (custom)
2024-04-25 19:24:56,940 [959cbd0f-a729-48cd-9832-a6c885e061f0-groupManagement] INFO  server.RaftServerConfigKeys (ConfUtils.java:logGet(46)) - raft.server.threadpool.server.cached = true (default)
2024-04-25 19:24:56,940 [959cbd0f-a729-48cd-9832-a6c885e061f0-groupManagement] INFO  server.RaftServerConfigKeys (ConfUtils.java:logGet(46)) - raft.server.threadpool.server.size = 0 (default)
2024-04-25 19:24:56,941 [959cbd0f-a729-48cd-9832-a6c885e061f0-groupManagement] INFO  server.RaftServerConfigKeys (ConfUtils.java:logGet(46)) - raft.server.threadpool.client.cached = true (default)
2024-04-25 19:24:56,941 [959cbd0f-a729-48cd-9832-a6c885e061f0-groupManagement] INFO  server.RaftServerConfigKeys (ConfUtils.java:logGet(46)) - raft.server.threadpool.client.size = 0 (default)
2024-04-25 19:24:56,941 [959cbd0f-a729-48cd-9832-a6c885e061f0-groupManagement] INFO  server.RaftServerConfigKeys (ConfUtils.java:logGet(46)) - raft.server.storage.free-space.min = 0MB (=0) (default)
2024-04-25 19:24:56,941 [959cbd0f-a729-48cd-9832-a6c885e061f0-groupManagement] INFO  server.RaftServerConfigKeys (ConfUtils.java:logGet(46)) - raft.server.log.corruption.policy = EXCEPTION (default)
2024-04-25 19:24:56,941 [959cbd0f-a729-48cd-9832-a6c885e061f0-groupManagement] INFO  server.RaftServerConfigKeys (ConfUtils.java:logGet(46)) - raft.server.storage.dir = [/home/runner/work/ozone/ozone/hadoop-ozone/integration-test/target/test-dir/MiniOzoneClusterImpl-d2e81863-a659-4dd2-bdb8-fa97662d499c/ozone-meta/datanode-9/ratis] (custom)
2024-04-25 19:24:56,941 [959cbd0f-a729-48cd-9832-a6c885e061f0-groupManagement] INFO  storage.RaftStorageDirectory (RaftStorageDirectoryImpl.java:analyzeStorage(138)) - The storage directory /home/runner/work/ozone/ozone/hadoop-ozone/integration-test/target/test-dir/MiniOzoneClusterImpl-d2e81863-a659-4dd2-bdb8-fa97662d499c/ozone-meta/datanode-9/ratis/065f0003-75ed-4d37-a1b3-844c2f4fe16d does not exist. Creating ...
2024-04-25 19:24:56,942 [959cbd0f-a729-48cd-9832-a6c885e061f0-groupManagement] INFO  storage.RaftStorageDirectory (RaftStorageDirectoryImpl.java:tryLock(228)) - Lock on /home/runner/work/ozone/ozone/hadoop-ozone/integration-test/target/test-dir/MiniOzoneClusterImpl-d2e81863-a659-4dd2-bdb8-fa97662d499c/ozone-meta/datanode-9/ratis/065f0003-75ed-4d37-a1b3-844c2f4fe16d/in_use.lock acquired by nodename 21201@fv-az524-255
2024-04-25 19:24:56,943 [959cbd0f-a729-48cd-9832-a6c885e061f0-groupManagement] INFO  storage.RaftStorage (RaftStorageImpl.java:format(99)) - Storage directory /home/runner/work/ozone/ozone/hadoop-ozone/integration-test/target/test-dir/MiniOzoneClusterImpl-d2e81863-a659-4dd2-bdb8-fa97662d499c/ozone-meta/datanode-9/ratis/065f0003-75ed-4d37-a1b3-844c2f4fe16d has been successfully formatted.
2024-04-25 19:24:56,944 [959cbd0f-a729-48cd-9832-a6c885e061f0-groupManagement] WARN  util.FileUtils (LogUtils.java:supplyAndLog(63)) - Failed to Files.newInputStream /home/runner/work/ozone/ozone/hadoop-ozone/integration-test/target/test-dir/MiniOzoneClusterImpl-d2e81863-a659-4dd2-bdb8-fa97662d499c/ozone-meta/datanode-9/ratis/065f0003-75ed-4d37-a1b3-844c2f4fe16d/current/raft-meta.conf with options []: java.nio.file.NoSuchFileException: /home/runner/work/ozone/ozone/hadoop-ozone/integration-test/target/test-dir/MiniOzoneClusterImpl-d2e81863-a659-4dd2-bdb8-fa97662d499c/ozone-meta/datanode-9/ratis/065f0003-75ed-4d37-a1b3-844c2f4fe16d/current/raft-meta.conf
2024-04-25 19:24:56,944 [959cbd0f-a729-48cd-9832-a6c885e061f0-groupManagement] INFO  ratis.ContainerStateMachine (ContainerStateMachine.java:loadSnapshot(287)) - group-844C2F4FE16D: The snapshot info is null. Setting the last applied index to:(t:0, i:~)
2024-04-25 19:24:56,944 [959cbd0f-a729-48cd-9832-a6c885e061f0-groupManagement] INFO  server.RaftServerConfigKeys (ConfUtils.java:logGet(46)) - raft.server.log.use.memory = false (default)
2024-04-25 19:24:56,944 [959cbd0f-a729-48cd-9832-a6c885e061f0-groupManagement] INFO  server.RaftServerConfigKeys (ConfUtils.java:logGet(46)) - raft.server.log.purge.gap = 1000000 (custom)
2024-04-25 19:24:56,944 [959cbd0f-a729-48cd-9832-a6c885e061f0-groupManagement] INFO  server.RaftServerConfigKeys (ConfUtils.java:logGet(46)) - raft.server.log.appender.buffer.byte-limit = 8388608 (custom)
2024-04-25 19:24:56,944 [959cbd0f-a729-48cd-9832-a6c885e061f0-groupManagement] INFO  server.RaftServerConfigKeys (ConfUtils.java:logGet(46)) - raft.server.log.statemachine.data.read.timeout = 1000ms (default)
2024-04-25 19:24:56,944 [959cbd0f-a729-48cd-9832-a6c885e061f0-groupManagement] INFO  server.RaftServerConfigKeys (ConfUtils.java:logGet(46)) - raft.server.log.purge.preservation.log.num = 0 (default)
2024-04-25 19:24:56,946 [959cbd0f-a729-48cd-9832-a6c885e061f0-groupManagement] INFO  server.RaftServerConfigKeys (ConfUtils.java:logGet(46)) - raft.server.log.segment.size.max = 67108864 (custom)
2024-04-25 19:24:56,946 [959cbd0f-a729-48cd-9832-a6c885e061f0-groupManagement] INFO  server.RaftServerConfigKeys (ConfUtils.java:logGet(46)) - raft.server.log.segment.cache.num.max = 2 (custom)
2024-04-25 19:24:56,946 [959cbd0f-a729-48cd-9832-a6c885e061f0-groupManagement] INFO  server.RaftServerConfigKeys (ConfUtils.java:logGet(46)) - raft.server.log.segment.cache.size.max = 200MB (=209715200) (default)
2024-04-25 19:24:56,946 [959cbd0f-a729-48cd-9832-a6c885e061f0-groupManagement] INFO  server.RaftServerConfigKeys (ConfUtils.java:logGet(46)) - raft.server.log.appender.buffer.byte-limit = 8388608 (custom)
2024-04-25 19:24:56,946 [959cbd0f-a729-48cd-9832-a6c885e061f0-groupManagement] INFO  util.AwaitToRun (AwaitToRun.java:start(81)) - Thread[959cbd0f-a729-48cd-9832-a6c885e061f0@group-844C2F4FE16D-cacheEviction-AwaitToRun,5,main] started
2024-04-25 19:24:56,947 [959cbd0f-a729-48cd-9832-a6c885e061f0-groupManagement] INFO  segmented.SegmentedRaftLogWorker (SegmentedRaftLogWorker.java:<init>(182)) - new 959cbd0f-a729-48cd-9832-a6c885e061f0@group-844C2F4FE16D-SegmentedRaftLogWorker for RaftStorageImpl:Storage Directory /home/runner/work/ozone/ozone/hadoop-ozone/integration-test/target/test-dir/MiniOzoneClusterImpl-d2e81863-a659-4dd2-bdb8-fa97662d499c/ozone-meta/datanode-9/ratis/065f0003-75ed-4d37-a1b3-844c2f4fe16d
2024-04-25 19:24:56,947 [959cbd0f-a729-48cd-9832-a6c885e061f0-groupManagement] INFO  server.RaftServerConfigKeys (ConfUtils.java:logGet(46)) - raft.server.log.queue.byte-limit = 4294967296 (custom)
2024-04-25 19:24:56,947 [959cbd0f-a729-48cd-9832-a6c885e061f0-groupManagement] INFO  server.RaftServerConfigKeys (ConfUtils.java:logGet(46)) - raft.server.log.queue.element-limit = 1024 (custom)
2024-04-25 19:24:56,947 [959cbd0f-a729-48cd-9832-a6c885e061f0-groupManagement] INFO  server.RaftServerConfigKeys (ConfUtils.java:logGet(46)) - raft.server.log.segment.size.max = 67108864 (custom)
2024-04-25 19:24:56,947 [959cbd0f-a729-48cd-9832-a6c885e061f0-groupManagement] INFO  server.RaftServerConfigKeys (ConfUtils.java:logGet(46)) - raft.server.log.preallocated.size = 4194304 (custom)
2024-04-25 19:24:56,947 [959cbd0f-a729-48cd-9832-a6c885e061f0-groupManagement] INFO  server.RaftServerConfigKeys (ConfUtils.java:logGet(46)) - raft.server.log.force.sync.num = 128 (default)
2024-04-25 19:24:56,947 [959cbd0f-a729-48cd-9832-a6c885e061f0-groupManagement] INFO  server.RaftServerConfigKeys (ConfUtils.java:logGet(46)) - raft.server.log.statemachine.data.sync = true (default)
2024-04-25 19:24:56,947 [959cbd0f-a729-48cd-9832-a6c885e061f0-groupManagement] INFO  server.RaftServerConfigKeys (ConfUtils.java:logGet(46)) - raft.server.log.statemachine.data.sync.timeout = 10s (default)
2024-04-25 19:24:56,947 [959cbd0f-a729-48cd-9832-a6c885e061f0-groupManagement] INFO  server.RaftServerConfigKeys (ConfUtils.java:logGet(46)) - raft.server.log.statemachine.data.sync.timeout.retry = 30 (custom)
2024-04-25 19:24:56,947 [959cbd0f-a729-48cd-9832-a6c885e061f0-groupManagement] INFO  server.RaftServerConfigKeys (ConfUtils.java:logGet(46)) - raft.server.log.write.buffer.size = 8388616 (custom)
2024-04-25 19:24:56,949 [959cbd0f-a729-48cd-9832-a6c885e061f0-groupManagement] INFO  server.RaftServerConfigKeys (ConfUtils.java:logGet(46)) - raft.server.log.appender.buffer.byte-limit = 8388608 (custom)
2024-04-25 19:24:56,949 [959cbd0f-a729-48cd-9832-a6c885e061f0-groupManagement] INFO  server.RaftServerConfigKeys (ConfUtils.java:logGet(46)) - raft.server.log.unsafe-flush.enabled = false (default)
2024-04-25 19:24:56,949 [959cbd0f-a729-48cd-9832-a6c885e061f0-groupManagement] INFO  server.RaftServerConfigKeys (ConfUtils.java:logGet(46)) - raft.server.log.async-flush.enabled = false (default)
2024-04-25 19:24:56,949 [959cbd0f-a729-48cd-9832-a6c885e061f0-groupManagement] INFO  server.RaftServerConfigKeys (ConfUtils.java:logGet(46)) - raft.server.log.statemachine.data.caching.enabled = true (custom)
2024-04-25 19:24:56,949 [959cbd0f-a729-48cd-9832-a6c885e061f0-groupManagement] INFO  segmented.SegmentedRaftLogWorker (SegmentedRaftLogWorker.java:lambda$new$0(134)) - 959cbd0f-a729-48cd-9832-a6c885e061f0@group-844C2F4FE16D-SegmentedRaftLogWorker: flushIndex: setUnconditionally 0 -> -1
2024-04-25 19:24:56,949 [959cbd0f-a729-48cd-9832-a6c885e061f0-groupManagement] INFO  segmented.SegmentedRaftLogWorker (SegmentedRaftLogWorker.java:lambda$new$0(134)) - 959cbd0f-a729-48cd-9832-a6c885e061f0@group-844C2F4FE16D-SegmentedRaftLogWorker: safeCacheEvictIndex: setUnconditionally 0 -> -1
2024-04-25 19:24:56,950 [959cbd0f-a729-48cd-9832-a6c885e061f0-groupManagement] INFO  server.RaftServer$Division (RaftServerImpl.java:start(396)) - 959cbd0f-a729-48cd-9832-a6c885e061f0@group-844C2F4FE16D: start as a follower, conf=-1: peers:[abc2c581-a768-4c7c-b49a-008e591603b4|127.0.0.1:15166, 959cbd0f-a729-48cd-9832-a6c885e061f0|127.0.0.1:15175, 40fb7397-672b-4299-ac41-723a71166d77|127.0.0.1:15157]|listeners:[], old=null
2024-04-25 19:24:56,950 [959cbd0f-a729-48cd-9832-a6c885e061f0-groupManagement] INFO  server.RaftServer$Division (RaftServerImpl.java:setRole(383)) - 959cbd0f-a729-48cd-9832-a6c885e061f0@group-844C2F4FE16D: changes role from      null to FOLLOWER at term 0 for startAsFollower
2024-04-25 19:24:56,950 [959cbd0f-a729-48cd-9832-a6c885e061f0-groupManagement] INFO  impl.RoleInfo (RoleInfo.java:updateAndGet(139)) - 959cbd0f-a729-48cd-9832-a6c885e061f0: start 959cbd0f-a729-48cd-9832-a6c885e061f0@group-844C2F4FE16D-FollowerState
2024-04-25 19:24:56,950 [959cbd0f-a729-48cd-9832-a6c885e061f0@group-844C2F4FE16D-FollowerState] INFO  server.RaftServerConfigKeys (ConfUtils.java:logFallback(53)) - raft.server.rpc.first-election.timeout.min = 5s (fallback to raft.server.rpc.timeout.min)
2024-04-25 19:24:56,950 [959cbd0f-a729-48cd-9832-a6c885e061f0-groupManagement] INFO  util.JmxRegister (JmxRegister.java:tryRegister(44)) - Successfully registered JMX Bean with object name Ratis:service=RaftServer,group=group-844C2F4FE16D,id=959cbd0f-a729-48cd-9832-a6c885e061f0
2024-04-25 19:24:56,950 [959cbd0f-a729-48cd-9832-a6c885e061f0@group-844C2F4FE16D-FollowerState] INFO  server.RaftServerConfigKeys (ConfUtils.java:logFallback(53)) - raft.server.rpc.first-election.timeout.max = 5200ms (fallback to raft.server.rpc.timeout.max)
2024-04-25 19:24:56,950 [959cbd0f-a729-48cd-9832-a6c885e061f0-groupManagement] INFO  server.RaftServerConfigKeys (ConfUtils.java:logGet(46)) - raft.server.snapshot.trigger-when-stop.enabled = true (default)
2024-04-25 19:24:56,950 [959cbd0f-a729-48cd-9832-a6c885e061f0-groupManagement] INFO  server.RaftServerConfigKeys (ConfUtils.java:logGet(46)) - raft.server.snapshot.auto.trigger.enabled = true (custom)
2024-04-25 19:24:56,950 [959cbd0f-a729-48cd-9832-a6c885e061f0-groupManagement] INFO  server.RaftServerConfigKeys (ConfUtils.java:logGet(46)) - raft.server.snapshot.auto.trigger.threshold = 10000 (custom)
2024-04-25 19:24:56,950 [959cbd0f-a729-48cd-9832-a6c885e061f0-groupManagement] INFO  server.RaftServerConfigKeys (ConfUtils.java:logGet(46)) - raft.server.snapshot.retention.file.num = 5 (custom)
2024-04-25 19:24:56,950 [959cbd0f-a729-48cd-9832-a6c885e061f0-groupManagement] INFO  server.RaftServerConfigKeys (ConfUtils.java:logGet(46)) - raft.server.log.purge.upto.snapshot.index = false (default)
2024-04-25 19:24:56,965 [abc2c581-a768-4c7c-b49a-008e591603b4-PipelineCommandHandlerThread-0] INFO  server.RaftServer (RaftServerProxy.java:addNew(100)) - abc2c581-a768-4c7c-b49a-008e591603b4: addNew group-3C27FF26CFA9:[abc2c581-a768-4c7c-b49a-008e591603b4|127.0.0.1:15166] returns group-3C27FF26CFA9:java.util.concurrent.CompletableFuture@5267a7ea[Not completed]
2024-04-25 19:24:56,966 [abc2c581-a768-4c7c-b49a-008e591603b4-groupManagement] INFO  server.RaftServer$Division (RaftServerImpl.java:<init>(256)) - abc2c581-a768-4c7c-b49a-008e591603b4: new RaftServerImpl for group-3C27FF26CFA9:[abc2c581-a768-4c7c-b49a-008e591603b4|127.0.0.1:15166] with ContainerStateMachine:uninitialized
2024-04-25 19:24:56,966 [abc2c581-a768-4c7c-b49a-008e591603b4-groupManagement] INFO  server.RaftServerConfigKeys (ConfUtils.java:logGet(46)) - raft.server.rpc.timeout.min = 5s (custom)
2024-04-25 19:24:56,966 [abc2c581-a768-4c7c-b49a-008e591603b4-groupManagement] INFO  server.RaftServerConfigKeys (ConfUtils.java:logGet(46)) - raft.server.rpc.timeout.max = 5200ms (custom)
2024-04-25 19:24:56,966 [abc2c581-a768-4c7c-b49a-008e591603b4-groupManagement] INFO  server.RaftServerConfigKeys (ConfUtils.java:logGet(46)) - raft.server.rpc.sleep.time = 25ms (default)
2024-04-25 19:24:56,967 [abc2c581-a768-4c7c-b49a-008e591603b4-groupManagement] INFO  server.RaftServerConfigKeys (ConfUtils.java:logGet(46)) - raft.server.rpc.slowness.timeout = 300000ms (custom)
2024-04-25 19:24:56,967 [abc2c581-a768-4c7c-b49a-008e591603b4-groupManagement] INFO  server.RaftServerConfigKeys (ConfUtils.java:logGet(46)) - raft.server.leaderelection.leader.step-down.wait-time = 10s (default)
2024-04-25 19:24:56,967 [abc2c581-a768-4c7c-b49a-008e591603b4-groupManagement] INFO  server.RaftServerConfigKeys (ConfUtils.java:logGet(46)) - raft.server.leaderelection.member.majority-add = false (default)
2024-04-25 19:24:56,967 [abc2c581-a768-4c7c-b49a-008e591603b4-groupManagement] INFO  server.RaftServerConfigKeys (ConfUtils.java:logGet(46)) - raft.server.sleep.deviation.threshold = 300ms (default)
2024-04-25 19:24:56,967 [abc2c581-a768-4c7c-b49a-008e591603b4-groupManagement] INFO  server.RaftServer$Division (ServerState.java:<init>(113)) - abc2c581-a768-4c7c-b49a-008e591603b4@group-3C27FF26CFA9: ConfigurationManager, init=-1: peers:[abc2c581-a768-4c7c-b49a-008e591603b4|127.0.0.1:15166]|listeners:[], old=null, confs=<EMPTY_MAP>
2024-04-25 19:24:56,967 [abc2c581-a768-4c7c-b49a-008e591603b4-groupManagement] INFO  server.RaftServerConfigKeys (ConfUtils.java:logGet(46)) - raft.server.notification.no-leader.timeout = 300000ms (custom)
2024-04-25 19:24:56,967 [abc2c581-a768-4c7c-b49a-008e591603b4-groupManagement] INFO  server.RaftServerConfigKeys (ConfUtils.java:logGet(46)) - raft.server.read.timeout = 10s (default)
2024-04-25 19:24:56,967 [abc2c581-a768-4c7c-b49a-008e591603b4-groupManagement] INFO  server.RaftServerConfigKeys (ConfUtils.java:logGet(46)) - raft.server.retrycache.expirytime = 600000ms (custom)
2024-04-25 19:24:56,967 [abc2c581-a768-4c7c-b49a-008e591603b4-groupManagement] INFO  server.RaftServerConfigKeys (ConfUtils.java:logGet(46)) - raft.server.retrycache.statistics.expirytime = 100ms (default)
2024-04-25 19:24:56,967 [abc2c581-a768-4c7c-b49a-008e591603b4-groupManagement] INFO  server.RaftServerConfigKeys (ConfUtils.java:logGet(46)) - raft.server.read.option = DEFAULT (default)
2024-04-25 19:24:56,967 [abc2c581-a768-4c7c-b49a-008e591603b4-groupManagement] INFO  server.RaftServerConfigKeys (ConfUtils.java:logGet(46)) - raft.server.read.read-after-write-consistent.write-index-cache.expiry-time = 60s (default)
2024-04-25 19:24:56,972 [grpc-default-executor-0] INFO  server.RaftServer (RaftServerProxy.java:addNew(100)) - abc2c581-a768-4c7c-b49a-008e591603b4: addNew group-844C2F4FE16D:[abc2c581-a768-4c7c-b49a-008e591603b4|127.0.0.1:15166, 959cbd0f-a729-48cd-9832-a6c885e061f0|127.0.0.1:15175, 40fb7397-672b-4299-ac41-723a71166d77|127.0.0.1:15157] returns group-844C2F4FE16D:java.util.concurrent.CompletableFuture@7cb47767[Not completed]
2024-04-25 19:24:56,976 [abc2c581-a768-4c7c-b49a-008e591603b4-groupManagement] INFO  server.RaftServerConfigKeys (ConfUtils.java:logGet(46)) - raft.server.rpc.request.timeout = 3000ms (default)
2024-04-25 19:24:56,976 [abc2c581-a768-4c7c-b49a-008e591603b4-groupManagement] INFO  server.RaftServerConfigKeys (ConfUtils.java:logGet(46)) - raft.server.log.appender.install.snapshot.enabled = false (custom)
2024-04-25 19:24:56,976 [abc2c581-a768-4c7c-b49a-008e591603b4-groupManagement] INFO  server.RaftServerConfigKeys (ConfUtils.java:logGet(46)) - raft.server.threadpool.server.cached = true (default)
2024-04-25 19:24:56,976 [abc2c581-a768-4c7c-b49a-008e591603b4-groupManagement] INFO  server.RaftServerConfigKeys (ConfUtils.java:logGet(46)) - raft.server.threadpool.server.size = 0 (default)
2024-04-25 19:24:56,976 [abc2c581-a768-4c7c-b49a-008e591603b4-groupManagement] INFO  server.RaftServerConfigKeys (ConfUtils.java:logGet(46)) - raft.server.threadpool.client.cached = true (default)
2024-04-25 19:24:56,976 [abc2c581-a768-4c7c-b49a-008e591603b4-groupManagement] INFO  server.RaftServerConfigKeys (ConfUtils.java:logGet(46)) - raft.server.threadpool.client.size = 0 (default)
2024-04-25 19:24:56,977 [abc2c581-a768-4c7c-b49a-008e591603b4-groupManagement] INFO  server.RaftServer$Division (RaftServerImpl.java:<init>(256)) - abc2c581-a768-4c7c-b49a-008e591603b4: new RaftServerImpl for group-844C2F4FE16D:[abc2c581-a768-4c7c-b49a-008e591603b4|127.0.0.1:15166, 959cbd0f-a729-48cd-9832-a6c885e061f0|127.0.0.1:15175, 40fb7397-672b-4299-ac41-723a71166d77|127.0.0.1:15157] with ContainerStateMachine:uninitialized
2024-04-25 19:24:56,977 [abc2c581-a768-4c7c-b49a-008e591603b4-groupManagement] INFO  server.RaftServerConfigKeys (ConfUtils.java:logGet(46)) - raft.server.rpc.timeout.min = 5s (custom)
2024-04-25 19:24:56,977 [abc2c581-a768-4c7c-b49a-008e591603b4-groupManagement] INFO  server.RaftServerConfigKeys (ConfUtils.java:logGet(46)) - raft.server.rpc.timeout.max = 5200ms (custom)
2024-04-25 19:24:56,977 [abc2c581-a768-4c7c-b49a-008e591603b4-groupManagement] INFO  server.RaftServerConfigKeys (ConfUtils.java:logGet(46)) - raft.server.rpc.sleep.time = 25ms (default)
2024-04-25 19:24:56,977 [abc2c581-a768-4c7c-b49a-008e591603b4-groupManagement] INFO  server.RaftServerConfigKeys (ConfUtils.java:logGet(46)) - raft.server.rpc.slowness.timeout = 300000ms (custom)
2024-04-25 19:24:56,977 [abc2c581-a768-4c7c-b49a-008e591603b4-groupManagement] INFO  server.RaftServerConfigKeys (ConfUtils.java:logGet(46)) - raft.server.leaderelection.leader.step-down.wait-time = 10s (default)
2024-04-25 19:24:56,977 [abc2c581-a768-4c7c-b49a-008e591603b4-groupManagement] INFO  server.RaftServerConfigKeys (ConfUtils.java:logGet(46)) - raft.server.leaderelection.member.majority-add = false (default)
2024-04-25 19:24:56,978 [abc2c581-a768-4c7c-b49a-008e591603b4-groupManagement] INFO  server.RaftServerConfigKeys (ConfUtils.java:logGet(46)) - raft.server.sleep.deviation.threshold = 300ms (default)
2024-04-25 19:24:56,978 [abc2c581-a768-4c7c-b49a-008e591603b4-groupManagement] INFO  server.RaftServer$Division (ServerState.java:<init>(113)) - abc2c581-a768-4c7c-b49a-008e591603b4@group-844C2F4FE16D: ConfigurationManager, init=-1: peers:[abc2c581-a768-4c7c-b49a-008e591603b4|127.0.0.1:15166, 959cbd0f-a729-48cd-9832-a6c885e061f0|127.0.0.1:15175, 40fb7397-672b-4299-ac41-723a71166d77|127.0.0.1:15157]|listeners:[], old=null, confs=<EMPTY_MAP>
2024-04-25 19:24:56,978 [abc2c581-a768-4c7c-b49a-008e591603b4-groupManagement] INFO  server.RaftServerConfigKeys (ConfUtils.java:logGet(46)) - raft.server.notification.no-leader.timeout = 300000ms (custom)
2024-04-25 19:24:56,978 [abc2c581-a768-4c7c-b49a-008e591603b4-groupManagement] INFO  server.RaftServerConfigKeys (ConfUtils.java:logGet(46)) - raft.server.read.timeout = 10s (default)
2024-04-25 19:24:56,978 [abc2c581-a768-4c7c-b49a-008e591603b4-groupManagement] INFO  server.RaftServerConfigKeys (ConfUtils.java:logGet(46)) - raft.server.retrycache.expirytime = 600000ms (custom)
2024-04-25 19:24:56,978 [abc2c581-a768-4c7c-b49a-008e591603b4-groupManagement] INFO  server.RaftServerConfigKeys (ConfUtils.java:logGet(46)) - raft.server.retrycache.statistics.expirytime = 100ms (default)
2024-04-25 19:24:56,978 [abc2c581-a768-4c7c-b49a-008e591603b4-groupManagement] INFO  server.RaftServerConfigKeys (ConfUtils.java:logGet(46)) - raft.server.read.option = DEFAULT (default)
2024-04-25 19:24:56,978 [abc2c581-a768-4c7c-b49a-008e591603b4-groupManagement] INFO  server.RaftServerConfigKeys (ConfUtils.java:logGet(46)) - raft.server.read.read-after-write-consistent.write-index-cache.expiry-time = 60s (default)
2024-04-25 19:24:56,981 [abc2c581-a768-4c7c-b49a-008e591603b4-groupManagement] INFO  server.RaftServerConfigKeys (ConfUtils.java:logGet(46)) - raft.server.rpc.request.timeout = 3000ms (default)
2024-04-25 19:24:56,981 [abc2c581-a768-4c7c-b49a-008e591603b4-groupManagement] INFO  server.RaftServerConfigKeys (ConfUtils.java:logGet(46)) - raft.server.log.appender.install.snapshot.enabled = false (custom)
2024-04-25 19:24:56,981 [abc2c581-a768-4c7c-b49a-008e591603b4-groupManagement] INFO  server.RaftServerConfigKeys (ConfUtils.java:logGet(46)) - raft.server.threadpool.server.cached = true (default)
2024-04-25 19:24:56,981 [abc2c581-a768-4c7c-b49a-008e591603b4-groupManagement] INFO  server.RaftServerConfigKeys (ConfUtils.java:logGet(46)) - raft.server.threadpool.server.size = 0 (default)
2024-04-25 19:24:56,981 [abc2c581-a768-4c7c-b49a-008e591603b4-groupManagement] INFO  server.RaftServerConfigKeys (ConfUtils.java:logGet(46)) - raft.server.threadpool.client.cached = true (default)
2024-04-25 19:24:56,981 [abc2c581-a768-4c7c-b49a-008e591603b4-groupManagement] INFO  server.RaftServerConfigKeys (ConfUtils.java:logGet(46)) - raft.server.threadpool.client.size = 0 (default)
2024-04-25 19:24:56,981 [abc2c581-a768-4c7c-b49a-008e591603b4-groupManagement] INFO  server.RaftServerConfigKeys (ConfUtils.java:logGet(46)) - raft.server.storage.free-space.min = 0MB (=0) (default)
2024-04-25 19:24:56,981 [abc2c581-a768-4c7c-b49a-008e591603b4-groupManagement] INFO  server.RaftServerConfigKeys (ConfUtils.java:logGet(46)) - raft.server.log.corruption.policy = EXCEPTION (default)
2024-04-25 19:24:56,981 [abc2c581-a768-4c7c-b49a-008e591603b4-groupManagement] INFO  server.RaftServerConfigKeys (ConfUtils.java:logGet(46)) - raft.server.storage.dir = [/home/runner/work/ozone/ozone/hadoop-ozone/integration-test/target/test-dir/MiniOzoneClusterImpl-d2e81863-a659-4dd2-bdb8-fa97662d499c/ozone-meta/datanode-8/ratis] (custom)
2024-04-25 19:24:56,981 [abc2c581-a768-4c7c-b49a-008e591603b4-groupManagement] INFO  storage.RaftStorageDirectory (RaftStorageDirectoryImpl.java:analyzeStorage(138)) - The storage directory /home/runner/work/ozone/ozone/hadoop-ozone/integration-test/target/test-dir/MiniOzoneClusterImpl-d2e81863-a659-4dd2-bdb8-fa97662d499c/ozone-meta/datanode-8/ratis/986ceb3f-2e42-44eb-ac0f-3c27ff26cfa9 does not exist. Creating ...
2024-04-25 19:24:56,983 [abc2c581-a768-4c7c-b49a-008e591603b4-groupManagement] INFO  storage.RaftStorageDirectory (RaftStorageDirectoryImpl.java:tryLock(228)) - Lock on /home/runner/work/ozone/ozone/hadoop-ozone/integration-test/target/test-dir/MiniOzoneClusterImpl-d2e81863-a659-4dd2-bdb8-fa97662d499c/ozone-meta/datanode-8/ratis/986ceb3f-2e42-44eb-ac0f-3c27ff26cfa9/in_use.lock acquired by nodename 21201@fv-az524-255
2024-04-25 19:24:56,984 [abc2c581-a768-4c7c-b49a-008e591603b4-groupManagement] INFO  storage.RaftStorage (RaftStorageImpl.java:format(99)) - Storage directory /home/runner/work/ozone/ozone/hadoop-ozone/integration-test/target/test-dir/MiniOzoneClusterImpl-d2e81863-a659-4dd2-bdb8-fa97662d499c/ozone-meta/datanode-8/ratis/986ceb3f-2e42-44eb-ac0f-3c27ff26cfa9 has been successfully formatted.
2024-04-25 19:24:56,984 [abc2c581-a768-4c7c-b49a-008e591603b4-groupManagement] WARN  util.FileUtils (LogUtils.java:supplyAndLog(63)) - Failed to Files.newInputStream /home/runner/work/ozone/ozone/hadoop-ozone/integration-test/target/test-dir/MiniOzoneClusterImpl-d2e81863-a659-4dd2-bdb8-fa97662d499c/ozone-meta/datanode-8/ratis/986ceb3f-2e42-44eb-ac0f-3c27ff26cfa9/current/raft-meta.conf with options []: java.nio.file.NoSuchFileException: /home/runner/work/ozone/ozone/hadoop-ozone/integration-test/target/test-dir/MiniOzoneClusterImpl-d2e81863-a659-4dd2-bdb8-fa97662d499c/ozone-meta/datanode-8/ratis/986ceb3f-2e42-44eb-ac0f-3c27ff26cfa9/current/raft-meta.conf
2024-04-25 19:24:56,984 [abc2c581-a768-4c7c-b49a-008e591603b4-groupManagement] INFO  ratis.ContainerStateMachine (ContainerStateMachine.java:loadSnapshot(287)) - group-3C27FF26CFA9: The snapshot info is null. Setting the last applied index to:(t:0, i:~)
2024-04-25 19:24:56,984 [abc2c581-a768-4c7c-b49a-008e591603b4-groupManagement] INFO  server.RaftServerConfigKeys (ConfUtils.java:logGet(46)) - raft.server.log.use.memory = false (default)
2024-04-25 19:24:56,985 [abc2c581-a768-4c7c-b49a-008e591603b4-groupManagement] INFO  server.RaftServerConfigKeys (ConfUtils.java:logGet(46)) - raft.server.log.purge.gap = 1000000 (custom)
2024-04-25 19:24:56,985 [abc2c581-a768-4c7c-b49a-008e591603b4-groupManagement] INFO  server.RaftServerConfigKeys (ConfUtils.java:logGet(46)) - raft.server.log.appender.buffer.byte-limit = 8388608 (custom)
2024-04-25 19:24:56,985 [abc2c581-a768-4c7c-b49a-008e591603b4-groupManagement] INFO  server.RaftServerConfigKeys (ConfUtils.java:logGet(46)) - raft.server.log.statemachine.data.read.timeout = 1000ms (default)
2024-04-25 19:24:56,985 [abc2c581-a768-4c7c-b49a-008e591603b4-groupManagement] INFO  server.RaftServerConfigKeys (ConfUtils.java:logGet(46)) - raft.server.log.purge.preservation.log.num = 0 (default)
2024-04-25 19:24:56,986 [abc2c581-a768-4c7c-b49a-008e591603b4-groupManagement] INFO  server.RaftServerConfigKeys (ConfUtils.java:logGet(46)) - raft.server.log.segment.size.max = 67108864 (custom)
2024-04-25 19:24:56,986 [EventQueue-PipelineReportForPipelineReportHandler] INFO  pipeline.PipelineReportHandler (PipelineReportHandler.java:processPipelineReport(136)) - Opened pipeline PipelineID=986ceb3f-2e42-44eb-ac0f-3c27ff26cfa9
2024-04-25 19:24:56,986 [EventQueue-OpenPipelineForHealthyPipelineSafeModeRule] INFO  safemode.SCMSafeModeManager (HealthyPipelineSafeModeRule.java:process(140)) - SCM in safe mode. Healthy pipelines reported count is 0, required healthy pipeline reported count is 1
2024-04-25 19:24:56,987 [abc2c581-a768-4c7c-b49a-008e591603b4-groupManagement] INFO  server.RaftServerConfigKeys (ConfUtils.java:logGet(46)) - raft.server.log.segment.cache.num.max = 2 (custom)
2024-04-25 19:24:56,987 [abc2c581-a768-4c7c-b49a-008e591603b4-groupManagement] INFO  server.RaftServerConfigKeys (ConfUtils.java:logGet(46)) - raft.server.log.segment.cache.size.max = 200MB (=209715200) (default)
2024-04-25 19:24:56,987 [abc2c581-a768-4c7c-b49a-008e591603b4-groupManagement] INFO  server.RaftServerConfigKeys (ConfUtils.java:logGet(46)) - raft.server.log.appender.buffer.byte-limit = 8388608 (custom)
2024-04-25 19:24:56,987 [abc2c581-a768-4c7c-b49a-008e591603b4-groupManagement] INFO  util.AwaitToRun (AwaitToRun.java:start(81)) - Thread[abc2c581-a768-4c7c-b49a-008e591603b4@group-3C27FF26CFA9-cacheEviction-AwaitToRun,5,main] started
2024-04-25 19:24:56,987 [abc2c581-a768-4c7c-b49a-008e591603b4-groupManagement] INFO  segmented.SegmentedRaftLogWorker (SegmentedRaftLogWorker.java:<init>(182)) - new abc2c581-a768-4c7c-b49a-008e591603b4@group-3C27FF26CFA9-SegmentedRaftLogWorker for RaftStorageImpl:Storage Directory /home/runner/work/ozone/ozone/hadoop-ozone/integration-test/target/test-dir/MiniOzoneClusterImpl-d2e81863-a659-4dd2-bdb8-fa97662d499c/ozone-meta/datanode-8/ratis/986ceb3f-2e42-44eb-ac0f-3c27ff26cfa9
2024-04-25 19:24:56,987 [abc2c581-a768-4c7c-b49a-008e591603b4-groupManagement] INFO  server.RaftServerConfigKeys (ConfUtils.java:logGet(46)) - raft.server.log.queue.byte-limit = 4294967296 (custom)
2024-04-25 19:24:56,987 [abc2c581-a768-4c7c-b49a-008e591603b4-groupManagement] INFO  server.RaftServerConfigKeys (ConfUtils.java:logGet(46)) - raft.server.log.queue.element-limit = 1024 (custom)
2024-04-25 19:24:56,987 [abc2c581-a768-4c7c-b49a-008e591603b4-groupManagement] INFO  server.RaftServerConfigKeys (ConfUtils.java:logGet(46)) - raft.server.log.segment.size.max = 67108864 (custom)
2024-04-25 19:24:56,987 [abc2c581-a768-4c7c-b49a-008e591603b4-groupManagement] INFO  server.RaftServerConfigKeys (ConfUtils.java:logGet(46)) - raft.server.log.preallocated.size = 4194304 (custom)
2024-04-25 19:24:56,987 [abc2c581-a768-4c7c-b49a-008e591603b4-groupManagement] INFO  server.RaftServerConfigKeys (ConfUtils.java:logGet(46)) - raft.server.log.force.sync.num = 128 (default)
2024-04-25 19:24:56,987 [abc2c581-a768-4c7c-b49a-008e591603b4-groupManagement] INFO  server.RaftServerConfigKeys (ConfUtils.java:logGet(46)) - raft.server.log.statemachine.data.sync = true (default)
2024-04-25 19:24:56,987 [abc2c581-a768-4c7c-b49a-008e591603b4-groupManagement] INFO  server.RaftServerConfigKeys (ConfUtils.java:logGet(46)) - raft.server.log.statemachine.data.sync.timeout = 10s (default)
2024-04-25 19:24:56,987 [abc2c581-a768-4c7c-b49a-008e591603b4-groupManagement] INFO  server.RaftServerConfigKeys (ConfUtils.java:logGet(46)) - raft.server.log.statemachine.data.sync.timeout.retry = 30 (custom)
2024-04-25 19:24:56,988 [abc2c581-a768-4c7c-b49a-008e591603b4-groupManagement] INFO  server.RaftServerConfigKeys (ConfUtils.java:logGet(46)) - raft.server.log.write.buffer.size = 8388616 (custom)
2024-04-25 19:24:56,989 [abc2c581-a768-4c7c-b49a-008e591603b4-groupManagement] INFO  server.RaftServerConfigKeys (ConfUtils.java:logGet(46)) - raft.server.log.appender.buffer.byte-limit = 8388608 (custom)
2024-04-25 19:24:56,990 [abc2c581-a768-4c7c-b49a-008e591603b4-groupManagement] INFO  server.RaftServerConfigKeys (ConfUtils.java:logGet(46)) - raft.server.log.unsafe-flush.enabled = false (default)
2024-04-25 19:24:56,990 [abc2c581-a768-4c7c-b49a-008e591603b4-groupManagement] INFO  server.RaftServerConfigKeys (ConfUtils.java:logGet(46)) - raft.server.log.async-flush.enabled = false (default)
2024-04-25 19:24:56,990 [abc2c581-a768-4c7c-b49a-008e591603b4-groupManagement] INFO  server.RaftServerConfigKeys (ConfUtils.java:logGet(46)) - raft.server.log.statemachine.data.caching.enabled = true (custom)
2024-04-25 19:24:56,990 [abc2c581-a768-4c7c-b49a-008e591603b4-groupManagement] INFO  segmented.SegmentedRaftLogWorker (SegmentedRaftLogWorker.java:lambda$new$0(134)) - abc2c581-a768-4c7c-b49a-008e591603b4@group-3C27FF26CFA9-SegmentedRaftLogWorker: flushIndex: setUnconditionally 0 -> -1
2024-04-25 19:24:56,990 [abc2c581-a768-4c7c-b49a-008e591603b4-groupManagement] INFO  segmented.SegmentedRaftLogWorker (SegmentedRaftLogWorker.java:lambda$new$0(134)) - abc2c581-a768-4c7c-b49a-008e591603b4@group-3C27FF26CFA9-SegmentedRaftLogWorker: safeCacheEvictIndex: setUnconditionally 0 -> -1
2024-04-25 19:24:56,990 [abc2c581-a768-4c7c-b49a-008e591603b4-groupManagement] INFO  server.RaftServer$Division (RaftServerImpl.java:start(396)) - abc2c581-a768-4c7c-b49a-008e591603b4@group-3C27FF26CFA9: start as a follower, conf=-1: peers:[abc2c581-a768-4c7c-b49a-008e591603b4|127.0.0.1:15166]|listeners:[], old=null
2024-04-25 19:24:56,990 [abc2c581-a768-4c7c-b49a-008e591603b4-groupManagement] INFO  server.RaftServer$Division (RaftServerImpl.java:setRole(383)) - abc2c581-a768-4c7c-b49a-008e591603b4@group-3C27FF26CFA9: changes role from      null to FOLLOWER at term 0 for startAsFollower
2024-04-25 19:24:56,990 [abc2c581-a768-4c7c-b49a-008e591603b4-groupManagement] INFO  impl.RoleInfo (RoleInfo.java:updateAndGet(139)) - abc2c581-a768-4c7c-b49a-008e591603b4: start abc2c581-a768-4c7c-b49a-008e591603b4@group-3C27FF26CFA9-FollowerState
2024-04-25 19:24:56,991 [abc2c581-a768-4c7c-b49a-008e591603b4@group-3C27FF26CFA9-FollowerState] INFO  server.RaftServerConfigKeys (ConfUtils.java:logFallback(53)) - raft.server.rpc.first-election.timeout.min = 5s (fallback to raft.server.rpc.timeout.min)
2024-04-25 19:24:56,991 [abc2c581-a768-4c7c-b49a-008e591603b4-groupManagement] INFO  util.JmxRegister (JmxRegister.java:tryRegister(44)) - Successfully registered JMX Bean with object name Ratis:service=RaftServer,group=group-3C27FF26CFA9,id=abc2c581-a768-4c7c-b49a-008e591603b4
2024-04-25 19:24:56,991 [abc2c581-a768-4c7c-b49a-008e591603b4-groupManagement] INFO  server.RaftServerConfigKeys (ConfUtils.java:logGet(46)) - raft.server.snapshot.trigger-when-stop.enabled = true (default)
2024-04-25 19:24:56,991 [abc2c581-a768-4c7c-b49a-008e591603b4-groupManagement] INFO  server.RaftServerConfigKeys (ConfUtils.java:logGet(46)) - raft.server.snapshot.auto.trigger.enabled = true (custom)
2024-04-25 19:24:56,991 [abc2c581-a768-4c7c-b49a-008e591603b4-groupManagement] INFO  server.RaftServerConfigKeys (ConfUtils.java:logGet(46)) - raft.server.snapshot.auto.trigger.threshold = 10000 (custom)
2024-04-25 19:24:56,991 [abc2c581-a768-4c7c-b49a-008e591603b4-groupManagement] INFO  server.RaftServerConfigKeys (ConfUtils.java:logGet(46)) - raft.server.snapshot.retention.file.num = 5 (custom)
2024-04-25 19:24:56,991 [abc2c581-a768-4c7c-b49a-008e591603b4-groupManagement] INFO  server.RaftServerConfigKeys (ConfUtils.java:logGet(46)) - raft.server.log.purge.upto.snapshot.index = false (default)
2024-04-25 19:24:56,991 [abc2c581-a768-4c7c-b49a-008e591603b4@group-3C27FF26CFA9-FollowerState] INFO  server.RaftServerConfigKeys (ConfUtils.java:logFallback(53)) - raft.server.rpc.first-election.timeout.max = 5200ms (fallback to raft.server.rpc.timeout.max)
2024-04-25 19:24:56,992 [abc2c581-a768-4c7c-b49a-008e591603b4-PipelineCommandHandlerThread-0] INFO  ratis.XceiverServerRatis (XceiverServerRatis.java:addGroup(864)) - Created group PipelineID=986ceb3f-2e42-44eb-ac0f-3c27ff26cfa9
2024-04-25 19:24:56,992 [abc2c581-a768-4c7c-b49a-008e591603b4-groupManagement] INFO  server.RaftServerConfigKeys (ConfUtils.java:logGet(46)) - raft.server.storage.free-space.min = 0MB (=0) (default)
2024-04-25 19:24:56,992 [abc2c581-a768-4c7c-b49a-008e591603b4-groupManagement] INFO  server.RaftServerConfigKeys (ConfUtils.java:logGet(46)) - raft.server.log.corruption.policy = EXCEPTION (default)
2024-04-25 19:24:56,992 [abc2c581-a768-4c7c-b49a-008e591603b4-PipelineCommandHandlerThread-0] INFO  commandhandler.CreatePipelineCommandHandler (CreatePipelineCommandHandler.java:lambda$handle$2(124)) - Created Pipeline RATIS ONE PipelineID=986ceb3f-2e42-44eb-ac0f-3c27ff26cfa9.
2024-04-25 19:24:56,992 [abc2c581-a768-4c7c-b49a-008e591603b4-groupManagement] INFO  server.RaftServerConfigKeys (ConfUtils.java:logGet(46)) - raft.server.storage.dir = [/home/runner/work/ozone/ozone/hadoop-ozone/integration-test/target/test-dir/MiniOzoneClusterImpl-d2e81863-a659-4dd2-bdb8-fa97662d499c/ozone-meta/datanode-8/ratis] (custom)
2024-04-25 19:24:56,993 [abc2c581-a768-4c7c-b49a-008e591603b4-groupManagement] INFO  storage.RaftStorageDirectory (RaftStorageDirectoryImpl.java:analyzeStorage(138)) - The storage directory /home/runner/work/ozone/ozone/hadoop-ozone/integration-test/target/test-dir/MiniOzoneClusterImpl-d2e81863-a659-4dd2-bdb8-fa97662d499c/ozone-meta/datanode-8/ratis/065f0003-75ed-4d37-a1b3-844c2f4fe16d does not exist. Creating ...
2024-04-25 19:24:56,994 [abc2c581-a768-4c7c-b49a-008e591603b4-groupManagement] INFO  storage.RaftStorageDirectory (RaftStorageDirectoryImpl.java:tryLock(228)) - Lock on /home/runner/work/ozone/ozone/hadoop-ozone/integration-test/target/test-dir/MiniOzoneClusterImpl-d2e81863-a659-4dd2-bdb8-fa97662d499c/ozone-meta/datanode-8/ratis/065f0003-75ed-4d37-a1b3-844c2f4fe16d/in_use.lock acquired by nodename 21201@fv-az524-255
2024-04-25 19:24:56,995 [abc2c581-a768-4c7c-b49a-008e591603b4-groupManagement] INFO  storage.RaftStorage (RaftStorageImpl.java:format(99)) - Storage directory /home/runner/work/ozone/ozone/hadoop-ozone/integration-test/target/test-dir/MiniOzoneClusterImpl-d2e81863-a659-4dd2-bdb8-fa97662d499c/ozone-meta/datanode-8/ratis/065f0003-75ed-4d37-a1b3-844c2f4fe16d has been successfully formatted.
2024-04-25 19:24:56,995 [abc2c581-a768-4c7c-b49a-008e591603b4-groupManagement] WARN  util.FileUtils (LogUtils.java:supplyAndLog(63)) - Failed to Files.newInputStream /home/runner/work/ozone/ozone/hadoop-ozone/integration-test/target/test-dir/MiniOzoneClusterImpl-d2e81863-a659-4dd2-bdb8-fa97662d499c/ozone-meta/datanode-8/ratis/065f0003-75ed-4d37-a1b3-844c2f4fe16d/current/raft-meta.conf with options []: java.nio.file.NoSuchFileException: /home/runner/work/ozone/ozone/hadoop-ozone/integration-test/target/test-dir/MiniOzoneClusterImpl-d2e81863-a659-4dd2-bdb8-fa97662d499c/ozone-meta/datanode-8/ratis/065f0003-75ed-4d37-a1b3-844c2f4fe16d/current/raft-meta.conf
2024-04-25 19:24:56,995 [abc2c581-a768-4c7c-b49a-008e591603b4-groupManagement] INFO  ratis.ContainerStateMachine (ContainerStateMachine.java:loadSnapshot(287)) - group-844C2F4FE16D: The snapshot info is null. Setting the last applied index to:(t:0, i:~)
2024-04-25 19:24:56,995 [abc2c581-a768-4c7c-b49a-008e591603b4-groupManagement] INFO  server.RaftServerConfigKeys (ConfUtils.java:logGet(46)) - raft.server.log.use.memory = false (default)
2024-04-25 19:24:56,995 [abc2c581-a768-4c7c-b49a-008e591603b4-groupManagement] INFO  server.RaftServerConfigKeys (ConfUtils.java:logGet(46)) - raft.server.log.purge.gap = 1000000 (custom)
2024-04-25 19:24:56,995 [abc2c581-a768-4c7c-b49a-008e591603b4-groupManagement] INFO  server.RaftServerConfigKeys (ConfUtils.java:logGet(46)) - raft.server.log.appender.buffer.byte-limit = 8388608 (custom)
2024-04-25 19:24:56,995 [abc2c581-a768-4c7c-b49a-008e591603b4-groupManagement] INFO  server.RaftServerConfigKeys (ConfUtils.java:logGet(46)) - raft.server.log.statemachine.data.read.timeout = 1000ms (default)
2024-04-25 19:24:56,995 [abc2c581-a768-4c7c-b49a-008e591603b4-groupManagement] INFO  server.RaftServerConfigKeys (ConfUtils.java:logGet(46)) - raft.server.log.purge.preservation.log.num = 0 (default)
2024-04-25 19:24:56,996 [abc2c581-a768-4c7c-b49a-008e591603b4-groupManagement] INFO  server.RaftServerConfigKeys (ConfUtils.java:logGet(46)) - raft.server.log.segment.size.max = 67108864 (custom)
2024-04-25 19:24:56,996 [EventQueue-OpenPipelineForHealthyPipelineSafeModeRule] INFO  safemode.SCMSafeModeManager (HealthyPipelineSafeModeRule.java:process(140)) - SCM in safe mode. Healthy pipelines reported count is 0, required healthy pipeline reported count is 1
2024-04-25 19:24:56,997 [abc2c581-a768-4c7c-b49a-008e591603b4-groupManagement] INFO  server.RaftServerConfigKeys (ConfUtils.java:logGet(46)) - raft.server.log.segment.cache.num.max = 2 (custom)
2024-04-25 19:24:56,997 [abc2c581-a768-4c7c-b49a-008e591603b4-groupManagement] INFO  server.RaftServerConfigKeys (ConfUtils.java:logGet(46)) - raft.server.log.segment.cache.size.max = 200MB (=209715200) (default)
2024-04-25 19:24:56,997 [abc2c581-a768-4c7c-b49a-008e591603b4-groupManagement] INFO  server.RaftServerConfigKeys (ConfUtils.java:logGet(46)) - raft.server.log.appender.buffer.byte-limit = 8388608 (custom)
2024-04-25 19:24:56,997 [abc2c581-a768-4c7c-b49a-008e591603b4-groupManagement] INFO  util.AwaitToRun (AwaitToRun.java:start(81)) - Thread[abc2c581-a768-4c7c-b49a-008e591603b4@group-844C2F4FE16D-cacheEviction-AwaitToRun,5,main] started
2024-04-25 19:24:56,997 [abc2c581-a768-4c7c-b49a-008e591603b4-groupManagement] INFO  segmented.SegmentedRaftLogWorker (SegmentedRaftLogWorker.java:<init>(182)) - new abc2c581-a768-4c7c-b49a-008e591603b4@group-844C2F4FE16D-SegmentedRaftLogWorker for RaftStorageImpl:Storage Directory /home/runner/work/ozone/ozone/hadoop-ozone/integration-test/target/test-dir/MiniOzoneClusterImpl-d2e81863-a659-4dd2-bdb8-fa97662d499c/ozone-meta/datanode-8/ratis/065f0003-75ed-4d37-a1b3-844c2f4fe16d
2024-04-25 19:24:56,997 [abc2c581-a768-4c7c-b49a-008e591603b4-groupManagement] INFO  server.RaftServerConfigKeys (ConfUtils.java:logGet(46)) - raft.server.log.queue.byte-limit = 4294967296 (custom)
2024-04-25 19:24:56,997 [abc2c581-a768-4c7c-b49a-008e591603b4-groupManagement] INFO  server.RaftServerConfigKeys (ConfUtils.java:logGet(46)) - raft.server.log.queue.element-limit = 1024 (custom)
2024-04-25 19:24:56,997 [abc2c581-a768-4c7c-b49a-008e591603b4-groupManagement] INFO  server.RaftServerConfigKeys (ConfUtils.java:logGet(46)) - raft.server.log.segment.size.max = 67108864 (custom)
2024-04-25 19:24:56,997 [abc2c581-a768-4c7c-b49a-008e591603b4-groupManagement] INFO  server.RaftServerConfigKeys (ConfUtils.java:logGet(46)) - raft.server.log.preallocated.size = 4194304 (custom)
2024-04-25 19:24:56,997 [abc2c581-a768-4c7c-b49a-008e591603b4-groupManagement] INFO  server.RaftServerConfigKeys (ConfUtils.java:logGet(46)) - raft.server.log.force.sync.num = 128 (default)
2024-04-25 19:24:56,997 [abc2c581-a768-4c7c-b49a-008e591603b4-groupManagement] INFO  server.RaftServerConfigKeys (ConfUtils.java:logGet(46)) - raft.server.log.statemachine.data.sync = true (default)
2024-04-25 19:24:56,997 [abc2c581-a768-4c7c-b49a-008e591603b4-groupManagement] INFO  server.RaftServerConfigKeys (ConfUtils.java:logGet(46)) - raft.server.log.statemachine.data.sync.timeout = 10s (default)
2024-04-25 19:24:56,997 [abc2c581-a768-4c7c-b49a-008e591603b4-groupManagement] INFO  server.RaftServerConfigKeys (ConfUtils.java:logGet(46)) - raft.server.log.statemachine.data.sync.timeout.retry = 30 (custom)
2024-04-25 19:24:56,998 [abc2c581-a768-4c7c-b49a-008e591603b4-groupManagement] INFO  server.RaftServerConfigKeys (ConfUtils.java:logGet(46)) - raft.server.log.write.buffer.size = 8388616 (custom)
2024-04-25 19:24:56,999 [abc2c581-a768-4c7c-b49a-008e591603b4-groupManagement] INFO  server.RaftServerConfigKeys (ConfUtils.java:logGet(46)) - raft.server.log.appender.buffer.byte-limit = 8388608 (custom)
2024-04-25 19:24:56,999 [abc2c581-a768-4c7c-b49a-008e591603b4-groupManagement] INFO  server.RaftServerConfigKeys (ConfUtils.java:logGet(46)) - raft.server.log.unsafe-flush.enabled = false (default)
2024-04-25 19:24:56,999 [abc2c581-a768-4c7c-b49a-008e591603b4-groupManagement] INFO  server.RaftServerConfigKeys (ConfUtils.java:logGet(46)) - raft.server.log.async-flush.enabled = false (default)
2024-04-25 19:24:56,999 [abc2c581-a768-4c7c-b49a-008e591603b4-groupManagement] INFO  server.RaftServerConfigKeys (ConfUtils.java:logGet(46)) - raft.server.log.statemachine.data.caching.enabled = true (custom)
2024-04-25 19:24:56,999 [abc2c581-a768-4c7c-b49a-008e591603b4-groupManagement] INFO  segmented.SegmentedRaftLogWorker (SegmentedRaftLogWorker.java:lambda$new$0(134)) - abc2c581-a768-4c7c-b49a-008e591603b4@group-844C2F4FE16D-SegmentedRaftLogWorker: flushIndex: setUnconditionally 0 -> -1
2024-04-25 19:24:56,999 [abc2c581-a768-4c7c-b49a-008e591603b4-groupManagement] INFO  segmented.SegmentedRaftLogWorker (SegmentedRaftLogWorker.java:lambda$new$0(134)) - abc2c581-a768-4c7c-b49a-008e591603b4@group-844C2F4FE16D-SegmentedRaftLogWorker: safeCacheEvictIndex: setUnconditionally 0 -> -1
2024-04-25 19:24:56,999 [abc2c581-a768-4c7c-b49a-008e591603b4-groupManagement] INFO  server.RaftServer$Division (RaftServerImpl.java:start(396)) - abc2c581-a768-4c7c-b49a-008e591603b4@group-844C2F4FE16D: start as a follower, conf=-1: peers:[abc2c581-a768-4c7c-b49a-008e591603b4|127.0.0.1:15166, 959cbd0f-a729-48cd-9832-a6c885e061f0|127.0.0.1:15175, 40fb7397-672b-4299-ac41-723a71166d77|127.0.0.1:15157]|listeners:[], old=null
2024-04-25 19:24:56,999 [abc2c581-a768-4c7c-b49a-008e591603b4-groupManagement] INFO  server.RaftServer$Division (RaftServerImpl.java:setRole(383)) - abc2c581-a768-4c7c-b49a-008e591603b4@group-844C2F4FE16D: changes role from      null to FOLLOWER at term 0 for startAsFollower
2024-04-25 19:24:56,999 [abc2c581-a768-4c7c-b49a-008e591603b4-groupManagement] INFO  impl.RoleInfo (RoleInfo.java:updateAndGet(139)) - abc2c581-a768-4c7c-b49a-008e591603b4: start abc2c581-a768-4c7c-b49a-008e591603b4@group-844C2F4FE16D-FollowerState
2024-04-25 19:24:57,000 [abc2c581-a768-4c7c-b49a-008e591603b4@group-844C2F4FE16D-FollowerState] INFO  server.RaftServerConfigKeys (ConfUtils.java:logFallback(53)) - raft.server.rpc.first-election.timeout.min = 5s (fallback to raft.server.rpc.timeout.min)
2024-04-25 19:24:57,000 [abc2c581-a768-4c7c-b49a-008e591603b4-groupManagement] INFO  util.JmxRegister (JmxRegister.java:tryRegister(44)) - Successfully registered JMX Bean with object name Ratis:service=RaftServer,group=group-844C2F4FE16D,id=abc2c581-a768-4c7c-b49a-008e591603b4
2024-04-25 19:24:57,000 [abc2c581-a768-4c7c-b49a-008e591603b4@group-844C2F4FE16D-FollowerState] INFO  server.RaftServerConfigKeys (ConfUtils.java:logFallback(53)) - raft.server.rpc.first-election.timeout.max = 5200ms (fallback to raft.server.rpc.timeout.max)
2024-04-25 19:24:57,000 [abc2c581-a768-4c7c-b49a-008e591603b4-groupManagement] INFO  server.RaftServerConfigKeys (ConfUtils.java:logGet(46)) - raft.server.snapshot.trigger-when-stop.enabled = true (default)
2024-04-25 19:24:57,000 [abc2c581-a768-4c7c-b49a-008e591603b4-groupManagement] INFO  server.RaftServerConfigKeys (ConfUtils.java:logGet(46)) - raft.server.snapshot.auto.trigger.enabled = true (custom)
2024-04-25 19:24:57,000 [abc2c581-a768-4c7c-b49a-008e591603b4-groupManagement] INFO  server.RaftServerConfigKeys (ConfUtils.java:logGet(46)) - raft.server.snapshot.auto.trigger.threshold = 10000 (custom)
2024-04-25 19:24:57,000 [abc2c581-a768-4c7c-b49a-008e591603b4-groupManagement] INFO  server.RaftServerConfigKeys (ConfUtils.java:logGet(46)) - raft.server.snapshot.retention.file.num = 5 (custom)
2024-04-25 19:24:57,000 [abc2c581-a768-4c7c-b49a-008e591603b4-groupManagement] INFO  server.RaftServerConfigKeys (ConfUtils.java:logGet(46)) - raft.server.log.purge.upto.snapshot.index = false (default)
2024-04-25 19:24:57,003 [40fb7397-672b-4299-ac41-723a71166d77-PipelineCommandHandlerThread-0] INFO  commandhandler.CreatePipelineCommandHandler (CreatePipelineCommandHandler.java:lambda$handle$2(124)) - Created Pipeline RATIS THREE PipelineID=065f0003-75ed-4d37-a1b3-844c2f4fe16d.
2024-04-25 19:24:57,026 [959cbd0f-a729-48cd-9832-a6c885e061f0-PipelineCommandHandlerThread-0] INFO  server.RaftServer (RaftServerProxy.java:addNew(100)) - 959cbd0f-a729-48cd-9832-a6c885e061f0: addNew group-F292AA58FE4A:[959cbd0f-a729-48cd-9832-a6c885e061f0|127.0.0.1:15175] returns group-F292AA58FE4A:java.util.concurrent.CompletableFuture@7263f396[Not completed]
2024-04-25 19:24:57,027 [959cbd0f-a729-48cd-9832-a6c885e061f0-groupManagement] INFO  server.RaftServer$Division (RaftServerImpl.java:<init>(256)) - 959cbd0f-a729-48cd-9832-a6c885e061f0: new RaftServerImpl for group-F292AA58FE4A:[959cbd0f-a729-48cd-9832-a6c885e061f0|127.0.0.1:15175] with ContainerStateMachine:uninitialized
2024-04-25 19:24:57,027 [959cbd0f-a729-48cd-9832-a6c885e061f0-groupManagement] INFO  server.RaftServerConfigKeys (ConfUtils.java:logGet(46)) - raft.server.rpc.timeout.min = 5s (custom)
2024-04-25 19:24:57,027 [959cbd0f-a729-48cd-9832-a6c885e061f0-groupManagement] INFO  server.RaftServerConfigKeys (ConfUtils.java:logGet(46)) - raft.server.rpc.timeout.max = 5200ms (custom)
2024-04-25 19:24:57,027 [959cbd0f-a729-48cd-9832-a6c885e061f0-groupManagement] INFO  server.RaftServerConfigKeys (ConfUtils.java:logGet(46)) - raft.server.rpc.sleep.time = 25ms (default)
2024-04-25 19:24:57,027 [959cbd0f-a729-48cd-9832-a6c885e061f0-groupManagement] INFO  server.RaftServerConfigKeys (ConfUtils.java:logGet(46)) - raft.server.rpc.slowness.timeout = 300000ms (custom)
2024-04-25 19:24:57,027 [959cbd0f-a729-48cd-9832-a6c885e061f0-groupManagement] INFO  server.RaftServerConfigKeys (ConfUtils.java:logGet(46)) - raft.server.leaderelection.leader.step-down.wait-time = 10s (default)
2024-04-25 19:24:57,027 [959cbd0f-a729-48cd-9832-a6c885e061f0-groupManagement] INFO  server.RaftServerConfigKeys (ConfUtils.java:logGet(46)) - raft.server.leaderelection.member.majority-add = false (default)
2024-04-25 19:24:57,027 [959cbd0f-a729-48cd-9832-a6c885e061f0-groupManagement] INFO  server.RaftServerConfigKeys (ConfUtils.java:logGet(46)) - raft.server.sleep.deviation.threshold = 300ms (default)
2024-04-25 19:24:57,028 [959cbd0f-a729-48cd-9832-a6c885e061f0-groupManagement] INFO  server.RaftServer$Division (ServerState.java:<init>(113)) - 959cbd0f-a729-48cd-9832-a6c885e061f0@group-F292AA58FE4A: ConfigurationManager, init=-1: peers:[959cbd0f-a729-48cd-9832-a6c885e061f0|127.0.0.1:15175]|listeners:[], old=null, confs=<EMPTY_MAP>
2024-04-25 19:24:57,028 [959cbd0f-a729-48cd-9832-a6c885e061f0-groupManagement] INFO  server.RaftServerConfigKeys (ConfUtils.java:logGet(46)) - raft.server.notification.no-leader.timeout = 300000ms (custom)
2024-04-25 19:24:57,028 [959cbd0f-a729-48cd-9832-a6c885e061f0-groupManagement] INFO  server.RaftServerConfigKeys (ConfUtils.java:logGet(46)) - raft.server.read.timeout = 10s (default)
2024-04-25 19:24:57,028 [959cbd0f-a729-48cd-9832-a6c885e061f0-groupManagement] INFO  server.RaftServerConfigKeys (ConfUtils.java:logGet(46)) - raft.server.retrycache.expirytime = 600000ms (custom)
2024-04-25 19:24:57,028 [959cbd0f-a729-48cd-9832-a6c885e061f0-groupManagement] INFO  server.RaftServerConfigKeys (ConfUtils.java:logGet(46)) - raft.server.retrycache.statistics.expirytime = 100ms (default)
2024-04-25 19:24:57,028 [959cbd0f-a729-48cd-9832-a6c885e061f0-groupManagement] INFO  server.RaftServerConfigKeys (ConfUtils.java:logGet(46)) - raft.server.read.option = DEFAULT (default)
2024-04-25 19:24:57,028 [959cbd0f-a729-48cd-9832-a6c885e061f0-groupManagement] INFO  server.RaftServerConfigKeys (ConfUtils.java:logGet(46)) - raft.server.read.read-after-write-consistent.write-index-cache.expiry-time = 60s (default)
2024-04-25 19:24:57,029 [main] INFO  ozone.MiniOzoneClusterImpl (MiniOzoneClusterImpl.java:lambda$waitForClusterToBeReady$0(194)) - Nodes are ready. Got 9 of 9 DN Heartbeats.
2024-04-25 19:24:57,029 [main] INFO  ozone.MiniOzoneClusterImpl (MiniOzoneClusterImpl.java:lambda$waitForClusterToBeReady$0(197)) - Waiting for cluster to exit safe mode
2024-04-25 19:24:57,029 [main] INFO  ozone.MiniOzoneClusterImpl (MiniOzoneClusterImpl.java:lambda$waitForClusterToBeReady$0(199)) - SCM became leader
2024-04-25 19:24:57,030 [959cbd0f-a729-48cd-9832-a6c885e061f0-groupManagement] INFO  server.RaftServerConfigKeys (ConfUtils.java:logGet(46)) - raft.server.rpc.request.timeout = 3000ms (default)
2024-04-25 19:24:57,030 [959cbd0f-a729-48cd-9832-a6c885e061f0-groupManagement] INFO  server.RaftServerConfigKeys (ConfUtils.java:logGet(46)) - raft.server.log.appender.install.snapshot.enabled = false (custom)
2024-04-25 19:24:57,030 [959cbd0f-a729-48cd-9832-a6c885e061f0-groupManagement] INFO  server.RaftServerConfigKeys (ConfUtils.java:logGet(46)) - raft.server.threadpool.server.cached = true (default)
2024-04-25 19:24:57,030 [959cbd0f-a729-48cd-9832-a6c885e061f0-groupManagement] INFO  server.RaftServerConfigKeys (ConfUtils.java:logGet(46)) - raft.server.threadpool.server.size = 0 (default)
2024-04-25 19:24:57,030 [959cbd0f-a729-48cd-9832-a6c885e061f0-groupManagement] INFO  server.RaftServerConfigKeys (ConfUtils.java:logGet(46)) - raft.server.threadpool.client.cached = true (default)
2024-04-25 19:24:57,030 [959cbd0f-a729-48cd-9832-a6c885e061f0-groupManagement] INFO  server.RaftServerConfigKeys (ConfUtils.java:logGet(46)) - raft.server.threadpool.client.size = 0 (default)
2024-04-25 19:24:57,030 [959cbd0f-a729-48cd-9832-a6c885e061f0-groupManagement] INFO  server.RaftServerConfigKeys (ConfUtils.java:logGet(46)) - raft.server.storage.free-space.min = 0MB (=0) (default)
2024-04-25 19:24:57,030 [959cbd0f-a729-48cd-9832-a6c885e061f0-groupManagement] INFO  server.RaftServerConfigKeys (ConfUtils.java:logGet(46)) - raft.server.log.corruption.policy = EXCEPTION (default)
2024-04-25 19:24:57,030 [959cbd0f-a729-48cd-9832-a6c885e061f0-groupManagement] INFO  server.RaftServerConfigKeys (ConfUtils.java:logGet(46)) - raft.server.storage.dir = [/home/runner/work/ozone/ozone/hadoop-ozone/integration-test/target/test-dir/MiniOzoneClusterImpl-d2e81863-a659-4dd2-bdb8-fa97662d499c/ozone-meta/datanode-9/ratis] (custom)
2024-04-25 19:24:57,031 [959cbd0f-a729-48cd-9832-a6c885e061f0-groupManagement] INFO  storage.RaftStorageDirectory (RaftStorageDirectoryImpl.java:analyzeStorage(138)) - The storage directory /home/runner/work/ozone/ozone/hadoop-ozone/integration-test/target/test-dir/MiniOzoneClusterImpl-d2e81863-a659-4dd2-bdb8-fa97662d499c/ozone-meta/datanode-9/ratis/6f9b0936-e60c-425d-9d8f-f292aa58fe4a does not exist. Creating ...
2024-04-25 19:24:57,034 [959cbd0f-a729-48cd-9832-a6c885e061f0-groupManagement] INFO  storage.RaftStorageDirectory (RaftStorageDirectoryImpl.java:tryLock(228)) - Lock on /home/runner/work/ozone/ozone/hadoop-ozone/integration-test/target/test-dir/MiniOzoneClusterImpl-d2e81863-a659-4dd2-bdb8-fa97662d499c/ozone-meta/datanode-9/ratis/6f9b0936-e60c-425d-9d8f-f292aa58fe4a/in_use.lock acquired by nodename 21201@fv-az524-255
2024-04-25 19:24:57,035 [959cbd0f-a729-48cd-9832-a6c885e061f0-groupManagement] INFO  storage.RaftStorage (RaftStorageImpl.java:format(99)) - Storage directory /home/runner/work/ozone/ozone/hadoop-ozone/integration-test/target/test-dir/MiniOzoneClusterImpl-d2e81863-a659-4dd2-bdb8-fa97662d499c/ozone-meta/datanode-9/ratis/6f9b0936-e60c-425d-9d8f-f292aa58fe4a has been successfully formatted.
2024-04-25 19:24:57,036 [959cbd0f-a729-48cd-9832-a6c885e061f0-groupManagement] WARN  util.FileUtils (LogUtils.java:supplyAndLog(63)) - Failed to Files.newInputStream /home/runner/work/ozone/ozone/hadoop-ozone/integration-test/target/test-dir/MiniOzoneClusterImpl-d2e81863-a659-4dd2-bdb8-fa97662d499c/ozone-meta/datanode-9/ratis/6f9b0936-e60c-425d-9d8f-f292aa58fe4a/current/raft-meta.conf with options []: java.nio.file.NoSuchFileException: /home/runner/work/ozone/ozone/hadoop-ozone/integration-test/target/test-dir/MiniOzoneClusterImpl-d2e81863-a659-4dd2-bdb8-fa97662d499c/ozone-meta/datanode-9/ratis/6f9b0936-e60c-425d-9d8f-f292aa58fe4a/current/raft-meta.conf
2024-04-25 19:24:57,036 [959cbd0f-a729-48cd-9832-a6c885e061f0-groupManagement] INFO  ratis.ContainerStateMachine (ContainerStateMachine.java:loadSnapshot(287)) - group-F292AA58FE4A: The snapshot info is null. Setting the last applied index to:(t:0, i:~)
2024-04-25 19:24:57,036 [959cbd0f-a729-48cd-9832-a6c885e061f0-groupManagement] INFO  server.RaftServerConfigKeys (ConfUtils.java:logGet(46)) - raft.server.log.use.memory = false (default)
2024-04-25 19:24:57,036 [959cbd0f-a729-48cd-9832-a6c885e061f0-groupManagement] INFO  server.RaftServerConfigKeys (ConfUtils.java:logGet(46)) - raft.server.log.purge.gap = 1000000 (custom)
2024-04-25 19:24:57,036 [959cbd0f-a729-48cd-9832-a6c885e061f0-groupManagement] INFO  server.RaftServerConfigKeys (ConfUtils.java:logGet(46)) - raft.server.log.appender.buffer.byte-limit = 8388608 (custom)
2024-04-25 19:24:57,036 [959cbd0f-a729-48cd-9832-a6c885e061f0-groupManagement] INFO  server.RaftServerConfigKeys (ConfUtils.java:logGet(46)) - raft.server.log.statemachine.data.read.timeout = 1000ms (default)
2024-04-25 19:24:57,036 [959cbd0f-a729-48cd-9832-a6c885e061f0-groupManagement] INFO  server.RaftServerConfigKeys (ConfUtils.java:logGet(46)) - raft.server.log.purge.preservation.log.num = 0 (default)
2024-04-25 19:24:57,038 [EventQueue-PipelineReportForPipelineReportHandler] INFO  pipeline.PipelineReportHandler (PipelineReportHandler.java:processPipelineReport(136)) - Opened pipeline PipelineID=6f9b0936-e60c-425d-9d8f-f292aa58fe4a
2024-04-25 19:24:57,038 [EventQueue-OpenPipelineForHealthyPipelineSafeModeRule] INFO  safemode.SCMSafeModeManager (HealthyPipelineSafeModeRule.java:process(140)) - SCM in safe mode. Healthy pipelines reported count is 0, required healthy pipeline reported count is 1
2024-04-25 19:24:57,038 [959cbd0f-a729-48cd-9832-a6c885e061f0-groupManagement] INFO  server.RaftServerConfigKeys (ConfUtils.java:logGet(46)) - raft.server.log.segment.size.max = 67108864 (custom)
2024-04-25 19:24:57,039 [959cbd0f-a729-48cd-9832-a6c885e061f0-groupManagement] INFO  server.RaftServerConfigKeys (ConfUtils.java:logGet(46)) - raft.server.log.segment.cache.num.max = 2 (custom)
2024-04-25 19:24:57,039 [959cbd0f-a729-48cd-9832-a6c885e061f0-groupManagement] INFO  server.RaftServerConfigKeys (ConfUtils.java:logGet(46)) - raft.server.log.segment.cache.size.max = 200MB (=209715200) (default)
2024-04-25 19:24:57,039 [959cbd0f-a729-48cd-9832-a6c885e061f0-groupManagement] INFO  server.RaftServerConfigKeys (ConfUtils.java:logGet(46)) - raft.server.log.appender.buffer.byte-limit = 8388608 (custom)
2024-04-25 19:24:57,039 [959cbd0f-a729-48cd-9832-a6c885e061f0-groupManagement] INFO  util.AwaitToRun (AwaitToRun.java:start(81)) - Thread[959cbd0f-a729-48cd-9832-a6c885e061f0@group-F292AA58FE4A-cacheEviction-AwaitToRun,5,main] started
2024-04-25 19:24:57,039 [959cbd0f-a729-48cd-9832-a6c885e061f0-groupManagement] INFO  segmented.SegmentedRaftLogWorker (SegmentedRaftLogWorker.java:<init>(182)) - new 959cbd0f-a729-48cd-9832-a6c885e061f0@group-F292AA58FE4A-SegmentedRaftLogWorker for RaftStorageImpl:Storage Directory /home/runner/work/ozone/ozone/hadoop-ozone/integration-test/target/test-dir/MiniOzoneClusterImpl-d2e81863-a659-4dd2-bdb8-fa97662d499c/ozone-meta/datanode-9/ratis/6f9b0936-e60c-425d-9d8f-f292aa58fe4a
2024-04-25 19:24:57,039 [959cbd0f-a729-48cd-9832-a6c885e061f0-groupManagement] INFO  server.RaftServerConfigKeys (ConfUtils.java:logGet(46)) - raft.server.log.queue.byte-limit = 4294967296 (custom)
2024-04-25 19:24:57,039 [959cbd0f-a729-48cd-9832-a6c885e061f0-groupManagement] INFO  server.RaftServerConfigKeys (ConfUtils.java:logGet(46)) - raft.server.log.queue.element-limit = 1024 (custom)
2024-04-25 19:24:57,039 [959cbd0f-a729-48cd-9832-a6c885e061f0-groupManagement] INFO  server.RaftServerConfigKeys (ConfUtils.java:logGet(46)) - raft.server.log.segment.size.max = 67108864 (custom)
2024-04-25 19:24:57,039 [959cbd0f-a729-48cd-9832-a6c885e061f0-groupManagement] INFO  server.RaftServerConfigKeys (ConfUtils.java:logGet(46)) - raft.server.log.preallocated.size = 4194304 (custom)
2024-04-25 19:24:57,039 [959cbd0f-a729-48cd-9832-a6c885e061f0-groupManagement] INFO  server.RaftServerConfigKeys (ConfUtils.java:logGet(46)) - raft.server.log.force.sync.num = 128 (default)
2024-04-25 19:24:57,039 [959cbd0f-a729-48cd-9832-a6c885e061f0-groupManagement] INFO  server.RaftServerConfigKeys (ConfUtils.java:logGet(46)) - raft.server.log.statemachine.data.sync = true (default)
2024-04-25 19:24:57,040 [959cbd0f-a729-48cd-9832-a6c885e061f0-groupManagement] INFO  server.RaftServerConfigKeys (ConfUtils.java:logGet(46)) - raft.server.log.statemachine.data.sync.timeout = 10s (default)
2024-04-25 19:24:57,040 [959cbd0f-a729-48cd-9832-a6c885e061f0-groupManagement] INFO  server.RaftServerConfigKeys (ConfUtils.java:logGet(46)) - raft.server.log.statemachine.data.sync.timeout.retry = 30 (custom)
2024-04-25 19:24:57,040 [959cbd0f-a729-48cd-9832-a6c885e061f0-groupManagement] INFO  server.RaftServerConfigKeys (ConfUtils.java:logGet(46)) - raft.server.log.write.buffer.size = 8388616 (custom)
2024-04-25 19:24:57,042 [959cbd0f-a729-48cd-9832-a6c885e061f0-groupManagement] INFO  server.RaftServerConfigKeys (ConfUtils.java:logGet(46)) - raft.server.log.appender.buffer.byte-limit = 8388608 (custom)
2024-04-25 19:24:57,042 [959cbd0f-a729-48cd-9832-a6c885e061f0-groupManagement] INFO  server.RaftServerConfigKeys (ConfUtils.java:logGet(46)) - raft.server.log.unsafe-flush.enabled = false (default)
2024-04-25 19:24:57,042 [959cbd0f-a729-48cd-9832-a6c885e061f0-groupManagement] INFO  server.RaftServerConfigKeys (ConfUtils.java:logGet(46)) - raft.server.log.async-flush.enabled = false (default)
2024-04-25 19:24:57,042 [959cbd0f-a729-48cd-9832-a6c885e061f0-groupManagement] INFO  server.RaftServerConfigKeys (ConfUtils.java:logGet(46)) - raft.server.log.statemachine.data.caching.enabled = true (custom)
2024-04-25 19:24:57,042 [959cbd0f-a729-48cd-9832-a6c885e061f0-groupManagement] INFO  segmented.SegmentedRaftLogWorker (SegmentedRaftLogWorker.java:lambda$new$0(134)) - 959cbd0f-a729-48cd-9832-a6c885e061f0@group-F292AA58FE4A-SegmentedRaftLogWorker: flushIndex: setUnconditionally 0 -> -1
2024-04-25 19:24:57,042 [959cbd0f-a729-48cd-9832-a6c885e061f0-groupManagement] INFO  segmented.SegmentedRaftLogWorker (SegmentedRaftLogWorker.java:lambda$new$0(134)) - 959cbd0f-a729-48cd-9832-a6c885e061f0@group-F292AA58FE4A-SegmentedRaftLogWorker: safeCacheEvictIndex: setUnconditionally 0 -> -1
2024-04-25 19:24:57,043 [959cbd0f-a729-48cd-9832-a6c885e061f0-groupManagement] INFO  server.RaftServer$Division (RaftServerImpl.java:start(396)) - 959cbd0f-a729-48cd-9832-a6c885e061f0@group-F292AA58FE4A: start as a follower, conf=-1: peers:[959cbd0f-a729-48cd-9832-a6c885e061f0|127.0.0.1:15175]|listeners:[], old=null
2024-04-25 19:24:57,043 [959cbd0f-a729-48cd-9832-a6c885e061f0-groupManagement] INFO  server.RaftServer$Division (RaftServerImpl.java:setRole(383)) - 959cbd0f-a729-48cd-9832-a6c885e061f0@group-F292AA58FE4A: changes role from      null to FOLLOWER at term 0 for startAsFollower
2024-04-25 19:24:57,043 [959cbd0f-a729-48cd-9832-a6c885e061f0-groupManagement] INFO  impl.RoleInfo (RoleInfo.java:updateAndGet(139)) - 959cbd0f-a729-48cd-9832-a6c885e061f0: start 959cbd0f-a729-48cd-9832-a6c885e061f0@group-F292AA58FE4A-FollowerState
2024-04-25 19:24:57,043 [959cbd0f-a729-48cd-9832-a6c885e061f0-groupManagement] INFO  util.JmxRegister (JmxRegister.java:tryRegister(44)) - Successfully registered JMX Bean with object name Ratis:service=RaftServer,group=group-F292AA58FE4A,id=959cbd0f-a729-48cd-9832-a6c885e061f0
2024-04-25 19:24:57,043 [959cbd0f-a729-48cd-9832-a6c885e061f0-groupManagement] INFO  server.RaftServerConfigKeys (ConfUtils.java:logGet(46)) - raft.server.snapshot.trigger-when-stop.enabled = true (default)
2024-04-25 19:24:57,043 [959cbd0f-a729-48cd-9832-a6c885e061f0-groupManagement] INFO  server.RaftServerConfigKeys (ConfUtils.java:logGet(46)) - raft.server.snapshot.auto.trigger.enabled = true (custom)
2024-04-25 19:24:57,043 [959cbd0f-a729-48cd-9832-a6c885e061f0-groupManagement] INFO  server.RaftServerConfigKeys (ConfUtils.java:logGet(46)) - raft.server.snapshot.auto.trigger.threshold = 10000 (custom)
2024-04-25 19:24:57,043 [959cbd0f-a729-48cd-9832-a6c885e061f0-groupManagement] INFO  server.RaftServerConfigKeys (ConfUtils.java:logGet(46)) - raft.server.snapshot.retention.file.num = 5 (custom)
2024-04-25 19:24:57,043 [959cbd0f-a729-48cd-9832-a6c885e061f0-groupManagement] INFO  server.RaftServerConfigKeys (ConfUtils.java:logGet(46)) - raft.server.log.purge.upto.snapshot.index = false (default)
2024-04-25 19:24:57,044 [959cbd0f-a729-48cd-9832-a6c885e061f0@group-F292AA58FE4A-FollowerState] INFO  server.RaftServerConfigKeys (ConfUtils.java:logFallback(53)) - raft.server.rpc.first-election.timeout.min = 5s (fallback to raft.server.rpc.timeout.min)
2024-04-25 19:24:57,044 [959cbd0f-a729-48cd-9832-a6c885e061f0@group-F292AA58FE4A-FollowerState] INFO  server.RaftServerConfigKeys (ConfUtils.java:logFallback(53)) - raft.server.rpc.first-election.timeout.max = 5200ms (fallback to raft.server.rpc.timeout.max)
2024-04-25 19:24:57,044 [959cbd0f-a729-48cd-9832-a6c885e061f0-PipelineCommandHandlerThread-0] INFO  ratis.XceiverServerRatis (XceiverServerRatis.java:addGroup(864)) - Created group PipelineID=6f9b0936-e60c-425d-9d8f-f292aa58fe4a
2024-04-25 19:24:57,044 [959cbd0f-a729-48cd-9832-a6c885e061f0-PipelineCommandHandlerThread-0] INFO  commandhandler.CreatePipelineCommandHandler (CreatePipelineCommandHandler.java:lambda$handle$2(124)) - Created Pipeline RATIS ONE PipelineID=6f9b0936-e60c-425d-9d8f-f292aa58fe4a.
2024-04-25 19:24:58,029 [main] INFO  ozone.MiniOzoneClusterImpl (MiniOzoneClusterImpl.java:lambda$waitForClusterToBeReady$0(194)) - Nodes are ready. Got 9 of 9 DN Heartbeats.
2024-04-25 19:24:58,030 [main] INFO  ozone.MiniOzoneClusterImpl (MiniOzoneClusterImpl.java:lambda$waitForClusterToBeReady$0(197)) - Waiting for cluster to exit safe mode
2024-04-25 19:24:58,030 [main] INFO  ozone.MiniOzoneClusterImpl (MiniOzoneClusterImpl.java:lambda$waitForClusterToBeReady$0(199)) - SCM became leader
2024-04-25 19:24:59,030 [main] INFO  ozone.MiniOzoneClusterImpl (MiniOzoneClusterImpl.java:lambda$waitForClusterToBeReady$0(194)) - Nodes are ready. Got 9 of 9 DN Heartbeats.
2024-04-25 19:24:59,030 [main] INFO  ozone.MiniOzoneClusterImpl (MiniOzoneClusterImpl.java:lambda$waitForClusterToBeReady$0(197)) - Waiting for cluster to exit safe mode
2024-04-25 19:24:59,030 [main] INFO  ozone.MiniOzoneClusterImpl (MiniOzoneClusterImpl.java:lambda$waitForClusterToBeReady$0(199)) - SCM became leader
2024-04-25 19:25:00,030 [main] INFO  ozone.MiniOzoneClusterImpl (MiniOzoneClusterImpl.java:lambda$waitForClusterToBeReady$0(194)) - Nodes are ready. Got 9 of 9 DN Heartbeats.
2024-04-25 19:25:00,031 [main] INFO  ozone.MiniOzoneClusterImpl (MiniOzoneClusterImpl.java:lambda$waitForClusterToBeReady$0(197)) - Waiting for cluster to exit safe mode
2024-04-25 19:25:00,031 [main] INFO  ozone.MiniOzoneClusterImpl (MiniOzoneClusterImpl.java:lambda$waitForClusterToBeReady$0(199)) - SCM became leader
2024-04-25 19:25:01,031 [main] INFO  ozone.MiniOzoneClusterImpl (MiniOzoneClusterImpl.java:lambda$waitForClusterToBeReady$0(194)) - Nodes are ready. Got 9 of 9 DN Heartbeats.
2024-04-25 19:25:01,031 [main] INFO  ozone.MiniOzoneClusterImpl (MiniOzoneClusterImpl.java:lambda$waitForClusterToBeReady$0(197)) - Waiting for cluster to exit safe mode
2024-04-25 19:25:01,031 [main] INFO  ozone.MiniOzoneClusterImpl (MiniOzoneClusterImpl.java:lambda$waitForClusterToBeReady$0(199)) - SCM became leader
2024-04-25 19:25:01,486 [d4ca1bb3-9736-40b0-a02f-f5392a2e7e43@group-1B774EB874B5-FollowerState] INFO  impl.FollowerState (FollowerState.java:run(143)) - d4ca1bb3-9736-40b0-a02f-f5392a2e7e43@group-1B774EB874B5-FollowerState: change to CANDIDATE, lastRpcElapsedTime:5052506764ns, electionTimeout:5052ms
2024-04-25 19:25:01,486 [d4ca1bb3-9736-40b0-a02f-f5392a2e7e43@group-1B774EB874B5-FollowerState] INFO  impl.RoleInfo (RoleInfo.java:shutdownFollowerState(110)) - d4ca1bb3-9736-40b0-a02f-f5392a2e7e43: shutdown d4ca1bb3-9736-40b0-a02f-f5392a2e7e43@group-1B774EB874B5-FollowerState
2024-04-25 19:25:01,486 [d4ca1bb3-9736-40b0-a02f-f5392a2e7e43@group-1B774EB874B5-FollowerState] INFO  server.RaftServer$Division (RaftServerImpl.java:setRole(383)) - d4ca1bb3-9736-40b0-a02f-f5392a2e7e43@group-1B774EB874B5: changes role from  FOLLOWER to CANDIDATE at term 0 for changeToCandidate
2024-04-25 19:25:01,486 [d4ca1bb3-9736-40b0-a02f-f5392a2e7e43@group-1B774EB874B5-FollowerState] INFO  server.RaftServerConfigKeys (ConfUtils.java:logGet(46)) - raft.server.leaderelection.pre-vote = true (default)
2024-04-25 19:25:01,486 [d4ca1bb3-9736-40b0-a02f-f5392a2e7e43@group-1B774EB874B5-FollowerState] INFO  impl.RoleInfo (RoleInfo.java:updateAndGet(139)) - d4ca1bb3-9736-40b0-a02f-f5392a2e7e43: start d4ca1bb3-9736-40b0-a02f-f5392a2e7e43@group-1B774EB874B5-LeaderElection20
2024-04-25 19:25:01,487 [d4ca1bb3-9736-40b0-a02f-f5392a2e7e43@group-1B774EB874B5-LeaderElection20] INFO  impl.LeaderElection (LeaderElection.java:askForVotes(321)) - d4ca1bb3-9736-40b0-a02f-f5392a2e7e43@group-1B774EB874B5-LeaderElection20 PRE_VOTE round 0: submit vote requests at term 0 for -1: peers:[d4ca1bb3-9736-40b0-a02f-f5392a2e7e43|127.0.0.1:15103]|listeners:[], old=null
2024-04-25 19:25:01,487 [d4ca1bb3-9736-40b0-a02f-f5392a2e7e43@group-1B774EB874B5-LeaderElection20] INFO  impl.LeaderElection (LeaderElection.java:askForVotes(323)) - d4ca1bb3-9736-40b0-a02f-f5392a2e7e43@group-1B774EB874B5-LeaderElection20 PRE_VOTE round 0: result PASSED (term=0)
2024-04-25 19:25:01,488 [d4ca1bb3-9736-40b0-a02f-f5392a2e7e43@group-1B774EB874B5-LeaderElection20] INFO  impl.LeaderElection (LeaderElection.java:askForVotes(321)) - d4ca1bb3-9736-40b0-a02f-f5392a2e7e43@group-1B774EB874B5-LeaderElection20 ELECTION round 0: submit vote requests at term 1 for -1: peers:[d4ca1bb3-9736-40b0-a02f-f5392a2e7e43|127.0.0.1:15103]|listeners:[], old=null
2024-04-25 19:25:01,488 [d4ca1bb3-9736-40b0-a02f-f5392a2e7e43@group-1B774EB874B5-LeaderElection20] INFO  impl.LeaderElection (LeaderElection.java:askForVotes(323)) - d4ca1bb3-9736-40b0-a02f-f5392a2e7e43@group-1B774EB874B5-LeaderElection20 ELECTION round 0: result PASSED (term=1)
2024-04-25 19:25:01,488 [d4ca1bb3-9736-40b0-a02f-f5392a2e7e43@group-1B774EB874B5-LeaderElection20] INFO  impl.RoleInfo (RoleInfo.java:shutdownLeaderElection(130)) - d4ca1bb3-9736-40b0-a02f-f5392a2e7e43: shutdown d4ca1bb3-9736-40b0-a02f-f5392a2e7e43@group-1B774EB874B5-LeaderElection20
2024-04-25 19:25:01,488 [d4ca1bb3-9736-40b0-a02f-f5392a2e7e43@group-1B774EB874B5-LeaderElection20] INFO  server.RaftServer$Division (RaftServerImpl.java:setRole(383)) - d4ca1bb3-9736-40b0-a02f-f5392a2e7e43@group-1B774EB874B5: changes role from CANDIDATE to LEADER at term 1 for changeToLeader
2024-04-25 19:25:01,488 [d4ca1bb3-9736-40b0-a02f-f5392a2e7e43@group-1B774EB874B5-LeaderElection20] INFO  server.RaftServerConfigKeys (ConfUtils.java:logGet(46)) - raft.server.staging.catchup.gap = 1000 (default)
2024-04-25 19:25:01,489 [d4ca1bb3-9736-40b0-a02f-f5392a2e7e43@group-1B774EB874B5-LeaderElection20] INFO  server.RaftServerConfigKeys (ConfUtils.java:logGet(46)) - raft.server.write.element-limit = 1024 (custom)
2024-04-25 19:25:01,489 [d4ca1bb3-9736-40b0-a02f-f5392a2e7e43@group-1B774EB874B5-LeaderElection20] INFO  server.RaftServerConfigKeys (ConfUtils.java:logGet(46)) - raft.server.write.byte-limit = 1024 M (=1073741824) (custom)
2024-04-25 19:25:01,489 [d4ca1bb3-9736-40b0-a02f-f5392a2e7e43@group-1B774EB874B5-LeaderElection20] INFO  server.RaftServerConfigKeys (ConfUtils.java:logGet(46)) - raft.server.watch.timeout = 3000ms (custom)
2024-04-25 19:25:01,489 [d4ca1bb3-9736-40b0-a02f-f5392a2e7e43@group-1B774EB874B5-LeaderElection20] INFO  server.RaftServerConfigKeys (ConfUtils.java:logGet(46)) - raft.server.watch.timeout.denomination = 1s (default)
2024-04-25 19:25:01,489 [d4ca1bb3-9736-40b0-a02f-f5392a2e7e43@group-1B774EB874B5-LeaderElection20] INFO  server.RaftServerConfigKeys (ConfUtils.java:logGet(46)) - raft.server.watch.element-limit = 65536 (default)
2024-04-25 19:25:01,489 [d4ca1bb3-9736-40b0-a02f-f5392a2e7e43@group-1B774EB874B5-LeaderElection20] INFO  server.RaftServerConfigKeys (ConfUtils.java:logGet(46)) - raft.server.read.leader.lease.enabled = false (default)
2024-04-25 19:25:01,489 [d4ca1bb3-9736-40b0-a02f-f5392a2e7e43@group-1B774EB874B5-LeaderElection20] INFO  server.RaftServerConfigKeys (ConfUtils.java:logGet(46)) - raft.server.read.leader.lease.timeout.ratio = 0.9 (default)
2024-04-25 19:25:01,489 [d4ca1bb3-9736-40b0-a02f-f5392a2e7e43@group-1B774EB874B5-LeaderElection20] INFO  server.RaftServerConfigKeys (ConfUtils.java:logGet(46)) - raft.server.rpc.timeout.min = 5s (custom)
2024-04-25 19:25:01,490 [d4ca1bb3-9736-40b0-a02f-f5392a2e7e43@group-1B774EB874B5-LeaderElection20] INFO  server.RaftServerConfigKeys (ConfUtils.java:logGet(46)) - raft.server.write.element-limit = 1024 (custom)
2024-04-25 19:25:01,490 [d4ca1bb3-9736-40b0-a02f-f5392a2e7e43@group-1B774EB874B5-LeaderElection20] INFO  server.RaftServerConfigKeys (ConfUtils.java:logGet(46)) - raft.server.write.follower.gap.ratio.max = -1.0 (default)
2024-04-25 19:25:01,490 [d4ca1bb3-9736-40b0-a02f-f5392a2e7e43@group-1B774EB874B5-LeaderElection20] INFO  impl.RoleInfo (RoleInfo.java:updateAndGet(139)) - d4ca1bb3-9736-40b0-a02f-f5392a2e7e43: start d4ca1bb3-9736-40b0-a02f-f5392a2e7e43@group-1B774EB874B5-LeaderStateImpl
2024-04-25 19:25:01,490 [d4ca1bb3-9736-40b0-a02f-f5392a2e7e43@group-1B774EB874B5-LeaderElection20] INFO  server.RaftServer$Division (RaftServerImpl.java:setFirstElection(574)) - d4ca1bb3-9736-40b0-a02f-f5392a2e7e43@group-1B774EB874B5: set firstElectionSinceStartup to false for becomeLeader
2024-04-25 19:25:01,490 [d4ca1bb3-9736-40b0-a02f-f5392a2e7e43@group-1B774EB874B5-LeaderElection20] INFO  ratis.XceiverServerRatis (XceiverServerRatis.java:handleLeaderChangedNotification(966)) - Leader change notification received for group: group-1B774EB874B5 with new leaderId: d4ca1bb3-9736-40b0-a02f-f5392a2e7e43
2024-04-25 19:25:01,490 [d4ca1bb3-9736-40b0-a02f-f5392a2e7e43@group-1B774EB874B5-LeaderElection20] INFO  server.RaftServer$Division (ServerState.java:setLeader(269)) - d4ca1bb3-9736-40b0-a02f-f5392a2e7e43@group-1B774EB874B5: change Leader from null to d4ca1bb3-9736-40b0-a02f-f5392a2e7e43 at term 1 for becomeLeader, leader elected after 5069ms
2024-04-25 19:25:01,490 [d4ca1bb3-9736-40b0-a02f-f5392a2e7e43@group-1B774EB874B5-LeaderElection20] INFO  segmented.SegmentedRaftLogWorker (SegmentedRaftLogWorker.java:startLogSegment(430)) - d4ca1bb3-9736-40b0-a02f-f5392a2e7e43@group-1B774EB874B5-SegmentedRaftLogWorker: Starting segment from index:0
2024-04-25 19:25:01,491 [d4ca1bb3-9736-40b0-a02f-f5392a2e7e43@group-1B774EB874B5-LeaderElection20] INFO  server.RaftServer$Division (ServerState.java:setRaftConf(386)) - d4ca1bb3-9736-40b0-a02f-f5392a2e7e43@group-1B774EB874B5: set configuration 0: peers:[d4ca1bb3-9736-40b0-a02f-f5392a2e7e43|127.0.0.1:15103]|listeners:[], old=null
2024-04-25 19:25:01,491 [EventQueue-OpenPipelineForHealthyPipelineSafeModeRule] INFO  safemode.SCMSafeModeManager (HealthyPipelineSafeModeRule.java:process(140)) - SCM in safe mode. Healthy pipelines reported count is 0, required healthy pipeline reported count is 1
2024-04-25 19:25:01,493 [d4ca1bb3-9736-40b0-a02f-f5392a2e7e43@group-1B774EB874B5-SegmentedRaftLogWorker] INFO  segmented.BufferedWriteChannel (BufferedWriteChannel.java:open(62)) - open log_inprogress_0 at position 0
2024-04-25 19:25:01,500 [d4ca1bb3-9736-40b0-a02f-f5392a2e7e43@group-1B774EB874B5-SegmentedRaftLogWorker] INFO  segmented.SegmentedRaftLogWorker (SegmentedRaftLogWorker.java:execute(634)) - d4ca1bb3-9736-40b0-a02f-f5392a2e7e43@group-1B774EB874B5-SegmentedRaftLogWorker: created new log segment /home/runner/work/ozone/ozone/hadoop-ozone/integration-test/target/test-dir/MiniOzoneClusterImpl-d2e81863-a659-4dd2-bdb8-fa97662d499c/ozone-meta/datanode-1/ratis/4c81a5a5-09b5-4a56-9ceb-1b774eb874b5/current/log_inprogress_0
2024-04-25 19:25:01,502 [d4ca1bb3-9736-40b0-a02f-f5392a2e7e43@group-1B774EB874B5-StateMachineUpdater] INFO  server.RaftServer$Division (LeaderStateImpl.java:isApplied(320)) - leader is ready since appliedIndex == 0 >= startIndex == 0
2024-04-25 19:25:01,569 [d4ca1bb3-9736-40b0-a02f-f5392a2e7e43@group-E118F02A43E4-FollowerState] INFO  impl.FollowerState (FollowerState.java:run(143)) - d4ca1bb3-9736-40b0-a02f-f5392a2e7e43@group-E118F02A43E4-FollowerState: change to CANDIDATE, lastRpcElapsedTime:5121556028ns, electionTimeout:5121ms
2024-04-25 19:25:01,569 [d4ca1bb3-9736-40b0-a02f-f5392a2e7e43@group-E118F02A43E4-FollowerState] INFO  impl.RoleInfo (RoleInfo.java:shutdownFollowerState(110)) - d4ca1bb3-9736-40b0-a02f-f5392a2e7e43: shutdown d4ca1bb3-9736-40b0-a02f-f5392a2e7e43@group-E118F02A43E4-FollowerState
2024-04-25 19:25:01,569 [d4ca1bb3-9736-40b0-a02f-f5392a2e7e43@group-E118F02A43E4-FollowerState] INFO  server.RaftServer$Division (RaftServerImpl.java:setRole(383)) - d4ca1bb3-9736-40b0-a02f-f5392a2e7e43@group-E118F02A43E4: changes role from  FOLLOWER to CANDIDATE at term 0 for changeToCandidate
2024-04-25 19:25:01,569 [d4ca1bb3-9736-40b0-a02f-f5392a2e7e43@group-E118F02A43E4-FollowerState] INFO  server.RaftServerConfigKeys (ConfUtils.java:logGet(46)) - raft.server.leaderelection.pre-vote = true (default)
2024-04-25 19:25:01,569 [d4ca1bb3-9736-40b0-a02f-f5392a2e7e43@group-E118F02A43E4-FollowerState] INFO  impl.RoleInfo (RoleInfo.java:updateAndGet(139)) - d4ca1bb3-9736-40b0-a02f-f5392a2e7e43: start d4ca1bb3-9736-40b0-a02f-f5392a2e7e43@group-E118F02A43E4-LeaderElection21
2024-04-25 19:25:01,570 [d4ca1bb3-9736-40b0-a02f-f5392a2e7e43@group-E118F02A43E4-LeaderElection21] INFO  impl.LeaderElection (LeaderElection.java:askForVotes(321)) - d4ca1bb3-9736-40b0-a02f-f5392a2e7e43@group-E118F02A43E4-LeaderElection21 PRE_VOTE round 0: submit vote requests at term 0 for -1: peers:[feac95e6-d772-4287-b681-0d01f32bbe53|127.0.0.1:15112, d4ca1bb3-9736-40b0-a02f-f5392a2e7e43|127.0.0.1:15103, 1d17c780-3c0c-42fc-a5ed-76046c58c935|127.0.0.1:15121]|listeners:[], old=null
2024-04-25 19:25:01,570 [d4ca1bb3-9736-40b0-a02f-f5392a2e7e43@group-E118F02A43E4-LeaderElection21-1] INFO  server.GrpcServerProtocolClient (GrpcServerProtocolClient.java:<init>(65)) - Build channel for feac95e6-d772-4287-b681-0d01f32bbe53|127.0.0.1:15112
2024-04-25 19:25:01,570 [d4ca1bb3-9736-40b0-a02f-f5392a2e7e43@group-E118F02A43E4-LeaderElection21-2] INFO  server.GrpcServerProtocolClient (GrpcServerProtocolClient.java:<init>(65)) - Build channel for 1d17c780-3c0c-42fc-a5ed-76046c58c935|127.0.0.1:15121
2024-04-25 19:25:01,570 [d4ca1bb3-9736-40b0-a02f-f5392a2e7e43@group-E118F02A43E4-LeaderElection21] INFO  server.RaftServerConfigKeys (ConfUtils.java:logFallback(53)) - raft.server.rpc.first-election.timeout.min = 5s (fallback to raft.server.rpc.timeout.min)
2024-04-25 19:25:01,570 [d4ca1bb3-9736-40b0-a02f-f5392a2e7e43@group-E118F02A43E4-LeaderElection21] INFO  server.RaftServerConfigKeys (ConfUtils.java:logFallback(53)) - raft.server.rpc.first-election.timeout.max = 5200ms (fallback to raft.server.rpc.timeout.max)
2024-04-25 19:25:01,575 [grpc-default-executor-1] INFO  server.RaftServer$Division (RaftServerImpl.java:requestVote(1389)) - 1d17c780-3c0c-42fc-a5ed-76046c58c935@group-E118F02A43E4: receive requestVote(PRE_VOTE, d4ca1bb3-9736-40b0-a02f-f5392a2e7e43, group-E118F02A43E4, 0, (t:0, i:0))
2024-04-25 19:25:01,575 [grpc-default-executor-0] INFO  server.RaftServer$Division (RaftServerImpl.java:requestVote(1389)) - feac95e6-d772-4287-b681-0d01f32bbe53@group-E118F02A43E4: receive requestVote(PRE_VOTE, d4ca1bb3-9736-40b0-a02f-f5392a2e7e43, group-E118F02A43E4, 0, (t:0, i:0))
2024-04-25 19:25:01,575 [grpc-default-executor-1] INFO  impl.VoteContext (VoteContext.java:log(49)) - 1d17c780-3c0c-42fc-a5ed-76046c58c935@group-E118F02A43E4-FOLLOWER: reject PRE_VOTE from d4ca1bb3-9736-40b0-a02f-f5392a2e7e43: our priority 1 > candidate's priority 0
2024-04-25 19:25:01,575 [grpc-default-executor-0] INFO  impl.VoteContext (VoteContext.java:log(49)) - feac95e6-d772-4287-b681-0d01f32bbe53@group-E118F02A43E4-FOLLOWER: accept PRE_VOTE from d4ca1bb3-9736-40b0-a02f-f5392a2e7e43: our priority 0 <= candidate's priority 0
2024-04-25 19:25:01,576 [grpc-default-executor-1] INFO  server.RaftServer$Division (RaftServerImpl.java:requestVote(1422)) - 1d17c780-3c0c-42fc-a5ed-76046c58c935@group-E118F02A43E4 replies to PRE_VOTE vote request: d4ca1bb3-9736-40b0-a02f-f5392a2e7e43<-1d17c780-3c0c-42fc-a5ed-76046c58c935#0:FAIL-t0. Peer's state: 1d17c780-3c0c-42fc-a5ed-76046c58c935@group-E118F02A43E4:t0, leader=null, voted=, raftlog=Memoized:1d17c780-3c0c-42fc-a5ed-76046c58c935@group-E118F02A43E4-SegmentedRaftLog:OPENED:c-1, conf=-1: peers:[feac95e6-d772-4287-b681-0d01f32bbe53|127.0.0.1:15112, d4ca1bb3-9736-40b0-a02f-f5392a2e7e43|127.0.0.1:15103, 1d17c780-3c0c-42fc-a5ed-76046c58c935|127.0.0.1:15121]|listeners:[], old=null
2024-04-25 19:25:01,576 [grpc-default-executor-0] INFO  server.RaftServer$Division (RaftServerImpl.java:requestVote(1422)) - feac95e6-d772-4287-b681-0d01f32bbe53@group-E118F02A43E4 replies to PRE_VOTE vote request: d4ca1bb3-9736-40b0-a02f-f5392a2e7e43<-feac95e6-d772-4287-b681-0d01f32bbe53#0:OK-t0. Peer's state: feac95e6-d772-4287-b681-0d01f32bbe53@group-E118F02A43E4:t0, leader=null, voted=, raftlog=Memoized:feac95e6-d772-4287-b681-0d01f32bbe53@group-E118F02A43E4-SegmentedRaftLog:OPENED:c-1, conf=-1: peers:[feac95e6-d772-4287-b681-0d01f32bbe53|127.0.0.1:15112, d4ca1bb3-9736-40b0-a02f-f5392a2e7e43|127.0.0.1:15103, 1d17c780-3c0c-42fc-a5ed-76046c58c935|127.0.0.1:15121]|listeners:[], old=null
2024-04-25 19:25:01,577 [d4ca1bb3-9736-40b0-a02f-f5392a2e7e43@group-E118F02A43E4-LeaderElection21] INFO  impl.LeaderElection (LeaderElection.java:logAndReturn(89)) - d4ca1bb3-9736-40b0-a02f-f5392a2e7e43@group-E118F02A43E4-LeaderElection21: PRE_VOTE REJECTED received 2 response(s) and 0 exception(s):
2024-04-25 19:25:01,577 [d4ca1bb3-9736-40b0-a02f-f5392a2e7e43@group-E118F02A43E4-LeaderElection21] INFO  impl.LeaderElection (LeaderElection.java:logAndReturn(93)) -   Response 0: d4ca1bb3-9736-40b0-a02f-f5392a2e7e43<-feac95e6-d772-4287-b681-0d01f32bbe53#0:OK-t0
2024-04-25 19:25:01,578 [d4ca1bb3-9736-40b0-a02f-f5392a2e7e43@group-E118F02A43E4-LeaderElection21] INFO  impl.LeaderElection (LeaderElection.java:logAndReturn(93)) -   Response 1: d4ca1bb3-9736-40b0-a02f-f5392a2e7e43<-1d17c780-3c0c-42fc-a5ed-76046c58c935#0:FAIL-t0
2024-04-25 19:25:01,578 [d4ca1bb3-9736-40b0-a02f-f5392a2e7e43@group-E118F02A43E4-LeaderElection21] INFO  impl.LeaderElection (LeaderElection.java:askForVotes(323)) - d4ca1bb3-9736-40b0-a02f-f5392a2e7e43@group-E118F02A43E4-LeaderElection21 PRE_VOTE round 0: result REJECTED
2024-04-25 19:25:01,578 [d4ca1bb3-9736-40b0-a02f-f5392a2e7e43@group-E118F02A43E4-LeaderElection21] INFO  server.RaftServer$Division (RaftServerImpl.java:setRole(383)) - d4ca1bb3-9736-40b0-a02f-f5392a2e7e43@group-E118F02A43E4: changes role from CANDIDATE to FOLLOWER at term 0 for REJECTED
2024-04-25 19:25:01,578 [d4ca1bb3-9736-40b0-a02f-f5392a2e7e43@group-E118F02A43E4-LeaderElection21] INFO  impl.RoleInfo (RoleInfo.java:shutdownLeaderElection(130)) - d4ca1bb3-9736-40b0-a02f-f5392a2e7e43: shutdown d4ca1bb3-9736-40b0-a02f-f5392a2e7e43@group-E118F02A43E4-LeaderElection21
2024-04-25 19:25:01,578 [d4ca1bb3-9736-40b0-a02f-f5392a2e7e43@group-E118F02A43E4-LeaderElection21] INFO  impl.RoleInfo (RoleInfo.java:updateAndGet(139)) - d4ca1bb3-9736-40b0-a02f-f5392a2e7e43: start d4ca1bb3-9736-40b0-a02f-f5392a2e7e43@group-E118F02A43E4-FollowerState
2024-04-25 19:25:01,578 [d4ca1bb3-9736-40b0-a02f-f5392a2e7e43@group-E118F02A43E4-LeaderElection21] INFO  server.RaftServer$Division (RaftServerImpl.java:setFirstElection(574)) - d4ca1bb3-9736-40b0-a02f-f5392a2e7e43@group-E118F02A43E4: set firstElectionSinceStartup to false for REJECTED
2024-04-25 19:25:01,590 [feac95e6-d772-4287-b681-0d01f32bbe53@group-E118F02A43E4-FollowerState] INFO  server.RaftServerConfigKeys (ConfUtils.java:logFallback(53)) - raft.server.rpc.first-election.timeout.min = 5s (fallback to raft.server.rpc.timeout.min)
2024-04-25 19:25:01,590 [feac95e6-d772-4287-b681-0d01f32bbe53@group-E118F02A43E4-FollowerState] INFO  server.RaftServerConfigKeys (ConfUtils.java:logFallback(53)) - raft.server.rpc.first-election.timeout.max = 5200ms (fallback to raft.server.rpc.timeout.max)
2024-04-25 19:25:01,636 [1d17c780-3c0c-42fc-a5ed-76046c58c935@group-6E2FF1006568-FollowerState] INFO  impl.FollowerState (FollowerState.java:run(143)) - 1d17c780-3c0c-42fc-a5ed-76046c58c935@group-6E2FF1006568-FollowerState: change to CANDIDATE, lastRpcElapsedTime:5025973281ns, electionTimeout:5025ms
2024-04-25 19:25:01,636 [1d17c780-3c0c-42fc-a5ed-76046c58c935@group-6E2FF1006568-FollowerState] INFO  impl.RoleInfo (RoleInfo.java:shutdownFollowerState(110)) - 1d17c780-3c0c-42fc-a5ed-76046c58c935: shutdown 1d17c780-3c0c-42fc-a5ed-76046c58c935@group-6E2FF1006568-FollowerState
2024-04-25 19:25:01,636 [1d17c780-3c0c-42fc-a5ed-76046c58c935@group-6E2FF1006568-FollowerState] INFO  server.RaftServer$Division (RaftServerImpl.java:setRole(383)) - 1d17c780-3c0c-42fc-a5ed-76046c58c935@group-6E2FF1006568: changes role from  FOLLOWER to CANDIDATE at term 0 for changeToCandidate
2024-04-25 19:25:01,637 [1d17c780-3c0c-42fc-a5ed-76046c58c935@group-6E2FF1006568-FollowerState] INFO  server.RaftServerConfigKeys (ConfUtils.java:logGet(46)) - raft.server.leaderelection.pre-vote = true (default)
2024-04-25 19:25:01,637 [1d17c780-3c0c-42fc-a5ed-76046c58c935@group-6E2FF1006568-FollowerState] INFO  impl.RoleInfo (RoleInfo.java:updateAndGet(139)) - 1d17c780-3c0c-42fc-a5ed-76046c58c935: start 1d17c780-3c0c-42fc-a5ed-76046c58c935@group-6E2FF1006568-LeaderElection22
2024-04-25 19:25:01,637 [1d17c780-3c0c-42fc-a5ed-76046c58c935@group-6E2FF1006568-LeaderElection22] INFO  impl.LeaderElection (LeaderElection.java:askForVotes(321)) - 1d17c780-3c0c-42fc-a5ed-76046c58c935@group-6E2FF1006568-LeaderElection22 PRE_VOTE round 0: submit vote requests at term 0 for -1: peers:[1d17c780-3c0c-42fc-a5ed-76046c58c935|127.0.0.1:15121]|listeners:[], old=null
2024-04-25 19:25:01,637 [1d17c780-3c0c-42fc-a5ed-76046c58c935@group-6E2FF1006568-LeaderElection22] INFO  impl.LeaderElection (LeaderElection.java:askForVotes(323)) - 1d17c780-3c0c-42fc-a5ed-76046c58c935@group-6E2FF1006568-LeaderElection22 PRE_VOTE round 0: result PASSED (term=0)
2024-04-25 19:25:01,637 [1d17c780-3c0c-42fc-a5ed-76046c58c935@group-E118F02A43E4-FollowerState] INFO  impl.FollowerState (FollowerState.java:run(143)) - 1d17c780-3c0c-42fc-a5ed-76046c58c935@group-E118F02A43E4-FollowerState: change to CANDIDATE, lastRpcElapsedTime:5140566094ns, electionTimeout:5140ms
2024-04-25 19:25:01,637 [1d17c780-3c0c-42fc-a5ed-76046c58c935@group-E118F02A43E4-FollowerState] INFO  impl.RoleInfo (RoleInfo.java:shutdownFollowerState(110)) - 1d17c780-3c0c-42fc-a5ed-76046c58c935: shutdown 1d17c780-3c0c-42fc-a5ed-76046c58c935@group-E118F02A43E4-FollowerState
2024-04-25 19:25:01,637 [1d17c780-3c0c-42fc-a5ed-76046c58c935@group-E118F02A43E4-FollowerState] INFO  server.RaftServer$Division (RaftServerImpl.java:setRole(383)) - 1d17c780-3c0c-42fc-a5ed-76046c58c935@group-E118F02A43E4: changes role from  FOLLOWER to CANDIDATE at term 0 for changeToCandidate
2024-04-25 19:25:01,637 [1d17c780-3c0c-42fc-a5ed-76046c58c935@group-E118F02A43E4-FollowerState] INFO  server.RaftServerConfigKeys (ConfUtils.java:logGet(46)) - raft.server.leaderelection.pre-vote = true (default)
2024-04-25 19:25:01,638 [1d17c780-3c0c-42fc-a5ed-76046c58c935@group-E118F02A43E4-FollowerState] INFO  impl.RoleInfo (RoleInfo.java:updateAndGet(139)) - 1d17c780-3c0c-42fc-a5ed-76046c58c935: start 1d17c780-3c0c-42fc-a5ed-76046c58c935@group-E118F02A43E4-LeaderElection23
2024-04-25 19:25:01,638 [1d17c780-3c0c-42fc-a5ed-76046c58c935@group-E118F02A43E4-LeaderElection23] INFO  impl.LeaderElection (LeaderElection.java:askForVotes(321)) - 1d17c780-3c0c-42fc-a5ed-76046c58c935@group-E118F02A43E4-LeaderElection23 PRE_VOTE round 0: submit vote requests at term 0 for -1: peers:[feac95e6-d772-4287-b681-0d01f32bbe53|127.0.0.1:15112, d4ca1bb3-9736-40b0-a02f-f5392a2e7e43|127.0.0.1:15103, 1d17c780-3c0c-42fc-a5ed-76046c58c935|127.0.0.1:15121]|listeners:[], old=null
2024-04-25 19:25:01,638 [1d17c780-3c0c-42fc-a5ed-76046c58c935@group-6E2FF1006568-LeaderElection22] INFO  impl.LeaderElection (LeaderElection.java:askForVotes(321)) - 1d17c780-3c0c-42fc-a5ed-76046c58c935@group-6E2FF1006568-LeaderElection22 ELECTION round 0: submit vote requests at term 1 for -1: peers:[1d17c780-3c0c-42fc-a5ed-76046c58c935|127.0.0.1:15121]|listeners:[], old=null
2024-04-25 19:25:01,638 [1d17c780-3c0c-42fc-a5ed-76046c58c935@group-E118F02A43E4-LeaderElection23] INFO  server.RaftServerConfigKeys (ConfUtils.java:logFallback(53)) - raft.server.rpc.first-election.timeout.min = 5s (fallback to raft.server.rpc.timeout.min)
2024-04-25 19:25:01,638 [1d17c780-3c0c-42fc-a5ed-76046c58c935@group-E118F02A43E4-LeaderElection23] INFO  server.RaftServerConfigKeys (ConfUtils.java:logFallback(53)) - raft.server.rpc.first-election.timeout.max = 5200ms (fallback to raft.server.rpc.timeout.max)
2024-04-25 19:25:01,638 [1d17c780-3c0c-42fc-a5ed-76046c58c935@group-E118F02A43E4-LeaderElection23-1] INFO  server.GrpcServerProtocolClient (GrpcServerProtocolClient.java:<init>(65)) - Build channel for feac95e6-d772-4287-b681-0d01f32bbe53|127.0.0.1:15112
2024-04-25 19:25:01,638 [1d17c780-3c0c-42fc-a5ed-76046c58c935@group-6E2FF1006568-LeaderElection22] INFO  impl.LeaderElection (LeaderElection.java:askForVotes(323)) - 1d17c780-3c0c-42fc-a5ed-76046c58c935@group-6E2FF1006568-LeaderElection22 ELECTION round 0: result PASSED (term=1)
2024-04-25 19:25:01,638 [1d17c780-3c0c-42fc-a5ed-76046c58c935@group-E118F02A43E4-LeaderElection23-2] INFO  server.GrpcServerProtocolClient (GrpcServerProtocolClient.java:<init>(65)) - Build channel for d4ca1bb3-9736-40b0-a02f-f5392a2e7e43|127.0.0.1:15103
2024-04-25 19:25:01,639 [1d17c780-3c0c-42fc-a5ed-76046c58c935@group-6E2FF1006568-LeaderElection22] INFO  impl.RoleInfo (RoleInfo.java:shutdownLeaderElection(130)) - 1d17c780-3c0c-42fc-a5ed-76046c58c935: shutdown 1d17c780-3c0c-42fc-a5ed-76046c58c935@group-6E2FF1006568-LeaderElection22
2024-04-25 19:25:01,639 [1d17c780-3c0c-42fc-a5ed-76046c58c935@group-6E2FF1006568-LeaderElection22] INFO  server.RaftServer$Division (RaftServerImpl.java:setRole(383)) - 1d17c780-3c0c-42fc-a5ed-76046c58c935@group-6E2FF1006568: changes role from CANDIDATE to LEADER at term 1 for changeToLeader
2024-04-25 19:25:01,639 [feac95e6-d772-4287-b681-0d01f32bbe53@group-3C037E0C2DD8-FollowerState] INFO  impl.FollowerState (FollowerState.java:run(143)) - feac95e6-d772-4287-b681-0d01f32bbe53@group-3C037E0C2DD8-FollowerState: change to CANDIDATE, lastRpcElapsedTime:5102605760ns, electionTimeout:5101ms
2024-04-25 19:25:01,639 [feac95e6-d772-4287-b681-0d01f32bbe53@group-3C037E0C2DD8-FollowerState] INFO  impl.RoleInfo (RoleInfo.java:shutdownFollowerState(110)) - feac95e6-d772-4287-b681-0d01f32bbe53: shutdown feac95e6-d772-4287-b681-0d01f32bbe53@group-3C037E0C2DD8-FollowerState
2024-04-25 19:25:01,639 [feac95e6-d772-4287-b681-0d01f32bbe53@group-3C037E0C2DD8-FollowerState] INFO  server.RaftServer$Division (RaftServerImpl.java:setRole(383)) - feac95e6-d772-4287-b681-0d01f32bbe53@group-3C037E0C2DD8: changes role from  FOLLOWER to CANDIDATE at term 0 for changeToCandidate
2024-04-25 19:25:01,639 [feac95e6-d772-4287-b681-0d01f32bbe53@group-3C037E0C2DD8-FollowerState] INFO  server.RaftServerConfigKeys (ConfUtils.java:logGet(46)) - raft.server.leaderelection.pre-vote = true (default)
2024-04-25 19:25:01,639 [feac95e6-d772-4287-b681-0d01f32bbe53@group-3C037E0C2DD8-FollowerState] INFO  impl.RoleInfo (RoleInfo.java:updateAndGet(139)) - feac95e6-d772-4287-b681-0d01f32bbe53: start feac95e6-d772-4287-b681-0d01f32bbe53@group-3C037E0C2DD8-LeaderElection24
2024-04-25 19:25:01,639 [1d17c780-3c0c-42fc-a5ed-76046c58c935@group-6E2FF1006568-LeaderElection22] INFO  server.RaftServerConfigKeys (ConfUtils.java:logGet(46)) - raft.server.staging.catchup.gap = 1000 (default)
2024-04-25 19:25:01,640 [1d17c780-3c0c-42fc-a5ed-76046c58c935@group-6E2FF1006568-LeaderElection22] INFO  server.RaftServerConfigKeys (ConfUtils.java:logGet(46)) - raft.server.write.element-limit = 1024 (custom)
2024-04-25 19:25:01,640 [1d17c780-3c0c-42fc-a5ed-76046c58c935@group-6E2FF1006568-LeaderElection22] INFO  server.RaftServerConfigKeys (ConfUtils.java:logGet(46)) - raft.server.write.byte-limit = 1024 M (=1073741824) (custom)
2024-04-25 19:25:01,640 [1d17c780-3c0c-42fc-a5ed-76046c58c935@group-6E2FF1006568-LeaderElection22] INFO  server.RaftServerConfigKeys (ConfUtils.java:logGet(46)) - raft.server.watch.timeout = 3000ms (custom)
2024-04-25 19:25:01,640 [1d17c780-3c0c-42fc-a5ed-76046c58c935@group-6E2FF1006568-LeaderElection22] INFO  server.RaftServerConfigKeys (ConfUtils.java:logGet(46)) - raft.server.watch.timeout.denomination = 1s (default)
2024-04-25 19:25:01,640 [1d17c780-3c0c-42fc-a5ed-76046c58c935@group-6E2FF1006568-LeaderElection22] INFO  server.RaftServerConfigKeys (ConfUtils.java:logGet(46)) - raft.server.watch.element-limit = 65536 (default)
2024-04-25 19:25:01,640 [1d17c780-3c0c-42fc-a5ed-76046c58c935@group-6E2FF1006568-LeaderElection22] INFO  server.RaftServerConfigKeys (ConfUtils.java:logGet(46)) - raft.server.read.leader.lease.enabled = false (default)
2024-04-25 19:25:01,640 [1d17c780-3c0c-42fc-a5ed-76046c58c935@group-6E2FF1006568-LeaderElection22] INFO  server.RaftServerConfigKeys (ConfUtils.java:logGet(46)) - raft.server.read.leader.lease.timeout.ratio = 0.9 (default)
2024-04-25 19:25:01,641 [1d17c780-3c0c-42fc-a5ed-76046c58c935@group-6E2FF1006568-LeaderElection22] INFO  server.RaftServerConfigKeys (ConfUtils.java:logGet(46)) - raft.server.rpc.timeout.min = 5s (custom)
2024-04-25 19:25:01,641 [1d17c780-3c0c-42fc-a5ed-76046c58c935@group-6E2FF1006568-LeaderElection22] INFO  server.RaftServerConfigKeys (ConfUtils.java:logGet(46)) - raft.server.write.element-limit = 1024 (custom)
2024-04-25 19:25:01,641 [1d17c780-3c0c-42fc-a5ed-76046c58c935@group-6E2FF1006568-LeaderElection22] INFO  server.RaftServerConfigKeys (ConfUtils.java:logGet(46)) - raft.server.write.follower.gap.ratio.max = -1.0 (default)
2024-04-25 19:25:01,641 [1d17c780-3c0c-42fc-a5ed-76046c58c935@group-6E2FF1006568-LeaderElection22] INFO  impl.RoleInfo (RoleInfo.java:updateAndGet(139)) - 1d17c780-3c0c-42fc-a5ed-76046c58c935: start 1d17c780-3c0c-42fc-a5ed-76046c58c935@group-6E2FF1006568-LeaderStateImpl
2024-04-25 19:25:01,641 [1d17c780-3c0c-42fc-a5ed-76046c58c935@group-6E2FF1006568-LeaderElection22] INFO  server.RaftServer$Division (RaftServerImpl.java:setFirstElection(574)) - 1d17c780-3c0c-42fc-a5ed-76046c58c935@group-6E2FF1006568: set firstElectionSinceStartup to false for becomeLeader
2024-04-25 19:25:01,641 [1d17c780-3c0c-42fc-a5ed-76046c58c935@group-6E2FF1006568-LeaderElection22] INFO  ratis.XceiverServerRatis (XceiverServerRatis.java:handleLeaderChangedNotification(966)) - Leader change notification received for group: group-6E2FF1006568 with new leaderId: 1d17c780-3c0c-42fc-a5ed-76046c58c935
2024-04-25 19:25:01,642 [1d17c780-3c0c-42fc-a5ed-76046c58c935@group-6E2FF1006568-LeaderElection22] INFO  server.RaftServer$Division (ServerState.java:setLeader(269)) - 1d17c780-3c0c-42fc-a5ed-76046c58c935@group-6E2FF1006568: change Leader from null to 1d17c780-3c0c-42fc-a5ed-76046c58c935 at term 1 for becomeLeader, leader elected after 5048ms
2024-04-25 19:25:01,643 [EventQueue-OpenPipelineForHealthyPipelineSafeModeRule] INFO  safemode.SCMSafeModeManager (HealthyPipelineSafeModeRule.java:process(140)) - SCM in safe mode. Healthy pipelines reported count is 0, required healthy pipeline reported count is 1
2024-04-25 19:25:01,644 [grpc-default-executor-0] INFO  server.RaftServer$Division (RaftServerImpl.java:requestVote(1389)) - feac95e6-d772-4287-b681-0d01f32bbe53@group-E118F02A43E4: receive requestVote(PRE_VOTE, 1d17c780-3c0c-42fc-a5ed-76046c58c935, group-E118F02A43E4, 0, (t:0, i:0))
2024-04-25 19:25:01,644 [grpc-default-executor-0] INFO  impl.VoteContext (VoteContext.java:log(49)) - feac95e6-d772-4287-b681-0d01f32bbe53@group-E118F02A43E4-FOLLOWER: accept PRE_VOTE from 1d17c780-3c0c-42fc-a5ed-76046c58c935: our priority 0 <= candidate's priority 1
2024-04-25 19:25:01,644 [grpc-default-executor-0] INFO  server.RaftServer$Division (RaftServerImpl.java:requestVote(1422)) - feac95e6-d772-4287-b681-0d01f32bbe53@group-E118F02A43E4 replies to PRE_VOTE vote request: 1d17c780-3c0c-42fc-a5ed-76046c58c935<-feac95e6-d772-4287-b681-0d01f32bbe53#0:OK-t0. Peer's state: feac95e6-d772-4287-b681-0d01f32bbe53@group-E118F02A43E4:t0, leader=null, voted=, raftlog=Memoized:feac95e6-d772-4287-b681-0d01f32bbe53@group-E118F02A43E4-SegmentedRaftLog:OPENED:c-1, conf=-1: peers:[feac95e6-d772-4287-b681-0d01f32bbe53|127.0.0.1:15112, d4ca1bb3-9736-40b0-a02f-f5392a2e7e43|127.0.0.1:15103, 1d17c780-3c0c-42fc-a5ed-76046c58c935|127.0.0.1:15121]|listeners:[], old=null
2024-04-25 19:25:01,644 [grpc-default-executor-1] INFO  server.RaftServer$Division (RaftServerImpl.java:requestVote(1389)) - d4ca1bb3-9736-40b0-a02f-f5392a2e7e43@group-E118F02A43E4: receive requestVote(PRE_VOTE, 1d17c780-3c0c-42fc-a5ed-76046c58c935, group-E118F02A43E4, 0, (t:0, i:0))
2024-04-25 19:25:01,644 [grpc-default-executor-1] INFO  impl.VoteContext (VoteContext.java:log(49)) - d4ca1bb3-9736-40b0-a02f-f5392a2e7e43@group-E118F02A43E4-FOLLOWER: accept PRE_VOTE from 1d17c780-3c0c-42fc-a5ed-76046c58c935: our priority 0 <= candidate's priority 1
2024-04-25 19:25:01,645 [grpc-default-executor-1] INFO  server.RaftServer$Division (RaftServerImpl.java:requestVote(1422)) - d4ca1bb3-9736-40b0-a02f-f5392a2e7e43@group-E118F02A43E4 replies to PRE_VOTE vote request: 1d17c780-3c0c-42fc-a5ed-76046c58c935<-d4ca1bb3-9736-40b0-a02f-f5392a2e7e43#0:OK-t0. Peer's state: d4ca1bb3-9736-40b0-a02f-f5392a2e7e43@group-E118F02A43E4:t0, leader=null, voted=, raftlog=Memoized:d4ca1bb3-9736-40b0-a02f-f5392a2e7e43@group-E118F02A43E4-SegmentedRaftLog:OPENED:c-1, conf=-1: peers:[feac95e6-d772-4287-b681-0d01f32bbe53|127.0.0.1:15112, d4ca1bb3-9736-40b0-a02f-f5392a2e7e43|127.0.0.1:15103, 1d17c780-3c0c-42fc-a5ed-76046c58c935|127.0.0.1:15121]|listeners:[], old=null
2024-04-25 19:25:01,644 [1d17c780-3c0c-42fc-a5ed-76046c58c935@group-6E2FF1006568-LeaderElection22] INFO  segmented.SegmentedRaftLogWorker (SegmentedRaftLogWorker.java:startLogSegment(430)) - 1d17c780-3c0c-42fc-a5ed-76046c58c935@group-6E2FF1006568-SegmentedRaftLogWorker: Starting segment from index:0
2024-04-25 19:25:01,645 [1d17c780-3c0c-42fc-a5ed-76046c58c935@group-E118F02A43E4-LeaderElection23] INFO  impl.LeaderElection (LeaderElection.java:logAndReturn(89)) - 1d17c780-3c0c-42fc-a5ed-76046c58c935@group-E118F02A43E4-LeaderElection23: PRE_VOTE PASSED received 1 response(s) and 0 exception(s):
2024-04-25 19:25:01,645 [1d17c780-3c0c-42fc-a5ed-76046c58c935@group-E118F02A43E4-LeaderElection23] INFO  impl.LeaderElection (LeaderElection.java:logAndReturn(93)) -   Response 0: 1d17c780-3c0c-42fc-a5ed-76046c58c935<-feac95e6-d772-4287-b681-0d01f32bbe53#0:OK-t0
2024-04-25 19:25:01,645 [1d17c780-3c0c-42fc-a5ed-76046c58c935@group-E118F02A43E4-LeaderElection23] INFO  impl.LeaderElection (LeaderElection.java:askForVotes(323)) - 1d17c780-3c0c-42fc-a5ed-76046c58c935@group-E118F02A43E4-LeaderElection23 PRE_VOTE round 0: result PASSED
2024-04-25 19:25:01,646 [1d17c780-3c0c-42fc-a5ed-76046c58c935@group-6E2FF1006568-LeaderElection22] INFO  server.RaftServer$Division (ServerState.java:setRaftConf(386)) - 1d17c780-3c0c-42fc-a5ed-76046c58c935@group-6E2FF1006568: set configuration 0: peers:[1d17c780-3c0c-42fc-a5ed-76046c58c935|127.0.0.1:15121]|listeners:[], old=null
2024-04-25 19:25:01,646 [1d17c780-3c0c-42fc-a5ed-76046c58c935@group-6E2FF1006568-SegmentedRaftLogWorker] INFO  segmented.BufferedWriteChannel (BufferedWriteChannel.java:open(62)) - open log_inprogress_0 at position 0
2024-04-25 19:25:01,646 [1d17c780-3c0c-42fc-a5ed-76046c58c935@group-E118F02A43E4-LeaderElection23] INFO  impl.LeaderElection (LeaderElection.java:askForVotes(321)) - 1d17c780-3c0c-42fc-a5ed-76046c58c935@group-E118F02A43E4-LeaderElection23 ELECTION round 0: submit vote requests at term 1 for -1: peers:[feac95e6-d772-4287-b681-0d01f32bbe53|127.0.0.1:15112, d4ca1bb3-9736-40b0-a02f-f5392a2e7e43|127.0.0.1:15103, 1d17c780-3c0c-42fc-a5ed-76046c58c935|127.0.0.1:15121]|listeners:[], old=null
2024-04-25 19:25:01,652 [feac95e6-d772-4287-b681-0d01f32bbe53@group-3C037E0C2DD8-LeaderElection24] INFO  impl.LeaderElection (LeaderElection.java:askForVotes(321)) - feac95e6-d772-4287-b681-0d01f32bbe53@group-3C037E0C2DD8-LeaderElection24 PRE_VOTE round 0: submit vote requests at term 0 for -1: peers:[feac95e6-d772-4287-b681-0d01f32bbe53|127.0.0.1:15112]|listeners:[], old=null
2024-04-25 19:25:01,652 [feac95e6-d772-4287-b681-0d01f32bbe53@group-3C037E0C2DD8-LeaderElection24] INFO  impl.LeaderElection (LeaderElection.java:askForVotes(323)) - feac95e6-d772-4287-b681-0d01f32bbe53@group-3C037E0C2DD8-LeaderElection24 PRE_VOTE round 0: result PASSED (term=0)
2024-04-25 19:25:01,654 [feac95e6-d772-4287-b681-0d01f32bbe53@group-3C037E0C2DD8-LeaderElection24] INFO  impl.LeaderElection (LeaderElection.java:askForVotes(321)) - feac95e6-d772-4287-b681-0d01f32bbe53@group-3C037E0C2DD8-LeaderElection24 ELECTION round 0: submit vote requests at term 1 for -1: peers:[feac95e6-d772-4287-b681-0d01f32bbe53|127.0.0.1:15112]|listeners:[], old=null
2024-04-25 19:25:01,654 [feac95e6-d772-4287-b681-0d01f32bbe53@group-3C037E0C2DD8-LeaderElection24] INFO  impl.LeaderElection (LeaderElection.java:askForVotes(323)) - feac95e6-d772-4287-b681-0d01f32bbe53@group-3C037E0C2DD8-LeaderElection24 ELECTION round 0: result PASSED (term=1)
2024-04-25 19:25:01,654 [feac95e6-d772-4287-b681-0d01f32bbe53@group-3C037E0C2DD8-LeaderElection24] INFO  impl.RoleInfo (RoleInfo.java:shutdownLeaderElection(130)) - feac95e6-d772-4287-b681-0d01f32bbe53: shutdown feac95e6-d772-4287-b681-0d01f32bbe53@group-3C037E0C2DD8-LeaderElection24
2024-04-25 19:25:01,654 [feac95e6-d772-4287-b681-0d01f32bbe53@group-3C037E0C2DD8-LeaderElection24] INFO  server.RaftServer$Division (RaftServerImpl.java:setRole(383)) - feac95e6-d772-4287-b681-0d01f32bbe53@group-3C037E0C2DD8: changes role from CANDIDATE to LEADER at term 1 for changeToLeader
2024-04-25 19:25:01,654 [feac95e6-d772-4287-b681-0d01f32bbe53@group-3C037E0C2DD8-LeaderElection24] INFO  server.RaftServerConfigKeys (ConfUtils.java:logGet(46)) - raft.server.staging.catchup.gap = 1000 (default)
2024-04-25 19:25:01,654 [feac95e6-d772-4287-b681-0d01f32bbe53@group-3C037E0C2DD8-LeaderElection24] INFO  server.RaftServerConfigKeys (ConfUtils.java:logGet(46)) - raft.server.write.element-limit = 1024 (custom)
2024-04-25 19:25:01,655 [feac95e6-d772-4287-b681-0d01f32bbe53@group-3C037E0C2DD8-LeaderElection24] INFO  server.RaftServerConfigKeys (ConfUtils.java:logGet(46)) - raft.server.write.byte-limit = 1024 M (=1073741824) (custom)
2024-04-25 19:25:01,655 [feac95e6-d772-4287-b681-0d01f32bbe53@group-3C037E0C2DD8-LeaderElection24] INFO  server.RaftServerConfigKeys (ConfUtils.java:logGet(46)) - raft.server.watch.timeout = 3000ms (custom)
2024-04-25 19:25:01,655 [feac95e6-d772-4287-b681-0d01f32bbe53@group-3C037E0C2DD8-LeaderElection24] INFO  server.RaftServerConfigKeys (ConfUtils.java:logGet(46)) - raft.server.watch.timeout.denomination = 1s (default)
2024-04-25 19:25:01,655 [feac95e6-d772-4287-b681-0d01f32bbe53@group-3C037E0C2DD8-LeaderElection24] INFO  server.RaftServerConfigKeys (ConfUtils.java:logGet(46)) - raft.server.watch.element-limit = 65536 (default)
2024-04-25 19:25:01,655 [feac95e6-d772-4287-b681-0d01f32bbe53@group-3C037E0C2DD8-LeaderElection24] INFO  server.RaftServerConfigKeys (ConfUtils.java:logGet(46)) - raft.server.read.leader.lease.enabled = false (default)
2024-04-25 19:25:01,655 [1d17c780-3c0c-42fc-a5ed-76046c58c935@group-6E2FF1006568-SegmentedRaftLogWorker] INFO  segmented.SegmentedRaftLogWorker (SegmentedRaftLogWorker.java:execute(634)) - 1d17c780-3c0c-42fc-a5ed-76046c58c935@group-6E2FF1006568-SegmentedRaftLogWorker: created new log segment /home/runner/work/ozone/ozone/hadoop-ozone/integration-test/target/test-dir/MiniOzoneClusterImpl-d2e81863-a659-4dd2-bdb8-fa97662d499c/ozone-meta/datanode-3/ratis/c853f4f3-b2cf-4d91-ae69-6e2ff1006568/current/log_inprogress_0
2024-04-25 19:25:01,655 [feac95e6-d772-4287-b681-0d01f32bbe53@group-3C037E0C2DD8-LeaderElection24] INFO  server.RaftServerConfigKeys (ConfUtils.java:logGet(46)) - raft.server.read.leader.lease.timeout.ratio = 0.9 (default)
2024-04-25 19:25:01,655 [feac95e6-d772-4287-b681-0d01f32bbe53@group-3C037E0C2DD8-LeaderElection24] INFO  server.RaftServerConfigKeys (ConfUtils.java:logGet(46)) - raft.server.rpc.timeout.min = 5s (custom)
2024-04-25 19:25:01,655 [feac95e6-d772-4287-b681-0d01f32bbe53@group-3C037E0C2DD8-LeaderElection24] INFO  server.RaftServerConfigKeys (ConfUtils.java:logGet(46)) - raft.server.write.element-limit = 1024 (custom)
2024-04-25 19:25:01,655 [feac95e6-d772-4287-b681-0d01f32bbe53@group-3C037E0C2DD8-LeaderElection24] INFO  server.RaftServerConfigKeys (ConfUtils.java:logGet(46)) - raft.server.write.follower.gap.ratio.max = -1.0 (default)
2024-04-25 19:25:01,655 [feac95e6-d772-4287-b681-0d01f32bbe53@group-3C037E0C2DD8-LeaderElection24] INFO  impl.RoleInfo (RoleInfo.java:updateAndGet(139)) - feac95e6-d772-4287-b681-0d01f32bbe53: start feac95e6-d772-4287-b681-0d01f32bbe53@group-3C037E0C2DD8-LeaderStateImpl
2024-04-25 19:25:01,657 [grpc-default-executor-0] INFO  server.RaftServer$Division (RaftServerImpl.java:requestVote(1389)) - feac95e6-d772-4287-b681-0d01f32bbe53@group-E118F02A43E4: receive requestVote(ELECTION, 1d17c780-3c0c-42fc-a5ed-76046c58c935, group-E118F02A43E4, 1, (t:0, i:0))
2024-04-25 19:25:01,658 [grpc-default-executor-0] INFO  impl.VoteContext (VoteContext.java:log(49)) - feac95e6-d772-4287-b681-0d01f32bbe53@group-E118F02A43E4-FOLLOWER: accept ELECTION from 1d17c780-3c0c-42fc-a5ed-76046c58c935: our priority 0 <= candidate's priority 1
2024-04-25 19:25:01,658 [grpc-default-executor-0] INFO  server.RaftServer$Division (RaftServerImpl.java:setRole(383)) - feac95e6-d772-4287-b681-0d01f32bbe53@group-E118F02A43E4: changes role from  FOLLOWER to FOLLOWER at term 1 for candidate:1d17c780-3c0c-42fc-a5ed-76046c58c935
2024-04-25 19:25:01,658 [grpc-default-executor-0] INFO  impl.RoleInfo (RoleInfo.java:shutdownFollowerState(110)) - feac95e6-d772-4287-b681-0d01f32bbe53: shutdown feac95e6-d772-4287-b681-0d01f32bbe53@group-E118F02A43E4-FollowerState
2024-04-25 19:25:01,658 [grpc-default-executor-0] INFO  impl.RoleInfo (RoleInfo.java:updateAndGet(139)) - feac95e6-d772-4287-b681-0d01f32bbe53: start feac95e6-d772-4287-b681-0d01f32bbe53@group-E118F02A43E4-FollowerState
2024-04-25 19:25:01,657 [grpc-default-executor-1] INFO  server.RaftServer$Division (RaftServerImpl.java:requestVote(1389)) - d4ca1bb3-9736-40b0-a02f-f5392a2e7e43@group-E118F02A43E4: receive requestVote(ELECTION, 1d17c780-3c0c-42fc-a5ed-76046c58c935, group-E118F02A43E4, 1, (t:0, i:0))
2024-04-25 19:25:01,659 [feac95e6-d772-4287-b681-0d01f32bbe53@group-E118F02A43E4-FollowerState] INFO  impl.FollowerState (FollowerState.java:run(152)) - feac95e6-d772-4287-b681-0d01f32bbe53@group-E118F02A43E4-FollowerState was interrupted
2024-04-25 19:25:01,656 [1d17c780-3c0c-42fc-a5ed-76046c58c935@group-E118F02A43E4-LeaderElection23] INFO  server.RaftServerConfigKeys (ConfUtils.java:logFallback(53)) - raft.server.rpc.first-election.timeout.min = 5s (fallback to raft.server.rpc.timeout.min)
2024-04-25 19:25:01,659 [grpc-default-executor-0] INFO  server.RaftServer$Division (RaftServerImpl.java:setFirstElection(574)) - feac95e6-d772-4287-b681-0d01f32bbe53@group-E118F02A43E4: set firstElectionSinceStartup to false for candidate:1d17c780-3c0c-42fc-a5ed-76046c58c935
2024-04-25 19:25:01,659 [grpc-default-executor-1] INFO  impl.VoteContext (VoteContext.java:log(49)) - d4ca1bb3-9736-40b0-a02f-f5392a2e7e43@group-E118F02A43E4-FOLLOWER: accept ELECTION from 1d17c780-3c0c-42fc-a5ed-76046c58c935: our priority 0 <= candidate's priority 1
2024-04-25 19:25:01,659 [grpc-default-executor-1] INFO  server.RaftServer$Division (RaftServerImpl.java:setRole(383)) - d4ca1bb3-9736-40b0-a02f-f5392a2e7e43@group-E118F02A43E4: changes role from  FOLLOWER to FOLLOWER at term 1 for candidate:1d17c780-3c0c-42fc-a5ed-76046c58c935
2024-04-25 19:25:01,659 [grpc-default-executor-1] INFO  impl.RoleInfo (RoleInfo.java:shutdownFollowerState(110)) - d4ca1bb3-9736-40b0-a02f-f5392a2e7e43: shutdown d4ca1bb3-9736-40b0-a02f-f5392a2e7e43@group-E118F02A43E4-FollowerState
2024-04-25 19:25:01,659 [grpc-default-executor-1] INFO  impl.RoleInfo (RoleInfo.java:updateAndGet(139)) - d4ca1bb3-9736-40b0-a02f-f5392a2e7e43: start d4ca1bb3-9736-40b0-a02f-f5392a2e7e43@group-E118F02A43E4-FollowerState
2024-04-25 19:25:01,659 [d4ca1bb3-9736-40b0-a02f-f5392a2e7e43@group-E118F02A43E4-FollowerState] INFO  impl.FollowerState (FollowerState.java:run(152)) - d4ca1bb3-9736-40b0-a02f-f5392a2e7e43@group-E118F02A43E4-FollowerState was interrupted
2024-04-25 19:25:01,658 [feac95e6-d772-4287-b681-0d01f32bbe53@group-3C037E0C2DD8-LeaderElection24] INFO  server.RaftServer$Division (RaftServerImpl.java:setFirstElection(574)) - feac95e6-d772-4287-b681-0d01f32bbe53@group-3C037E0C2DD8: set firstElectionSinceStartup to false for becomeLeader
2024-04-25 19:25:01,660 [1d17c780-3c0c-42fc-a5ed-76046c58c935@group-6E2FF1006568-StateMachineUpdater] INFO  server.RaftServer$Division (LeaderStateImpl.java:isApplied(320)) - leader is ready since appliedIndex == 0 >= startIndex == 0
2024-04-25 19:25:01,659 [1d17c780-3c0c-42fc-a5ed-76046c58c935@group-E118F02A43E4-LeaderElection23] INFO  server.RaftServerConfigKeys (ConfUtils.java:logFallback(53)) - raft.server.rpc.first-election.timeout.max = 5200ms (fallback to raft.server.rpc.timeout.max)
2024-04-25 19:25:01,660 [feac95e6-d772-4287-b681-0d01f32bbe53@group-3C037E0C2DD8-LeaderElection24] INFO  ratis.XceiverServerRatis (XceiverServerRatis.java:handleLeaderChangedNotification(966)) - Leader change notification received for group: group-3C037E0C2DD8 with new leaderId: feac95e6-d772-4287-b681-0d01f32bbe53
2024-04-25 19:25:01,660 [feac95e6-d772-4287-b681-0d01f32bbe53@group-3C037E0C2DD8-LeaderElection24] INFO  server.RaftServer$Division (ServerState.java:setLeader(269)) - feac95e6-d772-4287-b681-0d01f32bbe53@group-3C037E0C2DD8: change Leader from null to feac95e6-d772-4287-b681-0d01f32bbe53 at term 1 for becomeLeader, leader elected after 5135ms
2024-04-25 19:25:01,660 [feac95e6-d772-4287-b681-0d01f32bbe53@group-3C037E0C2DD8-LeaderElection24] INFO  segmented.SegmentedRaftLogWorker (SegmentedRaftLogWorker.java:startLogSegment(430)) - feac95e6-d772-4287-b681-0d01f32bbe53@group-3C037E0C2DD8-SegmentedRaftLogWorker: Starting segment from index:0
2024-04-25 19:25:01,660 [feac95e6-d772-4287-b681-0d01f32bbe53@group-3C037E0C2DD8-LeaderElection24] INFO  server.RaftServer$Division (ServerState.java:setRaftConf(386)) - feac95e6-d772-4287-b681-0d01f32bbe53@group-3C037E0C2DD8: set configuration 0: peers:[feac95e6-d772-4287-b681-0d01f32bbe53|127.0.0.1:15112]|listeners:[], old=null
2024-04-25 19:25:01,660 [grpc-default-executor-0] INFO  server.RaftServer$Division (RaftServerImpl.java:requestVote(1422)) - feac95e6-d772-4287-b681-0d01f32bbe53@group-E118F02A43E4 replies to ELECTION vote request: 1d17c780-3c0c-42fc-a5ed-76046c58c935<-feac95e6-d772-4287-b681-0d01f32bbe53#0:OK-t1. Peer's state: feac95e6-d772-4287-b681-0d01f32bbe53@group-E118F02A43E4:t1, leader=null, voted=1d17c780-3c0c-42fc-a5ed-76046c58c935, raftlog=Memoized:feac95e6-d772-4287-b681-0d01f32bbe53@group-E118F02A43E4-SegmentedRaftLog:OPENED:c-1, conf=-1: peers:[feac95e6-d772-4287-b681-0d01f32bbe53|127.0.0.1:15112, d4ca1bb3-9736-40b0-a02f-f5392a2e7e43|127.0.0.1:15103, 1d17c780-3c0c-42fc-a5ed-76046c58c935|127.0.0.1:15121]|listeners:[], old=null
2024-04-25 19:25:01,661 [grpc-default-executor-1] INFO  server.RaftServer$Division (RaftServerImpl.java:requestVote(1422)) - d4ca1bb3-9736-40b0-a02f-f5392a2e7e43@group-E118F02A43E4 replies to ELECTION vote request: 1d17c780-3c0c-42fc-a5ed-76046c58c935<-d4ca1bb3-9736-40b0-a02f-f5392a2e7e43#0:OK-t1. Peer's state: d4ca1bb3-9736-40b0-a02f-f5392a2e7e43@group-E118F02A43E4:t1, leader=null, voted=1d17c780-3c0c-42fc-a5ed-76046c58c935, raftlog=Memoized:d4ca1bb3-9736-40b0-a02f-f5392a2e7e43@group-E118F02A43E4-SegmentedRaftLog:OPENED:c-1, conf=-1: peers:[feac95e6-d772-4287-b681-0d01f32bbe53|127.0.0.1:15112, d4ca1bb3-9736-40b0-a02f-f5392a2e7e43|127.0.0.1:15103, 1d17c780-3c0c-42fc-a5ed-76046c58c935|127.0.0.1:15121]|listeners:[], old=null
2024-04-25 19:25:01,660 [feac95e6-d772-4287-b681-0d01f32bbe53@group-3C037E0C2DD8-SegmentedRaftLogWorker] INFO  segmented.BufferedWriteChannel (BufferedWriteChannel.java:open(62)) - open log_inprogress_0 at position 0
2024-04-25 19:25:01,662 [1d17c780-3c0c-42fc-a5ed-76046c58c935@group-E118F02A43E4-LeaderElection23] INFO  impl.LeaderElection (LeaderElection.java:logAndReturn(89)) - 1d17c780-3c0c-42fc-a5ed-76046c58c935@group-E118F02A43E4-LeaderElection23: ELECTION PASSED received 1 response(s) and 0 exception(s):
2024-04-25 19:25:01,662 [1d17c780-3c0c-42fc-a5ed-76046c58c935@group-E118F02A43E4-LeaderElection23] INFO  impl.LeaderElection (LeaderElection.java:logAndReturn(93)) -   Response 0: 1d17c780-3c0c-42fc-a5ed-76046c58c935<-d4ca1bb3-9736-40b0-a02f-f5392a2e7e43#0:OK-t1
2024-04-25 19:25:01,662 [1d17c780-3c0c-42fc-a5ed-76046c58c935@group-E118F02A43E4-LeaderElection23] INFO  impl.LeaderElection (LeaderElection.java:askForVotes(323)) - 1d17c780-3c0c-42fc-a5ed-76046c58c935@group-E118F02A43E4-LeaderElection23 ELECTION round 0: result PASSED
2024-04-25 19:25:01,662 [1d17c780-3c0c-42fc-a5ed-76046c58c935@group-E118F02A43E4-LeaderElection23] INFO  impl.RoleInfo (RoleInfo.java:shutdownLeaderElection(130)) - 1d17c780-3c0c-42fc-a5ed-76046c58c935: shutdown 1d17c780-3c0c-42fc-a5ed-76046c58c935@group-E118F02A43E4-LeaderElection23
2024-04-25 19:25:01,662 [1d17c780-3c0c-42fc-a5ed-76046c58c935@group-E118F02A43E4-LeaderElection23] INFO  server.RaftServer$Division (RaftServerImpl.java:setRole(383)) - 1d17c780-3c0c-42fc-a5ed-76046c58c935@group-E118F02A43E4: changes role from CANDIDATE to LEADER at term 1 for changeToLeader
2024-04-25 19:25:01,662 [1d17c780-3c0c-42fc-a5ed-76046c58c935@group-E118F02A43E4-LeaderElection23] INFO  server.RaftServerConfigKeys (ConfUtils.java:logGet(46)) - raft.server.staging.catchup.gap = 1000 (default)
2024-04-25 19:25:01,662 [EventQueue-OpenPipelineForHealthyPipelineSafeModeRule] INFO  safemode.SCMSafeModeManager (HealthyPipelineSafeModeRule.java:process(140)) - SCM in safe mode. Healthy pipelines reported count is 0, required healthy pipeline reported count is 1
2024-04-25 19:25:01,662 [1d17c780-3c0c-42fc-a5ed-76046c58c935@group-E118F02A43E4-LeaderElection23] INFO  server.RaftServerConfigKeys (ConfUtils.java:logGet(46)) - raft.server.write.element-limit = 1024 (custom)
2024-04-25 19:25:01,662 [1d17c780-3c0c-42fc-a5ed-76046c58c935@group-E118F02A43E4-LeaderElection23] INFO  server.RaftServerConfigKeys (ConfUtils.java:logGet(46)) - raft.server.write.byte-limit = 1024 M (=1073741824) (custom)
2024-04-25 19:25:01,662 [1d17c780-3c0c-42fc-a5ed-76046c58c935@group-E118F02A43E4-LeaderElection23] INFO  server.RaftServerConfigKeys (ConfUtils.java:logGet(46)) - raft.server.watch.timeout = 3000ms (custom)
2024-04-25 19:25:01,662 [1d17c780-3c0c-42fc-a5ed-76046c58c935@group-E118F02A43E4-LeaderElection23] INFO  server.RaftServerConfigKeys (ConfUtils.java:logGet(46)) - raft.server.watch.timeout.denomination = 1s (default)
2024-04-25 19:25:01,662 [1d17c780-3c0c-42fc-a5ed-76046c58c935@group-E118F02A43E4-LeaderElection23] INFO  server.RaftServerConfigKeys (ConfUtils.java:logGet(46)) - raft.server.watch.element-limit = 65536 (default)
2024-04-25 19:25:01,663 [1d17c780-3c0c-42fc-a5ed-76046c58c935@group-E118F02A43E4-LeaderElection23] INFO  server.RaftServerConfigKeys (ConfUtils.java:logGet(46)) - raft.server.read.leader.lease.enabled = false (default)
2024-04-25 19:25:01,663 [1d17c780-3c0c-42fc-a5ed-76046c58c935@group-E118F02A43E4-LeaderElection23] INFO  server.RaftServerConfigKeys (ConfUtils.java:logGet(46)) - raft.server.read.leader.lease.timeout.ratio = 0.9 (default)
2024-04-25 19:25:01,663 [1d17c780-3c0c-42fc-a5ed-76046c58c935@group-E118F02A43E4-LeaderElection23] INFO  server.RaftServerConfigKeys (ConfUtils.java:logGet(46)) - raft.server.rpc.timeout.min = 5s (custom)
2024-04-25 19:25:01,663 [1d17c780-3c0c-42fc-a5ed-76046c58c935@group-E118F02A43E4-LeaderElection23] INFO  server.RaftServerConfigKeys (ConfUtils.java:logGet(46)) - raft.server.write.element-limit = 1024 (custom)
2024-04-25 19:25:01,663 [1d17c780-3c0c-42fc-a5ed-76046c58c935@group-E118F02A43E4-LeaderElection23] INFO  server.RaftServerConfigKeys (ConfUtils.java:logGet(46)) - raft.server.write.follower.gap.ratio.max = -1.0 (default)
2024-04-25 19:25:01,663 [1d17c780-3c0c-42fc-a5ed-76046c58c935@group-E118F02A43E4-LeaderElection23] INFO  server.RaftServerConfigKeys (ConfUtils.java:logGet(46)) - raft.server.log.appender.snapshot.chunk.size.max = 16MB (=16777216) (default)
2024-04-25 19:25:01,663 [1d17c780-3c0c-42fc-a5ed-76046c58c935@group-E118F02A43E4-LeaderElection23] INFO  server.RaftServerConfigKeys (ConfUtils.java:logGet(46)) - raft.server.log.appender.buffer.byte-limit = 8388608 (custom)
2024-04-25 19:25:01,664 [1d17c780-3c0c-42fc-a5ed-76046c58c935@group-E118F02A43E4-LeaderElection23] INFO  server.RaftServerConfigKeys (ConfUtils.java:logGet(46)) - raft.server.log.appender.buffer.element-limit = 1 (custom)
2024-04-25 19:25:01,664 [1d17c780-3c0c-42fc-a5ed-76046c58c935@group-E118F02A43E4-LeaderElection23] INFO  server.RaftServerConfigKeys (ConfUtils.java:logGet(46)) - raft.server.log.appender.wait-time.min = 0ms (custom)
2024-04-25 19:25:01,664 [1d17c780-3c0c-42fc-a5ed-76046c58c935@group-E118F02A43E4-LeaderElection23] INFO  grpc.GrpcConfigKeys (ConfUtils.java:logGet(46)) - raft.grpc.server.leader.outstanding.appends.max = 8 (default)
2024-04-25 19:25:01,664 [1d17c780-3c0c-42fc-a5ed-76046c58c935@group-E118F02A43E4-LeaderElection23] INFO  server.RaftServerConfigKeys (ConfUtils.java:logGet(46)) - raft.server.rpc.request.timeout = 3000ms (default)
2024-04-25 19:25:01,664 [1d17c780-3c0c-42fc-a5ed-76046c58c935@group-E118F02A43E4-LeaderElection23] INFO  grpc.GrpcConfigKeys (ConfUtils.java:logGet(46)) - raft.grpc.server.install_snapshot.request.element-limit = 8 (default)
2024-04-25 19:25:01,664 [1d17c780-3c0c-42fc-a5ed-76046c58c935@group-E118F02A43E4-LeaderElection23] INFO  grpc.GrpcConfigKeys (ConfUtils.java:logGet(46)) - raft.grpc.server.install_snapshot.request.timeout = 3000ms (default)
2024-04-25 19:25:01,664 [1d17c780-3c0c-42fc-a5ed-76046c58c935@group-E118F02A43E4-LeaderElection23] INFO  grpc.GrpcConfigKeys (ConfUtils.java:logGet(46)) - raft.grpc.server.log-message.batch.duration = 5s (default)
2024-04-25 19:25:01,664 [1d17c780-3c0c-42fc-a5ed-76046c58c935@group-E118F02A43E4-LeaderElection23] INFO  server.RaftServerConfigKeys (ConfUtils.java:logGet(46)) - raft.server.log.appender.install.snapshot.enabled = false (custom)
2024-04-25 19:25:01,664 [1d17c780-3c0c-42fc-a5ed-76046c58c935@group-E118F02A43E4-LeaderElection23] INFO  grpc.GrpcConfigKeys (ConfUtils.java:logGet(46)) - raft.grpc.server.heartbeat.channel = true (default)
2024-04-25 19:25:01,665 [1d17c780-3c0c-42fc-a5ed-76046c58c935@group-E118F02A43E4-LeaderElection23] INFO  server.RaftServerConfigKeys (ConfUtils.java:logGet(46)) - raft.server.log.appender.snapshot.chunk.size.max = 16MB (=16777216) (default)
2024-04-25 19:25:01,665 [1d17c780-3c0c-42fc-a5ed-76046c58c935@group-E118F02A43E4-LeaderElection23] INFO  server.RaftServerConfigKeys (ConfUtils.java:logGet(46)) - raft.server.log.appender.buffer.byte-limit = 8388608 (custom)
2024-04-25 19:25:01,665 [1d17c780-3c0c-42fc-a5ed-76046c58c935@group-E118F02A43E4-LeaderElection23] INFO  server.RaftServerConfigKeys (ConfUtils.java:logGet(46)) - raft.server.log.appender.buffer.element-limit = 1 (custom)
2024-04-25 19:25:01,666 [1d17c780-3c0c-42fc-a5ed-76046c58c935@group-E118F02A43E4-LeaderElection23] INFO  server.RaftServerConfigKeys (ConfUtils.java:logGet(46)) - raft.server.log.appender.wait-time.min = 0ms (custom)
2024-04-25 19:25:01,666 [1d17c780-3c0c-42fc-a5ed-76046c58c935@group-E118F02A43E4-LeaderElection23] INFO  grpc.GrpcConfigKeys (ConfUtils.java:logGet(46)) - raft.grpc.server.leader.outstanding.appends.max = 8 (default)
2024-04-25 19:25:01,666 [1d17c780-3c0c-42fc-a5ed-76046c58c935@group-E118F02A43E4-LeaderElection23] INFO  server.RaftServerConfigKeys (ConfUtils.java:logGet(46)) - raft.server.rpc.request.timeout = 3000ms (default)
2024-04-25 19:25:01,666 [1d17c780-3c0c-42fc-a5ed-76046c58c935@group-E118F02A43E4-LeaderElection23] INFO  grpc.GrpcConfigKeys (ConfUtils.java:logGet(46)) - raft.grpc.server.install_snapshot.request.element-limit = 8 (default)
2024-04-25 19:25:01,666 [1d17c780-3c0c-42fc-a5ed-76046c58c935@group-E118F02A43E4-LeaderElection23] INFO  grpc.GrpcConfigKeys (ConfUtils.java:logGet(46)) - raft.grpc.server.install_snapshot.request.timeout = 3000ms (default)
2024-04-25 19:25:01,666 [1d17c780-3c0c-42fc-a5ed-76046c58c935@group-E118F02A43E4-LeaderElection23] INFO  grpc.GrpcConfigKeys (ConfUtils.java:logGet(46)) - raft.grpc.server.log-message.batch.duration = 5s (default)
2024-04-25 19:25:01,666 [1d17c780-3c0c-42fc-a5ed-76046c58c935@group-E118F02A43E4-LeaderElection23] INFO  server.RaftServerConfigKeys (ConfUtils.java:logGet(46)) - raft.server.log.appender.install.snapshot.enabled = false (custom)
2024-04-25 19:25:01,666 [1d17c780-3c0c-42fc-a5ed-76046c58c935@group-E118F02A43E4-LeaderElection23] INFO  grpc.GrpcConfigKeys (ConfUtils.java:logGet(46)) - raft.grpc.server.heartbeat.channel = true (default)
2024-04-25 19:25:01,666 [1d17c780-3c0c-42fc-a5ed-76046c58c935@group-E118F02A43E4-LeaderElection23] INFO  impl.RoleInfo (RoleInfo.java:updateAndGet(139)) - 1d17c780-3c0c-42fc-a5ed-76046c58c935: start 1d17c780-3c0c-42fc-a5ed-76046c58c935@group-E118F02A43E4-LeaderStateImpl
2024-04-25 19:25:01,666 [1d17c780-3c0c-42fc-a5ed-76046c58c935@group-E118F02A43E4-LeaderElection23] INFO  server.RaftServer$Division (RaftServerImpl.java:setFirstElection(574)) - 1d17c780-3c0c-42fc-a5ed-76046c58c935@group-E118F02A43E4: set firstElectionSinceStartup to false for becomeLeader
2024-04-25 19:25:01,666 [1d17c780-3c0c-42fc-a5ed-76046c58c935@group-E118F02A43E4-LeaderElection23] INFO  ratis.XceiverServerRatis (XceiverServerRatis.java:handleLeaderChangedNotification(966)) - Leader change notification received for group: group-E118F02A43E4 with new leaderId: 1d17c780-3c0c-42fc-a5ed-76046c58c935
2024-04-25 19:25:01,667 [1d17c780-3c0c-42fc-a5ed-76046c58c935@group-E118F02A43E4-LeaderElection23] INFO  server.RaftServer$Division (ServerState.java:setLeader(269)) - 1d17c780-3c0c-42fc-a5ed-76046c58c935@group-E118F02A43E4: change Leader from null to 1d17c780-3c0c-42fc-a5ed-76046c58c935 at term 1 for becomeLeader, leader elected after 5185ms
2024-04-25 19:25:01,667 [1d17c780-3c0c-42fc-a5ed-76046c58c935@group-E118F02A43E4-LeaderElection23] INFO  segmented.SegmentedRaftLogWorker (SegmentedRaftLogWorker.java:startLogSegment(430)) - 1d17c780-3c0c-42fc-a5ed-76046c58c935@group-E118F02A43E4-SegmentedRaftLogWorker: Starting segment from index:0
2024-04-25 19:25:01,667 [1d17c780-3c0c-42fc-a5ed-76046c58c935@group-E118F02A43E4-SegmentedRaftLogWorker] INFO  segmented.BufferedWriteChannel (BufferedWriteChannel.java:open(62)) - open log_inprogress_0 at position 0
2024-04-25 19:25:01,667 [EventQueue-OpenPipelineForHealthyPipelineSafeModeRule] INFO  safemode.SCMSafeModeManager (HealthyPipelineSafeModeRule.java:process(140)) - SCM in safe mode. Healthy pipelines reported count is 0, required healthy pipeline reported count is 1
2024-04-25 19:25:01,668 [EventQueue-PipelineReportForPipelineReportHandler] INFO  pipeline.PipelineReportHandler (PipelineReportHandler.java:processPipelineReport(136)) - Opened pipeline PipelineID=eaf83d1d-cabf-4ffa-ba3e-e118f02a43e4
2024-04-25 19:25:01,669 [EventQueue-OpenPipelineForHealthyPipelineSafeModeRule] INFO  safemode.SCMSafeModeManager (HealthyPipelineSafeModeRule.java:process(140)) - SCM in safe mode. Healthy pipelines reported count is 1, required healthy pipeline reported count is 1
2024-04-25 19:25:01,669 [EventQueue-OpenPipelineForHealthyPipelineSafeModeRule] INFO  safemode.SCMSafeModeManager (SCMSafeModeManager.java:validateSafeModeExitRules(203)) - HealthyPipelineSafeModeRule rule is successfully validated
2024-04-25 19:25:01,669 [EventQueue-OpenPipelineForHealthyPipelineSafeModeRule] INFO  safemode.SCMSafeModeManager (SCMSafeModeManager.java:validateSafeModeExitRules(218)) - ScmSafeModeManager, all rules are successfully validated
2024-04-25 19:25:01,669 [EventQueue-OpenPipelineForHealthyPipelineSafeModeRule] INFO  safemode.SCMSafeModeManager (SCMSafeModeManager.java:exitSafeMode(248)) - SCM exiting safe mode.
2024-04-25 19:25:01,669 [EventQueue-OpenPipelineForHealthyPipelineSafeModeRule] INFO  ha.SCMContext (SCMContext.java:updateSafeModeStatus(225)) - Update SafeModeStatus from SafeModeStatus{safeModeStatus=true, preCheckPassed=true} to SafeModeStatus{safeModeStatus=false, preCheckPassed=true}.
2024-04-25 19:25:01,669 [EventQueue-OpenPipelineForHealthyPipelineSafeModeRule] INFO  pipeline.BackgroundPipelineCreator (BackgroundPipelineCreator.java:notifyStatusChanged(258)) - Service BackgroundPipelineCreator transitions to RUNNING.
2024-04-25 19:25:01,669 [EventQueue-OpenPipelineForHealthyPipelineSafeModeRule] INFO  BackgroundPipelineScrubber (BackgroundSCMService.java:notifyStatusChanged(79)) - Service BackgroundPipelineScrubber transitions to RUNNING.
2024-04-25 19:25:01,669 [EventQueue-OpenPipelineForHealthyPipelineSafeModeRule] INFO  ExpiredContainerReplicaOpScrubber (BackgroundSCMService.java:notifyStatusChanged(79)) - Service ExpiredContainerReplicaOpScrubber transitions to RUNNING.
2024-04-25 19:25:01,669 [EventQueue-OpenPipelineForHealthyPipelineSafeModeRule] INFO  block.SCMBlockDeletingService (SCMBlockDeletingService.java:notifyStatusChanged(247)) - notifyStatusChanged:RUNNING
2024-04-25 19:25:01,669 [EventQueue-OpenPipelineForHealthyPipelineSafeModeRule] INFO  replication.ReplicationManager (ReplicationManager.java:notifyStatusChanged(1403)) - Service ReplicationManager transitions to RUNNING.
2024-04-25 19:25:01,669 [EventQueue-OpenPipelineForHealthyPipelineSafeModeRule] WARN  balancer.ContainerBalancer (ContainerBalancer.java:shouldRun(134)) - Could not find persisted configuration for ContainerBalancer when checking if ContainerBalancer should run. ContainerBalancer should not run now.
2024-04-25 19:25:01,669 [1d17c780-3c0c-42fc-a5ed-76046c58c935@group-E118F02A43E4-LeaderElection23] INFO  server.RaftServer$Division (ServerState.java:setRaftConf(386)) - 1d17c780-3c0c-42fc-a5ed-76046c58c935@group-E118F02A43E4: set configuration 0: peers:[feac95e6-d772-4287-b681-0d01f32bbe53|127.0.0.1:15112, d4ca1bb3-9736-40b0-a02f-f5392a2e7e43|127.0.0.1:15103, 1d17c780-3c0c-42fc-a5ed-76046c58c935|127.0.0.1:15121]|listeners:[], old=null
2024-04-25 19:25:01,671 [feac95e6-d772-4287-b681-0d01f32bbe53@group-3C037E0C2DD8-SegmentedRaftLogWorker] INFO  segmented.SegmentedRaftLogWorker (SegmentedRaftLogWorker.java:execute(634)) - feac95e6-d772-4287-b681-0d01f32bbe53@group-3C037E0C2DD8-SegmentedRaftLogWorker: created new log segment /home/runner/work/ozone/ozone/hadoop-ozone/integration-test/target/test-dir/MiniOzoneClusterImpl-d2e81863-a659-4dd2-bdb8-fa97662d499c/ozone-meta/datanode-2/ratis/f9e8d661-89ee-4ea9-a3b0-3c037e0c2dd8/current/log_inprogress_0
2024-04-25 19:25:01,675 [feac95e6-d772-4287-b681-0d01f32bbe53@group-3C037E0C2DD8-StateMachineUpdater] INFO  server.RaftServer$Division (LeaderStateImpl.java:isApplied(320)) - leader is ready since appliedIndex == 0 >= startIndex == 0
2024-04-25 19:25:01,677 [1d17c780-3c0c-42fc-a5ed-76046c58c935@group-E118F02A43E4-SegmentedRaftLogWorker] INFO  segmented.SegmentedRaftLogWorker (SegmentedRaftLogWorker.java:execute(634)) - 1d17c780-3c0c-42fc-a5ed-76046c58c935@group-E118F02A43E4-SegmentedRaftLogWorker: created new log segment /home/runner/work/ozone/ozone/hadoop-ozone/integration-test/target/test-dir/MiniOzoneClusterImpl-d2e81863-a659-4dd2-bdb8-fa97662d499c/ozone-meta/datanode-3/ratis/eaf83d1d-cabf-4ffa-ba3e-e118f02a43e4/current/log_inprogress_0
2024-04-25 19:25:01,679 [feac95e6-d772-4287-b681-0d01f32bbe53-server-thread1] INFO  ratis.XceiverServerRatis (XceiverServerRatis.java:handleLeaderChangedNotification(966)) - Leader change notification received for group: group-E118F02A43E4 with new leaderId: 1d17c780-3c0c-42fc-a5ed-76046c58c935
2024-04-25 19:25:01,679 [feac95e6-d772-4287-b681-0d01f32bbe53-server-thread1] INFO  server.RaftServer$Division (ServerState.java:setLeader(269)) - feac95e6-d772-4287-b681-0d01f32bbe53@group-E118F02A43E4: change Leader from null to 1d17c780-3c0c-42fc-a5ed-76046c58c935 at term 1 for appendEntries, leader elected after 5221ms
2024-04-25 19:25:01,680 [feac95e6-d772-4287-b681-0d01f32bbe53-server-thread2] INFO  server.RaftServer$Division (ServerState.java:setRaftConf(386)) - feac95e6-d772-4287-b681-0d01f32bbe53@group-E118F02A43E4: set configuration 0: peers:[feac95e6-d772-4287-b681-0d01f32bbe53|127.0.0.1:15112, d4ca1bb3-9736-40b0-a02f-f5392a2e7e43|127.0.0.1:15103, 1d17c780-3c0c-42fc-a5ed-76046c58c935|127.0.0.1:15121]|listeners:[], old=null
2024-04-25 19:25:01,680 [feac95e6-d772-4287-b681-0d01f32bbe53-server-thread2] INFO  segmented.SegmentedRaftLogWorker (SegmentedRaftLogWorker.java:startLogSegment(430)) - feac95e6-d772-4287-b681-0d01f32bbe53@group-E118F02A43E4-SegmentedRaftLogWorker: Starting segment from index:0
2024-04-25 19:25:01,680 [feac95e6-d772-4287-b681-0d01f32bbe53@group-E118F02A43E4-SegmentedRaftLogWorker] INFO  segmented.BufferedWriteChannel (BufferedWriteChannel.java:open(62)) - open log_inprogress_0 at position 0
2024-04-25 19:25:01,688 [feac95e6-d772-4287-b681-0d01f32bbe53@group-E118F02A43E4-SegmentedRaftLogWorker] INFO  segmented.SegmentedRaftLogWorker (SegmentedRaftLogWorker.java:execute(634)) - feac95e6-d772-4287-b681-0d01f32bbe53@group-E118F02A43E4-SegmentedRaftLogWorker: created new log segment /home/runner/work/ozone/ozone/hadoop-ozone/integration-test/target/test-dir/MiniOzoneClusterImpl-d2e81863-a659-4dd2-bdb8-fa97662d499c/ozone-meta/datanode-2/ratis/eaf83d1d-cabf-4ffa-ba3e-e118f02a43e4/current/log_inprogress_0
2024-04-25 19:25:01,691 [d4ca1bb3-9736-40b0-a02f-f5392a2e7e43-server-thread1] INFO  ratis.XceiverServerRatis (XceiverServerRatis.java:handleLeaderChangedNotification(966)) - Leader change notification received for group: group-E118F02A43E4 with new leaderId: 1d17c780-3c0c-42fc-a5ed-76046c58c935
2024-04-25 19:25:01,691 [1d17c780-3c0c-42fc-a5ed-76046c58c935@group-E118F02A43E4-StateMachineUpdater] INFO  server.RaftServer$Division (LeaderStateImpl.java:isApplied(320)) - leader is ready since appliedIndex == 0 >= startIndex == 0
2024-04-25 19:25:01,691 [d4ca1bb3-9736-40b0-a02f-f5392a2e7e43-server-thread1] INFO  server.RaftServer$Division (ServerState.java:setLeader(269)) - d4ca1bb3-9736-40b0-a02f-f5392a2e7e43@group-E118F02A43E4: change Leader from null to 1d17c780-3c0c-42fc-a5ed-76046c58c935 at term 1 for appendEntries, leader elected after 5254ms
2024-04-25 19:25:01,692 [d4ca1bb3-9736-40b0-a02f-f5392a2e7e43-server-thread1] INFO  server.RaftServer$Division (ServerState.java:setRaftConf(386)) - d4ca1bb3-9736-40b0-a02f-f5392a2e7e43@group-E118F02A43E4: set configuration 0: peers:[feac95e6-d772-4287-b681-0d01f32bbe53|127.0.0.1:15112, d4ca1bb3-9736-40b0-a02f-f5392a2e7e43|127.0.0.1:15103, 1d17c780-3c0c-42fc-a5ed-76046c58c935|127.0.0.1:15121]|listeners:[], old=null
2024-04-25 19:25:01,692 [d4ca1bb3-9736-40b0-a02f-f5392a2e7e43-server-thread1] INFO  segmented.SegmentedRaftLogWorker (SegmentedRaftLogWorker.java:startLogSegment(430)) - d4ca1bb3-9736-40b0-a02f-f5392a2e7e43@group-E118F02A43E4-SegmentedRaftLogWorker: Starting segment from index:0
2024-04-25 19:25:01,692 [d4ca1bb3-9736-40b0-a02f-f5392a2e7e43@group-E118F02A43E4-SegmentedRaftLogWorker] INFO  segmented.BufferedWriteChannel (BufferedWriteChannel.java:open(62)) - open log_inprogress_0 at position 0
2024-04-25 19:25:01,703 [d4ca1bb3-9736-40b0-a02f-f5392a2e7e43@group-E118F02A43E4-SegmentedRaftLogWorker] INFO  segmented.SegmentedRaftLogWorker (SegmentedRaftLogWorker.java:execute(634)) - d4ca1bb3-9736-40b0-a02f-f5392a2e7e43@group-E118F02A43E4-SegmentedRaftLogWorker: created new log segment /home/runner/work/ozone/ozone/hadoop-ozone/integration-test/target/test-dir/MiniOzoneClusterImpl-d2e81863-a659-4dd2-bdb8-fa97662d499c/ozone-meta/datanode-1/ratis/eaf83d1d-cabf-4ffa-ba3e-e118f02a43e4/current/log_inprogress_0
2024-04-25 19:25:01,720 [b2172664-c1c5-4da6-8eba-635cc9cc8385@group-66EBCD3A31E1-FollowerState] INFO  impl.FollowerState (FollowerState.java:run(143)) - b2172664-c1c5-4da6-8eba-635cc9cc8385@group-66EBCD3A31E1-FollowerState: change to CANDIDATE, lastRpcElapsedTime:5052470803ns, electionTimeout:5052ms
2024-04-25 19:25:01,720 [b2172664-c1c5-4da6-8eba-635cc9cc8385@group-66EBCD3A31E1-FollowerState] INFO  impl.RoleInfo (RoleInfo.java:shutdownFollowerState(110)) - b2172664-c1c5-4da6-8eba-635cc9cc8385: shutdown b2172664-c1c5-4da6-8eba-635cc9cc8385@group-66EBCD3A31E1-FollowerState
2024-04-25 19:25:01,720 [b2172664-c1c5-4da6-8eba-635cc9cc8385@group-66EBCD3A31E1-FollowerState] INFO  server.RaftServer$Division (RaftServerImpl.java:setRole(383)) - b2172664-c1c5-4da6-8eba-635cc9cc8385@group-66EBCD3A31E1: changes role from  FOLLOWER to CANDIDATE at term 0 for changeToCandidate
2024-04-25 19:25:01,720 [b2172664-c1c5-4da6-8eba-635cc9cc8385@group-66EBCD3A31E1-FollowerState] INFO  server.RaftServerConfigKeys (ConfUtils.java:logGet(46)) - raft.server.leaderelection.pre-vote = true (default)
2024-04-25 19:25:01,720 [b2172664-c1c5-4da6-8eba-635cc9cc8385@group-66EBCD3A31E1-FollowerState] INFO  impl.RoleInfo (RoleInfo.java:updateAndGet(139)) - b2172664-c1c5-4da6-8eba-635cc9cc8385: start b2172664-c1c5-4da6-8eba-635cc9cc8385@group-66EBCD3A31E1-LeaderElection25
2024-04-25 19:25:01,721 [b2172664-c1c5-4da6-8eba-635cc9cc8385@group-66EBCD3A31E1-LeaderElection25] INFO  impl.LeaderElection (LeaderElection.java:askForVotes(321)) - b2172664-c1c5-4da6-8eba-635cc9cc8385@group-66EBCD3A31E1-LeaderElection25 PRE_VOTE round 0: submit vote requests at term 0 for -1: peers:[b2172664-c1c5-4da6-8eba-635cc9cc8385|127.0.0.1:15130]|listeners:[], old=null
2024-04-25 19:25:01,721 [b2172664-c1c5-4da6-8eba-635cc9cc8385@group-66EBCD3A31E1-LeaderElection25] INFO  impl.LeaderElection (LeaderElection.java:askForVotes(323)) - b2172664-c1c5-4da6-8eba-635cc9cc8385@group-66EBCD3A31E1-LeaderElection25 PRE_VOTE round 0: result PASSED (term=0)
2024-04-25 19:25:01,722 [b2172664-c1c5-4da6-8eba-635cc9cc8385@group-66EBCD3A31E1-LeaderElection25] INFO  impl.LeaderElection (LeaderElection.java:askForVotes(321)) - b2172664-c1c5-4da6-8eba-635cc9cc8385@group-66EBCD3A31E1-LeaderElection25 ELECTION round 0: submit vote requests at term 1 for -1: peers:[b2172664-c1c5-4da6-8eba-635cc9cc8385|127.0.0.1:15130]|listeners:[], old=null
2024-04-25 19:25:01,722 [b2172664-c1c5-4da6-8eba-635cc9cc8385@group-66EBCD3A31E1-LeaderElection25] INFO  impl.LeaderElection (LeaderElection.java:askForVotes(323)) - b2172664-c1c5-4da6-8eba-635cc9cc8385@group-66EBCD3A31E1-LeaderElection25 ELECTION round 0: result PASSED (term=1)
2024-04-25 19:25:01,722 [b2172664-c1c5-4da6-8eba-635cc9cc8385@group-66EBCD3A31E1-LeaderElection25] INFO  impl.RoleInfo (RoleInfo.java:shutdownLeaderElection(130)) - b2172664-c1c5-4da6-8eba-635cc9cc8385: shutdown b2172664-c1c5-4da6-8eba-635cc9cc8385@group-66EBCD3A31E1-LeaderElection25
2024-04-25 19:25:01,722 [b2172664-c1c5-4da6-8eba-635cc9cc8385@group-66EBCD3A31E1-LeaderElection25] INFO  server.RaftServer$Division (RaftServerImpl.java:setRole(383)) - b2172664-c1c5-4da6-8eba-635cc9cc8385@group-66EBCD3A31E1: changes role from CANDIDATE to LEADER at term 1 for changeToLeader
2024-04-25 19:25:01,722 [b2172664-c1c5-4da6-8eba-635cc9cc8385@group-66EBCD3A31E1-LeaderElection25] INFO  server.RaftServerConfigKeys (ConfUtils.java:logGet(46)) - raft.server.staging.catchup.gap = 1000 (default)
2024-04-25 19:25:01,722 [b2172664-c1c5-4da6-8eba-635cc9cc8385@group-66EBCD3A31E1-LeaderElection25] INFO  server.RaftServerConfigKeys (ConfUtils.java:logGet(46)) - raft.server.write.element-limit = 1024 (custom)
2024-04-25 19:25:01,722 [b2172664-c1c5-4da6-8eba-635cc9cc8385@group-66EBCD3A31E1-LeaderElection25] INFO  server.RaftServerConfigKeys (ConfUtils.java:logGet(46)) - raft.server.write.byte-limit = 1024 M (=1073741824) (custom)
2024-04-25 19:25:01,722 [b2172664-c1c5-4da6-8eba-635cc9cc8385@group-66EBCD3A31E1-LeaderElection25] INFO  server.RaftServerConfigKeys (ConfUtils.java:logGet(46)) - raft.server.watch.timeout = 3000ms (custom)
2024-04-25 19:25:01,723 [b2172664-c1c5-4da6-8eba-635cc9cc8385@group-66EBCD3A31E1-LeaderElection25] INFO  server.RaftServerConfigKeys (ConfUtils.java:logGet(46)) - raft.server.watch.timeout.denomination = 1s (default)
2024-04-25 19:25:01,723 [b2172664-c1c5-4da6-8eba-635cc9cc8385@group-66EBCD3A31E1-LeaderElection25] INFO  server.RaftServerConfigKeys (ConfUtils.java:logGet(46)) - raft.server.watch.element-limit = 65536 (default)
2024-04-25 19:25:01,723 [b2172664-c1c5-4da6-8eba-635cc9cc8385@group-66EBCD3A31E1-LeaderElection25] INFO  server.RaftServerConfigKeys (ConfUtils.java:logGet(46)) - raft.server.read.leader.lease.enabled = false (default)
2024-04-25 19:25:01,723 [b2172664-c1c5-4da6-8eba-635cc9cc8385@group-66EBCD3A31E1-LeaderElection25] INFO  server.RaftServerConfigKeys (ConfUtils.java:logGet(46)) - raft.server.read.leader.lease.timeout.ratio = 0.9 (default)
2024-04-25 19:25:01,723 [b2172664-c1c5-4da6-8eba-635cc9cc8385@group-66EBCD3A31E1-LeaderElection25] INFO  server.RaftServerConfigKeys (ConfUtils.java:logGet(46)) - raft.server.rpc.timeout.min = 5s (custom)
2024-04-25 19:25:01,723 [b2172664-c1c5-4da6-8eba-635cc9cc8385@group-66EBCD3A31E1-LeaderElection25] INFO  server.RaftServerConfigKeys (ConfUtils.java:logGet(46)) - raft.server.write.element-limit = 1024 (custom)
2024-04-25 19:25:01,723 [b2172664-c1c5-4da6-8eba-635cc9cc8385@group-66EBCD3A31E1-LeaderElection25] INFO  server.RaftServerConfigKeys (ConfUtils.java:logGet(46)) - raft.server.write.follower.gap.ratio.max = -1.0 (default)
2024-04-25 19:25:01,723 [b2172664-c1c5-4da6-8eba-635cc9cc8385@group-66EBCD3A31E1-LeaderElection25] INFO  impl.RoleInfo (RoleInfo.java:updateAndGet(139)) - b2172664-c1c5-4da6-8eba-635cc9cc8385: start b2172664-c1c5-4da6-8eba-635cc9cc8385@group-66EBCD3A31E1-LeaderStateImpl
2024-04-25 19:25:01,723 [b2172664-c1c5-4da6-8eba-635cc9cc8385@group-66EBCD3A31E1-LeaderElection25] INFO  server.RaftServer$Division (RaftServerImpl.java:setFirstElection(574)) - b2172664-c1c5-4da6-8eba-635cc9cc8385@group-66EBCD3A31E1: set firstElectionSinceStartup to false for becomeLeader
2024-04-25 19:25:01,723 [b2172664-c1c5-4da6-8eba-635cc9cc8385@group-66EBCD3A31E1-LeaderElection25] INFO  ratis.XceiverServerRatis (XceiverServerRatis.java:handleLeaderChangedNotification(966)) - Leader change notification received for group: group-66EBCD3A31E1 with new leaderId: b2172664-c1c5-4da6-8eba-635cc9cc8385
2024-04-25 19:25:01,723 [b2172664-c1c5-4da6-8eba-635cc9cc8385@group-66EBCD3A31E1-LeaderElection25] INFO  server.RaftServer$Division (ServerState.java:setLeader(269)) - b2172664-c1c5-4da6-8eba-635cc9cc8385@group-66EBCD3A31E1: change Leader from null to b2172664-c1c5-4da6-8eba-635cc9cc8385 at term 1 for becomeLeader, leader elected after 5066ms
2024-04-25 19:25:01,724 [b2172664-c1c5-4da6-8eba-635cc9cc8385@group-66EBCD3A31E1-LeaderElection25] INFO  segmented.SegmentedRaftLogWorker (SegmentedRaftLogWorker.java:startLogSegment(430)) - b2172664-c1c5-4da6-8eba-635cc9cc8385@group-66EBCD3A31E1-SegmentedRaftLogWorker: Starting segment from index:0
2024-04-25 19:25:01,724 [b2172664-c1c5-4da6-8eba-635cc9cc8385@group-66EBCD3A31E1-SegmentedRaftLogWorker] INFO  segmented.BufferedWriteChannel (BufferedWriteChannel.java:open(62)) - open log_inprogress_0 at position 0
2024-04-25 19:25:01,728 [b2172664-c1c5-4da6-8eba-635cc9cc8385@group-66EBCD3A31E1-LeaderElection25] INFO  server.RaftServer$Division (ServerState.java:setRaftConf(386)) - b2172664-c1c5-4da6-8eba-635cc9cc8385@group-66EBCD3A31E1: set configuration 0: peers:[b2172664-c1c5-4da6-8eba-635cc9cc8385|127.0.0.1:15130]|listeners:[], old=null
2024-04-25 19:25:01,732 [b2172664-c1c5-4da6-8eba-635cc9cc8385@group-66EBCD3A31E1-SegmentedRaftLogWorker] INFO  segmented.SegmentedRaftLogWorker (SegmentedRaftLogWorker.java:execute(634)) - b2172664-c1c5-4da6-8eba-635cc9cc8385@group-66EBCD3A31E1-SegmentedRaftLogWorker: created new log segment /home/runner/work/ozone/ozone/hadoop-ozone/integration-test/target/test-dir/MiniOzoneClusterImpl-d2e81863-a659-4dd2-bdb8-fa97662d499c/ozone-meta/datanode-4/ratis/5859b496-42ce-4837-b131-66ebcd3a31e1/current/log_inprogress_0
2024-04-25 19:25:01,734 [b2172664-c1c5-4da6-8eba-635cc9cc8385@group-66EBCD3A31E1-StateMachineUpdater] INFO  server.RaftServer$Division (LeaderStateImpl.java:isApplied(320)) - leader is ready since appliedIndex == 0 >= startIndex == 0
2024-04-25 19:25:01,770 [957dcc0f-940f-48bb-84e1-bf54d09bb8cf@group-85D85CF4D242-FollowerState] INFO  impl.FollowerState (FollowerState.java:run(143)) - 957dcc0f-940f-48bb-84e1-bf54d09bb8cf@group-85D85CF4D242-FollowerState: change to CANDIDATE, lastRpcElapsedTime:5019047926ns, electionTimeout:5018ms
2024-04-25 19:25:01,770 [957dcc0f-940f-48bb-84e1-bf54d09bb8cf@group-85D85CF4D242-FollowerState] INFO  impl.RoleInfo (RoleInfo.java:shutdownFollowerState(110)) - 957dcc0f-940f-48bb-84e1-bf54d09bb8cf: shutdown 957dcc0f-940f-48bb-84e1-bf54d09bb8cf@group-85D85CF4D242-FollowerState
2024-04-25 19:25:01,770 [957dcc0f-940f-48bb-84e1-bf54d09bb8cf@group-85D85CF4D242-FollowerState] INFO  server.RaftServer$Division (RaftServerImpl.java:setRole(383)) - 957dcc0f-940f-48bb-84e1-bf54d09bb8cf@group-85D85CF4D242: changes role from  FOLLOWER to CANDIDATE at term 0 for changeToCandidate
2024-04-25 19:25:01,770 [957dcc0f-940f-48bb-84e1-bf54d09bb8cf@group-85D85CF4D242-FollowerState] INFO  server.RaftServerConfigKeys (ConfUtils.java:logGet(46)) - raft.server.leaderelection.pre-vote = true (default)
2024-04-25 19:25:01,770 [957dcc0f-940f-48bb-84e1-bf54d09bb8cf@group-85D85CF4D242-FollowerState] INFO  impl.RoleInfo (RoleInfo.java:updateAndGet(139)) - 957dcc0f-940f-48bb-84e1-bf54d09bb8cf: start 957dcc0f-940f-48bb-84e1-bf54d09bb8cf@group-85D85CF4D242-LeaderElection26
2024-04-25 19:25:01,770 [957dcc0f-940f-48bb-84e1-bf54d09bb8cf@group-85D85CF4D242-LeaderElection26] INFO  impl.LeaderElection (LeaderElection.java:askForVotes(321)) - 957dcc0f-940f-48bb-84e1-bf54d09bb8cf@group-85D85CF4D242-LeaderElection26 PRE_VOTE round 0: submit vote requests at term 0 for -1: peers:[957dcc0f-940f-48bb-84e1-bf54d09bb8cf|127.0.0.1:15139]|listeners:[], old=null
2024-04-25 19:25:01,771 [957dcc0f-940f-48bb-84e1-bf54d09bb8cf@group-85D85CF4D242-LeaderElection26] INFO  impl.LeaderElection (LeaderElection.java:askForVotes(323)) - 957dcc0f-940f-48bb-84e1-bf54d09bb8cf@group-85D85CF4D242-LeaderElection26 PRE_VOTE round 0: result PASSED (term=0)
2024-04-25 19:25:01,772 [957dcc0f-940f-48bb-84e1-bf54d09bb8cf@group-85D85CF4D242-LeaderElection26] INFO  impl.LeaderElection (LeaderElection.java:askForVotes(321)) - 957dcc0f-940f-48bb-84e1-bf54d09bb8cf@group-85D85CF4D242-LeaderElection26 ELECTION round 0: submit vote requests at term 1 for -1: peers:[957dcc0f-940f-48bb-84e1-bf54d09bb8cf|127.0.0.1:15139]|listeners:[], old=null
2024-04-25 19:25:01,772 [957dcc0f-940f-48bb-84e1-bf54d09bb8cf@group-85D85CF4D242-LeaderElection26] INFO  impl.LeaderElection (LeaderElection.java:askForVotes(323)) - 957dcc0f-940f-48bb-84e1-bf54d09bb8cf@group-85D85CF4D242-LeaderElection26 ELECTION round 0: result PASSED (term=1)
2024-04-25 19:25:01,772 [957dcc0f-940f-48bb-84e1-bf54d09bb8cf@group-85D85CF4D242-LeaderElection26] INFO  impl.RoleInfo (RoleInfo.java:shutdownLeaderElection(130)) - 957dcc0f-940f-48bb-84e1-bf54d09bb8cf: shutdown 957dcc0f-940f-48bb-84e1-bf54d09bb8cf@group-85D85CF4D242-LeaderElection26
2024-04-25 19:25:01,772 [957dcc0f-940f-48bb-84e1-bf54d09bb8cf@group-85D85CF4D242-LeaderElection26] INFO  server.RaftServer$Division (RaftServerImpl.java:setRole(383)) - 957dcc0f-940f-48bb-84e1-bf54d09bb8cf@group-85D85CF4D242: changes role from CANDIDATE to LEADER at term 1 for changeToLeader
2024-04-25 19:25:01,772 [957dcc0f-940f-48bb-84e1-bf54d09bb8cf@group-85D85CF4D242-LeaderElection26] INFO  server.RaftServerConfigKeys (ConfUtils.java:logGet(46)) - raft.server.staging.catchup.gap = 1000 (default)
2024-04-25 19:25:01,772 [957dcc0f-940f-48bb-84e1-bf54d09bb8cf@group-85D85CF4D242-LeaderElection26] INFO  server.RaftServerConfigKeys (ConfUtils.java:logGet(46)) - raft.server.write.element-limit = 1024 (custom)
2024-04-25 19:25:01,772 [957dcc0f-940f-48bb-84e1-bf54d09bb8cf@group-85D85CF4D242-LeaderElection26] INFO  server.RaftServerConfigKeys (ConfUtils.java:logGet(46)) - raft.server.write.byte-limit = 1024 M (=1073741824) (custom)
2024-04-25 19:25:01,772 [957dcc0f-940f-48bb-84e1-bf54d09bb8cf@group-85D85CF4D242-LeaderElection26] INFO  server.RaftServerConfigKeys (ConfUtils.java:logGet(46)) - raft.server.watch.timeout = 3000ms (custom)
2024-04-25 19:25:01,772 [957dcc0f-940f-48bb-84e1-bf54d09bb8cf@group-85D85CF4D242-LeaderElection26] INFO  server.RaftServerConfigKeys (ConfUtils.java:logGet(46)) - raft.server.watch.timeout.denomination = 1s (default)
2024-04-25 19:25:01,772 [957dcc0f-940f-48bb-84e1-bf54d09bb8cf@group-85D85CF4D242-LeaderElection26] INFO  server.RaftServerConfigKeys (ConfUtils.java:logGet(46)) - raft.server.watch.element-limit = 65536 (default)
2024-04-25 19:25:01,773 [957dcc0f-940f-48bb-84e1-bf54d09bb8cf@group-85D85CF4D242-LeaderElection26] INFO  server.RaftServerConfigKeys (ConfUtils.java:logGet(46)) - raft.server.read.leader.lease.enabled = false (default)
2024-04-25 19:25:01,773 [957dcc0f-940f-48bb-84e1-bf54d09bb8cf@group-85D85CF4D242-LeaderElection26] INFO  server.RaftServerConfigKeys (ConfUtils.java:logGet(46)) - raft.server.read.leader.lease.timeout.ratio = 0.9 (default)
2024-04-25 19:25:01,773 [957dcc0f-940f-48bb-84e1-bf54d09bb8cf@group-85D85CF4D242-LeaderElection26] INFO  server.RaftServerConfigKeys (ConfUtils.java:logGet(46)) - raft.server.rpc.timeout.min = 5s (custom)
2024-04-25 19:25:01,773 [957dcc0f-940f-48bb-84e1-bf54d09bb8cf@group-85D85CF4D242-LeaderElection26] INFO  server.RaftServerConfigKeys (ConfUtils.java:logGet(46)) - raft.server.write.element-limit = 1024 (custom)
2024-04-25 19:25:01,773 [957dcc0f-940f-48bb-84e1-bf54d09bb8cf@group-85D85CF4D242-LeaderElection26] INFO  server.RaftServerConfigKeys (ConfUtils.java:logGet(46)) - raft.server.write.follower.gap.ratio.max = -1.0 (default)
2024-04-25 19:25:01,773 [957dcc0f-940f-48bb-84e1-bf54d09bb8cf@group-85D85CF4D242-LeaderElection26] INFO  impl.RoleInfo (RoleInfo.java:updateAndGet(139)) - 957dcc0f-940f-48bb-84e1-bf54d09bb8cf: start 957dcc0f-940f-48bb-84e1-bf54d09bb8cf@group-85D85CF4D242-LeaderStateImpl
2024-04-25 19:25:01,773 [957dcc0f-940f-48bb-84e1-bf54d09bb8cf@group-85D85CF4D242-LeaderElection26] INFO  server.RaftServer$Division (RaftServerImpl.java:setFirstElection(574)) - 957dcc0f-940f-48bb-84e1-bf54d09bb8cf@group-85D85CF4D242: set firstElectionSinceStartup to false for becomeLeader
2024-04-25 19:25:01,773 [957dcc0f-940f-48bb-84e1-bf54d09bb8cf@group-85D85CF4D242-LeaderElection26] INFO  ratis.XceiverServerRatis (XceiverServerRatis.java:handleLeaderChangedNotification(966)) - Leader change notification received for group: group-85D85CF4D242 with new leaderId: 957dcc0f-940f-48bb-84e1-bf54d09bb8cf
2024-04-25 19:25:01,773 [957dcc0f-940f-48bb-84e1-bf54d09bb8cf@group-85D85CF4D242-LeaderElection26] INFO  server.RaftServer$Division (ServerState.java:setLeader(269)) - 957dcc0f-940f-48bb-84e1-bf54d09bb8cf@group-85D85CF4D242: change Leader from null to 957dcc0f-940f-48bb-84e1-bf54d09bb8cf at term 1 for becomeLeader, leader elected after 5036ms
2024-04-25 19:25:01,773 [957dcc0f-940f-48bb-84e1-bf54d09bb8cf@group-85D85CF4D242-LeaderElection26] INFO  segmented.SegmentedRaftLogWorker (SegmentedRaftLogWorker.java:startLogSegment(430)) - 957dcc0f-940f-48bb-84e1-bf54d09bb8cf@group-85D85CF4D242-SegmentedRaftLogWorker: Starting segment from index:0
2024-04-25 19:25:01,774 [957dcc0f-940f-48bb-84e1-bf54d09bb8cf@group-85D85CF4D242-SegmentedRaftLogWorker] INFO  segmented.BufferedWriteChannel (BufferedWriteChannel.java:open(62)) - open log_inprogress_0 at position 0
2024-04-25 19:25:01,774 [957dcc0f-940f-48bb-84e1-bf54d09bb8cf@group-85D85CF4D242-LeaderElection26] INFO  server.RaftServer$Division (ServerState.java:setRaftConf(386)) - 957dcc0f-940f-48bb-84e1-bf54d09bb8cf@group-85D85CF4D242: set configuration 0: peers:[957dcc0f-940f-48bb-84e1-bf54d09bb8cf|127.0.0.1:15139]|listeners:[], old=null
2024-04-25 19:25:01,782 [957dcc0f-940f-48bb-84e1-bf54d09bb8cf@group-85D85CF4D242-SegmentedRaftLogWorker] INFO  segmented.SegmentedRaftLogWorker (SegmentedRaftLogWorker.java:execute(634)) - 957dcc0f-940f-48bb-84e1-bf54d09bb8cf@group-85D85CF4D242-SegmentedRaftLogWorker: created new log segment /home/runner/work/ozone/ozone/hadoop-ozone/integration-test/target/test-dir/MiniOzoneClusterImpl-d2e81863-a659-4dd2-bdb8-fa97662d499c/ozone-meta/datanode-5/ratis/42041272-ef04-418d-9a3f-85d85cf4d242/current/log_inprogress_0
2024-04-25 19:25:01,783 [957dcc0f-940f-48bb-84e1-bf54d09bb8cf@group-85D85CF4D242-StateMachineUpdater] INFO  server.RaftServer$Division (LeaderStateImpl.java:isApplied(320)) - leader is ready since appliedIndex == 0 >= startIndex == 0
2024-04-25 19:25:01,794 [957dcc0f-940f-48bb-84e1-bf54d09bb8cf@group-0A078C4FBAC5-FollowerState] INFO  impl.FollowerState (FollowerState.java:run(143)) - 957dcc0f-940f-48bb-84e1-bf54d09bb8cf@group-0A078C4FBAC5-FollowerState: change to CANDIDATE, lastRpcElapsedTime:5060486451ns, electionTimeout:5060ms
2024-04-25 19:25:01,794 [957dcc0f-940f-48bb-84e1-bf54d09bb8cf@group-0A078C4FBAC5-FollowerState] INFO  impl.RoleInfo (RoleInfo.java:shutdownFollowerState(110)) - 957dcc0f-940f-48bb-84e1-bf54d09bb8cf: shutdown 957dcc0f-940f-48bb-84e1-bf54d09bb8cf@group-0A078C4FBAC5-FollowerState
2024-04-25 19:25:01,794 [957dcc0f-940f-48bb-84e1-bf54d09bb8cf@group-0A078C4FBAC5-FollowerState] INFO  server.RaftServer$Division (RaftServerImpl.java:setRole(383)) - 957dcc0f-940f-48bb-84e1-bf54d09bb8cf@group-0A078C4FBAC5: changes role from  FOLLOWER to CANDIDATE at term 0 for changeToCandidate
2024-04-25 19:25:01,794 [957dcc0f-940f-48bb-84e1-bf54d09bb8cf@group-0A078C4FBAC5-FollowerState] INFO  server.RaftServerConfigKeys (ConfUtils.java:logGet(46)) - raft.server.leaderelection.pre-vote = true (default)
2024-04-25 19:25:01,794 [957dcc0f-940f-48bb-84e1-bf54d09bb8cf@group-0A078C4FBAC5-FollowerState] INFO  impl.RoleInfo (RoleInfo.java:updateAndGet(139)) - 957dcc0f-940f-48bb-84e1-bf54d09bb8cf: start 957dcc0f-940f-48bb-84e1-bf54d09bb8cf@group-0A078C4FBAC5-LeaderElection27
2024-04-25 19:25:01,795 [957dcc0f-940f-48bb-84e1-bf54d09bb8cf@group-0A078C4FBAC5-LeaderElection27] INFO  impl.LeaderElection (LeaderElection.java:askForVotes(321)) - 957dcc0f-940f-48bb-84e1-bf54d09bb8cf@group-0A078C4FBAC5-LeaderElection27 PRE_VOTE round 0: submit vote requests at term 0 for -1: peers:[957dcc0f-940f-48bb-84e1-bf54d09bb8cf|127.0.0.1:15139, b2172664-c1c5-4da6-8eba-635cc9cc8385|127.0.0.1:15130, cedf47e1-7aa2-45e6-80d0-c614de566771|127.0.0.1:15148]|listeners:[], old=null
2024-04-25 19:25:01,795 [957dcc0f-940f-48bb-84e1-bf54d09bb8cf@group-0A078C4FBAC5-LeaderElection27-1] INFO  server.GrpcServerProtocolClient (GrpcServerProtocolClient.java:<init>(65)) - Build channel for b2172664-c1c5-4da6-8eba-635cc9cc8385|127.0.0.1:15130
2024-04-25 19:25:01,795 [957dcc0f-940f-48bb-84e1-bf54d09bb8cf@group-0A078C4FBAC5-LeaderElection27] INFO  server.RaftServerConfigKeys (ConfUtils.java:logFallback(53)) - raft.server.rpc.first-election.timeout.min = 5s (fallback to raft.server.rpc.timeout.min)
2024-04-25 19:25:01,795 [957dcc0f-940f-48bb-84e1-bf54d09bb8cf@group-0A078C4FBAC5-LeaderElection27] INFO  server.RaftServerConfigKeys (ConfUtils.java:logFallback(53)) - raft.server.rpc.first-election.timeout.max = 5200ms (fallback to raft.server.rpc.timeout.max)
2024-04-25 19:25:01,795 [957dcc0f-940f-48bb-84e1-bf54d09bb8cf@group-0A078C4FBAC5-LeaderElection27-2] INFO  server.GrpcServerProtocolClient (GrpcServerProtocolClient.java:<init>(65)) - Build channel for cedf47e1-7aa2-45e6-80d0-c614de566771|127.0.0.1:15148
2024-04-25 19:25:01,800 [grpc-default-executor-3] INFO  server.RaftServer$Division (RaftServerImpl.java:requestVote(1389)) - b2172664-c1c5-4da6-8eba-635cc9cc8385@group-0A078C4FBAC5: receive requestVote(PRE_VOTE, 957dcc0f-940f-48bb-84e1-bf54d09bb8cf, group-0A078C4FBAC5, 0, (t:0, i:0))
2024-04-25 19:25:01,800 [grpc-default-executor-3] INFO  impl.VoteContext (VoteContext.java:log(49)) - b2172664-c1c5-4da6-8eba-635cc9cc8385@group-0A078C4FBAC5-FOLLOWER: accept PRE_VOTE from 957dcc0f-940f-48bb-84e1-bf54d09bb8cf: our priority 0 <= candidate's priority 1
2024-04-25 19:25:01,800 [grpc-default-executor-3] INFO  server.RaftServer$Division (RaftServerImpl.java:requestVote(1422)) - b2172664-c1c5-4da6-8eba-635cc9cc8385@group-0A078C4FBAC5 replies to PRE_VOTE vote request: 957dcc0f-940f-48bb-84e1-bf54d09bb8cf<-b2172664-c1c5-4da6-8eba-635cc9cc8385#0:OK-t0. Peer's state: b2172664-c1c5-4da6-8eba-635cc9cc8385@group-0A078C4FBAC5:t0, leader=null, voted=, raftlog=Memoized:b2172664-c1c5-4da6-8eba-635cc9cc8385@group-0A078C4FBAC5-SegmentedRaftLog:OPENED:c-1, conf=-1: peers:[957dcc0f-940f-48bb-84e1-bf54d09bb8cf|127.0.0.1:15139, b2172664-c1c5-4da6-8eba-635cc9cc8385|127.0.0.1:15130, cedf47e1-7aa2-45e6-80d0-c614de566771|127.0.0.1:15148]|listeners:[], old=null
2024-04-25 19:25:01,801 [grpc-default-executor-4] INFO  server.RaftServer$Division (RaftServerImpl.java:requestVote(1389)) - cedf47e1-7aa2-45e6-80d0-c614de566771@group-0A078C4FBAC5: receive requestVote(PRE_VOTE, 957dcc0f-940f-48bb-84e1-bf54d09bb8cf, group-0A078C4FBAC5, 0, (t:0, i:0))
2024-04-25 19:25:01,801 [grpc-default-executor-4] INFO  impl.VoteContext (VoteContext.java:log(49)) - cedf47e1-7aa2-45e6-80d0-c614de566771@group-0A078C4FBAC5-FOLLOWER: accept PRE_VOTE from 957dcc0f-940f-48bb-84e1-bf54d09bb8cf: our priority 0 <= candidate's priority 1
2024-04-25 19:25:01,801 [grpc-default-executor-4] INFO  server.RaftServer$Division (RaftServerImpl.java:requestVote(1422)) - cedf47e1-7aa2-45e6-80d0-c614de566771@group-0A078C4FBAC5 replies to PRE_VOTE vote request: 957dcc0f-940f-48bb-84e1-bf54d09bb8cf<-cedf47e1-7aa2-45e6-80d0-c614de566771#0:OK-t0. Peer's state: cedf47e1-7aa2-45e6-80d0-c614de566771@group-0A078C4FBAC5:t0, leader=null, voted=, raftlog=Memoized:cedf47e1-7aa2-45e6-80d0-c614de566771@group-0A078C4FBAC5-SegmentedRaftLog:OPENED:c-1, conf=-1: peers:[957dcc0f-940f-48bb-84e1-bf54d09bb8cf|127.0.0.1:15139, b2172664-c1c5-4da6-8eba-635cc9cc8385|127.0.0.1:15130, cedf47e1-7aa2-45e6-80d0-c614de566771|127.0.0.1:15148]|listeners:[], old=null
2024-04-25 19:25:01,804 [957dcc0f-940f-48bb-84e1-bf54d09bb8cf@group-0A078C4FBAC5-LeaderElection27] INFO  impl.LeaderElection (LeaderElection.java:logAndReturn(89)) - 957dcc0f-940f-48bb-84e1-bf54d09bb8cf@group-0A078C4FBAC5-LeaderElection27: PRE_VOTE PASSED received 1 response(s) and 0 exception(s):
2024-04-25 19:25:01,804 [957dcc0f-940f-48bb-84e1-bf54d09bb8cf@group-0A078C4FBAC5-LeaderElection27] INFO  impl.LeaderElection (LeaderElection.java:logAndReturn(93)) -   Response 0: 957dcc0f-940f-48bb-84e1-bf54d09bb8cf<-b2172664-c1c5-4da6-8eba-635cc9cc8385#0:OK-t0
2024-04-25 19:25:01,804 [957dcc0f-940f-48bb-84e1-bf54d09bb8cf@group-0A078C4FBAC5-LeaderElection27] INFO  impl.LeaderElection (LeaderElection.java:askForVotes(323)) - 957dcc0f-940f-48bb-84e1-bf54d09bb8cf@group-0A078C4FBAC5-LeaderElection27 PRE_VOTE round 0: result PASSED
2024-04-25 19:25:01,805 [957dcc0f-940f-48bb-84e1-bf54d09bb8cf@group-0A078C4FBAC5-LeaderElection27] INFO  impl.LeaderElection (LeaderElection.java:askForVotes(321)) - 957dcc0f-940f-48bb-84e1-bf54d09bb8cf@group-0A078C4FBAC5-LeaderElection27 ELECTION round 0: submit vote requests at term 1 for -1: peers:[957dcc0f-940f-48bb-84e1-bf54d09bb8cf|127.0.0.1:15139, b2172664-c1c5-4da6-8eba-635cc9cc8385|127.0.0.1:15130, cedf47e1-7aa2-45e6-80d0-c614de566771|127.0.0.1:15148]|listeners:[], old=null
2024-04-25 19:25:01,805 [957dcc0f-940f-48bb-84e1-bf54d09bb8cf@group-0A078C4FBAC5-LeaderElection27] INFO  server.RaftServerConfigKeys (ConfUtils.java:logFallback(53)) - raft.server.rpc.first-election.timeout.min = 5s (fallback to raft.server.rpc.timeout.min)
2024-04-25 19:25:01,805 [957dcc0f-940f-48bb-84e1-bf54d09bb8cf@group-0A078C4FBAC5-LeaderElection27] INFO  server.RaftServerConfigKeys (ConfUtils.java:logFallback(53)) - raft.server.rpc.first-election.timeout.max = 5200ms (fallback to raft.server.rpc.timeout.max)
2024-04-25 19:25:01,806 [grpc-default-executor-4] INFO  server.RaftServer$Division (RaftServerImpl.java:requestVote(1389)) - b2172664-c1c5-4da6-8eba-635cc9cc8385@group-0A078C4FBAC5: receive requestVote(ELECTION, 957dcc0f-940f-48bb-84e1-bf54d09bb8cf, group-0A078C4FBAC5, 1, (t:0, i:0))
2024-04-25 19:25:01,806 [grpc-default-executor-4] INFO  impl.VoteContext (VoteContext.java:log(49)) - b2172664-c1c5-4da6-8eba-635cc9cc8385@group-0A078C4FBAC5-FOLLOWER: accept ELECTION from 957dcc0f-940f-48bb-84e1-bf54d09bb8cf: our priority 0 <= candidate's priority 1
2024-04-25 19:25:01,806 [grpc-default-executor-4] INFO  server.RaftServer$Division (RaftServerImpl.java:setRole(383)) - b2172664-c1c5-4da6-8eba-635cc9cc8385@group-0A078C4FBAC5: changes role from  FOLLOWER to FOLLOWER at term 1 for candidate:957dcc0f-940f-48bb-84e1-bf54d09bb8cf
2024-04-25 19:25:01,806 [grpc-default-executor-4] INFO  impl.RoleInfo (RoleInfo.java:shutdownFollowerState(110)) - b2172664-c1c5-4da6-8eba-635cc9cc8385: shutdown b2172664-c1c5-4da6-8eba-635cc9cc8385@group-0A078C4FBAC5-FollowerState
2024-04-25 19:25:01,806 [grpc-default-executor-4] INFO  impl.RoleInfo (RoleInfo.java:updateAndGet(139)) - b2172664-c1c5-4da6-8eba-635cc9cc8385: start b2172664-c1c5-4da6-8eba-635cc9cc8385@group-0A078C4FBAC5-FollowerState
2024-04-25 19:25:01,806 [grpc-default-executor-3] INFO  server.RaftServer$Division (RaftServerImpl.java:requestVote(1389)) - cedf47e1-7aa2-45e6-80d0-c614de566771@group-0A078C4FBAC5: receive requestVote(ELECTION, 957dcc0f-940f-48bb-84e1-bf54d09bb8cf, group-0A078C4FBAC5, 1, (t:0, i:0))
2024-04-25 19:25:01,806 [grpc-default-executor-4] INFO  server.RaftServer$Division (RaftServerImpl.java:setFirstElection(574)) - b2172664-c1c5-4da6-8eba-635cc9cc8385@group-0A078C4FBAC5: set firstElectionSinceStartup to false for candidate:957dcc0f-940f-48bb-84e1-bf54d09bb8cf
2024-04-25 19:25:01,807 [grpc-default-executor-3] INFO  impl.VoteContext (VoteContext.java:log(49)) - cedf47e1-7aa2-45e6-80d0-c614de566771@group-0A078C4FBAC5-FOLLOWER: accept ELECTION from 957dcc0f-940f-48bb-84e1-bf54d09bb8cf: our priority 0 <= candidate's priority 1
2024-04-25 19:25:01,807 [grpc-default-executor-3] INFO  server.RaftServer$Division (RaftServerImpl.java:setRole(383)) - cedf47e1-7aa2-45e6-80d0-c614de566771@group-0A078C4FBAC5: changes role from  FOLLOWER to FOLLOWER at term 1 for candidate:957dcc0f-940f-48bb-84e1-bf54d09bb8cf
2024-04-25 19:25:01,807 [grpc-default-executor-3] INFO  impl.RoleInfo (RoleInfo.java:shutdownFollowerState(110)) - cedf47e1-7aa2-45e6-80d0-c614de566771: shutdown cedf47e1-7aa2-45e6-80d0-c614de566771@group-0A078C4FBAC5-FollowerState
2024-04-25 19:25:01,807 [grpc-default-executor-3] INFO  impl.RoleInfo (RoleInfo.java:updateAndGet(139)) - cedf47e1-7aa2-45e6-80d0-c614de566771: start cedf47e1-7aa2-45e6-80d0-c614de566771@group-0A078C4FBAC5-FollowerState
2024-04-25 19:25:01,807 [cedf47e1-7aa2-45e6-80d0-c614de566771@group-0A078C4FBAC5-FollowerState] INFO  impl.FollowerState (FollowerState.java:run(152)) - cedf47e1-7aa2-45e6-80d0-c614de566771@group-0A078C4FBAC5-FollowerState was interrupted
2024-04-25 19:25:01,807 [b2172664-c1c5-4da6-8eba-635cc9cc8385@group-0A078C4FBAC5-FollowerState] INFO  impl.FollowerState (FollowerState.java:run(152)) - b2172664-c1c5-4da6-8eba-635cc9cc8385@group-0A078C4FBAC5-FollowerState was interrupted
2024-04-25 19:25:01,807 [grpc-default-executor-3] INFO  server.RaftServer$Division (RaftServerImpl.java:setFirstElection(574)) - cedf47e1-7aa2-45e6-80d0-c614de566771@group-0A078C4FBAC5: set firstElectionSinceStartup to false for candidate:957dcc0f-940f-48bb-84e1-bf54d09bb8cf
2024-04-25 19:25:01,808 [grpc-default-executor-3] INFO  server.RaftServer$Division (RaftServerImpl.java:requestVote(1422)) - cedf47e1-7aa2-45e6-80d0-c614de566771@group-0A078C4FBAC5 replies to ELECTION vote request: 957dcc0f-940f-48bb-84e1-bf54d09bb8cf<-cedf47e1-7aa2-45e6-80d0-c614de566771#0:OK-t1. Peer's state: cedf47e1-7aa2-45e6-80d0-c614de566771@group-0A078C4FBAC5:t1, leader=null, voted=957dcc0f-940f-48bb-84e1-bf54d09bb8cf, raftlog=Memoized:cedf47e1-7aa2-45e6-80d0-c614de566771@group-0A078C4FBAC5-SegmentedRaftLog:OPENED:c-1, conf=-1: peers:[957dcc0f-940f-48bb-84e1-bf54d09bb8cf|127.0.0.1:15139, b2172664-c1c5-4da6-8eba-635cc9cc8385|127.0.0.1:15130, cedf47e1-7aa2-45e6-80d0-c614de566771|127.0.0.1:15148]|listeners:[], old=null
2024-04-25 19:25:01,809 [957dcc0f-940f-48bb-84e1-bf54d09bb8cf@group-0A078C4FBAC5-LeaderElection27] INFO  impl.LeaderElection (LeaderElection.java:logAndReturn(89)) - 957dcc0f-940f-48bb-84e1-bf54d09bb8cf@group-0A078C4FBAC5-LeaderElection27: ELECTION PASSED received 1 response(s) and 0 exception(s):
2024-04-25 19:25:01,809 [grpc-default-executor-4] INFO  server.RaftServer$Division (RaftServerImpl.java:requestVote(1422)) - b2172664-c1c5-4da6-8eba-635cc9cc8385@group-0A078C4FBAC5 replies to ELECTION vote request: 957dcc0f-940f-48bb-84e1-bf54d09bb8cf<-b2172664-c1c5-4da6-8eba-635cc9cc8385#0:OK-t1. Peer's state: b2172664-c1c5-4da6-8eba-635cc9cc8385@group-0A078C4FBAC5:t1, leader=null, voted=957dcc0f-940f-48bb-84e1-bf54d09bb8cf, raftlog=Memoized:b2172664-c1c5-4da6-8eba-635cc9cc8385@group-0A078C4FBAC5-SegmentedRaftLog:OPENED:c-1, conf=-1: peers:[957dcc0f-940f-48bb-84e1-bf54d09bb8cf|127.0.0.1:15139, b2172664-c1c5-4da6-8eba-635cc9cc8385|127.0.0.1:15130, cedf47e1-7aa2-45e6-80d0-c614de566771|127.0.0.1:15148]|listeners:[], old=null
2024-04-25 19:25:01,809 [957dcc0f-940f-48bb-84e1-bf54d09bb8cf@group-0A078C4FBAC5-LeaderElection27] INFO  impl.LeaderElection (LeaderElection.java:logAndReturn(93)) -   Response 0: 957dcc0f-940f-48bb-84e1-bf54d09bb8cf<-cedf47e1-7aa2-45e6-80d0-c614de566771#0:OK-t1
2024-04-25 19:25:01,810 [957dcc0f-940f-48bb-84e1-bf54d09bb8cf@group-0A078C4FBAC5-LeaderElection27] INFO  impl.LeaderElection (LeaderElection.java:askForVotes(323)) - 957dcc0f-940f-48bb-84e1-bf54d09bb8cf@group-0A078C4FBAC5-LeaderElection27 ELECTION round 0: result PASSED
2024-04-25 19:25:01,810 [957dcc0f-940f-48bb-84e1-bf54d09bb8cf@group-0A078C4FBAC5-LeaderElection27] INFO  impl.RoleInfo (RoleInfo.java:shutdownLeaderElection(130)) - 957dcc0f-940f-48bb-84e1-bf54d09bb8cf: shutdown 957dcc0f-940f-48bb-84e1-bf54d09bb8cf@group-0A078C4FBAC5-LeaderElection27
2024-04-25 19:25:01,810 [957dcc0f-940f-48bb-84e1-bf54d09bb8cf@group-0A078C4FBAC5-LeaderElection27] INFO  server.RaftServer$Division (RaftServerImpl.java:setRole(383)) - 957dcc0f-940f-48bb-84e1-bf54d09bb8cf@group-0A078C4FBAC5: changes role from CANDIDATE to LEADER at term 1 for changeToLeader
2024-04-25 19:25:01,810 [957dcc0f-940f-48bb-84e1-bf54d09bb8cf@group-0A078C4FBAC5-LeaderElection27] INFO  server.RaftServerConfigKeys (ConfUtils.java:logGet(46)) - raft.server.staging.catchup.gap = 1000 (default)
2024-04-25 19:25:01,810 [957dcc0f-940f-48bb-84e1-bf54d09bb8cf@group-0A078C4FBAC5-LeaderElection27] INFO  server.RaftServerConfigKeys (ConfUtils.java:logGet(46)) - raft.server.write.element-limit = 1024 (custom)
2024-04-25 19:25:01,810 [957dcc0f-940f-48bb-84e1-bf54d09bb8cf@group-0A078C4FBAC5-LeaderElection27] INFO  server.RaftServerConfigKeys (ConfUtils.java:logGet(46)) - raft.server.write.byte-limit = 1024 M (=1073741824) (custom)
2024-04-25 19:25:01,811 [957dcc0f-940f-48bb-84e1-bf54d09bb8cf@group-0A078C4FBAC5-LeaderElection27] INFO  server.RaftServerConfigKeys (ConfUtils.java:logGet(46)) - raft.server.watch.timeout = 3000ms (custom)
2024-04-25 19:25:01,811 [957dcc0f-940f-48bb-84e1-bf54d09bb8cf@group-0A078C4FBAC5-LeaderElection27] INFO  server.RaftServerConfigKeys (ConfUtils.java:logGet(46)) - raft.server.watch.timeout.denomination = 1s (default)
2024-04-25 19:25:01,811 [957dcc0f-940f-48bb-84e1-bf54d09bb8cf@group-0A078C4FBAC5-LeaderElection27] INFO  server.RaftServerConfigKeys (ConfUtils.java:logGet(46)) - raft.server.watch.element-limit = 65536 (default)
2024-04-25 19:25:01,811 [957dcc0f-940f-48bb-84e1-bf54d09bb8cf@group-0A078C4FBAC5-LeaderElection27] INFO  server.RaftServerConfigKeys (ConfUtils.java:logGet(46)) - raft.server.read.leader.lease.enabled = false (default)
2024-04-25 19:25:01,811 [957dcc0f-940f-48bb-84e1-bf54d09bb8cf@group-0A078C4FBAC5-LeaderElection27] INFO  server.RaftServerConfigKeys (ConfUtils.java:logGet(46)) - raft.server.read.leader.lease.timeout.ratio = 0.9 (default)
2024-04-25 19:25:01,811 [957dcc0f-940f-48bb-84e1-bf54d09bb8cf@group-0A078C4FBAC5-LeaderElection27] INFO  server.RaftServerConfigKeys (ConfUtils.java:logGet(46)) - raft.server.rpc.timeout.min = 5s (custom)
2024-04-25 19:25:01,811 [957dcc0f-940f-48bb-84e1-bf54d09bb8cf@group-0A078C4FBAC5-LeaderElection27] INFO  server.RaftServerConfigKeys (ConfUtils.java:logGet(46)) - raft.server.write.element-limit = 1024 (custom)
2024-04-25 19:25:01,811 [957dcc0f-940f-48bb-84e1-bf54d09bb8cf@group-0A078C4FBAC5-LeaderElection27] INFO  server.RaftServerConfigKeys (ConfUtils.java:logGet(46)) - raft.server.write.follower.gap.ratio.max = -1.0 (default)
2024-04-25 19:25:01,812 [957dcc0f-940f-48bb-84e1-bf54d09bb8cf@group-0A078C4FBAC5-LeaderElection27] INFO  server.RaftServerConfigKeys (ConfUtils.java:logGet(46)) - raft.server.log.appender.snapshot.chunk.size.max = 16MB (=16777216) (default)
2024-04-25 19:25:01,812 [957dcc0f-940f-48bb-84e1-bf54d09bb8cf@group-0A078C4FBAC5-LeaderElection27] INFO  server.RaftServerConfigKeys (ConfUtils.java:logGet(46)) - raft.server.log.appender.buffer.byte-limit = 8388608 (custom)
2024-04-25 19:25:01,812 [957dcc0f-940f-48bb-84e1-bf54d09bb8cf@group-0A078C4FBAC5-LeaderElection27] INFO  server.RaftServerConfigKeys (ConfUtils.java:logGet(46)) - raft.server.log.appender.buffer.element-limit = 1 (custom)
2024-04-25 19:25:01,812 [957dcc0f-940f-48bb-84e1-bf54d09bb8cf@group-0A078C4FBAC5-LeaderElection27] INFO  server.RaftServerConfigKeys (ConfUtils.java:logGet(46)) - raft.server.log.appender.wait-time.min = 0ms (custom)
2024-04-25 19:25:01,812 [957dcc0f-940f-48bb-84e1-bf54d09bb8cf@group-0A078C4FBAC5-LeaderElection27] INFO  grpc.GrpcConfigKeys (ConfUtils.java:logGet(46)) - raft.grpc.server.leader.outstanding.appends.max = 8 (default)
2024-04-25 19:25:01,812 [957dcc0f-940f-48bb-84e1-bf54d09bb8cf@group-0A078C4FBAC5-LeaderElection27] INFO  server.RaftServerConfigKeys (ConfUtils.java:logGet(46)) - raft.server.rpc.request.timeout = 3000ms (default)
2024-04-25 19:25:01,812 [957dcc0f-940f-48bb-84e1-bf54d09bb8cf@group-0A078C4FBAC5-LeaderElection27] INFO  grpc.GrpcConfigKeys (ConfUtils.java:logGet(46)) - raft.grpc.server.install_snapshot.request.element-limit = 8 (default)
2024-04-25 19:25:01,812 [957dcc0f-940f-48bb-84e1-bf54d09bb8cf@group-0A078C4FBAC5-LeaderElection27] INFO  grpc.GrpcConfigKeys (ConfUtils.java:logGet(46)) - raft.grpc.server.install_snapshot.request.timeout = 3000ms (default)
2024-04-25 19:25:01,813 [957dcc0f-940f-48bb-84e1-bf54d09bb8cf@group-0A078C4FBAC5-LeaderElection27] INFO  grpc.GrpcConfigKeys (ConfUtils.java:logGet(46)) - raft.grpc.server.log-message.batch.duration = 5s (default)
2024-04-25 19:25:01,813 [957dcc0f-940f-48bb-84e1-bf54d09bb8cf@group-0A078C4FBAC5-LeaderElection27] INFO  server.RaftServerConfigKeys (ConfUtils.java:logGet(46)) - raft.server.log.appender.install.snapshot.enabled = false (custom)
2024-04-25 19:25:01,813 [957dcc0f-940f-48bb-84e1-bf54d09bb8cf@group-0A078C4FBAC5-LeaderElection27] INFO  grpc.GrpcConfigKeys (ConfUtils.java:logGet(46)) - raft.grpc.server.heartbeat.channel = true (default)
2024-04-25 19:25:01,813 [957dcc0f-940f-48bb-84e1-bf54d09bb8cf@group-0A078C4FBAC5-LeaderElection27] INFO  server.RaftServerConfigKeys (ConfUtils.java:logGet(46)) - raft.server.log.appender.snapshot.chunk.size.max = 16MB (=16777216) (default)
2024-04-25 19:25:01,814 [957dcc0f-940f-48bb-84e1-bf54d09bb8cf@group-0A078C4FBAC5-LeaderElection27] INFO  server.RaftServerConfigKeys (ConfUtils.java:logGet(46)) - raft.server.log.appender.buffer.byte-limit = 8388608 (custom)
2024-04-25 19:25:01,814 [957dcc0f-940f-48bb-84e1-bf54d09bb8cf@group-0A078C4FBAC5-LeaderElection27] INFO  server.RaftServerConfigKeys (ConfUtils.java:logGet(46)) - raft.server.log.appender.buffer.element-limit = 1 (custom)
2024-04-25 19:25:01,814 [957dcc0f-940f-48bb-84e1-bf54d09bb8cf@group-0A078C4FBAC5-LeaderElection27] INFO  server.RaftServerConfigKeys (ConfUtils.java:logGet(46)) - raft.server.log.appender.wait-time.min = 0ms (custom)
2024-04-25 19:25:01,814 [957dcc0f-940f-48bb-84e1-bf54d09bb8cf@group-0A078C4FBAC5-LeaderElection27] INFO  grpc.GrpcConfigKeys (ConfUtils.java:logGet(46)) - raft.grpc.server.leader.outstanding.appends.max = 8 (default)
2024-04-25 19:25:01,814 [957dcc0f-940f-48bb-84e1-bf54d09bb8cf@group-0A078C4FBAC5-LeaderElection27] INFO  server.RaftServerConfigKeys (ConfUtils.java:logGet(46)) - raft.server.rpc.request.timeout = 3000ms (default)
2024-04-25 19:25:01,814 [957dcc0f-940f-48bb-84e1-bf54d09bb8cf@group-0A078C4FBAC5-LeaderElection27] INFO  grpc.GrpcConfigKeys (ConfUtils.java:logGet(46)) - raft.grpc.server.install_snapshot.request.element-limit = 8 (default)
2024-04-25 19:25:01,814 [957dcc0f-940f-48bb-84e1-bf54d09bb8cf@group-0A078C4FBAC5-LeaderElection27] INFO  grpc.GrpcConfigKeys (ConfUtils.java:logGet(46)) - raft.grpc.server.install_snapshot.request.timeout = 3000ms (default)
2024-04-25 19:25:01,814 [957dcc0f-940f-48bb-84e1-bf54d09bb8cf@group-0A078C4FBAC5-LeaderElection27] INFO  grpc.GrpcConfigKeys (ConfUtils.java:logGet(46)) - raft.grpc.server.log-message.batch.duration = 5s (default)
2024-04-25 19:25:01,814 [957dcc0f-940f-48bb-84e1-bf54d09bb8cf@group-0A078C4FBAC5-LeaderElection27] INFO  server.RaftServerConfigKeys (ConfUtils.java:logGet(46)) - raft.server.log.appender.install.snapshot.enabled = false (custom)
2024-04-25 19:25:01,814 [957dcc0f-940f-48bb-84e1-bf54d09bb8cf@group-0A078C4FBAC5-LeaderElection27] INFO  grpc.GrpcConfigKeys (ConfUtils.java:logGet(46)) - raft.grpc.server.heartbeat.channel = true (default)
2024-04-25 19:25:01,814 [957dcc0f-940f-48bb-84e1-bf54d09bb8cf@group-0A078C4FBAC5-LeaderElection27] INFO  impl.RoleInfo (RoleInfo.java:updateAndGet(139)) - 957dcc0f-940f-48bb-84e1-bf54d09bb8cf: start 957dcc0f-940f-48bb-84e1-bf54d09bb8cf@group-0A078C4FBAC5-LeaderStateImpl
2024-04-25 19:25:01,814 [957dcc0f-940f-48bb-84e1-bf54d09bb8cf@group-0A078C4FBAC5-LeaderElection27] INFO  server.RaftServer$Division (RaftServerImpl.java:setFirstElection(574)) - 957dcc0f-940f-48bb-84e1-bf54d09bb8cf@group-0A078C4FBAC5: set firstElectionSinceStartup to false for becomeLeader
2024-04-25 19:25:01,814 [957dcc0f-940f-48bb-84e1-bf54d09bb8cf@group-0A078C4FBAC5-LeaderElection27] INFO  ratis.XceiverServerRatis (XceiverServerRatis.java:handleLeaderChangedNotification(966)) - Leader change notification received for group: group-0A078C4FBAC5 with new leaderId: 957dcc0f-940f-48bb-84e1-bf54d09bb8cf
2024-04-25 19:25:01,815 [957dcc0f-940f-48bb-84e1-bf54d09bb8cf@group-0A078C4FBAC5-LeaderElection27] INFO  server.RaftServer$Division (ServerState.java:setLeader(269)) - 957dcc0f-940f-48bb-84e1-bf54d09bb8cf@group-0A078C4FBAC5: change Leader from null to 957dcc0f-940f-48bb-84e1-bf54d09bb8cf at term 1 for becomeLeader, leader elected after 5092ms
2024-04-25 19:25:01,815 [957dcc0f-940f-48bb-84e1-bf54d09bb8cf@group-0A078C4FBAC5-LeaderElection27] INFO  segmented.SegmentedRaftLogWorker (SegmentedRaftLogWorker.java:startLogSegment(430)) - 957dcc0f-940f-48bb-84e1-bf54d09bb8cf@group-0A078C4FBAC5-SegmentedRaftLogWorker: Starting segment from index:0
2024-04-25 19:25:01,816 [957dcc0f-940f-48bb-84e1-bf54d09bb8cf@group-0A078C4FBAC5-SegmentedRaftLogWorker] INFO  segmented.BufferedWriteChannel (BufferedWriteChannel.java:open(62)) - open log_inprogress_0 at position 0
2024-04-25 19:25:01,817 [EventQueue-PipelineReportForPipelineReportHandler] INFO  pipeline.PipelineReportHandler (PipelineReportHandler.java:processPipelineReport(136)) - Opened pipeline PipelineID=50067c24-8fa3-4690-ab5f-0a078c4fbac5
2024-04-25 19:25:01,818 [957dcc0f-940f-48bb-84e1-bf54d09bb8cf@group-0A078C4FBAC5-LeaderElection27] INFO  server.RaftServer$Division (ServerState.java:setRaftConf(386)) - 957dcc0f-940f-48bb-84e1-bf54d09bb8cf@group-0A078C4FBAC5: set configuration 0: peers:[957dcc0f-940f-48bb-84e1-bf54d09bb8cf|127.0.0.1:15139, b2172664-c1c5-4da6-8eba-635cc9cc8385|127.0.0.1:15130, cedf47e1-7aa2-45e6-80d0-c614de566771|127.0.0.1:15148]|listeners:[], old=null
2024-04-25 19:25:01,823 [957dcc0f-940f-48bb-84e1-bf54d09bb8cf@group-0A078C4FBAC5-SegmentedRaftLogWorker] INFO  segmented.SegmentedRaftLogWorker (SegmentedRaftLogWorker.java:execute(634)) - 957dcc0f-940f-48bb-84e1-bf54d09bb8cf@group-0A078C4FBAC5-SegmentedRaftLogWorker: created new log segment /home/runner/work/ozone/ozone/hadoop-ozone/integration-test/target/test-dir/MiniOzoneClusterImpl-d2e81863-a659-4dd2-bdb8-fa97662d499c/ozone-meta/datanode-5/ratis/50067c24-8fa3-4690-ab5f-0a078c4fbac5/current/log_inprogress_0
2024-04-25 19:25:01,826 [cedf47e1-7aa2-45e6-80d0-c614de566771-server-thread1] INFO  ratis.XceiverServerRatis (XceiverServerRatis.java:handleLeaderChangedNotification(966)) - Leader change notification received for group: group-0A078C4FBAC5 with new leaderId: 957dcc0f-940f-48bb-84e1-bf54d09bb8cf
2024-04-25 19:25:01,826 [cedf47e1-7aa2-45e6-80d0-c614de566771-server-thread1] INFO  server.RaftServer$Division (ServerState.java:setLeader(269)) - cedf47e1-7aa2-45e6-80d0-c614de566771@group-0A078C4FBAC5: change Leader from null to 957dcc0f-940f-48bb-84e1-bf54d09bb8cf at term 1 for appendEntries, leader elected after 5129ms
2024-04-25 19:25:01,827 [cedf47e1-7aa2-45e6-80d0-c614de566771-server-thread2] INFO  server.RaftServer$Division (ServerState.java:setRaftConf(386)) - cedf47e1-7aa2-45e6-80d0-c614de566771@group-0A078C4FBAC5: set configuration 0: peers:[957dcc0f-940f-48bb-84e1-bf54d09bb8cf|127.0.0.1:15139, b2172664-c1c5-4da6-8eba-635cc9cc8385|127.0.0.1:15130, cedf47e1-7aa2-45e6-80d0-c614de566771|127.0.0.1:15148]|listeners:[], old=null
2024-04-25 19:25:01,827 [cedf47e1-7aa2-45e6-80d0-c614de566771-server-thread2] INFO  segmented.SegmentedRaftLogWorker (SegmentedRaftLogWorker.java:startLogSegment(430)) - cedf47e1-7aa2-45e6-80d0-c614de566771@group-0A078C4FBAC5-SegmentedRaftLogWorker: Starting segment from index:0
2024-04-25 19:25:01,827 [cedf47e1-7aa2-45e6-80d0-c614de566771@group-0A078C4FBAC5-SegmentedRaftLogWorker] INFO  segmented.BufferedWriteChannel (BufferedWriteChannel.java:open(62)) - open log_inprogress_0 at position 0
2024-04-25 19:25:01,832 [b2172664-c1c5-4da6-8eba-635cc9cc8385-server-thread1] INFO  ratis.XceiverServerRatis (XceiverServerRatis.java:handleLeaderChangedNotification(966)) - Leader change notification received for group: group-0A078C4FBAC5 with new leaderId: 957dcc0f-940f-48bb-84e1-bf54d09bb8cf
2024-04-25 19:25:01,832 [b2172664-c1c5-4da6-8eba-635cc9cc8385-server-thread1] INFO  server.RaftServer$Division (ServerState.java:setLeader(269)) - b2172664-c1c5-4da6-8eba-635cc9cc8385@group-0A078C4FBAC5: change Leader from null to 957dcc0f-940f-48bb-84e1-bf54d09bb8cf at term 1 for appendEntries, leader elected after 5161ms
2024-04-25 19:25:01,834 [cedf47e1-7aa2-45e6-80d0-c614de566771@group-0A078C4FBAC5-SegmentedRaftLogWorker] INFO  segmented.SegmentedRaftLogWorker (SegmentedRaftLogWorker.java:execute(634)) - cedf47e1-7aa2-45e6-80d0-c614de566771@group-0A078C4FBAC5-SegmentedRaftLogWorker: created new log segment /home/runner/work/ozone/ozone/hadoop-ozone/integration-test/target/test-dir/MiniOzoneClusterImpl-d2e81863-a659-4dd2-bdb8-fa97662d499c/ozone-meta/datanode-6/ratis/50067c24-8fa3-4690-ab5f-0a078c4fbac5/current/log_inprogress_0
2024-04-25 19:25:01,838 [957dcc0f-940f-48bb-84e1-bf54d09bb8cf@group-0A078C4FBAC5-StateMachineUpdater] INFO  server.RaftServer$Division (LeaderStateImpl.java:isApplied(320)) - leader is ready since appliedIndex == 0 >= startIndex == 0
2024-04-25 19:25:01,840 [b2172664-c1c5-4da6-8eba-635cc9cc8385-server-thread2] INFO  server.RaftServer$Division (ServerState.java:setRaftConf(386)) - b2172664-c1c5-4da6-8eba-635cc9cc8385@group-0A078C4FBAC5: set configuration 0: peers:[957dcc0f-940f-48bb-84e1-bf54d09bb8cf|127.0.0.1:15139, b2172664-c1c5-4da6-8eba-635cc9cc8385|127.0.0.1:15130, cedf47e1-7aa2-45e6-80d0-c614de566771|127.0.0.1:15148]|listeners:[], old=null
2024-04-25 19:25:01,841 [b2172664-c1c5-4da6-8eba-635cc9cc8385-server-thread2] INFO  segmented.SegmentedRaftLogWorker (SegmentedRaftLogWorker.java:startLogSegment(430)) - b2172664-c1c5-4da6-8eba-635cc9cc8385@group-0A078C4FBAC5-SegmentedRaftLogWorker: Starting segment from index:0
2024-04-25 19:25:01,841 [b2172664-c1c5-4da6-8eba-635cc9cc8385@group-0A078C4FBAC5-SegmentedRaftLogWorker] INFO  segmented.BufferedWriteChannel (BufferedWriteChannel.java:open(62)) - open log_inprogress_0 at position 0
2024-04-25 19:25:01,849 [b2172664-c1c5-4da6-8eba-635cc9cc8385@group-0A078C4FBAC5-SegmentedRaftLogWorker] INFO  segmented.SegmentedRaftLogWorker (SegmentedRaftLogWorker.java:execute(634)) - b2172664-c1c5-4da6-8eba-635cc9cc8385@group-0A078C4FBAC5-SegmentedRaftLogWorker: created new log segment /home/runner/work/ozone/ozone/hadoop-ozone/integration-test/target/test-dir/MiniOzoneClusterImpl-d2e81863-a659-4dd2-bdb8-fa97662d499c/ozone-meta/datanode-4/ratis/50067c24-8fa3-4690-ab5f-0a078c4fbac5/current/log_inprogress_0
2024-04-25 19:25:01,930 [cedf47e1-7aa2-45e6-80d0-c614de566771@group-D40257E590A6-FollowerState] INFO  impl.FollowerState (FollowerState.java:run(143)) - cedf47e1-7aa2-45e6-80d0-c614de566771@group-D40257E590A6-FollowerState: change to CANDIDATE, lastRpcElapsedTime:5095232638ns, electionTimeout:5094ms
2024-04-25 19:25:01,930 [cedf47e1-7aa2-45e6-80d0-c614de566771@group-D40257E590A6-FollowerState] INFO  impl.RoleInfo (RoleInfo.java:shutdownFollowerState(110)) - cedf47e1-7aa2-45e6-80d0-c614de566771: shutdown cedf47e1-7aa2-45e6-80d0-c614de566771@group-D40257E590A6-FollowerState
2024-04-25 19:25:01,931 [cedf47e1-7aa2-45e6-80d0-c614de566771@group-D40257E590A6-FollowerState] INFO  server.RaftServer$Division (RaftServerImpl.java:setRole(383)) - cedf47e1-7aa2-45e6-80d0-c614de566771@group-D40257E590A6: changes role from  FOLLOWER to CANDIDATE at term 0 for changeToCandidate
2024-04-25 19:25:01,931 [cedf47e1-7aa2-45e6-80d0-c614de566771@group-D40257E590A6-FollowerState] INFO  server.RaftServerConfigKeys (ConfUtils.java:logGet(46)) - raft.server.leaderelection.pre-vote = true (default)
2024-04-25 19:25:01,931 [cedf47e1-7aa2-45e6-80d0-c614de566771@group-D40257E590A6-FollowerState] INFO  impl.RoleInfo (RoleInfo.java:updateAndGet(139)) - cedf47e1-7aa2-45e6-80d0-c614de566771: start cedf47e1-7aa2-45e6-80d0-c614de566771@group-D40257E590A6-LeaderElection28
2024-04-25 19:25:01,931 [cedf47e1-7aa2-45e6-80d0-c614de566771@group-D40257E590A6-LeaderElection28] INFO  impl.LeaderElection (LeaderElection.java:askForVotes(321)) - cedf47e1-7aa2-45e6-80d0-c614de566771@group-D40257E590A6-LeaderElection28 PRE_VOTE round 0: submit vote requests at term 0 for -1: peers:[cedf47e1-7aa2-45e6-80d0-c614de566771|127.0.0.1:15148]|listeners:[], old=null
2024-04-25 19:25:01,931 [cedf47e1-7aa2-45e6-80d0-c614de566771@group-D40257E590A6-LeaderElection28] INFO  impl.LeaderElection (LeaderElection.java:askForVotes(323)) - cedf47e1-7aa2-45e6-80d0-c614de566771@group-D40257E590A6-LeaderElection28 PRE_VOTE round 0: result PASSED (term=0)
2024-04-25 19:25:01,933 [cedf47e1-7aa2-45e6-80d0-c614de566771@group-D40257E590A6-LeaderElection28] INFO  impl.LeaderElection (LeaderElection.java:askForVotes(321)) - cedf47e1-7aa2-45e6-80d0-c614de566771@group-D40257E590A6-LeaderElection28 ELECTION round 0: submit vote requests at term 1 for -1: peers:[cedf47e1-7aa2-45e6-80d0-c614de566771|127.0.0.1:15148]|listeners:[], old=null
2024-04-25 19:25:01,933 [cedf47e1-7aa2-45e6-80d0-c614de566771@group-D40257E590A6-LeaderElection28] INFO  impl.LeaderElection (LeaderElection.java:askForVotes(323)) - cedf47e1-7aa2-45e6-80d0-c614de566771@group-D40257E590A6-LeaderElection28 ELECTION round 0: result PASSED (term=1)
2024-04-25 19:25:01,933 [cedf47e1-7aa2-45e6-80d0-c614de566771@group-D40257E590A6-LeaderElection28] INFO  impl.RoleInfo (RoleInfo.java:shutdownLeaderElection(130)) - cedf47e1-7aa2-45e6-80d0-c614de566771: shutdown cedf47e1-7aa2-45e6-80d0-c614de566771@group-D40257E590A6-LeaderElection28
2024-04-25 19:25:01,933 [cedf47e1-7aa2-45e6-80d0-c614de566771@group-D40257E590A6-LeaderElection28] INFO  server.RaftServer$Division (RaftServerImpl.java:setRole(383)) - cedf47e1-7aa2-45e6-80d0-c614de566771@group-D40257E590A6: changes role from CANDIDATE to LEADER at term 1 for changeToLeader
2024-04-25 19:25:01,933 [cedf47e1-7aa2-45e6-80d0-c614de566771@group-D40257E590A6-LeaderElection28] INFO  server.RaftServerConfigKeys (ConfUtils.java:logGet(46)) - raft.server.staging.catchup.gap = 1000 (default)
2024-04-25 19:25:01,933 [cedf47e1-7aa2-45e6-80d0-c614de566771@group-D40257E590A6-LeaderElection28] INFO  server.RaftServerConfigKeys (ConfUtils.java:logGet(46)) - raft.server.write.element-limit = 1024 (custom)
2024-04-25 19:25:01,933 [cedf47e1-7aa2-45e6-80d0-c614de566771@group-D40257E590A6-LeaderElection28] INFO  server.RaftServerConfigKeys (ConfUtils.java:logGet(46)) - raft.server.write.byte-limit = 1024 M (=1073741824) (custom)
2024-04-25 19:25:01,934 [cedf47e1-7aa2-45e6-80d0-c614de566771@group-D40257E590A6-LeaderElection28] INFO  server.RaftServerConfigKeys (ConfUtils.java:logGet(46)) - raft.server.watch.timeout = 3000ms (custom)
2024-04-25 19:25:01,934 [cedf47e1-7aa2-45e6-80d0-c614de566771@group-D40257E590A6-LeaderElection28] INFO  server.RaftServerConfigKeys (ConfUtils.java:logGet(46)) - raft.server.watch.timeout.denomination = 1s (default)
2024-04-25 19:25:01,934 [cedf47e1-7aa2-45e6-80d0-c614de566771@group-D40257E590A6-LeaderElection28] INFO  server.RaftServerConfigKeys (ConfUtils.java:logGet(46)) - raft.server.watch.element-limit = 65536 (default)
2024-04-25 19:25:01,934 [cedf47e1-7aa2-45e6-80d0-c614de566771@group-D40257E590A6-LeaderElection28] INFO  server.RaftServerConfigKeys (ConfUtils.java:logGet(46)) - raft.server.read.leader.lease.enabled = false (default)
2024-04-25 19:25:01,934 [cedf47e1-7aa2-45e6-80d0-c614de566771@group-D40257E590A6-LeaderElection28] INFO  server.RaftServerConfigKeys (ConfUtils.java:logGet(46)) - raft.server.read.leader.lease.timeout.ratio = 0.9 (default)
2024-04-25 19:25:01,934 [cedf47e1-7aa2-45e6-80d0-c614de566771@group-D40257E590A6-LeaderElection28] INFO  server.RaftServerConfigKeys (ConfUtils.java:logGet(46)) - raft.server.rpc.timeout.min = 5s (custom)
2024-04-25 19:25:01,934 [cedf47e1-7aa2-45e6-80d0-c614de566771@group-D40257E590A6-LeaderElection28] INFO  server.RaftServerConfigKeys (ConfUtils.java:logGet(46)) - raft.server.write.element-limit = 1024 (custom)
2024-04-25 19:25:01,934 [cedf47e1-7aa2-45e6-80d0-c614de566771@group-D40257E590A6-LeaderElection28] INFO  server.RaftServerConfigKeys (ConfUtils.java:logGet(46)) - raft.server.write.follower.gap.ratio.max = -1.0 (default)
2024-04-25 19:25:01,934 [cedf47e1-7aa2-45e6-80d0-c614de566771@group-D40257E590A6-LeaderElection28] INFO  impl.RoleInfo (RoleInfo.java:updateAndGet(139)) - cedf47e1-7aa2-45e6-80d0-c614de566771: start cedf47e1-7aa2-45e6-80d0-c614de566771@group-D40257E590A6-LeaderStateImpl
2024-04-25 19:25:01,934 [cedf47e1-7aa2-45e6-80d0-c614de566771@group-D40257E590A6-LeaderElection28] INFO  server.RaftServer$Division (RaftServerImpl.java:setFirstElection(574)) - cedf47e1-7aa2-45e6-80d0-c614de566771@group-D40257E590A6: set firstElectionSinceStartup to false for becomeLeader
2024-04-25 19:25:01,934 [cedf47e1-7aa2-45e6-80d0-c614de566771@group-D40257E590A6-LeaderElection28] INFO  ratis.XceiverServerRatis (XceiverServerRatis.java:handleLeaderChangedNotification(966)) - Leader change notification received for group: group-D40257E590A6 with new leaderId: cedf47e1-7aa2-45e6-80d0-c614de566771
2024-04-25 19:25:01,934 [cedf47e1-7aa2-45e6-80d0-c614de566771@group-D40257E590A6-LeaderElection28] INFO  server.RaftServer$Division (ServerState.java:setLeader(269)) - cedf47e1-7aa2-45e6-80d0-c614de566771@group-D40257E590A6: change Leader from null to cedf47e1-7aa2-45e6-80d0-c614de566771 at term 1 for becomeLeader, leader elected after 5111ms
2024-04-25 19:25:01,935 [cedf47e1-7aa2-45e6-80d0-c614de566771@group-D40257E590A6-LeaderElection28] INFO  segmented.SegmentedRaftLogWorker (SegmentedRaftLogWorker.java:startLogSegment(430)) - cedf47e1-7aa2-45e6-80d0-c614de566771@group-D40257E590A6-SegmentedRaftLogWorker: Starting segment from index:0
2024-04-25 19:25:01,936 [cedf47e1-7aa2-45e6-80d0-c614de566771@group-D40257E590A6-SegmentedRaftLogWorker] INFO  segmented.BufferedWriteChannel (BufferedWriteChannel.java:open(62)) - open log_inprogress_0 at position 0
2024-04-25 19:25:01,937 [cedf47e1-7aa2-45e6-80d0-c614de566771@group-D40257E590A6-LeaderElection28] INFO  server.RaftServer$Division (ServerState.java:setRaftConf(386)) - cedf47e1-7aa2-45e6-80d0-c614de566771@group-D40257E590A6: set configuration 0: peers:[cedf47e1-7aa2-45e6-80d0-c614de566771|127.0.0.1:15148]|listeners:[], old=null
2024-04-25 19:25:01,943 [cedf47e1-7aa2-45e6-80d0-c614de566771@group-D40257E590A6-SegmentedRaftLogWorker] INFO  segmented.SegmentedRaftLogWorker (SegmentedRaftLogWorker.java:execute(634)) - cedf47e1-7aa2-45e6-80d0-c614de566771@group-D40257E590A6-SegmentedRaftLogWorker: created new log segment /home/runner/work/ozone/ozone/hadoop-ozone/integration-test/target/test-dir/MiniOzoneClusterImpl-d2e81863-a659-4dd2-bdb8-fa97662d499c/ozone-meta/datanode-6/ratis/9dc79712-160a-43a8-a750-d40257e590a6/current/log_inprogress_0
2024-04-25 19:25:01,945 [cedf47e1-7aa2-45e6-80d0-c614de566771@group-D40257E590A6-StateMachineUpdater] INFO  server.RaftServer$Division (LeaderStateImpl.java:isApplied(320)) - leader is ready since appliedIndex == 0 >= startIndex == 0
2024-04-25 19:25:01,954 [40fb7397-672b-4299-ac41-723a71166d77@group-844C2F4FE16D-FollowerState] INFO  impl.FollowerState (FollowerState.java:run(143)) - 40fb7397-672b-4299-ac41-723a71166d77@group-844C2F4FE16D-FollowerState: change to CANDIDATE, lastRpcElapsedTime:5025754453ns, electionTimeout:5025ms
2024-04-25 19:25:01,954 [40fb7397-672b-4299-ac41-723a71166d77@group-844C2F4FE16D-FollowerState] INFO  impl.RoleInfo (RoleInfo.java:shutdownFollowerState(110)) - 40fb7397-672b-4299-ac41-723a71166d77: shutdown 40fb7397-672b-4299-ac41-723a71166d77@group-844C2F4FE16D-FollowerState
2024-04-25 19:25:01,954 [40fb7397-672b-4299-ac41-723a71166d77@group-844C2F4FE16D-FollowerState] INFO  server.RaftServer$Division (RaftServerImpl.java:setRole(383)) - 40fb7397-672b-4299-ac41-723a71166d77@group-844C2F4FE16D: changes role from  FOLLOWER to CANDIDATE at term 0 for changeToCandidate
2024-04-25 19:25:01,954 [40fb7397-672b-4299-ac41-723a71166d77@group-844C2F4FE16D-FollowerState] INFO  server.RaftServerConfigKeys (ConfUtils.java:logGet(46)) - raft.server.leaderelection.pre-vote = true (default)
2024-04-25 19:25:01,954 [40fb7397-672b-4299-ac41-723a71166d77@group-844C2F4FE16D-FollowerState] INFO  impl.RoleInfo (RoleInfo.java:updateAndGet(139)) - 40fb7397-672b-4299-ac41-723a71166d77: start 40fb7397-672b-4299-ac41-723a71166d77@group-844C2F4FE16D-LeaderElection29
2024-04-25 19:25:01,954 [40fb7397-672b-4299-ac41-723a71166d77@group-844C2F4FE16D-LeaderElection29] INFO  impl.LeaderElection (LeaderElection.java:askForVotes(321)) - 40fb7397-672b-4299-ac41-723a71166d77@group-844C2F4FE16D-LeaderElection29 PRE_VOTE round 0: submit vote requests at term 0 for -1: peers:[abc2c581-a768-4c7c-b49a-008e591603b4|127.0.0.1:15166, 959cbd0f-a729-48cd-9832-a6c885e061f0|127.0.0.1:15175, 40fb7397-672b-4299-ac41-723a71166d77|127.0.0.1:15157]|listeners:[], old=null
2024-04-25 19:25:01,955 [40fb7397-672b-4299-ac41-723a71166d77@group-844C2F4FE16D-LeaderElection29-1] INFO  server.GrpcServerProtocolClient (GrpcServerProtocolClient.java:<init>(65)) - Build channel for abc2c581-a768-4c7c-b49a-008e591603b4|127.0.0.1:15166
2024-04-25 19:25:01,955 [40fb7397-672b-4299-ac41-723a71166d77@group-844C2F4FE16D-LeaderElection29] INFO  server.RaftServerConfigKeys (ConfUtils.java:logFallback(53)) - raft.server.rpc.first-election.timeout.min = 5s (fallback to raft.server.rpc.timeout.min)
2024-04-25 19:25:01,955 [40fb7397-672b-4299-ac41-723a71166d77@group-844C2F4FE16D-LeaderElection29] INFO  server.RaftServerConfigKeys (ConfUtils.java:logFallback(53)) - raft.server.rpc.first-election.timeout.max = 5200ms (fallback to raft.server.rpc.timeout.max)
2024-04-25 19:25:01,955 [40fb7397-672b-4299-ac41-723a71166d77@group-844C2F4FE16D-LeaderElection29-2] INFO  server.GrpcServerProtocolClient (GrpcServerProtocolClient.java:<init>(65)) - Build channel for 959cbd0f-a729-48cd-9832-a6c885e061f0|127.0.0.1:15175
2024-04-25 19:25:01,959 [grpc-default-executor-3] INFO  server.RaftServer$Division (RaftServerImpl.java:requestVote(1389)) - 959cbd0f-a729-48cd-9832-a6c885e061f0@group-844C2F4FE16D: receive requestVote(PRE_VOTE, 40fb7397-672b-4299-ac41-723a71166d77, group-844C2F4FE16D, 0, (t:0, i:0))
2024-04-25 19:25:01,959 [grpc-default-executor-3] INFO  impl.VoteContext (VoteContext.java:log(49)) - 959cbd0f-a729-48cd-9832-a6c885e061f0@group-844C2F4FE16D-FOLLOWER: accept PRE_VOTE from 40fb7397-672b-4299-ac41-723a71166d77: our priority 0 <= candidate's priority 0
2024-04-25 19:25:01,959 [grpc-default-executor-3] INFO  server.RaftServer$Division (RaftServerImpl.java:requestVote(1422)) - 959cbd0f-a729-48cd-9832-a6c885e061f0@group-844C2F4FE16D replies to PRE_VOTE vote request: 40fb7397-672b-4299-ac41-723a71166d77<-959cbd0f-a729-48cd-9832-a6c885e061f0#0:OK-t0. Peer's state: 959cbd0f-a729-48cd-9832-a6c885e061f0@group-844C2F4FE16D:t0, leader=null, voted=, raftlog=Memoized:959cbd0f-a729-48cd-9832-a6c885e061f0@group-844C2F4FE16D-SegmentedRaftLog:OPENED:c-1, conf=-1: peers:[abc2c581-a768-4c7c-b49a-008e591603b4|127.0.0.1:15166, 959cbd0f-a729-48cd-9832-a6c885e061f0|127.0.0.1:15175, 40fb7397-672b-4299-ac41-723a71166d77|127.0.0.1:15157]|listeners:[], old=null
2024-04-25 19:25:01,960 [grpc-default-executor-2] INFO  server.RaftServer$Division (RaftServerImpl.java:requestVote(1389)) - abc2c581-a768-4c7c-b49a-008e591603b4@group-844C2F4FE16D: receive requestVote(PRE_VOTE, 40fb7397-672b-4299-ac41-723a71166d77, group-844C2F4FE16D, 0, (t:0, i:0))
2024-04-25 19:25:01,960 [grpc-default-executor-2] INFO  impl.VoteContext (VoteContext.java:log(49)) - abc2c581-a768-4c7c-b49a-008e591603b4@group-844C2F4FE16D-FOLLOWER: reject PRE_VOTE from 40fb7397-672b-4299-ac41-723a71166d77: our priority 1 > candidate's priority 0
2024-04-25 19:25:01,960 [grpc-default-executor-2] INFO  server.RaftServer$Division (RaftServerImpl.java:requestVote(1422)) - abc2c581-a768-4c7c-b49a-008e591603b4@group-844C2F4FE16D replies to PRE_VOTE vote request: 40fb7397-672b-4299-ac41-723a71166d77<-abc2c581-a768-4c7c-b49a-008e591603b4#0:FAIL-t0. Peer's state: abc2c581-a768-4c7c-b49a-008e591603b4@group-844C2F4FE16D:t0, leader=null, voted=, raftlog=Memoized:abc2c581-a768-4c7c-b49a-008e591603b4@group-844C2F4FE16D-SegmentedRaftLog:OPENED:c-1, conf=-1: peers:[abc2c581-a768-4c7c-b49a-008e591603b4|127.0.0.1:15166, 959cbd0f-a729-48cd-9832-a6c885e061f0|127.0.0.1:15175, 40fb7397-672b-4299-ac41-723a71166d77|127.0.0.1:15157]|listeners:[], old=null
2024-04-25 19:25:01,961 [40fb7397-672b-4299-ac41-723a71166d77@group-844C2F4FE16D-LeaderElection29] INFO  impl.LeaderElection (LeaderElection.java:logAndReturn(89)) - 40fb7397-672b-4299-ac41-723a71166d77@group-844C2F4FE16D-LeaderElection29: PRE_VOTE REJECTED received 1 response(s) and 0 exception(s):
2024-04-25 19:25:01,961 [40fb7397-672b-4299-ac41-723a71166d77@group-844C2F4FE16D-LeaderElection29] INFO  impl.LeaderElection (LeaderElection.java:logAndReturn(93)) -   Response 0: 40fb7397-672b-4299-ac41-723a71166d77<-abc2c581-a768-4c7c-b49a-008e591603b4#0:FAIL-t0
2024-04-25 19:25:01,961 [40fb7397-672b-4299-ac41-723a71166d77@group-844C2F4FE16D-LeaderElection29] INFO  impl.LeaderElection (LeaderElection.java:askForVotes(323)) - 40fb7397-672b-4299-ac41-723a71166d77@group-844C2F4FE16D-LeaderElection29 PRE_VOTE round 0: result REJECTED
2024-04-25 19:25:01,961 [40fb7397-672b-4299-ac41-723a71166d77@group-844C2F4FE16D-LeaderElection29] INFO  server.RaftServer$Division (RaftServerImpl.java:setRole(383)) - 40fb7397-672b-4299-ac41-723a71166d77@group-844C2F4FE16D: changes role from CANDIDATE to FOLLOWER at term 0 for REJECTED
2024-04-25 19:25:01,961 [40fb7397-672b-4299-ac41-723a71166d77@group-844C2F4FE16D-LeaderElection29] INFO  impl.RoleInfo (RoleInfo.java:shutdownLeaderElection(130)) - 40fb7397-672b-4299-ac41-723a71166d77: shutdown 40fb7397-672b-4299-ac41-723a71166d77@group-844C2F4FE16D-LeaderElection29
2024-04-25 19:25:01,961 [40fb7397-672b-4299-ac41-723a71166d77@group-844C2F4FE16D-LeaderElection29] INFO  impl.RoleInfo (RoleInfo.java:updateAndGet(139)) - 40fb7397-672b-4299-ac41-723a71166d77: start 40fb7397-672b-4299-ac41-723a71166d77@group-844C2F4FE16D-FollowerState
2024-04-25 19:25:01,962 [40fb7397-672b-4299-ac41-723a71166d77@group-844C2F4FE16D-LeaderElection29] INFO  server.RaftServer$Division (RaftServerImpl.java:setFirstElection(574)) - 40fb7397-672b-4299-ac41-723a71166d77@group-844C2F4FE16D: set firstElectionSinceStartup to false for REJECTED
2024-04-25 19:25:02,009 [959cbd0f-a729-48cd-9832-a6c885e061f0@group-844C2F4FE16D-FollowerState] INFO  server.RaftServerConfigKeys (ConfUtils.java:logFallback(53)) - raft.server.rpc.first-election.timeout.min = 5s (fallback to raft.server.rpc.timeout.min)
2024-04-25 19:25:02,009 [959cbd0f-a729-48cd-9832-a6c885e061f0@group-844C2F4FE16D-FollowerState] INFO  server.RaftServerConfigKeys (ConfUtils.java:logFallback(53)) - raft.server.rpc.first-election.timeout.max = 5200ms (fallback to raft.server.rpc.timeout.max)
2024-04-25 19:25:02,010 [40fb7397-672b-4299-ac41-723a71166d77@group-72C40C8F5155-FollowerState] INFO  impl.FollowerState (FollowerState.java:run(143)) - 40fb7397-672b-4299-ac41-723a71166d77@group-72C40C8F5155-FollowerState: change to CANDIDATE, lastRpcElapsedTime:5105653248ns, electionTimeout:5105ms
2024-04-25 19:25:02,010 [40fb7397-672b-4299-ac41-723a71166d77@group-72C40C8F5155-FollowerState] INFO  impl.RoleInfo (RoleInfo.java:shutdownFollowerState(110)) - 40fb7397-672b-4299-ac41-723a71166d77: shutdown 40fb7397-672b-4299-ac41-723a71166d77@group-72C40C8F5155-FollowerState
2024-04-25 19:25:02,011 [40fb7397-672b-4299-ac41-723a71166d77@group-72C40C8F5155-FollowerState] INFO  server.RaftServer$Division (RaftServerImpl.java:setRole(383)) - 40fb7397-672b-4299-ac41-723a71166d77@group-72C40C8F5155: changes role from  FOLLOWER to CANDIDATE at term 0 for changeToCandidate
2024-04-25 19:25:02,011 [40fb7397-672b-4299-ac41-723a71166d77@group-72C40C8F5155-FollowerState] INFO  server.RaftServerConfigKeys (ConfUtils.java:logGet(46)) - raft.server.leaderelection.pre-vote = true (default)
2024-04-25 19:25:02,011 [40fb7397-672b-4299-ac41-723a71166d77@group-72C40C8F5155-FollowerState] INFO  impl.RoleInfo (RoleInfo.java:updateAndGet(139)) - 40fb7397-672b-4299-ac41-723a71166d77: start 40fb7397-672b-4299-ac41-723a71166d77@group-72C40C8F5155-LeaderElection30
2024-04-25 19:25:02,011 [40fb7397-672b-4299-ac41-723a71166d77@group-72C40C8F5155-LeaderElection30] INFO  impl.LeaderElection (LeaderElection.java:askForVotes(321)) - 40fb7397-672b-4299-ac41-723a71166d77@group-72C40C8F5155-LeaderElection30 PRE_VOTE round 0: submit vote requests at term 0 for -1: peers:[40fb7397-672b-4299-ac41-723a71166d77|127.0.0.1:15157]|listeners:[], old=null
2024-04-25 19:25:02,011 [40fb7397-672b-4299-ac41-723a71166d77@group-72C40C8F5155-LeaderElection30] INFO  impl.LeaderElection (LeaderElection.java:askForVotes(323)) - 40fb7397-672b-4299-ac41-723a71166d77@group-72C40C8F5155-LeaderElection30 PRE_VOTE round 0: result PASSED (term=0)
2024-04-25 19:25:02,012 [40fb7397-672b-4299-ac41-723a71166d77@group-72C40C8F5155-LeaderElection30] INFO  impl.LeaderElection (LeaderElection.java:askForVotes(321)) - 40fb7397-672b-4299-ac41-723a71166d77@group-72C40C8F5155-LeaderElection30 ELECTION round 0: submit vote requests at term 1 for -1: peers:[40fb7397-672b-4299-ac41-723a71166d77|127.0.0.1:15157]|listeners:[], old=null
2024-04-25 19:25:02,012 [40fb7397-672b-4299-ac41-723a71166d77@group-72C40C8F5155-LeaderElection30] INFO  impl.LeaderElection (LeaderElection.java:askForVotes(323)) - 40fb7397-672b-4299-ac41-723a71166d77@group-72C40C8F5155-LeaderElection30 ELECTION round 0: result PASSED (term=1)
2024-04-25 19:25:02,012 [40fb7397-672b-4299-ac41-723a71166d77@group-72C40C8F5155-LeaderElection30] INFO  impl.RoleInfo (RoleInfo.java:shutdownLeaderElection(130)) - 40fb7397-672b-4299-ac41-723a71166d77: shutdown 40fb7397-672b-4299-ac41-723a71166d77@group-72C40C8F5155-LeaderElection30
2024-04-25 19:25:02,012 [40fb7397-672b-4299-ac41-723a71166d77@group-72C40C8F5155-LeaderElection30] INFO  server.RaftServer$Division (RaftServerImpl.java:setRole(383)) - 40fb7397-672b-4299-ac41-723a71166d77@group-72C40C8F5155: changes role from CANDIDATE to LEADER at term 1 for changeToLeader
2024-04-25 19:25:02,012 [40fb7397-672b-4299-ac41-723a71166d77@group-72C40C8F5155-LeaderElection30] INFO  server.RaftServerConfigKeys (ConfUtils.java:logGet(46)) - raft.server.staging.catchup.gap = 1000 (default)
2024-04-25 19:25:02,013 [40fb7397-672b-4299-ac41-723a71166d77@group-72C40C8F5155-LeaderElection30] INFO  server.RaftServerConfigKeys (ConfUtils.java:logGet(46)) - raft.server.write.element-limit = 1024 (custom)
2024-04-25 19:25:02,013 [40fb7397-672b-4299-ac41-723a71166d77@group-72C40C8F5155-LeaderElection30] INFO  server.RaftServerConfigKeys (ConfUtils.java:logGet(46)) - raft.server.write.byte-limit = 1024 M (=1073741824) (custom)
2024-04-25 19:25:02,013 [40fb7397-672b-4299-ac41-723a71166d77@group-72C40C8F5155-LeaderElection30] INFO  server.RaftServerConfigKeys (ConfUtils.java:logGet(46)) - raft.server.watch.timeout = 3000ms (custom)
2024-04-25 19:25:02,013 [40fb7397-672b-4299-ac41-723a71166d77@group-72C40C8F5155-LeaderElection30] INFO  server.RaftServerConfigKeys (ConfUtils.java:logGet(46)) - raft.server.watch.timeout.denomination = 1s (default)
2024-04-25 19:25:02,013 [40fb7397-672b-4299-ac41-723a71166d77@group-72C40C8F5155-LeaderElection30] INFO  server.RaftServerConfigKeys (ConfUtils.java:logGet(46)) - raft.server.watch.element-limit = 65536 (default)
2024-04-25 19:25:02,013 [40fb7397-672b-4299-ac41-723a71166d77@group-72C40C8F5155-LeaderElection30] INFO  server.RaftServerConfigKeys (ConfUtils.java:logGet(46)) - raft.server.read.leader.lease.enabled = false (default)
2024-04-25 19:25:02,013 [40fb7397-672b-4299-ac41-723a71166d77@group-72C40C8F5155-LeaderElection30] INFO  server.RaftServerConfigKeys (ConfUtils.java:logGet(46)) - raft.server.read.leader.lease.timeout.ratio = 0.9 (default)
2024-04-25 19:25:02,013 [40fb7397-672b-4299-ac41-723a71166d77@group-72C40C8F5155-LeaderElection30] INFO  server.RaftServerConfigKeys (ConfUtils.java:logGet(46)) - raft.server.rpc.timeout.min = 5s (custom)
2024-04-25 19:25:02,013 [40fb7397-672b-4299-ac41-723a71166d77@group-72C40C8F5155-LeaderElection30] INFO  server.RaftServerConfigKeys (ConfUtils.java:logGet(46)) - raft.server.write.element-limit = 1024 (custom)
2024-04-25 19:25:02,013 [40fb7397-672b-4299-ac41-723a71166d77@group-72C40C8F5155-LeaderElection30] INFO  server.RaftServerConfigKeys (ConfUtils.java:logGet(46)) - raft.server.write.follower.gap.ratio.max = -1.0 (default)
2024-04-25 19:25:02,013 [40fb7397-672b-4299-ac41-723a71166d77@group-72C40C8F5155-LeaderElection30] INFO  impl.RoleInfo (RoleInfo.java:updateAndGet(139)) - 40fb7397-672b-4299-ac41-723a71166d77: start 40fb7397-672b-4299-ac41-723a71166d77@group-72C40C8F5155-LeaderStateImpl
2024-04-25 19:25:02,014 [40fb7397-672b-4299-ac41-723a71166d77@group-72C40C8F5155-LeaderElection30] INFO  server.RaftServer$Division (RaftServerImpl.java:setFirstElection(574)) - 40fb7397-672b-4299-ac41-723a71166d77@group-72C40C8F5155: set firstElectionSinceStartup to false for becomeLeader
2024-04-25 19:25:02,014 [40fb7397-672b-4299-ac41-723a71166d77@group-72C40C8F5155-LeaderElection30] INFO  ratis.XceiverServerRatis (XceiverServerRatis.java:handleLeaderChangedNotification(966)) - Leader change notification received for group: group-72C40C8F5155 with new leaderId: 40fb7397-672b-4299-ac41-723a71166d77
2024-04-25 19:25:02,014 [40fb7397-672b-4299-ac41-723a71166d77@group-72C40C8F5155-LeaderElection30] INFO  server.RaftServer$Division (ServerState.java:setLeader(269)) - 40fb7397-672b-4299-ac41-723a71166d77@group-72C40C8F5155: change Leader from null to 40fb7397-672b-4299-ac41-723a71166d77 at term 1 for becomeLeader, leader elected after 5120ms
2024-04-25 19:25:02,014 [40fb7397-672b-4299-ac41-723a71166d77@group-72C40C8F5155-LeaderElection30] INFO  segmented.SegmentedRaftLogWorker (SegmentedRaftLogWorker.java:startLogSegment(430)) - 40fb7397-672b-4299-ac41-723a71166d77@group-72C40C8F5155-SegmentedRaftLogWorker: Starting segment from index:0
2024-04-25 19:25:02,014 [40fb7397-672b-4299-ac41-723a71166d77@group-72C40C8F5155-LeaderElection30] INFO  server.RaftServer$Division (ServerState.java:setRaftConf(386)) - 40fb7397-672b-4299-ac41-723a71166d77@group-72C40C8F5155: set configuration 0: peers:[40fb7397-672b-4299-ac41-723a71166d77|127.0.0.1:15157]|listeners:[], old=null
2024-04-25 19:25:02,014 [40fb7397-672b-4299-ac41-723a71166d77@group-72C40C8F5155-SegmentedRaftLogWorker] INFO  segmented.BufferedWriteChannel (BufferedWriteChannel.java:open(62)) - open log_inprogress_0 at position 0
2024-04-25 19:25:02,023 [40fb7397-672b-4299-ac41-723a71166d77@group-72C40C8F5155-SegmentedRaftLogWorker] INFO  segmented.SegmentedRaftLogWorker (SegmentedRaftLogWorker.java:execute(634)) - 40fb7397-672b-4299-ac41-723a71166d77@group-72C40C8F5155-SegmentedRaftLogWorker: created new log segment /home/runner/work/ozone/ozone/hadoop-ozone/integration-test/target/test-dir/MiniOzoneClusterImpl-d2e81863-a659-4dd2-bdb8-fa97662d499c/ozone-meta/datanode-7/ratis/250f584a-d6d4-4830-a033-72c40c8f5155/current/log_inprogress_0
2024-04-25 19:25:02,025 [40fb7397-672b-4299-ac41-723a71166d77@group-72C40C8F5155-StateMachineUpdater] INFO  server.RaftServer$Division (LeaderStateImpl.java:isApplied(320)) - leader is ready since appliedIndex == 0 >= startIndex == 0
2024-04-25 19:25:02,031 [main] INFO  ozone.MiniOzoneClusterImpl (MiniOzoneClusterImpl.java:lambda$waitForClusterToBeReady$0(194)) - Nodes are ready. Got 9 of 9 DN Heartbeats.
2024-04-25 19:25:02,031 [main] INFO  ozone.MiniOzoneClusterImpl (MiniOzoneClusterImpl.java:lambda$waitForClusterToBeReady$0(197)) - Cluster exits safe mode
2024-04-25 19:25:02,032 [main] INFO  ozone.MiniOzoneClusterImpl (MiniOzoneClusterImpl.java:lambda$waitForClusterToBeReady$0(199)) - SCM became leader
2024-04-25 19:25:02,032 [main] INFO  protocolPB.OmTransportFactory (OmTransportFactory.java:createFactory(62)) - Loading OM transport implementation org.apache.hadoop.ozone.om.protocolPB.Hadoop3OmTransportFactory as specified by configuration.
2024-04-25 19:25:02,036 [main] INFO  rpc.RpcClient (RpcClient.java:createVolume(466)) - Creating Volume: watchforcommithandlingtest, with runner as owner and space quota set to -1 bytes, counts quota set to -1
2024-04-25 19:25:02,040 [om1-OMStateMachineApplyTransactionThread - 0] INFO  volume.OMVolumeCreateRequest (OMVolumeCreateRequest.java:validateAndUpdateCache(198)) - created volume:watchforcommithandlingtest for user:runner
2024-04-25 19:25:02,042 [main] INFO  rpc.RpcClient (RpcClient.java:createBucket(692)) - Creating Bucket: watchforcommithandlingtest/watchforcommithandlingtest, with server-side default bucket layout, runner as owner, Versioning false, Storage Type set to DISK and Encryption set to false, Replication Type set to server-side default replication type, Namespace Quota set to -1, Space Quota set to -1 
2024-04-25 19:25:02,044 [om1-OMStateMachineApplyTransactionThread - 0] INFO  bucket.OMBucketCreateRequest (OMBucketCreateRequest.java:validateAndUpdateCache(293)) - created bucket: watchforcommithandlingtest of layout FILE_SYSTEM_OPTIMIZED in volume: watchforcommithandlingtest
2024-04-25 19:25:02,051 [IPC Server handler 0 on default port 15089] INFO  ha.SequenceIdGenerator (SequenceIdGenerator.java:getNextId(145)) - Allocate a batch for containerId, change lastId from 0 to 1000.
2024-04-25 19:25:02,064 [abc2c581-a768-4c7c-b49a-008e591603b4@group-844C2F4FE16D-FollowerState] INFO  impl.FollowerState (FollowerState.java:run(143)) - abc2c581-a768-4c7c-b49a-008e591603b4@group-844C2F4FE16D-FollowerState: change to CANDIDATE, lastRpcElapsedTime:5064776521ns, electionTimeout:5064ms
2024-04-25 19:25:02,064 [abc2c581-a768-4c7c-b49a-008e591603b4@group-844C2F4FE16D-FollowerState] INFO  impl.RoleInfo (RoleInfo.java:shutdownFollowerState(110)) - abc2c581-a768-4c7c-b49a-008e591603b4: shutdown abc2c581-a768-4c7c-b49a-008e591603b4@group-844C2F4FE16D-FollowerState
2024-04-25 19:25:02,064 [abc2c581-a768-4c7c-b49a-008e591603b4@group-844C2F4FE16D-FollowerState] INFO  server.RaftServer$Division (RaftServerImpl.java:setRole(383)) - abc2c581-a768-4c7c-b49a-008e591603b4@group-844C2F4FE16D: changes role from  FOLLOWER to CANDIDATE at term 0 for changeToCandidate
2024-04-25 19:25:02,064 [abc2c581-a768-4c7c-b49a-008e591603b4@group-844C2F4FE16D-FollowerState] INFO  server.RaftServerConfigKeys (ConfUtils.java:logGet(46)) - raft.server.leaderelection.pre-vote = true (default)
2024-04-25 19:25:02,065 [abc2c581-a768-4c7c-b49a-008e591603b4@group-844C2F4FE16D-FollowerState] INFO  impl.RoleInfo (RoleInfo.java:updateAndGet(139)) - abc2c581-a768-4c7c-b49a-008e591603b4: start abc2c581-a768-4c7c-b49a-008e591603b4@group-844C2F4FE16D-LeaderElection31
2024-04-25 19:25:02,065 [abc2c581-a768-4c7c-b49a-008e591603b4@group-844C2F4FE16D-LeaderElection31] INFO  impl.LeaderElection (LeaderElection.java:askForVotes(321)) - abc2c581-a768-4c7c-b49a-008e591603b4@group-844C2F4FE16D-LeaderElection31 PRE_VOTE round 0: submit vote requests at term 0 for -1: peers:[abc2c581-a768-4c7c-b49a-008e591603b4|127.0.0.1:15166, 959cbd0f-a729-48cd-9832-a6c885e061f0|127.0.0.1:15175, 40fb7397-672b-4299-ac41-723a71166d77|127.0.0.1:15157]|listeners:[], old=null
2024-04-25 19:25:02,066 [abc2c581-a768-4c7c-b49a-008e591603b4@group-844C2F4FE16D-LeaderElection31-1] INFO  server.GrpcServerProtocolClient (GrpcServerProtocolClient.java:<init>(65)) - Build channel for 959cbd0f-a729-48cd-9832-a6c885e061f0|127.0.0.1:15175
2024-04-25 19:25:02,071 [grpc-default-executor-3] INFO  server.RaftServer$Division (RaftServerImpl.java:requestVote(1389)) - 959cbd0f-a729-48cd-9832-a6c885e061f0@group-844C2F4FE16D: receive requestVote(PRE_VOTE, abc2c581-a768-4c7c-b49a-008e591603b4, group-844C2F4FE16D, 0, (t:0, i:0))
2024-04-25 19:25:02,071 [grpc-default-executor-3] INFO  impl.VoteContext (VoteContext.java:log(49)) - 959cbd0f-a729-48cd-9832-a6c885e061f0@group-844C2F4FE16D-FOLLOWER: accept PRE_VOTE from abc2c581-a768-4c7c-b49a-008e591603b4: our priority 0 <= candidate's priority 1
2024-04-25 19:25:02,071 [grpc-default-executor-3] INFO  server.RaftServer$Division (RaftServerImpl.java:requestVote(1422)) - 959cbd0f-a729-48cd-9832-a6c885e061f0@group-844C2F4FE16D replies to PRE_VOTE vote request: abc2c581-a768-4c7c-b49a-008e591603b4<-959cbd0f-a729-48cd-9832-a6c885e061f0#0:OK-t0. Peer's state: 959cbd0f-a729-48cd-9832-a6c885e061f0@group-844C2F4FE16D:t0, leader=null, voted=, raftlog=Memoized:959cbd0f-a729-48cd-9832-a6c885e061f0@group-844C2F4FE16D-SegmentedRaftLog:OPENED:c-1, conf=-1: peers:[abc2c581-a768-4c7c-b49a-008e591603b4|127.0.0.1:15166, 959cbd0f-a729-48cd-9832-a6c885e061f0|127.0.0.1:15175, 40fb7397-672b-4299-ac41-723a71166d77|127.0.0.1:15157]|listeners:[], old=null
2024-04-25 19:25:02,074 [abc2c581-a768-4c7c-b49a-008e591603b4@group-844C2F4FE16D-LeaderElection31] INFO  server.RaftServerConfigKeys (ConfUtils.java:logFallback(53)) - raft.server.rpc.first-election.timeout.min = 5s (fallback to raft.server.rpc.timeout.min)
2024-04-25 19:25:02,074 [abc2c581-a768-4c7c-b49a-008e591603b4@group-844C2F4FE16D-LeaderElection31] INFO  server.RaftServerConfigKeys (ConfUtils.java:logFallback(53)) - raft.server.rpc.first-election.timeout.max = 5200ms (fallback to raft.server.rpc.timeout.max)
2024-04-25 19:25:02,074 [abc2c581-a768-4c7c-b49a-008e591603b4@group-844C2F4FE16D-LeaderElection31] INFO  impl.LeaderElection (LeaderElection.java:logAndReturn(89)) - abc2c581-a768-4c7c-b49a-008e591603b4@group-844C2F4FE16D-LeaderElection31: PRE_VOTE PASSED received 1 response(s) and 0 exception(s):
2024-04-25 19:25:02,074 [abc2c581-a768-4c7c-b49a-008e591603b4@group-844C2F4FE16D-LeaderElection31] INFO  impl.LeaderElection (LeaderElection.java:logAndReturn(93)) -   Response 0: abc2c581-a768-4c7c-b49a-008e591603b4<-959cbd0f-a729-48cd-9832-a6c885e061f0#0:OK-t0
2024-04-25 19:25:02,074 [abc2c581-a768-4c7c-b49a-008e591603b4@group-844C2F4FE16D-LeaderElection31] INFO  impl.LeaderElection (LeaderElection.java:askForVotes(323)) - abc2c581-a768-4c7c-b49a-008e591603b4@group-844C2F4FE16D-LeaderElection31 PRE_VOTE round 0: result PASSED
2024-04-25 19:25:02,075 [abc2c581-a768-4c7c-b49a-008e591603b4@group-844C2F4FE16D-LeaderElection31-2] INFO  server.GrpcServerProtocolClient (GrpcServerProtocolClient.java:<init>(65)) - Build channel for 40fb7397-672b-4299-ac41-723a71166d77|127.0.0.1:15157
2024-04-25 19:25:02,075 [abc2c581-a768-4c7c-b49a-008e591603b4@group-844C2F4FE16D-LeaderElection31] INFO  impl.LeaderElection (LeaderElection.java:askForVotes(321)) - abc2c581-a768-4c7c-b49a-008e591603b4@group-844C2F4FE16D-LeaderElection31 ELECTION round 0: submit vote requests at term 1 for -1: peers:[abc2c581-a768-4c7c-b49a-008e591603b4|127.0.0.1:15166, 959cbd0f-a729-48cd-9832-a6c885e061f0|127.0.0.1:15175, 40fb7397-672b-4299-ac41-723a71166d77|127.0.0.1:15157]|listeners:[], old=null
2024-04-25 19:25:02,079 [grpc-default-executor-2] INFO  server.RaftServer$Division (RaftServerImpl.java:requestVote(1389)) - 40fb7397-672b-4299-ac41-723a71166d77@group-844C2F4FE16D: receive requestVote(PRE_VOTE, abc2c581-a768-4c7c-b49a-008e591603b4, group-844C2F4FE16D, 0, (t:0, i:0))
2024-04-25 19:25:02,080 [grpc-default-executor-2] INFO  impl.VoteContext (VoteContext.java:log(49)) - 40fb7397-672b-4299-ac41-723a71166d77@group-844C2F4FE16D-FOLLOWER: accept PRE_VOTE from abc2c581-a768-4c7c-b49a-008e591603b4: our priority 0 <= candidate's priority 1
2024-04-25 19:25:02,080 [grpc-default-executor-2] INFO  server.RaftServer$Division (RaftServerImpl.java:requestVote(1422)) - 40fb7397-672b-4299-ac41-723a71166d77@group-844C2F4FE16D replies to PRE_VOTE vote request: abc2c581-a768-4c7c-b49a-008e591603b4<-40fb7397-672b-4299-ac41-723a71166d77#0:OK-t0. Peer's state: 40fb7397-672b-4299-ac41-723a71166d77@group-844C2F4FE16D:t0, leader=null, voted=, raftlog=Memoized:40fb7397-672b-4299-ac41-723a71166d77@group-844C2F4FE16D-SegmentedRaftLog:OPENED:c-1, conf=-1: peers:[abc2c581-a768-4c7c-b49a-008e591603b4|127.0.0.1:15166, 959cbd0f-a729-48cd-9832-a6c885e061f0|127.0.0.1:15175, 40fb7397-672b-4299-ac41-723a71166d77|127.0.0.1:15157]|listeners:[], old=null
2024-04-25 19:25:02,083 [main] INFO  ozoneimpl.OzoneContainer (OzoneContainer.java:stop(481)) - Attempting to stop container services.
2024-04-25 19:25:02,084 [ContainerMetadataScanner] WARN  ozoneimpl.AbstractBackgroundContainerScanner (AbstractBackgroundContainerScanner.java:handleRemainingSleep(134)) - Background container scan was interrupted.
2024-04-25 19:25:02,084 [ContainerMetadataScanner] INFO  ozoneimpl.AbstractBackgroundContainerScanner (AbstractBackgroundContainerScanner.java:run(61)) - Thread[ContainerMetadataScanner,5,main] exiting.
2024-04-25 19:25:02,084 [main] INFO  ozoneimpl.BackgroundContainerDataScanner (BackgroundContainerDataScanner.java:shutdown(141)) - ContainerDataScanner(/home/runner/work/ozone/ozone/hadoop-ozone/integration-test/target/test-dir/MiniOzoneClusterImpl-d2e81863-a659-4dd2-bdb8-fa97662d499c/ozone-meta/datanode-2/data-0/hdds) is shutting down. 
2024-04-25 19:25:02,084 [ContainerDataScanner(/home/runner/work/ozone/ozone/hadoop-ozone/integration-test/target/test-dir/MiniOzoneClusterImpl-d2e81863-a659-4dd2-bdb8-fa97662d499c/ozone-meta/datanode-2/data-0/hdds)] WARN  ozoneimpl.AbstractBackgroundContainerScanner (AbstractBackgroundContainerScanner.java:handleRemainingSleep(134)) - Background container scan was interrupted.
2024-04-25 19:25:02,084 [ContainerDataScanner(/home/runner/work/ozone/ozone/hadoop-ozone/integration-test/target/test-dir/MiniOzoneClusterImpl-d2e81863-a659-4dd2-bdb8-fa97662d499c/ozone-meta/datanode-2/data-0/hdds)] INFO  ozoneimpl.AbstractBackgroundContainerScanner (AbstractBackgroundContainerScanner.java:run(61)) - ContainerDataScanner(/home/runner/work/ozone/ozone/hadoop-ozone/integration-test/target/test-dir/MiniOzoneClusterImpl-d2e81863-a659-4dd2-bdb8-fa97662d499c/ozone-meta/datanode-2/data-0/hdds, DS-21ecf633-5a88-4a13-8678-0248643eed94) exiting.
2024-04-25 19:25:02,085 [main] INFO  ozoneimpl.OnDemandContainerDataScanner (OnDemandContainerDataScanner.java:shutdownScanner(206)) - On-demand container scanner is shutting down.
2024-04-25 19:25:02,086 [main] INFO  server.RaftServer (RaftServerProxy.java:lambda$close$9(416)) - feac95e6-d772-4287-b681-0d01f32bbe53: close
2024-04-25 19:25:02,086 [feac95e6-d772-4287-b681-0d01f32bbe53-impl-thread1] INFO  server.RaftServer$Division (RaftServerImpl.java:lambda$close$3(526)) - feac95e6-d772-4287-b681-0d01f32bbe53@group-E118F02A43E4: shutdown
2024-04-25 19:25:02,086 [feac95e6-d772-4287-b681-0d01f32bbe53-impl-thread1] INFO  util.JmxRegister (JmxRegister.java:unregister(73)) - Successfully un-registered JMX Bean with object name Ratis:service=RaftServer,group=group-E118F02A43E4,id=feac95e6-d772-4287-b681-0d01f32bbe53
2024-04-25 19:25:02,086 [feac95e6-d772-4287-b681-0d01f32bbe53-impl-thread1] INFO  impl.RoleInfo (RoleInfo.java:shutdownFollowerState(110)) - feac95e6-d772-4287-b681-0d01f32bbe53: shutdown feac95e6-d772-4287-b681-0d01f32bbe53@group-E118F02A43E4-FollowerState
2024-04-25 19:25:02,086 [feac95e6-d772-4287-b681-0d01f32bbe53-impl-thread1] INFO  impl.StateMachineUpdater (StateMachineUpdater.java:stopAndJoin(157)) - feac95e6-d772-4287-b681-0d01f32bbe53@group-E118F02A43E4-StateMachineUpdater: set stopIndex = 1
2024-04-25 19:25:02,086 [feac95e6-d772-4287-b681-0d01f32bbe53@group-E118F02A43E4-FollowerState] INFO  impl.FollowerState (FollowerState.java:run(152)) - feac95e6-d772-4287-b681-0d01f32bbe53@group-E118F02A43E4-FollowerState was interrupted
2024-04-25 19:25:02,086 [feac95e6-d772-4287-b681-0d01f32bbe53@group-E118F02A43E4-StateMachineUpdater] INFO  ratis.ContainerStateMachine (ContainerStateMachine.java:takeSnapshot(355)) - group-E118F02A43E4: Taking a snapshot at:(t:1, i:0) file /home/runner/work/ozone/ozone/hadoop-ozone/integration-test/target/test-dir/MiniOzoneClusterImpl-d2e81863-a659-4dd2-bdb8-fa97662d499c/ozone-meta/datanode-2/ratis/eaf83d1d-cabf-4ffa-ba3e-e118f02a43e4/sm/snapshot.1_0
2024-04-25 19:25:02,087 [feac95e6-d772-4287-b681-0d01f32bbe53@group-E118F02A43E4-StateMachineUpdater] INFO  ratis.ContainerStateMachine (ContainerStateMachine.java:takeSnapshot(366)) - group-E118F02A43E4: Finished taking a snapshot at:(t:1, i:0) file:/home/runner/work/ozone/ozone/hadoop-ozone/integration-test/target/test-dir/MiniOzoneClusterImpl-d2e81863-a659-4dd2-bdb8-fa97662d499c/ozone-meta/datanode-2/ratis/eaf83d1d-cabf-4ffa-ba3e-e118f02a43e4/sm/snapshot.1_0 took: 1 ms
2024-04-25 19:25:02,087 [feac95e6-d772-4287-b681-0d01f32bbe53@group-E118F02A43E4-StateMachineUpdater] INFO  impl.StateMachineUpdater (StateMachineUpdater.java:takeSnapshot(295)) - feac95e6-d772-4287-b681-0d01f32bbe53@group-E118F02A43E4-StateMachineUpdater: Took a snapshot at index 0
2024-04-25 19:25:02,088 [feac95e6-d772-4287-b681-0d01f32bbe53@group-E118F02A43E4-StateMachineUpdater] INFO  impl.StateMachineUpdater (StateMachineUpdater.java:lambda$new$0(98)) - feac95e6-d772-4287-b681-0d01f32bbe53@group-E118F02A43E4-StateMachineUpdater: snapshotIndex: updateIncreasingly -1 -> 0
2024-04-25 19:25:02,088 [feac95e6-d772-4287-b681-0d01f32bbe53@group-E118F02A43E4-StateMachineUpdater] INFO  ratis.ContainerStateMachine (ContainerStateMachine.java:takeSnapshot(355)) - group-E118F02A43E4: Taking a snapshot at:(t:1, i:1) file /home/runner/work/ozone/ozone/hadoop-ozone/integration-test/target/test-dir/MiniOzoneClusterImpl-d2e81863-a659-4dd2-bdb8-fa97662d499c/ozone-meta/datanode-2/ratis/eaf83d1d-cabf-4ffa-ba3e-e118f02a43e4/sm/snapshot.1_1
2024-04-25 19:25:02,089 [feac95e6-d772-4287-b681-0d01f32bbe53@group-E118F02A43E4-StateMachineUpdater] INFO  ratis.ContainerStateMachine (ContainerStateMachine.java:takeSnapshot(366)) - group-E118F02A43E4: Finished taking a snapshot at:(t:1, i:1) file:/home/runner/work/ozone/ozone/hadoop-ozone/integration-test/target/test-dir/MiniOzoneClusterImpl-d2e81863-a659-4dd2-bdb8-fa97662d499c/ozone-meta/datanode-2/ratis/eaf83d1d-cabf-4ffa-ba3e-e118f02a43e4/sm/snapshot.1_1 took: 1 ms
2024-04-25 19:25:02,089 [feac95e6-d772-4287-b681-0d01f32bbe53@group-E118F02A43E4-StateMachineUpdater] INFO  impl.StateMachineUpdater (StateMachineUpdater.java:takeSnapshot(295)) - feac95e6-d772-4287-b681-0d01f32bbe53@group-E118F02A43E4-StateMachineUpdater: Took a snapshot at index 1
2024-04-25 19:25:02,089 [feac95e6-d772-4287-b681-0d01f32bbe53@group-E118F02A43E4-StateMachineUpdater] INFO  impl.StateMachineUpdater (StateMachineUpdater.java:lambda$new$0(98)) - feac95e6-d772-4287-b681-0d01f32bbe53@group-E118F02A43E4-StateMachineUpdater: snapshotIndex: updateIncreasingly 0 -> 1
2024-04-25 19:25:02,089 [feac95e6-d772-4287-b681-0d01f32bbe53-impl-thread1] INFO  server.RaftServer$Division (ServerState.java:close(427)) - feac95e6-d772-4287-b681-0d01f32bbe53@group-E118F02A43E4: applyIndex: 1
2024-04-25 19:25:02,089 [feac95e6-d772-4287-b681-0d01f32bbe53@group-E118F02A43E4-cacheEviction-AwaitToRun] INFO  util.AwaitToRun (AwaitToRun.java:run(49)) - feac95e6-d772-4287-b681-0d01f32bbe53@group-E118F02A43E4-cacheEviction-AwaitToRun-AwaitForSignal is interrupted
2024-04-25 19:25:02,090 [abc2c581-a768-4c7c-b49a-008e591603b4@group-844C2F4FE16D-LeaderElection31] INFO  server.RaftServerConfigKeys (ConfUtils.java:logFallback(53)) - raft.server.rpc.first-election.timeout.min = 5s (fallback to raft.server.rpc.timeout.min)
2024-04-25 19:25:02,090 [abc2c581-a768-4c7c-b49a-008e591603b4@group-844C2F4FE16D-LeaderElection31] INFO  server.RaftServerConfigKeys (ConfUtils.java:logFallback(53)) - raft.server.rpc.first-election.timeout.max = 5200ms (fallback to raft.server.rpc.timeout.max)
2024-04-25 19:25:02,091 [main] INFO  server.GrpcService (GrpcService.java:closeImpl(311)) - feac95e6-d772-4287-b681-0d01f32bbe53: shutdown server org.apache.ratis.grpc.server.GrpcClientProtocolService now
2024-04-25 19:25:02,091 [feac95e6-d772-4287-b681-0d01f32bbe53-impl-thread2] INFO  server.RaftServer$Division (RaftServerImpl.java:lambda$close$3(526)) - feac95e6-d772-4287-b681-0d01f32bbe53@group-3C037E0C2DD8: shutdown
2024-04-25 19:25:02,092 [feac95e6-d772-4287-b681-0d01f32bbe53-impl-thread2] INFO  util.JmxRegister (JmxRegister.java:unregister(73)) - Successfully un-registered JMX Bean with object name Ratis:service=RaftServer,group=group-3C037E0C2DD8,id=feac95e6-d772-4287-b681-0d01f32bbe53
2024-04-25 19:25:02,092 [feac95e6-d772-4287-b681-0d01f32bbe53-impl-thread2] INFO  impl.RoleInfo (RoleInfo.java:shutdownLeaderState(94)) - feac95e6-d772-4287-b681-0d01f32bbe53: shutdown feac95e6-d772-4287-b681-0d01f32bbe53@group-3C037E0C2DD8-LeaderStateImpl
2024-04-25 19:25:02,092 [feac95e6-d772-4287-b681-0d01f32bbe53-impl-thread2] INFO  impl.PendingRequests (PendingRequests.java:sendNotLeaderResponses(289)) - feac95e6-d772-4287-b681-0d01f32bbe53@group-3C037E0C2DD8-PendingRequests: sendNotLeaderResponses
2024-04-25 19:25:02,092 [grpc-default-executor-2] INFO  server.RaftServer$Division (RaftServerImpl.java:requestVote(1389)) - 40fb7397-672b-4299-ac41-723a71166d77@group-844C2F4FE16D: receive requestVote(ELECTION, abc2c581-a768-4c7c-b49a-008e591603b4, group-844C2F4FE16D, 1, (t:0, i:0))
2024-04-25 19:25:02,092 [959cbd0f-a729-48cd-9832-a6c885e061f0@group-F292AA58FE4A-FollowerState] INFO  impl.FollowerState (FollowerState.java:run(143)) - 959cbd0f-a729-48cd-9832-a6c885e061f0@group-F292AA58FE4A-FollowerState: change to CANDIDATE, lastRpcElapsedTime:5049620293ns, electionTimeout:5048ms
2024-04-25 19:25:02,092 [grpc-default-executor-2] INFO  impl.VoteContext (VoteContext.java:log(49)) - 40fb7397-672b-4299-ac41-723a71166d77@group-844C2F4FE16D-FOLLOWER: accept ELECTION from abc2c581-a768-4c7c-b49a-008e591603b4: our priority 0 <= candidate's priority 1
2024-04-25 19:25:02,092 [959cbd0f-a729-48cd-9832-a6c885e061f0@group-F292AA58FE4A-FollowerState] INFO  impl.RoleInfo (RoleInfo.java:shutdownFollowerState(110)) - 959cbd0f-a729-48cd-9832-a6c885e061f0: shutdown 959cbd0f-a729-48cd-9832-a6c885e061f0@group-F292AA58FE4A-FollowerState
2024-04-25 19:25:02,092 [grpc-default-executor-2] INFO  server.RaftServer$Division (RaftServerImpl.java:setRole(383)) - 40fb7397-672b-4299-ac41-723a71166d77@group-844C2F4FE16D: changes role from  FOLLOWER to FOLLOWER at term 1 for candidate:abc2c581-a768-4c7c-b49a-008e591603b4
2024-04-25 19:25:02,092 [grpc-default-executor-2] INFO  impl.RoleInfo (RoleInfo.java:shutdownFollowerState(110)) - 40fb7397-672b-4299-ac41-723a71166d77: shutdown 40fb7397-672b-4299-ac41-723a71166d77@group-844C2F4FE16D-FollowerState
2024-04-25 19:25:02,092 [959cbd0f-a729-48cd-9832-a6c885e061f0@group-F292AA58FE4A-FollowerState] INFO  server.RaftServer$Division (RaftServerImpl.java:setRole(383)) - 959cbd0f-a729-48cd-9832-a6c885e061f0@group-F292AA58FE4A: changes role from  FOLLOWER to CANDIDATE at term 0 for changeToCandidate
2024-04-25 19:25:02,092 [feac95e6-d772-4287-b681-0d01f32bbe53-impl-thread2] INFO  impl.StateMachineUpdater (StateMachineUpdater.java:stopAndJoin(157)) - feac95e6-d772-4287-b681-0d01f32bbe53@group-3C037E0C2DD8-StateMachineUpdater: set stopIndex = 0
2024-04-25 19:25:02,093 [959cbd0f-a729-48cd-9832-a6c885e061f0@group-F292AA58FE4A-FollowerState] INFO  server.RaftServerConfigKeys (ConfUtils.java:logGet(46)) - raft.server.leaderelection.pre-vote = true (default)
2024-04-25 19:25:02,093 [959cbd0f-a729-48cd-9832-a6c885e061f0@group-F292AA58FE4A-FollowerState] INFO  impl.RoleInfo (RoleInfo.java:updateAndGet(139)) - 959cbd0f-a729-48cd-9832-a6c885e061f0: start 959cbd0f-a729-48cd-9832-a6c885e061f0@group-F292AA58FE4A-LeaderElection32
2024-04-25 19:25:02,093 [feac95e6-d772-4287-b681-0d01f32bbe53@group-3C037E0C2DD8-StateMachineUpdater] INFO  ratis.ContainerStateMachine (ContainerStateMachine.java:takeSnapshot(355)) - group-3C037E0C2DD8: Taking a snapshot at:(t:1, i:0) file /home/runner/work/ozone/ozone/hadoop-ozone/integration-test/target/test-dir/MiniOzoneClusterImpl-d2e81863-a659-4dd2-bdb8-fa97662d499c/ozone-meta/datanode-2/ratis/f9e8d661-89ee-4ea9-a3b0-3c037e0c2dd8/sm/snapshot.1_0
2024-04-25 19:25:02,093 [40fb7397-672b-4299-ac41-723a71166d77@group-844C2F4FE16D-FollowerState] INFO  impl.FollowerState (FollowerState.java:run(152)) - 40fb7397-672b-4299-ac41-723a71166d77@group-844C2F4FE16D-FollowerState was interrupted
2024-04-25 19:25:02,093 [grpc-default-executor-3] INFO  server.RaftServer$Division (RaftServerImpl.java:requestVote(1389)) - 959cbd0f-a729-48cd-9832-a6c885e061f0@group-844C2F4FE16D: receive requestVote(ELECTION, abc2c581-a768-4c7c-b49a-008e591603b4, group-844C2F4FE16D, 1, (t:0, i:0))
2024-04-25 19:25:02,093 [grpc-default-executor-3] INFO  impl.VoteContext (VoteContext.java:log(49)) - 959cbd0f-a729-48cd-9832-a6c885e061f0@group-844C2F4FE16D-FOLLOWER: accept ELECTION from abc2c581-a768-4c7c-b49a-008e591603b4: our priority 0 <= candidate's priority 1
2024-04-25 19:25:02,093 [grpc-default-executor-3] INFO  server.RaftServer$Division (RaftServerImpl.java:setRole(383)) - 959cbd0f-a729-48cd-9832-a6c885e061f0@group-844C2F4FE16D: changes role from  FOLLOWER to FOLLOWER at term 1 for candidate:abc2c581-a768-4c7c-b49a-008e591603b4
2024-04-25 19:25:02,093 [grpc-default-executor-3] INFO  impl.RoleInfo (RoleInfo.java:shutdownFollowerState(110)) - 959cbd0f-a729-48cd-9832-a6c885e061f0: shutdown 959cbd0f-a729-48cd-9832-a6c885e061f0@group-844C2F4FE16D-FollowerState
2024-04-25 19:25:02,093 [959cbd0f-a729-48cd-9832-a6c885e061f0@group-844C2F4FE16D-FollowerState] INFO  impl.FollowerState (FollowerState.java:run(152)) - 959cbd0f-a729-48cd-9832-a6c885e061f0@group-844C2F4FE16D-FollowerState was interrupted
2024-04-25 19:25:02,094 [feac95e6-d772-4287-b681-0d01f32bbe53@group-3C037E0C2DD8-StateMachineUpdater] INFO  ratis.ContainerStateMachine (ContainerStateMachine.java:takeSnapshot(366)) - group-3C037E0C2DD8: Finished taking a snapshot at:(t:1, i:0) file:/home/runner/work/ozone/ozone/hadoop-ozone/integration-test/target/test-dir/MiniOzoneClusterImpl-d2e81863-a659-4dd2-bdb8-fa97662d499c/ozone-meta/datanode-2/ratis/f9e8d661-89ee-4ea9-a3b0-3c037e0c2dd8/sm/snapshot.1_0 took: 1 ms
2024-04-25 19:25:02,094 [feac95e6-d772-4287-b681-0d01f32bbe53@group-3C037E0C2DD8-StateMachineUpdater] INFO  impl.StateMachineUpdater (StateMachineUpdater.java:takeSnapshot(295)) - feac95e6-d772-4287-b681-0d01f32bbe53@group-3C037E0C2DD8-StateMachineUpdater: Took a snapshot at index 0
2024-04-25 19:25:02,094 [feac95e6-d772-4287-b681-0d01f32bbe53@group-3C037E0C2DD8-StateMachineUpdater] INFO  impl.StateMachineUpdater (StateMachineUpdater.java:lambda$new$0(98)) - feac95e6-d772-4287-b681-0d01f32bbe53@group-3C037E0C2DD8-StateMachineUpdater: snapshotIndex: updateIncreasingly -1 -> 0
2024-04-25 19:25:02,094 [feac95e6-d772-4287-b681-0d01f32bbe53-impl-thread2] INFO  server.RaftServer$Division (ServerState.java:close(427)) - feac95e6-d772-4287-b681-0d01f32bbe53@group-3C037E0C2DD8: applyIndex: 0
2024-04-25 19:25:02,094 [feac95e6-d772-4287-b681-0d01f32bbe53@group-3C037E0C2DD8-cacheEviction-AwaitToRun] INFO  util.AwaitToRun (AwaitToRun.java:run(49)) - feac95e6-d772-4287-b681-0d01f32bbe53@group-3C037E0C2DD8-cacheEviction-AwaitToRun-AwaitForSignal is interrupted
2024-04-25 19:25:02,095 [grpc-default-executor-3] INFO  impl.RoleInfo (RoleInfo.java:updateAndGet(139)) - 959cbd0f-a729-48cd-9832-a6c885e061f0: start 959cbd0f-a729-48cd-9832-a6c885e061f0@group-844C2F4FE16D-FollowerState
2024-04-25 19:25:02,093 [grpc-default-executor-2] INFO  impl.RoleInfo (RoleInfo.java:updateAndGet(139)) - 40fb7397-672b-4299-ac41-723a71166d77: start 40fb7397-672b-4299-ac41-723a71166d77@group-844C2F4FE16D-FollowerState
2024-04-25 19:25:02,093 [959cbd0f-a729-48cd-9832-a6c885e061f0@group-F292AA58FE4A-LeaderElection32] INFO  impl.LeaderElection (LeaderElection.java:askForVotes(321)) - 959cbd0f-a729-48cd-9832-a6c885e061f0@group-F292AA58FE4A-LeaderElection32 PRE_VOTE round 0: submit vote requests at term 0 for -1: peers:[959cbd0f-a729-48cd-9832-a6c885e061f0|127.0.0.1:15175]|listeners:[], old=null
2024-04-25 19:25:02,095 [959cbd0f-a729-48cd-9832-a6c885e061f0@group-F292AA58FE4A-LeaderElection32] INFO  impl.LeaderElection (LeaderElection.java:askForVotes(323)) - 959cbd0f-a729-48cd-9832-a6c885e061f0@group-F292AA58FE4A-LeaderElection32 PRE_VOTE round 0: result PASSED (term=0)
2024-04-25 19:25:02,096 [main] INFO  server.GrpcService (GrpcService.java:closeImpl(320)) - feac95e6-d772-4287-b681-0d01f32bbe53: shutdown server org.apache.ratis.grpc.server.GrpcClientProtocolService successfully
2024-04-25 19:25:02,097 [main] INFO  server.GrpcService (GrpcService.java:closeImpl(311)) - feac95e6-d772-4287-b681-0d01f32bbe53: shutdown server GrpcServerProtocolService now
2024-04-25 19:25:02,097 [grpc-default-executor-2] INFO  server.RaftServer$Division (RaftServerImpl.java:requestVote(1422)) - 40fb7397-672b-4299-ac41-723a71166d77@group-844C2F4FE16D replies to ELECTION vote request: abc2c581-a768-4c7c-b49a-008e591603b4<-40fb7397-672b-4299-ac41-723a71166d77#0:OK-t1. Peer's state: 40fb7397-672b-4299-ac41-723a71166d77@group-844C2F4FE16D:t1, leader=null, voted=abc2c581-a768-4c7c-b49a-008e591603b4, raftlog=Memoized:40fb7397-672b-4299-ac41-723a71166d77@group-844C2F4FE16D-SegmentedRaftLog:OPENED:c-1, conf=-1: peers:[abc2c581-a768-4c7c-b49a-008e591603b4|127.0.0.1:15166, 959cbd0f-a729-48cd-9832-a6c885e061f0|127.0.0.1:15175, 40fb7397-672b-4299-ac41-723a71166d77|127.0.0.1:15157]|listeners:[], old=null
2024-04-25 19:25:02,097 [grpc-default-executor-3] INFO  server.RaftServer$Division (RaftServerImpl.java:setFirstElection(574)) - 959cbd0f-a729-48cd-9832-a6c885e061f0@group-844C2F4FE16D: set firstElectionSinceStartup to false for candidate:abc2c581-a768-4c7c-b49a-008e591603b4
2024-04-25 19:25:02,097 [959cbd0f-a729-48cd-9832-a6c885e061f0@group-F292AA58FE4A-LeaderElection32] INFO  impl.LeaderElection (LeaderElection.java:askForVotes(321)) - 959cbd0f-a729-48cd-9832-a6c885e061f0@group-F292AA58FE4A-LeaderElection32 ELECTION round 0: submit vote requests at term 1 for -1: peers:[959cbd0f-a729-48cd-9832-a6c885e061f0|127.0.0.1:15175]|listeners:[], old=null
2024-04-25 19:25:02,098 [abc2c581-a768-4c7c-b49a-008e591603b4@group-844C2F4FE16D-LeaderElection31] INFO  impl.LeaderElection (LeaderElection.java:logAndReturn(89)) - abc2c581-a768-4c7c-b49a-008e591603b4@group-844C2F4FE16D-LeaderElection31: ELECTION PASSED received 1 response(s) and 0 exception(s):
2024-04-25 19:25:02,098 [abc2c581-a768-4c7c-b49a-008e591603b4@group-844C2F4FE16D-LeaderElection31] INFO  impl.LeaderElection (LeaderElection.java:logAndReturn(93)) -   Response 0: abc2c581-a768-4c7c-b49a-008e591603b4<-40fb7397-672b-4299-ac41-723a71166d77#0:OK-t1
2024-04-25 19:25:02,098 [abc2c581-a768-4c7c-b49a-008e591603b4@group-844C2F4FE16D-LeaderElection31] INFO  impl.LeaderElection (LeaderElection.java:askForVotes(323)) - abc2c581-a768-4c7c-b49a-008e591603b4@group-844C2F4FE16D-LeaderElection31 ELECTION round 0: result PASSED
2024-04-25 19:25:02,098 [abc2c581-a768-4c7c-b49a-008e591603b4@group-844C2F4FE16D-LeaderElection31] INFO  impl.RoleInfo (RoleInfo.java:shutdownLeaderElection(130)) - abc2c581-a768-4c7c-b49a-008e591603b4: shutdown abc2c581-a768-4c7c-b49a-008e591603b4@group-844C2F4FE16D-LeaderElection31
2024-04-25 19:25:02,098 [abc2c581-a768-4c7c-b49a-008e591603b4@group-844C2F4FE16D-LeaderElection31] INFO  server.RaftServer$Division (RaftServerImpl.java:setRole(383)) - abc2c581-a768-4c7c-b49a-008e591603b4@group-844C2F4FE16D: changes role from CANDIDATE to LEADER at term 1 for changeToLeader
2024-04-25 19:25:02,098 [abc2c581-a768-4c7c-b49a-008e591603b4@group-844C2F4FE16D-LeaderElection31] INFO  server.RaftServerConfigKeys (ConfUtils.java:logGet(46)) - raft.server.staging.catchup.gap = 1000 (default)
2024-04-25 19:25:02,098 [959cbd0f-a729-48cd-9832-a6c885e061f0@group-F292AA58FE4A-LeaderElection32] INFO  impl.LeaderElection (LeaderElection.java:askForVotes(323)) - 959cbd0f-a729-48cd-9832-a6c885e061f0@group-F292AA58FE4A-LeaderElection32 ELECTION round 0: result PASSED (term=1)
2024-04-25 19:25:02,098 [grpc-default-executor-1] WARN  server.GrpcServerProtocolService (LogUtils.java:warn(121)) - feac95e6-d772-4287-b681-0d01f32bbe53: APPEND_ENTRIES onError, lastRequest: 1d17c780-3c0c-42fc-a5ed-76046c58c935->feac95e6-d772-4287-b681-0d01f32bbe53#6-t1,previous=(t:1, i:1),leaderCommit=1,initializing? false,entries: size=1, first=(t:1, i:2), METADATAENTRY(c:1): org.apache.ratis.thirdparty.io.grpc.StatusRuntimeException: CANCELLED: client cancelled
2024-04-25 19:25:02,098 [959cbd0f-a729-48cd-9832-a6c885e061f0@group-F292AA58FE4A-LeaderElection32] INFO  impl.RoleInfo (RoleInfo.java:shutdownLeaderElection(130)) - 959cbd0f-a729-48cd-9832-a6c885e061f0: shutdown 959cbd0f-a729-48cd-9832-a6c885e061f0@group-F292AA58FE4A-LeaderElection32
2024-04-25 19:25:02,098 [abc2c581-a768-4c7c-b49a-008e591603b4@group-844C2F4FE16D-LeaderElection31] INFO  server.RaftServerConfigKeys (ConfUtils.java:logGet(46)) - raft.server.write.element-limit = 1024 (custom)
2024-04-25 19:25:02,098 [959cbd0f-a729-48cd-9832-a6c885e061f0@group-F292AA58FE4A-LeaderElection32] INFO  server.RaftServer$Division (RaftServerImpl.java:setRole(383)) - 959cbd0f-a729-48cd-9832-a6c885e061f0@group-F292AA58FE4A: changes role from CANDIDATE to LEADER at term 1 for changeToLeader
2024-04-25 19:25:02,098 [abc2c581-a768-4c7c-b49a-008e591603b4@group-844C2F4FE16D-LeaderElection31] INFO  server.RaftServerConfigKeys (ConfUtils.java:logGet(46)) - raft.server.write.byte-limit = 1024 M (=1073741824) (custom)
2024-04-25 19:25:02,098 [959cbd0f-a729-48cd-9832-a6c885e061f0@group-F292AA58FE4A-LeaderElection32] INFO  server.RaftServerConfigKeys (ConfUtils.java:logGet(46)) - raft.server.staging.catchup.gap = 1000 (default)
2024-04-25 19:25:02,099 [959cbd0f-a729-48cd-9832-a6c885e061f0@group-F292AA58FE4A-LeaderElection32] INFO  server.RaftServerConfigKeys (ConfUtils.java:logGet(46)) - raft.server.write.element-limit = 1024 (custom)
2024-04-25 19:25:02,099 [959cbd0f-a729-48cd-9832-a6c885e061f0@group-F292AA58FE4A-LeaderElection32] INFO  server.RaftServerConfigKeys (ConfUtils.java:logGet(46)) - raft.server.write.byte-limit = 1024 M (=1073741824) (custom)
2024-04-25 19:25:02,099 [abc2c581-a768-4c7c-b49a-008e591603b4@group-844C2F4FE16D-LeaderElection31] INFO  server.RaftServerConfigKeys (ConfUtils.java:logGet(46)) - raft.server.watch.timeout = 3000ms (custom)
2024-04-25 19:25:02,099 [abc2c581-a768-4c7c-b49a-008e591603b4@group-844C2F4FE16D-LeaderElection31] INFO  server.RaftServerConfigKeys (ConfUtils.java:logGet(46)) - raft.server.watch.timeout.denomination = 1s (default)
2024-04-25 19:25:02,099 [959cbd0f-a729-48cd-9832-a6c885e061f0@group-F292AA58FE4A-LeaderElection32] INFO  server.RaftServerConfigKeys (ConfUtils.java:logGet(46)) - raft.server.watch.timeout = 3000ms (custom)
2024-04-25 19:25:02,099 [959cbd0f-a729-48cd-9832-a6c885e061f0@group-F292AA58FE4A-LeaderElection32] INFO  server.RaftServerConfigKeys (ConfUtils.java:logGet(46)) - raft.server.watch.timeout.denomination = 1s (default)
2024-04-25 19:25:02,099 [959cbd0f-a729-48cd-9832-a6c885e061f0@group-F292AA58FE4A-LeaderElection32] INFO  server.RaftServerConfigKeys (ConfUtils.java:logGet(46)) - raft.server.watch.element-limit = 65536 (default)
2024-04-25 19:25:02,099 [959cbd0f-a729-48cd-9832-a6c885e061f0@group-F292AA58FE4A-LeaderElection32] INFO  server.RaftServerConfigKeys (ConfUtils.java:logGet(46)) - raft.server.read.leader.lease.enabled = false (default)
2024-04-25 19:25:02,099 [959cbd0f-a729-48cd-9832-a6c885e061f0@group-F292AA58FE4A-LeaderElection32] INFO  server.RaftServerConfigKeys (ConfUtils.java:logGet(46)) - raft.server.read.leader.lease.timeout.ratio = 0.9 (default)
2024-04-25 19:25:02,099 [959cbd0f-a729-48cd-9832-a6c885e061f0@group-F292AA58FE4A-LeaderElection32] INFO  server.RaftServerConfigKeys (ConfUtils.java:logGet(46)) - raft.server.rpc.timeout.min = 5s (custom)
2024-04-25 19:25:02,099 [959cbd0f-a729-48cd-9832-a6c885e061f0@group-F292AA58FE4A-LeaderElection32] INFO  server.RaftServerConfigKeys (ConfUtils.java:logGet(46)) - raft.server.write.element-limit = 1024 (custom)
2024-04-25 19:25:02,099 [959cbd0f-a729-48cd-9832-a6c885e061f0@group-F292AA58FE4A-LeaderElection32] INFO  server.RaftServerConfigKeys (ConfUtils.java:logGet(46)) - raft.server.write.follower.gap.ratio.max = -1.0 (default)
2024-04-25 19:25:02,099 [959cbd0f-a729-48cd-9832-a6c885e061f0@group-F292AA58FE4A-LeaderElection32] INFO  impl.RoleInfo (RoleInfo.java:updateAndGet(139)) - 959cbd0f-a729-48cd-9832-a6c885e061f0: start 959cbd0f-a729-48cd-9832-a6c885e061f0@group-F292AA58FE4A-LeaderStateImpl
2024-04-25 19:25:02,099 [959cbd0f-a729-48cd-9832-a6c885e061f0@group-F292AA58FE4A-LeaderElection32] INFO  server.RaftServer$Division (RaftServerImpl.java:setFirstElection(574)) - 959cbd0f-a729-48cd-9832-a6c885e061f0@group-F292AA58FE4A: set firstElectionSinceStartup to false for becomeLeader
2024-04-25 19:25:02,099 [959cbd0f-a729-48cd-9832-a6c885e061f0@group-F292AA58FE4A-LeaderElection32] INFO  ratis.XceiverServerRatis (XceiverServerRatis.java:handleLeaderChangedNotification(966)) - Leader change notification received for group: group-F292AA58FE4A with new leaderId: 959cbd0f-a729-48cd-9832-a6c885e061f0
2024-04-25 19:25:02,099 [959cbd0f-a729-48cd-9832-a6c885e061f0@group-F292AA58FE4A-LeaderElection32] INFO  server.RaftServer$Division (ServerState.java:setLeader(269)) - 959cbd0f-a729-48cd-9832-a6c885e061f0@group-F292AA58FE4A: change Leader from null to 959cbd0f-a729-48cd-9832-a6c885e061f0 at term 1 for becomeLeader, leader elected after 5071ms
2024-04-25 19:25:02,099 [abc2c581-a768-4c7c-b49a-008e591603b4@group-844C2F4FE16D-LeaderElection31] INFO  server.RaftServerConfigKeys (ConfUtils.java:logGet(46)) - raft.server.watch.element-limit = 65536 (default)
2024-04-25 19:25:02,100 [abc2c581-a768-4c7c-b49a-008e591603b4@group-844C2F4FE16D-LeaderElection31] INFO  server.RaftServerConfigKeys (ConfUtils.java:logGet(46)) - raft.server.read.leader.lease.enabled = false (default)
2024-04-25 19:25:02,100 [abc2c581-a768-4c7c-b49a-008e591603b4@group-844C2F4FE16D-LeaderElection31] INFO  server.RaftServerConfigKeys (ConfUtils.java:logGet(46)) - raft.server.read.leader.lease.timeout.ratio = 0.9 (default)
2024-04-25 19:25:02,100 [abc2c581-a768-4c7c-b49a-008e591603b4@group-844C2F4FE16D-LeaderElection31] INFO  server.RaftServerConfigKeys (ConfUtils.java:logGet(46)) - raft.server.rpc.timeout.min = 5s (custom)
2024-04-25 19:25:02,100 [abc2c581-a768-4c7c-b49a-008e591603b4@group-844C2F4FE16D-LeaderElection31] INFO  server.RaftServerConfigKeys (ConfUtils.java:logGet(46)) - raft.server.write.element-limit = 1024 (custom)
2024-04-25 19:25:02,100 [abc2c581-a768-4c7c-b49a-008e591603b4@group-844C2F4FE16D-LeaderElection31] INFO  server.RaftServerConfigKeys (ConfUtils.java:logGet(46)) - raft.server.write.follower.gap.ratio.max = -1.0 (default)
2024-04-25 19:25:02,100 [abc2c581-a768-4c7c-b49a-008e591603b4@group-844C2F4FE16D-LeaderElection31] INFO  server.RaftServerConfigKeys (ConfUtils.java:logGet(46)) - raft.server.log.appender.snapshot.chunk.size.max = 16MB (=16777216) (default)
2024-04-25 19:25:02,100 [abc2c581-a768-4c7c-b49a-008e591603b4@group-844C2F4FE16D-LeaderElection31] INFO  server.RaftServerConfigKeys (ConfUtils.java:logGet(46)) - raft.server.log.appender.buffer.byte-limit = 8388608 (custom)
2024-04-25 19:25:02,100 [abc2c581-a768-4c7c-b49a-008e591603b4@group-844C2F4FE16D-LeaderElection31] INFO  server.RaftServerConfigKeys (ConfUtils.java:logGet(46)) - raft.server.log.appender.buffer.element-limit = 1 (custom)
2024-04-25 19:25:02,101 [abc2c581-a768-4c7c-b49a-008e591603b4@group-844C2F4FE16D-LeaderElection31] INFO  server.RaftServerConfigKeys (ConfUtils.java:logGet(46)) - raft.server.log.appender.wait-time.min = 0ms (custom)
2024-04-25 19:25:02,101 [abc2c581-a768-4c7c-b49a-008e591603b4@group-844C2F4FE16D-LeaderElection31] INFO  grpc.GrpcConfigKeys (ConfUtils.java:logGet(46)) - raft.grpc.server.leader.outstanding.appends.max = 8 (default)
2024-04-25 19:25:02,101 [abc2c581-a768-4c7c-b49a-008e591603b4@group-844C2F4FE16D-LeaderElection31] INFO  server.RaftServerConfigKeys (ConfUtils.java:logGet(46)) - raft.server.rpc.request.timeout = 3000ms (default)
2024-04-25 19:25:02,101 [abc2c581-a768-4c7c-b49a-008e591603b4@group-844C2F4FE16D-LeaderElection31] INFO  grpc.GrpcConfigKeys (ConfUtils.java:logGet(46)) - raft.grpc.server.install_snapshot.request.element-limit = 8 (default)
2024-04-25 19:25:02,101 [abc2c581-a768-4c7c-b49a-008e591603b4@group-844C2F4FE16D-LeaderElection31] INFO  grpc.GrpcConfigKeys (ConfUtils.java:logGet(46)) - raft.grpc.server.install_snapshot.request.timeout = 3000ms (default)
2024-04-25 19:25:02,101 [abc2c581-a768-4c7c-b49a-008e591603b4@group-844C2F4FE16D-LeaderElection31] INFO  grpc.GrpcConfigKeys (ConfUtils.java:logGet(46)) - raft.grpc.server.log-message.batch.duration = 5s (default)
2024-04-25 19:25:02,101 [abc2c581-a768-4c7c-b49a-008e591603b4@group-844C2F4FE16D-LeaderElection31] INFO  server.RaftServerConfigKeys (ConfUtils.java:logGet(46)) - raft.server.log.appender.install.snapshot.enabled = false (custom)
2024-04-25 19:25:02,101 [abc2c581-a768-4c7c-b49a-008e591603b4@group-844C2F4FE16D-LeaderElection31] INFO  grpc.GrpcConfigKeys (ConfUtils.java:logGet(46)) - raft.grpc.server.heartbeat.channel = true (default)
2024-04-25 19:25:02,102 [abc2c581-a768-4c7c-b49a-008e591603b4@group-844C2F4FE16D-LeaderElection31] INFO  server.RaftServerConfigKeys (ConfUtils.java:logGet(46)) - raft.server.log.appender.snapshot.chunk.size.max = 16MB (=16777216) (default)
2024-04-25 19:25:02,102 [abc2c581-a768-4c7c-b49a-008e591603b4@group-844C2F4FE16D-LeaderElection31] INFO  server.RaftServerConfigKeys (ConfUtils.java:logGet(46)) - raft.server.log.appender.buffer.byte-limit = 8388608 (custom)
2024-04-25 19:25:02,102 [abc2c581-a768-4c7c-b49a-008e591603b4@group-844C2F4FE16D-LeaderElection31] INFO  server.RaftServerConfigKeys (ConfUtils.java:logGet(46)) - raft.server.log.appender.buffer.element-limit = 1 (custom)
2024-04-25 19:25:02,104 [grpc-default-executor-2] WARN  server.GrpcServerProtocolService (LogUtils.java:warn(121)) - feac95e6-d772-4287-b681-0d01f32bbe53: APPEND_ENTRIES onError, lastRequest: null: org.apache.ratis.thirdparty.io.grpc.StatusRuntimeException: CANCELLED: client cancelled
2024-04-25 19:25:02,104 [main] INFO  server.GrpcService (GrpcService.java:closeImpl(320)) - feac95e6-d772-4287-b681-0d01f32bbe53: shutdown server GrpcServerProtocolService successfully
2024-04-25 19:25:02,104 [main] INFO  server.GrpcService (GrpcService.java:closeImpl(311)) - feac95e6-d772-4287-b681-0d01f32bbe53: shutdown server org.apache.ratis.grpc.server.GrpcAdminProtocolService now
2024-04-25 19:25:02,104 [grpc-default-executor-1] WARN  server.GrpcLogAppender (LogUtils.java:warn(121)) - 1d17c780-3c0c-42fc-a5ed-76046c58c935@group-E118F02A43E4->feac95e6-d772-4287-b681-0d01f32bbe53-AppendLogResponseHandler: Failed appendEntries: org.apache.ratis.thirdparty.io.grpc.StatusRuntimeException: CANCELLED: RST_STREAM closed stream. HTTP/2 error code: CANCEL
2024-04-25 19:25:02,104 [grpc-default-executor-2] WARN  server.GrpcLogAppender (GrpcLogAppender.java:lambda$resetClient$1(217)) - 1d17c780-3c0c-42fc-a5ed-76046c58c935@group-E118F02A43E4->feac95e6-d772-4287-b681-0d01f32bbe53-GrpcLogAppender: Follower failed (request=null, errorCount=1); keep nextIndex (3) unchanged and retry.
2024-04-25 19:25:02,104 [959cbd0f-a729-48cd-9832-a6c885e061f0@group-F292AA58FE4A-LeaderElection32] INFO  segmented.SegmentedRaftLogWorker (SegmentedRaftLogWorker.java:startLogSegment(430)) - 959cbd0f-a729-48cd-9832-a6c885e061f0@group-F292AA58FE4A-SegmentedRaftLogWorker: Starting segment from index:0
2024-04-25 19:25:02,105 [grpc-default-executor-3] INFO  server.RaftServer$Division (RaftServerImpl.java:requestVote(1422)) - 959cbd0f-a729-48cd-9832-a6c885e061f0@group-844C2F4FE16D replies to ELECTION vote request: abc2c581-a768-4c7c-b49a-008e591603b4<-959cbd0f-a729-48cd-9832-a6c885e061f0#0:OK-t1. Peer's state: 959cbd0f-a729-48cd-9832-a6c885e061f0@group-844C2F4FE16D:t1, leader=null, voted=abc2c581-a768-4c7c-b49a-008e591603b4, raftlog=Memoized:959cbd0f-a729-48cd-9832-a6c885e061f0@group-844C2F4FE16D-SegmentedRaftLog:OPENED:c-1, conf=-1: peers:[abc2c581-a768-4c7c-b49a-008e591603b4|127.0.0.1:15166, 959cbd0f-a729-48cd-9832-a6c885e061f0|127.0.0.1:15175, 40fb7397-672b-4299-ac41-723a71166d77|127.0.0.1:15157]|listeners:[], old=null
2024-04-25 19:25:02,105 [959cbd0f-a729-48cd-9832-a6c885e061f0@group-F292AA58FE4A-LeaderElection32] INFO  server.RaftServer$Division (ServerState.java:setRaftConf(386)) - 959cbd0f-a729-48cd-9832-a6c885e061f0@group-F292AA58FE4A: set configuration 0: peers:[959cbd0f-a729-48cd-9832-a6c885e061f0|127.0.0.1:15175]|listeners:[], old=null
2024-04-25 19:25:02,105 [959cbd0f-a729-48cd-9832-a6c885e061f0@group-F292AA58FE4A-SegmentedRaftLogWorker] INFO  segmented.BufferedWriteChannel (BufferedWriteChannel.java:open(62)) - open log_inprogress_0 at position 0
2024-04-25 19:25:02,106 [main] INFO  server.GrpcService (GrpcService.java:closeImpl(320)) - feac95e6-d772-4287-b681-0d01f32bbe53: shutdown server org.apache.ratis.grpc.server.GrpcAdminProtocolService successfully
2024-04-25 19:25:02,108 [abc2c581-a768-4c7c-b49a-008e591603b4@group-844C2F4FE16D-LeaderElection31] INFO  server.RaftServerConfigKeys (ConfUtils.java:logGet(46)) - raft.server.log.appender.wait-time.min = 0ms (custom)
2024-04-25 19:25:02,108 [abc2c581-a768-4c7c-b49a-008e591603b4@group-844C2F4FE16D-LeaderElection31] INFO  grpc.GrpcConfigKeys (ConfUtils.java:logGet(46)) - raft.grpc.server.leader.outstanding.appends.max = 8 (default)
2024-04-25 19:25:02,109 [abc2c581-a768-4c7c-b49a-008e591603b4@group-844C2F4FE16D-LeaderElection31] INFO  server.RaftServerConfigKeys (ConfUtils.java:logGet(46)) - raft.server.rpc.request.timeout = 3000ms (default)
2024-04-25 19:25:02,109 [abc2c581-a768-4c7c-b49a-008e591603b4@group-844C2F4FE16D-LeaderElection31] INFO  grpc.GrpcConfigKeys (ConfUtils.java:logGet(46)) - raft.grpc.server.install_snapshot.request.element-limit = 8 (default)
2024-04-25 19:25:02,109 [abc2c581-a768-4c7c-b49a-008e591603b4@group-844C2F4FE16D-LeaderElection31] INFO  grpc.GrpcConfigKeys (ConfUtils.java:logGet(46)) - raft.grpc.server.install_snapshot.request.timeout = 3000ms (default)
2024-04-25 19:25:02,109 [abc2c581-a768-4c7c-b49a-008e591603b4@group-844C2F4FE16D-LeaderElection31] INFO  grpc.GrpcConfigKeys (ConfUtils.java:logGet(46)) - raft.grpc.server.log-message.batch.duration = 5s (default)
2024-04-25 19:25:02,109 [abc2c581-a768-4c7c-b49a-008e591603b4@group-844C2F4FE16D-LeaderElection31] INFO  server.RaftServerConfigKeys (ConfUtils.java:logGet(46)) - raft.server.log.appender.install.snapshot.enabled = false (custom)
2024-04-25 19:25:02,109 [abc2c581-a768-4c7c-b49a-008e591603b4@group-844C2F4FE16D-LeaderElection31] INFO  grpc.GrpcConfigKeys (ConfUtils.java:logGet(46)) - raft.grpc.server.heartbeat.channel = true (default)
2024-04-25 19:25:02,110 [abc2c581-a768-4c7c-b49a-008e591603b4@group-844C2F4FE16D-LeaderElection31] INFO  impl.RoleInfo (RoleInfo.java:updateAndGet(139)) - abc2c581-a768-4c7c-b49a-008e591603b4: start abc2c581-a768-4c7c-b49a-008e591603b4@group-844C2F4FE16D-LeaderStateImpl
2024-04-25 19:25:02,112 [abc2c581-a768-4c7c-b49a-008e591603b4@group-844C2F4FE16D-LeaderElection31] INFO  server.RaftServer$Division (RaftServerImpl.java:setFirstElection(574)) - abc2c581-a768-4c7c-b49a-008e591603b4@group-844C2F4FE16D: set firstElectionSinceStartup to false for becomeLeader
2024-04-25 19:25:02,112 [abc2c581-a768-4c7c-b49a-008e591603b4@group-844C2F4FE16D-LeaderElection31] INFO  ratis.XceiverServerRatis (XceiverServerRatis.java:handleLeaderChangedNotification(966)) - Leader change notification received for group: group-844C2F4FE16D with new leaderId: abc2c581-a768-4c7c-b49a-008e591603b4
2024-04-25 19:25:02,112 [abc2c581-a768-4c7c-b49a-008e591603b4@group-844C2F4FE16D-LeaderElection31] INFO  server.RaftServer$Division (ServerState.java:setLeader(269)) - abc2c581-a768-4c7c-b49a-008e591603b4@group-844C2F4FE16D: change Leader from null to abc2c581-a768-4c7c-b49a-008e591603b4 at term 1 for becomeLeader, leader elected after 5133ms
2024-04-25 19:25:02,113 [abc2c581-a768-4c7c-b49a-008e591603b4@group-844C2F4FE16D-LeaderElection31] INFO  segmented.SegmentedRaftLogWorker (SegmentedRaftLogWorker.java:startLogSegment(430)) - abc2c581-a768-4c7c-b49a-008e591603b4@group-844C2F4FE16D-SegmentedRaftLogWorker: Starting segment from index:0
2024-04-25 19:25:02,113 [abc2c581-a768-4c7c-b49a-008e591603b4@group-844C2F4FE16D-LeaderElection31] INFO  server.RaftServer$Division (ServerState.java:setRaftConf(386)) - abc2c581-a768-4c7c-b49a-008e591603b4@group-844C2F4FE16D: set configuration 0: peers:[abc2c581-a768-4c7c-b49a-008e591603b4|127.0.0.1:15166, 959cbd0f-a729-48cd-9832-a6c885e061f0|127.0.0.1:15175, 40fb7397-672b-4299-ac41-723a71166d77|127.0.0.1:15157]|listeners:[], old=null
2024-04-25 19:25:02,113 [959cbd0f-a729-48cd-9832-a6c885e061f0@group-F292AA58FE4A-SegmentedRaftLogWorker] INFO  segmented.SegmentedRaftLogWorker (SegmentedRaftLogWorker.java:execute(634)) - 959cbd0f-a729-48cd-9832-a6c885e061f0@group-F292AA58FE4A-SegmentedRaftLogWorker: created new log segment /home/runner/work/ozone/ozone/hadoop-ozone/integration-test/target/test-dir/MiniOzoneClusterImpl-d2e81863-a659-4dd2-bdb8-fa97662d499c/ozone-meta/datanode-9/ratis/6f9b0936-e60c-425d-9d8f-f292aa58fe4a/current/log_inprogress_0
2024-04-25 19:25:02,114 [EventQueue-PipelineReportForPipelineReportHandler] INFO  pipeline.PipelineReportHandler (PipelineReportHandler.java:processPipelineReport(136)) - Opened pipeline PipelineID=065f0003-75ed-4d37-a1b3-844c2f4fe16d
2024-04-25 19:25:02,114 [abc2c581-a768-4c7c-b49a-008e591603b4@group-844C2F4FE16D-SegmentedRaftLogWorker] INFO  segmented.BufferedWriteChannel (BufferedWriteChannel.java:open(62)) - open log_inprogress_0 at position 0
2024-04-25 19:25:02,115 [959cbd0f-a729-48cd-9832-a6c885e061f0@group-F292AA58FE4A-StateMachineUpdater] INFO  server.RaftServer$Division (LeaderStateImpl.java:isApplied(320)) - leader is ready since appliedIndex == 0 >= startIndex == 0
2024-04-25 19:25:02,122 [959cbd0f-a729-48cd-9832-a6c885e061f0-server-thread1] INFO  ratis.XceiverServerRatis (XceiverServerRatis.java:handleLeaderChangedNotification(966)) - Leader change notification received for group: group-844C2F4FE16D with new leaderId: abc2c581-a768-4c7c-b49a-008e591603b4
2024-04-25 19:25:02,123 [959cbd0f-a729-48cd-9832-a6c885e061f0-server-thread1] INFO  server.RaftServer$Division (ServerState.java:setLeader(269)) - 959cbd0f-a729-48cd-9832-a6c885e061f0@group-844C2F4FE16D: change Leader from null to abc2c581-a768-4c7c-b49a-008e591603b4 at term 1 for appendEntries, leader elected after 5185ms
2024-04-25 19:25:02,124 [abc2c581-a768-4c7c-b49a-008e591603b4@group-844C2F4FE16D-SegmentedRaftLogWorker] INFO  segmented.SegmentedRaftLogWorker (SegmentedRaftLogWorker.java:execute(634)) - abc2c581-a768-4c7c-b49a-008e591603b4@group-844C2F4FE16D-SegmentedRaftLogWorker: created new log segment /home/runner/work/ozone/ozone/hadoop-ozone/integration-test/target/test-dir/MiniOzoneClusterImpl-d2e81863-a659-4dd2-bdb8-fa97662d499c/ozone-meta/datanode-8/ratis/065f0003-75ed-4d37-a1b3-844c2f4fe16d/current/log_inprogress_0
2024-04-25 19:25:02,125 [feac95e6-d772-4287-b681-0d01f32bbe53-NettyServerStreamRpc-bossGroup--thread1] INFO  logging.LoggingHandler (AbstractInternalLogger.java:log(148)) - [id: 0xd6380200, L:/0.0.0.0:15113] CLOSE
2024-04-25 19:25:02,125 [959cbd0f-a729-48cd-9832-a6c885e061f0-server-thread2] INFO  server.RaftServer$Division (ServerState.java:setRaftConf(386)) - 959cbd0f-a729-48cd-9832-a6c885e061f0@group-844C2F4FE16D: set configuration 0: peers:[abc2c581-a768-4c7c-b49a-008e591603b4|127.0.0.1:15166, 959cbd0f-a729-48cd-9832-a6c885e061f0|127.0.0.1:15175, 40fb7397-672b-4299-ac41-723a71166d77|127.0.0.1:15157]|listeners:[], old=null
2024-04-25 19:25:02,125 [feac95e6-d772-4287-b681-0d01f32bbe53-NettyServerStreamRpc-bossGroup--thread1] INFO  logging.LoggingHandler (AbstractInternalLogger.java:log(148)) - [id: 0xd6380200, L:/0.0.0.0:15113] INACTIVE
2024-04-25 19:25:02,125 [959cbd0f-a729-48cd-9832-a6c885e061f0-server-thread2] INFO  segmented.SegmentedRaftLogWorker (SegmentedRaftLogWorker.java:startLogSegment(430)) - 959cbd0f-a729-48cd-9832-a6c885e061f0@group-844C2F4FE16D-SegmentedRaftLogWorker: Starting segment from index:0
2024-04-25 19:25:02,125 [feac95e6-d772-4287-b681-0d01f32bbe53-NettyServerStreamRpc-bossGroup--thread1] INFO  logging.LoggingHandler (AbstractInternalLogger.java:log(148)) - [id: 0xd6380200, L:/0.0.0.0:15113] UNREGISTERED
2024-04-25 19:25:02,126 [959cbd0f-a729-48cd-9832-a6c885e061f0@group-844C2F4FE16D-SegmentedRaftLogWorker] INFO  segmented.BufferedWriteChannel (BufferedWriteChannel.java:open(62)) - open log_inprogress_0 at position 0
2024-04-25 19:25:02,128 [40fb7397-672b-4299-ac41-723a71166d77-server-thread2] INFO  ratis.XceiverServerRatis (XceiverServerRatis.java:handleLeaderChangedNotification(966)) - Leader change notification received for group: group-844C2F4FE16D with new leaderId: abc2c581-a768-4c7c-b49a-008e591603b4
2024-04-25 19:25:02,128 [40fb7397-672b-4299-ac41-723a71166d77-server-thread2] INFO  server.RaftServer$Division (ServerState.java:setLeader(269)) - 40fb7397-672b-4299-ac41-723a71166d77@group-844C2F4FE16D: change Leader from null to abc2c581-a768-4c7c-b49a-008e591603b4 at term 1 for appendEntries, leader elected after 5219ms
2024-04-25 19:25:02,128 [40fb7397-672b-4299-ac41-723a71166d77-server-thread1] INFO  server.RaftServer$Division (ServerState.java:setRaftConf(386)) - 40fb7397-672b-4299-ac41-723a71166d77@group-844C2F4FE16D: set configuration 0: peers:[abc2c581-a768-4c7c-b49a-008e591603b4|127.0.0.1:15166, 959cbd0f-a729-48cd-9832-a6c885e061f0|127.0.0.1:15175, 40fb7397-672b-4299-ac41-723a71166d77|127.0.0.1:15157]|listeners:[], old=null
2024-04-25 19:25:02,128 [40fb7397-672b-4299-ac41-723a71166d77-server-thread1] INFO  segmented.SegmentedRaftLogWorker (SegmentedRaftLogWorker.java:startLogSegment(430)) - 40fb7397-672b-4299-ac41-723a71166d77@group-844C2F4FE16D-SegmentedRaftLogWorker: Starting segment from index:0
2024-04-25 19:25:02,129 [40fb7397-672b-4299-ac41-723a71166d77@group-844C2F4FE16D-SegmentedRaftLogWorker] INFO  segmented.BufferedWriteChannel (BufferedWriteChannel.java:open(62)) - open log_inprogress_0 at position 0
2024-04-25 19:25:02,136 [959cbd0f-a729-48cd-9832-a6c885e061f0@group-844C2F4FE16D-SegmentedRaftLogWorker] INFO  segmented.SegmentedRaftLogWorker (SegmentedRaftLogWorker.java:execute(634)) - 959cbd0f-a729-48cd-9832-a6c885e061f0@group-844C2F4FE16D-SegmentedRaftLogWorker: created new log segment /home/runner/work/ozone/ozone/hadoop-ozone/integration-test/target/test-dir/MiniOzoneClusterImpl-d2e81863-a659-4dd2-bdb8-fa97662d499c/ozone-meta/datanode-9/ratis/065f0003-75ed-4d37-a1b3-844c2f4fe16d/current/log_inprogress_0
2024-04-25 19:25:02,136 [40fb7397-672b-4299-ac41-723a71166d77@group-844C2F4FE16D-SegmentedRaftLogWorker] INFO  segmented.SegmentedRaftLogWorker (SegmentedRaftLogWorker.java:execute(634)) - 40fb7397-672b-4299-ac41-723a71166d77@group-844C2F4FE16D-SegmentedRaftLogWorker: created new log segment /home/runner/work/ozone/ozone/hadoop-ozone/integration-test/target/test-dir/MiniOzoneClusterImpl-d2e81863-a659-4dd2-bdb8-fa97662d499c/ozone-meta/datanode-7/ratis/065f0003-75ed-4d37-a1b3-844c2f4fe16d/current/log_inprogress_0
2024-04-25 19:25:02,139 [abc2c581-a768-4c7c-b49a-008e591603b4@group-844C2F4FE16D-StateMachineUpdater] INFO  server.RaftServer$Division (LeaderStateImpl.java:isApplied(320)) - leader is ready since appliedIndex == 0 >= startIndex == 0
2024-04-25 19:25:02,165 [abc2c581-a768-4c7c-b49a-008e591603b4@group-3C27FF26CFA9-FollowerState] INFO  impl.FollowerState (FollowerState.java:run(143)) - abc2c581-a768-4c7c-b49a-008e591603b4@group-3C27FF26CFA9-FollowerState: change to CANDIDATE, lastRpcElapsedTime:5174363878ns, electionTimeout:5173ms
2024-04-25 19:25:02,165 [abc2c581-a768-4c7c-b49a-008e591603b4@group-3C27FF26CFA9-FollowerState] INFO  impl.RoleInfo (RoleInfo.java:shutdownFollowerState(110)) - abc2c581-a768-4c7c-b49a-008e591603b4: shutdown abc2c581-a768-4c7c-b49a-008e591603b4@group-3C27FF26CFA9-FollowerState
2024-04-25 19:25:02,165 [abc2c581-a768-4c7c-b49a-008e591603b4@group-3C27FF26CFA9-FollowerState] INFO  server.RaftServer$Division (RaftServerImpl.java:setRole(383)) - abc2c581-a768-4c7c-b49a-008e591603b4@group-3C27FF26CFA9: changes role from  FOLLOWER to CANDIDATE at term 0 for changeToCandidate
2024-04-25 19:25:02,165 [abc2c581-a768-4c7c-b49a-008e591603b4@group-3C27FF26CFA9-FollowerState] INFO  server.RaftServerConfigKeys (ConfUtils.java:logGet(46)) - raft.server.leaderelection.pre-vote = true (default)
2024-04-25 19:25:02,165 [abc2c581-a768-4c7c-b49a-008e591603b4@group-3C27FF26CFA9-FollowerState] INFO  impl.RoleInfo (RoleInfo.java:updateAndGet(139)) - abc2c581-a768-4c7c-b49a-008e591603b4: start abc2c581-a768-4c7c-b49a-008e591603b4@group-3C27FF26CFA9-LeaderElection33
2024-04-25 19:25:02,166 [abc2c581-a768-4c7c-b49a-008e591603b4@group-3C27FF26CFA9-LeaderElection33] INFO  impl.LeaderElection (LeaderElection.java:askForVotes(321)) - abc2c581-a768-4c7c-b49a-008e591603b4@group-3C27FF26CFA9-LeaderElection33 PRE_VOTE round 0: submit vote requests at term 0 for -1: peers:[abc2c581-a768-4c7c-b49a-008e591603b4|127.0.0.1:15166]|listeners:[], old=null
2024-04-25 19:25:02,166 [abc2c581-a768-4c7c-b49a-008e591603b4@group-3C27FF26CFA9-LeaderElection33] INFO  impl.LeaderElection (LeaderElection.java:askForVotes(323)) - abc2c581-a768-4c7c-b49a-008e591603b4@group-3C27FF26CFA9-LeaderElection33 PRE_VOTE round 0: result PASSED (term=0)
2024-04-25 19:25:02,167 [abc2c581-a768-4c7c-b49a-008e591603b4@group-3C27FF26CFA9-LeaderElection33] INFO  impl.LeaderElection (LeaderElection.java:askForVotes(321)) - abc2c581-a768-4c7c-b49a-008e591603b4@group-3C27FF26CFA9-LeaderElection33 ELECTION round 0: submit vote requests at term 1 for -1: peers:[abc2c581-a768-4c7c-b49a-008e591603b4|127.0.0.1:15166]|listeners:[], old=null
2024-04-25 19:25:02,167 [abc2c581-a768-4c7c-b49a-008e591603b4@group-3C27FF26CFA9-LeaderElection33] INFO  impl.LeaderElection (LeaderElection.java:askForVotes(323)) - abc2c581-a768-4c7c-b49a-008e591603b4@group-3C27FF26CFA9-LeaderElection33 ELECTION round 0: result PASSED (term=1)
2024-04-25 19:25:02,167 [abc2c581-a768-4c7c-b49a-008e591603b4@group-3C27FF26CFA9-LeaderElection33] INFO  impl.RoleInfo (RoleInfo.java:shutdownLeaderElection(130)) - abc2c581-a768-4c7c-b49a-008e591603b4: shutdown abc2c581-a768-4c7c-b49a-008e591603b4@group-3C27FF26CFA9-LeaderElection33
2024-04-25 19:25:02,167 [abc2c581-a768-4c7c-b49a-008e591603b4@group-3C27FF26CFA9-LeaderElection33] INFO  server.RaftServer$Division (RaftServerImpl.java:setRole(383)) - abc2c581-a768-4c7c-b49a-008e591603b4@group-3C27FF26CFA9: changes role from CANDIDATE to LEADER at term 1 for changeToLeader
2024-04-25 19:25:02,167 [abc2c581-a768-4c7c-b49a-008e591603b4@group-3C27FF26CFA9-LeaderElection33] INFO  server.RaftServerConfigKeys (ConfUtils.java:logGet(46)) - raft.server.staging.catchup.gap = 1000 (default)
2024-04-25 19:25:02,167 [abc2c581-a768-4c7c-b49a-008e591603b4@group-3C27FF26CFA9-LeaderElection33] INFO  server.RaftServerConfigKeys (ConfUtils.java:logGet(46)) - raft.server.write.element-limit = 1024 (custom)
2024-04-25 19:25:02,167 [abc2c581-a768-4c7c-b49a-008e591603b4@group-3C27FF26CFA9-LeaderElection33] INFO  server.RaftServerConfigKeys (ConfUtils.java:logGet(46)) - raft.server.write.byte-limit = 1024 M (=1073741824) (custom)
2024-04-25 19:25:02,168 [abc2c581-a768-4c7c-b49a-008e591603b4@group-3C27FF26CFA9-LeaderElection33] INFO  server.RaftServerConfigKeys (ConfUtils.java:logGet(46)) - raft.server.watch.timeout = 3000ms (custom)
2024-04-25 19:25:02,168 [abc2c581-a768-4c7c-b49a-008e591603b4@group-3C27FF26CFA9-LeaderElection33] INFO  server.RaftServerConfigKeys (ConfUtils.java:logGet(46)) - raft.server.watch.timeout.denomination = 1s (default)
2024-04-25 19:25:02,168 [abc2c581-a768-4c7c-b49a-008e591603b4@group-3C27FF26CFA9-LeaderElection33] INFO  server.RaftServerConfigKeys (ConfUtils.java:logGet(46)) - raft.server.watch.element-limit = 65536 (default)
2024-04-25 19:25:02,168 [abc2c581-a768-4c7c-b49a-008e591603b4@group-3C27FF26CFA9-LeaderElection33] INFO  server.RaftServerConfigKeys (ConfUtils.java:logGet(46)) - raft.server.read.leader.lease.enabled = false (default)
2024-04-25 19:25:02,168 [abc2c581-a768-4c7c-b49a-008e591603b4@group-3C27FF26CFA9-LeaderElection33] INFO  server.RaftServerConfigKeys (ConfUtils.java:logGet(46)) - raft.server.read.leader.lease.timeout.ratio = 0.9 (default)
2024-04-25 19:25:02,168 [abc2c581-a768-4c7c-b49a-008e591603b4@group-3C27FF26CFA9-LeaderElection33] INFO  server.RaftServerConfigKeys (ConfUtils.java:logGet(46)) - raft.server.rpc.timeout.min = 5s (custom)
2024-04-25 19:25:02,168 [abc2c581-a768-4c7c-b49a-008e591603b4@group-3C27FF26CFA9-LeaderElection33] INFO  server.RaftServerConfigKeys (ConfUtils.java:logGet(46)) - raft.server.write.element-limit = 1024 (custom)
2024-04-25 19:25:02,168 [abc2c581-a768-4c7c-b49a-008e591603b4@group-3C27FF26CFA9-LeaderElection33] INFO  server.RaftServerConfigKeys (ConfUtils.java:logGet(46)) - raft.server.write.follower.gap.ratio.max = -1.0 (default)
2024-04-25 19:25:02,169 [abc2c581-a768-4c7c-b49a-008e591603b4@group-3C27FF26CFA9-LeaderElection33] INFO  impl.RoleInfo (RoleInfo.java:updateAndGet(139)) - abc2c581-a768-4c7c-b49a-008e591603b4: start abc2c581-a768-4c7c-b49a-008e591603b4@group-3C27FF26CFA9-LeaderStateImpl
2024-04-25 19:25:02,169 [abc2c581-a768-4c7c-b49a-008e591603b4@group-3C27FF26CFA9-LeaderElection33] INFO  server.RaftServer$Division (RaftServerImpl.java:setFirstElection(574)) - abc2c581-a768-4c7c-b49a-008e591603b4@group-3C27FF26CFA9: set firstElectionSinceStartup to false for becomeLeader
2024-04-25 19:25:02,169 [abc2c581-a768-4c7c-b49a-008e591603b4@group-3C27FF26CFA9-LeaderElection33] INFO  ratis.XceiverServerRatis (XceiverServerRatis.java:handleLeaderChangedNotification(966)) - Leader change notification received for group: group-3C27FF26CFA9 with new leaderId: abc2c581-a768-4c7c-b49a-008e591603b4
2024-04-25 19:25:02,169 [abc2c581-a768-4c7c-b49a-008e591603b4@group-3C27FF26CFA9-LeaderElection33] INFO  server.RaftServer$Division (ServerState.java:setLeader(269)) - abc2c581-a768-4c7c-b49a-008e591603b4@group-3C27FF26CFA9: change Leader from null to abc2c581-a768-4c7c-b49a-008e591603b4 at term 1 for becomeLeader, leader elected after 5202ms
2024-04-25 19:25:02,169 [abc2c581-a768-4c7c-b49a-008e591603b4@group-3C27FF26CFA9-LeaderElection33] INFO  segmented.SegmentedRaftLogWorker (SegmentedRaftLogWorker.java:startLogSegment(430)) - abc2c581-a768-4c7c-b49a-008e591603b4@group-3C27FF26CFA9-SegmentedRaftLogWorker: Starting segment from index:0
2024-04-25 19:25:02,170 [abc2c581-a768-4c7c-b49a-008e591603b4@group-3C27FF26CFA9-LeaderElection33] INFO  server.RaftServer$Division (ServerState.java:setRaftConf(386)) - abc2c581-a768-4c7c-b49a-008e591603b4@group-3C27FF26CFA9: set configuration 0: peers:[abc2c581-a768-4c7c-b49a-008e591603b4|127.0.0.1:15166]|listeners:[], old=null
2024-04-25 19:25:02,170 [abc2c581-a768-4c7c-b49a-008e591603b4@group-3C27FF26CFA9-SegmentedRaftLogWorker] INFO  segmented.BufferedWriteChannel (BufferedWriteChannel.java:open(62)) - open log_inprogress_0 at position 0
2024-04-25 19:25:02,177 [abc2c581-a768-4c7c-b49a-008e591603b4@group-3C27FF26CFA9-SegmentedRaftLogWorker] INFO  segmented.SegmentedRaftLogWorker (SegmentedRaftLogWorker.java:execute(634)) - abc2c581-a768-4c7c-b49a-008e591603b4@group-3C27FF26CFA9-SegmentedRaftLogWorker: created new log segment /home/runner/work/ozone/ozone/hadoop-ozone/integration-test/target/test-dir/MiniOzoneClusterImpl-d2e81863-a659-4dd2-bdb8-fa97662d499c/ozone-meta/datanode-8/ratis/986ceb3f-2e42-44eb-ac0f-3c27ff26cfa9/current/log_inprogress_0
2024-04-25 19:25:02,179 [abc2c581-a768-4c7c-b49a-008e591603b4@group-3C27FF26CFA9-StateMachineUpdater] INFO  server.RaftServer$Division (LeaderStateImpl.java:isApplied(320)) - leader is ready since appliedIndex == 0 >= startIndex == 0
2024-04-25 19:25:02,672 [feac95e6-d772-4287-b681-0d01f32bbe53-impl-thread2] INFO  segmented.SegmentedRaftLogWorker (SegmentedRaftLogWorker.java:close(245)) - feac95e6-d772-4287-b681-0d01f32bbe53@group-3C037E0C2DD8-SegmentedRaftLogWorker close()
2024-04-25 19:25:03,072 [feac95e6-d772-4287-b681-0d01f32bbe53-impl-thread1] INFO  segmented.SegmentedRaftLogWorker (SegmentedRaftLogWorker.java:close(245)) - feac95e6-d772-4287-b681-0d01f32bbe53@group-E118F02A43E4-SegmentedRaftLogWorker close()
2024-04-25 19:25:03,072 [JvmPauseMonitor14] INFO  util.JvmPauseMonitor (JvmPauseMonitor.java:run(152)) - JvmPauseMonitor-feac95e6-d772-4287-b681-0d01f32bbe53: Stopped
2024-04-25 19:25:05,075 [main] INFO  utils.DatanodeStoreCache (DatanodeStoreCache.java:shutdownCache(116)) - Skip clearing cache in mini cluster mode. Entries left: [/home/runner/work/ozone/ozone/hadoop-ozone/integration-test/target/test-dir/MiniOzoneClusterImpl-d2e81863-a659-4dd2-bdb8-fa97662d499c/ozone-meta/datanode-1/data-0/hdds/d2e81863-a659-4dd2-bdb8-fa97662d499c/DS-a9395903-e5e0-438e-b542-2f174fcc26da/container.db, /home/runner/work/ozone/ozone/hadoop-ozone/integration-test/target/test-dir/MiniOzoneClusterImpl-d2e81863-a659-4dd2-bdb8-fa97662d499c/ozone-meta/datanode-2/data-0/hdds/d2e81863-a659-4dd2-bdb8-fa97662d499c/DS-21ecf633-5a88-4a13-8678-0248643eed94/container.db, /home/runner/work/ozone/ozone/hadoop-ozone/integration-test/target/test-dir/MiniOzoneClusterImpl-d2e81863-a659-4dd2-bdb8-fa97662d499c/ozone-meta/datanode-3/data-0/hdds/d2e81863-a659-4dd2-bdb8-fa97662d499c/DS-8e8ca3bf-4f25-41dc-9238-2166e3bd4f5f/container.db, /home/runner/work/ozone/ozone/hadoop-ozone/integration-test/target/test-dir/MiniOzoneClusterImpl-d2e81863-a659-4dd2-bdb8-fa97662d499c/ozone-meta/datanode-4/data-0/hdds/d2e81863-a659-4dd2-bdb8-fa97662d499c/DS-7927d964-c3b8-4f7b-b624-ba2a50619344/container.db, /home/runner/work/ozone/ozone/hadoop-ozone/integration-test/target/test-dir/MiniOzoneClusterImpl-d2e81863-a659-4dd2-bdb8-fa97662d499c/ozone-meta/datanode-5/data-0/hdds/d2e81863-a659-4dd2-bdb8-fa97662d499c/DS-fb74b653-00ac-49eb-810d-6a22ca4c528f/container.db, /home/runner/work/ozone/ozone/hadoop-ozone/integration-test/target/test-dir/MiniOzoneClusterImpl-d2e81863-a659-4dd2-bdb8-fa97662d499c/ozone-meta/datanode-6/data-0/hdds/d2e81863-a659-4dd2-bdb8-fa97662d499c/DS-95a97b5d-808d-4fbc-bb6b-3cb2e89fd496/container.db, /home/runner/work/ozone/ozone/hadoop-ozone/integration-test/target/test-dir/MiniOzoneClusterImpl-d2e81863-a659-4dd2-bdb8-fa97662d499c/ozone-meta/datanode-7/data-0/hdds/d2e81863-a659-4dd2-bdb8-fa97662d499c/DS-5d316cf3-db81-4a99-b6b0-65728794fd1a/container.db, /home/runner/work/ozone/ozone/hadoop-ozone/integration-test/target/test-dir/MiniOzoneClusterImpl-d2e81863-a659-4dd2-bdb8-fa97662d499c/ozone-meta/datanode-8/data-0/hdds/d2e81863-a659-4dd2-bdb8-fa97662d499c/DS-2dd930ad-a319-45ae-9f52-8581b4782f1b/container.db, /home/runner/work/ozone/ozone/hadoop-ozone/integration-test/target/test-dir/MiniOzoneClusterImpl-d2e81863-a659-4dd2-bdb8-fa97662d499c/ozone-meta/datanode-9/data-0/hdds/d2e81863-a659-4dd2-bdb8-fa97662d499c/DS-1ac8abeb-8ac9-4fd1-9900-a1b38005f65c/container.db]
2024-04-25 19:25:05,076 [main] INFO  utils.DatanodeStoreCache (DatanodeStoreCache.java:removeDB(110)) - Removed db /home/runner/work/ozone/ozone/hadoop-ozone/integration-test/target/test-dir/MiniOzoneClusterImpl-d2e81863-a659-4dd2-bdb8-fa97662d499c/ozone-meta/datanode-2/data-0/hdds/d2e81863-a659-4dd2-bdb8-fa97662d499c/DS-21ecf633-5a88-4a13-8678-0248643eed94/container.db from cache
2024-04-25 19:25:05,076 [main] INFO  volume.HddsVolume (HddsVolume.java:closeDbStore(470)) - SchemaV3 db is stopped at /home/runner/work/ozone/ozone/hadoop-ozone/integration-test/target/test-dir/MiniOzoneClusterImpl-d2e81863-a659-4dd2-bdb8-fa97662d499c/ozone-meta/datanode-2/data-0/hdds/d2e81863-a659-4dd2-bdb8-fa97662d499c/DS-21ecf633-5a88-4a13-8678-0248643eed94/container.db for volume DS-21ecf633-5a88-4a13-8678-0248643eed94
2024-04-25 19:25:05,076 [main] INFO  utils.BackgroundService (BackgroundService.java:shutdown(160)) - Shutting down service BlockDeletingService
2024-04-25 19:25:05,077 [main] INFO  utils.BackgroundService (BackgroundService.java:shutdown(160)) - Shutting down service StaleRecoveringContainerScrubbingService
2024-04-25 19:25:05,077 [main] INFO  statemachine.DatanodeStateMachine (DatanodeStateMachine.java:stopDaemon(638)) - Ozone container server stopped.
2024-04-25 19:25:05,078 [main] INFO  handler.ContextHandler (ContextHandler.java:doStop(1159)) - Stopped o.e.j.w.WebAppContext@7b01900f{hddsDatanode,/,null,STOPPED}{file:/home/runner/work/ozone/ozone/hadoop-hdds/container-service/target/classes/webapps/hddsDatanode}
2024-04-25 19:25:05,078 [main] INFO  server.AbstractConnector (AbstractConnector.java:doStop(383)) - Stopped ServerConnector@2b0a0c83{HTTP/1.1, (http/1.1)}{0.0.0.0:15107}
2024-04-25 19:25:05,078 [main] INFO  server.session (HouseKeeper.java:stopScavenging(149)) - node0 Stopped scavenging
2024-04-25 19:25:05,079 [main] INFO  handler.ContextHandler (ContextHandler.java:doStop(1159)) - Stopped o.e.j.s.ServletContextHandler@3de6799f{static,/static,file:///home/runner/work/ozone/ozone/hadoop-hdds/container-service/target/classes/webapps/static,STOPPED}
2024-04-25 19:25:05,079 [main] INFO  handler.ContextHandler (ContextHandler.java:doStop(1159)) - Stopped o.e.j.s.ServletContextHandler@3ecf180{logs,/logs,file:///home/runner/work/ozone/ozone/hadoop-ozone/integration-test/target/log,STOPPED}
2024-04-25 19:25:05,080 [main] INFO  ozone.HddsDatanodeClientProtocolServer (HddsDatanodeClientProtocolServer.java:stop(83)) - Stopping the RPC server for Client Protocol
2024-04-25 19:25:05,080 [main] INFO  ipc.Server (Server.java:stop(3523)) - Stopping server on 15108
2024-04-25 19:25:05,080 [IPC Server listener on 15108] INFO  ipc.Server (Server.java:run(1434)) - Stopping IPC Server listener on 15108
2024-04-25 19:25:05,081 [IPC Server Responder] INFO  ipc.Server (Server.java:run(1567)) - Stopping IPC Server Responder
2024-04-25 19:25:05,083 [main] INFO  ozoneimpl.OzoneContainer (OzoneContainer.java:stop(481)) - Attempting to stop container services.
2024-04-25 19:25:05,083 [ContainerMetadataScanner] WARN  ozoneimpl.AbstractBackgroundContainerScanner (AbstractBackgroundContainerScanner.java:handleRemainingSleep(134)) - Background container scan was interrupted.
2024-04-25 19:25:05,083 [ContainerMetadataScanner] INFO  ozoneimpl.AbstractBackgroundContainerScanner (AbstractBackgroundContainerScanner.java:run(61)) - Thread[ContainerMetadataScanner,5,main] exiting.
2024-04-25 19:25:05,083 [main] INFO  ozoneimpl.BackgroundContainerDataScanner (BackgroundContainerDataScanner.java:shutdown(141)) - ContainerDataScanner(/home/runner/work/ozone/ozone/hadoop-ozone/integration-test/target/test-dir/MiniOzoneClusterImpl-d2e81863-a659-4dd2-bdb8-fa97662d499c/ozone-meta/datanode-1/data-0/hdds) is shutting down. 
2024-04-25 19:25:05,084 [ContainerDataScanner(/home/runner/work/ozone/ozone/hadoop-ozone/integration-test/target/test-dir/MiniOzoneClusterImpl-d2e81863-a659-4dd2-bdb8-fa97662d499c/ozone-meta/datanode-1/data-0/hdds)] WARN  ozoneimpl.AbstractBackgroundContainerScanner (AbstractBackgroundContainerScanner.java:handleRemainingSleep(134)) - Background container scan was interrupted.
2024-04-25 19:25:05,084 [ContainerDataScanner(/home/runner/work/ozone/ozone/hadoop-ozone/integration-test/target/test-dir/MiniOzoneClusterImpl-d2e81863-a659-4dd2-bdb8-fa97662d499c/ozone-meta/datanode-1/data-0/hdds)] INFO  ozoneimpl.AbstractBackgroundContainerScanner (AbstractBackgroundContainerScanner.java:run(61)) - ContainerDataScanner(/home/runner/work/ozone/ozone/hadoop-ozone/integration-test/target/test-dir/MiniOzoneClusterImpl-d2e81863-a659-4dd2-bdb8-fa97662d499c/ozone-meta/datanode-1/data-0/hdds, DS-a9395903-e5e0-438e-b542-2f174fcc26da) exiting.
2024-04-25 19:25:05,084 [main] INFO  server.RaftServer (RaftServerProxy.java:lambda$close$9(416)) - d4ca1bb3-9736-40b0-a02f-f5392a2e7e43: close
2024-04-25 19:25:05,084 [d4ca1bb3-9736-40b0-a02f-f5392a2e7e43-impl-thread1] INFO  server.RaftServer$Division (RaftServerImpl.java:lambda$close$3(526)) - d4ca1bb3-9736-40b0-a02f-f5392a2e7e43@group-1B774EB874B5: shutdown
2024-04-25 19:25:05,084 [d4ca1bb3-9736-40b0-a02f-f5392a2e7e43-impl-thread1] INFO  util.JmxRegister (JmxRegister.java:unregister(73)) - Successfully un-registered JMX Bean with object name Ratis:service=RaftServer,group=group-1B774EB874B5,id=d4ca1bb3-9736-40b0-a02f-f5392a2e7e43
2024-04-25 19:25:05,084 [d4ca1bb3-9736-40b0-a02f-f5392a2e7e43-impl-thread1] INFO  impl.RoleInfo (RoleInfo.java:shutdownLeaderState(94)) - d4ca1bb3-9736-40b0-a02f-f5392a2e7e43: shutdown d4ca1bb3-9736-40b0-a02f-f5392a2e7e43@group-1B774EB874B5-LeaderStateImpl
2024-04-25 19:25:05,084 [main] INFO  server.GrpcService (GrpcService.java:closeImpl(311)) - d4ca1bb3-9736-40b0-a02f-f5392a2e7e43: shutdown server org.apache.ratis.grpc.server.GrpcClientProtocolService now
2024-04-25 19:25:05,085 [d4ca1bb3-9736-40b0-a02f-f5392a2e7e43-impl-thread2] INFO  server.RaftServer$Division (RaftServerImpl.java:lambda$close$3(526)) - d4ca1bb3-9736-40b0-a02f-f5392a2e7e43@group-E118F02A43E4: shutdown
2024-04-25 19:25:05,085 [d4ca1bb3-9736-40b0-a02f-f5392a2e7e43-impl-thread2] INFO  util.JmxRegister (JmxRegister.java:unregister(73)) - Successfully un-registered JMX Bean with object name Ratis:service=RaftServer,group=group-E118F02A43E4,id=d4ca1bb3-9736-40b0-a02f-f5392a2e7e43
2024-04-25 19:25:05,085 [d4ca1bb3-9736-40b0-a02f-f5392a2e7e43-impl-thread2] INFO  impl.RoleInfo (RoleInfo.java:shutdownFollowerState(110)) - d4ca1bb3-9736-40b0-a02f-f5392a2e7e43: shutdown d4ca1bb3-9736-40b0-a02f-f5392a2e7e43@group-E118F02A43E4-FollowerState
2024-04-25 19:25:05,085 [d4ca1bb3-9736-40b0-a02f-f5392a2e7e43@group-E118F02A43E4-StateMachineUpdater] INFO  ratis.ContainerStateMachine (ContainerStateMachine.java:takeSnapshot(355)) - group-E118F02A43E4: Taking a snapshot at:(t:1, i:2) file /home/runner/work/ozone/ozone/hadoop-ozone/integration-test/target/test-dir/MiniOzoneClusterImpl-d2e81863-a659-4dd2-bdb8-fa97662d499c/ozone-meta/datanode-1/ratis/eaf83d1d-cabf-4ffa-ba3e-e118f02a43e4/sm/snapshot.1_2
2024-04-25 19:25:05,085 [d4ca1bb3-9736-40b0-a02f-f5392a2e7e43-impl-thread2] INFO  impl.StateMachineUpdater (StateMachineUpdater.java:stopAndJoin(157)) - d4ca1bb3-9736-40b0-a02f-f5392a2e7e43@group-E118F02A43E4-StateMachineUpdater: set stopIndex = 2
2024-04-25 19:25:05,084 [d4ca1bb3-9736-40b0-a02f-f5392a2e7e43-impl-thread1] INFO  impl.PendingRequests (PendingRequests.java:sendNotLeaderResponses(289)) - d4ca1bb3-9736-40b0-a02f-f5392a2e7e43@group-1B774EB874B5-PendingRequests: sendNotLeaderResponses
2024-04-25 19:25:05,085 [d4ca1bb3-9736-40b0-a02f-f5392a2e7e43@group-E118F02A43E4-FollowerState] INFO  impl.FollowerState (FollowerState.java:run(152)) - d4ca1bb3-9736-40b0-a02f-f5392a2e7e43@group-E118F02A43E4-FollowerState was interrupted
2024-04-25 19:25:05,086 [d4ca1bb3-9736-40b0-a02f-f5392a2e7e43-impl-thread1] INFO  impl.StateMachineUpdater (StateMachineUpdater.java:stopAndJoin(157)) - d4ca1bb3-9736-40b0-a02f-f5392a2e7e43@group-1B774EB874B5-StateMachineUpdater: set stopIndex = 0
2024-04-25 19:25:05,086 [d4ca1bb3-9736-40b0-a02f-f5392a2e7e43@group-1B774EB874B5-StateMachineUpdater] INFO  ratis.ContainerStateMachine (ContainerStateMachine.java:takeSnapshot(355)) - group-1B774EB874B5: Taking a snapshot at:(t:1, i:0) file /home/runner/work/ozone/ozone/hadoop-ozone/integration-test/target/test-dir/MiniOzoneClusterImpl-d2e81863-a659-4dd2-bdb8-fa97662d499c/ozone-meta/datanode-1/ratis/4c81a5a5-09b5-4a56-9ceb-1b774eb874b5/sm/snapshot.1_0
2024-04-25 19:25:05,086 [d4ca1bb3-9736-40b0-a02f-f5392a2e7e43@group-E118F02A43E4-StateMachineUpdater] INFO  ratis.ContainerStateMachine (ContainerStateMachine.java:takeSnapshot(366)) - group-E118F02A43E4: Finished taking a snapshot at:(t:1, i:2) file:/home/runner/work/ozone/ozone/hadoop-ozone/integration-test/target/test-dir/MiniOzoneClusterImpl-d2e81863-a659-4dd2-bdb8-fa97662d499c/ozone-meta/datanode-1/ratis/eaf83d1d-cabf-4ffa-ba3e-e118f02a43e4/sm/snapshot.1_2 took: 1 ms
2024-04-25 19:25:05,086 [d4ca1bb3-9736-40b0-a02f-f5392a2e7e43@group-1B774EB874B5-StateMachineUpdater] INFO  ratis.ContainerStateMachine (ContainerStateMachine.java:takeSnapshot(366)) - group-1B774EB874B5: Finished taking a snapshot at:(t:1, i:0) file:/home/runner/work/ozone/ozone/hadoop-ozone/integration-test/target/test-dir/MiniOzoneClusterImpl-d2e81863-a659-4dd2-bdb8-fa97662d499c/ozone-meta/datanode-1/ratis/4c81a5a5-09b5-4a56-9ceb-1b774eb874b5/sm/snapshot.1_0 took: 0 ms
2024-04-25 19:25:05,086 [d4ca1bb3-9736-40b0-a02f-f5392a2e7e43@group-1B774EB874B5-StateMachineUpdater] INFO  impl.StateMachineUpdater (StateMachineUpdater.java:takeSnapshot(295)) - d4ca1bb3-9736-40b0-a02f-f5392a2e7e43@group-1B774EB874B5-StateMachineUpdater: Took a snapshot at index 0
2024-04-25 19:25:05,086 [d4ca1bb3-9736-40b0-a02f-f5392a2e7e43@group-1B774EB874B5-StateMachineUpdater] INFO  impl.StateMachineUpdater (StateMachineUpdater.java:lambda$new$0(98)) - d4ca1bb3-9736-40b0-a02f-f5392a2e7e43@group-1B774EB874B5-StateMachineUpdater: snapshotIndex: updateIncreasingly -1 -> 0
2024-04-25 19:25:05,086 [Thread-2139] INFO  server.GrpcServerProtocolClient (GrpcServerProtocolClient.java:close(103)) - 1d17c780-3c0c-42fc-a5ed-76046c58c935 Close channels
2024-04-25 19:25:05,087 [d4ca1bb3-9736-40b0-a02f-f5392a2e7e43@group-E118F02A43E4-StateMachineUpdater] INFO  impl.StateMachineUpdater (StateMachineUpdater.java:takeSnapshot(295)) - d4ca1bb3-9736-40b0-a02f-f5392a2e7e43@group-E118F02A43E4-StateMachineUpdater: Took a snapshot at index 2
2024-04-25 19:25:05,087 [d4ca1bb3-9736-40b0-a02f-f5392a2e7e43@group-E118F02A43E4-StateMachineUpdater] INFO  impl.StateMachineUpdater (StateMachineUpdater.java:lambda$new$0(98)) - d4ca1bb3-9736-40b0-a02f-f5392a2e7e43@group-E118F02A43E4-StateMachineUpdater: snapshotIndex: updateIncreasingly -1 -> 2
2024-04-25 19:25:05,087 [d4ca1bb3-9736-40b0-a02f-f5392a2e7e43-impl-thread2] INFO  server.RaftServer$Division (ServerState.java:close(427)) - d4ca1bb3-9736-40b0-a02f-f5392a2e7e43@group-E118F02A43E4: applyIndex: 2
2024-04-25 19:25:05,087 [d4ca1bb3-9736-40b0-a02f-f5392a2e7e43@group-E118F02A43E4-cacheEviction-AwaitToRun] INFO  util.AwaitToRun (AwaitToRun.java:run(49)) - d4ca1bb3-9736-40b0-a02f-f5392a2e7e43@group-E118F02A43E4-cacheEviction-AwaitToRun-AwaitForSignal is interrupted
2024-04-25 19:25:05,086 [Thread-2137] INFO  server.GrpcServerProtocolClient (GrpcServerProtocolClient.java:close(103)) - feac95e6-d772-4287-b681-0d01f32bbe53 Close channels
2024-04-25 19:25:05,087 [d4ca1bb3-9736-40b0-a02f-f5392a2e7e43-impl-thread1] INFO  server.RaftServer$Division (ServerState.java:close(427)) - d4ca1bb3-9736-40b0-a02f-f5392a2e7e43@group-1B774EB874B5: applyIndex: 0
2024-04-25 19:25:05,088 [d4ca1bb3-9736-40b0-a02f-f5392a2e7e43@group-1B774EB874B5-cacheEviction-AwaitToRun] INFO  util.AwaitToRun (AwaitToRun.java:run(49)) - d4ca1bb3-9736-40b0-a02f-f5392a2e7e43@group-1B774EB874B5-cacheEviction-AwaitToRun-AwaitForSignal is interrupted
2024-04-25 19:25:05,088 [main] INFO  server.GrpcService (GrpcService.java:closeImpl(320)) - d4ca1bb3-9736-40b0-a02f-f5392a2e7e43: shutdown server org.apache.ratis.grpc.server.GrpcClientProtocolService successfully
2024-04-25 19:25:05,088 [main] INFO  server.GrpcService (GrpcService.java:closeImpl(311)) - d4ca1bb3-9736-40b0-a02f-f5392a2e7e43: shutdown server GrpcServerProtocolService now
2024-04-25 19:25:05,090 [grpc-default-executor-5] WARN  server.GrpcLogAppender (LogUtils.java:warn(121)) - 1d17c780-3c0c-42fc-a5ed-76046c58c935@group-E118F02A43E4->d4ca1bb3-9736-40b0-a02f-f5392a2e7e43-AppendLogResponseHandler: Failed appendEntries: org.apache.ratis.thirdparty.io.grpc.StatusRuntimeException: CANCELLED: RST_STREAM closed stream. HTTP/2 error code: CANCEL
2024-04-25 19:25:05,090 [grpc-default-executor-5] WARN  server.GrpcLogAppender (GrpcLogAppender.java:lambda$resetClient$1(217)) - 1d17c780-3c0c-42fc-a5ed-76046c58c935@group-E118F02A43E4->d4ca1bb3-9736-40b0-a02f-f5392a2e7e43-GrpcLogAppender: Follower failed (request=null, errorCount=1); keep nextIndex (3) unchanged and retry.
2024-04-25 19:25:05,090 [grpc-default-executor-4] WARN  server.GrpcServerProtocolService (LogUtils.java:warn(121)) - d4ca1bb3-9736-40b0-a02f-f5392a2e7e43: APPEND_ENTRIES onError, lastRequest: 1d17c780-3c0c-42fc-a5ed-76046c58c935->d4ca1bb3-9736-40b0-a02f-f5392a2e7e43#4-t1,previous=(t:1, i:1),leaderCommit=1,initializing? false,entries: size=1, first=(t:1, i:2), METADATAENTRY(c:1): org.apache.ratis.thirdparty.io.grpc.StatusRuntimeException: CANCELLED: client cancelled
2024-04-25 19:25:05,090 [main] INFO  server.GrpcService (GrpcService.java:closeImpl(320)) - d4ca1bb3-9736-40b0-a02f-f5392a2e7e43: shutdown server GrpcServerProtocolService successfully
2024-04-25 19:25:05,090 [main] INFO  server.GrpcService (GrpcService.java:closeImpl(311)) - d4ca1bb3-9736-40b0-a02f-f5392a2e7e43: shutdown server org.apache.ratis.grpc.server.GrpcAdminProtocolService now
2024-04-25 19:25:05,090 [grpc-default-executor-3] WARN  server.GrpcServerProtocolService (LogUtils.java:warn(121)) - d4ca1bb3-9736-40b0-a02f-f5392a2e7e43: APPEND_ENTRIES onError, lastRequest: null: org.apache.ratis.thirdparty.io.grpc.StatusRuntimeException: CANCELLED: client cancelled
2024-04-25 19:25:05,091 [main] INFO  server.GrpcService (GrpcService.java:closeImpl(320)) - d4ca1bb3-9736-40b0-a02f-f5392a2e7e43: shutdown server org.apache.ratis.grpc.server.GrpcAdminProtocolService successfully
2024-04-25 19:25:05,093 [d4ca1bb3-9736-40b0-a02f-f5392a2e7e43-NettyServerStreamRpc-bossGroup--thread1] INFO  logging.LoggingHandler (AbstractInternalLogger.java:log(148)) - [id: 0xd0482ee4, L:/0.0.0.0:15104] CLOSE
2024-04-25 19:25:05,093 [d4ca1bb3-9736-40b0-a02f-f5392a2e7e43-NettyServerStreamRpc-bossGroup--thread1] INFO  logging.LoggingHandler (AbstractInternalLogger.java:log(148)) - [id: 0xd0482ee4, L:/0.0.0.0:15104] INACTIVE
2024-04-25 19:25:05,093 [d4ca1bb3-9736-40b0-a02f-f5392a2e7e43-NettyServerStreamRpc-bossGroup--thread1] INFO  logging.LoggingHandler (AbstractInternalLogger.java:log(148)) - [id: 0xd0482ee4, L:/0.0.0.0:15104] UNREGISTERED
2024-04-25 19:25:05,502 [d4ca1bb3-9736-40b0-a02f-f5392a2e7e43-impl-thread1] INFO  segmented.SegmentedRaftLogWorker (SegmentedRaftLogWorker.java:close(245)) - d4ca1bb3-9736-40b0-a02f-f5392a2e7e43@group-1B774EB874B5-SegmentedRaftLogWorker close()
2024-04-25 19:25:06,073 [d4ca1bb3-9736-40b0-a02f-f5392a2e7e43-impl-thread2] INFO  segmented.SegmentedRaftLogWorker (SegmentedRaftLogWorker.java:close(245)) - d4ca1bb3-9736-40b0-a02f-f5392a2e7e43@group-E118F02A43E4-SegmentedRaftLogWorker close()
2024-04-25 19:25:06,073 [JvmPauseMonitor13] INFO  util.JvmPauseMonitor (JvmPauseMonitor.java:run(152)) - JvmPauseMonitor-d4ca1bb3-9736-40b0-a02f-f5392a2e7e43: Stopped
2024-04-25 19:25:07,105 [timer0] WARN  server.GrpcLogAppender (LogUtils.java:warn(121)) - 1d17c780-3c0c-42fc-a5ed-76046c58c935@group-E118F02A43E4->feac95e6-d772-4287-b681-0d01f32bbe53-AppendLogResponseHandler: Failed appendEntries (Repeated 8 times in the last 5.001s): org.apache.ratis.thirdparty.io.grpc.StatusRuntimeException: UNAVAILABLE: io exception
2024-04-25 19:25:07,105 [timer1] WARN  server.GrpcLogAppender (GrpcLogAppender.java:lambda$resetClient$1(217)) - 1d17c780-3c0c-42fc-a5ed-76046c58c935@group-E118F02A43E4->feac95e6-d772-4287-b681-0d01f32bbe53-GrpcLogAppender: Follower failed (request=null, errorCount=8); keep nextIndex (3) unchanged and retry. (Repeated 8 times in the last 5.001s)
2024-04-25 19:25:08,076 [main] INFO  utils.DatanodeStoreCache (DatanodeStoreCache.java:shutdownCache(116)) - Skip clearing cache in mini cluster mode. Entries left: [/home/runner/work/ozone/ozone/hadoop-ozone/integration-test/target/test-dir/MiniOzoneClusterImpl-d2e81863-a659-4dd2-bdb8-fa97662d499c/ozone-meta/datanode-1/data-0/hdds/d2e81863-a659-4dd2-bdb8-fa97662d499c/DS-a9395903-e5e0-438e-b542-2f174fcc26da/container.db, /home/runner/work/ozone/ozone/hadoop-ozone/integration-test/target/test-dir/MiniOzoneClusterImpl-d2e81863-a659-4dd2-bdb8-fa97662d499c/ozone-meta/datanode-3/data-0/hdds/d2e81863-a659-4dd2-bdb8-fa97662d499c/DS-8e8ca3bf-4f25-41dc-9238-2166e3bd4f5f/container.db, /home/runner/work/ozone/ozone/hadoop-ozone/integration-test/target/test-dir/MiniOzoneClusterImpl-d2e81863-a659-4dd2-bdb8-fa97662d499c/ozone-meta/datanode-4/data-0/hdds/d2e81863-a659-4dd2-bdb8-fa97662d499c/DS-7927d964-c3b8-4f7b-b624-ba2a50619344/container.db, /home/runner/work/ozone/ozone/hadoop-ozone/integration-test/target/test-dir/MiniOzoneClusterImpl-d2e81863-a659-4dd2-bdb8-fa97662d499c/ozone-meta/datanode-5/data-0/hdds/d2e81863-a659-4dd2-bdb8-fa97662d499c/DS-fb74b653-00ac-49eb-810d-6a22ca4c528f/container.db, /home/runner/work/ozone/ozone/hadoop-ozone/integration-test/target/test-dir/MiniOzoneClusterImpl-d2e81863-a659-4dd2-bdb8-fa97662d499c/ozone-meta/datanode-6/data-0/hdds/d2e81863-a659-4dd2-bdb8-fa97662d499c/DS-95a97b5d-808d-4fbc-bb6b-3cb2e89fd496/container.db, /home/runner/work/ozone/ozone/hadoop-ozone/integration-test/target/test-dir/MiniOzoneClusterImpl-d2e81863-a659-4dd2-bdb8-fa97662d499c/ozone-meta/datanode-7/data-0/hdds/d2e81863-a659-4dd2-bdb8-fa97662d499c/DS-5d316cf3-db81-4a99-b6b0-65728794fd1a/container.db, /home/runner/work/ozone/ozone/hadoop-ozone/integration-test/target/test-dir/MiniOzoneClusterImpl-d2e81863-a659-4dd2-bdb8-fa97662d499c/ozone-meta/datanode-8/data-0/hdds/d2e81863-a659-4dd2-bdb8-fa97662d499c/DS-2dd930ad-a319-45ae-9f52-8581b4782f1b/container.db, /home/runner/work/ozone/ozone/hadoop-ozone/integration-test/target/test-dir/MiniOzoneClusterImpl-d2e81863-a659-4dd2-bdb8-fa97662d499c/ozone-meta/datanode-9/data-0/hdds/d2e81863-a659-4dd2-bdb8-fa97662d499c/DS-1ac8abeb-8ac9-4fd1-9900-a1b38005f65c/container.db]
2024-04-25 19:25:08,077 [main] INFO  utils.DatanodeStoreCache (DatanodeStoreCache.java:removeDB(110)) - Removed db /home/runner/work/ozone/ozone/hadoop-ozone/integration-test/target/test-dir/MiniOzoneClusterImpl-d2e81863-a659-4dd2-bdb8-fa97662d499c/ozone-meta/datanode-1/data-0/hdds/d2e81863-a659-4dd2-bdb8-fa97662d499c/DS-a9395903-e5e0-438e-b542-2f174fcc26da/container.db from cache
2024-04-25 19:25:08,077 [main] INFO  volume.HddsVolume (HddsVolume.java:closeDbStore(470)) - SchemaV3 db is stopped at /home/runner/work/ozone/ozone/hadoop-ozone/integration-test/target/test-dir/MiniOzoneClusterImpl-d2e81863-a659-4dd2-bdb8-fa97662d499c/ozone-meta/datanode-1/data-0/hdds/d2e81863-a659-4dd2-bdb8-fa97662d499c/DS-a9395903-e5e0-438e-b542-2f174fcc26da/container.db for volume DS-a9395903-e5e0-438e-b542-2f174fcc26da
2024-04-25 19:25:08,077 [main] INFO  utils.BackgroundService (BackgroundService.java:shutdown(160)) - Shutting down service BlockDeletingService
2024-04-25 19:25:08,077 [main] INFO  utils.BackgroundService (BackgroundService.java:shutdown(160)) - Shutting down service StaleRecoveringContainerScrubbingService
2024-04-25 19:25:08,077 [main] INFO  statemachine.DatanodeStateMachine (DatanodeStateMachine.java:stopDaemon(638)) - Ozone container server stopped.
2024-04-25 19:25:08,078 [main] INFO  handler.ContextHandler (ContextHandler.java:doStop(1159)) - Stopped o.e.j.w.WebAppContext@6a19bc2e{hddsDatanode,/,null,STOPPED}{file:/home/runner/work/ozone/ozone/hadoop-hdds/container-service/target/classes/webapps/hddsDatanode}
2024-04-25 19:25:08,078 [main] INFO  server.AbstractConnector (AbstractConnector.java:doStop(383)) - Stopped ServerConnector@533d1f8c{HTTP/1.1, (http/1.1)}{0.0.0.0:15098}
2024-04-25 19:25:08,078 [main] INFO  server.session (HouseKeeper.java:stopScavenging(149)) - node0 Stopped scavenging
2024-04-25 19:25:08,079 [main] INFO  handler.ContextHandler (ContextHandler.java:doStop(1159)) - Stopped o.e.j.s.ServletContextHandler@28394e41{static,/static,file:///home/runner/work/ozone/ozone/hadoop-hdds/container-service/target/classes/webapps/static,STOPPED}
2024-04-25 19:25:08,079 [main] INFO  handler.ContextHandler (ContextHandler.java:doStop(1159)) - Stopped o.e.j.s.ServletContextHandler@2c720867{logs,/logs,file:///home/runner/work/ozone/ozone/hadoop-ozone/integration-test/target/log,STOPPED}
2024-04-25 19:25:08,079 [main] INFO  ozone.HddsDatanodeClientProtocolServer (HddsDatanodeClientProtocolServer.java:stop(83)) - Stopping the RPC server for Client Protocol
2024-04-25 19:25:08,079 [main] INFO  ipc.Server (Server.java:stop(3523)) - Stopping server on 15099
2024-04-25 19:25:08,080 [IPC Server listener on 15099] INFO  ipc.Server (Server.java:run(1434)) - Stopping IPC Server listener on 15099
2024-04-25 19:25:08,080 [IPC Server Responder] INFO  ipc.Server (Server.java:run(1567)) - Stopping IPC Server Responder
2024-04-25 19:25:08,083 [main] INFO  pipeline.PipelineManagerImpl (PipelineManagerImpl.java:closeContainersForPipeline(484)) - Container #1 closed for pipeline=PipelineID=eaf83d1d-cabf-4ffa-ba3e-e118f02a43e4
2024-04-25 19:25:08,083 [EventQueue-CloseContainerForCloseContainerEventHandler] INFO  container.CloseContainerEventHandler (CloseContainerEventHandler.java:onMessage(88)) - Close container Event triggered for container : #1, current state: CLOSING
2024-04-25 19:25:08,084 [main] INFO  pipeline.PipelineManagerImpl (PipelineManagerImpl.java:closePipeline(518)) - Pipeline PipelineID=eaf83d1d-cabf-4ffa-ba3e-e118f02a43e4 moved to CLOSED state
2024-04-25 19:25:08,331 [grpc-default-executor-3] WARN  server.GrpcLogAppender (LogUtils.java:warn(121)) - 1d17c780-3c0c-42fc-a5ed-76046c58c935@group-E118F02A43E4->feac95e6-d772-4287-b681-0d01f32bbe53-AppendLogResponseHandler: Failed appendEntries: org.apache.ratis.thirdparty.io.grpc.StatusRuntimeException: UNAVAILABLE: io exception
2024-04-25 19:25:08,332 [grpc-default-executor-4] WARN  server.GrpcLogAppender (GrpcLogAppender.java:lambda$resetClient$1(217)) - 1d17c780-3c0c-42fc-a5ed-76046c58c935@group-E118F02A43E4->feac95e6-d772-4287-b681-0d01f32bbe53-GrpcLogAppender: Follower failed (request=null, errorCount=9); keep nextIndex (3) unchanged and retry.
2024-04-25 19:25:10,090 [timer7] WARN  server.GrpcLogAppender (GrpcLogAppender.java:lambda$resetClient$1(217)) - 1d17c780-3c0c-42fc-a5ed-76046c58c935@group-E118F02A43E4->d4ca1bb3-9736-40b0-a02f-f5392a2e7e43-GrpcLogAppender: Follower failed (request=null, errorCount=8); keep nextIndex (3) unchanged and retry. (Repeated 8 times in the last 5.000s)
2024-04-25 19:25:10,090 [timer6] WARN  server.GrpcLogAppender (LogUtils.java:warn(121)) - 1d17c780-3c0c-42fc-a5ed-76046c58c935@group-E118F02A43E4->d4ca1bb3-9736-40b0-a02f-f5392a2e7e43-AppendLogResponseHandler: Failed appendEntries (Repeated 8 times in the last 5.000s): org.apache.ratis.thirdparty.io.grpc.StatusRuntimeException: UNAVAILABLE: io exception
2024-04-25 19:25:10,831 [grpc-default-executor-3] WARN  server.GrpcLogAppender (LogUtils.java:warn(121)) - 1d17c780-3c0c-42fc-a5ed-76046c58c935@group-E118F02A43E4->d4ca1bb3-9736-40b0-a02f-f5392a2e7e43-AppendLogResponseHandler: Failed appendEntries: org.apache.ratis.thirdparty.io.grpc.StatusRuntimeException: UNAVAILABLE: io exception
2024-04-25 19:25:10,832 [grpc-default-executor-4] WARN  server.GrpcLogAppender (GrpcLogAppender.java:lambda$resetClient$1(217)) - 1d17c780-3c0c-42fc-a5ed-76046c58c935@group-E118F02A43E4->d4ca1bb3-9736-40b0-a02f-f5392a2e7e43-GrpcLogAppender: Follower failed (request=null, errorCount=9); keep nextIndex (3) unchanged and retry.
2024-04-25 19:25:11,965 [null-request--thread1] INFO  server.GrpcClientProtocolService (GrpcClientProtocolService.java:lambda$processClientRequest$0(284)) - Failed RaftClientRequest:client-7B9BF390C688->1d17c780-3c0c-42fc-a5ed-76046c58c935@group-E118F02A43E4, cid=46, seq=null, Watch-ALL_COMMITTED(81), Message:<EMPTY>, reply=RaftClientReply:client-7B9BF390C688->1d17c780-3c0c-42fc-a5ed-76046c58c935@group-E118F02A43E4, cid=46, FAILED org.apache.ratis.protocol.exceptions.NotReplicatedException: Request with call Id 46 and log index 81 is not yet replicated to ALL_COMMITTED, logIndex=81, commits[1d17c780-3c0c-42fc-a5ed-76046c58c935:c2, feac95e6-d772-4287-b681-0d01f32bbe53:c1, d4ca1bb3-9736-40b0-a02f-f5392a2e7e43:c2]
2024-04-25 19:25:11,967 [main] WARN  scm.XceiverClientRatis (XceiverClientRatis.java:watchForCommit(284)) - 3 way commit failed on pipeline Pipeline[ Id: eaf83d1d-cabf-4ffa-ba3e-e118f02a43e4, Nodes: feac95e6-d772-4287-b681-0d01f32bbe53(localhost/127.0.0.1)d4ca1bb3-9736-40b0-a02f-f5392a2e7e43(localhost/127.0.0.1)1d17c780-3c0c-42fc-a5ed-76046c58c935(localhost/127.0.0.1), ReplicationConfig: RATIS/THREE, State:OPEN, leaderId:1d17c780-3c0c-42fc-a5ed-76046c58c935, CreationTimestamp2024-04-25T19:24:53.594Z[Etc/UTC]]
java.util.concurrent.ExecutionException: org.apache.ratis.protocol.exceptions.NotReplicatedException: Request with call Id 46 and log index 81 is not yet replicated to ALL_COMMITTED
	at java.base/java.util.concurrent.CompletableFuture.reportGet(CompletableFuture.java:396)
	at java.base/java.util.concurrent.CompletableFuture.get(CompletableFuture.java:2073)
	at org.apache.hadoop.hdds.scm.XceiverClientRatis.watchForCommit(XceiverClientRatis.java:279)
	at org.apache.hadoop.ozone.client.rpc.TestWatchForCommit.lambda$testWatchForCommitForRetryfailure$0(TestWatchForCommit.java:286)
	at org.junit.jupiter.api.AssertThrows.assertThrows(AssertThrows.java:53)
	at org.junit.jupiter.api.AssertThrows.assertThrows(AssertThrows.java:35)
	at org.junit.jupiter.api.Assertions.assertThrows(Assertions.java:3115)
	at org.apache.hadoop.ozone.client.rpc.TestWatchForCommit.testWatchForCommitForRetryfailure(TestWatchForCommit.java:285)
	at java.base/jdk.internal.reflect.NativeMethodAccessorImpl.invoke0(Native Method)
	at java.base/jdk.internal.reflect.NativeMethodAccessorImpl.invoke(NativeMethodAccessorImpl.java:77)
	at java.base/jdk.internal.reflect.DelegatingMethodAccessorImpl.invoke(DelegatingMethodAccessorImpl.java:43)
	at java.base/java.lang.reflect.Method.invoke(Method.java:568)
	at org.junit.platform.commons.util.ReflectionUtils.invokeMethod(ReflectionUtils.java:728)
	at org.junit.jupiter.engine.execution.MethodInvocation.proceed(MethodInvocation.java:60)
	at org.junit.jupiter.engine.execution.InvocationInterceptorChain$ValidatingInvocation.proceed(InvocationInterceptorChain.java:131)
	at org.junit.jupiter.engine.extension.TimeoutExtension.intercept(TimeoutExtension.java:156)
	at org.junit.jupiter.engine.extension.TimeoutExtension.interceptTestableMethod(TimeoutExtension.java:147)
	at org.junit.jupiter.engine.extension.TimeoutExtension.interceptTestMethod(TimeoutExtension.java:86)
	at org.junit.jupiter.engine.execution.InterceptingExecutableInvoker$ReflectiveInterceptorCall.lambda$ofVoidMethod$0(InterceptingExecutableInvoker.java:103)
	at org.junit.jupiter.engine.execution.InterceptingExecutableInvoker.lambda$invoke$0(InterceptingExecutableInvoker.java:93)
	at org.junit.jupiter.engine.execution.InvocationInterceptorChain$InterceptedInvocation.proceed(InvocationInterceptorChain.java:106)
	at org.junit.jupiter.engine.execution.InvocationInterceptorChain.proceed(InvocationInterceptorChain.java:64)
	at org.junit.jupiter.engine.execution.InvocationInterceptorChain.chainAndInvoke(InvocationInterceptorChain.java:45)
	at org.junit.jupiter.engine.execution.InvocationInterceptorChain.invoke(InvocationInterceptorChain.java:37)
	at org.junit.jupiter.engine.execution.InterceptingExecutableInvoker.invoke(InterceptingExecutableInvoker.java:92)
	at org.junit.jupiter.engine.execution.InterceptingExecutableInvoker.invoke(InterceptingExecutableInvoker.java:86)
	at org.junit.jupiter.engine.descriptor.TestMethodTestDescriptor.lambda$invokeTestMethod$7(TestMethodTestDescriptor.java:218)
	at org.junit.platform.engine.support.hierarchical.ThrowableCollector.execute(ThrowableCollector.java:73)
	at org.junit.jupiter.engine.descriptor.TestMethodTestDescriptor.invokeTestMethod(TestMethodTestDescriptor.java:214)
	at org.junit.jupiter.engine.descriptor.TestMethodTestDescriptor.execute(TestMethodTestDescriptor.java:139)
	at org.junit.jupiter.engine.descriptor.TestMethodTestDescriptor.execute(TestMethodTestDescriptor.java:69)
	at org.junit.platform.engine.support.hierarchical.NodeTestTask.lambda$executeRecursively$6(NodeTestTask.java:151)
	at org.junit.platform.engine.support.hierarchical.ThrowableCollector.execute(ThrowableCollector.java:73)
	at org.junit.platform.engine.support.hierarchical.NodeTestTask.lambda$executeRecursively$8(NodeTestTask.java:141)
	at org.junit.platform.engine.support.hierarchical.Node.around(Node.java:137)
	at org.junit.platform.engine.support.hierarchical.NodeTestTask.lambda$executeRecursively$9(NodeTestTask.java:139)
	at org.junit.platform.engine.support.hierarchical.ThrowableCollector.execute(ThrowableCollector.java:73)
	at org.junit.platform.engine.support.hierarchical.NodeTestTask.executeRecursively(NodeTestTask.java:138)
	at org.junit.platform.engine.support.hierarchical.NodeTestTask.execute(NodeTestTask.java:95)
	at java.base/java.util.ArrayList.forEach(ArrayList.java:1511)
	at org.junit.platform.engine.support.hierarchical.SameThreadHierarchicalTestExecutorService.invokeAll(SameThreadHierarchicalTestExecutorService.java:41)
	at org.junit.platform.engine.support.hierarchical.NodeTestTask.lambda$executeRecursively$6(NodeTestTask.java:155)
	at org.junit.platform.engine.support.hierarchical.ThrowableCollector.execute(ThrowableCollector.java:73)
	at org.junit.platform.engine.support.hierarchical.NodeTestTask.lambda$executeRecursively$8(NodeTestTask.java:141)
	at org.junit.platform.engine.support.hierarchical.Node.around(Node.java:137)
	at org.junit.platform.engine.support.hierarchical.NodeTestTask.lambda$executeRecursively$9(NodeTestTask.java:139)
	at org.junit.platform.engine.support.hierarchical.ThrowableCollector.execute(ThrowableCollector.java:73)
	at org.junit.platform.engine.support.hierarchical.NodeTestTask.executeRecursively(NodeTestTask.java:138)
	at org.junit.platform.engine.support.hierarchical.NodeTestTask.execute(NodeTestTask.java:95)
	at java.base/java.util.ArrayList.forEach(ArrayList.java:1511)
	at org.junit.platform.engine.support.hierarchical.SameThreadHierarchicalTestExecutorService.invokeAll(SameThreadHierarchicalTestExecutorService.java:41)
	at org.junit.platform.engine.support.hierarchical.NodeTestTask.lambda$executeRecursively$6(NodeTestTask.java:155)
	at org.junit.platform.engine.support.hierarchical.ThrowableCollector.execute(ThrowableCollector.java:73)
	at org.junit.platform.engine.support.hierarchical.NodeTestTask.lambda$executeRecursively$8(NodeTestTask.java:141)
	at org.junit.platform.engine.support.hierarchical.Node.around(Node.java:137)
	at org.junit.platform.engine.support.hierarchical.NodeTestTask.lambda$executeRecursively$9(NodeTestTask.java:139)
	at org.junit.platform.engine.support.hierarchical.ThrowableCollector.execute(ThrowableCollector.java:73)
	at org.junit.platform.engine.support.hierarchical.NodeTestTask.executeRecursively(NodeTestTask.java:138)
	at org.junit.platform.engine.support.hierarchical.NodeTestTask.execute(NodeTestTask.java:95)
	at org.junit.platform.engine.support.hierarchical.SameThreadHierarchicalTestExecutorService.submit(SameThreadHierarchicalTestExecutorService.java:35)
	at org.junit.platform.engine.support.hierarchical.HierarchicalTestExecutor.execute(HierarchicalTestExecutor.java:57)
	at org.junit.platform.engine.support.hierarchical.HierarchicalTestEngine.execute(HierarchicalTestEngine.java:54)
	at org.junit.platform.launcher.core.EngineExecutionOrchestrator.execute(EngineExecutionOrchestrator.java:198)
	at org.junit.platform.launcher.core.EngineExecutionOrchestrator.execute(EngineExecutionOrchestrator.java:169)
	at org.junit.platform.launcher.core.EngineExecutionOrchestrator.execute(EngineExecutionOrchestrator.java:93)
	at org.junit.platform.launcher.core.EngineExecutionOrchestrator.lambda$execute$0(EngineExecutionOrchestrator.java:58)
	at org.junit.platform.launcher.core.EngineExecutionOrchestrator.withInterceptedStreams(EngineExecutionOrchestrator.java:141)
	at org.junit.platform.launcher.core.EngineExecutionOrchestrator.execute(EngineExecutionOrchestrator.java:57)
	at org.junit.platform.launcher.core.DefaultLauncher.execute(DefaultLauncher.java:103)
	at org.junit.platform.launcher.core.DefaultLauncher.execute(DefaultLauncher.java:85)
	at org.junit.platform.launcher.core.DelegatingLauncher.execute(DelegatingLauncher.java:47)
	at org.junit.platform.launcher.core.SessionPerRequestLauncher.execute(SessionPerRequestLauncher.java:63)
	at org.apache.maven.surefire.junitplatform.JUnitPlatformProvider.invokeAllTests(JUnitPlatformProvider.java:154)
	at org.apache.maven.surefire.junitplatform.JUnitPlatformProvider.invoke(JUnitPlatformProvider.java:123)
	at org.apache.maven.surefire.booter.ForkedBooter.runSuitesInProcess(ForkedBooter.java:377)
	at org.apache.maven.surefire.booter.ForkedBooter.execute(ForkedBooter.java:138)
	at org.apache.maven.surefire.booter.ForkedBooter.run(ForkedBooter.java:465)
	at org.apache.maven.surefire.booter.ForkedBooter.main(ForkedBooter.java:451)
Caused by: org.apache.ratis.protocol.exceptions.NotReplicatedException: Request with call Id 46 and log index 81 is not yet replicated to ALL_COMMITTED
	at org.apache.ratis.client.impl.ClientProtoUtils.toRaftClientReply(ClientProtoUtils.java:400)
	at org.apache.ratis.grpc.client.GrpcClientProtocolClient$AsyncStreamObservers$1.onNext(GrpcClientProtocolClient.java:310)
	at org.apache.ratis.grpc.client.GrpcClientProtocolClient$AsyncStreamObservers$1.onNext(GrpcClientProtocolClient.java:305)
	at org.apache.ratis.thirdparty.io.grpc.stub.ClientCalls$StreamObserverToCallListenerAdapter.onMessage(ClientCalls.java:468)
	at org.apache.ratis.thirdparty.io.grpc.ForwardingClientCallListener.onMessage(ForwardingClientCallListener.java:33)
	at org.apache.ratis.thirdparty.io.grpc.internal.ClientCallImpl$ClientStreamListenerImpl$1MessagesAvailable.runInternal(ClientCallImpl.java:660)
	at org.apache.ratis.thirdparty.io.grpc.internal.ClientCallImpl$ClientStreamListenerImpl$1MessagesAvailable.runInContext(ClientCallImpl.java:647)
	at org.apache.ratis.thirdparty.io.grpc.internal.ContextRunnable.run(ContextRunnable.java:37)
	at org.apache.ratis.thirdparty.io.grpc.internal.SerializingExecutor.run(SerializingExecutor.java:133)
	at java.base/java.util.concurrent.ThreadPoolExecutor.runWorker(ThreadPoolExecutor.java:1136)
	at java.base/java.util.concurrent.ThreadPoolExecutor$Worker.run(ThreadPoolExecutor.java:635)
	at java.base/java.lang.Thread.run(Thread.java:840)
2024-04-25 19:25:12,473 [1d17c780-3c0c-42fc-a5ed-76046c58c935@group-E118F02A43E4-LeaderStateImpl] WARN  server.RaftServer$Division (LeaderStateImpl.java:checkLeadership(1107)) - 1d17c780-3c0c-42fc-a5ed-76046c58c935@group-E118F02A43E4-LeaderStateImpl: Lost leadership on term: 1. Election timeout: 5200ms. In charge for: 10810ms. Conf: 0: peers:[feac95e6-d772-4287-b681-0d01f32bbe53|127.0.0.1:15112, d4ca1bb3-9736-40b0-a02f-f5392a2e7e43|127.0.0.1:15103, 1d17c780-3c0c-42fc-a5ed-76046c58c935|127.0.0.1:15121]|listeners:[], old=null
2024-04-25 19:25:12,473 [1d17c780-3c0c-42fc-a5ed-76046c58c935@group-E118F02A43E4-LeaderStateImpl] WARN  server.RaftServer$Division (LeaderStateImpl.java:lambda$checkLeadership$21(1111)) - Follower 1d17c780-3c0c-42fc-a5ed-76046c58c935@group-E118F02A43E4->feac95e6-d772-4287-b681-0d01f32bbe53(c1,m2,n3, caughtUp=true, lastRpcSendTime=320, lastRpcResponseTime=10401)
2024-04-25 19:25:12,473 [1d17c780-3c0c-42fc-a5ed-76046c58c935@group-E118F02A43E4-LeaderStateImpl] WARN  server.RaftServer$Division (LeaderStateImpl.java:lambda$checkLeadership$21(1111)) - Follower 1d17c780-3c0c-42fc-a5ed-76046c58c935@group-E118F02A43E4->d4ca1bb3-9736-40b0-a02f-f5392a2e7e43(c2,m2,n3, caughtUp=true, lastRpcSendTime=389, lastRpcResponseTime=7898)
2024-04-25 19:25:12,474 [1d17c780-3c0c-42fc-a5ed-76046c58c935@group-E118F02A43E4-LeaderStateImpl] INFO  server.RaftServer$Division (RaftServerImpl.java:setRole(383)) - 1d17c780-3c0c-42fc-a5ed-76046c58c935@group-E118F02A43E4: changes role from    LEADER to FOLLOWER at term 1 for StepDownReason:LOST_MAJORITY_HEARTBEATS
2024-04-25 19:25:12,474 [1d17c780-3c0c-42fc-a5ed-76046c58c935@group-E118F02A43E4-LeaderStateImpl] INFO  impl.RoleInfo (RoleInfo.java:shutdownLeaderState(94)) - 1d17c780-3c0c-42fc-a5ed-76046c58c935: shutdown 1d17c780-3c0c-42fc-a5ed-76046c58c935@group-E118F02A43E4-LeaderStateImpl
2024-04-25 19:25:12,474 [1d17c780-3c0c-42fc-a5ed-76046c58c935@group-E118F02A43E4-LeaderStateImpl] INFO  impl.PendingRequests (PendingRequests.java:sendNotLeaderResponses(289)) - 1d17c780-3c0c-42fc-a5ed-76046c58c935@group-E118F02A43E4-PendingRequests: sendNotLeaderResponses
2024-04-25 19:25:12,474 [null-request--thread1] INFO  server.GrpcClientProtocolService (GrpcClientProtocolService.java:lambda$processClientRequest$0(284)) - Failed RaftClientRequest:client-7B9BF390C688->1d17c780-3c0c-42fc-a5ed-76046c58c935@group-E118F02A43E4, cid=47, seq=null, Watch-MAJORITY_COMMITTED(81), Message:<EMPTY>, reply=RaftClientReply:client-7B9BF390C688->1d17c780-3c0c-42fc-a5ed-76046c58c935@group-E118F02A43E4, cid=47, FAILED org.apache.ratis.protocol.exceptions.NotLeaderException: Server 1d17c780-3c0c-42fc-a5ed-76046c58c935@group-E118F02A43E4 is not the leader, logIndex=0, commits[1d17c780-3c0c-42fc-a5ed-76046c58c935:c2, feac95e6-d772-4287-b681-0d01f32bbe53:c1, d4ca1bb3-9736-40b0-a02f-f5392a2e7e43:c2]
2024-04-25 19:25:12,475 [1d17c780-3c0c-42fc-a5ed-76046c58c935@group-E118F02A43E4-LeaderStateImpl] INFO  server.RaftServer$Division (ServerState.java:setLeader(269)) - 1d17c780-3c0c-42fc-a5ed-76046c58c935@group-E118F02A43E4: change Leader from 1d17c780-3c0c-42fc-a5ed-76046c58c935 to null at term 1 for StepDownReason:LOST_MAJORITY_HEARTBEATS
2024-04-25 19:25:12,475 [1d17c780-3c0c-42fc-a5ed-76046c58c935@group-E118F02A43E4-LeaderStateImpl] INFO  impl.RoleInfo (RoleInfo.java:updateAndGet(139)) - 1d17c780-3c0c-42fc-a5ed-76046c58c935: start 1d17c780-3c0c-42fc-a5ed-76046c58c935@group-E118F02A43E4-FollowerState
2024-04-25 19:25:12,475 [1d17c780-3c0c-42fc-a5ed-76046c58c935@group-E118F02A43E4->feac95e6-d772-4287-b681-0d01f32bbe53-GrpcLogAppender-LogAppenderDaemon] WARN  server.GrpcLogAppender (GrpcLogAppender.java:mayWait(289)) - 1d17c780-3c0c-42fc-a5ed-76046c58c935@group-E118F02A43E4->feac95e6-d772-4287-b681-0d01f32bbe53-GrpcLogAppender: Wait interrupted by java.lang.InterruptedException
2024-04-25 19:25:12,476 [1d17c780-3c0c-42fc-a5ed-76046c58c935@group-E118F02A43E4->d4ca1bb3-9736-40b0-a02f-f5392a2e7e43-GrpcLogAppender-LogAppenderDaemon] WARN  server.GrpcLogAppender (GrpcLogAppender.java:mayWait(289)) - 1d17c780-3c0c-42fc-a5ed-76046c58c935@group-E118F02A43E4->d4ca1bb3-9736-40b0-a02f-f5392a2e7e43-GrpcLogAppender: Wait interrupted by java.lang.InterruptedException
2024-04-25 19:25:13,086 [1d17c780-3c0c-42fc-a5ed-76046c58c935-CloseContainerThread-0] INFO  commandhandler.CloseContainerCommandHandler (CloseContainerCommandHandler.java:lambda$handle$0(154)) - Follower cannot close container #1.
2024-04-25 19:25:13,331 [timer6] WARN  server.GrpcLogAppender (LogUtils.java:warn(121)) - 1d17c780-3c0c-42fc-a5ed-76046c58c935@group-E118F02A43E4->feac95e6-d772-4287-b681-0d01f32bbe53-AppendLogResponseHandler: Failed appendEntries (Repeated 6 times in the last 5.000s): org.apache.ratis.thirdparty.io.grpc.StatusRuntimeException: UNAVAILABLE: io exception
2024-04-25 19:25:13,332 [timer7] WARN  server.GrpcLogAppender (GrpcLogAppender.java:lambda$resetClient$1(217)) - 1d17c780-3c0c-42fc-a5ed-76046c58c935@group-E118F02A43E4->feac95e6-d772-4287-b681-0d01f32bbe53-GrpcLogAppender: Follower failed (request=null, errorCount=14); keep nextIndex (3) unchanged and retry. (Repeated 6 times in the last 5.001s)
2024-04-25 19:25:14,513 [BackgroundPipelineScrubber] INFO  pipeline.PipelineManagerImpl (PipelineManagerImpl.java:scrubPipelines(610)) - Scrubbing pipeline: id: PipelineID=eaf83d1d-cabf-4ffa-ba3e-e118f02a43e4 since it stays at CLOSED stage.
2024-04-25 19:25:14,514 [BackgroundPipelineScrubber] INFO  pipeline.RatisPipelineProvider (RatisPipelineProvider.java:lambda$close$4(270)) - Send pipeline:PipelineID=eaf83d1d-cabf-4ffa-ba3e-e118f02a43e4 close command to datanode feac95e6-d772-4287-b681-0d01f32bbe53
2024-04-25 19:25:14,514 [BackgroundPipelineScrubber] INFO  pipeline.RatisPipelineProvider (RatisPipelineProvider.java:lambda$close$4(270)) - Send pipeline:PipelineID=eaf83d1d-cabf-4ffa-ba3e-e118f02a43e4 close command to datanode d4ca1bb3-9736-40b0-a02f-f5392a2e7e43
2024-04-25 19:25:14,514 [BackgroundPipelineScrubber] INFO  pipeline.RatisPipelineProvider (RatisPipelineProvider.java:lambda$close$4(270)) - Send pipeline:PipelineID=eaf83d1d-cabf-4ffa-ba3e-e118f02a43e4 close command to datanode 1d17c780-3c0c-42fc-a5ed-76046c58c935
2024-04-25 19:25:14,515 [BackgroundPipelineScrubber] INFO  pipeline.PipelineManagerImpl (PipelineManagerImpl.java:removePipeline(459)) - Pipeline Pipeline[ Id: eaf83d1d-cabf-4ffa-ba3e-e118f02a43e4, Nodes: feac95e6-d772-4287-b681-0d01f32bbe53(localhost/127.0.0.1)d4ca1bb3-9736-40b0-a02f-f5392a2e7e43(localhost/127.0.0.1)1d17c780-3c0c-42fc-a5ed-76046c58c935(localhost/127.0.0.1), ReplicationConfig: RATIS/THREE, State:CLOSED, leaderId:1d17c780-3c0c-42fc-a5ed-76046c58c935, CreationTimestamp2024-04-25T19:24:53.594Z[Etc/UTC]] removed.
2024-04-25 19:25:15,831 [timer6] WARN  server.GrpcLogAppender (LogUtils.java:warn(121)) - 1d17c780-3c0c-42fc-a5ed-76046c58c935@group-E118F02A43E4->d4ca1bb3-9736-40b0-a02f-f5392a2e7e43-AppendLogResponseHandler: Failed appendEntries (Repeated 4 times in the last 5.000s): org.apache.ratis.thirdparty.io.grpc.StatusRuntimeException: UNAVAILABLE: io exception
2024-04-25 19:25:15,832 [timer7] WARN  server.GrpcLogAppender (GrpcLogAppender.java:lambda$resetClient$1(217)) - 1d17c780-3c0c-42fc-a5ed-76046c58c935@group-E118F02A43E4->d4ca1bb3-9736-40b0-a02f-f5392a2e7e43-GrpcLogAppender: Follower failed (request=null, errorCount=12); keep nextIndex (3) unchanged and retry. (Repeated 4 times in the last 5.001s)
2024-04-25 19:25:16,086 [1d17c780-3c0c-42fc-a5ed-76046c58c935-PipelineCommandHandlerThread-0] INFO  server.RaftServer (RaftServerProxy.java:remove(111)) - 1d17c780-3c0c-42fc-a5ed-76046c58c935: remove  FOLLOWER 1d17c780-3c0c-42fc-a5ed-76046c58c935@group-E118F02A43E4:t1, leader=null, voted=1d17c780-3c0c-42fc-a5ed-76046c58c935, raftlog=Memoized:1d17c780-3c0c-42fc-a5ed-76046c58c935@group-E118F02A43E4-SegmentedRaftLog:OPENED:c2, conf=0: peers:[feac95e6-d772-4287-b681-0d01f32bbe53|127.0.0.1:15112, d4ca1bb3-9736-40b0-a02f-f5392a2e7e43|127.0.0.1:15103, 1d17c780-3c0c-42fc-a5ed-76046c58c935|127.0.0.1:15121]|listeners:[], old=null RUNNING
2024-04-25 19:25:16,088 [1d17c780-3c0c-42fc-a5ed-76046c58c935-PipelineCommandHandlerThread-0] INFO  server.RaftServer$Division (RaftServerImpl.java:lambda$close$3(526)) - 1d17c780-3c0c-42fc-a5ed-76046c58c935@group-E118F02A43E4: shutdown
2024-04-25 19:25:16,088 [1d17c780-3c0c-42fc-a5ed-76046c58c935-PipelineCommandHandlerThread-0] INFO  util.JmxRegister (JmxRegister.java:unregister(73)) - Successfully un-registered JMX Bean with object name Ratis:service=RaftServer,group=group-E118F02A43E4,id=1d17c780-3c0c-42fc-a5ed-76046c58c935
2024-04-25 19:25:16,088 [1d17c780-3c0c-42fc-a5ed-76046c58c935-PipelineCommandHandlerThread-0] INFO  impl.RoleInfo (RoleInfo.java:shutdownFollowerState(110)) - 1d17c780-3c0c-42fc-a5ed-76046c58c935: shutdown 1d17c780-3c0c-42fc-a5ed-76046c58c935@group-E118F02A43E4-FollowerState
2024-04-25 19:25:16,088 [1d17c780-3c0c-42fc-a5ed-76046c58c935-PipelineCommandHandlerThread-0] INFO  impl.StateMachineUpdater (StateMachineUpdater.java:stopAndJoin(157)) - 1d17c780-3c0c-42fc-a5ed-76046c58c935@group-E118F02A43E4-StateMachineUpdater: set stopIndex = 2
2024-04-25 19:25:16,088 [1d17c780-3c0c-42fc-a5ed-76046c58c935@group-E118F02A43E4-FollowerState] INFO  impl.FollowerState (FollowerState.java:run(152)) - 1d17c780-3c0c-42fc-a5ed-76046c58c935@group-E118F02A43E4-FollowerState was interrupted
2024-04-25 19:25:16,088 [1d17c780-3c0c-42fc-a5ed-76046c58c935@group-E118F02A43E4-StateMachineUpdater] INFO  ratis.ContainerStateMachine (ContainerStateMachine.java:takeSnapshot(355)) - group-E118F02A43E4: Taking a snapshot at:(t:1, i:2) file /home/runner/work/ozone/ozone/hadoop-ozone/integration-test/target/test-dir/MiniOzoneClusterImpl-d2e81863-a659-4dd2-bdb8-fa97662d499c/ozone-meta/datanode-3/ratis/eaf83d1d-cabf-4ffa-ba3e-e118f02a43e4/sm/snapshot.1_2
2024-04-25 19:25:16,089 [1d17c780-3c0c-42fc-a5ed-76046c58c935@group-E118F02A43E4-StateMachineUpdater] INFO  ratis.ContainerStateMachine (ContainerStateMachine.java:takeSnapshot(366)) - group-E118F02A43E4: Finished taking a snapshot at:(t:1, i:2) file:/home/runner/work/ozone/ozone/hadoop-ozone/integration-test/target/test-dir/MiniOzoneClusterImpl-d2e81863-a659-4dd2-bdb8-fa97662d499c/ozone-meta/datanode-3/ratis/eaf83d1d-cabf-4ffa-ba3e-e118f02a43e4/sm/snapshot.1_2 took: 1 ms
2024-04-25 19:25:16,090 [1d17c780-3c0c-42fc-a5ed-76046c58c935@group-E118F02A43E4-StateMachineUpdater] INFO  impl.StateMachineUpdater (StateMachineUpdater.java:takeSnapshot(295)) - 1d17c780-3c0c-42fc-a5ed-76046c58c935@group-E118F02A43E4-StateMachineUpdater: Took a snapshot at index 2
2024-04-25 19:25:16,090 [1d17c780-3c0c-42fc-a5ed-76046c58c935@group-E118F02A43E4-StateMachineUpdater] INFO  impl.StateMachineUpdater (StateMachineUpdater.java:lambda$new$0(98)) - 1d17c780-3c0c-42fc-a5ed-76046c58c935@group-E118F02A43E4-StateMachineUpdater: snapshotIndex: updateIncreasingly -1 -> 2
2024-04-25 19:25:16,090 [1d17c780-3c0c-42fc-a5ed-76046c58c935-PipelineCommandHandlerThread-0] INFO  server.RaftServer$Division (ServerState.java:close(427)) - 1d17c780-3c0c-42fc-a5ed-76046c58c935@group-E118F02A43E4: applyIndex: 2
2024-04-25 19:25:16,090 [1d17c780-3c0c-42fc-a5ed-76046c58c935@group-E118F02A43E4-cacheEviction-AwaitToRun] INFO  util.AwaitToRun (AwaitToRun.java:run(49)) - 1d17c780-3c0c-42fc-a5ed-76046c58c935@group-E118F02A43E4-cacheEviction-AwaitToRun-AwaitForSignal is interrupted
2024-04-25 19:25:17,072 [1d17c780-3c0c-42fc-a5ed-76046c58c935-PipelineCommandHandlerThread-0] INFO  segmented.SegmentedRaftLogWorker (SegmentedRaftLogWorker.java:close(245)) - 1d17c780-3c0c-42fc-a5ed-76046c58c935@group-E118F02A43E4-SegmentedRaftLogWorker close()
2024-04-25 19:25:17,073 [1d17c780-3c0c-42fc-a5ed-76046c58c935-PipelineCommandHandlerThread-0] INFO  keyvalue.KeyValueContainer (KeyValueContainer.java:flushAndSyncDB(522)) - Container 1 is synced with bcsId 0.
2024-04-25 19:25:17,073 [1d17c780-3c0c-42fc-a5ed-76046c58c935-PipelineCommandHandlerThread-0] INFO  keyvalue.KeyValueContainer (KeyValueContainer.java:flushAndSyncDB(522)) - Container 1 is synced with bcsId 0.
2024-04-25 19:25:17,077 [1d17c780-3c0c-42fc-a5ed-76046c58c935-PipelineCommandHandlerThread-0] INFO  server.RaftServer$Division (RaftServerImpl.java:groupRemove(496)) - 1d17c780-3c0c-42fc-a5ed-76046c58c935@group-E118F02A43E4: Succeed to remove RaftStorageDirectory Storage Directory /home/runner/work/ozone/ozone/hadoop-ozone/integration-test/target/test-dir/MiniOzoneClusterImpl-d2e81863-a659-4dd2-bdb8-fa97662d499c/ozone-meta/datanode-3/ratis/eaf83d1d-cabf-4ffa-ba3e-e118f02a43e4
2024-04-25 19:25:17,077 [FixedThreadPoolWithAffinityExecutor-9-0] INFO  container.IncrementalContainerReportHandler (AbstractContainerReportHandler.java:updateContainerState(287)) - Moving container #1 to QUASI_CLOSED state, datanode 1d17c780-3c0c-42fc-a5ed-76046c58c935(localhost/127.0.0.1) reported QUASI_CLOSED replica.
2024-04-25 19:25:17,077 [1d17c780-3c0c-42fc-a5ed-76046c58c935-PipelineCommandHandlerThread-0] ERROR commandhandler.ClosePipelineCommandHandler (ClosePipelineCommandHandler.java:lambda$handle$2(137)) - Can't close pipeline PipelineID=eaf83d1d-cabf-4ffa-ba3e-e118f02a43e4
org.apache.ratis.protocol.exceptions.GroupMismatchException: 1d17c780-3c0c-42fc-a5ed-76046c58c935: group-E118F02A43E4 not found.
	at org.apache.ratis.server.impl.RaftServerProxy$ImplMap.get(RaftServerProxy.java:154)
	at org.apache.ratis.server.impl.RaftServerProxy.getImplFuture(RaftServerProxy.java:364)
	at org.apache.ratis.server.impl.RaftServerProxy.getImpl(RaftServerProxy.java:373)
	at org.apache.ratis.server.impl.RaftServerProxy.getDivision(RaftServerProxy.java:386)
	at org.apache.hadoop.ozone.container.common.transport.server.ratis.XceiverServerRatis.getRaftPeersInPipeline(XceiverServerRatis.java:951)
	at org.apache.hadoop.ozone.container.common.statemachine.commandhandler.ClosePipelineCommandHandler.lambda$handle$2(ClosePipelineCommandHandler.java:114)
	at java.base/java.util.concurrent.CompletableFuture$AsyncRun.run(CompletableFuture.java:1804)
	at java.base/java.util.concurrent.ThreadPoolExecutor.runWorker(ThreadPoolExecutor.java:1136)
	at java.base/java.util.concurrent.ThreadPoolExecutor$Worker.run(ThreadPoolExecutor.java:635)
	at java.base/java.lang.Thread.run(Thread.java:840)
2024-04-25 19:25:22,356 [main] INFO  ozone.MiniOzoneClusterImpl (MiniOzoneClusterImpl.java:shutdown(396)) - Shutting down the Mini Ozone Cluster
2024-04-25 19:25:22,356 [main] INFO  db.CodecTestUtil (CodecTestUtil.java:gc(50)) - gc 0
2024-04-25 19:25:22,524 [main] INFO  ozone.MiniOzoneClusterImpl (MiniOzoneClusterImpl.java:stop(412)) - Stopping the Mini Ozone Cluster
2024-04-25 19:25:22,524 [main] INFO  om.OzoneManager (OzoneManager.java:stop(2232)) - om1[localhost:15093]: Stopping Ozone Manager
2024-04-25 19:25:22,524 [main] INFO  ipc.Server (Server.java:stop(3523)) - Stopping server on 15093
2024-04-25 19:25:22,525 [IPC Server listener on 15093] INFO  ipc.Server (Server.java:run(1434)) - Stopping IPC Server listener on 15093
2024-04-25 19:25:22,525 [main] INFO  ratis.OzoneManagerRatisServer (OzoneManagerRatisServer.java:stop(594)) - Stopping org.apache.hadoop.ozone.om.ratis.OzoneManagerRatisServer@e9f28 at port 15096
2024-04-25 19:25:22,526 [main] INFO  server.RaftServer (RaftServerProxy.java:lambda$close$9(416)) - om1: close
2024-04-25 19:25:22,525 [IPC Server Responder] INFO  ipc.Server (Server.java:run(1567)) - Stopping IPC Server Responder
2024-04-25 19:25:22,526 [main] INFO  server.GrpcService (GrpcService.java:closeImpl(311)) - om1: shutdown server GrpcServerProtocolService now
2024-04-25 19:25:22,526 [om1-impl-thread1] INFO  server.RaftServer$Division (RaftServerImpl.java:lambda$close$3(526)) - om1@group-C5BA1605619E: shutdown
2024-04-25 19:25:22,527 [om1-impl-thread1] INFO  util.JmxRegister (JmxRegister.java:unregister(73)) - Successfully un-registered JMX Bean with object name Ratis:service=RaftServer,group=group-C5BA1605619E,id=om1
2024-04-25 19:25:22,527 [om1-impl-thread1] INFO  impl.RoleInfo (RoleInfo.java:shutdownLeaderState(94)) - om1: shutdown om1@group-C5BA1605619E-LeaderStateImpl
2024-04-25 19:25:22,527 [om1-impl-thread1] INFO  impl.PendingRequests (PendingRequests.java:sendNotLeaderResponses(289)) - om1@group-C5BA1605619E-PendingRequests: sendNotLeaderResponses
2024-04-25 19:25:22,527 [om1-impl-thread1] INFO  impl.StateMachineUpdater (StateMachineUpdater.java:stopAndJoin(157)) - om1@group-C5BA1605619E-StateMachineUpdater: set stopIndex = 4
2024-04-25 19:25:22,527 [om1@group-C5BA1605619E-StateMachineUpdater] INFO  ratis.OzoneManagerStateMachine (OzoneManagerStateMachine.java:takeSnapshotImpl(481)) -  applied = (t:1, i:3)
2024-04-25 19:25:22,527 [om1@group-C5BA1605619E-StateMachineUpdater] INFO  ratis.OzoneManagerStateMachine (OzoneManagerStateMachine.java:takeSnapshotImpl(482)) -  skipped = 3
2024-04-25 19:25:22,527 [om1@group-C5BA1605619E-StateMachineUpdater] INFO  ratis.OzoneManagerStateMachine (OzoneManagerStateMachine.java:takeSnapshotImpl(483)) - notified = (t:1, i:4)
2024-04-25 19:25:22,527 [om1@group-C5BA1605619E-StateMachineUpdater] INFO  ratis.OzoneManagerStateMachine (OzoneManagerStateMachine.java:takeSnapshotImpl(484)) - snapshot = (t:1, i:4)
2024-04-25 19:25:22,528 [main] INFO  server.GrpcService (GrpcService.java:closeImpl(320)) - om1: shutdown server GrpcServerProtocolService successfully
2024-04-25 19:25:22,540 [om1@group-C5BA1605619E-StateMachineUpdater] INFO  impl.StateMachineUpdater (StateMachineUpdater.java:takeSnapshot(295)) - om1@group-C5BA1605619E-StateMachineUpdater: Took a snapshot at index 4
2024-04-25 19:25:22,540 [om1@group-C5BA1605619E-StateMachineUpdater] INFO  impl.StateMachineUpdater (StateMachineUpdater.java:lambda$new$0(98)) - om1@group-C5BA1605619E-StateMachineUpdater: snapshotIndex: updateIncreasingly -1 -> 4
2024-04-25 19:25:22,540 [om1@group-C5BA1605619E-StateMachineUpdater] INFO  ratis.OzoneManagerStateMachine (OzoneManagerStateMachine.java:close(527)) - Stopping OzoneManagerStateMachine:om1:group-C5BA1605619E.
2024-04-25 19:25:22,540 [om1@group-C5BA1605619E-StateMachineUpdater] INFO  ratis.OzoneManagerDoubleBuffer (OzoneManagerDoubleBuffer.java:stopDaemon(517)) - Stopping OMDoubleBuffer flush thread
2024-04-25 19:25:22,540 [om1-OMDoubleBufferFlushThread] INFO  ratis.OzoneManagerDoubleBuffer (OzoneManagerDoubleBuffer.java:canFlush(581)) - OMDoubleBuffer flush thread om1-OMDoubleBufferFlushThread is interrupted and will exit.
2024-04-25 19:25:22,541 [om1-impl-thread1] INFO  server.RaftServer$Division (ServerState.java:close(427)) - om1@group-C5BA1605619E: applyIndex: 3
2024-04-25 19:25:22,541 [om1@group-C5BA1605619E-cacheEviction-AwaitToRun] INFO  util.AwaitToRun (AwaitToRun.java:run(49)) - om1@group-C5BA1605619E-cacheEviction-AwaitToRun-AwaitForSignal is interrupted
2024-04-25 19:25:23,046 [om1-impl-thread1] INFO  segmented.SegmentedRaftLogWorker (SegmentedRaftLogWorker.java:close(245)) - om1@group-C5BA1605619E-SegmentedRaftLogWorker close()
2024-04-25 19:25:23,046 [JvmPauseMonitor12] INFO  util.JvmPauseMonitor (JvmPauseMonitor.java:run(152)) - JvmPauseMonitor-om1: Stopped
2024-04-25 19:25:23,046 [main] INFO  utils.BackgroundService (BackgroundService.java:shutdown(160)) - Shutting down service KeyDeletingService
2024-04-25 19:25:23,047 [main] INFO  utils.BackgroundService (BackgroundService.java:shutdown(160)) - Shutting down service DirectoryDeletingService
2024-04-25 19:25:23,047 [main] INFO  utils.BackgroundService (BackgroundService.java:shutdown(160)) - Shutting down service OpenKeyCleanupService
2024-04-25 19:25:23,047 [main] INFO  utils.BackgroundService (BackgroundService.java:shutdown(160)) - Shutting down service SstFilteringService
2024-04-25 19:25:23,047 [main] INFO  utils.BackgroundService (BackgroundService.java:shutdown(160)) - Shutting down service SnapshotDeletingService
2024-04-25 19:25:23,047 [main] INFO  utils.BackgroundService (BackgroundService.java:shutdown(160)) - Shutting down service MultipartUploadCleanupService
2024-04-25 19:25:23,047 [main] INFO  utils.BackgroundService (BackgroundService.java:shutdown(160)) - Shutting down service SnapshotDirectoryCleaningService
2024-04-25 19:25:23,048 [main] INFO  handler.ContextHandler (ContextHandler.java:doStop(1159)) - Stopped o.e.j.w.WebAppContext@3f6aaa7{ozoneManager,/,null,STOPPED}{file:/home/runner/work/ozone/ozone/hadoop-ozone/integration-test/target/test-classes/webapps/ozoneManager}
2024-04-25 19:25:23,048 [main] INFO  server.AbstractConnector (AbstractConnector.java:doStop(383)) - Stopped ServerConnector@76ce2e7{HTTP/1.1, (http/1.1)}{0.0.0.0:15094}
2024-04-25 19:25:23,049 [main] INFO  server.session (HouseKeeper.java:stopScavenging(149)) - node0 Stopped scavenging
2024-04-25 19:25:23,049 [main] INFO  handler.ContextHandler (ContextHandler.java:doStop(1159)) - Stopped o.e.j.s.ServletContextHandler@3d376d9b{static,/static,file:///home/runner/work/ozone/ozone/hadoop-ozone/integration-test/target/test-classes/webapps/static,STOPPED}
2024-04-25 19:25:23,049 [main] INFO  handler.ContextHandler (ContextHandler.java:doStop(1159)) - Stopped o.e.j.s.ServletContextHandler@9a56d2b{logs,/logs,file:///home/runner/work/ozone/ozone/hadoop-ozone/integration-test/target/log,STOPPED}
2024-04-25 19:25:23,049 [main] INFO  rocksdiff.RocksDBCheckpointDiffer (RocksDBCheckpointDiffer.java:close(310)) - Shutting down CompactionDagPruningService.
2024-04-25 19:25:23,051 [main] INFO  snapshot.SnapshotDiffManager (SnapshotDiffManager.java:closeExecutorService(1657)) - Shutting down executorService: 'SnapDiffExecutor'
2024-04-25 19:25:23,051 [main] INFO  utils.BackgroundService (BackgroundService.java:shutdown(160)) - Shutting down service SnapshotDiffCleanupService
2024-04-25 19:25:23,052 [main] INFO  ozone.MiniOzoneClusterImpl (MiniOzoneClusterImpl.java:stopDatanodes(471)) - Stopping the HddsDatanodes
2024-04-25 19:25:23,053 [ForkJoinPool.commonPool-worker-3] INFO  ozoneimpl.OzoneContainer (OzoneContainer.java:stop(481)) - Attempting to stop container services.
2024-04-25 19:25:23,054 [ContainerMetadataScanner] WARN  ozoneimpl.AbstractBackgroundContainerScanner (AbstractBackgroundContainerScanner.java:handleRemainingSleep(134)) - Background container scan was interrupted.
2024-04-25 19:25:23,054 [ContainerMetadataScanner] INFO  ozoneimpl.AbstractBackgroundContainerScanner (AbstractBackgroundContainerScanner.java:run(61)) - Thread[ContainerMetadataScanner,5,main] exiting.
2024-04-25 19:25:23,054 [ForkJoinPool.commonPool-worker-1] INFO  ozoneimpl.OzoneContainer (OzoneContainer.java:stop(481)) - Attempting to stop container services.
2024-04-25 19:25:23,055 [ContainerMetadataScanner] WARN  ozoneimpl.AbstractBackgroundContainerScanner (AbstractBackgroundContainerScanner.java:handleRemainingSleep(134)) - Background container scan was interrupted.
2024-04-25 19:25:23,055 [ContainerMetadataScanner] INFO  ozoneimpl.AbstractBackgroundContainerScanner (AbstractBackgroundContainerScanner.java:run(61)) - Thread[ContainerMetadataScanner,5,main] exiting.
2024-04-25 19:25:23,054 [ForkJoinPool.commonPool-worker-2] INFO  ozoneimpl.OzoneContainer (OzoneContainer.java:stop(481)) - Attempting to stop container services.
2024-04-25 19:25:23,055 [ForkJoinPool.commonPool-worker-1] INFO  ozoneimpl.BackgroundContainerDataScanner (BackgroundContainerDataScanner.java:shutdown(141)) - ContainerDataScanner(/home/runner/work/ozone/ozone/hadoop-ozone/integration-test/target/test-dir/MiniOzoneClusterImpl-d2e81863-a659-4dd2-bdb8-fa97662d499c/ozone-meta/datanode-3/data-0/hdds) is shutting down. 
2024-04-25 19:25:23,056 [ContainerDataScanner(/home/runner/work/ozone/ozone/hadoop-ozone/integration-test/target/test-dir/MiniOzoneClusterImpl-d2e81863-a659-4dd2-bdb8-fa97662d499c/ozone-meta/datanode-3/data-0/hdds)] WARN  ozoneimpl.AbstractBackgroundContainerScanner (AbstractBackgroundContainerScanner.java:handleRemainingSleep(134)) - Background container scan was interrupted.
2024-04-25 19:25:23,056 [ContainerDataScanner(/home/runner/work/ozone/ozone/hadoop-ozone/integration-test/target/test-dir/MiniOzoneClusterImpl-d2e81863-a659-4dd2-bdb8-fa97662d499c/ozone-meta/datanode-3/data-0/hdds)] INFO  ozoneimpl.AbstractBackgroundContainerScanner (AbstractBackgroundContainerScanner.java:run(61)) - ContainerDataScanner(/home/runner/work/ozone/ozone/hadoop-ozone/integration-test/target/test-dir/MiniOzoneClusterImpl-d2e81863-a659-4dd2-bdb8-fa97662d499c/ozone-meta/datanode-3/data-0/hdds, DS-8e8ca3bf-4f25-41dc-9238-2166e3bd4f5f) exiting.
2024-04-25 19:25:23,055 [main] INFO  ozoneimpl.OzoneContainer (OzoneContainer.java:stop(481)) - Attempting to stop container services.
2024-04-25 19:25:23,055 [ForkJoinPool.commonPool-worker-3] INFO  ozoneimpl.BackgroundContainerDataScanner (BackgroundContainerDataScanner.java:shutdown(141)) - ContainerDataScanner(/home/runner/work/ozone/ozone/hadoop-ozone/integration-test/target/test-dir/MiniOzoneClusterImpl-d2e81863-a659-4dd2-bdb8-fa97662d499c/ozone-meta/datanode-4/data-0/hdds) is shutting down. 
2024-04-25 19:25:23,055 [ContainerMetadataScanner] WARN  ozoneimpl.AbstractBackgroundContainerScanner (AbstractBackgroundContainerScanner.java:handleRemainingSleep(134)) - Background container scan was interrupted.
2024-04-25 19:25:23,056 [ContainerDataScanner(/home/runner/work/ozone/ozone/hadoop-ozone/integration-test/target/test-dir/MiniOzoneClusterImpl-d2e81863-a659-4dd2-bdb8-fa97662d499c/ozone-meta/datanode-4/data-0/hdds)] WARN  ozoneimpl.AbstractBackgroundContainerScanner (AbstractBackgroundContainerScanner.java:handleRemainingSleep(134)) - Background container scan was interrupted.
2024-04-25 19:25:23,056 [ContainerDataScanner(/home/runner/work/ozone/ozone/hadoop-ozone/integration-test/target/test-dir/MiniOzoneClusterImpl-d2e81863-a659-4dd2-bdb8-fa97662d499c/ozone-meta/datanode-4/data-0/hdds)] INFO  ozoneimpl.AbstractBackgroundContainerScanner (AbstractBackgroundContainerScanner.java:run(61)) - ContainerDataScanner(/home/runner/work/ozone/ozone/hadoop-ozone/integration-test/target/test-dir/MiniOzoneClusterImpl-d2e81863-a659-4dd2-bdb8-fa97662d499c/ozone-meta/datanode-4/data-0/hdds, DS-7927d964-c3b8-4f7b-b624-ba2a50619344) exiting.
2024-04-25 19:25:23,056 [ForkJoinPool.commonPool-worker-1] INFO  server.RaftServer (RaftServerProxy.java:lambda$close$9(416)) - 1d17c780-3c0c-42fc-a5ed-76046c58c935: close
2024-04-25 19:25:23,057 [ForkJoinPool.commonPool-worker-1] INFO  server.GrpcService (GrpcService.java:closeImpl(311)) - 1d17c780-3c0c-42fc-a5ed-76046c58c935: shutdown server org.apache.ratis.grpc.server.GrpcClientProtocolService now
2024-04-25 19:25:23,056 [ContainerMetadataScanner] WARN  ozoneimpl.AbstractBackgroundContainerScanner (AbstractBackgroundContainerScanner.java:handleRemainingSleep(134)) - Background container scan was interrupted.
2024-04-25 19:25:23,057 [ContainerMetadataScanner] INFO  ozoneimpl.AbstractBackgroundContainerScanner (AbstractBackgroundContainerScanner.java:run(61)) - Thread[ContainerMetadataScanner,5,main] exiting.
2024-04-25 19:25:23,057 [main] INFO  ozoneimpl.BackgroundContainerDataScanner (BackgroundContainerDataScanner.java:shutdown(141)) - ContainerDataScanner(/home/runner/work/ozone/ozone/hadoop-ozone/integration-test/target/test-dir/MiniOzoneClusterImpl-d2e81863-a659-4dd2-bdb8-fa97662d499c/ozone-meta/datanode-6/data-0/hdds) is shutting down. 
2024-04-25 19:25:23,057 [ContainerDataScanner(/home/runner/work/ozone/ozone/hadoop-ozone/integration-test/target/test-dir/MiniOzoneClusterImpl-d2e81863-a659-4dd2-bdb8-fa97662d499c/ozone-meta/datanode-6/data-0/hdds)] WARN  ozoneimpl.AbstractBackgroundContainerScanner (AbstractBackgroundContainerScanner.java:handleRemainingSleep(134)) - Background container scan was interrupted.
2024-04-25 19:25:23,057 [ContainerDataScanner(/home/runner/work/ozone/ozone/hadoop-ozone/integration-test/target/test-dir/MiniOzoneClusterImpl-d2e81863-a659-4dd2-bdb8-fa97662d499c/ozone-meta/datanode-6/data-0/hdds)] INFO  ozoneimpl.AbstractBackgroundContainerScanner (AbstractBackgroundContainerScanner.java:run(61)) - ContainerDataScanner(/home/runner/work/ozone/ozone/hadoop-ozone/integration-test/target/test-dir/MiniOzoneClusterImpl-d2e81863-a659-4dd2-bdb8-fa97662d499c/ozone-meta/datanode-6/data-0/hdds, DS-95a97b5d-808d-4fbc-bb6b-3cb2e89fd496) exiting.
2024-04-25 19:25:23,056 [ContainerMetadataScanner] INFO  ozoneimpl.AbstractBackgroundContainerScanner (AbstractBackgroundContainerScanner.java:run(61)) - Thread[ContainerMetadataScanner,5,main] exiting.
2024-04-25 19:25:23,057 [ForkJoinPool.commonPool-worker-3] INFO  server.RaftServer (RaftServerProxy.java:lambda$close$9(416)) - b2172664-c1c5-4da6-8eba-635cc9cc8385: close
2024-04-25 19:25:23,057 [1d17c780-3c0c-42fc-a5ed-76046c58c935-impl-thread1] INFO  server.RaftServer$Division (RaftServerImpl.java:lambda$close$3(526)) - 1d17c780-3c0c-42fc-a5ed-76046c58c935@group-6E2FF1006568: shutdown
2024-04-25 19:25:23,058 [ForkJoinPool.commonPool-worker-2] INFO  ozoneimpl.BackgroundContainerDataScanner (BackgroundContainerDataScanner.java:shutdown(141)) - ContainerDataScanner(/home/runner/work/ozone/ozone/hadoop-ozone/integration-test/target/test-dir/MiniOzoneClusterImpl-d2e81863-a659-4dd2-bdb8-fa97662d499c/ozone-meta/datanode-8/data-0/hdds) is shutting down. 
2024-04-25 19:25:23,058 [b2172664-c1c5-4da6-8eba-635cc9cc8385-impl-thread1] INFO  server.RaftServer$Division (RaftServerImpl.java:lambda$close$3(526)) - b2172664-c1c5-4da6-8eba-635cc9cc8385@group-0A078C4FBAC5: shutdown
2024-04-25 19:25:23,058 [b2172664-c1c5-4da6-8eba-635cc9cc8385-impl-thread1] INFO  util.JmxRegister (JmxRegister.java:unregister(73)) - Successfully un-registered JMX Bean with object name Ratis:service=RaftServer,group=group-0A078C4FBAC5,id=b2172664-c1c5-4da6-8eba-635cc9cc8385
2024-04-25 19:25:23,058 [Thread-2233] INFO  server.GrpcServerProtocolClient (GrpcServerProtocolClient.java:close(103)) - d4ca1bb3-9736-40b0-a02f-f5392a2e7e43 Close channels
2024-04-25 19:25:23,057 [main] INFO  server.RaftServer (RaftServerProxy.java:lambda$close$9(416)) - cedf47e1-7aa2-45e6-80d0-c614de566771: close
2024-04-25 19:25:23,058 [Thread-2232] INFO  server.GrpcServerProtocolClient (GrpcServerProtocolClient.java:close(103)) - feac95e6-d772-4287-b681-0d01f32bbe53 Close channels
2024-04-25 19:25:23,058 [b2172664-c1c5-4da6-8eba-635cc9cc8385-impl-thread1] INFO  impl.RoleInfo (RoleInfo.java:shutdownFollowerState(110)) - b2172664-c1c5-4da6-8eba-635cc9cc8385: shutdown b2172664-c1c5-4da6-8eba-635cc9cc8385@group-0A078C4FBAC5-FollowerState
2024-04-25 19:25:23,058 [b2172664-c1c5-4da6-8eba-635cc9cc8385-impl-thread1] INFO  impl.StateMachineUpdater (StateMachineUpdater.java:stopAndJoin(157)) - b2172664-c1c5-4da6-8eba-635cc9cc8385@group-0A078C4FBAC5-StateMachineUpdater: set stopIndex = 0
2024-04-25 19:25:23,058 [b2172664-c1c5-4da6-8eba-635cc9cc8385@group-0A078C4FBAC5-StateMachineUpdater] INFO  ratis.ContainerStateMachine (ContainerStateMachine.java:takeSnapshot(355)) - group-0A078C4FBAC5: Taking a snapshot at:(t:1, i:0) file /home/runner/work/ozone/ozone/hadoop-ozone/integration-test/target/test-dir/MiniOzoneClusterImpl-d2e81863-a659-4dd2-bdb8-fa97662d499c/ozone-meta/datanode-4/ratis/50067c24-8fa3-4690-ab5f-0a078c4fbac5/sm/snapshot.1_0
2024-04-25 19:25:23,058 [b2172664-c1c5-4da6-8eba-635cc9cc8385@group-0A078C4FBAC5-FollowerState] INFO  impl.FollowerState (FollowerState.java:run(152)) - b2172664-c1c5-4da6-8eba-635cc9cc8385@group-0A078C4FBAC5-FollowerState was interrupted
2024-04-25 19:25:23,058 [ContainerDataScanner(/home/runner/work/ozone/ozone/hadoop-ozone/integration-test/target/test-dir/MiniOzoneClusterImpl-d2e81863-a659-4dd2-bdb8-fa97662d499c/ozone-meta/datanode-8/data-0/hdds)] WARN  ozoneimpl.AbstractBackgroundContainerScanner (AbstractBackgroundContainerScanner.java:handleRemainingSleep(134)) - Background container scan was interrupted.
2024-04-25 19:25:23,059 [ContainerDataScanner(/home/runner/work/ozone/ozone/hadoop-ozone/integration-test/target/test-dir/MiniOzoneClusterImpl-d2e81863-a659-4dd2-bdb8-fa97662d499c/ozone-meta/datanode-8/data-0/hdds)] INFO  ozoneimpl.AbstractBackgroundContainerScanner (AbstractBackgroundContainerScanner.java:run(61)) - ContainerDataScanner(/home/runner/work/ozone/ozone/hadoop-ozone/integration-test/target/test-dir/MiniOzoneClusterImpl-d2e81863-a659-4dd2-bdb8-fa97662d499c/ozone-meta/datanode-8/data-0/hdds, DS-2dd930ad-a319-45ae-9f52-8581b4782f1b) exiting.
2024-04-25 19:25:23,058 [1d17c780-3c0c-42fc-a5ed-76046c58c935-impl-thread1] INFO  util.JmxRegister (JmxRegister.java:unregister(73)) - Successfully un-registered JMX Bean with object name Ratis:service=RaftServer,group=group-6E2FF1006568,id=1d17c780-3c0c-42fc-a5ed-76046c58c935
2024-04-25 19:25:23,059 [1d17c780-3c0c-42fc-a5ed-76046c58c935-impl-thread1] INFO  impl.RoleInfo (RoleInfo.java:shutdownLeaderState(94)) - 1d17c780-3c0c-42fc-a5ed-76046c58c935: shutdown 1d17c780-3c0c-42fc-a5ed-76046c58c935@group-6E2FF1006568-LeaderStateImpl
2024-04-25 19:25:23,059 [1d17c780-3c0c-42fc-a5ed-76046c58c935-impl-thread1] INFO  impl.PendingRequests (PendingRequests.java:sendNotLeaderResponses(289)) - 1d17c780-3c0c-42fc-a5ed-76046c58c935@group-6E2FF1006568-PendingRequests: sendNotLeaderResponses
2024-04-25 19:25:23,059 [b2172664-c1c5-4da6-8eba-635cc9cc8385@group-0A078C4FBAC5-StateMachineUpdater] INFO  ratis.ContainerStateMachine (ContainerStateMachine.java:takeSnapshot(366)) - group-0A078C4FBAC5: Finished taking a snapshot at:(t:1, i:0) file:/home/runner/work/ozone/ozone/hadoop-ozone/integration-test/target/test-dir/MiniOzoneClusterImpl-d2e81863-a659-4dd2-bdb8-fa97662d499c/ozone-meta/datanode-4/ratis/50067c24-8fa3-4690-ab5f-0a078c4fbac5/sm/snapshot.1_0 took: 1 ms
2024-04-25 19:25:23,059 [b2172664-c1c5-4da6-8eba-635cc9cc8385@group-0A078C4FBAC5-StateMachineUpdater] INFO  impl.StateMachineUpdater (StateMachineUpdater.java:takeSnapshot(295)) - b2172664-c1c5-4da6-8eba-635cc9cc8385@group-0A078C4FBAC5-StateMachineUpdater: Took a snapshot at index 0
2024-04-25 19:25:23,058 [cedf47e1-7aa2-45e6-80d0-c614de566771-impl-thread1] INFO  server.RaftServer$Division (RaftServerImpl.java:lambda$close$3(526)) - cedf47e1-7aa2-45e6-80d0-c614de566771@group-0A078C4FBAC5: shutdown
2024-04-25 19:25:23,059 [b2172664-c1c5-4da6-8eba-635cc9cc8385@group-0A078C4FBAC5-StateMachineUpdater] INFO  impl.StateMachineUpdater (StateMachineUpdater.java:lambda$new$0(98)) - b2172664-c1c5-4da6-8eba-635cc9cc8385@group-0A078C4FBAC5-StateMachineUpdater: snapshotIndex: updateIncreasingly -1 -> 0
2024-04-25 19:25:23,059 [1d17c780-3c0c-42fc-a5ed-76046c58c935@group-6E2FF1006568-StateMachineUpdater] INFO  ratis.ContainerStateMachine (ContainerStateMachine.java:takeSnapshot(355)) - group-6E2FF1006568: Taking a snapshot at:(t:1, i:0) file /home/runner/work/ozone/ozone/hadoop-ozone/integration-test/target/test-dir/MiniOzoneClusterImpl-d2e81863-a659-4dd2-bdb8-fa97662d499c/ozone-meta/datanode-3/ratis/c853f4f3-b2cf-4d91-ae69-6e2ff1006568/sm/snapshot.1_0
2024-04-25 19:25:23,059 [1d17c780-3c0c-42fc-a5ed-76046c58c935-impl-thread1] INFO  impl.StateMachineUpdater (StateMachineUpdater.java:stopAndJoin(157)) - 1d17c780-3c0c-42fc-a5ed-76046c58c935@group-6E2FF1006568-StateMachineUpdater: set stopIndex = 0
2024-04-25 19:25:23,059 [ForkJoinPool.commonPool-worker-2] INFO  server.RaftServer (RaftServerProxy.java:lambda$close$9(416)) - abc2c581-a768-4c7c-b49a-008e591603b4: close
2024-04-25 19:25:23,059 [ForkJoinPool.commonPool-worker-4] INFO  ozoneimpl.OzoneContainer (OzoneContainer.java:stop(481)) - Attempting to stop container services.
2024-04-25 19:25:23,060 [ContainerMetadataScanner] WARN  ozoneimpl.AbstractBackgroundContainerScanner (AbstractBackgroundContainerScanner.java:handleRemainingSleep(134)) - Background container scan was interrupted.
2024-04-25 19:25:23,060 [ContainerMetadataScanner] INFO  ozoneimpl.AbstractBackgroundContainerScanner (AbstractBackgroundContainerScanner.java:run(61)) - Thread[ContainerMetadataScanner,5,main] exiting.
2024-04-25 19:25:23,059 [cedf47e1-7aa2-45e6-80d0-c614de566771-impl-thread1] INFO  util.JmxRegister (JmxRegister.java:unregister(73)) - Successfully un-registered JMX Bean with object name Ratis:service=RaftServer,group=group-0A078C4FBAC5,id=cedf47e1-7aa2-45e6-80d0-c614de566771
2024-04-25 19:25:23,060 [cedf47e1-7aa2-45e6-80d0-c614de566771-impl-thread1] INFO  impl.RoleInfo (RoleInfo.java:shutdownFollowerState(110)) - cedf47e1-7aa2-45e6-80d0-c614de566771: shutdown cedf47e1-7aa2-45e6-80d0-c614de566771@group-0A078C4FBAC5-FollowerState
2024-04-25 19:25:23,060 [cedf47e1-7aa2-45e6-80d0-c614de566771-impl-thread1] INFO  impl.StateMachineUpdater (StateMachineUpdater.java:stopAndJoin(157)) - cedf47e1-7aa2-45e6-80d0-c614de566771@group-0A078C4FBAC5-StateMachineUpdater: set stopIndex = 0
2024-04-25 19:25:23,060 [ForkJoinPool.commonPool-worker-4] INFO  ozoneimpl.BackgroundContainerDataScanner (BackgroundContainerDataScanner.java:shutdown(141)) - ContainerDataScanner(/home/runner/work/ozone/ozone/hadoop-ozone/integration-test/target/test-dir/MiniOzoneClusterImpl-d2e81863-a659-4dd2-bdb8-fa97662d499c/ozone-meta/datanode-7/data-0/hdds) is shutting down. 
2024-04-25 19:25:23,060 [1d17c780-3c0c-42fc-a5ed-76046c58c935@group-6E2FF1006568-StateMachineUpdater] INFO  ratis.ContainerStateMachine (ContainerStateMachine.java:takeSnapshot(366)) - group-6E2FF1006568: Finished taking a snapshot at:(t:1, i:0) file:/home/runner/work/ozone/ozone/hadoop-ozone/integration-test/target/test-dir/MiniOzoneClusterImpl-d2e81863-a659-4dd2-bdb8-fa97662d499c/ozone-meta/datanode-3/ratis/c853f4f3-b2cf-4d91-ae69-6e2ff1006568/sm/snapshot.1_0 took: 1 ms
2024-04-25 19:25:23,060 [1d17c780-3c0c-42fc-a5ed-76046c58c935@group-6E2FF1006568-StateMachineUpdater] INFO  impl.StateMachineUpdater (StateMachineUpdater.java:takeSnapshot(295)) - 1d17c780-3c0c-42fc-a5ed-76046c58c935@group-6E2FF1006568-StateMachineUpdater: Took a snapshot at index 0
2024-04-25 19:25:23,060 [1d17c780-3c0c-42fc-a5ed-76046c58c935@group-6E2FF1006568-StateMachineUpdater] INFO  impl.StateMachineUpdater (StateMachineUpdater.java:lambda$new$0(98)) - 1d17c780-3c0c-42fc-a5ed-76046c58c935@group-6E2FF1006568-StateMachineUpdater: snapshotIndex: updateIncreasingly -1 -> 0
2024-04-25 19:25:23,061 [1d17c780-3c0c-42fc-a5ed-76046c58c935-impl-thread1] INFO  server.RaftServer$Division (ServerState.java:close(427)) - 1d17c780-3c0c-42fc-a5ed-76046c58c935@group-6E2FF1006568: applyIndex: 0
2024-04-25 19:25:23,060 [abc2c581-a768-4c7c-b49a-008e591603b4-impl-thread1] INFO  server.RaftServer$Division (RaftServerImpl.java:lambda$close$3(526)) - abc2c581-a768-4c7c-b49a-008e591603b4@group-844C2F4FE16D: shutdown
2024-04-25 19:25:23,061 [1d17c780-3c0c-42fc-a5ed-76046c58c935@group-6E2FF1006568-cacheEviction-AwaitToRun] INFO  util.AwaitToRun (AwaitToRun.java:run(49)) - 1d17c780-3c0c-42fc-a5ed-76046c58c935@group-6E2FF1006568-cacheEviction-AwaitToRun-AwaitForSignal is interrupted
2024-04-25 19:25:23,060 [b2172664-c1c5-4da6-8eba-635cc9cc8385-impl-thread1] INFO  server.RaftServer$Division (ServerState.java:close(427)) - b2172664-c1c5-4da6-8eba-635cc9cc8385@group-0A078C4FBAC5: applyIndex: 0
2024-04-25 19:25:23,061 [abc2c581-a768-4c7c-b49a-008e591603b4-impl-thread1] INFO  util.JmxRegister (JmxRegister.java:unregister(73)) - Successfully un-registered JMX Bean with object name Ratis:service=RaftServer,group=group-844C2F4FE16D,id=abc2c581-a768-4c7c-b49a-008e591603b4
2024-04-25 19:25:23,061 [abc2c581-a768-4c7c-b49a-008e591603b4-impl-thread1] INFO  impl.RoleInfo (RoleInfo.java:shutdownLeaderState(94)) - abc2c581-a768-4c7c-b49a-008e591603b4: shutdown abc2c581-a768-4c7c-b49a-008e591603b4@group-844C2F4FE16D-LeaderStateImpl
2024-04-25 19:25:23,061 [abc2c581-a768-4c7c-b49a-008e591603b4-impl-thread1] INFO  impl.PendingRequests (PendingRequests.java:sendNotLeaderResponses(289)) - abc2c581-a768-4c7c-b49a-008e591603b4@group-844C2F4FE16D-PendingRequests: sendNotLeaderResponses
2024-04-25 19:25:23,061 [abc2c581-a768-4c7c-b49a-008e591603b4@group-844C2F4FE16D->40fb7397-672b-4299-ac41-723a71166d77-GrpcLogAppender-LogAppenderDaemon] WARN  server.GrpcLogAppender (GrpcLogAppender.java:mayWait(289)) - abc2c581-a768-4c7c-b49a-008e591603b4@group-844C2F4FE16D->40fb7397-672b-4299-ac41-723a71166d77-GrpcLogAppender: Wait interrupted by java.lang.InterruptedException
2024-04-25 19:25:23,060 [cedf47e1-7aa2-45e6-80d0-c614de566771@group-0A078C4FBAC5-StateMachineUpdater] INFO  ratis.ContainerStateMachine (ContainerStateMachine.java:takeSnapshot(355)) - group-0A078C4FBAC5: Taking a snapshot at:(t:1, i:0) file /home/runner/work/ozone/ozone/hadoop-ozone/integration-test/target/test-dir/MiniOzoneClusterImpl-d2e81863-a659-4dd2-bdb8-fa97662d499c/ozone-meta/datanode-6/ratis/50067c24-8fa3-4690-ab5f-0a078c4fbac5/sm/snapshot.1_0
2024-04-25 19:25:23,060 [cedf47e1-7aa2-45e6-80d0-c614de566771@group-0A078C4FBAC5-FollowerState] INFO  impl.FollowerState (FollowerState.java:run(152)) - cedf47e1-7aa2-45e6-80d0-c614de566771@group-0A078C4FBAC5-FollowerState was interrupted
2024-04-25 19:25:23,062 [grpc-default-executor-3] INFO  server.GrpcServerProtocolService (GrpcServerProtocolService.java:onCompleted(157)) - 40fb7397-672b-4299-ac41-723a71166d77: Completed APPEND_ENTRIES, lastRequest: null
2024-04-25 19:25:23,062 [cedf47e1-7aa2-45e6-80d0-c614de566771@group-0A078C4FBAC5-StateMachineUpdater] INFO  ratis.ContainerStateMachine (ContainerStateMachine.java:takeSnapshot(366)) - group-0A078C4FBAC5: Finished taking a snapshot at:(t:1, i:0) file:/home/runner/work/ozone/ozone/hadoop-ozone/integration-test/target/test-dir/MiniOzoneClusterImpl-d2e81863-a659-4dd2-bdb8-fa97662d499c/ozone-meta/datanode-6/ratis/50067c24-8fa3-4690-ab5f-0a078c4fbac5/sm/snapshot.1_0 took: 2 ms
2024-04-25 19:25:23,062 [grpc-default-executor-3] INFO  server.GrpcServerProtocolService (GrpcServerProtocolService.java:lambda$onCompleted$5(159)) - 40fb7397-672b-4299-ac41-723a71166d77: Completed APPEND_ENTRIES, lastReply: serverReply {
  requestorId: "abc2c581-a768-4c7c-b49a-008e591603b4"
  replyId: "40fb7397-672b-4299-ac41-723a71166d77"
  raftGroupId {
    id: "\006_\000\003u\355M7\241\263\204L/O\341m"
  }
  callId: 12
  success: true
}
term: 1
nextIndex: 1
matchIndex: 18446744073709551615
isHearbeat: true

2024-04-25 19:25:23,060 [ForkJoinPool.commonPool-worker-1] INFO  server.GrpcService (GrpcService.java:closeImpl(320)) - 1d17c780-3c0c-42fc-a5ed-76046c58c935: shutdown server org.apache.ratis.grpc.server.GrpcClientProtocolService successfully
2024-04-25 19:25:23,062 [ForkJoinPool.commonPool-worker-1] INFO  server.GrpcService (GrpcService.java:closeImpl(311)) - 1d17c780-3c0c-42fc-a5ed-76046c58c935: shutdown server GrpcServerProtocolService now
2024-04-25 19:25:23,062 [cedf47e1-7aa2-45e6-80d0-c614de566771@group-0A078C4FBAC5-StateMachineUpdater] INFO  impl.StateMachineUpdater (StateMachineUpdater.java:takeSnapshot(295)) - cedf47e1-7aa2-45e6-80d0-c614de566771@group-0A078C4FBAC5-StateMachineUpdater: Took a snapshot at index 0
2024-04-25 19:25:23,063 [cedf47e1-7aa2-45e6-80d0-c614de566771@group-0A078C4FBAC5-StateMachineUpdater] INFO  impl.StateMachineUpdater (StateMachineUpdater.java:lambda$new$0(98)) - cedf47e1-7aa2-45e6-80d0-c614de566771@group-0A078C4FBAC5-StateMachineUpdater: snapshotIndex: updateIncreasingly -1 -> 0
2024-04-25 19:25:23,061 [abc2c581-a768-4c7c-b49a-008e591603b4@group-844C2F4FE16D->959cbd0f-a729-48cd-9832-a6c885e061f0-GrpcLogAppender-LogAppenderDaemon] WARN  server.GrpcLogAppender (GrpcLogAppender.java:mayWait(289)) - abc2c581-a768-4c7c-b49a-008e591603b4@group-844C2F4FE16D->959cbd0f-a729-48cd-9832-a6c885e061f0-GrpcLogAppender: Wait interrupted by java.lang.InterruptedException
2024-04-25 19:25:23,061 [b2172664-c1c5-4da6-8eba-635cc9cc8385@group-0A078C4FBAC5-cacheEviction-AwaitToRun] INFO  util.AwaitToRun (AwaitToRun.java:run(49)) - b2172664-c1c5-4da6-8eba-635cc9cc8385@group-0A078C4FBAC5-cacheEviction-AwaitToRun-AwaitForSignal is interrupted
2024-04-25 19:25:23,063 [cedf47e1-7aa2-45e6-80d0-c614de566771-impl-thread1] INFO  server.RaftServer$Division (ServerState.java:close(427)) - cedf47e1-7aa2-45e6-80d0-c614de566771@group-0A078C4FBAC5: applyIndex: 0
2024-04-25 19:25:23,063 [grpc-default-executor-4] INFO  server.GrpcServerProtocolService (GrpcServerProtocolService.java:onCompleted(157)) - 40fb7397-672b-4299-ac41-723a71166d77: Completed APPEND_ENTRIES, lastRequest: abc2c581-a768-4c7c-b49a-008e591603b4->40fb7397-672b-4299-ac41-723a71166d77#1-t1,previous=(t:0, i:0),leaderCommit=-1,initializing? false,entries: size=1, first=(t:1, i:0), CONFIGURATIONENTRY(current:id: "abc2c581-a768-4c7c-b49a-008e591603b4"
address: "127.0.0.1:15166"
priority: 1
dataStreamAddress: "127.0.0.1:15167"
clientAddress: "127.0.0.1:15164"
adminAddress: "127.0.0.1:15165"
startupRole: FOLLOWER
,id: "959cbd0f-a729-48cd-9832-a6c885e061f0"
address: "127.0.0.1:15175"
dataStreamAddress: "127.0.0.1:15176"
clientAddress: "127.0.0.1:15173"
adminAddress: "127.0.0.1:15174"
startupRole: FOLLOWER
,id: "40fb7397-672b-4299-ac41-723a71166d77"
address: "127.0.0.1:15157"
dataStreamAddress: "127.0.0.1:15158"
clientAddress: "127.0.0.1:15155"
adminAddress: "127.0.0.1:15156"
startupRole: FOLLOWER
, old:)
2024-04-25 19:25:23,063 [grpc-default-executor-4] INFO  server.GrpcServerProtocolService (GrpcServerProtocolService.java:lambda$onCompleted$5(159)) - 40fb7397-672b-4299-ac41-723a71166d77: Completed APPEND_ENTRIES, lastReply: null
2024-04-25 19:25:23,063 [abc2c581-a768-4c7c-b49a-008e591603b4-impl-thread1] INFO  impl.StateMachineUpdater (StateMachineUpdater.java:stopAndJoin(157)) - abc2c581-a768-4c7c-b49a-008e591603b4@group-844C2F4FE16D-StateMachineUpdater: set stopIndex = 0
2024-04-25 19:25:23,063 [grpc-default-executor-0] INFO  server.GrpcServerProtocolService (GrpcServerProtocolService.java:onCompleted(157)) - 959cbd0f-a729-48cd-9832-a6c885e061f0: Completed APPEND_ENTRIES, lastRequest: abc2c581-a768-4c7c-b49a-008e591603b4->959cbd0f-a729-48cd-9832-a6c885e061f0#1-t1,previous=(t:0, i:0),leaderCommit=-1,initializing? false,entries: size=1, first=(t:1, i:0), CONFIGURATIONENTRY(current:id: "abc2c581-a768-4c7c-b49a-008e591603b4"
address: "127.0.0.1:15166"
priority: 1
dataStreamAddress: "127.0.0.1:15167"
clientAddress: "127.0.0.1:15164"
adminAddress: "127.0.0.1:15165"
startupRole: FOLLOWER
,id: "959cbd0f-a729-48cd-9832-a6c885e061f0"
address: "127.0.0.1:15175"
dataStreamAddress: "127.0.0.1:15176"
clientAddress: "127.0.0.1:15173"
adminAddress: "127.0.0.1:15174"
startupRole: FOLLOWER
,id: "40fb7397-672b-4299-ac41-723a71166d77"
address: "127.0.0.1:15157"
dataStreamAddress: "127.0.0.1:15158"
clientAddress: "127.0.0.1:15155"
adminAddress: "127.0.0.1:15156"
startupRole: FOLLOWER
, old:)
2024-04-25 19:25:23,064 [grpc-default-executor-5] INFO  server.GrpcLogAppender (GrpcLogAppender.java:onCompleted(546)) - abc2c581-a768-4c7c-b49a-008e591603b4@group-844C2F4FE16D->40fb7397-672b-4299-ac41-723a71166d77-AppendLogResponseHandler: follower responses appendEntries COMPLETED
2024-04-25 19:25:23,064 [grpc-default-executor-0] INFO  server.GrpcServerProtocolService (GrpcServerProtocolService.java:lambda$onCompleted$5(159)) - 959cbd0f-a729-48cd-9832-a6c885e061f0: Completed APPEND_ENTRIES, lastReply: null
2024-04-25 19:25:23,063 [cedf47e1-7aa2-45e6-80d0-c614de566771@group-0A078C4FBAC5-cacheEviction-AwaitToRun] INFO  util.AwaitToRun (AwaitToRun.java:run(49)) - cedf47e1-7aa2-45e6-80d0-c614de566771@group-0A078C4FBAC5-cacheEviction-AwaitToRun-AwaitForSignal is interrupted
2024-04-25 19:25:23,064 [ContainerDataScanner(/home/runner/work/ozone/ozone/hadoop-ozone/integration-test/target/test-dir/MiniOzoneClusterImpl-d2e81863-a659-4dd2-bdb8-fa97662d499c/ozone-meta/datanode-7/data-0/hdds)] WARN  ozoneimpl.AbstractBackgroundContainerScanner (AbstractBackgroundContainerScanner.java:handleRemainingSleep(134)) - Background container scan was interrupted.
2024-04-25 19:25:23,063 [abc2c581-a768-4c7c-b49a-008e591603b4@group-844C2F4FE16D-StateMachineUpdater] INFO  ratis.ContainerStateMachine (ContainerStateMachine.java:takeSnapshot(355)) - group-844C2F4FE16D: Taking a snapshot at:(t:1, i:0) file /home/runner/work/ozone/ozone/hadoop-ozone/integration-test/target/test-dir/MiniOzoneClusterImpl-d2e81863-a659-4dd2-bdb8-fa97662d499c/ozone-meta/datanode-8/ratis/065f0003-75ed-4d37-a1b3-844c2f4fe16d/sm/snapshot.1_0
2024-04-25 19:25:23,064 [grpc-default-executor-4] INFO  server.GrpcLogAppender (GrpcLogAppender.java:onCompleted(546)) - abc2c581-a768-4c7c-b49a-008e591603b4@group-844C2F4FE16D->959cbd0f-a729-48cd-9832-a6c885e061f0-AppendLogResponseHandler: follower responses appendEntries COMPLETED
2024-04-25 19:25:23,064 [ContainerDataScanner(/home/runner/work/ozone/ozone/hadoop-ozone/integration-test/target/test-dir/MiniOzoneClusterImpl-d2e81863-a659-4dd2-bdb8-fa97662d499c/ozone-meta/datanode-7/data-0/hdds)] INFO  ozoneimpl.AbstractBackgroundContainerScanner (AbstractBackgroundContainerScanner.java:run(61)) - ContainerDataScanner(/home/runner/work/ozone/ozone/hadoop-ozone/integration-test/target/test-dir/MiniOzoneClusterImpl-d2e81863-a659-4dd2-bdb8-fa97662d499c/ozone-meta/datanode-7/data-0/hdds, DS-5d316cf3-db81-4a99-b6b0-65728794fd1a) exiting.
2024-04-25 19:25:23,064 [abc2c581-a768-4c7c-b49a-008e591603b4@group-844C2F4FE16D-StateMachineUpdater] INFO  ratis.ContainerStateMachine (ContainerStateMachine.java:takeSnapshot(366)) - group-844C2F4FE16D: Finished taking a snapshot at:(t:1, i:0) file:/home/runner/work/ozone/ozone/hadoop-ozone/integration-test/target/test-dir/MiniOzoneClusterImpl-d2e81863-a659-4dd2-bdb8-fa97662d499c/ozone-meta/datanode-8/ratis/065f0003-75ed-4d37-a1b3-844c2f4fe16d/sm/snapshot.1_0 took: 1 ms
2024-04-25 19:25:23,064 [grpc-default-executor-5] INFO  server.GrpcServerProtocolService (GrpcServerProtocolService.java:onCompleted(157)) - 959cbd0f-a729-48cd-9832-a6c885e061f0: Completed APPEND_ENTRIES, lastRequest: null
2024-04-25 19:25:23,064 [abc2c581-a768-4c7c-b49a-008e591603b4@group-844C2F4FE16D-StateMachineUpdater] INFO  impl.StateMachineUpdater (StateMachineUpdater.java:takeSnapshot(295)) - abc2c581-a768-4c7c-b49a-008e591603b4@group-844C2F4FE16D-StateMachineUpdater: Took a snapshot at index 0
2024-04-25 19:25:23,064 [ForkJoinPool.commonPool-worker-4] INFO  server.RaftServer (RaftServerProxy.java:lambda$close$9(416)) - 40fb7397-672b-4299-ac41-723a71166d77: close
2024-04-25 19:25:23,065 [40fb7397-672b-4299-ac41-723a71166d77-impl-thread1] INFO  server.RaftServer$Division (RaftServerImpl.java:lambda$close$3(526)) - 40fb7397-672b-4299-ac41-723a71166d77@group-844C2F4FE16D: shutdown
2024-04-25 19:25:23,065 [40fb7397-672b-4299-ac41-723a71166d77-impl-thread1] INFO  util.JmxRegister (JmxRegister.java:unregister(73)) - Successfully un-registered JMX Bean with object name Ratis:service=RaftServer,group=group-844C2F4FE16D,id=40fb7397-672b-4299-ac41-723a71166d77
2024-04-25 19:25:23,065 [40fb7397-672b-4299-ac41-723a71166d77-impl-thread1] INFO  impl.RoleInfo (RoleInfo.java:shutdownFollowerState(110)) - 40fb7397-672b-4299-ac41-723a71166d77: shutdown 40fb7397-672b-4299-ac41-723a71166d77@group-844C2F4FE16D-FollowerState
2024-04-25 19:25:23,065 [40fb7397-672b-4299-ac41-723a71166d77-impl-thread1] INFO  impl.StateMachineUpdater (StateMachineUpdater.java:stopAndJoin(157)) - 40fb7397-672b-4299-ac41-723a71166d77@group-844C2F4FE16D-StateMachineUpdater: set stopIndex = 0
2024-04-25 19:25:23,065 [40fb7397-672b-4299-ac41-723a71166d77@group-844C2F4FE16D-StateMachineUpdater] INFO  ratis.ContainerStateMachine (ContainerStateMachine.java:takeSnapshot(355)) - group-844C2F4FE16D: Taking a snapshot at:(t:1, i:0) file /home/runner/work/ozone/ozone/hadoop-ozone/integration-test/target/test-dir/MiniOzoneClusterImpl-d2e81863-a659-4dd2-bdb8-fa97662d499c/ozone-meta/datanode-7/ratis/065f0003-75ed-4d37-a1b3-844c2f4fe16d/sm/snapshot.1_0
2024-04-25 19:25:23,064 [grpc-default-executor-2] INFO  server.GrpcLogAppender (GrpcLogAppender.java:onCompleted(546)) - abc2c581-a768-4c7c-b49a-008e591603b4@group-844C2F4FE16D->40fb7397-672b-4299-ac41-723a71166d77-AppendLogResponseHandler: follower responses appendEntries COMPLETED
2024-04-25 19:25:23,065 [40fb7397-672b-4299-ac41-723a71166d77@group-844C2F4FE16D-FollowerState] INFO  impl.FollowerState (FollowerState.java:run(152)) - 40fb7397-672b-4299-ac41-723a71166d77@group-844C2F4FE16D-FollowerState was interrupted
2024-04-25 19:25:23,065 [grpc-default-executor-5] INFO  server.GrpcServerProtocolService (GrpcServerProtocolService.java:lambda$onCompleted$5(159)) - 959cbd0f-a729-48cd-9832-a6c885e061f0: Completed APPEND_ENTRIES, lastReply: serverReply {
  requestorId: "abc2c581-a768-4c7c-b49a-008e591603b4"
  replyId: "959cbd0f-a729-48cd-9832-a6c885e061f0"
  raftGroupId {
    id: "\006_\000\003u\355M7\241\263\204L/O\341m"
  }
  callId: 10
  success: true
}
term: 1
nextIndex: 1
matchIndex: 18446744073709551615
isHearbeat: true

2024-04-25 19:25:23,065 [40fb7397-672b-4299-ac41-723a71166d77@group-844C2F4FE16D-StateMachineUpdater] INFO  ratis.ContainerStateMachine (ContainerStateMachine.java:takeSnapshot(366)) - group-844C2F4FE16D: Finished taking a snapshot at:(t:1, i:0) file:/home/runner/work/ozone/ozone/hadoop-ozone/integration-test/target/test-dir/MiniOzoneClusterImpl-d2e81863-a659-4dd2-bdb8-fa97662d499c/ozone-meta/datanode-7/ratis/065f0003-75ed-4d37-a1b3-844c2f4fe16d/sm/snapshot.1_0 took: 0 ms
2024-04-25 19:25:23,065 [40fb7397-672b-4299-ac41-723a71166d77@group-844C2F4FE16D-StateMachineUpdater] INFO  impl.StateMachineUpdater (StateMachineUpdater.java:takeSnapshot(295)) - 40fb7397-672b-4299-ac41-723a71166d77@group-844C2F4FE16D-StateMachineUpdater: Took a snapshot at index 0
2024-04-25 19:25:23,065 [40fb7397-672b-4299-ac41-723a71166d77@group-844C2F4FE16D-StateMachineUpdater] INFO  impl.StateMachineUpdater (StateMachineUpdater.java:lambda$new$0(98)) - 40fb7397-672b-4299-ac41-723a71166d77@group-844C2F4FE16D-StateMachineUpdater: snapshotIndex: updateIncreasingly -1 -> 0
2024-04-25 19:25:23,066 [40fb7397-672b-4299-ac41-723a71166d77-impl-thread1] INFO  server.RaftServer$Division (ServerState.java:close(427)) - 40fb7397-672b-4299-ac41-723a71166d77@group-844C2F4FE16D: applyIndex: 0
2024-04-25 19:25:23,066 [40fb7397-672b-4299-ac41-723a71166d77@group-844C2F4FE16D-cacheEviction-AwaitToRun] INFO  util.AwaitToRun (AwaitToRun.java:run(49)) - 40fb7397-672b-4299-ac41-723a71166d77@group-844C2F4FE16D-cacheEviction-AwaitToRun-AwaitForSignal is interrupted
2024-04-25 19:25:23,064 [abc2c581-a768-4c7c-b49a-008e591603b4@group-844C2F4FE16D-StateMachineUpdater] INFO  impl.StateMachineUpdater (StateMachineUpdater.java:lambda$new$0(98)) - abc2c581-a768-4c7c-b49a-008e591603b4@group-844C2F4FE16D-StateMachineUpdater: snapshotIndex: updateIncreasingly -1 -> 0
2024-04-25 19:25:23,066 [grpc-default-executor-5] INFO  server.GrpcLogAppender (GrpcLogAppender.java:onCompleted(546)) - abc2c581-a768-4c7c-b49a-008e591603b4@group-844C2F4FE16D->959cbd0f-a729-48cd-9832-a6c885e061f0-AppendLogResponseHandler: follower responses appendEntries COMPLETED
2024-04-25 19:25:23,066 [abc2c581-a768-4c7c-b49a-008e591603b4-impl-thread1] INFO  server.RaftServer$Division (ServerState.java:close(427)) - abc2c581-a768-4c7c-b49a-008e591603b4@group-844C2F4FE16D: applyIndex: 0
2024-04-25 19:25:23,066 [abc2c581-a768-4c7c-b49a-008e591603b4@group-844C2F4FE16D-cacheEviction-AwaitToRun] INFO  util.AwaitToRun (AwaitToRun.java:run(49)) - abc2c581-a768-4c7c-b49a-008e591603b4@group-844C2F4FE16D-cacheEviction-AwaitToRun-AwaitForSignal is interrupted
2024-04-25 19:25:23,067 [main] INFO  server.GrpcService (GrpcService.java:closeImpl(311)) - cedf47e1-7aa2-45e6-80d0-c614de566771: shutdown server org.apache.ratis.grpc.server.GrpcClientProtocolService now
2024-04-25 19:25:23,067 [cedf47e1-7aa2-45e6-80d0-c614de566771-impl-thread2] INFO  server.RaftServer$Division (RaftServerImpl.java:lambda$close$3(526)) - cedf47e1-7aa2-45e6-80d0-c614de566771@group-D40257E590A6: shutdown
2024-04-25 19:25:23,067 [cedf47e1-7aa2-45e6-80d0-c614de566771-impl-thread2] INFO  util.JmxRegister (JmxRegister.java:unregister(73)) - Successfully un-registered JMX Bean with object name Ratis:service=RaftServer,group=group-D40257E590A6,id=cedf47e1-7aa2-45e6-80d0-c614de566771
2024-04-25 19:25:23,067 [cedf47e1-7aa2-45e6-80d0-c614de566771-impl-thread2] INFO  impl.RoleInfo (RoleInfo.java:shutdownLeaderState(94)) - cedf47e1-7aa2-45e6-80d0-c614de566771: shutdown cedf47e1-7aa2-45e6-80d0-c614de566771@group-D40257E590A6-LeaderStateImpl
2024-04-25 19:25:23,067 [cedf47e1-7aa2-45e6-80d0-c614de566771-impl-thread2] INFO  impl.PendingRequests (PendingRequests.java:sendNotLeaderResponses(289)) - cedf47e1-7aa2-45e6-80d0-c614de566771@group-D40257E590A6-PendingRequests: sendNotLeaderResponses
2024-04-25 19:25:23,068 [cedf47e1-7aa2-45e6-80d0-c614de566771-impl-thread2] INFO  impl.StateMachineUpdater (StateMachineUpdater.java:stopAndJoin(157)) - cedf47e1-7aa2-45e6-80d0-c614de566771@group-D40257E590A6-StateMachineUpdater: set stopIndex = 0
2024-04-25 19:25:23,068 [cedf47e1-7aa2-45e6-80d0-c614de566771@group-D40257E590A6-StateMachineUpdater] INFO  ratis.ContainerStateMachine (ContainerStateMachine.java:takeSnapshot(355)) - group-D40257E590A6: Taking a snapshot at:(t:1, i:0) file /home/runner/work/ozone/ozone/hadoop-ozone/integration-test/target/test-dir/MiniOzoneClusterImpl-d2e81863-a659-4dd2-bdb8-fa97662d499c/ozone-meta/datanode-6/ratis/9dc79712-160a-43a8-a750-d40257e590a6/sm/snapshot.1_0
2024-04-25 19:25:23,068 [cedf47e1-7aa2-45e6-80d0-c614de566771@group-D40257E590A6-StateMachineUpdater] INFO  ratis.ContainerStateMachine (ContainerStateMachine.java:takeSnapshot(366)) - group-D40257E590A6: Finished taking a snapshot at:(t:1, i:0) file:/home/runner/work/ozone/ozone/hadoop-ozone/integration-test/target/test-dir/MiniOzoneClusterImpl-d2e81863-a659-4dd2-bdb8-fa97662d499c/ozone-meta/datanode-6/ratis/9dc79712-160a-43a8-a750-d40257e590a6/sm/snapshot.1_0 took: 0 ms
2024-04-25 19:25:23,069 [cedf47e1-7aa2-45e6-80d0-c614de566771@group-D40257E590A6-StateMachineUpdater] INFO  impl.StateMachineUpdater (StateMachineUpdater.java:takeSnapshot(295)) - cedf47e1-7aa2-45e6-80d0-c614de566771@group-D40257E590A6-StateMachineUpdater: Took a snapshot at index 0
2024-04-25 19:25:23,069 [cedf47e1-7aa2-45e6-80d0-c614de566771@group-D40257E590A6-StateMachineUpdater] INFO  impl.StateMachineUpdater (StateMachineUpdater.java:lambda$new$0(98)) - cedf47e1-7aa2-45e6-80d0-c614de566771@group-D40257E590A6-StateMachineUpdater: snapshotIndex: updateIncreasingly -1 -> 0
2024-04-25 19:25:23,070 [ForkJoinPool.commonPool-worker-3] INFO  server.GrpcService (GrpcService.java:closeImpl(311)) - b2172664-c1c5-4da6-8eba-635cc9cc8385: shutdown server org.apache.ratis.grpc.server.GrpcClientProtocolService now
2024-04-25 19:25:23,070 [cedf47e1-7aa2-45e6-80d0-c614de566771-impl-thread2] INFO  server.RaftServer$Division (ServerState.java:close(427)) - cedf47e1-7aa2-45e6-80d0-c614de566771@group-D40257E590A6: applyIndex: 0
2024-04-25 19:25:23,070 [cedf47e1-7aa2-45e6-80d0-c614de566771@group-D40257E590A6-cacheEviction-AwaitToRun] INFO  util.AwaitToRun (AwaitToRun.java:run(49)) - cedf47e1-7aa2-45e6-80d0-c614de566771@group-D40257E590A6-cacheEviction-AwaitToRun-AwaitForSignal is interrupted
2024-04-25 19:25:23,072 [b2172664-c1c5-4da6-8eba-635cc9cc8385-impl-thread2] INFO  server.RaftServer$Division (RaftServerImpl.java:lambda$close$3(526)) - b2172664-c1c5-4da6-8eba-635cc9cc8385@group-66EBCD3A31E1: shutdown
2024-04-25 19:25:23,072 [b2172664-c1c5-4da6-8eba-635cc9cc8385-impl-thread2] INFO  util.JmxRegister (JmxRegister.java:unregister(73)) - Successfully un-registered JMX Bean with object name Ratis:service=RaftServer,group=group-66EBCD3A31E1,id=b2172664-c1c5-4da6-8eba-635cc9cc8385
2024-04-25 19:25:23,072 [b2172664-c1c5-4da6-8eba-635cc9cc8385-impl-thread2] INFO  impl.RoleInfo (RoleInfo.java:shutdownLeaderState(94)) - b2172664-c1c5-4da6-8eba-635cc9cc8385: shutdown b2172664-c1c5-4da6-8eba-635cc9cc8385@group-66EBCD3A31E1-LeaderStateImpl
2024-04-25 19:25:23,072 [b2172664-c1c5-4da6-8eba-635cc9cc8385-impl-thread2] INFO  impl.PendingRequests (PendingRequests.java:sendNotLeaderResponses(289)) - b2172664-c1c5-4da6-8eba-635cc9cc8385@group-66EBCD3A31E1-PendingRequests: sendNotLeaderResponses
2024-04-25 19:25:23,072 [b2172664-c1c5-4da6-8eba-635cc9cc8385-impl-thread2] INFO  impl.StateMachineUpdater (StateMachineUpdater.java:stopAndJoin(157)) - b2172664-c1c5-4da6-8eba-635cc9cc8385@group-66EBCD3A31E1-StateMachineUpdater: set stopIndex = 0
2024-04-25 19:25:23,072 [b2172664-c1c5-4da6-8eba-635cc9cc8385@group-66EBCD3A31E1-StateMachineUpdater] INFO  ratis.ContainerStateMachine (ContainerStateMachine.java:takeSnapshot(355)) - group-66EBCD3A31E1: Taking a snapshot at:(t:1, i:0) file /home/runner/work/ozone/ozone/hadoop-ozone/integration-test/target/test-dir/MiniOzoneClusterImpl-d2e81863-a659-4dd2-bdb8-fa97662d499c/ozone-meta/datanode-4/ratis/5859b496-42ce-4837-b131-66ebcd3a31e1/sm/snapshot.1_0
2024-04-25 19:25:23,073 [b2172664-c1c5-4da6-8eba-635cc9cc8385@group-66EBCD3A31E1-StateMachineUpdater] INFO  ratis.ContainerStateMachine (ContainerStateMachine.java:takeSnapshot(366)) - group-66EBCD3A31E1: Finished taking a snapshot at:(t:1, i:0) file:/home/runner/work/ozone/ozone/hadoop-ozone/integration-test/target/test-dir/MiniOzoneClusterImpl-d2e81863-a659-4dd2-bdb8-fa97662d499c/ozone-meta/datanode-4/ratis/5859b496-42ce-4837-b131-66ebcd3a31e1/sm/snapshot.1_0 took: 1 ms
2024-04-25 19:25:23,073 [b2172664-c1c5-4da6-8eba-635cc9cc8385@group-66EBCD3A31E1-StateMachineUpdater] INFO  impl.StateMachineUpdater (StateMachineUpdater.java:takeSnapshot(295)) - b2172664-c1c5-4da6-8eba-635cc9cc8385@group-66EBCD3A31E1-StateMachineUpdater: Took a snapshot at index 0
2024-04-25 19:25:23,073 [b2172664-c1c5-4da6-8eba-635cc9cc8385@group-66EBCD3A31E1-StateMachineUpdater] INFO  impl.StateMachineUpdater (StateMachineUpdater.java:lambda$new$0(98)) - b2172664-c1c5-4da6-8eba-635cc9cc8385@group-66EBCD3A31E1-StateMachineUpdater: snapshotIndex: updateIncreasingly -1 -> 0
2024-04-25 19:25:23,073 [b2172664-c1c5-4da6-8eba-635cc9cc8385-impl-thread2] INFO  server.RaftServer$Division (ServerState.java:close(427)) - b2172664-c1c5-4da6-8eba-635cc9cc8385@group-66EBCD3A31E1: applyIndex: 0
2024-04-25 19:25:23,073 [b2172664-c1c5-4da6-8eba-635cc9cc8385@group-66EBCD3A31E1-cacheEviction-AwaitToRun] INFO  util.AwaitToRun (AwaitToRun.java:run(49)) - b2172664-c1c5-4da6-8eba-635cc9cc8385@group-66EBCD3A31E1-cacheEviction-AwaitToRun-AwaitForSignal is interrupted
2024-04-25 19:25:23,080 [ForkJoinPool.commonPool-worker-2] INFO  server.GrpcService (GrpcService.java:closeImpl(311)) - abc2c581-a768-4c7c-b49a-008e591603b4: shutdown server org.apache.ratis.grpc.server.GrpcClientProtocolService now
2024-04-25 19:25:23,080 [abc2c581-a768-4c7c-b49a-008e591603b4-impl-thread2] INFO  server.RaftServer$Division (RaftServerImpl.java:lambda$close$3(526)) - abc2c581-a768-4c7c-b49a-008e591603b4@group-3C27FF26CFA9: shutdown
2024-04-25 19:25:23,080 [abc2c581-a768-4c7c-b49a-008e591603b4-impl-thread2] INFO  util.JmxRegister (JmxRegister.java:unregister(73)) - Successfully un-registered JMX Bean with object name Ratis:service=RaftServer,group=group-3C27FF26CFA9,id=abc2c581-a768-4c7c-b49a-008e591603b4
2024-04-25 19:25:23,080 [abc2c581-a768-4c7c-b49a-008e591603b4-impl-thread2] INFO  impl.RoleInfo (RoleInfo.java:shutdownLeaderState(94)) - abc2c581-a768-4c7c-b49a-008e591603b4: shutdown abc2c581-a768-4c7c-b49a-008e591603b4@group-3C27FF26CFA9-LeaderStateImpl
2024-04-25 19:25:23,080 [abc2c581-a768-4c7c-b49a-008e591603b4-impl-thread2] INFO  impl.PendingRequests (PendingRequests.java:sendNotLeaderResponses(289)) - abc2c581-a768-4c7c-b49a-008e591603b4@group-3C27FF26CFA9-PendingRequests: sendNotLeaderResponses
2024-04-25 19:25:23,081 [ForkJoinPool.commonPool-worker-4] INFO  server.GrpcService (GrpcService.java:closeImpl(311)) - 40fb7397-672b-4299-ac41-723a71166d77: shutdown server org.apache.ratis.grpc.server.GrpcClientProtocolService now
2024-04-25 19:25:23,081 [abc2c581-a768-4c7c-b49a-008e591603b4-impl-thread2] INFO  impl.StateMachineUpdater (StateMachineUpdater.java:stopAndJoin(157)) - abc2c581-a768-4c7c-b49a-008e591603b4@group-3C27FF26CFA9-StateMachineUpdater: set stopIndex = 0
2024-04-25 19:25:23,081 [40fb7397-672b-4299-ac41-723a71166d77-impl-thread2] INFO  server.RaftServer$Division (RaftServerImpl.java:lambda$close$3(526)) - 40fb7397-672b-4299-ac41-723a71166d77@group-72C40C8F5155: shutdown
2024-04-25 19:25:23,081 [abc2c581-a768-4c7c-b49a-008e591603b4@group-3C27FF26CFA9-StateMachineUpdater] INFO  ratis.ContainerStateMachine (ContainerStateMachine.java:takeSnapshot(355)) - group-3C27FF26CFA9: Taking a snapshot at:(t:1, i:0) file /home/runner/work/ozone/ozone/hadoop-ozone/integration-test/target/test-dir/MiniOzoneClusterImpl-d2e81863-a659-4dd2-bdb8-fa97662d499c/ozone-meta/datanode-8/ratis/986ceb3f-2e42-44eb-ac0f-3c27ff26cfa9/sm/snapshot.1_0
2024-04-25 19:25:23,081 [40fb7397-672b-4299-ac41-723a71166d77-impl-thread2] INFO  util.JmxRegister (JmxRegister.java:unregister(73)) - Successfully un-registered JMX Bean with object name Ratis:service=RaftServer,group=group-72C40C8F5155,id=40fb7397-672b-4299-ac41-723a71166d77
2024-04-25 19:25:23,081 [40fb7397-672b-4299-ac41-723a71166d77-impl-thread2] INFO  impl.RoleInfo (RoleInfo.java:shutdownLeaderState(94)) - 40fb7397-672b-4299-ac41-723a71166d77: shutdown 40fb7397-672b-4299-ac41-723a71166d77@group-72C40C8F5155-LeaderStateImpl
2024-04-25 19:25:23,081 [Thread-2245] INFO  server.GrpcServerProtocolClient (GrpcServerProtocolClient.java:close(103)) - abc2c581-a768-4c7c-b49a-008e591603b4 Close channels
2024-04-25 19:25:23,081 [40fb7397-672b-4299-ac41-723a71166d77-impl-thread2] INFO  impl.PendingRequests (PendingRequests.java:sendNotLeaderResponses(289)) - 40fb7397-672b-4299-ac41-723a71166d77@group-72C40C8F5155-PendingRequests: sendNotLeaderResponses
2024-04-25 19:25:23,081 [abc2c581-a768-4c7c-b49a-008e591603b4@group-3C27FF26CFA9-StateMachineUpdater] INFO  ratis.ContainerStateMachine (ContainerStateMachine.java:takeSnapshot(366)) - group-3C27FF26CFA9: Finished taking a snapshot at:(t:1, i:0) file:/home/runner/work/ozone/ozone/hadoop-ozone/integration-test/target/test-dir/MiniOzoneClusterImpl-d2e81863-a659-4dd2-bdb8-fa97662d499c/ozone-meta/datanode-8/ratis/986ceb3f-2e42-44eb-ac0f-3c27ff26cfa9/sm/snapshot.1_0 took: 0 ms
2024-04-25 19:25:23,082 [abc2c581-a768-4c7c-b49a-008e591603b4@group-3C27FF26CFA9-StateMachineUpdater] INFO  impl.StateMachineUpdater (StateMachineUpdater.java:takeSnapshot(295)) - abc2c581-a768-4c7c-b49a-008e591603b4@group-3C27FF26CFA9-StateMachineUpdater: Took a snapshot at index 0
2024-04-25 19:25:23,082 [abc2c581-a768-4c7c-b49a-008e591603b4@group-3C27FF26CFA9-StateMachineUpdater] INFO  impl.StateMachineUpdater (StateMachineUpdater.java:lambda$new$0(98)) - abc2c581-a768-4c7c-b49a-008e591603b4@group-3C27FF26CFA9-StateMachineUpdater: snapshotIndex: updateIncreasingly -1 -> 0
2024-04-25 19:25:23,082 [40fb7397-672b-4299-ac41-723a71166d77-impl-thread2] INFO  impl.StateMachineUpdater (StateMachineUpdater.java:stopAndJoin(157)) - 40fb7397-672b-4299-ac41-723a71166d77@group-72C40C8F5155-StateMachineUpdater: set stopIndex = 0
2024-04-25 19:25:23,082 [abc2c581-a768-4c7c-b49a-008e591603b4-impl-thread2] INFO  server.RaftServer$Division (ServerState.java:close(427)) - abc2c581-a768-4c7c-b49a-008e591603b4@group-3C27FF26CFA9: applyIndex: 0
2024-04-25 19:25:23,082 [Thread-2247] INFO  server.GrpcServerProtocolClient (GrpcServerProtocolClient.java:close(103)) - 959cbd0f-a729-48cd-9832-a6c885e061f0 Close channels
2024-04-25 19:25:23,082 [40fb7397-672b-4299-ac41-723a71166d77@group-72C40C8F5155-StateMachineUpdater] INFO  ratis.ContainerStateMachine (ContainerStateMachine.java:takeSnapshot(355)) - group-72C40C8F5155: Taking a snapshot at:(t:1, i:0) file /home/runner/work/ozone/ozone/hadoop-ozone/integration-test/target/test-dir/MiniOzoneClusterImpl-d2e81863-a659-4dd2-bdb8-fa97662d499c/ozone-meta/datanode-7/ratis/250f584a-d6d4-4830-a033-72c40c8f5155/sm/snapshot.1_0
2024-04-25 19:25:23,082 [abc2c581-a768-4c7c-b49a-008e591603b4@group-3C27FF26CFA9-cacheEviction-AwaitToRun] INFO  util.AwaitToRun (AwaitToRun.java:run(49)) - abc2c581-a768-4c7c-b49a-008e591603b4@group-3C27FF26CFA9-cacheEviction-AwaitToRun-AwaitForSignal is interrupted
2024-04-25 19:25:23,083 [40fb7397-672b-4299-ac41-723a71166d77@group-72C40C8F5155-StateMachineUpdater] INFO  ratis.ContainerStateMachine (ContainerStateMachine.java:takeSnapshot(366)) - group-72C40C8F5155: Finished taking a snapshot at:(t:1, i:0) file:/home/runner/work/ozone/ozone/hadoop-ozone/integration-test/target/test-dir/MiniOzoneClusterImpl-d2e81863-a659-4dd2-bdb8-fa97662d499c/ozone-meta/datanode-7/ratis/250f584a-d6d4-4830-a033-72c40c8f5155/sm/snapshot.1_0 took: 1 ms
2024-04-25 19:25:23,083 [40fb7397-672b-4299-ac41-723a71166d77@group-72C40C8F5155-StateMachineUpdater] INFO  impl.StateMachineUpdater (StateMachineUpdater.java:takeSnapshot(295)) - 40fb7397-672b-4299-ac41-723a71166d77@group-72C40C8F5155-StateMachineUpdater: Took a snapshot at index 0
2024-04-25 19:25:23,083 [40fb7397-672b-4299-ac41-723a71166d77@group-72C40C8F5155-StateMachineUpdater] INFO  impl.StateMachineUpdater (StateMachineUpdater.java:lambda$new$0(98)) - 40fb7397-672b-4299-ac41-723a71166d77@group-72C40C8F5155-StateMachineUpdater: snapshotIndex: updateIncreasingly -1 -> 0
2024-04-25 19:25:23,083 [40fb7397-672b-4299-ac41-723a71166d77-impl-thread2] INFO  server.RaftServer$Division (ServerState.java:close(427)) - 40fb7397-672b-4299-ac41-723a71166d77@group-72C40C8F5155: applyIndex: 0
2024-04-25 19:25:23,083 [40fb7397-672b-4299-ac41-723a71166d77@group-72C40C8F5155-cacheEviction-AwaitToRun] INFO  util.AwaitToRun (AwaitToRun.java:run(49)) - 40fb7397-672b-4299-ac41-723a71166d77@group-72C40C8F5155-cacheEviction-AwaitToRun-AwaitForSignal is interrupted
2024-04-25 19:25:23,083 [ForkJoinPool.commonPool-worker-1] INFO  server.GrpcService (GrpcService.java:closeImpl(320)) - 1d17c780-3c0c-42fc-a5ed-76046c58c935: shutdown server GrpcServerProtocolService successfully
2024-04-25 19:25:23,083 [ForkJoinPool.commonPool-worker-1] INFO  server.GrpcService (GrpcService.java:closeImpl(311)) - 1d17c780-3c0c-42fc-a5ed-76046c58c935: shutdown server org.apache.ratis.grpc.server.GrpcAdminProtocolService now
2024-04-25 19:25:23,083 [ForkJoinPool.commonPool-worker-4] INFO  server.GrpcService (GrpcService.java:closeImpl(320)) - 40fb7397-672b-4299-ac41-723a71166d77: shutdown server org.apache.ratis.grpc.server.GrpcClientProtocolService successfully
2024-04-25 19:25:23,084 [ForkJoinPool.commonPool-worker-4] INFO  server.GrpcService (GrpcService.java:closeImpl(311)) - 40fb7397-672b-4299-ac41-723a71166d77: shutdown server GrpcServerProtocolService now
2024-04-25 19:25:23,084 [Thread-2249] INFO  server.GrpcServerProtocolClient (GrpcServerProtocolClient.java:close(103)) - 959cbd0f-a729-48cd-9832-a6c885e061f0 Close channels
2024-04-25 19:25:23,084 [Thread-2253] INFO  server.GrpcServerProtocolClient (GrpcServerProtocolClient.java:close(103)) - 40fb7397-672b-4299-ac41-723a71166d77 Close channels
2024-04-25 19:25:23,085 [ForkJoinPool.commonPool-worker-2] INFO  server.GrpcService (GrpcService.java:closeImpl(320)) - abc2c581-a768-4c7c-b49a-008e591603b4: shutdown server org.apache.ratis.grpc.server.GrpcClientProtocolService successfully
2024-04-25 19:25:23,085 [ForkJoinPool.commonPool-worker-2] INFO  server.GrpcService (GrpcService.java:closeImpl(311)) - abc2c581-a768-4c7c-b49a-008e591603b4: shutdown server GrpcServerProtocolService now
2024-04-25 19:25:23,086 [ForkJoinPool.commonPool-worker-1] INFO  server.GrpcService (GrpcService.java:closeImpl(320)) - 1d17c780-3c0c-42fc-a5ed-76046c58c935: shutdown server org.apache.ratis.grpc.server.GrpcAdminProtocolService successfully
2024-04-25 19:25:23,086 [main] INFO  server.GrpcService (GrpcService.java:closeImpl(320)) - cedf47e1-7aa2-45e6-80d0-c614de566771: shutdown server org.apache.ratis.grpc.server.GrpcClientProtocolService successfully
2024-04-25 19:25:23,086 [ForkJoinPool.commonPool-worker-2] INFO  server.GrpcService (GrpcService.java:closeImpl(320)) - abc2c581-a768-4c7c-b49a-008e591603b4: shutdown server GrpcServerProtocolService successfully
2024-04-25 19:25:23,087 [ForkJoinPool.commonPool-worker-2] INFO  server.GrpcService (GrpcService.java:closeImpl(311)) - abc2c581-a768-4c7c-b49a-008e591603b4: shutdown server org.apache.ratis.grpc.server.GrpcAdminProtocolService now
2024-04-25 19:25:23,086 [main] INFO  server.GrpcService (GrpcService.java:closeImpl(311)) - cedf47e1-7aa2-45e6-80d0-c614de566771: shutdown server GrpcServerProtocolService now
2024-04-25 19:25:23,088 [grpc-default-executor-4] WARN  server.GrpcServerProtocolService (LogUtils.java:warn(121)) - cedf47e1-7aa2-45e6-80d0-c614de566771: APPEND_ENTRIES onError, lastRequest: null: org.apache.ratis.thirdparty.io.grpc.StatusRuntimeException: CANCELLED: client cancelled
2024-04-25 19:25:23,089 [grpc-default-executor-2] WARN  server.GrpcServerProtocolService (LogUtils.java:warn(121)) - cedf47e1-7aa2-45e6-80d0-c614de566771: APPEND_ENTRIES onError, lastRequest: 957dcc0f-940f-48bb-84e1-bf54d09bb8cf->cedf47e1-7aa2-45e6-80d0-c614de566771#1-t1,previous=(t:0, i:0),leaderCommit=-1,initializing? false,entries: size=1, first=(t:1, i:0), CONFIGURATIONENTRY(current:id: "957dcc0f-940f-48bb-84e1-bf54d09bb8cf"
address: "127.0.0.1:15139"
priority: 1
dataStreamAddress: "127.0.0.1:15140"
clientAddress: "127.0.0.1:15137"
adminAddress: "127.0.0.1:15138"
startupRole: FOLLOWER
,id: "b2172664-c1c5-4da6-8eba-635cc9cc8385"
address: "127.0.0.1:15130"
dataStreamAddress: "127.0.0.1:15131"
clientAddress: "127.0.0.1:15128"
adminAddress: "127.0.0.1:15129"
startupRole: FOLLOWER
,id: "cedf47e1-7aa2-45e6-80d0-c614de566771"
address: "127.0.0.1:15148"
dataStreamAddress: "127.0.0.1:15149"
clientAddress: "127.0.0.1:15146"
adminAddress: "127.0.0.1:15147"
startupRole: FOLLOWER
, old:): org.apache.ratis.thirdparty.io.grpc.StatusRuntimeException: CANCELLED: client cancelled
2024-04-25 19:25:23,088 [grpc-default-executor-5] WARN  server.GrpcLogAppender (LogUtils.java:warn(121)) - 957dcc0f-940f-48bb-84e1-bf54d09bb8cf@group-0A078C4FBAC5->cedf47e1-7aa2-45e6-80d0-c614de566771-AppendLogResponseHandler: Failed appendEntries: org.apache.ratis.thirdparty.io.grpc.StatusRuntimeException: CANCELLED: RST_STREAM closed stream. HTTP/2 error code: CANCEL
2024-04-25 19:25:23,089 [grpc-default-executor-3] WARN  server.GrpcLogAppender (GrpcLogAppender.java:lambda$resetClient$1(217)) - 957dcc0f-940f-48bb-84e1-bf54d09bb8cf@group-0A078C4FBAC5->cedf47e1-7aa2-45e6-80d0-c614de566771-GrpcLogAppender: Follower failed (request=null, errorCount=1); keep nextIndex (1) unchanged and retry.
2024-04-25 19:25:23,096 [ForkJoinPool.commonPool-worker-4] INFO  server.GrpcService (GrpcService.java:closeImpl(320)) - 40fb7397-672b-4299-ac41-723a71166d77: shutdown server GrpcServerProtocolService successfully
2024-04-25 19:25:23,096 [ForkJoinPool.commonPool-worker-4] INFO  server.GrpcService (GrpcService.java:closeImpl(311)) - 40fb7397-672b-4299-ac41-723a71166d77: shutdown server org.apache.ratis.grpc.server.GrpcAdminProtocolService now
2024-04-25 19:25:23,100 [main] INFO  server.GrpcService (GrpcService.java:closeImpl(320)) - cedf47e1-7aa2-45e6-80d0-c614de566771: shutdown server GrpcServerProtocolService successfully
2024-04-25 19:25:23,100 [main] INFO  server.GrpcService (GrpcService.java:closeImpl(311)) - cedf47e1-7aa2-45e6-80d0-c614de566771: shutdown server org.apache.ratis.grpc.server.GrpcAdminProtocolService now
2024-04-25 19:25:23,104 [ForkJoinPool.commonPool-worker-4] INFO  server.GrpcService (GrpcService.java:closeImpl(320)) - 40fb7397-672b-4299-ac41-723a71166d77: shutdown server org.apache.ratis.grpc.server.GrpcAdminProtocolService successfully
2024-04-25 19:25:23,105 [ForkJoinPool.commonPool-worker-2] INFO  server.GrpcService (GrpcService.java:closeImpl(320)) - abc2c581-a768-4c7c-b49a-008e591603b4: shutdown server org.apache.ratis.grpc.server.GrpcAdminProtocolService successfully
2024-04-25 19:25:23,106 [main] INFO  server.GrpcService (GrpcService.java:closeImpl(320)) - cedf47e1-7aa2-45e6-80d0-c614de566771: shutdown server org.apache.ratis.grpc.server.GrpcAdminProtocolService successfully
2024-04-25 19:25:23,108 [ForkJoinPool.commonPool-worker-3] INFO  server.GrpcService (GrpcService.java:closeImpl(320)) - b2172664-c1c5-4da6-8eba-635cc9cc8385: shutdown server org.apache.ratis.grpc.server.GrpcClientProtocolService successfully
2024-04-25 19:25:23,108 [ForkJoinPool.commonPool-worker-3] INFO  server.GrpcService (GrpcService.java:closeImpl(311)) - b2172664-c1c5-4da6-8eba-635cc9cc8385: shutdown server GrpcServerProtocolService now
2024-04-25 19:25:23,108 [grpc-default-executor-5] WARN  server.GrpcLogAppender (LogUtils.java:warn(121)) - 957dcc0f-940f-48bb-84e1-bf54d09bb8cf@group-0A078C4FBAC5->b2172664-c1c5-4da6-8eba-635cc9cc8385-AppendLogResponseHandler: Failed appendEntries: org.apache.ratis.thirdparty.io.grpc.StatusRuntimeException: CANCELLED: RST_STREAM closed stream. HTTP/2 error code: CANCEL
2024-04-25 19:25:23,109 [grpc-default-executor-2] WARN  server.GrpcServerProtocolService (LogUtils.java:warn(121)) - b2172664-c1c5-4da6-8eba-635cc9cc8385: APPEND_ENTRIES onError, lastRequest: null: org.apache.ratis.thirdparty.io.grpc.StatusRuntimeException: CANCELLED: client cancelled
2024-04-25 19:25:23,109 [grpc-default-executor-3] WARN  server.GrpcServerProtocolService (LogUtils.java:warn(121)) - b2172664-c1c5-4da6-8eba-635cc9cc8385: APPEND_ENTRIES onError, lastRequest: 957dcc0f-940f-48bb-84e1-bf54d09bb8cf->b2172664-c1c5-4da6-8eba-635cc9cc8385#1-t1,previous=(t:0, i:0),leaderCommit=-1,initializing? false,entries: size=1, first=(t:1, i:0), CONFIGURATIONENTRY(current:id: "957dcc0f-940f-48bb-84e1-bf54d09bb8cf"
address: "127.0.0.1:15139"
priority: 1
dataStreamAddress: "127.0.0.1:15140"
clientAddress: "127.0.0.1:15137"
adminAddress: "127.0.0.1:15138"
startupRole: FOLLOWER
,id: "b2172664-c1c5-4da6-8eba-635cc9cc8385"
address: "127.0.0.1:15130"
dataStreamAddress: "127.0.0.1:15131"
clientAddress: "127.0.0.1:15128"
adminAddress: "127.0.0.1:15129"
startupRole: FOLLOWER
,id: "cedf47e1-7aa2-45e6-80d0-c614de566771"
address: "127.0.0.1:15148"
dataStreamAddress: "127.0.0.1:15149"
clientAddress: "127.0.0.1:15146"
adminAddress: "127.0.0.1:15147"
startupRole: FOLLOWER
, old:): org.apache.ratis.thirdparty.io.grpc.StatusRuntimeException: CANCELLED: client cancelled
2024-04-25 19:25:23,109 [grpc-default-executor-5] WARN  server.GrpcLogAppender (GrpcLogAppender.java:lambda$resetClient$1(217)) - 957dcc0f-940f-48bb-84e1-bf54d09bb8cf@group-0A078C4FBAC5->b2172664-c1c5-4da6-8eba-635cc9cc8385-GrpcLogAppender: Follower failed (request=null, errorCount=1); keep nextIndex (1) unchanged and retry.
2024-04-25 19:25:23,115 [ForkJoinPool.commonPool-worker-3] INFO  server.GrpcService (GrpcService.java:closeImpl(320)) - b2172664-c1c5-4da6-8eba-635cc9cc8385: shutdown server GrpcServerProtocolService successfully
2024-04-25 19:25:23,115 [ForkJoinPool.commonPool-worker-3] INFO  server.GrpcService (GrpcService.java:closeImpl(311)) - b2172664-c1c5-4da6-8eba-635cc9cc8385: shutdown server org.apache.ratis.grpc.server.GrpcAdminProtocolService now
2024-04-25 19:25:23,120 [ForkJoinPool.commonPool-worker-3] INFO  server.GrpcService (GrpcService.java:closeImpl(320)) - b2172664-c1c5-4da6-8eba-635cc9cc8385: shutdown server org.apache.ratis.grpc.server.GrpcAdminProtocolService successfully
2024-04-25 19:25:23,120 [abc2c581-a768-4c7c-b49a-008e591603b4-NettyServerStreamRpc-bossGroup--thread1] INFO  logging.LoggingHandler (AbstractInternalLogger.java:log(148)) - [id: 0x25b01c75, L:/0.0.0.0:15167] CLOSE
2024-04-25 19:25:23,121 [abc2c581-a768-4c7c-b49a-008e591603b4-NettyServerStreamRpc-bossGroup--thread1] INFO  logging.LoggingHandler (AbstractInternalLogger.java:log(148)) - [id: 0x25b01c75, L:/0.0.0.0:15167] INACTIVE
2024-04-25 19:25:23,121 [abc2c581-a768-4c7c-b49a-008e591603b4-NettyServerStreamRpc-bossGroup--thread1] INFO  logging.LoggingHandler (AbstractInternalLogger.java:log(148)) - [id: 0x25b01c75, L:/0.0.0.0:15167] UNREGISTERED
2024-04-25 19:25:23,124 [1d17c780-3c0c-42fc-a5ed-76046c58c935-NettyServerStreamRpc-bossGroup--thread1] INFO  logging.LoggingHandler (AbstractInternalLogger.java:log(148)) - [id: 0xc800d76a, L:/0.0.0.0:15122] CLOSE
2024-04-25 19:25:23,124 [1d17c780-3c0c-42fc-a5ed-76046c58c935-NettyServerStreamRpc-bossGroup--thread1] INFO  logging.LoggingHandler (AbstractInternalLogger.java:log(148)) - [id: 0xc800d76a, L:/0.0.0.0:15122] INACTIVE
2024-04-25 19:25:23,124 [1d17c780-3c0c-42fc-a5ed-76046c58c935-NettyServerStreamRpc-bossGroup--thread1] INFO  logging.LoggingHandler (AbstractInternalLogger.java:log(148)) - [id: 0xc800d76a, L:/0.0.0.0:15122] UNREGISTERED
2024-04-25 19:25:23,127 [abc2c581-a768-4c7c-b49a-008e591603b4-impl-thread1] INFO  segmented.SegmentedRaftLogWorker (SegmentedRaftLogWorker.java:close(245)) - abc2c581-a768-4c7c-b49a-008e591603b4@group-844C2F4FE16D-SegmentedRaftLogWorker close()
2024-04-25 19:25:23,131 [40fb7397-672b-4299-ac41-723a71166d77-NettyServerStreamRpc-bossGroup--thread1] INFO  logging.LoggingHandler (AbstractInternalLogger.java:log(148)) - [id: 0xc93cc131, L:/0.0.0.0:15158] CLOSE
2024-04-25 19:25:23,131 [40fb7397-672b-4299-ac41-723a71166d77-NettyServerStreamRpc-bossGroup--thread1] INFO  logging.LoggingHandler (AbstractInternalLogger.java:log(148)) - [id: 0xc93cc131, L:/0.0.0.0:15158] INACTIVE
2024-04-25 19:25:23,131 [40fb7397-672b-4299-ac41-723a71166d77-NettyServerStreamRpc-bossGroup--thread1] INFO  logging.LoggingHandler (AbstractInternalLogger.java:log(148)) - [id: 0xc93cc131, L:/0.0.0.0:15158] UNREGISTERED
2024-04-25 19:25:23,134 [cedf47e1-7aa2-45e6-80d0-c614de566771-NettyServerStreamRpc-bossGroup--thread1] INFO  logging.LoggingHandler (AbstractInternalLogger.java:log(148)) - [id: 0xd2419efc, L:/0.0.0.0:15149] CLOSE
2024-04-25 19:25:23,134 [cedf47e1-7aa2-45e6-80d0-c614de566771-NettyServerStreamRpc-bossGroup--thread1] INFO  logging.LoggingHandler (AbstractInternalLogger.java:log(148)) - [id: 0xd2419efc, L:/0.0.0.0:15149] INACTIVE
2024-04-25 19:25:23,134 [cedf47e1-7aa2-45e6-80d0-c614de566771-NettyServerStreamRpc-bossGroup--thread1] INFO  logging.LoggingHandler (AbstractInternalLogger.java:log(148)) - [id: 0xd2419efc, L:/0.0.0.0:15149] UNREGISTERED
2024-04-25 19:25:23,139 [40fb7397-672b-4299-ac41-723a71166d77-impl-thread1] INFO  segmented.SegmentedRaftLogWorker (SegmentedRaftLogWorker.java:close(245)) - 40fb7397-672b-4299-ac41-723a71166d77@group-844C2F4FE16D-SegmentedRaftLogWorker close()
2024-04-25 19:25:23,146 [b2172664-c1c5-4da6-8eba-635cc9cc8385-NettyServerStreamRpc-bossGroup--thread1] INFO  logging.LoggingHandler (AbstractInternalLogger.java:log(148)) - [id: 0x80f90110, L:/0.0.0.0:15131] CLOSE
2024-04-25 19:25:23,146 [b2172664-c1c5-4da6-8eba-635cc9cc8385-NettyServerStreamRpc-bossGroup--thread1] INFO  logging.LoggingHandler (AbstractInternalLogger.java:log(148)) - [id: 0x80f90110, L:/0.0.0.0:15131] INACTIVE
2024-04-25 19:25:23,146 [b2172664-c1c5-4da6-8eba-635cc9cc8385-NettyServerStreamRpc-bossGroup--thread1] INFO  logging.LoggingHandler (AbstractInternalLogger.java:log(148)) - [id: 0x80f90110, L:/0.0.0.0:15131] UNREGISTERED
2024-04-25 19:25:23,179 [abc2c581-a768-4c7c-b49a-008e591603b4-impl-thread2] INFO  segmented.SegmentedRaftLogWorker (SegmentedRaftLogWorker.java:close(245)) - abc2c581-a768-4c7c-b49a-008e591603b4@group-3C27FF26CFA9-SegmentedRaftLogWorker close()
2024-04-25 19:25:23,180 [JvmPauseMonitor20] INFO  util.JvmPauseMonitor (JvmPauseMonitor.java:run(152)) - JvmPauseMonitor-abc2c581-a768-4c7c-b49a-008e591603b4: Stopped
2024-04-25 19:25:23,658 [1d17c780-3c0c-42fc-a5ed-76046c58c935-impl-thread1] INFO  segmented.SegmentedRaftLogWorker (SegmentedRaftLogWorker.java:close(245)) - 1d17c780-3c0c-42fc-a5ed-76046c58c935@group-6E2FF1006568-SegmentedRaftLogWorker close()
2024-04-25 19:25:23,658 [JvmPauseMonitor15] INFO  util.JvmPauseMonitor (JvmPauseMonitor.java:run(152)) - JvmPauseMonitor-1d17c780-3c0c-42fc-a5ed-76046c58c935: Stopped
2024-04-25 19:25:23,735 [b2172664-c1c5-4da6-8eba-635cc9cc8385-impl-thread2] INFO  segmented.SegmentedRaftLogWorker (SegmentedRaftLogWorker.java:close(245)) - b2172664-c1c5-4da6-8eba-635cc9cc8385@group-66EBCD3A31E1-SegmentedRaftLogWorker close()
2024-04-25 19:25:23,837 [cedf47e1-7aa2-45e6-80d0-c614de566771-impl-thread1] INFO  segmented.SegmentedRaftLogWorker (SegmentedRaftLogWorker.java:close(245)) - cedf47e1-7aa2-45e6-80d0-c614de566771@group-0A078C4FBAC5-SegmentedRaftLogWorker close()
2024-04-25 19:25:23,851 [b2172664-c1c5-4da6-8eba-635cc9cc8385-impl-thread1] INFO  segmented.SegmentedRaftLogWorker (SegmentedRaftLogWorker.java:close(245)) - b2172664-c1c5-4da6-8eba-635cc9cc8385@group-0A078C4FBAC5-SegmentedRaftLogWorker close()
2024-04-25 19:25:23,852 [JvmPauseMonitor16] INFO  util.JvmPauseMonitor (JvmPauseMonitor.java:run(152)) - JvmPauseMonitor-b2172664-c1c5-4da6-8eba-635cc9cc8385: Stopped
2024-04-25 19:25:23,946 [cedf47e1-7aa2-45e6-80d0-c614de566771-impl-thread2] INFO  segmented.SegmentedRaftLogWorker (SegmentedRaftLogWorker.java:close(245)) - cedf47e1-7aa2-45e6-80d0-c614de566771@group-D40257E590A6-SegmentedRaftLogWorker close()
2024-04-25 19:25:23,946 [JvmPauseMonitor18] INFO  util.JvmPauseMonitor (JvmPauseMonitor.java:run(152)) - JvmPauseMonitor-cedf47e1-7aa2-45e6-80d0-c614de566771: Stopped
2024-04-25 19:25:24,026 [40fb7397-672b-4299-ac41-723a71166d77-impl-thread2] INFO  segmented.SegmentedRaftLogWorker (SegmentedRaftLogWorker.java:close(245)) - 40fb7397-672b-4299-ac41-723a71166d77@group-72C40C8F5155-SegmentedRaftLogWorker close()
2024-04-25 19:25:24,026 [JvmPauseMonitor19] INFO  util.JvmPauseMonitor (JvmPauseMonitor.java:run(152)) - JvmPauseMonitor-40fb7397-672b-4299-ac41-723a71166d77: Stopped
2024-04-25 19:25:25,182 [ForkJoinPool.commonPool-worker-2] INFO  utils.DatanodeStoreCache (DatanodeStoreCache.java:shutdownCache(116)) - Skip clearing cache in mini cluster mode. Entries left: [/home/runner/work/ozone/ozone/hadoop-ozone/integration-test/target/test-dir/MiniOzoneClusterImpl-d2e81863-a659-4dd2-bdb8-fa97662d499c/ozone-meta/datanode-3/data-0/hdds/d2e81863-a659-4dd2-bdb8-fa97662d499c/DS-8e8ca3bf-4f25-41dc-9238-2166e3bd4f5f/container.db, /home/runner/work/ozone/ozone/hadoop-ozone/integration-test/target/test-dir/MiniOzoneClusterImpl-d2e81863-a659-4dd2-bdb8-fa97662d499c/ozone-meta/datanode-4/data-0/hdds/d2e81863-a659-4dd2-bdb8-fa97662d499c/DS-7927d964-c3b8-4f7b-b624-ba2a50619344/container.db, /home/runner/work/ozone/ozone/hadoop-ozone/integration-test/target/test-dir/MiniOzoneClusterImpl-d2e81863-a659-4dd2-bdb8-fa97662d499c/ozone-meta/datanode-5/data-0/hdds/d2e81863-a659-4dd2-bdb8-fa97662d499c/DS-fb74b653-00ac-49eb-810d-6a22ca4c528f/container.db, /home/runner/work/ozone/ozone/hadoop-ozone/integration-test/target/test-dir/MiniOzoneClusterImpl-d2e81863-a659-4dd2-bdb8-fa97662d499c/ozone-meta/datanode-6/data-0/hdds/d2e81863-a659-4dd2-bdb8-fa97662d499c/DS-95a97b5d-808d-4fbc-bb6b-3cb2e89fd496/container.db, /home/runner/work/ozone/ozone/hadoop-ozone/integration-test/target/test-dir/MiniOzoneClusterImpl-d2e81863-a659-4dd2-bdb8-fa97662d499c/ozone-meta/datanode-7/data-0/hdds/d2e81863-a659-4dd2-bdb8-fa97662d499c/DS-5d316cf3-db81-4a99-b6b0-65728794fd1a/container.db, /home/runner/work/ozone/ozone/hadoop-ozone/integration-test/target/test-dir/MiniOzoneClusterImpl-d2e81863-a659-4dd2-bdb8-fa97662d499c/ozone-meta/datanode-8/data-0/hdds/d2e81863-a659-4dd2-bdb8-fa97662d499c/DS-2dd930ad-a319-45ae-9f52-8581b4782f1b/container.db, /home/runner/work/ozone/ozone/hadoop-ozone/integration-test/target/test-dir/MiniOzoneClusterImpl-d2e81863-a659-4dd2-bdb8-fa97662d499c/ozone-meta/datanode-9/data-0/hdds/d2e81863-a659-4dd2-bdb8-fa97662d499c/DS-1ac8abeb-8ac9-4fd1-9900-a1b38005f65c/container.db]
2024-04-25 19:25:25,183 [ForkJoinPool.commonPool-worker-2] INFO  utils.DatanodeStoreCache (DatanodeStoreCache.java:removeDB(110)) - Removed db /home/runner/work/ozone/ozone/hadoop-ozone/integration-test/target/test-dir/MiniOzoneClusterImpl-d2e81863-a659-4dd2-bdb8-fa97662d499c/ozone-meta/datanode-8/data-0/hdds/d2e81863-a659-4dd2-bdb8-fa97662d499c/DS-2dd930ad-a319-45ae-9f52-8581b4782f1b/container.db from cache
2024-04-25 19:25:25,183 [ForkJoinPool.commonPool-worker-2] INFO  volume.HddsVolume (HddsVolume.java:closeDbStore(470)) - SchemaV3 db is stopped at /home/runner/work/ozone/ozone/hadoop-ozone/integration-test/target/test-dir/MiniOzoneClusterImpl-d2e81863-a659-4dd2-bdb8-fa97662d499c/ozone-meta/datanode-8/data-0/hdds/d2e81863-a659-4dd2-bdb8-fa97662d499c/DS-2dd930ad-a319-45ae-9f52-8581b4782f1b/container.db for volume DS-2dd930ad-a319-45ae-9f52-8581b4782f1b
2024-04-25 19:25:25,183 [ForkJoinPool.commonPool-worker-2] INFO  utils.BackgroundService (BackgroundService.java:shutdown(160)) - Shutting down service BlockDeletingService
2024-04-25 19:25:25,184 [ForkJoinPool.commonPool-worker-2] INFO  utils.BackgroundService (BackgroundService.java:shutdown(160)) - Shutting down service StaleRecoveringContainerScrubbingService
2024-04-25 19:25:25,184 [ForkJoinPool.commonPool-worker-2] INFO  statemachine.DatanodeStateMachine (DatanodeStateMachine.java:stopDaemon(638)) - Ozone container server stopped.
2024-04-25 19:25:25,184 [ForkJoinPool.commonPool-worker-2] INFO  handler.ContextHandler (ContextHandler.java:doStop(1159)) - Stopped o.e.j.w.WebAppContext@9aa9e4a{hddsDatanode,/,null,STOPPED}{file:/home/runner/work/ozone/ozone/hadoop-hdds/container-service/target/classes/webapps/hddsDatanode}
2024-04-25 19:25:25,185 [ForkJoinPool.commonPool-worker-2] INFO  server.AbstractConnector (AbstractConnector.java:doStop(383)) - Stopped ServerConnector@3fcd5561{HTTP/1.1, (http/1.1)}{0.0.0.0:15161}
2024-04-25 19:25:25,185 [ForkJoinPool.commonPool-worker-2] INFO  server.session (HouseKeeper.java:stopScavenging(149)) - node0 Stopped scavenging
2024-04-25 19:25:25,185 [ForkJoinPool.commonPool-worker-2] INFO  handler.ContextHandler (ContextHandler.java:doStop(1159)) - Stopped o.e.j.s.ServletContextHandler@16de7a51{static,/static,file:///home/runner/work/ozone/ozone/hadoop-hdds/container-service/target/classes/webapps/static,STOPPED}
2024-04-25 19:25:25,185 [ForkJoinPool.commonPool-worker-2] INFO  handler.ContextHandler (ContextHandler.java:doStop(1159)) - Stopped o.e.j.s.ServletContextHandler@45a9dc8e{logs,/logs,file:///home/runner/work/ozone/ozone/hadoop-ozone/integration-test/target/log,STOPPED}
2024-04-25 19:25:25,186 [ForkJoinPool.commonPool-worker-2] INFO  ozone.HddsDatanodeClientProtocolServer (HddsDatanodeClientProtocolServer.java:stop(83)) - Stopping the RPC server for Client Protocol
2024-04-25 19:25:25,186 [ForkJoinPool.commonPool-worker-2] INFO  ipc.Server (Server.java:stop(3523)) - Stopping server on 15162
2024-04-25 19:25:25,186 [IPC Server listener on 15162] INFO  ipc.Server (Server.java:run(1434)) - Stopping IPC Server listener on 15162
2024-04-25 19:25:25,186 [IPC Server Responder] INFO  ipc.Server (Server.java:run(1567)) - Stopping IPC Server Responder
2024-04-25 19:25:25,188 [ForkJoinPool.commonPool-worker-2] INFO  ozoneimpl.OzoneContainer (OzoneContainer.java:stop(481)) - Attempting to stop container services.
2024-04-25 19:25:25,188 [ContainerMetadataScanner] WARN  ozoneimpl.AbstractBackgroundContainerScanner (AbstractBackgroundContainerScanner.java:handleRemainingSleep(134)) - Background container scan was interrupted.
2024-04-25 19:25:25,188 [ContainerMetadataScanner] INFO  ozoneimpl.AbstractBackgroundContainerScanner (AbstractBackgroundContainerScanner.java:run(61)) - Thread[ContainerMetadataScanner,5,main] exiting.
2024-04-25 19:25:25,188 [ForkJoinPool.commonPool-worker-2] INFO  ozoneimpl.BackgroundContainerDataScanner (BackgroundContainerDataScanner.java:shutdown(141)) - ContainerDataScanner(/home/runner/work/ozone/ozone/hadoop-ozone/integration-test/target/test-dir/MiniOzoneClusterImpl-d2e81863-a659-4dd2-bdb8-fa97662d499c/ozone-meta/datanode-9/data-0/hdds) is shutting down. 
2024-04-25 19:25:25,188 [ContainerDataScanner(/home/runner/work/ozone/ozone/hadoop-ozone/integration-test/target/test-dir/MiniOzoneClusterImpl-d2e81863-a659-4dd2-bdb8-fa97662d499c/ozone-meta/datanode-9/data-0/hdds)] WARN  ozoneimpl.AbstractBackgroundContainerScanner (AbstractBackgroundContainerScanner.java:handleRemainingSleep(134)) - Background container scan was interrupted.
2024-04-25 19:25:25,188 [ContainerDataScanner(/home/runner/work/ozone/ozone/hadoop-ozone/integration-test/target/test-dir/MiniOzoneClusterImpl-d2e81863-a659-4dd2-bdb8-fa97662d499c/ozone-meta/datanode-9/data-0/hdds)] INFO  ozoneimpl.AbstractBackgroundContainerScanner (AbstractBackgroundContainerScanner.java:run(61)) - ContainerDataScanner(/home/runner/work/ozone/ozone/hadoop-ozone/integration-test/target/test-dir/MiniOzoneClusterImpl-d2e81863-a659-4dd2-bdb8-fa97662d499c/ozone-meta/datanode-9/data-0/hdds, DS-1ac8abeb-8ac9-4fd1-9900-a1b38005f65c) exiting.
2024-04-25 19:25:25,189 [ForkJoinPool.commonPool-worker-2] INFO  server.RaftServer (RaftServerProxy.java:lambda$close$9(416)) - 959cbd0f-a729-48cd-9832-a6c885e061f0: close
2024-04-25 19:25:25,189 [959cbd0f-a729-48cd-9832-a6c885e061f0-impl-thread1] INFO  server.RaftServer$Division (RaftServerImpl.java:lambda$close$3(526)) - 959cbd0f-a729-48cd-9832-a6c885e061f0@group-F292AA58FE4A: shutdown
2024-04-25 19:25:25,189 [959cbd0f-a729-48cd-9832-a6c885e061f0-impl-thread1] INFO  util.JmxRegister (JmxRegister.java:unregister(73)) - Successfully un-registered JMX Bean with object name Ratis:service=RaftServer,group=group-F292AA58FE4A,id=959cbd0f-a729-48cd-9832-a6c885e061f0
2024-04-25 19:25:25,189 [959cbd0f-a729-48cd-9832-a6c885e061f0-impl-thread1] INFO  impl.RoleInfo (RoleInfo.java:shutdownLeaderState(94)) - 959cbd0f-a729-48cd-9832-a6c885e061f0: shutdown 959cbd0f-a729-48cd-9832-a6c885e061f0@group-F292AA58FE4A-LeaderStateImpl
2024-04-25 19:25:25,189 [ForkJoinPool.commonPool-worker-2] INFO  server.GrpcService (GrpcService.java:closeImpl(311)) - 959cbd0f-a729-48cd-9832-a6c885e061f0: shutdown server org.apache.ratis.grpc.server.GrpcClientProtocolService now
2024-04-25 19:25:25,189 [959cbd0f-a729-48cd-9832-a6c885e061f0-impl-thread1] INFO  impl.PendingRequests (PendingRequests.java:sendNotLeaderResponses(289)) - 959cbd0f-a729-48cd-9832-a6c885e061f0@group-F292AA58FE4A-PendingRequests: sendNotLeaderResponses
2024-04-25 19:25:25,189 [959cbd0f-a729-48cd-9832-a6c885e061f0-impl-thread1] INFO  impl.StateMachineUpdater (StateMachineUpdater.java:stopAndJoin(157)) - 959cbd0f-a729-48cd-9832-a6c885e061f0@group-F292AA58FE4A-StateMachineUpdater: set stopIndex = 0
2024-04-25 19:25:25,190 [959cbd0f-a729-48cd-9832-a6c885e061f0@group-F292AA58FE4A-StateMachineUpdater] INFO  ratis.ContainerStateMachine (ContainerStateMachine.java:takeSnapshot(355)) - group-F292AA58FE4A: Taking a snapshot at:(t:1, i:0) file /home/runner/work/ozone/ozone/hadoop-ozone/integration-test/target/test-dir/MiniOzoneClusterImpl-d2e81863-a659-4dd2-bdb8-fa97662d499c/ozone-meta/datanode-9/ratis/6f9b0936-e60c-425d-9d8f-f292aa58fe4a/sm/snapshot.1_0
2024-04-25 19:25:25,190 [ForkJoinPool.commonPool-worker-2] INFO  server.GrpcService (GrpcService.java:closeImpl(320)) - 959cbd0f-a729-48cd-9832-a6c885e061f0: shutdown server org.apache.ratis.grpc.server.GrpcClientProtocolService successfully
2024-04-25 19:25:25,190 [ForkJoinPool.commonPool-worker-2] INFO  server.GrpcService (GrpcService.java:closeImpl(311)) - 959cbd0f-a729-48cd-9832-a6c885e061f0: shutdown server GrpcServerProtocolService now
2024-04-25 19:25:25,190 [959cbd0f-a729-48cd-9832-a6c885e061f0-impl-thread2] INFO  server.RaftServer$Division (RaftServerImpl.java:lambda$close$3(526)) - 959cbd0f-a729-48cd-9832-a6c885e061f0@group-844C2F4FE16D: shutdown
2024-04-25 19:25:25,190 [959cbd0f-a729-48cd-9832-a6c885e061f0-impl-thread2] INFO  util.JmxRegister (JmxRegister.java:unregister(73)) - Successfully un-registered JMX Bean with object name Ratis:service=RaftServer,group=group-844C2F4FE16D,id=959cbd0f-a729-48cd-9832-a6c885e061f0
2024-04-25 19:25:25,190 [959cbd0f-a729-48cd-9832-a6c885e061f0-impl-thread2] INFO  impl.RoleInfo (RoleInfo.java:shutdownFollowerState(110)) - 959cbd0f-a729-48cd-9832-a6c885e061f0: shutdown 959cbd0f-a729-48cd-9832-a6c885e061f0@group-844C2F4FE16D-FollowerState
2024-04-25 19:25:25,190 [ForkJoinPool.commonPool-worker-2] INFO  server.GrpcService (GrpcService.java:closeImpl(320)) - 959cbd0f-a729-48cd-9832-a6c885e061f0: shutdown server GrpcServerProtocolService successfully
2024-04-25 19:25:25,190 [959cbd0f-a729-48cd-9832-a6c885e061f0@group-844C2F4FE16D-FollowerState] INFO  impl.FollowerState (FollowerState.java:run(152)) - 959cbd0f-a729-48cd-9832-a6c885e061f0@group-844C2F4FE16D-FollowerState was interrupted
2024-04-25 19:25:25,190 [ForkJoinPool.commonPool-worker-2] INFO  server.GrpcService (GrpcService.java:closeImpl(311)) - 959cbd0f-a729-48cd-9832-a6c885e061f0: shutdown server org.apache.ratis.grpc.server.GrpcAdminProtocolService now
2024-04-25 19:25:25,191 [959cbd0f-a729-48cd-9832-a6c885e061f0@group-F292AA58FE4A-StateMachineUpdater] INFO  ratis.ContainerStateMachine (ContainerStateMachine.java:takeSnapshot(366)) - group-F292AA58FE4A: Finished taking a snapshot at:(t:1, i:0) file:/home/runner/work/ozone/ozone/hadoop-ozone/integration-test/target/test-dir/MiniOzoneClusterImpl-d2e81863-a659-4dd2-bdb8-fa97662d499c/ozone-meta/datanode-9/ratis/6f9b0936-e60c-425d-9d8f-f292aa58fe4a/sm/snapshot.1_0 took: 1 ms
2024-04-25 19:25:25,191 [959cbd0f-a729-48cd-9832-a6c885e061f0-impl-thread2] INFO  impl.StateMachineUpdater (StateMachineUpdater.java:stopAndJoin(157)) - 959cbd0f-a729-48cd-9832-a6c885e061f0@group-844C2F4FE16D-StateMachineUpdater: set stopIndex = 0
2024-04-25 19:25:25,191 [959cbd0f-a729-48cd-9832-a6c885e061f0@group-844C2F4FE16D-StateMachineUpdater] INFO  ratis.ContainerStateMachine (ContainerStateMachine.java:takeSnapshot(355)) - group-844C2F4FE16D: Taking a snapshot at:(t:1, i:0) file /home/runner/work/ozone/ozone/hadoop-ozone/integration-test/target/test-dir/MiniOzoneClusterImpl-d2e81863-a659-4dd2-bdb8-fa97662d499c/ozone-meta/datanode-9/ratis/065f0003-75ed-4d37-a1b3-844c2f4fe16d/sm/snapshot.1_0
2024-04-25 19:25:25,191 [959cbd0f-a729-48cd-9832-a6c885e061f0@group-F292AA58FE4A-StateMachineUpdater] INFO  impl.StateMachineUpdater (StateMachineUpdater.java:takeSnapshot(295)) - 959cbd0f-a729-48cd-9832-a6c885e061f0@group-F292AA58FE4A-StateMachineUpdater: Took a snapshot at index 0
2024-04-25 19:25:25,191 [959cbd0f-a729-48cd-9832-a6c885e061f0@group-F292AA58FE4A-StateMachineUpdater] INFO  impl.StateMachineUpdater (StateMachineUpdater.java:lambda$new$0(98)) - 959cbd0f-a729-48cd-9832-a6c885e061f0@group-F292AA58FE4A-StateMachineUpdater: snapshotIndex: updateIncreasingly -1 -> 0
2024-04-25 19:25:25,191 [959cbd0f-a729-48cd-9832-a6c885e061f0-impl-thread1] INFO  server.RaftServer$Division (ServerState.java:close(427)) - 959cbd0f-a729-48cd-9832-a6c885e061f0@group-F292AA58FE4A: applyIndex: 0
2024-04-25 19:25:25,191 [959cbd0f-a729-48cd-9832-a6c885e061f0@group-F292AA58FE4A-cacheEviction-AwaitToRun] INFO  util.AwaitToRun (AwaitToRun.java:run(49)) - 959cbd0f-a729-48cd-9832-a6c885e061f0@group-F292AA58FE4A-cacheEviction-AwaitToRun-AwaitForSignal is interrupted
2024-04-25 19:25:25,192 [959cbd0f-a729-48cd-9832-a6c885e061f0@group-844C2F4FE16D-StateMachineUpdater] INFO  ratis.ContainerStateMachine (ContainerStateMachine.java:takeSnapshot(366)) - group-844C2F4FE16D: Finished taking a snapshot at:(t:1, i:0) file:/home/runner/work/ozone/ozone/hadoop-ozone/integration-test/target/test-dir/MiniOzoneClusterImpl-d2e81863-a659-4dd2-bdb8-fa97662d499c/ozone-meta/datanode-9/ratis/065f0003-75ed-4d37-a1b3-844c2f4fe16d/sm/snapshot.1_0 took: 1 ms
2024-04-25 19:25:25,192 [959cbd0f-a729-48cd-9832-a6c885e061f0@group-844C2F4FE16D-StateMachineUpdater] INFO  impl.StateMachineUpdater (StateMachineUpdater.java:takeSnapshot(295)) - 959cbd0f-a729-48cd-9832-a6c885e061f0@group-844C2F4FE16D-StateMachineUpdater: Took a snapshot at index 0
2024-04-25 19:25:25,192 [959cbd0f-a729-48cd-9832-a6c885e061f0@group-844C2F4FE16D-StateMachineUpdater] INFO  impl.StateMachineUpdater (StateMachineUpdater.java:lambda$new$0(98)) - 959cbd0f-a729-48cd-9832-a6c885e061f0@group-844C2F4FE16D-StateMachineUpdater: snapshotIndex: updateIncreasingly -1 -> 0
2024-04-25 19:25:25,192 [ForkJoinPool.commonPool-worker-2] INFO  server.GrpcService (GrpcService.java:closeImpl(320)) - 959cbd0f-a729-48cd-9832-a6c885e061f0: shutdown server org.apache.ratis.grpc.server.GrpcAdminProtocolService successfully
2024-04-25 19:25:25,192 [959cbd0f-a729-48cd-9832-a6c885e061f0-impl-thread2] INFO  server.RaftServer$Division (ServerState.java:close(427)) - 959cbd0f-a729-48cd-9832-a6c885e061f0@group-844C2F4FE16D: applyIndex: 0
2024-04-25 19:25:25,192 [959cbd0f-a729-48cd-9832-a6c885e061f0@group-844C2F4FE16D-cacheEviction-AwaitToRun] INFO  util.AwaitToRun (AwaitToRun.java:run(49)) - 959cbd0f-a729-48cd-9832-a6c885e061f0@group-844C2F4FE16D-cacheEviction-AwaitToRun-AwaitForSignal is interrupted
2024-04-25 19:25:25,195 [959cbd0f-a729-48cd-9832-a6c885e061f0-NettyServerStreamRpc-bossGroup--thread1] INFO  logging.LoggingHandler (AbstractInternalLogger.java:log(148)) - [id: 0x10db8637, L:/0.0.0.0:15176] CLOSE
2024-04-25 19:25:25,195 [959cbd0f-a729-48cd-9832-a6c885e061f0-NettyServerStreamRpc-bossGroup--thread1] INFO  logging.LoggingHandler (AbstractInternalLogger.java:log(148)) - [id: 0x10db8637, L:/0.0.0.0:15176] INACTIVE
2024-04-25 19:25:25,195 [959cbd0f-a729-48cd-9832-a6c885e061f0-NettyServerStreamRpc-bossGroup--thread1] INFO  logging.LoggingHandler (AbstractInternalLogger.java:log(148)) - [id: 0x10db8637, L:/0.0.0.0:15176] UNREGISTERED
2024-04-25 19:25:25,660 [ForkJoinPool.commonPool-worker-1] INFO  utils.DatanodeStoreCache (DatanodeStoreCache.java:shutdownCache(116)) - Skip clearing cache in mini cluster mode. Entries left: [/home/runner/work/ozone/ozone/hadoop-ozone/integration-test/target/test-dir/MiniOzoneClusterImpl-d2e81863-a659-4dd2-bdb8-fa97662d499c/ozone-meta/datanode-3/data-0/hdds/d2e81863-a659-4dd2-bdb8-fa97662d499c/DS-8e8ca3bf-4f25-41dc-9238-2166e3bd4f5f/container.db, /home/runner/work/ozone/ozone/hadoop-ozone/integration-test/target/test-dir/MiniOzoneClusterImpl-d2e81863-a659-4dd2-bdb8-fa97662d499c/ozone-meta/datanode-4/data-0/hdds/d2e81863-a659-4dd2-bdb8-fa97662d499c/DS-7927d964-c3b8-4f7b-b624-ba2a50619344/container.db, /home/runner/work/ozone/ozone/hadoop-ozone/integration-test/target/test-dir/MiniOzoneClusterImpl-d2e81863-a659-4dd2-bdb8-fa97662d499c/ozone-meta/datanode-5/data-0/hdds/d2e81863-a659-4dd2-bdb8-fa97662d499c/DS-fb74b653-00ac-49eb-810d-6a22ca4c528f/container.db, /home/runner/work/ozone/ozone/hadoop-ozone/integration-test/target/test-dir/MiniOzoneClusterImpl-d2e81863-a659-4dd2-bdb8-fa97662d499c/ozone-meta/datanode-6/data-0/hdds/d2e81863-a659-4dd2-bdb8-fa97662d499c/DS-95a97b5d-808d-4fbc-bb6b-3cb2e89fd496/container.db, /home/runner/work/ozone/ozone/hadoop-ozone/integration-test/target/test-dir/MiniOzoneClusterImpl-d2e81863-a659-4dd2-bdb8-fa97662d499c/ozone-meta/datanode-7/data-0/hdds/d2e81863-a659-4dd2-bdb8-fa97662d499c/DS-5d316cf3-db81-4a99-b6b0-65728794fd1a/container.db, /home/runner/work/ozone/ozone/hadoop-ozone/integration-test/target/test-dir/MiniOzoneClusterImpl-d2e81863-a659-4dd2-bdb8-fa97662d499c/ozone-meta/datanode-9/data-0/hdds/d2e81863-a659-4dd2-bdb8-fa97662d499c/DS-1ac8abeb-8ac9-4fd1-9900-a1b38005f65c/container.db]
2024-04-25 19:25:25,661 [ForkJoinPool.commonPool-worker-1] INFO  utils.DatanodeStoreCache (DatanodeStoreCache.java:removeDB(110)) - Removed db /home/runner/work/ozone/ozone/hadoop-ozone/integration-test/target/test-dir/MiniOzoneClusterImpl-d2e81863-a659-4dd2-bdb8-fa97662d499c/ozone-meta/datanode-3/data-0/hdds/d2e81863-a659-4dd2-bdb8-fa97662d499c/DS-8e8ca3bf-4f25-41dc-9238-2166e3bd4f5f/container.db from cache
2024-04-25 19:25:25,661 [ForkJoinPool.commonPool-worker-1] INFO  volume.HddsVolume (HddsVolume.java:closeDbStore(470)) - SchemaV3 db is stopped at /home/runner/work/ozone/ozone/hadoop-ozone/integration-test/target/test-dir/MiniOzoneClusterImpl-d2e81863-a659-4dd2-bdb8-fa97662d499c/ozone-meta/datanode-3/data-0/hdds/d2e81863-a659-4dd2-bdb8-fa97662d499c/DS-8e8ca3bf-4f25-41dc-9238-2166e3bd4f5f/container.db for volume DS-8e8ca3bf-4f25-41dc-9238-2166e3bd4f5f
2024-04-25 19:25:25,661 [ForkJoinPool.commonPool-worker-1] INFO  utils.BackgroundService (BackgroundService.java:shutdown(160)) - Shutting down service BlockDeletingService
2024-04-25 19:25:25,662 [ForkJoinPool.commonPool-worker-1] INFO  utils.BackgroundService (BackgroundService.java:shutdown(160)) - Shutting down service StaleRecoveringContainerScrubbingService
2024-04-25 19:25:25,662 [ForkJoinPool.commonPool-worker-1] INFO  statemachine.DatanodeStateMachine (DatanodeStateMachine.java:stopDaemon(638)) - Ozone container server stopped.
2024-04-25 19:25:25,662 [ForkJoinPool.commonPool-worker-1] INFO  handler.ContextHandler (ContextHandler.java:doStop(1159)) - Stopped o.e.j.w.WebAppContext@6aa4a749{hddsDatanode,/,null,STOPPED}{file:/home/runner/work/ozone/ozone/hadoop-hdds/container-service/target/classes/webapps/hddsDatanode}
2024-04-25 19:25:25,663 [ForkJoinPool.commonPool-worker-1] INFO  server.AbstractConnector (AbstractConnector.java:doStop(383)) - Stopped ServerConnector@46b5b238{HTTP/1.1, (http/1.1)}{0.0.0.0:15116}
2024-04-25 19:25:25,663 [ForkJoinPool.commonPool-worker-1] INFO  server.session (HouseKeeper.java:stopScavenging(149)) - node0 Stopped scavenging
2024-04-25 19:25:25,663 [ForkJoinPool.commonPool-worker-1] INFO  handler.ContextHandler (ContextHandler.java:doStop(1159)) - Stopped o.e.j.s.ServletContextHandler@563d89de{static,/static,file:///home/runner/work/ozone/ozone/hadoop-hdds/container-service/target/classes/webapps/static,STOPPED}
2024-04-25 19:25:25,663 [ForkJoinPool.commonPool-worker-1] INFO  handler.ContextHandler (ContextHandler.java:doStop(1159)) - Stopped o.e.j.s.ServletContextHandler@740639ba{logs,/logs,file:///home/runner/work/ozone/ozone/hadoop-ozone/integration-test/target/log,STOPPED}
2024-04-25 19:25:25,663 [ForkJoinPool.commonPool-worker-1] INFO  ozone.HddsDatanodeClientProtocolServer (HddsDatanodeClientProtocolServer.java:stop(83)) - Stopping the RPC server for Client Protocol
2024-04-25 19:25:25,663 [ForkJoinPool.commonPool-worker-1] INFO  ipc.Server (Server.java:stop(3523)) - Stopping server on 15117
2024-04-25 19:25:25,664 [IPC Server listener on 15117] INFO  ipc.Server (Server.java:run(1434)) - Stopping IPC Server listener on 15117
2024-04-25 19:25:25,664 [IPC Server Responder] INFO  ipc.Server (Server.java:run(1567)) - Stopping IPC Server Responder
2024-04-25 19:25:25,665 [ForkJoinPool.commonPool-worker-1] INFO  ozoneimpl.OzoneContainer (OzoneContainer.java:stop(481)) - Attempting to stop container services.
2024-04-25 19:25:25,665 [ContainerMetadataScanner] WARN  ozoneimpl.AbstractBackgroundContainerScanner (AbstractBackgroundContainerScanner.java:handleRemainingSleep(134)) - Background container scan was interrupted.
2024-04-25 19:25:25,665 [ContainerMetadataScanner] INFO  ozoneimpl.AbstractBackgroundContainerScanner (AbstractBackgroundContainerScanner.java:run(61)) - Thread[ContainerMetadataScanner,5,main] exiting.
2024-04-25 19:25:25,665 [ForkJoinPool.commonPool-worker-1] INFO  ozoneimpl.BackgroundContainerDataScanner (BackgroundContainerDataScanner.java:shutdown(141)) - ContainerDataScanner(/home/runner/work/ozone/ozone/hadoop-ozone/integration-test/target/test-dir/MiniOzoneClusterImpl-d2e81863-a659-4dd2-bdb8-fa97662d499c/ozone-meta/datanode-5/data-0/hdds) is shutting down. 
2024-04-25 19:25:25,666 [ContainerDataScanner(/home/runner/work/ozone/ozone/hadoop-ozone/integration-test/target/test-dir/MiniOzoneClusterImpl-d2e81863-a659-4dd2-bdb8-fa97662d499c/ozone-meta/datanode-5/data-0/hdds)] WARN  ozoneimpl.AbstractBackgroundContainerScanner (AbstractBackgroundContainerScanner.java:handleRemainingSleep(134)) - Background container scan was interrupted.
2024-04-25 19:25:25,666 [ContainerDataScanner(/home/runner/work/ozone/ozone/hadoop-ozone/integration-test/target/test-dir/MiniOzoneClusterImpl-d2e81863-a659-4dd2-bdb8-fa97662d499c/ozone-meta/datanode-5/data-0/hdds)] INFO  ozoneimpl.AbstractBackgroundContainerScanner (AbstractBackgroundContainerScanner.java:run(61)) - ContainerDataScanner(/home/runner/work/ozone/ozone/hadoop-ozone/integration-test/target/test-dir/MiniOzoneClusterImpl-d2e81863-a659-4dd2-bdb8-fa97662d499c/ozone-meta/datanode-5/data-0/hdds, DS-fb74b653-00ac-49eb-810d-6a22ca4c528f) exiting.
2024-04-25 19:25:25,666 [ForkJoinPool.commonPool-worker-1] INFO  server.RaftServer (RaftServerProxy.java:lambda$close$9(416)) - 957dcc0f-940f-48bb-84e1-bf54d09bb8cf: close
2024-04-25 19:25:25,666 [957dcc0f-940f-48bb-84e1-bf54d09bb8cf-impl-thread1] INFO  server.RaftServer$Division (RaftServerImpl.java:lambda$close$3(526)) - 957dcc0f-940f-48bb-84e1-bf54d09bb8cf@group-0A078C4FBAC5: shutdown
2024-04-25 19:25:25,666 [957dcc0f-940f-48bb-84e1-bf54d09bb8cf-impl-thread1] INFO  util.JmxRegister (JmxRegister.java:unregister(73)) - Successfully un-registered JMX Bean with object name Ratis:service=RaftServer,group=group-0A078C4FBAC5,id=957dcc0f-940f-48bb-84e1-bf54d09bb8cf
2024-04-25 19:25:25,666 [957dcc0f-940f-48bb-84e1-bf54d09bb8cf-impl-thread1] INFO  impl.RoleInfo (RoleInfo.java:shutdownLeaderState(94)) - 957dcc0f-940f-48bb-84e1-bf54d09bb8cf: shutdown 957dcc0f-940f-48bb-84e1-bf54d09bb8cf@group-0A078C4FBAC5-LeaderStateImpl
2024-04-25 19:25:25,666 [ForkJoinPool.commonPool-worker-1] INFO  server.GrpcService (GrpcService.java:closeImpl(311)) - 957dcc0f-940f-48bb-84e1-bf54d09bb8cf: shutdown server org.apache.ratis.grpc.server.GrpcClientProtocolService now
2024-04-25 19:25:25,666 [957dcc0f-940f-48bb-84e1-bf54d09bb8cf-impl-thread1] INFO  impl.PendingRequests (PendingRequests.java:sendNotLeaderResponses(289)) - 957dcc0f-940f-48bb-84e1-bf54d09bb8cf@group-0A078C4FBAC5-PendingRequests: sendNotLeaderResponses
2024-04-25 19:25:25,666 [957dcc0f-940f-48bb-84e1-bf54d09bb8cf@group-0A078C4FBAC5->b2172664-c1c5-4da6-8eba-635cc9cc8385-GrpcLogAppender-LogAppenderDaemon] WARN  server.GrpcLogAppender (GrpcLogAppender.java:mayWait(289)) - 957dcc0f-940f-48bb-84e1-bf54d09bb8cf@group-0A078C4FBAC5->b2172664-c1c5-4da6-8eba-635cc9cc8385-GrpcLogAppender: Wait interrupted by java.lang.InterruptedException
2024-04-25 19:25:25,666 [957dcc0f-940f-48bb-84e1-bf54d09bb8cf-impl-thread2] INFO  server.RaftServer$Division (RaftServerImpl.java:lambda$close$3(526)) - 957dcc0f-940f-48bb-84e1-bf54d09bb8cf@group-85D85CF4D242: shutdown
2024-04-25 19:25:25,666 [957dcc0f-940f-48bb-84e1-bf54d09bb8cf-impl-thread2] INFO  util.JmxRegister (JmxRegister.java:unregister(73)) - Successfully un-registered JMX Bean with object name Ratis:service=RaftServer,group=group-85D85CF4D242,id=957dcc0f-940f-48bb-84e1-bf54d09bb8cf
2024-04-25 19:25:25,667 [957dcc0f-940f-48bb-84e1-bf54d09bb8cf-impl-thread2] INFO  impl.RoleInfo (RoleInfo.java:shutdownLeaderState(94)) - 957dcc0f-940f-48bb-84e1-bf54d09bb8cf: shutdown 957dcc0f-940f-48bb-84e1-bf54d09bb8cf@group-85D85CF4D242-LeaderStateImpl
2024-04-25 19:25:25,667 [957dcc0f-940f-48bb-84e1-bf54d09bb8cf-impl-thread2] INFO  impl.PendingRequests (PendingRequests.java:sendNotLeaderResponses(289)) - 957dcc0f-940f-48bb-84e1-bf54d09bb8cf@group-85D85CF4D242-PendingRequests: sendNotLeaderResponses
2024-04-25 19:25:25,667 [957dcc0f-940f-48bb-84e1-bf54d09bb8cf@group-0A078C4FBAC5->cedf47e1-7aa2-45e6-80d0-c614de566771-GrpcLogAppender-LogAppenderDaemon] WARN  server.GrpcLogAppender (GrpcLogAppender.java:mayWait(289)) - 957dcc0f-940f-48bb-84e1-bf54d09bb8cf@group-0A078C4FBAC5->cedf47e1-7aa2-45e6-80d0-c614de566771-GrpcLogAppender: Wait interrupted by java.lang.InterruptedException
2024-04-25 19:25:25,667 [957dcc0f-940f-48bb-84e1-bf54d09bb8cf-impl-thread1] INFO  impl.StateMachineUpdater (StateMachineUpdater.java:stopAndJoin(157)) - 957dcc0f-940f-48bb-84e1-bf54d09bb8cf@group-0A078C4FBAC5-StateMachineUpdater: set stopIndex = 0
2024-04-25 19:25:25,667 [957dcc0f-940f-48bb-84e1-bf54d09bb8cf@group-85D85CF4D242-StateMachineUpdater] INFO  ratis.ContainerStateMachine (ContainerStateMachine.java:takeSnapshot(355)) - group-85D85CF4D242: Taking a snapshot at:(t:1, i:0) file /home/runner/work/ozone/ozone/hadoop-ozone/integration-test/target/test-dir/MiniOzoneClusterImpl-d2e81863-a659-4dd2-bdb8-fa97662d499c/ozone-meta/datanode-5/ratis/42041272-ef04-418d-9a3f-85d85cf4d242/sm/snapshot.1_0
2024-04-25 19:25:25,667 [957dcc0f-940f-48bb-84e1-bf54d09bb8cf-impl-thread2] INFO  impl.StateMachineUpdater (StateMachineUpdater.java:stopAndJoin(157)) - 957dcc0f-940f-48bb-84e1-bf54d09bb8cf@group-85D85CF4D242-StateMachineUpdater: set stopIndex = 0
2024-04-25 19:25:25,667 [957dcc0f-940f-48bb-84e1-bf54d09bb8cf@group-0A078C4FBAC5-StateMachineUpdater] INFO  ratis.ContainerStateMachine (ContainerStateMachine.java:takeSnapshot(355)) - group-0A078C4FBAC5: Taking a snapshot at:(t:1, i:0) file /home/runner/work/ozone/ozone/hadoop-ozone/integration-test/target/test-dir/MiniOzoneClusterImpl-d2e81863-a659-4dd2-bdb8-fa97662d499c/ozone-meta/datanode-5/ratis/50067c24-8fa3-4690-ab5f-0a078c4fbac5/sm/snapshot.1_0
2024-04-25 19:25:25,668 [957dcc0f-940f-48bb-84e1-bf54d09bb8cf@group-85D85CF4D242-StateMachineUpdater] INFO  ratis.ContainerStateMachine (ContainerStateMachine.java:takeSnapshot(366)) - group-85D85CF4D242: Finished taking a snapshot at:(t:1, i:0) file:/home/runner/work/ozone/ozone/hadoop-ozone/integration-test/target/test-dir/MiniOzoneClusterImpl-d2e81863-a659-4dd2-bdb8-fa97662d499c/ozone-meta/datanode-5/ratis/42041272-ef04-418d-9a3f-85d85cf4d242/sm/snapshot.1_0 took: 1 ms
2024-04-25 19:25:25,668 [Thread-2504] INFO  server.GrpcServerProtocolClient (GrpcServerProtocolClient.java:close(103)) - cedf47e1-7aa2-45e6-80d0-c614de566771 Close channels
2024-04-25 19:25:25,668 [957dcc0f-940f-48bb-84e1-bf54d09bb8cf@group-0A078C4FBAC5-StateMachineUpdater] INFO  ratis.ContainerStateMachine (ContainerStateMachine.java:takeSnapshot(366)) - group-0A078C4FBAC5: Finished taking a snapshot at:(t:1, i:0) file:/home/runner/work/ozone/ozone/hadoop-ozone/integration-test/target/test-dir/MiniOzoneClusterImpl-d2e81863-a659-4dd2-bdb8-fa97662d499c/ozone-meta/datanode-5/ratis/50067c24-8fa3-4690-ab5f-0a078c4fbac5/sm/snapshot.1_0 took: 1 ms
2024-04-25 19:25:25,668 [957dcc0f-940f-48bb-84e1-bf54d09bb8cf@group-0A078C4FBAC5-StateMachineUpdater] INFO  impl.StateMachineUpdater (StateMachineUpdater.java:takeSnapshot(295)) - 957dcc0f-940f-48bb-84e1-bf54d09bb8cf@group-0A078C4FBAC5-StateMachineUpdater: Took a snapshot at index 0
2024-04-25 19:25:25,668 [957dcc0f-940f-48bb-84e1-bf54d09bb8cf@group-0A078C4FBAC5-StateMachineUpdater] INFO  impl.StateMachineUpdater (StateMachineUpdater.java:lambda$new$0(98)) - 957dcc0f-940f-48bb-84e1-bf54d09bb8cf@group-0A078C4FBAC5-StateMachineUpdater: snapshotIndex: updateIncreasingly -1 -> 0
2024-04-25 19:25:25,669 [957dcc0f-940f-48bb-84e1-bf54d09bb8cf-impl-thread1] INFO  server.RaftServer$Division (ServerState.java:close(427)) - 957dcc0f-940f-48bb-84e1-bf54d09bb8cf@group-0A078C4FBAC5: applyIndex: 0
2024-04-25 19:25:25,669 [957dcc0f-940f-48bb-84e1-bf54d09bb8cf@group-0A078C4FBAC5-cacheEviction-AwaitToRun] INFO  util.AwaitToRun (AwaitToRun.java:run(49)) - 957dcc0f-940f-48bb-84e1-bf54d09bb8cf@group-0A078C4FBAC5-cacheEviction-AwaitToRun-AwaitForSignal is interrupted
2024-04-25 19:25:25,668 [Thread-2503] INFO  server.GrpcServerProtocolClient (GrpcServerProtocolClient.java:close(103)) - b2172664-c1c5-4da6-8eba-635cc9cc8385 Close channels
2024-04-25 19:25:25,668 [957dcc0f-940f-48bb-84e1-bf54d09bb8cf@group-85D85CF4D242-StateMachineUpdater] INFO  impl.StateMachineUpdater (StateMachineUpdater.java:takeSnapshot(295)) - 957dcc0f-940f-48bb-84e1-bf54d09bb8cf@group-85D85CF4D242-StateMachineUpdater: Took a snapshot at index 0
2024-04-25 19:25:25,669 [957dcc0f-940f-48bb-84e1-bf54d09bb8cf@group-85D85CF4D242-StateMachineUpdater] INFO  impl.StateMachineUpdater (StateMachineUpdater.java:lambda$new$0(98)) - 957dcc0f-940f-48bb-84e1-bf54d09bb8cf@group-85D85CF4D242-StateMachineUpdater: snapshotIndex: updateIncreasingly -1 -> 0
2024-04-25 19:25:25,669 [ForkJoinPool.commonPool-worker-1] INFO  server.GrpcService (GrpcService.java:closeImpl(320)) - 957dcc0f-940f-48bb-84e1-bf54d09bb8cf: shutdown server org.apache.ratis.grpc.server.GrpcClientProtocolService successfully
2024-04-25 19:25:25,669 [ForkJoinPool.commonPool-worker-1] INFO  server.GrpcService (GrpcService.java:closeImpl(311)) - 957dcc0f-940f-48bb-84e1-bf54d09bb8cf: shutdown server GrpcServerProtocolService now
2024-04-25 19:25:25,670 [ForkJoinPool.commonPool-worker-1] INFO  server.GrpcService (GrpcService.java:closeImpl(320)) - 957dcc0f-940f-48bb-84e1-bf54d09bb8cf: shutdown server GrpcServerProtocolService successfully
2024-04-25 19:25:25,670 [ForkJoinPool.commonPool-worker-1] INFO  server.GrpcService (GrpcService.java:closeImpl(311)) - 957dcc0f-940f-48bb-84e1-bf54d09bb8cf: shutdown server org.apache.ratis.grpc.server.GrpcAdminProtocolService now
2024-04-25 19:25:25,670 [957dcc0f-940f-48bb-84e1-bf54d09bb8cf-impl-thread2] INFO  server.RaftServer$Division (ServerState.java:close(427)) - 957dcc0f-940f-48bb-84e1-bf54d09bb8cf@group-85D85CF4D242: applyIndex: 0
2024-04-25 19:25:25,670 [957dcc0f-940f-48bb-84e1-bf54d09bb8cf@group-85D85CF4D242-cacheEviction-AwaitToRun] INFO  util.AwaitToRun (AwaitToRun.java:run(49)) - 957dcc0f-940f-48bb-84e1-bf54d09bb8cf@group-85D85CF4D242-cacheEviction-AwaitToRun-AwaitForSignal is interrupted
2024-04-25 19:25:25,670 [ForkJoinPool.commonPool-worker-1] INFO  server.GrpcService (GrpcService.java:closeImpl(320)) - 957dcc0f-940f-48bb-84e1-bf54d09bb8cf: shutdown server org.apache.ratis.grpc.server.GrpcAdminProtocolService successfully
2024-04-25 19:25:25,673 [957dcc0f-940f-48bb-84e1-bf54d09bb8cf-NettyServerStreamRpc-bossGroup--thread1] INFO  logging.LoggingHandler (AbstractInternalLogger.java:log(148)) - [id: 0x31fa46ad, L:/0.0.0.0:15140] CLOSE
2024-04-25 19:25:25,673 [957dcc0f-940f-48bb-84e1-bf54d09bb8cf-NettyServerStreamRpc-bossGroup--thread1] INFO  logging.LoggingHandler (AbstractInternalLogger.java:log(148)) - [id: 0x31fa46ad, L:/0.0.0.0:15140] INACTIVE
2024-04-25 19:25:25,673 [957dcc0f-940f-48bb-84e1-bf54d09bb8cf-NettyServerStreamRpc-bossGroup--thread1] INFO  logging.LoggingHandler (AbstractInternalLogger.java:log(148)) - [id: 0x31fa46ad, L:/0.0.0.0:15140] UNREGISTERED
2024-04-25 19:25:25,784 [957dcc0f-940f-48bb-84e1-bf54d09bb8cf-impl-thread2] INFO  segmented.SegmentedRaftLogWorker (SegmentedRaftLogWorker.java:close(245)) - 957dcc0f-940f-48bb-84e1-bf54d09bb8cf@group-85D85CF4D242-SegmentedRaftLogWorker close()
2024-04-25 19:25:25,826 [957dcc0f-940f-48bb-84e1-bf54d09bb8cf-impl-thread1] INFO  segmented.SegmentedRaftLogWorker (SegmentedRaftLogWorker.java:close(245)) - 957dcc0f-940f-48bb-84e1-bf54d09bb8cf@group-0A078C4FBAC5-SegmentedRaftLogWorker close()
2024-04-25 19:25:25,826 [JvmPauseMonitor17] INFO  util.JvmPauseMonitor (JvmPauseMonitor.java:run(152)) - JvmPauseMonitor-957dcc0f-940f-48bb-84e1-bf54d09bb8cf: Stopped
2024-04-25 19:25:25,853 [ForkJoinPool.commonPool-worker-3] INFO  utils.DatanodeStoreCache (DatanodeStoreCache.java:shutdownCache(116)) - Skip clearing cache in mini cluster mode. Entries left: [/home/runner/work/ozone/ozone/hadoop-ozone/integration-test/target/test-dir/MiniOzoneClusterImpl-d2e81863-a659-4dd2-bdb8-fa97662d499c/ozone-meta/datanode-4/data-0/hdds/d2e81863-a659-4dd2-bdb8-fa97662d499c/DS-7927d964-c3b8-4f7b-b624-ba2a50619344/container.db, /home/runner/work/ozone/ozone/hadoop-ozone/integration-test/target/test-dir/MiniOzoneClusterImpl-d2e81863-a659-4dd2-bdb8-fa97662d499c/ozone-meta/datanode-5/data-0/hdds/d2e81863-a659-4dd2-bdb8-fa97662d499c/DS-fb74b653-00ac-49eb-810d-6a22ca4c528f/container.db, /home/runner/work/ozone/ozone/hadoop-ozone/integration-test/target/test-dir/MiniOzoneClusterImpl-d2e81863-a659-4dd2-bdb8-fa97662d499c/ozone-meta/datanode-6/data-0/hdds/d2e81863-a659-4dd2-bdb8-fa97662d499c/DS-95a97b5d-808d-4fbc-bb6b-3cb2e89fd496/container.db, /home/runner/work/ozone/ozone/hadoop-ozone/integration-test/target/test-dir/MiniOzoneClusterImpl-d2e81863-a659-4dd2-bdb8-fa97662d499c/ozone-meta/datanode-7/data-0/hdds/d2e81863-a659-4dd2-bdb8-fa97662d499c/DS-5d316cf3-db81-4a99-b6b0-65728794fd1a/container.db, /home/runner/work/ozone/ozone/hadoop-ozone/integration-test/target/test-dir/MiniOzoneClusterImpl-d2e81863-a659-4dd2-bdb8-fa97662d499c/ozone-meta/datanode-9/data-0/hdds/d2e81863-a659-4dd2-bdb8-fa97662d499c/DS-1ac8abeb-8ac9-4fd1-9900-a1b38005f65c/container.db]
2024-04-25 19:25:25,854 [ForkJoinPool.commonPool-worker-3] INFO  utils.DatanodeStoreCache (DatanodeStoreCache.java:removeDB(110)) - Removed db /home/runner/work/ozone/ozone/hadoop-ozone/integration-test/target/test-dir/MiniOzoneClusterImpl-d2e81863-a659-4dd2-bdb8-fa97662d499c/ozone-meta/datanode-4/data-0/hdds/d2e81863-a659-4dd2-bdb8-fa97662d499c/DS-7927d964-c3b8-4f7b-b624-ba2a50619344/container.db from cache
2024-04-25 19:25:25,854 [ForkJoinPool.commonPool-worker-3] INFO  volume.HddsVolume (HddsVolume.java:closeDbStore(470)) - SchemaV3 db is stopped at /home/runner/work/ozone/ozone/hadoop-ozone/integration-test/target/test-dir/MiniOzoneClusterImpl-d2e81863-a659-4dd2-bdb8-fa97662d499c/ozone-meta/datanode-4/data-0/hdds/d2e81863-a659-4dd2-bdb8-fa97662d499c/DS-7927d964-c3b8-4f7b-b624-ba2a50619344/container.db for volume DS-7927d964-c3b8-4f7b-b624-ba2a50619344
2024-04-25 19:25:25,854 [ForkJoinPool.commonPool-worker-3] INFO  utils.BackgroundService (BackgroundService.java:shutdown(160)) - Shutting down service BlockDeletingService
2024-04-25 19:25:25,855 [ForkJoinPool.commonPool-worker-3] INFO  utils.BackgroundService (BackgroundService.java:shutdown(160)) - Shutting down service StaleRecoveringContainerScrubbingService
2024-04-25 19:25:25,855 [ForkJoinPool.commonPool-worker-3] INFO  statemachine.DatanodeStateMachine (DatanodeStateMachine.java:stopDaemon(638)) - Ozone container server stopped.
2024-04-25 19:25:25,855 [ForkJoinPool.commonPool-worker-3] INFO  handler.ContextHandler (ContextHandler.java:doStop(1159)) - Stopped o.e.j.w.WebAppContext@249b8966{hddsDatanode,/,null,STOPPED}{file:/home/runner/work/ozone/ozone/hadoop-hdds/container-service/target/classes/webapps/hddsDatanode}
2024-04-25 19:25:25,856 [ForkJoinPool.commonPool-worker-3] INFO  server.AbstractConnector (AbstractConnector.java:doStop(383)) - Stopped ServerConnector@71139676{HTTP/1.1, (http/1.1)}{0.0.0.0:15125}
2024-04-25 19:25:25,856 [ForkJoinPool.commonPool-worker-3] INFO  server.session (HouseKeeper.java:stopScavenging(149)) - node0 Stopped scavenging
2024-04-25 19:25:25,856 [ForkJoinPool.commonPool-worker-3] INFO  handler.ContextHandler (ContextHandler.java:doStop(1159)) - Stopped o.e.j.s.ServletContextHandler@7c03a3f5{static,/static,file:///home/runner/work/ozone/ozone/hadoop-hdds/container-service/target/classes/webapps/static,STOPPED}
2024-04-25 19:25:25,856 [ForkJoinPool.commonPool-worker-3] INFO  handler.ContextHandler (ContextHandler.java:doStop(1159)) - Stopped o.e.j.s.ServletContextHandler@7bd6393d{logs,/logs,file:///home/runner/work/ozone/ozone/hadoop-ozone/integration-test/target/log,STOPPED}
2024-04-25 19:25:25,856 [ForkJoinPool.commonPool-worker-3] INFO  ozone.HddsDatanodeClientProtocolServer (HddsDatanodeClientProtocolServer.java:stop(83)) - Stopping the RPC server for Client Protocol
2024-04-25 19:25:25,856 [ForkJoinPool.commonPool-worker-3] INFO  ipc.Server (Server.java:stop(3523)) - Stopping server on 15126
2024-04-25 19:25:25,856 [IPC Server Responder] INFO  ipc.Server (Server.java:run(1567)) - Stopping IPC Server Responder
2024-04-25 19:25:25,856 [IPC Server listener on 15126] INFO  ipc.Server (Server.java:run(1434)) - Stopping IPC Server listener on 15126
2024-04-25 19:25:25,948 [main] INFO  utils.DatanodeStoreCache (DatanodeStoreCache.java:shutdownCache(116)) - Skip clearing cache in mini cluster mode. Entries left: [/home/runner/work/ozone/ozone/hadoop-ozone/integration-test/target/test-dir/MiniOzoneClusterImpl-d2e81863-a659-4dd2-bdb8-fa97662d499c/ozone-meta/datanode-5/data-0/hdds/d2e81863-a659-4dd2-bdb8-fa97662d499c/DS-fb74b653-00ac-49eb-810d-6a22ca4c528f/container.db, /home/runner/work/ozone/ozone/hadoop-ozone/integration-test/target/test-dir/MiniOzoneClusterImpl-d2e81863-a659-4dd2-bdb8-fa97662d499c/ozone-meta/datanode-6/data-0/hdds/d2e81863-a659-4dd2-bdb8-fa97662d499c/DS-95a97b5d-808d-4fbc-bb6b-3cb2e89fd496/container.db, /home/runner/work/ozone/ozone/hadoop-ozone/integration-test/target/test-dir/MiniOzoneClusterImpl-d2e81863-a659-4dd2-bdb8-fa97662d499c/ozone-meta/datanode-7/data-0/hdds/d2e81863-a659-4dd2-bdb8-fa97662d499c/DS-5d316cf3-db81-4a99-b6b0-65728794fd1a/container.db, /home/runner/work/ozone/ozone/hadoop-ozone/integration-test/target/test-dir/MiniOzoneClusterImpl-d2e81863-a659-4dd2-bdb8-fa97662d499c/ozone-meta/datanode-9/data-0/hdds/d2e81863-a659-4dd2-bdb8-fa97662d499c/DS-1ac8abeb-8ac9-4fd1-9900-a1b38005f65c/container.db]
2024-04-25 19:25:25,949 [main] INFO  utils.DatanodeStoreCache (DatanodeStoreCache.java:removeDB(110)) - Removed db /home/runner/work/ozone/ozone/hadoop-ozone/integration-test/target/test-dir/MiniOzoneClusterImpl-d2e81863-a659-4dd2-bdb8-fa97662d499c/ozone-meta/datanode-6/data-0/hdds/d2e81863-a659-4dd2-bdb8-fa97662d499c/DS-95a97b5d-808d-4fbc-bb6b-3cb2e89fd496/container.db from cache
2024-04-25 19:25:25,949 [main] INFO  volume.HddsVolume (HddsVolume.java:closeDbStore(470)) - SchemaV3 db is stopped at /home/runner/work/ozone/ozone/hadoop-ozone/integration-test/target/test-dir/MiniOzoneClusterImpl-d2e81863-a659-4dd2-bdb8-fa97662d499c/ozone-meta/datanode-6/data-0/hdds/d2e81863-a659-4dd2-bdb8-fa97662d499c/DS-95a97b5d-808d-4fbc-bb6b-3cb2e89fd496/container.db for volume DS-95a97b5d-808d-4fbc-bb6b-3cb2e89fd496
2024-04-25 19:25:25,949 [main] INFO  utils.BackgroundService (BackgroundService.java:shutdown(160)) - Shutting down service BlockDeletingService
2024-04-25 19:25:25,949 [main] INFO  utils.BackgroundService (BackgroundService.java:shutdown(160)) - Shutting down service StaleRecoveringContainerScrubbingService
2024-04-25 19:25:25,950 [main] INFO  statemachine.DatanodeStateMachine (DatanodeStateMachine.java:stopDaemon(638)) - Ozone container server stopped.
2024-04-25 19:25:25,950 [main] INFO  handler.ContextHandler (ContextHandler.java:doStop(1159)) - Stopped o.e.j.w.WebAppContext@3f6edaf8{hddsDatanode,/,null,STOPPED}{file:/home/runner/work/ozone/ozone/hadoop-hdds/container-service/target/classes/webapps/hddsDatanode}
2024-04-25 19:25:25,951 [main] INFO  server.AbstractConnector (AbstractConnector.java:doStop(383)) - Stopped ServerConnector@532a48d4{HTTP/1.1, (http/1.1)}{0.0.0.0:15143}
2024-04-25 19:25:25,951 [main] INFO  server.session (HouseKeeper.java:stopScavenging(149)) - node0 Stopped scavenging
2024-04-25 19:25:25,951 [main] INFO  handler.ContextHandler (ContextHandler.java:doStop(1159)) - Stopped o.e.j.s.ServletContextHandler@4a182dea{static,/static,file:///home/runner/work/ozone/ozone/hadoop-hdds/container-service/target/classes/webapps/static,STOPPED}
2024-04-25 19:25:25,951 [main] INFO  handler.ContextHandler (ContextHandler.java:doStop(1159)) - Stopped o.e.j.s.ServletContextHandler@782cd00{logs,/logs,file:///home/runner/work/ozone/ozone/hadoop-ozone/integration-test/target/log,STOPPED}
2024-04-25 19:25:25,952 [main] INFO  ozone.HddsDatanodeClientProtocolServer (HddsDatanodeClientProtocolServer.java:stop(83)) - Stopping the RPC server for Client Protocol
2024-04-25 19:25:25,952 [main] INFO  ipc.Server (Server.java:stop(3523)) - Stopping server on 15144
2024-04-25 19:25:25,956 [IPC Server Responder] INFO  ipc.Server (Server.java:run(1567)) - Stopping IPC Server Responder
2024-04-25 19:25:25,956 [IPC Server listener on 15144] INFO  ipc.Server (Server.java:run(1434)) - Stopping IPC Server listener on 15144
2024-04-25 19:25:26,029 [ForkJoinPool.commonPool-worker-4] INFO  utils.DatanodeStoreCache (DatanodeStoreCache.java:shutdownCache(116)) - Skip clearing cache in mini cluster mode. Entries left: [/home/runner/work/ozone/ozone/hadoop-ozone/integration-test/target/test-dir/MiniOzoneClusterImpl-d2e81863-a659-4dd2-bdb8-fa97662d499c/ozone-meta/datanode-5/data-0/hdds/d2e81863-a659-4dd2-bdb8-fa97662d499c/DS-fb74b653-00ac-49eb-810d-6a22ca4c528f/container.db, /home/runner/work/ozone/ozone/hadoop-ozone/integration-test/target/test-dir/MiniOzoneClusterImpl-d2e81863-a659-4dd2-bdb8-fa97662d499c/ozone-meta/datanode-7/data-0/hdds/d2e81863-a659-4dd2-bdb8-fa97662d499c/DS-5d316cf3-db81-4a99-b6b0-65728794fd1a/container.db, /home/runner/work/ozone/ozone/hadoop-ozone/integration-test/target/test-dir/MiniOzoneClusterImpl-d2e81863-a659-4dd2-bdb8-fa97662d499c/ozone-meta/datanode-9/data-0/hdds/d2e81863-a659-4dd2-bdb8-fa97662d499c/DS-1ac8abeb-8ac9-4fd1-9900-a1b38005f65c/container.db]
2024-04-25 19:25:26,030 [ForkJoinPool.commonPool-worker-4] INFO  utils.DatanodeStoreCache (DatanodeStoreCache.java:removeDB(110)) - Removed db /home/runner/work/ozone/ozone/hadoop-ozone/integration-test/target/test-dir/MiniOzoneClusterImpl-d2e81863-a659-4dd2-bdb8-fa97662d499c/ozone-meta/datanode-7/data-0/hdds/d2e81863-a659-4dd2-bdb8-fa97662d499c/DS-5d316cf3-db81-4a99-b6b0-65728794fd1a/container.db from cache
2024-04-25 19:25:26,030 [ForkJoinPool.commonPool-worker-4] INFO  volume.HddsVolume (HddsVolume.java:closeDbStore(470)) - SchemaV3 db is stopped at /home/runner/work/ozone/ozone/hadoop-ozone/integration-test/target/test-dir/MiniOzoneClusterImpl-d2e81863-a659-4dd2-bdb8-fa97662d499c/ozone-meta/datanode-7/data-0/hdds/d2e81863-a659-4dd2-bdb8-fa97662d499c/DS-5d316cf3-db81-4a99-b6b0-65728794fd1a/container.db for volume DS-5d316cf3-db81-4a99-b6b0-65728794fd1a
2024-04-25 19:25:26,030 [ForkJoinPool.commonPool-worker-4] INFO  utils.BackgroundService (BackgroundService.java:shutdown(160)) - Shutting down service BlockDeletingService
2024-04-25 19:25:26,030 [ForkJoinPool.commonPool-worker-4] INFO  utils.BackgroundService (BackgroundService.java:shutdown(160)) - Shutting down service StaleRecoveringContainerScrubbingService
2024-04-25 19:25:26,030 [ForkJoinPool.commonPool-worker-4] INFO  statemachine.DatanodeStateMachine (DatanodeStateMachine.java:stopDaemon(638)) - Ozone container server stopped.
2024-04-25 19:25:26,031 [ForkJoinPool.commonPool-worker-4] INFO  handler.ContextHandler (ContextHandler.java:doStop(1159)) - Stopped o.e.j.w.WebAppContext@238ef0cc{hddsDatanode,/,null,STOPPED}{file:/home/runner/work/ozone/ozone/hadoop-hdds/container-service/target/classes/webapps/hddsDatanode}
2024-04-25 19:25:26,031 [ForkJoinPool.commonPool-worker-4] INFO  server.AbstractConnector (AbstractConnector.java:doStop(383)) - Stopped ServerConnector@2229079d{HTTP/1.1, (http/1.1)}{0.0.0.0:15152}
2024-04-25 19:25:26,031 [ForkJoinPool.commonPool-worker-4] INFO  server.session (HouseKeeper.java:stopScavenging(149)) - node0 Stopped scavenging
2024-04-25 19:25:26,031 [ForkJoinPool.commonPool-worker-4] INFO  handler.ContextHandler (ContextHandler.java:doStop(1159)) - Stopped o.e.j.s.ServletContextHandler@2161cc6f{static,/static,file:///home/runner/work/ozone/ozone/hadoop-hdds/container-service/target/classes/webapps/static,STOPPED}
2024-04-25 19:25:26,032 [ForkJoinPool.commonPool-worker-4] INFO  handler.ContextHandler (ContextHandler.java:doStop(1159)) - Stopped o.e.j.s.ServletContextHandler@6577771{logs,/logs,file:///home/runner/work/ozone/ozone/hadoop-ozone/integration-test/target/log,STOPPED}
2024-04-25 19:25:26,032 [ForkJoinPool.commonPool-worker-4] INFO  ozone.HddsDatanodeClientProtocolServer (HddsDatanodeClientProtocolServer.java:stop(83)) - Stopping the RPC server for Client Protocol
2024-04-25 19:25:26,032 [ForkJoinPool.commonPool-worker-4] INFO  ipc.Server (Server.java:stop(3523)) - Stopping server on 15153
2024-04-25 19:25:26,032 [IPC Server Responder] INFO  ipc.Server (Server.java:run(1567)) - Stopping IPC Server Responder
2024-04-25 19:25:26,033 [IPC Server listener on 15153] INFO  ipc.Server (Server.java:run(1434)) - Stopping IPC Server listener on 15153
2024-04-25 19:25:26,116 [959cbd0f-a729-48cd-9832-a6c885e061f0-impl-thread1] INFO  segmented.SegmentedRaftLogWorker (SegmentedRaftLogWorker.java:close(245)) - 959cbd0f-a729-48cd-9832-a6c885e061f0@group-F292AA58FE4A-SegmentedRaftLogWorker close()
2024-04-25 19:25:26,139 [959cbd0f-a729-48cd-9832-a6c885e061f0-impl-thread2] INFO  segmented.SegmentedRaftLogWorker (SegmentedRaftLogWorker.java:close(245)) - 959cbd0f-a729-48cd-9832-a6c885e061f0@group-844C2F4FE16D-SegmentedRaftLogWorker close()
2024-04-25 19:25:26,139 [JvmPauseMonitor21] INFO  util.JvmPauseMonitor (JvmPauseMonitor.java:run(152)) - JvmPauseMonitor-959cbd0f-a729-48cd-9832-a6c885e061f0: Stopped
2024-04-25 19:25:27,828 [ForkJoinPool.commonPool-worker-1] INFO  utils.DatanodeStoreCache (DatanodeStoreCache.java:shutdownCache(116)) - Skip clearing cache in mini cluster mode. Entries left: [/home/runner/work/ozone/ozone/hadoop-ozone/integration-test/target/test-dir/MiniOzoneClusterImpl-d2e81863-a659-4dd2-bdb8-fa97662d499c/ozone-meta/datanode-5/data-0/hdds/d2e81863-a659-4dd2-bdb8-fa97662d499c/DS-fb74b653-00ac-49eb-810d-6a22ca4c528f/container.db, /home/runner/work/ozone/ozone/hadoop-ozone/integration-test/target/test-dir/MiniOzoneClusterImpl-d2e81863-a659-4dd2-bdb8-fa97662d499c/ozone-meta/datanode-9/data-0/hdds/d2e81863-a659-4dd2-bdb8-fa97662d499c/DS-1ac8abeb-8ac9-4fd1-9900-a1b38005f65c/container.db]
2024-04-25 19:25:27,829 [ForkJoinPool.commonPool-worker-1] INFO  utils.DatanodeStoreCache (DatanodeStoreCache.java:removeDB(110)) - Removed db /home/runner/work/ozone/ozone/hadoop-ozone/integration-test/target/test-dir/MiniOzoneClusterImpl-d2e81863-a659-4dd2-bdb8-fa97662d499c/ozone-meta/datanode-5/data-0/hdds/d2e81863-a659-4dd2-bdb8-fa97662d499c/DS-fb74b653-00ac-49eb-810d-6a22ca4c528f/container.db from cache
2024-04-25 19:25:27,829 [ForkJoinPool.commonPool-worker-1] INFO  volume.HddsVolume (HddsVolume.java:closeDbStore(470)) - SchemaV3 db is stopped at /home/runner/work/ozone/ozone/hadoop-ozone/integration-test/target/test-dir/MiniOzoneClusterImpl-d2e81863-a659-4dd2-bdb8-fa97662d499c/ozone-meta/datanode-5/data-0/hdds/d2e81863-a659-4dd2-bdb8-fa97662d499c/DS-fb74b653-00ac-49eb-810d-6a22ca4c528f/container.db for volume DS-fb74b653-00ac-49eb-810d-6a22ca4c528f
2024-04-25 19:25:27,829 [ForkJoinPool.commonPool-worker-1] INFO  utils.BackgroundService (BackgroundService.java:shutdown(160)) - Shutting down service BlockDeletingService
2024-04-25 19:25:27,830 [ForkJoinPool.commonPool-worker-1] INFO  utils.BackgroundService (BackgroundService.java:shutdown(160)) - Shutting down service StaleRecoveringContainerScrubbingService
2024-04-25 19:25:27,830 [ForkJoinPool.commonPool-worker-1] INFO  statemachine.DatanodeStateMachine (DatanodeStateMachine.java:stopDaemon(638)) - Ozone container server stopped.
2024-04-25 19:25:27,831 [ForkJoinPool.commonPool-worker-1] INFO  handler.ContextHandler (ContextHandler.java:doStop(1159)) - Stopped o.e.j.w.WebAppContext@787aa9f1{hddsDatanode,/,null,STOPPED}{file:/home/runner/work/ozone/ozone/hadoop-hdds/container-service/target/classes/webapps/hddsDatanode}
2024-04-25 19:25:27,831 [ForkJoinPool.commonPool-worker-1] INFO  server.AbstractConnector (AbstractConnector.java:doStop(383)) - Stopped ServerConnector@62ca9413{HTTP/1.1, (http/1.1)}{0.0.0.0:15134}
2024-04-25 19:25:27,831 [ForkJoinPool.commonPool-worker-1] INFO  server.session (HouseKeeper.java:stopScavenging(149)) - node0 Stopped scavenging
2024-04-25 19:25:27,831 [ForkJoinPool.commonPool-worker-1] INFO  handler.ContextHandler (ContextHandler.java:doStop(1159)) - Stopped o.e.j.s.ServletContextHandler@4f9d220b{static,/static,file:///home/runner/work/ozone/ozone/hadoop-hdds/container-service/target/classes/webapps/static,STOPPED}
2024-04-25 19:25:27,831 [ForkJoinPool.commonPool-worker-1] INFO  handler.ContextHandler (ContextHandler.java:doStop(1159)) - Stopped o.e.j.s.ServletContextHandler@6586b4e3{logs,/logs,file:///home/runner/work/ozone/ozone/hadoop-ozone/integration-test/target/log,STOPPED}
2024-04-25 19:25:27,832 [ForkJoinPool.commonPool-worker-1] INFO  ozone.HddsDatanodeClientProtocolServer (HddsDatanodeClientProtocolServer.java:stop(83)) - Stopping the RPC server for Client Protocol
2024-04-25 19:25:27,832 [ForkJoinPool.commonPool-worker-1] INFO  ipc.Server (Server.java:stop(3523)) - Stopping server on 15135
2024-04-25 19:25:27,832 [IPC Server listener on 15135] INFO  ipc.Server (Server.java:run(1434)) - Stopping IPC Server listener on 15135
2024-04-25 19:25:27,832 [IPC Server Responder] INFO  ipc.Server (Server.java:run(1567)) - Stopping IPC Server Responder
2024-04-25 19:25:28,089 [timer0] WARN  server.GrpcLogAppender (GrpcLogAppender.java:lambda$resetClient$1(217)) - 957dcc0f-940f-48bb-84e1-bf54d09bb8cf@group-0A078C4FBAC5->cedf47e1-7aa2-45e6-80d0-c614de566771-GrpcLogAppender: Follower failed (request=null, errorCount=6); keep nextIndex (1) unchanged and retry. (Repeated 6 times in the last 5.000s)
2024-04-25 19:25:28,089 [timer7] WARN  server.GrpcLogAppender (LogUtils.java:warn(121)) - 957dcc0f-940f-48bb-84e1-bf54d09bb8cf@group-0A078C4FBAC5->cedf47e1-7aa2-45e6-80d0-c614de566771-AppendLogResponseHandler: Failed appendEntries (Repeated 6 times in the last 5.001s): org.apache.ratis.thirdparty.io.grpc.StatusRuntimeException: UNAVAILABLE: io exception
2024-04-25 19:25:28,109 [timer2] WARN  server.GrpcLogAppender (GrpcLogAppender.java:lambda$resetClient$1(217)) - 957dcc0f-940f-48bb-84e1-bf54d09bb8cf@group-0A078C4FBAC5->b2172664-c1c5-4da6-8eba-635cc9cc8385-GrpcLogAppender: Follower failed (request=null, errorCount=6); keep nextIndex (1) unchanged and retry. (Repeated 6 times in the last 5.000s)
2024-04-25 19:25:28,109 [timer1] WARN  server.GrpcLogAppender (LogUtils.java:warn(121)) - 957dcc0f-940f-48bb-84e1-bf54d09bb8cf@group-0A078C4FBAC5->b2172664-c1c5-4da6-8eba-635cc9cc8385-AppendLogResponseHandler: Failed appendEntries (Repeated 6 times in the last 5.000s): org.apache.ratis.thirdparty.io.grpc.StatusRuntimeException: UNAVAILABLE: io exception
2024-04-25 19:25:28,141 [ForkJoinPool.commonPool-worker-2] INFO  utils.DatanodeStoreCache (DatanodeStoreCache.java:shutdownCache(116)) - Skip clearing cache in mini cluster mode. Entries left: [/home/runner/work/ozone/ozone/hadoop-ozone/integration-test/target/test-dir/MiniOzoneClusterImpl-d2e81863-a659-4dd2-bdb8-fa97662d499c/ozone-meta/datanode-9/data-0/hdds/d2e81863-a659-4dd2-bdb8-fa97662d499c/DS-1ac8abeb-8ac9-4fd1-9900-a1b38005f65c/container.db]
2024-04-25 19:25:28,142 [ForkJoinPool.commonPool-worker-2] INFO  utils.DatanodeStoreCache (DatanodeStoreCache.java:removeDB(110)) - Removed db /home/runner/work/ozone/ozone/hadoop-ozone/integration-test/target/test-dir/MiniOzoneClusterImpl-d2e81863-a659-4dd2-bdb8-fa97662d499c/ozone-meta/datanode-9/data-0/hdds/d2e81863-a659-4dd2-bdb8-fa97662d499c/DS-1ac8abeb-8ac9-4fd1-9900-a1b38005f65c/container.db from cache
2024-04-25 19:25:28,142 [ForkJoinPool.commonPool-worker-2] INFO  volume.HddsVolume (HddsVolume.java:closeDbStore(470)) - SchemaV3 db is stopped at /home/runner/work/ozone/ozone/hadoop-ozone/integration-test/target/test-dir/MiniOzoneClusterImpl-d2e81863-a659-4dd2-bdb8-fa97662d499c/ozone-meta/datanode-9/data-0/hdds/d2e81863-a659-4dd2-bdb8-fa97662d499c/DS-1ac8abeb-8ac9-4fd1-9900-a1b38005f65c/container.db for volume DS-1ac8abeb-8ac9-4fd1-9900-a1b38005f65c
2024-04-25 19:25:28,142 [ForkJoinPool.commonPool-worker-2] INFO  utils.BackgroundService (BackgroundService.java:shutdown(160)) - Shutting down service BlockDeletingService
2024-04-25 19:25:28,142 [ForkJoinPool.commonPool-worker-2] INFO  utils.BackgroundService (BackgroundService.java:shutdown(160)) - Shutting down service StaleRecoveringContainerScrubbingService
2024-04-25 19:25:28,143 [ForkJoinPool.commonPool-worker-2] INFO  statemachine.DatanodeStateMachine (DatanodeStateMachine.java:stopDaemon(638)) - Ozone container server stopped.
2024-04-25 19:25:28,143 [ForkJoinPool.commonPool-worker-2] INFO  handler.ContextHandler (ContextHandler.java:doStop(1159)) - Stopped o.e.j.w.WebAppContext@328b60fb{hddsDatanode,/,null,STOPPED}{file:/home/runner/work/ozone/ozone/hadoop-hdds/container-service/target/classes/webapps/hddsDatanode}
2024-04-25 19:25:28,144 [ForkJoinPool.commonPool-worker-2] INFO  server.AbstractConnector (AbstractConnector.java:doStop(383)) - Stopped ServerConnector@669ae2bd{HTTP/1.1, (http/1.1)}{0.0.0.0:15170}
2024-04-25 19:25:28,144 [ForkJoinPool.commonPool-worker-2] INFO  server.session (HouseKeeper.java:stopScavenging(149)) - node0 Stopped scavenging
2024-04-25 19:25:28,144 [ForkJoinPool.commonPool-worker-2] INFO  handler.ContextHandler (ContextHandler.java:doStop(1159)) - Stopped o.e.j.s.ServletContextHandler@2331ac37{static,/static,file:///home/runner/work/ozone/ozone/hadoop-hdds/container-service/target/classes/webapps/static,STOPPED}
2024-04-25 19:25:28,144 [ForkJoinPool.commonPool-worker-2] INFO  handler.ContextHandler (ContextHandler.java:doStop(1159)) - Stopped o.e.j.s.ServletContextHandler@6f3cbc1f{logs,/logs,file:///home/runner/work/ozone/ozone/hadoop-ozone/integration-test/target/log,STOPPED}
2024-04-25 19:25:28,144 [ForkJoinPool.commonPool-worker-2] INFO  ozone.HddsDatanodeClientProtocolServer (HddsDatanodeClientProtocolServer.java:stop(83)) - Stopping the RPC server for Client Protocol
2024-04-25 19:25:28,144 [ForkJoinPool.commonPool-worker-2] INFO  ipc.Server (Server.java:stop(3523)) - Stopping server on 15171
2024-04-25 19:25:28,145 [IPC Server listener on 15171] INFO  ipc.Server (Server.java:run(1434)) - Stopping IPC Server listener on 15171
2024-04-25 19:25:28,145 [IPC Server Responder] INFO  ipc.Server (Server.java:run(1567)) - Stopping IPC Server Responder
2024-04-25 19:25:28,145 [main] INFO  ozone.MiniOzoneClusterImpl (MiniOzoneClusterImpl.java:stopSCM(486)) - Stopping the StorageContainerManager
2024-04-25 19:25:28,145 [main] INFO  server.StorageContainerManager (StorageContainerManager.java:stop(1653)) - Container Balancer is not running.
2024-04-25 19:25:28,146 [main] INFO  server.StorageContainerManager (StorageContainerManager.java:stopReplicationManager(1786)) - Stopping Replication Manager Service.
2024-04-25 19:25:28,146 [main] INFO  replication.ReplicationManager (ReplicationManager.java:stop(328)) - Stopping Replication Monitor Thread.
2024-04-25 19:25:28,146 [main] INFO  server.StorageContainerManager (StorageContainerManager.java:stop(1662)) - Stopping the Datanode Admin Monitor.
2024-04-25 19:25:28,146 [OverReplicatedProcessor] WARN  replication.UnhealthyReplicationProcessor (UnhealthyReplicationProcessor.java:run(180)) - OverReplicatedProcessor interrupted. Exiting...
2024-04-25 19:25:28,146 [ReplicationMonitor] INFO  replication.ReplicationManager (ReplicationManager.java:run(935)) - Replication Monitor Thread is stopped
2024-04-25 19:25:28,146 [UnderReplicatedProcessor] WARN  replication.UnhealthyReplicationProcessor (UnhealthyReplicationProcessor.java:run(180)) - UnderReplicatedProcessor interrupted. Exiting...
2024-04-25 19:25:28,146 [main] INFO  server.StorageContainerManager (StorageContainerManager.java:stop(1669)) - Stopping datanode service RPC server
2024-04-25 19:25:28,146 [main] INFO  server.SCMDatanodeProtocolServer (SCMDatanodeProtocolServer.java:stop(425)) - Stopping the RPC server for DataNodes
2024-04-25 19:25:28,146 [main] INFO  ipc.Server (Server.java:stop(3523)) - Stopping server on 15091
2024-04-25 19:25:28,148 [IPC Server Responder] INFO  ipc.Server (Server.java:run(1567)) - Stopping IPC Server Responder
2024-04-25 19:25:28,148 [IPC Server listener on 15091] INFO  ipc.Server (Server.java:run(1434)) - Stopping IPC Server listener on 15091
2024-04-25 19:25:28,155 [SCMHeartbeatProcessor-0] WARN  node.NodeStateManager (NodeStateManager.java:scheduleNextHealthCheck(878)) - Current Thread is interrupted, shutting down HB processing thread for Node Manager.
2024-04-25 19:25:28,155 [main] INFO  server.StorageContainerManager (StorageContainerManager.java:stop(1677)) - Stopping block service RPC server
2024-04-25 19:25:28,156 [main] INFO  server.SCMBlockProtocolServer (SCMBlockProtocolServer.java:stop(171)) - Stopping the RPC server for Block Protocol
2024-04-25 19:25:28,156 [main] INFO  ipc.Server (Server.java:stop(3523)) - Stopping server on 15090
2024-04-25 19:25:28,157 [main] INFO  server.StorageContainerManager (StorageContainerManager.java:stop(1684)) - Stopping the StorageContainerLocationProtocol RPC server
2024-04-25 19:25:28,157 [main] INFO  server.SCMClientProtocolServer (SCMClientProtocolServer.java:stop(213)) - Stopping the RPC server for Client Protocol
2024-04-25 19:25:28,157 [main] INFO  ipc.Server (Server.java:stop(3523)) - Stopping server on 15089
2024-04-25 19:25:28,157 [IPC Server Responder] INFO  ipc.Server (Server.java:run(1567)) - Stopping IPC Server Responder
2024-04-25 19:25:28,158 [IPC Server listener on 15090] INFO  ipc.Server (Server.java:run(1434)) - Stopping IPC Server listener on 15090
2024-04-25 19:25:28,161 [IPC Server listener on 15089] INFO  ipc.Server (Server.java:run(1434)) - Stopping IPC Server listener on 15089
2024-04-25 19:25:28,162 [IPC Server Responder] INFO  ipc.Server (Server.java:run(1567)) - Stopping IPC Server Responder
2024-04-25 19:25:28,162 [main] INFO  server.StorageContainerManager (StorageContainerManager.java:stop(1691)) - Stopping Storage Container Manager HTTP server.
2024-04-25 19:25:28,163 [main] INFO  handler.ContextHandler (ContextHandler.java:doStop(1159)) - Stopped o.e.j.w.WebAppContext@4cc3e43d{scm,/,null,STOPPED}{file:/home/runner/work/ozone/ozone/hadoop-ozone/integration-test/target/test-classes/webapps/scm}
2024-04-25 19:25:28,164 [main] INFO  server.AbstractConnector (AbstractConnector.java:doStop(383)) - Stopped ServerConnector@924c964{HTTP/1.1, (http/1.1)}{0.0.0.0:15092}
2024-04-25 19:25:28,164 [main] INFO  server.session (HouseKeeper.java:stopScavenging(149)) - node0 Stopped scavenging
2024-04-25 19:25:28,164 [main] INFO  handler.ContextHandler (ContextHandler.java:doStop(1159)) - Stopped o.e.j.s.ServletContextHandler@685a8158{static,/static,file:///home/runner/work/ozone/ozone/hadoop-ozone/integration-test/target/test-classes/webapps/static,STOPPED}
2024-04-25 19:25:28,164 [main] INFO  handler.ContextHandler (ContextHandler.java:doStop(1159)) - Stopped o.e.j.s.ServletContextHandler@2cb6c8a6{logs,/logs,file:///home/runner/work/ozone/ozone/hadoop-ozone/integration-test/target/log,STOPPED}
2024-04-25 19:25:28,165 [main] INFO  server.StorageContainerManager (StorageContainerManager.java:stop(1699)) - Stopping SCM LayoutVersionManager Service.
2024-04-25 19:25:28,165 [main] INFO  server.StorageContainerManager (StorageContainerManager.java:stop(1711)) - Stopping Block Manager Service.
2024-04-25 19:25:28,165 [main] INFO  utils.BackgroundService (BackgroundService.java:shutdown(160)) - Shutting down service SCMBlockDeletingService
2024-04-25 19:25:28,165 [main] INFO  utils.BackgroundService (BackgroundService.java:shutdown(160)) - Shutting down service SCMBlockDeletingService
2024-04-25 19:25:28,166 [main] INFO  server.StorageContainerManager (StorageContainerManager.java:stop(1731)) - Stopping SCM Event Queue.
2024-04-25 19:25:28,166 [JvmPauseMonitor11] INFO  util.JvmPauseMonitor (JvmPauseMonitor.java:run(152)) - JvmPauseMonitor-d6c5a227-28c4-4364-9fd6-281ff6033338: Stopped
2024-04-25 19:25:28,166 [main] INFO  server.StorageContainerManager (StorageContainerManager.java:stop(1742)) - Stopping SCM HA services.
2024-04-25 19:25:28,167 [main] INFO  pipeline.BackgroundPipelineCreator (BackgroundPipelineCreator.java:stop(152)) - Stopping RatisPipelineUtilsThread.
2024-04-25 19:25:28,167 [RatisPipelineUtilsThread-0] WARN  pipeline.BackgroundPipelineCreator (BackgroundPipelineCreator.java:run(183)) - RatisPipelineUtilsThread is interrupted.
2024-04-25 19:25:28,167 [main] INFO  BackgroundPipelineScrubber (BackgroundSCMService.java:stop(128)) - Stopping BackgroundPipelineScrubber Service.
2024-04-25 19:25:28,167 [BackgroundPipelineScrubber] WARN  BackgroundPipelineScrubber (BackgroundSCMService.java:run(112)) - BackgroundPipelineScrubber is interrupted, exit
2024-04-25 19:25:28,167 [main] INFO  impl.MetricsSystemImpl (MetricsSystemImpl.java:stop(210)) - Stopping HddsDatanode metrics system...
2024-04-25 19:25:28,169 [prometheus] INFO  impl.MetricsSinkAdapter (MetricsSinkAdapter.java:publishMetricsFromQueue(141)) - prometheus thread interrupted.
2024-04-25 19:25:28,169 [main] INFO  impl.MetricsSystemImpl (MetricsSystemImpl.java:stop(216)) - HddsDatanode metrics system stopped.
2024-04-25 19:25:28,169 [main] WARN  pipeline.BackgroundPipelineCreator (BackgroundPipelineCreator.java:stop(148)) - RatisPipelineUtilsThread is not running, just ignore.
2024-04-25 19:25:28,169 [main] INFO  BackgroundPipelineScrubber (BackgroundSCMService.java:stop(123)) - BackgroundPipelineScrubber Service is not running, skip stop.
2024-04-25 19:25:28,169 [main] INFO  ExpiredContainerReplicaOpScrubber (BackgroundSCMService.java:stop(128)) - Stopping ExpiredContainerReplicaOpScrubber Service.
2024-04-25 19:25:28,169 [ExpiredContainerReplicaOpScrubber] WARN  ExpiredContainerReplicaOpScrubber (BackgroundSCMService.java:run(112)) - ExpiredContainerReplicaOpScrubber is interrupted, exit
2024-04-25 19:25:28,169 [main] INFO  utils.BackgroundService (BackgroundService.java:shutdown(160)) - Shutting down service SCMBlockDeletingService
2024-04-25 19:25:28,169 [main] INFO  replication.ReplicationManager (ReplicationManager.java:stop(338)) - Replication Monitor Thread is not running.
2024-04-25 19:25:28,169 [main] WARN  balancer.ContainerBalancer (ContainerBalancer.java:stop(327)) - Cannot stop Container Balancer because it's not running or stopping
2024-04-25 19:25:28,170 [main] INFO  server.StorageContainerManager (StorageContainerManager.java:stop(1777)) - Stopping SCM MetadataStore.
]]></system-out>
    </flakyFailure>
  </testcase>
  <testcase name="testWatchForCommitForGroupMismatchException" classname="org.apache.hadoop.ozone.client.rpc.TestWatchForCommit" time="30.111"/>
  <testcase name="test2WayCommitForTimeoutException" classname="org.apache.hadoop.ozone.client.rpc.TestWatchForCommit" time="26.247">
    <flakyError type="java.util.concurrent.ExecutionException">
      <stackTrace><![CDATA[java.util.concurrent.ExecutionException: org.apache.ratis.protocol.exceptions.AlreadyClosedException: SlidingWindow$Client:client-174184D46751->RAFT is closed.
	at java.base/java.util.concurrent.CompletableFuture.reportGet(CompletableFuture.java:396)
	at java.base/java.util.concurrent.CompletableFuture.get(CompletableFuture.java:2073)
	at org.apache.hadoop.ozone.client.rpc.TestWatchForCommit.test2WayCommitForTimeoutException(TestWatchForCommit.java:321)
	at java.base/java.lang.reflect.Method.invoke(Method.java:568)
	at java.base/java.util.ArrayList.forEach(ArrayList.java:1511)
	at java.base/java.util.ArrayList.forEach(ArrayList.java:1511)
Caused by: org.apache.ratis.protocol.exceptions.AlreadyClosedException: SlidingWindow$Client:client-174184D46751->RAFT is closed.
	at org.apache.ratis.util.SlidingWindow$Client.alreadyClosed(SlidingWindow.java:406)
	at org.apache.ratis.util.SlidingWindow$Client.fail(SlidingWindow.java:394)
	at org.apache.ratis.client.impl.OrderedAsync.failAllAsyncRequests(OrderedAsync.java:149)
	at org.apache.ratis.client.impl.OrderedAsync.handleAsyncRetryFailure(OrderedAsync.java:153)
	at org.apache.ratis.client.impl.OrderedAsync.lambda$sendRequest$9(OrderedAsync.java:253)
	at java.base/java.util.concurrent.CompletableFuture.uniExceptionally(CompletableFuture.java:990)
	at java.base/java.util.concurrent.CompletableFuture$UniExceptionally.tryFire(CompletableFuture.java:974)
	at java.base/java.util.concurrent.CompletableFuture.postComplete(CompletableFuture.java:510)
	at java.base/java.util.concurrent.CompletableFuture.completeExceptionally(CompletableFuture.java:2162)
	at org.apache.ratis.grpc.client.GrpcClientProtocolClient$AsyncStreamObservers.completeReplyExceptionally(GrpcClientProtocolClient.java:394)
	at org.apache.ratis.grpc.client.GrpcClientProtocolClient$AsyncStreamObservers.access$000(GrpcClientProtocolClient.java:300)
	at org.apache.ratis.grpc.client.GrpcClientProtocolClient$AsyncStreamObservers$1.onNext(GrpcClientProtocolClient.java:314)
	at org.apache.ratis.grpc.client.GrpcClientProtocolClient$AsyncStreamObservers$1.onNext(GrpcClientProtocolClient.java:305)
	at org.apache.ratis.thirdparty.io.grpc.stub.ClientCalls$StreamObserverToCallListenerAdapter.onMessage(ClientCalls.java:468)
	at org.apache.ratis.thirdparty.io.grpc.ForwardingClientCallListener.onMessage(ForwardingClientCallListener.java:33)
	at org.apache.ratis.thirdparty.io.grpc.internal.ClientCallImpl$ClientStreamListenerImpl$1MessagesAvailable.runInternal(ClientCallImpl.java:660)
	at org.apache.ratis.thirdparty.io.grpc.internal.ClientCallImpl$ClientStreamListenerImpl$1MessagesAvailable.runInContext(ClientCallImpl.java:647)
	at org.apache.ratis.thirdparty.io.grpc.internal.ContextRunnable.run(ContextRunnable.java:37)
	at org.apache.ratis.thirdparty.io.grpc.internal.SerializingExecutor.run(SerializingExecutor.java:133)
	at java.base/java.util.concurrent.ThreadPoolExecutor.runWorker(ThreadPoolExecutor.java:1136)
	at java.base/java.util.concurrent.ThreadPoolExecutor$Worker.run(ThreadPoolExecutor.java:635)
	at java.base/java.lang.Thread.run(Thread.java:840)
Caused by: org.apache.ratis.protocol.exceptions.RaftRetryFailureException: Failed RaftClientRequest:client-174184D46751->38098fde-9f6f-4ad0-993c-715d8f2d4b32@group-3D56868D618F, cid=65, seq=1*, Watch(0), null for 3 attempts with RequestTypeDependentRetryPolicy{WRITE->ExceptionDependentRetry(maxAttempts=2147483647; defaultPolicy=MultipleLinearRandomRetry[5x5s, 5x10s, 5x15s, 5x20s, 5x25s, 10x60s]; map={org.apache.ratis.protocol.exceptions.GroupMismatchException->NoRetry, org.apache.ratis.protocol.exceptions.NotReplicatedException->NoRetry, org.apache.ratis.protocol.exceptions.ResourceUnavailableException->org.apache.ratis.retry.ExponentialBackoffRetry@5bd18bd0, org.apache.ratis.protocol.exceptions.StateMachineException->NoRetry, org.apache.ratis.protocol.exceptions.TimeoutIOException->org.apache.ratis.retry.ExponentialBackoffRetry@5bd18bd0}), WATCH->ExceptionDependentRetry(maxAttempts=2147483647; defaultPolicy=MultipleLinearRandomRetry[5x5s, 5x10s, 5x15s, 5x20s, 5x25s, 10x60s]; map={org.apache.ratis.protocol.exceptions.GroupMismatchException->NoRetry, org.apache.ratis.protocol.exceptions.NotReplicatedException->NoRetry, org.apache.ratis.protocol.exceptions.ResourceUnavailableException->org.apache.ratis.retry.ExponentialBackoffRetry@5bd18bd0, org.apache.ratis.protocol.exceptions.StateMachineException->NoRetry, org.apache.ratis.protocol.exceptions.TimeoutIOException->NoRetry})}
	at org.apache.ratis.client.impl.RaftClientImpl.noMoreRetries(RaftClientImpl.java:353)
	... 19 more
Caused by: org.apache.ratis.protocol.exceptions.NotLeaderException: Server 38098fde-9f6f-4ad0-993c-715d8f2d4b32@group-3D56868D618F is not the leader c059e8ba-a531-47a3-a497-45c8f0b0c72e|127.0.0.1:15317
	at org.apache.ratis.client.impl.ClientProtoUtils.toRaftClientReply(ClientProtoUtils.java:397)
	at org.apache.ratis.grpc.client.GrpcClientProtocolClient$AsyncStreamObservers$1.onNext(GrpcClientProtocolClient.java:310)
	... 10 more
]]></stackTrace>
      <system-out><![CDATA[2024-04-25 19:25:58,340 [main] WARN  server.ServerUtils (ServerUtils.java:getScmDbDir(143)) - ozone.scm.db.dirs is not configured. We recommend adding this setting. Falling back to ozone.metadata.dirs instead.
2024-04-25 19:25:58,343 [main] WARN  server.ServerUtils (ServerUtils.java:getScmDbDir(143)) - ozone.scm.db.dirs is not configured. We recommend adding this setting. Falling back to ozone.metadata.dirs instead.
2024-04-25 19:25:58,343 [main] INFO  ha.SCMHANodeDetails (SCMHANodeDetails.java:loadSCMHAConfig(207)) - ServiceID for StorageContainerManager is null
2024-04-25 19:25:58,343 [main] INFO  ha.SCMHANodeDetails (SCMHANodeDetails.java:loadSCMHAConfig(212)) - ozone.scm.default.service.id is not defined, falling back to ozone.scm.service.ids to find serviceID for StorageContainerManager if it is HA enabled cluster
2024-04-25 19:25:58,344 [main] WARN  utils.HAUtils (HAUtils.java:getMetaDir(339)) - ozone.scm.db.dirs is not configured. We recommend adding this setting. Falling back to ozone.metadata.dirs instead.
2024-04-25 19:25:58,344 [main] WARN  db.DBStoreBuilder (DBStoreBuilder.java:applyDBDefinition(171)) - ozone.scm.db.dirs is not configured. We recommend adding this setting. Falling back to ozone.metadata.dirs instead.
2024-04-25 19:25:58,420 [main] INFO  net.NodeSchemaLoader (NodeSchemaLoader.java:loadSchemaFromFile(129)) - Loading schema from [file:/home/runner/work/ozone/ozone/hadoop-hdds/common/target/classes/network-topology-default.xml]
2024-04-25 19:25:58,420 [main] INFO  net.NodeSchemaLoader (NodeSchemaLoader.java:loadSchema(176)) - Loading network topology layer schema file
2024-04-25 19:25:58,423 [main] INFO  upgrade.AbstractLayoutVersionManager (AbstractLayoutVersionManager.java:init(83)) - Initializing Layout version manager with metadata layout = HADOOP_PRC_PORTS_IN_DATANODEDETAILS (version = 7), software layout = HADOOP_PRC_PORTS_IN_DATANODEDETAILS (version = 7)
2024-04-25 19:25:58,424 [main] INFO  ha.SequenceIdGenerator (SequenceIdGenerator.java:upgradeToSequenceId(370)) - upgrade localId to 113750153625600000
2024-04-25 19:25:58,425 [main] INFO  ha.SequenceIdGenerator (SequenceIdGenerator.java:upgradeToSequenceId(380)) - upgrade delTxnId to 0
2024-04-25 19:25:58,425 [main] INFO  ha.SequenceIdGenerator (SequenceIdGenerator.java:upgradeToSequenceId(397)) - upgrade containerId to 0
2024-04-25 19:25:58,426 [main] INFO  ha.SequenceIdGenerator (SequenceIdGenerator.java:upgradeToCertificateSequenceId(444)) - upgrade CertificateId to 2
2024-04-25 19:25:58,427 [main] INFO  ha.SequenceIdGenerator (SequenceIdGenerator.java:<init>(241)) - Init the HA SequenceIdGenerator.
2024-04-25 19:25:58,427 [main] INFO  node.SCMNodeManager (SCMNodeManager.java:<init>(177)) - Entering startup safe mode.
2024-04-25 19:25:58,427 [main] INFO  algorithms.ContainerPlacementPolicyFactory (ContainerPlacementPolicyFactory.java:getPolicyInternal(86)) - Create container placement policy of type org.apache.hadoop.hdds.scm.container.placement.algorithms.SCMContainerPlacementRackAware
2024-04-25 19:25:58,427 [main] INFO  algorithms.ContainerPlacementPolicyFactory (ContainerPlacementPolicyFactory.java:getPolicyInternal(86)) - Create container placement policy of type org.apache.hadoop.hdds.scm.container.placement.algorithms.SCMContainerPlacementRackScatter
2024-04-25 19:25:58,428 [main] INFO  pipeline.PipelineStateManagerImpl (PipelineStateManagerImpl.java:initialize(78)) - No pipeline exists in current db
2024-04-25 19:25:58,428 [main] INFO  algorithms.LeaderChoosePolicyFactory (LeaderChoosePolicyFactory.java:getPolicy(57)) - Create leader choose policy of type org.apache.hadoop.hdds.scm.pipeline.leader.choose.algorithms.MinLeaderCountChoosePolicy
2024-04-25 19:25:58,428 [main] INFO  algorithms.ContainerPlacementPolicyFactory (ContainerPlacementPolicyFactory.java:getPolicyInternal(86)) - Create container placement policy of type org.apache.hadoop.hdds.scm.container.placement.algorithms.SCMContainerPlacementRackScatter
2024-04-25 19:25:58,428 [main] INFO  ha.SCMServiceManager (SCMServiceManager.java:register(42)) - Registering service BackgroundPipelineCreator.
2024-04-25 19:25:58,428 [main] INFO  pipeline.BackgroundPipelineCreator (BackgroundPipelineCreator.java:start(127)) - Starting RatisPipelineUtilsThread.
2024-04-25 19:25:58,429 [main] INFO  BackgroundPipelineScrubber (BackgroundSCMService.java:start(65)) - Starting BackgroundPipelineScrubber Service.
2024-04-25 19:25:58,429 [main] INFO  ha.SCMServiceManager (SCMServiceManager.java:register(42)) - Registering service BackgroundPipelineScrubber.
2024-04-25 19:25:58,429 [main] INFO  ExpiredContainerReplicaOpScrubber (BackgroundSCMService.java:start(65)) - Starting ExpiredContainerReplicaOpScrubber Service.
2024-04-25 19:25:58,429 [main] INFO  ha.SCMServiceManager (SCMServiceManager.java:register(42)) - Registering service ExpiredContainerReplicaOpScrubber.
2024-04-25 19:25:58,430 [main] INFO  algorithms.PipelineChoosePolicyFactory (PipelineChoosePolicyFactory.java:createPipelineChoosePolicyFromClass(80)) - Create pipeline choose policy of type org.apache.hadoop.hdds.scm.pipeline.choose.algorithms.RandomPipelineChoosePolicy
2024-04-25 19:25:58,430 [main] INFO  algorithms.PipelineChoosePolicyFactory (PipelineChoosePolicyFactory.java:createPipelineChoosePolicyFromClass(80)) - Create pipeline choose policy of type org.apache.hadoop.hdds.scm.pipeline.choose.algorithms.RandomPipelineChoosePolicy
2024-04-25 19:25:58,430 [main] INFO  ha.SCMServiceManager (SCMServiceManager.java:register(42)) - Registering service SCMBlockDeletingService.
2024-04-25 19:25:58,431 [main] INFO  replication.ReplicationManager (ReplicationManager.java:start(295)) - Starting Replication Monitor Thread.
2024-04-25 19:25:58,432 [ReplicationMonitor] INFO  replication.ReplicationManager (ReplicationManager.java:processAll(371)) - Replication Manager is not ready to run until 3000ms after safemode exit
2024-04-25 19:25:58,432 [main] INFO  ha.SCMServiceManager (SCMServiceManager.java:register(42)) - Registering service ReplicationManager.
2024-04-25 19:25:58,432 [main] INFO  safemode.ContainerSafeModeRule (ContainerSafeModeRule.java:<init>(91)) - containers with one replica threshold count 0
2024-04-25 19:25:58,432 [main] INFO  safemode.HealthyPipelineSafeModeRule (HealthyPipelineSafeModeRule.java:initializeRule(176)) - Total pipeline count is 0, healthy pipeline threshold count is 1
2024-04-25 19:25:58,432 [main] INFO  safemode.OneReplicaPipelineSafeModeRule (OneReplicaPipelineSafeModeRule.java:initializeRule(193)) - Total pipeline count is 0, pipeline's with at least one datanode reported threshold count is 0
2024-04-25 19:25:58,433 [main] INFO  server.StorageContainerManager (StorageContainerManager.java:<init>(440)) - SCM start with adminUsers: [runner]
2024-04-25 19:25:58,433 [main] INFO  ipc.CallQueueManager (CallQueueManager.java:<init>(90)) - Using callQueue: class java.util.concurrent.LinkedBlockingQueue, queueCapacity: 10000, scheduler: class org.apache.hadoop.ipc.DefaultRpcScheduler, ipcBackoff: false.
2024-04-25 19:25:58,433 [main] INFO  ipc.Server (Server.java:<init>(1287)) - Listener at 0.0.0.0:15269
2024-04-25 19:25:58,433 [Socket Reader #1 for port 15269] INFO  ipc.Server (Server.java:run(1323)) - Starting Socket Reader #1 for port 15269
2024-04-25 19:25:58,434 [main] INFO  ipc.CallQueueManager (CallQueueManager.java:<init>(90)) - Using callQueue: class java.util.concurrent.LinkedBlockingQueue, queueCapacity: 10000, scheduler: class org.apache.hadoop.ipc.DefaultRpcScheduler, ipcBackoff: false.
2024-04-25 19:25:58,434 [main] INFO  ipc.Server (Server.java:<init>(1287)) - Listener at 0.0.0.0:15268
2024-04-25 19:25:58,434 [Socket Reader #1 for port 15268] INFO  ipc.Server (Server.java:run(1323)) - Starting Socket Reader #1 for port 15268
2024-04-25 19:25:58,435 [main] INFO  ipc.CallQueueManager (CallQueueManager.java:<init>(90)) - Using callQueue: class java.util.concurrent.LinkedBlockingQueue, queueCapacity: 10000, scheduler: class org.apache.hadoop.ipc.DefaultRpcScheduler, ipcBackoff: false.
2024-04-25 19:25:58,435 [main] INFO  ipc.Server (Server.java:<init>(1287)) - Listener at 0.0.0.0:15267
2024-04-25 19:25:58,435 [Socket Reader #1 for port 15267] INFO  ipc.Server (Server.java:run(1323)) - Starting Socket Reader #1 for port 15267
2024-04-25 19:25:58,438 [main] INFO  ha.SCMServiceManager (SCMServiceManager.java:register(42)) - Registering service ContainerBalancer.
2024-04-25 19:25:58,438 [main] INFO  ha.SCMContext (SCMContext.java:updateSafeModeStatus(225)) - Update SafeModeStatus from SafeModeStatus{safeModeStatus=true, preCheckPassed=false} to SafeModeStatus{safeModeStatus=true, preCheckPassed=false}.
2024-04-25 19:25:58,438 [main] INFO  server.StorageContainerManager (StorageContainerManager.java:start(1545)) - StorageContainerLocationProtocol RPC server is listening at /0.0.0.0:15267
2024-04-25 19:25:58,439 [main] WARN  impl.MetricsConfig (MetricsConfig.java:loadFirst(136)) - Cannot locate configuration: tried hadoop-metrics2-storagecontainermanager.properties,hadoop-metrics2.properties
2024-04-25 19:25:58,440 [main] INFO  impl.MetricsSystemImpl (MetricsSystemImpl.java:startTimer(378)) - Scheduled Metric snapshot period at 10 second(s).
2024-04-25 19:25:58,440 [main] INFO  impl.MetricsSystemImpl (MetricsSystemImpl.java:start(191)) - StorageContainerManager metrics system started
2024-04-25 19:25:58,456 [main] INFO  impl.MetricsSinkAdapter (MetricsSinkAdapter.java:start(204)) - Sink prometheus started
2024-04-25 19:25:58,456 [main] INFO  impl.MetricsSystemImpl (MetricsSystemImpl.java:registerSink(305)) - Registered sink prometheus
2024-04-25 19:25:58,471 [main] INFO  server.SCMClientProtocolServer (SCMClientProtocolServer.java:start(204)) - RPC server for Client  is listening at /0.0.0.0:15267
2024-04-25 19:25:58,471 [IPC Server Responder] INFO  ipc.Server (Server.java:run(1562)) - IPC Server Responder: starting
2024-04-25 19:25:58,472 [IPC Server listener on 15267] INFO  ipc.Server (Server.java:run(1402)) - IPC Server listener on 15267: starting
2024-04-25 19:25:58,479 [main] INFO  server.StorageContainerManager (StorageContainerManager.java:start(1558)) - ScmBlockLocationProtocol RPC server is listening at /0.0.0.0:15268
2024-04-25 19:25:58,479 [main] INFO  server.SCMBlockProtocolServer (SCMBlockProtocolServer.java:start(162)) - RPC server for Block Protocol is listening at /0.0.0.0:15268
2024-04-25 19:25:58,480 [IPC Server Responder] INFO  ipc.Server (Server.java:run(1562)) - IPC Server Responder: starting
2024-04-25 19:25:58,480 [IPC Server listener on 15268] INFO  ipc.Server (Server.java:run(1402)) - IPC Server listener on 15268: starting
2024-04-25 19:25:58,486 [main] INFO  server.SCMDatanodeProtocolServer (SCMDatanodeProtocolServer.java:start(194)) - ScmDatanodeProtocol RPC server for DataNodes is listening at /0.0.0.0:15269
2024-04-25 19:25:58,486 [IPC Server Responder] INFO  ipc.Server (Server.java:run(1562)) - IPC Server Responder: starting
2024-04-25 19:25:58,486 [IPC Server listener on 15269] INFO  ipc.Server (Server.java:run(1402)) - IPC Server listener on 15269: starting
2024-04-25 19:25:58,493 [JvmPauseMonitor33] INFO  util.JvmPauseMonitor (JvmPauseMonitor.java:run(146)) - JvmPauseMonitor-3be3e128-fdf0-4a97-8f58-dba47862f786: Started
2024-04-25 19:25:58,493 [main] INFO  http.BaseHttpServer (BaseHttpServer.java:newHttpServer2BuilderForOzone(223)) - Starting Web-server for scm at: http://0.0.0.0:15270
2024-04-25 19:25:58,493 [main] INFO  http.BaseHttpServer (BaseHttpServer.java:<init>(110)) - Hadoop Security Enabled: false Ozone Security Enabled: false Ozone HTTP Security Enabled: false 
2024-04-25 19:25:58,494 [main] WARN  server.AuthenticationFilter (AuthenticationFilter.java:constructSecretProvider(240)) - Unable to initialize FileSignerSecretProvider, falling back to use random secrets. Reason: Could not read signature secret file: /home/runner/hadoop-http-auth-signature-secret
2024-04-25 19:25:58,495 [main] INFO  http.HttpRequestLog (HttpRequestLog.java:getRequestLog(86)) - Http request log for http.requests.scm is not defined
2024-04-25 19:25:58,495 [main] INFO  http.HttpServer2 (HttpServer2.java:addGlobalFilter(1036)) - Added global filter 'safety' (class=org.apache.hadoop.hdds.server.http.HttpServer2$QuotingInputFilter)
2024-04-25 19:25:58,496 [main] INFO  http.HttpServer2 (HttpServer2.java:addFilter(1012)) - Added filter static_user_filter (class=org.apache.hadoop.http.lib.StaticUserWebFilter$StaticUserFilter) to context scm
2024-04-25 19:25:58,496 [main] INFO  http.HttpServer2 (HttpServer2.java:addFilter(1020)) - Added filter static_user_filter (class=org.apache.hadoop.http.lib.StaticUserWebFilter$StaticUserFilter) to context logs
2024-04-25 19:25:58,496 [main] INFO  http.HttpServer2 (HttpServer2.java:addFilter(1020)) - Added filter static_user_filter (class=org.apache.hadoop.http.lib.StaticUserWebFilter$StaticUserFilter) to context static
2024-04-25 19:25:58,496 [main] INFO  http.BaseHttpServer (BaseHttpServer.java:<init>(189)) - HTTP server of scm uses base directory /home/runner/work/ozone/ozone/hadoop-ozone/integration-test/target/test-dir/MiniOzoneClusterImpl-f82f7a4c-b7ce-4bc7-bddc-b4ce9d407ba8/ozone-meta/webserver
2024-04-25 19:25:58,496 [main] INFO  http.HttpServer2 (HttpServer2.java:bindListener(1236)) - Jetty bound to port 15270
2024-04-25 19:25:58,496 [main] INFO  server.Server (Server.java:doStart(375)) - jetty-9.4.53.v20231009; built: 2023-10-09T12:29:09.265Z; git: 27bde00a0b95a1d5bbee0eae7984f891d2d0f8c9; jvm 17.0.10+7
2024-04-25 19:25:58,497 [main] INFO  server.session (DefaultSessionIdManager.java:doStart(334)) - DefaultSessionIdManager workerName=node0
2024-04-25 19:25:58,497 [main] INFO  server.session (DefaultSessionIdManager.java:doStart(339)) - No SessionScavenger set, using defaults
2024-04-25 19:25:58,497 [main] INFO  server.session (HouseKeeper.java:startScavenging(132)) - node0 Scavenging every 600000ms
2024-04-25 19:25:58,498 [main] INFO  handler.ContextHandler (ContextHandler.java:doStart(921)) - Started o.e.j.s.ServletContextHandler@26234101{logs,/logs,file:///home/runner/work/ozone/ozone/hadoop-ozone/integration-test/target/log,AVAILABLE}
2024-04-25 19:25:58,498 [main] INFO  handler.ContextHandler (ContextHandler.java:doStart(921)) - Started o.e.j.s.ServletContextHandler@7e983867{static,/static,file:///home/runner/work/ozone/ozone/hadoop-ozone/integration-test/target/test-classes/webapps/static,AVAILABLE}
2024-04-25 19:25:58,502 [main] INFO  handler.ContextHandler (ContextHandler.java:doStart(921)) - Started o.e.j.w.WebAppContext@18d90d06{scm,/,file:///home/runner/work/ozone/ozone/hadoop-ozone/integration-test/target/test-classes/webapps/scm/,AVAILABLE}{file:/home/runner/work/ozone/ozone/hadoop-ozone/integration-test/target/test-classes/webapps/scm}
2024-04-25 19:25:58,502 [main] INFO  server.AbstractConnector (AbstractConnector.java:doStart(333)) - Started ServerConnector@8caf364{HTTP/1.1, (http/1.1)}{0.0.0.0:15270}
2024-04-25 19:25:58,502 [main] INFO  server.Server (Server.java:doStart(415)) - Started @120215ms
2024-04-25 19:25:58,502 [main] WARN  impl.MetricsSystemImpl (MetricsSystemImpl.java:register(279)) - Sink prometheus already exists!
2024-04-25 19:25:58,503 [main] INFO  http.BaseHttpServer (BaseHttpServer.java:updateConnectorAddress(354)) - HTTP server of scm listening at http://0.0.0.0:15270
2024-04-25 19:25:58,503 [main] WARN  server.ServerUtils (ServerUtils.java:getDBPath(299)) - ozone.om.db.dirs is not configured. We recommend adding this setting. Falling back to ozone.metadata.dirs instead.
2024-04-25 19:25:58,504 [main] INFO  ha.OMHANodeDetails (OMHANodeDetails.java:loadOMHAConfig(115)) - ozone.om.internal.service.id is not defined, falling back to ozone.om.service.ids to find serviceID for OzoneManager if it is HA enabled cluster
2024-04-25 19:25:58,504 [main] INFO  ha.OMHANodeDetails (OMHANodeDetails.java:loadOMHAConfig(226)) - Configuration does not have ozone.om.address set. Falling back to the default OM address /127.0.0.1:15271
2024-04-25 19:25:58,504 [main] INFO  ha.OMHANodeDetails (OMHANodeDetails.java:getOMNodeDetailsForNonHA(254)) - OM Service ID is not set. Setting it to the default ID: omServiceIdDefault
2024-04-25 19:25:58,504 [main] INFO  ha.OMHANodeDetails (OMHANodeDetails.java:getOMNodeDetailsForNonHA(261)) - OM Node ID is not set. Setting it to the default ID: om1
2024-04-25 19:25:58,504 [main] WARN  server.ServerUtils (ServerUtils.java:getDBPath(299)) - ozone.om.db.dirs is not configured. We recommend adding this setting. Falling back to ozone.metadata.dirs instead.
2024-04-25 19:25:58,505 [main] INFO  upgrade.AbstractLayoutVersionManager (AbstractLayoutVersionManager.java:init(83)) - Initializing Layout version manager with metadata layout = QUOTA (version = 6), software layout = QUOTA (version = 6)
2024-04-25 19:25:58,526 [main] INFO  reflections.Reflections (Reflections.java:scan(219)) - Reflections took 20 ms to scan 2 urls, producing 188 keys and 545 values
2024-04-25 19:25:58,526 [main] INFO  upgrade.OMLayoutVersionManager (OMLayoutVersionManager.java:lambda$0(113)) - Skipping Upgrade Action QuotaRepairUpgradeAction since it has been finalized.
2024-04-25 19:25:58,527 [main] INFO  upgrade.OMLayoutVersionManager (OMLayoutVersionManager.java:lambda$0(113)) - Skipping Upgrade Action MockOmUpgradeAction since it has been finalized.
2024-04-25 19:25:58,527 [main] WARN  server.ServerUtils (ServerUtils.java:getDBPath(299)) - ozone.om.db.dirs is not configured. We recommend adding this setting. Falling back to ozone.metadata.dirs instead.
2024-04-25 19:25:58,527 [main] INFO  proxy.SCMBlockLocationFailoverProxyProvider (SCMBlockLocationFailoverProxyProvider.java:<init>(115)) - Created block location fail-over proxy with 1 nodes: [nodeId=scmNodeId,nodeAddress=/0.0.0.0:15268]
2024-04-25 19:25:58,528 [main] INFO  proxy.SCMBlockLocationFailoverProxyProvider (SCMBlockLocationFailoverProxyProvider.java:<init>(115)) - Created block location fail-over proxy with 1 nodes: [nodeId=scmNodeId,nodeAddress=/0.0.0.0:15268]
2024-04-25 19:25:58,531 [main] INFO  om.OzoneManager (OzoneManager.java:<init>(677)) - OM start with adminUsers: [runner]
2024-04-25 19:25:58,532 [main] WARN  server.ServerUtils (ServerUtils.java:getDBPath(299)) - ozone.om.db.dirs is not configured. We recommend adding this setting. Falling back to ozone.metadata.dirs instead.
2024-04-25 19:25:58,532 [main] INFO  helpers.OmKeyInfo (OmKeyInfo.java:getCodec(71)) - OmKeyInfo.getCodec ignorePipeline = true
2024-04-25 19:25:58,677 [main] INFO  om.OzoneManager (OzoneManager.java:instantiateServices(811)) - S3 Multi-Tenancy is disabled
2024-04-25 19:25:58,678 [main] INFO  om.OmSnapshotManager (OmSnapshotManager.java:<init>(179)) - Ozone filesystem snapshot feature is enabled.
2024-04-25 19:25:58,678 [main] WARN  server.ServerUtils (ServerUtils.java:getDBPath(299)) - ozone.om.snapshot.diff.db.dir is not configured. We recommend adding this setting. Falling back to ozone.metadata.dirs instead.
2024-04-25 19:25:58,694 [main] INFO  utils.NativeLibraryLoader (NativeLibraryLoader.java:loadLibrary(111)) - Loading Library: ozone_rocksdb_tools
2024-04-25 19:25:58,694 [main] ERROR snapshot.SnapshotDiffManager (SnapshotDiffManager.java:initNativeLibraryForEfficientDiff(287)) - Native Library for raw sst file reading loading failed.
org.apache.hadoop.hdds.utils.NativeLibraryNotLoadedException: Unable to load library ozone_rocksdb_tools from both java.library.path & resource file libozone_rocksdb_tools.so from jar.
	at org.apache.hadoop.hdds.utils.db.managed.ManagedRawSSTFileReader.loadLibrary(ManagedRawSSTFileReader.java:40)
	at org.apache.hadoop.ozone.om.snapshot.SnapshotDiffManager.initNativeLibraryForEfficientDiff(SnapshotDiffManager.java:285)
	at org.apache.hadoop.ozone.om.snapshot.SnapshotDiffManager.<init>(SnapshotDiffManager.java:259)
	at org.apache.hadoop.ozone.om.OmSnapshotManager.<init>(OmSnapshotManager.java:286)
	at org.apache.hadoop.ozone.om.OzoneManager.instantiateServices(OzoneManager.java:863)
	at org.apache.hadoop.ozone.om.OzoneManager.<init>(OzoneManager.java:687)
	at org.apache.hadoop.ozone.om.OzoneManager.createOm(OzoneManager.java:774)
	at org.apache.hadoop.ozone.MiniOzoneClusterImpl$Builder.createOM(MiniOzoneClusterImpl.java:689)
	at org.apache.hadoop.ozone.MiniOzoneClusterImpl$Builder.createAndStartSingleOM(MiniOzoneClusterImpl.java:673)
	at org.apache.hadoop.ozone.MiniOzoneClusterImpl$Builder.build(MiniOzoneClusterImpl.java:535)
	at org.apache.hadoop.ozone.client.rpc.TestWatchForCommit.init(TestWatchForCommit.java:154)
	at java.base/jdk.internal.reflect.NativeMethodAccessorImpl.invoke0(Native Method)
	at java.base/jdk.internal.reflect.NativeMethodAccessorImpl.invoke(NativeMethodAccessorImpl.java:77)
	at java.base/jdk.internal.reflect.DelegatingMethodAccessorImpl.invoke(DelegatingMethodAccessorImpl.java:43)
	at java.base/java.lang.reflect.Method.invoke(Method.java:568)
	at org.junit.platform.commons.util.ReflectionUtils.invokeMethod(ReflectionUtils.java:728)
	at org.junit.jupiter.engine.execution.MethodInvocation.proceed(MethodInvocation.java:60)
	at org.junit.jupiter.engine.execution.InvocationInterceptorChain$ValidatingInvocation.proceed(InvocationInterceptorChain.java:131)
	at org.junit.jupiter.engine.extension.TimeoutExtension.intercept(TimeoutExtension.java:156)
	at org.junit.jupiter.engine.extension.TimeoutExtension.interceptLifecycleMethod(TimeoutExtension.java:128)
	at org.junit.jupiter.engine.extension.TimeoutExtension.interceptBeforeEachMethod(TimeoutExtension.java:78)
	at org.junit.jupiter.engine.execution.InterceptingExecutableInvoker$ReflectiveInterceptorCall.lambda$ofVoidMethod$0(InterceptingExecutableInvoker.java:103)
	at org.junit.jupiter.engine.execution.InterceptingExecutableInvoker.lambda$invoke$0(InterceptingExecutableInvoker.java:93)
	at org.junit.jupiter.engine.execution.InvocationInterceptorChain$InterceptedInvocation.proceed(InvocationInterceptorChain.java:106)
	at org.junit.jupiter.engine.execution.InvocationInterceptorChain.proceed(InvocationInterceptorChain.java:64)
	at org.junit.jupiter.engine.execution.InvocationInterceptorChain.chainAndInvoke(InvocationInterceptorChain.java:45)
	at org.junit.jupiter.engine.execution.InvocationInterceptorChain.invoke(InvocationInterceptorChain.java:37)
	at org.junit.jupiter.engine.execution.InterceptingExecutableInvoker.invoke(InterceptingExecutableInvoker.java:92)
	at org.junit.jupiter.engine.execution.InterceptingExecutableInvoker.invoke(InterceptingExecutableInvoker.java:86)
	at org.junit.jupiter.engine.descriptor.ClassBasedTestDescriptor.invokeMethodInExtensionContext(ClassBasedTestDescriptor.java:521)
	at org.junit.jupiter.engine.descriptor.ClassBasedTestDescriptor.lambda$synthesizeBeforeEachMethodAdapter$23(ClassBasedTestDescriptor.java:506)
	at org.junit.jupiter.engine.descriptor.TestMethodTestDescriptor.lambda$invokeBeforeEachMethods$3(TestMethodTestDescriptor.java:175)
	at org.junit.jupiter.engine.descriptor.TestMethodTestDescriptor.lambda$invokeBeforeMethodsOrCallbacksUntilExceptionOccurs$6(TestMethodTestDescriptor.java:203)
	at org.junit.platform.engine.support.hierarchical.ThrowableCollector.execute(ThrowableCollector.java:73)
	at org.junit.jupiter.engine.descriptor.TestMethodTestDescriptor.invokeBeforeMethodsOrCallbacksUntilExceptionOccurs(TestMethodTestDescriptor.java:203)
	at org.junit.jupiter.engine.descriptor.TestMethodTestDescriptor.invokeBeforeEachMethods(TestMethodTestDescriptor.java:172)
	at org.junit.jupiter.engine.descriptor.TestMethodTestDescriptor.execute(TestMethodTestDescriptor.java:135)
	at org.junit.jupiter.engine.descriptor.TestMethodTestDescriptor.execute(TestMethodTestDescriptor.java:69)
	at org.junit.platform.engine.support.hierarchical.NodeTestTask.lambda$executeRecursively$6(NodeTestTask.java:151)
	at org.junit.platform.engine.support.hierarchical.ThrowableCollector.execute(ThrowableCollector.java:73)
	at org.junit.platform.engine.support.hierarchical.NodeTestTask.lambda$executeRecursively$8(NodeTestTask.java:141)
	at org.junit.platform.engine.support.hierarchical.Node.around(Node.java:137)
	at org.junit.platform.engine.support.hierarchical.NodeTestTask.lambda$executeRecursively$9(NodeTestTask.java:139)
	at org.junit.platform.engine.support.hierarchical.ThrowableCollector.execute(ThrowableCollector.java:73)
	at org.junit.platform.engine.support.hierarchical.NodeTestTask.executeRecursively(NodeTestTask.java:138)
	at org.junit.platform.engine.support.hierarchical.NodeTestTask.execute(NodeTestTask.java:95)
	at java.base/java.util.ArrayList.forEach(ArrayList.java:1511)
	at org.junit.platform.engine.support.hierarchical.SameThreadHierarchicalTestExecutorService.invokeAll(SameThreadHierarchicalTestExecutorService.java:41)
	at org.junit.platform.engine.support.hierarchical.NodeTestTask.lambda$executeRecursively$6(NodeTestTask.java:155)
	at org.junit.platform.engine.support.hierarchical.ThrowableCollector.execute(ThrowableCollector.java:73)
	at org.junit.platform.engine.support.hierarchical.NodeTestTask.lambda$executeRecursively$8(NodeTestTask.java:141)
	at org.junit.platform.engine.support.hierarchical.Node.around(Node.java:137)
	at org.junit.platform.engine.support.hierarchical.NodeTestTask.lambda$executeRecursively$9(NodeTestTask.java:139)
	at org.junit.platform.engine.support.hierarchical.ThrowableCollector.execute(ThrowableCollector.java:73)
	at org.junit.platform.engine.support.hierarchical.NodeTestTask.executeRecursively(NodeTestTask.java:138)
	at org.junit.platform.engine.support.hierarchical.NodeTestTask.execute(NodeTestTask.java:95)
	at java.base/java.util.ArrayList.forEach(ArrayList.java:1511)
	at org.junit.platform.engine.support.hierarchical.SameThreadHierarchicalTestExecutorService.invokeAll(SameThreadHierarchicalTestExecutorService.java:41)
	at org.junit.platform.engine.support.hierarchical.NodeTestTask.lambda$executeRecursively$6(NodeTestTask.java:155)
	at org.junit.platform.engine.support.hierarchical.ThrowableCollector.execute(ThrowableCollector.java:73)
	at org.junit.platform.engine.support.hierarchical.NodeTestTask.lambda$executeRecursively$8(NodeTestTask.java:141)
	at org.junit.platform.engine.support.hierarchical.Node.around(Node.java:137)
	at org.junit.platform.engine.support.hierarchical.NodeTestTask.lambda$executeRecursively$9(NodeTestTask.java:139)
	at org.junit.platform.engine.support.hierarchical.ThrowableCollector.execute(ThrowableCollector.java:73)
	at org.junit.platform.engine.support.hierarchical.NodeTestTask.executeRecursively(NodeTestTask.java:138)
	at org.junit.platform.engine.support.hierarchical.NodeTestTask.execute(NodeTestTask.java:95)
	at org.junit.platform.engine.support.hierarchical.SameThreadHierarchicalTestExecutorService.submit(SameThreadHierarchicalTestExecutorService.java:35)
	at org.junit.platform.engine.support.hierarchical.HierarchicalTestExecutor.execute(HierarchicalTestExecutor.java:57)
	at org.junit.platform.engine.support.hierarchical.HierarchicalTestEngine.execute(HierarchicalTestEngine.java:54)
	at org.junit.platform.launcher.core.EngineExecutionOrchestrator.execute(EngineExecutionOrchestrator.java:198)
	at org.junit.platform.launcher.core.EngineExecutionOrchestrator.execute(EngineExecutionOrchestrator.java:169)
	at org.junit.platform.launcher.core.EngineExecutionOrchestrator.execute(EngineExecutionOrchestrator.java:93)
	at org.junit.platform.launcher.core.EngineExecutionOrchestrator.lambda$execute$0(EngineExecutionOrchestrator.java:58)
	at org.junit.platform.launcher.core.EngineExecutionOrchestrator.withInterceptedStreams(EngineExecutionOrchestrator.java:141)
	at org.junit.platform.launcher.core.EngineExecutionOrchestrator.execute(EngineExecutionOrchestrator.java:57)
	at org.junit.platform.launcher.core.DefaultLauncher.execute(DefaultLauncher.java:103)
	at org.junit.platform.launcher.core.DefaultLauncher.execute(DefaultLauncher.java:85)
	at org.junit.platform.launcher.core.DelegatingLauncher.execute(DelegatingLauncher.java:47)
	at org.junit.platform.launcher.core.SessionPerRequestLauncher.execute(SessionPerRequestLauncher.java:63)
	at org.apache.maven.surefire.junitplatform.JUnitPlatformProvider.invokeAllTests(JUnitPlatformProvider.java:154)
	at org.apache.maven.surefire.junitplatform.JUnitPlatformProvider.invoke(JUnitPlatformProvider.java:123)
	at org.apache.maven.surefire.booter.ForkedBooter.runSuitesInProcess(ForkedBooter.java:377)
	at org.apache.maven.surefire.booter.ForkedBooter.execute(ForkedBooter.java:138)
	at org.apache.maven.surefire.booter.ForkedBooter.run(ForkedBooter.java:465)
	at org.apache.maven.surefire.booter.ForkedBooter.main(ForkedBooter.java:451)
2024-04-25 19:25:58,697 [main] INFO  om.OzoneManager (OzoneManager.java:addS3GVolumeToDB(4463)) - Created Volume s3v With Owner runner required for S3Gateway operations.
2024-04-25 19:25:58,697 [main] WARN  server.ServerUtils (ServerUtils.java:getDefaultRatisDirectory(311)) - Storage directory for Ratis is not configured. It is a good idea to map this to an SSD disk. Falling back to ozone.metadata.dirs
2024-04-25 19:25:58,697 [main] WARN  utils.OzoneManagerRatisUtils (OzoneManagerRatisUtils.java:getOMRatisSnapshotDirectory(476)) - ozone.om.ratis.snapshot.dir is not configured. Falling back to ozone.metadata.dirs config
2024-04-25 19:25:58,697 [main] WARN  server.ServerUtils (ServerUtils.java:getDefaultRatisDirectory(311)) - Storage directory for Ratis is not configured. It is a good idea to map this to an SSD disk. Falling back to ozone.metadata.dirs
2024-04-25 19:25:58,698 [main] INFO  ratis.OzoneManagerRatisServer (OzoneManagerRatisServer.java:<init>(167)) - Instantiating OM Ratis server with groupID: omServiceIdDefault and peers: localhost:15274
2024-04-25 19:25:58,699 [main] INFO  ratis.OzoneManagerStateMachine (OzoneManagerStateMachine.java:loadSnapshotInfoFromDB(589)) - TransactionInfo not found in OM DB.
2024-04-25 19:25:58,699 [main] INFO  server.RaftServer (ConfUtils.java:logGet(46)) - raft.rpc.type = GRPC (default)
2024-04-25 19:25:58,699 [main] INFO  grpc.GrpcConfigKeys (ConfUtils.java:logFallback(53)) - raft.grpc.admin.host = null (fallback to raft.grpc.server.host)
2024-04-25 19:25:58,699 [main] INFO  grpc.GrpcConfigKeys (ConfUtils.java:logFallback(53)) - raft.grpc.admin.port = 15274 (fallback to raft.grpc.server.port)
2024-04-25 19:25:58,699 [main] INFO  grpc.GrpcConfigKeys (ConfUtils.java:logFallback(53)) - raft.grpc.client.host = null (fallback to raft.grpc.server.host)
2024-04-25 19:25:58,699 [main] INFO  grpc.GrpcConfigKeys (ConfUtils.java:logFallback(53)) - raft.grpc.client.port = 15274 (fallback to raft.grpc.server.port)
2024-04-25 19:25:58,700 [main] INFO  grpc.GrpcConfigKeys (ConfUtils.java:logGet(46)) - raft.grpc.server.host = null (default)
2024-04-25 19:25:58,700 [main] INFO  grpc.GrpcConfigKeys (ConfUtils.java:logGet(46)) - raft.grpc.server.port = 15274 (custom)
2024-04-25 19:25:58,700 [main] INFO  server.GrpcService (ConfUtils.java:logGet(46)) - raft.grpc.message.size.max = 4194304 (custom)
2024-04-25 19:25:58,700 [main] INFO  server.RaftServerConfigKeys (ConfUtils.java:logGet(46)) - raft.server.log.appender.buffer.byte-limit = 4194304 (custom)
2024-04-25 19:25:58,700 [main] INFO  server.GrpcService (ConfUtils.java:logGet(46)) - raft.grpc.flow.control.window = 1MB (=1048576) (default)
2024-04-25 19:25:58,700 [main] INFO  server.RaftServerConfigKeys (ConfUtils.java:logGet(46)) - raft.server.rpc.request.timeout = 3000ms (default)
2024-04-25 19:25:58,700 [main] INFO  grpc.GrpcConfigKeys (ConfUtils.java:logGet(46)) - raft.grpc.server.heartbeat.channel = true (default)
2024-04-25 19:25:58,700 [main] INFO  grpc.GrpcConfigKeys (ConfUtils.java:logGet(46)) - raft.grpc.server.async.request.thread.pool.cached = true (default)
2024-04-25 19:25:58,700 [main] INFO  grpc.GrpcConfigKeys (ConfUtils.java:logGet(46)) - raft.grpc.server.async.request.thread.pool.size = 32 (default)
2024-04-25 19:25:58,701 [main] INFO  impl.DataStreamServerImpl (ConfUtils.java:logGet(46)) - raft.datastream.type = DISABLED (default)
2024-04-25 19:25:58,701 [main] INFO  server.RaftServerConfigKeys (ConfUtils.java:logGet(46)) - raft.server.sleep.deviation.threshold = 300ms (default)
2024-04-25 19:25:58,701 [main] INFO  server.RaftServerConfigKeys (ConfUtils.java:logGet(46)) - raft.server.close.threshold = 60s (default)
2024-04-25 19:25:58,701 [main] INFO  server.RaftServerConfigKeys (ConfUtils.java:logGet(46)) - raft.server.leaderelection.leader.step-down.wait-time = 10s (default)
2024-04-25 19:25:58,702 [main] INFO  server.RaftServerConfigKeys (ConfUtils.java:logGet(46)) - raft.server.storage.dir = [/home/runner/work/ozone/ozone/hadoop-ozone/integration-test/target/test-dir/MiniOzoneClusterImpl-f82f7a4c-b7ce-4bc7-bddc-b4ce9d407ba8/ozone-meta/ratis] (custom)
2024-04-25 19:25:58,702 [main] INFO  server.RaftServerConfigKeys (ConfUtils.java:logGet(46)) - raft.server.threadpool.proxy.cached = true (default)
2024-04-25 19:25:58,702 [main] INFO  server.RaftServerConfigKeys (ConfUtils.java:logGet(46)) - raft.server.threadpool.proxy.size = 0 (default)
2024-04-25 19:25:58,702 [main] INFO  server.RaftServer (RaftServerProxy.java:addNew(100)) - om1: addNew group-C5BA1605619E:[om1|localhost:15274] returns group-C5BA1605619E:java.util.concurrent.CompletableFuture@6d0bf784[Not completed]
2024-04-25 19:25:58,702 [main] INFO  om.OzoneManager (OzoneManager.java:initializeRatisServer(2168)) - OzoneManager Ratis server initialized at port 15274
2024-04-25 19:25:58,702 [om1-groupManagement] INFO  server.RaftServer$Division (RaftServerImpl.java:<init>(256)) - om1: new RaftServerImpl for group-C5BA1605619E:[om1|localhost:15274] with OzoneManagerStateMachine:uninitialized
2024-04-25 19:25:58,702 [main] INFO  om.OzoneManager (OzoneManager.java:getRpcServer(1227)) - Creating RPC Server
2024-04-25 19:25:58,702 [om1-groupManagement] INFO  server.RaftServerConfigKeys (ConfUtils.java:logGet(46)) - raft.server.rpc.timeout.min = 1s (custom)
2024-04-25 19:25:58,703 [om1-groupManagement] INFO  server.RaftServerConfigKeys (ConfUtils.java:logGet(46)) - raft.server.rpc.timeout.max = 1200ms (custom)
2024-04-25 19:25:58,703 [om1-groupManagement] INFO  server.RaftServerConfigKeys (ConfUtils.java:logGet(46)) - raft.server.rpc.sleep.time = 25ms (default)
2024-04-25 19:25:58,703 [om1-groupManagement] INFO  server.RaftServerConfigKeys (ConfUtils.java:logGet(46)) - raft.server.rpc.slowness.timeout = 120s (custom)
2024-04-25 19:25:58,703 [om1-groupManagement] INFO  server.RaftServerConfigKeys (ConfUtils.java:logGet(46)) - raft.server.leaderelection.leader.step-down.wait-time = 10s (default)
2024-04-25 19:25:58,703 [om1-groupManagement] INFO  server.RaftServerConfigKeys (ConfUtils.java:logGet(46)) - raft.server.leaderelection.member.majority-add = false (default)
2024-04-25 19:25:58,703 [om1-groupManagement] INFO  server.RaftServerConfigKeys (ConfUtils.java:logGet(46)) - raft.server.sleep.deviation.threshold = 300ms (default)
2024-04-25 19:25:58,703 [om1-groupManagement] INFO  server.RaftServer$Division (ServerState.java:<init>(113)) - om1@group-C5BA1605619E: ConfigurationManager, init=-1: peers:[om1|localhost:15274]|listeners:[], old=null, confs=<EMPTY_MAP>
2024-04-25 19:25:58,703 [om1-groupManagement] INFO  server.RaftServerConfigKeys (ConfUtils.java:logGet(46)) - raft.server.notification.no-leader.timeout = 120s (custom)
2024-04-25 19:25:58,703 [om1-groupManagement] INFO  server.RaftServerConfigKeys (ConfUtils.java:logGet(46)) - raft.server.read.timeout = 10s (default)
2024-04-25 19:25:58,703 [om1-groupManagement] INFO  server.RaftServerConfigKeys (ConfUtils.java:logGet(46)) - raft.server.retrycache.expirytime = 300s (custom)
2024-04-25 19:25:58,703 [om1-groupManagement] INFO  server.RaftServerConfigKeys (ConfUtils.java:logGet(46)) - raft.server.retrycache.statistics.expirytime = 100ms (default)
2024-04-25 19:25:58,703 [om1-groupManagement] INFO  server.RaftServerConfigKeys (ConfUtils.java:logGet(46)) - raft.server.read.option = DEFAULT (default)
2024-04-25 19:25:58,721 [om1-groupManagement] INFO  server.RaftServerConfigKeys (ConfUtils.java:logGet(46)) - raft.server.read.read-after-write-consistent.write-index-cache.expiry-time = 60s (default)
2024-04-25 19:25:58,723 [om1-groupManagement] INFO  server.RaftServerConfigKeys (ConfUtils.java:logGet(46)) - raft.server.rpc.request.timeout = 3000ms (default)
2024-04-25 19:25:58,723 [om1-groupManagement] INFO  server.RaftServerConfigKeys (ConfUtils.java:logGet(46)) - raft.server.log.appender.install.snapshot.enabled = false (custom)
2024-04-25 19:25:58,724 [om1-groupManagement] INFO  server.RaftServerConfigKeys (ConfUtils.java:logGet(46)) - raft.server.threadpool.server.cached = true (default)
2024-04-25 19:25:58,724 [om1-groupManagement] INFO  server.RaftServerConfigKeys (ConfUtils.java:logGet(46)) - raft.server.threadpool.server.size = 0 (default)
2024-04-25 19:25:58,724 [om1-groupManagement] INFO  server.RaftServerConfigKeys (ConfUtils.java:logGet(46)) - raft.server.threadpool.client.cached = true (default)
2024-04-25 19:25:58,725 [om1-groupManagement] INFO  server.RaftServerConfigKeys (ConfUtils.java:logGet(46)) - raft.server.threadpool.client.size = 0 (default)
2024-04-25 19:25:58,954 [main] INFO  reflections.Reflections (Reflections.java:scan(219)) - Reflections took 250 ms to scan 20 urls, producing 58 keys and 6545 values
2024-04-25 19:25:58,955 [main] INFO  ipc.CallQueueManager (CallQueueManager.java:<init>(90)) - Using callQueue: class java.util.concurrent.LinkedBlockingQueue, queueCapacity: 2000, scheduler: class org.apache.hadoop.ipc.DefaultRpcScheduler, ipcBackoff: false.
2024-04-25 19:25:58,955 [main] INFO  ipc.Server (Server.java:<init>(1287)) - Listener at 127.0.0.1:15271
2024-04-25 19:25:58,956 [Socket Reader #1 for port 15271] INFO  ipc.Server (Server.java:run(1323)) - Starting Socket Reader #1 for port 15271
2024-04-25 19:25:58,970 [main] INFO  impl.MetricsSystemImpl (MetricsSystemImpl.java:init(158)) - OzoneManager metrics system started (again)
2024-04-25 19:25:58,978 [main] INFO  om.OzoneManager (OzoneManager.java:start(1649)) - OzoneManager RPC server is listening at localhost/127.0.0.1:15271
2024-04-25 19:25:58,978 [main] INFO  ratis.OzoneManagerRatisServer (OzoneManagerRatisServer.java:start(588)) - Starting OzoneManagerRatisServer om1 at port 15274
2024-04-25 19:25:58,978 [om1-impl-thread1] INFO  server.RaftServerConfigKeys (ConfUtils.java:logGet(46)) - raft.server.storage.free-space.min = 0MB (=0) (default)
2024-04-25 19:25:58,978 [om1-impl-thread1] INFO  server.RaftServerConfigKeys (ConfUtils.java:logGet(46)) - raft.server.log.corruption.policy = EXCEPTION (default)
2024-04-25 19:25:58,978 [om1-impl-thread1] INFO  server.RaftServerConfigKeys (ConfUtils.java:logGet(46)) - raft.server.storage.dir = [/home/runner/work/ozone/ozone/hadoop-ozone/integration-test/target/test-dir/MiniOzoneClusterImpl-f82f7a4c-b7ce-4bc7-bddc-b4ce9d407ba8/ozone-meta/ratis] (custom)
2024-04-25 19:25:58,979 [om1-impl-thread1] INFO  storage.RaftStorageDirectory (RaftStorageDirectoryImpl.java:analyzeStorage(138)) - The storage directory /home/runner/work/ozone/ozone/hadoop-ozone/integration-test/target/test-dir/MiniOzoneClusterImpl-f82f7a4c-b7ce-4bc7-bddc-b4ce9d407ba8/ozone-meta/ratis/bf265839-605b-3f16-9796-c5ba1605619e does not exist. Creating ...
2024-04-25 19:25:58,980 [om1-impl-thread1] INFO  storage.RaftStorageDirectory (RaftStorageDirectoryImpl.java:tryLock(228)) - Lock on /home/runner/work/ozone/ozone/hadoop-ozone/integration-test/target/test-dir/MiniOzoneClusterImpl-f82f7a4c-b7ce-4bc7-bddc-b4ce9d407ba8/ozone-meta/ratis/bf265839-605b-3f16-9796-c5ba1605619e/in_use.lock acquired by nodename 21201@fv-az524-255
2024-04-25 19:25:58,981 [om1-impl-thread1] INFO  storage.RaftStorage (RaftStorageImpl.java:format(99)) - Storage directory /home/runner/work/ozone/ozone/hadoop-ozone/integration-test/target/test-dir/MiniOzoneClusterImpl-f82f7a4c-b7ce-4bc7-bddc-b4ce9d407ba8/ozone-meta/ratis/bf265839-605b-3f16-9796-c5ba1605619e has been successfully formatted.
2024-04-25 19:25:58,981 [om1-impl-thread1] WARN  util.FileUtils (LogUtils.java:supplyAndLog(63)) - Failed to Files.newInputStream /home/runner/work/ozone/ozone/hadoop-ozone/integration-test/target/test-dir/MiniOzoneClusterImpl-f82f7a4c-b7ce-4bc7-bddc-b4ce9d407ba8/ozone-meta/ratis/bf265839-605b-3f16-9796-c5ba1605619e/current/raft-meta.conf with options []: java.nio.file.NoSuchFileException: /home/runner/work/ozone/ozone/hadoop-ozone/integration-test/target/test-dir/MiniOzoneClusterImpl-f82f7a4c-b7ce-4bc7-bddc-b4ce9d407ba8/ozone-meta/ratis/bf265839-605b-3f16-9796-c5ba1605619e/current/raft-meta.conf
2024-04-25 19:25:58,981 [om1-impl-thread1] INFO  server.RaftServerConfigKeys (ConfUtils.java:logGet(46)) - raft.server.log.use.memory = false (default)
2024-04-25 19:25:58,981 [om1-impl-thread1] INFO  server.RaftServerConfigKeys (ConfUtils.java:logGet(46)) - raft.server.log.purge.gap = 1000000 (custom)
2024-04-25 19:25:58,981 [om1-impl-thread1] INFO  server.RaftServerConfigKeys (ConfUtils.java:logGet(46)) - raft.server.log.appender.buffer.byte-limit = 4194304 (custom)
2024-04-25 19:25:58,981 [om1-impl-thread1] INFO  server.RaftServerConfigKeys (ConfUtils.java:logGet(46)) - raft.server.log.statemachine.data.read.timeout = 1000ms (default)
2024-04-25 19:25:58,981 [om1-impl-thread1] INFO  server.RaftServerConfigKeys (ConfUtils.java:logGet(46)) - raft.server.log.purge.preservation.log.num = 0 (default)
2024-04-25 19:25:58,982 [om1-impl-thread1] INFO  server.RaftServerConfigKeys (ConfUtils.java:logGet(46)) - raft.server.log.segment.size.max = 4194304 (custom)
2024-04-25 19:25:58,982 [om1-impl-thread1] INFO  server.RaftServerConfigKeys (ConfUtils.java:logGet(46)) - raft.server.log.segment.cache.num.max = 2 (custom)
2024-04-25 19:25:58,982 [om1-impl-thread1] INFO  server.RaftServerConfigKeys (ConfUtils.java:logGet(46)) - raft.server.log.segment.cache.size.max = 200MB (=209715200) (default)
2024-04-25 19:25:58,982 [om1-impl-thread1] INFO  server.RaftServerConfigKeys (ConfUtils.java:logGet(46)) - raft.server.log.appender.buffer.byte-limit = 4194304 (custom)
2024-04-25 19:25:58,982 [om1-impl-thread1] INFO  util.AwaitToRun (AwaitToRun.java:start(81)) - Thread[om1@group-C5BA1605619E-cacheEviction-AwaitToRun,5,main] started
2024-04-25 19:25:58,982 [om1-impl-thread1] INFO  segmented.SegmentedRaftLogWorker (SegmentedRaftLogWorker.java:<init>(182)) - new om1@group-C5BA1605619E-SegmentedRaftLogWorker for RaftStorageImpl:Storage Directory /home/runner/work/ozone/ozone/hadoop-ozone/integration-test/target/test-dir/MiniOzoneClusterImpl-f82f7a4c-b7ce-4bc7-bddc-b4ce9d407ba8/ozone-meta/ratis/bf265839-605b-3f16-9796-c5ba1605619e
2024-04-25 19:25:58,982 [om1-impl-thread1] INFO  server.RaftServerConfigKeys (ConfUtils.java:logGet(46)) - raft.server.log.queue.byte-limit = 64MB (=67108864) (default)
2024-04-25 19:25:58,982 [om1-impl-thread1] INFO  server.RaftServerConfigKeys (ConfUtils.java:logGet(46)) - raft.server.log.queue.element-limit = 4096 (default)
2024-04-25 19:25:58,982 [om1-impl-thread1] INFO  server.RaftServerConfigKeys (ConfUtils.java:logGet(46)) - raft.server.log.segment.size.max = 4194304 (custom)
2024-04-25 19:25:58,982 [om1-impl-thread1] INFO  server.RaftServerConfigKeys (ConfUtils.java:logGet(46)) - raft.server.log.preallocated.size = 4194304 (custom)
2024-04-25 19:25:58,982 [om1-impl-thread1] INFO  server.RaftServerConfigKeys (ConfUtils.java:logGet(46)) - raft.server.log.force.sync.num = 128 (default)
2024-04-25 19:25:58,983 [om1-impl-thread1] INFO  server.RaftServerConfigKeys (ConfUtils.java:logGet(46)) - raft.server.log.statemachine.data.sync = true (default)
2024-04-25 19:25:58,983 [om1-impl-thread1] INFO  server.RaftServerConfigKeys (ConfUtils.java:logGet(46)) - raft.server.log.statemachine.data.sync.timeout = 10s (default)
2024-04-25 19:25:58,983 [om1-impl-thread1] INFO  server.RaftServerConfigKeys (ConfUtils.java:logGet(46)) - raft.server.log.statemachine.data.sync.timeout.retry = -1 (default)
2024-04-25 19:25:58,983 [om1-impl-thread1] INFO  server.RaftServerConfigKeys (ConfUtils.java:logGet(46)) - raft.server.log.write.buffer.size = 4194312 (custom)
2024-04-25 19:25:58,984 [om1-impl-thread1] INFO  server.RaftServerConfigKeys (ConfUtils.java:logGet(46)) - raft.server.log.appender.buffer.byte-limit = 4194304 (custom)
2024-04-25 19:25:58,984 [om1-impl-thread1] INFO  server.RaftServerConfigKeys (ConfUtils.java:logGet(46)) - raft.server.log.unsafe-flush.enabled = false (default)
2024-04-25 19:25:58,984 [om1-impl-thread1] INFO  server.RaftServerConfigKeys (ConfUtils.java:logGet(46)) - raft.server.log.async-flush.enabled = false (default)
2024-04-25 19:25:58,984 [om1-impl-thread1] INFO  server.RaftServerConfigKeys (ConfUtils.java:logGet(46)) - raft.server.log.statemachine.data.caching.enabled = false (default)
2024-04-25 19:25:58,984 [om1-impl-thread1] INFO  segmented.SegmentedRaftLogWorker (SegmentedRaftLogWorker.java:lambda$new$0(134)) - om1@group-C5BA1605619E-SegmentedRaftLogWorker: flushIndex: setUnconditionally 0 -> -1
2024-04-25 19:25:58,984 [om1-impl-thread1] INFO  segmented.SegmentedRaftLogWorker (SegmentedRaftLogWorker.java:lambda$new$0(134)) - om1@group-C5BA1605619E-SegmentedRaftLogWorker: safeCacheEvictIndex: setUnconditionally 0 -> -1
2024-04-25 19:25:58,984 [om1-impl-thread1] INFO  server.RaftServer$Division (RaftServerImpl.java:start(396)) - om1@group-C5BA1605619E: start as a follower, conf=-1: peers:[om1|localhost:15274]|listeners:[], old=null
2024-04-25 19:25:58,984 [om1-impl-thread1] INFO  server.RaftServer$Division (RaftServerImpl.java:setRole(383)) - om1@group-C5BA1605619E: changes role from      null to FOLLOWER at term 0 for startAsFollower
2024-04-25 19:25:58,984 [om1-impl-thread1] INFO  impl.RoleInfo (RoleInfo.java:updateAndGet(139)) - om1: start om1@group-C5BA1605619E-FollowerState
2024-04-25 19:25:58,985 [om1-impl-thread1] INFO  util.JmxRegister (JmxRegister.java:tryRegister(44)) - Successfully registered JMX Bean with object name Ratis:service=RaftServer,group=group-C5BA1605619E,id=om1
2024-04-25 19:25:58,985 [om1-impl-thread1] INFO  server.RaftServerConfigKeys (ConfUtils.java:logGet(46)) - raft.server.snapshot.trigger-when-stop.enabled = true (default)
2024-04-25 19:25:58,985 [om1-impl-thread1] INFO  server.RaftServerConfigKeys (ConfUtils.java:logGet(46)) - raft.server.snapshot.auto.trigger.enabled = true (custom)
2024-04-25 19:25:58,985 [om1-impl-thread1] INFO  server.RaftServerConfigKeys (ConfUtils.java:logGet(46)) - raft.server.snapshot.auto.trigger.threshold = 400000 (default)
2024-04-25 19:25:58,985 [om1-impl-thread1] INFO  server.RaftServerConfigKeys (ConfUtils.java:logGet(46)) - raft.server.snapshot.retention.file.num = -1 (default)
2024-04-25 19:25:58,985 [om1-impl-thread1] INFO  server.RaftServerConfigKeys (ConfUtils.java:logGet(46)) - raft.server.log.purge.upto.snapshot.index = true (custom)
2024-04-25 19:25:58,985 [om1@group-C5BA1605619E-FollowerState] INFO  server.RaftServerConfigKeys (ConfUtils.java:logFallback(53)) - raft.server.rpc.first-election.timeout.min = 1s (fallback to raft.server.rpc.timeout.min)
2024-04-25 19:25:58,985 [main] INFO  server.RaftServer (RaftServerProxy.java:startImpl(406)) - om1: start RPC server
2024-04-25 19:25:58,985 [om1@group-C5BA1605619E-FollowerState] INFO  server.RaftServerConfigKeys (ConfUtils.java:logFallback(53)) - raft.server.rpc.first-election.timeout.max = 1200ms (fallback to raft.server.rpc.timeout.max)
2024-04-25 19:25:58,986 [main] INFO  server.GrpcService (GrpcService.java:startImpl(302)) - om1: GrpcService started, listening on 15274
2024-04-25 19:25:58,986 [JvmPauseMonitor34] INFO  util.JvmPauseMonitor (JvmPauseMonitor.java:run(146)) - JvmPauseMonitor-om1: Started
2024-04-25 19:25:58,987 [main] INFO  om.OzoneManager (OzoneManager.java:start(1665)) - Version File has different layout version (6) than OM DB (null). That is expected if this OM has never been finalized to a newer layout version.
2024-04-25 19:25:58,989 [main] INFO  client.ScmTopologyClient (ScmTopologyClient.java:start(72)) - Initial network topology fetched from SCM: /.
2024-04-25 19:25:58,990 [main] INFO  net.NodeSchemaLoader (NodeSchemaLoader.java:loadSchemaFromFile(129)) - Loading schema from [file:/home/runner/work/ozone/ozone/hadoop-hdds/common/target/classes/network-topology-default.xml]
2024-04-25 19:25:58,990 [main] INFO  net.NodeSchemaLoader (NodeSchemaLoader.java:loadSchema(176)) - Loading network topology layer schema file
2024-04-25 19:25:58,994 [main] INFO  http.BaseHttpServer (BaseHttpServer.java:newHttpServer2BuilderForOzone(223)) - Starting Web-server for ozoneManager at: http://0.0.0.0:15272
2024-04-25 19:25:58,994 [main] INFO  http.BaseHttpServer (BaseHttpServer.java:<init>(110)) - Hadoop Security Enabled: false Ozone Security Enabled: false Ozone HTTP Security Enabled: false 
2024-04-25 19:25:58,995 [main] WARN  server.AuthenticationFilter (AuthenticationFilter.java:constructSecretProvider(240)) - Unable to initialize FileSignerSecretProvider, falling back to use random secrets. Reason: Could not read signature secret file: /home/runner/hadoop-http-auth-signature-secret
2024-04-25 19:25:58,996 [main] INFO  http.HttpRequestLog (HttpRequestLog.java:getRequestLog(86)) - Http request log for http.requests.ozoneManager is not defined
2024-04-25 19:25:58,996 [main] INFO  http.HttpServer2 (HttpServer2.java:addGlobalFilter(1036)) - Added global filter 'safety' (class=org.apache.hadoop.hdds.server.http.HttpServer2$QuotingInputFilter)
2024-04-25 19:25:58,997 [main] INFO  http.HttpServer2 (HttpServer2.java:addFilter(1012)) - Added filter static_user_filter (class=org.apache.hadoop.http.lib.StaticUserWebFilter$StaticUserFilter) to context ozoneManager
2024-04-25 19:25:58,997 [main] INFO  http.HttpServer2 (HttpServer2.java:addFilter(1020)) - Added filter static_user_filter (class=org.apache.hadoop.http.lib.StaticUserWebFilter$StaticUserFilter) to context static
2024-04-25 19:25:58,997 [main] INFO  http.HttpServer2 (HttpServer2.java:addFilter(1020)) - Added filter static_user_filter (class=org.apache.hadoop.http.lib.StaticUserWebFilter$StaticUserFilter) to context logs
2024-04-25 19:25:58,997 [main] INFO  http.BaseHttpServer (BaseHttpServer.java:<init>(189)) - HTTP server of ozoneManager uses base directory /home/runner/work/ozone/ozone/hadoop-ozone/integration-test/target/test-dir/MiniOzoneClusterImpl-f82f7a4c-b7ce-4bc7-bddc-b4ce9d407ba8/ozone-meta/webserver
2024-04-25 19:25:58,997 [main] INFO  http.HttpServer2 (HttpServer2.java:bindListener(1236)) - Jetty bound to port 15272
2024-04-25 19:25:58,997 [main] INFO  server.Server (Server.java:doStart(375)) - jetty-9.4.53.v20231009; built: 2023-10-09T12:29:09.265Z; git: 27bde00a0b95a1d5bbee0eae7984f891d2d0f8c9; jvm 17.0.10+7
2024-04-25 19:25:58,998 [main] INFO  server.session (DefaultSessionIdManager.java:doStart(334)) - DefaultSessionIdManager workerName=node0
2024-04-25 19:25:58,998 [main] INFO  server.session (DefaultSessionIdManager.java:doStart(339)) - No SessionScavenger set, using defaults
2024-04-25 19:25:58,999 [main] INFO  server.session (HouseKeeper.java:startScavenging(132)) - node0 Scavenging every 600000ms
2024-04-25 19:25:58,999 [main] INFO  handler.ContextHandler (ContextHandler.java:doStart(921)) - Started o.e.j.s.ServletContextHandler@6e84faac{logs,/logs,file:///home/runner/work/ozone/ozone/hadoop-ozone/integration-test/target/log,AVAILABLE}
2024-04-25 19:25:58,999 [main] INFO  handler.ContextHandler (ContextHandler.java:doStart(921)) - Started o.e.j.s.ServletContextHandler@6338a0ec{static,/static,file:///home/runner/work/ozone/ozone/hadoop-ozone/integration-test/target/test-classes/webapps/static,AVAILABLE}
2024-04-25 19:25:59,002 [main] INFO  handler.ContextHandler (ContextHandler.java:doStart(921)) - Started o.e.j.w.WebAppContext@1de8248f{ozoneManager,/,file:///home/runner/work/ozone/ozone/hadoop-ozone/integration-test/target/test-classes/webapps/ozoneManager/,AVAILABLE}{file:/home/runner/work/ozone/ozone/hadoop-ozone/integration-test/target/test-classes/webapps/ozoneManager}
2024-04-25 19:25:59,003 [main] INFO  server.AbstractConnector (AbstractConnector.java:doStart(333)) - Started ServerConnector@5680639f{HTTP/1.1, (http/1.1)}{0.0.0.0:15272}
2024-04-25 19:25:59,003 [main] INFO  server.Server (Server.java:doStart(415)) - Started @120716ms
2024-04-25 19:25:59,003 [main] WARN  impl.MetricsSystemImpl (MetricsSystemImpl.java:register(279)) - Sink prometheus already exists!
2024-04-25 19:25:59,003 [main] INFO  http.BaseHttpServer (BaseHttpServer.java:updateConnectorAddress(354)) - HTTP server of ozoneManager listening at http://0.0.0.0:15272
2024-04-25 19:25:59,004 [IPC Server Responder] INFO  ipc.Server (Server.java:run(1562)) - IPC Server Responder: starting
2024-04-25 19:25:59,004 [IPC Server listener on 15271] INFO  ipc.Server (Server.java:run(1402)) - IPC Server listener on 15271: starting
2024-04-25 19:25:59,005 [main] INFO  om.OzoneManager (OzoneManager.java:startTrashEmptier(2121)) - Trash Interval set to 0. Files deleted won't move to trash
2024-04-25 19:25:59,020 [main] WARN  dropwizard3.Dm3MetricRegistriesImpl (Dm3MetricRegistriesImpl.java:addReporterRegistration(113)) - New reporters are added after registries were created. Some metrics will be missing from the reporter. Please add reporter before adding any new registry.
2024-04-25 19:25:59,020 [main] WARN  dropwizard3.Dm3MetricRegistriesImpl (Dm3MetricRegistriesImpl.java:addReporterRegistration(113)) - New reporters are added after registries were created. Some metrics will be missing from the reporter. Please add reporter before adding any new registry.
2024-04-25 19:25:59,021 [main] INFO  impl.MetricsSystemImpl (MetricsSystemImpl.java:init(158)) - HddsDatanode metrics system started (again)
2024-04-25 19:25:59,030 [main] INFO  ozone.HddsDatanodeService (HddsDatanodeService.java:start(240)) - HddsDatanodeService host:fv-az524-255.igxe211viwkezmo5lnqk45pdag.ex.internal.cloudapp.net ip:10.1.0.10
2024-04-25 19:25:59,046 [main] INFO  upgrade.AbstractLayoutVersionManager (AbstractLayoutVersionManager.java:init(83)) - Initializing Layout version manager with metadata layout = HADOOP_PRC_PORTS_IN_DATANODEDETAILS (version = 7), software layout = HADOOP_PRC_PORTS_IN_DATANODEDETAILS (version = 7)
2024-04-25 19:25:59,046 [main] INFO  statemachine.DatanodeStateMachine (DatanodeStateMachine.java:getEndPointTaskThreadPoolSize(299)) - Datanode State Machine Task Thread Pool size 2
2024-04-25 19:25:59,048 [main] INFO  volume.HddsVolume (HddsVolume.java:<init>(126)) - Creating HddsVolume: /home/runner/work/ozone/ozone/hadoop-ozone/integration-test/target/test-dir/MiniOzoneClusterImpl-f82f7a4c-b7ce-4bc7-bddc-b4ce9d407ba8/ozone-meta/datanode-1/data-0/hdds of storage type : DISK capacity : 9223372036854775807
2024-04-25 19:25:59,048 [main] INFO  volume.MutableVolumeSet (MutableVolumeSet.java:initializeVolumeSet(173)) - Added Volume : /home/runner/work/ozone/ozone/hadoop-ozone/integration-test/target/test-dir/MiniOzoneClusterImpl-f82f7a4c-b7ce-4bc7-bddc-b4ce9d407ba8/ozone-meta/datanode-1/data-0/hdds to VolumeSet
2024-04-25 19:25:59,048 [main] INFO  volume.MutableVolumeSet (MutableVolumeSet.java:initializeVolumeSet(173)) - Added Volume : /home/runner/work/ozone/ozone/hadoop-ozone/integration-test/target/test-dir/MiniOzoneClusterImpl-f82f7a4c-b7ce-4bc7-bddc-b4ce9d407ba8/ozone-meta/datanode-1/ratis to VolumeSet
2024-04-25 19:25:59,049 [main] INFO  ozoneimpl.OzoneContainer (HddsVolumeUtil.java:loadAllHddsVolumeDbStore(103)) - Load 1 volumes DbStore cost: 0ms
2024-04-25 19:25:59,051 [main] INFO  server.RaftServer (ConfUtils.java:logGet(46)) - raft.rpc.type = GRPC (default)
2024-04-25 19:25:59,051 [main] INFO  grpc.GrpcConfigKeys (ConfUtils.java:logFallback(53)) - raft.grpc.admin.host = null (fallback to raft.grpc.server.host)
2024-04-25 19:25:59,051 [main] INFO  grpc.GrpcConfigKeys (ConfUtils.java:logGet(46)) - raft.grpc.admin.port = 15280 (custom)
2024-04-25 19:25:59,051 [main] INFO  grpc.GrpcConfigKeys (ConfUtils.java:logFallback(53)) - raft.grpc.client.host = null (fallback to raft.grpc.server.host)
2024-04-25 19:25:59,051 [main] INFO  grpc.GrpcConfigKeys (ConfUtils.java:logGet(46)) - raft.grpc.client.port = 15279 (custom)
2024-04-25 19:25:59,051 [main] INFO  grpc.GrpcConfigKeys (ConfUtils.java:logGet(46)) - raft.grpc.server.host = null (default)
2024-04-25 19:25:59,052 [main] INFO  grpc.GrpcConfigKeys (ConfUtils.java:logGet(46)) - raft.grpc.server.port = 15281 (custom)
2024-04-25 19:25:59,052 [main] INFO  server.GrpcService (ConfUtils.java:logGet(46)) - raft.grpc.message.size.max = 32MB (=33554432) (custom)
2024-04-25 19:25:59,052 [main] INFO  server.RaftServerConfigKeys (ConfUtils.java:logGet(46)) - raft.server.log.appender.buffer.byte-limit = 8388608 (custom)
2024-04-25 19:25:59,052 [main] INFO  server.GrpcService (ConfUtils.java:logGet(46)) - raft.grpc.flow.control.window = 5MB (=5242880) (custom)
2024-04-25 19:25:59,052 [main] INFO  server.RaftServerConfigKeys (ConfUtils.java:logGet(46)) - raft.server.rpc.request.timeout = 3000ms (default)
2024-04-25 19:25:59,052 [main] INFO  grpc.GrpcConfigKeys (ConfUtils.java:logGet(46)) - raft.grpc.server.heartbeat.channel = true (default)
2024-04-25 19:25:59,052 [main] INFO  grpc.GrpcConfigKeys (ConfUtils.java:logGet(46)) - raft.grpc.server.async.request.thread.pool.cached = true (default)
2024-04-25 19:25:59,052 [main] INFO  grpc.GrpcConfigKeys (ConfUtils.java:logGet(46)) - raft.grpc.server.async.request.thread.pool.size = 32 (default)
2024-04-25 19:25:59,053 [main] INFO  impl.DataStreamServerImpl (ConfUtils.java:logGet(46)) - raft.datastream.type = NETTY (custom)
2024-04-25 19:25:59,054 [main] INFO  server.RaftServerConfigKeys (ConfUtils.java:logGet(46)) - raft.server.data-stream.async.request.thread.pool.cached = false (default)
2024-04-25 19:25:59,054 [main] INFO  server.RaftServerConfigKeys (ConfUtils.java:logGet(46)) - raft.server.data-stream.async.request.thread.pool.size = 20 (custom)
2024-04-25 19:25:59,054 [main] INFO  server.RaftServerConfigKeys (ConfUtils.java:logGet(46)) - raft.server.data-stream.async.write.thread.pool.size = 16 (default)
2024-04-25 19:25:59,054 [main] INFO  netty.NettyConfigKeys$DataStream (ConfUtils.java:logGet(46)) - raft.netty.dataStream.server.channel.inactive.grace-period = 10min (default)
2024-04-25 19:25:59,054 [main] INFO  server.RaftServerConfigKeys (ConfUtils.java:logGet(46)) - raft.server.data-stream.client.pool.size = 10 (default)
2024-04-25 19:25:59,054 [main] INFO  netty.NettyConfigKeys$DataStream (ConfUtils.java:logGet(46)) - raft.netty.dataStream.server.use-epoll = true (default)
2024-04-25 19:25:59,054 [main] INFO  netty.NettyConfigKeys$DataStream (ConfUtils.java:logGet(46)) - raft.netty.dataStream.server.boss-group.size = 0 (default)
2024-04-25 19:25:59,054 [main] INFO  netty.NettyUtils (NettyUtils.java:newEventLoopGroup(69)) - Create EpollEventLoopGroup for 4945050d-eb1e-4df3-bd8a-540f8ab6232f-NettyServerStreamRpc-bossGroup; Thread size is 0.
2024-04-25 19:25:59,054 [main] INFO  netty.NettyConfigKeys$DataStream (ConfUtils.java:logGet(46)) - raft.netty.dataStream.server.worker-group.size = 0 (default)
2024-04-25 19:25:59,054 [main] INFO  netty.NettyUtils (NettyUtils.java:newEventLoopGroup(69)) - Create EpollEventLoopGroup for 4945050d-eb1e-4df3-bd8a-540f8ab6232f-NettyServerStreamRpc-workerGroup; Thread size is 0.
2024-04-25 19:25:59,055 [main] INFO  netty.NettyConfigKeys$DataStream (ConfUtils.java:logGet(46)) - raft.netty.dataStream.server.tls.conf = null (default)
2024-04-25 19:25:59,055 [main] INFO  netty.NettyConfigKeys$DataStream (ConfUtils.java:logGet(46)) - raft.netty.dataStream.host = null (default)
2024-04-25 19:25:59,055 [main] INFO  netty.NettyConfigKeys$DataStream (ConfUtils.java:logGet(46)) - raft.netty.dataStream.port = 15282 (custom)
2024-04-25 19:25:59,055 [main] INFO  server.RaftServerConfigKeys (ConfUtils.java:logGet(46)) - raft.server.sleep.deviation.threshold = 300ms (default)
2024-04-25 19:25:59,055 [main] INFO  server.RaftServerConfigKeys (ConfUtils.java:logGet(46)) - raft.server.close.threshold = 60s (default)
2024-04-25 19:25:59,055 [main] INFO  server.RaftServerConfigKeys (ConfUtils.java:logGet(46)) - raft.server.leaderelection.leader.step-down.wait-time = 10s (default)
2024-04-25 19:25:59,055 [main] INFO  server.RaftServerConfigKeys (ConfUtils.java:logGet(46)) - raft.server.storage.dir = [/home/runner/work/ozone/ozone/hadoop-ozone/integration-test/target/test-dir/MiniOzoneClusterImpl-f82f7a4c-b7ce-4bc7-bddc-b4ce9d407ba8/ozone-meta/datanode-1/ratis] (custom)
2024-04-25 19:25:59,056 [main] INFO  server.RaftServerConfigKeys (ConfUtils.java:logGet(46)) - raft.server.threadpool.proxy.cached = true (default)
2024-04-25 19:25:59,056 [main] INFO  server.RaftServerConfigKeys (ConfUtils.java:logGet(46)) - raft.server.threadpool.proxy.size = 0 (default)
2024-04-25 19:25:59,056 [4945050d-eb1e-4df3-bd8a-540f8ab6232f-NettyServerStreamRpc-bossGroup--thread1] INFO  logging.LoggingHandler (AbstractInternalLogger.java:log(148)) - [id: 0xb7cddb66] REGISTERED
2024-04-25 19:25:59,056 [4945050d-eb1e-4df3-bd8a-540f8ab6232f-NettyServerStreamRpc-bossGroup--thread1] INFO  logging.LoggingHandler (AbstractInternalLogger.java:log(148)) - [id: 0xb7cddb66] BIND: 0.0.0.0/0.0.0.0:15282
2024-04-25 19:25:59,056 [4945050d-eb1e-4df3-bd8a-540f8ab6232f-NettyServerStreamRpc-bossGroup--thread1] INFO  logging.LoggingHandler (AbstractInternalLogger.java:log(148)) - [id: 0xb7cddb66, L:/0.0.0.0:15282] ACTIVE
2024-04-25 19:25:59,060 [4945050d-eb1e-4df3-bd8a-540f8ab6232f-impl-thread1] INFO  server.RaftServer (RaftServerProxy.java:initGroupDir(264)) - 4945050d-eb1e-4df3-bd8a-540f8ab6232f: found a subdirectory /home/runner/work/ozone/ozone/hadoop-ozone/integration-test/target/test-dir/MiniOzoneClusterImpl-f82f7a4c-b7ce-4bc7-bddc-b4ce9d407ba8/ozone-meta/datanode-1/ratis/tmp
2024-04-25 19:25:59,060 [4945050d-eb1e-4df3-bd8a-540f8ab6232f-impl-thread1] INFO  server.RaftServer (RaftServerProxy.java:initGroupDir(269)) - 4945050d-eb1e-4df3-bd8a-540f8ab6232f: The directory /home/runner/work/ozone/ozone/hadoop-ozone/integration-test/target/test-dir/MiniOzoneClusterImpl-f82f7a4c-b7ce-4bc7-bddc-b4ce9d407ba8/ozone-meta/datanode-1/ratis/tmp is not a group directory; ignoring it. 
2024-04-25 19:25:59,060 [main] INFO  replication.ReplicationServer (ReplicationServer.java:<init>(86)) - Initializing replication server with thread count = 10 queue length = 4096
2024-04-25 19:25:59,061 [main] INFO  server.XceiverServerGrpc (XceiverServerGrpc.java:<init>(141)) - GrpcServer channel type EpollServerSocketChannel
2024-04-25 19:25:59,062 [main] INFO  replication.ReplicationSupervisor (ReplicationSupervisor.java:build(157)) - Initializing replication supervisor with thread count = 10
2024-04-25 19:25:59,062 [main] INFO  replication.ReplicationSupervisor (ReplicationSupervisor.java:nodeStateUpdated(312)) - Node state updated to IN_SERVICE, scaling executor pool size to 10
2024-04-25 19:25:59,063 [main] INFO  http.BaseHttpServer (BaseHttpServer.java:newHttpServer2BuilderForOzone(223)) - Starting Web-server for hddsDatanode at: http://0.0.0.0:15276
2024-04-25 19:25:59,064 [main] INFO  http.BaseHttpServer (BaseHttpServer.java:<init>(110)) - Hadoop Security Enabled: false Ozone Security Enabled: false Ozone HTTP Security Enabled: false 
2024-04-25 19:25:59,065 [main] WARN  server.AuthenticationFilter (AuthenticationFilter.java:constructSecretProvider(240)) - Unable to initialize FileSignerSecretProvider, falling back to use random secrets. Reason: Could not read signature secret file: /home/runner/hadoop-http-auth-signature-secret
2024-04-25 19:25:59,066 [main] INFO  http.HttpRequestLog (HttpRequestLog.java:getRequestLog(86)) - Http request log for http.requests.hddsDatanode is not defined
2024-04-25 19:25:59,067 [main] INFO  http.HttpServer2 (HttpServer2.java:addGlobalFilter(1036)) - Added global filter 'safety' (class=org.apache.hadoop.hdds.server.http.HttpServer2$QuotingInputFilter)
2024-04-25 19:25:59,068 [main] INFO  http.HttpServer2 (HttpServer2.java:addFilter(1012)) - Added filter static_user_filter (class=org.apache.hadoop.http.lib.StaticUserWebFilter$StaticUserFilter) to context hddsDatanode
2024-04-25 19:25:59,068 [main] INFO  http.HttpServer2 (HttpServer2.java:addFilter(1020)) - Added filter static_user_filter (class=org.apache.hadoop.http.lib.StaticUserWebFilter$StaticUserFilter) to context logs
2024-04-25 19:25:59,068 [main] INFO  http.HttpServer2 (HttpServer2.java:addFilter(1020)) - Added filter static_user_filter (class=org.apache.hadoop.http.lib.StaticUserWebFilter$StaticUserFilter) to context static
2024-04-25 19:25:59,070 [main] INFO  http.BaseHttpServer (BaseHttpServer.java:<init>(189)) - HTTP server of hddsDatanode uses base directory /home/runner/work/ozone/ozone/hadoop-ozone/integration-test/target/test-dir/MiniOzoneClusterImpl-f82f7a4c-b7ce-4bc7-bddc-b4ce9d407ba8/ozone-meta/datanode-1/meta/webserver
2024-04-25 19:25:59,070 [main] INFO  http.HttpServer2 (HttpServer2.java:bindListener(1236)) - Jetty bound to port 15276
2024-04-25 19:25:59,071 [main] INFO  server.Server (Server.java:doStart(375)) - jetty-9.4.53.v20231009; built: 2023-10-09T12:29:09.265Z; git: 27bde00a0b95a1d5bbee0eae7984f891d2d0f8c9; jvm 17.0.10+7
2024-04-25 19:25:59,072 [main] INFO  server.session (DefaultSessionIdManager.java:doStart(334)) - DefaultSessionIdManager workerName=node0
2024-04-25 19:25:59,072 [main] INFO  server.session (DefaultSessionIdManager.java:doStart(339)) - No SessionScavenger set, using defaults
2024-04-25 19:25:59,072 [main] INFO  server.session (HouseKeeper.java:startScavenging(132)) - node0 Scavenging every 660000ms
2024-04-25 19:25:59,073 [main] INFO  handler.ContextHandler (ContextHandler.java:doStart(921)) - Started o.e.j.s.ServletContextHandler@38e26e29{logs,/logs,file:///home/runner/work/ozone/ozone/hadoop-ozone/integration-test/target/log,AVAILABLE}
2024-04-25 19:25:59,074 [main] INFO  handler.ContextHandler (ContextHandler.java:doStart(921)) - Started o.e.j.s.ServletContextHandler@4c85eb6b{static,/static,file:///home/runner/work/ozone/ozone/hadoop-hdds/container-service/target/classes/webapps/static,AVAILABLE}
2024-04-25 19:25:59,078 [main] INFO  handler.ContextHandler (ContextHandler.java:doStart(921)) - Started o.e.j.w.WebAppContext@5381deec{hddsDatanode,/,file:///home/runner/work/ozone/ozone/hadoop-hdds/container-service/target/classes/webapps/hddsDatanode/,AVAILABLE}{file:/home/runner/work/ozone/ozone/hadoop-hdds/container-service/target/classes/webapps/hddsDatanode}
2024-04-25 19:25:59,080 [main] INFO  server.AbstractConnector (AbstractConnector.java:doStart(333)) - Started ServerConnector@58ca3439{HTTP/1.1, (http/1.1)}{0.0.0.0:15276}
2024-04-25 19:25:59,080 [main] INFO  server.Server (Server.java:doStart(415)) - Started @120792ms
2024-04-25 19:25:59,080 [main] WARN  impl.MetricsSystemImpl (MetricsSystemImpl.java:register(279)) - Sink prometheus already exists!
2024-04-25 19:25:59,080 [main] INFO  http.BaseHttpServer (BaseHttpServer.java:updateConnectorAddress(354)) - HTTP server of hddsDatanode listening at http://0.0.0.0:15276
2024-04-25 19:25:59,081 [main] INFO  ipc.CallQueueManager (CallQueueManager.java:<init>(90)) - Using callQueue: class java.util.concurrent.LinkedBlockingQueue, queueCapacity: 100, scheduler: class org.apache.hadoop.ipc.DefaultRpcScheduler, ipcBackoff: false.
2024-04-25 19:25:59,081 [main] INFO  ipc.Server (Server.java:<init>(1287)) - Listener at 0.0.0.0:15277
2024-04-25 19:25:59,088 [Socket Reader #1 for port 15277] INFO  ipc.Server (Server.java:run(1323)) - Starting Socket Reader #1 for port 15277
2024-04-25 19:25:59,089 [main] INFO  ozone.HddsDatanodeService (HddsDatanodeService.java:start(327)) - Datanode start with admins: [runner]
2024-04-25 19:25:59,089 [main] INFO  ozone.HddsDatanodeClientProtocolServer (HddsDatanodeClientProtocolServer.java:start(77)) - RPC server for Client /0.0.0.0:15277
2024-04-25 19:25:59,089 [IPC Server listener on 15277] INFO  ipc.Server (Server.java:run(1402)) - IPC Server listener on 15277: starting
2024-04-25 19:25:59,090 [IPC Server Responder] INFO  ipc.Server (Server.java:run(1562)) - IPC Server Responder: starting
2024-04-25 19:25:59,090 [main] WARN  dropwizard3.Dm3MetricRegistriesImpl (Dm3MetricRegistriesImpl.java:addReporterRegistration(113)) - New reporters are added after registries were created. Some metrics will be missing from the reporter. Please add reporter before adding any new registry.
2024-04-25 19:25:59,090 [main] WARN  dropwizard3.Dm3MetricRegistriesImpl (Dm3MetricRegistriesImpl.java:addReporterRegistration(113)) - New reporters are added after registries were created. Some metrics will be missing from the reporter. Please add reporter before adding any new registry.
2024-04-25 19:25:59,090 [4945050d-eb1e-4df3-bd8a-540f8ab6232f-DatanodeStateMachineDaemonThread] INFO  statemachine.DatanodeStateMachine (DatanodeStateMachine.java:lambda$startDaemon$1(555)) - Ozone container server started.
2024-04-25 19:25:59,090 [main] INFO  impl.MetricsSystemImpl (MetricsSystemImpl.java:init(158)) - HddsDatanode metrics system started (again)
2024-04-25 19:25:59,094 [4945050d-eb1e-4df3-bd8a-540f8ab6232f-DatanodeStateMachineTaskThread-0] INFO  datanode.InitDatanodeState (InitDatanodeState.java:persistContainerDatanodeDetails(139)) - DatanodeDetails is persisted to /home/runner/work/ozone/ozone/hadoop-ozone/integration-test/target/test-dir/MiniOzoneClusterImpl-f82f7a4c-b7ce-4bc7-bddc-b4ce9d407ba8/ozone-meta/datanode-1/meta/datanode.id
2024-04-25 19:25:59,099 [main] INFO  ozone.HddsDatanodeService (HddsDatanodeService.java:start(240)) - HddsDatanodeService host:fv-az524-255.igxe211viwkezmo5lnqk45pdag.ex.internal.cloudapp.net ip:10.1.0.10
2024-04-25 19:25:59,116 [main] INFO  upgrade.AbstractLayoutVersionManager (AbstractLayoutVersionManager.java:init(83)) - Initializing Layout version manager with metadata layout = HADOOP_PRC_PORTS_IN_DATANODEDETAILS (version = 7), software layout = HADOOP_PRC_PORTS_IN_DATANODEDETAILS (version = 7)
2024-04-25 19:25:59,117 [main] INFO  statemachine.DatanodeStateMachine (DatanodeStateMachine.java:getEndPointTaskThreadPoolSize(299)) - Datanode State Machine Task Thread Pool size 2
2024-04-25 19:25:59,118 [main] INFO  volume.HddsVolume (HddsVolume.java:<init>(126)) - Creating HddsVolume: /home/runner/work/ozone/ozone/hadoop-ozone/integration-test/target/test-dir/MiniOzoneClusterImpl-f82f7a4c-b7ce-4bc7-bddc-b4ce9d407ba8/ozone-meta/datanode-2/data-0/hdds of storage type : DISK capacity : 9223372036854775807
2024-04-25 19:25:59,118 [main] INFO  volume.MutableVolumeSet (MutableVolumeSet.java:initializeVolumeSet(173)) - Added Volume : /home/runner/work/ozone/ozone/hadoop-ozone/integration-test/target/test-dir/MiniOzoneClusterImpl-f82f7a4c-b7ce-4bc7-bddc-b4ce9d407ba8/ozone-meta/datanode-2/data-0/hdds to VolumeSet
2024-04-25 19:25:59,118 [main] INFO  volume.MutableVolumeSet (MutableVolumeSet.java:initializeVolumeSet(173)) - Added Volume : /home/runner/work/ozone/ozone/hadoop-ozone/integration-test/target/test-dir/MiniOzoneClusterImpl-f82f7a4c-b7ce-4bc7-bddc-b4ce9d407ba8/ozone-meta/datanode-2/ratis to VolumeSet
2024-04-25 19:25:59,119 [main] INFO  ozoneimpl.OzoneContainer (HddsVolumeUtil.java:loadAllHddsVolumeDbStore(103)) - Load 1 volumes DbStore cost: 0ms
2024-04-25 19:25:59,120 [main] INFO  server.RaftServer (ConfUtils.java:logGet(46)) - raft.rpc.type = GRPC (default)
2024-04-25 19:25:59,120 [main] INFO  grpc.GrpcConfigKeys (ConfUtils.java:logFallback(53)) - raft.grpc.admin.host = null (fallback to raft.grpc.server.host)
2024-04-25 19:25:59,121 [main] INFO  grpc.GrpcConfigKeys (ConfUtils.java:logGet(46)) - raft.grpc.admin.port = 15289 (custom)
2024-04-25 19:25:59,121 [main] INFO  grpc.GrpcConfigKeys (ConfUtils.java:logFallback(53)) - raft.grpc.client.host = null (fallback to raft.grpc.server.host)
2024-04-25 19:25:59,121 [main] INFO  grpc.GrpcConfigKeys (ConfUtils.java:logGet(46)) - raft.grpc.client.port = 15288 (custom)
2024-04-25 19:25:59,121 [main] INFO  grpc.GrpcConfigKeys (ConfUtils.java:logGet(46)) - raft.grpc.server.host = null (default)
2024-04-25 19:25:59,121 [main] INFO  grpc.GrpcConfigKeys (ConfUtils.java:logGet(46)) - raft.grpc.server.port = 15290 (custom)
2024-04-25 19:25:59,121 [main] INFO  server.GrpcService (ConfUtils.java:logGet(46)) - raft.grpc.message.size.max = 32MB (=33554432) (custom)
2024-04-25 19:25:59,121 [main] INFO  server.RaftServerConfigKeys (ConfUtils.java:logGet(46)) - raft.server.log.appender.buffer.byte-limit = 8388608 (custom)
2024-04-25 19:25:59,121 [main] INFO  server.GrpcService (ConfUtils.java:logGet(46)) - raft.grpc.flow.control.window = 5MB (=5242880) (custom)
2024-04-25 19:25:59,121 [main] INFO  server.RaftServerConfigKeys (ConfUtils.java:logGet(46)) - raft.server.rpc.request.timeout = 3000ms (default)
2024-04-25 19:25:59,121 [main] INFO  grpc.GrpcConfigKeys (ConfUtils.java:logGet(46)) - raft.grpc.server.heartbeat.channel = true (default)
2024-04-25 19:25:59,122 [main] INFO  grpc.GrpcConfigKeys (ConfUtils.java:logGet(46)) - raft.grpc.server.async.request.thread.pool.cached = true (default)
2024-04-25 19:25:59,122 [main] INFO  grpc.GrpcConfigKeys (ConfUtils.java:logGet(46)) - raft.grpc.server.async.request.thread.pool.size = 32 (default)
2024-04-25 19:25:59,123 [main] INFO  impl.DataStreamServerImpl (ConfUtils.java:logGet(46)) - raft.datastream.type = NETTY (custom)
2024-04-25 19:25:59,123 [main] INFO  server.RaftServerConfigKeys (ConfUtils.java:logGet(46)) - raft.server.data-stream.async.request.thread.pool.cached = false (default)
2024-04-25 19:25:59,123 [main] INFO  server.RaftServerConfigKeys (ConfUtils.java:logGet(46)) - raft.server.data-stream.async.request.thread.pool.size = 20 (custom)
2024-04-25 19:25:59,123 [main] INFO  server.RaftServerConfigKeys (ConfUtils.java:logGet(46)) - raft.server.data-stream.async.write.thread.pool.size = 16 (default)
2024-04-25 19:25:59,124 [main] INFO  netty.NettyConfigKeys$DataStream (ConfUtils.java:logGet(46)) - raft.netty.dataStream.server.channel.inactive.grace-period = 10min (default)
2024-04-25 19:25:59,124 [main] INFO  server.RaftServerConfigKeys (ConfUtils.java:logGet(46)) - raft.server.data-stream.client.pool.size = 10 (default)
2024-04-25 19:25:59,124 [main] INFO  netty.NettyConfigKeys$DataStream (ConfUtils.java:logGet(46)) - raft.netty.dataStream.server.use-epoll = true (default)
2024-04-25 19:25:59,124 [main] INFO  netty.NettyConfigKeys$DataStream (ConfUtils.java:logGet(46)) - raft.netty.dataStream.server.boss-group.size = 0 (default)
2024-04-25 19:25:59,124 [main] INFO  netty.NettyUtils (NettyUtils.java:newEventLoopGroup(69)) - Create EpollEventLoopGroup for 023363e8-92b8-4e04-85cd-0caf25b811fc-NettyServerStreamRpc-bossGroup; Thread size is 0.
2024-04-25 19:25:59,124 [main] INFO  netty.NettyConfigKeys$DataStream (ConfUtils.java:logGet(46)) - raft.netty.dataStream.server.worker-group.size = 0 (default)
2024-04-25 19:25:59,124 [main] INFO  netty.NettyUtils (NettyUtils.java:newEventLoopGroup(69)) - Create EpollEventLoopGroup for 023363e8-92b8-4e04-85cd-0caf25b811fc-NettyServerStreamRpc-workerGroup; Thread size is 0.
2024-04-25 19:25:59,125 [main] INFO  netty.NettyConfigKeys$DataStream (ConfUtils.java:logGet(46)) - raft.netty.dataStream.server.tls.conf = null (default)
2024-04-25 19:25:59,125 [main] INFO  netty.NettyConfigKeys$DataStream (ConfUtils.java:logGet(46)) - raft.netty.dataStream.host = null (default)
2024-04-25 19:25:59,125 [main] INFO  netty.NettyConfigKeys$DataStream (ConfUtils.java:logGet(46)) - raft.netty.dataStream.port = 15291 (custom)
2024-04-25 19:25:59,125 [main] INFO  server.RaftServerConfigKeys (ConfUtils.java:logGet(46)) - raft.server.sleep.deviation.threshold = 300ms (default)
2024-04-25 19:25:59,125 [main] INFO  server.RaftServerConfigKeys (ConfUtils.java:logGet(46)) - raft.server.close.threshold = 60s (default)
2024-04-25 19:25:59,125 [main] INFO  server.RaftServerConfigKeys (ConfUtils.java:logGet(46)) - raft.server.leaderelection.leader.step-down.wait-time = 10s (default)
2024-04-25 19:25:59,126 [main] INFO  server.RaftServerConfigKeys (ConfUtils.java:logGet(46)) - raft.server.storage.dir = [/home/runner/work/ozone/ozone/hadoop-ozone/integration-test/target/test-dir/MiniOzoneClusterImpl-f82f7a4c-b7ce-4bc7-bddc-b4ce9d407ba8/ozone-meta/datanode-2/ratis] (custom)
2024-04-25 19:25:59,126 [main] INFO  server.RaftServerConfigKeys (ConfUtils.java:logGet(46)) - raft.server.threadpool.proxy.cached = true (default)
2024-04-25 19:25:59,126 [main] INFO  server.RaftServerConfigKeys (ConfUtils.java:logGet(46)) - raft.server.threadpool.proxy.size = 0 (default)
2024-04-25 19:25:59,126 [023363e8-92b8-4e04-85cd-0caf25b811fc-impl-thread1] INFO  server.RaftServer (RaftServerProxy.java:initGroupDir(264)) - 023363e8-92b8-4e04-85cd-0caf25b811fc: found a subdirectory /home/runner/work/ozone/ozone/hadoop-ozone/integration-test/target/test-dir/MiniOzoneClusterImpl-f82f7a4c-b7ce-4bc7-bddc-b4ce9d407ba8/ozone-meta/datanode-2/ratis/tmp
2024-04-25 19:25:59,126 [023363e8-92b8-4e04-85cd-0caf25b811fc-NettyServerStreamRpc-bossGroup--thread1] INFO  logging.LoggingHandler (AbstractInternalLogger.java:log(148)) - [id: 0x5ce694fa] REGISTERED
2024-04-25 19:25:59,126 [023363e8-92b8-4e04-85cd-0caf25b811fc-impl-thread1] INFO  server.RaftServer (RaftServerProxy.java:initGroupDir(269)) - 023363e8-92b8-4e04-85cd-0caf25b811fc: The directory /home/runner/work/ozone/ozone/hadoop-ozone/integration-test/target/test-dir/MiniOzoneClusterImpl-f82f7a4c-b7ce-4bc7-bddc-b4ce9d407ba8/ozone-meta/datanode-2/ratis/tmp is not a group directory; ignoring it. 
2024-04-25 19:25:59,126 [main] INFO  replication.ReplicationServer (ReplicationServer.java:<init>(86)) - Initializing replication server with thread count = 10 queue length = 4096
2024-04-25 19:25:59,127 [023363e8-92b8-4e04-85cd-0caf25b811fc-NettyServerStreamRpc-bossGroup--thread1] INFO  logging.LoggingHandler (AbstractInternalLogger.java:log(148)) - [id: 0x5ce694fa] BIND: 0.0.0.0/0.0.0.0:15291
2024-04-25 19:25:59,127 [main] INFO  server.XceiverServerGrpc (XceiverServerGrpc.java:<init>(141)) - GrpcServer channel type EpollServerSocketChannel
2024-04-25 19:25:59,127 [023363e8-92b8-4e04-85cd-0caf25b811fc-NettyServerStreamRpc-bossGroup--thread1] INFO  logging.LoggingHandler (AbstractInternalLogger.java:log(148)) - [id: 0x5ce694fa, L:/0.0.0.0:15291] ACTIVE
2024-04-25 19:25:59,129 [main] INFO  replication.ReplicationSupervisor (ReplicationSupervisor.java:build(157)) - Initializing replication supervisor with thread count = 10
2024-04-25 19:25:59,129 [main] INFO  replication.ReplicationSupervisor (ReplicationSupervisor.java:nodeStateUpdated(312)) - Node state updated to IN_SERVICE, scaling executor pool size to 10
2024-04-25 19:25:59,130 [main] INFO  http.BaseHttpServer (BaseHttpServer.java:newHttpServer2BuilderForOzone(223)) - Starting Web-server for hddsDatanode at: http://0.0.0.0:15285
2024-04-25 19:25:59,130 [main] INFO  http.BaseHttpServer (BaseHttpServer.java:<init>(110)) - Hadoop Security Enabled: false Ozone Security Enabled: false Ozone HTTP Security Enabled: false 
2024-04-25 19:25:59,131 [main] WARN  server.AuthenticationFilter (AuthenticationFilter.java:constructSecretProvider(240)) - Unable to initialize FileSignerSecretProvider, falling back to use random secrets. Reason: Could not read signature secret file: /home/runner/hadoop-http-auth-signature-secret
2024-04-25 19:25:59,132 [main] INFO  http.HttpRequestLog (HttpRequestLog.java:getRequestLog(86)) - Http request log for http.requests.hddsDatanode is not defined
2024-04-25 19:25:59,132 [main] INFO  http.HttpServer2 (HttpServer2.java:addGlobalFilter(1036)) - Added global filter 'safety' (class=org.apache.hadoop.hdds.server.http.HttpServer2$QuotingInputFilter)
2024-04-25 19:25:59,133 [main] INFO  http.HttpServer2 (HttpServer2.java:addFilter(1012)) - Added filter static_user_filter (class=org.apache.hadoop.http.lib.StaticUserWebFilter$StaticUserFilter) to context hddsDatanode
2024-04-25 19:25:59,133 [main] INFO  http.HttpServer2 (HttpServer2.java:addFilter(1020)) - Added filter static_user_filter (class=org.apache.hadoop.http.lib.StaticUserWebFilter$StaticUserFilter) to context logs
2024-04-25 19:25:59,133 [main] INFO  http.HttpServer2 (HttpServer2.java:addFilter(1020)) - Added filter static_user_filter (class=org.apache.hadoop.http.lib.StaticUserWebFilter$StaticUserFilter) to context static
2024-04-25 19:25:59,133 [main] INFO  http.BaseHttpServer (BaseHttpServer.java:<init>(189)) - HTTP server of hddsDatanode uses base directory /home/runner/work/ozone/ozone/hadoop-ozone/integration-test/target/test-dir/MiniOzoneClusterImpl-f82f7a4c-b7ce-4bc7-bddc-b4ce9d407ba8/ozone-meta/datanode-2/meta/webserver
2024-04-25 19:25:59,133 [main] INFO  http.HttpServer2 (HttpServer2.java:bindListener(1236)) - Jetty bound to port 15285
2024-04-25 19:25:59,134 [main] INFO  server.Server (Server.java:doStart(375)) - jetty-9.4.53.v20231009; built: 2023-10-09T12:29:09.265Z; git: 27bde00a0b95a1d5bbee0eae7984f891d2d0f8c9; jvm 17.0.10+7
2024-04-25 19:25:59,134 [main] INFO  server.session (DefaultSessionIdManager.java:doStart(334)) - DefaultSessionIdManager workerName=node0
2024-04-25 19:25:59,134 [main] INFO  server.session (DefaultSessionIdManager.java:doStart(339)) - No SessionScavenger set, using defaults
2024-04-25 19:25:59,135 [main] INFO  server.session (HouseKeeper.java:startScavenging(132)) - node0 Scavenging every 600000ms
2024-04-25 19:25:59,135 [main] INFO  handler.ContextHandler (ContextHandler.java:doStart(921)) - Started o.e.j.s.ServletContextHandler@6acc424e{logs,/logs,file:///home/runner/work/ozone/ozone/hadoop-ozone/integration-test/target/log,AVAILABLE}
2024-04-25 19:25:59,135 [main] INFO  handler.ContextHandler (ContextHandler.java:doStart(921)) - Started o.e.j.s.ServletContextHandler@202684ba{static,/static,file:///home/runner/work/ozone/ozone/hadoop-hdds/container-service/target/classes/webapps/static,AVAILABLE}
2024-04-25 19:25:59,138 [main] INFO  handler.ContextHandler (ContextHandler.java:doStart(921)) - Started o.e.j.w.WebAppContext@30ba29cf{hddsDatanode,/,file:///home/runner/work/ozone/ozone/hadoop-hdds/container-service/target/classes/webapps/hddsDatanode/,AVAILABLE}{file:/home/runner/work/ozone/ozone/hadoop-hdds/container-service/target/classes/webapps/hddsDatanode}
2024-04-25 19:25:59,138 [main] INFO  server.AbstractConnector (AbstractConnector.java:doStart(333)) - Started ServerConnector@32016cf3{HTTP/1.1, (http/1.1)}{0.0.0.0:15285}
2024-04-25 19:25:59,139 [main] INFO  server.Server (Server.java:doStart(415)) - Started @120851ms
2024-04-25 19:25:59,139 [main] WARN  impl.MetricsSystemImpl (MetricsSystemImpl.java:register(279)) - Sink prometheus already exists!
2024-04-25 19:25:59,139 [main] INFO  http.BaseHttpServer (BaseHttpServer.java:updateConnectorAddress(354)) - HTTP server of hddsDatanode listening at http://0.0.0.0:15285
2024-04-25 19:25:59,139 [main] INFO  ipc.CallQueueManager (CallQueueManager.java:<init>(90)) - Using callQueue: class java.util.concurrent.LinkedBlockingQueue, queueCapacity: 100, scheduler: class org.apache.hadoop.ipc.DefaultRpcScheduler, ipcBackoff: false.
2024-04-25 19:25:59,139 [main] INFO  ipc.Server (Server.java:<init>(1287)) - Listener at 0.0.0.0:15286
2024-04-25 19:25:59,140 [Socket Reader #1 for port 15286] INFO  ipc.Server (Server.java:run(1323)) - Starting Socket Reader #1 for port 15286
2024-04-25 19:25:59,141 [main] INFO  ozone.HddsDatanodeService (HddsDatanodeService.java:start(327)) - Datanode start with admins: [runner]
2024-04-25 19:25:59,141 [main] INFO  ozone.HddsDatanodeClientProtocolServer (HddsDatanodeClientProtocolServer.java:start(77)) - RPC server for Client /0.0.0.0:15286
2024-04-25 19:25:59,141 [IPC Server Responder] INFO  ipc.Server (Server.java:run(1562)) - IPC Server Responder: starting
2024-04-25 19:25:59,141 [IPC Server listener on 15286] INFO  ipc.Server (Server.java:run(1402)) - IPC Server listener on 15286: starting
2024-04-25 19:25:59,141 [023363e8-92b8-4e04-85cd-0caf25b811fc-DatanodeStateMachineDaemonThread] INFO  statemachine.DatanodeStateMachine (DatanodeStateMachine.java:lambda$startDaemon$1(555)) - Ozone container server started.
2024-04-25 19:25:59,141 [main] WARN  dropwizard3.Dm3MetricRegistriesImpl (Dm3MetricRegistriesImpl.java:addReporterRegistration(113)) - New reporters are added after registries were created. Some metrics will be missing from the reporter. Please add reporter before adding any new registry.
2024-04-25 19:25:59,142 [main] WARN  dropwizard3.Dm3MetricRegistriesImpl (Dm3MetricRegistriesImpl.java:addReporterRegistration(113)) - New reporters are added after registries were created. Some metrics will be missing from the reporter. Please add reporter before adding any new registry.
2024-04-25 19:25:59,142 [main] INFO  impl.MetricsSystemImpl (MetricsSystemImpl.java:init(158)) - HddsDatanode metrics system started (again)
2024-04-25 19:25:59,143 [023363e8-92b8-4e04-85cd-0caf25b811fc-DatanodeStateMachineTaskThread-0] INFO  datanode.InitDatanodeState (InitDatanodeState.java:persistContainerDatanodeDetails(139)) - DatanodeDetails is persisted to /home/runner/work/ozone/ozone/hadoop-ozone/integration-test/target/test-dir/MiniOzoneClusterImpl-f82f7a4c-b7ce-4bc7-bddc-b4ce9d407ba8/ozone-meta/datanode-2/meta/datanode.id
2024-04-25 19:25:59,151 [main] INFO  ozone.HddsDatanodeService (HddsDatanodeService.java:start(240)) - HddsDatanodeService host:fv-az524-255.igxe211viwkezmo5lnqk45pdag.ex.internal.cloudapp.net ip:10.1.0.10
2024-04-25 19:25:59,167 [main] INFO  upgrade.AbstractLayoutVersionManager (AbstractLayoutVersionManager.java:init(83)) - Initializing Layout version manager with metadata layout = HADOOP_PRC_PORTS_IN_DATANODEDETAILS (version = 7), software layout = HADOOP_PRC_PORTS_IN_DATANODEDETAILS (version = 7)
2024-04-25 19:25:59,167 [main] INFO  statemachine.DatanodeStateMachine (DatanodeStateMachine.java:getEndPointTaskThreadPoolSize(299)) - Datanode State Machine Task Thread Pool size 2
2024-04-25 19:25:59,168 [main] INFO  volume.HddsVolume (HddsVolume.java:<init>(126)) - Creating HddsVolume: /home/runner/work/ozone/ozone/hadoop-ozone/integration-test/target/test-dir/MiniOzoneClusterImpl-f82f7a4c-b7ce-4bc7-bddc-b4ce9d407ba8/ozone-meta/datanode-3/data-0/hdds of storage type : DISK capacity : 9223372036854775807
2024-04-25 19:25:59,168 [main] INFO  volume.MutableVolumeSet (MutableVolumeSet.java:initializeVolumeSet(173)) - Added Volume : /home/runner/work/ozone/ozone/hadoop-ozone/integration-test/target/test-dir/MiniOzoneClusterImpl-f82f7a4c-b7ce-4bc7-bddc-b4ce9d407ba8/ozone-meta/datanode-3/data-0/hdds to VolumeSet
2024-04-25 19:25:59,169 [main] INFO  volume.MutableVolumeSet (MutableVolumeSet.java:initializeVolumeSet(173)) - Added Volume : /home/runner/work/ozone/ozone/hadoop-ozone/integration-test/target/test-dir/MiniOzoneClusterImpl-f82f7a4c-b7ce-4bc7-bddc-b4ce9d407ba8/ozone-meta/datanode-3/ratis to VolumeSet
2024-04-25 19:25:59,169 [main] INFO  ozoneimpl.OzoneContainer (HddsVolumeUtil.java:loadAllHddsVolumeDbStore(103)) - Load 1 volumes DbStore cost: 0ms
2024-04-25 19:25:59,170 [main] INFO  server.RaftServer (ConfUtils.java:logGet(46)) - raft.rpc.type = GRPC (default)
2024-04-25 19:25:59,171 [main] INFO  grpc.GrpcConfigKeys (ConfUtils.java:logFallback(53)) - raft.grpc.admin.host = null (fallback to raft.grpc.server.host)
2024-04-25 19:25:59,171 [main] INFO  grpc.GrpcConfigKeys (ConfUtils.java:logGet(46)) - raft.grpc.admin.port = 15298 (custom)
2024-04-25 19:25:59,171 [main] INFO  grpc.GrpcConfigKeys (ConfUtils.java:logFallback(53)) - raft.grpc.client.host = null (fallback to raft.grpc.server.host)
2024-04-25 19:25:59,171 [main] INFO  grpc.GrpcConfigKeys (ConfUtils.java:logGet(46)) - raft.grpc.client.port = 15297 (custom)
2024-04-25 19:25:59,171 [main] INFO  grpc.GrpcConfigKeys (ConfUtils.java:logGet(46)) - raft.grpc.server.host = null (default)
2024-04-25 19:25:59,171 [main] INFO  grpc.GrpcConfigKeys (ConfUtils.java:logGet(46)) - raft.grpc.server.port = 15299 (custom)
2024-04-25 19:25:59,171 [main] INFO  server.GrpcService (ConfUtils.java:logGet(46)) - raft.grpc.message.size.max = 32MB (=33554432) (custom)
2024-04-25 19:25:59,171 [main] INFO  server.RaftServerConfigKeys (ConfUtils.java:logGet(46)) - raft.server.log.appender.buffer.byte-limit = 8388608 (custom)
2024-04-25 19:25:59,171 [main] INFO  server.GrpcService (ConfUtils.java:logGet(46)) - raft.grpc.flow.control.window = 5MB (=5242880) (custom)
2024-04-25 19:25:59,171 [main] INFO  server.RaftServerConfigKeys (ConfUtils.java:logGet(46)) - raft.server.rpc.request.timeout = 3000ms (default)
2024-04-25 19:25:59,171 [main] INFO  grpc.GrpcConfigKeys (ConfUtils.java:logGet(46)) - raft.grpc.server.heartbeat.channel = true (default)
2024-04-25 19:25:59,171 [main] INFO  grpc.GrpcConfigKeys (ConfUtils.java:logGet(46)) - raft.grpc.server.async.request.thread.pool.cached = true (default)
2024-04-25 19:25:59,172 [main] INFO  grpc.GrpcConfigKeys (ConfUtils.java:logGet(46)) - raft.grpc.server.async.request.thread.pool.size = 32 (default)
2024-04-25 19:25:59,173 [main] INFO  impl.DataStreamServerImpl (ConfUtils.java:logGet(46)) - raft.datastream.type = NETTY (custom)
2024-04-25 19:25:59,173 [main] INFO  server.RaftServerConfigKeys (ConfUtils.java:logGet(46)) - raft.server.data-stream.async.request.thread.pool.cached = false (default)
2024-04-25 19:25:59,173 [main] INFO  server.RaftServerConfigKeys (ConfUtils.java:logGet(46)) - raft.server.data-stream.async.request.thread.pool.size = 20 (custom)
2024-04-25 19:25:59,173 [main] INFO  server.RaftServerConfigKeys (ConfUtils.java:logGet(46)) - raft.server.data-stream.async.write.thread.pool.size = 16 (default)
2024-04-25 19:25:59,173 [main] INFO  netty.NettyConfigKeys$DataStream (ConfUtils.java:logGet(46)) - raft.netty.dataStream.server.channel.inactive.grace-period = 10min (default)
2024-04-25 19:25:59,173 [main] INFO  server.RaftServerConfigKeys (ConfUtils.java:logGet(46)) - raft.server.data-stream.client.pool.size = 10 (default)
2024-04-25 19:25:59,173 [main] INFO  netty.NettyConfigKeys$DataStream (ConfUtils.java:logGet(46)) - raft.netty.dataStream.server.use-epoll = true (default)
2024-04-25 19:25:59,174 [main] INFO  netty.NettyConfigKeys$DataStream (ConfUtils.java:logGet(46)) - raft.netty.dataStream.server.boss-group.size = 0 (default)
2024-04-25 19:25:59,174 [main] INFO  netty.NettyUtils (NettyUtils.java:newEventLoopGroup(69)) - Create EpollEventLoopGroup for f28f6cfa-fb4d-46cf-94dd-cb052c8a0835-NettyServerStreamRpc-bossGroup; Thread size is 0.
2024-04-25 19:25:59,174 [main] INFO  netty.NettyConfigKeys$DataStream (ConfUtils.java:logGet(46)) - raft.netty.dataStream.server.worker-group.size = 0 (default)
2024-04-25 19:25:59,174 [main] INFO  netty.NettyUtils (NettyUtils.java:newEventLoopGroup(69)) - Create EpollEventLoopGroup for f28f6cfa-fb4d-46cf-94dd-cb052c8a0835-NettyServerStreamRpc-workerGroup; Thread size is 0.
2024-04-25 19:25:59,174 [main] INFO  netty.NettyConfigKeys$DataStream (ConfUtils.java:logGet(46)) - raft.netty.dataStream.server.tls.conf = null (default)
2024-04-25 19:25:59,175 [main] INFO  netty.NettyConfigKeys$DataStream (ConfUtils.java:logGet(46)) - raft.netty.dataStream.host = null (default)
2024-04-25 19:25:59,175 [main] INFO  netty.NettyConfigKeys$DataStream (ConfUtils.java:logGet(46)) - raft.netty.dataStream.port = 15300 (custom)
2024-04-25 19:25:59,175 [main] INFO  server.RaftServerConfigKeys (ConfUtils.java:logGet(46)) - raft.server.sleep.deviation.threshold = 300ms (default)
2024-04-25 19:25:59,175 [main] INFO  server.RaftServerConfigKeys (ConfUtils.java:logGet(46)) - raft.server.close.threshold = 60s (default)
2024-04-25 19:25:59,175 [main] INFO  server.RaftServerConfigKeys (ConfUtils.java:logGet(46)) - raft.server.leaderelection.leader.step-down.wait-time = 10s (default)
2024-04-25 19:25:59,175 [main] INFO  server.RaftServerConfigKeys (ConfUtils.java:logGet(46)) - raft.server.storage.dir = [/home/runner/work/ozone/ozone/hadoop-ozone/integration-test/target/test-dir/MiniOzoneClusterImpl-f82f7a4c-b7ce-4bc7-bddc-b4ce9d407ba8/ozone-meta/datanode-3/ratis] (custom)
2024-04-25 19:25:59,175 [main] INFO  server.RaftServerConfigKeys (ConfUtils.java:logGet(46)) - raft.server.threadpool.proxy.cached = true (default)
2024-04-25 19:25:59,176 [main] INFO  server.RaftServerConfigKeys (ConfUtils.java:logGet(46)) - raft.server.threadpool.proxy.size = 0 (default)
2024-04-25 19:25:59,175 [f28f6cfa-fb4d-46cf-94dd-cb052c8a0835-NettyServerStreamRpc-bossGroup--thread1] INFO  logging.LoggingHandler (AbstractInternalLogger.java:log(148)) - [id: 0x69229804] REGISTERED
2024-04-25 19:25:59,176 [f28f6cfa-fb4d-46cf-94dd-cb052c8a0835-NettyServerStreamRpc-bossGroup--thread1] INFO  logging.LoggingHandler (AbstractInternalLogger.java:log(148)) - [id: 0x69229804] BIND: 0.0.0.0/0.0.0.0:15300
2024-04-25 19:25:59,176 [f28f6cfa-fb4d-46cf-94dd-cb052c8a0835-NettyServerStreamRpc-bossGroup--thread1] INFO  logging.LoggingHandler (AbstractInternalLogger.java:log(148)) - [id: 0x69229804, L:/0.0.0.0:15300] ACTIVE
2024-04-25 19:25:59,176 [f28f6cfa-fb4d-46cf-94dd-cb052c8a0835-impl-thread1] INFO  server.RaftServer (RaftServerProxy.java:initGroupDir(264)) - f28f6cfa-fb4d-46cf-94dd-cb052c8a0835: found a subdirectory /home/runner/work/ozone/ozone/hadoop-ozone/integration-test/target/test-dir/MiniOzoneClusterImpl-f82f7a4c-b7ce-4bc7-bddc-b4ce9d407ba8/ozone-meta/datanode-3/ratis/tmp
2024-04-25 19:25:59,176 [f28f6cfa-fb4d-46cf-94dd-cb052c8a0835-impl-thread1] INFO  server.RaftServer (RaftServerProxy.java:initGroupDir(269)) - f28f6cfa-fb4d-46cf-94dd-cb052c8a0835: The directory /home/runner/work/ozone/ozone/hadoop-ozone/integration-test/target/test-dir/MiniOzoneClusterImpl-f82f7a4c-b7ce-4bc7-bddc-b4ce9d407ba8/ozone-meta/datanode-3/ratis/tmp is not a group directory; ignoring it. 
2024-04-25 19:25:59,176 [main] INFO  replication.ReplicationServer (ReplicationServer.java:<init>(86)) - Initializing replication server with thread count = 10 queue length = 4096
2024-04-25 19:25:59,177 [main] INFO  server.XceiverServerGrpc (XceiverServerGrpc.java:<init>(141)) - GrpcServer channel type EpollServerSocketChannel
2024-04-25 19:25:59,179 [main] INFO  replication.ReplicationSupervisor (ReplicationSupervisor.java:build(157)) - Initializing replication supervisor with thread count = 10
2024-04-25 19:25:59,179 [main] INFO  replication.ReplicationSupervisor (ReplicationSupervisor.java:nodeStateUpdated(312)) - Node state updated to IN_SERVICE, scaling executor pool size to 10
2024-04-25 19:25:59,180 [main] INFO  http.BaseHttpServer (BaseHttpServer.java:newHttpServer2BuilderForOzone(223)) - Starting Web-server for hddsDatanode at: http://0.0.0.0:15294
2024-04-25 19:25:59,180 [main] INFO  http.BaseHttpServer (BaseHttpServer.java:<init>(110)) - Hadoop Security Enabled: false Ozone Security Enabled: false Ozone HTTP Security Enabled: false 
2024-04-25 19:25:59,181 [main] WARN  server.AuthenticationFilter (AuthenticationFilter.java:constructSecretProvider(240)) - Unable to initialize FileSignerSecretProvider, falling back to use random secrets. Reason: Could not read signature secret file: /home/runner/hadoop-http-auth-signature-secret
2024-04-25 19:25:59,181 [main] INFO  http.HttpRequestLog (HttpRequestLog.java:getRequestLog(86)) - Http request log for http.requests.hddsDatanode is not defined
2024-04-25 19:25:59,182 [main] INFO  http.HttpServer2 (HttpServer2.java:addGlobalFilter(1036)) - Added global filter 'safety' (class=org.apache.hadoop.hdds.server.http.HttpServer2$QuotingInputFilter)
2024-04-25 19:25:59,182 [main] INFO  http.HttpServer2 (HttpServer2.java:addFilter(1012)) - Added filter static_user_filter (class=org.apache.hadoop.http.lib.StaticUserWebFilter$StaticUserFilter) to context hddsDatanode
2024-04-25 19:25:59,182 [main] INFO  http.HttpServer2 (HttpServer2.java:addFilter(1020)) - Added filter static_user_filter (class=org.apache.hadoop.http.lib.StaticUserWebFilter$StaticUserFilter) to context static
2024-04-25 19:25:59,182 [main] INFO  http.HttpServer2 (HttpServer2.java:addFilter(1020)) - Added filter static_user_filter (class=org.apache.hadoop.http.lib.StaticUserWebFilter$StaticUserFilter) to context logs
2024-04-25 19:25:59,183 [main] INFO  http.BaseHttpServer (BaseHttpServer.java:<init>(189)) - HTTP server of hddsDatanode uses base directory /home/runner/work/ozone/ozone/hadoop-ozone/integration-test/target/test-dir/MiniOzoneClusterImpl-f82f7a4c-b7ce-4bc7-bddc-b4ce9d407ba8/ozone-meta/datanode-3/meta/webserver
2024-04-25 19:25:59,183 [main] INFO  http.HttpServer2 (HttpServer2.java:bindListener(1236)) - Jetty bound to port 15294
2024-04-25 19:25:59,183 [main] INFO  server.Server (Server.java:doStart(375)) - jetty-9.4.53.v20231009; built: 2023-10-09T12:29:09.265Z; git: 27bde00a0b95a1d5bbee0eae7984f891d2d0f8c9; jvm 17.0.10+7
2024-04-25 19:25:59,184 [main] INFO  server.session (DefaultSessionIdManager.java:doStart(334)) - DefaultSessionIdManager workerName=node0
2024-04-25 19:25:59,184 [main] INFO  server.session (DefaultSessionIdManager.java:doStart(339)) - No SessionScavenger set, using defaults
2024-04-25 19:25:59,184 [main] INFO  server.session (HouseKeeper.java:startScavenging(132)) - node0 Scavenging every 660000ms
2024-04-25 19:25:59,185 [main] INFO  handler.ContextHandler (ContextHandler.java:doStart(921)) - Started o.e.j.s.ServletContextHandler@2eeb14d4{logs,/logs,file:///home/runner/work/ozone/ozone/hadoop-ozone/integration-test/target/log,AVAILABLE}
2024-04-25 19:25:59,185 [main] INFO  handler.ContextHandler (ContextHandler.java:doStart(921)) - Started o.e.j.s.ServletContextHandler@f94fc29{static,/static,file:///home/runner/work/ozone/ozone/hadoop-hdds/container-service/target/classes/webapps/static,AVAILABLE}
2024-04-25 19:25:59,188 [main] INFO  handler.ContextHandler (ContextHandler.java:doStart(921)) - Started o.e.j.w.WebAppContext@6384a8{hddsDatanode,/,file:///home/runner/work/ozone/ozone/hadoop-hdds/container-service/target/classes/webapps/hddsDatanode/,AVAILABLE}{file:/home/runner/work/ozone/ozone/hadoop-hdds/container-service/target/classes/webapps/hddsDatanode}
2024-04-25 19:25:59,188 [main] INFO  server.AbstractConnector (AbstractConnector.java:doStart(333)) - Started ServerConnector@78dbb023{HTTP/1.1, (http/1.1)}{0.0.0.0:15294}
2024-04-25 19:25:59,189 [main] INFO  server.Server (Server.java:doStart(415)) - Started @120901ms
2024-04-25 19:25:59,189 [main] WARN  impl.MetricsSystemImpl (MetricsSystemImpl.java:register(279)) - Sink prometheus already exists!
2024-04-25 19:25:59,189 [main] INFO  http.BaseHttpServer (BaseHttpServer.java:updateConnectorAddress(354)) - HTTP server of hddsDatanode listening at http://0.0.0.0:15294
2024-04-25 19:25:59,189 [main] INFO  ipc.CallQueueManager (CallQueueManager.java:<init>(90)) - Using callQueue: class java.util.concurrent.LinkedBlockingQueue, queueCapacity: 100, scheduler: class org.apache.hadoop.ipc.DefaultRpcScheduler, ipcBackoff: false.
2024-04-25 19:25:59,189 [main] INFO  ipc.Server (Server.java:<init>(1287)) - Listener at 0.0.0.0:15295
2024-04-25 19:25:59,190 [Socket Reader #1 for port 15295] INFO  ipc.Server (Server.java:run(1323)) - Starting Socket Reader #1 for port 15295
2024-04-25 19:25:59,191 [main] INFO  ozone.HddsDatanodeService (HddsDatanodeService.java:start(327)) - Datanode start with admins: [runner]
2024-04-25 19:25:59,191 [main] INFO  ozone.HddsDatanodeClientProtocolServer (HddsDatanodeClientProtocolServer.java:start(77)) - RPC server for Client /0.0.0.0:15295
2024-04-25 19:25:59,191 [IPC Server Responder] INFO  ipc.Server (Server.java:run(1562)) - IPC Server Responder: starting
2024-04-25 19:25:59,191 [IPC Server listener on 15295] INFO  ipc.Server (Server.java:run(1402)) - IPC Server listener on 15295: starting
2024-04-25 19:25:59,191 [main] WARN  dropwizard3.Dm3MetricRegistriesImpl (Dm3MetricRegistriesImpl.java:addReporterRegistration(113)) - New reporters are added after registries were created. Some metrics will be missing from the reporter. Please add reporter before adding any new registry.
2024-04-25 19:25:59,192 [main] WARN  dropwizard3.Dm3MetricRegistriesImpl (Dm3MetricRegistriesImpl.java:addReporterRegistration(113)) - New reporters are added after registries were created. Some metrics will be missing from the reporter. Please add reporter before adding any new registry.
2024-04-25 19:25:59,192 [f28f6cfa-fb4d-46cf-94dd-cb052c8a0835-DatanodeStateMachineDaemonThread] INFO  statemachine.DatanodeStateMachine (DatanodeStateMachine.java:lambda$startDaemon$1(555)) - Ozone container server started.
2024-04-25 19:25:59,192 [main] INFO  impl.MetricsSystemImpl (MetricsSystemImpl.java:init(158)) - HddsDatanode metrics system started (again)
2024-04-25 19:25:59,203 [f28f6cfa-fb4d-46cf-94dd-cb052c8a0835-DatanodeStateMachineTaskThread-0] INFO  datanode.InitDatanodeState (InitDatanodeState.java:persistContainerDatanodeDetails(139)) - DatanodeDetails is persisted to /home/runner/work/ozone/ozone/hadoop-ozone/integration-test/target/test-dir/MiniOzoneClusterImpl-f82f7a4c-b7ce-4bc7-bddc-b4ce9d407ba8/ozone-meta/datanode-3/meta/datanode.id
2024-04-25 19:25:59,209 [main] INFO  ozone.HddsDatanodeService (HddsDatanodeService.java:start(240)) - HddsDatanodeService host:fv-az524-255.igxe211viwkezmo5lnqk45pdag.ex.internal.cloudapp.net ip:10.1.0.10
2024-04-25 19:25:59,226 [main] INFO  upgrade.AbstractLayoutVersionManager (AbstractLayoutVersionManager.java:init(83)) - Initializing Layout version manager with metadata layout = HADOOP_PRC_PORTS_IN_DATANODEDETAILS (version = 7), software layout = HADOOP_PRC_PORTS_IN_DATANODEDETAILS (version = 7)
2024-04-25 19:25:59,227 [main] INFO  statemachine.DatanodeStateMachine (DatanodeStateMachine.java:getEndPointTaskThreadPoolSize(299)) - Datanode State Machine Task Thread Pool size 2
2024-04-25 19:25:59,228 [main] INFO  volume.HddsVolume (HddsVolume.java:<init>(126)) - Creating HddsVolume: /home/runner/work/ozone/ozone/hadoop-ozone/integration-test/target/test-dir/MiniOzoneClusterImpl-f82f7a4c-b7ce-4bc7-bddc-b4ce9d407ba8/ozone-meta/datanode-4/data-0/hdds of storage type : DISK capacity : 9223372036854775807
2024-04-25 19:25:59,228 [main] INFO  volume.MutableVolumeSet (MutableVolumeSet.java:initializeVolumeSet(173)) - Added Volume : /home/runner/work/ozone/ozone/hadoop-ozone/integration-test/target/test-dir/MiniOzoneClusterImpl-f82f7a4c-b7ce-4bc7-bddc-b4ce9d407ba8/ozone-meta/datanode-4/data-0/hdds to VolumeSet
2024-04-25 19:25:59,228 [main] INFO  volume.MutableVolumeSet (MutableVolumeSet.java:initializeVolumeSet(173)) - Added Volume : /home/runner/work/ozone/ozone/hadoop-ozone/integration-test/target/test-dir/MiniOzoneClusterImpl-f82f7a4c-b7ce-4bc7-bddc-b4ce9d407ba8/ozone-meta/datanode-4/ratis to VolumeSet
2024-04-25 19:25:59,229 [main] INFO  ozoneimpl.OzoneContainer (HddsVolumeUtil.java:loadAllHddsVolumeDbStore(103)) - Load 1 volumes DbStore cost: 0ms
2024-04-25 19:25:59,231 [main] INFO  server.RaftServer (ConfUtils.java:logGet(46)) - raft.rpc.type = GRPC (default)
2024-04-25 19:25:59,231 [main] INFO  grpc.GrpcConfigKeys (ConfUtils.java:logFallback(53)) - raft.grpc.admin.host = null (fallback to raft.grpc.server.host)
2024-04-25 19:25:59,231 [main] INFO  grpc.GrpcConfigKeys (ConfUtils.java:logGet(46)) - raft.grpc.admin.port = 15307 (custom)
2024-04-25 19:25:59,231 [main] INFO  grpc.GrpcConfigKeys (ConfUtils.java:logFallback(53)) - raft.grpc.client.host = null (fallback to raft.grpc.server.host)
2024-04-25 19:25:59,231 [main] INFO  grpc.GrpcConfigKeys (ConfUtils.java:logGet(46)) - raft.grpc.client.port = 15306 (custom)
2024-04-25 19:25:59,231 [main] INFO  grpc.GrpcConfigKeys (ConfUtils.java:logGet(46)) - raft.grpc.server.host = null (default)
2024-04-25 19:25:59,231 [main] INFO  grpc.GrpcConfigKeys (ConfUtils.java:logGet(46)) - raft.grpc.server.port = 15308 (custom)
2024-04-25 19:25:59,231 [main] INFO  server.GrpcService (ConfUtils.java:logGet(46)) - raft.grpc.message.size.max = 32MB (=33554432) (custom)
2024-04-25 19:25:59,232 [main] INFO  server.RaftServerConfigKeys (ConfUtils.java:logGet(46)) - raft.server.log.appender.buffer.byte-limit = 8388608 (custom)
2024-04-25 19:25:59,232 [main] INFO  server.GrpcService (ConfUtils.java:logGet(46)) - raft.grpc.flow.control.window = 5MB (=5242880) (custom)
2024-04-25 19:25:59,232 [main] INFO  server.RaftServerConfigKeys (ConfUtils.java:logGet(46)) - raft.server.rpc.request.timeout = 3000ms (default)
2024-04-25 19:25:59,232 [main] INFO  grpc.GrpcConfigKeys (ConfUtils.java:logGet(46)) - raft.grpc.server.heartbeat.channel = true (default)
2024-04-25 19:25:59,232 [main] INFO  grpc.GrpcConfigKeys (ConfUtils.java:logGet(46)) - raft.grpc.server.async.request.thread.pool.cached = true (default)
2024-04-25 19:25:59,232 [main] INFO  grpc.GrpcConfigKeys (ConfUtils.java:logGet(46)) - raft.grpc.server.async.request.thread.pool.size = 32 (default)
2024-04-25 19:25:59,234 [main] INFO  impl.DataStreamServerImpl (ConfUtils.java:logGet(46)) - raft.datastream.type = NETTY (custom)
2024-04-25 19:25:59,234 [main] INFO  server.RaftServerConfigKeys (ConfUtils.java:logGet(46)) - raft.server.data-stream.async.request.thread.pool.cached = false (default)
2024-04-25 19:25:59,235 [main] INFO  server.RaftServerConfigKeys (ConfUtils.java:logGet(46)) - raft.server.data-stream.async.request.thread.pool.size = 20 (custom)
2024-04-25 19:25:59,235 [main] INFO  server.RaftServerConfigKeys (ConfUtils.java:logGet(46)) - raft.server.data-stream.async.write.thread.pool.size = 16 (default)
2024-04-25 19:25:59,235 [main] INFO  netty.NettyConfigKeys$DataStream (ConfUtils.java:logGet(46)) - raft.netty.dataStream.server.channel.inactive.grace-period = 10min (default)
2024-04-25 19:25:59,235 [main] INFO  server.RaftServerConfigKeys (ConfUtils.java:logGet(46)) - raft.server.data-stream.client.pool.size = 10 (default)
2024-04-25 19:25:59,235 [main] INFO  netty.NettyConfigKeys$DataStream (ConfUtils.java:logGet(46)) - raft.netty.dataStream.server.use-epoll = true (default)
2024-04-25 19:25:59,235 [main] INFO  netty.NettyConfigKeys$DataStream (ConfUtils.java:logGet(46)) - raft.netty.dataStream.server.boss-group.size = 0 (default)
2024-04-25 19:25:59,235 [main] INFO  netty.NettyUtils (NettyUtils.java:newEventLoopGroup(69)) - Create EpollEventLoopGroup for 38098fde-9f6f-4ad0-993c-715d8f2d4b32-NettyServerStreamRpc-bossGroup; Thread size is 0.
2024-04-25 19:25:59,236 [main] INFO  netty.NettyConfigKeys$DataStream (ConfUtils.java:logGet(46)) - raft.netty.dataStream.server.worker-group.size = 0 (default)
2024-04-25 19:25:59,236 [main] INFO  netty.NettyUtils (NettyUtils.java:newEventLoopGroup(69)) - Create EpollEventLoopGroup for 38098fde-9f6f-4ad0-993c-715d8f2d4b32-NettyServerStreamRpc-workerGroup; Thread size is 0.
2024-04-25 19:25:59,236 [main] INFO  netty.NettyConfigKeys$DataStream (ConfUtils.java:logGet(46)) - raft.netty.dataStream.server.tls.conf = null (default)
2024-04-25 19:25:59,236 [main] INFO  netty.NettyConfigKeys$DataStream (ConfUtils.java:logGet(46)) - raft.netty.dataStream.host = null (default)
2024-04-25 19:25:59,236 [main] INFO  netty.NettyConfigKeys$DataStream (ConfUtils.java:logGet(46)) - raft.netty.dataStream.port = 15309 (custom)
2024-04-25 19:25:59,237 [main] INFO  server.RaftServerConfigKeys (ConfUtils.java:logGet(46)) - raft.server.sleep.deviation.threshold = 300ms (default)
2024-04-25 19:25:59,237 [38098fde-9f6f-4ad0-993c-715d8f2d4b32-NettyServerStreamRpc-bossGroup--thread1] INFO  logging.LoggingHandler (AbstractInternalLogger.java:log(148)) - [id: 0x803836c6] REGISTERED
2024-04-25 19:25:59,237 [38098fde-9f6f-4ad0-993c-715d8f2d4b32-NettyServerStreamRpc-bossGroup--thread1] INFO  logging.LoggingHandler (AbstractInternalLogger.java:log(148)) - [id: 0x803836c6] BIND: 0.0.0.0/0.0.0.0:15309
2024-04-25 19:25:59,237 [38098fde-9f6f-4ad0-993c-715d8f2d4b32-NettyServerStreamRpc-bossGroup--thread1] INFO  logging.LoggingHandler (AbstractInternalLogger.java:log(148)) - [id: 0x803836c6, L:/0.0.0.0:15309] ACTIVE
2024-04-25 19:25:59,237 [main] INFO  server.RaftServerConfigKeys (ConfUtils.java:logGet(46)) - raft.server.close.threshold = 60s (default)
2024-04-25 19:25:59,237 [main] INFO  server.RaftServerConfigKeys (ConfUtils.java:logGet(46)) - raft.server.leaderelection.leader.step-down.wait-time = 10s (default)
2024-04-25 19:25:59,237 [main] INFO  server.RaftServerConfigKeys (ConfUtils.java:logGet(46)) - raft.server.storage.dir = [/home/runner/work/ozone/ozone/hadoop-ozone/integration-test/target/test-dir/MiniOzoneClusterImpl-f82f7a4c-b7ce-4bc7-bddc-b4ce9d407ba8/ozone-meta/datanode-4/ratis] (custom)
2024-04-25 19:25:59,237 [main] INFO  server.RaftServerConfigKeys (ConfUtils.java:logGet(46)) - raft.server.threadpool.proxy.cached = true (default)
2024-04-25 19:25:59,238 [main] INFO  server.RaftServerConfigKeys (ConfUtils.java:logGet(46)) - raft.server.threadpool.proxy.size = 0 (default)
2024-04-25 19:25:59,238 [38098fde-9f6f-4ad0-993c-715d8f2d4b32-impl-thread1] INFO  server.RaftServer (RaftServerProxy.java:initGroupDir(264)) - 38098fde-9f6f-4ad0-993c-715d8f2d4b32: found a subdirectory /home/runner/work/ozone/ozone/hadoop-ozone/integration-test/target/test-dir/MiniOzoneClusterImpl-f82f7a4c-b7ce-4bc7-bddc-b4ce9d407ba8/ozone-meta/datanode-4/ratis/tmp
2024-04-25 19:25:59,238 [38098fde-9f6f-4ad0-993c-715d8f2d4b32-impl-thread1] INFO  server.RaftServer (RaftServerProxy.java:initGroupDir(269)) - 38098fde-9f6f-4ad0-993c-715d8f2d4b32: The directory /home/runner/work/ozone/ozone/hadoop-ozone/integration-test/target/test-dir/MiniOzoneClusterImpl-f82f7a4c-b7ce-4bc7-bddc-b4ce9d407ba8/ozone-meta/datanode-4/ratis/tmp is not a group directory; ignoring it. 
2024-04-25 19:25:59,238 [main] INFO  replication.ReplicationServer (ReplicationServer.java:<init>(86)) - Initializing replication server with thread count = 10 queue length = 4096
2024-04-25 19:25:59,239 [main] INFO  server.XceiverServerGrpc (XceiverServerGrpc.java:<init>(141)) - GrpcServer channel type EpollServerSocketChannel
2024-04-25 19:25:59,240 [main] INFO  replication.ReplicationSupervisor (ReplicationSupervisor.java:build(157)) - Initializing replication supervisor with thread count = 10
2024-04-25 19:25:59,240 [main] INFO  replication.ReplicationSupervisor (ReplicationSupervisor.java:nodeStateUpdated(312)) - Node state updated to IN_SERVICE, scaling executor pool size to 10
2024-04-25 19:25:59,241 [main] INFO  http.BaseHttpServer (BaseHttpServer.java:newHttpServer2BuilderForOzone(223)) - Starting Web-server for hddsDatanode at: http://0.0.0.0:15303
2024-04-25 19:25:59,242 [main] INFO  http.BaseHttpServer (BaseHttpServer.java:<init>(110)) - Hadoop Security Enabled: false Ozone Security Enabled: false Ozone HTTP Security Enabled: false 
2024-04-25 19:25:59,242 [main] WARN  server.AuthenticationFilter (AuthenticationFilter.java:constructSecretProvider(240)) - Unable to initialize FileSignerSecretProvider, falling back to use random secrets. Reason: Could not read signature secret file: /home/runner/hadoop-http-auth-signature-secret
2024-04-25 19:25:59,243 [main] INFO  http.HttpRequestLog (HttpRequestLog.java:getRequestLog(86)) - Http request log for http.requests.hddsDatanode is not defined
2024-04-25 19:25:59,243 [main] INFO  http.HttpServer2 (HttpServer2.java:addGlobalFilter(1036)) - Added global filter 'safety' (class=org.apache.hadoop.hdds.server.http.HttpServer2$QuotingInputFilter)
2024-04-25 19:25:59,244 [main] INFO  http.HttpServer2 (HttpServer2.java:addFilter(1012)) - Added filter static_user_filter (class=org.apache.hadoop.http.lib.StaticUserWebFilter$StaticUserFilter) to context hddsDatanode
2024-04-25 19:25:59,244 [main] INFO  http.HttpServer2 (HttpServer2.java:addFilter(1020)) - Added filter static_user_filter (class=org.apache.hadoop.http.lib.StaticUserWebFilter$StaticUserFilter) to context static
2024-04-25 19:25:59,244 [main] INFO  http.HttpServer2 (HttpServer2.java:addFilter(1020)) - Added filter static_user_filter (class=org.apache.hadoop.http.lib.StaticUserWebFilter$StaticUserFilter) to context logs
2024-04-25 19:25:59,244 [main] INFO  http.BaseHttpServer (BaseHttpServer.java:<init>(189)) - HTTP server of hddsDatanode uses base directory /home/runner/work/ozone/ozone/hadoop-ozone/integration-test/target/test-dir/MiniOzoneClusterImpl-f82f7a4c-b7ce-4bc7-bddc-b4ce9d407ba8/ozone-meta/datanode-4/meta/webserver
2024-04-25 19:25:59,244 [main] INFO  http.HttpServer2 (HttpServer2.java:bindListener(1236)) - Jetty bound to port 15303
2024-04-25 19:25:59,245 [main] INFO  server.Server (Server.java:doStart(375)) - jetty-9.4.53.v20231009; built: 2023-10-09T12:29:09.265Z; git: 27bde00a0b95a1d5bbee0eae7984f891d2d0f8c9; jvm 17.0.10+7
2024-04-25 19:25:59,246 [main] INFO  server.session (DefaultSessionIdManager.java:doStart(334)) - DefaultSessionIdManager workerName=node0
2024-04-25 19:25:59,246 [main] INFO  server.session (DefaultSessionIdManager.java:doStart(339)) - No SessionScavenger set, using defaults
2024-04-25 19:25:59,246 [main] INFO  server.session (HouseKeeper.java:startScavenging(132)) - node0 Scavenging every 660000ms
2024-04-25 19:25:59,246 [main] INFO  handler.ContextHandler (ContextHandler.java:doStart(921)) - Started o.e.j.s.ServletContextHandler@1b2574d0{logs,/logs,file:///home/runner/work/ozone/ozone/hadoop-ozone/integration-test/target/log,AVAILABLE}
2024-04-25 19:25:59,246 [main] INFO  handler.ContextHandler (ContextHandler.java:doStart(921)) - Started o.e.j.s.ServletContextHandler@6cf5cb11{static,/static,file:///home/runner/work/ozone/ozone/hadoop-hdds/container-service/target/classes/webapps/static,AVAILABLE}
2024-04-25 19:25:59,249 [main] INFO  handler.ContextHandler (ContextHandler.java:doStart(921)) - Started o.e.j.w.WebAppContext@7db865a8{hddsDatanode,/,file:///home/runner/work/ozone/ozone/hadoop-hdds/container-service/target/classes/webapps/hddsDatanode/,AVAILABLE}{file:/home/runner/work/ozone/ozone/hadoop-hdds/container-service/target/classes/webapps/hddsDatanode}
2024-04-25 19:25:59,250 [main] INFO  server.AbstractConnector (AbstractConnector.java:doStart(333)) - Started ServerConnector@63ce19a{HTTP/1.1, (http/1.1)}{0.0.0.0:15303}
2024-04-25 19:25:59,250 [main] INFO  server.Server (Server.java:doStart(415)) - Started @120962ms
2024-04-25 19:25:59,250 [main] WARN  impl.MetricsSystemImpl (MetricsSystemImpl.java:register(279)) - Sink prometheus already exists!
2024-04-25 19:25:59,250 [main] INFO  http.BaseHttpServer (BaseHttpServer.java:updateConnectorAddress(354)) - HTTP server of hddsDatanode listening at http://0.0.0.0:15303
2024-04-25 19:25:59,250 [main] INFO  ipc.CallQueueManager (CallQueueManager.java:<init>(90)) - Using callQueue: class java.util.concurrent.LinkedBlockingQueue, queueCapacity: 100, scheduler: class org.apache.hadoop.ipc.DefaultRpcScheduler, ipcBackoff: false.
2024-04-25 19:25:59,251 [main] INFO  ipc.Server (Server.java:<init>(1287)) - Listener at 0.0.0.0:15304
2024-04-25 19:25:59,251 [Socket Reader #1 for port 15304] INFO  ipc.Server (Server.java:run(1323)) - Starting Socket Reader #1 for port 15304
2024-04-25 19:25:59,252 [main] INFO  ozone.HddsDatanodeService (HddsDatanodeService.java:start(327)) - Datanode start with admins: [runner]
2024-04-25 19:25:59,253 [main] INFO  ozone.HddsDatanodeClientProtocolServer (HddsDatanodeClientProtocolServer.java:start(77)) - RPC server for Client /0.0.0.0:15304
2024-04-25 19:25:59,253 [IPC Server Responder] INFO  ipc.Server (Server.java:run(1562)) - IPC Server Responder: starting
2024-04-25 19:25:59,253 [IPC Server listener on 15304] INFO  ipc.Server (Server.java:run(1402)) - IPC Server listener on 15304: starting
2024-04-25 19:25:59,256 [38098fde-9f6f-4ad0-993c-715d8f2d4b32-DatanodeStateMachineDaemonThread] INFO  statemachine.DatanodeStateMachine (DatanodeStateMachine.java:lambda$startDaemon$1(555)) - Ozone container server started.
2024-04-25 19:25:59,256 [main] WARN  dropwizard3.Dm3MetricRegistriesImpl (Dm3MetricRegistriesImpl.java:addReporterRegistration(113)) - New reporters are added after registries were created. Some metrics will be missing from the reporter. Please add reporter before adding any new registry.
2024-04-25 19:25:59,256 [main] WARN  dropwizard3.Dm3MetricRegistriesImpl (Dm3MetricRegistriesImpl.java:addReporterRegistration(113)) - New reporters are added after registries were created. Some metrics will be missing from the reporter. Please add reporter before adding any new registry.
2024-04-25 19:25:59,256 [main] INFO  impl.MetricsSystemImpl (MetricsSystemImpl.java:init(158)) - HddsDatanode metrics system started (again)
2024-04-25 19:25:59,260 [38098fde-9f6f-4ad0-993c-715d8f2d4b32-DatanodeStateMachineTaskThread-0] INFO  datanode.InitDatanodeState (InitDatanodeState.java:persistContainerDatanodeDetails(139)) - DatanodeDetails is persisted to /home/runner/work/ozone/ozone/hadoop-ozone/integration-test/target/test-dir/MiniOzoneClusterImpl-f82f7a4c-b7ce-4bc7-bddc-b4ce9d407ba8/ozone-meta/datanode-4/meta/datanode.id
2024-04-25 19:25:59,265 [main] INFO  ozone.HddsDatanodeService (HddsDatanodeService.java:start(240)) - HddsDatanodeService host:fv-az524-255.igxe211viwkezmo5lnqk45pdag.ex.internal.cloudapp.net ip:10.1.0.10
2024-04-25 19:25:59,283 [main] INFO  upgrade.AbstractLayoutVersionManager (AbstractLayoutVersionManager.java:init(83)) - Initializing Layout version manager with metadata layout = HADOOP_PRC_PORTS_IN_DATANODEDETAILS (version = 7), software layout = HADOOP_PRC_PORTS_IN_DATANODEDETAILS (version = 7)
2024-04-25 19:25:59,283 [main] INFO  statemachine.DatanodeStateMachine (DatanodeStateMachine.java:getEndPointTaskThreadPoolSize(299)) - Datanode State Machine Task Thread Pool size 2
2024-04-25 19:25:59,284 [main] INFO  volume.HddsVolume (HddsVolume.java:<init>(126)) - Creating HddsVolume: /home/runner/work/ozone/ozone/hadoop-ozone/integration-test/target/test-dir/MiniOzoneClusterImpl-f82f7a4c-b7ce-4bc7-bddc-b4ce9d407ba8/ozone-meta/datanode-5/data-0/hdds of storage type : DISK capacity : 9223372036854775807
2024-04-25 19:25:59,284 [main] INFO  volume.MutableVolumeSet (MutableVolumeSet.java:initializeVolumeSet(173)) - Added Volume : /home/runner/work/ozone/ozone/hadoop-ozone/integration-test/target/test-dir/MiniOzoneClusterImpl-f82f7a4c-b7ce-4bc7-bddc-b4ce9d407ba8/ozone-meta/datanode-5/data-0/hdds to VolumeSet
2024-04-25 19:25:59,285 [main] INFO  volume.MutableVolumeSet (MutableVolumeSet.java:initializeVolumeSet(173)) - Added Volume : /home/runner/work/ozone/ozone/hadoop-ozone/integration-test/target/test-dir/MiniOzoneClusterImpl-f82f7a4c-b7ce-4bc7-bddc-b4ce9d407ba8/ozone-meta/datanode-5/ratis to VolumeSet
2024-04-25 19:25:59,285 [main] INFO  ozoneimpl.OzoneContainer (HddsVolumeUtil.java:loadAllHddsVolumeDbStore(103)) - Load 1 volumes DbStore cost: 0ms
2024-04-25 19:25:59,286 [main] INFO  server.RaftServer (ConfUtils.java:logGet(46)) - raft.rpc.type = GRPC (default)
2024-04-25 19:25:59,286 [main] INFO  grpc.GrpcConfigKeys (ConfUtils.java:logFallback(53)) - raft.grpc.admin.host = null (fallback to raft.grpc.server.host)
2024-04-25 19:25:59,287 [main] INFO  grpc.GrpcConfigKeys (ConfUtils.java:logGet(46)) - raft.grpc.admin.port = 15316 (custom)
2024-04-25 19:25:59,287 [main] INFO  grpc.GrpcConfigKeys (ConfUtils.java:logFallback(53)) - raft.grpc.client.host = null (fallback to raft.grpc.server.host)
2024-04-25 19:25:59,287 [main] INFO  grpc.GrpcConfigKeys (ConfUtils.java:logGet(46)) - raft.grpc.client.port = 15315 (custom)
2024-04-25 19:25:59,287 [main] INFO  grpc.GrpcConfigKeys (ConfUtils.java:logGet(46)) - raft.grpc.server.host = null (default)
2024-04-25 19:25:59,287 [main] INFO  grpc.GrpcConfigKeys (ConfUtils.java:logGet(46)) - raft.grpc.server.port = 15317 (custom)
2024-04-25 19:25:59,287 [main] INFO  server.GrpcService (ConfUtils.java:logGet(46)) - raft.grpc.message.size.max = 32MB (=33554432) (custom)
2024-04-25 19:25:59,287 [main] INFO  server.RaftServerConfigKeys (ConfUtils.java:logGet(46)) - raft.server.log.appender.buffer.byte-limit = 8388608 (custom)
2024-04-25 19:25:59,287 [main] INFO  server.GrpcService (ConfUtils.java:logGet(46)) - raft.grpc.flow.control.window = 5MB (=5242880) (custom)
2024-04-25 19:25:59,287 [main] INFO  server.RaftServerConfigKeys (ConfUtils.java:logGet(46)) - raft.server.rpc.request.timeout = 3000ms (default)
2024-04-25 19:25:59,287 [main] INFO  grpc.GrpcConfigKeys (ConfUtils.java:logGet(46)) - raft.grpc.server.heartbeat.channel = true (default)
2024-04-25 19:25:59,287 [main] INFO  grpc.GrpcConfigKeys (ConfUtils.java:logGet(46)) - raft.grpc.server.async.request.thread.pool.cached = true (default)
2024-04-25 19:25:59,287 [main] INFO  grpc.GrpcConfigKeys (ConfUtils.java:logGet(46)) - raft.grpc.server.async.request.thread.pool.size = 32 (default)
2024-04-25 19:25:59,289 [main] INFO  impl.DataStreamServerImpl (ConfUtils.java:logGet(46)) - raft.datastream.type = NETTY (custom)
2024-04-25 19:25:59,289 [main] INFO  server.RaftServerConfigKeys (ConfUtils.java:logGet(46)) - raft.server.data-stream.async.request.thread.pool.cached = false (default)
2024-04-25 19:25:59,289 [main] INFO  server.RaftServerConfigKeys (ConfUtils.java:logGet(46)) - raft.server.data-stream.async.request.thread.pool.size = 20 (custom)
2024-04-25 19:25:59,289 [main] INFO  server.RaftServerConfigKeys (ConfUtils.java:logGet(46)) - raft.server.data-stream.async.write.thread.pool.size = 16 (default)
2024-04-25 19:25:59,289 [main] INFO  netty.NettyConfigKeys$DataStream (ConfUtils.java:logGet(46)) - raft.netty.dataStream.server.channel.inactive.grace-period = 10min (default)
2024-04-25 19:25:59,289 [main] INFO  server.RaftServerConfigKeys (ConfUtils.java:logGet(46)) - raft.server.data-stream.client.pool.size = 10 (default)
2024-04-25 19:25:59,289 [main] INFO  netty.NettyConfigKeys$DataStream (ConfUtils.java:logGet(46)) - raft.netty.dataStream.server.use-epoll = true (default)
2024-04-25 19:25:59,290 [main] INFO  netty.NettyConfigKeys$DataStream (ConfUtils.java:logGet(46)) - raft.netty.dataStream.server.boss-group.size = 0 (default)
2024-04-25 19:25:59,290 [main] INFO  netty.NettyUtils (NettyUtils.java:newEventLoopGroup(69)) - Create EpollEventLoopGroup for c059e8ba-a531-47a3-a497-45c8f0b0c72e-NettyServerStreamRpc-bossGroup; Thread size is 0.
2024-04-25 19:25:59,290 [main] INFO  netty.NettyConfigKeys$DataStream (ConfUtils.java:logGet(46)) - raft.netty.dataStream.server.worker-group.size = 0 (default)
2024-04-25 19:25:59,290 [main] INFO  netty.NettyUtils (NettyUtils.java:newEventLoopGroup(69)) - Create EpollEventLoopGroup for c059e8ba-a531-47a3-a497-45c8f0b0c72e-NettyServerStreamRpc-workerGroup; Thread size is 0.
2024-04-25 19:25:59,290 [main] INFO  netty.NettyConfigKeys$DataStream (ConfUtils.java:logGet(46)) - raft.netty.dataStream.server.tls.conf = null (default)
2024-04-25 19:25:59,290 [main] INFO  netty.NettyConfigKeys$DataStream (ConfUtils.java:logGet(46)) - raft.netty.dataStream.host = null (default)
2024-04-25 19:25:59,290 [main] INFO  netty.NettyConfigKeys$DataStream (ConfUtils.java:logGet(46)) - raft.netty.dataStream.port = 15318 (custom)
2024-04-25 19:25:59,291 [main] INFO  server.RaftServerConfigKeys (ConfUtils.java:logGet(46)) - raft.server.sleep.deviation.threshold = 300ms (default)
2024-04-25 19:25:59,291 [main] INFO  server.RaftServerConfigKeys (ConfUtils.java:logGet(46)) - raft.server.close.threshold = 60s (default)
2024-04-25 19:25:59,291 [main] INFO  server.RaftServerConfigKeys (ConfUtils.java:logGet(46)) - raft.server.leaderelection.leader.step-down.wait-time = 10s (default)
2024-04-25 19:25:59,291 [main] INFO  server.RaftServerConfigKeys (ConfUtils.java:logGet(46)) - raft.server.storage.dir = [/home/runner/work/ozone/ozone/hadoop-ozone/integration-test/target/test-dir/MiniOzoneClusterImpl-f82f7a4c-b7ce-4bc7-bddc-b4ce9d407ba8/ozone-meta/datanode-5/ratis] (custom)
2024-04-25 19:25:59,291 [main] INFO  server.RaftServerConfigKeys (ConfUtils.java:logGet(46)) - raft.server.threadpool.proxy.cached = true (default)
2024-04-25 19:25:59,291 [main] INFO  server.RaftServerConfigKeys (ConfUtils.java:logGet(46)) - raft.server.threadpool.proxy.size = 0 (default)
2024-04-25 19:25:59,291 [c059e8ba-a531-47a3-a497-45c8f0b0c72e-NettyServerStreamRpc-bossGroup--thread1] INFO  logging.LoggingHandler (AbstractInternalLogger.java:log(148)) - [id: 0x9418446b] REGISTERED
2024-04-25 19:25:59,291 [c059e8ba-a531-47a3-a497-45c8f0b0c72e-NettyServerStreamRpc-bossGroup--thread1] INFO  logging.LoggingHandler (AbstractInternalLogger.java:log(148)) - [id: 0x9418446b] BIND: 0.0.0.0/0.0.0.0:15318
2024-04-25 19:25:59,292 [c059e8ba-a531-47a3-a497-45c8f0b0c72e-NettyServerStreamRpc-bossGroup--thread1] INFO  logging.LoggingHandler (AbstractInternalLogger.java:log(148)) - [id: 0x9418446b, L:/0.0.0.0:15318] ACTIVE
2024-04-25 19:25:59,292 [c059e8ba-a531-47a3-a497-45c8f0b0c72e-impl-thread1] INFO  server.RaftServer (RaftServerProxy.java:initGroupDir(264)) - c059e8ba-a531-47a3-a497-45c8f0b0c72e: found a subdirectory /home/runner/work/ozone/ozone/hadoop-ozone/integration-test/target/test-dir/MiniOzoneClusterImpl-f82f7a4c-b7ce-4bc7-bddc-b4ce9d407ba8/ozone-meta/datanode-5/ratis/tmp
2024-04-25 19:25:59,292 [c059e8ba-a531-47a3-a497-45c8f0b0c72e-impl-thread1] INFO  server.RaftServer (RaftServerProxy.java:initGroupDir(269)) - c059e8ba-a531-47a3-a497-45c8f0b0c72e: The directory /home/runner/work/ozone/ozone/hadoop-ozone/integration-test/target/test-dir/MiniOzoneClusterImpl-f82f7a4c-b7ce-4bc7-bddc-b4ce9d407ba8/ozone-meta/datanode-5/ratis/tmp is not a group directory; ignoring it. 
2024-04-25 19:25:59,292 [main] INFO  replication.ReplicationServer (ReplicationServer.java:<init>(86)) - Initializing replication server with thread count = 10 queue length = 4096
2024-04-25 19:25:59,293 [main] INFO  server.XceiverServerGrpc (XceiverServerGrpc.java:<init>(141)) - GrpcServer channel type EpollServerSocketChannel
2024-04-25 19:25:59,293 [main] INFO  replication.ReplicationSupervisor (ReplicationSupervisor.java:build(157)) - Initializing replication supervisor with thread count = 10
2024-04-25 19:25:59,293 [main] INFO  replication.ReplicationSupervisor (ReplicationSupervisor.java:nodeStateUpdated(312)) - Node state updated to IN_SERVICE, scaling executor pool size to 10
2024-04-25 19:25:59,295 [main] INFO  http.BaseHttpServer (BaseHttpServer.java:newHttpServer2BuilderForOzone(223)) - Starting Web-server for hddsDatanode at: http://0.0.0.0:15312
2024-04-25 19:25:59,295 [main] INFO  http.BaseHttpServer (BaseHttpServer.java:<init>(110)) - Hadoop Security Enabled: false Ozone Security Enabled: false Ozone HTTP Security Enabled: false 
2024-04-25 19:25:59,296 [main] WARN  server.AuthenticationFilter (AuthenticationFilter.java:constructSecretProvider(240)) - Unable to initialize FileSignerSecretProvider, falling back to use random secrets. Reason: Could not read signature secret file: /home/runner/hadoop-http-auth-signature-secret
2024-04-25 19:25:59,296 [main] INFO  http.HttpRequestLog (HttpRequestLog.java:getRequestLog(86)) - Http request log for http.requests.hddsDatanode is not defined
2024-04-25 19:25:59,297 [main] INFO  http.HttpServer2 (HttpServer2.java:addGlobalFilter(1036)) - Added global filter 'safety' (class=org.apache.hadoop.hdds.server.http.HttpServer2$QuotingInputFilter)
2024-04-25 19:25:59,297 [main] INFO  http.HttpServer2 (HttpServer2.java:addFilter(1012)) - Added filter static_user_filter (class=org.apache.hadoop.http.lib.StaticUserWebFilter$StaticUserFilter) to context hddsDatanode
2024-04-25 19:25:59,297 [main] INFO  http.HttpServer2 (HttpServer2.java:addFilter(1020)) - Added filter static_user_filter (class=org.apache.hadoop.http.lib.StaticUserWebFilter$StaticUserFilter) to context static
2024-04-25 19:25:59,297 [main] INFO  http.HttpServer2 (HttpServer2.java:addFilter(1020)) - Added filter static_user_filter (class=org.apache.hadoop.http.lib.StaticUserWebFilter$StaticUserFilter) to context logs
2024-04-25 19:25:59,297 [main] INFO  http.BaseHttpServer (BaseHttpServer.java:<init>(189)) - HTTP server of hddsDatanode uses base directory /home/runner/work/ozone/ozone/hadoop-ozone/integration-test/target/test-dir/MiniOzoneClusterImpl-f82f7a4c-b7ce-4bc7-bddc-b4ce9d407ba8/ozone-meta/datanode-5/meta/webserver
2024-04-25 19:25:59,298 [main] INFO  http.HttpServer2 (HttpServer2.java:bindListener(1236)) - Jetty bound to port 15312
2024-04-25 19:25:59,298 [main] INFO  server.Server (Server.java:doStart(375)) - jetty-9.4.53.v20231009; built: 2023-10-09T12:29:09.265Z; git: 27bde00a0b95a1d5bbee0eae7984f891d2d0f8c9; jvm 17.0.10+7
2024-04-25 19:25:59,298 [main] INFO  server.session (DefaultSessionIdManager.java:doStart(334)) - DefaultSessionIdManager workerName=node0
2024-04-25 19:25:59,299 [main] INFO  server.session (DefaultSessionIdManager.java:doStart(339)) - No SessionScavenger set, using defaults
2024-04-25 19:25:59,299 [main] INFO  server.session (HouseKeeper.java:startScavenging(132)) - node0 Scavenging every 600000ms
2024-04-25 19:25:59,299 [main] INFO  handler.ContextHandler (ContextHandler.java:doStart(921)) - Started o.e.j.s.ServletContextHandler@460dc324{logs,/logs,file:///home/runner/work/ozone/ozone/hadoop-ozone/integration-test/target/log,AVAILABLE}
2024-04-25 19:25:59,299 [main] INFO  handler.ContextHandler (ContextHandler.java:doStart(921)) - Started o.e.j.s.ServletContextHandler@69063972{static,/static,file:///home/runner/work/ozone/ozone/hadoop-hdds/container-service/target/classes/webapps/static,AVAILABLE}
2024-04-25 19:25:59,302 [main] INFO  handler.ContextHandler (ContextHandler.java:doStart(921)) - Started o.e.j.w.WebAppContext@1a2b83b1{hddsDatanode,/,file:///home/runner/work/ozone/ozone/hadoop-hdds/container-service/target/classes/webapps/hddsDatanode/,AVAILABLE}{file:/home/runner/work/ozone/ozone/hadoop-hdds/container-service/target/classes/webapps/hddsDatanode}
2024-04-25 19:25:59,303 [main] INFO  server.AbstractConnector (AbstractConnector.java:doStart(333)) - Started ServerConnector@65782175{HTTP/1.1, (http/1.1)}{0.0.0.0:15312}
2024-04-25 19:25:59,303 [main] INFO  server.Server (Server.java:doStart(415)) - Started @121015ms
2024-04-25 19:25:59,303 [main] WARN  impl.MetricsSystemImpl (MetricsSystemImpl.java:register(279)) - Sink prometheus already exists!
2024-04-25 19:25:59,303 [main] INFO  http.BaseHttpServer (BaseHttpServer.java:updateConnectorAddress(354)) - HTTP server of hddsDatanode listening at http://0.0.0.0:15312
2024-04-25 19:25:59,303 [main] INFO  ipc.CallQueueManager (CallQueueManager.java:<init>(90)) - Using callQueue: class java.util.concurrent.LinkedBlockingQueue, queueCapacity: 100, scheduler: class org.apache.hadoop.ipc.DefaultRpcScheduler, ipcBackoff: false.
2024-04-25 19:25:59,304 [main] INFO  ipc.Server (Server.java:<init>(1287)) - Listener at 0.0.0.0:15313
2024-04-25 19:25:59,304 [Socket Reader #1 for port 15313] INFO  ipc.Server (Server.java:run(1323)) - Starting Socket Reader #1 for port 15313
2024-04-25 19:25:59,305 [main] INFO  ozone.HddsDatanodeService (HddsDatanodeService.java:start(327)) - Datanode start with admins: [runner]
2024-04-25 19:25:59,305 [main] INFO  ozone.HddsDatanodeClientProtocolServer (HddsDatanodeClientProtocolServer.java:start(77)) - RPC server for Client /0.0.0.0:15313
2024-04-25 19:25:59,305 [IPC Server Responder] INFO  ipc.Server (Server.java:run(1562)) - IPC Server Responder: starting
2024-04-25 19:25:59,306 [IPC Server listener on 15313] INFO  ipc.Server (Server.java:run(1402)) - IPC Server listener on 15313: starting
2024-04-25 19:25:59,306 [c059e8ba-a531-47a3-a497-45c8f0b0c72e-DatanodeStateMachineDaemonThread] INFO  statemachine.DatanodeStateMachine (DatanodeStateMachine.java:lambda$startDaemon$1(555)) - Ozone container server started.
2024-04-25 19:25:59,306 [main] WARN  dropwizard3.Dm3MetricRegistriesImpl (Dm3MetricRegistriesImpl.java:addReporterRegistration(113)) - New reporters are added after registries were created. Some metrics will be missing from the reporter. Please add reporter before adding any new registry.
2024-04-25 19:25:59,306 [main] WARN  dropwizard3.Dm3MetricRegistriesImpl (Dm3MetricRegistriesImpl.java:addReporterRegistration(113)) - New reporters are added after registries were created. Some metrics will be missing from the reporter. Please add reporter before adding any new registry.
2024-04-25 19:25:59,306 [main] INFO  impl.MetricsSystemImpl (MetricsSystemImpl.java:init(158)) - HddsDatanode metrics system started (again)
2024-04-25 19:25:59,308 [c059e8ba-a531-47a3-a497-45c8f0b0c72e-DatanodeStateMachineTaskThread-0] INFO  datanode.InitDatanodeState (InitDatanodeState.java:persistContainerDatanodeDetails(139)) - DatanodeDetails is persisted to /home/runner/work/ozone/ozone/hadoop-ozone/integration-test/target/test-dir/MiniOzoneClusterImpl-f82f7a4c-b7ce-4bc7-bddc-b4ce9d407ba8/ozone-meta/datanode-5/meta/datanode.id
2024-04-25 19:25:59,315 [main] INFO  ozone.HddsDatanodeService (HddsDatanodeService.java:start(240)) - HddsDatanodeService host:fv-az524-255.igxe211viwkezmo5lnqk45pdag.ex.internal.cloudapp.net ip:10.1.0.10
2024-04-25 19:25:59,330 [main] INFO  upgrade.AbstractLayoutVersionManager (AbstractLayoutVersionManager.java:init(83)) - Initializing Layout version manager with metadata layout = HADOOP_PRC_PORTS_IN_DATANODEDETAILS (version = 7), software layout = HADOOP_PRC_PORTS_IN_DATANODEDETAILS (version = 7)
2024-04-25 19:25:59,330 [main] INFO  statemachine.DatanodeStateMachine (DatanodeStateMachine.java:getEndPointTaskThreadPoolSize(299)) - Datanode State Machine Task Thread Pool size 2
2024-04-25 19:25:59,331 [main] INFO  volume.HddsVolume (HddsVolume.java:<init>(126)) - Creating HddsVolume: /home/runner/work/ozone/ozone/hadoop-ozone/integration-test/target/test-dir/MiniOzoneClusterImpl-f82f7a4c-b7ce-4bc7-bddc-b4ce9d407ba8/ozone-meta/datanode-6/data-0/hdds of storage type : DISK capacity : 9223372036854775807
2024-04-25 19:25:59,331 [main] INFO  volume.MutableVolumeSet (MutableVolumeSet.java:initializeVolumeSet(173)) - Added Volume : /home/runner/work/ozone/ozone/hadoop-ozone/integration-test/target/test-dir/MiniOzoneClusterImpl-f82f7a4c-b7ce-4bc7-bddc-b4ce9d407ba8/ozone-meta/datanode-6/data-0/hdds to VolumeSet
2024-04-25 19:25:59,331 [main] INFO  volume.MutableVolumeSet (MutableVolumeSet.java:initializeVolumeSet(173)) - Added Volume : /home/runner/work/ozone/ozone/hadoop-ozone/integration-test/target/test-dir/MiniOzoneClusterImpl-f82f7a4c-b7ce-4bc7-bddc-b4ce9d407ba8/ozone-meta/datanode-6/ratis to VolumeSet
2024-04-25 19:25:59,332 [main] INFO  ozoneimpl.OzoneContainer (HddsVolumeUtil.java:loadAllHddsVolumeDbStore(103)) - Load 1 volumes DbStore cost: 0ms
2024-04-25 19:25:59,333 [main] INFO  server.RaftServer (ConfUtils.java:logGet(46)) - raft.rpc.type = GRPC (default)
2024-04-25 19:25:59,333 [main] INFO  grpc.GrpcConfigKeys (ConfUtils.java:logFallback(53)) - raft.grpc.admin.host = null (fallback to raft.grpc.server.host)
2024-04-25 19:25:59,333 [main] INFO  grpc.GrpcConfigKeys (ConfUtils.java:logGet(46)) - raft.grpc.admin.port = 15325 (custom)
2024-04-25 19:25:59,333 [main] INFO  grpc.GrpcConfigKeys (ConfUtils.java:logFallback(53)) - raft.grpc.client.host = null (fallback to raft.grpc.server.host)
2024-04-25 19:25:59,333 [main] INFO  grpc.GrpcConfigKeys (ConfUtils.java:logGet(46)) - raft.grpc.client.port = 15324 (custom)
2024-04-25 19:25:59,333 [main] INFO  grpc.GrpcConfigKeys (ConfUtils.java:logGet(46)) - raft.grpc.server.host = null (default)
2024-04-25 19:25:59,333 [main] INFO  grpc.GrpcConfigKeys (ConfUtils.java:logGet(46)) - raft.grpc.server.port = 15326 (custom)
2024-04-25 19:25:59,333 [main] INFO  server.GrpcService (ConfUtils.java:logGet(46)) - raft.grpc.message.size.max = 32MB (=33554432) (custom)
2024-04-25 19:25:59,333 [main] INFO  server.RaftServerConfigKeys (ConfUtils.java:logGet(46)) - raft.server.log.appender.buffer.byte-limit = 8388608 (custom)
2024-04-25 19:25:59,334 [main] INFO  server.GrpcService (ConfUtils.java:logGet(46)) - raft.grpc.flow.control.window = 5MB (=5242880) (custom)
2024-04-25 19:25:59,334 [main] INFO  server.RaftServerConfigKeys (ConfUtils.java:logGet(46)) - raft.server.rpc.request.timeout = 3000ms (default)
2024-04-25 19:25:59,334 [main] INFO  grpc.GrpcConfigKeys (ConfUtils.java:logGet(46)) - raft.grpc.server.heartbeat.channel = true (default)
2024-04-25 19:25:59,334 [main] INFO  grpc.GrpcConfigKeys (ConfUtils.java:logGet(46)) - raft.grpc.server.async.request.thread.pool.cached = true (default)
2024-04-25 19:25:59,334 [main] INFO  grpc.GrpcConfigKeys (ConfUtils.java:logGet(46)) - raft.grpc.server.async.request.thread.pool.size = 32 (default)
2024-04-25 19:25:59,335 [main] INFO  impl.DataStreamServerImpl (ConfUtils.java:logGet(46)) - raft.datastream.type = NETTY (custom)
2024-04-25 19:25:59,336 [main] INFO  server.RaftServerConfigKeys (ConfUtils.java:logGet(46)) - raft.server.data-stream.async.request.thread.pool.cached = false (default)
2024-04-25 19:25:59,336 [main] INFO  server.RaftServerConfigKeys (ConfUtils.java:logGet(46)) - raft.server.data-stream.async.request.thread.pool.size = 20 (custom)
2024-04-25 19:25:59,336 [main] INFO  server.RaftServerConfigKeys (ConfUtils.java:logGet(46)) - raft.server.data-stream.async.write.thread.pool.size = 16 (default)
2024-04-25 19:25:59,336 [main] INFO  netty.NettyConfigKeys$DataStream (ConfUtils.java:logGet(46)) - raft.netty.dataStream.server.channel.inactive.grace-period = 10min (default)
2024-04-25 19:25:59,336 [main] INFO  server.RaftServerConfigKeys (ConfUtils.java:logGet(46)) - raft.server.data-stream.client.pool.size = 10 (default)
2024-04-25 19:25:59,336 [main] INFO  netty.NettyConfigKeys$DataStream (ConfUtils.java:logGet(46)) - raft.netty.dataStream.server.use-epoll = true (default)
2024-04-25 19:25:59,336 [main] INFO  netty.NettyConfigKeys$DataStream (ConfUtils.java:logGet(46)) - raft.netty.dataStream.server.boss-group.size = 0 (default)
2024-04-25 19:25:59,336 [main] INFO  netty.NettyUtils (NettyUtils.java:newEventLoopGroup(69)) - Create EpollEventLoopGroup for 020943f0-ab7d-43b4-aa7e-bd0cde918a3e-NettyServerStreamRpc-bossGroup; Thread size is 0.
2024-04-25 19:25:59,336 [main] INFO  netty.NettyConfigKeys$DataStream (ConfUtils.java:logGet(46)) - raft.netty.dataStream.server.worker-group.size = 0 (default)
2024-04-25 19:25:59,336 [main] INFO  netty.NettyUtils (NettyUtils.java:newEventLoopGroup(69)) - Create EpollEventLoopGroup for 020943f0-ab7d-43b4-aa7e-bd0cde918a3e-NettyServerStreamRpc-workerGroup; Thread size is 0.
2024-04-25 19:25:59,337 [main] INFO  netty.NettyConfigKeys$DataStream (ConfUtils.java:logGet(46)) - raft.netty.dataStream.server.tls.conf = null (default)
2024-04-25 19:25:59,337 [main] INFO  netty.NettyConfigKeys$DataStream (ConfUtils.java:logGet(46)) - raft.netty.dataStream.host = null (default)
2024-04-25 19:25:59,337 [main] INFO  netty.NettyConfigKeys$DataStream (ConfUtils.java:logGet(46)) - raft.netty.dataStream.port = 15327 (custom)
2024-04-25 19:25:59,337 [main] INFO  server.RaftServerConfigKeys (ConfUtils.java:logGet(46)) - raft.server.sleep.deviation.threshold = 300ms (default)
2024-04-25 19:25:59,337 [main] INFO  server.RaftServerConfigKeys (ConfUtils.java:logGet(46)) - raft.server.close.threshold = 60s (default)
2024-04-25 19:25:59,337 [main] INFO  server.RaftServerConfigKeys (ConfUtils.java:logGet(46)) - raft.server.leaderelection.leader.step-down.wait-time = 10s (default)
2024-04-25 19:25:59,337 [020943f0-ab7d-43b4-aa7e-bd0cde918a3e-NettyServerStreamRpc-bossGroup--thread1] INFO  logging.LoggingHandler (AbstractInternalLogger.java:log(148)) - [id: 0x4f6888d1] REGISTERED
2024-04-25 19:25:59,337 [main] INFO  server.RaftServerConfigKeys (ConfUtils.java:logGet(46)) - raft.server.storage.dir = [/home/runner/work/ozone/ozone/hadoop-ozone/integration-test/target/test-dir/MiniOzoneClusterImpl-f82f7a4c-b7ce-4bc7-bddc-b4ce9d407ba8/ozone-meta/datanode-6/ratis] (custom)
2024-04-25 19:25:59,338 [main] INFO  server.RaftServerConfigKeys (ConfUtils.java:logGet(46)) - raft.server.threadpool.proxy.cached = true (default)
2024-04-25 19:25:59,338 [main] INFO  server.RaftServerConfigKeys (ConfUtils.java:logGet(46)) - raft.server.threadpool.proxy.size = 0 (default)
2024-04-25 19:25:59,338 [020943f0-ab7d-43b4-aa7e-bd0cde918a3e-NettyServerStreamRpc-bossGroup--thread1] INFO  logging.LoggingHandler (AbstractInternalLogger.java:log(148)) - [id: 0x4f6888d1] BIND: 0.0.0.0/0.0.0.0:15327
2024-04-25 19:25:59,339 [020943f0-ab7d-43b4-aa7e-bd0cde918a3e-NettyServerStreamRpc-bossGroup--thread1] INFO  logging.LoggingHandler (AbstractInternalLogger.java:log(148)) - [id: 0x4f6888d1, L:/0.0.0.0:15327] ACTIVE
2024-04-25 19:25:59,340 [020943f0-ab7d-43b4-aa7e-bd0cde918a3e-impl-thread1] INFO  server.RaftServer (RaftServerProxy.java:initGroupDir(264)) - 020943f0-ab7d-43b4-aa7e-bd0cde918a3e: found a subdirectory /home/runner/work/ozone/ozone/hadoop-ozone/integration-test/target/test-dir/MiniOzoneClusterImpl-f82f7a4c-b7ce-4bc7-bddc-b4ce9d407ba8/ozone-meta/datanode-6/ratis/tmp
2024-04-25 19:25:59,340 [020943f0-ab7d-43b4-aa7e-bd0cde918a3e-impl-thread1] INFO  server.RaftServer (RaftServerProxy.java:initGroupDir(269)) - 020943f0-ab7d-43b4-aa7e-bd0cde918a3e: The directory /home/runner/work/ozone/ozone/hadoop-ozone/integration-test/target/test-dir/MiniOzoneClusterImpl-f82f7a4c-b7ce-4bc7-bddc-b4ce9d407ba8/ozone-meta/datanode-6/ratis/tmp is not a group directory; ignoring it. 
2024-04-25 19:25:59,340 [main] INFO  replication.ReplicationServer (ReplicationServer.java:<init>(86)) - Initializing replication server with thread count = 10 queue length = 4096
2024-04-25 19:25:59,341 [main] INFO  server.XceiverServerGrpc (XceiverServerGrpc.java:<init>(141)) - GrpcServer channel type EpollServerSocketChannel
2024-04-25 19:25:59,342 [main] INFO  replication.ReplicationSupervisor (ReplicationSupervisor.java:build(157)) - Initializing replication supervisor with thread count = 10
2024-04-25 19:25:59,342 [main] INFO  replication.ReplicationSupervisor (ReplicationSupervisor.java:nodeStateUpdated(312)) - Node state updated to IN_SERVICE, scaling executor pool size to 10
2024-04-25 19:25:59,343 [main] INFO  http.BaseHttpServer (BaseHttpServer.java:newHttpServer2BuilderForOzone(223)) - Starting Web-server for hddsDatanode at: http://0.0.0.0:15321
2024-04-25 19:25:59,343 [main] INFO  http.BaseHttpServer (BaseHttpServer.java:<init>(110)) - Hadoop Security Enabled: false Ozone Security Enabled: false Ozone HTTP Security Enabled: false 
2024-04-25 19:25:59,344 [main] WARN  server.AuthenticationFilter (AuthenticationFilter.java:constructSecretProvider(240)) - Unable to initialize FileSignerSecretProvider, falling back to use random secrets. Reason: Could not read signature secret file: /home/runner/hadoop-http-auth-signature-secret
2024-04-25 19:25:59,344 [main] INFO  http.HttpRequestLog (HttpRequestLog.java:getRequestLog(86)) - Http request log for http.requests.hddsDatanode is not defined
2024-04-25 19:25:59,345 [main] INFO  http.HttpServer2 (HttpServer2.java:addGlobalFilter(1036)) - Added global filter 'safety' (class=org.apache.hadoop.hdds.server.http.HttpServer2$QuotingInputFilter)
2024-04-25 19:25:59,346 [main] INFO  http.HttpServer2 (HttpServer2.java:addFilter(1012)) - Added filter static_user_filter (class=org.apache.hadoop.http.lib.StaticUserWebFilter$StaticUserFilter) to context hddsDatanode
2024-04-25 19:25:59,346 [main] INFO  http.HttpServer2 (HttpServer2.java:addFilter(1020)) - Added filter static_user_filter (class=org.apache.hadoop.http.lib.StaticUserWebFilter$StaticUserFilter) to context static
2024-04-25 19:25:59,346 [main] INFO  http.HttpServer2 (HttpServer2.java:addFilter(1020)) - Added filter static_user_filter (class=org.apache.hadoop.http.lib.StaticUserWebFilter$StaticUserFilter) to context logs
2024-04-25 19:25:59,346 [main] INFO  http.BaseHttpServer (BaseHttpServer.java:<init>(189)) - HTTP server of hddsDatanode uses base directory /home/runner/work/ozone/ozone/hadoop-ozone/integration-test/target/test-dir/MiniOzoneClusterImpl-f82f7a4c-b7ce-4bc7-bddc-b4ce9d407ba8/ozone-meta/datanode-6/meta/webserver
2024-04-25 19:25:59,346 [main] INFO  http.HttpServer2 (HttpServer2.java:bindListener(1236)) - Jetty bound to port 15321
2024-04-25 19:25:59,347 [main] INFO  server.Server (Server.java:doStart(375)) - jetty-9.4.53.v20231009; built: 2023-10-09T12:29:09.265Z; git: 27bde00a0b95a1d5bbee0eae7984f891d2d0f8c9; jvm 17.0.10+7
2024-04-25 19:25:59,347 [main] INFO  server.session (DefaultSessionIdManager.java:doStart(334)) - DefaultSessionIdManager workerName=node0
2024-04-25 19:25:59,347 [main] INFO  server.session (DefaultSessionIdManager.java:doStart(339)) - No SessionScavenger set, using defaults
2024-04-25 19:25:59,348 [main] INFO  server.session (HouseKeeper.java:startScavenging(132)) - node0 Scavenging every 660000ms
2024-04-25 19:25:59,348 [main] INFO  handler.ContextHandler (ContextHandler.java:doStart(921)) - Started o.e.j.s.ServletContextHandler@3952be1b{logs,/logs,file:///home/runner/work/ozone/ozone/hadoop-ozone/integration-test/target/log,AVAILABLE}
2024-04-25 19:25:59,348 [main] INFO  handler.ContextHandler (ContextHandler.java:doStart(921)) - Started o.e.j.s.ServletContextHandler@4f6e663b{static,/static,file:///home/runner/work/ozone/ozone/hadoop-hdds/container-service/target/classes/webapps/static,AVAILABLE}
2024-04-25 19:25:59,352 [main] INFO  handler.ContextHandler (ContextHandler.java:doStart(921)) - Started o.e.j.w.WebAppContext@68eb7c52{hddsDatanode,/,file:///home/runner/work/ozone/ozone/hadoop-hdds/container-service/target/classes/webapps/hddsDatanode/,AVAILABLE}{file:/home/runner/work/ozone/ozone/hadoop-hdds/container-service/target/classes/webapps/hddsDatanode}
2024-04-25 19:25:59,352 [main] INFO  server.AbstractConnector (AbstractConnector.java:doStart(333)) - Started ServerConnector@1eca66c7{HTTP/1.1, (http/1.1)}{0.0.0.0:15321}
2024-04-25 19:25:59,352 [main] INFO  server.Server (Server.java:doStart(415)) - Started @121065ms
2024-04-25 19:25:59,352 [main] WARN  impl.MetricsSystemImpl (MetricsSystemImpl.java:register(279)) - Sink prometheus already exists!
2024-04-25 19:25:59,353 [main] INFO  http.BaseHttpServer (BaseHttpServer.java:updateConnectorAddress(354)) - HTTP server of hddsDatanode listening at http://0.0.0.0:15321
2024-04-25 19:25:59,353 [main] INFO  ipc.CallQueueManager (CallQueueManager.java:<init>(90)) - Using callQueue: class java.util.concurrent.LinkedBlockingQueue, queueCapacity: 100, scheduler: class org.apache.hadoop.ipc.DefaultRpcScheduler, ipcBackoff: false.
2024-04-25 19:25:59,353 [main] INFO  ipc.Server (Server.java:<init>(1287)) - Listener at 0.0.0.0:15322
2024-04-25 19:25:59,353 [Socket Reader #1 for port 15322] INFO  ipc.Server (Server.java:run(1323)) - Starting Socket Reader #1 for port 15322
2024-04-25 19:25:59,354 [main] INFO  ozone.HddsDatanodeService (HddsDatanodeService.java:start(327)) - Datanode start with admins: [runner]
2024-04-25 19:25:59,354 [main] INFO  ozone.HddsDatanodeClientProtocolServer (HddsDatanodeClientProtocolServer.java:start(77)) - RPC server for Client /0.0.0.0:15322
2024-04-25 19:25:59,355 [IPC Server Responder] INFO  ipc.Server (Server.java:run(1562)) - IPC Server Responder: starting
2024-04-25 19:25:59,355 [IPC Server listener on 15322] INFO  ipc.Server (Server.java:run(1402)) - IPC Server listener on 15322: starting
2024-04-25 19:25:59,355 [020943f0-ab7d-43b4-aa7e-bd0cde918a3e-DatanodeStateMachineDaemonThread] INFO  statemachine.DatanodeStateMachine (DatanodeStateMachine.java:lambda$startDaemon$1(555)) - Ozone container server started.
2024-04-25 19:25:59,355 [main] WARN  dropwizard3.Dm3MetricRegistriesImpl (Dm3MetricRegistriesImpl.java:addReporterRegistration(113)) - New reporters are added after registries were created. Some metrics will be missing from the reporter. Please add reporter before adding any new registry.
2024-04-25 19:25:59,355 [main] WARN  dropwizard3.Dm3MetricRegistriesImpl (Dm3MetricRegistriesImpl.java:addReporterRegistration(113)) - New reporters are added after registries were created. Some metrics will be missing from the reporter. Please add reporter before adding any new registry.
2024-04-25 19:25:59,355 [main] INFO  impl.MetricsSystemImpl (MetricsSystemImpl.java:init(158)) - HddsDatanode metrics system started (again)
2024-04-25 19:25:59,357 [020943f0-ab7d-43b4-aa7e-bd0cde918a3e-DatanodeStateMachineTaskThread-0] INFO  datanode.InitDatanodeState (InitDatanodeState.java:persistContainerDatanodeDetails(139)) - DatanodeDetails is persisted to /home/runner/work/ozone/ozone/hadoop-ozone/integration-test/target/test-dir/MiniOzoneClusterImpl-f82f7a4c-b7ce-4bc7-bddc-b4ce9d407ba8/ozone-meta/datanode-6/meta/datanode.id
2024-04-25 19:25:59,364 [main] INFO  ozone.HddsDatanodeService (HddsDatanodeService.java:start(240)) - HddsDatanodeService host:fv-az524-255.igxe211viwkezmo5lnqk45pdag.ex.internal.cloudapp.net ip:10.1.0.10
2024-04-25 19:25:59,380 [main] INFO  upgrade.AbstractLayoutVersionManager (AbstractLayoutVersionManager.java:init(83)) - Initializing Layout version manager with metadata layout = HADOOP_PRC_PORTS_IN_DATANODEDETAILS (version = 7), software layout = HADOOP_PRC_PORTS_IN_DATANODEDETAILS (version = 7)
2024-04-25 19:25:59,380 [main] INFO  statemachine.DatanodeStateMachine (DatanodeStateMachine.java:getEndPointTaskThreadPoolSize(299)) - Datanode State Machine Task Thread Pool size 2
2024-04-25 19:25:59,381 [main] INFO  volume.HddsVolume (HddsVolume.java:<init>(126)) - Creating HddsVolume: /home/runner/work/ozone/ozone/hadoop-ozone/integration-test/target/test-dir/MiniOzoneClusterImpl-f82f7a4c-b7ce-4bc7-bddc-b4ce9d407ba8/ozone-meta/datanode-7/data-0/hdds of storage type : DISK capacity : 9223372036854775807
2024-04-25 19:25:59,382 [main] INFO  volume.MutableVolumeSet (MutableVolumeSet.java:initializeVolumeSet(173)) - Added Volume : /home/runner/work/ozone/ozone/hadoop-ozone/integration-test/target/test-dir/MiniOzoneClusterImpl-f82f7a4c-b7ce-4bc7-bddc-b4ce9d407ba8/ozone-meta/datanode-7/data-0/hdds to VolumeSet
2024-04-25 19:25:59,382 [main] INFO  volume.MutableVolumeSet (MutableVolumeSet.java:initializeVolumeSet(173)) - Added Volume : /home/runner/work/ozone/ozone/hadoop-ozone/integration-test/target/test-dir/MiniOzoneClusterImpl-f82f7a4c-b7ce-4bc7-bddc-b4ce9d407ba8/ozone-meta/datanode-7/ratis to VolumeSet
2024-04-25 19:25:59,382 [main] INFO  ozoneimpl.OzoneContainer (HddsVolumeUtil.java:loadAllHddsVolumeDbStore(103)) - Load 1 volumes DbStore cost: 0ms
2024-04-25 19:25:59,384 [main] INFO  server.RaftServer (ConfUtils.java:logGet(46)) - raft.rpc.type = GRPC (default)
2024-04-25 19:25:59,384 [main] INFO  grpc.GrpcConfigKeys (ConfUtils.java:logFallback(53)) - raft.grpc.admin.host = null (fallback to raft.grpc.server.host)
2024-04-25 19:25:59,384 [main] INFO  grpc.GrpcConfigKeys (ConfUtils.java:logGet(46)) - raft.grpc.admin.port = 15334 (custom)
2024-04-25 19:25:59,384 [main] INFO  grpc.GrpcConfigKeys (ConfUtils.java:logFallback(53)) - raft.grpc.client.host = null (fallback to raft.grpc.server.host)
2024-04-25 19:25:59,384 [main] INFO  grpc.GrpcConfigKeys (ConfUtils.java:logGet(46)) - raft.grpc.client.port = 15333 (custom)
2024-04-25 19:25:59,384 [main] INFO  grpc.GrpcConfigKeys (ConfUtils.java:logGet(46)) - raft.grpc.server.host = null (default)
2024-04-25 19:25:59,384 [main] INFO  grpc.GrpcConfigKeys (ConfUtils.java:logGet(46)) - raft.grpc.server.port = 15335 (custom)
2024-04-25 19:25:59,385 [main] INFO  server.GrpcService (ConfUtils.java:logGet(46)) - raft.grpc.message.size.max = 32MB (=33554432) (custom)
2024-04-25 19:25:59,385 [main] INFO  server.RaftServerConfigKeys (ConfUtils.java:logGet(46)) - raft.server.log.appender.buffer.byte-limit = 8388608 (custom)
2024-04-25 19:25:59,385 [main] INFO  server.GrpcService (ConfUtils.java:logGet(46)) - raft.grpc.flow.control.window = 5MB (=5242880) (custom)
2024-04-25 19:25:59,385 [main] INFO  server.RaftServerConfigKeys (ConfUtils.java:logGet(46)) - raft.server.rpc.request.timeout = 3000ms (default)
2024-04-25 19:25:59,385 [main] INFO  grpc.GrpcConfigKeys (ConfUtils.java:logGet(46)) - raft.grpc.server.heartbeat.channel = true (default)
2024-04-25 19:25:59,385 [main] INFO  grpc.GrpcConfigKeys (ConfUtils.java:logGet(46)) - raft.grpc.server.async.request.thread.pool.cached = true (default)
2024-04-25 19:25:59,385 [main] INFO  grpc.GrpcConfigKeys (ConfUtils.java:logGet(46)) - raft.grpc.server.async.request.thread.pool.size = 32 (default)
2024-04-25 19:25:59,387 [main] INFO  impl.DataStreamServerImpl (ConfUtils.java:logGet(46)) - raft.datastream.type = NETTY (custom)
2024-04-25 19:25:59,387 [main] INFO  server.RaftServerConfigKeys (ConfUtils.java:logGet(46)) - raft.server.data-stream.async.request.thread.pool.cached = false (default)
2024-04-25 19:25:59,387 [main] INFO  server.RaftServerConfigKeys (ConfUtils.java:logGet(46)) - raft.server.data-stream.async.request.thread.pool.size = 20 (custom)
2024-04-25 19:25:59,387 [main] INFO  server.RaftServerConfigKeys (ConfUtils.java:logGet(46)) - raft.server.data-stream.async.write.thread.pool.size = 16 (default)
2024-04-25 19:25:59,387 [main] INFO  netty.NettyConfigKeys$DataStream (ConfUtils.java:logGet(46)) - raft.netty.dataStream.server.channel.inactive.grace-period = 10min (default)
2024-04-25 19:25:59,387 [main] INFO  server.RaftServerConfigKeys (ConfUtils.java:logGet(46)) - raft.server.data-stream.client.pool.size = 10 (default)
2024-04-25 19:25:59,387 [main] INFO  netty.NettyConfigKeys$DataStream (ConfUtils.java:logGet(46)) - raft.netty.dataStream.server.use-epoll = true (default)
2024-04-25 19:25:59,388 [main] INFO  netty.NettyConfigKeys$DataStream (ConfUtils.java:logGet(46)) - raft.netty.dataStream.server.boss-group.size = 0 (default)
2024-04-25 19:25:59,388 [main] INFO  netty.NettyUtils (NettyUtils.java:newEventLoopGroup(69)) - Create EpollEventLoopGroup for 9b9c1a32-defd-4a85-ab56-32b7a12f6bf5-NettyServerStreamRpc-bossGroup; Thread size is 0.
2024-04-25 19:25:59,388 [main] INFO  netty.NettyConfigKeys$DataStream (ConfUtils.java:logGet(46)) - raft.netty.dataStream.server.worker-group.size = 0 (default)
2024-04-25 19:25:59,388 [main] INFO  netty.NettyUtils (NettyUtils.java:newEventLoopGroup(69)) - Create EpollEventLoopGroup for 9b9c1a32-defd-4a85-ab56-32b7a12f6bf5-NettyServerStreamRpc-workerGroup; Thread size is 0.
2024-04-25 19:25:59,388 [main] INFO  netty.NettyConfigKeys$DataStream (ConfUtils.java:logGet(46)) - raft.netty.dataStream.server.tls.conf = null (default)
2024-04-25 19:25:59,388 [main] INFO  netty.NettyConfigKeys$DataStream (ConfUtils.java:logGet(46)) - raft.netty.dataStream.host = null (default)
2024-04-25 19:25:59,389 [main] INFO  netty.NettyConfigKeys$DataStream (ConfUtils.java:logGet(46)) - raft.netty.dataStream.port = 15336 (custom)
2024-04-25 19:25:59,389 [main] INFO  server.RaftServerConfigKeys (ConfUtils.java:logGet(46)) - raft.server.sleep.deviation.threshold = 300ms (default)
2024-04-25 19:25:59,389 [main] INFO  server.RaftServerConfigKeys (ConfUtils.java:logGet(46)) - raft.server.close.threshold = 60s (default)
2024-04-25 19:25:59,389 [main] INFO  server.RaftServerConfigKeys (ConfUtils.java:logGet(46)) - raft.server.leaderelection.leader.step-down.wait-time = 10s (default)
2024-04-25 19:25:59,389 [9b9c1a32-defd-4a85-ab56-32b7a12f6bf5-NettyServerStreamRpc-bossGroup--thread1] INFO  logging.LoggingHandler (AbstractInternalLogger.java:log(148)) - [id: 0x1a143cfd] REGISTERED
2024-04-25 19:25:59,389 [main] INFO  server.RaftServerConfigKeys (ConfUtils.java:logGet(46)) - raft.server.storage.dir = [/home/runner/work/ozone/ozone/hadoop-ozone/integration-test/target/test-dir/MiniOzoneClusterImpl-f82f7a4c-b7ce-4bc7-bddc-b4ce9d407ba8/ozone-meta/datanode-7/ratis] (custom)
2024-04-25 19:25:59,389 [main] INFO  server.RaftServerConfigKeys (ConfUtils.java:logGet(46)) - raft.server.threadpool.proxy.cached = true (default)
2024-04-25 19:25:59,389 [main] INFO  server.RaftServerConfigKeys (ConfUtils.java:logGet(46)) - raft.server.threadpool.proxy.size = 0 (default)
2024-04-25 19:25:59,389 [9b9c1a32-defd-4a85-ab56-32b7a12f6bf5-NettyServerStreamRpc-bossGroup--thread1] INFO  logging.LoggingHandler (AbstractInternalLogger.java:log(148)) - [id: 0x1a143cfd] BIND: 0.0.0.0/0.0.0.0:15336
2024-04-25 19:25:59,390 [9b9c1a32-defd-4a85-ab56-32b7a12f6bf5-NettyServerStreamRpc-bossGroup--thread1] INFO  logging.LoggingHandler (AbstractInternalLogger.java:log(148)) - [id: 0x1a143cfd, L:/0.0.0.0:15336] ACTIVE
2024-04-25 19:25:59,390 [9b9c1a32-defd-4a85-ab56-32b7a12f6bf5-impl-thread1] INFO  server.RaftServer (RaftServerProxy.java:initGroupDir(264)) - 9b9c1a32-defd-4a85-ab56-32b7a12f6bf5: found a subdirectory /home/runner/work/ozone/ozone/hadoop-ozone/integration-test/target/test-dir/MiniOzoneClusterImpl-f82f7a4c-b7ce-4bc7-bddc-b4ce9d407ba8/ozone-meta/datanode-7/ratis/tmp
2024-04-25 19:25:59,390 [9b9c1a32-defd-4a85-ab56-32b7a12f6bf5-impl-thread1] INFO  server.RaftServer (RaftServerProxy.java:initGroupDir(269)) - 9b9c1a32-defd-4a85-ab56-32b7a12f6bf5: The directory /home/runner/work/ozone/ozone/hadoop-ozone/integration-test/target/test-dir/MiniOzoneClusterImpl-f82f7a4c-b7ce-4bc7-bddc-b4ce9d407ba8/ozone-meta/datanode-7/ratis/tmp is not a group directory; ignoring it. 
2024-04-25 19:25:59,390 [main] INFO  replication.ReplicationServer (ReplicationServer.java:<init>(86)) - Initializing replication server with thread count = 10 queue length = 4096
2024-04-25 19:25:59,391 [main] INFO  server.XceiverServerGrpc (XceiverServerGrpc.java:<init>(141)) - GrpcServer channel type EpollServerSocketChannel
2024-04-25 19:25:59,392 [main] INFO  replication.ReplicationSupervisor (ReplicationSupervisor.java:build(157)) - Initializing replication supervisor with thread count = 10
2024-04-25 19:25:59,392 [main] INFO  replication.ReplicationSupervisor (ReplicationSupervisor.java:nodeStateUpdated(312)) - Node state updated to IN_SERVICE, scaling executor pool size to 10
2024-04-25 19:25:59,393 [main] INFO  http.BaseHttpServer (BaseHttpServer.java:newHttpServer2BuilderForOzone(223)) - Starting Web-server for hddsDatanode at: http://0.0.0.0:15330
2024-04-25 19:25:59,393 [main] INFO  http.BaseHttpServer (BaseHttpServer.java:<init>(110)) - Hadoop Security Enabled: false Ozone Security Enabled: false Ozone HTTP Security Enabled: false 
2024-04-25 19:25:59,394 [main] WARN  server.AuthenticationFilter (AuthenticationFilter.java:constructSecretProvider(240)) - Unable to initialize FileSignerSecretProvider, falling back to use random secrets. Reason: Could not read signature secret file: /home/runner/hadoop-http-auth-signature-secret
2024-04-25 19:25:59,395 [main] INFO  http.HttpRequestLog (HttpRequestLog.java:getRequestLog(86)) - Http request log for http.requests.hddsDatanode is not defined
2024-04-25 19:25:59,395 [main] INFO  http.HttpServer2 (HttpServer2.java:addGlobalFilter(1036)) - Added global filter 'safety' (class=org.apache.hadoop.hdds.server.http.HttpServer2$QuotingInputFilter)
2024-04-25 19:25:59,396 [main] INFO  http.HttpServer2 (HttpServer2.java:addFilter(1012)) - Added filter static_user_filter (class=org.apache.hadoop.http.lib.StaticUserWebFilter$StaticUserFilter) to context hddsDatanode
2024-04-25 19:25:59,396 [main] INFO  http.HttpServer2 (HttpServer2.java:addFilter(1020)) - Added filter static_user_filter (class=org.apache.hadoop.http.lib.StaticUserWebFilter$StaticUserFilter) to context logs
2024-04-25 19:25:59,396 [main] INFO  http.HttpServer2 (HttpServer2.java:addFilter(1020)) - Added filter static_user_filter (class=org.apache.hadoop.http.lib.StaticUserWebFilter$StaticUserFilter) to context static
2024-04-25 19:25:59,396 [main] INFO  http.BaseHttpServer (BaseHttpServer.java:<init>(189)) - HTTP server of hddsDatanode uses base directory /home/runner/work/ozone/ozone/hadoop-ozone/integration-test/target/test-dir/MiniOzoneClusterImpl-f82f7a4c-b7ce-4bc7-bddc-b4ce9d407ba8/ozone-meta/datanode-7/meta/webserver
2024-04-25 19:25:59,396 [main] INFO  http.HttpServer2 (HttpServer2.java:bindListener(1236)) - Jetty bound to port 15330
2024-04-25 19:25:59,396 [main] INFO  server.Server (Server.java:doStart(375)) - jetty-9.4.53.v20231009; built: 2023-10-09T12:29:09.265Z; git: 27bde00a0b95a1d5bbee0eae7984f891d2d0f8c9; jvm 17.0.10+7
2024-04-25 19:25:59,397 [main] INFO  server.session (DefaultSessionIdManager.java:doStart(334)) - DefaultSessionIdManager workerName=node0
2024-04-25 19:25:59,397 [main] INFO  server.session (DefaultSessionIdManager.java:doStart(339)) - No SessionScavenger set, using defaults
2024-04-25 19:25:59,397 [main] INFO  server.session (HouseKeeper.java:startScavenging(132)) - node0 Scavenging every 600000ms
2024-04-25 19:25:59,398 [main] INFO  handler.ContextHandler (ContextHandler.java:doStart(921)) - Started o.e.j.s.ServletContextHandler@53a470b5{logs,/logs,file:///home/runner/work/ozone/ozone/hadoop-ozone/integration-test/target/log,AVAILABLE}
2024-04-25 19:25:59,398 [main] INFO  handler.ContextHandler (ContextHandler.java:doStart(921)) - Started o.e.j.s.ServletContextHandler@4b7288f{static,/static,file:///home/runner/work/ozone/ozone/hadoop-hdds/container-service/target/classes/webapps/static,AVAILABLE}
2024-04-25 19:25:59,401 [main] INFO  handler.ContextHandler (ContextHandler.java:doStart(921)) - Started o.e.j.w.WebAppContext@61772cb7{hddsDatanode,/,file:///home/runner/work/ozone/ozone/hadoop-hdds/container-service/target/classes/webapps/hddsDatanode/,AVAILABLE}{file:/home/runner/work/ozone/ozone/hadoop-hdds/container-service/target/classes/webapps/hddsDatanode}
2024-04-25 19:25:59,401 [main] INFO  server.AbstractConnector (AbstractConnector.java:doStart(333)) - Started ServerConnector@6900e105{HTTP/1.1, (http/1.1)}{0.0.0.0:15330}
2024-04-25 19:25:59,401 [main] INFO  server.Server (Server.java:doStart(415)) - Started @121114ms
2024-04-25 19:25:59,402 [main] WARN  impl.MetricsSystemImpl (MetricsSystemImpl.java:register(279)) - Sink prometheus already exists!
2024-04-25 19:25:59,402 [main] INFO  http.BaseHttpServer (BaseHttpServer.java:updateConnectorAddress(354)) - HTTP server of hddsDatanode listening at http://0.0.0.0:15330
2024-04-25 19:25:59,402 [main] INFO  ipc.CallQueueManager (CallQueueManager.java:<init>(90)) - Using callQueue: class java.util.concurrent.LinkedBlockingQueue, queueCapacity: 100, scheduler: class org.apache.hadoop.ipc.DefaultRpcScheduler, ipcBackoff: false.
2024-04-25 19:25:59,402 [main] INFO  ipc.Server (Server.java:<init>(1287)) - Listener at 0.0.0.0:15331
2024-04-25 19:25:59,403 [Socket Reader #1 for port 15331] INFO  ipc.Server (Server.java:run(1323)) - Starting Socket Reader #1 for port 15331
2024-04-25 19:25:59,404 [main] INFO  ozone.HddsDatanodeService (HddsDatanodeService.java:start(327)) - Datanode start with admins: [runner]
2024-04-25 19:25:59,404 [main] INFO  ozone.HddsDatanodeClientProtocolServer (HddsDatanodeClientProtocolServer.java:start(77)) - RPC server for Client /0.0.0.0:15331
2024-04-25 19:25:59,412 [IPC Server Responder] INFO  ipc.Server (Server.java:run(1562)) - IPC Server Responder: starting
2024-04-25 19:25:59,412 [IPC Server listener on 15331] INFO  ipc.Server (Server.java:run(1402)) - IPC Server listener on 15331: starting
2024-04-25 19:25:59,412 [main] WARN  dropwizard3.Dm3MetricRegistriesImpl (Dm3MetricRegistriesImpl.java:addReporterRegistration(113)) - New reporters are added after registries were created. Some metrics will be missing from the reporter. Please add reporter before adding any new registry.
2024-04-25 19:25:59,412 [main] WARN  dropwizard3.Dm3MetricRegistriesImpl (Dm3MetricRegistriesImpl.java:addReporterRegistration(113)) - New reporters are added after registries were created. Some metrics will be missing from the reporter. Please add reporter before adding any new registry.
2024-04-25 19:25:59,412 [main] INFO  impl.MetricsSystemImpl (MetricsSystemImpl.java:init(158)) - HddsDatanode metrics system started (again)
2024-04-25 19:25:59,420 [9b9c1a32-defd-4a85-ab56-32b7a12f6bf5-DatanodeStateMachineDaemonThread] INFO  statemachine.DatanodeStateMachine (DatanodeStateMachine.java:lambda$startDaemon$1(555)) - Ozone container server started.
2024-04-25 19:25:59,421 [main] INFO  ozone.HddsDatanodeService (HddsDatanodeService.java:start(240)) - HddsDatanodeService host:fv-az524-255.igxe211viwkezmo5lnqk45pdag.ex.internal.cloudapp.net ip:10.1.0.10
2024-04-25 19:25:59,425 [9b9c1a32-defd-4a85-ab56-32b7a12f6bf5-DatanodeStateMachineTaskThread-0] INFO  datanode.InitDatanodeState (InitDatanodeState.java:persistContainerDatanodeDetails(139)) - DatanodeDetails is persisted to /home/runner/work/ozone/ozone/hadoop-ozone/integration-test/target/test-dir/MiniOzoneClusterImpl-f82f7a4c-b7ce-4bc7-bddc-b4ce9d407ba8/ozone-meta/datanode-7/meta/datanode.id
2024-04-25 19:25:59,437 [main] INFO  upgrade.AbstractLayoutVersionManager (AbstractLayoutVersionManager.java:init(83)) - Initializing Layout version manager with metadata layout = HADOOP_PRC_PORTS_IN_DATANODEDETAILS (version = 7), software layout = HADOOP_PRC_PORTS_IN_DATANODEDETAILS (version = 7)
2024-04-25 19:25:59,438 [main] INFO  statemachine.DatanodeStateMachine (DatanodeStateMachine.java:getEndPointTaskThreadPoolSize(299)) - Datanode State Machine Task Thread Pool size 2
2024-04-25 19:25:59,439 [main] INFO  volume.HddsVolume (HddsVolume.java:<init>(126)) - Creating HddsVolume: /home/runner/work/ozone/ozone/hadoop-ozone/integration-test/target/test-dir/MiniOzoneClusterImpl-f82f7a4c-b7ce-4bc7-bddc-b4ce9d407ba8/ozone-meta/datanode-8/data-0/hdds of storage type : DISK capacity : 9223372036854775807
2024-04-25 19:25:59,439 [main] INFO  volume.MutableVolumeSet (MutableVolumeSet.java:initializeVolumeSet(173)) - Added Volume : /home/runner/work/ozone/ozone/hadoop-ozone/integration-test/target/test-dir/MiniOzoneClusterImpl-f82f7a4c-b7ce-4bc7-bddc-b4ce9d407ba8/ozone-meta/datanode-8/data-0/hdds to VolumeSet
2024-04-25 19:25:59,439 [main] INFO  volume.MutableVolumeSet (MutableVolumeSet.java:initializeVolumeSet(173)) - Added Volume : /home/runner/work/ozone/ozone/hadoop-ozone/integration-test/target/test-dir/MiniOzoneClusterImpl-f82f7a4c-b7ce-4bc7-bddc-b4ce9d407ba8/ozone-meta/datanode-8/ratis to VolumeSet
2024-04-25 19:25:59,440 [main] INFO  ozoneimpl.OzoneContainer (HddsVolumeUtil.java:loadAllHddsVolumeDbStore(103)) - Load 1 volumes DbStore cost: 0ms
2024-04-25 19:25:59,442 [main] INFO  server.RaftServer (ConfUtils.java:logGet(46)) - raft.rpc.type = GRPC (default)
2024-04-25 19:25:59,442 [main] INFO  grpc.GrpcConfigKeys (ConfUtils.java:logFallback(53)) - raft.grpc.admin.host = null (fallback to raft.grpc.server.host)
2024-04-25 19:25:59,442 [main] INFO  grpc.GrpcConfigKeys (ConfUtils.java:logGet(46)) - raft.grpc.admin.port = 15343 (custom)
2024-04-25 19:25:59,442 [main] INFO  grpc.GrpcConfigKeys (ConfUtils.java:logFallback(53)) - raft.grpc.client.host = null (fallback to raft.grpc.server.host)
2024-04-25 19:25:59,442 [main] INFO  grpc.GrpcConfigKeys (ConfUtils.java:logGet(46)) - raft.grpc.client.port = 15342 (custom)
2024-04-25 19:25:59,442 [main] INFO  grpc.GrpcConfigKeys (ConfUtils.java:logGet(46)) - raft.grpc.server.host = null (default)
2024-04-25 19:25:59,442 [main] INFO  grpc.GrpcConfigKeys (ConfUtils.java:logGet(46)) - raft.grpc.server.port = 15344 (custom)
2024-04-25 19:25:59,442 [main] INFO  server.GrpcService (ConfUtils.java:logGet(46)) - raft.grpc.message.size.max = 32MB (=33554432) (custom)
2024-04-25 19:25:59,442 [main] INFO  server.RaftServerConfigKeys (ConfUtils.java:logGet(46)) - raft.server.log.appender.buffer.byte-limit = 8388608 (custom)
2024-04-25 19:25:59,442 [main] INFO  server.GrpcService (ConfUtils.java:logGet(46)) - raft.grpc.flow.control.window = 5MB (=5242880) (custom)
2024-04-25 19:25:59,442 [main] INFO  server.RaftServerConfigKeys (ConfUtils.java:logGet(46)) - raft.server.rpc.request.timeout = 3000ms (default)
2024-04-25 19:25:59,442 [main] INFO  grpc.GrpcConfigKeys (ConfUtils.java:logGet(46)) - raft.grpc.server.heartbeat.channel = true (default)
2024-04-25 19:25:59,443 [main] INFO  grpc.GrpcConfigKeys (ConfUtils.java:logGet(46)) - raft.grpc.server.async.request.thread.pool.cached = true (default)
2024-04-25 19:25:59,443 [main] INFO  grpc.GrpcConfigKeys (ConfUtils.java:logGet(46)) - raft.grpc.server.async.request.thread.pool.size = 32 (default)
2024-04-25 19:25:59,444 [main] INFO  impl.DataStreamServerImpl (ConfUtils.java:logGet(46)) - raft.datastream.type = NETTY (custom)
2024-04-25 19:25:59,445 [main] INFO  server.RaftServerConfigKeys (ConfUtils.java:logGet(46)) - raft.server.data-stream.async.request.thread.pool.cached = false (default)
2024-04-25 19:25:59,445 [main] INFO  server.RaftServerConfigKeys (ConfUtils.java:logGet(46)) - raft.server.data-stream.async.request.thread.pool.size = 20 (custom)
2024-04-25 19:25:59,445 [main] INFO  server.RaftServerConfigKeys (ConfUtils.java:logGet(46)) - raft.server.data-stream.async.write.thread.pool.size = 16 (default)
2024-04-25 19:25:59,445 [main] INFO  netty.NettyConfigKeys$DataStream (ConfUtils.java:logGet(46)) - raft.netty.dataStream.server.channel.inactive.grace-period = 10min (default)
2024-04-25 19:25:59,445 [main] INFO  server.RaftServerConfigKeys (ConfUtils.java:logGet(46)) - raft.server.data-stream.client.pool.size = 10 (default)
2024-04-25 19:25:59,445 [main] INFO  netty.NettyConfigKeys$DataStream (ConfUtils.java:logGet(46)) - raft.netty.dataStream.server.use-epoll = true (default)
2024-04-25 19:25:59,445 [main] INFO  netty.NettyConfigKeys$DataStream (ConfUtils.java:logGet(46)) - raft.netty.dataStream.server.boss-group.size = 0 (default)
2024-04-25 19:25:59,445 [main] INFO  netty.NettyUtils (NettyUtils.java:newEventLoopGroup(69)) - Create EpollEventLoopGroup for 485a0214-1e55-4d9f-9e33-2b2fc5076c56-NettyServerStreamRpc-bossGroup; Thread size is 0.
2024-04-25 19:25:59,445 [main] INFO  netty.NettyConfigKeys$DataStream (ConfUtils.java:logGet(46)) - raft.netty.dataStream.server.worker-group.size = 0 (default)
2024-04-25 19:25:59,445 [main] INFO  netty.NettyUtils (NettyUtils.java:newEventLoopGroup(69)) - Create EpollEventLoopGroup for 485a0214-1e55-4d9f-9e33-2b2fc5076c56-NettyServerStreamRpc-workerGroup; Thread size is 0.
2024-04-25 19:25:59,445 [main] INFO  netty.NettyConfigKeys$DataStream (ConfUtils.java:logGet(46)) - raft.netty.dataStream.server.tls.conf = null (default)
2024-04-25 19:25:59,446 [main] INFO  netty.NettyConfigKeys$DataStream (ConfUtils.java:logGet(46)) - raft.netty.dataStream.host = null (default)
2024-04-25 19:25:59,446 [main] INFO  netty.NettyConfigKeys$DataStream (ConfUtils.java:logGet(46)) - raft.netty.dataStream.port = 15345 (custom)
2024-04-25 19:25:59,446 [main] INFO  server.RaftServerConfigKeys (ConfUtils.java:logGet(46)) - raft.server.sleep.deviation.threshold = 300ms (default)
2024-04-25 19:25:59,446 [main] INFO  server.RaftServerConfigKeys (ConfUtils.java:logGet(46)) - raft.server.close.threshold = 60s (default)
2024-04-25 19:25:59,446 [main] INFO  server.RaftServerConfigKeys (ConfUtils.java:logGet(46)) - raft.server.leaderelection.leader.step-down.wait-time = 10s (default)
2024-04-25 19:25:59,446 [485a0214-1e55-4d9f-9e33-2b2fc5076c56-NettyServerStreamRpc-bossGroup--thread1] INFO  logging.LoggingHandler (AbstractInternalLogger.java:log(148)) - [id: 0xf96f5455] REGISTERED
2024-04-25 19:25:59,446 [main] INFO  server.RaftServerConfigKeys (ConfUtils.java:logGet(46)) - raft.server.storage.dir = [/home/runner/work/ozone/ozone/hadoop-ozone/integration-test/target/test-dir/MiniOzoneClusterImpl-f82f7a4c-b7ce-4bc7-bddc-b4ce9d407ba8/ozone-meta/datanode-8/ratis] (custom)
2024-04-25 19:25:59,446 [485a0214-1e55-4d9f-9e33-2b2fc5076c56-NettyServerStreamRpc-bossGroup--thread1] INFO  logging.LoggingHandler (AbstractInternalLogger.java:log(148)) - [id: 0xf96f5455] BIND: 0.0.0.0/0.0.0.0:15345
2024-04-25 19:25:59,446 [main] INFO  server.RaftServerConfigKeys (ConfUtils.java:logGet(46)) - raft.server.threadpool.proxy.cached = true (default)
2024-04-25 19:25:59,447 [main] INFO  server.RaftServerConfigKeys (ConfUtils.java:logGet(46)) - raft.server.threadpool.proxy.size = 0 (default)
2024-04-25 19:25:59,447 [485a0214-1e55-4d9f-9e33-2b2fc5076c56-impl-thread1] INFO  server.RaftServer (RaftServerProxy.java:initGroupDir(264)) - 485a0214-1e55-4d9f-9e33-2b2fc5076c56: found a subdirectory /home/runner/work/ozone/ozone/hadoop-ozone/integration-test/target/test-dir/MiniOzoneClusterImpl-f82f7a4c-b7ce-4bc7-bddc-b4ce9d407ba8/ozone-meta/datanode-8/ratis/tmp
2024-04-25 19:25:59,447 [485a0214-1e55-4d9f-9e33-2b2fc5076c56-impl-thread1] INFO  server.RaftServer (RaftServerProxy.java:initGroupDir(269)) - 485a0214-1e55-4d9f-9e33-2b2fc5076c56: The directory /home/runner/work/ozone/ozone/hadoop-ozone/integration-test/target/test-dir/MiniOzoneClusterImpl-f82f7a4c-b7ce-4bc7-bddc-b4ce9d407ba8/ozone-meta/datanode-8/ratis/tmp is not a group directory; ignoring it. 
2024-04-25 19:25:59,447 [485a0214-1e55-4d9f-9e33-2b2fc5076c56-NettyServerStreamRpc-bossGroup--thread1] INFO  logging.LoggingHandler (AbstractInternalLogger.java:log(148)) - [id: 0xf96f5455, L:/0.0.0.0:15345] ACTIVE
2024-04-25 19:25:59,447 [main] INFO  replication.ReplicationServer (ReplicationServer.java:<init>(86)) - Initializing replication server with thread count = 10 queue length = 4096
2024-04-25 19:25:59,448 [main] INFO  server.XceiverServerGrpc (XceiverServerGrpc.java:<init>(141)) - GrpcServer channel type EpollServerSocketChannel
2024-04-25 19:25:59,449 [main] INFO  replication.ReplicationSupervisor (ReplicationSupervisor.java:build(157)) - Initializing replication supervisor with thread count = 10
2024-04-25 19:25:59,449 [main] INFO  replication.ReplicationSupervisor (ReplicationSupervisor.java:nodeStateUpdated(312)) - Node state updated to IN_SERVICE, scaling executor pool size to 10
2024-04-25 19:25:59,451 [main] INFO  http.BaseHttpServer (BaseHttpServer.java:newHttpServer2BuilderForOzone(223)) - Starting Web-server for hddsDatanode at: http://0.0.0.0:15339
2024-04-25 19:25:59,451 [main] INFO  http.BaseHttpServer (BaseHttpServer.java:<init>(110)) - Hadoop Security Enabled: false Ozone Security Enabled: false Ozone HTTP Security Enabled: false 
2024-04-25 19:25:59,451 [main] WARN  server.AuthenticationFilter (AuthenticationFilter.java:constructSecretProvider(240)) - Unable to initialize FileSignerSecretProvider, falling back to use random secrets. Reason: Could not read signature secret file: /home/runner/hadoop-http-auth-signature-secret
2024-04-25 19:25:59,452 [main] INFO  http.HttpRequestLog (HttpRequestLog.java:getRequestLog(86)) - Http request log for http.requests.hddsDatanode is not defined
2024-04-25 19:25:59,453 [main] INFO  http.HttpServer2 (HttpServer2.java:addGlobalFilter(1036)) - Added global filter 'safety' (class=org.apache.hadoop.hdds.server.http.HttpServer2$QuotingInputFilter)
2024-04-25 19:25:59,453 [main] INFO  http.HttpServer2 (HttpServer2.java:addFilter(1012)) - Added filter static_user_filter (class=org.apache.hadoop.http.lib.StaticUserWebFilter$StaticUserFilter) to context hddsDatanode
2024-04-25 19:25:59,453 [main] INFO  http.HttpServer2 (HttpServer2.java:addFilter(1020)) - Added filter static_user_filter (class=org.apache.hadoop.http.lib.StaticUserWebFilter$StaticUserFilter) to context logs
2024-04-25 19:25:59,453 [main] INFO  http.HttpServer2 (HttpServer2.java:addFilter(1020)) - Added filter static_user_filter (class=org.apache.hadoop.http.lib.StaticUserWebFilter$StaticUserFilter) to context static
2024-04-25 19:25:59,454 [main] INFO  http.BaseHttpServer (BaseHttpServer.java:<init>(189)) - HTTP server of hddsDatanode uses base directory /home/runner/work/ozone/ozone/hadoop-ozone/integration-test/target/test-dir/MiniOzoneClusterImpl-f82f7a4c-b7ce-4bc7-bddc-b4ce9d407ba8/ozone-meta/datanode-8/meta/webserver
2024-04-25 19:25:59,454 [main] INFO  http.HttpServer2 (HttpServer2.java:bindListener(1236)) - Jetty bound to port 15339
2024-04-25 19:25:59,454 [main] INFO  server.Server (Server.java:doStart(375)) - jetty-9.4.53.v20231009; built: 2023-10-09T12:29:09.265Z; git: 27bde00a0b95a1d5bbee0eae7984f891d2d0f8c9; jvm 17.0.10+7
2024-04-25 19:25:59,455 [main] INFO  server.session (DefaultSessionIdManager.java:doStart(334)) - DefaultSessionIdManager workerName=node0
2024-04-25 19:25:59,455 [main] INFO  server.session (DefaultSessionIdManager.java:doStart(339)) - No SessionScavenger set, using defaults
2024-04-25 19:25:59,455 [main] INFO  server.session (HouseKeeper.java:startScavenging(132)) - node0 Scavenging every 600000ms
2024-04-25 19:25:59,456 [main] INFO  handler.ContextHandler (ContextHandler.java:doStart(921)) - Started o.e.j.s.ServletContextHandler@2fe6a72d{logs,/logs,file:///home/runner/work/ozone/ozone/hadoop-ozone/integration-test/target/log,AVAILABLE}
2024-04-25 19:25:59,456 [main] INFO  handler.ContextHandler (ContextHandler.java:doStart(921)) - Started o.e.j.s.ServletContextHandler@2303832d{static,/static,file:///home/runner/work/ozone/ozone/hadoop-hdds/container-service/target/classes/webapps/static,AVAILABLE}
2024-04-25 19:25:59,459 [main] INFO  handler.ContextHandler (ContextHandler.java:doStart(921)) - Started o.e.j.w.WebAppContext@25925651{hddsDatanode,/,file:///home/runner/work/ozone/ozone/hadoop-hdds/container-service/target/classes/webapps/hddsDatanode/,AVAILABLE}{file:/home/runner/work/ozone/ozone/hadoop-hdds/container-service/target/classes/webapps/hddsDatanode}
2024-04-25 19:25:59,460 [main] INFO  server.AbstractConnector (AbstractConnector.java:doStart(333)) - Started ServerConnector@597d1122{HTTP/1.1, (http/1.1)}{0.0.0.0:15339}
2024-04-25 19:25:59,460 [main] INFO  server.Server (Server.java:doStart(415)) - Started @121173ms
2024-04-25 19:25:59,460 [main] WARN  impl.MetricsSystemImpl (MetricsSystemImpl.java:register(279)) - Sink prometheus already exists!
2024-04-25 19:25:59,461 [main] INFO  http.BaseHttpServer (BaseHttpServer.java:updateConnectorAddress(354)) - HTTP server of hddsDatanode listening at http://0.0.0.0:15339
2024-04-25 19:25:59,462 [main] INFO  ipc.CallQueueManager (CallQueueManager.java:<init>(90)) - Using callQueue: class java.util.concurrent.LinkedBlockingQueue, queueCapacity: 100, scheduler: class org.apache.hadoop.ipc.DefaultRpcScheduler, ipcBackoff: false.
2024-04-25 19:25:59,462 [main] INFO  ipc.Server (Server.java:<init>(1287)) - Listener at 0.0.0.0:15340
2024-04-25 19:25:59,462 [Socket Reader #1 for port 15340] INFO  ipc.Server (Server.java:run(1323)) - Starting Socket Reader #1 for port 15340
2024-04-25 19:25:59,464 [main] INFO  ozone.HddsDatanodeService (HddsDatanodeService.java:start(327)) - Datanode start with admins: [runner]
2024-04-25 19:25:59,464 [main] INFO  ozone.HddsDatanodeClientProtocolServer (HddsDatanodeClientProtocolServer.java:start(77)) - RPC server for Client /0.0.0.0:15340
2024-04-25 19:25:59,464 [IPC Server Responder] INFO  ipc.Server (Server.java:run(1562)) - IPC Server Responder: starting
2024-04-25 19:25:59,465 [IPC Server listener on 15340] INFO  ipc.Server (Server.java:run(1402)) - IPC Server listener on 15340: starting
2024-04-25 19:25:59,465 [main] WARN  dropwizard3.Dm3MetricRegistriesImpl (Dm3MetricRegistriesImpl.java:addReporterRegistration(113)) - New reporters are added after registries were created. Some metrics will be missing from the reporter. Please add reporter before adding any new registry.
2024-04-25 19:25:59,465 [main] WARN  dropwizard3.Dm3MetricRegistriesImpl (Dm3MetricRegistriesImpl.java:addReporterRegistration(113)) - New reporters are added after registries were created. Some metrics will be missing from the reporter. Please add reporter before adding any new registry.
2024-04-25 19:25:59,465 [main] INFO  impl.MetricsSystemImpl (MetricsSystemImpl.java:init(158)) - HddsDatanode metrics system started (again)
2024-04-25 19:25:59,465 [485a0214-1e55-4d9f-9e33-2b2fc5076c56-DatanodeStateMachineDaemonThread] INFO  statemachine.DatanodeStateMachine (DatanodeStateMachine.java:lambda$startDaemon$1(555)) - Ozone container server started.
2024-04-25 19:25:59,468 [485a0214-1e55-4d9f-9e33-2b2fc5076c56-DatanodeStateMachineTaskThread-0] INFO  datanode.InitDatanodeState (InitDatanodeState.java:persistContainerDatanodeDetails(139)) - DatanodeDetails is persisted to /home/runner/work/ozone/ozone/hadoop-ozone/integration-test/target/test-dir/MiniOzoneClusterImpl-f82f7a4c-b7ce-4bc7-bddc-b4ce9d407ba8/ozone-meta/datanode-8/meta/datanode.id
2024-04-25 19:25:59,478 [main] INFO  ozone.HddsDatanodeService (HddsDatanodeService.java:start(240)) - HddsDatanodeService host:fv-az524-255.igxe211viwkezmo5lnqk45pdag.ex.internal.cloudapp.net ip:10.1.0.10
2024-04-25 19:25:59,494 [main] INFO  upgrade.AbstractLayoutVersionManager (AbstractLayoutVersionManager.java:init(83)) - Initializing Layout version manager with metadata layout = HADOOP_PRC_PORTS_IN_DATANODEDETAILS (version = 7), software layout = HADOOP_PRC_PORTS_IN_DATANODEDETAILS (version = 7)
2024-04-25 19:25:59,495 [main] INFO  statemachine.DatanodeStateMachine (DatanodeStateMachine.java:getEndPointTaskThreadPoolSize(299)) - Datanode State Machine Task Thread Pool size 2
2024-04-25 19:25:59,496 [main] INFO  volume.HddsVolume (HddsVolume.java:<init>(126)) - Creating HddsVolume: /home/runner/work/ozone/ozone/hadoop-ozone/integration-test/target/test-dir/MiniOzoneClusterImpl-f82f7a4c-b7ce-4bc7-bddc-b4ce9d407ba8/ozone-meta/datanode-9/data-0/hdds of storage type : DISK capacity : 9223372036854775807
2024-04-25 19:25:59,496 [main] INFO  volume.MutableVolumeSet (MutableVolumeSet.java:initializeVolumeSet(173)) - Added Volume : /home/runner/work/ozone/ozone/hadoop-ozone/integration-test/target/test-dir/MiniOzoneClusterImpl-f82f7a4c-b7ce-4bc7-bddc-b4ce9d407ba8/ozone-meta/datanode-9/data-0/hdds to VolumeSet
2024-04-25 19:25:59,496 [main] INFO  volume.MutableVolumeSet (MutableVolumeSet.java:initializeVolumeSet(173)) - Added Volume : /home/runner/work/ozone/ozone/hadoop-ozone/integration-test/target/test-dir/MiniOzoneClusterImpl-f82f7a4c-b7ce-4bc7-bddc-b4ce9d407ba8/ozone-meta/datanode-9/ratis to VolumeSet
2024-04-25 19:25:59,496 [main] INFO  ozoneimpl.OzoneContainer (HddsVolumeUtil.java:loadAllHddsVolumeDbStore(103)) - Load 1 volumes DbStore cost: 0ms
2024-04-25 19:25:59,498 [main] INFO  server.RaftServer (ConfUtils.java:logGet(46)) - raft.rpc.type = GRPC (default)
2024-04-25 19:25:59,498 [main] INFO  grpc.GrpcConfigKeys (ConfUtils.java:logFallback(53)) - raft.grpc.admin.host = null (fallback to raft.grpc.server.host)
2024-04-25 19:25:59,498 [main] INFO  grpc.GrpcConfigKeys (ConfUtils.java:logGet(46)) - raft.grpc.admin.port = 15352 (custom)
2024-04-25 19:25:59,498 [main] INFO  grpc.GrpcConfigKeys (ConfUtils.java:logFallback(53)) - raft.grpc.client.host = null (fallback to raft.grpc.server.host)
2024-04-25 19:25:59,498 [main] INFO  grpc.GrpcConfigKeys (ConfUtils.java:logGet(46)) - raft.grpc.client.port = 15351 (custom)
2024-04-25 19:25:59,499 [main] INFO  grpc.GrpcConfigKeys (ConfUtils.java:logGet(46)) - raft.grpc.server.host = null (default)
2024-04-25 19:25:59,499 [main] INFO  grpc.GrpcConfigKeys (ConfUtils.java:logGet(46)) - raft.grpc.server.port = 15353 (custom)
2024-04-25 19:25:59,499 [main] INFO  server.GrpcService (ConfUtils.java:logGet(46)) - raft.grpc.message.size.max = 32MB (=33554432) (custom)
2024-04-25 19:25:59,499 [main] INFO  server.RaftServerConfigKeys (ConfUtils.java:logGet(46)) - raft.server.log.appender.buffer.byte-limit = 8388608 (custom)
2024-04-25 19:25:59,499 [main] INFO  server.GrpcService (ConfUtils.java:logGet(46)) - raft.grpc.flow.control.window = 5MB (=5242880) (custom)
2024-04-25 19:25:59,499 [main] INFO  server.RaftServerConfigKeys (ConfUtils.java:logGet(46)) - raft.server.rpc.request.timeout = 3000ms (default)
2024-04-25 19:25:59,499 [main] INFO  grpc.GrpcConfigKeys (ConfUtils.java:logGet(46)) - raft.grpc.server.heartbeat.channel = true (default)
2024-04-25 19:25:59,499 [main] INFO  grpc.GrpcConfigKeys (ConfUtils.java:logGet(46)) - raft.grpc.server.async.request.thread.pool.cached = true (default)
2024-04-25 19:25:59,499 [main] INFO  grpc.GrpcConfigKeys (ConfUtils.java:logGet(46)) - raft.grpc.server.async.request.thread.pool.size = 32 (default)
2024-04-25 19:25:59,501 [main] INFO  impl.DataStreamServerImpl (ConfUtils.java:logGet(46)) - raft.datastream.type = NETTY (custom)
2024-04-25 19:25:59,501 [main] INFO  server.RaftServerConfigKeys (ConfUtils.java:logGet(46)) - raft.server.data-stream.async.request.thread.pool.cached = false (default)
2024-04-25 19:25:59,501 [main] INFO  server.RaftServerConfigKeys (ConfUtils.java:logGet(46)) - raft.server.data-stream.async.request.thread.pool.size = 20 (custom)
2024-04-25 19:25:59,502 [main] INFO  server.RaftServerConfigKeys (ConfUtils.java:logGet(46)) - raft.server.data-stream.async.write.thread.pool.size = 16 (default)
2024-04-25 19:25:59,502 [main] INFO  netty.NettyConfigKeys$DataStream (ConfUtils.java:logGet(46)) - raft.netty.dataStream.server.channel.inactive.grace-period = 10min (default)
2024-04-25 19:25:59,502 [main] INFO  server.RaftServerConfigKeys (ConfUtils.java:logGet(46)) - raft.server.data-stream.client.pool.size = 10 (default)
2024-04-25 19:25:59,502 [main] INFO  netty.NettyConfigKeys$DataStream (ConfUtils.java:logGet(46)) - raft.netty.dataStream.server.use-epoll = true (default)
2024-04-25 19:25:59,502 [main] INFO  netty.NettyConfigKeys$DataStream (ConfUtils.java:logGet(46)) - raft.netty.dataStream.server.boss-group.size = 0 (default)
2024-04-25 19:25:59,502 [main] INFO  netty.NettyUtils (NettyUtils.java:newEventLoopGroup(69)) - Create EpollEventLoopGroup for 88efce4d-fc58-43a4-abfe-18a1167c7495-NettyServerStreamRpc-bossGroup; Thread size is 0.
2024-04-25 19:25:59,502 [main] INFO  netty.NettyConfigKeys$DataStream (ConfUtils.java:logGet(46)) - raft.netty.dataStream.server.worker-group.size = 0 (default)
2024-04-25 19:25:59,502 [main] INFO  netty.NettyUtils (NettyUtils.java:newEventLoopGroup(69)) - Create EpollEventLoopGroup for 88efce4d-fc58-43a4-abfe-18a1167c7495-NettyServerStreamRpc-workerGroup; Thread size is 0.
2024-04-25 19:25:59,503 [main] INFO  netty.NettyConfigKeys$DataStream (ConfUtils.java:logGet(46)) - raft.netty.dataStream.server.tls.conf = null (default)
2024-04-25 19:25:59,503 [main] INFO  netty.NettyConfigKeys$DataStream (ConfUtils.java:logGet(46)) - raft.netty.dataStream.host = null (default)
2024-04-25 19:25:59,503 [main] INFO  netty.NettyConfigKeys$DataStream (ConfUtils.java:logGet(46)) - raft.netty.dataStream.port = 15354 (custom)
2024-04-25 19:25:59,503 [main] INFO  server.RaftServerConfigKeys (ConfUtils.java:logGet(46)) - raft.server.sleep.deviation.threshold = 300ms (default)
2024-04-25 19:25:59,503 [main] INFO  server.RaftServerConfigKeys (ConfUtils.java:logGet(46)) - raft.server.close.threshold = 60s (default)
2024-04-25 19:25:59,504 [main] INFO  server.RaftServerConfigKeys (ConfUtils.java:logGet(46)) - raft.server.leaderelection.leader.step-down.wait-time = 10s (default)
2024-04-25 19:25:59,504 [88efce4d-fc58-43a4-abfe-18a1167c7495-NettyServerStreamRpc-bossGroup--thread1] INFO  logging.LoggingHandler (AbstractInternalLogger.java:log(148)) - [id: 0xfe486b73] REGISTERED
2024-04-25 19:25:59,504 [main] INFO  server.RaftServerConfigKeys (ConfUtils.java:logGet(46)) - raft.server.storage.dir = [/home/runner/work/ozone/ozone/hadoop-ozone/integration-test/target/test-dir/MiniOzoneClusterImpl-f82f7a4c-b7ce-4bc7-bddc-b4ce9d407ba8/ozone-meta/datanode-9/ratis] (custom)
2024-04-25 19:25:59,504 [main] INFO  server.RaftServerConfigKeys (ConfUtils.java:logGet(46)) - raft.server.threadpool.proxy.cached = true (default)
2024-04-25 19:25:59,504 [main] INFO  server.RaftServerConfigKeys (ConfUtils.java:logGet(46)) - raft.server.threadpool.proxy.size = 0 (default)
2024-04-25 19:25:59,504 [88efce4d-fc58-43a4-abfe-18a1167c7495-NettyServerStreamRpc-bossGroup--thread1] INFO  logging.LoggingHandler (AbstractInternalLogger.java:log(148)) - [id: 0xfe486b73] BIND: 0.0.0.0/0.0.0.0:15354
2024-04-25 19:25:59,504 [88efce4d-fc58-43a4-abfe-18a1167c7495-NettyServerStreamRpc-bossGroup--thread1] INFO  logging.LoggingHandler (AbstractInternalLogger.java:log(148)) - [id: 0xfe486b73, L:/0.0.0.0:15354] ACTIVE
2024-04-25 19:25:59,504 [88efce4d-fc58-43a4-abfe-18a1167c7495-impl-thread1] INFO  server.RaftServer (RaftServerProxy.java:initGroupDir(264)) - 88efce4d-fc58-43a4-abfe-18a1167c7495: found a subdirectory /home/runner/work/ozone/ozone/hadoop-ozone/integration-test/target/test-dir/MiniOzoneClusterImpl-f82f7a4c-b7ce-4bc7-bddc-b4ce9d407ba8/ozone-meta/datanode-9/ratis/tmp
2024-04-25 19:25:59,504 [88efce4d-fc58-43a4-abfe-18a1167c7495-impl-thread1] INFO  server.RaftServer (RaftServerProxy.java:initGroupDir(269)) - 88efce4d-fc58-43a4-abfe-18a1167c7495: The directory /home/runner/work/ozone/ozone/hadoop-ozone/integration-test/target/test-dir/MiniOzoneClusterImpl-f82f7a4c-b7ce-4bc7-bddc-b4ce9d407ba8/ozone-meta/datanode-9/ratis/tmp is not a group directory; ignoring it. 
2024-04-25 19:25:59,505 [main] INFO  replication.ReplicationServer (ReplicationServer.java:<init>(86)) - Initializing replication server with thread count = 10 queue length = 4096
2024-04-25 19:25:59,506 [main] INFO  server.XceiverServerGrpc (XceiverServerGrpc.java:<init>(141)) - GrpcServer channel type EpollServerSocketChannel
2024-04-25 19:25:59,507 [main] INFO  replication.ReplicationSupervisor (ReplicationSupervisor.java:build(157)) - Initializing replication supervisor with thread count = 10
2024-04-25 19:25:59,507 [main] INFO  replication.ReplicationSupervisor (ReplicationSupervisor.java:nodeStateUpdated(312)) - Node state updated to IN_SERVICE, scaling executor pool size to 10
2024-04-25 19:25:59,508 [main] INFO  http.BaseHttpServer (BaseHttpServer.java:newHttpServer2BuilderForOzone(223)) - Starting Web-server for hddsDatanode at: http://0.0.0.0:15348
2024-04-25 19:25:59,508 [main] INFO  http.BaseHttpServer (BaseHttpServer.java:<init>(110)) - Hadoop Security Enabled: false Ozone Security Enabled: false Ozone HTTP Security Enabled: false 
2024-04-25 19:25:59,509 [main] WARN  server.AuthenticationFilter (AuthenticationFilter.java:constructSecretProvider(240)) - Unable to initialize FileSignerSecretProvider, falling back to use random secrets. Reason: Could not read signature secret file: /home/runner/hadoop-http-auth-signature-secret
2024-04-25 19:25:59,509 [main] INFO  http.HttpRequestLog (HttpRequestLog.java:getRequestLog(86)) - Http request log for http.requests.hddsDatanode is not defined
2024-04-25 19:25:59,510 [main] INFO  http.HttpServer2 (HttpServer2.java:addGlobalFilter(1036)) - Added global filter 'safety' (class=org.apache.hadoop.hdds.server.http.HttpServer2$QuotingInputFilter)
2024-04-25 19:25:59,511 [main] INFO  http.HttpServer2 (HttpServer2.java:addFilter(1012)) - Added filter static_user_filter (class=org.apache.hadoop.http.lib.StaticUserWebFilter$StaticUserFilter) to context hddsDatanode
2024-04-25 19:25:59,511 [main] INFO  http.HttpServer2 (HttpServer2.java:addFilter(1020)) - Added filter static_user_filter (class=org.apache.hadoop.http.lib.StaticUserWebFilter$StaticUserFilter) to context logs
2024-04-25 19:25:59,511 [main] INFO  http.HttpServer2 (HttpServer2.java:addFilter(1020)) - Added filter static_user_filter (class=org.apache.hadoop.http.lib.StaticUserWebFilter$StaticUserFilter) to context static
2024-04-25 19:25:59,511 [main] INFO  http.BaseHttpServer (BaseHttpServer.java:<init>(189)) - HTTP server of hddsDatanode uses base directory /home/runner/work/ozone/ozone/hadoop-ozone/integration-test/target/test-dir/MiniOzoneClusterImpl-f82f7a4c-b7ce-4bc7-bddc-b4ce9d407ba8/ozone-meta/datanode-9/meta/webserver
2024-04-25 19:25:59,511 [main] INFO  http.HttpServer2 (HttpServer2.java:bindListener(1236)) - Jetty bound to port 15348
2024-04-25 19:25:59,511 [main] INFO  server.Server (Server.java:doStart(375)) - jetty-9.4.53.v20231009; built: 2023-10-09T12:29:09.265Z; git: 27bde00a0b95a1d5bbee0eae7984f891d2d0f8c9; jvm 17.0.10+7
2024-04-25 19:25:59,512 [main] INFO  server.session (DefaultSessionIdManager.java:doStart(334)) - DefaultSessionIdManager workerName=node0
2024-04-25 19:25:59,512 [main] INFO  server.session (DefaultSessionIdManager.java:doStart(339)) - No SessionScavenger set, using defaults
2024-04-25 19:25:59,512 [main] INFO  server.session (HouseKeeper.java:startScavenging(132)) - node0 Scavenging every 660000ms
2024-04-25 19:25:59,513 [main] INFO  handler.ContextHandler (ContextHandler.java:doStart(921)) - Started o.e.j.s.ServletContextHandler@4906fbd0{logs,/logs,file:///home/runner/work/ozone/ozone/hadoop-ozone/integration-test/target/log,AVAILABLE}
2024-04-25 19:25:59,513 [main] INFO  handler.ContextHandler (ContextHandler.java:doStart(921)) - Started o.e.j.s.ServletContextHandler@16c5e7ad{static,/static,file:///home/runner/work/ozone/ozone/hadoop-hdds/container-service/target/classes/webapps/static,AVAILABLE}
2024-04-25 19:25:59,516 [main] INFO  handler.ContextHandler (ContextHandler.java:doStart(921)) - Started o.e.j.w.WebAppContext@34d27e12{hddsDatanode,/,file:///home/runner/work/ozone/ozone/hadoop-hdds/container-service/target/classes/webapps/hddsDatanode/,AVAILABLE}{file:/home/runner/work/ozone/ozone/hadoop-hdds/container-service/target/classes/webapps/hddsDatanode}
2024-04-25 19:25:59,516 [main] INFO  server.AbstractConnector (AbstractConnector.java:doStart(333)) - Started ServerConnector@7488a9ac{HTTP/1.1, (http/1.1)}{0.0.0.0:15348}
2024-04-25 19:25:59,516 [main] INFO  server.Server (Server.java:doStart(415)) - Started @121229ms
2024-04-25 19:25:59,517 [main] WARN  impl.MetricsSystemImpl (MetricsSystemImpl.java:register(279)) - Sink prometheus already exists!
2024-04-25 19:25:59,517 [main] INFO  http.BaseHttpServer (BaseHttpServer.java:updateConnectorAddress(354)) - HTTP server of hddsDatanode listening at http://0.0.0.0:15348
2024-04-25 19:25:59,517 [main] INFO  ipc.CallQueueManager (CallQueueManager.java:<init>(90)) - Using callQueue: class java.util.concurrent.LinkedBlockingQueue, queueCapacity: 100, scheduler: class org.apache.hadoop.ipc.DefaultRpcScheduler, ipcBackoff: false.
2024-04-25 19:25:59,518 [main] INFO  ipc.Server (Server.java:<init>(1287)) - Listener at 0.0.0.0:15349
2024-04-25 19:25:59,518 [Socket Reader #1 for port 15349] INFO  ipc.Server (Server.java:run(1323)) - Starting Socket Reader #1 for port 15349
2024-04-25 19:25:59,520 [main] INFO  ozone.HddsDatanodeService (HddsDatanodeService.java:start(327)) - Datanode start with admins: [runner]
2024-04-25 19:25:59,520 [main] INFO  ozone.HddsDatanodeClientProtocolServer (HddsDatanodeClientProtocolServer.java:start(77)) - RPC server for Client /0.0.0.0:15349
2024-04-25 19:25:59,521 [IPC Server Responder] INFO  ipc.Server (Server.java:run(1562)) - IPC Server Responder: starting
2024-04-25 19:25:59,521 [IPC Server listener on 15349] INFO  ipc.Server (Server.java:run(1402)) - IPC Server listener on 15349: starting
2024-04-25 19:25:59,521 [88efce4d-fc58-43a4-abfe-18a1167c7495-DatanodeStateMachineDaemonThread] INFO  statemachine.DatanodeStateMachine (DatanodeStateMachine.java:lambda$startDaemon$1(555)) - Ozone container server started.
2024-04-25 19:25:59,522 [main] INFO  ozone.MiniOzoneClusterImpl (MiniOzoneClusterImpl.java:lambda$waitForClusterToBeReady$0(194)) - Waiting for nodes to be ready. Got 0 of 9 DN Heartbeats.
2024-04-25 19:25:59,522 [main] INFO  ozone.MiniOzoneClusterImpl (MiniOzoneClusterImpl.java:lambda$waitForClusterToBeReady$0(197)) - Waiting for cluster to exit safe mode
2024-04-25 19:25:59,522 [main] INFO  ozone.MiniOzoneClusterImpl (MiniOzoneClusterImpl.java:lambda$waitForClusterToBeReady$0(199)) - SCM became leader
2024-04-25 19:25:59,523 [88efce4d-fc58-43a4-abfe-18a1167c7495-DatanodeStateMachineTaskThread-0] INFO  datanode.InitDatanodeState (InitDatanodeState.java:persistContainerDatanodeDetails(139)) - DatanodeDetails is persisted to /home/runner/work/ozone/ozone/hadoop-ozone/integration-test/target/test-dir/MiniOzoneClusterImpl-f82f7a4c-b7ce-4bc7-bddc-b4ce9d407ba8/ozone-meta/datanode-9/meta/datanode.id
2024-04-25 19:26:00,089 [om1@group-C5BA1605619E-FollowerState] INFO  impl.FollowerState (FollowerState.java:run(143)) - om1@group-C5BA1605619E-FollowerState: change to CANDIDATE, lastRpcElapsedTime:1104239094ns, electionTimeout:1103ms
2024-04-25 19:26:00,089 [om1@group-C5BA1605619E-FollowerState] INFO  impl.RoleInfo (RoleInfo.java:shutdownFollowerState(110)) - om1: shutdown om1@group-C5BA1605619E-FollowerState
2024-04-25 19:26:00,089 [om1@group-C5BA1605619E-FollowerState] INFO  server.RaftServer$Division (RaftServerImpl.java:setRole(383)) - om1@group-C5BA1605619E: changes role from  FOLLOWER to CANDIDATE at term 0 for changeToCandidate
2024-04-25 19:26:00,089 [om1@group-C5BA1605619E-FollowerState] INFO  server.RaftServerConfigKeys (ConfUtils.java:logGet(46)) - raft.server.leaderelection.pre-vote = true (default)
2024-04-25 19:26:00,089 [om1@group-C5BA1605619E-FollowerState] INFO  impl.RoleInfo (RoleInfo.java:updateAndGet(139)) - om1: start om1@group-C5BA1605619E-LeaderElection48
2024-04-25 19:26:00,089 [om1@group-C5BA1605619E-LeaderElection48] INFO  impl.LeaderElection (LeaderElection.java:askForVotes(321)) - om1@group-C5BA1605619E-LeaderElection48 PRE_VOTE round 0: submit vote requests at term 0 for -1: peers:[om1|localhost:15274]|listeners:[], old=null
2024-04-25 19:26:00,090 [om1@group-C5BA1605619E-LeaderElection48] INFO  impl.LeaderElection (LeaderElection.java:askForVotes(323)) - om1@group-C5BA1605619E-LeaderElection48 PRE_VOTE round 0: result PASSED (term=0)
2024-04-25 19:26:00,091 [om1@group-C5BA1605619E-LeaderElection48] INFO  impl.LeaderElection (LeaderElection.java:askForVotes(321)) - om1@group-C5BA1605619E-LeaderElection48 ELECTION round 0: submit vote requests at term 1 for -1: peers:[om1|localhost:15274]|listeners:[], old=null
2024-04-25 19:26:00,091 [om1@group-C5BA1605619E-LeaderElection48] INFO  impl.LeaderElection (LeaderElection.java:askForVotes(323)) - om1@group-C5BA1605619E-LeaderElection48 ELECTION round 0: result PASSED (term=1)
2024-04-25 19:26:00,091 [om1@group-C5BA1605619E-LeaderElection48] INFO  impl.RoleInfo (RoleInfo.java:shutdownLeaderElection(130)) - om1: shutdown om1@group-C5BA1605619E-LeaderElection48
2024-04-25 19:26:00,091 [om1@group-C5BA1605619E-LeaderElection48] INFO  server.RaftServer$Division (RaftServerImpl.java:setRole(383)) - om1@group-C5BA1605619E: changes role from CANDIDATE to LEADER at term 1 for changeToLeader
2024-04-25 19:26:00,091 [om1@group-C5BA1605619E-LeaderElection48] INFO  server.RaftServerConfigKeys (ConfUtils.java:logGet(46)) - raft.server.staging.catchup.gap = 1000 (default)
2024-04-25 19:26:00,091 [om1@group-C5BA1605619E-LeaderElection48] INFO  server.RaftServerConfigKeys (ConfUtils.java:logGet(46)) - raft.server.write.element-limit = 4096 (default)
2024-04-25 19:26:00,091 [om1@group-C5BA1605619E-LeaderElection48] INFO  server.RaftServerConfigKeys (ConfUtils.java:logGet(46)) - raft.server.write.byte-limit = 64MB (=67108864) (default)
2024-04-25 19:26:00,091 [om1@group-C5BA1605619E-LeaderElection48] INFO  server.RaftServerConfigKeys (ConfUtils.java:logGet(46)) - raft.server.watch.timeout = 10s (default)
2024-04-25 19:26:00,091 [om1@group-C5BA1605619E-LeaderElection48] INFO  server.RaftServerConfigKeys (ConfUtils.java:logGet(46)) - raft.server.watch.timeout.denomination = 1s (default)
2024-04-25 19:26:00,091 [om1@group-C5BA1605619E-LeaderElection48] INFO  server.RaftServerConfigKeys (ConfUtils.java:logGet(46)) - raft.server.watch.element-limit = 65536 (default)
2024-04-25 19:26:00,092 [om1@group-C5BA1605619E-LeaderElection48] INFO  server.RaftServerConfigKeys (ConfUtils.java:logGet(46)) - raft.server.read.leader.lease.enabled = false (default)
2024-04-25 19:26:00,092 [om1@group-C5BA1605619E-LeaderElection48] INFO  server.RaftServerConfigKeys (ConfUtils.java:logGet(46)) - raft.server.read.leader.lease.timeout.ratio = 0.9 (default)
2024-04-25 19:26:00,092 [om1@group-C5BA1605619E-LeaderElection48] INFO  server.RaftServerConfigKeys (ConfUtils.java:logGet(46)) - raft.server.rpc.timeout.min = 1s (custom)
2024-04-25 19:26:00,092 [om1@group-C5BA1605619E-LeaderElection48] INFO  server.RaftServerConfigKeys (ConfUtils.java:logGet(46)) - raft.server.write.element-limit = 4096 (default)
2024-04-25 19:26:00,092 [om1@group-C5BA1605619E-LeaderElection48] INFO  server.RaftServerConfigKeys (ConfUtils.java:logGet(46)) - raft.server.write.follower.gap.ratio.max = -1.0 (default)
2024-04-25 19:26:00,092 [om1@group-C5BA1605619E-LeaderElection48] INFO  impl.RoleInfo (RoleInfo.java:updateAndGet(139)) - om1: start om1@group-C5BA1605619E-LeaderStateImpl
2024-04-25 19:26:00,092 [om1@group-C5BA1605619E-LeaderElection48] INFO  server.RaftServer$Division (RaftServerImpl.java:setFirstElection(574)) - om1@group-C5BA1605619E: set firstElectionSinceStartup to false for becomeLeader
2024-04-25 19:26:00,092 [om1@group-C5BA1605619E-LeaderElection48] INFO  server.RaftServer$Division (ServerState.java:setLeader(269)) - om1@group-C5BA1605619E: change Leader from null to om1 at term 1 for becomeLeader, leader elected after 1389ms
2024-04-25 19:26:00,092 [om1@group-C5BA1605619E-LeaderElection48] INFO  segmented.SegmentedRaftLogWorker (SegmentedRaftLogWorker.java:startLogSegment(430)) - om1@group-C5BA1605619E-SegmentedRaftLogWorker: Starting segment from index:0
2024-04-25 19:26:00,093 [om1@group-C5BA1605619E-LeaderElection48] INFO  server.RaftServer$Division (ServerState.java:setRaftConf(386)) - om1@group-C5BA1605619E: set configuration 0: peers:[om1|localhost:15274]|listeners:[], old=null
2024-04-25 19:26:00,093 [om1@group-C5BA1605619E-SegmentedRaftLogWorker] INFO  segmented.BufferedWriteChannel (BufferedWriteChannel.java:open(62)) - open log_inprogress_0 at position 0
2024-04-25 19:26:00,100 [om1@group-C5BA1605619E-SegmentedRaftLogWorker] INFO  segmented.SegmentedRaftLogWorker (SegmentedRaftLogWorker.java:execute(634)) - om1@group-C5BA1605619E-SegmentedRaftLogWorker: created new log segment /home/runner/work/ozone/ozone/hadoop-ozone/integration-test/target/test-dir/MiniOzoneClusterImpl-f82f7a4c-b7ce-4bc7-bddc-b4ce9d407ba8/ozone-meta/ratis/bf265839-605b-3f16-9796-c5ba1605619e/current/log_inprogress_0
2024-04-25 19:26:00,101 [om1@group-C5BA1605619E-StateMachineUpdater] INFO  ratis.OzoneManagerStateMachine (OzoneManagerStateMachine.java:notifyConfigurationChanged(212)) - Received Configuration change notification from Ratis. New Peer list:
[id: "om1"
address: "localhost:15274"
startupRole: FOLLOWER
]
2024-04-25 19:26:00,101 [om1@group-C5BA1605619E-StateMachineUpdater] INFO  server.RaftServer$Division (LeaderStateImpl.java:isApplied(320)) - leader is ready since appliedIndex == 0 >= startIndex == 0
2024-04-25 19:26:00,522 [main] INFO  ozone.MiniOzoneClusterImpl (MiniOzoneClusterImpl.java:lambda$waitForClusterToBeReady$0(194)) - Waiting for nodes to be ready. Got 0 of 9 DN Heartbeats.
2024-04-25 19:26:00,522 [main] INFO  ozone.MiniOzoneClusterImpl (MiniOzoneClusterImpl.java:lambda$waitForClusterToBeReady$0(197)) - Waiting for cluster to exit safe mode
2024-04-25 19:26:00,522 [main] INFO  ozone.MiniOzoneClusterImpl (MiniOzoneClusterImpl.java:lambda$waitForClusterToBeReady$0(199)) - SCM became leader
2024-04-25 19:26:01,112 [4945050d-eb1e-4df3-bd8a-540f8ab6232f-EndpointStateMachineTaskThread-/0.0.0.0:15269-0 ] INFO  utils.DatanodeStoreCache (DatanodeStoreCache.java:addDB(72)) - Added db /home/runner/work/ozone/ozone/hadoop-ozone/integration-test/target/test-dir/MiniOzoneClusterImpl-f82f7a4c-b7ce-4bc7-bddc-b4ce9d407ba8/ozone-meta/datanode-1/data-0/hdds/f82f7a4c-b7ce-4bc7-bddc-b4ce9d407ba8/DS-17a4e9de-4788-4dde-83de-3c959ee81645/container.db to cache
2024-04-25 19:26:01,112 [4945050d-eb1e-4df3-bd8a-540f8ab6232f-EndpointStateMachineTaskThread-/0.0.0.0:15269-0 ] INFO  volume.HddsVolume (HddsVolume.java:createDbStore(437)) - SchemaV3 db is created and loaded at /home/runner/work/ozone/ozone/hadoop-ozone/integration-test/target/test-dir/MiniOzoneClusterImpl-f82f7a4c-b7ce-4bc7-bddc-b4ce9d407ba8/ozone-meta/datanode-1/data-0/hdds/f82f7a4c-b7ce-4bc7-bddc-b4ce9d407ba8/DS-17a4e9de-4788-4dde-83de-3c959ee81645/container.db for volume DS-17a4e9de-4788-4dde-83de-3c959ee81645
2024-04-25 19:26:01,114 [4945050d-eb1e-4df3-bd8a-540f8ab6232f-ContainerReader-0] INFO  ozoneimpl.ContainerReader (ContainerReader.java:readVolume(148)) - Start to verify containers on volume /home/runner/work/ozone/ozone/hadoop-ozone/integration-test/target/test-dir/MiniOzoneClusterImpl-f82f7a4c-b7ce-4bc7-bddc-b4ce9d407ba8/ozone-meta/datanode-1/data-0/hdds
2024-04-25 19:26:01,114 [4945050d-eb1e-4df3-bd8a-540f8ab6232f-ContainerReader-0] INFO  ozoneimpl.ContainerReader (ContainerReader.java:readVolume(178)) - Finish verifying containers on volume /home/runner/work/ozone/ozone/hadoop-ozone/integration-test/target/test-dir/MiniOzoneClusterImpl-f82f7a4c-b7ce-4bc7-bddc-b4ce9d407ba8/ozone-meta/datanode-1/data-0/hdds
2024-04-25 19:26:01,114 [4945050d-eb1e-4df3-bd8a-540f8ab6232f-EndpointStateMachineTaskThread-/0.0.0.0:15269-0 ] INFO  ozoneimpl.OzoneContainer (OzoneContainer.java:buildContainerSet(328)) - Build ContainerSet costs 0s
2024-04-25 19:26:01,114 [4945050d-eb1e-4df3-bd8a-540f8ab6232f-EndpointStateMachineTaskThread-/0.0.0.0:15269-0 ] INFO  volume.ThrottledAsyncChecker (ThrottledAsyncChecker.java:schedule(141)) - Scheduling a check for /home/runner/work/ozone/ozone/hadoop-ozone/integration-test/target/test-dir/MiniOzoneClusterImpl-f82f7a4c-b7ce-4bc7-bddc-b4ce9d407ba8/ozone-meta/datanode-1/data-0/hdds
2024-04-25 19:26:01,115 [4945050d-eb1e-4df3-bd8a-540f8ab6232f-EndpointStateMachineTaskThread-/0.0.0.0:15269-0 ] INFO  volume.StorageVolumeChecker (StorageVolumeChecker.java:checkAllVolumes(218)) - Scheduled health check for volume /home/runner/work/ozone/ozone/hadoop-ozone/integration-test/target/test-dir/MiniOzoneClusterImpl-f82f7a4c-b7ce-4bc7-bddc-b4ce9d407ba8/ozone-meta/datanode-1/data-0/hdds
2024-04-25 19:26:01,115 [4945050d-eb1e-4df3-bd8a-540f8ab6232f-EndpointStateMachineTaskThread-/0.0.0.0:15269-0 ] INFO  volume.ThrottledAsyncChecker (ThrottledAsyncChecker.java:schedule(141)) - Scheduling a check for /home/runner/work/ozone/ozone/hadoop-ozone/integration-test/target/test-dir/MiniOzoneClusterImpl-f82f7a4c-b7ce-4bc7-bddc-b4ce9d407ba8/ozone-meta/datanode-1/ratis
2024-04-25 19:26:01,116 [4945050d-eb1e-4df3-bd8a-540f8ab6232f-EndpointStateMachineTaskThread-/0.0.0.0:15269-0 ] INFO  volume.StorageVolumeChecker (StorageVolumeChecker.java:checkAllVolumes(218)) - Scheduled health check for volume /home/runner/work/ozone/ozone/hadoop-ozone/integration-test/target/test-dir/MiniOzoneClusterImpl-f82f7a4c-b7ce-4bc7-bddc-b4ce9d407ba8/ozone-meta/datanode-1/ratis
2024-04-25 19:26:01,116 [4945050d-eb1e-4df3-bd8a-540f8ab6232f-EndpointStateMachineTaskThread-/0.0.0.0:15269-0 ] INFO  ozoneimpl.OzoneContainer (OzoneContainer.java:start(459)) - Attempting to start container services.
2024-04-25 19:26:01,117 [ContainerMetadataScanner] INFO  ozoneimpl.AbstractBackgroundContainerScanner (AbstractBackgroundContainerScanner.java:runIteration(87)) - Completed an iteration in 0 minutes. Number of iterations (since the data-node restart) : 1, Number of containers scanned in this iteration : 0, Number of unhealthy containers found in this iteration : 0
2024-04-25 19:26:01,117 [ContainerDataScanner(/home/runner/work/ozone/ozone/hadoop-ozone/integration-test/target/test-dir/MiniOzoneClusterImpl-f82f7a4c-b7ce-4bc7-bddc-b4ce9d407ba8/ozone-meta/datanode-1/data-0/hdds)] INFO  ozoneimpl.AbstractBackgroundContainerScanner (AbstractBackgroundContainerScanner.java:runIteration(87)) - Completed an iteration in 0 minutes. Number of iterations (since the data-node restart) : 1, Number of containers scanned in this iteration : 0, Number of unhealthy containers found in this iteration : 0
2024-04-25 19:26:01,117 [4945050d-eb1e-4df3-bd8a-540f8ab6232f-EndpointStateMachineTaskThread-/0.0.0.0:15269-0 ] INFO  replication.ReplicationServer (ReplicationServer.java:start(142)) - ReplicationServer is started using port 15283
2024-04-25 19:26:01,117 [4945050d-eb1e-4df3-bd8a-540f8ab6232f-EndpointStateMachineTaskThread-/0.0.0.0:15269-0 ] INFO  ratis.XceiverServerRatis (XceiverServerRatis.java:start(566)) - Starting XceiverServerRatis 4945050d-eb1e-4df3-bd8a-540f8ab6232f
2024-04-25 19:26:01,118 [4945050d-eb1e-4df3-bd8a-540f8ab6232f-EndpointStateMachineTaskThread-/0.0.0.0:15269-0 ] INFO  server.RaftServer (RaftServerProxy.java:startImpl(406)) - 4945050d-eb1e-4df3-bd8a-540f8ab6232f: start RPC server
2024-04-25 19:26:01,118 [4945050d-eb1e-4df3-bd8a-540f8ab6232f-EndpointStateMachineTaskThread-/0.0.0.0:15269-0 ] INFO  server.GrpcService (GrpcService.java:startImpl(302)) - 4945050d-eb1e-4df3-bd8a-540f8ab6232f: GrpcService started, listening on 15279
2024-04-25 19:26:01,118 [4945050d-eb1e-4df3-bd8a-540f8ab6232f-EndpointStateMachineTaskThread-/0.0.0.0:15269-0 ] INFO  server.GrpcService (GrpcService.java:startImpl(302)) - 4945050d-eb1e-4df3-bd8a-540f8ab6232f: GrpcService started, listening on 15281
2024-04-25 19:26:01,119 [4945050d-eb1e-4df3-bd8a-540f8ab6232f-EndpointStateMachineTaskThread-/0.0.0.0:15269-0 ] INFO  server.GrpcService (GrpcService.java:startImpl(302)) - 4945050d-eb1e-4df3-bd8a-540f8ab6232f: GrpcService started, listening on 15280
2024-04-25 19:26:01,119 [4945050d-eb1e-4df3-bd8a-540f8ab6232f-EndpointStateMachineTaskThread-/0.0.0.0:15269-0 ] INFO  ratis.XceiverServerRatis (XceiverServerRatis.java:getRealPort(592)) - XceiverServerRatis 4945050d-eb1e-4df3-bd8a-540f8ab6232f is started using port 15279 for RATIS
2024-04-25 19:26:01,119 [4945050d-eb1e-4df3-bd8a-540f8ab6232f-EndpointStateMachineTaskThread-/0.0.0.0:15269-0 ] INFO  ratis.XceiverServerRatis (XceiverServerRatis.java:getRealPort(592)) - XceiverServerRatis 4945050d-eb1e-4df3-bd8a-540f8ab6232f is started using port 15280 for RATIS_ADMIN
2024-04-25 19:26:01,119 [4945050d-eb1e-4df3-bd8a-540f8ab6232f-EndpointStateMachineTaskThread-/0.0.0.0:15269-0 ] INFO  ratis.XceiverServerRatis (XceiverServerRatis.java:getRealPort(592)) - XceiverServerRatis 4945050d-eb1e-4df3-bd8a-540f8ab6232f is started using port 15281 for RATIS_SERVER
2024-04-25 19:26:01,119 [4945050d-eb1e-4df3-bd8a-540f8ab6232f-EndpointStateMachineTaskThread-/0.0.0.0:15269-0 ] INFO  ratis.XceiverServerRatis (XceiverServerRatis.java:getRealPort(592)) - XceiverServerRatis 4945050d-eb1e-4df3-bd8a-540f8ab6232f is started using port 15282 for RATIS_DATASTREAM
2024-04-25 19:26:01,119 [JvmPauseMonitor35] INFO  util.JvmPauseMonitor (JvmPauseMonitor.java:run(146)) - JvmPauseMonitor-4945050d-eb1e-4df3-bd8a-540f8ab6232f: Started
2024-04-25 19:26:01,121 [4945050d-eb1e-4df3-bd8a-540f8ab6232f-BlockDeletingService#0] INFO  interfaces.ContainerDeletionChoosingPolicyTemplate (ContainerDeletionChoosingPolicyTemplate.java:chooseContainerForBlockDeletion(85)) - Chosen 0/5000 blocks from 0 candidate containers.
2024-04-25 19:26:01,162 [023363e8-92b8-4e04-85cd-0caf25b811fc-EndpointStateMachineTaskThread-/0.0.0.0:15269-0 ] INFO  utils.DatanodeStoreCache (DatanodeStoreCache.java:addDB(72)) - Added db /home/runner/work/ozone/ozone/hadoop-ozone/integration-test/target/test-dir/MiniOzoneClusterImpl-f82f7a4c-b7ce-4bc7-bddc-b4ce9d407ba8/ozone-meta/datanode-2/data-0/hdds/f82f7a4c-b7ce-4bc7-bddc-b4ce9d407ba8/DS-e275a4d8-33c9-4937-b4b5-9aee03b12aa4/container.db to cache
2024-04-25 19:26:01,162 [023363e8-92b8-4e04-85cd-0caf25b811fc-EndpointStateMachineTaskThread-/0.0.0.0:15269-0 ] INFO  volume.HddsVolume (HddsVolume.java:createDbStore(437)) - SchemaV3 db is created and loaded at /home/runner/work/ozone/ozone/hadoop-ozone/integration-test/target/test-dir/MiniOzoneClusterImpl-f82f7a4c-b7ce-4bc7-bddc-b4ce9d407ba8/ozone-meta/datanode-2/data-0/hdds/f82f7a4c-b7ce-4bc7-bddc-b4ce9d407ba8/DS-e275a4d8-33c9-4937-b4b5-9aee03b12aa4/container.db for volume DS-e275a4d8-33c9-4937-b4b5-9aee03b12aa4
2024-04-25 19:26:01,164 [023363e8-92b8-4e04-85cd-0caf25b811fc-ContainerReader-0] INFO  ozoneimpl.ContainerReader (ContainerReader.java:readVolume(148)) - Start to verify containers on volume /home/runner/work/ozone/ozone/hadoop-ozone/integration-test/target/test-dir/MiniOzoneClusterImpl-f82f7a4c-b7ce-4bc7-bddc-b4ce9d407ba8/ozone-meta/datanode-2/data-0/hdds
2024-04-25 19:26:01,164 [023363e8-92b8-4e04-85cd-0caf25b811fc-ContainerReader-0] INFO  ozoneimpl.ContainerReader (ContainerReader.java:readVolume(178)) - Finish verifying containers on volume /home/runner/work/ozone/ozone/hadoop-ozone/integration-test/target/test-dir/MiniOzoneClusterImpl-f82f7a4c-b7ce-4bc7-bddc-b4ce9d407ba8/ozone-meta/datanode-2/data-0/hdds
2024-04-25 19:26:01,164 [023363e8-92b8-4e04-85cd-0caf25b811fc-EndpointStateMachineTaskThread-/0.0.0.0:15269-0 ] INFO  ozoneimpl.OzoneContainer (OzoneContainer.java:buildContainerSet(328)) - Build ContainerSet costs 0s
2024-04-25 19:26:01,164 [023363e8-92b8-4e04-85cd-0caf25b811fc-EndpointStateMachineTaskThread-/0.0.0.0:15269-0 ] INFO  volume.ThrottledAsyncChecker (ThrottledAsyncChecker.java:schedule(141)) - Scheduling a check for /home/runner/work/ozone/ozone/hadoop-ozone/integration-test/target/test-dir/MiniOzoneClusterImpl-f82f7a4c-b7ce-4bc7-bddc-b4ce9d407ba8/ozone-meta/datanode-2/data-0/hdds
2024-04-25 19:26:01,165 [023363e8-92b8-4e04-85cd-0caf25b811fc-EndpointStateMachineTaskThread-/0.0.0.0:15269-0 ] INFO  volume.StorageVolumeChecker (StorageVolumeChecker.java:checkAllVolumes(218)) - Scheduled health check for volume /home/runner/work/ozone/ozone/hadoop-ozone/integration-test/target/test-dir/MiniOzoneClusterImpl-f82f7a4c-b7ce-4bc7-bddc-b4ce9d407ba8/ozone-meta/datanode-2/data-0/hdds
2024-04-25 19:26:01,165 [023363e8-92b8-4e04-85cd-0caf25b811fc-EndpointStateMachineTaskThread-/0.0.0.0:15269-0 ] INFO  volume.ThrottledAsyncChecker (ThrottledAsyncChecker.java:schedule(141)) - Scheduling a check for /home/runner/work/ozone/ozone/hadoop-ozone/integration-test/target/test-dir/MiniOzoneClusterImpl-f82f7a4c-b7ce-4bc7-bddc-b4ce9d407ba8/ozone-meta/datanode-2/ratis
2024-04-25 19:26:01,165 [023363e8-92b8-4e04-85cd-0caf25b811fc-EndpointStateMachineTaskThread-/0.0.0.0:15269-0 ] INFO  volume.StorageVolumeChecker (StorageVolumeChecker.java:checkAllVolumes(218)) - Scheduled health check for volume /home/runner/work/ozone/ozone/hadoop-ozone/integration-test/target/test-dir/MiniOzoneClusterImpl-f82f7a4c-b7ce-4bc7-bddc-b4ce9d407ba8/ozone-meta/datanode-2/ratis
2024-04-25 19:26:01,166 [023363e8-92b8-4e04-85cd-0caf25b811fc-EndpointStateMachineTaskThread-/0.0.0.0:15269-0 ] INFO  ozoneimpl.OzoneContainer (OzoneContainer.java:start(459)) - Attempting to start container services.
2024-04-25 19:26:01,166 [023363e8-92b8-4e04-85cd-0caf25b811fc-EndpointStateMachineTaskThread-/0.0.0.0:15269-0 ] WARN  ozoneimpl.OnDemandContainerDataScanner (OnDemandContainerDataScanner.java:init(75)) - Trying to initialize on demand scanner a second time on a datanode.
2024-04-25 19:26:01,167 [ContainerMetadataScanner] INFO  ozoneimpl.AbstractBackgroundContainerScanner (AbstractBackgroundContainerScanner.java:runIteration(87)) - Completed an iteration in 0 minutes. Number of iterations (since the data-node restart) : 1, Number of containers scanned in this iteration : 0, Number of unhealthy containers found in this iteration : 0
2024-04-25 19:26:01,167 [ContainerDataScanner(/home/runner/work/ozone/ozone/hadoop-ozone/integration-test/target/test-dir/MiniOzoneClusterImpl-f82f7a4c-b7ce-4bc7-bddc-b4ce9d407ba8/ozone-meta/datanode-2/data-0/hdds)] INFO  ozoneimpl.AbstractBackgroundContainerScanner (AbstractBackgroundContainerScanner.java:runIteration(87)) - Completed an iteration in 0 minutes. Number of iterations (since the data-node restart) : 1, Number of containers scanned in this iteration : 0, Number of unhealthy containers found in this iteration : 0
2024-04-25 19:26:01,167 [023363e8-92b8-4e04-85cd-0caf25b811fc-EndpointStateMachineTaskThread-/0.0.0.0:15269-0 ] INFO  replication.ReplicationServer (ReplicationServer.java:start(142)) - ReplicationServer is started using port 15292
2024-04-25 19:26:01,167 [023363e8-92b8-4e04-85cd-0caf25b811fc-EndpointStateMachineTaskThread-/0.0.0.0:15269-0 ] INFO  ratis.XceiverServerRatis (XceiverServerRatis.java:start(566)) - Starting XceiverServerRatis 023363e8-92b8-4e04-85cd-0caf25b811fc
2024-04-25 19:26:01,168 [023363e8-92b8-4e04-85cd-0caf25b811fc-EndpointStateMachineTaskThread-/0.0.0.0:15269-0 ] INFO  server.RaftServer (RaftServerProxy.java:startImpl(406)) - 023363e8-92b8-4e04-85cd-0caf25b811fc: start RPC server
2024-04-25 19:26:01,168 [023363e8-92b8-4e04-85cd-0caf25b811fc-EndpointStateMachineTaskThread-/0.0.0.0:15269-0 ] INFO  server.GrpcService (GrpcService.java:startImpl(302)) - 023363e8-92b8-4e04-85cd-0caf25b811fc: GrpcService started, listening on 15288
2024-04-25 19:26:01,168 [023363e8-92b8-4e04-85cd-0caf25b811fc-EndpointStateMachineTaskThread-/0.0.0.0:15269-0 ] INFO  server.GrpcService (GrpcService.java:startImpl(302)) - 023363e8-92b8-4e04-85cd-0caf25b811fc: GrpcService started, listening on 15290
2024-04-25 19:26:01,168 [023363e8-92b8-4e04-85cd-0caf25b811fc-EndpointStateMachineTaskThread-/0.0.0.0:15269-0 ] INFO  server.GrpcService (GrpcService.java:startImpl(302)) - 023363e8-92b8-4e04-85cd-0caf25b811fc: GrpcService started, listening on 15289
2024-04-25 19:26:01,169 [023363e8-92b8-4e04-85cd-0caf25b811fc-EndpointStateMachineTaskThread-/0.0.0.0:15269-0 ] INFO  ratis.XceiverServerRatis (XceiverServerRatis.java:getRealPort(592)) - XceiverServerRatis 023363e8-92b8-4e04-85cd-0caf25b811fc is started using port 15288 for RATIS
2024-04-25 19:26:01,169 [JvmPauseMonitor36] INFO  util.JvmPauseMonitor (JvmPauseMonitor.java:run(146)) - JvmPauseMonitor-023363e8-92b8-4e04-85cd-0caf25b811fc: Started
2024-04-25 19:26:01,169 [023363e8-92b8-4e04-85cd-0caf25b811fc-EndpointStateMachineTaskThread-/0.0.0.0:15269-0 ] INFO  ratis.XceiverServerRatis (XceiverServerRatis.java:getRealPort(592)) - XceiverServerRatis 023363e8-92b8-4e04-85cd-0caf25b811fc is started using port 15289 for RATIS_ADMIN
2024-04-25 19:26:01,169 [023363e8-92b8-4e04-85cd-0caf25b811fc-EndpointStateMachineTaskThread-/0.0.0.0:15269-0 ] INFO  ratis.XceiverServerRatis (XceiverServerRatis.java:getRealPort(592)) - XceiverServerRatis 023363e8-92b8-4e04-85cd-0caf25b811fc is started using port 15290 for RATIS_SERVER
2024-04-25 19:26:01,169 [023363e8-92b8-4e04-85cd-0caf25b811fc-EndpointStateMachineTaskThread-/0.0.0.0:15269-0 ] INFO  ratis.XceiverServerRatis (XceiverServerRatis.java:getRealPort(592)) - XceiverServerRatis 023363e8-92b8-4e04-85cd-0caf25b811fc is started using port 15291 for RATIS_DATASTREAM
2024-04-25 19:26:01,170 [023363e8-92b8-4e04-85cd-0caf25b811fc-BlockDeletingService#0] INFO  interfaces.ContainerDeletionChoosingPolicyTemplate (ContainerDeletionChoosingPolicyTemplate.java:chooseContainerForBlockDeletion(85)) - Chosen 0/5000 blocks from 0 candidate containers.
2024-04-25 19:26:01,220 [f28f6cfa-fb4d-46cf-94dd-cb052c8a0835-EndpointStateMachineTaskThread-/0.0.0.0:15269-0 ] INFO  utils.DatanodeStoreCache (DatanodeStoreCache.java:addDB(72)) - Added db /home/runner/work/ozone/ozone/hadoop-ozone/integration-test/target/test-dir/MiniOzoneClusterImpl-f82f7a4c-b7ce-4bc7-bddc-b4ce9d407ba8/ozone-meta/datanode-3/data-0/hdds/f82f7a4c-b7ce-4bc7-bddc-b4ce9d407ba8/DS-0417ca2a-3836-4e74-9b27-97462ad037a8/container.db to cache
2024-04-25 19:26:01,220 [f28f6cfa-fb4d-46cf-94dd-cb052c8a0835-EndpointStateMachineTaskThread-/0.0.0.0:15269-0 ] INFO  volume.HddsVolume (HddsVolume.java:createDbStore(437)) - SchemaV3 db is created and loaded at /home/runner/work/ozone/ozone/hadoop-ozone/integration-test/target/test-dir/MiniOzoneClusterImpl-f82f7a4c-b7ce-4bc7-bddc-b4ce9d407ba8/ozone-meta/datanode-3/data-0/hdds/f82f7a4c-b7ce-4bc7-bddc-b4ce9d407ba8/DS-0417ca2a-3836-4e74-9b27-97462ad037a8/container.db for volume DS-0417ca2a-3836-4e74-9b27-97462ad037a8
2024-04-25 19:26:01,222 [f28f6cfa-fb4d-46cf-94dd-cb052c8a0835-ContainerReader-0] INFO  ozoneimpl.ContainerReader (ContainerReader.java:readVolume(148)) - Start to verify containers on volume /home/runner/work/ozone/ozone/hadoop-ozone/integration-test/target/test-dir/MiniOzoneClusterImpl-f82f7a4c-b7ce-4bc7-bddc-b4ce9d407ba8/ozone-meta/datanode-3/data-0/hdds
2024-04-25 19:26:01,222 [f28f6cfa-fb4d-46cf-94dd-cb052c8a0835-ContainerReader-0] INFO  ozoneimpl.ContainerReader (ContainerReader.java:readVolume(178)) - Finish verifying containers on volume /home/runner/work/ozone/ozone/hadoop-ozone/integration-test/target/test-dir/MiniOzoneClusterImpl-f82f7a4c-b7ce-4bc7-bddc-b4ce9d407ba8/ozone-meta/datanode-3/data-0/hdds
2024-04-25 19:26:01,222 [f28f6cfa-fb4d-46cf-94dd-cb052c8a0835-EndpointStateMachineTaskThread-/0.0.0.0:15269-0 ] INFO  ozoneimpl.OzoneContainer (OzoneContainer.java:buildContainerSet(328)) - Build ContainerSet costs 0s
2024-04-25 19:26:01,222 [f28f6cfa-fb4d-46cf-94dd-cb052c8a0835-EndpointStateMachineTaskThread-/0.0.0.0:15269-0 ] INFO  volume.ThrottledAsyncChecker (ThrottledAsyncChecker.java:schedule(141)) - Scheduling a check for /home/runner/work/ozone/ozone/hadoop-ozone/integration-test/target/test-dir/MiniOzoneClusterImpl-f82f7a4c-b7ce-4bc7-bddc-b4ce9d407ba8/ozone-meta/datanode-3/data-0/hdds
2024-04-25 19:26:01,222 [f28f6cfa-fb4d-46cf-94dd-cb052c8a0835-EndpointStateMachineTaskThread-/0.0.0.0:15269-0 ] INFO  volume.StorageVolumeChecker (StorageVolumeChecker.java:checkAllVolumes(218)) - Scheduled health check for volume /home/runner/work/ozone/ozone/hadoop-ozone/integration-test/target/test-dir/MiniOzoneClusterImpl-f82f7a4c-b7ce-4bc7-bddc-b4ce9d407ba8/ozone-meta/datanode-3/data-0/hdds
2024-04-25 19:26:01,223 [f28f6cfa-fb4d-46cf-94dd-cb052c8a0835-EndpointStateMachineTaskThread-/0.0.0.0:15269-0 ] INFO  volume.ThrottledAsyncChecker (ThrottledAsyncChecker.java:schedule(141)) - Scheduling a check for /home/runner/work/ozone/ozone/hadoop-ozone/integration-test/target/test-dir/MiniOzoneClusterImpl-f82f7a4c-b7ce-4bc7-bddc-b4ce9d407ba8/ozone-meta/datanode-3/ratis
2024-04-25 19:26:01,223 [f28f6cfa-fb4d-46cf-94dd-cb052c8a0835-EndpointStateMachineTaskThread-/0.0.0.0:15269-0 ] INFO  volume.StorageVolumeChecker (StorageVolumeChecker.java:checkAllVolumes(218)) - Scheduled health check for volume /home/runner/work/ozone/ozone/hadoop-ozone/integration-test/target/test-dir/MiniOzoneClusterImpl-f82f7a4c-b7ce-4bc7-bddc-b4ce9d407ba8/ozone-meta/datanode-3/ratis
2024-04-25 19:26:01,224 [f28f6cfa-fb4d-46cf-94dd-cb052c8a0835-EndpointStateMachineTaskThread-/0.0.0.0:15269-0 ] INFO  ozoneimpl.OzoneContainer (OzoneContainer.java:start(459)) - Attempting to start container services.
2024-04-25 19:26:01,224 [f28f6cfa-fb4d-46cf-94dd-cb052c8a0835-EndpointStateMachineTaskThread-/0.0.0.0:15269-0 ] WARN  ozoneimpl.OnDemandContainerDataScanner (OnDemandContainerDataScanner.java:init(75)) - Trying to initialize on demand scanner a second time on a datanode.
2024-04-25 19:26:01,225 [ContainerMetadataScanner] INFO  ozoneimpl.AbstractBackgroundContainerScanner (AbstractBackgroundContainerScanner.java:runIteration(87)) - Completed an iteration in 0 minutes. Number of iterations (since the data-node restart) : 1, Number of containers scanned in this iteration : 0, Number of unhealthy containers found in this iteration : 0
2024-04-25 19:26:01,225 [ContainerDataScanner(/home/runner/work/ozone/ozone/hadoop-ozone/integration-test/target/test-dir/MiniOzoneClusterImpl-f82f7a4c-b7ce-4bc7-bddc-b4ce9d407ba8/ozone-meta/datanode-3/data-0/hdds)] INFO  ozoneimpl.AbstractBackgroundContainerScanner (AbstractBackgroundContainerScanner.java:runIteration(87)) - Completed an iteration in 0 minutes. Number of iterations (since the data-node restart) : 1, Number of containers scanned in this iteration : 0, Number of unhealthy containers found in this iteration : 0
2024-04-25 19:26:01,226 [f28f6cfa-fb4d-46cf-94dd-cb052c8a0835-EndpointStateMachineTaskThread-/0.0.0.0:15269-0 ] INFO  replication.ReplicationServer (ReplicationServer.java:start(142)) - ReplicationServer is started using port 15301
2024-04-25 19:26:01,226 [f28f6cfa-fb4d-46cf-94dd-cb052c8a0835-EndpointStateMachineTaskThread-/0.0.0.0:15269-0 ] INFO  ratis.XceiverServerRatis (XceiverServerRatis.java:start(566)) - Starting XceiverServerRatis f28f6cfa-fb4d-46cf-94dd-cb052c8a0835
2024-04-25 19:26:01,226 [f28f6cfa-fb4d-46cf-94dd-cb052c8a0835-EndpointStateMachineTaskThread-/0.0.0.0:15269-0 ] INFO  server.RaftServer (RaftServerProxy.java:startImpl(406)) - f28f6cfa-fb4d-46cf-94dd-cb052c8a0835: start RPC server
2024-04-25 19:26:01,226 [f28f6cfa-fb4d-46cf-94dd-cb052c8a0835-EndpointStateMachineTaskThread-/0.0.0.0:15269-0 ] INFO  server.GrpcService (GrpcService.java:startImpl(302)) - f28f6cfa-fb4d-46cf-94dd-cb052c8a0835: GrpcService started, listening on 15297
2024-04-25 19:26:01,227 [f28f6cfa-fb4d-46cf-94dd-cb052c8a0835-EndpointStateMachineTaskThread-/0.0.0.0:15269-0 ] INFO  server.GrpcService (GrpcService.java:startImpl(302)) - f28f6cfa-fb4d-46cf-94dd-cb052c8a0835: GrpcService started, listening on 15299
2024-04-25 19:26:01,227 [f28f6cfa-fb4d-46cf-94dd-cb052c8a0835-EndpointStateMachineTaskThread-/0.0.0.0:15269-0 ] INFO  server.GrpcService (GrpcService.java:startImpl(302)) - f28f6cfa-fb4d-46cf-94dd-cb052c8a0835: GrpcService started, listening on 15298
2024-04-25 19:26:01,227 [f28f6cfa-fb4d-46cf-94dd-cb052c8a0835-EndpointStateMachineTaskThread-/0.0.0.0:15269-0 ] INFO  ratis.XceiverServerRatis (XceiverServerRatis.java:getRealPort(592)) - XceiverServerRatis f28f6cfa-fb4d-46cf-94dd-cb052c8a0835 is started using port 15297 for RATIS
2024-04-25 19:26:01,227 [JvmPauseMonitor37] INFO  util.JvmPauseMonitor (JvmPauseMonitor.java:run(146)) - JvmPauseMonitor-f28f6cfa-fb4d-46cf-94dd-cb052c8a0835: Started
2024-04-25 19:26:01,227 [f28f6cfa-fb4d-46cf-94dd-cb052c8a0835-EndpointStateMachineTaskThread-/0.0.0.0:15269-0 ] INFO  ratis.XceiverServerRatis (XceiverServerRatis.java:getRealPort(592)) - XceiverServerRatis f28f6cfa-fb4d-46cf-94dd-cb052c8a0835 is started using port 15298 for RATIS_ADMIN
2024-04-25 19:26:01,227 [f28f6cfa-fb4d-46cf-94dd-cb052c8a0835-EndpointStateMachineTaskThread-/0.0.0.0:15269-0 ] INFO  ratis.XceiverServerRatis (XceiverServerRatis.java:getRealPort(592)) - XceiverServerRatis f28f6cfa-fb4d-46cf-94dd-cb052c8a0835 is started using port 15299 for RATIS_SERVER
2024-04-25 19:26:01,227 [f28f6cfa-fb4d-46cf-94dd-cb052c8a0835-EndpointStateMachineTaskThread-/0.0.0.0:15269-0 ] INFO  ratis.XceiverServerRatis (XceiverServerRatis.java:getRealPort(592)) - XceiverServerRatis f28f6cfa-fb4d-46cf-94dd-cb052c8a0835 is started using port 15300 for RATIS_DATASTREAM
2024-04-25 19:26:01,228 [f28f6cfa-fb4d-46cf-94dd-cb052c8a0835-BlockDeletingService#0] INFO  interfaces.ContainerDeletionChoosingPolicyTemplate (ContainerDeletionChoosingPolicyTemplate.java:chooseContainerForBlockDeletion(85)) - Chosen 0/5000 blocks from 0 candidate containers.
2024-04-25 19:26:01,280 [38098fde-9f6f-4ad0-993c-715d8f2d4b32-EndpointStateMachineTaskThread-/0.0.0.0:15269-0 ] INFO  utils.DatanodeStoreCache (DatanodeStoreCache.java:addDB(72)) - Added db /home/runner/work/ozone/ozone/hadoop-ozone/integration-test/target/test-dir/MiniOzoneClusterImpl-f82f7a4c-b7ce-4bc7-bddc-b4ce9d407ba8/ozone-meta/datanode-4/data-0/hdds/f82f7a4c-b7ce-4bc7-bddc-b4ce9d407ba8/DS-7df831fa-3f58-49d3-89a5-b1982aace258/container.db to cache
2024-04-25 19:26:01,280 [38098fde-9f6f-4ad0-993c-715d8f2d4b32-EndpointStateMachineTaskThread-/0.0.0.0:15269-0 ] INFO  volume.HddsVolume (HddsVolume.java:createDbStore(437)) - SchemaV3 db is created and loaded at /home/runner/work/ozone/ozone/hadoop-ozone/integration-test/target/test-dir/MiniOzoneClusterImpl-f82f7a4c-b7ce-4bc7-bddc-b4ce9d407ba8/ozone-meta/datanode-4/data-0/hdds/f82f7a4c-b7ce-4bc7-bddc-b4ce9d407ba8/DS-7df831fa-3f58-49d3-89a5-b1982aace258/container.db for volume DS-7df831fa-3f58-49d3-89a5-b1982aace258
2024-04-25 19:26:01,281 [38098fde-9f6f-4ad0-993c-715d8f2d4b32-ContainerReader-0] INFO  ozoneimpl.ContainerReader (ContainerReader.java:readVolume(148)) - Start to verify containers on volume /home/runner/work/ozone/ozone/hadoop-ozone/integration-test/target/test-dir/MiniOzoneClusterImpl-f82f7a4c-b7ce-4bc7-bddc-b4ce9d407ba8/ozone-meta/datanode-4/data-0/hdds
2024-04-25 19:26:01,281 [38098fde-9f6f-4ad0-993c-715d8f2d4b32-ContainerReader-0] INFO  ozoneimpl.ContainerReader (ContainerReader.java:readVolume(178)) - Finish verifying containers on volume /home/runner/work/ozone/ozone/hadoop-ozone/integration-test/target/test-dir/MiniOzoneClusterImpl-f82f7a4c-b7ce-4bc7-bddc-b4ce9d407ba8/ozone-meta/datanode-4/data-0/hdds
2024-04-25 19:26:01,281 [38098fde-9f6f-4ad0-993c-715d8f2d4b32-EndpointStateMachineTaskThread-/0.0.0.0:15269-0 ] INFO  ozoneimpl.OzoneContainer (OzoneContainer.java:buildContainerSet(328)) - Build ContainerSet costs 0s
2024-04-25 19:26:01,281 [38098fde-9f6f-4ad0-993c-715d8f2d4b32-EndpointStateMachineTaskThread-/0.0.0.0:15269-0 ] INFO  volume.ThrottledAsyncChecker (ThrottledAsyncChecker.java:schedule(141)) - Scheduling a check for /home/runner/work/ozone/ozone/hadoop-ozone/integration-test/target/test-dir/MiniOzoneClusterImpl-f82f7a4c-b7ce-4bc7-bddc-b4ce9d407ba8/ozone-meta/datanode-4/data-0/hdds
2024-04-25 19:26:01,282 [38098fde-9f6f-4ad0-993c-715d8f2d4b32-EndpointStateMachineTaskThread-/0.0.0.0:15269-0 ] INFO  volume.StorageVolumeChecker (StorageVolumeChecker.java:checkAllVolumes(218)) - Scheduled health check for volume /home/runner/work/ozone/ozone/hadoop-ozone/integration-test/target/test-dir/MiniOzoneClusterImpl-f82f7a4c-b7ce-4bc7-bddc-b4ce9d407ba8/ozone-meta/datanode-4/data-0/hdds
2024-04-25 19:26:01,282 [38098fde-9f6f-4ad0-993c-715d8f2d4b32-EndpointStateMachineTaskThread-/0.0.0.0:15269-0 ] INFO  volume.ThrottledAsyncChecker (ThrottledAsyncChecker.java:schedule(141)) - Scheduling a check for /home/runner/work/ozone/ozone/hadoop-ozone/integration-test/target/test-dir/MiniOzoneClusterImpl-f82f7a4c-b7ce-4bc7-bddc-b4ce9d407ba8/ozone-meta/datanode-4/ratis
2024-04-25 19:26:01,282 [38098fde-9f6f-4ad0-993c-715d8f2d4b32-EndpointStateMachineTaskThread-/0.0.0.0:15269-0 ] INFO  volume.StorageVolumeChecker (StorageVolumeChecker.java:checkAllVolumes(218)) - Scheduled health check for volume /home/runner/work/ozone/ozone/hadoop-ozone/integration-test/target/test-dir/MiniOzoneClusterImpl-f82f7a4c-b7ce-4bc7-bddc-b4ce9d407ba8/ozone-meta/datanode-4/ratis
2024-04-25 19:26:01,283 [38098fde-9f6f-4ad0-993c-715d8f2d4b32-EndpointStateMachineTaskThread-/0.0.0.0:15269-0 ] INFO  ozoneimpl.OzoneContainer (OzoneContainer.java:start(459)) - Attempting to start container services.
2024-04-25 19:26:01,283 [38098fde-9f6f-4ad0-993c-715d8f2d4b32-EndpointStateMachineTaskThread-/0.0.0.0:15269-0 ] WARN  ozoneimpl.OnDemandContainerDataScanner (OnDemandContainerDataScanner.java:init(75)) - Trying to initialize on demand scanner a second time on a datanode.
2024-04-25 19:26:01,284 [ContainerMetadataScanner] INFO  ozoneimpl.AbstractBackgroundContainerScanner (AbstractBackgroundContainerScanner.java:runIteration(87)) - Completed an iteration in 0 minutes. Number of iterations (since the data-node restart) : 1, Number of containers scanned in this iteration : 0, Number of unhealthy containers found in this iteration : 0
2024-04-25 19:26:01,284 [ContainerDataScanner(/home/runner/work/ozone/ozone/hadoop-ozone/integration-test/target/test-dir/MiniOzoneClusterImpl-f82f7a4c-b7ce-4bc7-bddc-b4ce9d407ba8/ozone-meta/datanode-4/data-0/hdds)] INFO  ozoneimpl.AbstractBackgroundContainerScanner (AbstractBackgroundContainerScanner.java:runIteration(87)) - Completed an iteration in 0 minutes. Number of iterations (since the data-node restart) : 1, Number of containers scanned in this iteration : 0, Number of unhealthy containers found in this iteration : 0
2024-04-25 19:26:01,284 [38098fde-9f6f-4ad0-993c-715d8f2d4b32-EndpointStateMachineTaskThread-/0.0.0.0:15269-0 ] INFO  replication.ReplicationServer (ReplicationServer.java:start(142)) - ReplicationServer is started using port 15310
2024-04-25 19:26:01,284 [38098fde-9f6f-4ad0-993c-715d8f2d4b32-EndpointStateMachineTaskThread-/0.0.0.0:15269-0 ] INFO  ratis.XceiverServerRatis (XceiverServerRatis.java:start(566)) - Starting XceiverServerRatis 38098fde-9f6f-4ad0-993c-715d8f2d4b32
2024-04-25 19:26:01,285 [38098fde-9f6f-4ad0-993c-715d8f2d4b32-EndpointStateMachineTaskThread-/0.0.0.0:15269-0 ] INFO  server.RaftServer (RaftServerProxy.java:startImpl(406)) - 38098fde-9f6f-4ad0-993c-715d8f2d4b32: start RPC server
2024-04-25 19:26:01,285 [38098fde-9f6f-4ad0-993c-715d8f2d4b32-EndpointStateMachineTaskThread-/0.0.0.0:15269-0 ] INFO  server.GrpcService (GrpcService.java:startImpl(302)) - 38098fde-9f6f-4ad0-993c-715d8f2d4b32: GrpcService started, listening on 15306
2024-04-25 19:26:01,285 [38098fde-9f6f-4ad0-993c-715d8f2d4b32-EndpointStateMachineTaskThread-/0.0.0.0:15269-0 ] INFO  server.GrpcService (GrpcService.java:startImpl(302)) - 38098fde-9f6f-4ad0-993c-715d8f2d4b32: GrpcService started, listening on 15308
2024-04-25 19:26:01,285 [38098fde-9f6f-4ad0-993c-715d8f2d4b32-EndpointStateMachineTaskThread-/0.0.0.0:15269-0 ] INFO  server.GrpcService (GrpcService.java:startImpl(302)) - 38098fde-9f6f-4ad0-993c-715d8f2d4b32: GrpcService started, listening on 15307
2024-04-25 19:26:01,286 [38098fde-9f6f-4ad0-993c-715d8f2d4b32-EndpointStateMachineTaskThread-/0.0.0.0:15269-0 ] INFO  ratis.XceiverServerRatis (XceiverServerRatis.java:getRealPort(592)) - XceiverServerRatis 38098fde-9f6f-4ad0-993c-715d8f2d4b32 is started using port 15306 for RATIS
2024-04-25 19:26:01,286 [JvmPauseMonitor38] INFO  util.JvmPauseMonitor (JvmPauseMonitor.java:run(146)) - JvmPauseMonitor-38098fde-9f6f-4ad0-993c-715d8f2d4b32: Started
2024-04-25 19:26:01,286 [38098fde-9f6f-4ad0-993c-715d8f2d4b32-EndpointStateMachineTaskThread-/0.0.0.0:15269-0 ] INFO  ratis.XceiverServerRatis (XceiverServerRatis.java:getRealPort(592)) - XceiverServerRatis 38098fde-9f6f-4ad0-993c-715d8f2d4b32 is started using port 15307 for RATIS_ADMIN
2024-04-25 19:26:01,286 [38098fde-9f6f-4ad0-993c-715d8f2d4b32-EndpointStateMachineTaskThread-/0.0.0.0:15269-0 ] INFO  ratis.XceiverServerRatis (XceiverServerRatis.java:getRealPort(592)) - XceiverServerRatis 38098fde-9f6f-4ad0-993c-715d8f2d4b32 is started using port 15308 for RATIS_SERVER
2024-04-25 19:26:01,286 [38098fde-9f6f-4ad0-993c-715d8f2d4b32-EndpointStateMachineTaskThread-/0.0.0.0:15269-0 ] INFO  ratis.XceiverServerRatis (XceiverServerRatis.java:getRealPort(592)) - XceiverServerRatis 38098fde-9f6f-4ad0-993c-715d8f2d4b32 is started using port 15309 for RATIS_DATASTREAM
2024-04-25 19:26:01,287 [38098fde-9f6f-4ad0-993c-715d8f2d4b32-BlockDeletingService#0] INFO  interfaces.ContainerDeletionChoosingPolicyTemplate (ContainerDeletionChoosingPolicyTemplate.java:chooseContainerForBlockDeletion(85)) - Chosen 0/5000 blocks from 0 candidate containers.
2024-04-25 19:26:01,329 [c059e8ba-a531-47a3-a497-45c8f0b0c72e-EndpointStateMachineTaskThread-/0.0.0.0:15269-0 ] INFO  utils.DatanodeStoreCache (DatanodeStoreCache.java:addDB(72)) - Added db /home/runner/work/ozone/ozone/hadoop-ozone/integration-test/target/test-dir/MiniOzoneClusterImpl-f82f7a4c-b7ce-4bc7-bddc-b4ce9d407ba8/ozone-meta/datanode-5/data-0/hdds/f82f7a4c-b7ce-4bc7-bddc-b4ce9d407ba8/DS-455ea7ab-0b92-455e-8289-ac6fd881f40f/container.db to cache
2024-04-25 19:26:01,329 [c059e8ba-a531-47a3-a497-45c8f0b0c72e-EndpointStateMachineTaskThread-/0.0.0.0:15269-0 ] INFO  volume.HddsVolume (HddsVolume.java:createDbStore(437)) - SchemaV3 db is created and loaded at /home/runner/work/ozone/ozone/hadoop-ozone/integration-test/target/test-dir/MiniOzoneClusterImpl-f82f7a4c-b7ce-4bc7-bddc-b4ce9d407ba8/ozone-meta/datanode-5/data-0/hdds/f82f7a4c-b7ce-4bc7-bddc-b4ce9d407ba8/DS-455ea7ab-0b92-455e-8289-ac6fd881f40f/container.db for volume DS-455ea7ab-0b92-455e-8289-ac6fd881f40f
2024-04-25 19:26:01,331 [c059e8ba-a531-47a3-a497-45c8f0b0c72e-ContainerReader-0] INFO  ozoneimpl.ContainerReader (ContainerReader.java:readVolume(148)) - Start to verify containers on volume /home/runner/work/ozone/ozone/hadoop-ozone/integration-test/target/test-dir/MiniOzoneClusterImpl-f82f7a4c-b7ce-4bc7-bddc-b4ce9d407ba8/ozone-meta/datanode-5/data-0/hdds
2024-04-25 19:26:01,331 [c059e8ba-a531-47a3-a497-45c8f0b0c72e-ContainerReader-0] INFO  ozoneimpl.ContainerReader (ContainerReader.java:readVolume(178)) - Finish verifying containers on volume /home/runner/work/ozone/ozone/hadoop-ozone/integration-test/target/test-dir/MiniOzoneClusterImpl-f82f7a4c-b7ce-4bc7-bddc-b4ce9d407ba8/ozone-meta/datanode-5/data-0/hdds
2024-04-25 19:26:01,331 [c059e8ba-a531-47a3-a497-45c8f0b0c72e-EndpointStateMachineTaskThread-/0.0.0.0:15269-0 ] INFO  ozoneimpl.OzoneContainer (OzoneContainer.java:buildContainerSet(328)) - Build ContainerSet costs 0s
2024-04-25 19:26:01,331 [c059e8ba-a531-47a3-a497-45c8f0b0c72e-EndpointStateMachineTaskThread-/0.0.0.0:15269-0 ] INFO  volume.ThrottledAsyncChecker (ThrottledAsyncChecker.java:schedule(141)) - Scheduling a check for /home/runner/work/ozone/ozone/hadoop-ozone/integration-test/target/test-dir/MiniOzoneClusterImpl-f82f7a4c-b7ce-4bc7-bddc-b4ce9d407ba8/ozone-meta/datanode-5/data-0/hdds
2024-04-25 19:26:01,332 [c059e8ba-a531-47a3-a497-45c8f0b0c72e-EndpointStateMachineTaskThread-/0.0.0.0:15269-0 ] INFO  volume.StorageVolumeChecker (StorageVolumeChecker.java:checkAllVolumes(218)) - Scheduled health check for volume /home/runner/work/ozone/ozone/hadoop-ozone/integration-test/target/test-dir/MiniOzoneClusterImpl-f82f7a4c-b7ce-4bc7-bddc-b4ce9d407ba8/ozone-meta/datanode-5/data-0/hdds
2024-04-25 19:26:01,333 [c059e8ba-a531-47a3-a497-45c8f0b0c72e-EndpointStateMachineTaskThread-/0.0.0.0:15269-0 ] INFO  volume.ThrottledAsyncChecker (ThrottledAsyncChecker.java:schedule(141)) - Scheduling a check for /home/runner/work/ozone/ozone/hadoop-ozone/integration-test/target/test-dir/MiniOzoneClusterImpl-f82f7a4c-b7ce-4bc7-bddc-b4ce9d407ba8/ozone-meta/datanode-5/ratis
2024-04-25 19:26:01,333 [c059e8ba-a531-47a3-a497-45c8f0b0c72e-EndpointStateMachineTaskThread-/0.0.0.0:15269-0 ] INFO  volume.StorageVolumeChecker (StorageVolumeChecker.java:checkAllVolumes(218)) - Scheduled health check for volume /home/runner/work/ozone/ozone/hadoop-ozone/integration-test/target/test-dir/MiniOzoneClusterImpl-f82f7a4c-b7ce-4bc7-bddc-b4ce9d407ba8/ozone-meta/datanode-5/ratis
2024-04-25 19:26:01,334 [c059e8ba-a531-47a3-a497-45c8f0b0c72e-EndpointStateMachineTaskThread-/0.0.0.0:15269-0 ] INFO  ozoneimpl.OzoneContainer (OzoneContainer.java:start(459)) - Attempting to start container services.
2024-04-25 19:26:01,334 [c059e8ba-a531-47a3-a497-45c8f0b0c72e-EndpointStateMachineTaskThread-/0.0.0.0:15269-0 ] WARN  ozoneimpl.OnDemandContainerDataScanner (OnDemandContainerDataScanner.java:init(75)) - Trying to initialize on demand scanner a second time on a datanode.
2024-04-25 19:26:01,335 [ContainerMetadataScanner] INFO  ozoneimpl.AbstractBackgroundContainerScanner (AbstractBackgroundContainerScanner.java:runIteration(87)) - Completed an iteration in 0 minutes. Number of iterations (since the data-node restart) : 1, Number of containers scanned in this iteration : 0, Number of unhealthy containers found in this iteration : 0
2024-04-25 19:26:01,335 [ContainerDataScanner(/home/runner/work/ozone/ozone/hadoop-ozone/integration-test/target/test-dir/MiniOzoneClusterImpl-f82f7a4c-b7ce-4bc7-bddc-b4ce9d407ba8/ozone-meta/datanode-5/data-0/hdds)] INFO  ozoneimpl.AbstractBackgroundContainerScanner (AbstractBackgroundContainerScanner.java:runIteration(87)) - Completed an iteration in 0 minutes. Number of iterations (since the data-node restart) : 1, Number of containers scanned in this iteration : 0, Number of unhealthy containers found in this iteration : 0
2024-04-25 19:26:01,335 [c059e8ba-a531-47a3-a497-45c8f0b0c72e-EndpointStateMachineTaskThread-/0.0.0.0:15269-0 ] INFO  replication.ReplicationServer (ReplicationServer.java:start(142)) - ReplicationServer is started using port 15319
2024-04-25 19:26:01,335 [c059e8ba-a531-47a3-a497-45c8f0b0c72e-EndpointStateMachineTaskThread-/0.0.0.0:15269-0 ] INFO  ratis.XceiverServerRatis (XceiverServerRatis.java:start(566)) - Starting XceiverServerRatis c059e8ba-a531-47a3-a497-45c8f0b0c72e
2024-04-25 19:26:01,336 [c059e8ba-a531-47a3-a497-45c8f0b0c72e-EndpointStateMachineTaskThread-/0.0.0.0:15269-0 ] INFO  server.RaftServer (RaftServerProxy.java:startImpl(406)) - c059e8ba-a531-47a3-a497-45c8f0b0c72e: start RPC server
2024-04-25 19:26:01,336 [c059e8ba-a531-47a3-a497-45c8f0b0c72e-EndpointStateMachineTaskThread-/0.0.0.0:15269-0 ] INFO  server.GrpcService (GrpcService.java:startImpl(302)) - c059e8ba-a531-47a3-a497-45c8f0b0c72e: GrpcService started, listening on 15315
2024-04-25 19:26:01,336 [c059e8ba-a531-47a3-a497-45c8f0b0c72e-EndpointStateMachineTaskThread-/0.0.0.0:15269-0 ] INFO  server.GrpcService (GrpcService.java:startImpl(302)) - c059e8ba-a531-47a3-a497-45c8f0b0c72e: GrpcService started, listening on 15317
2024-04-25 19:26:01,336 [c059e8ba-a531-47a3-a497-45c8f0b0c72e-EndpointStateMachineTaskThread-/0.0.0.0:15269-0 ] INFO  server.GrpcService (GrpcService.java:startImpl(302)) - c059e8ba-a531-47a3-a497-45c8f0b0c72e: GrpcService started, listening on 15316
2024-04-25 19:26:01,336 [c059e8ba-a531-47a3-a497-45c8f0b0c72e-EndpointStateMachineTaskThread-/0.0.0.0:15269-0 ] INFO  ratis.XceiverServerRatis (XceiverServerRatis.java:getRealPort(592)) - XceiverServerRatis c059e8ba-a531-47a3-a497-45c8f0b0c72e is started using port 15315 for RATIS
2024-04-25 19:26:01,336 [c059e8ba-a531-47a3-a497-45c8f0b0c72e-EndpointStateMachineTaskThread-/0.0.0.0:15269-0 ] INFO  ratis.XceiverServerRatis (XceiverServerRatis.java:getRealPort(592)) - XceiverServerRatis c059e8ba-a531-47a3-a497-45c8f0b0c72e is started using port 15316 for RATIS_ADMIN
2024-04-25 19:26:01,337 [c059e8ba-a531-47a3-a497-45c8f0b0c72e-EndpointStateMachineTaskThread-/0.0.0.0:15269-0 ] INFO  ratis.XceiverServerRatis (XceiverServerRatis.java:getRealPort(592)) - XceiverServerRatis c059e8ba-a531-47a3-a497-45c8f0b0c72e is started using port 15317 for RATIS_SERVER
2024-04-25 19:26:01,337 [c059e8ba-a531-47a3-a497-45c8f0b0c72e-EndpointStateMachineTaskThread-/0.0.0.0:15269-0 ] INFO  ratis.XceiverServerRatis (XceiverServerRatis.java:getRealPort(592)) - XceiverServerRatis c059e8ba-a531-47a3-a497-45c8f0b0c72e is started using port 15318 for RATIS_DATASTREAM
2024-04-25 19:26:01,336 [JvmPauseMonitor39] INFO  util.JvmPauseMonitor (JvmPauseMonitor.java:run(146)) - JvmPauseMonitor-c059e8ba-a531-47a3-a497-45c8f0b0c72e: Started
2024-04-25 19:26:01,338 [c059e8ba-a531-47a3-a497-45c8f0b0c72e-BlockDeletingService#0] INFO  interfaces.ContainerDeletionChoosingPolicyTemplate (ContainerDeletionChoosingPolicyTemplate.java:chooseContainerForBlockDeletion(85)) - Chosen 0/5000 blocks from 0 candidate containers.
2024-04-25 19:26:01,380 [020943f0-ab7d-43b4-aa7e-bd0cde918a3e-EndpointStateMachineTaskThread-/0.0.0.0:15269-0 ] INFO  utils.DatanodeStoreCache (DatanodeStoreCache.java:addDB(72)) - Added db /home/runner/work/ozone/ozone/hadoop-ozone/integration-test/target/test-dir/MiniOzoneClusterImpl-f82f7a4c-b7ce-4bc7-bddc-b4ce9d407ba8/ozone-meta/datanode-6/data-0/hdds/f82f7a4c-b7ce-4bc7-bddc-b4ce9d407ba8/DS-22b00d7a-7303-4f54-8844-78969491cb16/container.db to cache
2024-04-25 19:26:01,380 [020943f0-ab7d-43b4-aa7e-bd0cde918a3e-EndpointStateMachineTaskThread-/0.0.0.0:15269-0 ] INFO  volume.HddsVolume (HddsVolume.java:createDbStore(437)) - SchemaV3 db is created and loaded at /home/runner/work/ozone/ozone/hadoop-ozone/integration-test/target/test-dir/MiniOzoneClusterImpl-f82f7a4c-b7ce-4bc7-bddc-b4ce9d407ba8/ozone-meta/datanode-6/data-0/hdds/f82f7a4c-b7ce-4bc7-bddc-b4ce9d407ba8/DS-22b00d7a-7303-4f54-8844-78969491cb16/container.db for volume DS-22b00d7a-7303-4f54-8844-78969491cb16
2024-04-25 19:26:01,382 [020943f0-ab7d-43b4-aa7e-bd0cde918a3e-ContainerReader-0] INFO  ozoneimpl.ContainerReader (ContainerReader.java:readVolume(148)) - Start to verify containers on volume /home/runner/work/ozone/ozone/hadoop-ozone/integration-test/target/test-dir/MiniOzoneClusterImpl-f82f7a4c-b7ce-4bc7-bddc-b4ce9d407ba8/ozone-meta/datanode-6/data-0/hdds
2024-04-25 19:26:01,382 [020943f0-ab7d-43b4-aa7e-bd0cde918a3e-ContainerReader-0] INFO  ozoneimpl.ContainerReader (ContainerReader.java:readVolume(178)) - Finish verifying containers on volume /home/runner/work/ozone/ozone/hadoop-ozone/integration-test/target/test-dir/MiniOzoneClusterImpl-f82f7a4c-b7ce-4bc7-bddc-b4ce9d407ba8/ozone-meta/datanode-6/data-0/hdds
2024-04-25 19:26:01,382 [020943f0-ab7d-43b4-aa7e-bd0cde918a3e-EndpointStateMachineTaskThread-/0.0.0.0:15269-0 ] INFO  ozoneimpl.OzoneContainer (OzoneContainer.java:buildContainerSet(328)) - Build ContainerSet costs 0s
2024-04-25 19:26:01,383 [020943f0-ab7d-43b4-aa7e-bd0cde918a3e-EndpointStateMachineTaskThread-/0.0.0.0:15269-0 ] INFO  volume.ThrottledAsyncChecker (ThrottledAsyncChecker.java:schedule(141)) - Scheduling a check for /home/runner/work/ozone/ozone/hadoop-ozone/integration-test/target/test-dir/MiniOzoneClusterImpl-f82f7a4c-b7ce-4bc7-bddc-b4ce9d407ba8/ozone-meta/datanode-6/data-0/hdds
2024-04-25 19:26:01,383 [020943f0-ab7d-43b4-aa7e-bd0cde918a3e-EndpointStateMachineTaskThread-/0.0.0.0:15269-0 ] INFO  volume.StorageVolumeChecker (StorageVolumeChecker.java:checkAllVolumes(218)) - Scheduled health check for volume /home/runner/work/ozone/ozone/hadoop-ozone/integration-test/target/test-dir/MiniOzoneClusterImpl-f82f7a4c-b7ce-4bc7-bddc-b4ce9d407ba8/ozone-meta/datanode-6/data-0/hdds
2024-04-25 19:26:01,384 [020943f0-ab7d-43b4-aa7e-bd0cde918a3e-EndpointStateMachineTaskThread-/0.0.0.0:15269-0 ] INFO  volume.ThrottledAsyncChecker (ThrottledAsyncChecker.java:schedule(141)) - Scheduling a check for /home/runner/work/ozone/ozone/hadoop-ozone/integration-test/target/test-dir/MiniOzoneClusterImpl-f82f7a4c-b7ce-4bc7-bddc-b4ce9d407ba8/ozone-meta/datanode-6/ratis
2024-04-25 19:26:01,384 [020943f0-ab7d-43b4-aa7e-bd0cde918a3e-EndpointStateMachineTaskThread-/0.0.0.0:15269-0 ] INFO  volume.StorageVolumeChecker (StorageVolumeChecker.java:checkAllVolumes(218)) - Scheduled health check for volume /home/runner/work/ozone/ozone/hadoop-ozone/integration-test/target/test-dir/MiniOzoneClusterImpl-f82f7a4c-b7ce-4bc7-bddc-b4ce9d407ba8/ozone-meta/datanode-6/ratis
2024-04-25 19:26:01,385 [020943f0-ab7d-43b4-aa7e-bd0cde918a3e-EndpointStateMachineTaskThread-/0.0.0.0:15269-0 ] INFO  ozoneimpl.OzoneContainer (OzoneContainer.java:start(459)) - Attempting to start container services.
2024-04-25 19:26:01,385 [020943f0-ab7d-43b4-aa7e-bd0cde918a3e-EndpointStateMachineTaskThread-/0.0.0.0:15269-0 ] WARN  ozoneimpl.OnDemandContainerDataScanner (OnDemandContainerDataScanner.java:init(75)) - Trying to initialize on demand scanner a second time on a datanode.
2024-04-25 19:26:01,385 [ContainerMetadataScanner] INFO  ozoneimpl.AbstractBackgroundContainerScanner (AbstractBackgroundContainerScanner.java:runIteration(87)) - Completed an iteration in 0 minutes. Number of iterations (since the data-node restart) : 1, Number of containers scanned in this iteration : 0, Number of unhealthy containers found in this iteration : 0
2024-04-25 19:26:01,385 [ContainerDataScanner(/home/runner/work/ozone/ozone/hadoop-ozone/integration-test/target/test-dir/MiniOzoneClusterImpl-f82f7a4c-b7ce-4bc7-bddc-b4ce9d407ba8/ozone-meta/datanode-6/data-0/hdds)] INFO  ozoneimpl.AbstractBackgroundContainerScanner (AbstractBackgroundContainerScanner.java:runIteration(87)) - Completed an iteration in 0 minutes. Number of iterations (since the data-node restart) : 1, Number of containers scanned in this iteration : 0, Number of unhealthy containers found in this iteration : 0
2024-04-25 19:26:01,385 [020943f0-ab7d-43b4-aa7e-bd0cde918a3e-EndpointStateMachineTaskThread-/0.0.0.0:15269-0 ] INFO  replication.ReplicationServer (ReplicationServer.java:start(142)) - ReplicationServer is started using port 15328
2024-04-25 19:26:01,385 [020943f0-ab7d-43b4-aa7e-bd0cde918a3e-EndpointStateMachineTaskThread-/0.0.0.0:15269-0 ] INFO  ratis.XceiverServerRatis (XceiverServerRatis.java:start(566)) - Starting XceiverServerRatis 020943f0-ab7d-43b4-aa7e-bd0cde918a3e
2024-04-25 19:26:01,386 [020943f0-ab7d-43b4-aa7e-bd0cde918a3e-EndpointStateMachineTaskThread-/0.0.0.0:15269-0 ] INFO  server.RaftServer (RaftServerProxy.java:startImpl(406)) - 020943f0-ab7d-43b4-aa7e-bd0cde918a3e: start RPC server
2024-04-25 19:26:01,386 [020943f0-ab7d-43b4-aa7e-bd0cde918a3e-EndpointStateMachineTaskThread-/0.0.0.0:15269-0 ] INFO  server.GrpcService (GrpcService.java:startImpl(302)) - 020943f0-ab7d-43b4-aa7e-bd0cde918a3e: GrpcService started, listening on 15324
2024-04-25 19:26:01,386 [020943f0-ab7d-43b4-aa7e-bd0cde918a3e-EndpointStateMachineTaskThread-/0.0.0.0:15269-0 ] INFO  server.GrpcService (GrpcService.java:startImpl(302)) - 020943f0-ab7d-43b4-aa7e-bd0cde918a3e: GrpcService started, listening on 15326
2024-04-25 19:26:01,387 [020943f0-ab7d-43b4-aa7e-bd0cde918a3e-EndpointStateMachineTaskThread-/0.0.0.0:15269-0 ] INFO  server.GrpcService (GrpcService.java:startImpl(302)) - 020943f0-ab7d-43b4-aa7e-bd0cde918a3e: GrpcService started, listening on 15325
2024-04-25 19:26:01,387 [020943f0-ab7d-43b4-aa7e-bd0cde918a3e-EndpointStateMachineTaskThread-/0.0.0.0:15269-0 ] INFO  ratis.XceiverServerRatis (XceiverServerRatis.java:getRealPort(592)) - XceiverServerRatis 020943f0-ab7d-43b4-aa7e-bd0cde918a3e is started using port 15324 for RATIS
2024-04-25 19:26:01,387 [JvmPauseMonitor40] INFO  util.JvmPauseMonitor (JvmPauseMonitor.java:run(146)) - JvmPauseMonitor-020943f0-ab7d-43b4-aa7e-bd0cde918a3e: Started
2024-04-25 19:26:01,387 [020943f0-ab7d-43b4-aa7e-bd0cde918a3e-EndpointStateMachineTaskThread-/0.0.0.0:15269-0 ] INFO  ratis.XceiverServerRatis (XceiverServerRatis.java:getRealPort(592)) - XceiverServerRatis 020943f0-ab7d-43b4-aa7e-bd0cde918a3e is started using port 15325 for RATIS_ADMIN
2024-04-25 19:26:01,387 [020943f0-ab7d-43b4-aa7e-bd0cde918a3e-EndpointStateMachineTaskThread-/0.0.0.0:15269-0 ] INFO  ratis.XceiverServerRatis (XceiverServerRatis.java:getRealPort(592)) - XceiverServerRatis 020943f0-ab7d-43b4-aa7e-bd0cde918a3e is started using port 15326 for RATIS_SERVER
2024-04-25 19:26:01,387 [020943f0-ab7d-43b4-aa7e-bd0cde918a3e-EndpointStateMachineTaskThread-/0.0.0.0:15269-0 ] INFO  ratis.XceiverServerRatis (XceiverServerRatis.java:getRealPort(592)) - XceiverServerRatis 020943f0-ab7d-43b4-aa7e-bd0cde918a3e is started using port 15327 for RATIS_DATASTREAM
2024-04-25 19:26:01,388 [020943f0-ab7d-43b4-aa7e-bd0cde918a3e-BlockDeletingService#0] INFO  interfaces.ContainerDeletionChoosingPolicyTemplate (ContainerDeletionChoosingPolicyTemplate.java:chooseContainerForBlockDeletion(85)) - Chosen 0/5000 blocks from 0 candidate containers.
2024-04-25 19:26:01,446 [9b9c1a32-defd-4a85-ab56-32b7a12f6bf5-EndpointStateMachineTaskThread-/0.0.0.0:15269-0 ] INFO  utils.DatanodeStoreCache (DatanodeStoreCache.java:addDB(72)) - Added db /home/runner/work/ozone/ozone/hadoop-ozone/integration-test/target/test-dir/MiniOzoneClusterImpl-f82f7a4c-b7ce-4bc7-bddc-b4ce9d407ba8/ozone-meta/datanode-7/data-0/hdds/f82f7a4c-b7ce-4bc7-bddc-b4ce9d407ba8/DS-21339e86-6d57-4e25-bf79-109907f94477/container.db to cache
2024-04-25 19:26:01,446 [9b9c1a32-defd-4a85-ab56-32b7a12f6bf5-EndpointStateMachineTaskThread-/0.0.0.0:15269-0 ] INFO  volume.HddsVolume (HddsVolume.java:createDbStore(437)) - SchemaV3 db is created and loaded at /home/runner/work/ozone/ozone/hadoop-ozone/integration-test/target/test-dir/MiniOzoneClusterImpl-f82f7a4c-b7ce-4bc7-bddc-b4ce9d407ba8/ozone-meta/datanode-7/data-0/hdds/f82f7a4c-b7ce-4bc7-bddc-b4ce9d407ba8/DS-21339e86-6d57-4e25-bf79-109907f94477/container.db for volume DS-21339e86-6d57-4e25-bf79-109907f94477
2024-04-25 19:26:01,448 [9b9c1a32-defd-4a85-ab56-32b7a12f6bf5-ContainerReader-0] INFO  ozoneimpl.ContainerReader (ContainerReader.java:readVolume(148)) - Start to verify containers on volume /home/runner/work/ozone/ozone/hadoop-ozone/integration-test/target/test-dir/MiniOzoneClusterImpl-f82f7a4c-b7ce-4bc7-bddc-b4ce9d407ba8/ozone-meta/datanode-7/data-0/hdds
2024-04-25 19:26:01,448 [9b9c1a32-defd-4a85-ab56-32b7a12f6bf5-ContainerReader-0] INFO  ozoneimpl.ContainerReader (ContainerReader.java:readVolume(178)) - Finish verifying containers on volume /home/runner/work/ozone/ozone/hadoop-ozone/integration-test/target/test-dir/MiniOzoneClusterImpl-f82f7a4c-b7ce-4bc7-bddc-b4ce9d407ba8/ozone-meta/datanode-7/data-0/hdds
2024-04-25 19:26:01,448 [9b9c1a32-defd-4a85-ab56-32b7a12f6bf5-EndpointStateMachineTaskThread-/0.0.0.0:15269-0 ] INFO  ozoneimpl.OzoneContainer (OzoneContainer.java:buildContainerSet(328)) - Build ContainerSet costs 0s
2024-04-25 19:26:01,449 [9b9c1a32-defd-4a85-ab56-32b7a12f6bf5-EndpointStateMachineTaskThread-/0.0.0.0:15269-0 ] INFO  volume.ThrottledAsyncChecker (ThrottledAsyncChecker.java:schedule(141)) - Scheduling a check for /home/runner/work/ozone/ozone/hadoop-ozone/integration-test/target/test-dir/MiniOzoneClusterImpl-f82f7a4c-b7ce-4bc7-bddc-b4ce9d407ba8/ozone-meta/datanode-7/data-0/hdds
2024-04-25 19:26:01,449 [9b9c1a32-defd-4a85-ab56-32b7a12f6bf5-EndpointStateMachineTaskThread-/0.0.0.0:15269-0 ] INFO  volume.StorageVolumeChecker (StorageVolumeChecker.java:checkAllVolumes(218)) - Scheduled health check for volume /home/runner/work/ozone/ozone/hadoop-ozone/integration-test/target/test-dir/MiniOzoneClusterImpl-f82f7a4c-b7ce-4bc7-bddc-b4ce9d407ba8/ozone-meta/datanode-7/data-0/hdds
2024-04-25 19:26:01,450 [9b9c1a32-defd-4a85-ab56-32b7a12f6bf5-EndpointStateMachineTaskThread-/0.0.0.0:15269-0 ] INFO  volume.ThrottledAsyncChecker (ThrottledAsyncChecker.java:schedule(141)) - Scheduling a check for /home/runner/work/ozone/ozone/hadoop-ozone/integration-test/target/test-dir/MiniOzoneClusterImpl-f82f7a4c-b7ce-4bc7-bddc-b4ce9d407ba8/ozone-meta/datanode-7/ratis
2024-04-25 19:26:01,450 [9b9c1a32-defd-4a85-ab56-32b7a12f6bf5-EndpointStateMachineTaskThread-/0.0.0.0:15269-0 ] INFO  volume.StorageVolumeChecker (StorageVolumeChecker.java:checkAllVolumes(218)) - Scheduled health check for volume /home/runner/work/ozone/ozone/hadoop-ozone/integration-test/target/test-dir/MiniOzoneClusterImpl-f82f7a4c-b7ce-4bc7-bddc-b4ce9d407ba8/ozone-meta/datanode-7/ratis
2024-04-25 19:26:01,450 [9b9c1a32-defd-4a85-ab56-32b7a12f6bf5-EndpointStateMachineTaskThread-/0.0.0.0:15269-0 ] INFO  ozoneimpl.OzoneContainer (OzoneContainer.java:start(459)) - Attempting to start container services.
2024-04-25 19:26:01,451 [9b9c1a32-defd-4a85-ab56-32b7a12f6bf5-EndpointStateMachineTaskThread-/0.0.0.0:15269-0 ] WARN  ozoneimpl.OnDemandContainerDataScanner (OnDemandContainerDataScanner.java:init(75)) - Trying to initialize on demand scanner a second time on a datanode.
2024-04-25 19:26:01,451 [ContainerMetadataScanner] INFO  ozoneimpl.AbstractBackgroundContainerScanner (AbstractBackgroundContainerScanner.java:runIteration(87)) - Completed an iteration in 0 minutes. Number of iterations (since the data-node restart) : 1, Number of containers scanned in this iteration : 0, Number of unhealthy containers found in this iteration : 0
2024-04-25 19:26:01,451 [ContainerDataScanner(/home/runner/work/ozone/ozone/hadoop-ozone/integration-test/target/test-dir/MiniOzoneClusterImpl-f82f7a4c-b7ce-4bc7-bddc-b4ce9d407ba8/ozone-meta/datanode-7/data-0/hdds)] INFO  ozoneimpl.AbstractBackgroundContainerScanner (AbstractBackgroundContainerScanner.java:runIteration(87)) - Completed an iteration in 0 minutes. Number of iterations (since the data-node restart) : 1, Number of containers scanned in this iteration : 0, Number of unhealthy containers found in this iteration : 0
2024-04-25 19:26:01,451 [9b9c1a32-defd-4a85-ab56-32b7a12f6bf5-EndpointStateMachineTaskThread-/0.0.0.0:15269-0 ] INFO  replication.ReplicationServer (ReplicationServer.java:start(142)) - ReplicationServer is started using port 15337
2024-04-25 19:26:01,451 [9b9c1a32-defd-4a85-ab56-32b7a12f6bf5-EndpointStateMachineTaskThread-/0.0.0.0:15269-0 ] INFO  ratis.XceiverServerRatis (XceiverServerRatis.java:start(566)) - Starting XceiverServerRatis 9b9c1a32-defd-4a85-ab56-32b7a12f6bf5
2024-04-25 19:26:01,452 [9b9c1a32-defd-4a85-ab56-32b7a12f6bf5-EndpointStateMachineTaskThread-/0.0.0.0:15269-0 ] INFO  server.RaftServer (RaftServerProxy.java:startImpl(406)) - 9b9c1a32-defd-4a85-ab56-32b7a12f6bf5: start RPC server
2024-04-25 19:26:01,452 [9b9c1a32-defd-4a85-ab56-32b7a12f6bf5-EndpointStateMachineTaskThread-/0.0.0.0:15269-0 ] INFO  server.GrpcService (GrpcService.java:startImpl(302)) - 9b9c1a32-defd-4a85-ab56-32b7a12f6bf5: GrpcService started, listening on 15333
2024-04-25 19:26:01,453 [9b9c1a32-defd-4a85-ab56-32b7a12f6bf5-EndpointStateMachineTaskThread-/0.0.0.0:15269-0 ] INFO  server.GrpcService (GrpcService.java:startImpl(302)) - 9b9c1a32-defd-4a85-ab56-32b7a12f6bf5: GrpcService started, listening on 15335
2024-04-25 19:26:01,453 [9b9c1a32-defd-4a85-ab56-32b7a12f6bf5-EndpointStateMachineTaskThread-/0.0.0.0:15269-0 ] INFO  server.GrpcService (GrpcService.java:startImpl(302)) - 9b9c1a32-defd-4a85-ab56-32b7a12f6bf5: GrpcService started, listening on 15334
2024-04-25 19:26:01,453 [9b9c1a32-defd-4a85-ab56-32b7a12f6bf5-EndpointStateMachineTaskThread-/0.0.0.0:15269-0 ] INFO  ratis.XceiverServerRatis (XceiverServerRatis.java:getRealPort(592)) - XceiverServerRatis 9b9c1a32-defd-4a85-ab56-32b7a12f6bf5 is started using port 15333 for RATIS
2024-04-25 19:26:01,453 [9b9c1a32-defd-4a85-ab56-32b7a12f6bf5-EndpointStateMachineTaskThread-/0.0.0.0:15269-0 ] INFO  ratis.XceiverServerRatis (XceiverServerRatis.java:getRealPort(592)) - XceiverServerRatis 9b9c1a32-defd-4a85-ab56-32b7a12f6bf5 is started using port 15334 for RATIS_ADMIN
2024-04-25 19:26:01,453 [9b9c1a32-defd-4a85-ab56-32b7a12f6bf5-EndpointStateMachineTaskThread-/0.0.0.0:15269-0 ] INFO  ratis.XceiverServerRatis (XceiverServerRatis.java:getRealPort(592)) - XceiverServerRatis 9b9c1a32-defd-4a85-ab56-32b7a12f6bf5 is started using port 15335 for RATIS_SERVER
2024-04-25 19:26:01,453 [9b9c1a32-defd-4a85-ab56-32b7a12f6bf5-EndpointStateMachineTaskThread-/0.0.0.0:15269-0 ] INFO  ratis.XceiverServerRatis (XceiverServerRatis.java:getRealPort(592)) - XceiverServerRatis 9b9c1a32-defd-4a85-ab56-32b7a12f6bf5 is started using port 15336 for RATIS_DATASTREAM
2024-04-25 19:26:01,453 [JvmPauseMonitor41] INFO  util.JvmPauseMonitor (JvmPauseMonitor.java:run(146)) - JvmPauseMonitor-9b9c1a32-defd-4a85-ab56-32b7a12f6bf5: Started
2024-04-25 19:26:01,454 [9b9c1a32-defd-4a85-ab56-32b7a12f6bf5-BlockDeletingService#0] INFO  interfaces.ContainerDeletionChoosingPolicyTemplate (ContainerDeletionChoosingPolicyTemplate.java:chooseContainerForBlockDeletion(85)) - Chosen 0/5000 blocks from 0 candidate containers.
2024-04-25 19:26:01,493 [485a0214-1e55-4d9f-9e33-2b2fc5076c56-EndpointStateMachineTaskThread-/0.0.0.0:15269-0 ] INFO  utils.DatanodeStoreCache (DatanodeStoreCache.java:addDB(72)) - Added db /home/runner/work/ozone/ozone/hadoop-ozone/integration-test/target/test-dir/MiniOzoneClusterImpl-f82f7a4c-b7ce-4bc7-bddc-b4ce9d407ba8/ozone-meta/datanode-8/data-0/hdds/f82f7a4c-b7ce-4bc7-bddc-b4ce9d407ba8/DS-437815d9-d3da-4d28-a220-8e1fc7fc7ff8/container.db to cache
2024-04-25 19:26:01,493 [485a0214-1e55-4d9f-9e33-2b2fc5076c56-EndpointStateMachineTaskThread-/0.0.0.0:15269-0 ] INFO  volume.HddsVolume (HddsVolume.java:createDbStore(437)) - SchemaV3 db is created and loaded at /home/runner/work/ozone/ozone/hadoop-ozone/integration-test/target/test-dir/MiniOzoneClusterImpl-f82f7a4c-b7ce-4bc7-bddc-b4ce9d407ba8/ozone-meta/datanode-8/data-0/hdds/f82f7a4c-b7ce-4bc7-bddc-b4ce9d407ba8/DS-437815d9-d3da-4d28-a220-8e1fc7fc7ff8/container.db for volume DS-437815d9-d3da-4d28-a220-8e1fc7fc7ff8
2024-04-25 19:26:01,494 [485a0214-1e55-4d9f-9e33-2b2fc5076c56-ContainerReader-0] INFO  ozoneimpl.ContainerReader (ContainerReader.java:readVolume(148)) - Start to verify containers on volume /home/runner/work/ozone/ozone/hadoop-ozone/integration-test/target/test-dir/MiniOzoneClusterImpl-f82f7a4c-b7ce-4bc7-bddc-b4ce9d407ba8/ozone-meta/datanode-8/data-0/hdds
2024-04-25 19:26:01,494 [485a0214-1e55-4d9f-9e33-2b2fc5076c56-ContainerReader-0] INFO  ozoneimpl.ContainerReader (ContainerReader.java:readVolume(178)) - Finish verifying containers on volume /home/runner/work/ozone/ozone/hadoop-ozone/integration-test/target/test-dir/MiniOzoneClusterImpl-f82f7a4c-b7ce-4bc7-bddc-b4ce9d407ba8/ozone-meta/datanode-8/data-0/hdds
2024-04-25 19:26:01,495 [485a0214-1e55-4d9f-9e33-2b2fc5076c56-EndpointStateMachineTaskThread-/0.0.0.0:15269-0 ] INFO  ozoneimpl.OzoneContainer (OzoneContainer.java:buildContainerSet(328)) - Build ContainerSet costs 0s
2024-04-25 19:26:01,495 [485a0214-1e55-4d9f-9e33-2b2fc5076c56-EndpointStateMachineTaskThread-/0.0.0.0:15269-0 ] INFO  volume.ThrottledAsyncChecker (ThrottledAsyncChecker.java:schedule(141)) - Scheduling a check for /home/runner/work/ozone/ozone/hadoop-ozone/integration-test/target/test-dir/MiniOzoneClusterImpl-f82f7a4c-b7ce-4bc7-bddc-b4ce9d407ba8/ozone-meta/datanode-8/data-0/hdds
2024-04-25 19:26:01,495 [485a0214-1e55-4d9f-9e33-2b2fc5076c56-EndpointStateMachineTaskThread-/0.0.0.0:15269-0 ] INFO  volume.StorageVolumeChecker (StorageVolumeChecker.java:checkAllVolumes(218)) - Scheduled health check for volume /home/runner/work/ozone/ozone/hadoop-ozone/integration-test/target/test-dir/MiniOzoneClusterImpl-f82f7a4c-b7ce-4bc7-bddc-b4ce9d407ba8/ozone-meta/datanode-8/data-0/hdds
2024-04-25 19:26:01,496 [485a0214-1e55-4d9f-9e33-2b2fc5076c56-EndpointStateMachineTaskThread-/0.0.0.0:15269-0 ] INFO  volume.ThrottledAsyncChecker (ThrottledAsyncChecker.java:schedule(141)) - Scheduling a check for /home/runner/work/ozone/ozone/hadoop-ozone/integration-test/target/test-dir/MiniOzoneClusterImpl-f82f7a4c-b7ce-4bc7-bddc-b4ce9d407ba8/ozone-meta/datanode-8/ratis
2024-04-25 19:26:01,496 [485a0214-1e55-4d9f-9e33-2b2fc5076c56-EndpointStateMachineTaskThread-/0.0.0.0:15269-0 ] INFO  volume.StorageVolumeChecker (StorageVolumeChecker.java:checkAllVolumes(218)) - Scheduled health check for volume /home/runner/work/ozone/ozone/hadoop-ozone/integration-test/target/test-dir/MiniOzoneClusterImpl-f82f7a4c-b7ce-4bc7-bddc-b4ce9d407ba8/ozone-meta/datanode-8/ratis
2024-04-25 19:26:01,497 [485a0214-1e55-4d9f-9e33-2b2fc5076c56-EndpointStateMachineTaskThread-/0.0.0.0:15269-0 ] INFO  ozoneimpl.OzoneContainer (OzoneContainer.java:start(459)) - Attempting to start container services.
2024-04-25 19:26:01,497 [485a0214-1e55-4d9f-9e33-2b2fc5076c56-EndpointStateMachineTaskThread-/0.0.0.0:15269-0 ] WARN  ozoneimpl.OnDemandContainerDataScanner (OnDemandContainerDataScanner.java:init(75)) - Trying to initialize on demand scanner a second time on a datanode.
2024-04-25 19:26:01,497 [ContainerMetadataScanner] INFO  ozoneimpl.AbstractBackgroundContainerScanner (AbstractBackgroundContainerScanner.java:runIteration(87)) - Completed an iteration in 0 minutes. Number of iterations (since the data-node restart) : 1, Number of containers scanned in this iteration : 0, Number of unhealthy containers found in this iteration : 0
2024-04-25 19:26:01,497 [ContainerDataScanner(/home/runner/work/ozone/ozone/hadoop-ozone/integration-test/target/test-dir/MiniOzoneClusterImpl-f82f7a4c-b7ce-4bc7-bddc-b4ce9d407ba8/ozone-meta/datanode-8/data-0/hdds)] INFO  ozoneimpl.AbstractBackgroundContainerScanner (AbstractBackgroundContainerScanner.java:runIteration(87)) - Completed an iteration in 0 minutes. Number of iterations (since the data-node restart) : 1, Number of containers scanned in this iteration : 0, Number of unhealthy containers found in this iteration : 0
2024-04-25 19:26:01,498 [485a0214-1e55-4d9f-9e33-2b2fc5076c56-EndpointStateMachineTaskThread-/0.0.0.0:15269-0 ] INFO  replication.ReplicationServer (ReplicationServer.java:start(142)) - ReplicationServer is started using port 15346
2024-04-25 19:26:01,498 [485a0214-1e55-4d9f-9e33-2b2fc5076c56-EndpointStateMachineTaskThread-/0.0.0.0:15269-0 ] INFO  ratis.XceiverServerRatis (XceiverServerRatis.java:start(566)) - Starting XceiverServerRatis 485a0214-1e55-4d9f-9e33-2b2fc5076c56
2024-04-25 19:26:01,498 [485a0214-1e55-4d9f-9e33-2b2fc5076c56-EndpointStateMachineTaskThread-/0.0.0.0:15269-0 ] INFO  server.RaftServer (RaftServerProxy.java:startImpl(406)) - 485a0214-1e55-4d9f-9e33-2b2fc5076c56: start RPC server
2024-04-25 19:26:01,499 [485a0214-1e55-4d9f-9e33-2b2fc5076c56-EndpointStateMachineTaskThread-/0.0.0.0:15269-0 ] INFO  server.GrpcService (GrpcService.java:startImpl(302)) - 485a0214-1e55-4d9f-9e33-2b2fc5076c56: GrpcService started, listening on 15342
2024-04-25 19:26:01,499 [485a0214-1e55-4d9f-9e33-2b2fc5076c56-EndpointStateMachineTaskThread-/0.0.0.0:15269-0 ] INFO  server.GrpcService (GrpcService.java:startImpl(302)) - 485a0214-1e55-4d9f-9e33-2b2fc5076c56: GrpcService started, listening on 15344
2024-04-25 19:26:01,499 [485a0214-1e55-4d9f-9e33-2b2fc5076c56-EndpointStateMachineTaskThread-/0.0.0.0:15269-0 ] INFO  server.GrpcService (GrpcService.java:startImpl(302)) - 485a0214-1e55-4d9f-9e33-2b2fc5076c56: GrpcService started, listening on 15343
2024-04-25 19:26:01,499 [485a0214-1e55-4d9f-9e33-2b2fc5076c56-EndpointStateMachineTaskThread-/0.0.0.0:15269-0 ] INFO  ratis.XceiverServerRatis (XceiverServerRatis.java:getRealPort(592)) - XceiverServerRatis 485a0214-1e55-4d9f-9e33-2b2fc5076c56 is started using port 15342 for RATIS
2024-04-25 19:26:01,499 [485a0214-1e55-4d9f-9e33-2b2fc5076c56-EndpointStateMachineTaskThread-/0.0.0.0:15269-0 ] INFO  ratis.XceiverServerRatis (XceiverServerRatis.java:getRealPort(592)) - XceiverServerRatis 485a0214-1e55-4d9f-9e33-2b2fc5076c56 is started using port 15343 for RATIS_ADMIN
2024-04-25 19:26:01,499 [485a0214-1e55-4d9f-9e33-2b2fc5076c56-EndpointStateMachineTaskThread-/0.0.0.0:15269-0 ] INFO  ratis.XceiverServerRatis (XceiverServerRatis.java:getRealPort(592)) - XceiverServerRatis 485a0214-1e55-4d9f-9e33-2b2fc5076c56 is started using port 15344 for RATIS_SERVER
2024-04-25 19:26:01,499 [485a0214-1e55-4d9f-9e33-2b2fc5076c56-EndpointStateMachineTaskThread-/0.0.0.0:15269-0 ] INFO  ratis.XceiverServerRatis (XceiverServerRatis.java:getRealPort(592)) - XceiverServerRatis 485a0214-1e55-4d9f-9e33-2b2fc5076c56 is started using port 15345 for RATIS_DATASTREAM
2024-04-25 19:26:01,499 [JvmPauseMonitor42] INFO  util.JvmPauseMonitor (JvmPauseMonitor.java:run(146)) - JvmPauseMonitor-485a0214-1e55-4d9f-9e33-2b2fc5076c56: Started
2024-04-25 19:26:01,500 [485a0214-1e55-4d9f-9e33-2b2fc5076c56-BlockDeletingService#0] INFO  interfaces.ContainerDeletionChoosingPolicyTemplate (ContainerDeletionChoosingPolicyTemplate.java:chooseContainerForBlockDeletion(85)) - Chosen 0/5000 blocks from 0 candidate containers.
2024-04-25 19:26:01,522 [main] INFO  ozone.MiniOzoneClusterImpl (MiniOzoneClusterImpl.java:lambda$waitForClusterToBeReady$0(194)) - Waiting for nodes to be ready. Got 0 of 9 DN Heartbeats.
2024-04-25 19:26:01,523 [main] INFO  ozone.MiniOzoneClusterImpl (MiniOzoneClusterImpl.java:lambda$waitForClusterToBeReady$0(197)) - Waiting for cluster to exit safe mode
2024-04-25 19:26:01,523 [main] INFO  ozone.MiniOzoneClusterImpl (MiniOzoneClusterImpl.java:lambda$waitForClusterToBeReady$0(199)) - SCM became leader
2024-04-25 19:26:01,541 [88efce4d-fc58-43a4-abfe-18a1167c7495-EndpointStateMachineTaskThread-/0.0.0.0:15269-0 ] INFO  utils.DatanodeStoreCache (DatanodeStoreCache.java:addDB(72)) - Added db /home/runner/work/ozone/ozone/hadoop-ozone/integration-test/target/test-dir/MiniOzoneClusterImpl-f82f7a4c-b7ce-4bc7-bddc-b4ce9d407ba8/ozone-meta/datanode-9/data-0/hdds/f82f7a4c-b7ce-4bc7-bddc-b4ce9d407ba8/DS-6985adc4-5c78-46be-95ff-e06fc6defb19/container.db to cache
2024-04-25 19:26:01,541 [88efce4d-fc58-43a4-abfe-18a1167c7495-EndpointStateMachineTaskThread-/0.0.0.0:15269-0 ] INFO  volume.HddsVolume (HddsVolume.java:createDbStore(437)) - SchemaV3 db is created and loaded at /home/runner/work/ozone/ozone/hadoop-ozone/integration-test/target/test-dir/MiniOzoneClusterImpl-f82f7a4c-b7ce-4bc7-bddc-b4ce9d407ba8/ozone-meta/datanode-9/data-0/hdds/f82f7a4c-b7ce-4bc7-bddc-b4ce9d407ba8/DS-6985adc4-5c78-46be-95ff-e06fc6defb19/container.db for volume DS-6985adc4-5c78-46be-95ff-e06fc6defb19
2024-04-25 19:26:01,543 [88efce4d-fc58-43a4-abfe-18a1167c7495-ContainerReader-0] INFO  ozoneimpl.ContainerReader (ContainerReader.java:readVolume(148)) - Start to verify containers on volume /home/runner/work/ozone/ozone/hadoop-ozone/integration-test/target/test-dir/MiniOzoneClusterImpl-f82f7a4c-b7ce-4bc7-bddc-b4ce9d407ba8/ozone-meta/datanode-9/data-0/hdds
2024-04-25 19:26:01,543 [88efce4d-fc58-43a4-abfe-18a1167c7495-ContainerReader-0] INFO  ozoneimpl.ContainerReader (ContainerReader.java:readVolume(178)) - Finish verifying containers on volume /home/runner/work/ozone/ozone/hadoop-ozone/integration-test/target/test-dir/MiniOzoneClusterImpl-f82f7a4c-b7ce-4bc7-bddc-b4ce9d407ba8/ozone-meta/datanode-9/data-0/hdds
2024-04-25 19:26:01,543 [88efce4d-fc58-43a4-abfe-18a1167c7495-EndpointStateMachineTaskThread-/0.0.0.0:15269-0 ] INFO  ozoneimpl.OzoneContainer (OzoneContainer.java:buildContainerSet(328)) - Build ContainerSet costs 0s
2024-04-25 19:26:01,543 [88efce4d-fc58-43a4-abfe-18a1167c7495-EndpointStateMachineTaskThread-/0.0.0.0:15269-0 ] INFO  volume.ThrottledAsyncChecker (ThrottledAsyncChecker.java:schedule(141)) - Scheduling a check for /home/runner/work/ozone/ozone/hadoop-ozone/integration-test/target/test-dir/MiniOzoneClusterImpl-f82f7a4c-b7ce-4bc7-bddc-b4ce9d407ba8/ozone-meta/datanode-9/data-0/hdds
2024-04-25 19:26:01,543 [88efce4d-fc58-43a4-abfe-18a1167c7495-EndpointStateMachineTaskThread-/0.0.0.0:15269-0 ] INFO  volume.StorageVolumeChecker (StorageVolumeChecker.java:checkAllVolumes(218)) - Scheduled health check for volume /home/runner/work/ozone/ozone/hadoop-ozone/integration-test/target/test-dir/MiniOzoneClusterImpl-f82f7a4c-b7ce-4bc7-bddc-b4ce9d407ba8/ozone-meta/datanode-9/data-0/hdds
2024-04-25 19:26:01,544 [88efce4d-fc58-43a4-abfe-18a1167c7495-EndpointStateMachineTaskThread-/0.0.0.0:15269-0 ] INFO  volume.ThrottledAsyncChecker (ThrottledAsyncChecker.java:schedule(141)) - Scheduling a check for /home/runner/work/ozone/ozone/hadoop-ozone/integration-test/target/test-dir/MiniOzoneClusterImpl-f82f7a4c-b7ce-4bc7-bddc-b4ce9d407ba8/ozone-meta/datanode-9/ratis
2024-04-25 19:26:01,544 [88efce4d-fc58-43a4-abfe-18a1167c7495-EndpointStateMachineTaskThread-/0.0.0.0:15269-0 ] INFO  volume.StorageVolumeChecker (StorageVolumeChecker.java:checkAllVolumes(218)) - Scheduled health check for volume /home/runner/work/ozone/ozone/hadoop-ozone/integration-test/target/test-dir/MiniOzoneClusterImpl-f82f7a4c-b7ce-4bc7-bddc-b4ce9d407ba8/ozone-meta/datanode-9/ratis
2024-04-25 19:26:01,545 [88efce4d-fc58-43a4-abfe-18a1167c7495-EndpointStateMachineTaskThread-/0.0.0.0:15269-0 ] INFO  ozoneimpl.OzoneContainer (OzoneContainer.java:start(459)) - Attempting to start container services.
2024-04-25 19:26:01,545 [88efce4d-fc58-43a4-abfe-18a1167c7495-EndpointStateMachineTaskThread-/0.0.0.0:15269-0 ] WARN  ozoneimpl.OnDemandContainerDataScanner (OnDemandContainerDataScanner.java:init(75)) - Trying to initialize on demand scanner a second time on a datanode.
2024-04-25 19:26:01,546 [ContainerMetadataScanner] INFO  ozoneimpl.AbstractBackgroundContainerScanner (AbstractBackgroundContainerScanner.java:runIteration(87)) - Completed an iteration in 0 minutes. Number of iterations (since the data-node restart) : 1, Number of containers scanned in this iteration : 0, Number of unhealthy containers found in this iteration : 0
2024-04-25 19:26:01,546 [ContainerDataScanner(/home/runner/work/ozone/ozone/hadoop-ozone/integration-test/target/test-dir/MiniOzoneClusterImpl-f82f7a4c-b7ce-4bc7-bddc-b4ce9d407ba8/ozone-meta/datanode-9/data-0/hdds)] INFO  ozoneimpl.AbstractBackgroundContainerScanner (AbstractBackgroundContainerScanner.java:runIteration(87)) - Completed an iteration in 0 minutes. Number of iterations (since the data-node restart) : 1, Number of containers scanned in this iteration : 0, Number of unhealthy containers found in this iteration : 0
2024-04-25 19:26:01,546 [88efce4d-fc58-43a4-abfe-18a1167c7495-EndpointStateMachineTaskThread-/0.0.0.0:15269-0 ] INFO  replication.ReplicationServer (ReplicationServer.java:start(142)) - ReplicationServer is started using port 15355
2024-04-25 19:26:01,546 [88efce4d-fc58-43a4-abfe-18a1167c7495-EndpointStateMachineTaskThread-/0.0.0.0:15269-0 ] INFO  ratis.XceiverServerRatis (XceiverServerRatis.java:start(566)) - Starting XceiverServerRatis 88efce4d-fc58-43a4-abfe-18a1167c7495
2024-04-25 19:26:01,547 [88efce4d-fc58-43a4-abfe-18a1167c7495-EndpointStateMachineTaskThread-/0.0.0.0:15269-0 ] INFO  server.RaftServer (RaftServerProxy.java:startImpl(406)) - 88efce4d-fc58-43a4-abfe-18a1167c7495: start RPC server
2024-04-25 19:26:01,547 [88efce4d-fc58-43a4-abfe-18a1167c7495-EndpointStateMachineTaskThread-/0.0.0.0:15269-0 ] INFO  server.GrpcService (GrpcService.java:startImpl(302)) - 88efce4d-fc58-43a4-abfe-18a1167c7495: GrpcService started, listening on 15351
2024-04-25 19:26:01,547 [88efce4d-fc58-43a4-abfe-18a1167c7495-EndpointStateMachineTaskThread-/0.0.0.0:15269-0 ] INFO  server.GrpcService (GrpcService.java:startImpl(302)) - 88efce4d-fc58-43a4-abfe-18a1167c7495: GrpcService started, listening on 15353
2024-04-25 19:26:01,548 [88efce4d-fc58-43a4-abfe-18a1167c7495-EndpointStateMachineTaskThread-/0.0.0.0:15269-0 ] INFO  server.GrpcService (GrpcService.java:startImpl(302)) - 88efce4d-fc58-43a4-abfe-18a1167c7495: GrpcService started, listening on 15352
2024-04-25 19:26:01,548 [88efce4d-fc58-43a4-abfe-18a1167c7495-EndpointStateMachineTaskThread-/0.0.0.0:15269-0 ] INFO  ratis.XceiverServerRatis (XceiverServerRatis.java:getRealPort(592)) - XceiverServerRatis 88efce4d-fc58-43a4-abfe-18a1167c7495 is started using port 15351 for RATIS
2024-04-25 19:26:01,548 [88efce4d-fc58-43a4-abfe-18a1167c7495-EndpointStateMachineTaskThread-/0.0.0.0:15269-0 ] INFO  ratis.XceiverServerRatis (XceiverServerRatis.java:getRealPort(592)) - XceiverServerRatis 88efce4d-fc58-43a4-abfe-18a1167c7495 is started using port 15352 for RATIS_ADMIN
2024-04-25 19:26:01,548 [88efce4d-fc58-43a4-abfe-18a1167c7495-EndpointStateMachineTaskThread-/0.0.0.0:15269-0 ] INFO  ratis.XceiverServerRatis (XceiverServerRatis.java:getRealPort(592)) - XceiverServerRatis 88efce4d-fc58-43a4-abfe-18a1167c7495 is started using port 15353 for RATIS_SERVER
2024-04-25 19:26:01,548 [88efce4d-fc58-43a4-abfe-18a1167c7495-EndpointStateMachineTaskThread-/0.0.0.0:15269-0 ] INFO  ratis.XceiverServerRatis (XceiverServerRatis.java:getRealPort(592)) - XceiverServerRatis 88efce4d-fc58-43a4-abfe-18a1167c7495 is started using port 15354 for RATIS_DATASTREAM
2024-04-25 19:26:01,548 [JvmPauseMonitor43] INFO  util.JvmPauseMonitor (JvmPauseMonitor.java:run(146)) - JvmPauseMonitor-88efce4d-fc58-43a4-abfe-18a1167c7495: Started
2024-04-25 19:26:01,549 [88efce4d-fc58-43a4-abfe-18a1167c7495-BlockDeletingService#0] INFO  interfaces.ContainerDeletionChoosingPolicyTemplate (ContainerDeletionChoosingPolicyTemplate.java:chooseContainerForBlockDeletion(85)) - Chosen 0/5000 blocks from 0 candidate containers.
2024-04-25 19:26:02,523 [main] INFO  ozone.MiniOzoneClusterImpl (MiniOzoneClusterImpl.java:lambda$waitForClusterToBeReady$0(194)) - Waiting for nodes to be ready. Got 0 of 9 DN Heartbeats.
2024-04-25 19:26:02,523 [main] INFO  ozone.MiniOzoneClusterImpl (MiniOzoneClusterImpl.java:lambda$waitForClusterToBeReady$0(197)) - Waiting for cluster to exit safe mode
2024-04-25 19:26:02,523 [main] INFO  ozone.MiniOzoneClusterImpl (MiniOzoneClusterImpl.java:lambda$waitForClusterToBeReady$0(199)) - SCM became leader
2024-04-25 19:26:03,092 [IPC Server handler 1 on default port 15269] INFO  net.NetworkTopologyImpl (NetworkTopologyImpl.java:add(134)) - Added a new node: /default-rack/4945050d-eb1e-4df3-bd8a-540f8ab6232f
2024-04-25 19:26:03,092 [IPC Server handler 1 on default port 15269] INFO  node.SCMNodeManager (SCMNodeManager.java:register(421)) - Registered datanode: 4945050d-eb1e-4df3-bd8a-540f8ab6232f{ip: 127.0.0.1, host: localhost, ports: [HTTP=15276, CLIENT_RPC=15277, REPLICATION=15283, RATIS=15279, RATIS_ADMIN=15280, RATIS_SERVER=15281, RATIS_DATASTREAM=15282, STANDALONE=15278], networkLocation: /default-rack, certSerialId: null, persistedOpState: null, persistedOpStateExpiryEpochSec: 0}
2024-04-25 19:26:03,093 [EventQueue-NewNodeForNewNodeHandler] INFO  pipeline.BackgroundPipelineCreator (BackgroundPipelineCreator.java:notifyEventTriggered(280)) - trigger a one-shot run on RatisPipelineUtilsThread.
2024-04-25 19:26:03,093 [RatisPipelineUtilsThread-0] INFO  pipeline.RatisPipelineProvider (RatisPipelineProvider.java:lambda$create$0(205)) - Sending CreatePipelineCommand for pipeline:PipelineID=b39c89f4-8c5d-4b78-9148-f88e56931252 to datanode:4945050d-eb1e-4df3-bd8a-540f8ab6232f
2024-04-25 19:26:03,094 [EventQueue-NodeRegistrationContainerReportForDataNodeSafeModeRule] INFO  safemode.SCMSafeModeManager (DataNodeSafeModeRule.java:process(71)) - SCM in safe mode. 1 DataNodes registered, 3 required.
2024-04-25 19:26:03,094 [EventQueue-NodeRegistrationContainerReportForContainerSafeModeRule] INFO  safemode.SCMSafeModeManager (SCMSafeModeManager.java:validateSafeModeExitRules(203)) - ContainerSafeModeRule rule is successfully validated
2024-04-25 19:26:03,094 [EventQueue-PipelineReportForOneReplicaPipelineSafeModeRule] INFO  safemode.SCMSafeModeManager (SCMSafeModeManager.java:validateSafeModeExitRules(203)) - AtleastOneDatanodeReportedRule rule is successfully validated
2024-04-25 19:26:03,094 [RatisPipelineUtilsThread-0] INFO  pipeline.BackgroundPipelineCreator (BackgroundPipelineCreator.java:createPipelines(236)) - Created new pipeline Pipeline[ Id: b39c89f4-8c5d-4b78-9148-f88e56931252, Nodes: 4945050d-eb1e-4df3-bd8a-540f8ab6232f(localhost/127.0.0.1), ReplicationConfig: RATIS/ONE, State:ALLOCATED, leaderId:, CreationTimestamp2024-04-25T19:26:03.093730945Z[Etc/UTC]]
2024-04-25 19:26:03,143 [IPC Server handler 2 on default port 15269] INFO  net.NetworkTopologyImpl (NetworkTopologyImpl.java:add(134)) - Added a new node: /default-rack/023363e8-92b8-4e04-85cd-0caf25b811fc
2024-04-25 19:26:03,143 [IPC Server handler 2 on default port 15269] INFO  node.SCMNodeManager (SCMNodeManager.java:register(421)) - Registered datanode: 023363e8-92b8-4e04-85cd-0caf25b811fc{ip: 127.0.0.1, host: localhost, ports: [HTTP=15285, CLIENT_RPC=15286, REPLICATION=15292, RATIS=15288, RATIS_ADMIN=15289, RATIS_SERVER=15290, RATIS_DATASTREAM=15291, STANDALONE=15287], networkLocation: /default-rack, certSerialId: null, persistedOpState: null, persistedOpStateExpiryEpochSec: 0}
2024-04-25 19:26:03,143 [EventQueue-NewNodeForNewNodeHandler] INFO  pipeline.BackgroundPipelineCreator (BackgroundPipelineCreator.java:notifyEventTriggered(280)) - trigger a one-shot run on RatisPipelineUtilsThread.
2024-04-25 19:26:03,143 [EventQueue-NodeRegistrationContainerReportForDataNodeSafeModeRule] INFO  safemode.SCMSafeModeManager (DataNodeSafeModeRule.java:process(71)) - SCM in safe mode. 2 DataNodes registered, 3 required.
2024-04-25 19:26:03,144 [RatisPipelineUtilsThread-0] INFO  pipeline.RatisPipelineProvider (RatisPipelineProvider.java:lambda$create$0(205)) - Sending CreatePipelineCommand for pipeline:PipelineID=7a553876-ac86-4076-a8c5-6fb570e975ee to datanode:023363e8-92b8-4e04-85cd-0caf25b811fc
2024-04-25 19:26:03,144 [RatisPipelineUtilsThread-0] INFO  pipeline.BackgroundPipelineCreator (BackgroundPipelineCreator.java:createPipelines(236)) - Created new pipeline Pipeline[ Id: 7a553876-ac86-4076-a8c5-6fb570e975ee, Nodes: 023363e8-92b8-4e04-85cd-0caf25b811fc(localhost/127.0.0.1), ReplicationConfig: RATIS/ONE, State:ALLOCATED, leaderId:, CreationTimestamp2024-04-25T19:26:03.144272169Z[Etc/UTC]]
2024-04-25 19:26:03,201 [IPC Server handler 3 on default port 15269] INFO  net.NetworkTopologyImpl (NetworkTopologyImpl.java:add(134)) - Added a new node: /default-rack/f28f6cfa-fb4d-46cf-94dd-cb052c8a0835
2024-04-25 19:26:03,201 [IPC Server handler 3 on default port 15269] INFO  node.SCMNodeManager (SCMNodeManager.java:register(421)) - Registered datanode: f28f6cfa-fb4d-46cf-94dd-cb052c8a0835{ip: 127.0.0.1, host: localhost, ports: [HTTP=15294, CLIENT_RPC=15295, REPLICATION=15301, RATIS=15297, RATIS_ADMIN=15298, RATIS_SERVER=15299, RATIS_DATASTREAM=15300, STANDALONE=15296], networkLocation: /default-rack, certSerialId: null, persistedOpState: null, persistedOpStateExpiryEpochSec: 0}
2024-04-25 19:26:03,202 [EventQueue-NewNodeForNewNodeHandler] INFO  pipeline.BackgroundPipelineCreator (BackgroundPipelineCreator.java:notifyEventTriggered(280)) - trigger a one-shot run on RatisPipelineUtilsThread.
2024-04-25 19:26:03,202 [EventQueue-NodeRegistrationContainerReportForDataNodeSafeModeRule] INFO  safemode.SCMSafeModeManager (DataNodeSafeModeRule.java:process(71)) - SCM in safe mode. 3 DataNodes registered, 3 required.
2024-04-25 19:26:03,202 [EventQueue-NodeRegistrationContainerReportForDataNodeSafeModeRule] INFO  safemode.SCMSafeModeManager (SCMSafeModeManager.java:validateSafeModeExitRules(203)) - DataNodeSafeModeRule rule is successfully validated
2024-04-25 19:26:03,202 [EventQueue-NodeRegistrationContainerReportForDataNodeSafeModeRule] INFO  safemode.SCMSafeModeManager (SCMSafeModeManager.java:completePreCheck(232)) - All SCM safe mode pre check rules have passed
2024-04-25 19:26:03,202 [EventQueue-NodeRegistrationContainerReportForDataNodeSafeModeRule] INFO  ha.SCMContext (SCMContext.java:updateSafeModeStatus(225)) - Update SafeModeStatus from SafeModeStatus{safeModeStatus=true, preCheckPassed=false} to SafeModeStatus{safeModeStatus=true, preCheckPassed=true}.
2024-04-25 19:26:03,202 [EventQueue-NodeRegistrationContainerReportForDataNodeSafeModeRule] INFO  pipeline.BackgroundPipelineCreator (BackgroundPipelineCreator.java:notifyEventTriggered(280)) - trigger a one-shot run on RatisPipelineUtilsThread.
2024-04-25 19:26:03,202 [RatisPipelineUtilsThread-0] INFO  pipeline.RatisPipelineProvider (RatisPipelineProvider.java:lambda$create$0(205)) - Sending CreatePipelineCommand for pipeline:PipelineID=f625da82-93fb-4160-9c30-bc99eed15f13 to datanode:f28f6cfa-fb4d-46cf-94dd-cb052c8a0835
2024-04-25 19:26:03,203 [RatisPipelineUtilsThread-0] INFO  pipeline.BackgroundPipelineCreator (BackgroundPipelineCreator.java:createPipelines(236)) - Created new pipeline Pipeline[ Id: f625da82-93fb-4160-9c30-bc99eed15f13, Nodes: f28f6cfa-fb4d-46cf-94dd-cb052c8a0835(localhost/127.0.0.1), ReplicationConfig: RATIS/ONE, State:ALLOCATED, leaderId:, CreationTimestamp2024-04-25T19:26:03.202490332Z[Etc/UTC]]
2024-04-25 19:26:03,203 [RatisPipelineUtilsThread-0] INFO  pipeline.RatisPipelineProvider (RatisPipelineProvider.java:lambda$create$0(205)) - Sending CreatePipelineCommand for pipeline:PipelineID=1c4a0937-556e-49ca-b55d-6861ffed6b0c to datanode:4945050d-eb1e-4df3-bd8a-540f8ab6232f
2024-04-25 19:26:03,203 [RatisPipelineUtilsThread-0] INFO  pipeline.RatisPipelineProvider (RatisPipelineProvider.java:lambda$create$0(205)) - Sending CreatePipelineCommand for pipeline:PipelineID=1c4a0937-556e-49ca-b55d-6861ffed6b0c to datanode:f28f6cfa-fb4d-46cf-94dd-cb052c8a0835
2024-04-25 19:26:03,203 [RatisPipelineUtilsThread-0] INFO  pipeline.RatisPipelineProvider (RatisPipelineProvider.java:lambda$create$0(205)) - Sending CreatePipelineCommand for pipeline:PipelineID=1c4a0937-556e-49ca-b55d-6861ffed6b0c to datanode:023363e8-92b8-4e04-85cd-0caf25b811fc
2024-04-25 19:26:03,203 [RatisPipelineUtilsThread-0] INFO  pipeline.BackgroundPipelineCreator (BackgroundPipelineCreator.java:createPipelines(236)) - Created new pipeline Pipeline[ Id: 1c4a0937-556e-49ca-b55d-6861ffed6b0c, Nodes: 4945050d-eb1e-4df3-bd8a-540f8ab6232f(localhost/127.0.0.1)f28f6cfa-fb4d-46cf-94dd-cb052c8a0835(localhost/127.0.0.1)023363e8-92b8-4e04-85cd-0caf25b811fc(localhost/127.0.0.1), ReplicationConfig: RATIS/THREE, State:ALLOCATED, leaderId:, CreationTimestamp2024-04-25T19:26:03.203311359Z[Etc/UTC]]
2024-04-25 19:26:03,261 [IPC Server handler 4 on default port 15269] INFO  net.NetworkTopologyImpl (NetworkTopologyImpl.java:add(134)) - Added a new node: /default-rack/38098fde-9f6f-4ad0-993c-715d8f2d4b32
2024-04-25 19:26:03,261 [IPC Server handler 4 on default port 15269] INFO  node.SCMNodeManager (SCMNodeManager.java:register(421)) - Registered datanode: 38098fde-9f6f-4ad0-993c-715d8f2d4b32{ip: 127.0.0.1, host: localhost, ports: [HTTP=15303, CLIENT_RPC=15304, REPLICATION=15310, RATIS=15306, RATIS_ADMIN=15307, RATIS_SERVER=15308, RATIS_DATASTREAM=15309, STANDALONE=15305], networkLocation: /default-rack, certSerialId: null, persistedOpState: null, persistedOpStateExpiryEpochSec: 0}
2024-04-25 19:26:03,261 [EventQueue-NewNodeForNewNodeHandler] INFO  pipeline.BackgroundPipelineCreator (BackgroundPipelineCreator.java:notifyEventTriggered(280)) - trigger a one-shot run on RatisPipelineUtilsThread.
2024-04-25 19:26:03,262 [RatisPipelineUtilsThread-0] INFO  pipeline.RatisPipelineProvider (RatisPipelineProvider.java:lambda$create$0(205)) - Sending CreatePipelineCommand for pipeline:PipelineID=a8fbf086-abed-4d90-9d91-9819c722c0be to datanode:38098fde-9f6f-4ad0-993c-715d8f2d4b32
2024-04-25 19:26:03,262 [RatisPipelineUtilsThread-0] INFO  pipeline.BackgroundPipelineCreator (BackgroundPipelineCreator.java:createPipelines(236)) - Created new pipeline Pipeline[ Id: a8fbf086-abed-4d90-9d91-9819c722c0be, Nodes: 38098fde-9f6f-4ad0-993c-715d8f2d4b32(localhost/127.0.0.1), ReplicationConfig: RATIS/ONE, State:ALLOCATED, leaderId:, CreationTimestamp2024-04-25T19:26:03.262105718Z[Etc/UTC]]
2024-04-25 19:26:03,308 [IPC Server handler 6 on default port 15269] INFO  net.NetworkTopologyImpl (NetworkTopologyImpl.java:add(134)) - Added a new node: /default-rack/c059e8ba-a531-47a3-a497-45c8f0b0c72e
2024-04-25 19:26:03,308 [IPC Server handler 6 on default port 15269] INFO  node.SCMNodeManager (SCMNodeManager.java:register(421)) - Registered datanode: c059e8ba-a531-47a3-a497-45c8f0b0c72e{ip: 127.0.0.1, host: localhost, ports: [HTTP=15312, CLIENT_RPC=15313, REPLICATION=15319, RATIS=15315, RATIS_ADMIN=15316, RATIS_SERVER=15317, RATIS_DATASTREAM=15318, STANDALONE=15314], networkLocation: /default-rack, certSerialId: null, persistedOpState: null, persistedOpStateExpiryEpochSec: 0}
2024-04-25 19:26:03,309 [EventQueue-NewNodeForNewNodeHandler] INFO  pipeline.BackgroundPipelineCreator (BackgroundPipelineCreator.java:notifyEventTriggered(280)) - trigger a one-shot run on RatisPipelineUtilsThread.
2024-04-25 19:26:03,309 [RatisPipelineUtilsThread-0] INFO  pipeline.RatisPipelineProvider (RatisPipelineProvider.java:lambda$create$0(205)) - Sending CreatePipelineCommand for pipeline:PipelineID=8a0fae79-4a6e-4b4f-8c57-32e8eddf7d95 to datanode:c059e8ba-a531-47a3-a497-45c8f0b0c72e
2024-04-25 19:26:03,310 [RatisPipelineUtilsThread-0] INFO  pipeline.BackgroundPipelineCreator (BackgroundPipelineCreator.java:createPipelines(236)) - Created new pipeline Pipeline[ Id: 8a0fae79-4a6e-4b4f-8c57-32e8eddf7d95, Nodes: c059e8ba-a531-47a3-a497-45c8f0b0c72e(localhost/127.0.0.1), ReplicationConfig: RATIS/ONE, State:ALLOCATED, leaderId:, CreationTimestamp2024-04-25T19:26:03.309544266Z[Etc/UTC]]
2024-04-25 19:26:03,357 [IPC Server handler 5 on default port 15269] INFO  net.NetworkTopologyImpl (NetworkTopologyImpl.java:add(134)) - Added a new node: /default-rack/020943f0-ab7d-43b4-aa7e-bd0cde918a3e
2024-04-25 19:26:03,357 [IPC Server handler 5 on default port 15269] INFO  node.SCMNodeManager (SCMNodeManager.java:register(421)) - Registered datanode: 020943f0-ab7d-43b4-aa7e-bd0cde918a3e{ip: 127.0.0.1, host: localhost, ports: [HTTP=15321, CLIENT_RPC=15322, REPLICATION=15328, RATIS=15324, RATIS_ADMIN=15325, RATIS_SERVER=15326, RATIS_DATASTREAM=15327, STANDALONE=15323], networkLocation: /default-rack, certSerialId: null, persistedOpState: null, persistedOpStateExpiryEpochSec: 0}
2024-04-25 19:26:03,357 [EventQueue-NewNodeForNewNodeHandler] INFO  pipeline.BackgroundPipelineCreator (BackgroundPipelineCreator.java:notifyEventTriggered(280)) - trigger a one-shot run on RatisPipelineUtilsThread.
2024-04-25 19:26:03,358 [RatisPipelineUtilsThread-0] INFO  pipeline.RatisPipelineProvider (RatisPipelineProvider.java:lambda$create$0(205)) - Sending CreatePipelineCommand for pipeline:PipelineID=0b298d8b-809b-47ef-876f-a1eeb6a496a4 to datanode:020943f0-ab7d-43b4-aa7e-bd0cde918a3e
2024-04-25 19:26:03,358 [RatisPipelineUtilsThread-0] INFO  pipeline.BackgroundPipelineCreator (BackgroundPipelineCreator.java:createPipelines(236)) - Created new pipeline Pipeline[ Id: 0b298d8b-809b-47ef-876f-a1eeb6a496a4, Nodes: 020943f0-ab7d-43b4-aa7e-bd0cde918a3e(localhost/127.0.0.1), ReplicationConfig: RATIS/ONE, State:ALLOCATED, leaderId:, CreationTimestamp2024-04-25T19:26:03.358330001Z[Etc/UTC]]
2024-04-25 19:26:03,359 [RatisPipelineUtilsThread-0] INFO  pipeline.RatisPipelineProvider (RatisPipelineProvider.java:lambda$create$0(205)) - Sending CreatePipelineCommand for pipeline:PipelineID=60c42758-0b39-42ff-b7dc-3d56868d618f to datanode:c059e8ba-a531-47a3-a497-45c8f0b0c72e
2024-04-25 19:26:03,359 [RatisPipelineUtilsThread-0] INFO  pipeline.RatisPipelineProvider (RatisPipelineProvider.java:lambda$create$0(205)) - Sending CreatePipelineCommand for pipeline:PipelineID=60c42758-0b39-42ff-b7dc-3d56868d618f to datanode:020943f0-ab7d-43b4-aa7e-bd0cde918a3e
2024-04-25 19:26:03,359 [RatisPipelineUtilsThread-0] INFO  pipeline.RatisPipelineProvider (RatisPipelineProvider.java:lambda$create$0(205)) - Sending CreatePipelineCommand for pipeline:PipelineID=60c42758-0b39-42ff-b7dc-3d56868d618f to datanode:38098fde-9f6f-4ad0-993c-715d8f2d4b32
2024-04-25 19:26:03,359 [RatisPipelineUtilsThread-0] INFO  pipeline.BackgroundPipelineCreator (BackgroundPipelineCreator.java:createPipelines(236)) - Created new pipeline Pipeline[ Id: 60c42758-0b39-42ff-b7dc-3d56868d618f, Nodes: c059e8ba-a531-47a3-a497-45c8f0b0c72e(localhost/127.0.0.1)020943f0-ab7d-43b4-aa7e-bd0cde918a3e(localhost/127.0.0.1)38098fde-9f6f-4ad0-993c-715d8f2d4b32(localhost/127.0.0.1), ReplicationConfig: RATIS/THREE, State:ALLOCATED, leaderId:, CreationTimestamp2024-04-25T19:26:03.359350770Z[Etc/UTC]]
2024-04-25 19:26:03,425 [IPC Server handler 7 on default port 15269] INFO  net.NetworkTopologyImpl (NetworkTopologyImpl.java:add(134)) - Added a new node: /default-rack/9b9c1a32-defd-4a85-ab56-32b7a12f6bf5
2024-04-25 19:26:03,426 [IPC Server handler 7 on default port 15269] INFO  node.SCMNodeManager (SCMNodeManager.java:register(421)) - Registered datanode: 9b9c1a32-defd-4a85-ab56-32b7a12f6bf5{ip: 127.0.0.1, host: localhost, ports: [HTTP=15330, CLIENT_RPC=15331, REPLICATION=15337, RATIS=15333, RATIS_ADMIN=15334, RATIS_SERVER=15335, RATIS_DATASTREAM=15336, STANDALONE=15332], networkLocation: /default-rack, certSerialId: null, persistedOpState: null, persistedOpStateExpiryEpochSec: 0}
2024-04-25 19:26:03,426 [EventQueue-NewNodeForNewNodeHandler] INFO  pipeline.BackgroundPipelineCreator (BackgroundPipelineCreator.java:notifyEventTriggered(280)) - trigger a one-shot run on RatisPipelineUtilsThread.
2024-04-25 19:26:03,426 [RatisPipelineUtilsThread-0] INFO  pipeline.RatisPipelineProvider (RatisPipelineProvider.java:lambda$create$0(205)) - Sending CreatePipelineCommand for pipeline:PipelineID=6d1582d6-d4c2-4462-94a6-2b44a231f595 to datanode:9b9c1a32-defd-4a85-ab56-32b7a12f6bf5
2024-04-25 19:26:03,427 [RatisPipelineUtilsThread-0] INFO  pipeline.BackgroundPipelineCreator (BackgroundPipelineCreator.java:createPipelines(236)) - Created new pipeline Pipeline[ Id: 6d1582d6-d4c2-4462-94a6-2b44a231f595, Nodes: 9b9c1a32-defd-4a85-ab56-32b7a12f6bf5(localhost/127.0.0.1), ReplicationConfig: RATIS/ONE, State:ALLOCATED, leaderId:, CreationTimestamp2024-04-25T19:26:03.426832715Z[Etc/UTC]]
2024-04-25 19:26:03,468 [IPC Server handler 8 on default port 15269] INFO  net.NetworkTopologyImpl (NetworkTopologyImpl.java:add(134)) - Added a new node: /default-rack/485a0214-1e55-4d9f-9e33-2b2fc5076c56
2024-04-25 19:26:03,468 [IPC Server handler 8 on default port 15269] INFO  node.SCMNodeManager (SCMNodeManager.java:register(421)) - Registered datanode: 485a0214-1e55-4d9f-9e33-2b2fc5076c56{ip: 127.0.0.1, host: localhost, ports: [HTTP=15339, CLIENT_RPC=15340, REPLICATION=15346, RATIS=15342, RATIS_ADMIN=15343, RATIS_SERVER=15344, RATIS_DATASTREAM=15345, STANDALONE=15341], networkLocation: /default-rack, certSerialId: null, persistedOpState: null, persistedOpStateExpiryEpochSec: 0}
2024-04-25 19:26:03,468 [EventQueue-NewNodeForNewNodeHandler] INFO  pipeline.BackgroundPipelineCreator (BackgroundPipelineCreator.java:notifyEventTriggered(280)) - trigger a one-shot run on RatisPipelineUtilsThread.
2024-04-25 19:26:03,469 [RatisPipelineUtilsThread-0] INFO  pipeline.RatisPipelineProvider (RatisPipelineProvider.java:lambda$create$0(205)) - Sending CreatePipelineCommand for pipeline:PipelineID=f03ee5d3-d86c-4ee0-850c-a2b11ddd0fbc to datanode:485a0214-1e55-4d9f-9e33-2b2fc5076c56
2024-04-25 19:26:03,469 [RatisPipelineUtilsThread-0] INFO  pipeline.BackgroundPipelineCreator (BackgroundPipelineCreator.java:createPipelines(236)) - Created new pipeline Pipeline[ Id: f03ee5d3-d86c-4ee0-850c-a2b11ddd0fbc, Nodes: 485a0214-1e55-4d9f-9e33-2b2fc5076c56(localhost/127.0.0.1), ReplicationConfig: RATIS/ONE, State:ALLOCATED, leaderId:, CreationTimestamp2024-04-25T19:26:03.469163516Z[Etc/UTC]]
2024-04-25 19:26:03,523 [IPC Server handler 0 on default port 15269] INFO  net.NetworkTopologyImpl (NetworkTopologyImpl.java:add(134)) - Added a new node: /default-rack/88efce4d-fc58-43a4-abfe-18a1167c7495
2024-04-25 19:26:03,523 [IPC Server handler 0 on default port 15269] INFO  node.SCMNodeManager (SCMNodeManager.java:register(421)) - Registered datanode: 88efce4d-fc58-43a4-abfe-18a1167c7495{ip: 127.0.0.1, host: localhost, ports: [HTTP=15348, CLIENT_RPC=15349, REPLICATION=15355, RATIS=15351, RATIS_ADMIN=15352, RATIS_SERVER=15353, RATIS_DATASTREAM=15354, STANDALONE=15350], networkLocation: /default-rack, certSerialId: null, persistedOpState: null, persistedOpStateExpiryEpochSec: 0}
2024-04-25 19:26:03,523 [EventQueue-NewNodeForNewNodeHandler] INFO  pipeline.BackgroundPipelineCreator (BackgroundPipelineCreator.java:notifyEventTriggered(280)) - trigger a one-shot run on RatisPipelineUtilsThread.
2024-04-25 19:26:03,523 [main] INFO  ozone.MiniOzoneClusterImpl (MiniOzoneClusterImpl.java:lambda$waitForClusterToBeReady$0(194)) - Nodes are ready. Got 9 of 9 DN Heartbeats.
2024-04-25 19:26:03,523 [main] INFO  ozone.MiniOzoneClusterImpl (MiniOzoneClusterImpl.java:lambda$waitForClusterToBeReady$0(197)) - Waiting for cluster to exit safe mode
2024-04-25 19:26:03,524 [main] INFO  ozone.MiniOzoneClusterImpl (MiniOzoneClusterImpl.java:lambda$waitForClusterToBeReady$0(199)) - SCM became leader
2024-04-25 19:26:03,524 [RatisPipelineUtilsThread-0] INFO  pipeline.RatisPipelineProvider (RatisPipelineProvider.java:lambda$create$0(205)) - Sending CreatePipelineCommand for pipeline:PipelineID=42b9784e-f8ef-41c8-b54e-d38db2e84fbf to datanode:88efce4d-fc58-43a4-abfe-18a1167c7495
2024-04-25 19:26:03,524 [RatisPipelineUtilsThread-0] INFO  pipeline.BackgroundPipelineCreator (BackgroundPipelineCreator.java:createPipelines(236)) - Created new pipeline Pipeline[ Id: 42b9784e-f8ef-41c8-b54e-d38db2e84fbf, Nodes: 88efce4d-fc58-43a4-abfe-18a1167c7495(localhost/127.0.0.1), ReplicationConfig: RATIS/ONE, State:ALLOCATED, leaderId:, CreationTimestamp2024-04-25T19:26:03.524001757Z[Etc/UTC]]
2024-04-25 19:26:03,525 [RatisPipelineUtilsThread-0] INFO  pipeline.RatisPipelineProvider (RatisPipelineProvider.java:lambda$create$0(205)) - Sending CreatePipelineCommand for pipeline:PipelineID=bc1db2aa-d5fb-421f-98e2-ebc75cbb34f5 to datanode:9b9c1a32-defd-4a85-ab56-32b7a12f6bf5
2024-04-25 19:26:03,525 [RatisPipelineUtilsThread-0] INFO  pipeline.RatisPipelineProvider (RatisPipelineProvider.java:lambda$create$0(205)) - Sending CreatePipelineCommand for pipeline:PipelineID=bc1db2aa-d5fb-421f-98e2-ebc75cbb34f5 to datanode:88efce4d-fc58-43a4-abfe-18a1167c7495
2024-04-25 19:26:03,525 [RatisPipelineUtilsThread-0] INFO  pipeline.RatisPipelineProvider (RatisPipelineProvider.java:lambda$create$0(205)) - Sending CreatePipelineCommand for pipeline:PipelineID=bc1db2aa-d5fb-421f-98e2-ebc75cbb34f5 to datanode:485a0214-1e55-4d9f-9e33-2b2fc5076c56
2024-04-25 19:26:03,525 [RatisPipelineUtilsThread-0] INFO  pipeline.BackgroundPipelineCreator (BackgroundPipelineCreator.java:createPipelines(236)) - Created new pipeline Pipeline[ Id: bc1db2aa-d5fb-421f-98e2-ebc75cbb34f5, Nodes: 9b9c1a32-defd-4a85-ab56-32b7a12f6bf5(localhost/127.0.0.1)88efce4d-fc58-43a4-abfe-18a1167c7495(localhost/127.0.0.1)485a0214-1e55-4d9f-9e33-2b2fc5076c56(localhost/127.0.0.1), ReplicationConfig: RATIS/THREE, State:ALLOCATED, leaderId:, CreationTimestamp2024-04-25T19:26:03.525175108Z[Etc/UTC]]
2024-04-25 19:26:04,524 [main] INFO  ozone.MiniOzoneClusterImpl (MiniOzoneClusterImpl.java:lambda$waitForClusterToBeReady$0(194)) - Nodes are ready. Got 9 of 9 DN Heartbeats.
2024-04-25 19:26:04,524 [main] INFO  ozone.MiniOzoneClusterImpl (MiniOzoneClusterImpl.java:lambda$waitForClusterToBeReady$0(197)) - Waiting for cluster to exit safe mode
2024-04-25 19:26:04,524 [main] INFO  ozone.MiniOzoneClusterImpl (MiniOzoneClusterImpl.java:lambda$waitForClusterToBeReady$0(199)) - SCM became leader
2024-04-25 19:26:05,524 [main] INFO  ozone.MiniOzoneClusterImpl (MiniOzoneClusterImpl.java:lambda$waitForClusterToBeReady$0(194)) - Nodes are ready. Got 9 of 9 DN Heartbeats.
2024-04-25 19:26:05,524 [main] INFO  ozone.MiniOzoneClusterImpl (MiniOzoneClusterImpl.java:lambda$waitForClusterToBeReady$0(197)) - Waiting for cluster to exit safe mode
2024-04-25 19:26:05,524 [main] INFO  ozone.MiniOzoneClusterImpl (MiniOzoneClusterImpl.java:lambda$waitForClusterToBeReady$0(199)) - SCM became leader
2024-04-25 19:26:06,092 [4945050d-eb1e-4df3-bd8a-540f8ab6232f-PipelineCommandHandlerThread-0] INFO  server.RaftServer (RaftServerProxy.java:addNew(100)) - 4945050d-eb1e-4df3-bd8a-540f8ab6232f: addNew group-F88E56931252:[4945050d-eb1e-4df3-bd8a-540f8ab6232f|127.0.0.1:15281] returns group-F88E56931252:java.util.concurrent.CompletableFuture@523a7e02[Not completed]
2024-04-25 19:26:06,093 [4945050d-eb1e-4df3-bd8a-540f8ab6232f-groupManagement] INFO  server.RaftServer$Division (RaftServerImpl.java:<init>(256)) - 4945050d-eb1e-4df3-bd8a-540f8ab6232f: new RaftServerImpl for group-F88E56931252:[4945050d-eb1e-4df3-bd8a-540f8ab6232f|127.0.0.1:15281] with ContainerStateMachine:uninitialized
2024-04-25 19:26:06,093 [4945050d-eb1e-4df3-bd8a-540f8ab6232f-groupManagement] INFO  server.RaftServerConfigKeys (ConfUtils.java:logGet(46)) - raft.server.rpc.timeout.min = 5s (custom)
2024-04-25 19:26:06,094 [4945050d-eb1e-4df3-bd8a-540f8ab6232f-groupManagement] INFO  server.RaftServerConfigKeys (ConfUtils.java:logGet(46)) - raft.server.rpc.timeout.max = 5200ms (custom)
2024-04-25 19:26:06,094 [4945050d-eb1e-4df3-bd8a-540f8ab6232f-groupManagement] INFO  server.RaftServerConfigKeys (ConfUtils.java:logGet(46)) - raft.server.rpc.sleep.time = 25ms (default)
2024-04-25 19:26:06,094 [4945050d-eb1e-4df3-bd8a-540f8ab6232f-groupManagement] INFO  server.RaftServerConfigKeys (ConfUtils.java:logGet(46)) - raft.server.rpc.slowness.timeout = 300000ms (custom)
2024-04-25 19:26:06,094 [4945050d-eb1e-4df3-bd8a-540f8ab6232f-groupManagement] INFO  server.RaftServerConfigKeys (ConfUtils.java:logGet(46)) - raft.server.leaderelection.leader.step-down.wait-time = 10s (default)
2024-04-25 19:26:06,094 [4945050d-eb1e-4df3-bd8a-540f8ab6232f-groupManagement] INFO  server.RaftServerConfigKeys (ConfUtils.java:logGet(46)) - raft.server.leaderelection.member.majority-add = false (default)
2024-04-25 19:26:06,094 [4945050d-eb1e-4df3-bd8a-540f8ab6232f-groupManagement] INFO  server.RaftServerConfigKeys (ConfUtils.java:logGet(46)) - raft.server.sleep.deviation.threshold = 300ms (default)
2024-04-25 19:26:06,094 [4945050d-eb1e-4df3-bd8a-540f8ab6232f-groupManagement] INFO  server.RaftServer$Division (ServerState.java:<init>(113)) - 4945050d-eb1e-4df3-bd8a-540f8ab6232f@group-F88E56931252: ConfigurationManager, init=-1: peers:[4945050d-eb1e-4df3-bd8a-540f8ab6232f|127.0.0.1:15281]|listeners:[], old=null, confs=<EMPTY_MAP>
2024-04-25 19:26:06,094 [4945050d-eb1e-4df3-bd8a-540f8ab6232f-groupManagement] INFO  server.RaftServerConfigKeys (ConfUtils.java:logGet(46)) - raft.server.notification.no-leader.timeout = 300000ms (custom)
2024-04-25 19:26:06,094 [4945050d-eb1e-4df3-bd8a-540f8ab6232f-groupManagement] INFO  server.RaftServerConfigKeys (ConfUtils.java:logGet(46)) - raft.server.read.timeout = 10s (default)
2024-04-25 19:26:06,094 [4945050d-eb1e-4df3-bd8a-540f8ab6232f-groupManagement] INFO  server.RaftServerConfigKeys (ConfUtils.java:logGet(46)) - raft.server.retrycache.expirytime = 600000ms (custom)
2024-04-25 19:26:06,094 [4945050d-eb1e-4df3-bd8a-540f8ab6232f-groupManagement] INFO  server.RaftServerConfigKeys (ConfUtils.java:logGet(46)) - raft.server.retrycache.statistics.expirytime = 100ms (default)
2024-04-25 19:26:06,094 [4945050d-eb1e-4df3-bd8a-540f8ab6232f-groupManagement] INFO  server.RaftServerConfigKeys (ConfUtils.java:logGet(46)) - raft.server.read.option = DEFAULT (default)
2024-04-25 19:26:06,094 [4945050d-eb1e-4df3-bd8a-540f8ab6232f-groupManagement] INFO  server.RaftServerConfigKeys (ConfUtils.java:logGet(46)) - raft.server.read.read-after-write-consistent.write-index-cache.expiry-time = 60s (default)
2024-04-25 19:26:06,097 [4945050d-eb1e-4df3-bd8a-540f8ab6232f-groupManagement] INFO  server.RaftServerConfigKeys (ConfUtils.java:logGet(46)) - raft.server.rpc.request.timeout = 3000ms (default)
2024-04-25 19:26:06,097 [4945050d-eb1e-4df3-bd8a-540f8ab6232f-groupManagement] INFO  server.RaftServerConfigKeys (ConfUtils.java:logGet(46)) - raft.server.log.appender.install.snapshot.enabled = false (custom)
2024-04-25 19:26:06,097 [4945050d-eb1e-4df3-bd8a-540f8ab6232f-groupManagement] INFO  server.RaftServerConfigKeys (ConfUtils.java:logGet(46)) - raft.server.threadpool.server.cached = true (default)
2024-04-25 19:26:06,097 [4945050d-eb1e-4df3-bd8a-540f8ab6232f-groupManagement] INFO  server.RaftServerConfigKeys (ConfUtils.java:logGet(46)) - raft.server.threadpool.server.size = 0 (default)
2024-04-25 19:26:06,097 [4945050d-eb1e-4df3-bd8a-540f8ab6232f-groupManagement] INFO  server.RaftServerConfigKeys (ConfUtils.java:logGet(46)) - raft.server.threadpool.client.cached = true (default)
2024-04-25 19:26:06,097 [4945050d-eb1e-4df3-bd8a-540f8ab6232f-groupManagement] INFO  server.RaftServerConfigKeys (ConfUtils.java:logGet(46)) - raft.server.threadpool.client.size = 0 (default)
2024-04-25 19:26:06,097 [4945050d-eb1e-4df3-bd8a-540f8ab6232f-groupManagement] INFO  server.RaftServerConfigKeys (ConfUtils.java:logGet(46)) - raft.server.storage.free-space.min = 0MB (=0) (default)
2024-04-25 19:26:06,097 [4945050d-eb1e-4df3-bd8a-540f8ab6232f-groupManagement] INFO  server.RaftServerConfigKeys (ConfUtils.java:logGet(46)) - raft.server.log.corruption.policy = EXCEPTION (default)
2024-04-25 19:26:06,097 [4945050d-eb1e-4df3-bd8a-540f8ab6232f-groupManagement] INFO  server.RaftServerConfigKeys (ConfUtils.java:logGet(46)) - raft.server.storage.dir = [/home/runner/work/ozone/ozone/hadoop-ozone/integration-test/target/test-dir/MiniOzoneClusterImpl-f82f7a4c-b7ce-4bc7-bddc-b4ce9d407ba8/ozone-meta/datanode-1/ratis] (custom)
2024-04-25 19:26:06,097 [4945050d-eb1e-4df3-bd8a-540f8ab6232f-groupManagement] INFO  storage.RaftStorageDirectory (RaftStorageDirectoryImpl.java:analyzeStorage(138)) - The storage directory /home/runner/work/ozone/ozone/hadoop-ozone/integration-test/target/test-dir/MiniOzoneClusterImpl-f82f7a4c-b7ce-4bc7-bddc-b4ce9d407ba8/ozone-meta/datanode-1/ratis/b39c89f4-8c5d-4b78-9148-f88e56931252 does not exist. Creating ...
2024-04-25 19:26:06,099 [4945050d-eb1e-4df3-bd8a-540f8ab6232f-groupManagement] INFO  storage.RaftStorageDirectory (RaftStorageDirectoryImpl.java:tryLock(228)) - Lock on /home/runner/work/ozone/ozone/hadoop-ozone/integration-test/target/test-dir/MiniOzoneClusterImpl-f82f7a4c-b7ce-4bc7-bddc-b4ce9d407ba8/ozone-meta/datanode-1/ratis/b39c89f4-8c5d-4b78-9148-f88e56931252/in_use.lock acquired by nodename 21201@fv-az524-255
2024-04-25 19:26:06,100 [4945050d-eb1e-4df3-bd8a-540f8ab6232f-groupManagement] INFO  storage.RaftStorage (RaftStorageImpl.java:format(99)) - Storage directory /home/runner/work/ozone/ozone/hadoop-ozone/integration-test/target/test-dir/MiniOzoneClusterImpl-f82f7a4c-b7ce-4bc7-bddc-b4ce9d407ba8/ozone-meta/datanode-1/ratis/b39c89f4-8c5d-4b78-9148-f88e56931252 has been successfully formatted.
2024-04-25 19:26:06,100 [4945050d-eb1e-4df3-bd8a-540f8ab6232f-groupManagement] WARN  util.FileUtils (LogUtils.java:supplyAndLog(63)) - Failed to Files.newInputStream /home/runner/work/ozone/ozone/hadoop-ozone/integration-test/target/test-dir/MiniOzoneClusterImpl-f82f7a4c-b7ce-4bc7-bddc-b4ce9d407ba8/ozone-meta/datanode-1/ratis/b39c89f4-8c5d-4b78-9148-f88e56931252/current/raft-meta.conf with options []: java.nio.file.NoSuchFileException: /home/runner/work/ozone/ozone/hadoop-ozone/integration-test/target/test-dir/MiniOzoneClusterImpl-f82f7a4c-b7ce-4bc7-bddc-b4ce9d407ba8/ozone-meta/datanode-1/ratis/b39c89f4-8c5d-4b78-9148-f88e56931252/current/raft-meta.conf
2024-04-25 19:26:06,100 [4945050d-eb1e-4df3-bd8a-540f8ab6232f-groupManagement] INFO  ratis.ContainerStateMachine (ContainerStateMachine.java:loadSnapshot(287)) - group-F88E56931252: The snapshot info is null. Setting the last applied index to:(t:0, i:~)
2024-04-25 19:26:06,100 [4945050d-eb1e-4df3-bd8a-540f8ab6232f-groupManagement] INFO  server.RaftServerConfigKeys (ConfUtils.java:logGet(46)) - raft.server.log.use.memory = false (default)
2024-04-25 19:26:06,100 [4945050d-eb1e-4df3-bd8a-540f8ab6232f-groupManagement] INFO  server.RaftServerConfigKeys (ConfUtils.java:logGet(46)) - raft.server.log.purge.gap = 1000000 (custom)
2024-04-25 19:26:06,100 [4945050d-eb1e-4df3-bd8a-540f8ab6232f-groupManagement] INFO  server.RaftServerConfigKeys (ConfUtils.java:logGet(46)) - raft.server.log.appender.buffer.byte-limit = 8388608 (custom)
2024-04-25 19:26:06,100 [4945050d-eb1e-4df3-bd8a-540f8ab6232f-groupManagement] INFO  server.RaftServerConfigKeys (ConfUtils.java:logGet(46)) - raft.server.log.statemachine.data.read.timeout = 1000ms (default)
2024-04-25 19:26:06,100 [4945050d-eb1e-4df3-bd8a-540f8ab6232f-groupManagement] INFO  server.RaftServerConfigKeys (ConfUtils.java:logGet(46)) - raft.server.log.purge.preservation.log.num = 0 (default)
2024-04-25 19:26:06,102 [4945050d-eb1e-4df3-bd8a-540f8ab6232f-groupManagement] INFO  server.RaftServerConfigKeys (ConfUtils.java:logGet(46)) - raft.server.log.segment.size.max = 67108864 (custom)
2024-04-25 19:26:06,102 [4945050d-eb1e-4df3-bd8a-540f8ab6232f-groupManagement] INFO  server.RaftServerConfigKeys (ConfUtils.java:logGet(46)) - raft.server.log.segment.cache.num.max = 2 (custom)
2024-04-25 19:26:06,102 [4945050d-eb1e-4df3-bd8a-540f8ab6232f-groupManagement] INFO  server.RaftServerConfigKeys (ConfUtils.java:logGet(46)) - raft.server.log.segment.cache.size.max = 200MB (=209715200) (default)
2024-04-25 19:26:06,102 [4945050d-eb1e-4df3-bd8a-540f8ab6232f-groupManagement] INFO  server.RaftServerConfigKeys (ConfUtils.java:logGet(46)) - raft.server.log.appender.buffer.byte-limit = 8388608 (custom)
2024-04-25 19:26:06,102 [EventQueue-PipelineReportForPipelineReportHandler] INFO  pipeline.PipelineReportHandler (PipelineReportHandler.java:processPipelineReport(136)) - Opened pipeline PipelineID=b39c89f4-8c5d-4b78-9148-f88e56931252
2024-04-25 19:26:06,103 [4945050d-eb1e-4df3-bd8a-540f8ab6232f-groupManagement] INFO  util.AwaitToRun (AwaitToRun.java:start(81)) - Thread[4945050d-eb1e-4df3-bd8a-540f8ab6232f@group-F88E56931252-cacheEviction-AwaitToRun,5,main] started
2024-04-25 19:26:06,103 [4945050d-eb1e-4df3-bd8a-540f8ab6232f-groupManagement] INFO  segmented.SegmentedRaftLogWorker (SegmentedRaftLogWorker.java:<init>(182)) - new 4945050d-eb1e-4df3-bd8a-540f8ab6232f@group-F88E56931252-SegmentedRaftLogWorker for RaftStorageImpl:Storage Directory /home/runner/work/ozone/ozone/hadoop-ozone/integration-test/target/test-dir/MiniOzoneClusterImpl-f82f7a4c-b7ce-4bc7-bddc-b4ce9d407ba8/ozone-meta/datanode-1/ratis/b39c89f4-8c5d-4b78-9148-f88e56931252
2024-04-25 19:26:06,103 [4945050d-eb1e-4df3-bd8a-540f8ab6232f-groupManagement] INFO  server.RaftServerConfigKeys (ConfUtils.java:logGet(46)) - raft.server.log.queue.byte-limit = 4294967296 (custom)
2024-04-25 19:26:06,103 [4945050d-eb1e-4df3-bd8a-540f8ab6232f-groupManagement] INFO  server.RaftServerConfigKeys (ConfUtils.java:logGet(46)) - raft.server.log.queue.element-limit = 1024 (custom)
2024-04-25 19:26:06,103 [4945050d-eb1e-4df3-bd8a-540f8ab6232f-groupManagement] INFO  server.RaftServerConfigKeys (ConfUtils.java:logGet(46)) - raft.server.log.segment.size.max = 67108864 (custom)
2024-04-25 19:26:06,103 [4945050d-eb1e-4df3-bd8a-540f8ab6232f-groupManagement] INFO  server.RaftServerConfigKeys (ConfUtils.java:logGet(46)) - raft.server.log.preallocated.size = 4194304 (custom)
2024-04-25 19:26:06,104 [4945050d-eb1e-4df3-bd8a-540f8ab6232f-groupManagement] INFO  server.RaftServerConfigKeys (ConfUtils.java:logGet(46)) - raft.server.log.force.sync.num = 128 (default)
2024-04-25 19:26:06,104 [4945050d-eb1e-4df3-bd8a-540f8ab6232f-groupManagement] INFO  server.RaftServerConfigKeys (ConfUtils.java:logGet(46)) - raft.server.log.statemachine.data.sync = true (default)
2024-04-25 19:26:06,104 [4945050d-eb1e-4df3-bd8a-540f8ab6232f-groupManagement] INFO  server.RaftServerConfigKeys (ConfUtils.java:logGet(46)) - raft.server.log.statemachine.data.sync.timeout = 10s (default)
2024-04-25 19:26:06,104 [4945050d-eb1e-4df3-bd8a-540f8ab6232f-groupManagement] INFO  server.RaftServerConfigKeys (ConfUtils.java:logGet(46)) - raft.server.log.statemachine.data.sync.timeout.retry = 30 (custom)
2024-04-25 19:26:06,103 [EventQueue-OpenPipelineForHealthyPipelineSafeModeRule] INFO  safemode.SCMSafeModeManager (HealthyPipelineSafeModeRule.java:process(140)) - SCM in safe mode. Healthy pipelines reported count is 0, required healthy pipeline reported count is 1
2024-04-25 19:26:06,104 [4945050d-eb1e-4df3-bd8a-540f8ab6232f-groupManagement] INFO  server.RaftServerConfigKeys (ConfUtils.java:logGet(46)) - raft.server.log.write.buffer.size = 8388616 (custom)
2024-04-25 19:26:06,106 [4945050d-eb1e-4df3-bd8a-540f8ab6232f-groupManagement] INFO  server.RaftServerConfigKeys (ConfUtils.java:logGet(46)) - raft.server.log.appender.buffer.byte-limit = 8388608 (custom)
2024-04-25 19:26:06,106 [4945050d-eb1e-4df3-bd8a-540f8ab6232f-groupManagement] INFO  server.RaftServerConfigKeys (ConfUtils.java:logGet(46)) - raft.server.log.unsafe-flush.enabled = false (default)
2024-04-25 19:26:06,106 [4945050d-eb1e-4df3-bd8a-540f8ab6232f-groupManagement] INFO  server.RaftServerConfigKeys (ConfUtils.java:logGet(46)) - raft.server.log.async-flush.enabled = false (default)
2024-04-25 19:26:06,106 [4945050d-eb1e-4df3-bd8a-540f8ab6232f-groupManagement] INFO  server.RaftServerConfigKeys (ConfUtils.java:logGet(46)) - raft.server.log.statemachine.data.caching.enabled = true (custom)
2024-04-25 19:26:06,106 [4945050d-eb1e-4df3-bd8a-540f8ab6232f-groupManagement] INFO  segmented.SegmentedRaftLogWorker (SegmentedRaftLogWorker.java:lambda$new$0(134)) - 4945050d-eb1e-4df3-bd8a-540f8ab6232f@group-F88E56931252-SegmentedRaftLogWorker: flushIndex: setUnconditionally 0 -> -1
2024-04-25 19:26:06,106 [4945050d-eb1e-4df3-bd8a-540f8ab6232f-groupManagement] INFO  segmented.SegmentedRaftLogWorker (SegmentedRaftLogWorker.java:lambda$new$0(134)) - 4945050d-eb1e-4df3-bd8a-540f8ab6232f@group-F88E56931252-SegmentedRaftLogWorker: safeCacheEvictIndex: setUnconditionally 0 -> -1
2024-04-25 19:26:06,107 [4945050d-eb1e-4df3-bd8a-540f8ab6232f-groupManagement] INFO  server.RaftServer$Division (RaftServerImpl.java:start(396)) - 4945050d-eb1e-4df3-bd8a-540f8ab6232f@group-F88E56931252: start as a follower, conf=-1: peers:[4945050d-eb1e-4df3-bd8a-540f8ab6232f|127.0.0.1:15281]|listeners:[], old=null
2024-04-25 19:26:06,107 [4945050d-eb1e-4df3-bd8a-540f8ab6232f-groupManagement] INFO  server.RaftServer$Division (RaftServerImpl.java:setRole(383)) - 4945050d-eb1e-4df3-bd8a-540f8ab6232f@group-F88E56931252: changes role from      null to FOLLOWER at term 0 for startAsFollower
2024-04-25 19:26:06,107 [4945050d-eb1e-4df3-bd8a-540f8ab6232f-groupManagement] INFO  impl.RoleInfo (RoleInfo.java:updateAndGet(139)) - 4945050d-eb1e-4df3-bd8a-540f8ab6232f: start 4945050d-eb1e-4df3-bd8a-540f8ab6232f@group-F88E56931252-FollowerState
2024-04-25 19:26:06,107 [4945050d-eb1e-4df3-bd8a-540f8ab6232f-groupManagement] INFO  util.JmxRegister (JmxRegister.java:tryRegister(44)) - Successfully registered JMX Bean with object name Ratis:service=RaftServer,group=group-F88E56931252,id=4945050d-eb1e-4df3-bd8a-540f8ab6232f
2024-04-25 19:26:06,107 [4945050d-eb1e-4df3-bd8a-540f8ab6232f-groupManagement] INFO  server.RaftServerConfigKeys (ConfUtils.java:logGet(46)) - raft.server.snapshot.trigger-when-stop.enabled = true (default)
2024-04-25 19:26:06,107 [4945050d-eb1e-4df3-bd8a-540f8ab6232f-groupManagement] INFO  server.RaftServerConfigKeys (ConfUtils.java:logGet(46)) - raft.server.snapshot.auto.trigger.enabled = true (custom)
2024-04-25 19:26:06,107 [4945050d-eb1e-4df3-bd8a-540f8ab6232f-groupManagement] INFO  server.RaftServerConfigKeys (ConfUtils.java:logGet(46)) - raft.server.snapshot.auto.trigger.threshold = 10000 (custom)
2024-04-25 19:26:06,107 [4945050d-eb1e-4df3-bd8a-540f8ab6232f-groupManagement] INFO  server.RaftServerConfigKeys (ConfUtils.java:logGet(46)) - raft.server.snapshot.retention.file.num = 5 (custom)
2024-04-25 19:26:06,107 [4945050d-eb1e-4df3-bd8a-540f8ab6232f-groupManagement] INFO  server.RaftServerConfigKeys (ConfUtils.java:logGet(46)) - raft.server.log.purge.upto.snapshot.index = false (default)
2024-04-25 19:26:06,108 [4945050d-eb1e-4df3-bd8a-540f8ab6232f@group-F88E56931252-FollowerState] INFO  server.RaftServerConfigKeys (ConfUtils.java:logFallback(53)) - raft.server.rpc.first-election.timeout.min = 5s (fallback to raft.server.rpc.timeout.min)
2024-04-25 19:26:06,108 [4945050d-eb1e-4df3-bd8a-540f8ab6232f@group-F88E56931252-FollowerState] INFO  server.RaftServerConfigKeys (ConfUtils.java:logFallback(53)) - raft.server.rpc.first-election.timeout.max = 5200ms (fallback to raft.server.rpc.timeout.max)
2024-04-25 19:26:06,108 [4945050d-eb1e-4df3-bd8a-540f8ab6232f-PipelineCommandHandlerThread-0] INFO  ratis.XceiverServerRatis (XceiverServerRatis.java:addGroup(864)) - Created group PipelineID=b39c89f4-8c5d-4b78-9148-f88e56931252
2024-04-25 19:26:06,108 [4945050d-eb1e-4df3-bd8a-540f8ab6232f-PipelineCommandHandlerThread-0] INFO  commandhandler.CreatePipelineCommandHandler (CreatePipelineCommandHandler.java:lambda$handle$2(124)) - Created Pipeline RATIS ONE PipelineID=b39c89f4-8c5d-4b78-9148-f88e56931252.
2024-04-25 19:26:06,109 [4945050d-eb1e-4df3-bd8a-540f8ab6232f-PipelineCommandHandlerThread-0] INFO  server.RaftServer (RaftServerProxy.java:addNew(100)) - 4945050d-eb1e-4df3-bd8a-540f8ab6232f: addNew group-6861FFED6B0C:[4945050d-eb1e-4df3-bd8a-540f8ab6232f|127.0.0.1:15281, 023363e8-92b8-4e04-85cd-0caf25b811fc|127.0.0.1:15290, f28f6cfa-fb4d-46cf-94dd-cb052c8a0835|127.0.0.1:15299] returns group-6861FFED6B0C:java.util.concurrent.CompletableFuture@5605e09d[Not completed]
2024-04-25 19:26:06,109 [4945050d-eb1e-4df3-bd8a-540f8ab6232f-groupManagement] INFO  server.RaftServer$Division (RaftServerImpl.java:<init>(256)) - 4945050d-eb1e-4df3-bd8a-540f8ab6232f: new RaftServerImpl for group-6861FFED6B0C:[4945050d-eb1e-4df3-bd8a-540f8ab6232f|127.0.0.1:15281, 023363e8-92b8-4e04-85cd-0caf25b811fc|127.0.0.1:15290, f28f6cfa-fb4d-46cf-94dd-cb052c8a0835|127.0.0.1:15299] with ContainerStateMachine:uninitialized
2024-04-25 19:26:06,109 [4945050d-eb1e-4df3-bd8a-540f8ab6232f-groupManagement] INFO  server.RaftServerConfigKeys (ConfUtils.java:logGet(46)) - raft.server.rpc.timeout.min = 5s (custom)
2024-04-25 19:26:06,109 [4945050d-eb1e-4df3-bd8a-540f8ab6232f-groupManagement] INFO  server.RaftServerConfigKeys (ConfUtils.java:logGet(46)) - raft.server.rpc.timeout.max = 5200ms (custom)
2024-04-25 19:26:06,109 [4945050d-eb1e-4df3-bd8a-540f8ab6232f-groupManagement] INFO  server.RaftServerConfigKeys (ConfUtils.java:logGet(46)) - raft.server.rpc.sleep.time = 25ms (default)
2024-04-25 19:26:06,110 [4945050d-eb1e-4df3-bd8a-540f8ab6232f-groupManagement] INFO  server.RaftServerConfigKeys (ConfUtils.java:logGet(46)) - raft.server.rpc.slowness.timeout = 300000ms (custom)
2024-04-25 19:26:06,110 [4945050d-eb1e-4df3-bd8a-540f8ab6232f-groupManagement] INFO  server.RaftServerConfigKeys (ConfUtils.java:logGet(46)) - raft.server.leaderelection.leader.step-down.wait-time = 10s (default)
2024-04-25 19:26:06,110 [4945050d-eb1e-4df3-bd8a-540f8ab6232f-groupManagement] INFO  server.RaftServerConfigKeys (ConfUtils.java:logGet(46)) - raft.server.leaderelection.member.majority-add = false (default)
2024-04-25 19:26:06,110 [4945050d-eb1e-4df3-bd8a-540f8ab6232f-groupManagement] INFO  server.RaftServerConfigKeys (ConfUtils.java:logGet(46)) - raft.server.sleep.deviation.threshold = 300ms (default)
2024-04-25 19:26:06,110 [4945050d-eb1e-4df3-bd8a-540f8ab6232f-groupManagement] INFO  server.RaftServer$Division (ServerState.java:<init>(113)) - 4945050d-eb1e-4df3-bd8a-540f8ab6232f@group-6861FFED6B0C: ConfigurationManager, init=-1: peers:[4945050d-eb1e-4df3-bd8a-540f8ab6232f|127.0.0.1:15281, 023363e8-92b8-4e04-85cd-0caf25b811fc|127.0.0.1:15290, f28f6cfa-fb4d-46cf-94dd-cb052c8a0835|127.0.0.1:15299]|listeners:[], old=null, confs=<EMPTY_MAP>
2024-04-25 19:26:06,110 [4945050d-eb1e-4df3-bd8a-540f8ab6232f-groupManagement] INFO  server.RaftServerConfigKeys (ConfUtils.java:logGet(46)) - raft.server.notification.no-leader.timeout = 300000ms (custom)
2024-04-25 19:26:06,110 [4945050d-eb1e-4df3-bd8a-540f8ab6232f-groupManagement] INFO  server.RaftServerConfigKeys (ConfUtils.java:logGet(46)) - raft.server.read.timeout = 10s (default)
2024-04-25 19:26:06,110 [4945050d-eb1e-4df3-bd8a-540f8ab6232f-groupManagement] INFO  server.RaftServerConfigKeys (ConfUtils.java:logGet(46)) - raft.server.retrycache.expirytime = 600000ms (custom)
2024-04-25 19:26:06,110 [4945050d-eb1e-4df3-bd8a-540f8ab6232f-groupManagement] INFO  server.RaftServerConfigKeys (ConfUtils.java:logGet(46)) - raft.server.retrycache.statistics.expirytime = 100ms (default)
2024-04-25 19:26:06,110 [4945050d-eb1e-4df3-bd8a-540f8ab6232f-groupManagement] INFO  server.RaftServerConfigKeys (ConfUtils.java:logGet(46)) - raft.server.read.option = DEFAULT (default)
2024-04-25 19:26:06,110 [4945050d-eb1e-4df3-bd8a-540f8ab6232f-groupManagement] INFO  server.RaftServerConfigKeys (ConfUtils.java:logGet(46)) - raft.server.read.read-after-write-consistent.write-index-cache.expiry-time = 60s (default)
2024-04-25 19:26:06,113 [4945050d-eb1e-4df3-bd8a-540f8ab6232f-groupManagement] INFO  server.RaftServerConfigKeys (ConfUtils.java:logGet(46)) - raft.server.rpc.request.timeout = 3000ms (default)
2024-04-25 19:26:06,113 [4945050d-eb1e-4df3-bd8a-540f8ab6232f-groupManagement] INFO  server.RaftServerConfigKeys (ConfUtils.java:logGet(46)) - raft.server.log.appender.install.snapshot.enabled = false (custom)
2024-04-25 19:26:06,113 [4945050d-eb1e-4df3-bd8a-540f8ab6232f-groupManagement] INFO  server.RaftServerConfigKeys (ConfUtils.java:logGet(46)) - raft.server.threadpool.server.cached = true (default)
2024-04-25 19:26:06,113 [4945050d-eb1e-4df3-bd8a-540f8ab6232f-groupManagement] INFO  server.RaftServerConfigKeys (ConfUtils.java:logGet(46)) - raft.server.threadpool.server.size = 0 (default)
2024-04-25 19:26:06,113 [4945050d-eb1e-4df3-bd8a-540f8ab6232f-groupManagement] INFO  server.RaftServerConfigKeys (ConfUtils.java:logGet(46)) - raft.server.threadpool.client.cached = true (default)
2024-04-25 19:26:06,113 [4945050d-eb1e-4df3-bd8a-540f8ab6232f-groupManagement] INFO  server.RaftServerConfigKeys (ConfUtils.java:logGet(46)) - raft.server.threadpool.client.size = 0 (default)
2024-04-25 19:26:06,113 [4945050d-eb1e-4df3-bd8a-540f8ab6232f-groupManagement] INFO  server.RaftServerConfigKeys (ConfUtils.java:logGet(46)) - raft.server.storage.free-space.min = 0MB (=0) (default)
2024-04-25 19:26:06,113 [4945050d-eb1e-4df3-bd8a-540f8ab6232f-groupManagement] INFO  server.RaftServerConfigKeys (ConfUtils.java:logGet(46)) - raft.server.log.corruption.policy = EXCEPTION (default)
2024-04-25 19:26:06,113 [4945050d-eb1e-4df3-bd8a-540f8ab6232f-groupManagement] INFO  server.RaftServerConfigKeys (ConfUtils.java:logGet(46)) - raft.server.storage.dir = [/home/runner/work/ozone/ozone/hadoop-ozone/integration-test/target/test-dir/MiniOzoneClusterImpl-f82f7a4c-b7ce-4bc7-bddc-b4ce9d407ba8/ozone-meta/datanode-1/ratis] (custom)
2024-04-25 19:26:06,113 [4945050d-eb1e-4df3-bd8a-540f8ab6232f-groupManagement] INFO  storage.RaftStorageDirectory (RaftStorageDirectoryImpl.java:analyzeStorage(138)) - The storage directory /home/runner/work/ozone/ozone/hadoop-ozone/integration-test/target/test-dir/MiniOzoneClusterImpl-f82f7a4c-b7ce-4bc7-bddc-b4ce9d407ba8/ozone-meta/datanode-1/ratis/1c4a0937-556e-49ca-b55d-6861ffed6b0c does not exist. Creating ...
2024-04-25 19:26:06,114 [4945050d-eb1e-4df3-bd8a-540f8ab6232f-groupManagement] INFO  storage.RaftStorageDirectory (RaftStorageDirectoryImpl.java:tryLock(228)) - Lock on /home/runner/work/ozone/ozone/hadoop-ozone/integration-test/target/test-dir/MiniOzoneClusterImpl-f82f7a4c-b7ce-4bc7-bddc-b4ce9d407ba8/ozone-meta/datanode-1/ratis/1c4a0937-556e-49ca-b55d-6861ffed6b0c/in_use.lock acquired by nodename 21201@fv-az524-255
2024-04-25 19:26:06,115 [4945050d-eb1e-4df3-bd8a-540f8ab6232f-groupManagement] INFO  storage.RaftStorage (RaftStorageImpl.java:format(99)) - Storage directory /home/runner/work/ozone/ozone/hadoop-ozone/integration-test/target/test-dir/MiniOzoneClusterImpl-f82f7a4c-b7ce-4bc7-bddc-b4ce9d407ba8/ozone-meta/datanode-1/ratis/1c4a0937-556e-49ca-b55d-6861ffed6b0c has been successfully formatted.
2024-04-25 19:26:06,115 [4945050d-eb1e-4df3-bd8a-540f8ab6232f-groupManagement] WARN  util.FileUtils (LogUtils.java:supplyAndLog(63)) - Failed to Files.newInputStream /home/runner/work/ozone/ozone/hadoop-ozone/integration-test/target/test-dir/MiniOzoneClusterImpl-f82f7a4c-b7ce-4bc7-bddc-b4ce9d407ba8/ozone-meta/datanode-1/ratis/1c4a0937-556e-49ca-b55d-6861ffed6b0c/current/raft-meta.conf with options []: java.nio.file.NoSuchFileException: /home/runner/work/ozone/ozone/hadoop-ozone/integration-test/target/test-dir/MiniOzoneClusterImpl-f82f7a4c-b7ce-4bc7-bddc-b4ce9d407ba8/ozone-meta/datanode-1/ratis/1c4a0937-556e-49ca-b55d-6861ffed6b0c/current/raft-meta.conf
2024-04-25 19:26:06,116 [4945050d-eb1e-4df3-bd8a-540f8ab6232f-groupManagement] INFO  ratis.ContainerStateMachine (ContainerStateMachine.java:loadSnapshot(287)) - group-6861FFED6B0C: The snapshot info is null. Setting the last applied index to:(t:0, i:~)
2024-04-25 19:26:06,116 [4945050d-eb1e-4df3-bd8a-540f8ab6232f-groupManagement] INFO  server.RaftServerConfigKeys (ConfUtils.java:logGet(46)) - raft.server.log.use.memory = false (default)
2024-04-25 19:26:06,116 [4945050d-eb1e-4df3-bd8a-540f8ab6232f-groupManagement] INFO  server.RaftServerConfigKeys (ConfUtils.java:logGet(46)) - raft.server.log.purge.gap = 1000000 (custom)
2024-04-25 19:26:06,116 [4945050d-eb1e-4df3-bd8a-540f8ab6232f-groupManagement] INFO  server.RaftServerConfigKeys (ConfUtils.java:logGet(46)) - raft.server.log.appender.buffer.byte-limit = 8388608 (custom)
2024-04-25 19:26:06,116 [4945050d-eb1e-4df3-bd8a-540f8ab6232f-groupManagement] INFO  server.RaftServerConfigKeys (ConfUtils.java:logGet(46)) - raft.server.log.statemachine.data.read.timeout = 1000ms (default)
2024-04-25 19:26:06,116 [4945050d-eb1e-4df3-bd8a-540f8ab6232f-groupManagement] INFO  server.RaftServerConfigKeys (ConfUtils.java:logGet(46)) - raft.server.log.purge.preservation.log.num = 0 (default)
2024-04-25 19:26:06,117 [EventQueue-OpenPipelineForHealthyPipelineSafeModeRule] INFO  safemode.SCMSafeModeManager (HealthyPipelineSafeModeRule.java:process(140)) - SCM in safe mode. Healthy pipelines reported count is 0, required healthy pipeline reported count is 1
2024-04-25 19:26:06,118 [4945050d-eb1e-4df3-bd8a-540f8ab6232f-groupManagement] INFO  server.RaftServerConfigKeys (ConfUtils.java:logGet(46)) - raft.server.log.segment.size.max = 67108864 (custom)
2024-04-25 19:26:06,118 [4945050d-eb1e-4df3-bd8a-540f8ab6232f-groupManagement] INFO  server.RaftServerConfigKeys (ConfUtils.java:logGet(46)) - raft.server.log.segment.cache.num.max = 2 (custom)
2024-04-25 19:26:06,118 [4945050d-eb1e-4df3-bd8a-540f8ab6232f-groupManagement] INFO  server.RaftServerConfigKeys (ConfUtils.java:logGet(46)) - raft.server.log.segment.cache.size.max = 200MB (=209715200) (default)
2024-04-25 19:26:06,118 [4945050d-eb1e-4df3-bd8a-540f8ab6232f-groupManagement] INFO  server.RaftServerConfigKeys (ConfUtils.java:logGet(46)) - raft.server.log.appender.buffer.byte-limit = 8388608 (custom)
2024-04-25 19:26:06,118 [4945050d-eb1e-4df3-bd8a-540f8ab6232f-groupManagement] INFO  util.AwaitToRun (AwaitToRun.java:start(81)) - Thread[4945050d-eb1e-4df3-bd8a-540f8ab6232f@group-6861FFED6B0C-cacheEviction-AwaitToRun,5,main] started
2024-04-25 19:26:06,119 [4945050d-eb1e-4df3-bd8a-540f8ab6232f-groupManagement] INFO  segmented.SegmentedRaftLogWorker (SegmentedRaftLogWorker.java:<init>(182)) - new 4945050d-eb1e-4df3-bd8a-540f8ab6232f@group-6861FFED6B0C-SegmentedRaftLogWorker for RaftStorageImpl:Storage Directory /home/runner/work/ozone/ozone/hadoop-ozone/integration-test/target/test-dir/MiniOzoneClusterImpl-f82f7a4c-b7ce-4bc7-bddc-b4ce9d407ba8/ozone-meta/datanode-1/ratis/1c4a0937-556e-49ca-b55d-6861ffed6b0c
2024-04-25 19:26:06,119 [4945050d-eb1e-4df3-bd8a-540f8ab6232f-groupManagement] INFO  server.RaftServerConfigKeys (ConfUtils.java:logGet(46)) - raft.server.log.queue.byte-limit = 4294967296 (custom)
2024-04-25 19:26:06,119 [4945050d-eb1e-4df3-bd8a-540f8ab6232f-groupManagement] INFO  server.RaftServerConfigKeys (ConfUtils.java:logGet(46)) - raft.server.log.queue.element-limit = 1024 (custom)
2024-04-25 19:26:06,119 [4945050d-eb1e-4df3-bd8a-540f8ab6232f-groupManagement] INFO  server.RaftServerConfigKeys (ConfUtils.java:logGet(46)) - raft.server.log.segment.size.max = 67108864 (custom)
2024-04-25 19:26:06,119 [4945050d-eb1e-4df3-bd8a-540f8ab6232f-groupManagement] INFO  server.RaftServerConfigKeys (ConfUtils.java:logGet(46)) - raft.server.log.preallocated.size = 4194304 (custom)
2024-04-25 19:26:06,119 [4945050d-eb1e-4df3-bd8a-540f8ab6232f-groupManagement] INFO  server.RaftServerConfigKeys (ConfUtils.java:logGet(46)) - raft.server.log.force.sync.num = 128 (default)
2024-04-25 19:26:06,119 [4945050d-eb1e-4df3-bd8a-540f8ab6232f-groupManagement] INFO  server.RaftServerConfigKeys (ConfUtils.java:logGet(46)) - raft.server.log.statemachine.data.sync = true (default)
2024-04-25 19:26:06,119 [4945050d-eb1e-4df3-bd8a-540f8ab6232f-groupManagement] INFO  server.RaftServerConfigKeys (ConfUtils.java:logGet(46)) - raft.server.log.statemachine.data.sync.timeout = 10s (default)
2024-04-25 19:26:06,119 [4945050d-eb1e-4df3-bd8a-540f8ab6232f-groupManagement] INFO  server.RaftServerConfigKeys (ConfUtils.java:logGet(46)) - raft.server.log.statemachine.data.sync.timeout.retry = 30 (custom)
2024-04-25 19:26:06,119 [4945050d-eb1e-4df3-bd8a-540f8ab6232f-groupManagement] INFO  server.RaftServerConfigKeys (ConfUtils.java:logGet(46)) - raft.server.log.write.buffer.size = 8388616 (custom)
2024-04-25 19:26:06,120 [4945050d-eb1e-4df3-bd8a-540f8ab6232f-groupManagement] INFO  server.RaftServerConfigKeys (ConfUtils.java:logGet(46)) - raft.server.log.appender.buffer.byte-limit = 8388608 (custom)
2024-04-25 19:26:06,120 [4945050d-eb1e-4df3-bd8a-540f8ab6232f-groupManagement] INFO  server.RaftServerConfigKeys (ConfUtils.java:logGet(46)) - raft.server.log.unsafe-flush.enabled = false (default)
2024-04-25 19:26:06,121 [4945050d-eb1e-4df3-bd8a-540f8ab6232f-groupManagement] INFO  server.RaftServerConfigKeys (ConfUtils.java:logGet(46)) - raft.server.log.async-flush.enabled = false (default)
2024-04-25 19:26:06,121 [4945050d-eb1e-4df3-bd8a-540f8ab6232f-groupManagement] INFO  server.RaftServerConfigKeys (ConfUtils.java:logGet(46)) - raft.server.log.statemachine.data.caching.enabled = true (custom)
2024-04-25 19:26:06,121 [4945050d-eb1e-4df3-bd8a-540f8ab6232f-groupManagement] INFO  segmented.SegmentedRaftLogWorker (SegmentedRaftLogWorker.java:lambda$new$0(134)) - 4945050d-eb1e-4df3-bd8a-540f8ab6232f@group-6861FFED6B0C-SegmentedRaftLogWorker: flushIndex: setUnconditionally 0 -> -1
2024-04-25 19:26:06,121 [4945050d-eb1e-4df3-bd8a-540f8ab6232f-groupManagement] INFO  segmented.SegmentedRaftLogWorker (SegmentedRaftLogWorker.java:lambda$new$0(134)) - 4945050d-eb1e-4df3-bd8a-540f8ab6232f@group-6861FFED6B0C-SegmentedRaftLogWorker: safeCacheEvictIndex: setUnconditionally 0 -> -1
2024-04-25 19:26:06,121 [4945050d-eb1e-4df3-bd8a-540f8ab6232f-groupManagement] INFO  server.RaftServer$Division (RaftServerImpl.java:start(396)) - 4945050d-eb1e-4df3-bd8a-540f8ab6232f@group-6861FFED6B0C: start as a follower, conf=-1: peers:[4945050d-eb1e-4df3-bd8a-540f8ab6232f|127.0.0.1:15281, 023363e8-92b8-4e04-85cd-0caf25b811fc|127.0.0.1:15290, f28f6cfa-fb4d-46cf-94dd-cb052c8a0835|127.0.0.1:15299]|listeners:[], old=null
2024-04-25 19:26:06,121 [4945050d-eb1e-4df3-bd8a-540f8ab6232f-groupManagement] INFO  server.RaftServer$Division (RaftServerImpl.java:setRole(383)) - 4945050d-eb1e-4df3-bd8a-540f8ab6232f@group-6861FFED6B0C: changes role from      null to FOLLOWER at term 0 for startAsFollower
2024-04-25 19:26:06,121 [4945050d-eb1e-4df3-bd8a-540f8ab6232f-groupManagement] INFO  impl.RoleInfo (RoleInfo.java:updateAndGet(139)) - 4945050d-eb1e-4df3-bd8a-540f8ab6232f: start 4945050d-eb1e-4df3-bd8a-540f8ab6232f@group-6861FFED6B0C-FollowerState
2024-04-25 19:26:06,121 [4945050d-eb1e-4df3-bd8a-540f8ab6232f@group-6861FFED6B0C-FollowerState] INFO  server.RaftServerConfigKeys (ConfUtils.java:logFallback(53)) - raft.server.rpc.first-election.timeout.min = 5s (fallback to raft.server.rpc.timeout.min)
2024-04-25 19:26:06,121 [4945050d-eb1e-4df3-bd8a-540f8ab6232f-groupManagement] INFO  util.JmxRegister (JmxRegister.java:tryRegister(44)) - Successfully registered JMX Bean with object name Ratis:service=RaftServer,group=group-6861FFED6B0C,id=4945050d-eb1e-4df3-bd8a-540f8ab6232f
2024-04-25 19:26:06,121 [4945050d-eb1e-4df3-bd8a-540f8ab6232f-groupManagement] INFO  server.RaftServerConfigKeys (ConfUtils.java:logGet(46)) - raft.server.snapshot.trigger-when-stop.enabled = true (default)
2024-04-25 19:26:06,121 [4945050d-eb1e-4df3-bd8a-540f8ab6232f-groupManagement] INFO  server.RaftServerConfigKeys (ConfUtils.java:logGet(46)) - raft.server.snapshot.auto.trigger.enabled = true (custom)
2024-04-25 19:26:06,122 [4945050d-eb1e-4df3-bd8a-540f8ab6232f-groupManagement] INFO  server.RaftServerConfigKeys (ConfUtils.java:logGet(46)) - raft.server.snapshot.auto.trigger.threshold = 10000 (custom)
2024-04-25 19:26:06,121 [4945050d-eb1e-4df3-bd8a-540f8ab6232f@group-6861FFED6B0C-FollowerState] INFO  server.RaftServerConfigKeys (ConfUtils.java:logFallback(53)) - raft.server.rpc.first-election.timeout.max = 5200ms (fallback to raft.server.rpc.timeout.max)
2024-04-25 19:26:06,122 [4945050d-eb1e-4df3-bd8a-540f8ab6232f-groupManagement] INFO  server.RaftServerConfigKeys (ConfUtils.java:logGet(46)) - raft.server.snapshot.retention.file.num = 5 (custom)
2024-04-25 19:26:06,122 [4945050d-eb1e-4df3-bd8a-540f8ab6232f-groupManagement] INFO  server.RaftServerConfigKeys (ConfUtils.java:logGet(46)) - raft.server.log.purge.upto.snapshot.index = false (default)
2024-04-25 19:26:06,122 [4945050d-eb1e-4df3-bd8a-540f8ab6232f-PipelineCommandHandlerThread-0] INFO  ratis.XceiverServerRatis (XceiverServerRatis.java:addGroup(864)) - Created group PipelineID=1c4a0937-556e-49ca-b55d-6861ffed6b0c
2024-04-25 19:26:06,128 [grpc-default-executor-2] INFO  server.RaftServer (RaftServerProxy.java:addNew(100)) - f28f6cfa-fb4d-46cf-94dd-cb052c8a0835: addNew group-6861FFED6B0C:[4945050d-eb1e-4df3-bd8a-540f8ab6232f|127.0.0.1:15281, 023363e8-92b8-4e04-85cd-0caf25b811fc|127.0.0.1:15290, f28f6cfa-fb4d-46cf-94dd-cb052c8a0835|127.0.0.1:15299] returns group-6861FFED6B0C:java.util.concurrent.CompletableFuture@4a159ef4[Not completed]
2024-04-25 19:26:06,129 [f28f6cfa-fb4d-46cf-94dd-cb052c8a0835-groupManagement] INFO  server.RaftServer$Division (RaftServerImpl.java:<init>(256)) - f28f6cfa-fb4d-46cf-94dd-cb052c8a0835: new RaftServerImpl for group-6861FFED6B0C:[4945050d-eb1e-4df3-bd8a-540f8ab6232f|127.0.0.1:15281, 023363e8-92b8-4e04-85cd-0caf25b811fc|127.0.0.1:15290, f28f6cfa-fb4d-46cf-94dd-cb052c8a0835|127.0.0.1:15299] with ContainerStateMachine:uninitialized
2024-04-25 19:26:06,129 [f28f6cfa-fb4d-46cf-94dd-cb052c8a0835-groupManagement] INFO  server.RaftServerConfigKeys (ConfUtils.java:logGet(46)) - raft.server.rpc.timeout.min = 5s (custom)
2024-04-25 19:26:06,129 [f28f6cfa-fb4d-46cf-94dd-cb052c8a0835-groupManagement] INFO  server.RaftServerConfigKeys (ConfUtils.java:logGet(46)) - raft.server.rpc.timeout.max = 5200ms (custom)
2024-04-25 19:26:06,129 [f28f6cfa-fb4d-46cf-94dd-cb052c8a0835-groupManagement] INFO  server.RaftServerConfigKeys (ConfUtils.java:logGet(46)) - raft.server.rpc.sleep.time = 25ms (default)
2024-04-25 19:26:06,129 [f28f6cfa-fb4d-46cf-94dd-cb052c8a0835-groupManagement] INFO  server.RaftServerConfigKeys (ConfUtils.java:logGet(46)) - raft.server.rpc.slowness.timeout = 300000ms (custom)
2024-04-25 19:26:06,129 [f28f6cfa-fb4d-46cf-94dd-cb052c8a0835-groupManagement] INFO  server.RaftServerConfigKeys (ConfUtils.java:logGet(46)) - raft.server.leaderelection.leader.step-down.wait-time = 10s (default)
2024-04-25 19:26:06,129 [f28f6cfa-fb4d-46cf-94dd-cb052c8a0835-groupManagement] INFO  server.RaftServerConfigKeys (ConfUtils.java:logGet(46)) - raft.server.leaderelection.member.majority-add = false (default)
2024-04-25 19:26:06,129 [f28f6cfa-fb4d-46cf-94dd-cb052c8a0835-groupManagement] INFO  server.RaftServerConfigKeys (ConfUtils.java:logGet(46)) - raft.server.sleep.deviation.threshold = 300ms (default)
2024-04-25 19:26:06,129 [f28f6cfa-fb4d-46cf-94dd-cb052c8a0835-groupManagement] INFO  server.RaftServer$Division (ServerState.java:<init>(113)) - f28f6cfa-fb4d-46cf-94dd-cb052c8a0835@group-6861FFED6B0C: ConfigurationManager, init=-1: peers:[4945050d-eb1e-4df3-bd8a-540f8ab6232f|127.0.0.1:15281, 023363e8-92b8-4e04-85cd-0caf25b811fc|127.0.0.1:15290, f28f6cfa-fb4d-46cf-94dd-cb052c8a0835|127.0.0.1:15299]|listeners:[], old=null, confs=<EMPTY_MAP>
2024-04-25 19:26:06,129 [f28f6cfa-fb4d-46cf-94dd-cb052c8a0835-groupManagement] INFO  server.RaftServerConfigKeys (ConfUtils.java:logGet(46)) - raft.server.notification.no-leader.timeout = 300000ms (custom)
2024-04-25 19:26:06,129 [f28f6cfa-fb4d-46cf-94dd-cb052c8a0835-groupManagement] INFO  server.RaftServerConfigKeys (ConfUtils.java:logGet(46)) - raft.server.read.timeout = 10s (default)
2024-04-25 19:26:06,129 [f28f6cfa-fb4d-46cf-94dd-cb052c8a0835-groupManagement] INFO  server.RaftServerConfigKeys (ConfUtils.java:logGet(46)) - raft.server.retrycache.expirytime = 600000ms (custom)
2024-04-25 19:26:06,129 [f28f6cfa-fb4d-46cf-94dd-cb052c8a0835-groupManagement] INFO  server.RaftServerConfigKeys (ConfUtils.java:logGet(46)) - raft.server.retrycache.statistics.expirytime = 100ms (default)
2024-04-25 19:26:06,130 [f28f6cfa-fb4d-46cf-94dd-cb052c8a0835-groupManagement] INFO  server.RaftServerConfigKeys (ConfUtils.java:logGet(46)) - raft.server.read.option = DEFAULT (default)
2024-04-25 19:26:06,130 [f28f6cfa-fb4d-46cf-94dd-cb052c8a0835-groupManagement] INFO  server.RaftServerConfigKeys (ConfUtils.java:logGet(46)) - raft.server.read.read-after-write-consistent.write-index-cache.expiry-time = 60s (default)
2024-04-25 19:26:06,131 [f28f6cfa-fb4d-46cf-94dd-cb052c8a0835-groupManagement] INFO  server.RaftServerConfigKeys (ConfUtils.java:logGet(46)) - raft.server.rpc.request.timeout = 3000ms (default)
2024-04-25 19:26:06,131 [f28f6cfa-fb4d-46cf-94dd-cb052c8a0835-groupManagement] INFO  server.RaftServerConfigKeys (ConfUtils.java:logGet(46)) - raft.server.log.appender.install.snapshot.enabled = false (custom)
2024-04-25 19:26:06,131 [f28f6cfa-fb4d-46cf-94dd-cb052c8a0835-groupManagement] INFO  server.RaftServerConfigKeys (ConfUtils.java:logGet(46)) - raft.server.threadpool.server.cached = true (default)
2024-04-25 19:26:06,131 [f28f6cfa-fb4d-46cf-94dd-cb052c8a0835-groupManagement] INFO  server.RaftServerConfigKeys (ConfUtils.java:logGet(46)) - raft.server.threadpool.server.size = 0 (default)
2024-04-25 19:26:06,131 [f28f6cfa-fb4d-46cf-94dd-cb052c8a0835-groupManagement] INFO  server.RaftServerConfigKeys (ConfUtils.java:logGet(46)) - raft.server.threadpool.client.cached = true (default)
2024-04-25 19:26:06,132 [f28f6cfa-fb4d-46cf-94dd-cb052c8a0835-groupManagement] INFO  server.RaftServerConfigKeys (ConfUtils.java:logGet(46)) - raft.server.threadpool.client.size = 0 (default)
2024-04-25 19:26:06,132 [f28f6cfa-fb4d-46cf-94dd-cb052c8a0835-groupManagement] INFO  server.RaftServerConfigKeys (ConfUtils.java:logGet(46)) - raft.server.storage.free-space.min = 0MB (=0) (default)
2024-04-25 19:26:06,132 [f28f6cfa-fb4d-46cf-94dd-cb052c8a0835-groupManagement] INFO  server.RaftServerConfigKeys (ConfUtils.java:logGet(46)) - raft.server.log.corruption.policy = EXCEPTION (default)
2024-04-25 19:26:06,132 [f28f6cfa-fb4d-46cf-94dd-cb052c8a0835-groupManagement] INFO  server.RaftServerConfigKeys (ConfUtils.java:logGet(46)) - raft.server.storage.dir = [/home/runner/work/ozone/ozone/hadoop-ozone/integration-test/target/test-dir/MiniOzoneClusterImpl-f82f7a4c-b7ce-4bc7-bddc-b4ce9d407ba8/ozone-meta/datanode-3/ratis] (custom)
2024-04-25 19:26:06,132 [f28f6cfa-fb4d-46cf-94dd-cb052c8a0835-groupManagement] INFO  storage.RaftStorageDirectory (RaftStorageDirectoryImpl.java:analyzeStorage(138)) - The storage directory /home/runner/work/ozone/ozone/hadoop-ozone/integration-test/target/test-dir/MiniOzoneClusterImpl-f82f7a4c-b7ce-4bc7-bddc-b4ce9d407ba8/ozone-meta/datanode-3/ratis/1c4a0937-556e-49ca-b55d-6861ffed6b0c does not exist. Creating ...
2024-04-25 19:26:06,133 [f28f6cfa-fb4d-46cf-94dd-cb052c8a0835-groupManagement] INFO  storage.RaftStorageDirectory (RaftStorageDirectoryImpl.java:tryLock(228)) - Lock on /home/runner/work/ozone/ozone/hadoop-ozone/integration-test/target/test-dir/MiniOzoneClusterImpl-f82f7a4c-b7ce-4bc7-bddc-b4ce9d407ba8/ozone-meta/datanode-3/ratis/1c4a0937-556e-49ca-b55d-6861ffed6b0c/in_use.lock acquired by nodename 21201@fv-az524-255
2024-04-25 19:26:06,134 [f28f6cfa-fb4d-46cf-94dd-cb052c8a0835-groupManagement] INFO  storage.RaftStorage (RaftStorageImpl.java:format(99)) - Storage directory /home/runner/work/ozone/ozone/hadoop-ozone/integration-test/target/test-dir/MiniOzoneClusterImpl-f82f7a4c-b7ce-4bc7-bddc-b4ce9d407ba8/ozone-meta/datanode-3/ratis/1c4a0937-556e-49ca-b55d-6861ffed6b0c has been successfully formatted.
2024-04-25 19:26:06,134 [f28f6cfa-fb4d-46cf-94dd-cb052c8a0835-groupManagement] WARN  util.FileUtils (LogUtils.java:supplyAndLog(63)) - Failed to Files.newInputStream /home/runner/work/ozone/ozone/hadoop-ozone/integration-test/target/test-dir/MiniOzoneClusterImpl-f82f7a4c-b7ce-4bc7-bddc-b4ce9d407ba8/ozone-meta/datanode-3/ratis/1c4a0937-556e-49ca-b55d-6861ffed6b0c/current/raft-meta.conf with options []: java.nio.file.NoSuchFileException: /home/runner/work/ozone/ozone/hadoop-ozone/integration-test/target/test-dir/MiniOzoneClusterImpl-f82f7a4c-b7ce-4bc7-bddc-b4ce9d407ba8/ozone-meta/datanode-3/ratis/1c4a0937-556e-49ca-b55d-6861ffed6b0c/current/raft-meta.conf
2024-04-25 19:26:06,135 [f28f6cfa-fb4d-46cf-94dd-cb052c8a0835-groupManagement] INFO  ratis.ContainerStateMachine (ContainerStateMachine.java:loadSnapshot(287)) - group-6861FFED6B0C: The snapshot info is null. Setting the last applied index to:(t:0, i:~)
2024-04-25 19:26:06,135 [f28f6cfa-fb4d-46cf-94dd-cb052c8a0835-groupManagement] INFO  server.RaftServerConfigKeys (ConfUtils.java:logGet(46)) - raft.server.log.use.memory = false (default)
2024-04-25 19:26:06,135 [f28f6cfa-fb4d-46cf-94dd-cb052c8a0835-groupManagement] INFO  server.RaftServerConfigKeys (ConfUtils.java:logGet(46)) - raft.server.log.purge.gap = 1000000 (custom)
2024-04-25 19:26:06,135 [f28f6cfa-fb4d-46cf-94dd-cb052c8a0835-groupManagement] INFO  server.RaftServerConfigKeys (ConfUtils.java:logGet(46)) - raft.server.log.appender.buffer.byte-limit = 8388608 (custom)
2024-04-25 19:26:06,135 [f28f6cfa-fb4d-46cf-94dd-cb052c8a0835-groupManagement] INFO  server.RaftServerConfigKeys (ConfUtils.java:logGet(46)) - raft.server.log.statemachine.data.read.timeout = 1000ms (default)
2024-04-25 19:26:06,135 [f28f6cfa-fb4d-46cf-94dd-cb052c8a0835-groupManagement] INFO  server.RaftServerConfigKeys (ConfUtils.java:logGet(46)) - raft.server.log.purge.preservation.log.num = 0 (default)
2024-04-25 19:26:06,136 [f28f6cfa-fb4d-46cf-94dd-cb052c8a0835-groupManagement] INFO  server.RaftServerConfigKeys (ConfUtils.java:logGet(46)) - raft.server.log.segment.size.max = 67108864 (custom)
2024-04-25 19:26:06,137 [f28f6cfa-fb4d-46cf-94dd-cb052c8a0835-groupManagement] INFO  server.RaftServerConfigKeys (ConfUtils.java:logGet(46)) - raft.server.log.segment.cache.num.max = 2 (custom)
2024-04-25 19:26:06,137 [f28f6cfa-fb4d-46cf-94dd-cb052c8a0835-groupManagement] INFO  server.RaftServerConfigKeys (ConfUtils.java:logGet(46)) - raft.server.log.segment.cache.size.max = 200MB (=209715200) (default)
2024-04-25 19:26:06,137 [f28f6cfa-fb4d-46cf-94dd-cb052c8a0835-groupManagement] INFO  server.RaftServerConfigKeys (ConfUtils.java:logGet(46)) - raft.server.log.appender.buffer.byte-limit = 8388608 (custom)
2024-04-25 19:26:06,137 [f28f6cfa-fb4d-46cf-94dd-cb052c8a0835-groupManagement] INFO  util.AwaitToRun (AwaitToRun.java:start(81)) - Thread[f28f6cfa-fb4d-46cf-94dd-cb052c8a0835@group-6861FFED6B0C-cacheEviction-AwaitToRun,5,main] started
2024-04-25 19:26:06,137 [f28f6cfa-fb4d-46cf-94dd-cb052c8a0835-groupManagement] INFO  segmented.SegmentedRaftLogWorker (SegmentedRaftLogWorker.java:<init>(182)) - new f28f6cfa-fb4d-46cf-94dd-cb052c8a0835@group-6861FFED6B0C-SegmentedRaftLogWorker for RaftStorageImpl:Storage Directory /home/runner/work/ozone/ozone/hadoop-ozone/integration-test/target/test-dir/MiniOzoneClusterImpl-f82f7a4c-b7ce-4bc7-bddc-b4ce9d407ba8/ozone-meta/datanode-3/ratis/1c4a0937-556e-49ca-b55d-6861ffed6b0c
2024-04-25 19:26:06,137 [f28f6cfa-fb4d-46cf-94dd-cb052c8a0835-groupManagement] INFO  server.RaftServerConfigKeys (ConfUtils.java:logGet(46)) - raft.server.log.queue.byte-limit = 4294967296 (custom)
2024-04-25 19:26:06,137 [f28f6cfa-fb4d-46cf-94dd-cb052c8a0835-groupManagement] INFO  server.RaftServerConfigKeys (ConfUtils.java:logGet(46)) - raft.server.log.queue.element-limit = 1024 (custom)
2024-04-25 19:26:06,137 [f28f6cfa-fb4d-46cf-94dd-cb052c8a0835-groupManagement] INFO  server.RaftServerConfigKeys (ConfUtils.java:logGet(46)) - raft.server.log.segment.size.max = 67108864 (custom)
2024-04-25 19:26:06,137 [f28f6cfa-fb4d-46cf-94dd-cb052c8a0835-groupManagement] INFO  server.RaftServerConfigKeys (ConfUtils.java:logGet(46)) - raft.server.log.preallocated.size = 4194304 (custom)
2024-04-25 19:26:06,138 [f28f6cfa-fb4d-46cf-94dd-cb052c8a0835-groupManagement] INFO  server.RaftServerConfigKeys (ConfUtils.java:logGet(46)) - raft.server.log.force.sync.num = 128 (default)
2024-04-25 19:26:06,138 [f28f6cfa-fb4d-46cf-94dd-cb052c8a0835-groupManagement] INFO  server.RaftServerConfigKeys (ConfUtils.java:logGet(46)) - raft.server.log.statemachine.data.sync = true (default)
2024-04-25 19:26:06,138 [f28f6cfa-fb4d-46cf-94dd-cb052c8a0835-groupManagement] INFO  server.RaftServerConfigKeys (ConfUtils.java:logGet(46)) - raft.server.log.statemachine.data.sync.timeout = 10s (default)
2024-04-25 19:26:06,138 [f28f6cfa-fb4d-46cf-94dd-cb052c8a0835-groupManagement] INFO  server.RaftServerConfigKeys (ConfUtils.java:logGet(46)) - raft.server.log.statemachine.data.sync.timeout.retry = 30 (custom)
2024-04-25 19:26:06,138 [f28f6cfa-fb4d-46cf-94dd-cb052c8a0835-groupManagement] INFO  server.RaftServerConfigKeys (ConfUtils.java:logGet(46)) - raft.server.log.write.buffer.size = 8388616 (custom)
2024-04-25 19:26:06,139 [f28f6cfa-fb4d-46cf-94dd-cb052c8a0835-groupManagement] INFO  server.RaftServerConfigKeys (ConfUtils.java:logGet(46)) - raft.server.log.appender.buffer.byte-limit = 8388608 (custom)
2024-04-25 19:26:06,139 [f28f6cfa-fb4d-46cf-94dd-cb052c8a0835-groupManagement] INFO  server.RaftServerConfigKeys (ConfUtils.java:logGet(46)) - raft.server.log.unsafe-flush.enabled = false (default)
2024-04-25 19:26:06,139 [f28f6cfa-fb4d-46cf-94dd-cb052c8a0835-groupManagement] INFO  server.RaftServerConfigKeys (ConfUtils.java:logGet(46)) - raft.server.log.async-flush.enabled = false (default)
2024-04-25 19:26:06,140 [f28f6cfa-fb4d-46cf-94dd-cb052c8a0835-groupManagement] INFO  server.RaftServerConfigKeys (ConfUtils.java:logGet(46)) - raft.server.log.statemachine.data.caching.enabled = true (custom)
2024-04-25 19:26:06,140 [f28f6cfa-fb4d-46cf-94dd-cb052c8a0835-groupManagement] INFO  segmented.SegmentedRaftLogWorker (SegmentedRaftLogWorker.java:lambda$new$0(134)) - f28f6cfa-fb4d-46cf-94dd-cb052c8a0835@group-6861FFED6B0C-SegmentedRaftLogWorker: flushIndex: setUnconditionally 0 -> -1
2024-04-25 19:26:06,140 [f28f6cfa-fb4d-46cf-94dd-cb052c8a0835-groupManagement] INFO  segmented.SegmentedRaftLogWorker (SegmentedRaftLogWorker.java:lambda$new$0(134)) - f28f6cfa-fb4d-46cf-94dd-cb052c8a0835@group-6861FFED6B0C-SegmentedRaftLogWorker: safeCacheEvictIndex: setUnconditionally 0 -> -1
2024-04-25 19:26:06,140 [f28f6cfa-fb4d-46cf-94dd-cb052c8a0835-groupManagement] INFO  server.RaftServer$Division (RaftServerImpl.java:start(396)) - f28f6cfa-fb4d-46cf-94dd-cb052c8a0835@group-6861FFED6B0C: start as a follower, conf=-1: peers:[4945050d-eb1e-4df3-bd8a-540f8ab6232f|127.0.0.1:15281, 023363e8-92b8-4e04-85cd-0caf25b811fc|127.0.0.1:15290, f28f6cfa-fb4d-46cf-94dd-cb052c8a0835|127.0.0.1:15299]|listeners:[], old=null
2024-04-25 19:26:06,140 [f28f6cfa-fb4d-46cf-94dd-cb052c8a0835-groupManagement] INFO  server.RaftServer$Division (RaftServerImpl.java:setRole(383)) - f28f6cfa-fb4d-46cf-94dd-cb052c8a0835@group-6861FFED6B0C: changes role from      null to FOLLOWER at term 0 for startAsFollower
2024-04-25 19:26:06,140 [f28f6cfa-fb4d-46cf-94dd-cb052c8a0835-groupManagement] INFO  impl.RoleInfo (RoleInfo.java:updateAndGet(139)) - f28f6cfa-fb4d-46cf-94dd-cb052c8a0835: start f28f6cfa-fb4d-46cf-94dd-cb052c8a0835@group-6861FFED6B0C-FollowerState
2024-04-25 19:26:06,141 [f28f6cfa-fb4d-46cf-94dd-cb052c8a0835@group-6861FFED6B0C-FollowerState] INFO  server.RaftServerConfigKeys (ConfUtils.java:logFallback(53)) - raft.server.rpc.first-election.timeout.min = 5s (fallback to raft.server.rpc.timeout.min)
2024-04-25 19:26:06,141 [f28f6cfa-fb4d-46cf-94dd-cb052c8a0835@group-6861FFED6B0C-FollowerState] INFO  server.RaftServerConfigKeys (ConfUtils.java:logFallback(53)) - raft.server.rpc.first-election.timeout.max = 5200ms (fallback to raft.server.rpc.timeout.max)
2024-04-25 19:26:06,141 [f28f6cfa-fb4d-46cf-94dd-cb052c8a0835-groupManagement] INFO  util.JmxRegister (JmxRegister.java:tryRegister(44)) - Successfully registered JMX Bean with object name Ratis:service=RaftServer,group=group-6861FFED6B0C,id=f28f6cfa-fb4d-46cf-94dd-cb052c8a0835
2024-04-25 19:26:06,141 [f28f6cfa-fb4d-46cf-94dd-cb052c8a0835-groupManagement] INFO  server.RaftServerConfigKeys (ConfUtils.java:logGet(46)) - raft.server.snapshot.trigger-when-stop.enabled = true (default)
2024-04-25 19:26:06,141 [f28f6cfa-fb4d-46cf-94dd-cb052c8a0835-groupManagement] INFO  server.RaftServerConfigKeys (ConfUtils.java:logGet(46)) - raft.server.snapshot.auto.trigger.enabled = true (custom)
2024-04-25 19:26:06,141 [f28f6cfa-fb4d-46cf-94dd-cb052c8a0835-groupManagement] INFO  server.RaftServerConfigKeys (ConfUtils.java:logGet(46)) - raft.server.snapshot.auto.trigger.threshold = 10000 (custom)
2024-04-25 19:26:06,141 [f28f6cfa-fb4d-46cf-94dd-cb052c8a0835-groupManagement] INFO  server.RaftServerConfigKeys (ConfUtils.java:logGet(46)) - raft.server.snapshot.retention.file.num = 5 (custom)
2024-04-25 19:26:06,141 [f28f6cfa-fb4d-46cf-94dd-cb052c8a0835-groupManagement] INFO  server.RaftServerConfigKeys (ConfUtils.java:logGet(46)) - raft.server.log.purge.upto.snapshot.index = false (default)
2024-04-25 19:26:06,143 [023363e8-92b8-4e04-85cd-0caf25b811fc-PipelineCommandHandlerThread-0] INFO  server.RaftServer (RaftServerProxy.java:addNew(100)) - 023363e8-92b8-4e04-85cd-0caf25b811fc: addNew group-6FB570E975EE:[023363e8-92b8-4e04-85cd-0caf25b811fc|127.0.0.1:15290] returns group-6FB570E975EE:java.util.concurrent.CompletableFuture@3d2834f8[Not completed]
2024-04-25 19:26:06,144 [023363e8-92b8-4e04-85cd-0caf25b811fc-groupManagement] INFO  server.RaftServer$Division (RaftServerImpl.java:<init>(256)) - 023363e8-92b8-4e04-85cd-0caf25b811fc: new RaftServerImpl for group-6FB570E975EE:[023363e8-92b8-4e04-85cd-0caf25b811fc|127.0.0.1:15290] with ContainerStateMachine:uninitialized
2024-04-25 19:26:06,144 [023363e8-92b8-4e04-85cd-0caf25b811fc-groupManagement] INFO  server.RaftServerConfigKeys (ConfUtils.java:logGet(46)) - raft.server.rpc.timeout.min = 5s (custom)
2024-04-25 19:26:06,144 [023363e8-92b8-4e04-85cd-0caf25b811fc-groupManagement] INFO  server.RaftServerConfigKeys (ConfUtils.java:logGet(46)) - raft.server.rpc.timeout.max = 5200ms (custom)
2024-04-25 19:26:06,144 [023363e8-92b8-4e04-85cd-0caf25b811fc-groupManagement] INFO  server.RaftServerConfigKeys (ConfUtils.java:logGet(46)) - raft.server.rpc.sleep.time = 25ms (default)
2024-04-25 19:26:06,144 [023363e8-92b8-4e04-85cd-0caf25b811fc-groupManagement] INFO  server.RaftServerConfigKeys (ConfUtils.java:logGet(46)) - raft.server.rpc.slowness.timeout = 300000ms (custom)
2024-04-25 19:26:06,144 [023363e8-92b8-4e04-85cd-0caf25b811fc-groupManagement] INFO  server.RaftServerConfigKeys (ConfUtils.java:logGet(46)) - raft.server.leaderelection.leader.step-down.wait-time = 10s (default)
2024-04-25 19:26:06,144 [023363e8-92b8-4e04-85cd-0caf25b811fc-groupManagement] INFO  server.RaftServerConfigKeys (ConfUtils.java:logGet(46)) - raft.server.leaderelection.member.majority-add = false (default)
2024-04-25 19:26:06,144 [023363e8-92b8-4e04-85cd-0caf25b811fc-groupManagement] INFO  server.RaftServerConfigKeys (ConfUtils.java:logGet(46)) - raft.server.sleep.deviation.threshold = 300ms (default)
2024-04-25 19:26:06,144 [023363e8-92b8-4e04-85cd-0caf25b811fc-groupManagement] INFO  server.RaftServer$Division (ServerState.java:<init>(113)) - 023363e8-92b8-4e04-85cd-0caf25b811fc@group-6FB570E975EE: ConfigurationManager, init=-1: peers:[023363e8-92b8-4e04-85cd-0caf25b811fc|127.0.0.1:15290]|listeners:[], old=null, confs=<EMPTY_MAP>
2024-04-25 19:26:06,145 [023363e8-92b8-4e04-85cd-0caf25b811fc-groupManagement] INFO  server.RaftServerConfigKeys (ConfUtils.java:logGet(46)) - raft.server.notification.no-leader.timeout = 300000ms (custom)
2024-04-25 19:26:06,145 [023363e8-92b8-4e04-85cd-0caf25b811fc-groupManagement] INFO  server.RaftServerConfigKeys (ConfUtils.java:logGet(46)) - raft.server.read.timeout = 10s (default)
2024-04-25 19:26:06,145 [023363e8-92b8-4e04-85cd-0caf25b811fc-groupManagement] INFO  server.RaftServerConfigKeys (ConfUtils.java:logGet(46)) - raft.server.retrycache.expirytime = 600000ms (custom)
2024-04-25 19:26:06,145 [023363e8-92b8-4e04-85cd-0caf25b811fc-groupManagement] INFO  server.RaftServerConfigKeys (ConfUtils.java:logGet(46)) - raft.server.retrycache.statistics.expirytime = 100ms (default)
2024-04-25 19:26:06,145 [023363e8-92b8-4e04-85cd-0caf25b811fc-groupManagement] INFO  server.RaftServerConfigKeys (ConfUtils.java:logGet(46)) - raft.server.read.option = DEFAULT (default)
2024-04-25 19:26:06,145 [023363e8-92b8-4e04-85cd-0caf25b811fc-groupManagement] INFO  server.RaftServerConfigKeys (ConfUtils.java:logGet(46)) - raft.server.read.read-after-write-consistent.write-index-cache.expiry-time = 60s (default)
2024-04-25 19:26:06,147 [023363e8-92b8-4e04-85cd-0caf25b811fc-groupManagement] INFO  server.RaftServerConfigKeys (ConfUtils.java:logGet(46)) - raft.server.rpc.request.timeout = 3000ms (default)
2024-04-25 19:26:06,147 [023363e8-92b8-4e04-85cd-0caf25b811fc-groupManagement] INFO  server.RaftServerConfigKeys (ConfUtils.java:logGet(46)) - raft.server.log.appender.install.snapshot.enabled = false (custom)
2024-04-25 19:26:06,147 [023363e8-92b8-4e04-85cd-0caf25b811fc-groupManagement] INFO  server.RaftServerConfigKeys (ConfUtils.java:logGet(46)) - raft.server.threadpool.server.cached = true (default)
2024-04-25 19:26:06,147 [023363e8-92b8-4e04-85cd-0caf25b811fc-groupManagement] INFO  server.RaftServerConfigKeys (ConfUtils.java:logGet(46)) - raft.server.threadpool.server.size = 0 (default)
2024-04-25 19:26:06,147 [023363e8-92b8-4e04-85cd-0caf25b811fc-groupManagement] INFO  server.RaftServerConfigKeys (ConfUtils.java:logGet(46)) - raft.server.threadpool.client.cached = true (default)
2024-04-25 19:26:06,147 [023363e8-92b8-4e04-85cd-0caf25b811fc-groupManagement] INFO  server.RaftServerConfigKeys (ConfUtils.java:logGet(46)) - raft.server.threadpool.client.size = 0 (default)
2024-04-25 19:26:06,147 [023363e8-92b8-4e04-85cd-0caf25b811fc-groupManagement] INFO  server.RaftServerConfigKeys (ConfUtils.java:logGet(46)) - raft.server.storage.free-space.min = 0MB (=0) (default)
2024-04-25 19:26:06,147 [023363e8-92b8-4e04-85cd-0caf25b811fc-groupManagement] INFO  server.RaftServerConfigKeys (ConfUtils.java:logGet(46)) - raft.server.log.corruption.policy = EXCEPTION (default)
2024-04-25 19:26:06,147 [023363e8-92b8-4e04-85cd-0caf25b811fc-groupManagement] INFO  server.RaftServerConfigKeys (ConfUtils.java:logGet(46)) - raft.server.storage.dir = [/home/runner/work/ozone/ozone/hadoop-ozone/integration-test/target/test-dir/MiniOzoneClusterImpl-f82f7a4c-b7ce-4bc7-bddc-b4ce9d407ba8/ozone-meta/datanode-2/ratis] (custom)
2024-04-25 19:26:06,147 [023363e8-92b8-4e04-85cd-0caf25b811fc-groupManagement] INFO  storage.RaftStorageDirectory (RaftStorageDirectoryImpl.java:analyzeStorage(138)) - The storage directory /home/runner/work/ozone/ozone/hadoop-ozone/integration-test/target/test-dir/MiniOzoneClusterImpl-f82f7a4c-b7ce-4bc7-bddc-b4ce9d407ba8/ozone-meta/datanode-2/ratis/7a553876-ac86-4076-a8c5-6fb570e975ee does not exist. Creating ...
2024-04-25 19:26:06,148 [023363e8-92b8-4e04-85cd-0caf25b811fc-groupManagement] INFO  storage.RaftStorageDirectory (RaftStorageDirectoryImpl.java:tryLock(228)) - Lock on /home/runner/work/ozone/ozone/hadoop-ozone/integration-test/target/test-dir/MiniOzoneClusterImpl-f82f7a4c-b7ce-4bc7-bddc-b4ce9d407ba8/ozone-meta/datanode-2/ratis/7a553876-ac86-4076-a8c5-6fb570e975ee/in_use.lock acquired by nodename 21201@fv-az524-255
2024-04-25 19:26:06,149 [023363e8-92b8-4e04-85cd-0caf25b811fc-groupManagement] INFO  storage.RaftStorage (RaftStorageImpl.java:format(99)) - Storage directory /home/runner/work/ozone/ozone/hadoop-ozone/integration-test/target/test-dir/MiniOzoneClusterImpl-f82f7a4c-b7ce-4bc7-bddc-b4ce9d407ba8/ozone-meta/datanode-2/ratis/7a553876-ac86-4076-a8c5-6fb570e975ee has been successfully formatted.
2024-04-25 19:26:06,149 [023363e8-92b8-4e04-85cd-0caf25b811fc-groupManagement] WARN  util.FileUtils (LogUtils.java:supplyAndLog(63)) - Failed to Files.newInputStream /home/runner/work/ozone/ozone/hadoop-ozone/integration-test/target/test-dir/MiniOzoneClusterImpl-f82f7a4c-b7ce-4bc7-bddc-b4ce9d407ba8/ozone-meta/datanode-2/ratis/7a553876-ac86-4076-a8c5-6fb570e975ee/current/raft-meta.conf with options []: java.nio.file.NoSuchFileException: /home/runner/work/ozone/ozone/hadoop-ozone/integration-test/target/test-dir/MiniOzoneClusterImpl-f82f7a4c-b7ce-4bc7-bddc-b4ce9d407ba8/ozone-meta/datanode-2/ratis/7a553876-ac86-4076-a8c5-6fb570e975ee/current/raft-meta.conf
2024-04-25 19:26:06,149 [023363e8-92b8-4e04-85cd-0caf25b811fc-groupManagement] INFO  ratis.ContainerStateMachine (ContainerStateMachine.java:loadSnapshot(287)) - group-6FB570E975EE: The snapshot info is null. Setting the last applied index to:(t:0, i:~)
2024-04-25 19:26:06,150 [023363e8-92b8-4e04-85cd-0caf25b811fc-groupManagement] INFO  server.RaftServerConfigKeys (ConfUtils.java:logGet(46)) - raft.server.log.use.memory = false (default)
2024-04-25 19:26:06,150 [023363e8-92b8-4e04-85cd-0caf25b811fc-groupManagement] INFO  server.RaftServerConfigKeys (ConfUtils.java:logGet(46)) - raft.server.log.purge.gap = 1000000 (custom)
2024-04-25 19:26:06,150 [023363e8-92b8-4e04-85cd-0caf25b811fc-groupManagement] INFO  server.RaftServerConfigKeys (ConfUtils.java:logGet(46)) - raft.server.log.appender.buffer.byte-limit = 8388608 (custom)
2024-04-25 19:26:06,150 [023363e8-92b8-4e04-85cd-0caf25b811fc-groupManagement] INFO  server.RaftServerConfigKeys (ConfUtils.java:logGet(46)) - raft.server.log.statemachine.data.read.timeout = 1000ms (default)
2024-04-25 19:26:06,150 [023363e8-92b8-4e04-85cd-0caf25b811fc-groupManagement] INFO  server.RaftServerConfigKeys (ConfUtils.java:logGet(46)) - raft.server.log.purge.preservation.log.num = 0 (default)
2024-04-25 19:26:06,151 [023363e8-92b8-4e04-85cd-0caf25b811fc-groupManagement] INFO  server.RaftServerConfigKeys (ConfUtils.java:logGet(46)) - raft.server.log.segment.size.max = 67108864 (custom)
2024-04-25 19:26:06,151 [023363e8-92b8-4e04-85cd-0caf25b811fc-groupManagement] INFO  server.RaftServerConfigKeys (ConfUtils.java:logGet(46)) - raft.server.log.segment.cache.num.max = 2 (custom)
2024-04-25 19:26:06,151 [023363e8-92b8-4e04-85cd-0caf25b811fc-groupManagement] INFO  server.RaftServerConfigKeys (ConfUtils.java:logGet(46)) - raft.server.log.segment.cache.size.max = 200MB (=209715200) (default)
2024-04-25 19:26:06,151 [023363e8-92b8-4e04-85cd-0caf25b811fc-groupManagement] INFO  server.RaftServerConfigKeys (ConfUtils.java:logGet(46)) - raft.server.log.appender.buffer.byte-limit = 8388608 (custom)
2024-04-25 19:26:06,151 [023363e8-92b8-4e04-85cd-0caf25b811fc-groupManagement] INFO  util.AwaitToRun (AwaitToRun.java:start(81)) - Thread[023363e8-92b8-4e04-85cd-0caf25b811fc@group-6FB570E975EE-cacheEviction-AwaitToRun,5,main] started
2024-04-25 19:26:06,152 [023363e8-92b8-4e04-85cd-0caf25b811fc-groupManagement] INFO  segmented.SegmentedRaftLogWorker (SegmentedRaftLogWorker.java:<init>(182)) - new 023363e8-92b8-4e04-85cd-0caf25b811fc@group-6FB570E975EE-SegmentedRaftLogWorker for RaftStorageImpl:Storage Directory /home/runner/work/ozone/ozone/hadoop-ozone/integration-test/target/test-dir/MiniOzoneClusterImpl-f82f7a4c-b7ce-4bc7-bddc-b4ce9d407ba8/ozone-meta/datanode-2/ratis/7a553876-ac86-4076-a8c5-6fb570e975ee
2024-04-25 19:26:06,152 [023363e8-92b8-4e04-85cd-0caf25b811fc-groupManagement] INFO  server.RaftServerConfigKeys (ConfUtils.java:logGet(46)) - raft.server.log.queue.byte-limit = 4294967296 (custom)
2024-04-25 19:26:06,152 [023363e8-92b8-4e04-85cd-0caf25b811fc-groupManagement] INFO  server.RaftServerConfigKeys (ConfUtils.java:logGet(46)) - raft.server.log.queue.element-limit = 1024 (custom)
2024-04-25 19:26:06,152 [023363e8-92b8-4e04-85cd-0caf25b811fc-groupManagement] INFO  server.RaftServerConfigKeys (ConfUtils.java:logGet(46)) - raft.server.log.segment.size.max = 67108864 (custom)
2024-04-25 19:26:06,152 [023363e8-92b8-4e04-85cd-0caf25b811fc-groupManagement] INFO  server.RaftServerConfigKeys (ConfUtils.java:logGet(46)) - raft.server.log.preallocated.size = 4194304 (custom)
2024-04-25 19:26:06,152 [023363e8-92b8-4e04-85cd-0caf25b811fc-groupManagement] INFO  server.RaftServerConfigKeys (ConfUtils.java:logGet(46)) - raft.server.log.force.sync.num = 128 (default)
2024-04-25 19:26:06,152 [023363e8-92b8-4e04-85cd-0caf25b811fc-groupManagement] INFO  server.RaftServerConfigKeys (ConfUtils.java:logGet(46)) - raft.server.log.statemachine.data.sync = true (default)
2024-04-25 19:26:06,152 [023363e8-92b8-4e04-85cd-0caf25b811fc-groupManagement] INFO  server.RaftServerConfigKeys (ConfUtils.java:logGet(46)) - raft.server.log.statemachine.data.sync.timeout = 10s (default)
2024-04-25 19:26:06,152 [023363e8-92b8-4e04-85cd-0caf25b811fc-groupManagement] INFO  server.RaftServerConfigKeys (ConfUtils.java:logGet(46)) - raft.server.log.statemachine.data.sync.timeout.retry = 30 (custom)
2024-04-25 19:26:06,153 [023363e8-92b8-4e04-85cd-0caf25b811fc-groupManagement] INFO  server.RaftServerConfigKeys (ConfUtils.java:logGet(46)) - raft.server.log.write.buffer.size = 8388616 (custom)
2024-04-25 19:26:06,153 [EventQueue-PipelineReportForPipelineReportHandler] INFO  pipeline.PipelineReportHandler (PipelineReportHandler.java:processPipelineReport(136)) - Opened pipeline PipelineID=7a553876-ac86-4076-a8c5-6fb570e975ee
2024-04-25 19:26:06,153 [EventQueue-OpenPipelineForHealthyPipelineSafeModeRule] INFO  safemode.SCMSafeModeManager (HealthyPipelineSafeModeRule.java:process(140)) - SCM in safe mode. Healthy pipelines reported count is 0, required healthy pipeline reported count is 1
2024-04-25 19:26:06,154 [grpc-default-executor-2] INFO  server.RaftServer (RaftServerProxy.java:addNew(100)) - 023363e8-92b8-4e04-85cd-0caf25b811fc: addNew group-6861FFED6B0C:[4945050d-eb1e-4df3-bd8a-540f8ab6232f|127.0.0.1:15281, 023363e8-92b8-4e04-85cd-0caf25b811fc|127.0.0.1:15290, f28f6cfa-fb4d-46cf-94dd-cb052c8a0835|127.0.0.1:15299] returns group-6861FFED6B0C:java.util.concurrent.CompletableFuture@7e1501e[Not completed]
2024-04-25 19:26:06,155 [023363e8-92b8-4e04-85cd-0caf25b811fc-groupManagement] INFO  server.RaftServerConfigKeys (ConfUtils.java:logGet(46)) - raft.server.log.appender.buffer.byte-limit = 8388608 (custom)
2024-04-25 19:26:06,155 [023363e8-92b8-4e04-85cd-0caf25b811fc-groupManagement] INFO  server.RaftServerConfigKeys (ConfUtils.java:logGet(46)) - raft.server.log.unsafe-flush.enabled = false (default)
2024-04-25 19:26:06,155 [023363e8-92b8-4e04-85cd-0caf25b811fc-groupManagement] INFO  server.RaftServerConfigKeys (ConfUtils.java:logGet(46)) - raft.server.log.async-flush.enabled = false (default)
2024-04-25 19:26:06,155 [023363e8-92b8-4e04-85cd-0caf25b811fc-groupManagement] INFO  server.RaftServerConfigKeys (ConfUtils.java:logGet(46)) - raft.server.log.statemachine.data.caching.enabled = true (custom)
2024-04-25 19:26:06,155 [023363e8-92b8-4e04-85cd-0caf25b811fc-groupManagement] INFO  segmented.SegmentedRaftLogWorker (SegmentedRaftLogWorker.java:lambda$new$0(134)) - 023363e8-92b8-4e04-85cd-0caf25b811fc@group-6FB570E975EE-SegmentedRaftLogWorker: flushIndex: setUnconditionally 0 -> -1
2024-04-25 19:26:06,155 [023363e8-92b8-4e04-85cd-0caf25b811fc-groupManagement] INFO  segmented.SegmentedRaftLogWorker (SegmentedRaftLogWorker.java:lambda$new$0(134)) - 023363e8-92b8-4e04-85cd-0caf25b811fc@group-6FB570E975EE-SegmentedRaftLogWorker: safeCacheEvictIndex: setUnconditionally 0 -> -1
2024-04-25 19:26:06,155 [023363e8-92b8-4e04-85cd-0caf25b811fc-groupManagement] INFO  server.RaftServer$Division (RaftServerImpl.java:start(396)) - 023363e8-92b8-4e04-85cd-0caf25b811fc@group-6FB570E975EE: start as a follower, conf=-1: peers:[023363e8-92b8-4e04-85cd-0caf25b811fc|127.0.0.1:15290]|listeners:[], old=null
2024-04-25 19:26:06,155 [023363e8-92b8-4e04-85cd-0caf25b811fc-groupManagement] INFO  server.RaftServer$Division (RaftServerImpl.java:setRole(383)) - 023363e8-92b8-4e04-85cd-0caf25b811fc@group-6FB570E975EE: changes role from      null to FOLLOWER at term 0 for startAsFollower
2024-04-25 19:26:06,156 [023363e8-92b8-4e04-85cd-0caf25b811fc-groupManagement] INFO  impl.RoleInfo (RoleInfo.java:updateAndGet(139)) - 023363e8-92b8-4e04-85cd-0caf25b811fc: start 023363e8-92b8-4e04-85cd-0caf25b811fc@group-6FB570E975EE-FollowerState
2024-04-25 19:26:06,156 [023363e8-92b8-4e04-85cd-0caf25b811fc-groupManagement] INFO  util.JmxRegister (JmxRegister.java:tryRegister(44)) - Successfully registered JMX Bean with object name Ratis:service=RaftServer,group=group-6FB570E975EE,id=023363e8-92b8-4e04-85cd-0caf25b811fc
2024-04-25 19:26:06,156 [023363e8-92b8-4e04-85cd-0caf25b811fc@group-6FB570E975EE-FollowerState] INFO  server.RaftServerConfigKeys (ConfUtils.java:logFallback(53)) - raft.server.rpc.first-election.timeout.min = 5s (fallback to raft.server.rpc.timeout.min)
2024-04-25 19:26:06,156 [023363e8-92b8-4e04-85cd-0caf25b811fc@group-6FB570E975EE-FollowerState] INFO  server.RaftServerConfigKeys (ConfUtils.java:logFallback(53)) - raft.server.rpc.first-election.timeout.max = 5200ms (fallback to raft.server.rpc.timeout.max)
2024-04-25 19:26:06,156 [023363e8-92b8-4e04-85cd-0caf25b811fc-groupManagement] INFO  server.RaftServerConfigKeys (ConfUtils.java:logGet(46)) - raft.server.snapshot.trigger-when-stop.enabled = true (default)
2024-04-25 19:26:06,156 [023363e8-92b8-4e04-85cd-0caf25b811fc-groupManagement] INFO  server.RaftServerConfigKeys (ConfUtils.java:logGet(46)) - raft.server.snapshot.auto.trigger.enabled = true (custom)
2024-04-25 19:26:06,156 [023363e8-92b8-4e04-85cd-0caf25b811fc-groupManagement] INFO  server.RaftServerConfigKeys (ConfUtils.java:logGet(46)) - raft.server.snapshot.auto.trigger.threshold = 10000 (custom)
2024-04-25 19:26:06,156 [023363e8-92b8-4e04-85cd-0caf25b811fc-groupManagement] INFO  server.RaftServerConfigKeys (ConfUtils.java:logGet(46)) - raft.server.snapshot.retention.file.num = 5 (custom)
2024-04-25 19:26:06,156 [023363e8-92b8-4e04-85cd-0caf25b811fc-groupManagement] INFO  server.RaftServerConfigKeys (ConfUtils.java:logGet(46)) - raft.server.log.purge.upto.snapshot.index = false (default)
2024-04-25 19:26:06,157 [023363e8-92b8-4e04-85cd-0caf25b811fc-PipelineCommandHandlerThread-0] INFO  ratis.XceiverServerRatis (XceiverServerRatis.java:addGroup(864)) - Created group PipelineID=7a553876-ac86-4076-a8c5-6fb570e975ee
2024-04-25 19:26:06,157 [023363e8-92b8-4e04-85cd-0caf25b811fc-PipelineCommandHandlerThread-0] INFO  commandhandler.CreatePipelineCommandHandler (CreatePipelineCommandHandler.java:lambda$handle$2(124)) - Created Pipeline RATIS ONE PipelineID=7a553876-ac86-4076-a8c5-6fb570e975ee.
2024-04-25 19:26:06,158 [023363e8-92b8-4e04-85cd-0caf25b811fc-groupManagement] INFO  server.RaftServer$Division (RaftServerImpl.java:<init>(256)) - 023363e8-92b8-4e04-85cd-0caf25b811fc: new RaftServerImpl for group-6861FFED6B0C:[4945050d-eb1e-4df3-bd8a-540f8ab6232f|127.0.0.1:15281, 023363e8-92b8-4e04-85cd-0caf25b811fc|127.0.0.1:15290, f28f6cfa-fb4d-46cf-94dd-cb052c8a0835|127.0.0.1:15299] with ContainerStateMachine:uninitialized
2024-04-25 19:26:06,158 [023363e8-92b8-4e04-85cd-0caf25b811fc-groupManagement] INFO  server.RaftServerConfigKeys (ConfUtils.java:logGet(46)) - raft.server.rpc.timeout.min = 5s (custom)
2024-04-25 19:26:06,158 [023363e8-92b8-4e04-85cd-0caf25b811fc-groupManagement] INFO  server.RaftServerConfigKeys (ConfUtils.java:logGet(46)) - raft.server.rpc.timeout.max = 5200ms (custom)
2024-04-25 19:26:06,158 [023363e8-92b8-4e04-85cd-0caf25b811fc-groupManagement] INFO  server.RaftServerConfigKeys (ConfUtils.java:logGet(46)) - raft.server.rpc.sleep.time = 25ms (default)
2024-04-25 19:26:06,158 [023363e8-92b8-4e04-85cd-0caf25b811fc-groupManagement] INFO  server.RaftServerConfigKeys (ConfUtils.java:logGet(46)) - raft.server.rpc.slowness.timeout = 300000ms (custom)
2024-04-25 19:26:06,158 [023363e8-92b8-4e04-85cd-0caf25b811fc-groupManagement] INFO  server.RaftServerConfigKeys (ConfUtils.java:logGet(46)) - raft.server.leaderelection.leader.step-down.wait-time = 10s (default)
2024-04-25 19:26:06,158 [023363e8-92b8-4e04-85cd-0caf25b811fc-groupManagement] INFO  server.RaftServerConfigKeys (ConfUtils.java:logGet(46)) - raft.server.leaderelection.member.majority-add = false (default)
2024-04-25 19:26:06,158 [023363e8-92b8-4e04-85cd-0caf25b811fc-groupManagement] INFO  server.RaftServerConfigKeys (ConfUtils.java:logGet(46)) - raft.server.sleep.deviation.threshold = 300ms (default)
2024-04-25 19:26:06,158 [023363e8-92b8-4e04-85cd-0caf25b811fc-groupManagement] INFO  server.RaftServer$Division (ServerState.java:<init>(113)) - 023363e8-92b8-4e04-85cd-0caf25b811fc@group-6861FFED6B0C: ConfigurationManager, init=-1: peers:[4945050d-eb1e-4df3-bd8a-540f8ab6232f|127.0.0.1:15281, 023363e8-92b8-4e04-85cd-0caf25b811fc|127.0.0.1:15290, f28f6cfa-fb4d-46cf-94dd-cb052c8a0835|127.0.0.1:15299]|listeners:[], old=null, confs=<EMPTY_MAP>
2024-04-25 19:26:06,158 [023363e8-92b8-4e04-85cd-0caf25b811fc-groupManagement] INFO  server.RaftServerConfigKeys (ConfUtils.java:logGet(46)) - raft.server.notification.no-leader.timeout = 300000ms (custom)
2024-04-25 19:26:06,158 [023363e8-92b8-4e04-85cd-0caf25b811fc-groupManagement] INFO  server.RaftServerConfigKeys (ConfUtils.java:logGet(46)) - raft.server.read.timeout = 10s (default)
2024-04-25 19:26:06,158 [023363e8-92b8-4e04-85cd-0caf25b811fc-groupManagement] INFO  server.RaftServerConfigKeys (ConfUtils.java:logGet(46)) - raft.server.retrycache.expirytime = 600000ms (custom)
2024-04-25 19:26:06,158 [023363e8-92b8-4e04-85cd-0caf25b811fc-groupManagement] INFO  server.RaftServerConfigKeys (ConfUtils.java:logGet(46)) - raft.server.retrycache.statistics.expirytime = 100ms (default)
2024-04-25 19:26:06,158 [023363e8-92b8-4e04-85cd-0caf25b811fc-groupManagement] INFO  server.RaftServerConfigKeys (ConfUtils.java:logGet(46)) - raft.server.read.option = DEFAULT (default)
2024-04-25 19:26:06,159 [023363e8-92b8-4e04-85cd-0caf25b811fc-groupManagement] INFO  server.RaftServerConfigKeys (ConfUtils.java:logGet(46)) - raft.server.read.read-after-write-consistent.write-index-cache.expiry-time = 60s (default)
2024-04-25 19:26:06,160 [023363e8-92b8-4e04-85cd-0caf25b811fc-groupManagement] INFO  server.RaftServerConfigKeys (ConfUtils.java:logGet(46)) - raft.server.rpc.request.timeout = 3000ms (default)
2024-04-25 19:26:06,160 [023363e8-92b8-4e04-85cd-0caf25b811fc-groupManagement] INFO  server.RaftServerConfigKeys (ConfUtils.java:logGet(46)) - raft.server.log.appender.install.snapshot.enabled = false (custom)
2024-04-25 19:26:06,160 [023363e8-92b8-4e04-85cd-0caf25b811fc-groupManagement] INFO  server.RaftServerConfigKeys (ConfUtils.java:logGet(46)) - raft.server.threadpool.server.cached = true (default)
2024-04-25 19:26:06,161 [023363e8-92b8-4e04-85cd-0caf25b811fc-groupManagement] INFO  server.RaftServerConfigKeys (ConfUtils.java:logGet(46)) - raft.server.threadpool.server.size = 0 (default)
2024-04-25 19:26:06,161 [023363e8-92b8-4e04-85cd-0caf25b811fc-groupManagement] INFO  server.RaftServerConfigKeys (ConfUtils.java:logGet(46)) - raft.server.threadpool.client.cached = true (default)
2024-04-25 19:26:06,161 [023363e8-92b8-4e04-85cd-0caf25b811fc-groupManagement] INFO  server.RaftServerConfigKeys (ConfUtils.java:logGet(46)) - raft.server.threadpool.client.size = 0 (default)
2024-04-25 19:26:06,161 [023363e8-92b8-4e04-85cd-0caf25b811fc-groupManagement] INFO  server.RaftServerConfigKeys (ConfUtils.java:logGet(46)) - raft.server.storage.free-space.min = 0MB (=0) (default)
2024-04-25 19:26:06,161 [023363e8-92b8-4e04-85cd-0caf25b811fc-groupManagement] INFO  server.RaftServerConfigKeys (ConfUtils.java:logGet(46)) - raft.server.log.corruption.policy = EXCEPTION (default)
2024-04-25 19:26:06,161 [023363e8-92b8-4e04-85cd-0caf25b811fc-groupManagement] INFO  server.RaftServerConfigKeys (ConfUtils.java:logGet(46)) - raft.server.storage.dir = [/home/runner/work/ozone/ozone/hadoop-ozone/integration-test/target/test-dir/MiniOzoneClusterImpl-f82f7a4c-b7ce-4bc7-bddc-b4ce9d407ba8/ozone-meta/datanode-2/ratis] (custom)
2024-04-25 19:26:06,161 [023363e8-92b8-4e04-85cd-0caf25b811fc-groupManagement] INFO  storage.RaftStorageDirectory (RaftStorageDirectoryImpl.java:analyzeStorage(138)) - The storage directory /home/runner/work/ozone/ozone/hadoop-ozone/integration-test/target/test-dir/MiniOzoneClusterImpl-f82f7a4c-b7ce-4bc7-bddc-b4ce9d407ba8/ozone-meta/datanode-2/ratis/1c4a0937-556e-49ca-b55d-6861ffed6b0c does not exist. Creating ...
2024-04-25 19:26:06,162 [023363e8-92b8-4e04-85cd-0caf25b811fc-groupManagement] INFO  storage.RaftStorageDirectory (RaftStorageDirectoryImpl.java:tryLock(228)) - Lock on /home/runner/work/ozone/ozone/hadoop-ozone/integration-test/target/test-dir/MiniOzoneClusterImpl-f82f7a4c-b7ce-4bc7-bddc-b4ce9d407ba8/ozone-meta/datanode-2/ratis/1c4a0937-556e-49ca-b55d-6861ffed6b0c/in_use.lock acquired by nodename 21201@fv-az524-255
2024-04-25 19:26:06,163 [023363e8-92b8-4e04-85cd-0caf25b811fc-groupManagement] INFO  storage.RaftStorage (RaftStorageImpl.java:format(99)) - Storage directory /home/runner/work/ozone/ozone/hadoop-ozone/integration-test/target/test-dir/MiniOzoneClusterImpl-f82f7a4c-b7ce-4bc7-bddc-b4ce9d407ba8/ozone-meta/datanode-2/ratis/1c4a0937-556e-49ca-b55d-6861ffed6b0c has been successfully formatted.
2024-04-25 19:26:06,163 [023363e8-92b8-4e04-85cd-0caf25b811fc-groupManagement] WARN  util.FileUtils (LogUtils.java:supplyAndLog(63)) - Failed to Files.newInputStream /home/runner/work/ozone/ozone/hadoop-ozone/integration-test/target/test-dir/MiniOzoneClusterImpl-f82f7a4c-b7ce-4bc7-bddc-b4ce9d407ba8/ozone-meta/datanode-2/ratis/1c4a0937-556e-49ca-b55d-6861ffed6b0c/current/raft-meta.conf with options []: java.nio.file.NoSuchFileException: /home/runner/work/ozone/ozone/hadoop-ozone/integration-test/target/test-dir/MiniOzoneClusterImpl-f82f7a4c-b7ce-4bc7-bddc-b4ce9d407ba8/ozone-meta/datanode-2/ratis/1c4a0937-556e-49ca-b55d-6861ffed6b0c/current/raft-meta.conf
2024-04-25 19:26:06,163 [023363e8-92b8-4e04-85cd-0caf25b811fc-groupManagement] INFO  ratis.ContainerStateMachine (ContainerStateMachine.java:loadSnapshot(287)) - group-6861FFED6B0C: The snapshot info is null. Setting the last applied index to:(t:0, i:~)
2024-04-25 19:26:06,163 [023363e8-92b8-4e04-85cd-0caf25b811fc-groupManagement] INFO  server.RaftServerConfigKeys (ConfUtils.java:logGet(46)) - raft.server.log.use.memory = false (default)
2024-04-25 19:26:06,163 [023363e8-92b8-4e04-85cd-0caf25b811fc-groupManagement] INFO  server.RaftServerConfigKeys (ConfUtils.java:logGet(46)) - raft.server.log.purge.gap = 1000000 (custom)
2024-04-25 19:26:06,163 [023363e8-92b8-4e04-85cd-0caf25b811fc-groupManagement] INFO  server.RaftServerConfigKeys (ConfUtils.java:logGet(46)) - raft.server.log.appender.buffer.byte-limit = 8388608 (custom)
2024-04-25 19:26:06,164 [023363e8-92b8-4e04-85cd-0caf25b811fc-groupManagement] INFO  server.RaftServerConfigKeys (ConfUtils.java:logGet(46)) - raft.server.log.statemachine.data.read.timeout = 1000ms (default)
2024-04-25 19:26:06,164 [023363e8-92b8-4e04-85cd-0caf25b811fc-groupManagement] INFO  server.RaftServerConfigKeys (ConfUtils.java:logGet(46)) - raft.server.log.purge.preservation.log.num = 0 (default)
2024-04-25 19:26:06,164 [EventQueue-OpenPipelineForHealthyPipelineSafeModeRule] INFO  safemode.SCMSafeModeManager (HealthyPipelineSafeModeRule.java:process(140)) - SCM in safe mode. Healthy pipelines reported count is 0, required healthy pipeline reported count is 1
2024-04-25 19:26:06,165 [023363e8-92b8-4e04-85cd-0caf25b811fc-groupManagement] INFO  server.RaftServerConfigKeys (ConfUtils.java:logGet(46)) - raft.server.log.segment.size.max = 67108864 (custom)
2024-04-25 19:26:06,165 [023363e8-92b8-4e04-85cd-0caf25b811fc-groupManagement] INFO  server.RaftServerConfigKeys (ConfUtils.java:logGet(46)) - raft.server.log.segment.cache.num.max = 2 (custom)
2024-04-25 19:26:06,165 [023363e8-92b8-4e04-85cd-0caf25b811fc-groupManagement] INFO  server.RaftServerConfigKeys (ConfUtils.java:logGet(46)) - raft.server.log.segment.cache.size.max = 200MB (=209715200) (default)
2024-04-25 19:26:06,165 [023363e8-92b8-4e04-85cd-0caf25b811fc-groupManagement] INFO  server.RaftServerConfigKeys (ConfUtils.java:logGet(46)) - raft.server.log.appender.buffer.byte-limit = 8388608 (custom)
2024-04-25 19:26:06,165 [023363e8-92b8-4e04-85cd-0caf25b811fc-groupManagement] INFO  util.AwaitToRun (AwaitToRun.java:start(81)) - Thread[023363e8-92b8-4e04-85cd-0caf25b811fc@group-6861FFED6B0C-cacheEviction-AwaitToRun,5,main] started
2024-04-25 19:26:06,165 [023363e8-92b8-4e04-85cd-0caf25b811fc-groupManagement] INFO  segmented.SegmentedRaftLogWorker (SegmentedRaftLogWorker.java:<init>(182)) - new 023363e8-92b8-4e04-85cd-0caf25b811fc@group-6861FFED6B0C-SegmentedRaftLogWorker for RaftStorageImpl:Storage Directory /home/runner/work/ozone/ozone/hadoop-ozone/integration-test/target/test-dir/MiniOzoneClusterImpl-f82f7a4c-b7ce-4bc7-bddc-b4ce9d407ba8/ozone-meta/datanode-2/ratis/1c4a0937-556e-49ca-b55d-6861ffed6b0c
2024-04-25 19:26:06,165 [023363e8-92b8-4e04-85cd-0caf25b811fc-groupManagement] INFO  server.RaftServerConfigKeys (ConfUtils.java:logGet(46)) - raft.server.log.queue.byte-limit = 4294967296 (custom)
2024-04-25 19:26:06,165 [023363e8-92b8-4e04-85cd-0caf25b811fc-groupManagement] INFO  server.RaftServerConfigKeys (ConfUtils.java:logGet(46)) - raft.server.log.queue.element-limit = 1024 (custom)
2024-04-25 19:26:06,165 [023363e8-92b8-4e04-85cd-0caf25b811fc-groupManagement] INFO  server.RaftServerConfigKeys (ConfUtils.java:logGet(46)) - raft.server.log.segment.size.max = 67108864 (custom)
2024-04-25 19:26:06,166 [023363e8-92b8-4e04-85cd-0caf25b811fc-groupManagement] INFO  server.RaftServerConfigKeys (ConfUtils.java:logGet(46)) - raft.server.log.preallocated.size = 4194304 (custom)
2024-04-25 19:26:06,166 [023363e8-92b8-4e04-85cd-0caf25b811fc-groupManagement] INFO  server.RaftServerConfigKeys (ConfUtils.java:logGet(46)) - raft.server.log.force.sync.num = 128 (default)
2024-04-25 19:26:06,166 [023363e8-92b8-4e04-85cd-0caf25b811fc-groupManagement] INFO  server.RaftServerConfigKeys (ConfUtils.java:logGet(46)) - raft.server.log.statemachine.data.sync = true (default)
2024-04-25 19:26:06,166 [023363e8-92b8-4e04-85cd-0caf25b811fc-groupManagement] INFO  server.RaftServerConfigKeys (ConfUtils.java:logGet(46)) - raft.server.log.statemachine.data.sync.timeout = 10s (default)
2024-04-25 19:26:06,166 [023363e8-92b8-4e04-85cd-0caf25b811fc-groupManagement] INFO  server.RaftServerConfigKeys (ConfUtils.java:logGet(46)) - raft.server.log.statemachine.data.sync.timeout.retry = 30 (custom)
2024-04-25 19:26:06,166 [023363e8-92b8-4e04-85cd-0caf25b811fc-groupManagement] INFO  server.RaftServerConfigKeys (ConfUtils.java:logGet(46)) - raft.server.log.write.buffer.size = 8388616 (custom)
2024-04-25 19:26:06,167 [023363e8-92b8-4e04-85cd-0caf25b811fc-groupManagement] INFO  server.RaftServerConfigKeys (ConfUtils.java:logGet(46)) - raft.server.log.appender.buffer.byte-limit = 8388608 (custom)
2024-04-25 19:26:06,167 [023363e8-92b8-4e04-85cd-0caf25b811fc-groupManagement] INFO  server.RaftServerConfigKeys (ConfUtils.java:logGet(46)) - raft.server.log.unsafe-flush.enabled = false (default)
2024-04-25 19:26:06,168 [023363e8-92b8-4e04-85cd-0caf25b811fc-groupManagement] INFO  server.RaftServerConfigKeys (ConfUtils.java:logGet(46)) - raft.server.log.async-flush.enabled = false (default)
2024-04-25 19:26:06,168 [023363e8-92b8-4e04-85cd-0caf25b811fc-groupManagement] INFO  server.RaftServerConfigKeys (ConfUtils.java:logGet(46)) - raft.server.log.statemachine.data.caching.enabled = true (custom)
2024-04-25 19:26:06,168 [023363e8-92b8-4e04-85cd-0caf25b811fc-groupManagement] INFO  segmented.SegmentedRaftLogWorker (SegmentedRaftLogWorker.java:lambda$new$0(134)) - 023363e8-92b8-4e04-85cd-0caf25b811fc@group-6861FFED6B0C-SegmentedRaftLogWorker: flushIndex: setUnconditionally 0 -> -1
2024-04-25 19:26:06,168 [023363e8-92b8-4e04-85cd-0caf25b811fc-groupManagement] INFO  segmented.SegmentedRaftLogWorker (SegmentedRaftLogWorker.java:lambda$new$0(134)) - 023363e8-92b8-4e04-85cd-0caf25b811fc@group-6861FFED6B0C-SegmentedRaftLogWorker: safeCacheEvictIndex: setUnconditionally 0 -> -1
2024-04-25 19:26:06,168 [023363e8-92b8-4e04-85cd-0caf25b811fc-groupManagement] INFO  server.RaftServer$Division (RaftServerImpl.java:start(396)) - 023363e8-92b8-4e04-85cd-0caf25b811fc@group-6861FFED6B0C: start as a follower, conf=-1: peers:[4945050d-eb1e-4df3-bd8a-540f8ab6232f|127.0.0.1:15281, 023363e8-92b8-4e04-85cd-0caf25b811fc|127.0.0.1:15290, f28f6cfa-fb4d-46cf-94dd-cb052c8a0835|127.0.0.1:15299]|listeners:[], old=null
2024-04-25 19:26:06,168 [023363e8-92b8-4e04-85cd-0caf25b811fc-groupManagement] INFO  server.RaftServer$Division (RaftServerImpl.java:setRole(383)) - 023363e8-92b8-4e04-85cd-0caf25b811fc@group-6861FFED6B0C: changes role from      null to FOLLOWER at term 0 for startAsFollower
2024-04-25 19:26:06,168 [023363e8-92b8-4e04-85cd-0caf25b811fc-groupManagement] INFO  impl.RoleInfo (RoleInfo.java:updateAndGet(139)) - 023363e8-92b8-4e04-85cd-0caf25b811fc: start 023363e8-92b8-4e04-85cd-0caf25b811fc@group-6861FFED6B0C-FollowerState
2024-04-25 19:26:06,168 [023363e8-92b8-4e04-85cd-0caf25b811fc-groupManagement] INFO  util.JmxRegister (JmxRegister.java:tryRegister(44)) - Successfully registered JMX Bean with object name Ratis:service=RaftServer,group=group-6861FFED6B0C,id=023363e8-92b8-4e04-85cd-0caf25b811fc
2024-04-25 19:26:06,168 [023363e8-92b8-4e04-85cd-0caf25b811fc@group-6861FFED6B0C-FollowerState] INFO  server.RaftServerConfigKeys (ConfUtils.java:logFallback(53)) - raft.server.rpc.first-election.timeout.min = 5s (fallback to raft.server.rpc.timeout.min)
2024-04-25 19:26:06,169 [023363e8-92b8-4e04-85cd-0caf25b811fc@group-6861FFED6B0C-FollowerState] INFO  server.RaftServerConfigKeys (ConfUtils.java:logFallback(53)) - raft.server.rpc.first-election.timeout.max = 5200ms (fallback to raft.server.rpc.timeout.max)
2024-04-25 19:26:06,169 [023363e8-92b8-4e04-85cd-0caf25b811fc-groupManagement] INFO  server.RaftServerConfigKeys (ConfUtils.java:logGet(46)) - raft.server.snapshot.trigger-when-stop.enabled = true (default)
2024-04-25 19:26:06,169 [023363e8-92b8-4e04-85cd-0caf25b811fc-groupManagement] INFO  server.RaftServerConfigKeys (ConfUtils.java:logGet(46)) - raft.server.snapshot.auto.trigger.enabled = true (custom)
2024-04-25 19:26:06,169 [023363e8-92b8-4e04-85cd-0caf25b811fc-groupManagement] INFO  server.RaftServerConfigKeys (ConfUtils.java:logGet(46)) - raft.server.snapshot.auto.trigger.threshold = 10000 (custom)
2024-04-25 19:26:06,169 [023363e8-92b8-4e04-85cd-0caf25b811fc-groupManagement] INFO  server.RaftServerConfigKeys (ConfUtils.java:logGet(46)) - raft.server.snapshot.retention.file.num = 5 (custom)
2024-04-25 19:26:06,169 [023363e8-92b8-4e04-85cd-0caf25b811fc-groupManagement] INFO  server.RaftServerConfigKeys (ConfUtils.java:logGet(46)) - raft.server.log.purge.upto.snapshot.index = false (default)
2024-04-25 19:26:06,172 [4945050d-eb1e-4df3-bd8a-540f8ab6232f-PipelineCommandHandlerThread-0] INFO  commandhandler.CreatePipelineCommandHandler (CreatePipelineCommandHandler.java:lambda$handle$2(124)) - Created Pipeline RATIS THREE PipelineID=1c4a0937-556e-49ca-b55d-6861ffed6b0c.
2024-04-25 19:26:06,200 [f28f6cfa-fb4d-46cf-94dd-cb052c8a0835-PipelineCommandHandlerThread-0] INFO  server.RaftServer (RaftServerProxy.java:addNew(100)) - f28f6cfa-fb4d-46cf-94dd-cb052c8a0835: addNew group-BC99EED15F13:[f28f6cfa-fb4d-46cf-94dd-cb052c8a0835|127.0.0.1:15299] returns group-BC99EED15F13:java.util.concurrent.CompletableFuture@41e75a3e[Not completed]
2024-04-25 19:26:06,201 [f28f6cfa-fb4d-46cf-94dd-cb052c8a0835-groupManagement] INFO  server.RaftServer$Division (RaftServerImpl.java:<init>(256)) - f28f6cfa-fb4d-46cf-94dd-cb052c8a0835: new RaftServerImpl for group-BC99EED15F13:[f28f6cfa-fb4d-46cf-94dd-cb052c8a0835|127.0.0.1:15299] with ContainerStateMachine:uninitialized
2024-04-25 19:26:06,201 [f28f6cfa-fb4d-46cf-94dd-cb052c8a0835-groupManagement] INFO  server.RaftServerConfigKeys (ConfUtils.java:logGet(46)) - raft.server.rpc.timeout.min = 5s (custom)
2024-04-25 19:26:06,201 [f28f6cfa-fb4d-46cf-94dd-cb052c8a0835-groupManagement] INFO  server.RaftServerConfigKeys (ConfUtils.java:logGet(46)) - raft.server.rpc.timeout.max = 5200ms (custom)
2024-04-25 19:26:06,201 [f28f6cfa-fb4d-46cf-94dd-cb052c8a0835-groupManagement] INFO  server.RaftServerConfigKeys (ConfUtils.java:logGet(46)) - raft.server.rpc.sleep.time = 25ms (default)
2024-04-25 19:26:06,201 [f28f6cfa-fb4d-46cf-94dd-cb052c8a0835-groupManagement] INFO  server.RaftServerConfigKeys (ConfUtils.java:logGet(46)) - raft.server.rpc.slowness.timeout = 300000ms (custom)
2024-04-25 19:26:06,201 [f28f6cfa-fb4d-46cf-94dd-cb052c8a0835-groupManagement] INFO  server.RaftServerConfigKeys (ConfUtils.java:logGet(46)) - raft.server.leaderelection.leader.step-down.wait-time = 10s (default)
2024-04-25 19:26:06,201 [f28f6cfa-fb4d-46cf-94dd-cb052c8a0835-groupManagement] INFO  server.RaftServerConfigKeys (ConfUtils.java:logGet(46)) - raft.server.leaderelection.member.majority-add = false (default)
2024-04-25 19:26:06,201 [f28f6cfa-fb4d-46cf-94dd-cb052c8a0835-groupManagement] INFO  server.RaftServerConfigKeys (ConfUtils.java:logGet(46)) - raft.server.sleep.deviation.threshold = 300ms (default)
2024-04-25 19:26:06,202 [f28f6cfa-fb4d-46cf-94dd-cb052c8a0835-groupManagement] INFO  server.RaftServer$Division (ServerState.java:<init>(113)) - f28f6cfa-fb4d-46cf-94dd-cb052c8a0835@group-BC99EED15F13: ConfigurationManager, init=-1: peers:[f28f6cfa-fb4d-46cf-94dd-cb052c8a0835|127.0.0.1:15299]|listeners:[], old=null, confs=<EMPTY_MAP>
2024-04-25 19:26:06,202 [f28f6cfa-fb4d-46cf-94dd-cb052c8a0835-groupManagement] INFO  server.RaftServerConfigKeys (ConfUtils.java:logGet(46)) - raft.server.notification.no-leader.timeout = 300000ms (custom)
2024-04-25 19:26:06,202 [f28f6cfa-fb4d-46cf-94dd-cb052c8a0835-groupManagement] INFO  server.RaftServerConfigKeys (ConfUtils.java:logGet(46)) - raft.server.read.timeout = 10s (default)
2024-04-25 19:26:06,202 [f28f6cfa-fb4d-46cf-94dd-cb052c8a0835-groupManagement] INFO  server.RaftServerConfigKeys (ConfUtils.java:logGet(46)) - raft.server.retrycache.expirytime = 600000ms (custom)
2024-04-25 19:26:06,202 [f28f6cfa-fb4d-46cf-94dd-cb052c8a0835-groupManagement] INFO  server.RaftServerConfigKeys (ConfUtils.java:logGet(46)) - raft.server.retrycache.statistics.expirytime = 100ms (default)
2024-04-25 19:26:06,202 [f28f6cfa-fb4d-46cf-94dd-cb052c8a0835-groupManagement] INFO  server.RaftServerConfigKeys (ConfUtils.java:logGet(46)) - raft.server.read.option = DEFAULT (default)
2024-04-25 19:26:06,202 [f28f6cfa-fb4d-46cf-94dd-cb052c8a0835-groupManagement] INFO  server.RaftServerConfigKeys (ConfUtils.java:logGet(46)) - raft.server.read.read-after-write-consistent.write-index-cache.expiry-time = 60s (default)
2024-04-25 19:26:06,205 [f28f6cfa-fb4d-46cf-94dd-cb052c8a0835-groupManagement] INFO  server.RaftServerConfigKeys (ConfUtils.java:logGet(46)) - raft.server.rpc.request.timeout = 3000ms (default)
2024-04-25 19:26:06,205 [f28f6cfa-fb4d-46cf-94dd-cb052c8a0835-groupManagement] INFO  server.RaftServerConfigKeys (ConfUtils.java:logGet(46)) - raft.server.log.appender.install.snapshot.enabled = false (custom)
2024-04-25 19:26:06,205 [f28f6cfa-fb4d-46cf-94dd-cb052c8a0835-groupManagement] INFO  server.RaftServerConfigKeys (ConfUtils.java:logGet(46)) - raft.server.threadpool.server.cached = true (default)
2024-04-25 19:26:06,205 [f28f6cfa-fb4d-46cf-94dd-cb052c8a0835-groupManagement] INFO  server.RaftServerConfigKeys (ConfUtils.java:logGet(46)) - raft.server.threadpool.server.size = 0 (default)
2024-04-25 19:26:06,205 [f28f6cfa-fb4d-46cf-94dd-cb052c8a0835-groupManagement] INFO  server.RaftServerConfigKeys (ConfUtils.java:logGet(46)) - raft.server.threadpool.client.cached = true (default)
2024-04-25 19:26:06,205 [f28f6cfa-fb4d-46cf-94dd-cb052c8a0835-groupManagement] INFO  server.RaftServerConfigKeys (ConfUtils.java:logGet(46)) - raft.server.threadpool.client.size = 0 (default)
2024-04-25 19:26:06,205 [f28f6cfa-fb4d-46cf-94dd-cb052c8a0835-groupManagement] INFO  server.RaftServerConfigKeys (ConfUtils.java:logGet(46)) - raft.server.storage.free-space.min = 0MB (=0) (default)
2024-04-25 19:26:06,205 [f28f6cfa-fb4d-46cf-94dd-cb052c8a0835-groupManagement] INFO  server.RaftServerConfigKeys (ConfUtils.java:logGet(46)) - raft.server.log.corruption.policy = EXCEPTION (default)
2024-04-25 19:26:06,205 [f28f6cfa-fb4d-46cf-94dd-cb052c8a0835-groupManagement] INFO  server.RaftServerConfigKeys (ConfUtils.java:logGet(46)) - raft.server.storage.dir = [/home/runner/work/ozone/ozone/hadoop-ozone/integration-test/target/test-dir/MiniOzoneClusterImpl-f82f7a4c-b7ce-4bc7-bddc-b4ce9d407ba8/ozone-meta/datanode-3/ratis] (custom)
2024-04-25 19:26:06,205 [f28f6cfa-fb4d-46cf-94dd-cb052c8a0835-groupManagement] INFO  storage.RaftStorageDirectory (RaftStorageDirectoryImpl.java:analyzeStorage(138)) - The storage directory /home/runner/work/ozone/ozone/hadoop-ozone/integration-test/target/test-dir/MiniOzoneClusterImpl-f82f7a4c-b7ce-4bc7-bddc-b4ce9d407ba8/ozone-meta/datanode-3/ratis/f625da82-93fb-4160-9c30-bc99eed15f13 does not exist. Creating ...
2024-04-25 19:26:06,206 [f28f6cfa-fb4d-46cf-94dd-cb052c8a0835-groupManagement] INFO  storage.RaftStorageDirectory (RaftStorageDirectoryImpl.java:tryLock(228)) - Lock on /home/runner/work/ozone/ozone/hadoop-ozone/integration-test/target/test-dir/MiniOzoneClusterImpl-f82f7a4c-b7ce-4bc7-bddc-b4ce9d407ba8/ozone-meta/datanode-3/ratis/f625da82-93fb-4160-9c30-bc99eed15f13/in_use.lock acquired by nodename 21201@fv-az524-255
2024-04-25 19:26:06,207 [f28f6cfa-fb4d-46cf-94dd-cb052c8a0835-groupManagement] INFO  storage.RaftStorage (RaftStorageImpl.java:format(99)) - Storage directory /home/runner/work/ozone/ozone/hadoop-ozone/integration-test/target/test-dir/MiniOzoneClusterImpl-f82f7a4c-b7ce-4bc7-bddc-b4ce9d407ba8/ozone-meta/datanode-3/ratis/f625da82-93fb-4160-9c30-bc99eed15f13 has been successfully formatted.
2024-04-25 19:26:06,208 [f28f6cfa-fb4d-46cf-94dd-cb052c8a0835-groupManagement] WARN  util.FileUtils (LogUtils.java:supplyAndLog(63)) - Failed to Files.newInputStream /home/runner/work/ozone/ozone/hadoop-ozone/integration-test/target/test-dir/MiniOzoneClusterImpl-f82f7a4c-b7ce-4bc7-bddc-b4ce9d407ba8/ozone-meta/datanode-3/ratis/f625da82-93fb-4160-9c30-bc99eed15f13/current/raft-meta.conf with options []: java.nio.file.NoSuchFileException: /home/runner/work/ozone/ozone/hadoop-ozone/integration-test/target/test-dir/MiniOzoneClusterImpl-f82f7a4c-b7ce-4bc7-bddc-b4ce9d407ba8/ozone-meta/datanode-3/ratis/f625da82-93fb-4160-9c30-bc99eed15f13/current/raft-meta.conf
2024-04-25 19:26:06,208 [f28f6cfa-fb4d-46cf-94dd-cb052c8a0835-groupManagement] INFO  ratis.ContainerStateMachine (ContainerStateMachine.java:loadSnapshot(287)) - group-BC99EED15F13: The snapshot info is null. Setting the last applied index to:(t:0, i:~)
2024-04-25 19:26:06,208 [f28f6cfa-fb4d-46cf-94dd-cb052c8a0835-groupManagement] INFO  server.RaftServerConfigKeys (ConfUtils.java:logGet(46)) - raft.server.log.use.memory = false (default)
2024-04-25 19:26:06,208 [f28f6cfa-fb4d-46cf-94dd-cb052c8a0835-groupManagement] INFO  server.RaftServerConfigKeys (ConfUtils.java:logGet(46)) - raft.server.log.purge.gap = 1000000 (custom)
2024-04-25 19:26:06,208 [f28f6cfa-fb4d-46cf-94dd-cb052c8a0835-groupManagement] INFO  server.RaftServerConfigKeys (ConfUtils.java:logGet(46)) - raft.server.log.appender.buffer.byte-limit = 8388608 (custom)
2024-04-25 19:26:06,208 [f28f6cfa-fb4d-46cf-94dd-cb052c8a0835-groupManagement] INFO  server.RaftServerConfigKeys (ConfUtils.java:logGet(46)) - raft.server.log.statemachine.data.read.timeout = 1000ms (default)
2024-04-25 19:26:06,208 [f28f6cfa-fb4d-46cf-94dd-cb052c8a0835-groupManagement] INFO  server.RaftServerConfigKeys (ConfUtils.java:logGet(46)) - raft.server.log.purge.preservation.log.num = 0 (default)
2024-04-25 19:26:06,209 [EventQueue-PipelineReportForPipelineReportHandler] INFO  pipeline.PipelineReportHandler (PipelineReportHandler.java:processPipelineReport(136)) - Opened pipeline PipelineID=f625da82-93fb-4160-9c30-bc99eed15f13
2024-04-25 19:26:06,209 [EventQueue-OpenPipelineForHealthyPipelineSafeModeRule] INFO  safemode.SCMSafeModeManager (HealthyPipelineSafeModeRule.java:process(140)) - SCM in safe mode. Healthy pipelines reported count is 0, required healthy pipeline reported count is 1
2024-04-25 19:26:06,210 [f28f6cfa-fb4d-46cf-94dd-cb052c8a0835-groupManagement] INFO  server.RaftServerConfigKeys (ConfUtils.java:logGet(46)) - raft.server.log.segment.size.max = 67108864 (custom)
2024-04-25 19:26:06,210 [f28f6cfa-fb4d-46cf-94dd-cb052c8a0835-groupManagement] INFO  server.RaftServerConfigKeys (ConfUtils.java:logGet(46)) - raft.server.log.segment.cache.num.max = 2 (custom)
2024-04-25 19:26:06,210 [f28f6cfa-fb4d-46cf-94dd-cb052c8a0835-groupManagement] INFO  server.RaftServerConfigKeys (ConfUtils.java:logGet(46)) - raft.server.log.segment.cache.size.max = 200MB (=209715200) (default)
2024-04-25 19:26:06,210 [f28f6cfa-fb4d-46cf-94dd-cb052c8a0835-groupManagement] INFO  server.RaftServerConfigKeys (ConfUtils.java:logGet(46)) - raft.server.log.appender.buffer.byte-limit = 8388608 (custom)
2024-04-25 19:26:06,210 [f28f6cfa-fb4d-46cf-94dd-cb052c8a0835-groupManagement] INFO  util.AwaitToRun (AwaitToRun.java:start(81)) - Thread[f28f6cfa-fb4d-46cf-94dd-cb052c8a0835@group-BC99EED15F13-cacheEviction-AwaitToRun,5,main] started
2024-04-25 19:26:06,210 [f28f6cfa-fb4d-46cf-94dd-cb052c8a0835-groupManagement] INFO  segmented.SegmentedRaftLogWorker (SegmentedRaftLogWorker.java:<init>(182)) - new f28f6cfa-fb4d-46cf-94dd-cb052c8a0835@group-BC99EED15F13-SegmentedRaftLogWorker for RaftStorageImpl:Storage Directory /home/runner/work/ozone/ozone/hadoop-ozone/integration-test/target/test-dir/MiniOzoneClusterImpl-f82f7a4c-b7ce-4bc7-bddc-b4ce9d407ba8/ozone-meta/datanode-3/ratis/f625da82-93fb-4160-9c30-bc99eed15f13
2024-04-25 19:26:06,210 [f28f6cfa-fb4d-46cf-94dd-cb052c8a0835-groupManagement] INFO  server.RaftServerConfigKeys (ConfUtils.java:logGet(46)) - raft.server.log.queue.byte-limit = 4294967296 (custom)
2024-04-25 19:26:06,210 [f28f6cfa-fb4d-46cf-94dd-cb052c8a0835-groupManagement] INFO  server.RaftServerConfigKeys (ConfUtils.java:logGet(46)) - raft.server.log.queue.element-limit = 1024 (custom)
2024-04-25 19:26:06,210 [f28f6cfa-fb4d-46cf-94dd-cb052c8a0835-groupManagement] INFO  server.RaftServerConfigKeys (ConfUtils.java:logGet(46)) - raft.server.log.segment.size.max = 67108864 (custom)
2024-04-25 19:26:06,210 [f28f6cfa-fb4d-46cf-94dd-cb052c8a0835-groupManagement] INFO  server.RaftServerConfigKeys (ConfUtils.java:logGet(46)) - raft.server.log.preallocated.size = 4194304 (custom)
2024-04-25 19:26:06,210 [f28f6cfa-fb4d-46cf-94dd-cb052c8a0835-groupManagement] INFO  server.RaftServerConfigKeys (ConfUtils.java:logGet(46)) - raft.server.log.force.sync.num = 128 (default)
2024-04-25 19:26:06,211 [f28f6cfa-fb4d-46cf-94dd-cb052c8a0835-groupManagement] INFO  server.RaftServerConfigKeys (ConfUtils.java:logGet(46)) - raft.server.log.statemachine.data.sync = true (default)
2024-04-25 19:26:06,211 [f28f6cfa-fb4d-46cf-94dd-cb052c8a0835-groupManagement] INFO  server.RaftServerConfigKeys (ConfUtils.java:logGet(46)) - raft.server.log.statemachine.data.sync.timeout = 10s (default)
2024-04-25 19:26:06,211 [f28f6cfa-fb4d-46cf-94dd-cb052c8a0835-groupManagement] INFO  server.RaftServerConfigKeys (ConfUtils.java:logGet(46)) - raft.server.log.statemachine.data.sync.timeout.retry = 30 (custom)
2024-04-25 19:26:06,211 [f28f6cfa-fb4d-46cf-94dd-cb052c8a0835-groupManagement] INFO  server.RaftServerConfigKeys (ConfUtils.java:logGet(46)) - raft.server.log.write.buffer.size = 8388616 (custom)
2024-04-25 19:26:06,212 [f28f6cfa-fb4d-46cf-94dd-cb052c8a0835-groupManagement] INFO  server.RaftServerConfigKeys (ConfUtils.java:logGet(46)) - raft.server.log.appender.buffer.byte-limit = 8388608 (custom)
2024-04-25 19:26:06,212 [f28f6cfa-fb4d-46cf-94dd-cb052c8a0835-groupManagement] INFO  server.RaftServerConfigKeys (ConfUtils.java:logGet(46)) - raft.server.log.unsafe-flush.enabled = false (default)
2024-04-25 19:26:06,212 [f28f6cfa-fb4d-46cf-94dd-cb052c8a0835-groupManagement] INFO  server.RaftServerConfigKeys (ConfUtils.java:logGet(46)) - raft.server.log.async-flush.enabled = false (default)
2024-04-25 19:26:06,213 [f28f6cfa-fb4d-46cf-94dd-cb052c8a0835-groupManagement] INFO  server.RaftServerConfigKeys (ConfUtils.java:logGet(46)) - raft.server.log.statemachine.data.caching.enabled = true (custom)
2024-04-25 19:26:06,213 [f28f6cfa-fb4d-46cf-94dd-cb052c8a0835-groupManagement] INFO  segmented.SegmentedRaftLogWorker (SegmentedRaftLogWorker.java:lambda$new$0(134)) - f28f6cfa-fb4d-46cf-94dd-cb052c8a0835@group-BC99EED15F13-SegmentedRaftLogWorker: flushIndex: setUnconditionally 0 -> -1
2024-04-25 19:26:06,213 [f28f6cfa-fb4d-46cf-94dd-cb052c8a0835-groupManagement] INFO  segmented.SegmentedRaftLogWorker (SegmentedRaftLogWorker.java:lambda$new$0(134)) - f28f6cfa-fb4d-46cf-94dd-cb052c8a0835@group-BC99EED15F13-SegmentedRaftLogWorker: safeCacheEvictIndex: setUnconditionally 0 -> -1
2024-04-25 19:26:06,213 [f28f6cfa-fb4d-46cf-94dd-cb052c8a0835-groupManagement] INFO  server.RaftServer$Division (RaftServerImpl.java:start(396)) - f28f6cfa-fb4d-46cf-94dd-cb052c8a0835@group-BC99EED15F13: start as a follower, conf=-1: peers:[f28f6cfa-fb4d-46cf-94dd-cb052c8a0835|127.0.0.1:15299]|listeners:[], old=null
2024-04-25 19:26:06,213 [f28f6cfa-fb4d-46cf-94dd-cb052c8a0835-groupManagement] INFO  server.RaftServer$Division (RaftServerImpl.java:setRole(383)) - f28f6cfa-fb4d-46cf-94dd-cb052c8a0835@group-BC99EED15F13: changes role from      null to FOLLOWER at term 0 for startAsFollower
2024-04-25 19:26:06,213 [f28f6cfa-fb4d-46cf-94dd-cb052c8a0835-groupManagement] INFO  impl.RoleInfo (RoleInfo.java:updateAndGet(139)) - f28f6cfa-fb4d-46cf-94dd-cb052c8a0835: start f28f6cfa-fb4d-46cf-94dd-cb052c8a0835@group-BC99EED15F13-FollowerState
2024-04-25 19:26:06,213 [f28f6cfa-fb4d-46cf-94dd-cb052c8a0835@group-BC99EED15F13-FollowerState] INFO  server.RaftServerConfigKeys (ConfUtils.java:logFallback(53)) - raft.server.rpc.first-election.timeout.min = 5s (fallback to raft.server.rpc.timeout.min)
2024-04-25 19:26:06,213 [f28f6cfa-fb4d-46cf-94dd-cb052c8a0835-groupManagement] INFO  util.JmxRegister (JmxRegister.java:tryRegister(44)) - Successfully registered JMX Bean with object name Ratis:service=RaftServer,group=group-BC99EED15F13,id=f28f6cfa-fb4d-46cf-94dd-cb052c8a0835
2024-04-25 19:26:06,213 [f28f6cfa-fb4d-46cf-94dd-cb052c8a0835-groupManagement] INFO  server.RaftServerConfigKeys (ConfUtils.java:logGet(46)) - raft.server.snapshot.trigger-when-stop.enabled = true (default)
2024-04-25 19:26:06,213 [f28f6cfa-fb4d-46cf-94dd-cb052c8a0835-groupManagement] INFO  server.RaftServerConfigKeys (ConfUtils.java:logGet(46)) - raft.server.snapshot.auto.trigger.enabled = true (custom)
2024-04-25 19:26:06,214 [f28f6cfa-fb4d-46cf-94dd-cb052c8a0835-groupManagement] INFO  server.RaftServerConfigKeys (ConfUtils.java:logGet(46)) - raft.server.snapshot.auto.trigger.threshold = 10000 (custom)
2024-04-25 19:26:06,214 [f28f6cfa-fb4d-46cf-94dd-cb052c8a0835-groupManagement] INFO  server.RaftServerConfigKeys (ConfUtils.java:logGet(46)) - raft.server.snapshot.retention.file.num = 5 (custom)
2024-04-25 19:26:06,214 [f28f6cfa-fb4d-46cf-94dd-cb052c8a0835-groupManagement] INFO  server.RaftServerConfigKeys (ConfUtils.java:logGet(46)) - raft.server.log.purge.upto.snapshot.index = false (default)
2024-04-25 19:26:06,214 [f28f6cfa-fb4d-46cf-94dd-cb052c8a0835@group-BC99EED15F13-FollowerState] INFO  server.RaftServerConfigKeys (ConfUtils.java:logFallback(53)) - raft.server.rpc.first-election.timeout.max = 5200ms (fallback to raft.server.rpc.timeout.max)
2024-04-25 19:26:06,220 [f28f6cfa-fb4d-46cf-94dd-cb052c8a0835-PipelineCommandHandlerThread-0] INFO  ratis.XceiverServerRatis (XceiverServerRatis.java:addGroup(864)) - Created group PipelineID=f625da82-93fb-4160-9c30-bc99eed15f13
2024-04-25 19:26:06,220 [f28f6cfa-fb4d-46cf-94dd-cb052c8a0835-PipelineCommandHandlerThread-0] INFO  commandhandler.CreatePipelineCommandHandler (CreatePipelineCommandHandler.java:lambda$handle$2(124)) - Created Pipeline RATIS ONE PipelineID=f625da82-93fb-4160-9c30-bc99eed15f13.
2024-04-25 19:26:06,261 [38098fde-9f6f-4ad0-993c-715d8f2d4b32-PipelineCommandHandlerThread-0] INFO  server.RaftServer (RaftServerProxy.java:addNew(100)) - 38098fde-9f6f-4ad0-993c-715d8f2d4b32: addNew group-9819C722C0BE:[38098fde-9f6f-4ad0-993c-715d8f2d4b32|127.0.0.1:15308] returns group-9819C722C0BE:java.util.concurrent.CompletableFuture@4634ab17[Not completed]
2024-04-25 19:26:06,262 [38098fde-9f6f-4ad0-993c-715d8f2d4b32-groupManagement] INFO  server.RaftServer$Division (RaftServerImpl.java:<init>(256)) - 38098fde-9f6f-4ad0-993c-715d8f2d4b32: new RaftServerImpl for group-9819C722C0BE:[38098fde-9f6f-4ad0-993c-715d8f2d4b32|127.0.0.1:15308] with ContainerStateMachine:uninitialized
2024-04-25 19:26:06,262 [38098fde-9f6f-4ad0-993c-715d8f2d4b32-groupManagement] INFO  server.RaftServerConfigKeys (ConfUtils.java:logGet(46)) - raft.server.rpc.timeout.min = 5s (custom)
2024-04-25 19:26:06,262 [38098fde-9f6f-4ad0-993c-715d8f2d4b32-groupManagement] INFO  server.RaftServerConfigKeys (ConfUtils.java:logGet(46)) - raft.server.rpc.timeout.max = 5200ms (custom)
2024-04-25 19:26:06,262 [38098fde-9f6f-4ad0-993c-715d8f2d4b32-groupManagement] INFO  server.RaftServerConfigKeys (ConfUtils.java:logGet(46)) - raft.server.rpc.sleep.time = 25ms (default)
2024-04-25 19:26:06,262 [38098fde-9f6f-4ad0-993c-715d8f2d4b32-groupManagement] INFO  server.RaftServerConfigKeys (ConfUtils.java:logGet(46)) - raft.server.rpc.slowness.timeout = 300000ms (custom)
2024-04-25 19:26:06,262 [38098fde-9f6f-4ad0-993c-715d8f2d4b32-groupManagement] INFO  server.RaftServerConfigKeys (ConfUtils.java:logGet(46)) - raft.server.leaderelection.leader.step-down.wait-time = 10s (default)
2024-04-25 19:26:06,262 [38098fde-9f6f-4ad0-993c-715d8f2d4b32-groupManagement] INFO  server.RaftServerConfigKeys (ConfUtils.java:logGet(46)) - raft.server.leaderelection.member.majority-add = false (default)
2024-04-25 19:26:06,262 [38098fde-9f6f-4ad0-993c-715d8f2d4b32-groupManagement] INFO  server.RaftServerConfigKeys (ConfUtils.java:logGet(46)) - raft.server.sleep.deviation.threshold = 300ms (default)
2024-04-25 19:26:06,262 [38098fde-9f6f-4ad0-993c-715d8f2d4b32-groupManagement] INFO  server.RaftServer$Division (ServerState.java:<init>(113)) - 38098fde-9f6f-4ad0-993c-715d8f2d4b32@group-9819C722C0BE: ConfigurationManager, init=-1: peers:[38098fde-9f6f-4ad0-993c-715d8f2d4b32|127.0.0.1:15308]|listeners:[], old=null, confs=<EMPTY_MAP>
2024-04-25 19:26:06,262 [38098fde-9f6f-4ad0-993c-715d8f2d4b32-groupManagement] INFO  server.RaftServerConfigKeys (ConfUtils.java:logGet(46)) - raft.server.notification.no-leader.timeout = 300000ms (custom)
2024-04-25 19:26:06,262 [38098fde-9f6f-4ad0-993c-715d8f2d4b32-groupManagement] INFO  server.RaftServerConfigKeys (ConfUtils.java:logGet(46)) - raft.server.read.timeout = 10s (default)
2024-04-25 19:26:06,262 [38098fde-9f6f-4ad0-993c-715d8f2d4b32-groupManagement] INFO  server.RaftServerConfigKeys (ConfUtils.java:logGet(46)) - raft.server.retrycache.expirytime = 600000ms (custom)
2024-04-25 19:26:06,262 [38098fde-9f6f-4ad0-993c-715d8f2d4b32-groupManagement] INFO  server.RaftServerConfigKeys (ConfUtils.java:logGet(46)) - raft.server.retrycache.statistics.expirytime = 100ms (default)
2024-04-25 19:26:06,262 [38098fde-9f6f-4ad0-993c-715d8f2d4b32-groupManagement] INFO  server.RaftServerConfigKeys (ConfUtils.java:logGet(46)) - raft.server.read.option = DEFAULT (default)
2024-04-25 19:26:06,262 [38098fde-9f6f-4ad0-993c-715d8f2d4b32-groupManagement] INFO  server.RaftServerConfigKeys (ConfUtils.java:logGet(46)) - raft.server.read.read-after-write-consistent.write-index-cache.expiry-time = 60s (default)
2024-04-25 19:26:06,265 [38098fde-9f6f-4ad0-993c-715d8f2d4b32-groupManagement] INFO  server.RaftServerConfigKeys (ConfUtils.java:logGet(46)) - raft.server.rpc.request.timeout = 3000ms (default)
2024-04-25 19:26:06,265 [38098fde-9f6f-4ad0-993c-715d8f2d4b32-groupManagement] INFO  server.RaftServerConfigKeys (ConfUtils.java:logGet(46)) - raft.server.log.appender.install.snapshot.enabled = false (custom)
2024-04-25 19:26:06,265 [38098fde-9f6f-4ad0-993c-715d8f2d4b32-groupManagement] INFO  server.RaftServerConfigKeys (ConfUtils.java:logGet(46)) - raft.server.threadpool.server.cached = true (default)
2024-04-25 19:26:06,265 [38098fde-9f6f-4ad0-993c-715d8f2d4b32-groupManagement] INFO  server.RaftServerConfigKeys (ConfUtils.java:logGet(46)) - raft.server.threadpool.server.size = 0 (default)
2024-04-25 19:26:06,265 [38098fde-9f6f-4ad0-993c-715d8f2d4b32-groupManagement] INFO  server.RaftServerConfigKeys (ConfUtils.java:logGet(46)) - raft.server.threadpool.client.cached = true (default)
2024-04-25 19:26:06,265 [38098fde-9f6f-4ad0-993c-715d8f2d4b32-groupManagement] INFO  server.RaftServerConfigKeys (ConfUtils.java:logGet(46)) - raft.server.threadpool.client.size = 0 (default)
2024-04-25 19:26:06,265 [38098fde-9f6f-4ad0-993c-715d8f2d4b32-groupManagement] INFO  server.RaftServerConfigKeys (ConfUtils.java:logGet(46)) - raft.server.storage.free-space.min = 0MB (=0) (default)
2024-04-25 19:26:06,265 [38098fde-9f6f-4ad0-993c-715d8f2d4b32-groupManagement] INFO  server.RaftServerConfigKeys (ConfUtils.java:logGet(46)) - raft.server.log.corruption.policy = EXCEPTION (default)
2024-04-25 19:26:06,265 [38098fde-9f6f-4ad0-993c-715d8f2d4b32-groupManagement] INFO  server.RaftServerConfigKeys (ConfUtils.java:logGet(46)) - raft.server.storage.dir = [/home/runner/work/ozone/ozone/hadoop-ozone/integration-test/target/test-dir/MiniOzoneClusterImpl-f82f7a4c-b7ce-4bc7-bddc-b4ce9d407ba8/ozone-meta/datanode-4/ratis] (custom)
2024-04-25 19:26:06,265 [38098fde-9f6f-4ad0-993c-715d8f2d4b32-groupManagement] INFO  storage.RaftStorageDirectory (RaftStorageDirectoryImpl.java:analyzeStorage(138)) - The storage directory /home/runner/work/ozone/ozone/hadoop-ozone/integration-test/target/test-dir/MiniOzoneClusterImpl-f82f7a4c-b7ce-4bc7-bddc-b4ce9d407ba8/ozone-meta/datanode-4/ratis/a8fbf086-abed-4d90-9d91-9819c722c0be does not exist. Creating ...
2024-04-25 19:26:06,266 [38098fde-9f6f-4ad0-993c-715d8f2d4b32-groupManagement] INFO  storage.RaftStorageDirectory (RaftStorageDirectoryImpl.java:tryLock(228)) - Lock on /home/runner/work/ozone/ozone/hadoop-ozone/integration-test/target/test-dir/MiniOzoneClusterImpl-f82f7a4c-b7ce-4bc7-bddc-b4ce9d407ba8/ozone-meta/datanode-4/ratis/a8fbf086-abed-4d90-9d91-9819c722c0be/in_use.lock acquired by nodename 21201@fv-az524-255
2024-04-25 19:26:06,267 [38098fde-9f6f-4ad0-993c-715d8f2d4b32-groupManagement] INFO  storage.RaftStorage (RaftStorageImpl.java:format(99)) - Storage directory /home/runner/work/ozone/ozone/hadoop-ozone/integration-test/target/test-dir/MiniOzoneClusterImpl-f82f7a4c-b7ce-4bc7-bddc-b4ce9d407ba8/ozone-meta/datanode-4/ratis/a8fbf086-abed-4d90-9d91-9819c722c0be has been successfully formatted.
2024-04-25 19:26:06,268 [38098fde-9f6f-4ad0-993c-715d8f2d4b32-groupManagement] WARN  util.FileUtils (LogUtils.java:supplyAndLog(63)) - Failed to Files.newInputStream /home/runner/work/ozone/ozone/hadoop-ozone/integration-test/target/test-dir/MiniOzoneClusterImpl-f82f7a4c-b7ce-4bc7-bddc-b4ce9d407ba8/ozone-meta/datanode-4/ratis/a8fbf086-abed-4d90-9d91-9819c722c0be/current/raft-meta.conf with options []: java.nio.file.NoSuchFileException: /home/runner/work/ozone/ozone/hadoop-ozone/integration-test/target/test-dir/MiniOzoneClusterImpl-f82f7a4c-b7ce-4bc7-bddc-b4ce9d407ba8/ozone-meta/datanode-4/ratis/a8fbf086-abed-4d90-9d91-9819c722c0be/current/raft-meta.conf
2024-04-25 19:26:06,268 [38098fde-9f6f-4ad0-993c-715d8f2d4b32-groupManagement] INFO  ratis.ContainerStateMachine (ContainerStateMachine.java:loadSnapshot(287)) - group-9819C722C0BE: The snapshot info is null. Setting the last applied index to:(t:0, i:~)
2024-04-25 19:26:06,268 [38098fde-9f6f-4ad0-993c-715d8f2d4b32-groupManagement] INFO  server.RaftServerConfigKeys (ConfUtils.java:logGet(46)) - raft.server.log.use.memory = false (default)
2024-04-25 19:26:06,268 [38098fde-9f6f-4ad0-993c-715d8f2d4b32-groupManagement] INFO  server.RaftServerConfigKeys (ConfUtils.java:logGet(46)) - raft.server.log.purge.gap = 1000000 (custom)
2024-04-25 19:26:06,268 [38098fde-9f6f-4ad0-993c-715d8f2d4b32-groupManagement] INFO  server.RaftServerConfigKeys (ConfUtils.java:logGet(46)) - raft.server.log.appender.buffer.byte-limit = 8388608 (custom)
2024-04-25 19:26:06,268 [38098fde-9f6f-4ad0-993c-715d8f2d4b32-groupManagement] INFO  server.RaftServerConfigKeys (ConfUtils.java:logGet(46)) - raft.server.log.statemachine.data.read.timeout = 1000ms (default)
2024-04-25 19:26:06,269 [38098fde-9f6f-4ad0-993c-715d8f2d4b32-groupManagement] INFO  server.RaftServerConfigKeys (ConfUtils.java:logGet(46)) - raft.server.log.purge.preservation.log.num = 0 (default)
2024-04-25 19:26:06,269 [EventQueue-PipelineReportForPipelineReportHandler] INFO  pipeline.PipelineReportHandler (PipelineReportHandler.java:processPipelineReport(136)) - Opened pipeline PipelineID=a8fbf086-abed-4d90-9d91-9819c722c0be
2024-04-25 19:26:06,269 [EventQueue-OpenPipelineForHealthyPipelineSafeModeRule] INFO  safemode.SCMSafeModeManager (HealthyPipelineSafeModeRule.java:process(140)) - SCM in safe mode. Healthy pipelines reported count is 0, required healthy pipeline reported count is 1
2024-04-25 19:26:06,270 [38098fde-9f6f-4ad0-993c-715d8f2d4b32-groupManagement] INFO  server.RaftServerConfigKeys (ConfUtils.java:logGet(46)) - raft.server.log.segment.size.max = 67108864 (custom)
2024-04-25 19:26:06,270 [38098fde-9f6f-4ad0-993c-715d8f2d4b32-groupManagement] INFO  server.RaftServerConfigKeys (ConfUtils.java:logGet(46)) - raft.server.log.segment.cache.num.max = 2 (custom)
2024-04-25 19:26:06,270 [38098fde-9f6f-4ad0-993c-715d8f2d4b32-groupManagement] INFO  server.RaftServerConfigKeys (ConfUtils.java:logGet(46)) - raft.server.log.segment.cache.size.max = 200MB (=209715200) (default)
2024-04-25 19:26:06,270 [38098fde-9f6f-4ad0-993c-715d8f2d4b32-groupManagement] INFO  server.RaftServerConfigKeys (ConfUtils.java:logGet(46)) - raft.server.log.appender.buffer.byte-limit = 8388608 (custom)
2024-04-25 19:26:06,270 [38098fde-9f6f-4ad0-993c-715d8f2d4b32-groupManagement] INFO  util.AwaitToRun (AwaitToRun.java:start(81)) - Thread[38098fde-9f6f-4ad0-993c-715d8f2d4b32@group-9819C722C0BE-cacheEviction-AwaitToRun,5,main] started
2024-04-25 19:26:06,270 [38098fde-9f6f-4ad0-993c-715d8f2d4b32-groupManagement] INFO  segmented.SegmentedRaftLogWorker (SegmentedRaftLogWorker.java:<init>(182)) - new 38098fde-9f6f-4ad0-993c-715d8f2d4b32@group-9819C722C0BE-SegmentedRaftLogWorker for RaftStorageImpl:Storage Directory /home/runner/work/ozone/ozone/hadoop-ozone/integration-test/target/test-dir/MiniOzoneClusterImpl-f82f7a4c-b7ce-4bc7-bddc-b4ce9d407ba8/ozone-meta/datanode-4/ratis/a8fbf086-abed-4d90-9d91-9819c722c0be
2024-04-25 19:26:06,270 [38098fde-9f6f-4ad0-993c-715d8f2d4b32-groupManagement] INFO  server.RaftServerConfigKeys (ConfUtils.java:logGet(46)) - raft.server.log.queue.byte-limit = 4294967296 (custom)
2024-04-25 19:26:06,270 [38098fde-9f6f-4ad0-993c-715d8f2d4b32-groupManagement] INFO  server.RaftServerConfigKeys (ConfUtils.java:logGet(46)) - raft.server.log.queue.element-limit = 1024 (custom)
2024-04-25 19:26:06,270 [38098fde-9f6f-4ad0-993c-715d8f2d4b32-groupManagement] INFO  server.RaftServerConfigKeys (ConfUtils.java:logGet(46)) - raft.server.log.segment.size.max = 67108864 (custom)
2024-04-25 19:26:06,270 [38098fde-9f6f-4ad0-993c-715d8f2d4b32-groupManagement] INFO  server.RaftServerConfigKeys (ConfUtils.java:logGet(46)) - raft.server.log.preallocated.size = 4194304 (custom)
2024-04-25 19:26:06,270 [38098fde-9f6f-4ad0-993c-715d8f2d4b32-groupManagement] INFO  server.RaftServerConfigKeys (ConfUtils.java:logGet(46)) - raft.server.log.force.sync.num = 128 (default)
2024-04-25 19:26:06,270 [38098fde-9f6f-4ad0-993c-715d8f2d4b32-groupManagement] INFO  server.RaftServerConfigKeys (ConfUtils.java:logGet(46)) - raft.server.log.statemachine.data.sync = true (default)
2024-04-25 19:26:06,270 [38098fde-9f6f-4ad0-993c-715d8f2d4b32-groupManagement] INFO  server.RaftServerConfigKeys (ConfUtils.java:logGet(46)) - raft.server.log.statemachine.data.sync.timeout = 10s (default)
2024-04-25 19:26:06,270 [38098fde-9f6f-4ad0-993c-715d8f2d4b32-groupManagement] INFO  server.RaftServerConfigKeys (ConfUtils.java:logGet(46)) - raft.server.log.statemachine.data.sync.timeout.retry = 30 (custom)
2024-04-25 19:26:06,271 [38098fde-9f6f-4ad0-993c-715d8f2d4b32-groupManagement] INFO  server.RaftServerConfigKeys (ConfUtils.java:logGet(46)) - raft.server.log.write.buffer.size = 8388616 (custom)
2024-04-25 19:26:06,272 [38098fde-9f6f-4ad0-993c-715d8f2d4b32-groupManagement] INFO  server.RaftServerConfigKeys (ConfUtils.java:logGet(46)) - raft.server.log.appender.buffer.byte-limit = 8388608 (custom)
2024-04-25 19:26:06,272 [38098fde-9f6f-4ad0-993c-715d8f2d4b32-groupManagement] INFO  server.RaftServerConfigKeys (ConfUtils.java:logGet(46)) - raft.server.log.unsafe-flush.enabled = false (default)
2024-04-25 19:26:06,272 [38098fde-9f6f-4ad0-993c-715d8f2d4b32-groupManagement] INFO  server.RaftServerConfigKeys (ConfUtils.java:logGet(46)) - raft.server.log.async-flush.enabled = false (default)
2024-04-25 19:26:06,272 [38098fde-9f6f-4ad0-993c-715d8f2d4b32-groupManagement] INFO  server.RaftServerConfigKeys (ConfUtils.java:logGet(46)) - raft.server.log.statemachine.data.caching.enabled = true (custom)
2024-04-25 19:26:06,272 [38098fde-9f6f-4ad0-993c-715d8f2d4b32-groupManagement] INFO  segmented.SegmentedRaftLogWorker (SegmentedRaftLogWorker.java:lambda$new$0(134)) - 38098fde-9f6f-4ad0-993c-715d8f2d4b32@group-9819C722C0BE-SegmentedRaftLogWorker: flushIndex: setUnconditionally 0 -> -1
2024-04-25 19:26:06,272 [38098fde-9f6f-4ad0-993c-715d8f2d4b32-groupManagement] INFO  segmented.SegmentedRaftLogWorker (SegmentedRaftLogWorker.java:lambda$new$0(134)) - 38098fde-9f6f-4ad0-993c-715d8f2d4b32@group-9819C722C0BE-SegmentedRaftLogWorker: safeCacheEvictIndex: setUnconditionally 0 -> -1
2024-04-25 19:26:06,273 [38098fde-9f6f-4ad0-993c-715d8f2d4b32-groupManagement] INFO  server.RaftServer$Division (RaftServerImpl.java:start(396)) - 38098fde-9f6f-4ad0-993c-715d8f2d4b32@group-9819C722C0BE: start as a follower, conf=-1: peers:[38098fde-9f6f-4ad0-993c-715d8f2d4b32|127.0.0.1:15308]|listeners:[], old=null
2024-04-25 19:26:06,273 [38098fde-9f6f-4ad0-993c-715d8f2d4b32-groupManagement] INFO  server.RaftServer$Division (RaftServerImpl.java:setRole(383)) - 38098fde-9f6f-4ad0-993c-715d8f2d4b32@group-9819C722C0BE: changes role from      null to FOLLOWER at term 0 for startAsFollower
2024-04-25 19:26:06,273 [38098fde-9f6f-4ad0-993c-715d8f2d4b32-groupManagement] INFO  impl.RoleInfo (RoleInfo.java:updateAndGet(139)) - 38098fde-9f6f-4ad0-993c-715d8f2d4b32: start 38098fde-9f6f-4ad0-993c-715d8f2d4b32@group-9819C722C0BE-FollowerState
2024-04-25 19:26:06,273 [38098fde-9f6f-4ad0-993c-715d8f2d4b32@group-9819C722C0BE-FollowerState] INFO  server.RaftServerConfigKeys (ConfUtils.java:logFallback(53)) - raft.server.rpc.first-election.timeout.min = 5s (fallback to raft.server.rpc.timeout.min)
2024-04-25 19:26:06,273 [38098fde-9f6f-4ad0-993c-715d8f2d4b32-groupManagement] INFO  util.JmxRegister (JmxRegister.java:tryRegister(44)) - Successfully registered JMX Bean with object name Ratis:service=RaftServer,group=group-9819C722C0BE,id=38098fde-9f6f-4ad0-993c-715d8f2d4b32
2024-04-25 19:26:06,273 [38098fde-9f6f-4ad0-993c-715d8f2d4b32@group-9819C722C0BE-FollowerState] INFO  server.RaftServerConfigKeys (ConfUtils.java:logFallback(53)) - raft.server.rpc.first-election.timeout.max = 5200ms (fallback to raft.server.rpc.timeout.max)
2024-04-25 19:26:06,273 [38098fde-9f6f-4ad0-993c-715d8f2d4b32-groupManagement] INFO  server.RaftServerConfigKeys (ConfUtils.java:logGet(46)) - raft.server.snapshot.trigger-when-stop.enabled = true (default)
2024-04-25 19:26:06,273 [38098fde-9f6f-4ad0-993c-715d8f2d4b32-groupManagement] INFO  server.RaftServerConfigKeys (ConfUtils.java:logGet(46)) - raft.server.snapshot.auto.trigger.enabled = true (custom)
2024-04-25 19:26:06,273 [38098fde-9f6f-4ad0-993c-715d8f2d4b32-groupManagement] INFO  server.RaftServerConfigKeys (ConfUtils.java:logGet(46)) - raft.server.snapshot.auto.trigger.threshold = 10000 (custom)
2024-04-25 19:26:06,273 [38098fde-9f6f-4ad0-993c-715d8f2d4b32-groupManagement] INFO  server.RaftServerConfigKeys (ConfUtils.java:logGet(46)) - raft.server.snapshot.retention.file.num = 5 (custom)
2024-04-25 19:26:06,273 [38098fde-9f6f-4ad0-993c-715d8f2d4b32-groupManagement] INFO  server.RaftServerConfigKeys (ConfUtils.java:logGet(46)) - raft.server.log.purge.upto.snapshot.index = false (default)
2024-04-25 19:26:06,274 [38098fde-9f6f-4ad0-993c-715d8f2d4b32-PipelineCommandHandlerThread-0] INFO  ratis.XceiverServerRatis (XceiverServerRatis.java:addGroup(864)) - Created group PipelineID=a8fbf086-abed-4d90-9d91-9819c722c0be
2024-04-25 19:26:06,274 [38098fde-9f6f-4ad0-993c-715d8f2d4b32-PipelineCommandHandlerThread-0] INFO  commandhandler.CreatePipelineCommandHandler (CreatePipelineCommandHandler.java:lambda$handle$2(124)) - Created Pipeline RATIS ONE PipelineID=a8fbf086-abed-4d90-9d91-9819c722c0be.
2024-04-25 19:26:06,274 [38098fde-9f6f-4ad0-993c-715d8f2d4b32-PipelineCommandHandlerThread-0] INFO  server.RaftServer (RaftServerProxy.java:addNew(100)) - 38098fde-9f6f-4ad0-993c-715d8f2d4b32: addNew group-3D56868D618F:[020943f0-ab7d-43b4-aa7e-bd0cde918a3e|127.0.0.1:15326, 38098fde-9f6f-4ad0-993c-715d8f2d4b32|127.0.0.1:15308, c059e8ba-a531-47a3-a497-45c8f0b0c72e|127.0.0.1:15317] returns group-3D56868D618F:java.util.concurrent.CompletableFuture@420b2709[Not completed]
2024-04-25 19:26:06,275 [38098fde-9f6f-4ad0-993c-715d8f2d4b32-groupManagement] INFO  server.RaftServer$Division (RaftServerImpl.java:<init>(256)) - 38098fde-9f6f-4ad0-993c-715d8f2d4b32: new RaftServerImpl for group-3D56868D618F:[020943f0-ab7d-43b4-aa7e-bd0cde918a3e|127.0.0.1:15326, 38098fde-9f6f-4ad0-993c-715d8f2d4b32|127.0.0.1:15308, c059e8ba-a531-47a3-a497-45c8f0b0c72e|127.0.0.1:15317] with ContainerStateMachine:uninitialized
2024-04-25 19:26:06,275 [38098fde-9f6f-4ad0-993c-715d8f2d4b32-groupManagement] INFO  server.RaftServerConfigKeys (ConfUtils.java:logGet(46)) - raft.server.rpc.timeout.min = 5s (custom)
2024-04-25 19:26:06,275 [38098fde-9f6f-4ad0-993c-715d8f2d4b32-groupManagement] INFO  server.RaftServerConfigKeys (ConfUtils.java:logGet(46)) - raft.server.rpc.timeout.max = 5200ms (custom)
2024-04-25 19:26:06,275 [38098fde-9f6f-4ad0-993c-715d8f2d4b32-groupManagement] INFO  server.RaftServerConfigKeys (ConfUtils.java:logGet(46)) - raft.server.rpc.sleep.time = 25ms (default)
2024-04-25 19:26:06,275 [38098fde-9f6f-4ad0-993c-715d8f2d4b32-groupManagement] INFO  server.RaftServerConfigKeys (ConfUtils.java:logGet(46)) - raft.server.rpc.slowness.timeout = 300000ms (custom)
2024-04-25 19:26:06,275 [38098fde-9f6f-4ad0-993c-715d8f2d4b32-groupManagement] INFO  server.RaftServerConfigKeys (ConfUtils.java:logGet(46)) - raft.server.leaderelection.leader.step-down.wait-time = 10s (default)
2024-04-25 19:26:06,275 [38098fde-9f6f-4ad0-993c-715d8f2d4b32-groupManagement] INFO  server.RaftServerConfigKeys (ConfUtils.java:logGet(46)) - raft.server.leaderelection.member.majority-add = false (default)
2024-04-25 19:26:06,275 [38098fde-9f6f-4ad0-993c-715d8f2d4b32-groupManagement] INFO  server.RaftServerConfigKeys (ConfUtils.java:logGet(46)) - raft.server.sleep.deviation.threshold = 300ms (default)
2024-04-25 19:26:06,275 [38098fde-9f6f-4ad0-993c-715d8f2d4b32-groupManagement] INFO  server.RaftServer$Division (ServerState.java:<init>(113)) - 38098fde-9f6f-4ad0-993c-715d8f2d4b32@group-3D56868D618F: ConfigurationManager, init=-1: peers:[020943f0-ab7d-43b4-aa7e-bd0cde918a3e|127.0.0.1:15326, 38098fde-9f6f-4ad0-993c-715d8f2d4b32|127.0.0.1:15308, c059e8ba-a531-47a3-a497-45c8f0b0c72e|127.0.0.1:15317]|listeners:[], old=null, confs=<EMPTY_MAP>
2024-04-25 19:26:06,275 [38098fde-9f6f-4ad0-993c-715d8f2d4b32-groupManagement] INFO  server.RaftServerConfigKeys (ConfUtils.java:logGet(46)) - raft.server.notification.no-leader.timeout = 300000ms (custom)
2024-04-25 19:26:06,275 [38098fde-9f6f-4ad0-993c-715d8f2d4b32-groupManagement] INFO  server.RaftServerConfigKeys (ConfUtils.java:logGet(46)) - raft.server.read.timeout = 10s (default)
2024-04-25 19:26:06,275 [38098fde-9f6f-4ad0-993c-715d8f2d4b32-groupManagement] INFO  server.RaftServerConfigKeys (ConfUtils.java:logGet(46)) - raft.server.retrycache.expirytime = 600000ms (custom)
2024-04-25 19:26:06,275 [38098fde-9f6f-4ad0-993c-715d8f2d4b32-groupManagement] INFO  server.RaftServerConfigKeys (ConfUtils.java:logGet(46)) - raft.server.retrycache.statistics.expirytime = 100ms (default)
2024-04-25 19:26:06,275 [38098fde-9f6f-4ad0-993c-715d8f2d4b32-groupManagement] INFO  server.RaftServerConfigKeys (ConfUtils.java:logGet(46)) - raft.server.read.option = DEFAULT (default)
2024-04-25 19:26:06,275 [38098fde-9f6f-4ad0-993c-715d8f2d4b32-groupManagement] INFO  server.RaftServerConfigKeys (ConfUtils.java:logGet(46)) - raft.server.read.read-after-write-consistent.write-index-cache.expiry-time = 60s (default)
2024-04-25 19:26:06,277 [38098fde-9f6f-4ad0-993c-715d8f2d4b32-groupManagement] INFO  server.RaftServerConfigKeys (ConfUtils.java:logGet(46)) - raft.server.rpc.request.timeout = 3000ms (default)
2024-04-25 19:26:06,277 [38098fde-9f6f-4ad0-993c-715d8f2d4b32-groupManagement] INFO  server.RaftServerConfigKeys (ConfUtils.java:logGet(46)) - raft.server.log.appender.install.snapshot.enabled = false (custom)
2024-04-25 19:26:06,277 [38098fde-9f6f-4ad0-993c-715d8f2d4b32-groupManagement] INFO  server.RaftServerConfigKeys (ConfUtils.java:logGet(46)) - raft.server.threadpool.server.cached = true (default)
2024-04-25 19:26:06,277 [38098fde-9f6f-4ad0-993c-715d8f2d4b32-groupManagement] INFO  server.RaftServerConfigKeys (ConfUtils.java:logGet(46)) - raft.server.threadpool.server.size = 0 (default)
2024-04-25 19:26:06,277 [38098fde-9f6f-4ad0-993c-715d8f2d4b32-groupManagement] INFO  server.RaftServerConfigKeys (ConfUtils.java:logGet(46)) - raft.server.threadpool.client.cached = true (default)
2024-04-25 19:26:06,277 [38098fde-9f6f-4ad0-993c-715d8f2d4b32-groupManagement] INFO  server.RaftServerConfigKeys (ConfUtils.java:logGet(46)) - raft.server.threadpool.client.size = 0 (default)
2024-04-25 19:26:06,277 [38098fde-9f6f-4ad0-993c-715d8f2d4b32-groupManagement] INFO  server.RaftServerConfigKeys (ConfUtils.java:logGet(46)) - raft.server.storage.free-space.min = 0MB (=0) (default)
2024-04-25 19:26:06,277 [38098fde-9f6f-4ad0-993c-715d8f2d4b32-groupManagement] INFO  server.RaftServerConfigKeys (ConfUtils.java:logGet(46)) - raft.server.log.corruption.policy = EXCEPTION (default)
2024-04-25 19:26:06,277 [38098fde-9f6f-4ad0-993c-715d8f2d4b32-groupManagement] INFO  server.RaftServerConfigKeys (ConfUtils.java:logGet(46)) - raft.server.storage.dir = [/home/runner/work/ozone/ozone/hadoop-ozone/integration-test/target/test-dir/MiniOzoneClusterImpl-f82f7a4c-b7ce-4bc7-bddc-b4ce9d407ba8/ozone-meta/datanode-4/ratis] (custom)
2024-04-25 19:26:06,277 [38098fde-9f6f-4ad0-993c-715d8f2d4b32-groupManagement] INFO  storage.RaftStorageDirectory (RaftStorageDirectoryImpl.java:analyzeStorage(138)) - The storage directory /home/runner/work/ozone/ozone/hadoop-ozone/integration-test/target/test-dir/MiniOzoneClusterImpl-f82f7a4c-b7ce-4bc7-bddc-b4ce9d407ba8/ozone-meta/datanode-4/ratis/60c42758-0b39-42ff-b7dc-3d56868d618f does not exist. Creating ...
2024-04-25 19:26:06,278 [38098fde-9f6f-4ad0-993c-715d8f2d4b32-groupManagement] INFO  storage.RaftStorageDirectory (RaftStorageDirectoryImpl.java:tryLock(228)) - Lock on /home/runner/work/ozone/ozone/hadoop-ozone/integration-test/target/test-dir/MiniOzoneClusterImpl-f82f7a4c-b7ce-4bc7-bddc-b4ce9d407ba8/ozone-meta/datanode-4/ratis/60c42758-0b39-42ff-b7dc-3d56868d618f/in_use.lock acquired by nodename 21201@fv-az524-255
2024-04-25 19:26:06,279 [38098fde-9f6f-4ad0-993c-715d8f2d4b32-groupManagement] INFO  storage.RaftStorage (RaftStorageImpl.java:format(99)) - Storage directory /home/runner/work/ozone/ozone/hadoop-ozone/integration-test/target/test-dir/MiniOzoneClusterImpl-f82f7a4c-b7ce-4bc7-bddc-b4ce9d407ba8/ozone-meta/datanode-4/ratis/60c42758-0b39-42ff-b7dc-3d56868d618f has been successfully formatted.
2024-04-25 19:26:06,279 [38098fde-9f6f-4ad0-993c-715d8f2d4b32-groupManagement] WARN  util.FileUtils (LogUtils.java:supplyAndLog(63)) - Failed to Files.newInputStream /home/runner/work/ozone/ozone/hadoop-ozone/integration-test/target/test-dir/MiniOzoneClusterImpl-f82f7a4c-b7ce-4bc7-bddc-b4ce9d407ba8/ozone-meta/datanode-4/ratis/60c42758-0b39-42ff-b7dc-3d56868d618f/current/raft-meta.conf with options []: java.nio.file.NoSuchFileException: /home/runner/work/ozone/ozone/hadoop-ozone/integration-test/target/test-dir/MiniOzoneClusterImpl-f82f7a4c-b7ce-4bc7-bddc-b4ce9d407ba8/ozone-meta/datanode-4/ratis/60c42758-0b39-42ff-b7dc-3d56868d618f/current/raft-meta.conf
2024-04-25 19:26:06,279 [38098fde-9f6f-4ad0-993c-715d8f2d4b32-groupManagement] INFO  ratis.ContainerStateMachine (ContainerStateMachine.java:loadSnapshot(287)) - group-3D56868D618F: The snapshot info is null. Setting the last applied index to:(t:0, i:~)
2024-04-25 19:26:06,280 [38098fde-9f6f-4ad0-993c-715d8f2d4b32-groupManagement] INFO  server.RaftServerConfigKeys (ConfUtils.java:logGet(46)) - raft.server.log.use.memory = false (default)
2024-04-25 19:26:06,280 [38098fde-9f6f-4ad0-993c-715d8f2d4b32-groupManagement] INFO  server.RaftServerConfigKeys (ConfUtils.java:logGet(46)) - raft.server.log.purge.gap = 1000000 (custom)
2024-04-25 19:26:06,280 [38098fde-9f6f-4ad0-993c-715d8f2d4b32-groupManagement] INFO  server.RaftServerConfigKeys (ConfUtils.java:logGet(46)) - raft.server.log.appender.buffer.byte-limit = 8388608 (custom)
2024-04-25 19:26:06,280 [38098fde-9f6f-4ad0-993c-715d8f2d4b32-groupManagement] INFO  server.RaftServerConfigKeys (ConfUtils.java:logGet(46)) - raft.server.log.statemachine.data.read.timeout = 1000ms (default)
2024-04-25 19:26:06,280 [38098fde-9f6f-4ad0-993c-715d8f2d4b32-groupManagement] INFO  server.RaftServerConfigKeys (ConfUtils.java:logGet(46)) - raft.server.log.purge.preservation.log.num = 0 (default)
2024-04-25 19:26:06,280 [EventQueue-OpenPipelineForHealthyPipelineSafeModeRule] INFO  safemode.SCMSafeModeManager (HealthyPipelineSafeModeRule.java:process(140)) - SCM in safe mode. Healthy pipelines reported count is 0, required healthy pipeline reported count is 1
2024-04-25 19:26:06,281 [38098fde-9f6f-4ad0-993c-715d8f2d4b32-groupManagement] INFO  server.RaftServerConfigKeys (ConfUtils.java:logGet(46)) - raft.server.log.segment.size.max = 67108864 (custom)
2024-04-25 19:26:06,281 [38098fde-9f6f-4ad0-993c-715d8f2d4b32-groupManagement] INFO  server.RaftServerConfigKeys (ConfUtils.java:logGet(46)) - raft.server.log.segment.cache.num.max = 2 (custom)
2024-04-25 19:26:06,281 [38098fde-9f6f-4ad0-993c-715d8f2d4b32-groupManagement] INFO  server.RaftServerConfigKeys (ConfUtils.java:logGet(46)) - raft.server.log.segment.cache.size.max = 200MB (=209715200) (default)
2024-04-25 19:26:06,282 [38098fde-9f6f-4ad0-993c-715d8f2d4b32-groupManagement] INFO  server.RaftServerConfigKeys (ConfUtils.java:logGet(46)) - raft.server.log.appender.buffer.byte-limit = 8388608 (custom)
2024-04-25 19:26:06,282 [38098fde-9f6f-4ad0-993c-715d8f2d4b32-groupManagement] INFO  util.AwaitToRun (AwaitToRun.java:start(81)) - Thread[38098fde-9f6f-4ad0-993c-715d8f2d4b32@group-3D56868D618F-cacheEviction-AwaitToRun,5,main] started
2024-04-25 19:26:06,282 [38098fde-9f6f-4ad0-993c-715d8f2d4b32-groupManagement] INFO  segmented.SegmentedRaftLogWorker (SegmentedRaftLogWorker.java:<init>(182)) - new 38098fde-9f6f-4ad0-993c-715d8f2d4b32@group-3D56868D618F-SegmentedRaftLogWorker for RaftStorageImpl:Storage Directory /home/runner/work/ozone/ozone/hadoop-ozone/integration-test/target/test-dir/MiniOzoneClusterImpl-f82f7a4c-b7ce-4bc7-bddc-b4ce9d407ba8/ozone-meta/datanode-4/ratis/60c42758-0b39-42ff-b7dc-3d56868d618f
2024-04-25 19:26:06,282 [38098fde-9f6f-4ad0-993c-715d8f2d4b32-groupManagement] INFO  server.RaftServerConfigKeys (ConfUtils.java:logGet(46)) - raft.server.log.queue.byte-limit = 4294967296 (custom)
2024-04-25 19:26:06,282 [38098fde-9f6f-4ad0-993c-715d8f2d4b32-groupManagement] INFO  server.RaftServerConfigKeys (ConfUtils.java:logGet(46)) - raft.server.log.queue.element-limit = 1024 (custom)
2024-04-25 19:26:06,282 [38098fde-9f6f-4ad0-993c-715d8f2d4b32-groupManagement] INFO  server.RaftServerConfigKeys (ConfUtils.java:logGet(46)) - raft.server.log.segment.size.max = 67108864 (custom)
2024-04-25 19:26:06,282 [38098fde-9f6f-4ad0-993c-715d8f2d4b32-groupManagement] INFO  server.RaftServerConfigKeys (ConfUtils.java:logGet(46)) - raft.server.log.preallocated.size = 4194304 (custom)
2024-04-25 19:26:06,282 [38098fde-9f6f-4ad0-993c-715d8f2d4b32-groupManagement] INFO  server.RaftServerConfigKeys (ConfUtils.java:logGet(46)) - raft.server.log.force.sync.num = 128 (default)
2024-04-25 19:26:06,282 [38098fde-9f6f-4ad0-993c-715d8f2d4b32-groupManagement] INFO  server.RaftServerConfigKeys (ConfUtils.java:logGet(46)) - raft.server.log.statemachine.data.sync = true (default)
2024-04-25 19:26:06,282 [38098fde-9f6f-4ad0-993c-715d8f2d4b32-groupManagement] INFO  server.RaftServerConfigKeys (ConfUtils.java:logGet(46)) - raft.server.log.statemachine.data.sync.timeout = 10s (default)
2024-04-25 19:26:06,282 [38098fde-9f6f-4ad0-993c-715d8f2d4b32-groupManagement] INFO  server.RaftServerConfigKeys (ConfUtils.java:logGet(46)) - raft.server.log.statemachine.data.sync.timeout.retry = 30 (custom)
2024-04-25 19:26:06,282 [38098fde-9f6f-4ad0-993c-715d8f2d4b32-groupManagement] INFO  server.RaftServerConfigKeys (ConfUtils.java:logGet(46)) - raft.server.log.write.buffer.size = 8388616 (custom)
2024-04-25 19:26:06,284 [38098fde-9f6f-4ad0-993c-715d8f2d4b32-groupManagement] INFO  server.RaftServerConfigKeys (ConfUtils.java:logGet(46)) - raft.server.log.appender.buffer.byte-limit = 8388608 (custom)
2024-04-25 19:26:06,284 [38098fde-9f6f-4ad0-993c-715d8f2d4b32-groupManagement] INFO  server.RaftServerConfigKeys (ConfUtils.java:logGet(46)) - raft.server.log.unsafe-flush.enabled = false (default)
2024-04-25 19:26:06,284 [38098fde-9f6f-4ad0-993c-715d8f2d4b32-groupManagement] INFO  server.RaftServerConfigKeys (ConfUtils.java:logGet(46)) - raft.server.log.async-flush.enabled = false (default)
2024-04-25 19:26:06,284 [38098fde-9f6f-4ad0-993c-715d8f2d4b32-groupManagement] INFO  server.RaftServerConfigKeys (ConfUtils.java:logGet(46)) - raft.server.log.statemachine.data.caching.enabled = true (custom)
2024-04-25 19:26:06,284 [38098fde-9f6f-4ad0-993c-715d8f2d4b32-groupManagement] INFO  segmented.SegmentedRaftLogWorker (SegmentedRaftLogWorker.java:lambda$new$0(134)) - 38098fde-9f6f-4ad0-993c-715d8f2d4b32@group-3D56868D618F-SegmentedRaftLogWorker: flushIndex: setUnconditionally 0 -> -1
2024-04-25 19:26:06,284 [38098fde-9f6f-4ad0-993c-715d8f2d4b32-groupManagement] INFO  segmented.SegmentedRaftLogWorker (SegmentedRaftLogWorker.java:lambda$new$0(134)) - 38098fde-9f6f-4ad0-993c-715d8f2d4b32@group-3D56868D618F-SegmentedRaftLogWorker: safeCacheEvictIndex: setUnconditionally 0 -> -1
2024-04-25 19:26:06,284 [38098fde-9f6f-4ad0-993c-715d8f2d4b32-groupManagement] INFO  server.RaftServer$Division (RaftServerImpl.java:start(396)) - 38098fde-9f6f-4ad0-993c-715d8f2d4b32@group-3D56868D618F: start as a follower, conf=-1: peers:[020943f0-ab7d-43b4-aa7e-bd0cde918a3e|127.0.0.1:15326, 38098fde-9f6f-4ad0-993c-715d8f2d4b32|127.0.0.1:15308, c059e8ba-a531-47a3-a497-45c8f0b0c72e|127.0.0.1:15317]|listeners:[], old=null
2024-04-25 19:26:06,284 [38098fde-9f6f-4ad0-993c-715d8f2d4b32-groupManagement] INFO  server.RaftServer$Division (RaftServerImpl.java:setRole(383)) - 38098fde-9f6f-4ad0-993c-715d8f2d4b32@group-3D56868D618F: changes role from      null to FOLLOWER at term 0 for startAsFollower
2024-04-25 19:26:06,285 [38098fde-9f6f-4ad0-993c-715d8f2d4b32-groupManagement] INFO  impl.RoleInfo (RoleInfo.java:updateAndGet(139)) - 38098fde-9f6f-4ad0-993c-715d8f2d4b32: start 38098fde-9f6f-4ad0-993c-715d8f2d4b32@group-3D56868D618F-FollowerState
2024-04-25 19:26:06,285 [38098fde-9f6f-4ad0-993c-715d8f2d4b32@group-3D56868D618F-FollowerState] INFO  server.RaftServerConfigKeys (ConfUtils.java:logFallback(53)) - raft.server.rpc.first-election.timeout.min = 5s (fallback to raft.server.rpc.timeout.min)
2024-04-25 19:26:06,285 [38098fde-9f6f-4ad0-993c-715d8f2d4b32-groupManagement] INFO  util.JmxRegister (JmxRegister.java:tryRegister(44)) - Successfully registered JMX Bean with object name Ratis:service=RaftServer,group=group-3D56868D618F,id=38098fde-9f6f-4ad0-993c-715d8f2d4b32
2024-04-25 19:26:06,285 [38098fde-9f6f-4ad0-993c-715d8f2d4b32@group-3D56868D618F-FollowerState] INFO  server.RaftServerConfigKeys (ConfUtils.java:logFallback(53)) - raft.server.rpc.first-election.timeout.max = 5200ms (fallback to raft.server.rpc.timeout.max)
2024-04-25 19:26:06,285 [38098fde-9f6f-4ad0-993c-715d8f2d4b32-groupManagement] INFO  server.RaftServerConfigKeys (ConfUtils.java:logGet(46)) - raft.server.snapshot.trigger-when-stop.enabled = true (default)
2024-04-25 19:26:06,285 [38098fde-9f6f-4ad0-993c-715d8f2d4b32-groupManagement] INFO  server.RaftServerConfigKeys (ConfUtils.java:logGet(46)) - raft.server.snapshot.auto.trigger.enabled = true (custom)
2024-04-25 19:26:06,285 [38098fde-9f6f-4ad0-993c-715d8f2d4b32-groupManagement] INFO  server.RaftServerConfigKeys (ConfUtils.java:logGet(46)) - raft.server.snapshot.auto.trigger.threshold = 10000 (custom)
2024-04-25 19:26:06,285 [38098fde-9f6f-4ad0-993c-715d8f2d4b32-groupManagement] INFO  server.RaftServerConfigKeys (ConfUtils.java:logGet(46)) - raft.server.snapshot.retention.file.num = 5 (custom)
2024-04-25 19:26:06,285 [38098fde-9f6f-4ad0-993c-715d8f2d4b32-groupManagement] INFO  server.RaftServerConfigKeys (ConfUtils.java:logGet(46)) - raft.server.log.purge.upto.snapshot.index = false (default)
2024-04-25 19:26:06,286 [38098fde-9f6f-4ad0-993c-715d8f2d4b32-PipelineCommandHandlerThread-0] INFO  ratis.XceiverServerRatis (XceiverServerRatis.java:addGroup(864)) - Created group PipelineID=60c42758-0b39-42ff-b7dc-3d56868d618f
2024-04-25 19:26:06,293 [grpc-default-executor-2] INFO  server.RaftServer (RaftServerProxy.java:addNew(100)) - c059e8ba-a531-47a3-a497-45c8f0b0c72e: addNew group-3D56868D618F:[020943f0-ab7d-43b4-aa7e-bd0cde918a3e|127.0.0.1:15326, 38098fde-9f6f-4ad0-993c-715d8f2d4b32|127.0.0.1:15308, c059e8ba-a531-47a3-a497-45c8f0b0c72e|127.0.0.1:15317] returns group-3D56868D618F:java.util.concurrent.CompletableFuture@5ee5d137[Not completed]
2024-04-25 19:26:06,294 [c059e8ba-a531-47a3-a497-45c8f0b0c72e-groupManagement] INFO  server.RaftServer$Division (RaftServerImpl.java:<init>(256)) - c059e8ba-a531-47a3-a497-45c8f0b0c72e: new RaftServerImpl for group-3D56868D618F:[020943f0-ab7d-43b4-aa7e-bd0cde918a3e|127.0.0.1:15326, 38098fde-9f6f-4ad0-993c-715d8f2d4b32|127.0.0.1:15308, c059e8ba-a531-47a3-a497-45c8f0b0c72e|127.0.0.1:15317] with ContainerStateMachine:uninitialized
2024-04-25 19:26:06,294 [c059e8ba-a531-47a3-a497-45c8f0b0c72e-groupManagement] INFO  server.RaftServerConfigKeys (ConfUtils.java:logGet(46)) - raft.server.rpc.timeout.min = 5s (custom)
2024-04-25 19:26:06,295 [c059e8ba-a531-47a3-a497-45c8f0b0c72e-groupManagement] INFO  server.RaftServerConfigKeys (ConfUtils.java:logGet(46)) - raft.server.rpc.timeout.max = 5200ms (custom)
2024-04-25 19:26:06,295 [c059e8ba-a531-47a3-a497-45c8f0b0c72e-groupManagement] INFO  server.RaftServerConfigKeys (ConfUtils.java:logGet(46)) - raft.server.rpc.sleep.time = 25ms (default)
2024-04-25 19:26:06,295 [c059e8ba-a531-47a3-a497-45c8f0b0c72e-groupManagement] INFO  server.RaftServerConfigKeys (ConfUtils.java:logGet(46)) - raft.server.rpc.slowness.timeout = 300000ms (custom)
2024-04-25 19:26:06,295 [c059e8ba-a531-47a3-a497-45c8f0b0c72e-groupManagement] INFO  server.RaftServerConfigKeys (ConfUtils.java:logGet(46)) - raft.server.leaderelection.leader.step-down.wait-time = 10s (default)
2024-04-25 19:26:06,296 [c059e8ba-a531-47a3-a497-45c8f0b0c72e-groupManagement] INFO  server.RaftServerConfigKeys (ConfUtils.java:logGet(46)) - raft.server.leaderelection.member.majority-add = false (default)
2024-04-25 19:26:06,296 [c059e8ba-a531-47a3-a497-45c8f0b0c72e-groupManagement] INFO  server.RaftServerConfigKeys (ConfUtils.java:logGet(46)) - raft.server.sleep.deviation.threshold = 300ms (default)
2024-04-25 19:26:06,296 [c059e8ba-a531-47a3-a497-45c8f0b0c72e-groupManagement] INFO  server.RaftServer$Division (ServerState.java:<init>(113)) - c059e8ba-a531-47a3-a497-45c8f0b0c72e@group-3D56868D618F: ConfigurationManager, init=-1: peers:[020943f0-ab7d-43b4-aa7e-bd0cde918a3e|127.0.0.1:15326, 38098fde-9f6f-4ad0-993c-715d8f2d4b32|127.0.0.1:15308, c059e8ba-a531-47a3-a497-45c8f0b0c72e|127.0.0.1:15317]|listeners:[], old=null, confs=<EMPTY_MAP>
2024-04-25 19:26:06,297 [c059e8ba-a531-47a3-a497-45c8f0b0c72e-groupManagement] INFO  server.RaftServerConfigKeys (ConfUtils.java:logGet(46)) - raft.server.notification.no-leader.timeout = 300000ms (custom)
2024-04-25 19:26:06,297 [c059e8ba-a531-47a3-a497-45c8f0b0c72e-groupManagement] INFO  server.RaftServerConfigKeys (ConfUtils.java:logGet(46)) - raft.server.read.timeout = 10s (default)
2024-04-25 19:26:06,297 [c059e8ba-a531-47a3-a497-45c8f0b0c72e-groupManagement] INFO  server.RaftServerConfigKeys (ConfUtils.java:logGet(46)) - raft.server.retrycache.expirytime = 600000ms (custom)
2024-04-25 19:26:06,298 [c059e8ba-a531-47a3-a497-45c8f0b0c72e-groupManagement] INFO  server.RaftServerConfigKeys (ConfUtils.java:logGet(46)) - raft.server.retrycache.statistics.expirytime = 100ms (default)
2024-04-25 19:26:06,298 [c059e8ba-a531-47a3-a497-45c8f0b0c72e-groupManagement] INFO  server.RaftServerConfigKeys (ConfUtils.java:logGet(46)) - raft.server.read.option = DEFAULT (default)
2024-04-25 19:26:06,298 [c059e8ba-a531-47a3-a497-45c8f0b0c72e-groupManagement] INFO  server.RaftServerConfigKeys (ConfUtils.java:logGet(46)) - raft.server.read.read-after-write-consistent.write-index-cache.expiry-time = 60s (default)
2024-04-25 19:26:06,301 [c059e8ba-a531-47a3-a497-45c8f0b0c72e-groupManagement] INFO  server.RaftServerConfigKeys (ConfUtils.java:logGet(46)) - raft.server.rpc.request.timeout = 3000ms (default)
2024-04-25 19:26:06,301 [c059e8ba-a531-47a3-a497-45c8f0b0c72e-groupManagement] INFO  server.RaftServerConfigKeys (ConfUtils.java:logGet(46)) - raft.server.log.appender.install.snapshot.enabled = false (custom)
2024-04-25 19:26:06,302 [c059e8ba-a531-47a3-a497-45c8f0b0c72e-groupManagement] INFO  server.RaftServerConfigKeys (ConfUtils.java:logGet(46)) - raft.server.threadpool.server.cached = true (default)
2024-04-25 19:26:06,302 [c059e8ba-a531-47a3-a497-45c8f0b0c72e-groupManagement] INFO  server.RaftServerConfigKeys (ConfUtils.java:logGet(46)) - raft.server.threadpool.server.size = 0 (default)
2024-04-25 19:26:06,302 [c059e8ba-a531-47a3-a497-45c8f0b0c72e-groupManagement] INFO  server.RaftServerConfigKeys (ConfUtils.java:logGet(46)) - raft.server.threadpool.client.cached = true (default)
2024-04-25 19:26:06,302 [c059e8ba-a531-47a3-a497-45c8f0b0c72e-groupManagement] INFO  server.RaftServerConfigKeys (ConfUtils.java:logGet(46)) - raft.server.threadpool.client.size = 0 (default)
2024-04-25 19:26:06,303 [c059e8ba-a531-47a3-a497-45c8f0b0c72e-groupManagement] INFO  server.RaftServerConfigKeys (ConfUtils.java:logGet(46)) - raft.server.storage.free-space.min = 0MB (=0) (default)
2024-04-25 19:26:06,303 [c059e8ba-a531-47a3-a497-45c8f0b0c72e-groupManagement] INFO  server.RaftServerConfigKeys (ConfUtils.java:logGet(46)) - raft.server.log.corruption.policy = EXCEPTION (default)
2024-04-25 19:26:06,303 [c059e8ba-a531-47a3-a497-45c8f0b0c72e-groupManagement] INFO  server.RaftServerConfigKeys (ConfUtils.java:logGet(46)) - raft.server.storage.dir = [/home/runner/work/ozone/ozone/hadoop-ozone/integration-test/target/test-dir/MiniOzoneClusterImpl-f82f7a4c-b7ce-4bc7-bddc-b4ce9d407ba8/ozone-meta/datanode-5/ratis] (custom)
2024-04-25 19:26:06,304 [c059e8ba-a531-47a3-a497-45c8f0b0c72e-groupManagement] INFO  storage.RaftStorageDirectory (RaftStorageDirectoryImpl.java:analyzeStorage(138)) - The storage directory /home/runner/work/ozone/ozone/hadoop-ozone/integration-test/target/test-dir/MiniOzoneClusterImpl-f82f7a4c-b7ce-4bc7-bddc-b4ce9d407ba8/ozone-meta/datanode-5/ratis/60c42758-0b39-42ff-b7dc-3d56868d618f does not exist. Creating ...
2024-04-25 19:26:06,305 [c059e8ba-a531-47a3-a497-45c8f0b0c72e-groupManagement] INFO  storage.RaftStorageDirectory (RaftStorageDirectoryImpl.java:tryLock(228)) - Lock on /home/runner/work/ozone/ozone/hadoop-ozone/integration-test/target/test-dir/MiniOzoneClusterImpl-f82f7a4c-b7ce-4bc7-bddc-b4ce9d407ba8/ozone-meta/datanode-5/ratis/60c42758-0b39-42ff-b7dc-3d56868d618f/in_use.lock acquired by nodename 21201@fv-az524-255
2024-04-25 19:26:06,306 [c059e8ba-a531-47a3-a497-45c8f0b0c72e-groupManagement] INFO  storage.RaftStorage (RaftStorageImpl.java:format(99)) - Storage directory /home/runner/work/ozone/ozone/hadoop-ozone/integration-test/target/test-dir/MiniOzoneClusterImpl-f82f7a4c-b7ce-4bc7-bddc-b4ce9d407ba8/ozone-meta/datanode-5/ratis/60c42758-0b39-42ff-b7dc-3d56868d618f has been successfully formatted.
2024-04-25 19:26:06,307 [c059e8ba-a531-47a3-a497-45c8f0b0c72e-groupManagement] WARN  util.FileUtils (LogUtils.java:supplyAndLog(63)) - Failed to Files.newInputStream /home/runner/work/ozone/ozone/hadoop-ozone/integration-test/target/test-dir/MiniOzoneClusterImpl-f82f7a4c-b7ce-4bc7-bddc-b4ce9d407ba8/ozone-meta/datanode-5/ratis/60c42758-0b39-42ff-b7dc-3d56868d618f/current/raft-meta.conf with options []: java.nio.file.NoSuchFileException: /home/runner/work/ozone/ozone/hadoop-ozone/integration-test/target/test-dir/MiniOzoneClusterImpl-f82f7a4c-b7ce-4bc7-bddc-b4ce9d407ba8/ozone-meta/datanode-5/ratis/60c42758-0b39-42ff-b7dc-3d56868d618f/current/raft-meta.conf
2024-04-25 19:26:06,307 [c059e8ba-a531-47a3-a497-45c8f0b0c72e-groupManagement] INFO  ratis.ContainerStateMachine (ContainerStateMachine.java:loadSnapshot(287)) - group-3D56868D618F: The snapshot info is null. Setting the last applied index to:(t:0, i:~)
2024-04-25 19:26:06,308 [c059e8ba-a531-47a3-a497-45c8f0b0c72e-groupManagement] INFO  server.RaftServerConfigKeys (ConfUtils.java:logGet(46)) - raft.server.log.use.memory = false (default)
2024-04-25 19:26:06,308 [c059e8ba-a531-47a3-a497-45c8f0b0c72e-groupManagement] INFO  server.RaftServerConfigKeys (ConfUtils.java:logGet(46)) - raft.server.log.purge.gap = 1000000 (custom)
2024-04-25 19:26:06,308 [c059e8ba-a531-47a3-a497-45c8f0b0c72e-groupManagement] INFO  server.RaftServerConfigKeys (ConfUtils.java:logGet(46)) - raft.server.log.appender.buffer.byte-limit = 8388608 (custom)
2024-04-25 19:26:06,309 [c059e8ba-a531-47a3-a497-45c8f0b0c72e-groupManagement] INFO  server.RaftServerConfigKeys (ConfUtils.java:logGet(46)) - raft.server.log.statemachine.data.read.timeout = 1000ms (default)
2024-04-25 19:26:06,309 [c059e8ba-a531-47a3-a497-45c8f0b0c72e-groupManagement] INFO  server.RaftServerConfigKeys (ConfUtils.java:logGet(46)) - raft.server.log.purge.preservation.log.num = 0 (default)
2024-04-25 19:26:06,311 [c059e8ba-a531-47a3-a497-45c8f0b0c72e-groupManagement] INFO  server.RaftServerConfigKeys (ConfUtils.java:logGet(46)) - raft.server.log.segment.size.max = 67108864 (custom)
2024-04-25 19:26:06,311 [c059e8ba-a531-47a3-a497-45c8f0b0c72e-groupManagement] INFO  server.RaftServerConfigKeys (ConfUtils.java:logGet(46)) - raft.server.log.segment.cache.num.max = 2 (custom)
2024-04-25 19:26:06,311 [c059e8ba-a531-47a3-a497-45c8f0b0c72e-groupManagement] INFO  server.RaftServerConfigKeys (ConfUtils.java:logGet(46)) - raft.server.log.segment.cache.size.max = 200MB (=209715200) (default)
2024-04-25 19:26:06,312 [c059e8ba-a531-47a3-a497-45c8f0b0c72e-groupManagement] INFO  server.RaftServerConfigKeys (ConfUtils.java:logGet(46)) - raft.server.log.appender.buffer.byte-limit = 8388608 (custom)
2024-04-25 19:26:06,316 [c059e8ba-a531-47a3-a497-45c8f0b0c72e-PipelineCommandHandlerThread-0] INFO  server.RaftServer (RaftServerProxy.java:addNew(100)) - c059e8ba-a531-47a3-a497-45c8f0b0c72e: addNew group-32E8EDDF7D95:[c059e8ba-a531-47a3-a497-45c8f0b0c72e|127.0.0.1:15317] returns group-32E8EDDF7D95:java.util.concurrent.CompletableFuture@6aab27b1[Not completed]
2024-04-25 19:26:06,316 [c059e8ba-a531-47a3-a497-45c8f0b0c72e-groupManagement] INFO  util.AwaitToRun (AwaitToRun.java:start(81)) - Thread[c059e8ba-a531-47a3-a497-45c8f0b0c72e@group-3D56868D618F-cacheEviction-AwaitToRun,5,main] started
2024-04-25 19:26:06,317 [c059e8ba-a531-47a3-a497-45c8f0b0c72e-groupManagement] INFO  segmented.SegmentedRaftLogWorker (SegmentedRaftLogWorker.java:<init>(182)) - new c059e8ba-a531-47a3-a497-45c8f0b0c72e@group-3D56868D618F-SegmentedRaftLogWorker for RaftStorageImpl:Storage Directory /home/runner/work/ozone/ozone/hadoop-ozone/integration-test/target/test-dir/MiniOzoneClusterImpl-f82f7a4c-b7ce-4bc7-bddc-b4ce9d407ba8/ozone-meta/datanode-5/ratis/60c42758-0b39-42ff-b7dc-3d56868d618f
2024-04-25 19:26:06,317 [c059e8ba-a531-47a3-a497-45c8f0b0c72e-groupManagement] INFO  server.RaftServerConfigKeys (ConfUtils.java:logGet(46)) - raft.server.log.queue.byte-limit = 4294967296 (custom)
2024-04-25 19:26:06,317 [c059e8ba-a531-47a3-a497-45c8f0b0c72e-groupManagement] INFO  server.RaftServerConfigKeys (ConfUtils.java:logGet(46)) - raft.server.log.queue.element-limit = 1024 (custom)
2024-04-25 19:26:06,318 [c059e8ba-a531-47a3-a497-45c8f0b0c72e-groupManagement] INFO  server.RaftServerConfigKeys (ConfUtils.java:logGet(46)) - raft.server.log.segment.size.max = 67108864 (custom)
2024-04-25 19:26:06,318 [c059e8ba-a531-47a3-a497-45c8f0b0c72e-groupManagement] INFO  server.RaftServerConfigKeys (ConfUtils.java:logGet(46)) - raft.server.log.preallocated.size = 4194304 (custom)
2024-04-25 19:26:06,318 [c059e8ba-a531-47a3-a497-45c8f0b0c72e-groupManagement] INFO  server.RaftServerConfigKeys (ConfUtils.java:logGet(46)) - raft.server.log.force.sync.num = 128 (default)
2024-04-25 19:26:06,318 [c059e8ba-a531-47a3-a497-45c8f0b0c72e-groupManagement] INFO  server.RaftServerConfigKeys (ConfUtils.java:logGet(46)) - raft.server.log.statemachine.data.sync = true (default)
2024-04-25 19:26:06,319 [c059e8ba-a531-47a3-a497-45c8f0b0c72e-groupManagement] INFO  server.RaftServerConfigKeys (ConfUtils.java:logGet(46)) - raft.server.log.statemachine.data.sync.timeout = 10s (default)
2024-04-25 19:26:06,319 [c059e8ba-a531-47a3-a497-45c8f0b0c72e-groupManagement] INFO  server.RaftServerConfigKeys (ConfUtils.java:logGet(46)) - raft.server.log.statemachine.data.sync.timeout.retry = 30 (custom)
2024-04-25 19:26:06,319 [c059e8ba-a531-47a3-a497-45c8f0b0c72e-groupManagement] INFO  server.RaftServerConfigKeys (ConfUtils.java:logGet(46)) - raft.server.log.write.buffer.size = 8388616 (custom)
2024-04-25 19:26:06,321 [c059e8ba-a531-47a3-a497-45c8f0b0c72e-groupManagement] INFO  server.RaftServerConfigKeys (ConfUtils.java:logGet(46)) - raft.server.log.appender.buffer.byte-limit = 8388608 (custom)
2024-04-25 19:26:06,322 [c059e8ba-a531-47a3-a497-45c8f0b0c72e-groupManagement] INFO  server.RaftServerConfigKeys (ConfUtils.java:logGet(46)) - raft.server.log.unsafe-flush.enabled = false (default)
2024-04-25 19:26:06,322 [c059e8ba-a531-47a3-a497-45c8f0b0c72e-groupManagement] INFO  server.RaftServerConfigKeys (ConfUtils.java:logGet(46)) - raft.server.log.async-flush.enabled = false (default)
2024-04-25 19:26:06,322 [c059e8ba-a531-47a3-a497-45c8f0b0c72e-groupManagement] INFO  server.RaftServerConfigKeys (ConfUtils.java:logGet(46)) - raft.server.log.statemachine.data.caching.enabled = true (custom)
2024-04-25 19:26:06,323 [c059e8ba-a531-47a3-a497-45c8f0b0c72e-groupManagement] INFO  segmented.SegmentedRaftLogWorker (SegmentedRaftLogWorker.java:lambda$new$0(134)) - c059e8ba-a531-47a3-a497-45c8f0b0c72e@group-3D56868D618F-SegmentedRaftLogWorker: flushIndex: setUnconditionally 0 -> -1
2024-04-25 19:26:06,323 [c059e8ba-a531-47a3-a497-45c8f0b0c72e-groupManagement] INFO  segmented.SegmentedRaftLogWorker (SegmentedRaftLogWorker.java:lambda$new$0(134)) - c059e8ba-a531-47a3-a497-45c8f0b0c72e@group-3D56868D618F-SegmentedRaftLogWorker: safeCacheEvictIndex: setUnconditionally 0 -> -1
2024-04-25 19:26:06,324 [c059e8ba-a531-47a3-a497-45c8f0b0c72e-groupManagement] INFO  server.RaftServer$Division (RaftServerImpl.java:start(396)) - c059e8ba-a531-47a3-a497-45c8f0b0c72e@group-3D56868D618F: start as a follower, conf=-1: peers:[020943f0-ab7d-43b4-aa7e-bd0cde918a3e|127.0.0.1:15326, 38098fde-9f6f-4ad0-993c-715d8f2d4b32|127.0.0.1:15308, c059e8ba-a531-47a3-a497-45c8f0b0c72e|127.0.0.1:15317]|listeners:[], old=null
2024-04-25 19:26:06,324 [c059e8ba-a531-47a3-a497-45c8f0b0c72e-groupManagement] INFO  server.RaftServer$Division (RaftServerImpl.java:setRole(383)) - c059e8ba-a531-47a3-a497-45c8f0b0c72e@group-3D56868D618F: changes role from      null to FOLLOWER at term 0 for startAsFollower
2024-04-25 19:26:06,324 [c059e8ba-a531-47a3-a497-45c8f0b0c72e-groupManagement] INFO  impl.RoleInfo (RoleInfo.java:updateAndGet(139)) - c059e8ba-a531-47a3-a497-45c8f0b0c72e: start c059e8ba-a531-47a3-a497-45c8f0b0c72e@group-3D56868D618F-FollowerState
2024-04-25 19:26:06,325 [c059e8ba-a531-47a3-a497-45c8f0b0c72e@group-3D56868D618F-FollowerState] INFO  server.RaftServerConfigKeys (ConfUtils.java:logFallback(53)) - raft.server.rpc.first-election.timeout.min = 5s (fallback to raft.server.rpc.timeout.min)
2024-04-25 19:26:06,325 [c059e8ba-a531-47a3-a497-45c8f0b0c72e@group-3D56868D618F-FollowerState] INFO  server.RaftServerConfigKeys (ConfUtils.java:logFallback(53)) - raft.server.rpc.first-election.timeout.max = 5200ms (fallback to raft.server.rpc.timeout.max)
2024-04-25 19:26:06,325 [c059e8ba-a531-47a3-a497-45c8f0b0c72e-groupManagement] INFO  util.JmxRegister (JmxRegister.java:tryRegister(44)) - Successfully registered JMX Bean with object name Ratis:service=RaftServer,group=group-3D56868D618F,id=c059e8ba-a531-47a3-a497-45c8f0b0c72e
2024-04-25 19:26:06,325 [c059e8ba-a531-47a3-a497-45c8f0b0c72e-groupManagement] INFO  server.RaftServerConfigKeys (ConfUtils.java:logGet(46)) - raft.server.snapshot.trigger-when-stop.enabled = true (default)
2024-04-25 19:26:06,326 [c059e8ba-a531-47a3-a497-45c8f0b0c72e-groupManagement] INFO  server.RaftServerConfigKeys (ConfUtils.java:logGet(46)) - raft.server.snapshot.auto.trigger.enabled = true (custom)
2024-04-25 19:26:06,326 [c059e8ba-a531-47a3-a497-45c8f0b0c72e-groupManagement] INFO  server.RaftServerConfigKeys (ConfUtils.java:logGet(46)) - raft.server.snapshot.auto.trigger.threshold = 10000 (custom)
2024-04-25 19:26:06,326 [c059e8ba-a531-47a3-a497-45c8f0b0c72e-groupManagement] INFO  server.RaftServerConfigKeys (ConfUtils.java:logGet(46)) - raft.server.snapshot.retention.file.num = 5 (custom)
2024-04-25 19:26:06,327 [c059e8ba-a531-47a3-a497-45c8f0b0c72e-groupManagement] INFO  server.RaftServerConfigKeys (ConfUtils.java:logGet(46)) - raft.server.log.purge.upto.snapshot.index = false (default)
2024-04-25 19:26:06,330 [c059e8ba-a531-47a3-a497-45c8f0b0c72e-groupManagement] INFO  server.RaftServer$Division (RaftServerImpl.java:<init>(256)) - c059e8ba-a531-47a3-a497-45c8f0b0c72e: new RaftServerImpl for group-32E8EDDF7D95:[c059e8ba-a531-47a3-a497-45c8f0b0c72e|127.0.0.1:15317] with ContainerStateMachine:uninitialized
2024-04-25 19:26:06,330 [c059e8ba-a531-47a3-a497-45c8f0b0c72e-groupManagement] INFO  server.RaftServerConfigKeys (ConfUtils.java:logGet(46)) - raft.server.rpc.timeout.min = 5s (custom)
2024-04-25 19:26:06,331 [c059e8ba-a531-47a3-a497-45c8f0b0c72e-groupManagement] INFO  server.RaftServerConfigKeys (ConfUtils.java:logGet(46)) - raft.server.rpc.timeout.max = 5200ms (custom)
2024-04-25 19:26:06,331 [c059e8ba-a531-47a3-a497-45c8f0b0c72e-groupManagement] INFO  server.RaftServerConfigKeys (ConfUtils.java:logGet(46)) - raft.server.rpc.sleep.time = 25ms (default)
2024-04-25 19:26:06,331 [c059e8ba-a531-47a3-a497-45c8f0b0c72e-groupManagement] INFO  server.RaftServerConfigKeys (ConfUtils.java:logGet(46)) - raft.server.rpc.slowness.timeout = 300000ms (custom)
2024-04-25 19:26:06,332 [c059e8ba-a531-47a3-a497-45c8f0b0c72e-groupManagement] INFO  server.RaftServerConfigKeys (ConfUtils.java:logGet(46)) - raft.server.leaderelection.leader.step-down.wait-time = 10s (default)
2024-04-25 19:26:06,338 [c059e8ba-a531-47a3-a497-45c8f0b0c72e-groupManagement] INFO  server.RaftServerConfigKeys (ConfUtils.java:logGet(46)) - raft.server.leaderelection.member.majority-add = false (default)
2024-04-25 19:26:06,339 [c059e8ba-a531-47a3-a497-45c8f0b0c72e-groupManagement] INFO  server.RaftServerConfigKeys (ConfUtils.java:logGet(46)) - raft.server.sleep.deviation.threshold = 300ms (default)
2024-04-25 19:26:06,339 [c059e8ba-a531-47a3-a497-45c8f0b0c72e-groupManagement] INFO  server.RaftServer$Division (ServerState.java:<init>(113)) - c059e8ba-a531-47a3-a497-45c8f0b0c72e@group-32E8EDDF7D95: ConfigurationManager, init=-1: peers:[c059e8ba-a531-47a3-a497-45c8f0b0c72e|127.0.0.1:15317]|listeners:[], old=null, confs=<EMPTY_MAP>
2024-04-25 19:26:06,339 [c059e8ba-a531-47a3-a497-45c8f0b0c72e-groupManagement] INFO  server.RaftServerConfigKeys (ConfUtils.java:logGet(46)) - raft.server.notification.no-leader.timeout = 300000ms (custom)
2024-04-25 19:26:06,339 [c059e8ba-a531-47a3-a497-45c8f0b0c72e-groupManagement] INFO  server.RaftServerConfigKeys (ConfUtils.java:logGet(46)) - raft.server.read.timeout = 10s (default)
2024-04-25 19:26:06,339 [c059e8ba-a531-47a3-a497-45c8f0b0c72e-groupManagement] INFO  server.RaftServerConfigKeys (ConfUtils.java:logGet(46)) - raft.server.retrycache.expirytime = 600000ms (custom)
2024-04-25 19:26:06,339 [c059e8ba-a531-47a3-a497-45c8f0b0c72e-groupManagement] INFO  server.RaftServerConfigKeys (ConfUtils.java:logGet(46)) - raft.server.retrycache.statistics.expirytime = 100ms (default)
2024-04-25 19:26:06,339 [c059e8ba-a531-47a3-a497-45c8f0b0c72e-groupManagement] INFO  server.RaftServerConfigKeys (ConfUtils.java:logGet(46)) - raft.server.read.option = DEFAULT (default)
2024-04-25 19:26:06,339 [c059e8ba-a531-47a3-a497-45c8f0b0c72e-groupManagement] INFO  server.RaftServerConfigKeys (ConfUtils.java:logGet(46)) - raft.server.read.read-after-write-consistent.write-index-cache.expiry-time = 60s (default)
2024-04-25 19:26:06,341 [grpc-default-executor-2] INFO  server.RaftServer (RaftServerProxy.java:addNew(100)) - 020943f0-ab7d-43b4-aa7e-bd0cde918a3e: addNew group-3D56868D618F:[020943f0-ab7d-43b4-aa7e-bd0cde918a3e|127.0.0.1:15326, 38098fde-9f6f-4ad0-993c-715d8f2d4b32|127.0.0.1:15308, c059e8ba-a531-47a3-a497-45c8f0b0c72e|127.0.0.1:15317] returns group-3D56868D618F:java.util.concurrent.CompletableFuture@5ad78b6d[Not completed]
2024-04-25 19:26:06,342 [020943f0-ab7d-43b4-aa7e-bd0cde918a3e-groupManagement] INFO  server.RaftServer$Division (RaftServerImpl.java:<init>(256)) - 020943f0-ab7d-43b4-aa7e-bd0cde918a3e: new RaftServerImpl for group-3D56868D618F:[020943f0-ab7d-43b4-aa7e-bd0cde918a3e|127.0.0.1:15326, 38098fde-9f6f-4ad0-993c-715d8f2d4b32|127.0.0.1:15308, c059e8ba-a531-47a3-a497-45c8f0b0c72e|127.0.0.1:15317] with ContainerStateMachine:uninitialized
2024-04-25 19:26:06,342 [c059e8ba-a531-47a3-a497-45c8f0b0c72e-groupManagement] INFO  server.RaftServerConfigKeys (ConfUtils.java:logGet(46)) - raft.server.rpc.request.timeout = 3000ms (default)
2024-04-25 19:26:06,343 [c059e8ba-a531-47a3-a497-45c8f0b0c72e-groupManagement] INFO  server.RaftServerConfigKeys (ConfUtils.java:logGet(46)) - raft.server.log.appender.install.snapshot.enabled = false (custom)
2024-04-25 19:26:06,343 [c059e8ba-a531-47a3-a497-45c8f0b0c72e-groupManagement] INFO  server.RaftServerConfigKeys (ConfUtils.java:logGet(46)) - raft.server.threadpool.server.cached = true (default)
2024-04-25 19:26:06,343 [c059e8ba-a531-47a3-a497-45c8f0b0c72e-groupManagement] INFO  server.RaftServerConfigKeys (ConfUtils.java:logGet(46)) - raft.server.threadpool.server.size = 0 (default)
2024-04-25 19:26:06,343 [c059e8ba-a531-47a3-a497-45c8f0b0c72e-groupManagement] INFO  server.RaftServerConfigKeys (ConfUtils.java:logGet(46)) - raft.server.threadpool.client.cached = true (default)
2024-04-25 19:26:06,343 [c059e8ba-a531-47a3-a497-45c8f0b0c72e-groupManagement] INFO  server.RaftServerConfigKeys (ConfUtils.java:logGet(46)) - raft.server.threadpool.client.size = 0 (default)
2024-04-25 19:26:06,343 [c059e8ba-a531-47a3-a497-45c8f0b0c72e-groupManagement] INFO  server.RaftServerConfigKeys (ConfUtils.java:logGet(46)) - raft.server.storage.free-space.min = 0MB (=0) (default)
2024-04-25 19:26:06,343 [c059e8ba-a531-47a3-a497-45c8f0b0c72e-groupManagement] INFO  server.RaftServerConfigKeys (ConfUtils.java:logGet(46)) - raft.server.log.corruption.policy = EXCEPTION (default)
2024-04-25 19:26:06,343 [c059e8ba-a531-47a3-a497-45c8f0b0c72e-groupManagement] INFO  server.RaftServerConfigKeys (ConfUtils.java:logGet(46)) - raft.server.storage.dir = [/home/runner/work/ozone/ozone/hadoop-ozone/integration-test/target/test-dir/MiniOzoneClusterImpl-f82f7a4c-b7ce-4bc7-bddc-b4ce9d407ba8/ozone-meta/datanode-5/ratis] (custom)
2024-04-25 19:26:06,344 [c059e8ba-a531-47a3-a497-45c8f0b0c72e-groupManagement] INFO  storage.RaftStorageDirectory (RaftStorageDirectoryImpl.java:analyzeStorage(138)) - The storage directory /home/runner/work/ozone/ozone/hadoop-ozone/integration-test/target/test-dir/MiniOzoneClusterImpl-f82f7a4c-b7ce-4bc7-bddc-b4ce9d407ba8/ozone-meta/datanode-5/ratis/8a0fae79-4a6e-4b4f-8c57-32e8eddf7d95 does not exist. Creating ...
2024-04-25 19:26:06,343 [020943f0-ab7d-43b4-aa7e-bd0cde918a3e-groupManagement] INFO  server.RaftServerConfigKeys (ConfUtils.java:logGet(46)) - raft.server.rpc.timeout.min = 5s (custom)
2024-04-25 19:26:06,344 [020943f0-ab7d-43b4-aa7e-bd0cde918a3e-groupManagement] INFO  server.RaftServerConfigKeys (ConfUtils.java:logGet(46)) - raft.server.rpc.timeout.max = 5200ms (custom)
2024-04-25 19:26:06,345 [c059e8ba-a531-47a3-a497-45c8f0b0c72e-groupManagement] INFO  storage.RaftStorageDirectory (RaftStorageDirectoryImpl.java:tryLock(228)) - Lock on /home/runner/work/ozone/ozone/hadoop-ozone/integration-test/target/test-dir/MiniOzoneClusterImpl-f82f7a4c-b7ce-4bc7-bddc-b4ce9d407ba8/ozone-meta/datanode-5/ratis/8a0fae79-4a6e-4b4f-8c57-32e8eddf7d95/in_use.lock acquired by nodename 21201@fv-az524-255
2024-04-25 19:26:06,345 [020943f0-ab7d-43b4-aa7e-bd0cde918a3e-groupManagement] INFO  server.RaftServerConfigKeys (ConfUtils.java:logGet(46)) - raft.server.rpc.sleep.time = 25ms (default)
2024-04-25 19:26:06,345 [020943f0-ab7d-43b4-aa7e-bd0cde918a3e-groupManagement] INFO  server.RaftServerConfigKeys (ConfUtils.java:logGet(46)) - raft.server.rpc.slowness.timeout = 300000ms (custom)
2024-04-25 19:26:06,346 [020943f0-ab7d-43b4-aa7e-bd0cde918a3e-groupManagement] INFO  server.RaftServerConfigKeys (ConfUtils.java:logGet(46)) - raft.server.leaderelection.leader.step-down.wait-time = 10s (default)
2024-04-25 19:26:06,346 [c059e8ba-a531-47a3-a497-45c8f0b0c72e-groupManagement] INFO  storage.RaftStorage (RaftStorageImpl.java:format(99)) - Storage directory /home/runner/work/ozone/ozone/hadoop-ozone/integration-test/target/test-dir/MiniOzoneClusterImpl-f82f7a4c-b7ce-4bc7-bddc-b4ce9d407ba8/ozone-meta/datanode-5/ratis/8a0fae79-4a6e-4b4f-8c57-32e8eddf7d95 has been successfully formatted.
2024-04-25 19:26:06,346 [c059e8ba-a531-47a3-a497-45c8f0b0c72e-groupManagement] WARN  util.FileUtils (LogUtils.java:supplyAndLog(63)) - Failed to Files.newInputStream /home/runner/work/ozone/ozone/hadoop-ozone/integration-test/target/test-dir/MiniOzoneClusterImpl-f82f7a4c-b7ce-4bc7-bddc-b4ce9d407ba8/ozone-meta/datanode-5/ratis/8a0fae79-4a6e-4b4f-8c57-32e8eddf7d95/current/raft-meta.conf with options []: java.nio.file.NoSuchFileException: /home/runner/work/ozone/ozone/hadoop-ozone/integration-test/target/test-dir/MiniOzoneClusterImpl-f82f7a4c-b7ce-4bc7-bddc-b4ce9d407ba8/ozone-meta/datanode-5/ratis/8a0fae79-4a6e-4b4f-8c57-32e8eddf7d95/current/raft-meta.conf
2024-04-25 19:26:06,346 [c059e8ba-a531-47a3-a497-45c8f0b0c72e-groupManagement] INFO  ratis.ContainerStateMachine (ContainerStateMachine.java:loadSnapshot(287)) - group-32E8EDDF7D95: The snapshot info is null. Setting the last applied index to:(t:0, i:~)
2024-04-25 19:26:06,346 [c059e8ba-a531-47a3-a497-45c8f0b0c72e-groupManagement] INFO  server.RaftServerConfigKeys (ConfUtils.java:logGet(46)) - raft.server.log.use.memory = false (default)
2024-04-25 19:26:06,347 [c059e8ba-a531-47a3-a497-45c8f0b0c72e-groupManagement] INFO  server.RaftServerConfigKeys (ConfUtils.java:logGet(46)) - raft.server.log.purge.gap = 1000000 (custom)
2024-04-25 19:26:06,347 [c059e8ba-a531-47a3-a497-45c8f0b0c72e-groupManagement] INFO  server.RaftServerConfigKeys (ConfUtils.java:logGet(46)) - raft.server.log.appender.buffer.byte-limit = 8388608 (custom)
2024-04-25 19:26:06,347 [c059e8ba-a531-47a3-a497-45c8f0b0c72e-groupManagement] INFO  server.RaftServerConfigKeys (ConfUtils.java:logGet(46)) - raft.server.log.statemachine.data.read.timeout = 1000ms (default)
2024-04-25 19:26:06,347 [c059e8ba-a531-47a3-a497-45c8f0b0c72e-groupManagement] INFO  server.RaftServerConfigKeys (ConfUtils.java:logGet(46)) - raft.server.log.purge.preservation.log.num = 0 (default)
2024-04-25 19:26:06,346 [020943f0-ab7d-43b4-aa7e-bd0cde918a3e-groupManagement] INFO  server.RaftServerConfigKeys (ConfUtils.java:logGet(46)) - raft.server.leaderelection.member.majority-add = false (default)
2024-04-25 19:26:06,348 [EventQueue-PipelineReportForPipelineReportHandler] INFO  pipeline.PipelineReportHandler (PipelineReportHandler.java:processPipelineReport(136)) - Opened pipeline PipelineID=8a0fae79-4a6e-4b4f-8c57-32e8eddf7d95
2024-04-25 19:26:06,348 [EventQueue-OpenPipelineForHealthyPipelineSafeModeRule] INFO  safemode.SCMSafeModeManager (HealthyPipelineSafeModeRule.java:process(140)) - SCM in safe mode. Healthy pipelines reported count is 0, required healthy pipeline reported count is 1
2024-04-25 19:26:06,348 [020943f0-ab7d-43b4-aa7e-bd0cde918a3e-groupManagement] INFO  server.RaftServerConfigKeys (ConfUtils.java:logGet(46)) - raft.server.sleep.deviation.threshold = 300ms (default)
2024-04-25 19:26:06,349 [c059e8ba-a531-47a3-a497-45c8f0b0c72e-groupManagement] INFO  server.RaftServerConfigKeys (ConfUtils.java:logGet(46)) - raft.server.log.segment.size.max = 67108864 (custom)
2024-04-25 19:26:06,349 [020943f0-ab7d-43b4-aa7e-bd0cde918a3e-groupManagement] INFO  server.RaftServer$Division (ServerState.java:<init>(113)) - 020943f0-ab7d-43b4-aa7e-bd0cde918a3e@group-3D56868D618F: ConfigurationManager, init=-1: peers:[020943f0-ab7d-43b4-aa7e-bd0cde918a3e|127.0.0.1:15326, 38098fde-9f6f-4ad0-993c-715d8f2d4b32|127.0.0.1:15308, c059e8ba-a531-47a3-a497-45c8f0b0c72e|127.0.0.1:15317]|listeners:[], old=null, confs=<EMPTY_MAP>
2024-04-25 19:26:06,349 [c059e8ba-a531-47a3-a497-45c8f0b0c72e-groupManagement] INFO  server.RaftServerConfigKeys (ConfUtils.java:logGet(46)) - raft.server.log.segment.cache.num.max = 2 (custom)
2024-04-25 19:26:06,349 [c059e8ba-a531-47a3-a497-45c8f0b0c72e-groupManagement] INFO  server.RaftServerConfigKeys (ConfUtils.java:logGet(46)) - raft.server.log.segment.cache.size.max = 200MB (=209715200) (default)
2024-04-25 19:26:06,349 [c059e8ba-a531-47a3-a497-45c8f0b0c72e-groupManagement] INFO  server.RaftServerConfigKeys (ConfUtils.java:logGet(46)) - raft.server.log.appender.buffer.byte-limit = 8388608 (custom)
2024-04-25 19:26:06,350 [c059e8ba-a531-47a3-a497-45c8f0b0c72e-groupManagement] INFO  util.AwaitToRun (AwaitToRun.java:start(81)) - Thread[c059e8ba-a531-47a3-a497-45c8f0b0c72e@group-32E8EDDF7D95-cacheEviction-AwaitToRun,5,main] started
2024-04-25 19:26:06,350 [c059e8ba-a531-47a3-a497-45c8f0b0c72e-groupManagement] INFO  segmented.SegmentedRaftLogWorker (SegmentedRaftLogWorker.java:<init>(182)) - new c059e8ba-a531-47a3-a497-45c8f0b0c72e@group-32E8EDDF7D95-SegmentedRaftLogWorker for RaftStorageImpl:Storage Directory /home/runner/work/ozone/ozone/hadoop-ozone/integration-test/target/test-dir/MiniOzoneClusterImpl-f82f7a4c-b7ce-4bc7-bddc-b4ce9d407ba8/ozone-meta/datanode-5/ratis/8a0fae79-4a6e-4b4f-8c57-32e8eddf7d95
2024-04-25 19:26:06,350 [c059e8ba-a531-47a3-a497-45c8f0b0c72e-groupManagement] INFO  server.RaftServerConfigKeys (ConfUtils.java:logGet(46)) - raft.server.log.queue.byte-limit = 4294967296 (custom)
2024-04-25 19:26:06,350 [c059e8ba-a531-47a3-a497-45c8f0b0c72e-groupManagement] INFO  server.RaftServerConfigKeys (ConfUtils.java:logGet(46)) - raft.server.log.queue.element-limit = 1024 (custom)
2024-04-25 19:26:06,350 [c059e8ba-a531-47a3-a497-45c8f0b0c72e-groupManagement] INFO  server.RaftServerConfigKeys (ConfUtils.java:logGet(46)) - raft.server.log.segment.size.max = 67108864 (custom)
2024-04-25 19:26:06,350 [c059e8ba-a531-47a3-a497-45c8f0b0c72e-groupManagement] INFO  server.RaftServerConfigKeys (ConfUtils.java:logGet(46)) - raft.server.log.preallocated.size = 4194304 (custom)
2024-04-25 19:26:06,350 [c059e8ba-a531-47a3-a497-45c8f0b0c72e-groupManagement] INFO  server.RaftServerConfigKeys (ConfUtils.java:logGet(46)) - raft.server.log.force.sync.num = 128 (default)
2024-04-25 19:26:06,350 [c059e8ba-a531-47a3-a497-45c8f0b0c72e-groupManagement] INFO  server.RaftServerConfigKeys (ConfUtils.java:logGet(46)) - raft.server.log.statemachine.data.sync = true (default)
2024-04-25 19:26:06,350 [c059e8ba-a531-47a3-a497-45c8f0b0c72e-groupManagement] INFO  server.RaftServerConfigKeys (ConfUtils.java:logGet(46)) - raft.server.log.statemachine.data.sync.timeout = 10s (default)
2024-04-25 19:26:06,350 [c059e8ba-a531-47a3-a497-45c8f0b0c72e-groupManagement] INFO  server.RaftServerConfigKeys (ConfUtils.java:logGet(46)) - raft.server.log.statemachine.data.sync.timeout.retry = 30 (custom)
2024-04-25 19:26:06,350 [c059e8ba-a531-47a3-a497-45c8f0b0c72e-groupManagement] INFO  server.RaftServerConfigKeys (ConfUtils.java:logGet(46)) - raft.server.log.write.buffer.size = 8388616 (custom)
2024-04-25 19:26:06,352 [c059e8ba-a531-47a3-a497-45c8f0b0c72e-groupManagement] INFO  server.RaftServerConfigKeys (ConfUtils.java:logGet(46)) - raft.server.log.appender.buffer.byte-limit = 8388608 (custom)
2024-04-25 19:26:06,352 [c059e8ba-a531-47a3-a497-45c8f0b0c72e-groupManagement] INFO  server.RaftServerConfigKeys (ConfUtils.java:logGet(46)) - raft.server.log.unsafe-flush.enabled = false (default)
2024-04-25 19:26:06,352 [c059e8ba-a531-47a3-a497-45c8f0b0c72e-groupManagement] INFO  server.RaftServerConfigKeys (ConfUtils.java:logGet(46)) - raft.server.log.async-flush.enabled = false (default)
2024-04-25 19:26:06,352 [c059e8ba-a531-47a3-a497-45c8f0b0c72e-groupManagement] INFO  server.RaftServerConfigKeys (ConfUtils.java:logGet(46)) - raft.server.log.statemachine.data.caching.enabled = true (custom)
2024-04-25 19:26:06,352 [c059e8ba-a531-47a3-a497-45c8f0b0c72e-groupManagement] INFO  segmented.SegmentedRaftLogWorker (SegmentedRaftLogWorker.java:lambda$new$0(134)) - c059e8ba-a531-47a3-a497-45c8f0b0c72e@group-32E8EDDF7D95-SegmentedRaftLogWorker: flushIndex: setUnconditionally 0 -> -1
2024-04-25 19:26:06,352 [c059e8ba-a531-47a3-a497-45c8f0b0c72e-groupManagement] INFO  segmented.SegmentedRaftLogWorker (SegmentedRaftLogWorker.java:lambda$new$0(134)) - c059e8ba-a531-47a3-a497-45c8f0b0c72e@group-32E8EDDF7D95-SegmentedRaftLogWorker: safeCacheEvictIndex: setUnconditionally 0 -> -1
2024-04-25 19:26:06,349 [020943f0-ab7d-43b4-aa7e-bd0cde918a3e-groupManagement] INFO  server.RaftServerConfigKeys (ConfUtils.java:logGet(46)) - raft.server.notification.no-leader.timeout = 300000ms (custom)
2024-04-25 19:26:06,354 [020943f0-ab7d-43b4-aa7e-bd0cde918a3e-groupManagement] INFO  server.RaftServerConfigKeys (ConfUtils.java:logGet(46)) - raft.server.read.timeout = 10s (default)
2024-04-25 19:26:06,354 [020943f0-ab7d-43b4-aa7e-bd0cde918a3e-groupManagement] INFO  server.RaftServerConfigKeys (ConfUtils.java:logGet(46)) - raft.server.retrycache.expirytime = 600000ms (custom)
2024-04-25 19:26:06,354 [020943f0-ab7d-43b4-aa7e-bd0cde918a3e-groupManagement] INFO  server.RaftServerConfigKeys (ConfUtils.java:logGet(46)) - raft.server.retrycache.statistics.expirytime = 100ms (default)
2024-04-25 19:26:06,355 [020943f0-ab7d-43b4-aa7e-bd0cde918a3e-groupManagement] INFO  server.RaftServerConfigKeys (ConfUtils.java:logGet(46)) - raft.server.read.option = DEFAULT (default)
2024-04-25 19:26:06,355 [c059e8ba-a531-47a3-a497-45c8f0b0c72e-groupManagement] INFO  server.RaftServer$Division (RaftServerImpl.java:start(396)) - c059e8ba-a531-47a3-a497-45c8f0b0c72e@group-32E8EDDF7D95: start as a follower, conf=-1: peers:[c059e8ba-a531-47a3-a497-45c8f0b0c72e|127.0.0.1:15317]|listeners:[], old=null
2024-04-25 19:26:06,355 [c059e8ba-a531-47a3-a497-45c8f0b0c72e-groupManagement] INFO  server.RaftServer$Division (RaftServerImpl.java:setRole(383)) - c059e8ba-a531-47a3-a497-45c8f0b0c72e@group-32E8EDDF7D95: changes role from      null to FOLLOWER at term 0 for startAsFollower
2024-04-25 19:26:06,355 [c059e8ba-a531-47a3-a497-45c8f0b0c72e-groupManagement] INFO  impl.RoleInfo (RoleInfo.java:updateAndGet(139)) - c059e8ba-a531-47a3-a497-45c8f0b0c72e: start c059e8ba-a531-47a3-a497-45c8f0b0c72e@group-32E8EDDF7D95-FollowerState
2024-04-25 19:26:06,355 [c059e8ba-a531-47a3-a497-45c8f0b0c72e-groupManagement] INFO  util.JmxRegister (JmxRegister.java:tryRegister(44)) - Successfully registered JMX Bean with object name Ratis:service=RaftServer,group=group-32E8EDDF7D95,id=c059e8ba-a531-47a3-a497-45c8f0b0c72e
2024-04-25 19:26:06,355 [c059e8ba-a531-47a3-a497-45c8f0b0c72e-groupManagement] INFO  server.RaftServerConfigKeys (ConfUtils.java:logGet(46)) - raft.server.snapshot.trigger-when-stop.enabled = true (default)
2024-04-25 19:26:06,355 [c059e8ba-a531-47a3-a497-45c8f0b0c72e-groupManagement] INFO  server.RaftServerConfigKeys (ConfUtils.java:logGet(46)) - raft.server.snapshot.auto.trigger.enabled = true (custom)
2024-04-25 19:26:06,356 [c059e8ba-a531-47a3-a497-45c8f0b0c72e-groupManagement] INFO  server.RaftServerConfigKeys (ConfUtils.java:logGet(46)) - raft.server.snapshot.auto.trigger.threshold = 10000 (custom)
2024-04-25 19:26:06,356 [c059e8ba-a531-47a3-a497-45c8f0b0c72e-groupManagement] INFO  server.RaftServerConfigKeys (ConfUtils.java:logGet(46)) - raft.server.snapshot.retention.file.num = 5 (custom)
2024-04-25 19:26:06,356 [c059e8ba-a531-47a3-a497-45c8f0b0c72e-groupManagement] INFO  server.RaftServerConfigKeys (ConfUtils.java:logGet(46)) - raft.server.log.purge.upto.snapshot.index = false (default)
2024-04-25 19:26:06,356 [c059e8ba-a531-47a3-a497-45c8f0b0c72e-PipelineCommandHandlerThread-0] INFO  ratis.XceiverServerRatis (XceiverServerRatis.java:addGroup(864)) - Created group PipelineID=8a0fae79-4a6e-4b4f-8c57-32e8eddf7d95
2024-04-25 19:26:06,356 [c059e8ba-a531-47a3-a497-45c8f0b0c72e-PipelineCommandHandlerThread-0] INFO  commandhandler.CreatePipelineCommandHandler (CreatePipelineCommandHandler.java:lambda$handle$2(124)) - Created Pipeline RATIS ONE PipelineID=8a0fae79-4a6e-4b4f-8c57-32e8eddf7d95.
2024-04-25 19:26:06,357 [020943f0-ab7d-43b4-aa7e-bd0cde918a3e-PipelineCommandHandlerThread-0] INFO  server.RaftServer (RaftServerProxy.java:addNew(100)) - 020943f0-ab7d-43b4-aa7e-bd0cde918a3e: addNew group-A1EEB6A496A4:[020943f0-ab7d-43b4-aa7e-bd0cde918a3e|127.0.0.1:15326] returns group-A1EEB6A496A4:java.util.concurrent.CompletableFuture@750fee34[Not completed]
2024-04-25 19:26:06,355 [020943f0-ab7d-43b4-aa7e-bd0cde918a3e-groupManagement] INFO  server.RaftServerConfigKeys (ConfUtils.java:logGet(46)) - raft.server.read.read-after-write-consistent.write-index-cache.expiry-time = 60s (default)
2024-04-25 19:26:06,355 [c059e8ba-a531-47a3-a497-45c8f0b0c72e@group-32E8EDDF7D95-FollowerState] INFO  server.RaftServerConfigKeys (ConfUtils.java:logFallback(53)) - raft.server.rpc.first-election.timeout.min = 5s (fallback to raft.server.rpc.timeout.min)
2024-04-25 19:26:06,358 [c059e8ba-a531-47a3-a497-45c8f0b0c72e@group-32E8EDDF7D95-FollowerState] INFO  server.RaftServerConfigKeys (ConfUtils.java:logFallback(53)) - raft.server.rpc.first-election.timeout.max = 5200ms (fallback to raft.server.rpc.timeout.max)
2024-04-25 19:26:06,359 [020943f0-ab7d-43b4-aa7e-bd0cde918a3e-groupManagement] INFO  server.RaftServerConfigKeys (ConfUtils.java:logGet(46)) - raft.server.rpc.request.timeout = 3000ms (default)
2024-04-25 19:26:06,360 [020943f0-ab7d-43b4-aa7e-bd0cde918a3e-groupManagement] INFO  server.RaftServerConfigKeys (ConfUtils.java:logGet(46)) - raft.server.log.appender.install.snapshot.enabled = false (custom)
2024-04-25 19:26:06,360 [020943f0-ab7d-43b4-aa7e-bd0cde918a3e-groupManagement] INFO  server.RaftServerConfigKeys (ConfUtils.java:logGet(46)) - raft.server.threadpool.server.cached = true (default)
2024-04-25 19:26:06,360 [020943f0-ab7d-43b4-aa7e-bd0cde918a3e-groupManagement] INFO  server.RaftServerConfigKeys (ConfUtils.java:logGet(46)) - raft.server.threadpool.server.size = 0 (default)
2024-04-25 19:26:06,360 [020943f0-ab7d-43b4-aa7e-bd0cde918a3e-groupManagement] INFO  server.RaftServerConfigKeys (ConfUtils.java:logGet(46)) - raft.server.threadpool.client.cached = true (default)
2024-04-25 19:26:06,360 [020943f0-ab7d-43b4-aa7e-bd0cde918a3e-groupManagement] INFO  server.RaftServerConfigKeys (ConfUtils.java:logGet(46)) - raft.server.threadpool.client.size = 0 (default)
2024-04-25 19:26:06,361 [020943f0-ab7d-43b4-aa7e-bd0cde918a3e-groupManagement] INFO  server.RaftServer$Division (RaftServerImpl.java:<init>(256)) - 020943f0-ab7d-43b4-aa7e-bd0cde918a3e: new RaftServerImpl for group-A1EEB6A496A4:[020943f0-ab7d-43b4-aa7e-bd0cde918a3e|127.0.0.1:15326] with ContainerStateMachine:uninitialized
2024-04-25 19:26:06,361 [020943f0-ab7d-43b4-aa7e-bd0cde918a3e-groupManagement] INFO  server.RaftServerConfigKeys (ConfUtils.java:logGet(46)) - raft.server.rpc.timeout.min = 5s (custom)
2024-04-25 19:26:06,361 [020943f0-ab7d-43b4-aa7e-bd0cde918a3e-groupManagement] INFO  server.RaftServerConfigKeys (ConfUtils.java:logGet(46)) - raft.server.rpc.timeout.max = 5200ms (custom)
2024-04-25 19:26:06,361 [020943f0-ab7d-43b4-aa7e-bd0cde918a3e-groupManagement] INFO  server.RaftServerConfigKeys (ConfUtils.java:logGet(46)) - raft.server.rpc.sleep.time = 25ms (default)
2024-04-25 19:26:06,361 [020943f0-ab7d-43b4-aa7e-bd0cde918a3e-groupManagement] INFO  server.RaftServerConfigKeys (ConfUtils.java:logGet(46)) - raft.server.rpc.slowness.timeout = 300000ms (custom)
2024-04-25 19:26:06,361 [020943f0-ab7d-43b4-aa7e-bd0cde918a3e-groupManagement] INFO  server.RaftServerConfigKeys (ConfUtils.java:logGet(46)) - raft.server.leaderelection.leader.step-down.wait-time = 10s (default)
2024-04-25 19:26:06,361 [020943f0-ab7d-43b4-aa7e-bd0cde918a3e-groupManagement] INFO  server.RaftServerConfigKeys (ConfUtils.java:logGet(46)) - raft.server.leaderelection.member.majority-add = false (default)
2024-04-25 19:26:06,361 [020943f0-ab7d-43b4-aa7e-bd0cde918a3e-groupManagement] INFO  server.RaftServerConfigKeys (ConfUtils.java:logGet(46)) - raft.server.sleep.deviation.threshold = 300ms (default)
2024-04-25 19:26:06,361 [020943f0-ab7d-43b4-aa7e-bd0cde918a3e-groupManagement] INFO  server.RaftServer$Division (ServerState.java:<init>(113)) - 020943f0-ab7d-43b4-aa7e-bd0cde918a3e@group-A1EEB6A496A4: ConfigurationManager, init=-1: peers:[020943f0-ab7d-43b4-aa7e-bd0cde918a3e|127.0.0.1:15326]|listeners:[], old=null, confs=<EMPTY_MAP>
2024-04-25 19:26:06,361 [020943f0-ab7d-43b4-aa7e-bd0cde918a3e-groupManagement] INFO  server.RaftServerConfigKeys (ConfUtils.java:logGet(46)) - raft.server.notification.no-leader.timeout = 300000ms (custom)
2024-04-25 19:26:06,361 [020943f0-ab7d-43b4-aa7e-bd0cde918a3e-groupManagement] INFO  server.RaftServerConfigKeys (ConfUtils.java:logGet(46)) - raft.server.read.timeout = 10s (default)
2024-04-25 19:26:06,361 [020943f0-ab7d-43b4-aa7e-bd0cde918a3e-groupManagement] INFO  server.RaftServerConfigKeys (ConfUtils.java:logGet(46)) - raft.server.retrycache.expirytime = 600000ms (custom)
2024-04-25 19:26:06,361 [020943f0-ab7d-43b4-aa7e-bd0cde918a3e-groupManagement] INFO  server.RaftServerConfigKeys (ConfUtils.java:logGet(46)) - raft.server.retrycache.statistics.expirytime = 100ms (default)
2024-04-25 19:26:06,362 [020943f0-ab7d-43b4-aa7e-bd0cde918a3e-groupManagement] INFO  server.RaftServerConfigKeys (ConfUtils.java:logGet(46)) - raft.server.read.option = DEFAULT (default)
2024-04-25 19:26:06,362 [020943f0-ab7d-43b4-aa7e-bd0cde918a3e-groupManagement] INFO  server.RaftServerConfigKeys (ConfUtils.java:logGet(46)) - raft.server.read.read-after-write-consistent.write-index-cache.expiry-time = 60s (default)
2024-04-25 19:26:06,364 [020943f0-ab7d-43b4-aa7e-bd0cde918a3e-groupManagement] INFO  server.RaftServerConfigKeys (ConfUtils.java:logGet(46)) - raft.server.rpc.request.timeout = 3000ms (default)
2024-04-25 19:26:06,364 [020943f0-ab7d-43b4-aa7e-bd0cde918a3e-groupManagement] INFO  server.RaftServerConfigKeys (ConfUtils.java:logGet(46)) - raft.server.log.appender.install.snapshot.enabled = false (custom)
2024-04-25 19:26:06,364 [020943f0-ab7d-43b4-aa7e-bd0cde918a3e-groupManagement] INFO  server.RaftServerConfigKeys (ConfUtils.java:logGet(46)) - raft.server.threadpool.server.cached = true (default)
2024-04-25 19:26:06,364 [020943f0-ab7d-43b4-aa7e-bd0cde918a3e-groupManagement] INFO  server.RaftServerConfigKeys (ConfUtils.java:logGet(46)) - raft.server.threadpool.server.size = 0 (default)
2024-04-25 19:26:06,364 [020943f0-ab7d-43b4-aa7e-bd0cde918a3e-groupManagement] INFO  server.RaftServerConfigKeys (ConfUtils.java:logGet(46)) - raft.server.threadpool.client.cached = true (default)
2024-04-25 19:26:06,364 [020943f0-ab7d-43b4-aa7e-bd0cde918a3e-groupManagement] INFO  server.RaftServerConfigKeys (ConfUtils.java:logGet(46)) - raft.server.threadpool.client.size = 0 (default)
2024-04-25 19:26:06,364 [020943f0-ab7d-43b4-aa7e-bd0cde918a3e-groupManagement] INFO  server.RaftServerConfigKeys (ConfUtils.java:logGet(46)) - raft.server.storage.free-space.min = 0MB (=0) (default)
2024-04-25 19:26:06,365 [020943f0-ab7d-43b4-aa7e-bd0cde918a3e-groupManagement] INFO  server.RaftServerConfigKeys (ConfUtils.java:logGet(46)) - raft.server.log.corruption.policy = EXCEPTION (default)
2024-04-25 19:26:06,365 [020943f0-ab7d-43b4-aa7e-bd0cde918a3e-groupManagement] INFO  server.RaftServerConfigKeys (ConfUtils.java:logGet(46)) - raft.server.storage.dir = [/home/runner/work/ozone/ozone/hadoop-ozone/integration-test/target/test-dir/MiniOzoneClusterImpl-f82f7a4c-b7ce-4bc7-bddc-b4ce9d407ba8/ozone-meta/datanode-6/ratis] (custom)
2024-04-25 19:26:06,365 [020943f0-ab7d-43b4-aa7e-bd0cde918a3e-groupManagement] INFO  storage.RaftStorageDirectory (RaftStorageDirectoryImpl.java:analyzeStorage(138)) - The storage directory /home/runner/work/ozone/ozone/hadoop-ozone/integration-test/target/test-dir/MiniOzoneClusterImpl-f82f7a4c-b7ce-4bc7-bddc-b4ce9d407ba8/ozone-meta/datanode-6/ratis/60c42758-0b39-42ff-b7dc-3d56868d618f does not exist. Creating ...
2024-04-25 19:26:06,366 [020943f0-ab7d-43b4-aa7e-bd0cde918a3e-groupManagement] INFO  storage.RaftStorageDirectory (RaftStorageDirectoryImpl.java:tryLock(228)) - Lock on /home/runner/work/ozone/ozone/hadoop-ozone/integration-test/target/test-dir/MiniOzoneClusterImpl-f82f7a4c-b7ce-4bc7-bddc-b4ce9d407ba8/ozone-meta/datanode-6/ratis/60c42758-0b39-42ff-b7dc-3d56868d618f/in_use.lock acquired by nodename 21201@fv-az524-255
2024-04-25 19:26:06,367 [020943f0-ab7d-43b4-aa7e-bd0cde918a3e-groupManagement] INFO  storage.RaftStorage (RaftStorageImpl.java:format(99)) - Storage directory /home/runner/work/ozone/ozone/hadoop-ozone/integration-test/target/test-dir/MiniOzoneClusterImpl-f82f7a4c-b7ce-4bc7-bddc-b4ce9d407ba8/ozone-meta/datanode-6/ratis/60c42758-0b39-42ff-b7dc-3d56868d618f has been successfully formatted.
2024-04-25 19:26:06,367 [020943f0-ab7d-43b4-aa7e-bd0cde918a3e-groupManagement] WARN  util.FileUtils (LogUtils.java:supplyAndLog(63)) - Failed to Files.newInputStream /home/runner/work/ozone/ozone/hadoop-ozone/integration-test/target/test-dir/MiniOzoneClusterImpl-f82f7a4c-b7ce-4bc7-bddc-b4ce9d407ba8/ozone-meta/datanode-6/ratis/60c42758-0b39-42ff-b7dc-3d56868d618f/current/raft-meta.conf with options []: java.nio.file.NoSuchFileException: /home/runner/work/ozone/ozone/hadoop-ozone/integration-test/target/test-dir/MiniOzoneClusterImpl-f82f7a4c-b7ce-4bc7-bddc-b4ce9d407ba8/ozone-meta/datanode-6/ratis/60c42758-0b39-42ff-b7dc-3d56868d618f/current/raft-meta.conf
2024-04-25 19:26:06,368 [020943f0-ab7d-43b4-aa7e-bd0cde918a3e-groupManagement] INFO  ratis.ContainerStateMachine (ContainerStateMachine.java:loadSnapshot(287)) - group-3D56868D618F: The snapshot info is null. Setting the last applied index to:(t:0, i:~)
2024-04-25 19:26:06,368 [020943f0-ab7d-43b4-aa7e-bd0cde918a3e-groupManagement] INFO  server.RaftServerConfigKeys (ConfUtils.java:logGet(46)) - raft.server.log.use.memory = false (default)
2024-04-25 19:26:06,368 [020943f0-ab7d-43b4-aa7e-bd0cde918a3e-groupManagement] INFO  server.RaftServerConfigKeys (ConfUtils.java:logGet(46)) - raft.server.log.purge.gap = 1000000 (custom)
2024-04-25 19:26:06,368 [020943f0-ab7d-43b4-aa7e-bd0cde918a3e-groupManagement] INFO  server.RaftServerConfigKeys (ConfUtils.java:logGet(46)) - raft.server.log.appender.buffer.byte-limit = 8388608 (custom)
2024-04-25 19:26:06,368 [020943f0-ab7d-43b4-aa7e-bd0cde918a3e-groupManagement] INFO  server.RaftServerConfigKeys (ConfUtils.java:logGet(46)) - raft.server.log.statemachine.data.read.timeout = 1000ms (default)
2024-04-25 19:26:06,368 [020943f0-ab7d-43b4-aa7e-bd0cde918a3e-groupManagement] INFO  server.RaftServerConfigKeys (ConfUtils.java:logGet(46)) - raft.server.log.purge.preservation.log.num = 0 (default)
2024-04-25 19:26:06,369 [EventQueue-PipelineReportForPipelineReportHandler] INFO  pipeline.PipelineReportHandler (PipelineReportHandler.java:processPipelineReport(136)) - Opened pipeline PipelineID=0b298d8b-809b-47ef-876f-a1eeb6a496a4
2024-04-25 19:26:06,369 [EventQueue-OpenPipelineForHealthyPipelineSafeModeRule] INFO  safemode.SCMSafeModeManager (HealthyPipelineSafeModeRule.java:process(140)) - SCM in safe mode. Healthy pipelines reported count is 0, required healthy pipeline reported count is 1
2024-04-25 19:26:06,370 [020943f0-ab7d-43b4-aa7e-bd0cde918a3e-groupManagement] INFO  server.RaftServerConfigKeys (ConfUtils.java:logGet(46)) - raft.server.log.segment.size.max = 67108864 (custom)
2024-04-25 19:26:06,370 [020943f0-ab7d-43b4-aa7e-bd0cde918a3e-groupManagement] INFO  server.RaftServerConfigKeys (ConfUtils.java:logGet(46)) - raft.server.log.segment.cache.num.max = 2 (custom)
2024-04-25 19:26:06,370 [020943f0-ab7d-43b4-aa7e-bd0cde918a3e-groupManagement] INFO  server.RaftServerConfigKeys (ConfUtils.java:logGet(46)) - raft.server.log.segment.cache.size.max = 200MB (=209715200) (default)
2024-04-25 19:26:06,370 [020943f0-ab7d-43b4-aa7e-bd0cde918a3e-groupManagement] INFO  server.RaftServerConfigKeys (ConfUtils.java:logGet(46)) - raft.server.log.appender.buffer.byte-limit = 8388608 (custom)
2024-04-25 19:26:06,370 [020943f0-ab7d-43b4-aa7e-bd0cde918a3e-groupManagement] INFO  util.AwaitToRun (AwaitToRun.java:start(81)) - Thread[020943f0-ab7d-43b4-aa7e-bd0cde918a3e@group-3D56868D618F-cacheEviction-AwaitToRun,5,main] started
2024-04-25 19:26:06,371 [020943f0-ab7d-43b4-aa7e-bd0cde918a3e-groupManagement] INFO  segmented.SegmentedRaftLogWorker (SegmentedRaftLogWorker.java:<init>(182)) - new 020943f0-ab7d-43b4-aa7e-bd0cde918a3e@group-3D56868D618F-SegmentedRaftLogWorker for RaftStorageImpl:Storage Directory /home/runner/work/ozone/ozone/hadoop-ozone/integration-test/target/test-dir/MiniOzoneClusterImpl-f82f7a4c-b7ce-4bc7-bddc-b4ce9d407ba8/ozone-meta/datanode-6/ratis/60c42758-0b39-42ff-b7dc-3d56868d618f
2024-04-25 19:26:06,371 [020943f0-ab7d-43b4-aa7e-bd0cde918a3e-groupManagement] INFO  server.RaftServerConfigKeys (ConfUtils.java:logGet(46)) - raft.server.log.queue.byte-limit = 4294967296 (custom)
2024-04-25 19:26:06,371 [020943f0-ab7d-43b4-aa7e-bd0cde918a3e-groupManagement] INFO  server.RaftServerConfigKeys (ConfUtils.java:logGet(46)) - raft.server.log.queue.element-limit = 1024 (custom)
2024-04-25 19:26:06,371 [020943f0-ab7d-43b4-aa7e-bd0cde918a3e-groupManagement] INFO  server.RaftServerConfigKeys (ConfUtils.java:logGet(46)) - raft.server.log.segment.size.max = 67108864 (custom)
2024-04-25 19:26:06,371 [020943f0-ab7d-43b4-aa7e-bd0cde918a3e-groupManagement] INFO  server.RaftServerConfigKeys (ConfUtils.java:logGet(46)) - raft.server.log.preallocated.size = 4194304 (custom)
2024-04-25 19:26:06,371 [020943f0-ab7d-43b4-aa7e-bd0cde918a3e-groupManagement] INFO  server.RaftServerConfigKeys (ConfUtils.java:logGet(46)) - raft.server.log.force.sync.num = 128 (default)
2024-04-25 19:26:06,371 [020943f0-ab7d-43b4-aa7e-bd0cde918a3e-groupManagement] INFO  server.RaftServerConfigKeys (ConfUtils.java:logGet(46)) - raft.server.log.statemachine.data.sync = true (default)
2024-04-25 19:26:06,371 [020943f0-ab7d-43b4-aa7e-bd0cde918a3e-groupManagement] INFO  server.RaftServerConfigKeys (ConfUtils.java:logGet(46)) - raft.server.log.statemachine.data.sync.timeout = 10s (default)
2024-04-25 19:26:06,371 [020943f0-ab7d-43b4-aa7e-bd0cde918a3e-groupManagement] INFO  server.RaftServerConfigKeys (ConfUtils.java:logGet(46)) - raft.server.log.statemachine.data.sync.timeout.retry = 30 (custom)
2024-04-25 19:26:06,372 [020943f0-ab7d-43b4-aa7e-bd0cde918a3e-groupManagement] INFO  server.RaftServerConfigKeys (ConfUtils.java:logGet(46)) - raft.server.log.write.buffer.size = 8388616 (custom)
2024-04-25 19:26:06,373 [020943f0-ab7d-43b4-aa7e-bd0cde918a3e-groupManagement] INFO  server.RaftServerConfigKeys (ConfUtils.java:logGet(46)) - raft.server.log.appender.buffer.byte-limit = 8388608 (custom)
2024-04-25 19:26:06,373 [020943f0-ab7d-43b4-aa7e-bd0cde918a3e-groupManagement] INFO  server.RaftServerConfigKeys (ConfUtils.java:logGet(46)) - raft.server.log.unsafe-flush.enabled = false (default)
2024-04-25 19:26:06,373 [020943f0-ab7d-43b4-aa7e-bd0cde918a3e-groupManagement] INFO  server.RaftServerConfigKeys (ConfUtils.java:logGet(46)) - raft.server.log.async-flush.enabled = false (default)
2024-04-25 19:26:06,373 [020943f0-ab7d-43b4-aa7e-bd0cde918a3e-groupManagement] INFO  server.RaftServerConfigKeys (ConfUtils.java:logGet(46)) - raft.server.log.statemachine.data.caching.enabled = true (custom)
2024-04-25 19:26:06,374 [020943f0-ab7d-43b4-aa7e-bd0cde918a3e-groupManagement] INFO  segmented.SegmentedRaftLogWorker (SegmentedRaftLogWorker.java:lambda$new$0(134)) - 020943f0-ab7d-43b4-aa7e-bd0cde918a3e@group-3D56868D618F-SegmentedRaftLogWorker: flushIndex: setUnconditionally 0 -> -1
2024-04-25 19:26:06,374 [020943f0-ab7d-43b4-aa7e-bd0cde918a3e-groupManagement] INFO  segmented.SegmentedRaftLogWorker (SegmentedRaftLogWorker.java:lambda$new$0(134)) - 020943f0-ab7d-43b4-aa7e-bd0cde918a3e@group-3D56868D618F-SegmentedRaftLogWorker: safeCacheEvictIndex: setUnconditionally 0 -> -1
2024-04-25 19:26:06,374 [020943f0-ab7d-43b4-aa7e-bd0cde918a3e-groupManagement] INFO  server.RaftServer$Division (RaftServerImpl.java:start(396)) - 020943f0-ab7d-43b4-aa7e-bd0cde918a3e@group-3D56868D618F: start as a follower, conf=-1: peers:[020943f0-ab7d-43b4-aa7e-bd0cde918a3e|127.0.0.1:15326, 38098fde-9f6f-4ad0-993c-715d8f2d4b32|127.0.0.1:15308, c059e8ba-a531-47a3-a497-45c8f0b0c72e|127.0.0.1:15317]|listeners:[], old=null
2024-04-25 19:26:06,374 [020943f0-ab7d-43b4-aa7e-bd0cde918a3e-groupManagement] INFO  server.RaftServer$Division (RaftServerImpl.java:setRole(383)) - 020943f0-ab7d-43b4-aa7e-bd0cde918a3e@group-3D56868D618F: changes role from      null to FOLLOWER at term 0 for startAsFollower
2024-04-25 19:26:06,374 [020943f0-ab7d-43b4-aa7e-bd0cde918a3e-groupManagement] INFO  impl.RoleInfo (RoleInfo.java:updateAndGet(139)) - 020943f0-ab7d-43b4-aa7e-bd0cde918a3e: start 020943f0-ab7d-43b4-aa7e-bd0cde918a3e@group-3D56868D618F-FollowerState
2024-04-25 19:26:06,374 [020943f0-ab7d-43b4-aa7e-bd0cde918a3e-groupManagement] INFO  util.JmxRegister (JmxRegister.java:tryRegister(44)) - Successfully registered JMX Bean with object name Ratis:service=RaftServer,group=group-3D56868D618F,id=020943f0-ab7d-43b4-aa7e-bd0cde918a3e
2024-04-25 19:26:06,374 [020943f0-ab7d-43b4-aa7e-bd0cde918a3e@group-3D56868D618F-FollowerState] INFO  server.RaftServerConfigKeys (ConfUtils.java:logFallback(53)) - raft.server.rpc.first-election.timeout.min = 5s (fallback to raft.server.rpc.timeout.min)
2024-04-25 19:26:06,375 [020943f0-ab7d-43b4-aa7e-bd0cde918a3e@group-3D56868D618F-FollowerState] INFO  server.RaftServerConfigKeys (ConfUtils.java:logFallback(53)) - raft.server.rpc.first-election.timeout.max = 5200ms (fallback to raft.server.rpc.timeout.max)
2024-04-25 19:26:06,374 [020943f0-ab7d-43b4-aa7e-bd0cde918a3e-groupManagement] INFO  server.RaftServerConfigKeys (ConfUtils.java:logGet(46)) - raft.server.snapshot.trigger-when-stop.enabled = true (default)
2024-04-25 19:26:06,375 [020943f0-ab7d-43b4-aa7e-bd0cde918a3e-groupManagement] INFO  server.RaftServerConfigKeys (ConfUtils.java:logGet(46)) - raft.server.snapshot.auto.trigger.enabled = true (custom)
2024-04-25 19:26:06,375 [020943f0-ab7d-43b4-aa7e-bd0cde918a3e-groupManagement] INFO  server.RaftServerConfigKeys (ConfUtils.java:logGet(46)) - raft.server.snapshot.auto.trigger.threshold = 10000 (custom)
2024-04-25 19:26:06,375 [020943f0-ab7d-43b4-aa7e-bd0cde918a3e-groupManagement] INFO  server.RaftServerConfigKeys (ConfUtils.java:logGet(46)) - raft.server.snapshot.retention.file.num = 5 (custom)
2024-04-25 19:26:06,375 [020943f0-ab7d-43b4-aa7e-bd0cde918a3e-groupManagement] INFO  server.RaftServerConfigKeys (ConfUtils.java:logGet(46)) - raft.server.log.purge.upto.snapshot.index = false (default)
2024-04-25 19:26:06,376 [020943f0-ab7d-43b4-aa7e-bd0cde918a3e-groupManagement] INFO  server.RaftServerConfigKeys (ConfUtils.java:logGet(46)) - raft.server.storage.free-space.min = 0MB (=0) (default)
2024-04-25 19:26:06,376 [020943f0-ab7d-43b4-aa7e-bd0cde918a3e-groupManagement] INFO  server.RaftServerConfigKeys (ConfUtils.java:logGet(46)) - raft.server.log.corruption.policy = EXCEPTION (default)
2024-04-25 19:26:06,376 [020943f0-ab7d-43b4-aa7e-bd0cde918a3e-groupManagement] INFO  server.RaftServerConfigKeys (ConfUtils.java:logGet(46)) - raft.server.storage.dir = [/home/runner/work/ozone/ozone/hadoop-ozone/integration-test/target/test-dir/MiniOzoneClusterImpl-f82f7a4c-b7ce-4bc7-bddc-b4ce9d407ba8/ozone-meta/datanode-6/ratis] (custom)
2024-04-25 19:26:06,376 [020943f0-ab7d-43b4-aa7e-bd0cde918a3e-groupManagement] INFO  storage.RaftStorageDirectory (RaftStorageDirectoryImpl.java:analyzeStorage(138)) - The storage directory /home/runner/work/ozone/ozone/hadoop-ozone/integration-test/target/test-dir/MiniOzoneClusterImpl-f82f7a4c-b7ce-4bc7-bddc-b4ce9d407ba8/ozone-meta/datanode-6/ratis/0b298d8b-809b-47ef-876f-a1eeb6a496a4 does not exist. Creating ...
2024-04-25 19:26:06,377 [020943f0-ab7d-43b4-aa7e-bd0cde918a3e-groupManagement] INFO  storage.RaftStorageDirectory (RaftStorageDirectoryImpl.java:tryLock(228)) - Lock on /home/runner/work/ozone/ozone/hadoop-ozone/integration-test/target/test-dir/MiniOzoneClusterImpl-f82f7a4c-b7ce-4bc7-bddc-b4ce9d407ba8/ozone-meta/datanode-6/ratis/0b298d8b-809b-47ef-876f-a1eeb6a496a4/in_use.lock acquired by nodename 21201@fv-az524-255
2024-04-25 19:26:06,378 [020943f0-ab7d-43b4-aa7e-bd0cde918a3e-groupManagement] INFO  storage.RaftStorage (RaftStorageImpl.java:format(99)) - Storage directory /home/runner/work/ozone/ozone/hadoop-ozone/integration-test/target/test-dir/MiniOzoneClusterImpl-f82f7a4c-b7ce-4bc7-bddc-b4ce9d407ba8/ozone-meta/datanode-6/ratis/0b298d8b-809b-47ef-876f-a1eeb6a496a4 has been successfully formatted.
2024-04-25 19:26:06,378 [020943f0-ab7d-43b4-aa7e-bd0cde918a3e-groupManagement] WARN  util.FileUtils (LogUtils.java:supplyAndLog(63)) - Failed to Files.newInputStream /home/runner/work/ozone/ozone/hadoop-ozone/integration-test/target/test-dir/MiniOzoneClusterImpl-f82f7a4c-b7ce-4bc7-bddc-b4ce9d407ba8/ozone-meta/datanode-6/ratis/0b298d8b-809b-47ef-876f-a1eeb6a496a4/current/raft-meta.conf with options []: java.nio.file.NoSuchFileException: /home/runner/work/ozone/ozone/hadoop-ozone/integration-test/target/test-dir/MiniOzoneClusterImpl-f82f7a4c-b7ce-4bc7-bddc-b4ce9d407ba8/ozone-meta/datanode-6/ratis/0b298d8b-809b-47ef-876f-a1eeb6a496a4/current/raft-meta.conf
2024-04-25 19:26:06,378 [020943f0-ab7d-43b4-aa7e-bd0cde918a3e-groupManagement] INFO  ratis.ContainerStateMachine (ContainerStateMachine.java:loadSnapshot(287)) - group-A1EEB6A496A4: The snapshot info is null. Setting the last applied index to:(t:0, i:~)
2024-04-25 19:26:06,378 [020943f0-ab7d-43b4-aa7e-bd0cde918a3e-groupManagement] INFO  server.RaftServerConfigKeys (ConfUtils.java:logGet(46)) - raft.server.log.use.memory = false (default)
2024-04-25 19:26:06,378 [020943f0-ab7d-43b4-aa7e-bd0cde918a3e-groupManagement] INFO  server.RaftServerConfigKeys (ConfUtils.java:logGet(46)) - raft.server.log.purge.gap = 1000000 (custom)
2024-04-25 19:26:06,379 [020943f0-ab7d-43b4-aa7e-bd0cde918a3e-groupManagement] INFO  server.RaftServerConfigKeys (ConfUtils.java:logGet(46)) - raft.server.log.appender.buffer.byte-limit = 8388608 (custom)
2024-04-25 19:26:06,379 [020943f0-ab7d-43b4-aa7e-bd0cde918a3e-groupManagement] INFO  server.RaftServerConfigKeys (ConfUtils.java:logGet(46)) - raft.server.log.statemachine.data.read.timeout = 1000ms (default)
2024-04-25 19:26:06,379 [020943f0-ab7d-43b4-aa7e-bd0cde918a3e-groupManagement] INFO  server.RaftServerConfigKeys (ConfUtils.java:logGet(46)) - raft.server.log.purge.preservation.log.num = 0 (default)
2024-04-25 19:26:06,380 [EventQueue-OpenPipelineForHealthyPipelineSafeModeRule] INFO  safemode.SCMSafeModeManager (HealthyPipelineSafeModeRule.java:process(140)) - SCM in safe mode. Healthy pipelines reported count is 0, required healthy pipeline reported count is 1
2024-04-25 19:26:06,380 [020943f0-ab7d-43b4-aa7e-bd0cde918a3e-groupManagement] INFO  server.RaftServerConfigKeys (ConfUtils.java:logGet(46)) - raft.server.log.segment.size.max = 67108864 (custom)
2024-04-25 19:26:06,381 [020943f0-ab7d-43b4-aa7e-bd0cde918a3e-groupManagement] INFO  server.RaftServerConfigKeys (ConfUtils.java:logGet(46)) - raft.server.log.segment.cache.num.max = 2 (custom)
2024-04-25 19:26:06,381 [020943f0-ab7d-43b4-aa7e-bd0cde918a3e-groupManagement] INFO  server.RaftServerConfigKeys (ConfUtils.java:logGet(46)) - raft.server.log.segment.cache.size.max = 200MB (=209715200) (default)
2024-04-25 19:26:06,381 [020943f0-ab7d-43b4-aa7e-bd0cde918a3e-groupManagement] INFO  server.RaftServerConfigKeys (ConfUtils.java:logGet(46)) - raft.server.log.appender.buffer.byte-limit = 8388608 (custom)
2024-04-25 19:26:06,384 [020943f0-ab7d-43b4-aa7e-bd0cde918a3e-groupManagement] INFO  util.AwaitToRun (AwaitToRun.java:start(81)) - Thread[020943f0-ab7d-43b4-aa7e-bd0cde918a3e@group-A1EEB6A496A4-cacheEviction-AwaitToRun,5,main] started
2024-04-25 19:26:06,384 [020943f0-ab7d-43b4-aa7e-bd0cde918a3e-groupManagement] INFO  segmented.SegmentedRaftLogWorker (SegmentedRaftLogWorker.java:<init>(182)) - new 020943f0-ab7d-43b4-aa7e-bd0cde918a3e@group-A1EEB6A496A4-SegmentedRaftLogWorker for RaftStorageImpl:Storage Directory /home/runner/work/ozone/ozone/hadoop-ozone/integration-test/target/test-dir/MiniOzoneClusterImpl-f82f7a4c-b7ce-4bc7-bddc-b4ce9d407ba8/ozone-meta/datanode-6/ratis/0b298d8b-809b-47ef-876f-a1eeb6a496a4
2024-04-25 19:26:06,384 [020943f0-ab7d-43b4-aa7e-bd0cde918a3e-groupManagement] INFO  server.RaftServerConfigKeys (ConfUtils.java:logGet(46)) - raft.server.log.queue.byte-limit = 4294967296 (custom)
2024-04-25 19:26:06,384 [020943f0-ab7d-43b4-aa7e-bd0cde918a3e-groupManagement] INFO  server.RaftServerConfigKeys (ConfUtils.java:logGet(46)) - raft.server.log.queue.element-limit = 1024 (custom)
2024-04-25 19:26:06,384 [020943f0-ab7d-43b4-aa7e-bd0cde918a3e-groupManagement] INFO  server.RaftServerConfigKeys (ConfUtils.java:logGet(46)) - raft.server.log.segment.size.max = 67108864 (custom)
2024-04-25 19:26:06,384 [020943f0-ab7d-43b4-aa7e-bd0cde918a3e-groupManagement] INFO  server.RaftServerConfigKeys (ConfUtils.java:logGet(46)) - raft.server.log.preallocated.size = 4194304 (custom)
2024-04-25 19:26:06,384 [020943f0-ab7d-43b4-aa7e-bd0cde918a3e-groupManagement] INFO  server.RaftServerConfigKeys (ConfUtils.java:logGet(46)) - raft.server.log.force.sync.num = 128 (default)
2024-04-25 19:26:06,384 [020943f0-ab7d-43b4-aa7e-bd0cde918a3e-groupManagement] INFO  server.RaftServerConfigKeys (ConfUtils.java:logGet(46)) - raft.server.log.statemachine.data.sync = true (default)
2024-04-25 19:26:06,385 [020943f0-ab7d-43b4-aa7e-bd0cde918a3e-groupManagement] INFO  server.RaftServerConfigKeys (ConfUtils.java:logGet(46)) - raft.server.log.statemachine.data.sync.timeout = 10s (default)
2024-04-25 19:26:06,385 [020943f0-ab7d-43b4-aa7e-bd0cde918a3e-groupManagement] INFO  server.RaftServerConfigKeys (ConfUtils.java:logGet(46)) - raft.server.log.statemachine.data.sync.timeout.retry = 30 (custom)
2024-04-25 19:26:06,385 [020943f0-ab7d-43b4-aa7e-bd0cde918a3e-groupManagement] INFO  server.RaftServerConfigKeys (ConfUtils.java:logGet(46)) - raft.server.log.write.buffer.size = 8388616 (custom)
2024-04-25 19:26:06,385 [38098fde-9f6f-4ad0-993c-715d8f2d4b32-PipelineCommandHandlerThread-0] INFO  commandhandler.CreatePipelineCommandHandler (CreatePipelineCommandHandler.java:lambda$handle$2(124)) - Created Pipeline RATIS THREE PipelineID=60c42758-0b39-42ff-b7dc-3d56868d618f.
2024-04-25 19:26:06,387 [020943f0-ab7d-43b4-aa7e-bd0cde918a3e-groupManagement] INFO  server.RaftServerConfigKeys (ConfUtils.java:logGet(46)) - raft.server.log.appender.buffer.byte-limit = 8388608 (custom)
2024-04-25 19:26:06,387 [020943f0-ab7d-43b4-aa7e-bd0cde918a3e-groupManagement] INFO  server.RaftServerConfigKeys (ConfUtils.java:logGet(46)) - raft.server.log.unsafe-flush.enabled = false (default)
2024-04-25 19:26:06,387 [020943f0-ab7d-43b4-aa7e-bd0cde918a3e-groupManagement] INFO  server.RaftServerConfigKeys (ConfUtils.java:logGet(46)) - raft.server.log.async-flush.enabled = false (default)
2024-04-25 19:26:06,387 [020943f0-ab7d-43b4-aa7e-bd0cde918a3e-groupManagement] INFO  server.RaftServerConfigKeys (ConfUtils.java:logGet(46)) - raft.server.log.statemachine.data.caching.enabled = true (custom)
2024-04-25 19:26:06,387 [020943f0-ab7d-43b4-aa7e-bd0cde918a3e-groupManagement] INFO  segmented.SegmentedRaftLogWorker (SegmentedRaftLogWorker.java:lambda$new$0(134)) - 020943f0-ab7d-43b4-aa7e-bd0cde918a3e@group-A1EEB6A496A4-SegmentedRaftLogWorker: flushIndex: setUnconditionally 0 -> -1
2024-04-25 19:26:06,387 [020943f0-ab7d-43b4-aa7e-bd0cde918a3e-groupManagement] INFO  segmented.SegmentedRaftLogWorker (SegmentedRaftLogWorker.java:lambda$new$0(134)) - 020943f0-ab7d-43b4-aa7e-bd0cde918a3e@group-A1EEB6A496A4-SegmentedRaftLogWorker: safeCacheEvictIndex: setUnconditionally 0 -> -1
2024-04-25 19:26:06,387 [020943f0-ab7d-43b4-aa7e-bd0cde918a3e-groupManagement] INFO  server.RaftServer$Division (RaftServerImpl.java:start(396)) - 020943f0-ab7d-43b4-aa7e-bd0cde918a3e@group-A1EEB6A496A4: start as a follower, conf=-1: peers:[020943f0-ab7d-43b4-aa7e-bd0cde918a3e|127.0.0.1:15326]|listeners:[], old=null
2024-04-25 19:26:06,388 [020943f0-ab7d-43b4-aa7e-bd0cde918a3e-groupManagement] INFO  server.RaftServer$Division (RaftServerImpl.java:setRole(383)) - 020943f0-ab7d-43b4-aa7e-bd0cde918a3e@group-A1EEB6A496A4: changes role from      null to FOLLOWER at term 0 for startAsFollower
2024-04-25 19:26:06,388 [020943f0-ab7d-43b4-aa7e-bd0cde918a3e-groupManagement] INFO  impl.RoleInfo (RoleInfo.java:updateAndGet(139)) - 020943f0-ab7d-43b4-aa7e-bd0cde918a3e: start 020943f0-ab7d-43b4-aa7e-bd0cde918a3e@group-A1EEB6A496A4-FollowerState
2024-04-25 19:26:06,388 [020943f0-ab7d-43b4-aa7e-bd0cde918a3e@group-A1EEB6A496A4-FollowerState] INFO  server.RaftServerConfigKeys (ConfUtils.java:logFallback(53)) - raft.server.rpc.first-election.timeout.min = 5s (fallback to raft.server.rpc.timeout.min)
2024-04-25 19:26:06,388 [020943f0-ab7d-43b4-aa7e-bd0cde918a3e@group-A1EEB6A496A4-FollowerState] INFO  server.RaftServerConfigKeys (ConfUtils.java:logFallback(53)) - raft.server.rpc.first-election.timeout.max = 5200ms (fallback to raft.server.rpc.timeout.max)
2024-04-25 19:26:06,388 [020943f0-ab7d-43b4-aa7e-bd0cde918a3e-groupManagement] INFO  util.JmxRegister (JmxRegister.java:tryRegister(44)) - Successfully registered JMX Bean with object name Ratis:service=RaftServer,group=group-A1EEB6A496A4,id=020943f0-ab7d-43b4-aa7e-bd0cde918a3e
2024-04-25 19:26:06,388 [020943f0-ab7d-43b4-aa7e-bd0cde918a3e-groupManagement] INFO  server.RaftServerConfigKeys (ConfUtils.java:logGet(46)) - raft.server.snapshot.trigger-when-stop.enabled = true (default)
2024-04-25 19:26:06,388 [020943f0-ab7d-43b4-aa7e-bd0cde918a3e-groupManagement] INFO  server.RaftServerConfigKeys (ConfUtils.java:logGet(46)) - raft.server.snapshot.auto.trigger.enabled = true (custom)
2024-04-25 19:26:06,389 [020943f0-ab7d-43b4-aa7e-bd0cde918a3e-groupManagement] INFO  server.RaftServerConfigKeys (ConfUtils.java:logGet(46)) - raft.server.snapshot.auto.trigger.threshold = 10000 (custom)
2024-04-25 19:26:06,389 [020943f0-ab7d-43b4-aa7e-bd0cde918a3e-groupManagement] INFO  server.RaftServerConfigKeys (ConfUtils.java:logGet(46)) - raft.server.snapshot.retention.file.num = 5 (custom)
2024-04-25 19:26:06,389 [020943f0-ab7d-43b4-aa7e-bd0cde918a3e-groupManagement] INFO  server.RaftServerConfigKeys (ConfUtils.java:logGet(46)) - raft.server.log.purge.upto.snapshot.index = false (default)
2024-04-25 19:26:06,389 [020943f0-ab7d-43b4-aa7e-bd0cde918a3e-PipelineCommandHandlerThread-0] INFO  ratis.XceiverServerRatis (XceiverServerRatis.java:addGroup(864)) - Created group PipelineID=0b298d8b-809b-47ef-876f-a1eeb6a496a4
2024-04-25 19:26:06,389 [020943f0-ab7d-43b4-aa7e-bd0cde918a3e-PipelineCommandHandlerThread-0] INFO  commandhandler.CreatePipelineCommandHandler (CreatePipelineCommandHandler.java:lambda$handle$2(124)) - Created Pipeline RATIS ONE PipelineID=0b298d8b-809b-47ef-876f-a1eeb6a496a4.
2024-04-25 19:26:06,425 [9b9c1a32-defd-4a85-ab56-32b7a12f6bf5-PipelineCommandHandlerThread-0] INFO  server.RaftServer (RaftServerProxy.java:addNew(100)) - 9b9c1a32-defd-4a85-ab56-32b7a12f6bf5: addNew group-2B44A231F595:[9b9c1a32-defd-4a85-ab56-32b7a12f6bf5|127.0.0.1:15335] returns group-2B44A231F595:java.util.concurrent.CompletableFuture@45ae28dc[Not completed]
2024-04-25 19:26:06,426 [9b9c1a32-defd-4a85-ab56-32b7a12f6bf5-groupManagement] INFO  server.RaftServer$Division (RaftServerImpl.java:<init>(256)) - 9b9c1a32-defd-4a85-ab56-32b7a12f6bf5: new RaftServerImpl for group-2B44A231F595:[9b9c1a32-defd-4a85-ab56-32b7a12f6bf5|127.0.0.1:15335] with ContainerStateMachine:uninitialized
2024-04-25 19:26:06,426 [9b9c1a32-defd-4a85-ab56-32b7a12f6bf5-groupManagement] INFO  server.RaftServerConfigKeys (ConfUtils.java:logGet(46)) - raft.server.rpc.timeout.min = 5s (custom)
2024-04-25 19:26:06,426 [9b9c1a32-defd-4a85-ab56-32b7a12f6bf5-groupManagement] INFO  server.RaftServerConfigKeys (ConfUtils.java:logGet(46)) - raft.server.rpc.timeout.max = 5200ms (custom)
2024-04-25 19:26:06,426 [9b9c1a32-defd-4a85-ab56-32b7a12f6bf5-groupManagement] INFO  server.RaftServerConfigKeys (ConfUtils.java:logGet(46)) - raft.server.rpc.sleep.time = 25ms (default)
2024-04-25 19:26:06,426 [9b9c1a32-defd-4a85-ab56-32b7a12f6bf5-groupManagement] INFO  server.RaftServerConfigKeys (ConfUtils.java:logGet(46)) - raft.server.rpc.slowness.timeout = 300000ms (custom)
2024-04-25 19:26:06,426 [9b9c1a32-defd-4a85-ab56-32b7a12f6bf5-groupManagement] INFO  server.RaftServerConfigKeys (ConfUtils.java:logGet(46)) - raft.server.leaderelection.leader.step-down.wait-time = 10s (default)
2024-04-25 19:26:06,426 [9b9c1a32-defd-4a85-ab56-32b7a12f6bf5-groupManagement] INFO  server.RaftServerConfigKeys (ConfUtils.java:logGet(46)) - raft.server.leaderelection.member.majority-add = false (default)
2024-04-25 19:26:06,426 [9b9c1a32-defd-4a85-ab56-32b7a12f6bf5-groupManagement] INFO  server.RaftServerConfigKeys (ConfUtils.java:logGet(46)) - raft.server.sleep.deviation.threshold = 300ms (default)
2024-04-25 19:26:06,426 [9b9c1a32-defd-4a85-ab56-32b7a12f6bf5-groupManagement] INFO  server.RaftServer$Division (ServerState.java:<init>(113)) - 9b9c1a32-defd-4a85-ab56-32b7a12f6bf5@group-2B44A231F595: ConfigurationManager, init=-1: peers:[9b9c1a32-defd-4a85-ab56-32b7a12f6bf5|127.0.0.1:15335]|listeners:[], old=null, confs=<EMPTY_MAP>
2024-04-25 19:26:06,427 [9b9c1a32-defd-4a85-ab56-32b7a12f6bf5-groupManagement] INFO  server.RaftServerConfigKeys (ConfUtils.java:logGet(46)) - raft.server.notification.no-leader.timeout = 300000ms (custom)
2024-04-25 19:26:06,427 [9b9c1a32-defd-4a85-ab56-32b7a12f6bf5-groupManagement] INFO  server.RaftServerConfigKeys (ConfUtils.java:logGet(46)) - raft.server.read.timeout = 10s (default)
2024-04-25 19:26:06,427 [9b9c1a32-defd-4a85-ab56-32b7a12f6bf5-groupManagement] INFO  server.RaftServerConfigKeys (ConfUtils.java:logGet(46)) - raft.server.retrycache.expirytime = 600000ms (custom)
2024-04-25 19:26:06,427 [9b9c1a32-defd-4a85-ab56-32b7a12f6bf5-groupManagement] INFO  server.RaftServerConfigKeys (ConfUtils.java:logGet(46)) - raft.server.retrycache.statistics.expirytime = 100ms (default)
2024-04-25 19:26:06,427 [9b9c1a32-defd-4a85-ab56-32b7a12f6bf5-groupManagement] INFO  server.RaftServerConfigKeys (ConfUtils.java:logGet(46)) - raft.server.read.option = DEFAULT (default)
2024-04-25 19:26:06,427 [9b9c1a32-defd-4a85-ab56-32b7a12f6bf5-groupManagement] INFO  server.RaftServerConfigKeys (ConfUtils.java:logGet(46)) - raft.server.read.read-after-write-consistent.write-index-cache.expiry-time = 60s (default)
2024-04-25 19:26:06,430 [9b9c1a32-defd-4a85-ab56-32b7a12f6bf5-groupManagement] INFO  server.RaftServerConfigKeys (ConfUtils.java:logGet(46)) - raft.server.rpc.request.timeout = 3000ms (default)
2024-04-25 19:26:06,430 [9b9c1a32-defd-4a85-ab56-32b7a12f6bf5-groupManagement] INFO  server.RaftServerConfigKeys (ConfUtils.java:logGet(46)) - raft.server.log.appender.install.snapshot.enabled = false (custom)
2024-04-25 19:26:06,430 [9b9c1a32-defd-4a85-ab56-32b7a12f6bf5-groupManagement] INFO  server.RaftServerConfigKeys (ConfUtils.java:logGet(46)) - raft.server.threadpool.server.cached = true (default)
2024-04-25 19:26:06,430 [9b9c1a32-defd-4a85-ab56-32b7a12f6bf5-groupManagement] INFO  server.RaftServerConfigKeys (ConfUtils.java:logGet(46)) - raft.server.threadpool.server.size = 0 (default)
2024-04-25 19:26:06,430 [9b9c1a32-defd-4a85-ab56-32b7a12f6bf5-groupManagement] INFO  server.RaftServerConfigKeys (ConfUtils.java:logGet(46)) - raft.server.threadpool.client.cached = true (default)
2024-04-25 19:26:06,430 [9b9c1a32-defd-4a85-ab56-32b7a12f6bf5-groupManagement] INFO  server.RaftServerConfigKeys (ConfUtils.java:logGet(46)) - raft.server.threadpool.client.size = 0 (default)
2024-04-25 19:26:06,430 [9b9c1a32-defd-4a85-ab56-32b7a12f6bf5-groupManagement] INFO  server.RaftServerConfigKeys (ConfUtils.java:logGet(46)) - raft.server.storage.free-space.min = 0MB (=0) (default)
2024-04-25 19:26:06,430 [9b9c1a32-defd-4a85-ab56-32b7a12f6bf5-groupManagement] INFO  server.RaftServerConfigKeys (ConfUtils.java:logGet(46)) - raft.server.log.corruption.policy = EXCEPTION (default)
2024-04-25 19:26:06,431 [9b9c1a32-defd-4a85-ab56-32b7a12f6bf5-groupManagement] INFO  server.RaftServerConfigKeys (ConfUtils.java:logGet(46)) - raft.server.storage.dir = [/home/runner/work/ozone/ozone/hadoop-ozone/integration-test/target/test-dir/MiniOzoneClusterImpl-f82f7a4c-b7ce-4bc7-bddc-b4ce9d407ba8/ozone-meta/datanode-7/ratis] (custom)
2024-04-25 19:26:06,431 [9b9c1a32-defd-4a85-ab56-32b7a12f6bf5-groupManagement] INFO  storage.RaftStorageDirectory (RaftStorageDirectoryImpl.java:analyzeStorage(138)) - The storage directory /home/runner/work/ozone/ozone/hadoop-ozone/integration-test/target/test-dir/MiniOzoneClusterImpl-f82f7a4c-b7ce-4bc7-bddc-b4ce9d407ba8/ozone-meta/datanode-7/ratis/6d1582d6-d4c2-4462-94a6-2b44a231f595 does not exist. Creating ...
2024-04-25 19:26:06,432 [9b9c1a32-defd-4a85-ab56-32b7a12f6bf5-groupManagement] INFO  storage.RaftStorageDirectory (RaftStorageDirectoryImpl.java:tryLock(228)) - Lock on /home/runner/work/ozone/ozone/hadoop-ozone/integration-test/target/test-dir/MiniOzoneClusterImpl-f82f7a4c-b7ce-4bc7-bddc-b4ce9d407ba8/ozone-meta/datanode-7/ratis/6d1582d6-d4c2-4462-94a6-2b44a231f595/in_use.lock acquired by nodename 21201@fv-az524-255
2024-04-25 19:26:06,433 [9b9c1a32-defd-4a85-ab56-32b7a12f6bf5-groupManagement] INFO  storage.RaftStorage (RaftStorageImpl.java:format(99)) - Storage directory /home/runner/work/ozone/ozone/hadoop-ozone/integration-test/target/test-dir/MiniOzoneClusterImpl-f82f7a4c-b7ce-4bc7-bddc-b4ce9d407ba8/ozone-meta/datanode-7/ratis/6d1582d6-d4c2-4462-94a6-2b44a231f595 has been successfully formatted.
2024-04-25 19:26:06,434 [9b9c1a32-defd-4a85-ab56-32b7a12f6bf5-groupManagement] WARN  util.FileUtils (LogUtils.java:supplyAndLog(63)) - Failed to Files.newInputStream /home/runner/work/ozone/ozone/hadoop-ozone/integration-test/target/test-dir/MiniOzoneClusterImpl-f82f7a4c-b7ce-4bc7-bddc-b4ce9d407ba8/ozone-meta/datanode-7/ratis/6d1582d6-d4c2-4462-94a6-2b44a231f595/current/raft-meta.conf with options []: java.nio.file.NoSuchFileException: /home/runner/work/ozone/ozone/hadoop-ozone/integration-test/target/test-dir/MiniOzoneClusterImpl-f82f7a4c-b7ce-4bc7-bddc-b4ce9d407ba8/ozone-meta/datanode-7/ratis/6d1582d6-d4c2-4462-94a6-2b44a231f595/current/raft-meta.conf
2024-04-25 19:26:06,434 [9b9c1a32-defd-4a85-ab56-32b7a12f6bf5-groupManagement] INFO  ratis.ContainerStateMachine (ContainerStateMachine.java:loadSnapshot(287)) - group-2B44A231F595: The snapshot info is null. Setting the last applied index to:(t:0, i:~)
2024-04-25 19:26:06,434 [9b9c1a32-defd-4a85-ab56-32b7a12f6bf5-groupManagement] INFO  server.RaftServerConfigKeys (ConfUtils.java:logGet(46)) - raft.server.log.use.memory = false (default)
2024-04-25 19:26:06,434 [9b9c1a32-defd-4a85-ab56-32b7a12f6bf5-groupManagement] INFO  server.RaftServerConfigKeys (ConfUtils.java:logGet(46)) - raft.server.log.purge.gap = 1000000 (custom)
2024-04-25 19:26:06,434 [9b9c1a32-defd-4a85-ab56-32b7a12f6bf5-groupManagement] INFO  server.RaftServerConfigKeys (ConfUtils.java:logGet(46)) - raft.server.log.appender.buffer.byte-limit = 8388608 (custom)
2024-04-25 19:26:06,434 [9b9c1a32-defd-4a85-ab56-32b7a12f6bf5-groupManagement] INFO  server.RaftServerConfigKeys (ConfUtils.java:logGet(46)) - raft.server.log.statemachine.data.read.timeout = 1000ms (default)
2024-04-25 19:26:06,434 [9b9c1a32-defd-4a85-ab56-32b7a12f6bf5-groupManagement] INFO  server.RaftServerConfigKeys (ConfUtils.java:logGet(46)) - raft.server.log.purge.preservation.log.num = 0 (default)
2024-04-25 19:26:06,435 [EventQueue-PipelineReportForPipelineReportHandler] INFO  pipeline.PipelineReportHandler (PipelineReportHandler.java:processPipelineReport(136)) - Opened pipeline PipelineID=6d1582d6-d4c2-4462-94a6-2b44a231f595
2024-04-25 19:26:06,435 [EventQueue-OpenPipelineForHealthyPipelineSafeModeRule] INFO  safemode.SCMSafeModeManager (HealthyPipelineSafeModeRule.java:process(140)) - SCM in safe mode. Healthy pipelines reported count is 0, required healthy pipeline reported count is 1
2024-04-25 19:26:06,436 [9b9c1a32-defd-4a85-ab56-32b7a12f6bf5-groupManagement] INFO  server.RaftServerConfigKeys (ConfUtils.java:logGet(46)) - raft.server.log.segment.size.max = 67108864 (custom)
2024-04-25 19:26:06,436 [9b9c1a32-defd-4a85-ab56-32b7a12f6bf5-groupManagement] INFO  server.RaftServerConfigKeys (ConfUtils.java:logGet(46)) - raft.server.log.segment.cache.num.max = 2 (custom)
2024-04-25 19:26:06,436 [9b9c1a32-defd-4a85-ab56-32b7a12f6bf5-groupManagement] INFO  server.RaftServerConfigKeys (ConfUtils.java:logGet(46)) - raft.server.log.segment.cache.size.max = 200MB (=209715200) (default)
2024-04-25 19:26:06,436 [9b9c1a32-defd-4a85-ab56-32b7a12f6bf5-groupManagement] INFO  server.RaftServerConfigKeys (ConfUtils.java:logGet(46)) - raft.server.log.appender.buffer.byte-limit = 8388608 (custom)
2024-04-25 19:26:06,437 [9b9c1a32-defd-4a85-ab56-32b7a12f6bf5-groupManagement] INFO  util.AwaitToRun (AwaitToRun.java:start(81)) - Thread[9b9c1a32-defd-4a85-ab56-32b7a12f6bf5@group-2B44A231F595-cacheEviction-AwaitToRun,5,main] started
2024-04-25 19:26:06,437 [9b9c1a32-defd-4a85-ab56-32b7a12f6bf5-groupManagement] INFO  segmented.SegmentedRaftLogWorker (SegmentedRaftLogWorker.java:<init>(182)) - new 9b9c1a32-defd-4a85-ab56-32b7a12f6bf5@group-2B44A231F595-SegmentedRaftLogWorker for RaftStorageImpl:Storage Directory /home/runner/work/ozone/ozone/hadoop-ozone/integration-test/target/test-dir/MiniOzoneClusterImpl-f82f7a4c-b7ce-4bc7-bddc-b4ce9d407ba8/ozone-meta/datanode-7/ratis/6d1582d6-d4c2-4462-94a6-2b44a231f595
2024-04-25 19:26:06,437 [9b9c1a32-defd-4a85-ab56-32b7a12f6bf5-groupManagement] INFO  server.RaftServerConfigKeys (ConfUtils.java:logGet(46)) - raft.server.log.queue.byte-limit = 4294967296 (custom)
2024-04-25 19:26:06,437 [9b9c1a32-defd-4a85-ab56-32b7a12f6bf5-groupManagement] INFO  server.RaftServerConfigKeys (ConfUtils.java:logGet(46)) - raft.server.log.queue.element-limit = 1024 (custom)
2024-04-25 19:26:06,437 [9b9c1a32-defd-4a85-ab56-32b7a12f6bf5-groupManagement] INFO  server.RaftServerConfigKeys (ConfUtils.java:logGet(46)) - raft.server.log.segment.size.max = 67108864 (custom)
2024-04-25 19:26:06,437 [9b9c1a32-defd-4a85-ab56-32b7a12f6bf5-groupManagement] INFO  server.RaftServerConfigKeys (ConfUtils.java:logGet(46)) - raft.server.log.preallocated.size = 4194304 (custom)
2024-04-25 19:26:06,437 [9b9c1a32-defd-4a85-ab56-32b7a12f6bf5-groupManagement] INFO  server.RaftServerConfigKeys (ConfUtils.java:logGet(46)) - raft.server.log.force.sync.num = 128 (default)
2024-04-25 19:26:06,437 [9b9c1a32-defd-4a85-ab56-32b7a12f6bf5-groupManagement] INFO  server.RaftServerConfigKeys (ConfUtils.java:logGet(46)) - raft.server.log.statemachine.data.sync = true (default)
2024-04-25 19:26:06,437 [9b9c1a32-defd-4a85-ab56-32b7a12f6bf5-groupManagement] INFO  server.RaftServerConfigKeys (ConfUtils.java:logGet(46)) - raft.server.log.statemachine.data.sync.timeout = 10s (default)
2024-04-25 19:26:06,437 [9b9c1a32-defd-4a85-ab56-32b7a12f6bf5-groupManagement] INFO  server.RaftServerConfigKeys (ConfUtils.java:logGet(46)) - raft.server.log.statemachine.data.sync.timeout.retry = 30 (custom)
2024-04-25 19:26:06,437 [9b9c1a32-defd-4a85-ab56-32b7a12f6bf5-groupManagement] INFO  server.RaftServerConfigKeys (ConfUtils.java:logGet(46)) - raft.server.log.write.buffer.size = 8388616 (custom)
2024-04-25 19:26:06,439 [9b9c1a32-defd-4a85-ab56-32b7a12f6bf5-groupManagement] INFO  server.RaftServerConfigKeys (ConfUtils.java:logGet(46)) - raft.server.log.appender.buffer.byte-limit = 8388608 (custom)
2024-04-25 19:26:06,439 [9b9c1a32-defd-4a85-ab56-32b7a12f6bf5-groupManagement] INFO  server.RaftServerConfigKeys (ConfUtils.java:logGet(46)) - raft.server.log.unsafe-flush.enabled = false (default)
2024-04-25 19:26:06,439 [9b9c1a32-defd-4a85-ab56-32b7a12f6bf5-groupManagement] INFO  server.RaftServerConfigKeys (ConfUtils.java:logGet(46)) - raft.server.log.async-flush.enabled = false (default)
2024-04-25 19:26:06,440 [9b9c1a32-defd-4a85-ab56-32b7a12f6bf5-groupManagement] INFO  server.RaftServerConfigKeys (ConfUtils.java:logGet(46)) - raft.server.log.statemachine.data.caching.enabled = true (custom)
2024-04-25 19:26:06,440 [9b9c1a32-defd-4a85-ab56-32b7a12f6bf5-groupManagement] INFO  segmented.SegmentedRaftLogWorker (SegmentedRaftLogWorker.java:lambda$new$0(134)) - 9b9c1a32-defd-4a85-ab56-32b7a12f6bf5@group-2B44A231F595-SegmentedRaftLogWorker: flushIndex: setUnconditionally 0 -> -1
2024-04-25 19:26:06,440 [9b9c1a32-defd-4a85-ab56-32b7a12f6bf5-groupManagement] INFO  segmented.SegmentedRaftLogWorker (SegmentedRaftLogWorker.java:lambda$new$0(134)) - 9b9c1a32-defd-4a85-ab56-32b7a12f6bf5@group-2B44A231F595-SegmentedRaftLogWorker: safeCacheEvictIndex: setUnconditionally 0 -> -1
2024-04-25 19:26:06,440 [9b9c1a32-defd-4a85-ab56-32b7a12f6bf5-groupManagement] INFO  server.RaftServer$Division (RaftServerImpl.java:start(396)) - 9b9c1a32-defd-4a85-ab56-32b7a12f6bf5@group-2B44A231F595: start as a follower, conf=-1: peers:[9b9c1a32-defd-4a85-ab56-32b7a12f6bf5|127.0.0.1:15335]|listeners:[], old=null
2024-04-25 19:26:06,440 [9b9c1a32-defd-4a85-ab56-32b7a12f6bf5-groupManagement] INFO  server.RaftServer$Division (RaftServerImpl.java:setRole(383)) - 9b9c1a32-defd-4a85-ab56-32b7a12f6bf5@group-2B44A231F595: changes role from      null to FOLLOWER at term 0 for startAsFollower
2024-04-25 19:26:06,440 [9b9c1a32-defd-4a85-ab56-32b7a12f6bf5-groupManagement] INFO  impl.RoleInfo (RoleInfo.java:updateAndGet(139)) - 9b9c1a32-defd-4a85-ab56-32b7a12f6bf5: start 9b9c1a32-defd-4a85-ab56-32b7a12f6bf5@group-2B44A231F595-FollowerState
2024-04-25 19:26:06,440 [9b9c1a32-defd-4a85-ab56-32b7a12f6bf5@group-2B44A231F595-FollowerState] INFO  server.RaftServerConfigKeys (ConfUtils.java:logFallback(53)) - raft.server.rpc.first-election.timeout.min = 5s (fallback to raft.server.rpc.timeout.min)
2024-04-25 19:26:06,440 [9b9c1a32-defd-4a85-ab56-32b7a12f6bf5@group-2B44A231F595-FollowerState] INFO  server.RaftServerConfigKeys (ConfUtils.java:logFallback(53)) - raft.server.rpc.first-election.timeout.max = 5200ms (fallback to raft.server.rpc.timeout.max)
2024-04-25 19:26:06,440 [9b9c1a32-defd-4a85-ab56-32b7a12f6bf5-groupManagement] INFO  util.JmxRegister (JmxRegister.java:tryRegister(44)) - Successfully registered JMX Bean with object name Ratis:service=RaftServer,group=group-2B44A231F595,id=9b9c1a32-defd-4a85-ab56-32b7a12f6bf5
2024-04-25 19:26:06,441 [9b9c1a32-defd-4a85-ab56-32b7a12f6bf5-groupManagement] INFO  server.RaftServerConfigKeys (ConfUtils.java:logGet(46)) - raft.server.snapshot.trigger-when-stop.enabled = true (default)
2024-04-25 19:26:06,441 [9b9c1a32-defd-4a85-ab56-32b7a12f6bf5-groupManagement] INFO  server.RaftServerConfigKeys (ConfUtils.java:logGet(46)) - raft.server.snapshot.auto.trigger.enabled = true (custom)
2024-04-25 19:26:06,441 [9b9c1a32-defd-4a85-ab56-32b7a12f6bf5-groupManagement] INFO  server.RaftServerConfigKeys (ConfUtils.java:logGet(46)) - raft.server.snapshot.auto.trigger.threshold = 10000 (custom)
2024-04-25 19:26:06,441 [9b9c1a32-defd-4a85-ab56-32b7a12f6bf5-groupManagement] INFO  server.RaftServerConfigKeys (ConfUtils.java:logGet(46)) - raft.server.snapshot.retention.file.num = 5 (custom)
2024-04-25 19:26:06,441 [9b9c1a32-defd-4a85-ab56-32b7a12f6bf5-groupManagement] INFO  server.RaftServerConfigKeys (ConfUtils.java:logGet(46)) - raft.server.log.purge.upto.snapshot.index = false (default)
2024-04-25 19:26:06,442 [9b9c1a32-defd-4a85-ab56-32b7a12f6bf5-PipelineCommandHandlerThread-0] INFO  ratis.XceiverServerRatis (XceiverServerRatis.java:addGroup(864)) - Created group PipelineID=6d1582d6-d4c2-4462-94a6-2b44a231f595
2024-04-25 19:26:06,442 [9b9c1a32-defd-4a85-ab56-32b7a12f6bf5-PipelineCommandHandlerThread-0] INFO  commandhandler.CreatePipelineCommandHandler (CreatePipelineCommandHandler.java:lambda$handle$2(124)) - Created Pipeline RATIS ONE PipelineID=6d1582d6-d4c2-4462-94a6-2b44a231f595.
2024-04-25 19:26:06,442 [9b9c1a32-defd-4a85-ab56-32b7a12f6bf5-PipelineCommandHandlerThread-0] INFO  server.RaftServer (RaftServerProxy.java:addNew(100)) - 9b9c1a32-defd-4a85-ab56-32b7a12f6bf5: addNew group-EBC75CBB34F5:[9b9c1a32-defd-4a85-ab56-32b7a12f6bf5|127.0.0.1:15335, 88efce4d-fc58-43a4-abfe-18a1167c7495|127.0.0.1:15353, 485a0214-1e55-4d9f-9e33-2b2fc5076c56|127.0.0.1:15344] returns group-EBC75CBB34F5:java.util.concurrent.CompletableFuture@4191a4b1[Not completed]
2024-04-25 19:26:06,443 [9b9c1a32-defd-4a85-ab56-32b7a12f6bf5-groupManagement] INFO  server.RaftServer$Division (RaftServerImpl.java:<init>(256)) - 9b9c1a32-defd-4a85-ab56-32b7a12f6bf5: new RaftServerImpl for group-EBC75CBB34F5:[9b9c1a32-defd-4a85-ab56-32b7a12f6bf5|127.0.0.1:15335, 88efce4d-fc58-43a4-abfe-18a1167c7495|127.0.0.1:15353, 485a0214-1e55-4d9f-9e33-2b2fc5076c56|127.0.0.1:15344] with ContainerStateMachine:uninitialized
2024-04-25 19:26:06,443 [9b9c1a32-defd-4a85-ab56-32b7a12f6bf5-groupManagement] INFO  server.RaftServerConfigKeys (ConfUtils.java:logGet(46)) - raft.server.rpc.timeout.min = 5s (custom)
2024-04-25 19:26:06,443 [9b9c1a32-defd-4a85-ab56-32b7a12f6bf5-groupManagement] INFO  server.RaftServerConfigKeys (ConfUtils.java:logGet(46)) - raft.server.rpc.timeout.max = 5200ms (custom)
2024-04-25 19:26:06,443 [9b9c1a32-defd-4a85-ab56-32b7a12f6bf5-groupManagement] INFO  server.RaftServerConfigKeys (ConfUtils.java:logGet(46)) - raft.server.rpc.sleep.time = 25ms (default)
2024-04-25 19:26:06,443 [9b9c1a32-defd-4a85-ab56-32b7a12f6bf5-groupManagement] INFO  server.RaftServerConfigKeys (ConfUtils.java:logGet(46)) - raft.server.rpc.slowness.timeout = 300000ms (custom)
2024-04-25 19:26:06,443 [9b9c1a32-defd-4a85-ab56-32b7a12f6bf5-groupManagement] INFO  server.RaftServerConfigKeys (ConfUtils.java:logGet(46)) - raft.server.leaderelection.leader.step-down.wait-time = 10s (default)
2024-04-25 19:26:06,443 [9b9c1a32-defd-4a85-ab56-32b7a12f6bf5-groupManagement] INFO  server.RaftServerConfigKeys (ConfUtils.java:logGet(46)) - raft.server.leaderelection.member.majority-add = false (default)
2024-04-25 19:26:06,444 [9b9c1a32-defd-4a85-ab56-32b7a12f6bf5-groupManagement] INFO  server.RaftServerConfigKeys (ConfUtils.java:logGet(46)) - raft.server.sleep.deviation.threshold = 300ms (default)
2024-04-25 19:26:06,444 [9b9c1a32-defd-4a85-ab56-32b7a12f6bf5-groupManagement] INFO  server.RaftServer$Division (ServerState.java:<init>(113)) - 9b9c1a32-defd-4a85-ab56-32b7a12f6bf5@group-EBC75CBB34F5: ConfigurationManager, init=-1: peers:[9b9c1a32-defd-4a85-ab56-32b7a12f6bf5|127.0.0.1:15335, 88efce4d-fc58-43a4-abfe-18a1167c7495|127.0.0.1:15353, 485a0214-1e55-4d9f-9e33-2b2fc5076c56|127.0.0.1:15344]|listeners:[], old=null, confs=<EMPTY_MAP>
2024-04-25 19:26:06,444 [9b9c1a32-defd-4a85-ab56-32b7a12f6bf5-groupManagement] INFO  server.RaftServerConfigKeys (ConfUtils.java:logGet(46)) - raft.server.notification.no-leader.timeout = 300000ms (custom)
2024-04-25 19:26:06,444 [9b9c1a32-defd-4a85-ab56-32b7a12f6bf5-groupManagement] INFO  server.RaftServerConfigKeys (ConfUtils.java:logGet(46)) - raft.server.read.timeout = 10s (default)
2024-04-25 19:26:06,444 [9b9c1a32-defd-4a85-ab56-32b7a12f6bf5-groupManagement] INFO  server.RaftServerConfigKeys (ConfUtils.java:logGet(46)) - raft.server.retrycache.expirytime = 600000ms (custom)
2024-04-25 19:26:06,444 [9b9c1a32-defd-4a85-ab56-32b7a12f6bf5-groupManagement] INFO  server.RaftServerConfigKeys (ConfUtils.java:logGet(46)) - raft.server.retrycache.statistics.expirytime = 100ms (default)
2024-04-25 19:26:06,444 [9b9c1a32-defd-4a85-ab56-32b7a12f6bf5-groupManagement] INFO  server.RaftServerConfigKeys (ConfUtils.java:logGet(46)) - raft.server.read.option = DEFAULT (default)
2024-04-25 19:26:06,444 [9b9c1a32-defd-4a85-ab56-32b7a12f6bf5-groupManagement] INFO  server.RaftServerConfigKeys (ConfUtils.java:logGet(46)) - raft.server.read.read-after-write-consistent.write-index-cache.expiry-time = 60s (default)
2024-04-25 19:26:06,447 [9b9c1a32-defd-4a85-ab56-32b7a12f6bf5-groupManagement] INFO  server.RaftServerConfigKeys (ConfUtils.java:logGet(46)) - raft.server.rpc.request.timeout = 3000ms (default)
2024-04-25 19:26:06,447 [9b9c1a32-defd-4a85-ab56-32b7a12f6bf5-groupManagement] INFO  server.RaftServerConfigKeys (ConfUtils.java:logGet(46)) - raft.server.log.appender.install.snapshot.enabled = false (custom)
2024-04-25 19:26:06,447 [9b9c1a32-defd-4a85-ab56-32b7a12f6bf5-groupManagement] INFO  server.RaftServerConfigKeys (ConfUtils.java:logGet(46)) - raft.server.threadpool.server.cached = true (default)
2024-04-25 19:26:06,447 [9b9c1a32-defd-4a85-ab56-32b7a12f6bf5-groupManagement] INFO  server.RaftServerConfigKeys (ConfUtils.java:logGet(46)) - raft.server.threadpool.server.size = 0 (default)
2024-04-25 19:26:06,447 [9b9c1a32-defd-4a85-ab56-32b7a12f6bf5-groupManagement] INFO  server.RaftServerConfigKeys (ConfUtils.java:logGet(46)) - raft.server.threadpool.client.cached = true (default)
2024-04-25 19:26:06,447 [9b9c1a32-defd-4a85-ab56-32b7a12f6bf5-groupManagement] INFO  server.RaftServerConfigKeys (ConfUtils.java:logGet(46)) - raft.server.threadpool.client.size = 0 (default)
2024-04-25 19:26:06,448 [9b9c1a32-defd-4a85-ab56-32b7a12f6bf5-groupManagement] INFO  server.RaftServerConfigKeys (ConfUtils.java:logGet(46)) - raft.server.storage.free-space.min = 0MB (=0) (default)
2024-04-25 19:26:06,448 [9b9c1a32-defd-4a85-ab56-32b7a12f6bf5-groupManagement] INFO  server.RaftServerConfigKeys (ConfUtils.java:logGet(46)) - raft.server.log.corruption.policy = EXCEPTION (default)
2024-04-25 19:26:06,448 [9b9c1a32-defd-4a85-ab56-32b7a12f6bf5-groupManagement] INFO  server.RaftServerConfigKeys (ConfUtils.java:logGet(46)) - raft.server.storage.dir = [/home/runner/work/ozone/ozone/hadoop-ozone/integration-test/target/test-dir/MiniOzoneClusterImpl-f82f7a4c-b7ce-4bc7-bddc-b4ce9d407ba8/ozone-meta/datanode-7/ratis] (custom)
2024-04-25 19:26:06,448 [9b9c1a32-defd-4a85-ab56-32b7a12f6bf5-groupManagement] INFO  storage.RaftStorageDirectory (RaftStorageDirectoryImpl.java:analyzeStorage(138)) - The storage directory /home/runner/work/ozone/ozone/hadoop-ozone/integration-test/target/test-dir/MiniOzoneClusterImpl-f82f7a4c-b7ce-4bc7-bddc-b4ce9d407ba8/ozone-meta/datanode-7/ratis/bc1db2aa-d5fb-421f-98e2-ebc75cbb34f5 does not exist. Creating ...
2024-04-25 19:26:06,449 [9b9c1a32-defd-4a85-ab56-32b7a12f6bf5-groupManagement] INFO  storage.RaftStorageDirectory (RaftStorageDirectoryImpl.java:tryLock(228)) - Lock on /home/runner/work/ozone/ozone/hadoop-ozone/integration-test/target/test-dir/MiniOzoneClusterImpl-f82f7a4c-b7ce-4bc7-bddc-b4ce9d407ba8/ozone-meta/datanode-7/ratis/bc1db2aa-d5fb-421f-98e2-ebc75cbb34f5/in_use.lock acquired by nodename 21201@fv-az524-255
2024-04-25 19:26:06,450 [9b9c1a32-defd-4a85-ab56-32b7a12f6bf5-groupManagement] INFO  storage.RaftStorage (RaftStorageImpl.java:format(99)) - Storage directory /home/runner/work/ozone/ozone/hadoop-ozone/integration-test/target/test-dir/MiniOzoneClusterImpl-f82f7a4c-b7ce-4bc7-bddc-b4ce9d407ba8/ozone-meta/datanode-7/ratis/bc1db2aa-d5fb-421f-98e2-ebc75cbb34f5 has been successfully formatted.
2024-04-25 19:26:06,450 [9b9c1a32-defd-4a85-ab56-32b7a12f6bf5-groupManagement] WARN  util.FileUtils (LogUtils.java:supplyAndLog(63)) - Failed to Files.newInputStream /home/runner/work/ozone/ozone/hadoop-ozone/integration-test/target/test-dir/MiniOzoneClusterImpl-f82f7a4c-b7ce-4bc7-bddc-b4ce9d407ba8/ozone-meta/datanode-7/ratis/bc1db2aa-d5fb-421f-98e2-ebc75cbb34f5/current/raft-meta.conf with options []: java.nio.file.NoSuchFileException: /home/runner/work/ozone/ozone/hadoop-ozone/integration-test/target/test-dir/MiniOzoneClusterImpl-f82f7a4c-b7ce-4bc7-bddc-b4ce9d407ba8/ozone-meta/datanode-7/ratis/bc1db2aa-d5fb-421f-98e2-ebc75cbb34f5/current/raft-meta.conf
2024-04-25 19:26:06,451 [9b9c1a32-defd-4a85-ab56-32b7a12f6bf5-groupManagement] INFO  ratis.ContainerStateMachine (ContainerStateMachine.java:loadSnapshot(287)) - group-EBC75CBB34F5: The snapshot info is null. Setting the last applied index to:(t:0, i:~)
2024-04-25 19:26:06,451 [9b9c1a32-defd-4a85-ab56-32b7a12f6bf5-groupManagement] INFO  server.RaftServerConfigKeys (ConfUtils.java:logGet(46)) - raft.server.log.use.memory = false (default)
2024-04-25 19:26:06,452 [EventQueue-OpenPipelineForHealthyPipelineSafeModeRule] INFO  safemode.SCMSafeModeManager (HealthyPipelineSafeModeRule.java:process(140)) - SCM in safe mode. Healthy pipelines reported count is 0, required healthy pipeline reported count is 1
2024-04-25 19:26:06,452 [9b9c1a32-defd-4a85-ab56-32b7a12f6bf5-groupManagement] INFO  server.RaftServerConfigKeys (ConfUtils.java:logGet(46)) - raft.server.log.purge.gap = 1000000 (custom)
2024-04-25 19:26:06,452 [9b9c1a32-defd-4a85-ab56-32b7a12f6bf5-groupManagement] INFO  server.RaftServerConfigKeys (ConfUtils.java:logGet(46)) - raft.server.log.appender.buffer.byte-limit = 8388608 (custom)
2024-04-25 19:26:06,452 [9b9c1a32-defd-4a85-ab56-32b7a12f6bf5-groupManagement] INFO  server.RaftServerConfigKeys (ConfUtils.java:logGet(46)) - raft.server.log.statemachine.data.read.timeout = 1000ms (default)
2024-04-25 19:26:06,452 [9b9c1a32-defd-4a85-ab56-32b7a12f6bf5-groupManagement] INFO  server.RaftServerConfigKeys (ConfUtils.java:logGet(46)) - raft.server.log.purge.preservation.log.num = 0 (default)
2024-04-25 19:26:06,454 [9b9c1a32-defd-4a85-ab56-32b7a12f6bf5-groupManagement] INFO  server.RaftServerConfigKeys (ConfUtils.java:logGet(46)) - raft.server.log.segment.size.max = 67108864 (custom)
2024-04-25 19:26:06,454 [9b9c1a32-defd-4a85-ab56-32b7a12f6bf5-groupManagement] INFO  server.RaftServerConfigKeys (ConfUtils.java:logGet(46)) - raft.server.log.segment.cache.num.max = 2 (custom)
2024-04-25 19:26:06,454 [9b9c1a32-defd-4a85-ab56-32b7a12f6bf5-groupManagement] INFO  server.RaftServerConfigKeys (ConfUtils.java:logGet(46)) - raft.server.log.segment.cache.size.max = 200MB (=209715200) (default)
2024-04-25 19:26:06,454 [9b9c1a32-defd-4a85-ab56-32b7a12f6bf5-groupManagement] INFO  server.RaftServerConfigKeys (ConfUtils.java:logGet(46)) - raft.server.log.appender.buffer.byte-limit = 8388608 (custom)
2024-04-25 19:26:06,454 [9b9c1a32-defd-4a85-ab56-32b7a12f6bf5-groupManagement] INFO  util.AwaitToRun (AwaitToRun.java:start(81)) - Thread[9b9c1a32-defd-4a85-ab56-32b7a12f6bf5@group-EBC75CBB34F5-cacheEviction-AwaitToRun,5,main] started
2024-04-25 19:26:06,454 [9b9c1a32-defd-4a85-ab56-32b7a12f6bf5-groupManagement] INFO  segmented.SegmentedRaftLogWorker (SegmentedRaftLogWorker.java:<init>(182)) - new 9b9c1a32-defd-4a85-ab56-32b7a12f6bf5@group-EBC75CBB34F5-SegmentedRaftLogWorker for RaftStorageImpl:Storage Directory /home/runner/work/ozone/ozone/hadoop-ozone/integration-test/target/test-dir/MiniOzoneClusterImpl-f82f7a4c-b7ce-4bc7-bddc-b4ce9d407ba8/ozone-meta/datanode-7/ratis/bc1db2aa-d5fb-421f-98e2-ebc75cbb34f5
2024-04-25 19:26:06,454 [9b9c1a32-defd-4a85-ab56-32b7a12f6bf5-groupManagement] INFO  server.RaftServerConfigKeys (ConfUtils.java:logGet(46)) - raft.server.log.queue.byte-limit = 4294967296 (custom)
2024-04-25 19:26:06,455 [9b9c1a32-defd-4a85-ab56-32b7a12f6bf5-groupManagement] INFO  server.RaftServerConfigKeys (ConfUtils.java:logGet(46)) - raft.server.log.queue.element-limit = 1024 (custom)
2024-04-25 19:26:06,455 [9b9c1a32-defd-4a85-ab56-32b7a12f6bf5-groupManagement] INFO  server.RaftServerConfigKeys (ConfUtils.java:logGet(46)) - raft.server.log.segment.size.max = 67108864 (custom)
2024-04-25 19:26:06,455 [9b9c1a32-defd-4a85-ab56-32b7a12f6bf5-groupManagement] INFO  server.RaftServerConfigKeys (ConfUtils.java:logGet(46)) - raft.server.log.preallocated.size = 4194304 (custom)
2024-04-25 19:26:06,455 [9b9c1a32-defd-4a85-ab56-32b7a12f6bf5-groupManagement] INFO  server.RaftServerConfigKeys (ConfUtils.java:logGet(46)) - raft.server.log.force.sync.num = 128 (default)
2024-04-25 19:26:06,455 [9b9c1a32-defd-4a85-ab56-32b7a12f6bf5-groupManagement] INFO  server.RaftServerConfigKeys (ConfUtils.java:logGet(46)) - raft.server.log.statemachine.data.sync = true (default)
2024-04-25 19:26:06,455 [9b9c1a32-defd-4a85-ab56-32b7a12f6bf5-groupManagement] INFO  server.RaftServerConfigKeys (ConfUtils.java:logGet(46)) - raft.server.log.statemachine.data.sync.timeout = 10s (default)
2024-04-25 19:26:06,455 [9b9c1a32-defd-4a85-ab56-32b7a12f6bf5-groupManagement] INFO  server.RaftServerConfigKeys (ConfUtils.java:logGet(46)) - raft.server.log.statemachine.data.sync.timeout.retry = 30 (custom)
2024-04-25 19:26:06,455 [9b9c1a32-defd-4a85-ab56-32b7a12f6bf5-groupManagement] INFO  server.RaftServerConfigKeys (ConfUtils.java:logGet(46)) - raft.server.log.write.buffer.size = 8388616 (custom)
2024-04-25 19:26:06,457 [9b9c1a32-defd-4a85-ab56-32b7a12f6bf5-groupManagement] INFO  server.RaftServerConfigKeys (ConfUtils.java:logGet(46)) - raft.server.log.appender.buffer.byte-limit = 8388608 (custom)
2024-04-25 19:26:06,457 [9b9c1a32-defd-4a85-ab56-32b7a12f6bf5-groupManagement] INFO  server.RaftServerConfigKeys (ConfUtils.java:logGet(46)) - raft.server.log.unsafe-flush.enabled = false (default)
2024-04-25 19:26:06,457 [9b9c1a32-defd-4a85-ab56-32b7a12f6bf5-groupManagement] INFO  server.RaftServerConfigKeys (ConfUtils.java:logGet(46)) - raft.server.log.async-flush.enabled = false (default)
2024-04-25 19:26:06,457 [9b9c1a32-defd-4a85-ab56-32b7a12f6bf5-groupManagement] INFO  server.RaftServerConfigKeys (ConfUtils.java:logGet(46)) - raft.server.log.statemachine.data.caching.enabled = true (custom)
2024-04-25 19:26:06,457 [9b9c1a32-defd-4a85-ab56-32b7a12f6bf5-groupManagement] INFO  segmented.SegmentedRaftLogWorker (SegmentedRaftLogWorker.java:lambda$new$0(134)) - 9b9c1a32-defd-4a85-ab56-32b7a12f6bf5@group-EBC75CBB34F5-SegmentedRaftLogWorker: flushIndex: setUnconditionally 0 -> -1
2024-04-25 19:26:06,457 [9b9c1a32-defd-4a85-ab56-32b7a12f6bf5-groupManagement] INFO  segmented.SegmentedRaftLogWorker (SegmentedRaftLogWorker.java:lambda$new$0(134)) - 9b9c1a32-defd-4a85-ab56-32b7a12f6bf5@group-EBC75CBB34F5-SegmentedRaftLogWorker: safeCacheEvictIndex: setUnconditionally 0 -> -1
2024-04-25 19:26:06,458 [9b9c1a32-defd-4a85-ab56-32b7a12f6bf5-groupManagement] INFO  server.RaftServer$Division (RaftServerImpl.java:start(396)) - 9b9c1a32-defd-4a85-ab56-32b7a12f6bf5@group-EBC75CBB34F5: start as a follower, conf=-1: peers:[9b9c1a32-defd-4a85-ab56-32b7a12f6bf5|127.0.0.1:15335, 88efce4d-fc58-43a4-abfe-18a1167c7495|127.0.0.1:15353, 485a0214-1e55-4d9f-9e33-2b2fc5076c56|127.0.0.1:15344]|listeners:[], old=null
2024-04-25 19:26:06,458 [9b9c1a32-defd-4a85-ab56-32b7a12f6bf5-groupManagement] INFO  server.RaftServer$Division (RaftServerImpl.java:setRole(383)) - 9b9c1a32-defd-4a85-ab56-32b7a12f6bf5@group-EBC75CBB34F5: changes role from      null to FOLLOWER at term 0 for startAsFollower
2024-04-25 19:26:06,458 [9b9c1a32-defd-4a85-ab56-32b7a12f6bf5-groupManagement] INFO  impl.RoleInfo (RoleInfo.java:updateAndGet(139)) - 9b9c1a32-defd-4a85-ab56-32b7a12f6bf5: start 9b9c1a32-defd-4a85-ab56-32b7a12f6bf5@group-EBC75CBB34F5-FollowerState
2024-04-25 19:26:06,458 [9b9c1a32-defd-4a85-ab56-32b7a12f6bf5-groupManagement] INFO  util.JmxRegister (JmxRegister.java:tryRegister(44)) - Successfully registered JMX Bean with object name Ratis:service=RaftServer,group=group-EBC75CBB34F5,id=9b9c1a32-defd-4a85-ab56-32b7a12f6bf5
2024-04-25 19:26:06,458 [9b9c1a32-defd-4a85-ab56-32b7a12f6bf5-groupManagement] INFO  server.RaftServerConfigKeys (ConfUtils.java:logGet(46)) - raft.server.snapshot.trigger-when-stop.enabled = true (default)
2024-04-25 19:26:06,458 [9b9c1a32-defd-4a85-ab56-32b7a12f6bf5-groupManagement] INFO  server.RaftServerConfigKeys (ConfUtils.java:logGet(46)) - raft.server.snapshot.auto.trigger.enabled = true (custom)
2024-04-25 19:26:06,458 [9b9c1a32-defd-4a85-ab56-32b7a12f6bf5-groupManagement] INFO  server.RaftServerConfigKeys (ConfUtils.java:logGet(46)) - raft.server.snapshot.auto.trigger.threshold = 10000 (custom)
2024-04-25 19:26:06,458 [9b9c1a32-defd-4a85-ab56-32b7a12f6bf5-groupManagement] INFO  server.RaftServerConfigKeys (ConfUtils.java:logGet(46)) - raft.server.snapshot.retention.file.num = 5 (custom)
2024-04-25 19:26:06,458 [9b9c1a32-defd-4a85-ab56-32b7a12f6bf5-groupManagement] INFO  server.RaftServerConfigKeys (ConfUtils.java:logGet(46)) - raft.server.log.purge.upto.snapshot.index = false (default)
2024-04-25 19:26:06,459 [9b9c1a32-defd-4a85-ab56-32b7a12f6bf5@group-EBC75CBB34F5-FollowerState] INFO  server.RaftServerConfigKeys (ConfUtils.java:logFallback(53)) - raft.server.rpc.first-election.timeout.min = 5s (fallback to raft.server.rpc.timeout.min)
2024-04-25 19:26:06,459 [9b9c1a32-defd-4a85-ab56-32b7a12f6bf5@group-EBC75CBB34F5-FollowerState] INFO  server.RaftServerConfigKeys (ConfUtils.java:logFallback(53)) - raft.server.rpc.first-election.timeout.max = 5200ms (fallback to raft.server.rpc.timeout.max)
2024-04-25 19:26:06,460 [9b9c1a32-defd-4a85-ab56-32b7a12f6bf5-PipelineCommandHandlerThread-0] INFO  ratis.XceiverServerRatis (XceiverServerRatis.java:addGroup(864)) - Created group PipelineID=bc1db2aa-d5fb-421f-98e2-ebc75cbb34f5
2024-04-25 19:26:06,465 [grpc-default-executor-2] INFO  server.RaftServer (RaftServerProxy.java:addNew(100)) - 88efce4d-fc58-43a4-abfe-18a1167c7495: addNew group-EBC75CBB34F5:[9b9c1a32-defd-4a85-ab56-32b7a12f6bf5|127.0.0.1:15335, 88efce4d-fc58-43a4-abfe-18a1167c7495|127.0.0.1:15353, 485a0214-1e55-4d9f-9e33-2b2fc5076c56|127.0.0.1:15344] returns group-EBC75CBB34F5:java.util.concurrent.CompletableFuture@7d51b295[Not completed]
2024-04-25 19:26:06,466 [88efce4d-fc58-43a4-abfe-18a1167c7495-groupManagement] INFO  server.RaftServer$Division (RaftServerImpl.java:<init>(256)) - 88efce4d-fc58-43a4-abfe-18a1167c7495: new RaftServerImpl for group-EBC75CBB34F5:[9b9c1a32-defd-4a85-ab56-32b7a12f6bf5|127.0.0.1:15335, 88efce4d-fc58-43a4-abfe-18a1167c7495|127.0.0.1:15353, 485a0214-1e55-4d9f-9e33-2b2fc5076c56|127.0.0.1:15344] with ContainerStateMachine:uninitialized
2024-04-25 19:26:06,466 [88efce4d-fc58-43a4-abfe-18a1167c7495-groupManagement] INFO  server.RaftServerConfigKeys (ConfUtils.java:logGet(46)) - raft.server.rpc.timeout.min = 5s (custom)
2024-04-25 19:26:06,466 [88efce4d-fc58-43a4-abfe-18a1167c7495-groupManagement] INFO  server.RaftServerConfigKeys (ConfUtils.java:logGet(46)) - raft.server.rpc.timeout.max = 5200ms (custom)
2024-04-25 19:26:06,466 [88efce4d-fc58-43a4-abfe-18a1167c7495-groupManagement] INFO  server.RaftServerConfigKeys (ConfUtils.java:logGet(46)) - raft.server.rpc.sleep.time = 25ms (default)
2024-04-25 19:26:06,466 [88efce4d-fc58-43a4-abfe-18a1167c7495-groupManagement] INFO  server.RaftServerConfigKeys (ConfUtils.java:logGet(46)) - raft.server.rpc.slowness.timeout = 300000ms (custom)
2024-04-25 19:26:06,466 [88efce4d-fc58-43a4-abfe-18a1167c7495-groupManagement] INFO  server.RaftServerConfigKeys (ConfUtils.java:logGet(46)) - raft.server.leaderelection.leader.step-down.wait-time = 10s (default)
2024-04-25 19:26:06,466 [88efce4d-fc58-43a4-abfe-18a1167c7495-groupManagement] INFO  server.RaftServerConfigKeys (ConfUtils.java:logGet(46)) - raft.server.leaderelection.member.majority-add = false (default)
2024-04-25 19:26:06,466 [88efce4d-fc58-43a4-abfe-18a1167c7495-groupManagement] INFO  server.RaftServerConfigKeys (ConfUtils.java:logGet(46)) - raft.server.sleep.deviation.threshold = 300ms (default)
2024-04-25 19:26:06,467 [88efce4d-fc58-43a4-abfe-18a1167c7495-groupManagement] INFO  server.RaftServer$Division (ServerState.java:<init>(113)) - 88efce4d-fc58-43a4-abfe-18a1167c7495@group-EBC75CBB34F5: ConfigurationManager, init=-1: peers:[9b9c1a32-defd-4a85-ab56-32b7a12f6bf5|127.0.0.1:15335, 88efce4d-fc58-43a4-abfe-18a1167c7495|127.0.0.1:15353, 485a0214-1e55-4d9f-9e33-2b2fc5076c56|127.0.0.1:15344]|listeners:[], old=null, confs=<EMPTY_MAP>
2024-04-25 19:26:06,467 [88efce4d-fc58-43a4-abfe-18a1167c7495-groupManagement] INFO  server.RaftServerConfigKeys (ConfUtils.java:logGet(46)) - raft.server.notification.no-leader.timeout = 300000ms (custom)
2024-04-25 19:26:06,467 [88efce4d-fc58-43a4-abfe-18a1167c7495-groupManagement] INFO  server.RaftServerConfigKeys (ConfUtils.java:logGet(46)) - raft.server.read.timeout = 10s (default)
2024-04-25 19:26:06,467 [88efce4d-fc58-43a4-abfe-18a1167c7495-groupManagement] INFO  server.RaftServerConfigKeys (ConfUtils.java:logGet(46)) - raft.server.retrycache.expirytime = 600000ms (custom)
2024-04-25 19:26:06,467 [88efce4d-fc58-43a4-abfe-18a1167c7495-groupManagement] INFO  server.RaftServerConfigKeys (ConfUtils.java:logGet(46)) - raft.server.retrycache.statistics.expirytime = 100ms (default)
2024-04-25 19:26:06,467 [88efce4d-fc58-43a4-abfe-18a1167c7495-groupManagement] INFO  server.RaftServerConfigKeys (ConfUtils.java:logGet(46)) - raft.server.read.option = DEFAULT (default)
2024-04-25 19:26:06,467 [88efce4d-fc58-43a4-abfe-18a1167c7495-groupManagement] INFO  server.RaftServerConfigKeys (ConfUtils.java:logGet(46)) - raft.server.read.read-after-write-consistent.write-index-cache.expiry-time = 60s (default)
2024-04-25 19:26:06,468 [485a0214-1e55-4d9f-9e33-2b2fc5076c56-PipelineCommandHandlerThread-0] INFO  server.RaftServer (RaftServerProxy.java:addNew(100)) - 485a0214-1e55-4d9f-9e33-2b2fc5076c56: addNew group-A2B11DDD0FBC:[485a0214-1e55-4d9f-9e33-2b2fc5076c56|127.0.0.1:15344] returns group-A2B11DDD0FBC:java.util.concurrent.CompletableFuture@4f74a6c4[Not completed]
2024-04-25 19:26:06,469 [485a0214-1e55-4d9f-9e33-2b2fc5076c56-groupManagement] INFO  server.RaftServer$Division (RaftServerImpl.java:<init>(256)) - 485a0214-1e55-4d9f-9e33-2b2fc5076c56: new RaftServerImpl for group-A2B11DDD0FBC:[485a0214-1e55-4d9f-9e33-2b2fc5076c56|127.0.0.1:15344] with ContainerStateMachine:uninitialized
2024-04-25 19:26:06,469 [485a0214-1e55-4d9f-9e33-2b2fc5076c56-groupManagement] INFO  server.RaftServerConfigKeys (ConfUtils.java:logGet(46)) - raft.server.rpc.timeout.min = 5s (custom)
2024-04-25 19:26:06,469 [485a0214-1e55-4d9f-9e33-2b2fc5076c56-groupManagement] INFO  server.RaftServerConfigKeys (ConfUtils.java:logGet(46)) - raft.server.rpc.timeout.max = 5200ms (custom)
2024-04-25 19:26:06,469 [485a0214-1e55-4d9f-9e33-2b2fc5076c56-groupManagement] INFO  server.RaftServerConfigKeys (ConfUtils.java:logGet(46)) - raft.server.rpc.sleep.time = 25ms (default)
2024-04-25 19:26:06,469 [485a0214-1e55-4d9f-9e33-2b2fc5076c56-groupManagement] INFO  server.RaftServerConfigKeys (ConfUtils.java:logGet(46)) - raft.server.rpc.slowness.timeout = 300000ms (custom)
2024-04-25 19:26:06,469 [485a0214-1e55-4d9f-9e33-2b2fc5076c56-groupManagement] INFO  server.RaftServerConfigKeys (ConfUtils.java:logGet(46)) - raft.server.leaderelection.leader.step-down.wait-time = 10s (default)
2024-04-25 19:26:06,469 [485a0214-1e55-4d9f-9e33-2b2fc5076c56-groupManagement] INFO  server.RaftServerConfigKeys (ConfUtils.java:logGet(46)) - raft.server.leaderelection.member.majority-add = false (default)
2024-04-25 19:26:06,469 [485a0214-1e55-4d9f-9e33-2b2fc5076c56-groupManagement] INFO  server.RaftServerConfigKeys (ConfUtils.java:logGet(46)) - raft.server.sleep.deviation.threshold = 300ms (default)
2024-04-25 19:26:06,469 [485a0214-1e55-4d9f-9e33-2b2fc5076c56-groupManagement] INFO  server.RaftServer$Division (ServerState.java:<init>(113)) - 485a0214-1e55-4d9f-9e33-2b2fc5076c56@group-A2B11DDD0FBC: ConfigurationManager, init=-1: peers:[485a0214-1e55-4d9f-9e33-2b2fc5076c56|127.0.0.1:15344]|listeners:[], old=null, confs=<EMPTY_MAP>
2024-04-25 19:26:06,469 [485a0214-1e55-4d9f-9e33-2b2fc5076c56-groupManagement] INFO  server.RaftServerConfigKeys (ConfUtils.java:logGet(46)) - raft.server.notification.no-leader.timeout = 300000ms (custom)
2024-04-25 19:26:06,469 [485a0214-1e55-4d9f-9e33-2b2fc5076c56-groupManagement] INFO  server.RaftServerConfigKeys (ConfUtils.java:logGet(46)) - raft.server.read.timeout = 10s (default)
2024-04-25 19:26:06,469 [485a0214-1e55-4d9f-9e33-2b2fc5076c56-groupManagement] INFO  server.RaftServerConfigKeys (ConfUtils.java:logGet(46)) - raft.server.retrycache.expirytime = 600000ms (custom)
2024-04-25 19:26:06,469 [485a0214-1e55-4d9f-9e33-2b2fc5076c56-groupManagement] INFO  server.RaftServerConfigKeys (ConfUtils.java:logGet(46)) - raft.server.retrycache.statistics.expirytime = 100ms (default)
2024-04-25 19:26:06,469 [485a0214-1e55-4d9f-9e33-2b2fc5076c56-groupManagement] INFO  server.RaftServerConfigKeys (ConfUtils.java:logGet(46)) - raft.server.read.option = DEFAULT (default)
2024-04-25 19:26:06,469 [485a0214-1e55-4d9f-9e33-2b2fc5076c56-groupManagement] INFO  server.RaftServerConfigKeys (ConfUtils.java:logGet(46)) - raft.server.read.read-after-write-consistent.write-index-cache.expiry-time = 60s (default)
2024-04-25 19:26:06,472 [88efce4d-fc58-43a4-abfe-18a1167c7495-groupManagement] INFO  server.RaftServerConfigKeys (ConfUtils.java:logGet(46)) - raft.server.rpc.request.timeout = 3000ms (default)
2024-04-25 19:26:06,472 [88efce4d-fc58-43a4-abfe-18a1167c7495-groupManagement] INFO  server.RaftServerConfigKeys (ConfUtils.java:logGet(46)) - raft.server.log.appender.install.snapshot.enabled = false (custom)
2024-04-25 19:26:06,472 [88efce4d-fc58-43a4-abfe-18a1167c7495-groupManagement] INFO  server.RaftServerConfigKeys (ConfUtils.java:logGet(46)) - raft.server.threadpool.server.cached = true (default)
2024-04-25 19:26:06,473 [88efce4d-fc58-43a4-abfe-18a1167c7495-groupManagement] INFO  server.RaftServerConfigKeys (ConfUtils.java:logGet(46)) - raft.server.threadpool.server.size = 0 (default)
2024-04-25 19:26:06,473 [88efce4d-fc58-43a4-abfe-18a1167c7495-groupManagement] INFO  server.RaftServerConfigKeys (ConfUtils.java:logGet(46)) - raft.server.threadpool.client.cached = true (default)
2024-04-25 19:26:06,473 [88efce4d-fc58-43a4-abfe-18a1167c7495-groupManagement] INFO  server.RaftServerConfigKeys (ConfUtils.java:logGet(46)) - raft.server.threadpool.client.size = 0 (default)
2024-04-25 19:26:06,473 [88efce4d-fc58-43a4-abfe-18a1167c7495-groupManagement] INFO  server.RaftServerConfigKeys (ConfUtils.java:logGet(46)) - raft.server.storage.free-space.min = 0MB (=0) (default)
2024-04-25 19:26:06,473 [88efce4d-fc58-43a4-abfe-18a1167c7495-groupManagement] INFO  server.RaftServerConfigKeys (ConfUtils.java:logGet(46)) - raft.server.log.corruption.policy = EXCEPTION (default)
2024-04-25 19:26:06,473 [88efce4d-fc58-43a4-abfe-18a1167c7495-groupManagement] INFO  server.RaftServerConfigKeys (ConfUtils.java:logGet(46)) - raft.server.storage.dir = [/home/runner/work/ozone/ozone/hadoop-ozone/integration-test/target/test-dir/MiniOzoneClusterImpl-f82f7a4c-b7ce-4bc7-bddc-b4ce9d407ba8/ozone-meta/datanode-9/ratis] (custom)
2024-04-25 19:26:06,473 [88efce4d-fc58-43a4-abfe-18a1167c7495-groupManagement] INFO  storage.RaftStorageDirectory (RaftStorageDirectoryImpl.java:analyzeStorage(138)) - The storage directory /home/runner/work/ozone/ozone/hadoop-ozone/integration-test/target/test-dir/MiniOzoneClusterImpl-f82f7a4c-b7ce-4bc7-bddc-b4ce9d407ba8/ozone-meta/datanode-9/ratis/bc1db2aa-d5fb-421f-98e2-ebc75cbb34f5 does not exist. Creating ...
2024-04-25 19:26:06,474 [485a0214-1e55-4d9f-9e33-2b2fc5076c56-groupManagement] INFO  server.RaftServerConfigKeys (ConfUtils.java:logGet(46)) - raft.server.rpc.request.timeout = 3000ms (default)
2024-04-25 19:26:06,474 [485a0214-1e55-4d9f-9e33-2b2fc5076c56-groupManagement] INFO  server.RaftServerConfigKeys (ConfUtils.java:logGet(46)) - raft.server.log.appender.install.snapshot.enabled = false (custom)
2024-04-25 19:26:06,474 [485a0214-1e55-4d9f-9e33-2b2fc5076c56-groupManagement] INFO  server.RaftServerConfigKeys (ConfUtils.java:logGet(46)) - raft.server.threadpool.server.cached = true (default)
2024-04-25 19:26:06,474 [485a0214-1e55-4d9f-9e33-2b2fc5076c56-groupManagement] INFO  server.RaftServerConfigKeys (ConfUtils.java:logGet(46)) - raft.server.threadpool.server.size = 0 (default)
2024-04-25 19:26:06,474 [485a0214-1e55-4d9f-9e33-2b2fc5076c56-groupManagement] INFO  server.RaftServerConfigKeys (ConfUtils.java:logGet(46)) - raft.server.threadpool.client.cached = true (default)
2024-04-25 19:26:06,474 [485a0214-1e55-4d9f-9e33-2b2fc5076c56-groupManagement] INFO  server.RaftServerConfigKeys (ConfUtils.java:logGet(46)) - raft.server.threadpool.client.size = 0 (default)
2024-04-25 19:26:06,474 [485a0214-1e55-4d9f-9e33-2b2fc5076c56-groupManagement] INFO  server.RaftServerConfigKeys (ConfUtils.java:logGet(46)) - raft.server.storage.free-space.min = 0MB (=0) (default)
2024-04-25 19:26:06,474 [485a0214-1e55-4d9f-9e33-2b2fc5076c56-groupManagement] INFO  server.RaftServerConfigKeys (ConfUtils.java:logGet(46)) - raft.server.log.corruption.policy = EXCEPTION (default)
2024-04-25 19:26:06,474 [485a0214-1e55-4d9f-9e33-2b2fc5076c56-groupManagement] INFO  server.RaftServerConfigKeys (ConfUtils.java:logGet(46)) - raft.server.storage.dir = [/home/runner/work/ozone/ozone/hadoop-ozone/integration-test/target/test-dir/MiniOzoneClusterImpl-f82f7a4c-b7ce-4bc7-bddc-b4ce9d407ba8/ozone-meta/datanode-8/ratis] (custom)
2024-04-25 19:26:06,474 [88efce4d-fc58-43a4-abfe-18a1167c7495-groupManagement] INFO  storage.RaftStorageDirectory (RaftStorageDirectoryImpl.java:tryLock(228)) - Lock on /home/runner/work/ozone/ozone/hadoop-ozone/integration-test/target/test-dir/MiniOzoneClusterImpl-f82f7a4c-b7ce-4bc7-bddc-b4ce9d407ba8/ozone-meta/datanode-9/ratis/bc1db2aa-d5fb-421f-98e2-ebc75cbb34f5/in_use.lock acquired by nodename 21201@fv-az524-255
2024-04-25 19:26:06,474 [485a0214-1e55-4d9f-9e33-2b2fc5076c56-groupManagement] INFO  storage.RaftStorageDirectory (RaftStorageDirectoryImpl.java:analyzeStorage(138)) - The storage directory /home/runner/work/ozone/ozone/hadoop-ozone/integration-test/target/test-dir/MiniOzoneClusterImpl-f82f7a4c-b7ce-4bc7-bddc-b4ce9d407ba8/ozone-meta/datanode-8/ratis/f03ee5d3-d86c-4ee0-850c-a2b11ddd0fbc does not exist. Creating ...
2024-04-25 19:26:06,475 [485a0214-1e55-4d9f-9e33-2b2fc5076c56-groupManagement] INFO  storage.RaftStorageDirectory (RaftStorageDirectoryImpl.java:tryLock(228)) - Lock on /home/runner/work/ozone/ozone/hadoop-ozone/integration-test/target/test-dir/MiniOzoneClusterImpl-f82f7a4c-b7ce-4bc7-bddc-b4ce9d407ba8/ozone-meta/datanode-8/ratis/f03ee5d3-d86c-4ee0-850c-a2b11ddd0fbc/in_use.lock acquired by nodename 21201@fv-az524-255
2024-04-25 19:26:06,476 [88efce4d-fc58-43a4-abfe-18a1167c7495-groupManagement] INFO  storage.RaftStorage (RaftStorageImpl.java:format(99)) - Storage directory /home/runner/work/ozone/ozone/hadoop-ozone/integration-test/target/test-dir/MiniOzoneClusterImpl-f82f7a4c-b7ce-4bc7-bddc-b4ce9d407ba8/ozone-meta/datanode-9/ratis/bc1db2aa-d5fb-421f-98e2-ebc75cbb34f5 has been successfully formatted.
2024-04-25 19:26:06,476 [88efce4d-fc58-43a4-abfe-18a1167c7495-groupManagement] WARN  util.FileUtils (LogUtils.java:supplyAndLog(63)) - Failed to Files.newInputStream /home/runner/work/ozone/ozone/hadoop-ozone/integration-test/target/test-dir/MiniOzoneClusterImpl-f82f7a4c-b7ce-4bc7-bddc-b4ce9d407ba8/ozone-meta/datanode-9/ratis/bc1db2aa-d5fb-421f-98e2-ebc75cbb34f5/current/raft-meta.conf with options []: java.nio.file.NoSuchFileException: /home/runner/work/ozone/ozone/hadoop-ozone/integration-test/target/test-dir/MiniOzoneClusterImpl-f82f7a4c-b7ce-4bc7-bddc-b4ce9d407ba8/ozone-meta/datanode-9/ratis/bc1db2aa-d5fb-421f-98e2-ebc75cbb34f5/current/raft-meta.conf
2024-04-25 19:26:06,476 [485a0214-1e55-4d9f-9e33-2b2fc5076c56-groupManagement] INFO  storage.RaftStorage (RaftStorageImpl.java:format(99)) - Storage directory /home/runner/work/ozone/ozone/hadoop-ozone/integration-test/target/test-dir/MiniOzoneClusterImpl-f82f7a4c-b7ce-4bc7-bddc-b4ce9d407ba8/ozone-meta/datanode-8/ratis/f03ee5d3-d86c-4ee0-850c-a2b11ddd0fbc has been successfully formatted.
2024-04-25 19:26:06,476 [485a0214-1e55-4d9f-9e33-2b2fc5076c56-groupManagement] WARN  util.FileUtils (LogUtils.java:supplyAndLog(63)) - Failed to Files.newInputStream /home/runner/work/ozone/ozone/hadoop-ozone/integration-test/target/test-dir/MiniOzoneClusterImpl-f82f7a4c-b7ce-4bc7-bddc-b4ce9d407ba8/ozone-meta/datanode-8/ratis/f03ee5d3-d86c-4ee0-850c-a2b11ddd0fbc/current/raft-meta.conf with options []: java.nio.file.NoSuchFileException: /home/runner/work/ozone/ozone/hadoop-ozone/integration-test/target/test-dir/MiniOzoneClusterImpl-f82f7a4c-b7ce-4bc7-bddc-b4ce9d407ba8/ozone-meta/datanode-8/ratis/f03ee5d3-d86c-4ee0-850c-a2b11ddd0fbc/current/raft-meta.conf
2024-04-25 19:26:06,477 [485a0214-1e55-4d9f-9e33-2b2fc5076c56-groupManagement] INFO  ratis.ContainerStateMachine (ContainerStateMachine.java:loadSnapshot(287)) - group-A2B11DDD0FBC: The snapshot info is null. Setting the last applied index to:(t:0, i:~)
2024-04-25 19:26:06,477 [485a0214-1e55-4d9f-9e33-2b2fc5076c56-groupManagement] INFO  server.RaftServerConfigKeys (ConfUtils.java:logGet(46)) - raft.server.log.use.memory = false (default)
2024-04-25 19:26:06,477 [485a0214-1e55-4d9f-9e33-2b2fc5076c56-groupManagement] INFO  server.RaftServerConfigKeys (ConfUtils.java:logGet(46)) - raft.server.log.purge.gap = 1000000 (custom)
2024-04-25 19:26:06,477 [485a0214-1e55-4d9f-9e33-2b2fc5076c56-groupManagement] INFO  server.RaftServerConfigKeys (ConfUtils.java:logGet(46)) - raft.server.log.appender.buffer.byte-limit = 8388608 (custom)
2024-04-25 19:26:06,477 [485a0214-1e55-4d9f-9e33-2b2fc5076c56-groupManagement] INFO  server.RaftServerConfigKeys (ConfUtils.java:logGet(46)) - raft.server.log.statemachine.data.read.timeout = 1000ms (default)
2024-04-25 19:26:06,477 [485a0214-1e55-4d9f-9e33-2b2fc5076c56-groupManagement] INFO  server.RaftServerConfigKeys (ConfUtils.java:logGet(46)) - raft.server.log.purge.preservation.log.num = 0 (default)
2024-04-25 19:26:06,476 [88efce4d-fc58-43a4-abfe-18a1167c7495-groupManagement] INFO  ratis.ContainerStateMachine (ContainerStateMachine.java:loadSnapshot(287)) - group-EBC75CBB34F5: The snapshot info is null. Setting the last applied index to:(t:0, i:~)
2024-04-25 19:26:06,478 [88efce4d-fc58-43a4-abfe-18a1167c7495-groupManagement] INFO  server.RaftServerConfigKeys (ConfUtils.java:logGet(46)) - raft.server.log.use.memory = false (default)
2024-04-25 19:26:06,478 [EventQueue-PipelineReportForPipelineReportHandler] INFO  pipeline.PipelineReportHandler (PipelineReportHandler.java:processPipelineReport(136)) - Opened pipeline PipelineID=f03ee5d3-d86c-4ee0-850c-a2b11ddd0fbc
2024-04-25 19:26:06,478 [EventQueue-OpenPipelineForHealthyPipelineSafeModeRule] INFO  safemode.SCMSafeModeManager (HealthyPipelineSafeModeRule.java:process(140)) - SCM in safe mode. Healthy pipelines reported count is 0, required healthy pipeline reported count is 1
2024-04-25 19:26:06,478 [88efce4d-fc58-43a4-abfe-18a1167c7495-groupManagement] INFO  server.RaftServerConfigKeys (ConfUtils.java:logGet(46)) - raft.server.log.purge.gap = 1000000 (custom)
2024-04-25 19:26:06,478 [88efce4d-fc58-43a4-abfe-18a1167c7495-groupManagement] INFO  server.RaftServerConfigKeys (ConfUtils.java:logGet(46)) - raft.server.log.appender.buffer.byte-limit = 8388608 (custom)
2024-04-25 19:26:06,479 [88efce4d-fc58-43a4-abfe-18a1167c7495-groupManagement] INFO  server.RaftServerConfigKeys (ConfUtils.java:logGet(46)) - raft.server.log.statemachine.data.read.timeout = 1000ms (default)
2024-04-25 19:26:06,479 [88efce4d-fc58-43a4-abfe-18a1167c7495-groupManagement] INFO  server.RaftServerConfigKeys (ConfUtils.java:logGet(46)) - raft.server.log.purge.preservation.log.num = 0 (default)
2024-04-25 19:26:06,479 [485a0214-1e55-4d9f-9e33-2b2fc5076c56-groupManagement] INFO  server.RaftServerConfigKeys (ConfUtils.java:logGet(46)) - raft.server.log.segment.size.max = 67108864 (custom)
2024-04-25 19:26:06,480 [485a0214-1e55-4d9f-9e33-2b2fc5076c56-groupManagement] INFO  server.RaftServerConfigKeys (ConfUtils.java:logGet(46)) - raft.server.log.segment.cache.num.max = 2 (custom)
2024-04-25 19:26:06,480 [485a0214-1e55-4d9f-9e33-2b2fc5076c56-groupManagement] INFO  server.RaftServerConfigKeys (ConfUtils.java:logGet(46)) - raft.server.log.segment.cache.size.max = 200MB (=209715200) (default)
2024-04-25 19:26:06,480 [485a0214-1e55-4d9f-9e33-2b2fc5076c56-groupManagement] INFO  server.RaftServerConfigKeys (ConfUtils.java:logGet(46)) - raft.server.log.appender.buffer.byte-limit = 8388608 (custom)
2024-04-25 19:26:06,480 [485a0214-1e55-4d9f-9e33-2b2fc5076c56-groupManagement] INFO  util.AwaitToRun (AwaitToRun.java:start(81)) - Thread[485a0214-1e55-4d9f-9e33-2b2fc5076c56@group-A2B11DDD0FBC-cacheEviction-AwaitToRun,5,main] started
2024-04-25 19:26:06,480 [485a0214-1e55-4d9f-9e33-2b2fc5076c56-groupManagement] INFO  segmented.SegmentedRaftLogWorker (SegmentedRaftLogWorker.java:<init>(182)) - new 485a0214-1e55-4d9f-9e33-2b2fc5076c56@group-A2B11DDD0FBC-SegmentedRaftLogWorker for RaftStorageImpl:Storage Directory /home/runner/work/ozone/ozone/hadoop-ozone/integration-test/target/test-dir/MiniOzoneClusterImpl-f82f7a4c-b7ce-4bc7-bddc-b4ce9d407ba8/ozone-meta/datanode-8/ratis/f03ee5d3-d86c-4ee0-850c-a2b11ddd0fbc
2024-04-25 19:26:06,480 [485a0214-1e55-4d9f-9e33-2b2fc5076c56-groupManagement] INFO  server.RaftServerConfigKeys (ConfUtils.java:logGet(46)) - raft.server.log.queue.byte-limit = 4294967296 (custom)
2024-04-25 19:26:06,480 [485a0214-1e55-4d9f-9e33-2b2fc5076c56-groupManagement] INFO  server.RaftServerConfigKeys (ConfUtils.java:logGet(46)) - raft.server.log.queue.element-limit = 1024 (custom)
2024-04-25 19:26:06,480 [485a0214-1e55-4d9f-9e33-2b2fc5076c56-groupManagement] INFO  server.RaftServerConfigKeys (ConfUtils.java:logGet(46)) - raft.server.log.segment.size.max = 67108864 (custom)
2024-04-25 19:26:06,480 [485a0214-1e55-4d9f-9e33-2b2fc5076c56-groupManagement] INFO  server.RaftServerConfigKeys (ConfUtils.java:logGet(46)) - raft.server.log.preallocated.size = 4194304 (custom)
2024-04-25 19:26:06,480 [485a0214-1e55-4d9f-9e33-2b2fc5076c56-groupManagement] INFO  server.RaftServerConfigKeys (ConfUtils.java:logGet(46)) - raft.server.log.force.sync.num = 128 (default)
2024-04-25 19:26:06,480 [485a0214-1e55-4d9f-9e33-2b2fc5076c56-groupManagement] INFO  server.RaftServerConfigKeys (ConfUtils.java:logGet(46)) - raft.server.log.statemachine.data.sync = true (default)
2024-04-25 19:26:06,480 [485a0214-1e55-4d9f-9e33-2b2fc5076c56-groupManagement] INFO  server.RaftServerConfigKeys (ConfUtils.java:logGet(46)) - raft.server.log.statemachine.data.sync.timeout = 10s (default)
2024-04-25 19:26:06,481 [485a0214-1e55-4d9f-9e33-2b2fc5076c56-groupManagement] INFO  server.RaftServerConfigKeys (ConfUtils.java:logGet(46)) - raft.server.log.statemachine.data.sync.timeout.retry = 30 (custom)
2024-04-25 19:26:06,482 [485a0214-1e55-4d9f-9e33-2b2fc5076c56-groupManagement] INFO  server.RaftServerConfigKeys (ConfUtils.java:logGet(46)) - raft.server.log.write.buffer.size = 8388616 (custom)
2024-04-25 19:26:06,483 [88efce4d-fc58-43a4-abfe-18a1167c7495-groupManagement] INFO  server.RaftServerConfigKeys (ConfUtils.java:logGet(46)) - raft.server.log.segment.size.max = 67108864 (custom)
2024-04-25 19:26:06,483 [88efce4d-fc58-43a4-abfe-18a1167c7495-groupManagement] INFO  server.RaftServerConfigKeys (ConfUtils.java:logGet(46)) - raft.server.log.segment.cache.num.max = 2 (custom)
2024-04-25 19:26:06,483 [88efce4d-fc58-43a4-abfe-18a1167c7495-groupManagement] INFO  server.RaftServerConfigKeys (ConfUtils.java:logGet(46)) - raft.server.log.segment.cache.size.max = 200MB (=209715200) (default)
2024-04-25 19:26:06,483 [88efce4d-fc58-43a4-abfe-18a1167c7495-groupManagement] INFO  server.RaftServerConfigKeys (ConfUtils.java:logGet(46)) - raft.server.log.appender.buffer.byte-limit = 8388608 (custom)
2024-04-25 19:26:06,483 [485a0214-1e55-4d9f-9e33-2b2fc5076c56-groupManagement] INFO  server.RaftServerConfigKeys (ConfUtils.java:logGet(46)) - raft.server.log.appender.buffer.byte-limit = 8388608 (custom)
2024-04-25 19:26:06,484 [485a0214-1e55-4d9f-9e33-2b2fc5076c56-groupManagement] INFO  server.RaftServerConfigKeys (ConfUtils.java:logGet(46)) - raft.server.log.unsafe-flush.enabled = false (default)
2024-04-25 19:26:06,484 [485a0214-1e55-4d9f-9e33-2b2fc5076c56-groupManagement] INFO  server.RaftServerConfigKeys (ConfUtils.java:logGet(46)) - raft.server.log.async-flush.enabled = false (default)
2024-04-25 19:26:06,484 [485a0214-1e55-4d9f-9e33-2b2fc5076c56-groupManagement] INFO  server.RaftServerConfigKeys (ConfUtils.java:logGet(46)) - raft.server.log.statemachine.data.caching.enabled = true (custom)
2024-04-25 19:26:06,484 [485a0214-1e55-4d9f-9e33-2b2fc5076c56-groupManagement] INFO  segmented.SegmentedRaftLogWorker (SegmentedRaftLogWorker.java:lambda$new$0(134)) - 485a0214-1e55-4d9f-9e33-2b2fc5076c56@group-A2B11DDD0FBC-SegmentedRaftLogWorker: flushIndex: setUnconditionally 0 -> -1
2024-04-25 19:26:06,484 [485a0214-1e55-4d9f-9e33-2b2fc5076c56-groupManagement] INFO  segmented.SegmentedRaftLogWorker (SegmentedRaftLogWorker.java:lambda$new$0(134)) - 485a0214-1e55-4d9f-9e33-2b2fc5076c56@group-A2B11DDD0FBC-SegmentedRaftLogWorker: safeCacheEvictIndex: setUnconditionally 0 -> -1
2024-04-25 19:26:06,484 [88efce4d-fc58-43a4-abfe-18a1167c7495-groupManagement] INFO  util.AwaitToRun (AwaitToRun.java:start(81)) - Thread[88efce4d-fc58-43a4-abfe-18a1167c7495@group-EBC75CBB34F5-cacheEviction-AwaitToRun,5,main] started
2024-04-25 19:26:06,484 [485a0214-1e55-4d9f-9e33-2b2fc5076c56-groupManagement] INFO  server.RaftServer$Division (RaftServerImpl.java:start(396)) - 485a0214-1e55-4d9f-9e33-2b2fc5076c56@group-A2B11DDD0FBC: start as a follower, conf=-1: peers:[485a0214-1e55-4d9f-9e33-2b2fc5076c56|127.0.0.1:15344]|listeners:[], old=null
2024-04-25 19:26:06,484 [485a0214-1e55-4d9f-9e33-2b2fc5076c56-groupManagement] INFO  server.RaftServer$Division (RaftServerImpl.java:setRole(383)) - 485a0214-1e55-4d9f-9e33-2b2fc5076c56@group-A2B11DDD0FBC: changes role from      null to FOLLOWER at term 0 for startAsFollower
2024-04-25 19:26:06,484 [485a0214-1e55-4d9f-9e33-2b2fc5076c56-groupManagement] INFO  impl.RoleInfo (RoleInfo.java:updateAndGet(139)) - 485a0214-1e55-4d9f-9e33-2b2fc5076c56: start 485a0214-1e55-4d9f-9e33-2b2fc5076c56@group-A2B11DDD0FBC-FollowerState
2024-04-25 19:26:06,484 [88efce4d-fc58-43a4-abfe-18a1167c7495-groupManagement] INFO  segmented.SegmentedRaftLogWorker (SegmentedRaftLogWorker.java:<init>(182)) - new 88efce4d-fc58-43a4-abfe-18a1167c7495@group-EBC75CBB34F5-SegmentedRaftLogWorker for RaftStorageImpl:Storage Directory /home/runner/work/ozone/ozone/hadoop-ozone/integration-test/target/test-dir/MiniOzoneClusterImpl-f82f7a4c-b7ce-4bc7-bddc-b4ce9d407ba8/ozone-meta/datanode-9/ratis/bc1db2aa-d5fb-421f-98e2-ebc75cbb34f5
2024-04-25 19:26:06,484 [88efce4d-fc58-43a4-abfe-18a1167c7495-groupManagement] INFO  server.RaftServerConfigKeys (ConfUtils.java:logGet(46)) - raft.server.log.queue.byte-limit = 4294967296 (custom)
2024-04-25 19:26:06,485 [88efce4d-fc58-43a4-abfe-18a1167c7495-groupManagement] INFO  server.RaftServerConfigKeys (ConfUtils.java:logGet(46)) - raft.server.log.queue.element-limit = 1024 (custom)
2024-04-25 19:26:06,485 [88efce4d-fc58-43a4-abfe-18a1167c7495-groupManagement] INFO  server.RaftServerConfigKeys (ConfUtils.java:logGet(46)) - raft.server.log.segment.size.max = 67108864 (custom)
2024-04-25 19:26:06,485 [88efce4d-fc58-43a4-abfe-18a1167c7495-groupManagement] INFO  server.RaftServerConfigKeys (ConfUtils.java:logGet(46)) - raft.server.log.preallocated.size = 4194304 (custom)
2024-04-25 19:26:06,485 [88efce4d-fc58-43a4-abfe-18a1167c7495-groupManagement] INFO  server.RaftServerConfigKeys (ConfUtils.java:logGet(46)) - raft.server.log.force.sync.num = 128 (default)
2024-04-25 19:26:06,485 [88efce4d-fc58-43a4-abfe-18a1167c7495-groupManagement] INFO  server.RaftServerConfigKeys (ConfUtils.java:logGet(46)) - raft.server.log.statemachine.data.sync = true (default)
2024-04-25 19:26:06,485 [88efce4d-fc58-43a4-abfe-18a1167c7495-groupManagement] INFO  server.RaftServerConfigKeys (ConfUtils.java:logGet(46)) - raft.server.log.statemachine.data.sync.timeout = 10s (default)
2024-04-25 19:26:06,485 [88efce4d-fc58-43a4-abfe-18a1167c7495-groupManagement] INFO  server.RaftServerConfigKeys (ConfUtils.java:logGet(46)) - raft.server.log.statemachine.data.sync.timeout.retry = 30 (custom)
2024-04-25 19:26:06,485 [88efce4d-fc58-43a4-abfe-18a1167c7495-groupManagement] INFO  server.RaftServerConfigKeys (ConfUtils.java:logGet(46)) - raft.server.log.write.buffer.size = 8388616 (custom)
2024-04-25 19:26:06,485 [485a0214-1e55-4d9f-9e33-2b2fc5076c56@group-A2B11DDD0FBC-FollowerState] INFO  server.RaftServerConfigKeys (ConfUtils.java:logFallback(53)) - raft.server.rpc.first-election.timeout.min = 5s (fallback to raft.server.rpc.timeout.min)
2024-04-25 19:26:06,485 [485a0214-1e55-4d9f-9e33-2b2fc5076c56-groupManagement] INFO  util.JmxRegister (JmxRegister.java:tryRegister(44)) - Successfully registered JMX Bean with object name Ratis:service=RaftServer,group=group-A2B11DDD0FBC,id=485a0214-1e55-4d9f-9e33-2b2fc5076c56
2024-04-25 19:26:06,485 [485a0214-1e55-4d9f-9e33-2b2fc5076c56@group-A2B11DDD0FBC-FollowerState] INFO  server.RaftServerConfigKeys (ConfUtils.java:logFallback(53)) - raft.server.rpc.first-election.timeout.max = 5200ms (fallback to raft.server.rpc.timeout.max)
2024-04-25 19:26:06,485 [485a0214-1e55-4d9f-9e33-2b2fc5076c56-groupManagement] INFO  server.RaftServerConfigKeys (ConfUtils.java:logGet(46)) - raft.server.snapshot.trigger-when-stop.enabled = true (default)
2024-04-25 19:26:06,485 [485a0214-1e55-4d9f-9e33-2b2fc5076c56-groupManagement] INFO  server.RaftServerConfigKeys (ConfUtils.java:logGet(46)) - raft.server.snapshot.auto.trigger.enabled = true (custom)
2024-04-25 19:26:06,485 [485a0214-1e55-4d9f-9e33-2b2fc5076c56-groupManagement] INFO  server.RaftServerConfigKeys (ConfUtils.java:logGet(46)) - raft.server.snapshot.auto.trigger.threshold = 10000 (custom)
2024-04-25 19:26:06,485 [485a0214-1e55-4d9f-9e33-2b2fc5076c56-groupManagement] INFO  server.RaftServerConfigKeys (ConfUtils.java:logGet(46)) - raft.server.snapshot.retention.file.num = 5 (custom)
2024-04-25 19:26:06,485 [485a0214-1e55-4d9f-9e33-2b2fc5076c56-groupManagement] INFO  server.RaftServerConfigKeys (ConfUtils.java:logGet(46)) - raft.server.log.purge.upto.snapshot.index = false (default)
2024-04-25 19:26:06,486 [485a0214-1e55-4d9f-9e33-2b2fc5076c56-PipelineCommandHandlerThread-0] INFO  ratis.XceiverServerRatis (XceiverServerRatis.java:addGroup(864)) - Created group PipelineID=f03ee5d3-d86c-4ee0-850c-a2b11ddd0fbc
2024-04-25 19:26:06,486 [485a0214-1e55-4d9f-9e33-2b2fc5076c56-PipelineCommandHandlerThread-0] INFO  commandhandler.CreatePipelineCommandHandler (CreatePipelineCommandHandler.java:lambda$handle$2(124)) - Created Pipeline RATIS ONE PipelineID=f03ee5d3-d86c-4ee0-850c-a2b11ddd0fbc.
2024-04-25 19:26:06,487 [485a0214-1e55-4d9f-9e33-2b2fc5076c56-PipelineCommandHandlerThread-0] INFO  server.RaftServer (RaftServerProxy.java:addNew(100)) - 485a0214-1e55-4d9f-9e33-2b2fc5076c56: addNew group-EBC75CBB34F5:[9b9c1a32-defd-4a85-ab56-32b7a12f6bf5|127.0.0.1:15335, 88efce4d-fc58-43a4-abfe-18a1167c7495|127.0.0.1:15353, 485a0214-1e55-4d9f-9e33-2b2fc5076c56|127.0.0.1:15344] returns group-EBC75CBB34F5:java.util.concurrent.CompletableFuture@4b4b2bf2[Not completed]
2024-04-25 19:26:06,487 [88efce4d-fc58-43a4-abfe-18a1167c7495-groupManagement] INFO  server.RaftServerConfigKeys (ConfUtils.java:logGet(46)) - raft.server.log.appender.buffer.byte-limit = 8388608 (custom)
2024-04-25 19:26:06,487 [88efce4d-fc58-43a4-abfe-18a1167c7495-groupManagement] INFO  server.RaftServerConfigKeys (ConfUtils.java:logGet(46)) - raft.server.log.unsafe-flush.enabled = false (default)
2024-04-25 19:26:06,487 [88efce4d-fc58-43a4-abfe-18a1167c7495-groupManagement] INFO  server.RaftServerConfigKeys (ConfUtils.java:logGet(46)) - raft.server.log.async-flush.enabled = false (default)
2024-04-25 19:26:06,487 [88efce4d-fc58-43a4-abfe-18a1167c7495-groupManagement] INFO  server.RaftServerConfigKeys (ConfUtils.java:logGet(46)) - raft.server.log.statemachine.data.caching.enabled = true (custom)
2024-04-25 19:26:06,487 [88efce4d-fc58-43a4-abfe-18a1167c7495-groupManagement] INFO  segmented.SegmentedRaftLogWorker (SegmentedRaftLogWorker.java:lambda$new$0(134)) - 88efce4d-fc58-43a4-abfe-18a1167c7495@group-EBC75CBB34F5-SegmentedRaftLogWorker: flushIndex: setUnconditionally 0 -> -1
2024-04-25 19:26:06,487 [88efce4d-fc58-43a4-abfe-18a1167c7495-groupManagement] INFO  segmented.SegmentedRaftLogWorker (SegmentedRaftLogWorker.java:lambda$new$0(134)) - 88efce4d-fc58-43a4-abfe-18a1167c7495@group-EBC75CBB34F5-SegmentedRaftLogWorker: safeCacheEvictIndex: setUnconditionally 0 -> -1
2024-04-25 19:26:06,488 [485a0214-1e55-4d9f-9e33-2b2fc5076c56-groupManagement] INFO  server.RaftServer$Division (RaftServerImpl.java:<init>(256)) - 485a0214-1e55-4d9f-9e33-2b2fc5076c56: new RaftServerImpl for group-EBC75CBB34F5:[9b9c1a32-defd-4a85-ab56-32b7a12f6bf5|127.0.0.1:15335, 88efce4d-fc58-43a4-abfe-18a1167c7495|127.0.0.1:15353, 485a0214-1e55-4d9f-9e33-2b2fc5076c56|127.0.0.1:15344] with ContainerStateMachine:uninitialized
2024-04-25 19:26:06,488 [485a0214-1e55-4d9f-9e33-2b2fc5076c56-groupManagement] INFO  server.RaftServerConfigKeys (ConfUtils.java:logGet(46)) - raft.server.rpc.timeout.min = 5s (custom)
2024-04-25 19:26:06,488 [485a0214-1e55-4d9f-9e33-2b2fc5076c56-groupManagement] INFO  server.RaftServerConfigKeys (ConfUtils.java:logGet(46)) - raft.server.rpc.timeout.max = 5200ms (custom)
2024-04-25 19:26:06,488 [485a0214-1e55-4d9f-9e33-2b2fc5076c56-groupManagement] INFO  server.RaftServerConfigKeys (ConfUtils.java:logGet(46)) - raft.server.rpc.sleep.time = 25ms (default)
2024-04-25 19:26:06,488 [485a0214-1e55-4d9f-9e33-2b2fc5076c56-groupManagement] INFO  server.RaftServerConfigKeys (ConfUtils.java:logGet(46)) - raft.server.rpc.slowness.timeout = 300000ms (custom)
2024-04-25 19:26:06,488 [485a0214-1e55-4d9f-9e33-2b2fc5076c56-groupManagement] INFO  server.RaftServerConfigKeys (ConfUtils.java:logGet(46)) - raft.server.leaderelection.leader.step-down.wait-time = 10s (default)
2024-04-25 19:26:06,488 [485a0214-1e55-4d9f-9e33-2b2fc5076c56-groupManagement] INFO  server.RaftServerConfigKeys (ConfUtils.java:logGet(46)) - raft.server.leaderelection.member.majority-add = false (default)
2024-04-25 19:26:06,488 [485a0214-1e55-4d9f-9e33-2b2fc5076c56-groupManagement] INFO  server.RaftServerConfigKeys (ConfUtils.java:logGet(46)) - raft.server.sleep.deviation.threshold = 300ms (default)
2024-04-25 19:26:06,488 [485a0214-1e55-4d9f-9e33-2b2fc5076c56-groupManagement] INFO  server.RaftServer$Division (ServerState.java:<init>(113)) - 485a0214-1e55-4d9f-9e33-2b2fc5076c56@group-EBC75CBB34F5: ConfigurationManager, init=-1: peers:[9b9c1a32-defd-4a85-ab56-32b7a12f6bf5|127.0.0.1:15335, 88efce4d-fc58-43a4-abfe-18a1167c7495|127.0.0.1:15353, 485a0214-1e55-4d9f-9e33-2b2fc5076c56|127.0.0.1:15344]|listeners:[], old=null, confs=<EMPTY_MAP>
2024-04-25 19:26:06,488 [485a0214-1e55-4d9f-9e33-2b2fc5076c56-groupManagement] INFO  server.RaftServerConfigKeys (ConfUtils.java:logGet(46)) - raft.server.notification.no-leader.timeout = 300000ms (custom)
2024-04-25 19:26:06,489 [485a0214-1e55-4d9f-9e33-2b2fc5076c56-groupManagement] INFO  server.RaftServerConfigKeys (ConfUtils.java:logGet(46)) - raft.server.read.timeout = 10s (default)
2024-04-25 19:26:06,489 [485a0214-1e55-4d9f-9e33-2b2fc5076c56-groupManagement] INFO  server.RaftServerConfigKeys (ConfUtils.java:logGet(46)) - raft.server.retrycache.expirytime = 600000ms (custom)
2024-04-25 19:26:06,489 [485a0214-1e55-4d9f-9e33-2b2fc5076c56-groupManagement] INFO  server.RaftServerConfigKeys (ConfUtils.java:logGet(46)) - raft.server.retrycache.statistics.expirytime = 100ms (default)
2024-04-25 19:26:06,489 [485a0214-1e55-4d9f-9e33-2b2fc5076c56-groupManagement] INFO  server.RaftServerConfigKeys (ConfUtils.java:logGet(46)) - raft.server.read.option = DEFAULT (default)
2024-04-25 19:26:06,489 [485a0214-1e55-4d9f-9e33-2b2fc5076c56-groupManagement] INFO  server.RaftServerConfigKeys (ConfUtils.java:logGet(46)) - raft.server.read.read-after-write-consistent.write-index-cache.expiry-time = 60s (default)
2024-04-25 19:26:06,492 [88efce4d-fc58-43a4-abfe-18a1167c7495-groupManagement] INFO  server.RaftServer$Division (RaftServerImpl.java:start(396)) - 88efce4d-fc58-43a4-abfe-18a1167c7495@group-EBC75CBB34F5: start as a follower, conf=-1: peers:[9b9c1a32-defd-4a85-ab56-32b7a12f6bf5|127.0.0.1:15335, 88efce4d-fc58-43a4-abfe-18a1167c7495|127.0.0.1:15353, 485a0214-1e55-4d9f-9e33-2b2fc5076c56|127.0.0.1:15344]|listeners:[], old=null
2024-04-25 19:26:06,492 [88efce4d-fc58-43a4-abfe-18a1167c7495-groupManagement] INFO  server.RaftServer$Division (RaftServerImpl.java:setRole(383)) - 88efce4d-fc58-43a4-abfe-18a1167c7495@group-EBC75CBB34F5: changes role from      null to FOLLOWER at term 0 for startAsFollower
2024-04-25 19:26:06,492 [485a0214-1e55-4d9f-9e33-2b2fc5076c56-groupManagement] INFO  server.RaftServerConfigKeys (ConfUtils.java:logGet(46)) - raft.server.rpc.request.timeout = 3000ms (default)
2024-04-25 19:26:06,492 [485a0214-1e55-4d9f-9e33-2b2fc5076c56-groupManagement] INFO  server.RaftServerConfigKeys (ConfUtils.java:logGet(46)) - raft.server.log.appender.install.snapshot.enabled = false (custom)
2024-04-25 19:26:06,492 [485a0214-1e55-4d9f-9e33-2b2fc5076c56-groupManagement] INFO  server.RaftServerConfigKeys (ConfUtils.java:logGet(46)) - raft.server.threadpool.server.cached = true (default)
2024-04-25 19:26:06,492 [485a0214-1e55-4d9f-9e33-2b2fc5076c56-groupManagement] INFO  server.RaftServerConfigKeys (ConfUtils.java:logGet(46)) - raft.server.threadpool.server.size = 0 (default)
2024-04-25 19:26:06,492 [485a0214-1e55-4d9f-9e33-2b2fc5076c56-groupManagement] INFO  server.RaftServerConfigKeys (ConfUtils.java:logGet(46)) - raft.server.threadpool.client.cached = true (default)
2024-04-25 19:26:06,492 [485a0214-1e55-4d9f-9e33-2b2fc5076c56-groupManagement] INFO  server.RaftServerConfigKeys (ConfUtils.java:logGet(46)) - raft.server.threadpool.client.size = 0 (default)
2024-04-25 19:26:06,492 [485a0214-1e55-4d9f-9e33-2b2fc5076c56-groupManagement] INFO  server.RaftServerConfigKeys (ConfUtils.java:logGet(46)) - raft.server.storage.free-space.min = 0MB (=0) (default)
2024-04-25 19:26:06,492 [485a0214-1e55-4d9f-9e33-2b2fc5076c56-groupManagement] INFO  server.RaftServerConfigKeys (ConfUtils.java:logGet(46)) - raft.server.log.corruption.policy = EXCEPTION (default)
2024-04-25 19:26:06,492 [485a0214-1e55-4d9f-9e33-2b2fc5076c56-groupManagement] INFO  server.RaftServerConfigKeys (ConfUtils.java:logGet(46)) - raft.server.storage.dir = [/home/runner/work/ozone/ozone/hadoop-ozone/integration-test/target/test-dir/MiniOzoneClusterImpl-f82f7a4c-b7ce-4bc7-bddc-b4ce9d407ba8/ozone-meta/datanode-8/ratis] (custom)
2024-04-25 19:26:06,492 [88efce4d-fc58-43a4-abfe-18a1167c7495-groupManagement] INFO  impl.RoleInfo (RoleInfo.java:updateAndGet(139)) - 88efce4d-fc58-43a4-abfe-18a1167c7495: start 88efce4d-fc58-43a4-abfe-18a1167c7495@group-EBC75CBB34F5-FollowerState
2024-04-25 19:26:06,493 [485a0214-1e55-4d9f-9e33-2b2fc5076c56-groupManagement] INFO  storage.RaftStorageDirectory (RaftStorageDirectoryImpl.java:analyzeStorage(138)) - The storage directory /home/runner/work/ozone/ozone/hadoop-ozone/integration-test/target/test-dir/MiniOzoneClusterImpl-f82f7a4c-b7ce-4bc7-bddc-b4ce9d407ba8/ozone-meta/datanode-8/ratis/bc1db2aa-d5fb-421f-98e2-ebc75cbb34f5 does not exist. Creating ...
2024-04-25 19:26:06,493 [88efce4d-fc58-43a4-abfe-18a1167c7495-groupManagement] INFO  util.JmxRegister (JmxRegister.java:tryRegister(44)) - Successfully registered JMX Bean with object name Ratis:service=RaftServer,group=group-EBC75CBB34F5,id=88efce4d-fc58-43a4-abfe-18a1167c7495
2024-04-25 19:26:06,493 [88efce4d-fc58-43a4-abfe-18a1167c7495@group-EBC75CBB34F5-FollowerState] INFO  server.RaftServerConfigKeys (ConfUtils.java:logFallback(53)) - raft.server.rpc.first-election.timeout.min = 5s (fallback to raft.server.rpc.timeout.min)
2024-04-25 19:26:06,493 [88efce4d-fc58-43a4-abfe-18a1167c7495@group-EBC75CBB34F5-FollowerState] INFO  server.RaftServerConfigKeys (ConfUtils.java:logFallback(53)) - raft.server.rpc.first-election.timeout.max = 5200ms (fallback to raft.server.rpc.timeout.max)
2024-04-25 19:26:06,493 [88efce4d-fc58-43a4-abfe-18a1167c7495-groupManagement] INFO  server.RaftServerConfigKeys (ConfUtils.java:logGet(46)) - raft.server.snapshot.trigger-when-stop.enabled = true (default)
2024-04-25 19:26:06,493 [88efce4d-fc58-43a4-abfe-18a1167c7495-groupManagement] INFO  server.RaftServerConfigKeys (ConfUtils.java:logGet(46)) - raft.server.snapshot.auto.trigger.enabled = true (custom)
2024-04-25 19:26:06,493 [88efce4d-fc58-43a4-abfe-18a1167c7495-groupManagement] INFO  server.RaftServerConfigKeys (ConfUtils.java:logGet(46)) - raft.server.snapshot.auto.trigger.threshold = 10000 (custom)
2024-04-25 19:26:06,493 [88efce4d-fc58-43a4-abfe-18a1167c7495-groupManagement] INFO  server.RaftServerConfigKeys (ConfUtils.java:logGet(46)) - raft.server.snapshot.retention.file.num = 5 (custom)
2024-04-25 19:26:06,494 [88efce4d-fc58-43a4-abfe-18a1167c7495-groupManagement] INFO  server.RaftServerConfigKeys (ConfUtils.java:logGet(46)) - raft.server.log.purge.upto.snapshot.index = false (default)
2024-04-25 19:26:06,494 [485a0214-1e55-4d9f-9e33-2b2fc5076c56-groupManagement] INFO  storage.RaftStorageDirectory (RaftStorageDirectoryImpl.java:tryLock(228)) - Lock on /home/runner/work/ozone/ozone/hadoop-ozone/integration-test/target/test-dir/MiniOzoneClusterImpl-f82f7a4c-b7ce-4bc7-bddc-b4ce9d407ba8/ozone-meta/datanode-8/ratis/bc1db2aa-d5fb-421f-98e2-ebc75cbb34f5/in_use.lock acquired by nodename 21201@fv-az524-255
2024-04-25 19:26:06,495 [485a0214-1e55-4d9f-9e33-2b2fc5076c56-groupManagement] INFO  storage.RaftStorage (RaftStorageImpl.java:format(99)) - Storage directory /home/runner/work/ozone/ozone/hadoop-ozone/integration-test/target/test-dir/MiniOzoneClusterImpl-f82f7a4c-b7ce-4bc7-bddc-b4ce9d407ba8/ozone-meta/datanode-8/ratis/bc1db2aa-d5fb-421f-98e2-ebc75cbb34f5 has been successfully formatted.
2024-04-25 19:26:06,495 [485a0214-1e55-4d9f-9e33-2b2fc5076c56-groupManagement] WARN  util.FileUtils (LogUtils.java:supplyAndLog(63)) - Failed to Files.newInputStream /home/runner/work/ozone/ozone/hadoop-ozone/integration-test/target/test-dir/MiniOzoneClusterImpl-f82f7a4c-b7ce-4bc7-bddc-b4ce9d407ba8/ozone-meta/datanode-8/ratis/bc1db2aa-d5fb-421f-98e2-ebc75cbb34f5/current/raft-meta.conf with options []: java.nio.file.NoSuchFileException: /home/runner/work/ozone/ozone/hadoop-ozone/integration-test/target/test-dir/MiniOzoneClusterImpl-f82f7a4c-b7ce-4bc7-bddc-b4ce9d407ba8/ozone-meta/datanode-8/ratis/bc1db2aa-d5fb-421f-98e2-ebc75cbb34f5/current/raft-meta.conf
2024-04-25 19:26:06,495 [485a0214-1e55-4d9f-9e33-2b2fc5076c56-groupManagement] INFO  ratis.ContainerStateMachine (ContainerStateMachine.java:loadSnapshot(287)) - group-EBC75CBB34F5: The snapshot info is null. Setting the last applied index to:(t:0, i:~)
2024-04-25 19:26:06,495 [485a0214-1e55-4d9f-9e33-2b2fc5076c56-groupManagement] INFO  server.RaftServerConfigKeys (ConfUtils.java:logGet(46)) - raft.server.log.use.memory = false (default)
2024-04-25 19:26:06,495 [485a0214-1e55-4d9f-9e33-2b2fc5076c56-groupManagement] INFO  server.RaftServerConfigKeys (ConfUtils.java:logGet(46)) - raft.server.log.purge.gap = 1000000 (custom)
2024-04-25 19:26:06,495 [485a0214-1e55-4d9f-9e33-2b2fc5076c56-groupManagement] INFO  server.RaftServerConfigKeys (ConfUtils.java:logGet(46)) - raft.server.log.appender.buffer.byte-limit = 8388608 (custom)
2024-04-25 19:26:06,495 [485a0214-1e55-4d9f-9e33-2b2fc5076c56-groupManagement] INFO  server.RaftServerConfigKeys (ConfUtils.java:logGet(46)) - raft.server.log.statemachine.data.read.timeout = 1000ms (default)
2024-04-25 19:26:06,495 [485a0214-1e55-4d9f-9e33-2b2fc5076c56-groupManagement] INFO  server.RaftServerConfigKeys (ConfUtils.java:logGet(46)) - raft.server.log.purge.preservation.log.num = 0 (default)
2024-04-25 19:26:06,496 [EventQueue-OpenPipelineForHealthyPipelineSafeModeRule] INFO  safemode.SCMSafeModeManager (HealthyPipelineSafeModeRule.java:process(140)) - SCM in safe mode. Healthy pipelines reported count is 0, required healthy pipeline reported count is 1
2024-04-25 19:26:06,497 [485a0214-1e55-4d9f-9e33-2b2fc5076c56-groupManagement] INFO  server.RaftServerConfigKeys (ConfUtils.java:logGet(46)) - raft.server.log.segment.size.max = 67108864 (custom)
2024-04-25 19:26:06,497 [485a0214-1e55-4d9f-9e33-2b2fc5076c56-groupManagement] INFO  server.RaftServerConfigKeys (ConfUtils.java:logGet(46)) - raft.server.log.segment.cache.num.max = 2 (custom)
2024-04-25 19:26:06,497 [485a0214-1e55-4d9f-9e33-2b2fc5076c56-groupManagement] INFO  server.RaftServerConfigKeys (ConfUtils.java:logGet(46)) - raft.server.log.segment.cache.size.max = 200MB (=209715200) (default)
2024-04-25 19:26:06,497 [485a0214-1e55-4d9f-9e33-2b2fc5076c56-groupManagement] INFO  server.RaftServerConfigKeys (ConfUtils.java:logGet(46)) - raft.server.log.appender.buffer.byte-limit = 8388608 (custom)
2024-04-25 19:26:06,500 [485a0214-1e55-4d9f-9e33-2b2fc5076c56-groupManagement] INFO  util.AwaitToRun (AwaitToRun.java:start(81)) - Thread[485a0214-1e55-4d9f-9e33-2b2fc5076c56@group-EBC75CBB34F5-cacheEviction-AwaitToRun,5,main] started
2024-04-25 19:26:06,500 [485a0214-1e55-4d9f-9e33-2b2fc5076c56-groupManagement] INFO  segmented.SegmentedRaftLogWorker (SegmentedRaftLogWorker.java:<init>(182)) - new 485a0214-1e55-4d9f-9e33-2b2fc5076c56@group-EBC75CBB34F5-SegmentedRaftLogWorker for RaftStorageImpl:Storage Directory /home/runner/work/ozone/ozone/hadoop-ozone/integration-test/target/test-dir/MiniOzoneClusterImpl-f82f7a4c-b7ce-4bc7-bddc-b4ce9d407ba8/ozone-meta/datanode-8/ratis/bc1db2aa-d5fb-421f-98e2-ebc75cbb34f5
2024-04-25 19:26:06,500 [485a0214-1e55-4d9f-9e33-2b2fc5076c56-groupManagement] INFO  server.RaftServerConfigKeys (ConfUtils.java:logGet(46)) - raft.server.log.queue.byte-limit = 4294967296 (custom)
2024-04-25 19:26:06,500 [485a0214-1e55-4d9f-9e33-2b2fc5076c56-groupManagement] INFO  server.RaftServerConfigKeys (ConfUtils.java:logGet(46)) - raft.server.log.queue.element-limit = 1024 (custom)
2024-04-25 19:26:06,500 [485a0214-1e55-4d9f-9e33-2b2fc5076c56-groupManagement] INFO  server.RaftServerConfigKeys (ConfUtils.java:logGet(46)) - raft.server.log.segment.size.max = 67108864 (custom)
2024-04-25 19:26:06,500 [485a0214-1e55-4d9f-9e33-2b2fc5076c56-groupManagement] INFO  server.RaftServerConfigKeys (ConfUtils.java:logGet(46)) - raft.server.log.preallocated.size = 4194304 (custom)
2024-04-25 19:26:06,500 [485a0214-1e55-4d9f-9e33-2b2fc5076c56-groupManagement] INFO  server.RaftServerConfigKeys (ConfUtils.java:logGet(46)) - raft.server.log.force.sync.num = 128 (default)
2024-04-25 19:26:06,500 [485a0214-1e55-4d9f-9e33-2b2fc5076c56-groupManagement] INFO  server.RaftServerConfigKeys (ConfUtils.java:logGet(46)) - raft.server.log.statemachine.data.sync = true (default)
2024-04-25 19:26:06,500 [485a0214-1e55-4d9f-9e33-2b2fc5076c56-groupManagement] INFO  server.RaftServerConfigKeys (ConfUtils.java:logGet(46)) - raft.server.log.statemachine.data.sync.timeout = 10s (default)
2024-04-25 19:26:06,500 [485a0214-1e55-4d9f-9e33-2b2fc5076c56-groupManagement] INFO  server.RaftServerConfigKeys (ConfUtils.java:logGet(46)) - raft.server.log.statemachine.data.sync.timeout.retry = 30 (custom)
2024-04-25 19:26:06,500 [485a0214-1e55-4d9f-9e33-2b2fc5076c56-groupManagement] INFO  server.RaftServerConfigKeys (ConfUtils.java:logGet(46)) - raft.server.log.write.buffer.size = 8388616 (custom)
2024-04-25 19:26:06,502 [485a0214-1e55-4d9f-9e33-2b2fc5076c56-groupManagement] INFO  server.RaftServerConfigKeys (ConfUtils.java:logGet(46)) - raft.server.log.appender.buffer.byte-limit = 8388608 (custom)
2024-04-25 19:26:06,502 [485a0214-1e55-4d9f-9e33-2b2fc5076c56-groupManagement] INFO  server.RaftServerConfigKeys (ConfUtils.java:logGet(46)) - raft.server.log.unsafe-flush.enabled = false (default)
2024-04-25 19:26:06,502 [485a0214-1e55-4d9f-9e33-2b2fc5076c56-groupManagement] INFO  server.RaftServerConfigKeys (ConfUtils.java:logGet(46)) - raft.server.log.async-flush.enabled = false (default)
2024-04-25 19:26:06,502 [485a0214-1e55-4d9f-9e33-2b2fc5076c56-groupManagement] INFO  server.RaftServerConfigKeys (ConfUtils.java:logGet(46)) - raft.server.log.statemachine.data.caching.enabled = true (custom)
2024-04-25 19:26:06,502 [485a0214-1e55-4d9f-9e33-2b2fc5076c56-groupManagement] INFO  segmented.SegmentedRaftLogWorker (SegmentedRaftLogWorker.java:lambda$new$0(134)) - 485a0214-1e55-4d9f-9e33-2b2fc5076c56@group-EBC75CBB34F5-SegmentedRaftLogWorker: flushIndex: setUnconditionally 0 -> -1
2024-04-25 19:26:06,502 [485a0214-1e55-4d9f-9e33-2b2fc5076c56-groupManagement] INFO  segmented.SegmentedRaftLogWorker (SegmentedRaftLogWorker.java:lambda$new$0(134)) - 485a0214-1e55-4d9f-9e33-2b2fc5076c56@group-EBC75CBB34F5-SegmentedRaftLogWorker: safeCacheEvictIndex: setUnconditionally 0 -> -1
2024-04-25 19:26:06,505 [485a0214-1e55-4d9f-9e33-2b2fc5076c56-groupManagement] INFO  server.RaftServer$Division (RaftServerImpl.java:start(396)) - 485a0214-1e55-4d9f-9e33-2b2fc5076c56@group-EBC75CBB34F5: start as a follower, conf=-1: peers:[9b9c1a32-defd-4a85-ab56-32b7a12f6bf5|127.0.0.1:15335, 88efce4d-fc58-43a4-abfe-18a1167c7495|127.0.0.1:15353, 485a0214-1e55-4d9f-9e33-2b2fc5076c56|127.0.0.1:15344]|listeners:[], old=null
2024-04-25 19:26:06,505 [485a0214-1e55-4d9f-9e33-2b2fc5076c56-groupManagement] INFO  server.RaftServer$Division (RaftServerImpl.java:setRole(383)) - 485a0214-1e55-4d9f-9e33-2b2fc5076c56@group-EBC75CBB34F5: changes role from      null to FOLLOWER at term 0 for startAsFollower
2024-04-25 19:26:06,505 [485a0214-1e55-4d9f-9e33-2b2fc5076c56-groupManagement] INFO  impl.RoleInfo (RoleInfo.java:updateAndGet(139)) - 485a0214-1e55-4d9f-9e33-2b2fc5076c56: start 485a0214-1e55-4d9f-9e33-2b2fc5076c56@group-EBC75CBB34F5-FollowerState
2024-04-25 19:26:06,508 [485a0214-1e55-4d9f-9e33-2b2fc5076c56-groupManagement] INFO  util.JmxRegister (JmxRegister.java:tryRegister(44)) - Successfully registered JMX Bean with object name Ratis:service=RaftServer,group=group-EBC75CBB34F5,id=485a0214-1e55-4d9f-9e33-2b2fc5076c56
2024-04-25 19:26:06,508 [485a0214-1e55-4d9f-9e33-2b2fc5076c56@group-EBC75CBB34F5-FollowerState] INFO  server.RaftServerConfigKeys (ConfUtils.java:logFallback(53)) - raft.server.rpc.first-election.timeout.min = 5s (fallback to raft.server.rpc.timeout.min)
2024-04-25 19:26:06,508 [485a0214-1e55-4d9f-9e33-2b2fc5076c56-groupManagement] INFO  server.RaftServerConfigKeys (ConfUtils.java:logGet(46)) - raft.server.snapshot.trigger-when-stop.enabled = true (default)
2024-04-25 19:26:06,508 [485a0214-1e55-4d9f-9e33-2b2fc5076c56-groupManagement] INFO  server.RaftServerConfigKeys (ConfUtils.java:logGet(46)) - raft.server.snapshot.auto.trigger.enabled = true (custom)
2024-04-25 19:26:06,508 [485a0214-1e55-4d9f-9e33-2b2fc5076c56-groupManagement] INFO  server.RaftServerConfigKeys (ConfUtils.java:logGet(46)) - raft.server.snapshot.auto.trigger.threshold = 10000 (custom)
2024-04-25 19:26:06,508 [485a0214-1e55-4d9f-9e33-2b2fc5076c56-groupManagement] INFO  server.RaftServerConfigKeys (ConfUtils.java:logGet(46)) - raft.server.snapshot.retention.file.num = 5 (custom)
2024-04-25 19:26:06,508 [485a0214-1e55-4d9f-9e33-2b2fc5076c56-groupManagement] INFO  server.RaftServerConfigKeys (ConfUtils.java:logGet(46)) - raft.server.log.purge.upto.snapshot.index = false (default)
2024-04-25 19:26:06,509 [485a0214-1e55-4d9f-9e33-2b2fc5076c56-PipelineCommandHandlerThread-0] INFO  ratis.XceiverServerRatis (XceiverServerRatis.java:addGroup(864)) - Created group PipelineID=bc1db2aa-d5fb-421f-98e2-ebc75cbb34f5
2024-04-25 19:26:06,511 [9b9c1a32-defd-4a85-ab56-32b7a12f6bf5-PipelineCommandHandlerThread-0] INFO  commandhandler.CreatePipelineCommandHandler (CreatePipelineCommandHandler.java:lambda$handle$2(124)) - Created Pipeline RATIS THREE PipelineID=bc1db2aa-d5fb-421f-98e2-ebc75cbb34f5.
2024-04-25 19:26:06,509 [485a0214-1e55-4d9f-9e33-2b2fc5076c56@group-EBC75CBB34F5-FollowerState] INFO  server.RaftServerConfigKeys (ConfUtils.java:logFallback(53)) - raft.server.rpc.first-election.timeout.max = 5200ms (fallback to raft.server.rpc.timeout.max)
2024-04-25 19:26:06,525 [main] INFO  ozone.MiniOzoneClusterImpl (MiniOzoneClusterImpl.java:lambda$waitForClusterToBeReady$0(194)) - Nodes are ready. Got 9 of 9 DN Heartbeats.
2024-04-25 19:26:06,525 [main] INFO  ozone.MiniOzoneClusterImpl (MiniOzoneClusterImpl.java:lambda$waitForClusterToBeReady$0(197)) - Waiting for cluster to exit safe mode
2024-04-25 19:26:06,525 [main] INFO  ozone.MiniOzoneClusterImpl (MiniOzoneClusterImpl.java:lambda$waitForClusterToBeReady$0(199)) - SCM became leader
2024-04-25 19:26:06,526 [88efce4d-fc58-43a4-abfe-18a1167c7495-PipelineCommandHandlerThread-0] INFO  server.RaftServer (RaftServerProxy.java:addNew(100)) - 88efce4d-fc58-43a4-abfe-18a1167c7495: addNew group-D38DB2E84FBF:[88efce4d-fc58-43a4-abfe-18a1167c7495|127.0.0.1:15353] returns group-D38DB2E84FBF:java.util.concurrent.CompletableFuture@5c0c2c91[Not completed]
2024-04-25 19:26:06,526 [88efce4d-fc58-43a4-abfe-18a1167c7495-groupManagement] INFO  server.RaftServer$Division (RaftServerImpl.java:<init>(256)) - 88efce4d-fc58-43a4-abfe-18a1167c7495: new RaftServerImpl for group-D38DB2E84FBF:[88efce4d-fc58-43a4-abfe-18a1167c7495|127.0.0.1:15353] with ContainerStateMachine:uninitialized
2024-04-25 19:26:06,526 [88efce4d-fc58-43a4-abfe-18a1167c7495-groupManagement] INFO  server.RaftServerConfigKeys (ConfUtils.java:logGet(46)) - raft.server.rpc.timeout.min = 5s (custom)
2024-04-25 19:26:06,526 [88efce4d-fc58-43a4-abfe-18a1167c7495-groupManagement] INFO  server.RaftServerConfigKeys (ConfUtils.java:logGet(46)) - raft.server.rpc.timeout.max = 5200ms (custom)
2024-04-25 19:26:06,526 [88efce4d-fc58-43a4-abfe-18a1167c7495-groupManagement] INFO  server.RaftServerConfigKeys (ConfUtils.java:logGet(46)) - raft.server.rpc.sleep.time = 25ms (default)
2024-04-25 19:26:06,526 [88efce4d-fc58-43a4-abfe-18a1167c7495-groupManagement] INFO  server.RaftServerConfigKeys (ConfUtils.java:logGet(46)) - raft.server.rpc.slowness.timeout = 300000ms (custom)
2024-04-25 19:26:06,527 [88efce4d-fc58-43a4-abfe-18a1167c7495-groupManagement] INFO  server.RaftServerConfigKeys (ConfUtils.java:logGet(46)) - raft.server.leaderelection.leader.step-down.wait-time = 10s (default)
2024-04-25 19:26:06,527 [88efce4d-fc58-43a4-abfe-18a1167c7495-groupManagement] INFO  server.RaftServerConfigKeys (ConfUtils.java:logGet(46)) - raft.server.leaderelection.member.majority-add = false (default)
2024-04-25 19:26:06,527 [88efce4d-fc58-43a4-abfe-18a1167c7495-groupManagement] INFO  server.RaftServerConfigKeys (ConfUtils.java:logGet(46)) - raft.server.sleep.deviation.threshold = 300ms (default)
2024-04-25 19:26:06,527 [88efce4d-fc58-43a4-abfe-18a1167c7495-groupManagement] INFO  server.RaftServer$Division (ServerState.java:<init>(113)) - 88efce4d-fc58-43a4-abfe-18a1167c7495@group-D38DB2E84FBF: ConfigurationManager, init=-1: peers:[88efce4d-fc58-43a4-abfe-18a1167c7495|127.0.0.1:15353]|listeners:[], old=null, confs=<EMPTY_MAP>
2024-04-25 19:26:06,527 [88efce4d-fc58-43a4-abfe-18a1167c7495-groupManagement] INFO  server.RaftServerConfigKeys (ConfUtils.java:logGet(46)) - raft.server.notification.no-leader.timeout = 300000ms (custom)
2024-04-25 19:26:06,527 [88efce4d-fc58-43a4-abfe-18a1167c7495-groupManagement] INFO  server.RaftServerConfigKeys (ConfUtils.java:logGet(46)) - raft.server.read.timeout = 10s (default)
2024-04-25 19:26:06,527 [88efce4d-fc58-43a4-abfe-18a1167c7495-groupManagement] INFO  server.RaftServerConfigKeys (ConfUtils.java:logGet(46)) - raft.server.retrycache.expirytime = 600000ms (custom)
2024-04-25 19:26:06,527 [88efce4d-fc58-43a4-abfe-18a1167c7495-groupManagement] INFO  server.RaftServerConfigKeys (ConfUtils.java:logGet(46)) - raft.server.retrycache.statistics.expirytime = 100ms (default)
2024-04-25 19:26:06,527 [88efce4d-fc58-43a4-abfe-18a1167c7495-groupManagement] INFO  server.RaftServerConfigKeys (ConfUtils.java:logGet(46)) - raft.server.read.option = DEFAULT (default)
2024-04-25 19:26:06,527 [88efce4d-fc58-43a4-abfe-18a1167c7495-groupManagement] INFO  server.RaftServerConfigKeys (ConfUtils.java:logGet(46)) - raft.server.read.read-after-write-consistent.write-index-cache.expiry-time = 60s (default)
2024-04-25 19:26:06,528 [485a0214-1e55-4d9f-9e33-2b2fc5076c56-PipelineCommandHandlerThread-0] INFO  commandhandler.CreatePipelineCommandHandler (CreatePipelineCommandHandler.java:lambda$handle$2(124)) - Created Pipeline RATIS THREE PipelineID=bc1db2aa-d5fb-421f-98e2-ebc75cbb34f5.
2024-04-25 19:26:06,529 [88efce4d-fc58-43a4-abfe-18a1167c7495-groupManagement] INFO  server.RaftServerConfigKeys (ConfUtils.java:logGet(46)) - raft.server.rpc.request.timeout = 3000ms (default)
2024-04-25 19:26:06,529 [88efce4d-fc58-43a4-abfe-18a1167c7495-groupManagement] INFO  server.RaftServerConfigKeys (ConfUtils.java:logGet(46)) - raft.server.log.appender.install.snapshot.enabled = false (custom)
2024-04-25 19:26:06,529 [88efce4d-fc58-43a4-abfe-18a1167c7495-groupManagement] INFO  server.RaftServerConfigKeys (ConfUtils.java:logGet(46)) - raft.server.threadpool.server.cached = true (default)
2024-04-25 19:26:06,529 [88efce4d-fc58-43a4-abfe-18a1167c7495-groupManagement] INFO  server.RaftServerConfigKeys (ConfUtils.java:logGet(46)) - raft.server.threadpool.server.size = 0 (default)
2024-04-25 19:26:06,529 [88efce4d-fc58-43a4-abfe-18a1167c7495-groupManagement] INFO  server.RaftServerConfigKeys (ConfUtils.java:logGet(46)) - raft.server.threadpool.client.cached = true (default)
2024-04-25 19:26:06,529 [88efce4d-fc58-43a4-abfe-18a1167c7495-groupManagement] INFO  server.RaftServerConfigKeys (ConfUtils.java:logGet(46)) - raft.server.threadpool.client.size = 0 (default)
2024-04-25 19:26:06,529 [88efce4d-fc58-43a4-abfe-18a1167c7495-groupManagement] INFO  server.RaftServerConfigKeys (ConfUtils.java:logGet(46)) - raft.server.storage.free-space.min = 0MB (=0) (default)
2024-04-25 19:26:06,529 [88efce4d-fc58-43a4-abfe-18a1167c7495-groupManagement] INFO  server.RaftServerConfigKeys (ConfUtils.java:logGet(46)) - raft.server.log.corruption.policy = EXCEPTION (default)
2024-04-25 19:26:06,529 [88efce4d-fc58-43a4-abfe-18a1167c7495-groupManagement] INFO  server.RaftServerConfigKeys (ConfUtils.java:logGet(46)) - raft.server.storage.dir = [/home/runner/work/ozone/ozone/hadoop-ozone/integration-test/target/test-dir/MiniOzoneClusterImpl-f82f7a4c-b7ce-4bc7-bddc-b4ce9d407ba8/ozone-meta/datanode-9/ratis] (custom)
2024-04-25 19:26:06,529 [88efce4d-fc58-43a4-abfe-18a1167c7495-groupManagement] INFO  storage.RaftStorageDirectory (RaftStorageDirectoryImpl.java:analyzeStorage(138)) - The storage directory /home/runner/work/ozone/ozone/hadoop-ozone/integration-test/target/test-dir/MiniOzoneClusterImpl-f82f7a4c-b7ce-4bc7-bddc-b4ce9d407ba8/ozone-meta/datanode-9/ratis/42b9784e-f8ef-41c8-b54e-d38db2e84fbf does not exist. Creating ...
2024-04-25 19:26:06,530 [88efce4d-fc58-43a4-abfe-18a1167c7495-groupManagement] INFO  storage.RaftStorageDirectory (RaftStorageDirectoryImpl.java:tryLock(228)) - Lock on /home/runner/work/ozone/ozone/hadoop-ozone/integration-test/target/test-dir/MiniOzoneClusterImpl-f82f7a4c-b7ce-4bc7-bddc-b4ce9d407ba8/ozone-meta/datanode-9/ratis/42b9784e-f8ef-41c8-b54e-d38db2e84fbf/in_use.lock acquired by nodename 21201@fv-az524-255
2024-04-25 19:26:06,531 [88efce4d-fc58-43a4-abfe-18a1167c7495-groupManagement] INFO  storage.RaftStorage (RaftStorageImpl.java:format(99)) - Storage directory /home/runner/work/ozone/ozone/hadoop-ozone/integration-test/target/test-dir/MiniOzoneClusterImpl-f82f7a4c-b7ce-4bc7-bddc-b4ce9d407ba8/ozone-meta/datanode-9/ratis/42b9784e-f8ef-41c8-b54e-d38db2e84fbf has been successfully formatted.
2024-04-25 19:26:06,531 [88efce4d-fc58-43a4-abfe-18a1167c7495-groupManagement] WARN  util.FileUtils (LogUtils.java:supplyAndLog(63)) - Failed to Files.newInputStream /home/runner/work/ozone/ozone/hadoop-ozone/integration-test/target/test-dir/MiniOzoneClusterImpl-f82f7a4c-b7ce-4bc7-bddc-b4ce9d407ba8/ozone-meta/datanode-9/ratis/42b9784e-f8ef-41c8-b54e-d38db2e84fbf/current/raft-meta.conf with options []: java.nio.file.NoSuchFileException: /home/runner/work/ozone/ozone/hadoop-ozone/integration-test/target/test-dir/MiniOzoneClusterImpl-f82f7a4c-b7ce-4bc7-bddc-b4ce9d407ba8/ozone-meta/datanode-9/ratis/42b9784e-f8ef-41c8-b54e-d38db2e84fbf/current/raft-meta.conf
2024-04-25 19:26:06,531 [88efce4d-fc58-43a4-abfe-18a1167c7495-groupManagement] INFO  ratis.ContainerStateMachine (ContainerStateMachine.java:loadSnapshot(287)) - group-D38DB2E84FBF: The snapshot info is null. Setting the last applied index to:(t:0, i:~)
2024-04-25 19:26:06,531 [88efce4d-fc58-43a4-abfe-18a1167c7495-groupManagement] INFO  server.RaftServerConfigKeys (ConfUtils.java:logGet(46)) - raft.server.log.use.memory = false (default)
2024-04-25 19:26:06,532 [88efce4d-fc58-43a4-abfe-18a1167c7495-groupManagement] INFO  server.RaftServerConfigKeys (ConfUtils.java:logGet(46)) - raft.server.log.purge.gap = 1000000 (custom)
2024-04-25 19:26:06,532 [88efce4d-fc58-43a4-abfe-18a1167c7495-groupManagement] INFO  server.RaftServerConfigKeys (ConfUtils.java:logGet(46)) - raft.server.log.appender.buffer.byte-limit = 8388608 (custom)
2024-04-25 19:26:06,532 [88efce4d-fc58-43a4-abfe-18a1167c7495-groupManagement] INFO  server.RaftServerConfigKeys (ConfUtils.java:logGet(46)) - raft.server.log.statemachine.data.read.timeout = 1000ms (default)
2024-04-25 19:26:06,532 [88efce4d-fc58-43a4-abfe-18a1167c7495-groupManagement] INFO  server.RaftServerConfigKeys (ConfUtils.java:logGet(46)) - raft.server.log.purge.preservation.log.num = 0 (default)
2024-04-25 19:26:06,533 [EventQueue-PipelineReportForPipelineReportHandler] INFO  pipeline.PipelineReportHandler (PipelineReportHandler.java:processPipelineReport(136)) - Opened pipeline PipelineID=42b9784e-f8ef-41c8-b54e-d38db2e84fbf
2024-04-25 19:26:06,533 [EventQueue-OpenPipelineForHealthyPipelineSafeModeRule] INFO  safemode.SCMSafeModeManager (HealthyPipelineSafeModeRule.java:process(140)) - SCM in safe mode. Healthy pipelines reported count is 0, required healthy pipeline reported count is 1
2024-04-25 19:26:06,533 [88efce4d-fc58-43a4-abfe-18a1167c7495-groupManagement] INFO  server.RaftServerConfigKeys (ConfUtils.java:logGet(46)) - raft.server.log.segment.size.max = 67108864 (custom)
2024-04-25 19:26:06,533 [88efce4d-fc58-43a4-abfe-18a1167c7495-groupManagement] INFO  server.RaftServerConfigKeys (ConfUtils.java:logGet(46)) - raft.server.log.segment.cache.num.max = 2 (custom)
2024-04-25 19:26:06,534 [88efce4d-fc58-43a4-abfe-18a1167c7495-groupManagement] INFO  server.RaftServerConfigKeys (ConfUtils.java:logGet(46)) - raft.server.log.segment.cache.size.max = 200MB (=209715200) (default)
2024-04-25 19:26:06,534 [88efce4d-fc58-43a4-abfe-18a1167c7495-groupManagement] INFO  server.RaftServerConfigKeys (ConfUtils.java:logGet(46)) - raft.server.log.appender.buffer.byte-limit = 8388608 (custom)
2024-04-25 19:26:06,534 [88efce4d-fc58-43a4-abfe-18a1167c7495-groupManagement] INFO  util.AwaitToRun (AwaitToRun.java:start(81)) - Thread[88efce4d-fc58-43a4-abfe-18a1167c7495@group-D38DB2E84FBF-cacheEviction-AwaitToRun,5,main] started
2024-04-25 19:26:06,534 [88efce4d-fc58-43a4-abfe-18a1167c7495-groupManagement] INFO  segmented.SegmentedRaftLogWorker (SegmentedRaftLogWorker.java:<init>(182)) - new 88efce4d-fc58-43a4-abfe-18a1167c7495@group-D38DB2E84FBF-SegmentedRaftLogWorker for RaftStorageImpl:Storage Directory /home/runner/work/ozone/ozone/hadoop-ozone/integration-test/target/test-dir/MiniOzoneClusterImpl-f82f7a4c-b7ce-4bc7-bddc-b4ce9d407ba8/ozone-meta/datanode-9/ratis/42b9784e-f8ef-41c8-b54e-d38db2e84fbf
2024-04-25 19:26:06,534 [88efce4d-fc58-43a4-abfe-18a1167c7495-groupManagement] INFO  server.RaftServerConfigKeys (ConfUtils.java:logGet(46)) - raft.server.log.queue.byte-limit = 4294967296 (custom)
2024-04-25 19:26:06,534 [88efce4d-fc58-43a4-abfe-18a1167c7495-groupManagement] INFO  server.RaftServerConfigKeys (ConfUtils.java:logGet(46)) - raft.server.log.queue.element-limit = 1024 (custom)
2024-04-25 19:26:06,534 [88efce4d-fc58-43a4-abfe-18a1167c7495-groupManagement] INFO  server.RaftServerConfigKeys (ConfUtils.java:logGet(46)) - raft.server.log.segment.size.max = 67108864 (custom)
2024-04-25 19:26:06,534 [88efce4d-fc58-43a4-abfe-18a1167c7495-groupManagement] INFO  server.RaftServerConfigKeys (ConfUtils.java:logGet(46)) - raft.server.log.preallocated.size = 4194304 (custom)
2024-04-25 19:26:06,534 [88efce4d-fc58-43a4-abfe-18a1167c7495-groupManagement] INFO  server.RaftServerConfigKeys (ConfUtils.java:logGet(46)) - raft.server.log.force.sync.num = 128 (default)
2024-04-25 19:26:06,534 [88efce4d-fc58-43a4-abfe-18a1167c7495-groupManagement] INFO  server.RaftServerConfigKeys (ConfUtils.java:logGet(46)) - raft.server.log.statemachine.data.sync = true (default)
2024-04-25 19:26:06,534 [88efce4d-fc58-43a4-abfe-18a1167c7495-groupManagement] INFO  server.RaftServerConfigKeys (ConfUtils.java:logGet(46)) - raft.server.log.statemachine.data.sync.timeout = 10s (default)
2024-04-25 19:26:06,534 [88efce4d-fc58-43a4-abfe-18a1167c7495-groupManagement] INFO  server.RaftServerConfigKeys (ConfUtils.java:logGet(46)) - raft.server.log.statemachine.data.sync.timeout.retry = 30 (custom)
2024-04-25 19:26:06,535 [88efce4d-fc58-43a4-abfe-18a1167c7495-groupManagement] INFO  server.RaftServerConfigKeys (ConfUtils.java:logGet(46)) - raft.server.log.write.buffer.size = 8388616 (custom)
2024-04-25 19:26:06,536 [88efce4d-fc58-43a4-abfe-18a1167c7495-groupManagement] INFO  server.RaftServerConfigKeys (ConfUtils.java:logGet(46)) - raft.server.log.appender.buffer.byte-limit = 8388608 (custom)
2024-04-25 19:26:06,536 [88efce4d-fc58-43a4-abfe-18a1167c7495-groupManagement] INFO  server.RaftServerConfigKeys (ConfUtils.java:logGet(46)) - raft.server.log.unsafe-flush.enabled = false (default)
2024-04-25 19:26:06,536 [88efce4d-fc58-43a4-abfe-18a1167c7495-groupManagement] INFO  server.RaftServerConfigKeys (ConfUtils.java:logGet(46)) - raft.server.log.async-flush.enabled = false (default)
2024-04-25 19:26:06,536 [88efce4d-fc58-43a4-abfe-18a1167c7495-groupManagement] INFO  server.RaftServerConfigKeys (ConfUtils.java:logGet(46)) - raft.server.log.statemachine.data.caching.enabled = true (custom)
2024-04-25 19:26:06,536 [88efce4d-fc58-43a4-abfe-18a1167c7495-groupManagement] INFO  segmented.SegmentedRaftLogWorker (SegmentedRaftLogWorker.java:lambda$new$0(134)) - 88efce4d-fc58-43a4-abfe-18a1167c7495@group-D38DB2E84FBF-SegmentedRaftLogWorker: flushIndex: setUnconditionally 0 -> -1
2024-04-25 19:26:06,536 [88efce4d-fc58-43a4-abfe-18a1167c7495-groupManagement] INFO  segmented.SegmentedRaftLogWorker (SegmentedRaftLogWorker.java:lambda$new$0(134)) - 88efce4d-fc58-43a4-abfe-18a1167c7495@group-D38DB2E84FBF-SegmentedRaftLogWorker: safeCacheEvictIndex: setUnconditionally 0 -> -1
2024-04-25 19:26:06,536 [88efce4d-fc58-43a4-abfe-18a1167c7495-groupManagement] INFO  server.RaftServer$Division (RaftServerImpl.java:start(396)) - 88efce4d-fc58-43a4-abfe-18a1167c7495@group-D38DB2E84FBF: start as a follower, conf=-1: peers:[88efce4d-fc58-43a4-abfe-18a1167c7495|127.0.0.1:15353]|listeners:[], old=null
2024-04-25 19:26:06,536 [88efce4d-fc58-43a4-abfe-18a1167c7495-groupManagement] INFO  server.RaftServer$Division (RaftServerImpl.java:setRole(383)) - 88efce4d-fc58-43a4-abfe-18a1167c7495@group-D38DB2E84FBF: changes role from      null to FOLLOWER at term 0 for startAsFollower
2024-04-25 19:26:06,536 [88efce4d-fc58-43a4-abfe-18a1167c7495-groupManagement] INFO  impl.RoleInfo (RoleInfo.java:updateAndGet(139)) - 88efce4d-fc58-43a4-abfe-18a1167c7495: start 88efce4d-fc58-43a4-abfe-18a1167c7495@group-D38DB2E84FBF-FollowerState
2024-04-25 19:26:06,537 [88efce4d-fc58-43a4-abfe-18a1167c7495-groupManagement] INFO  util.JmxRegister (JmxRegister.java:tryRegister(44)) - Successfully registered JMX Bean with object name Ratis:service=RaftServer,group=group-D38DB2E84FBF,id=88efce4d-fc58-43a4-abfe-18a1167c7495
2024-04-25 19:26:06,537 [88efce4d-fc58-43a4-abfe-18a1167c7495-groupManagement] INFO  server.RaftServerConfigKeys (ConfUtils.java:logGet(46)) - raft.server.snapshot.trigger-when-stop.enabled = true (default)
2024-04-25 19:26:06,537 [88efce4d-fc58-43a4-abfe-18a1167c7495-groupManagement] INFO  server.RaftServerConfigKeys (ConfUtils.java:logGet(46)) - raft.server.snapshot.auto.trigger.enabled = true (custom)
2024-04-25 19:26:06,537 [88efce4d-fc58-43a4-abfe-18a1167c7495-groupManagement] INFO  server.RaftServerConfigKeys (ConfUtils.java:logGet(46)) - raft.server.snapshot.auto.trigger.threshold = 10000 (custom)
2024-04-25 19:26:06,537 [88efce4d-fc58-43a4-abfe-18a1167c7495-groupManagement] INFO  server.RaftServerConfigKeys (ConfUtils.java:logGet(46)) - raft.server.snapshot.retention.file.num = 5 (custom)
2024-04-25 19:26:06,537 [88efce4d-fc58-43a4-abfe-18a1167c7495-groupManagement] INFO  server.RaftServerConfigKeys (ConfUtils.java:logGet(46)) - raft.server.log.purge.upto.snapshot.index = false (default)
2024-04-25 19:26:06,537 [88efce4d-fc58-43a4-abfe-18a1167c7495@group-D38DB2E84FBF-FollowerState] INFO  server.RaftServerConfigKeys (ConfUtils.java:logFallback(53)) - raft.server.rpc.first-election.timeout.min = 5s (fallback to raft.server.rpc.timeout.min)
2024-04-25 19:26:06,537 [88efce4d-fc58-43a4-abfe-18a1167c7495@group-D38DB2E84FBF-FollowerState] INFO  server.RaftServerConfigKeys (ConfUtils.java:logFallback(53)) - raft.server.rpc.first-election.timeout.max = 5200ms (fallback to raft.server.rpc.timeout.max)
2024-04-25 19:26:06,540 [88efce4d-fc58-43a4-abfe-18a1167c7495-PipelineCommandHandlerThread-0] INFO  ratis.XceiverServerRatis (XceiverServerRatis.java:addGroup(864)) - Created group PipelineID=42b9784e-f8ef-41c8-b54e-d38db2e84fbf
2024-04-25 19:26:06,540 [88efce4d-fc58-43a4-abfe-18a1167c7495-PipelineCommandHandlerThread-0] INFO  commandhandler.CreatePipelineCommandHandler (CreatePipelineCommandHandler.java:lambda$handle$2(124)) - Created Pipeline RATIS ONE PipelineID=42b9784e-f8ef-41c8-b54e-d38db2e84fbf.
2024-04-25 19:26:07,525 [main] INFO  ozone.MiniOzoneClusterImpl (MiniOzoneClusterImpl.java:lambda$waitForClusterToBeReady$0(194)) - Nodes are ready. Got 9 of 9 DN Heartbeats.
2024-04-25 19:26:07,525 [main] INFO  ozone.MiniOzoneClusterImpl (MiniOzoneClusterImpl.java:lambda$waitForClusterToBeReady$0(197)) - Waiting for cluster to exit safe mode
2024-04-25 19:26:07,525 [main] INFO  ozone.MiniOzoneClusterImpl (MiniOzoneClusterImpl.java:lambda$waitForClusterToBeReady$0(199)) - SCM became leader
2024-04-25 19:26:08,526 [main] INFO  ozone.MiniOzoneClusterImpl (MiniOzoneClusterImpl.java:lambda$waitForClusterToBeReady$0(194)) - Nodes are ready. Got 9 of 9 DN Heartbeats.
2024-04-25 19:26:08,526 [main] INFO  ozone.MiniOzoneClusterImpl (MiniOzoneClusterImpl.java:lambda$waitForClusterToBeReady$0(197)) - Waiting for cluster to exit safe mode
2024-04-25 19:26:08,526 [main] INFO  ozone.MiniOzoneClusterImpl (MiniOzoneClusterImpl.java:lambda$waitForClusterToBeReady$0(199)) - SCM became leader
2024-04-25 19:26:09,526 [main] INFO  ozone.MiniOzoneClusterImpl (MiniOzoneClusterImpl.java:lambda$waitForClusterToBeReady$0(194)) - Nodes are ready. Got 9 of 9 DN Heartbeats.
2024-04-25 19:26:09,526 [main] INFO  ozone.MiniOzoneClusterImpl (MiniOzoneClusterImpl.java:lambda$waitForClusterToBeReady$0(197)) - Waiting for cluster to exit safe mode
2024-04-25 19:26:09,527 [main] INFO  ozone.MiniOzoneClusterImpl (MiniOzoneClusterImpl.java:lambda$waitForClusterToBeReady$0(199)) - SCM became leader
2024-04-25 19:26:10,527 [main] INFO  ozone.MiniOzoneClusterImpl (MiniOzoneClusterImpl.java:lambda$waitForClusterToBeReady$0(194)) - Nodes are ready. Got 9 of 9 DN Heartbeats.
2024-04-25 19:26:10,527 [main] INFO  ozone.MiniOzoneClusterImpl (MiniOzoneClusterImpl.java:lambda$waitForClusterToBeReady$0(197)) - Waiting for cluster to exit safe mode
2024-04-25 19:26:10,527 [main] INFO  ozone.MiniOzoneClusterImpl (MiniOzoneClusterImpl.java:lambda$waitForClusterToBeReady$0(199)) - SCM became leader
2024-04-25 19:26:11,187 [023363e8-92b8-4e04-85cd-0caf25b811fc@group-6FB570E975EE-FollowerState] INFO  impl.FollowerState (FollowerState.java:run(143)) - 023363e8-92b8-4e04-85cd-0caf25b811fc@group-6FB570E975EE-FollowerState: change to CANDIDATE, lastRpcElapsedTime:5031586782ns, electionTimeout:5031ms
2024-04-25 19:26:11,187 [023363e8-92b8-4e04-85cd-0caf25b811fc@group-6FB570E975EE-FollowerState] INFO  impl.RoleInfo (RoleInfo.java:shutdownFollowerState(110)) - 023363e8-92b8-4e04-85cd-0caf25b811fc: shutdown 023363e8-92b8-4e04-85cd-0caf25b811fc@group-6FB570E975EE-FollowerState
2024-04-25 19:26:11,187 [023363e8-92b8-4e04-85cd-0caf25b811fc@group-6FB570E975EE-FollowerState] INFO  server.RaftServer$Division (RaftServerImpl.java:setRole(383)) - 023363e8-92b8-4e04-85cd-0caf25b811fc@group-6FB570E975EE: changes role from  FOLLOWER to CANDIDATE at term 0 for changeToCandidate
2024-04-25 19:26:11,188 [023363e8-92b8-4e04-85cd-0caf25b811fc@group-6FB570E975EE-FollowerState] INFO  server.RaftServerConfigKeys (ConfUtils.java:logGet(46)) - raft.server.leaderelection.pre-vote = true (default)
2024-04-25 19:26:11,188 [023363e8-92b8-4e04-85cd-0caf25b811fc@group-6FB570E975EE-FollowerState] INFO  impl.RoleInfo (RoleInfo.java:updateAndGet(139)) - 023363e8-92b8-4e04-85cd-0caf25b811fc: start 023363e8-92b8-4e04-85cd-0caf25b811fc@group-6FB570E975EE-LeaderElection49
2024-04-25 19:26:11,188 [023363e8-92b8-4e04-85cd-0caf25b811fc@group-6FB570E975EE-LeaderElection49] INFO  impl.LeaderElection (LeaderElection.java:askForVotes(321)) - 023363e8-92b8-4e04-85cd-0caf25b811fc@group-6FB570E975EE-LeaderElection49 PRE_VOTE round 0: submit vote requests at term 0 for -1: peers:[023363e8-92b8-4e04-85cd-0caf25b811fc|127.0.0.1:15290]|listeners:[], old=null
2024-04-25 19:26:11,188 [023363e8-92b8-4e04-85cd-0caf25b811fc@group-6FB570E975EE-LeaderElection49] INFO  impl.LeaderElection (LeaderElection.java:askForVotes(323)) - 023363e8-92b8-4e04-85cd-0caf25b811fc@group-6FB570E975EE-LeaderElection49 PRE_VOTE round 0: result PASSED (term=0)
2024-04-25 19:26:11,190 [023363e8-92b8-4e04-85cd-0caf25b811fc@group-6FB570E975EE-LeaderElection49] INFO  impl.LeaderElection (LeaderElection.java:askForVotes(321)) - 023363e8-92b8-4e04-85cd-0caf25b811fc@group-6FB570E975EE-LeaderElection49 ELECTION round 0: submit vote requests at term 1 for -1: peers:[023363e8-92b8-4e04-85cd-0caf25b811fc|127.0.0.1:15290]|listeners:[], old=null
2024-04-25 19:26:11,190 [023363e8-92b8-4e04-85cd-0caf25b811fc@group-6FB570E975EE-LeaderElection49] INFO  impl.LeaderElection (LeaderElection.java:askForVotes(323)) - 023363e8-92b8-4e04-85cd-0caf25b811fc@group-6FB570E975EE-LeaderElection49 ELECTION round 0: result PASSED (term=1)
2024-04-25 19:26:11,190 [023363e8-92b8-4e04-85cd-0caf25b811fc@group-6FB570E975EE-LeaderElection49] INFO  impl.RoleInfo (RoleInfo.java:shutdownLeaderElection(130)) - 023363e8-92b8-4e04-85cd-0caf25b811fc: shutdown 023363e8-92b8-4e04-85cd-0caf25b811fc@group-6FB570E975EE-LeaderElection49
2024-04-25 19:26:11,190 [023363e8-92b8-4e04-85cd-0caf25b811fc@group-6FB570E975EE-LeaderElection49] INFO  server.RaftServer$Division (RaftServerImpl.java:setRole(383)) - 023363e8-92b8-4e04-85cd-0caf25b811fc@group-6FB570E975EE: changes role from CANDIDATE to LEADER at term 1 for changeToLeader
2024-04-25 19:26:11,190 [023363e8-92b8-4e04-85cd-0caf25b811fc@group-6FB570E975EE-LeaderElection49] INFO  server.RaftServerConfigKeys (ConfUtils.java:logGet(46)) - raft.server.staging.catchup.gap = 1000 (default)
2024-04-25 19:26:11,190 [023363e8-92b8-4e04-85cd-0caf25b811fc@group-6FB570E975EE-LeaderElection49] INFO  server.RaftServerConfigKeys (ConfUtils.java:logGet(46)) - raft.server.write.element-limit = 1024 (custom)
2024-04-25 19:26:11,190 [023363e8-92b8-4e04-85cd-0caf25b811fc@group-6FB570E975EE-LeaderElection49] INFO  server.RaftServerConfigKeys (ConfUtils.java:logGet(46)) - raft.server.write.byte-limit = 1024 M (=1073741824) (custom)
2024-04-25 19:26:11,191 [023363e8-92b8-4e04-85cd-0caf25b811fc@group-6FB570E975EE-LeaderElection49] INFO  server.RaftServerConfigKeys (ConfUtils.java:logGet(46)) - raft.server.watch.timeout = 3000ms (custom)
2024-04-25 19:26:11,191 [023363e8-92b8-4e04-85cd-0caf25b811fc@group-6FB570E975EE-LeaderElection49] INFO  server.RaftServerConfigKeys (ConfUtils.java:logGet(46)) - raft.server.watch.timeout.denomination = 1s (default)
2024-04-25 19:26:11,191 [023363e8-92b8-4e04-85cd-0caf25b811fc@group-6FB570E975EE-LeaderElection49] INFO  server.RaftServerConfigKeys (ConfUtils.java:logGet(46)) - raft.server.watch.element-limit = 65536 (default)
2024-04-25 19:26:11,191 [023363e8-92b8-4e04-85cd-0caf25b811fc@group-6FB570E975EE-LeaderElection49] INFO  server.RaftServerConfigKeys (ConfUtils.java:logGet(46)) - raft.server.read.leader.lease.enabled = false (default)
2024-04-25 19:26:11,191 [023363e8-92b8-4e04-85cd-0caf25b811fc@group-6FB570E975EE-LeaderElection49] INFO  server.RaftServerConfigKeys (ConfUtils.java:logGet(46)) - raft.server.read.leader.lease.timeout.ratio = 0.9 (default)
2024-04-25 19:26:11,191 [023363e8-92b8-4e04-85cd-0caf25b811fc@group-6FB570E975EE-LeaderElection49] INFO  server.RaftServerConfigKeys (ConfUtils.java:logGet(46)) - raft.server.rpc.timeout.min = 5s (custom)
2024-04-25 19:26:11,191 [023363e8-92b8-4e04-85cd-0caf25b811fc@group-6FB570E975EE-LeaderElection49] INFO  server.RaftServerConfigKeys (ConfUtils.java:logGet(46)) - raft.server.write.element-limit = 1024 (custom)
2024-04-25 19:26:11,191 [023363e8-92b8-4e04-85cd-0caf25b811fc@group-6FB570E975EE-LeaderElection49] INFO  server.RaftServerConfigKeys (ConfUtils.java:logGet(46)) - raft.server.write.follower.gap.ratio.max = -1.0 (default)
2024-04-25 19:26:11,191 [023363e8-92b8-4e04-85cd-0caf25b811fc@group-6FB570E975EE-LeaderElection49] INFO  impl.RoleInfo (RoleInfo.java:updateAndGet(139)) - 023363e8-92b8-4e04-85cd-0caf25b811fc: start 023363e8-92b8-4e04-85cd-0caf25b811fc@group-6FB570E975EE-LeaderStateImpl
2024-04-25 19:26:11,191 [023363e8-92b8-4e04-85cd-0caf25b811fc@group-6FB570E975EE-LeaderElection49] INFO  server.RaftServer$Division (RaftServerImpl.java:setFirstElection(574)) - 023363e8-92b8-4e04-85cd-0caf25b811fc@group-6FB570E975EE: set firstElectionSinceStartup to false for becomeLeader
2024-04-25 19:26:11,191 [023363e8-92b8-4e04-85cd-0caf25b811fc@group-6FB570E975EE-LeaderElection49] INFO  ratis.XceiverServerRatis (XceiverServerRatis.java:handleLeaderChangedNotification(966)) - Leader change notification received for group: group-6FB570E975EE with new leaderId: 023363e8-92b8-4e04-85cd-0caf25b811fc
2024-04-25 19:26:11,191 [023363e8-92b8-4e04-85cd-0caf25b811fc@group-6FB570E975EE-LeaderElection49] INFO  server.RaftServer$Division (ServerState.java:setLeader(269)) - 023363e8-92b8-4e04-85cd-0caf25b811fc@group-6FB570E975EE: change Leader from null to 023363e8-92b8-4e04-85cd-0caf25b811fc at term 1 for becomeLeader, leader elected after 5046ms
2024-04-25 19:26:11,192 [023363e8-92b8-4e04-85cd-0caf25b811fc@group-6FB570E975EE-LeaderElection49] INFO  segmented.SegmentedRaftLogWorker (SegmentedRaftLogWorker.java:startLogSegment(430)) - 023363e8-92b8-4e04-85cd-0caf25b811fc@group-6FB570E975EE-SegmentedRaftLogWorker: Starting segment from index:0
2024-04-25 19:26:11,192 [023363e8-92b8-4e04-85cd-0caf25b811fc@group-6FB570E975EE-LeaderElection49] INFO  server.RaftServer$Division (ServerState.java:setRaftConf(386)) - 023363e8-92b8-4e04-85cd-0caf25b811fc@group-6FB570E975EE: set configuration 0: peers:[023363e8-92b8-4e04-85cd-0caf25b811fc|127.0.0.1:15290]|listeners:[], old=null
2024-04-25 19:26:11,192 [023363e8-92b8-4e04-85cd-0caf25b811fc@group-6FB570E975EE-SegmentedRaftLogWorker] INFO  segmented.BufferedWriteChannel (BufferedWriteChannel.java:open(62)) - open log_inprogress_0 at position 0
2024-04-25 19:26:11,192 [EventQueue-OpenPipelineForHealthyPipelineSafeModeRule] INFO  safemode.SCMSafeModeManager (HealthyPipelineSafeModeRule.java:process(140)) - SCM in safe mode. Healthy pipelines reported count is 0, required healthy pipeline reported count is 1
2024-04-25 19:26:11,197 [f28f6cfa-fb4d-46cf-94dd-cb052c8a0835@group-6861FFED6B0C-FollowerState] INFO  impl.FollowerState (FollowerState.java:run(143)) - f28f6cfa-fb4d-46cf-94dd-cb052c8a0835@group-6861FFED6B0C-FollowerState: change to CANDIDATE, lastRpcElapsedTime:5056398640ns, electionTimeout:5056ms
2024-04-25 19:26:11,197 [f28f6cfa-fb4d-46cf-94dd-cb052c8a0835@group-6861FFED6B0C-FollowerState] INFO  impl.RoleInfo (RoleInfo.java:shutdownFollowerState(110)) - f28f6cfa-fb4d-46cf-94dd-cb052c8a0835: shutdown f28f6cfa-fb4d-46cf-94dd-cb052c8a0835@group-6861FFED6B0C-FollowerState
2024-04-25 19:26:11,197 [f28f6cfa-fb4d-46cf-94dd-cb052c8a0835@group-6861FFED6B0C-FollowerState] INFO  server.RaftServer$Division (RaftServerImpl.java:setRole(383)) - f28f6cfa-fb4d-46cf-94dd-cb052c8a0835@group-6861FFED6B0C: changes role from  FOLLOWER to CANDIDATE at term 0 for changeToCandidate
2024-04-25 19:26:11,197 [f28f6cfa-fb4d-46cf-94dd-cb052c8a0835@group-6861FFED6B0C-FollowerState] INFO  server.RaftServerConfigKeys (ConfUtils.java:logGet(46)) - raft.server.leaderelection.pre-vote = true (default)
2024-04-25 19:26:11,197 [f28f6cfa-fb4d-46cf-94dd-cb052c8a0835@group-6861FFED6B0C-FollowerState] INFO  impl.RoleInfo (RoleInfo.java:updateAndGet(139)) - f28f6cfa-fb4d-46cf-94dd-cb052c8a0835: start f28f6cfa-fb4d-46cf-94dd-cb052c8a0835@group-6861FFED6B0C-LeaderElection50
2024-04-25 19:26:11,197 [f28f6cfa-fb4d-46cf-94dd-cb052c8a0835@group-6861FFED6B0C-LeaderElection50] INFO  impl.LeaderElection (LeaderElection.java:askForVotes(321)) - f28f6cfa-fb4d-46cf-94dd-cb052c8a0835@group-6861FFED6B0C-LeaderElection50 PRE_VOTE round 0: submit vote requests at term 0 for -1: peers:[4945050d-eb1e-4df3-bd8a-540f8ab6232f|127.0.0.1:15281, 023363e8-92b8-4e04-85cd-0caf25b811fc|127.0.0.1:15290, f28f6cfa-fb4d-46cf-94dd-cb052c8a0835|127.0.0.1:15299]|listeners:[], old=null
2024-04-25 19:26:11,197 [f28f6cfa-fb4d-46cf-94dd-cb052c8a0835@group-6861FFED6B0C-LeaderElection50-1] INFO  server.GrpcServerProtocolClient (GrpcServerProtocolClient.java:<init>(65)) - Build channel for 4945050d-eb1e-4df3-bd8a-540f8ab6232f|127.0.0.1:15281
2024-04-25 19:26:11,198 [f28f6cfa-fb4d-46cf-94dd-cb052c8a0835@group-6861FFED6B0C-LeaderElection50-2] INFO  server.GrpcServerProtocolClient (GrpcServerProtocolClient.java:<init>(65)) - Build channel for 023363e8-92b8-4e04-85cd-0caf25b811fc|127.0.0.1:15290
2024-04-25 19:26:11,198 [f28f6cfa-fb4d-46cf-94dd-cb052c8a0835@group-6861FFED6B0C-LeaderElection50] INFO  server.RaftServerConfigKeys (ConfUtils.java:logFallback(53)) - raft.server.rpc.first-election.timeout.min = 5s (fallback to raft.server.rpc.timeout.min)
2024-04-25 19:26:11,198 [f28f6cfa-fb4d-46cf-94dd-cb052c8a0835@group-6861FFED6B0C-LeaderElection50] INFO  server.RaftServerConfigKeys (ConfUtils.java:logFallback(53)) - raft.server.rpc.first-election.timeout.max = 5200ms (fallback to raft.server.rpc.timeout.max)
2024-04-25 19:26:11,200 [023363e8-92b8-4e04-85cd-0caf25b811fc@group-6FB570E975EE-SegmentedRaftLogWorker] INFO  segmented.SegmentedRaftLogWorker (SegmentedRaftLogWorker.java:execute(634)) - 023363e8-92b8-4e04-85cd-0caf25b811fc@group-6FB570E975EE-SegmentedRaftLogWorker: created new log segment /home/runner/work/ozone/ozone/hadoop-ozone/integration-test/target/test-dir/MiniOzoneClusterImpl-f82f7a4c-b7ce-4bc7-bddc-b4ce9d407ba8/ozone-meta/datanode-2/ratis/7a553876-ac86-4076-a8c5-6fb570e975ee/current/log_inprogress_0
2024-04-25 19:26:11,202 [grpc-default-executor-2] INFO  server.RaftServer$Division (RaftServerImpl.java:requestVote(1389)) - 023363e8-92b8-4e04-85cd-0caf25b811fc@group-6861FFED6B0C: receive requestVote(PRE_VOTE, f28f6cfa-fb4d-46cf-94dd-cb052c8a0835, group-6861FFED6B0C, 0, (t:0, i:0))
2024-04-25 19:26:11,202 [023363e8-92b8-4e04-85cd-0caf25b811fc@group-6FB570E975EE-StateMachineUpdater] INFO  server.RaftServer$Division (LeaderStateImpl.java:isApplied(320)) - leader is ready since appliedIndex == 0 >= startIndex == 0
2024-04-25 19:26:11,202 [grpc-default-executor-3] INFO  server.RaftServer$Division (RaftServerImpl.java:requestVote(1389)) - 4945050d-eb1e-4df3-bd8a-540f8ab6232f@group-6861FFED6B0C: receive requestVote(PRE_VOTE, f28f6cfa-fb4d-46cf-94dd-cb052c8a0835, group-6861FFED6B0C, 0, (t:0, i:0))
2024-04-25 19:26:11,202 [grpc-default-executor-3] INFO  impl.VoteContext (VoteContext.java:log(49)) - 4945050d-eb1e-4df3-bd8a-540f8ab6232f@group-6861FFED6B0C-FOLLOWER: accept PRE_VOTE from f28f6cfa-fb4d-46cf-94dd-cb052c8a0835: our priority 0 <= candidate's priority 1
2024-04-25 19:26:11,202 [grpc-default-executor-3] INFO  server.RaftServer$Division (RaftServerImpl.java:requestVote(1422)) - 4945050d-eb1e-4df3-bd8a-540f8ab6232f@group-6861FFED6B0C replies to PRE_VOTE vote request: f28f6cfa-fb4d-46cf-94dd-cb052c8a0835<-4945050d-eb1e-4df3-bd8a-540f8ab6232f#0:OK-t0. Peer's state: 4945050d-eb1e-4df3-bd8a-540f8ab6232f@group-6861FFED6B0C:t0, leader=null, voted=, raftlog=Memoized:4945050d-eb1e-4df3-bd8a-540f8ab6232f@group-6861FFED6B0C-SegmentedRaftLog:OPENED:c-1, conf=-1: peers:[4945050d-eb1e-4df3-bd8a-540f8ab6232f|127.0.0.1:15281, 023363e8-92b8-4e04-85cd-0caf25b811fc|127.0.0.1:15290, f28f6cfa-fb4d-46cf-94dd-cb052c8a0835|127.0.0.1:15299]|listeners:[], old=null
2024-04-25 19:26:11,202 [grpc-default-executor-2] INFO  impl.VoteContext (VoteContext.java:log(49)) - 023363e8-92b8-4e04-85cd-0caf25b811fc@group-6861FFED6B0C-FOLLOWER: accept PRE_VOTE from f28f6cfa-fb4d-46cf-94dd-cb052c8a0835: our priority 0 <= candidate's priority 1
2024-04-25 19:26:11,203 [grpc-default-executor-2] INFO  server.RaftServer$Division (RaftServerImpl.java:requestVote(1422)) - 023363e8-92b8-4e04-85cd-0caf25b811fc@group-6861FFED6B0C replies to PRE_VOTE vote request: f28f6cfa-fb4d-46cf-94dd-cb052c8a0835<-023363e8-92b8-4e04-85cd-0caf25b811fc#0:OK-t0. Peer's state: 023363e8-92b8-4e04-85cd-0caf25b811fc@group-6861FFED6B0C:t0, leader=null, voted=, raftlog=Memoized:023363e8-92b8-4e04-85cd-0caf25b811fc@group-6861FFED6B0C-SegmentedRaftLog:OPENED:c-1, conf=-1: peers:[4945050d-eb1e-4df3-bd8a-540f8ab6232f|127.0.0.1:15281, 023363e8-92b8-4e04-85cd-0caf25b811fc|127.0.0.1:15290, f28f6cfa-fb4d-46cf-94dd-cb052c8a0835|127.0.0.1:15299]|listeners:[], old=null
2024-04-25 19:26:11,203 [f28f6cfa-fb4d-46cf-94dd-cb052c8a0835@group-6861FFED6B0C-LeaderElection50] INFO  impl.LeaderElection (LeaderElection.java:logAndReturn(89)) - f28f6cfa-fb4d-46cf-94dd-cb052c8a0835@group-6861FFED6B0C-LeaderElection50: PRE_VOTE PASSED received 1 response(s) and 0 exception(s):
2024-04-25 19:26:11,203 [f28f6cfa-fb4d-46cf-94dd-cb052c8a0835@group-6861FFED6B0C-LeaderElection50] INFO  impl.LeaderElection (LeaderElection.java:logAndReturn(93)) -   Response 0: f28f6cfa-fb4d-46cf-94dd-cb052c8a0835<-023363e8-92b8-4e04-85cd-0caf25b811fc#0:OK-t0
2024-04-25 19:26:11,204 [f28f6cfa-fb4d-46cf-94dd-cb052c8a0835@group-6861FFED6B0C-LeaderElection50] INFO  impl.LeaderElection (LeaderElection.java:askForVotes(323)) - f28f6cfa-fb4d-46cf-94dd-cb052c8a0835@group-6861FFED6B0C-LeaderElection50 PRE_VOTE round 0: result PASSED
2024-04-25 19:26:11,205 [f28f6cfa-fb4d-46cf-94dd-cb052c8a0835@group-6861FFED6B0C-LeaderElection50] INFO  impl.LeaderElection (LeaderElection.java:askForVotes(321)) - f28f6cfa-fb4d-46cf-94dd-cb052c8a0835@group-6861FFED6B0C-LeaderElection50 ELECTION round 0: submit vote requests at term 1 for -1: peers:[4945050d-eb1e-4df3-bd8a-540f8ab6232f|127.0.0.1:15281, 023363e8-92b8-4e04-85cd-0caf25b811fc|127.0.0.1:15290, f28f6cfa-fb4d-46cf-94dd-cb052c8a0835|127.0.0.1:15299]|listeners:[], old=null
2024-04-25 19:26:11,206 [f28f6cfa-fb4d-46cf-94dd-cb052c8a0835@group-6861FFED6B0C-LeaderElection50] INFO  server.RaftServerConfigKeys (ConfUtils.java:logFallback(53)) - raft.server.rpc.first-election.timeout.min = 5s (fallback to raft.server.rpc.timeout.min)
2024-04-25 19:26:11,206 [f28f6cfa-fb4d-46cf-94dd-cb052c8a0835@group-6861FFED6B0C-LeaderElection50] INFO  server.RaftServerConfigKeys (ConfUtils.java:logFallback(53)) - raft.server.rpc.first-election.timeout.max = 5200ms (fallback to raft.server.rpc.timeout.max)
2024-04-25 19:26:11,206 [grpc-default-executor-3] INFO  server.RaftServer$Division (RaftServerImpl.java:requestVote(1389)) - 4945050d-eb1e-4df3-bd8a-540f8ab6232f@group-6861FFED6B0C: receive requestVote(ELECTION, f28f6cfa-fb4d-46cf-94dd-cb052c8a0835, group-6861FFED6B0C, 1, (t:0, i:0))
2024-04-25 19:26:11,206 [grpc-default-executor-3] INFO  impl.VoteContext (VoteContext.java:log(49)) - 4945050d-eb1e-4df3-bd8a-540f8ab6232f@group-6861FFED6B0C-FOLLOWER: accept ELECTION from f28f6cfa-fb4d-46cf-94dd-cb052c8a0835: our priority 0 <= candidate's priority 1
2024-04-25 19:26:11,206 [grpc-default-executor-3] INFO  server.RaftServer$Division (RaftServerImpl.java:setRole(383)) - 4945050d-eb1e-4df3-bd8a-540f8ab6232f@group-6861FFED6B0C: changes role from  FOLLOWER to FOLLOWER at term 1 for candidate:f28f6cfa-fb4d-46cf-94dd-cb052c8a0835
2024-04-25 19:26:11,207 [grpc-default-executor-3] INFO  impl.RoleInfo (RoleInfo.java:shutdownFollowerState(110)) - 4945050d-eb1e-4df3-bd8a-540f8ab6232f: shutdown 4945050d-eb1e-4df3-bd8a-540f8ab6232f@group-6861FFED6B0C-FollowerState
2024-04-25 19:26:11,207 [grpc-default-executor-3] INFO  impl.RoleInfo (RoleInfo.java:updateAndGet(139)) - 4945050d-eb1e-4df3-bd8a-540f8ab6232f: start 4945050d-eb1e-4df3-bd8a-540f8ab6232f@group-6861FFED6B0C-FollowerState
2024-04-25 19:26:11,206 [grpc-default-executor-2] INFO  server.RaftServer$Division (RaftServerImpl.java:requestVote(1389)) - 023363e8-92b8-4e04-85cd-0caf25b811fc@group-6861FFED6B0C: receive requestVote(ELECTION, f28f6cfa-fb4d-46cf-94dd-cb052c8a0835, group-6861FFED6B0C, 1, (t:0, i:0))
2024-04-25 19:26:11,207 [grpc-default-executor-2] INFO  impl.VoteContext (VoteContext.java:log(49)) - 023363e8-92b8-4e04-85cd-0caf25b811fc@group-6861FFED6B0C-FOLLOWER: accept ELECTION from f28f6cfa-fb4d-46cf-94dd-cb052c8a0835: our priority 0 <= candidate's priority 1
2024-04-25 19:26:11,207 [grpc-default-executor-2] INFO  server.RaftServer$Division (RaftServerImpl.java:setRole(383)) - 023363e8-92b8-4e04-85cd-0caf25b811fc@group-6861FFED6B0C: changes role from  FOLLOWER to FOLLOWER at term 1 for candidate:f28f6cfa-fb4d-46cf-94dd-cb052c8a0835
2024-04-25 19:26:11,207 [grpc-default-executor-2] INFO  impl.RoleInfo (RoleInfo.java:shutdownFollowerState(110)) - 023363e8-92b8-4e04-85cd-0caf25b811fc: shutdown 023363e8-92b8-4e04-85cd-0caf25b811fc@group-6861FFED6B0C-FollowerState
2024-04-25 19:26:11,207 [grpc-default-executor-2] INFO  impl.RoleInfo (RoleInfo.java:updateAndGet(139)) - 023363e8-92b8-4e04-85cd-0caf25b811fc: start 023363e8-92b8-4e04-85cd-0caf25b811fc@group-6861FFED6B0C-FollowerState
2024-04-25 19:26:11,207 [grpc-default-executor-2] INFO  server.RaftServer$Division (RaftServerImpl.java:setFirstElection(574)) - 023363e8-92b8-4e04-85cd-0caf25b811fc@group-6861FFED6B0C: set firstElectionSinceStartup to false for candidate:f28f6cfa-fb4d-46cf-94dd-cb052c8a0835
2024-04-25 19:26:11,207 [grpc-default-executor-3] INFO  server.RaftServer$Division (RaftServerImpl.java:setFirstElection(574)) - 4945050d-eb1e-4df3-bd8a-540f8ab6232f@group-6861FFED6B0C: set firstElectionSinceStartup to false for candidate:f28f6cfa-fb4d-46cf-94dd-cb052c8a0835
2024-04-25 19:26:11,207 [4945050d-eb1e-4df3-bd8a-540f8ab6232f@group-6861FFED6B0C-FollowerState] INFO  impl.FollowerState (FollowerState.java:run(152)) - 4945050d-eb1e-4df3-bd8a-540f8ab6232f@group-6861FFED6B0C-FollowerState was interrupted
2024-04-25 19:26:11,207 [023363e8-92b8-4e04-85cd-0caf25b811fc@group-6861FFED6B0C-FollowerState] INFO  impl.FollowerState (FollowerState.java:run(152)) - 023363e8-92b8-4e04-85cd-0caf25b811fc@group-6861FFED6B0C-FollowerState was interrupted
2024-04-25 19:26:11,208 [grpc-default-executor-3] INFO  server.RaftServer$Division (RaftServerImpl.java:requestVote(1422)) - 4945050d-eb1e-4df3-bd8a-540f8ab6232f@group-6861FFED6B0C replies to ELECTION vote request: f28f6cfa-fb4d-46cf-94dd-cb052c8a0835<-4945050d-eb1e-4df3-bd8a-540f8ab6232f#0:OK-t1. Peer's state: 4945050d-eb1e-4df3-bd8a-540f8ab6232f@group-6861FFED6B0C:t1, leader=null, voted=f28f6cfa-fb4d-46cf-94dd-cb052c8a0835, raftlog=Memoized:4945050d-eb1e-4df3-bd8a-540f8ab6232f@group-6861FFED6B0C-SegmentedRaftLog:OPENED:c-1, conf=-1: peers:[4945050d-eb1e-4df3-bd8a-540f8ab6232f|127.0.0.1:15281, 023363e8-92b8-4e04-85cd-0caf25b811fc|127.0.0.1:15290, f28f6cfa-fb4d-46cf-94dd-cb052c8a0835|127.0.0.1:15299]|listeners:[], old=null
2024-04-25 19:26:11,208 [grpc-default-executor-2] INFO  server.RaftServer$Division (RaftServerImpl.java:requestVote(1422)) - 023363e8-92b8-4e04-85cd-0caf25b811fc@group-6861FFED6B0C replies to ELECTION vote request: f28f6cfa-fb4d-46cf-94dd-cb052c8a0835<-023363e8-92b8-4e04-85cd-0caf25b811fc#0:OK-t1. Peer's state: 023363e8-92b8-4e04-85cd-0caf25b811fc@group-6861FFED6B0C:t1, leader=null, voted=f28f6cfa-fb4d-46cf-94dd-cb052c8a0835, raftlog=Memoized:023363e8-92b8-4e04-85cd-0caf25b811fc@group-6861FFED6B0C-SegmentedRaftLog:OPENED:c-1, conf=-1: peers:[4945050d-eb1e-4df3-bd8a-540f8ab6232f|127.0.0.1:15281, 023363e8-92b8-4e04-85cd-0caf25b811fc|127.0.0.1:15290, f28f6cfa-fb4d-46cf-94dd-cb052c8a0835|127.0.0.1:15299]|listeners:[], old=null
2024-04-25 19:26:11,209 [f28f6cfa-fb4d-46cf-94dd-cb052c8a0835@group-6861FFED6B0C-LeaderElection50] INFO  impl.LeaderElection (LeaderElection.java:logAndReturn(89)) - f28f6cfa-fb4d-46cf-94dd-cb052c8a0835@group-6861FFED6B0C-LeaderElection50: ELECTION PASSED received 1 response(s) and 0 exception(s):
2024-04-25 19:26:11,209 [f28f6cfa-fb4d-46cf-94dd-cb052c8a0835@group-6861FFED6B0C-LeaderElection50] INFO  impl.LeaderElection (LeaderElection.java:logAndReturn(93)) -   Response 0: f28f6cfa-fb4d-46cf-94dd-cb052c8a0835<-4945050d-eb1e-4df3-bd8a-540f8ab6232f#0:OK-t1
2024-04-25 19:26:11,209 [f28f6cfa-fb4d-46cf-94dd-cb052c8a0835@group-6861FFED6B0C-LeaderElection50] INFO  impl.LeaderElection (LeaderElection.java:askForVotes(323)) - f28f6cfa-fb4d-46cf-94dd-cb052c8a0835@group-6861FFED6B0C-LeaderElection50 ELECTION round 0: result PASSED
2024-04-25 19:26:11,209 [f28f6cfa-fb4d-46cf-94dd-cb052c8a0835@group-6861FFED6B0C-LeaderElection50] INFO  impl.RoleInfo (RoleInfo.java:shutdownLeaderElection(130)) - f28f6cfa-fb4d-46cf-94dd-cb052c8a0835: shutdown f28f6cfa-fb4d-46cf-94dd-cb052c8a0835@group-6861FFED6B0C-LeaderElection50
2024-04-25 19:26:11,209 [f28f6cfa-fb4d-46cf-94dd-cb052c8a0835@group-6861FFED6B0C-LeaderElection50] INFO  server.RaftServer$Division (RaftServerImpl.java:setRole(383)) - f28f6cfa-fb4d-46cf-94dd-cb052c8a0835@group-6861FFED6B0C: changes role from CANDIDATE to LEADER at term 1 for changeToLeader
2024-04-25 19:26:11,209 [f28f6cfa-fb4d-46cf-94dd-cb052c8a0835@group-6861FFED6B0C-LeaderElection50] INFO  server.RaftServerConfigKeys (ConfUtils.java:logGet(46)) - raft.server.staging.catchup.gap = 1000 (default)
2024-04-25 19:26:11,210 [f28f6cfa-fb4d-46cf-94dd-cb052c8a0835@group-6861FFED6B0C-LeaderElection50] INFO  server.RaftServerConfigKeys (ConfUtils.java:logGet(46)) - raft.server.write.element-limit = 1024 (custom)
2024-04-25 19:26:11,210 [f28f6cfa-fb4d-46cf-94dd-cb052c8a0835@group-6861FFED6B0C-LeaderElection50] INFO  server.RaftServerConfigKeys (ConfUtils.java:logGet(46)) - raft.server.write.byte-limit = 1024 M (=1073741824) (custom)
2024-04-25 19:26:11,210 [f28f6cfa-fb4d-46cf-94dd-cb052c8a0835@group-6861FFED6B0C-LeaderElection50] INFO  server.RaftServerConfigKeys (ConfUtils.java:logGet(46)) - raft.server.watch.timeout = 3000ms (custom)
2024-04-25 19:26:11,210 [f28f6cfa-fb4d-46cf-94dd-cb052c8a0835@group-6861FFED6B0C-LeaderElection50] INFO  server.RaftServerConfigKeys (ConfUtils.java:logGet(46)) - raft.server.watch.timeout.denomination = 1s (default)
2024-04-25 19:26:11,210 [f28f6cfa-fb4d-46cf-94dd-cb052c8a0835@group-6861FFED6B0C-LeaderElection50] INFO  server.RaftServerConfigKeys (ConfUtils.java:logGet(46)) - raft.server.watch.element-limit = 65536 (default)
2024-04-25 19:26:11,210 [f28f6cfa-fb4d-46cf-94dd-cb052c8a0835@group-6861FFED6B0C-LeaderElection50] INFO  server.RaftServerConfigKeys (ConfUtils.java:logGet(46)) - raft.server.read.leader.lease.enabled = false (default)
2024-04-25 19:26:11,210 [f28f6cfa-fb4d-46cf-94dd-cb052c8a0835@group-6861FFED6B0C-LeaderElection50] INFO  server.RaftServerConfigKeys (ConfUtils.java:logGet(46)) - raft.server.read.leader.lease.timeout.ratio = 0.9 (default)
2024-04-25 19:26:11,210 [f28f6cfa-fb4d-46cf-94dd-cb052c8a0835@group-6861FFED6B0C-LeaderElection50] INFO  server.RaftServerConfigKeys (ConfUtils.java:logGet(46)) - raft.server.rpc.timeout.min = 5s (custom)
2024-04-25 19:26:11,210 [f28f6cfa-fb4d-46cf-94dd-cb052c8a0835@group-6861FFED6B0C-LeaderElection50] INFO  server.RaftServerConfigKeys (ConfUtils.java:logGet(46)) - raft.server.write.element-limit = 1024 (custom)
2024-04-25 19:26:11,210 [f28f6cfa-fb4d-46cf-94dd-cb052c8a0835@group-6861FFED6B0C-LeaderElection50] INFO  server.RaftServerConfigKeys (ConfUtils.java:logGet(46)) - raft.server.write.follower.gap.ratio.max = -1.0 (default)
2024-04-25 19:26:11,211 [f28f6cfa-fb4d-46cf-94dd-cb052c8a0835@group-6861FFED6B0C-LeaderElection50] INFO  server.RaftServerConfigKeys (ConfUtils.java:logGet(46)) - raft.server.log.appender.snapshot.chunk.size.max = 16MB (=16777216) (default)
2024-04-25 19:26:11,211 [f28f6cfa-fb4d-46cf-94dd-cb052c8a0835@group-6861FFED6B0C-LeaderElection50] INFO  server.RaftServerConfigKeys (ConfUtils.java:logGet(46)) - raft.server.log.appender.buffer.byte-limit = 8388608 (custom)
2024-04-25 19:26:11,211 [f28f6cfa-fb4d-46cf-94dd-cb052c8a0835@group-6861FFED6B0C-LeaderElection50] INFO  server.RaftServerConfigKeys (ConfUtils.java:logGet(46)) - raft.server.log.appender.buffer.element-limit = 1 (custom)
2024-04-25 19:26:11,211 [f28f6cfa-fb4d-46cf-94dd-cb052c8a0835@group-6861FFED6B0C-LeaderElection50] INFO  server.RaftServerConfigKeys (ConfUtils.java:logGet(46)) - raft.server.log.appender.wait-time.min = 0ms (custom)
2024-04-25 19:26:11,211 [f28f6cfa-fb4d-46cf-94dd-cb052c8a0835@group-6861FFED6B0C-LeaderElection50] INFO  grpc.GrpcConfigKeys (ConfUtils.java:logGet(46)) - raft.grpc.server.leader.outstanding.appends.max = 8 (default)
2024-04-25 19:26:11,211 [f28f6cfa-fb4d-46cf-94dd-cb052c8a0835@group-6861FFED6B0C-LeaderElection50] INFO  server.RaftServerConfigKeys (ConfUtils.java:logGet(46)) - raft.server.rpc.request.timeout = 3000ms (default)
2024-04-25 19:26:11,211 [f28f6cfa-fb4d-46cf-94dd-cb052c8a0835@group-6861FFED6B0C-LeaderElection50] INFO  grpc.GrpcConfigKeys (ConfUtils.java:logGet(46)) - raft.grpc.server.install_snapshot.request.element-limit = 8 (default)
2024-04-25 19:26:11,211 [f28f6cfa-fb4d-46cf-94dd-cb052c8a0835@group-6861FFED6B0C-LeaderElection50] INFO  grpc.GrpcConfigKeys (ConfUtils.java:logGet(46)) - raft.grpc.server.install_snapshot.request.timeout = 3000ms (default)
2024-04-25 19:26:11,211 [f28f6cfa-fb4d-46cf-94dd-cb052c8a0835@group-6861FFED6B0C-LeaderElection50] INFO  grpc.GrpcConfigKeys (ConfUtils.java:logGet(46)) - raft.grpc.server.log-message.batch.duration = 5s (default)
2024-04-25 19:26:11,211 [f28f6cfa-fb4d-46cf-94dd-cb052c8a0835@group-6861FFED6B0C-LeaderElection50] INFO  server.RaftServerConfigKeys (ConfUtils.java:logGet(46)) - raft.server.log.appender.install.snapshot.enabled = false (custom)
2024-04-25 19:26:11,211 [f28f6cfa-fb4d-46cf-94dd-cb052c8a0835@group-6861FFED6B0C-LeaderElection50] INFO  grpc.GrpcConfigKeys (ConfUtils.java:logGet(46)) - raft.grpc.server.heartbeat.channel = true (default)
2024-04-25 19:26:11,212 [f28f6cfa-fb4d-46cf-94dd-cb052c8a0835@group-6861FFED6B0C-LeaderElection50] INFO  server.RaftServerConfigKeys (ConfUtils.java:logGet(46)) - raft.server.log.appender.snapshot.chunk.size.max = 16MB (=16777216) (default)
2024-04-25 19:26:11,212 [f28f6cfa-fb4d-46cf-94dd-cb052c8a0835@group-6861FFED6B0C-LeaderElection50] INFO  server.RaftServerConfigKeys (ConfUtils.java:logGet(46)) - raft.server.log.appender.buffer.byte-limit = 8388608 (custom)
2024-04-25 19:26:11,212 [f28f6cfa-fb4d-46cf-94dd-cb052c8a0835@group-6861FFED6B0C-LeaderElection50] INFO  server.RaftServerConfigKeys (ConfUtils.java:logGet(46)) - raft.server.log.appender.buffer.element-limit = 1 (custom)
2024-04-25 19:26:11,212 [f28f6cfa-fb4d-46cf-94dd-cb052c8a0835@group-6861FFED6B0C-LeaderElection50] INFO  server.RaftServerConfigKeys (ConfUtils.java:logGet(46)) - raft.server.log.appender.wait-time.min = 0ms (custom)
2024-04-25 19:26:11,213 [f28f6cfa-fb4d-46cf-94dd-cb052c8a0835@group-6861FFED6B0C-LeaderElection50] INFO  grpc.GrpcConfigKeys (ConfUtils.java:logGet(46)) - raft.grpc.server.leader.outstanding.appends.max = 8 (default)
2024-04-25 19:26:11,213 [f28f6cfa-fb4d-46cf-94dd-cb052c8a0835@group-6861FFED6B0C-LeaderElection50] INFO  server.RaftServerConfigKeys (ConfUtils.java:logGet(46)) - raft.server.rpc.request.timeout = 3000ms (default)
2024-04-25 19:26:11,213 [f28f6cfa-fb4d-46cf-94dd-cb052c8a0835@group-6861FFED6B0C-LeaderElection50] INFO  grpc.GrpcConfigKeys (ConfUtils.java:logGet(46)) - raft.grpc.server.install_snapshot.request.element-limit = 8 (default)
2024-04-25 19:26:11,213 [f28f6cfa-fb4d-46cf-94dd-cb052c8a0835@group-6861FFED6B0C-LeaderElection50] INFO  grpc.GrpcConfigKeys (ConfUtils.java:logGet(46)) - raft.grpc.server.install_snapshot.request.timeout = 3000ms (default)
2024-04-25 19:26:11,213 [f28f6cfa-fb4d-46cf-94dd-cb052c8a0835@group-6861FFED6B0C-LeaderElection50] INFO  grpc.GrpcConfigKeys (ConfUtils.java:logGet(46)) - raft.grpc.server.log-message.batch.duration = 5s (default)
2024-04-25 19:26:11,213 [f28f6cfa-fb4d-46cf-94dd-cb052c8a0835@group-6861FFED6B0C-LeaderElection50] INFO  server.RaftServerConfigKeys (ConfUtils.java:logGet(46)) - raft.server.log.appender.install.snapshot.enabled = false (custom)
2024-04-25 19:26:11,213 [f28f6cfa-fb4d-46cf-94dd-cb052c8a0835@group-6861FFED6B0C-LeaderElection50] INFO  grpc.GrpcConfigKeys (ConfUtils.java:logGet(46)) - raft.grpc.server.heartbeat.channel = true (default)
2024-04-25 19:26:11,213 [f28f6cfa-fb4d-46cf-94dd-cb052c8a0835@group-6861FFED6B0C-LeaderElection50] INFO  impl.RoleInfo (RoleInfo.java:updateAndGet(139)) - f28f6cfa-fb4d-46cf-94dd-cb052c8a0835: start f28f6cfa-fb4d-46cf-94dd-cb052c8a0835@group-6861FFED6B0C-LeaderStateImpl
2024-04-25 19:26:11,213 [f28f6cfa-fb4d-46cf-94dd-cb052c8a0835@group-6861FFED6B0C-LeaderElection50] INFO  server.RaftServer$Division (RaftServerImpl.java:setFirstElection(574)) - f28f6cfa-fb4d-46cf-94dd-cb052c8a0835@group-6861FFED6B0C: set firstElectionSinceStartup to false for becomeLeader
2024-04-25 19:26:11,213 [f28f6cfa-fb4d-46cf-94dd-cb052c8a0835@group-6861FFED6B0C-LeaderElection50] INFO  ratis.XceiverServerRatis (XceiverServerRatis.java:handleLeaderChangedNotification(966)) - Leader change notification received for group: group-6861FFED6B0C with new leaderId: f28f6cfa-fb4d-46cf-94dd-cb052c8a0835
2024-04-25 19:26:11,213 [f28f6cfa-fb4d-46cf-94dd-cb052c8a0835@group-6861FFED6B0C-LeaderElection50] INFO  server.RaftServer$Division (ServerState.java:setLeader(269)) - f28f6cfa-fb4d-46cf-94dd-cb052c8a0835@group-6861FFED6B0C: change Leader from null to f28f6cfa-fb4d-46cf-94dd-cb052c8a0835 at term 1 for becomeLeader, leader elected after 5083ms
2024-04-25 19:26:11,213 [f28f6cfa-fb4d-46cf-94dd-cb052c8a0835@group-6861FFED6B0C-LeaderElection50] INFO  segmented.SegmentedRaftLogWorker (SegmentedRaftLogWorker.java:startLogSegment(430)) - f28f6cfa-fb4d-46cf-94dd-cb052c8a0835@group-6861FFED6B0C-SegmentedRaftLogWorker: Starting segment from index:0
2024-04-25 19:26:11,213 [f28f6cfa-fb4d-46cf-94dd-cb052c8a0835@group-6861FFED6B0C-LeaderElection50] INFO  server.RaftServer$Division (ServerState.java:setRaftConf(386)) - f28f6cfa-fb4d-46cf-94dd-cb052c8a0835@group-6861FFED6B0C: set configuration 0: peers:[4945050d-eb1e-4df3-bd8a-540f8ab6232f|127.0.0.1:15281, 023363e8-92b8-4e04-85cd-0caf25b811fc|127.0.0.1:15290, f28f6cfa-fb4d-46cf-94dd-cb052c8a0835|127.0.0.1:15299]|listeners:[], old=null
2024-04-25 19:26:11,214 [f28f6cfa-fb4d-46cf-94dd-cb052c8a0835@group-6861FFED6B0C-SegmentedRaftLogWorker] INFO  segmented.BufferedWriteChannel (BufferedWriteChannel.java:open(62)) - open log_inprogress_0 at position 0
2024-04-25 19:26:11,214 [EventQueue-PipelineReportForPipelineReportHandler] INFO  pipeline.PipelineReportHandler (PipelineReportHandler.java:processPipelineReport(136)) - Opened pipeline PipelineID=1c4a0937-556e-49ca-b55d-6861ffed6b0c
2024-04-25 19:26:11,214 [EventQueue-OpenPipelineForHealthyPipelineSafeModeRule] INFO  safemode.SCMSafeModeManager (HealthyPipelineSafeModeRule.java:process(140)) - SCM in safe mode. Healthy pipelines reported count is 1, required healthy pipeline reported count is 1
2024-04-25 19:26:11,214 [EventQueue-OpenPipelineForHealthyPipelineSafeModeRule] INFO  safemode.SCMSafeModeManager (SCMSafeModeManager.java:validateSafeModeExitRules(203)) - HealthyPipelineSafeModeRule rule is successfully validated
2024-04-25 19:26:11,214 [EventQueue-OpenPipelineForHealthyPipelineSafeModeRule] INFO  safemode.SCMSafeModeManager (SCMSafeModeManager.java:validateSafeModeExitRules(218)) - ScmSafeModeManager, all rules are successfully validated
2024-04-25 19:26:11,215 [EventQueue-OpenPipelineForHealthyPipelineSafeModeRule] INFO  safemode.SCMSafeModeManager (SCMSafeModeManager.java:exitSafeMode(248)) - SCM exiting safe mode.
2024-04-25 19:26:11,215 [EventQueue-OpenPipelineForHealthyPipelineSafeModeRule] INFO  ha.SCMContext (SCMContext.java:updateSafeModeStatus(225)) - Update SafeModeStatus from SafeModeStatus{safeModeStatus=true, preCheckPassed=true} to SafeModeStatus{safeModeStatus=false, preCheckPassed=true}.
2024-04-25 19:26:11,215 [EventQueue-OpenPipelineForHealthyPipelineSafeModeRule] INFO  pipeline.BackgroundPipelineCreator (BackgroundPipelineCreator.java:notifyStatusChanged(258)) - Service BackgroundPipelineCreator transitions to RUNNING.
2024-04-25 19:26:11,215 [EventQueue-OpenPipelineForHealthyPipelineSafeModeRule] INFO  BackgroundPipelineScrubber (BackgroundSCMService.java:notifyStatusChanged(79)) - Service BackgroundPipelineScrubber transitions to RUNNING.
2024-04-25 19:26:11,215 [EventQueue-OpenPipelineForHealthyPipelineSafeModeRule] INFO  ExpiredContainerReplicaOpScrubber (BackgroundSCMService.java:notifyStatusChanged(79)) - Service ExpiredContainerReplicaOpScrubber transitions to RUNNING.
2024-04-25 19:26:11,215 [EventQueue-OpenPipelineForHealthyPipelineSafeModeRule] INFO  block.SCMBlockDeletingService (SCMBlockDeletingService.java:notifyStatusChanged(247)) - notifyStatusChanged:RUNNING
2024-04-25 19:26:11,215 [EventQueue-OpenPipelineForHealthyPipelineSafeModeRule] INFO  replication.ReplicationManager (ReplicationManager.java:notifyStatusChanged(1403)) - Service ReplicationManager transitions to RUNNING.
2024-04-25 19:26:11,215 [4945050d-eb1e-4df3-bd8a-540f8ab6232f@group-F88E56931252-FollowerState] INFO  impl.FollowerState (FollowerState.java:run(143)) - 4945050d-eb1e-4df3-bd8a-540f8ab6232f@group-F88E56931252-FollowerState: change to CANDIDATE, lastRpcElapsedTime:5108302919ns, electionTimeout:5107ms
2024-04-25 19:26:11,215 [4945050d-eb1e-4df3-bd8a-540f8ab6232f@group-F88E56931252-FollowerState] INFO  impl.RoleInfo (RoleInfo.java:shutdownFollowerState(110)) - 4945050d-eb1e-4df3-bd8a-540f8ab6232f: shutdown 4945050d-eb1e-4df3-bd8a-540f8ab6232f@group-F88E56931252-FollowerState
2024-04-25 19:26:11,215 [EventQueue-OpenPipelineForHealthyPipelineSafeModeRule] WARN  balancer.ContainerBalancer (ContainerBalancer.java:shouldRun(134)) - Could not find persisted configuration for ContainerBalancer when checking if ContainerBalancer should run. ContainerBalancer should not run now.
2024-04-25 19:26:11,215 [4945050d-eb1e-4df3-bd8a-540f8ab6232f@group-F88E56931252-FollowerState] INFO  server.RaftServer$Division (RaftServerImpl.java:setRole(383)) - 4945050d-eb1e-4df3-bd8a-540f8ab6232f@group-F88E56931252: changes role from  FOLLOWER to CANDIDATE at term 0 for changeToCandidate
2024-04-25 19:26:11,215 [4945050d-eb1e-4df3-bd8a-540f8ab6232f@group-F88E56931252-FollowerState] INFO  server.RaftServerConfigKeys (ConfUtils.java:logGet(46)) - raft.server.leaderelection.pre-vote = true (default)
2024-04-25 19:26:11,215 [4945050d-eb1e-4df3-bd8a-540f8ab6232f@group-F88E56931252-FollowerState] INFO  impl.RoleInfo (RoleInfo.java:updateAndGet(139)) - 4945050d-eb1e-4df3-bd8a-540f8ab6232f: start 4945050d-eb1e-4df3-bd8a-540f8ab6232f@group-F88E56931252-LeaderElection51
2024-04-25 19:26:11,220 [4945050d-eb1e-4df3-bd8a-540f8ab6232f@group-F88E56931252-LeaderElection51] INFO  impl.LeaderElection (LeaderElection.java:askForVotes(321)) - 4945050d-eb1e-4df3-bd8a-540f8ab6232f@group-F88E56931252-LeaderElection51 PRE_VOTE round 0: submit vote requests at term 0 for -1: peers:[4945050d-eb1e-4df3-bd8a-540f8ab6232f|127.0.0.1:15281]|listeners:[], old=null
2024-04-25 19:26:11,220 [4945050d-eb1e-4df3-bd8a-540f8ab6232f@group-F88E56931252-LeaderElection51] INFO  impl.LeaderElection (LeaderElection.java:askForVotes(323)) - 4945050d-eb1e-4df3-bd8a-540f8ab6232f@group-F88E56931252-LeaderElection51 PRE_VOTE round 0: result PASSED (term=0)
2024-04-25 19:26:11,221 [4945050d-eb1e-4df3-bd8a-540f8ab6232f@group-F88E56931252-LeaderElection51] INFO  impl.LeaderElection (LeaderElection.java:askForVotes(321)) - 4945050d-eb1e-4df3-bd8a-540f8ab6232f@group-F88E56931252-LeaderElection51 ELECTION round 0: submit vote requests at term 1 for -1: peers:[4945050d-eb1e-4df3-bd8a-540f8ab6232f|127.0.0.1:15281]|listeners:[], old=null
2024-04-25 19:26:11,222 [4945050d-eb1e-4df3-bd8a-540f8ab6232f@group-F88E56931252-LeaderElection51] INFO  impl.LeaderElection (LeaderElection.java:askForVotes(323)) - 4945050d-eb1e-4df3-bd8a-540f8ab6232f@group-F88E56931252-LeaderElection51 ELECTION round 0: result PASSED (term=1)
2024-04-25 19:26:11,222 [4945050d-eb1e-4df3-bd8a-540f8ab6232f@group-F88E56931252-LeaderElection51] INFO  impl.RoleInfo (RoleInfo.java:shutdownLeaderElection(130)) - 4945050d-eb1e-4df3-bd8a-540f8ab6232f: shutdown 4945050d-eb1e-4df3-bd8a-540f8ab6232f@group-F88E56931252-LeaderElection51
2024-04-25 19:26:11,222 [4945050d-eb1e-4df3-bd8a-540f8ab6232f@group-F88E56931252-LeaderElection51] INFO  server.RaftServer$Division (RaftServerImpl.java:setRole(383)) - 4945050d-eb1e-4df3-bd8a-540f8ab6232f@group-F88E56931252: changes role from CANDIDATE to LEADER at term 1 for changeToLeader
2024-04-25 19:26:11,222 [4945050d-eb1e-4df3-bd8a-540f8ab6232f@group-F88E56931252-LeaderElection51] INFO  server.RaftServerConfigKeys (ConfUtils.java:logGet(46)) - raft.server.staging.catchup.gap = 1000 (default)
2024-04-25 19:26:11,222 [4945050d-eb1e-4df3-bd8a-540f8ab6232f@group-F88E56931252-LeaderElection51] INFO  server.RaftServerConfigKeys (ConfUtils.java:logGet(46)) - raft.server.write.element-limit = 1024 (custom)
2024-04-25 19:26:11,222 [4945050d-eb1e-4df3-bd8a-540f8ab6232f@group-F88E56931252-LeaderElection51] INFO  server.RaftServerConfigKeys (ConfUtils.java:logGet(46)) - raft.server.write.byte-limit = 1024 M (=1073741824) (custom)
2024-04-25 19:26:11,222 [4945050d-eb1e-4df3-bd8a-540f8ab6232f@group-F88E56931252-LeaderElection51] INFO  server.RaftServerConfigKeys (ConfUtils.java:logGet(46)) - raft.server.watch.timeout = 3000ms (custom)
2024-04-25 19:26:11,222 [4945050d-eb1e-4df3-bd8a-540f8ab6232f@group-F88E56931252-LeaderElection51] INFO  server.RaftServerConfigKeys (ConfUtils.java:logGet(46)) - raft.server.watch.timeout.denomination = 1s (default)
2024-04-25 19:26:11,222 [4945050d-eb1e-4df3-bd8a-540f8ab6232f@group-F88E56931252-LeaderElection51] INFO  server.RaftServerConfigKeys (ConfUtils.java:logGet(46)) - raft.server.watch.element-limit = 65536 (default)
2024-04-25 19:26:11,222 [f28f6cfa-fb4d-46cf-94dd-cb052c8a0835@group-6861FFED6B0C-SegmentedRaftLogWorker] INFO  segmented.SegmentedRaftLogWorker (SegmentedRaftLogWorker.java:execute(634)) - f28f6cfa-fb4d-46cf-94dd-cb052c8a0835@group-6861FFED6B0C-SegmentedRaftLogWorker: created new log segment /home/runner/work/ozone/ozone/hadoop-ozone/integration-test/target/test-dir/MiniOzoneClusterImpl-f82f7a4c-b7ce-4bc7-bddc-b4ce9d407ba8/ozone-meta/datanode-3/ratis/1c4a0937-556e-49ca-b55d-6861ffed6b0c/current/log_inprogress_0
2024-04-25 19:26:11,223 [4945050d-eb1e-4df3-bd8a-540f8ab6232f@group-F88E56931252-LeaderElection51] INFO  server.RaftServerConfigKeys (ConfUtils.java:logGet(46)) - raft.server.read.leader.lease.enabled = false (default)
2024-04-25 19:26:11,223 [4945050d-eb1e-4df3-bd8a-540f8ab6232f@group-F88E56931252-LeaderElection51] INFO  server.RaftServerConfigKeys (ConfUtils.java:logGet(46)) - raft.server.read.leader.lease.timeout.ratio = 0.9 (default)
2024-04-25 19:26:11,223 [4945050d-eb1e-4df3-bd8a-540f8ab6232f@group-F88E56931252-LeaderElection51] INFO  server.RaftServerConfigKeys (ConfUtils.java:logGet(46)) - raft.server.rpc.timeout.min = 5s (custom)
2024-04-25 19:26:11,223 [4945050d-eb1e-4df3-bd8a-540f8ab6232f@group-F88E56931252-LeaderElection51] INFO  server.RaftServerConfigKeys (ConfUtils.java:logGet(46)) - raft.server.write.element-limit = 1024 (custom)
2024-04-25 19:26:11,223 [4945050d-eb1e-4df3-bd8a-540f8ab6232f@group-F88E56931252-LeaderElection51] INFO  server.RaftServerConfigKeys (ConfUtils.java:logGet(46)) - raft.server.write.follower.gap.ratio.max = -1.0 (default)
2024-04-25 19:26:11,223 [4945050d-eb1e-4df3-bd8a-540f8ab6232f@group-F88E56931252-LeaderElection51] INFO  impl.RoleInfo (RoleInfo.java:updateAndGet(139)) - 4945050d-eb1e-4df3-bd8a-540f8ab6232f: start 4945050d-eb1e-4df3-bd8a-540f8ab6232f@group-F88E56931252-LeaderStateImpl
2024-04-25 19:26:11,223 [4945050d-eb1e-4df3-bd8a-540f8ab6232f@group-F88E56931252-LeaderElection51] INFO  server.RaftServer$Division (RaftServerImpl.java:setFirstElection(574)) - 4945050d-eb1e-4df3-bd8a-540f8ab6232f@group-F88E56931252: set firstElectionSinceStartup to false for becomeLeader
2024-04-25 19:26:11,223 [4945050d-eb1e-4df3-bd8a-540f8ab6232f@group-F88E56931252-LeaderElection51] INFO  ratis.XceiverServerRatis (XceiverServerRatis.java:handleLeaderChangedNotification(966)) - Leader change notification received for group: group-F88E56931252 with new leaderId: 4945050d-eb1e-4df3-bd8a-540f8ab6232f
2024-04-25 19:26:11,223 [4945050d-eb1e-4df3-bd8a-540f8ab6232f@group-F88E56931252-LeaderElection51] INFO  server.RaftServer$Division (ServerState.java:setLeader(269)) - 4945050d-eb1e-4df3-bd8a-540f8ab6232f@group-F88E56931252: change Leader from null to 4945050d-eb1e-4df3-bd8a-540f8ab6232f at term 1 for becomeLeader, leader elected after 5128ms
2024-04-25 19:26:11,223 [4945050d-eb1e-4df3-bd8a-540f8ab6232f@group-F88E56931252-LeaderElection51] INFO  segmented.SegmentedRaftLogWorker (SegmentedRaftLogWorker.java:startLogSegment(430)) - 4945050d-eb1e-4df3-bd8a-540f8ab6232f@group-F88E56931252-SegmentedRaftLogWorker: Starting segment from index:0
2024-04-25 19:26:11,223 [4945050d-eb1e-4df3-bd8a-540f8ab6232f@group-F88E56931252-SegmentedRaftLogWorker] INFO  segmented.BufferedWriteChannel (BufferedWriteChannel.java:open(62)) - open log_inprogress_0 at position 0
2024-04-25 19:26:11,228 [4945050d-eb1e-4df3-bd8a-540f8ab6232f@group-F88E56931252-LeaderElection51] INFO  server.RaftServer$Division (ServerState.java:setRaftConf(386)) - 4945050d-eb1e-4df3-bd8a-540f8ab6232f@group-F88E56931252: set configuration 0: peers:[4945050d-eb1e-4df3-bd8a-540f8ab6232f|127.0.0.1:15281]|listeners:[], old=null
2024-04-25 19:26:11,232 [023363e8-92b8-4e04-85cd-0caf25b811fc-server-thread1] INFO  ratis.XceiverServerRatis (XceiverServerRatis.java:handleLeaderChangedNotification(966)) - Leader change notification received for group: group-6861FFED6B0C with new leaderId: f28f6cfa-fb4d-46cf-94dd-cb052c8a0835
2024-04-25 19:26:11,232 [023363e8-92b8-4e04-85cd-0caf25b811fc-server-thread1] INFO  server.RaftServer$Division (ServerState.java:setLeader(269)) - 023363e8-92b8-4e04-85cd-0caf25b811fc@group-6861FFED6B0C: change Leader from null to f28f6cfa-fb4d-46cf-94dd-cb052c8a0835 at term 1 for appendEntries, leader elected after 5073ms
2024-04-25 19:26:11,233 [4945050d-eb1e-4df3-bd8a-540f8ab6232f@group-F88E56931252-SegmentedRaftLogWorker] INFO  segmented.SegmentedRaftLogWorker (SegmentedRaftLogWorker.java:execute(634)) - 4945050d-eb1e-4df3-bd8a-540f8ab6232f@group-F88E56931252-SegmentedRaftLogWorker: created new log segment /home/runner/work/ozone/ozone/hadoop-ozone/integration-test/target/test-dir/MiniOzoneClusterImpl-f82f7a4c-b7ce-4bc7-bddc-b4ce9d407ba8/ozone-meta/datanode-1/ratis/b39c89f4-8c5d-4b78-9148-f88e56931252/current/log_inprogress_0
2024-04-25 19:26:11,236 [023363e8-92b8-4e04-85cd-0caf25b811fc-server-thread2] INFO  server.RaftServer$Division (ServerState.java:setRaftConf(386)) - 023363e8-92b8-4e04-85cd-0caf25b811fc@group-6861FFED6B0C: set configuration 0: peers:[4945050d-eb1e-4df3-bd8a-540f8ab6232f|127.0.0.1:15281, 023363e8-92b8-4e04-85cd-0caf25b811fc|127.0.0.1:15290, f28f6cfa-fb4d-46cf-94dd-cb052c8a0835|127.0.0.1:15299]|listeners:[], old=null
2024-04-25 19:26:11,236 [023363e8-92b8-4e04-85cd-0caf25b811fc-server-thread2] INFO  segmented.SegmentedRaftLogWorker (SegmentedRaftLogWorker.java:startLogSegment(430)) - 023363e8-92b8-4e04-85cd-0caf25b811fc@group-6861FFED6B0C-SegmentedRaftLogWorker: Starting segment from index:0
2024-04-25 19:26:11,237 [023363e8-92b8-4e04-85cd-0caf25b811fc@group-6861FFED6B0C-SegmentedRaftLogWorker] INFO  segmented.BufferedWriteChannel (BufferedWriteChannel.java:open(62)) - open log_inprogress_0 at position 0
2024-04-25 19:26:11,237 [4945050d-eb1e-4df3-bd8a-540f8ab6232f@group-F88E56931252-StateMachineUpdater] INFO  server.RaftServer$Division (LeaderStateImpl.java:isApplied(320)) - leader is ready since appliedIndex == 0 >= startIndex == 0
2024-04-25 19:26:11,244 [4945050d-eb1e-4df3-bd8a-540f8ab6232f-server-thread2] INFO  ratis.XceiverServerRatis (XceiverServerRatis.java:handleLeaderChangedNotification(966)) - Leader change notification received for group: group-6861FFED6B0C with new leaderId: f28f6cfa-fb4d-46cf-94dd-cb052c8a0835
2024-04-25 19:26:11,244 [4945050d-eb1e-4df3-bd8a-540f8ab6232f-server-thread2] INFO  server.RaftServer$Division (ServerState.java:setLeader(269)) - 4945050d-eb1e-4df3-bd8a-540f8ab6232f@group-6861FFED6B0C: change Leader from null to f28f6cfa-fb4d-46cf-94dd-cb052c8a0835 at term 1 for appendEntries, leader elected after 5133ms
2024-04-25 19:26:11,244 [4945050d-eb1e-4df3-bd8a-540f8ab6232f-server-thread2] INFO  server.RaftServer$Division (ServerState.java:setRaftConf(386)) - 4945050d-eb1e-4df3-bd8a-540f8ab6232f@group-6861FFED6B0C: set configuration 0: peers:[4945050d-eb1e-4df3-bd8a-540f8ab6232f|127.0.0.1:15281, 023363e8-92b8-4e04-85cd-0caf25b811fc|127.0.0.1:15290, f28f6cfa-fb4d-46cf-94dd-cb052c8a0835|127.0.0.1:15299]|listeners:[], old=null
2024-04-25 19:26:11,244 [023363e8-92b8-4e04-85cd-0caf25b811fc@group-6861FFED6B0C-SegmentedRaftLogWorker] INFO  segmented.SegmentedRaftLogWorker (SegmentedRaftLogWorker.java:execute(634)) - 023363e8-92b8-4e04-85cd-0caf25b811fc@group-6861FFED6B0C-SegmentedRaftLogWorker: created new log segment /home/runner/work/ozone/ozone/hadoop-ozone/integration-test/target/test-dir/MiniOzoneClusterImpl-f82f7a4c-b7ce-4bc7-bddc-b4ce9d407ba8/ozone-meta/datanode-2/ratis/1c4a0937-556e-49ca-b55d-6861ffed6b0c/current/log_inprogress_0
2024-04-25 19:26:11,244 [4945050d-eb1e-4df3-bd8a-540f8ab6232f-server-thread2] INFO  segmented.SegmentedRaftLogWorker (SegmentedRaftLogWorker.java:startLogSegment(430)) - 4945050d-eb1e-4df3-bd8a-540f8ab6232f@group-6861FFED6B0C-SegmentedRaftLogWorker: Starting segment from index:0
2024-04-25 19:26:11,245 [4945050d-eb1e-4df3-bd8a-540f8ab6232f@group-6861FFED6B0C-SegmentedRaftLogWorker] INFO  segmented.BufferedWriteChannel (BufferedWriteChannel.java:open(62)) - open log_inprogress_0 at position 0
2024-04-25 19:26:11,252 [f28f6cfa-fb4d-46cf-94dd-cb052c8a0835@group-6861FFED6B0C-StateMachineUpdater] INFO  server.RaftServer$Division (LeaderStateImpl.java:isApplied(320)) - leader is ready since appliedIndex == 0 >= startIndex == 0
2024-04-25 19:26:11,253 [4945050d-eb1e-4df3-bd8a-540f8ab6232f@group-6861FFED6B0C-SegmentedRaftLogWorker] INFO  segmented.SegmentedRaftLogWorker (SegmentedRaftLogWorker.java:execute(634)) - 4945050d-eb1e-4df3-bd8a-540f8ab6232f@group-6861FFED6B0C-SegmentedRaftLogWorker: created new log segment /home/runner/work/ozone/ozone/hadoop-ozone/integration-test/target/test-dir/MiniOzoneClusterImpl-f82f7a4c-b7ce-4bc7-bddc-b4ce9d407ba8/ozone-meta/datanode-1/ratis/1c4a0937-556e-49ca-b55d-6861ffed6b0c/current/log_inprogress_0
2024-04-25 19:26:11,277 [f28f6cfa-fb4d-46cf-94dd-cb052c8a0835@group-BC99EED15F13-FollowerState] INFO  impl.FollowerState (FollowerState.java:run(143)) - f28f6cfa-fb4d-46cf-94dd-cb052c8a0835@group-BC99EED15F13-FollowerState: change to CANDIDATE, lastRpcElapsedTime:5064004310ns, electionTimeout:5063ms
2024-04-25 19:26:11,277 [f28f6cfa-fb4d-46cf-94dd-cb052c8a0835@group-BC99EED15F13-FollowerState] INFO  impl.RoleInfo (RoleInfo.java:shutdownFollowerState(110)) - f28f6cfa-fb4d-46cf-94dd-cb052c8a0835: shutdown f28f6cfa-fb4d-46cf-94dd-cb052c8a0835@group-BC99EED15F13-FollowerState
2024-04-25 19:26:11,277 [f28f6cfa-fb4d-46cf-94dd-cb052c8a0835@group-BC99EED15F13-FollowerState] INFO  server.RaftServer$Division (RaftServerImpl.java:setRole(383)) - f28f6cfa-fb4d-46cf-94dd-cb052c8a0835@group-BC99EED15F13: changes role from  FOLLOWER to CANDIDATE at term 0 for changeToCandidate
2024-04-25 19:26:11,277 [f28f6cfa-fb4d-46cf-94dd-cb052c8a0835@group-BC99EED15F13-FollowerState] INFO  server.RaftServerConfigKeys (ConfUtils.java:logGet(46)) - raft.server.leaderelection.pre-vote = true (default)
2024-04-25 19:26:11,277 [f28f6cfa-fb4d-46cf-94dd-cb052c8a0835@group-BC99EED15F13-FollowerState] INFO  impl.RoleInfo (RoleInfo.java:updateAndGet(139)) - f28f6cfa-fb4d-46cf-94dd-cb052c8a0835: start f28f6cfa-fb4d-46cf-94dd-cb052c8a0835@group-BC99EED15F13-LeaderElection52
2024-04-25 19:26:11,278 [f28f6cfa-fb4d-46cf-94dd-cb052c8a0835@group-BC99EED15F13-LeaderElection52] INFO  impl.LeaderElection (LeaderElection.java:askForVotes(321)) - f28f6cfa-fb4d-46cf-94dd-cb052c8a0835@group-BC99EED15F13-LeaderElection52 PRE_VOTE round 0: submit vote requests at term 0 for -1: peers:[f28f6cfa-fb4d-46cf-94dd-cb052c8a0835|127.0.0.1:15299]|listeners:[], old=null
2024-04-25 19:26:11,278 [f28f6cfa-fb4d-46cf-94dd-cb052c8a0835@group-BC99EED15F13-LeaderElection52] INFO  impl.LeaderElection (LeaderElection.java:askForVotes(323)) - f28f6cfa-fb4d-46cf-94dd-cb052c8a0835@group-BC99EED15F13-LeaderElection52 PRE_VOTE round 0: result PASSED (term=0)
2024-04-25 19:26:11,279 [f28f6cfa-fb4d-46cf-94dd-cb052c8a0835@group-BC99EED15F13-LeaderElection52] INFO  impl.LeaderElection (LeaderElection.java:askForVotes(321)) - f28f6cfa-fb4d-46cf-94dd-cb052c8a0835@group-BC99EED15F13-LeaderElection52 ELECTION round 0: submit vote requests at term 1 for -1: peers:[f28f6cfa-fb4d-46cf-94dd-cb052c8a0835|127.0.0.1:15299]|listeners:[], old=null
2024-04-25 19:26:11,279 [f28f6cfa-fb4d-46cf-94dd-cb052c8a0835@group-BC99EED15F13-LeaderElection52] INFO  impl.LeaderElection (LeaderElection.java:askForVotes(323)) - f28f6cfa-fb4d-46cf-94dd-cb052c8a0835@group-BC99EED15F13-LeaderElection52 ELECTION round 0: result PASSED (term=1)
2024-04-25 19:26:11,279 [f28f6cfa-fb4d-46cf-94dd-cb052c8a0835@group-BC99EED15F13-LeaderElection52] INFO  impl.RoleInfo (RoleInfo.java:shutdownLeaderElection(130)) - f28f6cfa-fb4d-46cf-94dd-cb052c8a0835: shutdown f28f6cfa-fb4d-46cf-94dd-cb052c8a0835@group-BC99EED15F13-LeaderElection52
2024-04-25 19:26:11,279 [f28f6cfa-fb4d-46cf-94dd-cb052c8a0835@group-BC99EED15F13-LeaderElection52] INFO  server.RaftServer$Division (RaftServerImpl.java:setRole(383)) - f28f6cfa-fb4d-46cf-94dd-cb052c8a0835@group-BC99EED15F13: changes role from CANDIDATE to LEADER at term 1 for changeToLeader
2024-04-25 19:26:11,279 [f28f6cfa-fb4d-46cf-94dd-cb052c8a0835@group-BC99EED15F13-LeaderElection52] INFO  server.RaftServerConfigKeys (ConfUtils.java:logGet(46)) - raft.server.staging.catchup.gap = 1000 (default)
2024-04-25 19:26:11,279 [f28f6cfa-fb4d-46cf-94dd-cb052c8a0835@group-BC99EED15F13-LeaderElection52] INFO  server.RaftServerConfigKeys (ConfUtils.java:logGet(46)) - raft.server.write.element-limit = 1024 (custom)
2024-04-25 19:26:11,279 [f28f6cfa-fb4d-46cf-94dd-cb052c8a0835@group-BC99EED15F13-LeaderElection52] INFO  server.RaftServerConfigKeys (ConfUtils.java:logGet(46)) - raft.server.write.byte-limit = 1024 M (=1073741824) (custom)
2024-04-25 19:26:11,279 [f28f6cfa-fb4d-46cf-94dd-cb052c8a0835@group-BC99EED15F13-LeaderElection52] INFO  server.RaftServerConfigKeys (ConfUtils.java:logGet(46)) - raft.server.watch.timeout = 3000ms (custom)
2024-04-25 19:26:11,279 [f28f6cfa-fb4d-46cf-94dd-cb052c8a0835@group-BC99EED15F13-LeaderElection52] INFO  server.RaftServerConfigKeys (ConfUtils.java:logGet(46)) - raft.server.watch.timeout.denomination = 1s (default)
2024-04-25 19:26:11,280 [f28f6cfa-fb4d-46cf-94dd-cb052c8a0835@group-BC99EED15F13-LeaderElection52] INFO  server.RaftServerConfigKeys (ConfUtils.java:logGet(46)) - raft.server.watch.element-limit = 65536 (default)
2024-04-25 19:26:11,280 [f28f6cfa-fb4d-46cf-94dd-cb052c8a0835@group-BC99EED15F13-LeaderElection52] INFO  server.RaftServerConfigKeys (ConfUtils.java:logGet(46)) - raft.server.read.leader.lease.enabled = false (default)
2024-04-25 19:26:11,280 [f28f6cfa-fb4d-46cf-94dd-cb052c8a0835@group-BC99EED15F13-LeaderElection52] INFO  server.RaftServerConfigKeys (ConfUtils.java:logGet(46)) - raft.server.read.leader.lease.timeout.ratio = 0.9 (default)
2024-04-25 19:26:11,280 [f28f6cfa-fb4d-46cf-94dd-cb052c8a0835@group-BC99EED15F13-LeaderElection52] INFO  server.RaftServerConfigKeys (ConfUtils.java:logGet(46)) - raft.server.rpc.timeout.min = 5s (custom)
2024-04-25 19:26:11,280 [f28f6cfa-fb4d-46cf-94dd-cb052c8a0835@group-BC99EED15F13-LeaderElection52] INFO  server.RaftServerConfigKeys (ConfUtils.java:logGet(46)) - raft.server.write.element-limit = 1024 (custom)
2024-04-25 19:26:11,280 [f28f6cfa-fb4d-46cf-94dd-cb052c8a0835@group-BC99EED15F13-LeaderElection52] INFO  server.RaftServerConfigKeys (ConfUtils.java:logGet(46)) - raft.server.write.follower.gap.ratio.max = -1.0 (default)
2024-04-25 19:26:11,280 [f28f6cfa-fb4d-46cf-94dd-cb052c8a0835@group-BC99EED15F13-LeaderElection52] INFO  impl.RoleInfo (RoleInfo.java:updateAndGet(139)) - f28f6cfa-fb4d-46cf-94dd-cb052c8a0835: start f28f6cfa-fb4d-46cf-94dd-cb052c8a0835@group-BC99EED15F13-LeaderStateImpl
2024-04-25 19:26:11,280 [f28f6cfa-fb4d-46cf-94dd-cb052c8a0835@group-BC99EED15F13-LeaderElection52] INFO  server.RaftServer$Division (RaftServerImpl.java:setFirstElection(574)) - f28f6cfa-fb4d-46cf-94dd-cb052c8a0835@group-BC99EED15F13: set firstElectionSinceStartup to false for becomeLeader
2024-04-25 19:26:11,280 [f28f6cfa-fb4d-46cf-94dd-cb052c8a0835@group-BC99EED15F13-LeaderElection52] INFO  ratis.XceiverServerRatis (XceiverServerRatis.java:handleLeaderChangedNotification(966)) - Leader change notification received for group: group-BC99EED15F13 with new leaderId: f28f6cfa-fb4d-46cf-94dd-cb052c8a0835
2024-04-25 19:26:11,281 [f28f6cfa-fb4d-46cf-94dd-cb052c8a0835@group-BC99EED15F13-LeaderElection52] INFO  server.RaftServer$Division (ServerState.java:setLeader(269)) - f28f6cfa-fb4d-46cf-94dd-cb052c8a0835@group-BC99EED15F13: change Leader from null to f28f6cfa-fb4d-46cf-94dd-cb052c8a0835 at term 1 for becomeLeader, leader elected after 5078ms
2024-04-25 19:26:11,281 [f28f6cfa-fb4d-46cf-94dd-cb052c8a0835@group-BC99EED15F13-LeaderElection52] INFO  segmented.SegmentedRaftLogWorker (SegmentedRaftLogWorker.java:startLogSegment(430)) - f28f6cfa-fb4d-46cf-94dd-cb052c8a0835@group-BC99EED15F13-SegmentedRaftLogWorker: Starting segment from index:0
2024-04-25 19:26:11,281 [f28f6cfa-fb4d-46cf-94dd-cb052c8a0835@group-BC99EED15F13-LeaderElection52] INFO  server.RaftServer$Division (ServerState.java:setRaftConf(386)) - f28f6cfa-fb4d-46cf-94dd-cb052c8a0835@group-BC99EED15F13: set configuration 0: peers:[f28f6cfa-fb4d-46cf-94dd-cb052c8a0835|127.0.0.1:15299]|listeners:[], old=null
2024-04-25 19:26:11,281 [f28f6cfa-fb4d-46cf-94dd-cb052c8a0835@group-BC99EED15F13-SegmentedRaftLogWorker] INFO  segmented.BufferedWriteChannel (BufferedWriteChannel.java:open(62)) - open log_inprogress_0 at position 0
2024-04-25 19:26:11,288 [f28f6cfa-fb4d-46cf-94dd-cb052c8a0835@group-BC99EED15F13-SegmentedRaftLogWorker] INFO  segmented.SegmentedRaftLogWorker (SegmentedRaftLogWorker.java:execute(634)) - f28f6cfa-fb4d-46cf-94dd-cb052c8a0835@group-BC99EED15F13-SegmentedRaftLogWorker: created new log segment /home/runner/work/ozone/ozone/hadoop-ozone/integration-test/target/test-dir/MiniOzoneClusterImpl-f82f7a4c-b7ce-4bc7-bddc-b4ce9d407ba8/ozone-meta/datanode-3/ratis/f625da82-93fb-4160-9c30-bc99eed15f13/current/log_inprogress_0
2024-04-25 19:26:11,290 [f28f6cfa-fb4d-46cf-94dd-cb052c8a0835@group-BC99EED15F13-StateMachineUpdater] INFO  server.RaftServer$Division (LeaderStateImpl.java:isApplied(320)) - leader is ready since appliedIndex == 0 >= startIndex == 0
2024-04-25 19:26:11,292 [38098fde-9f6f-4ad0-993c-715d8f2d4b32@group-3D56868D618F-FollowerState] INFO  impl.FollowerState (FollowerState.java:run(143)) - 38098fde-9f6f-4ad0-993c-715d8f2d4b32@group-3D56868D618F-FollowerState: change to CANDIDATE, lastRpcElapsedTime:5007413854ns, electionTimeout:5007ms
2024-04-25 19:26:11,292 [38098fde-9f6f-4ad0-993c-715d8f2d4b32@group-3D56868D618F-FollowerState] INFO  impl.RoleInfo (RoleInfo.java:shutdownFollowerState(110)) - 38098fde-9f6f-4ad0-993c-715d8f2d4b32: shutdown 38098fde-9f6f-4ad0-993c-715d8f2d4b32@group-3D56868D618F-FollowerState
2024-04-25 19:26:11,292 [38098fde-9f6f-4ad0-993c-715d8f2d4b32@group-3D56868D618F-FollowerState] INFO  server.RaftServer$Division (RaftServerImpl.java:setRole(383)) - 38098fde-9f6f-4ad0-993c-715d8f2d4b32@group-3D56868D618F: changes role from  FOLLOWER to CANDIDATE at term 0 for changeToCandidate
2024-04-25 19:26:11,292 [38098fde-9f6f-4ad0-993c-715d8f2d4b32@group-3D56868D618F-FollowerState] INFO  server.RaftServerConfigKeys (ConfUtils.java:logGet(46)) - raft.server.leaderelection.pre-vote = true (default)
2024-04-25 19:26:11,292 [38098fde-9f6f-4ad0-993c-715d8f2d4b32@group-3D56868D618F-FollowerState] INFO  impl.RoleInfo (RoleInfo.java:updateAndGet(139)) - 38098fde-9f6f-4ad0-993c-715d8f2d4b32: start 38098fde-9f6f-4ad0-993c-715d8f2d4b32@group-3D56868D618F-LeaderElection53
2024-04-25 19:26:11,293 [38098fde-9f6f-4ad0-993c-715d8f2d4b32@group-3D56868D618F-LeaderElection53] INFO  impl.LeaderElection (LeaderElection.java:askForVotes(321)) - 38098fde-9f6f-4ad0-993c-715d8f2d4b32@group-3D56868D618F-LeaderElection53 PRE_VOTE round 0: submit vote requests at term 0 for -1: peers:[020943f0-ab7d-43b4-aa7e-bd0cde918a3e|127.0.0.1:15326, 38098fde-9f6f-4ad0-993c-715d8f2d4b32|127.0.0.1:15308, c059e8ba-a531-47a3-a497-45c8f0b0c72e|127.0.0.1:15317]|listeners:[], old=null
2024-04-25 19:26:11,293 [38098fde-9f6f-4ad0-993c-715d8f2d4b32@group-3D56868D618F-LeaderElection53] INFO  server.RaftServerConfigKeys (ConfUtils.java:logFallback(53)) - raft.server.rpc.first-election.timeout.min = 5s (fallback to raft.server.rpc.timeout.min)
2024-04-25 19:26:11,293 [38098fde-9f6f-4ad0-993c-715d8f2d4b32@group-3D56868D618F-LeaderElection53] INFO  server.RaftServerConfigKeys (ConfUtils.java:logFallback(53)) - raft.server.rpc.first-election.timeout.max = 5200ms (fallback to raft.server.rpc.timeout.max)
2024-04-25 19:26:11,293 [38098fde-9f6f-4ad0-993c-715d8f2d4b32@group-3D56868D618F-LeaderElection53-2] INFO  server.GrpcServerProtocolClient (GrpcServerProtocolClient.java:<init>(65)) - Build channel for c059e8ba-a531-47a3-a497-45c8f0b0c72e|127.0.0.1:15317
2024-04-25 19:26:11,293 [38098fde-9f6f-4ad0-993c-715d8f2d4b32@group-3D56868D618F-LeaderElection53-1] INFO  server.GrpcServerProtocolClient (GrpcServerProtocolClient.java:<init>(65)) - Build channel for 020943f0-ab7d-43b4-aa7e-bd0cde918a3e|127.0.0.1:15326
2024-04-25 19:26:11,297 [grpc-default-executor-3] INFO  server.RaftServer$Division (RaftServerImpl.java:requestVote(1389)) - c059e8ba-a531-47a3-a497-45c8f0b0c72e@group-3D56868D618F: receive requestVote(PRE_VOTE, 38098fde-9f6f-4ad0-993c-715d8f2d4b32, group-3D56868D618F, 0, (t:0, i:0))
2024-04-25 19:26:11,297 [grpc-default-executor-3] INFO  impl.VoteContext (VoteContext.java:log(49)) - c059e8ba-a531-47a3-a497-45c8f0b0c72e@group-3D56868D618F-FOLLOWER: reject PRE_VOTE from 38098fde-9f6f-4ad0-993c-715d8f2d4b32: our priority 1 > candidate's priority 0
2024-04-25 19:26:11,297 [grpc-default-executor-3] INFO  server.RaftServer$Division (RaftServerImpl.java:requestVote(1422)) - c059e8ba-a531-47a3-a497-45c8f0b0c72e@group-3D56868D618F replies to PRE_VOTE vote request: 38098fde-9f6f-4ad0-993c-715d8f2d4b32<-c059e8ba-a531-47a3-a497-45c8f0b0c72e#0:FAIL-t0. Peer's state: c059e8ba-a531-47a3-a497-45c8f0b0c72e@group-3D56868D618F:t0, leader=null, voted=, raftlog=Memoized:c059e8ba-a531-47a3-a497-45c8f0b0c72e@group-3D56868D618F-SegmentedRaftLog:OPENED:c-1, conf=-1: peers:[020943f0-ab7d-43b4-aa7e-bd0cde918a3e|127.0.0.1:15326, 38098fde-9f6f-4ad0-993c-715d8f2d4b32|127.0.0.1:15308, c059e8ba-a531-47a3-a497-45c8f0b0c72e|127.0.0.1:15317]|listeners:[], old=null
2024-04-25 19:26:11,298 [grpc-default-executor-4] INFO  server.RaftServer$Division (RaftServerImpl.java:requestVote(1389)) - 020943f0-ab7d-43b4-aa7e-bd0cde918a3e@group-3D56868D618F: receive requestVote(PRE_VOTE, 38098fde-9f6f-4ad0-993c-715d8f2d4b32, group-3D56868D618F, 0, (t:0, i:0))
2024-04-25 19:26:11,298 [grpc-default-executor-4] INFO  impl.VoteContext (VoteContext.java:log(49)) - 020943f0-ab7d-43b4-aa7e-bd0cde918a3e@group-3D56868D618F-FOLLOWER: accept PRE_VOTE from 38098fde-9f6f-4ad0-993c-715d8f2d4b32: our priority 0 <= candidate's priority 0
2024-04-25 19:26:11,298 [grpc-default-executor-4] INFO  server.RaftServer$Division (RaftServerImpl.java:requestVote(1422)) - 020943f0-ab7d-43b4-aa7e-bd0cde918a3e@group-3D56868D618F replies to PRE_VOTE vote request: 38098fde-9f6f-4ad0-993c-715d8f2d4b32<-020943f0-ab7d-43b4-aa7e-bd0cde918a3e#0:OK-t0. Peer's state: 020943f0-ab7d-43b4-aa7e-bd0cde918a3e@group-3D56868D618F:t0, leader=null, voted=, raftlog=Memoized:020943f0-ab7d-43b4-aa7e-bd0cde918a3e@group-3D56868D618F-SegmentedRaftLog:OPENED:c-1, conf=-1: peers:[020943f0-ab7d-43b4-aa7e-bd0cde918a3e|127.0.0.1:15326, 38098fde-9f6f-4ad0-993c-715d8f2d4b32|127.0.0.1:15308, c059e8ba-a531-47a3-a497-45c8f0b0c72e|127.0.0.1:15317]|listeners:[], old=null
2024-04-25 19:26:11,299 [38098fde-9f6f-4ad0-993c-715d8f2d4b32@group-3D56868D618F-LeaderElection53] INFO  impl.LeaderElection (LeaderElection.java:logAndReturn(89)) - 38098fde-9f6f-4ad0-993c-715d8f2d4b32@group-3D56868D618F-LeaderElection53: PRE_VOTE REJECTED received 1 response(s) and 0 exception(s):
2024-04-25 19:26:11,299 [38098fde-9f6f-4ad0-993c-715d8f2d4b32@group-3D56868D618F-LeaderElection53] INFO  impl.LeaderElection (LeaderElection.java:logAndReturn(93)) -   Response 0: 38098fde-9f6f-4ad0-993c-715d8f2d4b32<-c059e8ba-a531-47a3-a497-45c8f0b0c72e#0:FAIL-t0
2024-04-25 19:26:11,299 [38098fde-9f6f-4ad0-993c-715d8f2d4b32@group-3D56868D618F-LeaderElection53] INFO  impl.LeaderElection (LeaderElection.java:askForVotes(323)) - 38098fde-9f6f-4ad0-993c-715d8f2d4b32@group-3D56868D618F-LeaderElection53 PRE_VOTE round 0: result REJECTED
2024-04-25 19:26:11,299 [38098fde-9f6f-4ad0-993c-715d8f2d4b32@group-3D56868D618F-LeaderElection53] INFO  server.RaftServer$Division (RaftServerImpl.java:setRole(383)) - 38098fde-9f6f-4ad0-993c-715d8f2d4b32@group-3D56868D618F: changes role from CANDIDATE to FOLLOWER at term 0 for REJECTED
2024-04-25 19:26:11,299 [38098fde-9f6f-4ad0-993c-715d8f2d4b32@group-3D56868D618F-LeaderElection53] INFO  impl.RoleInfo (RoleInfo.java:shutdownLeaderElection(130)) - 38098fde-9f6f-4ad0-993c-715d8f2d4b32: shutdown 38098fde-9f6f-4ad0-993c-715d8f2d4b32@group-3D56868D618F-LeaderElection53
2024-04-25 19:26:11,299 [38098fde-9f6f-4ad0-993c-715d8f2d4b32@group-3D56868D618F-LeaderElection53] INFO  impl.RoleInfo (RoleInfo.java:updateAndGet(139)) - 38098fde-9f6f-4ad0-993c-715d8f2d4b32: start 38098fde-9f6f-4ad0-993c-715d8f2d4b32@group-3D56868D618F-FollowerState
2024-04-25 19:26:11,299 [38098fde-9f6f-4ad0-993c-715d8f2d4b32@group-3D56868D618F-LeaderElection53] INFO  server.RaftServer$Division (RaftServerImpl.java:setFirstElection(574)) - 38098fde-9f6f-4ad0-993c-715d8f2d4b32@group-3D56868D618F: set firstElectionSinceStartup to false for REJECTED
2024-04-25 19:26:11,388 [38098fde-9f6f-4ad0-993c-715d8f2d4b32@group-9819C722C0BE-FollowerState] INFO  impl.FollowerState (FollowerState.java:run(143)) - 38098fde-9f6f-4ad0-993c-715d8f2d4b32@group-9819C722C0BE-FollowerState: change to CANDIDATE, lastRpcElapsedTime:5115438588ns, electionTimeout:5115ms
2024-04-25 19:26:11,388 [38098fde-9f6f-4ad0-993c-715d8f2d4b32@group-9819C722C0BE-FollowerState] INFO  impl.RoleInfo (RoleInfo.java:shutdownFollowerState(110)) - 38098fde-9f6f-4ad0-993c-715d8f2d4b32: shutdown 38098fde-9f6f-4ad0-993c-715d8f2d4b32@group-9819C722C0BE-FollowerState
2024-04-25 19:26:11,388 [38098fde-9f6f-4ad0-993c-715d8f2d4b32@group-9819C722C0BE-FollowerState] INFO  server.RaftServer$Division (RaftServerImpl.java:setRole(383)) - 38098fde-9f6f-4ad0-993c-715d8f2d4b32@group-9819C722C0BE: changes role from  FOLLOWER to CANDIDATE at term 0 for changeToCandidate
2024-04-25 19:26:11,388 [38098fde-9f6f-4ad0-993c-715d8f2d4b32@group-9819C722C0BE-FollowerState] INFO  server.RaftServerConfigKeys (ConfUtils.java:logGet(46)) - raft.server.leaderelection.pre-vote = true (default)
2024-04-25 19:26:11,388 [38098fde-9f6f-4ad0-993c-715d8f2d4b32@group-9819C722C0BE-FollowerState] INFO  impl.RoleInfo (RoleInfo.java:updateAndGet(139)) - 38098fde-9f6f-4ad0-993c-715d8f2d4b32: start 38098fde-9f6f-4ad0-993c-715d8f2d4b32@group-9819C722C0BE-LeaderElection54
2024-04-25 19:26:11,389 [38098fde-9f6f-4ad0-993c-715d8f2d4b32@group-9819C722C0BE-LeaderElection54] INFO  impl.LeaderElection (LeaderElection.java:askForVotes(321)) - 38098fde-9f6f-4ad0-993c-715d8f2d4b32@group-9819C722C0BE-LeaderElection54 PRE_VOTE round 0: submit vote requests at term 0 for -1: peers:[38098fde-9f6f-4ad0-993c-715d8f2d4b32|127.0.0.1:15308]|listeners:[], old=null
2024-04-25 19:26:11,389 [38098fde-9f6f-4ad0-993c-715d8f2d4b32@group-9819C722C0BE-LeaderElection54] INFO  impl.LeaderElection (LeaderElection.java:askForVotes(323)) - 38098fde-9f6f-4ad0-993c-715d8f2d4b32@group-9819C722C0BE-LeaderElection54 PRE_VOTE round 0: result PASSED (term=0)
2024-04-25 19:26:11,390 [38098fde-9f6f-4ad0-993c-715d8f2d4b32@group-9819C722C0BE-LeaderElection54] INFO  impl.LeaderElection (LeaderElection.java:askForVotes(321)) - 38098fde-9f6f-4ad0-993c-715d8f2d4b32@group-9819C722C0BE-LeaderElection54 ELECTION round 0: submit vote requests at term 1 for -1: peers:[38098fde-9f6f-4ad0-993c-715d8f2d4b32|127.0.0.1:15308]|listeners:[], old=null
2024-04-25 19:26:11,390 [38098fde-9f6f-4ad0-993c-715d8f2d4b32@group-9819C722C0BE-LeaderElection54] INFO  impl.LeaderElection (LeaderElection.java:askForVotes(323)) - 38098fde-9f6f-4ad0-993c-715d8f2d4b32@group-9819C722C0BE-LeaderElection54 ELECTION round 0: result PASSED (term=1)
2024-04-25 19:26:11,390 [38098fde-9f6f-4ad0-993c-715d8f2d4b32@group-9819C722C0BE-LeaderElection54] INFO  impl.RoleInfo (RoleInfo.java:shutdownLeaderElection(130)) - 38098fde-9f6f-4ad0-993c-715d8f2d4b32: shutdown 38098fde-9f6f-4ad0-993c-715d8f2d4b32@group-9819C722C0BE-LeaderElection54
2024-04-25 19:26:11,390 [38098fde-9f6f-4ad0-993c-715d8f2d4b32@group-9819C722C0BE-LeaderElection54] INFO  server.RaftServer$Division (RaftServerImpl.java:setRole(383)) - 38098fde-9f6f-4ad0-993c-715d8f2d4b32@group-9819C722C0BE: changes role from CANDIDATE to LEADER at term 1 for changeToLeader
2024-04-25 19:26:11,390 [38098fde-9f6f-4ad0-993c-715d8f2d4b32@group-9819C722C0BE-LeaderElection54] INFO  server.RaftServerConfigKeys (ConfUtils.java:logGet(46)) - raft.server.staging.catchup.gap = 1000 (default)
2024-04-25 19:26:11,391 [38098fde-9f6f-4ad0-993c-715d8f2d4b32@group-9819C722C0BE-LeaderElection54] INFO  server.RaftServerConfigKeys (ConfUtils.java:logGet(46)) - raft.server.write.element-limit = 1024 (custom)
2024-04-25 19:26:11,391 [38098fde-9f6f-4ad0-993c-715d8f2d4b32@group-9819C722C0BE-LeaderElection54] INFO  server.RaftServerConfigKeys (ConfUtils.java:logGet(46)) - raft.server.write.byte-limit = 1024 M (=1073741824) (custom)
2024-04-25 19:26:11,391 [38098fde-9f6f-4ad0-993c-715d8f2d4b32@group-9819C722C0BE-LeaderElection54] INFO  server.RaftServerConfigKeys (ConfUtils.java:logGet(46)) - raft.server.watch.timeout = 3000ms (custom)
2024-04-25 19:26:11,391 [38098fde-9f6f-4ad0-993c-715d8f2d4b32@group-9819C722C0BE-LeaderElection54] INFO  server.RaftServerConfigKeys (ConfUtils.java:logGet(46)) - raft.server.watch.timeout.denomination = 1s (default)
2024-04-25 19:26:11,391 [38098fde-9f6f-4ad0-993c-715d8f2d4b32@group-9819C722C0BE-LeaderElection54] INFO  server.RaftServerConfigKeys (ConfUtils.java:logGet(46)) - raft.server.watch.element-limit = 65536 (default)
2024-04-25 19:26:11,391 [38098fde-9f6f-4ad0-993c-715d8f2d4b32@group-9819C722C0BE-LeaderElection54] INFO  server.RaftServerConfigKeys (ConfUtils.java:logGet(46)) - raft.server.read.leader.lease.enabled = false (default)
2024-04-25 19:26:11,391 [38098fde-9f6f-4ad0-993c-715d8f2d4b32@group-9819C722C0BE-LeaderElection54] INFO  server.RaftServerConfigKeys (ConfUtils.java:logGet(46)) - raft.server.read.leader.lease.timeout.ratio = 0.9 (default)
2024-04-25 19:26:11,391 [38098fde-9f6f-4ad0-993c-715d8f2d4b32@group-9819C722C0BE-LeaderElection54] INFO  server.RaftServerConfigKeys (ConfUtils.java:logGet(46)) - raft.server.rpc.timeout.min = 5s (custom)
2024-04-25 19:26:11,391 [38098fde-9f6f-4ad0-993c-715d8f2d4b32@group-9819C722C0BE-LeaderElection54] INFO  server.RaftServerConfigKeys (ConfUtils.java:logGet(46)) - raft.server.write.element-limit = 1024 (custom)
2024-04-25 19:26:11,391 [38098fde-9f6f-4ad0-993c-715d8f2d4b32@group-9819C722C0BE-LeaderElection54] INFO  server.RaftServerConfigKeys (ConfUtils.java:logGet(46)) - raft.server.write.follower.gap.ratio.max = -1.0 (default)
2024-04-25 19:26:11,391 [38098fde-9f6f-4ad0-993c-715d8f2d4b32@group-9819C722C0BE-LeaderElection54] INFO  impl.RoleInfo (RoleInfo.java:updateAndGet(139)) - 38098fde-9f6f-4ad0-993c-715d8f2d4b32: start 38098fde-9f6f-4ad0-993c-715d8f2d4b32@group-9819C722C0BE-LeaderStateImpl
2024-04-25 19:26:11,391 [38098fde-9f6f-4ad0-993c-715d8f2d4b32@group-9819C722C0BE-LeaderElection54] INFO  server.RaftServer$Division (RaftServerImpl.java:setFirstElection(574)) - 38098fde-9f6f-4ad0-993c-715d8f2d4b32@group-9819C722C0BE: set firstElectionSinceStartup to false for becomeLeader
2024-04-25 19:26:11,391 [38098fde-9f6f-4ad0-993c-715d8f2d4b32@group-9819C722C0BE-LeaderElection54] INFO  ratis.XceiverServerRatis (XceiverServerRatis.java:handleLeaderChangedNotification(966)) - Leader change notification received for group: group-9819C722C0BE with new leaderId: 38098fde-9f6f-4ad0-993c-715d8f2d4b32
2024-04-25 19:26:11,392 [38098fde-9f6f-4ad0-993c-715d8f2d4b32@group-9819C722C0BE-LeaderElection54] INFO  server.RaftServer$Division (ServerState.java:setLeader(269)) - 38098fde-9f6f-4ad0-993c-715d8f2d4b32@group-9819C722C0BE: change Leader from null to 38098fde-9f6f-4ad0-993c-715d8f2d4b32 at term 1 for becomeLeader, leader elected after 5129ms
2024-04-25 19:26:11,392 [38098fde-9f6f-4ad0-993c-715d8f2d4b32@group-9819C722C0BE-LeaderElection54] INFO  segmented.SegmentedRaftLogWorker (SegmentedRaftLogWorker.java:startLogSegment(430)) - 38098fde-9f6f-4ad0-993c-715d8f2d4b32@group-9819C722C0BE-SegmentedRaftLogWorker: Starting segment from index:0
2024-04-25 19:26:11,392 [38098fde-9f6f-4ad0-993c-715d8f2d4b32@group-9819C722C0BE-LeaderElection54] INFO  server.RaftServer$Division (ServerState.java:setRaftConf(386)) - 38098fde-9f6f-4ad0-993c-715d8f2d4b32@group-9819C722C0BE: set configuration 0: peers:[38098fde-9f6f-4ad0-993c-715d8f2d4b32|127.0.0.1:15308]|listeners:[], old=null
2024-04-25 19:26:11,392 [38098fde-9f6f-4ad0-993c-715d8f2d4b32@group-9819C722C0BE-SegmentedRaftLogWorker] INFO  segmented.BufferedWriteChannel (BufferedWriteChannel.java:open(62)) - open log_inprogress_0 at position 0
2024-04-25 19:26:11,400 [38098fde-9f6f-4ad0-993c-715d8f2d4b32@group-9819C722C0BE-SegmentedRaftLogWorker] INFO  segmented.SegmentedRaftLogWorker (SegmentedRaftLogWorker.java:execute(634)) - 38098fde-9f6f-4ad0-993c-715d8f2d4b32@group-9819C722C0BE-SegmentedRaftLogWorker: created new log segment /home/runner/work/ozone/ozone/hadoop-ozone/integration-test/target/test-dir/MiniOzoneClusterImpl-f82f7a4c-b7ce-4bc7-bddc-b4ce9d407ba8/ozone-meta/datanode-4/ratis/a8fbf086-abed-4d90-9d91-9819c722c0be/current/log_inprogress_0
2024-04-25 19:26:11,402 [38098fde-9f6f-4ad0-993c-715d8f2d4b32@group-9819C722C0BE-StateMachineUpdater] INFO  server.RaftServer$Division (LeaderStateImpl.java:isApplied(320)) - leader is ready since appliedIndex == 0 >= startIndex == 0
2024-04-25 19:26:11,476 [c059e8ba-a531-47a3-a497-45c8f0b0c72e@group-32E8EDDF7D95-FollowerState] INFO  impl.FollowerState (FollowerState.java:run(143)) - c059e8ba-a531-47a3-a497-45c8f0b0c72e@group-32E8EDDF7D95-FollowerState: change to CANDIDATE, lastRpcElapsedTime:5120717846ns, electionTimeout:5118ms
2024-04-25 19:26:11,476 [c059e8ba-a531-47a3-a497-45c8f0b0c72e@group-32E8EDDF7D95-FollowerState] INFO  impl.RoleInfo (RoleInfo.java:shutdownFollowerState(110)) - c059e8ba-a531-47a3-a497-45c8f0b0c72e: shutdown c059e8ba-a531-47a3-a497-45c8f0b0c72e@group-32E8EDDF7D95-FollowerState
2024-04-25 19:26:11,476 [c059e8ba-a531-47a3-a497-45c8f0b0c72e@group-32E8EDDF7D95-FollowerState] INFO  server.RaftServer$Division (RaftServerImpl.java:setRole(383)) - c059e8ba-a531-47a3-a497-45c8f0b0c72e@group-32E8EDDF7D95: changes role from  FOLLOWER to CANDIDATE at term 0 for changeToCandidate
2024-04-25 19:26:11,476 [c059e8ba-a531-47a3-a497-45c8f0b0c72e@group-32E8EDDF7D95-FollowerState] INFO  server.RaftServerConfigKeys (ConfUtils.java:logGet(46)) - raft.server.leaderelection.pre-vote = true (default)
2024-04-25 19:26:11,476 [c059e8ba-a531-47a3-a497-45c8f0b0c72e@group-32E8EDDF7D95-FollowerState] INFO  impl.RoleInfo (RoleInfo.java:updateAndGet(139)) - c059e8ba-a531-47a3-a497-45c8f0b0c72e: start c059e8ba-a531-47a3-a497-45c8f0b0c72e@group-32E8EDDF7D95-LeaderElection55
2024-04-25 19:26:11,476 [c059e8ba-a531-47a3-a497-45c8f0b0c72e@group-32E8EDDF7D95-LeaderElection55] INFO  impl.LeaderElection (LeaderElection.java:askForVotes(321)) - c059e8ba-a531-47a3-a497-45c8f0b0c72e@group-32E8EDDF7D95-LeaderElection55 PRE_VOTE round 0: submit vote requests at term 0 for -1: peers:[c059e8ba-a531-47a3-a497-45c8f0b0c72e|127.0.0.1:15317]|listeners:[], old=null
2024-04-25 19:26:11,477 [c059e8ba-a531-47a3-a497-45c8f0b0c72e@group-32E8EDDF7D95-LeaderElection55] INFO  impl.LeaderElection (LeaderElection.java:askForVotes(323)) - c059e8ba-a531-47a3-a497-45c8f0b0c72e@group-32E8EDDF7D95-LeaderElection55 PRE_VOTE round 0: result PASSED (term=0)
2024-04-25 19:26:11,478 [c059e8ba-a531-47a3-a497-45c8f0b0c72e@group-32E8EDDF7D95-LeaderElection55] INFO  impl.LeaderElection (LeaderElection.java:askForVotes(321)) - c059e8ba-a531-47a3-a497-45c8f0b0c72e@group-32E8EDDF7D95-LeaderElection55 ELECTION round 0: submit vote requests at term 1 for -1: peers:[c059e8ba-a531-47a3-a497-45c8f0b0c72e|127.0.0.1:15317]|listeners:[], old=null
2024-04-25 19:26:11,478 [c059e8ba-a531-47a3-a497-45c8f0b0c72e@group-32E8EDDF7D95-LeaderElection55] INFO  impl.LeaderElection (LeaderElection.java:askForVotes(323)) - c059e8ba-a531-47a3-a497-45c8f0b0c72e@group-32E8EDDF7D95-LeaderElection55 ELECTION round 0: result PASSED (term=1)
2024-04-25 19:26:11,478 [c059e8ba-a531-47a3-a497-45c8f0b0c72e@group-32E8EDDF7D95-LeaderElection55] INFO  impl.RoleInfo (RoleInfo.java:shutdownLeaderElection(130)) - c059e8ba-a531-47a3-a497-45c8f0b0c72e: shutdown c059e8ba-a531-47a3-a497-45c8f0b0c72e@group-32E8EDDF7D95-LeaderElection55
2024-04-25 19:26:11,478 [c059e8ba-a531-47a3-a497-45c8f0b0c72e@group-32E8EDDF7D95-LeaderElection55] INFO  server.RaftServer$Division (RaftServerImpl.java:setRole(383)) - c059e8ba-a531-47a3-a497-45c8f0b0c72e@group-32E8EDDF7D95: changes role from CANDIDATE to LEADER at term 1 for changeToLeader
2024-04-25 19:26:11,478 [c059e8ba-a531-47a3-a497-45c8f0b0c72e@group-32E8EDDF7D95-LeaderElection55] INFO  server.RaftServerConfigKeys (ConfUtils.java:logGet(46)) - raft.server.staging.catchup.gap = 1000 (default)
2024-04-25 19:26:11,478 [c059e8ba-a531-47a3-a497-45c8f0b0c72e@group-32E8EDDF7D95-LeaderElection55] INFO  server.RaftServerConfigKeys (ConfUtils.java:logGet(46)) - raft.server.write.element-limit = 1024 (custom)
2024-04-25 19:26:11,478 [c059e8ba-a531-47a3-a497-45c8f0b0c72e@group-32E8EDDF7D95-LeaderElection55] INFO  server.RaftServerConfigKeys (ConfUtils.java:logGet(46)) - raft.server.write.byte-limit = 1024 M (=1073741824) (custom)
2024-04-25 19:26:11,478 [c059e8ba-a531-47a3-a497-45c8f0b0c72e@group-32E8EDDF7D95-LeaderElection55] INFO  server.RaftServerConfigKeys (ConfUtils.java:logGet(46)) - raft.server.watch.timeout = 3000ms (custom)
2024-04-25 19:26:11,478 [c059e8ba-a531-47a3-a497-45c8f0b0c72e@group-32E8EDDF7D95-LeaderElection55] INFO  server.RaftServerConfigKeys (ConfUtils.java:logGet(46)) - raft.server.watch.timeout.denomination = 1s (default)
2024-04-25 19:26:11,478 [c059e8ba-a531-47a3-a497-45c8f0b0c72e@group-32E8EDDF7D95-LeaderElection55] INFO  server.RaftServerConfigKeys (ConfUtils.java:logGet(46)) - raft.server.watch.element-limit = 65536 (default)
2024-04-25 19:26:11,479 [c059e8ba-a531-47a3-a497-45c8f0b0c72e@group-32E8EDDF7D95-LeaderElection55] INFO  server.RaftServerConfigKeys (ConfUtils.java:logGet(46)) - raft.server.read.leader.lease.enabled = false (default)
2024-04-25 19:26:11,479 [c059e8ba-a531-47a3-a497-45c8f0b0c72e@group-32E8EDDF7D95-LeaderElection55] INFO  server.RaftServerConfigKeys (ConfUtils.java:logGet(46)) - raft.server.read.leader.lease.timeout.ratio = 0.9 (default)
2024-04-25 19:26:11,479 [c059e8ba-a531-47a3-a497-45c8f0b0c72e@group-32E8EDDF7D95-LeaderElection55] INFO  server.RaftServerConfigKeys (ConfUtils.java:logGet(46)) - raft.server.rpc.timeout.min = 5s (custom)
2024-04-25 19:26:11,479 [c059e8ba-a531-47a3-a497-45c8f0b0c72e@group-32E8EDDF7D95-LeaderElection55] INFO  server.RaftServerConfigKeys (ConfUtils.java:logGet(46)) - raft.server.write.element-limit = 1024 (custom)
2024-04-25 19:26:11,479 [c059e8ba-a531-47a3-a497-45c8f0b0c72e@group-32E8EDDF7D95-LeaderElection55] INFO  server.RaftServerConfigKeys (ConfUtils.java:logGet(46)) - raft.server.write.follower.gap.ratio.max = -1.0 (default)
2024-04-25 19:26:11,479 [c059e8ba-a531-47a3-a497-45c8f0b0c72e@group-32E8EDDF7D95-LeaderElection55] INFO  impl.RoleInfo (RoleInfo.java:updateAndGet(139)) - c059e8ba-a531-47a3-a497-45c8f0b0c72e: start c059e8ba-a531-47a3-a497-45c8f0b0c72e@group-32E8EDDF7D95-LeaderStateImpl
2024-04-25 19:26:11,479 [c059e8ba-a531-47a3-a497-45c8f0b0c72e@group-32E8EDDF7D95-LeaderElection55] INFO  server.RaftServer$Division (RaftServerImpl.java:setFirstElection(574)) - c059e8ba-a531-47a3-a497-45c8f0b0c72e@group-32E8EDDF7D95: set firstElectionSinceStartup to false for becomeLeader
2024-04-25 19:26:11,479 [c059e8ba-a531-47a3-a497-45c8f0b0c72e@group-32E8EDDF7D95-LeaderElection55] INFO  ratis.XceiverServerRatis (XceiverServerRatis.java:handleLeaderChangedNotification(966)) - Leader change notification received for group: group-32E8EDDF7D95 with new leaderId: c059e8ba-a531-47a3-a497-45c8f0b0c72e
2024-04-25 19:26:11,479 [c059e8ba-a531-47a3-a497-45c8f0b0c72e@group-32E8EDDF7D95-LeaderElection55] INFO  server.RaftServer$Division (ServerState.java:setLeader(269)) - c059e8ba-a531-47a3-a497-45c8f0b0c72e@group-32E8EDDF7D95: change Leader from null to c059e8ba-a531-47a3-a497-45c8f0b0c72e at term 1 for becomeLeader, leader elected after 5139ms
2024-04-25 19:26:11,479 [c059e8ba-a531-47a3-a497-45c8f0b0c72e@group-32E8EDDF7D95-LeaderElection55] INFO  segmented.SegmentedRaftLogWorker (SegmentedRaftLogWorker.java:startLogSegment(430)) - c059e8ba-a531-47a3-a497-45c8f0b0c72e@group-32E8EDDF7D95-SegmentedRaftLogWorker: Starting segment from index:0
2024-04-25 19:26:11,479 [c059e8ba-a531-47a3-a497-45c8f0b0c72e@group-32E8EDDF7D95-LeaderElection55] INFO  server.RaftServer$Division (ServerState.java:setRaftConf(386)) - c059e8ba-a531-47a3-a497-45c8f0b0c72e@group-32E8EDDF7D95: set configuration 0: peers:[c059e8ba-a531-47a3-a497-45c8f0b0c72e|127.0.0.1:15317]|listeners:[], old=null
2024-04-25 19:26:11,480 [c059e8ba-a531-47a3-a497-45c8f0b0c72e@group-32E8EDDF7D95-SegmentedRaftLogWorker] INFO  segmented.BufferedWriteChannel (BufferedWriteChannel.java:open(62)) - open log_inprogress_0 at position 0
2024-04-25 19:26:11,487 [c059e8ba-a531-47a3-a497-45c8f0b0c72e@group-32E8EDDF7D95-SegmentedRaftLogWorker] INFO  segmented.SegmentedRaftLogWorker (SegmentedRaftLogWorker.java:execute(634)) - c059e8ba-a531-47a3-a497-45c8f0b0c72e@group-32E8EDDF7D95-SegmentedRaftLogWorker: created new log segment /home/runner/work/ozone/ozone/hadoop-ozone/integration-test/target/test-dir/MiniOzoneClusterImpl-f82f7a4c-b7ce-4bc7-bddc-b4ce9d407ba8/ozone-meta/datanode-5/ratis/8a0fae79-4a6e-4b4f-8c57-32e8eddf7d95/current/log_inprogress_0
2024-04-25 19:26:11,489 [c059e8ba-a531-47a3-a497-45c8f0b0c72e@group-32E8EDDF7D95-StateMachineUpdater] INFO  server.RaftServer$Division (LeaderStateImpl.java:isApplied(320)) - leader is ready since appliedIndex == 0 >= startIndex == 0
2024-04-25 19:26:11,520 [020943f0-ab7d-43b4-aa7e-bd0cde918a3e@group-A1EEB6A496A4-FollowerState] INFO  impl.FollowerState (FollowerState.java:run(143)) - 020943f0-ab7d-43b4-aa7e-bd0cde918a3e@group-A1EEB6A496A4-FollowerState: change to CANDIDATE, lastRpcElapsedTime:5132445553ns, electionTimeout:5132ms
2024-04-25 19:26:11,520 [020943f0-ab7d-43b4-aa7e-bd0cde918a3e@group-A1EEB6A496A4-FollowerState] INFO  impl.RoleInfo (RoleInfo.java:shutdownFollowerState(110)) - 020943f0-ab7d-43b4-aa7e-bd0cde918a3e: shutdown 020943f0-ab7d-43b4-aa7e-bd0cde918a3e@group-A1EEB6A496A4-FollowerState
2024-04-25 19:26:11,520 [020943f0-ab7d-43b4-aa7e-bd0cde918a3e@group-A1EEB6A496A4-FollowerState] INFO  server.RaftServer$Division (RaftServerImpl.java:setRole(383)) - 020943f0-ab7d-43b4-aa7e-bd0cde918a3e@group-A1EEB6A496A4: changes role from  FOLLOWER to CANDIDATE at term 0 for changeToCandidate
2024-04-25 19:26:11,520 [020943f0-ab7d-43b4-aa7e-bd0cde918a3e@group-A1EEB6A496A4-FollowerState] INFO  server.RaftServerConfigKeys (ConfUtils.java:logGet(46)) - raft.server.leaderelection.pre-vote = true (default)
2024-04-25 19:26:11,521 [020943f0-ab7d-43b4-aa7e-bd0cde918a3e@group-A1EEB6A496A4-FollowerState] INFO  impl.RoleInfo (RoleInfo.java:updateAndGet(139)) - 020943f0-ab7d-43b4-aa7e-bd0cde918a3e: start 020943f0-ab7d-43b4-aa7e-bd0cde918a3e@group-A1EEB6A496A4-LeaderElection56
2024-04-25 19:26:11,521 [020943f0-ab7d-43b4-aa7e-bd0cde918a3e@group-A1EEB6A496A4-LeaderElection56] INFO  impl.LeaderElection (LeaderElection.java:askForVotes(321)) - 020943f0-ab7d-43b4-aa7e-bd0cde918a3e@group-A1EEB6A496A4-LeaderElection56 PRE_VOTE round 0: submit vote requests at term 0 for -1: peers:[020943f0-ab7d-43b4-aa7e-bd0cde918a3e|127.0.0.1:15326]|listeners:[], old=null
2024-04-25 19:26:11,521 [020943f0-ab7d-43b4-aa7e-bd0cde918a3e@group-A1EEB6A496A4-LeaderElection56] INFO  impl.LeaderElection (LeaderElection.java:askForVotes(323)) - 020943f0-ab7d-43b4-aa7e-bd0cde918a3e@group-A1EEB6A496A4-LeaderElection56 PRE_VOTE round 0: result PASSED (term=0)
2024-04-25 19:26:11,522 [020943f0-ab7d-43b4-aa7e-bd0cde918a3e@group-A1EEB6A496A4-LeaderElection56] INFO  impl.LeaderElection (LeaderElection.java:askForVotes(321)) - 020943f0-ab7d-43b4-aa7e-bd0cde918a3e@group-A1EEB6A496A4-LeaderElection56 ELECTION round 0: submit vote requests at term 1 for -1: peers:[020943f0-ab7d-43b4-aa7e-bd0cde918a3e|127.0.0.1:15326]|listeners:[], old=null
2024-04-25 19:26:11,522 [020943f0-ab7d-43b4-aa7e-bd0cde918a3e@group-A1EEB6A496A4-LeaderElection56] INFO  impl.LeaderElection (LeaderElection.java:askForVotes(323)) - 020943f0-ab7d-43b4-aa7e-bd0cde918a3e@group-A1EEB6A496A4-LeaderElection56 ELECTION round 0: result PASSED (term=1)
2024-04-25 19:26:11,522 [020943f0-ab7d-43b4-aa7e-bd0cde918a3e@group-A1EEB6A496A4-LeaderElection56] INFO  impl.RoleInfo (RoleInfo.java:shutdownLeaderElection(130)) - 020943f0-ab7d-43b4-aa7e-bd0cde918a3e: shutdown 020943f0-ab7d-43b4-aa7e-bd0cde918a3e@group-A1EEB6A496A4-LeaderElection56
2024-04-25 19:26:11,522 [020943f0-ab7d-43b4-aa7e-bd0cde918a3e@group-A1EEB6A496A4-LeaderElection56] INFO  server.RaftServer$Division (RaftServerImpl.java:setRole(383)) - 020943f0-ab7d-43b4-aa7e-bd0cde918a3e@group-A1EEB6A496A4: changes role from CANDIDATE to LEADER at term 1 for changeToLeader
2024-04-25 19:26:11,522 [020943f0-ab7d-43b4-aa7e-bd0cde918a3e@group-A1EEB6A496A4-LeaderElection56] INFO  server.RaftServerConfigKeys (ConfUtils.java:logGet(46)) - raft.server.staging.catchup.gap = 1000 (default)
2024-04-25 19:26:11,522 [020943f0-ab7d-43b4-aa7e-bd0cde918a3e@group-A1EEB6A496A4-LeaderElection56] INFO  server.RaftServerConfigKeys (ConfUtils.java:logGet(46)) - raft.server.write.element-limit = 1024 (custom)
2024-04-25 19:26:11,522 [020943f0-ab7d-43b4-aa7e-bd0cde918a3e@group-A1EEB6A496A4-LeaderElection56] INFO  server.RaftServerConfigKeys (ConfUtils.java:logGet(46)) - raft.server.write.byte-limit = 1024 M (=1073741824) (custom)
2024-04-25 19:26:11,523 [020943f0-ab7d-43b4-aa7e-bd0cde918a3e@group-A1EEB6A496A4-LeaderElection56] INFO  server.RaftServerConfigKeys (ConfUtils.java:logGet(46)) - raft.server.watch.timeout = 3000ms (custom)
2024-04-25 19:26:11,523 [020943f0-ab7d-43b4-aa7e-bd0cde918a3e@group-A1EEB6A496A4-LeaderElection56] INFO  server.RaftServerConfigKeys (ConfUtils.java:logGet(46)) - raft.server.watch.timeout.denomination = 1s (default)
2024-04-25 19:26:11,523 [020943f0-ab7d-43b4-aa7e-bd0cde918a3e@group-A1EEB6A496A4-LeaderElection56] INFO  server.RaftServerConfigKeys (ConfUtils.java:logGet(46)) - raft.server.watch.element-limit = 65536 (default)
2024-04-25 19:26:11,523 [020943f0-ab7d-43b4-aa7e-bd0cde918a3e@group-A1EEB6A496A4-LeaderElection56] INFO  server.RaftServerConfigKeys (ConfUtils.java:logGet(46)) - raft.server.read.leader.lease.enabled = false (default)
2024-04-25 19:26:11,523 [020943f0-ab7d-43b4-aa7e-bd0cde918a3e@group-A1EEB6A496A4-LeaderElection56] INFO  server.RaftServerConfigKeys (ConfUtils.java:logGet(46)) - raft.server.read.leader.lease.timeout.ratio = 0.9 (default)
2024-04-25 19:26:11,523 [020943f0-ab7d-43b4-aa7e-bd0cde918a3e@group-A1EEB6A496A4-LeaderElection56] INFO  server.RaftServerConfigKeys (ConfUtils.java:logGet(46)) - raft.server.rpc.timeout.min = 5s (custom)
2024-04-25 19:26:11,523 [020943f0-ab7d-43b4-aa7e-bd0cde918a3e@group-A1EEB6A496A4-LeaderElection56] INFO  server.RaftServerConfigKeys (ConfUtils.java:logGet(46)) - raft.server.write.element-limit = 1024 (custom)
2024-04-25 19:26:11,523 [020943f0-ab7d-43b4-aa7e-bd0cde918a3e@group-A1EEB6A496A4-LeaderElection56] INFO  server.RaftServerConfigKeys (ConfUtils.java:logGet(46)) - raft.server.write.follower.gap.ratio.max = -1.0 (default)
2024-04-25 19:26:11,523 [020943f0-ab7d-43b4-aa7e-bd0cde918a3e@group-A1EEB6A496A4-LeaderElection56] INFO  impl.RoleInfo (RoleInfo.java:updateAndGet(139)) - 020943f0-ab7d-43b4-aa7e-bd0cde918a3e: start 020943f0-ab7d-43b4-aa7e-bd0cde918a3e@group-A1EEB6A496A4-LeaderStateImpl
2024-04-25 19:26:11,523 [020943f0-ab7d-43b4-aa7e-bd0cde918a3e@group-A1EEB6A496A4-LeaderElection56] INFO  server.RaftServer$Division (RaftServerImpl.java:setFirstElection(574)) - 020943f0-ab7d-43b4-aa7e-bd0cde918a3e@group-A1EEB6A496A4: set firstElectionSinceStartup to false for becomeLeader
2024-04-25 19:26:11,523 [020943f0-ab7d-43b4-aa7e-bd0cde918a3e@group-A1EEB6A496A4-LeaderElection56] INFO  ratis.XceiverServerRatis (XceiverServerRatis.java:handleLeaderChangedNotification(966)) - Leader change notification received for group: group-A1EEB6A496A4 with new leaderId: 020943f0-ab7d-43b4-aa7e-bd0cde918a3e
2024-04-25 19:26:11,523 [020943f0-ab7d-43b4-aa7e-bd0cde918a3e@group-A1EEB6A496A4-LeaderElection56] INFO  server.RaftServer$Division (ServerState.java:setLeader(269)) - 020943f0-ab7d-43b4-aa7e-bd0cde918a3e@group-A1EEB6A496A4: change Leader from null to 020943f0-ab7d-43b4-aa7e-bd0cde918a3e at term 1 for becomeLeader, leader elected after 5161ms
2024-04-25 19:26:11,524 [020943f0-ab7d-43b4-aa7e-bd0cde918a3e@group-A1EEB6A496A4-LeaderElection56] INFO  segmented.SegmentedRaftLogWorker (SegmentedRaftLogWorker.java:startLogSegment(430)) - 020943f0-ab7d-43b4-aa7e-bd0cde918a3e@group-A1EEB6A496A4-SegmentedRaftLogWorker: Starting segment from index:0
2024-04-25 19:26:11,524 [c059e8ba-a531-47a3-a497-45c8f0b0c72e@group-3D56868D618F-FollowerState] INFO  impl.FollowerState (FollowerState.java:run(143)) - c059e8ba-a531-47a3-a497-45c8f0b0c72e@group-3D56868D618F-FollowerState: change to CANDIDATE, lastRpcElapsedTime:5199648655ns, electionTimeout:5199ms
2024-04-25 19:26:11,524 [c059e8ba-a531-47a3-a497-45c8f0b0c72e@group-3D56868D618F-FollowerState] INFO  impl.RoleInfo (RoleInfo.java:shutdownFollowerState(110)) - c059e8ba-a531-47a3-a497-45c8f0b0c72e: shutdown c059e8ba-a531-47a3-a497-45c8f0b0c72e@group-3D56868D618F-FollowerState
2024-04-25 19:26:11,524 [c059e8ba-a531-47a3-a497-45c8f0b0c72e@group-3D56868D618F-FollowerState] INFO  server.RaftServer$Division (RaftServerImpl.java:setRole(383)) - c059e8ba-a531-47a3-a497-45c8f0b0c72e@group-3D56868D618F: changes role from  FOLLOWER to CANDIDATE at term 0 for changeToCandidate
2024-04-25 19:26:11,524 [c059e8ba-a531-47a3-a497-45c8f0b0c72e@group-3D56868D618F-FollowerState] INFO  server.RaftServerConfigKeys (ConfUtils.java:logGet(46)) - raft.server.leaderelection.pre-vote = true (default)
2024-04-25 19:26:11,524 [020943f0-ab7d-43b4-aa7e-bd0cde918a3e@group-A1EEB6A496A4-SegmentedRaftLogWorker] INFO  segmented.BufferedWriteChannel (BufferedWriteChannel.java:open(62)) - open log_inprogress_0 at position 0
2024-04-25 19:26:11,524 [020943f0-ab7d-43b4-aa7e-bd0cde918a3e@group-A1EEB6A496A4-LeaderElection56] INFO  server.RaftServer$Division (ServerState.java:setRaftConf(386)) - 020943f0-ab7d-43b4-aa7e-bd0cde918a3e@group-A1EEB6A496A4: set configuration 0: peers:[020943f0-ab7d-43b4-aa7e-bd0cde918a3e|127.0.0.1:15326]|listeners:[], old=null
2024-04-25 19:26:11,524 [c059e8ba-a531-47a3-a497-45c8f0b0c72e@group-3D56868D618F-FollowerState] INFO  impl.RoleInfo (RoleInfo.java:updateAndGet(139)) - c059e8ba-a531-47a3-a497-45c8f0b0c72e: start c059e8ba-a531-47a3-a497-45c8f0b0c72e@group-3D56868D618F-LeaderElection57
2024-04-25 19:26:11,525 [c059e8ba-a531-47a3-a497-45c8f0b0c72e@group-3D56868D618F-LeaderElection57] INFO  impl.LeaderElection (LeaderElection.java:askForVotes(321)) - c059e8ba-a531-47a3-a497-45c8f0b0c72e@group-3D56868D618F-LeaderElection57 PRE_VOTE round 0: submit vote requests at term 0 for -1: peers:[020943f0-ab7d-43b4-aa7e-bd0cde918a3e|127.0.0.1:15326, 38098fde-9f6f-4ad0-993c-715d8f2d4b32|127.0.0.1:15308, c059e8ba-a531-47a3-a497-45c8f0b0c72e|127.0.0.1:15317]|listeners:[], old=null
2024-04-25 19:26:11,525 [c059e8ba-a531-47a3-a497-45c8f0b0c72e@group-3D56868D618F-LeaderElection57] INFO  server.RaftServerConfigKeys (ConfUtils.java:logFallback(53)) - raft.server.rpc.first-election.timeout.min = 5s (fallback to raft.server.rpc.timeout.min)
2024-04-25 19:26:11,525 [c059e8ba-a531-47a3-a497-45c8f0b0c72e@group-3D56868D618F-LeaderElection57-1] INFO  server.GrpcServerProtocolClient (GrpcServerProtocolClient.java:<init>(65)) - Build channel for 020943f0-ab7d-43b4-aa7e-bd0cde918a3e|127.0.0.1:15326
2024-04-25 19:26:11,525 [c059e8ba-a531-47a3-a497-45c8f0b0c72e@group-3D56868D618F-LeaderElection57] INFO  server.RaftServerConfigKeys (ConfUtils.java:logFallback(53)) - raft.server.rpc.first-election.timeout.max = 5200ms (fallback to raft.server.rpc.timeout.max)
2024-04-25 19:26:11,525 [c059e8ba-a531-47a3-a497-45c8f0b0c72e@group-3D56868D618F-LeaderElection57-2] INFO  server.GrpcServerProtocolClient (GrpcServerProtocolClient.java:<init>(65)) - Build channel for 38098fde-9f6f-4ad0-993c-715d8f2d4b32|127.0.0.1:15308
2024-04-25 19:26:11,527 [main] INFO  ozone.MiniOzoneClusterImpl (MiniOzoneClusterImpl.java:lambda$waitForClusterToBeReady$0(194)) - Nodes are ready. Got 9 of 9 DN Heartbeats.
2024-04-25 19:26:11,527 [main] INFO  ozone.MiniOzoneClusterImpl (MiniOzoneClusterImpl.java:lambda$waitForClusterToBeReady$0(197)) - Cluster exits safe mode
2024-04-25 19:26:11,527 [main] INFO  ozone.MiniOzoneClusterImpl (MiniOzoneClusterImpl.java:lambda$waitForClusterToBeReady$0(199)) - SCM became leader
2024-04-25 19:26:11,528 [main] INFO  protocolPB.OmTransportFactory (OmTransportFactory.java:createFactory(62)) - Loading OM transport implementation org.apache.hadoop.ozone.om.protocolPB.Hadoop3OmTransportFactory as specified by configuration.
2024-04-25 19:26:11,532 [grpc-default-executor-4] INFO  server.RaftServer$Division (RaftServerImpl.java:requestVote(1389)) - 020943f0-ab7d-43b4-aa7e-bd0cde918a3e@group-3D56868D618F: receive requestVote(PRE_VOTE, c059e8ba-a531-47a3-a497-45c8f0b0c72e, group-3D56868D618F, 0, (t:0, i:0))
2024-04-25 19:26:11,532 [grpc-default-executor-4] INFO  impl.VoteContext (VoteContext.java:log(49)) - 020943f0-ab7d-43b4-aa7e-bd0cde918a3e@group-3D56868D618F-FOLLOWER: accept PRE_VOTE from c059e8ba-a531-47a3-a497-45c8f0b0c72e: our priority 0 <= candidate's priority 1
2024-04-25 19:26:11,532 [grpc-default-executor-4] INFO  server.RaftServer$Division (RaftServerImpl.java:requestVote(1422)) - 020943f0-ab7d-43b4-aa7e-bd0cde918a3e@group-3D56868D618F replies to PRE_VOTE vote request: c059e8ba-a531-47a3-a497-45c8f0b0c72e<-020943f0-ab7d-43b4-aa7e-bd0cde918a3e#0:OK-t0. Peer's state: 020943f0-ab7d-43b4-aa7e-bd0cde918a3e@group-3D56868D618F:t0, leader=null, voted=, raftlog=Memoized:020943f0-ab7d-43b4-aa7e-bd0cde918a3e@group-3D56868D618F-SegmentedRaftLog:OPENED:c-1, conf=-1: peers:[020943f0-ab7d-43b4-aa7e-bd0cde918a3e|127.0.0.1:15326, 38098fde-9f6f-4ad0-993c-715d8f2d4b32|127.0.0.1:15308, c059e8ba-a531-47a3-a497-45c8f0b0c72e|127.0.0.1:15317]|listeners:[], old=null
2024-04-25 19:26:11,534 [main] INFO  rpc.RpcClient (RpcClient.java:createVolume(466)) - Creating Volume: watchforcommithandlingtest, with runner as owner and space quota set to -1 bytes, counts quota set to -1
2024-04-25 19:26:11,534 [grpc-default-executor-4] INFO  server.RaftServer$Division (RaftServerImpl.java:requestVote(1389)) - 38098fde-9f6f-4ad0-993c-715d8f2d4b32@group-3D56868D618F: receive requestVote(PRE_VOTE, c059e8ba-a531-47a3-a497-45c8f0b0c72e, group-3D56868D618F, 0, (t:0, i:0))
2024-04-25 19:26:11,534 [grpc-default-executor-4] INFO  impl.VoteContext (VoteContext.java:log(49)) - 38098fde-9f6f-4ad0-993c-715d8f2d4b32@group-3D56868D618F-FOLLOWER: accept PRE_VOTE from c059e8ba-a531-47a3-a497-45c8f0b0c72e: our priority 0 <= candidate's priority 1
2024-04-25 19:26:11,534 [grpc-default-executor-4] INFO  server.RaftServer$Division (RaftServerImpl.java:requestVote(1422)) - 38098fde-9f6f-4ad0-993c-715d8f2d4b32@group-3D56868D618F replies to PRE_VOTE vote request: c059e8ba-a531-47a3-a497-45c8f0b0c72e<-38098fde-9f6f-4ad0-993c-715d8f2d4b32#0:OK-t0. Peer's state: 38098fde-9f6f-4ad0-993c-715d8f2d4b32@group-3D56868D618F:t0, leader=null, voted=, raftlog=Memoized:38098fde-9f6f-4ad0-993c-715d8f2d4b32@group-3D56868D618F-SegmentedRaftLog:OPENED:c-1, conf=-1: peers:[020943f0-ab7d-43b4-aa7e-bd0cde918a3e|127.0.0.1:15326, 38098fde-9f6f-4ad0-993c-715d8f2d4b32|127.0.0.1:15308, c059e8ba-a531-47a3-a497-45c8f0b0c72e|127.0.0.1:15317]|listeners:[], old=null
2024-04-25 19:26:11,534 [c059e8ba-a531-47a3-a497-45c8f0b0c72e@group-3D56868D618F-LeaderElection57] INFO  impl.LeaderElection (LeaderElection.java:logAndReturn(89)) - c059e8ba-a531-47a3-a497-45c8f0b0c72e@group-3D56868D618F-LeaderElection57: PRE_VOTE PASSED received 1 response(s) and 0 exception(s):
2024-04-25 19:26:11,535 [c059e8ba-a531-47a3-a497-45c8f0b0c72e@group-3D56868D618F-LeaderElection57] INFO  impl.LeaderElection (LeaderElection.java:logAndReturn(93)) -   Response 0: c059e8ba-a531-47a3-a497-45c8f0b0c72e<-020943f0-ab7d-43b4-aa7e-bd0cde918a3e#0:OK-t0
2024-04-25 19:26:11,535 [c059e8ba-a531-47a3-a497-45c8f0b0c72e@group-3D56868D618F-LeaderElection57] INFO  impl.LeaderElection (LeaderElection.java:askForVotes(323)) - c059e8ba-a531-47a3-a497-45c8f0b0c72e@group-3D56868D618F-LeaderElection57 PRE_VOTE round 0: result PASSED
2024-04-25 19:26:11,535 [020943f0-ab7d-43b4-aa7e-bd0cde918a3e@group-A1EEB6A496A4-SegmentedRaftLogWorker] INFO  segmented.SegmentedRaftLogWorker (SegmentedRaftLogWorker.java:execute(634)) - 020943f0-ab7d-43b4-aa7e-bd0cde918a3e@group-A1EEB6A496A4-SegmentedRaftLogWorker: created new log segment /home/runner/work/ozone/ozone/hadoop-ozone/integration-test/target/test-dir/MiniOzoneClusterImpl-f82f7a4c-b7ce-4bc7-bddc-b4ce9d407ba8/ozone-meta/datanode-6/ratis/0b298d8b-809b-47ef-876f-a1eeb6a496a4/current/log_inprogress_0
2024-04-25 19:26:11,536 [c059e8ba-a531-47a3-a497-45c8f0b0c72e@group-3D56868D618F-LeaderElection57] INFO  impl.LeaderElection (LeaderElection.java:askForVotes(321)) - c059e8ba-a531-47a3-a497-45c8f0b0c72e@group-3D56868D618F-LeaderElection57 ELECTION round 0: submit vote requests at term 1 for -1: peers:[020943f0-ab7d-43b4-aa7e-bd0cde918a3e|127.0.0.1:15326, 38098fde-9f6f-4ad0-993c-715d8f2d4b32|127.0.0.1:15308, c059e8ba-a531-47a3-a497-45c8f0b0c72e|127.0.0.1:15317]|listeners:[], old=null
2024-04-25 19:26:11,536 [020943f0-ab7d-43b4-aa7e-bd0cde918a3e@group-A1EEB6A496A4-StateMachineUpdater] INFO  server.RaftServer$Division (LeaderStateImpl.java:isApplied(320)) - leader is ready since appliedIndex == 0 >= startIndex == 0
2024-04-25 19:26:11,541 [grpc-default-executor-4] INFO  server.RaftServer$Division (RaftServerImpl.java:requestVote(1389)) - 020943f0-ab7d-43b4-aa7e-bd0cde918a3e@group-3D56868D618F: receive requestVote(ELECTION, c059e8ba-a531-47a3-a497-45c8f0b0c72e, group-3D56868D618F, 1, (t:0, i:0))
2024-04-25 19:26:11,541 [grpc-default-executor-4] INFO  impl.VoteContext (VoteContext.java:log(49)) - 020943f0-ab7d-43b4-aa7e-bd0cde918a3e@group-3D56868D618F-FOLLOWER: accept ELECTION from c059e8ba-a531-47a3-a497-45c8f0b0c72e: our priority 0 <= candidate's priority 1
2024-04-25 19:26:11,541 [grpc-default-executor-4] INFO  server.RaftServer$Division (RaftServerImpl.java:setRole(383)) - 020943f0-ab7d-43b4-aa7e-bd0cde918a3e@group-3D56868D618F: changes role from  FOLLOWER to FOLLOWER at term 1 for candidate:c059e8ba-a531-47a3-a497-45c8f0b0c72e
2024-04-25 19:26:11,541 [grpc-default-executor-4] INFO  impl.RoleInfo (RoleInfo.java:shutdownFollowerState(110)) - 020943f0-ab7d-43b4-aa7e-bd0cde918a3e: shutdown 020943f0-ab7d-43b4-aa7e-bd0cde918a3e@group-3D56868D618F-FollowerState
2024-04-25 19:26:11,541 [grpc-default-executor-4] INFO  impl.RoleInfo (RoleInfo.java:updateAndGet(139)) - 020943f0-ab7d-43b4-aa7e-bd0cde918a3e: start 020943f0-ab7d-43b4-aa7e-bd0cde918a3e@group-3D56868D618F-FollowerState
2024-04-25 19:26:11,541 [020943f0-ab7d-43b4-aa7e-bd0cde918a3e@group-3D56868D618F-FollowerState] INFO  impl.FollowerState (FollowerState.java:run(152)) - 020943f0-ab7d-43b4-aa7e-bd0cde918a3e@group-3D56868D618F-FollowerState was interrupted
2024-04-25 19:26:11,543 [c059e8ba-a531-47a3-a497-45c8f0b0c72e@group-3D56868D618F-LeaderElection57] INFO  server.RaftServerConfigKeys (ConfUtils.java:logFallback(53)) - raft.server.rpc.first-election.timeout.min = 5s (fallback to raft.server.rpc.timeout.min)
2024-04-25 19:26:11,543 [c059e8ba-a531-47a3-a497-45c8f0b0c72e@group-3D56868D618F-LeaderElection57] INFO  server.RaftServerConfigKeys (ConfUtils.java:logFallback(53)) - raft.server.rpc.first-election.timeout.max = 5200ms (fallback to raft.server.rpc.timeout.max)
2024-04-25 19:26:11,544 [grpc-default-executor-3] INFO  server.RaftServer$Division (RaftServerImpl.java:requestVote(1389)) - 38098fde-9f6f-4ad0-993c-715d8f2d4b32@group-3D56868D618F: receive requestVote(ELECTION, c059e8ba-a531-47a3-a497-45c8f0b0c72e, group-3D56868D618F, 1, (t:0, i:0))
2024-04-25 19:26:11,544 [grpc-default-executor-3] INFO  impl.VoteContext (VoteContext.java:log(49)) - 38098fde-9f6f-4ad0-993c-715d8f2d4b32@group-3D56868D618F-FOLLOWER: accept ELECTION from c059e8ba-a531-47a3-a497-45c8f0b0c72e: our priority 0 <= candidate's priority 1
2024-04-25 19:26:11,544 [grpc-default-executor-3] INFO  server.RaftServer$Division (RaftServerImpl.java:setRole(383)) - 38098fde-9f6f-4ad0-993c-715d8f2d4b32@group-3D56868D618F: changes role from  FOLLOWER to FOLLOWER at term 1 for candidate:c059e8ba-a531-47a3-a497-45c8f0b0c72e
2024-04-25 19:26:11,544 [grpc-default-executor-3] INFO  impl.RoleInfo (RoleInfo.java:shutdownFollowerState(110)) - 38098fde-9f6f-4ad0-993c-715d8f2d4b32: shutdown 38098fde-9f6f-4ad0-993c-715d8f2d4b32@group-3D56868D618F-FollowerState
2024-04-25 19:26:11,544 [grpc-default-executor-3] INFO  impl.RoleInfo (RoleInfo.java:updateAndGet(139)) - 38098fde-9f6f-4ad0-993c-715d8f2d4b32: start 38098fde-9f6f-4ad0-993c-715d8f2d4b32@group-3D56868D618F-FollowerState
2024-04-25 19:26:11,544 [38098fde-9f6f-4ad0-993c-715d8f2d4b32@group-3D56868D618F-FollowerState] INFO  impl.FollowerState (FollowerState.java:run(152)) - 38098fde-9f6f-4ad0-993c-715d8f2d4b32@group-3D56868D618F-FollowerState was interrupted
2024-04-25 19:26:11,545 [om1-OMStateMachineApplyTransactionThread - 0] INFO  volume.OMVolumeCreateRequest (OMVolumeCreateRequest.java:validateAndUpdateCache(198)) - created volume:watchforcommithandlingtest for user:runner
2024-04-25 19:26:11,546 [grpc-default-executor-4] INFO  server.RaftServer$Division (RaftServerImpl.java:setFirstElection(574)) - 020943f0-ab7d-43b4-aa7e-bd0cde918a3e@group-3D56868D618F: set firstElectionSinceStartup to false for candidate:c059e8ba-a531-47a3-a497-45c8f0b0c72e
2024-04-25 19:26:11,547 [grpc-default-executor-4] INFO  server.RaftServer$Division (RaftServerImpl.java:requestVote(1422)) - 020943f0-ab7d-43b4-aa7e-bd0cde918a3e@group-3D56868D618F replies to ELECTION vote request: c059e8ba-a531-47a3-a497-45c8f0b0c72e<-020943f0-ab7d-43b4-aa7e-bd0cde918a3e#0:OK-t1. Peer's state: 020943f0-ab7d-43b4-aa7e-bd0cde918a3e@group-3D56868D618F:t1, leader=null, voted=c059e8ba-a531-47a3-a497-45c8f0b0c72e, raftlog=Memoized:020943f0-ab7d-43b4-aa7e-bd0cde918a3e@group-3D56868D618F-SegmentedRaftLog:OPENED:c-1, conf=-1: peers:[020943f0-ab7d-43b4-aa7e-bd0cde918a3e|127.0.0.1:15326, 38098fde-9f6f-4ad0-993c-715d8f2d4b32|127.0.0.1:15308, c059e8ba-a531-47a3-a497-45c8f0b0c72e|127.0.0.1:15317]|listeners:[], old=null
2024-04-25 19:26:11,548 [grpc-default-executor-3] INFO  server.RaftServer$Division (RaftServerImpl.java:requestVote(1422)) - 38098fde-9f6f-4ad0-993c-715d8f2d4b32@group-3D56868D618F replies to ELECTION vote request: c059e8ba-a531-47a3-a497-45c8f0b0c72e<-38098fde-9f6f-4ad0-993c-715d8f2d4b32#0:OK-t1. Peer's state: 38098fde-9f6f-4ad0-993c-715d8f2d4b32@group-3D56868D618F:t1, leader=null, voted=c059e8ba-a531-47a3-a497-45c8f0b0c72e, raftlog=Memoized:38098fde-9f6f-4ad0-993c-715d8f2d4b32@group-3D56868D618F-SegmentedRaftLog:OPENED:c-1, conf=-1: peers:[020943f0-ab7d-43b4-aa7e-bd0cde918a3e|127.0.0.1:15326, 38098fde-9f6f-4ad0-993c-715d8f2d4b32|127.0.0.1:15308, c059e8ba-a531-47a3-a497-45c8f0b0c72e|127.0.0.1:15317]|listeners:[], old=null
2024-04-25 19:26:11,548 [main] INFO  rpc.RpcClient (RpcClient.java:createBucket(692)) - Creating Bucket: watchforcommithandlingtest/watchforcommithandlingtest, with server-side default bucket layout, runner as owner, Versioning false, Storage Type set to DISK and Encryption set to false, Replication Type set to server-side default replication type, Namespace Quota set to -1, Space Quota set to -1 
2024-04-25 19:26:11,549 [c059e8ba-a531-47a3-a497-45c8f0b0c72e@group-3D56868D618F-LeaderElection57] INFO  impl.LeaderElection (LeaderElection.java:logAndReturn(89)) - c059e8ba-a531-47a3-a497-45c8f0b0c72e@group-3D56868D618F-LeaderElection57: ELECTION PASSED received 1 response(s) and 0 exception(s):
2024-04-25 19:26:11,549 [c059e8ba-a531-47a3-a497-45c8f0b0c72e@group-3D56868D618F-LeaderElection57] INFO  impl.LeaderElection (LeaderElection.java:logAndReturn(93)) -   Response 0: c059e8ba-a531-47a3-a497-45c8f0b0c72e<-020943f0-ab7d-43b4-aa7e-bd0cde918a3e#0:OK-t1
2024-04-25 19:26:11,549 [c059e8ba-a531-47a3-a497-45c8f0b0c72e@group-3D56868D618F-LeaderElection57] INFO  impl.LeaderElection (LeaderElection.java:askForVotes(323)) - c059e8ba-a531-47a3-a497-45c8f0b0c72e@group-3D56868D618F-LeaderElection57 ELECTION round 0: result PASSED
2024-04-25 19:26:11,549 [c059e8ba-a531-47a3-a497-45c8f0b0c72e@group-3D56868D618F-LeaderElection57] INFO  impl.RoleInfo (RoleInfo.java:shutdownLeaderElection(130)) - c059e8ba-a531-47a3-a497-45c8f0b0c72e: shutdown c059e8ba-a531-47a3-a497-45c8f0b0c72e@group-3D56868D618F-LeaderElection57
2024-04-25 19:26:11,549 [c059e8ba-a531-47a3-a497-45c8f0b0c72e@group-3D56868D618F-LeaderElection57] INFO  server.RaftServer$Division (RaftServerImpl.java:setRole(383)) - c059e8ba-a531-47a3-a497-45c8f0b0c72e@group-3D56868D618F: changes role from CANDIDATE to LEADER at term 1 for changeToLeader
2024-04-25 19:26:11,549 [c059e8ba-a531-47a3-a497-45c8f0b0c72e@group-3D56868D618F-LeaderElection57] INFO  server.RaftServerConfigKeys (ConfUtils.java:logGet(46)) - raft.server.staging.catchup.gap = 1000 (default)
2024-04-25 19:26:11,549 [c059e8ba-a531-47a3-a497-45c8f0b0c72e@group-3D56868D618F-LeaderElection57] INFO  server.RaftServerConfigKeys (ConfUtils.java:logGet(46)) - raft.server.write.element-limit = 1024 (custom)
2024-04-25 19:26:11,549 [c059e8ba-a531-47a3-a497-45c8f0b0c72e@group-3D56868D618F-LeaderElection57] INFO  server.RaftServerConfigKeys (ConfUtils.java:logGet(46)) - raft.server.write.byte-limit = 1024 M (=1073741824) (custom)
2024-04-25 19:26:11,550 [c059e8ba-a531-47a3-a497-45c8f0b0c72e@group-3D56868D618F-LeaderElection57] INFO  server.RaftServerConfigKeys (ConfUtils.java:logGet(46)) - raft.server.watch.timeout = 3000ms (custom)
2024-04-25 19:26:11,550 [c059e8ba-a531-47a3-a497-45c8f0b0c72e@group-3D56868D618F-LeaderElection57] INFO  server.RaftServerConfigKeys (ConfUtils.java:logGet(46)) - raft.server.watch.timeout.denomination = 1s (default)
2024-04-25 19:26:11,550 [c059e8ba-a531-47a3-a497-45c8f0b0c72e@group-3D56868D618F-LeaderElection57] INFO  server.RaftServerConfigKeys (ConfUtils.java:logGet(46)) - raft.server.watch.element-limit = 65536 (default)
2024-04-25 19:26:11,550 [c059e8ba-a531-47a3-a497-45c8f0b0c72e@group-3D56868D618F-LeaderElection57] INFO  server.RaftServerConfigKeys (ConfUtils.java:logGet(46)) - raft.server.read.leader.lease.enabled = false (default)
2024-04-25 19:26:11,550 [c059e8ba-a531-47a3-a497-45c8f0b0c72e@group-3D56868D618F-LeaderElection57] INFO  server.RaftServerConfigKeys (ConfUtils.java:logGet(46)) - raft.server.read.leader.lease.timeout.ratio = 0.9 (default)
2024-04-25 19:26:11,550 [c059e8ba-a531-47a3-a497-45c8f0b0c72e@group-3D56868D618F-LeaderElection57] INFO  server.RaftServerConfigKeys (ConfUtils.java:logGet(46)) - raft.server.rpc.timeout.min = 5s (custom)
2024-04-25 19:26:11,550 [c059e8ba-a531-47a3-a497-45c8f0b0c72e@group-3D56868D618F-LeaderElection57] INFO  server.RaftServerConfigKeys (ConfUtils.java:logGet(46)) - raft.server.write.element-limit = 1024 (custom)
2024-04-25 19:26:11,550 [c059e8ba-a531-47a3-a497-45c8f0b0c72e@group-3D56868D618F-LeaderElection57] INFO  server.RaftServerConfigKeys (ConfUtils.java:logGet(46)) - raft.server.write.follower.gap.ratio.max = -1.0 (default)
2024-04-25 19:26:11,550 [c059e8ba-a531-47a3-a497-45c8f0b0c72e@group-3D56868D618F-LeaderElection57] INFO  server.RaftServerConfigKeys (ConfUtils.java:logGet(46)) - raft.server.log.appender.snapshot.chunk.size.max = 16MB (=16777216) (default)
2024-04-25 19:26:11,550 [c059e8ba-a531-47a3-a497-45c8f0b0c72e@group-3D56868D618F-LeaderElection57] INFO  server.RaftServerConfigKeys (ConfUtils.java:logGet(46)) - raft.server.log.appender.buffer.byte-limit = 8388608 (custom)
2024-04-25 19:26:11,550 [c059e8ba-a531-47a3-a497-45c8f0b0c72e@group-3D56868D618F-LeaderElection57] INFO  server.RaftServerConfigKeys (ConfUtils.java:logGet(46)) - raft.server.log.appender.buffer.element-limit = 1 (custom)
2024-04-25 19:26:11,550 [c059e8ba-a531-47a3-a497-45c8f0b0c72e@group-3D56868D618F-LeaderElection57] INFO  server.RaftServerConfigKeys (ConfUtils.java:logGet(46)) - raft.server.log.appender.wait-time.min = 0ms (custom)
2024-04-25 19:26:11,550 [c059e8ba-a531-47a3-a497-45c8f0b0c72e@group-3D56868D618F-LeaderElection57] INFO  grpc.GrpcConfigKeys (ConfUtils.java:logGet(46)) - raft.grpc.server.leader.outstanding.appends.max = 8 (default)
2024-04-25 19:26:11,550 [c059e8ba-a531-47a3-a497-45c8f0b0c72e@group-3D56868D618F-LeaderElection57] INFO  server.RaftServerConfigKeys (ConfUtils.java:logGet(46)) - raft.server.rpc.request.timeout = 3000ms (default)
2024-04-25 19:26:11,551 [c059e8ba-a531-47a3-a497-45c8f0b0c72e@group-3D56868D618F-LeaderElection57] INFO  grpc.GrpcConfigKeys (ConfUtils.java:logGet(46)) - raft.grpc.server.install_snapshot.request.element-limit = 8 (default)
2024-04-25 19:26:11,551 [c059e8ba-a531-47a3-a497-45c8f0b0c72e@group-3D56868D618F-LeaderElection57] INFO  grpc.GrpcConfigKeys (ConfUtils.java:logGet(46)) - raft.grpc.server.install_snapshot.request.timeout = 3000ms (default)
2024-04-25 19:26:11,551 [c059e8ba-a531-47a3-a497-45c8f0b0c72e@group-3D56868D618F-LeaderElection57] INFO  grpc.GrpcConfigKeys (ConfUtils.java:logGet(46)) - raft.grpc.server.log-message.batch.duration = 5s (default)
2024-04-25 19:26:11,551 [c059e8ba-a531-47a3-a497-45c8f0b0c72e@group-3D56868D618F-LeaderElection57] INFO  server.RaftServerConfigKeys (ConfUtils.java:logGet(46)) - raft.server.log.appender.install.snapshot.enabled = false (custom)
2024-04-25 19:26:11,551 [c059e8ba-a531-47a3-a497-45c8f0b0c72e@group-3D56868D618F-LeaderElection57] INFO  grpc.GrpcConfigKeys (ConfUtils.java:logGet(46)) - raft.grpc.server.heartbeat.channel = true (default)
2024-04-25 19:26:11,551 [c059e8ba-a531-47a3-a497-45c8f0b0c72e@group-3D56868D618F-LeaderElection57] INFO  server.RaftServerConfigKeys (ConfUtils.java:logGet(46)) - raft.server.log.appender.snapshot.chunk.size.max = 16MB (=16777216) (default)
2024-04-25 19:26:11,551 [c059e8ba-a531-47a3-a497-45c8f0b0c72e@group-3D56868D618F-LeaderElection57] INFO  server.RaftServerConfigKeys (ConfUtils.java:logGet(46)) - raft.server.log.appender.buffer.byte-limit = 8388608 (custom)
2024-04-25 19:26:11,551 [c059e8ba-a531-47a3-a497-45c8f0b0c72e@group-3D56868D618F-LeaderElection57] INFO  server.RaftServerConfigKeys (ConfUtils.java:logGet(46)) - raft.server.log.appender.buffer.element-limit = 1 (custom)
2024-04-25 19:26:11,552 [c059e8ba-a531-47a3-a497-45c8f0b0c72e@group-3D56868D618F-LeaderElection57] INFO  server.RaftServerConfigKeys (ConfUtils.java:logGet(46)) - raft.server.log.appender.wait-time.min = 0ms (custom)
2024-04-25 19:26:11,552 [c059e8ba-a531-47a3-a497-45c8f0b0c72e@group-3D56868D618F-LeaderElection57] INFO  grpc.GrpcConfigKeys (ConfUtils.java:logGet(46)) - raft.grpc.server.leader.outstanding.appends.max = 8 (default)
2024-04-25 19:26:11,552 [c059e8ba-a531-47a3-a497-45c8f0b0c72e@group-3D56868D618F-LeaderElection57] INFO  server.RaftServerConfigKeys (ConfUtils.java:logGet(46)) - raft.server.rpc.request.timeout = 3000ms (default)
2024-04-25 19:26:11,552 [c059e8ba-a531-47a3-a497-45c8f0b0c72e@group-3D56868D618F-LeaderElection57] INFO  grpc.GrpcConfigKeys (ConfUtils.java:logGet(46)) - raft.grpc.server.install_snapshot.request.element-limit = 8 (default)
2024-04-25 19:26:11,552 [c059e8ba-a531-47a3-a497-45c8f0b0c72e@group-3D56868D618F-LeaderElection57] INFO  grpc.GrpcConfigKeys (ConfUtils.java:logGet(46)) - raft.grpc.server.install_snapshot.request.timeout = 3000ms (default)
2024-04-25 19:26:11,552 [c059e8ba-a531-47a3-a497-45c8f0b0c72e@group-3D56868D618F-LeaderElection57] INFO  grpc.GrpcConfigKeys (ConfUtils.java:logGet(46)) - raft.grpc.server.log-message.batch.duration = 5s (default)
2024-04-25 19:26:11,552 [c059e8ba-a531-47a3-a497-45c8f0b0c72e@group-3D56868D618F-LeaderElection57] INFO  server.RaftServerConfigKeys (ConfUtils.java:logGet(46)) - raft.server.log.appender.install.snapshot.enabled = false (custom)
2024-04-25 19:26:11,552 [c059e8ba-a531-47a3-a497-45c8f0b0c72e@group-3D56868D618F-LeaderElection57] INFO  grpc.GrpcConfigKeys (ConfUtils.java:logGet(46)) - raft.grpc.server.heartbeat.channel = true (default)
2024-04-25 19:26:11,552 [c059e8ba-a531-47a3-a497-45c8f0b0c72e@group-3D56868D618F-LeaderElection57] INFO  impl.RoleInfo (RoleInfo.java:updateAndGet(139)) - c059e8ba-a531-47a3-a497-45c8f0b0c72e: start c059e8ba-a531-47a3-a497-45c8f0b0c72e@group-3D56868D618F-LeaderStateImpl
2024-04-25 19:26:11,552 [c059e8ba-a531-47a3-a497-45c8f0b0c72e@group-3D56868D618F-LeaderElection57] INFO  server.RaftServer$Division (RaftServerImpl.java:setFirstElection(574)) - c059e8ba-a531-47a3-a497-45c8f0b0c72e@group-3D56868D618F: set firstElectionSinceStartup to false for becomeLeader
2024-04-25 19:26:11,552 [c059e8ba-a531-47a3-a497-45c8f0b0c72e@group-3D56868D618F-LeaderElection57] INFO  ratis.XceiverServerRatis (XceiverServerRatis.java:handleLeaderChangedNotification(966)) - Leader change notification received for group: group-3D56868D618F with new leaderId: c059e8ba-a531-47a3-a497-45c8f0b0c72e
2024-04-25 19:26:11,552 [c059e8ba-a531-47a3-a497-45c8f0b0c72e@group-3D56868D618F-LeaderElection57] INFO  server.RaftServer$Division (ServerState.java:setLeader(269)) - c059e8ba-a531-47a3-a497-45c8f0b0c72e@group-3D56868D618F: change Leader from null to c059e8ba-a531-47a3-a497-45c8f0b0c72e at term 1 for becomeLeader, leader elected after 5255ms
2024-04-25 19:26:11,552 [c059e8ba-a531-47a3-a497-45c8f0b0c72e@group-3D56868D618F-LeaderElection57] INFO  segmented.SegmentedRaftLogWorker (SegmentedRaftLogWorker.java:startLogSegment(430)) - c059e8ba-a531-47a3-a497-45c8f0b0c72e@group-3D56868D618F-SegmentedRaftLogWorker: Starting segment from index:0
2024-04-25 19:26:11,553 [c059e8ba-a531-47a3-a497-45c8f0b0c72e@group-3D56868D618F-LeaderElection57] INFO  server.RaftServer$Division (ServerState.java:setRaftConf(386)) - c059e8ba-a531-47a3-a497-45c8f0b0c72e@group-3D56868D618F: set configuration 0: peers:[020943f0-ab7d-43b4-aa7e-bd0cde918a3e|127.0.0.1:15326, 38098fde-9f6f-4ad0-993c-715d8f2d4b32|127.0.0.1:15308, c059e8ba-a531-47a3-a497-45c8f0b0c72e|127.0.0.1:15317]|listeners:[], old=null
2024-04-25 19:26:11,553 [c059e8ba-a531-47a3-a497-45c8f0b0c72e@group-3D56868D618F-SegmentedRaftLogWorker] INFO  segmented.BufferedWriteChannel (BufferedWriteChannel.java:open(62)) - open log_inprogress_0 at position 0
2024-04-25 19:26:11,554 [EventQueue-PipelineReportForPipelineReportHandler] INFO  pipeline.PipelineReportHandler (PipelineReportHandler.java:processPipelineReport(136)) - Opened pipeline PipelineID=60c42758-0b39-42ff-b7dc-3d56868d618f
2024-04-25 19:26:11,555 [om1-OMStateMachineApplyTransactionThread - 0] INFO  bucket.OMBucketCreateRequest (OMBucketCreateRequest.java:validateAndUpdateCache(293)) - created bucket: watchforcommithandlingtest of layout FILE_SYSTEM_OPTIMIZED in volume: watchforcommithandlingtest
2024-04-25 19:26:11,561 [c059e8ba-a531-47a3-a497-45c8f0b0c72e@group-3D56868D618F-SegmentedRaftLogWorker] INFO  segmented.SegmentedRaftLogWorker (SegmentedRaftLogWorker.java:execute(634)) - c059e8ba-a531-47a3-a497-45c8f0b0c72e@group-3D56868D618F-SegmentedRaftLogWorker: created new log segment /home/runner/work/ozone/ozone/hadoop-ozone/integration-test/target/test-dir/MiniOzoneClusterImpl-f82f7a4c-b7ce-4bc7-bddc-b4ce9d407ba8/ozone-meta/datanode-5/ratis/60c42758-0b39-42ff-b7dc-3d56868d618f/current/log_inprogress_0
2024-04-25 19:26:11,562 [IPC Server handler 0 on default port 15267] INFO  ha.SequenceIdGenerator (SequenceIdGenerator.java:getNextId(145)) - Allocate a batch for containerId, change lastId from 0 to 1000.
2024-04-25 19:26:11,566 [38098fde-9f6f-4ad0-993c-715d8f2d4b32-server-thread1] INFO  ratis.XceiverServerRatis (XceiverServerRatis.java:handleLeaderChangedNotification(966)) - Leader change notification received for group: group-3D56868D618F with new leaderId: c059e8ba-a531-47a3-a497-45c8f0b0c72e
2024-04-25 19:26:11,567 [38098fde-9f6f-4ad0-993c-715d8f2d4b32-server-thread1] INFO  server.RaftServer$Division (ServerState.java:setLeader(269)) - 38098fde-9f6f-4ad0-993c-715d8f2d4b32@group-3D56868D618F: change Leader from null to c059e8ba-a531-47a3-a497-45c8f0b0c72e at term 1 for appendEntries, leader elected after 5291ms
2024-04-25 19:26:11,567 [485a0214-1e55-4d9f-9e33-2b2fc5076c56@group-A2B11DDD0FBC-FollowerState] INFO  impl.FollowerState (FollowerState.java:run(143)) - 485a0214-1e55-4d9f-9e33-2b2fc5076c56@group-A2B11DDD0FBC-FollowerState: change to CANDIDATE, lastRpcElapsedTime:5083058070ns, electionTimeout:5082ms
2024-04-25 19:26:11,567 [485a0214-1e55-4d9f-9e33-2b2fc5076c56@group-A2B11DDD0FBC-FollowerState] INFO  impl.RoleInfo (RoleInfo.java:shutdownFollowerState(110)) - 485a0214-1e55-4d9f-9e33-2b2fc5076c56: shutdown 485a0214-1e55-4d9f-9e33-2b2fc5076c56@group-A2B11DDD0FBC-FollowerState
2024-04-25 19:26:11,567 [485a0214-1e55-4d9f-9e33-2b2fc5076c56@group-A2B11DDD0FBC-FollowerState] INFO  server.RaftServer$Division (RaftServerImpl.java:setRole(383)) - 485a0214-1e55-4d9f-9e33-2b2fc5076c56@group-A2B11DDD0FBC: changes role from  FOLLOWER to CANDIDATE at term 0 for changeToCandidate
2024-04-25 19:26:11,568 [485a0214-1e55-4d9f-9e33-2b2fc5076c56@group-A2B11DDD0FBC-FollowerState] INFO  server.RaftServerConfigKeys (ConfUtils.java:logGet(46)) - raft.server.leaderelection.pre-vote = true (default)
2024-04-25 19:26:11,568 [485a0214-1e55-4d9f-9e33-2b2fc5076c56@group-A2B11DDD0FBC-FollowerState] INFO  impl.RoleInfo (RoleInfo.java:updateAndGet(139)) - 485a0214-1e55-4d9f-9e33-2b2fc5076c56: start 485a0214-1e55-4d9f-9e33-2b2fc5076c56@group-A2B11DDD0FBC-LeaderElection58
2024-04-25 19:26:11,570 [020943f0-ab7d-43b4-aa7e-bd0cde918a3e-server-thread1] INFO  ratis.XceiverServerRatis (XceiverServerRatis.java:handleLeaderChangedNotification(966)) - Leader change notification received for group: group-3D56868D618F with new leaderId: c059e8ba-a531-47a3-a497-45c8f0b0c72e
2024-04-25 19:26:11,570 [020943f0-ab7d-43b4-aa7e-bd0cde918a3e-server-thread1] INFO  server.RaftServer$Division (ServerState.java:setLeader(269)) - 020943f0-ab7d-43b4-aa7e-bd0cde918a3e@group-3D56868D618F: change Leader from null to c059e8ba-a531-47a3-a497-45c8f0b0c72e at term 1 for appendEntries, leader elected after 5220ms
2024-04-25 19:26:11,572 [020943f0-ab7d-43b4-aa7e-bd0cde918a3e-server-thread2] INFO  server.RaftServer$Division (ServerState.java:setRaftConf(386)) - 020943f0-ab7d-43b4-aa7e-bd0cde918a3e@group-3D56868D618F: set configuration 0: peers:[020943f0-ab7d-43b4-aa7e-bd0cde918a3e|127.0.0.1:15326, 38098fde-9f6f-4ad0-993c-715d8f2d4b32|127.0.0.1:15308, c059e8ba-a531-47a3-a497-45c8f0b0c72e|127.0.0.1:15317]|listeners:[], old=null
2024-04-25 19:26:11,572 [485a0214-1e55-4d9f-9e33-2b2fc5076c56@group-A2B11DDD0FBC-LeaderElection58] INFO  impl.LeaderElection (LeaderElection.java:askForVotes(321)) - 485a0214-1e55-4d9f-9e33-2b2fc5076c56@group-A2B11DDD0FBC-LeaderElection58 PRE_VOTE round 0: submit vote requests at term 0 for -1: peers:[485a0214-1e55-4d9f-9e33-2b2fc5076c56|127.0.0.1:15344]|listeners:[], old=null
2024-04-25 19:26:11,572 [485a0214-1e55-4d9f-9e33-2b2fc5076c56@group-A2B11DDD0FBC-LeaderElection58] INFO  impl.LeaderElection (LeaderElection.java:askForVotes(323)) - 485a0214-1e55-4d9f-9e33-2b2fc5076c56@group-A2B11DDD0FBC-LeaderElection58 PRE_VOTE round 0: result PASSED (term=0)
2024-04-25 19:26:11,572 [020943f0-ab7d-43b4-aa7e-bd0cde918a3e-server-thread2] INFO  segmented.SegmentedRaftLogWorker (SegmentedRaftLogWorker.java:startLogSegment(430)) - 020943f0-ab7d-43b4-aa7e-bd0cde918a3e@group-3D56868D618F-SegmentedRaftLogWorker: Starting segment from index:0
2024-04-25 19:26:11,572 [020943f0-ab7d-43b4-aa7e-bd0cde918a3e@group-3D56868D618F-SegmentedRaftLogWorker] INFO  segmented.BufferedWriteChannel (BufferedWriteChannel.java:open(62)) - open log_inprogress_0 at position 0
2024-04-25 19:26:11,576 [38098fde-9f6f-4ad0-993c-715d8f2d4b32-server-thread2] INFO  server.RaftServer$Division (ServerState.java:setRaftConf(386)) - 38098fde-9f6f-4ad0-993c-715d8f2d4b32@group-3D56868D618F: set configuration 0: peers:[020943f0-ab7d-43b4-aa7e-bd0cde918a3e|127.0.0.1:15326, 38098fde-9f6f-4ad0-993c-715d8f2d4b32|127.0.0.1:15308, c059e8ba-a531-47a3-a497-45c8f0b0c72e|127.0.0.1:15317]|listeners:[], old=null
2024-04-25 19:26:11,576 [38098fde-9f6f-4ad0-993c-715d8f2d4b32-server-thread2] INFO  segmented.SegmentedRaftLogWorker (SegmentedRaftLogWorker.java:startLogSegment(430)) - 38098fde-9f6f-4ad0-993c-715d8f2d4b32@group-3D56868D618F-SegmentedRaftLogWorker: Starting segment from index:0
2024-04-25 19:26:11,578 [38098fde-9f6f-4ad0-993c-715d8f2d4b32@group-3D56868D618F-SegmentedRaftLogWorker] INFO  segmented.BufferedWriteChannel (BufferedWriteChannel.java:open(62)) - open log_inprogress_0 at position 0
2024-04-25 19:26:11,580 [485a0214-1e55-4d9f-9e33-2b2fc5076c56@group-A2B11DDD0FBC-LeaderElection58] INFO  impl.LeaderElection (LeaderElection.java:askForVotes(321)) - 485a0214-1e55-4d9f-9e33-2b2fc5076c56@group-A2B11DDD0FBC-LeaderElection58 ELECTION round 0: submit vote requests at term 1 for -1: peers:[485a0214-1e55-4d9f-9e33-2b2fc5076c56|127.0.0.1:15344]|listeners:[], old=null
2024-04-25 19:26:11,580 [485a0214-1e55-4d9f-9e33-2b2fc5076c56@group-A2B11DDD0FBC-LeaderElection58] INFO  impl.LeaderElection (LeaderElection.java:askForVotes(323)) - 485a0214-1e55-4d9f-9e33-2b2fc5076c56@group-A2B11DDD0FBC-LeaderElection58 ELECTION round 0: result PASSED (term=1)
2024-04-25 19:26:11,580 [485a0214-1e55-4d9f-9e33-2b2fc5076c56@group-A2B11DDD0FBC-LeaderElection58] INFO  impl.RoleInfo (RoleInfo.java:shutdownLeaderElection(130)) - 485a0214-1e55-4d9f-9e33-2b2fc5076c56: shutdown 485a0214-1e55-4d9f-9e33-2b2fc5076c56@group-A2B11DDD0FBC-LeaderElection58
2024-04-25 19:26:11,580 [485a0214-1e55-4d9f-9e33-2b2fc5076c56@group-A2B11DDD0FBC-LeaderElection58] INFO  server.RaftServer$Division (RaftServerImpl.java:setRole(383)) - 485a0214-1e55-4d9f-9e33-2b2fc5076c56@group-A2B11DDD0FBC: changes role from CANDIDATE to LEADER at term 1 for changeToLeader
2024-04-25 19:26:11,580 [485a0214-1e55-4d9f-9e33-2b2fc5076c56@group-A2B11DDD0FBC-LeaderElection58] INFO  server.RaftServerConfigKeys (ConfUtils.java:logGet(46)) - raft.server.staging.catchup.gap = 1000 (default)
2024-04-25 19:26:11,580 [485a0214-1e55-4d9f-9e33-2b2fc5076c56@group-A2B11DDD0FBC-LeaderElection58] INFO  server.RaftServerConfigKeys (ConfUtils.java:logGet(46)) - raft.server.write.element-limit = 1024 (custom)
2024-04-25 19:26:11,580 [485a0214-1e55-4d9f-9e33-2b2fc5076c56@group-A2B11DDD0FBC-LeaderElection58] INFO  server.RaftServerConfigKeys (ConfUtils.java:logGet(46)) - raft.server.write.byte-limit = 1024 M (=1073741824) (custom)
2024-04-25 19:26:11,581 [485a0214-1e55-4d9f-9e33-2b2fc5076c56@group-A2B11DDD0FBC-LeaderElection58] INFO  server.RaftServerConfigKeys (ConfUtils.java:logGet(46)) - raft.server.watch.timeout = 3000ms (custom)
2024-04-25 19:26:11,581 [485a0214-1e55-4d9f-9e33-2b2fc5076c56@group-A2B11DDD0FBC-LeaderElection58] INFO  server.RaftServerConfigKeys (ConfUtils.java:logGet(46)) - raft.server.watch.timeout.denomination = 1s (default)
2024-04-25 19:26:11,581 [485a0214-1e55-4d9f-9e33-2b2fc5076c56@group-A2B11DDD0FBC-LeaderElection58] INFO  server.RaftServerConfigKeys (ConfUtils.java:logGet(46)) - raft.server.watch.element-limit = 65536 (default)
2024-04-25 19:26:11,581 [485a0214-1e55-4d9f-9e33-2b2fc5076c56@group-A2B11DDD0FBC-LeaderElection58] INFO  server.RaftServerConfigKeys (ConfUtils.java:logGet(46)) - raft.server.read.leader.lease.enabled = false (default)
2024-04-25 19:26:11,581 [485a0214-1e55-4d9f-9e33-2b2fc5076c56@group-A2B11DDD0FBC-LeaderElection58] INFO  server.RaftServerConfigKeys (ConfUtils.java:logGet(46)) - raft.server.read.leader.lease.timeout.ratio = 0.9 (default)
2024-04-25 19:26:11,581 [020943f0-ab7d-43b4-aa7e-bd0cde918a3e@group-3D56868D618F-SegmentedRaftLogWorker] INFO  segmented.SegmentedRaftLogWorker (SegmentedRaftLogWorker.java:execute(634)) - 020943f0-ab7d-43b4-aa7e-bd0cde918a3e@group-3D56868D618F-SegmentedRaftLogWorker: created new log segment /home/runner/work/ozone/ozone/hadoop-ozone/integration-test/target/test-dir/MiniOzoneClusterImpl-f82f7a4c-b7ce-4bc7-bddc-b4ce9d407ba8/ozone-meta/datanode-6/ratis/60c42758-0b39-42ff-b7dc-3d56868d618f/current/log_inprogress_0
2024-04-25 19:26:11,582 [grpc-default-executor-1] ERROR impl.OrderedAsync (OrderedAsync.java:lambda$sendRequest$9(247)) - client-174184D46751: Failed* RaftClientRequest:client-174184D46751->c059e8ba-a531-47a3-a497-45c8f0b0c72e@group-3D56868D618F, cid=65, seq=1*, Watch(0), null
java.util.concurrent.CompletionException: org.apache.ratis.protocol.exceptions.LeaderNotReadyException: c059e8ba-a531-47a3-a497-45c8f0b0c72e@group-3D56868D618F is in LEADER state but not ready yet.
	at java.base/java.util.concurrent.CompletableFuture.encodeThrowable(CompletableFuture.java:332)
	at java.base/java.util.concurrent.CompletableFuture.completeThrowable(CompletableFuture.java:347)
	at java.base/java.util.concurrent.CompletableFuture$UniApply.tryFire(CompletableFuture.java:636)
	at java.base/java.util.concurrent.CompletableFuture.postComplete(CompletableFuture.java:510)
	at java.base/java.util.concurrent.CompletableFuture.completeExceptionally(CompletableFuture.java:2162)
	at org.apache.ratis.grpc.client.GrpcClientProtocolClient$AsyncStreamObservers.completeReplyExceptionally(GrpcClientProtocolClient.java:394)
	at org.apache.ratis.grpc.client.GrpcClientProtocolClient$AsyncStreamObservers.access$000(GrpcClientProtocolClient.java:300)
	at org.apache.ratis.grpc.client.GrpcClientProtocolClient$AsyncStreamObservers$1.onNext(GrpcClientProtocolClient.java:319)
	at org.apache.ratis.grpc.client.GrpcClientProtocolClient$AsyncStreamObservers$1.onNext(GrpcClientProtocolClient.java:305)
	at org.apache.ratis.thirdparty.io.grpc.stub.ClientCalls$StreamObserverToCallListenerAdapter.onMessage(ClientCalls.java:468)
	at org.apache.ratis.thirdparty.io.grpc.ForwardingClientCallListener.onMessage(ForwardingClientCallListener.java:33)
	at org.apache.ratis.thirdparty.io.grpc.internal.ClientCallImpl$ClientStreamListenerImpl$1MessagesAvailable.runInternal(ClientCallImpl.java:660)
	at org.apache.ratis.thirdparty.io.grpc.internal.ClientCallImpl$ClientStreamListenerImpl$1MessagesAvailable.runInContext(ClientCallImpl.java:647)
	at org.apache.ratis.thirdparty.io.grpc.internal.ContextRunnable.run(ContextRunnable.java:37)
	at org.apache.ratis.thirdparty.io.grpc.internal.SerializingExecutor.run(SerializingExecutor.java:133)
	at java.base/java.util.concurrent.ThreadPoolExecutor.runWorker(ThreadPoolExecutor.java:1136)
	at java.base/java.util.concurrent.ThreadPoolExecutor$Worker.run(ThreadPoolExecutor.java:635)
	at java.base/java.lang.Thread.run(Thread.java:840)
Caused by: org.apache.ratis.protocol.exceptions.LeaderNotReadyException: c059e8ba-a531-47a3-a497-45c8f0b0c72e@group-3D56868D618F is in LEADER state but not ready yet.
	at org.apache.ratis.client.impl.ClientProtoUtils.toRaftClientReply(ClientProtoUtils.java:407)
	at org.apache.ratis.grpc.client.GrpcClientProtocolClient$AsyncStreamObservers$1.onNext(GrpcClientProtocolClient.java:310)
	... 10 more
2024-04-25 19:26:11,581 [485a0214-1e55-4d9f-9e33-2b2fc5076c56@group-A2B11DDD0FBC-LeaderElection58] INFO  server.RaftServerConfigKeys (ConfUtils.java:logGet(46)) - raft.server.rpc.timeout.min = 5s (custom)
2024-04-25 19:26:11,582 [485a0214-1e55-4d9f-9e33-2b2fc5076c56@group-A2B11DDD0FBC-LeaderElection58] INFO  server.RaftServerConfigKeys (ConfUtils.java:logGet(46)) - raft.server.write.element-limit = 1024 (custom)
2024-04-25 19:26:11,582 [485a0214-1e55-4d9f-9e33-2b2fc5076c56@group-A2B11DDD0FBC-LeaderElection58] INFO  server.RaftServerConfigKeys (ConfUtils.java:logGet(46)) - raft.server.write.follower.gap.ratio.max = -1.0 (default)
2024-04-25 19:26:11,582 [485a0214-1e55-4d9f-9e33-2b2fc5076c56@group-A2B11DDD0FBC-LeaderElection58] INFO  impl.RoleInfo (RoleInfo.java:updateAndGet(139)) - 485a0214-1e55-4d9f-9e33-2b2fc5076c56: start 485a0214-1e55-4d9f-9e33-2b2fc5076c56@group-A2B11DDD0FBC-LeaderStateImpl
2024-04-25 19:26:11,582 [485a0214-1e55-4d9f-9e33-2b2fc5076c56@group-A2B11DDD0FBC-LeaderElection58] INFO  server.RaftServer$Division (RaftServerImpl.java:setFirstElection(574)) - 485a0214-1e55-4d9f-9e33-2b2fc5076c56@group-A2B11DDD0FBC: set firstElectionSinceStartup to false for becomeLeader
2024-04-25 19:26:11,582 [485a0214-1e55-4d9f-9e33-2b2fc5076c56@group-A2B11DDD0FBC-LeaderElection58] INFO  ratis.XceiverServerRatis (XceiverServerRatis.java:handleLeaderChangedNotification(966)) - Leader change notification received for group: group-A2B11DDD0FBC with new leaderId: 485a0214-1e55-4d9f-9e33-2b2fc5076c56
2024-04-25 19:26:11,582 [485a0214-1e55-4d9f-9e33-2b2fc5076c56@group-A2B11DDD0FBC-LeaderElection58] INFO  server.RaftServer$Division (ServerState.java:setLeader(269)) - 485a0214-1e55-4d9f-9e33-2b2fc5076c56@group-A2B11DDD0FBC: change Leader from null to 485a0214-1e55-4d9f-9e33-2b2fc5076c56 at term 1 for becomeLeader, leader elected after 5113ms
2024-04-25 19:26:11,582 [485a0214-1e55-4d9f-9e33-2b2fc5076c56@group-A2B11DDD0FBC-LeaderElection58] INFO  segmented.SegmentedRaftLogWorker (SegmentedRaftLogWorker.java:startLogSegment(430)) - 485a0214-1e55-4d9f-9e33-2b2fc5076c56@group-A2B11DDD0FBC-SegmentedRaftLogWorker: Starting segment from index:0
2024-04-25 19:26:11,582 [485a0214-1e55-4d9f-9e33-2b2fc5076c56@group-A2B11DDD0FBC-LeaderElection58] INFO  server.RaftServer$Division (ServerState.java:setRaftConf(386)) - 485a0214-1e55-4d9f-9e33-2b2fc5076c56@group-A2B11DDD0FBC: set configuration 0: peers:[485a0214-1e55-4d9f-9e33-2b2fc5076c56|127.0.0.1:15344]|listeners:[], old=null
2024-04-25 19:26:11,583 [485a0214-1e55-4d9f-9e33-2b2fc5076c56@group-A2B11DDD0FBC-SegmentedRaftLogWorker] INFO  segmented.BufferedWriteChannel (BufferedWriteChannel.java:open(62)) - open log_inprogress_0 at position 0
2024-04-25 19:26:11,589 [38098fde-9f6f-4ad0-993c-715d8f2d4b32@group-3D56868D618F-SegmentedRaftLogWorker] INFO  segmented.SegmentedRaftLogWorker (SegmentedRaftLogWorker.java:execute(634)) - 38098fde-9f6f-4ad0-993c-715d8f2d4b32@group-3D56868D618F-SegmentedRaftLogWorker: created new log segment /home/runner/work/ozone/ozone/hadoop-ozone/integration-test/target/test-dir/MiniOzoneClusterImpl-f82f7a4c-b7ce-4bc7-bddc-b4ce9d407ba8/ozone-meta/datanode-4/ratis/60c42758-0b39-42ff-b7dc-3d56868d618f/current/log_inprogress_0
2024-04-25 19:26:11,590 [c059e8ba-a531-47a3-a497-45c8f0b0c72e@group-3D56868D618F-StateMachineUpdater] INFO  server.RaftServer$Division (LeaderStateImpl.java:isApplied(320)) - leader is ready since appliedIndex == 0 >= startIndex == 0
2024-04-25 19:26:11,591 [485a0214-1e55-4d9f-9e33-2b2fc5076c56@group-A2B11DDD0FBC-SegmentedRaftLogWorker] INFO  segmented.SegmentedRaftLogWorker (SegmentedRaftLogWorker.java:execute(634)) - 485a0214-1e55-4d9f-9e33-2b2fc5076c56@group-A2B11DDD0FBC-SegmentedRaftLogWorker: created new log segment /home/runner/work/ozone/ozone/hadoop-ozone/integration-test/target/test-dir/MiniOzoneClusterImpl-f82f7a4c-b7ce-4bc7-bddc-b4ce9d407ba8/ozone-meta/datanode-8/ratis/f03ee5d3-d86c-4ee0-850c-a2b11ddd0fbc/current/log_inprogress_0
2024-04-25 19:26:11,592 [485a0214-1e55-4d9f-9e33-2b2fc5076c56@group-A2B11DDD0FBC-StateMachineUpdater] INFO  server.RaftServer$Division (LeaderStateImpl.java:isApplied(320)) - leader is ready since appliedIndex == 0 >= startIndex == 0
2024-04-25 19:26:11,595 [88efce4d-fc58-43a4-abfe-18a1167c7495@group-EBC75CBB34F5-FollowerState] INFO  impl.FollowerState (FollowerState.java:run(143)) - 88efce4d-fc58-43a4-abfe-18a1167c7495@group-EBC75CBB34F5-FollowerState: change to CANDIDATE, lastRpcElapsedTime:5103493418ns, electionTimeout:5102ms
2024-04-25 19:26:11,595 [88efce4d-fc58-43a4-abfe-18a1167c7495@group-EBC75CBB34F5-FollowerState] INFO  impl.RoleInfo (RoleInfo.java:shutdownFollowerState(110)) - 88efce4d-fc58-43a4-abfe-18a1167c7495: shutdown 88efce4d-fc58-43a4-abfe-18a1167c7495@group-EBC75CBB34F5-FollowerState
2024-04-25 19:26:11,595 [88efce4d-fc58-43a4-abfe-18a1167c7495@group-EBC75CBB34F5-FollowerState] INFO  server.RaftServer$Division (RaftServerImpl.java:setRole(383)) - 88efce4d-fc58-43a4-abfe-18a1167c7495@group-EBC75CBB34F5: changes role from  FOLLOWER to CANDIDATE at term 0 for changeToCandidate
2024-04-25 19:26:11,596 [88efce4d-fc58-43a4-abfe-18a1167c7495@group-EBC75CBB34F5-FollowerState] INFO  server.RaftServerConfigKeys (ConfUtils.java:logGet(46)) - raft.server.leaderelection.pre-vote = true (default)
2024-04-25 19:26:11,596 [88efce4d-fc58-43a4-abfe-18a1167c7495@group-EBC75CBB34F5-FollowerState] INFO  impl.RoleInfo (RoleInfo.java:updateAndGet(139)) - 88efce4d-fc58-43a4-abfe-18a1167c7495: start 88efce4d-fc58-43a4-abfe-18a1167c7495@group-EBC75CBB34F5-LeaderElection59
2024-04-25 19:26:11,596 [88efce4d-fc58-43a4-abfe-18a1167c7495@group-EBC75CBB34F5-LeaderElection59] INFO  impl.LeaderElection (LeaderElection.java:askForVotes(321)) - 88efce4d-fc58-43a4-abfe-18a1167c7495@group-EBC75CBB34F5-LeaderElection59 PRE_VOTE round 0: submit vote requests at term 0 for -1: peers:[9b9c1a32-defd-4a85-ab56-32b7a12f6bf5|127.0.0.1:15335, 88efce4d-fc58-43a4-abfe-18a1167c7495|127.0.0.1:15353, 485a0214-1e55-4d9f-9e33-2b2fc5076c56|127.0.0.1:15344]|listeners:[], old=null
2024-04-25 19:26:11,596 [88efce4d-fc58-43a4-abfe-18a1167c7495@group-EBC75CBB34F5-LeaderElection59-1] INFO  server.GrpcServerProtocolClient (GrpcServerProtocolClient.java:<init>(65)) - Build channel for 9b9c1a32-defd-4a85-ab56-32b7a12f6bf5|127.0.0.1:15335
2024-04-25 19:26:11,596 [88efce4d-fc58-43a4-abfe-18a1167c7495@group-EBC75CBB34F5-LeaderElection59] INFO  server.RaftServerConfigKeys (ConfUtils.java:logFallback(53)) - raft.server.rpc.first-election.timeout.min = 5s (fallback to raft.server.rpc.timeout.min)
2024-04-25 19:26:11,596 [88efce4d-fc58-43a4-abfe-18a1167c7495@group-EBC75CBB34F5-LeaderElection59] INFO  server.RaftServerConfigKeys (ConfUtils.java:logFallback(53)) - raft.server.rpc.first-election.timeout.max = 5200ms (fallback to raft.server.rpc.timeout.max)
2024-04-25 19:26:11,597 [88efce4d-fc58-43a4-abfe-18a1167c7495@group-EBC75CBB34F5-LeaderElection59-2] INFO  server.GrpcServerProtocolClient (GrpcServerProtocolClient.java:<init>(65)) - Build channel for 485a0214-1e55-4d9f-9e33-2b2fc5076c56|127.0.0.1:15344
2024-04-25 19:26:11,600 [9b9c1a32-defd-4a85-ab56-32b7a12f6bf5@group-2B44A231F595-FollowerState] INFO  impl.FollowerState (FollowerState.java:run(143)) - 9b9c1a32-defd-4a85-ab56-32b7a12f6bf5@group-2B44A231F595-FollowerState: change to CANDIDATE, lastRpcElapsedTime:5159401964ns, electionTimeout:5159ms
2024-04-25 19:26:11,600 [9b9c1a32-defd-4a85-ab56-32b7a12f6bf5@group-2B44A231F595-FollowerState] INFO  impl.RoleInfo (RoleInfo.java:shutdownFollowerState(110)) - 9b9c1a32-defd-4a85-ab56-32b7a12f6bf5: shutdown 9b9c1a32-defd-4a85-ab56-32b7a12f6bf5@group-2B44A231F595-FollowerState
2024-04-25 19:26:11,600 [9b9c1a32-defd-4a85-ab56-32b7a12f6bf5@group-2B44A231F595-FollowerState] INFO  server.RaftServer$Division (RaftServerImpl.java:setRole(383)) - 9b9c1a32-defd-4a85-ab56-32b7a12f6bf5@group-2B44A231F595: changes role from  FOLLOWER to CANDIDATE at term 0 for changeToCandidate
2024-04-25 19:26:11,600 [9b9c1a32-defd-4a85-ab56-32b7a12f6bf5@group-2B44A231F595-FollowerState] INFO  server.RaftServerConfigKeys (ConfUtils.java:logGet(46)) - raft.server.leaderelection.pre-vote = true (default)
2024-04-25 19:26:11,600 [9b9c1a32-defd-4a85-ab56-32b7a12f6bf5@group-2B44A231F595-FollowerState] INFO  impl.RoleInfo (RoleInfo.java:updateAndGet(139)) - 9b9c1a32-defd-4a85-ab56-32b7a12f6bf5: start 9b9c1a32-defd-4a85-ab56-32b7a12f6bf5@group-2B44A231F595-LeaderElection60
2024-04-25 19:26:11,600 [9b9c1a32-defd-4a85-ab56-32b7a12f6bf5@group-EBC75CBB34F5-FollowerState] INFO  impl.FollowerState (FollowerState.java:run(143)) - 9b9c1a32-defd-4a85-ab56-32b7a12f6bf5@group-EBC75CBB34F5-FollowerState: change to CANDIDATE, lastRpcElapsedTime:5142274932ns, electionTimeout:5141ms
2024-04-25 19:26:11,600 [9b9c1a32-defd-4a85-ab56-32b7a12f6bf5@group-EBC75CBB34F5-FollowerState] INFO  impl.RoleInfo (RoleInfo.java:shutdownFollowerState(110)) - 9b9c1a32-defd-4a85-ab56-32b7a12f6bf5: shutdown 9b9c1a32-defd-4a85-ab56-32b7a12f6bf5@group-EBC75CBB34F5-FollowerState
2024-04-25 19:26:11,600 [9b9c1a32-defd-4a85-ab56-32b7a12f6bf5@group-EBC75CBB34F5-FollowerState] INFO  server.RaftServer$Division (RaftServerImpl.java:setRole(383)) - 9b9c1a32-defd-4a85-ab56-32b7a12f6bf5@group-EBC75CBB34F5: changes role from  FOLLOWER to CANDIDATE at term 0 for changeToCandidate
2024-04-25 19:26:11,600 [9b9c1a32-defd-4a85-ab56-32b7a12f6bf5@group-EBC75CBB34F5-FollowerState] INFO  server.RaftServerConfigKeys (ConfUtils.java:logGet(46)) - raft.server.leaderelection.pre-vote = true (default)
2024-04-25 19:26:11,600 [9b9c1a32-defd-4a85-ab56-32b7a12f6bf5@group-EBC75CBB34F5-FollowerState] INFO  impl.RoleInfo (RoleInfo.java:updateAndGet(139)) - 9b9c1a32-defd-4a85-ab56-32b7a12f6bf5: start 9b9c1a32-defd-4a85-ab56-32b7a12f6bf5@group-EBC75CBB34F5-LeaderElection61
2024-04-25 19:26:11,602 [grpc-default-executor-3] INFO  server.RaftServer$Division (RaftServerImpl.java:requestVote(1389)) - 9b9c1a32-defd-4a85-ab56-32b7a12f6bf5@group-EBC75CBB34F5: receive requestVote(PRE_VOTE, 88efce4d-fc58-43a4-abfe-18a1167c7495, group-EBC75CBB34F5, 0, (t:0, i:0))
2024-04-25 19:26:11,602 [grpc-default-executor-1] INFO  server.RaftServer$Division (RaftServerImpl.java:requestVote(1389)) - 485a0214-1e55-4d9f-9e33-2b2fc5076c56@group-EBC75CBB34F5: receive requestVote(PRE_VOTE, 88efce4d-fc58-43a4-abfe-18a1167c7495, group-EBC75CBB34F5, 0, (t:0, i:0))
2024-04-25 19:26:11,602 [grpc-default-executor-1] INFO  impl.VoteContext (VoteContext.java:log(49)) - 485a0214-1e55-4d9f-9e33-2b2fc5076c56@group-EBC75CBB34F5-FOLLOWER: accept PRE_VOTE from 88efce4d-fc58-43a4-abfe-18a1167c7495: our priority 0 <= candidate's priority 1
2024-04-25 19:26:11,602 [grpc-default-executor-1] INFO  server.RaftServer$Division (RaftServerImpl.java:requestVote(1422)) - 485a0214-1e55-4d9f-9e33-2b2fc5076c56@group-EBC75CBB34F5 replies to PRE_VOTE vote request: 88efce4d-fc58-43a4-abfe-18a1167c7495<-485a0214-1e55-4d9f-9e33-2b2fc5076c56#0:OK-t0. Peer's state: 485a0214-1e55-4d9f-9e33-2b2fc5076c56@group-EBC75CBB34F5:t0, leader=null, voted=, raftlog=Memoized:485a0214-1e55-4d9f-9e33-2b2fc5076c56@group-EBC75CBB34F5-SegmentedRaftLog:OPENED:c-1, conf=-1: peers:[9b9c1a32-defd-4a85-ab56-32b7a12f6bf5|127.0.0.1:15335, 88efce4d-fc58-43a4-abfe-18a1167c7495|127.0.0.1:15353, 485a0214-1e55-4d9f-9e33-2b2fc5076c56|127.0.0.1:15344]|listeners:[], old=null
2024-04-25 19:26:11,603 [88efce4d-fc58-43a4-abfe-18a1167c7495@group-EBC75CBB34F5-LeaderElection59] INFO  impl.LeaderElection (LeaderElection.java:logAndReturn(89)) - 88efce4d-fc58-43a4-abfe-18a1167c7495@group-EBC75CBB34F5-LeaderElection59: PRE_VOTE PASSED received 1 response(s) and 0 exception(s):
2024-04-25 19:26:11,603 [88efce4d-fc58-43a4-abfe-18a1167c7495@group-EBC75CBB34F5-LeaderElection59] INFO  impl.LeaderElection (LeaderElection.java:logAndReturn(93)) -   Response 0: 88efce4d-fc58-43a4-abfe-18a1167c7495<-485a0214-1e55-4d9f-9e33-2b2fc5076c56#0:OK-t0
2024-04-25 19:26:11,603 [88efce4d-fc58-43a4-abfe-18a1167c7495@group-EBC75CBB34F5-LeaderElection59] INFO  impl.LeaderElection (LeaderElection.java:askForVotes(323)) - 88efce4d-fc58-43a4-abfe-18a1167c7495@group-EBC75CBB34F5-LeaderElection59 PRE_VOTE round 0: result PASSED
2024-04-25 19:26:11,604 [88efce4d-fc58-43a4-abfe-18a1167c7495@group-EBC75CBB34F5-LeaderElection59] INFO  impl.LeaderElection (LeaderElection.java:askForVotes(321)) - 88efce4d-fc58-43a4-abfe-18a1167c7495@group-EBC75CBB34F5-LeaderElection59 ELECTION round 0: submit vote requests at term 1 for -1: peers:[9b9c1a32-defd-4a85-ab56-32b7a12f6bf5|127.0.0.1:15335, 88efce4d-fc58-43a4-abfe-18a1167c7495|127.0.0.1:15353, 485a0214-1e55-4d9f-9e33-2b2fc5076c56|127.0.0.1:15344]|listeners:[], old=null
2024-04-25 19:26:11,607 [9b9c1a32-defd-4a85-ab56-32b7a12f6bf5@group-EBC75CBB34F5-LeaderElection61] INFO  impl.LeaderElection (LeaderElection.java:askForVotes(321)) - 9b9c1a32-defd-4a85-ab56-32b7a12f6bf5@group-EBC75CBB34F5-LeaderElection61 PRE_VOTE round 0: submit vote requests at term 0 for -1: peers:[9b9c1a32-defd-4a85-ab56-32b7a12f6bf5|127.0.0.1:15335, 88efce4d-fc58-43a4-abfe-18a1167c7495|127.0.0.1:15353, 485a0214-1e55-4d9f-9e33-2b2fc5076c56|127.0.0.1:15344]|listeners:[], old=null
2024-04-25 19:26:11,608 [grpc-default-executor-3] INFO  impl.VoteContext (VoteContext.java:log(49)) - 9b9c1a32-defd-4a85-ab56-32b7a12f6bf5@group-EBC75CBB34F5-CANDIDATE: accept PRE_VOTE from 88efce4d-fc58-43a4-abfe-18a1167c7495: our priority 0 <= candidate's priority 1
2024-04-25 19:26:11,608 [grpc-default-executor-3] INFO  server.RaftServer$Division (RaftServerImpl.java:requestVote(1422)) - 9b9c1a32-defd-4a85-ab56-32b7a12f6bf5@group-EBC75CBB34F5 replies to PRE_VOTE vote request: 88efce4d-fc58-43a4-abfe-18a1167c7495<-9b9c1a32-defd-4a85-ab56-32b7a12f6bf5#0:OK-t0. Peer's state: 9b9c1a32-defd-4a85-ab56-32b7a12f6bf5@group-EBC75CBB34F5:t0, leader=null, voted=, raftlog=Memoized:9b9c1a32-defd-4a85-ab56-32b7a12f6bf5@group-EBC75CBB34F5-SegmentedRaftLog:OPENED:c-1, conf=-1: peers:[9b9c1a32-defd-4a85-ab56-32b7a12f6bf5|127.0.0.1:15335, 88efce4d-fc58-43a4-abfe-18a1167c7495|127.0.0.1:15353, 485a0214-1e55-4d9f-9e33-2b2fc5076c56|127.0.0.1:15344]|listeners:[], old=null
2024-04-25 19:26:11,609 [9b9c1a32-defd-4a85-ab56-32b7a12f6bf5@group-2B44A231F595-LeaderElection60] INFO  impl.LeaderElection (LeaderElection.java:askForVotes(321)) - 9b9c1a32-defd-4a85-ab56-32b7a12f6bf5@group-2B44A231F595-LeaderElection60 PRE_VOTE round 0: submit vote requests at term 0 for -1: peers:[9b9c1a32-defd-4a85-ab56-32b7a12f6bf5|127.0.0.1:15335]|listeners:[], old=null
2024-04-25 19:26:11,609 [9b9c1a32-defd-4a85-ab56-32b7a12f6bf5@group-2B44A231F595-LeaderElection60] INFO  impl.LeaderElection (LeaderElection.java:askForVotes(323)) - 9b9c1a32-defd-4a85-ab56-32b7a12f6bf5@group-2B44A231F595-LeaderElection60 PRE_VOTE round 0: result PASSED (term=0)
2024-04-25 19:26:11,610 [grpc-default-executor-1] INFO  server.RaftServer$Division (RaftServerImpl.java:requestVote(1389)) - 9b9c1a32-defd-4a85-ab56-32b7a12f6bf5@group-EBC75CBB34F5: receive requestVote(ELECTION, 88efce4d-fc58-43a4-abfe-18a1167c7495, group-EBC75CBB34F5, 1, (t:0, i:0))
2024-04-25 19:26:11,609 [88efce4d-fc58-43a4-abfe-18a1167c7495@group-EBC75CBB34F5-LeaderElection59] INFO  server.RaftServerConfigKeys (ConfUtils.java:logFallback(53)) - raft.server.rpc.first-election.timeout.min = 5s (fallback to raft.server.rpc.timeout.min)
2024-04-25 19:26:11,610 [88efce4d-fc58-43a4-abfe-18a1167c7495@group-EBC75CBB34F5-LeaderElection59] INFO  server.RaftServerConfigKeys (ConfUtils.java:logFallback(53)) - raft.server.rpc.first-election.timeout.max = 5200ms (fallback to raft.server.rpc.timeout.max)
2024-04-25 19:26:11,610 [9b9c1a32-defd-4a85-ab56-32b7a12f6bf5@group-EBC75CBB34F5-LeaderElection61-1] INFO  server.GrpcServerProtocolClient (GrpcServerProtocolClient.java:<init>(65)) - Build channel for 88efce4d-fc58-43a4-abfe-18a1167c7495|127.0.0.1:15353
2024-04-25 19:26:11,610 [grpc-default-executor-3] INFO  server.RaftServer$Division (RaftServerImpl.java:requestVote(1389)) - 485a0214-1e55-4d9f-9e33-2b2fc5076c56@group-EBC75CBB34F5: receive requestVote(ELECTION, 88efce4d-fc58-43a4-abfe-18a1167c7495, group-EBC75CBB34F5, 1, (t:0, i:0))
2024-04-25 19:26:11,610 [grpc-default-executor-3] INFO  impl.VoteContext (VoteContext.java:log(49)) - 485a0214-1e55-4d9f-9e33-2b2fc5076c56@group-EBC75CBB34F5-FOLLOWER: accept ELECTION from 88efce4d-fc58-43a4-abfe-18a1167c7495: our priority 0 <= candidate's priority 1
2024-04-25 19:26:11,610 [grpc-default-executor-3] INFO  server.RaftServer$Division (RaftServerImpl.java:setRole(383)) - 485a0214-1e55-4d9f-9e33-2b2fc5076c56@group-EBC75CBB34F5: changes role from  FOLLOWER to FOLLOWER at term 1 for candidate:88efce4d-fc58-43a4-abfe-18a1167c7495
2024-04-25 19:26:11,610 [grpc-default-executor-3] INFO  impl.RoleInfo (RoleInfo.java:shutdownFollowerState(110)) - 485a0214-1e55-4d9f-9e33-2b2fc5076c56: shutdown 485a0214-1e55-4d9f-9e33-2b2fc5076c56@group-EBC75CBB34F5-FollowerState
2024-04-25 19:26:11,610 [grpc-default-executor-3] INFO  impl.RoleInfo (RoleInfo.java:updateAndGet(139)) - 485a0214-1e55-4d9f-9e33-2b2fc5076c56: start 485a0214-1e55-4d9f-9e33-2b2fc5076c56@group-EBC75CBB34F5-FollowerState
2024-04-25 19:26:11,610 [485a0214-1e55-4d9f-9e33-2b2fc5076c56@group-EBC75CBB34F5-FollowerState] INFO  impl.FollowerState (FollowerState.java:run(152)) - 485a0214-1e55-4d9f-9e33-2b2fc5076c56@group-EBC75CBB34F5-FollowerState was interrupted
2024-04-25 19:26:11,610 [grpc-default-executor-1] INFO  impl.VoteContext (VoteContext.java:log(49)) - 9b9c1a32-defd-4a85-ab56-32b7a12f6bf5@group-EBC75CBB34F5-CANDIDATE: accept ELECTION from 88efce4d-fc58-43a4-abfe-18a1167c7495: our priority 0 <= candidate's priority 1
2024-04-25 19:26:11,611 [grpc-default-executor-1] INFO  server.RaftServer$Division (RaftServerImpl.java:setRole(383)) - 9b9c1a32-defd-4a85-ab56-32b7a12f6bf5@group-EBC75CBB34F5: changes role from CANDIDATE to FOLLOWER at term 1 for candidate:88efce4d-fc58-43a4-abfe-18a1167c7495
2024-04-25 19:26:11,611 [grpc-default-executor-1] INFO  impl.RoleInfo (RoleInfo.java:shutdownLeaderElection(130)) - 9b9c1a32-defd-4a85-ab56-32b7a12f6bf5: shutdown 9b9c1a32-defd-4a85-ab56-32b7a12f6bf5@group-EBC75CBB34F5-LeaderElection61
2024-04-25 19:26:11,611 [grpc-default-executor-1] INFO  impl.RoleInfo (RoleInfo.java:updateAndGet(139)) - 9b9c1a32-defd-4a85-ab56-32b7a12f6bf5: start 9b9c1a32-defd-4a85-ab56-32b7a12f6bf5@group-EBC75CBB34F5-FollowerState
2024-04-25 19:26:11,613 [9b9c1a32-defd-4a85-ab56-32b7a12f6bf5@group-2B44A231F595-LeaderElection60] INFO  impl.LeaderElection (LeaderElection.java:askForVotes(321)) - 9b9c1a32-defd-4a85-ab56-32b7a12f6bf5@group-2B44A231F595-LeaderElection60 ELECTION round 0: submit vote requests at term 1 for -1: peers:[9b9c1a32-defd-4a85-ab56-32b7a12f6bf5|127.0.0.1:15335]|listeners:[], old=null
2024-04-25 19:26:11,614 [9b9c1a32-defd-4a85-ab56-32b7a12f6bf5@group-2B44A231F595-LeaderElection60] INFO  impl.LeaderElection (LeaderElection.java:askForVotes(323)) - 9b9c1a32-defd-4a85-ab56-32b7a12f6bf5@group-2B44A231F595-LeaderElection60 ELECTION round 0: result PASSED (term=1)
2024-04-25 19:26:11,614 [grpc-default-executor-2] INFO  server.RaftServer$Division (RaftServerImpl.java:requestVote(1389)) - 88efce4d-fc58-43a4-abfe-18a1167c7495@group-EBC75CBB34F5: receive requestVote(PRE_VOTE, 9b9c1a32-defd-4a85-ab56-32b7a12f6bf5, group-EBC75CBB34F5, 0, (t:0, i:0))
2024-04-25 19:26:11,615 [grpc-default-executor-2] INFO  impl.VoteContext (VoteContext.java:log(49)) - 88efce4d-fc58-43a4-abfe-18a1167c7495@group-EBC75CBB34F5-CANDIDATE: reject PRE_VOTE from 9b9c1a32-defd-4a85-ab56-32b7a12f6bf5: our priority 1 > candidate's priority 0
2024-04-25 19:26:11,615 [grpc-default-executor-2] INFO  server.RaftServer$Division (RaftServerImpl.java:requestVote(1422)) - 88efce4d-fc58-43a4-abfe-18a1167c7495@group-EBC75CBB34F5 replies to PRE_VOTE vote request: 9b9c1a32-defd-4a85-ab56-32b7a12f6bf5<-88efce4d-fc58-43a4-abfe-18a1167c7495#0:FAIL-t1. Peer's state: 88efce4d-fc58-43a4-abfe-18a1167c7495@group-EBC75CBB34F5:t1, leader=null, voted=88efce4d-fc58-43a4-abfe-18a1167c7495, raftlog=Memoized:88efce4d-fc58-43a4-abfe-18a1167c7495@group-EBC75CBB34F5-SegmentedRaftLog:OPENED:c-1, conf=-1: peers:[9b9c1a32-defd-4a85-ab56-32b7a12f6bf5|127.0.0.1:15335, 88efce4d-fc58-43a4-abfe-18a1167c7495|127.0.0.1:15353, 485a0214-1e55-4d9f-9e33-2b2fc5076c56|127.0.0.1:15344]|listeners:[], old=null
2024-04-25 19:26:11,615 [grpc-default-executor-3] INFO  server.RaftServer$Division (RaftServerImpl.java:setFirstElection(574)) - 485a0214-1e55-4d9f-9e33-2b2fc5076c56@group-EBC75CBB34F5: set firstElectionSinceStartup to false for candidate:88efce4d-fc58-43a4-abfe-18a1167c7495
2024-04-25 19:26:11,616 [9b9c1a32-defd-4a85-ab56-32b7a12f6bf5@group-EBC75CBB34F5-LeaderElection61-2] INFO  server.GrpcServerProtocolClient (GrpcServerProtocolClient.java:<init>(65)) - Build channel for 485a0214-1e55-4d9f-9e33-2b2fc5076c56|127.0.0.1:15344
2024-04-25 19:26:11,617 [grpc-default-executor-3] INFO  server.RaftServer$Division (RaftServerImpl.java:requestVote(1422)) - 485a0214-1e55-4d9f-9e33-2b2fc5076c56@group-EBC75CBB34F5 replies to ELECTION vote request: 88efce4d-fc58-43a4-abfe-18a1167c7495<-485a0214-1e55-4d9f-9e33-2b2fc5076c56#0:OK-t1. Peer's state: 485a0214-1e55-4d9f-9e33-2b2fc5076c56@group-EBC75CBB34F5:t1, leader=null, voted=88efce4d-fc58-43a4-abfe-18a1167c7495, raftlog=Memoized:485a0214-1e55-4d9f-9e33-2b2fc5076c56@group-EBC75CBB34F5-SegmentedRaftLog:OPENED:c-1, conf=-1: peers:[9b9c1a32-defd-4a85-ab56-32b7a12f6bf5|127.0.0.1:15335, 88efce4d-fc58-43a4-abfe-18a1167c7495|127.0.0.1:15353, 485a0214-1e55-4d9f-9e33-2b2fc5076c56|127.0.0.1:15344]|listeners:[], old=null
2024-04-25 19:26:11,617 [88efce4d-fc58-43a4-abfe-18a1167c7495@group-EBC75CBB34F5-LeaderElection59] INFO  impl.LeaderElection (LeaderElection.java:logAndReturn(89)) - 88efce4d-fc58-43a4-abfe-18a1167c7495@group-EBC75CBB34F5-LeaderElection59: ELECTION PASSED received 1 response(s) and 0 exception(s):
2024-04-25 19:26:11,617 [88efce4d-fc58-43a4-abfe-18a1167c7495@group-EBC75CBB34F5-LeaderElection59] INFO  impl.LeaderElection (LeaderElection.java:logAndReturn(93)) -   Response 0: 88efce4d-fc58-43a4-abfe-18a1167c7495<-485a0214-1e55-4d9f-9e33-2b2fc5076c56#0:OK-t1
2024-04-25 19:26:11,617 [88efce4d-fc58-43a4-abfe-18a1167c7495@group-EBC75CBB34F5-LeaderElection59] INFO  impl.LeaderElection (LeaderElection.java:askForVotes(323)) - 88efce4d-fc58-43a4-abfe-18a1167c7495@group-EBC75CBB34F5-LeaderElection59 ELECTION round 0: result PASSED
2024-04-25 19:26:11,617 [88efce4d-fc58-43a4-abfe-18a1167c7495@group-EBC75CBB34F5-LeaderElection59] INFO  impl.RoleInfo (RoleInfo.java:shutdownLeaderElection(130)) - 88efce4d-fc58-43a4-abfe-18a1167c7495: shutdown 88efce4d-fc58-43a4-abfe-18a1167c7495@group-EBC75CBB34F5-LeaderElection59
2024-04-25 19:26:11,617 [88efce4d-fc58-43a4-abfe-18a1167c7495@group-EBC75CBB34F5-LeaderElection59] INFO  server.RaftServer$Division (RaftServerImpl.java:setRole(383)) - 88efce4d-fc58-43a4-abfe-18a1167c7495@group-EBC75CBB34F5: changes role from CANDIDATE to LEADER at term 1 for changeToLeader
2024-04-25 19:26:11,617 [88efce4d-fc58-43a4-abfe-18a1167c7495@group-EBC75CBB34F5-LeaderElection59] INFO  server.RaftServerConfigKeys (ConfUtils.java:logGet(46)) - raft.server.staging.catchup.gap = 1000 (default)
2024-04-25 19:26:11,617 [88efce4d-fc58-43a4-abfe-18a1167c7495@group-EBC75CBB34F5-LeaderElection59] INFO  server.RaftServerConfigKeys (ConfUtils.java:logGet(46)) - raft.server.write.element-limit = 1024 (custom)
2024-04-25 19:26:11,617 [88efce4d-fc58-43a4-abfe-18a1167c7495@group-EBC75CBB34F5-LeaderElection59] INFO  server.RaftServerConfigKeys (ConfUtils.java:logGet(46)) - raft.server.write.byte-limit = 1024 M (=1073741824) (custom)
2024-04-25 19:26:11,618 [88efce4d-fc58-43a4-abfe-18a1167c7495@group-EBC75CBB34F5-LeaderElection59] INFO  server.RaftServerConfigKeys (ConfUtils.java:logGet(46)) - raft.server.watch.timeout = 3000ms (custom)
2024-04-25 19:26:11,618 [88efce4d-fc58-43a4-abfe-18a1167c7495@group-EBC75CBB34F5-LeaderElection59] INFO  server.RaftServerConfigKeys (ConfUtils.java:logGet(46)) - raft.server.watch.timeout.denomination = 1s (default)
2024-04-25 19:26:11,618 [88efce4d-fc58-43a4-abfe-18a1167c7495@group-EBC75CBB34F5-LeaderElection59] INFO  server.RaftServerConfigKeys (ConfUtils.java:logGet(46)) - raft.server.watch.element-limit = 65536 (default)
2024-04-25 19:26:11,618 [88efce4d-fc58-43a4-abfe-18a1167c7495@group-EBC75CBB34F5-LeaderElection59] INFO  server.RaftServerConfigKeys (ConfUtils.java:logGet(46)) - raft.server.read.leader.lease.enabled = false (default)
2024-04-25 19:26:11,618 [88efce4d-fc58-43a4-abfe-18a1167c7495@group-EBC75CBB34F5-LeaderElection59] INFO  server.RaftServerConfigKeys (ConfUtils.java:logGet(46)) - raft.server.read.leader.lease.timeout.ratio = 0.9 (default)
2024-04-25 19:26:11,618 [88efce4d-fc58-43a4-abfe-18a1167c7495@group-EBC75CBB34F5-LeaderElection59] INFO  server.RaftServerConfigKeys (ConfUtils.java:logGet(46)) - raft.server.rpc.timeout.min = 5s (custom)
2024-04-25 19:26:11,618 [88efce4d-fc58-43a4-abfe-18a1167c7495@group-EBC75CBB34F5-LeaderElection59] INFO  server.RaftServerConfigKeys (ConfUtils.java:logGet(46)) - raft.server.write.element-limit = 1024 (custom)
2024-04-25 19:26:11,618 [88efce4d-fc58-43a4-abfe-18a1167c7495@group-EBC75CBB34F5-LeaderElection59] INFO  server.RaftServerConfigKeys (ConfUtils.java:logGet(46)) - raft.server.write.follower.gap.ratio.max = -1.0 (default)
2024-04-25 19:26:11,618 [88efce4d-fc58-43a4-abfe-18a1167c7495@group-EBC75CBB34F5-LeaderElection59] INFO  server.RaftServerConfigKeys (ConfUtils.java:logGet(46)) - raft.server.log.appender.snapshot.chunk.size.max = 16MB (=16777216) (default)
2024-04-25 19:26:11,618 [88efce4d-fc58-43a4-abfe-18a1167c7495@group-EBC75CBB34F5-LeaderElection59] INFO  server.RaftServerConfigKeys (ConfUtils.java:logGet(46)) - raft.server.log.appender.buffer.byte-limit = 8388608 (custom)
2024-04-25 19:26:11,618 [88efce4d-fc58-43a4-abfe-18a1167c7495@group-EBC75CBB34F5-LeaderElection59] INFO  server.RaftServerConfigKeys (ConfUtils.java:logGet(46)) - raft.server.log.appender.buffer.element-limit = 1 (custom)
2024-04-25 19:26:11,618 [88efce4d-fc58-43a4-abfe-18a1167c7495@group-EBC75CBB34F5-LeaderElection59] INFO  server.RaftServerConfigKeys (ConfUtils.java:logGet(46)) - raft.server.log.appender.wait-time.min = 0ms (custom)
2024-04-25 19:26:11,618 [88efce4d-fc58-43a4-abfe-18a1167c7495@group-EBC75CBB34F5-LeaderElection59] INFO  grpc.GrpcConfigKeys (ConfUtils.java:logGet(46)) - raft.grpc.server.leader.outstanding.appends.max = 8 (default)
2024-04-25 19:26:11,619 [88efce4d-fc58-43a4-abfe-18a1167c7495@group-EBC75CBB34F5-LeaderElection59] INFO  server.RaftServerConfigKeys (ConfUtils.java:logGet(46)) - raft.server.rpc.request.timeout = 3000ms (default)
2024-04-25 19:26:11,619 [88efce4d-fc58-43a4-abfe-18a1167c7495@group-EBC75CBB34F5-LeaderElection59] INFO  grpc.GrpcConfigKeys (ConfUtils.java:logGet(46)) - raft.grpc.server.install_snapshot.request.element-limit = 8 (default)
2024-04-25 19:26:11,619 [88efce4d-fc58-43a4-abfe-18a1167c7495@group-EBC75CBB34F5-LeaderElection59] INFO  grpc.GrpcConfigKeys (ConfUtils.java:logGet(46)) - raft.grpc.server.install_snapshot.request.timeout = 3000ms (default)
2024-04-25 19:26:11,619 [88efce4d-fc58-43a4-abfe-18a1167c7495@group-EBC75CBB34F5-LeaderElection59] INFO  grpc.GrpcConfigKeys (ConfUtils.java:logGet(46)) - raft.grpc.server.log-message.batch.duration = 5s (default)
2024-04-25 19:26:11,619 [88efce4d-fc58-43a4-abfe-18a1167c7495@group-EBC75CBB34F5-LeaderElection59] INFO  server.RaftServerConfigKeys (ConfUtils.java:logGet(46)) - raft.server.log.appender.install.snapshot.enabled = false (custom)
2024-04-25 19:26:11,619 [88efce4d-fc58-43a4-abfe-18a1167c7495@group-EBC75CBB34F5-LeaderElection59] INFO  grpc.GrpcConfigKeys (ConfUtils.java:logGet(46)) - raft.grpc.server.heartbeat.channel = true (default)
2024-04-25 19:26:11,619 [88efce4d-fc58-43a4-abfe-18a1167c7495@group-EBC75CBB34F5-LeaderElection59] INFO  server.RaftServerConfigKeys (ConfUtils.java:logGet(46)) - raft.server.log.appender.snapshot.chunk.size.max = 16MB (=16777216) (default)
2024-04-25 19:26:11,619 [88efce4d-fc58-43a4-abfe-18a1167c7495@group-EBC75CBB34F5-LeaderElection59] INFO  server.RaftServerConfigKeys (ConfUtils.java:logGet(46)) - raft.server.log.appender.buffer.byte-limit = 8388608 (custom)
2024-04-25 19:26:11,619 [88efce4d-fc58-43a4-abfe-18a1167c7495@group-EBC75CBB34F5-LeaderElection59] INFO  server.RaftServerConfigKeys (ConfUtils.java:logGet(46)) - raft.server.log.appender.buffer.element-limit = 1 (custom)
2024-04-25 19:26:11,620 [88efce4d-fc58-43a4-abfe-18a1167c7495@group-EBC75CBB34F5-LeaderElection59] INFO  server.RaftServerConfigKeys (ConfUtils.java:logGet(46)) - raft.server.log.appender.wait-time.min = 0ms (custom)
2024-04-25 19:26:11,620 [88efce4d-fc58-43a4-abfe-18a1167c7495@group-EBC75CBB34F5-LeaderElection59] INFO  grpc.GrpcConfigKeys (ConfUtils.java:logGet(46)) - raft.grpc.server.leader.outstanding.appends.max = 8 (default)
2024-04-25 19:26:11,620 [88efce4d-fc58-43a4-abfe-18a1167c7495@group-EBC75CBB34F5-LeaderElection59] INFO  server.RaftServerConfigKeys (ConfUtils.java:logGet(46)) - raft.server.rpc.request.timeout = 3000ms (default)
2024-04-25 19:26:11,620 [88efce4d-fc58-43a4-abfe-18a1167c7495@group-EBC75CBB34F5-LeaderElection59] INFO  grpc.GrpcConfigKeys (ConfUtils.java:logGet(46)) - raft.grpc.server.install_snapshot.request.element-limit = 8 (default)
2024-04-25 19:26:11,620 [88efce4d-fc58-43a4-abfe-18a1167c7495@group-EBC75CBB34F5-LeaderElection59] INFO  grpc.GrpcConfigKeys (ConfUtils.java:logGet(46)) - raft.grpc.server.install_snapshot.request.timeout = 3000ms (default)
2024-04-25 19:26:11,620 [88efce4d-fc58-43a4-abfe-18a1167c7495@group-EBC75CBB34F5-LeaderElection59] INFO  grpc.GrpcConfigKeys (ConfUtils.java:logGet(46)) - raft.grpc.server.log-message.batch.duration = 5s (default)
2024-04-25 19:26:11,620 [88efce4d-fc58-43a4-abfe-18a1167c7495@group-EBC75CBB34F5-LeaderElection59] INFO  server.RaftServerConfigKeys (ConfUtils.java:logGet(46)) - raft.server.log.appender.install.snapshot.enabled = false (custom)
2024-04-25 19:26:11,620 [88efce4d-fc58-43a4-abfe-18a1167c7495@group-EBC75CBB34F5-LeaderElection59] INFO  grpc.GrpcConfigKeys (ConfUtils.java:logGet(46)) - raft.grpc.server.heartbeat.channel = true (default)
2024-04-25 19:26:11,620 [88efce4d-fc58-43a4-abfe-18a1167c7495@group-EBC75CBB34F5-LeaderElection59] INFO  impl.RoleInfo (RoleInfo.java:updateAndGet(139)) - 88efce4d-fc58-43a4-abfe-18a1167c7495: start 88efce4d-fc58-43a4-abfe-18a1167c7495@group-EBC75CBB34F5-LeaderStateImpl
2024-04-25 19:26:11,620 [88efce4d-fc58-43a4-abfe-18a1167c7495@group-EBC75CBB34F5-LeaderElection59] INFO  server.RaftServer$Division (RaftServerImpl.java:setFirstElection(574)) - 88efce4d-fc58-43a4-abfe-18a1167c7495@group-EBC75CBB34F5: set firstElectionSinceStartup to false for becomeLeader
2024-04-25 19:26:11,620 [88efce4d-fc58-43a4-abfe-18a1167c7495@group-EBC75CBB34F5-LeaderElection59] INFO  ratis.XceiverServerRatis (XceiverServerRatis.java:handleLeaderChangedNotification(966)) - Leader change notification received for group: group-EBC75CBB34F5 with new leaderId: 88efce4d-fc58-43a4-abfe-18a1167c7495
2024-04-25 19:26:11,621 [88efce4d-fc58-43a4-abfe-18a1167c7495@group-EBC75CBB34F5-LeaderElection59] INFO  server.RaftServer$Division (ServerState.java:setLeader(269)) - 88efce4d-fc58-43a4-abfe-18a1167c7495@group-EBC75CBB34F5: change Leader from null to 88efce4d-fc58-43a4-abfe-18a1167c7495 at term 1 for becomeLeader, leader elected after 5153ms
2024-04-25 19:26:11,621 [88efce4d-fc58-43a4-abfe-18a1167c7495@group-EBC75CBB34F5-LeaderElection59] INFO  segmented.SegmentedRaftLogWorker (SegmentedRaftLogWorker.java:startLogSegment(430)) - 88efce4d-fc58-43a4-abfe-18a1167c7495@group-EBC75CBB34F5-SegmentedRaftLogWorker: Starting segment from index:0
2024-04-25 19:26:11,621 [88efce4d-fc58-43a4-abfe-18a1167c7495@group-EBC75CBB34F5-LeaderElection59] INFO  server.RaftServer$Division (ServerState.java:setRaftConf(386)) - 88efce4d-fc58-43a4-abfe-18a1167c7495@group-EBC75CBB34F5: set configuration 0: peers:[9b9c1a32-defd-4a85-ab56-32b7a12f6bf5|127.0.0.1:15335, 88efce4d-fc58-43a4-abfe-18a1167c7495|127.0.0.1:15353, 485a0214-1e55-4d9f-9e33-2b2fc5076c56|127.0.0.1:15344]|listeners:[], old=null
2024-04-25 19:26:11,621 [88efce4d-fc58-43a4-abfe-18a1167c7495@group-EBC75CBB34F5-SegmentedRaftLogWorker] INFO  segmented.BufferedWriteChannel (BufferedWriteChannel.java:open(62)) - open log_inprogress_0 at position 0
2024-04-25 19:26:11,622 [EventQueue-PipelineReportForPipelineReportHandler] INFO  pipeline.PipelineReportHandler (PipelineReportHandler.java:processPipelineReport(136)) - Opened pipeline PipelineID=bc1db2aa-d5fb-421f-98e2-ebc75cbb34f5
2024-04-25 19:26:11,615 [9b9c1a32-defd-4a85-ab56-32b7a12f6bf5@group-2B44A231F595-LeaderElection60] INFO  impl.RoleInfo (RoleInfo.java:shutdownLeaderElection(130)) - 9b9c1a32-defd-4a85-ab56-32b7a12f6bf5: shutdown 9b9c1a32-defd-4a85-ab56-32b7a12f6bf5@group-2B44A231F595-LeaderElection60
2024-04-25 19:26:11,621 [grpc-default-executor-3] INFO  server.RaftServer$Division (RaftServerImpl.java:requestVote(1389)) - 485a0214-1e55-4d9f-9e33-2b2fc5076c56@group-EBC75CBB34F5: receive requestVote(PRE_VOTE, 9b9c1a32-defd-4a85-ab56-32b7a12f6bf5, group-EBC75CBB34F5, 0, (t:0, i:0))
2024-04-25 19:26:11,624 [grpc-default-executor-3] INFO  impl.VoteContext (VoteContext.java:log(49)) - 485a0214-1e55-4d9f-9e33-2b2fc5076c56@group-EBC75CBB34F5-FOLLOWER: accept PRE_VOTE from 9b9c1a32-defd-4a85-ab56-32b7a12f6bf5: our priority 0 <= candidate's priority 0
2024-04-25 19:26:11,625 [grpc-default-executor-3] INFO  server.RaftServer$Division (RaftServerImpl.java:requestVote(1422)) - 485a0214-1e55-4d9f-9e33-2b2fc5076c56@group-EBC75CBB34F5 replies to PRE_VOTE vote request: 9b9c1a32-defd-4a85-ab56-32b7a12f6bf5<-485a0214-1e55-4d9f-9e33-2b2fc5076c56#0:OK-t1. Peer's state: 485a0214-1e55-4d9f-9e33-2b2fc5076c56@group-EBC75CBB34F5:t1, leader=null, voted=88efce4d-fc58-43a4-abfe-18a1167c7495, raftlog=Memoized:485a0214-1e55-4d9f-9e33-2b2fc5076c56@group-EBC75CBB34F5-SegmentedRaftLog:OPENED:c-1, conf=-1: peers:[9b9c1a32-defd-4a85-ab56-32b7a12f6bf5|127.0.0.1:15335, 88efce4d-fc58-43a4-abfe-18a1167c7495|127.0.0.1:15353, 485a0214-1e55-4d9f-9e33-2b2fc5076c56|127.0.0.1:15344]|listeners:[], old=null
2024-04-25 19:26:11,616 [grpc-default-executor-1] INFO  server.RaftServer$Division (RaftServerImpl.java:setFirstElection(574)) - 9b9c1a32-defd-4a85-ab56-32b7a12f6bf5@group-EBC75CBB34F5: set firstElectionSinceStartup to false for candidate:88efce4d-fc58-43a4-abfe-18a1167c7495
2024-04-25 19:26:11,615 [9b9c1a32-defd-4a85-ab56-32b7a12f6bf5@group-EBC75CBB34F5-LeaderElection61] INFO  server.RaftServerConfigKeys (ConfUtils.java:logFallback(53)) - raft.server.rpc.first-election.timeout.min = 5s (fallback to raft.server.rpc.timeout.min)
2024-04-25 19:26:11,625 [9b9c1a32-defd-4a85-ab56-32b7a12f6bf5@group-EBC75CBB34F5-LeaderElection61] INFO  server.RaftServerConfigKeys (ConfUtils.java:logFallback(53)) - raft.server.rpc.first-election.timeout.max = 5200ms (fallback to raft.server.rpc.timeout.max)
2024-04-25 19:26:11,625 [9b9c1a32-defd-4a85-ab56-32b7a12f6bf5@group-EBC75CBB34F5-LeaderElection61] INFO  impl.LeaderElection (LeaderElection.java:logAndReturn(89)) - 9b9c1a32-defd-4a85-ab56-32b7a12f6bf5@group-EBC75CBB34F5-LeaderElection61: PRE_VOTE REJECTED received 0 response(s) and 0 exception(s):
2024-04-25 19:26:11,625 [9b9c1a32-defd-4a85-ab56-32b7a12f6bf5@group-EBC75CBB34F5-LeaderElection61] INFO  impl.LeaderElection (LeaderElection.java:askForVotes(323)) - 9b9c1a32-defd-4a85-ab56-32b7a12f6bf5@group-EBC75CBB34F5-LeaderElection61 PRE_VOTE round 0: result REJECTED
2024-04-25 19:26:11,626 [9b9c1a32-defd-4a85-ab56-32b7a12f6bf5@group-2B44A231F595-LeaderElection60] INFO  server.RaftServer$Division (RaftServerImpl.java:setRole(383)) - 9b9c1a32-defd-4a85-ab56-32b7a12f6bf5@group-2B44A231F595: changes role from CANDIDATE to LEADER at term 1 for changeToLeader
2024-04-25 19:26:11,626 [9b9c1a32-defd-4a85-ab56-32b7a12f6bf5@group-2B44A231F595-LeaderElection60] INFO  server.RaftServerConfigKeys (ConfUtils.java:logGet(46)) - raft.server.staging.catchup.gap = 1000 (default)
2024-04-25 19:26:11,626 [9b9c1a32-defd-4a85-ab56-32b7a12f6bf5@group-2B44A231F595-LeaderElection60] INFO  server.RaftServerConfigKeys (ConfUtils.java:logGet(46)) - raft.server.write.element-limit = 1024 (custom)
2024-04-25 19:26:11,626 [9b9c1a32-defd-4a85-ab56-32b7a12f6bf5@group-2B44A231F595-LeaderElection60] INFO  server.RaftServerConfigKeys (ConfUtils.java:logGet(46)) - raft.server.write.byte-limit = 1024 M (=1073741824) (custom)
2024-04-25 19:26:11,626 [9b9c1a32-defd-4a85-ab56-32b7a12f6bf5@group-2B44A231F595-LeaderElection60] INFO  server.RaftServerConfigKeys (ConfUtils.java:logGet(46)) - raft.server.watch.timeout = 3000ms (custom)
2024-04-25 19:26:11,626 [9b9c1a32-defd-4a85-ab56-32b7a12f6bf5@group-2B44A231F595-LeaderElection60] INFO  server.RaftServerConfigKeys (ConfUtils.java:logGet(46)) - raft.server.watch.timeout.denomination = 1s (default)
2024-04-25 19:26:11,626 [9b9c1a32-defd-4a85-ab56-32b7a12f6bf5@group-2B44A231F595-LeaderElection60] INFO  server.RaftServerConfigKeys (ConfUtils.java:logGet(46)) - raft.server.watch.element-limit = 65536 (default)
2024-04-25 19:26:11,626 [9b9c1a32-defd-4a85-ab56-32b7a12f6bf5@group-2B44A231F595-LeaderElection60] INFO  server.RaftServerConfigKeys (ConfUtils.java:logGet(46)) - raft.server.read.leader.lease.enabled = false (default)
2024-04-25 19:26:11,626 [9b9c1a32-defd-4a85-ab56-32b7a12f6bf5@group-2B44A231F595-LeaderElection60] INFO  server.RaftServerConfigKeys (ConfUtils.java:logGet(46)) - raft.server.read.leader.lease.timeout.ratio = 0.9 (default)
2024-04-25 19:26:11,627 [9b9c1a32-defd-4a85-ab56-32b7a12f6bf5@group-2B44A231F595-LeaderElection60] INFO  server.RaftServerConfigKeys (ConfUtils.java:logGet(46)) - raft.server.rpc.timeout.min = 5s (custom)
2024-04-25 19:26:11,627 [9b9c1a32-defd-4a85-ab56-32b7a12f6bf5@group-2B44A231F595-LeaderElection60] INFO  server.RaftServerConfigKeys (ConfUtils.java:logGet(46)) - raft.server.write.element-limit = 1024 (custom)
2024-04-25 19:26:11,627 [9b9c1a32-defd-4a85-ab56-32b7a12f6bf5@group-2B44A231F595-LeaderElection60] INFO  server.RaftServerConfigKeys (ConfUtils.java:logGet(46)) - raft.server.write.follower.gap.ratio.max = -1.0 (default)
2024-04-25 19:26:11,627 [9b9c1a32-defd-4a85-ab56-32b7a12f6bf5@group-2B44A231F595-LeaderElection60] INFO  impl.RoleInfo (RoleInfo.java:updateAndGet(139)) - 9b9c1a32-defd-4a85-ab56-32b7a12f6bf5: start 9b9c1a32-defd-4a85-ab56-32b7a12f6bf5@group-2B44A231F595-LeaderStateImpl
2024-04-25 19:26:11,627 [9b9c1a32-defd-4a85-ab56-32b7a12f6bf5@group-2B44A231F595-LeaderElection60] INFO  server.RaftServer$Division (RaftServerImpl.java:setFirstElection(574)) - 9b9c1a32-defd-4a85-ab56-32b7a12f6bf5@group-2B44A231F595: set firstElectionSinceStartup to false for becomeLeader
2024-04-25 19:26:11,627 [9b9c1a32-defd-4a85-ab56-32b7a12f6bf5@group-2B44A231F595-LeaderElection60] INFO  ratis.XceiverServerRatis (XceiverServerRatis.java:handleLeaderChangedNotification(966)) - Leader change notification received for group: group-2B44A231F595 with new leaderId: 9b9c1a32-defd-4a85-ab56-32b7a12f6bf5
2024-04-25 19:26:11,628 [9b9c1a32-defd-4a85-ab56-32b7a12f6bf5@group-2B44A231F595-LeaderElection60] INFO  server.RaftServer$Division (ServerState.java:setLeader(269)) - 9b9c1a32-defd-4a85-ab56-32b7a12f6bf5@group-2B44A231F595: change Leader from null to 9b9c1a32-defd-4a85-ab56-32b7a12f6bf5 at term 1 for becomeLeader, leader elected after 5200ms
2024-04-25 19:26:11,628 [9b9c1a32-defd-4a85-ab56-32b7a12f6bf5@group-2B44A231F595-LeaderElection60] INFO  segmented.SegmentedRaftLogWorker (SegmentedRaftLogWorker.java:startLogSegment(430)) - 9b9c1a32-defd-4a85-ab56-32b7a12f6bf5@group-2B44A231F595-SegmentedRaftLogWorker: Starting segment from index:0
2024-04-25 19:26:11,628 [9b9c1a32-defd-4a85-ab56-32b7a12f6bf5@group-2B44A231F595-LeaderElection60] INFO  server.RaftServer$Division (ServerState.java:setRaftConf(386)) - 9b9c1a32-defd-4a85-ab56-32b7a12f6bf5@group-2B44A231F595: set configuration 0: peers:[9b9c1a32-defd-4a85-ab56-32b7a12f6bf5|127.0.0.1:15335]|listeners:[], old=null
2024-04-25 19:26:11,628 [9b9c1a32-defd-4a85-ab56-32b7a12f6bf5@group-2B44A231F595-SegmentedRaftLogWorker] INFO  segmented.BufferedWriteChannel (BufferedWriteChannel.java:open(62)) - open log_inprogress_0 at position 0
2024-04-25 19:26:11,631 [grpc-default-executor-1] INFO  server.RaftServer$Division (RaftServerImpl.java:requestVote(1422)) - 9b9c1a32-defd-4a85-ab56-32b7a12f6bf5@group-EBC75CBB34F5 replies to ELECTION vote request: 88efce4d-fc58-43a4-abfe-18a1167c7495<-9b9c1a32-defd-4a85-ab56-32b7a12f6bf5#0:OK-t1. Peer's state: 9b9c1a32-defd-4a85-ab56-32b7a12f6bf5@group-EBC75CBB34F5:t1, leader=null, voted=88efce4d-fc58-43a4-abfe-18a1167c7495, raftlog=Memoized:9b9c1a32-defd-4a85-ab56-32b7a12f6bf5@group-EBC75CBB34F5-SegmentedRaftLog:OPENED:c-1, conf=-1: peers:[9b9c1a32-defd-4a85-ab56-32b7a12f6bf5|127.0.0.1:15335, 88efce4d-fc58-43a4-abfe-18a1167c7495|127.0.0.1:15353, 485a0214-1e55-4d9f-9e33-2b2fc5076c56|127.0.0.1:15344]|listeners:[], old=null
2024-04-25 19:26:11,632 [88efce4d-fc58-43a4-abfe-18a1167c7495@group-EBC75CBB34F5-SegmentedRaftLogWorker] INFO  segmented.SegmentedRaftLogWorker (SegmentedRaftLogWorker.java:execute(634)) - 88efce4d-fc58-43a4-abfe-18a1167c7495@group-EBC75CBB34F5-SegmentedRaftLogWorker: created new log segment /home/runner/work/ozone/ozone/hadoop-ozone/integration-test/target/test-dir/MiniOzoneClusterImpl-f82f7a4c-b7ce-4bc7-bddc-b4ce9d407ba8/ozone-meta/datanode-9/ratis/bc1db2aa-d5fb-421f-98e2-ebc75cbb34f5/current/log_inprogress_0
2024-04-25 19:26:11,635 [9b9c1a32-defd-4a85-ab56-32b7a12f6bf5-server-thread1] INFO  ratis.XceiverServerRatis (XceiverServerRatis.java:handleLeaderChangedNotification(966)) - Leader change notification received for group: group-EBC75CBB34F5 with new leaderId: 88efce4d-fc58-43a4-abfe-18a1167c7495
2024-04-25 19:26:11,635 [9b9c1a32-defd-4a85-ab56-32b7a12f6bf5-server-thread1] INFO  server.RaftServer$Division (ServerState.java:setLeader(269)) - 9b9c1a32-defd-4a85-ab56-32b7a12f6bf5@group-EBC75CBB34F5: change Leader from null to 88efce4d-fc58-43a4-abfe-18a1167c7495 at term 1 for appendEntries, leader elected after 5191ms
2024-04-25 19:26:11,636 [9b9c1a32-defd-4a85-ab56-32b7a12f6bf5-server-thread2] INFO  server.RaftServer$Division (ServerState.java:setRaftConf(386)) - 9b9c1a32-defd-4a85-ab56-32b7a12f6bf5@group-EBC75CBB34F5: set configuration 0: peers:[9b9c1a32-defd-4a85-ab56-32b7a12f6bf5|127.0.0.1:15335, 88efce4d-fc58-43a4-abfe-18a1167c7495|127.0.0.1:15353, 485a0214-1e55-4d9f-9e33-2b2fc5076c56|127.0.0.1:15344]|listeners:[], old=null
2024-04-25 19:26:11,636 [9b9c1a32-defd-4a85-ab56-32b7a12f6bf5-server-thread2] INFO  segmented.SegmentedRaftLogWorker (SegmentedRaftLogWorker.java:startLogSegment(430)) - 9b9c1a32-defd-4a85-ab56-32b7a12f6bf5@group-EBC75CBB34F5-SegmentedRaftLogWorker: Starting segment from index:0
2024-04-25 19:26:11,637 [9b9c1a32-defd-4a85-ab56-32b7a12f6bf5@group-EBC75CBB34F5-SegmentedRaftLogWorker] INFO  segmented.BufferedWriteChannel (BufferedWriteChannel.java:open(62)) - open log_inprogress_0 at position 0
2024-04-25 19:26:11,640 [485a0214-1e55-4d9f-9e33-2b2fc5076c56-server-thread1] INFO  ratis.XceiverServerRatis (XceiverServerRatis.java:handleLeaderChangedNotification(966)) - Leader change notification received for group: group-EBC75CBB34F5 with new leaderId: 88efce4d-fc58-43a4-abfe-18a1167c7495
2024-04-25 19:26:11,640 [485a0214-1e55-4d9f-9e33-2b2fc5076c56-server-thread1] INFO  server.RaftServer$Division (ServerState.java:setLeader(269)) - 485a0214-1e55-4d9f-9e33-2b2fc5076c56@group-EBC75CBB34F5: change Leader from null to 88efce4d-fc58-43a4-abfe-18a1167c7495 at term 1 for appendEntries, leader elected after 5151ms
2024-04-25 19:26:11,643 [9b9c1a32-defd-4a85-ab56-32b7a12f6bf5@group-2B44A231F595-SegmentedRaftLogWorker] INFO  segmented.SegmentedRaftLogWorker (SegmentedRaftLogWorker.java:execute(634)) - 9b9c1a32-defd-4a85-ab56-32b7a12f6bf5@group-2B44A231F595-SegmentedRaftLogWorker: created new log segment /home/runner/work/ozone/ozone/hadoop-ozone/integration-test/target/test-dir/MiniOzoneClusterImpl-f82f7a4c-b7ce-4bc7-bddc-b4ce9d407ba8/ozone-meta/datanode-7/ratis/6d1582d6-d4c2-4462-94a6-2b44a231f595/current/log_inprogress_0
2024-04-25 19:26:11,643 [485a0214-1e55-4d9f-9e33-2b2fc5076c56-server-thread2] INFO  server.RaftServer$Division (ServerState.java:setRaftConf(386)) - 485a0214-1e55-4d9f-9e33-2b2fc5076c56@group-EBC75CBB34F5: set configuration 0: peers:[9b9c1a32-defd-4a85-ab56-32b7a12f6bf5|127.0.0.1:15335, 88efce4d-fc58-43a4-abfe-18a1167c7495|127.0.0.1:15353, 485a0214-1e55-4d9f-9e33-2b2fc5076c56|127.0.0.1:15344]|listeners:[], old=null
2024-04-25 19:26:11,643 [485a0214-1e55-4d9f-9e33-2b2fc5076c56-server-thread2] INFO  segmented.SegmentedRaftLogWorker (SegmentedRaftLogWorker.java:startLogSegment(430)) - 485a0214-1e55-4d9f-9e33-2b2fc5076c56@group-EBC75CBB34F5-SegmentedRaftLogWorker: Starting segment from index:0
2024-04-25 19:26:11,643 [485a0214-1e55-4d9f-9e33-2b2fc5076c56@group-EBC75CBB34F5-SegmentedRaftLogWorker] INFO  segmented.BufferedWriteChannel (BufferedWriteChannel.java:open(62)) - open log_inprogress_0 at position 0
2024-04-25 19:26:11,645 [9b9c1a32-defd-4a85-ab56-32b7a12f6bf5@group-EBC75CBB34F5-SegmentedRaftLogWorker] INFO  segmented.SegmentedRaftLogWorker (SegmentedRaftLogWorker.java:execute(634)) - 9b9c1a32-defd-4a85-ab56-32b7a12f6bf5@group-EBC75CBB34F5-SegmentedRaftLogWorker: created new log segment /home/runner/work/ozone/ozone/hadoop-ozone/integration-test/target/test-dir/MiniOzoneClusterImpl-f82f7a4c-b7ce-4bc7-bddc-b4ce9d407ba8/ozone-meta/datanode-7/ratis/bc1db2aa-d5fb-421f-98e2-ebc75cbb34f5/current/log_inprogress_0
2024-04-25 19:26:11,646 [9b9c1a32-defd-4a85-ab56-32b7a12f6bf5@group-2B44A231F595-StateMachineUpdater] INFO  server.RaftServer$Division (LeaderStateImpl.java:isApplied(320)) - leader is ready since appliedIndex == 0 >= startIndex == 0
2024-04-25 19:26:11,647 [88efce4d-fc58-43a4-abfe-18a1167c7495@group-EBC75CBB34F5-StateMachineUpdater] INFO  server.RaftServer$Division (LeaderStateImpl.java:isApplied(320)) - leader is ready since appliedIndex == 0 >= startIndex == 0
2024-04-25 19:26:11,652 [485a0214-1e55-4d9f-9e33-2b2fc5076c56@group-EBC75CBB34F5-SegmentedRaftLogWorker] INFO  segmented.SegmentedRaftLogWorker (SegmentedRaftLogWorker.java:execute(634)) - 485a0214-1e55-4d9f-9e33-2b2fc5076c56@group-EBC75CBB34F5-SegmentedRaftLogWorker: created new log segment /home/runner/work/ozone/ozone/hadoop-ozone/integration-test/target/test-dir/MiniOzoneClusterImpl-f82f7a4c-b7ce-4bc7-bddc-b4ce9d407ba8/ozone-meta/datanode-8/ratis/bc1db2aa-d5fb-421f-98e2-ebc75cbb34f5/current/log_inprogress_0
2024-04-25 19:26:11,720 [88efce4d-fc58-43a4-abfe-18a1167c7495@group-D38DB2E84FBF-FollowerState] INFO  impl.FollowerState (FollowerState.java:run(143)) - 88efce4d-fc58-43a4-abfe-18a1167c7495@group-D38DB2E84FBF-FollowerState: change to CANDIDATE, lastRpcElapsedTime:5183773399ns, electionTimeout:5183ms
2024-04-25 19:26:11,720 [88efce4d-fc58-43a4-abfe-18a1167c7495@group-D38DB2E84FBF-FollowerState] INFO  impl.RoleInfo (RoleInfo.java:shutdownFollowerState(110)) - 88efce4d-fc58-43a4-abfe-18a1167c7495: shutdown 88efce4d-fc58-43a4-abfe-18a1167c7495@group-D38DB2E84FBF-FollowerState
2024-04-25 19:26:11,720 [88efce4d-fc58-43a4-abfe-18a1167c7495@group-D38DB2E84FBF-FollowerState] INFO  server.RaftServer$Division (RaftServerImpl.java:setRole(383)) - 88efce4d-fc58-43a4-abfe-18a1167c7495@group-D38DB2E84FBF: changes role from  FOLLOWER to CANDIDATE at term 0 for changeToCandidate
2024-04-25 19:26:11,721 [88efce4d-fc58-43a4-abfe-18a1167c7495@group-D38DB2E84FBF-FollowerState] INFO  server.RaftServerConfigKeys (ConfUtils.java:logGet(46)) - raft.server.leaderelection.pre-vote = true (default)
2024-04-25 19:26:11,721 [88efce4d-fc58-43a4-abfe-18a1167c7495@group-D38DB2E84FBF-FollowerState] INFO  impl.RoleInfo (RoleInfo.java:updateAndGet(139)) - 88efce4d-fc58-43a4-abfe-18a1167c7495: start 88efce4d-fc58-43a4-abfe-18a1167c7495@group-D38DB2E84FBF-LeaderElection62
2024-04-25 19:26:11,721 [88efce4d-fc58-43a4-abfe-18a1167c7495@group-D38DB2E84FBF-LeaderElection62] INFO  impl.LeaderElection (LeaderElection.java:askForVotes(321)) - 88efce4d-fc58-43a4-abfe-18a1167c7495@group-D38DB2E84FBF-LeaderElection62 PRE_VOTE round 0: submit vote requests at term 0 for -1: peers:[88efce4d-fc58-43a4-abfe-18a1167c7495|127.0.0.1:15353]|listeners:[], old=null
2024-04-25 19:26:11,721 [88efce4d-fc58-43a4-abfe-18a1167c7495@group-D38DB2E84FBF-LeaderElection62] INFO  impl.LeaderElection (LeaderElection.java:askForVotes(323)) - 88efce4d-fc58-43a4-abfe-18a1167c7495@group-D38DB2E84FBF-LeaderElection62 PRE_VOTE round 0: result PASSED (term=0)
2024-04-25 19:26:11,722 [88efce4d-fc58-43a4-abfe-18a1167c7495@group-D38DB2E84FBF-LeaderElection62] INFO  impl.LeaderElection (LeaderElection.java:askForVotes(321)) - 88efce4d-fc58-43a4-abfe-18a1167c7495@group-D38DB2E84FBF-LeaderElection62 ELECTION round 0: submit vote requests at term 1 for -1: peers:[88efce4d-fc58-43a4-abfe-18a1167c7495|127.0.0.1:15353]|listeners:[], old=null
2024-04-25 19:26:11,722 [88efce4d-fc58-43a4-abfe-18a1167c7495@group-D38DB2E84FBF-LeaderElection62] INFO  impl.LeaderElection (LeaderElection.java:askForVotes(323)) - 88efce4d-fc58-43a4-abfe-18a1167c7495@group-D38DB2E84FBF-LeaderElection62 ELECTION round 0: result PASSED (term=1)
2024-04-25 19:26:11,723 [88efce4d-fc58-43a4-abfe-18a1167c7495@group-D38DB2E84FBF-LeaderElection62] INFO  impl.RoleInfo (RoleInfo.java:shutdownLeaderElection(130)) - 88efce4d-fc58-43a4-abfe-18a1167c7495: shutdown 88efce4d-fc58-43a4-abfe-18a1167c7495@group-D38DB2E84FBF-LeaderElection62
2024-04-25 19:26:11,723 [88efce4d-fc58-43a4-abfe-18a1167c7495@group-D38DB2E84FBF-LeaderElection62] INFO  server.RaftServer$Division (RaftServerImpl.java:setRole(383)) - 88efce4d-fc58-43a4-abfe-18a1167c7495@group-D38DB2E84FBF: changes role from CANDIDATE to LEADER at term 1 for changeToLeader
2024-04-25 19:26:11,723 [88efce4d-fc58-43a4-abfe-18a1167c7495@group-D38DB2E84FBF-LeaderElection62] INFO  server.RaftServerConfigKeys (ConfUtils.java:logGet(46)) - raft.server.staging.catchup.gap = 1000 (default)
2024-04-25 19:26:11,723 [88efce4d-fc58-43a4-abfe-18a1167c7495@group-D38DB2E84FBF-LeaderElection62] INFO  server.RaftServerConfigKeys (ConfUtils.java:logGet(46)) - raft.server.write.element-limit = 1024 (custom)
2024-04-25 19:26:11,723 [88efce4d-fc58-43a4-abfe-18a1167c7495@group-D38DB2E84FBF-LeaderElection62] INFO  server.RaftServerConfigKeys (ConfUtils.java:logGet(46)) - raft.server.write.byte-limit = 1024 M (=1073741824) (custom)
2024-04-25 19:26:11,723 [88efce4d-fc58-43a4-abfe-18a1167c7495@group-D38DB2E84FBF-LeaderElection62] INFO  server.RaftServerConfigKeys (ConfUtils.java:logGet(46)) - raft.server.watch.timeout = 3000ms (custom)
2024-04-25 19:26:11,723 [88efce4d-fc58-43a4-abfe-18a1167c7495@group-D38DB2E84FBF-LeaderElection62] INFO  server.RaftServerConfigKeys (ConfUtils.java:logGet(46)) - raft.server.watch.timeout.denomination = 1s (default)
2024-04-25 19:26:11,723 [88efce4d-fc58-43a4-abfe-18a1167c7495@group-D38DB2E84FBF-LeaderElection62] INFO  server.RaftServerConfigKeys (ConfUtils.java:logGet(46)) - raft.server.watch.element-limit = 65536 (default)
2024-04-25 19:26:11,724 [88efce4d-fc58-43a4-abfe-18a1167c7495@group-D38DB2E84FBF-LeaderElection62] INFO  server.RaftServerConfigKeys (ConfUtils.java:logGet(46)) - raft.server.read.leader.lease.enabled = false (default)
2024-04-25 19:26:11,724 [88efce4d-fc58-43a4-abfe-18a1167c7495@group-D38DB2E84FBF-LeaderElection62] INFO  server.RaftServerConfigKeys (ConfUtils.java:logGet(46)) - raft.server.read.leader.lease.timeout.ratio = 0.9 (default)
2024-04-25 19:26:11,724 [88efce4d-fc58-43a4-abfe-18a1167c7495@group-D38DB2E84FBF-LeaderElection62] INFO  server.RaftServerConfigKeys (ConfUtils.java:logGet(46)) - raft.server.rpc.timeout.min = 5s (custom)
2024-04-25 19:26:11,724 [88efce4d-fc58-43a4-abfe-18a1167c7495@group-D38DB2E84FBF-LeaderElection62] INFO  server.RaftServerConfigKeys (ConfUtils.java:logGet(46)) - raft.server.write.element-limit = 1024 (custom)
2024-04-25 19:26:11,724 [88efce4d-fc58-43a4-abfe-18a1167c7495@group-D38DB2E84FBF-LeaderElection62] INFO  server.RaftServerConfigKeys (ConfUtils.java:logGet(46)) - raft.server.write.follower.gap.ratio.max = -1.0 (default)
2024-04-25 19:26:11,724 [88efce4d-fc58-43a4-abfe-18a1167c7495@group-D38DB2E84FBF-LeaderElection62] INFO  impl.RoleInfo (RoleInfo.java:updateAndGet(139)) - 88efce4d-fc58-43a4-abfe-18a1167c7495: start 88efce4d-fc58-43a4-abfe-18a1167c7495@group-D38DB2E84FBF-LeaderStateImpl
2024-04-25 19:26:11,724 [88efce4d-fc58-43a4-abfe-18a1167c7495@group-D38DB2E84FBF-LeaderElection62] INFO  server.RaftServer$Division (RaftServerImpl.java:setFirstElection(574)) - 88efce4d-fc58-43a4-abfe-18a1167c7495@group-D38DB2E84FBF: set firstElectionSinceStartup to false for becomeLeader
2024-04-25 19:26:11,724 [88efce4d-fc58-43a4-abfe-18a1167c7495@group-D38DB2E84FBF-LeaderElection62] INFO  ratis.XceiverServerRatis (XceiverServerRatis.java:handleLeaderChangedNotification(966)) - Leader change notification received for group: group-D38DB2E84FBF with new leaderId: 88efce4d-fc58-43a4-abfe-18a1167c7495
2024-04-25 19:26:11,724 [88efce4d-fc58-43a4-abfe-18a1167c7495@group-D38DB2E84FBF-LeaderElection62] INFO  server.RaftServer$Division (ServerState.java:setLeader(269)) - 88efce4d-fc58-43a4-abfe-18a1167c7495@group-D38DB2E84FBF: change Leader from null to 88efce4d-fc58-43a4-abfe-18a1167c7495 at term 1 for becomeLeader, leader elected after 5197ms
2024-04-25 19:26:11,724 [88efce4d-fc58-43a4-abfe-18a1167c7495@group-D38DB2E84FBF-LeaderElection62] INFO  segmented.SegmentedRaftLogWorker (SegmentedRaftLogWorker.java:startLogSegment(430)) - 88efce4d-fc58-43a4-abfe-18a1167c7495@group-D38DB2E84FBF-SegmentedRaftLogWorker: Starting segment from index:0
2024-04-25 19:26:11,725 [88efce4d-fc58-43a4-abfe-18a1167c7495@group-D38DB2E84FBF-SegmentedRaftLogWorker] INFO  segmented.BufferedWriteChannel (BufferedWriteChannel.java:open(62)) - open log_inprogress_0 at position 0
2024-04-25 19:26:11,727 [88efce4d-fc58-43a4-abfe-18a1167c7495@group-D38DB2E84FBF-LeaderElection62] INFO  server.RaftServer$Division (ServerState.java:setRaftConf(386)) - 88efce4d-fc58-43a4-abfe-18a1167c7495@group-D38DB2E84FBF: set configuration 0: peers:[88efce4d-fc58-43a4-abfe-18a1167c7495|127.0.0.1:15353]|listeners:[], old=null
2024-04-25 19:26:11,733 [88efce4d-fc58-43a4-abfe-18a1167c7495@group-D38DB2E84FBF-SegmentedRaftLogWorker] INFO  segmented.SegmentedRaftLogWorker (SegmentedRaftLogWorker.java:execute(634)) - 88efce4d-fc58-43a4-abfe-18a1167c7495@group-D38DB2E84FBF-SegmentedRaftLogWorker: created new log segment /home/runner/work/ozone/ozone/hadoop-ozone/integration-test/target/test-dir/MiniOzoneClusterImpl-f82f7a4c-b7ce-4bc7-bddc-b4ce9d407ba8/ozone-meta/datanode-9/ratis/42b9784e-f8ef-41c8-b54e-d38db2e84fbf/current/log_inprogress_0
2024-04-25 19:26:11,734 [88efce4d-fc58-43a4-abfe-18a1167c7495@group-D38DB2E84FBF-StateMachineUpdater] INFO  server.RaftServer$Division (LeaderStateImpl.java:isApplied(320)) - leader is ready since appliedIndex == 0 >= startIndex == 0
2024-04-25 19:26:18,167 [timer2] ERROR impl.OrderedAsync (OrderedAsync.java:lambda$sendRequest$9(247)) - client-174184D46751: Failed* RaftClientRequest:client-174184D46751->c059e8ba-a531-47a3-a497-45c8f0b0c72e@group-3D56868D618F, cid=65, seq=1*, Watch(0), null
java.util.concurrent.CompletionException: org.apache.ratis.protocol.exceptions.AlreadyClosedException: client-174184D46751->c059e8ba-a531-47a3-a497-45c8f0b0c72e is closed.
	at java.base/java.util.concurrent.CompletableFuture.encodeThrowable(CompletableFuture.java:332)
	at java.base/java.util.concurrent.CompletableFuture.uniApplyNow(CompletableFuture.java:674)
	at java.base/java.util.concurrent.CompletableFuture.uniApplyStage(CompletableFuture.java:662)
	at java.base/java.util.concurrent.CompletableFuture.thenApply(CompletableFuture.java:2168)
	at org.apache.ratis.client.impl.OrderedAsync.sendRequest(OrderedAsync.java:239)
	at org.apache.ratis.client.impl.OrderedAsync.sendRequestWithRetry(OrderedAsync.java:203)
	at org.apache.ratis.util.SlidingWindow$Client.sendOrDelayRequest(SlidingWindow.java:312)
	at org.apache.ratis.util.SlidingWindow$Client.retry(SlidingWindow.java:328)
	at org.apache.ratis.client.impl.OrderedAsync.lambda$scheduleWithTimeout$6(OrderedAsync.java:227)
	at org.apache.ratis.util.TimeoutTimer.lambda$onTimeout$2(TimeoutTimer.java:101)
	at org.apache.ratis.util.LogUtils.runAndLog(LogUtils.java:38)
	at org.apache.ratis.util.LogUtils$1.run(LogUtils.java:78)
	at org.apache.ratis.util.TimeoutTimer$Task.run(TimeoutTimer.java:55)
	at java.base/java.util.TimerThread.mainLoop(Timer.java:566)
	at java.base/java.util.TimerThread.run(Timer.java:516)
Caused by: org.apache.ratis.protocol.exceptions.AlreadyClosedException: client-174184D46751->c059e8ba-a531-47a3-a497-45c8f0b0c72e is closed.
	at org.apache.ratis.grpc.client.GrpcClientProtocolClient$AsyncStreamObservers.onNext(GrpcClientProtocolClient.java:349)
	at org.apache.ratis.grpc.client.GrpcClientRpc.sendRequestAsync(GrpcClientRpc.java:71)
	... 11 more
2024-04-25 19:26:24,991 [grpc-default-executor-5] ERROR impl.OrderedAsync (OrderedAsync.java:lambda$sendRequest$9(247)) - client-174184D46751: Failed* RaftClientRequest:client-174184D46751->38098fde-9f6f-4ad0-993c-715d8f2d4b32@group-3D56868D618F, cid=65, seq=1*, Watch(0), null
java.util.concurrent.CompletionException: org.apache.ratis.protocol.exceptions.NotLeaderException: Server 38098fde-9f6f-4ad0-993c-715d8f2d4b32@group-3D56868D618F is not the leader c059e8ba-a531-47a3-a497-45c8f0b0c72e|127.0.0.1:15317
	at java.base/java.util.concurrent.CompletableFuture.encodeThrowable(CompletableFuture.java:332)
	at java.base/java.util.concurrent.CompletableFuture.completeThrowable(CompletableFuture.java:347)
	at java.base/java.util.concurrent.CompletableFuture$UniApply.tryFire(CompletableFuture.java:636)
	at java.base/java.util.concurrent.CompletableFuture.postComplete(CompletableFuture.java:510)
	at java.base/java.util.concurrent.CompletableFuture.completeExceptionally(CompletableFuture.java:2162)
	at org.apache.ratis.grpc.client.GrpcClientProtocolClient$AsyncStreamObservers.completeReplyExceptionally(GrpcClientProtocolClient.java:394)
	at org.apache.ratis.grpc.client.GrpcClientProtocolClient$AsyncStreamObservers.access$000(GrpcClientProtocolClient.java:300)
	at org.apache.ratis.grpc.client.GrpcClientProtocolClient$AsyncStreamObservers$1.onNext(GrpcClientProtocolClient.java:314)
	at org.apache.ratis.grpc.client.GrpcClientProtocolClient$AsyncStreamObservers$1.onNext(GrpcClientProtocolClient.java:305)
	at org.apache.ratis.thirdparty.io.grpc.stub.ClientCalls$StreamObserverToCallListenerAdapter.onMessage(ClientCalls.java:468)
	at org.apache.ratis.thirdparty.io.grpc.ForwardingClientCallListener.onMessage(ForwardingClientCallListener.java:33)
	at org.apache.ratis.thirdparty.io.grpc.internal.ClientCallImpl$ClientStreamListenerImpl$1MessagesAvailable.runInternal(ClientCallImpl.java:660)
	at org.apache.ratis.thirdparty.io.grpc.internal.ClientCallImpl$ClientStreamListenerImpl$1MessagesAvailable.runInContext(ClientCallImpl.java:647)
	at org.apache.ratis.thirdparty.io.grpc.internal.ContextRunnable.run(ContextRunnable.java:37)
	at org.apache.ratis.thirdparty.io.grpc.internal.SerializingExecutor.run(SerializingExecutor.java:133)
	at java.base/java.util.concurrent.ThreadPoolExecutor.runWorker(ThreadPoolExecutor.java:1136)
	at java.base/java.util.concurrent.ThreadPoolExecutor$Worker.run(ThreadPoolExecutor.java:635)
	at java.base/java.lang.Thread.run(Thread.java:840)
Caused by: org.apache.ratis.protocol.exceptions.NotLeaderException: Server 38098fde-9f6f-4ad0-993c-715d8f2d4b32@group-3D56868D618F is not the leader c059e8ba-a531-47a3-a497-45c8f0b0c72e|127.0.0.1:15317
	at org.apache.ratis.client.impl.ClientProtoUtils.toRaftClientReply(ClientProtoUtils.java:397)
	at org.apache.ratis.grpc.client.GrpcClientProtocolClient$AsyncStreamObservers$1.onNext(GrpcClientProtocolClient.java:310)
	... 10 more
2024-04-25 19:26:24,991 [grpc-default-executor-5] ERROR impl.OrderedAsync (OrderedAsync.java:lambda$send$4(179)) - Failed to send request, message=null
java.util.concurrent.CompletionException: org.apache.ratis.protocol.exceptions.RaftRetryFailureException: Failed RaftClientRequest:client-174184D46751->38098fde-9f6f-4ad0-993c-715d8f2d4b32@group-3D56868D618F, cid=65, seq=1*, Watch(0), null for 3 attempts with RequestTypeDependentRetryPolicy{WRITE->ExceptionDependentRetry(maxAttempts=2147483647; defaultPolicy=MultipleLinearRandomRetry[5x5s, 5x10s, 5x15s, 5x20s, 5x25s, 10x60s]; map={org.apache.ratis.protocol.exceptions.GroupMismatchException->NoRetry, org.apache.ratis.protocol.exceptions.NotReplicatedException->NoRetry, org.apache.ratis.protocol.exceptions.ResourceUnavailableException->org.apache.ratis.retry.ExponentialBackoffRetry@5bd18bd0, org.apache.ratis.protocol.exceptions.StateMachineException->NoRetry, org.apache.ratis.protocol.exceptions.TimeoutIOException->org.apache.ratis.retry.ExponentialBackoffRetry@5bd18bd0}), WATCH->ExceptionDependentRetry(maxAttempts=2147483647; defaultPolicy=MultipleLinearRandomRetry[5x5s, 5x10s, 5x15s, 5x20s, 5x25s, 10x60s]; map={org.apache.ratis.protocol.exceptions.GroupMismatchException->NoRetry, org.apache.ratis.protocol.exceptions.NotReplicatedException->NoRetry, org.apache.ratis.protocol.exceptions.ResourceUnavailableException->org.apache.ratis.retry.ExponentialBackoffRetry@5bd18bd0, org.apache.ratis.protocol.exceptions.StateMachineException->NoRetry, org.apache.ratis.protocol.exceptions.TimeoutIOException->NoRetry})}
	at java.base/java.util.concurrent.CompletableFuture.encodeThrowable(CompletableFuture.java:332)
	at java.base/java.util.concurrent.CompletableFuture.completeThrowable(CompletableFuture.java:347)
	at java.base/java.util.concurrent.CompletableFuture$UniApply.tryFire(CompletableFuture.java:636)
	at java.base/java.util.concurrent.CompletableFuture.postComplete(CompletableFuture.java:510)
	at java.base/java.util.concurrent.CompletableFuture.completeExceptionally(CompletableFuture.java:2162)
	at org.apache.ratis.client.impl.OrderedAsync$PendingOrderedRequest.fail(OrderedAsync.java:105)
	at org.apache.ratis.util.SlidingWindow$Client.fail(SlidingWindow.java:392)
	at org.apache.ratis.client.impl.OrderedAsync.failAllAsyncRequests(OrderedAsync.java:149)
	at org.apache.ratis.client.impl.OrderedAsync.handleAsyncRetryFailure(OrderedAsync.java:153)
	at org.apache.ratis.client.impl.OrderedAsync.lambda$sendRequest$9(OrderedAsync.java:253)
	at java.base/java.util.concurrent.CompletableFuture.uniExceptionally(CompletableFuture.java:990)
	at java.base/java.util.concurrent.CompletableFuture$UniExceptionally.tryFire(CompletableFuture.java:974)
	at java.base/java.util.concurrent.CompletableFuture.postComplete(CompletableFuture.java:510)
	at java.base/java.util.concurrent.CompletableFuture.completeExceptionally(CompletableFuture.java:2162)
	at org.apache.ratis.grpc.client.GrpcClientProtocolClient$AsyncStreamObservers.completeReplyExceptionally(GrpcClientProtocolClient.java:394)
	at org.apache.ratis.grpc.client.GrpcClientProtocolClient$AsyncStreamObservers.access$000(GrpcClientProtocolClient.java:300)
	at org.apache.ratis.grpc.client.GrpcClientProtocolClient$AsyncStreamObservers$1.onNext(GrpcClientProtocolClient.java:314)
	at org.apache.ratis.grpc.client.GrpcClientProtocolClient$AsyncStreamObservers$1.onNext(GrpcClientProtocolClient.java:305)
	at org.apache.ratis.thirdparty.io.grpc.stub.ClientCalls$StreamObserverToCallListenerAdapter.onMessage(ClientCalls.java:468)
	at org.apache.ratis.thirdparty.io.grpc.ForwardingClientCallListener.onMessage(ForwardingClientCallListener.java:33)
	at org.apache.ratis.thirdparty.io.grpc.internal.ClientCallImpl$ClientStreamListenerImpl$1MessagesAvailable.runInternal(ClientCallImpl.java:660)
	at org.apache.ratis.thirdparty.io.grpc.internal.ClientCallImpl$ClientStreamListenerImpl$1MessagesAvailable.runInContext(ClientCallImpl.java:647)
	at org.apache.ratis.thirdparty.io.grpc.internal.ContextRunnable.run(ContextRunnable.java:37)
	at org.apache.ratis.thirdparty.io.grpc.internal.SerializingExecutor.run(SerializingExecutor.java:133)
	at java.base/java.util.concurrent.ThreadPoolExecutor.runWorker(ThreadPoolExecutor.java:1136)
	at java.base/java.util.concurrent.ThreadPoolExecutor$Worker.run(ThreadPoolExecutor.java:635)
	at java.base/java.lang.Thread.run(Thread.java:840)
Caused by: org.apache.ratis.protocol.exceptions.RaftRetryFailureException: Failed RaftClientRequest:client-174184D46751->38098fde-9f6f-4ad0-993c-715d8f2d4b32@group-3D56868D618F, cid=65, seq=1*, Watch(0), null for 3 attempts with RequestTypeDependentRetryPolicy{WRITE->ExceptionDependentRetry(maxAttempts=2147483647; defaultPolicy=MultipleLinearRandomRetry[5x5s, 5x10s, 5x15s, 5x20s, 5x25s, 10x60s]; map={org.apache.ratis.protocol.exceptions.GroupMismatchException->NoRetry, org.apache.ratis.protocol.exceptions.NotReplicatedException->NoRetry, org.apache.ratis.protocol.exceptions.ResourceUnavailableException->org.apache.ratis.retry.ExponentialBackoffRetry@5bd18bd0, org.apache.ratis.protocol.exceptions.StateMachineException->NoRetry, org.apache.ratis.protocol.exceptions.TimeoutIOException->org.apache.ratis.retry.ExponentialBackoffRetry@5bd18bd0}), WATCH->ExceptionDependentRetry(maxAttempts=2147483647; defaultPolicy=MultipleLinearRandomRetry[5x5s, 5x10s, 5x15s, 5x20s, 5x25s, 10x60s]; map={org.apache.ratis.protocol.exceptions.GroupMismatchException->NoRetry, org.apache.ratis.protocol.exceptions.NotReplicatedException->NoRetry, org.apache.ratis.protocol.exceptions.ResourceUnavailableException->org.apache.ratis.retry.ExponentialBackoffRetry@5bd18bd0, org.apache.ratis.protocol.exceptions.StateMachineException->NoRetry, org.apache.ratis.protocol.exceptions.TimeoutIOException->NoRetry})}
	at org.apache.ratis.client.impl.RaftClientImpl.noMoreRetries(RaftClientImpl.java:353)
	... 19 more
Caused by: org.apache.ratis.protocol.exceptions.NotLeaderException: Server 38098fde-9f6f-4ad0-993c-715d8f2d4b32@group-3D56868D618F is not the leader c059e8ba-a531-47a3-a497-45c8f0b0c72e|127.0.0.1:15317
	at org.apache.ratis.client.impl.ClientProtoUtils.toRaftClientReply(ClientProtoUtils.java:397)
	at org.apache.ratis.grpc.client.GrpcClientProtocolClient$AsyncStreamObservers$1.onNext(GrpcClientProtocolClient.java:310)
	... 10 more
2024-04-25 19:26:24,992 [grpc-default-executor-5] ERROR impl.OrderedAsync (OrderedAsync.java:lambda$send$4(177)) - Failed to send request, message=cmdType: CreateContainer
traceID: ""
containerID: 1
datanodeUuid: "c059e8ba-a531-47a3-a497-45c8f0b0c72e"
createContainer {
}
, data.size=0 due to java.util.concurrent.CompletionException: org.apache.ratis.protocol.exceptions.AlreadyClosedException: SlidingWindow$Client:client-174184D46751->RAFT is closed.
2024-04-25 19:26:24,993 [main] INFO  ozone.MiniOzoneClusterImpl (MiniOzoneClusterImpl.java:shutdown(396)) - Shutting down the Mini Ozone Cluster
2024-04-25 19:26:24,993 [main] INFO  db.CodecTestUtil (CodecTestUtil.java:gc(50)) - gc 0
2024-04-25 19:26:25,175 [main] INFO  ozone.MiniOzoneClusterImpl (MiniOzoneClusterImpl.java:stop(412)) - Stopping the Mini Ozone Cluster
2024-04-25 19:26:25,176 [main] INFO  om.OzoneManager (OzoneManager.java:stop(2232)) - om1[localhost:15271]: Stopping Ozone Manager
2024-04-25 19:26:25,176 [main] INFO  ipc.Server (Server.java:stop(3523)) - Stopping server on 15271
2024-04-25 19:26:25,177 [IPC Server Responder] INFO  ipc.Server (Server.java:run(1567)) - Stopping IPC Server Responder
2024-04-25 19:26:25,177 [main] INFO  ratis.OzoneManagerRatisServer (OzoneManagerRatisServer.java:stop(594)) - Stopping org.apache.hadoop.ozone.om.ratis.OzoneManagerRatisServer@25ae8911 at port 15274
2024-04-25 19:26:25,177 [main] INFO  server.RaftServer (RaftServerProxy.java:lambda$close$9(416)) - om1: close
2024-04-25 19:26:25,177 [IPC Server listener on 15271] INFO  ipc.Server (Server.java:run(1434)) - Stopping IPC Server listener on 15271
2024-04-25 19:26:25,177 [om1-impl-thread1] INFO  server.RaftServer$Division (RaftServerImpl.java:lambda$close$3(526)) - om1@group-C5BA1605619E: shutdown
2024-04-25 19:26:25,177 [om1-impl-thread1] INFO  util.JmxRegister (JmxRegister.java:unregister(73)) - Successfully un-registered JMX Bean with object name Ratis:service=RaftServer,group=group-C5BA1605619E,id=om1
2024-04-25 19:26:25,178 [om1-impl-thread1] INFO  impl.RoleInfo (RoleInfo.java:shutdownLeaderState(94)) - om1: shutdown om1@group-C5BA1605619E-LeaderStateImpl
2024-04-25 19:26:25,177 [main] INFO  server.GrpcService (GrpcService.java:closeImpl(311)) - om1: shutdown server GrpcServerProtocolService now
2024-04-25 19:26:25,178 [om1-impl-thread1] INFO  impl.PendingRequests (PendingRequests.java:sendNotLeaderResponses(289)) - om1@group-C5BA1605619E-PendingRequests: sendNotLeaderResponses
2024-04-25 19:26:25,178 [om1-impl-thread1] INFO  impl.StateMachineUpdater (StateMachineUpdater.java:stopAndJoin(157)) - om1@group-C5BA1605619E-StateMachineUpdater: set stopIndex = 4
2024-04-25 19:26:25,178 [om1@group-C5BA1605619E-StateMachineUpdater] INFO  ratis.OzoneManagerStateMachine (OzoneManagerStateMachine.java:takeSnapshotImpl(481)) -  applied = (t:1, i:3)
2024-04-25 19:26:25,178 [om1@group-C5BA1605619E-StateMachineUpdater] INFO  ratis.OzoneManagerStateMachine (OzoneManagerStateMachine.java:takeSnapshotImpl(482)) -  skipped = 3
2024-04-25 19:26:25,178 [om1@group-C5BA1605619E-StateMachineUpdater] INFO  ratis.OzoneManagerStateMachine (OzoneManagerStateMachine.java:takeSnapshotImpl(483)) - notified = (t:1, i:4)
2024-04-25 19:26:25,178 [om1@group-C5BA1605619E-StateMachineUpdater] INFO  ratis.OzoneManagerStateMachine (OzoneManagerStateMachine.java:takeSnapshotImpl(484)) - snapshot = (t:1, i:4)
2024-04-25 19:26:25,178 [main] INFO  server.GrpcService (GrpcService.java:closeImpl(320)) - om1: shutdown server GrpcServerProtocolService successfully
2024-04-25 19:26:25,188 [om1@group-C5BA1605619E-StateMachineUpdater] INFO  impl.StateMachineUpdater (StateMachineUpdater.java:takeSnapshot(295)) - om1@group-C5BA1605619E-StateMachineUpdater: Took a snapshot at index 4
2024-04-25 19:26:25,189 [om1@group-C5BA1605619E-StateMachineUpdater] INFO  impl.StateMachineUpdater (StateMachineUpdater.java:lambda$new$0(98)) - om1@group-C5BA1605619E-StateMachineUpdater: snapshotIndex: updateIncreasingly -1 -> 4
2024-04-25 19:26:25,189 [om1@group-C5BA1605619E-StateMachineUpdater] INFO  ratis.OzoneManagerStateMachine (OzoneManagerStateMachine.java:close(527)) - Stopping OzoneManagerStateMachine:om1:group-C5BA1605619E.
2024-04-25 19:26:25,189 [om1@group-C5BA1605619E-StateMachineUpdater] INFO  ratis.OzoneManagerDoubleBuffer (OzoneManagerDoubleBuffer.java:stopDaemon(517)) - Stopping OMDoubleBuffer flush thread
2024-04-25 19:26:25,189 [om1-OMDoubleBufferFlushThread] INFO  ratis.OzoneManagerDoubleBuffer (OzoneManagerDoubleBuffer.java:canFlush(581)) - OMDoubleBuffer flush thread om1-OMDoubleBufferFlushThread is interrupted and will exit.
2024-04-25 19:26:25,189 [om1-impl-thread1] INFO  server.RaftServer$Division (ServerState.java:close(427)) - om1@group-C5BA1605619E: applyIndex: 3
2024-04-25 19:26:25,189 [om1@group-C5BA1605619E-cacheEviction-AwaitToRun] INFO  util.AwaitToRun (AwaitToRun.java:run(49)) - om1@group-C5BA1605619E-cacheEviction-AwaitToRun-AwaitForSignal is interrupted
2024-04-25 19:26:25,556 [om1-impl-thread1] INFO  segmented.SegmentedRaftLogWorker (SegmentedRaftLogWorker.java:close(245)) - om1@group-C5BA1605619E-SegmentedRaftLogWorker close()
2024-04-25 19:26:25,556 [JvmPauseMonitor34] INFO  util.JvmPauseMonitor (JvmPauseMonitor.java:run(152)) - JvmPauseMonitor-om1: Stopped
2024-04-25 19:26:25,556 [main] INFO  utils.BackgroundService (BackgroundService.java:shutdown(160)) - Shutting down service KeyDeletingService
2024-04-25 19:26:25,557 [main] INFO  utils.BackgroundService (BackgroundService.java:shutdown(160)) - Shutting down service DirectoryDeletingService
2024-04-25 19:26:25,557 [main] INFO  utils.BackgroundService (BackgroundService.java:shutdown(160)) - Shutting down service OpenKeyCleanupService
2024-04-25 19:26:25,557 [main] INFO  utils.BackgroundService (BackgroundService.java:shutdown(160)) - Shutting down service SstFilteringService
2024-04-25 19:26:25,557 [main] INFO  utils.BackgroundService (BackgroundService.java:shutdown(160)) - Shutting down service SnapshotDeletingService
2024-04-25 19:26:25,557 [main] INFO  utils.BackgroundService (BackgroundService.java:shutdown(160)) - Shutting down service MultipartUploadCleanupService
2024-04-25 19:26:25,557 [main] INFO  utils.BackgroundService (BackgroundService.java:shutdown(160)) - Shutting down service SnapshotDirectoryCleaningService
2024-04-25 19:26:25,558 [main] INFO  handler.ContextHandler (ContextHandler.java:doStop(1159)) - Stopped o.e.j.w.WebAppContext@1de8248f{ozoneManager,/,null,STOPPED}{file:/home/runner/work/ozone/ozone/hadoop-ozone/integration-test/target/test-classes/webapps/ozoneManager}
2024-04-25 19:26:25,558 [main] INFO  server.AbstractConnector (AbstractConnector.java:doStop(383)) - Stopped ServerConnector@5680639f{HTTP/1.1, (http/1.1)}{0.0.0.0:15272}
2024-04-25 19:26:25,558 [main] INFO  server.session (HouseKeeper.java:stopScavenging(149)) - node0 Stopped scavenging
2024-04-25 19:26:25,559 [main] INFO  handler.ContextHandler (ContextHandler.java:doStop(1159)) - Stopped o.e.j.s.ServletContextHandler@6338a0ec{static,/static,file:///home/runner/work/ozone/ozone/hadoop-ozone/integration-test/target/test-classes/webapps/static,STOPPED}
2024-04-25 19:26:25,559 [main] INFO  handler.ContextHandler (ContextHandler.java:doStop(1159)) - Stopped o.e.j.s.ServletContextHandler@6e84faac{logs,/logs,file:///home/runner/work/ozone/ozone/hadoop-ozone/integration-test/target/log,STOPPED}
2024-04-25 19:26:25,559 [main] INFO  rocksdiff.RocksDBCheckpointDiffer (RocksDBCheckpointDiffer.java:close(310)) - Shutting down CompactionDagPruningService.
2024-04-25 19:26:25,561 [main] INFO  snapshot.SnapshotDiffManager (SnapshotDiffManager.java:closeExecutorService(1657)) - Shutting down executorService: 'SnapDiffExecutor'
2024-04-25 19:26:25,561 [main] INFO  utils.BackgroundService (BackgroundService.java:shutdown(160)) - Shutting down service SnapshotDiffCleanupService
2024-04-25 19:26:25,562 [main] INFO  ozone.MiniOzoneClusterImpl (MiniOzoneClusterImpl.java:stopDatanodes(471)) - Stopping the HddsDatanodes
2024-04-25 19:26:25,564 [ForkJoinPool.commonPool-worker-1] INFO  ozoneimpl.OzoneContainer (OzoneContainer.java:stop(481)) - Attempting to stop container services.
2024-04-25 19:26:25,564 [ContainerMetadataScanner] WARN  ozoneimpl.AbstractBackgroundContainerScanner (AbstractBackgroundContainerScanner.java:handleRemainingSleep(134)) - Background container scan was interrupted.
2024-04-25 19:26:25,564 [ContainerMetadataScanner] INFO  ozoneimpl.AbstractBackgroundContainerScanner (AbstractBackgroundContainerScanner.java:run(61)) - Thread[ContainerMetadataScanner,5,main] exiting.
2024-04-25 19:26:25,564 [ForkJoinPool.commonPool-worker-4] INFO  ozoneimpl.OzoneContainer (OzoneContainer.java:stop(481)) - Attempting to stop container services.
2024-04-25 19:26:25,564 [main] INFO  ozoneimpl.OzoneContainer (OzoneContainer.java:stop(481)) - Attempting to stop container services.
2024-04-25 19:26:25,565 [ContainerMetadataScanner] WARN  ozoneimpl.AbstractBackgroundContainerScanner (AbstractBackgroundContainerScanner.java:handleRemainingSleep(134)) - Background container scan was interrupted.
2024-04-25 19:26:25,565 [ContainerMetadataScanner] INFO  ozoneimpl.AbstractBackgroundContainerScanner (AbstractBackgroundContainerScanner.java:run(61)) - Thread[ContainerMetadataScanner,5,main] exiting.
2024-04-25 19:26:25,565 [ForkJoinPool.commonPool-worker-1] INFO  ozoneimpl.BackgroundContainerDataScanner (BackgroundContainerDataScanner.java:shutdown(141)) - ContainerDataScanner(/home/runner/work/ozone/ozone/hadoop-ozone/integration-test/target/test-dir/MiniOzoneClusterImpl-f82f7a4c-b7ce-4bc7-bddc-b4ce9d407ba8/ozone-meta/datanode-8/data-0/hdds) is shutting down. 
2024-04-25 19:26:25,565 [ForkJoinPool.commonPool-worker-2] INFO  ozoneimpl.OzoneContainer (OzoneContainer.java:stop(481)) - Attempting to stop container services.
2024-04-25 19:26:25,565 [ContainerMetadataScanner] WARN  ozoneimpl.AbstractBackgroundContainerScanner (AbstractBackgroundContainerScanner.java:handleRemainingSleep(134)) - Background container scan was interrupted.
2024-04-25 19:26:25,565 [ContainerMetadataScanner] INFO  ozoneimpl.AbstractBackgroundContainerScanner (AbstractBackgroundContainerScanner.java:run(61)) - Thread[ContainerMetadataScanner,5,main] exiting.
2024-04-25 19:26:25,565 [ContainerDataScanner(/home/runner/work/ozone/ozone/hadoop-ozone/integration-test/target/test-dir/MiniOzoneClusterImpl-f82f7a4c-b7ce-4bc7-bddc-b4ce9d407ba8/ozone-meta/datanode-8/data-0/hdds)] WARN  ozoneimpl.AbstractBackgroundContainerScanner (AbstractBackgroundContainerScanner.java:handleRemainingSleep(134)) - Background container scan was interrupted.
2024-04-25 19:26:25,566 [ForkJoinPool.commonPool-worker-4] INFO  ozoneimpl.BackgroundContainerDataScanner (BackgroundContainerDataScanner.java:shutdown(141)) - ContainerDataScanner(/home/runner/work/ozone/ozone/hadoop-ozone/integration-test/target/test-dir/MiniOzoneClusterImpl-f82f7a4c-b7ce-4bc7-bddc-b4ce9d407ba8/ozone-meta/datanode-2/data-0/hdds) is shutting down. 
2024-04-25 19:26:25,565 [main] INFO  ozoneimpl.BackgroundContainerDataScanner (BackgroundContainerDataScanner.java:shutdown(141)) - ContainerDataScanner(/home/runner/work/ozone/ozone/hadoop-ozone/integration-test/target/test-dir/MiniOzoneClusterImpl-f82f7a4c-b7ce-4bc7-bddc-b4ce9d407ba8/ozone-meta/datanode-6/data-0/hdds) is shutting down. 
2024-04-25 19:26:25,566 [ContainerDataScanner(/home/runner/work/ozone/ozone/hadoop-ozone/integration-test/target/test-dir/MiniOzoneClusterImpl-f82f7a4c-b7ce-4bc7-bddc-b4ce9d407ba8/ozone-meta/datanode-6/data-0/hdds)] WARN  ozoneimpl.AbstractBackgroundContainerScanner (AbstractBackgroundContainerScanner.java:handleRemainingSleep(134)) - Background container scan was interrupted.
2024-04-25 19:26:25,566 [ContainerDataScanner(/home/runner/work/ozone/ozone/hadoop-ozone/integration-test/target/test-dir/MiniOzoneClusterImpl-f82f7a4c-b7ce-4bc7-bddc-b4ce9d407ba8/ozone-meta/datanode-6/data-0/hdds)] INFO  ozoneimpl.AbstractBackgroundContainerScanner (AbstractBackgroundContainerScanner.java:run(61)) - ContainerDataScanner(/home/runner/work/ozone/ozone/hadoop-ozone/integration-test/target/test-dir/MiniOzoneClusterImpl-f82f7a4c-b7ce-4bc7-bddc-b4ce9d407ba8/ozone-meta/datanode-6/data-0/hdds, DS-22b00d7a-7303-4f54-8844-78969491cb16) exiting.
2024-04-25 19:26:25,566 [main] INFO  ozoneimpl.OnDemandContainerDataScanner (OnDemandContainerDataScanner.java:shutdownScanner(206)) - On-demand container scanner is shutting down.
2024-04-25 19:26:25,566 [ContainerDataScanner(/home/runner/work/ozone/ozone/hadoop-ozone/integration-test/target/test-dir/MiniOzoneClusterImpl-f82f7a4c-b7ce-4bc7-bddc-b4ce9d407ba8/ozone-meta/datanode-2/data-0/hdds)] WARN  ozoneimpl.AbstractBackgroundContainerScanner (AbstractBackgroundContainerScanner.java:handleRemainingSleep(134)) - Background container scan was interrupted.
2024-04-25 19:26:25,566 [ContainerDataScanner(/home/runner/work/ozone/ozone/hadoop-ozone/integration-test/target/test-dir/MiniOzoneClusterImpl-f82f7a4c-b7ce-4bc7-bddc-b4ce9d407ba8/ozone-meta/datanode-8/data-0/hdds)] INFO  ozoneimpl.AbstractBackgroundContainerScanner (AbstractBackgroundContainerScanner.java:run(61)) - ContainerDataScanner(/home/runner/work/ozone/ozone/hadoop-ozone/integration-test/target/test-dir/MiniOzoneClusterImpl-f82f7a4c-b7ce-4bc7-bddc-b4ce9d407ba8/ozone-meta/datanode-8/data-0/hdds, DS-437815d9-d3da-4d28-a220-8e1fc7fc7ff8) exiting.
2024-04-25 19:26:25,566 [ContainerMetadataScanner] WARN  ozoneimpl.AbstractBackgroundContainerScanner (AbstractBackgroundContainerScanner.java:handleRemainingSleep(134)) - Background container scan was interrupted.
2024-04-25 19:26:25,567 [ForkJoinPool.commonPool-worker-1] INFO  server.RaftServer (RaftServerProxy.java:lambda$close$9(416)) - 485a0214-1e55-4d9f-9e33-2b2fc5076c56: close
2024-04-25 19:26:25,566 [ContainerDataScanner(/home/runner/work/ozone/ozone/hadoop-ozone/integration-test/target/test-dir/MiniOzoneClusterImpl-f82f7a4c-b7ce-4bc7-bddc-b4ce9d407ba8/ozone-meta/datanode-2/data-0/hdds)] INFO  ozoneimpl.AbstractBackgroundContainerScanner (AbstractBackgroundContainerScanner.java:run(61)) - ContainerDataScanner(/home/runner/work/ozone/ozone/hadoop-ozone/integration-test/target/test-dir/MiniOzoneClusterImpl-f82f7a4c-b7ce-4bc7-bddc-b4ce9d407ba8/ozone-meta/datanode-2/data-0/hdds, DS-e275a4d8-33c9-4937-b4b5-9aee03b12aa4) exiting.
2024-04-25 19:26:25,567 [485a0214-1e55-4d9f-9e33-2b2fc5076c56-impl-thread1] INFO  server.RaftServer$Division (RaftServerImpl.java:lambda$close$3(526)) - 485a0214-1e55-4d9f-9e33-2b2fc5076c56@group-EBC75CBB34F5: shutdown
2024-04-25 19:26:25,567 [485a0214-1e55-4d9f-9e33-2b2fc5076c56-impl-thread1] INFO  util.JmxRegister (JmxRegister.java:unregister(73)) - Successfully un-registered JMX Bean with object name Ratis:service=RaftServer,group=group-EBC75CBB34F5,id=485a0214-1e55-4d9f-9e33-2b2fc5076c56
2024-04-25 19:26:25,567 [485a0214-1e55-4d9f-9e33-2b2fc5076c56-impl-thread1] INFO  impl.RoleInfo (RoleInfo.java:shutdownFollowerState(110)) - 485a0214-1e55-4d9f-9e33-2b2fc5076c56: shutdown 485a0214-1e55-4d9f-9e33-2b2fc5076c56@group-EBC75CBB34F5-FollowerState
2024-04-25 19:26:25,567 [ForkJoinPool.commonPool-worker-1] INFO  server.GrpcService (GrpcService.java:closeImpl(311)) - 485a0214-1e55-4d9f-9e33-2b2fc5076c56: shutdown server org.apache.ratis.grpc.server.GrpcClientProtocolService now
2024-04-25 19:26:25,567 [485a0214-1e55-4d9f-9e33-2b2fc5076c56@group-EBC75CBB34F5-StateMachineUpdater] INFO  ratis.ContainerStateMachine (ContainerStateMachine.java:takeSnapshot(355)) - group-EBC75CBB34F5: Taking a snapshot at:(t:1, i:0) file /home/runner/work/ozone/ozone/hadoop-ozone/integration-test/target/test-dir/MiniOzoneClusterImpl-f82f7a4c-b7ce-4bc7-bddc-b4ce9d407ba8/ozone-meta/datanode-8/ratis/bc1db2aa-d5fb-421f-98e2-ebc75cbb34f5/sm/snapshot.1_0
2024-04-25 19:26:25,567 [ContainerMetadataScanner] INFO  ozoneimpl.AbstractBackgroundContainerScanner (AbstractBackgroundContainerScanner.java:run(61)) - Thread[ContainerMetadataScanner,5,main] exiting.
2024-04-25 19:26:25,567 [ForkJoinPool.commonPool-worker-2] INFO  ozoneimpl.BackgroundContainerDataScanner (BackgroundContainerDataScanner.java:shutdown(141)) - ContainerDataScanner(/home/runner/work/ozone/ozone/hadoop-ozone/integration-test/target/test-dir/MiniOzoneClusterImpl-f82f7a4c-b7ce-4bc7-bddc-b4ce9d407ba8/ozone-meta/datanode-3/data-0/hdds) is shutting down. 
2024-04-25 19:26:25,567 [ContainerDataScanner(/home/runner/work/ozone/ozone/hadoop-ozone/integration-test/target/test-dir/MiniOzoneClusterImpl-f82f7a4c-b7ce-4bc7-bddc-b4ce9d407ba8/ozone-meta/datanode-3/data-0/hdds)] WARN  ozoneimpl.AbstractBackgroundContainerScanner (AbstractBackgroundContainerScanner.java:handleRemainingSleep(134)) - Background container scan was interrupted.
2024-04-25 19:26:25,567 [ContainerDataScanner(/home/runner/work/ozone/ozone/hadoop-ozone/integration-test/target/test-dir/MiniOzoneClusterImpl-f82f7a4c-b7ce-4bc7-bddc-b4ce9d407ba8/ozone-meta/datanode-3/data-0/hdds)] INFO  ozoneimpl.AbstractBackgroundContainerScanner (AbstractBackgroundContainerScanner.java:run(61)) - ContainerDataScanner(/home/runner/work/ozone/ozone/hadoop-ozone/integration-test/target/test-dir/MiniOzoneClusterImpl-f82f7a4c-b7ce-4bc7-bddc-b4ce9d407ba8/ozone-meta/datanode-3/data-0/hdds, DS-0417ca2a-3836-4e74-9b27-97462ad037a8) exiting.
2024-04-25 19:26:25,568 [485a0214-1e55-4d9f-9e33-2b2fc5076c56@group-EBC75CBB34F5-StateMachineUpdater] INFO  ratis.ContainerStateMachine (ContainerStateMachine.java:takeSnapshot(366)) - group-EBC75CBB34F5: Finished taking a snapshot at:(t:1, i:0) file:/home/runner/work/ozone/ozone/hadoop-ozone/integration-test/target/test-dir/MiniOzoneClusterImpl-f82f7a4c-b7ce-4bc7-bddc-b4ce9d407ba8/ozone-meta/datanode-8/ratis/bc1db2aa-d5fb-421f-98e2-ebc75cbb34f5/sm/snapshot.1_0 took: 1 ms
2024-04-25 19:26:25,568 [ForkJoinPool.commonPool-worker-2] INFO  server.RaftServer (RaftServerProxy.java:lambda$close$9(416)) - f28f6cfa-fb4d-46cf-94dd-cb052c8a0835: close
2024-04-25 19:26:25,568 [f28f6cfa-fb4d-46cf-94dd-cb052c8a0835-impl-thread1] INFO  server.RaftServer$Division (RaftServerImpl.java:lambda$close$3(526)) - f28f6cfa-fb4d-46cf-94dd-cb052c8a0835@group-6861FFED6B0C: shutdown
2024-04-25 19:26:25,568 [f28f6cfa-fb4d-46cf-94dd-cb052c8a0835-impl-thread1] INFO  util.JmxRegister (JmxRegister.java:unregister(73)) - Successfully un-registered JMX Bean with object name Ratis:service=RaftServer,group=group-6861FFED6B0C,id=f28f6cfa-fb4d-46cf-94dd-cb052c8a0835
2024-04-25 19:26:25,568 [f28f6cfa-fb4d-46cf-94dd-cb052c8a0835-impl-thread1] INFO  impl.RoleInfo (RoleInfo.java:shutdownLeaderState(94)) - f28f6cfa-fb4d-46cf-94dd-cb052c8a0835: shutdown f28f6cfa-fb4d-46cf-94dd-cb052c8a0835@group-6861FFED6B0C-LeaderStateImpl
2024-04-25 19:26:25,568 [f28f6cfa-fb4d-46cf-94dd-cb052c8a0835@group-6861FFED6B0C->4945050d-eb1e-4df3-bd8a-540f8ab6232f-GrpcLogAppender-LogAppenderDaemon] WARN  server.GrpcLogAppender (GrpcLogAppender.java:mayWait(289)) - f28f6cfa-fb4d-46cf-94dd-cb052c8a0835@group-6861FFED6B0C->4945050d-eb1e-4df3-bd8a-540f8ab6232f-GrpcLogAppender: Wait interrupted by java.lang.InterruptedException
2024-04-25 19:26:25,569 [ForkJoinPool.commonPool-worker-3] INFO  ozoneimpl.OzoneContainer (OzoneContainer.java:stop(481)) - Attempting to stop container services.
2024-04-25 19:26:25,569 [ContainerMetadataScanner] WARN  ozoneimpl.AbstractBackgroundContainerScanner (AbstractBackgroundContainerScanner.java:handleRemainingSleep(134)) - Background container scan was interrupted.
2024-04-25 19:26:25,569 [ContainerMetadataScanner] INFO  ozoneimpl.AbstractBackgroundContainerScanner (AbstractBackgroundContainerScanner.java:run(61)) - Thread[ContainerMetadataScanner,5,main] exiting.
2024-04-25 19:26:25,569 [ForkJoinPool.commonPool-worker-3] INFO  ozoneimpl.BackgroundContainerDataScanner (BackgroundContainerDataScanner.java:shutdown(141)) - ContainerDataScanner(/home/runner/work/ozone/ozone/hadoop-ozone/integration-test/target/test-dir/MiniOzoneClusterImpl-f82f7a4c-b7ce-4bc7-bddc-b4ce9d407ba8/ozone-meta/datanode-4/data-0/hdds) is shutting down. 
2024-04-25 19:26:25,569 [ContainerDataScanner(/home/runner/work/ozone/ozone/hadoop-ozone/integration-test/target/test-dir/MiniOzoneClusterImpl-f82f7a4c-b7ce-4bc7-bddc-b4ce9d407ba8/ozone-meta/datanode-4/data-0/hdds)] WARN  ozoneimpl.AbstractBackgroundContainerScanner (AbstractBackgroundContainerScanner.java:handleRemainingSleep(134)) - Background container scan was interrupted.
2024-04-25 19:26:25,569 [ContainerDataScanner(/home/runner/work/ozone/ozone/hadoop-ozone/integration-test/target/test-dir/MiniOzoneClusterImpl-f82f7a4c-b7ce-4bc7-bddc-b4ce9d407ba8/ozone-meta/datanode-4/data-0/hdds)] INFO  ozoneimpl.AbstractBackgroundContainerScanner (AbstractBackgroundContainerScanner.java:run(61)) - ContainerDataScanner(/home/runner/work/ozone/ozone/hadoop-ozone/integration-test/target/test-dir/MiniOzoneClusterImpl-f82f7a4c-b7ce-4bc7-bddc-b4ce9d407ba8/ozone-meta/datanode-4/data-0/hdds, DS-7df831fa-3f58-49d3-89a5-b1982aace258) exiting.
2024-04-25 19:26:25,569 [grpc-default-executor-3] INFO  server.GrpcServerProtocolService (GrpcServerProtocolService.java:onCompleted(157)) - 4945050d-eb1e-4df3-bd8a-540f8ab6232f: Completed APPEND_ENTRIES, lastRequest: null
2024-04-25 19:26:25,569 [grpc-default-executor-5] INFO  server.GrpcServerProtocolService (GrpcServerProtocolService.java:onCompleted(157)) - 4945050d-eb1e-4df3-bd8a-540f8ab6232f: Completed APPEND_ENTRIES, lastRequest: f28f6cfa-fb4d-46cf-94dd-cb052c8a0835->4945050d-eb1e-4df3-bd8a-540f8ab6232f#1-t1,previous=(t:0, i:0),leaderCommit=-1,initializing? false,entries: size=1, first=(t:1, i:0), CONFIGURATIONENTRY(current:id: "4945050d-eb1e-4df3-bd8a-540f8ab6232f"
address: "127.0.0.1:15281"
dataStreamAddress: "127.0.0.1:15282"
clientAddress: "127.0.0.1:15279"
adminAddress: "127.0.0.1:15280"
startupRole: FOLLOWER
,id: "023363e8-92b8-4e04-85cd-0caf25b811fc"
address: "127.0.0.1:15290"
dataStreamAddress: "127.0.0.1:15291"
clientAddress: "127.0.0.1:15288"
adminAddress: "127.0.0.1:15289"
startupRole: FOLLOWER
,id: "f28f6cfa-fb4d-46cf-94dd-cb052c8a0835"
address: "127.0.0.1:15299"
priority: 1
dataStreamAddress: "127.0.0.1:15300"
clientAddress: "127.0.0.1:15297"
adminAddress: "127.0.0.1:15298"
startupRole: FOLLOWER
, old:)
2024-04-25 19:26:25,569 [grpc-default-executor-5] INFO  server.GrpcServerProtocolService (GrpcServerProtocolService.java:lambda$onCompleted$5(159)) - 4945050d-eb1e-4df3-bd8a-540f8ab6232f: Completed APPEND_ENTRIES, lastReply: null
2024-04-25 19:26:25,569 [grpc-default-executor-3] INFO  server.GrpcServerProtocolService (GrpcServerProtocolService.java:lambda$onCompleted$5(159)) - 4945050d-eb1e-4df3-bd8a-540f8ab6232f: Completed APPEND_ENTRIES, lastReply: serverReply {
  requestorId: "f28f6cfa-fb4d-46cf-94dd-cb052c8a0835"
  replyId: "4945050d-eb1e-4df3-bd8a-540f8ab6232f"
  raftGroupId {
    id: "\034J\t7UnI\312\265]ha\377\355k\f"
  }
  callId: 9
  success: true
}
term: 1
nextIndex: 1
matchIndex: 18446744073709551615
isHearbeat: true

2024-04-25 19:26:25,570 [grpc-default-executor-5] INFO  server.GrpcLogAppender (GrpcLogAppender.java:onCompleted(546)) - f28f6cfa-fb4d-46cf-94dd-cb052c8a0835@group-6861FFED6B0C->4945050d-eb1e-4df3-bd8a-540f8ab6232f-AppendLogResponseHandler: follower responses appendEntries COMPLETED
2024-04-25 19:26:25,570 [ForkJoinPool.commonPool-worker-3] INFO  server.RaftServer (RaftServerProxy.java:lambda$close$9(416)) - 38098fde-9f6f-4ad0-993c-715d8f2d4b32: close
2024-04-25 19:26:25,570 [38098fde-9f6f-4ad0-993c-715d8f2d4b32-impl-thread1] INFO  server.RaftServer$Division (RaftServerImpl.java:lambda$close$3(526)) - 38098fde-9f6f-4ad0-993c-715d8f2d4b32@group-3D56868D618F: shutdown
2024-04-25 19:26:25,570 [38098fde-9f6f-4ad0-993c-715d8f2d4b32-impl-thread1] INFO  util.JmxRegister (JmxRegister.java:unregister(73)) - Successfully un-registered JMX Bean with object name Ratis:service=RaftServer,group=group-3D56868D618F,id=38098fde-9f6f-4ad0-993c-715d8f2d4b32
2024-04-25 19:26:25,570 [38098fde-9f6f-4ad0-993c-715d8f2d4b32-impl-thread1] INFO  impl.RoleInfo (RoleInfo.java:shutdownFollowerState(110)) - 38098fde-9f6f-4ad0-993c-715d8f2d4b32: shutdown 38098fde-9f6f-4ad0-993c-715d8f2d4b32@group-3D56868D618F-FollowerState
2024-04-25 19:26:25,570 [38098fde-9f6f-4ad0-993c-715d8f2d4b32-impl-thread1] INFO  impl.StateMachineUpdater (StateMachineUpdater.java:stopAndJoin(157)) - 38098fde-9f6f-4ad0-993c-715d8f2d4b32@group-3D56868D618F-StateMachineUpdater: set stopIndex = 0
2024-04-25 19:26:25,570 [38098fde-9f6f-4ad0-993c-715d8f2d4b32@group-3D56868D618F-StateMachineUpdater] INFO  ratis.ContainerStateMachine (ContainerStateMachine.java:takeSnapshot(355)) - group-3D56868D618F: Taking a snapshot at:(t:1, i:0) file /home/runner/work/ozone/ozone/hadoop-ozone/integration-test/target/test-dir/MiniOzoneClusterImpl-f82f7a4c-b7ce-4bc7-bddc-b4ce9d407ba8/ozone-meta/datanode-4/ratis/60c42758-0b39-42ff-b7dc-3d56868d618f/sm/snapshot.1_0
2024-04-25 19:26:25,567 [main] INFO  server.RaftServer (RaftServerProxy.java:lambda$close$9(416)) - 020943f0-ab7d-43b4-aa7e-bd0cde918a3e: close
2024-04-25 19:26:25,570 [38098fde-9f6f-4ad0-993c-715d8f2d4b32@group-3D56868D618F-FollowerState] INFO  impl.FollowerState (FollowerState.java:run(152)) - 38098fde-9f6f-4ad0-993c-715d8f2d4b32@group-3D56868D618F-FollowerState was interrupted
2024-04-25 19:26:25,570 [grpc-default-executor-1] INFO  server.GrpcLogAppender (GrpcLogAppender.java:onCompleted(546)) - f28f6cfa-fb4d-46cf-94dd-cb052c8a0835@group-6861FFED6B0C->4945050d-eb1e-4df3-bd8a-540f8ab6232f-AppendLogResponseHandler: follower responses appendEntries COMPLETED
2024-04-25 19:26:25,568 [f28f6cfa-fb4d-46cf-94dd-cb052c8a0835-impl-thread1] INFO  impl.PendingRequests (PendingRequests.java:sendNotLeaderResponses(289)) - f28f6cfa-fb4d-46cf-94dd-cb052c8a0835@group-6861FFED6B0C-PendingRequests: sendNotLeaderResponses
2024-04-25 19:26:25,568 [f28f6cfa-fb4d-46cf-94dd-cb052c8a0835@group-6861FFED6B0C->023363e8-92b8-4e04-85cd-0caf25b811fc-GrpcLogAppender-LogAppenderDaemon] WARN  server.GrpcLogAppender (GrpcLogAppender.java:mayWait(289)) - f28f6cfa-fb4d-46cf-94dd-cb052c8a0835@group-6861FFED6B0C->023363e8-92b8-4e04-85cd-0caf25b811fc-GrpcLogAppender: Wait interrupted by java.lang.InterruptedException
2024-04-25 19:26:25,568 [f28f6cfa-fb4d-46cf-94dd-cb052c8a0835-impl-thread2] INFO  server.RaftServer$Division (RaftServerImpl.java:lambda$close$3(526)) - f28f6cfa-fb4d-46cf-94dd-cb052c8a0835@group-BC99EED15F13: shutdown
2024-04-25 19:26:25,568 [ForkJoinPool.commonPool-worker-1] INFO  server.GrpcService (GrpcService.java:closeImpl(320)) - 485a0214-1e55-4d9f-9e33-2b2fc5076c56: shutdown server org.apache.ratis.grpc.server.GrpcClientProtocolService successfully
2024-04-25 19:26:25,571 [ForkJoinPool.commonPool-worker-1] INFO  server.GrpcService (GrpcService.java:closeImpl(311)) - 485a0214-1e55-4d9f-9e33-2b2fc5076c56: shutdown server GrpcServerProtocolService now
2024-04-25 19:26:25,571 [f28f6cfa-fb4d-46cf-94dd-cb052c8a0835@group-6861FFED6B0C-StateMachineUpdater] INFO  ratis.ContainerStateMachine (ContainerStateMachine.java:takeSnapshot(355)) - group-6861FFED6B0C: Taking a snapshot at:(t:1, i:0) file /home/runner/work/ozone/ozone/hadoop-ozone/integration-test/target/test-dir/MiniOzoneClusterImpl-f82f7a4c-b7ce-4bc7-bddc-b4ce9d407ba8/ozone-meta/datanode-3/ratis/1c4a0937-556e-49ca-b55d-6861ffed6b0c/sm/snapshot.1_0
2024-04-25 19:26:25,571 [020943f0-ab7d-43b4-aa7e-bd0cde918a3e-impl-thread1] INFO  server.RaftServer$Division (RaftServerImpl.java:lambda$close$3(526)) - 020943f0-ab7d-43b4-aa7e-bd0cde918a3e@group-3D56868D618F: shutdown
2024-04-25 19:26:25,571 [ForkJoinPool.commonPool-worker-3] INFO  server.GrpcService (GrpcService.java:closeImpl(311)) - 38098fde-9f6f-4ad0-993c-715d8f2d4b32: shutdown server org.apache.ratis.grpc.server.GrpcClientProtocolService now
2024-04-25 19:26:25,571 [f28f6cfa-fb4d-46cf-94dd-cb052c8a0835@group-6861FFED6B0C-StateMachineUpdater] INFO  ratis.ContainerStateMachine (ContainerStateMachine.java:takeSnapshot(366)) - group-6861FFED6B0C: Finished taking a snapshot at:(t:1, i:0) file:/home/runner/work/ozone/ozone/hadoop-ozone/integration-test/target/test-dir/MiniOzoneClusterImpl-f82f7a4c-b7ce-4bc7-bddc-b4ce9d407ba8/ozone-meta/datanode-3/ratis/1c4a0937-556e-49ca-b55d-6861ffed6b0c/sm/snapshot.1_0 took: 0 ms
2024-04-25 19:26:25,572 [main] INFO  server.GrpcService (GrpcService.java:closeImpl(311)) - 020943f0-ab7d-43b4-aa7e-bd0cde918a3e: shutdown server org.apache.ratis.grpc.server.GrpcClientProtocolService now
2024-04-25 19:26:25,568 [485a0214-1e55-4d9f-9e33-2b2fc5076c56@group-EBC75CBB34F5-StateMachineUpdater] INFO  impl.StateMachineUpdater (StateMachineUpdater.java:takeSnapshot(295)) - 485a0214-1e55-4d9f-9e33-2b2fc5076c56@group-EBC75CBB34F5-StateMachineUpdater: Took a snapshot at index 0
2024-04-25 19:26:25,572 [grpc-default-executor-2] WARN  server.GrpcServerProtocolService (LogUtils.java:warn(121)) - 485a0214-1e55-4d9f-9e33-2b2fc5076c56: APPEND_ENTRIES onError, lastRequest: 88efce4d-fc58-43a4-abfe-18a1167c7495->485a0214-1e55-4d9f-9e33-2b2fc5076c56#1-t1,previous=(t:0, i:0),leaderCommit=-1,initializing? false,entries: size=1, first=(t:1, i:0), CONFIGURATIONENTRY(current:id: "9b9c1a32-defd-4a85-ab56-32b7a12f6bf5"
address: "127.0.0.1:15335"
dataStreamAddress: "127.0.0.1:15336"
clientAddress: "127.0.0.1:15333"
adminAddress: "127.0.0.1:15334"
startupRole: FOLLOWER
,id: "88efce4d-fc58-43a4-abfe-18a1167c7495"
address: "127.0.0.1:15353"
priority: 1
dataStreamAddress: "127.0.0.1:15354"
clientAddress: "127.0.0.1:15351"
adminAddress: "127.0.0.1:15352"
startupRole: FOLLOWER
,id: "485a0214-1e55-4d9f-9e33-2b2fc5076c56"
address: "127.0.0.1:15344"
dataStreamAddress: "127.0.0.1:15345"
clientAddress: "127.0.0.1:15342"
adminAddress: "127.0.0.1:15343"
startupRole: FOLLOWER
, old:): org.apache.ratis.thirdparty.io.grpc.StatusRuntimeException: CANCELLED: client cancelled
2024-04-25 19:26:25,568 [ForkJoinPool.commonPool-worker-2] INFO  server.GrpcService (GrpcService.java:closeImpl(311)) - f28f6cfa-fb4d-46cf-94dd-cb052c8a0835: shutdown server org.apache.ratis.grpc.server.GrpcClientProtocolService now
2024-04-25 19:26:25,572 [020943f0-ab7d-43b4-aa7e-bd0cde918a3e-impl-thread2] INFO  server.RaftServer$Division (RaftServerImpl.java:lambda$close$3(526)) - 020943f0-ab7d-43b4-aa7e-bd0cde918a3e@group-A1EEB6A496A4: shutdown
2024-04-25 19:26:25,567 [485a0214-1e55-4d9f-9e33-2b2fc5076c56-impl-thread2] INFO  server.RaftServer$Division (RaftServerImpl.java:lambda$close$3(526)) - 485a0214-1e55-4d9f-9e33-2b2fc5076c56@group-A2B11DDD0FBC: shutdown
2024-04-25 19:26:25,572 [485a0214-1e55-4d9f-9e33-2b2fc5076c56-impl-thread2] INFO  util.JmxRegister (JmxRegister.java:unregister(73)) - Successfully un-registered JMX Bean with object name Ratis:service=RaftServer,group=group-A2B11DDD0FBC,id=485a0214-1e55-4d9f-9e33-2b2fc5076c56
2024-04-25 19:26:25,572 [485a0214-1e55-4d9f-9e33-2b2fc5076c56-impl-thread2] INFO  impl.RoleInfo (RoleInfo.java:shutdownLeaderState(94)) - 485a0214-1e55-4d9f-9e33-2b2fc5076c56: shutdown 485a0214-1e55-4d9f-9e33-2b2fc5076c56@group-A2B11DDD0FBC-LeaderStateImpl
2024-04-25 19:26:25,572 [485a0214-1e55-4d9f-9e33-2b2fc5076c56-impl-thread2] INFO  impl.PendingRequests (PendingRequests.java:sendNotLeaderResponses(289)) - 485a0214-1e55-4d9f-9e33-2b2fc5076c56@group-A2B11DDD0FBC-PendingRequests: sendNotLeaderResponses
2024-04-25 19:26:25,573 [485a0214-1e55-4d9f-9e33-2b2fc5076c56-impl-thread2] INFO  impl.StateMachineUpdater (StateMachineUpdater.java:stopAndJoin(157)) - 485a0214-1e55-4d9f-9e33-2b2fc5076c56@group-A2B11DDD0FBC-StateMachineUpdater: set stopIndex = 0
2024-04-25 19:26:25,567 [485a0214-1e55-4d9f-9e33-2b2fc5076c56@group-EBC75CBB34F5-FollowerState] INFO  impl.FollowerState (FollowerState.java:run(152)) - 485a0214-1e55-4d9f-9e33-2b2fc5076c56@group-EBC75CBB34F5-FollowerState was interrupted
2024-04-25 19:26:25,567 [485a0214-1e55-4d9f-9e33-2b2fc5076c56-impl-thread1] INFO  impl.StateMachineUpdater (StateMachineUpdater.java:stopAndJoin(157)) - 485a0214-1e55-4d9f-9e33-2b2fc5076c56@group-EBC75CBB34F5-StateMachineUpdater: set stopIndex = 0
2024-04-25 19:26:25,567 [ForkJoinPool.commonPool-worker-4] INFO  server.RaftServer (RaftServerProxy.java:lambda$close$9(416)) - 023363e8-92b8-4e04-85cd-0caf25b811fc: close
2024-04-25 19:26:25,573 [023363e8-92b8-4e04-85cd-0caf25b811fc-impl-thread1] INFO  server.RaftServer$Division (RaftServerImpl.java:lambda$close$3(526)) - 023363e8-92b8-4e04-85cd-0caf25b811fc@group-6FB570E975EE: shutdown
2024-04-25 19:26:25,573 [grpc-default-executor-2] WARN  server.GrpcLogAppender (LogUtils.java:warn(121)) - 88efce4d-fc58-43a4-abfe-18a1167c7495@group-EBC75CBB34F5->485a0214-1e55-4d9f-9e33-2b2fc5076c56-AppendLogResponseHandler: Failed appendEntries: org.apache.ratis.thirdparty.io.grpc.StatusRuntimeException: CANCELLED: RST_STREAM closed stream. HTTP/2 error code: CANCEL
2024-04-25 19:26:25,573 [Thread-4609] INFO  server.GrpcServerProtocolClient (GrpcServerProtocolClient.java:close(103)) - c059e8ba-a531-47a3-a497-45c8f0b0c72e Close channels
2024-04-25 19:26:25,573 [485a0214-1e55-4d9f-9e33-2b2fc5076c56@group-A2B11DDD0FBC-StateMachineUpdater] INFO  ratis.ContainerStateMachine (ContainerStateMachine.java:takeSnapshot(355)) - group-A2B11DDD0FBC: Taking a snapshot at:(t:1, i:0) file /home/runner/work/ozone/ozone/hadoop-ozone/integration-test/target/test-dir/MiniOzoneClusterImpl-f82f7a4c-b7ce-4bc7-bddc-b4ce9d407ba8/ozone-meta/datanode-8/ratis/f03ee5d3-d86c-4ee0-850c-a2b11ddd0fbc/sm/snapshot.1_0
2024-04-25 19:26:25,573 [grpc-default-executor-5] INFO  server.GrpcServerProtocolService (GrpcServerProtocolService.java:onCompleted(157)) - 023363e8-92b8-4e04-85cd-0caf25b811fc: Completed APPEND_ENTRIES, lastRequest: f28f6cfa-fb4d-46cf-94dd-cb052c8a0835->023363e8-92b8-4e04-85cd-0caf25b811fc#1-t1,previous=(t:0, i:0),leaderCommit=-1,initializing? false,entries: size=1, first=(t:1, i:0), CONFIGURATIONENTRY(current:id: "4945050d-eb1e-4df3-bd8a-540f8ab6232f"
address: "127.0.0.1:15281"
dataStreamAddress: "127.0.0.1:15282"
clientAddress: "127.0.0.1:15279"
adminAddress: "127.0.0.1:15280"
startupRole: FOLLOWER
,id: "023363e8-92b8-4e04-85cd-0caf25b811fc"
address: "127.0.0.1:15290"
dataStreamAddress: "127.0.0.1:15291"
clientAddress: "127.0.0.1:15288"
adminAddress: "127.0.0.1:15289"
startupRole: FOLLOWER
,id: "f28f6cfa-fb4d-46cf-94dd-cb052c8a0835"
address: "127.0.0.1:15299"
priority: 1
dataStreamAddress: "127.0.0.1:15300"
clientAddress: "127.0.0.1:15297"
adminAddress: "127.0.0.1:15298"
startupRole: FOLLOWER
, old:)
2024-04-25 19:26:25,573 [grpc-default-executor-5] INFO  server.GrpcServerProtocolService (GrpcServerProtocolService.java:lambda$onCompleted$5(159)) - 023363e8-92b8-4e04-85cd-0caf25b811fc: Completed APPEND_ENTRIES, lastReply: null
2024-04-25 19:26:25,573 [grpc-default-executor-4] WARN  server.GrpcClientProtocolService (LogUtils.java:warn(121)) - 0-OrderedRequestStreamObserver0: onError: org.apache.ratis.thirdparty.io.grpc.StatusRuntimeException: CANCELLED: client cancelled
2024-04-25 19:26:25,574 [grpc-default-executor-3] WARN  server.GrpcServerProtocolService (LogUtils.java:warn(121)) - 485a0214-1e55-4d9f-9e33-2b2fc5076c56: APPEND_ENTRIES onError, lastRequest: null: org.apache.ratis.thirdparty.io.grpc.StatusRuntimeException: CANCELLED: client cancelled
2024-04-25 19:26:25,572 [Thread-4606] INFO  server.GrpcServerProtocolClient (GrpcServerProtocolClient.java:close(103)) - 020943f0-ab7d-43b4-aa7e-bd0cde918a3e Close channels
2024-04-25 19:26:25,574 [485a0214-1e55-4d9f-9e33-2b2fc5076c56@group-A2B11DDD0FBC-StateMachineUpdater] INFO  ratis.ContainerStateMachine (ContainerStateMachine.java:takeSnapshot(366)) - group-A2B11DDD0FBC: Finished taking a snapshot at:(t:1, i:0) file:/home/runner/work/ozone/ozone/hadoop-ozone/integration-test/target/test-dir/MiniOzoneClusterImpl-f82f7a4c-b7ce-4bc7-bddc-b4ce9d407ba8/ozone-meta/datanode-8/ratis/f03ee5d3-d86c-4ee0-850c-a2b11ddd0fbc/sm/snapshot.1_0 took: 1 ms
2024-04-25 19:26:25,574 [485a0214-1e55-4d9f-9e33-2b2fc5076c56@group-A2B11DDD0FBC-StateMachineUpdater] INFO  impl.StateMachineUpdater (StateMachineUpdater.java:takeSnapshot(295)) - 485a0214-1e55-4d9f-9e33-2b2fc5076c56@group-A2B11DDD0FBC-StateMachineUpdater: Took a snapshot at index 0
2024-04-25 19:26:25,574 [485a0214-1e55-4d9f-9e33-2b2fc5076c56@group-A2B11DDD0FBC-StateMachineUpdater] INFO  impl.StateMachineUpdater (StateMachineUpdater.java:lambda$new$0(98)) - 485a0214-1e55-4d9f-9e33-2b2fc5076c56@group-A2B11DDD0FBC-StateMachineUpdater: snapshotIndex: updateIncreasingly -1 -> 0
2024-04-25 19:26:25,572 [020943f0-ab7d-43b4-aa7e-bd0cde918a3e-impl-thread2] INFO  util.JmxRegister (JmxRegister.java:unregister(73)) - Successfully un-registered JMX Bean with object name Ratis:service=RaftServer,group=group-A1EEB6A496A4,id=020943f0-ab7d-43b4-aa7e-bd0cde918a3e
2024-04-25 19:26:25,572 [485a0214-1e55-4d9f-9e33-2b2fc5076c56@group-EBC75CBB34F5-StateMachineUpdater] INFO  impl.StateMachineUpdater (StateMachineUpdater.java:lambda$new$0(98)) - 485a0214-1e55-4d9f-9e33-2b2fc5076c56@group-EBC75CBB34F5-StateMachineUpdater: snapshotIndex: updateIncreasingly -1 -> 0
2024-04-25 19:26:25,572 [f28f6cfa-fb4d-46cf-94dd-cb052c8a0835@group-6861FFED6B0C-StateMachineUpdater] INFO  impl.StateMachineUpdater (StateMachineUpdater.java:takeSnapshot(295)) - f28f6cfa-fb4d-46cf-94dd-cb052c8a0835@group-6861FFED6B0C-StateMachineUpdater: Took a snapshot at index 0
2024-04-25 19:26:25,571 [38098fde-9f6f-4ad0-993c-715d8f2d4b32-impl-thread2] INFO  server.RaftServer$Division (RaftServerImpl.java:lambda$close$3(526)) - 38098fde-9f6f-4ad0-993c-715d8f2d4b32@group-9819C722C0BE: shutdown
2024-04-25 19:26:25,575 [38098fde-9f6f-4ad0-993c-715d8f2d4b32-impl-thread2] INFO  util.JmxRegister (JmxRegister.java:unregister(73)) - Successfully un-registered JMX Bean with object name Ratis:service=RaftServer,group=group-9819C722C0BE,id=38098fde-9f6f-4ad0-993c-715d8f2d4b32
2024-04-25 19:26:25,575 [38098fde-9f6f-4ad0-993c-715d8f2d4b32-impl-thread2] INFO  impl.RoleInfo (RoleInfo.java:shutdownLeaderState(94)) - 38098fde-9f6f-4ad0-993c-715d8f2d4b32: shutdown 38098fde-9f6f-4ad0-993c-715d8f2d4b32@group-9819C722C0BE-LeaderStateImpl
2024-04-25 19:26:25,575 [38098fde-9f6f-4ad0-993c-715d8f2d4b32-impl-thread2] INFO  impl.PendingRequests (PendingRequests.java:sendNotLeaderResponses(289)) - 38098fde-9f6f-4ad0-993c-715d8f2d4b32@group-9819C722C0BE-PendingRequests: sendNotLeaderResponses
2024-04-25 19:26:25,571 [grpc-default-executor-1] INFO  server.GrpcServerProtocolService (GrpcServerProtocolService.java:onCompleted(157)) - 023363e8-92b8-4e04-85cd-0caf25b811fc: Completed APPEND_ENTRIES, lastRequest: null
2024-04-25 19:26:25,571 [020943f0-ab7d-43b4-aa7e-bd0cde918a3e-impl-thread1] INFO  util.JmxRegister (JmxRegister.java:unregister(73)) - Successfully un-registered JMX Bean with object name Ratis:service=RaftServer,group=group-3D56868D618F,id=020943f0-ab7d-43b4-aa7e-bd0cde918a3e
2024-04-25 19:26:25,575 [020943f0-ab7d-43b4-aa7e-bd0cde918a3e-impl-thread1] INFO  impl.RoleInfo (RoleInfo.java:shutdownFollowerState(110)) - 020943f0-ab7d-43b4-aa7e-bd0cde918a3e: shutdown 020943f0-ab7d-43b4-aa7e-bd0cde918a3e@group-3D56868D618F-FollowerState
2024-04-25 19:26:25,575 [020943f0-ab7d-43b4-aa7e-bd0cde918a3e-impl-thread1] INFO  impl.StateMachineUpdater (StateMachineUpdater.java:stopAndJoin(157)) - 020943f0-ab7d-43b4-aa7e-bd0cde918a3e@group-3D56868D618F-StateMachineUpdater: set stopIndex = 0
2024-04-25 19:26:25,571 [f28f6cfa-fb4d-46cf-94dd-cb052c8a0835-impl-thread1] INFO  impl.StateMachineUpdater (StateMachineUpdater.java:stopAndJoin(157)) - f28f6cfa-fb4d-46cf-94dd-cb052c8a0835@group-6861FFED6B0C-StateMachineUpdater: set stopIndex = 0
2024-04-25 19:26:25,571 [f28f6cfa-fb4d-46cf-94dd-cb052c8a0835-impl-thread2] INFO  util.JmxRegister (JmxRegister.java:unregister(73)) - Successfully un-registered JMX Bean with object name Ratis:service=RaftServer,group=group-BC99EED15F13,id=f28f6cfa-fb4d-46cf-94dd-cb052c8a0835
2024-04-25 19:26:25,575 [f28f6cfa-fb4d-46cf-94dd-cb052c8a0835-impl-thread2] INFO  impl.RoleInfo (RoleInfo.java:shutdownLeaderState(94)) - f28f6cfa-fb4d-46cf-94dd-cb052c8a0835: shutdown f28f6cfa-fb4d-46cf-94dd-cb052c8a0835@group-BC99EED15F13-LeaderStateImpl
2024-04-25 19:26:25,571 [38098fde-9f6f-4ad0-993c-715d8f2d4b32@group-3D56868D618F-StateMachineUpdater] INFO  ratis.ContainerStateMachine (ContainerStateMachine.java:takeSnapshot(366)) - group-3D56868D618F: Finished taking a snapshot at:(t:1, i:0) file:/home/runner/work/ozone/ozone/hadoop-ozone/integration-test/target/test-dir/MiniOzoneClusterImpl-f82f7a4c-b7ce-4bc7-bddc-b4ce9d407ba8/ozone-meta/datanode-4/ratis/60c42758-0b39-42ff-b7dc-3d56868d618f/sm/snapshot.1_0 took: 1 ms
2024-04-25 19:26:25,575 [f28f6cfa-fb4d-46cf-94dd-cb052c8a0835-impl-thread2] INFO  impl.PendingRequests (PendingRequests.java:sendNotLeaderResponses(289)) - f28f6cfa-fb4d-46cf-94dd-cb052c8a0835@group-BC99EED15F13-PendingRequests: sendNotLeaderResponses
2024-04-25 19:26:25,575 [38098fde-9f6f-4ad0-993c-715d8f2d4b32@group-3D56868D618F-StateMachineUpdater] INFO  impl.StateMachineUpdater (StateMachineUpdater.java:takeSnapshot(295)) - 38098fde-9f6f-4ad0-993c-715d8f2d4b32@group-3D56868D618F-StateMachineUpdater: Took a snapshot at index 0
2024-04-25 19:26:25,575 [38098fde-9f6f-4ad0-993c-715d8f2d4b32@group-3D56868D618F-StateMachineUpdater] INFO  impl.StateMachineUpdater (StateMachineUpdater.java:lambda$new$0(98)) - 38098fde-9f6f-4ad0-993c-715d8f2d4b32@group-3D56868D618F-StateMachineUpdater: snapshotIndex: updateIncreasingly -1 -> 0
2024-04-25 19:26:25,575 [ForkJoinPool.commonPool-worker-3] INFO  server.GrpcService (GrpcService.java:closeImpl(320)) - 38098fde-9f6f-4ad0-993c-715d8f2d4b32: shutdown server org.apache.ratis.grpc.server.GrpcClientProtocolService successfully
2024-04-25 19:26:25,575 [ForkJoinPool.commonPool-worker-3] INFO  server.GrpcService (GrpcService.java:closeImpl(311)) - 38098fde-9f6f-4ad0-993c-715d8f2d4b32: shutdown server GrpcServerProtocolService now
2024-04-25 19:26:25,575 [020943f0-ab7d-43b4-aa7e-bd0cde918a3e@group-3D56868D618F-StateMachineUpdater] INFO  ratis.ContainerStateMachine (ContainerStateMachine.java:takeSnapshot(355)) - group-3D56868D618F: Taking a snapshot at:(t:1, i:0) file /home/runner/work/ozone/ozone/hadoop-ozone/integration-test/target/test-dir/MiniOzoneClusterImpl-f82f7a4c-b7ce-4bc7-bddc-b4ce9d407ba8/ozone-meta/datanode-6/ratis/60c42758-0b39-42ff-b7dc-3d56868d618f/sm/snapshot.1_0
2024-04-25 19:26:25,576 [f28f6cfa-fb4d-46cf-94dd-cb052c8a0835@group-BC99EED15F13-StateMachineUpdater] INFO  ratis.ContainerStateMachine (ContainerStateMachine.java:takeSnapshot(355)) - group-BC99EED15F13: Taking a snapshot at:(t:1, i:0) file /home/runner/work/ozone/ozone/hadoop-ozone/integration-test/target/test-dir/MiniOzoneClusterImpl-f82f7a4c-b7ce-4bc7-bddc-b4ce9d407ba8/ozone-meta/datanode-3/ratis/f625da82-93fb-4160-9c30-bc99eed15f13/sm/snapshot.1_0
2024-04-25 19:26:25,575 [38098fde-9f6f-4ad0-993c-715d8f2d4b32-impl-thread2] INFO  impl.StateMachineUpdater (StateMachineUpdater.java:stopAndJoin(157)) - 38098fde-9f6f-4ad0-993c-715d8f2d4b32@group-9819C722C0BE-StateMachineUpdater: set stopIndex = 0
2024-04-25 19:26:25,575 [grpc-default-executor-5] INFO  server.GrpcLogAppender (GrpcLogAppender.java:onCompleted(546)) - f28f6cfa-fb4d-46cf-94dd-cb052c8a0835@group-6861FFED6B0C->023363e8-92b8-4e04-85cd-0caf25b811fc-AppendLogResponseHandler: follower responses appendEntries COMPLETED
2024-04-25 19:26:25,576 [020943f0-ab7d-43b4-aa7e-bd0cde918a3e@group-3D56868D618F-StateMachineUpdater] INFO  ratis.ContainerStateMachine (ContainerStateMachine.java:takeSnapshot(366)) - group-3D56868D618F: Finished taking a snapshot at:(t:1, i:0) file:/home/runner/work/ozone/ozone/hadoop-ozone/integration-test/target/test-dir/MiniOzoneClusterImpl-f82f7a4c-b7ce-4bc7-bddc-b4ce9d407ba8/ozone-meta/datanode-6/ratis/60c42758-0b39-42ff-b7dc-3d56868d618f/sm/snapshot.1_0 took: 1 ms
2024-04-25 19:26:25,576 [020943f0-ab7d-43b4-aa7e-bd0cde918a3e@group-3D56868D618F-StateMachineUpdater] INFO  impl.StateMachineUpdater (StateMachineUpdater.java:takeSnapshot(295)) - 020943f0-ab7d-43b4-aa7e-bd0cde918a3e@group-3D56868D618F-StateMachineUpdater: Took a snapshot at index 0
2024-04-25 19:26:25,576 [020943f0-ab7d-43b4-aa7e-bd0cde918a3e@group-3D56868D618F-StateMachineUpdater] INFO  impl.StateMachineUpdater (StateMachineUpdater.java:lambda$new$0(98)) - 020943f0-ab7d-43b4-aa7e-bd0cde918a3e@group-3D56868D618F-StateMachineUpdater: snapshotIndex: updateIncreasingly -1 -> 0
2024-04-25 19:26:25,576 [grpc-default-executor-0] WARN  server.GrpcServerProtocolService (LogUtils.java:warn(121)) - 38098fde-9f6f-4ad0-993c-715d8f2d4b32: APPEND_ENTRIES onError, lastRequest: c059e8ba-a531-47a3-a497-45c8f0b0c72e->38098fde-9f6f-4ad0-993c-715d8f2d4b32#1-t1,previous=(t:0, i:0),leaderCommit=-1,initializing? false,entries: size=1, first=(t:1, i:0), CONFIGURATIONENTRY(current:id: "020943f0-ab7d-43b4-aa7e-bd0cde918a3e"
address: "127.0.0.1:15326"
dataStreamAddress: "127.0.0.1:15327"
clientAddress: "127.0.0.1:15324"
adminAddress: "127.0.0.1:15325"
startupRole: FOLLOWER
,id: "38098fde-9f6f-4ad0-993c-715d8f2d4b32"
address: "127.0.0.1:15308"
dataStreamAddress: "127.0.0.1:15309"
clientAddress: "127.0.0.1:15306"
adminAddress: "127.0.0.1:15307"
startupRole: FOLLOWER
,id: "c059e8ba-a531-47a3-a497-45c8f0b0c72e"
address: "127.0.0.1:15317"
priority: 1
dataStreamAddress: "127.0.0.1:15318"
clientAddress: "127.0.0.1:15315"
adminAddress: "127.0.0.1:15316"
startupRole: FOLLOWER
, old:): org.apache.ratis.thirdparty.io.grpc.StatusRuntimeException: CANCELLED: client cancelled
2024-04-25 19:26:25,576 [020943f0-ab7d-43b4-aa7e-bd0cde918a3e-impl-thread1] INFO  server.RaftServer$Division (ServerState.java:close(427)) - 020943f0-ab7d-43b4-aa7e-bd0cde918a3e@group-3D56868D618F: applyIndex: 0
2024-04-25 19:26:25,576 [f28f6cfa-fb4d-46cf-94dd-cb052c8a0835@group-BC99EED15F13-StateMachineUpdater] INFO  ratis.ContainerStateMachine (ContainerStateMachine.java:takeSnapshot(366)) - group-BC99EED15F13: Finished taking a snapshot at:(t:1, i:0) file:/home/runner/work/ozone/ozone/hadoop-ozone/integration-test/target/test-dir/MiniOzoneClusterImpl-f82f7a4c-b7ce-4bc7-bddc-b4ce9d407ba8/ozone-meta/datanode-3/ratis/f625da82-93fb-4160-9c30-bc99eed15f13/sm/snapshot.1_0 took: 0 ms
2024-04-25 19:26:25,576 [020943f0-ab7d-43b4-aa7e-bd0cde918a3e@group-3D56868D618F-cacheEviction-AwaitToRun] INFO  util.AwaitToRun (AwaitToRun.java:run(49)) - 020943f0-ab7d-43b4-aa7e-bd0cde918a3e@group-3D56868D618F-cacheEviction-AwaitToRun-AwaitForSignal is interrupted
2024-04-25 19:26:25,576 [f28f6cfa-fb4d-46cf-94dd-cb052c8a0835@group-BC99EED15F13-StateMachineUpdater] INFO  impl.StateMachineUpdater (StateMachineUpdater.java:takeSnapshot(295)) - f28f6cfa-fb4d-46cf-94dd-cb052c8a0835@group-BC99EED15F13-StateMachineUpdater: Took a snapshot at index 0
2024-04-25 19:26:25,576 [f28f6cfa-fb4d-46cf-94dd-cb052c8a0835@group-BC99EED15F13-StateMachineUpdater] INFO  impl.StateMachineUpdater (StateMachineUpdater.java:lambda$new$0(98)) - f28f6cfa-fb4d-46cf-94dd-cb052c8a0835@group-BC99EED15F13-StateMachineUpdater: snapshotIndex: updateIncreasingly -1 -> 0
2024-04-25 19:26:25,575 [Thread-4611] INFO  server.GrpcServerProtocolClient (GrpcServerProtocolClient.java:close(103)) - 4945050d-eb1e-4df3-bd8a-540f8ab6232f Close channels
2024-04-25 19:26:25,575 [020943f0-ab7d-43b4-aa7e-bd0cde918a3e-impl-thread2] INFO  impl.RoleInfo (RoleInfo.java:shutdownLeaderState(94)) - 020943f0-ab7d-43b4-aa7e-bd0cde918a3e: shutdown 020943f0-ab7d-43b4-aa7e-bd0cde918a3e@group-A1EEB6A496A4-LeaderStateImpl
2024-04-25 19:26:25,577 [020943f0-ab7d-43b4-aa7e-bd0cde918a3e-impl-thread2] INFO  impl.PendingRequests (PendingRequests.java:sendNotLeaderResponses(289)) - 020943f0-ab7d-43b4-aa7e-bd0cde918a3e@group-A1EEB6A496A4-PendingRequests: sendNotLeaderResponses
2024-04-25 19:26:25,575 [f28f6cfa-fb4d-46cf-94dd-cb052c8a0835@group-6861FFED6B0C-StateMachineUpdater] INFO  impl.StateMachineUpdater (StateMachineUpdater.java:lambda$new$0(98)) - f28f6cfa-fb4d-46cf-94dd-cb052c8a0835@group-6861FFED6B0C-StateMachineUpdater: snapshotIndex: updateIncreasingly -1 -> 0
2024-04-25 19:26:25,575 [485a0214-1e55-4d9f-9e33-2b2fc5076c56-impl-thread1] INFO  server.RaftServer$Division (ServerState.java:close(427)) - 485a0214-1e55-4d9f-9e33-2b2fc5076c56@group-EBC75CBB34F5: applyIndex: 0
2024-04-25 19:26:25,577 [f28f6cfa-fb4d-46cf-94dd-cb052c8a0835-impl-thread1] INFO  server.RaftServer$Division (ServerState.java:close(427)) - f28f6cfa-fb4d-46cf-94dd-cb052c8a0835@group-6861FFED6B0C: applyIndex: 0
2024-04-25 19:26:25,573 [grpc-default-executor-2] WARN  server.GrpcLogAppender (GrpcLogAppender.java:lambda$resetClient$1(217)) - 88efce4d-fc58-43a4-abfe-18a1167c7495@group-EBC75CBB34F5->485a0214-1e55-4d9f-9e33-2b2fc5076c56-GrpcLogAppender: Follower failed (request=null, errorCount=1); keep nextIndex (1) unchanged and retry.
2024-04-25 19:26:25,573 [023363e8-92b8-4e04-85cd-0caf25b811fc-impl-thread1] INFO  util.JmxRegister (JmxRegister.java:unregister(73)) - Successfully un-registered JMX Bean with object name Ratis:service=RaftServer,group=group-6FB570E975EE,id=023363e8-92b8-4e04-85cd-0caf25b811fc
2024-04-25 19:26:25,577 [023363e8-92b8-4e04-85cd-0caf25b811fc-impl-thread1] INFO  impl.RoleInfo (RoleInfo.java:shutdownLeaderState(94)) - 023363e8-92b8-4e04-85cd-0caf25b811fc: shutdown 023363e8-92b8-4e04-85cd-0caf25b811fc@group-6FB570E975EE-LeaderStateImpl
2024-04-25 19:26:25,577 [020943f0-ab7d-43b4-aa7e-bd0cde918a3e-impl-thread2] INFO  impl.StateMachineUpdater (StateMachineUpdater.java:stopAndJoin(157)) - 020943f0-ab7d-43b4-aa7e-bd0cde918a3e@group-A1EEB6A496A4-StateMachineUpdater: set stopIndex = 0
2024-04-25 19:26:25,577 [020943f0-ab7d-43b4-aa7e-bd0cde918a3e@group-A1EEB6A496A4-StateMachineUpdater] INFO  ratis.ContainerStateMachine (ContainerStateMachine.java:takeSnapshot(355)) - group-A1EEB6A496A4: Taking a snapshot at:(t:1, i:0) file /home/runner/work/ozone/ozone/hadoop-ozone/integration-test/target/test-dir/MiniOzoneClusterImpl-f82f7a4c-b7ce-4bc7-bddc-b4ce9d407ba8/ozone-meta/datanode-6/ratis/0b298d8b-809b-47ef-876f-a1eeb6a496a4/sm/snapshot.1_0
2024-04-25 19:26:25,577 [f28f6cfa-fb4d-46cf-94dd-cb052c8a0835@group-6861FFED6B0C-cacheEviction-AwaitToRun] INFO  util.AwaitToRun (AwaitToRun.java:run(49)) - f28f6cfa-fb4d-46cf-94dd-cb052c8a0835@group-6861FFED6B0C-cacheEviction-AwaitToRun-AwaitForSignal is interrupted
2024-04-25 19:26:25,577 [485a0214-1e55-4d9f-9e33-2b2fc5076c56@group-EBC75CBB34F5-cacheEviction-AwaitToRun] INFO  util.AwaitToRun (AwaitToRun.java:run(49)) - 485a0214-1e55-4d9f-9e33-2b2fc5076c56@group-EBC75CBB34F5-cacheEviction-AwaitToRun-AwaitForSignal is interrupted
2024-04-25 19:26:25,577 [grpc-default-executor-5] WARN  server.GrpcServerProtocolService (LogUtils.java:warn(121)) - 38098fde-9f6f-4ad0-993c-715d8f2d4b32: APPEND_ENTRIES onError, lastRequest: null: org.apache.ratis.thirdparty.io.grpc.StatusRuntimeException: CANCELLED: client cancelled
2024-04-25 19:26:25,577 [grpc-default-executor-0] WARN  server.GrpcLogAppender (LogUtils.java:warn(121)) - c059e8ba-a531-47a3-a497-45c8f0b0c72e@group-3D56868D618F->38098fde-9f6f-4ad0-993c-715d8f2d4b32-AppendLogResponseHandler: Failed appendEntries: org.apache.ratis.thirdparty.io.grpc.StatusRuntimeException: CANCELLED: RST_STREAM closed stream. HTTP/2 error code: CANCEL
2024-04-25 19:26:25,576 [38098fde-9f6f-4ad0-993c-715d8f2d4b32@group-9819C722C0BE-StateMachineUpdater] INFO  ratis.ContainerStateMachine (ContainerStateMachine.java:takeSnapshot(355)) - group-9819C722C0BE: Taking a snapshot at:(t:1, i:0) file /home/runner/work/ozone/ozone/hadoop-ozone/integration-test/target/test-dir/MiniOzoneClusterImpl-f82f7a4c-b7ce-4bc7-bddc-b4ce9d407ba8/ozone-meta/datanode-4/ratis/a8fbf086-abed-4d90-9d91-9819c722c0be/sm/snapshot.1_0
2024-04-25 19:26:25,578 [grpc-default-executor-0] WARN  server.GrpcLogAppender (GrpcLogAppender.java:lambda$resetClient$1(217)) - c059e8ba-a531-47a3-a497-45c8f0b0c72e@group-3D56868D618F->38098fde-9f6f-4ad0-993c-715d8f2d4b32-GrpcLogAppender: Follower failed (request=null, errorCount=1); keep nextIndex (1) unchanged and retry.
2024-04-25 19:26:25,578 [020943f0-ab7d-43b4-aa7e-bd0cde918a3e@group-A1EEB6A496A4-StateMachineUpdater] INFO  ratis.ContainerStateMachine (ContainerStateMachine.java:takeSnapshot(366)) - group-A1EEB6A496A4: Finished taking a snapshot at:(t:1, i:0) file:/home/runner/work/ozone/ozone/hadoop-ozone/integration-test/target/test-dir/MiniOzoneClusterImpl-f82f7a4c-b7ce-4bc7-bddc-b4ce9d407ba8/ozone-meta/datanode-6/ratis/0b298d8b-809b-47ef-876f-a1eeb6a496a4/sm/snapshot.1_0 took: 1 ms
2024-04-25 19:26:25,578 [020943f0-ab7d-43b4-aa7e-bd0cde918a3e@group-A1EEB6A496A4-StateMachineUpdater] INFO  impl.StateMachineUpdater (StateMachineUpdater.java:takeSnapshot(295)) - 020943f0-ab7d-43b4-aa7e-bd0cde918a3e@group-A1EEB6A496A4-StateMachineUpdater: Took a snapshot at index 0
2024-04-25 19:26:25,578 [020943f0-ab7d-43b4-aa7e-bd0cde918a3e@group-A1EEB6A496A4-StateMachineUpdater] INFO  impl.StateMachineUpdater (StateMachineUpdater.java:lambda$new$0(98)) - 020943f0-ab7d-43b4-aa7e-bd0cde918a3e@group-A1EEB6A496A4-StateMachineUpdater: snapshotIndex: updateIncreasingly -1 -> 0
2024-04-25 19:26:25,578 [020943f0-ab7d-43b4-aa7e-bd0cde918a3e-impl-thread2] INFO  server.RaftServer$Division (ServerState.java:close(427)) - 020943f0-ab7d-43b4-aa7e-bd0cde918a3e@group-A1EEB6A496A4: applyIndex: 0
2024-04-25 19:26:25,576 [f28f6cfa-fb4d-46cf-94dd-cb052c8a0835-impl-thread2] INFO  impl.StateMachineUpdater (StateMachineUpdater.java:stopAndJoin(157)) - f28f6cfa-fb4d-46cf-94dd-cb052c8a0835@group-BC99EED15F13-StateMachineUpdater: set stopIndex = 0
2024-04-25 19:26:25,576 [38098fde-9f6f-4ad0-993c-715d8f2d4b32-impl-thread1] INFO  server.RaftServer$Division (ServerState.java:close(427)) - 38098fde-9f6f-4ad0-993c-715d8f2d4b32@group-3D56868D618F: applyIndex: 0
2024-04-25 19:26:25,575 [485a0214-1e55-4d9f-9e33-2b2fc5076c56-impl-thread2] INFO  server.RaftServer$Division (ServerState.java:close(427)) - 485a0214-1e55-4d9f-9e33-2b2fc5076c56@group-A2B11DDD0FBC: applyIndex: 0
2024-04-25 19:26:25,578 [f28f6cfa-fb4d-46cf-94dd-cb052c8a0835-impl-thread2] INFO  server.RaftServer$Division (ServerState.java:close(427)) - f28f6cfa-fb4d-46cf-94dd-cb052c8a0835@group-BC99EED15F13: applyIndex: 0
2024-04-25 19:26:25,578 [485a0214-1e55-4d9f-9e33-2b2fc5076c56@group-A2B11DDD0FBC-cacheEviction-AwaitToRun] INFO  util.AwaitToRun (AwaitToRun.java:run(49)) - 485a0214-1e55-4d9f-9e33-2b2fc5076c56@group-A2B11DDD0FBC-cacheEviction-AwaitToRun-AwaitForSignal is interrupted
2024-04-25 19:26:25,578 [f28f6cfa-fb4d-46cf-94dd-cb052c8a0835@group-BC99EED15F13-cacheEviction-AwaitToRun] INFO  util.AwaitToRun (AwaitToRun.java:run(49)) - f28f6cfa-fb4d-46cf-94dd-cb052c8a0835@group-BC99EED15F13-cacheEviction-AwaitToRun-AwaitForSignal is interrupted
2024-04-25 19:26:25,575 [020943f0-ab7d-43b4-aa7e-bd0cde918a3e@group-3D56868D618F-FollowerState] INFO  impl.FollowerState (FollowerState.java:run(152)) - 020943f0-ab7d-43b4-aa7e-bd0cde918a3e@group-3D56868D618F-FollowerState was interrupted
2024-04-25 19:26:25,575 [grpc-default-executor-1] INFO  server.GrpcServerProtocolService (GrpcServerProtocolService.java:lambda$onCompleted$5(159)) - 023363e8-92b8-4e04-85cd-0caf25b811fc: Completed APPEND_ENTRIES, lastReply: serverReply {
  requestorId: "f28f6cfa-fb4d-46cf-94dd-cb052c8a0835"
  replyId: "023363e8-92b8-4e04-85cd-0caf25b811fc"
  raftGroupId {
    id: "\034J\t7UnI\312\265]ha\377\355k\f"
  }
  callId: 7
  success: true
}
term: 1
nextIndex: 1
matchIndex: 18446744073709551615
isHearbeat: true

2024-04-25 19:26:25,578 [38098fde-9f6f-4ad0-993c-715d8f2d4b32@group-3D56868D618F-cacheEviction-AwaitToRun] INFO  util.AwaitToRun (AwaitToRun.java:run(49)) - 38098fde-9f6f-4ad0-993c-715d8f2d4b32@group-3D56868D618F-cacheEviction-AwaitToRun-AwaitForSignal is interrupted
2024-04-25 19:26:25,578 [38098fde-9f6f-4ad0-993c-715d8f2d4b32@group-9819C722C0BE-StateMachineUpdater] INFO  ratis.ContainerStateMachine (ContainerStateMachine.java:takeSnapshot(366)) - group-9819C722C0BE: Finished taking a snapshot at:(t:1, i:0) file:/home/runner/work/ozone/ozone/hadoop-ozone/integration-test/target/test-dir/MiniOzoneClusterImpl-f82f7a4c-b7ce-4bc7-bddc-b4ce9d407ba8/ozone-meta/datanode-4/ratis/a8fbf086-abed-4d90-9d91-9819c722c0be/sm/snapshot.1_0 took: 2 ms
2024-04-25 19:26:25,579 [38098fde-9f6f-4ad0-993c-715d8f2d4b32@group-9819C722C0BE-StateMachineUpdater] INFO  impl.StateMachineUpdater (StateMachineUpdater.java:takeSnapshot(295)) - 38098fde-9f6f-4ad0-993c-715d8f2d4b32@group-9819C722C0BE-StateMachineUpdater: Took a snapshot at index 0
2024-04-25 19:26:25,579 [38098fde-9f6f-4ad0-993c-715d8f2d4b32@group-9819C722C0BE-StateMachineUpdater] INFO  impl.StateMachineUpdater (StateMachineUpdater.java:lambda$new$0(98)) - 38098fde-9f6f-4ad0-993c-715d8f2d4b32@group-9819C722C0BE-StateMachineUpdater: snapshotIndex: updateIncreasingly -1 -> 0
2024-04-25 19:26:25,577 [023363e8-92b8-4e04-85cd-0caf25b811fc-impl-thread1] INFO  impl.PendingRequests (PendingRequests.java:sendNotLeaderResponses(289)) - 023363e8-92b8-4e04-85cd-0caf25b811fc@group-6FB570E975EE-PendingRequests: sendNotLeaderResponses
2024-04-25 19:26:25,579 [38098fde-9f6f-4ad0-993c-715d8f2d4b32-impl-thread2] INFO  server.RaftServer$Division (ServerState.java:close(427)) - 38098fde-9f6f-4ad0-993c-715d8f2d4b32@group-9819C722C0BE: applyIndex: 0
2024-04-25 19:26:25,579 [023363e8-92b8-4e04-85cd-0caf25b811fc-impl-thread1] INFO  impl.StateMachineUpdater (StateMachineUpdater.java:stopAndJoin(157)) - 023363e8-92b8-4e04-85cd-0caf25b811fc@group-6FB570E975EE-StateMachineUpdater: set stopIndex = 0
2024-04-25 19:26:25,579 [023363e8-92b8-4e04-85cd-0caf25b811fc@group-6FB570E975EE-StateMachineUpdater] INFO  ratis.ContainerStateMachine (ContainerStateMachine.java:takeSnapshot(355)) - group-6FB570E975EE: Taking a snapshot at:(t:1, i:0) file /home/runner/work/ozone/ozone/hadoop-ozone/integration-test/target/test-dir/MiniOzoneClusterImpl-f82f7a4c-b7ce-4bc7-bddc-b4ce9d407ba8/ozone-meta/datanode-2/ratis/7a553876-ac86-4076-a8c5-6fb570e975ee/sm/snapshot.1_0
2024-04-25 19:26:25,579 [38098fde-9f6f-4ad0-993c-715d8f2d4b32@group-9819C722C0BE-cacheEviction-AwaitToRun] INFO  util.AwaitToRun (AwaitToRun.java:run(49)) - 38098fde-9f6f-4ad0-993c-715d8f2d4b32@group-9819C722C0BE-cacheEviction-AwaitToRun-AwaitForSignal is interrupted
2024-04-25 19:26:25,579 [grpc-default-executor-0] INFO  server.GrpcLogAppender (GrpcLogAppender.java:onCompleted(546)) - f28f6cfa-fb4d-46cf-94dd-cb052c8a0835@group-6861FFED6B0C->023363e8-92b8-4e04-85cd-0caf25b811fc-AppendLogResponseHandler: follower responses appendEntries COMPLETED
2024-04-25 19:26:25,579 [020943f0-ab7d-43b4-aa7e-bd0cde918a3e@group-A1EEB6A496A4-cacheEviction-AwaitToRun] INFO  util.AwaitToRun (AwaitToRun.java:run(49)) - 020943f0-ab7d-43b4-aa7e-bd0cde918a3e@group-A1EEB6A496A4-cacheEviction-AwaitToRun-AwaitForSignal is interrupted
2024-04-25 19:26:25,579 [023363e8-92b8-4e04-85cd-0caf25b811fc@group-6FB570E975EE-StateMachineUpdater] INFO  ratis.ContainerStateMachine (ContainerStateMachine.java:takeSnapshot(366)) - group-6FB570E975EE: Finished taking a snapshot at:(t:1, i:0) file:/home/runner/work/ozone/ozone/hadoop-ozone/integration-test/target/test-dir/MiniOzoneClusterImpl-f82f7a4c-b7ce-4bc7-bddc-b4ce9d407ba8/ozone-meta/datanode-2/ratis/7a553876-ac86-4076-a8c5-6fb570e975ee/sm/snapshot.1_0 took: 0 ms
2024-04-25 19:26:25,579 [023363e8-92b8-4e04-85cd-0caf25b811fc@group-6FB570E975EE-StateMachineUpdater] INFO  impl.StateMachineUpdater (StateMachineUpdater.java:takeSnapshot(295)) - 023363e8-92b8-4e04-85cd-0caf25b811fc@group-6FB570E975EE-StateMachineUpdater: Took a snapshot at index 0
2024-04-25 19:26:25,580 [023363e8-92b8-4e04-85cd-0caf25b811fc@group-6FB570E975EE-StateMachineUpdater] INFO  impl.StateMachineUpdater (StateMachineUpdater.java:lambda$new$0(98)) - 023363e8-92b8-4e04-85cd-0caf25b811fc@group-6FB570E975EE-StateMachineUpdater: snapshotIndex: updateIncreasingly -1 -> 0
2024-04-25 19:26:25,580 [023363e8-92b8-4e04-85cd-0caf25b811fc-impl-thread1] INFO  server.RaftServer$Division (ServerState.java:close(427)) - 023363e8-92b8-4e04-85cd-0caf25b811fc@group-6FB570E975EE: applyIndex: 0
2024-04-25 19:26:25,580 [023363e8-92b8-4e04-85cd-0caf25b811fc@group-6FB570E975EE-cacheEviction-AwaitToRun] INFO  util.AwaitToRun (AwaitToRun.java:run(49)) - 023363e8-92b8-4e04-85cd-0caf25b811fc@group-6FB570E975EE-cacheEviction-AwaitToRun-AwaitForSignal is interrupted
2024-04-25 19:26:25,583 [020943f0-ab7d-43b4-aa7e-bd0cde918a3e-impl-thread1] INFO  segmented.SegmentedRaftLogWorker (SegmentedRaftLogWorker.java:close(245)) - 020943f0-ab7d-43b4-aa7e-bd0cde918a3e@group-3D56868D618F-SegmentedRaftLogWorker close()
2024-04-25 19:26:25,588 [ForkJoinPool.commonPool-worker-4] INFO  server.GrpcService (GrpcService.java:closeImpl(311)) - 023363e8-92b8-4e04-85cd-0caf25b811fc: shutdown server org.apache.ratis.grpc.server.GrpcClientProtocolService now
2024-04-25 19:26:25,588 [023363e8-92b8-4e04-85cd-0caf25b811fc-impl-thread2] INFO  server.RaftServer$Division (RaftServerImpl.java:lambda$close$3(526)) - 023363e8-92b8-4e04-85cd-0caf25b811fc@group-6861FFED6B0C: shutdown
2024-04-25 19:26:25,588 [023363e8-92b8-4e04-85cd-0caf25b811fc-impl-thread2] INFO  util.JmxRegister (JmxRegister.java:unregister(73)) - Successfully un-registered JMX Bean with object name Ratis:service=RaftServer,group=group-6861FFED6B0C,id=023363e8-92b8-4e04-85cd-0caf25b811fc
2024-04-25 19:26:25,588 [023363e8-92b8-4e04-85cd-0caf25b811fc-impl-thread2] INFO  impl.RoleInfo (RoleInfo.java:shutdownFollowerState(110)) - 023363e8-92b8-4e04-85cd-0caf25b811fc: shutdown 023363e8-92b8-4e04-85cd-0caf25b811fc@group-6861FFED6B0C-FollowerState
2024-04-25 19:26:25,588 [023363e8-92b8-4e04-85cd-0caf25b811fc@group-6861FFED6B0C-FollowerState] INFO  impl.FollowerState (FollowerState.java:run(152)) - 023363e8-92b8-4e04-85cd-0caf25b811fc@group-6861FFED6B0C-FollowerState was interrupted
2024-04-25 19:26:25,588 [023363e8-92b8-4e04-85cd-0caf25b811fc@group-6861FFED6B0C-StateMachineUpdater] INFO  ratis.ContainerStateMachine (ContainerStateMachine.java:takeSnapshot(355)) - group-6861FFED6B0C: Taking a snapshot at:(t:1, i:0) file /home/runner/work/ozone/ozone/hadoop-ozone/integration-test/target/test-dir/MiniOzoneClusterImpl-f82f7a4c-b7ce-4bc7-bddc-b4ce9d407ba8/ozone-meta/datanode-2/ratis/1c4a0937-556e-49ca-b55d-6861ffed6b0c/sm/snapshot.1_0
2024-04-25 19:26:25,588 [023363e8-92b8-4e04-85cd-0caf25b811fc-impl-thread2] INFO  impl.StateMachineUpdater (StateMachineUpdater.java:stopAndJoin(157)) - 023363e8-92b8-4e04-85cd-0caf25b811fc@group-6861FFED6B0C-StateMachineUpdater: set stopIndex = 0
2024-04-25 19:26:25,589 [023363e8-92b8-4e04-85cd-0caf25b811fc@group-6861FFED6B0C-StateMachineUpdater] INFO  ratis.ContainerStateMachine (ContainerStateMachine.java:takeSnapshot(366)) - group-6861FFED6B0C: Finished taking a snapshot at:(t:1, i:0) file:/home/runner/work/ozone/ozone/hadoop-ozone/integration-test/target/test-dir/MiniOzoneClusterImpl-f82f7a4c-b7ce-4bc7-bddc-b4ce9d407ba8/ozone-meta/datanode-2/ratis/1c4a0937-556e-49ca-b55d-6861ffed6b0c/sm/snapshot.1_0 took: 1 ms
2024-04-25 19:26:25,589 [023363e8-92b8-4e04-85cd-0caf25b811fc@group-6861FFED6B0C-StateMachineUpdater] INFO  impl.StateMachineUpdater (StateMachineUpdater.java:takeSnapshot(295)) - 023363e8-92b8-4e04-85cd-0caf25b811fc@group-6861FFED6B0C-StateMachineUpdater: Took a snapshot at index 0
2024-04-25 19:26:25,589 [023363e8-92b8-4e04-85cd-0caf25b811fc@group-6861FFED6B0C-StateMachineUpdater] INFO  impl.StateMachineUpdater (StateMachineUpdater.java:lambda$new$0(98)) - 023363e8-92b8-4e04-85cd-0caf25b811fc@group-6861FFED6B0C-StateMachineUpdater: snapshotIndex: updateIncreasingly -1 -> 0
2024-04-25 19:26:25,589 [023363e8-92b8-4e04-85cd-0caf25b811fc-impl-thread2] INFO  server.RaftServer$Division (ServerState.java:close(427)) - 023363e8-92b8-4e04-85cd-0caf25b811fc@group-6861FFED6B0C: applyIndex: 0
2024-04-25 19:26:25,589 [023363e8-92b8-4e04-85cd-0caf25b811fc@group-6861FFED6B0C-cacheEviction-AwaitToRun] INFO  util.AwaitToRun (AwaitToRun.java:run(49)) - 023363e8-92b8-4e04-85cd-0caf25b811fc@group-6861FFED6B0C-cacheEviction-AwaitToRun-AwaitForSignal is interrupted
2024-04-25 19:26:25,591 [38098fde-9f6f-4ad0-993c-715d8f2d4b32-impl-thread1] INFO  segmented.SegmentedRaftLogWorker (SegmentedRaftLogWorker.java:close(245)) - 38098fde-9f6f-4ad0-993c-715d8f2d4b32@group-3D56868D618F-SegmentedRaftLogWorker close()
2024-04-25 19:26:25,592 [main] INFO  server.GrpcService (GrpcService.java:closeImpl(320)) - 020943f0-ab7d-43b4-aa7e-bd0cde918a3e: shutdown server org.apache.ratis.grpc.server.GrpcClientProtocolService successfully
2024-04-25 19:26:25,592 [main] INFO  server.GrpcService (GrpcService.java:closeImpl(311)) - 020943f0-ab7d-43b4-aa7e-bd0cde918a3e: shutdown server GrpcServerProtocolService now
2024-04-25 19:26:25,593 [grpc-default-executor-3] WARN  server.GrpcServerProtocolService (LogUtils.java:warn(121)) - 020943f0-ab7d-43b4-aa7e-bd0cde918a3e: APPEND_ENTRIES onError, lastRequest: c059e8ba-a531-47a3-a497-45c8f0b0c72e->020943f0-ab7d-43b4-aa7e-bd0cde918a3e#1-t1,previous=(t:0, i:0),leaderCommit=-1,initializing? false,entries: size=1, first=(t:1, i:0), CONFIGURATIONENTRY(current:id: "020943f0-ab7d-43b4-aa7e-bd0cde918a3e"
address: "127.0.0.1:15326"
dataStreamAddress: "127.0.0.1:15327"
clientAddress: "127.0.0.1:15324"
adminAddress: "127.0.0.1:15325"
startupRole: FOLLOWER
,id: "38098fde-9f6f-4ad0-993c-715d8f2d4b32"
address: "127.0.0.1:15308"
dataStreamAddress: "127.0.0.1:15309"
clientAddress: "127.0.0.1:15306"
adminAddress: "127.0.0.1:15307"
startupRole: FOLLOWER
,id: "c059e8ba-a531-47a3-a497-45c8f0b0c72e"
address: "127.0.0.1:15317"
priority: 1
dataStreamAddress: "127.0.0.1:15318"
clientAddress: "127.0.0.1:15315"
adminAddress: "127.0.0.1:15316"
startupRole: FOLLOWER
, old:): org.apache.ratis.thirdparty.io.grpc.StatusRuntimeException: CANCELLED: client cancelled
2024-04-25 19:26:25,593 [grpc-default-executor-1] WARN  server.GrpcLogAppender (LogUtils.java:warn(121)) - c059e8ba-a531-47a3-a497-45c8f0b0c72e@group-3D56868D618F->020943f0-ab7d-43b4-aa7e-bd0cde918a3e-AppendLogResponseHandler: Failed appendEntries: org.apache.ratis.thirdparty.io.grpc.StatusRuntimeException: CANCELLED: RST_STREAM closed stream. HTTP/2 error code: CANCEL
2024-04-25 19:26:25,593 [grpc-default-executor-1] WARN  server.GrpcLogAppender (GrpcLogAppender.java:lambda$resetClient$1(217)) - c059e8ba-a531-47a3-a497-45c8f0b0c72e@group-3D56868D618F->020943f0-ab7d-43b4-aa7e-bd0cde918a3e-GrpcLogAppender: Follower failed (request=null, errorCount=1); keep nextIndex (1) unchanged and retry.
2024-04-25 19:26:25,593 [grpc-default-executor-0] WARN  server.GrpcServerProtocolService (LogUtils.java:warn(121)) - 020943f0-ab7d-43b4-aa7e-bd0cde918a3e: APPEND_ENTRIES onError, lastRequest: null: org.apache.ratis.thirdparty.io.grpc.StatusRuntimeException: CANCELLED: client cancelled
2024-04-25 19:26:25,593 [485a0214-1e55-4d9f-9e33-2b2fc5076c56-impl-thread2] INFO  segmented.SegmentedRaftLogWorker (SegmentedRaftLogWorker.java:close(245)) - 485a0214-1e55-4d9f-9e33-2b2fc5076c56@group-A2B11DDD0FBC-SegmentedRaftLogWorker close()
2024-04-25 19:26:25,596 [Thread-4615] INFO  server.GrpcServerProtocolClient (GrpcServerProtocolClient.java:close(103)) - 023363e8-92b8-4e04-85cd-0caf25b811fc Close channels
2024-04-25 19:26:25,596 [ForkJoinPool.commonPool-worker-2] INFO  server.GrpcService (GrpcService.java:closeImpl(320)) - f28f6cfa-fb4d-46cf-94dd-cb052c8a0835: shutdown server org.apache.ratis.grpc.server.GrpcClientProtocolService successfully
2024-04-25 19:26:25,597 [ForkJoinPool.commonPool-worker-2] INFO  server.GrpcService (GrpcService.java:closeImpl(311)) - f28f6cfa-fb4d-46cf-94dd-cb052c8a0835: shutdown server GrpcServerProtocolService now
2024-04-25 19:26:25,601 [ForkJoinPool.commonPool-worker-4] INFO  server.GrpcService (GrpcService.java:closeImpl(320)) - 023363e8-92b8-4e04-85cd-0caf25b811fc: shutdown server org.apache.ratis.grpc.server.GrpcClientProtocolService successfully
2024-04-25 19:26:25,601 [ForkJoinPool.commonPool-worker-4] INFO  server.GrpcService (GrpcService.java:closeImpl(311)) - 023363e8-92b8-4e04-85cd-0caf25b811fc: shutdown server GrpcServerProtocolService now
2024-04-25 19:26:25,601 [ForkJoinPool.commonPool-worker-3] INFO  server.GrpcService (GrpcService.java:closeImpl(320)) - 38098fde-9f6f-4ad0-993c-715d8f2d4b32: shutdown server GrpcServerProtocolService successfully
2024-04-25 19:26:25,601 [ForkJoinPool.commonPool-worker-3] INFO  server.GrpcService (GrpcService.java:closeImpl(311)) - 38098fde-9f6f-4ad0-993c-715d8f2d4b32: shutdown server org.apache.ratis.grpc.server.GrpcAdminProtocolService now
2024-04-25 19:26:25,604 [ForkJoinPool.commonPool-worker-4] INFO  server.GrpcService (GrpcService.java:closeImpl(320)) - 023363e8-92b8-4e04-85cd-0caf25b811fc: shutdown server GrpcServerProtocolService successfully
2024-04-25 19:26:25,604 [ForkJoinPool.commonPool-worker-4] INFO  server.GrpcService (GrpcService.java:closeImpl(311)) - 023363e8-92b8-4e04-85cd-0caf25b811fc: shutdown server org.apache.ratis.grpc.server.GrpcAdminProtocolService now
2024-04-25 19:26:25,605 [ForkJoinPool.commonPool-worker-1] INFO  server.GrpcService (GrpcService.java:closeImpl(320)) - 485a0214-1e55-4d9f-9e33-2b2fc5076c56: shutdown server GrpcServerProtocolService successfully
2024-04-25 19:26:25,605 [ForkJoinPool.commonPool-worker-1] INFO  server.GrpcService (GrpcService.java:closeImpl(311)) - 485a0214-1e55-4d9f-9e33-2b2fc5076c56: shutdown server org.apache.ratis.grpc.server.GrpcAdminProtocolService now
2024-04-25 19:26:25,606 [main] INFO  server.GrpcService (GrpcService.java:closeImpl(320)) - 020943f0-ab7d-43b4-aa7e-bd0cde918a3e: shutdown server GrpcServerProtocolService successfully
2024-04-25 19:26:25,606 [main] INFO  server.GrpcService (GrpcService.java:closeImpl(311)) - 020943f0-ab7d-43b4-aa7e-bd0cde918a3e: shutdown server org.apache.ratis.grpc.server.GrpcAdminProtocolService now
2024-04-25 19:26:25,607 [ForkJoinPool.commonPool-worker-2] INFO  server.GrpcService (GrpcService.java:closeImpl(320)) - f28f6cfa-fb4d-46cf-94dd-cb052c8a0835: shutdown server GrpcServerProtocolService successfully
2024-04-25 19:26:25,607 [ForkJoinPool.commonPool-worker-2] INFO  server.GrpcService (GrpcService.java:closeImpl(311)) - f28f6cfa-fb4d-46cf-94dd-cb052c8a0835: shutdown server org.apache.ratis.grpc.server.GrpcAdminProtocolService now
2024-04-25 19:26:25,612 [ForkJoinPool.commonPool-worker-3] INFO  server.GrpcService (GrpcService.java:closeImpl(320)) - 38098fde-9f6f-4ad0-993c-715d8f2d4b32: shutdown server org.apache.ratis.grpc.server.GrpcAdminProtocolService successfully
2024-04-25 19:26:25,612 [main] INFO  server.GrpcService (GrpcService.java:closeImpl(320)) - 020943f0-ab7d-43b4-aa7e-bd0cde918a3e: shutdown server org.apache.ratis.grpc.server.GrpcAdminProtocolService successfully
2024-04-25 19:26:25,615 [ForkJoinPool.commonPool-worker-4] INFO  server.GrpcService (GrpcService.java:closeImpl(320)) - 023363e8-92b8-4e04-85cd-0caf25b811fc: shutdown server org.apache.ratis.grpc.server.GrpcAdminProtocolService successfully
2024-04-25 19:26:25,616 [ForkJoinPool.commonPool-worker-1] INFO  server.GrpcService (GrpcService.java:closeImpl(320)) - 485a0214-1e55-4d9f-9e33-2b2fc5076c56: shutdown server org.apache.ratis.grpc.server.GrpcAdminProtocolService successfully
2024-04-25 19:26:25,620 [ForkJoinPool.commonPool-worker-2] INFO  server.GrpcService (GrpcService.java:closeImpl(320)) - f28f6cfa-fb4d-46cf-94dd-cb052c8a0835: shutdown server org.apache.ratis.grpc.server.GrpcAdminProtocolService successfully
2024-04-25 19:26:25,628 [485a0214-1e55-4d9f-9e33-2b2fc5076c56-NettyServerStreamRpc-bossGroup--thread1] INFO  logging.LoggingHandler (AbstractInternalLogger.java:log(148)) - [id: 0xf96f5455, L:/0.0.0.0:15345] CLOSE
2024-04-25 19:26:25,628 [485a0214-1e55-4d9f-9e33-2b2fc5076c56-NettyServerStreamRpc-bossGroup--thread1] INFO  logging.LoggingHandler (AbstractInternalLogger.java:log(148)) - [id: 0xf96f5455, L:/0.0.0.0:15345] INACTIVE
2024-04-25 19:26:25,628 [485a0214-1e55-4d9f-9e33-2b2fc5076c56-NettyServerStreamRpc-bossGroup--thread1] INFO  logging.LoggingHandler (AbstractInternalLogger.java:log(148)) - [id: 0xf96f5455, L:/0.0.0.0:15345] UNREGISTERED
2024-04-25 19:26:25,630 [38098fde-9f6f-4ad0-993c-715d8f2d4b32-NettyServerStreamRpc-bossGroup--thread1] INFO  logging.LoggingHandler (AbstractInternalLogger.java:log(148)) - [id: 0x803836c6, L:/0.0.0.0:15309] CLOSE
2024-04-25 19:26:25,630 [38098fde-9f6f-4ad0-993c-715d8f2d4b32-NettyServerStreamRpc-bossGroup--thread1] INFO  logging.LoggingHandler (AbstractInternalLogger.java:log(148)) - [id: 0x803836c6, L:/0.0.0.0:15309] INACTIVE
2024-04-25 19:26:25,630 [38098fde-9f6f-4ad0-993c-715d8f2d4b32-NettyServerStreamRpc-bossGroup--thread1] INFO  logging.LoggingHandler (AbstractInternalLogger.java:log(148)) - [id: 0x803836c6, L:/0.0.0.0:15309] UNREGISTERED
2024-04-25 19:26:25,630 [f28f6cfa-fb4d-46cf-94dd-cb052c8a0835-NettyServerStreamRpc-bossGroup--thread1] INFO  logging.LoggingHandler (AbstractInternalLogger.java:log(148)) - [id: 0x69229804, L:/0.0.0.0:15300] CLOSE
2024-04-25 19:26:25,630 [f28f6cfa-fb4d-46cf-94dd-cb052c8a0835-NettyServerStreamRpc-bossGroup--thread1] INFO  logging.LoggingHandler (AbstractInternalLogger.java:log(148)) - [id: 0x69229804, L:/0.0.0.0:15300] INACTIVE
2024-04-25 19:26:25,630 [f28f6cfa-fb4d-46cf-94dd-cb052c8a0835-NettyServerStreamRpc-bossGroup--thread1] INFO  logging.LoggingHandler (AbstractInternalLogger.java:log(148)) - [id: 0x69229804, L:/0.0.0.0:15300] UNREGISTERED
2024-04-25 19:26:25,631 [023363e8-92b8-4e04-85cd-0caf25b811fc-NettyServerStreamRpc-bossGroup--thread1] INFO  logging.LoggingHandler (AbstractInternalLogger.java:log(148)) - [id: 0x5ce694fa, L:/0.0.0.0:15291] CLOSE
2024-04-25 19:26:25,631 [023363e8-92b8-4e04-85cd-0caf25b811fc-NettyServerStreamRpc-bossGroup--thread1] INFO  logging.LoggingHandler (AbstractInternalLogger.java:log(148)) - [id: 0x5ce694fa, L:/0.0.0.0:15291] INACTIVE
2024-04-25 19:26:25,631 [023363e8-92b8-4e04-85cd-0caf25b811fc-NettyServerStreamRpc-bossGroup--thread1] INFO  logging.LoggingHandler (AbstractInternalLogger.java:log(148)) - [id: 0x5ce694fa, L:/0.0.0.0:15291] UNREGISTERED
2024-04-25 19:26:25,634 [020943f0-ab7d-43b4-aa7e-bd0cde918a3e-NettyServerStreamRpc-bossGroup--thread1] INFO  logging.LoggingHandler (AbstractInternalLogger.java:log(148)) - [id: 0x4f6888d1, L:/0.0.0.0:15327] CLOSE
2024-04-25 19:26:25,634 [020943f0-ab7d-43b4-aa7e-bd0cde918a3e-NettyServerStreamRpc-bossGroup--thread1] INFO  logging.LoggingHandler (AbstractInternalLogger.java:log(148)) - [id: 0x4f6888d1, L:/0.0.0.0:15327] INACTIVE
2024-04-25 19:26:25,634 [020943f0-ab7d-43b4-aa7e-bd0cde918a3e-NettyServerStreamRpc-bossGroup--thread1] INFO  logging.LoggingHandler (AbstractInternalLogger.java:log(148)) - [id: 0x4f6888d1, L:/0.0.0.0:15327] UNREGISTERED
2024-04-25 19:26:25,655 [485a0214-1e55-4d9f-9e33-2b2fc5076c56-impl-thread1] INFO  segmented.SegmentedRaftLogWorker (SegmentedRaftLogWorker.java:close(245)) - 485a0214-1e55-4d9f-9e33-2b2fc5076c56@group-EBC75CBB34F5-SegmentedRaftLogWorker close()
2024-04-25 19:26:25,655 [JvmPauseMonitor42] INFO  util.JvmPauseMonitor (JvmPauseMonitor.java:run(152)) - JvmPauseMonitor-485a0214-1e55-4d9f-9e33-2b2fc5076c56: Stopped
2024-04-25 19:26:26,202 [023363e8-92b8-4e04-85cd-0caf25b811fc-impl-thread1] INFO  segmented.SegmentedRaftLogWorker (SegmentedRaftLogWorker.java:close(245)) - 023363e8-92b8-4e04-85cd-0caf25b811fc@group-6FB570E975EE-SegmentedRaftLogWorker close()
2024-04-25 19:26:26,225 [f28f6cfa-fb4d-46cf-94dd-cb052c8a0835-impl-thread1] INFO  segmented.SegmentedRaftLogWorker (SegmentedRaftLogWorker.java:close(245)) - f28f6cfa-fb4d-46cf-94dd-cb052c8a0835@group-6861FFED6B0C-SegmentedRaftLogWorker close()
2024-04-25 19:26:26,246 [023363e8-92b8-4e04-85cd-0caf25b811fc-impl-thread2] INFO  segmented.SegmentedRaftLogWorker (SegmentedRaftLogWorker.java:close(245)) - 023363e8-92b8-4e04-85cd-0caf25b811fc@group-6861FFED6B0C-SegmentedRaftLogWorker close()
2024-04-25 19:26:26,246 [JvmPauseMonitor36] INFO  util.JvmPauseMonitor (JvmPauseMonitor.java:run(152)) - JvmPauseMonitor-023363e8-92b8-4e04-85cd-0caf25b811fc: Stopped
2024-04-25 19:26:26,290 [f28f6cfa-fb4d-46cf-94dd-cb052c8a0835-impl-thread2] INFO  segmented.SegmentedRaftLogWorker (SegmentedRaftLogWorker.java:close(245)) - f28f6cfa-fb4d-46cf-94dd-cb052c8a0835@group-BC99EED15F13-SegmentedRaftLogWorker close()
2024-04-25 19:26:26,290 [JvmPauseMonitor37] INFO  util.JvmPauseMonitor (JvmPauseMonitor.java:run(152)) - JvmPauseMonitor-f28f6cfa-fb4d-46cf-94dd-cb052c8a0835: Stopped
2024-04-25 19:26:26,402 [38098fde-9f6f-4ad0-993c-715d8f2d4b32-impl-thread2] INFO  segmented.SegmentedRaftLogWorker (SegmentedRaftLogWorker.java:close(245)) - 38098fde-9f6f-4ad0-993c-715d8f2d4b32@group-9819C722C0BE-SegmentedRaftLogWorker close()
2024-04-25 19:26:26,403 [JvmPauseMonitor38] INFO  util.JvmPauseMonitor (JvmPauseMonitor.java:run(152)) - JvmPauseMonitor-38098fde-9f6f-4ad0-993c-715d8f2d4b32: Stopped
2024-04-25 19:26:26,537 [020943f0-ab7d-43b4-aa7e-bd0cde918a3e-impl-thread2] INFO  segmented.SegmentedRaftLogWorker (SegmentedRaftLogWorker.java:close(245)) - 020943f0-ab7d-43b4-aa7e-bd0cde918a3e@group-A1EEB6A496A4-SegmentedRaftLogWorker close()
2024-04-25 19:26:26,537 [JvmPauseMonitor40] INFO  util.JvmPauseMonitor (JvmPauseMonitor.java:run(152)) - JvmPauseMonitor-020943f0-ab7d-43b4-aa7e-bd0cde918a3e: Stopped
2024-04-25 19:26:27,657 [ForkJoinPool.commonPool-worker-1] INFO  utils.DatanodeStoreCache (DatanodeStoreCache.java:shutdownCache(116)) - Skip clearing cache in mini cluster mode. Entries left: [/home/runner/work/ozone/ozone/hadoop-ozone/integration-test/target/test-dir/MiniOzoneClusterImpl-f82f7a4c-b7ce-4bc7-bddc-b4ce9d407ba8/ozone-meta/datanode-1/data-0/hdds/f82f7a4c-b7ce-4bc7-bddc-b4ce9d407ba8/DS-17a4e9de-4788-4dde-83de-3c959ee81645/container.db, /home/runner/work/ozone/ozone/hadoop-ozone/integration-test/target/test-dir/MiniOzoneClusterImpl-f82f7a4c-b7ce-4bc7-bddc-b4ce9d407ba8/ozone-meta/datanode-2/data-0/hdds/f82f7a4c-b7ce-4bc7-bddc-b4ce9d407ba8/DS-e275a4d8-33c9-4937-b4b5-9aee03b12aa4/container.db, /home/runner/work/ozone/ozone/hadoop-ozone/integration-test/target/test-dir/MiniOzoneClusterImpl-f82f7a4c-b7ce-4bc7-bddc-b4ce9d407ba8/ozone-meta/datanode-3/data-0/hdds/f82f7a4c-b7ce-4bc7-bddc-b4ce9d407ba8/DS-0417ca2a-3836-4e74-9b27-97462ad037a8/container.db, /home/runner/work/ozone/ozone/hadoop-ozone/integration-test/target/test-dir/MiniOzoneClusterImpl-f82f7a4c-b7ce-4bc7-bddc-b4ce9d407ba8/ozone-meta/datanode-4/data-0/hdds/f82f7a4c-b7ce-4bc7-bddc-b4ce9d407ba8/DS-7df831fa-3f58-49d3-89a5-b1982aace258/container.db, /home/runner/work/ozone/ozone/hadoop-ozone/integration-test/target/test-dir/MiniOzoneClusterImpl-f82f7a4c-b7ce-4bc7-bddc-b4ce9d407ba8/ozone-meta/datanode-5/data-0/hdds/f82f7a4c-b7ce-4bc7-bddc-b4ce9d407ba8/DS-455ea7ab-0b92-455e-8289-ac6fd881f40f/container.db, /home/runner/work/ozone/ozone/hadoop-ozone/integration-test/target/test-dir/MiniOzoneClusterImpl-f82f7a4c-b7ce-4bc7-bddc-b4ce9d407ba8/ozone-meta/datanode-6/data-0/hdds/f82f7a4c-b7ce-4bc7-bddc-b4ce9d407ba8/DS-22b00d7a-7303-4f54-8844-78969491cb16/container.db, /home/runner/work/ozone/ozone/hadoop-ozone/integration-test/target/test-dir/MiniOzoneClusterImpl-f82f7a4c-b7ce-4bc7-bddc-b4ce9d407ba8/ozone-meta/datanode-7/data-0/hdds/f82f7a4c-b7ce-4bc7-bddc-b4ce9d407ba8/DS-21339e86-6d57-4e25-bf79-109907f94477/container.db, /home/runner/work/ozone/ozone/hadoop-ozone/integration-test/target/test-dir/MiniOzoneClusterImpl-f82f7a4c-b7ce-4bc7-bddc-b4ce9d407ba8/ozone-meta/datanode-8/data-0/hdds/f82f7a4c-b7ce-4bc7-bddc-b4ce9d407ba8/DS-437815d9-d3da-4d28-a220-8e1fc7fc7ff8/container.db, /home/runner/work/ozone/ozone/hadoop-ozone/integration-test/target/test-dir/MiniOzoneClusterImpl-f82f7a4c-b7ce-4bc7-bddc-b4ce9d407ba8/ozone-meta/datanode-9/data-0/hdds/f82f7a4c-b7ce-4bc7-bddc-b4ce9d407ba8/DS-6985adc4-5c78-46be-95ff-e06fc6defb19/container.db]
2024-04-25 19:26:27,658 [ForkJoinPool.commonPool-worker-1] INFO  utils.DatanodeStoreCache (DatanodeStoreCache.java:removeDB(110)) - Removed db /home/runner/work/ozone/ozone/hadoop-ozone/integration-test/target/test-dir/MiniOzoneClusterImpl-f82f7a4c-b7ce-4bc7-bddc-b4ce9d407ba8/ozone-meta/datanode-8/data-0/hdds/f82f7a4c-b7ce-4bc7-bddc-b4ce9d407ba8/DS-437815d9-d3da-4d28-a220-8e1fc7fc7ff8/container.db from cache
2024-04-25 19:26:27,658 [ForkJoinPool.commonPool-worker-1] INFO  volume.HddsVolume (HddsVolume.java:closeDbStore(470)) - SchemaV3 db is stopped at /home/runner/work/ozone/ozone/hadoop-ozone/integration-test/target/test-dir/MiniOzoneClusterImpl-f82f7a4c-b7ce-4bc7-bddc-b4ce9d407ba8/ozone-meta/datanode-8/data-0/hdds/f82f7a4c-b7ce-4bc7-bddc-b4ce9d407ba8/DS-437815d9-d3da-4d28-a220-8e1fc7fc7ff8/container.db for volume DS-437815d9-d3da-4d28-a220-8e1fc7fc7ff8
2024-04-25 19:26:27,658 [ForkJoinPool.commonPool-worker-1] INFO  utils.BackgroundService (BackgroundService.java:shutdown(160)) - Shutting down service BlockDeletingService
2024-04-25 19:26:27,658 [ForkJoinPool.commonPool-worker-1] INFO  utils.BackgroundService (BackgroundService.java:shutdown(160)) - Shutting down service StaleRecoveringContainerScrubbingService
2024-04-25 19:26:27,659 [ForkJoinPool.commonPool-worker-1] INFO  statemachine.DatanodeStateMachine (DatanodeStateMachine.java:stopDaemon(638)) - Ozone container server stopped.
2024-04-25 19:26:27,659 [ForkJoinPool.commonPool-worker-1] INFO  handler.ContextHandler (ContextHandler.java:doStop(1159)) - Stopped o.e.j.w.WebAppContext@25925651{hddsDatanode,/,null,STOPPED}{file:/home/runner/work/ozone/ozone/hadoop-hdds/container-service/target/classes/webapps/hddsDatanode}
2024-04-25 19:26:27,660 [ForkJoinPool.commonPool-worker-1] INFO  server.AbstractConnector (AbstractConnector.java:doStop(383)) - Stopped ServerConnector@597d1122{HTTP/1.1, (http/1.1)}{0.0.0.0:15339}
2024-04-25 19:26:27,660 [ForkJoinPool.commonPool-worker-1] INFO  server.session (HouseKeeper.java:stopScavenging(149)) - node0 Stopped scavenging
2024-04-25 19:26:27,660 [ForkJoinPool.commonPool-worker-1] INFO  handler.ContextHandler (ContextHandler.java:doStop(1159)) - Stopped o.e.j.s.ServletContextHandler@2303832d{static,/static,file:///home/runner/work/ozone/ozone/hadoop-hdds/container-service/target/classes/webapps/static,STOPPED}
2024-04-25 19:26:27,660 [ForkJoinPool.commonPool-worker-1] INFO  handler.ContextHandler (ContextHandler.java:doStop(1159)) - Stopped o.e.j.s.ServletContextHandler@2fe6a72d{logs,/logs,file:///home/runner/work/ozone/ozone/hadoop-ozone/integration-test/target/log,STOPPED}
2024-04-25 19:26:27,660 [ForkJoinPool.commonPool-worker-1] INFO  ozone.HddsDatanodeClientProtocolServer (HddsDatanodeClientProtocolServer.java:stop(83)) - Stopping the RPC server for Client Protocol
2024-04-25 19:26:27,660 [ForkJoinPool.commonPool-worker-1] INFO  ipc.Server (Server.java:stop(3523)) - Stopping server on 15340
2024-04-25 19:26:27,661 [IPC Server listener on 15340] INFO  ipc.Server (Server.java:run(1434)) - Stopping IPC Server listener on 15340
2024-04-25 19:26:27,661 [IPC Server Responder] INFO  ipc.Server (Server.java:run(1567)) - Stopping IPC Server Responder
2024-04-25 19:26:27,662 [ForkJoinPool.commonPool-worker-1] INFO  ozoneimpl.OzoneContainer (OzoneContainer.java:stop(481)) - Attempting to stop container services.
2024-04-25 19:26:27,662 [ContainerMetadataScanner] WARN  ozoneimpl.AbstractBackgroundContainerScanner (AbstractBackgroundContainerScanner.java:handleRemainingSleep(134)) - Background container scan was interrupted.
2024-04-25 19:26:27,662 [ContainerMetadataScanner] INFO  ozoneimpl.AbstractBackgroundContainerScanner (AbstractBackgroundContainerScanner.java:run(61)) - Thread[ContainerMetadataScanner,5,main] exiting.
2024-04-25 19:26:27,662 [ForkJoinPool.commonPool-worker-1] INFO  ozoneimpl.BackgroundContainerDataScanner (BackgroundContainerDataScanner.java:shutdown(141)) - ContainerDataScanner(/home/runner/work/ozone/ozone/hadoop-ozone/integration-test/target/test-dir/MiniOzoneClusterImpl-f82f7a4c-b7ce-4bc7-bddc-b4ce9d407ba8/ozone-meta/datanode-9/data-0/hdds) is shutting down. 
2024-04-25 19:26:27,663 [ContainerDataScanner(/home/runner/work/ozone/ozone/hadoop-ozone/integration-test/target/test-dir/MiniOzoneClusterImpl-f82f7a4c-b7ce-4bc7-bddc-b4ce9d407ba8/ozone-meta/datanode-9/data-0/hdds)] WARN  ozoneimpl.AbstractBackgroundContainerScanner (AbstractBackgroundContainerScanner.java:handleRemainingSleep(134)) - Background container scan was interrupted.
2024-04-25 19:26:27,663 [ContainerDataScanner(/home/runner/work/ozone/ozone/hadoop-ozone/integration-test/target/test-dir/MiniOzoneClusterImpl-f82f7a4c-b7ce-4bc7-bddc-b4ce9d407ba8/ozone-meta/datanode-9/data-0/hdds)] INFO  ozoneimpl.AbstractBackgroundContainerScanner (AbstractBackgroundContainerScanner.java:run(61)) - ContainerDataScanner(/home/runner/work/ozone/ozone/hadoop-ozone/integration-test/target/test-dir/MiniOzoneClusterImpl-f82f7a4c-b7ce-4bc7-bddc-b4ce9d407ba8/ozone-meta/datanode-9/data-0/hdds, DS-6985adc4-5c78-46be-95ff-e06fc6defb19) exiting.
2024-04-25 19:26:27,663 [ForkJoinPool.commonPool-worker-1] INFO  server.RaftServer (RaftServerProxy.java:lambda$close$9(416)) - 88efce4d-fc58-43a4-abfe-18a1167c7495: close
2024-04-25 19:26:27,663 [88efce4d-fc58-43a4-abfe-18a1167c7495-impl-thread1] INFO  server.RaftServer$Division (RaftServerImpl.java:lambda$close$3(526)) - 88efce4d-fc58-43a4-abfe-18a1167c7495@group-D38DB2E84FBF: shutdown
2024-04-25 19:26:27,663 [88efce4d-fc58-43a4-abfe-18a1167c7495-impl-thread1] INFO  util.JmxRegister (JmxRegister.java:unregister(73)) - Successfully un-registered JMX Bean with object name Ratis:service=RaftServer,group=group-D38DB2E84FBF,id=88efce4d-fc58-43a4-abfe-18a1167c7495
2024-04-25 19:26:27,663 [ForkJoinPool.commonPool-worker-1] INFO  server.GrpcService (GrpcService.java:closeImpl(311)) - 88efce4d-fc58-43a4-abfe-18a1167c7495: shutdown server org.apache.ratis.grpc.server.GrpcClientProtocolService now
2024-04-25 19:26:27,663 [88efce4d-fc58-43a4-abfe-18a1167c7495-impl-thread1] INFO  impl.RoleInfo (RoleInfo.java:shutdownLeaderState(94)) - 88efce4d-fc58-43a4-abfe-18a1167c7495: shutdown 88efce4d-fc58-43a4-abfe-18a1167c7495@group-D38DB2E84FBF-LeaderStateImpl
2024-04-25 19:26:27,663 [88efce4d-fc58-43a4-abfe-18a1167c7495-impl-thread2] INFO  server.RaftServer$Division (RaftServerImpl.java:lambda$close$3(526)) - 88efce4d-fc58-43a4-abfe-18a1167c7495@group-EBC75CBB34F5: shutdown
2024-04-25 19:26:27,663 [88efce4d-fc58-43a4-abfe-18a1167c7495-impl-thread2] INFO  util.JmxRegister (JmxRegister.java:unregister(73)) - Successfully un-registered JMX Bean with object name Ratis:service=RaftServer,group=group-EBC75CBB34F5,id=88efce4d-fc58-43a4-abfe-18a1167c7495
2024-04-25 19:26:27,663 [88efce4d-fc58-43a4-abfe-18a1167c7495-impl-thread2] INFO  impl.RoleInfo (RoleInfo.java:shutdownLeaderState(94)) - 88efce4d-fc58-43a4-abfe-18a1167c7495: shutdown 88efce4d-fc58-43a4-abfe-18a1167c7495@group-EBC75CBB34F5-LeaderStateImpl
2024-04-25 19:26:27,663 [88efce4d-fc58-43a4-abfe-18a1167c7495-impl-thread1] INFO  impl.PendingRequests (PendingRequests.java:sendNotLeaderResponses(289)) - 88efce4d-fc58-43a4-abfe-18a1167c7495@group-D38DB2E84FBF-PendingRequests: sendNotLeaderResponses
2024-04-25 19:26:27,663 [88efce4d-fc58-43a4-abfe-18a1167c7495@group-EBC75CBB34F5->485a0214-1e55-4d9f-9e33-2b2fc5076c56-GrpcLogAppender-LogAppenderDaemon] WARN  server.GrpcLogAppender (GrpcLogAppender.java:mayWait(289)) - 88efce4d-fc58-43a4-abfe-18a1167c7495@group-EBC75CBB34F5->485a0214-1e55-4d9f-9e33-2b2fc5076c56-GrpcLogAppender: Wait interrupted by java.lang.InterruptedException
2024-04-25 19:26:27,664 [88efce4d-fc58-43a4-abfe-18a1167c7495-impl-thread2] INFO  impl.PendingRequests (PendingRequests.java:sendNotLeaderResponses(289)) - 88efce4d-fc58-43a4-abfe-18a1167c7495@group-EBC75CBB34F5-PendingRequests: sendNotLeaderResponses
2024-04-25 19:26:27,664 [Thread-4825] INFO  server.GrpcServerProtocolClient (GrpcServerProtocolClient.java:close(103)) - 9b9c1a32-defd-4a85-ab56-32b7a12f6bf5 Close channels
2024-04-25 19:26:27,664 [88efce4d-fc58-43a4-abfe-18a1167c7495@group-D38DB2E84FBF-StateMachineUpdater] INFO  ratis.ContainerStateMachine (ContainerStateMachine.java:takeSnapshot(355)) - group-D38DB2E84FBF: Taking a snapshot at:(t:1, i:0) file /home/runner/work/ozone/ozone/hadoop-ozone/integration-test/target/test-dir/MiniOzoneClusterImpl-f82f7a4c-b7ce-4bc7-bddc-b4ce9d407ba8/ozone-meta/datanode-9/ratis/42b9784e-f8ef-41c8-b54e-d38db2e84fbf/sm/snapshot.1_0
2024-04-25 19:26:27,664 [88efce4d-fc58-43a4-abfe-18a1167c7495@group-EBC75CBB34F5->9b9c1a32-defd-4a85-ab56-32b7a12f6bf5-GrpcLogAppender-LogAppenderDaemon] WARN  server.GrpcLogAppender (GrpcLogAppender.java:mayWait(289)) - 88efce4d-fc58-43a4-abfe-18a1167c7495@group-EBC75CBB34F5->9b9c1a32-defd-4a85-ab56-32b7a12f6bf5-GrpcLogAppender: Wait interrupted by java.lang.InterruptedException
2024-04-25 19:26:27,664 [88efce4d-fc58-43a4-abfe-18a1167c7495-impl-thread2] INFO  impl.StateMachineUpdater (StateMachineUpdater.java:stopAndJoin(157)) - 88efce4d-fc58-43a4-abfe-18a1167c7495@group-EBC75CBB34F5-StateMachineUpdater: set stopIndex = 0
2024-04-25 19:26:27,664 [88efce4d-fc58-43a4-abfe-18a1167c7495-impl-thread1] INFO  impl.StateMachineUpdater (StateMachineUpdater.java:stopAndJoin(157)) - 88efce4d-fc58-43a4-abfe-18a1167c7495@group-D38DB2E84FBF-StateMachineUpdater: set stopIndex = 0
2024-04-25 19:26:27,664 [Thread-4827] INFO  server.GrpcServerProtocolClient (GrpcServerProtocolClient.java:close(103)) - 485a0214-1e55-4d9f-9e33-2b2fc5076c56 Close channels
2024-04-25 19:26:27,664 [88efce4d-fc58-43a4-abfe-18a1167c7495@group-EBC75CBB34F5-StateMachineUpdater] INFO  ratis.ContainerStateMachine (ContainerStateMachine.java:takeSnapshot(355)) - group-EBC75CBB34F5: Taking a snapshot at:(t:1, i:0) file /home/runner/work/ozone/ozone/hadoop-ozone/integration-test/target/test-dir/MiniOzoneClusterImpl-f82f7a4c-b7ce-4bc7-bddc-b4ce9d407ba8/ozone-meta/datanode-9/ratis/bc1db2aa-d5fb-421f-98e2-ebc75cbb34f5/sm/snapshot.1_0
2024-04-25 19:26:27,665 [grpc-default-executor-5] INFO  server.GrpcServerProtocolService (GrpcServerProtocolService.java:onCompleted(157)) - 9b9c1a32-defd-4a85-ab56-32b7a12f6bf5: Completed APPEND_ENTRIES, lastRequest: 88efce4d-fc58-43a4-abfe-18a1167c7495->9b9c1a32-defd-4a85-ab56-32b7a12f6bf5#1-t1,previous=(t:0, i:0),leaderCommit=-1,initializing? false,entries: size=1, first=(t:1, i:0), CONFIGURATIONENTRY(current:id: "9b9c1a32-defd-4a85-ab56-32b7a12f6bf5"
address: "127.0.0.1:15335"
dataStreamAddress: "127.0.0.1:15336"
clientAddress: "127.0.0.1:15333"
adminAddress: "127.0.0.1:15334"
startupRole: FOLLOWER
,id: "88efce4d-fc58-43a4-abfe-18a1167c7495"
address: "127.0.0.1:15353"
priority: 1
dataStreamAddress: "127.0.0.1:15354"
clientAddress: "127.0.0.1:15351"
adminAddress: "127.0.0.1:15352"
startupRole: FOLLOWER
,id: "485a0214-1e55-4d9f-9e33-2b2fc5076c56"
address: "127.0.0.1:15344"
dataStreamAddress: "127.0.0.1:15345"
clientAddress: "127.0.0.1:15342"
adminAddress: "127.0.0.1:15343"
startupRole: FOLLOWER
, old:)
2024-04-25 19:26:27,665 [grpc-default-executor-5] INFO  server.GrpcServerProtocolService (GrpcServerProtocolService.java:lambda$onCompleted$5(159)) - 9b9c1a32-defd-4a85-ab56-32b7a12f6bf5: Completed APPEND_ENTRIES, lastReply: null
2024-04-25 19:26:27,665 [88efce4d-fc58-43a4-abfe-18a1167c7495@group-EBC75CBB34F5-StateMachineUpdater] INFO  ratis.ContainerStateMachine (ContainerStateMachine.java:takeSnapshot(366)) - group-EBC75CBB34F5: Finished taking a snapshot at:(t:1, i:0) file:/home/runner/work/ozone/ozone/hadoop-ozone/integration-test/target/test-dir/MiniOzoneClusterImpl-f82f7a4c-b7ce-4bc7-bddc-b4ce9d407ba8/ozone-meta/datanode-9/ratis/bc1db2aa-d5fb-421f-98e2-ebc75cbb34f5/sm/snapshot.1_0 took: 1 ms
2024-04-25 19:26:27,665 [88efce4d-fc58-43a4-abfe-18a1167c7495@group-EBC75CBB34F5-StateMachineUpdater] INFO  impl.StateMachineUpdater (StateMachineUpdater.java:takeSnapshot(295)) - 88efce4d-fc58-43a4-abfe-18a1167c7495@group-EBC75CBB34F5-StateMachineUpdater: Took a snapshot at index 0
2024-04-25 19:26:27,665 [88efce4d-fc58-43a4-abfe-18a1167c7495@group-EBC75CBB34F5-StateMachineUpdater] INFO  impl.StateMachineUpdater (StateMachineUpdater.java:lambda$new$0(98)) - 88efce4d-fc58-43a4-abfe-18a1167c7495@group-EBC75CBB34F5-StateMachineUpdater: snapshotIndex: updateIncreasingly -1 -> 0
2024-04-25 19:26:27,665 [88efce4d-fc58-43a4-abfe-18a1167c7495@group-D38DB2E84FBF-StateMachineUpdater] INFO  ratis.ContainerStateMachine (ContainerStateMachine.java:takeSnapshot(366)) - group-D38DB2E84FBF: Finished taking a snapshot at:(t:1, i:0) file:/home/runner/work/ozone/ozone/hadoop-ozone/integration-test/target/test-dir/MiniOzoneClusterImpl-f82f7a4c-b7ce-4bc7-bddc-b4ce9d407ba8/ozone-meta/datanode-9/ratis/42b9784e-f8ef-41c8-b54e-d38db2e84fbf/sm/snapshot.1_0 took: 1 ms
2024-04-25 19:26:27,666 [88efce4d-fc58-43a4-abfe-18a1167c7495-impl-thread2] INFO  server.RaftServer$Division (ServerState.java:close(427)) - 88efce4d-fc58-43a4-abfe-18a1167c7495@group-EBC75CBB34F5: applyIndex: 0
2024-04-25 19:26:27,666 [88efce4d-fc58-43a4-abfe-18a1167c7495@group-EBC75CBB34F5-cacheEviction-AwaitToRun] INFO  util.AwaitToRun (AwaitToRun.java:run(49)) - 88efce4d-fc58-43a4-abfe-18a1167c7495@group-EBC75CBB34F5-cacheEviction-AwaitToRun-AwaitForSignal is interrupted
2024-04-25 19:26:27,666 [88efce4d-fc58-43a4-abfe-18a1167c7495@group-D38DB2E84FBF-StateMachineUpdater] INFO  impl.StateMachineUpdater (StateMachineUpdater.java:takeSnapshot(295)) - 88efce4d-fc58-43a4-abfe-18a1167c7495@group-D38DB2E84FBF-StateMachineUpdater: Took a snapshot at index 0
2024-04-25 19:26:27,666 [88efce4d-fc58-43a4-abfe-18a1167c7495@group-D38DB2E84FBF-StateMachineUpdater] INFO  impl.StateMachineUpdater (StateMachineUpdater.java:lambda$new$0(98)) - 88efce4d-fc58-43a4-abfe-18a1167c7495@group-D38DB2E84FBF-StateMachineUpdater: snapshotIndex: updateIncreasingly -1 -> 0
2024-04-25 19:26:27,666 [88efce4d-fc58-43a4-abfe-18a1167c7495-impl-thread1] INFO  server.RaftServer$Division (ServerState.java:close(427)) - 88efce4d-fc58-43a4-abfe-18a1167c7495@group-D38DB2E84FBF: applyIndex: 0
2024-04-25 19:26:27,666 [88efce4d-fc58-43a4-abfe-18a1167c7495@group-D38DB2E84FBF-cacheEviction-AwaitToRun] INFO  util.AwaitToRun (AwaitToRun.java:run(49)) - 88efce4d-fc58-43a4-abfe-18a1167c7495@group-D38DB2E84FBF-cacheEviction-AwaitToRun-AwaitForSignal is interrupted
2024-04-25 19:26:27,666 [grpc-default-executor-5] INFO  server.GrpcServerProtocolService (GrpcServerProtocolService.java:onCompleted(157)) - 9b9c1a32-defd-4a85-ab56-32b7a12f6bf5: Completed APPEND_ENTRIES, lastRequest: null
2024-04-25 19:26:27,666 [grpc-default-executor-1] INFO  server.GrpcLogAppender (GrpcLogAppender.java:onCompleted(546)) - 88efce4d-fc58-43a4-abfe-18a1167c7495@group-EBC75CBB34F5->9b9c1a32-defd-4a85-ab56-32b7a12f6bf5-AppendLogResponseHandler: follower responses appendEntries COMPLETED
2024-04-25 19:26:27,667 [grpc-default-executor-1] WARN  server.GrpcLogAppender (GrpcLogAppender.java:resetClient(226)) - 88efce4d-fc58-43a4-abfe-18a1167c7495@group-EBC75CBB34F5->9b9c1a32-defd-4a85-ab56-32b7a12f6bf5-GrpcLogAppender: Failed to getClient for 9b9c1a32-defd-4a85-ab56-32b7a12f6bf5
org.apache.ratis.protocol.exceptions.AlreadyClosedException: 88efce4d-fc58-43a4-abfe-18a1167c7495 is already CLOSED
	at org.apache.ratis.util.PeerProxyMap$PeerAndProxy.getProxy(PeerProxyMap.java:65)
	at org.apache.ratis.util.PeerProxyMap.getProxy(PeerProxyMap.java:114)
	at org.apache.ratis.grpc.server.GrpcLogAppender.getClient(GrpcLogAppender.java:196)
	at org.apache.ratis.grpc.server.GrpcLogAppender.resetClient(GrpcLogAppender.java:201)
	at org.apache.ratis.grpc.server.GrpcLogAppender.access$800(GrpcLogAppender.java:62)
	at org.apache.ratis.grpc.server.GrpcLogAppender$AppendLogResponseHandler.onCompleted(GrpcLogAppender.java:547)
	at org.apache.ratis.thirdparty.io.grpc.stub.ClientCalls$StreamObserverToCallListenerAdapter.onClose(ClientCalls.java:479)
	at org.apache.ratis.thirdparty.io.grpc.internal.ClientCallImpl.closeObserver(ClientCallImpl.java:567)
	at org.apache.ratis.thirdparty.io.grpc.internal.ClientCallImpl.access$300(ClientCallImpl.java:71)
	at org.apache.ratis.thirdparty.io.grpc.internal.ClientCallImpl$ClientStreamListenerImpl$1StreamClosed.runInternal(ClientCallImpl.java:735)
	at org.apache.ratis.thirdparty.io.grpc.internal.ClientCallImpl$ClientStreamListenerImpl$1StreamClosed.runInContext(ClientCallImpl.java:716)
	at org.apache.ratis.thirdparty.io.grpc.internal.ContextRunnable.run(ContextRunnable.java:37)
	at org.apache.ratis.thirdparty.io.grpc.internal.SerializingExecutor.run(SerializingExecutor.java:133)
	at java.base/java.util.concurrent.ThreadPoolExecutor.runWorker(ThreadPoolExecutor.java:1136)
	at java.base/java.util.concurrent.ThreadPoolExecutor$Worker.run(ThreadPoolExecutor.java:635)
	at java.base/java.lang.Thread.run(Thread.java:840)
2024-04-25 19:26:27,667 [grpc-default-executor-5] INFO  server.GrpcServerProtocolService (GrpcServerProtocolService.java:lambda$onCompleted$5(159)) - 9b9c1a32-defd-4a85-ab56-32b7a12f6bf5: Completed APPEND_ENTRIES, lastReply: serverReply {
  requestorId: "88efce4d-fc58-43a4-abfe-18a1167c7495"
  replyId: "9b9c1a32-defd-4a85-ab56-32b7a12f6bf5"
  raftGroupId {
    id: "\274\035\262\252\325\373B\037\230\342\353\307\\\2734\365"
  }
  callId: 9
  success: true
}
term: 1
nextIndex: 1
matchIndex: 18446744073709551615
isHearbeat: true

2024-04-25 19:26:27,667 [grpc-default-executor-5] INFO  server.GrpcLogAppender (GrpcLogAppender.java:onCompleted(546)) - 88efce4d-fc58-43a4-abfe-18a1167c7495@group-EBC75CBB34F5->9b9c1a32-defd-4a85-ab56-32b7a12f6bf5-AppendLogResponseHandler: follower responses appendEntries COMPLETED
2024-04-25 19:26:27,667 [grpc-default-executor-5] WARN  server.GrpcLogAppender (GrpcLogAppender.java:resetClient(226)) - 88efce4d-fc58-43a4-abfe-18a1167c7495@group-EBC75CBB34F5->9b9c1a32-defd-4a85-ab56-32b7a12f6bf5-GrpcLogAppender: Failed to getClient for 9b9c1a32-defd-4a85-ab56-32b7a12f6bf5
org.apache.ratis.protocol.exceptions.AlreadyClosedException: 88efce4d-fc58-43a4-abfe-18a1167c7495 is already CLOSED
	at org.apache.ratis.util.PeerProxyMap$PeerAndProxy.getProxy(PeerProxyMap.java:65)
	at org.apache.ratis.util.PeerProxyMap.getProxy(PeerProxyMap.java:114)
	at org.apache.ratis.grpc.server.GrpcLogAppender.getClient(GrpcLogAppender.java:196)
	at org.apache.ratis.grpc.server.GrpcLogAppender.resetClient(GrpcLogAppender.java:201)
	at org.apache.ratis.grpc.server.GrpcLogAppender.access$800(GrpcLogAppender.java:62)
	at org.apache.ratis.grpc.server.GrpcLogAppender$AppendLogResponseHandler.onCompleted(GrpcLogAppender.java:547)
	at org.apache.ratis.thirdparty.io.grpc.stub.ClientCalls$StreamObserverToCallListenerAdapter.onClose(ClientCalls.java:479)
	at org.apache.ratis.thirdparty.io.grpc.internal.DelayedClientCall$DelayedListener$3.run(DelayedClientCall.java:489)
	at org.apache.ratis.thirdparty.io.grpc.internal.DelayedClientCall$DelayedListener.delayOrExecute(DelayedClientCall.java:453)
	at org.apache.ratis.thirdparty.io.grpc.internal.DelayedClientCall$DelayedListener.onClose(DelayedClientCall.java:486)
	at org.apache.ratis.thirdparty.io.grpc.internal.ClientCallImpl.closeObserver(ClientCallImpl.java:567)
	at org.apache.ratis.thirdparty.io.grpc.internal.ClientCallImpl.access$300(ClientCallImpl.java:71)
	at org.apache.ratis.thirdparty.io.grpc.internal.ClientCallImpl$ClientStreamListenerImpl$1StreamClosed.runInternal(ClientCallImpl.java:735)
	at org.apache.ratis.thirdparty.io.grpc.internal.ClientCallImpl$ClientStreamListenerImpl$1StreamClosed.runInContext(ClientCallImpl.java:716)
	at org.apache.ratis.thirdparty.io.grpc.internal.ContextRunnable.run(ContextRunnable.java:37)
	at org.apache.ratis.thirdparty.io.grpc.internal.SerializingExecutor.run(SerializingExecutor.java:133)
	at java.base/java.util.concurrent.ThreadPoolExecutor.runWorker(ThreadPoolExecutor.java:1136)
	at java.base/java.util.concurrent.ThreadPoolExecutor$Worker.run(ThreadPoolExecutor.java:635)
	at java.base/java.lang.Thread.run(Thread.java:840)
2024-04-25 19:26:27,668 [ForkJoinPool.commonPool-worker-1] INFO  server.GrpcService (GrpcService.java:closeImpl(320)) - 88efce4d-fc58-43a4-abfe-18a1167c7495: shutdown server org.apache.ratis.grpc.server.GrpcClientProtocolService successfully
2024-04-25 19:26:27,668 [ForkJoinPool.commonPool-worker-1] INFO  server.GrpcService (GrpcService.java:closeImpl(311)) - 88efce4d-fc58-43a4-abfe-18a1167c7495: shutdown server GrpcServerProtocolService now
2024-04-25 19:26:27,668 [ForkJoinPool.commonPool-worker-1] INFO  server.GrpcService (GrpcService.java:closeImpl(320)) - 88efce4d-fc58-43a4-abfe-18a1167c7495: shutdown server GrpcServerProtocolService successfully
2024-04-25 19:26:27,668 [ForkJoinPool.commonPool-worker-1] INFO  server.GrpcService (GrpcService.java:closeImpl(311)) - 88efce4d-fc58-43a4-abfe-18a1167c7495: shutdown server org.apache.ratis.grpc.server.GrpcAdminProtocolService now
2024-04-25 19:26:27,669 [ForkJoinPool.commonPool-worker-1] INFO  server.GrpcService (GrpcService.java:closeImpl(320)) - 88efce4d-fc58-43a4-abfe-18a1167c7495: shutdown server org.apache.ratis.grpc.server.GrpcAdminProtocolService successfully
2024-04-25 19:26:27,671 [88efce4d-fc58-43a4-abfe-18a1167c7495-NettyServerStreamRpc-bossGroup--thread1] INFO  logging.LoggingHandler (AbstractInternalLogger.java:log(148)) - [id: 0xfe486b73, L:/0.0.0.0:15354] CLOSE
2024-04-25 19:26:27,671 [88efce4d-fc58-43a4-abfe-18a1167c7495-NettyServerStreamRpc-bossGroup--thread1] INFO  logging.LoggingHandler (AbstractInternalLogger.java:log(148)) - [id: 0xfe486b73, L:/0.0.0.0:15354] INACTIVE
2024-04-25 19:26:27,671 [88efce4d-fc58-43a4-abfe-18a1167c7495-NettyServerStreamRpc-bossGroup--thread1] INFO  logging.LoggingHandler (AbstractInternalLogger.java:log(148)) - [id: 0xfe486b73, L:/0.0.0.0:15354] UNREGISTERED
2024-04-25 19:26:27,735 [88efce4d-fc58-43a4-abfe-18a1167c7495-impl-thread1] INFO  segmented.SegmentedRaftLogWorker (SegmentedRaftLogWorker.java:close(245)) - 88efce4d-fc58-43a4-abfe-18a1167c7495@group-D38DB2E84FBF-SegmentedRaftLogWorker close()
2024-04-25 19:26:28,249 [ForkJoinPool.commonPool-worker-4] INFO  utils.DatanodeStoreCache (DatanodeStoreCache.java:shutdownCache(116)) - Skip clearing cache in mini cluster mode. Entries left: [/home/runner/work/ozone/ozone/hadoop-ozone/integration-test/target/test-dir/MiniOzoneClusterImpl-f82f7a4c-b7ce-4bc7-bddc-b4ce9d407ba8/ozone-meta/datanode-1/data-0/hdds/f82f7a4c-b7ce-4bc7-bddc-b4ce9d407ba8/DS-17a4e9de-4788-4dde-83de-3c959ee81645/container.db, /home/runner/work/ozone/ozone/hadoop-ozone/integration-test/target/test-dir/MiniOzoneClusterImpl-f82f7a4c-b7ce-4bc7-bddc-b4ce9d407ba8/ozone-meta/datanode-2/data-0/hdds/f82f7a4c-b7ce-4bc7-bddc-b4ce9d407ba8/DS-e275a4d8-33c9-4937-b4b5-9aee03b12aa4/container.db, /home/runner/work/ozone/ozone/hadoop-ozone/integration-test/target/test-dir/MiniOzoneClusterImpl-f82f7a4c-b7ce-4bc7-bddc-b4ce9d407ba8/ozone-meta/datanode-3/data-0/hdds/f82f7a4c-b7ce-4bc7-bddc-b4ce9d407ba8/DS-0417ca2a-3836-4e74-9b27-97462ad037a8/container.db, /home/runner/work/ozone/ozone/hadoop-ozone/integration-test/target/test-dir/MiniOzoneClusterImpl-f82f7a4c-b7ce-4bc7-bddc-b4ce9d407ba8/ozone-meta/datanode-4/data-0/hdds/f82f7a4c-b7ce-4bc7-bddc-b4ce9d407ba8/DS-7df831fa-3f58-49d3-89a5-b1982aace258/container.db, /home/runner/work/ozone/ozone/hadoop-ozone/integration-test/target/test-dir/MiniOzoneClusterImpl-f82f7a4c-b7ce-4bc7-bddc-b4ce9d407ba8/ozone-meta/datanode-5/data-0/hdds/f82f7a4c-b7ce-4bc7-bddc-b4ce9d407ba8/DS-455ea7ab-0b92-455e-8289-ac6fd881f40f/container.db, /home/runner/work/ozone/ozone/hadoop-ozone/integration-test/target/test-dir/MiniOzoneClusterImpl-f82f7a4c-b7ce-4bc7-bddc-b4ce9d407ba8/ozone-meta/datanode-6/data-0/hdds/f82f7a4c-b7ce-4bc7-bddc-b4ce9d407ba8/DS-22b00d7a-7303-4f54-8844-78969491cb16/container.db, /home/runner/work/ozone/ozone/hadoop-ozone/integration-test/target/test-dir/MiniOzoneClusterImpl-f82f7a4c-b7ce-4bc7-bddc-b4ce9d407ba8/ozone-meta/datanode-7/data-0/hdds/f82f7a4c-b7ce-4bc7-bddc-b4ce9d407ba8/DS-21339e86-6d57-4e25-bf79-109907f94477/container.db, /home/runner/work/ozone/ozone/hadoop-ozone/integration-test/target/test-dir/MiniOzoneClusterImpl-f82f7a4c-b7ce-4bc7-bddc-b4ce9d407ba8/ozone-meta/datanode-9/data-0/hdds/f82f7a4c-b7ce-4bc7-bddc-b4ce9d407ba8/DS-6985adc4-5c78-46be-95ff-e06fc6defb19/container.db]
2024-04-25 19:26:28,250 [ForkJoinPool.commonPool-worker-4] INFO  utils.DatanodeStoreCache (DatanodeStoreCache.java:removeDB(110)) - Removed db /home/runner/work/ozone/ozone/hadoop-ozone/integration-test/target/test-dir/MiniOzoneClusterImpl-f82f7a4c-b7ce-4bc7-bddc-b4ce9d407ba8/ozone-meta/datanode-2/data-0/hdds/f82f7a4c-b7ce-4bc7-bddc-b4ce9d407ba8/DS-e275a4d8-33c9-4937-b4b5-9aee03b12aa4/container.db from cache
2024-04-25 19:26:28,250 [ForkJoinPool.commonPool-worker-4] INFO  volume.HddsVolume (HddsVolume.java:closeDbStore(470)) - SchemaV3 db is stopped at /home/runner/work/ozone/ozone/hadoop-ozone/integration-test/target/test-dir/MiniOzoneClusterImpl-f82f7a4c-b7ce-4bc7-bddc-b4ce9d407ba8/ozone-meta/datanode-2/data-0/hdds/f82f7a4c-b7ce-4bc7-bddc-b4ce9d407ba8/DS-e275a4d8-33c9-4937-b4b5-9aee03b12aa4/container.db for volume DS-e275a4d8-33c9-4937-b4b5-9aee03b12aa4
2024-04-25 19:26:28,250 [ForkJoinPool.commonPool-worker-4] INFO  utils.BackgroundService (BackgroundService.java:shutdown(160)) - Shutting down service BlockDeletingService
2024-04-25 19:26:28,250 [ForkJoinPool.commonPool-worker-4] INFO  utils.BackgroundService (BackgroundService.java:shutdown(160)) - Shutting down service StaleRecoveringContainerScrubbingService
2024-04-25 19:26:28,250 [ForkJoinPool.commonPool-worker-4] INFO  statemachine.DatanodeStateMachine (DatanodeStateMachine.java:stopDaemon(638)) - Ozone container server stopped.
2024-04-25 19:26:28,251 [ForkJoinPool.commonPool-worker-4] INFO  handler.ContextHandler (ContextHandler.java:doStop(1159)) - Stopped o.e.j.w.WebAppContext@30ba29cf{hddsDatanode,/,null,STOPPED}{file:/home/runner/work/ozone/ozone/hadoop-hdds/container-service/target/classes/webapps/hddsDatanode}
2024-04-25 19:26:28,251 [ForkJoinPool.commonPool-worker-4] INFO  server.AbstractConnector (AbstractConnector.java:doStop(383)) - Stopped ServerConnector@32016cf3{HTTP/1.1, (http/1.1)}{0.0.0.0:15285}
2024-04-25 19:26:28,251 [ForkJoinPool.commonPool-worker-4] INFO  server.session (HouseKeeper.java:stopScavenging(149)) - node0 Stopped scavenging
2024-04-25 19:26:28,251 [ForkJoinPool.commonPool-worker-4] INFO  handler.ContextHandler (ContextHandler.java:doStop(1159)) - Stopped o.e.j.s.ServletContextHandler@202684ba{static,/static,file:///home/runner/work/ozone/ozone/hadoop-hdds/container-service/target/classes/webapps/static,STOPPED}
2024-04-25 19:26:28,251 [ForkJoinPool.commonPool-worker-4] INFO  handler.ContextHandler (ContextHandler.java:doStop(1159)) - Stopped o.e.j.s.ServletContextHandler@6acc424e{logs,/logs,file:///home/runner/work/ozone/ozone/hadoop-ozone/integration-test/target/log,STOPPED}
2024-04-25 19:26:28,252 [ForkJoinPool.commonPool-worker-4] INFO  ozone.HddsDatanodeClientProtocolServer (HddsDatanodeClientProtocolServer.java:stop(83)) - Stopping the RPC server for Client Protocol
2024-04-25 19:26:28,252 [ForkJoinPool.commonPool-worker-4] INFO  ipc.Server (Server.java:stop(3523)) - Stopping server on 15286
2024-04-25 19:26:28,252 [IPC Server listener on 15286] INFO  ipc.Server (Server.java:run(1434)) - Stopping IPC Server listener on 15286
2024-04-25 19:26:28,252 [IPC Server Responder] INFO  ipc.Server (Server.java:run(1567)) - Stopping IPC Server Responder
2024-04-25 19:26:28,253 [ForkJoinPool.commonPool-worker-4] INFO  ozoneimpl.OzoneContainer (OzoneContainer.java:stop(481)) - Attempting to stop container services.
2024-04-25 19:26:28,253 [ContainerMetadataScanner] WARN  ozoneimpl.AbstractBackgroundContainerScanner (AbstractBackgroundContainerScanner.java:handleRemainingSleep(134)) - Background container scan was interrupted.
2024-04-25 19:26:28,254 [ContainerMetadataScanner] INFO  ozoneimpl.AbstractBackgroundContainerScanner (AbstractBackgroundContainerScanner.java:run(61)) - Thread[ContainerMetadataScanner,5,main] exiting.
2024-04-25 19:26:28,254 [ForkJoinPool.commonPool-worker-4] INFO  ozoneimpl.BackgroundContainerDataScanner (BackgroundContainerDataScanner.java:shutdown(141)) - ContainerDataScanner(/home/runner/work/ozone/ozone/hadoop-ozone/integration-test/target/test-dir/MiniOzoneClusterImpl-f82f7a4c-b7ce-4bc7-bddc-b4ce9d407ba8/ozone-meta/datanode-1/data-0/hdds) is shutting down. 
2024-04-25 19:26:28,254 [ContainerDataScanner(/home/runner/work/ozone/ozone/hadoop-ozone/integration-test/target/test-dir/MiniOzoneClusterImpl-f82f7a4c-b7ce-4bc7-bddc-b4ce9d407ba8/ozone-meta/datanode-1/data-0/hdds)] WARN  ozoneimpl.AbstractBackgroundContainerScanner (AbstractBackgroundContainerScanner.java:handleRemainingSleep(134)) - Background container scan was interrupted.
2024-04-25 19:26:28,254 [ContainerDataScanner(/home/runner/work/ozone/ozone/hadoop-ozone/integration-test/target/test-dir/MiniOzoneClusterImpl-f82f7a4c-b7ce-4bc7-bddc-b4ce9d407ba8/ozone-meta/datanode-1/data-0/hdds)] INFO  ozoneimpl.AbstractBackgroundContainerScanner (AbstractBackgroundContainerScanner.java:run(61)) - ContainerDataScanner(/home/runner/work/ozone/ozone/hadoop-ozone/integration-test/target/test-dir/MiniOzoneClusterImpl-f82f7a4c-b7ce-4bc7-bddc-b4ce9d407ba8/ozone-meta/datanode-1/data-0/hdds, DS-17a4e9de-4788-4dde-83de-3c959ee81645) exiting.
2024-04-25 19:26:28,254 [ForkJoinPool.commonPool-worker-4] INFO  server.RaftServer (RaftServerProxy.java:lambda$close$9(416)) - 4945050d-eb1e-4df3-bd8a-540f8ab6232f: close
2024-04-25 19:26:28,254 [4945050d-eb1e-4df3-bd8a-540f8ab6232f-impl-thread1] INFO  server.RaftServer$Division (RaftServerImpl.java:lambda$close$3(526)) - 4945050d-eb1e-4df3-bd8a-540f8ab6232f@group-6861FFED6B0C: shutdown
2024-04-25 19:26:28,254 [4945050d-eb1e-4df3-bd8a-540f8ab6232f-impl-thread1] INFO  util.JmxRegister (JmxRegister.java:unregister(73)) - Successfully un-registered JMX Bean with object name Ratis:service=RaftServer,group=group-6861FFED6B0C,id=4945050d-eb1e-4df3-bd8a-540f8ab6232f
2024-04-25 19:26:28,254 [4945050d-eb1e-4df3-bd8a-540f8ab6232f-impl-thread1] INFO  impl.RoleInfo (RoleInfo.java:shutdownFollowerState(110)) - 4945050d-eb1e-4df3-bd8a-540f8ab6232f: shutdown 4945050d-eb1e-4df3-bd8a-540f8ab6232f@group-6861FFED6B0C-FollowerState
2024-04-25 19:26:28,254 [ForkJoinPool.commonPool-worker-4] INFO  server.GrpcService (GrpcService.java:closeImpl(311)) - 4945050d-eb1e-4df3-bd8a-540f8ab6232f: shutdown server org.apache.ratis.grpc.server.GrpcClientProtocolService now
2024-04-25 19:26:28,254 [4945050d-eb1e-4df3-bd8a-540f8ab6232f@group-6861FFED6B0C-FollowerState] INFO  impl.FollowerState (FollowerState.java:run(152)) - 4945050d-eb1e-4df3-bd8a-540f8ab6232f@group-6861FFED6B0C-FollowerState was interrupted
2024-04-25 19:26:28,254 [4945050d-eb1e-4df3-bd8a-540f8ab6232f-impl-thread1] INFO  impl.StateMachineUpdater (StateMachineUpdater.java:stopAndJoin(157)) - 4945050d-eb1e-4df3-bd8a-540f8ab6232f@group-6861FFED6B0C-StateMachineUpdater: set stopIndex = 0
2024-04-25 19:26:28,255 [4945050d-eb1e-4df3-bd8a-540f8ab6232f-impl-thread2] INFO  server.RaftServer$Division (RaftServerImpl.java:lambda$close$3(526)) - 4945050d-eb1e-4df3-bd8a-540f8ab6232f@group-F88E56931252: shutdown
2024-04-25 19:26:28,255 [4945050d-eb1e-4df3-bd8a-540f8ab6232f-impl-thread2] INFO  util.JmxRegister (JmxRegister.java:unregister(73)) - Successfully un-registered JMX Bean with object name Ratis:service=RaftServer,group=group-F88E56931252,id=4945050d-eb1e-4df3-bd8a-540f8ab6232f
2024-04-25 19:26:28,255 [4945050d-eb1e-4df3-bd8a-540f8ab6232f-impl-thread2] INFO  impl.RoleInfo (RoleInfo.java:shutdownLeaderState(94)) - 4945050d-eb1e-4df3-bd8a-540f8ab6232f: shutdown 4945050d-eb1e-4df3-bd8a-540f8ab6232f@group-F88E56931252-LeaderStateImpl
2024-04-25 19:26:28,255 [4945050d-eb1e-4df3-bd8a-540f8ab6232f-impl-thread2] INFO  impl.PendingRequests (PendingRequests.java:sendNotLeaderResponses(289)) - 4945050d-eb1e-4df3-bd8a-540f8ab6232f@group-F88E56931252-PendingRequests: sendNotLeaderResponses
2024-04-25 19:26:28,255 [4945050d-eb1e-4df3-bd8a-540f8ab6232f@group-6861FFED6B0C-StateMachineUpdater] INFO  ratis.ContainerStateMachine (ContainerStateMachine.java:takeSnapshot(355)) - group-6861FFED6B0C: Taking a snapshot at:(t:1, i:0) file /home/runner/work/ozone/ozone/hadoop-ozone/integration-test/target/test-dir/MiniOzoneClusterImpl-f82f7a4c-b7ce-4bc7-bddc-b4ce9d407ba8/ozone-meta/datanode-1/ratis/1c4a0937-556e-49ca-b55d-6861ffed6b0c/sm/snapshot.1_0
2024-04-25 19:26:28,255 [4945050d-eb1e-4df3-bd8a-540f8ab6232f-impl-thread2] INFO  impl.StateMachineUpdater (StateMachineUpdater.java:stopAndJoin(157)) - 4945050d-eb1e-4df3-bd8a-540f8ab6232f@group-F88E56931252-StateMachineUpdater: set stopIndex = 0
2024-04-25 19:26:28,255 [4945050d-eb1e-4df3-bd8a-540f8ab6232f@group-F88E56931252-StateMachineUpdater] INFO  ratis.ContainerStateMachine (ContainerStateMachine.java:takeSnapshot(355)) - group-F88E56931252: Taking a snapshot at:(t:1, i:0) file /home/runner/work/ozone/ozone/hadoop-ozone/integration-test/target/test-dir/MiniOzoneClusterImpl-f82f7a4c-b7ce-4bc7-bddc-b4ce9d407ba8/ozone-meta/datanode-1/ratis/b39c89f4-8c5d-4b78-9148-f88e56931252/sm/snapshot.1_0
2024-04-25 19:26:28,255 [ForkJoinPool.commonPool-worker-4] INFO  server.GrpcService (GrpcService.java:closeImpl(320)) - 4945050d-eb1e-4df3-bd8a-540f8ab6232f: shutdown server org.apache.ratis.grpc.server.GrpcClientProtocolService successfully
2024-04-25 19:26:28,256 [ForkJoinPool.commonPool-worker-4] INFO  server.GrpcService (GrpcService.java:closeImpl(311)) - 4945050d-eb1e-4df3-bd8a-540f8ab6232f: shutdown server GrpcServerProtocolService now
2024-04-25 19:26:28,256 [4945050d-eb1e-4df3-bd8a-540f8ab6232f@group-6861FFED6B0C-StateMachineUpdater] INFO  ratis.ContainerStateMachine (ContainerStateMachine.java:takeSnapshot(366)) - group-6861FFED6B0C: Finished taking a snapshot at:(t:1, i:0) file:/home/runner/work/ozone/ozone/hadoop-ozone/integration-test/target/test-dir/MiniOzoneClusterImpl-f82f7a4c-b7ce-4bc7-bddc-b4ce9d407ba8/ozone-meta/datanode-1/ratis/1c4a0937-556e-49ca-b55d-6861ffed6b0c/sm/snapshot.1_0 took: 1 ms
2024-04-25 19:26:28,256 [ForkJoinPool.commonPool-worker-4] INFO  server.GrpcService (GrpcService.java:closeImpl(320)) - 4945050d-eb1e-4df3-bd8a-540f8ab6232f: shutdown server GrpcServerProtocolService successfully
2024-04-25 19:26:28,256 [ForkJoinPool.commonPool-worker-4] INFO  server.GrpcService (GrpcService.java:closeImpl(311)) - 4945050d-eb1e-4df3-bd8a-540f8ab6232f: shutdown server org.apache.ratis.grpc.server.GrpcAdminProtocolService now
2024-04-25 19:26:28,256 [4945050d-eb1e-4df3-bd8a-540f8ab6232f@group-F88E56931252-StateMachineUpdater] INFO  ratis.ContainerStateMachine (ContainerStateMachine.java:takeSnapshot(366)) - group-F88E56931252: Finished taking a snapshot at:(t:1, i:0) file:/home/runner/work/ozone/ozone/hadoop-ozone/integration-test/target/test-dir/MiniOzoneClusterImpl-f82f7a4c-b7ce-4bc7-bddc-b4ce9d407ba8/ozone-meta/datanode-1/ratis/b39c89f4-8c5d-4b78-9148-f88e56931252/sm/snapshot.1_0 took: 1 ms
2024-04-25 19:26:28,256 [4945050d-eb1e-4df3-bd8a-540f8ab6232f@group-F88E56931252-StateMachineUpdater] INFO  impl.StateMachineUpdater (StateMachineUpdater.java:takeSnapshot(295)) - 4945050d-eb1e-4df3-bd8a-540f8ab6232f@group-F88E56931252-StateMachineUpdater: Took a snapshot at index 0
2024-04-25 19:26:28,256 [4945050d-eb1e-4df3-bd8a-540f8ab6232f@group-F88E56931252-StateMachineUpdater] INFO  impl.StateMachineUpdater (StateMachineUpdater.java:lambda$new$0(98)) - 4945050d-eb1e-4df3-bd8a-540f8ab6232f@group-F88E56931252-StateMachineUpdater: snapshotIndex: updateIncreasingly -1 -> 0
2024-04-25 19:26:28,256 [4945050d-eb1e-4df3-bd8a-540f8ab6232f@group-6861FFED6B0C-StateMachineUpdater] INFO  impl.StateMachineUpdater (StateMachineUpdater.java:takeSnapshot(295)) - 4945050d-eb1e-4df3-bd8a-540f8ab6232f@group-6861FFED6B0C-StateMachineUpdater: Took a snapshot at index 0
2024-04-25 19:26:28,256 [4945050d-eb1e-4df3-bd8a-540f8ab6232f@group-6861FFED6B0C-StateMachineUpdater] INFO  impl.StateMachineUpdater (StateMachineUpdater.java:lambda$new$0(98)) - 4945050d-eb1e-4df3-bd8a-540f8ab6232f@group-6861FFED6B0C-StateMachineUpdater: snapshotIndex: updateIncreasingly -1 -> 0
2024-04-25 19:26:28,257 [4945050d-eb1e-4df3-bd8a-540f8ab6232f-impl-thread2] INFO  server.RaftServer$Division (ServerState.java:close(427)) - 4945050d-eb1e-4df3-bd8a-540f8ab6232f@group-F88E56931252: applyIndex: 0
2024-04-25 19:26:28,257 [4945050d-eb1e-4df3-bd8a-540f8ab6232f-impl-thread1] INFO  server.RaftServer$Division (ServerState.java:close(427)) - 4945050d-eb1e-4df3-bd8a-540f8ab6232f@group-6861FFED6B0C: applyIndex: 0
2024-04-25 19:26:28,257 [ForkJoinPool.commonPool-worker-4] INFO  server.GrpcService (GrpcService.java:closeImpl(320)) - 4945050d-eb1e-4df3-bd8a-540f8ab6232f: shutdown server org.apache.ratis.grpc.server.GrpcAdminProtocolService successfully
2024-04-25 19:26:28,257 [4945050d-eb1e-4df3-bd8a-540f8ab6232f@group-6861FFED6B0C-cacheEviction-AwaitToRun] INFO  util.AwaitToRun (AwaitToRun.java:run(49)) - 4945050d-eb1e-4df3-bd8a-540f8ab6232f@group-6861FFED6B0C-cacheEviction-AwaitToRun-AwaitForSignal is interrupted
2024-04-25 19:26:28,258 [4945050d-eb1e-4df3-bd8a-540f8ab6232f@group-F88E56931252-cacheEviction-AwaitToRun] INFO  util.AwaitToRun (AwaitToRun.java:run(49)) - 4945050d-eb1e-4df3-bd8a-540f8ab6232f@group-F88E56931252-cacheEviction-AwaitToRun-AwaitForSignal is interrupted
2024-04-25 19:26:28,259 [4945050d-eb1e-4df3-bd8a-540f8ab6232f-NettyServerStreamRpc-bossGroup--thread1] INFO  logging.LoggingHandler (AbstractInternalLogger.java:log(148)) - [id: 0xb7cddb66, L:/0.0.0.0:15282] CLOSE
2024-04-25 19:26:28,259 [4945050d-eb1e-4df3-bd8a-540f8ab6232f-NettyServerStreamRpc-bossGroup--thread1] INFO  logging.LoggingHandler (AbstractInternalLogger.java:log(148)) - [id: 0xb7cddb66, L:/0.0.0.0:15282] INACTIVE
2024-04-25 19:26:28,260 [4945050d-eb1e-4df3-bd8a-540f8ab6232f-NettyServerStreamRpc-bossGroup--thread1] INFO  logging.LoggingHandler (AbstractInternalLogger.java:log(148)) - [id: 0xb7cddb66, L:/0.0.0.0:15282] UNREGISTERED
2024-04-25 19:26:28,293 [ForkJoinPool.commonPool-worker-2] INFO  utils.DatanodeStoreCache (DatanodeStoreCache.java:shutdownCache(116)) - Skip clearing cache in mini cluster mode. Entries left: [/home/runner/work/ozone/ozone/hadoop-ozone/integration-test/target/test-dir/MiniOzoneClusterImpl-f82f7a4c-b7ce-4bc7-bddc-b4ce9d407ba8/ozone-meta/datanode-1/data-0/hdds/f82f7a4c-b7ce-4bc7-bddc-b4ce9d407ba8/DS-17a4e9de-4788-4dde-83de-3c959ee81645/container.db, /home/runner/work/ozone/ozone/hadoop-ozone/integration-test/target/test-dir/MiniOzoneClusterImpl-f82f7a4c-b7ce-4bc7-bddc-b4ce9d407ba8/ozone-meta/datanode-3/data-0/hdds/f82f7a4c-b7ce-4bc7-bddc-b4ce9d407ba8/DS-0417ca2a-3836-4e74-9b27-97462ad037a8/container.db, /home/runner/work/ozone/ozone/hadoop-ozone/integration-test/target/test-dir/MiniOzoneClusterImpl-f82f7a4c-b7ce-4bc7-bddc-b4ce9d407ba8/ozone-meta/datanode-4/data-0/hdds/f82f7a4c-b7ce-4bc7-bddc-b4ce9d407ba8/DS-7df831fa-3f58-49d3-89a5-b1982aace258/container.db, /home/runner/work/ozone/ozone/hadoop-ozone/integration-test/target/test-dir/MiniOzoneClusterImpl-f82f7a4c-b7ce-4bc7-bddc-b4ce9d407ba8/ozone-meta/datanode-5/data-0/hdds/f82f7a4c-b7ce-4bc7-bddc-b4ce9d407ba8/DS-455ea7ab-0b92-455e-8289-ac6fd881f40f/container.db, /home/runner/work/ozone/ozone/hadoop-ozone/integration-test/target/test-dir/MiniOzoneClusterImpl-f82f7a4c-b7ce-4bc7-bddc-b4ce9d407ba8/ozone-meta/datanode-6/data-0/hdds/f82f7a4c-b7ce-4bc7-bddc-b4ce9d407ba8/DS-22b00d7a-7303-4f54-8844-78969491cb16/container.db, /home/runner/work/ozone/ozone/hadoop-ozone/integration-test/target/test-dir/MiniOzoneClusterImpl-f82f7a4c-b7ce-4bc7-bddc-b4ce9d407ba8/ozone-meta/datanode-7/data-0/hdds/f82f7a4c-b7ce-4bc7-bddc-b4ce9d407ba8/DS-21339e86-6d57-4e25-bf79-109907f94477/container.db, /home/runner/work/ozone/ozone/hadoop-ozone/integration-test/target/test-dir/MiniOzoneClusterImpl-f82f7a4c-b7ce-4bc7-bddc-b4ce9d407ba8/ozone-meta/datanode-9/data-0/hdds/f82f7a4c-b7ce-4bc7-bddc-b4ce9d407ba8/DS-6985adc4-5c78-46be-95ff-e06fc6defb19/container.db]
2024-04-25 19:26:28,293 [ForkJoinPool.commonPool-worker-2] INFO  utils.DatanodeStoreCache (DatanodeStoreCache.java:removeDB(110)) - Removed db /home/runner/work/ozone/ozone/hadoop-ozone/integration-test/target/test-dir/MiniOzoneClusterImpl-f82f7a4c-b7ce-4bc7-bddc-b4ce9d407ba8/ozone-meta/datanode-3/data-0/hdds/f82f7a4c-b7ce-4bc7-bddc-b4ce9d407ba8/DS-0417ca2a-3836-4e74-9b27-97462ad037a8/container.db from cache
2024-04-25 19:26:28,293 [ForkJoinPool.commonPool-worker-2] INFO  volume.HddsVolume (HddsVolume.java:closeDbStore(470)) - SchemaV3 db is stopped at /home/runner/work/ozone/ozone/hadoop-ozone/integration-test/target/test-dir/MiniOzoneClusterImpl-f82f7a4c-b7ce-4bc7-bddc-b4ce9d407ba8/ozone-meta/datanode-3/data-0/hdds/f82f7a4c-b7ce-4bc7-bddc-b4ce9d407ba8/DS-0417ca2a-3836-4e74-9b27-97462ad037a8/container.db for volume DS-0417ca2a-3836-4e74-9b27-97462ad037a8
2024-04-25 19:26:28,293 [ForkJoinPool.commonPool-worker-2] INFO  utils.BackgroundService (BackgroundService.java:shutdown(160)) - Shutting down service BlockDeletingService
2024-04-25 19:26:28,294 [ForkJoinPool.commonPool-worker-2] INFO  utils.BackgroundService (BackgroundService.java:shutdown(160)) - Shutting down service StaleRecoveringContainerScrubbingService
2024-04-25 19:26:28,294 [ForkJoinPool.commonPool-worker-2] INFO  statemachine.DatanodeStateMachine (DatanodeStateMachine.java:stopDaemon(638)) - Ozone container server stopped.
2024-04-25 19:26:28,294 [ForkJoinPool.commonPool-worker-2] INFO  handler.ContextHandler (ContextHandler.java:doStop(1159)) - Stopped o.e.j.w.WebAppContext@6384a8{hddsDatanode,/,null,STOPPED}{file:/home/runner/work/ozone/ozone/hadoop-hdds/container-service/target/classes/webapps/hddsDatanode}
2024-04-25 19:26:28,294 [ForkJoinPool.commonPool-worker-2] INFO  server.AbstractConnector (AbstractConnector.java:doStop(383)) - Stopped ServerConnector@78dbb023{HTTP/1.1, (http/1.1)}{0.0.0.0:15294}
2024-04-25 19:26:28,294 [ForkJoinPool.commonPool-worker-2] INFO  server.session (HouseKeeper.java:stopScavenging(149)) - node0 Stopped scavenging
2024-04-25 19:26:28,295 [ForkJoinPool.commonPool-worker-2] INFO  handler.ContextHandler (ContextHandler.java:doStop(1159)) - Stopped o.e.j.s.ServletContextHandler@f94fc29{static,/static,file:///home/runner/work/ozone/ozone/hadoop-hdds/container-service/target/classes/webapps/static,STOPPED}
2024-04-25 19:26:28,295 [ForkJoinPool.commonPool-worker-2] INFO  handler.ContextHandler (ContextHandler.java:doStop(1159)) - Stopped o.e.j.s.ServletContextHandler@2eeb14d4{logs,/logs,file:///home/runner/work/ozone/ozone/hadoop-ozone/integration-test/target/log,STOPPED}
2024-04-25 19:26:28,295 [ForkJoinPool.commonPool-worker-2] INFO  ozone.HddsDatanodeClientProtocolServer (HddsDatanodeClientProtocolServer.java:stop(83)) - Stopping the RPC server for Client Protocol
2024-04-25 19:26:28,296 [ForkJoinPool.commonPool-worker-2] INFO  ipc.Server (Server.java:stop(3523)) - Stopping server on 15295
2024-04-25 19:26:28,296 [IPC Server listener on 15295] INFO  ipc.Server (Server.java:run(1434)) - Stopping IPC Server listener on 15295
2024-04-25 19:26:28,297 [IPC Server Responder] INFO  ipc.Server (Server.java:run(1567)) - Stopping IPC Server Responder
2024-04-25 19:26:28,297 [ForkJoinPool.commonPool-worker-2] INFO  ozoneimpl.OzoneContainer (OzoneContainer.java:stop(481)) - Attempting to stop container services.
2024-04-25 19:26:28,297 [ContainerMetadataScanner] WARN  ozoneimpl.AbstractBackgroundContainerScanner (AbstractBackgroundContainerScanner.java:handleRemainingSleep(134)) - Background container scan was interrupted.
2024-04-25 19:26:28,297 [ContainerMetadataScanner] INFO  ozoneimpl.AbstractBackgroundContainerScanner (AbstractBackgroundContainerScanner.java:run(61)) - Thread[ContainerMetadataScanner,5,main] exiting.
2024-04-25 19:26:28,297 [ForkJoinPool.commonPool-worker-2] INFO  ozoneimpl.BackgroundContainerDataScanner (BackgroundContainerDataScanner.java:shutdown(141)) - ContainerDataScanner(/home/runner/work/ozone/ozone/hadoop-ozone/integration-test/target/test-dir/MiniOzoneClusterImpl-f82f7a4c-b7ce-4bc7-bddc-b4ce9d407ba8/ozone-meta/datanode-5/data-0/hdds) is shutting down. 
2024-04-25 19:26:28,297 [ContainerDataScanner(/home/runner/work/ozone/ozone/hadoop-ozone/integration-test/target/test-dir/MiniOzoneClusterImpl-f82f7a4c-b7ce-4bc7-bddc-b4ce9d407ba8/ozone-meta/datanode-5/data-0/hdds)] WARN  ozoneimpl.AbstractBackgroundContainerScanner (AbstractBackgroundContainerScanner.java:handleRemainingSleep(134)) - Background container scan was interrupted.
2024-04-25 19:26:28,297 [ContainerDataScanner(/home/runner/work/ozone/ozone/hadoop-ozone/integration-test/target/test-dir/MiniOzoneClusterImpl-f82f7a4c-b7ce-4bc7-bddc-b4ce9d407ba8/ozone-meta/datanode-5/data-0/hdds)] INFO  ozoneimpl.AbstractBackgroundContainerScanner (AbstractBackgroundContainerScanner.java:run(61)) - ContainerDataScanner(/home/runner/work/ozone/ozone/hadoop-ozone/integration-test/target/test-dir/MiniOzoneClusterImpl-f82f7a4c-b7ce-4bc7-bddc-b4ce9d407ba8/ozone-meta/datanode-5/data-0/hdds, DS-455ea7ab-0b92-455e-8289-ac6fd881f40f) exiting.
2024-04-25 19:26:28,298 [ForkJoinPool.commonPool-worker-2] INFO  server.RaftServer (RaftServerProxy.java:lambda$close$9(416)) - c059e8ba-a531-47a3-a497-45c8f0b0c72e: close
2024-04-25 19:26:28,298 [c059e8ba-a531-47a3-a497-45c8f0b0c72e-impl-thread1] INFO  server.RaftServer$Division (RaftServerImpl.java:lambda$close$3(526)) - c059e8ba-a531-47a3-a497-45c8f0b0c72e@group-3D56868D618F: shutdown
2024-04-25 19:26:28,298 [c059e8ba-a531-47a3-a497-45c8f0b0c72e-impl-thread1] INFO  util.JmxRegister (JmxRegister.java:unregister(73)) - Successfully un-registered JMX Bean with object name Ratis:service=RaftServer,group=group-3D56868D618F,id=c059e8ba-a531-47a3-a497-45c8f0b0c72e
2024-04-25 19:26:28,298 [c059e8ba-a531-47a3-a497-45c8f0b0c72e-impl-thread1] INFO  impl.RoleInfo (RoleInfo.java:shutdownLeaderState(94)) - c059e8ba-a531-47a3-a497-45c8f0b0c72e: shutdown c059e8ba-a531-47a3-a497-45c8f0b0c72e@group-3D56868D618F-LeaderStateImpl
2024-04-25 19:26:28,298 [c059e8ba-a531-47a3-a497-45c8f0b0c72e-impl-thread1] INFO  impl.PendingRequests (PendingRequests.java:sendNotLeaderResponses(289)) - c059e8ba-a531-47a3-a497-45c8f0b0c72e@group-3D56868D618F-PendingRequests: sendNotLeaderResponses
2024-04-25 19:26:28,298 [c059e8ba-a531-47a3-a497-45c8f0b0c72e@group-3D56868D618F->020943f0-ab7d-43b4-aa7e-bd0cde918a3e-GrpcLogAppender-LogAppenderDaemon] WARN  server.GrpcLogAppender (GrpcLogAppender.java:mayWait(289)) - c059e8ba-a531-47a3-a497-45c8f0b0c72e@group-3D56868D618F->020943f0-ab7d-43b4-aa7e-bd0cde918a3e-GrpcLogAppender: Wait interrupted by java.lang.InterruptedException
2024-04-25 19:26:28,300 [c059e8ba-a531-47a3-a497-45c8f0b0c72e@group-3D56868D618F->38098fde-9f6f-4ad0-993c-715d8f2d4b32-GrpcLogAppender-LogAppenderDaemon] WARN  server.GrpcLogAppender (GrpcLogAppender.java:mayWait(289)) - c059e8ba-a531-47a3-a497-45c8f0b0c72e@group-3D56868D618F->38098fde-9f6f-4ad0-993c-715d8f2d4b32-GrpcLogAppender: Wait interrupted by java.lang.InterruptedException
2024-04-25 19:26:28,300 [c059e8ba-a531-47a3-a497-45c8f0b0c72e-impl-thread1] INFO  impl.StateMachineUpdater (StateMachineUpdater.java:stopAndJoin(157)) - c059e8ba-a531-47a3-a497-45c8f0b0c72e@group-3D56868D618F-StateMachineUpdater: set stopIndex = 0
2024-04-25 19:26:28,300 [c059e8ba-a531-47a3-a497-45c8f0b0c72e@group-3D56868D618F-StateMachineUpdater] INFO  ratis.ContainerStateMachine (ContainerStateMachine.java:takeSnapshot(355)) - group-3D56868D618F: Taking a snapshot at:(t:1, i:0) file /home/runner/work/ozone/ozone/hadoop-ozone/integration-test/target/test-dir/MiniOzoneClusterImpl-f82f7a4c-b7ce-4bc7-bddc-b4ce9d407ba8/ozone-meta/datanode-5/ratis/60c42758-0b39-42ff-b7dc-3d56868d618f/sm/snapshot.1_0
2024-04-25 19:26:28,300 [ForkJoinPool.commonPool-worker-2] INFO  server.GrpcService (GrpcService.java:closeImpl(311)) - c059e8ba-a531-47a3-a497-45c8f0b0c72e: shutdown server org.apache.ratis.grpc.server.GrpcClientProtocolService now
2024-04-25 19:26:28,300 [c059e8ba-a531-47a3-a497-45c8f0b0c72e@group-3D56868D618F-StateMachineUpdater] INFO  ratis.ContainerStateMachine (ContainerStateMachine.java:takeSnapshot(366)) - group-3D56868D618F: Finished taking a snapshot at:(t:1, i:0) file:/home/runner/work/ozone/ozone/hadoop-ozone/integration-test/target/test-dir/MiniOzoneClusterImpl-f82f7a4c-b7ce-4bc7-bddc-b4ce9d407ba8/ozone-meta/datanode-5/ratis/60c42758-0b39-42ff-b7dc-3d56868d618f/sm/snapshot.1_0 took: 0 ms
2024-04-25 19:26:28,301 [Thread-4915] INFO  server.GrpcServerProtocolClient (GrpcServerProtocolClient.java:close(103)) - 020943f0-ab7d-43b4-aa7e-bd0cde918a3e Close channels
2024-04-25 19:26:28,300 [c059e8ba-a531-47a3-a497-45c8f0b0c72e-impl-thread2] INFO  server.RaftServer$Division (RaftServerImpl.java:lambda$close$3(526)) - c059e8ba-a531-47a3-a497-45c8f0b0c72e@group-32E8EDDF7D95: shutdown
2024-04-25 19:26:28,301 [c059e8ba-a531-47a3-a497-45c8f0b0c72e@group-3D56868D618F-StateMachineUpdater] INFO  impl.StateMachineUpdater (StateMachineUpdater.java:takeSnapshot(295)) - c059e8ba-a531-47a3-a497-45c8f0b0c72e@group-3D56868D618F-StateMachineUpdater: Took a snapshot at index 0
2024-04-25 19:26:28,301 [c059e8ba-a531-47a3-a497-45c8f0b0c72e@group-3D56868D618F-StateMachineUpdater] INFO  impl.StateMachineUpdater (StateMachineUpdater.java:lambda$new$0(98)) - c059e8ba-a531-47a3-a497-45c8f0b0c72e@group-3D56868D618F-StateMachineUpdater: snapshotIndex: updateIncreasingly -1 -> 0
2024-04-25 19:26:28,301 [c059e8ba-a531-47a3-a497-45c8f0b0c72e-impl-thread2] INFO  util.JmxRegister (JmxRegister.java:unregister(73)) - Successfully un-registered JMX Bean with object name Ratis:service=RaftServer,group=group-32E8EDDF7D95,id=c059e8ba-a531-47a3-a497-45c8f0b0c72e
2024-04-25 19:26:28,301 [c059e8ba-a531-47a3-a497-45c8f0b0c72e-impl-thread2] INFO  impl.RoleInfo (RoleInfo.java:shutdownLeaderState(94)) - c059e8ba-a531-47a3-a497-45c8f0b0c72e: shutdown c059e8ba-a531-47a3-a497-45c8f0b0c72e@group-32E8EDDF7D95-LeaderStateImpl
2024-04-25 19:26:28,301 [c059e8ba-a531-47a3-a497-45c8f0b0c72e-impl-thread1] INFO  server.RaftServer$Division (ServerState.java:close(427)) - c059e8ba-a531-47a3-a497-45c8f0b0c72e@group-3D56868D618F: applyIndex: 0
2024-04-25 19:26:28,301 [Thread-4916] INFO  server.GrpcServerProtocolClient (GrpcServerProtocolClient.java:close(103)) - 38098fde-9f6f-4ad0-993c-715d8f2d4b32 Close channels
2024-04-25 19:26:28,301 [ForkJoinPool.commonPool-worker-2] INFO  server.GrpcService (GrpcService.java:closeImpl(320)) - c059e8ba-a531-47a3-a497-45c8f0b0c72e: shutdown server org.apache.ratis.grpc.server.GrpcClientProtocolService successfully
2024-04-25 19:26:28,301 [ForkJoinPool.commonPool-worker-2] INFO  server.GrpcService (GrpcService.java:closeImpl(311)) - c059e8ba-a531-47a3-a497-45c8f0b0c72e: shutdown server GrpcServerProtocolService now
2024-04-25 19:26:28,301 [c059e8ba-a531-47a3-a497-45c8f0b0c72e-impl-thread2] INFO  impl.PendingRequests (PendingRequests.java:sendNotLeaderResponses(289)) - c059e8ba-a531-47a3-a497-45c8f0b0c72e@group-32E8EDDF7D95-PendingRequests: sendNotLeaderResponses
2024-04-25 19:26:28,301 [c059e8ba-a531-47a3-a497-45c8f0b0c72e@group-3D56868D618F-cacheEviction-AwaitToRun] INFO  util.AwaitToRun (AwaitToRun.java:run(49)) - c059e8ba-a531-47a3-a497-45c8f0b0c72e@group-3D56868D618F-cacheEviction-AwaitToRun-AwaitForSignal is interrupted
2024-04-25 19:26:28,302 [c059e8ba-a531-47a3-a497-45c8f0b0c72e-impl-thread2] INFO  impl.StateMachineUpdater (StateMachineUpdater.java:stopAndJoin(157)) - c059e8ba-a531-47a3-a497-45c8f0b0c72e@group-32E8EDDF7D95-StateMachineUpdater: set stopIndex = 0
2024-04-25 19:26:28,302 [c059e8ba-a531-47a3-a497-45c8f0b0c72e@group-32E8EDDF7D95-StateMachineUpdater] INFO  ratis.ContainerStateMachine (ContainerStateMachine.java:takeSnapshot(355)) - group-32E8EDDF7D95: Taking a snapshot at:(t:1, i:0) file /home/runner/work/ozone/ozone/hadoop-ozone/integration-test/target/test-dir/MiniOzoneClusterImpl-f82f7a4c-b7ce-4bc7-bddc-b4ce9d407ba8/ozone-meta/datanode-5/ratis/8a0fae79-4a6e-4b4f-8c57-32e8eddf7d95/sm/snapshot.1_0
2024-04-25 19:26:28,303 [c059e8ba-a531-47a3-a497-45c8f0b0c72e@group-32E8EDDF7D95-StateMachineUpdater] INFO  ratis.ContainerStateMachine (ContainerStateMachine.java:takeSnapshot(366)) - group-32E8EDDF7D95: Finished taking a snapshot at:(t:1, i:0) file:/home/runner/work/ozone/ozone/hadoop-ozone/integration-test/target/test-dir/MiniOzoneClusterImpl-f82f7a4c-b7ce-4bc7-bddc-b4ce9d407ba8/ozone-meta/datanode-5/ratis/8a0fae79-4a6e-4b4f-8c57-32e8eddf7d95/sm/snapshot.1_0 took: 1 ms
2024-04-25 19:26:28,303 [c059e8ba-a531-47a3-a497-45c8f0b0c72e@group-32E8EDDF7D95-StateMachineUpdater] INFO  impl.StateMachineUpdater (StateMachineUpdater.java:takeSnapshot(295)) - c059e8ba-a531-47a3-a497-45c8f0b0c72e@group-32E8EDDF7D95-StateMachineUpdater: Took a snapshot at index 0
2024-04-25 19:26:28,303 [c059e8ba-a531-47a3-a497-45c8f0b0c72e@group-32E8EDDF7D95-StateMachineUpdater] INFO  impl.StateMachineUpdater (StateMachineUpdater.java:lambda$new$0(98)) - c059e8ba-a531-47a3-a497-45c8f0b0c72e@group-32E8EDDF7D95-StateMachineUpdater: snapshotIndex: updateIncreasingly -1 -> 0
2024-04-25 19:26:28,303 [ForkJoinPool.commonPool-worker-2] INFO  server.GrpcService (GrpcService.java:closeImpl(320)) - c059e8ba-a531-47a3-a497-45c8f0b0c72e: shutdown server GrpcServerProtocolService successfully
2024-04-25 19:26:28,303 [ForkJoinPool.commonPool-worker-2] INFO  server.GrpcService (GrpcService.java:closeImpl(311)) - c059e8ba-a531-47a3-a497-45c8f0b0c72e: shutdown server org.apache.ratis.grpc.server.GrpcAdminProtocolService now
2024-04-25 19:26:28,303 [c059e8ba-a531-47a3-a497-45c8f0b0c72e-impl-thread2] INFO  server.RaftServer$Division (ServerState.java:close(427)) - c059e8ba-a531-47a3-a497-45c8f0b0c72e@group-32E8EDDF7D95: applyIndex: 0
2024-04-25 19:26:28,303 [c059e8ba-a531-47a3-a497-45c8f0b0c72e@group-32E8EDDF7D95-cacheEviction-AwaitToRun] INFO  util.AwaitToRun (AwaitToRun.java:run(49)) - c059e8ba-a531-47a3-a497-45c8f0b0c72e@group-32E8EDDF7D95-cacheEviction-AwaitToRun-AwaitForSignal is interrupted
2024-04-25 19:26:28,304 [ForkJoinPool.commonPool-worker-2] INFO  server.GrpcService (GrpcService.java:closeImpl(320)) - c059e8ba-a531-47a3-a497-45c8f0b0c72e: shutdown server org.apache.ratis.grpc.server.GrpcAdminProtocolService successfully
2024-04-25 19:26:28,307 [c059e8ba-a531-47a3-a497-45c8f0b0c72e-NettyServerStreamRpc-bossGroup--thread1] INFO  logging.LoggingHandler (AbstractInternalLogger.java:log(148)) - [id: 0x9418446b, L:/0.0.0.0:15318] CLOSE
2024-04-25 19:26:28,307 [c059e8ba-a531-47a3-a497-45c8f0b0c72e-NettyServerStreamRpc-bossGroup--thread1] INFO  logging.LoggingHandler (AbstractInternalLogger.java:log(148)) - [id: 0x9418446b, L:/0.0.0.0:15318] INACTIVE
2024-04-25 19:26:28,307 [c059e8ba-a531-47a3-a497-45c8f0b0c72e-NettyServerStreamRpc-bossGroup--thread1] INFO  logging.LoggingHandler (AbstractInternalLogger.java:log(148)) - [id: 0x9418446b, L:/0.0.0.0:15318] UNREGISTERED
2024-04-25 19:26:28,405 [ForkJoinPool.commonPool-worker-3] INFO  utils.DatanodeStoreCache (DatanodeStoreCache.java:shutdownCache(116)) - Skip clearing cache in mini cluster mode. Entries left: [/home/runner/work/ozone/ozone/hadoop-ozone/integration-test/target/test-dir/MiniOzoneClusterImpl-f82f7a4c-b7ce-4bc7-bddc-b4ce9d407ba8/ozone-meta/datanode-1/data-0/hdds/f82f7a4c-b7ce-4bc7-bddc-b4ce9d407ba8/DS-17a4e9de-4788-4dde-83de-3c959ee81645/container.db, /home/runner/work/ozone/ozone/hadoop-ozone/integration-test/target/test-dir/MiniOzoneClusterImpl-f82f7a4c-b7ce-4bc7-bddc-b4ce9d407ba8/ozone-meta/datanode-4/data-0/hdds/f82f7a4c-b7ce-4bc7-bddc-b4ce9d407ba8/DS-7df831fa-3f58-49d3-89a5-b1982aace258/container.db, /home/runner/work/ozone/ozone/hadoop-ozone/integration-test/target/test-dir/MiniOzoneClusterImpl-f82f7a4c-b7ce-4bc7-bddc-b4ce9d407ba8/ozone-meta/datanode-5/data-0/hdds/f82f7a4c-b7ce-4bc7-bddc-b4ce9d407ba8/DS-455ea7ab-0b92-455e-8289-ac6fd881f40f/container.db, /home/runner/work/ozone/ozone/hadoop-ozone/integration-test/target/test-dir/MiniOzoneClusterImpl-f82f7a4c-b7ce-4bc7-bddc-b4ce9d407ba8/ozone-meta/datanode-6/data-0/hdds/f82f7a4c-b7ce-4bc7-bddc-b4ce9d407ba8/DS-22b00d7a-7303-4f54-8844-78969491cb16/container.db, /home/runner/work/ozone/ozone/hadoop-ozone/integration-test/target/test-dir/MiniOzoneClusterImpl-f82f7a4c-b7ce-4bc7-bddc-b4ce9d407ba8/ozone-meta/datanode-7/data-0/hdds/f82f7a4c-b7ce-4bc7-bddc-b4ce9d407ba8/DS-21339e86-6d57-4e25-bf79-109907f94477/container.db, /home/runner/work/ozone/ozone/hadoop-ozone/integration-test/target/test-dir/MiniOzoneClusterImpl-f82f7a4c-b7ce-4bc7-bddc-b4ce9d407ba8/ozone-meta/datanode-9/data-0/hdds/f82f7a4c-b7ce-4bc7-bddc-b4ce9d407ba8/DS-6985adc4-5c78-46be-95ff-e06fc6defb19/container.db]
2024-04-25 19:26:28,406 [ForkJoinPool.commonPool-worker-3] INFO  utils.DatanodeStoreCache (DatanodeStoreCache.java:removeDB(110)) - Removed db /home/runner/work/ozone/ozone/hadoop-ozone/integration-test/target/test-dir/MiniOzoneClusterImpl-f82f7a4c-b7ce-4bc7-bddc-b4ce9d407ba8/ozone-meta/datanode-4/data-0/hdds/f82f7a4c-b7ce-4bc7-bddc-b4ce9d407ba8/DS-7df831fa-3f58-49d3-89a5-b1982aace258/container.db from cache
2024-04-25 19:26:28,406 [ForkJoinPool.commonPool-worker-3] INFO  volume.HddsVolume (HddsVolume.java:closeDbStore(470)) - SchemaV3 db is stopped at /home/runner/work/ozone/ozone/hadoop-ozone/integration-test/target/test-dir/MiniOzoneClusterImpl-f82f7a4c-b7ce-4bc7-bddc-b4ce9d407ba8/ozone-meta/datanode-4/data-0/hdds/f82f7a4c-b7ce-4bc7-bddc-b4ce9d407ba8/DS-7df831fa-3f58-49d3-89a5-b1982aace258/container.db for volume DS-7df831fa-3f58-49d3-89a5-b1982aace258
2024-04-25 19:26:28,406 [ForkJoinPool.commonPool-worker-3] INFO  utils.BackgroundService (BackgroundService.java:shutdown(160)) - Shutting down service BlockDeletingService
2024-04-25 19:26:28,406 [ForkJoinPool.commonPool-worker-3] INFO  utils.BackgroundService (BackgroundService.java:shutdown(160)) - Shutting down service StaleRecoveringContainerScrubbingService
2024-04-25 19:26:28,406 [ForkJoinPool.commonPool-worker-3] INFO  statemachine.DatanodeStateMachine (DatanodeStateMachine.java:stopDaemon(638)) - Ozone container server stopped.
2024-04-25 19:26:28,407 [ForkJoinPool.commonPool-worker-3] INFO  handler.ContextHandler (ContextHandler.java:doStop(1159)) - Stopped o.e.j.w.WebAppContext@7db865a8{hddsDatanode,/,null,STOPPED}{file:/home/runner/work/ozone/ozone/hadoop-hdds/container-service/target/classes/webapps/hddsDatanode}
2024-04-25 19:26:28,407 [ForkJoinPool.commonPool-worker-3] INFO  server.AbstractConnector (AbstractConnector.java:doStop(383)) - Stopped ServerConnector@63ce19a{HTTP/1.1, (http/1.1)}{0.0.0.0:15303}
2024-04-25 19:26:28,407 [ForkJoinPool.commonPool-worker-3] INFO  server.session (HouseKeeper.java:stopScavenging(149)) - node0 Stopped scavenging
2024-04-25 19:26:28,407 [ForkJoinPool.commonPool-worker-3] INFO  handler.ContextHandler (ContextHandler.java:doStop(1159)) - Stopped o.e.j.s.ServletContextHandler@6cf5cb11{static,/static,file:///home/runner/work/ozone/ozone/hadoop-hdds/container-service/target/classes/webapps/static,STOPPED}
2024-04-25 19:26:28,407 [ForkJoinPool.commonPool-worker-3] INFO  handler.ContextHandler (ContextHandler.java:doStop(1159)) - Stopped o.e.j.s.ServletContextHandler@1b2574d0{logs,/logs,file:///home/runner/work/ozone/ozone/hadoop-ozone/integration-test/target/log,STOPPED}
2024-04-25 19:26:28,408 [ForkJoinPool.commonPool-worker-3] INFO  ozone.HddsDatanodeClientProtocolServer (HddsDatanodeClientProtocolServer.java:stop(83)) - Stopping the RPC server for Client Protocol
2024-04-25 19:26:28,408 [ForkJoinPool.commonPool-worker-3] INFO  ipc.Server (Server.java:stop(3523)) - Stopping server on 15304
2024-04-25 19:26:28,408 [IPC Server listener on 15304] INFO  ipc.Server (Server.java:run(1434)) - Stopping IPC Server listener on 15304
2024-04-25 19:26:28,408 [IPC Server Responder] INFO  ipc.Server (Server.java:run(1567)) - Stopping IPC Server Responder
2024-04-25 19:26:28,410 [ForkJoinPool.commonPool-worker-3] INFO  ozoneimpl.OzoneContainer (OzoneContainer.java:stop(481)) - Attempting to stop container services.
2024-04-25 19:26:28,410 [ContainerMetadataScanner] WARN  ozoneimpl.AbstractBackgroundContainerScanner (AbstractBackgroundContainerScanner.java:handleRemainingSleep(134)) - Background container scan was interrupted.
2024-04-25 19:26:28,410 [ContainerMetadataScanner] INFO  ozoneimpl.AbstractBackgroundContainerScanner (AbstractBackgroundContainerScanner.java:run(61)) - Thread[ContainerMetadataScanner,5,main] exiting.
2024-04-25 19:26:28,410 [ForkJoinPool.commonPool-worker-3] INFO  ozoneimpl.BackgroundContainerDataScanner (BackgroundContainerDataScanner.java:shutdown(141)) - ContainerDataScanner(/home/runner/work/ozone/ozone/hadoop-ozone/integration-test/target/test-dir/MiniOzoneClusterImpl-f82f7a4c-b7ce-4bc7-bddc-b4ce9d407ba8/ozone-meta/datanode-7/data-0/hdds) is shutting down. 
2024-04-25 19:26:28,410 [ContainerDataScanner(/home/runner/work/ozone/ozone/hadoop-ozone/integration-test/target/test-dir/MiniOzoneClusterImpl-f82f7a4c-b7ce-4bc7-bddc-b4ce9d407ba8/ozone-meta/datanode-7/data-0/hdds)] WARN  ozoneimpl.AbstractBackgroundContainerScanner (AbstractBackgroundContainerScanner.java:handleRemainingSleep(134)) - Background container scan was interrupted.
2024-04-25 19:26:28,410 [ContainerDataScanner(/home/runner/work/ozone/ozone/hadoop-ozone/integration-test/target/test-dir/MiniOzoneClusterImpl-f82f7a4c-b7ce-4bc7-bddc-b4ce9d407ba8/ozone-meta/datanode-7/data-0/hdds)] INFO  ozoneimpl.AbstractBackgroundContainerScanner (AbstractBackgroundContainerScanner.java:run(61)) - ContainerDataScanner(/home/runner/work/ozone/ozone/hadoop-ozone/integration-test/target/test-dir/MiniOzoneClusterImpl-f82f7a4c-b7ce-4bc7-bddc-b4ce9d407ba8/ozone-meta/datanode-7/data-0/hdds, DS-21339e86-6d57-4e25-bf79-109907f94477) exiting.
2024-04-25 19:26:28,410 [ForkJoinPool.commonPool-worker-3] INFO  server.RaftServer (RaftServerProxy.java:lambda$close$9(416)) - 9b9c1a32-defd-4a85-ab56-32b7a12f6bf5: close
2024-04-25 19:26:28,411 [9b9c1a32-defd-4a85-ab56-32b7a12f6bf5-impl-thread1] INFO  server.RaftServer$Division (RaftServerImpl.java:lambda$close$3(526)) - 9b9c1a32-defd-4a85-ab56-32b7a12f6bf5@group-2B44A231F595: shutdown
2024-04-25 19:26:28,411 [9b9c1a32-defd-4a85-ab56-32b7a12f6bf5-impl-thread1] INFO  util.JmxRegister (JmxRegister.java:unregister(73)) - Successfully un-registered JMX Bean with object name Ratis:service=RaftServer,group=group-2B44A231F595,id=9b9c1a32-defd-4a85-ab56-32b7a12f6bf5
2024-04-25 19:26:28,411 [ForkJoinPool.commonPool-worker-3] INFO  server.GrpcService (GrpcService.java:closeImpl(311)) - 9b9c1a32-defd-4a85-ab56-32b7a12f6bf5: shutdown server org.apache.ratis.grpc.server.GrpcClientProtocolService now
2024-04-25 19:26:28,411 [9b9c1a32-defd-4a85-ab56-32b7a12f6bf5-impl-thread1] INFO  impl.RoleInfo (RoleInfo.java:shutdownLeaderState(94)) - 9b9c1a32-defd-4a85-ab56-32b7a12f6bf5: shutdown 9b9c1a32-defd-4a85-ab56-32b7a12f6bf5@group-2B44A231F595-LeaderStateImpl
2024-04-25 19:26:28,411 [9b9c1a32-defd-4a85-ab56-32b7a12f6bf5-impl-thread2] INFO  server.RaftServer$Division (RaftServerImpl.java:lambda$close$3(526)) - 9b9c1a32-defd-4a85-ab56-32b7a12f6bf5@group-EBC75CBB34F5: shutdown
2024-04-25 19:26:28,411 [9b9c1a32-defd-4a85-ab56-32b7a12f6bf5-impl-thread1] INFO  impl.PendingRequests (PendingRequests.java:sendNotLeaderResponses(289)) - 9b9c1a32-defd-4a85-ab56-32b7a12f6bf5@group-2B44A231F595-PendingRequests: sendNotLeaderResponses
2024-04-25 19:26:28,411 [9b9c1a32-defd-4a85-ab56-32b7a12f6bf5-impl-thread2] INFO  util.JmxRegister (JmxRegister.java:unregister(73)) - Successfully un-registered JMX Bean with object name Ratis:service=RaftServer,group=group-EBC75CBB34F5,id=9b9c1a32-defd-4a85-ab56-32b7a12f6bf5
2024-04-25 19:26:28,411 [9b9c1a32-defd-4a85-ab56-32b7a12f6bf5-impl-thread2] INFO  impl.RoleInfo (RoleInfo.java:shutdownFollowerState(110)) - 9b9c1a32-defd-4a85-ab56-32b7a12f6bf5: shutdown 9b9c1a32-defd-4a85-ab56-32b7a12f6bf5@group-EBC75CBB34F5-FollowerState
2024-04-25 19:26:28,411 [9b9c1a32-defd-4a85-ab56-32b7a12f6bf5@group-EBC75CBB34F5-StateMachineUpdater] INFO  ratis.ContainerStateMachine (ContainerStateMachine.java:takeSnapshot(355)) - group-EBC75CBB34F5: Taking a snapshot at:(t:1, i:0) file /home/runner/work/ozone/ozone/hadoop-ozone/integration-test/target/test-dir/MiniOzoneClusterImpl-f82f7a4c-b7ce-4bc7-bddc-b4ce9d407ba8/ozone-meta/datanode-7/ratis/bc1db2aa-d5fb-421f-98e2-ebc75cbb34f5/sm/snapshot.1_0
2024-04-25 19:26:28,411 [9b9c1a32-defd-4a85-ab56-32b7a12f6bf5-impl-thread1] INFO  impl.StateMachineUpdater (StateMachineUpdater.java:stopAndJoin(157)) - 9b9c1a32-defd-4a85-ab56-32b7a12f6bf5@group-2B44A231F595-StateMachineUpdater: set stopIndex = 0
2024-04-25 19:26:28,411 [9b9c1a32-defd-4a85-ab56-32b7a12f6bf5@group-EBC75CBB34F5-FollowerState] INFO  impl.FollowerState (FollowerState.java:run(152)) - 9b9c1a32-defd-4a85-ab56-32b7a12f6bf5@group-EBC75CBB34F5-FollowerState was interrupted
2024-04-25 19:26:28,411 [9b9c1a32-defd-4a85-ab56-32b7a12f6bf5@group-2B44A231F595-StateMachineUpdater] INFO  ratis.ContainerStateMachine (ContainerStateMachine.java:takeSnapshot(355)) - group-2B44A231F595: Taking a snapshot at:(t:1, i:0) file /home/runner/work/ozone/ozone/hadoop-ozone/integration-test/target/test-dir/MiniOzoneClusterImpl-f82f7a4c-b7ce-4bc7-bddc-b4ce9d407ba8/ozone-meta/datanode-7/ratis/6d1582d6-d4c2-4462-94a6-2b44a231f595/sm/snapshot.1_0
2024-04-25 19:26:28,412 [Thread-4961] INFO  server.GrpcServerProtocolClient (GrpcServerProtocolClient.java:close(103)) - 88efce4d-fc58-43a4-abfe-18a1167c7495 Close channels
2024-04-25 19:26:28,412 [9b9c1a32-defd-4a85-ab56-32b7a12f6bf5-impl-thread2] INFO  impl.StateMachineUpdater (StateMachineUpdater.java:stopAndJoin(157)) - 9b9c1a32-defd-4a85-ab56-32b7a12f6bf5@group-EBC75CBB34F5-StateMachineUpdater: set stopIndex = 0
2024-04-25 19:26:28,412 [Thread-4962] INFO  server.GrpcServerProtocolClient (GrpcServerProtocolClient.java:close(103)) - 485a0214-1e55-4d9f-9e33-2b2fc5076c56 Close channels
2024-04-25 19:26:28,412 [9b9c1a32-defd-4a85-ab56-32b7a12f6bf5@group-EBC75CBB34F5-StateMachineUpdater] INFO  ratis.ContainerStateMachine (ContainerStateMachine.java:takeSnapshot(366)) - group-EBC75CBB34F5: Finished taking a snapshot at:(t:1, i:0) file:/home/runner/work/ozone/ozone/hadoop-ozone/integration-test/target/test-dir/MiniOzoneClusterImpl-f82f7a4c-b7ce-4bc7-bddc-b4ce9d407ba8/ozone-meta/datanode-7/ratis/bc1db2aa-d5fb-421f-98e2-ebc75cbb34f5/sm/snapshot.1_0 took: 1 ms
2024-04-25 19:26:28,412 [ForkJoinPool.commonPool-worker-3] INFO  server.GrpcService (GrpcService.java:closeImpl(320)) - 9b9c1a32-defd-4a85-ab56-32b7a12f6bf5: shutdown server org.apache.ratis.grpc.server.GrpcClientProtocolService successfully
2024-04-25 19:26:28,412 [ForkJoinPool.commonPool-worker-3] INFO  server.GrpcService (GrpcService.java:closeImpl(311)) - 9b9c1a32-defd-4a85-ab56-32b7a12f6bf5: shutdown server GrpcServerProtocolService now
2024-04-25 19:26:28,412 [9b9c1a32-defd-4a85-ab56-32b7a12f6bf5@group-2B44A231F595-StateMachineUpdater] INFO  ratis.ContainerStateMachine (ContainerStateMachine.java:takeSnapshot(366)) - group-2B44A231F595: Finished taking a snapshot at:(t:1, i:0) file:/home/runner/work/ozone/ozone/hadoop-ozone/integration-test/target/test-dir/MiniOzoneClusterImpl-f82f7a4c-b7ce-4bc7-bddc-b4ce9d407ba8/ozone-meta/datanode-7/ratis/6d1582d6-d4c2-4462-94a6-2b44a231f595/sm/snapshot.1_0 took: 1 ms
2024-04-25 19:26:28,412 [9b9c1a32-defd-4a85-ab56-32b7a12f6bf5@group-EBC75CBB34F5-StateMachineUpdater] INFO  impl.StateMachineUpdater (StateMachineUpdater.java:takeSnapshot(295)) - 9b9c1a32-defd-4a85-ab56-32b7a12f6bf5@group-EBC75CBB34F5-StateMachineUpdater: Took a snapshot at index 0
2024-04-25 19:26:28,412 [9b9c1a32-defd-4a85-ab56-32b7a12f6bf5@group-EBC75CBB34F5-StateMachineUpdater] INFO  impl.StateMachineUpdater (StateMachineUpdater.java:lambda$new$0(98)) - 9b9c1a32-defd-4a85-ab56-32b7a12f6bf5@group-EBC75CBB34F5-StateMachineUpdater: snapshotIndex: updateIncreasingly -1 -> 0
2024-04-25 19:26:28,413 [ForkJoinPool.commonPool-worker-3] INFO  server.GrpcService (GrpcService.java:closeImpl(320)) - 9b9c1a32-defd-4a85-ab56-32b7a12f6bf5: shutdown server GrpcServerProtocolService successfully
2024-04-25 19:26:28,413 [ForkJoinPool.commonPool-worker-3] INFO  server.GrpcService (GrpcService.java:closeImpl(311)) - 9b9c1a32-defd-4a85-ab56-32b7a12f6bf5: shutdown server org.apache.ratis.grpc.server.GrpcAdminProtocolService now
2024-04-25 19:26:28,412 [9b9c1a32-defd-4a85-ab56-32b7a12f6bf5@group-2B44A231F595-StateMachineUpdater] INFO  impl.StateMachineUpdater (StateMachineUpdater.java:takeSnapshot(295)) - 9b9c1a32-defd-4a85-ab56-32b7a12f6bf5@group-2B44A231F595-StateMachineUpdater: Took a snapshot at index 0
2024-04-25 19:26:28,413 [9b9c1a32-defd-4a85-ab56-32b7a12f6bf5@group-2B44A231F595-StateMachineUpdater] INFO  impl.StateMachineUpdater (StateMachineUpdater.java:lambda$new$0(98)) - 9b9c1a32-defd-4a85-ab56-32b7a12f6bf5@group-2B44A231F595-StateMachineUpdater: snapshotIndex: updateIncreasingly -1 -> 0
2024-04-25 19:26:28,413 [9b9c1a32-defd-4a85-ab56-32b7a12f6bf5-impl-thread2] INFO  server.RaftServer$Division (ServerState.java:close(427)) - 9b9c1a32-defd-4a85-ab56-32b7a12f6bf5@group-EBC75CBB34F5: applyIndex: 0
2024-04-25 19:26:28,413 [9b9c1a32-defd-4a85-ab56-32b7a12f6bf5-impl-thread1] INFO  server.RaftServer$Division (ServerState.java:close(427)) - 9b9c1a32-defd-4a85-ab56-32b7a12f6bf5@group-2B44A231F595: applyIndex: 0
2024-04-25 19:26:28,413 [9b9c1a32-defd-4a85-ab56-32b7a12f6bf5@group-EBC75CBB34F5-cacheEviction-AwaitToRun] INFO  util.AwaitToRun (AwaitToRun.java:run(49)) - 9b9c1a32-defd-4a85-ab56-32b7a12f6bf5@group-EBC75CBB34F5-cacheEviction-AwaitToRun-AwaitForSignal is interrupted
2024-04-25 19:26:28,413 [9b9c1a32-defd-4a85-ab56-32b7a12f6bf5@group-2B44A231F595-cacheEviction-AwaitToRun] INFO  util.AwaitToRun (AwaitToRun.java:run(49)) - 9b9c1a32-defd-4a85-ab56-32b7a12f6bf5@group-2B44A231F595-cacheEviction-AwaitToRun-AwaitForSignal is interrupted
2024-04-25 19:26:28,413 [ForkJoinPool.commonPool-worker-3] INFO  server.GrpcService (GrpcService.java:closeImpl(320)) - 9b9c1a32-defd-4a85-ab56-32b7a12f6bf5: shutdown server org.apache.ratis.grpc.server.GrpcAdminProtocolService successfully
2024-04-25 19:26:28,416 [9b9c1a32-defd-4a85-ab56-32b7a12f6bf5-NettyServerStreamRpc-bossGroup--thread1] INFO  logging.LoggingHandler (AbstractInternalLogger.java:log(148)) - [id: 0x1a143cfd, L:/0.0.0.0:15336] CLOSE
2024-04-25 19:26:28,416 [9b9c1a32-defd-4a85-ab56-32b7a12f6bf5-NettyServerStreamRpc-bossGroup--thread1] INFO  logging.LoggingHandler (AbstractInternalLogger.java:log(148)) - [id: 0x1a143cfd, L:/0.0.0.0:15336] INACTIVE
2024-04-25 19:26:28,416 [9b9c1a32-defd-4a85-ab56-32b7a12f6bf5-NettyServerStreamRpc-bossGroup--thread1] INFO  logging.LoggingHandler (AbstractInternalLogger.java:log(148)) - [id: 0x1a143cfd, L:/0.0.0.0:15336] UNREGISTERED
2024-04-25 19:26:28,490 [c059e8ba-a531-47a3-a497-45c8f0b0c72e-impl-thread2] INFO  segmented.SegmentedRaftLogWorker (SegmentedRaftLogWorker.java:close(245)) - c059e8ba-a531-47a3-a497-45c8f0b0c72e@group-32E8EDDF7D95-SegmentedRaftLogWorker close()
2024-04-25 19:26:28,539 [main] INFO  utils.DatanodeStoreCache (DatanodeStoreCache.java:shutdownCache(116)) - Skip clearing cache in mini cluster mode. Entries left: [/home/runner/work/ozone/ozone/hadoop-ozone/integration-test/target/test-dir/MiniOzoneClusterImpl-f82f7a4c-b7ce-4bc7-bddc-b4ce9d407ba8/ozone-meta/datanode-1/data-0/hdds/f82f7a4c-b7ce-4bc7-bddc-b4ce9d407ba8/DS-17a4e9de-4788-4dde-83de-3c959ee81645/container.db, /home/runner/work/ozone/ozone/hadoop-ozone/integration-test/target/test-dir/MiniOzoneClusterImpl-f82f7a4c-b7ce-4bc7-bddc-b4ce9d407ba8/ozone-meta/datanode-5/data-0/hdds/f82f7a4c-b7ce-4bc7-bddc-b4ce9d407ba8/DS-455ea7ab-0b92-455e-8289-ac6fd881f40f/container.db, /home/runner/work/ozone/ozone/hadoop-ozone/integration-test/target/test-dir/MiniOzoneClusterImpl-f82f7a4c-b7ce-4bc7-bddc-b4ce9d407ba8/ozone-meta/datanode-6/data-0/hdds/f82f7a4c-b7ce-4bc7-bddc-b4ce9d407ba8/DS-22b00d7a-7303-4f54-8844-78969491cb16/container.db, /home/runner/work/ozone/ozone/hadoop-ozone/integration-test/target/test-dir/MiniOzoneClusterImpl-f82f7a4c-b7ce-4bc7-bddc-b4ce9d407ba8/ozone-meta/datanode-7/data-0/hdds/f82f7a4c-b7ce-4bc7-bddc-b4ce9d407ba8/DS-21339e86-6d57-4e25-bf79-109907f94477/container.db, /home/runner/work/ozone/ozone/hadoop-ozone/integration-test/target/test-dir/MiniOzoneClusterImpl-f82f7a4c-b7ce-4bc7-bddc-b4ce9d407ba8/ozone-meta/datanode-9/data-0/hdds/f82f7a4c-b7ce-4bc7-bddc-b4ce9d407ba8/DS-6985adc4-5c78-46be-95ff-e06fc6defb19/container.db]
2024-04-25 19:26:28,540 [main] INFO  utils.DatanodeStoreCache (DatanodeStoreCache.java:removeDB(110)) - Removed db /home/runner/work/ozone/ozone/hadoop-ozone/integration-test/target/test-dir/MiniOzoneClusterImpl-f82f7a4c-b7ce-4bc7-bddc-b4ce9d407ba8/ozone-meta/datanode-6/data-0/hdds/f82f7a4c-b7ce-4bc7-bddc-b4ce9d407ba8/DS-22b00d7a-7303-4f54-8844-78969491cb16/container.db from cache
2024-04-25 19:26:28,540 [main] INFO  volume.HddsVolume (HddsVolume.java:closeDbStore(470)) - SchemaV3 db is stopped at /home/runner/work/ozone/ozone/hadoop-ozone/integration-test/target/test-dir/MiniOzoneClusterImpl-f82f7a4c-b7ce-4bc7-bddc-b4ce9d407ba8/ozone-meta/datanode-6/data-0/hdds/f82f7a4c-b7ce-4bc7-bddc-b4ce9d407ba8/DS-22b00d7a-7303-4f54-8844-78969491cb16/container.db for volume DS-22b00d7a-7303-4f54-8844-78969491cb16
2024-04-25 19:26:28,540 [main] INFO  utils.BackgroundService (BackgroundService.java:shutdown(160)) - Shutting down service BlockDeletingService
2024-04-25 19:26:28,541 [main] INFO  utils.BackgroundService (BackgroundService.java:shutdown(160)) - Shutting down service StaleRecoveringContainerScrubbingService
2024-04-25 19:26:28,541 [main] INFO  statemachine.DatanodeStateMachine (DatanodeStateMachine.java:stopDaemon(638)) - Ozone container server stopped.
2024-04-25 19:26:28,541 [main] INFO  handler.ContextHandler (ContextHandler.java:doStop(1159)) - Stopped o.e.j.w.WebAppContext@68eb7c52{hddsDatanode,/,null,STOPPED}{file:/home/runner/work/ozone/ozone/hadoop-hdds/container-service/target/classes/webapps/hddsDatanode}
2024-04-25 19:26:28,542 [main] INFO  server.AbstractConnector (AbstractConnector.java:doStop(383)) - Stopped ServerConnector@1eca66c7{HTTP/1.1, (http/1.1)}{0.0.0.0:15321}
2024-04-25 19:26:28,542 [main] INFO  server.session (HouseKeeper.java:stopScavenging(149)) - node0 Stopped scavenging
2024-04-25 19:26:28,542 [main] INFO  handler.ContextHandler (ContextHandler.java:doStop(1159)) - Stopped o.e.j.s.ServletContextHandler@4f6e663b{static,/static,file:///home/runner/work/ozone/ozone/hadoop-hdds/container-service/target/classes/webapps/static,STOPPED}
2024-04-25 19:26:28,542 [main] INFO  handler.ContextHandler (ContextHandler.java:doStop(1159)) - Stopped o.e.j.s.ServletContextHandler@3952be1b{logs,/logs,file:///home/runner/work/ozone/ozone/hadoop-ozone/integration-test/target/log,STOPPED}
2024-04-25 19:26:28,543 [main] INFO  ozone.HddsDatanodeClientProtocolServer (HddsDatanodeClientProtocolServer.java:stop(83)) - Stopping the RPC server for Client Protocol
2024-04-25 19:26:28,543 [main] INFO  ipc.Server (Server.java:stop(3523)) - Stopping server on 15322
2024-04-25 19:26:28,543 [IPC Server listener on 15322] INFO  ipc.Server (Server.java:run(1434)) - Stopping IPC Server listener on 15322
2024-04-25 19:26:28,544 [IPC Server Responder] INFO  ipc.Server (Server.java:run(1567)) - Stopping IPC Server Responder
2024-04-25 19:26:28,564 [c059e8ba-a531-47a3-a497-45c8f0b0c72e-impl-thread1] INFO  segmented.SegmentedRaftLogWorker (SegmentedRaftLogWorker.java:close(245)) - c059e8ba-a531-47a3-a497-45c8f0b0c72e@group-3D56868D618F-SegmentedRaftLogWorker close()
2024-04-25 19:26:28,564 [JvmPauseMonitor39] INFO  util.JvmPauseMonitor (JvmPauseMonitor.java:run(152)) - JvmPauseMonitor-c059e8ba-a531-47a3-a497-45c8f0b0c72e: Stopped
2024-04-25 19:26:28,634 [88efce4d-fc58-43a4-abfe-18a1167c7495-impl-thread2] INFO  segmented.SegmentedRaftLogWorker (SegmentedRaftLogWorker.java:close(245)) - 88efce4d-fc58-43a4-abfe-18a1167c7495@group-EBC75CBB34F5-SegmentedRaftLogWorker close()
2024-04-25 19:26:28,634 [JvmPauseMonitor43] INFO  util.JvmPauseMonitor (JvmPauseMonitor.java:run(152)) - JvmPauseMonitor-88efce4d-fc58-43a4-abfe-18a1167c7495: Stopped
2024-04-25 19:26:28,646 [9b9c1a32-defd-4a85-ab56-32b7a12f6bf5-impl-thread1] INFO  segmented.SegmentedRaftLogWorker (SegmentedRaftLogWorker.java:close(245)) - 9b9c1a32-defd-4a85-ab56-32b7a12f6bf5@group-2B44A231F595-SegmentedRaftLogWorker close()
2024-04-25 19:26:28,647 [9b9c1a32-defd-4a85-ab56-32b7a12f6bf5-impl-thread2] INFO  segmented.SegmentedRaftLogWorker (SegmentedRaftLogWorker.java:close(245)) - 9b9c1a32-defd-4a85-ab56-32b7a12f6bf5@group-EBC75CBB34F5-SegmentedRaftLogWorker close()
2024-04-25 19:26:28,647 [JvmPauseMonitor41] INFO  util.JvmPauseMonitor (JvmPauseMonitor.java:run(152)) - JvmPauseMonitor-9b9c1a32-defd-4a85-ab56-32b7a12f6bf5: Stopped
2024-04-25 19:26:29,235 [4945050d-eb1e-4df3-bd8a-540f8ab6232f-impl-thread2] INFO  segmented.SegmentedRaftLogWorker (SegmentedRaftLogWorker.java:close(245)) - 4945050d-eb1e-4df3-bd8a-540f8ab6232f@group-F88E56931252-SegmentedRaftLogWorker close()
2024-04-25 19:26:29,255 [4945050d-eb1e-4df3-bd8a-540f8ab6232f-impl-thread1] INFO  segmented.SegmentedRaftLogWorker (SegmentedRaftLogWorker.java:close(245)) - 4945050d-eb1e-4df3-bd8a-540f8ab6232f@group-6861FFED6B0C-SegmentedRaftLogWorker close()
2024-04-25 19:26:29,256 [JvmPauseMonitor35] INFO  util.JvmPauseMonitor (JvmPauseMonitor.java:run(152)) - JvmPauseMonitor-4945050d-eb1e-4df3-bd8a-540f8ab6232f: Stopped
2024-04-25 19:26:30,566 [ForkJoinPool.commonPool-worker-2] INFO  utils.DatanodeStoreCache (DatanodeStoreCache.java:shutdownCache(116)) - Skip clearing cache in mini cluster mode. Entries left: [/home/runner/work/ozone/ozone/hadoop-ozone/integration-test/target/test-dir/MiniOzoneClusterImpl-f82f7a4c-b7ce-4bc7-bddc-b4ce9d407ba8/ozone-meta/datanode-1/data-0/hdds/f82f7a4c-b7ce-4bc7-bddc-b4ce9d407ba8/DS-17a4e9de-4788-4dde-83de-3c959ee81645/container.db, /home/runner/work/ozone/ozone/hadoop-ozone/integration-test/target/test-dir/MiniOzoneClusterImpl-f82f7a4c-b7ce-4bc7-bddc-b4ce9d407ba8/ozone-meta/datanode-5/data-0/hdds/f82f7a4c-b7ce-4bc7-bddc-b4ce9d407ba8/DS-455ea7ab-0b92-455e-8289-ac6fd881f40f/container.db, /home/runner/work/ozone/ozone/hadoop-ozone/integration-test/target/test-dir/MiniOzoneClusterImpl-f82f7a4c-b7ce-4bc7-bddc-b4ce9d407ba8/ozone-meta/datanode-7/data-0/hdds/f82f7a4c-b7ce-4bc7-bddc-b4ce9d407ba8/DS-21339e86-6d57-4e25-bf79-109907f94477/container.db, /home/runner/work/ozone/ozone/hadoop-ozone/integration-test/target/test-dir/MiniOzoneClusterImpl-f82f7a4c-b7ce-4bc7-bddc-b4ce9d407ba8/ozone-meta/datanode-9/data-0/hdds/f82f7a4c-b7ce-4bc7-bddc-b4ce9d407ba8/DS-6985adc4-5c78-46be-95ff-e06fc6defb19/container.db]
2024-04-25 19:26:30,567 [ForkJoinPool.commonPool-worker-2] INFO  utils.DatanodeStoreCache (DatanodeStoreCache.java:removeDB(110)) - Removed db /home/runner/work/ozone/ozone/hadoop-ozone/integration-test/target/test-dir/MiniOzoneClusterImpl-f82f7a4c-b7ce-4bc7-bddc-b4ce9d407ba8/ozone-meta/datanode-5/data-0/hdds/f82f7a4c-b7ce-4bc7-bddc-b4ce9d407ba8/DS-455ea7ab-0b92-455e-8289-ac6fd881f40f/container.db from cache
2024-04-25 19:26:30,567 [ForkJoinPool.commonPool-worker-2] INFO  volume.HddsVolume (HddsVolume.java:closeDbStore(470)) - SchemaV3 db is stopped at /home/runner/work/ozone/ozone/hadoop-ozone/integration-test/target/test-dir/MiniOzoneClusterImpl-f82f7a4c-b7ce-4bc7-bddc-b4ce9d407ba8/ozone-meta/datanode-5/data-0/hdds/f82f7a4c-b7ce-4bc7-bddc-b4ce9d407ba8/DS-455ea7ab-0b92-455e-8289-ac6fd881f40f/container.db for volume DS-455ea7ab-0b92-455e-8289-ac6fd881f40f
2024-04-25 19:26:30,567 [ForkJoinPool.commonPool-worker-2] INFO  utils.BackgroundService (BackgroundService.java:shutdown(160)) - Shutting down service BlockDeletingService
2024-04-25 19:26:30,568 [ForkJoinPool.commonPool-worker-2] INFO  utils.BackgroundService (BackgroundService.java:shutdown(160)) - Shutting down service StaleRecoveringContainerScrubbingService
2024-04-25 19:26:30,568 [ForkJoinPool.commonPool-worker-2] INFO  statemachine.DatanodeStateMachine (DatanodeStateMachine.java:stopDaemon(638)) - Ozone container server stopped.
2024-04-25 19:26:30,568 [ForkJoinPool.commonPool-worker-2] INFO  handler.ContextHandler (ContextHandler.java:doStop(1159)) - Stopped o.e.j.w.WebAppContext@1a2b83b1{hddsDatanode,/,null,STOPPED}{file:/home/runner/work/ozone/ozone/hadoop-hdds/container-service/target/classes/webapps/hddsDatanode}
2024-04-25 19:26:30,569 [ForkJoinPool.commonPool-worker-2] INFO  server.AbstractConnector (AbstractConnector.java:doStop(383)) - Stopped ServerConnector@65782175{HTTP/1.1, (http/1.1)}{0.0.0.0:15312}
2024-04-25 19:26:30,569 [ForkJoinPool.commonPool-worker-2] INFO  server.session (HouseKeeper.java:stopScavenging(149)) - node0 Stopped scavenging
2024-04-25 19:26:30,569 [ForkJoinPool.commonPool-worker-2] INFO  handler.ContextHandler (ContextHandler.java:doStop(1159)) - Stopped o.e.j.s.ServletContextHandler@69063972{static,/static,file:///home/runner/work/ozone/ozone/hadoop-hdds/container-service/target/classes/webapps/static,STOPPED}
2024-04-25 19:26:30,569 [ForkJoinPool.commonPool-worker-2] INFO  handler.ContextHandler (ContextHandler.java:doStop(1159)) - Stopped o.e.j.s.ServletContextHandler@460dc324{logs,/logs,file:///home/runner/work/ozone/ozone/hadoop-ozone/integration-test/target/log,STOPPED}
2024-04-25 19:26:30,569 [ForkJoinPool.commonPool-worker-2] INFO  ozone.HddsDatanodeClientProtocolServer (HddsDatanodeClientProtocolServer.java:stop(83)) - Stopping the RPC server for Client Protocol
2024-04-25 19:26:30,569 [ForkJoinPool.commonPool-worker-2] INFO  ipc.Server (Server.java:stop(3523)) - Stopping server on 15313
2024-04-25 19:26:30,570 [IPC Server listener on 15313] INFO  ipc.Server (Server.java:run(1434)) - Stopping IPC Server listener on 15313
2024-04-25 19:26:30,572 [IPC Server Responder] INFO  ipc.Server (Server.java:run(1567)) - Stopping IPC Server Responder
2024-04-25 19:26:30,573 [timer0] WARN  server.GrpcLogAppender (LogUtils.java:warn(121)) - 88efce4d-fc58-43a4-abfe-18a1167c7495@group-EBC75CBB34F5->485a0214-1e55-4d9f-9e33-2b2fc5076c56-AppendLogResponseHandler: Failed appendEntries (Repeated 4 times in the last 5.000s): org.apache.ratis.thirdparty.io.grpc.StatusRuntimeException: UNAVAILABLE: io exception
2024-04-25 19:26:30,577 [timer1] WARN  server.GrpcLogAppender (GrpcLogAppender.java:lambda$resetClient$1(217)) - 88efce4d-fc58-43a4-abfe-18a1167c7495@group-EBC75CBB34F5->485a0214-1e55-4d9f-9e33-2b2fc5076c56-GrpcLogAppender: Follower failed (request=null, errorCount=4); keep nextIndex (1) unchanged and retry. (Repeated 4 times in the last 5.004s)
2024-04-25 19:26:30,578 [timer3] WARN  server.GrpcLogAppender (GrpcLogAppender.java:lambda$resetClient$1(217)) - c059e8ba-a531-47a3-a497-45c8f0b0c72e@group-3D56868D618F->38098fde-9f6f-4ad0-993c-715d8f2d4b32-GrpcLogAppender: Follower failed (request=null, errorCount=6); keep nextIndex (1) unchanged and retry. (Repeated 6 times in the last 5.001s)
2024-04-25 19:26:30,579 [timer2] WARN  server.GrpcLogAppender (LogUtils.java:warn(121)) - c059e8ba-a531-47a3-a497-45c8f0b0c72e@group-3D56868D618F->38098fde-9f6f-4ad0-993c-715d8f2d4b32-AppendLogResponseHandler: Failed appendEntries (Repeated 6 times in the last 5.002s): org.apache.ratis.thirdparty.io.grpc.StatusRuntimeException: UNAVAILABLE: io exception
2024-04-25 19:26:30,593 [timer5] WARN  server.GrpcLogAppender (GrpcLogAppender.java:lambda$resetClient$1(217)) - c059e8ba-a531-47a3-a497-45c8f0b0c72e@group-3D56868D618F->020943f0-ab7d-43b4-aa7e-bd0cde918a3e-GrpcLogAppender: Follower failed (request=null, errorCount=6); keep nextIndex (1) unchanged and retry. (Repeated 6 times in the last 5.000s)
2024-04-25 19:26:30,594 [timer4] WARN  server.GrpcLogAppender (LogUtils.java:warn(121)) - c059e8ba-a531-47a3-a497-45c8f0b0c72e@group-3D56868D618F->020943f0-ab7d-43b4-aa7e-bd0cde918a3e-AppendLogResponseHandler: Failed appendEntries (Repeated 6 times in the last 5.000s): org.apache.ratis.thirdparty.io.grpc.StatusRuntimeException: UNAVAILABLE: io exception
2024-04-25 19:26:30,636 [ForkJoinPool.commonPool-worker-1] INFO  utils.DatanodeStoreCache (DatanodeStoreCache.java:shutdownCache(116)) - Skip clearing cache in mini cluster mode. Entries left: [/home/runner/work/ozone/ozone/hadoop-ozone/integration-test/target/test-dir/MiniOzoneClusterImpl-f82f7a4c-b7ce-4bc7-bddc-b4ce9d407ba8/ozone-meta/datanode-1/data-0/hdds/f82f7a4c-b7ce-4bc7-bddc-b4ce9d407ba8/DS-17a4e9de-4788-4dde-83de-3c959ee81645/container.db, /home/runner/work/ozone/ozone/hadoop-ozone/integration-test/target/test-dir/MiniOzoneClusterImpl-f82f7a4c-b7ce-4bc7-bddc-b4ce9d407ba8/ozone-meta/datanode-7/data-0/hdds/f82f7a4c-b7ce-4bc7-bddc-b4ce9d407ba8/DS-21339e86-6d57-4e25-bf79-109907f94477/container.db, /home/runner/work/ozone/ozone/hadoop-ozone/integration-test/target/test-dir/MiniOzoneClusterImpl-f82f7a4c-b7ce-4bc7-bddc-b4ce9d407ba8/ozone-meta/datanode-9/data-0/hdds/f82f7a4c-b7ce-4bc7-bddc-b4ce9d407ba8/DS-6985adc4-5c78-46be-95ff-e06fc6defb19/container.db]
2024-04-25 19:26:30,637 [ForkJoinPool.commonPool-worker-1] INFO  utils.DatanodeStoreCache (DatanodeStoreCache.java:removeDB(110)) - Removed db /home/runner/work/ozone/ozone/hadoop-ozone/integration-test/target/test-dir/MiniOzoneClusterImpl-f82f7a4c-b7ce-4bc7-bddc-b4ce9d407ba8/ozone-meta/datanode-9/data-0/hdds/f82f7a4c-b7ce-4bc7-bddc-b4ce9d407ba8/DS-6985adc4-5c78-46be-95ff-e06fc6defb19/container.db from cache
2024-04-25 19:26:30,637 [ForkJoinPool.commonPool-worker-1] INFO  volume.HddsVolume (HddsVolume.java:closeDbStore(470)) - SchemaV3 db is stopped at /home/runner/work/ozone/ozone/hadoop-ozone/integration-test/target/test-dir/MiniOzoneClusterImpl-f82f7a4c-b7ce-4bc7-bddc-b4ce9d407ba8/ozone-meta/datanode-9/data-0/hdds/f82f7a4c-b7ce-4bc7-bddc-b4ce9d407ba8/DS-6985adc4-5c78-46be-95ff-e06fc6defb19/container.db for volume DS-6985adc4-5c78-46be-95ff-e06fc6defb19
2024-04-25 19:26:30,637 [ForkJoinPool.commonPool-worker-1] INFO  utils.BackgroundService (BackgroundService.java:shutdown(160)) - Shutting down service BlockDeletingService
2024-04-25 19:26:30,637 [ForkJoinPool.commonPool-worker-1] INFO  utils.BackgroundService (BackgroundService.java:shutdown(160)) - Shutting down service StaleRecoveringContainerScrubbingService
2024-04-25 19:26:30,637 [ForkJoinPool.commonPool-worker-1] INFO  statemachine.DatanodeStateMachine (DatanodeStateMachine.java:stopDaemon(638)) - Ozone container server stopped.
2024-04-25 19:26:30,638 [ForkJoinPool.commonPool-worker-1] INFO  handler.ContextHandler (ContextHandler.java:doStop(1159)) - Stopped o.e.j.w.WebAppContext@34d27e12{hddsDatanode,/,null,STOPPED}{file:/home/runner/work/ozone/ozone/hadoop-hdds/container-service/target/classes/webapps/hddsDatanode}
2024-04-25 19:26:30,638 [ForkJoinPool.commonPool-worker-1] INFO  server.AbstractConnector (AbstractConnector.java:doStop(383)) - Stopped ServerConnector@7488a9ac{HTTP/1.1, (http/1.1)}{0.0.0.0:15348}
2024-04-25 19:26:30,638 [ForkJoinPool.commonPool-worker-1] INFO  server.session (HouseKeeper.java:stopScavenging(149)) - node0 Stopped scavenging
2024-04-25 19:26:30,638 [ForkJoinPool.commonPool-worker-1] INFO  handler.ContextHandler (ContextHandler.java:doStop(1159)) - Stopped o.e.j.s.ServletContextHandler@16c5e7ad{static,/static,file:///home/runner/work/ozone/ozone/hadoop-hdds/container-service/target/classes/webapps/static,STOPPED}
2024-04-25 19:26:30,638 [ForkJoinPool.commonPool-worker-1] INFO  handler.ContextHandler (ContextHandler.java:doStop(1159)) - Stopped o.e.j.s.ServletContextHandler@4906fbd0{logs,/logs,file:///home/runner/work/ozone/ozone/hadoop-ozone/integration-test/target/log,STOPPED}
2024-04-25 19:26:30,639 [ForkJoinPool.commonPool-worker-1] INFO  ozone.HddsDatanodeClientProtocolServer (HddsDatanodeClientProtocolServer.java:stop(83)) - Stopping the RPC server for Client Protocol
2024-04-25 19:26:30,639 [ForkJoinPool.commonPool-worker-1] INFO  ipc.Server (Server.java:stop(3523)) - Stopping server on 15349
2024-04-25 19:26:30,639 [IPC Server listener on 15349] INFO  ipc.Server (Server.java:run(1434)) - Stopping IPC Server listener on 15349
2024-04-25 19:26:30,639 [IPC Server Responder] INFO  ipc.Server (Server.java:run(1567)) - Stopping IPC Server Responder
2024-04-25 19:26:30,649 [ForkJoinPool.commonPool-worker-3] INFO  utils.DatanodeStoreCache (DatanodeStoreCache.java:shutdownCache(116)) - Skip clearing cache in mini cluster mode. Entries left: [/home/runner/work/ozone/ozone/hadoop-ozone/integration-test/target/test-dir/MiniOzoneClusterImpl-f82f7a4c-b7ce-4bc7-bddc-b4ce9d407ba8/ozone-meta/datanode-1/data-0/hdds/f82f7a4c-b7ce-4bc7-bddc-b4ce9d407ba8/DS-17a4e9de-4788-4dde-83de-3c959ee81645/container.db, /home/runner/work/ozone/ozone/hadoop-ozone/integration-test/target/test-dir/MiniOzoneClusterImpl-f82f7a4c-b7ce-4bc7-bddc-b4ce9d407ba8/ozone-meta/datanode-7/data-0/hdds/f82f7a4c-b7ce-4bc7-bddc-b4ce9d407ba8/DS-21339e86-6d57-4e25-bf79-109907f94477/container.db]
2024-04-25 19:26:30,649 [ForkJoinPool.commonPool-worker-3] INFO  utils.DatanodeStoreCache (DatanodeStoreCache.java:removeDB(110)) - Removed db /home/runner/work/ozone/ozone/hadoop-ozone/integration-test/target/test-dir/MiniOzoneClusterImpl-f82f7a4c-b7ce-4bc7-bddc-b4ce9d407ba8/ozone-meta/datanode-7/data-0/hdds/f82f7a4c-b7ce-4bc7-bddc-b4ce9d407ba8/DS-21339e86-6d57-4e25-bf79-109907f94477/container.db from cache
2024-04-25 19:26:30,649 [ForkJoinPool.commonPool-worker-3] INFO  volume.HddsVolume (HddsVolume.java:closeDbStore(470)) - SchemaV3 db is stopped at /home/runner/work/ozone/ozone/hadoop-ozone/integration-test/target/test-dir/MiniOzoneClusterImpl-f82f7a4c-b7ce-4bc7-bddc-b4ce9d407ba8/ozone-meta/datanode-7/data-0/hdds/f82f7a4c-b7ce-4bc7-bddc-b4ce9d407ba8/DS-21339e86-6d57-4e25-bf79-109907f94477/container.db for volume DS-21339e86-6d57-4e25-bf79-109907f94477
2024-04-25 19:26:30,650 [ForkJoinPool.commonPool-worker-3] INFO  utils.BackgroundService (BackgroundService.java:shutdown(160)) - Shutting down service BlockDeletingService
2024-04-25 19:26:30,650 [ForkJoinPool.commonPool-worker-3] INFO  utils.BackgroundService (BackgroundService.java:shutdown(160)) - Shutting down service StaleRecoveringContainerScrubbingService
2024-04-25 19:26:30,650 [ForkJoinPool.commonPool-worker-3] INFO  statemachine.DatanodeStateMachine (DatanodeStateMachine.java:stopDaemon(638)) - Ozone container server stopped.
2024-04-25 19:26:30,650 [ForkJoinPool.commonPool-worker-3] INFO  handler.ContextHandler (ContextHandler.java:doStop(1159)) - Stopped o.e.j.w.WebAppContext@61772cb7{hddsDatanode,/,null,STOPPED}{file:/home/runner/work/ozone/ozone/hadoop-hdds/container-service/target/classes/webapps/hddsDatanode}
2024-04-25 19:26:30,651 [ForkJoinPool.commonPool-worker-3] INFO  server.AbstractConnector (AbstractConnector.java:doStop(383)) - Stopped ServerConnector@6900e105{HTTP/1.1, (http/1.1)}{0.0.0.0:15330}
2024-04-25 19:26:30,651 [ForkJoinPool.commonPool-worker-3] INFO  server.session (HouseKeeper.java:stopScavenging(149)) - node0 Stopped scavenging
2024-04-25 19:26:30,651 [ForkJoinPool.commonPool-worker-3] INFO  handler.ContextHandler (ContextHandler.java:doStop(1159)) - Stopped o.e.j.s.ServletContextHandler@4b7288f{static,/static,file:///home/runner/work/ozone/ozone/hadoop-hdds/container-service/target/classes/webapps/static,STOPPED}
2024-04-25 19:26:30,651 [ForkJoinPool.commonPool-worker-3] INFO  handler.ContextHandler (ContextHandler.java:doStop(1159)) - Stopped o.e.j.s.ServletContextHandler@53a470b5{logs,/logs,file:///home/runner/work/ozone/ozone/hadoop-ozone/integration-test/target/log,STOPPED}
2024-04-25 19:26:30,651 [ForkJoinPool.commonPool-worker-3] INFO  ozone.HddsDatanodeClientProtocolServer (HddsDatanodeClientProtocolServer.java:stop(83)) - Stopping the RPC server for Client Protocol
2024-04-25 19:26:30,652 [ForkJoinPool.commonPool-worker-3] INFO  ipc.Server (Server.java:stop(3523)) - Stopping server on 15331
2024-04-25 19:26:30,652 [IPC Server Responder] INFO  ipc.Server (Server.java:run(1567)) - Stopping IPC Server Responder
2024-04-25 19:26:30,652 [IPC Server listener on 15331] INFO  ipc.Server (Server.java:run(1434)) - Stopping IPC Server listener on 15331
2024-04-25 19:26:31,258 [ForkJoinPool.commonPool-worker-4] INFO  utils.DatanodeStoreCache (DatanodeStoreCache.java:shutdownCache(116)) - Skip clearing cache in mini cluster mode. Entries left: [/home/runner/work/ozone/ozone/hadoop-ozone/integration-test/target/test-dir/MiniOzoneClusterImpl-f82f7a4c-b7ce-4bc7-bddc-b4ce9d407ba8/ozone-meta/datanode-1/data-0/hdds/f82f7a4c-b7ce-4bc7-bddc-b4ce9d407ba8/DS-17a4e9de-4788-4dde-83de-3c959ee81645/container.db]
2024-04-25 19:26:31,259 [ForkJoinPool.commonPool-worker-4] INFO  utils.DatanodeStoreCache (DatanodeStoreCache.java:removeDB(110)) - Removed db /home/runner/work/ozone/ozone/hadoop-ozone/integration-test/target/test-dir/MiniOzoneClusterImpl-f82f7a4c-b7ce-4bc7-bddc-b4ce9d407ba8/ozone-meta/datanode-1/data-0/hdds/f82f7a4c-b7ce-4bc7-bddc-b4ce9d407ba8/DS-17a4e9de-4788-4dde-83de-3c959ee81645/container.db from cache
2024-04-25 19:26:31,259 [ForkJoinPool.commonPool-worker-4] INFO  volume.HddsVolume (HddsVolume.java:closeDbStore(470)) - SchemaV3 db is stopped at /home/runner/work/ozone/ozone/hadoop-ozone/integration-test/target/test-dir/MiniOzoneClusterImpl-f82f7a4c-b7ce-4bc7-bddc-b4ce9d407ba8/ozone-meta/datanode-1/data-0/hdds/f82f7a4c-b7ce-4bc7-bddc-b4ce9d407ba8/DS-17a4e9de-4788-4dde-83de-3c959ee81645/container.db for volume DS-17a4e9de-4788-4dde-83de-3c959ee81645
2024-04-25 19:26:31,259 [ForkJoinPool.commonPool-worker-4] INFO  utils.BackgroundService (BackgroundService.java:shutdown(160)) - Shutting down service BlockDeletingService
2024-04-25 19:26:31,260 [ForkJoinPool.commonPool-worker-4] INFO  utils.BackgroundService (BackgroundService.java:shutdown(160)) - Shutting down service StaleRecoveringContainerScrubbingService
2024-04-25 19:26:31,260 [ForkJoinPool.commonPool-worker-4] INFO  statemachine.DatanodeStateMachine (DatanodeStateMachine.java:stopDaemon(638)) - Ozone container server stopped.
2024-04-25 19:26:31,260 [ForkJoinPool.commonPool-worker-4] INFO  handler.ContextHandler (ContextHandler.java:doStop(1159)) - Stopped o.e.j.w.WebAppContext@5381deec{hddsDatanode,/,null,STOPPED}{file:/home/runner/work/ozone/ozone/hadoop-hdds/container-service/target/classes/webapps/hddsDatanode}
2024-04-25 19:26:31,261 [ForkJoinPool.commonPool-worker-4] INFO  server.AbstractConnector (AbstractConnector.java:doStop(383)) - Stopped ServerConnector@58ca3439{HTTP/1.1, (http/1.1)}{0.0.0.0:15276}
2024-04-25 19:26:31,261 [ForkJoinPool.commonPool-worker-4] INFO  server.session (HouseKeeper.java:stopScavenging(149)) - node0 Stopped scavenging
2024-04-25 19:26:31,261 [ForkJoinPool.commonPool-worker-4] INFO  handler.ContextHandler (ContextHandler.java:doStop(1159)) - Stopped o.e.j.s.ServletContextHandler@4c85eb6b{static,/static,file:///home/runner/work/ozone/ozone/hadoop-hdds/container-service/target/classes/webapps/static,STOPPED}
2024-04-25 19:26:31,261 [ForkJoinPool.commonPool-worker-4] INFO  handler.ContextHandler (ContextHandler.java:doStop(1159)) - Stopped o.e.j.s.ServletContextHandler@38e26e29{logs,/logs,file:///home/runner/work/ozone/ozone/hadoop-ozone/integration-test/target/log,STOPPED}
2024-04-25 19:26:31,262 [ForkJoinPool.commonPool-worker-4] INFO  ozone.HddsDatanodeClientProtocolServer (HddsDatanodeClientProtocolServer.java:stop(83)) - Stopping the RPC server for Client Protocol
2024-04-25 19:26:31,262 [ForkJoinPool.commonPool-worker-4] INFO  ipc.Server (Server.java:stop(3523)) - Stopping server on 15277
2024-04-25 19:26:31,262 [IPC Server listener on 15277] INFO  ipc.Server (Server.java:run(1434)) - Stopping IPC Server listener on 15277
2024-04-25 19:26:31,262 [IPC Server Responder] INFO  ipc.Server (Server.java:run(1567)) - Stopping IPC Server Responder
2024-04-25 19:26:31,263 [main] INFO  ozone.MiniOzoneClusterImpl (MiniOzoneClusterImpl.java:stopSCM(486)) - Stopping the StorageContainerManager
2024-04-25 19:26:31,263 [main] INFO  server.StorageContainerManager (StorageContainerManager.java:stop(1653)) - Container Balancer is not running.
2024-04-25 19:26:31,263 [main] INFO  server.StorageContainerManager (StorageContainerManager.java:stopReplicationManager(1786)) - Stopping Replication Manager Service.
2024-04-25 19:26:31,263 [main] INFO  replication.ReplicationManager (ReplicationManager.java:stop(328)) - Stopping Replication Monitor Thread.
2024-04-25 19:26:31,263 [main] INFO  server.StorageContainerManager (StorageContainerManager.java:stop(1662)) - Stopping the Datanode Admin Monitor.
2024-04-25 19:26:31,263 [ReplicationMonitor] INFO  replication.ReplicationManager (ReplicationManager.java:run(935)) - Replication Monitor Thread is stopped
2024-04-25 19:26:31,263 [UnderReplicatedProcessor] WARN  replication.UnhealthyReplicationProcessor (UnhealthyReplicationProcessor.java:run(180)) - UnderReplicatedProcessor interrupted. Exiting...
2024-04-25 19:26:31,263 [OverReplicatedProcessor] WARN  replication.UnhealthyReplicationProcessor (UnhealthyReplicationProcessor.java:run(180)) - OverReplicatedProcessor interrupted. Exiting...
2024-04-25 19:26:31,263 [main] INFO  server.StorageContainerManager (StorageContainerManager.java:stop(1669)) - Stopping datanode service RPC server
2024-04-25 19:26:31,264 [main] INFO  server.SCMDatanodeProtocolServer (SCMDatanodeProtocolServer.java:stop(425)) - Stopping the RPC server for DataNodes
2024-04-25 19:26:31,264 [main] INFO  ipc.Server (Server.java:stop(3523)) - Stopping server on 15269
2024-04-25 19:26:31,265 [IPC Server listener on 15269] INFO  ipc.Server (Server.java:run(1434)) - Stopping IPC Server listener on 15269
2024-04-25 19:26:31,265 [IPC Server Responder] INFO  ipc.Server (Server.java:run(1567)) - Stopping IPC Server Responder
2024-04-25 19:26:31,281 [SCMHeartbeatProcessor-0] WARN  node.NodeStateManager (NodeStateManager.java:scheduleNextHealthCheck(878)) - Current Thread is interrupted, shutting down HB processing thread for Node Manager.
2024-04-25 19:26:31,281 [main] INFO  server.StorageContainerManager (StorageContainerManager.java:stop(1677)) - Stopping block service RPC server
2024-04-25 19:26:31,281 [main] INFO  server.SCMBlockProtocolServer (SCMBlockProtocolServer.java:stop(171)) - Stopping the RPC server for Block Protocol
2024-04-25 19:26:31,281 [main] INFO  ipc.Server (Server.java:stop(3523)) - Stopping server on 15268
2024-04-25 19:26:31,283 [IPC Server Responder] INFO  ipc.Server (Server.java:run(1567)) - Stopping IPC Server Responder
2024-04-25 19:26:31,283 [main] INFO  server.StorageContainerManager (StorageContainerManager.java:stop(1684)) - Stopping the StorageContainerLocationProtocol RPC server
2024-04-25 19:26:31,283 [IPC Server listener on 15268] INFO  ipc.Server (Server.java:run(1434)) - Stopping IPC Server listener on 15268
2024-04-25 19:26:31,283 [main] INFO  server.SCMClientProtocolServer (SCMClientProtocolServer.java:stop(213)) - Stopping the RPC server for Client Protocol
2024-04-25 19:26:31,283 [main] INFO  ipc.Server (Server.java:stop(3523)) - Stopping server on 15267
2024-04-25 19:26:31,285 [IPC Server listener on 15267] INFO  ipc.Server (Server.java:run(1434)) - Stopping IPC Server listener on 15267
2024-04-25 19:26:31,285 [main] INFO  server.StorageContainerManager (StorageContainerManager.java:stop(1691)) - Stopping Storage Container Manager HTTP server.
2024-04-25 19:26:31,285 [IPC Server Responder] INFO  ipc.Server (Server.java:run(1567)) - Stopping IPC Server Responder
2024-04-25 19:26:31,286 [main] INFO  handler.ContextHandler (ContextHandler.java:doStop(1159)) - Stopped o.e.j.w.WebAppContext@18d90d06{scm,/,null,STOPPED}{file:/home/runner/work/ozone/ozone/hadoop-ozone/integration-test/target/test-classes/webapps/scm}
2024-04-25 19:26:31,286 [main] INFO  server.AbstractConnector (AbstractConnector.java:doStop(383)) - Stopped ServerConnector@8caf364{HTTP/1.1, (http/1.1)}{0.0.0.0:15270}
2024-04-25 19:26:31,286 [main] INFO  server.session (HouseKeeper.java:stopScavenging(149)) - node0 Stopped scavenging
2024-04-25 19:26:31,287 [main] INFO  handler.ContextHandler (ContextHandler.java:doStop(1159)) - Stopped o.e.j.s.ServletContextHandler@7e983867{static,/static,file:///home/runner/work/ozone/ozone/hadoop-ozone/integration-test/target/test-classes/webapps/static,STOPPED}
2024-04-25 19:26:31,287 [main] INFO  handler.ContextHandler (ContextHandler.java:doStop(1159)) - Stopped o.e.j.s.ServletContextHandler@26234101{logs,/logs,file:///home/runner/work/ozone/ozone/hadoop-ozone/integration-test/target/log,STOPPED}
2024-04-25 19:26:31,288 [main] INFO  server.StorageContainerManager (StorageContainerManager.java:stop(1699)) - Stopping SCM LayoutVersionManager Service.
2024-04-25 19:26:31,288 [main] INFO  server.StorageContainerManager (StorageContainerManager.java:stop(1711)) - Stopping Block Manager Service.
2024-04-25 19:26:31,288 [main] INFO  utils.BackgroundService (BackgroundService.java:shutdown(160)) - Shutting down service SCMBlockDeletingService
2024-04-25 19:26:31,288 [main] INFO  utils.BackgroundService (BackgroundService.java:shutdown(160)) - Shutting down service SCMBlockDeletingService
2024-04-25 19:26:31,288 [main] INFO  server.StorageContainerManager (StorageContainerManager.java:stop(1731)) - Stopping SCM Event Queue.
2024-04-25 19:26:31,289 [JvmPauseMonitor33] INFO  util.JvmPauseMonitor (JvmPauseMonitor.java:run(152)) - JvmPauseMonitor-3be3e128-fdf0-4a97-8f58-dba47862f786: Stopped
2024-04-25 19:26:31,289 [main] INFO  server.StorageContainerManager (StorageContainerManager.java:stop(1742)) - Stopping SCM HA services.
2024-04-25 19:26:31,289 [main] INFO  pipeline.BackgroundPipelineCreator (BackgroundPipelineCreator.java:stop(152)) - Stopping RatisPipelineUtilsThread.
2024-04-25 19:26:31,289 [RatisPipelineUtilsThread-0] WARN  pipeline.BackgroundPipelineCreator (BackgroundPipelineCreator.java:run(183)) - RatisPipelineUtilsThread is interrupted.
2024-04-25 19:26:31,291 [main] INFO  BackgroundPipelineScrubber (BackgroundSCMService.java:stop(128)) - Stopping BackgroundPipelineScrubber Service.
2024-04-25 19:26:31,291 [BackgroundPipelineScrubber] WARN  BackgroundPipelineScrubber (BackgroundSCMService.java:run(112)) - BackgroundPipelineScrubber is interrupted, exit
2024-04-25 19:26:31,292 [main] INFO  impl.MetricsSystemImpl (MetricsSystemImpl.java:stop(210)) - Stopping HddsDatanode metrics system...
2024-04-25 19:26:31,295 [prometheus] INFO  impl.MetricsSinkAdapter (MetricsSinkAdapter.java:publishMetricsFromQueue(141)) - prometheus thread interrupted.
2024-04-25 19:26:31,295 [main] INFO  impl.MetricsSystemImpl (MetricsSystemImpl.java:stop(216)) - HddsDatanode metrics system stopped.
2024-04-25 19:26:31,296 [main] WARN  pipeline.BackgroundPipelineCreator (BackgroundPipelineCreator.java:stop(148)) - RatisPipelineUtilsThread is not running, just ignore.
2024-04-25 19:26:31,296 [main] INFO  BackgroundPipelineScrubber (BackgroundSCMService.java:stop(123)) - BackgroundPipelineScrubber Service is not running, skip stop.
2024-04-25 19:26:31,296 [main] INFO  ExpiredContainerReplicaOpScrubber (BackgroundSCMService.java:stop(128)) - Stopping ExpiredContainerReplicaOpScrubber Service.
2024-04-25 19:26:31,296 [main] INFO  utils.BackgroundService (BackgroundService.java:shutdown(160)) - Shutting down service SCMBlockDeletingService
2024-04-25 19:26:31,296 [main] INFO  replication.ReplicationManager (ReplicationManager.java:stop(338)) - Replication Monitor Thread is not running.
2024-04-25 19:26:31,296 [main] WARN  balancer.ContainerBalancer (ContainerBalancer.java:stop(327)) - Cannot stop Container Balancer because it's not running or stopping
2024-04-25 19:26:31,296 [main] INFO  server.StorageContainerManager (StorageContainerManager.java:stop(1777)) - Stopping SCM MetadataStore.
2024-04-25 19:26:31,296 [LeaseManager#LeaseMonitor] WARN  lease.LeaseManager (LeaseManager.java:run(287)) - Lease manager is interrupted. Shutting down...
java.lang.InterruptedException
	at java.base/java.util.concurrent.locks.AbstractQueuedSynchronizer.tryAcquireSharedNanos(AbstractQueuedSynchronizer.java:1081)
	at java.base/java.util.concurrent.Semaphore.tryAcquire(Semaphore.java:415)
	at org.apache.hadoop.ozone.lease.LeaseManager$LeaseMonitor.run(LeaseManager.java:285)
	at java.base/java.lang.Thread.run(Thread.java:840)
2024-04-25 19:26:31,300 [ExpiredContainerReplicaOpScrubber] WARN  ExpiredContainerReplicaOpScrubber (BackgroundSCMService.java:run(112)) - ExpiredContainerReplicaOpScrubber is interrupted, exit
]]></system-out>
    </flakyError>
  </testcase>
</testsuite>